2025-10-03 11:31:07,447 - distributed.nanny - INFO -         Start Nanny at: 'tcp://192.168.86.140:45646'
2025-10-03 11:31:08,880 - distributed.worker - INFO -       Start worker at: tcp://192.168.86.140:43947
2025-10-03 11:31:08,881 - distributed.worker - INFO -          Listening to: tcp://192.168.86.140:43947
2025-10-03 11:31:08,881 - distributed.worker - INFO -           Worker name:            SLURMCluster-11
2025-10-03 11:31:08,881 - distributed.worker - INFO -          dashboard at:       192.168.86.140:44531
2025-10-03 11:31:08,881 - distributed.worker - INFO - Waiting to connect to: tcp://192.168.86.108:45752
2025-10-03 11:31:08,881 - distributed.worker - INFO - -------------------------------------------------
2025-10-03 11:31:08,881 - distributed.worker - INFO -               Threads:                          1
2025-10-03 11:31:08,881 - distributed.worker - INFO -                Memory:                   9.31 GiB
2025-10-03 11:31:08,881 - distributed.worker - INFO -       Local Directory: /home1/zrentala/dask-worker-space/dask-scratch-space/worker-p0_n_x4j
2025-10-03 11:31:08,881 - distributed.worker - INFO - -------------------------------------------------
2025-10-03 11:31:09,319 - distributed.worker - INFO - Starting Worker plugin shuffle
2025-10-03 11:31:09,319 - distributed.worker - INFO -         Registered to: tcp://192.168.86.108:45752
2025-10-03 11:31:09,319 - distributed.worker - INFO - -------------------------------------------------
2025-10-03 11:31:09,320 - distributed.core - INFO - Starting established connection to tcp://192.168.86.108:45752
[I 2025-10-03 11:31:09,419] A new study created in memory with name: no-name-49543162-eb9a-4d73-8d80-177ddcf0493f
[I 2025-10-03 11:31:12,105] Trial 0 finished with values: [0.1277140441975607, 0.0005165196356543983, 0.00023994230799064082, 0.0005049671486325483, 0.0011658515320157221, 0.0005546885124524733, 0.000413859302261798, 0.00045785952071979624, 0.0025129312194444005, 0.00020695029239789243, 0.0001005302329092278, 0.0001897777886778308, 0.009053730761061448, 0.012206353710405276, 0.0, 0.0061671968778224985, 0.006916570171217008, 0.0007924837597270898, 3.539535070001967e-05, 0.0022587719066475805, 0.0006102718456427762, 0.0002446096546791185, 0.0005063670163237954, 0.002533093635945861, 0.0014754712414858952, 0.00040141059934298447, 0.00022513167448324315, 0.0032398648141767016, 0.006440449176212143] and parameters: {'lag_0': 0.6136150799421524, 'lag_1': 0.3679529388730807, 'lag_2': 0.02143286802890387, 'lag_3': 0.3880047902565127, 'lag_4': 0.07705839267300915, 'lag_5': 0.7792725280876313, 'lag_6': 0.8439533869953937, 'lag_7': 0.012010477462363956, 'lag_8': 0.7118396996420749, 'lag_9': 0.7322776842979842, 'lag_10': 0.4811735933914254, 'lag_11': 0.2521117988704642, 'lag_12': 0.3718462566096754, 'lag_13': 0.3765012974706425, 'lag_14': 0.8725538486602332, 'lag_15': 0.744529702344441, 'lag_16': 0.4342394759001654, 'lag_17': 0.28296901751661185, 'lag_18': 0.38855290078099886, 'lag_19': 0.16871138141681577, 'lag_20': 0.9301169052555163, 'lag_21': 0.30906921193158826, 'lag_22': 0.7429681176018625, 'lag_23': 0.9005100459376909, 'lag_24': 0.18619366158301076, 'lag_25': 0.05866762602291899, 'lag_26': 0.3027754927758138, 'lag_27': 0.07885862527699038, 'lag_28': 0.7232821471863492}.
[I 2025-10-03 11:31:14,767] Trial 1 finished with values: [0.1379591836734694, 0.001529705085956902, 0.0008061179399885571, 0.00023028373521071497, 0.0027115771169838885, 0.0002720847004848166, 0.0001583542883696866, 0.000348639393849593, 0.0022658830968453015, 0.000338436895160281, 0.00015773894645434262, 2.959810929327436e-05, 0.008778136585931533, 0.01103620844319426, 0.0, 0.008943566037122024, 0.006463959327586907, 0.0007767346641270299, 0.000318825740763761, 0.0019863488986730164, 0.0008447248242725309, 0.0004717176432863777, 0.00047367710040513276, 0.0019518873940017017, 0.001766916664879541, 0.00021221327785547604, 0.00029822639430843797, 0.0026050109454280267, 0.006225578745186181] and parameters: {'lag_0': 0.6977510303757212, 'lag_1': 0.07220672950694089, 'lag_2': 0.003929551375148869, 'lag_3': 0.10386779817135418, 'lag_4': 0.8957819288754086, 'lag_5': 0.38021267785937535, 'lag_6': 0.7356110360836879, 'lag_7': 0.15635564019956869, 'lag_8': 0.46415835391461496, 'lag_9': 0.19441550879859845, 'lag_10': 0.7038907982018621, 'lag_11': 0.955039339939271, 'lag_12': 0.4518844679576787, 'lag_13': 0.40829200507659846, 'lag_14': 0.38149586511152594, 'lag_15': 0.09805349686655306, 'lag_16': 0.764362302063025, 'lag_17': 0.5381704960972, 'lag_18': 0.6690036378152072, 'lag_19': 0.25061881012988946, 'lag_20': 0.995757691259736, 'lag_21': 0.480581798073831, 'lag_22': 0.040848171571909175, 'lag_23': 0.33342408070077945, 'lag_24': 0.08543027664583983, 'lag_25': 0.35989395093469784, 'lag_26': 0.6050458033979337, 'lag_27': 0.15685763135197747, 'lag_28': 0.6103565673758262}.
[I 2025-10-03 11:31:17,411] Trial 2 finished with values: [0.12081632653061225, 0.002652789897343597, 0.0014859730081140596, 0.0020432699782160237, 0.0014811165800554253, 0.00047354728492951395, 0.0007526567534382447, 0.0005826541376891268, 0.00241750100717843, 0.0003577808748387942, 4.250714847399717e-05, 0.00023982693541368242, 0.009309884992234072, 0.011511173322652423, 0.0, 0.0038601836792813244, 0.006588036839277325, 0.0012712361209810373, 7.450386000822292e-05, 0.0016205983688071675, 0.0006239870572304252, 0.0004068645477172062, 0.00041866268068601427, 0.002516065586697587, 0.0018586257209232723, 0.00012936827708659758, 0.0005167446427534709, 0.003037830238866203, 0.006446765216796146] and parameters: {'lag_0': 0.6782848639022916, 'lag_1': 0.5156212736895478, 'lag_2': 0.2558062267200143, 'lag_3': 0.5648982446353917, 'lag_4': 0.11185173241531528, 'lag_5': 0.5836107215327434, 'lag_6': 0.1826330882791717, 'lag_7': 0.4575245191668465, 'lag_8': 0.863572366400559, 'lag_9': 0.89139768286903, 'lag_10': 0.5316730123510921, 'lag_11': 0.6835666943374468, 'lag_12': 0.2448890884961242, 'lag_13': 0.3974605208073245, 'lag_14': 0.5288739200753871, 'lag_15': 0.5212458138324944, 'lag_16': 0.520344259589641, 'lag_17': 0.13113823132201755, 'lag_18': 0.451678633763388, 'lag_19': 0.3825420175509973, 'lag_20': 0.07034073337712944, 'lag_21': 0.5085431639133083, 'lag_22': 0.5851020044049376, 'lag_23': 0.9805472173844955, 'lag_24': 0.1993539844051309, 'lag_25': 0.4769326943587358, 'lag_26': 0.8305508645365337, 'lag_27': 0.483534924835386, 'lag_28': 0.45874162433070376}.
[I 2025-10-03 11:31:20,047] Trial 3 finished with values: [0.09161989795918368, 0.0024188282155310093, 0.0009597882911526681, 0.0004687572465428685, 0.0020547152875330555, 0.0004895540063155332, 0.0002498735953250892, 0.0005017549348554636, 0.0027961046764768092, 0.00014417135205787066, 5.591885016433352e-05, 0.00016051650616942734, 0.009360258456552499, 0.011531289909549382, 0.0, 0.004443905038341438, 0.0057342269937136715, 0.0007936272353718677, 5.8435042919462965e-05, 0.002432894765873674, 0.0005429197896765701, 0.00010642926615935181, 0.00047863564179353584, 0.0015995424550195943, 0.0018954834296590662, 4.9608224050630964e-05, 9.020920549608182e-05, 0.0027915940248923942, 0.007010884716664956] and parameters: {'lag_0': 0.35384955372405646, 'lag_1': 0.7212880945067216, 'lag_2': 0.17425348010754152, 'lag_3': 0.17286342600217752, 'lag_4': 0.8045170367844182, 'lag_5': 0.04168141677419373, 'lag_6': 0.03116542550340616, 'lag_7': 0.16717378435539323, 'lag_8': 0.8636148063700899, 'lag_9': 0.35237318962421, 'lag_10': 0.9570793626308746, 'lag_11': 0.022088947478673817, 'lag_12': 0.7585448999993774, 'lag_13': 0.0859832411271715, 'lag_14': 0.6999819492058984, 'lag_15': 0.09771174691077543, 'lag_16': 0.712759818375222, 'lag_17': 0.4336415338985837, 'lag_18': 0.7786750798091189, 'lag_19': 0.7466812895886908, 'lag_20': 0.47379321260694923, 'lag_21': 0.503037685012014, 'lag_22': 0.25907435036348275, 'lag_23': 0.8043325236262204, 'lag_24': 0.5226192487753097, 'lag_25': 0.7058396911026192, 'lag_26': 0.17447910255703866, 'lag_27': 0.21865203131279676, 'lag_28': 0.6629574979741459}.
[I 2025-10-03 11:31:22,699] Trial 4 finished with values: [0.09662035345206342, 0.0004665329865637605, 0.0013052403148020825, 0.0019056986814241935, 0.0009971768339441466, 0.00026725366313996114, 0.0009314907694553728, 0.0003461342865012861, 0.0031213829495461065, 0.0002873990117528147, 7.131317322031644e-05, 0.0003081922088588787, 0.006423666091380319, 0.011358636140917911, 0.0, 0.005302040542209981, 0.0066951473418308885, 0.0013418389924103001, 0.00032283140440085605, 0.001176755002030502, 0.0008096601065822296, 0.00028862302045811535, 0.0009548306815617532, 0.002352357679974223, 0.002016074076608883, 0.00019537742044790294, 0.00031022278521884776, 0.0027928144250554347, 0.008820053100671216] and parameters: {'lag_0': 0.005573047043920428, 'lag_1': 0.3972182405280302, 'lag_2': 0.41954958814769094, 'lag_3': 0.43833824422040707, 'lag_4': 0.3528643656146904, 'lag_5': 0.8356017637263864, 'lag_6': 0.26678616770141034, 'lag_7': 0.09321545352668434, 'lag_8': 0.05991323773690582, 'lag_9': 0.6675577586252117, 'lag_10': 0.28598521934957555, 'lag_11': 0.14887473853489663, 'lag_12': 0.1176875973930203, 'lag_13': 0.7475061028883943, 'lag_14': 0.44974898495808274, 'lag_15': 0.49094843195668136, 'lag_16': 0.4628215532663331, 'lag_17': 0.06352664952754278, 'lag_18': 0.40182280418939953, 'lag_19': 0.5122085310848207, 'lag_20': 0.8029031600671748, 'lag_21': 0.6969148325635947, 'lag_22': 0.18277279417357187, 'lag_23': 0.4489076127115144, 'lag_24': 0.4733409961005087, 'lag_25': 0.1383183660256749, 'lag_26': 0.9719751404429051, 'lag_27': 0.36031412381289457, 'lag_28': 0.20500190110172473}.
[I 2025-10-03 11:31:25,340] Trial 5 finished with values: [0.11875283446712019, 0.0023069650538681554, 0.002147634899433514, 0.000616130820639905, 0.001426098350559785, 0.0005553012498386824, 0.00018156372095234612, 0.0005012756743699342, 0.0030123341302790273, 0.0002870117538065928, 0.00021078901551384045, 7.508150315091386e-05, 0.009418332048397959, 0.012459523828707377, 0.0, 0.006513151869341547, 0.008161581359439438, 0.0008331201171976754, 0.0001141714932373404, 0.0014526949812098278, 0.0011181095272844775, 0.0005234141345953617, 0.0004473163063235557, 0.001854645716298973, 0.002110638771628958, 0.0001313519482698472, 0.0004582380566642617, 0.002948728255896956, 0.002485525110377032] and parameters: {'lag_0': 0.07811227625944327, 'lag_1': 0.5700487554141193, 'lag_2': 0.32155201434582364, 'lag_3': 0.07792682455927336, 'lag_4': 0.6517488205254733, 'lag_5': 0.9356008429954743, 'lag_6': 0.8231305178342154, 'lag_7': 0.2012583943944876, 'lag_8': 0.674063643812762, 'lag_9': 0.5159491308796266, 'lag_10': 0.8534293520841484, 'lag_11': 0.15946403885039304, 'lag_12': 0.3752748436561249, 'lag_13': 0.6169248434656807, 'lag_14': 0.7125213597430351, 'lag_15': 0.44446235970697145, 'lag_16': 0.8141102197983721, 'lag_17': 0.5026005728012688, 'lag_18': 0.40432342388843207, 'lag_19': 0.2442044378044126, 'lag_20': 0.6798731196561263, 'lag_21': 0.1331350489275516, 'lag_22': 0.6225349286934406, 'lag_23': 0.49994463098942343, 'lag_24': 0.8449121653811525, 'lag_25': 0.9970729988555079, 'lag_26': 0.565165422142686, 'lag_27': 0.49461119830051425, 'lag_28': 0.9706133040576961}.
[I 2025-10-03 11:31:27,975] Trial 6 finished with values: [0.1004591836734694, 0.0022830717523849853, 0.00024884862558632165, 0.0001930220542266171, 0.0010410223413884253, 0.00025251049148150394, 0.0003217767263012088, 0.0003292398308451166, 0.0034269500498376694, 0.00027924496647302563, 0.00046090321428573393, 6.969652996159864e-05, 0.0068582179124332355, 0.010348786647135452, 0.0, 0.006426098854158062, 0.006805608891977254, 0.0007023949911260147, 0.0001492335404839834, 0.0019132397387479246, 0.0010673872773681922, 0.00022003262717829047, 0.0007609469616992405, 0.0019054425257240923, 0.0019536025315100803, 0.00028492956440050534, 0.00024508010026196307, 0.002525125806359733, 0.005576616171132582] and parameters: {'lag_0': 0.08311968537366278, 'lag_1': 0.6437672322709524, 'lag_2': 0.6830515325273875, 'lag_3': 0.9850703783817828, 'lag_4': 0.9344077998776611, 'lag_5': 0.27996622777406877, 'lag_6': 0.6361476517303037, 'lag_7': 0.052627872551231414, 'lag_8': 0.5449565346367894, 'lag_9': 0.29090732465279373, 'lag_10': 0.22483086464339777, 'lag_11': 0.38536462122723475, 'lag_12': 0.4884620179839531, 'lag_13': 0.9937935725282558, 'lag_14': 0.15594790904100544, 'lag_15': 0.5746897858737366, 'lag_16': 0.3879119350587662, 'lag_17': 0.6908372821401042, 'lag_18': 0.6451794991288039, 'lag_19': 0.23450819004198453, 'lag_20': 0.15581134100870708, 'lag_21': 0.7540902467217366, 'lag_22': 0.7996113449437033, 'lag_23': 0.42379102521638357, 'lag_24': 0.4114524450385923, 'lag_25': 0.49381115521204794, 'lag_26': 0.5613234908255657, 'lag_27': 0.99435299996781, 'lag_28': 0.8965077440829365}.
[I 2025-10-03 11:31:30,616] Trial 7 finished with values: [0.1379591836734694, 0.000947341284766317, 0.001038414254220599, 0.001617774154758045, 0.0022761260450780414, 0.00028699986312310654, 0.0001439537300950458, 0.0004730188630986276, 0.003211590801640482, 0.00012820819415367232, 0.00035268672686122014, 0.00022342544174380933, 0.009385610881574118, 0.010466229060421562, 0.0, 0.005411801487308039, 0.00868706142044656, 0.0009950711343346956, 5.753227928284604e-05, 0.002008194248530652, 0.0009609784689965324, 0.0006185678675339235, 0.0007187697140625639, 0.0021515753903205933, 0.0012952062104556938, 0.00020891082039810492, 4.913668186748648e-05, 0.0018928985412981492, 0.004752914538259429] and parameters: {'lag_0': 0.23283037474889032, 'lag_1': 0.7931557386146019, 'lag_2': 0.793002850904127, 'lag_3': 0.533934698074809, 'lag_4': 0.814637992037252, 'lag_5': 0.7300316134920066, 'lag_6': 0.3337088684260785, 'lag_7': 0.4936833484828938, 'lag_8': 0.37375694147863786, 'lag_9': 0.08123712384695857, 'lag_10': 0.2119388862466581, 'lag_11': 0.38483772532217536, 'lag_12': 0.12313308874496483, 'lag_13': 0.43085531334720545, 'lag_14': 0.3527438663329833, 'lag_15': 0.6850152676673663, 'lag_16': 0.279698257461387, 'lag_17': 0.754982086055083, 'lag_18': 0.8540488686446579, 'lag_19': 0.5800392974268511, 'lag_20': 0.11447467311118337, 'lag_21': 0.7492611639525917, 'lag_22': 0.21169092654551894, 'lag_23': 0.8601900847698376, 'lag_24': 0.12202186893503374, 'lag_25': 0.5507013232446368, 'lag_26': 0.5002025846908831, 'lag_27': 0.4948624114692263, 'lag_28': 0.6344813797476344}.
[I 2025-10-03 11:31:33,270] Trial 8 finished with values: [0.10522801713277907, 0.001625437110870237, 0.00016229145718592828, 0.000715952099007445, 0.003896524835066298, 0.0006701853580832487, 0.00036007012640206155, 0.00012457787020165342, 0.0039026234471072696, 0.0001914844423459811, 9.636093318494703e-05, 0.00012227599788540677, 0.007588128535054285, 0.011416572104196674, 0.0, 0.004084619323762343, 0.009090942656676445, 0.0011033207217216415, 0.00014492414531488163, 0.0011534842019597302, 0.001133413576881821, 0.0002933899779422152, 0.00043004171632695184, 0.0019063757573179417, 0.0014373187828719456, 0.00016434297563198882, 0.00032417181049583705, 0.002382320426098236, 0.00736031897255382] and parameters: {'lag_0': 0.309766973530829, 'lag_1': 0.45189752032257147, 'lag_2': 0.416171102597766, 'lag_3': 0.5908667796704069, 'lag_4': 0.9221810937604947, 'lag_5': 0.2843944597846956, 'lag_6': 0.7764117615680436, 'lag_7': 0.46126003703737684, 'lag_8': 0.9822885086600704, 'lag_9': 0.5588043804384646, 'lag_10': 0.015846118517286158, 'lag_11': 0.08777155643803343, 'lag_12': 0.9484908053547917, 'lag_13': 0.5565943903137995, 'lag_14': 0.925596455337638, 'lag_15': 0.3741330519845227, 'lag_16': 0.2765935524910353, 'lag_17': 0.8570878889581713, 'lag_18': 0.7031995210604082, 'lag_19': 0.2989768727120827, 'lag_20': 0.4625695950933706, 'lag_21': 0.6211660861770104, 'lag_22': 0.5668763448589214, 'lag_23': 0.8580895021346306, 'lag_24': 0.37735219016970295, 'lag_25': 0.7815305749466847, 'lag_26': 0.8606752306434524, 'lag_27': 0.6288058788102039, 'lag_28': 0.5661092688444488}.
[I 2025-10-03 11:31:36,018] Trial 9 finished with values: [0.11541591868228776, 0.0017972459946108666, 0.001022481483523878, 0.0014519787419152524, 0.0019166081579767573, 0.0007162876531276544, 0.0008398955454541286, 0.00035938616042645733, 0.002160516810577392, 0.00012094994850838526, 0.00012716451363989944, 0.00017410841930999137, 0.008426869565501514, 0.01049100364926808, 0.0, 0.005036700458038964, 0.007315364738041478, 0.0010826148305257423, 0.00012399408817585325, 0.0018147193153256337, 0.0007327214529363106, 0.00033452826503396776, 0.0005072165879168808, 0.0016883147419741143, 0.0022339119276395016, 0.00016995331267101338, 0.00038965363341866664, 0.0023109092310215273, 0.004056754754484485] and parameters: {'lag_0': 0.02419056622717741, 'lag_1': 0.044260865861758175, 'lag_2': 0.5492881687335488, 'lag_3': 0.26744209166940136, 'lag_4': 0.2689594000357623, 'lag_5': 0.01627449566623608, 'lag_6': 0.3682041297666878, 'lag_7': 0.4743131756081023, 'lag_8': 0.15037402193921393, 'lag_9': 0.1255180326290703, 'lag_10': 0.6720902262077162, 'lag_11': 0.8416209590997542, 'lag_12': 0.6903451957885859, 'lag_13': 0.025786998643552796, 'lag_14': 0.3601499280741818, 'lag_15': 0.6607925903666015, 'lag_16': 0.15288304971738348, 'lag_17': 0.404742797367762, 'lag_18': 0.7106609728844078, 'lag_19': 0.08166366444479332, 'lag_20': 0.09946581701698755, 'lag_21': 0.8527385302093081, 'lag_22': 0.9812140794061839, 'lag_23': 0.7236931129864219, 'lag_24': 0.30838057345949016, 'lag_25': 0.13697878765691396, 'lag_26': 0.6533414071224255, 'lag_27': 0.9734690374716287, 'lag_28': 0.24949212837075896}.
[I 2025-10-03 11:31:38,671] Trial 10 finished with values: [0.11624489795918366, 0.0016194779206635476, 0.0015056155498919142, 0.0005560363169291715, 0.0038759320825487984, 0.00033262344541223584, 0.0003809546521591452, 0.0005103844190046393, 0.0017044630315025781, 0.00033852124975754754, 0.00014523385517258396, 8.399176180506065e-05, 0.009993549715331321, 0.011111492514450408, 0.0, 0.00705581952491034, 0.006257976591673387, 0.0009946493741328833, 0.000165249518764067, 0.0017051547686277237, 0.0005808989893386091, 0.00023944651776419056, 0.0008407897930782513, 0.0027504325620195183, 0.0015437778400703593, 0.00045083920080852825, 0.0002856181116543943, 0.002620625620814715, 0.0076059840752265686] and parameters: {'lag_0': 0.6673960648544877, 'lag_1': 0.38114811616644967, 'lag_2': 0.9405352004371788, 'lag_3': 0.88121431719692, 'lag_4': 0.05380238824902739, 'lag_5': 0.34303280134253566, 'lag_6': 0.9458814423838935, 'lag_7': 0.11857761825122883, 'lag_8': 0.6337404688558206, 'lag_9': 0.9198390301254009, 'lag_10': 0.7003726336471338, 'lag_11': 0.5768174082181128, 'lag_12': 0.11820376673508644, 'lag_13': 0.8031075356439911, 'lag_14': 0.3666558164653448, 'lag_15': 0.6436003719272063, 'lag_16': 0.860874599556438, 'lag_17': 0.20619676247465304, 'lag_18': 0.4536542801914557, 'lag_19': 0.0718336410591893, 'lag_20': 0.36987835012811116, 'lag_21': 0.18099880817777786, 'lag_22': 0.47169551216046707, 'lag_23': 0.3362922015296231, 'lag_24': 0.12832821181361423, 'lag_25': 0.909660850966738, 'lag_26': 0.9949177695678241, 'lag_27': 0.49149813343615495, 'lag_28': 0.3524559046284091}.
[I 2025-10-03 11:31:41,322] Trial 11 finished with values: [0.11106324011085918, 0.0015611320307473326, 0.0001915205604301654, 0.000547159793525026, 0.002241718353433099, 0.0005973533254139765, 0.00020119822484016573, 5.059527682507591e-05, 0.003086773047253277, 0.00025006201222931116, 0.00024551322006429843, 0.00021900101500666068, 0.009191384095028973, 0.010330642122457042, 0.0, 0.005073781823940566, 0.008082505125662776, 0.0013622186087192908, 8.68119609575595e-05, 0.0024945786255453186, 0.0008606124369368369, 0.0005455174828542516, 0.0005038594198909657, 0.0020890037005457064, 0.002315294165739087, 4.880876606343464e-05, 0.0001919527559144202, 0.0031447250933980585, 0.00895979169689363] and parameters: {'lag_0': 0.1368632612394523, 'lag_1': 0.2489729938607062, 'lag_2': 0.21686970519357968, 'lag_3': 0.9126194851168808, 'lag_4': 0.8733588702283642, 'lag_5': 0.4050535582889868, 'lag_6': 0.2875335288938589, 'lag_7': 0.5401618262016205, 'lag_8': 0.5728381340171417, 'lag_9': 0.043167172170697, 'lag_10': 0.3433970227232049, 'lag_11': 0.18217536620398125, 'lag_12': 0.7208024637163781, 'lag_13': 0.15827032674949162, 'lag_14': 0.6337741019042125, 'lag_15': 0.48202763902219825, 'lag_16': 0.31075884493735084, 'lag_17': 0.3158413645435885, 'lag_18': 0.15481408814365993, 'lag_19': 0.7804689519783244, 'lag_20': 0.0803553325595558, 'lag_21': 0.877939855547949, 'lag_22': 0.4586954541680981, 'lag_23': 0.3818689128436793, 'lag_24': 0.026306771800950608, 'lag_25': 0.19495966974402998, 'lag_26': 0.7188007074830549, 'lag_27': 0.9551370566909314, 'lag_28': 0.5655472705884335}.
