[I 2025-09-29 13:24:10,075] Trial 45 finished with value: 0.004134059588857149 and parameters: {'lag_0': 0.4120973788850049, 'lag_1': 0.47323054154974137, 'lag_2': 0.7995636791260514, 'lag_3': 0.9129180338064, 'lag_4': 0.8885362722363346, 'lag_5': 0.15031922193520164, 'lag_6': 0.5319354648777469, 'lag_7': 0.13074841188193803, 'lag_8': 0.15048469258489033, 'lag_9': 0.9424965761588744, 'lag_10': 0.6450768071500101, 'lag_11': 0.7264945514650368, 'lag_12': 0.08726016551157148, 'lag_13': 0.47400058791932886, 'lag_14': 0.8013835830134013, 'lag_15': 0.09539249354165363, 'lag_16': 0.31679487391835404, 'lag_17': 0.6004894761877888, 'lag_18': 0.16626667104325038, 'lag_19': 0.5512930043495566, 'lag_20': 0.6971069842540337, 'lag_21': 0.7023292759071491, 'lag_22': 0.24802151092892608, 'lag_23': 0.3667555183586709, 'lag_24': 0.8252682750185933, 'lag_25': 0.7995284238303563, 'lag_26': 0.6719890242714246, 'lag_27': 0.54211311158549, 'lag_28': 0.019447362256414157}. Best is trial 38 with value: 0.0036369749490562176.
[I 2025-09-29 13:24:12,619] Trial 46 finished with value: 0.004524648837443137 and parameters: {'lag_0': 0.5150211297881281, 'lag_1': 0.4122901028667342, 'lag_2': 0.628925297827323, 'lag_3': 0.3839095863584352, 'lag_4': 0.9897558978352051, 'lag_5': 0.11861380423037132, 'lag_6': 0.6778382084876244, 'lag_7': 0.9563661061738876, 'lag_8': 0.3701777818755777, 'lag_9': 0.7438143884287438, 'lag_10': 0.2869912510323694, 'lag_11': 0.8253912543132075, 'lag_12': 0.019713991528984315, 'lag_13': 0.6042549674273686, 'lag_14': 0.9064427778602229, 'lag_15': 0.02673563582980637, 'lag_16': 0.3644841794616732, 'lag_17': 0.8919912757378192, 'lag_18': 0.045362372010310625, 'lag_19': 0.624548990464756, 'lag_20': 0.6038773427653079, 'lag_21': 0.5423062265531294, 'lag_22': 0.5485010382744637, 'lag_23': 0.534063524138703, 'lag_24': 0.9112127264414893, 'lag_25': 0.7459528546423245, 'lag_26': 0.5591683212854793, 'lag_27': 0.702065281069457, 'lag_28': 0.08008611861098121}. Best is trial 38 with value: 0.0036369749490562176.
[I 2025-09-29 13:24:15,160] Trial 47 finished with value: 0.004513412001094394 and parameters: {'lag_0': 0.9450182112251347, 'lag_1': 0.2608174763404607, 'lag_2': 0.8565634616959298, 'lag_3': 0.7287858135920031, 'lag_4': 0.34421935939829373, 'lag_5': 0.3424773202218543, 'lag_6': 0.7666821671504599, 'lag_7': 0.8690418905871078, 'lag_8': 0.5341801804833662, 'lag_9': 0.5630523093877887, 'lag_10': 0.9692080000268948, 'lag_11': 0.6742073962610264, 'lag_12': 0.1101706667712797, 'lag_13': 0.5627246485001651, 'lag_14': 0.8378948685163663, 'lag_15': 0.8271679602861334, 'lag_16': 0.8698877346780458, 'lag_17': 0.9848184185838795, 'lag_18': 0.18723793132867836, 'lag_19': 0.7170252718626052, 'lag_20': 0.5649440528499683, 'lag_21': 0.8258544067241345, 'lag_22': 0.29828404675460096, 'lag_23': 0.4591922605946154, 'lag_24': 0.9560737194866604, 'lag_25': 0.2910262831083077, 'lag_26': 0.848026292819267, 'lag_27': 0.5815215695831658, 'lag_28': 0.007427941339650079}. Best is trial 38 with value: 0.0036369749490562176.
[I 2025-09-29 13:24:17,713] Trial 48 finished with value: 0.0039497793684963286 and parameters: {'lag_0': 0.7488851165995544, 'lag_1': 0.509878551113494, 'lag_2': 0.7447763522421869, 'lag_3': 0.8454032255091463, 'lag_4': 0.7804002321476923, 'lag_5': 0.202812443347564, 'lag_6': 0.4701383541956897, 'lag_7': 0.3638553742625295, 'lag_8': 0.2594186520367931, 'lag_9': 0.4316243023450127, 'lag_10': 0.45288251795614587, 'lag_11': 0.810103591141001, 'lag_12': 0.17014814178824267, 'lag_13': 0.14439439342020177, 'lag_14': 0.6406861617475063, 'lag_15': 0.07204179095816426, 'lag_16': 0.03987258583348116, 'lag_17': 0.49668654287255815, 'lag_18': 0.36448219444508534, 'lag_19': 0.8197737009725159, 'lag_20': 0.47488720002529694, 'lag_21': 0.5023379310491495, 'lag_22': 0.06290058939008272, 'lag_23': 0.33596001820656424, 'lag_24': 0.6889681105746175, 'lag_25': 0.9425617270083106, 'lag_26': 0.7168956485610279, 'lag_27': 0.49503624285481873, 'lag_28': 0.09043476747484774}. Best is trial 38 with value: 0.0036369749490562176.
[I 2025-09-29 13:24:20,233] Trial 49 finished with value: 0.004009558547860611 and parameters: {'lag_0': 0.35216551066063206, 'lag_1': 0.11511595885117792, 'lag_2': 0.9765953589322323, 'lag_3': 0.9809605100512409, 'lag_4': 0.8330160762611362, 'lag_5': 0.11527561080972241, 'lag_6': 0.5884127890001346, 'lag_7': 0.9612773200114325, 'lag_8': 0.06745912707348695, 'lag_9': 0.8279971100358232, 'lag_10': 0.7992780123134215, 'lag_11': 0.6126176515724678, 'lag_12': 0.25162624433938063, 'lag_13': 0.47333377568233514, 'lag_14': 0.006438035768174005, 'lag_15': 0.6713752763861519, 'lag_16': 0.17270550635587295, 'lag_17': 0.39083192146877266, 'lag_18': 0.0828826856503507, 'lag_19': 0.9335624143605006, 'lag_20': 0.6372273345814219, 'lag_21': 0.6072227247562415, 'lag_22': 0.6111214088056618, 'lag_23': 0.3923719249054415, 'lag_24': 0.17548302257666337, 'lag_25': 0.6666681635103431, 'lag_26': 0.2505576244379092, 'lag_27': 0.6693894925963817, 'lag_28': 0.16343640476383603}. Best is trial 38 with value: 0.0036369749490562176.
[I 2025-09-29 13:24:22,758] Trial 50 finished with value: 0.004437045810635902 and parameters: {'lag_0': 0.4721211281294469, 'lag_1': 0.6460233357576546, 'lag_2': 0.9136920114003207, 'lag_3': 0.7509821283290241, 'lag_4': 0.6529214426939101, 'lag_5': 0.26187791799107035, 'lag_6': 0.522274312182503, 'lag_7': 0.8106661887124406, 'lag_8': 0.6059716799596245, 'lag_9': 0.6428630342266015, 'lag_10': 0.11669923585314859, 'lag_11': 0.9044789526691223, 'lag_12': 0.31686627305589354, 'lag_13': 0.6762208183846687, 'lag_14': 0.4403629336937386, 'lag_15': 0.20812878737216856, 'lag_16': 0.5006790866429612, 'lag_17': 0.32664006715326666, 'lag_18': 0.02591863713532791, 'lag_19': 0.0746760772190678, 'lag_20': 0.4270435193911137, 'lag_21': 0.44470497082911387, 'lag_22': 0.15886730510890207, 'lag_23': 0.23918498761428947, 'lag_24': 0.813856051998113, 'lag_25': 0.9119035338306475, 'lag_26': 0.9997446761536696, 'lag_27': 0.6208681968925525, 'lag_28': 0.2053781913380422}. Best is trial 38 with value: 0.0036369749490562176.
[I 2025-09-29 13:24:25,299] Trial 51 finished with value: 0.0037413421698668445 and parameters: {'lag_0': 0.7578436776372308, 'lag_1': 0.461418561605191, 'lag_2': 0.7294381727012313, 'lag_3': 0.8528832194091638, 'lag_4': 0.7907327826412677, 'lag_5': 0.2056142164107534, 'lag_6': 0.4602535719554032, 'lag_7': 0.3392440973805862, 'lag_8': 0.25977368093146175, 'lag_9': 0.4029754384786834, 'lag_10': 0.4144555664783469, 'lag_11': 0.7883311632819074, 'lag_12': 0.17346641803340399, 'lag_13': 0.12450336351831953, 'lag_14': 0.6552301363439039, 'lag_15': 0.08216997078194803, 'lag_16': 0.05106894442701686, 'lag_17': 0.4958096644795319, 'lag_18': 0.35975932924469656, 'lag_19': 0.8038174675790113, 'lag_20': 0.4826059277457307, 'lag_21': 0.5171453678306619, 'lag_22': 0.05670376839140728, 'lag_23': 0.3396925955552174, 'lag_24': 0.705541255936985, 'lag_25': 0.9511063949341679, 'lag_26': 0.7002897160754366, 'lag_27': 0.4627240482956077, 'lag_28': 0.08168306085662853}. Best is trial 38 with value: 0.0036369749490562176.
[I 2025-09-29 13:24:27,853] Trial 52 finished with value: 0.0040655879569845245 and parameters: {'lag_0': 0.8763861001754708, 'lag_1': 0.4549924323647605, 'lag_2': 0.6100447771162734, 'lag_3': 0.8036018587559763, 'lag_4': 0.7423256621708165, 'lag_5': 0.19002207036351712, 'lag_6': 0.4037738367870168, 'lag_7': 0.28049241130387303, 'lag_8': 0.178911374708784, 'lag_9': 0.40077753608252975, 'lag_10': 0.42054274263163466, 'lag_11': 0.7188685360055229, 'lag_12': 0.15001910899334256, 'lag_13': 0.07583477835932151, 'lag_14': 0.5011740907387017, 'lag_15': 0.0397800958121681, 'lag_16': 0.10437249098726571, 'lag_17': 0.504979482401724, 'lag_18': 0.4174912253206845, 'lag_19': 0.7242909501899186, 'lag_20': 0.5341728753831572, 'lag_21': 0.5113232730703398, 'lag_22': 0.09659025475207994, 'lag_23': 0.503547321281636, 'lag_24': 0.6983995006953087, 'lag_25': 0.9959545679030739, 'lag_26': 0.5874152564089815, 'lag_27': 0.4825168271530378, 'lag_28': 0.12912490454501815}. Best is trial 38 with value: 0.0036369749490562176.
[I 2025-09-29 13:24:30,394] Trial 53 finished with value: 0.004175291857602186 and parameters: {'lag_0': 0.7090697983519768, 'lag_1': 0.3756094139432965, 'lag_2': 0.6749118070288239, 'lag_3': 0.9037626923628234, 'lag_4': 0.9081275747176529, 'lag_5': 0.14595342889324897, 'lag_6': 0.5655479074800938, 'lag_7': 0.17264644244876143, 'lag_8': 0.37796946631182554, 'lag_9': 0.47130165256378714, 'lag_10': 0.48881006130307075, 'lag_11': 0.7545993456159222, 'lag_12': 0.06699758562894424, 'lag_13': 0.25017922786431535, 'lag_14': 0.5571181596308264, 'lag_15': 0.12535371002120788, 'lag_16': 0.041101314107828926, 'lag_17': 0.5546467875188977, 'lag_18': 0.565107240726036, 'lag_19': 0.8124357952361992, 'lag_20': 0.49355664557671963, 'lag_21': 0.591030357816134, 'lag_22': 0.22966883923717252, 'lag_23': 0.31657429056253694, 'lag_24': 0.8894771480084043, 'lag_25': 0.7823331504866384, 'lag_26': 0.6790541753285217, 'lag_27': 0.5459203382519606, 'lag_28': 0.06525538029631058}. Best is trial 38 with value: 0.0036369749490562176.
[I 2025-09-29 13:24:32,918] Trial 54 finished with value: 0.004049283617079495 and parameters: {'lag_0': 0.8408953916769194, 'lag_1': 0.4110160610626258, 'lag_2': 0.7260793601307839, 'lag_3': 0.30262501841990946, 'lag_4': 0.8139613205922692, 'lag_5': 0.31985530011602403, 'lag_6': 0.3236011794028619, 'lag_7': 0.33713263114917, 'lag_8': 0.6784356697761995, 'lag_9': 0.5146360816757767, 'lag_10': 0.013266461259457657, 'lag_11': 0.7957509429451856, 'lag_12': 0.38018064725477535, 'lag_13': 0.20982675975606868, 'lag_14': 0.6950812437675835, 'lag_15': 0.5013329622169007, 'lag_16': 0.22679790030327734, 'lag_17': 0.6355742850042954, 'lag_18': 0.31694597952659975, 'lag_19': 0.8665565829481939, 'lag_20': 0.3734780865043868, 'lag_21': 0.6540755234847685, 'lag_22': 0.1503851372647118, 'lag_23': 0.40401574911240845, 'lag_24': 0.8554305388829191, 'lag_25': 0.9611669201261065, 'lag_26': 0.47997304931380036, 'lag_27': 0.41333697398248986, 'lag_28': 0.5462499003875613}. Best is trial 38 with value: 0.0036369749490562176.
[I 2025-09-29 13:24:35,467] Trial 55 finished with value: 0.004278802631937138 and parameters: {'lag_0': 0.7591518426897665, 'lag_1': 0.5229271096961912, 'lag_2': 0.7635901682857362, 'lag_3': 0.49212699019785644, 'lag_4': 0.45082689873901705, 'lag_5': 0.2165656744852054, 'lag_6': 0.6596266331364401, 'lag_7': 0.8921772205413622, 'lag_8': 0.19013377349105887, 'lag_9': 0.3140352601375356, 'lag_10': 0.5642153389273793, 'lag_11': 0.8833741625601751, 'lag_12': 0.20376881370751565, 'lag_13': 0.0026964199300477665, 'lag_14': 0.6532641139243064, 'lag_15': 0.07533583479538292, 'lag_16': 0.1655028465889717, 'lag_17': 0.4288750381354708, 'lag_18': 0.6167473035581793, 'lag_19': 0.6629603211583383, 'lag_20': 0.43652292919250457, 'lag_21': 0.39016392163899205, 'lag_22': 0.05587620647169794, 'lag_23': 0.34932456014267166, 'lag_24': 0.6969305466808345, 'lag_25': 0.9155163630468601, 'lag_26': 0.8035646889962921, 'lag_27': 0.8325111711909278, 'lag_28': 0.23305826713265274}. Best is trial 38 with value: 0.0036369749490562176.
[I 2025-09-29 13:24:37,989] Trial 56 finished with value: 0.0047051172375761246 and parameters: {'lag_0': 0.6526698510515284, 'lag_1': 0.30604215590564277, 'lag_2': 0.8335606691550582, 'lag_3': 0.8273687006579892, 'lag_4': 0.6932975593794588, 'lag_5': 0.12040724423652711, 'lag_6': 0.20947777349698649, 'lag_7': 0.20963363522911566, 'lag_8': 0.13161949623562247, 'lag_9': 0.9962708813914328, 'lag_10': 0.356615090509491, 'lag_11': 0.5442657692354295, 'lag_12': 0.8594445205322986, 'lag_13': 0.11756974556560858, 'lag_14': 0.7766175880909092, 'lag_15': 0.19092417421104235, 'lag_16': 0.10031540327875432, 'lag_17': 0.4668100700437035, 'lag_18': 0.5009793414244521, 'lag_19': 0.9897733074132274, 'lag_20': 0.7389948909107567, 'lag_21': 0.09884090568872193, 'lag_22': 0.3861284877931301, 'lag_23': 0.1796152963966779, 'lag_24': 0.5328756458352796, 'lag_25': 0.8498687516289068, 'lag_26': 0.518706394711641, 'lag_27': 0.764081785568795, 'lag_28': 0.10674707578956424}. Best is trial 38 with value: 0.0036369749490562176.
[I 2025-09-29 13:24:40,515] Trial 57 finished with value: 0.004146086009478469 and parameters: {'lag_0': 0.5634697294246906, 'lag_1': 0.3350390501416085, 'lag_2': 0.5590411689625292, 'lag_3': 0.15226304887824582, 'lag_4': 0.8442309637618499, 'lag_5': 0.07567509948929525, 'lag_6': 0.4640881911039988, 'lag_7': 0.5748045385762681, 'lag_8': 0.3080255357110253, 'lag_9': 0.20603950842836688, 'lag_10': 0.2901493053124899, 'lag_11': 0.6500482837372843, 'lag_12': 0.9649339465502953, 'lag_13': 0.403769793376005, 'lag_14': 0.5689326740301047, 'lag_15': 0.2343061422490021, 'lag_16': 0.3010037983910003, 'lag_17': 0.22565535435926654, 'lag_18': 0.21284576669985408, 'lag_19': 0.9343264297590727, 'lag_20': 0.07024089319244337, 'lag_21': 0.46670797415342674, 'lag_22': 0.2053515605517454, 'lag_23': 0.43299841911857995, 'lag_24': 0.20657697394989682, 'lag_25': 0.7411818644517175, 'lag_26': 0.7179517634464407, 'lag_27': 0.6825855880472156, 'lag_28': 0.2917521899882761}. Best is trial 38 with value: 0.0036369749490562176.
[I 2025-09-29 13:24:43,046] Trial 58 finished with value: 0.004032404450553499 and parameters: {'lag_0': 0.9008094331644421, 'lag_1': 0.4723129819398316, 'lag_2': 0.8757659921267432, 'lag_3': 0.6831912537561858, 'lag_4': 0.5348769772912837, 'lag_5': 0.0012396722456933101, 'lag_6': 0.4246491763670407, 'lag_7': 0.07109609033675018, 'lag_8': 0.2694371161527496, 'lag_9': 0.8716423601724901, 'lag_10': 0.6181232962847527, 'lag_11': 0.8416645240316862, 'lag_12': 0.26238280355674054, 'lag_13': 0.37377316506713876, 'lag_14': 0.18539058629366958, 'lag_15': 0.12544981382735362, 'lag_16': 0.3554654312049189, 'lag_17': 0.823316834228877, 'lag_18': 0.37349478370386135, 'lag_19': 0.16108850292155735, 'lag_20': 0.4022498104028378, 'lag_21': 0.03217619578510819, 'lag_22': 0.4537697018489678, 'lag_23': 0.284307472456797, 'lag_24': 0.7744916475207848, 'lag_25': 0.5656902315824838, 'lag_26': 0.04685888852324678, 'lag_27': 0.5973169270843954, 'lag_28': 0.9950167683978842}. Best is trial 38 with value: 0.0036369749490562176.
[I 2025-09-29 13:24:45,579] Trial 59 finished with value: 0.004048284950143662 and parameters: {'lag_0': 0.007250372318984122, 'lag_1': 0.25293944297485266, 'lag_2': 0.4764790449065362, 'lag_3': 0.7803016160225341, 'lag_4': 0.7998621812570497, 'lag_5': 0.3527946878956869, 'lag_6': 0.6189291143646599, 'lag_7': 0.4394380602934396, 'lag_8': 0.7775418486841928, 'lag_9': 0.8122639502986532, 'lag_10': 0.518027648404795, 'lag_11': 0.753577935963441, 'lag_12': 0.04067295648344543, 'lag_13': 0.5005042056182183, 'lag_14': 0.06703817828940195, 'lag_15': 0.617952983773495, 'lag_16': 0.022981284662029054, 'lag_17': 0.35814027592741166, 'lag_18': 0.44842373941200364, 'lag_19': 0.5767821133298974, 'lag_20': 0.20662288709969998, 'lag_21': 0.6909259031046017, 'lag_22': 0.5849365433440126, 'lag_23': 0.4761427569650609, 'lag_24': 0.06260780842886887, 'lag_25': 0.6582972381248089, 'lag_26': 0.6442531837077569, 'lag_27': 0.8830883173284634, 'lag_28': 0.16368838161854204}. Best is trial 38 with value: 0.0036369749490562176.
[I 2025-09-29 13:24:48,114] Trial 60 finished with value: 0.004661480887585878 and parameters: {'lag_0': 0.7815433917556627, 'lag_1': 0.3522530278986633, 'lag_2': 0.6572304447180787, 'lag_3': 0.9349306345448573, 'lag_4': 0.3771678938045841, 'lag_5': 0.3061891430572814, 'lag_6': 0.49428442991623467, 'lag_7': 0.6985441195524517, 'lag_8': 0.4525551918629011, 'lag_9': 0.5726301969000787, 'lag_10': 0.20563458979373245, 'lag_11': 0.999804285207663, 'lag_12': 0.12202923218261877, 'lag_13': 0.17896204325036025, 'lag_14': 0.7121138546270613, 'lag_15': 0.0017055510926480139, 'lag_16': 0.2569828660253121, 'lag_17': 0.7542576986624241, 'lag_18': 0.08512072075630478, 'lag_19': 0.7523591507530093, 'lag_20': 0.2764686203644184, 'lag_21': 0.3080266998063804, 'lag_22': 0.028907572412724607, 'lag_23': 0.5874859412436628, 'lag_24': 0.2995146838483433, 'lag_25': 0.8032620632192858, 'lag_26': 0.3125903937189378, 'lag_27': 0.9647750232321304, 'lag_28': 0.6559492379293339}. Best is trial 38 with value: 0.0036369749490562176.
[I 2025-09-29 13:24:50,813] Trial 61 finished with value: 0.004067641005528399 and parameters: {'lag_0': 0.6850361539387778, 'lag_1': 0.6072746132148825, 'lag_2': 0.7407127712230568, 'lag_3': 0.8461586463619479, 'lag_4': 0.7779122026149625, 'lag_5': 0.2120723158447121, 'lag_6': 0.49216643154360257, 'lag_7': 0.34086071978104193, 'lag_8': 0.26364925611158796, 'lag_9': 0.4178966442459652, 'lag_10': 0.45498732127457825, 'lag_11': 0.8024495324995783, 'lag_12': 0.1584014790058047, 'lag_13': 0.11976110728859408, 'lag_14': 0.6340167792087061, 'lag_15': 0.0847070086975695, 'lag_16': 0.037896636008299255, 'lag_17': 0.4860939163680575, 'lag_18': 0.36116611381007185, 'lag_19': 0.8367332287184044, 'lag_20': 0.48083546509217623, 'lag_21': 0.5040942280256654, 'lag_22': 0.07869928167660764, 'lag_23': 0.32639917999006485, 'lag_24': 0.6965579852453192, 'lag_25': 0.9538773852747544, 'lag_26': 0.7146089833565181, 'lag_27': 0.38730397700050795, 'lag_28': 0.0970072523668341}. Best is trial 38 with value: 0.0036369749490562176.
[I 2025-09-29 13:24:53,379] Trial 62 finished with value: 0.004349678732737533 and parameters: {'lag_0': 0.7538551924252819, 'lag_1': 0.4921227886518719, 'lag_2': 0.7958209088684456, 'lag_3': 0.8657267233671048, 'lag_4': 0.871791139357037, 'lag_5': 0.16091407320936035, 'lag_6': 0.45595565115979597, 'lag_7': 0.34177543374157776, 'lag_8': 0.238396509926469, 'lag_9': 0.37169083958370974, 'lag_10': 0.4308177363742007, 'lag_11': 0.8373971504182453, 'lag_12': 0.18470318929605067, 'lag_13': 0.1493383715949136, 'lag_14': 0.6088085155865668, 'lag_15': 0.05151696233631743, 'lag_16': 0.05878031835755836, 'lag_17': 0.5393503251260436, 'lag_18': 0.6402670616611816, 'lag_19': 0.8008919237995963, 'lag_20': 0.4682314853187805, 'lag_21': 0.539289539729827, 'lag_22': 0.119178809965782, 'lag_23': 0.3609176801429184, 'lag_24': 0.3457997815077836, 'lag_25': 0.9128576188891913, 'lag_26': 0.7822695193894088, 'lag_27': 0.4930523127752931, 'lag_28': 0.0349540774291209}. Best is trial 38 with value: 0.0036369749490562176.
[I 2025-09-29 13:24:55,925] Trial 63 finished with value: 0.004578591966761717 and parameters: {'lag_0': 0.5254619814750932, 'lag_1': 0.526309249617519, 'lag_2': 0.7046203600425067, 'lag_3': 0.8168585749329103, 'lag_4': 0.9079819876626092, 'lag_5': 0.24769722350455003, 'lag_6': 0.5619722348259457, 'lag_7': 0.3681448787561254, 'lag_8': 0.3034468476278733, 'lag_9': 0.4767886499674837, 'lag_10': 0.7040978515539452, 'lag_11': 0.883815412330683, 'lag_12': 0.007785925106934724, 'lag_13': 0.2564223633193866, 'lag_14': 0.6589333896680248, 'lag_15': 0.16358717064514677, 'lag_16': 0.0028583974158097394, 'lag_17': 0.14222088970548447, 'lag_18': 0.25700956862002616, 'lag_19': 0.9051277486851501, 'lag_20': 0.5212043533345407, 'lag_21': 0.7939475755817247, 'lag_22': 0.5188137727810903, 'lag_23': 0.25790367545506776, 'lag_24': 0.6611955548773889, 'lag_25': 0.945220729794773, 'lag_26': 0.8816223870914891, 'lag_27': 0.5600752179169548, 'lag_28': 0.07833855235261841}. Best is trial 38 with value: 0.0036369749490562176.
[I 2025-09-29 13:24:58,476] Trial 64 finished with value: 0.0043694690558571635 and parameters: {'lag_0': 0.7306379333508685, 'lag_1': 0.40972161542944163, 'lag_2': 0.4262082399188356, 'lag_3': 0.9985743047031661, 'lag_4': 0.9828864638321798, 'lag_5': 0.0952094606830869, 'lag_6': 0.37603000012050675, 'lag_7': 0.4135951534290994, 'lag_8': 0.2103591084434154, 'lag_9': 0.33568725546160416, 'lag_10': 0.3881604832449189, 'lag_11': 0.6818690756627575, 'lag_12': 0.8131384062692882, 'lag_13': 0.2074318918341881, 'lag_14': 0.3871768696877669, 'lag_15': 0.1310770588486031, 'lag_16': 0.09610098747633045, 'lag_17': 0.40615403234509045, 'lag_18': 0.37264341853561495, 'lag_19': 0.4925732988823456, 'lag_20': 0.35257393859620484, 'lag_21': 0.25338258811089265, 'lag_22': 0.15955589384168392, 'lag_23': 0.3945943548954448, 'lag_24': 0.5971512043286012, 'lag_25': 0.8640038716597248, 'lag_26': 0.713936910090076, 'lag_27': 0.6406729705786136, 'lag_28': 0.15690902991910904}. Best is trial 38 with value: 0.0036369749490562176.
[I 2025-09-29 13:25:01,022] Trial 65 finished with value: 0.0037111654882467553 and parameters: {'lag_0': 0.6199822259328924, 'lag_1': 0.5768818270522182, 'lag_2': 0.5909122172031634, 'lag_3': 0.9392897861325062, 'lag_4': 0.7390817074251537, 'lag_5': 0.20198389193143473, 'lag_6': 0.42237168243257894, 'lag_7': 0.2824211488439768, 'lag_8': 0.35509653305425315, 'lag_9': 0.25912954865985205, 'lag_10': 0.3427310087310535, 'lag_11': 0.05850044078435927, 'lag_12': 0.07765922583627438, 'lag_13': 0.041910641660463904, 'lag_14': 0.4809763331827579, 'lag_15': 0.5514901644056954, 'lag_16': 0.14738773233899224, 'lag_17': 0.6273544862810202, 'lag_18': 0.34269322754052495, 'lag_19': 0.6909917788837757, 'lag_20': 0.5781941771282159, 'lag_21': 0.6339442312508237, 'lag_22': 0.04633772771774722, 'lag_23': 0.33943606205145244, 'lag_24': 0.3977712689478692, 'lag_25': 0.9850915270865341, 'lag_26': 0.593878102706329, 'lag_27': 0.47127227746826456, 'lag_28': 0.23266406658940736}. Best is trial 38 with value: 0.0036369749490562176.
