2025-09-29 13:06:32,873 - distributed.nanny - INFO -         Start Nanny at: 'tcp://192.168.86.108:45415'
2025-09-29 13:06:34,196 - distributed.worker - INFO -       Start worker at: tcp://192.168.86.108:40464
2025-09-29 13:06:34,197 - distributed.worker - INFO -          Listening to: tcp://192.168.86.108:40464
2025-09-29 13:06:34,197 - distributed.worker - INFO -           Worker name:            SLURMCluster-17
2025-09-29 13:06:34,197 - distributed.worker - INFO -          dashboard at:       192.168.86.108:41396
2025-09-29 13:06:34,197 - distributed.worker - INFO - Waiting to connect to: tcp://192.168.86.101:46695
2025-09-29 13:06:34,197 - distributed.worker - INFO - -------------------------------------------------
2025-09-29 13:06:34,197 - distributed.worker - INFO -               Threads:                          1
2025-09-29 13:06:34,197 - distributed.worker - INFO -                Memory:                   9.31 GiB
2025-09-29 13:06:34,197 - distributed.worker - INFO -       Local Directory: /home1/zrentala/dask-worker-space/dask-scratch-space/worker-5atji1fm
2025-09-29 13:06:34,197 - distributed.worker - INFO - -------------------------------------------------
2025-09-29 13:06:34,485 - distributed.worker - INFO - Starting Worker plugin shuffle
2025-09-29 13:06:34,485 - distributed.worker - INFO -         Registered to: tcp://192.168.86.101:46695
2025-09-29 13:06:34,485 - distributed.worker - INFO - -------------------------------------------------
2025-09-29 13:06:34,486 - distributed.core - INFO - Starting established connection to tcp://192.168.86.101:46695
[I 2025-09-29 13:06:34,573] A new study created in memory with name: no-name-cafac1b2-4009-46dd-871a-436881dffbc4
[I 2025-09-29 13:06:37,053] Trial 0 finished with value: 0.005523678934494046 and parameters: {'lag_0': 0.9997636595035309, 'lag_1': 0.4838205107420557, 'lag_2': 0.9612789390793327, 'lag_3': 0.5475563308208029, 'lag_4': 0.3179812136706776, 'lag_5': 0.9288457495274072, 'lag_6': 0.2523220724527846, 'lag_7': 0.48184502942284996, 'lag_8': 0.7068036958325185, 'lag_9': 0.4435352564546632, 'lag_10': 0.6064672928950989, 'lag_11': 0.009669360632695075, 'lag_12': 0.27805379341588793, 'lag_13': 0.5840123956673969, 'lag_14': 0.8009830953398168, 'lag_15': 0.0002020624519943184, 'lag_16': 0.12503960336970238, 'lag_17': 0.27732487327369915, 'lag_18': 0.9963467652524342, 'lag_19': 0.7047670115887521, 'lag_20': 0.015224495383885742, 'lag_21': 0.2297720160842273, 'lag_22': 0.8926250461988541, 'lag_23': 0.8289037813613871, 'lag_24': 0.639487876589978, 'lag_25': 0.5247796422993294, 'lag_26': 0.6805168494162853, 'lag_27': 0.020423026655576108, 'lag_28': 0.017434254352637357}. Best is trial 0 with value: 0.005523678934494046.
[I 2025-09-29 13:06:39,505] Trial 1 finished with value: 0.00586457162665292 and parameters: {'lag_0': 0.7837412190048157, 'lag_1': 0.00039739647593607685, 'lag_2': 0.7968789630382063, 'lag_3': 0.9469213461863278, 'lag_4': 0.6819957923734817, 'lag_5': 0.9182689275053074, 'lag_6': 0.026945680796093413, 'lag_7': 0.21588070335494292, 'lag_8': 0.4328956549326288, 'lag_9': 0.7081408043376091, 'lag_10': 0.6659663800100887, 'lag_11': 0.9989604778432202, 'lag_12': 0.11237122126050862, 'lag_13': 0.5081024267012005, 'lag_14': 0.16858997417328167, 'lag_15': 0.23247486033297252, 'lag_16': 0.5913861493189679, 'lag_17': 0.13214351340588318, 'lag_18': 0.9644396729447318, 'lag_19': 0.551922776849806, 'lag_20': 0.758821607933827, 'lag_21': 0.23187053678866823, 'lag_22': 0.08040884062882017, 'lag_23': 0.48609641363142814, 'lag_24': 0.7047667531748851, 'lag_25': 0.1483753815617296, 'lag_26': 0.9646581704049941, 'lag_27': 0.05503066084147156, 'lag_28': 0.1118008889538217}. Best is trial 0 with value: 0.005523678934494046.
[I 2025-09-29 13:06:41,966] Trial 2 finished with value: 0.004333094575677212 and parameters: {'lag_0': 0.06338421803102963, 'lag_1': 0.48476434280762004, 'lag_2': 0.2572313239900851, 'lag_3': 0.02193179222880046, 'lag_4': 0.725519948238194, 'lag_5': 0.22370181423166874, 'lag_6': 0.8892257814363743, 'lag_7': 0.19894629326039331, 'lag_8': 0.06932294665713491, 'lag_9': 0.0789382411093859, 'lag_10': 0.6667326613450268, 'lag_11': 0.0032700015294143854, 'lag_12': 0.2626929308352665, 'lag_13': 0.8725285494890307, 'lag_14': 0.1846971446957352, 'lag_15': 0.076035123755684, 'lag_16': 0.8335554229011727, 'lag_17': 0.7307989015340767, 'lag_18': 0.44764362095353566, 'lag_19': 0.39719295366584384, 'lag_20': 0.7552611495732949, 'lag_21': 0.8332725248029974, 'lag_22': 0.3570430886806463, 'lag_23': 0.834936126879932, 'lag_24': 0.0062900537393036846, 'lag_25': 0.534567841909756, 'lag_26': 0.6293648019621813, 'lag_27': 0.4882746446817461, 'lag_28': 0.7039227572083087}. Best is trial 2 with value: 0.004333094575677212.
[I 2025-09-29 13:06:44,404] Trial 3 finished with value: 0.005461538748997702 and parameters: {'lag_0': 0.9688405556353044, 'lag_1': 0.5088203761836453, 'lag_2': 0.7028954266611753, 'lag_3': 0.30139777792543465, 'lag_4': 0.01680903411581436, 'lag_5': 0.6884224563299969, 'lag_6': 0.43563234522273414, 'lag_7': 0.020853308515375504, 'lag_8': 0.5146307045477236, 'lag_9': 0.27403593038725266, 'lag_10': 0.36604092816403333, 'lag_11': 0.06250885599266717, 'lag_12': 0.37930147649836504, 'lag_13': 0.9260833557166119, 'lag_14': 0.30675521096970215, 'lag_15': 0.7125768937510337, 'lag_16': 0.34418838425944337, 'lag_17': 0.4478198688008394, 'lag_18': 0.059253895457104716, 'lag_19': 0.6212661841737679, 'lag_20': 0.9305179668134911, 'lag_21': 0.007288348560415445, 'lag_22': 0.7768765308769092, 'lag_23': 0.540167809203271, 'lag_24': 0.4594831838570414, 'lag_25': 0.9242165566218897, 'lag_26': 0.4079478354278011, 'lag_27': 0.9841963760092491, 'lag_28': 0.05631268269975532}. Best is trial 2 with value: 0.004333094575677212.
[I 2025-09-29 13:06:46,857] Trial 4 finished with value: 0.0058568758842071165 and parameters: {'lag_0': 0.8962588375561604, 'lag_1': 0.681770877923424, 'lag_2': 0.06169173571530754, 'lag_3': 0.0034490991451196643, 'lag_4': 0.4493019215606034, 'lag_5': 0.4253045324822161, 'lag_6': 0.6072713590139361, 'lag_7': 0.5569753142866655, 'lag_8': 0.2303520107729821, 'lag_9': 0.6078111928996451, 'lag_10': 0.5470089001496824, 'lag_11': 0.061314040917433976, 'lag_12': 0.39090173299188763, 'lag_13': 0.9357530746896884, 'lag_14': 0.37942742760168846, 'lag_15': 0.5971438881146931, 'lag_16': 0.9973338985299022, 'lag_17': 0.48304560352620035, 'lag_18': 0.9638941669230604, 'lag_19': 0.9529244404255364, 'lag_20': 0.6719841421599416, 'lag_21': 0.5533883210923929, 'lag_22': 0.9120544777872799, 'lag_23': 0.35906471277546304, 'lag_24': 0.028702916010118176, 'lag_25': 0.14198495578367498, 'lag_26': 0.01345455769799827, 'lag_27': 0.12494787192187758, 'lag_28': 0.5043549482856851}. Best is trial 2 with value: 0.004333094575677212.
[I 2025-09-29 13:06:49,306] Trial 5 finished with value: 0.0058906659014115546 and parameters: {'lag_0': 0.07612423982317608, 'lag_1': 0.058580534409818745, 'lag_2': 0.6510462303262132, 'lag_3': 0.2567458527317937, 'lag_4': 0.9902797817385721, 'lag_5': 0.022722434369802744, 'lag_6': 0.8016100197953286, 'lag_7': 0.8793588042861564, 'lag_8': 0.10890578814255972, 'lag_9': 0.8913884907653372, 'lag_10': 0.40695872448674875, 'lag_11': 0.555697998950716, 'lag_12': 0.06931191151353432, 'lag_13': 0.39876350617074213, 'lag_14': 0.7018450476136542, 'lag_15': 0.8917275688092546, 'lag_16': 0.700806581551164, 'lag_17': 0.04250433833304896, 'lag_18': 0.6493105711050706, 'lag_19': 0.8682289334651233, 'lag_20': 0.25995083823269893, 'lag_21': 0.1281065394488054, 'lag_22': 0.7989252016568966, 'lag_23': 0.6640343590280018, 'lag_24': 0.6107637843741032, 'lag_25': 0.7677659666935198, 'lag_26': 0.4167475716258641, 'lag_27': 0.6580577104995761, 'lag_28': 0.3869650538741027}. Best is trial 2 with value: 0.004333094575677212.
[I 2025-09-29 13:06:51,747] Trial 6 finished with value: 0.005438439670971818 and parameters: {'lag_0': 0.6205226308331191, 'lag_1': 0.6678038725743446, 'lag_2': 0.15549157306529895, 'lag_3': 0.1880346375159956, 'lag_4': 0.6559012720055369, 'lag_5': 0.7832800124168323, 'lag_6': 0.1406805581233735, 'lag_7': 0.26461303963603655, 'lag_8': 0.1819610880344537, 'lag_9': 0.5450520249783807, 'lag_10': 0.551436255140089, 'lag_11': 0.11115513457723962, 'lag_12': 0.8657451262514229, 'lag_13': 0.20937533044171672, 'lag_14': 0.5076350438093172, 'lag_15': 0.7304696921969379, 'lag_16': 0.5095169301051619, 'lag_17': 0.17301000070811237, 'lag_18': 0.11543224800734653, 'lag_19': 0.26495415288529717, 'lag_20': 0.392607378470789, 'lag_21': 0.08378076830148079, 'lag_22': 0.2967739817390283, 'lag_23': 0.3977518604720892, 'lag_24': 0.5346913003908254, 'lag_25': 0.810740665494376, 'lag_26': 0.3970736660339064, 'lag_27': 0.25399930586828573, 'lag_28': 0.6003490637399596}. Best is trial 2 with value: 0.004333094575677212.
[I 2025-09-29 13:06:54,195] Trial 7 finished with value: 0.0055639062515016 and parameters: {'lag_0': 0.4669952587901007, 'lag_1': 0.4017874803038805, 'lag_2': 0.8030852112465999, 'lag_3': 0.09404463973600251, 'lag_4': 0.22578610413413427, 'lag_5': 0.971943814643111, 'lag_6': 0.9385124783103472, 'lag_7': 0.45687289700363265, 'lag_8': 0.3669193412574701, 'lag_9': 0.5550943591772682, 'lag_10': 0.7409777646558927, 'lag_11': 0.5118395451451818, 'lag_12': 0.7435090890333752, 'lag_13': 0.8952409964638173, 'lag_14': 0.9305624998646673, 'lag_15': 0.3695669153227808, 'lag_16': 0.44724166617976646, 'lag_17': 0.813653647948142, 'lag_18': 0.8326390824449247, 'lag_19': 0.39390603738761354, 'lag_20': 0.5060081820656621, 'lag_21': 0.80519480296607, 'lag_22': 0.5335401886264582, 'lag_23': 0.19872109206405594, 'lag_24': 0.3556121183926525, 'lag_25': 0.35025806734576553, 'lag_26': 0.7055239253722837, 'lag_27': 0.01833657072605273, 'lag_28': 0.8262790507365195}. Best is trial 2 with value: 0.004333094575677212.
[I 2025-09-29 13:06:56,633] Trial 8 finished with value: 0.005881422013736273 and parameters: {'lag_0': 0.6153059571588887, 'lag_1': 0.9722067544527491, 'lag_2': 0.5837289343633593, 'lag_3': 0.33460679546659955, 'lag_4': 0.06923805945023885, 'lag_5': 0.121033397433382, 'lag_6': 0.5897780700819223, 'lag_7': 0.31715615087745763, 'lag_8': 0.7413627235626085, 'lag_9': 0.44658470738451755, 'lag_10': 0.5922696318466022, 'lag_11': 0.31571320038465517, 'lag_12': 0.3382518931628087, 'lag_13': 0.6410294155703927, 'lag_14': 0.523247345450204, 'lag_15': 0.2325549090119643, 'lag_16': 0.9307474736870537, 'lag_17': 0.25539055744864564, 'lag_18': 0.6287182297978386, 'lag_19': 0.5144556357161727, 'lag_20': 0.6625951425695774, 'lag_21': 0.3851194956902859, 'lag_22': 0.4248917196008503, 'lag_23': 0.45731610305315007, 'lag_24': 0.12101033121903046, 'lag_25': 0.00862429953110832, 'lag_26': 0.46322860069603444, 'lag_27': 0.9099846871495293, 'lag_28': 0.7481146474247462}. Best is trial 2 with value: 0.004333094575677212.
[I 2025-09-29 13:06:59,172] Trial 9 finished with value: 0.005721845441295842 and parameters: {'lag_0': 0.8195923872851197, 'lag_1': 0.060136738438374374, 'lag_2': 0.80778199101781, 'lag_3': 0.9147637396188049, 'lag_4': 0.7272634411316363, 'lag_5': 0.3608806341415356, 'lag_6': 0.26290648668109357, 'lag_7': 0.6746664630588383, 'lag_8': 0.6456353190854326, 'lag_9': 0.4558500122698933, 'lag_10': 0.8675636944550296, 'lag_11': 0.8559063075361484, 'lag_12': 0.8650838162624098, 'lag_13': 0.23111168622758152, 'lag_14': 0.1415179946651556, 'lag_15': 0.8106155011276714, 'lag_16': 0.5593455641778803, 'lag_17': 0.876948467946286, 'lag_18': 0.1649136901922279, 'lag_19': 0.21991345846782984, 'lag_20': 0.33063127609775056, 'lag_21': 0.5898614822664952, 'lag_22': 0.5355627597556719, 'lag_23': 0.5306837879252577, 'lag_24': 0.5559873679676266, 'lag_25': 0.6747988453784981, 'lag_26': 0.27765999770790956, 'lag_27': 0.13399492669551008, 'lag_28': 0.6625834055376755}. Best is trial 2 with value: 0.004333094575677212.
[I 2025-09-29 13:07:01,688] Trial 10 finished with value: 0.005229815320740494 and parameters: {'lag_0': 0.0056130910350572355, 'lag_1': 0.27412684054851244, 'lag_2': 0.34786366812082703, 'lag_3': 0.58759935047678, 'lag_4': 0.9200870333421534, 'lag_5': 0.2074228731353724, 'lag_6': 0.9770858537409519, 'lag_7': 0.0066759110124784415, 'lag_8': 0.9342736138126356, 'lag_9': 0.0626776900873249, 'lag_10': 0.09719896913778514, 'lag_11': 0.2920358433102777, 'lag_12': 0.6404680494312639, 'lag_13': 0.7276167067535675, 'lag_14': 0.004878154849372457, 'lag_15': 0.18029038335465594, 'lag_16': 0.7805123085960941, 'lag_17': 0.701164527951627, 'lag_18': 0.349606125552418, 'lag_19': 0.0009430554665367796, 'lag_20': 0.8757102983737466, 'lag_21': 0.9823851991254255, 'lag_22': 0.06392655159825139, 'lag_23': 0.9805696181667292, 'lag_24': 0.9925824269563286, 'lag_25': 0.476016693065856, 'lag_26': 0.9801879757457708, 'lag_27': 0.4810309828615029, 'lag_28': 0.9689014139904063}. Best is trial 2 with value: 0.004333094575677212.
[I 2025-09-29 13:07:04,194] Trial 11 finished with value: 0.005014600133498864 and parameters: {'lag_0': 0.0511423129699455, 'lag_1': 0.2662862233283723, 'lag_2': 0.33029192647224836, 'lag_3': 0.6314950337665253, 'lag_4': 0.9826539552458875, 'lag_5': 0.2211147352698213, 'lag_6': 0.9780979214315529, 'lag_7': 0.020108065732770124, 'lag_8': 0.9666600466663324, 'lag_9': 0.010539545738822043, 'lag_10': 0.056264844436804344, 'lag_11': 0.2995848477446875, 'lag_12': 0.617921544911624, 'lag_13': 0.7377685582465399, 'lag_14': 0.0859584450464581, 'lag_15': 0.061736813654740555, 'lag_16': 0.8053386875920983, 'lag_17': 0.6976821579518508, 'lag_18': 0.3491441263401399, 'lag_19': 0.011500771393783915, 'lag_20': 0.9809090754021008, 'lag_21': 0.9165819928084362, 'lag_22': 0.10901518713476155, 'lag_23': 0.9743697372909275, 'lag_24': 0.9354835121233172, 'lag_25': 0.4695603213255118, 'lag_26': 0.9986099854931682, 'lag_27': 0.44919289074032887, 'lag_28': 0.9900637791036233}. Best is trial 2 with value: 0.004333094575677212.
[I 2025-09-29 13:07:06,699] Trial 12 finished with value: 0.005841207329796335 and parameters: {'lag_0': 0.23763843469658646, 'lag_1': 0.3520779164766995, 'lag_2': 0.32775955455295075, 'lag_3': 0.7131565844444475, 'lag_4': 0.8313624149909932, 'lag_5': 0.28189872109851133, 'lag_6': 0.7886314404114776, 'lag_7': 0.13948878613770074, 'lag_8': 0.9082112538061219, 'lag_9': 0.009603154534194414, 'lag_10': 0.008367296867439637, 'lag_11': 0.266790215284631, 'lag_12': 0.6774348949173399, 'lag_13': 0.7643234474809674, 'lag_14': 0.05448573583223576, 'lag_15': 0.009624227859857781, 'lag_16': 0.8059923804689028, 'lag_17': 0.6609406570412758, 'lag_18': 0.34948268100875673, 'lag_19': 0.011042451267728098, 'lag_20': 0.9900035990711465, 'lag_21': 0.815894938325162, 'lag_22': 0.256738563304295, 'lag_23': 0.99836649263723, 'lag_24': 0.9170680970974311, 'lag_25': 0.4426130849094987, 'lag_26': 0.7642493965331301, 'lag_27': 0.4814862823119219, 'lag_28': 0.981232578255363}. Best is trial 2 with value: 0.004333094575677212.
[I 2025-09-29 13:07:09,205] Trial 13 finished with value: 0.005713602220694921 and parameters: {'lag_0': 0.23071287922858438, 'lag_1': 0.2282325665466175, 'lag_2': 0.3909199278540211, 'lag_3': 0.7170995737890015, 'lag_4': 0.5480114309731667, 'lag_5': 0.5558585282148858, 'lag_6': 0.8064503668359495, 'lag_7': 0.1412427134474194, 'lag_8': 0.0164405253240289, 'lag_9': 0.20739263232689958, 'lag_10': 0.2701337360355987, 'lag_11': 0.6505376080582137, 'lag_12': 0.5120694858402218, 'lag_13': 0.8180335685540283, 'lag_14': 0.26828037987132597, 'lag_15': 0.46225103810627743, 'lag_16': 0.8557868202113116, 'lag_17': 0.6619616084186059, 'lag_18': 0.4104816587842054, 'lag_19': 0.22106492649818388, 'lag_20': 0.8185480279992421, 'lag_21': 0.9723560928148713, 'lag_22': 0.22353185725912894, 'lag_23': 0.8143024623677666, 'lag_24': 0.255415172549468, 'lag_25': 0.6111262732134168, 'lag_26': 0.8267127232265348, 'lag_27': 0.644038984013756, 'lag_28': 0.8393588768728476}. Best is trial 2 with value: 0.004333094575677212.
[I 2025-09-29 13:07:11,718] Trial 14 finished with value: 0.006340164401483104 and parameters: {'lag_0': 0.23209957164346395, 'lag_1': 0.6200060471778659, 'lag_2': 0.215816996266821, 'lag_3': 0.3782024405934584, 'lag_4': 0.8194519973672731, 'lag_5': 0.15195128592517412, 'lag_6': 0.9980717873381872, 'lag_7': 0.35512473451619575, 'lag_8': 0.32478526758035253, 'lag_9': 0.18672451641937338, 'lag_10': 0.9292592157072579, 'lag_11': 0.21010395256807576, 'lag_12': 0.5229273948212931, 'lag_13': 0.4250131920865025, 'lag_14': 0.19338010448065868, 'lag_15': 0.15299039406923343, 'lag_16': 0.6708002490021412, 'lag_17': 0.7808393705885031, 'lag_18': 0.5658286772057708, 'lag_19': 0.3538848018299897, 'lag_20': 0.5592964327827592, 'lag_21': 0.7508841696630836, 'lag_22': 0.002398776730607899, 'lag_23': 0.8300240913675951, 'lag_24': 0.8122955278084838, 'lag_25': 0.32442556190774685, 'lag_26': 0.5960105623917288, 'lag_27': 0.3420618820374802, 'lag_28': 0.2554597734330173}. Best is trial 2 with value: 0.004333094575677212.
[I 2025-09-29 13:07:14,226] Trial 15 finished with value: 0.005348729868786416 and parameters: {'lag_0': 0.39341723399658113, 'lag_1': 0.8270706084151269, 'lag_2': 0.4752049080437945, 'lag_3': 0.45476056114821445, 'lag_4': 0.8597102645365255, 'lag_5': 0.005506896075107043, 'lag_6': 0.83299559164518, 'lag_7': 0.10773993357540741, 'lag_8': 0.9968820310926045, 'lag_9': 0.11710911377554656, 'lag_10': 0.17633195662393727, 'lag_11': 0.3886460154570451, 'lag_12': 0.2033979766130099, 'lag_13': 0.6568902349118132, 'lag_14': 0.4105741399841085, 'lag_15': 0.3425530185554658, 'lag_16': 0.23115184694461605, 'lag_17': 0.995270170522919, 'lag_18': 0.2399879107007844, 'lag_19': 0.11955115374663222, 'lag_20': 0.7334209884861245, 'lag_21': 0.6858823439219945, 'lag_22': 0.38199547489738456, 'lag_23': 0.6853151027193054, 'lag_24': 0.25590651254772045, 'lag_25': 0.3318480958324267, 'lag_26': 0.19875215940049834, 'lag_27': 0.652210792865321, 'lag_28': 0.8598350595472586}. Best is trial 2 with value: 0.004333094575677212.
[I 2025-09-29 13:07:16,741] Trial 16 finished with value: 0.005459869901166835 and parameters: {'lag_0': 0.11663160619046903, 'lag_1': 0.18025360391177744, 'lag_2': 0.2608933591183522, 'lag_3': 0.7219588727525029, 'lag_4': 0.5419857878514724, 'lag_5': 0.5383814154905913, 'lag_6': 0.6557199657723947, 'lag_7': 0.8153133037813154, 'lag_8': 0.6010161412428057, 'lag_9': 0.3145127172609708, 'lag_10': 0.7869004405204528, 'lag_11': 0.17217900572513148, 'lag_12': 0.007537839811044278, 'lag_13': 0.07342018098145653, 'lag_14': 0.09035023986688848, 'lag_15': 0.09997004947674157, 'lag_16': 0.7023844338288268, 'lag_17': 0.5608935232154884, 'lag_18': 0.4919002225656842, 'lag_19': 0.7318982066770123, 'lag_20': 0.9980188740299176, 'lag_21': 0.8836859195731038, 'lag_22': 0.1703236295476331, 'lag_23': 0.9155526309155786, 'lag_24': 0.8115189846915587, 'lag_25': 0.5787022866369105, 'lag_26': 0.8360080215890062, 'lag_27': 0.35054378898777544, 'lag_28': 0.6685645911321032}. Best is trial 2 with value: 0.004333094575677212.
[I 2025-09-29 13:07:19,244] Trial 17 finished with value: 0.006000347074509424 and parameters: {'lag_0': 0.33720566295244553, 'lag_1': 0.48844049853475213, 'lag_2': 0.044879182296061526, 'lag_3': 0.6114997543032142, 'lag_4': 0.9939874364152332, 'lag_5': 0.2852145024158196, 'lag_6': 0.43514306465574343, 'lag_7': 0.36193895217277167, 'lag_8': 0.8228493181797314, 'lag_9': 0.0015894742203606121, 'lag_10': 0.4088841297997339, 'lag_11': 0.38946708794127965, 'lag_12': 0.5789203026089796, 'lag_13': 0.9867677767850753, 'lag_14': 0.6087390444914149, 'lag_15': 0.38550454478574836, 'lag_16': 0.8967901534437173, 'lag_17': 0.9125618749792275, 'lag_18': 0.7429722567079313, 'lag_19': 0.44069201000605424, 'lag_20': 0.8462820101469763, 'lag_21': 0.42618527132009304, 'lag_22': 0.6229195515076205, 'lag_23': 0.06693612151789191, 'lag_24': 0.4099500702137949, 'lag_25': 0.6982826677390446, 'lag_26': 0.5692564627137123, 'lag_27': 0.5491366547121385, 'lag_28': 0.4948232329057548}. Best is trial 2 with value: 0.004333094575677212.
[I 2025-09-29 13:07:21,760] Trial 18 finished with value: 0.00567218076615063 and parameters: {'lag_0': 0.10775643444770695, 'lag_1': 0.3565122905598072, 'lag_2': 0.4639146838457102, 'lag_3': 0.8615524131988094, 'lag_4': 0.7760957793512668, 'lag_5': 0.45049551185385783, 'lag_6': 0.7108269862006256, 'lag_7': 0.21738893867678966, 'lag_8': 0.010645936305294368, 'lag_9': 0.33997642493982, 'lag_10': 0.2167757854427365, 'lag_11': 0.665316787154925, 'lag_12': 0.2040779784067771, 'lag_13': 0.8362340313781719, 'lag_14': 0.3045837314005584, 'lag_15': 0.9939662117986572, 'lag_16': 0.9972523610972581, 'lag_17': 0.5780972085878355, 'lag_18': 0.23397790984252537, 'lag_19': 0.12193227903491043, 'lag_20': 0.6336579431182316, 'lag_21': 0.6638317127238242, 'lag_22': 0.14757177946938635, 'lag_23': 0.717974770093644, 'lag_24': 0.014535415678715025, 'lag_25': 0.9884342528193256, 'lag_26': 0.8907002591978269, 'lag_27': 0.8379037240982324, 'lag_28': 0.9896023255972074}. Best is trial 2 with value: 0.004333094575677212.
