[I 2025-09-29 11:56:50,273] Trial 24 finished with value: 0.02034999723907937 and parameters: {'lag_0': 0.5271006267540874, 'lag_1': 0.9964146065855337, 'lag_2': 0.538412040695561, 'lag_3': 0.2821650477730494, 'lag_4': 0.5191621909056738, 'lag_5': 0.9700648150575121, 'lag_6': 0.1175154067036602, 'lag_7': 0.0805972274410029, 'lag_8': 0.060779200366156166, 'lag_9': 0.5704290118933774, 'lag_10': 0.7627925327305264, 'lag_11': 0.18094351993118346, 'lag_12': 0.8173693687274065, 'lag_13': 0.8695083673108728, 'lag_14': 0.5329019802912744, 'lag_15': 0.0030025852364320496, 'lag_16': 0.5612599415282087, 'lag_17': 0.22925234003415557, 'lag_18': 0.6342698541194127, 'lag_19': 0.1352935049365987, 'lag_20': 0.1915431649329753, 'lag_21': 0.9255248536201911, 'lag_22': 0.7892151881381284, 'lag_23': 0.3536155563672403, 'lag_24': 0.5597584423313073, 'lag_25': 0.9886983443674984, 'lag_26': 0.5655945546685528, 'lag_27': 0.2360134630558176, 'lag_28': 0.7234747802051334}. Best is trial 10 with value: 0.020055745421222265.
[I 2025-09-29 11:56:52,582] Trial 25 finished with value: 0.02052451455719099 and parameters: {'lag_0': 0.633775237895001, 'lag_1': 0.7703597613489117, 'lag_2': 0.3126807598180156, 'lag_3': 0.41008748476596646, 'lag_4': 0.4406739983292502, 'lag_5': 0.579328841311193, 'lag_6': 0.6271187959568674, 'lag_7': 0.3466532499297057, 'lag_8': 0.2893609002200601, 'lag_9': 0.7169881699594736, 'lag_10': 0.6219422153101882, 'lag_11': 0.05672137643824873, 'lag_12': 0.9224389516810821, 'lag_13': 0.7370046756040347, 'lag_14': 0.24682591609204071, 'lag_15': 0.1581115998586547, 'lag_16': 0.4179932345913531, 'lag_17': 0.5840736255858195, 'lag_18': 0.812909612868029, 'lag_19': 0.5917827688046672, 'lag_20': 0.4061333572875494, 'lag_21': 0.6175041580906913, 'lag_22': 0.43309988459934445, 'lag_23': 0.8341100018004552, 'lag_24': 0.7423225062079492, 'lag_25': 0.7423815995382559, 'lag_26': 0.46113564066262824, 'lag_27': 0.5691130401610163, 'lag_28': 0.5900680826689171}. Best is trial 10 with value: 0.020055745421222265.
[I 2025-09-29 11:56:54,892] Trial 26 finished with value: 0.020423966549445956 and parameters: {'lag_0': 0.4808683078832702, 'lag_1': 0.9216393926232777, 'lag_2': 0.0809100360724776, 'lag_3': 0.154538373630555, 'lag_4': 0.6919773034101925, 'lag_5': 0.8902631110025265, 'lag_6': 0.2457555864037042, 'lag_7': 0.08373421506568778, 'lag_8': 0.169236597731444, 'lag_9': 0.9087013934846445, 'lag_10': 0.8779872233659711, 'lag_11': 0.2378813641028965, 'lag_12': 0.537696875442686, 'lag_13': 0.5462373635841595, 'lag_14': 0.592723548823639, 'lag_15': 0.3219262935154744, 'lag_16': 0.6837222091290929, 'lag_17': 0.993346699427752, 'lag_18': 0.9202749115939293, 'lag_19': 0.37510093920663984, 'lag_20': 0.2775405586208176, 'lag_21': 0.9222155902737453, 'lag_22': 0.7065481361069068, 'lag_23': 0.5737066315484649, 'lag_24': 0.8812335161461968, 'lag_25': 0.8784063384477205, 'lag_26': 0.24237022744118897, 'lag_27': 0.39697114633392816, 'lag_28': 0.8982747261257491}. Best is trial 10 with value: 0.020055745421222265.
[I 2025-09-29 11:56:57,201] Trial 27 finished with value: 0.020312128524528468 and parameters: {'lag_0': 0.7454705457476876, 'lag_1': 0.8595041807467745, 'lag_2': 0.30769539031238546, 'lag_3': 0.5854958105345766, 'lag_4': 0.5469509716531816, 'lag_5': 0.7039003486736853, 'lag_6': 0.436257460919979, 'lag_7': 0.19125270612356796, 'lag_8': 0.5938337799108053, 'lag_9': 0.4069446140558056, 'lag_10': 0.7404730189642241, 'lag_11': 0.7257987078450161, 'lag_12': 0.6852590592406813, 'lag_13': 0.11742388473888044, 'lag_14': 0.42864121326627114, 'lag_15': 0.08261507663512202, 'lag_16': 0.890641494041712, 'lag_17': 0.6985345181207029, 'lag_18': 0.9851274935822553, 'lag_19': 0.46527695038986006, 'lag_20': 0.5493534962146986, 'lag_21': 0.7795942997057828, 'lag_22': 0.9998838649023346, 'lag_23': 0.44558669699966963, 'lag_24': 0.7159869129303484, 'lag_25': 0.49723060751026127, 'lag_26': 0.7100749845446706, 'lag_27': 0.7136877759270859, 'lag_28': 0.6795588879942532}. Best is trial 10 with value: 0.020055745421222265.
[I 2025-09-29 11:56:59,519] Trial 28 finished with value: 0.020518672831820503 and parameters: {'lag_0': 0.28892079584959496, 'lag_1': 0.7238232197471715, 'lag_2': 0.7176979337424622, 'lag_3': 0.0521942153389441, 'lag_4': 0.8755480186458273, 'lag_5': 0.4614748066761551, 'lag_6': 0.024075480880233147, 'lag_7': 0.00556769701785882, 'lag_8': 0.39583752785498577, 'lag_9': 0.14260517052666916, 'lag_10': 0.9965998065848038, 'lag_11': 0.09507685856994731, 'lag_12': 0.018938041715045317, 'lag_13': 0.9172140929790016, 'lag_14': 0.4978742211224775, 'lag_15': 0.20459702501234692, 'lag_16': 0.8025169401173582, 'lag_17': 0.4971231379796766, 'lag_18': 0.6250381905455384, 'lag_19': 0.12496486811286744, 'lag_20': 0.5065775988169431, 'lag_21': 0.39156172351991664, 'lag_22': 0.5911688034352893, 'lag_23': 0.17476353462265676, 'lag_24': 0.4173964991710659, 'lag_25': 0.931402659989004, 'lag_26': 0.35170354687152144, 'lag_27': 0.8792011688840023, 'lag_28': 0.7704063438651795}. Best is trial 10 with value: 0.020055745421222265.
[I 2025-09-29 11:57:01,831] Trial 29 finished with value: 0.020750787267787098 and parameters: {'lag_0': 0.45626891631160715, 'lag_1': 0.7890448926399484, 'lag_2': 0.3377784884932474, 'lag_3': 0.1988178697435244, 'lag_4': 0.08035227283520846, 'lag_5': 0.8171722989496226, 'lag_6': 0.578064424149731, 'lag_7': 0.5397500086666254, 'lag_8': 0.11086644911894272, 'lag_9': 0.2026497782458796, 'lag_10': 0.4755216922235927, 'lag_11': 0.1807621012703938, 'lag_12': 0.4275368572192597, 'lag_13': 0.8351037696435689, 'lag_14': 0.2405450779073159, 'lag_15': 0.9773827398878662, 'lag_16': 0.6148545840853861, 'lag_17': 0.2545182582069598, 'lag_18': 0.7898094897076778, 'lag_19': 0.5497810323382851, 'lag_20': 0.12107597006965398, 'lag_21': 0.6034556527221155, 'lag_22': 0.8848849903567277, 'lag_23': 0.6702523715740323, 'lag_24': 0.9958801675050781, 'lag_25': 0.3961022450427081, 'lag_26': 0.6342923327035696, 'lag_27': 0.001940101357704671, 'lag_28': 0.6576591861638341}. Best is trial 10 with value: 0.020055745421222265.
[I 2025-09-29 11:57:04,156] Trial 30 finished with value: 0.020372415638298974 and parameters: {'lag_0': 0.9311063913309546, 'lag_1': 0.5956830416791534, 'lag_2': 0.5377303646109219, 'lag_3': 0.39780953371360694, 'lag_4': 0.2356405007184869, 'lag_5': 0.5408158443565838, 'lag_6': 0.7243027199395153, 'lag_7': 0.2924367584269205, 'lag_8': 0.3427716018628512, 'lag_9': 0.3505206163318856, 'lag_10': 0.29907800495005343, 'lag_11': 0.4713750471499687, 'lag_12': 0.5721658064783793, 'lag_13': 0.6495345498428642, 'lag_14': 0.15271692503807038, 'lag_15': 0.40150333966475105, 'lag_16': 0.9632507050767463, 'lag_17': 0.3785757777470322, 'lag_18': 0.4675070747100026, 'lag_19': 0.24357037330378906, 'lag_20': 0.6417454469097285, 'lag_21': 0.42212902441286526, 'lag_22': 0.45998081775339233, 'lag_23': 0.24294342026539967, 'lag_24': 0.5524541226533787, 'lag_25': 0.5737531795187913, 'lag_26': 0.1649995421902858, 'lag_27': 0.29151518939777876, 'lag_28': 0.3908715057559211}. Best is trial 10 with value: 0.020055745421222265.
[I 2025-09-29 11:57:06,469] Trial 31 finished with value: 0.020144905454105515 and parameters: {'lag_0': 0.16495060161922004, 'lag_1': 0.9910955434326362, 'lag_2': 0.08083045303103384, 'lag_3': 0.30584041295826386, 'lag_4': 0.1198765718108037, 'lag_5': 0.8931191720857753, 'lag_6': 0.12965384265900304, 'lag_7': 0.9902344901741936, 'lag_8': 0.6696685441315561, 'lag_9': 0.21305938157832982, 'lag_10': 0.44539878403745703, 'lag_11': 0.40513757556111524, 'lag_12': 0.776937952585815, 'lag_13': 0.5958031399546028, 'lag_14': 0.7021262424927204, 'lag_15': 0.23641293798757973, 'lag_16': 0.5482650559298005, 'lag_17': 0.731464789487655, 'lag_18': 0.8865144237855823, 'lag_19': 0.1937089204890803, 'lag_20': 0.8665928592079696, 'lag_21': 0.1867863504231048, 'lag_22': 0.610550924443514, 'lag_23': 0.5467446682091313, 'lag_24': 0.593471100391412, 'lag_25': 0.7721570920721438, 'lag_26': 0.9664443866700942, 'lag_27': 0.6662429179099825, 'lag_28': 0.40746904284194146}. Best is trial 10 with value: 0.020055745421222265.
[I 2025-09-29 11:57:08,780] Trial 32 finished with value: 0.020280958921097953 and parameters: {'lag_0': 0.201882481359199, 'lag_1': 0.9239399801365864, 'lag_2': 0.05484372849286434, 'lag_3': 0.285929385889302, 'lag_4': 0.14021342450632318, 'lag_5': 0.9870291630832638, 'lag_6': 0.1979938099995271, 'lag_7': 0.7743207032661912, 'lag_8': 0.7221779689808745, 'lag_9': 0.0012830774980412823, 'lag_10': 0.650235042590468, 'lag_11': 0.9265492040961452, 'lag_12': 0.8557589017733194, 'lag_13': 0.4462739723421333, 'lag_14': 0.725195528090999, 'lag_15': 0.2902956866845312, 'lag_16': 0.5235930318578563, 'lag_17': 0.829626758435109, 'lag_18': 0.8832298728466654, 'lag_19': 0.017656714096934256, 'lag_20': 0.8727900696476796, 'lag_21': 0.25700398795062396, 'lag_22': 0.8018250974913766, 'lag_23': 0.5264447743466634, 'lag_24': 0.6645858798935448, 'lag_25': 0.784969883549749, 'lag_26': 0.8706984058204634, 'lag_27': 0.5728307251412351, 'lag_28': 0.5479046967686136}. Best is trial 10 with value: 0.020055745421222265.
[I 2025-09-29 11:57:11,095] Trial 33 finished with value: 0.020437710137091353 and parameters: {'lag_0': 0.02932836098590766, 'lag_1': 0.9915856185849443, 'lag_2': 0.20650381587918468, 'lag_3': 0.46486959562631647, 'lag_4': 0.0700098473696201, 'lag_5': 0.9005041140671839, 'lag_6': 0.08356724594365589, 'lag_7': 0.8429251711452873, 'lag_8': 0.5858069104238111, 'lag_9': 0.2300261114596079, 'lag_10': 0.3134913861721905, 'lag_11': 0.630249419086638, 'lag_12': 0.7780198879007552, 'lag_13': 0.5309452852990288, 'lag_14': 0.6514621992065333, 'lag_15': 0.09869488436188212, 'lag_16': 0.6996604322947781, 'lag_17': 0.6918444995794326, 'lag_18': 0.9324318685535807, 'lag_19': 0.33200021680013875, 'lag_20': 0.9552992693514569, 'lag_21': 0.12063852457550193, 'lag_22': 0.6121219316766277, 'lag_23': 0.36814752959671576, 'lag_24': 0.5870390634034055, 'lag_25': 0.70006604346612, 'lag_26': 0.9660026260086885, 'lag_27': 0.6680109048977693, 'lag_28': 0.426374743078896}. Best is trial 10 with value: 0.020055745421222265.
[I 2025-09-29 11:57:13,407] Trial 34 finished with value: 0.020712178201070037 and parameters: {'lag_0': 0.18774387306379015, 'lag_1': 0.8944061483044692, 'lag_2': 0.172031240503578, 'lag_3': 0.1013185576184714, 'lag_4': 0.6062575074537766, 'lag_5': 0.7961442552766764, 'lag_6': 0.28751897510045865, 'lag_7': 0.6171735933879959, 'lag_8': 0.762252456462622, 'lag_9': 0.09504970311403899, 'lag_10': 0.561134678433813, 'lag_11': 0.3695121066287004, 'lag_12': 0.6937091770529117, 'lag_13': 0.3588005523721969, 'lag_14': 0.8549841281421018, 'lag_15': 0.258538785278088, 'lag_16': 0.2534290311655614, 'lag_17': 0.493007384008425, 'lag_18': 0.8719999029155465, 'lag_19': 0.135149137001187, 'lag_20': 0.9192288027489832, 'lag_21': 0.21288014121199567, 'lag_22': 0.7123046904016215, 'lag_23': 0.11971118667042685, 'lag_24': 0.8598137001830214, 'lag_25': 0.8310176825216049, 'lag_26': 0.4331378729720564, 'lag_27': 0.5102125271315481, 'lag_28': 0.5390134932042556}. Best is trial 10 with value: 0.020055745421222265.
[I 2025-09-29 11:57:15,711] Trial 35 finished with value: 0.020096544342713657 and parameters: {'lag_0': 0.36806634282382045, 'lag_1': 0.8257668319371607, 'lag_2': 0.024904051297064543, 'lag_3': 0.18744017986645936, 'lag_4': 0.3198635495947297, 'lag_5': 0.016254427915703196, 'lag_6': 0.4011501916570932, 'lag_7': 0.5411419898825505, 'lag_8': 0.5257396208580276, 'lag_9': 0.5709624794796957, 'lag_10': 0.4830527901150455, 'lag_11': 0.5166958987614118, 'lag_12': 0.5891770568117771, 'lag_13': 0.6043215770849351, 'lag_14': 0.5918283126263285, 'lag_15': 0.08275390626057406, 'lag_16': 0.4253984598729703, 'lag_17': 0.5821416990448339, 'lag_18': 0.23309102235857737, 'lag_19': 0.2686589769102945, 'lag_20': 0.790725245151526, 'lag_21': 0.33534213964820253, 'lag_22': 0.5290437887644786, 'lag_23': 0.452835861170605, 'lag_24': 0.796910338970692, 'lag_25': 0.9401802757134744, 'lag_26': 0.2796161694364747, 'lag_27': 0.8423794652053747, 'lag_28': 0.3074923018505436}. Best is trial 10 with value: 0.020055745421222265.
[I 2025-09-29 11:57:18,026] Trial 36 finished with value: 0.02036922508289416 and parameters: {'lag_0': 0.3719707450188434, 'lag_1': 0.8425005286689873, 'lag_2': 0.15415252758169704, 'lag_3': 0.07158515237865998, 'lag_4': 0.2965253386320219, 'lag_5': 0.05138131599748576, 'lag_6': 0.4169065210392172, 'lag_7': 0.5871727566472105, 'lag_8': 0.5277340331799376, 'lag_9': 0.5864283429337459, 'lag_10': 0.48109044536837314, 'lag_11': 0.729484548837517, 'lag_12': 0.9067597777762655, 'lag_13': 0.6032359767808713, 'lag_14': 0.7551345149900585, 'lag_15': 0.2164360578913171, 'lag_16': 0.4285724529251845, 'lag_17': 0.6056798653395199, 'lag_18': 0.13328552034682856, 'lag_19': 0.08767531143846899, 'lag_20': 0.7892107683976965, 'lag_21': 0.3245574016332451, 'lag_22': 0.504791767327186, 'lag_23': 0.42939146178738424, 'lag_24': 0.3817493754434495, 'lag_25': 0.941916592694774, 'lag_26': 0.2952376842573469, 'lag_27': 0.8544416511025195, 'lag_28': 0.30794929921587894}. Best is trial 10 with value: 0.020055745421222265.
[I 2025-09-29 11:57:20,337] Trial 37 finished with value: 0.02053116530769573 and parameters: {'lag_0': 0.3029137262710836, 'lag_1': 0.8134598033875584, 'lag_2': 0.28173221014209776, 'lag_3': 0.18523812522266547, 'lag_4': 0.08905109724709062, 'lag_5': 0.17345707221421336, 'lag_6': 0.14156761308373164, 'lag_7': 0.6957174287071677, 'lag_8': 0.6310835671926891, 'lag_9': 0.5155744315732127, 'lag_10': 0.3259388039214005, 'lag_11': 0.6037211322587261, 'lag_12': 0.8070841448961172, 'lag_13': 0.7938329825185704, 'lag_14': 0.5930600871710624, 'lag_15': 0.09302810946557427, 'lag_16': 0.32422685345224456, 'lag_17': 0.7080883470633346, 'lag_18': 0.2749098611159966, 'lag_19': 0.1686873526913982, 'lag_20': 0.7675060195258929, 'lag_21': 0.48752692280481336, 'lag_22': 0.30019759917190897, 'lag_23': 0.4763229312111047, 'lag_24': 0.3135714883795879, 'lag_25': 0.8518315132415131, 'lag_26': 0.19256372476338124, 'lag_27': 0.9464693714230132, 'lag_28': 0.2669547394265215}. Best is trial 10 with value: 0.020055745421222265.
[I 2025-09-29 11:57:22,651] Trial 38 finished with value: 0.02067560916623618 and parameters: {'lag_0': 0.09052972497261401, 'lag_1': 0.6841707772004834, 'lag_2': 0.439066833132703, 'lag_3': 0.2644121470777717, 'lag_4': 0.3661074884923593, 'lag_5': 0.33654181737745825, 'lag_6': 0.37526786558071923, 'lag_7': 0.913287407025393, 'lag_8': 0.4834600032604059, 'lag_9': 0.6547203898457612, 'lag_10': 0.18851015778165275, 'lag_11': 0.5042184010673226, 'lag_12': 0.6101550703933507, 'lag_13': 0.7326649988532992, 'lag_14': 0.838554531954026, 'lag_15': 0.5454962097708076, 'lag_16': 0.14428095522592654, 'lag_17': 0.8645355585153227, 'lag_18': 0.3686863692605632, 'lag_19': 0.25436695303219636, 'lag_20': 0.8225209676460004, 'lag_21': 0.31849340871306786, 'lag_22': 0.09357061122357219, 'lag_23': 0.3080340890043616, 'lag_24': 0.9126718611224744, 'lag_25': 0.730293196345942, 'lag_26': 0.29794839049622174, 'lag_27': 0.7502047868112338, 'lag_28': 0.17602844154593508}. Best is trial 10 with value: 0.020055745421222265.
[I 2025-09-29 11:57:24,962] Trial 39 finished with value: 0.020722203688620728 and parameters: {'lag_0': 0.18018115737773008, 'lag_1': 0.218295574395719, 'lag_2': 0.3849963416386186, 'lag_3': 0.17823524380406947, 'lag_4': 0.23970009735982356, 'lag_5': 0.00770157108908227, 'lag_6': 0.4959015088860261, 'lag_7': 0.33903235842580337, 'lag_8': 0.9178036073827978, 'lag_9': 0.7392328666042738, 'lag_10': 0.9219173455515641, 'lag_11': 0.5329288375216426, 'lag_12': 0.5704155816029515, 'lag_13': 0.9493078792941583, 'lag_14': 0.9284562694022231, 'lag_15': 0.3332011519913068, 'lag_16': 0.445902238400353, 'lag_17': 0.780721918707387, 'lag_18': 0.06993414812636878, 'lag_19': 0.34359816745032024, 'lag_20': 0.017086313643699058, 'lag_21': 0.4370758488926426, 'lag_22': 0.5241120466160207, 'lag_23': 0.6284460023070704, 'lag_24': 0.11837063535270903, 'lag_25': 0.3322307043418258, 'lag_26': 0.04122335328715157, 'lag_27': 0.9139235736689223, 'lag_28': 0.35449199199091236}. Best is trial 10 with value: 0.020055745421222265.
[I 2025-09-29 11:57:27,272] Trial 40 finished with value: 0.020295666259088435 and parameters: {'lag_0': 0.41076865683724695, 'lag_1': 0.9387818963912635, 'lag_2': 0.8499894684030496, 'lag_3': 0.8188534204158436, 'lag_4': 0.15646635491089786, 'lag_5': 0.20505665394163491, 'lag_6': 0.21743479664295046, 'lag_7': 0.5114678290844545, 'lag_8': 0.773135623572924, 'lag_9': 0.6354851805255501, 'lag_10': 0.5242461717622546, 'lag_11': 0.4426772614028007, 'lag_12': 0.945315079581284, 'lag_13': 0.7564655836041173, 'lag_14': 0.6808836115515503, 'lag_15': 0.6713288421501697, 'lag_16': 0.3709959270925311, 'lag_17': 0.133990831404037, 'lag_18': 0.3168585581799167, 'lag_19': 0.0031479953993183707, 'lag_20': 0.9094654297143395, 'lag_21': 0.04410279526524585, 'lag_22': 0.4618717340300274, 'lag_23': 0.7592283110094122, 'lag_24': 0.611456439048718, 'lag_25': 0.6039304169917403, 'lag_26': 0.3949847756005036, 'lag_27': 0.7938083203960872, 'lag_28': 0.04721970110666612}. Best is trial 10 with value: 0.020055745421222265.
[I 2025-09-29 11:57:29,594] Trial 41 finished with value: 0.020357300321057415 and parameters: {'lag_0': 0.32244517992293303, 'lag_1': 0.9521274102742359, 'lag_2': 0.04489630500959171, 'lag_3': 0.3304763772014095, 'lag_4': 0.23263591790017168, 'lag_5': 0.27183724195913583, 'lag_6': 0.2839189848363633, 'lag_7': 0.05279619364509692, 'lag_8': 0.45172384915137354, 'lag_9': 0.5360259963157076, 'lag_10': 0.37682711201671326, 'lag_11': 0.0608579930485289, 'lag_12': 0.46488959137744246, 'lag_13': 0.4953311774404617, 'lag_14': 0.3750437481405488, 'lag_15': 0.053462450244510455, 'lag_16': 0.5264030466844792, 'lag_17': 0.5448995699596947, 'lag_18': 0.941138653568034, 'lag_19': 0.25590703075216337, 'lag_20': 0.9922469709632373, 'lag_21': 0.2085206070337981, 'lag_22': 0.5385644237861436, 'lag_23': 0.51341994226137, 'lag_24': 0.7810278888699532, 'lag_25': 0.9530223217021168, 'lag_26': 0.4965182299706198, 'lag_27': 0.6919240430360802, 'lag_28': 0.23449433116264368}. Best is trial 10 with value: 0.020055745421222265.
[I 2025-09-29 11:57:31,902] Trial 42 finished with value: 0.02039940567565208 and parameters: {'lag_0': 0.5374000377632651, 'lag_1': 0.8886957117129092, 'lag_2': 0.03952847859279871, 'lag_3': 0.3851496774491636, 'lag_4': 0.45589326870453745, 'lag_5': 0.6655115074500524, 'lag_6': 0.32811470427027284, 'lag_7': 0.11513302536910422, 'lag_8': 0.545975256822616, 'lag_9': 0.45481784532605307, 'lag_10': 0.8136203352203386, 'lag_11': 0.33938210344038044, 'lag_12': 0.6703270651572448, 'lag_13': 0.6706754330007263, 'lag_14': 0.4956376910641988, 'lag_15': 0.001261100484835729, 'lag_16': 0.625670944170898, 'lag_17': 0.4686263341722368, 'lag_18': 0.8969606268376924, 'lag_19': 0.29277716899712447, 'lag_20': 0.717342820858017, 'lag_21': 0.5578791838620549, 'lag_22': 0.5715386985766465, 'lag_23': 0.33639845789477774, 'lag_24': 0.8013699582978535, 'lag_25': 0.8745185112688973, 'lag_26': 0.33962811774333274, 'lag_27': 0.6143780307566281, 'lag_28': 0.48061821827131}. Best is trial 10 with value: 0.020055745421222265.
[I 2025-09-29 11:57:34,213] Trial 43 finished with value: 0.020217626043508956 and parameters: {'lag_0': 0.4362677638930866, 'lag_1': 0.010087641948978487, 'lag_2': 0.005017681007986753, 'lag_3': 0.452254387084488, 'lag_4': 0.04710408572286074, 'lag_5': 0.9294056927245817, 'lag_6': 0.1722691914801377, 'lag_7': 0.6792426577584931, 'lag_8': 0.6186105183270391, 'lag_9': 0.29898114454708624, 'lag_10': 0.5583244098635562, 'lag_11': 0.2726780203469285, 'lag_12': 0.575152202605613, 'lag_13': 0.6155101975261578, 'lag_14': 0.573227736019, 'lag_15': 0.12867723033347123, 'lag_16': 0.8208860923580528, 'lag_17': 0.6007588547607505, 'lag_18': 0.21229473830711787, 'lag_19': 0.0769190654826723, 'lag_20': 0.8142699889397162, 'lag_21': 0.4699655789501677, 'lag_22': 0.7590660884221223, 'lag_23': 0.537492529981803, 'lag_24': 0.6777769661514985, 'lag_25': 0.797762105133701, 'lag_26': 0.7188144421588497, 'lag_27': 0.4505692529242087, 'lag_28': 0.7533950228008308}. Best is trial 10 with value: 0.020055745421222265.
[I 2025-09-29 11:57:36,528] Trial 44 finished with value: 0.020725319831221358 and parameters: {'lag_0': 0.38755628269594805, 'lag_1': 0.5147940999681075, 'lag_2': 0.10279063422064202, 'lag_3': 0.3059911777852543, 'lag_4': 0.3367767487115862, 'lag_5': 0.3753146352386805, 'lag_6': 0.39338622519261046, 'lag_7': 0.9674504896781894, 'lag_8': 0.7061597632434986, 'lag_9': 0.3708168288037219, 'lag_10': 0.46101134711882824, 'lag_11': 0.6769155336139177, 'lag_12': 0.7332777984079379, 'lag_13': 0.40155660677069394, 'lag_14': 0.6225204397471014, 'lag_15': 0.0701744674696769, 'lag_16': 0.4736990744351904, 'lag_17': 0.34316647854206184, 'lag_18': 0.5697833836933515, 'lag_19': 0.4409640312087096, 'lag_20': 0.9057073691483812, 'lag_21': 0.3356523967316729, 'lag_22': 0.6717597601622977, 'lag_23': 0.46347881631985705, 'lag_24': 0.48485974531742804, 'lag_25': 0.951350434077815, 'lag_26': 0.5525137980732889, 'lag_27': 0.5196550480690937, 'lag_28': 0.9312549743836526}. Best is trial 10 with value: 0.020055745421222265.
