[I 2025-09-29 13:24:13,297] Trial 46 finished with value: 0.006932199429424491 and parameters: {'lag_0': 0.381391822631597, 'lag_1': 0.07925402846751384, 'lag_2': 0.0684535628417764, 'lag_3': 0.132710165667292, 'lag_4': 0.7980392980104482, 'lag_5': 0.36707004545376554, 'lag_6': 0.6186915653217715, 'lag_7': 0.7796800885374175, 'lag_8': 0.13144741561974532, 'lag_9': 0.6418134687680839, 'lag_10': 0.20205139877217942, 'lag_11': 0.6192715663622722, 'lag_12': 0.2992501756144091, 'lag_13': 0.7038113562447407, 'lag_14': 0.9607712956066248, 'lag_15': 0.11359366629476014, 'lag_16': 0.44621137595323246, 'lag_17': 0.24925217757675938, 'lag_18': 0.6454544876696058, 'lag_19': 0.4237506503579406, 'lag_20': 0.6586761313713024, 'lag_21': 0.7055558004714968, 'lag_22': 0.3473855433569868, 'lag_23': 0.7494368615887876, 'lag_24': 0.8396660457734475, 'lag_25': 0.5583164665458462, 'lag_26': 0.2569454322409102, 'lag_27': 0.9431000696939474, 'lag_28': 0.08189077116435105}. Best is trial 3 with value: 0.003896264794124915.
[I 2025-09-29 13:24:15,792] Trial 47 finished with value: 0.006742348647479605 and parameters: {'lag_0': 0.8462316560381553, 'lag_1': 0.5603778784190612, 'lag_2': 0.26215595067383335, 'lag_3': 0.5355053791502765, 'lag_4': 0.5234915718625995, 'lag_5': 0.1561311089726758, 'lag_6': 0.17793539909280842, 'lag_7': 0.700304585268409, 'lag_8': 0.23588464222991595, 'lag_9': 0.5079944856450543, 'lag_10': 0.05977050033989589, 'lag_11': 0.7121357685069055, 'lag_12': 0.5161151768782857, 'lag_13': 0.056636363963842085, 'lag_14': 0.6856029139395575, 'lag_15': 0.273494460386424, 'lag_16': 0.6209527688232455, 'lag_17': 0.4402700664494705, 'lag_18': 0.5197978098293118, 'lag_19': 0.25561919704201397, 'lag_20': 0.5585448910867233, 'lag_21': 0.3674163753611654, 'lag_22': 0.18753629547164605, 'lag_23': 0.6845081353094179, 'lag_24': 0.186153896172704, 'lag_25': 0.6202310796393029, 'lag_26': 0.1467597792613669, 'lag_27': 0.23942980655627122, 'lag_28': 0.21835771272413848}. Best is trial 3 with value: 0.003896264794124915.
[I 2025-09-29 13:24:18,294] Trial 48 finished with value: 0.00626626425395229 and parameters: {'lag_0': 0.6046130201752937, 'lag_1': 0.6753727972126595, 'lag_2': 0.1662135047586923, 'lag_3': 0.00017914556859186664, 'lag_4': 0.25750387258377583, 'lag_5': 0.20622660451343994, 'lag_6': 0.02927252953239544, 'lag_7': 0.20783247871399463, 'lag_8': 0.7815823415210708, 'lag_9': 0.18754369916541558, 'lag_10': 0.7267094395282168, 'lag_11': 0.47441643199425265, 'lag_12': 0.35173699370058964, 'lag_13': 0.7968877402436177, 'lag_14': 0.12166313566495637, 'lag_15': 0.8328268423519521, 'lag_16': 0.008821079930380258, 'lag_17': 0.9551934727911366, 'lag_18': 0.06608626916003407, 'lag_19': 0.038344064929553445, 'lag_20': 0.7473584199089204, 'lag_21': 0.8769809111187292, 'lag_22': 0.9500676932648174, 'lag_23': 0.46435562603034397, 'lag_24': 0.010999780477536285, 'lag_25': 0.4616720282175099, 'lag_26': 0.6848108553343158, 'lag_27': 0.16793772799962775, 'lag_28': 0.5544856690049099}. Best is trial 3 with value: 0.003896264794124915.
[I 2025-09-29 13:24:20,796] Trial 49 finished with value: 0.006068131142738237 and parameters: {'lag_0': 0.7864591922845592, 'lag_1': 0.3404541943361736, 'lag_2': 0.20861689595722213, 'lag_3': 0.6892758659051674, 'lag_4': 0.1471117945753242, 'lag_5': 0.05137405105015114, 'lag_6': 0.3068770554771335, 'lag_7': 0.508800928568171, 'lag_8': 0.3215772229690288, 'lag_9': 0.2736434300703346, 'lag_10': 0.5416079800219099, 'lag_11': 0.3182695419117772, 'lag_12': 0.44161102105174743, 'lag_13': 0.5639999197273865, 'lag_14': 0.45707251283722244, 'lag_15': 0.6664231728658492, 'lag_16': 0.8194356052409326, 'lag_17': 0.6540689172266902, 'lag_18': 0.1600972540907598, 'lag_19': 0.6717671040319265, 'lag_20': 0.4641021140618861, 'lag_21': 0.47960794959806, 'lag_22': 0.8748709276214279, 'lag_23': 0.5848313155762024, 'lag_24': 0.3643213859267627, 'lag_25': 0.7649714647678703, 'lag_26': 0.4658918789465225, 'lag_27': 0.8634059504057705, 'lag_28': 0.6818345265217279}. Best is trial 3 with value: 0.003896264794124915.
[I 2025-09-29 13:24:23,303] Trial 50 finished with value: 0.0064252669639686035 and parameters: {'lag_0': 0.955623175433453, 'lag_1': 0.2344124090494638, 'lag_2': 0.4046744576834115, 'lag_3': 0.2661916389292795, 'lag_4': 0.8496795810120873, 'lag_5': 0.4494631331481531, 'lag_6': 0.09549212963804925, 'lag_7': 0.4290272496942266, 'lag_8': 0.18523017123830932, 'lag_9': 0.33223159147397285, 'lag_10': 0.10910064082877485, 'lag_11': 0.03935020671186549, 'lag_12': 0.611838717186901, 'lag_13': 0.12687250937075636, 'lag_14': 0.9456525734470446, 'lag_15': 0.9442796368207452, 'lag_16': 0.5125844804023703, 'lag_17': 0.8662753089660975, 'lag_18': 0.7738010679096501, 'lag_19': 0.36434594528686953, 'lag_20': 0.13912608867298112, 'lag_21': 0.3032071004780662, 'lag_22': 0.7749454475892265, 'lag_23': 0.29067915130916455, 'lag_24': 0.10087618014887756, 'lag_25': 0.9052570669683532, 'lag_26': 0.6219540848999316, 'lag_27': 0.5804033099437669, 'lag_28': 0.3744870116539182}. Best is trial 3 with value: 0.003896264794124915.
[I 2025-09-29 13:24:25,804] Trial 51 finished with value: 0.006787623953954519 and parameters: {'lag_0': 0.6245998592897806, 'lag_1': 0.7312263332422085, 'lag_2': 0.6016365942171044, 'lag_3': 0.3145397131316733, 'lag_4': 0.9528730066740129, 'lag_5': 0.2732421012623239, 'lag_6': 0.20552868545786274, 'lag_7': 0.5565388128756474, 'lag_8': 0.3762593223869103, 'lag_9': 0.10662160586591721, 'lag_10': 0.3265696978905126, 'lag_11': 0.1633066946139832, 'lag_12': 0.4078292105005687, 'lag_13': 0.19846800090643715, 'lag_14': 0.890792911197797, 'lag_15': 0.06195741554468858, 'lag_16': 0.7472445595241429, 'lag_17': 0.771853100196638, 'lag_18': 0.3036442405550166, 'lag_19': 0.11338272330958449, 'lag_20': 0.40973413674612985, 'lag_21': 0.16309812247635003, 'lag_22': 0.6599117970933436, 'lag_23': 0.6270870275321988, 'lag_24': 0.7716695626394199, 'lag_25': 0.8400352380650221, 'lag_26': 0.36713875152475073, 'lag_27': 0.5338116547556893, 'lag_28': 0.32505996780294166}. Best is trial 3 with value: 0.003896264794124915.
[I 2025-09-29 13:24:28,313] Trial 52 finished with value: 0.00481403074713528 and parameters: {'lag_0': 0.09707112686371283, 'lag_1': 0.7644266521684457, 'lag_2': 0.5637626153101329, 'lag_3': 0.20936338116246234, 'lag_4': 0.7331915746953843, 'lag_5': 0.36034001686898054, 'lag_6': 0.14584659195632577, 'lag_7': 0.6374204078023695, 'lag_8': 0.3298292162835837, 'lag_9': 0.22326176884776308, 'lag_10': 0.47031582604663535, 'lag_11': 0.14115604256537898, 'lag_12': 0.27513260463979944, 'lag_13': 0.23749369977279017, 'lag_14': 0.8152761531167199, 'lag_15': 0.4402525479445796, 'lag_16': 0.6002271118092904, 'lag_17': 0.8343422646058827, 'lag_18': 0.2346796258789522, 'lag_19': 0.11623795772083118, 'lag_20': 0.3924697162797463, 'lag_21': 0.17646091660034857, 'lag_22': 0.5825926241293772, 'lag_23': 0.6514487123208524, 'lag_24': 0.9249095148420832, 'lag_25': 0.6621450654053019, 'lag_26': 0.3336338847813812, 'lag_27': 0.46806078572102716, 'lag_28': 0.3310947308328299}. Best is trial 3 with value: 0.003896264794124915.
[I 2025-09-29 13:24:30,818] Trial 53 finished with value: 0.0057110206315027345 and parameters: {'lag_0': 0.07007310327267213, 'lag_1': 0.7929390019763917, 'lag_2': 0.5082678251701646, 'lag_3': 0.2060405450579784, 'lag_4': 0.7269805252740753, 'lag_5': 0.35689368690069506, 'lag_6': 0.13636699602194663, 'lag_7': 0.7305001790110193, 'lag_8': 0.43765010863122417, 'lag_9': 0.3865131868514658, 'lag_10': 0.6083058327963213, 'lag_11': 0.11427963999474035, 'lag_12': 0.26739249220364847, 'lag_13': 0.21570855974941394, 'lag_14': 0.8091156695204716, 'lag_15': 0.9972077725818248, 'lag_16': 0.580114528991003, 'lag_17': 0.6957207535671626, 'lag_18': 0.22322807351902962, 'lag_19': 0.18858602967553995, 'lag_20': 0.3256171183576837, 'lag_21': 0.23441601576778598, 'lag_22': 0.5886728648751405, 'lag_23': 0.5529432841424191, 'lag_24': 0.9215765050054405, 'lag_25': 0.7113389251200306, 'lag_26': 0.42959635819358866, 'lag_27': 0.4682585048900263, 'lag_28': 0.2809480904036703}. Best is trial 3 with value: 0.003896264794124915.
[I 2025-09-29 13:24:33,323] Trial 54 finished with value: 0.006667282465345518 and parameters: {'lag_0': 0.1874497095551505, 'lag_1': 0.9105278000260929, 'lag_2': 0.5624349075279358, 'lag_3': 0.12031700788651409, 'lag_4': 0.6808156445413841, 'lag_5': 0.22151718295449066, 'lag_6': 0.08700472726975159, 'lag_7': 0.6464421233961343, 'lag_8': 0.6631693123138526, 'lag_9': 0.23480603062191446, 'lag_10': 0.49367616558772953, 'lag_11': 0.24053241126243707, 'lag_12': 0.21443852304304536, 'lag_13': 0.6656309303474267, 'lag_14': 0.7362778845600957, 'lag_15': 0.5228768325281483, 'lag_16': 0.609404014003627, 'lag_17': 0.8504470084585988, 'lag_18': 0.04683080588353513, 'lag_19': 0.07879193456547685, 'lag_20': 0.3812986039450862, 'lag_21': 0.1946752001347256, 'lag_22': 0.4932955006199403, 'lag_23': 0.6614815594866937, 'lag_24': 0.5926516410430329, 'lag_25': 0.6635171939023925, 'lag_26': 0.5660933080042998, 'lag_27': 0.42183678249493645, 'lag_28': 0.4797217120069543}. Best is trial 3 with value: 0.003896264794124915.
[I 2025-09-29 13:24:35,832] Trial 55 finished with value: 0.0057752666978452384 and parameters: {'lag_0': 0.5372296064207804, 'lag_1': 0.6773107023210828, 'lag_2': 0.6392742976425817, 'lag_3': 0.17244742652192885, 'lag_4': 0.7388701144650517, 'lag_5': 0.37433376810094143, 'lag_6': 0.036677779428876844, 'lag_7': 0.6269974232678718, 'lag_8': 0.26269869423910364, 'lag_9': 0.14667381618207742, 'lag_10': 0.4654251140850905, 'lag_11': 0.05465967363639662, 'lag_12': 0.1661647689367915, 'lag_13': 0.292122738290654, 'lag_14': 0.8071951691131203, 'lag_15': 0.7561960086397349, 'lag_16': 0.69072749008308, 'lag_17': 0.8968890209293824, 'lag_18': 0.11111292232667878, 'lag_19': 0.13712796022389412, 'lag_20': 0.5280539336385615, 'lag_21': 0.4419949261892591, 'lag_22': 0.555321217619387, 'lag_23': 0.4804648210883545, 'lag_24': 0.6606842233004203, 'lag_25': 0.2953880344307774, 'lag_26': 0.24300824187920333, 'lag_27': 0.6412497128308795, 'lag_28': 0.4062489809123298}. Best is trial 3 with value: 0.003896264794124915.
[I 2025-09-29 13:24:38,334] Trial 56 finished with value: 0.004757265691885263 and parameters: {'lag_0': 0.10225842037105248, 'lag_1': 0.9757916326561319, 'lag_2': 0.4542514853950277, 'lag_3': 0.03956022842304978, 'lag_4': 0.5968116775093028, 'lag_5': 0.538477029456573, 'lag_6': 0.7387284766414457, 'lag_7': 0.7509798235418081, 'lag_8': 0.9535960977930784, 'lag_9': 0.44651643703817867, 'lag_10': 0.39413379612046023, 'lag_11': 0.005725945641855535, 'lag_12': 0.6971566801383937, 'lag_13': 0.5247943118840002, 'lag_14': 0.9997608866497261, 'lag_15': 0.8932060552625211, 'lag_16': 0.7093104812654027, 'lag_17': 0.9598018198012661, 'lag_18': 0.3957307648594626, 'lag_19': 0.5107905225578884, 'lag_20': 0.4534523816141693, 'lag_21': 0.09531394420463102, 'lag_22': 0.40430179321457294, 'lag_23': 0.9987059346160967, 'lag_24': 0.9418102097908931, 'lag_25': 0.6105484086092523, 'lag_26': 0.17492150306328683, 'lag_27': 0.687309571013603, 'lag_28': 0.3503245633887151}. Best is trial 3 with value: 0.003896264794124915.
[I 2025-09-29 13:24:40,836] Trial 57 finished with value: 0.005195830087527368 and parameters: {'lag_0': 0.11553877885649902, 'lag_1': 0.9780922976867649, 'lag_2': 0.44690775755111434, 'lag_3': 0.05389207407268479, 'lag_4': 0.5753237050389306, 'lag_5': 0.42891396819059663, 'lag_6': 0.7560253494290246, 'lag_7': 0.9879057162299287, 'lag_8': 0.9795355249240042, 'lag_9': 0.44115116153288075, 'lag_10': 0.3888181054408537, 'lag_11': 0.002283847971369119, 'lag_12': 0.10975573648373282, 'lag_13': 0.36933273269415245, 'lag_14': 0.0014109090464613505, 'lag_15': 0.7936766763005634, 'lag_16': 0.715485840513775, 'lag_17': 0.9625327114955183, 'lag_18': 0.2799831475430917, 'lag_19': 0.49706789582168415, 'lag_20': 0.6175624824792294, 'lag_21': 0.09240081304453239, 'lag_22': 0.4139636368736402, 'lag_23': 0.5300811836982222, 'lag_24': 0.9978314925371323, 'lag_25': 0.6028834338323276, 'lag_26': 0.1072033654782646, 'lag_27': 0.6948488665199322, 'lag_28': 0.34969515095407283}. Best is trial 3 with value: 0.003896264794124915.
[I 2025-09-29 13:24:43,345] Trial 58 finished with value: 0.006621324469157888 and parameters: {'lag_0': 0.24322336468693737, 'lag_1': 0.9668480157122008, 'lag_2': 0.3155850220233555, 'lag_3': 0.23167657718243875, 'lag_4': 0.7827742657170348, 'lag_5': 0.5278912104668082, 'lag_6': 0.8738198171180049, 'lag_7': 0.5821438436396105, 'lag_8': 0.3239449189681475, 'lag_9': 0.27920391076460666, 'lag_10': 0.39023348636297583, 'lag_11': 0.08426837249022853, 'lag_12': 0.6829087670214145, 'lag_13': 0.5042987614942344, 'lag_14': 0.9916322088719121, 'lag_15': 0.22995948980556496, 'lag_16': 0.6459784027454545, 'lag_17': 0.9392648804275164, 'lag_18': 0.3948573281936963, 'lag_19': 0.4530299066905733, 'lag_20': 0.45775924027322107, 'lag_21': 0.049826228749060564, 'lag_22': 0.05955955064965329, 'lag_23': 0.4357618751506555, 'lag_24': 0.9299890749398194, 'lag_25': 0.530011880414385, 'lag_26': 0.1748183057424318, 'lag_27': 0.8165939153982353, 'lag_28': 0.27243518904351904}. Best is trial 3 with value: 0.003896264794124915.
[I 2025-09-29 13:24:45,852] Trial 59 finished with value: 0.00669228515448166 and parameters: {'lag_0': 0.11161015178674473, 'lag_1': 0.870741703174854, 'lag_2': 0.4820377985877684, 'lag_3': 0.08584854412353973, 'lag_4': 0.6016386083602641, 'lag_5': 0.33652504126940286, 'lag_6': 0.16516040636454465, 'lag_7': 0.7556315141102922, 'lag_8': 0.3626820592488037, 'lag_9': 0.37588898597149467, 'lag_10': 0.6070144401122327, 'lag_11': 0.18087260278215492, 'lag_12': 0.2964257624405269, 'lag_13': 0.03393042442669955, 'lag_14': 0.9413743107751165, 'lag_15': 0.9081409168210972, 'lag_16': 0.8049312526190799, 'lag_17': 0.9909892219769291, 'lag_18': 0.16857624518680012, 'lag_19': 0.5911025656117702, 'lag_20': 0.5732930166197449, 'lag_21': 0.010817476124245592, 'lag_22': 0.18062699226797024, 'lag_23': 0.36335072859601797, 'lag_24': 0.8442427401175272, 'lag_25': 0.10461489563570825, 'lag_26': 0.3225591935362778, 'lag_27': 0.608033694709589, 'lag_28': 0.39471472962894777}. Best is trial 3 with value: 0.003896264794124915.
[I 2025-09-29 13:24:48,361] Trial 60 finished with value: 0.0053403560250489005 and parameters: {'lag_0': 0.07480780858314451, 'lag_1': 0.9329545358247255, 'lag_2': 0.3744721159006617, 'lag_3': 0.03432382521083931, 'lag_4': 0.042904911966662324, 'lag_5': 0.5842911492703072, 'lag_6': 0.9583295056553609, 'lag_7': 0.8617477932300764, 'lag_8': 0.11117990871330455, 'lag_9': 0.47051922362799525, 'lag_10': 0.45659081889988984, 'lag_11': 0.11439401177436868, 'lag_12': 0.34837587360901895, 'lag_13': 0.44508019529736953, 'lag_14': 0.8632574735545631, 'lag_15': 0.4528787315869997, 'lag_16': 0.47553317467424805, 'lag_17': 0.8294359321133479, 'lag_18': 0.03988450877161383, 'lag_19': 0.6546144623105226, 'lag_20': 0.5160145759283682, 'lag_21': 0.1926711090247115, 'lag_22': 0.3703674294200811, 'lag_23': 0.04367502403147616, 'lag_24': 0.9593781287391989, 'lag_25': 0.1973707469988411, 'lag_26': 0.4119690330792509, 'lag_27': 0.4638486715400585, 'lag_28': 0.20410070937579933}. Best is trial 3 with value: 0.003896264794124915.
[I 2025-09-29 13:24:50,867] Trial 61 finished with value: 0.006900888743198985 and parameters: {'lag_0': 0.03832683280743987, 'lag_1': 0.006283716465476824, 'lag_2': 0.43308281274249816, 'lag_3': 0.13386129176308847, 'lag_4': 0.3491330062974068, 'lag_5': 0.6706046338879907, 'lag_6': 0.7180987765705303, 'lag_7': 0.800677880566196, 'lag_8': 0.3110502725894035, 'lag_9': 0.4995531334276421, 'lag_10': 0.2498198769801652, 'lag_11': 0.02954346643391861, 'lag_12': 0.8238438875339706, 'lag_13': 0.618619507154404, 'lag_14': 0.9129451079143637, 'lag_15': 0.8743428737158041, 'lag_16': 0.6928494810061544, 'lag_17': 0.8959643535875572, 'lag_18': 0.5069641342581087, 'lag_19': 0.5800773545681013, 'lag_20': 0.23553607542875415, 'lag_21': 0.12758592465986252, 'lag_22': 0.6227903996481533, 'lag_23': 0.8556705567993539, 'lag_24': 0.85396805577559, 'lag_25': 0.6413323057840052, 'lag_26': 0.05006921736487252, 'lag_27': 0.7635803172206707, 'lag_28': 0.365624388275136}. Best is trial 3 with value: 0.003896264794124915.
[I 2025-09-29 13:24:53,378] Trial 62 finished with value: 0.0059001599048049995 and parameters: {'lag_0': 0.6935213608561694, 'lag_1': 0.837451504523336, 'lag_2': 0.8713370503553958, 'lag_3': 0.09861683840806121, 'lag_4': 0.8370383842989076, 'lag_5': 0.7493285098287383, 'lag_6': 0.597907097286745, 'lag_7': 0.0962825924669729, 'lag_8': 0.8850664236418208, 'lag_9': 0.3255710661347187, 'lag_10': 0.5199698544221565, 'lag_11': 0.564488718879866, 'lag_12': 0.7586789910410527, 'lag_13': 0.5486603646569069, 'lag_14': 0.9890297738464419, 'lag_15': 0.8361840813458633, 'lag_16': 0.5852343989325043, 'lag_17': 0.5210930822232006, 'lag_18': 0.4666865987879753, 'lag_19': 0.5153504888308731, 'lag_20': 0.31437487390174534, 'lag_21': 0.5754298021191032, 'lag_22': 0.7302123942315961, 'lag_23': 0.9623410676303739, 'lag_24': 0.9090439990661138, 'lag_25': 0.5830782755005774, 'lag_26': 0.21075362082733193, 'lag_27': 0.5631773560956954, 'lag_28': 0.503553472406402}. Best is trial 3 with value: 0.003896264794124915.
[I 2025-09-29 13:24:56,049] Trial 63 finished with value: 0.007003484344950098 and parameters: {'lag_0': 0.3045342898651392, 'lag_1': 0.04764791162640644, 'lag_2': 0.7694673194161274, 'lag_3': 0.16270680129513174, 'lag_4': 0.12889304654890366, 'lag_5': 0.8255264553304362, 'lag_6': 0.44616740098376645, 'lag_7': 0.5099666682508067, 'lag_8': 0.4095905544894809, 'lag_9': 0.41973026535856367, 'lag_10': 0.4081665284832279, 'lag_11': 0.6325596118410134, 'lag_12': 0.848670955286116, 'lag_13': 0.40839044036633343, 'lag_14': 0.9514193915664223, 'lag_15': 0.9588498494329292, 'lag_16': 0.6508387413490798, 'lag_17': 0.7741047100206264, 'lag_18': 0.33793634392672184, 'lag_19': 0.7220204748400643, 'lag_20': 0.3793294342925972, 'lag_21': 0.2517551176783744, 'lag_22': 0.9666843638824961, 'lag_23': 0.9965412144807763, 'lag_24': 0.4688700754168896, 'lag_25': 0.7372314848862874, 'lag_26': 0.13525122238137963, 'lag_27': 0.6128760681451082, 'lag_28': 0.24512545136446265}. Best is trial 3 with value: 0.003896264794124915.
[I 2025-09-29 13:24:58,563] Trial 64 finished with value: 0.005880793378321515 and parameters: {'lag_0': 0.1943457679813672, 'lag_1': 0.756336423234725, 'lag_2': 0.8329349901126766, 'lag_3': 0.03724828170735221, 'lag_4': 0.18772940251001594, 'lag_5': 0.9946741852638826, 'lag_6': 0.12193103897396845, 'lag_7': 0.7097165860686551, 'lag_8': 0.8711144454407008, 'lag_9': 0.2880939809930174, 'lag_10': 0.35083472933488213, 'lag_11': 0.09424073382500744, 'lag_12': 0.598635983237385, 'lag_13': 0.5119318733177854, 'lag_14': 0.2357199796925953, 'lag_15': 0.3803445871379119, 'lag_16': 0.7818743735745353, 'lag_17': 0.8249547999120332, 'lag_18': 0.41392067335804833, 'lag_19': 0.023960883051424776, 'lag_20': 0.4459210589866254, 'lag_21': 0.35104437551732437, 'lag_22': 0.6858463070286783, 'lag_23': 0.6929137945006054, 'lag_24': 0.7276136585890713, 'lag_25': 0.48585427368024203, 'lag_26': 0.184858552776678, 'lag_27': 0.6970542168402838, 'lag_28': 0.6417989692303662}. Best is trial 3 with value: 0.003896264794124915.
[I 2025-09-29 13:25:01,094] Trial 65 finished with value: 0.006698486637123774 and parameters: {'lag_0': 0.8739908506205067, 'lag_1': 0.907739130719483, 'lag_2': 0.5526625149842559, 'lag_3': 0.12114111752331108, 'lag_4': 0.6169995408483786, 'lag_5': 0.2563761244667325, 'lag_6': 0.6682790913957763, 'lag_7': 0.006709233944089513, 'lag_8': 0.9207810388579234, 'lag_9': 0.5462348451454074, 'lag_10': 0.7807693786379653, 'lag_11': 0.5467890881312397, 'lag_12': 0.23277678290763387, 'lag_13': 0.0923531069879963, 'lag_14': 0.8757194177142448, 'lag_15': 0.581343403739131, 'lag_16': 0.049704445275150194, 'lag_17': 0.88698969851543, 'lag_18': 0.2531683397369099, 'lag_19': 0.043665826050614365, 'lag_20': 0.2687686266421583, 'lag_21': 0.4005961410038259, 'lag_22': 0.5214739099721784, 'lag_23': 0.9394120589555901, 'lag_24': 0.3257691097763894, 'lag_25': 0.33699879543342337, 'lag_26': 0.340776144298665, 'lag_27': 0.728763516088415, 'lag_28': 0.17826943035947512}. Best is trial 3 with value: 0.003896264794124915.
[I 2025-09-29 13:25:03,619] Trial 66 finished with value: 0.0067957986845211 and parameters: {'lag_0': 0.36780348802784946, 'lag_1': 0.6225731148414736, 'lag_2': 0.6897237734851721, 'lag_3': 0.19708441175997468, 'lag_4': 0.5281633806008659, 'lag_5': 0.3090963749504644, 'lag_6': 0.07078290185380837, 'lag_7': 0.906696265512591, 'lag_8': 0.7691978493499794, 'lag_9': 0.21421724153647728, 'lag_10': 0.5514075139738804, 'lag_11': 0.7523948808867005, 'lag_12': 0.17925750291838066, 'lag_13': 0.5787286494374514, 'lag_14': 0.9978280775126344, 'lag_15': 0.8960487993272096, 'lag_16': 0.5294433468115408, 'lag_17': 0.7249469144310149, 'lag_18': 0.002286176664050456, 'lag_19': 0.2535856910608636, 'lag_20': 0.028768356618196156, 'lag_21': 0.1590893778197266, 'lag_22': 0.9124815025305195, 'lag_23': 0.878978467851235, 'lag_24': 0.27484644124892554, 'lag_25': 0.05281536805982373, 'lag_26': 0.549652118508205, 'lag_27': 0.5418653809051921, 'lag_28': 0.5923402519447561}. Best is trial 3 with value: 0.003896264794124915.
