[I 2025-09-29 13:10:49,333] Trial 4 finished with value: 0.008083076659252663 and parameters: {'lag_0': 0.5353011549512241, 'lag_1': 0.35245620542674627, 'lag_2': 0.48587290155138113, 'lag_3': 0.9490379228452351, 'lag_4': 0.2549168668209795, 'lag_5': 0.6804854462362709, 'lag_6': 0.6208387620704227, 'lag_7': 0.6707972703240891, 'lag_8': 0.6338013506893417, 'lag_9': 0.387307288373116, 'lag_10': 0.10279736638854343, 'lag_11': 0.19752090797476704, 'lag_12': 0.21203205221136118, 'lag_13': 0.7422884777483547, 'lag_14': 0.26451769305845424, 'lag_15': 0.9444702757028184, 'lag_16': 0.35754428037176694, 'lag_17': 0.17773410078237628, 'lag_18': 0.570515197156218, 'lag_19': 0.2063004740935114, 'lag_20': 0.19359913006612106, 'lag_21': 0.40895360901435934, 'lag_22': 0.3370891156945666, 'lag_23': 0.5183171673068555, 'lag_24': 0.1731578337895072, 'lag_25': 0.2907477046858913, 'lag_26': 0.33694622998430046, 'lag_27': 0.6383780581396468, 'lag_28': 0.3367407475645615}. Best is trial 1 with value: 0.007604444743927313.
[I 2025-09-29 13:10:51,783] Trial 5 finished with value: 0.007378583574228162 and parameters: {'lag_0': 0.2789836351097424, 'lag_1': 0.9108037947813583, 'lag_2': 0.42148772672805235, 'lag_3': 0.20984210662829933, 'lag_4': 0.5011671828614598, 'lag_5': 0.15027303081265733, 'lag_6': 0.30303163577401354, 'lag_7': 0.7828724945826828, 'lag_8': 0.11848100315960845, 'lag_9': 0.8454189998690786, 'lag_10': 0.38542057622130044, 'lag_11': 0.6188752349432785, 'lag_12': 0.9408281564009842, 'lag_13': 0.4155862618694902, 'lag_14': 0.6748433271365519, 'lag_15': 0.6449085547452983, 'lag_16': 0.42372812322431036, 'lag_17': 0.5224927187296278, 'lag_18': 0.22350486611970302, 'lag_19': 0.99313332558185, 'lag_20': 0.6535213805357333, 'lag_21': 0.666143138566695, 'lag_22': 0.40742337666302153, 'lag_23': 0.8363879459662567, 'lag_24': 0.24146807026232703, 'lag_25': 0.06897217627969264, 'lag_26': 0.5369592859797733, 'lag_27': 0.6530966488505611, 'lag_28': 0.679711619228045}. Best is trial 5 with value: 0.007378583574228162.
[I 2025-09-29 13:10:54,220] Trial 6 finished with value: 0.008193950148728197 and parameters: {'lag_0': 0.9642638406006312, 'lag_1': 0.5090290873002236, 'lag_2': 0.38572068649161445, 'lag_3': 0.19771585914364864, 'lag_4': 0.2529681819056299, 'lag_5': 0.21857400356136672, 'lag_6': 0.8572906883037256, 'lag_7': 0.9819301878664051, 'lag_8': 0.7793642256511057, 'lag_9': 0.19867348599101203, 'lag_10': 0.036908638966321475, 'lag_11': 0.50542384910906, 'lag_12': 0.8287431245251543, 'lag_13': 0.27559883463704477, 'lag_14': 0.7297830081551601, 'lag_15': 0.4207680047441271, 'lag_16': 0.48495496290252227, 'lag_17': 0.47705556540358945, 'lag_18': 0.24872205361723126, 'lag_19': 0.356633032896964, 'lag_20': 0.5682098285472527, 'lag_21': 0.938090916011429, 'lag_22': 0.32470000194514376, 'lag_23': 0.888870538012321, 'lag_24': 0.02930470187882029, 'lag_25': 0.9279101250166809, 'lag_26': 0.3855162477200921, 'lag_27': 0.668027565297897, 'lag_28': 0.99460372360666}. Best is trial 5 with value: 0.007378583574228162.
[I 2025-09-29 13:10:56,658] Trial 7 finished with value: 0.007702793939473121 and parameters: {'lag_0': 0.11244482624129482, 'lag_1': 0.30510495831583845, 'lag_2': 0.25254879282258286, 'lag_3': 0.33837166134302266, 'lag_4': 0.8409739033115695, 'lag_5': 0.5300958110652507, 'lag_6': 0.799970493178747, 'lag_7': 0.4070329183777866, 'lag_8': 0.005539395881362164, 'lag_9': 0.5589334550689611, 'lag_10': 0.28497311871789105, 'lag_11': 0.393844543380016, 'lag_12': 0.3521660296551799, 'lag_13': 0.2669386682829614, 'lag_14': 0.20506838370059932, 'lag_15': 0.6199298972005788, 'lag_16': 0.2933267222334825, 'lag_17': 0.1913381649326843, 'lag_18': 0.7904232510185573, 'lag_19': 0.3753086966900041, 'lag_20': 0.6647893734182458, 'lag_21': 0.6078570406851325, 'lag_22': 0.21707729245469384, 'lag_23': 0.31549278461225055, 'lag_24': 0.7152519428220906, 'lag_25': 0.9605483345703535, 'lag_26': 0.7988187766500362, 'lag_27': 0.715651907038824, 'lag_28': 0.7067116518819545}. Best is trial 5 with value: 0.007378583574228162.
[I 2025-09-29 13:10:59,094] Trial 8 finished with value: 0.007955184906529479 and parameters: {'lag_0': 0.6526127132669626, 'lag_1': 0.4826179681366605, 'lag_2': 0.6212057841369165, 'lag_3': 0.9033174680724999, 'lag_4': 0.3191639966658463, 'lag_5': 0.764197854135675, 'lag_6': 0.6321905051168994, 'lag_7': 0.628604693907287, 'lag_8': 0.026486546624969007, 'lag_9': 0.8183969624747447, 'lag_10': 0.058488307461711825, 'lag_11': 0.7389395511862598, 'lag_12': 0.3548444235209252, 'lag_13': 0.7478983116183507, 'lag_14': 0.38329528075920005, 'lag_15': 0.027921629219734352, 'lag_16': 0.8517181022076464, 'lag_17': 0.7642455596976462, 'lag_18': 0.5766407738027939, 'lag_19': 0.7648308054354109, 'lag_20': 0.767587368389674, 'lag_21': 0.7467505257703295, 'lag_22': 0.5051023005583772, 'lag_23': 0.5360873084081346, 'lag_24': 0.10766337063893076, 'lag_25': 0.1600321947311282, 'lag_26': 0.5690593986133052, 'lag_27': 0.005718927481229385, 'lag_28': 0.6403720063941744}. Best is trial 5 with value: 0.007378583574228162.
[I 2025-09-29 13:11:01,524] Trial 9 finished with value: 0.007771911390461753 and parameters: {'lag_0': 0.08580162797856455, 'lag_1': 0.03341204701537637, 'lag_2': 0.5001541613187731, 'lag_3': 0.08627483556235996, 'lag_4': 0.5360741023552161, 'lag_5': 0.7157535898001037, 'lag_6': 0.4692868370169142, 'lag_7': 0.006637203701811859, 'lag_8': 0.5802456911897944, 'lag_9': 0.5063954210972079, 'lag_10': 0.9677587215836904, 'lag_11': 0.0853610998875782, 'lag_12': 0.9880856429378173, 'lag_13': 0.8063081495403553, 'lag_14': 0.6493269243186341, 'lag_15': 0.8489106486932613, 'lag_16': 0.2833647356915713, 'lag_17': 0.23982144726510987, 'lag_18': 0.8586726145311255, 'lag_19': 0.8344481768958635, 'lag_20': 0.824157099595775, 'lag_21': 0.6290593693444717, 'lag_22': 0.7447900162934638, 'lag_23': 0.006924864219438469, 'lag_24': 0.9168799198305947, 'lag_25': 0.4330538904630326, 'lag_26': 0.0702183715255392, 'lag_27': 0.5963857966881754, 'lag_28': 0.2518753393759342}. Best is trial 5 with value: 0.007378583574228162.
[I 2025-09-29 13:11:04,011] Trial 10 finished with value: 0.008319007509602046 and parameters: {'lag_0': 0.7272971165137729, 'lag_1': 0.9966432992188389, 'lag_2': 0.04828409154894703, 'lag_3': 0.4189687894194239, 'lag_4': 0.5012120285617804, 'lag_5': 0.01299329135252536, 'lag_6': 0.11610231939816346, 'lag_7': 0.8617379917535217, 'lag_8': 0.3667598572996634, 'lag_9': 0.030022614814038284, 'lag_10': 0.7442145001094579, 'lag_11': 0.9794790259160914, 'lag_12': 0.9914908587957929, 'lag_13': 0.03618626057160629, 'lag_14': 0.9942720095967794, 'lag_15': 0.7085594113445164, 'lag_16': 0.6992622581044283, 'lag_17': 0.4813879738043437, 'lag_18': 0.33633910380131166, 'lag_19': 0.9990113262857843, 'lag_20': 0.03105670487194878, 'lag_21': 0.9110502948701591, 'lag_22': 0.6138524375377412, 'lag_23': 0.9984626233032304, 'lag_24': 0.36302275851619176, 'lag_25': 0.03727203675653209, 'lag_26': 0.9924951234393508, 'lag_27': 0.8878859918695351, 'lag_28': 0.4778370410953451}. Best is trial 5 with value: 0.007378583574228162.
[I 2025-09-29 13:11:06,496] Trial 11 finished with value: 0.014109682491001798 and parameters: {'lag_0': 0.023153216182824718, 'lag_1': 0.787330350985872, 'lag_2': 0.9362202742476489, 'lag_3': 0.6499374583397934, 'lag_4': 0.9673145640700271, 'lag_5': 0.2914091128878721, 'lag_6': 0.21925500563540107, 'lag_7': 0.3270644322812844, 'lag_8': 0.3163759131726483, 'lag_9': 0.7013723512779692, 'lag_10': 0.643007095808256, 'lag_11': 0.8400357895390768, 'lag_12': 0.8209097451432943, 'lag_13': 0.584180709085467, 'lag_14': 0.7859017642795909, 'lag_15': 0.4265317857635146, 'lag_16': 0.14055904887892617, 'lag_17': 0.9580319277019467, 'lag_18': 0.034030637170080716, 'lag_19': 0.012273718724638671, 'lag_20': 0.9609834594073591, 'lag_21': 0.0016763026668548675, 'lag_22': 0.12252186514816826, 'lag_23': 0.7697407167857777, 'lag_24': 0.39229343311718035, 'lag_25': 0.7221616508633105, 'lag_26': 0.44341349700299176, 'lag_27': 0.3223301342666008, 'lag_28': 0.7580836971941849}. Best is trial 5 with value: 0.007378583574228162.
[I 2025-09-29 13:11:08,974] Trial 12 finished with value: 0.007862837758500765 and parameters: {'lag_0': 0.2681841018157599, 'lag_1': 0.6602486170849032, 'lag_2': 0.7672369816095947, 'lag_3': 0.2996710842469943, 'lag_4': 0.9884549422990594, 'lag_5': 0.9481721848664753, 'lag_6': 0.29601595369526856, 'lag_7': 0.7661010901698776, 'lag_8': 0.2330010505175985, 'lag_9': 0.9919683085425474, 'lag_10': 0.3140964183934605, 'lag_11': 0.7375345570793613, 'lag_12': 0.5653647266151883, 'lag_13': 0.5862533899477929, 'lag_14': 0.4768421671301159, 'lag_15': 0.31346513511199, 'lag_16': 0.01435554344232548, 'lag_17': 0.6430628713078581, 'lag_18': 0.013727230188485845, 'lag_19': 0.6377421351776498, 'lag_20': 0.9696573878617887, 'lag_21': 0.30049086853613566, 'lag_22': 0.9520355620728894, 'lag_23': 0.31659551509712625, 'lag_24': 0.29988910474598474, 'lag_25': 0.6775380570104864, 'lag_26': 0.5762542214539214, 'lag_27': 0.8956525996687406, 'lag_28': 0.5063992145806202}. Best is trial 5 with value: 0.007378583574228162.
[I 2025-09-29 13:11:11,451] Trial 13 finished with value: 0.007875193863638278 and parameters: {'lag_0': 0.24623346944476376, 'lag_1': 0.9891342851845832, 'lag_2': 0.7620202197639875, 'lag_3': 0.018661036027965705, 'lag_4': 0.6789513492051508, 'lag_5': 0.32789048755872957, 'lag_6': 0.6640529585927175, 'lag_7': 0.26489763200436284, 'lag_8': 0.19395890328734272, 'lag_9': 0.9991952543621058, 'lag_10': 0.31977826233194345, 'lag_11': 0.9600959696580591, 'lag_12': 0.883511877633497, 'lag_13': 0.9695869398844718, 'lag_14': 0.8946745472544957, 'lag_15': 0.6398299219460429, 'lag_16': 0.5252498766366699, 'lag_17': 0.3338118673674561, 'lag_18': 0.23403396078433247, 'lag_19': 0.9999858572232816, 'lag_20': 0.7540658212546614, 'lag_21': 0.5695839862197778, 'lag_22': 0.5510541137568511, 'lag_23': 0.7336406066816332, 'lag_24': 0.5058685170288794, 'lag_25': 0.648918648578188, 'lag_26': 0.21517744201675415, 'lag_27': 0.40938818280616956, 'lag_28': 0.8223981619381565}. Best is trial 5 with value: 0.007378583574228162.
[I 2025-09-29 13:11:13,923] Trial 14 finished with value: 0.0074571019988472955 and parameters: {'lag_0': 0.3916821613750106, 'lag_1': 0.6071847742182562, 'lag_2': 0.32728420245241757, 'lag_3': 0.5323465033649517, 'lag_4': 0.00013281903149364727, 'lag_5': 0.060218401895296536, 'lag_6': 0.042654786120896016, 'lag_7': 0.46857357616743417, 'lag_8': 0.41424142602652925, 'lag_9': 0.7016322247753004, 'lag_10': 0.6496705306115936, 'lag_11': 0.6414044440107127, 'lag_12': 0.0688074471501191, 'lag_13': 0.1381088576121195, 'lag_14': 0.5247623701809634, 'lag_15': 0.5368160412298225, 'lag_16': 0.5941014682522239, 'lag_17': 0.065161724368337, 'lag_18': 0.15437728152550884, 'lag_19': 0.5851042151096474, 'lag_20': 0.8662770497129636, 'lag_21': 0.7397656667985947, 'lag_22': 0.22929689573537632, 'lag_23': 0.20907623502976275, 'lag_24': 0.20178651917704737, 'lag_25': 0.7673557515828593, 'lag_26': 0.5459204857469947, 'lag_27': 0.7813556749395192, 'lag_28': 0.5879199482087917}. Best is trial 5 with value: 0.007378583574228162.
[I 2025-09-29 13:11:16,399] Trial 15 finished with value: 0.007824553574054056 and parameters: {'lag_0': 0.4333390176911182, 'lag_1': 0.8494133035531765, 'lag_2': 0.29468102791124984, 'lag_3': 0.44260456994489505, 'lag_4': 0.09926310231044684, 'lag_5': 0.01863099992235826, 'lag_6': 0.046467466112248224, 'lag_7': 0.4658880825825449, 'lag_8': 0.4420811693602585, 'lag_9': 0.660081555857966, 'lag_10': 0.7500979282686389, 'lag_11': 0.2956136392509397, 'lag_12': 0.09468702121884875, 'lag_13': 0.04861867756677524, 'lag_14': 0.405576166845413, 'lag_15': 0.8010499864860237, 'lag_16': 0.6448571146300768, 'lag_17': 0.0005505095265541105, 'lag_18': 0.337875543735437, 'lag_19': 0.8489585588781313, 'lag_20': 0.3908904307719751, 'lag_21': 0.7614149651767596, 'lag_22': 0.2119295371477265, 'lag_23': 0.016510355983119007, 'lag_24': 0.21463031100372867, 'lag_25': 0.8081301627901274, 'lag_26': 0.6290298512761365, 'lag_27': 0.7858573153534356, 'lag_28': 0.5656116829129166}. Best is trial 5 with value: 0.007378583574228162.
[I 2025-09-29 13:11:18,877] Trial 16 finished with value: 0.00796230548631665 and parameters: {'lag_0': 0.34834657841169303, 'lag_1': 0.6856321705846219, 'lag_2': 0.05303634586865846, 'lag_3': 0.6200019625756485, 'lag_4': 0.42309119225044933, 'lag_5': 0.14972242494767352, 'lag_6': 0.003198719437114729, 'lag_7': 0.7549402898987334, 'lag_8': 0.14980330395378694, 'lag_9': 0.6904613934502764, 'lag_10': 0.6284567332683446, 'lag_11': 0.5857311383433252, 'lag_12': 0.004829359637104236, 'lag_13': 0.182613263760022, 'lag_14': 0.5807002246804001, 'lag_15': 0.3304862803055351, 'lag_16': 0.49702093386337753, 'lag_17': 0.031992157292301135, 'lag_18': 0.16739037293123998, 'lag_19': 0.5960305575301398, 'lag_20': 0.6478666058450033, 'lag_21': 0.7626586213604823, 'lag_22': 0.2289395126867152, 'lag_23': 0.2309183995168329, 'lag_24': 0.510442113725782, 'lag_25': 0.358733799804511, 'lag_26': 0.8736120178687677, 'lag_27': 0.981579257643449, 'lag_28': 0.43150969235156456}. Best is trial 5 with value: 0.007378583574228162.
[I 2025-09-29 13:11:21,349] Trial 17 finished with value: 0.007546857450302325 and parameters: {'lag_0': 0.5639904024457303, 'lag_1': 0.5959570100693492, 'lag_2': 0.40452358592902354, 'lag_3': 0.5406958693338562, 'lag_4': 0.008043933946248305, 'lag_5': 0.11667508549930838, 'lag_6': 0.2570832332929074, 'lag_7': 0.5238378703988298, 'lag_8': 0.4412684700472349, 'lag_9': 0.6071979298959431, 'lag_10': 0.21948821818563635, 'lag_11': 0.6262953586493089, 'lag_12': 0.3342360725258491, 'lag_13': 0.10073877324636266, 'lag_14': 0.792908079882809, 'lag_15': 0.5513165892911938, 'lag_16': 0.7234704356411016, 'lag_17': 0.6679117940915665, 'lag_18': 0.4303502521296768, 'lag_19': 0.8902528436173495, 'lag_20': 0.3757577423410073, 'lag_21': 0.8615663289440132, 'lag_22': 0.015061817955125484, 'lag_23': 0.17437825474389274, 'lag_24': 0.02219319108296694, 'lag_25': 0.5430610432536802, 'lag_26': 0.5268204671003576, 'lag_27': 0.7988861158022211, 'lag_28': 0.6173006334132698}. Best is trial 5 with value: 0.007378583574228162.
[I 2025-09-29 13:11:23,837] Trial 18 finished with value: 0.007330349777994105 and parameters: {'lag_0': 0.18476869970554058, 'lag_1': 0.8890449282681381, 'lag_2': 0.18190629208319864, 'lag_3': 0.2705713997958488, 'lag_4': 0.39581664542431816, 'lag_5': 0.3869755985863835, 'lag_6': 0.3653042332476127, 'lag_7': 0.8539884355632865, 'lag_8': 0.7535972455457352, 'lag_9': 0.7614435672054249, 'lag_10': 0.4113281361822555, 'lag_11': 0.4086983548759277, 'lag_12': 0.43681727939420134, 'lag_13': 0.43253512021827173, 'lag_14': 0.6998376368091205, 'lag_15': 0.7683338496933857, 'lag_16': 0.614565632636449, 'lag_17': 0.3680839776452322, 'lag_18': 0.1301605860767996, 'lag_19': 0.727392931956216, 'lag_20': 0.6810663043631635, 'lag_21': 0.6764554096983404, 'lag_22': 0.6237213373668677, 'lag_23': 0.4199999321138649, 'lag_24': 0.19749054359855175, 'lag_25': 0.5570463348183803, 'lag_26': 0.24861924143370057, 'lag_27': 0.764438146752879, 'lag_28': 0.21808406308310524}. Best is trial 18 with value: 0.007330349777994105.
[I 2025-09-29 13:11:26,333] Trial 19 finished with value: 0.0075974303169352485 and parameters: {'lag_0': 0.14400074204841473, 'lag_1': 0.8812589991612946, 'lag_2': 0.15903873592466372, 'lag_3': 0.24839788028242438, 'lag_4': 0.42166353549486313, 'lag_5': 0.4127968160708201, 'lag_6': 0.36774161151307216, 'lag_7': 0.8643433216163955, 'lag_8': 0.7813305611401202, 'lag_9': 0.7715494041259178, 'lag_10': 0.420665277882002, 'lag_11': 0.3176234569910849, 'lag_12': 0.46241602611999966, 'lag_13': 0.5259817517232458, 'lag_14': 0.725933300568923, 'lag_15': 0.73728048301739, 'lag_16': 0.9992119866092917, 'lag_17': 0.3613123521841168, 'lag_18': 0.43332655142721277, 'lag_19': 0.7434552732195208, 'lag_20': 0.6559022333467677, 'lag_21': 0.484472668084477, 'lag_22': 0.6769783232211661, 'lag_23': 0.39809227240312384, 'lag_24': 0.4368570981466461, 'lag_25': 0.15304185723436697, 'lag_26': 0.25489558157865483, 'lag_27': 0.3002466883810596, 'lag_28': 0.1276061027418262}. Best is trial 18 with value: 0.007330349777994105.
[I 2025-09-29 13:11:28,829] Trial 20 finished with value: 0.008043022552346984 and parameters: {'lag_0': 0.1987869519171804, 'lag_1': 0.903933933503158, 'lag_2': 0.14171533179746032, 'lag_3': 0.36455630610077394, 'lag_4': 0.6207531820559371, 'lag_5': 0.25481128739571035, 'lag_6': 0.5502971769816223, 'lag_7': 0.8481836006285126, 'lag_8': 0.7602152506861489, 'lag_9': 0.9122216738998751, 'lag_10': 0.16561231472463014, 'lag_11': 0.4048106718225903, 'lag_12': 0.645365765498678, 'lag_13': 0.4063512208883193, 'lag_14': 0.8722282484479759, 'lag_15': 0.8433615202754541, 'lag_16': 0.39604498789364384, 'lag_17': 0.3751726369532417, 'lag_18': 0.12227109829268741, 'lag_19': 0.9281163512209984, 'lag_20': 0.3873592737331926, 'lag_21': 0.6616787780955384, 'lag_22': 0.8575252701710862, 'lag_23': 0.6826507836015019, 'lag_24': 0.09735852907447445, 'lag_25': 0.5822425743461858, 'lag_26': 0.006461936248255973, 'lag_27': 0.5069496859774305, 'lag_28': 0.23012435280464694}. Best is trial 18 with value: 0.007330349777994105.
[I 2025-09-29 13:11:31,307] Trial 21 finished with value: 0.009637666226087202 and parameters: {'lag_0': 0.3407166186978066, 'lag_1': 0.7922161481393031, 'lag_2': 0.3318843191837298, 'lag_3': 0.7901850919192679, 'lag_4': 0.36736072290350774, 'lag_5': 0.1254167021548663, 'lag_6': 0.1546673177038934, 'lag_7': 0.6113156710980971, 'lag_8': 0.9731018346633933, 'lag_9': 0.7421660242385631, 'lag_10': 0.40720917500309434, 'lag_11': 0.5217856692475757, 'lag_12': 0.22696445768675885, 'lag_13': 0.30345441906031645, 'lag_14': 0.6591860794279787, 'lag_15': 0.5734365378664406, 'lag_16': 0.5982373728216532, 'lag_17': 0.593207698963472, 'lag_18': 0.2015674673919589, 'lag_19': 0.5646168178334856, 'lag_20': 0.8708451179407838, 'lag_21': 0.8210309409638392, 'lag_22': 0.45557727373361984, 'lag_23': 0.13802981062459624, 'lag_24': 0.21905507927451479, 'lag_25': 0.830457950139187, 'lag_26': 0.6574094253168089, 'lag_27': 0.7570809750469049, 'lag_28': 0.3655303776358433}. Best is trial 18 with value: 0.007330349777994105.
[I 2025-09-29 13:11:33,791] Trial 22 finished with value: 0.00778849120194141 and parameters: {'lag_0': 0.4758789581675694, 'lag_1': 0.5749540293946298, 'lag_2': 0.4471474742192291, 'lag_3': 0.4883056465974846, 'lag_4': 0.1593886797415261, 'lag_5': 0.17112832388700183, 'lag_6': 0.34641223798483584, 'lag_7': 0.7478875580866844, 'lag_8': 0.6924204597239051, 'lag_9': 0.42723242947070234, 'lag_10': 0.5993394556843883, 'lag_11': 0.6602257748406395, 'lag_12': 0.47360486543101593, 'lag_13': 0.19738758084027608, 'lag_14': 0.4273274672081451, 'lag_15': 0.7008144148260275, 'lag_16': 0.7870610619182858, 'lag_17': 0.11580704042614526, 'lag_18': 0.3008195507251985, 'lag_19': 0.7316267689751215, 'lag_20': 0.7239460422308749, 'lag_21': 0.6985978955649652, 'lag_22': 0.5860932193441555, 'lag_23': 0.42393076464752705, 'lag_24': 0.24482162082084108, 'lag_25': 0.8134269389617153, 'lag_26': 0.30755005051134765, 'lag_27': 0.8910087948165708, 'lag_28': 0.5804692683285964}. Best is trial 18 with value: 0.007330349777994105.
[I 2025-09-29 13:11:36,415] Trial 23 finished with value: 0.00764132932008117 and parameters: {'lag_0': 0.3183335401479971, 'lag_1': 0.8895285995406221, 'lag_2': 0.5927169572956219, 'lag_3': 0.14270490706614558, 'lag_4': 0.0031396127656610202, 'lag_5': 0.35345931679155485, 'lag_6': 0.17707573950609035, 'lag_7': 0.6991873955901224, 'lag_8': 0.8728577522630157, 'lag_9': 0.6274473065747489, 'lag_10': 0.7838107279418816, 'lag_11': 0.8469259832363609, 'lag_12': 0.2111094257288897, 'lag_13': 0.6087458427413208, 'lag_14': 0.5497412184304282, 'lag_15': 0.5224947737588871, 'lag_16': 0.5755952331717071, 'lag_17': 0.2714883827564264, 'lag_18': 0.11353876434491975, 'lag_19': 0.5659358555789722, 'lag_20': 0.602239314148285, 'lag_21': 0.9944779036127975, 'lag_22': 0.2864160396170935, 'lag_23': 0.8818820694701142, 'lag_24': 0.14630061737489794, 'lag_25': 0.409673779920088, 'lag_26': 0.13867849292176934, 'lag_27': 0.8304998156864397, 'lag_28': 0.6762917125645381}. Best is trial 18 with value: 0.007330349777994105.
[I 2025-09-29 13:11:38,897] Trial 24 finished with value: 0.007726109195232067 and parameters: {'lag_0': 0.179301650775124, 'lag_1': 0.7231146744695893, 'lag_2': 0.22405847204882312, 'lag_3': 0.5513433576248676, 'lag_4': 0.5855626644762602, 'lag_5': 0.06539897157100787, 'lag_6': 0.4668690061019776, 'lag_7': 0.4765695220691014, 'lag_8': 0.49756962362562857, 'lag_9': 0.9175739357198033, 'lag_10': 0.3941171897316689, 'lag_11': 0.4279681429573839, 'lag_12': 0.09292532008029125, 'lag_13': 0.478992323542082, 'lag_14': 0.6988399600945709, 'lag_15': 0.3312210438641945, 'lag_16': 0.4238054169084034, 'lag_17': 0.4358931381093498, 'lag_18': 0.3971358627228084, 'lag_19': 0.7994747725184896, 'lag_20': 0.8896175939112414, 'lag_21': 0.5208559651934241, 'lag_22': 0.43893992482294847, 'lag_23': 0.12874057907523198, 'lag_24': 0.27638530166841535, 'lag_25': 0.6023074181739455, 'lag_26': 0.4899015674919174, 'lag_27': 0.685835409082698, 'lag_28': 0.3722766680938312}. Best is trial 18 with value: 0.007330349777994105.
