[I 2025-09-29 13:22:18,049] Trial 3 finished with value: 0.0033805800835444025 and parameters: {'lag_0': 0.5143033869777914, 'lag_1': 0.23499183077537492, 'lag_2': 0.31738542295212846, 'lag_3': 0.13689461975216807, 'lag_4': 0.1512662763463298, 'lag_5': 0.1348450895020976, 'lag_6': 0.6150422417483913, 'lag_7': 0.5198510688900502, 'lag_8': 0.8876790178568644, 'lag_9': 0.16954689822754904, 'lag_10': 0.6236221017029172, 'lag_11': 0.7717710974856268, 'lag_12': 0.9264329429499369, 'lag_13': 0.6020282461254112, 'lag_14': 0.7818865633211778, 'lag_15': 0.7427123969500724, 'lag_16': 0.9409677680344991, 'lag_17': 0.6534613828095852, 'lag_18': 0.04849517489646581, 'lag_19': 0.5676477581351472, 'lag_20': 0.7930302450049523, 'lag_21': 0.9436149311906542, 'lag_22': 0.06125460399116365, 'lag_23': 0.05708689654450358, 'lag_24': 0.47306841487551327, 'lag_25': 0.2355804557934379, 'lag_26': 0.12501462054578383, 'lag_27': 0.8136772455168342, 'lag_28': 0.7528438718609236}. Best is trial 3 with value: 0.0033805800835444025.
[I 2025-09-29 13:22:20,454] Trial 4 finished with value: 0.002937585801737915 and parameters: {'lag_0': 0.8346860006832825, 'lag_1': 0.8383514757598949, 'lag_2': 0.20864694877983003, 'lag_3': 0.0677654895677358, 'lag_4': 0.28857819297895143, 'lag_5': 0.3175059372324564, 'lag_6': 0.7354639896108224, 'lag_7': 0.719889699787386, 'lag_8': 0.3899880976021728, 'lag_9': 0.49214709629623027, 'lag_10': 0.5736254522758184, 'lag_11': 0.2855030592184036, 'lag_12': 0.722492805991945, 'lag_13': 0.621814412254053, 'lag_14': 0.4714382862676299, 'lag_15': 0.6919533501735002, 'lag_16': 0.6968749523881503, 'lag_17': 0.2821979612757362, 'lag_18': 0.23902093804870028, 'lag_19': 0.43094263319239906, 'lag_20': 0.5225541821477973, 'lag_21': 0.38524170601963453, 'lag_22': 0.5553191987705776, 'lag_23': 0.36483625130412517, 'lag_24': 0.7833002383805877, 'lag_25': 0.7793159159240522, 'lag_26': 0.3068221185940051, 'lag_27': 0.17788667700294858, 'lag_28': 0.974425782669181}. Best is trial 4 with value: 0.002937585801737915.
[I 2025-09-29 13:22:22,865] Trial 5 finished with value: 0.0029038366431584947 and parameters: {'lag_0': 0.8278948611837792, 'lag_1': 0.20172599021488616, 'lag_2': 0.5604496020856794, 'lag_3': 0.7437111685527912, 'lag_4': 0.5630550558560986, 'lag_5': 0.22797291907063574, 'lag_6': 0.4662176530585117, 'lag_7': 0.8913455720390564, 'lag_8': 0.15399735903101278, 'lag_9': 0.29391293914004024, 'lag_10': 0.5577195926693288, 'lag_11': 0.44052758635525047, 'lag_12': 0.42291623217759433, 'lag_13': 0.9511657876713668, 'lag_14': 0.2697740886477577, 'lag_15': 0.9773865721117253, 'lag_16': 0.2590366985181411, 'lag_17': 0.7948729671096988, 'lag_18': 0.33779668438689947, 'lag_19': 0.1307886073734883, 'lag_20': 0.9285138156794234, 'lag_21': 0.4653341558942993, 'lag_22': 0.9730509433622311, 'lag_23': 0.34223479851219507, 'lag_24': 0.4726201945023355, 'lag_25': 0.847786172696479, 'lag_26': 0.3085663266243507, 'lag_27': 0.3881599371603572, 'lag_28': 0.016628195740868035}. Best is trial 5 with value: 0.0029038366431584947.
[I 2025-09-29 13:22:25,260] Trial 6 finished with value: 0.0028076009193905085 and parameters: {'lag_0': 0.5847781065756347, 'lag_1': 0.5735802351499171, 'lag_2': 0.19685095122997281, 'lag_3': 0.8475390992818175, 'lag_4': 0.6998721750962356, 'lag_5': 0.002048115217143281, 'lag_6': 0.9188153102189784, 'lag_7': 0.5908198352384643, 'lag_8': 0.6120776009198448, 'lag_9': 0.04374972589840269, 'lag_10': 0.0554813230361891, 'lag_11': 0.8844619160960798, 'lag_12': 0.626875451640845, 'lag_13': 0.1152137963639354, 'lag_14': 0.9099979699692994, 'lag_15': 0.9123159892609125, 'lag_16': 0.44648744840207794, 'lag_17': 0.8047869601279458, 'lag_18': 0.8746278417069999, 'lag_19': 0.7992063699368599, 'lag_20': 0.10151504596275965, 'lag_21': 0.9359813008155108, 'lag_22': 0.19462692794189224, 'lag_23': 0.2939706990691556, 'lag_24': 0.8563527601536821, 'lag_25': 0.7411159099565572, 'lag_26': 0.8614833899756116, 'lag_27': 0.3148045978296439, 'lag_28': 0.3071909665827402}. Best is trial 6 with value: 0.0028076009193905085.
[I 2025-09-29 13:22:27,663] Trial 7 finished with value: 0.0031163623568650225 and parameters: {'lag_0': 0.6233075668927119, 'lag_1': 0.9138675479417786, 'lag_2': 0.9118915448718017, 'lag_3': 0.30489683921029304, 'lag_4': 0.660562714452958, 'lag_5': 0.7537680242980377, 'lag_6': 0.16282262715375834, 'lag_7': 0.9248118633057928, 'lag_8': 0.617286509809966, 'lag_9': 0.8730241557751058, 'lag_10': 0.7097089667141261, 'lag_11': 0.9957949469371816, 'lag_12': 0.5233819474089102, 'lag_13': 0.7918435086306976, 'lag_14': 0.7100370841154121, 'lag_15': 0.10076018109036171, 'lag_16': 0.6181950231184197, 'lag_17': 0.8115708243649667, 'lag_18': 0.7264411994701382, 'lag_19': 0.4778338813415495, 'lag_20': 0.8377578424299044, 'lag_21': 0.4609138383608768, 'lag_22': 0.5580405609119214, 'lag_23': 0.07766007068383037, 'lag_24': 0.7993105011156797, 'lag_25': 0.26878295917295814, 'lag_26': 0.4010151030514043, 'lag_27': 0.3336683654233674, 'lag_28': 0.7487406665716682}. Best is trial 6 with value: 0.0028076009193905085.
[I 2025-09-29 13:22:30,062] Trial 8 finished with value: 0.0029101806486190756 and parameters: {'lag_0': 0.921930830646058, 'lag_1': 0.23982846292041507, 'lag_2': 0.7684337080434153, 'lag_3': 0.833643586075596, 'lag_4': 0.9012122734219729, 'lag_5': 0.13221032605308045, 'lag_6': 0.2742204625973757, 'lag_7': 0.5617807001178375, 'lag_8': 0.1557335253438675, 'lag_9': 0.9380958951956893, 'lag_10': 0.5845511354699885, 'lag_11': 0.993521047970964, 'lag_12': 0.23904629761510243, 'lag_13': 0.09852892899413175, 'lag_14': 0.004143129848802779, 'lag_15': 0.2602952586169673, 'lag_16': 0.5029122552528779, 'lag_17': 0.3243189182312062, 'lag_18': 0.7992862143412873, 'lag_19': 0.606378554569102, 'lag_20': 0.15226130685497094, 'lag_21': 0.48712306161654245, 'lag_22': 0.8957735305796792, 'lag_23': 0.5247118212080121, 'lag_24': 0.11051813141660943, 'lag_25': 0.8281829698661004, 'lag_26': 0.5211892274901124, 'lag_27': 0.8767472219542315, 'lag_28': 0.3061618649822502}. Best is trial 6 with value: 0.0028076009193905085.
[I 2025-09-29 13:22:32,455] Trial 9 finished with value: 0.003254850308328195 and parameters: {'lag_0': 0.43487411893565203, 'lag_1': 0.01734811321875787, 'lag_2': 0.5714780612936966, 'lag_3': 0.9542475898750569, 'lag_4': 0.22535042733124155, 'lag_5': 0.6294871125018292, 'lag_6': 0.325852453565004, 'lag_7': 0.31719718534221153, 'lag_8': 0.3918633895217418, 'lag_9': 0.5182615402576322, 'lag_10': 0.31551566122123753, 'lag_11': 0.1352457774798969, 'lag_12': 0.5611949364915139, 'lag_13': 0.003371143476384517, 'lag_14': 0.1447316822377429, 'lag_15': 0.9511162707764714, 'lag_16': 0.08911837793883524, 'lag_17': 0.4037915064346432, 'lag_18': 0.7803756888865838, 'lag_19': 0.5793885306520227, 'lag_20': 0.5478494795260869, 'lag_21': 0.7018044291131289, 'lag_22': 0.2565763882529533, 'lag_23': 0.5885235698255976, 'lag_24': 0.2161584809109703, 'lag_25': 0.5458093536617884, 'lag_26': 0.9100726284099072, 'lag_27': 0.07277119504892444, 'lag_28': 0.7705609265674137}. Best is trial 6 with value: 0.0028076009193905085.
[I 2025-09-29 13:22:34,901] Trial 10 finished with value: 0.002951416678065001 and parameters: {'lag_0': 0.04882937965910433, 'lag_1': 0.5457906283777667, 'lag_2': 0.06643358318544218, 'lag_3': 0.568819534961456, 'lag_4': 0.9882022117645322, 'lag_5': 0.4510125298030991, 'lag_6': 0.9384249637025077, 'lag_7': 0.011556827405488523, 'lag_8': 0.6886119820173304, 'lag_9': 0.029464471256125967, 'lag_10': 0.05606843181188672, 'lag_11': 0.7210959011046375, 'lag_12': 0.34869050906712956, 'lag_13': 0.33675397322404893, 'lag_14': 0.9557919831881408, 'lag_15': 0.6095310958237534, 'lag_16': 0.34241386472159874, 'lag_17': 0.9504940840224528, 'lag_18': 0.5330259858079429, 'lag_19': 0.9359011387589966, 'lag_20': 0.3255060123068294, 'lag_21': 0.999960964372304, 'lag_22': 0.29191501524751573, 'lag_23': 0.3160757752865023, 'lag_24': 0.9352332385879325, 'lag_25': 0.6135651254909807, 'lag_26': 0.9794041630968355, 'lag_27': 0.5918363042107455, 'lag_28': 0.1468652020462406}. Best is trial 6 with value: 0.0028076009193905085.
[I 2025-09-29 13:22:37,354] Trial 11 finished with value: 0.003629653198654689 and parameters: {'lag_0': 0.7628552213844182, 'lag_1': 0.5532129657204268, 'lag_2': 0.4124329939496161, 'lag_3': 0.7352958933863307, 'lag_4': 0.5600217968195522, 'lag_5': 0.00576433485857103, 'lag_6': 0.9956879851170722, 'lag_7': 0.3183873240820446, 'lag_8': 0.08292878596770552, 'lag_9': 0.30962789101438826, 'lag_10': 0.9098561293556713, 'lag_11': 0.4917907893345595, 'lag_12': 0.4043539616164267, 'lag_13': 0.3792470764793399, 'lag_14': 0.3942035046305524, 'lag_15': 0.9787996238753686, 'lag_16': 0.29735212099226405, 'lag_17': 0.6976460282748668, 'lag_18': 0.43523243979064463, 'lag_19': 0.9162258820480536, 'lag_20': 0.9975731858220892, 'lag_21': 0.046270162590009545, 'lag_22': 0.29639659653722145, 'lag_23': 0.30722891080345616, 'lag_24': 0.6027852780871024, 'lag_25': 0.9998419410796932, 'lag_26': 0.7572768355229071, 'lag_27': 0.308629149014991, 'lag_28': 0.005162691689562682}. Best is trial 6 with value: 0.0028076009193905085.
[I 2025-09-29 13:22:39,805] Trial 12 finished with value: 0.0031156553153226336 and parameters: {'lag_0': 0.31041732542776557, 'lag_1': 0.35840806127010005, 'lag_2': 0.016256894242110465, 'lag_3': 0.7324647954794836, 'lag_4': 0.46045003949943375, 'lag_5': 0.28771613020750275, 'lag_6': 0.028310119705883263, 'lag_7': 0.6870337078372569, 'lag_8': 0.2831090408955933, 'lag_9': 0.3072279565445235, 'lag_10': 0.2625613642911844, 'lag_11': 0.560238683067024, 'lag_12': 0.645111952021688, 'lag_13': 0.7404151548652306, 'lag_14': 0.32508442862783066, 'lag_15': 0.48672975317379125, 'lag_16': 0.011193323523808724, 'lag_17': 0.9996276946459276, 'lag_18': 0.9869739165071847, 'lag_19': 0.7561407060860417, 'lag_20': 0.3343565373242896, 'lag_21': 0.7105738451795923, 'lag_22': 0.9749245450947253, 'lag_23': 0.6619172469116148, 'lag_24': 0.6041127479836044, 'lag_25': 0.7710036239998999, 'lag_26': 0.0487764256672476, 'lag_27': 0.5715831866971408, 'lag_28': 0.20178868639737862}. Best is trial 6 with value: 0.0028076009193905085.
[I 2025-09-29 13:22:42,253] Trial 13 finished with value: 0.0027642933422366506 and parameters: {'lag_0': 0.9506523929987366, 'lag_1': 0.4058822239281153, 'lag_2': 0.4429863153430733, 'lag_3': 0.9722663394247862, 'lag_4': 0.7071261106321524, 'lag_5': 0.03442652825597909, 'lag_6': 0.47137208155706845, 'lag_7': 0.3597645332972155, 'lag_8': 0.6406043451813701, 'lag_9': 0.17410767521144055, 'lag_10': 0.850674354301135, 'lag_11': 0.7844296879564212, 'lag_12': 0.030407009816358632, 'lag_13': 0.4496718335374802, 'lag_14': 0.30235804621391194, 'lag_15': 0.8372199880748262, 'lag_16': 0.42904572408577285, 'lag_17': 0.6342784202170573, 'lag_18': 0.41156134112961135, 'lag_19': 0.10789395826770937, 'lag_20': 0.660280613103789, 'lag_21': 0.6137987872553811, 'lag_22': 0.0072752051097990655, 'lag_23': 0.4120012546650306, 'lag_24': 0.38378548083820674, 'lag_25': 0.994183556747332, 'lag_26': 0.7509218282175119, 'lag_27': 0.19114402862645075, 'lag_28': 0.03255801870851949}. Best is trial 13 with value: 0.0027642933422366506.
[I 2025-09-29 13:22:44,701] Trial 14 finished with value: 0.003320605910404984 and parameters: {'lag_0': 0.9727887380140066, 'lag_1': 0.6272276683129278, 'lag_2': 0.40492881500191796, 'lag_3': 0.9700164460431681, 'lag_4': 0.7362577502783998, 'lag_5': 0.02145342183846699, 'lag_6': 0.6114894638893532, 'lag_7': 0.33064771263532244, 'lag_8': 0.6780208773381728, 'lag_9': 0.015135695981129182, 'lag_10': 0.999165342144427, 'lag_11': 0.8184437261024815, 'lag_12': 0.010098937341791236, 'lag_13': 0.4143569797595015, 'lag_14': 0.9179735620698712, 'lag_15': 0.7933481614925538, 'lag_16': 0.4317530186201099, 'lag_17': 0.5511922483893023, 'lag_18': 0.5802479597899506, 'lag_19': 0.035766272327399096, 'lag_20': 0.6903214166638433, 'lag_21': 0.8505711825094423, 'lag_22': 0.008936019232486185, 'lag_23': 0.4779919756326791, 'lag_24': 0.9905033085752668, 'lag_25': 0.9619425642500639, 'lag_26': 0.735516390726927, 'lag_27': 0.010479532899064614, 'lag_28': 0.20699201338350653}. Best is trial 13 with value: 0.0027642933422366506.
[I 2025-09-29 13:22:47,160] Trial 15 finished with value: 0.0035535276588577304 and parameters: {'lag_0': 0.27293794457358406, 'lag_1': 0.40275861121996204, 'lag_2': 0.1602835748676626, 'lag_3': 0.9303069849861144, 'lag_4': 0.4380863503462896, 'lag_5': 0.4209704298810267, 'lag_6': 0.7701276312906922, 'lag_7': 0.15106564396288272, 'lag_8': 0.7903637337226677, 'lag_9': 0.16790920690863942, 'lag_10': 0.8619124103927824, 'lag_11': 0.8656154223868135, 'lag_12': 0.24969565980216912, 'lag_13': 0.2173774836574776, 'lag_14': 0.5858976734345791, 'lag_15': 0.6559122647814064, 'lag_16': 0.4512126773199234, 'lag_17': 0.5928026640606829, 'lag_18': 0.9955373948813278, 'lag_19': 0.7499270207296577, 'lag_20': 0.6147098407350773, 'lag_21': 0.6303091482843959, 'lag_22': 0.13443105794924365, 'lag_23': 0.16933588398872246, 'lag_24': 0.2688122876038558, 'lag_25': 0.6533061767519126, 'lag_26': 0.7944801246340463, 'lag_27': 0.1923337783363817, 'lag_28': 0.33409243084428114}. Best is trial 13 with value: 0.0027642933422366506.
[I 2025-09-29 13:22:49,614] Trial 16 finished with value: 0.003028874549473895 and parameters: {'lag_0': 0.7093419640405608, 'lag_1': 0.665453572564138, 'lag_2': 0.3979807037482086, 'lag_3': 0.8394745155588164, 'lag_4': 0.6884216820744649, 'lag_5': 0.1557748435983889, 'lag_6': 0.37437959498979734, 'lag_7': 0.3870017859534352, 'lag_8': 0.5260254750261195, 'lag_9': 0.6377456565709355, 'lag_10': 0.4260022470769745, 'lag_11': 0.6378876102483015, 'lag_12': 0.0004692693019527974, 'lag_13': 0.5395686131459116, 'lag_14': 0.8369840710018388, 'lag_15': 0.8483112809168704, 'lag_16': 0.15597677906298357, 'lag_17': 0.8214173360371159, 'lag_18': 0.650764956127248, 'lag_19': 0.7441422772050488, 'lag_20': 0.4126647029779852, 'lag_21': 0.5990218733355138, 'lag_22': 0.19406113093129432, 'lag_23': 0.44528369773073107, 'lag_24': 0.6243432189755093, 'lag_25': 0.43856725389688617, 'lag_26': 0.6516930005259463, 'lag_27': 0.19828491446750343, 'lag_28': 0.10243930397129918}. Best is trial 13 with value: 0.0027642933422366506.
[I 2025-09-29 13:22:52,065] Trial 17 finished with value: 0.005714529307449306 and parameters: {'lag_0': 0.007838206876283726, 'lag_1': 0.42528297846200136, 'lag_2': 0.2997737910304519, 'lag_3': 0.35588395800395506, 'lag_4': 0.8426925922872034, 'lag_5': 0.5744606509042857, 'lag_6': 0.8665633481475475, 'lag_7': 0.6474670243342888, 'lag_8': 0.7512817927446335, 'lag_9': 0.20825234517221042, 'lag_10': 0.17016724108417988, 'lag_11': 0.8953533738488918, 'lag_12': 0.8148772356502347, 'lag_13': 0.2438858090570588, 'lag_14': 0.6638321299690562, 'lag_15': 0.34634811445269753, 'lag_16': 0.5385683463537652, 'lag_17': 0.7250181076486659, 'lag_18': 0.4269262262775787, 'lag_19': 0.37528176720897777, 'lag_20': 0.013722799301237265, 'lag_21': 0.8624855971911131, 'lag_22': 0.40372432007012476, 'lag_23': 0.7107280203328723, 'lag_24': 0.3582877350626485, 'lag_25': 0.9060055086623143, 'lag_26': 0.8701899842420335, 'lag_27': 0.4632154463725745, 'lag_28': 0.32516069176170065}. Best is trial 13 with value: 0.0027642933422366506.
[I 2025-09-29 13:22:54,516] Trial 18 finished with value: 0.002872994644770383 and parameters: {'lag_0': 0.3681765005591677, 'lag_1': 0.653836705010456, 'lag_2': 0.11880150814749735, 'lag_3': 0.6554839318088169, 'lag_4': 0.38536562104931055, 'lag_5': 0.009037361292884653, 'lag_6': 0.20385492179917952, 'lag_7': 0.20761066321017063, 'lag_8': 0.9825902250554103, 'lag_9': 0.40935945578088406, 'lag_10': 0.8038837989985751, 'lag_11': 0.6635947966440643, 'lag_12': 0.9715213922494599, 'lag_13': 0.0289777121650511, 'lag_14': 0.4385828444278533, 'lag_15': 0.593736043927142, 'lag_16': 0.7405590222198778, 'lag_17': 0.8799905361820177, 'lag_18': 0.3206186371057601, 'lag_19': 0.8378495413368158, 'lag_20': 0.21014777527596212, 'lag_21': 0.5784060936904885, 'lag_22': 0.41057146425620195, 'lag_23': 0.9587784958410841, 'lag_24': 0.6783624459369798, 'lag_25': 0.6890268473060155, 'lag_26': 0.6801110661150248, 'lag_27': 0.22830179062687544, 'lag_28': 0.529354119180306}. Best is trial 13 with value: 0.0027642933422366506.
[I 2025-09-29 13:22:56,968] Trial 19 finished with value: 0.0028572287651338077 and parameters: {'lag_0': 0.14786808476622587, 'lag_1': 0.45859080236089417, 'lag_2': 0.49321311014521246, 'lag_3': 0.4414550903197363, 'lag_4': 0.5977476645726155, 'lag_5': 0.38673943854984094, 'lag_6': 0.6812221080904697, 'lag_7': 0.4721737325280079, 'lag_8': 0.5672380586664684, 'lag_9': 0.7380980214668312, 'lag_10': 0.00959949137466598, 'lag_11': 0.9122093774265178, 'lag_12': 0.15777477230115794, 'lag_13': 0.4378359045023433, 'lag_14': 0.5997667575370914, 'lag_15': 0.8889634461055476, 'lag_16': 0.3836872488823732, 'lag_17': 0.1316656000118887, 'lag_18': 0.6356113523564285, 'lag_19': 0.021560894952725146, 'lag_20': 0.4453178204452588, 'lag_21': 0.8558757212899928, 'lag_22': 0.11753138797233098, 'lag_23': 0.21416955966934892, 'lag_24': 0.36883173771123046, 'lag_25': 0.7458353210219644, 'lag_26': 0.9988579420557431, 'lag_27': 0.10336197482276924, 'lag_28': 0.24298991962482216}. Best is trial 13 with value: 0.0027642933422366506.
[I 2025-09-29 13:22:59,413] Trial 20 finished with value: 0.0027215624740927423 and parameters: {'lag_0': 0.9106807617117965, 'lag_1': 0.3235257498305529, 'lag_2': 0.963468394621823, 'lag_3': 0.8448905752183349, 'lag_4': 0.763760599079217, 'lag_5': 0.19068533901551743, 'lag_6': 0.519826326957585, 'lag_7': 0.452231814105828, 'lag_8': 0.40433920882437424, 'lag_9': 0.11310975723282196, 'lag_10': 0.31454501098826104, 'lag_11': 0.7232890649639333, 'lag_12': 0.6110935714204951, 'lag_13': 0.2778393367710931, 'lag_14': 0.2311263771374732, 'lag_15': 0.739096410113193, 'lag_16': 0.19696588903766146, 'lag_17': 0.6265848182511176, 'lag_18': 0.8832373800991666, 'lag_19': 0.9937830493164852, 'lag_20': 0.6182276272520855, 'lag_21': 0.20786323714810806, 'lag_22': 0.008821462342230546, 'lag_23': 0.23652718104203396, 'lag_24': 0.8839742775450652, 'lag_25': 0.9130258671831758, 'lag_26': 0.8725020205102139, 'lag_27': 0.4944267426236232, 'lag_28': 0.0988331526450682}. Best is trial 20 with value: 0.0027215624740927423.
[I 2025-09-29 13:23:01,860] Trial 21 finished with value: 0.0028139117518548896 and parameters: {'lag_0': 0.8990416172213979, 'lag_1': 0.3186404575556645, 'lag_2': 0.8137509548604258, 'lag_3': 0.8510841074192601, 'lag_4': 0.765722946399055, 'lag_5': 0.11115969181066018, 'lag_6': 0.5023612604588179, 'lag_7': 0.4337149253578075, 'lag_8': 0.4113314750034366, 'lag_9': 0.1062616615595079, 'lag_10': 0.29179272257319616, 'lag_11': 0.7205792368799756, 'lag_12': 0.607752608547973, 'lag_13': 0.1343616572264061, 'lag_14': 0.20745431021884653, 'lag_15': 0.7529628087179695, 'lag_16': 0.16960701072935513, 'lag_17': 0.6128987947461875, 'lag_18': 0.8987504332341184, 'lag_19': 0.9492889320635924, 'lag_20': 0.6297928548998758, 'lag_21': 0.15486028039892352, 'lag_22': 0.02859085001068853, 'lag_23': 0.22295143669294265, 'lag_24': 0.8847917131393503, 'lag_25': 0.9086487642111162, 'lag_26': 0.8523402418150688, 'lag_27': 0.5080119250745883, 'lag_28': 0.12928088168100177}. Best is trial 20 with value: 0.0027215624740927423.
[I 2025-09-29 13:23:04,307] Trial 22 finished with value: 0.00281940223491428 and parameters: {'lag_0': 0.9675785786425761, 'lag_1': 0.5356178793844948, 'lag_2': 0.971396287110374, 'lag_3': 0.9930492555529955, 'lag_4': 0.9078338111268143, 'lag_5': 0.23046022980871275, 'lag_6': 0.5296397202235159, 'lag_7': 0.5788349272406981, 'lag_8': 0.30873898706188935, 'lag_9': 0.11590115664107697, 'lag_10': 0.17927010929384318, 'lag_11': 0.8080319749076903, 'lag_12': 0.44269856947912256, 'lag_13': 0.3018304621447491, 'lag_14': 0.3411953178134639, 'lag_15': 0.8817476696140023, 'lag_16': 0.37486706644217993, 'lag_17': 0.5102762513742909, 'lag_18': 0.9212917960329835, 'lag_19': 0.835640015720096, 'lag_20': 0.5989142143734437, 'lag_21': 0.30188919041243495, 'lag_22': 0.15752687293816714, 'lag_23': 0.4506286669172329, 'lag_24': 0.8825018971869166, 'lag_25': 0.889031267955162, 'lag_26': 0.8139546847126078, 'lag_27': 0.26321777396397505, 'lag_28': 0.07274015931836236}. Best is trial 20 with value: 0.0027215624740927423.
[I 2025-09-29 13:23:06,756] Trial 23 finished with value: 0.0037443154208782275 and parameters: {'lag_0': 0.7769041546351337, 'lag_1': 0.1492288625259801, 'lag_2': 0.6789588715628125, 'lag_3': 0.6362460502293571, 'lag_4': 0.6546824886558362, 'lag_5': 0.10403480482439884, 'lag_6': 0.0289753512893573, 'lag_7': 0.21830088762302505, 'lag_8': 0.6220190060470379, 'lag_9': 0.0021754536146876835, 'lag_10': 0.4153229220819894, 'lag_11': 0.6121683182518376, 'lag_12': 0.6869948966459077, 'lag_13': 0.48304588344132166, 'lag_14': 0.04217146149149276, 'lag_15': 0.5648494108809217, 'lag_16': 0.18812368819919292, 'lag_17': 0.7290876562421067, 'lag_18': 0.47135573295763944, 'lag_19': 0.6647336004879072, 'lag_20': 0.7019105865288584, 'lag_21': 0.07996969649231733, 'lag_22': 0.08601607169372646, 'lag_23': 0.3904817415455053, 'lag_24': 0.6907784116630646, 'lag_25': 0.9881638453737654, 'lag_26': 0.9341667025405046, 'lag_27': 0.6808356544948968, 'lag_28': 0.24871615618330242}. Best is trial 20 with value: 0.0027215624740927423.
