2025-09-29 13:06:31,908 - distributed.nanny - INFO -         Start Nanny at: 'tcp://192.168.86.108:39897'
2025-09-29 13:06:33,207 - distributed.worker - INFO -       Start worker at: tcp://192.168.86.108:38827
2025-09-29 13:06:33,207 - distributed.worker - INFO -          Listening to: tcp://192.168.86.108:38827
2025-09-29 13:06:33,207 - distributed.worker - INFO -           Worker name:            SLURMCluster-12
2025-09-29 13:06:33,207 - distributed.worker - INFO -          dashboard at:       192.168.86.108:35412
2025-09-29 13:06:33,207 - distributed.worker - INFO - Waiting to connect to: tcp://192.168.86.101:46695
2025-09-29 13:06:33,207 - distributed.worker - INFO - -------------------------------------------------
2025-09-29 13:06:33,207 - distributed.worker - INFO -               Threads:                          1
2025-09-29 13:06:33,208 - distributed.worker - INFO -                Memory:                   9.31 GiB
2025-09-29 13:06:33,208 - distributed.worker - INFO -       Local Directory: /home1/zrentala/dask-worker-space/dask-scratch-space/worker-dyiv7om4
2025-09-29 13:06:33,208 - distributed.worker - INFO - -------------------------------------------------
2025-09-29 13:06:33,495 - distributed.worker - INFO - Starting Worker plugin shuffle
2025-09-29 13:06:33,495 - distributed.worker - INFO -         Registered to: tcp://192.168.86.101:46695
2025-09-29 13:06:33,495 - distributed.worker - INFO - -------------------------------------------------
2025-09-29 13:06:33,496 - distributed.core - INFO - Starting established connection to tcp://192.168.86.101:46695
[I 2025-09-29 13:06:33,564] A new study created in memory with name: no-name-2f7f5712-8206-4f5c-a419-823b63f1ebfc
[I 2025-09-29 13:06:36,025] Trial 0 finished with value: 0.010247987984633652 and parameters: {'lag_0': 0.4689462580403635, 'lag_1': 0.036464615325568606, 'lag_2': 0.29515826412675544, 'lag_3': 0.3362519457616637, 'lag_4': 0.09080966220438438, 'lag_5': 0.2333132656124243, 'lag_6': 0.8966567976809048, 'lag_7': 0.06389402235046347, 'lag_8': 0.6917160550479342, 'lag_9': 0.43556637299458323, 'lag_10': 0.8861739867197675, 'lag_11': 0.03827016675867742, 'lag_12': 0.4872208860209783, 'lag_13': 0.5248738394981709, 'lag_14': 0.9183914832597116, 'lag_15': 0.07151499308842339, 'lag_16': 0.38876652646585835, 'lag_17': 0.44395249325094227, 'lag_18': 0.7166771000772337, 'lag_19': 0.4129246108735162, 'lag_20': 0.44265708123419395, 'lag_21': 0.1672944549960443, 'lag_22': 0.936864114134385, 'lag_23': 0.20788465850271934, 'lag_24': 0.16874376976177438, 'lag_25': 0.4764076037632071, 'lag_26': 0.3829490557527268, 'lag_27': 0.10752204038924222, 'lag_28': 0.9639109213294496}. Best is trial 0 with value: 0.010247987984633652.
[I 2025-09-29 13:06:38,460] Trial 1 finished with value: 0.009974005296232422 and parameters: {'lag_0': 0.35642111443446123, 'lag_1': 0.557717695700091, 'lag_2': 0.3257020687276393, 'lag_3': 0.3435058666480673, 'lag_4': 0.23169813287532628, 'lag_5': 0.055474404204934886, 'lag_6': 0.27218978529269716, 'lag_7': 0.6855521055162713, 'lag_8': 0.5043842167678516, 'lag_9': 0.6892818353394324, 'lag_10': 0.22631626915895214, 'lag_11': 0.8201640660335794, 'lag_12': 0.21754012126154768, 'lag_13': 0.46278902754659446, 'lag_14': 0.5272462982127625, 'lag_15': 0.31184270315970536, 'lag_16': 0.9172138267769874, 'lag_17': 0.03782138759580024, 'lag_18': 0.28660620514760776, 'lag_19': 0.9326863449401449, 'lag_20': 0.9929657751991731, 'lag_21': 0.14649857313315137, 'lag_22': 0.5628916622527781, 'lag_23': 0.2766767518638284, 'lag_24': 0.017371083400646307, 'lag_25': 0.29061386541230316, 'lag_26': 0.896748357967216, 'lag_27': 0.8254158852453545, 'lag_28': 0.2707733795565199}. Best is trial 1 with value: 0.009974005296232422.
[I 2025-09-29 13:06:40,895] Trial 2 finished with value: 0.00996023723927806 and parameters: {'lag_0': 0.3737120447234844, 'lag_1': 0.26602396415805285, 'lag_2': 0.5115293304360975, 'lag_3': 0.8481257729469694, 'lag_4': 0.25584765142814603, 'lag_5': 0.27321015412828453, 'lag_6': 0.239422154871275, 'lag_7': 0.9528414133353412, 'lag_8': 0.5377950742277535, 'lag_9': 0.11585903431024834, 'lag_10': 0.7589733254315087, 'lag_11': 0.42870899159447956, 'lag_12': 0.6513295525190342, 'lag_13': 0.1703237723770559, 'lag_14': 0.5648911886773299, 'lag_15': 0.8941369517291933, 'lag_16': 0.4828037524904804, 'lag_17': 0.4610565206322373, 'lag_18': 0.33254793614747863, 'lag_19': 0.8488359651268896, 'lag_20': 0.8695122286247001, 'lag_21': 0.9389495064182125, 'lag_22': 0.46833720001197926, 'lag_23': 0.7282103582111489, 'lag_24': 0.4472877431596963, 'lag_25': 0.44165840356410624, 'lag_26': 0.7593150367290253, 'lag_27': 0.9178842295776202, 'lag_28': 0.14073874966788782}. Best is trial 2 with value: 0.00996023723927806.
[I 2025-09-29 13:06:43,320] Trial 3 finished with value: 0.01000336159986956 and parameters: {'lag_0': 0.3634137080926368, 'lag_1': 0.5956256771977086, 'lag_2': 0.9844791379030733, 'lag_3': 0.1803854480442162, 'lag_4': 0.6016301641805352, 'lag_5': 0.25942965005997454, 'lag_6': 0.19365448482380512, 'lag_7': 0.9471290352161271, 'lag_8': 0.06940977525442912, 'lag_9': 0.31144516910117775, 'lag_10': 0.07138290170153017, 'lag_11': 0.34239717032100747, 'lag_12': 0.9811639358308539, 'lag_13': 0.24845500187508454, 'lag_14': 0.11008218999348415, 'lag_15': 0.188535184024313, 'lag_16': 0.2606584541802905, 'lag_17': 0.779941734058509, 'lag_18': 0.9445017279440019, 'lag_19': 0.5302487232464016, 'lag_20': 0.2588450983941313, 'lag_21': 0.70774431374162, 'lag_22': 0.6276944019775096, 'lag_23': 0.5301836035062397, 'lag_24': 0.7616834322211165, 'lag_25': 0.8553807171058768, 'lag_26': 0.1060878474149746, 'lag_27': 0.6206001266627007, 'lag_28': 0.5298683091561511}. Best is trial 2 with value: 0.00996023723927806.
[I 2025-09-29 13:06:45,747] Trial 4 finished with value: 0.009989250822588934 and parameters: {'lag_0': 0.9783114048785958, 'lag_1': 0.01574547759014501, 'lag_2': 0.5787320851162904, 'lag_3': 0.4244175432979509, 'lag_4': 0.2082805460643236, 'lag_5': 0.9395829752251615, 'lag_6': 0.6910658302394402, 'lag_7': 0.17867524300385162, 'lag_8': 0.419435291496374, 'lag_9': 0.12888264557200824, 'lag_10': 0.3841804887406535, 'lag_11': 0.6403877672797271, 'lag_12': 0.8000878389137317, 'lag_13': 0.2194801456301869, 'lag_14': 0.5999699079177092, 'lag_15': 0.34162484877567356, 'lag_16': 0.281878552227977, 'lag_17': 0.5450822172785157, 'lag_18': 0.6889767252664445, 'lag_19': 0.39421291836000977, 'lag_20': 0.4105067481867389, 'lag_21': 0.1379492423011197, 'lag_22': 0.8167613095599431, 'lag_23': 0.015133704775068618, 'lag_24': 0.3734276192728657, 'lag_25': 0.14336809106864595, 'lag_26': 0.6351575282897646, 'lag_27': 0.983817318006363, 'lag_28': 0.3298319103740149}. Best is trial 2 with value: 0.00996023723927806.
[I 2025-09-29 13:06:48,169] Trial 5 finished with value: 0.01014167602115507 and parameters: {'lag_0': 0.5242945626562089, 'lag_1': 0.027971737066503216, 'lag_2': 0.39781034175274427, 'lag_3': 0.6376543273107097, 'lag_4': 0.24708759431927785, 'lag_5': 0.7124709734471836, 'lag_6': 0.24228435409319748, 'lag_7': 0.12592917246589733, 'lag_8': 0.21399887724646902, 'lag_9': 0.880294852102923, 'lag_10': 0.5747029389752797, 'lag_11': 0.22901821427538363, 'lag_12': 0.8972108816398765, 'lag_13': 0.9178765090216562, 'lag_14': 0.8365860432161427, 'lag_15': 0.33286733842163774, 'lag_16': 0.06984581501882124, 'lag_17': 0.8706292412741741, 'lag_18': 0.2544847134993458, 'lag_19': 0.11899584714629256, 'lag_20': 0.7025640537541707, 'lag_21': 0.5363223975243329, 'lag_22': 0.0830168288961559, 'lag_23': 0.7403786216701957, 'lag_24': 0.012824761961191094, 'lag_25': 0.011329585147256904, 'lag_26': 0.03796681599366372, 'lag_27': 0.587504460725819, 'lag_28': 0.4935904032196859}. Best is trial 2 with value: 0.00996023723927806.
[I 2025-09-29 13:06:50,595] Trial 6 finished with value: 0.009368624803761777 and parameters: {'lag_0': 0.611325330044741, 'lag_1': 0.5588858583467919, 'lag_2': 0.6597579962968637, 'lag_3': 0.3484131437346688, 'lag_4': 0.5582514595892705, 'lag_5': 0.2647959771731205, 'lag_6': 0.14360986790214894, 'lag_7': 0.4279238208552223, 'lag_8': 0.9111188830493105, 'lag_9': 0.4249106284221978, 'lag_10': 0.29768124690398523, 'lag_11': 0.13909451752541385, 'lag_12': 0.7137851946493348, 'lag_13': 0.5860577734077419, 'lag_14': 0.9239862943674546, 'lag_15': 0.6571019653331409, 'lag_16': 0.04783112762866981, 'lag_17': 0.13254228863443548, 'lag_18': 0.3634734013765631, 'lag_19': 0.3069163804674425, 'lag_20': 0.4771012353921858, 'lag_21': 0.14305152112939745, 'lag_22': 0.507370001672114, 'lag_23': 0.9166880706164954, 'lag_24': 0.7683377345849419, 'lag_25': 0.6581851122645518, 'lag_26': 0.8730571414527516, 'lag_27': 0.562659097573396, 'lag_28': 0.32976137214783663}. Best is trial 6 with value: 0.009368624803761777.
[I 2025-09-29 13:06:53,023] Trial 7 finished with value: 0.009898332081224892 and parameters: {'lag_0': 0.84974898900221, 'lag_1': 0.0673210740872772, 'lag_2': 0.8961254985602054, 'lag_3': 0.5713865062962898, 'lag_4': 0.7159236534940435, 'lag_5': 0.16671813996469523, 'lag_6': 0.46860095089236586, 'lag_7': 0.4210732819088441, 'lag_8': 0.3543955574784667, 'lag_9': 0.2263377551218133, 'lag_10': 0.8626271458512933, 'lag_11': 0.6346590760369514, 'lag_12': 0.4526094796471981, 'lag_13': 0.5146973580793286, 'lag_14': 0.5077789241599034, 'lag_15': 0.8537320820439395, 'lag_16': 0.4969632233233447, 'lag_17': 0.9956567268237133, 'lag_18': 0.31293665447544294, 'lag_19': 0.24330888176154308, 'lag_20': 0.9242113228659029, 'lag_21': 0.9525964473344699, 'lag_22': 0.31274761406278456, 'lag_23': 0.2983214471611739, 'lag_24': 0.3588926881498875, 'lag_25': 0.7830125955134386, 'lag_26': 0.973204974822583, 'lag_27': 0.6801145869674534, 'lag_28': 0.40006066979221727}. Best is trial 6 with value: 0.009368624803761777.
[I 2025-09-29 13:06:55,448] Trial 8 finished with value: 0.009730169728293301 and parameters: {'lag_0': 0.7908237366427304, 'lag_1': 0.4564677259805868, 'lag_2': 0.4686995845039152, 'lag_3': 0.05652027482302075, 'lag_4': 0.811402163219167, 'lag_5': 0.6190180365781435, 'lag_6': 0.8312045391042725, 'lag_7': 0.31504474016772854, 'lag_8': 0.19769713786999524, 'lag_9': 0.8927494863561887, 'lag_10': 0.461608785405883, 'lag_11': 0.8942239831268951, 'lag_12': 0.7587073898526552, 'lag_13': 0.4937342538068857, 'lag_14': 0.6952556840988539, 'lag_15': 0.5443126571241669, 'lag_16': 0.7901758393687845, 'lag_17': 0.845558752749928, 'lag_18': 0.09228653066014131, 'lag_19': 0.5151731197858149, 'lag_20': 0.3496748746233591, 'lag_21': 0.5475132552899354, 'lag_22': 0.16757860500682, 'lag_23': 0.40034002301240085, 'lag_24': 0.5526600344706527, 'lag_25': 0.5905083312521071, 'lag_26': 0.1945497672794951, 'lag_27': 0.6855812170663232, 'lag_28': 0.21870183100026794}. Best is trial 6 with value: 0.009368624803761777.
[I 2025-09-29 13:06:57,972] Trial 9 finished with value: 0.010214283754863543 and parameters: {'lag_0': 0.3443528201506243, 'lag_1': 0.8670534515932541, 'lag_2': 0.5185169796156102, 'lag_3': 0.005141578247475174, 'lag_4': 0.7687999442423511, 'lag_5': 0.9754656798049566, 'lag_6': 0.04621689424739153, 'lag_7': 0.7557866400792892, 'lag_8': 0.93156324214816, 'lag_9': 0.08939004963350632, 'lag_10': 0.7775121136495242, 'lag_11': 0.5460333329275026, 'lag_12': 0.8920586496370615, 'lag_13': 0.35768686780036385, 'lag_14': 0.21795764426864414, 'lag_15': 0.6305029392309065, 'lag_16': 0.41458515197999185, 'lag_17': 0.478408751236472, 'lag_18': 0.148570666467234, 'lag_19': 0.09974353820509202, 'lag_20': 0.2749791541509978, 'lag_21': 0.8677062429178415, 'lag_22': 0.5989742439603539, 'lag_23': 0.2101126163737642, 'lag_24': 0.7768151311832316, 'lag_25': 0.02693762833301044, 'lag_26': 0.48752138307432835, 'lag_27': 0.4851545618252091, 'lag_28': 0.7207548991528568}. Best is trial 6 with value: 0.009368624803761777.
[I 2025-09-29 13:07:00,467] Trial 10 finished with value: 0.009591688993411628 and parameters: {'lag_0': 0.13431336645840036, 'lag_1': 0.9620713147939886, 'lag_2': 0.02969630652141486, 'lag_3': 0.9995076817845372, 'lag_4': 0.9832242401643276, 'lag_5': 0.4152173726727678, 'lag_6': 0.48786074819937403, 'lag_7': 0.6154131584155841, 'lag_8': 0.9754036032863048, 'lag_9': 0.5902696171930564, 'lag_10': 0.004950028983385313, 'lag_11': 0.01595976571139815, 'lag_12': 0.004765556248295277, 'lag_13': 0.7769685820013821, 'lag_14': 0.3078202831938588, 'lag_15': 0.7115522116577198, 'lag_16': 0.0028958512054198526, 'lag_17': 0.04711007511096717, 'lag_18': 0.5215941957413669, 'lag_19': 0.7216117298164135, 'lag_20': 0.0304328853356014, 'lag_21': 0.3246439664956706, 'lag_22': 0.3331879595118296, 'lag_23': 0.9952264987449291, 'lag_24': 0.9896838537017509, 'lag_25': 0.6833995444966597, 'lag_26': 0.7171888577828757, 'lag_27': 0.3315263714731783, 'lag_28': 0.02680426721646012}. Best is trial 6 with value: 0.009368624803761777.
[I 2025-09-29 13:07:02,947] Trial 11 finished with value: 0.010042809790074913 and parameters: {'lag_0': 0.06608926616263676, 'lag_1': 0.9778421370295183, 'lag_2': 0.052551625222284015, 'lag_3': 0.993472069447106, 'lag_4': 0.9724623927113301, 'lag_5': 0.44848041518581033, 'lag_6': 0.5069451106253133, 'lag_7': 0.5793430607610188, 'lag_8': 0.9319830830969742, 'lag_9': 0.5580426172259972, 'lag_10': 0.03729233365029089, 'lag_11': 0.03313027589999933, 'lag_12': 0.06403116746282106, 'lag_13': 0.8038049148802957, 'lag_14': 0.2966161205322454, 'lag_15': 0.7157550944292059, 'lag_16': 0.010045515898301442, 'lag_17': 0.05137580876669515, 'lag_18': 0.5265594783969031, 'lag_19': 0.7332095499844331, 'lag_20': 0.005552186143906478, 'lag_21': 0.32058829071669936, 'lag_22': 0.3265421349187011, 'lag_23': 0.9720555170940722, 'lag_24': 0.989150559578941, 'lag_25': 0.679866520073777, 'lag_26': 0.7493379482230588, 'lag_27': 0.3541003482893615, 'lag_28': 0.025282922359006248}. Best is trial 6 with value: 0.009368624803761777.
[I 2025-09-29 13:07:05,418] Trial 12 finished with value: 0.009576690979051523 and parameters: {'lag_0': 0.039258267169639996, 'lag_1': 0.719409553224234, 'lag_2': 0.6899866567425141, 'lag_3': 0.7498113312889595, 'lag_4': 0.4608570440452483, 'lag_5': 0.4493865011492357, 'lag_6': 0.5018178010835368, 'lag_7': 0.4673585114630958, 'lag_8': 0.7607667931908193, 'lag_9': 0.6454019883163575, 'lag_10': 0.24706528409304457, 'lag_11': 0.1887927245936097, 'lag_12': 0.3260156805622107, 'lag_13': 0.6778110522053491, 'lag_14': 0.2773385617017897, 'lag_15': 0.7637522696385881, 'lag_16': 0.15266775232888197, 'lag_17': 0.2233802988767269, 'lag_18': 0.527601869598797, 'lag_19': 0.7154999872712888, 'lag_20': 0.008113350688959287, 'lag_21': 0.3404940320083613, 'lag_22': 0.37208116493937643, 'lag_23': 0.9946980979440389, 'lag_24': 0.9847537353311779, 'lag_25': 0.9369024215380872, 'lag_26': 0.7907067113580832, 'lag_27': 0.3172607906637805, 'lag_28': 0.013341098646027338}. Best is trial 6 with value: 0.009368624803761777.
[I 2025-09-29 13:07:07,893] Trial 13 finished with value: 0.010182473443046767 and parameters: {'lag_0': 0.6606620608674012, 'lag_1': 0.7407419205535896, 'lag_2': 0.740126710618707, 'lag_3': 0.7179970203303799, 'lag_4': 0.443988114334381, 'lag_5': 0.5695425852737537, 'lag_6': 0.010174563122200886, 'lag_7': 0.4173377333457484, 'lag_8': 0.7274175148835978, 'lag_9': 0.7293359157681052, 'lag_10': 0.2821362561144485, 'lag_11': 0.22652800782180182, 'lag_12': 0.34947570309187664, 'lag_13': 0.6908849163375052, 'lag_14': 0.995761925787416, 'lag_15': 0.9918166705727676, 'lag_16': 0.22239188933965387, 'lag_17': 0.23932110700193926, 'lag_18': 0.673191957389321, 'lag_19': 0.6532070676554074, 'lag_20': 0.6160897250773208, 'lag_21': 0.006245432501944037, 'lag_22': 0.42217491470040985, 'lag_23': 0.8191729442202507, 'lag_24': 0.8048625557886686, 'lag_25': 0.9960691244905836, 'lag_26': 0.8656147545003252, 'lag_27': 0.07789489568014973, 'lag_28': 0.6768228922348707}. Best is trial 6 with value: 0.009368624803761777.
[I 2025-09-29 13:07:10,377] Trial 14 finished with value: 0.01005738217926681 and parameters: {'lag_0': 0.18862986483688182, 'lag_1': 0.3970178249674283, 'lag_2': 0.7195338460584801, 'lag_3': 0.7673152648619304, 'lag_4': 0.4551144000203029, 'lag_5': 0.3958388201178153, 'lag_6': 0.6342162008891182, 'lag_7': 0.2816316861006794, 'lag_8': 0.7663670223417527, 'lag_9': 0.4210167412127753, 'lag_10': 0.22421448903990515, 'lag_11': 0.21698972184558996, 'lag_12': 0.6261310524913613, 'lag_13': 0.6572396657380758, 'lag_14': 0.00032122192096306623, 'lag_15': 0.4897815534393901, 'lag_16': 0.16920523070609816, 'lag_17': 0.22544546483332412, 'lag_18': 0.4495781022924884, 'lag_19': 0.270005090233971, 'lag_20': 0.17622065559244404, 'lag_21': 0.3555321849555002, 'lag_22': 0.7231072102874674, 'lag_23': 0.8555696349218911, 'lag_24': 0.6427370414012287, 'lag_25': 0.9450135591719141, 'lag_26': 0.9966021878157312, 'lag_27': 0.2703328948372975, 'lag_28': 0.14611248533298982}. Best is trial 6 with value: 0.009368624803761777.
[I 2025-09-29 13:07:12,858] Trial 15 finished with value: 0.010694385718206616 and parameters: {'lag_0': 0.6343322777249736, 'lag_1': 0.6984403784711702, 'lag_2': 0.7066850143764459, 'lag_3': 0.4966744880525162, 'lag_4': 0.5484609245822125, 'lag_5': 0.0020456243605442292, 'lag_6': 0.38038567966120135, 'lag_7': 0.4786012807190048, 'lag_8': 0.7937989045114077, 'lag_9': 0.33191477150221904, 'lag_10': 0.36550259641256355, 'lag_11': 0.14704301023662314, 'lag_12': 0.3148714516169901, 'lag_13': 0.9858911484032016, 'lag_14': 0.36461759542527483, 'lag_15': 0.8065701932276104, 'lag_16': 0.7150364313170774, 'lag_17': 0.26158876249740215, 'lag_18': 0.8677608809398105, 'lag_19': 0.0073082725509804325, 'lag_20': 0.545125440859291, 'lag_21': 0.39127944232078077, 'lag_22': 0.15326292948044307, 'lag_23': 0.5924082805131382, 'lag_24': 0.9246427672791, 'lag_25': 0.8142824008817473, 'lag_26': 0.5718522509467601, 'lag_27': 0.4821467089183467, 'lag_28': 0.4423712411652098}. Best is trial 6 with value: 0.009368624803761777.
[I 2025-09-29 13:07:15,350] Trial 16 finished with value: 0.010944940781716416 and parameters: {'lag_0': 0.0002783429735145476, 'lag_1': 0.735239184567728, 'lag_2': 0.835596202177858, 'lag_3': 0.19048346179548703, 'lag_4': 0.37335275480621377, 'lag_5': 0.7478002766334505, 'lag_6': 0.6683908712835313, 'lag_7': 0.2690791377983225, 'lag_8': 0.6212237451424165, 'lag_9': 0.7161620365621378, 'lag_10': 0.5675422278556452, 'lag_11': 0.34652443526697363, 'lag_12': 0.5806030588741886, 'lag_13': 0.6321404572063428, 'lag_14': 0.7534315667178925, 'lag_15': 0.4939847592042109, 'lag_16': 0.12592166483505107, 'lag_17': 0.3176531235265472, 'lag_18': 0.4674476090673936, 'lag_19': 0.6022539440195837, 'lag_20': 0.7127181158200687, 'lag_21': 0.03098641318620597, 'lag_22': 0.24985237677931765, 'lag_23': 0.6403881566874947, 'lag_24': 0.8713923923350717, 'lag_25': 0.38428139768976044, 'lag_26': 0.3611413961928301, 'lag_27': 0.2132967101092037, 'lag_28': 0.6844298886096536}. Best is trial 6 with value: 0.009368624803761777.
[I 2025-09-29 13:07:17,833] Trial 17 finished with value: 0.010271504396144568 and parameters: {'lag_0': 0.6580251627918858, 'lag_1': 0.31057770517800465, 'lag_2': 0.6314552563136304, 'lag_3': 0.8597937463523754, 'lag_4': 0.6270161245824981, 'lag_5': 0.32684219737558057, 'lag_6': 0.37577567319253924, 'lag_7': 0.5349763773249836, 'lag_8': 0.8547322217572303, 'lag_9': 0.610702733618597, 'lag_10': 0.1449072201944409, 'lag_11': 0.14210074899478392, 'lag_12': 0.17554604170645208, 'lag_13': 0.008293952171154417, 'lag_14': 0.41264000633148834, 'lag_15': 0.6573995980010668, 'lag_16': 0.630008578030203, 'lag_17': 0.15210257623109355, 'lag_18': 0.5998816413788581, 'lag_19': 0.3794263156648795, 'lag_20': 0.1375881924303697, 'lag_21': 0.23281357091066668, 'lag_22': 0.4357844300118389, 'lag_23': 0.9043680950828937, 'lag_24': 0.6558214871005635, 'lag_25': 0.6189701596825873, 'lag_26': 0.8409920154058185, 'lag_27': 0.44785733084953017, 'lag_28': 0.11507720704499397}. Best is trial 6 with value: 0.009368624803761777.
[I 2025-09-29 13:07:20,315] Trial 18 finished with value: 0.009820265296850707 and parameters: {'lag_0': 0.22962578230939235, 'lag_1': 0.6416930914372835, 'lag_2': 0.1937013224235139, 'lag_3': 0.6303380845124396, 'lag_4': 0.05102572991416898, 'lag_5': 0.1222727584350686, 'lag_6': 0.998181507262879, 'lag_7': 0.8029875197765926, 'lag_8': 0.6424174777899372, 'lag_9': 0.7929073515621867, 'lag_10': 0.3733746954189696, 'lag_11': 0.3444605217596648, 'lag_12': 0.3583421412973058, 'lag_13': 0.802011284615035, 'lag_14': 0.12227666161987094, 'lag_15': 0.7814717832074702, 'lag_16': 0.29174931152242056, 'lag_17': 0.5924874322692617, 'lag_18': 0.001631228655336936, 'lag_19': 0.827760630989067, 'lag_20': 0.13557112742656716, 'lag_21': 0.46556174776442244, 'lag_22': 0.008275556709194776, 'lag_23': 0.7536162179515216, 'lag_24': 0.6879827590164476, 'lag_25': 0.8972822752095977, 'lag_26': 0.6348159843835439, 'lag_27': 0.7535035465142934, 'lag_28': 0.5614901378840153}. Best is trial 6 with value: 0.009368624803761777.
[I 2025-09-29 13:07:22,799] Trial 19 finished with value: 0.009365470527448022 and parameters: {'lag_0': 0.7467236020632311, 'lag_1': 0.8716186825013474, 'lag_2': 0.8051599043346938, 'lag_3': 0.4646173522337729, 'lag_4': 0.3544875063859895, 'lag_5': 0.5220129273074237, 'lag_6': 0.12496774801611249, 'lag_7': 0.3982721508911979, 'lag_8': 0.8506739334232205, 'lag_9': 0.470357805020832, 'lag_10': 0.1466901797642183, 'lag_11': 0.47547502045045265, 'lag_12': 0.7195960614416941, 'lag_13': 0.3450932775289751, 'lag_14': 0.6481358654533667, 'lag_15': 0.9814947196354784, 'lag_16': 0.12951811860694443, 'lag_17': 0.3676497268558174, 'lag_18': 0.39511533743554567, 'lag_19': 0.2342655888927857, 'lag_20': 0.8089801219066346, 'lag_21': 0.2543108372902213, 'lag_22': 0.7217645519717822, 'lag_23': 0.9137255449700245, 'lag_24': 0.8821438111809785, 'lag_25': 0.7441127968216068, 'lag_26': 0.4854358579179529, 'lag_27': 0.18690066563858773, 'lag_28': 0.9352341096112728}. Best is trial 19 with value: 0.009365470527448022.
