[I 2025-09-29 11:57:41,462] Trial 45 finished with value: 0.002922158403358843 and parameters: {'lag_0': 0.33803680087004734, 'lag_1': 0.8550654439040588, 'lag_2': 0.4840535389522179, 'lag_3': 0.5920118474418637, 'lag_4': 0.31007194961282375, 'lag_5': 0.37980070814123057, 'lag_6': 0.5267248150602822, 'lag_7': 0.7521464054158931, 'lag_8': 0.746425131606686, 'lag_9': 0.5226884394046102, 'lag_10': 0.1173986582144807, 'lag_11': 0.8071487415579992, 'lag_12': 0.14615057592633074, 'lag_13': 0.1545363399606625, 'lag_14': 0.13055914387658418, 'lag_15': 0.6686192681081986, 'lag_16': 0.6200302140882874, 'lag_17': 0.6047182383468236, 'lag_18': 0.7518740784575537, 'lag_19': 0.1494195311227256, 'lag_20': 0.7055991848987757, 'lag_21': 0.8464259351545869, 'lag_22': 0.9221975492634061, 'lag_23': 0.056456640157772894, 'lag_24': 0.6031213001334166, 'lag_25': 0.02751870577363319, 'lag_26': 0.054402244657831014, 'lag_27': 0.3713975029561019, 'lag_28': 0.06143243968368954}. Best is trial 19 with value: 0.002820392816125633.
[I 2025-09-29 11:57:43,812] Trial 46 finished with value: 0.0029255643284889386 and parameters: {'lag_0': 0.1644697935228219, 'lag_1': 0.18521615426206806, 'lag_2': 0.6000636249017138, 'lag_3': 0.6986203529834096, 'lag_4': 0.19860909213954575, 'lag_5': 0.5608689235346225, 'lag_6': 0.2691917120687682, 'lag_7': 0.6385693102277257, 'lag_8': 0.13246031005979686, 'lag_9': 0.06783720085670147, 'lag_10': 0.1769204863784114, 'lag_11': 0.10350637299932353, 'lag_12': 0.2226415552191462, 'lag_13': 0.24808912297972052, 'lag_14': 0.2589270122188071, 'lag_15': 0.1369361959541192, 'lag_16': 0.2559858090247626, 'lag_17': 0.2138944201857998, 'lag_18': 0.6282554613451367, 'lag_19': 0.005553798691969425, 'lag_20': 0.7698086249051714, 'lag_21': 0.6705465004226545, 'lag_22': 0.43660080655503375, 'lag_23': 0.3068585691459859, 'lag_24': 0.11038524182772816, 'lag_25': 0.15626260209204124, 'lag_26': 0.1747735057532343, 'lag_27': 0.11907706394001438, 'lag_28': 0.7327546201094541}. Best is trial 19 with value: 0.002820392816125633.
[I 2025-09-29 11:57:46,161] Trial 47 finished with value: 0.0029759935537249024 and parameters: {'lag_0': 0.018297110972719355, 'lag_1': 0.7925866903143183, 'lag_2': 0.6234149096786376, 'lag_3': 0.2647638849620054, 'lag_4': 0.06098760260786125, 'lag_5': 0.4411107227789253, 'lag_6': 0.41394347902393314, 'lag_7': 0.5482322711706161, 'lag_8': 0.32124498134352303, 'lag_9': 0.44030190407824715, 'lag_10': 0.3004926757584135, 'lag_11': 0.9539535423413912, 'lag_12': 0.37630476945979596, 'lag_13': 0.6410786721022964, 'lag_14': 0.46814224414966804, 'lag_15': 0.34269496034651026, 'lag_16': 0.5427652782739025, 'lag_17': 0.5443837029259924, 'lag_18': 0.39286309415333376, 'lag_19': 0.11014072501216707, 'lag_20': 0.6452363529423051, 'lag_21': 0.9620143269059237, 'lag_22': 0.5024532356654973, 'lag_23': 0.45482803343721356, 'lag_24': 0.2051949192398267, 'lag_25': 0.8751597498615331, 'lag_26': 0.23454622308925538, 'lag_27': 0.7531392236200918, 'lag_28': 0.3661051755913388}. Best is trial 19 with value: 0.002820392816125633.
[I 2025-09-29 11:57:48,517] Trial 48 finished with value: 0.0028900694032218807 and parameters: {'lag_0': 0.1970809005989764, 'lag_1': 0.9405812122904826, 'lag_2': 0.9442142186973042, 'lag_3': 0.7839430570372214, 'lag_4': 0.1431528441828736, 'lag_5': 0.06580081296931431, 'lag_6': 0.045720110061330296, 'lag_7': 0.6877643320634086, 'lag_8': 0.4077185501990182, 'lag_9': 0.2982196973960562, 'lag_10': 0.035733067523398276, 'lag_11': 0.6666028149865555, 'lag_12': 0.058045936621699344, 'lag_13': 0.05237112255898031, 'lag_14': 0.20498597768214777, 'lag_15': 0.9467835953514283, 'lag_16': 0.43290390434574644, 'lag_17': 0.7608411142759051, 'lag_18': 0.7888640789688705, 'lag_19': 0.2677121794279492, 'lag_20': 0.35239210151034117, 'lag_21': 0.585308971980653, 'lag_22': 0.9983110265612912, 'lag_23': 0.23483214040386816, 'lag_24': 0.7483624474693135, 'lag_25': 0.27360066523791327, 'lag_26': 0.28971052150882654, 'lag_27': 0.9276015089267541, 'lag_28': 0.9385777187506241}. Best is trial 19 with value: 0.002820392816125633.
[I 2025-09-29 11:57:50,863] Trial 49 finished with value: 0.0028247778379519826 and parameters: {'lag_0': 0.13241415582335017, 'lag_1': 0.6894339521205587, 'lag_2': 0.1730845977636803, 'lag_3': 0.8327779758947947, 'lag_4': 0.3578435907479865, 'lag_5': 0.3773109589632267, 'lag_6': 0.12743937091032198, 'lag_7': 0.8741679056121902, 'lag_8': 0.6200850685844729, 'lag_9': 0.18429833999815537, 'lag_10': 0.5857933161772148, 'lag_11': 0.5260853114159072, 'lag_12': 0.7244757564502169, 'lag_13': 0.3630440884463468, 'lag_14': 0.0425605166196919, 'lag_15': 0.7968546786611159, 'lag_16': 0.9373262227978412, 'lag_17': 0.948244376372448, 'lag_18': 0.5276533542289111, 'lag_19': 0.44474727431774896, 'lag_20': 0.4899981878200922, 'lag_21': 0.46761360710114663, 'lag_22': 0.7218603042021663, 'lag_23': 0.8313335998758655, 'lag_24': 0.8618516793879805, 'lag_25': 0.34590359913459445, 'lag_26': 0.35667479093934684, 'lag_27': 0.6004537902796839, 'lag_28': 0.5109770674772689}. Best is trial 19 with value: 0.002820392816125633.
[I 2025-09-29 11:57:53,207] Trial 50 finished with value: 0.0028584505843886874 and parameters: {'lag_0': 0.27719304296071373, 'lag_1': 0.6115592717570698, 'lag_2': 0.1683028014941045, 'lag_3': 0.967007873191057, 'lag_4': 0.4102502636318, 'lag_5': 0.021645938781090453, 'lag_6': 0.24444248393261564, 'lag_7': 0.8665375213589582, 'lag_8': 0.6247657335024102, 'lag_9': 0.16593306798358745, 'lag_10': 0.6419039326592141, 'lag_11': 0.4167629283047115, 'lag_12': 0.45148646828674854, 'lag_13': 0.5463603664716119, 'lag_14': 0.3694822829231848, 'lag_15': 0.4939653707368557, 'lag_16': 0.9377144490702628, 'lag_17': 0.8092570767760014, 'lag_18': 0.5277950684131195, 'lag_19': 0.5345486388291318, 'lag_20': 0.44271355957153485, 'lag_21': 0.35229118630869655, 'lag_22': 0.6370547245022872, 'lag_23': 0.7916984176283854, 'lag_24': 0.9154043235858307, 'lag_25': 0.3672721152949461, 'lag_26': 0.09801371801058484, 'lag_27': 0.5997522739357767, 'lag_28': 0.5288548654081143}. Best is trial 19 with value: 0.002820392816125633.
[I 2025-09-29 11:57:55,557] Trial 51 finished with value: 0.0030027323492332683 and parameters: {'lag_0': 0.12127842638029673, 'lag_1': 0.6801360943295809, 'lag_2': 0.019608486170511086, 'lag_3': 0.9122716559425725, 'lag_4': 0.47935809304149396, 'lag_5': 0.3693403415436687, 'lag_6': 0.11859534511215782, 'lag_7': 0.95127140539553, 'lag_8': 0.867065691709678, 'lag_9': 0.14691186726678954, 'lag_10': 0.554360318856297, 'lag_11': 0.5183850840172886, 'lag_12': 0.7849542173808117, 'lag_13': 0.37612409270558056, 'lag_14': 0.036314830061252995, 'lag_15': 0.997973431835827, 'lag_16': 0.9331313805510594, 'lag_17': 0.9522071311725195, 'lag_18': 0.4704451778123727, 'lag_19': 0.44574511215883084, 'lag_20': 0.5205587060664288, 'lag_21': 0.4521427591962184, 'lag_22': 0.7171058068809849, 'lag_23': 0.9423060971533692, 'lag_24': 0.6975846291519177, 'lag_25': 0.33369970415233696, 'lag_26': 0.3636075737853366, 'lag_27': 0.6660465953469658, 'lag_28': 0.44070749618202076}. Best is trial 19 with value: 0.002820392816125633.
[I 2025-09-29 11:57:57,911] Trial 52 finished with value: 0.0029848021144980737 and parameters: {'lag_0': 0.06822842690156156, 'lag_1': 0.8776210263543726, 'lag_2': 0.08772995176924585, 'lag_3': 0.8379600076963014, 'lag_4': 0.35882692769882957, 'lag_5': 0.26738816277369765, 'lag_6': 0.1652334458901639, 'lag_7': 0.88591320048262, 'lag_8': 0.046241598556478164, 'lag_9': 0.2188975715651733, 'lag_10': 0.7381737429179565, 'lag_11': 0.6121373390863191, 'lag_12': 0.7428486997086831, 'lag_13': 0.33059870512954714, 'lag_14': 0.11122085246110484, 'lag_15': 0.7964298190660972, 'lag_16': 0.8305264284444174, 'lag_17': 0.8825356368621764, 'lag_18': 0.5995082107108647, 'lag_19': 0.38460675587647963, 'lag_20': 0.5841328605729742, 'lag_21': 0.483022229609018, 'lag_22': 0.8367164904391774, 'lag_23': 0.8149875687425456, 'lag_24': 0.8499909288236029, 'lag_25': 0.42966054761666006, 'lag_26': 0.441099328727273, 'lag_27': 0.5453592952336402, 'lag_28': 0.48036262368794413}. Best is trial 19 with value: 0.002820392816125633.
[I 2025-09-29 11:58:00,256] Trial 53 finished with value: 0.002914650714171932 and parameters: {'lag_0': 0.0003626621901778558, 'lag_1': 0.7752255434126961, 'lag_2': 0.25173201224571334, 'lag_3': 0.7145913150753499, 'lag_4': 0.23616799848200448, 'lag_5': 0.5067200341572788, 'lag_6': 0.003073336642675728, 'lag_7': 0.8281225115252719, 'lag_8': 0.712750044626014, 'lag_9': 0.3684056841315037, 'lag_10': 0.5999336695317165, 'lag_11': 0.33588652298908694, 'lag_12': 0.9502239596392694, 'lag_13': 0.4160539313868474, 'lag_14': 0.003024240637318515, 'lag_15': 0.8766266362321714, 'lag_16': 0.9812126414894241, 'lag_17': 0.9084872144861568, 'lag_18': 0.6718181834858535, 'lag_19': 0.34692912352080013, 'lag_20': 0.48770509204870505, 'lag_21': 0.5465316483941891, 'lag_22': 0.579262880390939, 'lag_23': 0.7490136356330582, 'lag_24': 0.636168485290384, 'lag_25': 0.2197351038621279, 'lag_26': 0.3480962166750706, 'lag_27': 0.7131256541440218, 'lag_28': 0.6409864693716489}. Best is trial 19 with value: 0.002820392816125633.
[I 2025-09-29 11:58:02,613] Trial 54 finished with value: 0.003028006535170098 and parameters: {'lag_0': 0.15292354815229403, 'lag_1': 0.8348495110335349, 'lag_2': 0.20470400099671754, 'lag_3': 0.7645587782667508, 'lag_4': 0.5453720289741457, 'lag_5': 0.17565589336276088, 'lag_6': 0.17595044815736216, 'lag_7': 0.9670450994920237, 'lag_8': 0.5586018791963552, 'lag_9': 0.08289116026739958, 'lag_10': 0.47528996599811, 'lag_11': 0.5157443251075498, 'lag_12': 0.8885894403176047, 'lag_13': 0.2140373751528107, 'lag_14': 0.07181626857892072, 'lag_15': 0.9562842389396553, 'lag_16': 0.7747006020130401, 'lag_17': 0.980419647998229, 'lag_18': 0.5856212364033898, 'lag_19': 0.2183844322853488, 'lag_20': 0.18390214097361085, 'lag_21': 0.024616741994940405, 'lag_22': 0.6881554232840525, 'lag_23': 0.656661452153132, 'lag_24': 0.023808606441924573, 'lag_25': 0.12427340090186928, 'lag_26': 0.4547302878504469, 'lag_27': 0.6085946911900423, 'lag_28': 0.833794839006781}. Best is trial 19 with value: 0.002820392816125633.
[I 2025-09-29 11:58:04,963] Trial 55 finished with value: 0.0030003300048560403 and parameters: {'lag_0': 0.06690196152588906, 'lag_1': 0.7206328332611401, 'lag_2': 0.30824268152789214, 'lag_3': 0.8749215486011179, 'lag_4': 0.622979526177482, 'lag_5': 0.473996485781828, 'lag_6': 0.12907387881258886, 'lag_7': 0.7537959924392414, 'lag_8': 0.4993105222327054, 'lag_9': 0.1325359415472537, 'lag_10': 0.7161241842107854, 'lag_11': 0.9771558775126075, 'lag_12': 0.6617864433713043, 'lag_13': 0.48355933877685187, 'lag_14': 0.15981139089968194, 'lag_15': 0.863653522078972, 'lag_16': 0.8582907939329962, 'lag_17': 0.9554397330531906, 'lag_18': 0.3906034061763718, 'lag_19': 0.656432796978074, 'lag_20': 0.8000075405283693, 'lag_21': 0.7804952270588371, 'lag_22': 0.955927218109066, 'lag_23': 0.268680020443524, 'lag_24': 0.5096621199825935, 'lag_25': 0.26312368636466343, 'lag_26': 0.3943282746114899, 'lag_27': 0.7734012519055516, 'lag_28': 0.5936956948768215}. Best is trial 19 with value: 0.002820392816125633.
[I 2025-09-29 11:58:07,309] Trial 56 finished with value: 0.002871339164478738 and parameters: {'lag_0': 0.7413124712928167, 'lag_1': 0.8909886591166178, 'lag_2': 0.36318218464928376, 'lag_3': 0.46886667141586574, 'lag_4': 0.2700158740047487, 'lag_5': 0.297772547075138, 'lag_6': 0.853189485051393, 'lag_7': 0.9088111774658122, 'lag_8': 0.6468976606152923, 'lag_9': 0.0138672079626492, 'lag_10': 0.053604734724129494, 'lag_11': 0.47632507330958407, 'lag_12': 0.8403045462125815, 'lag_13': 0.27060461270708064, 'lag_14': 0.0506219159482515, 'lag_15': 0.38079404394343047, 'lag_16': 0.7353180771160739, 'lag_17': 0.8245719391523763, 'lag_18': 0.721516463127244, 'lag_19': 0.522598126915268, 'lag_20': 0.3999581657735075, 'lag_21': 0.731451232211576, 'lag_22': 0.8141068510584676, 'lag_23': 0.3385304452435505, 'lag_24': 0.3098300538727743, 'lag_25': 0.16206728739128073, 'lag_26': 0.490396437483053, 'lag_27': 0.4926690563461408, 'lag_28': 0.6826303672235492}. Best is trial 19 with value: 0.002820392816125633.
[I 2025-09-29 11:58:09,662] Trial 57 finished with value: 0.002914135076097057 and parameters: {'lag_0': 0.4355798322952883, 'lag_1': 0.5456777977621741, 'lag_2': 0.8173829173297337, 'lag_3': 0.531744054872461, 'lag_4': 0.4254532004198266, 'lag_5': 0.43543377167116026, 'lag_6': 0.36258987135402804, 'lag_7': 0.6653846666270982, 'lag_8': 0.4335465604443941, 'lag_9': 0.4048663449358741, 'lag_10': 0.11710451417606388, 'lag_11': 0.758095569284389, 'lag_12': 0.5275081458120339, 'lag_13': 0.3621953313356115, 'lag_14': 0.11943931932048321, 'lag_15': 0.5632182436892816, 'lag_16': 0.6931193880008092, 'lag_17': 0.7133041579393165, 'lag_18': 0.9182994217963159, 'lag_19': 0.27414729616102484, 'lag_20': 0.2847862350307372, 'lag_21': 0.4034390418235599, 'lag_22': 0.5344775868061571, 'lag_23': 0.8921025400237734, 'lag_24': 0.13521260431316937, 'lag_25': 0.0034453656647178837, 'lag_26': 0.5913961599447819, 'lag_27': 0.9934613405243073, 'lag_28': 0.3175280465917255}. Best is trial 19 with value: 0.002820392816125633.
[I 2025-09-29 11:58:12,014] Trial 58 finished with value: 0.0029062755734536004 and parameters: {'lag_0': 0.35057649520703815, 'lag_1': 0.9609002427401813, 'lag_2': 0.6946988772559225, 'lag_3': 0.9235810076887804, 'lag_4': 0.17256009301816733, 'lag_5': 0.39303131307276096, 'lag_6': 0.08569576180118434, 'lag_7': 0.8588186708931668, 'lag_8': 0.1502590196745761, 'lag_9': 0.303493701231696, 'lag_10': 0.39175732198027174, 'lag_11': 0.8741640920893048, 'lag_12': 0.24994506037627823, 'lag_13': 0.4469989949257694, 'lag_14': 0.17833217352560984, 'lag_15': 0.27845150193986845, 'lag_16': 0.09611402303607319, 'lag_17': 0.8931322563461866, 'lag_18': 0.6652272237702993, 'lag_19': 0.844828028694232, 'lag_20': 0.6727975972495361, 'lag_21': 0.6606887314348662, 'lag_22': 0.21318218452312576, 'lag_23': 0.5741255309307994, 'lag_24': 0.05604691251334587, 'lag_25': 0.31263789701631717, 'lag_26': 0.2541770458048638, 'lag_27': 0.6535436601006859, 'lag_28': 0.3859997249898211}. Best is trial 19 with value: 0.002820392816125633.
[I 2025-09-29 11:58:14,361] Trial 59 finished with value: 0.003009507751852619 and parameters: {'lag_0': 0.24674471570216083, 'lag_1': 0.9992650168935168, 'lag_2': 0.4594114929828175, 'lag_3': 0.6715727247071551, 'lag_4': 0.48781134598240816, 'lag_5': 0.5656723339940374, 'lag_6': 0.3144975521665961, 'lag_7': 0.7920581046588229, 'lag_8': 0.5918936497274009, 'lag_9': 0.706442267273777, 'lag_10': 0.42592380644978123, 'lag_11': 0.28448420129325547, 'lag_12': 0.6236436206510293, 'lag_13': 0.39791150032404765, 'lag_14': 0.5216947479450698, 'lag_15': 0.1796083771509082, 'lag_16': 0.05078144089155015, 'lag_17': 0.8575606288683152, 'lag_18': 0.5308327083865965, 'lag_19': 0.3142629171715894, 'lag_20': 0.622371991079969, 'lag_21': 0.9456945004461139, 'lag_22': 0.7606407156732062, 'lag_23': 0.17013720404141291, 'lag_24': 0.5458246850334433, 'lag_25': 0.20191244176730289, 'lag_26': 0.13702571681659248, 'lag_27': 0.7030639138077218, 'lag_28': 0.4682519455277644}. Best is trial 19 with value: 0.002820392816125633.
[I 2025-09-29 11:58:16,706] Trial 60 finished with value: 0.002916005156226902 and parameters: {'lag_0': 0.17962641922656475, 'lag_1': 0.8501381508274525, 'lag_2': 0.5324919984147, 'lag_3': 0.8296946829189367, 'lag_4': 0.3276880179079491, 'lag_5': 0.133547208541733, 'lag_6': 0.19376554414926922, 'lag_7': 0.5121245928684438, 'lag_8': 0.3310357351912808, 'lag_9': 0.23302728894317054, 'lag_10': 0.3206438996873539, 'lag_11': 0.8322884174246067, 'lag_12': 0.12020435844340438, 'lag_13': 0.3157829703315609, 'lag_14': 0.6147206940935006, 'lag_15': 0.6516199671471656, 'lag_16': 0.3529458458883338, 'lag_17': 0.6407954934085075, 'lag_18': 0.4696812483510085, 'lag_19': 0.4201054928404634, 'lag_20': 0.5577605020078193, 'lag_21': 0.2975377720507996, 'lag_22': 0.606468158448624, 'lag_23': 0.5021182312770058, 'lag_24': 0.10950544052280281, 'lag_25': 0.09478045811171275, 'lag_26': 0.037619945967672055, 'lag_27': 0.6245194264188738, 'lag_28': 0.7605569092423882}. Best is trial 19 with value: 0.002820392816125633.
[I 2025-09-29 11:58:19,056] Trial 61 finished with value: 0.003099555733738816 and parameters: {'lag_0': 0.27471321878363575, 'lag_1': 0.5754522628780812, 'lag_2': 0.15121523060351139, 'lag_3': 0.957567201379836, 'lag_4': 0.4064539097450916, 'lag_5': 0.0051544045942239075, 'lag_6': 0.2396718238541852, 'lag_7': 0.9684957172003291, 'lag_8': 0.6156084235662754, 'lag_9': 0.19267092657097268, 'lag_10': 0.6424367217163134, 'lag_11': 0.4302898223476884, 'lag_12': 0.45849046118469156, 'lag_13': 0.521220074175667, 'lag_14': 0.3544404280266679, 'lag_15': 0.4809834280602848, 'lag_16': 0.9438579879065109, 'lag_17': 0.789196750425586, 'lag_18': 0.5198703139230167, 'lag_19': 0.5296862458759907, 'lag_20': 0.44054982857317865, 'lag_21': 0.3783175233403416, 'lag_22': 0.666577135474781, 'lag_23': 0.7689467201207242, 'lag_24': 0.9962708492893712, 'lag_25': 0.3758135127581791, 'lag_26': 0.09428835819879305, 'lag_27': 0.5388559706585616, 'lag_28': 0.5198588231938415}. Best is trial 19 with value: 0.002820392816125633.
[I 2025-09-29 11:58:21,405] Trial 62 finished with value: 0.0029464192470971943 and parameters: {'lag_0': 0.9939339381671287, 'lag_1': 0.6174611347213907, 'lag_2': 0.07820628300346832, 'lag_3': 0.9869371595285408, 'lag_4': 0.5211253476409438, 'lag_5': 0.016999181300860144, 'lag_6': 0.24455761675141346, 'lag_7': 0.8633063650674888, 'lag_8': 0.6899131828550237, 'lag_9': 0.17838729266507858, 'lag_10': 0.6518599228686904, 'lag_11': 0.41418089420482, 'lag_12': 0.3123866564282609, 'lag_13': 0.6167930252284113, 'lag_14': 0.24978884694538037, 'lag_15': 0.5334971298385945, 'lag_16': 0.9246562326202494, 'lag_17': 0.8006649924616731, 'lag_18': 0.5671740342972106, 'lag_19': 0.474542794426295, 'lag_20': 0.35653456678587997, 'lag_21': 0.3600108143979246, 'lag_22': 0.6274648452842847, 'lag_23': 0.9132376688729292, 'lag_24': 0.9413076852937834, 'lag_25': 0.4362433406612185, 'lag_26': 0.17286097795643202, 'lag_27': 0.5722280641373667, 'lag_28': 0.5185684513194273}. Best is trial 19 with value: 0.002820392816125633.
[I 2025-09-29 11:58:23,753] Trial 63 finished with value: 0.003052685291258363 and parameters: {'lag_0': 0.3059796532934662, 'lag_1': 0.6176020107678971, 'lag_2': 0.1664244507839021, 'lag_3': 0.8981777248192768, 'lag_4': 0.3548716680590574, 'lag_5': 0.039300202721775465, 'lag_6': 0.04786124220569679, 'lag_7': 0.8240267757883182, 'lag_8': 0.7429438647449667, 'lag_9': 0.10548730580629125, 'lag_10': 0.5897944795697105, 'lag_11': 0.5388710279045692, 'lag_12': 0.3997806731036061, 'lag_13': 0.5552300371962693, 'lag_14': 0.3807589144101521, 'lag_15': 0.45834554484187995, 'lag_16': 0.961740645956512, 'lag_17': 0.6896945103664638, 'lag_18': 0.6279841515485609, 'lag_19': 0.5892654442032392, 'lag_20': 0.4274726212191316, 'lag_21': 0.19821625450357191, 'lag_22': 0.6400624747776238, 'lag_23': 0.824613989455165, 'lag_24': 0.9312349178977989, 'lag_25': 0.36052828823441213, 'lag_26': 0.09997811540865026, 'lag_27': 0.6840876750245722, 'lag_28': 0.5534693505359718}. Best is trial 19 with value: 0.002820392816125633.
[I 2025-09-29 11:58:26,109] Trial 64 finished with value: 0.0029241368023973854 and parameters: {'lag_0': 0.13787941796265132, 'lag_1': 0.6696172271482059, 'lag_2': 0.2691552119850038, 'lag_3': 0.9683630972467502, 'lag_4': 0.5944752222453726, 'lag_5': 0.12293071658644628, 'lag_6': 0.14614133125254608, 'lag_7': 0.7598181115559217, 'lag_8': 0.5276895478370061, 'lag_9': 0.03485364462462781, 'lag_10': 0.7691652601901992, 'lag_11': 0.45898882918426953, 'lag_12': 0.5411927525321361, 'lag_13': 0.5812271388688551, 'lag_14': 0.28482261319288815, 'lag_15': 0.5081080855164383, 'lag_16': 0.897837562570212, 'lag_17': 0.840494714967438, 'lag_18': 0.5030050980610457, 'lag_19': 0.36886131525742105, 'lag_20': 0.8691757810487483, 'lag_21': 0.4853986369581727, 'lag_22': 0.730679894464562, 'lag_23': 0.8603638760721916, 'lag_24': 0.8376743649029712, 'lag_25': 0.5292691797323754, 'lag_26': 0.0360328303888659, 'lag_27': 0.5949326643592077, 'lag_28': 0.6015020999467424}. Best is trial 19 with value: 0.002820392816125633.
[I 2025-09-29 11:58:28,463] Trial 65 finished with value: 0.002902715410723932 and parameters: {'lag_0': 0.22677646858736253, 'lag_1': 0.6990697189594084, 'lag_2': 0.1962317896240392, 'lag_3': 0.860192267486179, 'lag_4': 0.38456779082193954, 'lag_5': 0.34365310994181997, 'lag_6': 0.3059044801012785, 'lag_7': 0.7189578024361086, 'lag_8': 0.6330785719153899, 'lag_9': 0.2812744066513241, 'lag_10': 0.5297887151403653, 'lag_11': 0.6299051521269834, 'lag_12': 0.7385102026615264, 'lag_13': 0.7153775991793332, 'lag_14': 0.08450595895507818, 'lag_15': 0.5696329933470342, 'lag_16': 0.8591058657562318, 'lag_17': 0.7453938155418246, 'lag_18': 0.30832541465362884, 'lag_19': 0.5130548292090753, 'lag_20': 0.46498282792851525, 'lag_21': 0.31645261242600986, 'lag_22': 0.6954889234785415, 'lag_23': 0.7348228095496865, 'lag_24': 0.7986332855698166, 'lag_25': 0.647108462271545, 'lag_26': 0.8979590943498422, 'lag_27': 0.8110565450825191, 'lag_28': 0.461763183524302}. Best is trial 19 with value: 0.002820392816125633.
