[I 2025-09-29 12:52:52,992] Trial 61 finished with value: 0.004189208184450578 and parameters: {'lag_0': 0.516660785805048, 'lag_1': 0.3418909581176669, 'lag_2': 0.48494148553808003, 'lag_3': 0.5276383176576894, 'lag_4': 0.9563830605644165, 'lag_5': 0.5156660567610354, 'lag_6': 0.5501281523505214, 'lag_7': 0.3624518850462198, 'lag_8': 0.1608379614015369, 'lag_9': 0.6304782393358892, 'lag_10': 0.9111033972022439, 'lag_11': 0.5768939442959516, 'lag_12': 0.6951851618602732, 'lag_13': 0.10102630806566093, 'lag_14': 0.2402938970481355, 'lag_15': 0.1872152542049656, 'lag_16': 0.15559216244841684, 'lag_17': 0.07472303219355046, 'lag_18': 0.5695743671771573, 'lag_19': 0.6067179087530538, 'lag_20': 0.5157363624906186, 'lag_21': 0.6692541821076562, 'lag_22': 0.27031619846329746, 'lag_23': 0.5406117438847979, 'lag_24': 0.7707768122215869, 'lag_25': 0.2712536231584134, 'lag_26': 0.39806129941059876, 'lag_27': 0.878460027280354, 'lag_28': 0.7828498314037344}. Best is trial 4 with value: 0.0036804962818087566.
[I 2025-09-29 12:52:55,488] Trial 62 finished with value: 0.0038276181008291186 and parameters: {'lag_0': 0.4608478421720241, 'lag_1': 0.5000550050551281, 'lag_2': 0.5254388035093598, 'lag_3': 0.7553511872095172, 'lag_4': 0.8791550000222376, 'lag_5': 0.443259581997028, 'lag_6': 0.7192543056017118, 'lag_7': 0.26438453724826594, 'lag_8': 0.04812742153279051, 'lag_9': 0.8049198626766576, 'lag_10': 0.9898419282527667, 'lag_11': 0.6169052581110447, 'lag_12': 0.8146032206859928, 'lag_13': 0.15740315357047105, 'lag_14': 0.28125201989917753, 'lag_15': 0.14254351068495263, 'lag_16': 0.1871651171327675, 'lag_17': 0.13179344543134974, 'lag_18': 0.6174539684186224, 'lag_19': 0.6528794903702781, 'lag_20': 0.66357078076045, 'lag_21': 0.583097329698453, 'lag_22': 0.3121493896308631, 'lag_23': 0.5846513135624521, 'lag_24': 0.7154435075612396, 'lag_25': 0.06943652208711754, 'lag_26': 0.8234824951673164, 'lag_27': 0.7936833829861843, 'lag_28': 0.894655894345322}. Best is trial 4 with value: 0.0036804962818087566.
[I 2025-09-29 12:52:57,987] Trial 63 finished with value: 0.004111033122639908 and parameters: {'lag_0': 0.5816030727676699, 'lag_1': 0.259151279252764, 'lag_2': 0.33059264147850415, 'lag_3': 0.5753623240796615, 'lag_4': 0.910957737652278, 'lag_5': 0.6690535641127235, 'lag_6': 0.4987704073118647, 'lag_7': 0.42371467845884386, 'lag_8': 0.3764463497748057, 'lag_9': 0.7186607733358085, 'lag_10': 0.8494467364916345, 'lag_11': 0.18071186637721767, 'lag_12': 0.9437936365311461, 'lag_13': 0.2836863581593181, 'lag_14': 0.33899674918725753, 'lag_15': 0.6573227336568245, 'lag_16': 0.4751070411647988, 'lag_17': 0.03696231333975706, 'lag_18': 0.6655934951270825, 'lag_19': 0.4796151858275083, 'lag_20': 0.4768992229241614, 'lag_21': 0.8056293714890581, 'lag_22': 0.20595163125417332, 'lag_23': 0.430231526558045, 'lag_24': 0.8343508102280255, 'lag_25': 0.5013271111225521, 'lag_26': 0.5349671565232742, 'lag_27': 0.9540072349234722, 'lag_28': 0.8139173223597953}. Best is trial 4 with value: 0.0036804962818087566.
[I 2025-09-29 12:53:00,476] Trial 64 finished with value: 0.004115103182912508 and parameters: {'lag_0': 0.6781462477407856, 'lag_1': 0.13521668289422817, 'lag_2': 0.42363123975771183, 'lag_3': 0.6300520172711126, 'lag_4': 0.963472498342018, 'lag_5': 0.6140235084746203, 'lag_6': 0.8110779850656997, 'lag_7': 0.30550475235986896, 'lag_8': 0.025289933027191444, 'lag_9': 0.04006355455777824, 'lag_10': 0.34430098714929064, 'lag_11': 0.733815481830299, 'lag_12': 0.8806486670085723, 'lag_13': 0.19291613389478454, 'lag_14': 0.4079269934535297, 'lag_15': 0.3073927768956009, 'lag_16': 0.10522461546662615, 'lag_17': 0.17719278463840568, 'lag_18': 0.5229025481325136, 'lag_19': 0.7268587350021416, 'lag_20': 0.540864174978575, 'lag_21': 0.7433310811075396, 'lag_22': 0.15815150418033058, 'lag_23': 0.7256475084418631, 'lag_24': 0.782721403778609, 'lag_25': 0.302911057910171, 'lag_26': 0.6133319924968501, 'lag_27': 0.9205519653751219, 'lag_28': 0.7631737985259026}. Best is trial 4 with value: 0.0036804962818087566.
[I 2025-09-29 12:53:02,975] Trial 65 finished with value: 0.00410700049906273 and parameters: {'lag_0': 0.3342581968086279, 'lag_1': 0.33210663041705146, 'lag_2': 0.5706264729907979, 'lag_3': 0.6990923998831506, 'lag_4': 0.8524072264958917, 'lag_5': 0.35198596591730097, 'lag_6': 0.6340680871315986, 'lag_7': 0.3981331793945193, 'lag_8': 0.948100483553517, 'lag_9': 0.09356744043081855, 'lag_10': 0.9584709547087017, 'lag_11': 0.47640825606109427, 'lag_12': 0.7530230598632975, 'lag_13': 0.04580933467778997, 'lag_14': 0.08457777286371597, 'lag_15': 0.22522577334139013, 'lag_16': 0.9907817471009994, 'lag_17': 0.11714507342009418, 'lag_18': 0.4598487835519257, 'lag_19': 0.7737625020708306, 'lag_20': 0.3742041018444388, 'lag_21': 0.47787882482612876, 'lag_22': 0.008148364367905676, 'lag_23': 0.3675589159442166, 'lag_24': 0.4367499973657146, 'lag_25': 0.4247250089203285, 'lag_26': 0.9588855274326314, 'lag_27': 0.8065804047848952, 'lag_28': 0.7134191611443417}. Best is trial 4 with value: 0.0036804962818087566.
[I 2025-09-29 12:53:05,472] Trial 66 finished with value: 0.003991080014335123 and parameters: {'lag_0': 0.4917588355742385, 'lag_1': 0.4087340361425024, 'lag_2': 0.3831654619940128, 'lag_3': 0.41502584654788266, 'lag_4': 0.9264056673750988, 'lag_5': 0.043566605491488664, 'lag_6': 0.5800632829516199, 'lag_7': 0.21963022020699108, 'lag_8': 0.19223440662595365, 'lag_9': 0.14092311067564972, 'lag_10': 0.7925371624818826, 'lag_11': 0.36791522311554575, 'lag_12': 0.6814723940855528, 'lag_13': 0.2371528643182651, 'lag_14': 0.0070882081022324295, 'lag_15': 0.5574960268421735, 'lag_16': 0.555072314710479, 'lag_17': 0.569941686575913, 'lag_18': 0.7732816961176113, 'lag_19': 0.5559080924538167, 'lag_20': 0.12552463559997815, 'lag_21': 0.5350136611148258, 'lag_22': 0.25057235684065043, 'lag_23': 0.25438657877172854, 'lag_24': 0.7427203173198326, 'lag_25': 0.7594432106477371, 'lag_26': 0.4960569127745966, 'lag_27': 0.996119401977844, 'lag_28': 0.6129357825233588}. Best is trial 4 with value: 0.0036804962818087566.
[I 2025-09-29 12:53:07,970] Trial 67 finished with value: 0.0040231011489991085 and parameters: {'lag_0': 0.1946090535959954, 'lag_1': 0.44863904947342015, 'lag_2': 0.4931227720509349, 'lag_3': 0.4612555042139954, 'lag_4': 0.9983060192737341, 'lag_5': 0.5595227305247312, 'lag_6': 0.6766816209258728, 'lag_7': 0.4566277603896219, 'lag_8': 0.8813782157419296, 'lag_9': 0.4943527334950426, 'lag_10': 0.4327178979277186, 'lag_11': 0.6431612544760958, 'lag_12': 0.6315476264498194, 'lag_13': 0.09724465287010897, 'lag_14': 0.7462602759440815, 'lag_15': 0.599325411774647, 'lag_16': 0.2218815476550708, 'lag_17': 0.489164371487506, 'lag_18': 0.497176160873918, 'lag_19': 0.499849969059857, 'lag_20': 0.8102780633366602, 'lag_21': 0.7117801647718436, 'lag_22': 0.42981065209116776, 'lag_23': 0.639858956797082, 'lag_24': 0.7046651180525526, 'lag_25': 0.19120024344265968, 'lag_26': 0.6331111021725082, 'lag_27': 0.7435006253801149, 'lag_28': 0.5573327332334264}. Best is trial 4 with value: 0.0036804962818087566.
[I 2025-09-29 12:53:10,471] Trial 68 finished with value: 0.004117298917667319 and parameters: {'lag_0': 0.36913661087122934, 'lag_1': 0.41832404563198605, 'lag_2': 0.274598046808256, 'lag_3': 0.9939855918793117, 'lag_4': 0.4294903829291541, 'lag_5': 0.4873634103769693, 'lag_6': 0.4515714838725429, 'lag_7': 0.18302152255158688, 'lag_8': 0.23529230960773517, 'lag_9': 0.38515692566223847, 'lag_10': 0.1371193048372455, 'lag_11': 0.6882511321304898, 'lag_12': 0.7693494976696885, 'lag_13': 0.14196038386312507, 'lag_14': 0.6168991520301123, 'lag_15': 0.1111375060238945, 'lag_16': 0.6479442656693367, 'lag_17': 0.7383090346614783, 'lag_18': 0.4144960583996269, 'lag_19': 0.28659266075455203, 'lag_20': 0.8747485051413981, 'lag_21': 0.9595478298682681, 'lag_22': 0.06003750082793691, 'lag_23': 0.6865171128034084, 'lag_24': 0.8341946139294175, 'lag_25': 0.6868793678528837, 'lag_26': 0.31423666602100897, 'lag_27': 0.6601791620297679, 'lag_28': 0.9456530475728973}. Best is trial 4 with value: 0.0036804962818087566.
[I 2025-09-29 12:53:12,976] Trial 69 finished with value: 0.004350977296978235 and parameters: {'lag_0': 0.42405387133388994, 'lag_1': 0.5217844887131846, 'lag_2': 0.4446609678795469, 'lag_3': 0.8352840528517277, 'lag_4': 0.8022168420039416, 'lag_5': 0.6408854395045257, 'lag_6': 0.22966148317919316, 'lag_7': 0.16244841944116659, 'lag_8': 0.08793273505915628, 'lag_9': 0.27155792896516984, 'lag_10': 0.46744965373856984, 'lag_11': 0.42046402561666735, 'lag_12': 0.8423513470176747, 'lag_13': 0.36122571687152705, 'lag_14': 0.14952984688526527, 'lag_15': 0.8756141100107376, 'lag_16': 0.7036560101171613, 'lag_17': 0.8248601274348663, 'lag_18': 0.010415095115242967, 'lag_19': 0.589530418978333, 'lag_20': 0.05493929910170604, 'lag_21': 0.8717970372006086, 'lag_22': 0.3110172905086943, 'lag_23': 0.7482268621494887, 'lag_24': 0.5838664931181168, 'lag_25': 0.24841336801291214, 'lag_26': 0.805582266385546, 'lag_27': 0.5813058691242835, 'lag_28': 0.8583164244081991}. Best is trial 4 with value: 0.0036804962818087566.
[I 2025-09-29 12:53:15,471] Trial 70 finished with value: 0.004380378039640949 and parameters: {'lag_0': 0.31755809637126287, 'lag_1': 0.5779721229927877, 'lag_2': 0.3571978765810852, 'lag_3': 0.6520322903761752, 'lag_4': 0.8882207667570264, 'lag_5': 0.22094042693323585, 'lag_6': 0.25840094710640393, 'lag_7': 0.37264346000081044, 'lag_8': 0.14407701700321687, 'lag_9': 0.2223328130371292, 'lag_10': 0.3689940787694933, 'lag_11': 0.5094779606017075, 'lag_12': 0.8030068700014734, 'lag_13': 0.07272012828891722, 'lag_14': 0.2996157725109929, 'lag_15': 0.3707219521107084, 'lag_16': 0.39787204554342226, 'lag_17': 0.2184198886243019, 'lag_18': 0.5617412545578475, 'lag_19': 0.1614665470305201, 'lag_20': 0.9267105459163543, 'lag_21': 0.03637265277901175, 'lag_22': 0.10193013119842972, 'lag_23': 0.6048977695722032, 'lag_24': 0.6571786205810444, 'lag_25': 0.37140570204942946, 'lag_26': 0.6910414530757185, 'lag_27': 0.8570951013122771, 'lag_28': 0.45847643657587217}. Best is trial 4 with value: 0.0036804962818087566.
[I 2025-09-29 12:53:17,983] Trial 71 finished with value: 0.005091817667463806 and parameters: {'lag_0': 0.4540583390279844, 'lag_1': 0.5015864173826974, 'lag_2': 0.5293234680267799, 'lag_3': 0.7625963708422836, 'lag_4': 0.8780307143941983, 'lag_5': 0.4334648913392242, 'lag_6': 0.8182803507622678, 'lag_7': 0.25583160182510756, 'lag_8': 0.09572689026246617, 'lag_9': 0.8240073882529437, 'lag_10': 0.8879384958447988, 'lag_11': 0.5990096867361061, 'lag_12': 0.8129575814380137, 'lag_13': 0.1633068502565507, 'lag_14': 0.2798022989965692, 'lag_15': 0.1374052430842005, 'lag_16': 0.16401763581963508, 'lag_17': 0.12612204705205804, 'lag_18': 0.6363926034620232, 'lag_19': 0.6485802995904204, 'lag_20': 0.6572201349007258, 'lag_21': 0.602329426654074, 'lag_22': 0.3263537233068868, 'lag_23': 0.5642501647330974, 'lag_24': 0.7011449511967797, 'lag_25': 0.059715373549779426, 'lag_26': 0.7356998801016528, 'lag_27': 0.8015359826751326, 'lag_28': 0.8796905239272421}. Best is trial 4 with value: 0.0036804962818087566.
[I 2025-09-29 12:53:20,607] Trial 72 finished with value: 0.00442322293374776 and parameters: {'lag_0': 0.4842494349518167, 'lag_1': 0.9363423616988842, 'lag_2': 0.48885847385636744, 'lag_3': 0.716108659236675, 'lag_4': 0.963348983766868, 'lag_5': 0.44058431106443635, 'lag_6': 0.7507852638062212, 'lag_7': 0.27137692001127744, 'lag_8': 0.04551764161893557, 'lag_9': 0.9015782497110737, 'lag_10': 0.9887697752093048, 'lag_11': 0.626482713548379, 'lag_12': 0.9091493397039634, 'lag_13': 0.2661386758105064, 'lag_14': 0.22870931548411472, 'lag_15': 0.052396567432478, 'lag_16': 0.18365717937492504, 'lag_17': 0.6512229883903489, 'lag_18': 0.6761594471324845, 'lag_19': 0.0252623577152441, 'lag_20': 0.6735268425084275, 'lag_21': 0.5750153781339953, 'lag_22': 0.21943358382000036, 'lag_23': 0.4998188658783122, 'lag_24': 0.7889166952008653, 'lag_25': 0.09992525989274528, 'lag_26': 0.8708103837990029, 'lag_27': 0.8995352652581806, 'lag_28': 0.9029578937818838}. Best is trial 4 with value: 0.0036804962818087566.
[I 2025-09-29 12:53:23,115] Trial 73 finished with value: 0.004034978723617355 and parameters: {'lag_0': 0.5735981671963073, 'lag_1': 0.64057948787217, 'lag_2': 0.514231336079233, 'lag_3': 0.9324871239239507, 'lag_4': 0.8568510571546343, 'lag_5': 0.3889424111971887, 'lag_6': 0.7248678229085831, 'lag_7': 0.2244267363146792, 'lag_8': 0.0587914717213792, 'lag_9': 0.7734411142402547, 'lag_10': 0.9590550144971455, 'lag_11': 0.32210470061693475, 'lag_12': 0.8840990803601203, 'lag_13': 0.20890045957672884, 'lag_14': 0.18723900711524188, 'lag_15': 0.17767048270735533, 'lag_16': 0.06972842304743948, 'lag_17': 0.002327177359753671, 'lag_18': 0.6047791300698513, 'lag_19': 0.6690962646465775, 'lag_20': 0.7201035146881789, 'lag_21': 0.6438767361234223, 'lag_22': 0.3752016020104217, 'lag_23': 0.5870157254773184, 'lag_24': 0.9182937625612952, 'lag_25': 0.1497137185620443, 'lag_26': 0.811515289052101, 'lag_27': 0.7919650554840085, 'lag_28': 0.9858091313375053}. Best is trial 4 with value: 0.0036804962818087566.
[I 2025-09-29 12:53:25,624] Trial 74 finished with value: 0.004047224377297031 and parameters: {'lag_0': 0.2860892473224263, 'lag_1': 0.4846484302910266, 'lag_2': 0.5939622161241735, 'lag_3': 0.5957580393574132, 'lag_4': 0.7698233469732843, 'lag_5': 0.5961599937620267, 'lag_6': 0.4044642178543426, 'lag_7': 0.3098933593308384, 'lag_8': 0.03282665969972558, 'lag_9': 0.8670130126145056, 'lag_10': 0.5309084893474211, 'lag_11': 0.5579730734600009, 'lag_12': 0.8289213293765878, 'lag_13': 0.12131982715849415, 'lag_14': 0.3777002861116061, 'lag_15': 0.42744448866773677, 'lag_16': 0.30719095544211916, 'lag_17': 0.1531137380625113, 'lag_18': 0.7141710486372235, 'lag_19': 0.6234628098993337, 'lag_20': 0.7642857411679003, 'lag_21': 0.49762151653611486, 'lag_22': 0.24713962985891264, 'lag_23': 0.5255517171297457, 'lag_24': 0.7393907782829024, 'lag_25': 0.054623349098940094, 'lag_26': 0.43443413358831984, 'lag_27': 0.9396919912433094, 'lag_28': 0.8445698596737378}. Best is trial 4 with value: 0.0036804962818087566.
[I 2025-09-29 12:53:28,134] Trial 75 finished with value: 0.004253270381479117 and parameters: {'lag_0': 0.21679429903931866, 'lag_1': 0.5652391775153365, 'lag_2': 0.6876119219490056, 'lag_3': 0.5222686247196618, 'lag_4': 0.8225026870808593, 'lag_5': 0.5119759044575599, 'lag_6': 0.9203808568147545, 'lag_7': 0.23939672759275812, 'lag_8': 0.007969312109789767, 'lag_9': 0.44610908996455956, 'lag_10': 0.9386988277327627, 'lag_11': 0.72239813759127, 'lag_12': 0.011152639540210618, 'lag_13': 0.18150650984785738, 'lag_14': 0.27800279905585007, 'lag_15': 0.14429606828324237, 'lag_16': 0.20453127617513772, 'lag_17': 0.07578635835083672, 'lag_18': 0.621681299953895, 'lag_19': 0.7044231166806347, 'lag_20': 0.6421237250390526, 'lag_21': 0.5410256722517028, 'lag_22': 0.6468682090438591, 'lag_23': 0.81924531873892, 'lag_24': 0.8060024501602356, 'lag_25': 0.5209356378473355, 'lag_26': 0.76737089775325, 'lag_27': 0.8534749681898838, 'lag_28': 0.6987727865695765}. Best is trial 4 with value: 0.0036804962818087566.
[I 2025-09-29 12:53:30,640] Trial 76 finished with value: 0.0038777504518941416 and parameters: {'lag_0': 0.15754198903255967, 'lag_1': 0.7779592581026583, 'lag_2': 0.5345230396573023, 'lag_3': 0.7679573638667274, 'lag_4': 0.9027538003794134, 'lag_5': 0.14205842379258682, 'lag_6': 0.6975411960792777, 'lag_7': 0.13472114639185634, 'lag_8': 0.4333066456043339, 'lag_9': 0.16469207913594902, 'lag_10': 0.7199695550594415, 'lag_11': 0.6480935498164908, 'lag_12': 0.635618326876465, 'lag_13': 0.160164398064098, 'lag_14': 0.42785329853412357, 'lag_15': 0.2885313876433629, 'lag_16': 0.010765522071039035, 'lag_17': 0.03402304706654717, 'lag_18': 0.523241811722327, 'lag_19': 0.5296232909667007, 'lag_20': 0.575051634124572, 'lag_21': 0.6923521454674426, 'lag_22': 0.17299452183302078, 'lag_23': 0.45399784751264083, 'lag_24': 0.8559425894682364, 'lag_25': 0.5606179421710211, 'lag_26': 0.9150545863320065, 'lag_27': 0.6944087078700378, 'lag_28': 0.8004451736099165}. Best is trial 4 with value: 0.0036804962818087566.
[I 2025-09-29 12:53:33,138] Trial 77 finished with value: 0.004123100715891054 and parameters: {'lag_0': 0.38158878922863326, 'lag_1': 0.8681455082404954, 'lag_2': 0.6429307402879789, 'lag_3': 0.31904247832473803, 'lag_4': 0.9336673274632491, 'lag_5': 0.541830153090397, 'lag_6': 0.5290573582311879, 'lag_7': 0.28760649133674016, 'lag_8': 0.11866177716679055, 'lag_9': 0.7438855267849701, 'lag_10': 0.779989172746118, 'lag_11': 0.7810113556177167, 'lag_12': 0.7227076357924033, 'lag_13': 0.03665796541446776, 'lag_14': 0.2068552639002582, 'lag_15': 0.32339040317701057, 'lag_16': 0.3417465061961402, 'lag_17': 0.4549407647660959, 'lag_18': 0.5675029631191105, 'lag_19': 0.46361204274753326, 'lag_20': 0.4914654839220665, 'lag_21': 0.4152723273547092, 'lag_22': 0.27449139339454864, 'lag_23': 0.6342926625410163, 'lag_24': 0.9712873654520525, 'lag_25': 0.9308289833886374, 'lag_26': 0.8290019926212705, 'lag_27': 0.8932008330958886, 'lag_28': 0.40956511588421934}. Best is trial 4 with value: 0.0036804962818087566.
[I 2025-09-29 12:53:35,628] Trial 78 finished with value: 0.00403193607866871 and parameters: {'lag_0': 0.6464725150635995, 'lag_1': 0.5253252143884805, 'lag_2': 0.4091478698583397, 'lag_3': 0.4875085361065913, 'lag_4': 0.6891237363130608, 'lag_5': 0.2861123132823232, 'lag_6': 0.3179069887428587, 'lag_7': 0.20397476341568477, 'lag_8': 0.8195146375571298, 'lag_9': 0.8077475867945405, 'lag_10': 0.9930745764185923, 'lag_11': 0.6083745417779249, 'lag_12': 0.8594944935346027, 'lag_13': 0.21773612550527255, 'lag_14': 0.34323590781912694, 'lag_15': 0.1977234073308891, 'lag_16': 0.12207843591771343, 'lag_17': 0.2349180381615967, 'lag_18': 0.09934873780145581, 'lag_19': 0.5776940773249299, 'lag_20': 0.42686164935270887, 'lag_21': 0.6732395543031435, 'lag_22': 0.31373168087660447, 'lag_23': 0.550339456670552, 'lag_24': 0.6849175502422766, 'lag_25': 0.4744926674643999, 'lag_26': 0.7686166000663271, 'lag_27': 0.7393972849271212, 'lag_28': 0.9482916228279876}. Best is trial 4 with value: 0.0036804962818087566.
[I 2025-09-29 12:53:38,128] Trial 79 finished with value: 0.004311211588692139 and parameters: {'lag_0': 0.5110316951401255, 'lag_1': 0.4069962671636326, 'lag_2': 0.46694762759607433, 'lag_3': 0.9723106980540798, 'lag_4': 0.8842413042083004, 'lag_5': 0.45303019548924756, 'lag_6': 0.7674264834713806, 'lag_7': 0.47509195330724224, 'lag_8': 0.9919539309720857, 'lag_9': 0.958869999254042, 'lag_10': 0.9125201350831862, 'lag_11': 0.5283096378962068, 'lag_12': 0.5968647835776548, 'lag_13': 0.32090062037273925, 'lag_14': 0.5446366891149617, 'lag_15': 0.2317357335084336, 'lag_16': 0.26272283497024196, 'lag_17': 0.11341036561032111, 'lag_18': 0.5880949681344297, 'lag_19': 0.6713822527483579, 'lag_20': 0.4619593767782889, 'lag_21': 0.5997730433775641, 'lag_22': 0.11520795672717887, 'lag_23': 0.09258737502710324, 'lag_24': 0.7661991769577491, 'lag_25': 0.6056706698519683, 'lag_26': 0.8842415542385624, 'lag_27': 0.811751227542639, 'lag_28': 0.5174227230413088}. Best is trial 4 with value: 0.0036804962818087566.
[I 2025-09-29 12:53:40,621] Trial 80 finished with value: 0.00397690367067511 and parameters: {'lag_0': 0.43652879544916623, 'lag_1': 0.26099753206289567, 'lag_2': 0.7574601411164263, 'lag_3': 0.8102949288883118, 'lag_4': 0.31612445759477037, 'lag_5': 0.6898162652982873, 'lag_6': 0.5972838654970342, 'lag_7': 0.33745125225530354, 'lag_8': 0.14291952787239012, 'lag_9': 0.11500478809682407, 'lag_10': 0.8600832559230066, 'lag_11': 0.6661247370028957, 'lag_12': 0.9643744230774337, 'lag_13': 0.2585644607231649, 'lag_14': 0.3139174778780787, 'lag_15': 0.6950562777661435, 'lag_16': 0.14036106823698002, 'lag_17': 0.16307167220739804, 'lag_18': 0.46846904989047056, 'lag_19': 0.5471362534944356, 'lag_20': 0.5215257467467382, 'lag_21': 0.8031422034944475, 'lag_22': 0.030377079181432953, 'lag_23': 0.42012834350423167, 'lag_24': 0.7191593160623675, 'lag_25': 0.0902482990234231, 'lag_26': 0.7247093166319465, 'lag_27': 0.31420804947832703, 'lag_28': 0.9000937207301498}. Best is trial 4 with value: 0.0036804962818087566.
[I 2025-09-29 12:53:43,114] Trial 81 finished with value: 0.003753851641076693 and parameters: {'lag_0': 0.2619280788792151, 'lag_1': 0.7001210351909675, 'lag_2': 0.816057275079629, 'lag_3': 0.9086356351102061, 'lag_4': 0.7487935244934514, 'lag_5': 0.8201837567566628, 'lag_6': 0.2858518875650827, 'lag_7': 0.15700458974214265, 'lag_8': 0.8939577426426949, 'lag_9': 0.5743043067826493, 'lag_10': 0.41408064167131686, 'lag_11': 0.5892057077376008, 'lag_12': 0.522734318837259, 'lag_13': 0.808669224046086, 'lag_14': 0.4514389488159563, 'lag_15': 0.4709621686368609, 'lag_16': 0.2620594903739243, 'lag_17': 0.28328359096558753, 'lag_18': 0.32566325411420166, 'lag_19': 0.4927746280428307, 'lag_20': 0.6230317498711716, 'lag_21': 0.7524549427387891, 'lag_22': 0.13591559628052044, 'lag_23': 0.4937007298701194, 'lag_24': 0.883787056598809, 'lag_25': 0.03983781430492589, 'lag_26': 0.5688135682267682, 'lag_27': 0.18258975009999304, 'lag_28': 0.8819695031237877}. Best is trial 4 with value: 0.0036804962818087566.
