[I 2025-09-29 13:20:34,962] Trial 61 finished with value: 0.001773810950344476 and parameters: {'lag_0': 0.7339311958021744, 'lag_1': 0.1833281286646103, 'lag_2': 0.3328998063293437, 'lag_3': 0.8491201595786594, 'lag_4': 0.6356946155327153, 'lag_5': 0.2151126891676706, 'lag_6': 0.41364708524896726, 'lag_7': 0.6038540513195745, 'lag_8': 0.8814463088135543, 'lag_9': 0.661296348422815, 'lag_10': 0.11331058223953819, 'lag_11': 0.03148366304150535, 'lag_12': 0.4558852449897727, 'lag_13': 0.5713847752154901, 'lag_14': 0.5635486034410713, 'lag_15': 0.9599749940525096, 'lag_16': 0.5498703223290211, 'lag_17': 0.8301638819630568, 'lag_18': 0.2675778143486396, 'lag_19': 0.0851260844943354, 'lag_20': 0.12472899290502498, 'lag_21': 0.7608621608337206, 'lag_22': 0.9534967095948942, 'lag_23': 0.8152895010912277, 'lag_24': 0.5656822270865569, 'lag_25': 0.3927149766409818, 'lag_26': 0.5358858886180766, 'lag_27': 0.1867191329399574, 'lag_28': 0.8555729128748446}. Best is trial 40 with value: 0.0012675763137226053.
[I 2025-09-29 13:20:37,395] Trial 62 finished with value: 0.0015229913282558028 and parameters: {'lag_0': 0.6362292664537726, 'lag_1': 0.28974430879353286, 'lag_2': 0.4499876330085753, 'lag_3': 0.6440205124764679, 'lag_4': 0.31775042615645865, 'lag_5': 0.13184512322413577, 'lag_6': 0.29596153276192666, 'lag_7': 0.8321568299042763, 'lag_8': 0.7314790349253557, 'lag_9': 0.620595511598018, 'lag_10': 0.2635217654925597, 'lag_11': 0.08608261182743229, 'lag_12': 0.6851065683390828, 'lag_13': 0.6182981972441878, 'lag_14': 0.5968509765215188, 'lag_15': 0.6360398170604905, 'lag_16': 0.5859397781901313, 'lag_17': 0.6639623107095163, 'lag_18': 5.612446787917058e-05, 'lag_19': 0.15134062927391156, 'lag_20': 0.2236517186766646, 'lag_21': 0.8069450634147952, 'lag_22': 0.8907398410073845, 'lag_23': 0.8838137490708704, 'lag_24': 0.48851316537850437, 'lag_25': 0.5562798316433, 'lag_26': 0.4171052064956503, 'lag_27': 0.30983127894045925, 'lag_28': 0.8272930465412407}. Best is trial 40 with value: 0.0012675763137226053.
[I 2025-09-29 13:20:39,820] Trial 63 finished with value: 0.001822747789226828 and parameters: {'lag_0': 0.8187283156009957, 'lag_1': 0.2173956691224063, 'lag_2': 0.4875082733872185, 'lag_3': 0.7416001136695329, 'lag_4': 0.28082245627252433, 'lag_5': 0.07259217849441035, 'lag_6': 0.4362340721605359, 'lag_7': 0.6096558670362896, 'lag_8': 0.8346841674019478, 'lag_9': 0.5066686412762957, 'lag_10': 0.15965904548573723, 'lag_11': 0.07810011313386817, 'lag_12': 0.5667542669889197, 'lag_13': 0.6552265769298765, 'lag_14': 0.5283444837462815, 'lag_15': 0.41677449964380026, 'lag_16': 0.486194874877842, 'lag_17': 0.40465681560438815, 'lag_18': 0.3499620416827598, 'lag_19': 0.11454326025105804, 'lag_20': 0.29478663810820027, 'lag_21': 0.9805706784968561, 'lag_22': 0.10712327231529734, 'lag_23': 0.9622139816419135, 'lag_24': 0.652920649065821, 'lag_25': 0.43654741470754077, 'lag_26': 0.4678999050124574, 'lag_27': 0.3989850227759937, 'lag_28': 0.9244356371173434}. Best is trial 40 with value: 0.0012675763137226053.
[I 2025-09-29 13:20:42,251] Trial 64 finished with value: 0.001384621220426425 and parameters: {'lag_0': 0.5812997238510216, 'lag_1': 0.05107295123892938, 'lag_2': 0.19521091851644362, 'lag_3': 0.8182312860388236, 'lag_4': 0.434360210960525, 'lag_5': 0.17981514645096786, 'lag_6': 0.5674080207482392, 'lag_7': 0.4637131277680203, 'lag_8': 0.6647369852459025, 'lag_9': 0.5976069674084834, 'lag_10': 0.20905909607882828, 'lag_11': 0.14233512700921255, 'lag_12': 0.4975203192811508, 'lag_13': 0.45582098690507095, 'lag_14': 0.4243786006252227, 'lag_15': 0.5801826164518783, 'lag_16': 0.19913353327969158, 'lag_17': 0.8911370406982949, 'lag_18': 0.17600095590112802, 'lag_19': 0.4472065130323267, 'lag_20': 0.3271880905386729, 'lag_21': 0.7246872561052287, 'lag_22': 0.9247333307366793, 'lag_23': 0.90014480034492, 'lag_24': 0.5333275290821614, 'lag_25': 0.47571074919869566, 'lag_26': 0.5835319105057903, 'lag_27': 0.13897755977121595, 'lag_28': 0.6146415695539267}. Best is trial 40 with value: 0.0012675763137226053.
[I 2025-09-29 13:20:44,687] Trial 65 finished with value: 0.0017690131979397846 and parameters: {'lag_0': 0.9360885356071174, 'lag_1': 0.04380901343118771, 'lag_2': 0.1392056029477808, 'lag_3': 0.803183254531071, 'lag_4': 0.43625611252851326, 'lag_5': 0.004174319574101415, 'lag_6': 0.6088575166908733, 'lag_7': 0.4714629275211041, 'lag_8': 0.6687017505131615, 'lag_9': 0.5830441463726489, 'lag_10': 0.2163380425459291, 'lag_11': 0.15662949139802745, 'lag_12': 0.5079356206894704, 'lag_13': 0.45478403682456914, 'lag_14': 0.41644398104880553, 'lag_15': 0.5669368056904136, 'lag_16': 0.15348518825346005, 'lag_17': 0.9461425012391832, 'lag_18': 0.2076560377729184, 'lag_19': 0.46022637197714583, 'lag_20': 0.3254416385465107, 'lag_21': 0.7053240262003215, 'lag_22': 0.8653863383939016, 'lag_23': 0.8959050462230689, 'lag_24': 0.44655861838370453, 'lag_25': 0.3400764930252315, 'lag_26': 0.57771451321255, 'lag_27': 0.09730347273008744, 'lag_28': 0.637573238287892}. Best is trial 40 with value: 0.0012675763137226053.
[I 2025-09-29 13:20:47,133] Trial 66 finished with value: 0.0020347208197900187 and parameters: {'lag_0': 0.5898523981751876, 'lag_1': 0.0024294560986573566, 'lag_2': 0.1690287392693813, 'lag_3': 0.9032445179411004, 'lag_4': 0.5154998409876648, 'lag_5': 0.23731567302134263, 'lag_6': 0.5571624007318646, 'lag_7': 0.4921235691219139, 'lag_8': 0.7480930543909831, 'lag_9': 0.5373944714466307, 'lag_10': 0.18843700959750903, 'lag_11': 0.0029459462367000255, 'lag_12': 0.027596050633897043, 'lag_13': 0.40391708269839954, 'lag_14': 0.48276071368335766, 'lag_15': 0.01493843828564223, 'lag_16': 0.05365613217852272, 'lag_17': 0.9042172836193552, 'lag_18': 0.1587923157325457, 'lag_19': 0.4247864678904929, 'lag_20': 0.2629334008243031, 'lag_21': 0.7331966853747042, 'lag_22': 0.9802059688339981, 'lag_23': 0.9652233925126089, 'lag_24': 0.5340525518601709, 'lag_25': 0.46716282971739864, 'lag_26': 0.6565480751751394, 'lag_27': 0.11813643563481785, 'lag_28': 0.7835807708994812}. Best is trial 40 with value: 0.0012675763137226053.
[I 2025-09-29 13:20:49,577] Trial 67 finished with value: 0.0016142535553121545 and parameters: {'lag_0': 0.5006232154337594, 'lag_1': 0.1210595763581561, 'lag_2': 0.19693219065580433, 'lag_3': 0.680107440765021, 'lag_4': 0.3485749018904001, 'lag_5': 0.18560110292345847, 'lag_6': 0.5035037447968783, 'lag_7': 0.3963349721637647, 'lag_8': 0.7951515164632182, 'lag_9': 0.3983952853003135, 'lag_10': 0.04509730541503032, 'lag_11': 0.1603075123161048, 'lag_12': 0.4321918484376127, 'lag_13': 0.49703590696902644, 'lag_14': 0.3818062618424635, 'lag_15': 0.49687718588240926, 'lag_16': 0.24193524660940668, 'lag_17': 0.7427901412907549, 'lag_18': 0.12067727038306825, 'lag_19': 0.4963942803321649, 'lag_20': 0.15187514093383708, 'lag_21': 0.8013268711273615, 'lag_22': 0.9073887371330834, 'lag_23': 0.8141677409280044, 'lag_24': 0.38459565420990804, 'lag_25': 0.5466007174152341, 'lag_26': 0.7109913842683467, 'lag_27': 0.3406290542414573, 'lag_28': 0.5499124823533078}. Best is trial 40 with value: 0.0012675763137226053.
[I 2025-09-29 13:20:52,021] Trial 68 finished with value: 0.0016839257139940826 and parameters: {'lag_0': 0.5635487793174406, 'lag_1': 0.05569625772694581, 'lag_2': 0.0913943150036878, 'lag_3': 0.7527576874609698, 'lag_4': 0.38857906497783923, 'lag_5': 0.2709145025909894, 'lag_6': 0.632848628570073, 'lag_7': 0.5791503889315622, 'lag_8': 0.3737206687249728, 'lag_9': 0.7251508675297126, 'lag_10': 0.12488312122350495, 'lag_11': 0.2885256010526182, 'lag_12': 0.6369124451118046, 'lag_13': 0.716999609086921, 'lag_14': 0.43420383179556377, 'lag_15': 0.9951700066456551, 'lag_16': 0.10723528354268452, 'lag_17': 0.5737960155111033, 'lag_18': 0.06489242352450686, 'lag_19': 0.21912175382103408, 'lag_20': 0.4125201558643661, 'lag_21': 0.8706211704852829, 'lag_22': 0.9195993270571882, 'lag_23': 0.774532622899738, 'lag_24': 0.32084535336579834, 'lag_25': 0.32601032980253325, 'lag_26': 0.6313346018790078, 'lag_27': 0.014140182770495877, 'lag_28': 0.6835525580328915}. Best is trial 40 with value: 0.0012675763137226053.
[I 2025-09-29 13:20:54,458] Trial 69 finished with value: 0.0014723243678503991 and parameters: {'lag_0': 0.6358227779317923, 'lag_1': 0.15118802028552566, 'lag_2': 0.22820820452624108, 'lag_3': 0.9751858144221373, 'lag_4': 0.46951813960335986, 'lag_5': 0.07715395788802665, 'lag_6': 0.21845786895327798, 'lag_7': 0.417089025378668, 'lag_8': 0.21063379140003488, 'lag_9': 0.4476958357701605, 'lag_10': 0.3284120553013317, 'lag_11': 0.05208757781468182, 'lag_12': 0.8723888677442749, 'lag_13': 0.4288650038400501, 'lag_14': 0.5141945253230319, 'lag_15': 0.5874668187965965, 'lag_16': 0.20029604092040024, 'lag_17': 0.612593096338076, 'lag_18': 0.25640799238824896, 'lag_19': 0.06919392002811528, 'lag_20': 0.36727871482826013, 'lag_21': 0.7470444096857938, 'lag_22': 0.5303991611147983, 'lag_23': 0.8418095623149744, 'lag_24': 0.48120753668475946, 'lag_25': 0.48682268477909135, 'lag_26': 0.5073267488807086, 'lag_27': 0.2097183213494419, 'lag_28': 0.6045257002808695}. Best is trial 40 with value: 0.0012675763137226053.
[I 2025-09-29 13:20:56,998] Trial 70 finished with value: 0.0017271837901325533 and parameters: {'lag_0': 0.7026078762706252, 'lag_1': 0.24114215530918864, 'lag_2': 0.37986714001277144, 'lag_3': 0.8228815509317733, 'lag_4': 0.5544196789443333, 'lag_5': 0.17444093643031897, 'lag_6': 0.5548626930378189, 'lag_7': 0.32884225814061674, 'lag_8': 0.3008752364027437, 'lag_9': 0.6049245142458785, 'lag_10': 0.27129257224150877, 'lag_11': 0.20024315623541566, 'lag_12': 0.4009512483063832, 'lag_13': 0.37540487437657677, 'lag_14': 0.46448849848028156, 'lag_15': 0.9225718559667611, 'lag_16': 0.34278189942599174, 'lag_17': 0.8384261422610655, 'lag_18': 0.3437188761669897, 'lag_19': 0.37256087641448127, 'lag_20': 0.2202483060482317, 'lag_21': 0.6560169101554463, 'lag_22': 0.572047342554678, 'lag_23': 0.9995369031338361, 'lag_24': 0.4351267630880645, 'lag_25': 0.38966032519896976, 'lag_26': 0.751212715894126, 'lag_27': 0.2797625433233939, 'lag_28': 0.7336139007716332}. Best is trial 40 with value: 0.0012675763137226053.
[I 2025-09-29 13:20:59,442] Trial 71 finished with value: 0.001315335011571077 and parameters: {'lag_0': 0.5274799380599438, 'lag_1': 0.11070127442357691, 'lag_2': 0.2816946052664136, 'lag_3': 0.8686568949740567, 'lag_4': 0.1401221732543394, 'lag_5': 0.3041029014333186, 'lag_6': 0.3232391854605096, 'lag_7': 0.6356737121138716, 'lag_8': 0.6038216260910766, 'lag_9': 0.4838403831638669, 'lag_10': 0.09468555755528797, 'lag_11': 0.12032626225565422, 'lag_12': 0.5073819111678399, 'lag_13': 0.5317974407217193, 'lag_14': 0.5637593958785345, 'lag_15': 0.7566998452009557, 'lag_16': 0.6478201642077175, 'lag_17': 0.3186340959018038, 'lag_18': 0.21990490132725582, 'lag_19': 0.31637531466376356, 'lag_20': 0.6046105411478374, 'lag_21': 0.6778552541272947, 'lag_22': 0.9422818918320789, 'lag_23': 0.9106988885626305, 'lag_24': 0.5874239750645477, 'lag_25': 0.5199659465688127, 'lag_26': 0.5786529888155745, 'lag_27': 0.07849884546048785, 'lag_28': 0.5410700946841958}. Best is trial 40 with value: 0.0012675763137226053.
[I 2025-09-29 13:21:01,898] Trial 72 finished with value: 0.0017813132720140407 and parameters: {'lag_0': 0.5352612562786393, 'lag_1': 0.0938907591200013, 'lag_2': 0.24321236646745278, 'lag_3': 0.9216725933582294, 'lag_4': 0.12612097811673645, 'lag_5': 0.29920898428117737, 'lag_6': 0.31480317166653177, 'lag_7': 0.6269841800120605, 'lag_8': 0.6376377177688098, 'lag_9': 0.48090683630258263, 'lag_10': 0.21799231233955796, 'lag_11': 0.14014454565462703, 'lag_12': 0.5055989068934784, 'lag_13': 0.5285585013275141, 'lag_14': 0.5766487496027358, 'lag_15': 0.6578452021528053, 'lag_16': 0.654158379035726, 'lag_17': 0.6781049253621576, 'lag_18': 0.17628307088120135, 'lag_19': 0.3443971076170745, 'lag_20': 0.5999646213564671, 'lag_21': 0.6775082604787934, 'lag_22': 0.9559380324958984, 'lag_23': 0.9241510473125605, 'lag_24': 0.5213186301663322, 'lag_25': 0.5226247596939895, 'lag_26': 0.5700423745976217, 'lag_27': 0.08858534437864438, 'lag_28': 0.5302330048933568}. Best is trial 40 with value: 0.0012675763137226053.
[I 2025-09-29 13:21:04,349] Trial 73 finished with value: 0.003416820589780007 and parameters: {'lag_0': 0.514655962402507, 'lag_1': 0.04553695585442999, 'lag_2': 0.29983448473651, 'lag_3': 0.8592332755822116, 'lag_4': 0.4347933623353182, 'lag_5': 0.22837416821992002, 'lag_6': 0.24867444479565914, 'lag_7': 0.679306786921445, 'lag_8': 0.5279811096046638, 'lag_9': 0.6524280518527024, 'lag_10': 0.16314287018739299, 'lag_11': 0.11515971441756331, 'lag_12': 0.12784780325076112, 'lag_13': 0.5687995520365325, 'lag_14': 0.48751555721361095, 'lag_15': 0.8729638056656199, 'lag_16': 0.5131366060864592, 'lag_17': 0.7810660193302764, 'lag_18': 0.22284279406260943, 'lag_19': 0.3167752497324537, 'lag_20': 0.3218969853407001, 'lag_21': 0.7278762871000685, 'lag_22': 0.9236411800928228, 'lag_23': 0.8952387245235165, 'lag_24': 0.5691800970614805, 'lag_25': 0.44311595843930796, 'lag_26': 0.6048763634024426, 'lag_27': 0.06680100905657382, 'lag_28': 0.6018508541514018}. Best is trial 40 with value: 0.0012675763137226053.
[I 2025-09-29 13:21:06,803] Trial 74 finished with value: 0.0017235956719584967 and parameters: {'lag_0': 0.580657932426303, 'lag_1': 0.16985828605305997, 'lag_2': 0.264977396110299, 'lag_3': 0.8800496289912207, 'lag_4': 0.40831673394911683, 'lag_5': 0.32565438560951027, 'lag_6': 0.28490365317672406, 'lag_7': 0.5499626599573457, 'lag_8': 0.6122556927799399, 'lag_9': 0.5585718230435633, 'lag_10': 0.12642010044208093, 'lag_11': 0.19037273538639962, 'lag_12': 0.5887487429806472, 'lag_13': 0.48151961564407353, 'lag_14': 0.32288360345238953, 'lag_15': 0.74761513837606, 'lag_16': 0.6240932605571615, 'lag_17': 0.8908418633882225, 'lag_18': 0.14506971717643158, 'lag_19': 0.42826271508562613, 'lag_20': 0.5496496155161698, 'lag_21': 0.6365017699223056, 'lag_22': 0.8455500411556799, 'lag_23': 0.7448728904862758, 'lag_24': 0.5873680674487578, 'lag_25': 0.4176422626252235, 'lag_26': 0.5276282122028639, 'lag_27': 0.05127198685583792, 'lag_28': 0.6631547375226358}. Best is trial 40 with value: 0.0012675763137226053.
[I 2025-09-29 13:21:09,244] Trial 75 finished with value: 0.0014988358054192296 and parameters: {'lag_0': 0.4511586831448722, 'lag_1': 0.12572656003727403, 'lag_2': 0.42014819010084237, 'lag_3': 0.7737202181004015, 'lag_4': 0.1537699100395747, 'lag_5': 0.25632187107291093, 'lag_6': 0.3789714427127802, 'lag_7': 0.5882542525896478, 'lag_8': 0.6742472494528308, 'lag_9': 0.8095037381249517, 'lag_10': 0.035791718322635446, 'lag_11': 0.06537554216993097, 'lag_12': 0.7386722246759551, 'lag_13': 0.5849818187355875, 'lag_14': 0.6178794268035244, 'lag_15': 0.5419304368999791, 'lag_16': 0.7456478650209998, 'lag_17': 0.45088212473225525, 'lag_18': 0.30011869673988484, 'lag_19': 0.5446890627335258, 'lag_20': 0.36423470790139123, 'lag_21': 0.7647108622095863, 'lag_22': 0.9891297278667409, 'lag_23': 0.9567741776810055, 'lag_24': 0.36134017743218094, 'lag_25': 0.38229065437064946, 'lag_26': 0.4029256528469131, 'lag_27': 0.3084283739054177, 'lag_28': 0.925149938900948}. Best is trial 40 with value: 0.0012675763137226053.
[I 2025-09-29 13:21:11,678] Trial 76 finished with value: 0.0014408895916897349 and parameters: {'lag_0': 0.48362654324708176, 'lag_1': 0.21977068649354065, 'lag_2': 0.5264340511689406, 'lag_3': 0.8163339854477167, 'lag_4': 0.5959888905044598, 'lag_5': 0.36705223407917753, 'lag_6': 0.48056688782131307, 'lag_7': 0.7045146376117825, 'lag_8': 0.43131208973321755, 'lag_9': 0.511717300076596, 'lag_10': 0.06467754377898854, 'lag_11': 0.11476528935712697, 'lag_12': 0.4752831134447512, 'lag_13': 0.5102028393133843, 'lag_14': 0.41190631193563787, 'lag_15': 0.8969136725080712, 'lag_16': 0.41292132477125487, 'lag_17': 0.9902472494428074, 'lag_18': 0.20021692892643886, 'lag_19': 0.3946213399580666, 'lag_20': 0.4426617382461131, 'lag_21': 0.8327786770556089, 'lag_22': 0.8935970937084298, 'lag_23': 0.8771838133769339, 'lag_24': 0.628644029048484, 'lag_25': 0.47781434195080247, 'lag_26': 0.48999567027655005, 'lag_27': 0.1513986917555522, 'lag_28': 0.7092802721579085}. Best is trial 40 with value: 0.0012675763137226053.
[I 2025-09-29 13:21:14,124] Trial 77 finished with value: 0.0016127751288324422 and parameters: {'lag_0': 0.766284492654697, 'lag_1': 0.2654413524362348, 'lag_2': 0.18674654836567578, 'lag_3': 0.9588451233817632, 'lag_4': 0.2642822069346797, 'lag_5': 0.15084695005021453, 'lag_6': 0.163192077128255, 'lag_7': 0.5096288626295103, 'lag_8': 0.5630858023431671, 'lag_9': 0.4100084945814007, 'lag_10': 0.09268089904441257, 'lag_11': 0.37668178913824124, 'lag_12': 0.5369404313268911, 'lag_13': 0.7658170729093695, 'lag_14': 0.24370534530235205, 'lag_15': 0.8454173442515718, 'lag_16': 0.5571325541581621, 'lag_17': 0.3092026349461816, 'lag_18': 0.2779715780373213, 'lag_19': 0.16759498576447657, 'lag_20': 0.1817983280752263, 'lag_21': 0.7874359556712309, 'lag_22': 0.6448489876459128, 'lag_23': 0.8290759809803773, 'lag_24': 0.5541014653505762, 'lag_25': 0.5185061780894741, 'lag_26': 0.647637257507874, 'lag_27': 0.407737553223541, 'lag_28': 0.9873015512139864}. Best is trial 40 with value: 0.0012675763137226053.
[I 2025-09-29 13:21:16,575] Trial 78 finished with value: 0.0016634121399814773 and parameters: {'lag_0': 0.7038837284389634, 'lag_1': 0.19160446994359426, 'lag_2': 0.31969778837804824, 'lag_3': 0.722299023704161, 'lag_4': 0.7242806951386463, 'lag_5': 0.030588359097166742, 'lag_6': 0.3265127776175775, 'lag_7': 0.9555574092817261, 'lag_8': 0.05416975420308074, 'lag_9': 0.7044171163573048, 'lag_10': 0.011164836828953889, 'lag_11': 0.0450176307335001, 'lag_12': 0.23227289293126968, 'lag_13': 0.5552971093826189, 'lag_14': 0.5337966865457735, 'lag_15': 0.9384978053128474, 'lag_16': 0.6948008665914336, 'lag_17': 0.34269064845583175, 'lag_18': 0.07018945129301135, 'lag_19': 0.022224548882569445, 'lag_20': 0.29332911879730716, 'lag_21': 0.0084432899852801, 'lag_22': 0.7882614703969251, 'lag_23': 0.9055588848296965, 'lag_24': 0.2106260166662356, 'lag_25': 0.7890870856124023, 'lag_26': 0.6776179720561636, 'lag_27': 0.13166194250188606, 'lag_28': 0.4265238891982903}. Best is trial 40 with value: 0.0012675763137226053.
[I 2025-09-29 13:21:19,016] Trial 79 finished with value: 0.001803486373109911 and parameters: {'lag_0': 0.5220517216171756, 'lag_1': 0.06728832622191916, 'lag_2': 0.36216857411981523, 'lag_3': 0.7940964330609138, 'lag_4': 0.042578935927749806, 'lag_5': 0.4235299287804674, 'lag_6': 0.6786725642317942, 'lag_7': 0.6434682541080616, 'lag_8': 0.7973280278817676, 'lag_9': 0.4620592087416334, 'lag_10': 0.4301310891423184, 'lag_11': 0.2533166877894583, 'lag_12': 0.33829523210652385, 'lag_13': 0.47211026062287886, 'lag_14': 0.3488988763816314, 'lag_15': 0.9764104295384957, 'lag_16': 0.5407609118686021, 'lag_17': 0.22477317117610268, 'lag_18': 0.23478641735540356, 'lag_19': 0.27212786363998054, 'lag_20': 0.42759966400051713, 'lag_21': 0.8656823557565025, 'lag_22': 0.9474472377043539, 'lag_23': 0.9849053917241795, 'lag_24': 0.5102109666381437, 'lag_25': 0.6009780528980548, 'lag_26': 0.552484410665779, 'lag_27': 0.18102232294356874, 'lag_28': 0.5510986741461955}. Best is trial 40 with value: 0.0012675763137226053.
[I 2025-09-29 13:21:21,458] Trial 80 finished with value: 0.0018088417792752613 and parameters: {'lag_0': 0.8358974552407352, 'lag_1': 0.3463106373662518, 'lag_2': 0.5542804312477846, 'lag_3': 0.8730623445594597, 'lag_4': 0.29931897459706136, 'lag_5': 0.12593447913637118, 'lag_6': 0.6302161086242605, 'lag_7': 0.45317580845740235, 'lag_8': 0.48306844607195704, 'lag_9': 0.5966167585033555, 'lag_10': 0.19270405404431512, 'lag_11': 0.11015509765214515, 'lag_12': 0.6528465093490938, 'lag_13': 0.6206413575241885, 'lag_14': 0.646909166481481, 'lag_15': 0.7060256100961391, 'lag_16': 0.28003171459741866, 'lag_17': 0.058625734505564825, 'lag_18': 0.18067285143940437, 'lag_19': 0.20473183944521195, 'lag_20': 0.4961276394578833, 'lag_21': 0.6883335408643875, 'lag_22': 0.48242309476205913, 'lag_23': 0.9265678743661778, 'lag_24': 0.5842497022065601, 'lag_25': 0.6399412550078473, 'lag_26': 0.7823705607383435, 'lag_27': 0.36386895169981237, 'lag_28': 0.8105239081918084}. Best is trial 40 with value: 0.0012675763137226053.
[I 2025-09-29 13:21:23,906] Trial 81 finished with value: 0.0014071026448814407 and parameters: {'lag_0': 0.40599961485916514, 'lag_1': 0.13484875988551523, 'lag_2': 0.2844827710757992, 'lag_3': 0.8448765565644312, 'lag_4': 0.18148471385274417, 'lag_5': 0.09556600320418758, 'lag_6': 0.3941010851109574, 'lag_7': 0.7267545990533283, 'lag_8': 0.5925455151283703, 'lag_9': 0.037936471421409546, 'lag_10': 0.10032299078530912, 'lag_11': 0.09169322109303579, 'lag_12': 0.7926527774620666, 'lag_13': 0.6518429822791819, 'lag_14': 0.5691923642005254, 'lag_15': 0.6926864449801867, 'lag_16': 0.6336028974921335, 'lag_17': 0.2663285976642622, 'lag_18': 0.32611080343201687, 'lag_19': 0.3002120969783747, 'lag_20': 0.636808580046564, 'lag_21': 0.652789886831707, 'lag_22': 0.9362715716807255, 'lag_23': 0.7928387240316689, 'lag_24': 0.6900014093399205, 'lag_25': 0.5525816695733928, 'lag_26': 0.4456336113368568, 'lag_27': 0.24657989531331198, 'lag_28': 0.6172320609447502}. Best is trial 40 with value: 0.0012675763137226053.
