[I 2025-09-29 12:51:56,092] Trial 40 finished with value: 0.0028183141146843915 and parameters: {'lag_0': 0.2804178735173694, 'lag_1': 0.2835744597852623, 'lag_2': 0.2878897117763558, 'lag_3': 0.19741868153437458, 'lag_4': 0.9183254324542216, 'lag_5': 0.6319319011997329, 'lag_6': 0.9187831494060922, 'lag_7': 0.11868244522343036, 'lag_8': 0.9474975032571856, 'lag_9': 0.053269169821064444, 'lag_10': 0.7759828197854649, 'lag_11': 0.2227216553853551, 'lag_12': 0.8954537889957989, 'lag_13': 0.7693681019347347, 'lag_14': 0.07211793679113843, 'lag_15': 0.2923340124940893, 'lag_16': 0.38453312502767517, 'lag_17': 0.21960811931959406, 'lag_18': 0.2664236488710609, 'lag_19': 0.058538936488058455, 'lag_20': 0.039580315933900864, 'lag_21': 0.5772633868232101, 'lag_22': 0.9031913454060616, 'lag_23': 0.36308232710444366, 'lag_24': 0.948662166993, 'lag_25': 0.6976083982373076, 'lag_26': 0.6535691684256655, 'lag_27': 0.8830597710230834, 'lag_28': 0.2626610397095661}. Best is trial 19 with value: 0.0021166910877357366.
[I 2025-09-29 12:51:58,505] Trial 41 finished with value: 0.0023653797953232035 and parameters: {'lag_0': 0.5484135360464466, 'lag_1': 0.5834674546801193, 'lag_2': 0.16476325436168054, 'lag_3': 0.16996712583859636, 'lag_4': 0.36277439349629276, 'lag_5': 0.4584341735590285, 'lag_6': 0.2053792982117199, 'lag_7': 0.400277516561071, 'lag_8': 0.7098683108216445, 'lag_9': 0.3189425580734209, 'lag_10': 0.8409236974768958, 'lag_11': 0.42583362612225406, 'lag_12': 0.24147559276959135, 'lag_13': 0.9986793353913874, 'lag_14': 0.41793112722671527, 'lag_15': 0.0408267850787425, 'lag_16': 0.07090633685451249, 'lag_17': 0.6009257729296988, 'lag_18': 0.36546316514962085, 'lag_19': 0.04990541128787614, 'lag_20': 0.40555057513184956, 'lag_21': 0.9894912050265432, 'lag_22': 0.4366711417147725, 'lag_23': 0.07378116309683486, 'lag_24': 0.8678242572578024, 'lag_25': 0.4608967647081357, 'lag_26': 0.8420786134511788, 'lag_27': 0.6936164695728706, 'lag_28': 0.15210037085939743}. Best is trial 19 with value: 0.0021166910877357366.
[I 2025-09-29 12:52:00,923] Trial 42 finished with value: 0.0025348523400602124 and parameters: {'lag_0': 0.14590294521630187, 'lag_1': 0.48269393789860576, 'lag_2': 0.03710260280119217, 'lag_3': 0.004550503715491261, 'lag_4': 0.7883392008636075, 'lag_5': 0.5994549890715112, 'lag_6': 0.38036919007455805, 'lag_7': 0.23602693486267956, 'lag_8': 0.8572836673480626, 'lag_9': 0.4774674585067068, 'lag_10': 0.993536793135668, 'lag_11': 0.4559507300822282, 'lag_12': 0.42675202316500066, 'lag_13': 0.9465563457921012, 'lag_14': 0.5976513098289058, 'lag_15': 0.059298320381070864, 'lag_16': 0.1027187772969953, 'lag_17': 0.7114007436000027, 'lag_18': 0.08501049996333074, 'lag_19': 0.13333566059782612, 'lag_20': 0.29471010224763694, 'lag_21': 0.9405385388263594, 'lag_22': 0.49968196061410075, 'lag_23': 0.1181153798961247, 'lag_24': 0.7713143382417808, 'lag_25': 0.5315002352067218, 'lag_26': 0.9508344739614005, 'lag_27': 0.7855483393088835, 'lag_28': 0.06333125109180918}. Best is trial 19 with value: 0.0021166910877357366.
[I 2025-09-29 12:52:03,446] Trial 43 finished with value: 0.002765922375797937 and parameters: {'lag_0': 0.06217194508020521, 'lag_1': 0.7544929071993236, 'lag_2': 0.18823240900882454, 'lag_3': 0.1291647995460452, 'lag_4': 0.46795624000397573, 'lag_5': 0.40477323862133874, 'lag_6': 0.8573494970111567, 'lag_7': 0.3106110922399595, 'lag_8': 0.4859159166409999, 'lag_9': 0.5762861557577865, 'lag_10': 0.8827902125870574, 'lag_11': 0.37532170577152685, 'lag_12': 0.3439973885194074, 'lag_13': 0.8693284989624255, 'lag_14': 0.3324738784032465, 'lag_15': 0.003541109889571195, 'lag_16': 0.05845875055195129, 'lag_17': 0.6360578483172793, 'lag_18': 0.041295013017073876, 'lag_19': 0.003475868493219736, 'lag_20': 0.5055444834868186, 'lag_21': 0.8806972556523757, 'lag_22': 0.4213681549467476, 'lag_23': 0.5544560050687078, 'lag_24': 0.4797192954567719, 'lag_25': 0.4784320470806082, 'lag_26': 0.8737355187784194, 'lag_27': 0.6477130376811849, 'lag_28': 0.2351517412359591}. Best is trial 19 with value: 0.0021166910877357366.
[I 2025-09-29 12:52:05,876] Trial 44 finished with value: 0.0023752688252647166 and parameters: {'lag_0': 0.44709841586507393, 'lag_1': 0.3794719584608991, 'lag_2': 0.11184098226708611, 'lag_3': 0.2856486377150873, 'lag_4': 0.5423997381365719, 'lag_5': 0.5263424219338244, 'lag_6': 0.15915453186979917, 'lag_7': 0.2649349186375067, 'lag_8': 0.9917706899353995, 'lag_9': 0.6435999786573449, 'lag_10': 0.0798082084766148, 'lag_11': 0.4854887477317274, 'lag_12': 0.9627120035665292, 'lag_13': 0.9403975085428659, 'lag_14': 0.24204463712365262, 'lag_15': 0.13570029987747015, 'lag_16': 0.4880745301685767, 'lag_17': 0.48734861264576484, 'lag_18': 0.15226044059366795, 'lag_19': 0.05549749576622114, 'lag_20': 0.19035420034532138, 'lag_21': 0.9466309202912803, 'lag_22': 0.991163412834992, 'lag_23': 0.43843114741175265, 'lag_24': 0.6399005752334779, 'lag_25': 0.40032251484723247, 'lag_26': 0.7879274084132295, 'lag_27': 0.8246554391116352, 'lag_28': 0.16242059029476347}. Best is trial 19 with value: 0.0021166910877357366.
[I 2025-09-29 12:52:08,305] Trial 45 finished with value: 0.002549735938320929 and parameters: {'lag_0': 0.2295890972435865, 'lag_1': 0.9436547758789706, 'lag_2': 0.06963567636706404, 'lag_3': 0.5199580227716762, 'lag_4': 0.7496850132277589, 'lag_5': 0.481230764569149, 'lag_6': 0.554157752503104, 'lag_7': 0.36707059339200654, 'lag_8': 0.8117879855626372, 'lag_9': 0.42170464139190855, 'lag_10': 0.763425709013752, 'lag_11': 0.2639927526000546, 'lag_12': 0.8514547380416813, 'lag_13': 0.8249873112422517, 'lag_14': 0.5030729323118199, 'lag_15': 0.08877427177292872, 'lag_16': 0.21772105481981036, 'lag_17': 0.6683261110333348, 'lag_18': 0.23213435856607842, 'lag_19': 0.13627153815364826, 'lag_20': 0.006369487267149851, 'lag_21': 0.8445669789658141, 'lag_22': 0.27783163090693064, 'lag_23': 0.09276930261425434, 'lag_24': 0.02701288287503134, 'lag_25': 0.6325168679943215, 'lag_26': 0.7310363359856383, 'lag_27': 0.7340442512092277, 'lag_28': 0.3088670676788793}. Best is trial 19 with value: 0.0021166910877357366.
[I 2025-09-29 12:52:10,736] Trial 46 finished with value: 0.0022793293946855083 and parameters: {'lag_0': 0.17755847966362392, 'lag_1': 0.6416193394048691, 'lag_2': 0.5901210441914, 'lag_3': 0.19258653262107123, 'lag_4': 0.30972680737287245, 'lag_5': 0.6294165746987772, 'lag_6': 0.32319916717298913, 'lag_7': 0.5083354506723183, 'lag_8': 0.7316583711772141, 'lag_9': 0.25488161441926194, 'lag_10': 0.4138383951287008, 'lag_11': 0.6359614807076526, 'lag_12': 0.7693128165921421, 'lag_13': 0.2440551570697772, 'lag_14': 0.3255821565206871, 'lag_15': 0.21237391766803435, 'lag_16': 0.010487504330373432, 'lag_17': 0.8997285681199604, 'lag_18': 0.10575726502017052, 'lag_19': 0.3170271088323877, 'lag_20': 0.15978230880465644, 'lag_21': 0.9931268100278049, 'lag_22': 0.38982019023191045, 'lag_23': 0.5141745761680329, 'lag_24': 0.8449456032225904, 'lag_25': 0.5833120800944572, 'lag_26': 0.8482762354233753, 'lag_27': 0.49822898798761156, 'lag_28': 0.032263783124834466}. Best is trial 19 with value: 0.0021166910877357366.
[I 2025-09-29 12:52:13,157] Trial 47 finished with value: 0.002206450287434364 and parameters: {'lag_0': 0.30991498924907457, 'lag_1': 0.6424749185655921, 'lag_2': 0.6074176764518266, 'lag_3': 0.917012674533863, 'lag_4': 0.1848580431286876, 'lag_5': 0.7343805294049226, 'lag_6': 0.35400993874473474, 'lag_7': 0.4440313451118455, 'lag_8': 0.8949312286790729, 'lag_9': 0.2225422921769927, 'lag_10': 0.40997431864956013, 'lag_11': 0.7552976674834463, 'lag_12': 0.7527187126626556, 'lag_13': 0.1571570990015802, 'lag_14': 0.1857896594555627, 'lag_15': 0.3166090010518713, 'lag_16': 0.021328864262995517, 'lag_17': 0.9149037250880762, 'lag_18': 0.03778962139273645, 'lag_19': 0.4138454026340665, 'lag_20': 0.1493005921981736, 'lag_21': 0.4754159365527629, 'lag_22': 0.38245368017616477, 'lag_23': 0.5094554701966411, 'lag_24': 0.7135965324150935, 'lag_25': 0.5753613028887892, 'lag_26': 0.9593765686868502, 'lag_27': 0.4939661734613785, 'lag_28': 0.03754191324330272}. Best is trial 19 with value: 0.0021166910877357366.
[I 2025-09-29 12:52:15,572] Trial 48 finished with value: 0.0024715382146583134 and parameters: {'lag_0': 0.3036348707549673, 'lag_1': 0.5134722954085407, 'lag_2': 0.6866217252905223, 'lag_3': 0.9421811032070861, 'lag_4': 0.025127957367461734, 'lag_5': 0.7539387763914529, 'lag_6': 0.3973433796631436, 'lag_7': 0.8586831893332534, 'lag_8': 0.8986262427220438, 'lag_9': 0.1557470987643266, 'lag_10': 0.5179097046703607, 'lag_11': 0.7532898798030883, 'lag_12': 0.8250492462119827, 'lag_13': 0.05324859244071578, 'lag_14': 0.18714008707752, 'lag_15': 0.31495003181267195, 'lag_16': 0.5917541477698398, 'lag_17': 0.9279848561866318, 'lag_18': 0.03403846776892873, 'lag_19': 0.4257326584389155, 'lag_20': 0.2487970164391814, 'lag_21': 0.5108548198629673, 'lag_22': 0.294913006139081, 'lag_23': 0.5742110596226215, 'lag_24': 0.6986693683894292, 'lag_25': 0.8089060052025341, 'lag_26': 0.9650900943826456, 'lag_27': 0.37306094750486896, 'lag_28': 0.10571449302757563}. Best is trial 19 with value: 0.0021166910877357366.
[I 2025-09-29 12:52:17,995] Trial 49 finished with value: 0.002727479498719951 and parameters: {'lag_0': 0.38629772371708454, 'lag_1': 0.5765151807312062, 'lag_2': 0.7401348170730162, 'lag_3': 0.7644884770297251, 'lag_4': 0.13973872442169144, 'lag_5': 0.7137252781888227, 'lag_6': 0.9559970523925274, 'lag_7': 0.4364727855614516, 'lag_8': 0.939729421037407, 'lag_9': 0.21581481229230254, 'lag_10': 0.5937156513881564, 'lag_11': 0.7648962113926069, 'lag_12': 0.6036515628961716, 'lag_13': 0.43334634831996566, 'lag_14': 0.10576603615981747, 'lag_15': 0.36073292359676157, 'lag_16': 0.1643923034083279, 'lag_17': 0.7839108750152817, 'lag_18': 0.4619975187941599, 'lag_19': 0.47534716481213446, 'lag_20': 0.16672566172173858, 'lag_21': 0.4631222418393502, 'lag_22': 0.1497413379922557, 'lag_23': 0.6814690595110299, 'lag_24': 0.7891573244262237, 'lag_25': 0.5252697725675604, 'lag_26': 0.8970013954740848, 'lag_27': 0.439423569142924, 'lag_28': 0.42609345408644306}. Best is trial 19 with value: 0.0021166910877357366.
[I 2025-09-29 12:52:20,410] Trial 50 finished with value: 0.002564264766756718 and parameters: {'lag_0': 0.25457425629925573, 'lag_1': 0.703388206829161, 'lag_2': 0.5878469745360155, 'lag_3': 0.8828273034433666, 'lag_4': 0.20633197292065036, 'lag_5': 0.43634487987920595, 'lag_6': 0.4559799936030363, 'lag_7': 0.19420824219018712, 'lag_8': 0.8762227268667343, 'lag_9': 0.05899963922347723, 'lag_10': 0.9284842473582493, 'lag_11': 0.9256158192012761, 'lag_12': 0.7093220804587657, 'lag_13': 0.18349057186848394, 'lag_14': 0.15331712830333818, 'lag_15': 0.4732694997978205, 'lag_16': 0.043160004069299304, 'lag_17': 0.9950218929177078, 'lag_18': 0.6254829761885601, 'lag_19': 0.5670760193520643, 'lag_20': 0.1097611199921231, 'lag_21': 0.3047014885944982, 'lag_22': 0.50153101320758, 'lag_23': 0.3465574009880168, 'lag_24': 0.7163135943641048, 'lag_25': 0.6595619842083521, 'lag_26': 0.41340417520505207, 'lag_27': 0.261412595298958, 'lag_28': 0.5236562282289762}. Best is trial 19 with value: 0.0021166910877357366.
[I 2025-09-29 12:52:22,831] Trial 51 finished with value: 0.002575779340235267 and parameters: {'lag_0': 0.1812420718794576, 'lag_1': 0.6322503842282908, 'lag_2': 0.6268553882762793, 'lag_3': 0.04148124959150873, 'lag_4': 0.08433615690089769, 'lag_5': 0.6227276008519274, 'lag_6': 0.34700179438552564, 'lag_7': 0.5100639651844421, 'lag_8': 0.7341656759269664, 'lag_9': 0.24913486512185634, 'lag_10': 0.40012209663336357, 'lag_11': 0.6938144199561493, 'lag_12': 0.749019645447407, 'lag_13': 0.20647760555169462, 'lag_14': 0.30941968846898754, 'lag_15': 0.24846208906094613, 'lag_16': 0.005736235001744541, 'lag_17': 0.8772683239980313, 'lag_18': 0.09806436600481007, 'lag_19': 0.31744035295803874, 'lag_20': 0.05212240178721195, 'lag_21': 0.4730836889502337, 'lag_22': 0.37461551348903127, 'lag_23': 0.5102839055439327, 'lag_24': 0.8773993591536908, 'lag_25': 0.5724640833093525, 'lag_26': 0.8294329718402583, 'lag_27': 0.4947758979219714, 'lag_28': 0.012802061302581248}. Best is trial 19 with value: 0.0021166910877357366.
[I 2025-09-29 12:52:25,248] Trial 52 finished with value: 0.0022961705792466243 and parameters: {'lag_0': 0.3612685815687793, 'lag_1': 0.6630731466858485, 'lag_2': 0.5586675950022936, 'lag_3': 0.34820749763962566, 'lag_4': 0.30817056040012764, 'lag_5': 0.8743626750950517, 'lag_6': 0.3512978422625599, 'lag_7': 0.5091725270101278, 'lag_8': 0.8045698554191024, 'lag_9': 0.3319295210394362, 'lag_10': 0.4322216422515525, 'lag_11': 0.6365002511951127, 'lag_12': 0.8771268867063216, 'lag_13': 0.23293883169032986, 'lag_14': 0.3589163661437832, 'lag_15': 0.188097248821179, 'lag_16': 0.0034105605185716786, 'lag_17': 0.8531953850848825, 'lag_18': 0.13065863369368869, 'lag_19': 0.4045056447775619, 'lag_20': 0.16348577316177326, 'lag_21': 0.16530734690584398, 'lag_22': 0.32420693818133517, 'lag_23': 0.47501252703806474, 'lag_24': 0.8244487134775411, 'lag_25': 0.7418894125893583, 'lag_26': 0.8540838316696662, 'lag_27': 0.5038661167994788, 'lag_28': 0.036913862006170646}. Best is trial 19 with value: 0.0021166910877357366.
[I 2025-09-29 12:52:27,667] Trial 53 finished with value: 0.002595886025874906 and parameters: {'lag_0': 0.29061262778410585, 'lag_1': 0.5936557648134094, 'lag_2': 0.6014995508560883, 'lag_3': 0.7690950375691177, 'lag_4': 0.19842769341853211, 'lag_5': 0.7019385589306784, 'lag_6': 0.4276035128378949, 'lag_7': 0.5947805097433242, 'lag_8': 0.9552234000303285, 'lag_9': 0.11403148357720072, 'lag_10': 0.3382747317324184, 'lag_11': 0.7823726179420457, 'lag_12': 0.7870751663779202, 'lag_13': 0.28267473314032543, 'lag_14': 0.23038600900040396, 'lag_15': 0.24084356249075986, 'lag_16': 0.08404290928493344, 'lag_17': 0.9196850144051444, 'lag_18': 0.043601370710361464, 'lag_19': 0.3026696577653241, 'lag_20': 0.8308126064413277, 'lag_21': 0.5552989379482376, 'lag_22': 0.4135762765389133, 'lag_23': 0.5885849798389096, 'lag_24': 0.9603389358557307, 'lag_25': 0.5893869168867286, 'lag_26': 0.9636400794801468, 'lag_27': 0.30585774492610684, 'lag_28': 0.07633320828914748}. Best is trial 19 with value: 0.0021166910877357366.
[I 2025-09-29 12:52:30,084] Trial 54 finished with value: 0.002557746442611061 and parameters: {'lag_0': 0.1838143366043234, 'lag_1': 0.41135983451990993, 'lag_2': 0.5275159484999778, 'lag_3': 0.5451351789995706, 'lag_4': 0.3165244245072386, 'lag_5': 0.8028682431147058, 'lag_6': 0.23472224853804205, 'lag_7': 0.42570929771351507, 'lag_8': 0.8727336244684591, 'lag_9': 0.2705171242490772, 'lag_10': 0.4851227135098237, 'lag_11': 0.7242008908179535, 'lag_12': 0.6644995599320455, 'lag_13': 0.16455161994211698, 'lag_14': 0.31984470724246555, 'lag_15': 0.20981090560103505, 'lag_16': 0.1337376734599226, 'lag_17': 0.9572095240568693, 'lag_18': 0.18758757107891966, 'lag_19': 0.19517538585723876, 'lag_20': 0.3255599814000653, 'lag_21': 0.7841174029862352, 'lag_22': 0.5383468772243336, 'lag_23': 0.5186866345662018, 'lag_24': 0.9146029662601011, 'lag_25': 0.5239678169762595, 'lag_26': 0.950782359375344, 'lag_27': 0.3655885847996468, 'lag_28': 0.1300870559153791}. Best is trial 19 with value: 0.0021166910877357366.
[I 2025-09-29 12:52:32,500] Trial 55 finished with value: 0.0023479041838431183 and parameters: {'lag_0': 0.8286783444615893, 'lag_1': 0.5005221079881077, 'lag_2': 0.6872702960333608, 'lag_3': 0.7019474929155047, 'lag_4': 0.26098561027598793, 'lag_5': 0.6385265479065344, 'lag_6': 0.5535467637414349, 'lag_7': 0.473728504500828, 'lag_8': 0.6695601478786756, 'lag_9': 0.3961131347338036, 'lag_10': 0.5337069044368445, 'lag_11': 0.6277121211948719, 'lag_12': 0.8797516175953013, 'lag_13': 0.04138613183435738, 'lag_14': 0.29328630853838467, 'lag_15': 0.14925240165280232, 'lag_16': 0.19960528585161383, 'lag_17': 0.899545609805693, 'lag_18': 0.004020089842054125, 'lag_19': 0.3764023412979447, 'lag_20': 0.11447680254854668, 'lag_21': 0.9115271300593129, 'lag_22': 0.38362451421002763, 'lag_23': 0.4283323804001662, 'lag_24': 0.6638174073593961, 'lag_25': 0.613759390920278, 'lag_26': 0.8878384139725917, 'lag_27': 0.5986080130915099, 'lag_28': 0.02835876998994004}. Best is trial 19 with value: 0.0021166910877357366.
[I 2025-09-29 12:52:34,920] Trial 56 finished with value: 0.0026903026620357646 and parameters: {'lag_0': 0.22481767303938682, 'lag_1': 0.8040068943946166, 'lag_2': 0.869285864476737, 'lag_3': 0.46353249431967397, 'lag_4': 0.4110083978110605, 'lag_5': 0.5385492924439979, 'lag_6': 0.31747905249698133, 'lag_7': 0.32721357419887687, 'lag_8': 0.03251795402821345, 'lag_9': 0.21773221315308275, 'lag_10': 0.22853291167535755, 'lag_11': 0.88832400273261, 'lag_12': 0.7042056403432064, 'lag_13': 0.09518067351071427, 'lag_14': 0.27292601841489483, 'lag_15': 0.3165002634566092, 'lag_16': 0.032193611345701645, 'lag_17': 0.7154841137144381, 'lag_18': 0.0963565175403768, 'lag_19': 0.2365372014230005, 'lag_20': 0.2655040090575634, 'lag_21': 0.9685508087597571, 'lag_22': 0.2348014116736566, 'lag_23': 0.2981085050722045, 'lag_24': 0.8552110623753308, 'lag_25': 0.42979919044416903, 'lag_26': 0.9997975795484516, 'lag_27': 0.47846045654649216, 'lag_28': 0.8885410150311279}. Best is trial 19 with value: 0.0021166910877357366.
[I 2025-09-29 12:52:37,344] Trial 57 finished with value: 0.0025642931446402855 and parameters: {'lag_0': 0.5060009602130213, 'lag_1': 0.6158559356451601, 'lag_2': 0.46962527359081396, 'lag_3': 0.07553283069955559, 'lag_4': 0.6133980740527261, 'lag_5': 0.30676406682758384, 'lag_6': 0.5166716974589818, 'lag_7': 0.5964395227389154, 'lag_8': 0.7732245314305661, 'lag_9': 0.4580653710772201, 'lag_10': 0.4032145023421152, 'lag_11': 0.20092449293518647, 'lag_12': 0.7681503222135384, 'lag_13': 0.26796578011787503, 'lag_14': 0.37986281411346623, 'lag_15': 0.37737652618922374, 'lag_16': 0.8517468316030425, 'lag_17': 0.8142230632727285, 'lag_18': 0.7944776275913814, 'lag_19': 0.5982387870266936, 'lag_20': 0.15628491550459941, 'lag_21': 0.7040060438238329, 'lag_22': 0.6201802373995181, 'lag_23': 0.4467824328660647, 'lag_24': 0.7499582099459057, 'lag_25': 0.675944501641253, 'lag_26': 0.8175186879763715, 'lag_27': 0.5426642821600749, 'lag_28': 0.08574930194651881}. Best is trial 19 with value: 0.0021166910877357366.
[I 2025-09-29 12:52:39,769] Trial 58 finished with value: 0.0023667534031699905 and parameters: {'lag_0': 0.4255671476401691, 'lag_1': 0.46460482399090364, 'lag_2': 0.002325886469137284, 'lag_3': 0.14515180680644385, 'lag_4': 0.15725597301347363, 'lag_5': 0.7465882312866376, 'lag_6': 0.2823060946879707, 'lag_7': 0.27006364427751084, 'lag_8': 0.0890222036552703, 'lag_9': 0.5172685785386455, 'lag_10': 0.8300821388368204, 'lag_11': 0.13104506394067955, 'lag_12': 0.46377527437544136, 'lag_13': 0.09656122841811147, 'lag_14': 0.1867121492981471, 'lag_15': 0.12093342540096952, 'lag_16': 0.10538227296850972, 'lag_17': 0.831652305656109, 'lag_18': 0.5154972047320585, 'lag_19': 0.6658816201828331, 'lag_20': 0.029737434777980576, 'lag_21': 0.8635484420532689, 'lag_22': 0.7690476901819125, 'lag_23': 0.1799626424115938, 'lag_24': 0.10207644462857857, 'lag_25': 0.5593347192066946, 'lag_26': 0.9140155913590742, 'lag_27': 0.4367049296892858, 'lag_28': 0.810893746636387}. Best is trial 19 with value: 0.0021166910877357366.
[I 2025-09-29 12:52:42,189] Trial 59 finished with value: 0.002736427952068625 and parameters: {'lag_0': 0.6535229561388138, 'lag_1': 0.5584823897606574, 'lag_2': 0.6549422476829679, 'lag_3': 0.26655895379142913, 'lag_4': 0.38406700425941964, 'lag_5': 0.390256310510303, 'lag_6': 0.6098731980308054, 'lag_7': 0.6726654983116066, 'lag_8': 0.999935040751611, 'lag_9': 0.10391098135473145, 'lag_10': 0.6694142467162092, 'lag_11': 0.8095176745465986, 'lag_12': 0.9641552949514578, 'lag_13': 0.34226584129406223, 'lag_14': 0.4557281627859374, 'lag_15': 0.253444856453646, 'lag_16': 0.07627488545657267, 'lag_17': 0.7436028662927918, 'lag_18': 0.11923492528378252, 'lag_19': 0.17602850161922654, 'lag_20': 0.370996689950463, 'lag_21': 0.4216105511247526, 'lag_22': 0.9447484190794877, 'lag_23': 0.6497517138969244, 'lag_24': 0.7990216102105672, 'lag_25': 0.3399105518009877, 'lag_26': 0.34467331830975917, 'lag_27': 0.938201882199131, 'lag_28': 0.36076813949084796}. Best is trial 19 with value: 0.0021166910877357366.
[I 2025-09-29 12:52:44,607] Trial 60 finished with value: 0.0026593746759404763 and parameters: {'lag_0': 0.33049292798872804, 'lag_1': 0.6548502391337081, 'lag_2': 0.521516754655064, 'lag_3': 0.3264647384748381, 'lag_4': 0.33606398444668156, 'lag_5': 0.6827476371120865, 'lag_6': 0.6797636088251346, 'lag_7': 0.061969738344797964, 'lag_8': 0.9209188370878789, 'lag_9': 0.3043536691944076, 'lag_10': 0.3233099422457486, 'lag_11': 0.5837834654967683, 'lag_12': 0.5778692685413825, 'lag_13': 0.13624643695035663, 'lag_14': 0.6695758753082354, 'lag_15': 0.9015662201875252, 'lag_16': 0.23985549055273264, 'lag_17': 0.5794300456611615, 'lag_18': 0.17535849209914306, 'lag_19': 0.4736143729075748, 'lag_20': 0.23155878591538875, 'lag_21': 0.3480183651062351, 'lag_22': 0.6983991378527886, 'lag_23': 0.5283199587186496, 'lag_24': 0.60364537208552, 'lag_25': 0.7598000575114696, 'lag_26': 0.8469308929968592, 'lag_27': 0.666874479950636, 'lag_28': 0.0005417594719527852}. Best is trial 19 with value: 0.0021166910877357366.
