[I 2025-09-29 11:56:53,257] Trial 25 finished with value: 0.0027043854979300307 and parameters: {'lag_0': 0.648424588192745, 'lag_1': 0.6050469108814092, 'lag_2': 0.2964665692150491, 'lag_3': 0.40575826541083704, 'lag_4': 0.8368244697990201, 'lag_5': 0.7615119772229262, 'lag_6': 0.5083396547902576, 'lag_7': 0.8571378998923372, 'lag_8': 0.894716116115021, 'lag_9': 0.4596958991512376, 'lag_10': 0.408400626139402, 'lag_11': 0.3221710120702955, 'lag_12': 0.8762343676913352, 'lag_13': 0.37178857812928534, 'lag_14': 0.5882437511880523, 'lag_15': 0.7990921443093473, 'lag_16': 0.8184277887054103, 'lag_17': 0.0538634130842177, 'lag_18': 0.721393015382628, 'lag_19': 0.16732508313020406, 'lag_20': 0.006940373873309147, 'lag_21': 0.4103328536185708, 'lag_22': 0.6024240573493866, 'lag_23': 0.629609377137595, 'lag_24': 0.753786728430099, 'lag_25': 0.7736638657982933, 'lag_26': 0.7376580873514141, 'lag_27': 0.9968965848920909, 'lag_28': 0.4864382262732852}. Best is trial 22 with value: 0.0026827405043994973.
[I 2025-09-29 11:56:55,597] Trial 26 finished with value: 0.002729502911861449 and parameters: {'lag_0': 0.45522659093555007, 'lag_1': 0.4630157099996538, 'lag_2': 0.1257507499784699, 'lag_3': 0.2762593595880974, 'lag_4': 0.14801003337703733, 'lag_5': 0.8338954566741029, 'lag_6': 0.04168020032186215, 'lag_7': 0.45327788761156196, 'lag_8': 0.7917409898334759, 'lag_9': 0.6642186913888587, 'lag_10': 0.6771965280940585, 'lag_11': 0.00961225956244699, 'lag_12': 0.32529306535095537, 'lag_13': 0.4859233054705875, 'lag_14': 0.7416920665112942, 'lag_15': 0.9151279115816968, 'lag_16': 0.5865440989459456, 'lag_17': 0.19177416556379667, 'lag_18': 0.9133517726416386, 'lag_19': 0.8802405250268969, 'lag_20': 0.48581358766816307, 'lag_21': 0.5814958083704973, 'lag_22': 0.3979100969382927, 'lag_23': 0.36548680546357065, 'lag_24': 0.570578386778257, 'lag_25': 0.47094854352655535, 'lag_26': 0.6891791445270977, 'lag_27': 0.8256421170566887, 'lag_28': 0.27772895916805035}. Best is trial 22 with value: 0.0026827405043994973.
[I 2025-09-29 11:56:57,928] Trial 27 finished with value: 0.0026823157265097207 and parameters: {'lag_0': 0.6132308245113505, 'lag_1': 0.7312890089107864, 'lag_2': 0.3467500708580941, 'lag_3': 0.11743048489749315, 'lag_4': 0.44651733992996123, 'lag_5': 0.9062778189942713, 'lag_6': 0.23557072118545674, 'lag_7': 0.7098877916502874, 'lag_8': 0.5132174512496328, 'lag_9': 0.26290129972831233, 'lag_10': 0.9099267309354024, 'lag_11': 0.9042714076869214, 'lag_12': 0.4863335767229716, 'lag_13': 0.07167483777989303, 'lag_14': 0.012213361887563223, 'lag_15': 0.5608602128670175, 'lag_16': 0.3830565323063225, 'lag_17': 0.2659238274343731, 'lag_18': 0.6720772306457707, 'lag_19': 0.7274484702183667, 'lag_20': 0.9014654503469617, 'lag_21': 0.10618760855913542, 'lag_22': 0.65893049349513, 'lag_23': 0.500702943155091, 'lag_24': 0.4566157289966529, 'lag_25': 0.727259327445141, 'lag_26': 0.9042095868407827, 'lag_27': 0.27805913484632794, 'lag_28': 0.7624987817481501}. Best is trial 27 with value: 0.0026823157265097207.
[I 2025-09-29 11:57:00,259] Trial 28 finished with value: 0.002750654181003384 and parameters: {'lag_0': 0.6027481940547448, 'lag_1': 0.726743184394172, 'lag_2': 0.20665528416830398, 'lag_3': 0.09080155434007087, 'lag_4': 0.424385043761975, 'lag_5': 0.9285248485288436, 'lag_6': 0.21431732333055603, 'lag_7': 0.7134080983830159, 'lag_8': 0.4969638249536112, 'lag_9': 0.8743942391554099, 'lag_10': 0.8973322485773635, 'lag_11': 0.9102267687912429, 'lag_12': 0.6562901523580609, 'lag_13': 0.06681225359437058, 'lag_14': 0.011841723957040862, 'lag_15': 0.3477142077821075, 'lag_16': 0.30428774340180414, 'lag_17': 0.4704604110997934, 'lag_18': 0.6802313903547293, 'lag_19': 0.6891532154313513, 'lag_20': 0.12796597461934495, 'lag_21': 0.09568966689779679, 'lag_22': 0.65427301036631, 'lag_23': 0.008855048885840155, 'lag_24': 0.6287404930480395, 'lag_25': 0.7233022260518265, 'lag_26': 0.9123755877911104, 'lag_27': 0.27506154593887183, 'lag_28': 0.8305503019659011}. Best is trial 27 with value: 0.0026823157265097207.
[I 2025-09-29 11:57:02,596] Trial 29 finished with value: 0.002671463269151827 and parameters: {'lag_0': 0.2836323016120272, 'lag_1': 0.4034460316783531, 'lag_2': 0.906855946074698, 'lag_3': 0.11328740303745591, 'lag_4': 0.28681439904947814, 'lag_5': 0.9305050233459402, 'lag_6': 0.3897853475951035, 'lag_7': 0.561865387346649, 'lag_8': 0.39886950136498056, 'lag_9': 0.3216389312562207, 'lag_10': 0.8770611614223638, 'lag_11': 0.9970722079157052, 'lag_12': 0.4957263744611747, 'lag_13': 0.17156625525358898, 'lag_14': 0.8885889319123303, 'lag_15': 0.01549811990720329, 'lag_16': 0.18286968416207838, 'lag_17': 0.5177230963948161, 'lag_18': 0.5506495612301481, 'lag_19': 0.6114167552374362, 'lag_20': 0.33955595696962837, 'lag_21': 0.2302132373043084, 'lag_22': 0.5350179915237441, 'lag_23': 0.8579295180505444, 'lag_24': 0.808315932118255, 'lag_25': 0.8699706810464505, 'lag_26': 0.7855182745756628, 'lag_27': 0.9028785261546758, 'lag_28': 0.7163848282128501}. Best is trial 29 with value: 0.002671463269151827.
[I 2025-09-29 11:57:04,927] Trial 30 finished with value: 0.0027136572762881898 and parameters: {'lag_0': 0.2546132058366729, 'lag_1': 0.4083428150524773, 'lag_2': 0.9100971826396573, 'lag_3': 0.0890016708411135, 'lag_4': 0.2790706238195904, 'lag_5': 0.699598717005153, 'lag_6': 0.3849912857080457, 'lag_7': 0.5735221144146694, 'lag_8': 0.40309724384927564, 'lag_9': 0.2694390158033598, 'lag_10': 0.9063219720133835, 'lag_11': 0.9797223000653006, 'lag_12': 0.47400761424034904, 'lag_13': 0.0641713286431286, 'lag_14': 0.9143817459632617, 'lag_15': 0.013814577859529551, 'lag_16': 0.07953533982712999, 'lag_17': 0.5496998506520437, 'lag_18': 0.5190359012891171, 'lag_19': 0.5870400079091382, 'lag_20': 0.34850783021794207, 'lag_21': 0.24808430691013322, 'lag_22': 0.5255885630261485, 'lag_23': 0.6472014833019732, 'lag_24': 0.8030762572343254, 'lag_25': 0.9899981845274244, 'lag_26': 0.9982488068809284, 'lag_27': 0.927636573645911, 'lag_28': 0.8775009804052476}. Best is trial 29 with value: 0.002671463269151827.
[I 2025-09-29 11:57:07,259] Trial 31 finished with value: 0.0027004450293320443 and parameters: {'lag_0': 0.15050044979603439, 'lag_1': 0.23690234407151797, 'lag_2': 0.8551926814576989, 'lag_3': 0.16712810129139175, 'lag_4': 0.3274063017164627, 'lag_5': 0.9476205809427559, 'lag_6': 0.28838354863660465, 'lag_7': 0.6932264184665069, 'lag_8': 0.5391480911541264, 'lag_9': 0.24984614683489764, 'lag_10': 0.7989181977515307, 'lag_11': 0.9319341818515047, 'lag_12': 0.5376865947130013, 'lag_13': 0.1751218794284218, 'lag_14': 0.9039623681674871, 'lag_15': 0.16251532563005006, 'lag_16': 0.20137189364006658, 'lag_17': 0.47673813886657307, 'lag_18': 0.642157579807715, 'lag_19': 0.7301546547541413, 'lag_20': 0.4731925652531914, 'lag_21': 0.09559261726404969, 'lag_22': 0.441307079177935, 'lag_23': 0.8557649446037684, 'lag_24': 0.8887274623495949, 'lag_25': 0.8961663184967118, 'lag_26': 0.7919574742392098, 'lag_27': 0.8941545758069313, 'lag_28': 0.7290960640932601}. Best is trial 29 with value: 0.002671463269151827.
[I 2025-09-29 11:57:09,595] Trial 32 finished with value: 0.0026861823853382917 and parameters: {'lag_0': 0.3470230852728748, 'lag_1': 0.5353902104965649, 'lag_2': 0.9352388195124492, 'lag_3': 0.0653861647893286, 'lag_4': 0.4504027284635038, 'lag_5': 0.858566603385498, 'lag_6': 0.46198374399817765, 'lag_7': 0.4723034826458795, 'lag_8': 0.22344438959700025, 'lag_9': 0.39643399183258576, 'lag_10': 0.9856926820535182, 'lag_11': 0.9974039200569899, 'lag_12': 0.43117464956192303, 'lag_13': 0.26636427746292435, 'lag_14': 0.7898078501617598, 'lag_15': 0.5256452798427873, 'lag_16': 0.20165481251225958, 'lag_17': 0.35761207864078387, 'lag_18': 0.7974873241450728, 'lag_19': 0.7642963782835284, 'lag_20': 0.2033382283003991, 'lag_21': 0.19740269424276569, 'lag_22': 0.6464866731360777, 'lag_23': 0.787121673227529, 'lag_24': 0.9924028910826229, 'lag_25': 0.8335497605343566, 'lag_26': 0.8846355610317097, 'lag_27': 0.8461174191400351, 'lag_28': 0.6048400580423092}. Best is trial 29 with value: 0.002671463269151827.
[I 2025-09-29 11:57:11,933] Trial 33 finished with value: 0.002749431926981144 and parameters: {'lag_0': 0.29547837600744975, 'lag_1': 0.36541051030307203, 'lag_2': 0.9970190075530156, 'lag_3': 0.06375035461264475, 'lag_4': 0.4663756849937602, 'lag_5': 0.5389233768361434, 'lag_6': 0.47259674042155525, 'lag_7': 0.4669826473993082, 'lag_8': 0.22569360159641222, 'lag_9': 0.3393527476829703, 'lag_10': 0.9955491656642012, 'lag_11': 0.955832948004227, 'lag_12': 0.43870992482153676, 'lag_13': 0.08145238962903906, 'lag_14': 0.8387110628677887, 'lag_15': 0.13302459253491852, 'lag_16': 0.19422761371296138, 'lag_17': 0.271190701443251, 'lag_18': 0.8542154736228363, 'lag_19': 0.7899810862985508, 'lag_20': 0.2041025562083894, 'lag_21': 0.3674649460517604, 'lag_22': 0.6273764913611419, 'lag_23': 0.790989916350338, 'lag_24': 0.8392200928312472, 'lag_25': 0.8233028158612745, 'lag_26': 0.8903422079205581, 'lag_27': 0.7509069720332653, 'lag_28': 0.8098375657174185}. Best is trial 29 with value: 0.002671463269151827.
[I 2025-09-29 11:57:14,263] Trial 34 finished with value: 0.0027343957917502605 and parameters: {'lag_0': 0.10560673199317627, 'lag_1': 0.0002929952078929345, 'lag_2': 0.8635972751552631, 'lag_3': 0.18018310717791455, 'lag_4': 0.5727672792191473, 'lag_5': 0.9436749312507852, 'lag_6': 0.6199759370927027, 'lag_7': 0.5648330615644633, 'lag_8': 0.005832165854276483, 'lag_9': 0.4288862689944329, 'lag_10': 0.8828136177403184, 'lag_11': 0.9797152849547719, 'lag_12': 0.3184949570462845, 'lag_13': 0.17745083644781853, 'lag_14': 0.7818424995562595, 'lag_15': 0.5398814772929492, 'lag_16': 0.38818971353310516, 'lag_17': 0.6314921886943502, 'lag_18': 0.49737846795245344, 'lag_19': 0.47445623314120167, 'lag_20': 0.10868168249812837, 'lag_21': 0.2266131747065686, 'lag_22': 0.5524373631216714, 'lag_23': 0.7139344000922523, 'lag_24': 0.7517131032096316, 'lag_25': 0.7213059866022041, 'lag_26': 0.8198446674682395, 'lag_27': 0.9553216353149176, 'lag_28': 0.9017426382877372}. Best is trial 29 with value: 0.002671463269151827.
[I 2025-09-29 11:57:16,600] Trial 35 finished with value: 0.0026917044427314982 and parameters: {'lag_0': 0.328474720893685, 'lag_1': 0.5931516044213779, 'lag_2': 0.9391606505471155, 'lag_3': 0.26267532393333654, 'lag_4': 0.507914723101984, 'lag_5': 0.8349053147869141, 'lag_6': 0.3860668218668641, 'lag_7': 0.8377749116088007, 'lag_8': 0.22065913166336767, 'lag_9': 0.1918128506517519, 'lag_10': 0.9399085138050596, 'lag_11': 0.8701084134183338, 'lag_12': 0.40882342330195365, 'lag_13': 0.22918595118686463, 'lag_14': 0.8257415514426568, 'lag_15': 0.42038343106161313, 'lag_16': 0.16324683495665715, 'lag_17': 0.41977204625195963, 'lag_18': 0.5767186873394214, 'lag_19': 0.767411769346158, 'lag_20': 0.07666834863565908, 'lag_21': 0.3015772097735504, 'lag_22': 0.41697209950252606, 'lag_23': 0.9272102800176694, 'lag_24': 0.9806011376832479, 'lag_25': 0.9317662651280174, 'lag_26': 0.9306873872870952, 'lag_27': 0.8665352586498375, 'lag_28': 0.7002468228236154}. Best is trial 29 with value: 0.002671463269151827.
[I 2025-09-29 11:57:18,931] Trial 36 finished with value: 0.002712482309857135 and parameters: {'lag_0': 0.4363537783664513, 'lag_1': 0.8536942063420568, 'lag_2': 0.8272394643365031, 'lag_3': 0.06976259302176135, 'lag_4': 0.42622672087344743, 'lag_5': 0.7532184302928192, 'lag_6': 0.5236810099768539, 'lag_7': 0.5117361000468926, 'lag_8': 0.2780931279926844, 'lag_9': 0.10020870378276031, 'lag_10': 0.9948929906705655, 'lag_11': 0.9096988466089219, 'lag_12': 0.4599693827924243, 'lag_13': 0.024291378959399534, 'lag_14': 0.6425842709198276, 'lag_15': 0.07039190378332283, 'lag_16': 0.03363848901319169, 'lag_17': 0.31671300612576353, 'lag_18': 0.7174901356878887, 'lag_19': 0.8451248803310839, 'lag_20': 0.18162378608140692, 'lag_21': 0.18652824769550302, 'lag_22': 0.32913040575080266, 'lag_23': 0.5128404425678051, 'lag_24': 0.9918148560823776, 'lag_25': 0.8318151220820038, 'lag_26': 0.8596271955997338, 'lag_27': 0.9344613197264318, 'lag_28': 0.539306459308469}. Best is trial 29 with value: 0.002671463269151827.
[I 2025-09-29 11:57:21,259] Trial 37 finished with value: 0.002718059841344611 and parameters: {'lag_0': 0.2191714499883617, 'lag_1': 0.4313321823536928, 'lag_2': 0.7789701004491023, 'lag_3': 0.1385878911003297, 'lag_4': 0.4688870705329254, 'lag_5': 0.3077658659236484, 'lag_6': 0.1063052933491993, 'lag_7': 0.8057640444349995, 'lag_8': 0.13754665702632773, 'lag_9': 0.38006827509537694, 'lag_10': 0.7394456992263067, 'lag_11': 0.8414013899472702, 'lag_12': 0.24679637386331146, 'lag_13': 0.15005583734265437, 'lag_14': 0.5689016504306341, 'lag_15': 0.4781284658786771, 'lag_16': 0.35335081774167115, 'lag_17': 0.587415687364575, 'lag_18': 0.44295048893641187, 'lag_19': 0.5950002054431885, 'lag_20': 0.25332024310001405, 'lag_21': 0.2742288666452771, 'lag_22': 0.4846295347413778, 'lag_23': 0.9737170983694626, 'lag_24': 0.86719460122977, 'lag_25': 0.6061596239791627, 'lag_26': 0.9778157833835311, 'lag_27': 0.6719517719389476, 'lag_28': 0.9346885601870402}. Best is trial 29 with value: 0.002671463269151827.
[I 2025-09-29 11:57:23,597] Trial 38 finished with value: 0.0027457376365045685 and parameters: {'lag_0': 0.15384530429743096, 'lag_1': 0.7138197458259377, 'lag_2': 0.487598939623065, 'lag_3': 0.3096522632408013, 'lag_4': 0.6696473607750386, 'lag_5': 0.19603936802044275, 'lag_6': 0.3375165954626559, 'lag_7': 0.6955059367640843, 'lag_8': 0.422699536696641, 'lag_9': 0.2964725925474562, 'lag_10': 0.9431678375220486, 'lag_11': 0.9892609517626376, 'lag_12': 0.542068796781731, 'lag_13': 0.09214039978723192, 'lag_14': 0.7048785149393421, 'lag_15': 0.29231031039817756, 'lag_16': 0.2554953050750909, 'lag_17': 0.5164151781665696, 'lag_18': 0.8130351506945918, 'lag_19': 0.4225333813271119, 'lag_20': 0.31533695726036565, 'lag_21': 0.37326527201476856, 'lag_22': 0.699407936148762, 'lag_23': 0.16671184624407653, 'lag_24': 0.7918886026401756, 'lag_25': 0.7183200951785872, 'lag_26': 0.777510766067354, 'lag_27': 0.19802444721190693, 'lag_28': 0.4355542519768593}. Best is trial 29 with value: 0.002671463269151827.
[I 2025-09-29 11:57:25,936] Trial 39 finished with value: 0.0027242450021895655 and parameters: {'lag_0': 0.4919536752160689, 'lag_1': 0.6294712120146828, 'lag_2': 0.5715525359246405, 'lag_3': 0.04887431288741768, 'lag_4': 0.2519889865094387, 'lag_5': 0.8697414970349022, 'lag_6': 0.16720425889875917, 'lag_7': 0.41297911338220733, 'lag_8': 0.30041329192346783, 'lag_9': 0.2143359191527425, 'lag_10': 0.8099372751032112, 'lag_11': 0.7513443210025844, 'lag_12': 0.6420685382266061, 'lag_13': 0.20061888391048943, 'lag_14': 0.8727453635642453, 'lag_15': 0.595565487562516, 'lag_16': 0.11341369677053414, 'lag_17': 0.37822650239310457, 'lag_18': 0.9098668800700341, 'lag_19': 0.6489110827198871, 'lag_20': 0.057960229069982744, 'lag_21': 0.11988467717337906, 'lag_22': 0.7594292551416123, 'lag_23': 0.9220624260453175, 'lag_24': 0.929103111699165, 'lag_25': 0.8392490168955662, 'lag_26': 0.9482363509934553, 'lag_27': 0.5880205070982241, 'lag_28': 0.6580196566257728}. Best is trial 29 with value: 0.002671463269151827.
[I 2025-09-29 11:57:28,264] Trial 40 finished with value: 0.002702455247233972 and parameters: {'lag_0': 0.348520867107024, 'lag_1': 0.5327379513109773, 'lag_2': 0.3555014791037599, 'lag_3': 0.2067077348076888, 'lag_4': 0.11384667645541074, 'lag_5': 0.9470293182935186, 'lag_6': 0.24327114410667697, 'lag_7': 0.8900349502144337, 'lag_8': 0.12070316029252086, 'lag_9': 0.46725333578712963, 'lag_10': 0.8640046006911393, 'lag_11': 0.26008878096560395, 'lag_12': 0.3375297940275039, 'lag_13': 0.3315924360641793, 'lag_14': 0.40295037817160684, 'lag_15': 0.48158041833320686, 'lag_16': 0.3881151423641208, 'lag_17': 0.7097385734651026, 'lag_18': 0.5317735521529828, 'lag_19': 0.7559138250562243, 'lag_20': 0.17094231268808557, 'lag_21': 0.1749730634996356, 'lag_22': 0.11048613687401898, 'lag_23': 0.8072675446934026, 'lag_24': 0.7170305000035437, 'lag_25': 0.9324819682170256, 'lag_26': 0.8979514447463877, 'lag_27': 0.8473008663876473, 'lag_28': 0.7802152193518515}. Best is trial 29 with value: 0.002671463269151827.
[I 2025-09-29 11:57:30,608] Trial 41 finished with value: 0.002702457721931927 and parameters: {'lag_0': 0.5946406941499345, 'lag_1': 0.5151961846277444, 'lag_2': 0.7049119913826751, 'lag_3': 0.5675104714114756, 'lag_4': 0.3347449900604439, 'lag_5': 0.8770214687132515, 'lag_6': 0.2625993027356545, 'lag_7': 0.3424568643944178, 'lag_8': 0.4405137960918522, 'lag_9': 0.4224277737571644, 'lag_10': 0.7600322458178173, 'lag_11': 0.8175278451451207, 'lag_12': 0.51275836114325, 'lag_13': 0.2525840045161938, 'lag_14': 0.9305889210587699, 'lag_15': 0.6609375288804034, 'lag_16': 0.25392367115777603, 'lag_17': 0.36414774217796064, 'lag_18': 0.7915127295070129, 'lag_19': 0.5509184736910087, 'lag_20': 0.9200056246915244, 'lag_21': 0.08832280419616302, 'lag_22': 0.5736799565440253, 'lag_23': 0.8656860668246726, 'lag_24': 0.6796361796970057, 'lag_25': 0.17511683365249928, 'lag_26': 0.6873960283484064, 'lag_27': 0.7792152198126636, 'lag_28': 0.6047469567053202}. Best is trial 29 with value: 0.002671463269151827.
[I 2025-09-29 11:57:32,948] Trial 42 finished with value: 0.0027515884859405553 and parameters: {'lag_0': 0.3953103661448457, 'lag_1': 0.4617275358262194, 'lag_2': 0.9350480484630957, 'lag_3': 0.12525290414697307, 'lag_4': 0.4027523479127941, 'lag_5': 0.7978243949809974, 'lag_6': 0.08712905159442103, 'lag_7': 0.3762376922380762, 'lag_8': 0.6672016009600075, 'lag_9': 0.3208485900108932, 'lag_10': 0.6875964168963083, 'lag_11': 0.9262681528927115, 'lag_12': 0.5783144066092396, 'lag_13': 0.2842592775910677, 'lag_14': 0.9550665058894463, 'lag_15': 0.5245339531338375, 'lag_16': 0.027849068116590048, 'lag_17': 0.2626462293718808, 'lag_18': 0.61983317189392, 'lag_19': 0.6532110224212516, 'lag_20': 0.409011523095267, 'lag_21': 0.05234463662691741, 'lag_22': 0.6570371421875238, 'lag_23': 0.9005212361992626, 'lag_24': 0.509570983012338, 'lag_25': 0.23416980056858436, 'lag_26': 0.8077716816471967, 'lag_27': 0.8833464459547429, 'lag_28': 0.5891243723291395}. Best is trial 29 with value: 0.002671463269151827.
[I 2025-09-29 11:57:35,283] Trial 43 finished with value: 0.0026968963393221948 and parameters: {'lag_0': 0.70717964616561, 'lag_1': 0.761448936591187, 'lag_2': 0.896785728728099, 'lag_3': 0.4618548738938592, 'lag_4': 0.1820984771361565, 'lag_5': 0.030045544607297858, 'lag_6': 0.41523926621928325, 'lag_7': 0.46018450189065335, 'lag_8': 0.5602618407748865, 'lag_9': 0.08754243985836746, 'lag_10': 0.5571524118023055, 'lag_11': 0.8563522184578626, 'lag_12': 0.9020952890240673, 'lag_13': 0.2713868357833098, 'lag_14': 0.8728599526312576, 'lag_15': 0.6717402112144485, 'lag_16': 0.43891960385235357, 'lag_17': 0.17113318207155864, 'lag_18': 0.7312748837688684, 'lag_19': 0.7185690714810742, 'lag_20': 0.5711345853803618, 'lag_21': 0.054291696918520344, 'lag_22': 0.5017819452550859, 'lag_23': 0.7691139757096856, 'lag_24': 0.7907343740488711, 'lag_25': 0.07614035387439383, 'lag_26': 0.723228385078274, 'lag_27': 0.9546856993317132, 'lag_28': 0.5401487502472724}. Best is trial 29 with value: 0.002671463269151827.
[I 2025-09-29 11:57:37,772] Trial 44 finished with value: 0.002719707547544823 and parameters: {'lag_0': 0.46205543772171304, 'lag_1': 0.32437726774593234, 'lag_2': 0.7308697076811597, 'lag_3': 0.2462382998805892, 'lag_4': 0.27350091129305343, 'lag_5': 0.7313689009349578, 'lag_6': 0.2207121156152638, 'lag_7': 0.6272480932930208, 'lag_8': 0.3667305044610858, 'lag_9': 0.6278061415174252, 'lag_10': 0.915386761538063, 'lag_11': 0.6061645664191674, 'lag_12': 0.39099654740615863, 'lag_13': 0.03176956165495115, 'lag_14': 0.7458632152277603, 'lag_15': 0.38745411750079267, 'lag_16': 0.24930377420891114, 'lag_17': 0.46288749082271297, 'lag_18': 0.803025249401197, 'lag_19': 0.09130581040960806, 'lag_20': 0.46734506297350525, 'lag_21': 0.14130265124671468, 'lag_22': 0.8434506597069481, 'lag_23': 0.7284254758945223, 'lag_24': 0.6077842051993512, 'lag_25': 0.45675281809391166, 'lag_26': 0.5723656112995353, 'lag_27': 0.11290611986583793, 'lag_28': 0.3730998586425681}. Best is trial 29 with value: 0.002671463269151827.
[I 2025-09-29 11:57:40,122] Trial 45 finished with value: 0.002728689459224669 and parameters: {'lag_0': 0.5549295499591342, 'lag_1': 0.11395349533187328, 'lag_2': 0.6480890984722179, 'lag_3': 0.035176847609504125, 'lag_4': 0.03556120431546067, 'lag_5': 0.8984708354905788, 'lag_6': 0.3579215215059497, 'lag_7': 0.5577616191386384, 'lag_8': 0.0532666132851391, 'lag_9': 0.5716042181351407, 'lag_10': 0.8315941743670665, 'lag_11': 0.7528527567757164, 'lag_12': 0.7847827328707488, 'lag_13': 0.3735923746793771, 'lag_14': 0.8057742873317693, 'lag_15': 0.5625433223719413, 'lag_16': 0.14656099177216747, 'lag_17': 0.35310347195009606, 'lag_18': 0.6615580364469479, 'lag_19': 0.9041781625587851, 'lag_20': 0.06430138330800442, 'lag_21': 0.0006897473716395153, 'lag_22': 0.9422257545295971, 'lag_23': 0.9993090084686829, 'lag_24': 0.44683219132720803, 'lag_25': 0.753732444268599, 'lag_26': 0.6654868568701777, 'lag_27': 0.6931970120983899, 'lag_28': 0.7022473161084781}. Best is trial 29 with value: 0.002671463269151827.
