[I 2025-10-03 11:38:48,764] Trial 68 finished with values: [0.013151927437641722, 0.003609473956985567, 0.0004101457012296171, 0.00032446660565743103, 0.000860634388131482, 0.001626294218158876, 0.0005439803362055572, 0.002733606732152358, 0.0013609055389956696, 0.0016574488855382308, 0.0010705260066725035, 0.0011262897564612846, 0.00047261881061737494, 0.017368689303695097, 0.0, 0.00035655965433250306, 4.5759092160625465e-05, 0.000522065984557424, 0.0005487715397571576, 1.064057454537656e-05, 5.0843733446048234e-05, 3.38414868335194e-05, 0.0006427162685415819, 0.0005211943167409486, 0.00047030049942464145, 0.00018111453070029866, 0.0004520740057991494, 0.0019020444052597636, 0.001339914476441112] and parameters: {'lag_0': 0.6772028578971466, 'lag_1': 0.8357669394603566, 'lag_2': 0.7764467649935898, 'lag_3': 0.9508310739155491, 'lag_4': 0.3219890881728709, 'lag_5': 0.5486603867682888, 'lag_6': 0.5327894480172017, 'lag_7': 0.3523824435284806, 'lag_8': 0.5471727099701178, 'lag_9': 0.7218266066195391, 'lag_10': 0.056391441570631085, 'lag_11': 0.4452854255437683, 'lag_12': 0.35987872171365387, 'lag_13': 0.6546226293070374, 'lag_14': 0.03328066847080146, 'lag_15': 0.32781919196163517, 'lag_16': 0.22132722657778459, 'lag_17': 0.8269968947867511, 'lag_18': 0.2896800439659217, 'lag_19': 0.20875390302479077, 'lag_20': 0.6325992997869673, 'lag_21': 0.5801083911712273, 'lag_22': 0.3580604349629854, 'lag_23': 0.11861018731575065, 'lag_24': 0.9680541676509561, 'lag_25': 0.8590998878136262, 'lag_26': 0.9175610179038323, 'lag_27': 0.5116403569593099, 'lag_28': 0.1367000849610446}.
[I 2025-10-03 11:38:51,478] Trial 69 finished with values: [0.0044444444444444444, 0.0007011399528247953, 0.0006861933291541764, 0.0020641180286288417, 0.0004549107188374835, 0.000288984442982654, 0.001456717498294451, 0.0011718737459225058, 0.0019246713560161395, 0.002410259010621414, 0.0010052532754706574, 0.0007490820639449059, 0.00030709384407007586, 0.021048086853303605, 0.0, 0.0006765598922394161, 0.00019162591256558355, 0.0007168415742154785, 0.0007184355699071527, 4.218770201824477e-05, 2.4835784741120815e-05, 5.076007506316526e-05, 0.00041720648539306834, 0.0005247980314405751, 0.000495571458443499, 0.00026291915165388375, 0.0005989438686034533, 0.0017624167483966148, 0.0002711819544953251] and parameters: {'lag_0': 0.6386722205621624, 'lag_1': 0.09976259481121172, 'lag_2': 0.3023555827890608, 'lag_3': 0.7571971864936412, 'lag_4': 0.6632801445124721, 'lag_5': 0.8225856460943819, 'lag_6': 0.3619521479777559, 'lag_7': 0.09759453440604607, 'lag_8': 0.6818086052019301, 'lag_9': 0.8662293492575028, 'lag_10': 0.8123870830739819, 'lag_11': 0.11629575016571506, 'lag_12': 0.6869515040576873, 'lag_13': 0.29644722318953226, 'lag_14': 0.008578255596583234, 'lag_15': 0.8615185347038927, 'lag_16': 0.24161026289916096, 'lag_17': 0.12422662902730093, 'lag_18': 0.8926902104379714, 'lag_19': 0.48087255475912666, 'lag_20': 0.6834130527115655, 'lag_21': 0.777955778102251, 'lag_22': 0.4530092957729356, 'lag_23': 0.05806431676449822, 'lag_24': 0.7322515600387902, 'lag_25': 0.6194854337286686, 'lag_26': 0.7382672565666719, 'lag_27': 0.7705521648781948, 'lag_28': 0.9135842510177524}.
[I 2025-10-03 11:38:54,186] Trial 70 finished with values: [0.004222726127488032, 0.002956526506369236, 0.0009312682626732586, 0.0024315140307625592, 0.0012137169733427186, 0.0011604304501081333, 0.0010120645637286155, 0.003258827773232587, 0.0012674136268277579, 0.0017798482758579373, 0.0014037141307932405, 0.0006941088486102068, 0.000551078567506012, 0.019446849261732325, 0.0, 0.0007360663156413804, 9.352235913708184e-05, 0.0001419397544528967, 0.0008165475726354751, 0.00010824514686001759, 9.135617308196972e-05, 8.205941865377833e-05, 0.00045477593262653116, 0.00030872950920895836, 0.0008604021400534588, 0.00024182262308190578, 0.0008271354422126219, 0.0016875525402606137, 0.00172929573382188] and parameters: {'lag_0': 0.20362667575914004, 'lag_1': 0.3841827975473134, 'lag_2': 0.971050566514043, 'lag_3': 0.5078096347578098, 'lag_4': 0.49324687371230175, 'lag_5': 0.31986075671212555, 'lag_6': 0.8473723869906795, 'lag_7': 0.0704849627814773, 'lag_8': 0.6987033219742702, 'lag_9': 0.9291564701935678, 'lag_10': 0.2199264776713278, 'lag_11': 0.7915042399238462, 'lag_12': 0.2953041160917788, 'lag_13': 0.8181308261114458, 'lag_14': 0.4098200846385672, 'lag_15': 0.7010318434761745, 'lag_16': 0.9437617502973479, 'lag_17': 0.20877323778488419, 'lag_18': 0.10165065074744224, 'lag_19': 0.376210486987838, 'lag_20': 0.5284043263201823, 'lag_21': 0.5397178643256142, 'lag_22': 0.05908512043023851, 'lag_23': 0.3677419217823334, 'lag_24': 0.9526865265545327, 'lag_25': 0.4084568682773857, 'lag_26': 0.7976143933204388, 'lag_27': 0.47126859631049706, 'lag_28': 0.8337619928626826}.
[I 2025-10-03 11:38:56,903] Trial 71 finished with values: [0.0044444444444444444, 0.002913833030478481, 0.0005525706533448789, 0.0005951250266184321, 0.001212989376584123, 0.0010724268605016162, 0.0007929849540147099, 0.0014959609719742745, 0.0018523712335922476, 0.002350221404979646, 0.001277566170923505, 0.000922493237996254, 0.0003716793038109871, 0.016653775939539015, 0.0, 0.001124772584235809, 8.29084256830133e-05, 0.0008888656057786945, 0.0006728064099681505, 4.0677142706813215e-05, 5.992309942130291e-05, 4.530783822689155e-05, 0.000298355565723873, 0.0003525373711167479, 0.0006433614803187781, 0.0001519038192966454, 0.00039474004865050553, 0.0011956613242099451, 0.0008880771788726276] and parameters: {'lag_0': 0.18249664122980283, 'lag_1': 0.009470629787879721, 'lag_2': 0.6321656371856985, 'lag_3': 0.2904433076957772, 'lag_4': 0.9780936726252346, 'lag_5': 0.865482262236249, 'lag_6': 0.11217725958860841, 'lag_7': 0.9845145385563191, 'lag_8': 0.9940271695268224, 'lag_9': 0.29496107401154115, 'lag_10': 0.8911010158215351, 'lag_11': 0.6008867410902673, 'lag_12': 0.27895100840670395, 'lag_13': 0.45349784511374375, 'lag_14': 0.40388048541714144, 'lag_15': 0.5859364980760796, 'lag_16': 0.022715538785565686, 'lag_17': 0.44916088905314655, 'lag_18': 0.3632561139053784, 'lag_19': 0.42052113731740126, 'lag_20': 0.37230036855131476, 'lag_21': 0.14640576951031095, 'lag_22': 0.5453965926717671, 'lag_23': 0.8424056480830275, 'lag_24': 0.8404772573530583, 'lag_25': 0.5518051427618248, 'lag_26': 0.8032817330222, 'lag_27': 0.6439347881369627, 'lag_28': 0.7196458891238112}.
[I 2025-10-03 11:38:59,613] Trial 72 finished with values: [0.009611111111111114, 0.000968413536069995, 0.0014008522954825164, 0.001634611951557109, 0.0007399740325327628, 0.0011181390272590641, 0.001092879897669105, 0.0010135810806710082, 0.0005287395523286601, 0.0027070795239725557, 0.0015687076043499383, 0.0003914718738472405, 0.0004941194523810975, 0.018421377275994907, 0.0, 0.0005687239661496323, 0.00024295417627906928, 0.0005849596292950102, 0.0006737169427131423, 3.5017458260808824e-05, 0.00013914534146529134, 6.482763667691054e-05, 0.0006736444939130103, 0.0007830954079747435, 0.0006677103287657917, 0.0003358421487386608, 0.0006453265839914094, 0.0018459934482743657, 0.0008966773506270583] and parameters: {'lag_0': 0.6776764813063718, 'lag_1': 0.4453417446888312, 'lag_2': 0.6321656371856985, 'lag_3': 0.14763198287875068, 'lag_4': 0.37009546038397423, 'lag_5': 0.8438868598679878, 'lag_6': 0.27817516459874836, 'lag_7': 0.08517747335033779, 'lag_8': 0.6937958497035851, 'lag_9': 0.29496107401154115, 'lag_10': 0.6959998763473977, 'lag_11': 0.5847711838141689, 'lag_12': 0.06873154999106734, 'lag_13': 0.18219851271642426, 'lag_14': 0.061618638360518556, 'lag_15': 0.5859364980760796, 'lag_16': 0.022715538785565686, 'lag_17': 0.44916088905314655, 'lag_18': 0.8140891440035297, 'lag_19': 0.7142452054507562, 'lag_20': 0.31954860882389935, 'lag_21': 0.7104781454734455, 'lag_22': 0.7889911343952675, 'lag_23': 0.21727419122904096, 'lag_24': 0.9114754096852834, 'lag_25': 0.006437865208807542, 'lag_26': 0.0007017874154505214, 'lag_27': 0.5159997059380814, 'lag_28': 0.021759822337354674}.
[I 2025-10-03 11:39:02,317] Trial 73 finished with values: [0.0042361111111111115, 0.0050259046920553985, 0.0024517812459725415, 0.002532385469782975, 0.0016184506494394822, 0.000685852009760976, 0.0022460927405941427, 0.0019309940926251108, 0.0021977283833215172, 0.0017793362147054234, 0.0009205121271563717, 0.0010112034434202018, 0.0007501733141422925, 0.017157122606307616, 0.0, 0.0006901723218831059, 0.00023758655216188224, 0.0005448308005781936, 0.0007061338276650279, 4.1096055273050975e-05, 0.00012633201779169083, 4.830569560149327e-05, 0.0006364435971236525, 0.00042634384638751794, 0.0012461597577534578, 0.0002458624213588381, 0.0007289377924544965, 0.0019260797930088533, 0.0030704489256897513] and parameters: {'lag_0': 0.47692238869641645, 'lag_1': 0.009470629787879721, 'lag_2': 0.6321656371856985, 'lag_3': 0.5851599468250621, 'lag_4': 0.8486429545006183, 'lag_5': 0.8438868598679878, 'lag_6': 0.27817516459874836, 'lag_7': 0.31713695096706834, 'lag_8': 0.6937958497035851, 'lag_9': 0.29496107401154115, 'lag_10': 0.6959998763473977, 'lag_11': 0.6008867410902673, 'lag_12': 0.9279253715369989, 'lag_13': 0.2831370414048, 'lag_14': 0.40388048541714144, 'lag_15': 0.5859364980760796, 'lag_16': 0.022715538785565686, 'lag_17': 0.44916088905314655, 'lag_18': 0.3632561139053784, 'lag_19': 0.29647112531846875, 'lag_20': 0.31954860882389935, 'lag_21': 0.14640576951031095, 'lag_22': 0.7889911343952675, 'lag_23': 0.39646275382363494, 'lag_24': 0.3208258007520182, 'lag_25': 0.08838201070916217, 'lag_26': 0.0007017874154505214, 'lag_27': 0.5159997059380814, 'lag_28': 0.021759822337354674}.
[I 2025-10-03 11:39:05,022] Trial 74 finished with values: [0.007111111111111112, 0.005211794987433101, 0.000923943356591401, 0.0009786404600751735, 0.00039537810167294214, 0.0009468001341342989, 0.0014339037816436533, 0.001273125354716444, 0.0015138535797549518, 0.0023612013500353838, 0.0010906400186666094, 0.00046934441212658493, 0.0005261738872112589, 0.02184647411810219, 0.0, 0.0009533052271701438, 0.0002653580922528423, 0.0008659011853047356, 0.0007513824001657101, 9.631049404063438e-05, 5.488665082173822e-05, 0.00013759546234650447, 0.00031058057835959006, 0.0004124289906563178, 0.0008506333223745604, 0.00018859936107111443, 0.0005418950780608571, 0.0013089578992353484, 0.0017183516714189381] and parameters: {'lag_0': 0.8795178151415857, 'lag_1': 0.4925271938808075, 'lag_2': 0.9697532964747154, 'lag_3': 0.26455372667643473, 'lag_4': 0.631479639138886, 'lag_5': 0.40216488289093144, 'lag_6': 0.9157772857190837, 'lag_7': 0.3316075992172497, 'lag_8': 0.8753887207543452, 'lag_9': 0.9685319697695798, 'lag_10': 0.4963922087959068, 'lag_11': 0.7492921541434695, 'lag_12': 0.5325701131072628, 'lag_13': 0.3326777061389657, 'lag_14': 0.9118656568715684, 'lag_15': 0.009759896355366322, 'lag_16': 0.257629486652889, 'lag_17': 0.016420328887190576, 'lag_18': 0.5005229629562697, 'lag_19': 0.37816503597651974, 'lag_20': 0.35559714192746117, 'lag_21': 0.4168434166298263, 'lag_22': 0.21716300495284852, 'lag_23': 0.8510142280760375, 'lag_24': 0.19280973051344233, 'lag_25': 0.5450269193940258, 'lag_26': 0.031040891273768814, 'lag_27': 0.5746935274915773, 'lag_28': 0.7716975347813798}.
[I 2025-10-03 11:39:07,736] Trial 75 finished with values: [0.0044444444444444444, 0.0014068163475938144, 0.001013564629610855, 0.0009368450040392037, 0.0003447874709152235, 0.0015745005349801625, 0.002105325794777898, 0.003015925964417549, 0.001478654758146592, 0.0014205932543560787, 0.0013534030769122955, 0.0004918632406668811, 3.5670763608584346e-05, 0.020977619661548423, 0.0, 0.0001440135697767421, 8.995068619546544e-05, 0.00041368310359347004, 0.0009176858434553275, 6.435209212932568e-05, 4.332624449415319e-05, 1.7765364916359778e-05, 0.0005523099158551066, 0.0002602634685622275, 0.0006482308963444686, 0.00024159971195423534, 0.0010711264542252684, 0.0019761252887039414, 0.001476332551262667] and parameters: {'lag_0': 0.9100992088506663, 'lag_1': 0.5293030656903802, 'lag_2': 0.36325668280957113, 'lag_3': 0.6664137272123535, 'lag_4': 0.5111064316229497, 'lag_5': 0.37990605210690304, 'lag_6': 0.5847938309142916, 'lag_7': 0.7243822964783895, 'lag_8': 0.1998476154932069, 'lag_9': 0.7485501648317608, 'lag_10': 0.2734279915074069, 'lag_11': 0.8133448403874437, 'lag_12': 0.9663893083587095, 'lag_13': 0.33260547525785666, 'lag_14': 0.40763379503964536, 'lag_15': 0.1736518982407294, 'lag_16': 0.7007739624582984, 'lag_17': 0.38370386909424137, 'lag_18': 0.32929912685027246, 'lag_19': 0.5863323107580255, 'lag_20': 0.11972344302635582, 'lag_21': 0.8297162307444256, 'lag_22': 0.3921978280910098, 'lag_23': 0.40744461634985296, 'lag_24': 0.9468571690647473, 'lag_25': 0.47341185046510004, 'lag_26': 0.870198466452204, 'lag_27': 0.2340530358505187, 'lag_28': 0.42690256573104174}.
[I 2025-10-03 11:39:10,447] Trial 76 finished with values: [0.005061728395061729, 0.004911342486674248, 0.001208118320281093, 0.00032763448863242314, 0.0010727265875873763, 0.0012579124373705863, 0.0005282159215401365, 0.002826746257462202, 0.001904447237163097, 0.0017987272754110752, 0.000783484044843113, 0.0012325983479626581, 0.0002978776311616768, 0.018335387734868213, 0.0, 0.00032100126225007643, 0.00012603744043857622, 0.000662855499775857, 0.0006469821479936962, 6.23380382782155e-05, 4.1905145686246466e-05, 0.00010615821650406866, 0.0007288563951861321, 0.0004368393419747228, 0.000705398846683277, 0.00024479691508313056, 0.0006115996902839777, 0.002115547187703469, 0.0007113231665083732] and parameters: {'lag_0': 0.3063590240109723, 'lag_1': 0.10966723638173863, 'lag_2': 0.8533365610337318, 'lag_3': 0.06244532365694719, 'lag_4': 0.35915059675630945, 'lag_5': 0.4723399733898519, 'lag_6': 0.46623473562368156, 'lag_7': 0.5424092894088266, 'lag_8': 0.3872357638360869, 'lag_9': 0.525021126012515, 'lag_10': 0.6257588315238537, 'lag_11': 0.4597826173314825, 'lag_12': 0.24049226302245902, 'lag_13': 0.9313186620055438, 'lag_14': 0.5073461810916224, 'lag_15': 0.8487899563253667, 'lag_16': 0.07920931041762411, 'lag_17': 0.12344630402010753, 'lag_18': 0.7761732916060157, 'lag_19': 0.45134167727282604, 'lag_20': 0.48227566068087, 'lag_21': 0.13466065528519544, 'lag_22': 0.9956226239266956, 'lag_23': 0.5329862851998274, 'lag_24': 0.8705106800964136, 'lag_25': 0.4001199272875152, 'lag_26': 0.674386426256689, 'lag_27': 0.9899169764392384, 'lag_28': 0.030337510545950165}.
[I 2025-10-03 11:39:13,157] Trial 77 finished with values: [0.0042361111111111115, 0.0006301704447251667, 0.0007813702896659523, 0.0011630963831252526, 0.0015065537691809844, 0.0009539721751713777, 0.001657423367573785, 0.0013668671073526323, 0.0022947997355908236, 0.0015601625889825666, 0.0016305157774906688, 0.0009674175153641463, 0.0007161537582179389, 0.019562509418189888, 0.0, 0.00091556691704597, 0.00017413133887739083, 0.0006973836657017748, 0.0007034646796799266, 9.00298155451254e-05, 6.567337850689817e-05, 0.00011248803975759167, 0.000489315330879251, 0.0006239115656273153, 0.0005907261023128193, 0.00019550977348533455, 0.00044996309633196975, 0.0016159622198024075, 0.0016417411904802739] and parameters: {'lag_0': 0.043116761932740236, 'lag_1': 0.28659475289672126, 'lag_2': 0.7802693609010141, 'lag_3': 0.21291983822217408, 'lag_4': 0.8815736540437381, 'lag_5': 0.002115178639668528, 'lag_6': 0.11037817466081469, 'lag_7': 0.31245292305434974, 'lag_8': 0.2976341346661836, 'lag_9': 0.6035129719663236, 'lag_10': 0.5205271022673714, 'lag_11': 0.7008803177454601, 'lag_12': 0.027632959984301982, 'lag_13': 0.20685678838967708, 'lag_14': 0.2759531726354262, 'lag_15': 0.5827457629329095, 'lag_16': 0.3829991577869665, 'lag_17': 0.5398278914912874, 'lag_18': 0.6259541852075928, 'lag_19': 0.3203965565023714, 'lag_20': 0.3968846433146424, 'lag_21': 0.9727477761578889, 'lag_22': 0.8424698720424362, 'lag_23': 0.49523187245226413, 'lag_24': 0.8605012071753338, 'lag_25': 0.6487044495232085, 'lag_26': 0.7970350055030905, 'lag_27': 0.22668897121999715, 'lag_28': 0.9289176056815175}.
[I 2025-10-03 11:39:15,874] Trial 78 finished with values: [0.003777777777777778, 0.006071032302017613, 0.0029501586461619426, 0.0019343439542849137, 0.001523252491784042, 0.0007212725095052599, 0.000789158234931644, 0.002236127180441068, 0.0019073136394743583, 0.0013813381462877512, 0.0011702840784458715, 0.0007400865616056958, 0.00023726289276255973, 0.01666573923446062, 0.0, 0.0004932313725510256, 0.0005114984274817934, 0.0008471814916571265, 0.0005617010270729466, 1.9003026357515868e-05, 5.546601873832079e-05, 0.0001008808707838935, 0.0006314001339164865, 0.0003428645468510005, 0.0004881598675003325, 0.00021616001891000777, 0.0008551206348159123, 0.0014718081867982763, 0.000451151080407721] and parameters: {'lag_0': 0.16448026833883134, 'lag_1': 0.7402527082700308, 'lag_2': 0.3292235221122436, 'lag_3': 0.9508310739155491, 'lag_4': 0.02577029425708961, 'lag_5': 0.3167186049953319, 'lag_6': 0.7720880445401337, 'lag_7': 0.11533166916458655, 'lag_8': 0.5471727099701178, 'lag_9': 0.8564202326590272, 'lag_10': 0.7732026002151284, 'lag_11': 0.4452854255437683, 'lag_12': 0.004616756651042364, 'lag_13': 0.23376417490318038, 'lag_14': 0.03328066847080146, 'lag_15': 0.11880355581454577, 'lag_16': 0.4609216030398727, 'lag_17': 0.2980546682534997, 'lag_18': 0.8457890486074873, 'lag_19': 0.5854233775687815, 'lag_20': 0.6325992997869673, 'lag_21': 0.6622539203940033, 'lag_22': 0.7892936495687894, 'lag_23': 0.8742819770339456, 'lag_24': 0.10687298455319355, 'lag_25': 0.6747083915749894, 'lag_26': 0.8801612250883148, 'lag_27': 0.10490454795086533, 'lag_28': 0.4667575056081921}.
[I 2025-10-03 11:39:18,588] Trial 79 finished with values: [0.0029444444444444444, 0.002508467966092687, 0.002174748550010794, 0.0009053734198352416, 0.0005594660076705884, 0.00048658201628513345, 0.002270839167121818, 0.002588173800114648, 0.0019398870716074521, 0.0009778003417076086, 0.001800011659458774, 0.0006172878820539728, 0.0007759172970409496, 0.01902247188459952, 0.0, 0.0004606718822388189, 0.0003271713676948744, 0.0005713001276041157, 0.0008594653790686312, 6.4432650145203325e-06, 5.624413179374681e-05, 4.850499949473932e-05, 0.0003987069500228996, 0.0002499771060055242, 0.0013134375533826565, 0.0003866970503495289, 0.0007214223671781328, 0.0019386446808498856, 0.000268728829765718] and parameters: {'lag_0': 0.147751755386192, 'lag_1': 0.14691893289529864, 'lag_2': 0.042517347581568506, 'lag_3': 0.30918347034434157, 'lag_4': 0.7592117099085496, 'lag_5': 0.44206293599297697, 'lag_6': 0.6564631134303135, 'lag_7': 0.9667643080978945, 'lag_8': 0.5913138589715232, 'lag_9': 0.9449390066423328, 'lag_10': 0.12632391582388933, 'lag_11': 0.6913594521075535, 'lag_12': 0.10367874723475881, 'lag_13': 0.7480900289219008, 'lag_14': 0.008706660872224293, 'lag_15': 0.1091206822692663, 'lag_16': 0.7505941220295672, 'lag_17': 0.418143700479492, 'lag_18': 0.7274590293151884, 'lag_19': 0.9544720846043522, 'lag_20': 0.059774420104681626, 'lag_21': 0.5101558253303673, 'lag_22': 0.5503337286611054, 'lag_23': 0.09717392847357781, 'lag_24': 0.5659533968661946, 'lag_25': 0.4610009178539179, 'lag_26': 0.36419884841488837, 'lag_27': 0.9576903749115872, 'lag_28': 0.5158251498007693}.
[I 2025-10-03 11:39:21,479] Trial 80 finished with values: [0.003402777777777778, 0.0031932999472908353, 0.0006279804702410579, 0.0010386015326157682, 0.001877356290218771, 0.0008508596349421346, 0.001737583850290565, 0.0017589323310728273, 0.002225023041503062, 0.0008680084351313054, 0.00155611076797296, 0.0009256669645910015, 0.0005838265528159297, 0.022978352758813953, 0.0, 0.0004718037339213086, 9.757198600633107e-05, 0.000628393782921852, 0.0009662045236956938, 5.113915574406581e-05, 6.78732934734208e-05, 6.597452535202674e-05, 0.0007549818346269747, 0.0003883768903685551, 0.0008173367596779061, 0.00023076301951030037, 0.0005053994254046205, 0.0018009434520374896, 0.001995718230133785] and parameters: {'lag_0': 0.7222505164417873, 'lag_1': 0.6156240415776172, 'lag_2': 0.0012095629172995499, 'lag_3': 0.3145256274328095, 'lag_4': 0.16264773692281365, 'lag_5': 0.5451859694380804, 'lag_6': 0.7712703037748914, 'lag_7': 0.966761331002674, 'lag_8': 0.7914944236513378, 'lag_9': 0.07737341256430774, 'lag_10': 0.21209460067002833, 'lag_11': 0.47378093636147667, 'lag_12': 0.6397632644469515, 'lag_13': 0.6943530570655565, 'lag_14': 0.29557420806724405, 'lag_15': 0.8121713410323156, 'lag_16': 0.047845862958913, 'lag_17': 0.8309500648973607, 'lag_18': 0.6152599059483799, 'lag_19': 0.1802353667128702, 'lag_20': 0.2561084482520893, 'lag_21': 0.6975212613619416, 'lag_22': 0.7667558427057559, 'lag_23': 0.24149918483409571, 'lag_24': 0.4237677633611224, 'lag_25': 0.39520261771286624, 'lag_26': 0.6264062364669328, 'lag_27': 0.8168602375415506, 'lag_28': 0.06272426997982973}.
