[I 2025-09-29 12:52:55,767] Trial 62 finished with value: 0.004671713216796299 and parameters: {'lag_0': 0.7212941542941267, 'lag_1': 0.5037731174305613, 'lag_2': 0.7571286006314457, 'lag_3': 0.004780919937721423, 'lag_4': 0.08516325326341348, 'lag_5': 0.8483551692816769, 'lag_6': 0.7191320286849192, 'lag_7': 0.37207820084893317, 'lag_8': 0.035781915753003615, 'lag_9': 0.24423815048238862, 'lag_10': 0.6686661067237636, 'lag_11': 0.7315775214858791, 'lag_12': 0.21792045947983346, 'lag_13': 0.27453610759640007, 'lag_14': 0.572268478930225, 'lag_15': 0.011629075137746095, 'lag_16': 0.16463681101249394, 'lag_17': 0.05327225129768951, 'lag_18': 0.9941883312952696, 'lag_19': 0.2211478733122719, 'lag_20': 0.7379300269713229, 'lag_21': 0.558526539137275, 'lag_22': 0.15986626406247836, 'lag_23': 0.03972781082941954, 'lag_24': 0.6756551292404297, 'lag_25': 0.2964131344834754, 'lag_26': 0.5785577396914257, 'lag_27': 0.7322109998909913, 'lag_28': 0.5764331094485247}. Best is trial 14 with value: 0.004105909280388653.
[I 2025-09-29 12:52:58,279] Trial 63 finished with value: 0.0047315948905896615 and parameters: {'lag_0': 0.6846967422662568, 'lag_1': 0.5729498901772989, 'lag_2': 0.857643400159047, 'lag_3': 0.25605959259300237, 'lag_4': 0.18121462108359618, 'lag_5': 0.9900929894946726, 'lag_6': 0.7976975165930694, 'lag_7': 0.28674536610469203, 'lag_8': 0.12987623431647088, 'lag_9': 0.462796204509245, 'lag_10': 0.62505218175712, 'lag_11': 0.518251692613629, 'lag_12': 0.0812003177422273, 'lag_13': 0.1857927714567133, 'lag_14': 0.41523489007748027, 'lag_15': 0.09302426469080516, 'lag_16': 0.4241999387906093, 'lag_17': 0.05339293087635904, 'lag_18': 0.8949395597159467, 'lag_19': 0.289773750208435, 'lag_20': 0.6859664952638446, 'lag_21': 0.6127346841950283, 'lag_22': 0.06282815460228568, 'lag_23': 0.25107736546066495, 'lag_24': 0.6055027436956266, 'lag_25': 0.15403533415880794, 'lag_26': 0.5991110207336849, 'lag_27': 0.7918492791608578, 'lag_28': 0.48663868958138284}. Best is trial 14 with value: 0.004105909280388653.
[I 2025-09-29 12:53:00,793] Trial 64 finished with value: 0.004276089320394862 and parameters: {'lag_0': 0.5664425375888302, 'lag_1': 0.5301931938259214, 'lag_2': 0.13755771639601977, 'lag_3': 0.3074917237066674, 'lag_4': 0.056492461516264414, 'lag_5': 0.9438798122437416, 'lag_6': 0.6610674580460576, 'lag_7': 0.32306493869118047, 'lag_8': 0.040993131193769836, 'lag_9': 0.28775270585707485, 'lag_10': 0.48857262526627193, 'lag_11': 0.671595429847748, 'lag_12': 0.14965880743703977, 'lag_13': 0.38822989007056585, 'lag_14': 0.48891977572920836, 'lag_15': 0.08695130568392379, 'lag_16': 0.18252984096101912, 'lag_17': 0.1228662069027253, 'lag_18': 0.9500572581197471, 'lag_19': 0.31258239255266285, 'lag_20': 0.6464677376710981, 'lag_21': 0.42948781670631575, 'lag_22': 0.013535743048699499, 'lag_23': 0.19584067687208917, 'lag_24': 0.5572100159376097, 'lag_25': 0.054051677575537124, 'lag_26': 0.6679444771423635, 'lag_27': 0.9024430278270933, 'lag_28': 0.6345808330292932}. Best is trial 14 with value: 0.004105909280388653.
[I 2025-09-29 12:53:03,312] Trial 65 finished with value: 0.004999640020784656 and parameters: {'lag_0': 0.5635613032787963, 'lag_1': 0.38122129333607363, 'lag_2': 0.11573600459856276, 'lag_3': 0.1914880981689831, 'lag_4': 0.994308377796571, 'lag_5': 0.9137039161683211, 'lag_6': 0.6812001566924542, 'lag_7': 0.25789272050523515, 'lag_8': 0.12430459699034854, 'lag_9': 0.14245752613783336, 'lag_10': 0.4909511041188961, 'lag_11': 0.8772737424325556, 'lag_12': 0.3377257318299873, 'lag_13': 0.39737729784989223, 'lag_14': 0.5198827236125027, 'lag_15': 0.14884446292358752, 'lag_16': 0.7273594980690796, 'lag_17': 0.12429167779159472, 'lag_18': 0.4022380743474534, 'lag_19': 0.14790963791689365, 'lag_20': 0.541595261924631, 'lag_21': 0.4462394907527761, 'lag_22': 0.09254510739681376, 'lag_23': 0.19817241595887652, 'lag_24': 0.5673073551508785, 'lag_25': 0.3268416884650296, 'lag_26': 0.6695195875062818, 'lag_27': 0.892871376042032, 'lag_28': 0.42112709378032853}. Best is trial 14 with value: 0.004105909280388653.
[I 2025-09-29 12:53:05,835] Trial 66 finished with value: 0.004327025792526992 and parameters: {'lag_0': 0.45844902999653175, 'lag_1': 0.47829432340277234, 'lag_2': 0.2674200905415308, 'lag_3': 0.3178637793453322, 'lag_4': 0.04773589732572274, 'lag_5': 0.9260002329511324, 'lag_6': 0.5596992568438659, 'lag_7': 0.31888476436893703, 'lag_8': 0.059230716679113865, 'lag_9': 0.49282633331798775, 'lag_10': 0.0015850381885164286, 'lag_11': 0.5634251538376663, 'lag_12': 0.7520550338637807, 'lag_13': 0.45290791553287124, 'lag_14': 0.6945724875660386, 'lag_15': 0.2457696247959087, 'lag_16': 0.08096748071280974, 'lag_17': 0.07124089523753749, 'lag_18': 0.9399151330221049, 'lag_19': 0.3270910957922332, 'lag_20': 0.8805145554464988, 'lag_21': 0.4013908592534457, 'lag_22': 0.005846070360324224, 'lag_23': 0.16068373692714671, 'lag_24': 0.46152504206497547, 'lag_25': 0.030506094259386163, 'lag_26': 0.6144858300114071, 'lag_27': 0.9635553015231313, 'lag_28': 0.6802034681285797}. Best is trial 14 with value: 0.004105909280388653.
[I 2025-09-29 12:53:08,347] Trial 67 finished with value: 0.005006297829890958 and parameters: {'lag_0': 0.22633963141056118, 'lag_1': 0.6425440325810496, 'lag_2': 0.17411371275028498, 'lag_3': 0.08743506199759549, 'lag_4': 0.13801614514320182, 'lag_5': 0.8474760013698612, 'lag_6': 0.6150935048520826, 'lag_7': 0.3826754302653891, 'lag_8': 0.1894473909087531, 'lag_9': 0.05797630352161709, 'lag_10': 0.13838014001847193, 'lag_11': 0.6967206421843473, 'lag_12': 0.2937046132919283, 'lag_13': 0.3201529247275393, 'lag_14': 0.599832657323839, 'lag_15': 0.08508987725300818, 'lag_16': 0.47363298859563446, 'lag_17': 0.15019601624322643, 'lag_18': 0.8269943600921048, 'lag_19': 0.3913963904584485, 'lag_20': 0.5898417942143612, 'lag_21': 0.3540409284531587, 'lag_22': 0.20522262243888106, 'lag_23': 0.09051085266293465, 'lag_24': 0.5188987564130423, 'lag_25': 0.008733984379123823, 'lag_26': 0.4833536748599491, 'lag_27': 0.849707306663546, 'lag_28': 0.5416530499379457}. Best is trial 14 with value: 0.004105909280388653.
[I 2025-09-29 12:53:10,860] Trial 68 finished with value: 0.005395054872998462 and parameters: {'lag_0': 0.5417275257947172, 'lag_1': 0.4191166629505737, 'lag_2': 0.3471987577233563, 'lag_3': 0.4370144841538027, 'lag_4': 0.602068506187972, 'lag_5': 0.3587140565637795, 'lag_6': 0.5962220516937433, 'lag_7': 0.43692830023211754, 'lag_8': 0.8222675523540474, 'lag_9': 0.6069786716495701, 'lag_10': 0.6902832136743444, 'lag_11': 0.8144510306729176, 'lag_12': 0.6729200996435667, 'lag_13': 0.38890783887561065, 'lag_14': 0.3243611314902436, 'lag_15': 0.20394794434404773, 'lag_16': 0.1745304335282937, 'lag_17': 0.10988487827223765, 'lag_18': 0.6091870862137624, 'lag_19': 0.1663697998449849, 'lag_20': 0.6351933428895311, 'lag_21': 0.3896314645073258, 'lag_22': 0.3253401080457723, 'lag_23': 0.37773109536933436, 'lag_24': 0.3994648555579732, 'lag_25': 0.07194261901334252, 'lag_26': 0.7098947921927816, 'lag_27': 0.7690910155765344, 'lag_28': 0.6169968736867822}. Best is trial 14 with value: 0.004105909280388653.
[I 2025-09-29 12:53:13,504] Trial 69 finished with value: 0.004755450159869179 and parameters: {'lag_0': 0.6707537532398141, 'lag_1': 0.5350096162665636, 'lag_2': 0.7044849859235609, 'lag_3': 0.46603790855051336, 'lag_4': 0.8015635550831752, 'lag_5': 0.9553211080709165, 'lag_6': 0.6560890553000395, 'lag_7': 0.1964449473822268, 'lag_8': 0.11065453695015987, 'lag_9': 0.24152827449225542, 'lag_10': 0.7378099380573092, 'lag_11': 0.9284982077692472, 'lag_12': 0.17517504076848403, 'lag_13': 0.1018893278663735, 'lag_14': 0.4675656602241947, 'lag_15': 0.06444142820579013, 'lag_16': 0.6060447623318312, 'lag_17': 0.17473034774479593, 'lag_18': 0.8801078573963722, 'lag_19': 0.2920153962299615, 'lag_20': 0.7433976692668394, 'lag_21': 0.5136034455829737, 'lag_22': 0.5911247973974292, 'lag_23': 0.148497148360968, 'lag_24': 0.9558859214770569, 'lag_25': 0.21748395366540452, 'lag_26': 0.5109659167373969, 'lag_27': 0.8135483796315223, 'lag_28': 0.5738453975042397}. Best is trial 14 with value: 0.004105909280388653.
[I 2025-09-29 12:53:16,034] Trial 70 finished with value: 0.00429854715939441 and parameters: {'lag_0': 0.7406226433760548, 'lag_1': 0.5921748453090361, 'lag_2': 0.4708316167985694, 'lag_3': 0.3023694502315626, 'lag_4': 0.030404401294855242, 'lag_5': 0.880347413260178, 'lag_6': 0.6834830225528962, 'lag_7': 0.22793837229708852, 'lag_8': 0.03969624423124532, 'lag_9': 0.29855506140696964, 'lag_10': 0.40392606634867323, 'lag_11': 0.7589076936237397, 'lag_12': 0.8075972583084313, 'lag_13': 0.34429256016215337, 'lag_14': 0.39427032061673895, 'lag_15': 0.12712006534037346, 'lag_16': 0.14314955479198566, 'lag_17': 0.029198352064123197, 'lag_18': 0.7748533806054759, 'lag_19': 0.35350154638986775, 'lag_20': 0.3821627124874466, 'lag_21': 0.4225909124282798, 'lag_22': 0.1439432476472577, 'lag_23': 0.307753189489888, 'lag_24': 0.7150240471758008, 'lag_25': 0.2606158135010245, 'lag_26': 0.40286942292584327, 'lag_27': 0.9017031345758496, 'lag_28': 0.6695092971304707}. Best is trial 14 with value: 0.004105909280388653.
[I 2025-09-29 12:53:18,575] Trial 71 finished with value: 0.004359461092619987 and parameters: {'lag_0': 0.7476074721846633, 'lag_1': 0.6071988506009284, 'lag_2': 0.48470058752665657, 'lag_3': 0.22051217661311417, 'lag_4': 0.03147665731482631, 'lag_5': 0.8945036442461782, 'lag_6': 0.6788690758059999, 'lag_7': 0.2371281700735104, 'lag_8': 0.03458382540718739, 'lag_9': 0.2786598212653246, 'lag_10': 0.4203935688077183, 'lag_11': 0.7764225419204902, 'lag_12': 0.7935605224225809, 'lag_13': 0.34885757873061884, 'lag_14': 0.38225832760437906, 'lag_15': 0.160532813869727, 'lag_16': 0.1148827795192245, 'lag_17': 0.029760496820219397, 'lag_18': 0.6691696219695739, 'lag_19': 0.4632550020060858, 'lag_20': 0.274021313998823, 'lag_21': 0.4319724960036415, 'lag_22': 0.1494173985652462, 'lag_23': 0.1985822663205407, 'lag_24': 0.7231573664069326, 'lag_25': 0.25195105061291556, 'lag_26': 0.3973721165517108, 'lag_27': 0.8979619750323568, 'lag_28': 0.6405707629974103}. Best is trial 14 with value: 0.004105909280388653.
[I 2025-09-29 12:53:21,102] Trial 72 finished with value: 0.004741231981303838 and parameters: {'lag_0': 0.7270171837188127, 'lag_1': 0.5758578879863263, 'lag_2': 0.3329698850135897, 'lag_3': 0.288428187011202, 'lag_4': 0.06095230836715696, 'lag_5': 0.8652305664819959, 'lag_6': 0.6487127452219011, 'lag_7': 0.15303452102140047, 'lag_8': 0.06991274946166816, 'lag_9': 0.40740943614318426, 'lag_10': 0.3831933309790743, 'lag_11': 0.9021320986589626, 'lag_12': 0.8149102698785489, 'lag_13': 0.3077214387339466, 'lag_14': 0.5323710856213287, 'lag_15': 0.1275471716059822, 'lag_16': 0.1439391834986774, 'lag_17': 0.7930613831712043, 'lag_18': 0.7993346723158479, 'lag_19': 0.37445357009233454, 'lag_20': 0.35265067970162683, 'lag_21': 0.48247826290269213, 'lag_22': 0.11280923461565606, 'lag_23': 0.3158743003336393, 'lag_24': 0.8183653534058741, 'lag_25': 0.28332643121565365, 'lag_26': 0.3579073646875448, 'lag_27': 0.95336268449175, 'lag_28': 0.6759889636205608}. Best is trial 14 with value: 0.004105909280388653.
[I 2025-09-29 12:53:23,618] Trial 73 finished with value: 0.004434461879457193 and parameters: {'lag_0': 0.7836218432367128, 'lag_1': 0.45312517861998447, 'lag_2': 0.10608636897898827, 'lag_3': 0.13442909679940918, 'lag_4': 0.02336253262829969, 'lag_5': 0.8236298606495762, 'lag_6': 0.7245055070734684, 'lag_7': 0.2720647231449383, 'lag_8': 0.04473875993116811, 'lag_9': 0.3239141779806373, 'lag_10': 0.5060213470460088, 'lag_11': 0.9758515766532588, 'lag_12': 0.7065462360868804, 'lag_13': 0.25622182873393046, 'lag_14': 0.44784639348310784, 'lag_15': 0.2044921174880765, 'lag_16': 0.2027321747447396, 'lag_17': 0.9389640283629707, 'lag_18': 0.742519169944643, 'lag_19': 0.327164295669017, 'lag_20': 0.7749134093068448, 'lag_21': 0.41865792572308286, 'lag_22': 0.18970411354926536, 'lag_23': 0.1340248235865867, 'lag_24': 0.6968569776747201, 'lag_25': 0.3792777595241335, 'lag_26': 0.7200150393362934, 'lag_27': 0.9170620786829454, 'lag_28': 0.47060081959386335}. Best is trial 14 with value: 0.004105909280388653.
[I 2025-09-29 12:53:26,135] Trial 74 finished with value: 0.0044002136428088106 and parameters: {'lag_0': 0.8308832121332276, 'lag_1': 0.5277437412424233, 'lag_2': 0.7480263279246318, 'lag_3': 0.05155803505693302, 'lag_4': 0.0016439574740419946, 'lag_5': 0.9981490241220192, 'lag_6': 0.5517590201731061, 'lag_7': 0.3175157776125632, 'lag_8': 0.9649751914575649, 'lag_9': 0.17553378020914534, 'lag_10': 0.5963575120479714, 'lag_11': 0.5761918605008206, 'lag_12': 0.6060656740802361, 'lag_13': 0.4824936826744821, 'lag_14': 0.6432616181521259, 'lag_15': 0.04473336409557719, 'lag_16': 0.2075069083232985, 'lag_17': 0.8475260920235521, 'lag_18': 0.7820632223751122, 'lag_19': 0.22306991748304425, 'lag_20': 0.4761068052020896, 'lag_21': 0.30081629149059985, 'lag_22': 0.06457897277282335, 'lag_23': 0.24286302034557228, 'lag_24': 0.5607812539427225, 'lag_25': 0.3272962112349835, 'lag_26': 0.42810273844014546, 'lag_27': 0.8629897054452061, 'lag_28': 0.7816363066638901}. Best is trial 14 with value: 0.004105909280388653.
[I 2025-09-29 12:53:28,644] Trial 75 finished with value: 0.004844485983067371 and parameters: {'lag_0': 0.6528613850218961, 'lag_1': 0.5612154017636265, 'lag_2': 0.6923130326000124, 'lag_3': 0.35031094150742126, 'lag_4': 0.12397411643732051, 'lag_5': 0.5695309460936783, 'lag_6': 0.5958766699579028, 'lag_7': 0.2197994255056363, 'lag_8': 0.14897818630636694, 'lag_9': 0.5062733963995767, 'lag_10': 0.35824442125798667, 'lag_11': 0.672276051058898, 'lag_12': 0.7412403154270379, 'lag_13': 0.40649493076098214, 'lag_14': 0.5647817220350471, 'lag_15': 0.08547591632189422, 'lag_16': 0.5511741516982941, 'lag_17': 0.09013013408295713, 'lag_18': 0.35408527074100404, 'lag_19': 0.2989371174658401, 'lag_20': 0.7229867136770656, 'lag_21': 0.3691556762343716, 'lag_22': 0.0828255227593089, 'lag_23': 0.639264624795543, 'lag_24': 0.7641575768943004, 'lag_25': 0.1231734440566516, 'lag_26': 0.632728892208372, 'lag_27': 0.9728848393318701, 'lag_28': 0.603936187689348}. Best is trial 14 with value: 0.004105909280388653.
[I 2025-09-29 12:53:31,160] Trial 76 finished with value: 0.004543065361898608 and parameters: {'lag_0': 0.6044312162727765, 'lag_1': 0.6062097240444078, 'lag_2': 0.6416828027092232, 'lag_3': 0.3855837982582475, 'lag_4': 0.07597899101845697, 'lag_5': 0.7947856449895944, 'lag_6': 0.7725988658412428, 'lag_7': 0.3971886265360619, 'lag_8': 0.8702282391269739, 'lag_9': 0.5574918227853054, 'lag_10': 0.05229443320488124, 'lag_11': 0.7665430476805108, 'lag_12': 0.4729051267173964, 'lag_13': 0.2077353416583313, 'lag_14': 0.2969795046926207, 'lag_15': 0.1150006677104593, 'lag_16': 0.09385724733289838, 'lag_17': 0.0442130635833401, 'lag_18': 0.26255109738022864, 'lag_19': 0.42114268521244314, 'lag_20': 0.4064447388094942, 'lag_21': 0.3339517370857563, 'lag_22': 0.4259953881981702, 'lag_23': 0.10564639962640843, 'lag_24': 0.6208493008444423, 'lag_25': 0.1822232112596736, 'lag_26': 0.7599193420641814, 'lag_27': 0.8382747154776151, 'lag_28': 0.7129011885488648}. Best is trial 14 with value: 0.004105909280388653.
[I 2025-09-29 12:53:33,676] Trial 77 finished with value: 0.004613697781649636 and parameters: {'lag_0': 0.7633101936622797, 'lag_1': 0.47223144204051715, 'lag_2': 0.41772731796657964, 'lag_3': 0.5286706161387215, 'lag_4': 0.8783841955759488, 'lag_5': 0.7428659209467978, 'lag_6': 0.6964422625278419, 'lag_7': 0.4859234234368007, 'lag_8': 0.08156581086711333, 'lag_9': 0.28659124246007334, 'lag_10': 0.08220588039695967, 'lag_11': 0.6187752844394422, 'lag_12': 0.6796391051557128, 'lag_13': 0.14908803481713173, 'lag_14': 0.22149430523596236, 'lag_15': 0.042203017127133195, 'lag_16': 0.02789948998546163, 'lag_17': 0.19674128578010397, 'lag_18': 0.9579027765526056, 'lag_19': 0.34816604791872335, 'lag_20': 0.22161149210729725, 'lag_21': 0.5251441345267724, 'lag_22': 0.5081654123040142, 'lag_23': 0.28239944574298237, 'lag_24': 0.665347307076701, 'lag_25': 0.35788369902541123, 'lag_26': 0.6762278361378601, 'lag_27': 0.7581425748551077, 'lag_28': 0.5682315426559215}. Best is trial 14 with value: 0.004105909280388653.
[I 2025-09-29 12:53:36,188] Trial 78 finished with value: 0.004707375987372262 and parameters: {'lag_0': 0.7040338455796411, 'lag_1': 0.648594668416322, 'lag_2': 0.2023984978372661, 'lag_3': 0.6301095071157623, 'lag_4': 0.05038237836907603, 'lag_5': 0.891012180954941, 'lag_6': 0.48433575136772555, 'lag_7': 0.3605255250026285, 'lag_8': 0.24004830411417993, 'lag_9': 0.19397894873378058, 'lag_10': 0.30097744944291893, 'lag_11': 0.5029544950646395, 'lag_12': 0.8580305556769701, 'lag_13': 0.36373403288602646, 'lag_14': 0.37643602075106575, 'lag_15': 0.29389483013364204, 'lag_16': 0.4375106407181248, 'lag_17': 0.6860858275459985, 'lag_18': 0.45555409602352614, 'lag_19': 0.1429598288376994, 'lag_20': 0.16606916389261928, 'lag_21': 0.4597513802367935, 'lag_22': 0.3929102765489195, 'lag_23': 0.5475823506351536, 'lag_24': 0.8691386271148465, 'lag_25': 0.24122857110821047, 'lag_26': 0.4826466000549635, 'lag_27': 0.9939968273541339, 'lag_28': 0.6393461948592108}. Best is trial 14 with value: 0.004105909280388653.
[I 2025-09-29 12:53:38,702] Trial 79 finished with value: 0.004676621871975114 and parameters: {'lag_0': 0.13996353006484685, 'lag_1': 0.5213158721015182, 'lag_2': 0.5239512325788422, 'lag_3': 0.7608035535430178, 'lag_4': 0.1685330932410451, 'lag_5': 0.4110004767614581, 'lag_6': 0.8247956884346663, 'lag_7': 0.3035095085141427, 'lag_8': 0.46940903854353555, 'lag_9': 0.1013396987349543, 'lag_10': 0.47290284897031193, 'lag_11': 0.8556522107741062, 'lag_12': 0.9534906007366797, 'lag_13': 0.27781799536360907, 'lag_14': 0.4558678427277054, 'lag_15': 0.13305667469155005, 'lag_16': 0.3924128195153079, 'lag_17': 0.025552336964936785, 'lag_18': 0.7014863023845227, 'lag_19': 0.1956946070225724, 'lag_20': 0.8572984171260883, 'lag_21': 0.8995838091675483, 'lag_22': 0.253627024842218, 'lag_23': 0.21691910469605014, 'lag_24': 0.9052886565330847, 'lag_25': 0.3940590404374009, 'lag_26': 0.7786639707433675, 'lag_27': 0.6722528241634849, 'lag_28': 0.46997611388217114}. Best is trial 14 with value: 0.004105909280388653.
[I 2025-09-29 12:53:41,214] Trial 80 finished with value: 0.004566212325120266 and parameters: {'lag_0': 0.30501327313432336, 'lag_1': 0.6077747274572711, 'lag_2': 0.7760198740067353, 'lag_3': 0.6530533191479553, 'lag_4': 0.6672367296041096, 'lag_5': 0.2877005123166534, 'lag_6': 0.39981122929636004, 'lag_7': 0.32453170937137643, 'lag_8': 0.019006755752924053, 'lag_9': 0.8639368103107163, 'lag_10': 0.6199948420880022, 'lag_11': 0.19335323988569683, 'lag_12': 0.25299108191057507, 'lag_13': 0.5391347656611595, 'lag_14': 0.5318296620456004, 'lag_15': 0.09369802920032466, 'lag_16': 0.6948739418400112, 'lag_17': 0.06458670559057916, 'lag_18': 0.5771718073550037, 'lag_19': 0.4419190855054923, 'lag_20': 0.5231203360266952, 'lag_21': 0.26677364325233166, 'lag_22': 0.13345759821591827, 'lag_23': 0.18172368806883635, 'lag_24': 0.07554597167800037, 'lag_25': 0.04514959486010209, 'lag_26': 0.5263949008201319, 'lag_27': 0.9136737312287091, 'lag_28': 0.35574289605584486}. Best is trial 14 with value: 0.004105909280388653.
[I 2025-09-29 12:53:43,727] Trial 81 finished with value: 0.004706250570938647 and parameters: {'lag_0': 0.4696551204806667, 'lag_1': 0.4900443687823741, 'lag_2': 0.25537751512920365, 'lag_3': 0.3223923210529117, 'lag_4': 0.04591801816742654, 'lag_5': 0.9239384253234153, 'lag_6': 0.5592211297202624, 'lag_7': 0.33010216206544474, 'lag_8': 0.05579299650597407, 'lag_9': 0.48530051860862494, 'lag_10': 0.008422000530562312, 'lag_11': 0.5773684250313851, 'lag_12': 0.7593255697260766, 'lag_13': 0.4357637711385596, 'lag_14': 0.6927627370673453, 'lag_15': 0.2625137692358658, 'lag_16': 0.04965458122978411, 'lag_17': 0.06404983123220108, 'lag_18': 0.9338292744481471, 'lag_19': 0.32509312355292685, 'lag_20': 0.8769266955308039, 'lag_21': 0.4135334781130214, 'lag_22': 0.01985125760886739, 'lag_23': 0.15296501313402375, 'lag_24': 0.587207069193184, 'lag_25': 0.0479036988763309, 'lag_26': 0.6431344202185058, 'lag_27': 0.9484504353746137, 'lag_28': 0.6890722720776115}. Best is trial 14 with value: 0.004105909280388653.
[I 2025-09-29 12:53:46,232] Trial 82 finished with value: 0.004388874294979069 and parameters: {'lag_0': 0.689478868222142, 'lag_1': 0.47348024688173374, 'lag_2': 0.0494837024366232, 'lag_3': 0.3020131451062181, 'lag_4': 0.08936331982015683, 'lag_5': 0.9315898783909125, 'lag_6': 0.5050992882145274, 'lag_7': 0.2728111119206911, 'lag_8': 0.10206640597845057, 'lag_9': 0.4188348912544166, 'lag_10': 0.1551801046964495, 'lag_11': 0.550618000085784, 'lag_12': 0.8048739935213945, 'lag_13': 0.4589897643618436, 'lag_14': 0.5938807677855482, 'lag_15': 0.9805619470800445, 'lag_16': 0.05316720756460776, 'lag_17': 0.08978434782554379, 'lag_18': 0.9364164312459761, 'lag_19': 0.25388803133470134, 'lag_20': 0.39357614669483254, 'lag_21': 0.3821014802930907, 'lag_22': 0.019465451061655897, 'lag_23': 0.1703555854083422, 'lag_24': 0.4727576078244197, 'lag_25': 0.0037211206878225954, 'lag_26': 0.6173769021061732, 'lag_27': 0.9713964439916467, 'lag_28': 0.8219806534337393}. Best is trial 14 with value: 0.004105909280388653.
