[I 2025-09-29 13:24:53,190] Trial 66 finished with value: 0.003290243848299127 and parameters: {'lag_0': 0.35154974619706547, 'lag_1': 0.34786293412305413, 'lag_2': 0.812913239480702, 'lag_3': 0.6791274681893954, 'lag_4': 0.6133048319000036, 'lag_5': 0.7816642751354486, 'lag_6': 0.3047106367115669, 'lag_7': 0.9249983132812835, 'lag_8': 0.2531937821069484, 'lag_9': 0.7025365980581565, 'lag_10': 0.2628014474478127, 'lag_11': 0.36926120057906275, 'lag_12': 0.8058073977832536, 'lag_13': 0.9852720625503438, 'lag_14': 0.0035638891590807353, 'lag_15': 0.26474723539816003, 'lag_16': 0.8670256346965045, 'lag_17': 0.8960770017449553, 'lag_18': 0.6228902349987806, 'lag_19': 0.5066527333620182, 'lag_20': 0.10878586306172916, 'lag_21': 0.08355962793074544, 'lag_22': 0.804806697249516, 'lag_23': 0.9593192541570034, 'lag_24': 0.17515844364016578, 'lag_25': 0.6299699584128157, 'lag_26': 0.04267346331179806, 'lag_27': 0.829356413125707, 'lag_28': 0.857010194272627}. Best is trial 39 with value: 0.002637572195755936.
[I 2025-09-29 13:24:55,833] Trial 67 finished with value: 0.0030047856909860026 and parameters: {'lag_0': 0.599486503980947, 'lag_1': 0.11322208782913246, 'lag_2': 0.9093315185301324, 'lag_3': 0.7486298603153748, 'lag_4': 0.4898301217152034, 'lag_5': 0.9943063319379865, 'lag_6': 0.5248990489541725, 'lag_7': 0.8588709558960538, 'lag_8': 0.2388387407205776, 'lag_9': 0.5735233470088309, 'lag_10': 0.09034922949383381, 'lag_11': 0.5849630464011342, 'lag_12': 0.8878672888791492, 'lag_13': 0.4166227219168407, 'lag_14': 0.12048652150163933, 'lag_15': 0.081815055894702, 'lag_16': 0.975016688713928, 'lag_17': 0.9604587687856454, 'lag_18': 0.8524557598207384, 'lag_19': 0.7359878205462754, 'lag_20': 0.16103978200644276, 'lag_21': 0.020945299011464413, 'lag_22': 0.8641808886025419, 'lag_23': 0.9972029446201786, 'lag_24': 0.284225105887327, 'lag_25': 0.5224881061743999, 'lag_26': 0.1069547600711778, 'lag_27': 0.9265409796427758, 'lag_28': 0.6346935260264098}. Best is trial 39 with value: 0.002637572195755936.
[I 2025-09-29 13:24:58,328] Trial 68 finished with value: 0.0031347006873923776 and parameters: {'lag_0': 0.6079723551309337, 'lag_1': 0.29565811354198024, 'lag_2': 0.8966597117453234, 'lag_3': 0.7773149084411403, 'lag_4': 0.5895649911106727, 'lag_5': 0.7203148654990348, 'lag_6': 0.482320329658704, 'lag_7': 0.7817371566941832, 'lag_8': 0.18592518550983, 'lag_9': 0.4799201757906115, 'lag_10': 0.015667105440445334, 'lag_11': 0.49837957585613046, 'lag_12': 0.8440968272634772, 'lag_13': 0.36325421708736655, 'lag_14': 0.053888993753010705, 'lag_15': 0.20360410764114217, 'lag_16': 0.8218724746154142, 'lag_17': 0.7167338516213482, 'lag_18': 0.7813655896578835, 'lag_19': 0.5996292397794921, 'lag_20': 0.08899395395448206, 'lag_21': 0.055207096937573204, 'lag_22': 0.9112906753265732, 'lag_23': 0.709198748248466, 'lag_24': 0.23600300588024153, 'lag_25': 0.6039251770759346, 'lag_26': 0.13760826962859507, 'lag_27': 0.7967055131292132, 'lag_28': 0.6003601532396751}. Best is trial 39 with value: 0.002637572195755936.
[I 2025-09-29 13:25:00,819] Trial 69 finished with value: 0.0029787399355089617 and parameters: {'lag_0': 0.543682426192143, 'lag_1': 0.3157953910420016, 'lag_2': 0.8353758635262408, 'lag_3': 0.7054398244254089, 'lag_4': 0.5300249975535481, 'lag_5': 0.9675931187285295, 'lag_6': 0.39787632969096787, 'lag_7': 0.9610581628078905, 'lag_8': 0.9829753448695712, 'lag_9': 0.7909046288731006, 'lag_10': 0.3411770734259525, 'lag_11': 0.3097298653665437, 'lag_12': 0.73754983877427, 'lag_13': 0.4759015562060099, 'lag_14': 0.2222037878158315, 'lag_15': 0.29685572663272597, 'lag_16': 0.1680755605991795, 'lag_17': 0.9539837967191239, 'lag_18': 0.9619634092151668, 'lag_19': 0.8676954262234594, 'lag_20': 0.13933470666476017, 'lag_21': 0.18689040669860918, 'lag_22': 0.9550479457879116, 'lag_23': 0.8868273653978729, 'lag_24': 0.35263583544203103, 'lag_25': 0.6673927179799617, 'lag_26': 0.06912140834807867, 'lag_27': 0.9924376338916852, 'lag_28': 0.5701206669335283}. Best is trial 39 with value: 0.002637572195755936.
[I 2025-09-29 13:25:03,311] Trial 70 finished with value: 0.0029821279261614216 and parameters: {'lag_0': 0.18817596969151562, 'lag_1': 0.20686290780833877, 'lag_2': 0.76100668093547, 'lag_3': 0.6182077756742541, 'lag_4': 0.7739722731749465, 'lag_5': 0.8323046831131911, 'lag_6': 0.21812665500122191, 'lag_7': 0.6681462107189604, 'lag_8': 0.09968808337789782, 'lag_9': 0.9194711637763326, 'lag_10': 0.2773523909977085, 'lag_11': 0.4185666238565314, 'lag_12': 0.697650500903971, 'lag_13': 0.2385130810579344, 'lag_14': 0.08573680249047456, 'lag_15': 0.6367674266778487, 'lag_16': 0.2692991771498977, 'lag_17': 0.7719906074629801, 'lag_18': 0.6739264843386438, 'lag_19': 0.5370279587904194, 'lag_20': 0.036225940123089224, 'lag_21': 0.38824980715948354, 'lag_22': 0.8435080873190466, 'lag_23': 0.46650546612961763, 'lag_24': 0.5650180651436028, 'lag_25': 0.7286765950558891, 'lag_26': 0.00011774771104738208, 'lag_27': 0.8414187827894805, 'lag_28': 0.7428619434032762}. Best is trial 39 with value: 0.002637572195755936.
[I 2025-09-29 13:25:05,803] Trial 71 finished with value: 0.002872922513957317 and parameters: {'lag_0': 0.4891638546073953, 'lag_1': 0.26438452159076986, 'lag_2': 0.7977906540592308, 'lag_3': 0.8483490573002892, 'lag_4': 0.46115897708197606, 'lag_5': 0.9533562231031909, 'lag_6': 0.3582371823985866, 'lag_7': 0.8085421114418712, 'lag_8': 0.0076902959591116996, 'lag_9': 0.8828216157841849, 'lag_10': 0.2091316161650486, 'lag_11': 0.45949987829396954, 'lag_12': 0.9316003842483296, 'lag_13': 0.622461296241513, 'lag_14': 0.04438020457527197, 'lag_15': 0.1629352328329842, 'lag_16': 0.7329712273466269, 'lag_17': 0.829992569340645, 'lag_18': 0.7264675174205646, 'lag_19': 0.7567659256091168, 'lag_20': 0.045559450468907914, 'lag_21': 0.14336982287531286, 'lag_22': 0.9840600424895559, 'lag_23': 0.8570945100600953, 'lag_24': 0.3927751558441879, 'lag_25': 0.7006923069013244, 'lag_26': 0.06914163382180552, 'lag_27': 0.8618208644598911, 'lag_28': 0.7739112977037939}. Best is trial 39 with value: 0.002637572195755936.
[I 2025-09-29 13:25:08,290] Trial 72 finished with value: 0.0030824306750278987 and parameters: {'lag_0': 0.6272320850973906, 'lag_1': 0.05398131570072329, 'lag_2': 0.9364337268563357, 'lag_3': 0.8181847768436541, 'lag_4': 0.6612928003159718, 'lag_5': 0.83439979687042, 'lag_6': 0.4259268166772086, 'lag_7': 0.7272119375571144, 'lag_8': 0.059822470197122085, 'lag_9': 0.8685120665256758, 'lag_10': 0.176288913154952, 'lag_11': 0.5371137623544908, 'lag_12': 0.988403561728223, 'lag_13': 0.5483201920592935, 'lag_14': 0.0218537173405223, 'lag_15': 0.24627477215769172, 'lag_16': 0.8200840064040829, 'lag_17': 0.8690026796977411, 'lag_18': 0.697670477917225, 'lag_19': 0.4543194933455732, 'lag_20': 0.24396626875889227, 'lag_21': 0.07530942032919685, 'lag_22': 0.9208973049860011, 'lag_23': 0.8031935528423237, 'lag_24': 0.3320612635195221, 'lag_25': 0.676395961478854, 'lag_26': 0.033642091406946226, 'lag_27': 0.8882954966393583, 'lag_28': 0.5628806302667071}. Best is trial 39 with value: 0.002637572195755936.
[I 2025-09-29 13:25:10,784] Trial 73 finished with value: 0.0039006568321031123 and parameters: {'lag_0': 0.4464350822327003, 'lag_1': 0.1624034902286399, 'lag_2': 0.713259677916543, 'lag_3': 0.7585201179470933, 'lag_4': 0.5550836729992187, 'lag_5': 0.892120024791899, 'lag_6': 0.12695346383335993, 'lag_7': 0.7000277806371955, 'lag_8': 0.15699257134740952, 'lag_9': 0.8364142264039544, 'lag_10': 0.40610931693172675, 'lag_11': 0.46449736188023044, 'lag_12': 0.8456053654891984, 'lag_13': 0.4397188609440852, 'lag_14': 0.13018522043930986, 'lag_15': 0.1712217312847119, 'lag_16': 0.7657680762532229, 'lag_17': 0.904717889295072, 'lag_18': 0.596843232546041, 'lag_19': 0.7681546551433902, 'lag_20': 0.08562061345440689, 'lag_21': 0.11394123352705293, 'lag_22': 0.9718821575473118, 'lag_23': 0.8697240021521453, 'lag_24': 0.38211380561909103, 'lag_25': 0.7622930720342049, 'lag_26': 0.11934079181022135, 'lag_27': 0.7100063454967054, 'lag_28': 0.6845267332563959}. Best is trial 39 with value: 0.002637572195755936.
[I 2025-09-29 13:25:13,276] Trial 74 finished with value: 0.002893291344912334 and parameters: {'lag_0': 0.5334977774502664, 'lag_1': 0.23557752427351814, 'lag_2': 0.9678728015116543, 'lag_3': 0.9648244889874547, 'lag_4': 0.6049761569153336, 'lag_5': 0.8010799110136877, 'lag_6': 0.24989590294968064, 'lag_7': 0.9130574386347243, 'lag_8': 0.4150506222532002, 'lag_9': 0.9702094891561281, 'lag_10': 0.3198956790635967, 'lag_11': 0.3907561952884181, 'lag_12': 0.9085594425092626, 'lag_13': 0.5187384209617316, 'lag_14': 0.03011091281589672, 'lag_15': 0.034973805439959926, 'lag_16': 0.8686618478850804, 'lag_17': 0.8645357140222348, 'lag_18': 0.6564311720143797, 'lag_19': 0.9486019680843966, 'lag_20': 0.02946239776498466, 'lag_21': 0.2767804769044745, 'lag_22': 0.8764925702379278, 'lag_23': 0.9368475064958539, 'lag_24': 0.2541522520828934, 'lag_25': 0.8050879703767017, 'lag_26': 0.16478337435671636, 'lag_27': 0.9425128910833522, 'lag_28': 0.4610869070881559}. Best is trial 39 with value: 0.002637572195755936.
[I 2025-09-29 13:25:15,766] Trial 75 finished with value: 0.0028047475837712894 and parameters: {'lag_0': 0.423392046148524, 'lag_1': 0.37582710332579383, 'lag_2': 0.9959151228266457, 'lag_3': 0.9073588563941948, 'lag_4': 0.7136501165226368, 'lag_5': 0.9408544179471048, 'lag_6': 0.3629988379876072, 'lag_7': 0.6216894349243379, 'lag_8': 0.05637546301926011, 'lag_9': 0.7498186250260985, 'lag_10': 0.22493020324543392, 'lag_11': 0.6413580626467483, 'lag_12': 0.9729973176728598, 'lag_13': 0.30581311811107414, 'lag_14': 0.18738495856742324, 'lag_15': 0.24927695727571592, 'lag_16': 0.6875789132934891, 'lag_17': 0.9991202672894791, 'lag_18': 0.5665789905973964, 'lag_19': 0.8175883060954079, 'lag_20': 0.006367980713892538, 'lag_21': 0.16039787515732234, 'lag_22': 0.7410073335383727, 'lag_23': 0.773289907687321, 'lag_24': 0.9474193609863262, 'lag_25': 0.5586088592711704, 'lag_26': 0.08025065916030519, 'lag_27': 0.8071323520441739, 'lag_28': 0.9164052112735551}. Best is trial 39 with value: 0.002637572195755936.
[I 2025-09-29 13:25:18,257] Trial 76 finished with value: 0.0028922817376226787 and parameters: {'lag_0': 0.5578002265101574, 'lag_1': 0.09064099719963103, 'lag_2': 0.9162205402426598, 'lag_3': 0.3230729876069599, 'lag_4': 0.4103655328523007, 'lag_5': 0.9160016720867603, 'lag_6': 0.30723948134835777, 'lag_7': 0.8583723437621079, 'lag_8': 0.030061971867766244, 'lag_9': 0.8892033674979125, 'lag_10': 0.12761772643385527, 'lag_11': 0.33223311209757045, 'lag_12': 0.6601875848542196, 'lag_13': 0.6702108327155252, 'lag_14': 0.10674107127994596, 'lag_15': 0.14871757720912865, 'lag_16': 0.9461032896508935, 'lag_17': 0.9385437134247927, 'lag_18': 0.6906249699479575, 'lag_19': 0.9162075518434245, 'lag_20': 0.18407305503189964, 'lag_21': 0.19383001172204783, 'lag_22': 0.7911568010531682, 'lag_23': 0.5360856302491227, 'lag_24': 0.17979006905391098, 'lag_25': 0.6330388604178511, 'lag_26': 0.19492822134356946, 'lag_27': 0.48524119149296124, 'lag_28': 0.731491554874605}. Best is trial 39 with value: 0.002637572195755936.
[I 2025-09-29 13:25:20,748] Trial 77 finished with value: 0.0032163277084522094 and parameters: {'lag_0': 0.2962081242699245, 'lag_1': 0.26866172444421205, 'lag_2': 0.8800924224244928, 'lag_3': 0.794769422529401, 'lag_4': 0.5122988526258658, 'lag_5': 0.5865415010277714, 'lag_6': 0.4916911451231939, 'lag_7': 0.7514442929262168, 'lag_8': 0.9578486448544414, 'lag_9': 0.5092828609689808, 'lag_10': 0.4553292009183759, 'lag_11': 0.5666347718667215, 'lag_12': 0.36886272151904187, 'lag_13': 0.3388423269664154, 'lag_14': 0.004996614971966268, 'lag_15': 0.10528464994321038, 'lag_16': 0.002417010575260045, 'lag_17': 0.8081528768352063, 'lag_18': 0.7632008499148392, 'lag_19': 0.4058454676458344, 'lag_20': 0.11314891699716997, 'lag_21': 0.35630149142200807, 'lag_22': 0.9670366820577918, 'lag_23': 0.9081307260523749, 'lag_24': 0.4694855575574448, 'lag_25': 0.48390427664198654, 'lag_26': 0.03543101656602922, 'lag_27': 0.8929091138633048, 'lag_28': 0.8548595477631821}. Best is trial 39 with value: 0.002637572195755936.
[I 2025-09-29 13:25:23,237] Trial 78 finished with value: 0.0030201621299976978 and parameters: {'lag_0': 0.46361524745404054, 'lag_1': 0.31978967627466404, 'lag_2': 0.8388330566322154, 'lag_3': 0.842580419807659, 'lag_4': 0.921485116129046, 'lag_5': 0.874490323607828, 'lag_6': 0.6279716152734438, 'lag_7': 0.7086923724001596, 'lag_8': 0.11107945907449357, 'lag_9': 0.4209120671157684, 'lag_10': 0.29994853851843833, 'lag_11': 0.5084499983929418, 'lag_12': 0.9367183260990283, 'lag_13': 0.49538847005883097, 'lag_14': 0.14202102924772955, 'lag_15': 0.3086352499335212, 'lag_16': 0.34376013565619734, 'lag_17': 0.412548996926576, 'lag_18': 0.44234146995034906, 'lag_19': 0.3436958897102921, 'lag_20': 0.05591061959394941, 'lag_21': 0.13350274963560793, 'lag_22': 0.829412511275716, 'lag_23': 0.4985539300561239, 'lag_24': 0.298890167605757, 'lag_25': 0.7215396137292776, 'lag_26': 0.11536337258714816, 'lag_27': 0.4293487274799588, 'lag_28': 0.677290636185591}. Best is trial 39 with value: 0.002637572195755936.
[I 2025-09-29 13:25:25,736] Trial 79 finished with value: 0.003068308041835228 and parameters: {'lag_0': 0.4971801348552839, 'lag_1': 0.19499616349968693, 'lag_2': 0.9429407850854693, 'lag_3': 0.7061038128587044, 'lag_4': 0.49308846175830484, 'lag_5': 0.7203446275100482, 'lag_6': 0.43748874595758813, 'lag_7': 0.8000430904069603, 'lag_8': 0.1353011384825428, 'lag_9': 0.6596175234863161, 'lag_10': 0.24445987292996352, 'lag_11': 0.2788013779774831, 'lag_12': 0.8837016147356569, 'lag_13': 0.4103084127782012, 'lag_14': 0.07902623165328651, 'lag_15': 0.014770256780518187, 'lag_16': 0.417074510236739, 'lag_17': 0.6890052788212105, 'lag_18': 0.6432646998331091, 'lag_19': 0.6474851471650686, 'lag_20': 0.6219003476101314, 'lag_21': 0.09357940424521678, 'lag_22': 0.9222934192376436, 'lag_23': 0.8292098077357604, 'lag_24': 0.205698822220418, 'lag_25': 0.5740085007777797, 'lag_26': 0.14833740651540672, 'lag_27': 0.7749005886250478, 'lag_28': 0.812297986919064}. Best is trial 39 with value: 0.002637572195755936.
[I 2025-09-29 13:25:28,233] Trial 80 finished with value: 0.0029254861183244133 and parameters: {'lag_0': 0.7374017810406701, 'lag_1': 0.4415933602081641, 'lag_2': 0.9678276334478443, 'lag_3': 0.6492431750052593, 'lag_4': 0.5737617232144004, 'lag_5': 0.6425770968779128, 'lag_6': 0.32691370611252824, 'lag_7': 0.6554222739440377, 'lag_8': 0.21380533848389455, 'lag_9': 0.03750608724561977, 'lag_10': 0.042181973375379156, 'lag_11': 0.4246155628770393, 'lag_12': 0.8077965019327547, 'lag_13': 0.6137595552700195, 'lag_14': 0.06133230076859559, 'lag_15': 0.6890435308884577, 'lag_16': 0.9143060230801119, 'lag_17': 0.558036621598714, 'lag_18': 0.8208436476029392, 'lag_19': 0.8649191121373552, 'lag_20': 0.22870294829756158, 'lag_21': 0.04226473802201296, 'lag_22': 0.6560662277988047, 'lag_23': 0.6947093235848745, 'lag_24': 0.3398373751950634, 'lag_25': 0.6892330210690872, 'lag_26': 0.0638215638349365, 'lag_27': 0.36079109537314413, 'lag_28': 0.22861856086790278}. Best is trial 39 with value: 0.002637572195755936.
[I 2025-09-29 13:25:30,726] Trial 81 finished with value: 0.002614161177842629 and parameters: {'lag_0': 0.39683059103329016, 'lag_1': 0.42868787773982064, 'lag_2': 0.996279105256028, 'lag_3': 0.9154481647330286, 'lag_4': 0.5297897737733531, 'lag_5': 0.519951153082729, 'lag_6': 0.3804651977511317, 'lag_7': 0.23982726566011786, 'lag_8': 0.9154517871775408, 'lag_9': 0.4783998656844656, 'lag_10': 0.39337054986381875, 'lag_11': 0.003292884348657245, 'lag_12': 0.8735779957500182, 'lag_13': 0.5797784588379851, 'lag_14': 0.09793063064363743, 'lag_15': 0.45853680806227937, 'lag_16': 0.5417031298364946, 'lag_17': 0.8529844061033506, 'lag_18': 0.4008393669480421, 'lag_19': 0.6904861462953589, 'lag_20': 0.2968007572331381, 'lag_21': 0.5418508829423085, 'lag_22': 0.7134268264990445, 'lag_23': 0.654729960877843, 'lag_24': 0.4480538121403573, 'lag_25': 0.44895788489140187, 'lag_26': 0.21708584986884968, 'lag_27': 0.5401596738467366, 'lag_28': 0.9206615214869515}. Best is trial 81 with value: 0.002614161177842629.
[I 2025-09-29 13:25:33,220] Trial 82 finished with value: 0.0033692731197466517 and parameters: {'lag_0': 0.3612760835385405, 'lag_1': 0.3723925115985043, 'lag_2': 0.9976561404554083, 'lag_3': 0.9155577824405936, 'lag_4': 0.6104003624071863, 'lag_5': 0.5628606691549382, 'lag_6': 0.3778180772345496, 'lag_7': 0.23037439455131928, 'lag_8': 0.8867823242760765, 'lag_9': 0.4772995721963699, 'lag_10': 0.39630296862698033, 'lag_11': 0.002728704361700908, 'lag_12': 0.8622314618896868, 'lag_13': 0.5724916253738944, 'lag_14': 0.10224606470655165, 'lag_15': 0.3880235552029368, 'lag_16': 0.5979106082991051, 'lag_17': 0.8886118136635688, 'lag_18': 0.457780640002106, 'lag_19': 0.7354992207438498, 'lag_20': 0.12760273430154492, 'lag_21': 0.9163172186962405, 'lag_22': 0.7319611578473516, 'lag_23': 0.5747363032801838, 'lag_24': 0.5150859037308594, 'lag_25': 0.009226663263180557, 'lag_26': 0.029250960124332558, 'lag_27': 0.5256843143450012, 'lag_28': 0.35654620136041915}. Best is trial 81 with value: 0.002614161177842629.
[I 2025-09-29 13:25:35,713] Trial 83 finished with value: 0.003158134346862224 and parameters: {'lag_0': 0.31353087877006003, 'lag_1': 0.40734873745813416, 'lag_2': 0.920426830884775, 'lag_3': 0.8634229104665573, 'lag_4': 0.5363144316348483, 'lag_5': 0.5051515781135686, 'lag_6': 0.5194887945999173, 'lag_7': 0.2964908581307568, 'lag_8': 0.07952857837665553, 'lag_9': 0.5272873452503626, 'lag_10': 0.34796031397976973, 'lag_11': 0.048523065572818214, 'lag_12': 0.9698213287121049, 'lag_13': 0.6422398746727002, 'lag_14': 0.04782459608068882, 'lag_15': 0.4584112916411548, 'lag_16': 0.461621045017511, 'lag_17': 0.8393108769472484, 'lag_18': 0.32642927405905786, 'lag_19': 0.5965983430420871, 'lag_20': 0.06758284401778823, 'lag_21': 0.5769820024571067, 'lag_22': 0.6109173397162688, 'lag_23': 0.6424796400101931, 'lag_24': 0.4227088401695591, 'lag_25': 0.4256891144826762, 'lag_26': 0.21516259386736997, 'lag_27': 0.961077518098192, 'lag_28': 0.9150323388296512}. Best is trial 81 with value: 0.002614161177842629.
[I 2025-09-29 13:25:38,377] Trial 84 finished with value: 0.0035204903632539523 and parameters: {'lag_0': 0.43436881756451967, 'lag_1': 0.21528749361682487, 'lag_2': 0.05417604039868257, 'lag_3': 0.9713437341662775, 'lag_4': 0.6382619894484215, 'lag_5': 0.5280808677039598, 'lag_6': 0.2711314719409719, 'lag_7': 0.4766124128888181, 'lag_8': 0.9248130342598877, 'lag_9': 0.3717099976408721, 'lag_10': 0.5379368129474218, 'lag_11': 0.08984490727304834, 'lag_12': 0.9078071006576267, 'lag_13': 0.72238892427696, 'lag_14': 0.028805774246165525, 'lag_15': 0.7658006365204071, 'lag_16': 0.5297732285422274, 'lag_17': 0.970428724433368, 'lag_18': 0.8780659956458847, 'lag_19': 0.7911651255119151, 'lag_20': 0.3132456471490292, 'lag_21': 0.8239738079952454, 'lag_22': 0.8887704553565922, 'lag_23': 0.8031197032364686, 'lag_24': 0.38693566545109714, 'lag_25': 0.7537070272344547, 'lag_26': 0.26270311545318087, 'lag_27': 0.5699187799228443, 'lag_28': 0.8242402295284295}. Best is trial 81 with value: 0.002614161177842629.
[I 2025-09-29 13:25:40,890] Trial 85 finished with value: 0.0029789052092118714 and parameters: {'lag_0': 0.2597599915535817, 'lag_1': 0.5476537130815637, 'lag_2': 0.7966303193094735, 'lag_3': 0.8916768418539516, 'lag_4': 0.5091916275748486, 'lag_5': 0.2056863296286946, 'lag_6': 0.2149057202625989, 'lag_7': 0.17632742324849016, 'lag_8': 0.9963631720710203, 'lag_9': 0.5574409574302491, 'lag_10': 0.4533297694978769, 'lag_11': 0.1370195811822193, 'lag_12': 0.764613586651158, 'lag_13': 0.46208824950046323, 'lag_14': 0.08252442991813898, 'lag_15': 0.33748854531503686, 'lag_16': 0.7933847722651356, 'lag_17': 0.7754252114377697, 'lag_18': 0.3672240885896682, 'lag_19': 0.6767543198526426, 'lag_20': 0.7219571580173486, 'lag_21': 0.5353349604342353, 'lag_22': 0.7836857161641482, 'lag_23': 0.7469327354439117, 'lag_24': 0.4376003329510318, 'lag_25': 0.6067711818546635, 'lag_26': 0.3869728050024791, 'lag_27': 0.4863394492434587, 'lag_28': 0.7763652215355881}. Best is trial 81 with value: 0.002614161177842629.
[I 2025-09-29 13:25:43,400] Trial 86 finished with value: 0.004164045855065348 and parameters: {'lag_0': 0.21511836647052013, 'lag_1': 0.33776991463778705, 'lag_2': 0.4243855857246744, 'lag_3': 0.7362414288379989, 'lag_4': 0.45486788109905396, 'lag_5': 0.6104639080684765, 'lag_6': 0.5642522658809964, 'lag_7': 0.37426074584023034, 'lag_8': 0.9457386528486951, 'lag_9': 0.4241180443007668, 'lag_10': 0.2692302695931907, 'lag_11': 0.4752466204844653, 'lag_12': 0.8276426001901174, 'lag_13': 0.5117888284948077, 'lag_14': 0.17725077240263065, 'lag_15': 0.1923492434760859, 'lag_16': 0.5726471561046591, 'lag_17': 0.9174828130725802, 'lag_18': 0.4945080871684328, 'lag_19': 0.637187246011186, 'lag_20': 0.0994729069586314, 'lag_21': 0.9849861713358388, 'lag_22': 0.8284685797085267, 'lag_23': 0.6399229490776486, 'lag_24': 0.9090828096215666, 'lag_25': 0.5408723185089356, 'lag_26': 0.10472990788078529, 'lag_27': 0.8513351024279074, 'lag_28': 0.8696512422328158}. Best is trial 81 with value: 0.002614161177842629.
