2025-09-29 11:52:00,127 - distributed.nanny - INFO -         Start Nanny at: 'tcp://192.168.86.108:38020'
2025-09-29 11:52:01,558 - distributed.worker - INFO -       Start worker at: tcp://192.168.86.108:33910
2025-09-29 11:52:01,559 - distributed.worker - INFO -          Listening to: tcp://192.168.86.108:33910
2025-09-29 11:52:01,559 - distributed.worker - INFO -           Worker name:            SLURMCluster-19
2025-09-29 11:52:01,559 - distributed.worker - INFO -          dashboard at:       192.168.86.108:34110
2025-09-29 11:52:01,559 - distributed.worker - INFO - Waiting to connect to: tcp://192.168.86.101:45699
2025-09-29 11:52:01,559 - distributed.worker - INFO - -------------------------------------------------
2025-09-29 11:52:01,559 - distributed.worker - INFO -               Threads:                          1
2025-09-29 11:52:01,559 - distributed.worker - INFO -                Memory:                   9.31 GiB
2025-09-29 11:52:01,559 - distributed.worker - INFO -       Local Directory: /home1/zrentala/dask-worker-space/dask-scratch-space/worker-3c1qf02g
2025-09-29 11:52:01,559 - distributed.worker - INFO - -------------------------------------------------
2025-09-29 11:52:01,846 - distributed.worker - INFO - Starting Worker plugin shuffle
2025-09-29 11:52:01,847 - distributed.worker - INFO -         Registered to: tcp://192.168.86.101:45699
2025-09-29 11:52:01,847 - distributed.worker - INFO - -------------------------------------------------
2025-09-29 11:52:01,848 - distributed.core - INFO - Starting established connection to tcp://192.168.86.101:45699
[I 2025-09-29 11:52:01,945] A new study created in memory with name: no-name-037369bc-0fb2-4fd8-bb9e-b8bde058caf2
[I 2025-09-29 11:52:04,325] Trial 0 finished with value: 0.005739166180093633 and parameters: {'lag_0': 0.199845083737278, 'lag_1': 0.8688105216126069, 'lag_2': 0.6833873884281249, 'lag_3': 0.35935359232015185, 'lag_4': 0.17009388943440004, 'lag_5': 0.32318900192358296, 'lag_6': 0.09533971718030283, 'lag_7': 0.2365970653801643, 'lag_8': 0.08633111633917152, 'lag_9': 0.7426843101092375, 'lag_10': 0.35712766415873404, 'lag_11': 0.851861446404577, 'lag_12': 0.20583208117419935, 'lag_13': 0.827954238458213, 'lag_14': 0.17562572305105675, 'lag_15': 0.697469640971336, 'lag_16': 0.8315688559994782, 'lag_17': 0.2041120489513704, 'lag_18': 0.4590450025906075, 'lag_19': 0.8258170815755375, 'lag_20': 0.271873421787239, 'lag_21': 0.4465171009909404, 'lag_22': 0.08495899892971469, 'lag_23': 0.14388856319891327, 'lag_24': 0.4030492824568322, 'lag_25': 0.5182325157007736, 'lag_26': 0.6168765687767285, 'lag_27': 0.5069939216933316, 'lag_28': 0.6211666224050004}. Best is trial 0 with value: 0.005739166180093633.
[I 2025-09-29 11:52:06,678] Trial 1 finished with value: 0.005749436513492642 and parameters: {'lag_0': 0.34844947137087146, 'lag_1': 0.6707104860160815, 'lag_2': 0.13564481071436021, 'lag_3': 0.34642167171670646, 'lag_4': 0.6289440140214971, 'lag_5': 0.7918538686667645, 'lag_6': 0.7251436410112773, 'lag_7': 0.3134851952312381, 'lag_8': 0.5271593759348385, 'lag_9': 0.7700217527398255, 'lag_10': 0.7168019253224109, 'lag_11': 0.6787999142341897, 'lag_12': 0.25884528652813726, 'lag_13': 0.25854225417506904, 'lag_14': 0.18964462514444386, 'lag_15': 0.36237119559204445, 'lag_16': 0.3455133647393792, 'lag_17': 0.9253105992640855, 'lag_18': 0.658532691462426, 'lag_19': 0.9619862474494603, 'lag_20': 0.4333968822570342, 'lag_21': 0.3502842464631424, 'lag_22': 0.26454310317376417, 'lag_23': 0.5954569129077246, 'lag_24': 0.4529047121940528, 'lag_25': 0.4143066130377943, 'lag_26': 0.6063642612442005, 'lag_27': 0.5465776270841942, 'lag_28': 0.5915816176420924}. Best is trial 0 with value: 0.005739166180093633.
[I 2025-09-29 11:52:09,032] Trial 2 finished with value: 0.005656756541779361 and parameters: {'lag_0': 0.792824407472498, 'lag_1': 0.7344951749051418, 'lag_2': 0.5085320659954056, 'lag_3': 0.2885862040518946, 'lag_4': 0.8143284758551779, 'lag_5': 0.6003485079024515, 'lag_6': 0.7722141660475283, 'lag_7': 0.32181140366500277, 'lag_8': 0.4187208960307797, 'lag_9': 0.565294386025551, 'lag_10': 0.2848004133212275, 'lag_11': 0.7072731537964434, 'lag_12': 0.17989138051042397, 'lag_13': 0.32537893293033254, 'lag_14': 0.8692871838217665, 'lag_15': 0.7268936371355187, 'lag_16': 0.1689624329489654, 'lag_17': 0.7455421529248865, 'lag_18': 0.9664990396747485, 'lag_19': 0.3939194918415796, 'lag_20': 0.9146208181096277, 'lag_21': 0.706769703000702, 'lag_22': 0.5721002930651632, 'lag_23': 0.8751407794682821, 'lag_24': 0.5236276983581238, 'lag_25': 0.4775192603967928, 'lag_26': 0.061520852462519746, 'lag_27': 0.45480650691991065, 'lag_28': 0.19055569793830884}. Best is trial 2 with value: 0.005656756541779361.
[I 2025-09-29 11:52:11,373] Trial 3 finished with value: 0.0057110867656954625 and parameters: {'lag_0': 0.008324087354764592, 'lag_1': 0.8453853140517706, 'lag_2': 0.09607634345287645, 'lag_3': 0.2493612094279608, 'lag_4': 0.5437687515284637, 'lag_5': 0.4961405266423815, 'lag_6': 0.2614688398617707, 'lag_7': 0.8004649918457877, 'lag_8': 0.2634191120013604, 'lag_9': 0.44258950893045645, 'lag_10': 0.3014689254619389, 'lag_11': 0.9539475357354394, 'lag_12': 0.21647489541282766, 'lag_13': 0.16138471557460937, 'lag_14': 0.9914246041068054, 'lag_15': 0.12433614645046036, 'lag_16': 0.46896656970130574, 'lag_17': 0.5385122235141118, 'lag_18': 0.9105138091551614, 'lag_19': 0.03295989285741859, 'lag_20': 0.7612856316224523, 'lag_21': 0.41049671740072946, 'lag_22': 0.08417767402996212, 'lag_23': 0.6957326131680268, 'lag_24': 0.042402134738423206, 'lag_25': 0.09983278690136932, 'lag_26': 0.7466716561833214, 'lag_27': 0.48227217348590723, 'lag_28': 0.025767882799261687}. Best is trial 2 with value: 0.005656756541779361.
[I 2025-09-29 11:52:13,727] Trial 4 finished with value: 0.005743197656297262 and parameters: {'lag_0': 0.196917530333493, 'lag_1': 0.537069722872589, 'lag_2': 0.734269144386805, 'lag_3': 0.23631407034739227, 'lag_4': 0.0892588560077799, 'lag_5': 0.052388538008735504, 'lag_6': 0.21332626772881177, 'lag_7': 0.5970393690473592, 'lag_8': 0.04412519956445225, 'lag_9': 0.8715774281565554, 'lag_10': 0.2829457823250637, 'lag_11': 0.7250301862645087, 'lag_12': 0.22753700510538916, 'lag_13': 0.4756149846990958, 'lag_14': 0.9935312275613927, 'lag_15': 0.3252696560354899, 'lag_16': 0.7868857747901142, 'lag_17': 0.28591384280712523, 'lag_18': 0.4287468529374245, 'lag_19': 0.06281901462846821, 'lag_20': 0.4911066318755422, 'lag_21': 0.29789896621738965, 'lag_22': 0.5282597751009871, 'lag_23': 0.8911244049232528, 'lag_24': 0.8629635140677392, 'lag_25': 0.6313741414970238, 'lag_26': 0.5303878027800645, 'lag_27': 0.7547318071812869, 'lag_28': 0.5514414071834742}. Best is trial 2 with value: 0.005656756541779361.
[I 2025-09-29 11:52:16,088] Trial 5 finished with value: 0.005676477283547351 and parameters: {'lag_0': 0.6955667677524935, 'lag_1': 0.8000015682164152, 'lag_2': 0.6607193578109046, 'lag_3': 0.6175439084814632, 'lag_4': 0.19367002349150955, 'lag_5': 0.2929746170552067, 'lag_6': 0.10477331984536795, 'lag_7': 0.9778117785540958, 'lag_8': 0.8890917161930534, 'lag_9': 0.17559173390033783, 'lag_10': 0.1341417336587343, 'lag_11': 0.9202647525906044, 'lag_12': 0.9232651488678921, 'lag_13': 0.7195829997238844, 'lag_14': 0.26448802496366297, 'lag_15': 0.8605951427991099, 'lag_16': 0.29435789472146984, 'lag_17': 0.4161558683109337, 'lag_18': 0.8951630266024433, 'lag_19': 0.6280910353191501, 'lag_20': 0.7393368155833505, 'lag_21': 0.707481722126004, 'lag_22': 0.47257252586227033, 'lag_23': 0.38703111670246776, 'lag_24': 0.9450305109889753, 'lag_25': 0.220437296029334, 'lag_26': 0.6989070389679704, 'lag_27': 0.4162829528630216, 'lag_28': 0.0710316116424323}. Best is trial 2 with value: 0.005656756541779361.
[I 2025-09-29 11:52:18,431] Trial 6 finished with value: 0.005619634250397484 and parameters: {'lag_0': 0.5064722352088252, 'lag_1': 0.27209557086129404, 'lag_2': 0.9722408571680785, 'lag_3': 0.8419011365910689, 'lag_4': 0.8962951788368917, 'lag_5': 0.9785946467714189, 'lag_6': 0.015629857943708008, 'lag_7': 0.47279339420210187, 'lag_8': 0.054301161918573, 'lag_9': 0.2695042137231092, 'lag_10': 0.7324427121811039, 'lag_11': 0.8170507114085316, 'lag_12': 0.5217905565400573, 'lag_13': 0.468320437071669, 'lag_14': 0.943764772556857, 'lag_15': 0.6588069982326306, 'lag_16': 0.44230623010651954, 'lag_17': 0.5617429578711518, 'lag_18': 0.19036332148733523, 'lag_19': 0.0012935775449252726, 'lag_20': 0.596913286837352, 'lag_21': 0.03806029762422411, 'lag_22': 0.2211355819716474, 'lag_23': 0.13591860683287443, 'lag_24': 0.23234448090222293, 'lag_25': 0.17399560906113115, 'lag_26': 0.13813538004789655, 'lag_27': 0.5526625430904912, 'lag_28': 0.40860355743654475}. Best is trial 6 with value: 0.005619634250397484.
[I 2025-09-29 11:52:20,769] Trial 7 finished with value: 0.005798592321086554 and parameters: {'lag_0': 0.17750964895781532, 'lag_1': 0.10714364842934028, 'lag_2': 0.8870400054893415, 'lag_3': 0.6819423595635573, 'lag_4': 0.9139323379753834, 'lag_5': 0.13474884211801685, 'lag_6': 0.5983019275302384, 'lag_7': 0.3047018925126602, 'lag_8': 0.9036972265853491, 'lag_9': 0.95981970831443, 'lag_10': 0.03856298143970282, 'lag_11': 0.7998704957952087, 'lag_12': 0.9887395920778251, 'lag_13': 0.22874166012461383, 'lag_14': 0.5752131427545961, 'lag_15': 0.6689860789701283, 'lag_16': 0.9534618264290611, 'lag_17': 0.4338340996717554, 'lag_18': 0.45716416090401774, 'lag_19': 0.5007438241123418, 'lag_20': 0.5888513979119667, 'lag_21': 0.13118679100889863, 'lag_22': 0.026702751286826858, 'lag_23': 0.2788094697717055, 'lag_24': 0.5527854269783024, 'lag_25': 0.8736972332589259, 'lag_26': 0.7602690814168116, 'lag_27': 0.6128473681935733, 'lag_28': 0.5450470212844849}. Best is trial 6 with value: 0.005619634250397484.
[I 2025-09-29 11:52:23,125] Trial 8 finished with value: 0.005770278188974241 and parameters: {'lag_0': 0.22891715137857258, 'lag_1': 0.6477501299223531, 'lag_2': 0.8621251355518557, 'lag_3': 0.16775306788065514, 'lag_4': 0.7615041954997225, 'lag_5': 0.06490970700833773, 'lag_6': 0.9280255909074773, 'lag_7': 0.601974670841911, 'lag_8': 0.7894293476898896, 'lag_9': 0.09328248125003614, 'lag_10': 0.6027055667415718, 'lag_11': 0.22044908617259512, 'lag_12': 0.03067508596299742, 'lag_13': 0.14333835348106463, 'lag_14': 0.5809216875747033, 'lag_15': 0.5170809654272149, 'lag_16': 0.4259209529014441, 'lag_17': 0.5605644369975277, 'lag_18': 0.50477395688263, 'lag_19': 0.2865472431999396, 'lag_20': 0.8537613462698967, 'lag_21': 0.945019383705901, 'lag_22': 0.7882339410613711, 'lag_23': 0.7599664026669593, 'lag_24': 0.29050700335665336, 'lag_25': 0.23714648453664877, 'lag_26': 0.2064822187159729, 'lag_27': 0.47314130738843724, 'lag_28': 0.9466063623410685}. Best is trial 6 with value: 0.005619634250397484.
[I 2025-09-29 11:52:25,471] Trial 9 finished with value: 0.0057502003012801 and parameters: {'lag_0': 0.2910268003218754, 'lag_1': 0.8907131676421761, 'lag_2': 0.5219782185521382, 'lag_3': 0.354877087091639, 'lag_4': 0.5346677824535546, 'lag_5': 0.9045306468225084, 'lag_6': 0.8319723577814704, 'lag_7': 0.7273276774583957, 'lag_8': 0.1753464142122496, 'lag_9': 0.04934257937855872, 'lag_10': 0.3581785564752534, 'lag_11': 0.6147310097718067, 'lag_12': 0.6897473247090098, 'lag_13': 0.42479854251400995, 'lag_14': 0.18789462277213556, 'lag_15': 0.7790373506023807, 'lag_16': 0.7472278576515506, 'lag_17': 0.4469218102852878, 'lag_18': 0.17934915739263865, 'lag_19': 0.4983976185206542, 'lag_20': 0.7768068271489597, 'lag_21': 0.9101975995209167, 'lag_22': 0.8096246949538646, 'lag_23': 0.5726998847830013, 'lag_24': 0.28527402732117213, 'lag_25': 0.6231041975398623, 'lag_26': 0.7748303814345328, 'lag_27': 0.5229048038757669, 'lag_28': 0.5794342857431385}. Best is trial 6 with value: 0.005619634250397484.
[I 2025-09-29 11:52:27,879] Trial 10 finished with value: 0.005770747816709458 and parameters: {'lag_0': 0.5564192895796856, 'lag_1': 0.2347745874911903, 'lag_2': 0.9961522900515161, 'lag_3': 0.995640564578222, 'lag_4': 0.9839617934290492, 'lag_5': 0.9547333049959523, 'lag_6': 0.3688613526986388, 'lag_7': 0.03534841314514525, 'lag_8': 0.6246575435562856, 'lag_9': 0.34308631968225256, 'lag_10': 0.9597135285179775, 'lag_11': 0.3778925983785161, 'lag_12': 0.48096698124888076, 'lag_13': 0.6557136187180461, 'lag_14': 0.7602202953522611, 'lag_15': 0.996487174579761, 'lag_16': 0.6143869415675636, 'lag_17': 0.020026092332768974, 'lag_18': 0.08895767544131035, 'lag_19': 0.21225005644140493, 'lag_20': 0.01855111341404936, 'lag_21': 0.018909484934999176, 'lag_22': 0.3162088547607381, 'lag_23': 0.0052427199810010094, 'lag_24': 0.0510329508796758, 'lag_25': 0.0041251455267838355, 'lag_26': 0.9939849343026539, 'lag_27': 0.12782321220277165, 'lag_28': 0.3346364903855765}. Best is trial 6 with value: 0.005619634250397484.
[I 2025-09-29 11:52:30,287] Trial 11 finished with value: 0.005729418674424396 and parameters: {'lag_0': 0.9838761907683589, 'lag_1': 0.3750957853971133, 'lag_2': 0.2831762684586847, 'lag_3': 0.0019843874525244942, 'lag_4': 0.7983585838978993, 'lag_5': 0.6941381027957768, 'lag_6': 0.4366031543092218, 'lag_7': 0.4659712083800437, 'lag_8': 0.3304061533369226, 'lag_9': 0.5917442828004027, 'lag_10': 0.8111664978176073, 'lag_11': 0.47626239330964726, 'lag_12': 0.46250962945858093, 'lag_13': 0.9889605488409731, 'lag_14': 0.7857792649822949, 'lag_15': 0.5397531972902624, 'lag_16': 0.02810404453153964, 'lag_17': 0.7997931627252118, 'lag_18': 0.23040656963635056, 'lag_19': 0.2932662773637762, 'lag_20': 0.9133722047819592, 'lag_21': 0.6247027699605153, 'lag_22': 0.615297423183539, 'lag_23': 0.9586317047229693, 'lag_24': 0.7225604722709346, 'lag_25': 0.3203692242079702, 'lag_26': 0.00025517260574650646, 'lag_27': 0.22067887025488206, 'lag_28': 0.265970787587066}. Best is trial 6 with value: 0.005619634250397484.
[I 2025-09-29 11:52:32,776] Trial 12 finished with value: 0.005684894485990737 and parameters: {'lag_0': 0.8018839543739333, 'lag_1': 0.364862868120447, 'lag_2': 0.3449802514225747, 'lag_3': 0.9312391659308861, 'lag_4': 0.37404891505588833, 'lag_5': 0.6037983864234133, 'lag_6': 0.6874287129435983, 'lag_7': 0.12185445344297113, 'lag_8': 0.3541786382763791, 'lag_9': 0.3105271715517705, 'lag_10': 0.5141192152134089, 'lag_11': 0.5650805054015391, 'lag_12': 0.6577641348439949, 'lag_13': 0.38844108860688253, 'lag_14': 0.8030861589406642, 'lag_15': 0.9193407475063533, 'lag_16': 0.14464577410812296, 'lag_17': 0.7519847070416807, 'lag_18': 0.7460334933216636, 'lag_19': 0.45055686963163305, 'lag_20': 0.9864597907158178, 'lag_21': 0.6897990478458407, 'lag_22': 0.9850214240619792, 'lag_23': 0.34698101647803825, 'lag_24': 0.5969740830774778, 'lag_25': 0.8116022389577868, 'lag_26': 0.2639969972953362, 'lag_27': 0.9048345772478849, 'lag_28': 0.25552958946305043}. Best is trial 6 with value: 0.005619634250397484.
[I 2025-09-29 11:52:35,185] Trial 13 finished with value: 0.005611264254294969 and parameters: {'lag_0': 0.5363348864377497, 'lag_1': 0.11523187111894012, 'lag_2': 0.4734005505460195, 'lag_3': 0.7800589052852768, 'lag_4': 0.7667422484817257, 'lag_5': 0.47229812390653375, 'lag_6': 0.9924767876696519, 'lag_7': 0.43080038374409535, 'lag_8': 0.4773559424142347, 'lag_9': 0.5554545216505744, 'lag_10': 0.6959664943820392, 'lag_11': 0.04562245735585241, 'lag_12': 0.6395983185604659, 'lag_13': 0.03340363843419364, 'lag_14': 0.8656547624092732, 'lag_15': 0.608359742458739, 'lag_16': 0.20273444818803743, 'lag_17': 0.7161908594349431, 'lag_18': 0.2966549252472342, 'lag_19': 0.7127499618973288, 'lag_20': 0.612212497867745, 'lag_21': 0.19715323816369837, 'lag_22': 0.3030795294037658, 'lag_23': 0.14753960202217326, 'lag_24': 0.22128086320951523, 'lag_25': 0.9870524462923129, 'lag_26': 0.015126844218633646, 'lag_27': 0.2999245153272917, 'lag_28': 0.3730073084855373}. Best is trial 13 with value: 0.005611264254294969.
[I 2025-09-29 11:52:37,592] Trial 14 finished with value: 0.005681867015416966 and parameters: {'lag_0': 0.4842337096416847, 'lag_1': 0.1186359484933287, 'lag_2': 0.398707455107735, 'lag_3': 0.792694967675552, 'lag_4': 0.697035219079283, 'lag_5': 0.38667349235536197, 'lag_6': 0.994949890076537, 'lag_7': 0.47137189828624554, 'lag_8': 0.6291901397391563, 'lag_9': 0.2556827482421603, 'lag_10': 0.7791971684645238, 'lag_11': 0.034788499734728015, 'lag_12': 0.6673360818896685, 'lag_13': 0.010520101798212791, 'lag_14': 0.4385760906251792, 'lag_15': 0.37939920127592086, 'lag_16': 0.5957972038803687, 'lag_17': 0.671766517096458, 'lag_18': 0.24888440195162898, 'lag_19': 0.7038085858836193, 'lag_20': 0.6208270321333434, 'lag_21': 0.1522441080820815, 'lag_22': 0.2745625397966363, 'lag_23': 0.03279901453075017, 'lag_24': 0.20653408792360672, 'lag_25': 0.7600804100641199, 'lag_26': 0.3116679880885447, 'lag_27': 0.2786137804438139, 'lag_28': 0.776488171980171}. Best is trial 13 with value: 0.005611264254294969.
[I 2025-09-29 11:52:39,992] Trial 15 finished with value: 0.005600697229332017 and parameters: {'lag_0': 0.465727557131089, 'lag_1': 0.048803714385738134, 'lag_2': 0.5833887668315085, 'lag_3': 0.8209876377285406, 'lag_4': 0.9093829655077337, 'lag_5': 0.8036348731565108, 'lag_6': 0.5390824932226342, 'lag_7': 0.43106844038464676, 'lag_8': 0.19566682275862568, 'lag_9': 0.44131995347814, 'lag_10': 0.9832249820342617, 'lag_11': 0.07793331973943549, 'lag_12': 0.8159513600111095, 'lag_13': 0.5823370437448278, 'lag_14': 0.6830370850098046, 'lag_15': 0.5888646270177433, 'lag_16': 0.230191968848948, 'lag_17': 0.9225255404168078, 'lag_18': 0.02380734249819816, 'lag_19': 0.663918653235816, 'lag_20': 0.3364131586873683, 'lag_21': 0.02962788452790746, 'lag_22': 0.3935359775532727, 'lag_23': 0.17986421197006747, 'lag_24': 0.15510980753431458, 'lag_25': 0.9084761473985109, 'lag_26': 0.12876449122846526, 'lag_27': 0.0441457921135725, 'lag_28': 0.4042200868646014}. Best is trial 15 with value: 0.005600697229332017.
[I 2025-09-29 11:52:42,396] Trial 16 finished with value: 0.005706293889317045 and parameters: {'lag_0': 0.6274970351896286, 'lag_1': 0.022501286008034166, 'lag_2': 0.5475196489640988, 'lag_3': 0.5418767795522796, 'lag_4': 0.4283058131699211, 'lag_5': 0.7863559453356218, 'lag_6': 0.5045891974247597, 'lag_7': 0.6202759038054239, 'lag_8': 0.5062826177571462, 'lag_9': 0.4651657818115698, 'lag_10': 0.9586327533125338, 'lag_11': 0.0052432047041285346, 'lag_12': 0.8168285134885312, 'lag_13': 0.5819842183573625, 'lag_14': 0.6849355465714606, 'lag_15': 0.17266226224145026, 'lag_16': 0.20564455437957865, 'lag_17': 0.9969471281555073, 'lag_18': 0.002061120364494906, 'lag_19': 0.7147356384253447, 'lag_20': 0.28916462359056616, 'lag_21': 0.24822484139219686, 'lag_22': 0.4126028165073089, 'lag_23': 0.21392258843277814, 'lag_24': 0.09823789789952017, 'lag_25': 0.9968412627238751, 'lag_26': 0.3977996215086703, 'lag_27': 0.09338738980884237, 'lag_28': 0.41019335916474403}. Best is trial 15 with value: 0.005600697229332017.
[I 2025-09-29 11:52:44,801] Trial 17 finished with value: 0.00568586913628138 and parameters: {'lag_0': 0.3997260062179091, 'lag_1': 0.040953169775731046, 'lag_2': 0.2645336685325387, 'lag_3': 0.7551198742041283, 'lag_4': 0.9997783718198016, 'lag_5': 0.46917336435916074, 'lag_6': 0.594328270049935, 'lag_7': 0.20072180428721081, 'lag_8': 0.20049325384714853, 'lag_9': 0.6196849972319103, 'lag_10': 0.8868373014596656, 'lag_11': 0.18583352375356668, 'lag_12': 0.7990980984526801, 'lag_13': 0.7741015348960916, 'lag_14': 0.4037218525055357, 'lag_15': 0.5823548076862977, 'lag_16': 0.01719949247464639, 'lag_17': 0.8816527746136766, 'lag_18': 0.3259612402152772, 'lag_19': 0.904126281592776, 'lag_20': 0.32541183207196717, 'lag_21': 0.18601227328119044, 'lag_22': 0.40106012629000015, 'lag_23': 0.4237176457292385, 'lag_24': 0.15215902686732966, 'lag_25': 0.9881489603870063, 'lag_26': 0.13908039432325445, 'lag_27': 0.014679056890641442, 'lag_28': 0.7725453674800664}. Best is trial 15 with value: 0.005600697229332017.
[I 2025-09-29 11:52:47,206] Trial 18 finished with value: 0.005625297134104235 and parameters: {'lag_0': 0.41117320276652236, 'lag_1': 0.15719189160508346, 'lag_2': 0.40431060962840965, 'lag_3': 0.5021960225286146, 'lag_4': 0.6648557867244979, 'lag_5': 0.21910088916920334, 'lag_6': 0.8835477091446646, 'lag_7': 0.37830399717270063, 'lag_8': 0.6101743544888549, 'lag_9': 0.6924607831772978, 'lag_10': 0.6109704872458035, 'lag_11': 0.15267185842949424, 'lag_12': 0.8464098867365923, 'lag_13': 0.5855976997566475, 'lag_14': 0.0025485633086256287, 'lag_15': 0.012505803682885952, 'lag_16': 0.27971608108716667, 'lag_17': 0.6680321208434511, 'lag_18': 0.025218803421938163, 'lag_19': 0.6122788589100379, 'lag_20': 0.09094242606549952, 'lag_21': 0.5650109722316832, 'lag_22': 0.1743720985799759, 'lag_23': 0.1331391552142278, 'lag_24': 0.355724371201814, 'lag_25': 0.8895002912938244, 'lag_26': 0.3788312627810191, 'lag_27': 0.3179193485701902, 'lag_28': 0.4396717424584726}. Best is trial 15 with value: 0.005600697229332017.
