2025-09-29 11:51:49,237 - distributed.nanny - INFO -         Start Nanny at: 'tcp://192.168.86.140:38988'
2025-09-29 11:51:50,799 - distributed.worker - INFO -       Start worker at: tcp://192.168.86.140:45679
2025-09-29 11:51:50,799 - distributed.worker - INFO -          Listening to: tcp://192.168.86.140:45679
2025-09-29 11:51:50,799 - distributed.worker - INFO -           Worker name:             SLURMCluster-1
2025-09-29 11:51:50,799 - distributed.worker - INFO -          dashboard at:       192.168.86.140:33225
2025-09-29 11:51:50,799 - distributed.worker - INFO - Waiting to connect to: tcp://192.168.86.101:45699
2025-09-29 11:51:50,800 - distributed.worker - INFO - -------------------------------------------------
2025-09-29 11:51:50,800 - distributed.worker - INFO -               Threads:                          1
2025-09-29 11:51:50,800 - distributed.worker - INFO -                Memory:                   9.31 GiB
2025-09-29 11:51:50,800 - distributed.worker - INFO -       Local Directory: /home1/zrentala/dask-worker-space/dask-scratch-space/worker-og_2aawl
2025-09-29 11:51:50,800 - distributed.worker - INFO - -------------------------------------------------
2025-09-29 11:51:51,197 - distributed.worker - INFO - Starting Worker plugin shuffle
2025-09-29 11:51:51,198 - distributed.worker - INFO -         Registered to: tcp://192.168.86.101:45699
2025-09-29 11:51:51,198 - distributed.worker - INFO - -------------------------------------------------
2025-09-29 11:51:51,198 - distributed.core - INFO - Starting established connection to tcp://192.168.86.101:45699
[I 2025-09-29 11:51:51,301] A new study created in memory with name: no-name-0d267b4a-937b-4bfb-ae74-835588459e87
[I 2025-09-29 11:51:53,764] Trial 0 finished with value: 0.017125044427027603 and parameters: {'lag_0': 0.8817360961465371, 'lag_1': 0.5630237187068958, 'lag_2': 0.22980924569818964, 'lag_3': 0.4086452028945232, 'lag_4': 0.7610575127542154, 'lag_5': 0.2903407803567378, 'lag_6': 0.9222659618038335, 'lag_7': 0.35756528298284135, 'lag_8': 0.4981592479342791, 'lag_9': 0.8868901228394345, 'lag_10': 0.1828759766794543, 'lag_11': 0.16503900761486856, 'lag_12': 0.04665449139194107, 'lag_13': 0.521507933738647, 'lag_14': 0.5316095829929333, 'lag_15': 0.8083936699545281, 'lag_16': 0.9619046935922116, 'lag_17': 0.6245909324077629, 'lag_18': 0.9504983562051255, 'lag_19': 0.9136574659241181, 'lag_20': 0.10825762426114952, 'lag_21': 0.22216103780353144, 'lag_22': 0.12553321921751778, 'lag_23': 0.3255590098851602, 'lag_24': 0.5458981431218448, 'lag_25': 0.989993753427441, 'lag_26': 0.6584948068832774, 'lag_27': 0.4856265143286272, 'lag_28': 0.2349590292928999}. Best is trial 0 with value: 0.017125044427027603.
[I 2025-09-29 11:51:56,005] Trial 1 finished with value: 0.016883115800423613 and parameters: {'lag_0': 0.6620052196425006, 'lag_1': 0.8986824654579018, 'lag_2': 0.6730290773734151, 'lag_3': 0.11154282762121474, 'lag_4': 0.14755937344477857, 'lag_5': 0.8779939839978934, 'lag_6': 0.5354207062956957, 'lag_7': 0.6317512271453237, 'lag_8': 0.6916999954645812, 'lag_9': 0.9273301920362657, 'lag_10': 0.4250623344576886, 'lag_11': 0.26904737135520024, 'lag_12': 0.9477343331132753, 'lag_13': 0.21135078978522603, 'lag_14': 0.2543109984868692, 'lag_15': 0.8316767145843956, 'lag_16': 0.7079831371029849, 'lag_17': 0.4135826615944337, 'lag_18': 0.7601240635800331, 'lag_19': 0.025677307634651533, 'lag_20': 0.5166510062022676, 'lag_21': 0.21858760121443557, 'lag_22': 0.1545149070692904, 'lag_23': 0.586501544873669, 'lag_24': 0.09510496594651117, 'lag_25': 0.7252351936678418, 'lag_26': 0.6385360364476134, 'lag_27': 0.6427660659823999, 'lag_28': 0.36096050547072106}. Best is trial 1 with value: 0.016883115800423613.
[I 2025-09-29 11:51:58,283] Trial 2 finished with value: 0.01703322282788172 and parameters: {'lag_0': 0.4840735475006225, 'lag_1': 0.14692291243517666, 'lag_2': 0.7370666503952067, 'lag_3': 0.5105980415455211, 'lag_4': 0.7261438277278617, 'lag_5': 0.7041458060032562, 'lag_6': 0.46716546075048193, 'lag_7': 0.41250373649514427, 'lag_8': 0.6417824017703045, 'lag_9': 0.7769037105275697, 'lag_10': 0.4774297993117926, 'lag_11': 0.5644017745884502, 'lag_12': 0.7721953896900685, 'lag_13': 0.7188006613666005, 'lag_14': 0.5589634583931581, 'lag_15': 0.20111934273219817, 'lag_16': 0.6322691263970885, 'lag_17': 0.07457387596242751, 'lag_18': 0.5943144355956879, 'lag_19': 0.8110833302706989, 'lag_20': 0.9443028920102732, 'lag_21': 0.8776282932515924, 'lag_22': 0.16129501590128326, 'lag_23': 0.501763485197149, 'lag_24': 0.8799880419627485, 'lag_25': 0.058223633801241126, 'lag_26': 0.13559030265238933, 'lag_27': 0.06822724186989584, 'lag_28': 0.047265872167034775}. Best is trial 1 with value: 0.016883115800423613.
[I 2025-09-29 11:52:00,526] Trial 3 finished with value: 0.01698041941093507 and parameters: {'lag_0': 0.19585482988597092, 'lag_1': 0.42848691747928563, 'lag_2': 0.7263954506992757, 'lag_3': 0.17786740385952318, 'lag_4': 0.968653595103355, 'lag_5': 0.5100303433590573, 'lag_6': 0.793433182133278, 'lag_7': 0.7433102561477514, 'lag_8': 0.8914798976072611, 'lag_9': 0.508491566207261, 'lag_10': 0.9309716116857704, 'lag_11': 0.6588917084823951, 'lag_12': 0.10452627037081551, 'lag_13': 0.9093757982615225, 'lag_14': 0.2711676253315168, 'lag_15': 0.013679059129102448, 'lag_16': 0.9452015602356733, 'lag_17': 0.5284813400977015, 'lag_18': 0.11845644450981677, 'lag_19': 0.47529602891392686, 'lag_20': 0.09752325960469724, 'lag_21': 0.7949393363422063, 'lag_22': 0.6329160590623766, 'lag_23': 0.3224436534964076, 'lag_24': 0.7351537826201363, 'lag_25': 0.41771952141795365, 'lag_26': 0.1858414574801522, 'lag_27': 0.5756748435951745, 'lag_28': 0.17032559748186382}. Best is trial 1 with value: 0.016883115800423613.
[I 2025-09-29 11:52:02,780] Trial 4 finished with value: 0.017152838641196738 and parameters: {'lag_0': 0.9748827534766559, 'lag_1': 0.2847518859580265, 'lag_2': 0.2324713084020861, 'lag_3': 0.016455439797645372, 'lag_4': 0.4170773062830631, 'lag_5': 0.7783665498479554, 'lag_6': 0.37009258563662534, 'lag_7': 0.8372237092615537, 'lag_8': 0.060116570960554484, 'lag_9': 0.7375390602677427, 'lag_10': 0.30225301635743634, 'lag_11': 0.0002663683963593321, 'lag_12': 0.04148910941914639, 'lag_13': 0.6368506219354971, 'lag_14': 0.6997552892026507, 'lag_15': 0.31440565209451904, 'lag_16': 0.46036891478857445, 'lag_17': 0.298806009898506, 'lag_18': 0.6163926867131998, 'lag_19': 0.6535593572793783, 'lag_20': 0.7081725195429055, 'lag_21': 0.08347788565772035, 'lag_22': 0.07212724629090231, 'lag_23': 0.7559788220770134, 'lag_24': 0.6755903298436011, 'lag_25': 0.6140229002265672, 'lag_26': 0.7088232499728209, 'lag_27': 0.24874954286062415, 'lag_28': 0.010950052807075042}. Best is trial 1 with value: 0.016883115800423613.
[I 2025-09-29 11:52:05,044] Trial 5 finished with value: 0.016592326496097858 and parameters: {'lag_0': 0.5917914340129876, 'lag_1': 0.647675166201151, 'lag_2': 0.8633571643321633, 'lag_3': 0.018030897678847847, 'lag_4': 0.07849816120873862, 'lag_5': 0.009287958374063435, 'lag_6': 0.8454517279932214, 'lag_7': 0.5071440722464399, 'lag_8': 0.8471083195261716, 'lag_9': 0.17949353894142817, 'lag_10': 0.2326831684617145, 'lag_11': 0.9526848532373662, 'lag_12': 0.08351279166628721, 'lag_13': 0.31132375252368805, 'lag_14': 0.32072812555652924, 'lag_15': 0.5510077908793497, 'lag_16': 0.35968132960469756, 'lag_17': 0.1165474420311672, 'lag_18': 0.03586581391606697, 'lag_19': 0.1033173495316982, 'lag_20': 0.7454264312333982, 'lag_21': 0.15114631909003637, 'lag_22': 0.09531062715557977, 'lag_23': 0.3370857806920493, 'lag_24': 0.13220231436071614, 'lag_25': 0.013353017651218994, 'lag_26': 0.2793383325738649, 'lag_27': 0.3572519960959373, 'lag_28': 0.3319495356231914}. Best is trial 5 with value: 0.016592326496097858.
[I 2025-09-29 11:52:07,283] Trial 6 finished with value: 0.01667998949126793 and parameters: {'lag_0': 0.699422269814031, 'lag_1': 0.3121530274437325, 'lag_2': 0.6505358945678773, 'lag_3': 0.54227646763871, 'lag_4': 0.17904997109845477, 'lag_5': 0.5280356650305572, 'lag_6': 0.5114746500848983, 'lag_7': 0.9091290432445929, 'lag_8': 0.4385569038853399, 'lag_9': 0.2661865741250169, 'lag_10': 0.5234401961061169, 'lag_11': 0.726243474773323, 'lag_12': 0.8177846462994296, 'lag_13': 0.2748701619875446, 'lag_14': 0.7970284929517818, 'lag_15': 0.4324666226319994, 'lag_16': 0.2251710918467016, 'lag_17': 0.6620347398206513, 'lag_18': 0.9352592761613671, 'lag_19': 0.6736151301570747, 'lag_20': 0.43352043043255917, 'lag_21': 0.46141478081000925, 'lag_22': 0.010353879052775739, 'lag_23': 0.39698310426570516, 'lag_24': 0.6615370893305286, 'lag_25': 0.6296046903006915, 'lag_26': 0.23840717530026942, 'lag_27': 0.4414581240300744, 'lag_28': 0.9199350945905378}. Best is trial 5 with value: 0.016592326496097858.
[I 2025-09-29 11:52:09,543] Trial 7 finished with value: 0.017111481009204444 and parameters: {'lag_0': 0.15503153296467867, 'lag_1': 0.9189731477127835, 'lag_2': 0.1567719761255191, 'lag_3': 0.1481216662262298, 'lag_4': 0.027028976906359286, 'lag_5': 0.21457301588484595, 'lag_6': 0.42699358368763773, 'lag_7': 0.059371296326672054, 'lag_8': 0.1988671016607508, 'lag_9': 0.18844851548381383, 'lag_10': 0.5637490030792643, 'lag_11': 0.06006574033478144, 'lag_12': 0.7893261161095957, 'lag_13': 0.9975686910741743, 'lag_14': 0.0016815827617402193, 'lag_15': 0.8448459972223471, 'lag_16': 0.48771038815467105, 'lag_17': 0.09777121844715246, 'lag_18': 0.9243504019041673, 'lag_19': 0.18821225488849477, 'lag_20': 0.28136067230491063, 'lag_21': 0.6339957936885395, 'lag_22': 0.15572235018477418, 'lag_23': 0.8444419404290274, 'lag_24': 0.12506664770388082, 'lag_25': 0.1753074738837391, 'lag_26': 0.5820930659487633, 'lag_27': 0.4259021308396007, 'lag_28': 0.6395842314453062}. Best is trial 5 with value: 0.016592326496097858.
[I 2025-09-29 11:52:11,783] Trial 8 finished with value: 0.017061712966813213 and parameters: {'lag_0': 0.5958101379116457, 'lag_1': 0.7808427314267139, 'lag_2': 0.850028223175011, 'lag_3': 0.6568093708899336, 'lag_4': 0.09589144339487896, 'lag_5': 0.23723010564499572, 'lag_6': 0.6803935368655112, 'lag_7': 0.9520925671420595, 'lag_8': 0.42633450678328905, 'lag_9': 0.1923838874748041, 'lag_10': 0.9487383243640316, 'lag_11': 0.006147916856609697, 'lag_12': 0.710542663186631, 'lag_13': 0.2735839926159006, 'lag_14': 0.6374807168538251, 'lag_15': 0.5689110378558224, 'lag_16': 0.22808203870779425, 'lag_17': 0.6601767463287463, 'lag_18': 0.32839294239476785, 'lag_19': 0.7132651491303195, 'lag_20': 0.5924621436676525, 'lag_21': 0.8941274340248759, 'lag_22': 0.7333162619165151, 'lag_23': 0.4972936647201974, 'lag_24': 0.476620821368216, 'lag_25': 0.4237898934675781, 'lag_26': 0.054342334333852625, 'lag_27': 0.7111366212940852, 'lag_28': 0.2844577121103571}. Best is trial 5 with value: 0.016592326496097858.
[I 2025-09-29 11:52:14,024] Trial 9 finished with value: 0.016984098127234115 and parameters: {'lag_0': 0.435748477586021, 'lag_1': 0.36979884170480676, 'lag_2': 0.7553430516659212, 'lag_3': 0.5603470238141405, 'lag_4': 0.11319603384192586, 'lag_5': 0.0067585015570171695, 'lag_6': 0.84539437741144, 'lag_7': 0.39788494932577717, 'lag_8': 0.4372115202274685, 'lag_9': 0.6764106510382603, 'lag_10': 0.5538623689584156, 'lag_11': 0.1754176452982409, 'lag_12': 0.015229070974818074, 'lag_13': 0.6664330760053571, 'lag_14': 0.511569908866137, 'lag_15': 0.22132306923731837, 'lag_16': 0.8348422698367067, 'lag_17': 0.3314207580525292, 'lag_18': 0.10929167729631309, 'lag_19': 0.9629237658388714, 'lag_20': 0.37154642131136073, 'lag_21': 0.992649496075729, 'lag_22': 0.4393317675175425, 'lag_23': 0.1661868287422652, 'lag_24': 0.3303899719394126, 'lag_25': 0.5108469020129437, 'lag_26': 0.4047322862072071, 'lag_27': 0.10354538360986168, 'lag_28': 0.9259347614635051}. Best is trial 5 with value: 0.016592326496097858.
[I 2025-09-29 11:52:16,329] Trial 10 finished with value: 0.01706159134387012 and parameters: {'lag_0': 0.31802999079579564, 'lag_1': 0.6262533174766589, 'lag_2': 0.971016449002559, 'lag_3': 0.33258062979999026, 'lag_4': 0.34925310963403833, 'lag_5': 0.04381159288679698, 'lag_6': 0.05202360328922545, 'lag_7': 0.14073150840652454, 'lag_8': 0.9839346966109901, 'lag_9': 0.0023396266146275546, 'lag_10': 0.053326435098942, 'lag_11': 0.9634893066922822, 'lag_12': 0.3404482196838113, 'lag_13': 0.07202342673306766, 'lag_14': 0.9670661325006576, 'lag_15': 0.6258110109652861, 'lag_16': 0.005926148551747945, 'lag_17': 0.9588754575599191, 'lag_18': 0.3296087171014133, 'lag_19': 0.340317500841741, 'lag_20': 0.9858806314555449, 'lag_21': 0.4003047925545469, 'lag_22': 0.9869813304710902, 'lag_23': 0.0640913214792006, 'lag_24': 0.27610063767436643, 'lag_25': 0.23240918546230674, 'lag_26': 0.9465037225876625, 'lag_27': 0.9499919157153838, 'lag_28': 0.5924782187170339}. Best is trial 5 with value: 0.016592326496097858.
[I 2025-09-29 11:52:18,695] Trial 11 finished with value: 0.01701130882604677 and parameters: {'lag_0': 0.7704327344151596, 'lag_1': 0.03642609347948905, 'lag_2': 0.48398047088265406, 'lag_3': 0.9556203443587128, 'lag_4': 0.2815741076094431, 'lag_5': 0.5228135858148042, 'lag_6': 0.16279011360118656, 'lag_7': 0.587523707068226, 'lag_8': 0.7566497594660441, 'lag_9': 0.2753004649709891, 'lag_10': 0.7298480902606099, 'lag_11': 0.9457880935503493, 'lag_12': 0.44394601649411425, 'lag_13': 0.278707483666817, 'lag_14': 0.877251696474862, 'lag_15': 0.47446300175847667, 'lag_16': 0.29282630862994063, 'lag_17': 0.8317800258788841, 'lag_18': 0.321680955506309, 'lag_19': 0.5242648987166275, 'lag_20': 0.7615483670246238, 'lag_21': 0.46005588164702843, 'lag_22': 0.342400426853207, 'lag_23': 0.30804492809306616, 'lag_24': 0.9161218025635761, 'lag_25': 0.8614554168410619, 'lag_26': 0.3278899955221951, 'lag_27': 0.31009236828292486, 'lag_28': 0.999457079718143}. Best is trial 5 with value: 0.016592326496097858.
[I 2025-09-29 11:52:20,988] Trial 12 finished with value: 0.01740056346567469 and parameters: {'lag_0': 0.6816681270981844, 'lag_1': 0.6917731852794948, 'lag_2': 0.4989196112518035, 'lag_3': 0.7712165729012257, 'lag_4': 0.23082904898787526, 'lag_5': 0.4089905377956223, 'lag_6': 0.6636470821905279, 'lag_7': 0.9988353278695106, 'lag_8': 0.29234406635307464, 'lag_9': 0.37341814173885896, 'lag_10': 0.25527789703956955, 'lag_11': 0.7703357290702131, 'lag_12': 0.28012506322146125, 'lag_13': 0.4361879133138263, 'lag_14': 0.32776099153341137, 'lag_15': 0.4441030971303752, 'lag_16': 0.23875644602088467, 'lag_17': 0.7747324135485972, 'lag_18': 0.009252722162045573, 'lag_19': 0.25818400624843874, 'lag_20': 0.7177403501903191, 'lag_21': 0.004524039234722443, 'lag_22': 0.004620827629654878, 'lag_23': 0.9959558269344302, 'lag_24': 0.006922258238271917, 'lag_25': 0.28390140639439854, 'lag_26': 0.27570468180523566, 'lag_27': 0.28966609464220283, 'lag_28': 0.7708088057798369}. Best is trial 5 with value: 0.016592326496097858.
[I 2025-09-29 11:52:23,295] Trial 13 finished with value: 0.016824752576684355 and parameters: {'lag_0': 0.8072441768504939, 'lag_1': 0.21072830142513932, 'lag_2': 0.9184534862814497, 'lag_3': 0.30112506404409867, 'lag_4': 0.48699559041996093, 'lag_5': 0.6528170182441112, 'lag_6': 0.23774054240799386, 'lag_7': 0.2211932353183264, 'lag_8': 0.6072706593890086, 'lag_9': 0.0016607768577850401, 'lag_10': 0.6891643843899518, 'lag_11': 0.7913620112396299, 'lag_12': 0.6100384736581723, 'lag_13': 0.040415130758346185, 'lag_14': 0.7731699099140237, 'lag_15': 0.6818430110660086, 'lag_16': 0.03650031612688098, 'lag_17': 0.249373591519991, 'lag_18': 0.8152515467100941, 'lag_19': 0.008956598464172669, 'lag_20': 0.3509210734532388, 'lag_21': 0.6005460365540171, 'lag_22': 0.3581790294646847, 'lag_23': 0.41538946733712645, 'lag_24': 0.4142992657513187, 'lag_25': 0.0021199929892272706, 'lag_26': 0.4344578221013776, 'lag_27': 0.7912217286427788, 'lag_28': 0.4282743011185309}. Best is trial 5 with value: 0.016592326496097858.
[I 2025-09-29 11:52:25,606] Trial 14 finished with value: 0.01705094132597922 and parameters: {'lag_0': 0.5540588913952588, 'lag_1': 0.5499932937424897, 'lag_2': 0.581912895084213, 'lag_3': 0.7636531793938548, 'lag_4': 0.00578387972002381, 'lag_5': 0.950516912251633, 'lag_6': 0.9639188594660204, 'lag_7': 0.7610422077411743, 'lag_8': 0.8317781916108031, 'lag_9': 0.4640236264036036, 'lag_10': 0.019230574174157883, 'lag_11': 0.4260509229360717, 'lag_12': 0.9646512596355787, 'lag_13': 0.4188846706442737, 'lag_14': 0.387227109920834, 'lag_15': 0.4000020466488767, 'lag_16': 0.3143448476589914, 'lag_17': 0.5531890888992266, 'lag_18': 0.45271379425663577, 'lag_19': 0.5100622266069404, 'lag_20': 0.8205364634880385, 'lag_21': 0.35042849055571457, 'lag_22': 0.2621474108458798, 'lag_23': 0.17349850892162544, 'lag_24': 0.6264264109694767, 'lag_25': 0.6875456008444057, 'lag_26': 0.23583777642382653, 'lag_27': 0.4164080749741891, 'lag_28': 0.7762159609731933}. Best is trial 5 with value: 0.016592326496097858.
[I 2025-09-29 11:52:27,902] Trial 15 finished with value: 0.01693318884700343 and parameters: {'lag_0': 0.33646745350610163, 'lag_1': 0.4661791423691418, 'lag_2': 0.5713758904504839, 'lag_3': 0.6489190581803457, 'lag_4': 0.6127698786911006, 'lag_5': 0.38196796603325817, 'lag_6': 0.6212877415277738, 'lag_7': 0.5790109974324055, 'lag_8': 0.30194320967472954, 'lag_9': 0.19745581647823335, 'lag_10': 0.35998632917386153, 'lag_11': 0.8084551852222968, 'lag_12': 0.22266299844266457, 'lag_13': 0.16908462767586588, 'lag_14': 0.041915479140221146, 'lag_15': 0.9616563388496615, 'lag_16': 0.14018326788677643, 'lag_17': 0.004289395952895764, 'lag_18': 0.7344716654248193, 'lag_19': 0.6622651524817796, 'lag_20': 0.5825201192345763, 'lag_21': 0.24805999021966463, 'lag_22': 0.581130050814443, 'lag_23': 0.6818264407705797, 'lag_24': 0.7849581137575621, 'lag_25': 0.577946910279061, 'lag_26': 0.036172547856695214, 'lag_27': 0.18648400824896297, 'lag_28': 0.5155520436386504}. Best is trial 5 with value: 0.016592326496097858.
[I 2025-09-29 11:52:30,190] Trial 16 finished with value: 0.016848686661886207 and parameters: {'lag_0': 0.7338496970527633, 'lag_1': 0.7440481536363764, 'lag_2': 0.38806458138882016, 'lag_3': 0.38803715290291296, 'lag_4': 0.2071518242824571, 'lag_5': 0.5850317005936241, 'lag_6': 0.319076383592513, 'lag_7': 0.2903756067199735, 'lag_8': 0.5672067523915489, 'lag_9': 0.34592398805497393, 'lag_10': 0.6992550189096736, 'lag_11': 0.6744644443343102, 'lag_12': 0.5026650335986698, 'lag_13': 0.351381039165061, 'lag_14': 0.14513479526001788, 'lag_15': 0.6655646113320401, 'lag_16': 0.4195359309093211, 'lag_17': 0.1766650340592757, 'lag_18': 0.43598552462031825, 'lag_19': 0.38655262533323254, 'lag_20': 0.2570581120748029, 'lag_21': 0.5889951276096852, 'lag_22': 0.004547348252525729, 'lag_23': 0.21451137333938552, 'lag_24': 0.2952566183161855, 'lag_25': 0.7995483505533502, 'lag_26': 0.4767702925633387, 'lag_27': 0.37875624749209325, 'lag_28': 0.7689909021754889}. Best is trial 5 with value: 0.016592326496097858.
[I 2025-09-29 11:52:32,498] Trial 17 finished with value: 0.016762012975906158 and parameters: {'lag_0': 0.04894314977937997, 'lag_1': 0.3144450497146845, 'lag_2': 0.009967906458791753, 'lag_3': 0.9205272208191312, 'lag_4': 0.347488986632818, 'lag_5': 0.18096679473540517, 'lag_6': 0.8026111705100022, 'lag_7': 0.5015109721994202, 'lag_8': 0.9850423582369244, 'lag_9': 0.12514848520574726, 'lag_10': 0.14580955050115002, 'lag_11': 0.9952778681143676, 'lag_12': 0.6173118284952903, 'lag_13': 0.5182614696325907, 'lag_14': 0.4176642870695105, 'lag_15': 0.3488933384581019, 'lag_16': 0.6084661880376433, 'lag_17': 0.42586629540090326, 'lag_18': 0.18246944009109323, 'lag_19': 0.15052736078237117, 'lag_20': 0.48298839502193774, 'lag_21': 0.11358025191678028, 'lag_22': 0.30035024046476816, 'lag_23': 0.017632626007921093, 'lag_24': 0.5559000377945189, 'lag_25': 0.3929864633492175, 'lag_26': 0.3237742526467793, 'lag_27': 0.5403210315355275, 'lag_28': 0.46509693388046586}. Best is trial 5 with value: 0.016592326496097858.
[I 2025-09-29 11:52:34,807] Trial 18 finished with value: 0.017306055233450836 and parameters: {'lag_0': 0.8977756592223732, 'lag_1': 0.04281672856275137, 'lag_2': 0.8442145873702956, 'lag_3': 0.23426315040071102, 'lag_4': 0.5665480620814214, 'lag_5': 0.3825835749582147, 'lag_6': 0.5513610628584878, 'lag_7': 0.8355260631359813, 'lag_8': 0.35048809149164556, 'lag_9': 0.5226247890315499, 'lag_10': 0.8042334063924552, 'lag_11': 0.459848143450232, 'lag_12': 0.1817885095860845, 'lag_13': 0.09832420502937536, 'lag_14': 0.8494870599021153, 'lag_15': 0.5361878188325625, 'lag_16': 0.38847823943584603, 'lag_17': 0.7394581809192239, 'lag_18': 0.6309723105995122, 'lag_19': 0.7467488185212079, 'lag_20': 0.8332576292838199, 'lag_21': 0.3453383110740752, 'lag_22': 0.8589610135964414, 'lag_23': 0.4087862575933281, 'lag_24': 0.17734647360971106, 'lag_25': 0.11273469308269704, 'lag_26': 0.8393383058298717, 'lag_27': 0.8420750811377202, 'lag_28': 0.636814191368578}. Best is trial 5 with value: 0.016592326496097858.
