[I 2025-10-03 11:35:03,070] Trial 90 finished with values: [0.009393095305183218, 0.005678778351896958, 0.001971647800124589, 0.000887303352389465, 0.00027598051994525417, 0.00029872975094213776, 0.002180677010314126, 0.0008829384665204829, 0.0012445827756094121, 0.0004212376742167608, 0.0008756065813630201, 0.0005790088909010556, 0.0017787334003992873, 0.0057753407028903235, 0.0, 0.11294093311316769, 0.0008493337633442075, 0.01896873322561408, 0.010043977191583313, 0.0022104695529582517, 0.004834630920470749, 0.0035252050537580943, 0.004265774567240952, 5.198459663073128e-05, 0.001042378834929578, 0.0005905106417705194, 0.0007665468806187388, 0.0004606223476845956, 0.0007354614234733071] and parameters: {'lag_0': 0.4310295607016668, 'lag_1': 0.8351624594123547, 'lag_2': 0.8170440093892672, 'lag_3': 0.41764139713916393, 'lag_4': 0.028205165134582103, 'lag_5': 0.2382311425828886, 'lag_6': 0.06380150277319152, 'lag_7': 0.8579639037821845, 'lag_8': 0.7843976791693702, 'lag_9': 0.4430116909937573, 'lag_10': 0.6127186474883262, 'lag_11': 0.21648688401711752, 'lag_12': 0.612647022709318, 'lag_13': 0.3043338617050738, 'lag_14': 0.22057529861415734, 'lag_15': 0.516645093651812, 'lag_16': 0.38661432145745, 'lag_17': 0.7173657067999545, 'lag_18': 0.2843895093006674, 'lag_19': 0.3041287041466386, 'lag_20': 0.25072509533811377, 'lag_21': 0.517986085253014, 'lag_22': 0.16095888820670348, 'lag_23': 0.28876344035074175, 'lag_24': 0.5659452986254009, 'lag_25': 0.14669052979452346, 'lag_26': 0.1682147108424644, 'lag_27': 0.8703025655830423, 'lag_28': 0.5990403533226526}.
[I 2025-10-03 11:35:05,734] Trial 91 finished with values: [0.022335600907029476, 0.0012480464816337369, 0.0005242935703904254, 0.0009617888027797781, 0.0008230365612204882, 0.0001599963441590542, 0.0014782774327471867, 0.0004441773991470976, 0.0005101305615453332, 0.0006870393437778679, 0.0005447935822615895, 0.0008866589341552022, 0.0030640530109236125, 0.003918983115347034, 0.0, 0.11376948300483056, 0.0007519697561624245, 0.019603442047258283, 0.010918504413746206, 0.002189432082335304, 0.004919196118807023, 0.00379849655681693, 0.003841179778445299, 8.953504782540408e-05, 0.0009413009608178274, 0.0004221075476317222, 0.001014068525388021, 0.0002804540456322142, 0.0005067674317113453] and parameters: {'lag_0': 0.955849335751838, 'lag_1': 0.6164800078247715, 'lag_2': 0.14620340109303806, 'lag_3': 0.8719264134007275, 'lag_4': 0.7879519755678058, 'lag_5': 0.19978177794559038, 'lag_6': 0.6906175671617446, 'lag_7': 0.7952219191762331, 'lag_8': 0.44684298966640484, 'lag_9': 0.3531423295882139, 'lag_10': 0.2906359163759102, 'lag_11': 0.05711717070256062, 'lag_12': 0.06899924971479586, 'lag_13': 0.2913033905693119, 'lag_14': 0.20346834738683686, 'lag_15': 0.14562656471440683, 'lag_16': 0.335636184357776, 'lag_17': 0.783642362239145, 'lag_18': 0.6987604844868368, 'lag_19': 0.5805126447643668, 'lag_20': 0.29889928975739516, 'lag_21': 0.7231804073022668, 'lag_22': 0.7755485468285497, 'lag_23': 0.40276944488289723, 'lag_24': 0.6035637780285017, 'lag_25': 0.13695156271657613, 'lag_26': 0.6196657873681334, 'lag_27': 0.9185956930303498, 'lag_28': 0.9709467062158746}.
[I 2025-10-03 11:35:08,397] Trial 92 finished with values: [0.017601469237832873, 0.002777183887848248, 0.0013385752098429384, 0.0004828736139035469, 0.00031867914516994246, 0.0005106166789387094, 0.002039170099752166, 0.00028633422254711134, 0.0006726209651028185, 0.0001759342729780333, 0.0012367720136236611, 0.0009461124358387142, 0.0018719544460300747, 0.0048488598593120335, 0.0, 0.10992366828885898, 0.0006779047689577345, 0.02032873204255345, 0.009439425693481534, 0.0022932744667748207, 0.004901209866274671, 0.003894853218789423, 0.003516856793462054, 6.615579184468332e-05, 0.001091313467306329, 0.0008469651022402803, 0.0007196544837554055, 0.0004317434020680639, 0.0007407246603932571] and parameters: {'lag_0': 0.6682449911792682, 'lag_1': 0.8107498884114085, 'lag_2': 0.6861933355321624, 'lag_3': 0.6468884627046908, 'lag_4': 0.4154552061031483, 'lag_5': 0.8758793641057295, 'lag_6': 0.027846733019370264, 'lag_7': 0.6043139437817817, 'lag_8': 0.8163871446920367, 'lag_9': 0.2411146305461767, 'lag_10': 0.3463838392898732, 'lag_11': 0.7285220530449492, 'lag_12': 0.2128883987548734, 'lag_13': 0.13571003241378207, 'lag_14': 0.8428168414260571, 'lag_15': 0.9234818512546208, 'lag_16': 0.3802494243887143, 'lag_17': 0.8540818634526202, 'lag_18': 0.26623866794352113, 'lag_19': 0.8549354009404183, 'lag_20': 0.7203725231656953, 'lag_21': 0.2539193812888216, 'lag_22': 0.6552255227625288, 'lag_23': 0.5111598325263995, 'lag_24': 0.7620294326205125, 'lag_25': 0.7775895016025489, 'lag_26': 0.6623974614865037, 'lag_27': 0.8766313234053221, 'lag_28': 0.24552407272639526}.
[I 2025-10-03 11:35:11,068] Trial 93 finished with values: [0.01909800957420005, 0.0020657027927785316, 0.001999713238495974, 0.001991547303057026, 0.000576520130160309, 0.0012448294128765164, 0.0013487204668923747, 0.00047249712764176695, 0.0007785059447178354, 0.0006572802448182524, 0.0005270701868279483, 0.0007586879540644792, 0.002453730421160004, 0.005467138755146797, 0.0, 0.10696112317013332, 0.0005246595056221869, 0.020164761889863096, 0.009993942920748969, 0.0023619569416447254, 0.004654724013014701, 0.003365583669439294, 0.004494439286457864, 0.00015560681826165508, 0.000977022173762056, 0.0008677618329891347, 0.0004815861866990357, 0.00017650823700641224, 0.00024765765019163163] and parameters: {'lag_0': 0.16192823190180414, 'lag_1': 0.34236419601293394, 'lag_2': 0.5188217903820634, 'lag_3': 0.3862518297950345, 'lag_4': 0.08966711077909416, 'lag_5': 0.446670494752588, 'lag_6': 0.8817074923307588, 'lag_7': 0.5180059617341404, 'lag_8': 0.8230932328795865, 'lag_9': 0.7505415092928223, 'lag_10': 0.7475095094972599, 'lag_11': 0.8073928193426126, 'lag_12': 0.8708673645002538, 'lag_13': 0.8949719879762406, 'lag_14': 0.07142563657365232, 'lag_15': 0.8887904094648462, 'lag_16': 0.7385587692193771, 'lag_17': 0.2557943605647228, 'lag_18': 0.7696661536881739, 'lag_19': 0.9783709018102447, 'lag_20': 0.028065704973507938, 'lag_21': 0.27413037788349814, 'lag_22': 0.9508489329358092, 'lag_23': 0.3291489067117584, 'lag_24': 0.02961181885481151, 'lag_25': 0.5687421808269852, 'lag_26': 0.5160019532861294, 'lag_27': 0.6656256344587801, 'lag_28': 0.43448808643147485}.
[I 2025-10-03 11:35:13,727] Trial 94 finished with values: [0.01750617283950617, 0.002545763070933195, 0.002699666424081899, 0.0010880620494686897, 0.0005532217319068457, 0.0009010364194183349, 0.0010116544427495053, 0.0003792716929251215, 0.0009924652523994886, 0.0002050219623662921, 0.0012815134677477268, 0.0006019873933066593, 0.002256260454797486, 0.006652833132788492, 0.0, 0.11249589694074746, 0.0010561448953723164, 0.020229377375515806, 0.009840702634620833, 0.0022626449379543707, 0.0045884295854567506, 0.0030702786488737708, 0.004146578992446915, 0.00017778091431627343, 0.0006857770881504705, 0.0006595471603677749, 0.0004580510313442369, 0.0002682693622965562, 0.000651721996816297] and parameters: {'lag_0': 0.06963871280688201, 'lag_1': 0.684237252765346, 'lag_2': 0.7166003218713335, 'lag_3': 0.389202801480297, 'lag_4': 0.15541942399799236, 'lag_5': 0.24651530876227457, 'lag_6': 0.21236841890917763, 'lag_7': 0.748893750736805, 'lag_8': 0.9335716125444794, 'lag_9': 0.5403267443846111, 'lag_10': 0.32665006681081776, 'lag_11': 0.7649643204815381, 'lag_12': 0.6635909829477957, 'lag_13': 0.32850104962280663, 'lag_14': 0.8320262394580411, 'lag_15': 0.5834662621366229, 'lag_16': 0.5601310576796527, 'lag_17': 0.7353779413423228, 'lag_18': 0.22671557466481715, 'lag_19': 0.2080132596708206, 'lag_20': 0.12653488428065637, 'lag_21': 0.08844316448127733, 'lag_22': 0.6637823656794236, 'lag_23': 0.16979222253885043, 'lag_24': 0.6591185927635232, 'lag_25': 0.17549522583313779, 'lag_26': 0.14488533381120275, 'lag_27': 0.39784306003401054, 'lag_28': 0.997362094758493}.
[I 2025-10-03 11:35:16,383] Trial 95 finished with values: [0.02777777777777778, 0.0021815503338975875, 0.0007360047187857431, 0.0003741851448345963, 0.0007775053117234528, 0.0009448692982159063, 0.0024523287794295328, 0.0006368262019947475, 0.0014887359900272053, 0.00027237540615895645, 0.0007530311712129025, 0.0007784023938132105, 0.0016682234030300142, 0.006621604495342648, 0.0, 0.11369724130080497, 0.000507889754300179, 0.020191830895260377, 0.010792520174933725, 0.0023392190539666476, 0.005601987035722782, 0.003260457724613848, 0.004989073073193047, 0.00012929089361645398, 0.0010696547631154185, 0.0006942707914147815, 0.00030326570342256997, 0.0004113532978231325, 0.00038377164944867863] and parameters: {'lag_0': 0.14801809727480433, 'lag_1': 0.25478866466067435, 'lag_2': 0.9345904060992177, 'lag_3': 0.7809657071788911, 'lag_4': 0.4537621524159346, 'lag_5': 0.09803202447897132, 'lag_6': 0.26319938751701866, 'lag_7': 0.85302827572762, 'lag_8': 0.43468294191623646, 'lag_9': 0.7260604917394994, 'lag_10': 0.4157214830760448, 'lag_11': 0.5959726907101338, 'lag_12': 0.362182240688114, 'lag_13': 0.07834463167428465, 'lag_14': 0.4380204594571407, 'lag_15': 0.15855563443668647, 'lag_16': 0.7480080237708071, 'lag_17': 0.6201864394309078, 'lag_18': 0.8625073049446143, 'lag_19': 0.8524035719813036, 'lag_20': 0.28044108413892027, 'lag_21': 0.04695619877952066, 'lag_22': 0.7840014318635535, 'lag_23': 0.9826826415485205, 'lag_24': 0.976147267132534, 'lag_25': 0.9114254422728532, 'lag_26': 0.7165028676776508, 'lag_27': 0.7133592507281117, 'lag_28': 0.09506323962024817}.
[I 2025-10-03 11:35:19,043] Trial 96 finished with values: [0.014777777777777779, 0.002815675121643665, 0.001952832163047861, 0.0012244723361486936, 0.00027852890470295426, 0.0016309716048950149, 0.001129357602404323, 0.0004726166891729971, 0.0013064871844430427, 0.0008951293491660298, 0.0006364611336152719, 0.00044948556950343043, 0.00095619283709452, 0.005834513660690271, 0.0, 0.11636033933623247, 0.0012636786338901206, 0.019560188961953405, 0.009616354784682746, 0.001979724009883723, 0.00421914790358199, 0.003846408650597312, 0.005299284816910326, 0.00011480866566402621, 0.000987323360624182, 0.0010876353977777515, 0.0005305790830342023, 0.00020148617464055756, 0.00032103504176411333] and parameters: {'lag_0': 0.6591975684391381, 'lag_1': 0.3090046864717229, 'lag_2': 0.41789394462255314, 'lag_3': 0.30521301795850103, 'lag_4': 0.08857940697693496, 'lag_5': 0.8372245517783823, 'lag_6': 0.1798279053853564, 'lag_7': 0.6636386393931349, 'lag_8': 0.5856569176790175, 'lag_9': 0.5598843718926917, 'lag_10': 0.7507849412920662, 'lag_11': 0.49524429569414935, 'lag_12': 0.15919534651386252, 'lag_13': 0.4767778735367252, 'lag_14': 0.8558024573806696, 'lag_15': 0.8574640333698531, 'lag_16': 0.8175957693829703, 'lag_17': 0.5375107588359925, 'lag_18': 0.8943493084541666, 'lag_19': 0.3058134883620987, 'lag_20': 0.09350297570607775, 'lag_21': 0.3151154210147272, 'lag_22': 0.8437091602956148, 'lag_23': 0.6453626316077544, 'lag_24': 0.7215262938184818, 'lag_25': 0.49540859310030894, 'lag_26': 0.7363454077792316, 'lag_27': 0.4407268415303726, 'lag_28': 0.9862504679321715}.
[I 2025-10-03 11:35:21,701] Trial 97 finished with values: [0.02777777777777778, 0.00280023518710171, 0.0028139421978878613, 0.001756595322857843, 0.0009338220151664283, 0.0012172637658084116, 0.0018299317073803324, 4.879093773156875e-05, 0.0012025628814672199, 0.0005224626306180958, 0.0005787130499563205, 0.0011424503339257997, 0.0019981166151026575, 0.004655685709693896, 0.0, 0.11706930007629168, 0.0007355272502743722, 0.02008040112858419, 0.010025174545569943, 0.0020820186254014482, 0.004516684383757, 0.003588774643721935, 0.004611178091572665, 0.0001348908002823883, 0.0016596647290430735, 0.0005403728923538515, 0.0008695916171499493, 0.0002066605241799, 0.0013283182262504504] and parameters: {'lag_0': 0.4310295607016668, 'lag_1': 0.8351624594123547, 'lag_2': 0.8838159202043273, 'lag_3': 0.6259639367011098, 'lag_4': 0.028205165134582103, 'lag_5': 0.05302546688386329, 'lag_6': 0.2936298460520545, 'lag_7': 0.5297875309544702, 'lag_8': 0.28030603385451675, 'lag_9': 0.752857663591332, 'lag_10': 0.3098929197087473, 'lag_11': 0.5065072150721998, 'lag_12': 0.45967256878109114, 'lag_13': 0.3043338617050738, 'lag_14': 0.2928485044683456, 'lag_15': 0.8153033485507487, 'lag_16': 0.38661432145745, 'lag_17': 0.6003840106927337, 'lag_18': 0.43973094786616307, 'lag_19': 0.3041287041466386, 'lag_20': 0.13349813921124237, 'lag_21': 0.517986085253014, 'lag_22': 0.16095888820670348, 'lag_23': 0.10175997374814823, 'lag_24': 0.5684141614882505, 'lag_25': 0.8395418114769989, 'lag_26': 0.5960612808866165, 'lag_27': 0.7047236517255934, 'lag_28': 0.654419123488765}.
[I 2025-10-03 11:35:24,357] Trial 98 finished with values: [0.013889676240866716, 0.0029287385442489265, 0.0022673866329089654, 0.0017325874065236325, 0.0006362853295846525, 0.00053916407564549, 0.0018288993262720605, 0.0003240439034090021, 0.0006713130546703158, 0.0002744724522664225, 0.0008950287986661837, 0.000349231105167889, 0.002444321468176137, 0.005469404260690415, 0.0, 0.11604967205258629, 0.001653061217547426, 0.018791803569232723, 0.009349946114524756, 0.0016903200249133096, 0.004595499712731373, 0.0035842748932705185, 0.004098989283945829, 0.00013117097372537933, 0.001085580814654389, 0.0009033591785648177, 0.001132189336311412, 0.0002993488967598315, 0.0011421618183236374] and parameters: {'lag_0': 0.08961376772113248, 'lag_1': 0.4512983734005729, 'lag_2': 0.37371918622960687, 'lag_3': 0.528136496378091, 'lag_4': 0.674224147937309, 'lag_5': 0.09700878011147654, 'lag_6': 0.2936298460520545, 'lag_7': 0.5297875309544702, 'lag_8': 0.42224693130701635, 'lag_9': 0.5263906940401042, 'lag_10': 0.948185513412424, 'lag_11': 0.5065072150721998, 'lag_12': 0.2894100063212796, 'lag_13': 0.16769970623730926, 'lag_14': 0.39941036687370124, 'lag_15': 0.8153033485507487, 'lag_16': 0.25662119621916213, 'lag_17': 0.5449297073536445, 'lag_18': 0.29342123961811717, 'lag_19': 0.0279656966247194, 'lag_20': 0.9647972109356547, 'lag_21': 0.8102855280670865, 'lag_22': 0.553475773856697, 'lag_23': 0.10175997374814823, 'lag_24': 0.5684141614882505, 'lag_25': 0.6626828158914754, 'lag_26': 0.5583213052033041, 'lag_27': 0.623935715863608, 'lag_28': 0.9418321246796008}.
[I 2025-10-03 11:35:27,013] Trial 99 finished with values: [0.02777777777777778, 0.0037685816440306288, 0.00032971484660709703, 0.00038143415811574353, 0.0014302245326115717, 0.0004766526178550727, 0.0011203796969255174, 0.0002867864941670518, 0.00021653607483207842, 0.0004079240583092471, 0.0008603970441290725, 0.0007776635678366513, 0.001564440052603755, 0.006095218716728959, 0.0, 0.11240364198318442, 0.0007171970118428916, 0.019128143304514462, 0.010039179591572913, 0.002557556626507417, 0.004589599069973532, 0.0035653498699836973, 0.0042459689953811865, 4.960003164054953e-05, 0.0013544482769287252, 0.0006096256540471096, 0.0005273470629405398, 0.00016210004987349675, 0.0005378549941462262] and parameters: {'lag_0': 0.1467814202071698, 'lag_1': 0.2446401344976357, 'lag_2': 0.6121509567935599, 'lag_3': 0.8692075664058505, 'lag_4': 0.19884535922267915, 'lag_5': 0.17237875670732997, 'lag_6': 0.7495703263746656, 'lag_7': 0.25107002200777384, 'lag_8': 0.4196282053689944, 'lag_9': 0.1329960073977067, 'lag_10': 0.385797693231602, 'lag_11': 0.04880402304971546, 'lag_12': 0.7463265679313447, 'lag_13': 0.7688281511251032, 'lag_14': 0.2613027687606889, 'lag_15': 0.013393725905943265, 'lag_16': 0.6701927484007474, 'lag_17': 0.32947266300845307, 'lag_18': 0.7188914515657482, 'lag_19': 0.3282405661840232, 'lag_20': 0.5710341818086138, 'lag_21': 0.5310368675814987, 'lag_22': 0.39761797506615343, 'lag_23': 0.5612432271177019, 'lag_24': 0.7441406742842845, 'lag_25': 0.06593513138799864, 'lag_26': 0.6867524001527651, 'lag_27': 0.9672734275111519, 'lag_28': 0.7746417344717875}.
[I 2025-10-03 11:35:27,024] A new study created in memory with name: no-name-46b6f638-bdd5-4b94-a2aa-41c8c04ef8bc
[I 2025-10-03 11:35:29,680] Trial 0 finished with values: [0.0, 0.0010702947845804987, 0.0025978863324912097, 0.0010436291258934906, 0.00258994050060432, 0.00046329304577156176, 0.000614335572100682, 0.0004923048072827364, 0.00038489126550661517, 0.0007310506916830183, 0.0006395297835879754, 0.003373644310236312, 0.0035899227759331196, 0.02454747862615984, 0.0, 0.0439784274804477, 0.00010090963382637067, 0.0008844929801201083, 0.0020130031442240994, 0.0023910040107906344, 0.000857200684097082, 4.058803060406093e-05, 6.892188415016966e-05, 0.0014514488720172092, 0.0013060445821698949, 0.0003837844847142369, 0.0003101761174594757, 0.00022317187339542023, 0.001230721050299406] and parameters: {'lag_0': 0.99758088253734, 'lag_1': 0.2941156560773397, 'lag_2': 0.20388159150331725, 'lag_3': 0.46517513214269324, 'lag_4': 0.9381614964999119, 'lag_5': 0.7783237151526379, 'lag_6': 0.42940985653979646, 'lag_7': 0.8815693908055847, 'lag_8': 0.6482375954767293, 'lag_9': 0.999253603099946, 'lag_10': 0.06126372173290155, 'lag_11': 0.2308174343180464, 'lag_12': 0.00040084958781130614, 'lag_13': 0.7783459747147046, 'lag_14': 0.3370882123007851, 'lag_15': 0.34387842470609437, 'lag_16': 0.8483427245926874, 'lag_17': 0.879600733286073, 'lag_18': 0.8138429800527875, 'lag_19': 0.37410258546633934, 'lag_20': 0.6686464728125998, 'lag_21': 0.36499914391778376, 'lag_22': 0.7080035055972564, 'lag_23': 0.38454846576010565, 'lag_24': 0.07999151136163606, 'lag_25': 0.33998831140425934, 'lag_26': 0.39719630418934715, 'lag_27': 0.3082692338550728, 'lag_28': 0.5952319940679051}.
[I 2025-10-03 11:35:32,318] Trial 1 finished with values: [0.01415289256198347, 0.0008894111563364764, 0.0004140614969360272, 0.0010169788743810621, 0.0013724970567829005, 0.0005795823521912042, 0.00024121514481070572, 0.0012383900674125903, 0.000647981339137221, 0.0005732895857737846, 0.0005848889294360569, 0.003836030476460638, 0.004618729513698894, 0.021825118586791824, 0.0, 0.048963033912412156, 0.00011813174558504403, 0.0003808784501538126, 0.0014261081980572227, 0.0022309958580810614, 0.0014437489157909757, 1.6418115703984284e-05, 4.426916859753213e-05, 0.0021106680173359595, 0.0013793644176742805, 0.00011502668893126175, 0.0004369734197285084, 8.031747143591079e-05, 0.0009302527830543607] and parameters: {'lag_0': 0.8843102591698837, 'lag_1': 0.39630081492727576, 'lag_2': 0.4634548559498842, 'lag_3': 0.35197587940206115, 'lag_4': 0.159332601950443, 'lag_5': 0.33702599734868266, 'lag_6': 0.6477586109740855, 'lag_7': 0.5804934611226317, 'lag_8': 0.9701612847273406, 'lag_9': 0.5706833548401801, 'lag_10': 0.6845074143610982, 'lag_11': 0.6443870573019952, 'lag_12': 0.6846561516163933, 'lag_13': 0.8640181855474554, 'lag_14': 0.8033268703981454, 'lag_15': 0.9365235656070481, 'lag_16': 0.7119903776988799, 'lag_17': 0.9778498310916627, 'lag_18': 0.4743161608453105, 'lag_19': 0.3887126963236305, 'lag_20': 0.12977378220341926, 'lag_21': 0.8043354071400293, 'lag_22': 0.8665007258975174, 'lag_23': 0.16742087636466274, 'lag_24': 0.47978195871519824, 'lag_25': 0.6400559207915616, 'lag_26': 0.49675560436700394, 'lag_27': 0.05065076489742058, 'lag_28': 0.21489631321014657}.
[I 2025-10-03 11:35:34,968] Trial 2 finished with values: [0.013059975162539266, 0.001042696217688364, 3.20240508199297e-05, 0.0014164790842011127, 0.0019061611996949428, 0.0005643992587645834, 0.00014991797402541136, 0.000465761680792211, 0.0003805257971778584, 0.00040278000099128576, 0.0010470251482128047, 0.0034274502460674983, 0.0036621840377296907, 0.022741222262820087, 0.0, 0.0469509550378386, 0.0001606952275504103, 0.00041929020434591633, 0.0017139133473671436, 0.002200615771064011, 0.0011830081545256878, 6.434994337637812e-05, 1.6880504770739578e-05, 0.0016286267693817961, 0.0007607976563159946, 0.0002409689717743272, 0.00020224199369074593, 0.00019111784030999211, 0.0003531967146798993] and parameters: {'lag_0': 0.6530982221526369, 'lag_1': 0.8915297173554384, 'lag_2': 0.4353074004561734, 'lag_3': 0.16819026983486984, 'lag_4': 0.4041723999358297, 'lag_5': 0.8519602773051064, 'lag_6': 0.9204162970240134, 'lag_7': 0.8179018371247395, 'lag_8': 0.3351527557590499, 'lag_9': 0.8144802075239199, 'lag_10': 0.40394069718558306, 'lag_11': 0.7484984928633283, 'lag_12': 0.04523908722378597, 'lag_13': 0.7915136258760362, 'lag_14': 0.5639955048288954, 'lag_15': 0.4390826086427199, 'lag_16': 0.25845114468364105, 'lag_17': 0.29287270757119505, 'lag_18': 0.7583837287174755, 'lag_19': 0.28127661840388435, 'lag_20': 0.22322679872990603, 'lag_21': 0.8232233042156331, 'lag_22': 0.24425587505382762, 'lag_23': 0.9474851216928974, 'lag_24': 0.2540846511016165, 'lag_25': 0.8906855702132824, 'lag_26': 0.7179122933674319, 'lag_27': 0.7446313138655686, 'lag_28': 0.6365236216057776}.
