[I 2025-09-29 13:24:46,559] Trial 66 finished with value: 0.004984594671046452 and parameters: {'lag_0': 0.5653772171627507, 'lag_1': 0.2825592716459116, 'lag_2': 0.6221714358493902, 'lag_3': 0.6253922177927397, 'lag_4': 0.12394249009256007, 'lag_5': 0.6994019001813331, 'lag_6': 0.30700932848054896, 'lag_7': 0.14611649343609232, 'lag_8': 0.8533931235759963, 'lag_9': 0.3023146975547262, 'lag_10': 0.527934082756673, 'lag_11': 0.8724306215922928, 'lag_12': 0.9640402973979836, 'lag_13': 0.4133358346553855, 'lag_14': 0.7522495472511429, 'lag_15': 0.40488836398549727, 'lag_16': 0.646357676429159, 'lag_17': 0.9650069150354994, 'lag_18': 0.06886522302826384, 'lag_19': 0.9300776177450197, 'lag_20': 0.7154804568494311, 'lag_21': 0.3422697435022476, 'lag_22': 0.056748080875265415, 'lag_23': 0.6681270322902476, 'lag_24': 0.4103092256258082, 'lag_25': 0.16768157670760153, 'lag_26': 0.10943335059685622, 'lag_27': 0.96432207051585, 'lag_28': 0.2890531790223805}. Best is trial 20 with value: 0.004898677599398006.
[I 2025-09-29 13:24:48,996] Trial 67 finished with value: 0.0054127796492944216 and parameters: {'lag_0': 0.3953688598456292, 'lag_1': 0.28673955353830854, 'lag_2': 0.47952048936142455, 'lag_3': 0.6049771563058628, 'lag_4': 0.12412085146955933, 'lag_5': 0.6982395595277381, 'lag_6': 0.2968518457031152, 'lag_7': 0.233122148385958, 'lag_8': 0.8932308800020567, 'lag_9': 0.29171596462726684, 'lag_10': 0.6491945497004179, 'lag_11': 0.29329645842798413, 'lag_12': 0.9685848487160434, 'lag_13': 0.9466420329945303, 'lag_14': 0.8590003692360184, 'lag_15': 0.5296184840450866, 'lag_16': 0.7698214115796553, 'lag_17': 0.94976934351894, 'lag_18': 0.1634729072126161, 'lag_19': 0.8996054414406837, 'lag_20': 0.7308841225437918, 'lag_21': 0.35469227044682017, 'lag_22': 0.025891737896209854, 'lag_23': 0.6628056991717125, 'lag_24': 0.3921841802822037, 'lag_25': 0.02352939860556444, 'lag_26': 0.1267291211614586, 'lag_27': 0.8457806350100796, 'lag_28': 0.3496880597873119}. Best is trial 20 with value: 0.004898677599398006.
[I 2025-09-29 13:24:51,423] Trial 68 finished with value: 0.005318142341552886 and parameters: {'lag_0': 0.5544506545939762, 'lag_1': 0.3357331281732947, 'lag_2': 0.6091736987433644, 'lag_3': 0.6524522659063986, 'lag_4': 0.3207420916173616, 'lag_5': 0.7201636985483792, 'lag_6': 0.2448185044628115, 'lag_7': 0.18782676506886273, 'lag_8': 0.5145906486621756, 'lag_9': 0.4134963100149367, 'lag_10': 0.9987234708640679, 'lag_11': 0.8914316659286124, 'lag_12': 0.8831633959236623, 'lag_13': 0.41894913783454185, 'lag_14': 0.7556907589673696, 'lag_15': 0.39261261726683977, 'lag_16': 0.17613137488784725, 'lag_17': 0.9744017218636798, 'lag_18': 0.6121258281516209, 'lag_19': 0.9263213234873038, 'lag_20': 0.6617900434604406, 'lag_21': 0.32030607836781155, 'lag_22': 0.06739260989396124, 'lag_23': 0.7040258631627717, 'lag_24': 0.3533357533101194, 'lag_25': 0.15227928606840474, 'lag_26': 0.05479870194386398, 'lag_27': 0.9938575705004863, 'lag_28': 0.2948497839951033}. Best is trial 20 with value: 0.004898677599398006.
[I 2025-09-29 13:24:53,846] Trial 69 finished with value: 0.005099761792018083 and parameters: {'lag_0': 0.4603998533461455, 'lag_1': 0.569854286518771, 'lag_2': 0.6461376955694398, 'lag_3': 0.7329034005367411, 'lag_4': 0.28760823990033313, 'lag_5': 0.8975026643296982, 'lag_6': 0.32246258441381453, 'lag_7': 0.14475929433980947, 'lag_8': 0.8488899778758608, 'lag_9': 0.362490209840143, 'lag_10': 0.003020958420236808, 'lag_11': 0.6243292718222028, 'lag_12': 0.9863800748854938, 'lag_13': 0.27896610042039216, 'lag_14': 0.8043878117132588, 'lag_15': 0.31733369568377545, 'lag_16': 0.6370401355925537, 'lag_17': 0.472700439786636, 'lag_18': 0.23288815517401185, 'lag_19': 0.45924367887607737, 'lag_20': 0.7585850998670783, 'lag_21': 0.4022091227510208, 'lag_22': 0.10401549707338652, 'lag_23': 0.4760402143213088, 'lag_24': 0.1831161946093734, 'lag_25': 0.07781656146329405, 'lag_26': 0.07969848766268918, 'lag_27': 0.04192254776005022, 'lag_28': 0.5497542426784667}. Best is trial 20 with value: 0.004898677599398006.
[I 2025-09-29 13:24:56,277] Trial 70 finished with value: 0.005863081197252514 and parameters: {'lag_0': 0.648231953212798, 'lag_1': 0.25064350566072585, 'lag_2': 0.004859850668076482, 'lag_3': 0.5209593929315653, 'lag_4': 0.046677369697641094, 'lag_5': 0.8004420253682846, 'lag_6': 0.7569405794834677, 'lag_7': 0.5705213485729417, 'lag_8': 0.7412320896211888, 'lag_9': 0.45082899232749135, 'lag_10': 0.5942310761358441, 'lag_11': 0.35628735912300125, 'lag_12': 0.95539019344867, 'lag_13': 0.34864210406153334, 'lag_14': 0.9397080829206198, 'lag_15': 0.3858473711637615, 'lag_16': 0.10635214570689648, 'lag_17': 0.16430566902539712, 'lag_18': 0.07076299311923955, 'lag_19': 0.5290544691097605, 'lag_20': 0.8126097749342536, 'lag_21': 0.9999822722548373, 'lag_22': 0.13792270859624578, 'lag_23': 0.6093553020316398, 'lag_24': 0.5189092772391881, 'lag_25': 0.15183493277076976, 'lag_26': 0.7473351601944325, 'lag_27': 0.9587664032151308, 'lag_28': 0.9268772129774729}. Best is trial 20 with value: 0.004898677599398006.
[I 2025-09-29 13:24:58,717] Trial 71 finished with value: 0.005282201594827101 and parameters: {'lag_0': 0.6892313389954943, 'lag_1': 0.1753574552084588, 'lag_2': 0.796154182437071, 'lag_3': 0.031090490787367923, 'lag_4': 0.18274777867946168, 'lag_5': 0.6650214484785141, 'lag_6': 0.20104295204551834, 'lag_7': 0.08605157101837899, 'lag_8': 0.7837987385995128, 'lag_9': 0.18559185468923112, 'lag_10': 0.5152840061971308, 'lag_11': 0.8379913671735554, 'lag_12': 0.3947362099115655, 'lag_13': 0.6960146737063128, 'lag_14': 0.6890867401581788, 'lag_15': 0.6036122766201084, 'lag_16': 0.6033693087210568, 'lag_17': 0.9021476767426089, 'lag_18': 0.035509988708183955, 'lag_19': 0.5933419885175465, 'lag_20': 0.5027534560842272, 'lag_21': 0.2772632287284915, 'lag_22': 0.16587474240784236, 'lag_23': 0.29125660735034486, 'lag_24': 0.2988985546442424, 'lag_25': 0.21500806655723556, 'lag_26': 0.20294482204097652, 'lag_27': 0.9012669522472323, 'lag_28': 0.1782746650356178}. Best is trial 20 with value: 0.004898677599398006.
[I 2025-09-29 13:25:01,161] Trial 72 finished with value: 0.005050120166794698 and parameters: {'lag_0': 0.8610104069955837, 'lag_1': 0.20500882129325274, 'lag_2': 0.9381976793864253, 'lag_3': 0.5650612847893639, 'lag_4': 0.1250408562250692, 'lag_5': 0.5596299206843698, 'lag_6': 0.35904972499739307, 'lag_7': 0.18659760673636788, 'lag_8': 0.6931413057362086, 'lag_9': 0.3161508387138451, 'lag_10': 0.5412360024849029, 'lag_11': 0.8763815558815644, 'lag_12': 0.5062669552706023, 'lag_13': 0.5526135557503357, 'lag_14': 0.5108553243309539, 'lag_15': 0.42049996523003647, 'lag_16': 0.4848485210219411, 'lag_17': 0.8211492566187579, 'lag_18': 0.11137442115093985, 'lag_19': 0.7783376842014784, 'lag_20': 0.6196495534274727, 'lag_21': 0.3788374355040176, 'lag_22': 0.06109099798261411, 'lag_23': 0.5889463108768812, 'lag_24': 0.4646419656360229, 'lag_25': 0.29869935662419567, 'lag_26': 0.02034540507560899, 'lag_27': 0.9250791992269494, 'lag_28': 0.09375223126743816}. Best is trial 20 with value: 0.004898677599398006.
[I 2025-09-29 13:25:03,599] Trial 73 finished with value: 0.006289448270902269 and parameters: {'lag_0': 0.3672586030482081, 'lag_1': 0.026284434215588084, 'lag_2': 0.8940240618490443, 'lag_3': 0.44915093083258706, 'lag_4': 0.07173397633063378, 'lag_5': 0.4547962503062356, 'lag_6': 0.42600065386413843, 'lag_7': 0.1248145927975135, 'lag_8': 0.8520634258002919, 'lag_9': 0.12491150064778017, 'lag_10': 0.4775036455778009, 'lag_11': 0.9523746128355738, 'lag_12': 0.929619852107507, 'lag_13': 0.4899213045769945, 'lag_14': 0.6624749645317012, 'lag_15': 0.7536461990363252, 'lag_16': 0.5518367357909475, 'lag_17': 0.9236125801348175, 'lag_18': 0.06933745176900637, 'lag_19': 0.9622137731469748, 'lag_20': 0.702809538419892, 'lag_21': 0.46111947997510416, 'lag_22': 0.20330823820570623, 'lag_23': 0.5248629547099604, 'lag_24': 0.9866302642424629, 'lag_25': 0.5871382816488064, 'lag_26': 0.11278511853196982, 'lag_27': 0.8100771541483546, 'lag_28': 0.13764318842376788}. Best is trial 20 with value: 0.004898677599398006.
[I 2025-09-29 13:25:06,037] Trial 74 finished with value: 0.005184602831036822 and parameters: {'lag_0': 0.29082474954986826, 'lag_1': 0.1299832806564168, 'lag_2': 0.7213251911267221, 'lag_3': 0.26373212204485974, 'lag_4': 0.21630188661944516, 'lag_5': 0.38774834673162173, 'lag_6': 0.6923701511666345, 'lag_7': 0.27676905856842837, 'lag_8': 0.8017816352920226, 'lag_9': 0.2365415959447133, 'lag_10': 0.10186444784443985, 'lag_11': 0.7268076805047229, 'lag_12': 0.45182611941808737, 'lag_13': 0.43687464495253425, 'lag_14': 0.451365762249294, 'lag_15': 0.46297498718667707, 'lag_16': 0.6851954739832726, 'lag_17': 0.7094420601707623, 'lag_18': 0.022334128195442, 'lag_19': 0.31269141538967204, 'lag_20': 0.7824745325833086, 'lag_21': 0.46805728986962103, 'lag_22': 0.0028449447802025296, 'lag_23': 0.22823103785094348, 'lag_24': 0.2440460858066706, 'lag_25': 0.2348898806310015, 'lag_26': 0.31885006257424153, 'lag_27': 0.9451881853587873, 'lag_28': 0.2187051767340647}. Best is trial 20 with value: 0.004898677599398006.
[I 2025-09-29 13:25:08,469] Trial 75 finished with value: 0.005193465141309997 and parameters: {'lag_0': 0.76941472487447, 'lag_1': 0.08963118793895575, 'lag_2': 0.3777302697406859, 'lag_3': 0.650301114739485, 'lag_4': 0.6725637354243353, 'lag_5': 0.7510119469090583, 'lag_6': 0.1054146363211542, 'lag_7': 0.6462576410046669, 'lag_8': 0.6526959143013787, 'lag_9': 0.030863976955021202, 'lag_10': 0.31646535308251156, 'lag_11': 0.8130678371040589, 'lag_12': 0.875577035230463, 'lag_13': 0.5020724090575769, 'lag_14': 0.5990763799386956, 'lag_15': 0.9664995686150087, 'lag_16': 0.24249629346402987, 'lag_17': 0.8686716352660259, 'lag_18': 0.058824659909174376, 'lag_19': 0.0019828344640377693, 'lag_20': 0.5947004014054222, 'lag_21': 0.606819395377149, 'lag_22': 0.12548675048857333, 'lag_23': 0.7526591050467187, 'lag_24': 0.40500378443592955, 'lag_25': 0.04471787507243323, 'lag_26': 0.27340298149477527, 'lag_27': 0.22177273227072436, 'lag_28': 0.2620132410503334}. Best is trial 20 with value: 0.004898677599398006.
[I 2025-09-29 13:25:10,918] Trial 76 finished with value: 0.008224469006416366 and parameters: {'lag_0': 0.7169909978850885, 'lag_1': 0.22623784951273526, 'lag_2': 0.6488121238094801, 'lag_3': 0.11974239734108517, 'lag_4': 0.24682170696585692, 'lag_5': 0.8348410925118643, 'lag_6': 0.25290381903564696, 'lag_7': 0.399772749762494, 'lag_8': 0.7509262685420167, 'lag_9': 0.0782646127971295, 'lag_10': 0.44616755529940866, 'lag_11': 0.43186820014838145, 'lag_12': 0.70573266802022, 'lag_13': 0.6033009236839615, 'lag_14': 0.9897868600988666, 'lag_15': 0.9032452575972512, 'lag_16': 0.732078324276272, 'lag_17': 0.9953352820956866, 'lag_18': 0.18745704928872226, 'lag_19': 0.8581947655484845, 'lag_20': 0.3046456281346779, 'lag_21': 0.3340984318635476, 'lag_22': 0.08821085140767845, 'lag_23': 0.7928239798748971, 'lag_24': 0.4180338720961473, 'lag_25': 0.42906674568491165, 'lag_26': 0.04729004530428266, 'lag_27': 0.9654921846279115, 'lag_28': 0.7956428447329813}. Best is trial 20 with value: 0.004898677599398006.
[I 2025-09-29 13:25:13,367] Trial 77 finished with value: 0.0058875826168255496 and parameters: {'lag_0': 0.9273851457459286, 'lag_1': 0.48836946491586053, 'lag_2': 0.8609932682474661, 'lag_3': 0.08078896975819476, 'lag_4': 0.03318103893073217, 'lag_5': 0.5048599879959661, 'lag_6': 0.5813404541976167, 'lag_7': 0.06545345850617303, 'lag_8': 0.9519844235367951, 'lag_9': 0.3987599834609962, 'lag_10': 0.6298702290218015, 'lag_11': 0.4695932532244175, 'lag_12': 0.5434970810750218, 'lag_13': 0.39315011795474303, 'lag_14': 0.7156565469656616, 'lag_15': 0.8720564843461489, 'lag_16': 0.005258360003069083, 'lag_17': 0.9709236267518013, 'lag_18': 0.13187307700773515, 'lag_19': 0.572787393677672, 'lag_20': 0.7151376106909421, 'lag_21': 0.2338884401515417, 'lag_22': 0.24660743063818735, 'lag_23': 0.6596427124732109, 'lag_24': 0.5552406280268225, 'lag_25': 0.10918764626617863, 'lag_26': 0.5696230873669259, 'lag_27': 0.24658270650094502, 'lag_28': 0.3294358631855924}. Best is trial 20 with value: 0.004898677599398006.
[I 2025-09-29 13:25:15,976] Trial 78 finished with value: 0.005571021979985449 and parameters: {'lag_0': 0.8212550657278406, 'lag_1': 0.3097305693738588, 'lag_2': 0.2121289107162338, 'lag_3': 0.21171229610809236, 'lag_4': 0.09143827832982834, 'lag_5': 0.35444784649914535, 'lag_6': 0.6201179402595394, 'lag_7': 0.30892634674243424, 'lag_8': 0.7136743940941576, 'lag_9': 0.5086382984107339, 'lag_10': 0.05514493393809483, 'lag_11': 0.9998523234415051, 'lag_12': 0.8041222892521582, 'lag_13': 0.3638827726703213, 'lag_14': 0.7496742562409311, 'lag_15': 0.3593577486672188, 'lag_16': 0.07635664610528538, 'lag_17': 0.4124687136213412, 'lag_18': 0.0011829916377380442, 'lag_19': 0.24662694862621798, 'lag_20': 0.7445861446890425, 'lag_21': 0.543427969135621, 'lag_22': 0.38462293070933606, 'lag_23': 0.565363945649806, 'lag_24': 0.3369130074306198, 'lag_25': 0.18199428706189014, 'lag_26': 0.8628648239251638, 'lag_27': 0.8269992081390037, 'lag_28': 0.6752237476023709}. Best is trial 20 with value: 0.004898677599398006.
[I 2025-09-29 13:25:18,421] Trial 79 finished with value: 0.006162276409075367 and parameters: {'lag_0': 0.9741961962823548, 'lag_1': 0.2617424026069014, 'lag_2': 0.03583150459468408, 'lag_3': 0.38539548253399547, 'lag_4': 0.1572944727767518, 'lag_5': 0.6433824977489705, 'lag_6': 0.5148420940694874, 'lag_7': 0.04009437638161706, 'lag_8': 0.8831068150780788, 'lag_9': 0.7311279417153299, 'lag_10': 0.40523824895544963, 'lag_11': 0.20129765096066346, 'lag_12': 0.9465055547677663, 'lag_13': 0.6687766657346603, 'lag_14': 0.2802754916208914, 'lag_15': 0.6670226407108945, 'lag_16': 0.3751765954852956, 'lag_17': 0.5969447185386269, 'lag_18': 0.092358515163456, 'lag_19': 0.396295578100951, 'lag_20': 0.6414390085951349, 'lag_21': 0.41534467103529454, 'lag_22': 0.16283540078154984, 'lag_23': 0.16932947804163356, 'lag_24': 0.6223086301507208, 'lag_25': 0.3535574437449408, 'lag_26': 0.6168479023926015, 'lag_27': 0.36537448527439154, 'lag_28': 0.37447347425981375}. Best is trial 20 with value: 0.004898677599398006.
[I 2025-09-29 13:25:20,865] Trial 80 finished with value: 0.0049459364433530415 and parameters: {'lag_0': 0.6244135446731515, 'lag_1': 0.37294331100228895, 'lag_2': 0.49386274016469944, 'lag_3': 0.1828964136115518, 'lag_4': 0.12315623050189999, 'lag_5': 0.2785444975518715, 'lag_6': 0.8077240730505527, 'lag_7': 0.5143850924625213, 'lag_8': 0.38105443637519204, 'lag_9': 0.5622169914650357, 'lag_10': 0.16215982151468375, 'lag_11': 0.9429660355491591, 'lag_12': 0.3533208594095485, 'lag_13': 0.31154601852510744, 'lag_14': 0.15399495185117934, 'lag_15': 0.4895835704438396, 'lag_16': 0.8095549086841162, 'lag_17': 0.3436282589163538, 'lag_18': 0.15972526916064145, 'lag_19': 0.4237678015747304, 'lag_20': 0.6739844746663817, 'lag_21': 0.8149546275965983, 'lag_22': 0.04019650600689434, 'lag_23': 0.8555261779912658, 'lag_24': 0.5264824570146921, 'lag_25': 0.27304532402694504, 'lag_26': 0.8071458666084019, 'lag_27': 0.29132729060798596, 'lag_28': 0.025222442251653848}. Best is trial 20 with value: 0.004898677599398006.
[I 2025-09-29 13:25:23,308] Trial 81 finished with value: 0.0052170364744477836 and parameters: {'lag_0': 0.6363236121887351, 'lag_1': 0.386872985684866, 'lag_2': 0.5337551139696319, 'lag_3': 0.17890265383379178, 'lag_4': 0.11554995683598587, 'lag_5': 0.1807622226045304, 'lag_6': 0.9191558346434859, 'lag_7': 0.9790587166167749, 'lag_8': 0.36546146395848583, 'lag_9': 0.5894334976921729, 'lag_10': 0.1646994089983501, 'lag_11': 0.9437748650368855, 'lag_12': 0.3353126635512106, 'lag_13': 0.3190899603354023, 'lag_14': 0.15331879511429472, 'lag_15': 0.5035637978182418, 'lag_16': 0.9922397437956869, 'lag_17': 0.3625983906752505, 'lag_18': 0.15670254010929832, 'lag_19': 0.495410555407495, 'lag_20': 0.6814616307780768, 'lag_21': 0.8930932149043633, 'lag_22': 0.027473794684555124, 'lag_23': 0.8325523767518831, 'lag_24': 0.5130131853490372, 'lag_25': 0.25640858673600225, 'lag_26': 0.8071759128096246, 'lag_27': 0.2823646788458955, 'lag_28': 0.015522221645254769}. Best is trial 20 with value: 0.004898677599398006.
[I 2025-09-29 13:25:25,749] Trial 82 finished with value: 0.005355878182068138 and parameters: {'lag_0': 0.5772465633068924, 'lag_1': 0.1757867479648894, 'lag_2': 0.5001425268149555, 'lag_3': 0.22673354609013674, 'lag_4': 0.19977599272997698, 'lag_5': 0.2920485400124967, 'lag_6': 0.8027516470447091, 'lag_7': 0.5076289099810839, 'lag_8': 0.39547604554605814, 'lag_9': 0.46719434459041836, 'lag_10': 0.20214688933216152, 'lag_11': 0.8958478917577182, 'lag_12': 0.2965755283714136, 'lag_13': 0.20690620670386695, 'lag_14': 0.1915852339323475, 'lag_15': 0.48610325081183475, 'lag_16': 0.8034824297454422, 'lag_17': 0.2794755637558678, 'lag_18': 0.2153535034281946, 'lag_19': 0.3309413274431518, 'lag_20': 0.7920659321664828, 'lag_21': 0.9583565112056542, 'lag_22': 0.06401774804053428, 'lag_23': 0.8533550644410313, 'lag_24': 0.5695015791004594, 'lag_25': 0.3274894178934799, 'lag_26': 0.7441964065760721, 'lag_27': 0.19554063664899857, 'lag_28': 0.12018780239666821}. Best is trial 20 with value: 0.004898677599398006.
[I 2025-09-29 13:25:28,188] Trial 83 finished with value: 0.0053113921934914475 and parameters: {'lag_0': 0.6630890510156717, 'lag_1': 0.6848607780488738, 'lag_2': 0.41822906628001544, 'lag_3': 0.15391789699956393, 'lag_4': 0.024240777821159937, 'lag_5': 0.2680365824810206, 'lag_6': 0.7339022859855667, 'lag_7': 0.6129807956044926, 'lag_8': 0.8336836055668777, 'lag_9': 0.5171369469424133, 'lag_10': 0.1193570865905556, 'lag_11': 0.8638250798983699, 'lag_12': 0.35699696575018885, 'lag_13': 0.2662617358097206, 'lag_14': 0.09660877619585048, 'lag_15': 0.5638669882557117, 'lag_16': 0.9287196691912334, 'lag_17': 0.24372421595583732, 'lag_18': 0.05238502038963219, 'lag_19': 0.3734742424986544, 'lag_20': 0.6644260890688829, 'lag_21': 0.6678838449622566, 'lag_22': 0.10019259016852207, 'lag_23': 0.8775637022167223, 'lag_24': 0.4754236956141278, 'lag_25': 0.27055852065106606, 'lag_26': 0.847349677123112, 'lag_27': 0.41784935657627903, 'lag_28': 0.041775252577888555}. Best is trial 20 with value: 0.004898677599398006.
[I 2025-09-29 13:25:30,626] Trial 84 finished with value: 0.005615105723226548 and parameters: {'lag_0': 0.6180585905939051, 'lag_1': 0.30134934926762036, 'lag_2': 0.5719194435167277, 'lag_3': 0.2576366027011391, 'lag_4': 0.5865131103276804, 'lag_5': 0.6208740100399186, 'lag_6': 0.8196570734880362, 'lag_7': 0.23572873114466325, 'lag_8': 0.4685660880850909, 'lag_9': 0.5566092092492934, 'lag_10': 0.2734202590982519, 'lag_11': 0.9424869455682129, 'lag_12': 0.23886916939783148, 'lag_13': 0.7784061029446481, 'lag_14': 0.5781694904820914, 'lag_15': 0.2762562949822237, 'lag_16': 0.14870876249364692, 'lag_17': 0.3345241907619497, 'lag_18': 0.29031249812648074, 'lag_19': 0.537634024489428, 'lag_20': 0.09725964431094708, 'lag_21': 0.5769846121652064, 'lag_22': 0.13635140480298547, 'lag_23': 0.950930090272701, 'lag_24': 0.44056709964395596, 'lag_25': 0.6656043904408131, 'lag_26': 0.9651083940530264, 'lag_27': 0.31267001857312576, 'lag_28': 0.08797441751532763}. Best is trial 20 with value: 0.004898677599398006.
[I 2025-09-29 13:25:33,073] Trial 85 finished with value: 0.0055281463453062465 and parameters: {'lag_0': 0.5412217205094488, 'lag_1': 0.35881557190721225, 'lag_2': 0.608372444147702, 'lag_3': 0.024602523127207142, 'lag_4': 0.17106944069539595, 'lag_5': 0.04088173370358292, 'lag_6': 0.8788647727796175, 'lag_7': 0.15561144702077065, 'lag_8': 0.4047150727124889, 'lag_9': 0.6383624243391142, 'lag_10': 0.35260249305565505, 'lag_11': 0.3869657391074859, 'lag_12': 0.4971099423490356, 'lag_13': 0.3132451712505909, 'lag_14': 0.14791432058532183, 'lag_15': 0.5433213213256225, 'lag_16': 0.6466299916962246, 'lag_17': 0.9183616073893438, 'lag_18': 0.10851379058069884, 'lag_19': 0.42975218175577073, 'lag_20': 0.7503591331059256, 'lag_21': 0.9282863453162675, 'lag_22': 0.1836450861925294, 'lag_23': 0.718390952209622, 'lag_24': 0.5251113341592424, 'lag_25': 0.6083179104260804, 'lag_26': 0.7166336973656041, 'lag_27': 0.4762733343776344, 'lag_28': 0.28266430938573267}. Best is trial 20 with value: 0.004898677599398006.
[I 2025-09-29 13:25:35,516] Trial 86 finished with value: 0.005693666251290526 and parameters: {'lag_0': 0.7849223102940626, 'lag_1': 0.2201853336907689, 'lag_2': 0.13048457276057163, 'lag_3': 0.30356820909894605, 'lag_4': 0.13889473105680722, 'lag_5': 0.1981991127791135, 'lag_6': 0.6389717291794045, 'lag_7': 0.5254379891061028, 'lag_8': 0.4398335741290332, 'lag_9': 0.44153924572845926, 'lag_10': 0.07562784994959523, 'lag_11': 0.3256935247393042, 'lag_12': 0.3922866742248303, 'lag_13': 0.17154330951570218, 'lag_14': 0.2313534357258068, 'lag_15': 0.44378603259245136, 'lag_16': 0.9379852860832857, 'lag_17': 0.04467374363849614, 'lag_18': 0.13489303586788245, 'lag_19': 0.47283098093136344, 'lag_20': 0.7200742098567717, 'lag_21': 0.8142518471534541, 'lag_22': 0.03800335891221068, 'lag_23': 0.6825420895764456, 'lag_24': 0.3761932666345417, 'lag_25': 0.370559378136311, 'lag_26': 0.08000488812032214, 'lag_27': 0.08605167843867192, 'lag_28': 0.23967784063763825}. Best is trial 20 with value: 0.004898677599398006.
