[I 2025-09-29 13:25:37,960] Trial 87 finished with value: 0.005613188993352577 and parameters: {'lag_0': 0.882241224338702, 'lag_1': 0.26709364485945464, 'lag_2': 0.4790172678793979, 'lag_3': 0.191305860419186, 'lag_4': 0.3553028154188926, 'lag_5': 0.34314902771156397, 'lag_6': 0.2982245235726769, 'lag_7': 0.3355762861795313, 'lag_8': 0.3255860334667077, 'lag_9': 0.381962832922863, 'lag_10': 0.7090141794662187, 'lag_11': 0.9741956306146322, 'lag_12': 0.999977553358073, 'lag_13': 0.4045327951908911, 'lag_14': 0.004247787361842087, 'lag_15': 0.9421868944888036, 'lag_16': 0.4371816374566942, 'lag_17': 0.7621289363065585, 'lag_18': 0.25129112049103747, 'lag_19': 0.5092658538892214, 'lag_20': 0.8277741234294194, 'lag_21': 0.8752493486736851, 'lag_22': 0.7035577408697089, 'lag_23': 0.32898664991529936, 'lag_24': 0.3016614470231655, 'lag_25': 0.9942486760921656, 'lag_26': 0.14666666954451976, 'lag_27': 0.14904103169901378, 'lag_28': 0.1709675169066594}. Best is trial 20 with value: 0.004898677599398006.
[I 2025-09-29 13:25:40,402] Trial 88 finished with value: 0.005234676333920987 and parameters: {'lag_0': 0.5087906657116867, 'lag_1': 0.4358434780230804, 'lag_2': 0.35610917244519236, 'lag_3': 0.09684321166387341, 'lag_4': 0.2799543045265077, 'lag_5': 0.6894528166027561, 'lag_6': 0.21448860421024435, 'lag_7': 0.10771979486779631, 'lag_8': 0.5083511009074908, 'lag_9': 0.28669688531602266, 'lag_10': 0.9460630622648318, 'lag_11': 0.1460353360231874, 'lag_12': 0.45536053631411094, 'lag_13': 0.44025268841724097, 'lag_14': 0.38183635993163756, 'lag_15': 0.09638610850103152, 'lag_16': 0.510610760301583, 'lag_17': 0.5185715752798788, 'lag_18': 0.023999386706154292, 'lag_19': 0.6218126217055141, 'lag_20': 0.5798477693420897, 'lag_21': 0.29763163244244534, 'lag_22': 0.21646423223113084, 'lag_23': 0.633031470900336, 'lag_24': 0.7083342032929842, 'lag_25': 0.31640607133274756, 'lag_26': 0.7630816105177071, 'lag_27': 0.2487128509439234, 'lag_28': 0.06560814121313135}. Best is trial 20 with value: 0.004898677599398006.
[I 2025-09-29 13:25:42,844] Trial 89 finished with value: 0.005190828777683959 and parameters: {'lag_0': 0.8361147802631563, 'lag_1': 0.140301142998659, 'lag_2': 0.7828805907573302, 'lag_3': 0.6848497162312098, 'lag_4': 0.7128497833776147, 'lag_5': 0.41699465231192956, 'lag_6': 0.6646060128819846, 'lag_7': 0.5720832538851405, 'lag_8': 0.6074540173547981, 'lag_9': 0.0519414060818212, 'lag_10': 0.03040477297200908, 'lag_11': 0.7670153623395863, 'lag_12': 0.18186343073219463, 'lag_13': 0.840425773176478, 'lag_14': 0.6303428538372422, 'lag_15': 0.8086112021181159, 'lag_16': 0.6181111563736404, 'lag_17': 0.40945062679546673, 'lag_18': 0.3280652646983671, 'lag_19': 0.1759511713302411, 'lag_20': 0.8552731032640312, 'lag_21': 0.7056220841763192, 'lag_22': 0.2855202986450769, 'lag_23': 0.2527770775733882, 'lag_24': 0.7678021320812509, 'lag_25': 0.5567339348427599, 'lag_26': 0.662262920895699, 'lag_27': 0.4163370070638096, 'lag_28': 0.761558525899454}. Best is trial 20 with value: 0.004898677599398006.
[I 2025-09-29 13:25:45,293] Trial 90 finished with value: 0.005472997993368931 and parameters: {'lag_0': 0.7414790582433225, 'lag_1': 0.6101630356180763, 'lag_2': 0.9151652652210482, 'lag_3': 0.5906771856733799, 'lag_4': 0.06827675890737073, 'lag_5': 0.44889773141626027, 'lag_6': 0.5563686590445661, 'lag_7': 0.49080511781719743, 'lag_8': 0.7281439474519009, 'lag_9': 0.8363507223294409, 'lag_10': 0.25568488969239084, 'lag_11': 0.6595263104036483, 'lag_12': 0.6545316622581215, 'lag_13': 0.36425418958836314, 'lag_14': 0.41231969442229177, 'lag_15': 0.5087958015151367, 'lag_16': 0.31785062932350766, 'lag_17': 0.29727900201524415, 'lag_18': 0.8086455886110728, 'lag_19': 0.09927619562717957, 'lag_20': 0.6381988953354829, 'lag_21': 0.7526486716558447, 'lag_22': 0.0710001301792624, 'lag_23': 0.09153529765838156, 'lag_24': 0.3602639519528988, 'lag_25': 0.17886917007158643, 'lag_26': 0.24396696645039317, 'lag_27': 0.02491780770043047, 'lag_28': 0.12010047839763104}. Best is trial 20 with value: 0.004898677599398006.
[I 2025-09-29 13:25:47,741] Trial 91 finished with value: 0.00504464047117616 and parameters: {'lag_0': 0.5662487429286668, 'lag_1': 0.5550643456946976, 'lag_2': 0.9639837381229943, 'lag_3': 0.0650328985056732, 'lag_4': 0.6167411415538453, 'lag_5': 0.9922247028538537, 'lag_6': 0.7695472051821209, 'lag_7': 0.7681714944827606, 'lag_8': 0.9259382001950008, 'lag_9': 0.3416155601868275, 'lag_10': 0.15072388361926026, 'lag_11': 0.0728529811483824, 'lag_12': 0.856095128768127, 'lag_13': 0.2424599620789643, 'lag_14': 0.5046911519802658, 'lag_15': 0.8556702203735471, 'lag_16': 0.8090286170107951, 'lag_17': 0.6544904702528507, 'lag_18': 0.8437619645053596, 'lag_19': 0.4301502306424149, 'lag_20': 0.6772738436540225, 'lag_21': 0.10537406705167701, 'lag_22': 0.960809207606756, 'lag_23': 0.42154510222632124, 'lag_24': 0.5988579660716327, 'lag_25': 0.6307997385064059, 'lag_26': 0.6304078574902048, 'lag_27': 0.6420178571218695, 'lag_28': 0.4444988305633902}. Best is trial 20 with value: 0.004898677599398006.
[I 2025-09-29 13:25:50,188] Trial 92 finished with value: 0.005197258511495333 and parameters: {'lag_0': 0.5975063229949751, 'lag_1': 0.6474003018678192, 'lag_2': 0.053427517520668696, 'lag_3': 0.13445758239430566, 'lag_4': 0.5352171905814256, 'lag_5': 0.9682529808752893, 'lag_6': 0.7020005547745986, 'lag_7': 0.6937087341579078, 'lag_8': 0.8638004032619935, 'lag_9': 0.263803372209694, 'lag_10': 0.2173963232016902, 'lag_11': 0.03336645357516889, 'lag_12': 0.7536333328951631, 'lag_13': 0.32662848142674855, 'lag_14': 0.6086358813622968, 'lag_15': 0.972568036623925, 'lag_16': 0.8430650626985342, 'lag_17': 0.8010867959149899, 'lag_18': 0.9231554875650947, 'lag_19': 0.4503129095164609, 'lag_20': 0.18622368749056167, 'lag_21': 0.045406877201518925, 'lag_22': 0.7806000266150642, 'lag_23': 0.3957161049845457, 'lag_24': 0.4859478508016089, 'lag_25': 0.7381481258266521, 'lag_26': 0.8167125441067252, 'lag_27': 0.6833921490341218, 'lag_28': 0.5886287919476099}. Best is trial 20 with value: 0.004898677599398006.
[I 2025-09-29 13:25:52,782] Trial 93 finished with value: 0.005194413052388184 and parameters: {'lag_0': 0.6691339417271044, 'lag_1': 0.40111166781373375, 'lag_2': 0.09261835912559392, 'lag_3': 0.0410827123199723, 'lag_4': 0.10239929980686355, 'lag_5': 0.9713206521702509, 'lag_6': 0.6029389310606267, 'lag_7': 0.8935627472018488, 'lag_8': 0.7586647916667684, 'lag_9': 0.4678611659725147, 'lag_10': 0.17883339638434706, 'lag_11': 0.16541375998943342, 'lag_12': 0.0097679330484719, 'lag_13': 0.13575661997188068, 'lag_14': 0.8934220622892921, 'lag_15': 0.8963444649333931, 'lag_16': 0.6998863998201739, 'lag_17': 0.46902705461676397, 'lag_18': 0.08762056754014665, 'lag_19': 0.4108595016353556, 'lag_20': 0.012716179472116063, 'lag_21': 0.112948906200377, 'lag_22': 0.5861760166201946, 'lag_23': 0.605727308958776, 'lag_24': 0.6574197696249798, 'lag_25': 0.6576686741539871, 'lag_26': 0.6897759762785827, 'lag_27': 0.5748594751379139, 'lag_28': 0.5333016131561008}. Best is trial 20 with value: 0.004898677599398006.
[I 2025-09-29 13:25:55,244] Trial 94 finished with value: 0.006745542600351212 and parameters: {'lag_0': 0.7100801008489799, 'lag_1': 0.7417122171474542, 'lag_2': 0.14640480565103725, 'lag_3': 0.006151016717398514, 'lag_4': 0.6524347875019539, 'lag_5': 0.8984673187207997, 'lag_6': 0.7955203057221325, 'lag_7': 0.629659851265113, 'lag_8': 0.8070891761663552, 'lag_9': 0.3154514188620712, 'lag_10': 0.11986649103319098, 'lag_11': 0.2802754306612339, 'lag_12': 0.8908051505310917, 'lag_13': 0.289012877725396, 'lag_14': 0.5676878373056059, 'lag_15': 0.01877455691784735, 'lag_16': 0.573148705555334, 'lag_17': 0.5380482807567428, 'lag_18': 0.17380836564370936, 'lag_19': 0.2803370323150076, 'lag_20': 0.43343315753762984, 'lag_21': 0.48181314748284354, 'lag_22': 0.5305739217678124, 'lag_23': 0.4444609259287977, 'lag_24': 0.544170095081894, 'lag_25': 0.28222470487769985, 'lag_26': 0.5971733634579078, 'lag_27': 0.5231702429594104, 'lag_28': 0.8718493744258935}. Best is trial 20 with value: 0.004898677599398006.
[I 2025-09-29 13:25:57,701] Trial 95 finished with value: 0.005438951948314694 and parameters: {'lag_0': 0.4844333158463692, 'lag_1': 0.5198449340145652, 'lag_2': 0.4471078657548804, 'lag_3': 0.08129818925453255, 'lag_4': 0.31838995934494385, 'lag_5': 0.7865382659421469, 'lag_6': 0.7201609601939061, 'lag_7': 0.20603390860571635, 'lag_8': 0.970318269065781, 'lag_9': 0.2132909883215628, 'lag_10': 0.5683578176562217, 'lag_11': 0.2586031456185073, 'lag_12': 0.8324913874168907, 'lag_13': 0.5073090688598197, 'lag_14': 0.46007859058192946, 'lag_15': 0.3752802565921044, 'lag_16': 0.7577556225613024, 'lag_17': 0.9465657791221788, 'lag_18': 0.38201502951949756, 'lag_19': 0.7280887400711371, 'lag_20': 0.602890005567165, 'lag_21': 0.7874850897522381, 'lag_22': 0.1121403987921854, 'lag_23': 0.5258990251200935, 'lag_24': 0.8784944235275968, 'lag_25': 0.575122677497619, 'lag_26': 0.9097937196362722, 'lag_27': 0.6030343406753087, 'lag_28': 0.40222841503777573}. Best is trial 20 with value: 0.004898677599398006.
[I 2025-09-29 13:26:00,169] Trial 96 finished with value: 0.005175037444887247 and parameters: {'lag_0': 0.6250525836735755, 'lag_1': 0.4578782743528632, 'lag_2': 0.31630693951822614, 'lag_3': 0.7870944513622578, 'lag_4': 0.5729214634004571, 'lag_5': 0.22946076383712177, 'lag_6': 0.7426704359827665, 'lag_7': 0.026340095518314677, 'lag_8': 0.8946564122354148, 'lag_9': 0.4162971836003229, 'lag_10': 0.5332544685113768, 'lag_11': 0.8165710346360239, 'lag_12': 0.5811518100161296, 'lag_13': 0.5445346614040605, 'lag_14': 0.060989682077694826, 'lag_15': 0.5988268067049732, 'lag_16': 0.8757038164286248, 'lag_17': 0.3392562505837516, 'lag_18': 0.6606895096125078, 'lag_19': 0.6668582412508635, 'lag_20': 0.694453870136692, 'lag_21': 0.5157335748343388, 'lag_22': 0.8168816667815265, 'lag_23': 0.4744903713004339, 'lag_24': 0.4485873517318388, 'lag_25': 0.4554056880603541, 'lag_26': 0.5142155852613649, 'lag_27': 0.915886628590731, 'lag_28': 0.19849154211805134}. Best is trial 20 with value: 0.004898677599398006.
[I 2025-09-29 13:26:02,619] Trial 97 finished with value: 0.005311933119830667 and parameters: {'lag_0': 0.5219336525384121, 'lag_1': 0.7860642667714649, 'lag_2': 0.24324368816460828, 'lag_3': 0.6336677032312883, 'lag_4': 0.4931333815086991, 'lag_5': 0.9529177344826419, 'lag_6': 0.4794731692048768, 'lag_7': 0.4147009091859022, 'lag_8': 0.7867764417155545, 'lag_9': 0.38922193104091046, 'lag_10': 0.7713174623446504, 'lag_11': 0.1118419723702631, 'lag_12': 0.9685964691827846, 'lag_13': 0.4785780508241108, 'lag_14': 0.4678329256424733, 'lag_15': 0.1923078075430873, 'lag_16': 0.5348239990550093, 'lag_17': 0.19941427865357644, 'lag_18': 0.737797223169912, 'lag_19': 0.48964925869129133, 'lag_20': 0.5433790305309959, 'lag_21': 0.19811040597658014, 'lag_22': 0.18564653274672704, 'lag_23': 0.3576794482567879, 'lag_24': 0.602779184374622, 'lag_25': 0.5011319621445023, 'lag_26': 0.553240758824912, 'lag_27': 0.7868628399252879, 'lag_28': 0.504212222589312}. Best is trial 20 with value: 0.004898677599398006.
[I 2025-09-29 13:26:05,073] Trial 98 finished with value: 0.005130544471515043 and parameters: {'lag_0': 0.13793644258524485, 'lag_1': 0.18923400479238675, 'lag_2': 0.6713783872394841, 'lag_3': 0.11828991492435004, 'lag_4': 0.8075843801151197, 'lag_5': 0.7437884986445601, 'lag_6': 0.18815095113609281, 'lag_7': 0.16426935221573818, 'lag_8': 0.3362425938281085, 'lag_9': 0.027664533624430387, 'lag_10': 0.8421902985942323, 'lag_11': 0.04909050715943308, 'lag_12': 0.616307870201975, 'lag_13': 0.5963874182144195, 'lag_14': 0.17565640887335487, 'lag_15': 0.42455239754420326, 'lag_16': 0.039405806521533984, 'lag_17': 0.6133756127807529, 'lag_18': 0.98828674088672, 'lag_19': 0.032790964053486776, 'lag_20': 0.7424724619385451, 'lag_21': 0.002255690057087728, 'lag_22': 0.04975546896895008, 'lag_23': 0.3247332316422328, 'lag_24': 0.8191988782390783, 'lag_25': 0.08436554829857487, 'lag_26': 0.4115457415285069, 'lag_27': 0.7239907418267844, 'lag_28': 0.03074983066618403}. Best is trial 20 with value: 0.004898677599398006.
[I 2025-09-29 13:26:07,526] Trial 99 finished with value: 0.005362033638419119 and parameters: {'lag_0': 0.9458764517301597, 'lag_1': 0.3126207475853845, 'lag_2': 0.1972942914729479, 'lag_3': 0.3510580413723585, 'lag_4': 0.39549071194618024, 'lag_5': 0.5936417348120829, 'lag_6': 0.6715980269819921, 'lag_7': 0.1352042965285118, 'lag_8': 0.27446661639429065, 'lag_9': 0.1065830819579286, 'lag_10': 0.4858423518846277, 'lag_11': 0.9042322572336582, 'lag_12': 0.40927430208058335, 'lag_13': 0.6385561026772398, 'lag_14': 0.5489994793414019, 'lag_15': 0.8613184181458657, 'lag_16': 0.18372212242323838, 'lag_17': 0.26038465800798805, 'lag_18': 0.0234556960354376, 'lag_19': 0.5705963848348308, 'lag_20': 0.627788767564323, 'lag_21': 0.44796379478758297, 'lag_22': 0.1605356345525123, 'lag_23': 0.5811186237191825, 'lag_24': 0.5013258942563603, 'lag_25': 0.3984963376228913, 'lag_26': 0.7924448797568335, 'lag_27': 0.2963980435460621, 'lag_28': 0.46960293863704006}. Best is trial 20 with value: 0.004898677599398006.
2025-09-29 13:26:09,753 - distributed.worker - INFO - Stopping worker at tcp://192.168.86.108:44304. Reason: scheduler-remove-worker
2025-09-29 13:26:09,756 - distributed.nanny - INFO - Closing Nanny gracefully at 'tcp://192.168.86.108:34156'. Reason: scheduler-remove-worker
2025-09-29 13:26:09,762 - distributed.nanny - INFO - Worker closed
2025-09-29 13:26:09,762 - distributed.core - INFO - Connection to tcp://192.168.86.101:42031 has been closed.
slurmstepd: error: *** JOB 3081229 ON node08 CANCELLED AT 2025-09-29T13:26:09 ***
