[I 2025-10-03 11:32:20,307] Trial 26 finished with values: [0.0, 0.0011484863744647196, 0.0022513175925861504, 0.003187915802483831, 0.00340687935838731, 0.002163352591167506, 0.0023483641526307825, 0.0020806598526072083, 0.0017982012836102591, 0.0031144446837591835, 0.018478779350353643, 0.047625073971068646, 0.0001291887132331452, 0.015366710570730663, 0.0, 0.02556655789109178, 0.0005792445255813316, 0.007387597479058511, 0.0018542329322077371, 0.0023318230528657532, 0.0004806061299515602, 0.001120853485731803, 0.0018266180274852967, 0.002165417783450805, 0.0006864114355907104, 0.004992740883151106, 0.004982859333883726, 0.0018309932508702189, 0.0017449916309587646] and parameters: {'lag_0': 0.48628822968180346, 'lag_1': 0.753467301323189, 'lag_2': 0.5547012583633785, 'lag_3': 0.8741880023171553, 'lag_4': 0.9884733807794845, 'lag_5': 0.0746620654525091, 'lag_6': 0.6421679267439262, 'lag_7': 0.6939321521023448, 'lag_8': 0.33573294839144185, 'lag_9': 0.23187820853630783, 'lag_10': 0.8641936362016968, 'lag_11': 0.1962134554456243, 'lag_12': 0.12398455297044575, 'lag_13': 0.0037940898576213564, 'lag_14': 0.7753250848573576, 'lag_15': 0.7007293922346081, 'lag_16': 0.36020269578488673, 'lag_17': 0.12052903096326022, 'lag_18': 0.0242315676708375, 'lag_19': 0.9893616802098616, 'lag_20': 0.9902870441414553, 'lag_21': 0.6733300221819056, 'lag_22': 0.5864159481121477, 'lag_23': 0.7996667810858411, 'lag_24': 0.382804099978926, 'lag_25': 0.16334278783873732, 'lag_26': 0.6698726979436236, 'lag_27': 0.5495033119847322, 'lag_28': 0.9653442088935145}.
[I 2025-10-03 11:32:22,956] Trial 27 finished with values: [0.0, 0.006524446517077132, 0.005361713696447807, 0.003326578016823225, 0.004053277146564409, 0.004082887814621082, 0.003650874219610681, 0.0029600434531578505, 0.002781599629962645, 0.0020664074007974084, 0.016778615374255366, 0.048283333105023765, 0.00025239043089717386, 0.01897667368320617, 0.0, 0.024845187303554672, 0.0005860835421787385, 0.008018749724585173, 0.001046650184482695, 0.0021151148551711734, 0.0002918549604391634, 0.0016751059900397464, 0.0008366789005885722, 0.0025941849132341877, 0.0014514832653197023, 0.006450193970722733, 0.0057984623348013315, 0.002102133450067923, 0.003219480086835243] and parameters: {'lag_0': 0.27946432454067877, 'lag_1': 0.7964446983944182, 'lag_2': 0.8533058916358475, 'lag_3': 0.06617879205034309, 'lag_4': 0.07762045433920621, 'lag_5': 0.7398755868412686, 'lag_6': 0.16262163933890889, 'lag_7': 0.3635173106338466, 'lag_8': 0.6301627523227783, 'lag_9': 0.3168412722751552, 'lag_10': 0.21233369534944765, 'lag_11': 0.5342681534863973, 'lag_12': 0.7439679296981171, 'lag_13': 0.04604567002964415, 'lag_14': 0.9203981442552752, 'lag_15': 0.39767115921704965, 'lag_16': 0.6485281507958346, 'lag_17': 0.1472791510272735, 'lag_18': 0.23287454236427108, 'lag_19': 0.2962418585050084, 'lag_20': 0.6228752809620539, 'lag_21': 0.27186213480923316, 'lag_22': 0.46919070383458156, 'lag_23': 0.2779628760410684, 'lag_24': 0.2453963650215792, 'lag_25': 0.9333366174008578, 'lag_26': 0.38794485476147217, 'lag_27': 0.2612872297360238, 'lag_28': 0.7434659104500391}.
[I 2025-10-03 11:32:25,609] Trial 28 finished with values: [0.0, 0.00047951271727495506, 0.0014759260820861875, 0.002538570997263373, 0.003522063793721157, 0.0023574861767373797, 0.0017582346800985769, 0.0017311220354648434, 0.0020971399726963068, 0.00195353932199945, 0.016469350846425722, 0.048782319025906434, 0.00014131802108949447, 0.015470350621140449, 0.0, 0.023304545919536405, 0.0007095515847357872, 0.006933501228031491, 0.0013877543831253632, 0.002692276457042641, 0.0003915645194115231, 0.0014699699925124735, 0.001301990246279805, 0.002405203922543287, 0.0010229387381974994, 0.005600850153107853, 0.006056050158388929, 0.0005898103157975273, 0.001610945270783049] and parameters: {'lag_0': 0.8726240131014896, 'lag_1': 0.9859909983656402, 'lag_2': 0.8605697491180215, 'lag_3': 0.844698393679355, 'lag_4': 0.849893271996907, 'lag_5': 0.25858604119217843, 'lag_6': 0.49602306741808727, 'lag_7': 0.824835700599664, 'lag_8': 0.6592422445695332, 'lag_9': 0.6559955455512546, 'lag_10': 0.9923993059178082, 'lag_11': 0.06332337118763173, 'lag_12': 0.14766804222721408, 'lag_13': 0.5506810109085472, 'lag_14': 0.3810965787543501, 'lag_15': 0.23171314472428686, 'lag_16': 0.6041340219639756, 'lag_17': 0.1718239753388053, 'lag_18': 0.3846544834622112, 'lag_19': 0.3304466590028497, 'lag_20': 0.10717604627540926, 'lag_21': 0.002059872711737736, 'lag_22': 0.8283097630474399, 'lag_23': 0.8463874500188223, 'lag_24': 0.8762306340598751, 'lag_25': 0.7449596860715252, 'lag_26': 0.22440808220311612, 'lag_27': 0.6478165249884039, 'lag_28': 0.524171498450953}.
[I 2025-10-03 11:32:28,258] Trial 29 finished with values: [0.0, 0.006040984046478552, 0.003330448434174787, 0.0012474358693316547, 0.003459928030683955, 0.002853513675717028, 0.002874593900756186, 0.0022298267411689455, 0.0026860150045497897, 0.0021602136929884407, 0.01503931061849941, 0.04917475450382693, 0.00015889529355307545, 0.018162054628001332, 0.0, 0.030885605304754926, 0.0005689176802496157, 0.008743400837494019, 0.0013795153922749287, 0.002367797398695419, 0.0005011967357129814, 0.0013724401327251021, 0.0009082098608339752, 0.0023422662074706864, 0.0009915537062020017, 0.00487823562390265, 0.005115569081179862, 0.000871812386427713, 0.0006386407413864583] and parameters: {'lag_0': 0.39723057004286655, 'lag_1': 0.7112224957176713, 'lag_2': 0.5984959541042802, 'lag_3': 0.3029254254880441, 'lag_4': 0.8051303198475799, 'lag_5': 0.21487707821379307, 'lag_6': 0.15066863474957728, 'lag_7': 0.9287705822624408, 'lag_8': 0.6896261893913869, 'lag_9': 0.9093939135219141, 'lag_10': 0.48689534795965267, 'lag_11': 0.2916453282611418, 'lag_12': 0.053860394465557786, 'lag_13': 0.4916027748085507, 'lag_14': 0.15995038435874293, 'lag_15': 0.17717669391955332, 'lag_16': 0.4191508531799365, 'lag_17': 0.15174198984822987, 'lag_18': 0.5638777290402637, 'lag_19': 0.3304531626396068, 'lag_20': 0.3747142368145032, 'lag_21': 0.04988884079395583, 'lag_22': 0.8631178603838515, 'lag_23': 0.20928043717265957, 'lag_24': 0.8069653688569277, 'lag_25': 0.8757867945491868, 'lag_26': 0.07405889355451323, 'lag_27': 0.9913742958154047, 'lag_28': 0.10987339158902248}.
[I 2025-10-03 11:32:30,910] Trial 30 finished with values: [0.0, 0.0022113904709509793, 0.004479743732725245, 0.005640340919644877, 0.001506087016949694, 0.0033373808591172687, 0.0022672892675877515, 0.003009494176017349, 0.002105982793224912, 0.0033391511628054543, 0.01706539155474498, 0.043773979126675175, 2.479905811038737e-05, 0.020976757243908, 0.0, 0.019787663507697686, 0.000987571628130209, 0.006734988907591277, 0.0011262818152457854, 0.002941404357025199, 0.00032425132705802656, 0.000992530518567229, 0.000996538222868795, 0.002023905184453984, 0.0006834699383163582, 0.0054077305425844855, 0.006710328662472781, 0.001259450930525648, 0.0022437198193462882] and parameters: {'lag_0': 0.2764277860971225, 'lag_1': 0.4240796111241501, 'lag_2': 0.7223541661692144, 'lag_3': 0.6406350385835432, 'lag_4': 0.39913892608150525, 'lag_5': 0.5344997978568724, 'lag_6': 0.44783943193803877, 'lag_7': 0.9390370969500725, 'lag_8': 0.15811564062844732, 'lag_9': 0.7487464141860569, 'lag_10': 0.7067373398626751, 'lag_11': 0.48803875240552563, 'lag_12': 0.587297341498461, 'lag_13': 0.4109365282474978, 'lag_14': 0.9536554472769174, 'lag_15': 0.1262252759378932, 'lag_16': 0.5105715651653472, 'lag_17': 0.3101542044054787, 'lag_18': 0.1169175611792057, 'lag_19': 0.18818727575182703, 'lag_20': 0.7946847131626519, 'lag_21': 0.718855967060327, 'lag_22': 0.9676934758380943, 'lag_23': 0.028610735769307765, 'lag_24': 0.11504417934631408, 'lag_25': 0.6788637103506671, 'lag_26': 0.7540097790851866, 'lag_27': 0.4064125733817321, 'lag_28': 0.9447407163361474}.
[I 2025-10-03 11:32:33,555] Trial 31 finished with values: [0.0, 0.0038717979246355796, 0.00408482826499533, 0.0012607458797101968, 0.0022595308406901547, 0.0037765808901868677, 0.0017341682787943738, 0.00169272879739364, 0.0029429831068513634, 0.0022965197884552138, 0.013768563866550268, 0.04724363329610367, 5.340650858462835e-05, 0.017625005898949057, 0.0, 0.023416400819770963, 0.00012092914493629713, 0.007943996034985247, 0.000973990062585537, 0.002601812114541693, 0.00022648351155345344, 0.00110592608975247, 0.001324627566075123, 0.002244238238792713, 0.0012445144227025955, 0.004578792608255772, 0.005978407875296303, 0.001334070283422814, 0.002650493219380274] and parameters: {'lag_0': 0.19288561347064667, 'lag_1': 0.9779771542438818, 'lag_2': 0.3887477561643354, 'lag_3': 0.5216953695762122, 'lag_4': 0.4694282670915567, 'lag_5': 0.23122830336397143, 'lag_6': 0.8328039530761917, 'lag_7': 0.5160667324410407, 'lag_8': 0.8915536352517565, 'lag_9': 0.7816902794341145, 'lag_10': 0.6650670572179557, 'lag_11': 0.14267751094103837, 'lag_12': 0.9544874544841561, 'lag_13': 0.4191166491590204, 'lag_14': 0.3298208113167854, 'lag_15': 0.58854435508369, 'lag_16': 0.5508614986669401, 'lag_17': 0.27140666779807654, 'lag_18': 0.9817418175934448, 'lag_19': 0.7170649541318371, 'lag_20': 0.507799957439026, 'lag_21': 0.5318484252198207, 'lag_22': 0.2250534379574515, 'lag_23': 0.49972697620854456, 'lag_24': 0.7266915367420049, 'lag_25': 0.4577372867141122, 'lag_26': 0.1094128215877989, 'lag_27': 0.7220113409513168, 'lag_28': 0.4577752005663229}.
[I 2025-10-03 11:32:36,299] Trial 32 finished with values: [0.0, 0.0008918032475638525, 0.004384861230256112, 0.002313960592429394, 0.0077326167595595866, 0.0031324125579968685, 0.0021247168131784495, 0.002019631186649295, 0.0018902925955639547, 0.003488305400343987, 0.016549146140224187, 0.049360152607274076, 0.0001342740596598538, 0.016858231198460562, 0.0, 0.02398178751701937, 0.0007142431484148188, 0.007708720691584653, 0.0018981460217552698, 0.003210312168867286, 0.0004183998082946461, 0.0017279105327785537, 0.0013350548262564697, 0.0022501869437662253, 0.001007572323848267, 0.005813740642140153, 0.0064124973286162875, 0.0009695007523280704, 0.0012602566797258524] and parameters: {'lag_0': 0.4164654969067859, 'lag_1': 0.754925341009817, 'lag_2': 0.9844485640496846, 'lag_3': 0.42127830199207, 'lag_4': 0.15240748285712216, 'lag_5': 0.18628346491921619, 'lag_6': 0.810610523649991, 'lag_7': 0.8515195068802847, 'lag_8': 0.3103038584948677, 'lag_9': 0.24568628768480055, 'lag_10': 0.6503044284568634, 'lag_11': 0.8877670429039124, 'lag_12': 0.59323781199894, 'lag_13': 0.184366828402601, 'lag_14': 0.1714134209223329, 'lag_15': 0.1432658350355388, 'lag_16': 0.4956422652593637, 'lag_17': 0.33513161924539314, 'lag_18': 0.03712587999023952, 'lag_19': 0.35546979088098324, 'lag_20': 0.49075182783399146, 'lag_21': 0.33001931764282366, 'lag_22': 0.7954097184631982, 'lag_23': 0.1223429037104957, 'lag_24': 0.6424963551897691, 'lag_25': 0.37451099908066493, 'lag_26': 0.5366285035281275, 'lag_27': 0.36044909457167573, 'lag_28': 0.2631186304236728}.
[I 2025-10-03 11:32:38,958] Trial 33 finished with values: [0.0, 0.0025727967011616357, 0.0025685148673624445, 0.002132945737953968, 0.00287723388807831, 0.003288600919658214, 0.0020122200495164, 0.0026707529146924175, 0.0021553861926267813, 0.002934867878893585, 0.017653898654608948, 0.0412664578316478, 0.00011948405416532608, 0.018913488569621432, 0.0, 0.027830969163392588, 0.00025685148362948997, 0.007016073435511897, 0.0016115420616264618, 0.0022688223672299316, 0.00037041968194513337, 0.0010081171145199836, 0.0008626996850520233, 0.0022612721001550847, 0.0016139700186851738, 0.005362337593611636, 0.00673043031658965, 0.002370300703393792, 0.0012844096495906168] and parameters: {'lag_0': 0.06026260642709574, 'lag_1': 0.9537713081070947, 'lag_2': 0.09949463645757232, 'lag_3': 0.7957522871409672, 'lag_4': 0.8730494431427519, 'lag_5': 0.7881507030884477, 'lag_6': 0.9104150807933947, 'lag_7': 0.4435270573498524, 'lag_8': 0.6832946679166294, 'lag_9': 0.06942336162782509, 'lag_10': 0.9054307128624955, 'lag_11': 0.4747523183096852, 'lag_12': 0.8324358177580012, 'lag_13': 0.37907429090343, 'lag_14': 0.6982562077356679, 'lag_15': 0.7152040181870598, 'lag_16': 0.9784029773563282, 'lag_17': 0.5996831336871117, 'lag_18': 0.07054813993943299, 'lag_19': 0.1065976967287671, 'lag_20': 0.9002420587732244, 'lag_21': 0.8453641485747565, 'lag_22': 0.595722142864358, 'lag_23': 0.7235120628092687, 'lag_24': 0.4566350326948709, 'lag_25': 0.31309962676895015, 'lag_26': 0.8427851890993535, 'lag_27': 0.7423816371071733, 'lag_28': 0.7803699270302891}.
[I 2025-10-03 11:32:41,612] Trial 34 finished with values: [0.0, 0.0008596189164370982, 0.0007075310081040793, 0.0036977740719209063, 0.0034489793068933246, 0.004180192512361433, 0.002966269456286734, 0.004767845917107164, 0.0019225128474749296, 0.0021297831889449297, 0.016373839065148187, 0.042643685288380834, 0.0002569183975423646, 0.018490811723704877, 0.0, 0.023988868538536483, 0.0003605853031570563, 0.006263843961483398, 0.0016385555536050267, 0.0021544392337009633, 0.00045038087163047505, 0.001996649236663345, 0.001632313540470299, 0.00218795224545421, 0.0008283750730054961, 0.00400187425799159, 0.0050304876671559366, 0.0011989088784714699, 0.0026825301331248183] and parameters: {'lag_0': 0.7768096263915715, 'lag_1': 0.6464903683161808, 'lag_2': 0.7734827985799155, 'lag_3': 0.5300602282628345, 'lag_4': 0.4797496205916571, 'lag_5': 0.5831715202895305, 'lag_6': 0.47208967076634584, 'lag_7': 0.26589021884182434, 'lag_8': 0.842161230480275, 'lag_9': 0.8403214046003656, 'lag_10': 0.4997564487793731, 'lag_11': 0.2683327019628095, 'lag_12': 0.9355135896669925, 'lag_13': 0.2942839946752798, 'lag_14': 0.5207912508773331, 'lag_15': 0.4623356517549018, 'lag_16': 0.2365960520639332, 'lag_17': 0.150304293701784, 'lag_18': 0.3666292733206892, 'lag_19': 0.12294548095584713, 'lag_20': 0.706057562727518, 'lag_21': 0.06940949414827799, 'lag_22': 0.5111983601805745, 'lag_23': 0.9255381483255978, 'lag_24': 0.27920534115013373, 'lag_25': 0.16322689323860057, 'lag_26': 0.6849571854633428, 'lag_27': 0.8786970069499185, 'lag_28': 0.49759030135835025}.
[I 2025-10-03 11:32:44,262] Trial 35 finished with values: [0.0, 0.001916560207301602, 0.0029717794890820265, 0.004510045419081153, 0.0022682264637958528, 0.002726981808297208, 0.0028578218447486907, 0.0018898206516423043, 0.0019963266137444278, 0.0018536937860178914, 0.017696425752763496, 0.04632473919189909, 3.988898116852744e-05, 0.02124899413737229, 0.0, 0.026505152625224904, 0.0012794865839176179, 0.008068438797644673, 0.0012949307514609366, 0.0024741782739265104, 0.0005998224084086585, 0.0011373953100186995, 0.0010218454101825415, 0.0024950227416163455, 0.0011440191110501186, 0.005352445974088167, 0.007200515859628586, 0.00068635811724739, 0.0015496567007510394] and parameters: {'lag_0': 0.8554924605483811, 'lag_1': 0.26957522898537245, 'lag_2': 0.6503760004285617, 'lag_3': 0.7051270257215566, 'lag_4': 0.8234216823871181, 'lag_5': 0.7799601143377408, 'lag_6': 0.4690590288497611, 'lag_7': 0.9617402706831157, 'lag_8': 0.19054064794297937, 'lag_9': 0.3901967441206593, 'lag_10': 0.9833888402025438, 'lag_11': 0.5481209032226534, 'lag_12': 0.6861164687361362, 'lag_13': 0.39047011676388965, 'lag_14': 0.30642583356813846, 'lag_15': 0.7619199559309295, 'lag_16': 0.9554055838706708, 'lag_17': 0.08352913593679019, 'lag_18': 0.5118171209798333, 'lag_19': 0.5412484099620977, 'lag_20': 0.8890749156336605, 'lag_21': 0.5388288526698544, 'lag_22': 0.17193328377351888, 'lag_23': 0.6770685663551078, 'lag_24': 0.8407409535518865, 'lag_25': 0.5396166214438997, 'lag_26': 0.7832659833769768, 'lag_27': 0.9356671328625185, 'lag_28': 0.4615793637945467}.
[I 2025-10-03 11:32:46,909] Trial 36 finished with values: [0.0, 0.0009131419387829645, 0.0008860676642354917, 0.003512568737689949, 0.0037088352872398957, 0.004940053329943097, 0.0030770249823724436, 0.004585431032830897, 0.0031260522423838615, 0.0019734157098878526, 0.01670139921420257, 0.043356799095766396, 0.00015586391123420447, 0.0193084545691889, 0.0, 0.023863961219827222, 0.00034080929375342314, 0.004942014484045262, 0.0014647700932707455, 0.0019081557006903963, 0.0002894226336399944, 0.0006772109943004057, 0.0010301189271129402, 0.0018102794748639437, 0.001662175133035999, 0.005785204001849805, 0.0071110722701972886, 0.0022177951937099945, 0.0014816361265517154] and parameters: {'lag_0': 0.8167429286347583, 'lag_1': 0.3883361241194837, 'lag_2': 0.20005255760856813, 'lag_3': 0.9885874293863564, 'lag_4': 0.7749302547700422, 'lag_5': 0.8529937862944549, 'lag_6': 0.9502891301448535, 'lag_7': 0.11506036881118713, 'lag_8': 0.22399369182897147, 'lag_9': 0.655843116787798, 'lag_10': 0.7835202282805697, 'lag_11': 0.2823759617847394, 'lag_12': 0.9140832723399213, 'lag_13': 0.9376027909484808, 'lag_14': 0.006942465527592267, 'lag_15': 0.6863391570420596, 'lag_16': 0.1048300233245599, 'lag_17': 0.7176863203586427, 'lag_18': 0.6805800784915064, 'lag_19': 0.7269341984829986, 'lag_20': 0.8640969919099813, 'lag_21': 0.1504359696002928, 'lag_22': 0.05004169304369554, 'lag_23': 0.8473710159804783, 'lag_24': 0.32131533480455615, 'lag_25': 0.22215220448111475, 'lag_26': 0.811239675180207, 'lag_27': 0.3510323890552514, 'lag_28': 0.3776817420235193}.
[I 2025-10-03 11:32:49,557] Trial 37 finished with values: [0.0, 0.0030031161845094105, 0.0057718061059979465, 0.0030856999763004085, 0.002408488856827568, 0.004629824465710331, 0.0027601902337448824, 0.002171897457791496, 0.002602936352227657, 0.0033297424312526995, 0.01653685597896904, 0.05070783311737369, 0.00013456136491041807, 0.017984178049578227, 0.0, 0.023979158731046675, 0.0007573304358725223, 0.006702989714608874, 0.0018884440682543763, 0.0027459468848722826, 0.00046503132708266073, 0.001482832645230576, 0.0014426858908033195, 0.0018746607091064324, 0.0007615285517288737, 0.005360041827969032, 0.007911797364096654, 0.0006951587809894316, 0.002042490738959812] and parameters: {'lag_0': 0.09410966790398996, 'lag_1': 0.6533415087775191, 'lag_2': 0.09306584615945618, 'lag_3': 0.7539875060247707, 'lag_4': 0.254655078189518, 'lag_5': 0.3724035343210342, 'lag_6': 0.3731872298722841, 'lag_7': 0.832018362301396, 'lag_8': 0.4034855486039874, 'lag_9': 0.6092161180429413, 'lag_10': 0.7946377628079664, 'lag_11': 0.8064397320989398, 'lag_12': 0.9668000719858383, 'lag_13': 0.22087301707522886, 'lag_14': 0.4239035197472805, 'lag_15': 0.2649825778301735, 'lag_16': 0.6999444049205352, 'lag_17': 0.5614938698163495, 'lag_18': 0.9972505990444, 'lag_19': 0.44381825730757224, 'lag_20': 0.43416104109764586, 'lag_21': 0.0032119412951153482, 'lag_22': 0.13200068882806615, 'lag_23': 0.5656413190274823, 'lag_24': 0.9054525276550537, 'lag_25': 0.11941609777522359, 'lag_26': 0.5409828139051113, 'lag_27': 0.24713370016210534, 'lag_28': 0.6664298523846102}.
[I 2025-10-03 11:32:52,208] Trial 38 finished with values: [0.0, 0.006989638587945467, 0.0031698571127103414, 0.00256467596532229, 0.003147150589435468, 0.0024640767861249476, 0.0032011235087936346, 0.0019686500666933502, 0.0025045629916040425, 0.002945465138131254, 0.015948172182395134, 0.05103899743003136, 0.00013624541712219037, 0.019862380036484138, 0.0, 0.02857770882623235, 0.0005553159882883156, 0.006203987719524365, 0.002069058271346366, 0.0023955596690711715, 0.0003633058885042066, 0.0010085546993322922, 0.0017967687536633685, 0.0022680455601522256, 0.0011922584178855665, 0.005162036334800971, 0.0071931368254372074, 0.0015596258655243133, 0.0013485036026244818] and parameters: {'lag_0': 0.7317371827288215, 'lag_1': 0.5176356873990071, 'lag_2': 0.250668866449449, 'lag_3': 0.036855815015700615, 'lag_4': 0.5050255703227956, 'lag_5': 0.6841202490609849, 'lag_6': 0.3857756205484192, 'lag_7': 0.27187406346719734, 'lag_8': 0.7555616209543872, 'lag_9': 0.7570187724166778, 'lag_10': 0.49573374690041594, 'lag_11': 0.04353956634364056, 'lag_12': 0.5841617175720099, 'lag_13': 0.3213106646641466, 'lag_14': 0.2596493458816771, 'lag_15': 0.978180509330199, 'lag_16': 0.6906215472439468, 'lag_17': 0.7802401371556362, 'lag_18': 0.39645187349669486, 'lag_19': 0.861734531711902, 'lag_20': 0.9774214754267947, 'lag_21': 0.47200525124807235, 'lag_22': 0.5418826081648809, 'lag_23': 0.7332741877257328, 'lag_24': 0.8231046744646816, 'lag_25': 0.17074255380957443, 'lag_26': 0.38039603732829025, 'lag_27': 0.998668711097658, 'lag_28': 0.9595600696387818}.
[I 2025-10-03 11:32:54,867] Trial 39 finished with values: [0.0, 0.004891227324263038, 0.0007339644970414202, 0.0019035450085383946, 0.002099670533757793, 0.0037170545493119267, 0.0027048624765155294, 0.0023695193229470537, 0.0020230549183096074, 0.002960713644740115, 0.016035648530352647, 0.04649467363443967, 9.7046027343632e-05, 0.017654768187229615, 0.0, 0.02469177148581906, 0.0006307392207310226, 0.006689478643630233, 0.0020097650174968227, 0.0026778477184868916, 0.0005846531949651102, 0.0012497657268758931, 0.0013831679577574441, 0.0017020876339850755, 0.0008911100291459237, 0.004572502728974198, 0.00571805404667818, 0.0018479672251957096, 0.0007825802277878638] and parameters: {'lag_0': 0.8750711213384291, 'lag_1': 0.3313103646616784, 'lag_2': 0.9775388815444341, 'lag_3': 0.4806070058104571, 'lag_4': 0.9254895584852568, 'lag_5': 0.6576494385642739, 'lag_6': 0.9184842440578757, 'lag_7': 0.6680010393499045, 'lag_8': 0.16148792481082744, 'lag_9': 0.38835328932516705, 'lag_10': 0.0149824837807431, 'lag_11': 0.44398347540595035, 'lag_12': 0.3230564173861471, 'lag_13': 0.3346544775148391, 'lag_14': 0.11910466995979636, 'lag_15': 0.9457209801603145, 'lag_16': 0.13266666332547372, 'lag_17': 0.4769935298803372, 'lag_18': 0.6849240447128981, 'lag_19': 0.9592154572649957, 'lag_20': 0.8102000010658357, 'lag_21': 0.9881422695800364, 'lag_22': 0.163215426851794, 'lag_23': 0.22183490214632667, 'lag_24': 0.05677949868511692, 'lag_25': 0.6593636223108591, 'lag_26': 0.04347427672641296, 'lag_27': 0.040564371066842825, 'lag_28': 0.10932865389424887}.
