2025-09-29 13:18:06,336 - distributed.nanny - INFO -         Start Nanny at: 'tcp://192.168.86.108:40532'
2025-09-29 13:18:07,655 - distributed.worker - INFO -       Start worker at: tcp://192.168.86.108:36368
2025-09-29 13:18:07,656 - distributed.worker - INFO -          Listening to: tcp://192.168.86.108:36368
2025-09-29 13:18:07,656 - distributed.worker - INFO -           Worker name:            SLURMCluster-14
2025-09-29 13:18:07,656 - distributed.worker - INFO -          dashboard at:       192.168.86.108:34002
2025-09-29 13:18:07,656 - distributed.worker - INFO - Waiting to connect to: tcp://192.168.86.101:42031
2025-09-29 13:18:07,656 - distributed.worker - INFO - -------------------------------------------------
2025-09-29 13:18:07,656 - distributed.worker - INFO -               Threads:                          1
2025-09-29 13:18:07,656 - distributed.worker - INFO -                Memory:                   9.31 GiB
2025-09-29 13:18:07,656 - distributed.worker - INFO -       Local Directory: /home1/zrentala/dask-worker-space/dask-scratch-space/worker-ptqtifmc
2025-09-29 13:18:07,656 - distributed.worker - INFO - -------------------------------------------------
2025-09-29 13:18:07,948 - distributed.worker - INFO - Starting Worker plugin shuffle
2025-09-29 13:18:07,948 - distributed.worker - INFO -         Registered to: tcp://192.168.86.101:42031
2025-09-29 13:18:07,948 - distributed.worker - INFO - -------------------------------------------------
2025-09-29 13:18:07,949 - distributed.core - INFO - Starting established connection to tcp://192.168.86.101:42031
[I 2025-09-29 13:18:08,025] A new study created in memory with name: no-name-78d5d94b-ae6a-46d0-bf57-f9a45eca91df
[I 2025-09-29 13:18:10,439] Trial 0 finished with value: 0.013289400041027803 and parameters: {'lag_0': 0.747511405902533, 'lag_1': 0.8064859488147403, 'lag_2': 0.012082888905041408, 'lag_3': 0.08682078461582425, 'lag_4': 0.9856704332090999, 'lag_5': 0.936720351885006, 'lag_6': 0.9269645140084785, 'lag_7': 0.14110727386419364, 'lag_8': 0.10416466986400828, 'lag_9': 0.7164538565457146, 'lag_10': 0.43277863455860355, 'lag_11': 0.7210242096827828, 'lag_12': 0.12974059014761524, 'lag_13': 0.7660625293660456, 'lag_14': 0.2415029837322204, 'lag_15': 0.2366342194199018, 'lag_16': 0.7157052055194754, 'lag_17': 0.8889210385019336, 'lag_18': 0.1505103673424499, 'lag_19': 0.7217095498072683, 'lag_20': 0.3451356295016269, 'lag_21': 0.8234325972417504, 'lag_22': 0.5419876127050635, 'lag_23': 0.5332236752669343, 'lag_24': 0.26755008016943593, 'lag_25': 0.6787027755727812, 'lag_26': 0.5248238843307206, 'lag_27': 0.7622619451172774, 'lag_28': 0.42581482297510864}. Best is trial 0 with value: 0.013289400041027803.
[I 2025-09-29 13:18:12,814] Trial 1 finished with value: 0.01409548288516867 and parameters: {'lag_0': 0.6853090230889798, 'lag_1': 0.7267286553982232, 'lag_2': 0.5332480233040156, 'lag_3': 0.04910323608273217, 'lag_4': 0.9342969603477564, 'lag_5': 0.9236112856724894, 'lag_6': 0.9026760555192621, 'lag_7': 0.49634258463577435, 'lag_8': 0.1644526596325017, 'lag_9': 0.7309634660127423, 'lag_10': 0.642234825916359, 'lag_11': 0.4458225180227392, 'lag_12': 0.9841658189617588, 'lag_13': 0.945980438678215, 'lag_14': 0.23090380279843464, 'lag_15': 0.5556609235030616, 'lag_16': 0.9748906656119639, 'lag_17': 0.2927640149287272, 'lag_18': 0.6010651221101574, 'lag_19': 0.43653784831202086, 'lag_20': 0.8715066852029306, 'lag_21': 0.312945859021692, 'lag_22': 0.3658921147031514, 'lag_23': 0.406930664930324, 'lag_24': 0.12502022021683407, 'lag_25': 0.2386957244392057, 'lag_26': 0.8872833662163859, 'lag_27': 0.44446397585940156, 'lag_28': 0.39824183393990725}. Best is trial 0 with value: 0.013289400041027803.
[I 2025-09-29 13:18:15,208] Trial 2 finished with value: 0.012332483549285475 and parameters: {'lag_0': 0.25776728043675395, 'lag_1': 0.5066588986555112, 'lag_2': 0.664302112880198, 'lag_3': 0.9346586823161439, 'lag_4': 0.625113324145241, 'lag_5': 0.24986223310512873, 'lag_6': 0.5637814282080589, 'lag_7': 0.46054136523414096, 'lag_8': 0.20153200428182516, 'lag_9': 0.7024105221246688, 'lag_10': 0.8807906023466237, 'lag_11': 0.4078767283543142, 'lag_12': 0.6696805916177083, 'lag_13': 0.7676627431409595, 'lag_14': 0.818250013916615, 'lag_15': 0.6169472124596227, 'lag_16': 0.035517412421050706, 'lag_17': 0.14728375212803646, 'lag_18': 0.6202868933385338, 'lag_19': 0.5860034841084403, 'lag_20': 0.20290962512126642, 'lag_21': 0.026834742208021203, 'lag_22': 0.29028857730666946, 'lag_23': 0.8829131068368209, 'lag_24': 0.4450359073533996, 'lag_25': 0.7448710610701259, 'lag_26': 0.7300075850206735, 'lag_27': 0.627075552075723, 'lag_28': 0.4114016794750695}. Best is trial 2 with value: 0.012332483549285475.
[I 2025-09-29 13:18:17,579] Trial 3 finished with value: 0.012823652432032045 and parameters: {'lag_0': 0.931582804942845, 'lag_1': 0.5399855860140416, 'lag_2': 0.9608211617781355, 'lag_3': 0.6492043386915212, 'lag_4': 0.6532547313426789, 'lag_5': 0.5325387483751797, 'lag_6': 0.7155213554061147, 'lag_7': 0.42269716463543827, 'lag_8': 0.08317651239642612, 'lag_9': 0.038788715999125006, 'lag_10': 0.6336264042371483, 'lag_11': 0.04197262565027076, 'lag_12': 0.13826070197449844, 'lag_13': 0.9301940472499262, 'lag_14': 0.5237391374558574, 'lag_15': 0.7991912213741301, 'lag_16': 0.9434390628638124, 'lag_17': 0.2785413080177903, 'lag_18': 0.18544563459391214, 'lag_19': 0.11840115780388362, 'lag_20': 0.9338431047556341, 'lag_21': 0.960567401931558, 'lag_22': 0.12215072090359351, 'lag_23': 0.10259127682397248, 'lag_24': 0.008857415984427075, 'lag_25': 0.02807237882007857, 'lag_26': 0.9632909566590321, 'lag_27': 0.03349301443494586, 'lag_28': 0.24742497002070715}. Best is trial 2 with value: 0.012332483549285475.
[I 2025-09-29 13:18:19,951] Trial 4 finished with value: 0.012555609544386203 and parameters: {'lag_0': 0.5958625932018813, 'lag_1': 0.22802474317470436, 'lag_2': 0.051378750296008226, 'lag_3': 0.9445632581963259, 'lag_4': 0.2635707539820954, 'lag_5': 0.48272632801608, 'lag_6': 0.756669078321218, 'lag_7': 0.77431887917287, 'lag_8': 0.4757783641788894, 'lag_9': 0.34745776651712873, 'lag_10': 0.3866308790883508, 'lag_11': 0.688227777738807, 'lag_12': 0.4998845282812919, 'lag_13': 0.9812855541516906, 'lag_14': 0.9204167884468126, 'lag_15': 0.4198660882450059, 'lag_16': 0.07997120656442641, 'lag_17': 0.5182690598752716, 'lag_18': 0.6908459072323812, 'lag_19': 0.5122927736653766, 'lag_20': 0.02419291011137671, 'lag_21': 0.7852682284581144, 'lag_22': 0.7572123784991317, 'lag_23': 0.7171767201148018, 'lag_24': 0.5625376370420249, 'lag_25': 0.7850823006791844, 'lag_26': 0.6861026020256284, 'lag_27': 0.9550844738808402, 'lag_28': 0.1745420754962686}. Best is trial 2 with value: 0.012332483549285475.
[I 2025-09-29 13:18:22,335] Trial 5 finished with value: 0.012422722553255595 and parameters: {'lag_0': 0.25273205306301727, 'lag_1': 0.08911622964312715, 'lag_2': 0.004078801371902922, 'lag_3': 0.5447123751872377, 'lag_4': 0.3133681196857828, 'lag_5': 0.7260755614387485, 'lag_6': 0.3592802765791353, 'lag_7': 0.8616900463080509, 'lag_8': 0.5608170612247431, 'lag_9': 0.9480773108852533, 'lag_10': 0.9866365820346424, 'lag_11': 0.7119789830304213, 'lag_12': 0.8747608695388862, 'lag_13': 0.2473850375901186, 'lag_14': 0.1416661947473911, 'lag_15': 0.9018505942978586, 'lag_16': 0.9333844342727731, 'lag_17': 0.23590119794086514, 'lag_18': 0.4987103426509437, 'lag_19': 0.2532925228942506, 'lag_20': 0.6611280258111196, 'lag_21': 0.9334419972527664, 'lag_22': 0.15097397142663052, 'lag_23': 0.36682071189787246, 'lag_24': 0.7799000956046584, 'lag_25': 0.5756914540410323, 'lag_26': 0.6709615620187096, 'lag_27': 0.79109310173193, 'lag_28': 0.6159643954862706}. Best is trial 2 with value: 0.012332483549285475.
[I 2025-09-29 13:18:24,725] Trial 6 finished with value: 0.0106734201903365 and parameters: {'lag_0': 0.42184609890004815, 'lag_1': 0.9771808715413922, 'lag_2': 0.9196812626164358, 'lag_3': 0.7948498080830945, 'lag_4': 0.07914272838323788, 'lag_5': 0.5424117824007619, 'lag_6': 0.734590045530919, 'lag_7': 0.9743115097376326, 'lag_8': 0.03860595602107241, 'lag_9': 0.8724112314108275, 'lag_10': 0.8018546540593738, 'lag_11': 0.718524849632765, 'lag_12': 0.7958185385114017, 'lag_13': 0.8321485581219711, 'lag_14': 0.5307365393724537, 'lag_15': 0.496943004346597, 'lag_16': 0.9697142076955546, 'lag_17': 0.18595632416934754, 'lag_18': 0.865573941620204, 'lag_19': 0.42714907982055317, 'lag_20': 0.5607792450562031, 'lag_21': 0.6575694581892422, 'lag_22': 0.6906403088580617, 'lag_23': 0.9064304320697765, 'lag_24': 0.1858977472152036, 'lag_25': 0.25059207295045405, 'lag_26': 0.017164960315523902, 'lag_27': 0.7251909154784842, 'lag_28': 0.13758447723836117}. Best is trial 6 with value: 0.0106734201903365.
[I 2025-09-29 13:18:27,103] Trial 7 finished with value: 0.012079446789680254 and parameters: {'lag_0': 0.7654228114602591, 'lag_1': 0.7671770741162971, 'lag_2': 0.5559150685874725, 'lag_3': 0.2174239356027625, 'lag_4': 0.2359772304201841, 'lag_5': 0.3865415773000659, 'lag_6': 0.5563398397500375, 'lag_7': 0.784938934605744, 'lag_8': 0.7242208347499148, 'lag_9': 0.967068448925298, 'lag_10': 0.2713359875599926, 'lag_11': 0.9356163240819368, 'lag_12': 0.15915213199335307, 'lag_13': 0.12737842099047847, 'lag_14': 0.31472572484354316, 'lag_15': 0.5623370494494085, 'lag_16': 0.4280950286756546, 'lag_17': 0.014685824605875222, 'lag_18': 0.5839178675700322, 'lag_19': 0.251658374686511, 'lag_20': 0.5681915762060009, 'lag_21': 0.7579362609864745, 'lag_22': 0.40732731903533986, 'lag_23': 0.5655076547415556, 'lag_24': 0.7359096043283104, 'lag_25': 0.21099473284432002, 'lag_26': 0.974590630677359, 'lag_27': 0.2775022060919956, 'lag_28': 0.9787735492456799}. Best is trial 6 with value: 0.0106734201903365.
[I 2025-09-29 13:18:29,480] Trial 8 finished with value: 0.013917455397721847 and parameters: {'lag_0': 0.34986734265821073, 'lag_1': 0.6516220405012181, 'lag_2': 0.6218903586102756, 'lag_3': 0.22826965054749487, 'lag_4': 0.6804671844065195, 'lag_5': 0.1610937828951687, 'lag_6': 0.5916507691563452, 'lag_7': 0.7613587099724751, 'lag_8': 0.9697907243915154, 'lag_9': 0.6596573399581098, 'lag_10': 0.9246298280783928, 'lag_11': 0.5895911963281865, 'lag_12': 0.20217600809694797, 'lag_13': 0.6792484000056198, 'lag_14': 0.9318532156802372, 'lag_15': 0.7828102615356567, 'lag_16': 0.3048486438104448, 'lag_17': 0.649380621689496, 'lag_18': 0.9740094471577516, 'lag_19': 0.9746521996512186, 'lag_20': 0.17983468146880746, 'lag_21': 0.7889190059440826, 'lag_22': 0.5884911909279086, 'lag_23': 0.9188128019147056, 'lag_24': 0.6097855976120077, 'lag_25': 0.20320629624586556, 'lag_26': 0.8234878524978272, 'lag_27': 0.0015250528457371577, 'lag_28': 0.47215789525557}. Best is trial 6 with value: 0.0106734201903365.
[I 2025-09-29 13:18:31,968] Trial 9 finished with value: 0.011945717525681576 and parameters: {'lag_0': 0.7851093465927368, 'lag_1': 0.27803061515505273, 'lag_2': 0.9208835126394116, 'lag_3': 0.0611941011038558, 'lag_4': 0.08629290038039057, 'lag_5': 0.05393483045106989, 'lag_6': 0.92041361761278, 'lag_7': 0.33781809001498386, 'lag_8': 0.15746429690991945, 'lag_9': 0.23258836541169828, 'lag_10': 0.24706604450917163, 'lag_11': 0.08525788787514153, 'lag_12': 0.9980040709269827, 'lag_13': 0.7028324396186238, 'lag_14': 0.6983280108944592, 'lag_15': 0.9820930417646577, 'lag_16': 0.9644715878127988, 'lag_17': 0.8803892510607271, 'lag_18': 0.33409419554594044, 'lag_19': 0.11358407294121317, 'lag_20': 0.3755185249027044, 'lag_21': 0.5752970793811851, 'lag_22': 0.740597308550943, 'lag_23': 0.4347686762657716, 'lag_24': 0.2873002744211326, 'lag_25': 0.1027140353560122, 'lag_26': 0.3907622085603889, 'lag_27': 0.5529698662719593, 'lag_28': 0.17019551935154062}. Best is trial 6 with value: 0.0106734201903365.
[I 2025-09-29 13:18:34,409] Trial 10 finished with value: 0.012852217381757944 and parameters: {'lag_0': 0.02299222621961522, 'lag_1': 0.957212022792079, 'lag_2': 0.3204197616395227, 'lag_3': 0.7455233487622231, 'lag_4': 0.0237815657380835, 'lag_5': 0.7022567054517174, 'lag_6': 0.08284642407753712, 'lag_7': 0.9955703772411623, 'lag_8': 0.36338126005544213, 'lag_9': 0.517141503344721, 'lag_10': 0.7230189554838319, 'lag_11': 0.9817316048268588, 'lag_12': 0.613966691896883, 'lag_13': 0.4424831728391012, 'lag_14': 0.5063187189693157, 'lag_15': 0.05812173499626544, 'lag_16': 0.6982956795688805, 'lag_17': 0.48053635066376066, 'lag_18': 0.9092819630770733, 'lag_19': 0.7806944661448791, 'lag_20': 0.7166952559427371, 'lag_21': 0.4748610328937285, 'lag_22': 0.9805986024807816, 'lag_23': 0.7353681677688713, 'lag_24': 0.9464668518053704, 'lag_25': 0.9695696736423943, 'lag_26': 0.03148481755448019, 'lag_27': 0.9865896992650691, 'lag_28': 0.01816367924247693}. Best is trial 6 with value: 0.0106734201903365.
[I 2025-09-29 13:18:36,847] Trial 11 finished with value: 0.013659810654897872 and parameters: {'lag_0': 0.48485388782392147, 'lag_1': 0.3032788186460823, 'lag_2': 0.9775787452587018, 'lag_3': 0.39334972996804, 'lag_4': 0.07438857219787139, 'lag_5': 0.05584284196270499, 'lag_6': 0.9559573036568496, 'lag_7': 0.20891491676424578, 'lag_8': 0.007908296251616584, 'lag_9': 0.1698664083440839, 'lag_10': 0.012528855175871823, 'lag_11': 0.00845105085150788, 'lag_12': 0.8009423284041978, 'lag_13': 0.5612193209099272, 'lag_14': 0.6900256712201609, 'lag_15': 0.30858239736009246, 'lag_16': 0.745972532428292, 'lag_17': 0.9734918243665447, 'lag_18': 0.3494512920967247, 'lag_19': 0.015609870441717591, 'lag_20': 0.43485517049560246, 'lag_21': 0.5533044566862285, 'lag_22': 0.7768783161709226, 'lag_23': 0.22824009177265903, 'lag_24': 0.32432061788460226, 'lag_25': 0.3798416681956083, 'lag_26': 0.14668827254114597, 'lag_27': 0.5114301450765298, 'lag_28': 0.007237357687807422}. Best is trial 6 with value: 0.0106734201903365.
[I 2025-09-29 13:18:39,291] Trial 12 finished with value: 0.01415182071771911 and parameters: {'lag_0': 0.9787582647348605, 'lag_1': 0.34049785439115, 'lag_2': 0.8022721299263731, 'lag_3': 0.7673461174653089, 'lag_4': 0.44481245819859033, 'lag_5': 0.35012188469896083, 'lag_6': 0.7862527853878076, 'lag_7': 0.2761687087249177, 'lag_8': 0.3039819925430365, 'lag_9': 0.3742822367017707, 'lag_10': 0.22006972079156115, 'lag_11': 0.2607769841140918, 'lag_12': 0.9382159805978366, 'lag_13': 0.4847803209362501, 'lag_14': 0.6600396458290473, 'lag_15': 0.9930042561082698, 'lag_16': 0.8106770726593717, 'lag_17': 0.7422765834673426, 'lag_18': 0.3676086748492922, 'lag_19': 0.3612426666866358, 'lag_20': 0.3993618018734345, 'lag_21': 0.5721940058778433, 'lag_22': 0.7112820592119176, 'lag_23': 0.6964544261102371, 'lag_24': 0.2210926365967093, 'lag_25': 0.007521851596791362, 'lag_26': 0.25786348752450045, 'lag_27': 0.3622391975308423, 'lag_28': 0.20389791748041675}. Best is trial 6 with value: 0.0106734201903365.
[I 2025-09-29 13:18:41,726] Trial 13 finished with value: 0.014279499408335655 and parameters: {'lag_0': 0.4252473439946967, 'lag_1': 0.9894846979603766, 'lag_2': 0.8094545875285403, 'lag_3': 0.40271303235500927, 'lag_4': 0.13495257840669875, 'lag_5': 0.009602042924930755, 'lag_6': 0.3845035587181833, 'lag_7': 0.6147986860050914, 'lag_8': 0.015637733516575762, 'lag_9': 0.25197150323297657, 'lag_10': 0.08066230608481056, 'lag_11': 0.26749481809755954, 'lag_12': 0.750781306302909, 'lag_13': 0.6695589535979273, 'lag_14': 0.38679326953805404, 'lag_15': 0.7050535436198548, 'lag_16': 0.5758182583721749, 'lag_17': 0.44952297929368046, 'lag_18': 0.7998980304714244, 'lag_19': 0.19928721229369878, 'lag_20': 0.5533962050383918, 'lag_21': 0.3043976753174286, 'lag_22': 0.9431246857417696, 'lag_23': 0.29578354692325726, 'lag_24': 0.3965855357854484, 'lag_25': 0.3962772822108825, 'lag_26': 0.34669033418193357, 'lag_27': 0.6653128789621868, 'lag_28': 0.6950396296045795}. Best is trial 6 with value: 0.0106734201903365.
[I 2025-09-29 13:18:44,176] Trial 14 finished with value: 0.009988389636909881 and parameters: {'lag_0': 0.5661503527518841, 'lag_1': 0.03396403985633348, 'lag_2': 0.8072024559110539, 'lag_3': 0.8011617450933989, 'lag_4': 0.3979218064268512, 'lag_5': 0.640903010804615, 'lag_6': 0.7843078456076102, 'lag_7': 0.04915881600484373, 'lag_8': 0.27920166408899516, 'lag_9': 0.532636075212263, 'lag_10': 0.7583407421978894, 'lag_11': 0.8492994622762844, 'lag_12': 0.45394093409572844, 'lag_13': 0.823507549086852, 'lag_14': 0.6908869713003921, 'lag_15': 0.36665519277484915, 'lag_16': 0.8618422113121793, 'lag_17': 0.7573557105534612, 'lag_18': 0.3435006661454977, 'lag_19': 0.011077871355239327, 'lag_20': 0.2725785334549619, 'lag_21': 0.6595505067309766, 'lag_22': 0.6640957192983533, 'lag_23': 0.9886817750179142, 'lag_24': 0.12003761453504042, 'lag_25': 0.11142150387163502, 'lag_26': 0.45122603568247693, 'lag_27': 0.5334505654610894, 'lag_28': 0.1609194407575732}. Best is trial 14 with value: 0.009988389636909881.
[I 2025-09-29 13:18:46,612] Trial 15 finished with value: 0.012830951660352577 and parameters: {'lag_0': 0.5708008995007614, 'lag_1': 0.009580865221236912, 'lag_2': 0.366518940045505, 'lag_3': 0.7494422294125094, 'lag_4': 0.4695833449354547, 'lag_5': 0.6530237993569841, 'lag_6': 0.6865530194873083, 'lag_7': 0.016129213795801567, 'lag_8': 0.3605573184404847, 'lag_9': 0.5419335353771322, 'lag_10': 0.7993450440406822, 'lag_11': 0.8508202144760301, 'lag_12': 0.41966100625797687, 'lag_13': 0.854968404689572, 'lag_14': 0.027957025576285044, 'lag_15': 0.37570504222915374, 'lag_16': 0.8287667482643475, 'lag_17': 0.7297282547915237, 'lag_18': 0.7854893719457052, 'lag_19': 0.6143869333149966, 'lag_20': 0.14541734612675888, 'lag_21': 0.6727880052973843, 'lag_22': 0.6303899589018818, 'lag_23': 0.976948471687333, 'lag_24': 0.006970826212728723, 'lag_25': 0.3565402144777922, 'lag_26': 0.017939261976810825, 'lag_27': 0.23403745997558412, 'lag_28': 0.27866668631858516}. Best is trial 14 with value: 0.009988389636909881.
[I 2025-09-29 13:18:49,065] Trial 16 finished with value: 0.013517644758405514 and parameters: {'lag_0': 0.08758443575741759, 'lag_1': 0.4259356236892732, 'lag_2': 0.7685543579877416, 'lag_3': 0.8632499798649774, 'lag_4': 0.3646103043056544, 'lag_5': 0.8219883543288522, 'lag_6': 0.4126180064449532, 'lag_7': 0.013391389379321661, 'lag_8': 0.27497863836501996, 'lag_9': 0.8448508743067376, 'lag_10': 0.564701587504001, 'lag_11': 0.8442713797639376, 'lag_12': 0.34493494834717475, 'lag_13': 0.32516615433510665, 'lag_14': 0.594208577503244, 'lag_15': 0.09856732244674454, 'lag_16': 0.5736114979817075, 'lag_17': 0.6103305134466486, 'lag_18': 0.45644425906111913, 'lag_19': 0.3839488227361183, 'lag_20': 0.7293225365808946, 'lag_21': 0.40199714517969176, 'lag_22': 0.859743242620205, 'lag_23': 0.8146886334605281, 'lag_24': 0.14596785053952518, 'lag_25': 0.14238081675155934, 'lag_26': 0.5203141949511291, 'lag_27': 0.7939324868478423, 'lag_28': 0.06640107361732842}. Best is trial 14 with value: 0.009988389636909881.
[I 2025-09-29 13:18:51,509] Trial 17 finished with value: 0.01341608935701731 and parameters: {'lag_0': 0.34986618665345703, 'lag_1': 0.11796353800757835, 'lag_2': 0.7072627441236592, 'lag_3': 0.6388910953916672, 'lag_4': 0.20332647599542583, 'lag_5': 0.5669938836777935, 'lag_6': 0.2359610475236268, 'lag_7': 0.6160720809210686, 'lag_8': 0.5382178375329861, 'lag_9': 0.8510010639038056, 'lag_10': 0.78878550441946, 'lag_11': 0.5933528235383627, 'lag_12': 0.31499428732882406, 'lag_13': 0.5753582714851226, 'lag_14': 0.4254813005321606, 'lag_15': 0.20591791819268349, 'lag_16': 0.30484901056070857, 'lag_17': 0.02607436694084747, 'lag_18': 0.05423435876111332, 'lag_19': 0.0034346331206947106, 'lag_20': 0.2695176889973441, 'lag_21': 0.050960020124636685, 'lag_22': 0.47049666937637774, 'lag_23': 0.97359661982503, 'lag_24': 0.13681632658539095, 'lag_25': 0.29505664348001365, 'lag_26': 0.18796866768344578, 'lag_27': 0.699522859912487, 'lag_28': 0.6472460518995633}. Best is trial 14 with value: 0.009988389636909881.
[I 2025-09-29 13:18:53,959] Trial 18 finished with value: 0.013148575490230999 and parameters: {'lag_0': 0.18022450731625816, 'lag_1': 0.6045893363658387, 'lag_2': 0.8674203844949999, 'lag_3': 0.5071705643037642, 'lag_4': 0.8268741790430467, 'lag_5': 0.43114160700668264, 'lag_6': 0.8335725575598542, 'lag_7': 0.5610237413395373, 'lag_8': 0.7355099578307851, 'lag_9': 0.5766980018675882, 'lag_10': 0.7265652800448119, 'lag_11': 0.8118656135647424, 'lag_12': 0.6101676754086125, 'lag_13': 0.007056691314753616, 'lag_14': 0.7909465212973387, 'lag_15': 0.45969802543247573, 'lag_16': 0.839912471144781, 'lag_17': 0.3916233605363314, 'lag_18': 0.2420643360273521, 'lag_19': 0.9523661329016104, 'lag_20': 0.015636742954542537, 'lag_21': 0.6649097018849159, 'lag_22': 0.6493160470223764, 'lag_23': 0.8428944721815965, 'lag_24': 0.3677375317004027, 'lag_25': 0.4899298091318212, 'lag_26': 0.405424973138107, 'lag_27': 0.877009782007502, 'lag_28': 0.3377846064715144}. Best is trial 14 with value: 0.009988389636909881.
[I 2025-09-29 13:18:56,412] Trial 19 finished with value: 0.012443567439433045 and parameters: {'lag_0': 0.5621838834833205, 'lag_1': 0.8760005129599543, 'lag_2': 0.39463404862540247, 'lag_3': 0.8282195117132345, 'lag_4': 0.40907114121221766, 'lag_5': 0.7858107738004234, 'lag_6': 0.6639543988427832, 'lag_7': 0.9442847732431487, 'lag_8': 0.2377521414410512, 'lag_9': 0.43198522055776833, 'lag_10': 0.529766724641859, 'lag_11': 0.5568244011473309, 'lag_12': 0.022972121697793002, 'lag_13': 0.8416983319247334, 'lag_14': 0.8262106235979815, 'lag_15': 0.3201352289886418, 'lag_16': 0.47079927637823465, 'lag_17': 0.14870682434619725, 'lag_18': 0.8541738669898059, 'lag_19': 0.8206277164644349, 'lag_20': 0.4927262178921996, 'lag_21': 0.6682078483219386, 'lag_22': 0.8572678453436966, 'lag_23': 0.6244539348732763, 'lag_24': 0.10154910970229, 'lag_25': 0.48518471670893965, 'lag_26': 0.6032341043702975, 'lag_27': 0.590600195570539, 'lag_28': 0.08840118323845719}. Best is trial 14 with value: 0.009988389636909881.
