[I 2025-10-03 11:35:45,596] Trial 3 finished with values: [0.0372306863650354, 0.000641586181207149, 0.004070080102983323, 0.004671700490106245, 0.0031761638675321295, 0.005747405570727721, 0.0009041775896979305, 0.0020111028339175724, 0.0005175701363292258, 0.00043894005447032904, 0.00015521319325485493, 0.00010664804358336019, 0.000891126627294747, 0.033964182343381166, 0.0, 0.010933177321646686, 0.009350448646134038, 0.0035541443747829195, 0.000682348979347472, 0.0005056231545006487, 0.00014222602411514832, 0.0002844089574137317, 0.0002994902112126609, 0.000276008200380261, 0.00014990905629014297, 8.751605454533458e-05, 0.0010283672836248507, 0.0009751765193039564, 0.0007898362285121363] and parameters: {'lag_0': 0.509138029395632, 'lag_1': 0.9914178540241305, 'lag_2': 0.9152210329481295, 'lag_3': 0.5378784176083224, 'lag_4': 0.8531270109377107, 'lag_5': 0.41214019080506525, 'lag_6': 0.43797758451464275, 'lag_7': 0.7646864036406009, 'lag_8': 0.7884492540423677, 'lag_9': 0.8170334712442057, 'lag_10': 0.6940060920955915, 'lag_11': 0.7433342995379305, 'lag_12': 0.7722106839171945, 'lag_13': 0.16001105765955873, 'lag_14': 0.19067040488951867, 'lag_15': 0.5020653680237759, 'lag_16': 0.9143389078269228, 'lag_17': 0.848728563291206, 'lag_18': 0.2603589284037711, 'lag_19': 0.8565907021475843, 'lag_20': 0.8919957421128764, 'lag_21': 0.5550575273047212, 'lag_22': 0.487791392072906, 'lag_23': 0.41574417217676285, 'lag_24': 0.8772372701384905, 'lag_25': 0.02023239487422098, 'lag_26': 0.5924251444991988, 'lag_27': 0.3524314788192088, 'lag_28': 0.7517963246152561}.
[I 2025-10-03 11:35:48,278] Trial 4 finished with values: [0.05273634038102776, 0.0023343995534474285, 0.005310833741772383, 0.0017588375513966133, 0.002270420224439018, 0.0037804690184296405, 0.0009069560491240544, 0.0010973096493715443, 0.00028742438558886617, 0.0014158047728340865, 0.0002684702569918295, 0.0003504260004007011, 0.002241983663947087, 0.031869095867622946, 0.0, 0.012488961672096548, 0.010293263191575317, 0.0036253199897210175, 0.0007089535294778147, 0.00039325138223366427, 5.210917450994406e-05, 0.00023740587724469555, 0.00019245652582293267, 0.00018673719379274118, 0.00013753342762908052, 0.00029817567621954523, 0.0008707034721634369, 0.0010779483810861158, 0.0014347624745608464] and parameters: {'lag_0': 0.31750156873850294, 'lag_1': 0.16026250951321966, 'lag_2': 0.9669126314729625, 'lag_3': 0.40715122329616965, 'lag_4': 0.15027392816541668, 'lag_5': 0.03811074170493327, 'lag_6': 0.8793898616059876, 'lag_7': 0.9366102800314413, 'lag_8': 0.2904795443226553, 'lag_9': 0.8763595613249293, 'lag_10': 0.8552305718403783, 'lag_11': 0.23893909981014194, 'lag_12': 0.5351285312355737, 'lag_13': 0.09323827639698107, 'lag_14': 0.9705301881592401, 'lag_15': 0.41370603950718615, 'lag_16': 0.35765651816804933, 'lag_17': 0.873177663152922, 'lag_18': 0.9123306668967848, 'lag_19': 0.1871850120973641, 'lag_20': 0.9734962386957282, 'lag_21': 0.10623080548665433, 'lag_22': 0.8002849125398307, 'lag_23': 0.3100869260716611, 'lag_24': 0.7603164859123458, 'lag_25': 0.4427147796585636, 'lag_26': 0.5083844813215673, 'lag_27': 0.03833654947682438, 'lag_28': 0.8884915861510598}.
[I 2025-10-03 11:35:50,968] Trial 5 finished with values: [0.07071497647888017, 0.001342986760444653, 0.00743623091954201, 0.010134298086482085, 0.0030284942737517024, 0.005383208701397907, 0.0012070212167088167, 0.0019728754494770873, 0.00021660304212429293, 0.0007232334855390063, 0.0002211747934105531, 0.0001220765342496333, 0.0019763682349580496, 0.03438032947515705, 0.0, 0.011915740728518252, 0.012316481736839838, 0.0029196447881727726, 0.000700330049489827, 0.0005779124637467434, 8.646989222356729e-05, 0.00016845697297680442, 0.00027424156159897137, 0.00016415428088868963, 0.00021074260087173215, 8.654219287357017e-05, 0.0007541343085496732, 0.0008663907790540714, 0.0007853772256313895] and parameters: {'lag_0': 0.05621889510500405, 'lag_1': 0.6817590549251188, 'lag_2': 0.951444830399342, 'lag_3': 0.6152522581858489, 'lag_4': 0.08349527164442976, 'lag_5': 0.1975366921470996, 'lag_6': 0.09348658265229606, 'lag_7': 0.02849446499369184, 'lag_8': 0.07463967357654737, 'lag_9': 0.3330880783085383, 'lag_10': 0.4869137324527939, 'lag_11': 0.4159749818641503, 'lag_12': 0.5796052047549276, 'lag_13': 0.40982810813950465, 'lag_14': 0.6125676651276495, 'lag_15': 0.759733414203846, 'lag_16': 0.8201010591574559, 'lag_17': 0.6509702076061812, 'lag_18': 0.3189683344286482, 'lag_19': 0.34865326180644024, 'lag_20': 0.43982303657871696, 'lag_21': 0.16682284956201887, 'lag_22': 0.6512511966535393, 'lag_23': 0.666805658480957, 'lag_24': 0.6247570643734057, 'lag_25': 0.5778357175773513, 'lag_26': 0.6264840843149053, 'lag_27': 0.1445314669417199, 'lag_28': 0.8145039722549384}.
[I 2025-10-03 11:35:53,649] Trial 6 finished with values: [0.07492159062292532, 0.0017317032862380899, 0.006000228395366835, 0.003019081750087016, 0.0016638959213541873, 0.004422229844616764, 0.0010910200058658714, 0.0025147391735701975, 0.0008798543543440342, 0.0016236490234727403, 0.00010257312274690094, 0.00022503719931110804, 0.0032624843018619802, 0.029083125807425718, 0.0, 0.010972274023489426, 0.010850448363314173, 0.0033673397327418494, 0.0007206334368363427, 0.0003937766802585011, 9.726090241970189e-05, 0.00016356187245679697, 0.00012380108256260892, 0.00025071612310876147, 0.00013035486415255144, 0.00012244829794092995, 0.0012852353392579453, 0.000437421179971282, 0.0013715022816790442] and parameters: {'lag_0': 0.13636149564470465, 'lag_1': 0.5765198928153401, 'lag_2': 0.19082499519893298, 'lag_3': 0.1519298888791109, 'lag_4': 0.39638659435466195, 'lag_5': 0.2556605828257311, 'lag_6': 0.2050301956742519, 'lag_7': 0.5359995617835299, 'lag_8': 0.9946439261567658, 'lag_9': 0.3748030825365204, 'lag_10': 0.8144332819024592, 'lag_11': 0.7598293834682122, 'lag_12': 0.8807450261698015, 'lag_13': 0.4258166501537624, 'lag_14': 0.9605946298178317, 'lag_15': 0.7701219939007429, 'lag_16': 0.3710389477963752, 'lag_17': 0.22650966033687603, 'lag_18': 0.9540386928138351, 'lag_19': 0.09357446087788543, 'lag_20': 0.4943376600061885, 'lag_21': 0.11275492687432287, 'lag_22': 0.6267869368138179, 'lag_23': 0.8862054072032638, 'lag_24': 0.015462396752081959, 'lag_25': 0.7516912162520881, 'lag_26': 0.45767054011362523, 'lag_27': 0.5353904821223492, 'lag_28': 0.716590607323924}.
[I 2025-10-03 11:35:56,329] Trial 7 finished with values: [0.06117890056444577, 0.0013531259951904307, 0.004697076130614514, 0.003202984199208807, 0.0035931847932536747, 0.00406913172159983, 0.0010406842467402906, 0.0015606360172472139, 4.3020947333069674e-05, 0.0011252802515134253, 0.0002757038035293683, 0.0002474447322557222, 0.002344006679226243, 0.028938043790057495, 0.0, 0.009115724941286235, 0.00990970423866879, 0.0028905181986915566, 0.000591151965850854, 0.0004736686892087656, 0.00011227318045356496, 0.00022370646238023214, 0.00021541342975352787, 0.0003841029804886301, 6.243588812740099e-05, 0.00014845443271255748, 0.0006654248480025116, 0.0009421245816032715, 0.0011845604421690272] and parameters: {'lag_0': 0.7558835420951148, 'lag_1': 0.09084326868182421, 'lag_2': 0.7037120059412982, 'lag_3': 0.6943250216875111, 'lag_4': 0.5950305936200587, 'lag_5': 0.7787302812624973, 'lag_6': 0.012974353269728286, 'lag_7': 0.15243980076041364, 'lag_8': 0.07154223591609271, 'lag_9': 0.4726446311606498, 'lag_10': 0.8228985185993285, 'lag_11': 0.9379195060342144, 'lag_12': 0.11925445005980785, 'lag_13': 0.8590472287152572, 'lag_14': 0.7000408780568198, 'lag_15': 0.852662557598802, 'lag_16': 0.8318966448726426, 'lag_17': 0.7819485981717533, 'lag_18': 0.5175877740650451, 'lag_19': 0.7608589956290295, 'lag_20': 0.2692802575786706, 'lag_21': 0.09187871844074859, 'lag_22': 0.33696091365489134, 'lag_23': 0.820538831101178, 'lag_24': 0.9402273157670881, 'lag_25': 0.09982277823819807, 'lag_26': 0.9743529215553447, 'lag_27': 0.6159759379723233, 'lag_28': 0.6244207544522162}.
[I 2025-10-03 11:35:59,009] Trial 8 finished with values: [0.06742074484456757, 0.004058764843510825, 0.007505702505493948, 0.010037426651281562, 0.0055640176358384506, 0.00540485374840354, 0.0007279414679535976, 0.0024155494248042147, 0.0005397117472444627, 0.0007363472938270343, 6.750086002827043e-05, 0.00015293884786627215, 0.002384408477873234, 0.0341573595681823, 0.0, 0.009981269038288113, 0.009527950881313276, 0.004055401442799489, 0.0006265309285664233, 0.0004994161463534252, 0.00012353371240803547, 0.00036343096608359, 0.0001938227869352391, 0.0004590262858260101, 0.0001059726000505025, 0.00026895425760405995, 0.0006426876514018184, 0.0009448993802196914, 0.0006716780786506953] and parameters: {'lag_0': 0.9789417567115428, 'lag_1': 0.9255533445043947, 'lag_2': 0.034913209326681564, 'lag_3': 0.28284957041457914, 'lag_4': 0.19073769593017978, 'lag_5': 0.9699473520308942, 'lag_6': 0.4436208981360162, 'lag_7': 0.7112902040860576, 'lag_8': 0.5002398110290338, 'lag_9': 0.4267895908214123, 'lag_10': 0.33582932688286693, 'lag_11': 0.05430796266527071, 'lag_12': 0.7761542982224356, 'lag_13': 0.9871873065266875, 'lag_14': 0.7381654749442826, 'lag_15': 0.13056441954954673, 'lag_16': 0.22879872654963093, 'lag_17': 0.10399697119167114, 'lag_18': 0.2233902771997504, 'lag_19': 0.7011011853671281, 'lag_20': 0.9043655176316682, 'lag_21': 0.7520167432785939, 'lag_22': 0.021856641687142894, 'lag_23': 0.31165304111806535, 'lag_24': 0.7795818533118669, 'lag_25': 0.7734653381534384, 'lag_26': 0.41996130251910424, 'lag_27': 0.8328341021449782, 'lag_28': 0.7649063618740148}.
[I 2025-10-03 11:36:01,703] Trial 9 finished with values: [0.054607148353339484, 0.006010783410152277, 0.008087119941947166, 0.004989258735554453, 0.0022948456445530544, 0.0038987612173661196, 0.0013507842814305649, 0.004444961383850712, 0.0004522175982658321, 0.0006143413374213472, 0.00014672243513850662, 0.0002334576836944299, 0.0018964200738512166, 0.0334813474119493, 0.0, 0.008706701930197026, 0.011020395279939404, 0.0034519667015899215, 0.0004853837015366757, 0.00040562770121729976, 7.144639278275537e-05, 0.0004279896055202334, 6.2964885290446e-05, 0.000515543535797683, 0.00011519668923922673, 9.970525996858093e-05, 0.0007916659927837024, 0.0006916503056998443, 0.0015057741743579882] and parameters: {'lag_0': 0.398183173792903, 'lag_1': 0.4064570680085176, 'lag_2': 0.9132184420286559, 'lag_3': 0.058375105995316805, 'lag_4': 0.9626156530266833, 'lag_5': 0.2935629586709495, 'lag_6': 0.799325540766529, 'lag_7': 0.11504927130200591, 'lag_8': 0.578314784942692, 'lag_9': 0.32174362042330146, 'lag_10': 0.3545695255234361, 'lag_11': 0.768393039388508, 'lag_12': 0.5879924535739052, 'lag_13': 0.33456700968904074, 'lag_14': 0.9754988259567519, 'lag_15': 0.7683844027646154, 'lag_16': 0.4586642012509143, 'lag_17': 0.15444231480210702, 'lag_18': 0.8048834209771502, 'lag_19': 0.09045783540703917, 'lag_20': 0.8750514329593018, 'lag_21': 0.38516635257246196, 'lag_22': 0.062108837982422095, 'lag_23': 0.7490075864342483, 'lag_24': 0.6043697196482066, 'lag_25': 0.9409442825603088, 'lag_26': 0.09517227464044337, 'lag_27': 0.2868996809993945, 'lag_28': 0.32075631218190476}.
[I 2025-10-03 11:36:04,397] Trial 10 finished with values: [0.057544201634691025, 0.0009036338383123395, 0.009434096302319103, 0.006645976349063316, 0.0012000504956229026, 0.003996525393424622, 0.0014364843089412524, 0.0017652611210330215, 0.000276396507686017, 0.0011733895702655932, 0.0002421877826659353, 0.00017755902932292604, 0.002652756988416413, 0.03299374515948924, 0.0, 0.007858803238554217, 0.011108572609090855, 0.0025073617411947497, 0.00044639059143481124, 0.00036976013641289797, 5.7791717167931936e-05, 0.0003065021759610412, 0.00012363823662300079, 0.00015833465648362944, 0.00036488961844506363, 5.0805142180085284e-05, 0.0008926592877546985, 0.000728909730355626, 0.001264825543482435] and parameters: {'lag_0': 0.6804450469035596, 'lag_1': 0.8751146790472196, 'lag_2': 0.39915112947984793, 'lag_3': 0.3006480396919488, 'lag_4': 0.3152436334572255, 'lag_5': 0.05956836708370281, 'lag_6': 0.26294751785815157, 'lag_7': 0.9980838510958452, 'lag_8': 0.9698763251034036, 'lag_9': 0.21919030682065502, 'lag_10': 0.2687528705706869, 'lag_11': 0.5395733938846999, 'lag_12': 0.8221929772120019, 'lag_13': 0.9878978692251635, 'lag_14': 0.8877207391387726, 'lag_15': 0.8737209818299174, 'lag_16': 0.705882136319634, 'lag_17': 0.4723941113221821, 'lag_18': 0.19822205637808055, 'lag_19': 0.5342940554257194, 'lag_20': 0.05930323095529967, 'lag_21': 0.43777410672394107, 'lag_22': 0.544548853010907, 'lag_23': 0.1468613590057035, 'lag_24': 0.025398269963760923, 'lag_25': 0.49507501345602967, 'lag_26': 0.8708546075195743, 'lag_27': 0.38915222681617045, 'lag_28': 0.044263380067612136}.
[I 2025-10-03 11:36:07,080] Trial 11 finished with values: [0.0636118424815877, 0.004220309061759653, 0.004815654654931787, 0.005991128896182328, 0.0038249816633427365, 0.0038456671921675784, 0.00035701653868303984, 0.0014385589090469893, 0.0006286909432356043, 0.0009315995672750392, 8.437646852868354e-05, 0.000133748413849203, 0.0018857031029221576, 0.0356456220410427, 0.0, 0.010075060745483918, 0.009483976814580708, 0.0036310353871130433, 0.0005389898184222106, 0.00045444658736041563, 0.00018836351459019206, 0.0002689389706476664, 0.0002873218898101785, 0.00029909778955131757, 3.997761184907581e-05, 0.0001950066995263674, 0.0012914958709990723, 0.0012962512974014312, 0.0008176647445865108] and parameters: {'lag_0': 0.09230203015003173, 'lag_1': 0.24597787802393986, 'lag_2': 0.6946540597446383, 'lag_3': 0.9235539147537067, 'lag_4': 0.4059543174584435, 'lag_5': 0.48367412953848543, 'lag_6': 0.9340197825428013, 'lag_7': 0.19695718510240878, 'lag_8': 0.9843040160123189, 'lag_9': 0.5767676862638945, 'lag_10': 0.017841850572988267, 'lag_11': 0.13454954496764635, 'lag_12': 0.18298792069605194, 'lag_13': 0.042734275118308414, 'lag_14': 0.6418087757128762, 'lag_15': 0.34558027521474494, 'lag_16': 0.9247117733730564, 'lag_17': 0.46498236270810483, 'lag_18': 0.7923141089325023, 'lag_19': 0.1985769975785879, 'lag_20': 0.3066230128659374, 'lag_21': 0.14553959329857943, 'lag_22': 0.6684532214116091, 'lag_23': 0.7271904441646602, 'lag_24': 0.8935649207781023, 'lag_25': 0.7899920107984907, 'lag_26': 0.32771862881654884, 'lag_27': 0.9640133073892908, 'lag_28': 0.6496366217430909}.
[I 2025-10-03 11:36:09,916] Trial 12 finished with values: [0.03025992613111727, 0.0015628909048692467, 0.006871768575120708, 0.007557015907546556, 0.00211496107210621, 0.004889496381342276, 0.00036837161213007134, 0.0009029994146450013, 0.0004831940915752186, 0.0014782100490125813, 0.00030228378781034233, 0.0001580051521143236, 0.00208526695750517, 0.031998937807849535, 0.0, 0.011621664095966888, 0.009910482310127682, 0.0037724856663745683, 0.0007257285268878413, 0.0005347875272786598, 7.620131923365833e-05, 0.00017741747931014656, 0.00014608219811820122, 0.00042702221067577255, 6.315336198717809e-05, 0.00025547638206167313, 0.0009711721347699772, 0.001785341890677852, 0.0013225774542818614] and parameters: {'lag_0': 0.5231460736388353, 'lag_1': 0.2897410112375392, 'lag_2': 0.36607851103700223, 'lag_3': 0.712919299227659, 'lag_4': 0.09076642792594551, 'lag_5': 0.7776101712601805, 'lag_6': 0.7385971653344117, 'lag_7': 0.44067704465753943, 'lag_8': 0.9533050961549535, 'lag_9': 0.440644751457593, 'lag_10': 0.6945652565339373, 'lag_11': 0.43553633176494283, 'lag_12': 0.8965056579671676, 'lag_13': 0.3954606232655438, 'lag_14': 0.35432725365002393, 'lag_15': 0.37340830870890535, 'lag_16': 0.468702686814287, 'lag_17': 0.4296149316384664, 'lag_18': 0.01795747167761038, 'lag_19': 0.19041325682875518, 'lag_20': 0.04088257101896314, 'lag_21': 0.9966947881036431, 'lag_22': 0.8421471824783336, 'lag_23': 0.6614156473987873, 'lag_24': 0.6578943576850383, 'lag_25': 0.6562402661291589, 'lag_26': 0.4375280611885013, 'lag_27': 0.38611557604063307, 'lag_28': 0.471656787974421}.
[I 2025-10-03 11:36:12,610] Trial 13 finished with values: [0.07492159062292532, 0.002941326570861504, 0.007452740783739675, 0.007366646158938667, 0.0019731004144666643, 0.0022465491804320122, 0.0020391212573269814, 0.002489369444467032, 0.00079301712067768, 0.0014217013122725703, 0.0001989912988746912, 0.0004889602122831919, 0.001774928186509117, 0.03511416814203082, 0.0, 0.013342737708844227, 0.012346009968212661, 0.004140545799755464, 0.0007384311528930525, 0.00036215389315443077, 9.425702197865898e-05, 0.0003654248524714058, 0.0004310113274781792, 0.0003324593517510768, 0.00029055494356805696, 0.0003194815580114603, 0.0011279126965820885, 0.0011931406942385621, 0.001713840886426545] and parameters: {'lag_0': 0.5717482723367071, 'lag_1': 0.3026688627103554, 'lag_2': 0.3646663731110181, 'lag_3': 0.12802936115962696, 'lag_4': 0.8579918235220615, 'lag_5': 0.7092016549608464, 'lag_6': 0.1359148372659393, 'lag_7': 0.864586687528837, 'lag_8': 0.23383755202823844, 'lag_9': 0.08220505837081027, 'lag_10': 0.3986913993053848, 'lag_11': 0.40924982916940733, 'lag_12': 0.2052911596847871, 'lag_13': 0.34176412870043327, 'lag_14': 0.14280701121813938, 'lag_15': 0.19337288395366226, 'lag_16': 0.12442477797808923, 'lag_17': 0.49496852609281106, 'lag_18': 0.9648336217641719, 'lag_19': 0.925393906366258, 'lag_20': 0.3031579956359494, 'lag_21': 0.38881285287330547, 'lag_22': 0.1941190200619553, 'lag_23': 0.3290001285930233, 'lag_24': 0.6958507116081666, 'lag_25': 0.40659129917076536, 'lag_26': 0.6313660893703638, 'lag_27': 0.6411443824179107, 'lag_28': 0.8376731315430112}.
[I 2025-10-03 11:36:15,303] Trial 14 finished with values: [0.06935395251940205, 0.0026723813466906004, 0.005076147560284373, 0.004841450533817247, 0.004271265169562955, 0.005985552747887766, 0.0006894371084639753, 0.001954925787310937, 0.0008462239726594756, 0.001215380385011112, 0.0001590628691201524, 6.535107188596172e-05, 0.002080376607700426, 0.03275116695191145, 0.0, 0.008001529877022458, 0.010430471778078824, 0.0032106802102687014, 0.0007497370753587031, 0.0003273250013699644, 0.00012920787892147612, 0.0004001598590947238, 0.00021367790677724168, 0.00034671975077115314, 0.00040723685712515937, 0.00017470157919647695, 0.0006565776525209421, 0.0009401077467568693, 0.00034580570848486667] and parameters: {'lag_0': 0.9320000332374191, 'lag_1': 0.5125133837627892, 'lag_2': 0.5841365358878803, 'lag_3': 0.11238729682822372, 'lag_4': 0.5835706561495243, 'lag_5': 0.1853288538257037, 'lag_6': 0.6307648395017976, 'lag_7': 0.5904377231028203, 'lag_8': 0.33996183774953537, 'lag_9': 0.5340752827765926, 'lag_10': 0.12544297951214728, 'lag_11': 0.4218526296933517, 'lag_12': 0.3976879859631943, 'lag_13': 0.8243351105985722, 'lag_14': 0.7411285935672288, 'lag_15': 0.580360821463621, 'lag_16': 0.09773287950133394, 'lag_17': 0.775230357944734, 'lag_18': 0.022039666663657784, 'lag_19': 0.7645532211208415, 'lag_20': 0.31825305005581417, 'lag_21': 0.05472698785887706, 'lag_22': 0.32101405631656216, 'lag_23': 0.8454801431517944, 'lag_24': 0.9042038119554492, 'lag_25': 0.6469263058289845, 'lag_26': 0.33389587406085464, 'lag_27': 0.8325630347485983, 'lag_28': 0.6681286056868229}.
[I 2025-10-03 11:36:17,992] Trial 15 finished with values: [0.0724463296398892, 0.002376135255379142, 0.012373081461734622, 0.004863855059170505, 0.003186487277791566, 0.00370835191901822, 0.0006730872054355325, 0.002410483102315039, 0.00045143847488529935, 0.0016793100969410327, 0.0005872714045043598, 0.00015968857279816185, 0.0021167427050783434, 0.03412376691657069, 0.0, 0.009026661181643364, 0.009505447712320904, 0.0037149944888900553, 0.0004582119639335501, 0.0006440471734796246, 3.3754067337122e-05, 0.00015990663999126612, 5.3216932707163016e-05, 0.0002481179386143407, 0.0003462018136486758, 0.0003995721761212957, 0.0008209793746324128, 0.0012074596951462877, 0.001703693063829232] and parameters: {'lag_0': 0.10439243431504609, 'lag_1': 0.49764449072125394, 'lag_2': 0.1425171989057546, 'lag_3': 0.6464688132713491, 'lag_4': 0.9021146234907255, 'lag_5': 0.11300199263554714, 'lag_6': 0.5708840570947407, 'lag_7': 0.25177831634778786, 'lag_8': 0.2105932511323299, 'lag_9': 0.796870635606368, 'lag_10': 0.9610607808020218, 'lag_11': 0.5146281485719251, 'lag_12': 0.09553144872917325, 'lag_13': 0.5118998524917192, 'lag_14': 0.21852700609138678, 'lag_15': 0.8827121345187643, 'lag_16': 0.4397878049649011, 'lag_17': 0.7543507059554315, 'lag_18': 0.8448659402065077, 'lag_19': 0.6962762655982113, 'lag_20': 0.722778633569423, 'lag_21': 0.23645912653663423, 'lag_22': 0.3669024229502092, 'lag_23': 0.2503054985017898, 'lag_24': 0.720427538455724, 'lag_25': 0.014812526517754743, 'lag_26': 0.7478621555607532, 'lag_27': 0.540779526841807, 'lag_28': 0.9904236661156612}.
