[I 2025-09-29 13:18:58,854] Trial 20 finished with value: 0.01377204426663806 and parameters: {'lag_0': 0.4387538511210229, 'lag_1': 0.18135195092824774, 'lag_2': 0.19297029178356967, 'lag_3': 0.6358358829835267, 'lag_4': 0.5502607339241152, 'lag_5': 0.6035610396625587, 'lag_6': 0.9974266080693021, 'lag_7': 0.6766505066922864, 'lag_8': 0.399612730085724, 'lag_9': 0.8312550530705864, 'lag_10': 0.8496235471500924, 'lag_11': 0.9180732782729012, 'lag_12': 0.5175315665845097, 'lag_13': 0.8400881570340145, 'lag_14': 0.592883314043838, 'lag_15': 0.15823609125638177, 'lag_16': 0.6279527457133933, 'lag_17': 0.7961792694215717, 'lag_18': 0.019100616959208505, 'lag_19': 0.3081128104547679, 'lag_20': 0.8047441365819861, 'lag_21': 0.1735141499842583, 'lag_22': 0.24472057724880647, 'lag_23': 0.9994255494388034, 'lag_24': 0.5255023006688483, 'lag_25': 0.10770974465028574, 'lag_26': 0.12675897914377784, 'lag_27': 0.41632904975440665, 'lag_28': 0.5553135913529892}. Best is trial 14 with value: 0.009988389636909881.
[I 2025-09-29 13:19:01,301] Trial 21 finished with value: 0.013492595872123137 and parameters: {'lag_0': 0.8712884140232948, 'lag_1': 0.001329914657249076, 'lag_2': 0.898537196222365, 'lag_3': 0.9882577738239675, 'lag_4': 0.13544583534173116, 'lag_5': 0.28127371865176887, 'lag_6': 0.8506552910125049, 'lag_7': 0.352528080340236, 'lag_8': 0.13639169279627966, 'lag_9': 0.05694877569654122, 'lag_10': 0.285529085053566, 'lag_11': 0.15770066169363556, 'lag_12': 0.8261994135740425, 'lag_13': 0.672641096142182, 'lag_14': 0.7631826246747793, 'lag_15': 0.495936213380888, 'lag_16': 0.8849529980733932, 'lag_17': 0.8754910311551816, 'lag_18': 0.3375821436634824, 'lag_19': 0.11682307385751738, 'lag_20': 0.278045886725629, 'lag_21': 0.46424508197966063, 'lag_22': 0.7069492046830623, 'lag_23': 0.4589415386600843, 'lag_24': 0.25318945822147776, 'lag_25': 0.10693632413422755, 'lag_26': 0.401956330387108, 'lag_27': 0.53257721375786, 'lag_28': 0.13066542815632298}. Best is trial 14 with value: 0.009988389636909881.
[I 2025-09-29 13:19:03,754] Trial 22 finished with value: 0.013310961200523446 and parameters: {'lag_0': 0.6736470103498181, 'lag_1': 0.4163054194209166, 'lag_2': 0.89968666984319, 'lag_3': 0.38315440281452345, 'lag_4': 0.0058228222674520935, 'lag_5': 0.4924648128053962, 'lag_6': 0.8480290610552235, 'lag_7': 0.1852648044090368, 'lag_8': 0.07717330944706934, 'lag_9': 0.22629778143173457, 'lag_10': 0.374926131356419, 'lag_11': 0.34220571804321154, 'lag_12': 0.9171427264305286, 'lag_13': 0.7584870140725402, 'lag_14': 0.681027001918308, 'lag_15': 0.6446120030298342, 'lag_16': 0.9908865797564923, 'lag_17': 0.5965016801655849, 'lag_18': 0.430656823160266, 'lag_19': 0.12158798788733388, 'lag_20': 0.3693593420604852, 'lag_21': 0.5868080981238505, 'lag_22': 0.8317368745331528, 'lag_23': 0.7828920240996888, 'lag_24': 0.21194912362635224, 'lag_25': 0.10233309472064162, 'lag_26': 0.3155221785581248, 'lag_27': 0.57053547193079, 'lag_28': 0.30020949452603624}. Best is trial 14 with value: 0.009988389636909881.
[I 2025-09-29 13:19:06,201] Trial 23 finished with value: 0.011846835107083259 and parameters: {'lag_0': 0.8315718809466015, 'lag_1': 0.25401230039007955, 'lag_2': 0.7298698261387921, 'lag_3': 0.2012387547052834, 'lag_4': 0.15141829963740122, 'lag_5': 0.13375156050497206, 'lag_6': 0.6454415087723608, 'lag_7': 0.3374509414051124, 'lag_8': 0.20473639212576866, 'lag_9': 0.4386683833965967, 'lag_10': 0.637127621016609, 'lag_11': 0.7811156324646715, 'lag_12': 0.7234647244336693, 'lag_13': 0.5982182197459617, 'lag_14': 0.5822727322382983, 'lag_15': 0.3500481829340957, 'lag_16': 0.8986551096203199, 'lag_17': 0.9962219274756164, 'lag_18': 0.19010684111503612, 'lag_19': 0.08375745403735538, 'lag_20': 0.6019943700472102, 'lag_21': 0.8691002243612501, 'lag_22': 0.5051570258462192, 'lag_23': 0.6119206200370527, 'lag_24': 0.32921835776999786, 'lag_25': 0.2701454927450101, 'lag_26': 0.4371807316190237, 'lag_27': 0.701852445416795, 'lag_28': 0.17405794094351865}. Best is trial 14 with value: 0.009988389636909881.
[I 2025-09-29 13:19:08,653] Trial 24 finished with value: 0.011226945301693325 and parameters: {'lag_0': 0.848789174486346, 'lag_1': 0.13975335126623434, 'lag_2': 0.7323617202376776, 'lag_3': 0.23765200770854794, 'lag_4': 0.18878965059560449, 'lag_5': 0.16173921504560923, 'lag_6': 0.6278372878416214, 'lag_7': 0.3731902551755809, 'lag_8': 0.25470154785391524, 'lag_9': 0.441436423108451, 'lag_10': 0.6536626417574476, 'lag_11': 0.7936043545977113, 'lag_12': 0.7284348244545478, 'lag_13': 0.5946020748737425, 'lag_14': 0.41720126495817306, 'lag_15': 0.3353215626260293, 'lag_16': 0.8621613863166484, 'lag_17': 0.9970208634519901, 'lag_18': 0.25517047768552004, 'lag_19': 0.04027600156665523, 'lag_20': 0.6001022242027573, 'lag_21': 0.877070860547483, 'lag_22': 0.5107947162392928, 'lag_23': 0.630755779750197, 'lag_24': 0.44285681849892794, 'lag_25': 0.30468736252498013, 'lag_26': 0.49674204161514596, 'lag_27': 0.875027551172615, 'lag_28': 0.8628785080896193}. Best is trial 14 with value: 0.009988389636909881.
[I 2025-09-29 13:19:11,097] Trial 25 finished with value: 0.013185286649223202 and parameters: {'lag_0': 0.6475981137241906, 'lag_1': 0.1022402551778486, 'lag_2': 0.6004300840810475, 'lag_3': 0.5824944834934517, 'lag_4': 0.32216658512088225, 'lag_5': 0.5889117675618891, 'lag_6': 0.5147920666939784, 'lag_7': 0.053761666751771305, 'lag_8': 0.4725461843414343, 'lag_9': 0.6076899631029296, 'lag_10': 0.7288333591907212, 'lag_11': 0.6621324329586603, 'lag_12': 0.5268086363062592, 'lag_13': 0.37667466671711985, 'lag_14': 0.4000440376819622, 'lag_15': 0.42816699344516124, 'lag_16': 0.7724232083127582, 'lag_17': 0.8245300730743514, 'lag_18': 0.2588548311029831, 'lag_19': 0.22781203793144048, 'lag_20': 0.48143071456634445, 'lag_21': 0.7126848017930167, 'lag_22': 0.4506714892661732, 'lag_23': 0.8849767931924652, 'lag_24': 0.4516425455255681, 'lag_25': 0.32166970012442675, 'lag_26': 0.2434169549701667, 'lag_27': 0.8504750950909215, 'lag_28': 0.7916453908534501}. Best is trial 14 with value: 0.009988389636909881.
[I 2025-09-29 13:19:13,546] Trial 26 finished with value: 0.013019393221570303 and parameters: {'lag_0': 0.3128976337342625, 'lag_1': 0.1534672356467212, 'lag_2': 0.8267602912635981, 'lag_3': 0.8526854201748435, 'lag_4': 0.5317847299140273, 'lag_5': 0.32261982615480866, 'lag_6': 0.6358276265579577, 'lag_7': 0.13184481973753162, 'lag_8': 0.6402757219842881, 'lag_9': 0.45813171703438316, 'lag_10': 0.9506883041210759, 'lag_11': 0.8947200487177169, 'lag_12': 0.6602131630765526, 'lag_13': 0.8830238403252718, 'lag_14': 0.44991139442451916, 'lag_15': 0.25693403847912233, 'lag_16': 0.6579835671396674, 'lag_17': 0.71014870346407, 'lag_18': 0.08146344661981725, 'lag_19': 0.4716761380340443, 'lag_20': 0.6454302401291995, 'lag_21': 0.8708129399967548, 'lag_22': 0.5561407118579926, 'lag_23': 0.6576196028446617, 'lag_24': 0.6769881733699199, 'lag_25': 0.4399620175202207, 'lag_26': 0.5966203318321309, 'lag_27': 0.8921270344671274, 'lag_28': 0.9450506251106394}. Best is trial 14 with value: 0.009988389636909881.
[I 2025-09-29 13:19:15,994] Trial 27 finished with value: 0.01230016145305876 and parameters: {'lag_0': 0.5057960950726391, 'lag_1': 0.3809927142192782, 'lag_2': 0.46936739562753965, 'lag_3': 0.3361831733027944, 'lag_4': 0.20753694220377972, 'lag_5': 0.44027410717575455, 'lag_6': 0.4750616455790793, 'lag_7': 0.25080638456697335, 'lag_8': 0.3132241716460704, 'lag_9': 0.3275296509540956, 'lag_10': 0.5913526839020123, 'lag_11': 0.7709082560110099, 'lag_12': 0.440532476029385, 'lag_13': 0.7774073310271934, 'lag_14': 0.3605285423120812, 'lag_15': 0.007820485334497196, 'lag_16': 0.8668590017119675, 'lag_17': 0.36022824593409375, 'lag_18': 0.7006020380838882, 'lag_19': 0.19185709022729455, 'lag_20': 0.7696753773285014, 'lag_21': 0.9708285386086646, 'lag_22': 0.31752827598480315, 'lag_23': 0.7717543800540917, 'lag_24': 0.047663158256061905, 'lag_25': 0.5720065654984083, 'lag_26': 0.4883846802699753, 'lag_27': 0.7366576383676751, 'lag_28': 0.8233200515256723}. Best is trial 14 with value: 0.009988389636909881.
[I 2025-09-29 13:19:18,447] Trial 28 finished with value: 0.012434863721025572 and parameters: {'lag_0': 0.4194769469051371, 'lag_1': 0.05709633125052082, 'lag_2': 0.6972003945389016, 'lag_3': 0.6925635962901185, 'lag_4': 0.31245209845880934, 'lag_5': 0.2098023071431193, 'lag_6': 0.7538885091502345, 'lag_7': 0.09361527541875314, 'lag_8': 0.3968986107685361, 'lag_9': 0.7890760735041342, 'lag_10': 0.49062690850511137, 'lag_11': 0.9824468832723932, 'lag_12': 0.7674647490586074, 'lag_13': 0.5956375724461018, 'lag_14': 0.5228041965276659, 'lag_15': 0.5329651992396115, 'lag_16': 0.7644593929976718, 'lag_17': 0.9444393255475654, 'lag_18': 0.26801510411050733, 'lag_19': 0.030025784880081858, 'lag_20': 0.5240872736775817, 'lag_21': 0.8696973557058642, 'lag_22': 0.6474483482586402, 'lag_23': 0.9158933170241813, 'lag_24': 0.18115075833058703, 'lag_25': 0.17580424312725376, 'lag_26': 0.6050199591168443, 'lag_27': 0.9355504872404344, 'lag_28': 0.9016235519015903}. Best is trial 14 with value: 0.009988389636909881.
[I 2025-09-29 13:19:20,896] Trial 29 finished with value: 0.01303448585128597 and parameters: {'lag_0': 0.72166407189806, 'lag_1': 0.179410140494134, 'lag_2': 0.9843268032378917, 'lag_3': 0.45964947854367005, 'lag_4': 0.37051747267527957, 'lag_5': 0.8767268041388057, 'lag_6': 0.46984617467271633, 'lag_7': 0.8673438096490756, 'lag_8': 0.05966714510053428, 'lag_9': 0.5930295973955448, 'lag_10': 0.8178678847853553, 'lag_11': 0.6452764899059535, 'lag_12': 0.259148595358999, 'lag_13': 0.770328862854232, 'lag_14': 0.23371015073515403, 'lag_15': 0.2511325182458113, 'lag_16': 0.71277633935071, 'lag_17': 0.5535800984576578, 'lag_18': 0.5238814149698223, 'lag_19': 0.6890813120600867, 'lag_20': 0.31674339664208057, 'lag_21': 0.7452546302206638, 'lag_22': 0.5597191162433274, 'lag_23': 0.5763464355043264, 'lag_24': 0.9941693564900342, 'lag_25': 0.5897161985457857, 'lag_26': 0.7905316908697482, 'lag_27': 0.7863268749728541, 'lag_28': 0.5035469923091594}. Best is trial 14 with value: 0.009988389636909881.
[I 2025-09-29 13:19:23,359] Trial 30 finished with value: 0.013370887892616904 and parameters: {'lag_0': 0.9105080056145879, 'lag_1': 0.9161895255323651, 'lag_2': 0.7529097707354381, 'lag_3': 0.12780001680988118, 'lag_4': 0.07096593552722119, 'lag_5': 0.6570801185985552, 'lag_6': 0.8007392652592761, 'lag_7': 0.4110241541144207, 'lag_8': 0.11501869085953392, 'lag_9': 0.13275035533201146, 'lag_10': 0.6863943813774072, 'lag_11': 0.7550715739728613, 'lag_12': 0.5973212039457125, 'lag_13': 0.9940808845888318, 'lag_14': 0.286545661384362, 'lag_15': 0.20289130842135977, 'lag_16': 0.9954487087437456, 'lag_17': 0.8170962327656078, 'lag_18': 0.1111300076616959, 'lag_19': 0.3092393421907539, 'lag_20': 0.6376256640140552, 'lag_21': 0.6264956553956442, 'lag_22': 0.5100771330061201, 'lag_23': 0.5173317782016931, 'lag_24': 0.06157393703389147, 'lag_25': 0.26525280603855916, 'lag_26': 0.47371228978784646, 'lag_27': 0.6579373864856709, 'lag_28': 0.7664820595874365}. Best is trial 14 with value: 0.009988389636909881.
[I 2025-09-29 13:19:25,816] Trial 31 finished with value: 0.014013784983703781 and parameters: {'lag_0': 0.8433446791634285, 'lag_1': 0.28485699911117496, 'lag_2': 0.7235595793806321, 'lag_3': 0.26450223977484655, 'lag_4': 0.16537008816461385, 'lag_5': 0.1139571945684608, 'lag_6': 0.6359864991617341, 'lag_7': 0.3320622253476421, 'lag_8': 0.2094247682327779, 'lag_9': 0.44919680076334656, 'lag_10': 0.6488281162162377, 'lag_11': 0.7944131111122953, 'lag_12': 0.7138819565353743, 'lag_13': 0.6133794987609911, 'lag_14': 0.5809811855883045, 'lag_15': 0.34410887953466385, 'lag_16': 0.8965045102110994, 'lag_17': 0.9560036701567557, 'lag_18': 0.17402357776496702, 'lag_19': 0.06304711069888333, 'lag_20': 0.5721038449250805, 'lag_21': 0.8420606932827527, 'lag_22': 0.03108131158076982, 'lag_23': 0.6555225854799597, 'lag_24': 0.33517657249443467, 'lag_25': 0.2850189149267468, 'lag_26': 0.46663586872674784, 'lag_27': 0.7111658771328171, 'lag_28': 0.358808834783946}. Best is trial 14 with value: 0.009988389636909881.
[I 2025-09-29 13:19:28,374] Trial 32 finished with value: 0.012479141624690984 and parameters: {'lag_0': 0.8005733038550504, 'lag_1': 0.20539081837079765, 'lag_2': 0.8565780463831606, 'lag_3': 0.0007148467998377983, 'lag_4': 0.2584106051035582, 'lag_5': 0.165461555424479, 'lag_6': 0.7154434257725107, 'lag_7': 0.52725711726148, 'lag_8': 0.22752505098958895, 'lag_9': 0.37650986469533043, 'lag_10': 0.7564656207111401, 'lag_11': 0.8663372101879332, 'lag_12': 0.841557381550591, 'lag_13': 0.5151111286251114, 'lag_14': 0.4764119259206955, 'lag_15': 0.36964721274714024, 'lag_16': 0.9072508267649866, 'lag_17': 0.9796814476999643, 'lag_18': 0.2042425640166, 'lag_19': 0.0784444943864252, 'lag_20': 0.6229644877414798, 'lag_21': 0.9005305889156872, 'lag_22': 0.498798722705989, 'lag_23': 0.6115154741142914, 'lag_24': 0.27444363758968277, 'lag_25': 0.23343382263180334, 'lag_26': 0.554613776116535, 'lag_27': 0.46540909998838037, 'lag_28': 0.2360283767286615}. Best is trial 14 with value: 0.009988389636909881.
[I 2025-09-29 13:19:30,842] Trial 33 finished with value: 0.012141817032959296 and parameters: {'lag_0': 0.6213347448081199, 'lag_1': 0.8301974089255466, 'lag_2': 0.6545476743609329, 'lag_3': 0.28659411779717087, 'lag_4': 0.15387142482471194, 'lag_5': 0.2467928108680505, 'lag_6': 0.5837679502074576, 'lag_7': 0.4715128791511728, 'lag_8': 0.1765467461320191, 'lag_9': 0.6896987977120432, 'lag_10': 0.47858334118347867, 'lag_11': 0.4889761870325176, 'lag_12': 0.7154927218235683, 'lag_13': 0.4321122120917396, 'lag_14': 0.623151132520951, 'lag_15': 0.28862764909149985, 'lag_16': 0.8009342910297639, 'lag_17': 0.9990724413990844, 'lag_18': 0.1296245717830759, 'lag_19': 0.18094275649107222, 'lag_20': 0.4471258268090835, 'lag_21': 0.8201289125606879, 'lag_22': 0.39893782188213567, 'lag_23': 0.8229159613849377, 'lag_24': 0.42674290102443413, 'lag_25': 0.34204181882833484, 'lag_26': 0.3006324288095729, 'lag_27': 0.8459918066237156, 'lag_28': 0.11707784677833269}. Best is trial 14 with value: 0.009988389636909881.
[I 2025-09-29 13:19:33,306] Trial 34 finished with value: 0.013111786141111664 and parameters: {'lag_0': 0.7240490927616988, 'lag_1': 0.044902075316487364, 'lag_2': 0.4999656842283634, 'lag_3': 0.1268717822857399, 'lag_4': 0.09256457127007436, 'lag_5': 0.9457786525939789, 'lag_6': 0.878560527999216, 'lag_7': 0.3946966818937167, 'lag_8': 0.2612654639386508, 'lag_9': 0.3116647914937909, 'lag_10': 0.6190254218668351, 'lag_11': 0.7329890963542933, 'lag_12': 0.6869682354556662, 'lag_13': 0.7193087867418837, 'lag_14': 0.5135837515883921, 'lag_15': 0.46523329838496025, 'lag_16': 0.8601207631586141, 'lag_17': 0.9127184523281449, 'lag_18': 0.39997070794114287, 'lag_19': 0.06942072092195335, 'lag_20': 0.7088573278678095, 'lag_21': 0.9971228097963747, 'lag_22': 0.6041444489823219, 'lag_23': 0.49727642290949586, 'lag_24': 0.4732740208515279, 'lag_25': 0.059103639597143987, 'lag_26': 0.4321575893046738, 'lag_27': 0.6279041214521985, 'lag_28': 0.4291911017888653}. Best is trial 14 with value: 0.009988389636909881.
[I 2025-09-29 13:19:35,781] Trial 35 finished with value: 0.013165985450026651 and parameters: {'lag_0': 0.8286807826674746, 'lag_1': 0.6942936066079486, 'lag_2': 0.7586082122307957, 'lag_3': 0.17434590943634065, 'lag_4': 0.7306022686109799, 'lag_5': 0.13562164922520908, 'lag_6': 0.7478509344454178, 'lag_7': 0.16607511670617756, 'lag_8': 0.12512527984288127, 'lag_9': 0.4847246598268389, 'lag_10': 0.8695202353773133, 'lag_11': 0.8060804105579458, 'lag_12': 0.4127113202006946, 'lag_13': 0.8929798216653838, 'lag_14': 0.5487173892417376, 'lag_15': 0.39800618471881544, 'lag_16': 0.9269358829470256, 'lag_17': 0.8436785687749091, 'lag_18': 0.2931257585942116, 'lag_19': 0.15965487605309722, 'lag_20': 0.8350155954866942, 'lag_21': 0.7183918871618287, 'lag_22': 0.33256984741230144, 'lag_23': 0.9198515023101428, 'lag_24': 0.18564885861735098, 'lag_25': 0.1826017625415468, 'lag_26': 0.08763221147918071, 'lag_27': 0.7559585323765913, 'lag_28': 0.16596910183503027}. Best is trial 14 with value: 0.009988389636909881.
[I 2025-09-29 13:19:38,245] Trial 36 finished with value: 0.013426242135442662 and parameters: {'lag_0': 0.9775173042992297, 'lag_1': 0.5568556029204472, 'lag_2': 0.9282598088035312, 'lag_3': 0.8982466543746659, 'lag_4': 0.0009384895718344, 'lag_5': 0.7415650085509605, 'lag_6': 0.6334038730220605, 'lag_7': 0.6953595008725533, 'lag_8': 0.050715995071160466, 'lag_9': 0.6357793271034861, 'lag_10': 0.6718321170903482, 'lag_11': 0.643572162426353, 'lag_12': 0.5831009942526515, 'lag_13': 0.8019406416048815, 'lag_14': 0.999786112074584, 'lag_15': 0.5908437956643613, 'lag_16': 0.9415695741998481, 'lag_17': 0.12012841231066176, 'lag_18': 0.20856186267349694, 'lag_19': 0.5683434247687013, 'lag_20': 0.08822781290896023, 'lag_21': 0.9273330775867284, 'lag_22': 0.4394076608102665, 'lag_23': 0.3495395258302251, 'lag_24': 0.33807132095030806, 'lag_25': 0.40580106028085106, 'lag_26': 0.6839377280858586, 'lag_27': 0.6054531039610227, 'lag_28': 0.23912729790705844}. Best is trial 14 with value: 0.009988389636909881.
[I 2025-09-29 13:19:40,716] Trial 37 finished with value: 0.013563646932706041 and parameters: {'lag_0': 0.8997706226110944, 'lag_1': 0.4716570789978785, 'lag_2': 0.6510481861107346, 'lag_3': 0.7886693410487127, 'lag_4': 0.29109595130348037, 'lag_5': 0.5228808008232223, 'lag_6': 0.5319095056945646, 'lag_7': 0.276723385278804, 'lag_8': 0.4382812553175448, 'lag_9': 0.7543254361085545, 'lag_10': 0.5585910186379428, 'lag_11': 0.7187283990640264, 'lag_12': 0.885677235908347, 'lag_13': 0.9077409477258417, 'lag_14': 0.7547510595765105, 'lag_15': 0.5078395971981723, 'lag_16': 0.9961246802966073, 'lag_17': 0.770830325175597, 'lag_18': 0.5122750715867668, 'lag_19': 0.2963956510672642, 'lag_20': 0.9284009266092235, 'lag_21': 0.39921426119078113, 'lag_22': 0.6967001826034894, 'lag_23': 0.023761121118944017, 'lag_24': 0.5253970998914077, 'lag_25': 0.25434108127698946, 'lag_26': 0.5575702573658825, 'lag_27': 0.3932347509387305, 'lag_28': 0.058980393395262204}. Best is trial 14 with value: 0.009988389636909881.
[I 2025-09-29 13:19:43,186] Trial 38 finished with value: 0.012206933435157543 and parameters: {'lag_0': 0.533548902447573, 'lag_1': 0.23898234539830393, 'lag_2': 0.5902063180195212, 'lag_3': 0.44924072482653965, 'lag_4': 0.5815787818461007, 'lag_5': 0.3936466882005687, 'lag_6': 0.3112500672697526, 'lag_7': 0.44940791484075604, 'lag_8': 0.3190979985219467, 'lag_9': 0.41554333454523656, 'lag_10': 0.9168386751470969, 'lag_11': 0.541778500378662, 'lag_12': 0.7718167162148534, 'lag_13': 0.6425487766371694, 'lag_14': 0.3310332476606514, 'lag_15': 0.6549455133210484, 'lag_16': 0.21334056282464664, 'lag_17': 0.6648284270834003, 'lag_18': 0.6491405565548319, 'lag_19': 0.40285341466171565, 'lag_20': 0.5882815071113859, 'lag_21': 0.805438916915326, 'lag_22': 0.529955570060706, 'lag_23': 0.7419652572566293, 'lag_24': 0.614993884244283, 'lag_25': 0.1548145666841626, 'lag_26': 0.8932031205312574, 'lag_27': 0.82745102648606, 'lag_28': 0.3760823489860776}. Best is trial 14 with value: 0.009988389636909881.
[I 2025-09-29 13:19:45,652] Trial 39 finished with value: 0.012639512456909668 and parameters: {'lag_0': 0.2060948268848325, 'lag_1': 0.12416884518426063, 'lag_2': 0.8316113392895197, 'lag_3': 0.17678043725518292, 'lag_4': 0.20444379109502134, 'lag_5': 0.287195925510255, 'lag_6': 0.6934460419152113, 'lag_7': 0.5452361020713483, 'lag_8': 0.989444624884126, 'lag_9': 0.8917015393450354, 'lag_10': 0.682660742895906, 'lag_11': 0.9272473686007935, 'lag_12': 0.6490529514749712, 'lag_13': 0.9410392974258267, 'lag_14': 0.1181245078453767, 'lag_15': 0.40635922846643313, 'lag_16': 0.6586012230876169, 'lag_17': 0.9224481146249626, 'lag_18': 0.5771213064492858, 'lag_19': 0.003922942453189036, 'lag_20': 0.23469737191431855, 'lag_21': 0.7650862500236346, 'lag_22': 0.23465334877844596, 'lag_23': 0.8609557600029031, 'lag_24': 0.09121986551055883, 'lag_25': 0.04709543651425818, 'lag_26': 0.7460594009961761, 'lag_27': 0.9104471443352078, 'lag_28': 0.32587741641200924}. Best is trial 14 with value: 0.009988389636909881.
[I 2025-09-29 13:19:48,118] Trial 40 finished with value: 0.011747008307290785 and parameters: {'lag_0': 0.6935240088427548, 'lag_1': 0.05790830324100937, 'lag_2': 0.9957404332031001, 'lag_3': 0.6897824787671283, 'lag_4': 0.9460288583897465, 'lag_5': 0.21302864625570692, 'lag_6': 0.5690457565578004, 'lag_7': 0.10516243619001792, 'lag_8': 0.198067024596082, 'lag_9': 0.5285410002587088, 'lag_10': 0.4124882005844001, 'lag_11': 0.4246733935202138, 'lag_12': 0.4770933632983325, 'lag_13': 0.22893251045877872, 'lag_14': 0.8631723624175008, 'lag_15': 0.16144772257248888, 'lag_16': 0.3939578238517051, 'lag_17': 0.89420469815553, 'lag_18': 0.9806957884035822, 'lag_19': 0.5103239501819061, 'lag_20': 0.6799161561445499, 'lag_21': 0.5136823164207673, 'lag_22': 0.7895306783773008, 'lag_23': 0.6992668291486132, 'lag_24': 0.2858008339603554, 'lag_25': 0.8036495746871233, 'lag_26': 0.3495377838565261, 'lag_27': 0.16817474112216674, 'lag_28': 0.4376836640138133}. Best is trial 14 with value: 0.009988389636909881.
