[I 2025-10-03 11:33:18,849] Trial 51 finished with values: [0.022839506172839506, 0.0021397519096338843, 0.003334046236867232, 0.00028214278928720264, 0.0003121692176465936, 0.00028119608760979393, 0.0028944803067569836, 0.0002644449608670917, 0.0004124943790014764, 0.00030540702046592686, 0.00074711882718426, 0.0009588189272022611, 0.002095411249310084, 0.004135973583184021, 0.0, 0.1050501916558065, 0.000891377389248745, 0.019868652832923637, 0.010065069189733485, 0.0021213862289898053, 0.004581602957023956, 0.003839574888240668, 0.004210038085875255, 3.304599568192643e-05, 0.0013151749896851217, 0.0006165335544444422, 0.0006777027520378164, 0.0004539802779300298, 0.0006206929437507481] and parameters: {'lag_0': 0.64694882173978, 'lag_1': 0.25742912372787946, 'lag_2': 0.6121509567935599, 'lag_3': 0.3518614144844934, 'lag_4': 0.03803239562311832, 'lag_5': 0.07572127987389601, 'lag_6': 0.7495703263746656, 'lag_7': 0.5288127368595067, 'lag_8': 0.2592561916721762, 'lag_9': 0.8795253566849283, 'lag_10': 0.6875101521176673, 'lag_11': 0.9507010778369712, 'lag_12': 0.37841173883912704, 'lag_13': 0.4118438208430998, 'lag_14': 0.5869452053458968, 'lag_15': 0.5927158109145387, 'lag_16': 0.19594407365781027, 'lag_17': 0.32947266300845307, 'lag_18': 0.6406402838320259, 'lag_19': 0.3282405661840232, 'lag_20': 0.5748648833935406, 'lag_21': 0.8274605402985836, 'lag_22': 0.6292866037563792, 'lag_23': 0.5873021276394751, 'lag_24': 0.4486575967135817, 'lag_25': 0.3409704355648427, 'lag_26': 0.5684274594171908, 'lag_27': 0.7987984450140284, 'lag_28': 0.6508556492524313}.
[I 2025-10-03 11:33:21,512] Trial 52 finished with values: [0.01849967126890204, 0.0017404091182033833, 0.0006656120524936311, 0.00034695792687138916, 0.0006542090160103836, 0.0002452477751668748, 0.001825179436893282, 0.000586587329423053, 0.0004865951633651011, 0.0002521034907214296, 0.001345085164917694, 0.0009904000030962132, 0.002424514679977571, 0.006432117970153975, 0.0, 0.11047371055178716, 0.0007821808862012016, 0.01811612943921485, 0.011514939968062196, 0.0022322004386102537, 0.0037301913539562427, 0.00313821237639082, 0.004681040106256839, 0.0002811346672449989, 0.00112603561067421, 0.0008171474124006728, 0.0004340379500474288, 0.00013288293136735088, 0.00041571873618311483] and parameters: {'lag_0': 0.6158357981458435, 'lag_1': 0.34236419601293394, 'lag_2': 0.5188217903820634, 'lag_3': 0.9447756123250678, 'lag_4': 0.6536229472335562, 'lag_5': 0.9770173771303301, 'lag_6': 0.8817074923307588, 'lag_7': 0.2112242192553675, 'lag_8': 0.8230932328795865, 'lag_9': 0.7505415092928223, 'lag_10': 0.36290934443640643, 'lag_11': 0.22649018111139976, 'lag_12': 0.6403479687648026, 'lag_13': 0.8949719879762406, 'lag_14': 0.6905093198924727, 'lag_15': 0.17752792224173808, 'lag_16': 0.7385587692193771, 'lag_17': 0.2557943605647228, 'lag_18': 0.813144856068471, 'lag_19': 0.39591919081299465, 'lag_20': 0.028065704973507938, 'lag_21': 0.18078439542730582, 'lag_22': 0.6762752558790498, 'lag_23': 0.3291489067117584, 'lag_24': 0.20283738217441752, 'lag_25': 0.33146301523746646, 'lag_26': 0.27093126610212437, 'lag_27': 0.6656256344587801, 'lag_28': 0.2629695842865381}.
[I 2025-10-03 11:33:24,175] Trial 53 finished with values: [0.02777777777777778, 0.001454957924769166, 0.0017995786958013935, 0.0006220763935443008, 0.00050916951710879, 0.0004506199181413628, 0.0010541239182495447, 0.000467981174895647, 0.0008700382128431564, 0.0003234542742962058, 0.0015126354252453001, 0.0006092405546489833, 0.002016087661257067, 0.0056610111860043106, 0.0, 0.1046707363620057, 0.000689813165546282, 0.018850416369984253, 0.010725985105526567, 0.0019430591842702586, 0.004264392771304514, 0.0036071318027375817, 0.004422781254427534, 1.718560760677573e-05, 0.0013878843848532615, 0.0005874618251646409, 0.000319389708197159, 0.00022867581575356497, 0.0006423547710555191] and parameters: {'lag_0': 0.9899087064939386, 'lag_1': 0.2446401344976357, 'lag_2': 0.37371918622960687, 'lag_3': 0.8692075664058505, 'lag_4': 0.674224147937309, 'lag_5': 0.09700878011147654, 'lag_6': 0.7495703263746656, 'lag_7': 0.6025955291268056, 'lag_8': 0.580576076294237, 'lag_9': 0.5263906940401042, 'lag_10': 0.4989797345106625, 'lag_11': 0.783877526222439, 'lag_12': 0.7879289206082163, 'lag_13': 0.4118438208430998, 'lag_14': 0.39941036687370124, 'lag_15': 0.04274237022039548, 'lag_16': 0.8240759678459879, 'lag_17': 0.32947266300845307, 'lag_18': 0.29342123961811717, 'lag_19': 0.3282405661840232, 'lag_20': 0.9647972109356547, 'lag_21': 0.29161002011854176, 'lag_22': 0.6292866037563792, 'lag_23': 0.5873021276394751, 'lag_24': 0.7441406742842845, 'lag_25': 0.06593513138799864, 'lag_26': 0.6062069788698672, 'lag_27': 0.9672734275111519, 'lag_28': 0.8731828324283369}.
[I 2025-10-03 11:33:26,838] Trial 54 finished with values: [0.02361111111111111, 0.0017419056483148534, 0.0012369639472166352, 0.0007410720492279349, 0.00044933446495850173, 0.00037509454815697014, 0.001379931992974335, 0.0011779284581902765, 0.0013321223279321173, 0.00048796685337544187, 0.001310098812334908, 0.00026455550076173327, 0.0030784597690021462, 0.005097328669907491, 0.0, 0.11328098804052869, 0.0007995986203279744, 0.019579252891344455, 0.010762783750066734, 0.0022200601096084823, 0.00424835868348802, 0.004002646962301815, 0.004497455072882182, 0.0001383175016858407, 0.0014293286828371337, 0.0004656268212644186, 0.0007837704177810868, 0.00018074425277720064, 0.0007860435086893723] and parameters: {'lag_0': 0.00885865670103182, 'lag_1': 0.5528315442379139, 'lag_2': 0.81084861686803, 'lag_3': 0.12386671080798461, 'lag_4': 0.8591632962316881, 'lag_5': 0.4893799601892115, 'lag_6': 0.2936298460520545, 'lag_7': 0.2944348972766398, 'lag_8': 0.42224693130701635, 'lag_9': 0.7457454882055805, 'lag_10': 0.948185513412424, 'lag_11': 0.5065072150721998, 'lag_12': 0.336150139809968, 'lag_13': 0.8374416813475419, 'lag_14': 0.6480365895712253, 'lag_15': 0.8153033485507487, 'lag_16': 0.1343548118803838, 'lag_17': 0.7845997516486687, 'lag_18': 0.3568388382516831, 'lag_19': 0.519985778503319, 'lag_20': 0.022585208928914413, 'lag_21': 0.8102855280670865, 'lag_22': 0.11771569400846685, 'lag_23': 0.1550280533171279, 'lag_24': 0.5684141614882505, 'lag_25': 0.6626828158914754, 'lag_26': 0.6936701162341206, 'lag_27': 0.0001471840644921482, 'lag_28': 0.5994990140837718}.
[I 2025-10-03 11:33:29,508] Trial 55 finished with values: [0.018962350780532596, 0.01202106587960782, 0.0008068021118048821, 0.000987578849928398, 0.0003434722287872837, 0.0002914782336876574, 0.0012681113618386777, 0.0001209601427224619, 0.0011564541782791153, 0.0003066340986480682, 0.0011354101663162404, 0.0008335047998832836, 0.0018562695344242438, 0.005290629522282012, 0.0, 0.11058200933143067, 0.000537843022607469, 0.019052564375739812, 0.00937170477792338, 0.0023450141552971843, 0.00507136972451607, 0.0031053409977255886, 0.004223047457732487, 0.00016708451006255427, 0.0012144569865093855, 0.0006515266298214812, 0.0003838389387401164, 0.0004914710016450912, 0.0006165913386503476] and parameters: {'lag_0': 0.5235644964634966, 'lag_1': 0.3896369207238648, 'lag_2': 0.731051750841903, 'lag_3': 0.38268107892917436, 'lag_4': 0.7507258496546871, 'lag_5': 0.47913074604281286, 'lag_6': 0.7678200160537966, 'lag_7': 0.6832598051435596, 'lag_8': 0.06787622939068369, 'lag_9': 0.17413761866622227, 'lag_10': 0.2229202296809392, 'lag_11': 0.9876516077834268, 'lag_12': 0.640258308820216, 'lag_13': 0.24967909781558398, 'lag_14': 0.9917201970609497, 'lag_15': 0.5297510431618518, 'lag_16': 0.2682355383063897, 'lag_17': 0.3476895539205953, 'lag_18': 0.161118069229569, 'lag_19': 0.5676424753638679, 'lag_20': 0.9653181026914498, 'lag_21': 0.3104672483299929, 'lag_22': 0.23852621837055155, 'lag_23': 0.4709924863505627, 'lag_24': 0.7332189137582339, 'lag_25': 0.23957315783053182, 'lag_26': 0.18917850501688255, 'lag_27': 0.09601668698405803, 'lag_28': 0.40366859637972574}.
[I 2025-10-03 11:33:32,170] Trial 56 finished with values: [0.02777777777777778, 0.0014980269627261472, 0.00035761587319637375, 0.001435510465946242, 0.0004083392041957506, 0.0001533811026729128, 0.0012459018285837723, 0.0005560540011963387, 0.0006617416384835119, 0.0002982984885877127, 0.0011237374454818741, 0.000688113449632932, 0.002981074836234918, 0.005242348551543693, 0.0, 0.10478773752644252, 0.00043654947913025636, 0.019810690409180525, 0.010420261214509584, 0.002194140816214943, 0.0051016482904136596, 0.003408959662104134, 0.003995687615276057, 0.00012365302095035754, 0.0009683900143535479, 0.0006560046816126598, 0.0003744580543292137, 0.0002690495784259951, 0.0003684699073048391] and parameters: {'lag_0': 0.7863995608220783, 'lag_1': 0.3896369207238648, 'lag_2': 0.731051750841903, 'lag_3': 0.38268107892917436, 'lag_4': 0.7507258496546871, 'lag_5': 0.47913074604281286, 'lag_6': 0.5936198598420117, 'lag_7': 0.8013613177088463, 'lag_8': 0.06787622939068369, 'lag_9': 0.5169158020941428, 'lag_10': 0.2229202296809392, 'lag_11': 0.7474198217289886, 'lag_12': 0.612647022709318, 'lag_13': 0.14020611143556544, 'lag_14': 0.2904964485764241, 'lag_15': 0.5297510431618518, 'lag_16': 0.8967380619002745, 'lag_17': 0.6578217965692252, 'lag_18': 0.2843895093006674, 'lag_19': 0.5676424753638679, 'lag_20': 0.25072509533811377, 'lag_21': 0.929581352163626, 'lag_22': 0.6058898250928466, 'lag_23': 0.4709924863505627, 'lag_24': 0.4348797360652421, 'lag_25': 0.14669052979452346, 'lag_26': 0.1682147108424644, 'lag_27': 0.18346303968774325, 'lag_28': 0.2746743153710254}.
[I 2025-10-03 11:33:34,955] Trial 57 finished with values: [0.08093179267421693, 0.00846598405525896, 0.0010986500170206347, 0.0031074696871876734, 0.00102762818090199, 0.0010182480983800591, 0.0015559254350385936, 0.00012448487231369852, 0.0013861718953510252, 0.00040209506297029526, 0.00047447720913081895, 0.0008306249445945936, 0.0018660937132364986, 0.004711173241533296, 0.0, 0.10698869876587729, 0.00044588852974491403, 0.020648278017148674, 0.010676466100396112, 0.0017532993095013502, 0.004195534917514445, 0.0036244142478143995, 0.004984838525668188, 6.946353125748018e-05, 0.0012206619852223844, 0.0004211792809894519, 0.0009317795279175136, 0.0004251095810037969, 0.0008433877929632912] and parameters: {'lag_0': 0.32490716233483535, 'lag_1': 0.26547182778980694, 'lag_2': 0.4742923873868439, 'lag_3': 0.8719264134007275, 'lag_4': 0.7879519755678058, 'lag_5': 0.9770173771303301, 'lag_6': 0.04338253410721408, 'lag_7': 0.2112242192553675, 'lag_8': 0.8703220263673032, 'lag_9': 0.8596971440987261, 'lag_10': 0.8018339139168699, 'lag_11': 0.22649018111139976, 'lag_12': 0.06899924971479586, 'lag_13': 0.49470253219159793, 'lag_14': 0.20346834738683686, 'lag_15': 0.10388456390615737, 'lag_16': 0.335636184357776, 'lag_17': 0.6903709482051487, 'lag_18': 0.813144856068471, 'lag_19': 0.2565566126914196, 'lag_20': 0.8820411591821908, 'lag_21': 0.5805765011456696, 'lag_22': 0.7755485468285497, 'lag_23': 0.2531949838704971, 'lag_24': 0.045506038812444215, 'lag_25': 0.33146301523746646, 'lag_26': 0.6196657873681334, 'lag_27': 0.5351548807571949, 'lag_28': 0.2629695842865381}.
[I 2025-10-03 11:33:37,635] Trial 58 finished with values: [0.022839506172839506, 0.0015670335628079437, 0.0011889515265612897, 0.0009615669578958201, 0.00017818580979117395, 0.0006682323991965888, 0.0019390396714691407, 0.0010442620603877228, 0.0012156164497318708, 0.0006339025839048518, 0.0015011811778569977, 0.000655990012830885, 0.002656212425518815, 0.0047684958871404785, 0.0, 0.11538702838164479, 0.0007829518160166898, 0.0206608507696349, 0.010518122176074753, 0.0022464081850002175, 0.005245336634007973, 0.003175481985178026, 0.005083665171139184, 9.091061124555623e-05, 0.0012668537492933148, 0.0007159143522740029, 0.0005336171867233966, 0.0003066593372056019, 0.000692656915374863] and parameters: {'lag_0': 0.4310295607016668, 'lag_1': 0.3476408966390979, 'lag_2': 0.8170440093892672, 'lag_3': 0.08120650020570412, 'lag_4': 0.624094841409319, 'lag_5': 0.11803389553821562, 'lag_6': 0.26485773343496244, 'lag_7': 0.6660763911766178, 'lag_8': 0.278769065567791, 'lag_9': 0.08527390030461597, 'lag_10': 0.3098929197087473, 'lag_11': 0.21648688401711752, 'lag_12': 0.19858318386450297, 'lag_13': 0.3043338617050738, 'lag_14': 0.22057529861415734, 'lag_15': 0.043201804116538844, 'lag_16': 0.38661432145745, 'lag_17': 0.040928378243808385, 'lag_18': 0.43973094786616307, 'lag_19': 0.3041287041466386, 'lag_20': 0.13354025729675645, 'lag_21': 0.517986085253014, 'lag_22': 0.16095888820670348, 'lag_23': 0.3517469933666715, 'lag_24': 0.5659452986254009, 'lag_25': 0.8395418114769989, 'lag_26': 0.7911270761802939, 'lag_27': 0.8703025655830423, 'lag_28': 0.9164426682975284}.
[I 2025-10-03 11:33:40,305] Trial 59 finished with values: [0.02361111111111111, 0.0027316741074730104, 0.00100607745074528, 0.001224006888092098, 0.000917550552680463, 0.0008603906436106753, 0.0011991561966836577, 0.00024689005844706277, 0.0004120085705817186, 0.00016502734081136385, 0.0007846141079070848, 0.0008521220008080333, 0.0023194230455557564, 0.004901196871781861, 0.0, 0.11441012139634806, 0.000986938465276475, 0.019436821436871095, 0.010678664357695055, 0.0020256545623890438, 0.004190465971113768, 0.003992568132931381, 0.0044713909790925115, 4.872148688260606e-05, 0.001553949343874307, 0.0008544553716670348, 0.0006593740534561553, 0.0005861512594152865, 0.00044765594175994453] and parameters: {'lag_0': 0.07254033985369296, 'lag_1': 0.809549023221819, 'lag_2': 0.9245055432468869, 'lag_3': 0.5916538120560529, 'lag_4': 0.0305327172522679, 'lag_5': 0.5960288801707362, 'lag_6': 0.3718136222017302, 'lag_7': 0.11099831006956533, 'lag_8': 0.9777326641924684, 'lag_9': 0.6235266616694144, 'lag_10': 0.980559184167672, 'lag_11': 0.26214632353211004, 'lag_12': 0.8504541298055733, 'lag_13': 0.42185376103866723, 'lag_14': 0.5191918298973266, 'lag_15': 0.11924552248036953, 'lag_16': 0.6431964501417478, 'lag_17': 0.5505446792269582, 'lag_18': 0.6187227399860389, 'lag_19': 0.7827730162865973, 'lag_20': 0.15884976666737274, 'lag_21': 0.8965737136286634, 'lag_22': 0.6828657950981698, 'lag_23': 0.3593052888603482, 'lag_24': 0.267470045996197, 'lag_25': 0.5766905089581165, 'lag_26': 0.667759603832091, 'lag_27': 0.6337835732442831, 'lag_28': 0.6164153000263787}.
[I 2025-10-03 11:33:42,976] Trial 60 finished with values: [0.017127267573696144, 0.0012975524255704155, 0.0015329665157642817, 0.00034738207186610815, 0.0011368278923598316, 0.0011069298115463806, 0.003616852279575116, 0.0005830410333511022, 0.0004149411395073953, 0.0006435401043970764, 0.0007152257167450931, 0.0010032206715266847, 0.002049617382400163, 0.004339892717226181, 0.0, 0.1158228126643381, 0.000861008308774867, 0.02075911792090747, 0.010461184509447776, 0.0025771978535508405, 0.0044981400826529195, 0.0029123993889290972, 0.00456211200751231, 4.724775992982156e-05, 0.0008951974109322611, 0.0009318382126089634, 0.0005137928600736838, 0.00021490329198854485, 0.0006700276036836776] and parameters: {'lag_0': 0.8063772012904503, 'lag_1': 0.3090046864717229, 'lag_2': 0.28977531885483904, 'lag_3': 0.585304547865565, 'lag_4': 0.40580409890054187, 'lag_5': 0.9539877567614711, 'lag_6': 0.41100378550079253, 'lag_7': 0.5998098546409738, 'lag_8': 0.5856569176790175, 'lag_9': 0.5598843718926917, 'lag_10': 0.5383339123381505, 'lag_11': 0.49524429569414935, 'lag_12': 0.15919534651386252, 'lag_13': 0.4517733219978929, 'lag_14': 0.08686668803450234, 'lag_15': 0.19002036577207432, 'lag_16': 0.8175957693829703, 'lag_17': 0.7132932236938007, 'lag_18': 0.7294658154633814, 'lag_19': 0.4154417026769571, 'lag_20': 0.23948494269381465, 'lag_21': 0.6263468680999815, 'lag_22': 0.8437091602956148, 'lag_23': 0.7446995116708491, 'lag_24': 0.7048855012601203, 'lag_25': 0.9190088549769511, 'lag_26': 0.7363454077792316, 'lag_27': 0.9969460521682998, 'lag_28': 0.35878686838220425}.
[I 2025-10-03 11:33:45,656] Trial 61 finished with values: [0.010134757243117631, 0.0010191364657733885, 0.001331131600773133, 0.00021169804063201543, 0.0009804932907778695, 0.0003120211161958622, 0.0008766621215279992, 0.0004974557798128221, 0.00012868874024059626, 0.000315282787799942, 0.0010465994116008845, 0.0012421551654400857, 0.002304156292702905, 0.0034814879976545997, 0.0, 0.11050035629793173, 0.0010656485860327178, 0.01859695476768739, 0.009619336986922182, 0.002204834726574907, 0.004959181514162589, 0.0031361744623769235, 0.00451355181010036, 8.638995235460513e-05, 0.0014363596575258473, 0.0005042672216588818, 0.0005627604637527747, 0.0001274766308330206, 0.00044548377000166604] and parameters: {'lag_0': 0.32490716233483535, 'lag_1': 0.8630842641866908, 'lag_2': 0.4742923873868439, 'lag_3': 0.8719264134007275, 'lag_4': 0.7879519755678058, 'lag_5': 0.38417076275527734, 'lag_6': 0.19314256865400833, 'lag_7': 0.9363828355054113, 'lag_8': 0.5706426852787196, 'lag_9': 0.916682899603139, 'lag_10': 0.5897234802515123, 'lag_11': 0.38446667065239465, 'lag_12': 0.6985091779477671, 'lag_13': 0.2913033905693119, 'lag_14': 0.20346834738683686, 'lag_15': 0.10388456390615737, 'lag_16': 0.3547493975597138, 'lag_17': 0.43086694948539056, 'lag_18': 0.638777095478961, 'lag_19': 0.43870363878902224, 'lag_20': 0.9026563805680903, 'lag_21': 0.7231804073022668, 'lag_22': 0.7755485468285497, 'lag_23': 0.6512705938168295, 'lag_24': 0.6925357845942611, 'lag_25': 0.13695156271657613, 'lag_26': 0.6196657873681334, 'lag_27': 0.7340724625779816, 'lag_28': 0.8084316380879314}.
[I 2025-10-03 11:33:48,316] Trial 62 finished with values: [0.02777777777777778, 0.0032269340753439705, 0.000870137753894145, 0.0008459935649244753, 0.0011594387681035565, 0.0009501419765072115, 0.0007094742381420482, 0.0005562642681538967, 0.00047690971136549437, 0.0004142744709683768, 0.0013287773719003098, 0.0005702193954537235, 0.0026120548017627143, 0.005135782691269953, 0.0, 0.11677945330101003, 0.0009663526831049827, 0.020666707674860563, 0.009581190597330336, 0.001988400351811687, 0.004457989663128043, 0.0038804393409519315, 0.004528900787937907, 3.0823522555578235e-05, 0.0015434129354157868, 0.0007084473035910588, 0.0007784941662221096, 0.0002522459325037244, 0.00041701112201718207] and parameters: {'lag_0': 0.3285116408896634, 'lag_1': 0.5193529310926336, 'lag_2': 0.37371918622960687, 'lag_3': 0.528136496378091, 'lag_4': 0.17732371379400014, 'lag_5': 0.04660191917176843, 'lag_6': 0.24906754684508262, 'lag_7': 0.6025955291268056, 'lag_8': 0.865005567299684, 'lag_9': 0.18839074059274205, 'lag_10': 0.8769634417756089, 'lag_11': 0.04383985551084137, 'lag_12': 0.7879289206082163, 'lag_13': 0.11450208089288515, 'lag_14': 0.39941036687370124, 'lag_15': 0.04274237022039548, 'lag_16': 0.48630331190753795, 'lag_17': 0.5348629164495515, 'lag_18': 0.29342123961811717, 'lag_19': 0.04739096001067315, 'lag_20': 0.7520612229722833, 'lag_21': 0.29161002011854176, 'lag_22': 0.553475773856697, 'lag_23': 0.6847992518471558, 'lag_24': 0.3748769745939693, 'lag_25': 0.21848471651452742, 'lag_26': 0.2625032229433525, 'lag_27': 0.73387188974688, 'lag_28': 0.7963216716495028}.
[I 2025-10-03 11:33:50,980] Trial 63 finished with values: [0.017127267573696144, 0.0007506114521564527, 0.0005832545518992754, 0.0008021901349643979, 0.00023192026750369713, 0.00047445794163044973, 0.0023802155722292217, 0.000448841690803505, 0.0013076526206522807, 0.00034025741788812466, 0.0016014689384182264, 0.0005844633019470703, 0.0026029336597907147, 0.003804028228802191, 0.0, 0.10938115954918452, 0.001079616096129094, 0.017978942414853986, 0.009155117354544044, 0.002304854123479885, 0.005233399373106802, 0.00360955788398301, 0.004129545467817892, 0.00015980162636488574, 0.0016356834294850337, 0.00034081493991533685, 0.0008185485792647299, 0.0004979411542501229, 0.00019315000860705293] and parameters: {'lag_0': 0.6158357981458435, 'lag_1': 0.26547182778980694, 'lag_2': 0.7446287157973853, 'lag_3': 0.7465817477531568, 'lag_4': 0.1764249804594569, 'lag_5': 0.8151045455133414, 'lag_6': 0.3701233812624447, 'lag_7': 0.2112242192553675, 'lag_8': 0.22242601621286218, 'lag_9': 0.39835986835886183, 'lag_10': 0.01993890018207961, 'lag_11': 0.6982750301085693, 'lag_12': 0.28170836589810344, 'lag_13': 0.49470253219159793, 'lag_14': 0.6905093198924727, 'lag_15': 0.018194176898501054, 'lag_16': 0.5700297685394804, 'lag_17': 0.2896328818247658, 'lag_18': 0.813144856068471, 'lag_19': 0.39591919081299465, 'lag_20': 0.8820411591821908, 'lag_21': 0.9615815507436948, 'lag_22': 0.6762752558790498, 'lag_23': 0.2531949838704971, 'lag_24': 0.045506038812444215, 'lag_25': 0.33146301523746646, 'lag_26': 0.00687516240014012, 'lag_27': 0.38705778822902076, 'lag_28': 0.13634212010587557}.
