[I 2025-09-29 11:53:41,434] Trial 41 finished with value: 0.012592039517993387 and parameters: {'lag_0': 0.002020397479139513, 'lag_1': 0.9393142883857301, 'lag_2': 0.7380889807170425, 'lag_3': 0.9317932670410976, 'lag_4': 0.5004232169630021, 'lag_5': 0.10174935360448059, 'lag_6': 0.7798313603118607, 'lag_7': 0.6242151733878654, 'lag_8': 0.44001712743659005, 'lag_9': 0.39013304331286935, 'lag_10': 0.1440460603236592, 'lag_11': 0.6075607395066244, 'lag_12': 0.9079999332492107, 'lag_13': 0.34015244540801604, 'lag_14': 0.3495212839848871, 'lag_15': 0.7142312662231558, 'lag_16': 0.18279877677332038, 'lag_17': 0.8035957288629942, 'lag_18': 0.0006533483524297232, 'lag_19': 0.3227207174770525, 'lag_20': 0.8671493589331155, 'lag_21': 0.3996271518739884, 'lag_22': 0.12158423899621514, 'lag_23': 0.3780864931758416, 'lag_24': 0.37449629477927027, 'lag_25': 0.9057839704086218, 'lag_26': 0.3787070171841381, 'lag_27': 0.7845712021338612, 'lag_28': 0.6534023864215099}. Best is trial 25 with value: 0.012083311946002465.
[I 2025-09-29 11:53:43,977] Trial 42 finished with value: 0.0125045484683774 and parameters: {'lag_0': 0.046538162533261755, 'lag_1': 0.7530521554251004, 'lag_2': 0.5816383335367881, 'lag_3': 0.9868064809435203, 'lag_4': 0.34481642957618097, 'lag_5': 0.18551819548337561, 'lag_6': 0.6225455528140906, 'lag_7': 0.501330334820547, 'lag_8': 0.5518760307121527, 'lag_9': 0.643942043764971, 'lag_10': 0.5236416663919263, 'lag_11': 0.6724728383899036, 'lag_12': 0.7987770679518267, 'lag_13': 0.4173104470870365, 'lag_14': 0.3310102518521042, 'lag_15': 0.8391420384618182, 'lag_16': 0.018044756254613464, 'lag_17': 0.9345477264067297, 'lag_18': 0.24688122218196323, 'lag_19': 0.39842825857723074, 'lag_20': 0.9238737328512314, 'lag_21': 0.4990384796824311, 'lag_22': 0.23567798039991097, 'lag_23': 0.28196743058851303, 'lag_24': 0.1734142388903609, 'lag_25': 0.9424958018371721, 'lag_26': 0.5816027885926965, 'lag_27': 0.729993107414041, 'lag_28': 0.5794704452885161}. Best is trial 25 with value: 0.012083311946002465.
[I 2025-09-29 11:53:46,511] Trial 43 finished with value: 0.01212491210690695 and parameters: {'lag_0': 0.06895609419733453, 'lag_1': 0.44331391751992905, 'lag_2': 0.7801381099962895, 'lag_3': 0.776564159911024, 'lag_4': 0.4044332533915976, 'lag_5': 0.7727380741105101, 'lag_6': 0.7484588446348273, 'lag_7': 0.6645793023244154, 'lag_8': 0.5325665897096569, 'lag_9': 0.33028106262325846, 'lag_10': 0.4298206814492119, 'lag_11': 0.5939182991005272, 'lag_12': 0.9576557383680472, 'lag_13': 0.6446359746595477, 'lag_14': 0.42244411128133774, 'lag_15': 0.6235359202866042, 'lag_16': 0.31690168619737424, 'lag_17': 0.7111349202281033, 'lag_18': 0.15651592772983913, 'lag_19': 0.4817182858923766, 'lag_20': 0.7472153533064312, 'lag_21': 0.16636348724182629, 'lag_22': 0.17039103955232793, 'lag_23': 0.44269461625068407, 'lag_24': 0.49524550066288514, 'lag_25': 0.9501813374388146, 'lag_26': 0.7877745517280437, 'lag_27': 0.9988433449411962, 'lag_28': 0.6744082481017261}. Best is trial 25 with value: 0.012083311946002465.
[I 2025-09-29 11:53:49,045] Trial 44 finished with value: 0.012324715215365553 and parameters: {'lag_0': 0.09807322947052342, 'lag_1': 0.45775933986030604, 'lag_2': 0.7911641245149997, 'lag_3': 0.7767906167665206, 'lag_4': 0.4234436585146103, 'lag_5': 0.2875825341689859, 'lag_6': 0.44648603865716946, 'lag_7': 0.8595969757213757, 'lag_8': 0.5243980112283733, 'lag_9': 0.25540529013539226, 'lag_10': 0.44052408635088536, 'lag_11': 0.5420714761969024, 'lag_12': 0.9867830478367252, 'lag_13': 0.6449699098635882, 'lag_14': 0.4228447173092388, 'lag_15': 0.6135592935807996, 'lag_16': 0.5899832853238873, 'lag_17': 0.4677826240697076, 'lag_18': 0.15402750991372455, 'lag_19': 0.6305347906639804, 'lag_20': 0.5278698280960257, 'lag_21': 0.17036010423187942, 'lag_22': 0.17983554341438812, 'lag_23': 0.5013936790218928, 'lag_24': 0.48829499305868185, 'lag_25': 0.749141313508191, 'lag_26': 0.8134394950363848, 'lag_27': 0.9454639547183149, 'lag_28': 0.6847937056234494}. Best is trial 25 with value: 0.012083311946002465.
[I 2025-09-29 11:53:51,573] Trial 45 finished with value: 0.012362472331205245 and parameters: {'lag_0': 0.13465320160857877, 'lag_1': 0.11814809611604793, 'lag_2': 0.9107795465697894, 'lag_3': 0.6996323477225412, 'lag_4': 0.520073311173588, 'lag_5': 0.3589242979208103, 'lag_6': 0.8047611366040449, 'lag_7': 0.7348562918642069, 'lag_8': 0.6886875174457898, 'lag_9': 0.34365693927714036, 'lag_10': 0.31391805400849965, 'lag_11': 0.7704613743764621, 'lag_12': 0.9531316605015406, 'lag_13': 0.5269309825058599, 'lag_14': 0.2619627730856653, 'lag_15': 0.44671776832761295, 'lag_16': 0.4433932171745726, 'lag_17': 0.5516749512906177, 'lag_18': 0.0674890994542534, 'lag_19': 0.5088429217944588, 'lag_20': 0.34382481738542486, 'lag_21': 0.08028973376027021, 'lag_22': 0.3934980947296197, 'lag_23': 0.5804956820990209, 'lag_24': 0.5734145275959058, 'lag_25': 0.8452458330375898, 'lag_26': 0.7646558683638623, 'lag_27': 0.8584962310551093, 'lag_28': 0.7395187474164633}. Best is trial 25 with value: 0.012083311946002465.
[I 2025-09-29 11:53:54,102] Trial 46 finished with value: 0.012682138260828407 and parameters: {'lag_0': 0.04985354893066116, 'lag_1': 0.5192417522985792, 'lag_2': 0.7817008893878739, 'lag_3': 0.6179904276440933, 'lag_4': 0.8832877111615255, 'lag_5': 0.8729554307036576, 'lag_6': 0.8825762183637699, 'lag_7': 0.4350055493363587, 'lag_8': 0.36843002439414096, 'lag_9': 0.09604446402852485, 'lag_10': 0.20726102413346187, 'lag_11': 0.5867564143187486, 'lag_12': 0.8539713375891411, 'lag_13': 0.6056824206914448, 'lag_14': 0.38784119093301683, 'lag_15': 0.33546755652936944, 'lag_16': 0.3522591062996488, 'lag_17': 0.7176324238267078, 'lag_18': 0.11791239880185479, 'lag_19': 0.4603392486665033, 'lag_20': 0.8225753677643682, 'lag_21': 0.7819948819884632, 'lag_22': 0.32672286300493036, 'lag_23': 0.43948790912264696, 'lag_24': 0.3261899245958087, 'lag_25': 0.1667585623718082, 'lag_26': 0.704366560320725, 'lag_27': 0.9707729111100591, 'lag_28': 0.9020258505492201}. Best is trial 25 with value: 0.012083311946002465.
[I 2025-09-29 11:53:56,639] Trial 47 finished with value: 0.012711034151398603 and parameters: {'lag_0': 0.19840362149123542, 'lag_1': 0.36321993527776975, 'lag_2': 0.2593596630842335, 'lag_3': 0.8577609560371553, 'lag_4': 0.6032543180525032, 'lag_5': 0.579530732580597, 'lag_6': 0.544306989956426, 'lag_7': 0.6700422718645188, 'lag_8': 0.15411787300547675, 'lag_9': 0.18589473911836674, 'lag_10': 0.39266901189938735, 'lag_11': 0.7197404696966354, 'lag_12': 0.7316809480750994, 'lag_13': 0.03321814363742859, 'lag_14': 0.6468224260647761, 'lag_15': 0.6316322983200039, 'lag_16': 0.2123618510050406, 'lag_17': 0.7913457353681744, 'lag_18': 0.04964104201076019, 'lag_19': 0.16415939065886753, 'lag_20': 0.9461873849147635, 'lag_21': 0.26156231785370077, 'lag_22': 0.26451183184117455, 'lag_23': 0.03377366065963863, 'lag_24': 0.25245973267113736, 'lag_25': 0.663699966873329, 'lag_26': 0.9159912906665687, 'lag_27': 0.9951690837081606, 'lag_28': 0.398542152751059}. Best is trial 25 with value: 0.012083311946002465.
[I 2025-09-29 11:53:59,168] Trial 48 finished with value: 0.012289869895765849 and parameters: {'lag_0': 0.360530708535897, 'lag_1': 0.3160798077024737, 'lag_2': 0.9941535710005147, 'lag_3': 0.7775497737192598, 'lag_4': 0.39016020090128856, 'lag_5': 0.14916756677400947, 'lag_6': 0.9521064935582839, 'lag_7': 0.550002266309375, 'lag_8': 0.589963788608608, 'lag_9': 0.32401013127706746, 'lag_10': 0.6357342101290628, 'lag_11': 0.25315101274146246, 'lag_12': 0.9024919359577566, 'lag_13': 0.7486239015221127, 'lag_14': 0.5096866072602164, 'lag_15': 0.5515830589813286, 'lag_16': 0.5086752127098714, 'lag_17': 0.7108047696885699, 'lag_18': 0.18757688423555768, 'lag_19': 0.6871837084474316, 'lag_20': 0.7617507107874013, 'lag_21': 0.05554114051447525, 'lag_22': 0.5690528216369208, 'lag_23': 0.10346142197796444, 'lag_24': 0.7178925620549318, 'lag_25': 0.9661465717346098, 'lag_26': 0.6103726750677072, 'lag_27': 0.8282233597277282, 'lag_28': 0.8036752830143568}. Best is trial 25 with value: 0.012083311946002465.
[I 2025-09-29 11:54:01,708] Trial 49 finished with value: 0.012579622256981527 and parameters: {'lag_0': 0.45203667037015083, 'lag_1': 0.2574243540972338, 'lag_2': 0.33401641009384864, 'lag_3': 0.7191981684455253, 'lag_4': 0.4396698966433261, 'lag_5': 0.6610916851777765, 'lag_6': 0.7218459698737407, 'lag_7': 0.9423566990957547, 'lag_8': 0.757443559707832, 'lag_9': 0.4823079544165624, 'lag_10': 0.06735279182000925, 'lag_11': 0.5177746660965495, 'lag_12': 0.9911170719231758, 'lag_13': 0.48089330029733235, 'lag_14': 0.3004995781307003, 'lag_15': 0.4756613666140981, 'lag_16': 0.3030641700185854, 'lag_17': 0.8431050950950854, 'lag_18': 0.5542799198004891, 'lag_19': 0.08553042390546474, 'lag_20': 0.2459292875836333, 'lag_21': 0.5339684050079956, 'lag_22': 0.44480625539666796, 'lag_23': 0.5468216505419092, 'lag_24': 0.7758770683894183, 'lag_25': 0.7955290010022501, 'lag_26': 0.8343298228605541, 'lag_27': 0.6311219366969931, 'lag_28': 0.5552551575886541}. Best is trial 25 with value: 0.012083311946002465.
[I 2025-09-29 11:54:04,239] Trial 50 finished with value: 0.012538433586683717 and parameters: {'lag_0': 0.5466261505774009, 'lag_1': 0.5874180816319797, 'lag_2': 0.14319216190768597, 'lag_3': 0.5659131063376844, 'lag_4': 0.6698862193396847, 'lag_5': 0.04333101202854375, 'lag_6': 0.6441696309413898, 'lag_7': 0.7663145940646453, 'lag_8': 0.8421843614200379, 'lag_9': 0.4094450212086109, 'lag_10': 0.23730606721068986, 'lag_11': 0.3786344190236013, 'lag_12': 0.8386921939420471, 'lag_13': 0.2690165412332075, 'lag_14': 0.9999952497465081, 'lag_15': 0.9268662877632486, 'lag_16': 0.3455454293858651, 'lag_17': 0.7476103994372463, 'lag_18': 0.9933643644821808, 'lag_19': 0.5594468764057419, 'lag_20': 0.6466223933707642, 'lag_21': 0.16332202181636085, 'lag_22': 0.47638249426123586, 'lag_23': 0.45555111870855813, 'lag_24': 0.6017773923563302, 'lag_25': 0.8429811913906995, 'lag_26': 0.6737115763010106, 'lag_27': 0.3134563313309964, 'lag_28': 0.6127932302341282}. Best is trial 25 with value: 0.012083311946002465.
[I 2025-09-29 11:54:06,766] Trial 51 finished with value: 0.012513509623481791 and parameters: {'lag_0': 0.06324143975723992, 'lag_1': 0.4356354443492379, 'lag_2': 0.6800491334375918, 'lag_3': 0.9409259135439915, 'lag_4': 0.07230241018114299, 'lag_5': 0.7500034479291203, 'lag_6': 0.8495915749011076, 'lag_7': 0.6447911920906897, 'lag_8': 0.5046288938596578, 'lag_9': 0.729560667131619, 'lag_10': 0.5214745917077152, 'lag_11': 0.6412783017807876, 'lag_12': 0.4308204854390148, 'lag_13': 0.7375836203972738, 'lag_14': 0.4393869227647916, 'lag_15': 0.7339409676855968, 'lag_16': 0.4194766476177634, 'lag_17': 0.9489160834273545, 'lag_18': 0.2707508507341696, 'lag_19': 0.4095265927890507, 'lag_20': 0.6786992934504776, 'lag_21': 0.32988284345168734, 'lag_22': 0.04186338872562008, 'lag_23': 0.32957336711763324, 'lag_24': 0.35732317406979186, 'lag_25': 0.9340550622768056, 'lag_26': 0.5121551788943517, 'lag_27': 0.7005128408637239, 'lag_28': 0.675492694400807}. Best is trial 25 with value: 0.012083311946002465.
[I 2025-09-29 11:54:09,299] Trial 52 finished with value: 0.012370698881874708 and parameters: {'lag_0': 0.01685295259013133, 'lag_1': 0.48552959003087526, 'lag_2': 0.5871083171048124, 'lag_3': 0.9068195411433503, 'lag_4': 0.17084411205809052, 'lag_5': 0.7527366288932629, 'lag_6': 0.7426767490608505, 'lag_7': 0.5905683921750775, 'lag_8': 0.4339545622698716, 'lag_9': 0.2529424380151309, 'lag_10': 0.4437970794982897, 'lag_11': 0.654511193586941, 'lag_12': 0.9453237144728938, 'lag_13': 0.9196027446434587, 'lag_14': 0.3634740244896065, 'lag_15': 0.6789738415786356, 'lag_16': 0.17307612904932956, 'lag_17': 0.8451037747201489, 'lag_18': 0.13586685440881463, 'lag_19': 0.24412003843515823, 'lag_20': 0.747492097646943, 'lag_21': 0.4163990588788703, 'lag_22': 0.12503773624729195, 'lag_23': 0.27718006608636714, 'lag_24': 0.5176083304641226, 'lag_25': 0.8956749751562144, 'lag_26': 0.4119858217411863, 'lag_27': 0.896463761445996, 'lag_28': 0.7357366261626885}. Best is trial 25 with value: 0.012083311946002465.
[I 2025-09-29 11:54:11,839] Trial 53 finished with value: 0.012930833524334742 and parameters: {'lag_0': 0.1061811117801855, 'lag_1': 0.9319503447320899, 'lag_2': 0.6812705573691373, 'lag_3': 0.8479125358267224, 'lag_4': 0.555357795563586, 'lag_5': 0.8673511297423085, 'lag_6': 0.4612814079547622, 'lag_7': 0.7022102985414808, 'lag_8': 0.5957933671489802, 'lag_9': 0.3114337672800146, 'lag_10': 0.5760053902807979, 'lag_11': 0.7633917542068799, 'lag_12': 0.5156349502195207, 'lag_13': 0.12098342715264744, 'lag_14': 0.18983232507197442, 'lag_15': 0.7453432619420273, 'lag_16': 0.28117271879542205, 'lag_17': 0.2905096788161306, 'lag_18': 0.0814185423253392, 'lag_19': 0.3106424460891928, 'lag_20': 0.8616371028033645, 'lag_21': 0.20680662258997695, 'lag_22': 0.20528743393940013, 'lag_23': 0.4267125909117979, 'lag_24': 0.4292678684740836, 'lag_25': 0.9707166987257179, 'lag_26': 0.7729794226003563, 'lag_27': 0.5519507685777606, 'lag_28': 0.5081321915781108}. Best is trial 25 with value: 0.012083311946002465.
[I 2025-09-29 11:54:14,374] Trial 54 finished with value: 0.012491290143073094 and parameters: {'lag_0': 0.13339985989666747, 'lag_1': 0.7362383628226042, 'lag_2': 0.7328725166121023, 'lag_3': 0.9707194914572874, 'lag_4': 0.033330789416887774, 'lag_5': 0.6760480424828884, 'lag_6': 0.3906397674854884, 'lag_7': 0.6618211899604685, 'lag_8': 0.5356049250656989, 'lag_9': 0.513439382034031, 'lag_10': 0.2966073717678336, 'lag_11': 0.6146898216110592, 'lag_12': 0.6080243955513595, 'lag_13': 0.6490083067704651, 'lag_14': 0.2526040065925369, 'lag_15': 0.8049733455148105, 'lag_16': 0.14938452361160995, 'lag_17': 0.6155538828964148, 'lag_18': 0.37388522904642224, 'lag_19': 0.16701576128453108, 'lag_20': 0.8204483591983747, 'lag_21': 0.999321101724483, 'lag_22': 0.13928908407106938, 'lag_23': 0.22685327415105316, 'lag_24': 0.270999387153875, 'lag_25': 0.8787479369724015, 'lag_26': 0.2962436819300307, 'lag_27': 0.7698102164891851, 'lag_28': 0.6966336622043807}. Best is trial 25 with value: 0.012083311946002465.
[I 2025-09-29 11:54:16,915] Trial 55 finished with value: 0.012278406357988273 and parameters: {'lag_0': 0.6297432934772812, 'lag_1': 0.5559269150020838, 'lag_2': 0.5229900656203603, 'lag_3': 0.88506573121934, 'lag_4': 0.4796835585327931, 'lag_5': 0.6019006635944463, 'lag_6': 0.28813036262349645, 'lag_7': 0.8219700611066563, 'lag_8': 0.6721679570082261, 'lag_9': 0.9996788997374291, 'lag_10': 0.7722708492873157, 'lag_11': 0.7073341723979644, 'lag_12': 0.6650746561461671, 'lag_13': 0.5576211829235671, 'lag_14': 0.47755936480539, 'lag_15': 0.6857286027819958, 'lag_16': 0.057547445551592344, 'lag_17': 0.8931969506779822, 'lag_18': 0.21991023949339483, 'lag_19': 0.4768507124453377, 'lag_20': 0.601945335156305, 'lag_21': 0.6639031839178406, 'lag_22': 0.2844412999170531, 'lag_23': 0.1338097542699157, 'lag_24': 0.3563714881482905, 'lag_25': 0.7522181229665701, 'lag_26': 0.476845838314877, 'lag_27': 0.8148630990910917, 'lag_28': 0.6005592025450315}. Best is trial 25 with value: 0.012083311946002465.
[I 2025-09-29 11:54:19,451] Trial 56 finished with value: 0.012539914207177927 and parameters: {'lag_0': 0.610288317627702, 'lag_1': 0.1870307909321695, 'lag_2': 0.5273374285735047, 'lag_3': 0.8889213428455823, 'lag_4': 0.3348794957789908, 'lag_5': 0.5628914346451581, 'lag_6': 0.3316924807272229, 'lag_7': 0.8424240479101278, 'lag_8': 0.7173655855312242, 'lag_9': 0.43415811043661107, 'lag_10': 0.69349236599428, 'lag_11': 0.712190728923824, 'lag_12': 0.6597630139912956, 'lag_13': 0.5239859495306931, 'lag_14': 0.4842144859914976, 'lag_15': 0.6885605592312501, 'lag_16': 0.04670997088187182, 'lag_17': 0.8986286876614751, 'lag_18': 0.03479187810356083, 'lag_19': 0.4772346976297873, 'lag_20': 0.34145211552365956, 'lag_21': 0.6921922868137766, 'lag_22': 0.2788480800982433, 'lag_23': 0.0017279504598429751, 'lag_24': 0.3263679654427617, 'lag_25': 0.7090896578841107, 'lag_26': 0.6446152165044214, 'lag_27': 0.9337022131619851, 'lag_28': 0.5924173463888103}. Best is trial 25 with value: 0.012083311946002465.
[I 2025-09-29 11:54:21,995] Trial 57 finished with value: 0.0125299457477643 and parameters: {'lag_0': 0.6910829236398901, 'lag_1': 0.6910330960092633, 'lag_2': 0.4547919279110779, 'lag_3': 0.7566481444914723, 'lag_4': 0.49195091566002447, 'lag_5': 0.61387768604243, 'lag_6': 0.28829226760327353, 'lag_7': 0.884949547893369, 'lag_8': 0.2104421645861268, 'lag_9': 0.3872241296503959, 'lag_10': 0.7547554928323377, 'lag_11': 0.8704952097616272, 'lag_12': 0.7838252502587144, 'lag_13': 0.5615544066403677, 'lag_14': 0.6604422518380197, 'lag_15': 0.5998133702129242, 'lag_16': 0.0556585415043003, 'lag_17': 0.8480410919249566, 'lag_18': 0.21952622840522173, 'lag_19': 0.5397372519479833, 'lag_20': 0.6114147171952254, 'lag_21': 0.8585880251182954, 'lag_22': 0.31237952085216947, 'lag_23': 0.13301798833074635, 'lag_24': 0.18665286695313338, 'lag_25': 0.5820514292397378, 'lag_26': 0.9975024375061797, 'lag_27': 0.8207215851223064, 'lag_28': 0.4960419501527469}. Best is trial 25 with value: 0.012083311946002465.
[I 2025-09-29 11:54:24,531] Trial 58 finished with value: 0.012796703635094641 and parameters: {'lag_0': 0.6365741873404788, 'lag_1': 0.5505788525565493, 'lag_2': 0.4045309508865317, 'lag_3': 0.8184068640693024, 'lag_4': 0.47756192364358724, 'lag_5': 0.41939242361521084, 'lag_6': 0.22374364769669652, 'lag_7': 0.7988731238819504, 'lag_8': 0.6495834408931545, 'lag_9': 0.2265611803290266, 'lag_10': 0.85944360443209, 'lag_11': 0.18274548663197782, 'lag_12': 0.7340232141533649, 'lag_13': 0.19366113997248335, 'lag_14': 0.5388818462933697, 'lag_15': 0.6457297125923462, 'lag_16': 0.0715715252612745, 'lag_17': 0.7942110841721106, 'lag_18': 0.16744289863758194, 'lag_19': 0.36359278632251935, 'lag_20': 0.6767894231131151, 'lag_21': 0.7819167152350501, 'lag_22': 0.3973253251608208, 'lag_23': 0.05161465173557086, 'lag_24': 0.4536783621061042, 'lag_25': 0.7436726653946557, 'lag_26': 0.47015820965195354, 'lag_27': 0.8781163074790541, 'lag_28': 0.8446617677617793}. Best is trial 25 with value: 0.012083311946002465.
[I 2025-09-29 11:54:27,063] Trial 59 finished with value: 0.01246949870932907 and parameters: {'lag_0': 0.5076001792253597, 'lag_1': 0.3238603506742376, 'lag_2': 0.20867315637039313, 'lag_3': 0.6643744623465018, 'lag_4': 0.41519422095174174, 'lag_5': 0.4759819866380831, 'lag_6': 0.07694998782403509, 'lag_7': 0.7448640421088253, 'lag_8': 0.6792711318451281, 'lag_9': 0.9615393966316945, 'lag_10': 0.933987655115925, 'lag_11': 0.93945602180739, 'lag_12': 0.8695852190978312, 'lag_13': 0.3761279340933894, 'lag_14': 0.30731556082949263, 'lag_15': 0.37340485762023257, 'lag_16': 0.22399951863686035, 'lag_17': 0.6557699517082257, 'lag_18': 0.09959676723131543, 'lag_19': 0.4436739158418986, 'lag_20': 0.5499998606334975, 'lag_21': 0.6439877913545266, 'lag_22': 0.23239487398426578, 'lag_23': 0.1534143624198465, 'lag_24': 0.9944034056161851, 'lag_25': 0.6784934923739663, 'lag_26': 0.5923127376971821, 'lag_27': 0.741723596366798, 'lag_28': 0.5305093128425193}. Best is trial 25 with value: 0.012083311946002465.
[I 2025-09-29 11:54:29,595] Trial 60 finished with value: 0.012360933668918727 and parameters: {'lag_0': 0.4500853527656039, 'lag_1': 0.4432860196638732, 'lag_2': 0.6310181381304982, 'lag_3': 0.9592879238337461, 'lag_4': 0.5292524010764702, 'lag_5': 0.5093466696997144, 'lag_6': 0.14925958937918363, 'lag_7': 0.9555146937526839, 'lag_8': 0.7754461168587419, 'lag_9': 0.46608210542585204, 'lag_10': 0.772828589247398, 'lag_11': 0.4441288717230798, 'lag_12': 0.9084609709983297, 'lag_13': 0.45536600463421545, 'lag_14': 0.5924447610371606, 'lag_15': 0.49330984909576814, 'lag_16': 0.13549150764273848, 'lag_17': 0.988346036344797, 'lag_18': 0.0287629398160004, 'lag_19': 0.6293558614473642, 'lag_20': 0.8910210946254206, 'lag_21': 0.6977196486502434, 'lag_22': 0.9551509652470989, 'lag_23': 0.09756682185097088, 'lag_24': 0.9194558103369738, 'lag_25': 0.843129155324722, 'lag_26': 0.8805462896157827, 'lag_27': 0.9968970198926989, 'lag_28': 0.7720349440942732}. Best is trial 25 with value: 0.012083311946002465.
[I 2025-09-29 11:54:32,132] Trial 61 finished with value: 0.01240051722815359 and parameters: {'lag_0': 0.7496765579489367, 'lag_1': 0.8037458889899973, 'lag_2': 0.8163107708839147, 'lag_3': 0.8940305499074325, 'lag_4': 0.12327843658959092, 'lag_5': 0.7049015680104613, 'lag_6': 0.7885537107562945, 'lag_7': 0.6335294287701511, 'lag_8': 0.45096113922389386, 'lag_9': 0.9192336346717302, 'lag_10': 0.6155933565610491, 'lag_11': 0.6687682027386532, 'lag_12': 0.4891238055036119, 'lag_13': 0.7905474387634231, 'lag_14': 0.39865393051758735, 'lag_15': 0.7646765160037575, 'lag_16': 0.38476214702431355, 'lag_17': 0.9581834756206278, 'lag_18': 0.2955507070702452, 'lag_19': 0.7289067862954407, 'lag_20': 0.4574538281898988, 'lag_21': 0.11763616817129813, 'lag_22': 0.16231997516318267, 'lag_23': 0.3454757038099353, 'lag_24': 0.3781917816168644, 'lag_25': 0.9233411271790889, 'lag_26': 0.35511210897726103, 'lag_27': 0.6978982268173413, 'lag_28': 0.6622236329583499}. Best is trial 25 with value: 0.012083311946002465.
