[I 2025-09-29 13:22:19,054] Trial 3 finished with value: 0.004636699834982586 and parameters: {'lag_0': 0.7480613291457476, 'lag_1': 0.3993733519672792, 'lag_2': 0.5721315269244254, 'lag_3': 0.8217351182331839, 'lag_4': 0.02068178701564017, 'lag_5': 0.8299536578110162, 'lag_6': 0.567876752449947, 'lag_7': 0.41125702027690747, 'lag_8': 0.11451282713505787, 'lag_9': 0.6228801839088298, 'lag_10': 0.9813010147788711, 'lag_11': 0.4951329400196252, 'lag_12': 0.9420464069521839, 'lag_13': 0.5760602173965994, 'lag_14': 0.48901083356922764, 'lag_15': 0.05371211289183197, 'lag_16': 0.52969399657447, 'lag_17': 0.01841399931323953, 'lag_18': 0.5445832169464939, 'lag_19': 0.2876267562850613, 'lag_20': 0.25525920502056576, 'lag_21': 0.9913097749553457, 'lag_22': 0.9361670027012835, 'lag_23': 0.7078132820148852, 'lag_24': 0.11940231395782165, 'lag_25': 0.7940669678195258, 'lag_26': 0.5200662423533808, 'lag_27': 0.5866078118014353, 'lag_28': 0.7592513264905084}. Best is trial 0 with value: 0.0045387802767891255.
[I 2025-09-29 13:22:21,487] Trial 4 finished with value: 0.0042887877932571376 and parameters: {'lag_0': 0.170119391190942, 'lag_1': 0.5028085545925708, 'lag_2': 0.8318712393864912, 'lag_3': 0.668151933355329, 'lag_4': 0.24958225594241226, 'lag_5': 0.13478561782638138, 'lag_6': 0.7265568390066963, 'lag_7': 0.000587330142204805, 'lag_8': 0.19826530132372508, 'lag_9': 0.2215126766030754, 'lag_10': 0.6716028302876828, 'lag_11': 0.5691150475811874, 'lag_12': 0.7881519022974547, 'lag_13': 0.43668041376470634, 'lag_14': 0.6637024195123319, 'lag_15': 0.4334960322196965, 'lag_16': 0.37950844154686997, 'lag_17': 0.18870316532315382, 'lag_18': 0.793495055006331, 'lag_19': 0.7346746312392592, 'lag_20': 0.12103197422788034, 'lag_21': 0.030372597945956013, 'lag_22': 0.5111726179481973, 'lag_23': 0.9526109233612934, 'lag_24': 0.5370582998881425, 'lag_25': 0.2763082015993699, 'lag_26': 0.8697704666980729, 'lag_27': 0.5231768598641331, 'lag_28': 0.6662504037633089}. Best is trial 4 with value: 0.0042887877932571376.
[I 2025-09-29 13:22:23,920] Trial 5 finished with value: 0.004633980539484503 and parameters: {'lag_0': 0.4198612360287776, 'lag_1': 0.22716152961786612, 'lag_2': 0.45681455180027725, 'lag_3': 0.9832564716283392, 'lag_4': 0.9398417363576734, 'lag_5': 0.1162171121472573, 'lag_6': 0.45502664324255315, 'lag_7': 0.292880258132734, 'lag_8': 0.7582681637804009, 'lag_9': 0.34369386746047714, 'lag_10': 0.3723273418205939, 'lag_11': 0.14904795303163754, 'lag_12': 0.7711378936417866, 'lag_13': 0.5486191258597494, 'lag_14': 0.3267047385119028, 'lag_15': 0.9873123189943535, 'lag_16': 0.07173433569943141, 'lag_17': 0.4719989853869868, 'lag_18': 0.2701696197429824, 'lag_19': 0.5993677854080369, 'lag_20': 0.4693321529891053, 'lag_21': 0.8377826469051166, 'lag_22': 0.9276993052983616, 'lag_23': 0.7197466603821805, 'lag_24': 0.9770817656064718, 'lag_25': 0.08850356779465139, 'lag_26': 0.8550528034162203, 'lag_27': 0.2974101657421246, 'lag_28': 0.2805143585727378}. Best is trial 4 with value: 0.0042887877932571376.
[I 2025-09-29 13:22:26,365] Trial 6 finished with value: 0.0043319826101627795 and parameters: {'lag_0': 0.48127469280943724, 'lag_1': 0.1473371132726501, 'lag_2': 0.6843152876049056, 'lag_3': 0.9898147979705147, 'lag_4': 0.8934998334161868, 'lag_5': 0.15303043311095704, 'lag_6': 0.8704184483445122, 'lag_7': 0.03212542976718508, 'lag_8': 0.9791802360072959, 'lag_9': 0.11801216137699289, 'lag_10': 0.1167773337516343, 'lag_11': 0.9224729119645408, 'lag_12': 0.8172341781006814, 'lag_13': 0.6173909955744548, 'lag_14': 0.5180903914367432, 'lag_15': 0.8819935009578124, 'lag_16': 0.4391234247629541, 'lag_17': 0.13789448713809305, 'lag_18': 0.3206226058603121, 'lag_19': 0.7377835617749278, 'lag_20': 0.08400262621817711, 'lag_21': 0.3116615339230046, 'lag_22': 0.01297542537967536, 'lag_23': 0.8071062120429148, 'lag_24': 0.17512086583981915, 'lag_25': 0.20746126173114224, 'lag_26': 0.17617874576704867, 'lag_27': 0.6086520080287732, 'lag_28': 0.7125676960220723}. Best is trial 4 with value: 0.0042887877932571376.
[I 2025-09-29 13:22:28,810] Trial 7 finished with value: 0.004390280203704793 and parameters: {'lag_0': 0.19176035969020475, 'lag_1': 0.008967374176452566, 'lag_2': 0.4305254660959075, 'lag_3': 0.12877107928997042, 'lag_4': 0.49309038614201667, 'lag_5': 0.14626048757460183, 'lag_6': 0.8232798307586332, 'lag_7': 0.4571737883231502, 'lag_8': 0.29309817761204376, 'lag_9': 0.9097648736564811, 'lag_10': 0.5508902808850951, 'lag_11': 0.20138278600515513, 'lag_12': 0.8687853245915746, 'lag_13': 0.9303213495014664, 'lag_14': 0.460482958129195, 'lag_15': 0.5206129806036045, 'lag_16': 0.2895683738234381, 'lag_17': 0.23822117877935015, 'lag_18': 0.9031684682055177, 'lag_19': 0.8238966923516631, 'lag_20': 0.20801470562297494, 'lag_21': 0.4375845595274431, 'lag_22': 0.6866910751402703, 'lag_23': 0.748552993565833, 'lag_24': 0.429326074157835, 'lag_25': 0.6361701334289367, 'lag_26': 0.9548067733813155, 'lag_27': 0.7947342219684926, 'lag_28': 0.8883518923891986}. Best is trial 4 with value: 0.0042887877932571376.
[I 2025-09-29 13:22:31,250] Trial 8 finished with value: 0.004580999179740114 and parameters: {'lag_0': 0.3889991292166497, 'lag_1': 0.3635945509978329, 'lag_2': 0.24700748541447054, 'lag_3': 0.06977149535502675, 'lag_4': 0.44694701766035155, 'lag_5': 0.9450463749371595, 'lag_6': 0.8616059687106329, 'lag_7': 0.7727205288448664, 'lag_8': 0.7024547046960823, 'lag_9': 0.10356662877685491, 'lag_10': 0.2347326646083422, 'lag_11': 0.16934313279176064, 'lag_12': 0.21199429072876042, 'lag_13': 0.3492355281606313, 'lag_14': 0.7642128789737027, 'lag_15': 0.8264108981334058, 'lag_16': 0.43763810031385536, 'lag_17': 0.19722188288434184, 'lag_18': 0.45270160526311415, 'lag_19': 0.20331424898224112, 'lag_20': 0.8831384346157597, 'lag_21': 0.7350751811041055, 'lag_22': 0.2351008138380859, 'lag_23': 0.41662904277797336, 'lag_24': 0.8471692159380273, 'lag_25': 0.7817344527443304, 'lag_26': 0.9152428532763073, 'lag_27': 0.8598019581254535, 'lag_28': 0.6888680950067437}. Best is trial 4 with value: 0.0042887877932571376.
[I 2025-09-29 13:22:33,682] Trial 9 finished with value: 0.00453376910200537 and parameters: {'lag_0': 0.6245631496354253, 'lag_1': 0.7103684456088525, 'lag_2': 0.3248221282525367, 'lag_3': 0.9864417912163848, 'lag_4': 0.5092722077954689, 'lag_5': 0.1340215016128984, 'lag_6': 0.6907548399037234, 'lag_7': 0.8140259785284822, 'lag_8': 0.971391589170313, 'lag_9': 0.1936941941476814, 'lag_10': 0.9737962822742432, 'lag_11': 0.6971007836263752, 'lag_12': 0.20125100190655396, 'lag_13': 0.7621873079765081, 'lag_14': 0.7063930478518708, 'lag_15': 0.969027835769774, 'lag_16': 0.9322902774657027, 'lag_17': 0.267604603220654, 'lag_18': 0.5090664898809074, 'lag_19': 0.07221312935087461, 'lag_20': 0.3954911286408833, 'lag_21': 0.7444015663601167, 'lag_22': 0.6865727928660027, 'lag_23': 0.9087377416426126, 'lag_24': 0.327091855206848, 'lag_25': 0.7863886871442147, 'lag_26': 0.5646059243694473, 'lag_27': 0.8976464330492419, 'lag_28': 0.8839590671302624}. Best is trial 4 with value: 0.0042887877932571376.
[I 2025-09-29 13:22:36,176] Trial 10 finished with value: 0.005178206850928998 and parameters: {'lag_0': 0.003302262052117977, 'lag_1': 0.7479810185280769, 'lag_2': 0.9357441924724785, 'lag_3': 0.544679384988192, 'lag_4': 0.22980077953183103, 'lag_5': 0.3714609979226605, 'lag_6': 0.035012815478477566, 'lag_7': 0.06932033941786975, 'lag_8': 0.048388796799955114, 'lag_9': 0.7332404331658313, 'lag_10': 0.6109837262110089, 'lag_11': 0.9152737250071468, 'lag_12': 0.5365543490838772, 'lag_13': 0.05686897093392573, 'lag_14': 0.0037208859225438262, 'lag_15': 0.21503234353972078, 'lag_16': 0.7835491572755088, 'lag_17': 0.703560082263605, 'lag_18': 0.8836413353775839, 'lag_19': 0.9826973918701583, 'lag_20': 0.05068149859951024, 'lag_21': 0.022551827662006696, 'lag_22': 0.4087123701036034, 'lag_23': 0.9859122711908497, 'lag_24': 0.6623987936010018, 'lag_25': 0.45621317481420365, 'lag_26': 0.7106609187448529, 'lag_27': 0.021763938122592696, 'lag_28': 0.4762785148895555}. Best is trial 4 with value: 0.0042887877932571376.
[I 2025-09-29 13:22:38,790] Trial 11 finished with value: 0.0048012795596328916 and parameters: {'lag_0': 0.9934297743627731, 'lag_1': 0.0022360363026131536, 'lag_2': 0.8520498129089443, 'lag_3': 0.6515789987215285, 'lag_4': 0.7497483639341262, 'lag_5': 0.009117614906016785, 'lag_6': 0.72758909329194, 'lag_7': 0.012732254473145526, 'lag_8': 0.5298818874093619, 'lag_9': 0.03816424964679499, 'lag_10': 0.7185003071842092, 'lag_11': 0.996790523491002, 'lag_12': 0.5736714924105616, 'lag_13': 0.3121733183778742, 'lag_14': 0.6938062531027486, 'lag_15': 0.3298260465023436, 'lag_16': 0.2390681298752093, 'lag_17': 0.001760072440159105, 'lag_18': 0.705681521029663, 'lag_19': 0.49156364667069713, 'lag_20': 0.014413365636831932, 'lag_21': 0.31659256037657446, 'lag_22': 0.319219622309451, 'lag_23': 0.875815044288978, 'lag_24': 0.26809894356712494, 'lag_25': 0.3154932716789299, 'lag_26': 0.2747992994354317, 'lag_27': 0.6080957632580857, 'lag_28': 0.5525045659057048}. Best is trial 4 with value: 0.0042887877932571376.
[I 2025-09-29 13:22:41,283] Trial 12 finished with value: 0.004648490107876916 and parameters: {'lag_0': 0.5687740846951037, 'lag_1': 0.5606445816361636, 'lag_2': 0.7868700180362237, 'lag_3': 0.43139310232903705, 'lag_4': 0.9861626571138238, 'lag_5': 0.289935644255928, 'lag_6': 0.9994824440139471, 'lag_7': 0.1538900064029631, 'lag_8': 0.27245979830907974, 'lag_9': 0.1487446567175193, 'lag_10': 0.764424282338503, 'lag_11': 0.7680091940264866, 'lag_12': 0.661421565722537, 'lag_13': 0.6712562627557457, 'lag_14': 0.9669703352315947, 'lag_15': 0.6956732972344879, 'lag_16': 0.7080829079764923, 'lag_17': 0.13967266690705965, 'lag_18': 0.6902470930249611, 'lag_19': 0.5353400229671007, 'lag_20': 0.19827765540120185, 'lag_21': 0.23084838231011767, 'lag_22': 0.6323574651987945, 'lag_23': 0.5377351548549849, 'lag_24': 0.549107635480517, 'lag_25': 0.331984580300391, 'lag_26': 0.27874630729479855, 'lag_27': 0.44299242569624453, 'lag_28': 0.52573842947854}. Best is trial 4 with value: 0.0042887877932571376.
[I 2025-09-29 13:22:43,776] Trial 13 finished with value: 0.004342115570508213 and parameters: {'lag_0': 0.7590552979434861, 'lag_1': 0.2232640606195997, 'lag_2': 0.7696184928121045, 'lag_3': 0.806383580222671, 'lag_4': 0.26594092332734054, 'lag_5': 0.6392177095316993, 'lag_6': 0.6700176297670105, 'lag_7': 0.6217871803063075, 'lag_8': 0.5115481986250634, 'lag_9': 0.24828587844932146, 'lag_10': 0.06523483639075278, 'lag_11': 0.36012349530361065, 'lag_12': 0.992800233693916, 'lag_13': 0.3404124798351644, 'lag_14': 0.6003526281444501, 'lag_15': 0.3371090001599991, 'lag_16': 0.04768007774706323, 'lag_17': 0.33393949156077474, 'lag_18': 0.7151876373415772, 'lag_19': 0.8251020245741826, 'lag_20': 0.09389077966606274, 'lag_21': 0.19344796414983895, 'lag_22': 0.5703740352382833, 'lag_23': 0.8206100537577486, 'lag_24': 0.2152771907880321, 'lag_25': 0.20493706437588288, 'lag_26': 0.025816231088351127, 'lag_27': 0.6262919225469338, 'lag_28': 0.7046489586922581}. Best is trial 4 with value: 0.0042887877932571376.
[I 2025-09-29 13:22:46,268] Trial 14 finished with value: 0.004405880539784084 and parameters: {'lag_0': 0.3884763585849544, 'lag_1': 0.7067323909673174, 'lag_2': 0.9978415087331485, 'lag_3': 0.6319015530603387, 'lag_4': 0.6478240640599569, 'lag_5': 0.27199025510786023, 'lag_6': 0.853237529563325, 'lag_7': 0.9782411259303745, 'lag_8': 0.1741314752085849, 'lag_9': 0.01891789201052818, 'lag_10': 0.4152592173414795, 'lag_11': 0.8259462533830273, 'lag_12': 0.4390867624819195, 'lag_13': 0.7114316976582149, 'lag_14': 0.584961412456031, 'lag_15': 0.6695859285237062, 'lag_16': 0.37564382906711236, 'lag_17': 0.6209331237620933, 'lag_18': 0.3011944540678335, 'lag_19': 0.6726226457205038, 'lag_20': 0.2849734943969451, 'lag_21': 0.4794263411887323, 'lag_22': 0.01951145611448652, 'lag_23': 0.9845224338967787, 'lag_24': 0.7442647645740498, 'lag_25': 0.4281181565348937, 'lag_26': 0.7364121365191114, 'lag_27': 0.4978790619623475, 'lag_28': 0.5797549272458982}. Best is trial 4 with value: 0.0042887877932571376.
[I 2025-09-29 13:22:48,754] Trial 15 finished with value: 0.004257252981542745 and parameters: {'lag_0': 0.0433440495074697, 'lag_1': 0.40975614099863505, 'lag_2': 0.7174605287051631, 'lag_3': 0.3190395505479895, 'lag_4': 0.13720941120976576, 'lag_5': 0.0025362166261959362, 'lag_6': 0.31790273883602205, 'lag_7': 0.17902291004359666, 'lag_8': 0.5966917133993694, 'lag_9': 0.4530367252586549, 'lag_10': 0.7378616231581593, 'lag_11': 0.6087258108944267, 'lag_12': 0.04085061367353637, 'lag_13': 0.46468609027234714, 'lag_14': 0.4064936097110494, 'lag_15': 0.3725558779957554, 'lag_16': 0.6483662340545371, 'lag_17': 0.13313889557515265, 'lag_18': 0.9997143557858981, 'lag_19': 0.9974305295726376, 'lag_20': 0.6270295712213937, 'lag_21': 0.134393051493748, 'lag_22': 0.8003238586554106, 'lag_23': 0.6268513260019444, 'lag_24': 0.4731087023948435, 'lag_25': 0.23083547398645057, 'lag_26': 0.3865248340007461, 'lag_27': 0.7248542898558225, 'lag_28': 0.36828655724074394}. Best is trial 15 with value: 0.004257252981542745.
[I 2025-09-29 13:22:51,238] Trial 16 finished with value: 0.004587250214296549 and parameters: {'lag_0': 0.002749587693286981, 'lag_1': 0.4170772286419434, 'lag_2': 0.7133314287973537, 'lag_3': 0.2557457817036867, 'lag_4': 0.14656996234077513, 'lag_5': 6.522171948492028e-06, 'lag_6': 0.2890048669452325, 'lag_7': 0.1867432618909921, 'lag_8': 0.6423250682529972, 'lag_9': 0.43152392262209877, 'lag_10': 0.7555151045834537, 'lag_11': 0.5936932880558399, 'lag_12': 0.3650624560874612, 'lag_13': 0.4412980149067078, 'lag_14': 0.37774382243855453, 'lag_15': 0.35522734673881684, 'lag_16': 0.640691641659432, 'lag_17': 0.3930997639816878, 'lag_18': 0.9895373724327315, 'lag_19': 0.9244633155470766, 'lag_20': 0.6009901617961069, 'lag_21': 0.09594169099438689, 'lag_22': 0.8413112137716022, 'lag_23': 0.3570469429053817, 'lag_24': 0.42127885627837797, 'lag_25': 0.9345515531980175, 'lag_26': 0.4191219144114771, 'lag_27': 0.997446301580922, 'lag_28': 0.0052257547414713}. Best is trial 15 with value: 0.004257252981542745.
[I 2025-09-29 13:22:53,725] Trial 17 finished with value: 0.004791348835552072 and parameters: {'lag_0': 0.11964353704022423, 'lag_1': 0.8826218193199515, 'lag_2': 0.8835268113332885, 'lag_3': 0.4187290471303413, 'lag_4': 0.37653257175764626, 'lag_5': 0.6951086642067598, 'lag_6': 0.31140762685661855, 'lag_7': 0.17381918876340835, 'lag_8': 0.40093581251364563, 'lag_9': 0.6829601031345066, 'lag_10': 0.8174210671342613, 'lag_11': 0.3770471035187021, 'lag_12': 0.05166558723850734, 'lag_13': 0.20636911992069942, 'lag_14': 0.10634809087835856, 'lag_15': 0.08450262259466712, 'lag_16': 0.8164066424499627, 'lag_17': 0.6108289783256861, 'lag_18': 0.8143809169408452, 'lag_19': 0.4331068369052614, 'lag_20': 0.7456518047548688, 'lag_21': 0.16011349834051092, 'lag_22': 0.7923142791821537, 'lag_23': 0.6020085613417697, 'lag_24': 0.46125860985719336, 'lag_25': 0.3116229262282512, 'lag_26': 0.7233218100008683, 'lag_27': 0.6952393581685029, 'lag_28': 0.3832143080378281}. Best is trial 15 with value: 0.004257252981542745.
[I 2025-09-29 13:22:56,213] Trial 18 finished with value: 0.004713336915758325 and parameters: {'lag_0': 0.2965695346114293, 'lag_1': 0.5060322422495198, 'lag_2': 0.025841408842272984, 'lag_3': 0.21737423252274532, 'lag_4': 0.13403819602023723, 'lag_5': 0.22072658772028897, 'lag_6': 0.1420580333352475, 'lag_7': 0.12766014202851655, 'lag_8': 0.5926356465560518, 'lag_9': 0.877714794861917, 'lag_10': 0.6306460443308081, 'lag_11': 0.5865944087532599, 'lag_12': 0.04867882139438419, 'lag_13': 0.4356661223576228, 'lag_14': 0.8174161100009533, 'lag_15': 0.2240504726898294, 'lag_16': 0.9283883990265083, 'lag_17': 0.09028742018453767, 'lag_18': 0.988738976057363, 'lag_19': 0.8387750891310647, 'lag_20': 0.9927178371104526, 'lag_21': 0.32379157575848366, 'lag_22': 0.799897711689973, 'lag_23': 0.27541009601064353, 'lag_24': 0.7387243986979453, 'lag_25': 0.5681261473468042, 'lag_26': 0.3923658622953074, 'lag_27': 0.3612076171024341, 'lag_28': 0.3222727785200393}. Best is trial 15 with value: 0.004257252981542745.
[I 2025-09-29 13:22:58,699] Trial 19 finished with value: 0.004532312829172819 and parameters: {'lag_0': 0.10478002457919368, 'lag_1': 0.31900002763568036, 'lag_2': 0.6645578661005545, 'lag_3': 0.5420642834437203, 'lag_4': 0.16544931675621666, 'lag_5': 0.3856117926222593, 'lag_6': 0.40793213915334103, 'lag_7': 0.6405714424038914, 'lag_8': 0.4126958503754966, 'lag_9': 0.5115391092700836, 'lag_10': 0.8673482328298037, 'lag_11': 0.27919316328750265, 'lag_12': 0.6274578947671514, 'lag_13': 0.22697477469549804, 'lag_14': 0.39934477954766023, 'lag_15': 0.43512022379561877, 'lag_16': 0.20342714750005403, 'lag_17': 0.28937669353929224, 'lag_18': 0.6222750422077352, 'lag_19': 0.9583174452192643, 'lag_20': 0.6514199206373191, 'lag_21': 0.12150763668042994, 'lag_22': 0.5112454016782705, 'lag_23': 0.1305588205151037, 'lag_24': 0.3652613776465645, 'lag_25': 0.04163338600128255, 'lag_26': 0.6201149806315988, 'lag_27': 0.245219598627207, 'lag_28': 0.3905080307561494}. Best is trial 15 with value: 0.004257252981542745.
[I 2025-09-29 13:23:01,201] Trial 20 finished with value: 0.004546633538443516 and parameters: {'lag_0': 0.32584653934619456, 'lag_1': 0.6016592985081214, 'lag_2': 0.8343701443157501, 'lag_3': 0.6766486353204888, 'lag_4': 0.32165505167548547, 'lag_5': 0.03863906069222878, 'lag_6': 0.5832925304768497, 'lag_7': 0.21895276171058164, 'lag_8': 0.0095166399373037, 'lag_9': 0.28754331830719937, 'lag_10': 0.4731253889925881, 'lag_11': 0.5872055405242927, 'lag_12': 0.42062262775528, 'lag_13': 0.004744455757866695, 'lag_14': 0.6226203100499321, 'lag_15': 0.6234863704700282, 'lag_16': 0.6600707694281462, 'lag_17': 0.5300865331842494, 'lag_18': 0.8124204389947602, 'lag_19': 0.8620511721029218, 'lag_20': 0.3440936126209678, 'lag_21': 0.5747563974930523, 'lag_22': 0.38679994033870707, 'lag_23': 0.6319656435937444, 'lag_24': 0.5415169587202086, 'lag_25': 0.15477643289214119, 'lag_26': 0.3834629667514902, 'lag_27': 0.715469217997418, 'lag_28': 0.4399981675513447}. Best is trial 15 with value: 0.004257252981542745.
[I 2025-09-29 13:23:03,695] Trial 21 finished with value: 0.005461401348446167 and parameters: {'lag_0': 0.5029873024203461, 'lag_1': 0.11374445191959276, 'lag_2': 0.6787522654055816, 'lag_3': 0.8981567457338531, 'lag_4': 0.612336529673242, 'lag_5': 0.1920038126713079, 'lag_6': 0.7900590303370646, 'lag_7': 0.00851314126769337, 'lag_8': 0.8415970087393513, 'lag_9': 0.20069057432735776, 'lag_10': 0.6677101315531737, 'lag_11': 0.8685004298947689, 'lag_12': 0.7540451073811353, 'lag_13': 0.6097959920202455, 'lag_14': 0.5437210098317292, 'lag_15': 0.2065877824668888, 'lag_16': 0.39598831089778663, 'lag_17': 0.12672015744203477, 'lag_18': 0.34445630440219305, 'lag_19': 0.7248537064029716, 'lag_20': 0.11700842163420727, 'lag_21': 0.2946866403092936, 'lag_22': 0.2798189499000103, 'lag_23': 0.7969341992656069, 'lag_24': 0.1618279075922451, 'lag_25': 0.2375709655153867, 'lag_26': 0.15243067189439166, 'lag_27': 0.5236194062045437, 'lag_28': 0.6237287778440672}. Best is trial 15 with value: 0.004257252981542745.
[I 2025-09-29 13:23:06,186] Trial 22 finished with value: 0.004443267700334059 and parameters: {'lag_0': 0.0881357818652748, 'lag_1': 0.4615747363681478, 'lag_2': 0.7520263249781345, 'lag_3': 0.365819178329024, 'lag_4': 0.895796927824508, 'lag_5': 0.0901250215503429, 'lag_6': 0.8972324442064867, 'lag_7': 0.0911286950178783, 'lag_8': 0.8673331238561645, 'lag_9': 0.3817317739945161, 'lag_10': 0.29480996167385687, 'lag_11': 0.6915667885241681, 'lag_12': 0.8894457148252988, 'lag_13': 0.5015319665517978, 'lag_14': 0.49148793940435553, 'lag_15': 0.4223648168508347, 'lag_16': 0.5525854338383948, 'lag_17': 0.18041507383461614, 'lag_18': 0.17318742463013378, 'lag_19': 0.6431860424360474, 'lag_20': 0.14846439689351598, 'lag_21': 0.387721322954929, 'lag_22': 0.18849273748523815, 'lag_23': 0.6527479595166317, 'lag_24': 0.028303135316369077, 'lag_25': 0.39285180841770606, 'lag_26': 0.14574930344666082, 'lag_27': 0.6871014807667759, 'lag_28': 0.812780259761115}. Best is trial 15 with value: 0.004257252981542745.
[I 2025-09-29 13:23:08,678] Trial 23 finished with value: 0.0048473080101443435 and parameters: {'lag_0': 0.7416781705748154, 'lag_1': 0.2964789976129597, 'lag_2': 0.5587205825271955, 'lag_3': 0.7260736420072822, 'lag_4': 0.14620949366873442, 'lag_5': 0.28805506540631076, 'lag_6': 0.36704595110509725, 'lag_7': 0.06582226178879359, 'lag_8': 0.2126141236754961, 'lag_9': 0.0943160117217936, 'lag_10': 0.5315857351373102, 'lag_11': 0.9820353936354591, 'lag_12': 0.6900792079666795, 'lag_13': 0.63153969468398, 'lag_14': 0.19548285481223468, 'lag_15': 0.7858229859146842, 'lag_16': 0.15496216218170988, 'lag_17': 0.07377327421686988, 'lag_18': 0.8478524276170266, 'lag_19': 0.7646722845539814, 'lag_20': 0.5231453672359332, 'lag_21': 0.001847452698148292, 'lag_22': 0.5757740367162288, 'lag_23': 0.9056757883819619, 'lag_24': 0.32765027926550316, 'lag_25': 0.1391900917436928, 'lag_26': 0.3089123977885895, 'lag_27': 0.4959297889299418, 'lag_28': 0.6501118681504768}. Best is trial 15 with value: 0.004257252981542745.
