[I 2025-09-29 11:55:12,799] Trial 83 finished with value: 0.010611962443256953 and parameters: {'lag_0': 0.48727416786812305, 'lag_1': 0.4119184286272253, 'lag_2': 0.4723284689760035, 'lag_3': 0.3406358120710373, 'lag_4': 0.5683938530773521, 'lag_5': 0.8386316873982049, 'lag_6': 0.56704293544413, 'lag_7': 0.7514596424671528, 'lag_8': 0.407868347131833, 'lag_9': 0.5497364722317308, 'lag_10': 0.5183622131160749, 'lag_11': 0.5664917111578325, 'lag_12': 0.5951486775153609, 'lag_13': 0.6624823839392888, 'lag_14': 0.21830384197294206, 'lag_15': 0.09842243632499152, 'lag_16': 0.05949695817098068, 'lag_17': 0.41584898932512143, 'lag_18': 0.952131408527753, 'lag_19': 0.2384858579293179, 'lag_20': 0.37506496140457024, 'lag_21': 0.5646155151634257, 'lag_22': 0.11117980229187456, 'lag_23': 0.5942605614764022, 'lag_24': 0.8864267631121855, 'lag_25': 0.39582489987477537, 'lag_26': 0.39580001261500275, 'lag_27': 0.726250241704336, 'lag_28': 0.817038391505875}. Best is trial 71 with value: 0.010175500533879115.
[I 2025-09-29 11:55:15,154] Trial 84 finished with value: 0.010551195028711796 and parameters: {'lag_0': 0.39852683532695005, 'lag_1': 0.36236418778912033, 'lag_2': 0.5277502480259906, 'lag_3': 0.13277604043751978, 'lag_4': 0.6630880021631387, 'lag_5': 0.9687100229792602, 'lag_6': 0.6623977191316344, 'lag_7': 0.6069888815589836, 'lag_8': 0.25187048791059774, 'lag_9': 0.5307799339015763, 'lag_10': 0.4308055601616466, 'lag_11': 0.48945230020530045, 'lag_12': 0.6918875147114879, 'lag_13': 0.6134925614550172, 'lag_14': 0.9019305917122145, 'lag_15': 0.17905483064597877, 'lag_16': 0.0002009024284863048, 'lag_17': 0.5151703532604759, 'lag_18': 0.6935452900772657, 'lag_19': 0.16117686882598944, 'lag_20': 0.252799976683502, 'lag_21': 0.52176663500088, 'lag_22': 0.03835709332562358, 'lag_23': 0.6441440994735116, 'lag_24': 0.9661841005290629, 'lag_25': 0.2768052677042657, 'lag_26': 0.31390169538565676, 'lag_27': 0.6591428785389252, 'lag_28': 0.9168524757970034}. Best is trial 71 with value: 0.010175500533879115.
[I 2025-09-29 11:55:17,511] Trial 85 finished with value: 0.010750852312906034 and parameters: {'lag_0': 0.6442014823155601, 'lag_1': 0.20005701040121374, 'lag_2': 0.376245415565616, 'lag_3': 0.3177093743845556, 'lag_4': 0.694383932828144, 'lag_5': 0.9215195963880121, 'lag_6': 0.49779602972113524, 'lag_7': 0.6792752857478256, 'lag_8': 0.19151972532013803, 'lag_9': 0.45165974571802714, 'lag_10': 0.6552361786803417, 'lag_11': 0.42334982094177426, 'lag_12': 0.7073248498836556, 'lag_13': 0.8357983192507099, 'lag_14': 0.4081077370371221, 'lag_15': 0.1277178078153362, 'lag_16': 0.19855473554410322, 'lag_17': 0.36126955013922524, 'lag_18': 0.46734275786152757, 'lag_19': 0.3297985185369782, 'lag_20': 0.34814236237930424, 'lag_21': 0.7014603587620317, 'lag_22': 0.4329121740953916, 'lag_23': 0.7128442823461136, 'lag_24': 0.9756509356192534, 'lag_25': 0.18790831279027628, 'lag_26': 0.23958533014179909, 'lag_27': 0.7003185900444233, 'lag_28': 0.8940816011896233}. Best is trial 71 with value: 0.010175500533879115.
[I 2025-09-29 11:55:19,872] Trial 86 finished with value: 0.010706308883008652 and parameters: {'lag_0': 0.46492516454665206, 'lag_1': 0.46490118700976935, 'lag_2': 0.4956908609562405, 'lag_3': 0.24420878004083468, 'lag_4': 0.603223896911938, 'lag_5': 0.8940828465498711, 'lag_6': 0.7158971295123866, 'lag_7': 0.5901154222127352, 'lag_8': 0.3674600094085834, 'lag_9': 0.6091365570909237, 'lag_10': 0.3015064239186864, 'lag_11': 0.45268794168312854, 'lag_12': 0.7525002327401283, 'lag_13': 0.5244947147781754, 'lag_14': 0.26057615957189234, 'lag_15': 0.5145376444559636, 'lag_16': 0.1401023162981135, 'lag_17': 0.5922686147918531, 'lag_18': 0.5632362463924417, 'lag_19': 0.8246188406994747, 'lag_20': 0.28603784495558787, 'lag_21': 0.5946394361481468, 'lag_22': 0.9162172666298974, 'lag_23': 0.7497544549394759, 'lag_24': 0.925457067794557, 'lag_25': 0.34095936624189704, 'lag_26': 0.3766133647862596, 'lag_27': 0.6807062216733064, 'lag_28': 0.9490240421454184}. Best is trial 71 with value: 0.010175500533879115.
[I 2025-09-29 11:55:22,239] Trial 87 finished with value: 0.010354612340093895 and parameters: {'lag_0': 0.5116291305715656, 'lag_1': 0.32797649263813894, 'lag_2': 0.41665571005574087, 'lag_3': 0.1794099096735905, 'lag_4': 0.5671324452459703, 'lag_5': 0.3110889094464691, 'lag_6': 0.5868974357268795, 'lag_7': 0.4856279105612676, 'lag_8': 0.4816934626572561, 'lag_9': 0.4207886729827114, 'lag_10': 0.2715669178529497, 'lag_11': 0.7435210985711187, 'lag_12': 0.7712599918262233, 'lag_13': 0.5863225516184681, 'lag_14': 0.028525879596342008, 'lag_15': 0.22361292636437363, 'lag_16': 0.03424363654611061, 'lag_17': 0.7057407334594931, 'lag_18': 0.3210689695444058, 'lag_19': 0.6789509594107243, 'lag_20': 0.4098797629084617, 'lag_21': 0.7973605936398267, 'lag_22': 0.5318923484063262, 'lag_23': 0.6742330944231578, 'lag_24': 0.8509854891756338, 'lag_25': 0.5379157972017227, 'lag_26': 0.20738684293111426, 'lag_27': 0.5234881718484142, 'lag_28': 0.8774243878205132}. Best is trial 71 with value: 0.010175500533879115.
[I 2025-09-29 11:55:24,603] Trial 88 finished with value: 0.010786760018841463 and parameters: {'lag_0': 0.5556601680008187, 'lag_1': 0.520498983090988, 'lag_2': 0.45191393098487587, 'lag_3': 0.026933961266928097, 'lag_4': 0.7595915127490328, 'lag_5': 0.5828731427725206, 'lag_6': 0.6272712364614632, 'lag_7': 0.5773194836723217, 'lag_8': 0.11865302194402817, 'lag_9': 0.6992449147466733, 'lag_10': 0.8225997427763168, 'lag_11': 0.5210366404647119, 'lag_12': 0.8282639667241329, 'lag_13': 0.6879896236861879, 'lag_14': 0.08274220653044553, 'lag_15': 0.5916143091950214, 'lag_16': 0.08869398936389378, 'lag_17': 0.7751528823797667, 'lag_18': 0.4221771557078888, 'lag_19': 0.3004779801973577, 'lag_20': 0.5035961550153665, 'lag_21': 0.47697772190476095, 'lag_22': 0.4106348793127184, 'lag_23': 0.8092712308662616, 'lag_24': 0.9042228333720601, 'lag_25': 0.6962290182778363, 'lag_26': 0.4222156309777365, 'lag_27': 0.5735657422306353, 'lag_28': 0.48188511412783025}. Best is trial 71 with value: 0.010175500533879115.
[I 2025-09-29 11:55:26,965] Trial 89 finished with value: 0.010453852793458233 and parameters: {'lag_0': 0.43011175347739855, 'lag_1': 0.39644862451374263, 'lag_2': 0.3482458093294401, 'lag_3': 0.0797208190256131, 'lag_4': 0.49397904685169225, 'lag_5': 0.9999978689990551, 'lag_6': 0.7737668094979124, 'lag_7': 0.5420998362504857, 'lag_8': 0.44094275290796486, 'lag_9': 0.6685961717944513, 'lag_10': 0.612392588859029, 'lag_11': 0.7863922476511065, 'lag_12': 0.643411553002417, 'lag_13': 0.8000744962858712, 'lag_14': 0.15808539904104008, 'lag_15': 0.27994739291003484, 'lag_16': 0.0603823977224463, 'lag_17': 0.5645465905629145, 'lag_18': 0.9764858369602842, 'lag_19': 0.38364075576305906, 'lag_20': 0.40180587193529277, 'lag_21': 0.6616943298110066, 'lag_22': 0.4870115568010565, 'lag_23': 0.695761180428482, 'lag_24': 0.8002932089898417, 'lag_25': 0.034870353132604226, 'lag_26': 0.5009536707377604, 'lag_27': 0.7343605026633189, 'lag_28': 0.7297724571160341}. Best is trial 71 with value: 0.010175500533879115.
[I 2025-09-29 11:55:29,325] Trial 90 finished with value: 0.010568897713181072 and parameters: {'lag_0': 0.6125638814426297, 'lag_1': 0.26462010276462644, 'lag_2': 0.5012899846877423, 'lag_3': 0.15889517538071826, 'lag_4': 0.7205581218029478, 'lag_5': 0.9446495032251578, 'lag_6': 0.9273092368683884, 'lag_7': 0.6318124548145269, 'lag_8': 0.5243314196302407, 'lag_9': 0.4980526717119296, 'lag_10': 0.9951733302295894, 'lag_11': 0.3592942156681762, 'lag_12': 0.6108138174166773, 'lag_13': 0.649375089018308, 'lag_14': 0.8047696884603968, 'lag_15': 0.17869480808501542, 'lag_16': 0.1788060949889288, 'lag_17': 0.48040665467409716, 'lag_18': 0.3660047816308773, 'lag_19': 0.2689901282679203, 'lag_20': 0.4442956745156934, 'lag_21': 0.4483103363620501, 'lag_22': 0.4557709932063998, 'lag_23': 0.003824048286839854, 'lag_24': 0.9609070899069493, 'lag_25': 0.49628408075185926, 'lag_26': 0.2804079135716707, 'lag_27': 0.604831697460522, 'lag_28': 0.9759332828688028}. Best is trial 71 with value: 0.010175500533879115.
[I 2025-09-29 11:55:31,688] Trial 91 finished with value: 0.010656260664702936 and parameters: {'lag_0': 0.5123167042350629, 'lag_1': 0.33004664042032505, 'lag_2': 0.430043671421268, 'lag_3': 0.18493381844509257, 'lag_4': 0.5569065656071625, 'lag_5': 0.2566665920549527, 'lag_6': 0.5785391354423075, 'lag_7': 0.4783916102175599, 'lag_8': 0.49531039719243214, 'lag_9': 0.404141273834867, 'lag_10': 0.2595503323856851, 'lag_11': 0.748606789613173, 'lag_12': 0.777720622599178, 'lag_13': 0.5849716513776908, 'lag_14': 0.13626703952091399, 'lag_15': 0.21723288037541905, 'lag_16': 0.02319846617408637, 'lag_17': 0.6907230812077977, 'lag_18': 0.28526675182300465, 'lag_19': 0.676118524195422, 'lag_20': 0.31476071115832555, 'lag_21': 0.8554138723693909, 'lag_22': 0.5476285298642867, 'lag_23': 0.6745788402053404, 'lag_24': 0.8583072475164104, 'lag_25': 0.5446540337981025, 'lag_26': 0.1378972163004186, 'lag_27': 0.5280575836136097, 'lag_28': 0.886719365794825}. Best is trial 71 with value: 0.010175500533879115.
[I 2025-09-29 11:55:34,046] Trial 92 finished with value: 0.010736162308792407 and parameters: {'lag_0': 0.5292202366638387, 'lag_1': 0.30679288028896073, 'lag_2': 0.4115843850305045, 'lag_3': 0.12076024376372232, 'lag_4': 0.6372249798002971, 'lag_5': 0.5346003316954424, 'lag_6': 0.5523649106560441, 'lag_7': 0.670731296147254, 'lag_8': 0.47615611554981696, 'lag_9': 0.6022644462873163, 'lag_10': 0.2121909766132281, 'lag_11': 0.8210377986412886, 'lag_12': 0.7303012580086905, 'lag_13': 0.5575150898848696, 'lag_14': 0.04500376993305316, 'lag_15': 0.24564135902103626, 'lag_16': 0.12669412700624666, 'lag_17': 0.7063934021775871, 'lag_18': 0.6059726042196895, 'lag_19': 0.5924641117196943, 'lag_20': 0.4164071118996178, 'lag_21': 0.7913553913586889, 'lag_22': 0.5161127875395252, 'lag_23': 0.7838399778714915, 'lag_24': 0.9336211550758866, 'lag_25': 0.5910710342223165, 'lag_26': 0.16772983948861492, 'lag_27': 0.6286312323858345, 'lag_28': 0.8655183734367874}. Best is trial 71 with value: 0.010175500533879115.
[I 2025-09-29 11:55:36,408] Trial 93 finished with value: 0.010358426419088674 and parameters: {'lag_0': 0.5789842675845129, 'lag_1': 0.35877412391471697, 'lag_2': 0.4704955332039198, 'lag_3': 0.22812857227405958, 'lag_4': 0.5201088833983385, 'lag_5': 0.18195124652501402, 'lag_6': 0.5015233528400942, 'lag_7': 0.5625324659097807, 'lag_8': 0.3886915345638472, 'lag_9': 0.5444079823392415, 'lag_10': 0.3677076387327425, 'lag_11': 0.7269519896344062, 'lag_12': 0.6807269323613798, 'lag_13': 0.7214060909384247, 'lag_14': 0.1878967742956249, 'lag_15': 0.1479280050343895, 'lag_16': 0.03681589067246735, 'lag_17': 0.6406626929154997, 'lag_18': 0.326833508697622, 'lag_19': 0.9577476057215516, 'lag_20': 0.38531595895915866, 'lag_21': 0.9012394430924391, 'lag_22': 0.3511822492084411, 'lag_23': 0.5397903788176116, 'lag_24': 0.9812012064716108, 'lag_25': 0.4697163637907179, 'lag_26': 0.20789210687620907, 'lag_27': 0.48154186059361415, 'lag_28': 0.9360947126840488}. Best is trial 71 with value: 0.010175500533879115.
[I 2025-09-29 11:55:38,770] Trial 94 finished with value: 0.010539285110109204 and parameters: {'lag_0': 0.4560588218456158, 'lag_1': 0.16184481486498659, 'lag_2': 0.5515804294244823, 'lag_3': 0.1923959443694078, 'lag_4': 0.5829097369243569, 'lag_5': 0.32270601273784605, 'lag_6': 0.5944414369636162, 'lag_7': 0.4936573055001342, 'lag_8': 0.22809224208162046, 'lag_9': 0.2155196820020984, 'lag_10': 0.272932464352927, 'lag_11': 0.5872587485122107, 'lag_12': 0.7981002774312341, 'lag_13': 0.6110487373405851, 'lag_14': 0.018592686747251008, 'lag_15': 0.3495469371924337, 'lag_16': 0.10650176812021402, 'lag_17': 0.5318434524564849, 'lag_18': 0.2337159809913038, 'lag_19': 0.34228398794319337, 'lag_20': 0.3385961129299529, 'lag_21': 0.9514086496911908, 'lag_22': 0.611624798842967, 'lag_23': 0.6317141238706281, 'lag_24': 0.8779356783421691, 'lag_25': 0.6474097371749128, 'lag_26': 0.07761895765890225, 'lag_27': 0.4468917075607506, 'lag_28': 0.8059831855977316}. Best is trial 71 with value: 0.010175500533879115.
[I 2025-09-29 11:55:41,127] Trial 95 finished with value: 0.010429067717566048 and parameters: {'lag_0': 0.4990385806331799, 'lag_1': 0.4422345631686363, 'lag_2': 0.3951611881833649, 'lag_3': 0.15720993714335263, 'lag_4': 0.4479894594979809, 'lag_5': 0.9716210010969437, 'lag_6': 0.6529746693451227, 'lag_7': 0.4383251733056523, 'lag_8': 0.5786405790216407, 'lag_9': 0.1723460807748191, 'lag_10': 0.4752439196202128, 'lag_11': 0.856365578813608, 'lag_12': 0.8637462452574676, 'lag_13': 0.5827050362297896, 'lag_14': 0.7420952522368774, 'lag_15': 0.12010890672399635, 'lag_16': 0.1496187453308797, 'lag_17': 0.8328222409860302, 'lag_18': 0.3269160446088104, 'lag_19': 0.880582882526542, 'lag_20': 0.36287808909172947, 'lag_21': 0.49946684123126495, 'lag_22': 0.7111549962058129, 'lag_23': 0.5993245090428831, 'lag_24': 0.9096659238035832, 'lag_25': 0.7393032341290842, 'lag_26': 0.30711906768536845, 'lag_27': 0.5157416348998364, 'lag_28': 0.8318557971985686}. Best is trial 71 with value: 0.010175500533879115.
[I 2025-09-29 11:55:43,490] Trial 96 finished with value: 0.010477316625050446 and parameters: {'lag_0': 0.41524115629947544, 'lag_1': 0.4861186299505271, 'lag_2': 0.5772215226275482, 'lag_3': 0.2582619645702007, 'lag_4': 0.6161908344580043, 'lag_5': 0.751141366708169, 'lag_6': 0.7004543098255085, 'lag_7': 0.3900847446902359, 'lag_8': 0.32384459484116473, 'lag_9': 0.7428553327695924, 'lag_10': 0.3401707296576452, 'lag_11': 0.6551742809469094, 'lag_12': 0.7671816871532983, 'lag_13': 0.44986432518934927, 'lag_14': 0.10383903661497274, 'lag_15': 0.06943338972188434, 'lag_16': 0.07252358524230026, 'lag_17': 0.6081575326704582, 'lag_18': 0.7218244582966721, 'lag_19': 0.628987523753264, 'lag_20': 0.458102955222773, 'lag_21': 0.5428761772687035, 'lag_22': 0.7793699742815874, 'lag_23': 0.48585542710111207, 'lag_24': 0.8437280898855155, 'lag_25': 0.528426728274966, 'lag_26': 0.2436286759762916, 'lag_27': 0.5402934154335989, 'lag_28': 0.9125661270489549}. Best is trial 71 with value: 0.010175500533879115.
[I 2025-09-29 11:55:45,853] Trial 97 finished with value: 0.0106138613728046 and parameters: {'lag_0': 0.5466870719688143, 'lag_1': 0.3387088976623642, 'lag_2': 0.45517980714629463, 'lag_3': 0.10244652492350977, 'lag_4': 0.7981747472099249, 'lag_5': 0.8565533500725393, 'lag_6': 0.6741212093422365, 'lag_7': 0.831349429852422, 'lag_8': 0.5291501434271287, 'lag_9': 0.46920038600889497, 'lag_10': 0.5686890056488146, 'lag_11': 0.48329820878556423, 'lag_12': 0.21363856252173552, 'lag_13': 0.49669742410775874, 'lag_14': 0.3389059760380575, 'lag_15': 0.20253544844989108, 'lag_16': 0.02018670071636896, 'lag_17': 0.6564304253932394, 'lag_18': 0.9421476948308439, 'lag_19': 0.4581488057975865, 'lag_20': 0.26396313650269887, 'lag_21': 0.8177272915957748, 'lag_22': 0.02199259945812787, 'lag_23': 0.7404384798064839, 'lag_24': 0.8182030685880517, 'lag_25': 0.5792987586453826, 'lag_26': 0.3417884295527922, 'lag_27': 0.41675820885790626, 'lag_28': 0.9943599734697189}. Best is trial 71 with value: 0.010175500533879115.
[I 2025-09-29 11:55:48,212] Trial 98 finished with value: 0.010596156283466515 and parameters: {'lag_0': 0.6813324193712403, 'lag_1': 0.22352574780007783, 'lag_2': 0.42230506390412714, 'lag_3': 0.060294407398353456, 'lag_4': 0.6596981049575406, 'lag_5': 0.9147388029472179, 'lag_6': 0.6146215263273178, 'lag_7': 0.50412883555001, 'lag_8': 0.2790365928483065, 'lag_9': 0.4378918067167067, 'lag_10': 0.5050498803440834, 'lag_11': 0.552707470511608, 'lag_12': 0.9802985273428404, 'lag_13': 0.6258069820574664, 'lag_14': 0.289612688273709, 'lag_15': 0.30089964328360674, 'lag_16': 0.23837741313582383, 'lag_17': 0.7667201943340021, 'lag_18': 0.6636886023300874, 'lag_19': 0.18125930983244343, 'lag_20': 0.43001705109916705, 'lag_21': 0.6201801809381038, 'lag_22': 0.5732687935993236, 'lag_23': 0.7124061918783575, 'lag_24': 0.9385717040589195, 'lag_25': 0.4253756402798866, 'lag_26': 0.21408236421536683, 'lag_27': 0.7779011288846273, 'lag_28': 0.5376313405753887}. Best is trial 71 with value: 0.010175500533879115.
[I 2025-09-29 11:55:50,570] Trial 99 finished with value: 0.010454783671568525 and parameters: {'lag_0': 0.4838261090007871, 'lag_1': 0.39384055677632435, 'lag_2': 0.5154283106816686, 'lag_3': 0.29931158159255067, 'lag_4': 0.5362317797425324, 'lag_5': 0.9581807341768647, 'lag_6': 0.5223254803351356, 'lag_7': 0.7338409745745755, 'lag_8': 0.4104293423796216, 'lag_9': 0.14297448280804637, 'lag_10': 0.3095186107746306, 'lag_11': 0.7880387898604176, 'lag_12': 0.1684838763460303, 'lag_13': 0.6809080283071801, 'lag_14': 0.9730631230634874, 'lag_15': 0.41290888597352104, 'lag_16': 0.051015007305611426, 'lag_17': 0.5905098265936286, 'lag_18': 0.9191088587634297, 'lag_19': 0.09445422791945464, 'lag_20': 0.37646969627141325, 'lag_21': 0.38002208597242015, 'lag_22': 0.8646949217123636, 'lag_23': 0.6576626141004319, 'lag_24': 0.7502489647289754, 'lag_25': 0.22879860188068077, 'lag_26': 0.11217444624282097, 'lag_27': 0.6962807610398076, 'lag_28': 0.09143595716975403}. Best is trial 71 with value: 0.010175500533879115.
[I 2025-09-29 11:55:50,584] A new study created in memory with name: no-name-e937fa6d-9d9c-4090-aeb1-61e8172419c6
[I 2025-09-29 11:55:52,906] Trial 0 finished with value: 0.011575418565616924 and parameters: {'lag_0': 0.9881286919450494, 'lag_1': 0.5759542422822478, 'lag_2': 0.8539491300066506, 'lag_3': 0.7378398955333287, 'lag_4': 0.08705278924190923, 'lag_5': 0.9273827009532896, 'lag_6': 0.42555138945871057, 'lag_7': 0.36646248855668373, 'lag_8': 0.45618745947032685, 'lag_9': 0.10721671105625344, 'lag_10': 0.5839710102148139, 'lag_11': 0.43665328883570864, 'lag_12': 0.5004849071807654, 'lag_13': 0.19590925052862607, 'lag_14': 0.24555731339466658, 'lag_15': 0.7871652396069307, 'lag_16': 0.5997476159348883, 'lag_17': 0.9443742951242333, 'lag_18': 0.3434673518554406, 'lag_19': 0.3988734193739044, 'lag_20': 0.8580905931502749, 'lag_21': 0.9033524785143215, 'lag_22': 0.8324444476959454, 'lag_23': 0.7733932994478248, 'lag_24': 0.9735614352245348, 'lag_25': 0.9481973317399329, 'lag_26': 0.35878697499058365, 'lag_27': 0.7430066705972739, 'lag_28': 0.8737761251886722}. Best is trial 0 with value: 0.011575418565616924.
[I 2025-09-29 11:55:55,223] Trial 1 finished with value: 0.011604260658116917 and parameters: {'lag_0': 0.617963841165606, 'lag_1': 0.34907432210617934, 'lag_2': 0.30814156709582147, 'lag_3': 0.806344627732783, 'lag_4': 0.723300848329753, 'lag_5': 0.39692716650312854, 'lag_6': 0.9921699016111485, 'lag_7': 0.09618243664579694, 'lag_8': 0.6862034643109973, 'lag_9': 0.8518672648243231, 'lag_10': 0.4807261779777859, 'lag_11': 0.4687441284242105, 'lag_12': 0.4006741535769097, 'lag_13': 0.029434171907522573, 'lag_14': 0.5266763739412396, 'lag_15': 0.7266473235974211, 'lag_16': 0.4104301521565439, 'lag_17': 0.29749710370785765, 'lag_18': 0.43555232881744566, 'lag_19': 0.19698429879008775, 'lag_20': 0.8804521331880517, 'lag_21': 0.8607216745567463, 'lag_22': 0.9273367046401895, 'lag_23': 0.4989629880094267, 'lag_24': 0.06153543407439707, 'lag_25': 0.8443094815449764, 'lag_26': 0.6659436286822845, 'lag_27': 0.7781315724725717, 'lag_28': 0.08537180876093095}. Best is trial 0 with value: 0.011575418565616924.
[I 2025-09-29 11:55:57,541] Trial 2 finished with value: 0.011346077953972043 and parameters: {'lag_0': 0.7229912717180176, 'lag_1': 0.15717543987445118, 'lag_2': 0.8208854302283544, 'lag_3': 0.05818336738042291, 'lag_4': 0.13288197107651303, 'lag_5': 0.7696642275218848, 'lag_6': 0.6803173671620476, 'lag_7': 0.47976892330279086, 'lag_8': 0.5338258122892364, 'lag_9': 0.19728683522492704, 'lag_10': 0.7147646566158864, 'lag_11': 0.19438623187844672, 'lag_12': 0.2961698611446753, 'lag_13': 0.4138375165185499, 'lag_14': 0.18692613906011188, 'lag_15': 0.16915761794300288, 'lag_16': 0.7409061797021292, 'lag_17': 0.7532221334604475, 'lag_18': 0.9820937706357364, 'lag_19': 0.8665864306894386, 'lag_20': 0.23872803383222344, 'lag_21': 0.48211897268024534, 'lag_22': 0.10907831619681253, 'lag_23': 0.18868514194377944, 'lag_24': 0.2609542061010239, 'lag_25': 0.5602245509482016, 'lag_26': 0.27906221042069984, 'lag_27': 0.2179901264552466, 'lag_28': 0.9800999604231875}. Best is trial 2 with value: 0.011346077953972043.
[I 2025-09-29 11:55:59,850] Trial 3 finished with value: 0.011587142046676721 and parameters: {'lag_0': 0.23489860241424304, 'lag_1': 0.593650458877015, 'lag_2': 0.3268288823385987, 'lag_3': 0.6515765285571251, 'lag_4': 0.647182772370169, 'lag_5': 0.9188029948252758, 'lag_6': 0.37132457490709886, 'lag_7': 0.3184898600998674, 'lag_8': 0.6113374364681914, 'lag_9': 0.44859009757819507, 'lag_10': 0.7255597384894514, 'lag_11': 0.8755517517621719, 'lag_12': 0.5149216006841495, 'lag_13': 0.682437102361068, 'lag_14': 0.7647905106505704, 'lag_15': 0.7920092494277708, 'lag_16': 0.15786006223884375, 'lag_17': 0.9480010925196978, 'lag_18': 0.249312146052636, 'lag_19': 0.655806715881939, 'lag_20': 0.12951200993326684, 'lag_21': 0.9588137325941346, 'lag_22': 0.21120965954739185, 'lag_23': 0.8537048978076935, 'lag_24': 0.7608885025455443, 'lag_25': 0.8629195483889137, 'lag_26': 0.48725782058382455, 'lag_27': 0.9101496298578688, 'lag_28': 0.28402578036311554}. Best is trial 2 with value: 0.011346077953972043.
