[I 2025-10-03 11:32:14,135] Trial 25 finished with values: [0.09649234693877551, 0.005245997956228285, 0.003451715422120358, 0.0065151288018097595, 0.001719213415385678, 0.002620140842963929, 0.0027875113429376513, 0.0051496211803416705, 0.0033478879630656844, 0.001117935155902813, 0.0007738534101065949, 0.00041399403784379347, 0.0018632513856208072, 0.02768455436345708, 0.0, 0.0007713103139749789, 0.0033929073375775797, 0.0013321728447937716, 0.000604908467683751, 7.327246997449529e-05, 3.1259529680832866e-05, 0.00014991807812951352, 0.00015602226247490787, 0.00022705090213139461, 8.823746456681748e-06, 0.0010435491325141645, 0.0002248372949716338, 0.001338393221277346, 0.0011655485386481979] and parameters: {'lag_0': 0.8767891639846179, 'lag_1': 0.13595854689534748, 'lag_2': 0.602375936479759, 'lag_3': 0.8480704143298117, 'lag_4': 0.4255222829341977, 'lag_5': 0.3042962725271087, 'lag_6': 0.7212651816516271, 'lag_7': 0.19383950740366043, 'lag_8': 0.963668938486791, 'lag_9': 0.3585895659076793, 'lag_10': 0.7960268803925415, 'lag_11': 0.551458610951945, 'lag_12': 0.9500730614111597, 'lag_13': 0.7856607441238509, 'lag_14': 0.47480844329387945, 'lag_15': 0.21546816308237773, 'lag_16': 0.16012274283887992, 'lag_17': 0.9130214704371519, 'lag_18': 0.9484165235358885, 'lag_19': 0.9115765730153617, 'lag_20': 0.6640455735329183, 'lag_21': 0.751911192416839, 'lag_22': 0.011120927558186984, 'lag_23': 0.17526348031616434, 'lag_24': 0.15420807017878038, 'lag_25': 0.213733392838245, 'lag_26': 0.3171576598687445, 'lag_27': 0.587743105302338, 'lag_28': 0.6798721548135302}.
[I 2025-10-03 11:32:16,763] Trial 26 finished with values: [0.10568153187200806, 0.0017188174044655013, 0.003782886048709212, 0.006001383837260056, 0.001159765360436232, 0.0022170766550158316, 0.0026340971703726337, 0.002776469916988627, 0.0028565834137374954, 0.0008894066939499054, 0.0009160731239925606, 0.00030524819500441923, 0.002125132342379031, 0.024970439167921958, 0.0, 0.000850133764965569, 0.0035389184775818545, 0.0014265139556141298, 0.0008273574792600758, 6.490988577164462e-05, 6.347271710066939e-05, 0.00016903858202968976, 0.00013611802538098764, 0.0002112513778741379, 4.114037442507027e-05, 0.0010161836571995196, 0.00015694955005141975, 0.0018070159789690854, 0.0023468204811250767] and parameters: {'lag_0': 0.1675724254769235, 'lag_1': 0.9641912487476885, 'lag_2': 0.19199614272337528, 'lag_3': 0.2473608654580611, 'lag_4': 0.5114580187894958, 'lag_5': 0.3841371373768835, 'lag_6': 0.6664429050603801, 'lag_7': 0.9144704749366547, 'lag_8': 0.9248766579293202, 'lag_9': 0.2750175961216252, 'lag_10': 0.5237078016291935, 'lag_11': 0.9920417513700587, 'lag_12': 0.062387609571800624, 'lag_13': 0.9870563545461898, 'lag_14': 0.885644887987898, 'lag_15': 0.1703174466005649, 'lag_16': 0.04457101502956086, 'lag_17': 0.8480311285126437, 'lag_18': 0.33594288072050305, 'lag_19': 0.23760261676542127, 'lag_20': 0.05602319620680098, 'lag_21': 0.9045096454268737, 'lag_22': 0.397113243453743, 'lag_23': 0.22089389078244923, 'lag_24': 0.23185173158396796, 'lag_25': 0.8509918793687493, 'lag_26': 0.6932826289243145, 'lag_27': 0.9982431837729181, 'lag_28': 0.44959934227620785}.
[I 2025-10-03 11:32:19,383] Trial 27 finished with values: [0.07548752834467119, 0.0017332831067533867, 0.0032900507083371824, 0.006295400858159656, 0.0012735489670393225, 0.002603203248725002, 0.002139511854993466, 0.0019363329000867176, 0.0051426135908105705, 0.0007512210491580813, 0.0009780920403131674, 0.00027671440751360154, 0.0015159730916500672, 0.02483727624268877, 0.0, 0.0006285874035201538, 0.003187347673852488, 0.0010858359215090172, 0.0008746239141942449, 0.00012299835378819894, 6.631068758460592e-05, 8.630143873097272e-05, 0.0003487022557062397, 0.0003860260096983403, 2.6719351579385714e-05, 0.0006085637595662679, 0.00010823164136490539, 0.0016180722873823418, 0.0015769666402128824] and parameters: {'lag_0': 0.510003384892621, 'lag_1': 0.48623813210454525, 'lag_2': 0.4793309900348146, 'lag_3': 0.12628769294305772, 'lag_4': 0.22032498036088372, 'lag_5': 0.46705985366953606, 'lag_6': 0.28519267187351277, 'lag_7': 0.37484102974311256, 'lag_8': 0.9423727506727345, 'lag_9': 0.737143727133628, 'lag_10': 0.02205204993726779, 'lag_11': 0.5371779424724937, 'lag_12': 0.0368077766522682, 'lag_13': 0.8193685851249485, 'lag_14': 0.4775403933600082, 'lag_15': 0.3329096937730191, 'lag_16': 0.6758094994410436, 'lag_17': 0.251684337856982, 'lag_18': 0.16402219847443297, 'lag_19': 0.9494961107313327, 'lag_20': 0.5954155048511557, 'lag_21': 0.7481327688392699, 'lag_22': 0.38445073305270444, 'lag_23': 0.6673226880632954, 'lag_24': 0.6990686421484649, 'lag_25': 0.4288360869598995, 'lag_26': 0.4537081708879271, 'lag_27': 0.4651665825274149, 'lag_28': 0.13843559859335947}.
[I 2025-10-03 11:32:21,997] Trial 28 finished with values: [0.07823837868480725, 0.002330476457782194, 0.0007616729706165493, 0.0033107535714960064, 0.0010185197243577592, 0.003621087135252843, 0.0021692141740670156, 0.0041733212734676875, 0.0038541542503282137, 0.0010635425110401362, 0.0022554040615658847, 0.00017330887717678184, 0.0015729026711324215, 0.022023079986088108, 0.0, 0.0006239225369252973, 0.0036216881472297528, 0.0011913291740070996, 0.0006798323095196189, 0.0001777921556996903, 0.00015121612134994235, 9.751697417983902e-05, 0.0002817711667402374, 0.00026190108503577187, 3.8287090315590226e-05, 0.001026973793400525, 0.0001259649469058939, 0.0017076573613410144, 0.0016716384220150388] and parameters: {'lag_0': 0.4930482034670497, 'lag_1': 0.5337556997634912, 'lag_2': 0.1269000595153575, 'lag_3': 0.674504846352534, 'lag_4': 0.7965775367931794, 'lag_5': 0.8387953364593276, 'lag_6': 0.5874763103632524, 'lag_7': 0.1416329572834122, 'lag_8': 0.8801381004050871, 'lag_9': 0.2740583501075266, 'lag_10': 0.37779119891456164, 'lag_11': 0.7229195715636108, 'lag_12': 0.48294512835840336, 'lag_13': 0.9048673933211625, 'lag_14': 0.480194605561006, 'lag_15': 0.33840378573195307, 'lag_16': 0.08065637598049645, 'lag_17': 0.8864833087095437, 'lag_18': 0.9566186532351172, 'lag_19': 0.6702960750881345, 'lag_20': 0.8012551027528292, 'lag_21': 0.6411167359920688, 'lag_22': 0.17937358199736922, 'lag_23': 0.5248500508728433, 'lag_24': 0.7024523157908907, 'lag_25': 0.18533602354329798, 'lag_26': 0.35794856317296364, 'lag_27': 0.3618750586944256, 'lag_28': 0.2631995364383553}.
[I 2025-10-03 11:32:24,612] Trial 29 finished with values: [0.09104308390022675, 0.0044509448250203785, 0.0018158961129369669, 0.0049323135593384694, 0.002108128652655661, 0.003921353726994409, 0.001983643775672201, 0.0023821377467639323, 0.0031808106908401287, 0.0019207343995900877, 0.0005542922534661251, 0.00017782937411277912, 0.0027135917155293576, 0.02801388081158846, 0.0, 0.0007087934534260546, 0.0027693646728200088, 0.0012676783358770707, 0.0007255154868597676, 0.00014952412081142318, 3.0342224954269485e-05, 0.00030156163803858485, 0.00028251198226402814, 0.00031257475102594335, 4.658293125169986e-05, 0.0009217402921474337, 0.00018868179505652968, 0.0021334509917308358, 0.001573199140067507] and parameters: {'lag_0': 0.8357561907491728, 'lag_1': 0.37096250893820903, 'lag_2': 0.8257801638947285, 'lag_3': 0.6897557478182779, 'lag_4': 0.8684632269763132, 'lag_5': 0.7874126101548659, 'lag_6': 0.18911428073111902, 'lag_7': 0.7610418220418877, 'lag_8': 0.5473172438327938, 'lag_9': 0.3378492531955902, 'lag_10': 0.9994265635266333, 'lag_11': 0.3556222785316328, 'lag_12': 0.6537939685596262, 'lag_13': 0.6264680456544448, 'lag_14': 0.9616415110515193, 'lag_15': 0.7459173836757592, 'lag_16': 0.7138258572476844, 'lag_17': 0.7743934599161297, 'lag_18': 0.7149632123263941, 'lag_19': 0.04750065870178793, 'lag_20': 0.4013252175114967, 'lag_21': 0.5567917258809043, 'lag_22': 0.2085025033416599, 'lag_23': 0.4989217798401153, 'lag_24': 0.3674932316672511, 'lag_25': 0.9803810227171305, 'lag_26': 0.03804002841536333, 'lag_27': 0.5391152342083005, 'lag_28': 0.6561336750958987}.
[I 2025-10-03 11:32:27,220] Trial 30 finished with values: [0.09297052154195011, 0.00522119142430915, 0.002113197810153123, 0.007736816219820612, 0.0008328878317898353, 0.005174886130159512, 0.0007506656294727915, 0.002162074852309578, 0.002592012061049287, 0.0010550475677699289, 0.0010087794051712132, 0.0001573279105386274, 0.0020575620358503546, 0.024962146058844926, 0.0, 0.0011211948260458622, 0.003542034467507975, 0.0010851759146546286, 0.0008549031185508215, 0.00010213251358880036, 4.327530340150644e-05, 0.00015991938577098762, 0.0001796460906050262, 0.00030357247451889114, 0.0001322104466883233, 0.0012796266425352514, 0.00029271566806833094, 0.0018920735378521753, 0.0015845412531617596] and parameters: {'lag_0': 0.3306198017509699, 'lag_1': 0.8388705631384588, 'lag_2': 0.43951841576481987, 'lag_3': 0.393833068612937, 'lag_4': 0.894633865154048, 'lag_5': 0.901941474535567, 'lag_6': 0.8622370722710269, 'lag_7': 0.469076255750386, 'lag_8': 0.8668542453759651, 'lag_9': 0.286181644614647, 'lag_10': 0.3338398306137311, 'lag_11': 0.759344770409379, 'lag_12': 0.13140727586368905, 'lag_13': 0.13042697957894234, 'lag_14': 0.567757111515769, 'lag_15': 0.8799924391457703, 'lag_16': 0.4346780351416617, 'lag_17': 0.9150179515851925, 'lag_18': 0.2576468379587197, 'lag_19': 0.39021652328024914, 'lag_20': 0.7366401728233005, 'lag_21': 0.8268546637760118, 'lag_22': 0.967614503811786, 'lag_23': 0.8645963543540213, 'lag_24': 0.13652234171671915, 'lag_25': 0.1321337924826111, 'lag_26': 0.3502243973880097, 'lag_27': 0.01898393189878386, 'lag_28': 0.8114463325871787}.
[I 2025-10-03 11:32:29,836] Trial 31 finished with values: [0.09139030612244899, 0.006001331294039075, 0.0033855060684038693, 0.01005173110102783, 0.0003337973417900113, 0.0036266030886304645, 0.001820214009432663, 0.00243908163172907, 0.002446223186659532, 0.0008643968179313141, 0.002122493238887122, 0.0003889621132486459, 0.0013286190238032708, 0.027552780236492165, 0.0, 0.00041381928905614344, 0.0028260524961589003, 0.0014720970304017574, 0.0006795437135267738, 0.0002026830523813846, 0.0001268907253363754, 0.00010401320339019733, 0.0002308255253018571, 0.000283336182854233, 2.8384019799068754e-05, 0.0006901768079202345, 0.0001999954080104848, 0.002386764355065954, 0.002463509646182239] and parameters: {'lag_0': 0.5197160496031055, 'lag_1': 0.1382172874192293, 'lag_2': 0.4375026383805379, 'lag_3': 0.1229491811268749, 'lag_4': 0.16458670563717204, 'lag_5': 0.33175026496584303, 'lag_6': 0.4315585650775922, 'lag_7': 0.8441766467317123, 'lag_8': 0.8968290291004395, 'lag_9': 0.2472215711348353, 'lag_10': 0.7562794169073102, 'lag_11': 0.19177952927410272, 'lag_12': 0.08268892629529721, 'lag_13': 0.9116072565995446, 'lag_14': 0.8566973637768396, 'lag_15': 0.639746845505424, 'lag_16': 0.6868754971369885, 'lag_17': 0.4160643172420164, 'lag_18': 0.2163389406362875, 'lag_19': 0.9071377676721551, 'lag_20': 0.19446459643830674, 'lag_21': 0.20435490093634354, 'lag_22': 0.9800182567686898, 'lag_23': 0.11677378741780477, 'lag_24': 0.823442927309099, 'lag_25': 0.23432978776229335, 'lag_26': 0.9306565822127105, 'lag_27': 0.3533268481918263, 'lag_28': 0.3610431394840105}.
[I 2025-10-03 11:32:32,455] Trial 32 finished with values: [0.0569979270998628, 0.0028660118160946948, 0.0025275289470214706, 0.009241749288432192, 0.002349681190469595, 0.004651307275164449, 0.001892843836352434, 0.004832001936728725, 0.0016728161226909407, 0.002194968841961788, 0.0008185825362672199, 0.0003146796889453465, 0.0018008780717197908, 0.024330085855294576, 0.0, 0.0008817931744613698, 0.004144984536707361, 0.001225095058356229, 0.000498120688207824, 0.00017964219533417785, 7.733401237200493e-05, 0.00020619861240824986, 0.0001083484263060059, 0.0004199210175461817, 5.724880906580364e-05, 0.0009836377054623633, 0.00022159591341347354, 0.0016942078763707686, 0.0013497349746884161] and parameters: {'lag_0': 0.1887161747100926, 'lag_1': 0.9345903908189462, 'lag_2': 0.22755430888750636, 'lag_3': 0.4331672242519046, 'lag_4': 0.6258989572491064, 'lag_5': 0.9115084442533327, 'lag_6': 0.7584486275907654, 'lag_7': 0.6508607825755316, 'lag_8': 0.7577230638197958, 'lag_9': 0.48024894571573695, 'lag_10': 0.2556164578456211, 'lag_11': 0.17157890286494953, 'lag_12': 0.5500355911164069, 'lag_13': 0.12559099371974466, 'lag_14': 0.4256950595540031, 'lag_15': 0.5196209200706204, 'lag_16': 0.7394144870006628, 'lag_17': 0.3037323640969967, 'lag_18': 0.575774226116509, 'lag_19': 0.11976241584743745, 'lag_20': 0.07573641800580244, 'lag_21': 0.3198078865074695, 'lag_22': 0.06578245224300168, 'lag_23': 0.3148378660638581, 'lag_24': 0.42374967224638566, 'lag_25': 0.6453541025270612, 'lag_26': 0.7570394567309549, 'lag_27': 0.015190445245492403, 'lag_28': 0.5983216986012504}.
[I 2025-10-03 11:32:35,178] Trial 33 finished with values: [0.10850558016108727, 0.008389832239813294, 0.0017493747210438476, 0.005949607502965058, 0.0011361489541441522, 0.003460834034076145, 0.0018979053253653784, 0.0017202939182673598, 0.0036493855196426824, 0.0011822550775436782, 0.0008808817120871986, 0.00017244224266516287, 0.002310040161936234, 0.02619224451858095, 0.0, 0.0017759795048848653, 0.004337081659476105, 0.001074210839371521, 0.0005855275343988692, 8.033998023256884e-05, 3.8277051971490154e-05, 0.00013560441714415935, 0.00021790981541157766, 0.00015690523530972693, 4.110256917954219e-05, 0.000873457546418417, 0.00028744474685604476, 0.0018512405912827483, 0.0007989159669863905] and parameters: {'lag_0': 0.31163386216382766, 'lag_1': 0.3338694629865594, 'lag_2': 0.10497682621134925, 'lag_3': 0.9158603247684081, 'lag_4': 0.8675543279166881, 'lag_5': 0.9932911133345715, 'lag_6': 0.5718449159284175, 'lag_7': 0.21295709419568537, 'lag_8': 0.0001150780140988583, 'lag_9': 0.6860225718437541, 'lag_10': 0.10264418520976236, 'lag_11': 0.45677725311948, 'lag_12': 0.7792845151897655, 'lag_13': 0.4734038288465797, 'lag_14': 0.7166313370052367, 'lag_15': 0.44953091212627627, 'lag_16': 0.4949473744282849, 'lag_17': 0.21210133682827964, 'lag_18': 0.32572035772781077, 'lag_19': 0.21614910771043883, 'lag_20': 0.5106275967225771, 'lag_21': 0.12134080608272978, 'lag_22': 0.6012854844134213, 'lag_23': 0.27571918386483896, 'lag_24': 0.24979201858122627, 'lag_25': 0.7806370318521374, 'lag_26': 0.8988272458543052, 'lag_27': 0.7169674175877135, 'lag_28': 0.38623184759830287}.
[I 2025-10-03 11:32:37,804] Trial 34 finished with values: [0.12755102040816327, 0.006066646863106516, 0.0019385996476175206, 0.006659968874467843, 0.0016690368584563547, 0.004780389652304057, 0.001559272663648222, 0.0028017352219635236, 0.00343092972340635, 0.002019126964045911, 0.0011735677051243165, 0.0002400817794016919, 0.0013672465073212067, 0.027167511112789332, 0.0, 0.0006031741903893554, 0.003922432827335026, 0.0012282671509077406, 0.0009475367366518605, 0.00014408807250650187, 5.735467822679584e-05, 0.00021909350580355769, 0.00026616655358798337, 0.00046088701506192663, 5.724398919697891e-05, 0.0006963524292300198, 9.534793537163641e-05, 0.0017493896911612863, 0.0012582910859830854] and parameters: {'lag_0': 0.8504351698342063, 'lag_1': 0.06574660700430292, 'lag_2': 0.28408086067312316, 'lag_3': 0.6359865192418396, 'lag_4': 0.5744318918421952, 'lag_5': 0.35969376460107255, 'lag_6': 0.27402547789498, 'lag_7': 0.8418848223250178, 'lag_8': 0.3129582067028363, 'lag_9': 0.06693573434215844, 'lag_10': 0.6333114425927312, 'lag_11': 0.004063726757194766, 'lag_12': 0.7943627094895829, 'lag_13': 0.5056180598477067, 'lag_14': 0.5290337947131579, 'lag_15': 0.5365361871953794, 'lag_16': 0.49137826577647054, 'lag_17': 0.029162255668116005, 'lag_18': 0.48335905542080404, 'lag_19': 0.12371146981412316, 'lag_20': 0.11116103974913474, 'lag_21': 0.17325506313361413, 'lag_22': 0.968546507985811, 'lag_23': 0.9855760673914581, 'lag_24': 0.1533880046079648, 'lag_25': 0.595989428300481, 'lag_26': 0.8391278139565891, 'lag_27': 0.5618634822791582, 'lag_28': 0.4995907735191793}.
[I 2025-10-03 11:32:40,426] Trial 35 finished with values: [0.09104308390022677, 0.0020701058755263763, 0.002034233300114623, 0.004260179125134633, 0.0015145552931458348, 0.0029741246488854812, 0.002273613314684664, 0.0028938467283900235, 0.0016464016743074651, 0.0015706416316190919, 0.0007747981289282289, 0.0001577234887798683, 0.0032461678708155667, 0.024212441709466525, 0.0, 0.0009553618300106561, 0.003029940981838973, 0.0015704741397991363, 0.000733035482375212, 4.929426432216771e-05, 0.00014415898355306711, 0.00010130598289971062, 0.00012787421253355352, 0.00034432387100820805, 4.983200360287288e-05, 0.0007904363707253693, 0.00019860923276000196, 0.0011866548828124146, 0.0009961746516220448] and parameters: {'lag_0': 0.7691680668103299, 'lag_1': 0.3007478017131498, 'lag_2': 0.968760094053081, 'lag_3': 0.35930938898468695, 'lag_4': 0.893419041555679, 'lag_5': 0.31507554843110136, 'lag_6': 0.9658453579620145, 'lag_7': 0.7775336332504633, 'lag_8': 0.07660667610917649, 'lag_9': 0.7117685099597904, 'lag_10': 0.10605356088498087, 'lag_11': 0.9393718651777144, 'lag_12': 0.05781336253329087, 'lag_13': 0.484227262014063, 'lag_14': 0.5034113829848821, 'lag_15': 0.4797542366849983, 'lag_16': 0.7112797127627238, 'lag_17': 0.23103256662240867, 'lag_18': 0.9463261285452818, 'lag_19': 0.1270235654550351, 'lag_20': 0.39408449902808285, 'lag_21': 0.9533400225592176, 'lag_22': 0.07814700889405043, 'lag_23': 0.10910415699990446, 'lag_24': 0.9253037834981693, 'lag_25': 0.1775355725856804, 'lag_26': 0.935168203242176, 'lag_27': 0.8232272894417167, 'lag_28': 0.9491581565493976}.
[I 2025-10-03 11:32:43,044] Trial 36 finished with values: [0.08068480725623584, 0.00504241201679941, 0.004666739139656615, 0.0051250134613604215, 0.0016849636372773368, 0.0031114769100293446, 0.0025388345547696983, 0.002051157005975299, 0.0016399602759871248, 0.0007794755279256838, 0.0010831822553934592, 0.00033129618958997856, 0.0023199623466931252, 0.023699008390544778, 0.0, 0.0006484191842240888, 0.003335733509520328, 0.001226177727319522, 0.00056377410248612, 8.132099640684813e-05, 2.7160229644625135e-05, 0.0001560601468104157, 0.00010484739179539437, 0.00038237299535979715, 2.3576655744875686e-05, 0.0007040727349116701, 0.00021833838023637607, 0.0023267772915004136, 0.0017509936870052604] and parameters: {'lag_0': 0.1754264861795012, 'lag_1': 0.4929371752399252, 'lag_2': 0.34948391518808813, 'lag_3': 0.8563011171367898, 'lag_4': 0.8331403309592211, 'lag_5': 0.9468723494263385, 'lag_6': 0.7413639957391182, 'lag_7': 0.3099017475016619, 'lag_8': 0.9484772125103617, 'lag_9': 0.27781004437195495, 'lag_10': 0.7672069721703523, 'lag_11': 0.08944902903085335, 'lag_12': 0.7797241746876659, 'lag_13': 0.2651118125953855, 'lag_14': 0.8113298788429136, 'lag_15': 0.005782245211026561, 'lag_16': 0.27871269873310356, 'lag_17': 0.31699192615919997, 'lag_18': 0.5324932530555745, 'lag_19': 0.171323529181369, 'lag_20': 0.7135913566304314, 'lag_21': 0.5896058516060373, 'lag_22': 0.2697895320820289, 'lag_23': 0.7509431445727214, 'lag_24': 0.492021289474321, 'lag_25': 0.21286338589374595, 'lag_26': 0.16306099180734882, 'lag_27': 0.9731454718564136, 'lag_28': 0.5284454202658743}.
[I 2025-10-03 11:32:45,659] Trial 37 finished with values: [0.10240816326530613, 0.0019731256615067496, 0.001516027578577284, 0.007930746714530961, 0.0015166384416982694, 0.006232062283096585, 0.0027281828471786983, 0.0040617617765272476, 0.0034916386343400246, 0.0006727679414362393, 0.0009458882802070532, 5.988609828107059e-05, 0.0023582648518647048, 0.02582489967710596, 0.0, 0.0008913734135403192, 0.0034247157737466614, 0.0010259232155977816, 0.000697901473123858, 0.0002268761650337488, 2.8516401662254034e-05, 0.00013339919814397998, 0.0002328716050673381, 0.00026776220231452007, 7.03128615458479e-05, 0.0011226819488306407, 0.0004549292280894142, 0.001745777988088297, 0.0002505347575311216] and parameters: {'lag_0': 0.4947631071793449, 'lag_1': 0.3127421472669114, 'lag_2': 0.7597468544272903, 'lag_3': 0.5974875516294974, 'lag_4': 0.38551973570876363, 'lag_5': 0.8080531524888915, 'lag_6': 0.16239797051813679, 'lag_7': 0.565762865160674, 'lag_8': 0.9370114508643703, 'lag_9': 0.6403565441415667, 'lag_10': 0.5506882014697653, 'lag_11': 0.7733395619273488, 'lag_12': 0.8421918289388642, 'lag_13': 0.5538393596128691, 'lag_14': 0.2646159511305059, 'lag_15': 0.8585884311036576, 'lag_16': 0.7738452406263161, 'lag_17': 0.9916629633202406, 'lag_18': 0.1748089744272006, 'lag_19': 0.4440494939346533, 'lag_20': 0.7168662062161703, 'lag_21': 0.6043448626923204, 'lag_22': 0.17084454378047484, 'lag_23': 0.5705070558996646, 'lag_24': 0.595940097814123, 'lag_25': 0.9123080508430436, 'lag_26': 0.18527342222290893, 'lag_27': 0.8106993835705835, 'lag_28': 0.20380801031580315}.
