[I 2025-09-29 13:08:11,864] Trial 41 finished with value: 0.007818285068118944 and parameters: {'lag_0': 0.6477715048833355, 'lag_1': 0.30739185327831675, 'lag_2': 0.2532655881443404, 'lag_3': 0.15239508538150653, 'lag_4': 0.5426940550658974, 'lag_5': 0.6786078162321917, 'lag_6': 0.9217693193040263, 'lag_7': 0.6151533052455178, 'lag_8': 0.9185915974350606, 'lag_9': 0.7065278172449297, 'lag_10': 0.7211265352697867, 'lag_11': 0.3548341505176898, 'lag_12': 0.1038819992314663, 'lag_13': 0.4959117245513079, 'lag_14': 0.07034012036387526, 'lag_15': 0.6298096038951909, 'lag_16': 0.6998838156470666, 'lag_17': 0.7174877339105334, 'lag_18': 0.22962972715763835, 'lag_19': 0.7089499471900018, 'lag_20': 0.7586949984345477, 'lag_21': 0.7198959213583803, 'lag_22': 0.9369401153305621, 'lag_23': 0.7306387536910182, 'lag_24': 0.2751967199663966, 'lag_25': 0.4025961370833048, 'lag_26': 0.41894099959266634, 'lag_27': 0.20693071151884382, 'lag_28': 0.09304874545411107}. Best is trial 19 with value: 0.005713963476031139.
[I 2025-09-29 13:08:14,350] Trial 42 finished with value: 0.0060649240093198775 and parameters: {'lag_0': 0.8179316293965428, 'lag_1': 0.07226726622021837, 'lag_2': 0.8730730599436219, 'lag_3': 0.30817687888803136, 'lag_4': 0.470155680921076, 'lag_5': 0.7504711298974782, 'lag_6': 0.9284071861984496, 'lag_7': 0.5706245914136276, 'lag_8': 0.7672544852016583, 'lag_9': 0.7761222164827135, 'lag_10': 0.6416725608354718, 'lag_11': 0.006317001115836274, 'lag_12': 0.0449344994550302, 'lag_13': 0.5303718043248516, 'lag_14': 0.002968576941927067, 'lag_15': 0.3292953745438739, 'lag_16': 0.8212533522242287, 'lag_17': 0.9309778186561168, 'lag_18': 0.19120046724614717, 'lag_19': 0.7512076013653937, 'lag_20': 0.7933133681874147, 'lag_21': 0.8343930473641599, 'lag_22': 0.8083393096950108, 'lag_23': 0.24209092183138514, 'lag_24': 0.2188543499688217, 'lag_25': 0.5558165007966239, 'lag_26': 0.2037372816527797, 'lag_27': 0.35665191433434573, 'lag_28': 0.15887826675722133}. Best is trial 19 with value: 0.005713963476031139.
[I 2025-09-29 13:08:16,846] Trial 43 finished with value: 0.007019036269986613 and parameters: {'lag_0': 0.9676703942620237, 'lag_1': 0.07188537793121226, 'lag_2': 0.8980899723113477, 'lag_3': 0.3259215209252292, 'lag_4': 0.28449657086799235, 'lag_5': 0.996266807450338, 'lag_6': 0.998465349772339, 'lag_7': 0.785230864087119, 'lag_8': 0.8602754586843177, 'lag_9': 0.16144835995379836, 'lag_10': 0.5509487686845228, 'lag_11': 0.014025645383928392, 'lag_12': 0.03884948332411749, 'lag_13': 0.5300583279247433, 'lag_14': 0.12227811519834303, 'lag_15': 0.3049176185283795, 'lag_16': 0.8018017970333056, 'lag_17': 0.6321191950883862, 'lag_18': 0.08356807597674308, 'lag_19': 0.6258186466150981, 'lag_20': 0.8834984390159609, 'lag_21': 0.8397528331238898, 'lag_22': 0.803262569386807, 'lag_23': 0.1499320479684631, 'lag_24': 0.21509497305129396, 'lag_25': 0.5516918553520417, 'lag_26': 0.2495062307528468, 'lag_27': 0.26644003304123465, 'lag_28': 0.2297419042980846}. Best is trial 19 with value: 0.005713963476031139.
[I 2025-09-29 13:08:19,346] Trial 44 finished with value: 0.007610990327405082 and parameters: {'lag_0': 0.8015396220692907, 'lag_1': 0.18429773072779385, 'lag_2': 0.9555198092294809, 'lag_3': 0.22239193315643868, 'lag_4': 0.47749255691746556, 'lag_5': 0.7566361014610418, 'lag_6': 0.8437482793942535, 'lag_7': 0.18615537994398246, 'lag_8': 0.7902202883779064, 'lag_9': 0.8622884171096872, 'lag_10': 0.6140930533890777, 'lag_11': 0.10477403208354334, 'lag_12': 0.16675129784236817, 'lag_13': 0.33289747284787763, 'lag_14': 0.18592290028424016, 'lag_15': 0.4383925464665783, 'lag_16': 0.9321145797016125, 'lag_17': 0.49083239186268995, 'lag_18': 0.18634199028399068, 'lag_19': 0.839950977495253, 'lag_20': 0.8197073334025247, 'lag_21': 0.9181594265769618, 'lag_22': 0.8743630220170581, 'lag_23': 0.21863028723003697, 'lag_24': 0.32376314432414616, 'lag_25': 0.5092621581587954, 'lag_26': 0.1532368101461002, 'lag_27': 0.3542206271363762, 'lag_28': 0.1779081249693003}. Best is trial 19 with value: 0.005713963476031139.
[I 2025-09-29 13:08:21,837] Trial 45 finished with value: 0.006210051375945146 and parameters: {'lag_0': 0.9091524607115428, 'lag_1': 0.1465604203593401, 'lag_2': 0.8736689257991561, 'lag_3': 0.29760483906528956, 'lag_4': 0.3872760346427826, 'lag_5': 0.837238523066862, 'lag_6': 0.885712987694236, 'lag_7': 0.9589686873117275, 'lag_8': 0.7760822431139944, 'lag_9': 0.8791910469135118, 'lag_10': 0.6381734950765121, 'lag_11': 0.10270263563232787, 'lag_12': 0.004574617964672907, 'lag_13': 0.42325863368975025, 'lag_14': 0.2934958680467006, 'lag_15': 0.19687056070053344, 'lag_16': 0.7989400243884971, 'lag_17': 0.7606774122663449, 'lag_18': 0.15466752847127369, 'lag_19': 0.6945309275007103, 'lag_20': 0.7035434106292018, 'lag_21': 0.642385916471548, 'lag_22': 0.9581631518778975, 'lag_23': 0.34948102712951923, 'lag_24': 0.27719006794297885, 'lag_25': 0.6268297966258599, 'lag_26': 0.2061034294834021, 'lag_27': 0.43760599275539847, 'lag_28': 0.3118790927897538}. Best is trial 19 with value: 0.005713963476031139.
[I 2025-09-29 13:08:24,334] Trial 46 finished with value: 0.007564630789959106 and parameters: {'lag_0': 0.7322931185541988, 'lag_1': 0.04984961103521074, 'lag_2': 0.783682137455338, 'lag_3': 0.2553861271913144, 'lag_4': 0.2105407190227233, 'lag_5': 0.7751351982876531, 'lag_6': 0.9492493248536522, 'lag_7': 0.011794824728167785, 'lag_8': 0.8305200718482391, 'lag_9': 0.9606270222576068, 'lag_10': 0.46673136793160147, 'lag_11': 0.21096943238662352, 'lag_12': 0.21505492651871216, 'lag_13': 0.6323002895004557, 'lag_14': 0.5072245913343723, 'lag_15': 0.3431110823208979, 'lag_16': 0.9063093269881497, 'lag_17': 0.5689475298435778, 'lag_18': 0.056623799039924316, 'lag_19': 0.7825235493987317, 'lag_20': 0.6616538246626197, 'lag_21': 0.7027298732812324, 'lag_22': 0.6610992985436093, 'lag_23': 0.2350396976136674, 'lag_24': 0.18076269544830645, 'lag_25': 0.5595014398483888, 'lag_26': 0.10026651780784535, 'lag_27': 0.8607907647341, 'lag_28': 0.055822187599996145}. Best is trial 19 with value: 0.005713963476031139.
[I 2025-09-29 13:08:26,834] Trial 47 finished with value: 0.0077748823891408995 and parameters: {'lag_0': 0.824065096227324, 'lag_1': 0.25033177637224036, 'lag_2': 0.47058900831003175, 'lag_3': 0.13824414307600408, 'lag_4': 0.6592089108254153, 'lag_5': 0.7416964252146107, 'lag_6': 0.6457345599738816, 'lag_7': 0.7262016366051378, 'lag_8': 0.8895160154053797, 'lag_9': 0.7839295489970958, 'lag_10': 0.7242583265829741, 'lag_11': 0.5046489180225068, 'lag_12': 0.06672756645930386, 'lag_13': 0.5529159244567129, 'lag_14': 0.045016545325314745, 'lag_15': 0.5457529272301199, 'lag_16': 0.8141389173076232, 'lag_17': 0.7144225636963997, 'lag_18': 0.9550914487937978, 'lag_19': 0.6608000935897234, 'lag_20': 0.4843604518586786, 'lag_21': 0.830200022788716, 'lag_22': 0.8793169453669131, 'lag_23': 0.44582453484914575, 'lag_24': 0.0066337027819457495, 'lag_25': 0.7838134751225949, 'lag_26': 0.3446780591433956, 'lag_27': 0.4823915881834267, 'lag_28': 0.14954326758048292}. Best is trial 19 with value: 0.005713963476031139.
[I 2025-09-29 13:08:29,327] Trial 48 finished with value: 0.007073606011905908 and parameters: {'lag_0': 0.9039571972523379, 'lag_1': 0.42532244984914536, 'lag_2': 0.9413663515812343, 'lag_3': 0.19655040056668413, 'lag_4': 0.4801907686429473, 'lag_5': 0.5277905402073606, 'lag_6': 0.5809748990726408, 'lag_7': 0.9491685633148139, 'lag_8': 0.9583547543613263, 'lag_9': 0.6904272229481707, 'lag_10': 0.5352899515908407, 'lag_11': 0.31111972332583326, 'lag_12': 0.11628430905954056, 'lag_13': 0.36935605253397485, 'lag_14': 0.17128011790658604, 'lag_15': 0.6000652896140304, 'lag_16': 0.0036313648914088614, 'lag_17': 0.8515136197464072, 'lag_18': 0.25574260036866364, 'lag_19': 0.8606759868010226, 'lag_20': 0.5993595742855046, 'lag_21': 0.9378983695519426, 'lag_22': 0.7878182488666868, 'lag_23': 0.36240607430923594, 'lag_24': 0.5314160178037388, 'lag_25': 0.4846308979487629, 'lag_26': 0.23841499631283128, 'lag_27': 0.27390045786736517, 'lag_28': 0.23625503313737278}. Best is trial 19 with value: 0.005713963476031139.
[I 2025-09-29 13:08:31,816] Trial 49 finished with value: 0.007451288433313527 and parameters: {'lag_0': 0.6793886771930127, 'lag_1': 0.05963939180783571, 'lag_2': 0.8779660674584024, 'lag_3': 0.0674302267080254, 'lag_4': 0.34764607669182185, 'lag_5': 0.912917993092709, 'lag_6': 0.43920894540684724, 'lag_7': 0.8722769009012717, 'lag_8': 0.6762899484338591, 'lag_9': 0.2203881952255835, 'lag_10': 0.7832458748489807, 'lag_11': 0.04781852699279643, 'lag_12': 0.3729517633590287, 'lag_13': 0.4559711951765755, 'lag_14': 0.2188068031453666, 'lag_15': 0.4906839144813636, 'lag_16': 0.5894612551203464, 'lag_17': 0.9392078124637626, 'lag_18': 0.03436864891038177, 'lag_19': 0.7943345839743039, 'lag_20': 0.9330817546771573, 'lag_21': 0.7805773729148047, 'lag_22': 0.7067724057372292, 'lag_23': 0.41803135644986256, 'lag_24': 0.11435355470911379, 'lag_25': 0.6962264917598906, 'lag_26': 0.31964007288849705, 'lag_27': 0.3890742443760636, 'lag_28': 0.5373669409981889}. Best is trial 19 with value: 0.005713963476031139.
[I 2025-09-29 13:08:34,312] Trial 50 finished with value: 0.008067005369765809 and parameters: {'lag_0': 0.615491445868362, 'lag_1': 0.10490781798826385, 'lag_2': 0.7896804595848766, 'lag_3': 0.3294837950829605, 'lag_4': 0.564446351142746, 'lag_5': 0.6939898759283679, 'lag_6': 0.8265309683964916, 'lag_7': 0.49652575858740755, 'lag_8': 0.7205998362308019, 'lag_9': 0.8212329871495391, 'lag_10': 0.5801413557832376, 'lag_11': 0.6829491982982672, 'lag_12': 0.15092684270569942, 'lag_13': 0.7381289006585394, 'lag_14': 0.7643812692528875, 'lag_15': 0.43975421711653107, 'lag_16': 0.6931155244351992, 'lag_17': 0.6037803163321103, 'lag_18': 0.19974891960341978, 'lag_19': 0.5456240360111655, 'lag_20': 0.7974748553889185, 'lag_21': 0.7242706648306785, 'lag_22': 0.9924736823533007, 'lag_23': 0.12887720040749767, 'lag_24': 0.3578684259057957, 'lag_25': 0.3824085358540549, 'lag_26': 0.1777464618844587, 'lag_27': 0.2406953157276875, 'lag_28': 0.3502860114059703}. Best is trial 19 with value: 0.005713963476031139.
[I 2025-09-29 13:08:36,806] Trial 51 finished with value: 0.0068971118185286685 and parameters: {'lag_0': 0.931298515928476, 'lag_1': 0.15911566989875006, 'lag_2': 0.8609282035477466, 'lag_3': 0.2933931857987441, 'lag_4': 0.41591475385667787, 'lag_5': 0.8230028791137992, 'lag_6': 0.9063663616174831, 'lag_7': 0.943775905278914, 'lag_8': 0.7686860501246253, 'lag_9': 0.8962420907930626, 'lag_10': 0.6149716323919998, 'lag_11': 0.1133601226133184, 'lag_12': 0.006304761954787266, 'lag_13': 0.4332766533956379, 'lag_14': 0.2824551815724769, 'lag_15': 0.19470058640136834, 'lag_16': 0.7805571760575347, 'lag_17': 0.7631750009409144, 'lag_18': 0.1277800406078568, 'lag_19': 0.7070040804474299, 'lag_20': 0.7099631714439927, 'lag_21': 0.6607541399049687, 'lag_22': 0.9498951033538107, 'lag_23': 0.3635772282472475, 'lag_24': 0.28500860699499425, 'lag_25': 0.6373735025125497, 'lag_26': 0.210392003462943, 'lag_27': 0.40108124198841066, 'lag_28': 0.2991321989477261}. Best is trial 19 with value: 0.005713963476031139.
[I 2025-09-29 13:08:39,301] Trial 52 finished with value: 0.0065586172213448314 and parameters: {'lag_0': 0.904207710923591, 'lag_1': 0.13508982360022231, 'lag_2': 0.8888483611312676, 'lag_3': 0.9907203057806332, 'lag_4': 0.38816098672490423, 'lag_5': 0.8584864439642351, 'lag_6': 0.8934943459757452, 'lag_7': 0.9663803171114697, 'lag_8': 0.8578871688700799, 'lag_9': 0.8759980461113517, 'lag_10': 0.6485122992304405, 'lag_11': 0.06984822359781076, 'lag_12': 0.054164431796762086, 'lag_13': 0.26487699245331525, 'lag_14': 0.3909502000021557, 'lag_15': 0.25175910930890333, 'lag_16': 0.8634642375705815, 'lag_17': 0.7643035154460208, 'lag_18': 0.15599249564406742, 'lag_19': 0.4688139091655418, 'lag_20': 0.8558624088227248, 'lag_21': 0.6339700232813655, 'lag_22': 0.9522540923819113, 'lag_23': 0.3460808226690242, 'lag_24': 0.23949235968629146, 'lag_25': 0.6166756779754649, 'lag_26': 0.1054528237105774, 'lag_27': 0.46213229211148443, 'lag_28': 0.32396754636088626}. Best is trial 19 with value: 0.005713963476031139.
[I 2025-09-29 13:08:41,797] Trial 53 finished with value: 0.006991694224685173 and parameters: {'lag_0': 0.843267770031882, 'lag_1': 0.22239811614383914, 'lag_2': 0.9985837272913015, 'lag_3': 0.26022300095358325, 'lag_4': 0.28344830285732525, 'lag_5': 0.8064600481468382, 'lag_6': 0.9567759049355824, 'lag_7': 0.9617115664045959, 'lag_8': 0.749415758266772, 'lag_9': 0.9546835995219853, 'lag_10': 0.6378720166918009, 'lag_11': 0.0035697586771494677, 'lag_12': 0.006703013338138459, 'lag_13': 0.4235061024614222, 'lag_14': 0.5269111770224568, 'lag_15': 0.1973858824135072, 'lag_16': 0.7362512017634326, 'lag_17': 0.6538913209214656, 'lag_18': 0.2478245298297218, 'lag_19': 0.7468665964122417, 'lag_20': 0.7108203923369325, 'lag_21': 0.5522613724107133, 'lag_22': 0.8607612364819857, 'lag_23': 0.16871057875083156, 'lag_24': 0.2885729675259262, 'lag_25': 0.6849077770339893, 'lag_26': 0.3935002098004597, 'lag_27': 0.42704736524986664, 'lag_28': 0.19037757252882193}. Best is trial 19 with value: 0.005713963476031139.
[I 2025-09-29 13:08:44,296] Trial 54 finished with value: 0.006981635329204899 and parameters: {'lag_0': 0.7701095876022815, 'lag_1': 0.0011922248459630413, 'lag_2': 0.9155519805163781, 'lag_3': 0.3046535081315473, 'lag_4': 0.4833091818910543, 'lag_5': 0.4566065032979522, 'lag_6': 0.7584725794775536, 'lag_7': 0.8371705146862353, 'lag_8': 0.6498702212610914, 'lag_9': 0.962242992980985, 'lag_10': 0.7061368973623079, 'lag_11': 0.13485734870543273, 'lag_12': 0.13073721058883667, 'lag_13': 0.5206126427187282, 'lag_14': 0.09159807770874341, 'lag_15': 0.3657422113495786, 'lag_16': 0.9423626808209673, 'lag_17': 0.5218495747519668, 'lag_18': 0.11322319813381287, 'lag_19': 0.6129651417539095, 'lag_20': 0.7842082532172712, 'lag_21': 0.6267353603606892, 'lag_22': 0.9223735466495888, 'lag_23': 0.5149880919643683, 'lag_24': 0.08327459568937862, 'lag_25': 0.5687972721724472, 'lag_26': 0.262233646694209, 'lag_27': 0.35912529802050547, 'lag_28': 0.4069741614408473}. Best is trial 19 with value: 0.005713963476031139.
[I 2025-09-29 13:08:46,797] Trial 55 finished with value: 0.007727278814459257 and parameters: {'lag_0': 0.7854184576596256, 'lag_1': 0.33375092119400135, 'lag_2': 0.7485632335104775, 'lag_3': 0.19148544723126476, 'lag_4': 0.38943887201077765, 'lag_5': 0.6305061652192698, 'lag_6': 0.8705304924160457, 'lag_7': 0.9028689241909575, 'lag_8': 0.8076107424348005, 'lag_9': 0.8812608790628822, 'lag_10': 0.4268488583635184, 'lag_11': 0.23677711279933542, 'lag_12': 0.29842673260085584, 'lag_13': 0.6280864562020998, 'lag_14': 0.24054579339105323, 'lag_15': 0.11364449958778439, 'lag_16': 0.836694186971126, 'lag_17': 0.8506879539118496, 'lag_18': 0.004496552890938449, 'lag_19': 0.2430457189468957, 'lag_20': 0.6468446050977915, 'lag_21': 0.8206931577245641, 'lag_22': 0.8178621746343457, 'lag_23': 0.09678895744753307, 'lag_24': 0.17513306593180328, 'lag_25': 0.45745099915140497, 'lag_26': 0.4712520545798945, 'lag_27': 0.5597242564048587, 'lag_28': 0.23946930083812384}. Best is trial 19 with value: 0.005713963476031139.
[I 2025-09-29 13:08:49,293] Trial 56 finished with value: 0.006614429417799094 and parameters: {'lag_0': 0.7274141978881569, 'lag_1': 0.08801192508607772, 'lag_2': 0.9400816076318754, 'lag_3': 0.459488631952244, 'lag_4': 0.44543430054376426, 'lag_5': 0.7751505413913887, 'lag_6': 0.955118437887222, 'lag_7': 0.6445708944945373, 'lag_8': 0.9417034986534258, 'lag_9': 0.9884103699608735, 'lag_10': 0.4996067217245601, 'lag_11': 0.29012910622513816, 'lag_12': 0.2065733575833386, 'lag_13': 0.3726875633535077, 'lag_14': 0.31293457236417715, 'lag_15': 0.31762587708770584, 'lag_16': 0.8854327086820587, 'lag_17': 0.712955375488545, 'lag_18': 0.16474911801969264, 'lag_19': 0.6784466724267558, 'lag_20': 0.7322557852705575, 'lag_21': 0.47164759688572777, 'lag_22': 0.1258530138668637, 'lag_23': 0.5935100818693523, 'lag_24': 0.249719355049468, 'lag_25': 0.3211692402980536, 'lag_26': 0.20634665729826934, 'lag_27': 0.5073831528617634, 'lag_28': 0.1280422917330295}. Best is trial 19 with value: 0.005713963476031139.
[I 2025-09-29 13:08:51,798] Trial 57 finished with value: 0.006907058940115632 and parameters: {'lag_0': 0.8870680041353022, 'lag_1': 0.24100684027265834, 'lag_2': 0.7936936620156271, 'lag_3': 0.39644106063734674, 'lag_4': 0.3267532804161615, 'lag_5': 0.8410087879102164, 'lag_6': 0.7603588414489271, 'lag_7': 0.995612784562183, 'lag_8': 0.8820627967539639, 'lag_9': 0.6167989992742648, 'lag_10': 0.5658809351511324, 'lag_11': 0.3811104240650388, 'lag_12': 0.0809212371779369, 'lag_13': 0.4761509264801889, 'lag_14': 0.5888145303519554, 'lag_15': 0.25930423855637363, 'lag_16': 0.7716271223327267, 'lag_17': 0.8901164342387857, 'lag_18': 0.06956184834131876, 'lag_19': 0.8121019396133051, 'lag_20': 0.42846559503033077, 'lag_21': 0.7483050042980326, 'lag_22': 0.7761855141047711, 'lag_23': 0.5517005224397313, 'lag_24': 0.31818140562955866, 'lag_25': 0.525116372722814, 'lag_26': 0.31883770774510106, 'lag_27': 0.3067965388696826, 'lag_28': 0.9168034324917109}. Best is trial 19 with value: 0.005713963476031139.
[I 2025-09-29 13:08:54,298] Trial 58 finished with value: 0.00742614335897121 and parameters: {'lag_0': 0.8219412982379134, 'lag_1': 0.17077315058538872, 'lag_2': 0.6917067341862195, 'lag_3': 0.604227852493526, 'lag_4': 0.35861017299567455, 'lag_5': 0.9100027456232396, 'lag_6': 0.8294327210585926, 'lag_7': 0.5708030803514076, 'lag_8': 0.993262120880413, 'lag_9': 0.8228249912367194, 'lag_10': 0.6350210158241376, 'lag_11': 0.20739701586017706, 'lag_12': 0.05636490316859083, 'lag_13': 0.5821542668616578, 'lag_14': 0.4533710071287504, 'lag_15': 0.44528582834176744, 'lag_16': 0.6118134718449069, 'lag_17': 0.44260351323368474, 'lag_18': 0.20928294975217654, 'lag_19': 0.7616096960575301, 'lag_20': 0.6737841288216712, 'lag_21': 0.7833736803586654, 'lag_22': 0.907290505256404, 'lag_23': 0.3336043304534172, 'lag_24': 0.45396820883304817, 'lag_25': 0.6192352852207414, 'lag_26': 0.5482218681115538, 'lag_27': 0.9733936688800597, 'lag_28': 0.2072783145387455}. Best is trial 19 with value: 0.005713963476031139.
[I 2025-09-29 13:08:56,801] Trial 59 finished with value: 0.005203501960903691 and parameters: {'lag_0': 0.9361568594340567, 'lag_1': 0.4141230711625779, 'lag_2': 0.8620794303204021, 'lag_3': 0.23539249472513707, 'lag_4': 0.4973270726733776, 'lag_5': 0.7397938067364567, 'lag_6': 0.995210355692909, 'lag_7': 0.898008063248348, 'lag_8': 0.8256392694572309, 'lag_9': 0.9269184754326215, 'lag_10': 0.7660279715497066, 'lag_11': 0.04434578073089666, 'lag_12': 0.0008746087357430102, 'lag_13': 0.3299633779107062, 'lag_14': 0.12802255933676568, 'lag_15': 0.3725222173743581, 'lag_16': 0.8174236816421692, 'lag_17': 0.7785144145149312, 'lag_18': 0.2976567821031668, 'lag_19': 0.9452739352520301, 'lag_20': 0.6201239348616765, 'lag_21': 0.8799973942605722, 'lag_22': 0.7148078634204962, 'lag_23': 0.26598601672227706, 'lag_24': 0.2062937241486635, 'lag_25': 0.7728445966576938, 'lag_26': 0.9945618482507237, 'lag_27': 0.15409130616472655, 'lag_28': 0.15984455545997953}. Best is trial 59 with value: 0.005203501960903691.
[I 2025-09-29 13:08:59,297] Trial 60 finished with value: 0.007177431598247436 and parameters: {'lag_0': 0.9479399312827381, 'lag_1': 0.41744194844864485, 'lag_2': 0.09288988865526482, 'lag_3': 0.2372895917452963, 'lag_4': 0.748644730841569, 'lag_5': 0.6562749933145458, 'lag_6': 0.9961816500233576, 'lag_7': 0.7127926021119647, 'lag_8': 0.8517236123064073, 'lag_9': 0.9224889763081026, 'lag_10': 0.784090013306159, 'lag_11': 0.04266539478533775, 'lag_12': 0.1387047262826081, 'lag_13': 0.911497941909022, 'lag_14': 0.0005413508475397982, 'lag_15': 0.38328078308513436, 'lag_16': 0.9575252629070452, 'lag_17': 0.7929110096794341, 'lag_18': 0.29353148060196993, 'lag_19': 0.945457596395017, 'lag_20': 0.6159299874655155, 'lag_21': 0.9535104602253925, 'lag_22': 0.6691098617513644, 'lag_23': 0.25850532598045906, 'lag_24': 0.36672861181858685, 'lag_25': 0.8694041391315892, 'lag_26': 0.9642109647979984, 'lag_27': 0.14223178456848762, 'lag_28': 0.03531219643606434}. Best is trial 59 with value: 0.005203501960903691.
[I 2025-09-29 13:09:01,798] Trial 61 finished with value: 0.006947833132622065 and parameters: {'lag_0': 0.9860095829493966, 'lag_1': 0.39224554077888363, 'lag_2': 0.8759572479381124, 'lag_3': 0.1664604252263341, 'lag_4': 0.4933528054947914, 'lag_5': 0.7181853016959044, 'lag_6': 0.9391596048025043, 'lag_7': 0.881493541444652, 'lag_8': 0.7634628279359901, 'lag_9': 0.742646018234554, 'lag_10': 0.7385121047734302, 'lag_11': 0.08122863148671, 'lag_12': 0.0062302939739885335, 'lag_13': 0.22536948778709825, 'lag_14': 0.057706770619399064, 'lag_15': 0.4188214155596368, 'lag_16': 0.8035654859348467, 'lag_17': 0.6591539570041439, 'lag_18': 0.342279441099707, 'lag_19': 0.9731484679051458, 'lag_20': 0.5686295332465074, 'lag_21': 0.860272275146837, 'lag_22': 0.6249362930125688, 'lag_23': 0.19646463861982225, 'lag_24': 0.21023993871865293, 'lag_25': 0.8191183629181691, 'lag_26': 0.4508951711285889, 'lag_27': 0.02696000949265212, 'lag_28': 0.26738835562361774}. Best is trial 59 with value: 0.005203501960903691.
