[I 2025-09-29 13:23:04,888] Trial 24 finished with value: 0.005045584257383144 and parameters: {'lag_0': 0.49519039649139696, 'lag_1': 0.41749069315116116, 'lag_2': 0.6099047919732581, 'lag_3': 0.46498298434863905, 'lag_4': 0.10542725745604536, 'lag_5': 0.9987632983569183, 'lag_6': 0.8663384853727832, 'lag_7': 0.15968594191901153, 'lag_8': 0.7182535440980731, 'lag_9': 0.5378812412658289, 'lag_10': 0.4300895814187159, 'lag_11': 0.4451343514308423, 'lag_12': 0.9320516565202894, 'lag_13': 0.33626032463524724, 'lag_14': 0.5863838521986595, 'lag_15': 0.3485538688639393, 'lag_16': 0.00032777365493913933, 'lag_17': 0.8346707379304483, 'lag_18': 0.07904006473437515, 'lag_19': 0.34115461289189297, 'lag_20': 0.6910486874940962, 'lag_21': 0.3066947688799454, 'lag_22': 0.12254408276736023, 'lag_23': 0.8528968417929143, 'lag_24': 0.8687978414825198, 'lag_25': 0.25639878744074174, 'lag_26': 0.5466415055938545, 'lag_27': 0.39479754333313577, 'lag_28': 0.7707420659546734}. Best is trial 20 with value: 0.004898677599398006.
[I 2025-09-29 13:23:07,283] Trial 25 finished with value: 0.0059574023378893785 and parameters: {'lag_0': 0.6750368769994163, 'lag_1': 0.711702867062171, 'lag_2': 0.46591604089760047, 'lag_3': 0.16935789166739573, 'lag_4': 0.34985271911063237, 'lag_5': 0.22336971996452493, 'lag_6': 0.35282619573872237, 'lag_7': 0.34686001612297457, 'lag_8': 0.4246328704610697, 'lag_9': 0.38413602130877506, 'lag_10': 0.726363048851251, 'lag_11': 0.14565930490316037, 'lag_12': 0.7655160168568786, 'lag_13': 0.6871555028127212, 'lag_14': 0.7739435663598753, 'lag_15': 0.7756816570076157, 'lag_16': 0.2775491648164009, 'lag_17': 0.934090406072239, 'lag_18': 0.07601371439548896, 'lag_19': 0.005491113246156892, 'lag_20': 0.8812587497685207, 'lag_21': 0.905326771217491, 'lag_22': 0.21685574783979247, 'lag_23': 0.6876331111282253, 'lag_24': 0.7895189292213864, 'lag_25': 0.5787116155048834, 'lag_26': 0.8722307272545943, 'lag_27': 0.0538432958294348, 'lag_28': 0.6440015698325278}. Best is trial 20 with value: 0.004898677599398006.
[I 2025-09-29 13:23:09,682] Trial 26 finished with value: 0.006536475511513229 and parameters: {'lag_0': 0.8758116185516557, 'lag_1': 0.8645920977996853, 'lag_2': 0.3376045669930012, 'lag_3': 0.3189310377662229, 'lag_4': 0.4699295558206363, 'lag_5': 0.01283671965650296, 'lag_6': 0.6452589773826248, 'lag_7': 0.6004216420314179, 'lag_8': 0.6029745861593516, 'lag_9': 0.4930046611610356, 'lag_10': 0.8046695880460686, 'lag_11': 0.6819280128867165, 'lag_12': 0.32376134651255795, 'lag_13': 0.8685545067326278, 'lag_14': 0.9049248696356964, 'lag_15': 0.6449553784033144, 'lag_16': 0.4567940721782783, 'lag_17': 0.8157449808684683, 'lag_18': 0.3086033065878087, 'lag_19': 0.5648497766257501, 'lag_20': 0.563451594407209, 'lag_21': 0.5925238229908294, 'lag_22': 0.37184302441069306, 'lag_23': 0.5725200339971837, 'lag_24': 0.5408296620063567, 'lag_25': 0.06088045080680991, 'lag_26': 0.7220558237535739, 'lag_27': 0.22295169930351544, 'lag_28': 0.9368082426025818}. Best is trial 20 with value: 0.004898677599398006.
[I 2025-09-29 13:23:12,088] Trial 27 finished with value: 0.005179184323579891 and parameters: {'lag_0': 0.7959058770031165, 'lag_1': 0.5668720492146839, 'lag_2': 0.07310210251433578, 'lag_3': 0.6950950411649851, 'lag_4': 0.19430320930450426, 'lag_5': 0.8534249699981616, 'lag_6': 0.7497454723160961, 'lag_7': 0.028977728256771945, 'lag_8': 0.2427020447462117, 'lag_9': 0.29450988997750427, 'lag_10': 0.5565746085405587, 'lag_11': 0.011039930276239035, 'lag_12': 0.9699000131765707, 'lag_13': 0.5765032934787384, 'lag_14': 0.10936070030657544, 'lag_15': 0.2214419944050423, 'lag_16': 0.5673229306355911, 'lag_17': 0.6384637850907908, 'lag_18': 0.21543259114616026, 'lag_19': 0.43821859277486835, 'lag_20': 0.7255931630447876, 'lag_21': 0.08048594584918678, 'lag_22': 0.2436015280373436, 'lag_23': 0.28930160741687494, 'lag_24': 0.6785306261046026, 'lag_25': 0.1173161471676713, 'lag_26': 0.4366087213905324, 'lag_27': 0.34347577568645915, 'lag_28': 0.4767671332121988}. Best is trial 20 with value: 0.004898677599398006.
[I 2025-09-29 13:23:14,488] Trial 28 finished with value: 0.005473653140960051 and parameters: {'lag_0': 0.003434673227653229, 'lag_1': 0.6807607567867768, 'lag_2': 0.22440846057074018, 'lag_3': 0.5963727847776021, 'lag_4': 0.39939451022498473, 'lag_5': 0.7062347612228344, 'lag_6': 0.49425070946939137, 'lag_7': 0.17532811017245162, 'lag_8': 0.8413337297183576, 'lag_9': 0.6961887518458927, 'lag_10': 0.4448968684519503, 'lag_11': 0.34207153831006876, 'lag_12': 0.6260955596636119, 'lag_13': 0.4826150770085391, 'lag_14': 0.4098707066124194, 'lag_15': 0.4312089249965393, 'lag_16': 0.1601214339085909, 'lag_17': 0.44825390303783275, 'lag_18': 0.438179418602337, 'lag_19': 0.09703836899890922, 'lag_20': 0.43467574546524335, 'lag_21': 0.26843606412372306, 'lag_22': 0.07503290880976325, 'lag_23': 0.7162871480323348, 'lag_24': 0.1545343155921025, 'lag_25': 0.2467660460408493, 'lag_26': 0.1790750902514039, 'lag_27': 0.4975115990836803, 'lag_28': 0.5585744923643615}. Best is trial 20 with value: 0.004898677599398006.
[I 2025-09-29 13:23:16,878] Trial 29 finished with value: 0.005120580244477375 and parameters: {'lag_0': 0.6332043560968673, 'lag_1': 0.782461270347367, 'lag_2': 0.08473794460520542, 'lag_3': 0.20020416459288876, 'lag_4': 0.5546937008146884, 'lag_5': 0.595654740324572, 'lag_6': 0.7294629955393995, 'lag_7': 0.5969413635295352, 'lag_8': 0.9213193466288959, 'lag_9': 0.21356521482142848, 'lag_10': 0.6642904175509565, 'lag_11': 0.0898985366263132, 'lag_12': 0.2618849558207508, 'lag_13': 0.3225477778498904, 'lag_14': 0.5870848130553662, 'lag_15': 0.5237875406745395, 'lag_16': 0.6968296133505051, 'lag_17': 0.32541298446662514, 'lag_18': 0.12799679791986884, 'lag_19': 0.22221922102352054, 'lag_20': 0.16203114206365288, 'lag_21': 0.17647630922344115, 'lag_22': 0.09319496057537249, 'lag_23': 0.4435889964382875, 'lag_24': 0.42779701356834293, 'lag_25': 0.6698624625531586, 'lag_26': 0.623267602617993, 'lag_27': 0.08593830464623142, 'lag_28': 0.9014582707130787}. Best is trial 20 with value: 0.004898677599398006.
[I 2025-09-29 13:23:19,277] Trial 30 finished with value: 0.005171348777848996 and parameters: {'lag_0': 0.5161674186269941, 'lag_1': 0.5299300669572526, 'lag_2': 0.12780173741446293, 'lag_3': 0.08776889248755998, 'lag_4': 0.24160452584873962, 'lag_5': 0.9301866725410481, 'lag_6': 0.5394010137285576, 'lag_7': 0.44490262356071414, 'lag_8': 0.6797718124400665, 'lag_9': 0.3124721902094364, 'lag_10': 0.2867301344605261, 'lag_11': 0.422396223238401, 'lag_12': 0.1189595770093812, 'lag_13': 0.35044976231478986, 'lag_14': 0.8214693954249442, 'lag_15': 0.8433794105564767, 'lag_16': 0.4009552632875807, 'lag_17': 0.2032784179867555, 'lag_18': 0.06338582516423517, 'lag_19': 0.39965446092656065, 'lag_20': 0.804257355450919, 'lag_21': 0.3972244239490559, 'lag_22': 0.3588134273703778, 'lag_23': 0.9874925405526442, 'lag_24': 0.3190600113118153, 'lag_25': 0.7873759962499688, 'lag_26': 0.3430217615242196, 'lag_27': 0.2001437245162303, 'lag_28': 0.7684817318854076}. Best is trial 20 with value: 0.004898677599398006.
[I 2025-09-29 13:23:21,688] Trial 31 finished with value: 0.004994920988449411 and parameters: {'lag_0': 0.7685063364630486, 'lag_1': 0.1862799353466057, 'lag_2': 0.8606676649809808, 'lag_3': 0.2788406568186371, 'lag_4': 0.0983713810815453, 'lag_5': 0.4359003212133357, 'lag_6': 0.18548003151177556, 'lag_7': 0.10085129990643724, 'lag_8': 0.7851231107467878, 'lag_9': 0.12407316248092705, 'lag_10': 0.4346371495806093, 'lag_11': 0.8592552336184487, 'lag_12': 0.5856021983628958, 'lag_13': 0.5508109278626054, 'lag_14': 0.5178137562509102, 'lag_15': 0.8332682003379064, 'lag_16': 0.5317429682513002, 'lag_17': 0.7725811156458143, 'lag_18': 0.006654241083339563, 'lag_19': 0.7105222480977527, 'lag_20': 0.630677152620546, 'lag_21': 0.541034998319719, 'lag_22': 0.15709716619227987, 'lag_23': 0.24390344258914706, 'lag_24': 0.44268035841263653, 'lag_25': 0.3956923865549811, 'lag_26': 0.29807727968283115, 'lag_27': 0.732539132949992, 'lag_28': 0.16810400471714576}. Best is trial 20 with value: 0.004898677599398006.
[I 2025-09-29 13:23:24,086] Trial 32 finished with value: 0.006058431206125329 and parameters: {'lag_0': 0.9264063084039781, 'lag_1': 0.2321284441116185, 'lag_2': 0.6511323762460874, 'lag_3': 0.44381659297885534, 'lag_4': 0.11341095865092277, 'lag_5': 0.3116340963203029, 'lag_6': 0.2718343684314523, 'lag_7': 0.1030191271216066, 'lag_8': 0.7705217585590012, 'lag_9': 0.14999807552699412, 'lag_10': 0.011631236571367332, 'lag_11': 0.2768653043417464, 'lag_12': 0.5128983468351864, 'lag_13': 0.7113320232323996, 'lag_14': 0.5951777548837254, 'lag_15': 0.5973122377861066, 'lag_16': 0.2608497759003914, 'lag_17': 0.9538726994549523, 'lag_18': 0.056232657839049655, 'lag_19': 0.8460584658569096, 'lag_20': 0.047184279695348, 'lag_21': 0.6941083661027835, 'lag_22': 0.1675199061559436, 'lag_23': 0.062178169709650066, 'lag_24': 0.5167166081908994, 'lag_25': 0.29543709511514377, 'lag_26': 0.012822749784828558, 'lag_27': 0.990136457774873, 'lag_28': 0.11803205795314711}. Best is trial 20 with value: 0.004898677599398006.
[I 2025-09-29 13:23:26,487] Trial 33 finished with value: 0.005301734444921838 and parameters: {'lag_0': 0.7189423082298455, 'lag_1': 0.46182802852605426, 'lag_2': 0.5132720170669309, 'lag_3': 0.32709540953669314, 'lag_4': 0.1411571222643949, 'lag_5': 0.5438636030062672, 'lag_6': 0.047431106675484724, 'lag_7': 0.21871265236765663, 'lag_8': 0.865113761896275, 'lag_9': 0.3802479119296731, 'lag_10': 0.11044053895582379, 'lag_11': 0.49572792066623717, 'lag_12': 0.4273770912258218, 'lag_13': 0.6086788103575497, 'lag_14': 0.4550182604665079, 'lag_15': 0.9313018706026941, 'lag_16': 0.09610343679478338, 'lag_17': 0.9057312252406854, 'lag_18': 0.20229096923471562, 'lag_19': 0.4835132137136188, 'lag_20': 0.9137175084001763, 'lag_21': 0.4827859448283297, 'lag_22': 0.055113156971518584, 'lag_23': 0.6282001913368959, 'lag_24': 0.355080432223872, 'lag_25': 0.41125361125534016, 'lag_26': 0.16843661947664115, 'lag_27': 0.12495102323815893, 'lag_28': 0.301660587139926}. Best is trial 20 with value: 0.004898677599398006.
[I 2025-09-29 13:23:28,889] Trial 34 finished with value: 0.005197458383586055 and parameters: {'lag_0': 0.6514939769135875, 'lag_1': 0.28144894658279085, 'lag_2': 0.3084417593089519, 'lag_3': 0.06407436730340649, 'lag_4': 0.05610606185544051, 'lag_5': 0.4735644425348981, 'lag_6': 0.4250872598985138, 'lag_7': 0.06209842821559129, 'lag_8': 0.7909604277031808, 'lag_9': 0.08804172289230167, 'lag_10': 0.22916207748884115, 'lag_11': 0.17212623681315076, 'lag_12': 0.8795136464937341, 'lag_13': 0.8000790457906701, 'lag_14': 0.25490268302857877, 'lag_15': 0.29338199839805174, 'lag_16': 0.6774535958015397, 'lag_17': 0.5694639044158255, 'lag_18': 0.7757344700121107, 'lag_19': 0.615673295427635, 'lag_20': 0.7675432866059003, 'lag_21': 0.5784809168203958, 'lag_22': 0.45681385991881057, 'lag_23': 0.3789461625334477, 'lag_24': 0.4608044972755456, 'lag_25': 0.5574962243409907, 'lag_26': 0.48855333957657027, 'lag_27': 0.5060637514237183, 'lag_28': 0.10955669512738214}. Best is trial 20 with value: 0.004898677599398006.
[I 2025-09-29 13:23:31,290] Trial 35 finished with value: 0.005232420720481757 and parameters: {'lag_0': 0.35969674100165205, 'lag_1': 0.1093629757697751, 'lag_2': 0.4416970441370395, 'lag_3': 0.23560507706568762, 'lag_4': 0.21398963317084785, 'lag_5': 0.7292900279714243, 'lag_6': 0.27926269476739235, 'lag_7': 0.08819495916522573, 'lag_8': 0.4322425206876442, 'lag_9': 0.6138418883012088, 'lag_10': 0.9214309911372747, 'lag_11': 0.8685275250040018, 'lag_12': 0.10064814394624699, 'lag_13': 0.526849798395191, 'lag_14': 0.7190953037257793, 'lag_15': 0.8922358753588693, 'lag_16': 0.4879313621587396, 'lag_17': 0.6793987545823811, 'lag_18': 0.14502310026278847, 'lag_19': 0.8826590073179004, 'lag_20': 0.6945124772166514, 'lag_21': 0.8037062004579492, 'lag_22': 0.201904669934191, 'lag_23': 0.9046489450165248, 'lag_24': 0.28025464781243004, 'lag_25': 0.3320125938831524, 'lag_26': 0.566504559855911, 'lag_27': 0.7705795073146628, 'lag_28': 0.07089398940590047}. Best is trial 20 with value: 0.004898677599398006.
[I 2025-09-29 13:23:33,688] Trial 36 finished with value: 0.005439280870818414 and parameters: {'lag_0': 0.8392392658110741, 'lag_1': 0.38444905114311384, 'lag_2': 0.5798105077510588, 'lag_3': 0.3740732553076558, 'lag_4': 0.33167951377503757, 'lag_5': 0.37146328236169235, 'lag_6': 0.34614231383927985, 'lag_7': 0.668344165740695, 'lag_8': 0.5854333356996652, 'lag_9': 0.19201826628657775, 'lag_10': 0.5169704612708527, 'lag_11': 0.6126351598392972, 'lag_12': 0.748534327321971, 'lag_13': 0.6530542216708235, 'lag_14': 0.4799804108353966, 'lag_15': 0.35519809491179904, 'lag_16': 0.8682240719542029, 'lag_17': 0.47158588547899233, 'lag_18': 0.043096182775219316, 'lag_19': 0.6965330487515355, 'lag_20': 0.6097738060877118, 'lag_21': 0.46717972925687523, 'lag_22': 0.0044031786861924715, 'lag_23': 0.1136411754663563, 'lag_24': 0.1922718085643385, 'lag_25': 0.19991893750285553, 'lag_26': 0.34837142509777946, 'lag_27': 0.007228752790208227, 'lag_28': 0.3615643529719217}. Best is trial 20 with value: 0.004898677599398006.
[I 2025-09-29 13:23:36,095] Trial 37 finished with value: 0.005699165293735481 and parameters: {'lag_0': 0.5340827742219493, 'lag_1': 0.6364684798682132, 'lag_2': 0.9799077780523464, 'lag_3': 0.008247616183064466, 'lag_4': 0.43288068701172755, 'lag_5': 0.6324427127538403, 'lag_6': 0.11362185114344892, 'lag_7': 0.02628725398552384, 'lag_8': 0.6702677454603067, 'lag_9': 0.49318196276321263, 'lag_10': 0.617038533332586, 'lag_11': 0.487725746595305, 'lag_12': 0.2917946916899528, 'lag_13': 0.49562158580396265, 'lag_14': 0.3041529449852967, 'lag_15': 0.1428147991010629, 'lag_16': 0.2232033773251206, 'lag_17': 0.9999716642246135, 'lag_18': 0.9378777979194, 'lag_19': 0.6036029565078563, 'lag_20': 0.5257577777693601, 'lag_21': 0.16132257190685123, 'lag_22': 0.1196977943081487, 'lag_23': 0.4814175445901431, 'lag_24': 0.6354079906885401, 'lag_25': 0.44218794653913734, 'lag_26': 0.669194404072869, 'lag_27': 0.5044491928047872, 'lag_28': 0.6229092103126932}. Best is trial 20 with value: 0.004898677599398006.
[I 2025-09-29 13:23:38,497] Trial 38 finished with value: 0.004955476613941182 and parameters: {'lag_0': 0.9371987192698724, 'lag_1': 0.13240497721062872, 'lag_2': 0.6983941019871361, 'lag_3': 0.10189269265647238, 'lag_4': 0.6174795602364525, 'lag_5': 0.5052036674252733, 'lag_6': 0.6606580584142483, 'lag_7': 0.30490577333215246, 'lag_8': 0.8900502447449216, 'lag_9': 0.026894168168227553, 'lag_10': 0.08194980805200636, 'lag_11': 0.7096487358402842, 'lag_12': 0.9960408621926142, 'lag_13': 0.3914594246640434, 'lag_14': 0.15014827179021198, 'lag_15': 0.006559191293492361, 'lag_16': 0.339205816059588, 'lag_17': 0.38014661123250204, 'lag_18': 0.2939655662891872, 'lag_19': 0.48075697636822434, 'lag_20': 0.7837143008878891, 'lag_21': 0.4321332298984854, 'lag_22': 0.2804419901491964, 'lag_23': 0.652558598802884, 'lag_24': 0.554615915652077, 'lag_25': 0.6255060375769024, 'lag_26': 0.7728495699612301, 'lag_27': 0.2519719290905976, 'lag_28': 0.2092445427172489}. Best is trial 20 with value: 0.004898677599398006.
[I 2025-09-29 13:23:40,901] Trial 39 finished with value: 0.005204989337066981 and parameters: {'lag_0': 0.960533679414589, 'lag_1': 0.12708490346739473, 'lag_2': 0.7138763359922848, 'lag_3': 0.12120128618932097, 'lag_4': 0.6400154064665464, 'lag_5': 0.5314118303509093, 'lag_6': 0.7763756977586074, 'lag_7': 0.29562362010691184, 'lag_8': 0.9116531802970443, 'lag_9': 0.048253390150741086, 'lag_10': 0.05715413429595324, 'lag_11': 0.7171871943450276, 'lag_12': 0.80596355132321, 'lag_13': 0.25401605055923326, 'lag_14': 0.15703614093066437, 'lag_15': 0.0579729077890702, 'lag_16': 0.22096024300595918, 'lag_17': 0.3754448012430499, 'lag_18': 0.3575489969054141, 'lag_19': 0.2911146300905656, 'lag_20': 0.8093679273788748, 'lag_21': 0.3595947098652813, 'lag_22': 0.7021549606386375, 'lag_23': 0.6670939338548366, 'lag_24': 0.543412081737358, 'lag_25': 0.6332532064915862, 'lag_26': 0.7877764136229924, 'lag_27': 0.2610720568780808, 'lag_28': 0.5086783654397462}. Best is trial 20 with value: 0.004898677599398006.
[I 2025-09-29 13:23:43,457] Trial 40 finished with value: 0.005801399339809608 and parameters: {'lag_0': 0.14199556890201553, 'lag_1': 0.045635028256593296, 'lag_2': 0.392991445013455, 'lag_3': 0.07667090557336936, 'lag_4': 0.7632947284214304, 'lag_5': 0.8167127163116011, 'lag_6': 0.6811301644438167, 'lag_7': 0.3491512989521925, 'lag_8': 0.8275740476250271, 'lag_9': 0.5727785491653077, 'lag_10': 0.7466369571811825, 'lag_11': 0.5409872749893255, 'lag_12': 0.9868713141778342, 'lag_13': 0.07974080524803984, 'lag_14': 0.07852381785994543, 'lag_15': 0.12516713093241438, 'lag_16': 0.12664975765331657, 'lag_17': 0.5072202602789748, 'lag_18': 0.31475858952181135, 'lag_19': 0.4942574550835699, 'lag_20': 0.38259052937906546, 'lag_21': 0.21782923904523588, 'lag_22': 0.28567464586913444, 'lag_23': 0.5750506158291702, 'lag_24': 0.7495534831526025, 'lag_25': 0.87333184860412, 'lag_26': 0.8905675377096852, 'lag_27': 0.2680493270549864, 'lag_28': 0.19191151340953796}. Best is trial 20 with value: 0.004898677599398006.
[I 2025-09-29 13:23:45,867] Trial 41 finished with value: 0.005345226582853459 and parameters: {'lag_0': 0.852911085994007, 'lag_1': 0.24840091745103732, 'lag_2': 0.8326935999135261, 'lag_3': 0.20619934176612492, 'lag_4': 0.7695799361388691, 'lag_5': 0.4645722281595689, 'lag_6': 0.6244259532472471, 'lag_7': 0.21349641852617762, 'lag_8': 0.9901024960779297, 'lag_9': 0.03375995645083876, 'lag_10': 0.171266944619559, 'lag_11': 0.7954017386591752, 'lag_12': 0.9375398714753436, 'lag_13': 0.3820033467280605, 'lag_14': 0.20577738033496132, 'lag_15': 0.0006958134298145164, 'lag_16': 0.5935477361454039, 'lag_17': 0.38342929806986586, 'lag_18': 0.11717932640803193, 'lag_19': 0.6817336291858048, 'lag_20': 0.7319562890988822, 'lag_21': 0.5310379251739719, 'lag_22': 0.15138346951305662, 'lag_23': 0.7308432962853841, 'lag_24': 0.40328697998164775, 'lag_25': 0.5292151694401785, 'lag_26': 0.7365638001055066, 'lag_27': 0.45825263810549033, 'lag_28': 0.23201733068665265}. Best is trial 20 with value: 0.004898677599398006.
[I 2025-09-29 13:23:48,280] Trial 42 finished with value: 0.005853698735430575 and parameters: {'lag_0': 0.9116824379255521, 'lag_1': 0.14601156076104393, 'lag_2': 0.7603647375944991, 'lag_3': 0.6550102082868203, 'lag_4': 0.6168509568343262, 'lag_5': 0.3915021686525182, 'lag_6': 0.5735876745492056, 'lag_7': 0.15445931070701732, 'lag_8': 0.7365145077325725, 'lag_9': 0.019122294847445293, 'lag_10': 0.08487000523750342, 'lag_11': 0.36779532218055666, 'lag_12': 0.8344329359284004, 'lag_13': 0.2384702111304553, 'lag_14': 0.18436660973571428, 'lag_15': 0.2371354581778857, 'lag_16': 0.3376500001776276, 'lag_17': 0.8033192454989887, 'lag_18': 0.2765873216962858, 'lag_19': 0.40704604713246106, 'lag_20': 0.7878460363040487, 'lag_21': 0.4409730865275911, 'lag_22': 0.24104442497784906, 'lag_23': 0.6454775057413098, 'lag_24': 0.48546503369317917, 'lag_25': 0.6298882015376139, 'lag_26': 0.7931329048669279, 'lag_27': 0.5797541692028974, 'lag_28': 0.033046378064753225}. Best is trial 20 with value: 0.004898677599398006.
[I 2025-09-29 13:23:50,694] Trial 43 finished with value: 0.005076390915303991 and parameters: {'lag_0': 0.7656164566030675, 'lag_1': 0.06313187917602538, 'lag_2': 0.9481569383534934, 'lag_3': 0.5466581964275515, 'lag_4': 0.9403218164816496, 'lag_5': 0.18361823942005207, 'lag_6': 0.9179034476805916, 'lag_7': 0.004412591218104153, 'lag_8': 0.9070831325306101, 'lag_9': 0.10424846974741957, 'lag_10': 0.200046011315351, 'lag_11': 0.9244565120366024, 'lag_12': 0.554625070125042, 'lag_13': 0.6200634861408881, 'lag_14': 0.6326288234841435, 'lag_15': 0.6255395887851877, 'lag_16': 0.5050953119047206, 'lag_17': 0.10687372894651936, 'lag_18': 0.510672317937706, 'lag_19': 0.7573574797380653, 'lag_20': 0.6439986167782172, 'lag_21': 0.28065720926081217, 'lag_22': 0.577424530711705, 'lag_23': 0.8338382290181354, 'lag_24': 0.5502034857237921, 'lag_25': 0.34034832044094865, 'lag_26': 0.4886959550598968, 'lag_27': 0.3477294138150728, 'lag_28': 0.1115709101520175}. Best is trial 20 with value: 0.004898677599398006.
[I 2025-09-29 13:23:53,102] Trial 44 finished with value: 0.006203222511818862 and parameters: {'lag_0': 0.9994170092461596, 'lag_1': 0.5243537274640337, 'lag_2': 0.5623758390885766, 'lag_3': 0.8152372741156989, 'lag_4': 0.2628943234236505, 'lag_5': 0.6299031999810938, 'lag_6': 0.39781025756762833, 'lag_7': 0.779426275537964, 'lag_8': 0.8618833948080348, 'lag_9': 0.44557360369257376, 'lag_10': 0.2865494259777315, 'lag_11': 0.8386497326746147, 'lag_12': 0.9092724067136924, 'lag_13': 0.474010901025276, 'lag_14': 0.07263219689067207, 'lag_15': 0.5233555534418299, 'lag_16': 0.45380579188484754, 'lag_17': 0.20907250373545946, 'lag_18': 0.1846654898080547, 'lag_19': 0.06164420665334654, 'lag_20': 0.9362472546917943, 'lag_21': 0.6353527725213768, 'lag_22': 0.1133774573423339, 'lag_23': 0.29392736119689744, 'lag_24': 0.6730261000857638, 'lag_25': 0.07143032879824321, 'lag_26': 0.26573588347009236, 'lag_27': 0.6432170622534598, 'lag_28': 0.2499305991702098}. Best is trial 20 with value: 0.004898677599398006.
