2025-09-29 13:18:04,200 - distributed.nanny - INFO -         Start Nanny at: 'tcp://192.168.86.107:44075'
2025-09-29 13:18:05,521 - distributed.worker - INFO -       Start worker at: tcp://192.168.86.107:38422
2025-09-29 13:18:05,521 - distributed.worker - INFO -          Listening to: tcp://192.168.86.107:38422
2025-09-29 13:18:05,521 - distributed.worker - INFO -           Worker name:             SLURMCluster-5
2025-09-29 13:18:05,521 - distributed.worker - INFO -          dashboard at:       192.168.86.107:39218
2025-09-29 13:18:05,522 - distributed.worker - INFO - Waiting to connect to: tcp://192.168.86.101:42031
2025-09-29 13:18:05,522 - distributed.worker - INFO - -------------------------------------------------
2025-09-29 13:18:05,522 - distributed.worker - INFO -               Threads:                          1
2025-09-29 13:18:05,522 - distributed.worker - INFO -                Memory:                   9.31 GiB
2025-09-29 13:18:05,522 - distributed.worker - INFO -       Local Directory: /home1/zrentala/dask-worker-space/dask-scratch-space/worker-wikavomq
2025-09-29 13:18:05,522 - distributed.worker - INFO - -------------------------------------------------
2025-09-29 13:18:05,811 - distributed.worker - INFO - Starting Worker plugin shuffle
2025-09-29 13:18:05,812 - distributed.worker - INFO -         Registered to: tcp://192.168.86.101:42031
2025-09-29 13:18:05,812 - distributed.worker - INFO - -------------------------------------------------
2025-09-29 13:18:05,812 - distributed.core - INFO - Starting established connection to tcp://192.168.86.101:42031
[I 2025-09-29 13:18:05,898] A new study created in memory with name: no-name-36557493-20d7-4cbb-a956-d22332607e8b
[I 2025-09-29 13:18:08,262] Trial 0 finished with value: 0.0030865117851784397 and parameters: {'lag_0': 0.7289244765962252, 'lag_1': 0.417236982369131, 'lag_2': 0.22938471679937816, 'lag_3': 0.6116201428292304, 'lag_4': 0.4114942969879719, 'lag_5': 0.02981756648073128, 'lag_6': 0.10767631901869142, 'lag_7': 0.31323814714134784, 'lag_8': 0.9079455430055253, 'lag_9': 0.8472381871838105, 'lag_10': 0.544196481345405, 'lag_11': 0.10755551075348545, 'lag_12': 0.7661641887658888, 'lag_13': 0.25306132140032084, 'lag_14': 0.0639195558407269, 'lag_15': 0.43469456836529385, 'lag_16': 0.13608047748272598, 'lag_17': 0.8691470105235436, 'lag_18': 0.18338611772502303, 'lag_19': 0.2086256922385442, 'lag_20': 0.4999397627814979, 'lag_21': 0.35158272745966135, 'lag_22': 0.44884840402692966, 'lag_23': 0.9834583800116087, 'lag_24': 0.8228457237697653, 'lag_25': 0.9698507883135655, 'lag_26': 0.9374489203880254, 'lag_27': 0.8646570593195229, 'lag_28': 0.10891723965460354}. Best is trial 0 with value: 0.0030865117851784397.
[I 2025-09-29 13:18:10,602] Trial 1 finished with value: 0.00211901770799704 and parameters: {'lag_0': 0.6436072079453468, 'lag_1': 0.3022015200584864, 'lag_2': 0.6725108955970683, 'lag_3': 0.2605182756817996, 'lag_4': 0.4265036190947117, 'lag_5': 0.9870993401336663, 'lag_6': 0.6945010201932639, 'lag_7': 0.9992746309600001, 'lag_8': 0.635869417085741, 'lag_9': 0.23060229487185394, 'lag_10': 0.18380754369883043, 'lag_11': 0.33872163438129144, 'lag_12': 0.7203135707634074, 'lag_13': 0.5555434549568987, 'lag_14': 0.2091036093373765, 'lag_15': 0.4815819116640615, 'lag_16': 0.6867904761231566, 'lag_17': 0.15838219343785895, 'lag_18': 0.5692252071504984, 'lag_19': 0.3649942729425908, 'lag_20': 0.6332292874327871, 'lag_21': 0.6500026957765805, 'lag_22': 0.4957668653509335, 'lag_23': 0.9104632271544116, 'lag_24': 0.33839581709202926, 'lag_25': 0.19408318068435174, 'lag_26': 0.6095114898304157, 'lag_27': 0.5952599836016942, 'lag_28': 0.4545337379552143}. Best is trial 1 with value: 0.00211901770799704.
[I 2025-09-29 13:18:12,938] Trial 2 finished with value: 0.0017810992977945416 and parameters: {'lag_0': 0.6899152301813997, 'lag_1': 0.07927930422989736, 'lag_2': 0.7502166315497688, 'lag_3': 0.9600474279164413, 'lag_4': 0.07364204177515808, 'lag_5': 0.15797682322522338, 'lag_6': 0.8314693733369501, 'lag_7': 0.3883388531671772, 'lag_8': 0.40847562211947164, 'lag_9': 0.5972835246055507, 'lag_10': 0.44973239637618995, 'lag_11': 0.11379377869588383, 'lag_12': 0.6711568470168318, 'lag_13': 0.6692305249926681, 'lag_14': 0.37107282395507835, 'lag_15': 0.4113588666409482, 'lag_16': 0.11243985200855577, 'lag_17': 0.41969223706457487, 'lag_18': 0.1358947076439146, 'lag_19': 0.6111346212300393, 'lag_20': 0.01998495806949213, 'lag_21': 0.5475947889242551, 'lag_22': 0.47467986535842616, 'lag_23': 0.85640046551465, 'lag_24': 0.7360302326306912, 'lag_25': 0.013510889380285383, 'lag_26': 0.7304932780435986, 'lag_27': 0.6512661742109036, 'lag_28': 0.5884773295195752}. Best is trial 2 with value: 0.0017810992977945416.
[I 2025-09-29 13:18:15,261] Trial 3 finished with value: 0.0018740191910597166 and parameters: {'lag_0': 0.8904924062673698, 'lag_1': 0.5976812580975093, 'lag_2': 0.2587145784998471, 'lag_3': 0.5901968553433791, 'lag_4': 0.7461880312223419, 'lag_5': 0.09850318661757158, 'lag_6': 0.8681905894625424, 'lag_7': 0.2588785415412829, 'lag_8': 0.018555093286499003, 'lag_9': 0.9653334223811147, 'lag_10': 0.11244505493766545, 'lag_11': 0.015510284263557536, 'lag_12': 0.8452081075109633, 'lag_13': 0.15361205935515573, 'lag_14': 0.1896870114355689, 'lag_15': 0.08283068416551277, 'lag_16': 0.2329904657053842, 'lag_17': 0.7499199463771175, 'lag_18': 0.24001540846576105, 'lag_19': 0.6096333259500993, 'lag_20': 0.7642623603489241, 'lag_21': 0.4638462991625944, 'lag_22': 0.1769783685482807, 'lag_23': 0.061757723728196386, 'lag_24': 0.36170448540405525, 'lag_25': 0.9048961644563593, 'lag_26': 0.5146527175391835, 'lag_27': 0.1153875631828874, 'lag_28': 0.9484688037676823}. Best is trial 2 with value: 0.0017810992977945416.
[I 2025-09-29 13:18:17,590] Trial 4 finished with value: 0.0014770357673794903 and parameters: {'lag_0': 0.47970545802837444, 'lag_1': 0.020450453144233598, 'lag_2': 0.4225701692028884, 'lag_3': 0.17803636393293706, 'lag_4': 0.5985850429711147, 'lag_5': 0.6653164597455454, 'lag_6': 0.4548885784794833, 'lag_7': 0.03550210463840617, 'lag_8': 0.6971953418471758, 'lag_9': 0.640187651102814, 'lag_10': 0.17713824654839683, 'lag_11': 0.6357875907008224, 'lag_12': 0.5475197147251364, 'lag_13': 0.7429084622599502, 'lag_14': 0.7221394958986992, 'lag_15': 0.4202959939594642, 'lag_16': 0.3458856334933188, 'lag_17': 0.4276033889492302, 'lag_18': 0.8576645946224026, 'lag_19': 0.3855913617673614, 'lag_20': 0.39303286484539124, 'lag_21': 0.4995680409171511, 'lag_22': 0.058360301301307746, 'lag_23': 0.12381991777846518, 'lag_24': 0.0782328691215348, 'lag_25': 0.8789532380230024, 'lag_26': 0.5024108021339562, 'lag_27': 0.16486263821455316, 'lag_28': 0.9325261190589151}. Best is trial 4 with value: 0.0014770357673794903.
[I 2025-09-29 13:18:19,923] Trial 5 finished with value: 0.0014633305018106016 and parameters: {'lag_0': 0.6664733580672995, 'lag_1': 0.5674669241290177, 'lag_2': 0.2889282442386406, 'lag_3': 0.7760724046254841, 'lag_4': 0.2594904268309354, 'lag_5': 0.591197512401322, 'lag_6': 0.5101163466787174, 'lag_7': 0.8633080201839056, 'lag_8': 0.8963467150714072, 'lag_9': 0.8711425550310351, 'lag_10': 0.12021934350416862, 'lag_11': 0.1106890861458821, 'lag_12': 0.8258600697114121, 'lag_13': 0.5670690595618003, 'lag_14': 0.2726208975830729, 'lag_15': 0.044958156262245245, 'lag_16': 0.7771346461622081, 'lag_17': 0.48420608288903894, 'lag_18': 0.9433052644983776, 'lag_19': 0.4564629374856424, 'lag_20': 0.9280738308778004, 'lag_21': 0.5951828878907619, 'lag_22': 0.8783592488862162, 'lag_23': 0.6059644954702552, 'lag_24': 0.9680593644185022, 'lag_25': 0.03613766353128083, 'lag_26': 0.5428429051654164, 'lag_27': 0.921641578462437, 'lag_28': 0.6267743516157736}. Best is trial 5 with value: 0.0014633305018106016.
[I 2025-09-29 13:18:22,252] Trial 6 finished with value: 0.0014774426971050016 and parameters: {'lag_0': 0.48818092547178454, 'lag_1': 0.7510386603852783, 'lag_2': 0.4645391192554383, 'lag_3': 0.012435485146517421, 'lag_4': 0.685159977362971, 'lag_5': 0.34090250501486496, 'lag_6': 0.031925985706511256, 'lag_7': 0.5931161215628797, 'lag_8': 0.10736173791451399, 'lag_9': 0.18119180062688614, 'lag_10': 0.20765383528254666, 'lag_11': 0.9516869097544349, 'lag_12': 0.1536853068535641, 'lag_13': 0.3940696393051663, 'lag_14': 0.647279274762953, 'lag_15': 0.06360879987708824, 'lag_16': 0.9791115232525471, 'lag_17': 0.42589092417021573, 'lag_18': 0.04594664056624747, 'lag_19': 0.05592060614679076, 'lag_20': 0.5342274121186524, 'lag_21': 0.3096044264992422, 'lag_22': 0.7575175365660661, 'lag_23': 0.17396498334118835, 'lag_24': 0.17960351647406264, 'lag_25': 0.5292645828931836, 'lag_26': 0.9253682397529055, 'lag_27': 0.9030133943695621, 'lag_28': 0.5104227894114479}. Best is trial 5 with value: 0.0014633305018106016.
[I 2025-09-29 13:18:24,584] Trial 7 finished with value: 0.0019217831808481822 and parameters: {'lag_0': 0.049955372551399875, 'lag_1': 0.339980053434988, 'lag_2': 0.5352143690452084, 'lag_3': 0.8766724483758608, 'lag_4': 0.20665290157137967, 'lag_5': 0.2532506231731119, 'lag_6': 0.3482140389461791, 'lag_7': 0.04578200597155618, 'lag_8': 0.31494756321107387, 'lag_9': 0.9786838145426132, 'lag_10': 0.8793001446424181, 'lag_11': 0.8102373062015652, 'lag_12': 0.9731385874282442, 'lag_13': 0.7399731133424574, 'lag_14': 0.06037805932661734, 'lag_15': 0.2456082275821753, 'lag_16': 0.669688700503627, 'lag_17': 0.49724102555406, 'lag_18': 0.061367596498589, 'lag_19': 0.4828868358591234, 'lag_20': 0.13992159279171815, 'lag_21': 0.003598202970838507, 'lag_22': 0.9091062068755265, 'lag_23': 0.4745873313024078, 'lag_24': 0.7010786712290005, 'lag_25': 0.05469426529859097, 'lag_26': 0.6675111641497735, 'lag_27': 0.7453411313905077, 'lag_28': 0.7135953750273901}. Best is trial 5 with value: 0.0014633305018106016.
[I 2025-09-29 13:18:26,913] Trial 8 finished with value: 0.0015205827080450303 and parameters: {'lag_0': 0.24971084866334944, 'lag_1': 0.7201472115546625, 'lag_2': 0.7899794439103107, 'lag_3': 0.4020190275650042, 'lag_4': 0.6691466284135971, 'lag_5': 0.9819356304011441, 'lag_6': 0.6378602009671338, 'lag_7': 0.28066889594877475, 'lag_8': 0.961967914153938, 'lag_9': 0.15524737730633892, 'lag_10': 0.6726385149130879, 'lag_11': 0.617793980970298, 'lag_12': 0.14184788917399488, 'lag_13': 0.690580513547113, 'lag_14': 0.4048152436402364, 'lag_15': 0.18918370974133264, 'lag_16': 0.4083961237515092, 'lag_17': 0.23057439323255183, 'lag_18': 0.6179740266744922, 'lag_19': 0.5164567548309198, 'lag_20': 0.5375865748457713, 'lag_21': 0.3348132291241527, 'lag_22': 0.6807041376185015, 'lag_23': 0.13146987073139826, 'lag_24': 0.975154468864129, 'lag_25': 0.822479953487925, 'lag_26': 0.16991555323434882, 'lag_27': 0.160200750888297, 'lag_28': 0.890211807562569}. Best is trial 5 with value: 0.0014633305018106016.
[I 2025-09-29 13:18:29,243] Trial 9 finished with value: 0.0020170232942505377 and parameters: {'lag_0': 0.9041365696693185, 'lag_1': 0.6982774670709279, 'lag_2': 0.4231952229508452, 'lag_3': 0.4258614378449096, 'lag_4': 0.5401331258852377, 'lag_5': 0.19987304762152536, 'lag_6': 0.04605572356367339, 'lag_7': 0.34733762417220854, 'lag_8': 0.655493222049398, 'lag_9': 0.12536997879901202, 'lag_10': 0.41076057728817184, 'lag_11': 0.8526824433095483, 'lag_12': 0.37764417702701747, 'lag_13': 0.3695592526639914, 'lag_14': 0.8095441004464003, 'lag_15': 0.6040395152655872, 'lag_16': 0.2823300807567634, 'lag_17': 0.6297355218504564, 'lag_18': 0.7701970473650888, 'lag_19': 0.046744873310659005, 'lag_20': 0.5129756757438824, 'lag_21': 0.09960298907041086, 'lag_22': 0.1659785654792723, 'lag_23': 0.005273593263272607, 'lag_24': 0.5865599218727421, 'lag_25': 0.8926372958665301, 'lag_26': 0.4973016539442963, 'lag_27': 0.3399478161345732, 'lag_28': 0.2342172555315659}. Best is trial 5 with value: 0.0014633305018106016.
[I 2025-09-29 13:18:31,629] Trial 10 finished with value: 0.0019411554746454698 and parameters: {'lag_0': 0.30304026646335447, 'lag_1': 0.9531897674324101, 'lag_2': 0.013459265643881058, 'lag_3': 0.7649327955802158, 'lag_4': 0.2352230530606139, 'lag_5': 0.6451390517068474, 'lag_6': 0.2962075804951129, 'lag_7': 0.931805790485411, 'lag_8': 0.8299788944952329, 'lag_9': 0.42127803318812457, 'lag_10': 0.015214109582246504, 'lag_11': 0.32430267436935334, 'lag_12': 0.3863120248164142, 'lag_13': 0.5030325497979371, 'lag_14': 0.9312798340169417, 'lag_15': 0.9347657973781642, 'lag_16': 0.8547165291163926, 'lag_17': 0.25716632156037844, 'lag_18': 0.9852972461354774, 'lag_19': 0.8538368590477394, 'lag_20': 0.952759069534801, 'lag_21': 0.9965668836058169, 'lag_22': 0.9945366474326913, 'lag_23': 0.6417478753902823, 'lag_24': 0.9521899000306925, 'lag_25': 0.3645406876602941, 'lag_26': 0.22564196346581245, 'lag_27': 0.426077006039634, 'lag_28': 0.3184362552609517}. Best is trial 5 with value: 0.0014633305018106016.
[I 2025-09-29 13:18:34,104] Trial 11 finished with value: 0.003855629811599296 and parameters: {'lag_0': 0.4393380109135309, 'lag_1': 0.01985560758684191, 'lag_2': 0.976576696918571, 'lag_3': 0.1254907191973938, 'lag_4': 0.9741408111790848, 'lag_5': 0.6403889047045889, 'lag_6': 0.4635866083136681, 'lag_7': 0.6889588684397558, 'lag_8': 0.7078473764689892, 'lag_9': 0.6899022288554394, 'lag_10': 0.3030467295780549, 'lag_11': 0.5923143874108073, 'lag_12': 0.5879110357883928, 'lag_13': 0.8232084689834205, 'lag_14': 0.6246347235520617, 'lag_15': 0.7149365556031775, 'lag_16': 0.5328941606018335, 'lag_17': 0.027317092236112506, 'lag_18': 0.9925709423961677, 'lag_19': 0.33011505639790373, 'lag_20': 0.2846810596297074, 'lag_21': 0.7684263225321177, 'lag_22': 0.008702667016328249, 'lag_23': 0.4414188895581983, 'lag_24': 0.052576171251129844, 'lag_25': 0.6749543540507263, 'lag_26': 0.3156005499652048, 'lag_27': 0.2684648128084479, 'lag_28': 0.7656074075079771}. Best is trial 5 with value: 0.0014633305018106016.
[I 2025-09-29 13:18:36,498] Trial 12 finished with value: 0.001634866122361731 and parameters: {'lag_0': 0.6051718857658732, 'lag_1': 0.1914795026560957, 'lag_2': 0.19221713557151154, 'lag_3': 0.7402068618318274, 'lag_4': 0.2783603902307805, 'lag_5': 0.54406926214897, 'lag_6': 0.5348125054928728, 'lag_7': 0.7810320765762858, 'lag_8': 0.7970568136517061, 'lag_9': 0.7488474548865743, 'lag_10': 0.019371531574950113, 'lag_11': 0.37056192539544086, 'lag_12': 0.454478100551712, 'lag_13': 0.979407010690609, 'lag_14': 0.5862381987058234, 'lag_15': 0.32575723353378155, 'lag_16': 0.48335820165308674, 'lag_17': 0.593352385122079, 'lag_18': 0.8148657207906445, 'lag_19': 0.8479919342356774, 'lag_20': 0.9603067120076616, 'lag_21': 0.7702267823877954, 'lag_22': 0.2875465810459941, 'lag_23': 0.28524833447806563, 'lag_24': 0.45507683573720026, 'lag_25': 0.362848395172909, 'lag_26': 0.0044953241676240485, 'lag_27': 0.03797982844197187, 'lag_28': 0.7395157435063048}. Best is trial 5 with value: 0.0014633305018106016.
[I 2025-09-29 13:18:38,891] Trial 13 finished with value: 0.0014441981437015982 and parameters: {'lag_0': 0.3331306100775313, 'lag_1': 0.4973128729595609, 'lag_2': 0.36996784833728386, 'lag_3': 0.3349110606482085, 'lag_4': 0.04797201009035107, 'lag_5': 0.7914342255774447, 'lag_6': 0.2673488520838508, 'lag_7': 0.013871312623164277, 'lag_8': 0.524988672576509, 'lag_9': 0.43517787586813383, 'lag_10': 0.2956485826225856, 'lag_11': 0.5057765938726366, 'lag_12': 0.9359421491807055, 'lag_13': 0.8944462539145958, 'lag_14': 0.824626971765159, 'lag_15': 0.8034030809754287, 'lag_16': 0.7012106523762751, 'lag_17': 0.34817749343274534, 'lag_18': 0.398246150797837, 'lag_19': 0.24143567605537286, 'lag_20': 0.35716274731804964, 'lag_21': 0.589898956057002, 'lag_22': 0.7331417960615378, 'lag_23': 0.6690872694817134, 'lag_24': 0.16685744875387476, 'lag_25': 0.684679118552753, 'lag_26': 0.3646875509325299, 'lag_27': 0.5028899923683745, 'lag_28': 0.9465790283494248}. Best is trial 13 with value: 0.0014441981437015982.
[I 2025-09-29 13:18:41,282] Trial 14 finished with value: 0.001614946043769793 and parameters: {'lag_0': 0.293084003621344, 'lag_1': 0.553409045328862, 'lag_2': 0.3026844597965502, 'lag_3': 0.36790792815148965, 'lag_4': 0.0034019871059736, 'lag_5': 0.830535606895028, 'lag_6': 0.22320378251189646, 'lag_7': 0.8203795845080768, 'lag_8': 0.5030305754713149, 'lag_9': 0.38285400059822755, 'lag_10': 0.33216782682707513, 'lag_11': 0.49829594906201813, 'lag_12': 0.9421120480242235, 'lag_13': 0.9752735893940849, 'lag_14': 0.9789961269063268, 'lag_15': 0.915360095802408, 'lag_16': 0.7490438973152358, 'lag_17': 0.3426156816436747, 'lag_18': 0.392210026899354, 'lag_19': 0.22472118385998452, 'lag_20': 0.8058922295086606, 'lag_21': 0.7397186558243178, 'lag_22': 0.725724266198558, 'lag_23': 0.6687132898274456, 'lag_24': 0.25724039822310696, 'lag_25': 0.6383172927811444, 'lag_26': 0.3701266556866625, 'lag_27': 0.9632553397276542, 'lag_28': 0.5901338987324916}. Best is trial 13 with value: 0.0014441981437015982.
[I 2025-09-29 13:18:43,678] Trial 15 finished with value: 0.0016861761291656785 and parameters: {'lag_0': 0.09146349100312393, 'lag_1': 0.4909397828243067, 'lag_2': 0.034975601703174986, 'lag_3': 0.519713650617359, 'lag_4': 0.119384547651817, 'lag_5': 0.7949574075594403, 'lag_6': 0.1926031366768724, 'lag_7': 0.5152082698058528, 'lag_8': 0.2435835407483003, 'lag_9': 0.517325240771808, 'lag_10': 0.6290630410925964, 'lag_11': 0.2130564460730976, 'lag_12': 0.8434732464691762, 'lag_13': 0.8590378405425902, 'lag_14': 0.45308414142729797, 'lag_15': 0.7861882379806501, 'lag_16': 0.8711370477317548, 'lag_17': 0.9630883140883674, 'lag_18': 0.3909899892399479, 'lag_19': 0.7025549495642919, 'lag_20': 0.32566630512933603, 'lag_21': 0.9340399019865924, 'lag_22': 0.8110161262983517, 'lag_23': 0.7046295621067751, 'lag_24': 0.5430451277522118, 'lag_25': 0.35233453114048796, 'lag_26': 0.7915027085990616, 'lag_27': 0.5316078630434717, 'lag_28': 0.8255166844700332}. Best is trial 13 with value: 0.0014441981437015982.
[I 2025-09-29 13:18:46,080] Trial 16 finished with value: 0.0016847836621414036 and parameters: {'lag_0': 0.1921333584595204, 'lag_1': 0.9029122082516909, 'lag_2': 0.5971170089518871, 'lag_3': 0.7142547022843153, 'lag_4': 0.35072881456253424, 'lag_5': 0.49864626319877303, 'lag_6': 0.9881708173352571, 'lag_7': 0.1461875464994612, 'lag_8': 0.5378587514614881, 'lag_9': 0.40353239017723225, 'lag_10': 0.3128811634853528, 'lag_11': 0.48360918624372895, 'lag_12': 0.896687296918087, 'lag_13': 0.008512767702726243, 'lag_14': 0.2643183926608157, 'lag_15': 0.6409625260069295, 'lag_16': 0.6090640631641836, 'lag_17': 0.6577312744651724, 'lag_18': 0.3908291118611067, 'lag_19': 0.1963526666845869, 'lag_20': 0.17194701076962743, 'lag_21': 0.6053784435961348, 'lag_22': 0.6327644480255873, 'lag_23': 0.7702118810874462, 'lag_24': 0.176751787174243, 'lag_25': 0.7148531242018954, 'lag_26': 0.35665560393976065, 'lag_27': 0.7868568595479046, 'lag_28': 0.9970847549071585}. Best is trial 13 with value: 0.0014441981437015982.
[I 2025-09-29 13:18:48,472] Trial 17 finished with value: 0.0019509714523263852 and parameters: {'lag_0': 0.7913439613335356, 'lag_1': 0.8226204615751274, 'lag_2': 0.15192058500099187, 'lag_3': 0.2912534211288431, 'lag_4': 0.12187569417294114, 'lag_5': 0.8299340979892278, 'lag_6': 0.3318209054475971, 'lag_7': 0.5008474523951351, 'lag_8': 0.39062860983022285, 'lag_9': 0.7934800794439839, 'lag_10': 0.9986434665705044, 'lag_11': 0.23032201384214596, 'lag_12': 0.9805715212499714, 'lag_13': 0.5875710495294557, 'lag_14': 0.8655069571809615, 'lag_15': 0.8300583033067741, 'lag_16': 0.7870848565089841, 'lag_17': 0.052517196272060085, 'lag_18': 0.6606078941169873, 'lag_19': 0.9873669332966999, 'lag_20': 0.7344285757184934, 'lag_21': 0.8414650519139149, 'lag_22': 0.8534132570506251, 'lag_23': 0.35985592023551294, 'lag_24': 0.818700331780051, 'lag_25': 0.21501071149389264, 'lag_26': 0.14885393990739934, 'lag_27': 0.4438431550487521, 'lag_28': 0.35994173976217747}. Best is trial 13 with value: 0.0014441981437015982.
[I 2025-09-29 13:18:50,872] Trial 18 finished with value: 0.001304818825466001 and parameters: {'lag_0': 0.39584767454580766, 'lag_1': 0.6058212954828545, 'lag_2': 0.3361639237887345, 'lag_3': 0.8253154297004851, 'lag_4': 0.19918554319445725, 'lag_5': 0.4110701212725797, 'lag_6': 0.5852408054574302, 'lag_7': 0.6632803641144259, 'lag_8': 0.2190619550692967, 'lag_9': 0.013255432668943967, 'lag_10': 0.09646824220413495, 'lag_11': 0.7302243391135583, 'lag_12': 0.002513893050309135, 'lag_13': 0.8730626068974114, 'lag_14': 0.5277605436678754, 'lag_15': 0.9999815941477823, 'lag_16': 0.9918995700670715, 'lag_17': 0.2837363264522993, 'lag_18': 0.49798277017484516, 'lag_19': 0.2974087347619152, 'lag_20': 0.38882449123441626, 'lag_21': 0.6450267642702939, 'lag_22': 0.6088775766317672, 'lag_23': 0.583320112618708, 'lag_24': 0.4461498391720858, 'lag_25': 0.5092332438247624, 'lag_26': 0.44724854770042594, 'lag_27': 0.999537667612015, 'lag_28': 0.6200047461942164}. Best is trial 18 with value: 0.001304818825466001.
