[I 2025-09-29 13:19:43,886] Trial 40 finished with value: 0.0012675763137226053 and parameters: {'lag_0': 0.4936619756937423, 'lag_1': 0.34320105205567786, 'lag_2': 0.4389228660031267, 'lag_3': 0.8406651619163495, 'lag_4': 0.33960356002105446, 'lag_5': 0.11954312946698514, 'lag_6': 0.584682453289874, 'lag_7': 0.8757358295658245, 'lag_8': 0.14007040582145255, 'lag_9': 0.16245160969218292, 'lag_10': 0.5220920894091448, 'lag_11': 0.9172991915593393, 'lag_12': 0.1204663094009839, 'lag_13': 0.6081469603203647, 'lag_14': 0.7840998370469309, 'lag_15': 0.49825103013063937, 'lag_16': 0.36353125023743654, 'lag_17': 0.004062762530252395, 'lag_18': 0.7770568893780382, 'lag_19': 0.18739227542111506, 'lag_20': 0.5049570502074519, 'lag_21': 0.38942744234094245, 'lag_22': 0.6073514677353729, 'lag_23': 0.6016860973387541, 'lag_24': 0.5708612719541788, 'lag_25': 0.8359690136881095, 'lag_26': 0.744579010937905, 'lag_27': 0.8101344008148039, 'lag_28': 0.030837838595803857}. Best is trial 40 with value: 0.0012675763137226053.
[I 2025-09-29 13:19:46,301] Trial 41 finished with value: 0.0015775793099071568 and parameters: {'lag_0': 0.4732375011124664, 'lag_1': 0.37998020163883445, 'lag_2': 0.4125683654309568, 'lag_3': 0.8259585106326277, 'lag_4': 0.349903474805715, 'lag_5': 0.10551525109172677, 'lag_6': 0.5956392665845641, 'lag_7': 0.8572665056938021, 'lag_8': 0.121845555620437, 'lag_9': 0.15433232495338667, 'lag_10': 0.5041956236732829, 'lag_11': 0.9231204891346017, 'lag_12': 0.10806967235664675, 'lag_13': 0.6042402150956037, 'lag_14': 0.7984031248141084, 'lag_15': 0.4506741776048057, 'lag_16': 0.32020693283703183, 'lag_17': 0.16819166448664508, 'lag_18': 0.7579976171911619, 'lag_19': 0.18699464874225621, 'lag_20': 0.49764203298718473, 'lag_21': 0.37450006187347445, 'lag_22': 0.6162796202166818, 'lag_23': 0.6014018177410294, 'lag_24': 0.5666968856937346, 'lag_25': 0.9990801560843104, 'lag_26': 0.7191183878242838, 'lag_27': 0.8134295322315603, 'lag_28': 0.02307199433218095}. Best is trial 40 with value: 0.0012675763137226053.
[I 2025-09-29 13:19:48,725] Trial 42 finished with value: 0.0016253684751564544 and parameters: {'lag_0': 0.5062348183051726, 'lag_1': 0.2714317306908943, 'lag_2': 0.4963086222917622, 'lag_3': 0.7052615405475985, 'lag_4': 0.21217099211682494, 'lag_5': 0.22423492337092493, 'lag_6': 0.714254487540988, 'lag_7': 0.9118388759315001, 'lag_8': 0.08095139305066053, 'lag_9': 0.06742383831027728, 'lag_10': 0.7550939651504072, 'lag_11': 0.8611356670573901, 'lag_12': 0.24073445003490862, 'lag_13': 0.5354997627163322, 'lag_14': 0.6940802863895735, 'lag_15': 0.46729878115386025, 'lag_16': 0.18248912495813424, 'lag_17': 0.45606568118559554, 'lag_18': 0.6423602129933923, 'lag_19': 0.2901531300360262, 'lag_20': 0.5355397145010063, 'lag_21': 0.27977115824559273, 'lag_22': 0.545587869320407, 'lag_23': 0.9303908816538213, 'lag_24': 0.6216332328020351, 'lag_25': 0.8587704067011124, 'lag_26': 0.8850973621254543, 'lag_27': 0.8994187200160446, 'lag_28': 0.39603186220876657}. Best is trial 40 with value: 0.0012675763137226053.
[I 2025-09-29 13:19:51,144] Trial 43 finished with value: 0.0021067440938858373 and parameters: {'lag_0': 0.40322071349851274, 'lag_1': 0.3494647055047757, 'lag_2': 0.30713477610017254, 'lag_3': 0.9499421399548652, 'lag_4': 0.2585051816610378, 'lag_5': 0.15610749621893294, 'lag_6': 0.4905385902799982, 'lag_7': 0.7697008954773853, 'lag_8': 0.002095634657463763, 'lag_9': 0.25885180933264523, 'lag_10': 0.5807069906802418, 'lag_11': 0.9564384064094691, 'lag_12': 0.0728158205219353, 'lag_13': 0.4395857046408732, 'lag_14': 0.6365352557771374, 'lag_15': 0.38169340818260256, 'lag_16': 0.3902748933192936, 'lag_17': 0.021644270643674607, 'lag_18': 0.8596128254938997, 'lag_19': 0.087442282080863, 'lag_20': 0.6262266524601926, 'lag_21': 0.4674546773759606, 'lag_22': 0.41471181900171095, 'lag_23': 0.504534508066627, 'lag_24': 0.4962185748587809, 'lag_25': 0.937406362960949, 'lag_26': 0.6270151714357742, 'lag_27': 0.9987315188399043, 'lag_28': 0.07914155905964776}. Best is trial 40 with value: 0.0012675763137226053.
[I 2025-09-29 13:19:53,568] Trial 44 finished with value: 0.002034599777134879 and parameters: {'lag_0': 0.278324761064083, 'lag_1': 0.5797552229055909, 'lag_2': 0.4316589703005878, 'lag_3': 0.8487597527679619, 'lag_4': 0.14636536757221386, 'lag_5': 0.44738087863338977, 'lag_6': 0.6593624047567321, 'lag_7': 0.6869163247387037, 'lag_8': 0.1485946755698161, 'lag_9': 0.001306014383313325, 'lag_10': 0.42752682530022806, 'lag_11': 0.8215479726254356, 'lag_12': 0.0005808398809880294, 'lag_13': 0.7261775537776498, 'lag_14': 0.00029719013497481184, 'lag_15': 0.35150641289464607, 'lag_16': 0.26665721259693076, 'lag_17': 0.2821821285720629, 'lag_18': 0.10521861471792618, 'lag_19': 0.3940783023251575, 'lag_20': 0.42278122316968536, 'lag_21': 0.5561236311037536, 'lag_22': 0.6726895377092963, 'lag_23': 0.595334427042381, 'lag_24': 0.7362119889142146, 'lag_25': 0.8227023619427699, 'lag_26': 0.7429630595544053, 'lag_27': 0.6995503534577582, 'lag_28': 0.1700412418686688}. Best is trial 40 with value: 0.0012675763137226053.
[I 2025-09-29 13:19:55,991] Trial 45 finished with value: 0.0021046023072445207 and parameters: {'lag_0': 0.6137839593278616, 'lag_1': 0.5256138320752545, 'lag_2': 0.5264625479195438, 'lag_3': 0.754795606169224, 'lag_4': 0.299527399661575, 'lag_5': 0.05327236473714454, 'lag_6': 0.5915152813073621, 'lag_7': 0.615716528757668, 'lag_8': 0.04142241011088242, 'lag_9': 0.15485180573729077, 'lag_10': 0.24899303361293063, 'lag_11': 0.8752376715113722, 'lag_12': 0.17832340147450754, 'lag_13': 0.33495505625158384, 'lag_14': 0.3942011323824375, 'lag_15': 0.509378997104858, 'lag_16': 0.35225355786518375, 'lag_17': 0.10714103310566139, 'lag_18': 0.7832305869595255, 'lag_19': 0.517964617896221, 'lag_20': 0.8575336285556621, 'lag_21': 0.4047519765211761, 'lag_22': 0.875603534643038, 'lag_23': 0.8065005187969093, 'lag_24': 0.3457076646184222, 'lag_25': 0.7457710429891219, 'lag_26': 0.8550832601352022, 'lag_27': 0.9324874174967681, 'lag_28': 0.5741939433298071}. Best is trial 40 with value: 0.0012675763137226053.
[I 2025-09-29 13:19:58,414] Trial 46 finished with value: 0.001657728224997939 and parameters: {'lag_0': 0.024892212818396875, 'lag_1': 0.31245954482620475, 'lag_2': 0.33626337418234536, 'lag_3': 0.7802525692271554, 'lag_4': 0.23880184537560023, 'lag_5': 0.3089004014459388, 'lag_6': 0.5436412405389792, 'lag_7': 0.5559912530114611, 'lag_8': 0.24259442185934366, 'lag_9': 0.1085161449733168, 'lag_10': 0.5341400524762979, 'lag_11': 0.7830081271651116, 'lag_12': 0.189383962034678, 'lag_13': 0.6373107945107573, 'lag_14': 0.9052320444185644, 'lag_15': 0.284646512360878, 'lag_16': 0.47003614901962715, 'lag_17': 0.00315910373740548, 'lag_18': 0.9123198652600317, 'lag_19': 0.144728093784004, 'lag_20': 0.4902171673214089, 'lag_21': 0.4801432550259952, 'lag_22': 0.3208648069574395, 'lag_23': 0.43044013450138335, 'lag_24': 0.05783122658763078, 'lag_25': 0.8331246746379183, 'lag_26': 0.47407530333265724, 'lag_27': 0.7711734404058889, 'lag_28': 0.0431835027389765}. Best is trial 40 with value: 0.0012675763137226053.
[I 2025-09-29 13:20:00,831] Trial 47 finished with value: 0.0016113884995802893 and parameters: {'lag_0': 0.46552873010816787, 'lag_1': 0.11073641411734911, 'lag_2': 0.8885014121410256, 'lag_3': 0.2145787422628328, 'lag_4': 0.36980376014852273, 'lag_5': 0.15203816236377393, 'lag_6': 0.8264340619516237, 'lag_7': 0.8604662227244344, 'lag_8': 0.3560644505346584, 'lag_9': 0.21880843537226236, 'lag_10': 0.19162145248560167, 'lag_11': 0.42974793766842884, 'lag_12': 0.3729974568236341, 'lag_13': 0.533872879357302, 'lag_14': 0.7167681756952025, 'lag_15': 0.16235824802908677, 'lag_16': 0.5314686818372265, 'lag_17': 0.39157404848163274, 'lag_18': 0.733796976335026, 'lag_19': 0.20978713064726362, 'lag_20': 0.3515944276071601, 'lag_21': 0.5695883407362545, 'lag_22': 0.7593477783829532, 'lag_23': 0.48005054052433177, 'lag_24': 0.4660445823209144, 'lag_25': 0.5188445784373957, 'lag_26': 0.5366570231867438, 'lag_27': 0.6278533965874128, 'lag_28': 0.48814379219911785}. Best is trial 40 with value: 0.0012675763137226053.
[I 2025-09-29 13:20:03,250] Trial 48 finished with value: 0.0021813404676848313 and parameters: {'lag_0': 0.6754904517488769, 'lag_1': 0.7277798328193699, 'lag_2': 0.3978802655922144, 'lag_3': 0.8807563486196306, 'lag_4': 0.2009440821116269, 'lag_5': 0.5732691272307299, 'lag_6': 0.3564617040663303, 'lag_7': 0.35920974530554656, 'lag_8': 0.1885706458856657, 'lag_9': 0.36139507027860546, 'lag_10': 0.34773458846265304, 'lag_11': 0.7254180662602301, 'lag_12': 0.0807647155575172, 'lag_13': 0.1348750996256859, 'lag_14': 0.9510530284136136, 'lag_15': 0.6818750280836144, 'lag_16': 0.9506414165675083, 'lag_17': 0.24271071603544936, 'lag_18': 0.24197091193274572, 'lag_19': 0.6368715243000326, 'lag_20': 0.5694092717797798, 'lag_21': 0.6108086477710409, 'lag_22': 0.23008685967115988, 'lag_23': 0.3587119303742024, 'lag_24': 0.1367878963608904, 'lag_25': 0.8982477622012228, 'lag_26': 0.6798388562976463, 'lag_27': 0.5672547550034408, 'lag_28': 0.4767263487800633}. Best is trial 40 with value: 0.0012675763137226053.
[I 2025-09-29 13:20:05,673] Trial 49 finished with value: 0.0015319533260254926 and parameters: {'lag_0': 0.882663640465106, 'lag_1': 0.6709230918054321, 'lag_2': 0.278726753502491, 'lag_3': 0.6270655894862154, 'lag_4': 0.08124392350246701, 'lag_5': 0.5142247510574582, 'lag_6': 0.47339658150095715, 'lag_7': 0.7303955909490265, 'lag_8': 0.27347282902507625, 'lag_9': 0.16847761312973764, 'lag_10': 0.6714204339828898, 'lag_11': 0.9511523312684426, 'lag_12': 0.33372621909749695, 'lag_13': 0.36885711886178585, 'lag_14': 0.8012473888772289, 'lag_15': 0.760868453240421, 'lag_16': 0.8054006128235847, 'lag_17': 0.12904377488226637, 'lag_18': 0.8184797903866581, 'lag_19': 0.3404006349822006, 'lag_20': 0.6755562675432488, 'lag_21': 0.3214017073338611, 'lag_22': 0.4620100737167264, 'lag_23': 0.6517960835572568, 'lag_24': 0.8933904204810916, 'lag_25': 0.9376060328404646, 'lag_26': 0.9244532885654255, 'lag_27': 0.45008152125193623, 'lag_28': 0.6317298172475962}. Best is trial 40 with value: 0.0012675763137226053.
[I 2025-09-29 13:20:08,103] Trial 50 finished with value: 0.0016467317178999955 and parameters: {'lag_0': 0.34486600284950286, 'lag_1': 0.45982381042226467, 'lag_2': 0.062053781967491645, 'lag_3': 0.5517532198324211, 'lag_4': 0.5517304645287097, 'lag_5': 0.6178211237517081, 'lag_6': 0.6894919883743204, 'lag_7': 0.7876175088798109, 'lag_8': 0.10753835757620539, 'lag_9': 0.6775619367504162, 'lag_10': 0.46935489452090123, 'lag_11': 0.6407781147857429, 'lag_12': 0.6181298676844632, 'lag_13': 0.0667625517808973, 'lag_14': 0.8629540606881771, 'lag_15': 0.9627968181433662, 'lag_16': 0.6631842549021605, 'lag_17': 0.1900541673038148, 'lag_18': 0.6576929507605501, 'lag_19': 0.29815695504701595, 'lag_20': 0.2511380391042473, 'lag_21': 0.7122458678738012, 'lag_22': 0.6330058088520863, 'lag_23': 0.7163076440028564, 'lag_24': 0.230163718379087, 'lag_25': 0.40693342335906435, 'lag_26': 0.7933844540758951, 'lag_27': 0.8851128571799906, 'lag_28': 0.2562462924595569}. Best is trial 40 with value: 0.0012675763137226053.
[I 2025-09-29 13:20:10,529] Trial 51 finished with value: 0.001494916369980313 and parameters: {'lag_0': 0.31854251781045934, 'lag_1': 0.5185830155450742, 'lag_2': 0.3883183634785668, 'lag_3': 0.47303402929989, 'lag_4': 0.02878243879383756, 'lag_5': 0.9323128570403055, 'lag_6': 0.31335440031918105, 'lag_7': 0.09171890465331567, 'lag_8': 0.6149631881539083, 'lag_9': 0.48978515007013723, 'lag_10': 0.3159264253359283, 'lag_11': 0.5446421581107155, 'lag_12': 0.8556375656467691, 'lag_13': 0.8199714482223703, 'lag_14': 0.8380406234064371, 'lag_15': 0.8219994025240269, 'lag_16': 0.7248834806717932, 'lag_17': 0.3127239724001803, 'lag_18': 0.34533517393469937, 'lag_19': 0.23635138882398393, 'lag_20': 0.39279282828561063, 'lag_21': 0.5859007495223891, 'lag_22': 0.7350939519944856, 'lag_23': 0.6832648881027199, 'lag_24': 0.2814059369928997, 'lag_25': 0.6750775643763898, 'lag_26': 0.3937382410563571, 'lag_27': 0.3600017461112864, 'lag_28': 0.8843299298828488}. Best is trial 40 with value: 0.0012675763137226053.
[I 2025-09-29 13:20:12,956] Trial 52 finished with value: 0.0015177085247856646 and parameters: {'lag_0': 0.2638513779674239, 'lag_1': 0.3879473461392546, 'lag_2': 0.36472659892999704, 'lag_3': 0.09747206879452397, 'lag_4': 0.07257257987618582, 'lag_5': 0.3725294386238401, 'lag_6': 0.25569578700461343, 'lag_7': 0.012375613930291358, 'lag_8': 0.699445049589176, 'lag_9': 0.3628781365726659, 'lag_10': 0.2879654244752641, 'lag_11': 0.4137626401684588, 'lag_12': 0.943946974286714, 'lag_13': 0.9181922967231777, 'lag_14': 0.7611484302628486, 'lag_15': 0.8947799648204466, 'lag_16': 0.6459887053262198, 'lag_17': 0.35857986157209354, 'lag_18': 0.45625702785788735, 'lag_19': 0.2543378128283736, 'lag_20': 0.3499911137709149, 'lag_21': 0.43746701382231484, 'lag_22': 0.6948005635293125, 'lag_23': 0.54313125745203, 'lag_24': 0.18799501002813923, 'lag_25': 0.5829229173080667, 'lag_26': 0.32353595191859674, 'lag_27': 0.5203654955568211, 'lag_28': 0.3424834595522931}. Best is trial 40 with value: 0.0012675763137226053.
[I 2025-09-29 13:20:15,381] Trial 53 finished with value: 0.004571118719511113 and parameters: {'lag_0': 0.21961836565832027, 'lag_1': 0.4843249956223496, 'lag_2': 0.44579313384064867, 'lag_3': 0.9356585380817095, 'lag_4': 0.13321675950272868, 'lag_5': 0.7051417410859884, 'lag_6': 0.1953378375102245, 'lag_7': 0.26833716380645667, 'lag_8': 0.4809150479951657, 'lag_9': 0.05593684525191137, 'lag_10': 0.3932261569989324, 'lag_11': 0.5940072566638305, 'lag_12': 0.9953997343371409, 'lag_13': 0.9497855929049478, 'lag_14': 0.8181278516544283, 'lag_15': 0.8696669672004405, 'lag_16': 0.5889080440428216, 'lag_17': 0.24836775897473434, 'lag_18': 0.5568944525319053, 'lag_19': 0.05504326410724725, 'lag_20': 0.5226807214993465, 'lag_21': 0.5409900776032467, 'lag_22': 0.796775441036983, 'lag_23': 0.590134428808507, 'lag_24': 0.15803066321711845, 'lag_25': 0.7170551094683317, 'lag_26': 0.351246293791905, 'lag_27': 0.47382317827158366, 'lag_28': 0.7816239452472981}. Best is trial 40 with value: 0.0012675763137226053.
[I 2025-09-29 13:20:17,806] Trial 54 finished with value: 0.0017246070929045818 and parameters: {'lag_0': 0.4268479918238045, 'lag_1': 0.5806851187443637, 'lag_2': 0.22935707206998512, 'lag_3': 0.39734924150615625, 'lag_4': 0.1891102526850294, 'lag_5': 0.44470001934595216, 'lag_6': 0.43710231108198677, 'lag_7': 0.6530238528134691, 'lag_8': 0.5698482403457317, 'lag_9': 0.5649354350194516, 'lag_10': 0.0745035920166198, 'lag_11': 0.3343714487456382, 'lag_12': 0.746767300045122, 'lag_13': 0.8255746483850663, 'lag_14': 0.6645300072754617, 'lag_15': 0.8168198985040754, 'lag_16': 0.8577310176576451, 'lag_17': 0.47555848575684134, 'lag_18': 0.4093532018626752, 'lag_19': 0.17260525799970677, 'lag_20': 0.46009090506024514, 'lag_21': 0.617719285563827, 'lag_22': 0.5999951534282488, 'lag_23': 0.6396156584434984, 'lag_24': 0.08109100689259999, 'lag_25': 0.6259517960352929, 'lag_26': 0.23046498404288462, 'lag_27': 0.5567450111837452, 'lag_28': 0.96825211928507}. Best is trial 40 with value: 0.0012675763137226053.
[I 2025-09-29 13:20:20,349] Trial 55 finished with value: 0.0013501146764291502 and parameters: {'lag_0': 0.5100616691970945, 'lag_1': 0.2084722450435887, 'lag_2': 0.4803321681133764, 'lag_3': 0.7104387089182307, 'lag_4': 0.09737210312781172, 'lag_5': 0.2220966328750692, 'lag_6': 0.2824605833057395, 'lag_7': 0.7015889980720309, 'lag_8': 0.5049480045086404, 'lag_9': 0.4583425222982941, 'lag_10': 0.26792340667387965, 'lag_11': 0.28652952270879223, 'lag_12': 0.8048248007244115, 'lag_13': 0.6031955954115139, 'lag_14': 0.52118665258189, 'lag_15': 0.9600380793965217, 'lag_16': 0.557492109360832, 'lag_17': 0.2848524919898379, 'lag_18': 0.2513667711585525, 'lag_19': 0.15011768297945008, 'lag_20': 0.36361390951729294, 'lag_21': 0.7933662249057535, 'lag_22': 0.9666831095212692, 'lag_23': 0.8217469183673232, 'lag_24': 0.21499081166943224, 'lag_25': 0.4928955096516148, 'lag_26': 0.4890971300797193, 'lag_27': 0.37713496511252215, 'lag_28': 0.8792508204426097}. Best is trial 40 with value: 0.0012675763137226053.
[I 2025-09-29 13:20:22,779] Trial 56 finished with value: 0.0014249870314921437 and parameters: {'lag_0': 0.11814123699426199, 'lag_1': 0.23119924196916428, 'lag_2': 0.4929208342789613, 'lag_3': 0.6929685494957458, 'lag_4': 0.24967986182446533, 'lag_5': 0.2118401573706085, 'lag_6': 0.3494978964688878, 'lag_7': 0.6945550111652243, 'lag_8': 0.4177674613708635, 'lag_9': 0.4551039795533265, 'lag_10': 0.22224340829170275, 'lag_11': 0.02207108315718581, 'lag_12': 0.6763888573648624, 'lag_13': 0.505773164503838, 'lag_14': 0.46077549008903823, 'lag_15': 0.9562806686328866, 'lag_16': 0.5387545999453914, 'lag_17': 0.2717588503028142, 'lag_18': 0.25877726990015176, 'lag_19': 0.14392720166506218, 'lag_20': 0.265173963004943, 'lag_21': 0.7900692670252286, 'lag_22': 0.970872650759055, 'lag_23': 0.875954975626508, 'lag_24': 0.5335661210710118, 'lag_25': 0.4723810256989893, 'lag_26': 0.47510988782870045, 'lag_27': 0.3576357768526746, 'lag_28': 0.7089890345148673}. Best is trial 40 with value: 0.0012675763137226053.
[I 2025-09-29 13:20:25,217] Trial 57 finished with value: 0.0020044471949779083 and parameters: {'lag_0': 0.08764135887927862, 'lag_1': 0.21122072643967005, 'lag_2': 0.5500345542374119, 'lag_3': 0.7287395416900513, 'lag_4': 0.23956261429565662, 'lag_5': 0.20172639596415165, 'lag_6': 0.517382000429769, 'lag_7': 0.6983166403584671, 'lag_8': 0.5087610767765959, 'lag_9': 0.45558038194514566, 'lag_10': 0.21940663037275, 'lag_11': 0.023468703002763325, 'lag_12': 0.6722962215737672, 'lag_13': 0.5954023178027161, 'lag_14': 0.49911189955868196, 'lag_15': 0.9655854334560493, 'lag_16': 0.5186559264663005, 'lag_17': 0.5524062523967964, 'lag_18': 0.10823920703027734, 'lag_19': 0.016975898424860247, 'lag_20': 0.2783474774579888, 'lag_21': 0.8999998089290279, 'lag_22': 0.9653373378444909, 'lag_23': 0.8652170373159749, 'lag_24': 0.5345580404281078, 'lag_25': 0.49961169537522404, 'lag_26': 0.5059360847067196, 'lag_27': 0.3868944179598244, 'lag_28': 0.7008741139106495}. Best is trial 40 with value: 0.0012675763137226053.
[I 2025-09-29 13:20:27,651] Trial 58 finished with value: 0.0015357374778723423 and parameters: {'lag_0': 0.9814197437740011, 'lag_1': 0.08369250450122254, 'lag_2': 0.6333871239589448, 'lag_3': 0.6926469533973052, 'lag_4': 0.09208836242702571, 'lag_5': 0.12431422131757404, 'lag_6': 0.3729047054212585, 'lag_7': 0.7524143954335388, 'lag_8': 0.4367487838516757, 'lag_9': 0.7428172079726247, 'lag_10': 0.04033962976183509, 'lag_11': 0.25524333516661885, 'lag_12': 0.8082137039255949, 'lag_13': 0.5082439484379943, 'lag_14': 0.4391406830287234, 'lag_15': 0.525349984607028, 'lag_16': 0.3888077029664268, 'lag_17': 0.2851084126338314, 'lag_18': 0.27259428372703637, 'lag_19': 0.1414830463935638, 'lag_20': 0.08079267482477531, 'lag_21': 0.8113606519526626, 'lag_22': 0.8857566534334785, 'lag_23': 0.9388100165311354, 'lag_24': 0.6050457221641871, 'lag_25': 0.4891438378511037, 'lag_26': 0.4742941062732678, 'lag_27': 0.22468619447901733, 'lag_28': 0.7384767187993067}. Best is trial 40 with value: 0.0012675763137226053.
[I 2025-09-29 13:20:30,091] Trial 59 finished with value: 0.0013775299683559381 and parameters: {'lag_0': 0.7171471532295264, 'lag_1': 0.15939462056202677, 'lag_2': 0.31757690723866344, 'lag_3': 0.7978637240374356, 'lag_4': 0.44564560593672153, 'lag_5': 0.07126198650966514, 'lag_6': 0.42076834133185337, 'lag_7': 0.5977843118469364, 'lag_8': 0.7492637607237794, 'lag_9': 0.5294763446659126, 'lag_10': 0.13729225195966793, 'lag_11': 0.0640896674720012, 'lag_12': 0.5268108313667086, 'lag_13': 0.6797797617779798, 'lag_14': 0.5819230956966236, 'lag_15': 0.5859636625217031, 'lag_16': 0.5609228478197903, 'lag_17': 0.6979894890259537, 'lag_18': 0.2083908219405187, 'lag_19': 0.08108198207327624, 'lag_20': 0.22005687603008817, 'lag_21': 0.7283829532116493, 'lag_22': 0.9513548872299838, 'lag_23': 0.968233217033161, 'lag_24': 0.419514593430267, 'lag_25': 0.3931901481788468, 'lag_26': 0.620488272303974, 'lag_27': 0.261173026430052, 'lag_28': 0.8837203290134652}. Best is trial 40 with value: 0.0012675763137226053.
[I 2025-09-29 13:20:32,531] Trial 60 finished with value: 0.0014381625361624586 and parameters: {'lag_0': 0.8577147285333985, 'lag_1': 0.15408696489200463, 'lag_2': 0.3001266261195209, 'lag_3': 0.7826631360901048, 'lag_4': 0.4594675241199756, 'lag_5': 0.05965935040745568, 'lag_6': 0.34486235385877073, 'lag_7': 0.5387407282094772, 'lag_8': 0.9730504910007636, 'lag_9': 0.538881703485147, 'lag_10': 0.1495452880325756, 'lag_11': 0.15607217489097874, 'lag_12': 0.542604822238406, 'lag_13': 0.6823105082012589, 'lag_14': 0.2976706203864435, 'lag_15': 0.6097085737233815, 'lag_16': 0.4594693313968639, 'lag_17': 0.7154473537416058, 'lag_18': 0.2173658824550564, 'lag_19': 0.04929220347919047, 'lag_20': 0.20820919846925603, 'lag_21': 0.8953368477287192, 'lag_22': 0.9944117084151153, 'lag_23': 0.9651396633664351, 'lag_24': 0.4139137171843549, 'lag_25': 0.3546849258719447, 'lag_26': 0.6166202272391714, 'lag_27': 0.25397899570528343, 'lag_28': 0.8877574815224826}. Best is trial 40 with value: 0.0012675763137226053.
