[I 2025-09-29 11:55:10,623] Trial 82 finished with value: 0.010141919500125142 and parameters: {'lag_0': 0.037692848310873786, 'lag_1': 0.7835624950384023, 'lag_2': 0.30031103663653985, 'lag_3': 0.41980190106236226, 'lag_4': 0.6697957975932971, 'lag_5': 0.5986108730399149, 'lag_6': 0.7439279002779913, 'lag_7': 0.34448783054685317, 'lag_8': 0.20919083696656665, 'lag_9': 0.6731620883198868, 'lag_10': 0.9156522938474004, 'lag_11': 0.0198149580782854, 'lag_12': 0.2732485396045637, 'lag_13': 0.26570692556820286, 'lag_14': 0.8559162189292606, 'lag_15': 0.9503171539578117, 'lag_16': 0.7919597934349825, 'lag_17': 0.35911617668507934, 'lag_18': 0.3439240058235975, 'lag_19': 0.1711999808784861, 'lag_20': 0.8369912593294017, 'lag_21': 0.45633952237833336, 'lag_22': 0.4715521616737868, 'lag_23': 0.3968870662555492, 'lag_24': 0.08948341143142918, 'lag_25': 0.8176050888157145, 'lag_26': 0.20186818489546057, 'lag_27': 0.7240019249706138, 'lag_28': 0.5427422289396634}. Best is trial 71 with value: 0.010027980199600394.
[I 2025-09-29 11:55:12,980] Trial 83 finished with value: 0.010595456587279655 and parameters: {'lag_0': 0.033673392301400165, 'lag_1': 0.7887196731485894, 'lag_2': 0.2872458787916481, 'lag_3': 0.4213000694286888, 'lag_4': 0.6634583238228091, 'lag_5': 0.695431787328877, 'lag_6': 0.6429961573235005, 'lag_7': 0.33839774565142855, 'lag_8': 0.24797289905146208, 'lag_9': 0.7125720098072954, 'lag_10': 0.9311618568958773, 'lag_11': 0.0248747966739154, 'lag_12': 0.2880719915127176, 'lag_13': 0.5443292800037992, 'lag_14': 0.7859026549492338, 'lag_15': 0.953468188503367, 'lag_16': 0.7825151651092809, 'lag_17': 0.34344318654211936, 'lag_18': 0.31690104377835676, 'lag_19': 0.1718469979963718, 'lag_20': 0.8519751209153096, 'lag_21': 0.5385512550938811, 'lag_22': 0.5247815494137766, 'lag_23': 0.40548675122284455, 'lag_24': 0.10555996095868436, 'lag_25': 0.7849127213189306, 'lag_26': 0.2090910215166615, 'lag_27': 0.7309250486717291, 'lag_28': 0.6116901953409865}. Best is trial 71 with value: 0.010027980199600394.
[I 2025-09-29 11:55:15,345] Trial 84 finished with value: 0.010207729518243586 and parameters: {'lag_0': 0.07644694742073457, 'lag_1': 0.6767121176678047, 'lag_2': 0.38480965708352044, 'lag_3': 0.31693610102227243, 'lag_4': 0.6949546911254575, 'lag_5': 0.5832056879170633, 'lag_6': 0.6892919224135357, 'lag_7': 0.42078740943310694, 'lag_8': 0.21477218371495901, 'lag_9': 0.6638185743399916, 'lag_10': 0.9192659264502799, 'lag_11': 0.08014251607493866, 'lag_12': 0.230505435257718, 'lag_13': 0.6554491072036435, 'lag_14': 0.8599015358702807, 'lag_15': 0.8835411837785313, 'lag_16': 0.8662236171292949, 'lag_17': 0.42639612628882195, 'lag_18': 0.3640162039167703, 'lag_19': 0.10629786272147984, 'lag_20': 0.9156718466344034, 'lag_21': 0.5884929766555679, 'lag_22': 0.6017926887268499, 'lag_23': 0.45963733873572094, 'lag_24': 0.028837469928154058, 'lag_25': 0.8225707075547722, 'lag_26': 0.18388146745260536, 'lag_27': 0.8210597335525516, 'lag_28': 0.6515823775302026}. Best is trial 71 with value: 0.010027980199600394.
[I 2025-09-29 11:55:17,712] Trial 85 finished with value: 0.010292442217696028 and parameters: {'lag_0': 0.005882188307840125, 'lag_1': 0.7274387855318771, 'lag_2': 0.3310270488456669, 'lag_3': 0.39496874156373646, 'lag_4': 0.802041417337763, 'lag_5': 0.7166774122210955, 'lag_6': 0.5846640877396658, 'lag_7': 0.3109432093666856, 'lag_8': 0.1841079735286279, 'lag_9': 0.5869136974331735, 'lag_10': 0.8894347849895562, 'lag_11': 0.11172835178618652, 'lag_12': 0.30550243316307923, 'lag_13': 0.3073563739113353, 'lag_14': 0.8976188974616177, 'lag_15': 0.8114980353767361, 'lag_16': 0.9263828149241446, 'lag_17': 0.35220494692293386, 'lag_18': 0.2757564450218839, 'lag_19': 0.18042774707413745, 'lag_20': 0.9478353976088869, 'lag_21': 0.4554113429647811, 'lag_22': 0.35190088817486953, 'lag_23': 0.502782173951959, 'lag_24': 0.14012898401098678, 'lag_25': 0.9251202281241172, 'lag_26': 0.2738765702645283, 'lag_27': 0.7564436755730473, 'lag_28': 0.4799065597444012}. Best is trial 71 with value: 0.010027980199600394.
[I 2025-09-29 11:55:20,071] Trial 86 finished with value: 0.010153905042621312 and parameters: {'lag_0': 0.1752828924062753, 'lag_1': 0.7668665679056762, 'lag_2': 0.25956331881679684, 'lag_3': 0.49661802235934327, 'lag_4': 0.7682919664596719, 'lag_5': 0.623215276002519, 'lag_6': 0.7529857616545759, 'lag_7': 0.3555162812544525, 'lag_8': 0.16762424525838404, 'lag_9': 0.6954983045435779, 'lag_10': 0.8629748209984491, 'lag_11': 0.02133291524567115, 'lag_12': 0.18723814872280248, 'lag_13': 0.4949149796496827, 'lag_14': 0.8348198864193703, 'lag_15': 0.9203028069420849, 'lag_16': 0.8505562167981321, 'lag_17': 0.4688339727717461, 'lag_18': 0.3074698063946806, 'lag_19': 0.12763880936895572, 'lag_20': 0.8511036770213227, 'lag_21': 0.6231292671476772, 'lag_22': 0.4750898402759766, 'lag_23': 0.3451962827828661, 'lag_24': 0.0985163643592294, 'lag_25': 0.6553946669269637, 'lag_26': 0.10141013993976486, 'lag_27': 0.6460898611201868, 'lag_28': 0.6039336065955497}. Best is trial 71 with value: 0.010027980199600394.
[I 2025-09-29 11:55:22,426] Trial 87 finished with value: 0.010303410049687151 and parameters: {'lag_0': 0.07094068645558042, 'lag_1': 0.7693630263483514, 'lag_2': 0.24467365918276948, 'lag_3': 0.4946600599810161, 'lag_4': 0.7540097623134259, 'lag_5': 0.6145744745658959, 'lag_6': 0.766154123526445, 'lag_7': 0.3621642720166108, 'lag_8': 0.16134365547666105, 'lag_9': 0.689968067428335, 'lag_10': 0.866066487977918, 'lag_11': 0.004203388695259047, 'lag_12': 0.12255198943478762, 'lag_13': 0.48569751368255615, 'lag_14': 0.7043335837052127, 'lag_15': 0.8537247460905653, 'lag_16': 0.8887074571025723, 'lag_17': 0.5088599258295898, 'lag_18': 0.41902492335013186, 'lag_19': 0.06478098539726185, 'lag_20': 0.7691026630495136, 'lag_21': 0.612550957536449, 'lag_22': 0.46829785499583343, 'lag_23': 0.35802865569316783, 'lag_24': 0.23822912040333966, 'lag_25': 0.6533889386476264, 'lag_26': 0.16086124238132188, 'lag_27': 0.7918297240727463, 'lag_28': 0.6037202502781687}. Best is trial 71 with value: 0.010027980199600394.
[I 2025-09-29 11:55:24,795] Trial 88 finished with value: 0.010155438707257752 and parameters: {'lag_0': 0.030989878989626442, 'lag_1': 0.7025541200264972, 'lag_2': 0.1852920368230872, 'lag_3': 0.5699052269129542, 'lag_4': 0.719821059886284, 'lag_5': 0.6531121608602559, 'lag_6': 0.7354449585293992, 'lag_7': 0.28051088010930336, 'lag_8': 0.2698238886480641, 'lag_9': 0.6131569074535013, 'lag_10': 0.9622664839093178, 'lag_11': 0.05440713667466654, 'lag_12': 0.18267432348743493, 'lag_13': 0.5235334813771865, 'lag_14': 0.8383216979126092, 'lag_15': 0.7763542803527842, 'lag_16': 0.8563078286971961, 'lag_17': 0.4571942418776124, 'lag_18': 0.44686253978098084, 'lag_19': 0.12043366797009364, 'lag_20': 0.8861124077799186, 'lag_21': 0.7812060769722762, 'lag_22': 0.6008989867713234, 'lag_23': 0.2877741400458267, 'lag_24': 0.003353857380457445, 'lag_25': 0.8802741785224791, 'lag_26': 0.11652936303844799, 'lag_27': 0.656423737442579, 'lag_28': 0.5316368302024407}. Best is trial 71 with value: 0.010027980199600394.
[I 2025-09-29 11:55:27,154] Trial 89 finished with value: 0.010457396746131645 and parameters: {'lag_0': 0.12003620145473243, 'lag_1': 0.6896581021579798, 'lag_2': 0.21287676389926333, 'lag_3': 0.5413445633660963, 'lag_4': 0.7238707093549243, 'lag_5': 0.6605100750059651, 'lag_6': 0.7308473750448766, 'lag_7': 0.27950402559916426, 'lag_8': 0.25939992800911815, 'lag_9': 0.604098565526471, 'lag_10': 0.9636936059694594, 'lag_11': 0.02847723495115519, 'lag_12': 0.18021439600564906, 'lag_13': 0.5216173064215076, 'lag_14': 0.8286351093614753, 'lag_15': 0.7750707484922, 'lag_16': 0.8585515965825412, 'lag_17': 0.4679328290807662, 'lag_18': 0.46004882458008844, 'lag_19': 0.029141252717542088, 'lag_20': 0.8848683447443659, 'lag_21': 0.7928363243856618, 'lag_22': 0.6003335929952449, 'lag_23': 0.2967340011971218, 'lag_24': 0.09505274726231833, 'lag_25': 0.9550247163557737, 'lag_26': 0.12607523320276265, 'lag_27': 0.6701432976285, 'lag_28': 0.5472582159499526}. Best is trial 71 with value: 0.010027980199600394.
[I 2025-09-29 11:55:29,510] Trial 90 finished with value: 0.010213406664961107 and parameters: {'lag_0': 0.17424411253309638, 'lag_1': 0.6025867629078089, 'lag_2': 0.18035633404991214, 'lag_3': 0.5665197535861101, 'lag_4': 0.7770106899102254, 'lag_5': 0.5059747216458614, 'lag_6': 0.754392027912315, 'lag_7': 0.41188791394534185, 'lag_8': 0.21729361497798738, 'lag_9': 0.7497283847170391, 'lag_10': 0.9247598688203197, 'lag_11': 0.053275357823872826, 'lag_12': 0.27770472143400604, 'lag_13': 0.5725096877787966, 'lag_14': 0.7944060957969731, 'lag_15': 0.8157424249996352, 'lag_16': 0.8029859613122006, 'lag_17': 0.41782449521567067, 'lag_18': 0.4478009429071744, 'lag_19': 0.07823691038130243, 'lag_20': 0.851940739987342, 'lag_21': 0.7160107653421783, 'lag_22': 0.437122522044548, 'lag_23': 0.43925550760659193, 'lag_24': 0.02355392076034929, 'lag_25': 0.8948104301450128, 'lag_26': 0.0930384090246415, 'lag_27': 0.7163194069032389, 'lag_28': 0.5123670987905172}. Best is trial 71 with value: 0.010027980199600394.
[I 2025-09-29 11:55:31,881] Trial 91 finished with value: 0.010211393299686478 and parameters: {'lag_0': 0.04880820577480276, 'lag_1': 0.7087321684197938, 'lag_2': 0.26937789044086946, 'lag_3': 0.4332710063314335, 'lag_4': 0.6671596139737571, 'lag_5': 0.6089071160006538, 'lag_6': 0.71353773649692, 'lag_7': 0.2398309141051609, 'lag_8': 0.28400668704480336, 'lag_9': 0.6358767209171594, 'lag_10': 0.813393277224131, 'lag_11': 0.08951280702016251, 'lag_12': 0.19395429438174663, 'lag_13': 0.4704915295479482, 'lag_14': 0.7735614944045759, 'lag_15': 0.9028363973189258, 'lag_16': 0.8414325639751056, 'lag_17': 0.46558869703008904, 'lag_18': 0.3145560413494257, 'lag_19': 0.12708898083850578, 'lag_20': 0.7932466089873281, 'lag_21': 0.8431473928699833, 'lag_22': 0.3789313367534798, 'lag_23': 0.330129687646035, 'lag_24': 0.17500122908937432, 'lag_25': 0.008148778529662948, 'lag_26': 0.10558622016096623, 'lag_27': 0.6210895682258101, 'lag_28': 0.6654472847493416}. Best is trial 71 with value: 0.010027980199600394.
[I 2025-09-29 11:55:34,245] Trial 92 finished with value: 0.010175274642270016 and parameters: {'lag_0': 0.02864624286280751, 'lag_1': 0.7887530558810305, 'lag_2': 0.1880250199276432, 'lag_3': 0.5131165279267255, 'lag_4': 0.7054848234640045, 'lag_5': 0.6609027312608649, 'lag_6': 0.8696986441018016, 'lag_7': 0.33217523232223156, 'lag_8': 0.33139269404352917, 'lag_9': 0.6161146037566665, 'lag_10': 0.8788593487126976, 'lag_11': 0.13573851281563293, 'lag_12': 0.05066946715394141, 'lag_13': 0.4228515815310202, 'lag_14': 0.7405839658085344, 'lag_15': 0.931814152181027, 'lag_16': 0.9948343193639333, 'lag_17': 0.5483425573547189, 'lag_18': 0.34005704794686764, 'lag_19': 0.10954582069278732, 'lag_20': 0.8361086773874546, 'lag_21': 0.863148763009279, 'lag_22': 0.5492936041783533, 'lag_23': 0.3716737843147028, 'lag_24': 0.10668303886739347, 'lag_25': 0.6757578777445998, 'lag_26': 0.05964793035293414, 'lag_27': 0.8334178144420847, 'lag_28': 0.5740309853156013}. Best is trial 71 with value: 0.010027980199600394.
[I 2025-09-29 11:55:36,603] Trial 93 finished with value: 0.010302394521712877 and parameters: {'lag_0': 0.08886493719338662, 'lag_1': 0.7508385864693234, 'lag_2': 0.3016450412569209, 'lag_3': 0.3735678747562011, 'lag_4': 0.8294652691317723, 'lag_5': 0.5535601583200197, 'lag_6': 0.7819526761340796, 'lag_7': 0.37090216703124335, 'lag_8': 0.11968452629972465, 'lag_9': 0.5583351254069964, 'lag_10': 0.9695539518205611, 'lag_11': 0.06252454589076564, 'lag_12': 0.2297500559853117, 'lag_13': 0.6441628370937987, 'lag_14': 0.8653390162413152, 'lag_15': 0.9714827340681791, 'lag_16': 0.9525949630479693, 'lag_17': 0.39545807459463495, 'lag_18': 0.40321260268810843, 'lag_19': 0.15663178977846645, 'lag_20': 0.9069370582967194, 'lag_21': 0.661758832209399, 'lag_22': 0.5789826584864278, 'lag_23': 0.27402554261562134, 'lag_24': 0.0034776456498085, 'lag_25': 0.8813660005712376, 'lag_26': 0.20142102485423158, 'lag_27': 0.6427074142108655, 'lag_28': 0.7238948715145515}. Best is trial 71 with value: 0.010027980199600394.
[I 2025-09-29 11:55:38,968] Trial 94 finished with value: 0.010541370274353624 and parameters: {'lag_0': 0.13051410769527083, 'lag_1': 0.8138342266991025, 'lag_2': 0.2722992615633637, 'lag_3': 0.4118256496259989, 'lag_4': 0.8516665737970726, 'lag_5': 0.6371731272294056, 'lag_6': 0.6371304316561119, 'lag_7': 0.29331016961151224, 'lag_8': 0.2061604669598031, 'lag_9': 0.6863154765015236, 'lag_10': 0.8514176789251989, 'lag_11': 0.028145771667696887, 'lag_12': 0.17260467947730487, 'lag_13': 0.5668311008525969, 'lag_14': 0.9334058994754322, 'lag_15': 0.8714214080308244, 'lag_16': 0.7794623798479403, 'lag_17': 0.36159133403963467, 'lag_18': 0.4943979777061724, 'lag_19': 0.6883235007100965, 'lag_20': 0.9547133945275016, 'lag_21': 0.5646066965013912, 'lag_22': 0.4781896098270623, 'lag_23': 0.3503007236936551, 'lag_24': 0.054218128696809934, 'lag_25': 0.8501364409434107, 'lag_26': 0.25243919977415913, 'lag_27': 0.7543407213620746, 'lag_28': 0.5479459119815195}. Best is trial 71 with value: 0.010027980199600394.
[I 2025-09-29 11:55:41,333] Trial 95 finished with value: 0.010053414087245697 and parameters: {'lag_0': 0.01766656145641315, 'lag_1': 0.4594600738269379, 'lag_2': 0.3174345024547077, 'lag_3': 0.597730228664415, 'lag_4': 0.7370370241294164, 'lag_5': 0.7262883524705743, 'lag_6': 0.6834968822307363, 'lag_7': 0.25968099910737, 'lag_8': 0.14587713311682232, 'lag_9': 0.6596648635601178, 'lag_10': 0.9329528697766054, 'lag_11': 0.0016454189398970656, 'lag_12': 0.13467700396319968, 'lag_13': 0.4453854936362224, 'lag_14': 0.8254206160590141, 'lag_15': 0.6859193659530949, 'lag_16': 0.740258782152085, 'lag_17': 0.3100359705153719, 'lag_18': 0.1983761742248321, 'lag_19': 0.03764956561034649, 'lag_20': 0.8586879387515252, 'lag_21': 0.5256064079671797, 'lag_22': 0.5132451278998413, 'lag_23': 0.39924548826549444, 'lag_24': 0.08379263012558069, 'lag_25': 0.8639660103136588, 'lag_26': 0.17790471202253125, 'lag_27': 0.7408772326388575, 'lag_28': 0.4844865440120335}. Best is trial 71 with value: 0.010027980199600394.
[I 2025-09-29 11:55:43,692] Trial 96 finished with value: 0.010475401827523826 and parameters: {'lag_0': 0.00400573599110482, 'lag_1': 0.46702020313056103, 'lag_2': 0.40339756024267054, 'lag_3': 0.6013975498389057, 'lag_4': 0.7633289769075494, 'lag_5': 0.7139482534377491, 'lag_6': 0.6949971778473363, 'lag_7': 0.2597652686867941, 'lag_8': 0.1497071481888808, 'lag_9': 0.7351415769687426, 'lag_10': 0.935362847595417, 'lag_11': 0.01087180531719767, 'lag_12': 0.1271048579133175, 'lag_13': 0.5065686180195376, 'lag_14': 0.841375292684118, 'lag_15': 0.8283281463670085, 'lag_16': 0.7424885791252877, 'lag_17': 0.32244532963975014, 'lag_18': 0.2517974844495189, 'lag_19': 0.11491413682085082, 'lag_20': 0.8041461319792168, 'lag_21': 0.5257590098039563, 'lag_22': 0.520460174773445, 'lag_23': 0.3147080210666652, 'lag_24': 0.0864076137884896, 'lag_25': 0.8135910635477013, 'lag_26': 0.1548684234746093, 'lag_27': 0.6956348499731536, 'lag_28': 0.5851105393495335}. Best is trial 71 with value: 0.010027980199600394.
[I 2025-09-29 11:55:46,047] Trial 97 finished with value: 0.0105875755032043 and parameters: {'lag_0': 0.06585180124351393, 'lag_1': 0.8667629897173875, 'lag_2': 0.3136499649145126, 'lag_3': 0.49250436464325864, 'lag_4': 0.7332208910487698, 'lag_5': 0.6787883959319991, 'lag_6': 0.7380764314405837, 'lag_7': 0.19762909023348768, 'lag_8': 0.9227680104947074, 'lag_9': 0.47732425906309706, 'lag_10': 0.9096767085369257, 'lag_11': 0.10640576234599108, 'lag_12': 0.09273383142003887, 'lag_13': 0.44966859976212536, 'lag_14': 0.8928016849301209, 'lag_15': 0.7319590452318627, 'lag_16': 0.9114409402654058, 'lag_17': 0.2815866173777446, 'lag_18': 0.20107402069039745, 'lag_19': 0.033098943951707524, 'lag_20': 0.8697157377883397, 'lag_21': 0.5013009015086203, 'lag_22': 0.6824441257527374, 'lag_23': 0.28875864589775735, 'lag_24': 0.13235197315415215, 'lag_25': 0.8758755154684925, 'lag_26': 0.22750129334718033, 'lag_27': 0.8574987083013754, 'lag_28': 0.4390858700734235}. Best is trial 71 with value: 0.010027980199600394.
[I 2025-09-29 11:55:48,416] Trial 98 finished with value: 0.010676798958838597 and parameters: {'lag_0': 0.10491179559934122, 'lag_1': 0.2041395711705112, 'lag_2': 0.14737439200984134, 'lag_3': 0.4686073347524352, 'lag_4': 0.8123625448325752, 'lag_5': 0.7445586115091456, 'lag_6': 0.6747887035748679, 'lag_7': 0.4513715507068227, 'lag_8': 0.23432611451327817, 'lag_9': 0.5269433546983551, 'lag_10': 0.7851444149985877, 'lag_11': 0.06688219068251056, 'lag_12': 0.2676509602025517, 'lag_13': 0.34832663400759484, 'lag_14': 0.6520089709470764, 'lag_15': 0.7060238174600344, 'lag_16': 0.8469595243052089, 'lag_17': 0.4658432872182213, 'lag_18': 0.2336558748186625, 'lag_19': 0.02557097127425014, 'lag_20': 0.7366407705712618, 'lag_21': 0.5766259603896355, 'lag_22': 0.5470432426223379, 'lag_23': 0.4089915632679682, 'lag_24': 0.05567077609292818, 'lag_25': 0.9417105946704085, 'lag_26': 0.1174052916026843, 'lag_27': 0.7888335116272043, 'lag_28': 0.6234106456465546}. Best is trial 71 with value: 0.010027980199600394.
[I 2025-09-29 11:55:50,779] Trial 99 finished with value: 0.009981380061859687 and parameters: {'lag_0': 0.028099431968425397, 'lag_1': 0.36291087519554477, 'lag_2': 0.2139468219599694, 'lag_3': 0.572196976219128, 'lag_4': 0.7852283177032724, 'lag_5': 0.6358162106466975, 'lag_6': 0.7179419441117447, 'lag_7': 0.3244095192591454, 'lag_8': 0.17450288420108095, 'lag_9': 0.8068843800243168, 'lag_10': 0.8301937838074357, 'lag_11': 0.13519231044149446, 'lag_12': 0.3499983603389225, 'lag_13': 0.4005984437491811, 'lag_14': 0.7365314988861191, 'lag_15': 0.638689996624927, 'lag_16': 0.8189573093328175, 'lag_17': 0.405672824751865, 'lag_18': 0.29717377086453156, 'lag_19': 0.9125516837122136, 'lag_20': 0.7813402475300808, 'lag_21': 0.5528358679707225, 'lag_22': 0.5117421302602476, 'lag_23': 0.43542244561759524, 'lag_24': 0.11966428802669318, 'lag_25': 0.7634097218715462, 'lag_26': 0.04033209263235104, 'lag_27': 0.7350988983429262, 'lag_28': 0.4790016777037311}. Best is trial 99 with value: 0.009981380061859687.
[I 2025-09-29 11:55:50,792] A new study created in memory with name: no-name-eb63e378-ecdd-489d-9357-c24e63fa55a6
[I 2025-09-29 11:55:53,112] Trial 0 finished with value: 0.008398130753384152 and parameters: {'lag_0': 0.46647235216031535, 'lag_1': 0.7670474382204769, 'lag_2': 0.32206390741750246, 'lag_3': 0.8810869560140487, 'lag_4': 0.059890281511880306, 'lag_5': 0.20257517769978403, 'lag_6': 0.33524411355168154, 'lag_7': 0.6484117855621615, 'lag_8': 0.08058015007615142, 'lag_9': 0.23055462111452105, 'lag_10': 0.7653189346264209, 'lag_11': 0.8741690101118994, 'lag_12': 0.9844544402367654, 'lag_13': 0.023554558268453443, 'lag_14': 0.4189031982101577, 'lag_15': 0.6258924742734825, 'lag_16': 0.22745394970489308, 'lag_17': 0.7421821225712487, 'lag_18': 0.5186755301751409, 'lag_19': 0.18101552678532135, 'lag_20': 0.7319291333988204, 'lag_21': 0.05899064804718551, 'lag_22': 0.8182751566809325, 'lag_23': 0.5110621956917756, 'lag_24': 0.6272321500078825, 'lag_25': 0.16817890068531663, 'lag_26': 0.19311624928219503, 'lag_27': 0.3095373594110143, 'lag_28': 0.5427100099211634}. Best is trial 0 with value: 0.008398130753384152.
[I 2025-09-29 11:55:55,431] Trial 1 finished with value: 0.008568275647264935 and parameters: {'lag_0': 0.7699541284776656, 'lag_1': 0.5764002367731693, 'lag_2': 0.9088285248987928, 'lag_3': 0.4529903620161387, 'lag_4': 0.40188128039661614, 'lag_5': 0.2224057690345716, 'lag_6': 0.36218170194591154, 'lag_7': 0.39145714120643615, 'lag_8': 0.9753351090595047, 'lag_9': 0.8024995360541435, 'lag_10': 0.8644443001870287, 'lag_11': 0.8449824493119287, 'lag_12': 0.8864273362232925, 'lag_13': 0.2604370871157584, 'lag_14': 0.07537992159141908, 'lag_15': 0.6806040916354333, 'lag_16': 0.8746588938581833, 'lag_17': 0.15404713929334704, 'lag_18': 0.5893171113598182, 'lag_19': 0.32317275053171757, 'lag_20': 0.7106080893987469, 'lag_21': 0.6702529272502739, 'lag_22': 0.2140218893237227, 'lag_23': 0.5174065344538686, 'lag_24': 0.7422831073388043, 'lag_25': 0.7172707020440199, 'lag_26': 0.8809625887958106, 'lag_27': 0.594925159347811, 'lag_28': 0.06229077157269875}. Best is trial 0 with value: 0.008398130753384152.
[I 2025-09-29 11:55:57,761] Trial 2 finished with value: 0.008466026172224457 and parameters: {'lag_0': 0.6281211151394576, 'lag_1': 0.6218804417584668, 'lag_2': 0.19366600906913956, 'lag_3': 0.18934289114964548, 'lag_4': 0.26878269816472977, 'lag_5': 0.38518982809857266, 'lag_6': 0.3730614154022414, 'lag_7': 0.5536857481279908, 'lag_8': 0.33326097099001545, 'lag_9': 0.020914650944920194, 'lag_10': 0.5328963873714696, 'lag_11': 0.4969349883365356, 'lag_12': 0.9872978887827377, 'lag_13': 0.6842571228759932, 'lag_14': 0.1943431002054874, 'lag_15': 0.6898316362466228, 'lag_16': 0.30194668073317593, 'lag_17': 0.2732696512066753, 'lag_18': 0.8682594361552238, 'lag_19': 0.18515618334412293, 'lag_20': 0.6250765318735043, 'lag_21': 0.17028201470720275, 'lag_22': 0.010133628440368372, 'lag_23': 0.18045036529339217, 'lag_24': 0.62245824080197, 'lag_25': 0.42306735765217146, 'lag_26': 0.4683860276471617, 'lag_27': 0.35071370162017235, 'lag_28': 0.9999063169554718}. Best is trial 0 with value: 0.008398130753384152.
