[I 2025-09-29 12:53:53,439] Trial 83 finished with value: 0.010100810973900037 and parameters: {'lag_0': 0.7811118352241564, 'lag_1': 0.5288641076367944, 'lag_2': 0.032713822993948004, 'lag_3': 0.19548054323622707, 'lag_4': 0.8742456891167857, 'lag_5': 0.6878613142642998, 'lag_6': 0.35823968173363246, 'lag_7': 0.3437832818565304, 'lag_8': 0.7193884484086719, 'lag_9': 0.6645034619008664, 'lag_10': 0.5013296369948732, 'lag_11': 0.9775237085070493, 'lag_12': 0.31675035424011394, 'lag_13': 0.5714114011781976, 'lag_14': 0.33627949540763036, 'lag_15': 0.321182122152905, 'lag_16': 0.577572882470264, 'lag_17': 0.6083844737630763, 'lag_18': 0.2703570086375705, 'lag_19': 0.34730586866384927, 'lag_20': 0.7591567356755049, 'lag_21': 0.700055688523149, 'lag_22': 0.08661263246609116, 'lag_23': 0.5979679720740934, 'lag_24': 0.41541817555595845, 'lag_25': 0.7021494471088336, 'lag_26': 0.42781734508342245, 'lag_27': 0.4825530868275616, 'lag_28': 0.28767227898061176}. Best is trial 31 with value: 0.008723042743463893.
[I 2025-09-29 12:53:56,012] Trial 84 finished with value: 0.009136446475392307 and parameters: {'lag_0': 0.8389083746950521, 'lag_1': 0.700036267256581, 'lag_2': 0.06781660123738223, 'lag_3': 0.14920516463774722, 'lag_4': 0.028070378725591448, 'lag_5': 0.1806518403708663, 'lag_6': 0.2121963264734782, 'lag_7': 0.2989219422519627, 'lag_8': 0.03370780203263836, 'lag_9': 0.5629578398934587, 'lag_10': 0.5795366947167757, 'lag_11': 0.5857590714605476, 'lag_12': 0.2763434495643285, 'lag_13': 0.4438648519553269, 'lag_14': 0.44439959142400304, 'lag_15': 0.9639524364556422, 'lag_16': 0.2286431660496316, 'lag_17': 0.552427895409328, 'lag_18': 0.029271318803678018, 'lag_19': 0.13158184600549497, 'lag_20': 0.060353298976245966, 'lag_21': 0.4198193598207305, 'lag_22': 0.18401580010635007, 'lag_23': 0.4791192864466398, 'lag_24': 0.6059742332305544, 'lag_25': 0.5086543227676387, 'lag_26': 0.5853318439764378, 'lag_27': 0.5231982831680951, 'lag_28': 0.4212150751283215}. Best is trial 31 with value: 0.008723042743463893.
[I 2025-09-29 12:53:58,578] Trial 85 finished with value: 0.010190397039383466 and parameters: {'lag_0': 0.3966784663794162, 'lag_1': 0.5013672764004882, 'lag_2': 0.11677866842169658, 'lag_3': 0.3285858368898994, 'lag_4': 0.9487078900065348, 'lag_5': 0.46524818590386496, 'lag_6': 0.2502242360101373, 'lag_7': 0.21889249160111285, 'lag_8': 0.8287151163583032, 'lag_9': 0.728384085929172, 'lag_10': 0.27019773789807927, 'lag_11': 0.10512734919854415, 'lag_12': 0.4848215132763997, 'lag_13': 0.8793298808023595, 'lag_14': 0.580359292181405, 'lag_15': 0.5496484160448881, 'lag_16': 0.18801332564952924, 'lag_17': 0.325586456666364, 'lag_18': 0.3796030022310438, 'lag_19': 0.9464870499507406, 'lag_20': 0.643766441093894, 'lag_21': 0.360140934552691, 'lag_22': 0.3756501847723803, 'lag_23': 0.43589967969557925, 'lag_24': 0.5216199545306263, 'lag_25': 0.8713992132717925, 'lag_26': 0.29088181673963476, 'lag_27': 0.3298176202857157, 'lag_28': 0.4710237553810814}. Best is trial 31 with value: 0.008723042743463893.
[I 2025-09-29 12:54:01,135] Trial 86 finished with value: 0.009652582651819442 and parameters: {'lag_0': 0.25821468731447783, 'lag_1': 0.583947936859266, 'lag_2': 0.46731283854807926, 'lag_3': 0.3793988696703099, 'lag_4': 0.6295189460848889, 'lag_5': 0.5557595557878636, 'lag_6': 0.5707462936193516, 'lag_7': 0.5012347054710219, 'lag_8': 0.5221045763233694, 'lag_9': 0.49115215031805687, 'lag_10': 0.46674475925369435, 'lag_11': 0.883138139300238, 'lag_12': 0.3639134167225665, 'lag_13': 0.955716555315622, 'lag_14': 0.1936774858378345, 'lag_15': 0.484483660997964, 'lag_16': 0.11799935203778765, 'lag_17': 0.18131759333379727, 'lag_18': 0.4155687181990936, 'lag_19': 0.1645152774222225, 'lag_20': 0.15412326708086654, 'lag_21': 0.5466978891137446, 'lag_22': 0.21199746925676793, 'lag_23': 0.612783432106553, 'lag_24': 0.6580831229369963, 'lag_25': 0.7690398509225994, 'lag_26': 0.8641074285514694, 'lag_27': 0.43221104439454144, 'lag_28': 0.5174530850781013}. Best is trial 31 with value: 0.008723042743463893.
[I 2025-09-29 12:54:03,698] Trial 87 finished with value: 0.009762377018052248 and parameters: {'lag_0': 0.6676974999527909, 'lag_1': 0.7538571664500122, 'lag_2': 0.2155666906882111, 'lag_3': 0.4508511490610737, 'lag_4': 0.6838148958675205, 'lag_5': 0.9622058979529894, 'lag_6': 0.8601520099350091, 'lag_7': 0.25154677913576523, 'lag_8': 0.6522123638755748, 'lag_9': 0.8882787898945659, 'lag_10': 0.40244234339931995, 'lag_11': 0.056012179916021455, 'lag_12': 0.04687258274172665, 'lag_13': 0.7742283367473107, 'lag_14': 0.5473892797979577, 'lag_15': 0.028536323727705037, 'lag_16': 0.30368292493312177, 'lag_17': 0.6847778203241944, 'lag_18': 0.758265795385078, 'lag_19': 0.28235795931344687, 'lag_20': 0.09769611164920662, 'lag_21': 0.7714433686579392, 'lag_22': 0.4689274935861683, 'lag_23': 0.5204924839705901, 'lag_24': 0.4847077573659159, 'lag_25': 0.9336752165962142, 'lag_26': 0.5215429845189483, 'lag_27': 0.7847687780101368, 'lag_28': 0.44216362949286514}. Best is trial 31 with value: 0.008723042743463893.
[I 2025-09-29 12:54:06,265] Trial 88 finished with value: 0.009392079087190024 and parameters: {'lag_0': 0.5231869201155148, 'lag_1': 0.5569935587374555, 'lag_2': 0.36067461324612543, 'lag_3': 0.242399585064405, 'lag_4': 0.9005225934423535, 'lag_5': 0.23857932450795494, 'lag_6': 0.13571702098296207, 'lag_7': 0.11968581010739296, 'lag_8': 0.9016589786215935, 'lag_9': 0.6820111621891141, 'lag_10': 0.8310639396177981, 'lag_11': 0.9608651805361383, 'lag_12': 0.3171414624390288, 'lag_13': 0.48470216387163145, 'lag_14': 0.04723102163172376, 'lag_15': 0.1391974368883074, 'lag_16': 0.4336450299462825, 'lag_17': 0.13510294765827943, 'lag_18': 0.467465862852428, 'lag_19': 0.4037509841192628, 'lag_20': 0.21409481114520953, 'lag_21': 0.7349021171201457, 'lag_22': 0.15314515020218455, 'lag_23': 0.7368292404315251, 'lag_24': 0.5909652317827919, 'lag_25': 0.31104733165755416, 'lag_26': 0.46580620970871384, 'lag_27': 0.7371463523068794, 'lag_28': 0.40140923863000655}. Best is trial 31 with value: 0.008723042743463893.
[I 2025-09-29 12:54:08,824] Trial 89 finished with value: 0.009334520931411603 and parameters: {'lag_0': 0.4172102178297809, 'lag_1': 0.6133300044367962, 'lag_2': 0.02135975838414692, 'lag_3': 0.2844917523543746, 'lag_4': 0.07683906929441153, 'lag_5': 0.40131805318636016, 'lag_6': 0.0037974341817682868, 'lag_7': 0.5399933670606637, 'lag_8': 0.6815146987813006, 'lag_9': 0.649925990310143, 'lag_10': 0.7670267331604353, 'lag_11': 0.5249147815510874, 'lag_12': 0.9976347072581933, 'lag_13': 0.5159308075296763, 'lag_14': 0.8374359958663253, 'lag_15': 0.4363222866872514, 'lag_16': 0.5315108824313983, 'lag_17': 0.096146692527843, 'lag_18': 0.3399644642804577, 'lag_19': 0.8453465068329167, 'lag_20': 0.6836997775703971, 'lag_21': 0.6632204364862734, 'lag_22': 0.6083698793834443, 'lag_23': 0.3825604397577938, 'lag_24': 0.36643283880599503, 'lag_25': 0.4596528101238354, 'lag_26': 0.40037431341626156, 'lag_27': 0.5613619662134428, 'lag_28': 0.35736145922354234}. Best is trial 31 with value: 0.008723042743463893.
[I 2025-09-29 12:54:11,390] Trial 90 finished with value: 0.009809869306087623 and parameters: {'lag_0': 0.4626195912632364, 'lag_1': 0.41429123097857923, 'lag_2': 0.18984952237455416, 'lag_3': 0.48871327604330606, 'lag_4': 0.20294898705342848, 'lag_5': 0.8578026481991506, 'lag_6': 0.17882419322398074, 'lag_7': 0.3908760476915047, 'lag_8': 0.7795654661610161, 'lag_9': 0.7607219923402996, 'lag_10': 0.7027134976542063, 'lag_11': 0.9364107572776694, 'lag_12': 0.7118954769108667, 'lag_13': 0.4224634243322933, 'lag_14': 0.10620067032150765, 'lag_15': 0.07196482065376439, 'lag_16': 0.6584573313932047, 'lag_17': 0.28498696140439694, 'lag_18': 0.21354189040544885, 'lag_19': 0.06570888707725088, 'lag_20': 0.06536594032656295, 'lag_21': 0.8271678943630115, 'lag_22': 0.4212904988010182, 'lag_23': 0.5634051223603985, 'lag_24': 0.2645562698695371, 'lag_25': 0.684895337769164, 'lag_26': 0.9779934569069342, 'lag_27': 0.4086013635875309, 'lag_28': 0.5614087141381754}. Best is trial 31 with value: 0.008723042743463893.
[I 2025-09-29 12:54:13,964] Trial 91 finished with value: 0.01029297559353296 and parameters: {'lag_0': 0.3536380579262154, 'lag_1': 0.6458890954345403, 'lag_2': 0.09927834032927867, 'lag_3': 0.3516022760650033, 'lag_4': 0.9622619738505137, 'lag_5': 0.8834882036623063, 'lag_6': 0.04010617279594855, 'lag_7': 0.06347371594701615, 'lag_8': 0.7013738172679491, 'lag_9': 0.8082266619758564, 'lag_10': 0.18547157635032452, 'lag_11': 0.8292152537388684, 'lag_12': 0.41959483298643796, 'lag_13': 0.6383515000606255, 'lag_14': 0.4852072891597479, 'lag_15': 0.2627937073467753, 'lag_16': 0.0097671207956537, 'lag_17': 0.3688911826037187, 'lag_18': 0.24123384938277503, 'lag_19': 0.12284771708872168, 'lag_20': 0.1457932788381865, 'lag_21': 0.8054100008091968, 'lag_22': 0.2796977324734203, 'lag_23': 0.3738510953147481, 'lag_24': 0.4481524573374836, 'lag_25': 0.4870335080465882, 'lag_26': 0.7866897472155108, 'lag_27': 0.6115870042128673, 'lag_28': 0.3240845271313465}. Best is trial 31 with value: 0.008723042743463893.
[I 2025-09-29 12:54:16,532] Trial 92 finished with value: 0.009528074574713592 and parameters: {'lag_0': 0.3350168095211685, 'lag_1': 0.6680262607140512, 'lag_2': 0.048472391858988106, 'lag_3': 0.362680516332795, 'lag_4': 0.9817944911810921, 'lag_5': 0.9189312918963901, 'lag_6': 0.027338260907194788, 'lag_7': 0.15814922446920537, 'lag_8': 0.7949535300803909, 'lag_9': 0.8034231873384577, 'lag_10': 0.29802574308939855, 'lag_11': 0.8410072547976819, 'lag_12': 0.4399099037467547, 'lag_13': 0.6688612737203117, 'lag_14': 0.5236422914175247, 'lag_15': 0.19356547314881853, 'lag_16': 0.02099020195503066, 'lag_17': 0.33198329781439867, 'lag_18': 0.1652521894483735, 'lag_19': 0.10793188676854243, 'lag_20': 0.23987884905060852, 'lag_21': 0.8659616451981744, 'lag_22': 0.3196521789938167, 'lag_23': 0.35183020753713234, 'lag_24': 0.43006104264591466, 'lag_25': 0.836113710271275, 'lag_26': 0.897841410541647, 'lag_27': 0.7999658367745749, 'lag_28': 0.38209025257309237}. Best is trial 31 with value: 0.008723042743463893.
[I 2025-09-29 12:54:19,096] Trial 93 finished with value: 0.00933374124268611 and parameters: {'lag_0': 0.3071225698957449, 'lag_1': 0.6312070672619532, 'lag_2': 0.1399265082002872, 'lag_3': 0.42697018479487436, 'lag_4': 0.937034104994369, 'lag_5': 0.7837615814452835, 'lag_6': 0.0707203396216258, 'lag_7': 0.0232010090838142, 'lag_8': 0.7060135534082626, 'lag_9': 0.8375694988226058, 'lag_10': 0.2420728078081071, 'lag_11': 0.8037841825862377, 'lag_12': 0.23035382514679217, 'lag_13': 0.7520017567221469, 'lag_14': 0.5038349899628853, 'lag_15': 0.24892319742686322, 'lag_16': 0.4606162078216405, 'lag_17': 0.4722402777704533, 'lag_18': 0.1249117092881547, 'lag_19': 0.23608297722318344, 'lag_20': 0.10610190600073666, 'lag_21': 0.8153964748273481, 'lag_22': 0.24255385019905298, 'lag_23': 0.46622486154640447, 'lag_24': 0.6299311754368829, 'lag_25': 0.5852446742284545, 'lag_26': 0.9210629352987139, 'lag_27': 0.7005238805670726, 'lag_28': 0.4927089567564483}. Best is trial 31 with value: 0.008723042743463893.
[I 2025-09-29 12:54:21,652] Trial 94 finished with value: 0.009809820334609087 and parameters: {'lag_0': 0.9192824297027715, 'lag_1': 0.594144822498863, 'lag_2': 0.3323712610388482, 'lag_3': 0.125654217916006, 'lag_4': 0.8266493080062153, 'lag_5': 0.9009519324601343, 'lag_6': 0.09842878707021663, 'lag_7': 0.08679006510168899, 'lag_8': 0.8648897505872712, 'lag_9': 0.8547136365208103, 'lag_10': 0.53412642148933, 'lag_11': 0.6727185000247439, 'lag_12': 0.7755831172895072, 'lag_13': 0.7149701103193095, 'lag_14': 0.6370371539839759, 'lag_15': 0.5203625579157115, 'lag_16': 0.03271024905612461, 'lag_17': 0.41307326617007767, 'lag_18': 0.9205533568275076, 'lag_19': 0.19683011126600375, 'lag_20': 0.19540932778535985, 'lag_21': 0.6276596676974053, 'lag_22': 0.37197258137995837, 'lag_23': 0.2673756151457218, 'lag_24': 0.4970382457044856, 'lag_25': 0.37493674747984473, 'lag_26': 0.6037146801827908, 'lag_27': 0.8347139344349922, 'lag_28': 0.10438408287518137}. Best is trial 31 with value: 0.008723042743463893.
[I 2025-09-29 12:54:24,217] Trial 95 finished with value: 0.00967146523185326 and parameters: {'lag_0': 0.3769343651874938, 'lag_1': 0.8014175657521768, 'lag_2': 0.1149794804512139, 'lag_3': 0.31986948305369045, 'lag_4': 0.862712749506119, 'lag_5': 0.9340204200718989, 'lag_6': 0.9110076377821335, 'lag_7': 0.20518819205769664, 'lag_8': 0.736503936830338, 'lag_9': 0.7848601181039089, 'lag_10': 0.5661300451380884, 'lag_11': 0.7865062209842838, 'lag_12': 0.3990587285198749, 'lag_13': 0.5466209416478237, 'lag_14': 0.43271968471224703, 'lag_15': 0.2229896619293434, 'lag_16': 0.09892351052031068, 'lag_17': 0.44028655347373946, 'lag_18': 0.8090964102518019, 'lag_19': 0.3133351397426199, 'lag_20': 0.28433922678251716, 'lag_21': 0.878000196279146, 'lag_22': 0.2775546416378645, 'lag_23': 0.42580404704322644, 'lag_24': 0.4031356885288125, 'lag_25': 0.6085890276736448, 'lag_26': 0.37098587161995467, 'lag_27': 0.6552508179630875, 'lag_28': 0.4089569333110956}. Best is trial 31 with value: 0.008723042743463893.
[I 2025-09-29 12:54:26,785] Trial 96 finished with value: 0.008871275279576684 and parameters: {'lag_0': 0.2662103336183127, 'lag_1': 0.48996791997352607, 'lag_2': 0.4022566743304242, 'lag_3': 0.9462228474701908, 'lag_4': 0.9029756297104566, 'lag_5': 0.8268951406783184, 'lag_6': 0.4069747960103673, 'lag_7': 0.41351777198804457, 'lag_8': 0.17221790138022897, 'lag_9': 0.7118256687183263, 'lag_10': 0.6126196840557258, 'lag_11': 0.9216606839081414, 'lag_12': 0.47354968062051633, 'lag_13': 0.6779239917037694, 'lag_14': 0.461052240928744, 'lag_15': 0.2899237590238493, 'lag_16': 0.0664861210638786, 'lag_17': 0.3490097209066234, 'lag_18': 0.9886784002564137, 'lag_19': 0.04215418829043373, 'lag_20': 0.0815831759950568, 'lag_21': 0.9281330314319636, 'lag_22': 0.3029644721138797, 'lag_23': 0.32895719624073605, 'lag_24': 0.4696681015502588, 'lag_25': 0.6547336715084142, 'lag_26': 0.7390625294783759, 'lag_27': 0.2951706536743902, 'lag_28': 0.3681476363262908}. Best is trial 31 with value: 0.008723042743463893.
[I 2025-09-29 12:54:29,342] Trial 97 finished with value: 0.010030650014819783 and parameters: {'lag_0': 0.2091205228338316, 'lag_1': 0.4716745638599678, 'lag_2': 0.3996119198593269, 'lag_3': 0.940455168125581, 'lag_4': 0.03825255841941644, 'lag_5': 0.8311304988172135, 'lag_6': 0.40532745361828104, 'lag_7': 0.47323041252519904, 'lag_8': 0.1836312664796341, 'lag_9': 0.7053086270085408, 'lag_10': 0.6210169432122847, 'lag_11': 0.8992289103155648, 'lag_12': 0.4677482219075149, 'lag_13': 0.7092755733118024, 'lag_14': 0.14561172570563968, 'lag_15': 0.2934525199816379, 'lag_16': 0.14537072791114006, 'lag_17': 0.09008003532091799, 'lag_18': 0.973762156493977, 'lag_19': 0.025352267614258864, 'lag_20': 0.02431191473045984, 'lag_21': 0.9400375639133342, 'lag_22': 0.19149522194729185, 'lag_23': 0.3257921758503743, 'lag_24': 0.21353874904301362, 'lag_25': 0.6501280233804113, 'lag_26': 0.7304581032745748, 'lag_27': 0.2769797768297728, 'lag_28': 0.44800789614926056}. Best is trial 31 with value: 0.008723042743463893.
[I 2025-09-29 12:54:31,918] Trial 98 finished with value: 0.00943802384259428 and parameters: {'lag_0': 0.26610938625549163, 'lag_1': 0.4413308223935768, 'lag_2': 0.24874059797311998, 'lag_3': 0.766012237556802, 'lag_4': 0.17723451954799846, 'lag_5': 0.7909545979457748, 'lag_6': 0.5259044339463926, 'lag_7': 0.4227467110554313, 'lag_8': 0.11893109827215372, 'lag_9': 0.7366295263076948, 'lag_10': 0.6010503592173595, 'lag_11': 0.9981798571911168, 'lag_12': 0.5469747067504195, 'lag_13': 0.8256092807527527, 'lag_14': 0.5923662603689305, 'lag_15': 0.3862413323182371, 'lag_16': 0.607540532401725, 'lag_17': 0.23100208297408056, 'lag_18': 0.8752647733373875, 'lag_19': 0.0785057619182568, 'lag_20': 0.07416733397865324, 'lag_21': 0.9198673592695521, 'lag_22': 0.33139104258453156, 'lag_23': 0.39703456795660436, 'lag_24': 0.4651711977512746, 'lag_25': 0.7174228407709984, 'lag_26': 0.7721175289656619, 'lag_27': 0.218233596241161, 'lag_28': 0.2062781097731695}. Best is trial 31 with value: 0.008723042743463893.
[I 2025-09-29 12:54:34,612] Trial 99 finished with value: 0.009076215271769973 and parameters: {'lag_0': 0.15481031186540262, 'lag_1': 0.48861821450769405, 'lag_2': 0.4285257966658116, 'lag_3': 0.8366901041843442, 'lag_4': 0.913871003351336, 'lag_5': 0.7370298235843514, 'lag_6': 0.31749450973299626, 'lag_7': 0.29096779810946094, 'lag_8': 0.076390426467557, 'lag_9': 0.674409641890389, 'lag_10': 0.6642657924648653, 'lag_11': 0.02948055135144946, 'lag_12': 0.5925708900973374, 'lag_13': 0.3891310788906227, 'lag_14': 0.2205585554188516, 'lag_15': 0.4083976578622639, 'lag_16': 0.06617645631738016, 'lag_17': 0.043550352382864504, 'lag_18': 0.9301187174431954, 'lag_19': 0.17461066756948396, 'lag_20': 0.16813087135169846, 'lag_21': 0.9768126738539153, 'lag_22': 0.5056710586860941, 'lag_23': 0.2179540605580696, 'lag_24': 0.5057973303376171, 'lag_25': 0.8025609180574067, 'lag_26': 0.6284369104357113, 'lag_27': 0.25263064869587376, 'lag_28': 0.6097090745960659}. Best is trial 31 with value: 0.008723042743463893.
[I 2025-09-29 12:54:34,624] A new study created in memory with name: no-name-03ad6bea-ec02-44da-b5be-947639f8967f
[I 2025-09-29 12:54:37,134] Trial 0 finished with value: 0.006071864849685503 and parameters: {'lag_0': 0.872351282686731, 'lag_1': 0.1513584539440883, 'lag_2': 0.48331386848052865, 'lag_3': 0.18557992919617, 'lag_4': 0.8027022029033127, 'lag_5': 0.9417494649917513, 'lag_6': 0.6983142576386664, 'lag_7': 0.8184747084410712, 'lag_8': 0.5414168209317141, 'lag_9': 0.3318231891489316, 'lag_10': 0.2117065586362353, 'lag_11': 0.9946860563209633, 'lag_12': 0.7028673436323533, 'lag_13': 0.35480371690599294, 'lag_14': 0.0645659850771608, 'lag_15': 0.5337971733387902, 'lag_16': 0.33166997645657165, 'lag_17': 0.23681332457313267, 'lag_18': 0.5640552303719613, 'lag_19': 0.038008702084595, 'lag_20': 0.3245053219119054, 'lag_21': 0.29496402504442193, 'lag_22': 0.7298027233309801, 'lag_23': 0.4668049358363514, 'lag_24': 0.7909143345660805, 'lag_25': 0.8613394846649449, 'lag_26': 0.08825520872977496, 'lag_27': 0.2900349038531633, 'lag_28': 0.9489073530603662}. Best is trial 0 with value: 0.006071864849685503.
[I 2025-09-29 12:54:39,636] Trial 1 finished with value: 0.006276864565290877 and parameters: {'lag_0': 0.02700059642202077, 'lag_1': 0.11879022122381754, 'lag_2': 0.747398767870796, 'lag_3': 0.2539574932065249, 'lag_4': 0.2791537594077857, 'lag_5': 0.02718757390572653, 'lag_6': 0.6664399986320624, 'lag_7': 0.24832077232584202, 'lag_8': 0.825807678420111, 'lag_9': 0.573040875163949, 'lag_10': 0.9757483047556962, 'lag_11': 0.16665492598745787, 'lag_12': 0.3546611658068711, 'lag_13': 0.3864280420026718, 'lag_14': 0.2740274146402137, 'lag_15': 0.028639861399500557, 'lag_16': 0.3449808067518051, 'lag_17': 0.012106898701259021, 'lag_18': 0.8668690324486331, 'lag_19': 0.12974157346975995, 'lag_20': 0.8448385169827614, 'lag_21': 0.7059392765568747, 'lag_22': 0.9859602337026575, 'lag_23': 0.7288126522220559, 'lag_24': 0.672837923788539, 'lag_25': 0.005150953615557839, 'lag_26': 0.42587233691519755, 'lag_27': 0.7877269828409276, 'lag_28': 0.4321025474842387}. Best is trial 0 with value: 0.006071864849685503.
[I 2025-09-29 12:54:42,142] Trial 2 finished with value: 0.005859259623005597 and parameters: {'lag_0': 0.145173811013253, 'lag_1': 0.8738488112851547, 'lag_2': 0.2287588103647026, 'lag_3': 0.6028269986712256, 'lag_4': 0.5323279909677365, 'lag_5': 0.6640417890028525, 'lag_6': 0.8242853905839911, 'lag_7': 0.7617949649115149, 'lag_8': 0.9581050608454762, 'lag_9': 0.745763680748512, 'lag_10': 0.4470897263059965, 'lag_11': 0.9097530727658785, 'lag_12': 0.46422386820896105, 'lag_13': 0.20403588647563736, 'lag_14': 0.8230296263617011, 'lag_15': 0.9637497298323494, 'lag_16': 0.13823174258886095, 'lag_17': 0.38218769589103524, 'lag_18': 0.6439526037512704, 'lag_19': 0.005678765690413224, 'lag_20': 0.5867034261201782, 'lag_21': 0.7078769468920555, 'lag_22': 0.07555047444225231, 'lag_23': 0.6207390815302832, 'lag_24': 0.3476451689541397, 'lag_25': 0.7780226409354767, 'lag_26': 0.7005642584030336, 'lag_27': 0.9165742928642169, 'lag_28': 0.5953600377972935}. Best is trial 2 with value: 0.005859259623005597.
[I 2025-09-29 12:54:44,643] Trial 3 finished with value: 0.005998402964666834 and parameters: {'lag_0': 0.11286202023430002, 'lag_1': 0.7266988638304523, 'lag_2': 0.7794448469860379, 'lag_3': 0.6727631883434274, 'lag_4': 0.09608649905179253, 'lag_5': 0.660227924285447, 'lag_6': 0.5136450564813548, 'lag_7': 0.48369442871688506, 'lag_8': 0.6473524573852008, 'lag_9': 0.996320947593041, 'lag_10': 0.46187667479452804, 'lag_11': 0.9013904657216026, 'lag_12': 0.2573120709574772, 'lag_13': 0.8265140567334326, 'lag_14': 0.008922373792676241, 'lag_15': 0.3980221498828889, 'lag_16': 0.7288349056928243, 'lag_17': 0.22483820551013986, 'lag_18': 0.8415600005826189, 'lag_19': 0.574827813114259, 'lag_20': 0.18889360884449932, 'lag_21': 0.024745087484938033, 'lag_22': 0.6349452115481125, 'lag_23': 0.9336020652307659, 'lag_24': 0.37124800894398036, 'lag_25': 0.46174973062323543, 'lag_26': 0.9413834360472282, 'lag_27': 0.4163275218341245, 'lag_28': 0.5942160617644427}. Best is trial 2 with value: 0.005859259623005597.
