[I 2025-10-03 11:34:36,236] Trial 77 finished with values: [0.006444444444444445, 0.00584182760343956, 0.004568040018218497, 0.0006555933755411546, 0.00017084718638211472, 0.0002526262362256877, 0.0015058694822184153, 0.0006982057184754858, 0.00019655714193507506, 0.000979419761677028, 0.0006638952054088725, 0.0044352954383628075, 0.009269444797381583, 0.017808140551919944, 0.0, 0.029234930190857954, 0.0032864235447488135, 0.0007175297451604291, 0.00035818407845582435, 0.0014110253939561613, 0.0001210125006836673, 0.0007565320867365324, 0.0009087060572108941, 0.0003700664390845722, 0.0001215008789370405, 0.004233790616161991, 0.000220911621594914, 0.002070797835064067, 0.0013307823550796484] and parameters: {'lag_0': 0.9353931818946989, 'lag_1': 0.17073196678509117, 'lag_2': 0.19120312311701257, 'lag_3': 0.8959323502678735, 'lag_4': 0.005190357431531024, 'lag_5': 0.9351932367377018, 'lag_6': 0.4907563758769764, 'lag_7': 0.18416875747758032, 'lag_8': 0.5625750484163413, 'lag_9': 0.3836103985342088, 'lag_10': 0.31096741724306065, 'lag_11': 0.4475218641590389, 'lag_12': 0.11280985700208744, 'lag_13': 0.15161229633780435, 'lag_14': 0.04467176753497707, 'lag_15': 0.06674561818513462, 'lag_16': 0.20286406283552527, 'lag_17': 0.10692452951190293, 'lag_18': 0.7602461950305469, 'lag_19': 0.09710067405690608, 'lag_20': 0.4354861390983576, 'lag_21': 0.7917420678986183, 'lag_22': 0.06582766734316411, 'lag_23': 0.2676142632640293, 'lag_24': 0.11669658437263697, 'lag_25': 0.30414324017836847, 'lag_26': 0.5072581206412872, 'lag_27': 0.4771968791519625, 'lag_28': 0.6332805944379843}.
[I 2025-10-03 11:34:38,877] Trial 78 finished with values: [0.0059027777777777785, 0.0006510352689144171, 0.00482460508470043, 0.001341453915729599, 0.001213994266202229, 0.0002909938158180509, 0.001048486604791088, 0.0020583477645830994, 0.00018690583892727396, 0.0014886747465267108, 0.0002645816879417072, 0.004540626933579002, 0.006550429874491175, 0.01931583671172822, 0.0, 0.027538766915533412, 0.00345596630877574, 0.0005926967216443953, 0.00012495206758899447, 0.0012576172669077081, 0.00017504461537340811, 0.0009077412105332533, 0.0006393818603022399, 0.00018124324031990995, 0.0004368589924335079, 0.0026226706340309646, 0.0003175113101320133, 0.0009935550723434688, 0.0015513742125240005] and parameters: {'lag_0': 0.5611113796301976, 'lag_1': 0.7602451415866187, 'lag_2': 0.2231098029496395, 'lag_3': 0.31302996761618496, 'lag_4': 0.536584809022422, 'lag_5': 0.8238996263487305, 'lag_6': 0.11837506400516999, 'lag_7': 0.5080013848760563, 'lag_8': 0.797230553171378, 'lag_9': 0.5252002147748729, 'lag_10': 0.5561967371455161, 'lag_11': 0.8846525128202561, 'lag_12': 0.16940071527035136, 'lag_13': 0.8375131385756233, 'lag_14': 0.23089825536669567, 'lag_15': 0.6621831819817231, 'lag_16': 0.9681384211436502, 'lag_17': 0.8188433116241254, 'lag_18': 0.32757172109317767, 'lag_19': 0.3011098004445551, 'lag_20': 0.9806209014632323, 'lag_21': 0.5415290301239879, 'lag_22': 0.7347644434158892, 'lag_23': 0.44304999580832594, 'lag_24': 0.06237953546642213, 'lag_25': 0.5274519702719752, 'lag_26': 0.06954007454134914, 'lag_27': 0.32776283081896695, 'lag_28': 0.12916241181757337}.
[I 2025-10-03 11:34:41,512] Trial 79 finished with values: [0.002569444444444445, 0.003431676442461953, 0.003293278245540277, 0.00158317325261207, 0.0003704256851839186, 0.00021391459842786523, 0.0024292601479203686, 0.0008852860291060381, 0.00025055793996234905, 0.001811764667374701, 0.00016974126320903248, 0.003654067053489936, 0.007414844440172712, 0.017639629635596822, 0.0, 0.04039951513626176, 0.001523219707609085, 0.00016633606590713058, 0.0004453746539964013, 0.0010098433183664526, 0.0001543911493868046, 0.0008892988043488667, 0.0006258996125448569, 0.00027700636076561085, 0.00042963943195346393, 0.0032728188738088, 0.000277652472709858, 0.0006216874602223644, 0.0009473207361291869] and parameters: {'lag_0': 0.5611113796301976, 'lag_1': 0.6307991602951436, 'lag_2': 0.2231098029496395, 'lag_3': 0.043093330533930954, 'lag_4': 0.536584809022422, 'lag_5': 0.017954631326331943, 'lag_6': 0.5535325671564377, 'lag_7': 0.8628642138430315, 'lag_8': 0.797230553171378, 'lag_9': 0.5252002147748729, 'lag_10': 0.7138819886273606, 'lag_11': 0.8846525128202561, 'lag_12': 0.30566820887049767, 'lag_13': 0.8375131385756233, 'lag_14': 0.23089825536669567, 'lag_15': 0.6621831819817231, 'lag_16': 0.38396008352439104, 'lag_17': 0.8188433116241254, 'lag_18': 0.6029438565914067, 'lag_19': 0.06479882337839245, 'lag_20': 0.9692317625875904, 'lag_21': 0.9703949940766738, 'lag_22': 0.7347644434158892, 'lag_23': 0.14185684613673527, 'lag_24': 0.06237953546642213, 'lag_25': 0.5052780132434737, 'lag_26': 0.06954007454134914, 'lag_27': 0.3443460803991732, 'lag_28': 0.18325385027511695}.
[I 2025-10-03 11:34:44,153] Trial 80 finished with values: [0.001987451165772844, 0.009371120741036531, 0.0008528742491506017, 0.0008756559777006609, 0.00035841315181688873, 0.0001202220381620977, 0.0010615451491445365, 0.0006142554460076048, 0.0003839273538041771, 0.0026741768923076153, 0.0002449408422112229, 0.0037884820399821948, 0.007915284885608987, 0.01807313701173099, 0.0, 0.0310462553041094, 0.0026089540384901548, 0.0002724548511837934, 0.00024334882935769008, 0.0013306960177412, 8.068657398871622e-05, 0.0006493148305811605, 0.00045738315545644, 0.00021181137202630934, 0.00013364471206432632, 0.004329195163203136, 0.00026127378180641465, 0.0017690801360030583, 0.0013386301695052579] and parameters: {'lag_0': 0.8398109702868624, 'lag_1': 0.8219794594350196, 'lag_2': 0.3280405635096361, 'lag_3': 0.118941262039121, 'lag_4': 0.3201752509001538, 'lag_5': 0.040027152077157464, 'lag_6': 0.13041551313398897, 'lag_7': 0.7560792330598849, 'lag_8': 0.12146775455555886, 'lag_9': 0.07341051019608924, 'lag_10': 0.7748936092319116, 'lag_11': 0.9735069097124466, 'lag_12': 0.16426637777475392, 'lag_13': 0.002082045414541521, 'lag_14': 0.8874726776345185, 'lag_15': 0.5026258138245991, 'lag_16': 0.733937723452774, 'lag_17': 0.055511705002447065, 'lag_18': 0.015487268841483668, 'lag_19': 0.31799038748453873, 'lag_20': 0.4554272624011535, 'lag_21': 0.5280734500146854, 'lag_22': 0.6153999783908025, 'lag_23': 0.036560753629228705, 'lag_24': 0.17955596219931777, 'lag_25': 0.6385476983531706, 'lag_26': 0.0813709476818247, 'lag_27': 0.5405775146618473, 'lag_28': 0.4370075927449442}.
[I 2025-10-03 11:34:46,791] Trial 81 finished with values: [0.0044444444444444444, 0.004105149506427916, 0.0040269496908970385, 0.001936097568415719, 0.000265076861731544, 0.00017238129105640187, 0.0014947624724504591, 0.0005140970222591147, 0.00019792911141620846, 0.0010099090654874408, 0.000416093179812621, 0.003673456601362596, 0.006963788163564748, 0.0162509116098192, 0.0, 0.03100986601972665, 0.001865674677005183, 0.0002765407195732359, 0.00020855878848598299, 0.0016909153648096253, 0.00027476576985800943, 0.0005528307347375595, 0.0004578840496851233, 0.00020980438122714887, 0.0001249528326448887, 0.0032118993710514394, 0.0003344956790806002, 0.0009459240589541325, 0.00041322314049586776] and parameters: {'lag_0': 0.1860894796959387, 'lag_1': 0.4044672927853909, 'lag_2': 0.8037885193275841, 'lag_3': 0.8228714432117286, 'lag_4': 0.21509217505945907, 'lag_5': 0.5469849345634048, 'lag_6': 0.9484563374588779, 'lag_7': 0.4610416616265086, 'lag_8': 0.8373326089663584, 'lag_9': 0.9286178163068581, 'lag_10': 0.2534011623757682, 'lag_11': 0.06386536005722478, 'lag_12': 0.47389942685890735, 'lag_13': 0.4895897914665539, 'lag_14': 0.06510448064837826, 'lag_15': 0.6154334113712264, 'lag_16': 0.6867561415975071, 'lag_17': 0.3777818891702129, 'lag_18': 0.4124428839360913, 'lag_19': 0.4863113253745742, 'lag_20': 0.3445086741822927, 'lag_21': 0.8424957074558435, 'lag_22': 0.8132065900770774, 'lag_23': 0.40186615417358224, 'lag_24': 0.16077841130801832, 'lag_25': 0.8776814278916554, 'lag_26': 0.6470800194033794, 'lag_27': 0.9752921730093016, 'lag_28': 0.9066232837670184}.
[I 2025-10-03 11:34:49,424] Trial 82 finished with values: [0.0032879818594104306, 0.0010676984914336103, 0.00203638426485174, 0.0010424587840573791, 0.0011399122675134162, 0.00014557079957913026, 0.002199299900465655, 0.000490498687455017, 0.00042860004415037174, 0.0021671462410994945, 0.00017784259486724303, 0.0038795133489913404, 0.007695778233561615, 0.01754515146951998, 0.0, 0.03531806256384253, 0.002322901245538597, 0.00018794656849627605, 0.00011522539232446919, 0.0016313438084400635, 2.8490178378364475e-05, 0.0005739244484376496, 0.0007983435507729432, 0.0003170578284172118, 0.00018573883546452283, 0.0028214333426416593, 0.0004704805250665018, 0.0003968765469468751, 0.003786170124998865] and parameters: {'lag_0': 0.04994994556170802, 'lag_1': 0.7093325536064052, 'lag_2': 0.3742728752066691, 'lag_3': 0.3274678962829248, 'lag_4': 0.9221866607327878, 'lag_5': 0.5403498822971561, 'lag_6': 0.547511467502924, 'lag_7': 0.11279843057772822, 'lag_8': 0.15307618142558674, 'lag_9': 0.8867717861003995, 'lag_10': 0.5961015821313704, 'lag_11': 0.9931977280287575, 'lag_12': 0.9635981010180044, 'lag_13': 0.14376372368534387, 'lag_14': 0.5588128806411324, 'lag_15': 0.9421978593171021, 'lag_16': 0.5850219521886469, 'lag_17': 0.42930499349699275, 'lag_18': 0.43329144841937955, 'lag_19': 0.8187570852833779, 'lag_20': 0.4584296815308842, 'lag_21': 0.3282276415522515, 'lag_22': 0.5081057029566188, 'lag_23': 0.4324638800871732, 'lag_24': 0.7743807729728731, 'lag_25': 0.2724381200087821, 'lag_26': 0.33344941170247505, 'lag_27': 0.6009658190206023, 'lag_28': 0.34421062590713125}.
[I 2025-10-03 11:34:52,063] Trial 83 finished with values: [0.0011111111111111111, 0.003585281016636328, 0.005056071223579173, 0.0004834747973856377, 0.00033372061516860645, 6.7163795760539e-05, 0.0025339351547669364, 0.0005524807425603656, 0.00037744927440871035, 0.001453679013640748, 0.0002701020660111231, 0.003787714911463053, 0.0074792853909766786, 0.01896515775149436, 0.0, 0.03451702115693078, 0.0027879516841424748, 0.00045908002648670004, 0.000351759209624764, 0.0021157860840099827, 0.00025713819231555125, 0.000835996550240639, 0.000982675053448967, 0.0002609808241723884, 0.00023266034751838195, 0.004293147032254002, 0.00044863119201272224, 0.002067832248541268, 0.0029582942328002628] and parameters: {'lag_0': 0.28796848984188933, 'lag_1': 0.36211375799537837, 'lag_2': 0.12000623120767748, 'lag_3': 0.13493447752175694, 'lag_4': 0.15750104165707204, 'lag_5': 0.7709421949554843, 'lag_6': 0.3156594069810492, 'lag_7': 0.3222989767890809, 'lag_8': 0.10357878530868282, 'lag_9': 0.2579859216773734, 'lag_10': 0.6183972864238332, 'lag_11': 0.7052498465372569, 'lag_12': 0.6289093705504083, 'lag_13': 0.20687206498153088, 'lag_14': 0.21541867595736186, 'lag_15': 0.03003667360041144, 'lag_16': 0.10508298670130477, 'lag_17': 0.5380471141492388, 'lag_18': 0.7778849877973435, 'lag_19': 0.9200945259500805, 'lag_20': 0.2731783863152161, 'lag_21': 0.8485541215467789, 'lag_22': 0.23786825711238116, 'lag_23': 0.7324035830221651, 'lag_24': 0.35738847116171096, 'lag_25': 0.6670116098789238, 'lag_26': 0.7920738920478444, 'lag_27': 0.30278274083341616, 'lag_28': 0.4911363530553951}.
[I 2025-10-03 11:34:54,846] Trial 84 finished with values: [0.00372876492194674, 0.007192112384169354, 0.0036337560227105007, 0.0018860508470646298, 0.0016059842913235013, 0.0005606850313820327, 0.002777278141037309, 0.0006582610732000395, 0.00018361923999494811, 0.001067749579968412, 0.0007882435533506689, 0.0032686608922356934, 0.007649709321338112, 0.01654698249275855, 0.0, 0.03720191147690263, 0.0012590546400959512, 0.0007425934613108565, 0.00029970083520371095, 0.0009081322007046128, 4.6676812416263045e-05, 0.0009189543211403672, 0.0007157384114029482, 0.00010435418972384678, 3.781610914200046e-05, 0.004160051001953319, 0.0006350557674670587, 0.002533196473803311, 0.001604393500319518] and parameters: {'lag_0': 0.28796848984188933, 'lag_1': 0.36211375799537837, 'lag_2': 0.12399610934014697, 'lag_3': 0.8292215762839227, 'lag_4': 0.4005232959169646, 'lag_5': 0.48528996786155304, 'lag_6': 0.4975265042061158, 'lag_7': 0.3222989767890809, 'lag_8': 0.17308446020706592, 'lag_9': 0.043349522879451076, 'lag_10': 0.8043003858884943, 'lag_11': 0.053284569425606554, 'lag_12': 0.4909022614424327, 'lag_13': 0.9927622396085274, 'lag_14': 0.0001644713815495094, 'lag_15': 0.36279200104785797, 'lag_16': 0.5256919495732094, 'lag_17': 0.44219873182017544, 'lag_18': 0.9763416525832758, 'lag_19': 0.9200945259500805, 'lag_20': 0.7395412735113484, 'lag_21': 0.2972322411204638, 'lag_22': 0.8447078937490086, 'lag_23': 0.9664733268209625, 'lag_24': 0.6787641205760251, 'lag_25': 0.05545358402712028, 'lag_26': 0.9154911998993426, 'lag_27': 0.4315716898434345, 'lag_28': 0.4911363530553951}.
[I 2025-10-03 11:34:57,488] Trial 85 finished with values: [0.005111111111111111, 0.0009305278978538955, 0.004120698437400107, 0.0009716578779184583, 0.0002367414478625967, 0.0001378003195759596, 0.001971810163733606, 0.0006299434060465872, 0.000388151350729472, 0.0013705191982045528, 0.0002383612907956143, 0.004568488657662086, 0.007076301336513648, 0.017320959063219833, 0.0, 0.02985942256130313, 0.0031014339412765313, 0.0003781315026047531, 0.00016628320834259172, 0.0013148595530179917, 0.00020918695071182983, 0.00045292546932877416, 0.0006583693859558305, 0.00016685815945489187, 0.00013861083404569398, 0.0038294219610632485, 0.00036332788542359294, 0.001105088895927951, 0.0006903245707507381] and parameters: {'lag_0': 0.22302656771196766, 'lag_1': 0.36843358591361636, 'lag_2': 0.6318314995909091, 'lag_3': 0.40409279986840674, 'lag_4': 0.9819051470485336, 'lag_5': 0.2806529015908145, 'lag_6': 0.7301978011219995, 'lag_7': 0.38403891320063116, 'lag_8': 0.019395789138978856, 'lag_9': 0.138593425064481, 'lag_10': 0.4340768409937579, 'lag_11': 0.4677827212068723, 'lag_12': 0.5302195675656446, 'lag_13': 0.5652005583774509, 'lag_14': 0.19911610079836015, 'lag_15': 0.15971383708514697, 'lag_16': 0.8133768646817702, 'lag_17': 0.6930913960378746, 'lag_18': 0.9509933451938818, 'lag_19': 0.3316594149808284, 'lag_20': 0.6410957337196819, 'lag_21': 0.5391234979581455, 'lag_22': 0.43765097210847415, 'lag_23': 0.9226555375697614, 'lag_24': 0.9141717119193153, 'lag_25': 0.0837033076090369, 'lag_26': 0.06754774762047361, 'lag_27': 0.7293008678541179, 'lag_28': 0.11217601115385406}.
[I 2025-10-03 11:35:00,132] Trial 86 finished with values: [0.0020987654320987655, 0.0015301217328792522, 0.003414239799887186, 0.001069641015260269, 0.001301503012607736, 0.00027614521179382856, 0.0014879178201130212, 0.0006266948699632093, 0.00016247822771291886, 0.0020415851145052033, 0.00043346066524264866, 0.004062612258209638, 0.007204165118362238, 0.01803755444209947, 0.0, 0.03301001002034781, 0.0037861798857043243, 0.00026504743536710903, 0.0006393951638680665, 0.001084271320493851, 6.972850529011866e-05, 0.0011073499887522982, 0.0010932759026931415, 0.00036434421057408904, 0.0004927830743261697, 0.0035668258461092352, 0.00012346076636996628, 0.002235764782508792, 0.0013346051970112415] and parameters: {'lag_0': 0.43347723967910146, 'lag_1': 0.08801344397088554, 'lag_2': 0.11584503590845223, 'lag_3': 0.9152418279199347, 'lag_4': 0.11167041623349608, 'lag_5': 0.3073508589395288, 'lag_6': 0.9366259825536087, 'lag_7': 0.12794076670301913, 'lag_8': 0.6027668162378853, 'lag_9': 0.5671042015679485, 'lag_10': 0.11870660224045332, 'lag_11': 0.5932294072022554, 'lag_12': 0.47468269458045176, 'lag_13': 0.579657040831575, 'lag_14': 0.7563782924831379, 'lag_15': 0.7430592034180162, 'lag_16': 0.07686277007735967, 'lag_17': 0.21917165130345467, 'lag_18': 0.23648386689864467, 'lag_19': 0.7527928585693395, 'lag_20': 0.9137524202469287, 'lag_21': 0.573127547857279, 'lag_22': 0.6078604695361094, 'lag_23': 0.16799572262525742, 'lag_24': 0.92337646002048, 'lag_25': 0.6874918438596607, 'lag_26': 0.9160269439351822, 'lag_27': 0.315264688201979, 'lag_28': 0.024089767329288317}.
[I 2025-10-03 11:35:02,770] Trial 87 finished with values: [0.0011111111111111111, 0.0037922222222222224, 0.0035707379425998055, 0.0015901523170867905, 0.0016344251852778025, 0.0003078844114253193, 0.0019433310466579058, 0.00061459541999382, 6.415844101638715e-05, 0.0013890128857826907, 0.0002027193774993545, 0.0038473032206639847, 0.007224367495348004, 0.016064407274215937, 0.0, 0.03726614551188008, 0.001484313717402084, 0.0001720185163573695, 0.00041027146604549265, 0.0010373504722838637, 0.00019451087617374739, 0.0010107984746531484, 0.0006003906064320717, 0.0002002599658735987, 0.00018572920889064497, 0.0038231732526219893, 0.0004044699805739353, 0.0016430531355971177, 0.0014416454902907916] and parameters: {'lag_0': 0.2137159409210493, 'lag_1': 0.8721016364804882, 'lag_2': 0.4638610976070483, 'lag_3': 0.5412286413508238, 'lag_4': 0.2829309752104897, 'lag_5': 0.9660170267084737, 'lag_6': 0.02760562496500426, 'lag_7': 0.9550161449849366, 'lag_8': 0.580412407001016, 'lag_9': 0.6984253497494081, 'lag_10': 0.9901412193796496, 'lag_11': 0.4605568529139169, 'lag_12': 0.7352280076829122, 'lag_13': 0.5589024435849828, 'lag_14': 0.843995244900324, 'lag_15': 0.8972224813393671, 'lag_16': 0.4377090897901768, 'lag_17': 0.040286448966621036, 'lag_18': 0.5287088991266065, 'lag_19': 0.9190554738781613, 'lag_20': 0.29649233441231876, 'lag_21': 0.5394471155082017, 'lag_22': 0.6025357435695213, 'lag_23': 0.7469560800289726, 'lag_24': 0.38794652255844936, 'lag_25': 0.6914917494324775, 'lag_26': 0.7627651017191911, 'lag_27': 0.4942519147106561, 'lag_28': 0.47273586357954916}.
[I 2025-10-03 11:35:05,409] Trial 88 finished with values: [0.0011111111111111111, 0.006317340864452607, 0.00462464284945149, 0.0011680886211753152, 0.0004509859413451004, 0.00045768327883865325, 0.0012703742655203656, 0.0006224210728221156, 0.00019806064778173497, 0.0013918793923516693, 0.00014082511445744325, 0.004399532319622548, 0.006986522561965742, 0.01870839281351574, 0.0, 0.034395777611362296, 0.002821498478771094, 7.682620984341693e-05, 0.00020256447553828596, 0.001212283849155784, 0.0001388915090442535, 0.0006245362604009643, 0.00089480957981413, 0.0004135318193201979, 0.00021186130562633206, 0.0038326384995351834, 0.00024364461723017238, 0.0012156133997455656, 0.0020814679103668523] and parameters: {'lag_0': 0.6918777930443052, 'lag_1': 0.1897970040092303, 'lag_2': 0.4638610976070483, 'lag_3': 0.6319549938773843, 'lag_4': 0.8364446612078037, 'lag_5': 0.046556849892911305, 'lag_6': 0.12451007555090962, 'lag_7': 0.5338756181753591, 'lag_8': 0.580412407001016, 'lag_9': 0.6984253497494081, 'lag_10': 0.18513268717793868, 'lag_11': 0.4605568529139169, 'lag_12': 0.8770955366723078, 'lag_13': 0.35610714795184134, 'lag_14': 0.843995244900324, 'lag_15': 0.9534127788423163, 'lag_16': 0.008621209636182767, 'lag_17': 0.040286448966621036, 'lag_18': 0.9183223289420421, 'lag_19': 0.5797036385274917, 'lag_20': 0.482520424987407, 'lag_21': 0.1423865841890824, 'lag_22': 0.6025357435695213, 'lag_23': 0.2494355130673532, 'lag_24': 0.38794652255844936, 'lag_25': 0.20175602704637544, 'lag_26': 0.7627651017191911, 'lag_27': 0.6797750037385037, 'lag_28': 0.5924769298572578}.
[I 2025-10-03 11:35:08,045] Trial 89 finished with values: [0.0011111111111111111, 0.008832074714566138, 0.0035600996259078444, 0.0024557553686144567, 0.0005122273762076787, 0.0002541189026144131, 0.0015550394087333085, 0.0005446561101160743, 0.001000533440440495, 0.001457335487713716, 0.00011443754428193661, 0.003639701021998265, 0.007808372684378455, 0.016445569349910594, 0.0, 0.03636161997095546, 0.0012668912173986642, 0.00019747326862766483, 0.00024509926391909413, 0.0009216719650052771, 0.00014977827557996156, 0.000855579982009889, 0.0006661134752451517, 0.0001782688361021841, 0.00033598936983256136, 0.003781786598886008, 0.0002589999183555688, 0.0014332563447201183, 0.0012641072213199003] and parameters: {'lag_0': 0.1910047468167966, 'lag_1': 0.5937795433275873, 'lag_2': 0.28228924720500104, 'lag_3': 0.12984929706549614, 'lag_4': 0.09385799050667325, 'lag_5': 0.4520573800944036, 'lag_6': 0.916877197925721, 'lag_7': 0.2956356496737362, 'lag_8': 0.09982593537607398, 'lag_9': 0.46237351001591076, 'lag_10': 0.5613650751572701, 'lag_11': 0.9782188972213184, 'lag_12': 0.6115779269118684, 'lag_13': 0.5863725760369295, 'lag_14': 0.21072493917468568, 'lag_15': 0.7255691325328908, 'lag_16': 0.7866805604981676, 'lag_17': 0.14325807457796047, 'lag_18': 0.7571745725719462, 'lag_19': 0.9335728715065764, 'lag_20': 0.5661162532490348, 'lag_21': 0.8677173721475836, 'lag_22': 0.6732897743846135, 'lag_23': 0.8021350050857082, 'lag_24': 0.42167117738309845, 'lag_25': 0.46521867238077375, 'lag_26': 0.21679675355192776, 'lag_27': 0.2706811904806486, 'lag_28': 0.586209534226962}.
