[I 2025-09-29 13:10:02,951] Trial 82 finished with value: 0.004696652417914065 and parameters: {'lag_0': 0.07588245257309734, 'lag_1': 0.6142308695949832, 'lag_2': 0.4480983996423897, 'lag_3': 0.5874212065129334, 'lag_4': 0.445573796477326, 'lag_5': 0.11586305227624388, 'lag_6': 0.5058100526753685, 'lag_7': 0.17772384867299693, 'lag_8': 0.5397635970155045, 'lag_9': 0.5202353143525434, 'lag_10': 0.6501858871528009, 'lag_11': 0.8800774948962429, 'lag_12': 0.02562385943522249, 'lag_13': 0.39347505020084783, 'lag_14': 0.23223004096540575, 'lag_15': 0.20058095231554401, 'lag_16': 0.16063471647106825, 'lag_17': 0.8487589337623234, 'lag_18': 0.6481018974684523, 'lag_19': 0.5326703828044639, 'lag_20': 0.6750319397567655, 'lag_21': 0.5535581808587136, 'lag_22': 0.41494155347319883, 'lag_23': 0.3189397798079385, 'lag_24': 0.7844397057866275, 'lag_25': 0.31174420130314084, 'lag_26': 0.30475074927900525, 'lag_27': 0.11888470853973605, 'lag_28': 0.16184745730998082}. Best is trial 28 with value: 0.0032896686685785644.
[I 2025-09-29 13:10:05,458] Trial 83 finished with value: 0.005340737924723683 and parameters: {'lag_0': 0.1511630931495278, 'lag_1': 0.5631159231245894, 'lag_2': 0.7060098490789497, 'lag_3': 0.31845858888273115, 'lag_4': 0.5125827823425346, 'lag_5': 0.2630242712510338, 'lag_6': 0.4695227203540464, 'lag_7': 0.10580674021372058, 'lag_8': 0.5532625559366879, 'lag_9': 0.4354582000116872, 'lag_10': 0.5718133443332446, 'lag_11': 0.8403978588180768, 'lag_12': 0.12780504992372121, 'lag_13': 0.4799101757194104, 'lag_14': 0.3163884907019532, 'lag_15': 0.12553346381352298, 'lag_16': 0.002097193541637843, 'lag_17': 0.8049436352033753, 'lag_18': 0.7191628744656217, 'lag_19': 0.4993995355147288, 'lag_20': 0.7635712806615765, 'lag_21': 0.6354284448134984, 'lag_22': 0.29620503374881135, 'lag_23': 0.3740240840494709, 'lag_24': 0.8671899041083629, 'lag_25': 0.35854841506529656, 'lag_26': 0.33962024142824987, 'lag_27': 0.09254694869365136, 'lag_28': 0.20127487625391546}. Best is trial 28 with value: 0.0032896686685785644.
[I 2025-09-29 13:10:07,969] Trial 84 finished with value: 0.005133679928233605 and parameters: {'lag_0': 0.08364078178846007, 'lag_1': 0.5014985927467086, 'lag_2': 0.8716648034835611, 'lag_3': 0.5007283744907874, 'lag_4': 0.45865064522351234, 'lag_5': 0.3191907071651163, 'lag_6': 0.42365826830907555, 'lag_7': 0.063729026941545, 'lag_8': 0.4648270955697544, 'lag_9': 0.6061976353304876, 'lag_10': 0.7362095560910334, 'lag_11': 0.9428996658562957, 'lag_12': 0.04899025956496296, 'lag_13': 0.43783890310234286, 'lag_14': 0.2589153534678828, 'lag_15': 0.1059070802621064, 'lag_16': 0.043392387683041746, 'lag_17': 0.6435389474529132, 'lag_18': 0.6146813612645717, 'lag_19': 0.4593536126692201, 'lag_20': 0.7043673562153305, 'lag_21': 0.6039879119150834, 'lag_22': 0.47638424668011525, 'lag_23': 0.13029247512016007, 'lag_24': 0.8006369102090424, 'lag_25': 0.45227191368808656, 'lag_26': 0.24692497304239996, 'lag_27': 0.3118590729344039, 'lag_28': 0.23908095807846044}. Best is trial 28 with value: 0.0032896686685785644.
[I 2025-09-29 13:10:10,481] Trial 85 finished with value: 0.005689075786113695 and parameters: {'lag_0': 0.1912732964580173, 'lag_1': 0.6506004173484142, 'lag_2': 0.44219338202540204, 'lag_3': 0.4688094183223176, 'lag_4': 0.575481840799619, 'lag_5': 0.23158144088913077, 'lag_6': 0.392107216689061, 'lag_7': 0.14039805251212428, 'lag_8': 0.6160740694184971, 'lag_9': 0.2794614453952595, 'lag_10': 0.6136320857413186, 'lag_11': 0.9066700248756155, 'lag_12': 0.0928117031639949, 'lag_13': 0.36075898488087266, 'lag_14': 0.288002674938883, 'lag_15': 0.14524058884856497, 'lag_16': 0.08098419019274733, 'lag_17': 0.8974975665684148, 'lag_18': 0.7590237878233579, 'lag_19': 0.6431014451884882, 'lag_20': 0.629411561607107, 'lag_21': 0.012807610582733442, 'lag_22': 0.3639815476341261, 'lag_23': 0.18663994893399538, 'lag_24': 0.7433813485989476, 'lag_25': 0.2979460351407209, 'lag_26': 0.1942039935242451, 'lag_27': 0.21605580547374953, 'lag_28': 0.07975047054809312}. Best is trial 28 with value: 0.0032896686685785644.
[I 2025-09-29 13:10:12,992] Trial 86 finished with value: 0.004857101220019083 and parameters: {'lag_0': 0.3725291975117023, 'lag_1': 0.33576962986026443, 'lag_2': 0.8363926769050205, 'lag_3': 0.40139834158004783, 'lag_4': 0.43253114877615956, 'lag_5': 0.2947123351322586, 'lag_6': 0.529143693979651, 'lag_7': 0.25983540266054433, 'lag_8': 0.6766737596316413, 'lag_9': 0.5745561631337686, 'lag_10': 0.6942091166367287, 'lag_11': 0.9782530666571152, 'lag_12': 0.1987775635021259, 'lag_13': 0.2852875073732262, 'lag_14': 0.18352602499309953, 'lag_15': 0.03721998697822043, 'lag_16': 0.031759905360591235, 'lag_17': 0.5221902796208401, 'lag_18': 0.5430490604957405, 'lag_19': 0.5824144358181078, 'lag_20': 0.8056712077053286, 'lag_21': 0.6781279781530395, 'lag_22': 0.2569325131914544, 'lag_23': 0.319167512556934, 'lag_24': 0.4874784022804788, 'lag_25': 0.39115696737127437, 'lag_26': 0.28154328894242975, 'lag_27': 0.2612654054705804, 'lag_28': 0.12001550527786721}. Best is trial 28 with value: 0.0032896686685785644.
[I 2025-09-29 13:10:15,505] Trial 87 finished with value: 0.004748639112112729 and parameters: {'lag_0': 0.6089460785771961, 'lag_1': 0.7080457860065354, 'lag_2': 0.9219375066463851, 'lag_3': 0.36143042705833045, 'lag_4': 0.3338567915918464, 'lag_5': 0.3765185185546877, 'lag_6': 0.4471258077719924, 'lag_7': 0.3506468223579666, 'lag_8': 0.5204339942723345, 'lag_9': 0.6410199325074679, 'lag_10': 0.6491190922530287, 'lag_11': 0.2501335201057618, 'lag_12': 0.29015055688041225, 'lag_13': 0.5591419225313837, 'lag_14': 0.20859408743451074, 'lag_15': 0.17315612962395954, 'lag_16': 0.1178009150264968, 'lag_17': 0.6934817844035563, 'lag_18': 0.676124770633185, 'lag_19': 0.42621929086117033, 'lag_20': 0.5828701482058508, 'lag_21': 0.7981281783506939, 'lag_22': 0.3892919917617581, 'lag_23': 0.28302165744495195, 'lag_24': 0.8179390411285581, 'lag_25': 0.09625639387086615, 'lag_26': 0.6248905007573416, 'lag_27': 0.1303199810769878, 'lag_28': 0.403110500832676}. Best is trial 28 with value: 0.0032896686685785644.
[I 2025-09-29 13:10:18,019] Trial 88 finished with value: 0.0045062501822611825 and parameters: {'lag_0': 0.03055460894024245, 'lag_1': 0.25940320160205654, 'lag_2': 0.5237293816853383, 'lag_3': 0.23770254221361917, 'lag_4': 0.30193799651734643, 'lag_5': 0.8729513516705145, 'lag_6': 0.3038590909392341, 'lag_7': 0.29793549838292976, 'lag_8': 0.5750266232372652, 'lag_9': 0.5412520128958304, 'lag_10': 0.5208256895330154, 'lag_11': 0.8002558817395702, 'lag_12': 0.0001657286100009217, 'lag_13': 0.3959452027160831, 'lag_14': 0.13072613709108025, 'lag_15': 0.07819822572320342, 'lag_16': 0.8647614476651959, 'lag_17': 0.7493412856710223, 'lag_18': 0.9716996562593531, 'lag_19': 0.36874450818903776, 'lag_20': 0.5374451564549437, 'lag_21': 0.40149233383132044, 'lag_22': 0.36701005059683195, 'lag_23': 0.5375978378788746, 'lag_24': 0.8408497683365216, 'lag_25': 0.21136906068388678, 'lag_26': 0.46820186083411064, 'lag_27': 0.19684407404672183, 'lag_28': 0.49550874853721183}. Best is trial 28 with value: 0.0032896686685785644.
[I 2025-09-29 13:10:20,536] Trial 89 finished with value: 0.005598578719523008 and parameters: {'lag_0': 0.034578099305853385, 'lag_1': 0.19823917028682672, 'lag_2': 0.4812247730466289, 'lag_3': 0.20836380699398144, 'lag_4': 0.2622145468355752, 'lag_5': 0.8751386165822514, 'lag_6': 0.21511368200662917, 'lag_7': 0.3022503186613787, 'lag_8': 0.34059321172629115, 'lag_9': 0.5509033414267895, 'lag_10': 0.5129191572094426, 'lag_11': 0.6709382789639171, 'lag_12': 0.7724302205040751, 'lag_13': 0.48514191300190085, 'lag_14': 0.13178155907496403, 'lag_15': 0.0760552214091711, 'lag_16': 0.8204043432648802, 'lag_17': 0.7532821952824338, 'lag_18': 0.9636720521804808, 'lag_19': 0.3009229343096341, 'lag_20': 0.481866837514363, 'lag_21': 0.4069171396260382, 'lag_22': 0.33102318395783503, 'lag_23': 0.5520044901872592, 'lag_24': 0.9569561185029316, 'lag_25': 0.03662762076300662, 'lag_26': 0.49657080234469786, 'lag_27': 0.26325889282024556, 'lag_28': 0.5119045265092754}. Best is trial 28 with value: 0.0032896686685785644.
[I 2025-09-29 13:10:23,051] Trial 90 finished with value: 0.005907441382708019 and parameters: {'lag_0': 0.02132806937896922, 'lag_1': 0.30109447301571274, 'lag_2': 0.5203373865068315, 'lag_3': 0.2428769324898685, 'lag_4': 0.29243837583754595, 'lag_5': 0.7618236967792242, 'lag_6': 0.30271426776075705, 'lag_7': 0.27587251362213083, 'lag_8': 0.41915913123213816, 'lag_9': 0.4723718379098616, 'lag_10': 0.39702529922466334, 'lag_11': 0.7685087967710461, 'lag_12': 0.15900978821235962, 'lag_13': 0.3192567823116011, 'lag_14': 0.038582539957361245, 'lag_15': 0.08112054008110009, 'lag_16': 0.9162908731186458, 'lag_17': 0.6215392374799711, 'lag_18': 0.42722435246946633, 'lag_19': 0.374911030385689, 'lag_20': 0.41281035521814125, 'lag_21': 0.4496444067344363, 'lag_22': 0.23344633822973462, 'lag_23': 0.6612930184151725, 'lag_24': 0.9047576234522752, 'lag_25': 0.1505933001195199, 'lag_26': 0.5511445295861299, 'lag_27': 0.17747816655940146, 'lag_28': 0.46911759639550404}. Best is trial 28 with value: 0.0032896686685785644.
[I 2025-09-29 13:10:25,570] Trial 91 finished with value: 0.004757366382445285 and parameters: {'lag_0': 0.1381544278234221, 'lag_1': 0.3696728814923387, 'lag_2': 0.4138471575130496, 'lag_3': 0.284548366803722, 'lag_4': 0.23084786247894673, 'lag_5': 0.9556185333867079, 'lag_6': 0.49673930515515374, 'lag_7': 0.2025995150177169, 'lag_8': 0.5691946545905259, 'lag_9': 0.5210364950950286, 'lag_10': 0.5649560301729453, 'lag_11': 0.883362713697571, 'lag_12': 0.029487485419528878, 'lag_13': 0.40342178823316044, 'lag_14': 0.35339052962157336, 'lag_15': 0.02497104710941559, 'lag_16': 0.8778958050533046, 'lag_17': 0.5737232772633167, 'lag_18': 0.8454974375034149, 'lag_19': 0.4703101372001616, 'lag_20': 0.537511912864201, 'lag_21': 0.38972439561220873, 'lag_22': 0.37071141248301986, 'lag_23': 0.8205952144102598, 'lag_24': 0.8442859372322051, 'lag_25': 0.21394321569126715, 'lag_26': 0.3963641044788729, 'lag_27': 0.08075462265028635, 'lag_28': 0.7229953843350772}. Best is trial 28 with value: 0.0032896686685785644.
[I 2025-09-29 13:10:28,082] Trial 92 finished with value: 0.005592979258159178 and parameters: {'lag_0': 0.07067035093132498, 'lag_1': 0.25512487421086516, 'lag_2': 0.5919308889695094, 'lag_3': 0.16581125065442098, 'lag_4': 0.3973457819659483, 'lag_5': 0.7962773973863159, 'lag_6': 0.13430594747761163, 'lag_7': 0.7518698588210327, 'lag_8': 0.6096798736005858, 'lag_9': 0.5871528194494054, 'lag_10': 0.6060714976737934, 'lag_11': 0.3385760134929396, 'lag_12': 0.0034377452860259177, 'lag_13': 0.44155271277743957, 'lag_14': 0.16789920611426512, 'lag_15': 0.11626372282783025, 'lag_16': 0.8696887832661742, 'lag_17': 0.7976130328959572, 'lag_18': 0.8919622934120017, 'lag_19': 0.2520588214812688, 'lag_20': 0.3513248848433066, 'lag_21': 0.5240928951010684, 'lag_22': 0.4056694693879115, 'lag_23': 0.4896664978338173, 'lag_24': 0.8825353079432723, 'lag_25': 0.8354928141060288, 'lag_26': 0.4708967389893555, 'lag_27': 0.1862234798304152, 'lag_28': 0.6465484411350586}. Best is trial 28 with value: 0.0032896686685785644.
[I 2025-09-29 13:10:30,600] Trial 93 finished with value: 0.005702412111437877 and parameters: {'lag_0': 0.1000834829226666, 'lag_1': 0.42322987293711956, 'lag_2': 0.7820390242506136, 'lag_3': 0.045099519108947356, 'lag_4': 0.3118824638623966, 'lag_5': 0.3468259930448307, 'lag_6': 0.29867586360661635, 'lag_7': 0.2446692028661877, 'lag_8': 0.47963493385584655, 'lag_9': 0.7070161679734639, 'lag_10': 0.882272851992934, 'lag_11': 0.800939891078822, 'lag_12': 0.06475249111982784, 'lag_13': 0.6612433560324058, 'lag_14': 0.1019913578586579, 'lag_15': 0.05565210804655664, 'lag_16': 0.7878578379416878, 'lag_17': 0.725349175962514, 'lag_18': 0.6998000486963726, 'lag_19': 0.35645132873917984, 'lag_20': 0.6493995138668095, 'lag_21': 0.3713974777343882, 'lag_22': 0.4455482398821017, 'lag_23': 0.7868294342520679, 'lag_24': 0.7332506337438535, 'lag_25': 0.2804709313724074, 'lag_26': 0.37163531001203537, 'lag_27': 0.14577542440545999, 'lag_28': 0.5805313924741555}. Best is trial 28 with value: 0.0032896686685785644.
[I 2025-09-29 13:10:33,251] Trial 94 finished with value: 0.005213749302869703 and parameters: {'lag_0': 0.18400082379358154, 'lag_1': 0.593670191982825, 'lag_2': 0.6626150228968695, 'lag_3': 0.10452973664070701, 'lag_4': 0.46984440971248953, 'lag_5': 0.23503457458286606, 'lag_6': 0.6261977993790905, 'lag_7': 0.9222120987302049, 'lag_8': 0.5315622250468465, 'lag_9': 0.5121121505501659, 'lag_10': 0.7922590326161103, 'lag_11': 0.8567647633903628, 'lag_12': 0.2524715443533897, 'lag_13': 0.37411258914071, 'lag_14': 0.21936536836358334, 'lag_15': 0.13080246600722842, 'lag_16': 0.9446568964881007, 'lag_17': 0.8264494715122015, 'lag_18': 0.9786276933419598, 'lag_19': 0.545689415604684, 'lag_20': 0.728167237686311, 'lag_21': 0.4937767557979101, 'lag_22': 0.9676075606021506, 'lag_23': 0.7310798050544967, 'lag_24': 0.3248958055179131, 'lag_25': 0.3650612074107068, 'lag_26': 0.3255139452320582, 'lag_27': 0.19865048436270502, 'lag_28': 0.2787835283255127}. Best is trial 28 with value: 0.0032896686685785644.
[I 2025-09-29 13:10:35,797] Trial 95 finished with value: 0.00629682162557754 and parameters: {'lag_0': 0.00224919912716557, 'lag_1': 0.47136425456493425, 'lag_2': 0.5408921001641442, 'lag_3': 0.44850757217262566, 'lag_4': 0.13682200481061138, 'lag_5': 0.8245212923632966, 'lag_6': 0.3643315428033107, 'lag_7': 0.20667286658057218, 'lag_8': 0.6696884116373046, 'lag_9': 0.4841378459385143, 'lag_10': 0.46063898096741535, 'lag_11': 0.9994899913007216, 'lag_12': 0.028315027330764953, 'lag_13': 0.25542236225425724, 'lag_14': 0.2945595619491634, 'lag_15': 0.9252804974177569, 'lag_16': 0.08231943943336212, 'lag_17': 0.6709537818252181, 'lag_18': 0.7824780340600288, 'lag_19': 0.6082310579784512, 'lag_20': 0.6877565965227826, 'lag_21': 0.5774947744825532, 'lag_22': 0.185152649224854, 'lag_23': 0.8468484855586229, 'lag_24': 0.6903235621810008, 'lag_25': 0.8912393485739019, 'lag_26': 0.575199367962434, 'lag_27': 0.23593415263187156, 'lag_28': 0.7958931032188614}. Best is trial 28 with value: 0.0032896686685785644.
[I 2025-09-29 13:10:38,330] Trial 96 finished with value: 0.005193080265916805 and parameters: {'lag_0': 0.0646644460684497, 'lag_1': 0.6355006364452701, 'lag_2': 0.14358429601592054, 'lag_3': 0.30694338089484885, 'lag_4': 0.35773371894967176, 'lag_5': 0.19070924634953645, 'lag_6': 0.5988081779783114, 'lag_7': 0.3785620133575373, 'lag_8': 0.5070317976372951, 'lag_9': 0.5488106683039802, 'lag_10': 0.7571247476030561, 'lag_11': 0.4640235081673996, 'lag_12': 0.11497385360981315, 'lag_13': 0.3415956765468383, 'lag_14': 0.19151917555773493, 'lag_15': 0.48017332899197196, 'lag_16': 0.9810158096509385, 'lag_17': 0.7061948969671042, 'lag_18': 0.9360243495438056, 'lag_19': 0.34158282323468314, 'lag_20': 0.6145299551901995, 'lag_21': 0.751286701524448, 'lag_22': 0.5136279064819396, 'lag_23': 0.2121970268010978, 'lag_24': 0.6291118561049723, 'lag_25': 0.4344180125348629, 'lag_26': 0.15638926897820132, 'lag_27': 0.10516670322926425, 'lag_28': 0.314199519174248}. Best is trial 28 with value: 0.0032896686685785644.
[I 2025-09-29 13:10:40,852] Trial 97 finished with value: 0.005523151721977718 and parameters: {'lag_0': 0.21672037729414917, 'lag_1': 0.5436374863680855, 'lag_2': 0.43261887413030187, 'lag_3': 0.3862427667433221, 'lag_4': 0.4155157398611765, 'lag_5': 0.6997746680293327, 'lag_6': 0.7569310161266463, 'lag_7': 0.6855829404845772, 'lag_8': 0.5823807653950063, 'lag_9': 0.5969596059597143, 'lag_10': 0.9812436261945117, 'lag_11': 0.9162371651237042, 'lag_12': 0.08035829056567302, 'lag_13': 0.2707028151014448, 'lag_14': 0.2597160845155805, 'lag_15': 0.2516063030942833, 'lag_16': 0.24318446734539007, 'lag_17': 0.6059213648308472, 'lag_18': 0.8129578032253248, 'lag_19': 0.41781628680019256, 'lag_20': 0.7844066206853333, 'lag_21': 0.832243156354628, 'lag_22': 0.42958119238975856, 'lag_23': 0.4011530145656979, 'lag_24': 0.8579737479739801, 'lag_25': 0.19616417661669788, 'lag_26': 0.45031294683044343, 'lag_27': 0.8957555470429067, 'lag_28': 0.022793832465681924}. Best is trial 28 with value: 0.0032896686685785644.
[I 2025-09-29 13:10:43,372] Trial 98 finished with value: 0.004627628479980264 and parameters: {'lag_0': 0.26705691877147386, 'lag_1': 0.6745950607226046, 'lag_2': 0.7327035732839513, 'lag_3': 0.42221095847661894, 'lag_4': 0.8048494475640157, 'lag_5': 0.890121671078161, 'lag_6': 0.4404064260312947, 'lag_7': 0.7953264846883035, 'lag_8': 0.15453071428971132, 'lag_9': 0.6708140260439825, 'lag_10': 0.940741048604329, 'lag_11': 0.17927689000983485, 'lag_12': 0.3794253446959237, 'lag_13': 0.7844771882826655, 'lag_14': 0.14545151680880491, 'lag_15': 0.5390050999660102, 'lag_16': 0.8157689790475572, 'lag_17': 0.7357175543635536, 'lag_18': 0.9020998827178784, 'lag_19': 0.5042297263904035, 'lag_20': 0.7498383317550102, 'lag_21': 0.7766915460366156, 'lag_22': 0.9002814805737691, 'lag_23': 0.5864766166997739, 'lag_24': 0.7884929943662912, 'lag_25': 0.8657226927752126, 'lag_26': 0.41657066985008473, 'lag_27': 0.9592201594853768, 'lag_28': 0.15947428263685764}. Best is trial 28 with value: 0.0032896686685785644.
[I 2025-09-29 13:10:45,896] Trial 99 finished with value: 0.005237853972315734 and parameters: {'lag_0': 0.2547779173572187, 'lag_1': 0.6763005775586055, 'lag_2': 0.746986524839181, 'lag_3': 0.5186130689685612, 'lag_4': 0.8244675390151895, 'lag_5': 0.9412202845842285, 'lag_6': 0.4375431200231792, 'lag_7': 0.7971374059533118, 'lag_8': 0.159443321996466, 'lag_9': 0.640610515516608, 'lag_10': 0.9029330937885829, 'lag_11': 0.05060684742292787, 'lag_12': 0.4259524439622856, 'lag_13': 0.9539614180958096, 'lag_14': 0.4550692968981725, 'lag_15': 0.5429798912137916, 'lag_16': 0.7618925428580503, 'lag_17': 0.8412783417062787, 'lag_18': 0.8806463824095144, 'lag_19': 0.39796542065349094, 'lag_20': 0.7589221755492314, 'lag_21': 0.7732549869235636, 'lag_22': 0.9062044225622814, 'lag_23': 0.5868837805968624, 'lag_24': 0.5918260624195957, 'lag_25': 0.8783472235401064, 'lag_26': 0.5225080437110766, 'lag_27': 0.9985921037420832, 'lag_28': 0.19254210371738004}. Best is trial 28 with value: 0.0032896686685785644.
[I 2025-09-29 13:10:45,910] A new study created in memory with name: no-name-dd6d553c-6949-4eeb-b104-cd37cfaea70b
[I 2025-09-29 13:10:48,337] Trial 0 finished with value: 0.0029118098661031814 and parameters: {'lag_0': 0.25876545362426895, 'lag_1': 0.244479525607752, 'lag_2': 0.242210931898299, 'lag_3': 0.14142759852385245, 'lag_4': 0.09245882375396938, 'lag_5': 0.7108977660879163, 'lag_6': 0.7699076778075623, 'lag_7': 0.8337570984049385, 'lag_8': 0.42779865539934614, 'lag_9': 0.38585632517067275, 'lag_10': 0.25556775813754273, 'lag_11': 0.22785508485692596, 'lag_12': 0.21917520139842295, 'lag_13': 0.21087665506522182, 'lag_14': 0.6066044415193178, 'lag_15': 0.46163874102543706, 'lag_16': 0.6835836171787102, 'lag_17': 0.37766831090593783, 'lag_18': 0.610110129075528, 'lag_19': 0.8533395793079404, 'lag_20': 0.8127916079440458, 'lag_21': 0.7438819167519253, 'lag_22': 0.7193074645808325, 'lag_23': 0.02757087724639791, 'lag_24': 0.23090219812470117, 'lag_25': 0.4549826720874724, 'lag_26': 0.28552524083162706, 'lag_27': 0.2182036990142168, 'lag_28': 0.10936286006458087}. Best is trial 0 with value: 0.0029118098661031814.
[I 2025-09-29 13:10:50,762] Trial 1 finished with value: 0.003023879517265456 and parameters: {'lag_0': 0.5330013824096234, 'lag_1': 0.7919875740914396, 'lag_2': 0.9848555446454685, 'lag_3': 0.05617619995893736, 'lag_4': 0.3021167326889349, 'lag_5': 0.9749124646294606, 'lag_6': 0.745281091259817, 'lag_7': 0.028133690168359253, 'lag_8': 0.5809624123340879, 'lag_9': 0.9701847764685813, 'lag_10': 0.8300333348785717, 'lag_11': 0.9205487791675431, 'lag_12': 0.9153692032743045, 'lag_13': 0.3136929210496267, 'lag_14': 0.9727159260773216, 'lag_15': 0.12647860858007684, 'lag_16': 0.0007397367067412534, 'lag_17': 0.09476329687127576, 'lag_18': 0.9354237005429475, 'lag_19': 0.46537236305102714, 'lag_20': 0.09775512213380969, 'lag_21': 0.8255891779639511, 'lag_22': 0.21153675838440578, 'lag_23': 0.5791435212931905, 'lag_24': 0.20353934028344894, 'lag_25': 0.36796303520485696, 'lag_26': 0.2000661446730456, 'lag_27': 0.0943763704243687, 'lag_28': 0.8970406041948953}. Best is trial 0 with value: 0.0029118098661031814.
[I 2025-09-29 13:10:53,187] Trial 2 finished with value: 0.0027409807621352916 and parameters: {'lag_0': 0.39994659223194656, 'lag_1': 0.4831858433244915, 'lag_2': 0.9077209341482014, 'lag_3': 0.7033751566829732, 'lag_4': 0.7295791469757595, 'lag_5': 0.6784407967190221, 'lag_6': 0.8825582572741653, 'lag_7': 0.6149664383787462, 'lag_8': 0.11661892249923997, 'lag_9': 0.8099276100830419, 'lag_10': 0.9347009014418034, 'lag_11': 0.4758063417149741, 'lag_12': 0.2687196485340777, 'lag_13': 0.5668673846992399, 'lag_14': 0.952557550360116, 'lag_15': 0.854263099709874, 'lag_16': 0.2828847974181674, 'lag_17': 0.9437113673405663, 'lag_18': 0.6113927855360161, 'lag_19': 0.8961551554407459, 'lag_20': 0.17658359268958357, 'lag_21': 0.4835190226827855, 'lag_22': 0.4485369186830833, 'lag_23': 0.7103548477117052, 'lag_24': 0.7473816837414228, 'lag_25': 0.9318349338579546, 'lag_26': 0.28467933314168803, 'lag_27': 0.9470262680823265, 'lag_28': 0.7509661846317829}. Best is trial 2 with value: 0.0027409807621352916.
