[I 2025-09-29 11:52:37,105] Trial 19 finished with value: 0.016621229360538888 and parameters: {'lag_0': 0.3862511253152414, 'lag_1': 0.8182125072664974, 'lag_2': 0.8544621737909552, 'lag_3': 0.003507060817304397, 'lag_4': 0.278291008701818, 'lag_5': 0.12251405087210003, 'lag_6': 0.719922401487157, 'lag_7': 0.6963229339462631, 'lag_8': 0.15130690907434408, 'lag_9': 0.3555431442234034, 'lag_10': 0.41047376664098256, 'lag_11': 0.8571009424762907, 'lag_12': 0.40129550314235596, 'lag_13': 0.3448878341861511, 'lag_14': 0.16544365949539386, 'lag_15': 0.12258914524752329, 'lag_16': 0.13279002683801094, 'lag_17': 0.9850636869686444, 'lag_18': 0.8561217680705382, 'lag_19': 0.5835587637348467, 'lag_20': 0.6446680038262448, 'lag_21': 0.7118742500684195, 'lag_22': 0.23487001385000278, 'lag_23': 0.6097212628606957, 'lag_24': 0.9993783941887966, 'lag_25': 0.32169368831175127, 'lag_26': 0.17872685998671867, 'lag_27': 0.17382725623384826, 'lag_28': 0.8537487045775091}. Best is trial 5 with value: 0.016592326496097858.
[I 2025-09-29 11:52:39,392] Trial 20 finished with value: 0.016925085102724245 and parameters: {'lag_0': 0.3855217867629982, 'lag_1': 0.988836068976066, 'lag_2': 0.8831503670222992, 'lag_3': 0.05565621365530844, 'lag_4': 0.30924447457845083, 'lag_5': 0.09879967719690419, 'lag_6': 0.7236874910850513, 'lag_7': 0.52854821413846, 'lag_8': 0.004097571055457272, 'lag_9': 0.6411091428857769, 'lag_10': 0.3802485521299066, 'lag_11': 0.8747933017208873, 'lag_12': 0.39240460700671825, 'lag_13': 0.38827139099006974, 'lag_14': 0.1411081948355567, 'lag_15': 0.007792135479372353, 'lag_16': 0.10383695426558386, 'lag_17': 0.9928266255792101, 'lag_18': 0.19832116834994873, 'lag_19': 0.37507811994899815, 'lag_20': 0.6340609859829048, 'lag_21': 0.7347548869009188, 'lag_22': 0.4397708671816927, 'lag_23': 0.5938109293534797, 'lag_24': 0.9518204654203379, 'lag_25': 0.3037247507761608, 'lag_26': 0.1411909738263304, 'lag_27': 0.0028673196530175638, 'lag_28': 0.15396174254336176}. Best is trial 5 with value: 0.016592326496097858.
[I 2025-09-29 11:52:41,681] Trial 21 finished with value: 0.01717670619666632 and parameters: {'lag_0': 0.5474754328748215, 'lag_1': 0.8041336899788103, 'lag_2': 0.9908563466151954, 'lag_3': 0.03340802337463948, 'lag_4': 0.1816801001735598, 'lag_5': 0.12556503155815055, 'lag_6': 0.8649967166760121, 'lag_7': 0.6930899079307775, 'lag_8': 0.19357739488806802, 'lag_9': 0.3883294009869265, 'lag_10': 0.23782228940715838, 'lag_11': 0.6856143755337909, 'lag_12': 0.5554928852190537, 'lag_13': 0.2881309068836028, 'lag_14': 0.16143718681956057, 'lag_15': 0.15507447253500894, 'lag_16': 0.16824119126651518, 'lag_17': 0.8457447549676032, 'lag_18': 0.8680085489724956, 'lag_19': 0.5569436946478319, 'lag_20': 0.46643569448636196, 'lag_21': 0.51512155192894, 'lag_22': 0.2569843197857719, 'lag_23': 0.46795066752856274, 'lag_24': 0.8284843159591712, 'lag_25': 0.52021244273334, 'lag_26': 0.3453630230137806, 'lag_27': 0.19478079335340548, 'lag_28': 0.8870344038286107}. Best is trial 5 with value: 0.016592326496097858.
[I 2025-09-29 11:52:43,995] Trial 22 finished with value: 0.01740200052665362 and parameters: {'lag_0': 0.641292767780155, 'lag_1': 0.6479526193071447, 'lag_2': 0.8084529654566812, 'lag_3': 0.21690592914727058, 'lag_4': 0.10617051566674614, 'lag_5': 0.28999271630688395, 'lag_6': 0.5925910792195186, 'lag_7': 0.8808531293926738, 'lag_8': 0.12994664017754434, 'lag_9': 0.3166439491397227, 'lag_10': 0.5712459525718852, 'lag_11': 0.8684111876090652, 'lag_12': 0.8963011880065038, 'lag_13': 0.17583152167773897, 'lag_14': 0.4026468874724107, 'lag_15': 0.11649366116429555, 'lag_16': 0.3210530591018085, 'lag_17': 0.8845549106248856, 'lag_18': 0.9702894985588346, 'lag_19': 0.6098437318720188, 'lag_20': 0.6396718489306968, 'lag_21': 0.6971857546906215, 'lag_22': 0.07668261688581052, 'lag_23': 0.6084393508437964, 'lag_24': 0.9874941624933252, 'lag_25': 0.3327614832807377, 'lag_26': 0.10864366725027279, 'lag_27': 0.3316967107173948, 'lag_28': 0.8630164951651552}. Best is trial 5 with value: 0.016592326496097858.
[I 2025-09-29 11:52:46,298] Trial 23 finished with value: 0.0167036771138658 and parameters: {'lag_0': 0.25223410498163135, 'lag_1': 0.8450931119654485, 'lag_2': 0.6161040493592705, 'lag_3': 0.47092685484281616, 'lag_4': 0.4166757030328686, 'lag_5': 0.1001402160846315, 'lag_6': 0.73692652610817, 'lag_7': 0.6785230308196035, 'lag_8': 0.7658725109768819, 'lag_9': 0.09882888019486352, 'lag_10': 0.4577330395241758, 'lag_11': 0.5692014957676346, 'lag_12': 0.19894690379720675, 'lag_13': 0.3119884403887255, 'lag_14': 0.24273023287357332, 'lag_15': 0.2987641725210002, 'lag_16': 0.0930774591360855, 'lag_17': 0.6669204337662764, 'lag_18': 0.7357524474559105, 'lag_19': 0.825901218517377, 'lag_20': 0.8634446994719596, 'lag_21': 0.5571391555431107, 'lag_22': 0.21155846061866218, 'lag_23': 0.26270707153756573, 'lag_24': 0.6644169945643674, 'lag_25': 0.14471050408985586, 'lag_26': 0.22060956398393733, 'lag_27': 0.2519208202565728, 'lag_28': 0.9855554548967322}. Best is trial 5 with value: 0.016592326496097858.
[I 2025-09-29 11:52:48,595] Trial 24 finished with value: 0.017138052578053488 and parameters: {'lag_0': 0.507219494156832, 'lag_1': 0.5531679409251453, 'lag_2': 0.6545950260142637, 'lag_3': 0.10049850330934122, 'lag_4': 0.2612250803692532, 'lag_5': 0.008436279615665176, 'lag_6': 0.9020662509825075, 'lag_7': 0.7896532276218673, 'lag_8': 0.4749588446503548, 'lag_9': 0.2643374520571098, 'lag_10': 0.11513721915383462, 'lag_11': 0.884725953156377, 'lag_12': 0.6887423216338657, 'lag_13': 0.46785005816937764, 'lag_14': 0.6214988811377032, 'lag_15': 0.7512891871575553, 'lag_16': 0.23568088532726506, 'lag_17': 0.4435159927960294, 'lag_18': 0.8578850105675012, 'lag_19': 0.4181984903933135, 'lag_20': 0.39976006305357764, 'lag_21': 0.45035088727945527, 'lag_22': 0.061842540172580916, 'lag_23': 0.39040502690412904, 'lag_24': 0.4287748318201192, 'lag_25': 0.6403158103951553, 'lag_26': 0.5381674280879393, 'lag_27': 0.4692769416376967, 'lag_28': 0.7143337487612939}. Best is trial 5 with value: 0.016592326496097858.
[I 2025-09-29 11:52:50,905] Trial 25 finished with value: 0.016831664200806253 and parameters: {'lag_0': 0.4456368000883164, 'lag_1': 0.7067114947529269, 'lag_2': 0.7866797584513902, 'lag_3': 0.6199391950107065, 'lag_4': 0.04503323177509062, 'lag_5': 0.46667578486451744, 'lag_6': 0.7545526919723857, 'lag_7': 0.9401711162451147, 'lag_8': 0.36713823987126043, 'lag_9': 0.4441478333055664, 'lag_10': 0.2989811512073497, 'lag_11': 0.7668148867300933, 'lag_12': 0.3177164133774368, 'lag_13': 0.5712896809582027, 'lag_14': 0.09362528084643656, 'lag_15': 0.53860212691726, 'lag_16': 0.35130457834167494, 'lag_17': 0.9209225958211983, 'lag_18': 0.5701839589821136, 'lag_19': 0.27562029332120996, 'lag_20': 0.5433685268321454, 'lag_21': 0.6694937791000862, 'lag_22': 0.0001771087234927471, 'lag_23': 0.8068555247617624, 'lag_24': 0.2165165061644942, 'lag_25': 0.7771733916288415, 'lag_26': 0.01340574275807177, 'lag_27': 0.14483389319968915, 'lag_28': 0.8264920624019094}. Best is trial 5 with value: 0.016592326496097858.
[I 2025-09-29 11:52:53,219] Trial 26 finished with value: 0.017200156407422097 and parameters: {'lag_0': 0.6091069959348308, 'lag_1': 0.20980488579201656, 'lag_2': 0.9194187829093572, 'lag_3': 0.2535041492197275, 'lag_4': 0.19147469004246626, 'lag_5': 0.30950245260700976, 'lag_6': 0.989682717401638, 'lag_7': 0.6885794410335915, 'lag_8': 0.24387111514469906, 'lag_9': 0.5778409678468452, 'lag_10': 0.6032841809319103, 'lag_11': 0.717452980632061, 'lag_12': 0.8320252633001977, 'lag_13': 0.20664992889551942, 'lag_14': 0.3249395597788388, 'lag_15': 0.09365554725018005, 'lag_16': 0.1826334594712677, 'lag_17': 0.7312949712940553, 'lag_18': 0.6969721932631512, 'lag_19': 0.5909263017100239, 'lag_20': 0.6819704301742153, 'lag_21': 0.2920668449631896, 'lag_22': 0.21641579827337248, 'lag_23': 0.6763773438855916, 'lag_24': 0.3643021818278634, 'lag_25': 0.187925461472933, 'lag_26': 0.40570110590035635, 'lag_27': 0.604976486615684, 'lag_28': 0.3177795864698946}. Best is trial 5 with value: 0.016592326496097858.
[I 2025-09-29 11:52:55,508] Trial 27 finished with value: 0.016816379059301587 and parameters: {'lag_0': 0.7075601584709644, 'lag_1': 0.42103941658032634, 'lag_2': 0.6611300645248221, 'lag_3': 0.7326192710053798, 'lag_4': 0.43511642744460777, 'lag_5': 0.5984049477932186, 'lag_6': 0.4841008164092157, 'lag_7': 0.45388625940910826, 'lag_8': 0.5413312539677724, 'lag_9': 0.11331455027137091, 'lag_10': 0.3968343066855343, 'lag_11': 0.5902743828462486, 'lag_12': 0.4431211449788071, 'lag_13': 0.3611162260360958, 'lag_14': 0.968704796722031, 'lag_15': 0.3772784020470867, 'lag_16': 0.5404416603460606, 'lag_17': 0.5965281126461504, 'lag_18': 0.9976862900882765, 'lag_19': 0.09522125627030549, 'lag_20': 0.20459698816848387, 'lag_21': 0.14160426166279516, 'lag_22': 0.40909878028941377, 'lag_23': 0.5089813835019, 'lag_24': 0.6028730006070047, 'lag_25': 0.00014486628150806036, 'lag_26': 0.277475384481058, 'lag_27': 0.35509438169654933, 'lag_28': 0.5336386867216916}. Best is trial 5 with value: 0.016592326496097858.
[I 2025-09-29 11:52:57,818] Trial 28 finished with value: 0.01699809741215782 and parameters: {'lag_0': 0.8010650770032428, 'lag_1': 0.6221888833708293, 'lag_2': 0.38639854508145943, 'lag_3': 0.4303967465586251, 'lag_4': 0.08643126315385688, 'lag_5': 0.15719763185857152, 'lag_6': 0.6324281620383223, 'lag_7': 0.9033804340067081, 'lag_8': 0.10459332121731929, 'lag_9': 0.25483739811435385, 'lag_10': 0.3317508187457364, 'lag_11': 0.8804497620107523, 'lag_12': 0.1344132514445015, 'lag_13': 0.11723206633205335, 'lag_14': 0.4145127894923688, 'lag_15': 0.2568813796327756, 'lag_16': 0.07088968071879326, 'lag_17': 0.19252742407891316, 'lag_18': 0.8851671040388168, 'lag_19': 0.7683089263929698, 'lag_20': 0.007059969875872318, 'lag_21': 0.7776672852125499, 'lag_22': 0.5089533733534441, 'lag_23': 0.1246789872158881, 'lag_24': 0.8494399349998536, 'lag_25': 0.47733594121576384, 'lag_26': 0.17602418120731256, 'lag_27': 0.0030064414578082066, 'lag_28': 0.39450430208559745}. Best is trial 5 with value: 0.016592326496097858.
[I 2025-09-29 11:53:00,130] Trial 29 finished with value: 0.01674089755690663 and parameters: {'lag_0': 0.8397086923845263, 'lag_1': 0.5217915787617131, 'lag_2': 0.713948528214348, 'lag_3': 0.3747055488202752, 'lag_4': 0.32274734855049975, 'lag_5': 0.25933565507225576, 'lag_6': 0.9367401924536247, 'lag_7': 0.29917534250529054, 'lag_8': 0.8962776087253921, 'lag_9': 0.42380339811896306, 'lag_10': 0.17496679813713362, 'lag_11': 0.9199628629681905, 'lag_12': 0.5179095698790189, 'lag_13': 0.5757851840606787, 'lag_14': 0.2081941351578836, 'lag_15': 0.43545179226868186, 'lag_16': 0.2796898685282062, 'lag_17': 0.3620461106678668, 'lag_18': 0.5199982611982091, 'lag_19': 0.9113966484222245, 'lag_20': 0.8932244714631485, 'lag_21': 0.18915105245520536, 'lag_22': 0.12069652201128517, 'lag_23': 0.37547453681264253, 'lag_24': 0.7288127321773535, 'lag_25': 0.9353166558727143, 'lag_26': 0.09187577905739475, 'lag_27': 0.47633427521780747, 'lag_28': 0.687787977384641}. Best is trial 5 with value: 0.016592326496097858.
[I 2025-09-29 11:53:02,447] Trial 30 finished with value: 0.01735659856344766 and parameters: {'lag_0': 0.9048556206272312, 'lag_1': 0.8449678160145215, 'lag_2': 0.8031372311885528, 'lag_3': 0.5578279198484166, 'lag_4': 0.9432987043534131, 'lag_5': 0.3301150643686138, 'lag_6': 0.39910328714565957, 'lag_7': 0.5837474184557598, 'lag_8': 0.7035618624571837, 'lag_9': 0.08161264381685444, 'lag_10': 0.23351954339477132, 'lag_11': 0.33230468996303975, 'lag_12': 0.11694739794840789, 'lag_13': 0.015835844578066693, 'lag_14': 0.49008020162718785, 'lag_15': 0.9346579976225928, 'lag_16': 0.39290578161028916, 'lag_17': 0.6123943938781625, 'lag_18': 0.7998264361562928, 'lag_19': 0.4483330517468776, 'lag_20': 0.7557716332614888, 'lag_21': 0.5260255651729274, 'lag_22': 0.0829777661965779, 'lag_23': 0.5521954336049124, 'lag_24': 0.5251921289642967, 'lag_25': 0.07351631719612886, 'lag_26': 0.26839170619079544, 'lag_27': 0.23752850364189987, 'lag_28': 0.22220315887384462}. Best is trial 5 with value: 0.016592326496097858.
[I 2025-09-29 11:53:04,752] Trial 31 finished with value: 0.01708977215060321 and parameters: {'lag_0': 0.2667031385742152, 'lag_1': 0.8812511295545653, 'lag_2': 0.590064188350711, 'lag_3': 0.49047744964705514, 'lag_4': 0.41259593992588256, 'lag_5': 0.08636995922047999, 'lag_6': 0.720217509211206, 'lag_7': 0.7009663854509737, 'lag_8': 0.7710248744396898, 'lag_9': 0.06800075126788302, 'lag_10': 0.48727501911648735, 'lag_11': 0.6004189043334713, 'lag_12': 0.2680236956635624, 'lag_13': 0.31874360944465474, 'lag_14': 0.2549271246454936, 'lag_15': 0.2966964374587166, 'lag_16': 0.10091192996929796, 'lag_17': 0.48394468737204066, 'lag_18': 0.6875608360521916, 'lag_19': 0.8437721180991175, 'lag_20': 0.855834368343988, 'lag_21': 0.5246993078742938, 'lag_22': 0.22206982391299837, 'lag_23': 0.2783811827478701, 'lag_24': 0.6787443766359046, 'lag_25': 0.11241462303350411, 'lag_26': 0.19844984869602555, 'lag_27': 0.25038531743279285, 'lag_28': 0.9988777664366554}. Best is trial 5 with value: 0.016592326496097858.
[I 2025-09-29 11:53:07,054] Trial 32 finished with value: 0.017595172236398497 and parameters: {'lag_0': 0.2271270926319437, 'lag_1': 0.9628797497049248, 'lag_2': 0.42104984413677693, 'lag_3': 0.10394418845950958, 'lag_4': 0.155572083455748, 'lag_5': 0.075741451445145, 'lag_6': 0.8604875667896122, 'lag_7': 0.6238338754472941, 'lag_8': 0.8609271444313381, 'lag_9': 0.1561491986795197, 'lag_10': 0.44800325319272566, 'lag_11': 0.5159492968887213, 'lag_12': 0.19041997510388922, 'lag_13': 0.22372069397775518, 'lag_14': 0.33020571275425525, 'lag_15': 0.2951414087584842, 'lag_16': 0.17898215971928894, 'lag_17': 0.6679436580829423, 'lag_18': 0.9227852146945345, 'lag_19': 0.8498633955231857, 'lag_20': 0.7842101914809646, 'lag_21': 0.5731748223567503, 'lag_22': 0.20386626180197, 'lag_23': 0.2510876764430682, 'lag_24': 0.5887232136132718, 'lag_25': 0.14473094817664356, 'lag_26': 0.23186137416671707, 'lag_27': 0.4042022741625298, 'lag_28': 0.9177199650157226}. Best is trial 5 with value: 0.016592326496097858.
[I 2025-09-29 11:53:09,356] Trial 33 finished with value: 0.01646927969340959 and parameters: {'lag_0': 0.11727939854618599, 'lag_1': 0.8431560209049175, 'lag_2': 0.637429812310689, 'lag_3': 0.8717537045405366, 'lag_4': 0.5569055711283241, 'lag_5': 0.1604304333508832, 'lag_6': 0.7811546798146799, 'lag_7': 0.6661358036311542, 'lag_8': 0.6922802403440769, 'lag_9': 0.2457159874627852, 'lag_10': 0.646408012331289, 'lag_11': 0.8393424953693978, 'lag_12': 0.076673001445108, 'lag_13': 0.2565272713795591, 'lag_14': 0.21737561338627512, 'lag_15': 0.1577753278860865, 'lag_16': 0.06094553324693641, 'lag_17': 0.6881634533768941, 'lag_18': 0.7901525555168787, 'lag_19': 0.6882306386222997, 'lag_20': 0.9352400958996206, 'lag_21': 0.8287698796857885, 'lag_22': 0.18841561746559246, 'lag_23': 0.37005999631389697, 'lag_24': 0.7836231485539584, 'lag_25': 0.23805622650550412, 'lag_26': 0.3645837225575023, 'lag_27': 0.10797373278702878, 'lag_28': 0.9388284727338001}. Best is trial 33 with value: 0.01646927969340959.
[I 2025-09-29 11:53:11,666] Trial 34 finished with value: 0.016781483041745877 and parameters: {'lag_0': 0.39145755659751236, 'lag_1': 0.7713296735178872, 'lag_2': 0.7053666842720983, 'lag_3': 0.9267567288771695, 'lag_4': 0.6929228300344873, 'lag_5': 0.7448568185885353, 'lag_6': 0.5576337566928511, 'lag_7': 0.472990384856181, 'lag_8': 0.6683385172994677, 'lag_9': 0.3086910377567146, 'lag_10': 0.6359850552107158, 'lag_11': 0.8322695863274368, 'lag_12': 0.07766943227746483, 'lag_13': 0.2494189152058689, 'lag_14': 0.08450909180994096, 'lag_15': 0.07160642937947524, 'lag_16': 0.0263151424596932, 'lag_17': 0.78937297848377, 'lag_18': 0.795542881176065, 'lag_19': 0.6730096470211404, 'lag_20': 0.9674905647597383, 'lag_21': 0.8030661372075961, 'lag_22': 0.14199526247243308, 'lag_23': 0.4586284230494873, 'lag_24': 0.7734812908702527, 'lag_25': 0.24517411556909272, 'lag_26': 0.37364678898347603, 'lag_27': 0.09907954027754046, 'lag_28': 0.808938609497867}. Best is trial 33 with value: 0.01646927969340959.
[I 2025-09-29 11:53:13,965] Trial 35 finished with value: 0.01742938952053525 and parameters: {'lag_0': 0.51212294611894, 'lag_1': 0.6950153421385457, 'lag_2': 0.9271659588526501, 'lag_3': 0.837341092700817, 'lag_4': 0.5535541099080081, 'lag_5': 0.4429368301698697, 'lag_6': 0.8304051185435253, 'lag_7': 0.7958602774396011, 'lag_8': 0.9252176945961337, 'lag_9': 0.8754272673886652, 'lag_10': 0.7787659812128676, 'lag_11': 0.7292085666873043, 'lag_12': 0.01188628124956953, 'lag_13': 0.13969645818571133, 'lag_14': 0.20280499321174889, 'lag_15': 0.16403029987214335, 'lag_16': 0.14572894041773293, 'lag_17': 0.5433146611035299, 'lag_18': 0.9349401194474299, 'lag_19': 0.6065661887043902, 'lag_20': 0.9019409796263292, 'lag_21': 0.9373509554209315, 'lag_22': 0.12544337493865088, 'lag_23': 0.3594264965164607, 'lag_24': 0.9002046694727595, 'lag_25': 0.3521014460373507, 'lag_26': 0.47743582551404085, 'lag_27': 0.1574972604318492, 'lag_28': 0.9250283081866855}. Best is trial 33 with value: 0.01646927969340959.
[I 2025-09-29 11:53:16,260] Trial 36 finished with value: 0.016942762018071433 and parameters: {'lag_0': 0.004327401031167938, 'lag_1': 0.9292648926262996, 'lag_2': 0.7618530557637155, 'lag_3': 0.8654729676469174, 'lag_4': 0.8436042513326061, 'lag_5': 0.17438235038248331, 'lag_6': 0.7740822057450907, 'lag_7': 0.547791315382397, 'lag_8': 0.8207447361764123, 'lag_9': 0.23308059187207425, 'lag_10': 0.852446375999284, 'lag_11': 0.9963640538390888, 'lag_12': 0.8841132535952443, 'lag_13': 0.7547244145828877, 'lag_14': 0.47066366436396806, 'lag_15': 0.218369894437315, 'lag_16': 0.24645001197430091, 'lag_17': 0.7329584290816276, 'lag_18': 0.8414475214295937, 'lag_19': 0.7247271047162157, 'lag_20': 0.5361611516165772, 'lag_21': 0.8523671954401022, 'lag_22': 0.2899168294399327, 'lag_23': 0.6476730911854299, 'lag_24': 0.8244220818369058, 'lag_25': 0.2343047187764121, 'lag_26': 0.31245486119727484, 'lag_27': 0.5375566473604015, 'lag_28': 0.8631529468434265}. Best is trial 33 with value: 0.01646927969340959.
[I 2025-09-29 11:53:18,550] Trial 37 finished with value: 0.01704566152632021 and parameters: {'lag_0': 0.10384400004077282, 'lag_1': 0.8293954789248958, 'lag_2': 0.5549846743352589, 'lag_3': 0.008822568306144625, 'lag_4': 0.7141156676635272, 'lag_5': 0.8257800275223652, 'lag_6': 0.5061960719867815, 'lag_7': 0.6333603682358125, 'lag_8': 0.632125745057147, 'lag_9': 0.32215686306250746, 'lag_10': 0.6260656942012719, 'lag_11': 0.8299837654198794, 'lag_12': 0.7222594411680084, 'lag_13': 0.4767273275779901, 'lag_14': 0.5752905720686949, 'lag_15': 0.045480357339457045, 'lag_16': 0.5239114611887388, 'lag_17': 0.48388576724957644, 'lag_18': 0.6580431008632635, 'lag_19': 0.4764904149025986, 'lag_20': 0.4420441137903905, 'lag_21': 0.008627371097012698, 'lag_22': 0.05172428380893632, 'lag_23': 0.5401769659269438, 'lag_24': 0.9908294714347686, 'lag_25': 0.46816818468237587, 'lag_26': 0.6562977529322394, 'lag_27': 0.05730615339064316, 'lag_28': 0.3368166294741841}. Best is trial 33 with value: 0.01646927969340959.
[I 2025-09-29 11:53:20,864] Trial 38 finished with value: 0.017212226338715365 and parameters: {'lag_0': 0.14008816277674424, 'lag_1': 0.5829206883172573, 'lag_2': 0.845356409768516, 'lag_3': 0.18171567427154348, 'lag_4': 0.6489452009799996, 'lag_5': 0.21421004342970962, 'lag_6': 0.6879585970156443, 'lag_7': 0.4120296821944453, 'lag_8': 0.7198515524928116, 'lag_9': 0.20271389716214883, 'lag_10': 0.5354671838696871, 'lag_11': 0.9205205692078805, 'lag_12': 0.08115977014158822, 'lag_13': 0.4104511445344073, 'lag_14': 0.7469344155757136, 'lag_15': 0.5846132156131659, 'lag_16': 0.7282732454378886, 'lag_17': 0.8801988653173979, 'lag_18': 0.7603904110445436, 'lag_19': 0.685314475079414, 'lag_20': 0.6582081767773226, 'lag_21': 0.7359429396420285, 'lag_22': 0.1762093496161648, 'lag_23': 0.4349613148883678, 'lag_24': 0.7305063115993617, 'lag_25': 0.5724789880132066, 'lag_26': 0.1394667732950418, 'lag_27': 0.06069218103678575, 'lag_28': 0.9454698661133287}. Best is trial 33 with value: 0.01646927969340959.
[I 2025-09-29 11:53:23,256] Trial 39 finished with value: 0.017038346886179327 and parameters: {'lag_0': 0.635829365540246, 'lag_1': 0.3689805485038219, 'lag_2': 0.2616042103068591, 'lag_3': 0.07575316969571728, 'lag_4': 0.5150971373646716, 'lag_5': 0.04045897810077821, 'lag_6': 0.8932580376342545, 'lag_7': 0.337519233763121, 'lag_8': 0.527967504605066, 'lag_9': 0.5256678411843326, 'lag_10': 0.5346024455593119, 'lag_11': 0.6233121728504475, 'lag_12': 0.13784282760712901, 'lag_13': 0.35706102297811554, 'lag_14': 0.3049198910868526, 'lag_15': 0.13444020692617287, 'lag_16': 0.204790276675714, 'lag_17': 0.07489855947002971, 'lag_18': 0.5628107067945465, 'lag_19': 0.7866133087460362, 'lag_20': 0.5946285797303784, 'lag_21': 0.9734138016848893, 'lag_22': 0.0982518976235542, 'lag_23': 0.31088397181811794, 'lag_24': 0.4557014576176427, 'lag_25': 0.38608324866659416, 'lag_26': 0.5928108913945891, 'lag_27': 0.6836108948100409, 'lag_28': 0.08489070014930461}. Best is trial 33 with value: 0.01646927969340959.
