2025-09-29 11:51:49,214 - distributed.nanny - INFO -         Start Nanny at: 'tcp://192.168.86.107:44341'
2025-09-29 11:51:50,678 - distributed.worker - INFO -       Start worker at: tcp://192.168.86.107:38004
2025-09-29 11:51:50,678 - distributed.worker - INFO -          Listening to: tcp://192.168.86.107:38004
2025-09-29 11:51:50,678 - distributed.worker - INFO -           Worker name:             SLURMCluster-0
2025-09-29 11:51:50,678 - distributed.worker - INFO -          dashboard at:       192.168.86.107:44050
2025-09-29 11:51:50,678 - distributed.worker - INFO - Waiting to connect to: tcp://192.168.86.101:45699
2025-09-29 11:51:50,678 - distributed.worker - INFO - -------------------------------------------------
2025-09-29 11:51:50,678 - distributed.worker - INFO -               Threads:                          1
2025-09-29 11:51:50,678 - distributed.worker - INFO -                Memory:                   9.31 GiB
2025-09-29 11:51:50,679 - distributed.worker - INFO -       Local Directory: /home1/zrentala/dask-worker-space/dask-scratch-space/worker-81v6qhr2
2025-09-29 11:51:50,679 - distributed.worker - INFO - -------------------------------------------------
2025-09-29 11:51:51,081 - distributed.worker - INFO - Starting Worker plugin shuffle
2025-09-29 11:51:51,082 - distributed.worker - INFO -         Registered to: tcp://192.168.86.101:45699
2025-09-29 11:51:51,082 - distributed.worker - INFO - -------------------------------------------------
2025-09-29 11:51:51,082 - distributed.core - INFO - Starting established connection to tcp://192.168.86.101:45699
[I 2025-09-29 11:51:51,195] A new study created in memory with name: no-name-b9c3861f-0f1d-418c-9708-8a190d573419
[I 2025-09-29 11:51:53,546] Trial 0 finished with value: 0.002655356950463408 and parameters: {'lag_0': 0.6960664524884839, 'lag_1': 0.35902516965322345, 'lag_2': 0.9825089182742831, 'lag_3': 0.49893406841516047, 'lag_4': 0.3513468945839361, 'lag_5': 0.007998486634087648, 'lag_6': 0.5533143197628861, 'lag_7': 0.899303975367793, 'lag_8': 0.7087057740575774, 'lag_9': 0.8945440417826279, 'lag_10': 0.2825495127898619, 'lag_11': 0.8001033102127176, 'lag_12': 0.1996601797355108, 'lag_13': 0.5895430855553183, 'lag_14': 0.849295260194974, 'lag_15': 0.8482870519883096, 'lag_16': 0.7191274362708905, 'lag_17': 0.572009883146132, 'lag_18': 0.09773319574395187, 'lag_19': 0.671261339212242, 'lag_20': 0.5401558285786574, 'lag_21': 0.5415054582499148, 'lag_22': 0.07756408353729714, 'lag_23': 0.2219166714402952, 'lag_24': 0.15941938053945043, 'lag_25': 0.6044783321923869, 'lag_26': 0.7318222827800044, 'lag_27': 0.49067639972799226, 'lag_28': 0.28677363259858546}. Best is trial 0 with value: 0.002655356950463408.
[I 2025-09-29 11:51:55,871] Trial 1 finished with value: 0.002633889333934137 and parameters: {'lag_0': 0.2839517106534292, 'lag_1': 0.20190995945368817, 'lag_2': 0.06744027641164152, 'lag_3': 0.4371432696003823, 'lag_4': 0.8450108475378716, 'lag_5': 0.5609270809948589, 'lag_6': 0.30220989701783635, 'lag_7': 0.025915754774359527, 'lag_8': 0.4012745414508953, 'lag_9': 0.00862944675135245, 'lag_10': 0.9828297050283743, 'lag_11': 0.4574368214597748, 'lag_12': 0.15277364904520274, 'lag_13': 0.522978594432598, 'lag_14': 0.7998793067695515, 'lag_15': 0.6657319741424524, 'lag_16': 0.5424411150206578, 'lag_17': 0.19695621822447293, 'lag_18': 0.7355947489716976, 'lag_19': 0.19257670826472031, 'lag_20': 0.3597984571819836, 'lag_21': 0.7913823659142152, 'lag_22': 0.5924268007422262, 'lag_23': 0.4104935699139024, 'lag_24': 0.6135218668642751, 'lag_25': 0.0593365607257279, 'lag_26': 0.26566459422504746, 'lag_27': 0.25300574420782784, 'lag_28': 0.10368277918111564}. Best is trial 1 with value: 0.002633889333934137.
[I 2025-09-29 11:51:58,195] Trial 2 finished with value: 0.0026508065083515045 and parameters: {'lag_0': 0.255353724343353, 'lag_1': 0.526520674188428, 'lag_2': 0.09603688627605204, 'lag_3': 0.1950557922341209, 'lag_4': 0.5701869132688847, 'lag_5': 0.8072555903869084, 'lag_6': 0.47785166633774784, 'lag_7': 0.38470610894305707, 'lag_8': 0.6871059074469125, 'lag_9': 0.7837851415140739, 'lag_10': 0.9349307826784955, 'lag_11': 0.3808683408140388, 'lag_12': 0.5680049486579392, 'lag_13': 0.5089200259022818, 'lag_14': 0.8138086671807784, 'lag_15': 0.16705071177103245, 'lag_16': 0.06397749515423812, 'lag_17': 0.4236762805948821, 'lag_18': 0.6621074162628373, 'lag_19': 0.4948243034450675, 'lag_20': 0.8581868379723628, 'lag_21': 0.35050652165007057, 'lag_22': 0.7424704830844804, 'lag_23': 0.1497764243238471, 'lag_24': 0.3363929950100551, 'lag_25': 0.8446091424995734, 'lag_26': 0.10684672813861101, 'lag_27': 0.45446716556889033, 'lag_28': 0.19705012526959137}. Best is trial 1 with value: 0.002633889333934137.
[I 2025-09-29 11:52:00,501] Trial 3 finished with value: 0.0026377632741995567 and parameters: {'lag_0': 0.9563144199981756, 'lag_1': 0.36647269667250565, 'lag_2': 0.6755573586574674, 'lag_3': 0.012067270089634829, 'lag_4': 0.3355983551393002, 'lag_5': 0.5086776806858069, 'lag_6': 0.09000938592183565, 'lag_7': 0.18045681293533505, 'lag_8': 0.6901728652822331, 'lag_9': 0.17792423944918537, 'lag_10': 0.4896535910806716, 'lag_11': 0.15651054215977572, 'lag_12': 0.7876762721951049, 'lag_13': 0.9210288952692335, 'lag_14': 0.04770653252813273, 'lag_15': 0.5188155312398078, 'lag_16': 0.2215936477289693, 'lag_17': 0.6451023042005786, 'lag_18': 0.9560486677658695, 'lag_19': 0.17112721123609553, 'lag_20': 0.29914386743873206, 'lag_21': 0.9285392637135683, 'lag_22': 0.2429346803435285, 'lag_23': 0.6845407295703252, 'lag_24': 0.3147051669122519, 'lag_25': 0.6923785551704864, 'lag_26': 0.35984255152050276, 'lag_27': 0.7366724384316177, 'lag_28': 0.8586571949516584}. Best is trial 1 with value: 0.002633889333934137.
[I 2025-09-29 11:52:02,815] Trial 4 finished with value: 0.0026497544724189198 and parameters: {'lag_0': 0.10289327472343676, 'lag_1': 0.9434612791573901, 'lag_2': 0.416630478366182, 'lag_3': 0.7812488396322497, 'lag_4': 0.6113237230489371, 'lag_5': 0.16333546435933052, 'lag_6': 0.2861690505055115, 'lag_7': 0.25569617183756566, 'lag_8': 0.8660104468928415, 'lag_9': 0.745588385247875, 'lag_10': 0.6623731602980074, 'lag_11': 0.7999911339468332, 'lag_12': 0.7025218180551352, 'lag_13': 0.44585021138379843, 'lag_14': 0.9299902356973098, 'lag_15': 0.1603082446956234, 'lag_16': 0.7366692527147001, 'lag_17': 0.4370150619297942, 'lag_18': 0.7565704420515057, 'lag_19': 0.8110298771526732, 'lag_20': 0.2524963432585587, 'lag_21': 0.7547929274209483, 'lag_22': 0.8288370321958417, 'lag_23': 0.7300527334278675, 'lag_24': 0.6476524384932716, 'lag_25': 0.18932926600250344, 'lag_26': 0.8079759771962035, 'lag_27': 0.19475985803718604, 'lag_28': 0.69830675433148}. Best is trial 1 with value: 0.002633889333934137.
[I 2025-09-29 11:52:05,133] Trial 5 finished with value: 0.0026250365353325308 and parameters: {'lag_0': 0.48970732121564675, 'lag_1': 0.5699468147985769, 'lag_2': 0.18348951032369892, 'lag_3': 0.7198284374527444, 'lag_4': 0.5693320586200838, 'lag_5': 0.07824038891343937, 'lag_6': 0.5491156044316033, 'lag_7': 0.6142599332674354, 'lag_8': 0.691975816049028, 'lag_9': 0.6903326848566023, 'lag_10': 0.5215242603017586, 'lag_11': 0.11316824587333649, 'lag_12': 0.41171491805303295, 'lag_13': 0.03994037395721102, 'lag_14': 0.5681335742241747, 'lag_15': 0.5223402551087888, 'lag_16': 0.9397405170228205, 'lag_17': 0.6867981840818921, 'lag_18': 0.14260618737672812, 'lag_19': 0.1276921274648431, 'lag_20': 0.856026602589766, 'lag_21': 0.4903600717091022, 'lag_22': 0.6143094202861679, 'lag_23': 0.23434644665105037, 'lag_24': 0.40929896989142406, 'lag_25': 0.8915582978540324, 'lag_26': 0.7184817801487077, 'lag_27': 0.3481449353857205, 'lag_28': 0.4172892854533994}. Best is trial 5 with value: 0.0026250365353325308.
[I 2025-09-29 11:52:07,438] Trial 6 finished with value: 0.0026705419986292355 and parameters: {'lag_0': 0.27902642109762, 'lag_1': 0.22932946385172187, 'lag_2': 0.3080467132360529, 'lag_3': 0.3165170816374303, 'lag_4': 0.9579366287446226, 'lag_5': 0.5014623491775471, 'lag_6': 0.8300231791419004, 'lag_7': 0.03793135357766282, 'lag_8': 0.09329661785658813, 'lag_9': 0.5062467635229867, 'lag_10': 0.9981785126929245, 'lag_11': 0.4991574146763611, 'lag_12': 0.4500426715660535, 'lag_13': 0.558383709053175, 'lag_14': 0.43715632289461276, 'lag_15': 0.4148225524404445, 'lag_16': 0.721739120948588, 'lag_17': 0.3594028947806905, 'lag_18': 0.8935442925998632, 'lag_19': 0.2962737216048897, 'lag_20': 0.8575268308609298, 'lag_21': 0.8193056960732628, 'lag_22': 0.6391416427047726, 'lag_23': 0.43844901227586053, 'lag_24': 0.4467437283788707, 'lag_25': 0.5215196166153275, 'lag_26': 0.8779271297837771, 'lag_27': 0.3408009192798418, 'lag_28': 0.3584748652863721}. Best is trial 5 with value: 0.0026250365353325308.
[I 2025-09-29 11:52:09,748] Trial 7 finished with value: 0.0026600494971202094 and parameters: {'lag_0': 0.9358463328947288, 'lag_1': 0.08428145745555904, 'lag_2': 0.8924999135268481, 'lag_3': 0.7995141393597757, 'lag_4': 0.6994784675959825, 'lag_5': 0.13355810582916092, 'lag_6': 0.7759722864800744, 'lag_7': 0.12414698964488725, 'lag_8': 0.8945142518797932, 'lag_9': 0.6122393985041195, 'lag_10': 0.19949794784840522, 'lag_11': 0.6748753259681173, 'lag_12': 0.9387850322053327, 'lag_13': 0.07779291618771661, 'lag_14': 0.3432625326182617, 'lag_15': 0.4858634632858917, 'lag_16': 0.13767083090823465, 'lag_17': 0.8517645619051295, 'lag_18': 0.04503613935920641, 'lag_19': 0.2789618147544298, 'lag_20': 0.401696255384612, 'lag_21': 0.7177749495764885, 'lag_22': 0.4576059640689408, 'lag_23': 0.7755162928179126, 'lag_24': 0.886879289441475, 'lag_25': 0.9086775670062762, 'lag_26': 0.060286070423744044, 'lag_27': 0.046614454269538065, 'lag_28': 0.7483386713755494}. Best is trial 5 with value: 0.0026250365353325308.
[I 2025-09-29 11:52:12,049] Trial 8 finished with value: 0.002720740868176489 and parameters: {'lag_0': 0.17655176734453254, 'lag_1': 0.9057628638636496, 'lag_2': 0.8769388695401591, 'lag_3': 0.7670156421283281, 'lag_4': 0.2346441681853751, 'lag_5': 0.6148836804255299, 'lag_6': 0.2202858671356917, 'lag_7': 0.1885282197628292, 'lag_8': 0.5671731701058853, 'lag_9': 0.10358778821215332, 'lag_10': 0.7872578821577386, 'lag_11': 0.755446834222766, 'lag_12': 0.6520518081648623, 'lag_13': 0.5147148317255444, 'lag_14': 0.5102378541327648, 'lag_15': 0.1927926771992644, 'lag_16': 0.32175421693947254, 'lag_17': 0.8807283712083384, 'lag_18': 0.4924521847121589, 'lag_19': 0.07385275331152609, 'lag_20': 0.11774577134144565, 'lag_21': 0.582294179297538, 'lag_22': 0.4455266936625189, 'lag_23': 0.46075145484966473, 'lag_24': 0.45427355139618836, 'lag_25': 0.8720529040744589, 'lag_26': 0.18986992776996767, 'lag_27': 0.9330474673868601, 'lag_28': 0.009564059816901487}. Best is trial 5 with value: 0.0026250365353325308.
[I 2025-09-29 11:52:14,366] Trial 9 finished with value: 0.0026441804503376633 and parameters: {'lag_0': 0.7111294411549178, 'lag_1': 0.5637145179656121, 'lag_2': 0.6413211967953494, 'lag_3': 0.9766948490523896, 'lag_4': 0.35471467591529215, 'lag_5': 0.3545799128618039, 'lag_6': 0.4224972112172327, 'lag_7': 0.3911530312991756, 'lag_8': 0.5758195292812426, 'lag_9': 0.6547922299238529, 'lag_10': 0.16538914621229736, 'lag_11': 0.1699994704070656, 'lag_12': 0.9107371585006293, 'lag_13': 0.9580490067796151, 'lag_14': 0.6288371021381456, 'lag_15': 0.5156486402074114, 'lag_16': 0.8004864325481472, 'lag_17': 0.6735288611583353, 'lag_18': 0.631050243182329, 'lag_19': 0.38764461553561746, 'lag_20': 0.5862605119650083, 'lag_21': 0.20449371174116537, 'lag_22': 0.19856795027929025, 'lag_23': 0.5736206347062919, 'lag_24': 0.35118251854750115, 'lag_25': 0.16898780280740613, 'lag_26': 0.47371027505163393, 'lag_27': 0.40174620652131054, 'lag_28': 0.2406572969090497}. Best is trial 5 with value: 0.0026250365353325308.
[I 2025-09-29 11:52:16,732] Trial 10 finished with value: 0.0026480942099146925 and parameters: {'lag_0': 0.5101469633608509, 'lag_1': 0.7018464647664758, 'lag_2': 0.26281539108468505, 'lag_3': 0.7152606393696803, 'lag_4': 0.03596550569758161, 'lag_5': 0.8879539808785116, 'lag_6': 0.9676335574761245, 'lag_7': 0.7214024320087736, 'lag_8': 0.33879096361513855, 'lag_9': 0.3279702169231227, 'lag_10': 0.4394448517877223, 'lag_11': 0.03335775408394687, 'lag_12': 0.3579910343824272, 'lag_13': 0.01329524865411381, 'lag_14': 0.1810129769729094, 'lag_15': 0.9155416524247124, 'lag_16': 0.9874153824358988, 'lag_17': 0.04989454663974896, 'lag_18': 0.2791406723671579, 'lag_19': 0.9927562034967314, 'lag_20': 0.9848838520434198, 'lag_21': 0.1344837094970298, 'lag_22': 0.9357754197675059, 'lag_23': 0.9815646166965539, 'lag_24': 0.03546579359795898, 'lag_25': 0.38284949077878316, 'lag_26': 0.5862764412907858, 'lag_27': 0.6914881189644664, 'lag_28': 0.4697154256154743}. Best is trial 5 with value: 0.0026250365353325308.
[I 2025-09-29 11:52:19,176] Trial 11 finished with value: 0.002673907592454738 and parameters: {'lag_0': 0.4406221376736884, 'lag_1': 0.03943400405203423, 'lag_2': 0.041329023909551545, 'lag_3': 0.5279129623993116, 'lag_4': 0.8471158396815909, 'lag_5': 0.3258166849944486, 'lag_6': 0.6044715287110711, 'lag_7': 0.654145260403376, 'lag_8': 0.3317288500878339, 'lag_9': 0.32598375182447703, 'lag_10': 0.0031158013818355923, 'lag_11': 0.9949045264484999, 'lag_12': 0.06821542239605238, 'lag_13': 0.2649822695931856, 'lag_14': 0.6402016642883113, 'lag_15': 0.707610672074708, 'lag_16': 0.4771826083250357, 'lag_17': 0.11615286482956028, 'lag_18': 0.38673610867618885, 'lag_19': 0.04992486795875348, 'lag_20': 0.6972036111226818, 'lag_21': 0.40491740668742277, 'lag_22': 0.5957418959148207, 'lag_23': 0.008979045980683664, 'lag_24': 0.6089164496484327, 'lag_25': 0.0065722850312752296, 'lag_26': 0.9919266310297903, 'lag_27': 0.19259541180511575, 'lag_28': 0.030628266679650615}. Best is trial 5 with value: 0.0026250365353325308.
[I 2025-09-29 11:52:21,538] Trial 12 finished with value: 0.0026102281945787945 and parameters: {'lag_0': 0.4037898046385792, 'lag_1': 0.723029965706498, 'lag_2': 0.19073753870065946, 'lag_3': 0.5225701579276808, 'lag_4': 0.7794317736630884, 'lag_5': 0.665367096947183, 'lag_6': 0.3340075879541543, 'lag_7': 0.5631308969033983, 'lag_8': 0.3653031674443738, 'lag_9': 0.9548551763662703, 'lag_10': 0.7249159584307233, 'lag_11': 0.33578382692024217, 'lag_12': 0.2748193686168753, 'lag_13': 0.7370972984765308, 'lag_14': 0.7565302493890753, 'lag_15': 0.6349619639830842, 'lag_16': 0.48227764780109345, 'lag_17': 0.2250118474856354, 'lag_18': 0.24798872582741754, 'lag_19': 0.015833885323286834, 'lag_20': 0.003289187253290249, 'lag_21': 0.9968187819121013, 'lag_22': 0.3840074706219896, 'lag_23': 0.2626969387976942, 'lag_24': 0.8105986741266024, 'lag_25': 0.37504038710506005, 'lag_26': 0.3023206281312487, 'lag_27': 0.2481452181535372, 'lag_28': 0.5276431209069479}. Best is trial 12 with value: 0.0026102281945787945.
[I 2025-09-29 11:52:23,905] Trial 13 finished with value: 0.002649963843750739 and parameters: {'lag_0': 0.5215594759589626, 'lag_1': 0.7616383084562071, 'lag_2': 0.2278115870682378, 'lag_3': 0.6004685469623208, 'lag_4': 0.738563208564713, 'lag_5': 0.7814774470897387, 'lag_6': 0.006709547224527712, 'lag_7': 0.6012500466801499, 'lag_8': 0.15310430506478961, 'lag_9': 0.9870290860390699, 'lag_10': 0.6577247371186477, 'lag_11': 0.29003414369220226, 'lag_12': 0.32412094495621524, 'lag_13': 0.7444329226642548, 'lag_14': 0.666498527292192, 'lag_15': 0.32928567845121554, 'lag_16': 0.4765051953507367, 'lag_17': 0.2854937404087759, 'lag_18': 0.19002690111676981, 'lag_19': 0.0636744871486794, 'lag_20': 0.00759726890864419, 'lag_21': 0.997694505567085, 'lag_22': 0.29217487858064317, 'lag_23': 0.2329200186038678, 'lag_24': 0.9645287275456482, 'lag_25': 0.3865290431943754, 'lag_26': 0.6578424700422747, 'lag_27': 0.6430858403519852, 'lag_28': 0.5735096021611441}. Best is trial 12 with value: 0.0026102281945787945.
[I 2025-09-29 11:52:26,271] Trial 14 finished with value: 0.0026440981706235362 and parameters: {'lag_0': 0.6788690560744783, 'lag_1': 0.6986390553041211, 'lag_2': 0.46821751651794274, 'lag_3': 0.9695021614761354, 'lag_4': 0.4861124433242523, 'lag_5': 0.6962940784013462, 'lag_6': 0.650558797472825, 'lag_7': 0.8689539450127357, 'lag_8': 0.22550135547064676, 'lag_9': 0.8523687099823409, 'lag_10': 0.6594907808029387, 'lag_11': 0.2802002311780144, 'lag_12': 0.2838182400779811, 'lag_13': 0.7920448195880807, 'lag_14': 0.3169732043055746, 'lag_15': 0.6912904907712084, 'lag_16': 0.9831005941130342, 'lag_17': 0.9903450640881956, 'lag_18': 0.29380168460902184, 'lag_19': 0.0038988690003699117, 'lag_20': 0.6911636983117274, 'lag_21': 0.3019322142109415, 'lag_22': 0.3934933626737552, 'lag_23': 0.2827551792917513, 'lag_24': 0.7626879954757856, 'lag_25': 0.3938091059434167, 'lag_26': 0.44915415152418514, 'lag_27': 0.033010613205081085, 'lag_28': 0.4769463288267765}. Best is trial 12 with value: 0.0026102281945787945.
[I 2025-09-29 11:52:28,631] Trial 15 finished with value: 0.0027126269682677885 and parameters: {'lag_0': 0.40816665107000105, 'lag_1': 0.7934404500826412, 'lag_2': 0.17988929189520805, 'lag_3': 0.6530745185462853, 'lag_4': 0.9959355511314978, 'lag_5': 0.9749105158628235, 'lag_6': 0.4033808219101876, 'lag_7': 0.4445406948226154, 'lag_8': 0.48133163367811516, 'lag_9': 0.9917016318699776, 'lag_10': 0.8064634356008755, 'lag_11': 0.007448053999789761, 'lag_12': 0.4441059393210949, 'lag_13': 0.2634374857962296, 'lag_14': 0.5136554577484758, 'lag_15': 0.008442333871095109, 'lag_16': 0.349549926507025, 'lag_17': 0.7389408355391787, 'lag_18': 0.1738467963087609, 'lag_19': 0.44812243033929944, 'lag_20': 0.15224687205678872, 'lag_21': 0.00714405293219611, 'lag_22': 0.7361683825958183, 'lag_23': 0.13340395280651585, 'lag_24': 0.82707653173715, 'lag_25': 0.9940667479120318, 'lag_26': 0.32357588896500816, 'lag_27': 0.30065685828871463, 'lag_28': 0.61569663521004}. Best is trial 12 with value: 0.0026102281945787945.
[I 2025-09-29 11:52:30,988] Trial 16 finished with value: 0.002654797811606509 and parameters: {'lag_0': 0.02730599735977407, 'lag_1': 0.6062929135470326, 'lag_2': 0.4072716269960479, 'lag_3': 0.3667659979944051, 'lag_4': 0.7411861477349166, 'lag_5': 0.37444071876829993, 'lag_6': 0.7193381773115031, 'lag_7': 0.5214785829490162, 'lag_8': 0.9677622707885989, 'lag_9': 0.6580191670314947, 'lag_10': 0.3927321018924599, 'lag_11': 0.16058368450686958, 'lag_12': 0.07334796750435185, 'lag_13': 0.7223206323076825, 'lag_14': 0.9979688902743854, 'lag_15': 0.7956707719236384, 'lag_16': 0.6207461885895024, 'lag_17': 0.5156853583413551, 'lag_18': 0.4155958443726603, 'lag_19': 0.6060668623339085, 'lag_20': 0.6877010049897925, 'lag_21': 0.6328935080274803, 'lag_22': 0.025992009336307464, 'lag_23': 0.3556204669822232, 'lag_24': 0.21490492058038546, 'lag_25': 0.7306109478058128, 'lag_26': 0.5765226871294342, 'lag_27': 0.5833652931953245, 'lag_28': 0.9527831962879062}. Best is trial 12 with value: 0.0026102281945787945.
[I 2025-09-29 11:52:33,353] Trial 17 finished with value: 0.002639300909877208 and parameters: {'lag_0': 0.3700838337915718, 'lag_1': 0.406048005437317, 'lag_2': 0.5551000916078285, 'lag_3': 0.8761292584914293, 'lag_4': 0.4722998688550575, 'lag_5': 0.22030323753018322, 'lag_6': 0.15795568714787922, 'lag_7': 0.7877040638020747, 'lag_8': 0.006157938964120202, 'lag_9': 0.499974493259817, 'lag_10': 0.5900915960873389, 'lag_11': 0.31318633010556896, 'lag_12': 0.5295426296434678, 'lag_13': 0.32184554072379024, 'lag_14': 0.7132617867761826, 'lag_15': 0.5720358103746407, 'lag_16': 0.8734780855567786, 'lag_17': 0.21619827612777415, 'lag_18': 0.2800558793934793, 'lag_19': 0.18360013419177676, 'lag_20': 0.9965467951809046, 'lag_21': 0.42418083666980044, 'lag_22': 0.326318123081781, 'lag_23': 0.034788635783059546, 'lag_24': 0.7270192569237796, 'lag_25': 0.2941703071895986, 'lag_26': 0.4121827070373127, 'lag_27': 0.1332525178964482, 'lag_28': 0.39191104358305473}. Best is trial 12 with value: 0.0026102281945787945.
[I 2025-09-29 11:52:35,715] Trial 18 finished with value: 0.0026371369228745745 and parameters: {'lag_0': 0.5712765010403613, 'lag_1': 0.8638705977081662, 'lag_2': 0.33430306221998, 'lag_3': 0.2395712112598738, 'lag_4': 0.5988757243446807, 'lag_5': 0.0269038854930283, 'lag_6': 0.3851664358439321, 'lag_7': 0.9796150990980086, 'lag_8': 0.8061755765353791, 'lag_9': 0.8451482286082341, 'lag_10': 0.8007754594237632, 'lag_11': 0.6140642221195741, 'lag_12': 0.21216423476031593, 'lag_13': 0.6660921417140957, 'lag_14': 0.5375385195573227, 'lag_15': 0.30226704043603225, 'lag_16': 0.36389502663591633, 'lag_17': 0.8039671099777951, 'lag_18': 0.1436318646474694, 'lag_19': 0.35013309730757286, 'lag_20': 0.45899062581725436, 'lag_21': 0.4848197130673479, 'lag_22': 0.14761418210742938, 'lag_23': 0.5903279512969234, 'lag_24': 0.953970970232967, 'lag_25': 0.5704904667462927, 'lag_26': 0.556496552345677, 'lag_27': 0.826047239045741, 'lag_28': 0.5813402933519416}. Best is trial 12 with value: 0.0026102281945787945.
