[I 2025-09-29 11:54:26,116] Trial 62 finished with value: 0.011191140126765997 and parameters: {'lag_0': 0.4782416841808719, 'lag_1': 0.5745447041959189, 'lag_2': 0.7433997509358955, 'lag_3': 0.3444583319238046, 'lag_4': 0.9516760087041836, 'lag_5': 0.1259622064500004, 'lag_6': 0.47889798489242835, 'lag_7': 0.3026000151454744, 'lag_8': 0.5625918046390755, 'lag_9': 0.7620635968038385, 'lag_10': 0.051802235477361486, 'lag_11': 0.1804043071708716, 'lag_12': 0.7938780591204381, 'lag_13': 0.5378868058435049, 'lag_14': 0.6496538761429241, 'lag_15': 0.06830639992704551, 'lag_16': 0.24752626980504633, 'lag_17': 0.8801887255102033, 'lag_18': 0.37505556267053397, 'lag_19': 0.8690715114101898, 'lag_20': 0.09733994198993515, 'lag_21': 0.29319052857795636, 'lag_22': 0.00046434672479571393, 'lag_23': 0.9674518559133394, 'lag_24': 0.3285120365990375, 'lag_25': 0.717850740825388, 'lag_26': 0.2367599860187419, 'lag_27': 0.9852511286039379, 'lag_28': 0.9261745330970418}. Best is trial 58 with value: 0.010976742506279497.
[I 2025-09-29 11:54:28,452] Trial 63 finished with value: 0.011260811209086485 and parameters: {'lag_0': 0.6150112211061958, 'lag_1': 0.4780173299218313, 'lag_2': 0.9277624119710732, 'lag_3': 0.08950093562734268, 'lag_4': 0.8726866405824777, 'lag_5': 0.054725004199800864, 'lag_6': 0.7025320531811741, 'lag_7': 0.17622892368482174, 'lag_8': 0.6618586167451993, 'lag_9': 0.5564067509953919, 'lag_10': 0.08410677434996527, 'lag_11': 0.11310433366361922, 'lag_12': 0.99798467414527, 'lag_13': 0.6167105884652767, 'lag_14': 0.7122361763397635, 'lag_15': 0.05833922448281471, 'lag_16': 0.3379900886158701, 'lag_17': 0.9574819665082172, 'lag_18': 0.30032511888943864, 'lag_19': 0.9347095585337928, 'lag_20': 0.8285620155955015, 'lag_21': 0.3180287259641605, 'lag_22': 0.029137073006287262, 'lag_23': 0.716724272013957, 'lag_24': 0.41158399082476466, 'lag_25': 0.5584232169044578, 'lag_26': 0.720808805808268, 'lag_27': 0.896577203557143, 'lag_28': 0.8748778566395169}. Best is trial 58 with value: 0.010976742506279497.
[I 2025-09-29 11:54:30,780] Trial 64 finished with value: 0.011045385780303894 and parameters: {'lag_0': 0.8094469594736825, 'lag_1': 0.770252317251152, 'lag_2': 0.5161090652801371, 'lag_3': 0.0404820161600091, 'lag_4': 0.7928638444248175, 'lag_5': 0.21511962326068831, 'lag_6': 0.6461548123119483, 'lag_7': 0.13138705385857422, 'lag_8': 0.510049974502035, 'lag_9': 0.6109635216245282, 'lag_10': 0.19390601436139676, 'lag_11': 0.011529386127662744, 'lag_12': 0.8416415629493175, 'lag_13': 0.22404142737508242, 'lag_14': 0.6452701827986193, 'lag_15': 0.0015874260493639117, 'lag_16': 0.20304166646313973, 'lag_17': 0.7430148800293306, 'lag_18': 0.6390063146183319, 'lag_19': 0.8019308878308882, 'lag_20': 0.7137902579413083, 'lag_21': 0.26816239682028115, 'lag_22': 0.15711463153635785, 'lag_23': 0.8049565852598474, 'lag_24': 0.280014068322875, 'lag_25': 0.40709449630927286, 'lag_26': 0.3760436463369894, 'lag_27': 0.9131457057935906, 'lag_28': 0.7224407566621894}. Best is trial 58 with value: 0.010976742506279497.
[I 2025-09-29 11:54:33,118] Trial 65 finished with value: 0.0112198534588382 and parameters: {'lag_0': 0.7328640977365695, 'lag_1': 0.5679590362698738, 'lag_2': 0.7255542325326552, 'lag_3': 0.1379287500071561, 'lag_4': 0.8994817733444097, 'lag_5': 0.12008742346565437, 'lag_6': 0.6042603027285947, 'lag_7': 0.10517071157652462, 'lag_8': 0.6930707536390222, 'lag_9': 0.8073315565656484, 'lag_10': 0.14581861141456903, 'lag_11': 0.09842209177358392, 'lag_12': 0.9412549732187895, 'lag_13': 0.38011268492627837, 'lag_14': 0.5443883824230165, 'lag_15': 0.09175741034834288, 'lag_16': 0.3683594820235738, 'lag_17': 0.8219394690534713, 'lag_18': 0.5988026996762852, 'lag_19': 0.8647289869569319, 'lag_20': 0.04389840719290345, 'lag_21': 0.4045715479227968, 'lag_22': 0.08277714275624194, 'lag_23': 0.9116759858236001, 'lag_24': 0.4745660408175947, 'lag_25': 0.3548114015139858, 'lag_26': 0.05602308094548575, 'lag_27': 0.7093984218608728, 'lag_28': 0.8173770936255725}. Best is trial 58 with value: 0.010976742506279497.
[I 2025-09-29 11:54:35,456] Trial 66 finished with value: 0.011151769356979424 and parameters: {'lag_0': 0.39493074736622447, 'lag_1': 0.6808192133629171, 'lag_2': 0.6496576421362534, 'lag_3': 0.29193466074409197, 'lag_4': 0.8468996303939039, 'lag_5': 0.16209480050952496, 'lag_6': 0.5543116291469701, 'lag_7': 0.3260463966230134, 'lag_8': 0.7695934005190221, 'lag_9': 0.8285680578477714, 'lag_10': 0.25669295199941494, 'lag_11': 0.05107057579583196, 'lag_12': 0.895654758766991, 'lag_13': 0.23935557943635374, 'lag_14': 0.5989998686625124, 'lag_15': 0.1283235615126777, 'lag_16': 0.47207809451356986, 'lag_17': 0.7104709795952113, 'lag_18': 0.16274562681271068, 'lag_19': 0.7768963356078906, 'lag_20': 0.08271007811161275, 'lag_21': 0.1675149600263874, 'lag_22': 0.4433731151472414, 'lag_23': 0.8525823905730686, 'lag_24': 0.20388161639552307, 'lag_25': 0.50010563027922, 'lag_26': 0.39761269792106413, 'lag_27': 0.9576525575353994, 'lag_28': 0.9367694557368986}. Best is trial 58 with value: 0.010976742506279497.
[I 2025-09-29 11:54:37,789] Trial 67 finished with value: 0.011115269368521493 and parameters: {'lag_0': 0.6722126496935209, 'lag_1': 0.7446906933730362, 'lag_2': 0.767957302737478, 'lag_3': 0.239826718369135, 'lag_4': 0.9526294226758939, 'lag_5': 0.07008209925153046, 'lag_6': 0.453582295873234, 'lag_7': 0.2578151000826851, 'lag_8': 0.5874709089335266, 'lag_9': 0.9469806298646288, 'lag_10': 0.022755027736241495, 'lag_11': 0.21016887151497696, 'lag_12': 0.8138041216291407, 'lag_13': 0.5085273973317231, 'lag_14': 0.7573579182970575, 'lag_15': 0.1092287799269877, 'lag_16': 0.30639562728422115, 'lag_17': 0.6037818489053626, 'lag_18': 0.48641942322083065, 'lag_19': 0.647456532762761, 'lag_20': 0.5357614275664025, 'lag_21': 0.23283701033094106, 'lag_22': 0.2166719875805446, 'lag_23': 0.8750545855077515, 'lag_24': 0.3611903267310974, 'lag_25': 0.6356169038564152, 'lag_26': 0.04152144829941484, 'lag_27': 0.8730163289311195, 'lag_28': 0.7793105811476263}. Best is trial 58 with value: 0.010976742506279497.
[I 2025-09-29 11:54:40,136] Trial 68 finished with value: 0.011046436574279096 and parameters: {'lag_0': 0.5094934827912946, 'lag_1': 0.6149794288547614, 'lag_2': 0.8725632257864115, 'lag_3': 0.3425152548901425, 'lag_4': 0.7265399474715948, 'lag_5': 0.25759821451154175, 'lag_6': 0.5052254776685097, 'lag_7': 0.2128198567599124, 'lag_8': 0.7282325751464089, 'lag_9': 0.46532610396838664, 'lag_10': 0.44817729593065087, 'lag_11': 0.1299128815049503, 'lag_12': 0.7122138561183136, 'lag_13': 0.46663127662253523, 'lag_14': 0.8862153377267653, 'lag_15': 0.5921407874716782, 'lag_16': 0.4157289315176567, 'lag_17': 0.8103748165418047, 'lag_18': 0.03064348008758766, 'lag_19': 0.7991419071193749, 'lag_20': 0.142571767646337, 'lag_21': 0.34799627109191233, 'lag_22': 0.593395809723987, 'lag_23': 0.7938426410633106, 'lag_24': 0.4012815309520172, 'lag_25': 0.5958048842959444, 'lag_26': 0.10164680314490449, 'lag_27': 0.46989781550521864, 'lag_28': 0.8504070811897357}. Best is trial 58 with value: 0.010976742506279497.
[I 2025-09-29 11:54:42,476] Trial 69 finished with value: 0.01120748719875006 and parameters: {'lag_0': 0.5880114181116451, 'lag_1': 0.6430665731255933, 'lag_2': 0.5777394476811462, 'lag_3': 0.37966063875706463, 'lag_4': 0.6404071349946666, 'lag_5': 0.18125452777284146, 'lag_6': 0.5703295334712816, 'lag_7': 0.17349690109646707, 'lag_8': 0.8903423473847167, 'lag_9': 0.5171262520382756, 'lag_10': 0.09148577766366789, 'lag_11': 0.24228933830793903, 'lag_12': 0.7781920553625553, 'lag_13': 0.2924322507836959, 'lag_14': 0.48520817602610716, 'lag_15': 0.5434397583348578, 'lag_16': 0.13594393269794766, 'lag_17': 0.9074801551917889, 'lag_18': 0.6673733165629158, 'lag_19': 0.9738393949011916, 'lag_20': 0.6271500484331932, 'lag_21': 0.19624007966271428, 'lag_22': 0.08467564426037437, 'lag_23': 0.7353486707197406, 'lag_24': 0.24112917299712805, 'lag_25': 0.6654818735783418, 'lag_26': 0.4667589623536966, 'lag_27': 0.9341292693995598, 'lag_28': 0.8981284667313855}. Best is trial 58 with value: 0.010976742506279497.
[I 2025-09-29 11:54:44,804] Trial 70 finished with value: 0.01113198519362816 and parameters: {'lag_0': 0.5310590625770713, 'lag_1': 0.5061347949089603, 'lag_2': 0.6673605760817458, 'lag_3': 0.23589226752607323, 'lag_4': 0.7649989410573832, 'lag_5': 0.14460324347788142, 'lag_6': 0.6586210395189285, 'lag_7': 0.09286863767287895, 'lag_8': 0.5393675447883691, 'lag_9': 0.5820446424558879, 'lag_10': 0.38517163348914485, 'lag_11': 0.18658124604672904, 'lag_12': 0.9679728363822928, 'lag_13': 0.8309144218575841, 'lag_14': 0.6739389835418041, 'lag_15': 0.6712379348179103, 'lag_16': 0.22975093208706446, 'lag_17': 0.866839014965153, 'lag_18': 0.5615935673741003, 'lag_19': 0.7239382811044337, 'lag_20': 0.9597944198548707, 'lag_21': 0.45144721054817494, 'lag_22': 0.04377359311002632, 'lag_23': 0.9257919113845885, 'lag_24': 0.3077037329850823, 'lag_25': 0.7852081532180873, 'lag_26': 0.25052911637887354, 'lag_27': 0.5756652063607127, 'lag_28': 0.7396275844446826}. Best is trial 58 with value: 0.010976742506279497.
[I 2025-09-29 11:54:47,139] Trial 71 finished with value: 0.01121845371749788 and parameters: {'lag_0': 0.8073106312795062, 'lag_1': 0.7556549016532034, 'lag_2': 0.5034910423537289, 'lag_3': 0.010387866875939844, 'lag_4': 0.8054432318236178, 'lag_5': 0.21066291077211913, 'lag_6': 0.6324479079768056, 'lag_7': 0.12041494216420598, 'lag_8': 0.5163410081256494, 'lag_9': 0.6365960061585691, 'lag_10': 0.2043349260224731, 'lag_11': 0.004140924486858155, 'lag_12': 0.8518942865323658, 'lag_13': 0.2196269610436576, 'lag_14': 0.6231158208901199, 'lag_15': 0.025709513147632423, 'lag_16': 0.2036206589617218, 'lag_17': 0.7644861222177092, 'lag_18': 0.6281498354717124, 'lag_19': 0.8878944401253256, 'lag_20': 0.8529094849018896, 'lag_21': 0.28923504213669166, 'lag_22': 0.15414852053045536, 'lag_23': 0.7994503044920577, 'lag_24': 0.2843224614725663, 'lag_25': 0.4204102732024802, 'lag_26': 0.3614485025068681, 'lag_27': 0.8924372355898547, 'lag_28': 0.7201100193272663}. Best is trial 58 with value: 0.010976742506279497.
[I 2025-09-29 11:54:49,481] Trial 72 finished with value: 0.011269295128221933 and parameters: {'lag_0': 0.8384113098060677, 'lag_1': 0.8673843347157484, 'lag_2': 0.4570654054835987, 'lag_3': 0.036943880530385304, 'lag_4': 0.792132096350382, 'lag_5': 0.30418924769122685, 'lag_6': 0.7299256055982322, 'lag_7': 0.019113266597019826, 'lag_8': 0.6310517951048156, 'lag_9': 0.7166497190183332, 'lag_10': 0.22515407315996036, 'lag_11': 0.02663009625169587, 'lag_12': 0.8321089041179037, 'lag_13': 0.18460085266953136, 'lag_14': 0.6504760716789412, 'lag_15': 0.002545990480861418, 'lag_16': 0.27910534813128063, 'lag_17': 0.6764846423432882, 'lag_18': 0.6530372124243827, 'lag_19': 0.793720311051436, 'lag_20': 0.7403724310192112, 'lag_21': 0.26918381237816585, 'lag_22': 0.12605654962734375, 'lag_23': 0.9663853395918767, 'lag_24': 0.1926299007624768, 'lag_25': 0.388500560391885, 'lag_26': 0.4042369277093081, 'lag_27': 0.9265650641637148, 'lag_28': 0.7964854036848468}. Best is trial 58 with value: 0.010976742506279497.
[I 2025-09-29 11:54:51,942] Trial 73 finished with value: 0.011045113884699146 and parameters: {'lag_0': 0.7797828963842853, 'lag_1': 0.7709876955218646, 'lag_2': 0.5398408422716228, 'lag_3': 0.2957361521481077, 'lag_4': 0.8503688520898842, 'lag_5': 0.02597481833482926, 'lag_6': 0.6860043135976626, 'lag_7': 0.1409662872899188, 'lag_8': 0.5748463966817573, 'lag_9': 0.6052304304656541, 'lag_10': 0.12399218494088007, 'lag_11': 0.048304437106932274, 'lag_12': 0.8689261479926611, 'lag_13': 0.2765112506142389, 'lag_14': 0.7258371630484588, 'lag_15': 0.04929059194220674, 'lag_16': 0.3261263574615411, 'lag_17': 0.93169350846793, 'lag_18': 0.6315204220627988, 'lag_19': 0.9549778654650225, 'lag_20': 0.6863339412172109, 'lag_21': 0.3178082546592869, 'lag_22': 0.2855402820171754, 'lag_23': 0.7838658025656581, 'lag_24': 0.35153956004667164, 'lag_25': 0.4754662979829533, 'lag_26': 0.501965842117303, 'lag_27': 0.8367799643795404, 'lag_28': 0.7582926120610063}. Best is trial 58 with value: 0.010976742506279497.
[I 2025-09-29 11:54:54,285] Trial 74 finished with value: 0.011176425339775179 and parameters: {'lag_0': 0.6180188518179427, 'lag_1': 0.6945443356296149, 'lag_2': 0.6141829054591549, 'lag_3': 0.19192466097823543, 'lag_4': 0.8962159152452506, 'lag_5': 0.012936366131343573, 'lag_6': 0.7972538550470403, 'lag_7': 0.26897666504266393, 'lag_8': 0.582678007114497, 'lag_9': 0.5523418129254947, 'lag_10': 0.00013906774765505558, 'lag_11': 0.06398745568293726, 'lag_12': 0.47194010570190836, 'lag_13': 0.3209079848797364, 'lag_14': 0.7265804115258797, 'lag_15': 0.052065579534549274, 'lag_16': 0.33183621757297843, 'lag_17': 0.9500748934387222, 'lag_18': 0.6912135312753367, 'lag_19': 0.9480650876665577, 'lag_20': 0.6875443260156777, 'lag_21': 0.39447056719650264, 'lag_22': 0.2749924743903599, 'lag_23': 0.6653930915727277, 'lag_24': 0.4446034246859706, 'lag_25': 0.5340742331224364, 'lag_26': 0.5084987716508216, 'lag_27': 0.8153961833544978, 'lag_28': 0.8299934449707974}. Best is trial 58 with value: 0.010976742506279497.
[I 2025-09-29 11:54:56,634] Trial 75 finished with value: 0.011297003573731656 and parameters: {'lag_0': 0.7756962568972161, 'lag_1': 0.7987977761245159, 'lag_2': 0.5470392851169268, 'lag_3': 0.2908920679280233, 'lag_4': 0.8532910224695295, 'lag_5': 0.10230988838102557, 'lag_6': 0.685791972780013, 'lag_7': 0.21961733840557834, 'lag_8': 0.4566130558232777, 'lag_9': 0.6648114835678249, 'lag_10': 0.13529679001993178, 'lag_11': 0.08324129641520164, 'lag_12': 0.8745516490677934, 'lag_13': 0.38028700098756607, 'lag_14': 0.5605194431747953, 'lag_15': 0.17586469393473525, 'lag_16': 0.45072381639478243, 'lag_17': 0.42067436257929586, 'lag_18': 0.5887108523625023, 'lag_19': 0.8572834844038562, 'lag_20': 0.8666787699864558, 'lag_21': 0.3570795524937938, 'lag_22': 0.21107593312837797, 'lag_23': 0.746709516937992, 'lag_24': 0.3763862402831074, 'lag_25': 0.4738027656665163, 'lag_26': 0.1555951589260957, 'lag_27': 0.9939428209846772, 'lag_28': 0.97694561836309}. Best is trial 58 with value: 0.010976742506279497.
[I 2025-09-29 11:54:58,991] Trial 76 finished with value: 0.01126233863320867 and parameters: {'lag_0': 0.7176545510231634, 'lag_1': 0.7182966623827055, 'lag_2': 0.47486820348448744, 'lag_3': 0.3222158527792371, 'lag_4': 0.8702253925352179, 'lag_5': 0.04921440988058005, 'lag_6': 0.5857197519165201, 'lag_7': 0.1628654860789668, 'lag_8': 0.4914690494071807, 'lag_9': 0.5978045652839575, 'lag_10': 0.1124819724737552, 'lag_11': 0.16057536198858757, 'lag_12': 0.9140112030594465, 'lag_13': 0.27562858745988117, 'lag_14': 0.7940874914588145, 'lag_15': 0.15755409923766944, 'lag_16': 0.39375599415160323, 'lag_17': 0.494405505912784, 'lag_18': 0.30266530231656996, 'lag_19': 0.9596157737112012, 'lag_20': 0.7630774267257775, 'lag_21': 0.49486947576471163, 'lag_22': 0.38700548086050063, 'lag_23': 0.8603393235645713, 'lag_24': 0.3326498127266256, 'lag_25': 0.4483523592791141, 'lag_26': 0.2010199409771612, 'lag_27': 0.8523366297876027, 'lag_28': 0.2767048401117399}. Best is trial 58 with value: 0.010976742506279497.
[I 2025-09-29 11:55:01,339] Trial 77 finished with value: 0.011400927489125712 and parameters: {'lag_0': 0.6913560703478083, 'lag_1': 0.5498340812567503, 'lag_2': 0.05684596509456685, 'lag_3': 0.2597191797250526, 'lag_4': 0.952959416664081, 'lag_5': 0.07787186605660648, 'lag_6': 0.5428667777498907, 'lag_7': 0.0632783296276832, 'lag_8': 0.6798014849008116, 'lag_9': 0.46270603920205167, 'lag_10': 0.16422460574168551, 'lag_11': 0.2645985205621038, 'lag_12': 0.647357195708624, 'lag_13': 0.14635675193311867, 'lag_14': 0.8387232549921365, 'lag_15': 0.2036937812308926, 'lag_16': 0.2585639289905532, 'lag_17': 0.8363721216826332, 'lag_18': 0.7481553805665286, 'lag_19': 0.9179848306385252, 'lag_20': 0.9191385430363787, 'lag_21': 0.32108318127643354, 'lag_22': 0.6224508162925335, 'lag_23': 0.514290126758756, 'lag_24': 0.23115484758612576, 'lag_25': 0.6990973112363141, 'lag_26': 0.6052441513490688, 'lag_27': 0.5220358570558435, 'lag_28': 0.7713003008506856}. Best is trial 58 with value: 0.010976742506279497.
[I 2025-09-29 11:55:03,677] Trial 78 finished with value: 0.011233163197203948 and parameters: {'lag_0': 0.5589860246023662, 'lag_1': 0.6408214990917424, 'lag_2': 0.4152819104224727, 'lag_3': 0.42196080469272806, 'lag_4': 0.995567509927709, 'lag_5': 0.02370395408145201, 'lag_6': 0.38155582941570276, 'lag_7': 0.3502731424280611, 'lag_8': 0.5634877762935092, 'lag_9': 0.5190488329816175, 'lag_10': 0.8864996314181909, 'lag_11': 0.11819765879800775, 'lag_12': 0.9415616738977723, 'lag_13': 0.09268969722209414, 'lag_14': 0.7531337924974764, 'lag_15': 0.6349749016557348, 'lag_16': 0.3090847458499141, 'lag_17': 0.9416152187250946, 'lag_18': 0.5417777582124985, 'lag_19': 0.9968543620247963, 'lag_20': 0.023353537024908083, 'lag_21': 0.306727060208766, 'lag_22': 0.9268453773056562, 'lag_23': 0.473634476333084, 'lag_24': 0.4946967286263554, 'lag_25': 0.5638301865304354, 'lag_26': 0.5575219521703346, 'lag_27': 0.6272984780769537, 'lag_28': 0.886057435126454}. Best is trial 58 with value: 0.010976742506279497.
[I 2025-09-29 11:55:06,018] Trial 79 finished with value: 0.011272149732038522 and parameters: {'lag_0': 0.6303223245689711, 'lag_1': 0.5906092472003796, 'lag_2': 0.8035882437677546, 'lag_3': 0.17132082772135046, 'lag_4': 0.9275816498525782, 'lag_5': 0.11000809070372833, 'lag_6': 0.6064655060613162, 'lag_7': 0.38983104700527915, 'lag_8': 0.614380409380827, 'lag_9': 0.6392858255071839, 'lag_10': 0.07207793090732882, 'lag_11': 0.3157097139431038, 'lag_12': 0.35474544208348535, 'lag_13': 0.31489976341050396, 'lag_14': 0.7148613137748209, 'lag_15': 0.11228594332431649, 'lag_16': 0.18359172603675858, 'lag_17': 0.9250924951812725, 'lag_18': 0.6225768956416174, 'lag_19': 0.8952326081638418, 'lag_20': 0.1194051311782941, 'lag_21': 0.3749548925337314, 'lag_22': 0.3128617006329474, 'lag_23': 0.7736101211700803, 'lag_24': 0.3576163776155945, 'lag_25': 0.5113676903675656, 'lag_26': 0.46682078761641715, 'lag_27': 0.7264538336275109, 'lag_28': 0.9400234527677417}. Best is trial 58 with value: 0.010976742506279497.
[I 2025-09-29 11:55:08,352] Trial 80 finished with value: 0.011230909571229313 and parameters: {'lag_0': 0.896738062447789, 'lag_1': 0.4632168640925281, 'lag_2': 0.17162079296627117, 'lag_3': 0.30685295117866346, 'lag_4': 0.5673291459881887, 'lag_5': 0.15548469381852192, 'lag_6': 0.7660135358817912, 'lag_7': 0.30737449962430174, 'lag_8': 0.8131140168515949, 'lag_9': 0.7173199781184899, 'lag_10': 0.8327271135827689, 'lag_11': 0.20451716099637351, 'lag_12': 0.717830132970693, 'lag_13': 0.36099803432704136, 'lag_14': 0.8151603069009947, 'lag_15': 0.06269491221555326, 'lag_16': 0.3480048017746285, 'lag_17': 0.9989594990261964, 'lag_18': 0.408566229861682, 'lag_19': 0.3260455142803235, 'lag_20': 0.057665630557706155, 'lag_21': 0.9858542028561745, 'lag_22': 0.6899954501469514, 'lag_23': 0.8282058371648874, 'lag_24': 0.1540355507629137, 'lag_25': 0.6021922848358277, 'lag_26': 0.8481882817105295, 'lag_27': 0.9516917220619598, 'lag_28': 0.8084085313277705}. Best is trial 58 with value: 0.010976742506279497.
[I 2025-09-29 11:55:10,692] Trial 81 finished with value: 0.011221080285479867 and parameters: {'lag_0': 0.7925495739979868, 'lag_1': 0.7719193037278078, 'lag_2': 0.5525743300050634, 'lag_3': 0.07766849404301714, 'lag_4': 0.7310673136420794, 'lag_5': 0.24105368149930603, 'lag_6': 0.6522913642128926, 'lag_7': 0.14019390133264106, 'lag_8': 0.5151901098424145, 'lag_9': 0.5454989017107323, 'lag_10': 0.1827334922399887, 'lag_11': 0.022009808733550178, 'lag_12': 0.8459312937387382, 'lag_13': 0.24997171316783245, 'lag_14': 0.6241057168921775, 'lag_15': 0.006065769382811583, 'lag_16': 0.1361236565491721, 'lag_17': 0.7565554426959709, 'lag_18': 0.6503384311091304, 'lag_19': 0.8435764080120378, 'lag_20': 0.709961865229727, 'lag_21': 0.25118773347498774, 'lag_22': 0.17349452334914073, 'lag_23': 0.8863985716375726, 'lag_24': 0.2825563158430945, 'lag_25': 0.4092487157248871, 'lag_26': 0.3369713600576465, 'lag_27': 0.924592404818517, 'lag_28': 0.7139315571997169}. Best is trial 58 with value: 0.010976742506279497.
[I 2025-09-29 11:55:13,036] Trial 82 finished with value: 0.011179003910332334 and parameters: {'lag_0': 0.8687488977432076, 'lag_1': 0.8257213105186186, 'lag_2': 0.6133379786737725, 'lag_3': 0.055864189431978656, 'lag_4': 0.7899056989498106, 'lag_5': 0.20215107965558038, 'lag_6': 0.6461905544572709, 'lag_7': 0.1951535164440033, 'lag_8': 0.5365005504033171, 'lag_9': 0.6035764994212349, 'lag_10': 0.18233438803765054, 'lag_11': 0.0130973990632582, 'lag_12': 0.8237466569313489, 'lag_13': 0.2010303313167006, 'lag_14': 0.5127980376719029, 'lag_15': 0.03507872199927786, 'lag_16': 0.5483904292779824, 'lag_17': 0.8135559080687491, 'lag_18': 0.7103974353040013, 'lag_19': 0.8033994557655137, 'lag_20': 0.7911228443623771, 'lag_21': 0.29526244066893553, 'lag_22': 0.1397654850890103, 'lag_23': 0.9030307312010292, 'lag_24': 0.28502100508712014, 'lag_25': 0.3319890279931955, 'lag_26': 0.4284039598777933, 'lag_27': 0.8680378402244059, 'lag_28': 0.6539857502161179}. Best is trial 58 with value: 0.010976742506279497.
