[I 2025-09-29 11:54:30,437] Trial 62 finished with value: 0.022920827793766273 and parameters: {'lag_0': 0.559761292935789, 'lag_1': 0.9582191175532698, 'lag_2': 0.5409875210966392, 'lag_3': 0.8475368730377268, 'lag_4': 0.4656343404602017, 'lag_5': 0.48114842912160677, 'lag_6': 0.36185295936436407, 'lag_7': 0.6111164036174691, 'lag_8': 0.21964732846507878, 'lag_9': 0.44046080441934277, 'lag_10': 0.05350017706754487, 'lag_11': 0.5857685546352893, 'lag_12': 0.45894962609235523, 'lag_13': 0.5915516093989662, 'lag_14': 0.4241616825625161, 'lag_15': 0.17365708001311536, 'lag_16': 0.12843809478118928, 'lag_17': 0.15115039255071042, 'lag_18': 0.8365710286515959, 'lag_19': 0.6496966418973986, 'lag_20': 0.3703429895979444, 'lag_21': 0.4999620946692779, 'lag_22': 0.7406550984536149, 'lag_23': 0.29282631863982356, 'lag_24': 0.6011604370279684, 'lag_25': 0.5667895342871945, 'lag_26': 0.41229476984637536, 'lag_27': 0.4083162989212574, 'lag_28': 0.3759723279396274}. Best is trial 18 with value: 0.02288732968665783.
[I 2025-09-29 11:54:32,845] Trial 63 finished with value: 0.023205047452057273 and parameters: {'lag_0': 0.661647129953538, 'lag_1': 0.9614546111543473, 'lag_2': 0.5258083476747133, 'lag_3': 0.8408879747735741, 'lag_4': 0.47029865812967253, 'lag_5': 0.4754167096074733, 'lag_6': 0.34314505702477727, 'lag_7': 0.6535918337556907, 'lag_8': 0.22666606149176788, 'lag_9': 0.5351986524352789, 'lag_10': 0.07046212173668526, 'lag_11': 0.6088583660042406, 'lag_12': 0.5396531316600425, 'lag_13': 0.5884605024970728, 'lag_14': 0.46044834587389893, 'lag_15': 0.15196817667485374, 'lag_16': 0.132930283087216, 'lag_17': 0.01040312118634229, 'lag_18': 0.8948721844446924, 'lag_19': 0.658099115191792, 'lag_20': 0.36688434106532575, 'lag_21': 0.5029965545679251, 'lag_22': 0.7185079289365494, 'lag_23': 0.29842670562075535, 'lag_24': 0.5848445898214959, 'lag_25': 0.557759838377145, 'lag_26': 0.4206148289905051, 'lag_27': 0.440003688209175, 'lag_28': 0.36434248644031}. Best is trial 18 with value: 0.02288732968665783.
[I 2025-09-29 11:54:35,250] Trial 64 finished with value: 0.023440137029016705 and parameters: {'lag_0': 0.5851143655072821, 'lag_1': 0.8850217352758758, 'lag_2': 0.5966671065270488, 'lag_3': 0.7804985776104096, 'lag_4': 0.15897468653775354, 'lag_5': 0.6208278346797103, 'lag_6': 0.2817726661945863, 'lag_7': 0.6092879268232994, 'lag_8': 0.314222330724653, 'lag_9': 0.438824882851138, 'lag_10': 0.11621457858178146, 'lag_11': 0.511182286242251, 'lag_12': 0.6123304178223002, 'lag_13': 0.5109317450993659, 'lag_14': 0.5269252598491824, 'lag_15': 0.15366388392877228, 'lag_16': 0.2784044242561661, 'lag_17': 0.1092729872538816, 'lag_18': 0.8424553326620283, 'lag_19': 0.8869052552325204, 'lag_20': 0.4295298692317934, 'lag_21': 0.5645001430621263, 'lag_22': 0.7854601018153757, 'lag_23': 0.13893963857630465, 'lag_24': 0.5042065605360302, 'lag_25': 0.6524661453371775, 'lag_26': 0.23874156567194338, 'lag_27': 0.813525233520136, 'lag_28': 0.29870603585427746}. Best is trial 18 with value: 0.02288732968665783.
[I 2025-09-29 11:54:37,665] Trial 65 finished with value: 0.022994915059865534 and parameters: {'lag_0': 0.5755653238345507, 'lag_1': 0.9984771152547058, 'lag_2': 0.5487242984542046, 'lag_3': 0.8905772726305523, 'lag_4': 0.546410110350324, 'lag_5': 0.5589349752124826, 'lag_6': 0.49483264482262324, 'lag_7': 0.7386828482299943, 'lag_8': 0.3732237856401512, 'lag_9': 0.6841814631255789, 'lag_10': 9.239431842407442e-05, 'lag_11': 0.6691350844160103, 'lag_12': 0.2776225120973091, 'lag_13': 0.4481816866619326, 'lag_14': 0.3933860217949094, 'lag_15': 0.11066488076522368, 'lag_16': 0.403207612980902, 'lag_17': 0.14093183809321405, 'lag_18': 0.793729585521864, 'lag_19': 0.6120017247413159, 'lag_20': 0.505310783641674, 'lag_21': 0.4650073540077517, 'lag_22': 0.7367866813611329, 'lag_23': 0.20242473223788016, 'lag_24': 0.6054047683036213, 'lag_25': 0.5856046721958049, 'lag_26': 0.3506484706425454, 'lag_27': 0.7601379486114147, 'lag_28': 0.21053623056309023}. Best is trial 18 with value: 0.02288732968665783.
[I 2025-09-29 11:54:40,076] Trial 66 finished with value: 0.023257495766009096 and parameters: {'lag_0': 0.6130741040152774, 'lag_1': 0.9248766134317229, 'lag_2': 0.39675739919795733, 'lag_3': 0.7205478516617323, 'lag_4': 0.34863578794192474, 'lag_5': 0.5259539818525071, 'lag_6': 0.6789950205758172, 'lag_7': 0.9113401885966884, 'lag_8': 0.24592286440466654, 'lag_9': 0.5774013528660885, 'lag_10': 0.24475607496311028, 'lag_11': 0.5743468444274556, 'lag_12': 0.45831690355949006, 'lag_13': 0.9937124187555381, 'lag_14': 0.42761791092345897, 'lag_15': 0.3432722089894855, 'lag_16': 0.22726934062956944, 'lag_17': 0.04607643282094798, 'lag_18': 0.5132795473560117, 'lag_19': 0.7273769184566446, 'lag_20': 0.32275339718285945, 'lag_21': 0.40629773785605616, 'lag_22': 0.6566918616885773, 'lag_23': 0.2620283076831226, 'lag_24': 0.8767224006870071, 'lag_25': 0.6327078782590247, 'lag_26': 0.48119680751424454, 'lag_27': 0.5626756938468002, 'lag_28': 0.39676926393678835}. Best is trial 18 with value: 0.02288732968665783.
[I 2025-09-29 11:54:42,479] Trial 67 finished with value: 0.0233170295247213 and parameters: {'lag_0': 0.4915067643862441, 'lag_1': 0.8443998549499107, 'lag_2': 0.48856967541843604, 'lag_3': 0.6677171675598309, 'lag_4': 0.28652832140630774, 'lag_5': 0.6791106590847716, 'lag_6': 0.34801801774830365, 'lag_7': 0.5488427384364712, 'lag_8': 0.43911808288351706, 'lag_9': 0.8176666548048975, 'lag_10': 0.14473846914924862, 'lag_11': 0.5534452875175169, 'lag_12': 0.40988246762521546, 'lag_13': 0.30527962063513003, 'lag_14': 0.966996060126431, 'lag_15': 0.424272422355772, 'lag_16': 0.12560146019631302, 'lag_17': 0.24500229680531269, 'lag_18': 0.04648659056066751, 'lag_19': 0.7936499138014932, 'lag_20': 0.7006953722208813, 'lag_21': 0.31638291997243806, 'lag_22': 0.6963264776530245, 'lag_23': 0.02576053498908193, 'lag_24': 0.8476276825585898, 'lag_25': 0.5245718563550406, 'lag_26': 0.31017778695771125, 'lag_27': 0.9709761023769502, 'lag_28': 0.47857355519904937}. Best is trial 18 with value: 0.02288732968665783.
[I 2025-09-29 11:54:44,885] Trial 68 finished with value: 0.023004783265446416 and parameters: {'lag_0': 0.7409170362067742, 'lag_1': 0.7876323696366363, 'lag_2': 0.20171143388348223, 'lag_3': 0.8485425216736557, 'lag_4': 0.2030270691452596, 'lag_5': 0.42803715100784384, 'lag_6': 0.4358372260915747, 'lag_7': 0.6854891601302598, 'lag_8': 0.20537751777079308, 'lag_9': 0.4703663254793701, 'lag_10': 0.19384406428400758, 'lag_11': 0.7225157324285678, 'lag_12': 0.718646987550048, 'lag_13': 0.7741669693188895, 'lag_14': 0.5983687793994572, 'lag_15': 0.19082072460230154, 'lag_16': 0.5017643170557013, 'lag_17': 0.9642349803371448, 'lag_18': 0.9474979618427966, 'lag_19': 0.6860567643569585, 'lag_20': 0.46495769762419703, 'lag_21': 0.227616693515245, 'lag_22': 0.5288468291657565, 'lag_23': 0.1794862410613001, 'lag_24': 0.9991615183569553, 'lag_25': 0.4785294047112536, 'lag_26': 0.3925878446733063, 'lag_27': 0.8747726077608151, 'lag_28': 0.4486958443293509}. Best is trial 18 with value: 0.02288732968665783.
[I 2025-09-29 11:54:47,281] Trial 69 finished with value: 0.023505323813370442 and parameters: {'lag_0': 0.3542637099246592, 'lag_1': 0.9103396813766893, 'lag_2': 0.9678236502304007, 'lag_3': 0.4866790150036497, 'lag_4': 0.45439558390888113, 'lag_5': 0.5785377732684941, 'lag_6': 0.14074393871207427, 'lag_7': 0.9765066823928898, 'lag_8': 0.1458282745643399, 'lag_9': 0.5112095229062206, 'lag_10': 0.06257994847237172, 'lag_11': 0.7882402393135812, 'lag_12': 0.49542416072093054, 'lag_13': 0.615111045680228, 'lag_14': 0.35566925832849655, 'lag_15': 0.24961009679547053, 'lag_16': 0.19620840149798385, 'lag_17': 0.8754745313881478, 'lag_18': 0.8399188478152576, 'lag_19': 0.5539441441934614, 'lag_20': 0.7828986869282463, 'lag_21': 0.42820952501164977, 'lag_22': 0.7553170290415412, 'lag_23': 0.08548713217627395, 'lag_24': 0.33868967995842125, 'lag_25': 0.08518703113437559, 'lag_26': 0.453618473386707, 'lag_27': 0.43011549816850975, 'lag_28': 0.1693557691333903}. Best is trial 18 with value: 0.02288732968665783.
[I 2025-09-29 11:54:49,684] Trial 70 finished with value: 0.022893515198374476 and parameters: {'lag_0': 0.45979664058343495, 'lag_1': 0.744426628777179, 'lag_2': 0.46063143672742446, 'lag_3': 0.1606619350895872, 'lag_4': 0.5073802903939308, 'lag_5': 0.7446739106887745, 'lag_6': 0.23978590183557258, 'lag_7': 0.8068069456205773, 'lag_8': 0.4827129952272869, 'lag_9': 0.3837156261750167, 'lag_10': 0.176555591189601, 'lag_11': 0.6677344177516065, 'lag_12': 0.1894770050131508, 'lag_13': 0.41771500424350944, 'lag_14': 0.9200550873044937, 'lag_15': 0.2620625536130161, 'lag_16': 0.0033520634181538056, 'lag_17': 0.1553701783579613, 'lag_18': 0.9959590608363087, 'lag_19': 0.9781223175874421, 'lag_20': 0.29815095820725757, 'lag_21': 0.6221809833357913, 'lag_22': 0.5962734482838146, 'lag_23': 0.15273753765640022, 'lag_24': 0.41012459769647536, 'lag_25': 0.04572976320728661, 'lag_26': 0.7446066287958095, 'lag_27': 0.6265750258554469, 'lag_28': 0.5728443566937504}. Best is trial 18 with value: 0.02288732968665783.
[I 2025-09-29 11:54:52,092] Trial 71 finished with value: 0.02317532305163362 and parameters: {'lag_0': 0.46540780431780215, 'lag_1': 0.7468066287612776, 'lag_2': 0.4650997127760014, 'lag_3': 0.15608712314315254, 'lag_4': 0.4907476155059462, 'lag_5': 0.7385473076086407, 'lag_6': 0.23009807283670702, 'lag_7': 0.882061333075089, 'lag_8': 0.33014558013920575, 'lag_9': 0.3934913407391439, 'lag_10': 0.17430582023829627, 'lag_11': 0.649057457376204, 'lag_12': 0.18713510818731968, 'lag_13': 0.42560358673166343, 'lag_14': 0.9212319859447067, 'lag_15': 0.2507874535587933, 'lag_16': 0.01497287383072749, 'lag_17': 0.15667546664270557, 'lag_18': 0.8787450164652435, 'lag_19': 0.9549423068604945, 'lag_20': 0.3005244228748698, 'lag_21': 0.653591494979459, 'lag_22': 0.6012925167890676, 'lag_23': 0.154237776086223, 'lag_24': 0.3962982883526901, 'lag_25': 0.03471410519581232, 'lag_26': 0.8899041587241222, 'lag_27': 0.6320505786667857, 'lag_28': 0.5307527040037002}. Best is trial 18 with value: 0.02288732968665783.
[I 2025-09-29 11:54:54,506] Trial 72 finished with value: 0.023186824939255064 and parameters: {'lag_0': 0.5507406841413145, 'lag_1': 0.7046114788077751, 'lag_2': 0.3905628295483303, 'lag_3': 0.12407706071631519, 'lag_4': 0.5130239443261155, 'lag_5': 0.7063693961664298, 'lag_6': 0.24665932873573504, 'lag_7': 0.8217683224816511, 'lag_8': 0.4008217570550588, 'lag_9': 0.6416623753444459, 'lag_10': 0.24496032962960318, 'lag_11': 0.7140591098868667, 'lag_12': 0.13338004683972512, 'lag_13': 0.33692739650448067, 'lag_14': 0.8910141846256872, 'lag_15': 0.17776149727817056, 'lag_16': 0.15968591632970217, 'lag_17': 0.18543815405138242, 'lag_18': 0.9836460552103443, 'lag_19': 0.9999680066026413, 'lag_20': 0.400022585712347, 'lag_21': 0.6832711148586473, 'lag_22': 0.6485492842674293, 'lag_23': 0.22119837959498537, 'lag_24': 0.4844169398842724, 'lag_25': 0.062074742851798856, 'lag_26': 0.7568404573799213, 'lag_27': 0.4853553250227442, 'lag_28': 0.05775501949058384}. Best is trial 18 with value: 0.02288732968665783.
[I 2025-09-29 11:54:56,912] Trial 73 finished with value: 0.02317136336672245 and parameters: {'lag_0': 0.41724541653570146, 'lag_1': 0.9658247795451038, 'lag_2': 0.4381257150672656, 'lag_3': 0.19806025790348566, 'lag_4': 0.42883433131341486, 'lag_5': 0.9017924614039947, 'lag_6': 0.13945977502285423, 'lag_7': 0.7676452926898445, 'lag_8': 0.3582584702079611, 'lag_9': 0.47239765470185247, 'lag_10': 0.12172819805280927, 'lag_11': 0.614033464844574, 'lag_12': 0.34693153852323766, 'lag_13': 0.5698164348966999, 'lag_14': 0.48473917517168963, 'lag_15': 0.35642560803772994, 'lag_16': 0.06043343632270583, 'lag_17': 0.1294279821915076, 'lag_18': 0.7588711786051311, 'lag_19': 0.9219876462158054, 'lag_20': 0.2067471583393269, 'lag_21': 0.6250704373372992, 'lag_22': 0.5717834320637057, 'lag_23': 0.05385061548649395, 'lag_24': 0.30096699605097066, 'lag_25': 0.5789127480736147, 'lag_26': 0.8525006040179118, 'lag_27': 0.5383564507283595, 'lag_28': 0.567155972300445}. Best is trial 18 with value: 0.02288732968665783.
[I 2025-09-29 11:54:59,327] Trial 74 finished with value: 0.02310116028392357 and parameters: {'lag_0': 0.525975877158581, 'lag_1': 0.8191141841800438, 'lag_2': 0.5544744472062932, 'lag_3': 0.03825245269708856, 'lag_4': 0.2352538375963517, 'lag_5': 0.6489331421841056, 'lag_6': 0.4038809038073763, 'lag_7': 0.8072516977537757, 'lag_8': 0.4780221009642194, 'lag_9': 0.34069232141086736, 'lag_10': 0.151369872330891, 'lag_11': 0.4794885606971483, 'lag_12': 0.26922768914431944, 'lag_13': 0.4719617911103358, 'lag_14': 0.7537439775368499, 'lag_15': 0.27477453592003986, 'lag_16': 0.03810202269749313, 'lag_17': 0.07855608907223605, 'lag_18': 0.9184850534461807, 'lag_19': 0.8723770474621838, 'lag_20': 0.36789720121287106, 'lag_21': 0.5378190378574598, 'lag_22': 0.6881708547344056, 'lag_23': 0.10004910554262747, 'lag_24': 0.4044134715826028, 'lag_25': 0.13791227521598706, 'lag_26': 0.708501359403136, 'lag_27': 0.7170192436509999, 'lag_28': 0.6707012618131826}. Best is trial 18 with value: 0.02288732968665783.
[I 2025-09-29 11:55:01,745] Trial 75 finished with value: 0.023470272810673896 and parameters: {'lag_0': 0.05070467599709233, 'lag_1': 0.0005267816344661225, 'lag_2': 0.9300841220446282, 'lag_3': 0.29293371448853833, 'lag_4': 0.04124719950332344, 'lag_5': 0.6066993662637662, 'lag_6': 0.04169462912615582, 'lag_7': 0.9260108113050095, 'lag_8': 0.28248797384822255, 'lag_9': 0.267120924717458, 'lag_10': 0.29518789927748, 'lag_11': 0.6777070861768171, 'lag_12': 0.16240394874589822, 'lag_13': 0.4097191848582828, 'lag_14': 0.8689745355726711, 'lag_15': 0.05758496707429349, 'lag_16': 0.46194877836094084, 'lag_17': 0.9091308100569608, 'lag_18': 0.8743896375781075, 'lag_19': 0.037123701436307166, 'lag_20': 0.2748622695744882, 'lag_21': 0.49312499953161515, 'lag_22': 0.7159894153058949, 'lag_23': 0.0002542809508157551, 'lag_24': 0.5327094539249794, 'lag_25': 0.060893662800483, 'lag_26': 0.8217078920117387, 'lag_27': 0.9368613298734971, 'lag_28': 0.620481065568947}. Best is trial 18 with value: 0.02288732968665783.
[I 2025-09-29 11:55:04,280] Trial 76 finished with value: 0.02324743680876428 and parameters: {'lag_0': 0.6172999208778911, 'lag_1': 0.6710695627623029, 'lag_2': 0.3401299604413889, 'lag_3': 0.7644713622471793, 'lag_4': 0.1086185568086406, 'lag_5': 0.8434617253778312, 'lag_6': 0.5563463911692916, 'lag_7': 0.8550846938943872, 'lag_8': 0.5392574683366728, 'lag_9': 0.43168985242918406, 'lag_10': 0.03763654488411419, 'lag_11': 0.4242107325838299, 'lag_12': 0.8869158978706553, 'lag_13': 0.2297484552348918, 'lag_14': 0.8096474464869277, 'lag_15': 0.4714329968309249, 'lag_16': 0.08691693847466746, 'lag_17': 0.8521950542861847, 'lag_18': 0.9974021557234195, 'lag_19': 0.7532668371865728, 'lag_20': 0.3252171298708013, 'lag_21': 0.36653045986795485, 'lag_22': 0.8258803743339488, 'lag_23': 0.18263289849405437, 'lag_24': 0.3590153766394589, 'lag_25': 0.5416836240478663, 'lag_26': 0.29861304042414916, 'lag_27': 0.6018211970352374, 'lag_28': 0.708529990091648}. Best is trial 18 with value: 0.02288732968665783.
[I 2025-09-29 11:55:06,706] Trial 77 finished with value: 0.02321839548659093 and parameters: {'lag_0': 0.28738615517119936, 'lag_1': 0.8023094448802648, 'lag_2': 0.8799747338046962, 'lag_3': 0.42656973683045346, 'lag_4': 0.5815107382411833, 'lag_5': 0.5023110565210345, 'lag_6': 0.19301460897861775, 'lag_7': 0.6290295741008267, 'lag_8': 0.4135155058672657, 'lag_9': 0.6034312000584644, 'lag_10': 0.22358742203776355, 'lag_11': 0.5242331615430982, 'lag_12': 0.22889498791526125, 'lag_13': 0.27237452971719583, 'lag_14': 0.9929612132829811, 'lag_15': 0.5177904790686036, 'lag_16': 0.506099505582845, 'lag_17': 0.30544144155183717, 'lag_18': 0.7047301109489429, 'lag_19': 0.9684764804797856, 'lag_20': 0.4224052930659051, 'lag_21': 0.8262975536440544, 'lag_22': 0.4974083307839475, 'lag_23': 0.33340075833595884, 'lag_24': 0.9060764527400827, 'lag_25': 0.1373943034843406, 'lag_26': 0.9573289597037995, 'lag_27': 0.8948910573610216, 'lag_28': 0.5877568534572146}. Best is trial 18 with value: 0.02288732968665783.
[I 2025-09-29 11:55:09,129] Trial 78 finished with value: 0.02324567658816628 and parameters: {'lag_0': 0.48276624600401585, 'lag_1': 0.868751531759048, 'lag_2': 0.8182938777195136, 'lag_3': 0.7946212219987806, 'lag_4': 0.2528664042754754, 'lag_5': 0.3885380008063544, 'lag_6': 0.5206968474013309, 'lag_7': 0.7101595013812587, 'lag_8': 0.11162956440477402, 'lag_9': 0.7408056369363143, 'lag_10': 0.3733041632761962, 'lag_11': 0.5615265951908206, 'lag_12': 0.18477585259407434, 'lag_13': 0.522051162674119, 'lag_14': 0.9559662380622448, 'lag_15': 0.3158864149236632, 'lag_16': 0.5536255156755225, 'lag_17': 0.8015951830187387, 'lag_18': 0.7955996516461834, 'lag_19': 0.16629239534936802, 'lag_20': 0.17465299663117928, 'lag_21': 0.5166867462076798, 'lag_22': 0.599569682277566, 'lag_23': 0.13255701768260975, 'lag_24': 0.41799692391044097, 'lag_25': 0.7030864928479936, 'lag_26': 0.16452581384229711, 'lag_27': 0.7805388747646269, 'lag_28': 0.7353293630900987}. Best is trial 18 with value: 0.02288732968665783.
[I 2025-09-29 11:55:11,552] Trial 79 finished with value: 0.02349550797918147 and parameters: {'lag_0': 0.1822589028322623, 'lag_1': 0.7427544965180626, 'lag_2': 0.5234647445124011, 'lag_3': 0.3573481264625222, 'lag_4': 0.3142685737776125, 'lag_5': 0.9468589542710817, 'lag_6': 0.10349897516280765, 'lag_7': 0.6755184451089549, 'lag_8': 0.25190479180490727, 'lag_9': 0.38037366504392334, 'lag_10': 0.1021982730586655, 'lag_11': 0.47315263009221703, 'lag_12': 0.3798271331504919, 'lag_13': 0.39607293588782266, 'lag_14': 0.9049069671459455, 'lag_15': 0.6372508336373967, 'lag_16': 0.6171414573657787, 'lag_17': 0.7655534828880324, 'lag_18': 0.13994152333761267, 'lag_19': 0.6698491700436293, 'lag_20': 0.2346956651116594, 'lag_21': 0.7175961861672072, 'lag_22': 0.7815534286734975, 'lag_23': 0.29194062733875636, 'lag_24': 0.25862515446166245, 'lag_25': 0.8759065392526779, 'lag_26': 0.23015590653680817, 'lag_27': 0.827825172196103, 'lag_28': 0.5058861992574802}. Best is trial 18 with value: 0.02288732968665783.
[I 2025-09-29 11:55:13,958] Trial 80 finished with value: 0.023323950870584982 and parameters: {'lag_0': 0.4466745516231405, 'lag_1': 0.7664563786929272, 'lag_2': 0.6164668877337935, 'lag_3': 0.586929203999424, 'lag_4': 0.38196976543010347, 'lag_5': 0.3567373718787222, 'lag_6': 0.6135278324058846, 'lag_7': 0.5912484274692089, 'lag_8': 0.17104780975497466, 'lag_9': 0.5624618901709959, 'lag_10': 0.07448825777878874, 'lag_11': 0.6593928343727513, 'lag_12': 0.1005912127010834, 'lag_13': 0.6904809690464837, 'lag_14': 0.643478731040321, 'lag_15': 0.5835283068044913, 'lag_16': 0.38561562582601716, 'lag_17': 0.3799345188672889, 'lag_18': 0.932376042444583, 'lag_19': 0.6237764244186015, 'lag_20': 0.28972069671196504, 'lag_21': 0.5613601996732848, 'lag_22': 0.5509442429549761, 'lag_23': 0.06772443683887057, 'lag_24': 0.46180949543749455, 'lag_25': 0.2995646894403518, 'lag_26': 0.36356479409113823, 'lag_27': 0.9970425922773182, 'lag_28': 0.6410120035881716}. Best is trial 18 with value: 0.02288732968665783.
[I 2025-09-29 11:55:16,370] Trial 81 finished with value: 0.023177451492481224 and parameters: {'lag_0': 0.24879352896643508, 'lag_1': 0.5733270484339341, 'lag_2': 0.6832226359797512, 'lag_3': 0.8863200038396796, 'lag_4': 0.4193710559685427, 'lag_5': 0.5551128281388259, 'lag_6': 0.47235101931703105, 'lag_7': 0.5138752030016487, 'lag_8': 0.6159149464381488, 'lag_9': 0.4112580322870653, 'lag_10': 0.6138089483857804, 'lag_11': 0.5983942112052214, 'lag_12': 0.3061768946305829, 'lag_13': 0.5574031683453182, 'lag_14': 0.435540480405298, 'lag_15': 0.3969789477718906, 'lag_16': 0.5783056279705128, 'lag_17': 0.24242915735920276, 'lag_18': 0.6789689522587071, 'lag_19': 0.4241892931585553, 'lag_20': 0.2531146318720883, 'lag_21': 0.6070694063174819, 'lag_22': 0.3186288401374554, 'lag_23': 0.560928384208899, 'lag_24': 0.6839446071649506, 'lag_25': 0.4083515163489226, 'lag_26': 0.5052507967148379, 'lag_27': 0.1619067831186713, 'lag_28': 0.5389309320491937}. Best is trial 18 with value: 0.02288732968665783.
[I 2025-09-29 11:55:18,783] Trial 82 finished with value: 0.02361959949070435 and parameters: {'lag_0': 0.10589291018343294, 'lag_1': 0.6670221610946481, 'lag_2': 0.7269072549529269, 'lag_3': 0.9524961523442327, 'lag_4': 0.6126752868712028, 'lag_5': 0.23908544729112174, 'lag_6': 0.28493996759593554, 'lag_7': 0.6518032517535051, 'lag_8': 0.8361551906581898, 'lag_9': 0.27542682840095617, 'lag_10': 0.1367654416857148, 'lag_11': 0.17194293817881395, 'lag_12': 0.2518779709608467, 'lag_13': 0.47939937219266127, 'lag_14': 0.315081876283952, 'lag_15': 0.9449328673542168, 'lag_16': 0.484801879777995, 'lag_17': 0.3754682899387742, 'lag_18': 0.898851849483394, 'lag_19': 0.7175168343391127, 'lag_20': 0.34348069339895454, 'lag_21': 0.5750236942680786, 'lag_22': 0.14208412576189697, 'lag_23': 0.39283262055402524, 'lag_24': 0.6389615462078955, 'lag_25': 0.2739113188454101, 'lag_26': 0.5367954697711197, 'lag_27': 0.03880329968356931, 'lag_28': 0.574299251680398}. Best is trial 18 with value: 0.02288732968665783.
