[I 2025-09-29 11:56:02,989] Trial 3 finished with value: 0.002843390101354832 and parameters: {'lag_0': 0.3549653239344519, 'lag_1': 0.8805976935351597, 'lag_2': 0.7715258748122541, 'lag_3': 0.7170326835496083, 'lag_4': 0.17658785741101166, 'lag_5': 0.07436704324772099, 'lag_6': 0.18553504502655555, 'lag_7': 0.6932537864445212, 'lag_8': 0.37149400768816426, 'lag_9': 0.7003181851392669, 'lag_10': 0.11736956467440066, 'lag_11': 0.9418234482210481, 'lag_12': 0.0005475057144549384, 'lag_13': 0.10584106414961597, 'lag_14': 0.15183195447523337, 'lag_15': 0.1357461682020961, 'lag_16': 0.08146328090460088, 'lag_17': 0.9235118660957549, 'lag_18': 0.7207706049636232, 'lag_19': 0.26306663126908547, 'lag_20': 0.7390536060578311, 'lag_21': 0.7097700703136154, 'lag_22': 0.534959036703961, 'lag_23': 0.47314708129444893, 'lag_24': 0.20952165647973248, 'lag_25': 0.2672582080842441, 'lag_26': 0.03536212945373933, 'lag_27': 0.9440525862822967, 'lag_28': 0.6406605292394402}. Best is trial 3 with value: 0.002843390101354832.
[I 2025-09-29 11:56:05,281] Trial 4 finished with value: 0.0029552064342657737 and parameters: {'lag_0': 0.9607162811859722, 'lag_1': 0.2795805683873068, 'lag_2': 0.9224930085010415, 'lag_3': 0.3704335352618861, 'lag_4': 0.858460518022006, 'lag_5': 0.28887465133753715, 'lag_6': 0.06714042894406343, 'lag_7': 0.7333577211559692, 'lag_8': 0.3616220656130717, 'lag_9': 0.6603730459399737, 'lag_10': 0.2357357601863176, 'lag_11': 0.93409344333157, 'lag_12': 0.7010114340710946, 'lag_13': 0.7385857339136349, 'lag_14': 0.5500556719985159, 'lag_15': 0.12007227301826566, 'lag_16': 0.6366818596777527, 'lag_17': 0.10171693599989713, 'lag_18': 0.11569642139117012, 'lag_19': 0.08454793296115488, 'lag_20': 0.36718192078023393, 'lag_21': 0.5943735519781037, 'lag_22': 0.3087965984905187, 'lag_23': 0.5144895269738293, 'lag_24': 0.3790595341749015, 'lag_25': 0.9657413446900753, 'lag_26': 0.11097000161364741, 'lag_27': 0.9935239624192587, 'lag_28': 0.7605280502022086}. Best is trial 3 with value: 0.002843390101354832.
[I 2025-09-29 11:56:07,584] Trial 5 finished with value: 0.002943647651430124 and parameters: {'lag_0': 0.9395022632987985, 'lag_1': 0.7596029380551171, 'lag_2': 0.12815760327403802, 'lag_3': 0.9966041198486565, 'lag_4': 0.02427089693808499, 'lag_5': 0.9710919614056425, 'lag_6': 0.7546427742033566, 'lag_7': 0.7915188668101153, 'lag_8': 0.3056492057409855, 'lag_9': 0.5894596805291507, 'lag_10': 0.14857287383892773, 'lag_11': 0.12549796711500824, 'lag_12': 0.07272869735811796, 'lag_13': 0.0004660844687071144, 'lag_14': 0.5717136781978818, 'lag_15': 0.6974463891834244, 'lag_16': 0.23250545041528092, 'lag_17': 0.7033044189441394, 'lag_18': 0.7803500525875987, 'lag_19': 0.8198845817112858, 'lag_20': 0.0783533084787395, 'lag_21': 0.30767344075839853, 'lag_22': 0.7523862324140448, 'lag_23': 0.42265171224486, 'lag_24': 0.6696341611617624, 'lag_25': 0.5683949008281554, 'lag_26': 0.22858470611002685, 'lag_27': 0.9030481662657339, 'lag_28': 0.13918627719895926}. Best is trial 3 with value: 0.002843390101354832.
[I 2025-09-29 11:56:10,007] Trial 6 finished with value: 0.0029177251831716314 and parameters: {'lag_0': 0.31693956347420005, 'lag_1': 0.2762326441241653, 'lag_2': 0.7245837978628052, 'lag_3': 0.2953277158781863, 'lag_4': 0.8957965285897153, 'lag_5': 0.05231659778181998, 'lag_6': 0.27819912504882693, 'lag_7': 0.5166780840245788, 'lag_8': 0.29882241832567097, 'lag_9': 0.5808529685526614, 'lag_10': 0.6982521389241019, 'lag_11': 0.4965410249012448, 'lag_12': 0.5409296400224783, 'lag_13': 0.9009283600540633, 'lag_14': 0.27589940942031294, 'lag_15': 0.18631723095316777, 'lag_16': 0.07031521048130097, 'lag_17': 0.8052836507820339, 'lag_18': 0.48228953876956365, 'lag_19': 0.01991520364528245, 'lag_20': 0.8003565761689735, 'lag_21': 0.19041708156032297, 'lag_22': 0.521836318145108, 'lag_23': 0.35785927144544394, 'lag_24': 0.7591409093306596, 'lag_25': 0.3235535656938811, 'lag_26': 0.8622816912590002, 'lag_27': 0.16077680287699167, 'lag_28': 0.5096296306211268}. Best is trial 3 with value: 0.002843390101354832.
[I 2025-09-29 11:56:12,302] Trial 7 finished with value: 0.0029331512452202583 and parameters: {'lag_0': 0.9100974788065088, 'lag_1': 0.09717299246188064, 'lag_2': 0.8436964644394287, 'lag_3': 0.5727500686388899, 'lag_4': 0.39704232201340556, 'lag_5': 0.888319767825081, 'lag_6': 0.2741561218342512, 'lag_7': 0.3109920781984212, 'lag_8': 0.9038834306577114, 'lag_9': 0.1606446491812265, 'lag_10': 0.1832813264677805, 'lag_11': 0.6285231505966665, 'lag_12': 0.051972142689114646, 'lag_13': 0.028446900174092203, 'lag_14': 0.5719001652993576, 'lag_15': 0.8394422029520253, 'lag_16': 0.21971049133911058, 'lag_17': 0.5887690617851532, 'lag_18': 0.4348058134655275, 'lag_19': 0.0036419282525390288, 'lag_20': 0.2184525872900482, 'lag_21': 0.7252169851720803, 'lag_22': 0.4129861709495743, 'lag_23': 0.6325484718870675, 'lag_24': 0.22413464624630824, 'lag_25': 0.7780440071667565, 'lag_26': 0.6434625742587007, 'lag_27': 0.6220873878719199, 'lag_28': 0.27570495881584617}. Best is trial 3 with value: 0.002843390101354832.
[I 2025-09-29 11:56:14,610] Trial 8 finished with value: 0.0028818982609061542 and parameters: {'lag_0': 0.4465955395075217, 'lag_1': 0.6333010956303153, 'lag_2': 0.29131229854608515, 'lag_3': 0.4001259784996364, 'lag_4': 0.2889669590977547, 'lag_5': 0.16662354080385994, 'lag_6': 0.8295904148681136, 'lag_7': 0.5181944583078144, 'lag_8': 0.6709069609853784, 'lag_9': 0.7162829125436213, 'lag_10': 0.6008519013348714, 'lag_11': 0.2505276055846545, 'lag_12': 0.4357498691773235, 'lag_13': 0.9959161648336831, 'lag_14': 0.4937783914293315, 'lag_15': 0.409364238439735, 'lag_16': 0.4761577211650207, 'lag_17': 0.1211591181167461, 'lag_18': 0.8798423712838311, 'lag_19': 0.38227713139295244, 'lag_20': 0.89074862537824, 'lag_21': 0.43256094637721537, 'lag_22': 0.4472684857879451, 'lag_23': 0.8864090561646439, 'lag_24': 0.28120506891471436, 'lag_25': 0.24302600383179787, 'lag_26': 0.6646876172018469, 'lag_27': 0.0008862935785661891, 'lag_28': 0.48310544859103227}. Best is trial 3 with value: 0.002843390101354832.
[I 2025-09-29 11:56:16,898] Trial 9 finished with value: 0.002972757378371744 and parameters: {'lag_0': 0.246431957514909, 'lag_1': 0.6540508342900064, 'lag_2': 0.12888832962354396, 'lag_3': 0.527217324909403, 'lag_4': 0.8261673506958501, 'lag_5': 0.10298920848229602, 'lag_6': 0.43005292217775504, 'lag_7': 0.4299502605132315, 'lag_8': 0.8106520276254268, 'lag_9': 0.9958631909886988, 'lag_10': 0.21167154361384127, 'lag_11': 0.8672825477012586, 'lag_12': 0.5951141065119551, 'lag_13': 0.668364733590653, 'lag_14': 0.5630693511020143, 'lag_15': 0.15231755577152142, 'lag_16': 0.7357969900354778, 'lag_17': 0.027166332496434457, 'lag_18': 0.21660456028250075, 'lag_19': 0.7101856688687219, 'lag_20': 0.8238604193501956, 'lag_21': 0.09633262723164748, 'lag_22': 0.28386095233484426, 'lag_23': 0.33268756772814045, 'lag_24': 0.20491062488077266, 'lag_25': 0.25372703883294445, 'lag_26': 0.38714557189482524, 'lag_27': 0.26900796213444217, 'lag_28': 0.11179751370929233}. Best is trial 3 with value: 0.002843390101354832.
[I 2025-09-29 11:56:19,246] Trial 10 finished with value: 0.0028515487447330437 and parameters: {'lag_0': 0.015786062117968902, 'lag_1': 0.9869810399053589, 'lag_2': 0.5788674882381349, 'lag_3': 0.7574522566226936, 'lag_4': 0.08956606619683191, 'lag_5': 0.37249586735469115, 'lag_6': 0.017302024278680106, 'lag_7': 0.9800232313681214, 'lag_8': 0.07655560296736702, 'lag_9': 0.36047410709585964, 'lag_10': 0.024401200550906194, 'lag_11': 0.7397162228853014, 'lag_12': 0.9872487702999995, 'lag_13': 0.35529731697547984, 'lag_14': 0.025195385062962594, 'lag_15': 0.9722101040911999, 'lag_16': 0.9850323556052545, 'lag_17': 0.9924531800914593, 'lag_18': 0.6723813898797967, 'lag_19': 0.32750061795143515, 'lag_20': 0.626514275388899, 'lag_21': 0.642064281940774, 'lag_22': 0.9843494151899964, 'lag_23': 0.031430754880950484, 'lag_24': 0.051404292436833754, 'lag_25': 0.09935677950000091, 'lag_26': 0.377078991622064, 'lag_27': 0.7244545755335696, 'lag_28': 0.906937720324968}. Best is trial 3 with value: 0.002843390101354832.
[I 2025-09-29 11:56:21,600] Trial 11 finished with value: 0.002932050140192386 and parameters: {'lag_0': 0.03043419212202083, 'lag_1': 0.9753119862637111, 'lag_2': 0.6192878904248524, 'lag_3': 0.7367395452545945, 'lag_4': 0.03388912074264638, 'lag_5': 0.3741714472447155, 'lag_6': 0.014035511510005982, 'lag_7': 0.9951017743583632, 'lag_8': 0.019105380933459114, 'lag_9': 0.34154898035021997, 'lag_10': 0.009583641287670506, 'lag_11': 0.739969121000209, 'lag_12': 0.9839038927688993, 'lag_13': 0.33954965713283713, 'lag_14': 0.007687505602724586, 'lag_15': 0.9821158192534108, 'lag_16': 0.9721564415284016, 'lag_17': 0.9726093034412887, 'lag_18': 0.6655753443731464, 'lag_19': 0.3314139538477767, 'lag_20': 0.673433086847643, 'lag_21': 0.6489278972398311, 'lag_22': 0.9884366884863804, 'lag_23': 0.002445998607644464, 'lag_24': 0.044052003266184754, 'lag_25': 0.0011372667800504388, 'lag_26': 0.3899521801244864, 'lag_27': 0.7167219372803587, 'lag_28': 0.9677988821969264}. Best is trial 3 with value: 0.002843390101354832.
[I 2025-09-29 11:56:23,947] Trial 12 finished with value: 0.0030000311630902802 and parameters: {'lag_0': 0.005809567424978401, 'lag_1': 0.45625390999718707, 'lag_2': 0.38822666566903163, 'lag_3': 0.7716746944345048, 'lag_4': 0.18734025254203052, 'lag_5': 0.40462118695477867, 'lag_6': 0.10737965457398847, 'lag_7': 0.6330160969145957, 'lag_8': 0.02927694700426725, 'lag_9': 0.03446392987790731, 'lag_10': 0.02023672229651132, 'lag_11': 0.7635797751310035, 'lag_12': 0.9984548957975073, 'lag_13': 0.3992746506730639, 'lag_14': 0.1899420607665366, 'lag_15': 0.31954710633439587, 'lag_16': 0.9412392728860879, 'lag_17': 0.8256520563186298, 'lag_18': 0.6515064715283521, 'lag_19': 0.6095924921985081, 'lag_20': 0.5970883268042236, 'lag_21': 0.7567530643364437, 'lag_22': 0.032912313683638894, 'lag_23': 0.8047040973528266, 'lag_24': 0.9789137745443086, 'lag_25': 0.002415988733958943, 'lag_26': 0.2553378048368346, 'lag_27': 0.7502644969415045, 'lag_28': 0.8008659161812078}. Best is trial 3 with value: 0.002843390101354832.
[I 2025-09-29 11:56:26,289] Trial 13 finished with value: 0.0029347909348047844 and parameters: {'lag_0': 0.6306520587810466, 'lag_1': 0.8598736780629465, 'lag_2': 0.7446135333505598, 'lag_3': 0.6708757553767605, 'lag_4': 0.6185016529304651, 'lag_5': 0.25862077373855985, 'lag_6': 0.5197576638250723, 'lag_7': 0.953936778661636, 'lag_8': 0.15671923728152853, 'lag_9': 0.40736390486597523, 'lag_10': 0.4214690274638463, 'lag_11': 0.9619011318067818, 'lag_12': 0.25986273550478833, 'lag_13': 0.24235436391421866, 'lag_14': 0.11816515427158572, 'lag_15': 0.5270901928067502, 'lag_16': 0.00787671779308384, 'lag_17': 0.31772207602714164, 'lag_18': 0.6421165323180258, 'lag_19': 0.257839072014986, 'lag_20': 0.6784323245891547, 'lag_21': 0.4545872717230516, 'lag_22': 0.9555403475289014, 'lag_23': 0.19136119339749308, 'lag_24': 0.0279359509457254, 'lag_25': 0.1453419931870803, 'lag_26': 0.4702764178628362, 'lag_27': 0.4285821477436822, 'lag_28': 0.7832032360071967}. Best is trial 3 with value: 0.002843390101354832.
[I 2025-09-29 11:56:28,635] Trial 14 finished with value: 0.0030132582714979734 and parameters: {'lag_0': 0.17537578408585733, 'lag_1': 0.9802664665291794, 'lag_2': 0.4507522902177331, 'lag_3': 0.9368650307252124, 'lag_4': 0.17184695057956703, 'lag_5': 0.481866729112065, 'lag_6': 0.16475436776612362, 'lag_7': 0.6730476098673384, 'lag_8': 0.44320313037768916, 'lag_9': 0.19419176548261452, 'lag_10': 0.37140791456799893, 'lag_11': 0.6576087504746911, 'lag_12': 0.8083388206732808, 'lag_13': 0.48283759525613057, 'lag_14': 0.3515119740157634, 'lag_15': 0.9949455975481281, 'lag_16': 0.7940486771817671, 'lag_17': 0.9930871380701218, 'lag_18': 0.7673536872476759, 'lag_19': 0.48981663203432285, 'lag_20': 0.4737079249202365, 'lag_21': 0.5773428775568363, 'lag_22': 0.8360442046608595, 'lag_23': 0.6946530661111497, 'lag_24': 0.09157478060828517, 'lag_25': 0.3711800018093424, 'lag_26': 0.9894987121259062, 'lag_27': 0.7871056767816911, 'lag_28': 0.8839742335404532}. Best is trial 3 with value: 0.002843390101354832.
[I 2025-09-29 11:56:30,981] Trial 15 finished with value: 0.0029705532728784697 and parameters: {'lag_0': 0.6003532778531848, 'lag_1': 0.5399318519159292, 'lag_2': 0.6545069875482755, 'lag_3': 0.8614174887278614, 'lag_4': 0.6120691399479671, 'lag_5': 0.030899668294551083, 'lag_6': 0.48398248428898005, 'lag_7': 0.8764152111694548, 'lag_8': 0.19109650458619262, 'lag_9': 0.761990841170054, 'lag_10': 0.0858182101798658, 'lag_11': 0.8419798081724175, 'lag_12': 0.26621785049835694, 'lag_13': 0.20213372267327467, 'lag_14': 0.14486002070109813, 'lag_15': 0.6747252987593757, 'lag_16': 0.4274272767722787, 'lag_17': 0.7683108087776499, 'lag_18': 0.3947213544569763, 'lag_19': 0.9830575667189241, 'lag_20': 0.6430042422937029, 'lag_21': 0.7719383023773088, 'lag_22': 0.029580111149594246, 'lag_23': 0.9987110920013945, 'lag_24': 0.5510504030179608, 'lag_25': 0.14003362297764835, 'lag_26': 0.1844742377406578, 'lag_27': 0.44378811507846183, 'lag_28': 0.37492153110947624}. Best is trial 3 with value: 0.002843390101354832.
[I 2025-09-29 11:56:33,319] Trial 16 finished with value: 0.002893797136704969 and parameters: {'lag_0': 0.15085991773833624, 'lag_1': 0.712860905987163, 'lag_2': 0.9980396820214097, 'lag_3': 0.6599632170550249, 'lag_4': 0.16382913423598355, 'lag_5': 0.16627721219015856, 'lag_6': 0.986612471589448, 'lag_7': 0.6649672384495973, 'lag_8': 0.12825134474662675, 'lag_9': 0.5094475368524835, 'lag_10': 0.5296059419696623, 'lag_11': 0.6340293793174889, 'lag_12': 0.23290726236057008, 'lag_13': 0.3731763289944269, 'lag_14': 0.7901672380214356, 'lag_15': 0.8332873098589939, 'lag_16': 0.8221193891694474, 'lag_17': 0.8903836992165148, 'lag_18': 0.5949428473699536, 'lag_19': 0.3683322666103209, 'lag_20': 0.9950637969351639, 'lag_21': 0.38857087326342477, 'lag_22': 0.8106194840527927, 'lag_23': 0.001084842014330685, 'lag_24': 0.11879599324666525, 'lag_25': 0.6157912995476027, 'lag_26': 0.024518035103412827, 'lag_27': 0.621637162015297, 'lag_28': 0.6508301568296488}. Best is trial 3 with value: 0.002843390101354832.
[I 2025-09-29 11:56:35,666] Trial 17 finished with value: 0.003074298239907042 and parameters: {'lag_0': 0.7309846873092902, 'lag_1': 0.8590417664823452, 'lag_2': 0.8099987913761861, 'lag_3': 0.6432050117066209, 'lag_4': 0.23942049516555253, 'lag_5': 0.2761080532676374, 'lag_6': 0.1313205997532009, 'lag_7': 0.035169158715836035, 'lag_8': 0.43177500381237094, 'lag_9': 0.2614895686133712, 'lag_10': 0.3572693334995559, 'lag_11': 0.9885857557061561, 'lag_12': 0.8493727636106527, 'lag_13': 0.5114816179222945, 'lag_14': 0.43832474094680485, 'lag_15': 0.2715903209476299, 'lag_16': 0.36829246836375146, 'lag_17': 0.6640716191202184, 'lag_18': 0.8073445400199213, 'lag_19': 0.24635489144453598, 'lag_20': 0.7285458083791475, 'lag_21': 0.5408044125593398, 'lag_22': 0.7246466229022138, 'lag_23': 0.21019459998850276, 'lag_24': 0.3601349589430367, 'lag_25': 0.12250201267457697, 'lag_26': 0.32222108074870015, 'lag_27': 0.8184479333090614, 'lag_28': 0.6903044646511193}. Best is trial 3 with value: 0.002843390101354832.
[I 2025-09-29 11:56:38,007] Trial 18 finished with value: 0.0030114008884738774 and parameters: {'lag_0': 0.47228936802345095, 'lag_1': 0.4834169550142365, 'lag_2': 0.5219177443158687, 'lag_3': 0.003197558022831559, 'lag_4': 0.08908649267225764, 'lag_5': 0.5652213537836357, 'lag_6': 0.17717539173645203, 'lag_7': 0.8398072363037445, 'lag_8': 0.695353719832166, 'lag_9': 0.4671227880172706, 'lag_10': 0.815200719973507, 'lag_11': 0.39199099980130253, 'lag_12': 0.7013057938529319, 'lag_13': 0.13013202028768767, 'lag_14': 0.18156648339954645, 'lag_15': 0.03187689594778667, 'lag_16': 0.5739814699510977, 'lag_17': 0.38815702277695385, 'lag_18': 0.5779382069664998, 'lag_19': 0.5970111134626326, 'lag_20': 0.5509328272014856, 'lag_21': 0.6908555478346681, 'lag_22': 0.1426522436352397, 'lag_23': 0.6092815759717791, 'lag_24': 0.14032372448021646, 'lag_25': 0.3962863297395023, 'lag_26': 0.5158023090266477, 'lag_27': 0.9828572273602108, 'lag_28': 0.8737897579734615}. Best is trial 3 with value: 0.002843390101354832.
[I 2025-09-29 11:56:40,349] Trial 19 finished with value: 0.002820392816125633 and parameters: {'lag_0': 0.12159120228428931, 'lag_1': 0.8830446098275809, 'lag_2': 0.3522209360782079, 'lag_3': 0.8923076653900339, 'lag_4': 0.5329064487858718, 'lag_5': 0.407643624695031, 'lag_6': 0.40702114770653086, 'lag_7': 0.589920779485932, 'lag_8': 0.3963587498615499, 'lag_9': 0.03737415974749242, 'lag_10': 0.10774119894127647, 'lag_11': 0.7775810660777009, 'lag_12': 0.1390689538007211, 'lag_13': 0.29970796790747706, 'lag_14': 0.09111823196186015, 'lag_15': 0.42269514763229243, 'lag_16': 0.7024684753282143, 'lag_17': 0.8729687837799711, 'lag_18': 0.7346138015598751, 'lag_19': 0.23584514497349282, 'lag_20': 0.3749225517318047, 'lag_21': 0.8401768613995088, 'lag_22': 0.8960741559528006, 'lag_23': 0.27523704112179276, 'lag_24': 0.002787389283601699, 'lag_25': 0.22944612684874982, 'lag_26': 0.13771353595025937, 'lag_27': 0.7041369861997697, 'lag_28': 0.398240040235019}. Best is trial 19 with value: 0.002820392816125633.
[I 2025-09-29 11:56:42,694] Trial 20 finished with value: 0.0030161960816921956 and parameters: {'lag_0': 0.14713623069680393, 'lag_1': 0.5858461889055061, 'lag_2': 0.3318765274976465, 'lag_3': 0.9152847826784559, 'lag_4': 0.7010779501462501, 'lag_5': 0.7427881439362176, 'lag_6': 0.3881536514663594, 'lag_7': 0.5937207025474425, 'lag_8': 0.46555043737601287, 'lag_9': 0.00023344590167729412, 'lag_10': 0.4739586826862301, 'lag_11': 0.8475650988883571, 'lag_12': 0.14853358087690285, 'lag_13': 0.11201578704562215, 'lag_14': 0.9818579318321246, 'lag_15': 0.2144778669202968, 'lag_16': 0.7325158798859528, 'lag_17': 0.8655057547948829, 'lag_18': 0.984991931332546, 'lag_19': 0.22359541099330466, 'lag_20': 0.3895764486067852, 'lag_21': 0.8569094675621929, 'lag_22': 0.874703943257789, 'lag_23': 0.292192498593143, 'lag_24': 0.30828494912227455, 'lag_25': 0.6821000621819828, 'lag_26': 0.15433651203448961, 'lag_27': 0.524026623395214, 'lag_28': 0.3421545970325939}. Best is trial 19 with value: 0.002820392816125633.
[I 2025-09-29 11:56:45,035] Trial 21 finished with value: 0.0029295658031361295 and parameters: {'lag_0': 0.07902950864529792, 'lag_1': 0.8862746400792153, 'lag_2': 0.2520121272829322, 'lag_3': 0.7469266320246397, 'lag_4': 0.5194207000282304, 'lag_5': 0.4295003428041919, 'lag_6': 0.6045443876302913, 'lag_7': 0.41877305226965733, 'lag_8': 0.36093260170002794, 'lag_9': 0.12033082092756855, 'lag_10': 0.09901030295561696, 'lag_11': 0.748226322284645, 'lag_12': 0.018443412213398454, 'lag_13': 0.2706085482823444, 'lag_14': 0.06115808850052534, 'lag_15': 0.44264673886819594, 'lag_16': 0.8800802143660696, 'lag_17': 0.8960596729637584, 'lag_18': 0.7068995541617642, 'lag_19': 0.33193992226889646, 'lag_20': 0.39349829968325695, 'lag_21': 0.8150686573418832, 'lag_22': 0.923572082097, 'lag_23': 0.10282987131355831, 'lag_24': 4.6351021863464195e-05, 'lag_25': 0.22767199164344432, 'lag_26': 0.005263577417533336, 'lag_27': 0.7110060602855531, 'lag_28': 0.22747323078098738}. Best is trial 19 with value: 0.002820392816125633.
[I 2025-09-29 11:56:47,372] Trial 22 finished with value: 0.0028306560568132797 and parameters: {'lag_0': 0.26994004634388424, 'lag_1': 0.9976743910898972, 'lag_2': 0.4523450913429306, 'lag_3': 0.8621520548673691, 'lag_4': 0.4563163514592169, 'lag_5': 0.3293763807113367, 'lag_6': 0.0016218740805503673, 'lag_7': 0.7584627130163575, 'lag_8': 0.09499386451306335, 'lag_9': 0.30870842796604026, 'lag_10': 0.09386409237799437, 'lag_11': 0.609589895729583, 'lag_12': 0.34603921000339544, 'lag_13': 0.47885212311805586, 'lag_14': 0.24507810986882206, 'lag_15': 0.5493206838024798, 'lag_16': 0.6943929764485001, 'lag_17': 0.743750559584943, 'lag_18': 0.5530564295241804, 'lag_19': 0.4274908048962385, 'lag_20': 0.759574841390489, 'lag_21': 0.9922066571776538, 'lag_22': 0.702895484364493, 'lag_23': 0.24800387574640517, 'lag_24': 0.1348334595910667, 'lag_25': 0.09533407798908689, 'lag_26': 0.0963208774133161, 'lag_27': 0.676286134252001, 'lag_28': 0.023833940981835555}. Best is trial 19 with value: 0.002820392816125633.
[I 2025-09-29 11:56:49,712] Trial 23 finished with value: 0.00298603022098224 and parameters: {'lag_0': 0.3035675810506741, 'lag_1': 0.7543377604143728, 'lag_2': 0.43690097824815066, 'lag_3': 0.8646541950602948, 'lag_4': 0.5087240910126255, 'lag_5': 0.13573041260353136, 'lag_6': 0.21064017828685522, 'lag_7': 0.7302041555312057, 'lag_8': 0.5215086849355631, 'lag_9': 0.2481427009213859, 'lag_10': 0.2862210586751652, 'lag_11': 0.560077393544488, 'lag_12': 0.3553762777396806, 'lag_13': 0.462823296917081, 'lag_14': 0.26383775829069445, 'lag_15': 0.5375573253405183, 'lag_16': 0.6734770175247268, 'lag_17': 0.7255300061764908, 'lag_18': 0.5505165115734316, 'lag_19': 0.481551193184076, 'lag_20': 0.7638248260208367, 'lag_21': 0.9951138880415216, 'lag_22': 0.6479554070475972, 'lag_23': 0.2616110573148197, 'lag_24': 0.17477972115719104, 'lag_25': 0.4059924509152953, 'lag_26': 0.07989354559250533, 'lag_27': 0.36708891163602664, 'lag_28': 0.007414830725974337}. Best is trial 19 with value: 0.002820392816125633.
