[I 2025-10-03 11:34:01,946] Trial 64 finished with values: [0.0011111111111111111, 0.0006172839506172839, 0.003173535379914947, 0.0019353877934216407, 0.0009800580314847517, 0.00034468141217708836, 0.0021882733804076426, 0.000893737702195254, 0.00010402299304593171, 0.0012920462190224155, 0.0002625069477033109, 0.003941276672955415, 0.007398268456947072, 0.016429158329303105, 0.0, 0.03221451742623748, 0.0023984824952749746, 0.00030003601715416643, 6.15454010710774e-05, 0.0017157136807474413, 0.00017617277301260262, 0.0012710830464712848, 0.0004369151689915928, 0.0003201192301704914, 0.00014644178208864705, 0.00403435014397423, 0.0004885321267862623, 0.0013883596212509908, 0.0012553401480640276] and parameters: {'lag_0': 0.5611113796301976, 'lag_1': 0.6720874088244838, 'lag_2': 0.2231098029496395, 'lag_3': 0.31302996761618496, 'lag_4': 0.536584809022422, 'lag_5': 0.32948730267887844, 'lag_6': 0.40695016046866894, 'lag_7': 0.5080013848760563, 'lag_8': 0.1668614996434755, 'lag_9': 0.29702442413937474, 'lag_10': 0.6195614348149034, 'lag_11': 0.3814251992183312, 'lag_12': 0.02128234788006181, 'lag_13': 0.8375131385756233, 'lag_14': 0.20830152391907683, 'lag_15': 0.7595345911563669, 'lag_16': 0.38396008352439104, 'lag_17': 0.657573139730704, 'lag_18': 0.03953999245474385, 'lag_19': 0.29408527098489057, 'lag_20': 0.9806209014632323, 'lag_21': 0.5415290301239879, 'lag_22': 0.3919243733901319, 'lag_23': 0.44304999580832594, 'lag_24': 0.17776403551871306, 'lag_25': 0.5274519702719752, 'lag_26': 0.9192146995265132, 'lag_27': 0.48016290051915156, 'lag_28': 0.6775528719929003}.
[I 2025-10-03 11:34:04,594] Trial 65 finished with values: [0.0011111111111111111, 0.006611570247933884, 0.003481526707377855, 0.000721381631809045, 0.000914873605416726, 0.00011263416523809149, 0.0016857448340394314, 8.676015463930948e-05, 0.00029969222932692713, 0.0008550442368189546, 0.0005925930283307431, 0.0038264343682819107, 0.007633269789406376, 0.017422736311962412, 0.0, 0.0336620767687222, 0.003537103585292624, 5.711245510231826e-05, 0.0005303406106075974, 0.0016151563712772019, 0.00017549229522352327, 0.0005348396138130484, 0.0005777430416796156, 0.0001861540778565187, 0.00024447235014598103, 0.003916328382966712, 0.0002450069367145508, 0.0014401786831307803, 0.0012946136361958716] and parameters: {'lag_0': 0.33414620644727433, 'lag_1': 0.07785331459275985, 'lag_2': 0.5350412989640392, 'lag_3': 0.8819915473112968, 'lag_4': 0.5446760437804026, 'lag_5': 0.1436976232703679, 'lag_6': 0.5005938846105511, 'lag_7': 0.27925305923822646, 'lag_8': 0.833590080072387, 'lag_9': 0.10879450800310526, 'lag_10': 0.05864163645185834, 'lag_11': 0.5269585279808232, 'lag_12': 0.6370328158328028, 'lag_13': 0.38987988182486, 'lag_14': 0.6758152178369218, 'lag_15': 0.7471634990204605, 'lag_16': 0.15449534983248397, 'lag_17': 0.882355773156123, 'lag_18': 0.5246918864049194, 'lag_19': 0.2814551940550359, 'lag_20': 0.5778249448050816, 'lag_21': 0.6168962996617293, 'lag_22': 0.5409418266639564, 'lag_23': 0.24748111884835283, 'lag_24': 0.27567759503005607, 'lag_25': 0.6022353534819249, 'lag_26': 0.141562938196849, 'lag_27': 0.1785995127346838, 'lag_28': 0.543194574380606}.
[I 2025-10-03 11:34:07,223] Trial 66 finished with values: [0.0035271911029486785, 0.004653288430214546, 0.002258720979704146, 0.0009894546481026857, 0.0012071540835495698, 0.000250043542526777, 0.0010498233930849356, 0.0009586609520609767, 0.0004692120188404315, 0.0015057780812777724, 0.0002993110680266937, 0.0043744964378666104, 0.008106245022246408, 0.017535178587656436, 0.0, 0.03195381850122746, 0.0017972103782980375, 0.0005175794186957563, 0.0001175876663351242, 0.0010584842556856996, 7.463589838780285e-05, 0.0007725093318416375, 0.001042964906036523, 0.00019197834268039462, 0.00010358689952565801, 0.0033167338063925453, 0.0008180428013340171, 0.0011483137409978813, 0.002098345471303124] and parameters: {'lag_0': 0.5847121224807186, 'lag_1': 0.4860508881346779, 'lag_2': 0.06827987758723912, 'lag_3': 0.20608906079455322, 'lag_4': 0.4029769801739956, 'lag_5': 0.6934465307865119, 'lag_6': 0.28415927369443184, 'lag_7': 0.09378567180352548, 'lag_8': 0.32005549826668905, 'lag_9': 0.8593079471500165, 'lag_10': 0.05580739238212975, 'lag_11': 0.2830792019212616, 'lag_12': 0.04464480819017799, 'lag_13': 0.5930782795672955, 'lag_14': 0.6578282312160062, 'lag_15': 0.37019392254218153, 'lag_16': 0.017865954869341245, 'lag_17': 0.257807830020804, 'lag_18': 0.3180489021950794, 'lag_19': 0.04428086220393946, 'lag_20': 0.28986808199094777, 'lag_21': 0.6026751124058094, 'lag_22': 0.41917972852750957, 'lag_23': 0.580971192384086, 'lag_24': 0.5681757363636276, 'lag_25': 0.03537519821475436, 'lag_26': 0.6274373910526608, 'lag_27': 0.20272691666560785, 'lag_28': 0.2508827976060349}.
[I 2025-10-03 11:34:09,866] Trial 67 finished with values: [0.002569444444444445, 0.0083682816529751, 0.0009078558023962798, 0.0026913764159833893, 0.0010937215032481144, 0.00041090992267172835, 0.0012152229958821044, 0.000690032587636189, 7.898488041119454e-05, 0.002857502011079104, 0.00040488199451264975, 0.004080399170640726, 0.007203269933223737, 0.018142813615750257, 0.0, 0.029254012114283696, 0.0031044766115019217, 0.0003942712981715291, 0.0002778194892391698, 0.0013486488782596378, 0.0001661216854406824, 0.0007468276773040882, 0.0006589928233972437, 8.160147044579645e-05, 0.00014885442097368464, 0.004457685397835401, 0.0005534099030430567, 0.0012505767754569473, 0.002238036829077894] and parameters: {'lag_0': 0.2866944321643203, 'lag_1': 0.3782652480872848, 'lag_2': 0.04484275946564058, 'lag_3': 0.11159605761312638, 'lag_4': 0.16478372026690494, 'lag_5': 0.7474197042648457, 'lag_6': 0.2739664347005349, 'lag_7': 0.3713566031740753, 'lag_8': 0.11940493442166701, 'lag_9': 0.614464079209376, 'lag_10': 0.7594805914733749, 'lag_11': 0.5471251576608115, 'lag_12': 0.2621212750514314, 'lag_13': 0.0661763341707503, 'lag_14': 0.6627427653707958, 'lag_15': 0.43923700279026523, 'lag_16': 0.2569415049358102, 'lag_17': 0.48843005680504287, 'lag_18': 0.17064986011937244, 'lag_19': 0.2978533210153818, 'lag_20': 0.6802026434753401, 'lag_21': 0.2991128484730255, 'lag_22': 0.8782288410727703, 'lag_23': 0.9799720973811642, 'lag_24': 0.6281869375593729, 'lag_25': 0.46157795863380646, 'lag_26': 0.1717000399099081, 'lag_27': 0.8650075802620326, 'lag_28': 0.8562909736061475}.
[I 2025-10-03 11:34:12,505] Trial 68 finished with values: [0.0044444444444444444, 0.0006739298218140737, 0.0017027346806875812, 0.0014282649050444873, 0.0012860183771521226, 0.0004625451163296773, 0.0012914668421859332, 0.0012749209111690605, 0.0001527871499798802, 0.002105608486302654, 9.635123865345423e-05, 0.0047545667245862495, 0.006862284283716537, 0.016797059513674197, 0.0, 0.029267996076629166, 0.0021828592236408937, 0.0002984493706593821, 0.000381036241562599, 0.001487113431235971, 9.332707946477204e-05, 0.0008509240862331905, 0.0005082184494272334, 9.5048711999356e-05, 0.0001779362558303685, 0.0038964640418724466, 0.00018142560392412133, 0.0016574804522788266, 0.0012519886304409008] and parameters: {'lag_0': 0.14718249582675552, 'lag_1': 0.5771964735384245, 'lag_2': 0.568975839693724, 'lag_3': 0.11159605761312638, 'lag_4': 0.16478372026690494, 'lag_5': 0.7474197042648457, 'lag_6': 0.2303622354167518, 'lag_7': 0.8670008658366914, 'lag_8': 0.13264567688473852, 'lag_9': 0.614464079209376, 'lag_10': 0.33970774040256263, 'lag_11': 0.5471251576608115, 'lag_12': 0.6289093705504083, 'lag_13': 0.7958504149151934, 'lag_14': 0.967328651996738, 'lag_15': 0.09236167237883945, 'lag_16': 0.2569415049358102, 'lag_17': 0.5380471141492388, 'lag_18': 0.18273339253775178, 'lag_19': 0.2978533210153818, 'lag_20': 0.6802026434753401, 'lag_21': 0.8485541215467789, 'lag_22': 0.30231329438455623, 'lag_23': 0.48094266323832674, 'lag_24': 0.39279999591151293, 'lag_25': 0.6670116098789238, 'lag_26': 0.47377452319895164, 'lag_27': 0.7458227293598683, 'lag_28': 0.7004504924256512}.
[I 2025-10-03 11:34:15,137] Trial 69 finished with values: [0.003236111111111112, 0.0050627917154889394, 0.003294276930689905, 0.0010497501234058289, 0.0006249121773295857, 0.00011829752033245756, 0.002292569572819974, 0.0008112133285585049, 0.00025583268464520424, 0.0018957422906573213, 0.0003295076905726128, 0.004282502509455991, 0.008420108673977078, 0.015109831983558388, 0.0, 0.034188610865320726, 0.002355467651196834, 0.0003128100841192932, 0.00015975355019147587, 0.0016214970830536735, 0.00016088630591800686, 0.0005783327831147638, 0.0009579885037942621, 0.00011416335538186261, 0.0003462502618436949, 0.0035319186741646436, 0.000135994911230287, 0.001527530117458735, 0.0019059297702365232] and parameters: {'lag_0': 0.09537661840690677, 'lag_1': 0.099660783696866, 'lag_2': 0.2231098029496395, 'lag_3': 0.3989464193310089, 'lag_4': 0.6060435290550563, 'lag_5': 0.8238996263487305, 'lag_6': 0.9326121577464742, 'lag_7': 0.5080013848760563, 'lag_8': 0.8334711329664453, 'lag_9': 0.5252002147748729, 'lag_10': 0.7893565884351654, 'lag_11': 0.21056831217574754, 'lag_12': 0.16940071527035136, 'lag_13': 0.12957842900464162, 'lag_14': 0.23089825536669567, 'lag_15': 0.5081696938344132, 'lag_16': 0.38396008352439104, 'lag_17': 0.3730088710153051, 'lag_18': 0.32757172109317767, 'lag_19': 0.3011098004445551, 'lag_20': 0.9806209014632323, 'lag_21': 0.8542291424720303, 'lag_22': 0.7347644434158892, 'lag_23': 0.44304999580832594, 'lag_24': 0.7623960315067908, 'lag_25': 0.2542484223998992, 'lag_26': 0.06954007454134914, 'lag_27': 0.9708769728375544, 'lag_28': 0.18325385027511695}.
[I 2025-10-03 11:34:17,774] Trial 70 finished with values: [0.0032879818594104306, 0.0005336701165842299, 0.0045359292198486915, 0.0011387954164917909, 0.000151664505033249, 0.00033063674332529697, 0.0010810543829132858, 0.0005888569452445431, 0.0006428375774363184, 0.0014915071901025609, 0.00015715003487741806, 0.005405999528295352, 0.006501960996856007, 0.018776297448183456, 0.0, 0.03270418544795555, 0.0017680609691485948, 0.0006504473070383535, 0.00035479925337027717, 0.0012735269017662303, 9.738202493917513e-05, 0.0013054866528533075, 0.001079668708310708, 0.00020770375620558518, 7.538154552300874e-05, 0.0030090076129074984, 0.00042080839588265343, 0.0013744737309879579, 0.0012307728889442472] and parameters: {'lag_0': 0.22302656771196766, 'lag_1': 0.46155179261666157, 'lag_2': 0.2873641277143713, 'lag_3': 0.9240814001896487, 'lag_4': 0.25247872625767925, 'lag_5': 0.49024527983960015, 'lag_6': 0.712904286074643, 'lag_7': 0.6764591132807013, 'lag_8': 0.019395789138978856, 'lag_9': 0.138593425064481, 'lag_10': 0.8721661345356687, 'lag_11': 0.755574134259889, 'lag_12': 0.5302195675656446, 'lag_13': 0.9702279803076914, 'lag_14': 0.6895451879855776, 'lag_15': 0.5794598799499957, 'lag_16': 0.9442235709861265, 'lag_17': 0.1870301686543207, 'lag_18': 0.3295972415831877, 'lag_19': 0.1541847278165623, 'lag_20': 0.4470147584252901, 'lag_21': 0.8264520678068001, 'lag_22': 0.4277591269271885, 'lag_23': 0.9298003712473646, 'lag_24': 0.9141717119193153, 'lag_25': 0.0837033076090369, 'lag_26': 0.27909647496874107, 'lag_27': 0.7293008678541179, 'lag_28': 0.4530218237384146}.
[I 2025-10-03 11:34:20,415] Trial 71 finished with values: [0.001992653810835629, 0.0019496021430716528, 0.002913349709124418, 0.0012739818496996492, 0.000509677747510541, 0.000398047318847059, 0.0016807857207691529, 0.0007939438513249227, 0.00040691252629878537, 0.0017739276573104442, 0.00035006062570776297, 0.004119611743836368, 0.006410129920387963, 0.017200960376922945, 0.0, 0.03436681447448788, 0.0029207768035837004, 0.0003974512576295289, 0.00019213024342239101, 0.000682920330065219, 0.00014045930895698066, 0.0005958341879157154, 0.0009128811350809392, 0.00019885275404753878, 0.000432757382839639, 0.004312650862259065, 0.0005336639487926251, 0.0008431032063290122, 0.0028405135496126174] and parameters: {'lag_0': 0.5749880574456614, 'lag_1': 0.4399524059080743, 'lag_2': 0.5114768480255381, 'lag_3': 0.7729086228886285, 'lag_4': 0.0960137814743074, 'lag_5': 0.046556849892911305, 'lag_6': 0.7686103766670627, 'lag_7': 0.16637515685165177, 'lag_8': 0.22279430477772114, 'lag_9': 0.9913149795518245, 'lag_10': 0.18513268717793868, 'lag_11': 0.6197311149099366, 'lag_12': 0.24914132289028945, 'lag_13': 0.8857366727600763, 'lag_14': 0.5093006293454839, 'lag_15': 0.9534127788423163, 'lag_16': 0.008621209636182767, 'lag_17': 0.6619609906418575, 'lag_18': 0.8490369304658864, 'lag_19': 0.13165120697608865, 'lag_20': 0.09844555691457317, 'lag_21': 0.1423865841890824, 'lag_22': 0.3266403930267405, 'lag_23': 0.2494355130673532, 'lag_24': 0.844287570040801, 'lag_25': 0.20175602704637544, 'lag_26': 0.6358319388233873, 'lag_27': 0.24788963275843987, 'lag_28': 0.5924769298572578}.
[I 2025-10-03 11:34:23,063] Trial 72 finished with values: [0.0011111111111111111, 0.00359109203798393, 0.00489695114575734, 0.001148872501289222, 0.0005251979379774404, 0.00036310859192796005, 0.0015739096667519593, 0.000313986911888477, 0.00011524697178797195, 0.0014396091955010764, 0.0002959596029849778, 0.004244688866768963, 0.00656039552173187, 0.017435742381927258, 0.0, 0.026409333481613617, 0.0023072170723563287, 0.0006944385213128925, 0.00015234174388475296, 0.0013457840377357009, 0.00011067747907697626, 0.000849448441719754, 0.0005388000593014503, 8.939989313729385e-05, 0.00013883419670200454, 0.0030434331379785495, 0.00032878194104914084, 0.001727471267515629, 0.002240237068475569] and parameters: {'lag_0': 0.8620495983893438, 'lag_1': 0.6720874088244838, 'lag_2': 0.38589303314745194, 'lag_3': 0.3274678962829248, 'lag_4': 0.9221866607327878, 'lag_5': 0.5403498822971561, 'lag_6': 0.9307528944741585, 'lag_7': 0.12259570472698815, 'lag_8': 0.15307618142558674, 'lag_9': 0.46341829178650584, 'lag_10': 0.5961015821313704, 'lag_11': 0.3814251992183312, 'lag_12': 0.9635981010180044, 'lag_13': 0.14376372368534387, 'lag_14': 0.20830152391907683, 'lag_15': 0.7595345911563669, 'lag_16': 0.9330765023218905, 'lag_17': 0.657573139730704, 'lag_18': 0.43329144841937955, 'lag_19': 0.29408527098489057, 'lag_20': 0.5422140077554898, 'lag_21': 0.507326806236077, 'lag_22': 0.5081057029566188, 'lag_23': 0.4324638800871732, 'lag_24': 0.17776403551871306, 'lag_25': 0.2706333260144029, 'lag_26': 0.9192146995265132, 'lag_27': 0.6009658190206023, 'lag_28': 0.34421062590713125}.
[I 2025-10-03 11:34:25,701] Trial 73 finished with values: [0.05044444444444446, 0.006152932754805293, 0.0023331936078959414, 0.0006841757727626809, 0.0004344161459053958, 0.00035500774646948584, 0.0008068214686220203, 0.0011235759454523433, 0.0002868924102097161, 0.0010350029804938408, 0.00030409694222875065, 0.004016325454694979, 0.00736607352410353, 0.01747377554609055, 0.0, 0.03368922770824332, 0.0026526458111408987, 0.000827914734118685, 0.0004928537702039434, 0.0012442528005019715, 0.00012118473585647489, 0.0009755825234686437, 0.0006513550673164627, 0.000302449569544959, 0.00025004913455657705, 0.0038610708677579986, 0.00032684302005110097, 0.00035538701919996034, 0.0017092050982203395] and parameters: {'lag_0': 0.2866944321643203, 'lag_1': 0.9943907591149088, 'lag_2': 0.04484275946564058, 'lag_3': 0.8522679063681539, 'lag_4': 0.22594651337524926, 'lag_5': 0.9572068036821925, 'lag_6': 0.3127649971842851, 'lag_7': 0.4727943991101677, 'lag_8': 0.11940493442166701, 'lag_9': 0.2069766533661523, 'lag_10': 0.5097135279828178, 'lag_11': 0.9879271192933373, 'lag_12': 0.2621212750514314, 'lag_13': 0.0661763341707503, 'lag_14': 0.45170489967925265, 'lag_15': 0.43923700279026523, 'lag_16': 0.7947917408480282, 'lag_17': 0.18763926915865164, 'lag_18': 0.514099107678709, 'lag_19': 0.34773361495167765, 'lag_20': 0.8117081331106958, 'lag_21': 0.2991128484730255, 'lag_22': 0.5831350976658617, 'lag_23': 0.9799720973811642, 'lag_24': 0.6281869375593729, 'lag_25': 0.3708408926782313, 'lag_26': 0.050301628561669816, 'lag_27': 0.716681196012287, 'lag_28': 0.8562909736061475}.
[I 2025-10-03 11:34:28,334] Trial 74 finished with values: [0.0020987654320987655, 0.0035044541921955045, 0.0015767433999882897, 0.0005295791626873725, 0.0005102917561708506, 0.00036269687881743747, 0.0015424158653732697, 0.00022944757996888176, 0.000429937514517094, 0.0014666353909293856, 0.000279886603725266, 0.0042283394353894695, 0.00733166871307121, 0.018766949496576, 0.0, 0.036786158089197454, 0.0021695688373987764, 0.00015897902191201415, 0.00032527274800062833, 0.001550799593446424, 4.968075411031245e-05, 0.0007034536153453351, 0.000932125179048403, 0.0009441837159944987, 0.00012184242998870029, 0.005198480610131051, 0.0003098298269169346, 0.0005666755646593746, 0.0015490296969876082] and parameters: {'lag_0': 0.5611113796301976, 'lag_1': 0.9943907591149088, 'lag_2': 0.2231098029496395, 'lag_3': 0.31302996761618496, 'lag_4': 0.581486864611548, 'lag_5': 0.8238996263487305, 'lag_6': 0.11837506400516999, 'lag_7': 0.5080013848760563, 'lag_8': 0.797230553171378, 'lag_9': 0.2069766533661523, 'lag_10': 0.5561967371455161, 'lag_11': 0.8846525128202561, 'lag_12': 0.16940071527035136, 'lag_13': 0.25869349926881163, 'lag_14': 0.6080384809822261, 'lag_15': 0.5957796912633525, 'lag_16': 0.8894579566393249, 'lag_17': 0.7471469648591275, 'lag_18': 0.32757172109317767, 'lag_19': 0.3011098004445551, 'lag_20': 0.9806209014632323, 'lag_21': 0.5706702813335367, 'lag_22': 0.5831350976658617, 'lag_23': 0.8133092013491098, 'lag_24': 0.06237953546642213, 'lag_25': 0.5274519702719752, 'lag_26': 0.050301628561669816, 'lag_27': 0.32776283081896695, 'lag_28': 0.7034996885790857}.
[I 2025-10-03 11:34:30,966] Trial 75 finished with values: [0.0013888888888888887, 0.003612057495174378, 0.0035980470148255237, 0.001102259276969844, 0.0006082776996483536, 0.00019532157476192142, 0.0014532942717910508, 0.00021794474757867027, 0.00019175582823008775, 0.0012037588726885099, 0.0004927735884822331, 0.004025862238420883, 0.008137748902012815, 0.018288129324641272, 0.0, 0.03949246434623801, 0.001874070558564657, 0.0003842741922628508, 0.0002686074146452053, 0.0019946719995848875, 0.0001448602817538843, 0.0005737604324409044, 0.00040321782118126273, 0.00015539037680886144, 0.00017522618038737827, 0.004238249495124361, 0.0005003428786922073, 0.0015927239408644483, 0.00014809321770017803] and parameters: {'lag_0': 0.5747846184452083, 'lag_1': 0.15452173763734522, 'lag_2': 0.04484275946564058, 'lag_3': 0.8522679063681539, 'lag_4': 0.45480921869662944, 'lag_5': 0.00962596454016469, 'lag_6': 0.3127649971842851, 'lag_7': 0.6764591132807013, 'lag_8': 0.11940493442166701, 'lag_9': 0.08302127561788633, 'lag_10': 0.7594805914733749, 'lag_11': 0.9879271192933373, 'lag_12': 0.6321330404432843, 'lag_13': 0.0661763341707503, 'lag_14': 0.2787880939589969, 'lag_15': 0.43923700279026523, 'lag_16': 0.9442235709861265, 'lag_17': 0.1870301686543207, 'lag_18': 0.3295972415831877, 'lag_19': 0.7446096778412066, 'lag_20': 0.8117081331106958, 'lag_21': 0.8264520678068001, 'lag_22': 0.8782288410727703, 'lag_23': 0.9799720973811642, 'lag_24': 0.6990745486539106, 'lag_25': 0.2684365604842289, 'lag_26': 0.1717000399099081, 'lag_27': 0.7759688757270604, 'lag_28': 0.20734520327647754}.
[I 2025-10-03 11:34:33,604] Trial 76 finished with values: [0.00802469135802469, 0.006883075653760581, 0.0035141748496867803, 0.0017171704272014754, 0.00047252570698214005, 6.641627399351438e-05, 0.0010123468806207834, 0.0005703979699836913, 0.00013006234088516543, 0.0011250418018280458, 0.0002391627624052192, 0.004667195953616666, 0.00723930235525814, 0.019890716176829144, 0.0, 0.03431333021880227, 0.0023562655790338887, 0.0004328926626339679, 0.00029833354637941276, 0.0015048746814619943, 0.00022910764602780505, 0.0007137715395625537, 0.0005917732623175931, 0.0003126505408810315, 9.997119528949319e-05, 0.004899386204765976, 0.0002455903135346189, 0.0012609434633862257, 0.003195378019528193] and parameters: {'lag_0': 0.17183276223274171, 'lag_1': 0.33544110476932615, 'lag_2': 0.8135652472870586, 'lag_3': 0.033889231765496367, 'lag_4': 0.7522038962007424, 'lag_5': 0.8490738406648692, 'lag_6': 0.7893355363238339, 'lag_7': 0.40517016658292865, 'lag_8': 0.6609078400174395, 'lag_9': 0.7601124665153781, 'lag_10': 0.08041927014337563, 'lag_11': 0.24311378951327117, 'lag_12': 0.8028998096251521, 'lag_13': 0.8289869579195632, 'lag_14': 0.8851800149895259, 'lag_15': 0.9442057518076105, 'lag_16': 0.8531181362317946, 'lag_17': 0.5230418408576036, 'lag_18': 0.8404045118032825, 'lag_19': 0.6328022506661127, 'lag_20': 0.26346366216252115, 'lag_21': 0.4415197248341937, 'lag_22': 0.3369385026757195, 'lag_23': 0.633077480341353, 'lag_24': 0.9866798255223699, 'lag_25': 0.8968998164366777, 'lag_26': 0.4250622511981287, 'lag_27': 0.10066284685236927, 'lag_28': 0.2637902615104996}.
