[I 2025-09-29 12:52:02,829] Trial 41 finished with value: 0.004700692672617496 and parameters: {'lag_0': 0.41353293315662526, 'lag_1': 0.6709547057883047, 'lag_2': 0.8590672708457712, 'lag_3': 0.6295359199435069, 'lag_4': 0.22538635790088457, 'lag_5': 0.6792651401702213, 'lag_6': 0.9337818556133345, 'lag_7': 0.06838887368346286, 'lag_8': 0.7177095507470941, 'lag_9': 0.8856300192471016, 'lag_10': 0.32833980931056944, 'lag_11': 0.006888290255755377, 'lag_12': 0.9119448762228543, 'lag_13': 0.6769237766641993, 'lag_14': 0.9442435119880381, 'lag_15': 0.5208020336331447, 'lag_16': 0.8838175347043276, 'lag_17': 0.21778828336514963, 'lag_18': 0.4439895030683183, 'lag_19': 0.0660660326674482, 'lag_20': 0.821352151491703, 'lag_21': 0.6743117041861456, 'lag_22': 0.9867907702856982, 'lag_23': 0.11694610923292345, 'lag_24': 0.9795144808207468, 'lag_25': 0.17701687774369015, 'lag_26': 0.9351107585307289, 'lag_27': 0.6040875993522227, 'lag_28': 0.7504778390544068}. Best is trial 14 with value: 0.004105909280388653.
[I 2025-09-29 12:52:05,350] Trial 42 finished with value: 0.004667343672402511 and parameters: {'lag_0': 0.4288542878198353, 'lag_1': 0.5846607750725775, 'lag_2': 0.9454307080907287, 'lag_3': 0.6867992686765235, 'lag_4': 0.19469295347450363, 'lag_5': 0.6002377532721881, 'lag_6': 0.898090413051317, 'lag_7': 0.0902421385768375, 'lag_8': 0.7187929667931378, 'lag_9': 0.9565852651624069, 'lag_10': 0.4366399625941409, 'lag_11': 0.15569925465507503, 'lag_12': 0.7701897033473292, 'lag_13': 0.7511817901734258, 'lag_14': 0.8716022477216094, 'lag_15': 0.6376793529239551, 'lag_16': 0.9065238812626191, 'lag_17': 0.2372952424964675, 'lag_18': 0.5387714866077751, 'lag_19': 0.019076066925605022, 'lag_20': 0.7016212003080096, 'lag_21': 0.7693241993939088, 'lag_22': 0.7648908566012653, 'lag_23': 0.12372392721201259, 'lag_24': 0.9316478001796946, 'lag_25': 0.35846807811734127, 'lag_26': 0.8728262653342079, 'lag_27': 0.5401504259987198, 'lag_28': 0.8274529415786319}. Best is trial 14 with value: 0.004105909280388653.
[I 2025-09-29 12:52:07,877] Trial 43 finished with value: 0.004587766886605091 and parameters: {'lag_0': 0.3412596659199957, 'lag_1': 0.698633592122824, 'lag_2': 0.8050540268152289, 'lag_3': 0.09656063329558125, 'lag_4': 0.2622323412122356, 'lag_5': 0.7704577703252973, 'lag_6': 0.8368606142143787, 'lag_7': 0.18054144989544646, 'lag_8': 0.6693461510699884, 'lag_9': 0.7262823425106657, 'lag_10': 0.2495832880719846, 'lag_11': 0.09882681189458997, 'lag_12': 0.9108134868918776, 'lag_13': 0.6124368355366915, 'lag_14': 0.9163999297963678, 'lag_15': 0.4703021637498992, 'lag_16': 0.7685633066872966, 'lag_17': 0.27479390862182335, 'lag_18': 0.3625504663207024, 'lag_19': 0.09137673023725962, 'lag_20': 0.7617088019899518, 'lag_21': 0.7403819958780222, 'lag_22': 0.9353882645731237, 'lag_23': 0.0760086205048704, 'lag_24': 0.9888390652607214, 'lag_25': 0.19983335568963356, 'lag_26': 0.812219025626946, 'lag_27': 0.6508139691949277, 'lag_28': 0.7266570545805832}. Best is trial 14 with value: 0.004105909280388653.
[I 2025-09-29 12:52:10,406] Trial 44 finished with value: 0.0045419856670231035 and parameters: {'lag_0': 0.36160759981854107, 'lag_1': 0.6373756602080407, 'lag_2': 0.90611372650431, 'lag_3': 0.5291619692192981, 'lag_4': 0.36423578956368957, 'lag_5': 0.5147363100877793, 'lag_6': 0.9394131936759619, 'lag_7': 0.3000546379577182, 'lag_8': 0.5840219032323536, 'lag_9': 0.8903874331670102, 'lag_10': 0.6477756108237969, 'lag_11': 0.05303587431188074, 'lag_12': 0.5995370105092238, 'lag_13': 0.3167455619120081, 'lag_14': 0.826999339136346, 'lag_15': 0.8758966244602164, 'lag_16': 0.6806155986368811, 'lag_17': 0.08380284538054732, 'lag_18': 0.4893348852883652, 'lag_19': 0.1850771637769168, 'lag_20': 0.8471906500523882, 'lag_21': 0.9684014113275068, 'lag_22': 0.9916078762074724, 'lag_23': 0.2260207693219804, 'lag_24': 0.8547731499600283, 'lag_25': 0.2553791608462686, 'lag_26': 0.8812131166372825, 'lag_27': 0.7277492805927545, 'lag_28': 0.787634021239975}. Best is trial 14 with value: 0.004105909280388653.
[I 2025-09-29 12:52:12,929] Trial 45 finished with value: 0.004992465933833557 and parameters: {'lag_0': 0.2636205203030664, 'lag_1': 0.7835958507389584, 'lag_2': 0.7695481171303296, 'lag_3': 0.7093035384666576, 'lag_4': 0.4388202063820974, 'lag_5': 0.45494564692309947, 'lag_6': 0.9977438710703677, 'lag_7': 0.2457115376808937, 'lag_8': 0.9463238684821611, 'lag_9': 0.8143490916804302, 'lag_10': 0.0523152317652871, 'lag_11': 0.1801422699196771, 'lag_12': 0.714681082662396, 'lag_13': 0.44858181426436994, 'lag_14': 0.7255150123172024, 'lag_15': 0.268263222578242, 'lag_16': 0.84425629447099, 'lag_17': 0.8994997092154225, 'lag_18': 0.3189997622563514, 'lag_19': 0.0009366991015344328, 'lag_20': 0.9445585238097096, 'lag_21': 0.8413106847289791, 'lag_22': 0.8478382493782621, 'lag_23': 0.7794476569588191, 'lag_24': 0.9462563626792273, 'lag_25': 0.47891933727908204, 'lag_26': 0.9456647317779138, 'lag_27': 0.09367797173482427, 'lag_28': 0.539716162913308}. Best is trial 14 with value: 0.004105909280388653.
[I 2025-09-29 12:52:15,454] Trial 46 finished with value: 0.004432884569196972 and parameters: {'lag_0': 0.520486030460134, 'lag_1': 0.6180488863272134, 'lag_2': 0.0004229892418508019, 'lag_3': 0.9051984230095073, 'lag_4': 0.34777015874709705, 'lag_5': 0.9491471481393271, 'lag_6': 0.8781763364945526, 'lag_7': 0.19876779064486233, 'lag_8': 0.778492630584358, 'lag_9': 0.685227463693104, 'lag_10': 0.21215403369260544, 'lag_11': 0.0673901279713987, 'lag_12': 0.8690598117547987, 'lag_13': 0.5880696564803325, 'lag_14': 0.9605005887587853, 'lag_15': 0.37416403334971937, 'lag_16': 0.7929028054466091, 'lag_17': 0.17830429977363466, 'lag_18': 0.5355688611432766, 'lag_19': 0.4948101879191914, 'lag_20': 0.8036603412948832, 'lag_21': 0.7196148811523059, 'lag_22': 0.895696177249518, 'lag_23': 0.03748435829260409, 'lag_24': 0.8901757159518009, 'lag_25': 0.130297535561085, 'lag_26': 0.27922570741984587, 'lag_27': 0.8342627343400482, 'lag_28': 0.6495509765763894}. Best is trial 14 with value: 0.004105909280388653.
[I 2025-09-29 12:52:17,989] Trial 47 finished with value: 0.004268969019800508 and parameters: {'lag_0': 0.25630251813916616, 'lag_1': 0.49487741643419797, 'lag_2': 0.8474362622798031, 'lag_3': 0.7253865757115419, 'lag_4': 0.027860869536376953, 'lag_5': 0.6243999393602047, 'lag_6': 0.5514745091687839, 'lag_7': 0.34024275206090326, 'lag_8': 0.12718848733427562, 'lag_9': 0.9418569079182791, 'lag_10': 0.7254656035091827, 'lag_11': 0.3848598836215022, 'lag_12': 0.2815905879399776, 'lag_13': 0.2278280557738231, 'lag_14': 0.917789882389407, 'lag_15': 0.5860974821591214, 'lag_16': 0.6490135259105337, 'lag_17': 0.006418921392848054, 'lag_18': 0.7114371070228513, 'lag_19': 0.8468999219821626, 'lag_20': 0.6005902803538132, 'lag_21': 0.348557694783289, 'lag_22': 0.12546564012942588, 'lag_23': 0.15367679218724392, 'lag_24': 0.8071912978334019, 'lag_25': 0.33593771886018103, 'lag_26': 0.426966167650513, 'lag_27': 0.9128473814939999, 'lag_28': 0.4122691944445329}. Best is trial 14 with value: 0.004105909280388653.
[I 2025-09-29 12:52:20,508] Trial 48 finished with value: 0.004285442655647571 and parameters: {'lag_0': 0.17459138288912984, 'lag_1': 0.45597346185609927, 'lag_2': 0.7090975930503618, 'lag_3': 0.7284090364410315, 'lag_4': 0.03649479005039884, 'lag_5': 0.6626968622119385, 'lag_6': 0.5100749459999089, 'lag_7': 0.35250108271226277, 'lag_8': 0.10860363316526837, 'lag_9': 0.9870917706945449, 'lag_10': 0.7778490839741966, 'lag_11': 0.38986216939310603, 'lag_12': 0.29814769285375725, 'lag_13': 0.23312252211064616, 'lag_14': 0.0027482349452536067, 'lag_15': 0.048666003443077824, 'lag_16': 0.53048344221165, 'lag_17': 0.045218235477669906, 'lag_18': 0.8047071235349637, 'lag_19': 0.8574655216967604, 'lag_20': 0.3820413335552082, 'lag_21': 0.3289722249589183, 'lag_22': 0.14006373196818478, 'lag_23': 0.8705947837300162, 'lag_24': 0.5838346665556918, 'lag_25': 0.3522786591970997, 'lag_26': 0.39053148178388813, 'lag_27': 0.9133465326994008, 'lag_28': 0.004497575035097456}. Best is trial 14 with value: 0.004105909280388653.
[I 2025-09-29 12:52:23,032] Trial 49 finished with value: 0.0046003426536326735 and parameters: {'lag_0': 0.04966339212174897, 'lag_1': 0.4358989046771081, 'lag_2': 0.5694209601370072, 'lag_3': 0.7350746792508239, 'lag_4': 0.01713502820200207, 'lag_5': 0.6224274118220974, 'lag_6': 0.5315052035863188, 'lag_7': 0.4504879446408613, 'lag_8': 0.011752766991366057, 'lag_9': 0.950057826584607, 'lag_10': 0.7800184825117501, 'lag_11': 0.4710887013143406, 'lag_12': 0.23410311687645866, 'lag_13': 0.20791261684557097, 'lag_14': 0.9197775952244127, 'lag_15': 0.026112373318622206, 'lag_16': 0.646371266532278, 'lag_17': 0.03641274391854586, 'lag_18': 0.8083639633124855, 'lag_19': 0.8393765599210357, 'lag_20': 0.3436500538443961, 'lag_21': 0.33561784172607323, 'lag_22': 0.1575946552512583, 'lag_23': 0.8520825663416105, 'lag_24': 0.564118460906356, 'lag_25': 0.3340054217359707, 'lag_26': 0.43435492529745745, 'lag_27': 0.9387544918989505, 'lag_28': 0.0012302390197651558}. Best is trial 14 with value: 0.004105909280388653.
[I 2025-09-29 12:52:25,549] Trial 50 finished with value: 0.004728530787572809 and parameters: {'lag_0': 0.28414680916319107, 'lag_1': 0.5064620400902774, 'lag_2': 0.9952324623266539, 'lag_3': 0.8104325823241514, 'lag_4': 0.05913821341686241, 'lag_5': 0.8580992049934986, 'lag_6': 0.626454252338698, 'lag_7': 0.3497106675772623, 'lag_8': 0.09669840414912566, 'lag_9': 0.9795525219858738, 'lag_10': 0.7899630093230645, 'lag_11': 0.41060559944207964, 'lag_12': 0.04546506357114258, 'lag_13': 0.02123820563477502, 'lag_14': 0.6247429354908303, 'lag_15': 0.06566076699059117, 'lag_16': 0.5301965764639246, 'lag_17': 0.008551209853172127, 'lag_18': 0.7250440369084032, 'lag_19': 0.9185368968577976, 'lag_20': 0.29588511685840535, 'lag_21': 0.42989236528365904, 'lag_22': 0.12403912311770038, 'lag_23': 0.9889463163664478, 'lag_24': 0.5122071163598962, 'lag_25': 0.3003571735410104, 'lag_26': 0.39280331243407884, 'lag_27': 0.8880742199392548, 'lag_28': 0.2026553548538981}. Best is trial 14 with value: 0.004105909280388653.
[I 2025-09-29 12:52:28,062] Trial 51 finished with value: 0.0044144863675848025 and parameters: {'lag_0': 0.16988905263826273, 'lag_1': 0.36198222643837147, 'lag_2': 0.7243081833185764, 'lag_3': 0.7315147233726818, 'lag_4': 0.1411140677235322, 'lag_5': 0.6963917175448743, 'lag_6': 0.5608341573720158, 'lag_7': 0.41583148140037063, 'lag_8': 0.16592348082711592, 'lag_9': 0.9335298033562678, 'lag_10': 0.8985226364283381, 'lag_11': 0.3632995150184727, 'lag_12': 0.3072341367060809, 'lag_13': 0.12088686342244939, 'lag_14': 0.03703912338739516, 'lag_15': 0.17376361211876806, 'lag_16': 0.5982746689531566, 'lag_17': 0.0901008336963789, 'lag_18': 0.6936644463498733, 'lag_19': 0.7545783308376093, 'lag_20': 0.40328794963492287, 'lag_21': 0.15481336877084456, 'lag_22': 0.039157297795500215, 'lag_23': 0.8624189722398041, 'lag_24': 0.6245946050208058, 'lag_25': 0.4427510528452422, 'lag_26': 0.5349057668655116, 'lag_27': 0.9672458459775345, 'lag_28': 0.317499894125425}. Best is trial 14 with value: 0.004105909280388653.
[I 2025-09-29 12:52:30,578] Trial 52 finished with value: 0.004995948282160052 and parameters: {'lag_0': 0.09915610413567627, 'lag_1': 0.5796466495835813, 'lag_2': 0.6563920741482591, 'lag_3': 0.8706146962749907, 'lag_4': 0.02590831586579641, 'lag_5': 0.5365387789134229, 'lag_6': 0.49561316325647187, 'lag_7': 0.3534169121530153, 'lag_8': 0.08126581755179069, 'lag_9': 0.8552519060860068, 'lag_10': 0.7257541559711932, 'lag_11': 0.5503064736883001, 'lag_12': 0.31678132867301656, 'lag_13': 0.25419274552211, 'lag_14': 0.1009732487588288, 'lag_15': 0.05889520553848117, 'lag_16': 0.5473381136018852, 'lag_17': 0.15928953132966506, 'lag_18': 0.8530661693326618, 'lag_19': 0.8479726210133269, 'lag_20': 0.5080002517608797, 'lag_21': 0.4978371527773666, 'lag_22': 0.18465852256419224, 'lag_23': 0.18183451723471722, 'lag_24': 0.7456779353411991, 'lag_25': 0.3688035130102514, 'lag_26': 0.2731372699257635, 'lag_27': 0.91896151898376, 'lag_28': 0.3988472975972447}. Best is trial 14 with value: 0.004105909280388653.
[I 2025-09-29 12:52:33,095] Trial 53 finished with value: 0.0045985156379259136 and parameters: {'lag_0': 0.10056671842036137, 'lag_1': 0.3067548183266072, 'lag_2': 0.825406850972808, 'lag_3': 0.6686097313074724, 'lag_4': 0.10793640300834093, 'lag_5': 0.6582746467463021, 'lag_6': 0.3112391798333492, 'lag_7': 0.3055315859754026, 'lag_8': 0.28028677783427536, 'lag_9': 0.793281531175455, 'lag_10': 0.9332330458384918, 'lag_11': 0.2683849671613014, 'lag_12': 0.19848811981640158, 'lag_13': 0.2846021788181948, 'lag_14': 0.013199060361060666, 'lag_15': 0.2041041917525993, 'lag_16': 0.7194691699856376, 'lag_17': 0.02408951859123429, 'lag_18': 0.932033044152007, 'lag_19': 0.9578041205992839, 'lag_20': 0.21713976021843218, 'lag_21': 0.3747217661897903, 'lag_22': 0.048223580470649466, 'lag_23': 0.9288535063983003, 'lag_24': 0.6910165956383029, 'lag_25': 0.5007264271742962, 'lag_26': 0.3337746057662681, 'lag_27': 0.8776451016725872, 'lag_28': 0.43626306770085566}. Best is trial 14 with value: 0.004105909280388653.
[I 2025-09-29 12:52:35,619] Trial 54 finished with value: 0.004498546907222009 and parameters: {'lag_0': 0.2581560407039068, 'lag_1': 0.4919008488530775, 'lag_2': 0.7045710347629031, 'lag_3': 0.7816323080848532, 'lag_4': 0.06689510819649197, 'lag_5': 0.40472415305557374, 'lag_6': 0.4386749211838069, 'lag_7': 0.4749303791074676, 'lag_8': 0.3512884982315439, 'lag_9': 0.9960332841143769, 'lag_10': 0.8275963502311018, 'lag_11': 0.4092375431299436, 'lag_12': 0.11567725815331664, 'lag_13': 0.3657133411833466, 'lag_14': 0.049085358524078616, 'lag_15': 0.6051757300172425, 'lag_16': 0.6677253503119545, 'lag_17': 0.0667579615859457, 'lag_18': 0.9047984554664743, 'lag_19': 0.8329384044051205, 'lag_20': 0.6007942507251404, 'lag_21': 0.276526864964983, 'lag_22': 0.12752661025058964, 'lag_23': 0.7407785126780437, 'lag_24': 0.44417826477999595, 'lag_25': 0.34138699174923304, 'lag_26': 0.4488451291553115, 'lag_27': 0.9996569803430737, 'lag_28': 0.2850106173244497}. Best is trial 14 with value: 0.004105909280388653.
[I 2025-09-29 12:52:38,142] Trial 55 finished with value: 0.004514526242987332 and parameters: {'lag_0': 0.19123022859330382, 'lag_1': 0.3997852569813966, 'lag_2': 0.639752406352041, 'lag_3': 0.8308241242714134, 'lag_4': 0.5206979525362391, 'lag_5': 0.7807898381259015, 'lag_6': 0.7020470969146375, 'lag_7': 0.22826754620145218, 'lag_8': 0.17362014405037432, 'lag_9': 0.16659564622405854, 'lag_10': 0.8173370963039299, 'lag_11': 0.3196585036583525, 'lag_12': 0.2753716762643959, 'lag_13': 0.14723606659793798, 'lag_14': 0.9981254222737348, 'lag_15': 0.1170959758078501, 'lag_16': 0.247445589842051, 'lag_17': 0.5777843471691868, 'lag_18': 0.766092569942713, 'lag_19': 0.676669627099141, 'lag_20': 0.692399757787036, 'lag_21': 0.31959989425907676, 'lag_22': 0.2334640778384987, 'lag_23': 0.5215149736576783, 'lag_24': 0.7907143882752585, 'lag_25': 0.577432757149005, 'lag_26': 0.47829567768949827, 'lag_27': 0.855224595049087, 'lag_28': 0.2500768926998822}. Best is trial 14 with value: 0.004105909280388653.
[I 2025-09-29 12:52:40,659] Trial 56 finished with value: 0.005255229309632279 and parameters: {'lag_0': 0.7977342946037841, 'lag_1': 0.5461384108714206, 'lag_2': 0.7243264553143839, 'lag_3': 0.5879484272712397, 'lag_4': 0.04056053001607906, 'lag_5': 0.47840346922146254, 'lag_6': 0.6317370729751403, 'lag_7': 0.2785585898801616, 'lag_8': 0.09482346201307454, 'lag_9': 0.5458533653006253, 'lag_10': 0.6408043802119097, 'lag_11': 0.45381456159021294, 'lag_12': 0.36505446536248193, 'lag_13': 0.08360396622268773, 'lag_14': 0.11788234852023818, 'lag_15': 0.778656996055382, 'lag_16': 0.5038120140685765, 'lag_17': 0.12711121946637594, 'lag_18': 0.8411064880564919, 'lag_19': 0.5634233626320319, 'lag_20': 0.5701259260367579, 'lag_21': 0.4853560678828319, 'lag_22': 0.1070608061616722, 'lag_23': 0.3127323962235673, 'lag_24': 0.5895015157348187, 'lag_25': 0.4207595368109453, 'lag_26': 0.4015325460455735, 'lag_27': 0.8052782166227247, 'lag_28': 0.13935408819220912}. Best is trial 14 with value: 0.004105909280388653.
[I 2025-09-29 12:52:43,173] Trial 57 finished with value: 0.004436914177413006 and parameters: {'lag_0': 0.6071377366959871, 'lag_1': 0.4333763594245668, 'lag_2': 0.612904709254656, 'lag_3': 0.9420114140708444, 'lag_4': 0.00047711657205992686, 'lag_5': 0.7220487620159355, 'lag_6': 0.5357436466601818, 'lag_7': 0.4154153455158804, 'lag_8': 0.21674900279437959, 'lag_9': 0.9129159084735914, 'lag_10': 0.730597239995749, 'lag_11': 0.8378518642693535, 'lag_12': 0.4142642118845106, 'lag_13': 0.17488904235259112, 'lag_14': 0.8280477530422352, 'lag_15': 0.6840426323573351, 'lag_16': 0.6393005457543928, 'lag_17': 0.43323337978944587, 'lag_18': 0.7763485043099327, 'lag_19': 0.933616739071752, 'lag_20': 0.4373376217729833, 'lag_21': 0.222568361142515, 'lag_22': 0.2777758205290414, 'lag_23': 0.44911277545021766, 'lag_24': 0.36800857788725994, 'lag_25': 0.2586512990873223, 'lag_26': 0.3080518604117566, 'lag_27': 0.7392482845478683, 'lag_28': 0.4000477146131247}. Best is trial 14 with value: 0.004105909280388653.
[I 2025-09-29 12:52:45,698] Trial 58 finished with value: 0.004456205545898119 and parameters: {'lag_0': 0.9316320939291631, 'lag_1': 0.7391276580161873, 'lag_2': 0.5781214259233485, 'lag_3': 0.7344904887803627, 'lag_4': 0.15190015078873254, 'lag_5': 0.6326208195797831, 'lag_6': 0.466648343610058, 'lag_7': 0.5258398068007852, 'lag_8': 0.0599322277393156, 'lag_9': 0.7392463182902818, 'lag_10': 0.9801189311636999, 'lag_11': 0.9466894224466647, 'lag_12': 0.5192629836339949, 'lag_13': 0.3333122627638789, 'lag_14': 0.1744234510544096, 'lag_15': 0.15037447981032126, 'lag_16': 0.3653460044733483, 'lag_17': 0.7359255100746659, 'lag_18': 0.689977962237921, 'lag_19': 0.8728584986755344, 'lag_20': 0.48581539113722766, 'lag_21': 0.17420908259436935, 'lag_22': 0.6799986666826653, 'lag_23': 0.1513109589349042, 'lag_24': 0.5337748657808564, 'lag_25': 0.22820949875674157, 'lag_26': 0.20928470902443705, 'lag_27': 0.9308573948597156, 'lag_28': 0.9205797314482744}. Best is trial 14 with value: 0.004105909280388653.
[I 2025-09-29 12:52:48,211] Trial 59 finished with value: 0.004246384083765632 and parameters: {'lag_0': 0.7162481122171697, 'lag_1': 0.48848193441239174, 'lag_2': 0.7480688415887963, 'lag_3': 0.5216332000706725, 'lag_4': 0.09531027857495282, 'lag_5': 0.9414753049532456, 'lag_6': 0.7443642547722946, 'lag_7': 0.3467892082724236, 'lag_8': 0.0012464946133997207, 'lag_9': 0.48135659990242186, 'lag_10': 0.6197219121884296, 'lag_11': 0.5135383181908512, 'lag_12': 0.34657627105406047, 'lag_13': 0.2149356347450886, 'lag_14': 0.48473507416587835, 'lag_15': 0.08070543771526434, 'lag_16': 0.4211490712091216, 'lag_17': 0.005851888874611284, 'lag_18': 0.9583034747688084, 'lag_19': 0.23840449428886182, 'lag_20': 0.661624172724146, 'lag_21': 0.6239346686814525, 'lag_22': 0.03786316920687054, 'lag_23': 0.0364489524717278, 'lag_24': 0.6480974859174615, 'lag_25': 0.3097159698253162, 'lag_26': 0.5650579800926026, 'lag_27': 0.7138496995859797, 'lag_28': 0.514874193429259}. Best is trial 14 with value: 0.004105909280388653.
[I 2025-09-29 12:52:50,734] Trial 60 finished with value: 0.004331432833346136 and parameters: {'lag_0': 0.6300256135903665, 'lag_1': 0.5118385971762452, 'lag_2': 0.8045705927510806, 'lag_3': 0.3850157728235086, 'lag_4': 0.09654257896564733, 'lag_5': 0.9671276923237363, 'lag_6': 0.7489441849593133, 'lag_7': 0.3504516291424428, 'lag_8': 0.0050482197201843215, 'lag_9': 0.3553399331677427, 'lag_10': 0.5384046459569257, 'lag_11': 0.6471165190111912, 'lag_12': 0.1434031894610142, 'lag_13': 0.22531151479105715, 'lag_14': 0.4911528152463756, 'lag_15': 0.008169663655159032, 'lag_16': 0.2922753317702027, 'lag_17': 0.0022746887650681048, 'lag_18': 0.9913752994564125, 'lag_19': 0.25738008669485857, 'lag_20': 0.6696320914972618, 'lag_21': 0.5598432554012346, 'lag_22': 0.01999510600579117, 'lag_23': 0.0405800686149919, 'lag_24': 0.6630865602314092, 'lag_25': 0.15289247874297196, 'lag_26': 0.553716713624376, 'lag_27': 0.7139036500542708, 'lag_28': 0.5173449801374344}. Best is trial 14 with value: 0.004105909280388653.
[I 2025-09-29 12:52:53,251] Trial 61 finished with value: 0.004581486174055224 and parameters: {'lag_0': 0.6315844933938469, 'lag_1': 0.46516132654425535, 'lag_2': 0.8115639805358916, 'lag_3': 0.14101845271204888, 'lag_4': 0.10865257629952278, 'lag_5': 0.9373848770337174, 'lag_6': 0.7503778908652351, 'lag_7': 0.33970261766828497, 'lag_8': 0.004717229013890051, 'lag_9': 0.40315270501618267, 'lag_10': 0.5533983367684154, 'lag_11': 0.6458736189101713, 'lag_12': 0.09859842542421543, 'lag_13': 0.22828243757034625, 'lag_14': 0.4898173796358467, 'lag_15': 0.04170965807508197, 'lag_16': 0.27434166805935034, 'lag_17': 0.0006217789745318961, 'lag_18': 0.9600932283347723, 'lag_19': 0.24105444184439456, 'lag_20': 0.664004862112785, 'lag_21': 0.62437365971563, 'lag_22': 0.034142419203696026, 'lag_23': 0.036402266794316115, 'lag_24': 0.6371731939871297, 'lag_25': 0.09853139532015018, 'lag_26': 0.5465708983334745, 'lag_27': 0.6843429392225607, 'lag_28': 0.5192894277781155}. Best is trial 14 with value: 0.004105909280388653.
