2025-09-29 12:50:07,945 - distributed.nanny - INFO -         Start Nanny at: 'tcp://192.168.86.107:38464'
2025-09-29 12:50:09,280 - distributed.worker - INFO -       Start worker at: tcp://192.168.86.107:43954
2025-09-29 12:50:09,281 - distributed.worker - INFO -          Listening to: tcp://192.168.86.107:43954
2025-09-29 12:50:09,281 - distributed.worker - INFO -           Worker name:             SLURMCluster-0
2025-09-29 12:50:09,281 - distributed.worker - INFO -          dashboard at:       192.168.86.107:46631
2025-09-29 12:50:09,281 - distributed.worker - INFO - Waiting to connect to: tcp://192.168.86.101:39990
2025-09-29 12:50:09,281 - distributed.worker - INFO - -------------------------------------------------
2025-09-29 12:50:09,281 - distributed.worker - INFO -               Threads:                          1
2025-09-29 12:50:09,281 - distributed.worker - INFO -                Memory:                   9.31 GiB
2025-09-29 12:50:09,281 - distributed.worker - INFO -       Local Directory: /home1/zrentala/dask-worker-space/dask-scratch-space/worker-2e4w5vky
2025-09-29 12:50:09,281 - distributed.worker - INFO - -------------------------------------------------
2025-09-29 12:50:09,612 - distributed.worker - INFO - Starting Worker plugin shuffle
2025-09-29 12:50:09,612 - distributed.worker - INFO -         Registered to: tcp://192.168.86.101:39990
2025-09-29 12:50:09,612 - distributed.worker - INFO - -------------------------------------------------
2025-09-29 12:50:09,613 - distributed.core - INFO - Starting established connection to tcp://192.168.86.101:39990
[I 2025-09-29 12:50:09,735] A new study created in memory with name: no-name-63c70bba-75c9-4d94-b188-fa40664ef44c
[I 2025-09-29 12:50:12,176] Trial 0 finished with value: 0.011403968098664525 and parameters: {'lag_0': 0.7195369087718619, 'lag_1': 0.1397736733130018, 'lag_2': 0.16854276803848414, 'lag_3': 0.4383265544722689, 'lag_4': 0.13679342417099466, 'lag_5': 0.7003858652483077, 'lag_6': 0.6588108836424448, 'lag_7': 0.3282670719363342, 'lag_8': 0.8549107981013796, 'lag_9': 0.9847327025950828, 'lag_10': 0.7881083029626924, 'lag_11': 0.5127874727917933, 'lag_12': 0.7319477466034675, 'lag_13': 0.25101324512981343, 'lag_14': 0.020104507665085137, 'lag_15': 0.5550179164981234, 'lag_16': 0.3914036471200882, 'lag_17': 0.38979301534980854, 'lag_18': 0.2402092946381745, 'lag_19': 0.23798621991700883, 'lag_20': 0.6185115114232016, 'lag_21': 0.5980630596481478, 'lag_22': 0.026284393053507348, 'lag_23': 0.793690408449196, 'lag_24': 0.786683010925178, 'lag_25': 0.6630776232920271, 'lag_26': 0.9593476792843513, 'lag_27': 0.36478673617853546, 'lag_28': 0.8766932329043075}. Best is trial 0 with value: 0.011403968098664525.
[I 2025-09-29 12:50:14,672] Trial 1 finished with value: 0.011240115992759477 and parameters: {'lag_0': 0.07705430405359735, 'lag_1': 0.9973504861119746, 'lag_2': 0.46637326640730753, 'lag_3': 0.5763276511279606, 'lag_4': 0.49000266154642247, 'lag_5': 0.12093733473826787, 'lag_6': 0.2294092788028454, 'lag_7': 0.05614471677689693, 'lag_8': 0.23237275293105517, 'lag_9': 0.7433931387607896, 'lag_10': 0.8351829157621078, 'lag_11': 0.029492404157941805, 'lag_12': 0.22078554663687122, 'lag_13': 0.8074805122288963, 'lag_14': 0.5339733691027448, 'lag_15': 0.4377074822663366, 'lag_16': 0.591365958327, 'lag_17': 0.2601958147804422, 'lag_18': 0.4879647712614013, 'lag_19': 0.22840810898335012, 'lag_20': 0.1701899167493692, 'lag_21': 0.6910077952071992, 'lag_22': 0.9860131789960495, 'lag_23': 0.3688618964851249, 'lag_24': 0.5518040458819226, 'lag_25': 0.04913898241682652, 'lag_26': 0.5368454366913659, 'lag_27': 0.059724368540824545, 'lag_28': 0.9089979067743595}. Best is trial 1 with value: 0.011240115992759477.
[I 2025-09-29 12:50:17,161] Trial 2 finished with value: 0.011464382697688607 and parameters: {'lag_0': 0.6700877375308583, 'lag_1': 0.7593525536929798, 'lag_2': 0.866718935840433, 'lag_3': 0.6635887164938158, 'lag_4': 0.3490611776845909, 'lag_5': 0.30907028101799894, 'lag_6': 0.3880674764720589, 'lag_7': 0.22212491839861812, 'lag_8': 0.8438526969315244, 'lag_9': 0.5784275012017466, 'lag_10': 0.5743978243362596, 'lag_11': 0.34150517944265724, 'lag_12': 0.7679249962895075, 'lag_13': 0.14289033395747766, 'lag_14': 0.9230368143935096, 'lag_15': 0.7364644704533256, 'lag_16': 0.4787873910721212, 'lag_17': 0.44284191917923904, 'lag_18': 0.5564288761185616, 'lag_19': 0.026983946162905684, 'lag_20': 0.5090978590354184, 'lag_21': 0.9419848741458909, 'lag_22': 0.7905379948261131, 'lag_23': 0.561134712218703, 'lag_24': 0.39769199714543224, 'lag_25': 0.525313758042905, 'lag_26': 0.15023199672569607, 'lag_27': 0.8557348289927593, 'lag_28': 0.7436062003990035}. Best is trial 1 with value: 0.011240115992759477.
[I 2025-09-29 12:50:19,635] Trial 3 finished with value: 0.0116512776899562 and parameters: {'lag_0': 0.5532753489196828, 'lag_1': 0.9010862461956433, 'lag_2': 0.04117382822598272, 'lag_3': 0.6411917463954289, 'lag_4': 0.41875224038652253, 'lag_5': 0.1266890532655429, 'lag_6': 0.24904003725723553, 'lag_7': 0.08047917800262004, 'lag_8': 0.09342162184000123, 'lag_9': 0.9171177950354303, 'lag_10': 0.9012370075461149, 'lag_11': 0.4103454851906274, 'lag_12': 0.8985346977671912, 'lag_13': 0.9203881021346944, 'lag_14': 0.25558289869566453, 'lag_15': 0.6773827649153678, 'lag_16': 0.1676084625620591, 'lag_17': 0.570976110920224, 'lag_18': 0.6001612308657589, 'lag_19': 0.22063432801739244, 'lag_20': 0.9199128176431928, 'lag_21': 0.7057256615026567, 'lag_22': 0.9348929543012129, 'lag_23': 0.9854802496593201, 'lag_24': 0.9452243137219885, 'lag_25': 0.9292305619439039, 'lag_26': 0.011636060424971378, 'lag_27': 0.14157172645843283, 'lag_28': 0.5839855097810148}. Best is trial 1 with value: 0.011240115992759477.
[I 2025-09-29 12:50:22,104] Trial 4 finished with value: 0.011575969520271952 and parameters: {'lag_0': 0.6569079189983668, 'lag_1': 0.15661037632150293, 'lag_2': 0.3572913045797269, 'lag_3': 0.49802466089651426, 'lag_4': 0.6748191105291288, 'lag_5': 0.8120248451915532, 'lag_6': 0.28969792136537054, 'lag_7': 0.4993310502889772, 'lag_8': 0.7300641727894858, 'lag_9': 0.7335393084904916, 'lag_10': 0.5758197179858432, 'lag_11': 0.274351370467921, 'lag_12': 0.7175483387778615, 'lag_13': 0.9731992507802792, 'lag_14': 0.5184973474997673, 'lag_15': 0.9429143088001135, 'lag_16': 0.8030450317237849, 'lag_17': 0.4792478026507516, 'lag_18': 0.43107445394696525, 'lag_19': 0.6053986725159409, 'lag_20': 0.21437531674445162, 'lag_21': 0.5343713477825586, 'lag_22': 0.8102134071860668, 'lag_23': 0.6816942773427686, 'lag_24': 0.20401940149173262, 'lag_25': 0.2506921435726819, 'lag_26': 0.32063648678129575, 'lag_27': 0.38148030638635266, 'lag_28': 0.32499157127054146}. Best is trial 1 with value: 0.011240115992759477.
[I 2025-09-29 12:50:24,585] Trial 5 finished with value: 0.011815568440850749 and parameters: {'lag_0': 0.15950623658604912, 'lag_1': 0.6779076824158936, 'lag_2': 0.7326391908302052, 'lag_3': 0.9546462020853849, 'lag_4': 0.6937320739107867, 'lag_5': 0.800191247790694, 'lag_6': 0.6279401610961404, 'lag_7': 0.10478979952386179, 'lag_8': 0.6527111548251261, 'lag_9': 0.7881611194569765, 'lag_10': 0.37430852723312097, 'lag_11': 0.4028377005351915, 'lag_12': 0.2945042227753807, 'lag_13': 0.9334097702101959, 'lag_14': 0.3563369091387703, 'lag_15': 0.3248310263123679, 'lag_16': 0.40002268656108075, 'lag_17': 0.4058895012855157, 'lag_18': 0.39372008523469015, 'lag_19': 0.309685090668181, 'lag_20': 0.7957714581444993, 'lag_21': 0.5224635355223949, 'lag_22': 0.7717823797179536, 'lag_23': 0.19340987114569225, 'lag_24': 0.48604168407941206, 'lag_25': 0.5593695765615361, 'lag_26': 0.06197748631803647, 'lag_27': 0.6240978211734528, 'lag_28': 0.05458071707993363}. Best is trial 1 with value: 0.011240115992759477.
[I 2025-09-29 12:50:27,055] Trial 6 finished with value: 0.012153316564670828 and parameters: {'lag_0': 0.14387335386618308, 'lag_1': 0.7949019841007532, 'lag_2': 0.041831092601852256, 'lag_3': 0.6394751690141759, 'lag_4': 0.2330225061652458, 'lag_5': 0.10875852676998221, 'lag_6': 0.9049164099945494, 'lag_7': 0.31831063283900923, 'lag_8': 0.06728842606685012, 'lag_9': 0.8685021478206509, 'lag_10': 0.3648181524050643, 'lag_11': 0.9106286502983614, 'lag_12': 0.9779825493855606, 'lag_13': 0.7545004336976814, 'lag_14': 0.9960539683093207, 'lag_15': 0.882429116214602, 'lag_16': 0.6864658792857675, 'lag_17': 0.9324001666664155, 'lag_18': 0.9086530652613254, 'lag_19': 0.16469035958253103, 'lag_20': 0.5636617789016629, 'lag_21': 0.0038247509567730965, 'lag_22': 0.49870515244612446, 'lag_23': 0.34255311718049125, 'lag_24': 0.8006672078643646, 'lag_25': 0.05882826078100993, 'lag_26': 0.9786034502765079, 'lag_27': 0.7532337910095112, 'lag_28': 0.08405235335249588}. Best is trial 1 with value: 0.011240115992759477.
[I 2025-09-29 12:50:29,540] Trial 7 finished with value: 0.011785335291975401 and parameters: {'lag_0': 0.30390812839359577, 'lag_1': 0.47112579212472133, 'lag_2': 0.03647575493336894, 'lag_3': 0.19842045187673535, 'lag_4': 0.18962087988857146, 'lag_5': 0.6804197816656911, 'lag_6': 0.10757075190203687, 'lag_7': 0.9555077189254961, 'lag_8': 0.47441408273545416, 'lag_9': 0.5984786052434053, 'lag_10': 0.15738372093663527, 'lag_11': 0.8136992665097327, 'lag_12': 0.9812617378104396, 'lag_13': 0.492804069862414, 'lag_14': 0.20725248526422127, 'lag_15': 0.03686472887927288, 'lag_16': 0.4727232040400528, 'lag_17': 0.3288330967227654, 'lag_18': 0.5267170851801735, 'lag_19': 0.24337179758083705, 'lag_20': 0.07293457273468494, 'lag_21': 0.3973898676800738, 'lag_22': 0.09083374878985599, 'lag_23': 0.9737721725700741, 'lag_24': 0.3205588384156285, 'lag_25': 0.7979731285279306, 'lag_26': 0.6870524770262325, 'lag_27': 0.4594785147806575, 'lag_28': 0.2205363879288626}. Best is trial 1 with value: 0.011240115992759477.
[I 2025-09-29 12:50:32,017] Trial 8 finished with value: 0.011773678374375905 and parameters: {'lag_0': 0.2651651330726731, 'lag_1': 0.02835248727842102, 'lag_2': 0.3577649534810373, 'lag_3': 0.3377031267273312, 'lag_4': 0.48962541046701014, 'lag_5': 0.6627269646967336, 'lag_6': 0.22028264954294186, 'lag_7': 0.9401951041049931, 'lag_8': 0.17703148869259225, 'lag_9': 0.17844301032249443, 'lag_10': 0.6686066256111708, 'lag_11': 0.8021728190106822, 'lag_12': 0.10420630027655743, 'lag_13': 0.36304395286189006, 'lag_14': 0.04625596411611619, 'lag_15': 0.6213768810844251, 'lag_16': 0.7351381674616971, 'lag_17': 0.9374958941481809, 'lag_18': 0.966405083717762, 'lag_19': 0.9996531927755734, 'lag_20': 0.019563565553717372, 'lag_21': 0.560589705308471, 'lag_22': 0.3494173873768507, 'lag_23': 0.46793305709791794, 'lag_24': 0.8908376374412225, 'lag_25': 0.19154015353465242, 'lag_26': 0.3080364002191422, 'lag_27': 0.7189773256769806, 'lag_28': 0.29022759995451824}. Best is trial 1 with value: 0.011240115992759477.
[I 2025-09-29 12:50:34,597] Trial 9 finished with value: 0.011938232612750552 and parameters: {'lag_0': 0.7072994706297434, 'lag_1': 0.21530140933540876, 'lag_2': 0.9998067577677909, 'lag_3': 0.5681403349741763, 'lag_4': 0.9520522190514041, 'lag_5': 0.6711480761586675, 'lag_6': 0.27483897087104087, 'lag_7': 0.0611389952638098, 'lag_8': 0.266749147659346, 'lag_9': 0.4756363785994681, 'lag_10': 0.8170476718862102, 'lag_11': 0.9995751746167258, 'lag_12': 0.8634592177508725, 'lag_13': 0.14672487559729855, 'lag_14': 0.20841143480760677, 'lag_15': 0.747065658667041, 'lag_16': 0.5697850201061738, 'lag_17': 0.16759254110516697, 'lag_18': 0.37013997439359403, 'lag_19': 0.0926891181212423, 'lag_20': 0.6431497151821516, 'lag_21': 0.583946378962093, 'lag_22': 0.9553751387015804, 'lag_23': 0.3903449267287639, 'lag_24': 0.17987457733487475, 'lag_25': 0.5682396847357847, 'lag_26': 0.9354933120524797, 'lag_27': 0.23647208470262324, 'lag_28': 0.06252561230468048}. Best is trial 1 with value: 0.011240115992759477.
[I 2025-09-29 12:50:37,128] Trial 10 finished with value: 0.011803560195539912 and parameters: {'lag_0': 0.02318850459231042, 'lag_1': 0.9722475682590589, 'lag_2': 0.6101339475383286, 'lag_3': 0.006703388988690384, 'lag_4': 0.004160515617012639, 'lag_5': 0.39333764921516023, 'lag_6': 0.0016950396419581626, 'lag_7': 0.6920867003178879, 'lag_8': 0.39179428146657896, 'lag_9': 0.28682181158094067, 'lag_10': 0.9950520056880799, 'lag_11': 0.012098231869292875, 'lag_12': 0.4363059411154801, 'lag_13': 0.7180192022194044, 'lag_14': 0.7130623637066578, 'lag_15': 0.3341107409566632, 'lag_16': 0.024476664227774836, 'lag_17': 0.005480108865794364, 'lag_18': 0.09709930307270137, 'lag_19': 0.5409759331014685, 'lag_20': 0.27833451563910594, 'lag_21': 0.9931836058592103, 'lag_22': 0.5716503066231197, 'lag_23': 0.00441749914660694, 'lag_24': 0.5617725222212632, 'lag_25': 0.34735718202240773, 'lag_26': 0.6214082739878248, 'lag_27': 0.12792990102569274, 'lag_28': 0.9952718090562301}. Best is trial 1 with value: 0.011240115992759477.
[I 2025-09-29 12:50:39,657] Trial 11 finished with value: 0.012126314718113363 and parameters: {'lag_0': 0.9927060629587483, 'lag_1': 0.39692135688496016, 'lag_2': 0.2826054416938767, 'lag_3': 0.31794210750839746, 'lag_4': 0.011054830153844536, 'lag_5': 0.9931285968533755, 'lag_6': 0.6285789044988224, 'lag_7': 0.4047648957932768, 'lag_8': 0.9077973394490335, 'lag_9': 0.9971771488697676, 'lag_10': 0.7615581626248548, 'lag_11': 0.6113543690665941, 'lag_12': 0.5936499125587712, 'lag_13': 0.2762813414618026, 'lag_14': 0.5182152429580293, 'lag_15': 0.41491456375953173, 'lag_16': 0.9823988176885142, 'lag_17': 0.6715573092221576, 'lag_18': 0.0991119867119491, 'lag_19': 0.37473842389546275, 'lag_20': 0.3575211941621283, 'lag_21': 0.7764793466239112, 'lag_22': 0.013376920117101954, 'lag_23': 0.7467039480499161, 'lag_24': 0.6896192929802324, 'lag_25': 0.7444674429217377, 'lag_26': 0.766582483858218, 'lag_27': 0.042124795102848, 'lag_28': 0.9139904709379065}. Best is trial 1 with value: 0.011240115992759477.
[I 2025-09-29 12:50:42,183] Trial 12 finished with value: 0.01155776347232032 and parameters: {'lag_0': 0.8899438858569871, 'lag_1': 0.5999363838031945, 'lag_2': 0.22490243166554125, 'lag_3': 0.865816306323693, 'lag_4': 0.6475049456352395, 'lag_5': 0.49567344065026914, 'lag_6': 0.8439418836536234, 'lag_7': 0.6279772972167316, 'lag_8': 0.32419610154477696, 'lag_9': 0.725809357595301, 'lag_10': 0.758456599437477, 'lag_11': 0.13598006113432068, 'lag_12': 0.04578937096250929, 'lag_13': 0.6254952110155058, 'lag_14': 0.699277497333706, 'lag_15': 0.5136199067865569, 'lag_16': 0.27905539039583704, 'lag_17': 0.19489151132565613, 'lag_18': 0.23239739869149312, 'lag_19': 0.43356670037641754, 'lag_20': 0.6979851175694158, 'lag_21': 0.33200524931156783, 'lag_22': 0.253581384535861, 'lag_23': 0.7592931019661141, 'lag_24': 0.6744016120649889, 'lag_25': 0.0009789827462914347, 'lag_26': 0.45636405449556994, 'lag_27': 0.2732635396250703, 'lag_28': 0.7870409865799057}. Best is trial 1 with value: 0.011240115992759477.
[I 2025-09-29 12:50:44,701] Trial 13 finished with value: 0.011808498471398698 and parameters: {'lag_0': 0.392814704454471, 'lag_1': 0.33894198930694475, 'lag_2': 0.5277040751243681, 'lag_3': 0.4179151430342014, 'lag_4': 0.9387316237938446, 'lag_5': 0.30342095512200074, 'lag_6': 0.5561780237756098, 'lag_7': 0.227774451053536, 'lag_8': 0.6042540693053053, 'lag_9': 0.9968423458446707, 'lag_10': 0.9598364866682186, 'lag_11': 0.6176046056688839, 'lag_12': 0.28769444593202437, 'lag_13': 0.026139685619422037, 'lag_14': 0.031034186596744763, 'lag_15': 0.16062664176206298, 'lag_16': 0.29129547650536963, 'lag_17': 0.25045616072531535, 'lag_18': 0.7116216128446042, 'lag_19': 0.6599093247081099, 'lag_20': 0.3856317757850714, 'lag_21': 0.8105592292562137, 'lag_22': 0.5465762399470528, 'lag_23': 0.2494330090153691, 'lag_24': 0.6540129536018605, 'lag_25': 0.37963622522729296, 'lag_26': 0.8287569934249133, 'lag_27': 0.33110523879851705, 'lag_28': 0.5818402389741621}. Best is trial 1 with value: 0.011240115992759477.
[I 2025-09-29 12:50:47,220] Trial 14 finished with value: 0.012355674889509966 and parameters: {'lag_0': 0.7959711885944776, 'lag_1': 1.5862575345748642e-05, 'lag_2': 0.20260692350593928, 'lag_3': 0.7881211707967105, 'lag_4': 0.17613680451158922, 'lag_5': 0.018043054488980997, 'lag_6': 0.7809738570120319, 'lag_7': 0.2561920401531542, 'lag_8': 0.49453497385692013, 'lag_9': 0.35470398382275536, 'lag_10': 0.4404253488002691, 'lag_11': 0.5371684398579515, 'lag_12': 0.4971987457960059, 'lag_13': 0.44081456417710924, 'lag_14': 0.6536392333842752, 'lag_15': 0.5524989972565333, 'lag_16': 0.616766810598512, 'lag_17': 0.7020090541961476, 'lag_18': 0.2635013584534629, 'lag_19': 0.0033863044508110063, 'lag_20': 0.15704206409521732, 'lag_21': 0.25575231877177934, 'lag_22': 0.28930752062708953, 'lag_23': 0.6077171541290696, 'lag_24': 0.7971644478324958, 'lag_25': 0.7194320635767515, 'lag_26': 0.49404457304787575, 'lag_27': 0.0033961960072678085, 'lag_28': 0.852212292379629}. Best is trial 1 with value: 0.011240115992759477.
[I 2025-09-29 12:50:49,748] Trial 15 finished with value: 0.011989023017067663 and parameters: {'lag_0': 0.46558933258145857, 'lag_1': 0.2527747960538038, 'lag_2': 0.48333993789607754, 'lag_3': 0.18564752619494623, 'lag_4': 0.32618151175699284, 'lag_5': 0.42989303529577305, 'lag_6': 0.4433252593956838, 'lag_7': 0.014443911158081357, 'lag_8': 0.9461060043592581, 'lag_9': 0.8229500428832833, 'lag_10': 0.045512900936633016, 'lag_11': 0.1965592615767672, 'lag_12': 0.22274460931649204, 'lag_13': 0.6241112982524928, 'lag_14': 0.37565981468809867, 'lag_15': 0.22025332914192386, 'lag_16': 0.8855426132584168, 'lag_17': 0.05030354431029871, 'lag_18': 9.983275406547087e-05, 'lag_19': 0.7685451016412761, 'lag_20': 0.9966250175958107, 'lag_21': 0.6822519911582473, 'lag_22': 0.1823627076881088, 'lag_23': 0.856841643902856, 'lag_24': 0.4898158330375134, 'lag_25': 0.9876395100334316, 'lag_26': 0.632075084769762, 'lag_27': 0.5432764066387414, 'lag_28': 0.7038525444915849}. Best is trial 1 with value: 0.011240115992759477.
[I 2025-09-29 12:50:52,269] Trial 16 finished with value: 0.011764226340557394 and parameters: {'lag_0': 0.5331313452882263, 'lag_1': 0.5949635156057069, 'lag_2': 0.6766376461445809, 'lag_3': 0.46712120118266, 'lag_4': 0.5279513182827054, 'lag_5': 0.5862108966420649, 'lag_6': 0.7261233024661403, 'lag_7': 0.4055888448246713, 'lag_8': 0.7757972820645189, 'lag_9': 0.0014546247464483075, 'lag_10': 0.8392985057774232, 'lag_11': 0.04496269064525965, 'lag_12': 0.6272090276428399, 'lag_13': 0.28437844718718963, 'lag_14': 0.41931260142222937, 'lag_15': 0.4506291920898144, 'lag_16': 0.3726532684287443, 'lag_17': 0.3021333200294289, 'lag_18': 0.717995949151062, 'lag_19': 0.3718805004824676, 'lag_20': 0.3885999675333194, 'lag_21': 0.15815621935150398, 'lag_22': 0.6782900845547043, 'lag_23': 0.08259858592014235, 'lag_24': 0.02911485645597267, 'lag_25': 0.6637850107740296, 'lag_26': 0.3461829099269001, 'lag_27': 0.46963627191293145, 'lag_28': 0.6563980558823839}. Best is trial 1 with value: 0.011240115992759477.
[I 2025-09-29 12:50:54,798] Trial 17 finished with value: 0.011997504071944758 and parameters: {'lag_0': 0.05205497879022691, 'lag_1': 0.12989091068424896, 'lag_2': 0.45225581293464917, 'lag_3': 0.7670307504974652, 'lag_4': 0.8067764623242805, 'lag_5': 0.9928491937620749, 'lag_6': 0.5098395749284054, 'lag_7': 0.6621163010136755, 'lag_8': 0.20348505808883183, 'lag_9': 0.6523533517146607, 'lag_10': 0.6853462507959609, 'lag_11': 0.7012554034649118, 'lag_12': 0.4229771502757292, 'lag_13': 0.7908457042431256, 'lag_14': 0.8347524331339056, 'lag_15': 0.3368649119791769, 'lag_16': 0.13663932831376546, 'lag_17': 0.6205800507155578, 'lag_18': 0.2687295469302217, 'lag_19': 0.15806957410850123, 'lag_20': 0.7993527389027912, 'lag_21': 0.8363185809305066, 'lag_22': 0.39687721540718746, 'lag_23': 0.46601034907540895, 'lag_24': 0.8000820883058817, 'lag_25': 0.4061365519166861, 'lag_26': 0.8583280515021434, 'lag_27': 0.18240086185493756, 'lag_28': 0.46013498576099365}. Best is trial 1 with value: 0.011240115992759477.
[I 2025-09-29 12:50:57,329] Trial 18 finished with value: 0.012634798404900921 and parameters: {'lag_0': 0.8166616320501724, 'lag_1': 0.3442746680057394, 'lag_2': 0.14479726655582412, 'lag_3': 0.3607111789599098, 'lag_4': 0.1108808155597672, 'lag_5': 0.2310126447330022, 'lag_6': 0.990033976205251, 'lag_7': 0.16278224799492153, 'lag_8': 0.9935088187885234, 'lag_9': 0.4854083411809851, 'lag_10': 0.6500654402651596, 'lag_11': 0.5390252479134849, 'lag_12': 0.144953932617008, 'lag_13': 0.6001705524335638, 'lag_14': 0.5918606622911333, 'lag_15': 0.5942242706127523, 'lag_16': 0.5932097481304642, 'lag_17': 0.1516468522944408, 'lag_18': 0.6660439008495428, 'lag_19': 0.4701003047907807, 'lag_20': 0.6121170200801639, 'lag_21': 0.4198142118030981, 'lag_22': 0.4633620532423057, 'lag_23': 0.8664619655006398, 'lag_24': 0.5895139632736596, 'lag_25': 0.14700745503361135, 'lag_26': 0.5589007118986129, 'lag_27': 0.3747803297146584, 'lag_28': 0.9658587356854451}. Best is trial 1 with value: 0.011240115992759477.
