[I 2025-09-29 11:58:28,468] Trial 66 finished with value: 0.00830656810680067 and parameters: {'lag_0': 0.13523786462596607, 'lag_1': 0.4340570458264848, 'lag_2': 0.6109482133434472, 'lag_3': 0.5139050512148902, 'lag_4': 0.46054747797759354, 'lag_5': 0.2268738333821451, 'lag_6': 0.4758915710376703, 'lag_7': 0.17338655887613724, 'lag_8': 0.2734667338466422, 'lag_9': 0.20551173927966132, 'lag_10': 0.14822188425420812, 'lag_11': 0.4185726213381953, 'lag_12': 0.5017577626515534, 'lag_13': 0.033171264003246284, 'lag_14': 0.8434372985585975, 'lag_15': 0.15453571276333128, 'lag_16': 0.6667427010269271, 'lag_17': 0.5583416967842674, 'lag_18': 0.37414345385360964, 'lag_19': 0.6618749524986092, 'lag_20': 0.8203947225972387, 'lag_21': 0.354697425501868, 'lag_22': 0.48591492419195037, 'lag_23': 0.672114479672173, 'lag_24': 0.9279327200592264, 'lag_25': 0.5149695564118145, 'lag_26': 0.10979013679486739, 'lag_27': 0.426233305759638, 'lag_28': 0.8637652133123593}. Best is trial 37 with value: 0.008261671593162358.
[I 2025-09-29 11:58:30,835] Trial 67 finished with value: 0.008509662345693165 and parameters: {'lag_0': 0.14392543211472125, 'lag_1': 0.4281104029700343, 'lag_2': 0.6769895260075721, 'lag_3': 0.4213203292344836, 'lag_4': 0.4603458169961225, 'lag_5': 0.22123190897615175, 'lag_6': 0.4806425111980809, 'lag_7': 0.6159389391961848, 'lag_8': 0.25937229875359513, 'lag_9': 0.20986272649523843, 'lag_10': 0.1465610204494559, 'lag_11': 0.4240693992774487, 'lag_12': 0.42480345859588586, 'lag_13': 0.2529074339568361, 'lag_14': 0.8433985823209948, 'lag_15': 0.14832972309262016, 'lag_16': 0.7157624174364147, 'lag_17': 0.5583469083626132, 'lag_18': 0.363707286986605, 'lag_19': 0.6632094615622252, 'lag_20': 0.13009712787664018, 'lag_21': 0.3536608335643362, 'lag_22': 0.35011342313693883, 'lag_23': 0.6986177640106707, 'lag_24': 0.923783244799931, 'lag_25': 0.5347546532467137, 'lag_26': 0.4774093996879689, 'lag_27': 0.43534877353463475, 'lag_28': 0.866340809632047}. Best is trial 37 with value: 0.008261671593162358.
[I 2025-09-29 11:58:33,198] Trial 68 finished with value: 0.008425095867104795 and parameters: {'lag_0': 0.07082231993716537, 'lag_1': 0.48302337418257746, 'lag_2': 0.5962422704677428, 'lag_3': 0.35353723326968606, 'lag_4': 0.4024865642457278, 'lag_5': 0.12430206540059563, 'lag_6': 0.4224693492399689, 'lag_7': 0.17952207835054487, 'lag_8': 0.2905573453998352, 'lag_9': 0.07821329166197956, 'lag_10': 0.2138063214115024, 'lag_11': 0.32713598508357644, 'lag_12': 0.5819009902017026, 'lag_13': 0.17367682694296482, 'lag_14': 0.933924552763673, 'lag_15': 0.07216173705705972, 'lag_16': 0.6723442916463972, 'lag_17': 0.42421632829559, 'lag_18': 0.3109074426202282, 'lag_19': 0.5818970674758864, 'lag_20': 0.8123940668046625, 'lag_21': 0.5441656132135982, 'lag_22': 0.4165135620337763, 'lag_23': 0.7388730604474195, 'lag_24': 0.9760361705544064, 'lag_25': 0.48108046292377254, 'lag_26': 0.389098281356539, 'lag_27': 0.5712851953020639, 'lag_28': 0.6935809732121275}. Best is trial 37 with value: 0.008261671593162358.
[I 2025-09-29 11:58:35,553] Trial 69 finished with value: 0.008593358817274507 and parameters: {'lag_0': 0.19708664710995122, 'lag_1': 0.35473109146056386, 'lag_2': 0.4679601156811665, 'lag_3': 0.5050307925439665, 'lag_4': 0.26747819297919084, 'lag_5': 0.0793848073781479, 'lag_6': 0.3397593469531302, 'lag_7': 0.6487171628363476, 'lag_8': 0.1808304982892369, 'lag_9': 0.2972063710364323, 'lag_10': 0.39546162631318377, 'lag_11': 0.41300931471156804, 'lag_12': 0.4864791511662689, 'lag_13': 0.31154146351919376, 'lag_14': 0.7749064261960649, 'lag_15': 0.027510771300178732, 'lag_16': 0.6322652226360589, 'lag_17': 0.5389915814975021, 'lag_18': 0.4380921344677153, 'lag_19': 0.5065424372493224, 'lag_20': 0.5945345875499467, 'lag_21': 0.6688758049194368, 'lag_22': 0.5013865617301277, 'lag_23': 0.8285927589907419, 'lag_24': 0.3447007055123704, 'lag_25': 0.41352553710335227, 'lag_26': 0.08823245485262052, 'lag_27': 0.5229367198100905, 'lag_28': 0.96780304333783}. Best is trial 37 with value: 0.008261671593162358.
[I 2025-09-29 11:58:37,916] Trial 70 finished with value: 0.008533945814032072 and parameters: {'lag_0': 0.11594912819429219, 'lag_1': 0.3760563722808159, 'lag_2': 0.5340636812474278, 'lag_3': 0.31283145608905305, 'lag_4': 0.4273581094271703, 'lag_5': 0.1621745808427344, 'lag_6': 0.2706341954131892, 'lag_7': 0.5492191870119829, 'lag_8': 0.710633187658676, 'lag_9': 0.1080812591752465, 'lag_10': 0.0192066375929403, 'lag_11': 0.5390267284991977, 'lag_12': 0.915836043125485, 'lag_13': 0.03710345103699852, 'lag_14': 0.9053115955499619, 'lag_15': 0.10392865410145805, 'lag_16': 0.8046178687247668, 'lag_17': 0.37868404228338953, 'lag_18': 0.4889388356061655, 'lag_19': 0.39669084484317557, 'lag_20': 0.5154987968200371, 'lag_21': 0.26491866734110225, 'lag_22': 0.5931387940447783, 'lag_23': 0.8830118981752484, 'lag_24': 0.9942288444140017, 'lag_25': 0.6145489591700429, 'lag_26': 0.2173328958564982, 'lag_27': 0.48972289609784786, 'lag_28': 0.7698502062534334}. Best is trial 37 with value: 0.008261671593162358.
[I 2025-09-29 11:58:40,277] Trial 71 finished with value: 0.00836077084255699 and parameters: {'lag_0': 0.24607762628669444, 'lag_1': 0.531785448214058, 'lag_2': 0.7753468308024704, 'lag_3': 0.5663308127080113, 'lag_4': 0.625490977569969, 'lag_5': 0.2616816529588455, 'lag_6': 0.04646810788564414, 'lag_7': 0.2651890669846284, 'lag_8': 0.39732818651676144, 'lag_9': 0.04348054903619977, 'lag_10': 0.17025988248087326, 'lag_11': 0.5076967793520191, 'lag_12': 0.694067988236433, 'lag_13': 0.08308031869861357, 'lag_14': 0.9717629585943167, 'lag_15': 0.23862280554689275, 'lag_16': 0.7511075736254313, 'lag_17': 0.5899698348644988, 'lag_18': 0.5358408480466046, 'lag_19': 0.7185001323268652, 'lag_20': 0.7621873917869522, 'lag_21': 0.1782054025447869, 'lag_22': 0.7184922923542423, 'lag_23': 0.6608408021639913, 'lag_24': 0.8354778642428049, 'lag_25': 0.7265559719209229, 'lag_26': 0.12104575911306217, 'lag_27': 0.3720352946298187, 'lag_28': 0.6489555575863499}. Best is trial 37 with value: 0.008261671593162358.
[I 2025-09-29 11:58:42,638] Trial 72 finished with value: 0.008581613867279354 and parameters: {'lag_0': 0.2584581737519594, 'lag_1': 0.5427988585660817, 'lag_2': 0.7659883258225049, 'lag_3': 0.5836810339562468, 'lag_4': 0.6026655830186187, 'lag_5': 0.3328551685409178, 'lag_6': 0.15525295577260134, 'lag_7': 0.1333237040227246, 'lag_8': 0.34850463623689604, 'lag_9': 0.052765420716398295, 'lag_10': 0.16699252748163212, 'lag_11': 0.5174935577863449, 'lag_12': 0.7323434345927236, 'lag_13': 0.11234342189416324, 'lag_14': 0.9396990017832765, 'lag_15': 0.2308416128277053, 'lag_16': 0.7382094759009352, 'lag_17': 0.5921086015344774, 'lag_18': 0.536296368273894, 'lag_19': 0.7311656063868851, 'lag_20': 0.7591508270790002, 'lag_21': 0.17833145537271794, 'lag_22': 0.7263119333014905, 'lag_23': 0.9286178818931385, 'lag_24': 0.8636735306537415, 'lag_25': 0.7456232492946688, 'lag_26': 0.12240736414510114, 'lag_27': 0.3723718006915441, 'lag_28': 0.6473225024585681}. Best is trial 37 with value: 0.008261671593162358.
[I 2025-09-29 11:58:44,992] Trial 73 finished with value: 0.008418748225928627 and parameters: {'lag_0': 0.028062486397207542, 'lag_1': 0.5056778170369713, 'lag_2': 0.6195342643056105, 'lag_3': 0.5203227247550988, 'lag_4': 0.6191284386220248, 'lag_5': 0.26009675734689736, 'lag_6': 0.31690570197581064, 'lag_7': 0.09017588668778312, 'lag_8': 0.39949882374896317, 'lag_9': 0.1517935529297927, 'lag_10': 0.11183685295602869, 'lag_11': 0.48299024323690587, 'lag_12': 0.8407787291316098, 'lag_13': 0.08881128540116406, 'lag_14': 0.9918678512600632, 'lag_15': 0.29425459466623616, 'lag_16': 0.6999144106677617, 'lag_17': 0.47750324718293946, 'lag_18': 0.5876524653535261, 'lag_19': 0.6798439896608786, 'lag_20': 0.7300156196744607, 'lag_21': 0.38641103174414015, 'lag_22': 0.6183708371695227, 'lag_23': 0.5872348273552384, 'lag_24': 0.9224211691762605, 'lag_25': 0.7005522761081858, 'lag_26': 0.18480474608904737, 'lag_27': 0.4105776412377046, 'lag_28': 0.8317620672716823}. Best is trial 37 with value: 0.008261671593162358.
[I 2025-09-29 11:58:47,353] Trial 74 finished with value: 0.008351936027811372 and parameters: {'lag_0': 0.17076881726072035, 'lag_1': 0.4507519973926656, 'lag_2': 0.6682859699124156, 'lag_3': 0.5474365383418719, 'lag_4': 0.5324618388384099, 'lag_5': 0.11629854114246102, 'lag_6': 0.04437314652486913, 'lag_7': 0.18644835436727464, 'lag_8': 0.4721756170793018, 'lag_9': 0.030067195078911205, 'lag_10': 0.31829467260993105, 'lag_11': 0.9583091814252236, 'lag_12': 0.6940592620166145, 'lag_13': 0.13838667302462526, 'lag_14': 0.959661165584232, 'lag_15': 0.2633289675578539, 'lag_16': 0.8860411195636536, 'lag_17': 0.6371884515246247, 'lag_18': 0.37179963351531553, 'lag_19': 0.6182874876380431, 'lag_20': 0.8170262930236435, 'lag_21': 0.4828079466682903, 'lag_22': 0.8081248937056441, 'lag_23': 0.4426990379184139, 'lag_24': 0.7977245676837146, 'lag_25': 0.5266872079199753, 'lag_26': 0.03536352315107452, 'lag_27': 0.44586649788473054, 'lag_28': 0.740759913844539}. Best is trial 37 with value: 0.008261671593162358.
[I 2025-09-29 11:58:49,711] Trial 75 finished with value: 0.00862085220162589 and parameters: {'lag_0': 0.20854443621313795, 'lag_1': 0.4507233400009581, 'lag_2': 0.6713395618854825, 'lag_3': 0.6245735943395911, 'lag_4': 0.5419745406023374, 'lag_5': 0.4069961587174495, 'lag_6': 0.6723881309221709, 'lag_7': 0.15985447429945016, 'lag_8': 0.4771401238247786, 'lag_9': 0.028408841622801037, 'lag_10': 0.3181653753547693, 'lag_11': 0.600375304503128, 'lag_12': 0.6972704871264978, 'lag_13': 0.03084578644358285, 'lag_14': 0.9654584600416138, 'lag_15': 0.2610812351952562, 'lag_16': 0.8895983667071571, 'lag_17': 0.6484609541207786, 'lag_18': 0.24343481576039597, 'lag_19': 0.6250894705637897, 'lag_20': 0.8393305786364479, 'lag_21': 0.4819616725188391, 'lag_22': 0.8016994497616329, 'lag_23': 0.44203773650529476, 'lag_24': 0.7925897964269627, 'lag_25': 0.3793021863731466, 'lag_26': 0.0398312624552154, 'lag_27': 0.4586069047674116, 'lag_28': 0.57974857995391}. Best is trial 37 with value: 0.008261671593162358.
[I 2025-09-29 11:58:52,071] Trial 76 finished with value: 0.00838126941338799 and parameters: {'lag_0': 0.29147985283306016, 'lag_1': 0.32718411349524673, 'lag_2': 0.7083051115656255, 'lag_3': 0.6658445432581434, 'lag_4': 0.5170404885535932, 'lag_5': 0.22459730871710779, 'lag_6': 0.03854506606405138, 'lag_7': 0.07212192713434447, 'lag_8': 0.5707719978502654, 'lag_9': 0.0279730679169132, 'lag_10': 0.267465682839843, 'lag_11': 0.9620810497784646, 'lag_12': 0.6167618654062347, 'lag_13': 0.13886719583946122, 'lag_14': 0.911175231015882, 'lag_15': 0.3461070446152214, 'lag_16': 0.9492635206264105, 'lag_17': 0.7397410333738532, 'lag_18': 0.5336482930430148, 'lag_19': 0.6961509002329946, 'lag_20': 0.9219165472619358, 'lag_21': 0.2799713249070218, 'lag_22': 0.06860033977368413, 'lag_23': 0.383482467593507, 'lag_24': 0.7461862951441451, 'lag_25': 0.52583230555344, 'lag_26': 0.07969396550057596, 'lag_27': 0.34161531364433595, 'lag_28': 0.7892525983765776}. Best is trial 37 with value: 0.008261671593162358.
[I 2025-09-29 11:58:54,428] Trial 77 finished with value: 0.008418725964545007 and parameters: {'lag_0': 0.12229205961270892, 'lag_1': 0.481400492639009, 'lag_2': 0.7804349174921144, 'lag_3': 0.5680243385502699, 'lag_4': 0.4592177837762198, 'lag_5': 0.3073641249806456, 'lag_6': 0.5083434501845474, 'lag_7': 0.23343831327756384, 'lag_8': 0.5396307009990504, 'lag_9': 0.03519545586128804, 'lag_10': 0.47992887588078925, 'lag_11': 0.9359251392871313, 'lag_12': 0.2811559780010625, 'lag_13': 0.19255561726846357, 'lag_14': 0.8615261953076614, 'lag_15': 0.5324657833618766, 'lag_16': 0.7672234660440259, 'lag_17': 0.6913513579996391, 'lag_18': 0.34560245544870344, 'lag_19': 0.6571003639048121, 'lag_20': 0.6679013681302584, 'lag_21': 0.41550678615340586, 'lag_22': 0.16183575830514774, 'lag_23': 0.32594535483414017, 'lag_24': 0.6938105290552259, 'lag_25': 0.4778041114887176, 'lag_26': 0.0012065108187636342, 'lag_27': 0.2911241639626064, 'lag_28': 0.9203088687710925}. Best is trial 37 with value: 0.008261671593162358.
[I 2025-09-29 11:58:56,795] Trial 78 finished with value: 0.0085729295280353 and parameters: {'lag_0': 0.23614374837659113, 'lag_1': 0.593138748004458, 'lag_2': 0.8210320603102136, 'lag_3': 0.5448635296284843, 'lag_4': 0.5009404594461314, 'lag_5': 0.832032765428861, 'lag_6': 0.0817456147649392, 'lag_7': 0.20832599447368866, 'lag_8': 0.6346547871056253, 'lag_9': 0.11848953246840126, 'lag_10': 0.2917472314526191, 'lag_11': 0.9981404048290689, 'lag_12': 0.5651184754853597, 'lag_13': 0.06157636513719127, 'lag_14': 0.9720810859724726, 'lag_15': 0.40155329153272046, 'lag_16': 0.8359021122713429, 'lag_17': 0.42833339079099686, 'lag_18': 0.46462124986052766, 'lag_19': 0.2116171056763806, 'lag_20': 0.781520219475133, 'lag_21': 0.5976574799363059, 'lag_22': 0.8435845241651031, 'lag_23': 0.5565735390083227, 'lag_24': 0.6569795472557185, 'lag_25': 0.5087223116836606, 'lag_26': 0.15049574818017025, 'lag_27': 0.3789986172933263, 'lag_28': 0.8691098216995363}. Best is trial 37 with value: 0.008261671593162358.
[I 2025-09-29 11:58:59,158] Trial 79 finished with value: 0.008452562082807766 and parameters: {'lag_0': 0.14991185157167003, 'lag_1': 0.6277864752053556, 'lag_2': 0.9036230655519826, 'lag_3': 0.49795913898375566, 'lag_4': 0.6391083995893192, 'lag_5': 0.2844172535541574, 'lag_6': 0.2015243994662549, 'lag_7': 0.24995062823663233, 'lag_8': 0.5131162487091709, 'lag_9': 0.07236863513100054, 'lag_10': 0.19668092900024808, 'lag_11': 0.4561051372298479, 'lag_12': 0.6621202620220189, 'lag_13': 0.0009372006827733231, 'lag_14': 0.8071270130608054, 'lag_15': 0.13005630785721078, 'lag_16': 0.8118024669563608, 'lag_17': 0.30906476881778955, 'lag_18': 0.2043473448148948, 'lag_19': 0.7894984706166902, 'lag_20': 0.8946415323123682, 'lag_21': 0.9350899758067496, 'lag_22': 0.45263778968256796, 'lag_23': 0.49817000711291637, 'lag_24': 0.8372329968769244, 'lag_25': 0.5669856605200286, 'lag_26': 0.10413328481285807, 'lag_27': 0.4504498339976495, 'lag_28': 0.6591969300098405}. Best is trial 37 with value: 0.008261671593162358.
[I 2025-09-29 11:59:01,532] Trial 80 finished with value: 0.008637011077879123 and parameters: {'lag_0': 0.1737856433967882, 'lag_1': 0.4359976004003948, 'lag_2': 0.7330360203704108, 'lag_3': 0.20930825240987114, 'lag_4': 0.6938392020774105, 'lag_5': 0.06893407978902952, 'lag_6': 0.42964488878739227, 'lag_7': 0.16169962093424242, 'lag_8': 0.20395381594093076, 'lag_9': 0.001601944961388867, 'lag_10': 0.24126046087926106, 'lag_11': 0.6414507809242092, 'lag_12': 0.37482965273464236, 'lag_13': 0.1515388110467256, 'lag_14': 0.8458795767014969, 'lag_15': 0.2514620906570531, 'lag_16': 0.869132061624244, 'lag_17': 0.020121234569156154, 'lag_18': 0.30175766491207345, 'lag_19': 0.07355356286251413, 'lag_20': 0.7200655948212089, 'lag_21': 0.8160766711352472, 'lag_22': 0.702514937685371, 'lag_23': 0.4683591497534314, 'lag_24': 0.7497821613129937, 'lag_25': 0.6247492247060146, 'lag_26': 0.04872182296236344, 'lag_27': 0.2602496465773315, 'lag_28': 0.7015025518473844}. Best is trial 37 with value: 0.008261671593162358.
[I 2025-09-29 11:59:03,904] Trial 81 finished with value: 0.008462249141874888 and parameters: {'lag_0': 0.17825025496095204, 'lag_1': 0.5250048582785668, 'lag_2': 0.40817583722952555, 'lag_3': 0.4577565648118712, 'lag_4': 0.3236391003343968, 'lag_5': 0.02613071953611613, 'lag_6': 0.05390443978651741, 'lag_7': 0.0992577473922035, 'lag_8': 0.3765562270076351, 'lag_9': 0.07865723713900712, 'lag_10': 0.15791060626103662, 'lag_11': 0.902345700058485, 'lag_12': 0.5148072333557362, 'lag_13': 0.0753038016367166, 'lag_14': 0.8895321790141317, 'lag_15': 0.1676158191004885, 'lag_16': 0.7316996378210344, 'lag_17': 0.6382546400744268, 'lag_18': 0.39909337801241124, 'lag_19': 0.6103245554151109, 'lag_20': 0.8040892675774998, 'lag_21': 0.45273754805828886, 'lag_22': 0.925450747312127, 'lag_23': 0.4139687561257116, 'lag_24': 0.8895728965811182, 'lag_25': 0.767948229539411, 'lag_26': 0.5778514882895445, 'lag_27': 0.41747123711668294, 'lag_28': 0.7366909598835786}. Best is trial 37 with value: 0.008261671593162358.
[I 2025-09-29 11:59:06,426] Trial 82 finished with value: 0.008411560764373138 and parameters: {'lag_0': 0.841848662747273, 'lag_1': 0.389918799284251, 'lag_2': 0.6552242058702262, 'lag_3': 0.5940864676293864, 'lag_4': 0.38902338147462195, 'lag_5': 0.11565792545939098, 'lag_6': 0.09562220762876744, 'lag_7': 0.3789966087308065, 'lag_8': 0.2696779145545929, 'lag_9': 0.19598842126843496, 'lag_10': 0.12123017644319961, 'lag_11': 0.8681132841407984, 'lag_12': 0.7843043084475588, 'lag_13': 0.043827649873584035, 'lag_14': 0.7077216811594523, 'lag_15': 0.21316882632624246, 'lag_16': 0.666476515800304, 'lag_17': 0.4934484941754398, 'lag_18': 0.37103945459187426, 'lag_19': 0.7552275565192563, 'lag_20': 0.8195075219380092, 'lag_21': 0.7606433896748594, 'lag_22': 0.7756920634379716, 'lag_23': 0.6516113622261946, 'lag_24': 0.8122224601991858, 'lag_25': 0.6697777713476857, 'lag_26': 0.16097789014058161, 'lag_27': 0.4791254786664698, 'lag_28': 0.7456897468614933}. Best is trial 37 with value: 0.008261671593162358.
[I 2025-09-29 11:59:08,812] Trial 83 finished with value: 0.008453462533129324 and parameters: {'lag_0': 0.10453199644168677, 'lag_1': 0.4787875627856564, 'lag_2': 0.37695535062791785, 'lag_3': 0.5515878027612734, 'lag_4': 0.5557194198979146, 'lag_5': 0.15599999376682044, 'lag_6': 0.019992564840287552, 'lag_7': 0.318793370763724, 'lag_8': 0.4148607734626439, 'lag_9': 0.12749431293054203, 'lag_10': 0.06842822131755813, 'lag_11': 0.9646654720435506, 'lag_12': 0.8235287845643742, 'lag_13': 0.1185439805161016, 'lag_14': 0.7513575618528995, 'lag_15': 0.32001113646948504, 'lag_16': 0.7615932096627916, 'lag_17': 0.5306868432680264, 'lag_18': 0.3496843508487948, 'lag_19': 0.5684819894837561, 'lag_20': 0.7569651618339546, 'lag_21': 0.137819957506115, 'lag_22': 0.6600905623414719, 'lag_23': 0.7830862878094983, 'lag_24': 0.7171259268382879, 'lag_25': 0.45439646236996944, 'lag_26': 0.029383257775371124, 'lag_27': 0.5106943438061099, 'lag_28': 0.8402312533291845}. Best is trial 37 with value: 0.008261671593162358.
[I 2025-09-29 11:59:11,183] Trial 84 finished with value: 0.008543462414539812 and parameters: {'lag_0': 0.2485569945791316, 'lag_1': 0.557645317145719, 'lag_2': 0.8693726320981022, 'lag_3': 0.42102157158872155, 'lag_4': 0.482538957851759, 'lag_5': 0.2047197358452701, 'lag_6': 0.3749784432041313, 'lag_7': 0.0233231644049392, 'lag_8': 0.32689908730609024, 'lag_9': 0.05542696216421865, 'lag_10': 0.22179851894792527, 'lag_11': 0.8014095177751377, 'lag_12': 0.7399139319784457, 'lag_13': 0.0951816269708942, 'lag_14': 0.9314141741966698, 'lag_15': 0.17318964478195917, 'lag_16': 0.6472155874886496, 'lag_17': 0.5616254940835786, 'lag_18': 0.41988646369256133, 'lag_19': 0.5203477046732863, 'lag_20': 0.8516432718494601, 'lag_21': 0.5335756499187753, 'lag_22': 0.8009101477511353, 'lag_23': 0.9683305525505872, 'lag_24': 0.9465927197649378, 'lag_25': 0.7193294755662267, 'lag_26': 0.11697316894791927, 'lag_27': 0.39767238322507203, 'lag_28': 0.8136623797306685}. Best is trial 37 with value: 0.008261671593162358.
[I 2025-09-29 11:59:13,552] Trial 85 finished with value: 0.008617169792328603 and parameters: {'lag_0': 0.19581826328519183, 'lag_1': 0.6779482122586148, 'lag_2': 0.5450475035343996, 'lag_3': 0.6958222278789341, 'lag_4': 0.3581433647996696, 'lag_5': 0.17328165738882728, 'lag_6': 0.1317001938480111, 'lag_7': 0.4893967449334303, 'lag_8': 0.43563014454637783, 'lag_9': 0.10167206960452412, 'lag_10': 0.1893138654748865, 'lag_11': 0.9245341447788095, 'lag_12': 0.8612900656902582, 'lag_13': 0.022753756245004572, 'lag_14': 0.6703483631376417, 'lag_15': 0.2897157987790318, 'lag_16': 0.5999451945531119, 'lag_17': 0.5996954471940303, 'lag_18': 0.16332002181597796, 'lag_19': 0.7248753983094872, 'lag_20': 0.8771542836068317, 'lag_21': 0.7085438279760161, 'lag_22': 0.5327733546746127, 'lag_23': 0.8510190463019638, 'lag_24': 0.8630251973773662, 'lag_25': 0.6453162514609723, 'lag_26': 0.07476719041531121, 'lag_27': 0.32068129722524774, 'lag_28': 0.7831688003170307}. Best is trial 37 with value: 0.008261671593162358.
[I 2025-09-29 11:59:15,922] Trial 86 finished with value: 0.008394328158772987 and parameters: {'lag_0': 0.27645765285928803, 'lag_1': 0.2874259780509696, 'lag_2': 0.5988241332354577, 'lag_3': 0.4859135439301005, 'lag_4': 0.5809212880666377, 'lag_5': 0.045940263726944965, 'lag_6': 0.06155615508095347, 'lag_7': 0.4239293392793599, 'lag_8': 0.4790009509782644, 'lag_9': 0.997253921536678, 'lag_10': 0.08236583183632779, 'lag_11': 0.8954316132319293, 'lag_12': 0.711831209013135, 'lag_13': 0.1246664855587881, 'lag_14': 0.7888587781913615, 'lag_15': 0.24109903053472842, 'lag_16': 0.7884550419868359, 'lag_17': 0.7772412324051315, 'lag_18': 0.5043575068082905, 'lag_19': 0.48737597557408985, 'lag_20': 0.7791420897318488, 'lag_21': 0.8807401129147063, 'lag_22': 0.7281034247032775, 'lag_23': 0.607709927027733, 'lag_24': 0.2283273825952133, 'lag_25': 0.5489703208373673, 'lag_26': 0.31443862163820274, 'lag_27': 0.4323080742855755, 'lag_28': 0.6185155236597253}. Best is trial 37 with value: 0.008261671593162358.
