[I 2025-09-29 13:09:04,403] Trial 62 finished with value: 0.0066830799804782045 and parameters: {'lag_0': 0.8879244598277969, 'lag_1': 0.44183430445943733, 'lag_2': 0.8160881498171708, 'lag_3': 0.29711030499764146, 'lag_4': 0.5482725560861326, 'lag_5': 0.7775455362411803, 'lag_6': 0.8823727854824399, 'lag_7': 0.7911812727432582, 'lag_8': 0.7075415342093408, 'lag_9': 0.8435337961321492, 'lag_10': 0.6640567819435281, 'lag_11': 0.029692552134807884, 'lag_12': 0.03245649735617697, 'lag_13': 0.3402977523837139, 'lag_14': 0.1300433098453795, 'lag_15': 0.5326571352082601, 'lag_16': 0.7268394479994583, 'lag_17': 0.7812055508683426, 'lag_18': 0.2432584216176819, 'lag_19': 0.8536608128147738, 'lag_20': 0.8106048407325637, 'lag_21': 0.8919276140043467, 'lag_22': 0.9617946242356742, 'lag_23': 0.42914482408231225, 'lag_24': 0.17316087368323388, 'lag_25': 0.7621874447851338, 'lag_26': 0.9915586627705826, 'lag_27': 0.158959083037362, 'lag_28': 0.15542979164913007}. Best is trial 59 with value: 0.005203501960903691.
[I 2025-09-29 13:09:06,905] Trial 63 finished with value: 0.00789775399378749 and parameters: {'lag_0': 0.0049116102130709605, 'lag_1': 0.03581798328065161, 'lag_2': 0.9661493633284021, 'lag_3': 0.272463747883837, 'lag_4': 0.4213250598946941, 'lag_5': 0.7454259751920733, 'lag_6': 0.9709401240256448, 'lag_7': 0.9194714938879628, 'lag_8': 0.8273835194223544, 'lag_9': 0.9251795328072863, 'lag_10': 0.6849459306804614, 'lag_11': 0.13268936434254583, 'lag_12': 0.6596782064446438, 'lag_13': 0.3834480048513018, 'lag_14': 0.1087202075126561, 'lag_15': 0.5031447182848822, 'lag_16': 0.6501440769340932, 'lag_17': 0.8402975725646284, 'lag_18': 0.1715693231403505, 'lag_19': 0.8871586891878245, 'lag_20': 0.5296562854220938, 'lag_21': 0.7347332476255962, 'lag_22': 0.7497011395611404, 'lag_23': 0.38180209418415784, 'lag_24': 0.4115261164484587, 'lag_25': 0.002879200857298536, 'lag_26': 0.3704359178616741, 'lag_27': 0.28642034063347777, 'lag_28': 0.10484677280008853}. Best is trial 59 with value: 0.005203501960903691.
[I 2025-09-29 13:09:09,404] Trial 64 finished with value: 0.00798636100758164 and parameters: {'lag_0': 0.13805057670841248, 'lag_1': 0.11587745767634025, 'lag_2': 0.854838339814371, 'lag_3': 0.3497487991472371, 'lag_4': 0.45801116930929914, 'lag_5': 0.6747342648321801, 'lag_6': 0.8533122945008229, 'lag_7': 0.9613083892414838, 'lag_8': 0.6750600191251473, 'lag_9': 0.9971092848316331, 'lag_10': 0.8278639494912055, 'lag_11': 0.4268934118244805, 'lag_12': 0.06952665313844172, 'lag_13': 0.3133826275659479, 'lag_14': 0.26778069968422047, 'lag_15': 0.3521632847180571, 'lag_16': 0.8921691176944918, 'lag_17': 0.9599130335819196, 'lag_18': 0.43506352368641116, 'lag_19': 0.648627213193133, 'lag_20': 0.7791355423557222, 'lag_21': 0.8018332014060924, 'lag_22': 0.842475590867143, 'lag_23': 0.2768637531498749, 'lag_24': 0.25960101569054006, 'lag_25': 0.48658581816748697, 'lag_26': 0.17040289949789322, 'lag_27': 0.2215785600432289, 'lag_28': 0.3278683094272001}. Best is trial 59 with value: 0.005203501960903691.
[I 2025-09-29 13:09:11,902] Trial 65 finished with value: 0.006638162576717822 and parameters: {'lag_0': 0.7572743949821383, 'lag_1': 0.546072099710739, 'lag_2': 0.9265135693121085, 'lag_3': 0.20932449612493953, 'lag_4': 0.5817837774507827, 'lag_5': 0.5707126880414782, 'lag_6': 0.8975682736045228, 'lag_7': 0.8900742479908514, 'lag_8': 0.9110550508513062, 'lag_9': 0.7822167367237951, 'lag_10': 0.8789859572994092, 'lag_11': 0.3351903209195364, 'lag_12': 0.10843959261608434, 'lag_13': 0.4446017502604157, 'lag_14': 0.15742252958865072, 'lag_15': 0.5697930680772991, 'lag_16': 0.8243689078558694, 'lag_17': 0.700335469694006, 'lag_18': 0.30049978449002224, 'lag_19': 0.7191441594476388, 'lag_20': 0.6309061859419757, 'lag_21': 0.6736545228081845, 'lag_22': 0.002905191370669288, 'lag_23': 0.31618389073499237, 'lag_24': 0.30738212464478953, 'lag_25': 0.9178550413090284, 'lag_26': 0.5251013613646788, 'lag_27': 0.42769792554339914, 'lag_28': 0.19689041078201633}. Best is trial 59 with value: 0.005203501960903691.
[I 2025-09-29 13:09:14,399] Trial 66 finished with value: 0.007475567759356194 and parameters: {'lag_0': 0.9443531954590919, 'lag_1': 0.3479839559955642, 'lag_2': 0.42154952174594207, 'lag_3': 0.0948127418627086, 'lag_4': 0.6438970155846102, 'lag_5': 0.6085096213266095, 'lag_6': 0.8154334446672359, 'lag_7': 0.8375706469418962, 'lag_8': 0.9572180328472938, 'lag_9': 0.9038368881561697, 'lag_10': 0.7517705126558611, 'lag_11': 0.49552377841007134, 'lag_12': 0.038801749007939444, 'lag_13': 0.5038715410516177, 'lag_14': 0.024575583886899517, 'lag_15': 0.28472716175967583, 'lag_16': 0.4160671879834259, 'lag_17': 0.7417317663027105, 'lag_18': 0.5104812652645279, 'lag_19': 0.8127169891563655, 'lag_20': 0.7194203670297235, 'lag_21': 0.6979316216619974, 'lag_22': 0.7141457078591349, 'lag_23': 0.49210043249013996, 'lag_24': 0.37877807754260784, 'lag_25': 0.537744234293231, 'lag_26': 0.11963436029350788, 'lag_27': 0.3585943140073152, 'lag_28': 0.1666551252200471}. Best is trial 59 with value: 0.005203501960903691.
[I 2025-09-29 13:09:16,897] Trial 67 finished with value: 0.006609163977576578 and parameters: {'lag_0': 0.8440762984345144, 'lag_1': 0.27992099750429067, 'lag_2': 0.7464626167020667, 'lag_3': 0.17706778441050547, 'lag_4': 0.5087467823409367, 'lag_5': 0.7999724916858675, 'lag_6': 0.24514715912413326, 'lag_7': 0.45934466779528266, 'lag_8': 0.6194415829824146, 'lag_9': 0.010363122674745096, 'lag_10': 0.6310587145622418, 'lag_11': 0.07534729082441363, 'lag_12': 0.19140444863234846, 'lag_13': 0.42598856550493025, 'lag_14': 0.3786000988635571, 'lag_15': 0.15916768315344304, 'lag_16': 0.4942714715649138, 'lag_17': 0.9156267436820384, 'lag_18': 0.13723835770255818, 'lag_19': 0.5365597219469561, 'lag_20': 0.4439187232659862, 'lag_21': 0.7686836840346649, 'lag_22': 0.900082906810145, 'lag_23': 0.6378571151344661, 'lag_24': 0.481851780912384, 'lag_25': 0.6735352491196172, 'lag_26': 0.3129397872766772, 'lag_27': 0.18071028681485318, 'lag_28': 0.2637538594591257}. Best is trial 59 with value: 0.005203501960903691.
[I 2025-09-29 13:09:19,397] Trial 68 finished with value: 0.007764897342396801 and parameters: {'lag_0': 0.6314474784662976, 'lag_1': 0.07761749509267225, 'lag_2': 0.7096546154665743, 'lag_3': 0.42089279836642574, 'lag_4': 0.3767092562692572, 'lag_5': 0.8907410142142805, 'lag_6': 0.7132248360162005, 'lag_7': 0.9791739493678634, 'lag_8': 0.8122867964325551, 'lag_9': 0.8760087371078626, 'lag_10': 0.57474027718558, 'lag_11': 0.14201914073314856, 'lag_12': 0.0007565943396251329, 'lag_13': 0.5384207511789969, 'lag_14': 0.21576004555844064, 'lag_15': 0.21425173659764774, 'lag_16': 0.7588740120200953, 'lag_17': 0.8101855287002943, 'lag_18': 0.10145408397134223, 'lag_19': 0.5838694184990504, 'lag_20': 0.8437206123339857, 'lag_21': 0.579629588433312, 'lag_22': 0.17473779586001892, 'lag_23': 0.3928721944324598, 'lag_24': 0.14981335359739328, 'lag_25': 0.7192372100451753, 'lag_26': 0.9022610357576111, 'lag_27': 0.05274926534145562, 'lag_28': 0.07560499412911818}. Best is trial 59 with value: 0.005203501960903691.
[I 2025-09-29 13:09:21,904] Trial 69 finished with value: 0.007107042822897755 and parameters: {'lag_0': 0.5779492258190457, 'lag_1': 0.14651163665333045, 'lag_2': 0.8056029706012798, 'lag_3': 0.3070046018490307, 'lag_4': 0.25815707857948766, 'lag_5': 0.9436599906886955, 'lag_6': 0.781252942428147, 'lag_7': 0.931745260094344, 'lag_8': 0.7830269798255611, 'lag_9': 0.8076507664340274, 'lag_10': 0.5369152464369924, 'lag_11': 0.20924270451405996, 'lag_12': 0.24055363136564512, 'lag_13': 0.2851369332870145, 'lag_14': 0.34793866759024183, 'lag_15': 0.4505292083065773, 'lag_16': 0.6983573492691895, 'lag_17': 0.876533392672523, 'lag_18': 0.03229067856243828, 'lag_19': 0.9154759514387464, 'lag_20': 0.5773634934320464, 'lag_21': 0.8900260963876699, 'lag_22': 0.25995361868235123, 'lag_23': 0.23283348136248208, 'lag_24': 0.21749056443578385, 'lag_25': 0.5718849512723987, 'lag_26': 0.004923440703318738, 'lag_27': 0.1166915390750575, 'lag_28': 0.12169512883125198}. Best is trial 59 with value: 0.005203501960903691.
[I 2025-09-29 13:09:24,409] Trial 70 finished with value: 0.007071849829003008 and parameters: {'lag_0': 0.7074559930883052, 'lag_1': 0.4601665462673202, 'lag_2': 0.894880042737483, 'lag_3': 0.45297660578382987, 'lag_4': 0.41347647832077733, 'lag_5': 0.35458211897156544, 'lag_6': 0.9385415183493586, 'lag_7': 0.5497917576102378, 'lag_8': 0.7402840058724455, 'lag_9': 0.9411291514587923, 'lag_10': 0.6885926343262428, 'lag_11': 0.2660044756484755, 'lag_12': 0.5877182996187883, 'lag_13': 0.47292692609437437, 'lag_14': 0.4308010056139608, 'lag_15': 0.3189914699115035, 'lag_16': 0.5665980452325152, 'lag_17': 0.6521567469846972, 'lag_18': 0.34635093984561915, 'lag_19': 0.956041918251231, 'lag_20': 0.5228840688939254, 'lag_21': 0.11941638206962873, 'lag_22': 0.7722837642540807, 'lag_23': 0.4737328833837365, 'lag_24': 0.03882438453410053, 'lag_25': 0.45963086725093416, 'lag_26': 0.8146690725352217, 'lag_27': 0.2534926829675231, 'lag_28': 0.2066158979903248}. Best is trial 59 with value: 0.005203501960903691.
[I 2025-09-29 13:09:26,923] Trial 71 finished with value: 0.007052914434003096 and parameters: {'lag_0': 0.504919116274899, 'lag_1': 0.5300737701287763, 'lag_2': 0.5358045165913343, 'lag_3': 0.371516021050304, 'lag_4': 0.5482595805436841, 'lag_5': 0.5194014934745027, 'lag_6': 0.9306705707361945, 'lag_7': 0.6748775669537983, 'lag_8': 0.3882480964936121, 'lag_9': 0.7625133889714986, 'lag_10': 0.7058007239008629, 'lag_11': 0.46523266365072685, 'lag_12': 0.4397270879275549, 'lag_13': 0.515914924503291, 'lag_14': 0.030384380768022978, 'lag_15': 0.052336732928852076, 'lag_16': 0.1383700155450812, 'lag_17': 0.9542259091970157, 'lag_18': 0.3656297044681678, 'lag_19': 0.7655749147897272, 'lag_20': 0.6856785329197526, 'lag_21': 0.7494318148946205, 'lag_22': 0.48687214523021005, 'lag_23': 0.8751505227539123, 'lag_24': 0.41142164020284766, 'lag_25': 0.4313601992872403, 'lag_26': 0.44442788157007573, 'lag_27': 0.18159538743655193, 'lag_28': 0.10144125174214255}. Best is trial 59 with value: 0.005203501960903691.
[I 2025-09-29 13:09:29,426] Trial 72 finished with value: 0.007289304843649531 and parameters: {'lag_0': 0.40896534788177097, 'lag_1': 0.4979832635497565, 'lag_2': 0.8600704487001843, 'lag_3': 0.2467593729531665, 'lag_4': 0.5164639856080947, 'lag_5': 0.5962616124098619, 'lag_6': 0.9789380731381843, 'lag_7': 0.46100348565107163, 'lag_8': 0.8802323261621037, 'lag_9': 0.7279597262794317, 'lag_10': 0.7698923500004341, 'lag_11': 0.4271801447085891, 'lag_12': 0.0788549828425777, 'lag_13': 0.3971179099306237, 'lag_14': 0.08245312892529376, 'lag_15': 0.011198454285555331, 'lag_16': 0.5126984188080674, 'lag_17': 0.9972957937378591, 'lag_18': 0.39337510503077466, 'lag_19': 0.694372265376547, 'lag_20': 0.7632294717636877, 'lag_21': 0.811640290218597, 'lag_22': 0.5282181798316112, 'lag_23': 0.9435071605229703, 'lag_24': 0.43256186834397287, 'lag_25': 0.5097695477962096, 'lag_26': 0.38967025604690597, 'lag_27': 0.15607714147369398, 'lag_28': 0.13277828564929353}. Best is trial 59 with value: 0.005203501960903691.
[I 2025-09-29 13:09:31,929] Trial 73 finished with value: 0.00647365225642928 and parameters: {'lag_0': 0.3443129168811553, 'lag_1': 0.593764174021395, 'lag_2': 0.2968232761060956, 'lag_3': 0.3507920531107145, 'lag_4': 0.6331032672628485, 'lag_5': 0.7017554087672148, 'lag_6': 0.868590484720337, 'lag_7': 0.6362484770001218, 'lag_8': 0.4322886886567034, 'lag_9': 0.8505369825798611, 'lag_10': 0.6720523196402227, 'lag_11': 0.5353813488185349, 'lag_12': 0.7492228041268609, 'lag_13': 0.5564489653709662, 'lag_14': 0.0007526821614263768, 'lag_15': 0.10194853885579529, 'lag_16': 0.2765006810065164, 'lag_17': 0.9038981151566626, 'lag_18': 0.26762187669720927, 'lag_19': 0.7609144008815365, 'lag_20': 0.9639706829762982, 'lag_21': 0.645874703006363, 'lag_22': 0.44659675286837675, 'lag_23': 0.7086308196364735, 'lag_24': 0.45935204852229194, 'lag_25': 0.6362417711091797, 'lag_26': 0.2801733128854, 'lag_27': 0.08833050680782112, 'lag_28': 0.07344446800505343}. Best is trial 59 with value: 0.005203501960903691.
[I 2025-09-29 13:09:34,431] Trial 74 finished with value: 0.00635999910518995 and parameters: {'lag_0': 0.7934224340815207, 'lag_1': 0.6687510178733312, 'lag_2': 0.8213351618536253, 'lag_3': 0.4023493494299655, 'lag_4': 0.4635424745593634, 'lag_5': 0.6330545208753191, 'lag_6': 0.9095414734864168, 'lag_7': 0.5790397600323545, 'lag_8': 0.5482529687223253, 'lag_9': 0.8901126386496325, 'lag_10': 0.8037846283445318, 'lag_11': 0.584876392725829, 'lag_12': 0.28286390089458846, 'lag_13': 0.4793377793108295, 'lag_14': 0.10717399584720778, 'lag_15': 0.4032964091361201, 'lag_16': 0.17685318619791046, 'lag_17': 0.826620022310711, 'lag_18': 0.5704299052222883, 'lag_19': 0.7371957317540919, 'lag_20': 0.8925238597953634, 'lag_21': 0.6960845965656777, 'lag_22': 0.4037385653346992, 'lag_23': 0.2823331695649167, 'lag_24': 0.34314403333792814, 'lag_25': 0.15377870457937565, 'lag_26': 0.4366295987983352, 'lag_27': 0.5391684746937604, 'lag_28': 0.1684712324417092}. Best is trial 59 with value: 0.005203501960903691.
[I 2025-09-29 13:09:36,931] Trial 75 finished with value: 0.006708554898371603 and parameters: {'lag_0': 0.531916864034994, 'lag_1': 0.9232146330578936, 'lag_2': 0.5749146914407389, 'lag_3': 0.4916973729704152, 'lag_4': 0.32277068482721205, 'lag_5': 0.6547188456677847, 'lag_6': 0.974128693583061, 'lag_7': 0.528689021247708, 'lag_8': 0.2562682828796731, 'lag_9': 0.6491690556068368, 'lag_10': 0.6209306271303723, 'lag_11': 0.37280717706921257, 'lag_12': 0.9651948023687202, 'lag_13': 0.34637946915164614, 'lag_14': 0.07245324328480214, 'lag_15': 0.47013412099073537, 'lag_16': 0.08480591576766508, 'lag_17': 0.7813400148096318, 'lag_18': 0.21048867186649525, 'lag_19': 0.881335851399643, 'lag_20': 0.6745305011818118, 'lag_21': 0.6013039718761468, 'lag_22': 0.5910445551332788, 'lag_23': 0.3345013990086808, 'lag_24': 0.577936232564298, 'lag_25': 0.392059122984642, 'lag_26': 0.2275950932060652, 'lag_27': 0.3320779982486479, 'lag_28': 0.02961489937576156}. Best is trial 59 with value: 0.005203501960903691.
[I 2025-09-29 13:09:39,430] Trial 76 finished with value: 0.007534242097369798 and parameters: {'lag_0': 0.45747795181872225, 'lag_1': 0.46454579771406174, 'lag_2': 0.7704094166505566, 'lag_3': 0.28014579826453345, 'lag_4': 0.5304525250705545, 'lag_5': 0.7327961217853878, 'lag_6': 0.9233589007986492, 'lag_7': 0.8042601385769907, 'lag_8': 0.358950970654698, 'lag_9': 0.7652446495401788, 'lag_10': 0.051567927827594284, 'lag_11': 0.40848700621215095, 'lag_12': 0.4801979360938847, 'lag_13': 0.595660242814429, 'lag_14': 0.1379789496949119, 'lag_15': 0.6606677281820963, 'lag_16': 0.8696852571256309, 'lag_17': 0.5547214152559083, 'lag_18': 0.4860613106683824, 'lag_19': 0.6185883031943419, 'lag_20': 0.7438221157207933, 'lag_21': 0.8406790768621804, 'lag_22': 0.8580301666618146, 'lag_23': 0.25077028204769053, 'lag_24': 0.5272348240435256, 'lag_25': 0.35716144748132417, 'lag_26': 0.47419037839339745, 'lag_27': 0.4855612534167503, 'lag_28': 0.30090945361425486}. Best is trial 59 with value: 0.005203501960903691.
[I 2025-09-29 13:09:41,933] Trial 77 finished with value: 0.00816979173927971 and parameters: {'lag_0': 0.6638407601766961, 'lag_1': 0.389434713378868, 'lag_2': 0.3820688379696451, 'lag_3': 0.12752378968315276, 'lag_4': 0.4517476845111382, 'lag_5': 0.01907428114160803, 'lag_6': 0.9985174614057148, 'lag_7': 0.7486836740415205, 'lag_8': 0.6922439241125802, 'lag_9': 0.5635866412800162, 'lag_10': 0.20176384692486554, 'lag_11': 0.32040047793293225, 'lag_12': 0.8434725470778026, 'lag_13': 0.6387665475812072, 'lag_14': 0.038773599923963946, 'lag_15': 0.37391144148603317, 'lag_16': 0.7852492400352382, 'lag_17': 0.7389931283121028, 'lag_18': 0.32675415589185924, 'lag_19': 0.8343897743278803, 'lag_20': 0.6031480214977188, 'lag_21': 0.7567519805327135, 'lag_22': 0.3341858894888115, 'lag_23': 0.7643030451501979, 'lag_24': 0.3038453618763057, 'lag_25': 0.5858806278021624, 'lag_26': 0.39509473944025775, 'lag_27': 0.20333943214520647, 'lag_28': 0.21778311859441848}. Best is trial 59 with value: 0.005203501960903691.
[I 2025-09-29 13:09:44,432] Trial 78 finished with value: 0.007146904200012296 and parameters: {'lag_0': 0.869126308330831, 'lag_1': 0.19069898794986476, 'lag_2': 0.6598861213879533, 'lag_3': 0.3783292179834149, 'lag_4': 0.6972898159195497, 'lag_5': 0.5710260831606869, 'lag_6': 0.8543790397388696, 'lag_7': 0.9987850570718405, 'lag_8': 0.8361025042056136, 'lag_9': 0.8007355450162681, 'lag_10': 0.5888474741171854, 'lag_11': 0.44124988317747904, 'lag_12': 0.3393677555208946, 'lag_13': 0.4197915952598974, 'lag_14': 0.48947787049071945, 'lag_15': 0.1518424737865577, 'lag_16': 0.8354041348290457, 'lag_17': 0.5935961599592122, 'lag_18': 0.41658108616078, 'lag_19': 0.7878100769396412, 'lag_20': 0.874834747317026, 'lag_21': 0.7220405908320409, 'lag_22': 0.8885610044269487, 'lag_23': 0.307149363219276, 'lag_24': 0.509841092283321, 'lag_25': 0.48086189778257266, 'lag_26': 0.34133767887554467, 'lag_27': 0.6256093478137026, 'lag_28': 0.2616680288790639}. Best is trial 59 with value: 0.005203501960903691.
[I 2025-09-29 13:09:46,929] Trial 79 finished with value: 0.0078126607075759 and parameters: {'lag_0': 0.9130276713148449, 'lag_1': 0.025316778195834583, 'lag_2': 0.46593843525548806, 'lag_3': 0.21118722731080353, 'lag_4': 0.29872617204304214, 'lag_5': 0.46053845156945217, 'lag_6': 0.6479356908837285, 'lag_7': 0.9103753063713917, 'lag_8': 0.468761414630388, 'lag_9': 0.9723117677358433, 'lag_10': 0.7203580428900529, 'lag_11': 0.5150243949014075, 'lag_12': 0.3937629678357727, 'lag_13': 0.47125214271272386, 'lag_14': 0.023428683291730007, 'lag_15': 0.41866272780456476, 'lag_16': 0.3244975255264345, 'lag_17': 0.6806717315656746, 'lag_18': 0.18350169446696576, 'lag_19': 0.6571347934594203, 'lag_20': 0.36343850236331876, 'lag_21': 0.7915525056682851, 'lag_22': 0.456219882160402, 'lag_23': 0.639642923941595, 'lag_24': 0.4365570835248133, 'lag_25': 0.5398800384467405, 'lag_26': 0.25835098823801816, 'lag_27': 0.30182900608746344, 'lag_28': 0.4993763402636978}. Best is trial 59 with value: 0.005203501960903691.
[I 2025-09-29 13:09:49,428] Trial 80 finished with value: 0.007041032694266136 and parameters: {'lag_0': 0.7138628889562995, 'lag_1': 0.7492499254501441, 'lag_2': 0.976105614120048, 'lag_3': 0.5337636709723635, 'lag_4': 0.5778746425531149, 'lag_5': 0.841036305724836, 'lag_6': 0.8865953053264027, 'lag_7': 0.8602784821034428, 'lag_8': 0.791611007825702, 'lag_9': 0.6962288946031259, 'lag_10': 0.8500889639601178, 'lag_11': 0.650542497787948, 'lag_12': 0.15911634630496801, 'lag_13': 0.4491058104088562, 'lag_14': 0.2152866387405597, 'lag_15': 0.29343678988320915, 'lag_16': 0.4667711545136612, 'lag_17': 0.8727200096913437, 'lag_18': 0.23177673322984318, 'lag_19': 0.691157624120981, 'lag_20': 0.8198559691034595, 'lag_21': 0.8706242221043698, 'lag_22': 0.36835935296842615, 'lag_23': 0.995961341180045, 'lag_24': 0.10668990645573878, 'lag_25': 0.42717541154406335, 'lag_26': 0.526611744919685, 'lag_27': 0.4246977637561345, 'lag_28': 0.10240192098907357}. Best is trial 59 with value: 0.005203501960903691.
[I 2025-09-29 13:09:51,927] Trial 81 finished with value: 0.006627090878374447 and parameters: {'lag_0': 0.6005722634956795, 'lag_1': 0.640888815225113, 'lag_2': 0.8404034374493883, 'lag_3': 0.3290652378938339, 'lag_4': 0.031243509246301593, 'lag_5': 0.6369684691953148, 'lag_6': 0.7851734465619526, 'lag_7': 0.9537133286791691, 'lag_8': 0.5733083620097874, 'lag_9': 0.9344625340944859, 'lag_10': 0.902370552882339, 'lag_11': 0.5827635252207711, 'lag_12': 0.48659016544185024, 'lag_13': 0.5721611053959458, 'lag_14': 0.43918171206336515, 'lag_15': 0.9632966676759149, 'lag_16': 0.5268262442002496, 'lag_17': 0.8220206382326355, 'lag_18': 0.3004374326440898, 'lag_19': 0.9182062329413838, 'lag_20': 0.6930535839941389, 'lag_21': 0.9034443563235349, 'lag_22': 0.3963062402196065, 'lag_23': 0.21060766150802518, 'lag_24': 0.398404160504795, 'lag_25': 0.5025164914493104, 'lag_26': 0.6372030600197254, 'lag_27': 0.11679572531436022, 'lag_28': 0.4081827157235572}. Best is trial 59 with value: 0.005203501960903691.
[I 2025-09-29 13:09:54,425] Trial 82 finished with value: 0.007534404758514669 and parameters: {'lag_0': 0.5749206558757485, 'lag_1': 0.7021616492764652, 'lag_2': 0.9089426586616781, 'lag_3': 0.3166721695815461, 'lag_4': 0.11765883305441255, 'lag_5': 0.7595155128258823, 'lag_6': 0.7353229507307822, 'lag_7': 0.980690028122187, 'lag_8': 0.6406888279217006, 'lag_9': 0.9089921967954269, 'lag_10': 0.829102176482855, 'lag_11': 0.4706107373931846, 'lag_12': 0.5297935823785199, 'lag_13': 0.5007172798118354, 'lag_14': 0.4150265845469808, 'lag_15': 0.8408429209915222, 'lag_16': 0.377747686609803, 'lag_17': 0.7287166205804992, 'lag_18': 0.3626123389480903, 'lag_19': 0.9714538706059082, 'lag_20': 0.23899546996583498, 'lag_21': 0.6851878108176953, 'lag_22': 0.9755156912023469, 'lag_23': 0.2864542290683678, 'lag_24': 0.3860187678354473, 'lag_25': 0.6040043314138699, 'lag_26': 0.5809011280014041, 'lag_27': 0.047855623344203874, 'lag_28': 0.34910729973432464}. Best is trial 59 with value: 0.005203501960903691.
