[I 2025-10-03 11:34:33,181] Trial 77 finished with values: [0.023035205319587602, 0.0023334319424663675, 0.0026751616746509203, 0.0007057180190293607, 0.00021484308900026917, 0.002022704195993375, 0.0006866875842268408, 0.004473470777046992, 0.0005002928071805193, 0.00027455433751041354, 0.00016548313221325742, 0.00034306252474882603, 0.025829149591234335, 0.004454483530175631, 0.0, 0.07047907075259263, 0.0012335490388628231, 0.0004983139765020106, 0.009322416897189333, 0.007048717358882015, 0.016964367762722664, 0.0011700885075244336, 0.00043282260395130403, 5.866596769468223e-05, 0.015082596019919407, 0.0005534963682026792, 0.0006170925078649015, 0.0005760201627154405, 0.0015595197983401502] and parameters: {'lag_0': 0.8850016375461316, 'lag_1': 0.4535594194044422, 'lag_2': 0.13220081326392835, 'lag_3': 0.8224540850127183, 'lag_4': 0.9378357039151903, 'lag_5': 0.4344608525862617, 'lag_6': 0.19459412883353633, 'lag_7': 0.06378649754141133, 'lag_8': 0.05381526845364563, 'lag_9': 0.7792886984231291, 'lag_10': 0.6089780732447854, 'lag_11': 0.12275241793240232, 'lag_12': 0.9672726343277127, 'lag_13': 0.31082022381333846, 'lag_14': 0.7349520419064832, 'lag_15': 0.8759379697167594, 'lag_16': 0.23319645711228928, 'lag_17': 0.5283950709594621, 'lag_18': 0.9780343245743292, 'lag_19': 0.44268989433636896, 'lag_20': 0.134498843126856, 'lag_21': 0.3185038853087377, 'lag_22': 0.25885829519920195, 'lag_23': 0.26376468000491565, 'lag_24': 0.6981895118520431, 'lag_25': 0.4496322644395923, 'lag_26': 0.2813874542528668, 'lag_27': 0.11149803210580811, 'lag_28': 0.9363612849968985}.
[I 2025-10-03 11:34:35,852] Trial 78 finished with values: [0.02809917355371901, 0.005344555013564463, 0.0032542325036020565, 0.0006814106238853438, 0.00047145416297668385, 0.004429262265596943, 0.000493190311517969, 0.00433494129884055, 0.0008992189739511749, 0.00018888260659207965, 0.0001143738091826469, 0.0001769753834775357, 0.026160592209939763, 0.005099361726604778, 0.0, 0.08207583303270821, 0.0029144798390038583, 0.0003873815279541551, 0.009842167555023588, 0.006960285367271286, 0.017345589970040824, 0.0009659640638283344, 0.0005453831675009, 2.3636525301014803e-05, 0.015583599483443553, 0.00048805507588508824, 0.000968891471167177, 0.0006588753261371232, 0.0007943844637199185] and parameters: {'lag_0': 0.4085676193592285, 'lag_1': 0.8658162749961625, 'lag_2': 0.9364789792286082, 'lag_3': 0.44070126824381906, 'lag_4': 0.01907749971150851, 'lag_5': 0.19064360307205122, 'lag_6': 0.5705499102261002, 'lag_7': 0.49832884584301795, 'lag_8': 0.8581817738190888, 'lag_9': 0.2244764051671377, 'lag_10': 0.42332593746221514, 'lag_11': 0.22576495968709084, 'lag_12': 0.06079833512646754, 'lag_13': 0.3172403764848554, 'lag_14': 0.3251642088663411, 'lag_15': 0.7732082443471495, 'lag_16': 0.12347512112631961, 'lag_17': 0.978856078238356, 'lag_18': 0.5956471169487436, 'lag_19': 0.4689918121518905, 'lag_20': 0.11336630870691616, 'lag_21': 0.40345559362569056, 'lag_22': 0.4458512402410708, 'lag_23': 0.3065872450617093, 'lag_24': 0.9113958822863611, 'lag_25': 0.5137451736019243, 'lag_26': 0.971730860940994, 'lag_27': 0.5416070825618856, 'lag_28': 0.724915612854234}.
[I 2025-10-03 11:34:38,525] Trial 79 finished with values: [0.026749873503120258, 0.0029322108003417614, 0.0025611705371385, 0.001145044662140339, 0.002073623846497512, 0.0026925117532864327, 0.00015265953883841267, 0.003437035570448551, 0.0007931914993294853, 0.00024454631964366847, 0.000302068453431999, 0.0004398261061556904, 0.027634248050262444, 0.004089686576200458, 0.0, 0.07071061215125173, 0.0016570729558049457, 0.00032032718003112296, 0.01031045681749634, 0.0073219065121242375, 0.01630589438888947, 0.0012114879426166191, 0.0007484820797758378, 9.477533825230115e-05, 0.014192175616944868, 0.00038056799751486385, 0.0008964298582599253, 0.0015288096218705164, 0.0006091121529238283] and parameters: {'lag_0': 0.07667758580449009, 'lag_1': 0.20218389228960384, 'lag_2': 0.945582408399363, 'lag_3': 0.5472691828434098, 'lag_4': 0.03378850505274034, 'lag_5': 0.4311346562517415, 'lag_6': 0.13295692017393945, 'lag_7': 0.18410072762054208, 'lag_8': 0.717052713369911, 'lag_9': 0.10816081071172624, 'lag_10': 0.9797227978252152, 'lag_11': 0.9169988667957494, 'lag_12': 0.7520916129308897, 'lag_13': 0.42748640587822956, 'lag_14': 0.23552508829460503, 'lag_15': 0.8599256069108281, 'lag_16': 0.39094603833492714, 'lag_17': 0.13573683346578624, 'lag_18': 0.8578395650097065, 'lag_19': 0.5566787562168124, 'lag_20': 0.3959946939619598, 'lag_21': 0.33805037420904316, 'lag_22': 0.1463815945760842, 'lag_23': 0.9179555408375021, 'lag_24': 0.07776809623797953, 'lag_25': 0.6276943087890791, 'lag_26': 0.0775723823787639, 'lag_27': 0.6919821089819556, 'lag_28': 0.5880122004523299}.
[I 2025-10-03 11:34:41,194] Trial 80 finished with values: [0.021553719008264464, 0.005603370721429025, 0.004606828108330078, 0.0009721644576231793, 0.0009420814046846039, 0.007053025690728682, 0.0004996971676831023, 0.003993768915375426, 0.001271632759425852, 0.00017474429017669168, 0.0001796025572617957, 0.00022229344176414933, 0.025211213758411687, 0.004885160951224795, 0.0, 0.08281650190197616, 0.002367078109937977, 0.0006723400625077003, 0.01017033458156837, 0.007248274291799775, 0.01752368193158515, 0.0012725086937811392, 0.0006277038622262755, 1.5600476168781725e-05, 0.015572296129431135, 0.0004765603708358691, 0.001502875179216785, 0.00131180379218885, 0.00036949479576811096] and parameters: {'lag_0': 0.6413585525924125, 'lag_1': 0.9687509648704514, 'lag_2': 0.4153461891863297, 'lag_3': 0.14449625356575513, 'lag_4': 0.8323531959659604, 'lag_5': 0.1302855349765781, 'lag_6': 0.3400065457786558, 'lag_7': 0.5103918185422752, 'lag_8': 0.7920078996288953, 'lag_9': 0.943113954987642, 'lag_10': 0.061809200922344404, 'lag_11': 0.6762745273019537, 'lag_12': 0.1986503481068769, 'lag_13': 0.5690653138827746, 'lag_14': 0.05867267208458928, 'lag_15': 0.3269307107259969, 'lag_16': 0.35103663423176407, 'lag_17': 0.702655928274674, 'lag_18': 0.3104744835026933, 'lag_19': 0.37617059228179606, 'lag_20': 0.27742229053899636, 'lag_21': 0.8860325898113558, 'lag_22': 0.21274691276481844, 'lag_23': 0.49043832094415907, 'lag_24': 0.2792187733862761, 'lag_25': 0.6401764018941076, 'lag_26': 0.1233673053230664, 'lag_27': 0.46524950497050693, 'lag_28': 0.7709346535511665}.
[I 2025-10-03 11:34:43,861] Trial 81 finished with values: [0.02415247090571766, 0.0024491056185327684, 0.005710611822227129, 0.0009774313336438118, 0.0008692271016004008, 0.003686767424732315, 0.0008932031460452437, 0.004386156787899666, 0.0009534333677840579, 0.00029098016071434356, 0.00039062885484701226, 0.0005069665642604508, 0.027132481028558985, 0.004246683745597267, 0.0, 0.07862794282553812, 0.002875142887250868, 0.0004172171610066654, 0.009601810794821381, 0.006538113030205158, 0.017516098866047054, 0.0011470110399163936, 0.0006111783154210682, 3.7273699817079896e-05, 0.015092237214154782, 0.00033124361097939983, 0.0010134647613179548, 0.0009483024718095617, 0.0014573259419984254] and parameters: {'lag_0': 0.5617674013766003, 'lag_1': 0.4135441015543327, 'lag_2': 0.6160295946917452, 'lag_3': 0.5455837314302541, 'lag_4': 0.19320210369655635, 'lag_5': 0.19064360307205122, 'lag_6': 0.5705499102261002, 'lag_7': 0.49832884584301795, 'lag_8': 0.28792324922319484, 'lag_9': 0.8409997182923652, 'lag_10': 0.42332593746221514, 'lag_11': 0.4276876885466806, 'lag_12': 0.1301765222551078, 'lag_13': 0.09955592084561506, 'lag_14': 0.20498446823427185, 'lag_15': 0.8830937725333776, 'lag_16': 0.6685035800578162, 'lag_17': 0.978856078238356, 'lag_18': 0.5956471169487436, 'lag_19': 0.4689918121518905, 'lag_20': 0.11336630870691616, 'lag_21': 0.40345559362569056, 'lag_22': 0.4458512402410708, 'lag_23': 0.3065872450617093, 'lag_24': 0.9113958822863611, 'lag_25': 0.1667168204329294, 'lag_26': 0.7614743130885416, 'lag_27': 0.5416070825618856, 'lag_28': 0.724915612854234}.
[I 2025-10-03 11:34:46,529] Trial 82 finished with values: [0.020467299255178043, 0.0010184614805782877, 0.0038961211411202242, 0.000947633225540284, 0.0008098076670730937, 0.0019651323807727194, 0.0002786608388282093, 0.003043249137795423, 0.000892246348060706, 0.00036968944420099633, 0.00038540972372452835, 0.0010886366312479704, 0.02589210887087321, 0.005693038843092148, 0.0, 0.07673543259361568, 0.0027458994353918628, 0.0002677292655695541, 0.009374754804946466, 0.006507981505743046, 0.016208094829689802, 0.0015823946063646989, 0.00047076774275587577, 0.00013729975866148955, 0.014186340249883595, 0.0003903509462246413, 0.0005422532756043815, 0.0005961384314376925, 0.0011400200368988926] and parameters: {'lag_0': 0.577167335022907, 'lag_1': 0.5153134169812905, 'lag_2': 0.731349963492058, 'lag_3': 0.9278541018166884, 'lag_4': 0.5284319163534941, 'lag_5': 0.054028333143763346, 'lag_6': 0.040279495441626435, 'lag_7': 0.011989708618812923, 'lag_8': 0.9213142198138435, 'lag_9': 0.4342654111749541, 'lag_10': 0.6542897746607108, 'lag_11': 0.9249021439417726, 'lag_12': 0.47894248068353434, 'lag_13': 0.4667684405428912, 'lag_14': 0.6108820386342538, 'lag_15': 0.210713020310013, 'lag_16': 0.03364829241898243, 'lag_17': 0.554095061203472, 'lag_18': 0.5677970776785853, 'lag_19': 0.38186794225635967, 'lag_20': 0.6959143480725685, 'lag_21': 0.832262960150301, 'lag_22': 0.5115170845694554, 'lag_23': 0.02624606428973018, 'lag_24': 0.7598364990367045, 'lag_25': 0.037161654706027905, 'lag_26': 0.11820371128083641, 'lag_27': 0.41861433168273904, 'lag_28': 0.03772461487486236}.
[I 2025-10-03 11:34:49,196] Trial 83 finished with values: [0.014914613304764821, 0.0010372771127550944, 0.0021110340718704873, 0.0013372536841446908, 0.0006446219441205303, 0.005696047485726936, 0.00011487876221534625, 0.0056586735821148055, 0.000642765301666271, 0.0003024710397179166, 0.00019890736139776592, 0.00019747748944277656, 0.02614154586761715, 0.0041037797061364446, 0.0, 0.07950290039913233, 0.002280420357658733, 0.0004938659704301395, 0.010715883824101283, 0.007033719422559305, 0.01595697018676781, 0.0012438762319641463, 0.0005867451943985193, 9.48208656284415e-05, 0.01668568743715184, 0.00041006801408672655, 0.0018249825841743668, 0.0018373307090590167, 6.491925624707599e-05] and parameters: {'lag_0': 0.19099742293763933, 'lag_1': 0.29908244191831856, 'lag_2': 0.10353807418806656, 'lag_3': 0.16838269529610858, 'lag_4': 0.9184893018851354, 'lag_5': 0.1759183870751439, 'lag_6': 0.8633071710836787, 'lag_7': 0.8960515824148321, 'lag_8': 0.025236458719001872, 'lag_9': 0.5171290573234981, 'lag_10': 0.3922454351249434, 'lag_11': 0.27248666728869186, 'lag_12': 0.3618114916279005, 'lag_13': 0.6258323924835654, 'lag_14': 0.17737828297189018, 'lag_15': 0.5817255389898031, 'lag_16': 0.6975195088424204, 'lag_17': 0.5267936761911636, 'lag_18': 0.8546524485211494, 'lag_19': 0.4678243192195846, 'lag_20': 0.6599241722939776, 'lag_21': 0.15511225943338916, 'lag_22': 0.9521830188136262, 'lag_23': 0.389601851805886, 'lag_24': 0.5754626450891984, 'lag_25': 0.20739058462247192, 'lag_26': 0.33110078643507884, 'lag_27': 0.3630966434734861, 'lag_28': 0.8020823444567085}.
[I 2025-10-03 11:34:51,873] Trial 84 finished with values: [0.03305785123966942, 0.000701966199658797, 0.0044890401109535846, 0.0004800854518994482, 0.00025643838534016467, 0.0038571109086162937, 0.00039989837831136686, 0.004586844909759394, 0.0006164991045490139, 0.0002502177235617181, 0.00016811723350977121, 0.0006076664181345933, 0.02774247236389462, 0.004727929310962754, 0.0, 0.08041977241076462, 0.0020192303470799406, 0.00026850337458455073, 0.009516576250944844, 0.007155925862537521, 0.01675241643254823, 0.0014119292600276254, 0.0008368454944699535, 3.250908451572211e-05, 0.014681040030215087, 0.0006254345563800079, 0.0006875629680910566, 0.00032113905144928495, 0.0014005815255117755] and parameters: {'lag_0': 0.5617674013766003, 'lag_1': 0.4135441015543327, 'lag_2': 0.6160295946917452, 'lag_3': 0.5455837314302541, 'lag_4': 0.32573710051063404, 'lag_5': 0.19064360307205122, 'lag_6': 0.5705499102261002, 'lag_7': 0.49832884584301795, 'lag_8': 0.2712284247904171, 'lag_9': 0.31945509866526817, 'lag_10': 0.7558660265898509, 'lag_11': 0.4276876885466806, 'lag_12': 0.1301765222551078, 'lag_13': 0.09955592084561506, 'lag_14': 0.3917665274889656, 'lag_15': 0.4044729735412967, 'lag_16': 0.6685035800578162, 'lag_17': 0.27455250015580923, 'lag_18': 0.8428415507760529, 'lag_19': 0.5814119023638483, 'lag_20': 0.11336630870691616, 'lag_21': 0.40345559362569056, 'lag_22': 0.8473920369803248, 'lag_23': 0.3065872450617093, 'lag_24': 0.9113958822863611, 'lag_25': 0.1667168204329294, 'lag_26': 0.7614743130885416, 'lag_27': 0.5416070825618856, 'lag_28': 0.724915612854234}.
[I 2025-10-03 11:34:54,669] Trial 85 finished with values: [0.021820477502295686, 0.002609106653186882, 0.002754050506041151, 0.0013106272696650208, 0.0005257648043742216, 0.005858999594537921, 0.00012793427760807643, 0.002569581716223279, 0.0016323933891180455, 0.00019836040425013106, 0.00022338170221012965, 5.956655906853981e-05, 0.026140911089140274, 0.004018231078484175, 0.0, 0.08222839715142706, 0.00256046831650214, 0.0003441139491196632, 0.010268360660237681, 0.007264055826834573, 0.01642832766045199, 0.0011330731425254728, 0.0008271871677830566, 3.7340062769247324e-05, 0.016251677705812644, 0.000547184099531354, 0.001578649736515024, 0.0016468995786522232, 0.0005601655583859172] and parameters: {'lag_0': 0.11196134117717056, 'lag_1': 0.29389196678747836, 'lag_2': 0.8505707232667074, 'lag_3': 0.9875913763862776, 'lag_4': 0.6272506868051048, 'lag_5': 0.10237194493022214, 'lag_6': 0.3391695091523567, 'lag_7': 0.3328697667370348, 'lag_8': 0.8306902318313159, 'lag_9': 0.8209641005429815, 'lag_10': 0.3725046743657552, 'lag_11': 0.9737903064887927, 'lag_12': 0.13092599461313964, 'lag_13': 0.11085443539476743, 'lag_14': 0.8690572487765869, 'lag_15': 0.9946227196955129, 'lag_16': 0.07729315372945757, 'lag_17': 0.4119197829176721, 'lag_18': 0.42800610621263296, 'lag_19': 0.8523950213292928, 'lag_20': 0.06441535497680644, 'lag_21': 0.38017400892948044, 'lag_22': 0.46601029141438194, 'lag_23': 0.92330229370926, 'lag_24': 0.3313185399965115, 'lag_25': 0.7179906299242923, 'lag_26': 0.9592669937294496, 'lag_27': 0.6918705038494041, 'lag_28': 0.15941873413877403}.
[I 2025-10-03 11:34:57,344] Trial 86 finished with values: [0.02181921487603306, 0.001960097173783718, 0.0015836947514656662, 0.00044076270652851433, 0.001367326266918979, 0.0038690642584057753, 0.00033044409589140955, 0.006091433724032295, 0.0010204073963717107, 0.00036309670384106744, 0.0001239552324560846, 0.0004350620008409916, 0.0269028340688805, 0.0030833952048977004, 0.0, 0.07641503704512816, 0.0033028959366606463, 0.00045079608043236617, 0.008617261984538811, 0.006535986879400895, 0.016173499338766613, 0.0012283080366346656, 0.0004035464925359673, 1.9137809750566923e-05, 0.017767140911278186, 0.0006843559037579621, 0.0007398083959657911, 0.0018757303024572256, 0.0012382416432171275] and parameters: {'lag_0': 0.069832533862065, 'lag_1': 0.7961992161786996, 'lag_2': 0.2180526619841288, 'lag_3': 0.7683527760849673, 'lag_4': 0.37917583765032925, 'lag_5': 0.9916056305102654, 'lag_6': 0.8669556709622127, 'lag_7': 0.0726419976498121, 'lag_8': 0.08571380850092812, 'lag_9': 0.7426413341687246, 'lag_10': 0.6237197457671739, 'lag_11': 0.7915378487826255, 'lag_12': 0.2804744650718794, 'lag_13': 0.8755341102799675, 'lag_14': 0.869479568454444, 'lag_15': 0.6709457324051754, 'lag_16': 0.6011508672601288, 'lag_17': 0.40048084027326386, 'lag_18': 0.6776605852604254, 'lag_19': 0.917819716359173, 'lag_20': 0.7245872034137375, 'lag_21': 0.22913905879504143, 'lag_22': 0.7588299337891309, 'lag_23': 0.8431790417915824, 'lag_24': 0.7773023077868, 'lag_25': 0.7213863807099122, 'lag_26': 0.3103301059208829, 'lag_27': 0.643219399386326, 'lag_28': 0.9139721872661257}.
[I 2025-10-03 11:35:00,020] Trial 87 finished with values: [0.019966942148760332, 0.0029030327717531382, 0.0015780290038444294, 0.0014356979363816563, 0.00023241411832454175, 0.0047502419699705445, 0.0007696681529414803, 0.00274949420376643, 0.0008118223570964485, 0.0001959083476356787, 9.414751024739224e-05, 0.000374869642679684, 0.025773231017546593, 0.005750579843101451, 0.0, 0.08606762314455148, 0.0028744002373786333, 0.0005127707700172052, 0.009367939010525248, 0.007127949520468957, 0.016268584845221142, 0.001170365708438732, 0.0005580533379647331, 2.974825443176535e-05, 0.017496791436916202, 0.0006257095151669661, 0.0014958435396681072, 0.0006400075916910859, 0.0007497777646494907] and parameters: {'lag_0': 0.47124564940743996, 'lag_1': 0.17732665997511476, 'lag_2': 0.5967540546608633, 'lag_3': 0.044415789615353946, 'lag_4': 0.11037207746350351, 'lag_5': 0.42806099771766876, 'lag_6': 0.3312323780870513, 'lag_7': 0.7906522925828945, 'lag_8': 0.2712284247904171, 'lag_9': 0.3313489902157219, 'lag_10': 0.3123364021627622, 'lag_11': 0.2786732855349119, 'lag_12': 0.6637456717854662, 'lag_13': 0.41962379007142814, 'lag_14': 0.23362310289106006, 'lag_15': 0.4044729735412967, 'lag_16': 0.17210759612106122, 'lag_17': 0.06327461003408404, 'lag_18': 0.8511516849194602, 'lag_19': 0.5814119023638483, 'lag_20': 0.22569131237106005, 'lag_21': 0.38733060317517326, 'lag_22': 0.8473920369803248, 'lag_23': 0.8257866489215115, 'lag_24': 0.45057171988365957, 'lag_25': 0.31444733070856173, 'lag_26': 0.16460576275071467, 'lag_27': 0.6381998861013367, 'lag_28': 0.9360177698528145}.
[I 2025-10-03 11:35:02,691] Trial 88 finished with values: [0.022317797642472968, 0.003035913642442249, 0.002474299091032346, 0.0006831651304918032, 0.0020571450845462873, 0.002987236633328076, 0.00039599898510772684, 0.0030853090905826296, 0.0013270660130620233, 0.0006551577778373671, 0.000154501033438836, 0.00020622355568364646, 0.0249222839336996, 0.0064302663496619405, 0.0, 0.06720100300648764, 0.0012805670151606278, 0.00027423371088928096, 0.009402192147614914, 0.007298630732939335, 0.014922070945568713, 0.0015668136289028634, 0.00043247995355214153, 2.5012333068334686e-05, 0.015383079788177767, 0.0005627530552599676, 0.0008181333701859847, 0.0014493540174489888, 0.00030272331794689545] and parameters: {'lag_0': 0.16612866538695176, 'lag_1': 0.11100483408728859, 'lag_2': 0.40851732693006376, 'lag_3': 0.8732764031744888, 'lag_4': 0.7470705142563858, 'lag_5': 0.2818508603488867, 'lag_6': 0.7778203172757561, 'lag_7': 0.5586611648478789, 'lag_8': 0.8937315036522981, 'lag_9': 0.2925534158423439, 'lag_10': 0.7160226323222065, 'lag_11': 0.4906204632759021, 'lag_12': 0.6083648414409109, 'lag_13': 0.5080218380956019, 'lag_14': 0.9220622167233238, 'lag_15': 0.4440926509178347, 'lag_16': 0.27424276308887274, 'lag_17': 0.0007000585202177126, 'lag_18': 0.40830331199327824, 'lag_19': 0.181279219105512, 'lag_20': 0.993423581550347, 'lag_21': 0.3419744493657101, 'lag_22': 0.1573700976495608, 'lag_23': 0.13624341752066127, 'lag_24': 0.05044733043053723, 'lag_25': 0.24076920627582532, 'lag_26': 0.657288630568234, 'lag_27': 0.34480383722360775, 'lag_28': 0.1220188326091359}.
[I 2025-10-03 11:35:05,365] Trial 89 finished with values: [0.03547704315886134, 0.004120872347510516, 0.006424194124047385, 0.0008078564319943243, 0.0003835428203021836, 0.005312259273399104, 0.0003558418379211269, 0.004702965391040007, 0.002069664730874212, 0.00022497471873963974, 0.0002304026935036597, 0.0003545796188493884, 0.024876155807519323, 0.003737911048563387, 0.0, 0.07604104141329784, 0.002366096877371774, 0.0005435205819130714, 0.009739629203849581, 0.006975907387716346, 0.016784263583920885, 0.0010368877277162657, 0.0008715785172201858, 0.00016944019934181595, 0.01420769954198702, 0.00025798132583057867, 0.0006420486131299946, 0.0014269640229936668, 0.00196286287858984] and parameters: {'lag_0': 0.5617674013766003, 'lag_1': 0.4135441015543327, 'lag_2': 0.6160295946917452, 'lag_3': 0.5455837314302541, 'lag_4': 0.19320210369655635, 'lag_5': 0.19064360307205122, 'lag_6': 0.5705499102261002, 'lag_7': 0.49832884584301795, 'lag_8': 0.28792324922319484, 'lag_9': 0.8409997182923652, 'lag_10': 0.42332593746221514, 'lag_11': 0.4276876885466806, 'lag_12': 0.1301765222551078, 'lag_13': 0.09955592084561506, 'lag_14': 0.20498446823427185, 'lag_15': 0.8830937725333776, 'lag_16': 0.6685035800578162, 'lag_17': 0.978856078238356, 'lag_18': 0.5956471169487436, 'lag_19': 0.4689918121518905, 'lag_20': 0.11336630870691616, 'lag_21': 0.40345559362569056, 'lag_22': 0.4458512402410708, 'lag_23': 0.3065872450617093, 'lag_24': 0.9113958822863611, 'lag_25': 0.1667168204329294, 'lag_26': 0.7614743130885416, 'lag_27': 0.5416070825618856, 'lag_28': 0.724915612854234}.
