[I 2025-10-03 11:32:14,394] Trial 25 finished with values: [0.017224343148375863, 0.004192542210756853, 0.0010442292115438948, 0.000806621295615276, 0.0014244516957324313, 0.003522668622814561, 0.00033590924002454084, 0.003991276259625817, 0.0005393615538679797, 0.00024247465861939704, 8.910687569579181e-05, 0.0005275003019241701, 0.027293262282503172, 0.005026574124629222, 0.0, 0.07680589002320819, 0.0024493623634973026, 0.0008044791053990385, 0.009859381107679924, 0.006138592142575015, 0.01706227883770224, 0.000871341836108998, 0.00029405825785882667, 5.6399512939527096e-05, 0.01477902482284236, 0.0005740440356381209, 0.0008428578324824506, 0.0009871485956861597, 0.0009116681754882722] and parameters: {'lag_0': 0.31560804943311005, 'lag_1': 0.4128746478883164, 'lag_2': 0.27730259324909495, 'lag_3': 0.6977931291973961, 'lag_4': 0.5966774484865388, 'lag_5': 0.3210786231603852, 'lag_6': 0.14636465363586787, 'lag_7': 0.541892595568012, 'lag_8': 0.03217198703814156, 'lag_9': 0.7161704319357377, 'lag_10': 0.6997129350854885, 'lag_11': 0.9764828305445237, 'lag_12': 0.04620278528643768, 'lag_13': 0.19506361794637236, 'lag_14': 0.49358644879768687, 'lag_15': 0.573959586727202, 'lag_16': 0.42299493853369713, 'lag_17': 0.6179464928593431, 'lag_18': 0.9962823311894964, 'lag_19': 0.6276089067265503, 'lag_20': 0.900251678643259, 'lag_21': 0.3300151599668506, 'lag_22': 0.4621822607129798, 'lag_23': 0.3818060404612513, 'lag_24': 0.9260490560948651, 'lag_25': 0.8109676303591593, 'lag_26': 0.01868452784326451, 'lag_27': 0.692612331977248, 'lag_28': 0.2517860689549717}.
[I 2025-10-03 11:32:17,040] Trial 26 finished with values: [0.016178707295590414, 0.0038658953777589455, 0.0010860992051822524, 0.0010617528438689931, 0.0006084575980987526, 0.0032940419560964092, 0.0011115066982969179, 0.00461036245316147, 0.0005838690054588264, 0.00028341396973434176, 1.598542845659419e-05, 0.00012460503707403226, 0.029917656760628936, 0.00391050553773354, 0.0, 0.08695351882476779, 0.002765740040974413, 0.00040524459324398174, 0.010167364800854301, 0.007647988391178866, 0.017025970224859584, 0.0011091274335785209, 0.0005114099747120756, 4.742967269884359e-05, 0.01635732740686754, 0.0006206406824718083, 0.0004061856796946677, 0.0016246486310672469, 0.002001903060128618] and parameters: {'lag_0': 0.4479259656434803, 'lag_1': 0.5876134383067272, 'lag_2': 0.44720706974308355, 'lag_3': 0.9598408429503855, 'lag_4': 0.315158946525351, 'lag_5': 0.9827827741710093, 'lag_6': 0.4530640814805014, 'lag_7': 0.7976081396378338, 'lag_8': 0.7590415264194518, 'lag_9': 0.9895218462553959, 'lag_10': 0.36431732493912367, 'lag_11': 0.5790762219187495, 'lag_12': 0.13118521322726046, 'lag_13': 0.7194186112555616, 'lag_14': 0.9988577192097957, 'lag_15': 0.15210256412807063, 'lag_16': 0.05647424723682111, 'lag_17': 0.6891480944171289, 'lag_18': 0.7866267159935826, 'lag_19': 0.052348266245485026, 'lag_20': 0.3854418035116621, 'lag_21': 0.45187072791780536, 'lag_22': 0.198938396700794, 'lag_23': 0.2911945272242453, 'lag_24': 0.8408522714656484, 'lag_25': 0.44251679153376244, 'lag_26': 0.5121293751625376, 'lag_27': 0.3533455064704531, 'lag_28': 0.7236043010166548}.
[I 2025-10-03 11:32:19,693] Trial 27 finished with values: [0.018573795117220442, 0.0008496854837473786, 0.004856051436429945, 0.0011469454887051487, 0.000322604524081625, 0.004449543398479822, 0.0007651617369054325, 0.003756015901598906, 0.00029441252922555495, 0.0002458925109024764, 0.00012978049037571038, 0.0003673668217306971, 0.02562288558253526, 0.004867716584643607, 0.0, 0.08263522371547818, 0.003179218826313698, 0.0007642735842924498, 0.010771774499807209, 0.006521645734433454, 0.015804948140847902, 0.0012297013004452975, 0.0007106532155579, 6.977260609857683e-05, 0.016317663833725925, 0.00024238488832483977, 0.0011106341772916827, 0.0009371481371076463, 0.0009606935386993212] and parameters: {'lag_0': 0.8294469788190284, 'lag_1': 0.29908244191831856, 'lag_2': 0.6055125358570049, 'lag_3': 0.8011118786949301, 'lag_4': 0.9184893018851354, 'lag_5': 0.1759183870751439, 'lag_6': 0.8633071710836787, 'lag_7': 0.8960515824148321, 'lag_8': 0.5080137999429809, 'lag_9': 0.5171290573234981, 'lag_10': 0.3922454351249434, 'lag_11': 0.38164004864324413, 'lag_12': 0.3618114916279005, 'lag_13': 0.09873445198251132, 'lag_14': 0.11870121411914362, 'lag_15': 0.5817255389898031, 'lag_16': 0.9886699782571973, 'lag_17': 0.7189209026033543, 'lag_18': 0.6821784002681005, 'lag_19': 0.4678243192195846, 'lag_20': 0.503021171042877, 'lag_21': 0.12341800013759867, 'lag_22': 0.9521830188136262, 'lag_23': 0.5891802898844679, 'lag_24': 0.8920797557775472, 'lag_25': 0.20739058462247192, 'lag_26': 0.8129118947820897, 'lag_27': 0.3630966434734861, 'lag_28': 0.9764259027491838}.
[I 2025-10-03 11:32:22,355] Trial 28 finished with values: [0.008728305785123968, 0.007335423445725619, 0.0031888194758674, 0.0008632160488160586, 0.00014545392777087963, 0.0054363601399392125, 0.00046519593411702197, 0.00381722203345163, 0.0002282770149010488, 0.00014648403929640644, 9.9255008875393e-05, 0.00029153260701273494, 0.027149726977772744, 0.004682626414440406, 0.0, 0.07767106344175365, 0.0023371881868122163, 0.0007056714570706177, 0.009204820507366644, 0.007279914025051008, 0.016948061726331013, 0.0011007045948701996, 0.00024821881339255516, 4.8537032804783256e-05, 0.01683795423413887, 0.0005738240051535508, 0.0008373792728374409, 0.0011067181559983978, 0.0007346443059115893] and parameters: {'lag_0': 0.13711230380759146, 'lag_1': 0.2127780005291759, 'lag_2': 0.8402990551040136, 'lag_3': 0.09170339850550771, 'lag_4': 0.6287578128531479, 'lag_5': 0.8333379368260736, 'lag_6': 0.25331296133128073, 'lag_7': 0.8823825458908127, 'lag_8': 0.15978175438097283, 'lag_9': 0.023442697295631663, 'lag_10': 0.8454016673690254, 'lag_11': 0.6587868980556324, 'lag_12': 0.975716728612034, 'lag_13': 0.53247447850066, 'lag_14': 0.20302787689808485, 'lag_15': 0.7674151474199885, 'lag_16': 0.415422641616791, 'lag_17': 0.018657582836790053, 'lag_18': 0.7518015027540029, 'lag_19': 0.1785005493712599, 'lag_20': 0.6475389411880492, 'lag_21': 0.3522757539530953, 'lag_22': 0.6329949687466873, 'lag_23': 0.6717281450388299, 'lag_24': 0.30501604793192066, 'lag_25': 0.1099310059144776, 'lag_26': 0.722633121612307, 'lag_27': 0.6862794401397531, 'lag_28': 0.9782649305417979}.
[I 2025-10-03 11:32:25,015] Trial 29 finished with values: [0.02649219467401286, 0.002845804988662131, 0.0029289414157674517, 0.00120765229607467, 0.0004690669148324874, 0.0023018348988388163, 0.0002272864705755915, 0.0033747120043123606, 0.0007629797753859694, 0.0005262341686083192, 7.84637328926233e-05, 2.8816346506777068e-05, 0.02662507969137729, 0.0048799660553547055, 0.0, 0.09034123925594821, 0.0023813464610510223, 0.0006442344504766829, 0.010688590286779256, 0.007525107451048412, 0.017159082040137046, 0.0012362292211163446, 0.0007126625507746223, 7.642861322098726e-05, 0.015192216640940023, 0.0005195908716178922, 0.0011038467839030622, 0.0014975483629936345, 0.00020186042297601494] and parameters: {'lag_0': 0.5401288433502017, 'lag_1': 0.35907478763236167, 'lag_2': 0.14305196960846006, 'lag_3': 0.33330316907368013, 'lag_4': 0.6406584441041837, 'lag_5': 0.931916556010158, 'lag_6': 0.09671444970859872, 'lag_7': 0.9569288674968477, 'lag_8': 0.9281701106533614, 'lag_9': 0.19766214588172853, 'lag_10': 0.4707430886749886, 'lag_11': 0.6098310291879557, 'lag_12': 0.9918259551121038, 'lag_13': 0.9654098513033549, 'lag_14': 0.0549228631718669, 'lag_15': 0.08417244131759506, 'lag_16': 0.2970314952362913, 'lag_17': 0.12618603823391214, 'lag_18': 0.31356849726551345, 'lag_19': 0.5489181334065376, 'lag_20': 0.0712910118792974, 'lag_21': 0.08192659593188868, 'lag_22': 0.4375043553965229, 'lag_23': 0.5779312514618893, 'lag_24': 0.618676887267704, 'lag_25': 0.09563113506269129, 'lag_26': 0.39382312163977, 'lag_27': 0.6420791136170177, 'lag_28': 0.7393871269200141}.
[I 2025-10-03 11:32:27,672] Trial 30 finished with values: [0.026446280991735537, 0.0026801238135656684, 0.0028524493119575643, 0.0007709451621918412, 0.0005250899765462147, 0.00320786515589958, 0.00020795973042794287, 0.007201718074458983, 0.0004370867960149773, 0.0003084726604764144, 7.273225277731841e-05, 0.000347694906122341, 0.02810792419073311, 0.00428355832996664, 0.0, 0.07865601761687484, 0.002062349621709974, 0.00042537136948319596, 0.010063732821919679, 0.007589715875185782, 0.015408479207479597, 0.001072541185907943, 0.0004903562860470988, 0.0001584184831432389, 0.014850105044039436, 0.0006133091753139782, 0.0006855193747747664, 0.001150845210208705, 0.00034598571507164647] and parameters: {'lag_0': 0.8665294699868484, 'lag_1': 0.8566426797270563, 'lag_2': 0.04089092664609069, 'lag_3': 0.7333270987048348, 'lag_4': 0.6266220174164876, 'lag_5': 0.7275430209069209, 'lag_6': 0.658776793393846, 'lag_7': 0.3594244652066315, 'lag_8': 0.8292754406055514, 'lag_9': 0.22085643687352308, 'lag_10': 0.46174720214315407, 'lag_11': 0.7597388592284234, 'lag_12': 0.9827383308156908, 'lag_13': 0.15366795276366232, 'lag_14': 0.6212035438573341, 'lag_15': 0.9959834570649648, 'lag_16': 0.5191014889250997, 'lag_17': 0.3487997876773348, 'lag_18': 0.36878073022091057, 'lag_19': 0.6566720910796098, 'lag_20': 0.8254560427739412, 'lag_21': 0.5213683079101747, 'lag_22': 0.17999222385871816, 'lag_23': 0.09438437018496448, 'lag_24': 0.17963679002184205, 'lag_25': 0.7840736566057298, 'lag_26': 0.5570511865212405, 'lag_27': 0.3348939688345826, 'lag_28': 0.7235468908557282}.
[I 2025-10-03 11:32:30,327] Trial 31 finished with values: [0.022552800734618916, 0.0013429967116556731, 0.0017300177731572944, 0.0003426850927740272, 0.0005197503455225053, 0.005134439144230035, 5.3100521429392384e-05, 0.00457005074189085, 0.0003402293551322514, 0.0005738513265260428, 0.00023667119062376635, 0.0006687637902397949, 0.020164885856054422, 0.004122097509583106, 0.0, 0.09031010589276418, 0.003061811451604714, 0.0008317358494376812, 0.009630596134964493, 0.006644686060177704, 0.016080312246531083, 0.0014457484944833, 0.0009166677374697213, 7.048145660581119e-05, 0.015062985151548955, 0.00048657019934535747, 0.0007339545950380965, 0.001025404666685258, 0.00035636046995326306] and parameters: {'lag_0': 0.10807756396830114, 'lag_1': 0.3181711100010809, 'lag_2': 0.6480118136747882, 'lag_3': 0.8519108051163309, 'lag_4': 0.37917583765032925, 'lag_5': 0.4545347391063286, 'lag_6': 0.8669556709622127, 'lag_7': 0.708115440345552, 'lag_8': 0.08571380850092812, 'lag_9': 0.9438197373522175, 'lag_10': 0.6237197457671739, 'lag_11': 0.520570034033374, 'lag_12': 0.2804744650718794, 'lag_13': 0.6260045632794974, 'lag_14': 0.37464805619027036, 'lag_15': 0.6572495206046031, 'lag_16': 0.285663636434689, 'lag_17': 0.12892911983950156, 'lag_18': 0.8315271790840653, 'lag_19': 0.09894999177305414, 'lag_20': 0.2261198749051026, 'lag_21': 0.22913905879504143, 'lag_22': 0.9398579988407815, 'lag_23': 0.8387382053111051, 'lag_24': 0.3362246776827522, 'lag_25': 0.3186848454686642, 'lag_26': 0.8644491629794059, 'lag_27': 0.33461977737907966, 'lag_28': 0.36257922924067637}.
[I 2025-10-03 11:32:32,995] Trial 32 finished with values: [0.017174586776859506, 0.0023810217169408965, 0.003817626514077859, 0.00020822382491847164, 0.0008540903823470514, 0.004770419507289155, 0.00025307906308312197, 0.0055022375383017436, 0.0006617811961072608, 0.0003987513982049452, 0.0002455470521955201, 0.0004281011366185232, 0.022915565622018418, 0.004734787542357875, 0.0, 0.07209359917367172, 0.0020067749290795475, 0.00044417641886311705, 0.00955835771199424, 0.008111563639041669, 0.015233880871955024, 0.001435643254580557, 0.0004350965651821576, 3.496778816725775e-05, 0.014645404718658817, 0.0005062934234746348, 0.0010480249472436377, 0.0007533453742574477, 0.0006576659761563539] and parameters: {'lag_0': 0.4778822470877368, 'lag_1': 0.5971742937222793, 'lag_2': 0.3867290655033057, 'lag_3': 0.5472691828434098, 'lag_4': 0.03378850505274034, 'lag_5': 0.28841452890680275, 'lag_6': 0.13295692017393945, 'lag_7': 0.8538143628400344, 'lag_8': 0.717052713369911, 'lag_9': 0.6062308578952854, 'lag_10': 0.9797227978252152, 'lag_11': 0.9169988667957494, 'lag_12': 0.14656156286543387, 'lag_13': 0.9784376122933559, 'lag_14': 0.3900795184634108, 'lag_15': 0.05310361122770059, 'lag_16': 0.9285311081835091, 'lag_17': 0.13573683346578624, 'lag_18': 0.8578395650097065, 'lag_19': 0.16093808438558982, 'lag_20': 0.9559531805970396, 'lag_21': 0.33805037420904316, 'lag_22': 0.8521926428732916, 'lag_23': 0.9179555408375021, 'lag_24': 0.43266383509434664, 'lag_25': 0.6276943087890791, 'lag_26': 0.6079997392486023, 'lag_27': 0.6919821089819556, 'lag_28': 0.5880122004523299}.
[I 2025-10-03 11:32:35,759] Trial 33 finished with values: [0.02649219467401286, 0.0024153219644756233, 0.003071456842182597, 0.00027780717065504536, 0.004953172390475374, 0.003378725747353853, 0.00042577064570647495, 0.0023330379399074154, 0.0008939371602333793, 0.0006417020551795538, 0.0002157765651118136, 0.00046923982546962374, 0.024888835854061844, 0.004345604861221132, 0.0, 0.08101307733597249, 0.002119572977853274, 0.000569725185346205, 0.009728124396823851, 0.007102392620856645, 0.018395442945035662, 0.0011485795513070044, 0.0006733946991792577, 0.00011569039525026528, 0.016919523726125457, 0.0002539949716211655, 0.0016823282074909704, 0.0012485294459336164, 0.0007936190599075165] and parameters: {'lag_0': 0.24068567317531764, 'lag_1': 0.46547722489156484, 'lag_2': 0.43246042221639264, 'lag_3': 0.6858488645327883, 'lag_4': 0.6774700132950886, 'lag_5': 0.9762548628889417, 'lag_6': 0.9750923376081528, 'lag_7': 0.9559750664899007, 'lag_8': 0.09216340790833308, 'lag_9': 0.6104187232396561, 'lag_10': 0.3274341493623204, 'lag_11': 0.48234535185336685, 'lag_12': 0.5404773861152119, 'lag_13': 0.3159935924242422, 'lag_14': 0.08545864973831774, 'lag_15': 0.5374584522962587, 'lag_16': 0.25026988236792075, 'lag_17': 0.9562088093651049, 'lag_18': 0.5015184928801273, 'lag_19': 0.24593950415976962, 'lag_20': 0.7371065735000487, 'lag_21': 0.020170937340293127, 'lag_22': 0.4104120915873925, 'lag_23': 0.11347607214292903, 'lag_24': 0.6043821631577018, 'lag_25': 0.901639799664392, 'lag_26': 0.7524497878044153, 'lag_27': 0.7757273636307498, 'lag_28': 0.17669932290557508}.
[I 2025-10-03 11:32:38,421] Trial 34 finished with values: [0.020204418957665712, 0.0025226135365545477, 0.003963580174699697, 0.001342005334428823, 0.0016184211589252736, 0.00459312355204475, 0.0006150202188086948, 0.0028168051268063015, 0.0007809831351413794, 0.0005020442414543741, 7.937660051014632e-05, 0.00015221649127447829, 0.02555932130109015, 0.0035715951995950483, 0.0, 0.08211035856885714, 0.002409472521923608, 0.00029475958127618454, 0.010031367810325126, 0.007186710112728425, 0.017469451245490448, 0.0011107199815355996, 0.0007315369004103083, 2.5768853420167693e-05, 0.015972959813652213, 0.00033290625522998244, 0.0008616367205798985, 0.0017292418020163254, 0.00030260338917488744] and parameters: {'lag_0': 0.6413585525924125, 'lag_1': 0.9687509648704514, 'lag_2': 0.7819019520912809, 'lag_3': 0.4768622473902049, 'lag_4': 0.4749380855983565, 'lag_5': 0.1302855349765781, 'lag_6': 0.3400065457786558, 'lag_7': 0.9257376742705705, 'lag_8': 0.22840711447862308, 'lag_9': 0.943113954987642, 'lag_10': 0.48224950540488787, 'lag_11': 0.6762745273019537, 'lag_12': 0.23888110167782664, 'lag_13': 0.5690653138827746, 'lag_14': 0.8094353324860629, 'lag_15': 0.9305061348279616, 'lag_16': 0.35103663423176407, 'lag_17': 0.702655928274674, 'lag_18': 0.3104744835026933, 'lag_19': 0.37617059228179606, 'lag_20': 0.2643150269013789, 'lag_21': 0.9409723689345724, 'lag_22': 0.9910228694540186, 'lag_23': 0.4000587304606284, 'lag_24': 0.9479580607306638, 'lag_25': 0.3805927733104509, 'lag_26': 0.6154167550548676, 'lag_27': 0.46524950497050693, 'lag_28': 0.07435870911052465}.
[I 2025-10-03 11:32:41,081] Trial 35 finished with values: [0.021480269870421387, 0.007590084634336679, 0.005935469070867932, 0.0011672954096784045, 0.0005977264081785868, 0.006616848170277803, 0.00040186320900607023, 0.0065496890876886645, 0.0008481667592212033, 0.0003577735048913592, 0.0003027792390559734, 0.0002589541450770727, 0.024807899027411203, 0.005678618485064133, 0.0, 0.0787420196725794, 0.0025795991806280326, 0.00037362928789211834, 0.010093404867023058, 0.007201503180255789, 0.016549540173762332, 0.001272857607513807, 0.0006231648247022446, 6.886081077570248e-05, 0.01587863357404395, 0.00026674966364275955, 0.0007632479946969787, 0.0011217832667025519, 0.0008170022725428133] and parameters: {'lag_0': 0.12447474348961574, 'lag_1': 0.7592113254493114, 'lag_2': 0.26337721422279564, 'lag_3': 0.31474130269380857, 'lag_4': 0.023079386914534757, 'lag_5': 0.8908032447189986, 'lag_6': 0.8718317563269117, 'lag_7': 0.6137783990986435, 'lag_8': 0.5091141174178516, 'lag_9': 0.3535099003620586, 'lag_10': 0.8900503374142777, 'lag_11': 0.6294978488200875, 'lag_12': 0.06048142173944175, 'lag_13': 0.5472471859852855, 'lag_14': 0.9106096537456735, 'lag_15': 0.26877608122797536, 'lag_16': 0.12997328217321558, 'lag_17': 0.4838130786587801, 'lag_18': 0.7884361097377456, 'lag_19': 0.865576583603019, 'lag_20': 0.06118846040740209, 'lag_21': 0.6446066757600695, 'lag_22': 0.5211032853058043, 'lag_23': 0.5262875127003022, 'lag_24': 0.22755942092726153, 'lag_25': 0.6809371938587971, 'lag_26': 0.04671053394856613, 'lag_27': 0.9377897263859024, 'lag_28': 0.6083892454710931}.
[I 2025-10-03 11:32:43,742] Trial 36 finished with values: [0.1558778883454208, 0.00340825490953545, 0.003412046217044922, 0.0009751433016174796, 0.0014747769139988923, 0.003976060408939821, 9.140871772532296e-05, 0.003603724346493022, 0.0005266612647750107, 0.00035266339249348056, 0.0003120109142470635, 0.0001312072896005871, 0.025516109254435475, 0.0030292856654064197, 0.0, 0.07889353786897005, 0.002244578727234346, 0.0005117075585814219, 0.010450533471351164, 0.007703409631930257, 0.01691557107961001, 0.00131359325995439, 0.0006836668177591654, 5.4378543382219686e-05, 0.015181973760596091, 0.0005321557681599947, 0.0018952385036021119, 0.0006951543551491889, 0.0012310280946933561] and parameters: {'lag_0': 0.577167335022907, 'lag_1': 0.5153134169812905, 'lag_2': 0.7541767986086337, 'lag_3': 0.9278541018166884, 'lag_4': 0.6755689717994064, 'lag_5': 0.054028333143763346, 'lag_6': 0.040279495441626435, 'lag_7': 0.6538580299280284, 'lag_8': 0.4976598969029183, 'lag_9': 0.47647407822219107, 'lag_10': 0.6542897746607108, 'lag_11': 0.12647427311314477, 'lag_12': 0.47894248068353434, 'lag_13': 0.16665894661312208, 'lag_14': 0.6108820386342538, 'lag_15': 0.22461519547209868, 'lag_16': 0.1165162161194449, 'lag_17': 0.554095061203472, 'lag_18': 0.8656055444084723, 'lag_19': 0.38186794225635967, 'lag_20': 0.8011371193527818, 'lag_21': 0.832262960150301, 'lag_22': 0.4476583388256587, 'lag_23': 0.6381240019385468, 'lag_24': 0.7598364990367045, 'lag_25': 0.32881499557228444, 'lag_26': 0.11820371128083641, 'lag_27': 0.17019046191964263, 'lag_28': 0.9615801197780085}.
[I 2025-10-03 11:32:46,400] Trial 37 finished with values: [0.020830578512396693, 0.001591592236114087, 0.004629751345255197, 0.0008766524164561, 0.0006661227725462148, 0.003536939121695534, 0.0002407188701694036, 0.004112541726305782, 0.0008278835267334592, 0.0009577370850177861, 0.0004925174552513147, 0.000251275535743141, 0.03024894061874046, 0.0044324330408306144, 0.0, 0.07863904654942985, 0.002728916282734977, 0.0004371806892003078, 0.009967426395392626, 0.0068949222883862805, 0.016191371669232634, 0.0012580130336706013, 0.0009442690169859788, 9.49444264864817e-05, 0.014901388075496153, 0.0001321857283040013, 0.0008550393052284893, 0.001441777335706179, 0.0013443692861880795] and parameters: {'lag_0': 0.8284630847856645, 'lag_1': 0.19244404968972467, 'lag_2': 0.09963723178539548, 'lag_3': 0.5526509377521602, 'lag_4': 0.3935379137347907, 'lag_5': 0.5137190482963327, 'lag_6': 0.806703141007471, 'lag_7': 0.5801301663857859, 'lag_8': 0.487962182511049, 'lag_9': 0.0004152949781730076, 'lag_10': 0.7699549702719457, 'lag_11': 0.9759546733945067, 'lag_12': 0.9066506684138562, 'lag_13': 0.27886281752639736, 'lag_14': 0.29132823882563763, 'lag_15': 0.4087040344203754, 'lag_16': 0.6363045296616833, 'lag_17': 0.6944552481838067, 'lag_18': 0.40764025354143774, 'lag_19': 0.5550945718950744, 'lag_20': 0.38129514216947935, 'lag_21': 0.16605173396031114, 'lag_22': 0.05137081498639537, 'lag_23': 0.8300197953314659, 'lag_24': 0.37950263935632966, 'lag_25': 0.16310935184075864, 'lag_26': 0.0469310586816331, 'lag_27': 0.8394699672220659, 'lag_28': 0.7605386900270886}.
