[I 2025-09-29 11:52:44,400] Trial 20 finished with value: 0.010624161970920823 and parameters: {'lag_0': 0.6415463753865482, 'lag_1': 0.5841191071793161, 'lag_2': 0.5522285487406462, 'lag_3': 0.14207947053823733, 'lag_4': 0.7700557476941494, 'lag_5': 0.4058314750447565, 'lag_6': 0.8685955564077315, 'lag_7': 0.36721405193764745, 'lag_8': 0.21832559713624003, 'lag_9': 0.21059817084952615, 'lag_10': 0.6152549888279436, 'lag_11': 0.7616565165724062, 'lag_12': 0.40224633280623623, 'lag_13': 0.35014540601274935, 'lag_14': 0.648088800700742, 'lag_15': 0.6367940852178307, 'lag_16': 0.3060147626171188, 'lag_17': 0.14303090582921885, 'lag_18': 0.6829195356281352, 'lag_19': 0.6493164572159247, 'lag_20': 0.5783804542472077, 'lag_21': 0.5961197085421485, 'lag_22': 0.8255956745983861, 'lag_23': 0.3634990074230557, 'lag_24': 0.7539789942192205, 'lag_25': 0.392081735843926, 'lag_26': 0.009149997910484292, 'lag_27': 0.6726483998824877, 'lag_28': 0.5122806164343593}. Best is trial 14 with value: 0.010213240992586036.
[I 2025-09-29 11:52:46,741] Trial 21 finished with value: 0.010427655567239371 and parameters: {'lag_0': 0.43589449576628647, 'lag_1': 0.8149272238508469, 'lag_2': 0.5874237273457784, 'lag_3': 0.26032489631774736, 'lag_4': 0.4143132716411321, 'lag_5': 0.8691060613582193, 'lag_6': 0.907146739237462, 'lag_7': 0.11258793138753098, 'lag_8': 0.08852802048833341, 'lag_9': 0.34617588559990686, 'lag_10': 0.5776374934902244, 'lag_11': 0.6112765979343624, 'lag_12': 0.65881723917174, 'lag_13': 0.8323260561502787, 'lag_14': 0.1904117813043359, 'lag_15': 0.11331672611283777, 'lag_16': 0.19171740647932597, 'lag_17': 0.3494036592316391, 'lag_18': 0.4213333247655299, 'lag_19': 0.5533348512276358, 'lag_20': 0.3925379351146031, 'lag_21': 0.40939593427006304, 'lag_22': 0.5360563864647686, 'lag_23': 0.5519575325396394, 'lag_24': 0.8846951806055853, 'lag_25': 0.5807968427210345, 'lag_26': 0.3256353856269526, 'lag_27': 0.7319653006727924, 'lag_28': 0.2854832435475436}. Best is trial 14 with value: 0.010213240992586036.
[I 2025-09-29 11:52:49,082] Trial 22 finished with value: 0.010636942405376607 and parameters: {'lag_0': 0.4680102728141465, 'lag_1': 0.5030954652458467, 'lag_2': 0.4284552411228628, 'lag_3': 0.17551717869002487, 'lag_4': 0.5692577149726258, 'lag_5': 0.7084412064213119, 'lag_6': 0.7293227144486101, 'lag_7': 0.11613520812449392, 'lag_8': 0.2628126881625297, 'lag_9': 0.23161719116858634, 'lag_10': 0.7015023177309081, 'lag_11': 0.6302063321491128, 'lag_12': 0.6562501941475023, 'lag_13': 0.7050382771269162, 'lag_14': 0.41924348477571954, 'lag_15': 0.10436418985966246, 'lag_16': 0.10520869059499505, 'lag_17': 0.4937798458297181, 'lag_18': 0.49990934523378405, 'lag_19': 0.455982451541435, 'lag_20': 0.5217554826671378, 'lag_21': 0.44835156937448695, 'lag_22': 0.6323609191016546, 'lag_23': 0.8217187765270385, 'lag_24': 0.6944067980879696, 'lag_25': 0.5535806529562325, 'lag_26': 0.4435653965703808, 'lag_27': 0.798768292593924, 'lag_28': 0.18859288221625015}. Best is trial 14 with value: 0.010213240992586036.
[I 2025-09-29 11:52:51,421] Trial 23 finished with value: 0.010390175324606838 and parameters: {'lag_0': 0.8435078709737943, 'lag_1': 0.5817865564677068, 'lag_2': 0.6262490044350593, 'lag_3': 0.30891243978251165, 'lag_4': 0.3593463312564432, 'lag_5': 0.568758214119343, 'lag_6': 0.5962422637227135, 'lag_7': 0.020887826218045774, 'lag_8': 0.4739079468739782, 'lag_9': 0.42201462308043924, 'lag_10': 0.5370870017049331, 'lag_11': 0.901404895738634, 'lag_12': 0.8271091427569904, 'lag_13': 0.5896589837453928, 'lag_14': 0.787114981740824, 'lag_15': 0.343095941801112, 'lag_16': 0.05442373136254368, 'lag_17': 0.11775943769372021, 'lag_18': 0.38092703022210134, 'lag_19': 0.12366682663629253, 'lag_20': 0.3332479317524275, 'lag_21': 0.5703185857698493, 'lag_22': 0.42876892621938234, 'lag_23': 0.612651559238912, 'lag_24': 0.3426500399867538, 'lag_25': 0.3115400112028661, 'lag_26': 0.3082671936235546, 'lag_27': 0.5923238540248272, 'lag_28': 0.07781072123165751}. Best is trial 14 with value: 0.010213240992586036.
[I 2025-09-29 11:52:53,764] Trial 24 finished with value: 0.010433045824342183 and parameters: {'lag_0': 0.24059294010920335, 'lag_1': 0.981314895436775, 'lag_2': 0.35889435974543615, 'lag_3': 0.010993485435003753, 'lag_4': 0.2282074457838016, 'lag_5': 0.8727297377665201, 'lag_6': 0.9168070810583131, 'lag_7': 0.13640105091081528, 'lag_8': 0.11701198423339601, 'lag_9': 0.20378842197972996, 'lag_10': 0.7888652812669847, 'lag_11': 0.7244564513533003, 'lag_12': 0.6058448587863575, 'lag_13': 0.4358916607364911, 'lag_14': 0.6031428262140306, 'lag_15': 0.007465104234307851, 'lag_16': 0.24562514307635688, 'lag_17': 0.3149827025754022, 'lag_18': 0.30171030075058325, 'lag_19': 0.2584901298032016, 'lag_20': 0.6706902782430011, 'lag_21': 0.23611398165699532, 'lag_22': 0.30057347062629125, 'lag_23': 0.4958167184693798, 'lag_24': 0.5243374564095229, 'lag_25': 0.42212815371751466, 'lag_26': 0.13287493884557539, 'lag_27': 0.47653617414153043, 'lag_28': 0.32817314158903965}. Best is trial 14 with value: 0.010213240992586036.
[I 2025-09-29 11:52:56,105] Trial 25 finished with value: 0.010562721609864392 and parameters: {'lag_0': 0.6199722451163672, 'lag_1': 0.3608543605304053, 'lag_2': 0.5189784854273598, 'lag_3': 0.11216155233645214, 'lag_4': 0.7820149658928234, 'lag_5': 0.4531999091288178, 'lag_6': 0.7271489567053984, 'lag_7': 0.32454584149360627, 'lag_8': 0.5459073728245203, 'lag_9': 0.3432619813300057, 'lag_10': 0.35308405542814647, 'lag_11': 0.4423440758150562, 'lag_12': 0.46118048960846275, 'lag_13': 0.7775138457784271, 'lag_14': 0.40235030585113657, 'lag_15': 0.1717888195616032, 'lag_16': 0.0023055824803370067, 'lag_17': 0.43315010591017883, 'lag_18': 0.44872612094561837, 'lag_19': 0.8796884492181998, 'lag_20': 0.5320646825251761, 'lag_21': 0.7722852990166563, 'lag_22': 0.5211010211935095, 'lag_23': 0.2802101294378584, 'lag_24': 0.5461604932726475, 'lag_25': 0.7184892007843067, 'lag_26': 0.5154959297607558, 'lag_27': 0.6950262313705244, 'lag_28': 0.7290511753741067}. Best is trial 14 with value: 0.010213240992586036.
[I 2025-09-29 11:52:58,447] Trial 26 finished with value: 0.010543736007578642 and parameters: {'lag_0': 0.49331033904687704, 'lag_1': 0.6521268040027979, 'lag_2': 0.8389234325191222, 'lag_3': 0.4099904535743244, 'lag_4': 0.6409452488235984, 'lag_5': 0.6840613367421129, 'lag_6': 0.810061367209622, 'lag_7': 0.19346701916773984, 'lag_8': 0.767256361438055, 'lag_9': 0.2519795570014665, 'lag_10': 0.8648346722085928, 'lag_11': 0.8029396183124121, 'lag_12': 0.7508194058505032, 'lag_13': 0.5951401439501429, 'lag_14': 0.8643002297168625, 'lag_15': 0.22585425207032667, 'lag_16': 0.16283001047337192, 'lag_17': 0.2634219607304894, 'lag_18': 0.1601150000792123, 'lag_19': 0.6164902607838553, 'lag_20': 0.38939866719625854, 'lag_21': 0.2882415515962231, 'lag_22': 0.3772845137789219, 'lag_23': 0.5016536090484004, 'lag_24': 0.8656109945767987, 'lag_25': 0.5292116312378679, 'lag_26': 0.10788402247208217, 'lag_27': 0.3870213685957625, 'lag_28': 0.19363182939807663}. Best is trial 14 with value: 0.010213240992586036.
[I 2025-09-29 11:53:00,791] Trial 27 finished with value: 0.010553840398474536 and parameters: {'lag_0': 0.5852632129247732, 'lag_1': 0.4703706031981213, 'lag_2': 0.6966583738383216, 'lag_3': 0.44851277207236717, 'lag_4': 0.48040175031770893, 'lag_5': 0.5731567772434717, 'lag_6': 0.9178268698768519, 'lag_7': 0.07963809031077944, 'lag_8': 0.4119358574986637, 'lag_9': 0.518589079022078, 'lag_10': 0.7309291124960217, 'lag_11': 0.5693928541082933, 'lag_12': 0.5846560003586143, 'lag_13': 0.8730991899848376, 'lag_14': 0.7018721142221002, 'lag_15': 0.99299138817364, 'lag_16': 0.2782565290850334, 'lag_17': 0.5808636999767476, 'lag_18': 0.5303202536746725, 'lag_19': 0.7725891408095896, 'lag_20': 0.9871879452168923, 'lag_21': 0.4511139623374661, 'lag_22': 0.6849874877814058, 'lag_23': 0.6762256386911396, 'lag_24': 0.11878652438839497, 'lag_25': 0.2357578757488601, 'lag_26': 0.627622530672097, 'lag_27': 0.8665016437563812, 'lag_28': 0.5122470424236284}. Best is trial 14 with value: 0.010213240992586036.
[I 2025-09-29 11:53:03,135] Trial 28 finished with value: 0.01050961893746302 and parameters: {'lag_0': 0.29650452290309953, 'lag_1': 0.7594188069017638, 'lag_2': 0.22690766885747587, 'lag_3': 0.31294876501307656, 'lag_4': 0.38418459978095176, 'lag_5': 0.7201092139137996, 'lag_6': 0.6361893599843591, 'lag_7': 0.4142734051832595, 'lag_8': 0.21468470299810072, 'lag_9': 0.056193924634561354, 'lag_10': 0.553685763706646, 'lag_11': 0.882288600991589, 'lag_12': 0.8613567698926157, 'lag_13': 0.3221378132170715, 'lag_14': 0.32488540503872226, 'lag_15': 0.08177083235807361, 'lag_16': 0.5161428066055623, 'lag_17': 0.10069337513829607, 'lag_18': 0.33613465577123636, 'lag_19': 0.44437604646856527, 'lag_20': 0.11448149893543952, 'lag_21': 0.6578811878788451, 'lag_22': 0.4770147827000383, 'lag_23': 0.7666894321888634, 'lag_24': 0.7222037028207907, 'lag_25': 0.4684686982758071, 'lag_26': 0.2599947171295397, 'lag_27': 0.7667522820302763, 'lag_28': 0.3348769712881006}. Best is trial 14 with value: 0.010213240992586036.
[I 2025-09-29 11:53:05,484] Trial 29 finished with value: 0.010373218388959913 and parameters: {'lag_0': 0.09922484650155572, 'lag_1': 0.5769571578900058, 'lag_2': 0.40909198347128645, 'lag_3': 0.6083987146321899, 'lag_4': 0.6098398208740202, 'lag_5': 0.8338277687803854, 'lag_6': 0.14196115428253037, 'lag_7': 0.007179329531210546, 'lag_8': 0.04425478401141665, 'lag_9': 0.16509207226983488, 'lag_10': 0.195699574216476, 'lag_11': 0.9862040020736407, 'lag_12': 0.7281981445229176, 'lag_13': 0.9959226115531534, 'lag_14': 0.5853020263009191, 'lag_15': 0.31076640411587453, 'lag_16': 0.12845011772800186, 'lag_17': 0.23249181434549965, 'lag_18': 0.2513433632093428, 'lag_19': 0.7954986998600224, 'lag_20': 0.2583017140352366, 'lag_21': 0.48924152531488924, 'lag_22': 0.5484663133884976, 'lag_23': 0.564364989428257, 'lag_24': 0.6005797019086035, 'lag_25': 0.3664381701590241, 'lag_26': 0.8835396986944425, 'lag_27': 0.6336065996459342, 'lag_28': 0.24464435745867014}. Best is trial 14 with value: 0.010213240992586036.
[I 2025-09-29 11:53:07,830] Trial 30 finished with value: 0.010365988505764081 and parameters: {'lag_0': 0.4075294097023881, 'lag_1': 0.25566762005754984, 'lag_2': 0.5757279746162032, 'lag_3': 0.07144776096055383, 'lag_4': 0.3240645442699155, 'lag_5': 0.9326611301612993, 'lag_6': 0.0024314687541703295, 'lag_7': 0.24983227317862755, 'lag_8': 0.7496776877761219, 'lag_9': 0.29852299386259756, 'lag_10': 0.33200051720642376, 'lag_11': 0.02142773379107904, 'lag_12': 0.6242726164499928, 'lag_13': 0.7366361989442147, 'lag_14': 0.5492758512619378, 'lag_15': 0.2076175335133847, 'lag_16': 0.9702116088947883, 'lag_17': 0.15960256534128145, 'lag_18': 0.6828100143494695, 'lag_19': 0.11849927482048764, 'lag_20': 0.6786748590188245, 'lag_21': 0.5309169527037274, 'lag_22': 0.2255590850433448, 'lag_23': 0.4552484674862768, 'lag_24': 0.9205867148969268, 'lag_25': 0.642821884589738, 'lag_26': 0.3949024967789954, 'lag_27': 0.5535397256128203, 'lag_28': 0.11145118176134167}. Best is trial 14 with value: 0.010213240992586036.
[I 2025-09-29 11:53:10,174] Trial 31 finished with value: 0.010611415550682925 and parameters: {'lag_0': 0.40714180352739726, 'lag_1': 0.21496830304508077, 'lag_2': 0.5588746721206422, 'lag_3': 0.08814688325550332, 'lag_4': 0.295156596511291, 'lag_5': 0.9196963236875808, 'lag_6': 0.0028485049947606193, 'lag_7': 0.2492375308523222, 'lag_8': 0.6868286499743845, 'lag_9': 0.29739987263050605, 'lag_10': 0.34808246036540547, 'lag_11': 0.00217598971517885, 'lag_12': 0.5044132702712163, 'lag_13': 0.7411234524618154, 'lag_14': 0.4921472951212487, 'lag_15': 0.18970044145774984, 'lag_16': 0.8959284772793128, 'lag_17': 0.17063615809880062, 'lag_18': 0.6460000685919145, 'lag_19': 0.07129242506578023, 'lag_20': 0.7771124617169951, 'lag_21': 0.5400488997120753, 'lag_22': 0.22534638711656818, 'lag_23': 0.294027311639137, 'lag_24': 0.9019814121528595, 'lag_25': 0.6102573736782031, 'lag_26': 0.36378468148244786, 'lag_27': 0.5513509577570344, 'lag_28': 0.08596249737971598}. Best is trial 14 with value: 0.010213240992586036.
[I 2025-09-29 11:53:12,517] Trial 32 finished with value: 0.010422400227223013 and parameters: {'lag_0': 0.1540623339129124, 'lag_1': 0.09403262866390694, 'lag_2': 0.4809977864368006, 'lag_3': 0.010082368809159949, 'lag_4': 0.19473346819713394, 'lag_5': 0.7549331746030079, 'lag_6': 0.1157664923651397, 'lag_7': 0.1715523517819817, 'lag_8': 0.9353333441933621, 'lag_9': 0.173895256231737, 'lag_10': 0.13588714810156388, 'lag_11': 0.1312267630876805, 'lag_12': 0.6310144307279029, 'lag_13': 0.6086138933061729, 'lag_14': 0.5594862283414858, 'lag_15': 0.3003467388553241, 'lag_16': 0.9655491021997835, 'lag_17': 0.30229288650231695, 'lag_18': 0.7038537668912167, 'lag_19': 0.18683897198964183, 'lag_20': 0.6670926568764668, 'lag_21': 0.62672954441342, 'lag_22': 0.3485338072410108, 'lag_23': 0.46613975304032274, 'lag_24': 0.9427141679789436, 'lag_25': 0.5161830157953597, 'lag_26': 0.482924251912327, 'lag_27': 0.4433926980034998, 'lag_28': 0.0016280995776567914}. Best is trial 14 with value: 0.010213240992586036.
[I 2025-09-29 11:53:14,865] Trial 33 finished with value: 0.010644780464564787 and parameters: {'lag_0': 0.51965379942448, 'lag_1': 0.35797202697776814, 'lag_2': 0.6446384776337702, 'lag_3': 0.17527962244754258, 'lag_4': 0.49907198684676607, 'lag_5': 0.9299754014297505, 'lag_6': 0.561602213718991, 'lag_7': 0.3655587949004721, 'lag_8': 0.7338348774925814, 'lag_9': 0.10687302638047749, 'lag_10': 0.4659811700863295, 'lag_11': 0.6713090792060512, 'lag_12': 0.503437929491174, 'lag_13': 0.5081876462186004, 'lag_14': 0.4977581864007226, 'lag_15': 0.4063790800555883, 'lag_16': 0.7752509130810628, 'lag_17': 0.0880519230138782, 'lag_18': 0.5452098830480415, 'lag_19': 0.2703551329892691, 'lag_20': 0.4553613291717618, 'lag_21': 0.7222660496972079, 'lag_22': 0.2312490657071763, 'lag_23': 0.42698272837892515, 'lag_24': 0.8073281438501116, 'lag_25': 0.6653681919985568, 'lag_26': 0.5019016990198315, 'lag_27': 0.5720767150688892, 'lag_28': 0.2083287838076664}. Best is trial 14 with value: 0.010213240992586036.
[I 2025-09-29 11:53:17,214] Trial 34 finished with value: 0.010620051471033627 and parameters: {'lag_0': 0.6984911889372913, 'lag_1': 0.2908923780348764, 'lag_2': 0.7201449689263213, 'lag_3': 0.07142753698610281, 'lag_4': 0.10781153679496186, 'lag_5': 0.6133717803292958, 'lag_6': 0.4436259650296131, 'lag_7': 0.06050733476544791, 'lag_8': 0.8097192031317008, 'lag_9': 0.4076940686185992, 'lag_10': 0.36081190491996795, 'lag_11': 0.42253482994448144, 'lag_12': 0.7041953490435916, 'lag_13': 0.8785041047917035, 'lag_14': 0.8189399762455318, 'lag_15': 0.5495297547166671, 'lag_16': 0.4595632841829227, 'lag_17': 0.19488734218913428, 'lag_18': 0.42667191944070015, 'lag_19': 0.10577234288816993, 'lag_20': 0.39279099359306163, 'lag_21': 0.8454179097467023, 'lag_22': 0.47540275382581676, 'lag_23': 0.3435189250117905, 'lag_24': 0.6725236753105146, 'lag_25': 0.7253652157065207, 'lag_26': 0.6531086528679295, 'lag_27': 0.6295590371446433, 'lag_28': 0.13332825452701091}. Best is trial 14 with value: 0.010213240992586036.
[I 2025-09-29 11:53:19,555] Trial 35 finished with value: 0.010473611021324648 and parameters: {'lag_0': 0.5650656195673719, 'lag_1': 0.4305618714759547, 'lag_2': 0.5812758379132177, 'lag_3': 0.3034338581324525, 'lag_4': 0.3536420767607822, 'lag_5': 0.999731893170708, 'lag_6': 0.08387405925394156, 'lag_7': 0.59568031441898, 'lag_8': 0.4313086400852957, 'lag_9': 0.2849795296813369, 'lag_10': 0.6074529334643356, 'lag_11': 0.7755076239019885, 'lag_12': 0.5721262803172299, 'lag_13': 0.7339751928833174, 'lag_14': 0.9099302790729573, 'lag_15': 0.05163900601580022, 'lag_16': 0.35096688559861294, 'lag_17': 0.3650794600612337, 'lag_18': 0.8773465494100999, 'lag_19': 0.1901042735911902, 'lag_20': 0.7873862355437772, 'lag_21': 0.5114865091685995, 'lag_22': 0.05921359969940734, 'lag_23': 0.20945771962086662, 'lag_24': 0.7772071081458596, 'lag_25': 0.456749884448587, 'lag_26': 0.26596883252906495, 'lag_27': 0.2980727789638598, 'lag_28': 0.10269934442875862}. Best is trial 14 with value: 0.010213240992586036.
[I 2025-09-29 11:53:21,903] Trial 36 finished with value: 0.0104245738997955 and parameters: {'lag_0': 0.469346775748271, 'lag_1': 0.6449460213417009, 'lag_2': 0.7850318023623413, 'lag_3': 0.18391592492795103, 'lag_4': 0.2576690679397753, 'lag_5': 0.8644767564812097, 'lag_6': 0.30994337479376644, 'lag_7': 0.2398298390755871, 'lag_8': 0.6101095942756263, 'lag_9': 0.15702452768489292, 'lag_10': 0.49193290781166804, 'lag_11': 0.708067597442097, 'lag_12': 0.624762302906168, 'lag_13': 0.8508480301104139, 'lag_14': 0.9729367336864903, 'lag_15': 0.2052634339016901, 'lag_16': 0.6279342409114779, 'lag_17': 0.43557574831911094, 'lag_18': 0.3876275643016677, 'lag_19': 0.010827832891924828, 'lag_20': 0.6331805676234872, 'lag_21': 0.457313646455256, 'lag_22': 0.18214766317931208, 'lag_23': 0.5558124854375384, 'lag_24': 0.9174853048056766, 'lag_25': 0.6388735480424681, 'lag_26': 0.3846319568301202, 'lag_27': 0.08901369984949814, 'lag_28': 0.27350478216461116}. Best is trial 14 with value: 0.010213240992586036.
[I 2025-09-29 11:53:24,253] Trial 37 finished with value: 0.01044533205411929 and parameters: {'lag_0': 0.2958444505393834, 'lag_1': 0.10858119884975836, 'lag_2': 0.46321540726486754, 'lag_3': 0.5676835591376415, 'lag_4': 0.7134565146239039, 'lag_5': 0.48059189238888944, 'lag_6': 0.4687584635558005, 'lag_7': 0.08113521687891492, 'lag_8': 0.5569603887302998, 'lag_9': 0.08951193774375366, 'lag_10': 0.6904241845395662, 'lag_11': 0.5683845301635936, 'lag_12': 0.7669421968369152, 'lag_13': 0.6381918217828781, 'lag_14': 0.7070794953652046, 'lag_15': 0.2785057222126237, 'lag_16': 0.7665205408189297, 'lag_17': 0.08281745417745733, 'lag_18': 0.7404035975352171, 'lag_19': 0.26282238229744337, 'lag_20': 0.5139053475437695, 'lag_21': 0.7360385515138799, 'lag_22': 0.6743753563482485, 'lag_23': 0.8247035147559642, 'lag_24': 0.44865638641085326, 'lag_25': 0.8145879576790362, 'lag_26': 0.5919110325019301, 'lag_27': 0.5033728209735702, 'lag_28': 0.056424971787111367}. Best is trial 14 with value: 0.010213240992586036.
[I 2025-09-29 11:53:26,599] Trial 38 finished with value: 0.010609594451877705 and parameters: {'lag_0': 0.3867869242869915, 'lag_1': 0.2914914839352609, 'lag_2': 0.3951909903071874, 'lag_3': 0.12480124001893128, 'lag_4': 0.5153880064936649, 'lag_5': 0.3625339072025738, 'lag_6': 0.2188112059669707, 'lag_7': 0.19559298127905728, 'lag_8': 0.36829821297038984, 'lag_9': 0.9902262259144764, 'lag_10': 0.42082883484813693, 'lag_11': 0.2459128971449749, 'lag_12': 0.34806412213945154, 'lag_13': 0.775938720435595, 'lag_14': 0.0017142900170232789, 'lag_15': 0.10656082194095641, 'lag_16': 0.8560554214793874, 'lag_17': 0.5960898899947618, 'lag_18': 0.5830798364146726, 'lag_19': 0.0760750640756626, 'lag_20': 0.32084970508340444, 'lag_21': 0.3953650167367277, 'lag_22': 0.316127421758009, 'lag_23': 0.4425547907021875, 'lag_24': 0.3331079050462529, 'lag_25': 0.5547094377487468, 'lag_26': 0.7665958358109144, 'lag_27': 0.19475961250551727, 'lag_28': 0.3830112151291872}. Best is trial 14 with value: 0.010213240992586036.
[I 2025-09-29 11:53:28,946] Trial 39 finished with value: 0.010554522097851637 and parameters: {'lag_0': 0.5319375274088911, 'lag_1': 0.9303273939264901, 'lag_2': 0.668366677781919, 'lag_3': 0.5160373460835205, 'lag_4': 0.07834171997388284, 'lag_5': 0.7351647093365262, 'lag_6': 0.8720563761837664, 'lag_7': 0.47332973388116717, 'lag_8': 0.2960230908516943, 'lag_9': 0.37940429751875193, 'lag_10': 0.2963963979721408, 'lag_11': 0.03537406191829362, 'lag_12': 0.461780127787888, 'lag_13': 0.8959562223729421, 'lag_14': 0.5517967111997931, 'lag_15': 0.49385535738019787, 'lag_16': 0.1844481881703388, 'lag_17': 0.7950585477255561, 'lag_18': 0.2953622227259678, 'lag_19': 0.7119474507957106, 'lag_20': 0.43392800366284145, 'lag_21': 0.8857052545003083, 'lag_22': 0.1195347205674637, 'lag_23': 0.6509005645297758, 'lag_24': 0.48290393292727896, 'lag_25': 0.9941602165007111, 'lag_26': 0.09406801510251651, 'lag_27': 0.3720113658794529, 'lag_28': 0.15706223320064877}. Best is trial 14 with value: 0.010213240992586036.
[I 2025-09-29 11:53:31,403] Trial 40 finished with value: 0.010602894947341544 and parameters: {'lag_0': 0.8111969083070405, 'lag_1': 0.5486009543980733, 'lag_2': 0.2850373299844811, 'lag_3': 0.9062048392191872, 'lag_4': 0.298524954203255, 'lag_5': 0.6618874560913742, 'lag_6': 0.7643207175448039, 'lag_7': 0.34538835922407085, 'lag_8': 0.6830782645761317, 'lag_9': 0.1460053897187896, 'lag_10': 0.7533906367464783, 'lag_11': 0.5292027166210357, 'lag_12': 0.5348943225672786, 'lag_13': 0.46606279916622945, 'lag_14': 0.4569018471206655, 'lag_15': 0.1310927774947594, 'lag_16': 0.9984353129085934, 'lag_17': 0.43467579601002104, 'lag_18': 0.568831512729912, 'lag_19': 0.15673832397404686, 'lag_20': 0.17133911560659543, 'lag_21': 0.24264790369718534, 'lag_22': 0.23986075983797797, 'lag_23': 0.5676921906521464, 'lag_24': 0.8307593791212576, 'lag_25': 0.25469308406825136, 'lag_26': 0.18932678232454672, 'lag_27': 0.6734240564052474, 'lag_28': 0.8757552627069497}. Best is trial 14 with value: 0.010213240992586036.
