[I 2025-09-29 11:59:20,628] Trial 67 finished with value: 0.005480791839652692 and parameters: {'lag_0': 0.6864400178606389, 'lag_1': 0.7740520985284955, 'lag_2': 0.4100110060317425, 'lag_3': 0.7096188315675834, 'lag_4': 0.32832970430388275, 'lag_5': 0.6642977978725162, 'lag_6': 0.009026895685333387, 'lag_7': 0.13677930870769173, 'lag_8': 0.3075324532440618, 'lag_9': 0.4657569954346176, 'lag_10': 0.25676837215367876, 'lag_11': 0.4973137386458041, 'lag_12': 0.66034487573048, 'lag_13': 0.26465801245193266, 'lag_14': 0.3229552059239824, 'lag_15': 0.3894021597853405, 'lag_16': 0.00882084962609081, 'lag_17': 0.6603739016847323, 'lag_18': 0.4501242069496818, 'lag_19': 0.4590636186124697, 'lag_20': 0.7821036541943454, 'lag_21': 0.010626783802234564, 'lag_22': 0.6547478438185828, 'lag_23': 0.34348594582845476, 'lag_24': 0.32032520809431997, 'lag_25': 0.8633653544218385, 'lag_26': 0.8022710811390026, 'lag_27': 0.4007799339290479, 'lag_28': 0.8835537078720368}. Best is trial 54 with value: 0.005274526973429889.
[I 2025-09-29 11:59:23,271] Trial 68 finished with value: 0.005487098301280556 and parameters: {'lag_0': 0.884560106163564, 'lag_1': 0.9027320413324597, 'lag_2': 0.8611341066896097, 'lag_3': 0.6742668536739009, 'lag_4': 0.8767719998338006, 'lag_5': 0.9148884302493082, 'lag_6': 0.6574520350156059, 'lag_7': 0.4019547078883269, 'lag_8': 0.4224474145459218, 'lag_9': 0.3041505855836447, 'lag_10': 0.954159960791142, 'lag_11': 0.2411084038641247, 'lag_12': 0.3460260298280258, 'lag_13': 0.3345103090195176, 'lag_14': 0.031702435260867634, 'lag_15': 0.21778317932703073, 'lag_16': 0.6277564345804669, 'lag_17': 0.6078528652273233, 'lag_18': 0.6624913481637337, 'lag_19': 0.8121984236817174, 'lag_20': 0.526345696855495, 'lag_21': 0.14082817526616667, 'lag_22': 0.8664054085730633, 'lag_23': 0.5226159693958964, 'lag_24': 0.4441268804506908, 'lag_25': 0.7889117169812532, 'lag_26': 0.9015159913273153, 'lag_27': 0.488282010411611, 'lag_28': 0.32158695907194046}. Best is trial 54 with value: 0.005274526973429889.
[I 2025-09-29 11:59:25,894] Trial 69 finished with value: 0.005316492930828615 and parameters: {'lag_0': 0.2864472274973938, 'lag_1': 0.0060532578095344736, 'lag_2': 0.21826233760662261, 'lag_3': 0.9190444823902835, 'lag_4': 0.9320614223081871, 'lag_5': 0.19536135478100375, 'lag_6': 0.8984991209488559, 'lag_7': 0.3151787417757043, 'lag_8': 0.2154837142856656, 'lag_9': 0.49919814740772245, 'lag_10': 0.7367043286214041, 'lag_11': 0.3684307593094797, 'lag_12': 0.5005679632795541, 'lag_13': 0.04143891950936446, 'lag_14': 0.2537140395048894, 'lag_15': 0.33993415877312433, 'lag_16': 0.5779575945812577, 'lag_17': 0.5305801274043377, 'lag_18': 0.8900409985965317, 'lag_19': 0.33416520725694965, 'lag_20': 0.6262509881599221, 'lag_21': 0.5486871833817123, 'lag_22': 0.9998152656095711, 'lag_23': 0.8361192359667216, 'lag_24': 0.37752729589945566, 'lag_25': 0.6195905617517833, 'lag_26': 0.26115670369296795, 'lag_27': 0.5726504003985304, 'lag_28': 0.960766545516631}. Best is trial 54 with value: 0.005274526973429889.
[I 2025-09-29 11:59:28,521] Trial 70 finished with value: 0.005156360509209499 and parameters: {'lag_0': 0.2833504682859792, 'lag_1': 0.29631067983702425, 'lag_2': 0.1330256103940905, 'lag_3': 0.9438483681348206, 'lag_4': 0.9421419413305437, 'lag_5': 0.16735050480013422, 'lag_6': 0.8880841835174932, 'lag_7': 0.3169982373227479, 'lag_8': 0.09117949441797282, 'lag_9': 0.6071694145253884, 'lag_10': 0.7309069756175699, 'lag_11': 0.3518650996448609, 'lag_12': 0.3781313656812549, 'lag_13': 0.035165957614885834, 'lag_14': 0.736313878488007, 'lag_15': 0.3435195850692108, 'lag_16': 0.4260324321193235, 'lag_17': 0.5579326461866657, 'lag_18': 0.8863848991873748, 'lag_19': 0.00015598687849055493, 'lag_20': 0.6194183902491901, 'lag_21': 0.5725372220927393, 'lag_22': 0.9925093694288548, 'lag_23': 0.8485081756848205, 'lag_24': 0.3751652072599022, 'lag_25': 0.4917239430971197, 'lag_26': 0.37053052463288677, 'lag_27': 0.552042749349463, 'lag_28': 0.9523675318768634}. Best is trial 70 with value: 0.005156360509209499.
[I 2025-09-29 11:59:31,164] Trial 71 finished with value: 0.0055558745590129615 and parameters: {'lag_0': 0.2799376575169576, 'lag_1': 0.029883985097065677, 'lag_2': 0.1484470590583242, 'lag_3': 0.9105593297837653, 'lag_4': 0.9381561691438348, 'lag_5': 0.17208830183505747, 'lag_6': 0.9528493969428296, 'lag_7': 0.31687423847721474, 'lag_8': 0.0684720807170599, 'lag_9': 0.5888598417739707, 'lag_10': 0.6598887630243672, 'lag_11': 0.37130374260383736, 'lag_12': 0.3767197998381835, 'lag_13': 0.04965400540585879, 'lag_14': 0.7276796889022966, 'lag_15': 0.3409891409113196, 'lag_16': 0.5256944094738252, 'lag_17': 0.5353580762744647, 'lag_18': 0.8880031967218716, 'lag_19': 0.011655299714451306, 'lag_20': 0.7285404651979523, 'lag_21': 0.528687198425997, 'lag_22': 0.9485174245906517, 'lag_23': 0.8485246228504735, 'lag_24': 0.38723950999207285, 'lag_25': 0.24029616027357653, 'lag_26': 0.42739698277947064, 'lag_27': 0.5755383112198671, 'lag_28': 0.9967857908974133}. Best is trial 70 with value: 0.005156360509209499.
[I 2025-09-29 11:59:33,807] Trial 72 finished with value: 0.0054651908807673375 and parameters: {'lag_0': 0.3416806783304712, 'lag_1': 0.2504470408809073, 'lag_2': 0.06857962180547113, 'lag_3': 0.9407155408444778, 'lag_4': 0.9929583717443927, 'lag_5': 0.10325711526140735, 'lag_6': 0.899745967514955, 'lag_7': 0.4379686082134845, 'lag_8': 0.1796442901840346, 'lag_9': 0.4878401217309756, 'lag_10': 0.7417472149573869, 'lag_11': 0.2834002556371913, 'lag_12': 0.43367185309678535, 'lag_13': 0.13771364770985117, 'lag_14': 0.6529167079534332, 'lag_15': 0.45204784112310326, 'lag_16': 0.5749620598214685, 'lag_17': 0.4614201008374071, 'lag_18': 0.8476778058981632, 'lag_19': 0.3502341637487741, 'lag_20': 0.6641151136576078, 'lag_21': 0.5709203879540498, 'lag_22': 0.9527299466337098, 'lag_23': 0.925544538871597, 'lag_24': 0.4197354814287008, 'lag_25': 0.502360552924949, 'lag_26': 0.3644361596940134, 'lag_27': 0.5568599663712889, 'lag_28': 0.9443178691477147}. Best is trial 70 with value: 0.005156360509209499.
[I 2025-09-29 11:59:36,440] Trial 73 finished with value: 0.005282273281133764 and parameters: {'lag_0': 0.2089436732574516, 'lag_1': 0.14253521609273287, 'lag_2': 0.20938776606242662, 'lag_3': 0.9711039561322942, 'lag_4': 0.9500228877205449, 'lag_5': 0.2062474871837428, 'lag_6': 0.8302414888485375, 'lag_7': 0.34888998522075837, 'lag_8': 0.1451079793016578, 'lag_9': 0.5455226609684904, 'lag_10': 0.6941402127793239, 'lag_11': 0.3439008225314267, 'lag_12': 0.5013589556860627, 'lag_13': 0.03300027858072549, 'lag_14': 0.6168405471797362, 'lag_15': 0.5163634516168402, 'lag_16': 0.45353229657483174, 'lag_17': 0.5000777932627494, 'lag_18': 0.7950970274098332, 'lag_19': 0.042112931298928055, 'lag_20': 0.6346337777985525, 'lag_21': 0.5326694930722845, 'lag_22': 0.983104199029415, 'lag_23': 0.7886184198160735, 'lag_24': 0.2501788485125777, 'lag_25': 0.40488660403999516, 'lag_26': 0.28175126122276234, 'lag_27': 0.6225975620155534, 'lag_28': 0.9535435127968239}. Best is trial 70 with value: 0.005156360509209499.
[I 2025-09-29 11:59:39,070] Trial 74 finished with value: 0.005431757824630188 and parameters: {'lag_0': 0.2044149132102276, 'lag_1': 0.06969544861234961, 'lag_2': 0.21369034290782313, 'lag_3': 0.9889256926150088, 'lag_4': 0.9356671131270359, 'lag_5': 0.20010204589414532, 'lag_6': 0.8278160619430155, 'lag_7': 0.35712460485395764, 'lag_8': 0.15035394051005835, 'lag_9': 0.539514404924787, 'lag_10': 0.6915359318256842, 'lag_11': 0.3522824122594754, 'lag_12': 0.5108508111459924, 'lag_13': 0.09816266325485892, 'lag_14': 0.5888711677112686, 'lag_15': 0.5660281534139369, 'lag_16': 0.456347436708941, 'lag_17': 0.4162530268193357, 'lag_18': 0.739328053778513, 'lag_19': 0.044010544149704484, 'lag_20': 0.6137571804752538, 'lag_21': 0.5987578350385911, 'lag_22': 0.9998037603628129, 'lag_23': 0.8458571591656221, 'lag_24': 0.24623218619999904, 'lag_25': 0.08223129851382362, 'lag_26': 0.47617767931325383, 'lag_27': 0.6297069584968186, 'lag_28': 0.959650753918812}. Best is trial 70 with value: 0.005156360509209499.
[I 2025-09-29 11:59:41,715] Trial 75 finished with value: 0.005584632670287644 and parameters: {'lag_0': 0.3009080081679535, 'lag_1': 0.12504962204339456, 'lag_2': 0.06800834131950154, 'lag_3': 0.8675887293963186, 'lag_4': 0.945341368875075, 'lag_5': 0.21515065289972846, 'lag_6': 0.8048010226271418, 'lag_7': 0.28976764818281314, 'lag_8': 0.01021825625918818, 'lag_9': 0.6117900460296513, 'lag_10': 0.6368409284366114, 'lag_11': 0.12800085067059283, 'lag_12': 0.5648545127215732, 'lag_13': 0.03170210647247104, 'lag_14': 0.6827455401585011, 'lag_15': 0.5038348812756724, 'lag_16': 0.5123264660240717, 'lag_17': 0.5053931885042275, 'lag_18': 0.8001431821806742, 'lag_19': 0.07550525639272591, 'lag_20': 0.6266124125672118, 'lag_21': 0.6257682820802983, 'lag_22': 0.9305793421870284, 'lag_23': 0.7985571757592652, 'lag_24': 0.15134870734497108, 'lag_25': 0.15790526680478073, 'lag_26': 0.24841495350325984, 'lag_27': 0.7054562690301547, 'lag_28': 0.8762867699285221}. Best is trial 70 with value: 0.005156360509209499.
[I 2025-09-29 11:59:44,341] Trial 76 finished with value: 0.005294668075141228 and parameters: {'lag_0': 0.2596115273067182, 'lag_1': 0.18974869547585616, 'lag_2': 0.2546289779711361, 'lag_3': 0.978021018457517, 'lag_4': 0.8685001046718639, 'lag_5': 0.06734868680034914, 'lag_6': 0.9366577915481576, 'lag_7': 0.40260658754517475, 'lag_8': 0.08594170515360817, 'lag_9': 0.5130016180205824, 'lag_10': 0.5221558648359255, 'lag_11': 0.32446798472135746, 'lag_12': 0.4606151822341822, 'lag_13': 0.09718522845001783, 'lag_14': 0.5289176180688986, 'lag_15': 0.5127190419721814, 'lag_16': 0.4131629418487604, 'lag_17': 0.5715325852373303, 'lag_18': 0.8408526675848171, 'lag_19': 0.003918135681345629, 'lag_20': 0.48364241106059314, 'lag_21': 0.6613083462027237, 'lag_22': 0.9777326723036823, 'lag_23': 0.7712164006354993, 'lag_24': 0.34934606177255245, 'lag_25': 0.4345551139603045, 'lag_26': 0.5274765695930942, 'lag_27': 0.6617459372964344, 'lag_28': 0.9394065865385505}. Best is trial 70 with value: 0.005156360509209499.
[I 2025-09-29 11:59:46,961] Trial 77 finished with value: 0.005451489177047058 and parameters: {'lag_0': 0.24788151618836524, 'lag_1': 0.18249219380635262, 'lag_2': 0.2619313768200427, 'lag_3': 0.9989768594287778, 'lag_4': 0.9059120481799571, 'lag_5': 0.06428862499310209, 'lag_6': 0.8905404176213647, 'lag_7': 0.39145093922287555, 'lag_8': 0.09586132261228786, 'lag_9': 0.5072971100984003, 'lag_10': 0.5409896596608779, 'lag_11': 0.3915608300606913, 'lag_12': 0.4776140619024378, 'lag_13': 0.035231383325586056, 'lag_14': 0.5173307200993297, 'lag_15': 0.6308293372543692, 'lag_16': 0.48740126014729235, 'lag_17': 0.5592691136223301, 'lag_18': 0.8464840433377852, 'lag_19': 0.024562007125176342, 'lag_20': 0.4853074939941365, 'lag_21': 0.6622737395580288, 'lag_22': 0.9871395430882232, 'lag_23': 0.7623106735743026, 'lag_24': 0.3595001353351501, 'lag_25': 0.4239624685697855, 'lag_26': 0.31004645124011043, 'lag_27': 0.6662767182028559, 'lag_28': 0.9482207779377567}. Best is trial 70 with value: 0.005156360509209499.
[I 2025-09-29 11:59:49,716] Trial 78 finished with value: 0.005503622706417114 and parameters: {'lag_0': 0.31429777648813084, 'lag_1': 0.3375084813515849, 'lag_2': 0.16494376267754404, 'lag_3': 0.9474066133061716, 'lag_4': 0.8667106634722697, 'lag_5': 0.12361300890012288, 'lag_6': 0.9422931332961263, 'lag_7': 0.2720717636610521, 'lag_8': 0.04043008438911095, 'lag_9': 0.5666290652532501, 'lag_10': 0.5768189373390794, 'lag_11': 0.3259147296174356, 'lag_12': 0.5345530496489002, 'lag_13': 0.0885866270122338, 'lag_14': 0.6360375666143454, 'lag_15': 0.5303164023913494, 'lag_16': 0.4102087473748114, 'lag_17': 0.603709843671212, 'lag_18': 0.7707860880338623, 'lag_19': 0.0011174145170791336, 'lag_20': 0.5771629524020784, 'lag_21': 0.5582077074924537, 'lag_22': 0.978617432635038, 'lag_23': 0.8828802983144175, 'lag_24': 0.3202171214826745, 'lag_25': 0.3355083392261755, 'lag_26': 0.5244575212897654, 'lag_27': 0.7434416294663592, 'lag_28': 0.934715367435755}. Best is trial 70 with value: 0.005156360509209499.
[I 2025-09-29 11:59:52,325] Trial 79 finished with value: 0.005319563454527854 and parameters: {'lag_0': 0.4346086232287656, 'lag_1': 0.11715858387990616, 'lag_2': 0.21173910950891606, 'lag_3': 0.9714661009552907, 'lag_4': 0.8530002970357935, 'lag_5': 0.09627768700259037, 'lag_6': 0.8568882286676679, 'lag_7': 0.3376165685592132, 'lag_8': 0.08101839296063486, 'lag_9': 0.6893915931165571, 'lag_10': 0.5222869926551101, 'lag_11': 0.21747517745034686, 'lag_12': 0.39020507276602623, 'lag_13': 0.0027232394462730625, 'lag_14': 0.46886068075152704, 'lag_15': 0.41538634530898955, 'lag_16': 0.44470862524648247, 'lag_17': 0.5220415018668394, 'lag_18': 0.8874036926807166, 'lag_19': 0.09200075467907956, 'lag_20': 0.6288457481158837, 'lag_21': 0.4585955882759868, 'lag_22': 0.8783016857043693, 'lag_23': 0.7081887457685757, 'lag_24': 0.29434919653566155, 'lag_25': 0.4693272992022826, 'lag_26': 0.273186371205665, 'lag_27': 0.680838439977895, 'lag_28': 0.9697840977366388}. Best is trial 70 with value: 0.005156360509209499.
[I 2025-09-29 11:59:54,936] Trial 80 finished with value: 0.005506121589695818 and parameters: {'lag_0': 0.2655474148203436, 'lag_1': 0.10182385371800991, 'lag_2': 0.040340800222920414, 'lag_3': 0.9653679567197042, 'lag_4': 0.8140691995109346, 'lag_5': 0.09938733444418868, 'lag_6': 0.8533208040198914, 'lag_7': 0.31703448038009624, 'lag_8': 0.07697838594455089, 'lag_9': 0.6931760981043293, 'lag_10': 0.5130427817666522, 'lag_11': 0.2139130367960837, 'lag_12': 0.4586182324065732, 'lag_13': 0.002635713949778948, 'lag_14': 0.5433961264319663, 'lag_15': 0.4421909249442004, 'lag_16': 0.44464124783654024, 'lag_17': 0.486805422938107, 'lag_18': 0.9245964448512023, 'lag_19': 0.10072517144431169, 'lag_20': 0.6335286013893618, 'lag_21': 0.5111906662495731, 'lag_22': 0.9168603070599014, 'lag_23': 0.6941105108296587, 'lag_24': 0.2553832427500541, 'lag_25': 0.39501223204833835, 'lag_26': 0.2510169151929899, 'lag_27': 0.6996332492413929, 'lag_28': 0.9803381145379307}. Best is trial 70 with value: 0.005156360509209499.
[I 2025-09-29 11:59:57,539] Trial 81 finished with value: 0.005349940356179972 and parameters: {'lag_0': 0.20203334379037988, 'lag_1': 0.16921392161967932, 'lag_2': 0.10389056064524, 'lag_3': 0.9042063489917826, 'lag_4': 0.9698800190316437, 'lag_5': 0.049888272963135034, 'lag_6': 0.9791676842106556, 'lag_7': 0.37615763473632696, 'lag_8': 0.20345813479689276, 'lag_9': 0.6218931952188386, 'lag_10': 0.6128813237255367, 'lag_11': 0.29856962510795165, 'lag_12': 0.4038137152130656, 'lag_13': 0.04828201157779123, 'lag_14': 0.4794479985304393, 'lag_15': 0.40895341099109644, 'lag_16': 0.38098742109375194, 'lag_17': 0.5245405869684976, 'lag_18': 0.8849804146669976, 'lag_19': 0.04501172632878677, 'lag_20': 0.5422909231444233, 'lag_21': 0.3749028968567349, 'lag_22': 0.8949851030034476, 'lag_23': 0.7442274425596114, 'lag_24': 0.34557373913573614, 'lag_25': 0.46823450807573747, 'lag_26': 0.28692976995512093, 'lag_27': 0.7792150342536679, 'lag_28': 0.8936136689906475}. Best is trial 70 with value: 0.005156360509209499.
[I 2025-09-29 12:00:00,148] Trial 82 finished with value: 0.005484655467969802 and parameters: {'lag_0': 0.4131786532905843, 'lag_1': 0.004131088749246878, 'lag_2': 0.3195418779686003, 'lag_3': 0.9345589341059107, 'lag_4': 0.9233679356459858, 'lag_5': 0.16004752367157676, 'lag_6': 0.9146724005874709, 'lag_7': 0.34960737384478685, 'lag_8': 0.04730584513105354, 'lag_9': 0.499091384243988, 'lag_10': 0.5212765164266792, 'lag_11': 0.24784245574061656, 'lag_12': 0.3853371793333068, 'lag_13': 0.1761038680034896, 'lag_14': 0.44213088820645147, 'lag_15': 0.4859585186538917, 'lag_16': 0.4171742742225981, 'lag_17': 0.5558759343044178, 'lag_18': 0.8223360968591116, 'lag_19': 0.1486114717543572, 'lag_20': 0.6922039481874313, 'lag_21': 0.44337239251139127, 'lag_22': 0.8721983385352056, 'lag_23': 0.7769435898889239, 'lag_24': 0.3070726146325785, 'lag_25': 0.5172958903717779, 'lag_26': 0.37296277463733585, 'lag_27': 0.6012944353547821, 'lag_28': 0.8463592470446191}. Best is trial 70 with value: 0.005156360509209499.
[I 2025-09-29 12:00:02,746] Trial 83 finished with value: 0.005455038233312534 and parameters: {'lag_0': 0.361488116968473, 'lag_1': 0.28051030064926086, 'lag_2': 0.22437178439182956, 'lag_3': 0.8859880926815256, 'lag_4': 0.8606164600399984, 'lag_5': 0.24107257866091358, 'lag_6': 0.7383192195290698, 'lag_7': 0.40507549837153284, 'lag_8': 0.1331679626986187, 'lag_9': 0.5489032989624687, 'lag_10': 0.4526409511718222, 'lag_11': 0.18031131620532992, 'lag_12': 0.3341015560324998, 'lag_13': 0.08721654409309652, 'lag_14': 0.362713023402644, 'lag_15': 0.3982961578179381, 'lag_16': 0.46501336249130154, 'lag_17': 0.6965992184087074, 'lag_18': 0.7943045893841332, 'lag_19': 0.0004847888158337559, 'lag_20': 0.6754719379005107, 'lag_21': 0.5483089695406206, 'lag_22': 0.9708532195709156, 'lag_23': 0.8248982512840894, 'lag_24': 0.22732666638571494, 'lag_25': 0.402944089079258, 'lag_26': 0.3427733165382809, 'lag_27': 0.6396657209577188, 'lag_28': 0.9705206352057186}. Best is trial 70 with value: 0.005156360509209499.
[I 2025-09-29 12:00:05,265] Trial 84 finished with value: 0.005380597673865562 and parameters: {'lag_0': 0.497079209662747, 'lag_1': 0.21587039681069314, 'lag_2': 0.19241654531409308, 'lag_3': 0.9636375006830763, 'lag_4': 0.9662991017920188, 'lag_5': 0.274863394475211, 'lag_6': 0.7990875359489041, 'lag_7': 0.32765386672157454, 'lag_8': 0.09405762315652944, 'lag_9': 0.5888886498876894, 'lag_10': 0.609541155050874, 'lag_11': 0.8641153594266155, 'lag_12': 0.3617614131282195, 'lag_13': 0.06602109958763008, 'lag_14': 0.596148910215805, 'lag_15': 0.5209394037384524, 'lag_16': 0.49774780185451994, 'lag_17': 0.6682443407318944, 'lag_18': 0.9760410780386977, 'lag_19': 0.08540953092733769, 'lag_20': 0.29018218549196856, 'lag_21': 0.4047774010524906, 'lag_22': 0.9362565802718794, 'lag_23': 0.8761289612516634, 'lag_24': 0.3777878838498054, 'lag_25': 0.5563748290118031, 'lag_26': 0.42032784095172004, 'lag_27': 0.5255461739197828, 'lag_28': 0.9241218605346784}. Best is trial 70 with value: 0.005156360509209499.
[I 2025-09-29 12:00:07,712] Trial 85 finished with value: 0.005542793832266397 and parameters: {'lag_0': 0.15907944522742096, 'lag_1': 0.07381556169220438, 'lag_2': 0.1356397914601843, 'lag_3': 0.8731692415549835, 'lag_4': 0.9992341354284142, 'lag_5': 0.19012338070004547, 'lag_6': 0.8365722127773859, 'lag_7': 0.4318915071761914, 'lag_8': 0.14933948027024024, 'lag_9': 0.45236948978363783, 'lag_10': 0.5621481246505636, 'lag_11': 0.2656046720068144, 'lag_12': 0.4984097632761903, 'lag_13': 0.12813278549482676, 'lag_14': 0.48540440406660684, 'lag_15': 0.5647159083174135, 'lag_16': 0.5407433243616127, 'lag_17': 0.40562511525256606, 'lag_18': 0.9044924631820435, 'lag_19': 0.05232131022772014, 'lag_20': 0.6134181116985282, 'lag_21': 0.33709123457720486, 'lag_22': 0.828398929646618, 'lag_23': 0.7247974214445413, 'lag_24': 0.2941588184862663, 'lag_25': 0.46016358815809627, 'lag_26': 0.21133565510194963, 'lag_27': 0.6791208476568684, 'lag_28': 0.8585740707137017}. Best is trial 70 with value: 0.005156360509209499.
[I 2025-09-29 12:00:10,136] Trial 86 finished with value: 0.005309099627073283 and parameters: {'lag_0': 0.24623378743056903, 'lag_1': 0.1034103550780569, 'lag_2': 0.3088092385584153, 'lag_3': 0.9165776863332983, 'lag_4': 0.7481797821871315, 'lag_5': 0.09183009533075727, 'lag_6': 0.7743467332103272, 'lag_7': 0.22916044133385288, 'lag_8': 0.5099551271711769, 'lag_9': 0.6708325960400283, 'lag_10': 0.47471891969811286, 'lag_11': 0.2249410402069257, 'lag_12': 0.430600401670592, 'lag_13': 0.015130635156612263, 'lag_14': 0.5284031081264995, 'lag_15': 0.36761201865363213, 'lag_16': 0.5736150804320604, 'lag_17': 0.6051932906839164, 'lag_18': 0.8392485389831315, 'lag_19': 0.2846113780644083, 'lag_20': 0.5801756896055931, 'lag_21': 0.49875158622714066, 'lag_22': 0.9925033994111507, 'lag_23': 0.997880972970444, 'lag_24': 0.1794454327402339, 'lag_25': 0.2512926660682612, 'lag_26': 0.45171728240638737, 'lag_27': 0.5559375093980418, 'lag_28': 0.96253004091176}. Best is trial 70 with value: 0.005156360509209499.
[I 2025-09-29 12:00:12,557] Trial 87 finished with value: 0.005495259685677135 and parameters: {'lag_0': 0.27229549997077795, 'lag_1': 0.14398618333423646, 'lag_2': 0.23001696855146364, 'lag_3': 0.9988351983215205, 'lag_4': 0.7538555612973366, 'lag_5': 0.09111759063542511, 'lag_6': 0.7639927287568393, 'lag_7': 0.20974315542498445, 'lag_8': 0.49995762955469164, 'lag_9': 0.7693052937232919, 'lag_10': 0.4625600880511324, 'lag_11': 0.3451236931073295, 'lag_12': 0.4334571994196419, 'lag_13': 0.022981690234534814, 'lag_14': 0.6215474047697744, 'lag_15': 0.3687323285980918, 'lag_16': 0.6574526119273197, 'lag_17': 0.6065777069706111, 'lag_18': 0.9419281274322798, 'lag_19': 0.2775896480502632, 'lag_20': 0.5806656476499098, 'lag_21': 0.46916214069157636, 'lag_22': 0.9726841711447962, 'lag_23': 0.9999095352898267, 'lag_24': 0.12183082475996171, 'lag_25': 0.3292789922642523, 'lag_26': 0.4515932286627198, 'lag_27': 0.5577077614425321, 'lag_28': 0.9665056794990512}. Best is trial 70 with value: 0.005156360509209499.
