2025-09-29 13:18:06,277 - distributed.nanny - INFO -         Start Nanny at: 'tcp://192.168.86.108:42806'
2025-09-29 13:18:07,575 - distributed.worker - INFO -       Start worker at: tcp://192.168.86.108:33489
2025-09-29 13:18:07,575 - distributed.worker - INFO -          Listening to: tcp://192.168.86.108:33489
2025-09-29 13:18:07,575 - distributed.worker - INFO -           Worker name:            SLURMCluster-10
2025-09-29 13:18:07,575 - distributed.worker - INFO -          dashboard at:       192.168.86.108:40428
2025-09-29 13:18:07,575 - distributed.worker - INFO - Waiting to connect to: tcp://192.168.86.101:42031
2025-09-29 13:18:07,575 - distributed.worker - INFO - -------------------------------------------------
2025-09-29 13:18:07,575 - distributed.worker - INFO -               Threads:                          1
2025-09-29 13:18:07,575 - distributed.worker - INFO -                Memory:                   9.31 GiB
2025-09-29 13:18:07,575 - distributed.worker - INFO -       Local Directory: /home1/zrentala/dask-worker-space/dask-scratch-space/worker-jz7jcj1d
2025-09-29 13:18:07,575 - distributed.worker - INFO - -------------------------------------------------
2025-09-29 13:18:07,863 - distributed.worker - INFO - Starting Worker plugin shuffle
2025-09-29 13:18:07,864 - distributed.worker - INFO -         Registered to: tcp://192.168.86.101:42031
2025-09-29 13:18:07,864 - distributed.worker - INFO - -------------------------------------------------
2025-09-29 13:18:07,864 - distributed.core - INFO - Starting established connection to tcp://192.168.86.101:42031
[I 2025-09-29 13:18:07,940] A new study created in memory with name: no-name-85d4bab4-e41b-4270-86e0-19ab1d4f9ec8
[I 2025-09-29 13:18:10,344] Trial 0 finished with value: 0.0033733366235388766 and parameters: {'lag_0': 0.6136040804547704, 'lag_1': 0.1479474053793531, 'lag_2': 0.20421700631551493, 'lag_3': 0.029779273966110735, 'lag_4': 0.7205815976736127, 'lag_5': 0.9060458485350623, 'lag_6': 0.06458121095901026, 'lag_7': 0.7114509344921179, 'lag_8': 0.6341713854053932, 'lag_9': 0.5828246771008045, 'lag_10': 0.6391638066575778, 'lag_11': 0.8169099601070368, 'lag_12': 0.7334740599936909, 'lag_13': 0.3409345674563282, 'lag_14': 0.3930547934232075, 'lag_15': 0.9964660832095491, 'lag_16': 0.6672682473209836, 'lag_17': 0.10755688106767815, 'lag_18': 0.4850678376686092, 'lag_19': 0.7767896233971685, 'lag_20': 0.4223337476124568, 'lag_21': 0.7965094276469702, 'lag_22': 0.23900181529203274, 'lag_23': 0.6572009701411222, 'lag_24': 0.9310441696113553, 'lag_25': 0.28732645687186203, 'lag_26': 0.8019655707355137, 'lag_27': 0.6123136246855443, 'lag_28': 0.4414855095579205}. Best is trial 0 with value: 0.0033733366235388766.
[I 2025-09-29 13:18:12,728] Trial 1 finished with value: 0.00336313331985721 and parameters: {'lag_0': 0.673206100101937, 'lag_1': 0.6232891490548245, 'lag_2': 0.04520064244320508, 'lag_3': 0.38661683474235836, 'lag_4': 0.11403419297428595, 'lag_5': 0.5179783655816794, 'lag_6': 0.8201538855072082, 'lag_7': 0.7534473275846514, 'lag_8': 0.48649550040465306, 'lag_9': 0.19554752148663088, 'lag_10': 0.007271295417256106, 'lag_11': 0.25406298921753034, 'lag_12': 0.2319100123641093, 'lag_13': 0.07740659821495177, 'lag_14': 0.34947826696545436, 'lag_15': 0.3576478446457288, 'lag_16': 0.0561506421352125, 'lag_17': 0.04270551995670677, 'lag_18': 0.8278004133457164, 'lag_19': 0.9523284450432477, 'lag_20': 0.07792922989122238, 'lag_21': 0.07777744340680927, 'lag_22': 0.28198633240228493, 'lag_23': 0.9782231733292228, 'lag_24': 0.7465222883456528, 'lag_25': 0.9076954438843007, 'lag_26': 0.7927380341486315, 'lag_27': 0.45588672890177945, 'lag_28': 0.7021131585817967}. Best is trial 1 with value: 0.00336313331985721.
[I 2025-09-29 13:18:15,112] Trial 2 finished with value: 0.0034921347418580577 and parameters: {'lag_0': 0.7506034452731268, 'lag_1': 0.8805740127726226, 'lag_2': 0.9303243952116423, 'lag_3': 0.6679779121074392, 'lag_4': 0.6763400828998211, 'lag_5': 0.08387964994141661, 'lag_6': 0.9686916289991195, 'lag_7': 0.7485984232633469, 'lag_8': 0.9160554287592856, 'lag_9': 0.6321999026061162, 'lag_10': 0.8036848986253439, 'lag_11': 0.5358144744578595, 'lag_12': 0.13619053999217778, 'lag_13': 0.07074041671164634, 'lag_14': 0.8035085715253586, 'lag_15': 0.720417708633028, 'lag_16': 0.4044692009532711, 'lag_17': 0.22071059969731086, 'lag_18': 0.7651194117412401, 'lag_19': 0.08953098573840307, 'lag_20': 0.8059005673136654, 'lag_21': 0.64191329587505, 'lag_22': 0.3390578358150041, 'lag_23': 0.17819912444801944, 'lag_24': 0.34693809741398673, 'lag_25': 0.39601423884620873, 'lag_26': 0.25525530144957137, 'lag_27': 0.36826817517185845, 'lag_28': 0.32226286865216186}. Best is trial 1 with value: 0.00336313331985721.
[I 2025-09-29 13:18:17,486] Trial 3 finished with value: 0.0033358226256754615 and parameters: {'lag_0': 0.9325312864398723, 'lag_1': 0.7496190481874004, 'lag_2': 0.1666434565372203, 'lag_3': 0.04309964930017981, 'lag_4': 0.9348740181874258, 'lag_5': 0.40248015603922693, 'lag_6': 0.07820550848005146, 'lag_7': 0.7364397240310917, 'lag_8': 0.7358915341241666, 'lag_9': 0.10767733298289502, 'lag_10': 0.7435987340231416, 'lag_11': 0.8609130227172126, 'lag_12': 0.43361987419809866, 'lag_13': 0.7573717356281212, 'lag_14': 0.07298583790771893, 'lag_15': 0.7308454765150464, 'lag_16': 0.9606613956942885, 'lag_17': 0.2875160562677628, 'lag_18': 0.47752783242719987, 'lag_19': 0.4570886355260191, 'lag_20': 0.23848005065948655, 'lag_21': 0.2997082316946964, 'lag_22': 0.7463723040036744, 'lag_23': 0.5601311958393654, 'lag_24': 0.2898914391957223, 'lag_25': 0.017799263128629342, 'lag_26': 0.6187513468037721, 'lag_27': 0.3817587319823561, 'lag_28': 0.8358389509956705}. Best is trial 3 with value: 0.0033358226256754615.
[I 2025-09-29 13:18:19,852] Trial 4 finished with value: 0.0037525951609726728 and parameters: {'lag_0': 0.964445707460675, 'lag_1': 0.32180945587816345, 'lag_2': 0.25683715101716365, 'lag_3': 0.244609783428657, 'lag_4': 0.37226615187430867, 'lag_5': 0.8246771240198905, 'lag_6': 0.25184279415740657, 'lag_7': 0.5596481761606952, 'lag_8': 0.08683986616954174, 'lag_9': 0.13079004013473136, 'lag_10': 0.1393870934915464, 'lag_11': 0.8810107054772224, 'lag_12': 0.10076252661933312, 'lag_13': 0.7449957484277505, 'lag_14': 0.8191999803632297, 'lag_15': 0.8162264716179407, 'lag_16': 0.8336694261055545, 'lag_17': 0.7005198312191463, 'lag_18': 0.6517270841952519, 'lag_19': 0.879273165591439, 'lag_20': 0.8844994821362703, 'lag_21': 0.11983417050800652, 'lag_22': 0.36925989379573704, 'lag_23': 0.7327856484920743, 'lag_24': 0.44153338909389866, 'lag_25': 0.6075771781297962, 'lag_26': 0.4694094057737201, 'lag_27': 0.15328013274919858, 'lag_28': 0.5760496786711761}. Best is trial 3 with value: 0.0033358226256754615.
[I 2025-09-29 13:18:22,238] Trial 5 finished with value: 0.0033510032812643685 and parameters: {'lag_0': 0.5426648284317159, 'lag_1': 0.37859740937258946, 'lag_2': 0.3108720106916491, 'lag_3': 0.0789014590319689, 'lag_4': 0.21793829728038228, 'lag_5': 0.6827911511941009, 'lag_6': 0.13688651824104545, 'lag_7': 0.5024842814949354, 'lag_8': 0.3079411714928228, 'lag_9': 0.5530373126416888, 'lag_10': 0.2887593098945933, 'lag_11': 0.36855593788792773, 'lag_12': 0.5471676328529042, 'lag_13': 0.2965961345667508, 'lag_14': 0.47545390055410336, 'lag_15': 0.9275413722714808, 'lag_16': 0.10214699270219578, 'lag_17': 0.515293458020128, 'lag_18': 0.5607306225141435, 'lag_19': 0.7656772108268151, 'lag_20': 0.6221595644844568, 'lag_21': 0.38527109176004204, 'lag_22': 0.795388171637113, 'lag_23': 0.32168699484437735, 'lag_24': 0.4588142807056444, 'lag_25': 0.9988164999992503, 'lag_26': 0.4547442718176284, 'lag_27': 0.6296061558868599, 'lag_28': 0.061832199755807164}. Best is trial 3 with value: 0.0033358226256754615.
[I 2025-09-29 13:18:24,616] Trial 6 finished with value: 0.0036979133578924775 and parameters: {'lag_0': 0.15821310670291033, 'lag_1': 0.6274625334613031, 'lag_2': 0.8210015520266992, 'lag_3': 0.7030024903024613, 'lag_4': 0.9547642565673589, 'lag_5': 0.09737691787264366, 'lag_6': 0.982249959969564, 'lag_7': 0.040882829096042676, 'lag_8': 0.6613543987156463, 'lag_9': 0.8314948131489275, 'lag_10': 0.334328147218501, 'lag_11': 0.5144766358605766, 'lag_12': 0.33002583866503543, 'lag_13': 0.12000263124987678, 'lag_14': 0.47349950783875233, 'lag_15': 0.6940651554160757, 'lag_16': 0.6154884205679165, 'lag_17': 0.6632668213670333, 'lag_18': 0.08660694883822427, 'lag_19': 0.9788453818759675, 'lag_20': 0.6665893984608003, 'lag_21': 0.22734258552514133, 'lag_22': 0.11462491028089461, 'lag_23': 0.10872730922786855, 'lag_24': 0.4904762505774738, 'lag_25': 0.28828187155926827, 'lag_26': 0.8472623422283617, 'lag_27': 0.29712712759937765, 'lag_28': 0.8313215621491498}. Best is trial 3 with value: 0.0033358226256754615.
[I 2025-09-29 13:18:26,986] Trial 7 finished with value: 0.0033323566788180685 and parameters: {'lag_0': 0.5814403366708257, 'lag_1': 0.5936182718557029, 'lag_2': 0.45261234481173784, 'lag_3': 0.0776090209730187, 'lag_4': 0.17570768560320732, 'lag_5': 0.7850890185307843, 'lag_6': 0.341239106562415, 'lag_7': 0.3366377344164686, 'lag_8': 0.423629625766419, 'lag_9': 0.30047941278669377, 'lag_10': 0.23549270068082948, 'lag_11': 0.7648730244291504, 'lag_12': 0.20926872411126962, 'lag_13': 0.2596522388210213, 'lag_14': 0.5203788095158354, 'lag_15': 0.6213397596785197, 'lag_16': 0.7465748646301993, 'lag_17': 0.1112487789547919, 'lag_18': 0.6785180409775773, 'lag_19': 0.32896234579885425, 'lag_20': 0.28774790077098894, 'lag_21': 0.6846338461664108, 'lag_22': 0.4664688421914254, 'lag_23': 0.18387998203483064, 'lag_24': 0.3040273005059781, 'lag_25': 0.5695794401799551, 'lag_26': 0.8496640330527119, 'lag_27': 0.3340562542929938, 'lag_28': 0.7563179668592164}. Best is trial 7 with value: 0.0033323566788180685.
[I 2025-09-29 13:18:29,356] Trial 8 finished with value: 0.003287128414701329 and parameters: {'lag_0': 0.49653913817592643, 'lag_1': 0.4861250601474189, 'lag_2': 0.03054059870092407, 'lag_3': 0.3032910742087358, 'lag_4': 0.7025447817902123, 'lag_5': 0.5562259975760164, 'lag_6': 0.9761389823595761, 'lag_7': 0.08372886340448735, 'lag_8': 0.7646264582347737, 'lag_9': 0.3654193059243085, 'lag_10': 0.23977119430236787, 'lag_11': 0.2827768963156023, 'lag_12': 0.36062377803955353, 'lag_13': 0.19098115265405155, 'lag_14': 0.5803493844136562, 'lag_15': 0.12316422283437771, 'lag_16': 0.7508458092052218, 'lag_17': 0.7381534301056542, 'lag_18': 0.25924390903502953, 'lag_19': 0.30632654772085355, 'lag_20': 0.5538161207709067, 'lag_21': 0.2590445408627623, 'lag_22': 0.8206087424759556, 'lag_23': 0.7038120313029985, 'lag_24': 0.1889676747318114, 'lag_25': 0.36218448314649426, 'lag_26': 0.20848944638283184, 'lag_27': 0.397381037694351, 'lag_28': 0.4842665197343621}. Best is trial 8 with value: 0.003287128414701329.
[I 2025-09-29 13:18:31,734] Trial 9 finished with value: 0.003126438554467495 and parameters: {'lag_0': 0.7438613697550328, 'lag_1': 0.31212784247570813, 'lag_2': 0.2982132475062268, 'lag_3': 0.7159410373264359, 'lag_4': 0.9558340888475572, 'lag_5': 0.7182175458259492, 'lag_6': 0.841433750157851, 'lag_7': 0.7112414216429064, 'lag_8': 0.4083208927516119, 'lag_9': 0.5803788631169208, 'lag_10': 0.4653157154283054, 'lag_11': 0.3063334587386326, 'lag_12': 0.666793989031898, 'lag_13': 0.14962411878563076, 'lag_14': 0.11070600205208954, 'lag_15': 0.9598235907410687, 'lag_16': 0.6139505431169345, 'lag_17': 0.7654872983227151, 'lag_18': 0.803680266547241, 'lag_19': 0.799858193440426, 'lag_20': 0.16806022001148588, 'lag_21': 0.8563254817700054, 'lag_22': 0.7962460406607357, 'lag_23': 0.9870387008214836, 'lag_24': 0.5065851538377528, 'lag_25': 0.7841079150431338, 'lag_26': 0.052458922783839707, 'lag_27': 0.9412577238150027, 'lag_28': 0.1231983545668862}. Best is trial 9 with value: 0.003126438554467495.
[I 2025-09-29 13:18:34,182] Trial 10 finished with value: 0.003525405973729125 and parameters: {'lag_0': 0.17510304263168858, 'lag_1': 0.014031065220982575, 'lag_2': 0.6957962083368174, 'lag_3': 0.9338330078924046, 'lag_4': 0.490034870550448, 'lag_5': 0.33246170856963136, 'lag_6': 0.6578871718137195, 'lag_7': 0.9969190446775527, 'lag_8': 0.18321095032251364, 'lag_9': 0.949997778713278, 'lag_10': 0.9602598651971048, 'lag_11': 0.02441987992887712, 'lag_12': 0.93199962203826, 'lag_13': 0.5268338027128374, 'lag_14': 0.01184154737085985, 'lag_15': 0.3544294016202907, 'lag_16': 0.41173020769555324, 'lag_17': 0.9544053803909835, 'lag_18': 0.9787903365097155, 'lag_19': 0.6227552434717913, 'lag_20': 0.004874898347811157, 'lag_21': 0.9375765562525513, 'lag_22': 0.6280358062406628, 'lag_23': 0.9794399992184057, 'lag_24': 0.06437567554089096, 'lag_25': 0.8075588768878419, 'lag_26': 0.035685020617627405, 'lag_27': 0.974873877563103, 'lag_28': 0.04600906432824631}. Best is trial 9 with value: 0.003126438554467495.
[I 2025-09-29 13:18:36,615] Trial 11 finished with value: 0.0034799246257170347 and parameters: {'lag_0': 0.35047941630282853, 'lag_1': 0.38501315273700654, 'lag_2': 0.03820078068526983, 'lag_3': 0.5485494830810098, 'lag_4': 0.7523882981619904, 'lag_5': 0.6276150441655612, 'lag_6': 0.692527762774729, 'lag_7': 0.028948607821837023, 'lag_8': 0.9845094527944058, 'lag_9': 0.3678346695802698, 'lag_10': 0.4742038647120731, 'lag_11': 0.1786176572250004, 'lag_12': 0.6143191334896576, 'lag_13': 0.5137795384646305, 'lag_14': 0.19404920816195137, 'lag_15': 0.002624879564423921, 'lag_16': 0.5366989902412557, 'lag_17': 0.9257221415965147, 'lag_18': 0.2299541377812041, 'lag_19': 0.19915513417813352, 'lag_20': 0.4620042594133908, 'lag_21': 0.5005451352009479, 'lag_22': 0.8596350610569481, 'lag_23': 0.8112731451990621, 'lag_24': 0.019296485567519672, 'lag_25': 0.7265943762794114, 'lag_26': 0.029681073259752333, 'lag_27': 0.9836712558644554, 'lag_28': 0.2736729389142594}. Best is trial 9 with value: 0.003126438554467495.
[I 2025-09-29 13:18:39,141] Trial 12 finished with value: 0.0032116024037826354 and parameters: {'lag_0': 0.3961064418689022, 'lag_1': 0.2477360341367023, 'lag_2': 0.45991847764698013, 'lag_3': 0.854081324101673, 'lag_4': 0.8304609242898524, 'lag_5': 0.9954931604984583, 'lag_6': 0.7871149707371842, 'lag_7': 0.24430199849876277, 'lag_8': 0.8111097506087629, 'lag_9': 0.3860479882276828, 'lag_10': 0.4626314444870229, 'lag_11': 0.35121381484064246, 'lag_12': 0.7723238718456511, 'lag_13': 0.22474059707013228, 'lag_14': 0.6548006404040878, 'lag_15': 0.03112752093557758, 'lag_16': 0.9976052327534171, 'lag_17': 0.7632343587443612, 'lag_18': 0.3207185001417039, 'lag_19': 0.44531291987811317, 'lag_20': 0.2588837849959621, 'lag_21': 0.9534588017808803, 'lag_22': 0.9559230042819299, 'lag_23': 0.489828645183897, 'lag_24': 0.6779634050574341, 'lag_25': 0.08285483775487573, 'lag_26': 0.2171490543748279, 'lag_27': 0.7734463276197285, 'lag_28': 0.18959866551043109}. Best is trial 9 with value: 0.003126438554467495.
[I 2025-09-29 13:18:41,584] Trial 13 finished with value: 0.0034421567941354094 and parameters: {'lag_0': 0.34607435961451843, 'lag_1': 0.20350334677676993, 'lag_2': 0.5125153657554431, 'lag_3': 0.9055540984996604, 'lag_4': 0.8570858233854769, 'lag_5': 0.9908773174614532, 'lag_6': 0.5312954204661247, 'lag_7': 0.27531401176084586, 'lag_8': 0.3112117788724605, 'lag_9': 0.7390891549219014, 'lag_10': 0.5278435820382182, 'lag_11': 0.6451896239635726, 'lag_12': 0.8415028872135055, 'lag_13': 0.4049641151253537, 'lag_14': 0.701296502670732, 'lag_15': 0.45604735066707514, 'lag_16': 0.9918826894576834, 'lag_17': 0.8129667357639948, 'lag_18': 0.3089498666500083, 'lag_19': 0.5802467529010593, 'lag_20': 0.19787757367616418, 'lag_21': 0.9878667324273027, 'lag_22': 0.9883226571860622, 'lag_23': 0.3962805061054872, 'lag_24': 0.67415349908529, 'lag_25': 0.012379688273341918, 'lag_26': 0.23798727899859845, 'lag_27': 0.784953635650979, 'lag_28': 0.2071986264901812}. Best is trial 9 with value: 0.003126438554467495.
[I 2025-09-29 13:18:44,029] Trial 14 finished with value: 0.0031778447700331865 and parameters: {'lag_0': 0.8014295447139466, 'lag_1': 0.2052931997220548, 'lag_2': 0.467187878041449, 'lag_3': 0.7782215552637012, 'lag_4': 0.5859036199849714, 'lag_5': 0.7462686496613522, 'lag_6': 0.7818547277428572, 'lag_7': 0.2702387820222019, 'lag_8': 0.5745682016899838, 'lag_9': 0.4427478821223359, 'lag_10': 0.4402373115005302, 'lag_11': 0.4125301376342407, 'lag_12': 0.6945543738364551, 'lag_13': 0.03176348952002936, 'lag_14': 0.2007411385035332, 'lag_15': 0.2329072642955058, 'lag_16': 0.26246336218062016, 'lag_17': 0.5403831269890982, 'lag_18': 0.983198874590065, 'lag_19': 0.4684095535296349, 'lag_20': 0.33712127859935126, 'lag_21': 0.8498204446278229, 'lag_22': 0.9996002916017862, 'lag_23': 0.4655469871648805, 'lag_24': 0.6593939739921644, 'lag_25': 0.15730765374810818, 'lag_26': 0.15037599645024827, 'lag_27': 0.8235539298619691, 'lag_28': 0.14392624631278866}. Best is trial 9 with value: 0.003126438554467495.
[I 2025-09-29 13:18:46,472] Trial 15 finished with value: 0.0035743598984030885 and parameters: {'lag_0': 0.8020658280441121, 'lag_1': 0.020256047545692824, 'lag_2': 0.6560990902918138, 'lag_3': 0.7538328751724178, 'lag_4': 0.5501042116584917, 'lag_5': 0.7291278051952809, 'lag_6': 0.5075641881242451, 'lag_7': 0.949739497611157, 'lag_8': 0.5371348895522154, 'lag_9': 0.45881671524101797, 'lag_10': 0.40258567545530094, 'lag_11': 0.054403248149665795, 'lag_12': 0.6201605127337444, 'lag_13': 0.0007995286963560361, 'lag_14': 0.2156765254066147, 'lag_15': 0.2023098826549038, 'lag_16': 0.23511164193042544, 'lag_17': 0.46099952376458203, 'lag_18': 0.9342747888764683, 'lag_19': 0.6809860056954755, 'lag_20': 0.4089542660104391, 'lag_21': 0.8067685754139342, 'lag_22': 0.637936091845809, 'lag_23': 0.0013096646732184136, 'lag_24': 0.8113882602443586, 'lag_25': 0.17963165334397257, 'lag_26': 0.1211113285563186, 'lag_27': 0.8280667593103205, 'lag_28': 0.0007310554622403931}. Best is trial 9 with value: 0.003126438554467495.
[I 2025-09-29 13:18:48,925] Trial 16 finished with value: 0.0034167020301323426 and parameters: {'lag_0': 0.8398059568206804, 'lag_1': 0.125742876870846, 'lag_2': 0.36260898266998565, 'lag_3': 0.5643620194264355, 'lag_4': 0.3217536530370853, 'lag_5': 0.3787022211256939, 'lag_6': 0.8431974586512913, 'lag_7': 0.39969750552900296, 'lag_8': 0.356210685908285, 'lag_9': 0.7139522193877368, 'lag_10': 0.590824201502514, 'lag_11': 0.4240839432400948, 'lag_12': 0.9573233932675105, 'lag_13': 0.8809297786346877, 'lag_14': 0.1858197023999889, 'lag_15': 0.5270797045931501, 'lag_16': 0.26578972533873707, 'lag_17': 0.5128976350963589, 'lag_18': 0.8547445903963184, 'lag_19': 0.5345144867164529, 'lag_20': 0.13227250176329994, 'lag_21': 0.5779857002927336, 'lag_22': 0.6469536933711186, 'lag_23': 0.8674345596318571, 'lag_24': 0.5854498621992779, 'lag_25': 0.7120770168838283, 'lag_26': 0.374090567426902, 'lag_27': 0.8768935221848473, 'lag_28': 0.9894877932626556}. Best is trial 9 with value: 0.003126438554467495.
[I 2025-09-29 13:18:51,359] Trial 17 finished with value: 0.0033495962394725688 and parameters: {'lag_0': 0.7454532110069634, 'lag_1': 0.49000249518461847, 'lag_2': 0.6810962396915696, 'lag_3': 0.9973708938393414, 'lag_4': 0.5559998370439404, 'lag_5': 0.8357310323091444, 'lag_6': 0.6421472265069422, 'lag_7': 0.17660773118440304, 'lag_8': 0.5799471783657488, 'lag_9': 0.4926912940243041, 'lag_10': 0.6970888516004878, 'lag_11': 0.6358552974163107, 'lag_12': 0.6453858992913927, 'lag_13': 0.4231655467471859, 'lag_14': 0.3010774899406289, 'lag_15': 0.2617352659328774, 'lag_16': 0.24406961817950326, 'lag_17': 0.5984387245320859, 'lag_18': 0.9771075933281153, 'lag_19': 0.3722744111714059, 'lag_20': 0.31539817722983987, 'lag_21': 0.8138119773119183, 'lag_22': 0.929631023352123, 'lag_23': 0.5505111645808246, 'lag_24': 0.936487990530682, 'lag_25': 0.4628797657990393, 'lag_26': 0.6108912795227553, 'lag_27': 0.626495660744875, 'lag_28': 0.13726504958042027}. Best is trial 9 with value: 0.003126438554467495.
[I 2025-09-29 13:18:53,800] Trial 18 finished with value: 0.0032711590427754638 and parameters: {'lag_0': 0.8713927181550195, 'lag_1': 0.30351304360036147, 'lag_2': 0.56367816761772, 'lag_3': 0.8313502645390751, 'lag_4': 0.0006156411440215726, 'lag_5': 0.24897147128681002, 'lag_6': 0.4174280147515955, 'lag_7': 0.6144828232822834, 'lag_8': 0.0007946127167010042, 'lag_9': 0.012315097996965452, 'lag_10': 0.8404601118385118, 'lag_11': 0.15913176117906913, 'lag_12': 0.4781548249014985, 'lag_13': 0.6274190430705504, 'lag_14': 0.13171284835247526, 'lag_15': 0.4741148473741681, 'lag_16': 0.38336687158209026, 'lag_17': 0.3824763280348032, 'lag_18': 0.7318963510743145, 'lag_19': 0.752336757661743, 'lag_20': 0.3641670920558941, 'lag_21': 0.7263798921243959, 'lag_22': 0.7051416695485448, 'lag_23': 0.3330943796238063, 'lag_24': 0.6062728555731007, 'lag_25': 0.17286811628187582, 'lag_26': 0.9944449429180411, 'lag_27': 0.7064510364228913, 'lag_28': 0.35844062665028054}. Best is trial 9 with value: 0.003126438554467495.
