[I 2025-09-29 13:22:27,544] Trial 4 finished with value: 0.005256984166595543 and parameters: {'lag_0': 0.7376365311374393, 'lag_1': 0.7482419321581879, 'lag_2': 0.05624696492319678, 'lag_3': 0.6352018508081371, 'lag_4': 0.42951048862022256, 'lag_5': 0.2995380258555184, 'lag_6': 0.3985208355625367, 'lag_7': 0.17955618052609526, 'lag_8': 0.026866781766592213, 'lag_9': 0.8227062245172979, 'lag_10': 0.7054270572819195, 'lag_11': 0.7968904903040708, 'lag_12': 0.18435782947745827, 'lag_13': 0.057403863572165724, 'lag_14': 0.6229962413206621, 'lag_15': 0.9119723579799321, 'lag_16': 0.9416008868860524, 'lag_17': 0.2741572252964428, 'lag_18': 0.0293795152125623, 'lag_19': 0.06947604760015835, 'lag_20': 0.21698724608270228, 'lag_21': 0.7217935206508503, 'lag_22': 0.44326405260405455, 'lag_23': 0.22729881071379565, 'lag_24': 0.024999957561499826, 'lag_25': 0.6211442340030403, 'lag_26': 0.0017354914285066208, 'lag_27': 0.5445734242407254, 'lag_28': 0.2959515918365521}. Best is trial 0 with value: 0.0050460008373437665.
[I 2025-09-29 13:22:29,922] Trial 5 finished with value: 0.005227991862639912 and parameters: {'lag_0': 0.748609711222754, 'lag_1': 0.9159932012697682, 'lag_2': 0.4568113773836828, 'lag_3': 0.4736254030437992, 'lag_4': 0.6127046665857491, 'lag_5': 0.36748377350483874, 'lag_6': 0.1676409494508737, 'lag_7': 0.9790893710931416, 'lag_8': 0.5707702151318942, 'lag_9': 0.5349788995499617, 'lag_10': 0.47244356521699155, 'lag_11': 0.7459916877961104, 'lag_12': 0.18857974791374427, 'lag_13': 0.997469044775851, 'lag_14': 0.19324837723234844, 'lag_15': 0.5165862104282785, 'lag_16': 0.33644676316613603, 'lag_17': 0.7716303656252085, 'lag_18': 0.7899448282292023, 'lag_19': 0.5434002775071747, 'lag_20': 0.6777987390824629, 'lag_21': 0.26989599462640046, 'lag_22': 0.5635671007951117, 'lag_23': 0.14800732226691615, 'lag_24': 0.5804708106563968, 'lag_25': 0.2159333523770777, 'lag_26': 0.21451804758710682, 'lag_27': 0.28624291283288306, 'lag_28': 0.1302025789836205}. Best is trial 0 with value: 0.0050460008373437665.
[I 2025-09-29 13:22:32,312] Trial 6 finished with value: 0.005235899538009495 and parameters: {'lag_0': 0.34536374075750437, 'lag_1': 0.9334085775978923, 'lag_2': 0.13758860139407533, 'lag_3': 0.7960518972380084, 'lag_4': 0.368779080872135, 'lag_5': 0.368469974730396, 'lag_6': 0.5466280872537265, 'lag_7': 0.8694193457654118, 'lag_8': 0.2515084907692395, 'lag_9': 0.34117035369343496, 'lag_10': 0.42914832070838943, 'lag_11': 0.7361937295461719, 'lag_12': 0.23450440163158504, 'lag_13': 0.300137275414855, 'lag_14': 0.23730086237817302, 'lag_15': 0.3296622280987227, 'lag_16': 0.1673562337356773, 'lag_17': 0.4794088372888686, 'lag_18': 0.0235529502922745, 'lag_19': 0.052240614464832164, 'lag_20': 0.5356384847082368, 'lag_21': 0.7764387222875172, 'lag_22': 0.39576790498471015, 'lag_23': 0.14148076251755357, 'lag_24': 0.9163887488604205, 'lag_25': 0.6266388133401196, 'lag_26': 0.2178233655246267, 'lag_27': 0.5222358892551688, 'lag_28': 0.46401559742576504}. Best is trial 0 with value: 0.0050460008373437665.
[I 2025-09-29 13:22:34,704] Trial 7 finished with value: 0.004984843034241536 and parameters: {'lag_0': 0.23993545052879156, 'lag_1': 0.6973438981853862, 'lag_2': 0.8174499014922636, 'lag_3': 0.8786258652437796, 'lag_4': 0.7364043322107248, 'lag_5': 0.48543103542748417, 'lag_6': 0.7027350299399651, 'lag_7': 0.9122978018411131, 'lag_8': 0.4662502804793227, 'lag_9': 0.31454656520630725, 'lag_10': 0.11869116582427858, 'lag_11': 0.5424518943544118, 'lag_12': 0.46099713248484153, 'lag_13': 0.10597756464884711, 'lag_14': 0.9761215493327976, 'lag_15': 0.34075771449156006, 'lag_16': 0.14790230361833953, 'lag_17': 0.39775148141386496, 'lag_18': 0.7635405855030011, 'lag_19': 0.5029840187981419, 'lag_20': 0.49294488870735936, 'lag_21': 0.8754043111683703, 'lag_22': 0.22996761638259486, 'lag_23': 0.20794096734986076, 'lag_24': 0.9055233813936655, 'lag_25': 0.8887456900264001, 'lag_26': 0.3272461922888212, 'lag_27': 0.3163495152014543, 'lag_28': 0.1055920658631979}. Best is trial 7 with value: 0.004984843034241536.
[I 2025-09-29 13:22:37,085] Trial 8 finished with value: 0.005175461693733791 and parameters: {'lag_0': 0.7355132510049951, 'lag_1': 0.2336759598895727, 'lag_2': 0.9299497840599417, 'lag_3': 0.8765362425098714, 'lag_4': 0.8367790378401211, 'lag_5': 0.858443781773661, 'lag_6': 0.3251670072122324, 'lag_7': 0.6753600018497135, 'lag_8': 0.8120135776684297, 'lag_9': 0.46383559425566934, 'lag_10': 0.03638478237259741, 'lag_11': 0.18725585271131798, 'lag_12': 0.5182504071527533, 'lag_13': 0.1456669062904381, 'lag_14': 0.03499155187272094, 'lag_15': 0.5392328574829935, 'lag_16': 0.5698985053453535, 'lag_17': 0.9539740291722282, 'lag_18': 0.44814168877771243, 'lag_19': 0.20420780666684063, 'lag_20': 0.3380869960519954, 'lag_21': 0.5700698973851063, 'lag_22': 0.5540343359071996, 'lag_23': 0.026351502776085604, 'lag_24': 0.7056588663000386, 'lag_25': 0.5922478894440951, 'lag_26': 0.9290262736398354, 'lag_27': 0.7344829268895082, 'lag_28': 0.8371669210480165}. Best is trial 7 with value: 0.004984843034241536.
[I 2025-09-29 13:22:39,460] Trial 9 finished with value: 0.0054165553032645836 and parameters: {'lag_0': 0.6720332996855746, 'lag_1': 0.5378376871261805, 'lag_2': 0.771473678730349, 'lag_3': 0.8713036671512756, 'lag_4': 0.7989369648285896, 'lag_5': 0.11285782093172766, 'lag_6': 0.9491465803119341, 'lag_7': 0.44245046964924095, 'lag_8': 0.6993977680669033, 'lag_9': 0.8143179439582463, 'lag_10': 0.9486827454890211, 'lag_11': 0.28658934560764804, 'lag_12': 0.18870492541381065, 'lag_13': 0.03815656036425221, 'lag_14': 0.4674821471077374, 'lag_15': 0.8011166493133844, 'lag_16': 0.31170574104620147, 'lag_17': 0.2138896865075724, 'lag_18': 0.3118407412206262, 'lag_19': 0.3426258561042961, 'lag_20': 0.7245880212095769, 'lag_21': 0.48108738917407723, 'lag_22': 0.666624736764205, 'lag_23': 0.08603730586815779, 'lag_24': 0.3868628637678605, 'lag_25': 0.45578210501423616, 'lag_26': 0.674040213561409, 'lag_27': 0.5276214489206486, 'lag_28': 0.5103501220411603}. Best is trial 7 with value: 0.004984843034241536.
[I 2025-09-29 13:22:41,884] Trial 10 finished with value: 0.005259399678579424 and parameters: {'lag_0': 0.9779930298810496, 'lag_1': 0.021447222993895565, 'lag_2': 0.9094303420886288, 'lag_3': 0.9846476881419894, 'lag_4': 0.9630004377406576, 'lag_5': 0.5681577196738169, 'lag_6': 0.772166969418908, 'lag_7': 0.8376612765182399, 'lag_8': 0.9673948119982906, 'lag_9': 0.19837249769226717, 'lag_10': 0.2242550555268762, 'lag_11': 0.029149440492519607, 'lag_12': 0.92464820246111, 'lag_13': 0.5455716098073509, 'lag_14': 0.9992081425637438, 'lag_15': 0.006020583216640396, 'lag_16': 0.0722538728459309, 'lag_17': 0.6481831163281206, 'lag_18': 0.9305362148835832, 'lag_19': 0.8067248822015238, 'lag_20': 0.034775327403995804, 'lag_21': 0.9483179631945077, 'lag_22': 0.03856688226049623, 'lag_23': 0.666488131448125, 'lag_24': 0.25905945086159643, 'lag_25': 0.9104417095136852, 'lag_26': 0.5092017668894805, 'lag_27': 0.2948263751717833, 'lag_28': 0.024427141301913147}. Best is trial 7 with value: 0.004984843034241536.
[I 2025-09-29 13:22:44,318] Trial 11 finished with value: 0.005345389608623338 and parameters: {'lag_0': 0.34893614320245575, 'lag_1': 0.7181321354918114, 'lag_2': 0.3033250861705788, 'lag_3': 0.43327984472068326, 'lag_4': 0.7141554319667377, 'lag_5': 0.03778721275918351, 'lag_6': 0.613656689478449, 'lag_7': 0.034531233243943416, 'lag_8': 0.460536658812871, 'lag_9': 0.3277221969995654, 'lag_10': 0.7087649370547473, 'lag_11': 0.5440251629693603, 'lag_12': 0.6879385107703594, 'lag_13': 0.7371911269370779, 'lag_14': 0.9907635998003761, 'lag_15': 0.25677025530023645, 'lag_16': 0.6077849203412482, 'lag_17': 0.04833743955374581, 'lag_18': 0.6795979096913844, 'lag_19': 0.3912960927543217, 'lag_20': 0.23221716439795972, 'lag_21': 0.9896782869929588, 'lag_22': 0.3104421487032882, 'lag_23': 0.4696580247839508, 'lag_24': 0.7594236391725999, 'lag_25': 0.8421233018948862, 'lag_26': 0.4545991093138847, 'lag_27': 0.022764749602542857, 'lag_28': 0.9049146049785952}. Best is trial 7 with value: 0.004984843034241536.
[I 2025-09-29 13:22:46,749] Trial 12 finished with value: 0.006393841926279517 and parameters: {'lag_0': 0.34176191815321827, 'lag_1': 0.7664761330792784, 'lag_2': 0.6450626411126883, 'lag_3': 0.657331458852412, 'lag_4': 0.945141171955614, 'lag_5': 0.21221988882071918, 'lag_6': 0.785056682080403, 'lag_7': 0.3913224026907117, 'lag_8': 0.33151482345467587, 'lag_9': 0.32701788023092676, 'lag_10': 0.6975400645979892, 'lag_11': 0.5990710223312876, 'lag_12': 0.4324862538965729, 'lag_13': 0.971501040730345, 'lag_14': 0.7684882188279618, 'lag_15': 0.29371382242053723, 'lag_16': 0.7734781635600911, 'lag_17': 0.013219502279575468, 'lag_18': 0.6462739028955856, 'lag_19': 0.9748387155064455, 'lag_20': 0.017191714640047484, 'lag_21': 0.8665019717399776, 'lag_22': 0.9984516388380448, 'lag_23': 0.3484649440085381, 'lag_24': 0.9829213149725681, 'lag_25': 0.38647144503601955, 'lag_26': 0.43704495924385744, 'lag_27': 0.14493510511669436, 'lag_28': 0.7257456734385351}. Best is trial 7 with value: 0.004984843034241536.
[I 2025-09-29 13:22:49,188] Trial 13 finished with value: 0.005311464320659175 and parameters: {'lag_0': 0.1806653257310707, 'lag_1': 0.3373646120287535, 'lag_2': 0.2524608096552816, 'lag_3': 0.32454719103181384, 'lag_4': 0.5579545404681717, 'lag_5': 0.6871536215716931, 'lag_6': 0.5071136089776211, 'lag_7': 0.004838280346337147, 'lag_8': 0.6580955548625842, 'lag_9': 0.5473886188418919, 'lag_10': 0.9397595358879802, 'lag_11': 0.9798303383928885, 'lag_12': 0.38580095093507083, 'lag_13': 0.33167776046729447, 'lag_14': 0.450231987877155, 'lag_15': 0.9935733616283938, 'lag_16': 0.6887147145773319, 'lag_17': 0.5494260208393374, 'lag_18': 0.4674396911679397, 'lag_19': 0.4061665350149269, 'lag_20': 0.5161917806192726, 'lag_21': 0.5374199895206981, 'lag_22': 0.2773351348185535, 'lag_23': 0.6733925889106525, 'lag_24': 0.7977501606864109, 'lag_25': 0.7830706019272162, 'lag_26': 0.3499404306159587, 'lag_27': 0.2070621437709803, 'lag_28': 0.9880114849087067}. Best is trial 7 with value: 0.004984843034241536.
[I 2025-09-29 13:22:51,619] Trial 14 finished with value: 0.0052985104378151585 and parameters: {'lag_0': 0.4479490608896742, 'lag_1': 0.4185442404486782, 'lag_2': 0.576044854553909, 'lag_3': 0.635222876023066, 'lag_4': 0.33718215589234596, 'lag_5': 0.46329649740866413, 'lag_6': 0.061809616503586684, 'lag_7': 0.27991602474977684, 'lag_8': 0.3291774490103706, 'lag_9': 0.14092082207209256, 'lag_10': 0.6374768993346775, 'lag_11': 0.40415529016944485, 'lag_12': 0.7870970461559879, 'lag_13': 0.44334608050211705, 'lag_14': 0.7199383197891529, 'lag_15': 0.09981981103600596, 'lag_16': 0.006639729083898316, 'lag_17': 0.12356092847834066, 'lag_18': 0.9640919355799504, 'lag_19': 0.6975406530878986, 'lag_20': 0.2917908328058515, 'lag_21': 0.8500653438793581, 'lag_22': 0.6987876002085049, 'lag_23': 0.342557702602843, 'lag_24': 0.6333223383773074, 'lag_25': 0.009268262390874471, 'lag_26': 0.607046424622111, 'lag_27': 0.399278817065918, 'lag_28': 0.6716352254638438}. Best is trial 7 with value: 0.004984843034241536.
[I 2025-09-29 13:22:54,050] Trial 15 finished with value: 0.00532034845984305 and parameters: {'lag_0': 0.15989622683629226, 'lag_1': 0.5994862687078975, 'lag_2': 0.782841997685203, 'lag_3': 0.3161036519810578, 'lag_4': 0.7216914309767151, 'lag_5': 0.20253041233779562, 'lag_6': 0.6875489901721666, 'lag_7': 0.7532040713133424, 'lag_8': 0.7987297977285449, 'lag_9': 0.3688051457883967, 'lag_10': 0.8204958203709839, 'lag_11': 0.6360971656411156, 'lag_12': 0.0048020921507865855, 'lag_13': 0.1658504759991708, 'lag_14': 0.802206168432366, 'lag_15': 0.37592098182005335, 'lag_16': 0.46263477023233274, 'lag_17': 0.3813570091542262, 'lag_18': 0.34223877985202883, 'lag_19': 0.4801392055505923, 'lag_20': 0.39911575809497735, 'lag_21': 0.3863490925650102, 'lag_22': 0.024327064800322734, 'lag_23': 0.003911758937139048, 'lag_24': 0.7969549712088903, 'lag_25': 0.26596252978555757, 'lag_26': 0.3590019891889781, 'lag_27': 0.7051218283355498, 'lag_28': 0.29157819816084807}. Best is trial 7 with value: 0.004984843034241536.
[I 2025-09-29 13:22:56,471] Trial 16 finished with value: 0.006412888175779159 and parameters: {'lag_0': 0.0229539228926883, 'lag_1': 0.8103229902805938, 'lag_2': 0.7855967161754334, 'lag_3': 0.5469664448511905, 'lag_4': 0.2217067242990552, 'lag_5': 0.6717718805208686, 'lag_6': 0.8256642319118702, 'lag_7': 0.5200653247978022, 'lag_8': 0.37505982283764744, 'lag_9': 0.22006552575975552, 'lag_10': 0.5722654723746574, 'lag_11': 0.4463646856851645, 'lag_12': 0.5658489199603756, 'lag_13': 0.7607710857276144, 'lag_14': 0.37136392724096834, 'lag_15': 0.6739396501159095, 'lag_16': 0.8456417315924529, 'lag_17': 0.6215888676597154, 'lag_18': 0.6209304234017959, 'lag_19': 0.7830178194495048, 'lag_20': 0.12720813697675493, 'lag_21': 0.6460058861508796, 'lag_22': 0.3175252821089897, 'lag_23': 0.5746862422760531, 'lag_24': 0.8972216957230287, 'lag_25': 0.9982758352396638, 'lag_26': 0.5768866330029793, 'lag_27': 0.006427834411739275, 'lag_28': 0.48049861446908465}. Best is trial 7 with value: 0.004984843034241536.
[I 2025-09-29 13:22:58,897] Trial 17 finished with value: 0.005638142021940408 and parameters: {'lag_0': 0.547861039199191, 'lag_1': 0.6622811211912945, 'lag_2': 0.9752205599110698, 'lag_3': 0.7305371559582651, 'lag_4': 0.8341633857125046, 'lag_5': 0.4671361901143187, 'lag_6': 0.9992421078525631, 'lag_7': 0.9787202684811428, 'lag_8': 0.17978843639806202, 'lag_9': 0.9805898714112773, 'lag_10': 0.3008482276793173, 'lag_11': 0.6610610840297604, 'lag_12': 0.4056458543775401, 'lag_13': 0.87004854629265, 'lag_14': 0.07241569324342384, 'lag_15': 0.42084281897581066, 'lag_16': 0.1998472229595224, 'lag_17': 0.12446805129875887, 'lag_18': 0.814321553228776, 'lag_19': 0.22706932102406346, 'lag_20': 0.5998739810980236, 'lag_21': 0.8430306195703481, 'lag_22': 0.17003412194352976, 'lag_23': 0.2799969283615501, 'lag_24': 0.6379018583686643, 'lag_25': 0.7037568339026122, 'lag_26': 0.7201994726364256, 'lag_27': 0.41035297281592137, 'lag_28': 0.813544056237595}. Best is trial 7 with value: 0.004984843034241536.
[I 2025-09-29 13:23:01,330] Trial 18 finished with value: 0.0055439014834333476 and parameters: {'lag_0': 0.4427713120404518, 'lag_1': 0.8485516938611408, 'lag_2': 0.39270410593259825, 'lag_3': 0.9850200696581314, 'lag_4': 0.6946842803412634, 'lag_5': 0.012864511993844918, 'lag_6': 0.6694311168648671, 'lag_7': 0.10511881587427102, 'lag_8': 0.6121327936708953, 'lag_9': 0.003481890377360519, 'lag_10': 0.0038605481365863725, 'lag_11': 0.9511117400312028, 'lag_12': 0.7648670183907949, 'lag_13': 0.5755890583180054, 'lag_14': 0.6472499191251337, 'lag_15': 0.1553240373365951, 'lag_16': 0.44307855340443114, 'lag_17': 0.4162959919183025, 'lag_18': 0.5326636360632269, 'lag_19': 0.2931271281536353, 'lag_20': 0.7959533241916958, 'lag_21': 0.988866319648112, 'lag_22': 0.46718836524170904, 'lag_23': 0.4609578839496643, 'lag_24': 0.8361487284459417, 'lag_25': 0.4535079045705657, 'lag_26': 0.09821277505211995, 'lag_27': 0.16267565587021923, 'lag_28': 0.5885589263079269}. Best is trial 7 with value: 0.004984843034241536.
[I 2025-09-29 13:23:03,766] Trial 19 finished with value: 0.005879809403030132 and parameters: {'lag_0': 0.22910747256546746, 'lag_1': 0.44998314732264894, 'lag_2': 0.6898113922627833, 'lag_3': 0.21391669758129883, 'lag_4': 0.46795102554288664, 'lag_5': 0.20346809276635724, 'lag_6': 0.41626437253924387, 'lag_7': 0.3542880158732442, 'lag_8': 0.435771755616295, 'lag_9': 0.44637715216745427, 'lag_10': 0.8199597298623423, 'lag_11': 0.21165296621064922, 'lag_12': 0.32704180914650516, 'lag_13': 0.20718143868671351, 'lag_14': 0.8762640988731649, 'lag_15': 0.744814865951948, 'lag_16': 0.6661323601351291, 'lag_17': 0.7047662818507027, 'lag_18': 0.33163070786326304, 'lag_19': 0.4668838629576717, 'lag_20': 0.1495185084237894, 'lag_21': 0.7774103858705703, 'lag_22': 0.6544961932432787, 'lag_23': 0.8925457717838485, 'lag_24': 0.2915375912102095, 'lag_25': 0.5604979513546686, 'lag_26': 0.37746752398732597, 'lag_27': 0.6539907605723748, 'lag_28': 0.3924399988115156}. Best is trial 7 with value: 0.004984843034241536.
[I 2025-09-29 13:23:06,208] Trial 20 finished with value: 0.005525192982767423 and parameters: {'lag_0': 0.2776307669671777, 'lag_1': 0.6729319803622411, 'lag_2': 0.21467685675703213, 'lag_3': 0.41488224245662375, 'lag_4': 0.8851934528335332, 'lag_5': 0.3202119759629035, 'lag_6': 0.5775023056503918, 'lag_7': 0.5182416485655863, 'lag_8': 0.5603995414062065, 'lag_9': 0.6070694000444623, 'lag_10': 0.5847945136387211, 'lag_11': 0.42526700614912205, 'lag_12': 0.9774687630311552, 'lag_13': 0.678232957919157, 'lag_14': 0.37745143465848524, 'lag_15': 0.42549975076354807, 'lag_16': 0.1835381855209954, 'lag_17': 0.30307082615764336, 'lag_18': 0.7995760127809095, 'lag_19': 0.921918806967214, 'lag_20': 0.39509514230383963, 'lag_21': 0.8826795342843348, 'lag_22': 0.7961969689394275, 'lag_23': 0.12743585934239635, 'lag_24': 0.5083854641193744, 'lag_25': 0.36194526725970966, 'lag_26': 0.8703104159068356, 'lag_27': 0.3951966614758384, 'lag_28': 0.18083133731432605}. Best is trial 7 with value: 0.004984843034241536.
[I 2025-09-29 13:23:08,651] Trial 21 finished with value: 0.005681119428879732 and parameters: {'lag_0': 0.9600810899664294, 'lag_1': 0.2333379322686658, 'lag_2': 0.8893114134400354, 'lag_3': 0.8021145717950295, 'lag_4': 0.7776132489161509, 'lag_5': 0.9783437433710782, 'lag_6': 0.2518590319456378, 'lag_7': 0.6851812912771966, 'lag_8': 0.7869399485315363, 'lag_9': 0.4474233537877519, 'lag_10': 0.02350842827072771, 'lag_11': 0.130640028604326, 'lag_12': 0.5194398542764385, 'lag_13': 0.16307294104925532, 'lag_14': 0.009998347224969784, 'lag_15': 0.5195442079755741, 'lag_16': 0.5663953897697399, 'lag_17': 0.9627081755316561, 'lag_18': 0.44819541389769396, 'lag_19': 0.16483899550862352, 'lag_20': 0.3802620266481349, 'lag_21': 0.5842871970518213, 'lag_22': 0.5745705574272588, 'lag_23': 0.04023461559104396, 'lag_24': 0.7310891808388282, 'lag_25': 0.7442048233077596, 'lag_26': 0.9074677981470541, 'lag_27': 0.8881147771286428, 'lag_28': 0.7982654578974745}. Best is trial 7 with value: 0.004984843034241536.
[I 2025-09-29 13:23:11,101] Trial 22 finished with value: 0.005353994253742757 and parameters: {'lag_0': 0.8393519580535284, 'lag_1': 0.038946697941152436, 'lag_2': 0.9736777621254671, 'lag_3': 0.8809057815299317, 'lag_4': 0.6606512535246758, 'lag_5': 0.8486832705694644, 'lag_6': 0.28004007937580444, 'lag_7': 0.8629141955665385, 'lag_8': 0.9601427445417446, 'lag_9': 0.23245992468562865, 'lag_10': 0.14719016864922058, 'lag_11': 0.02082885275488014, 'lag_12': 0.6400013346034515, 'lag_13': 0.00464338393774727, 'lag_14': 0.536723045558481, 'lag_15': 0.6022040374288812, 'lag_16': 0.5313096159246513, 'lag_17': 0.8547652171296041, 'lag_18': 0.5548166215111554, 'lag_19': 0.2802573900145179, 'lag_20': 0.2979232897717052, 'lag_21': 0.40808093674616497, 'lag_22': 0.5302312697430304, 'lag_23': 0.22512480443260913, 'lag_24': 0.7088239902836183, 'lag_25': 0.5262459548847964, 'lag_26': 0.5733155374033183, 'lag_27': 0.7877102004242375, 'lag_28': 0.8555248772009102}. Best is trial 7 with value: 0.004984843034241536.
[I 2025-09-29 13:23:13,534] Trial 23 finished with value: 0.005579774809699713 and parameters: {'lag_0': 0.5442704774907248, 'lag_1': 0.19801361340902116, 'lag_2': 0.868798640729283, 'lag_3': 0.9139114482018635, 'lag_4': 0.8658923722863753, 'lag_5': 0.8759030791068698, 'lag_6': 0.43059276844352967, 'lag_7': 0.7473757341564391, 'lag_8': 0.8330370523205105, 'lag_9': 0.4214114109929829, 'lag_10': 0.0995272496854363, 'lag_11': 0.2675645384913438, 'lag_12': 0.48527919630770416, 'lag_13': 0.23450406770650672, 'lag_14': 0.1032798829024946, 'lag_15': 0.20956801908355607, 'lag_16': 0.7037483269761237, 'lag_17': 0.9855258292287917, 'lag_18': 0.39527301842306695, 'lag_19': 0.1347858626852047, 'lag_20': 0.31295256296810836, 'lag_21': 0.01569496178282892, 'lag_22': 0.3896996154682013, 'lag_23': 0.022382323585028258, 'lag_24': 0.9847684639145813, 'lag_25': 0.9220666292919795, 'lag_26': 0.9618033894319257, 'lag_27': 0.6035135167910197, 'lag_28': 0.9732276643838969}. Best is trial 7 with value: 0.004984843034241536.
[I 2025-09-29 13:23:15,972] Trial 24 finished with value: 0.005533136941926234 and parameters: {'lag_0': 0.10284349186572528, 'lag_1': 0.3217704611243828, 'lag_2': 0.577252621346859, 'lag_3': 0.5280429725962432, 'lag_4': 0.7636522853375011, 'lag_5': 0.783918457032545, 'lag_6': 0.30057494475013524, 'lag_7': 0.7774950311773579, 'lag_8': 0.7070158894069395, 'lag_9': 0.6754738330956066, 'lag_10': 0.2599661634655625, 'lag_11': 0.47113589696507424, 'lag_12': 0.7191340694985526, 'lag_13': 0.4656186982137687, 'lag_14': 0.18853779060765363, 'lag_15': 0.460795236152993, 'lag_16': 0.38481587708896303, 'lag_17': 0.49373022639024894, 'lag_18': 0.22546521943442663, 'lag_19': 0.5291805676694453, 'lag_20': 0.5362742489141412, 'lag_21': 0.6291353640523888, 'lag_22': 0.6069634199876045, 'lag_23': 0.12128828093111171, 'lag_24': 0.858461322326646, 'lag_25': 0.6603836958719939, 'lag_26': 0.27855204142014367, 'lag_27': 0.7489490486029907, 'lag_28': 0.7433077234605023}. Best is trial 7 with value: 0.004984843034241536.
