[I 2025-09-29 13:09:50,487] Trial 83 finished with value: 0.0067382008328993 and parameters: {'lag_0': 0.557401647424956, 'lag_1': 0.2753115018694718, 'lag_2': 0.46870138907847897, 'lag_3': 0.7895593240781565, 'lag_4': 0.8940296330930745, 'lag_5': 0.5172793221482054, 'lag_6': 0.6327267918982804, 'lag_7': 0.11344752676479933, 'lag_8': 0.7599916522573025, 'lag_9': 0.3947997542296083, 'lag_10': 0.8741755823405679, 'lag_11': 0.7050254774648388, 'lag_12': 0.45517545011227734, 'lag_13': 0.43476574486999375, 'lag_14': 0.366803466505837, 'lag_15': 0.4270571713463599, 'lag_16': 0.59436481817625, 'lag_17': 0.050775555824983276, 'lag_18': 0.8523998494673691, 'lag_19': 0.14803139535103066, 'lag_20': 0.002508734889693928, 'lag_21': 0.4413044493871552, 'lag_22': 0.8978309326785189, 'lag_23': 0.7241951596424496, 'lag_24': 0.1429068083195531, 'lag_25': 0.2225203761383218, 'lag_26': 0.5351661942319009, 'lag_27': 0.22909414595124666, 'lag_28': 0.23509189931355248}. Best is trial 6 with value: 0.004473648248910995.
[I 2025-09-29 13:09:52,947] Trial 84 finished with value: 0.005769511435750366 and parameters: {'lag_0': 0.4813734866691348, 'lag_1': 0.06611357390408559, 'lag_2': 0.37118530613294204, 'lag_3': 0.8233652685822072, 'lag_4': 0.7829265550812102, 'lag_5': 0.7137008205726099, 'lag_6': 0.6867535647480312, 'lag_7': 0.009349533674079424, 'lag_8': 0.9789973964152594, 'lag_9': 0.23924526149737158, 'lag_10': 0.9131206567152689, 'lag_11': 0.6482560489771112, 'lag_12': 0.2704226748073402, 'lag_13': 0.3184009302565644, 'lag_14': 0.28477925635898527, 'lag_15': 0.40086918717094444, 'lag_16': 0.7055312928170392, 'lag_17': 0.6445066158156455, 'lag_18': 0.7729285369037837, 'lag_19': 0.8830840450592369, 'lag_20': 0.11682973934619434, 'lag_21': 0.3567718882195241, 'lag_22': 0.798654379686595, 'lag_23': 0.7760083940182518, 'lag_24': 0.3306217037181568, 'lag_25': 0.35679742167276773, 'lag_26': 0.43569047713463976, 'lag_27': 0.7841812916610548, 'lag_28': 0.3191809800968697}. Best is trial 6 with value: 0.004473648248910995.
[I 2025-09-29 13:09:55,405] Trial 85 finished with value: 0.005797673872334341 and parameters: {'lag_0': 0.2533688638812924, 'lag_1': 0.1804478311105567, 'lag_2': 0.9947161056614549, 'lag_3': 0.6864776660552141, 'lag_4': 0.8751279039543349, 'lag_5': 0.8030150659147163, 'lag_6': 0.7267918695924245, 'lag_7': 0.1471019755502675, 'lag_8': 0.9133610563714463, 'lag_9': 0.288249590496211, 'lag_10': 0.4753020548968412, 'lag_11': 0.8986366379554558, 'lag_12': 0.3658398563665957, 'lag_13': 0.5361771596502233, 'lag_14': 0.4169809395788492, 'lag_15': 0.5288214542781569, 'lag_16': 0.9258128331060818, 'lag_17': 0.5394756041794344, 'lag_18': 0.9439055014288842, 'lag_19': 0.2100636599802957, 'lag_20': 0.15308418418875347, 'lag_21': 0.5682215708025043, 'lag_22': 0.8787446705454975, 'lag_23': 0.588356372131489, 'lag_24': 0.37197212293224774, 'lag_25': 0.28281427121280567, 'lag_26': 0.06360865870318902, 'lag_27': 0.6899967191186059, 'lag_28': 0.527581675131609}. Best is trial 6 with value: 0.004473648248910995.
[I 2025-09-29 13:09:57,868] Trial 86 finished with value: 0.00631852747569375 and parameters: {'lag_0': 0.3792105003039686, 'lag_1': 0.3359400642686084, 'lag_2': 0.31043627162137505, 'lag_3': 0.7523204581225613, 'lag_4': 0.9327936305919828, 'lag_5': 0.6036122080430054, 'lag_6': 0.3614782509251022, 'lag_7': 0.2176744366998203, 'lag_8': 0.8307527558396821, 'lag_9': 0.2028621138706421, 'lag_10': 0.8027415629064828, 'lag_11': 0.9655187413475491, 'lag_12': 0.5346772827030738, 'lag_13': 0.2318784365796162, 'lag_14': 0.06357242715073047, 'lag_15': 0.9643057209770342, 'lag_16': 0.41128876074032666, 'lag_17': 0.49606363370901335, 'lag_18': 0.8808088474673474, 'lag_19': 0.13847413695108504, 'lag_20': 0.1944081097735762, 'lag_21': 0.21852751607262966, 'lag_22': 0.7354160822594543, 'lag_23': 0.6721050300092916, 'lag_24': 0.4243216123141884, 'lag_25': 0.17201316994408858, 'lag_26': 0.019803163041031267, 'lag_27': 0.17701062800928838, 'lag_28': 0.36518832137896484}. Best is trial 6 with value: 0.004473648248910995.
[I 2025-09-29 13:10:00,327] Trial 87 finished with value: 0.0060233667255021285 and parameters: {'lag_0': 0.6383621925898327, 'lag_1': 0.2183009819971642, 'lag_2': 0.5698675990492277, 'lag_3': 0.6162241474840761, 'lag_4': 0.9956118862787311, 'lag_5': 0.7612749840115831, 'lag_6': 0.09281228265816821, 'lag_7': 0.3084357088819683, 'lag_8': 0.6367203549216823, 'lag_9': 0.3495154966949609, 'lag_10': 0.7690805346104486, 'lag_11': 0.6673524031971899, 'lag_12': 0.42199908450607737, 'lag_13': 0.26306348239901756, 'lag_14': 0.31658462522464803, 'lag_15': 0.8380148282307287, 'lag_16': 0.4337784589105269, 'lag_17': 0.40106731576525656, 'lag_18': 0.3533784614726323, 'lag_19': 0.05420150566068582, 'lag_20': 0.0640880590986174, 'lag_21': 0.5987098420248872, 'lag_22': 0.9376220924301905, 'lag_23': 0.8552007011941688, 'lag_24': 0.2644821166019932, 'lag_25': 0.2098840460223223, 'lag_26': 0.0906150572576483, 'lag_27': 0.9664131775744965, 'lag_28': 0.43403947150156375}. Best is trial 6 with value: 0.004473648248910995.
[I 2025-09-29 13:10:02,793] Trial 88 finished with value: 0.006136254573177747 and parameters: {'lag_0': 0.939737216060752, 'lag_1': 0.14797565286433487, 'lag_2': 0.6292203672605972, 'lag_3': 0.9637374316343108, 'lag_4': 0.49376648801615786, 'lag_5': 0.706420517661929, 'lag_6': 0.42206338356404727, 'lag_7': 0.34158094974424646, 'lag_8': 0.8645918232761434, 'lag_9': 0.4336219493001204, 'lag_10': 0.8302338706044031, 'lag_11': 0.4511161884824453, 'lag_12': 0.32576538327346505, 'lag_13': 0.3682253896702215, 'lag_14': 0.9432404290821351, 'lag_15': 0.6100684487726705, 'lag_16': 0.7766446810436824, 'lag_17': 0.34019375585987366, 'lag_18': 0.3097369589047816, 'lag_19': 0.8226980833894573, 'lag_20': 0.10183129346070059, 'lag_21': 0.5249427988973344, 'lag_22': 0.8225532910889228, 'lag_23': 0.7514820437961385, 'lag_24': 0.29769598670306385, 'lag_25': 0.41898757249232366, 'lag_26': 0.13475474841312313, 'lag_27': 0.10741507305803127, 'lag_28': 0.10488911587530508}. Best is trial 6 with value: 0.004473648248910995.
[I 2025-09-29 13:10:05,251] Trial 89 finished with value: 0.006134797257102635 and parameters: {'lag_0': 0.7931882075478245, 'lag_1': 0.385046567893456, 'lag_2': 0.7085961543964732, 'lag_3': 0.7223196615877062, 'lag_4': 0.27662416701408543, 'lag_5': 0.1285019310960081, 'lag_6': 0.5952660699153816, 'lag_7': 0.23829251712489502, 'lag_8': 0.7216992764926765, 'lag_9': 0.3290808561751025, 'lag_10': 0.61440543063331, 'lag_11': 0.7351185104038731, 'lag_12': 0.48267084503431695, 'lag_13': 0.46311621564795474, 'lag_14': 0.25567910345036315, 'lag_15': 0.883643914686656, 'lag_16': 0.37578001882455225, 'lag_17': 0.9635559019417993, 'lag_18': 0.9081663513037352, 'lag_19': 0.7374606462628494, 'lag_20': 0.6390749094191268, 'lag_21': 0.291800736376272, 'lag_22': 0.9970145173005384, 'lag_23': 0.9173839460886513, 'lag_24': 0.6911887050356771, 'lag_25': 0.25424190465155594, 'lag_26': 0.37199944815875174, 'lag_27': 0.23525681762457082, 'lag_28': 0.40377173636449804}. Best is trial 6 with value: 0.004473648248910995.
[I 2025-09-29 13:10:07,723] Trial 90 finished with value: 0.006540453115184213 and parameters: {'lag_0': 0.4444343365897849, 'lag_1': 0.05702018397053353, 'lag_2': 0.8211839372863489, 'lag_3': 0.7689938746356911, 'lag_4': 0.4340303635769494, 'lag_5': 0.6382809033521833, 'lag_6': 0.7828325466380737, 'lag_7': 0.6355960769046984, 'lag_8': 0.5190193779404539, 'lag_9': 0.15045992089631482, 'lag_10': 0.5428662215773911, 'lag_11': 0.2940737259960046, 'lag_12': 0.3070444460590083, 'lag_13': 0.40741784893580013, 'lag_14': 0.8712306965759526, 'lag_15': 0.3412076644813259, 'lag_16': 0.7307035730971633, 'lag_17': 0.8061262702877067, 'lag_18': 0.5769978154372886, 'lag_19': 0.5704439795194253, 'lag_20': 0.05687069261921557, 'lag_21': 0.6488075964214005, 'lag_22': 0.6708596657061632, 'lag_23': 0.9723447299085539, 'lag_24': 0.08930335893110658, 'lag_25': 0.14883159837400076, 'lag_26': 0.18133671550770156, 'lag_27': 0.8305008546798289, 'lag_28': 0.5165263423538725}. Best is trial 6 with value: 0.004473648248910995.
[I 2025-09-29 13:10:10,186] Trial 91 finished with value: 0.005384463565867059 and parameters: {'lag_0': 0.89613314523246, 'lag_1': 0.6234758204389866, 'lag_2': 0.9559140918243977, 'lag_3': 0.3715473641726509, 'lag_4': 0.642091109421348, 'lag_5': 0.6492624814887875, 'lag_6': 0.6196076924325131, 'lag_7': 0.1804062499547866, 'lag_8': 0.39749210041243105, 'lag_9': 0.48850916479212536, 'lag_10': 0.04131670522610109, 'lag_11': 0.9113351068068243, 'lag_12': 0.23787412632665692, 'lag_13': 0.34610188792039276, 'lag_14': 0.4685521450812737, 'lag_15': 0.25426302299901365, 'lag_16': 0.2989672467192439, 'lag_17': 0.4136460302121607, 'lag_18': 0.2841011240598901, 'lag_19': 0.8967686262434639, 'lag_20': 0.5930446419498102, 'lag_21': 0.1468213229785294, 'lag_22': 0.6103680419966329, 'lag_23': 0.8209981008875054, 'lag_24': 0.05027145885279116, 'lag_25': 0.81745117726309, 'lag_26': 0.09873633941639676, 'lag_27': 0.3775481980343125, 'lag_28': 0.865097140008384}. Best is trial 6 with value: 0.004473648248910995.
[I 2025-09-29 13:10:12,659] Trial 92 finished with value: 0.006159095192827398 and parameters: {'lag_0': 0.8305856322662836, 'lag_1': 0.6978509315469227, 'lag_2': 0.21251664653232055, 'lag_3': 0.6569260689748685, 'lag_4': 0.5954240980261807, 'lag_5': 0.5750392100090996, 'lag_6': 0.5499434405278929, 'lag_7': 0.4958897366281657, 'lag_8': 0.4909956125293748, 'lag_9': 0.5144070838789419, 'lag_10': 0.9475722041133748, 'lag_11': 0.9434938076618635, 'lag_12': 0.20195975820526718, 'lag_13': 0.07432902390425761, 'lag_14': 0.39935694523694865, 'lag_15': 0.366401290768271, 'lag_16': 0.6788133229506604, 'lag_17': 0.3638158837226162, 'lag_18': 0.24209532554775764, 'lag_19': 0.8600579908702545, 'lag_20': 0.7007249258350748, 'lag_21': 0.7188365514802949, 'lag_22': 0.524977778992436, 'lag_23': 0.45688045076243444, 'lag_24': 0.5671259818537768, 'lag_25': 0.718213469717467, 'lag_26': 0.12021640783686946, 'lag_27': 0.2883332694312297, 'lag_28': 0.27969991087167895}. Best is trial 6 with value: 0.004473648248910995.
[I 2025-09-29 13:10:15,122] Trial 93 finished with value: 0.0062661583998288 and parameters: {'lag_0': 0.8472423831501571, 'lag_1': 0.3116670468233228, 'lag_2': 0.67204408117687, 'lag_3': 0.33861726608227033, 'lag_4': 0.5605631336073396, 'lag_5': 0.6665508919501262, 'lag_6': 0.7078045243269456, 'lag_7': 0.5197685570672862, 'lag_8': 0.9654116993625469, 'lag_9': 0.5422653132252286, 'lag_10': 0.10047346037754726, 'lag_11': 0.8514587047034761, 'lag_12': 0.11682099254598387, 'lag_13': 0.1965304670513628, 'lag_14': 0.33900832957266924, 'lag_15': 0.4590261233602534, 'lag_16': 0.3367902787622137, 'lag_17': 0.4696639875595501, 'lag_18': 0.21633502807823607, 'lag_19': 0.8084270548230957, 'lag_20': 0.27462766597932253, 'lag_21': 0.6723337721427731, 'lag_22': 0.5734834766280115, 'lag_23': 0.8929457401968236, 'lag_24': 0.45291344296086844, 'lag_25': 0.3097809856538303, 'lag_26': 0.8279427082027659, 'lag_27': 0.344263657291484, 'lag_28': 0.7301217902471748}. Best is trial 6 with value: 0.004473648248910995.
[I 2025-09-29 13:10:17,580] Trial 94 finished with value: 0.006722181033679933 and parameters: {'lag_0': 0.75310093438403, 'lag_1': 0.27979886297266565, 'lag_2': 0.5021731815427191, 'lag_3': 0.45598719942327015, 'lag_4': 0.7509713012779446, 'lag_5': 0.6881029572549305, 'lag_6': 0.6472063244579644, 'lag_7': 0.5854221318288807, 'lag_8': 0.22494731426214845, 'lag_9': 0.451036119784046, 'lag_10': 0.588667942188564, 'lag_11': 0.6939840433294518, 'lag_12': 0.28103588704697, 'lag_13': 0.3072003247810038, 'lag_14': 0.5494361102036891, 'lag_15': 0.30352499014741874, 'lag_16': 0.16915265400832113, 'lag_17': 0.4246113366140674, 'lag_18': 0.5352990981310246, 'lag_19': 0.505242004212223, 'lag_20': 0.18394738644543365, 'lag_21': 0.4699584357809137, 'lag_22': 0.07620478623967752, 'lag_23': 0.2292962949381022, 'lag_24': 0.519889191477299, 'lag_25': 0.33638461097487976, 'lag_26': 0.4737433576707518, 'lag_27': 0.9387858396575051, 'lag_28': 0.7813166306644169}. Best is trial 6 with value: 0.004473648248910995.
[I 2025-09-29 13:10:20,173] Trial 95 finished with value: 0.005509583176354238 and parameters: {'lag_0': 0.18312777110890244, 'lag_1': 0.5131596662270477, 'lag_2': 0.4224098695602517, 'lag_3': 0.26912279685405593, 'lag_4': 0.46040250311399633, 'lag_5': 0.7244969579181103, 'lag_6': 0.7446008344154336, 'lag_7': 0.45102250424442086, 'lag_8': 0.4450144488588642, 'lag_9': 0.41339108920328754, 'lag_10': 0.425986540722878, 'lag_11': 0.09974854069119032, 'lag_12': 0.39167084922998285, 'lag_13': 0.42621103657964615, 'lag_14': 0.3863077193619332, 'lag_15': 0.48813182393830784, 'lag_16': 0.3914763577911202, 'lag_17': 0.9106345294719241, 'lag_18': 0.185272234492871, 'lag_19': 0.64706850913985, 'lag_20': 0.8046413361473155, 'lag_21': 0.25809524247090126, 'lag_22': 0.47064134403748825, 'lag_23': 0.5562443362773665, 'lag_24': 0.1249914646334514, 'lag_25': 0.8560354073019906, 'lag_26': 0.19890506438618777, 'lag_27': 0.527890539240263, 'lag_28': 0.5988075019807497}. Best is trial 6 with value: 0.004473648248910995.
[I 2025-09-29 13:10:22,649] Trial 96 finished with value: 0.006448261736595207 and parameters: {'lag_0': 0.7976103579272414, 'lag_1': 0.663501995304841, 'lag_2': 0.7807313799489205, 'lag_3': 0.31951234541213125, 'lag_4': 0.6927101462212408, 'lag_5': 0.7523939645331806, 'lag_6': 0.604542192840466, 'lag_7': 0.535589080878083, 'lag_8': 0.5888872268440408, 'lag_9': 0.37477323271230273, 'lag_10': 0.30556105902218367, 'lag_11': 0.809856526410889, 'lag_12': 0.2243580174631396, 'lag_13': 0.029962694651149514, 'lag_14': 0.4389873087429538, 'lag_15': 0.1953022061694017, 'lag_16': 0.27251350563985527, 'lag_17': 0.30928442108199755, 'lag_18': 0.7192409207521558, 'lag_19': 0.7726957988290746, 'lag_20': 0.5561452313317833, 'lag_21': 0.6290505238813955, 'lag_22': 0.3625142671301511, 'lag_23': 0.9839511263073362, 'lag_24': 0.24126080052612792, 'lag_25': 0.47797138715856746, 'lag_26': 0.24483424153298117, 'lag_27': 0.3103210506859174, 'lag_28': 0.4594167206455243}. Best is trial 6 with value: 0.004473648248910995.
[I 2025-09-29 13:10:25,124] Trial 97 finished with value: 0.005627988057831798 and parameters: {'lag_0': 0.9096640651682552, 'lag_1': 0.7843655970465999, 'lag_2': 0.30870633422532967, 'lag_3': 0.5664817405391344, 'lag_4': 0.5183547771308153, 'lag_5': 0.8251974910203842, 'lag_6': 0.20945883459689332, 'lag_7': 0.20622603676273218, 'lag_8': 0.3128953253041875, 'lag_9': 0.2666649105572475, 'lag_10': 0.504284432026186, 'lag_11': 0.8870499458073088, 'lag_12': 0.3510803571447786, 'lag_13': 0.1439064281145213, 'lag_14': 0.2968100698933398, 'lag_15': 0.9245885480355194, 'lag_16': 0.3624990446942284, 'lag_17': 0.28561606481003227, 'lag_18': 0.3321897787955003, 'lag_19': 0.4376466755139, 'lag_20': 0.6173730325235728, 'lag_21': 0.4166077844434011, 'lag_22': 0.19920277666245334, 'lag_23': 0.9372391023567506, 'lag_24': 0.8609147793752794, 'lag_25': 0.7710185443644034, 'lag_26': 0.06904223825062908, 'lag_27': 0.46160347042442107, 'lag_28': 0.4861784985807569}. Best is trial 6 with value: 0.004473648248910995.
[I 2025-09-29 13:10:27,600] Trial 98 finished with value: 0.005098312663058951 and parameters: {'lag_0': 0.9659451362251659, 'lag_1': 0.5951164919464945, 'lag_2': 0.2586742925520785, 'lag_3': 0.2393948734236637, 'lag_4': 0.6304669359545283, 'lag_5': 0.6237881453299841, 'lag_6': 0.5419438625380519, 'lag_7': 0.2628787499506091, 'lag_8': 0.9022886101040506, 'lag_9': 0.6078631447860964, 'lag_10': 0.17356892398381538, 'lag_11': 0.9288365764528448, 'lag_12': 0.25241365532868565, 'lag_13': 0.3898120593042485, 'lag_14': 0.8054694448616899, 'lag_15': 0.381457079863252, 'lag_16': 0.45190595101632935, 'lag_17': 0.4616341974769157, 'lag_18': 0.6254039084843163, 'lag_19': 0.8466904356876298, 'lag_20': 0.1501460410774043, 'lag_21': 0.788130987504275, 'lag_22': 0.2602287700894398, 'lag_23': 0.8767899863624259, 'lag_24': 0.6794850402685524, 'lag_25': 0.650373909019228, 'lag_26': 0.15987064732918252, 'lag_27': 0.2660168732308105, 'lag_28': 0.6858748105785062}. Best is trial 6 with value: 0.004473648248910995.
[I 2025-09-29 13:10:30,062] Trial 99 finished with value: 0.006591343030261726 and parameters: {'lag_0': 0.4218441193620329, 'lag_1': 0.4305226247982507, 'lag_2': 0.3581592178632247, 'lag_3': 0.16965470964542828, 'lag_4': 0.6728596484053382, 'lag_5': 0.4584751359316795, 'lag_6': 0.6742326629157537, 'lag_7': 0.0958184336248992, 'lag_8': 0.001122649448091595, 'lag_9': 0.29941178230162724, 'lag_10': 0.2560470734095854, 'lag_11': 0.9748892016508172, 'lag_12': 0.500022404750198, 'lag_13': 0.7488770758699034, 'lag_14': 0.7602294095502002, 'lag_15': 0.4111586094045457, 'lag_16': 0.4957144773404421, 'lag_17': 0.7705808588691014, 'lag_18': 0.6831186283450347, 'lag_19': 0.6870555646966915, 'lag_20': 0.6542375404849736, 'lag_21': 0.7593886286528286, 'lag_22': 0.7053511674148245, 'lag_23': 0.060317484548057354, 'lag_24': 0.7364571085597694, 'lag_25': 0.6144282918589828, 'lag_26': 0.015446506022250728, 'lag_27': 0.7185084143183875, 'lag_28': 0.38990752084579444}. Best is trial 6 with value: 0.004473648248910995.
[I 2025-09-29 13:10:30,076] A new study created in memory with name: no-name-4282683c-6d67-45a1-b76a-2bbcec0a3e0f
[I 2025-09-29 13:10:32,501] Trial 0 finished with value: 0.003896067305439859 and parameters: {'lag_0': 0.4079104914455334, 'lag_1': 0.7858236864272656, 'lag_2': 0.2603367097616655, 'lag_3': 0.46803973857001585, 'lag_4': 0.3453075816879816, 'lag_5': 0.14707589879048513, 'lag_6': 0.6817902910475382, 'lag_7': 0.7424367168299242, 'lag_8': 0.830097734154059, 'lag_9': 0.13538540833744045, 'lag_10': 0.6317460738359807, 'lag_11': 0.33951048568279263, 'lag_12': 0.6898169092113935, 'lag_13': 0.03932830127647799, 'lag_14': 0.8638310507276822, 'lag_15': 0.5148032069220898, 'lag_16': 0.43624010677275654, 'lag_17': 0.632222672881422, 'lag_18': 0.30223230061645007, 'lag_19': 0.6397419510175618, 'lag_20': 0.7842240855844382, 'lag_21': 0.9358045336605215, 'lag_22': 0.09660545551087495, 'lag_23': 0.9287934192411033, 'lag_24': 0.10452646745260272, 'lag_25': 0.6114706521061871, 'lag_26': 0.8001871678325105, 'lag_27': 0.04741260225334134, 'lag_28': 0.5567645429736817}. Best is trial 0 with value: 0.003896067305439859.
[I 2025-09-29 13:10:34,920] Trial 1 finished with value: 0.00393993227479361 and parameters: {'lag_0': 0.9199714658643717, 'lag_1': 0.3395245488303162, 'lag_2': 0.45514870205522107, 'lag_3': 0.5527291449775075, 'lag_4': 0.9923189432977921, 'lag_5': 0.8559323992148233, 'lag_6': 0.4441575105566673, 'lag_7': 0.6462021225151794, 'lag_8': 0.35703055168194314, 'lag_9': 0.7950038319538232, 'lag_10': 0.6935441138703414, 'lag_11': 0.6911910565012817, 'lag_12': 0.4537479452010576, 'lag_13': 0.8355475348998406, 'lag_14': 0.34944941393445456, 'lag_15': 0.8463738778981933, 'lag_16': 0.7054249172859154, 'lag_17': 0.9091945561518006, 'lag_18': 0.5641336745782622, 'lag_19': 0.3389305039793744, 'lag_20': 0.04257822017702033, 'lag_21': 0.46586664301289454, 'lag_22': 0.8046688917995324, 'lag_23': 0.478397791723065, 'lag_24': 0.19957619981921837, 'lag_25': 0.12935061364622136, 'lag_26': 0.16090174923893694, 'lag_27': 0.034519460031322044, 'lag_28': 0.3212396207582808}. Best is trial 0 with value: 0.003896067305439859.
[I 2025-09-29 13:10:37,344] Trial 2 finished with value: 0.0031759435574674004 and parameters: {'lag_0': 0.7046249467380993, 'lag_1': 0.29513713286630894, 'lag_2': 0.9066693383316098, 'lag_3': 0.014315093544553636, 'lag_4': 0.02807387962255131, 'lag_5': 0.4881642483556892, 'lag_6': 0.6625550756815819, 'lag_7': 0.17728474048553763, 'lag_8': 0.823959163262804, 'lag_9': 0.7513758090269455, 'lag_10': 0.45219614053647933, 'lag_11': 0.938526397949996, 'lag_12': 0.6538541129784615, 'lag_13': 0.2844834883119109, 'lag_14': 0.9248406207735529, 'lag_15': 0.230020279492828, 'lag_16': 0.9826168648333827, 'lag_17': 0.3098192960425327, 'lag_18': 0.9173966156968617, 'lag_19': 0.5808479799232098, 'lag_20': 0.34182662716859225, 'lag_21': 0.8694162149397457, 'lag_22': 0.596255906261097, 'lag_23': 0.8163980043526188, 'lag_24': 0.4130754620338437, 'lag_25': 0.8256452527289766, 'lag_26': 0.7055513443525933, 'lag_27': 0.9745399184915402, 'lag_28': 0.29513363886711286}. Best is trial 2 with value: 0.0031759435574674004.
[I 2025-09-29 13:10:39,768] Trial 3 finished with value: 0.003204845067047901 and parameters: {'lag_0': 0.7555046866443391, 'lag_1': 0.316380851064074, 'lag_2': 0.24164737884477736, 'lag_3': 0.5756592402001739, 'lag_4': 0.024346905647157385, 'lag_5': 0.3614355737376473, 'lag_6': 0.7060957461646135, 'lag_7': 0.999720401811258, 'lag_8': 0.6882991574997668, 'lag_9': 0.0028495943627188172, 'lag_10': 0.2132491074621479, 'lag_11': 0.8984943627251377, 'lag_12': 0.8643154376214227, 'lag_13': 0.025556579904929353, 'lag_14': 0.09860143586839333, 'lag_15': 0.2722441627779582, 'lag_16': 0.4632021162401201, 'lag_17': 0.728245240130589, 'lag_18': 0.34613599899941544, 'lag_19': 0.6094463125155232, 'lag_20': 0.415337900451449, 'lag_21': 0.525074543389742, 'lag_22': 0.6862877882504969, 'lag_23': 0.5560254075126572, 'lag_24': 0.7025553345480314, 'lag_25': 0.3224220249822786, 'lag_26': 0.6079900972797487, 'lag_27': 0.4745626302453793, 'lag_28': 0.20439307892122358}. Best is trial 2 with value: 0.0031759435574674004.
