[I 2025-09-29 12:51:10,036] Trial 20 finished with value: 0.004434743266261984 and parameters: {'lag_0': 0.5409049285819152, 'lag_1': 0.9410556187137922, 'lag_2': 0.6900378360604933, 'lag_3': 0.9953636713026894, 'lag_4': 0.48479735243714983, 'lag_5': 0.5579548024669587, 'lag_6': 0.6723161974063997, 'lag_7': 0.32038788048543965, 'lag_8': 0.5285366639716871, 'lag_9': 0.8392039068633897, 'lag_10': 0.11115444970254823, 'lag_11': 0.9875872691712759, 'lag_12': 0.6388407984004905, 'lag_13': 0.3807844246501928, 'lag_14': 0.8760888051263165, 'lag_15': 0.817181226482026, 'lag_16': 0.8282473714054654, 'lag_17': 0.9853892153808365, 'lag_18': 0.6523829942134488, 'lag_19': 0.1102664099455753, 'lag_20': 0.6431895248466815, 'lag_21': 0.3919513669350056, 'lag_22': 0.5392466575215156, 'lag_23': 0.41160602322626694, 'lag_24': 0.8769056723771183, 'lag_25': 0.45251881462429744, 'lag_26': 0.3684101693640397, 'lag_27': 0.5746320548333655, 'lag_28': 0.8820976332985966}. Best is trial 14 with value: 0.004105909280388653.
[I 2025-09-29 12:51:12,542] Trial 21 finished with value: 0.004430862646968953 and parameters: {'lag_0': 0.7534564284049212, 'lag_1': 0.4948346049798451, 'lag_2': 0.8285861189021134, 'lag_3': 0.154549788375348, 'lag_4': 0.6299573770606789, 'lag_5': 0.8173335725936961, 'lag_6': 0.6778465767132847, 'lag_7': 0.38942264044517816, 'lag_8': 0.9935317205943638, 'lag_9': 0.6297155260893925, 'lag_10': 0.012189219568755382, 'lag_11': 0.8700584304294373, 'lag_12': 0.8355370270274918, 'lag_13': 0.9919544115710789, 'lag_14': 0.24505734261869216, 'lag_15': 0.12266827927239814, 'lag_16': 0.6196821627415141, 'lag_17': 0.6272105837953985, 'lag_18': 0.3774934211372656, 'lag_19': 0.28591667688602096, 'lag_20': 0.8363608144481671, 'lag_21': 0.793295657267222, 'lag_22': 0.7175997067799282, 'lag_23': 0.17996868963302648, 'lag_24': 0.03480321850913959, 'lag_25': 0.2298000860745059, 'lag_26': 0.6937119295712406, 'lag_27': 0.995213207347121, 'lag_28': 0.6618948399006778}. Best is trial 14 with value: 0.004105909280388653.
[I 2025-09-29 12:51:15,051] Trial 22 finished with value: 0.005022322075029652 and parameters: {'lag_0': 0.7351430767511113, 'lag_1': 0.5300744671125164, 'lag_2': 0.661675704806414, 'lag_3': 0.6946619923767644, 'lag_4': 0.954096568664937, 'lag_5': 0.5738520436589083, 'lag_6': 0.741056150869563, 'lag_7': 0.1445109149498524, 'lag_8': 0.8402696989322671, 'lag_9': 0.31608823051376417, 'lag_10': 0.09853974263200901, 'lag_11': 0.6930375540333522, 'lag_12': 0.6296633712573946, 'lag_13': 0.641035461227628, 'lag_14': 0.6139125080622787, 'lag_15': 0.29421029293092416, 'lag_16': 0.6711101023365775, 'lag_17': 0.03790732147023497, 'lag_18': 0.3336459374906968, 'lag_19': 0.15164359021950993, 'lag_20': 0.7656223217273537, 'lag_21': 0.5765614511946804, 'lag_22': 0.8062331320148187, 'lag_23': 0.16999036955210006, 'lag_24': 0.6442899947622165, 'lag_25': 0.12563403015533378, 'lag_26': 0.8521261733894826, 'lag_27': 0.7734841065355129, 'lag_28': 0.5062107943265948}. Best is trial 14 with value: 0.004105909280388653.
[I 2025-09-29 12:51:17,556] Trial 23 finished with value: 0.004670214545076157 and parameters: {'lag_0': 0.9001980311706059, 'lag_1': 0.4677052586427697, 'lag_2': 0.4964822421498734, 'lag_3': 0.48650581504093066, 'lag_4': 0.4703030586257031, 'lag_5': 0.20618647173375726, 'lag_6': 0.9820706153259067, 'lag_7': 0.3327939822870293, 'lag_8': 0.7255978186919281, 'lag_9': 0.7986111239878296, 'lag_10': 0.20798785455169758, 'lag_11': 0.9007428901539356, 'lag_12': 0.6236861002484596, 'lag_13': 0.5456748600865233, 'lag_14': 0.45179917933387564, 'lag_15': 0.017208325025760675, 'lag_16': 0.4205828257799288, 'lag_17': 0.4240992791807797, 'lag_18': 0.17784269503686093, 'lag_19': 0.35064416677854343, 'lag_20': 0.4946300918066417, 'lag_21': 0.8101724399018913, 'lag_22': 0.6508377919239663, 'lag_23': 0.26827996006487365, 'lag_24': 0.4279952566702152, 'lag_25': 0.004878547621962659, 'lag_26': 0.697573018454676, 'lag_27': 0.8909709337889313, 'lag_28': 0.5442453238975344}. Best is trial 14 with value: 0.004105909280388653.
[I 2025-09-29 12:51:20,063] Trial 24 finished with value: 0.004520242524051201 and parameters: {'lag_0': 0.7498534691582791, 'lag_1': 0.21272211273071906, 'lag_2': 0.709057135707878, 'lag_3': 0.8176059919478258, 'lag_4': 0.6124183157401233, 'lag_5': 0.9934836653042963, 'lag_6': 0.5836959240061909, 'lag_7': 0.7175032103483137, 'lag_8': 0.9801555104261525, 'lag_9': 0.7544591317609076, 'lag_10': 0.3646477379822346, 'lag_11': 0.44467829892172195, 'lag_12': 0.44143378090566393, 'lag_13': 0.7615829496806442, 'lag_14': 0.3171379552445547, 'lag_15': 0.12329985216756936, 'lag_16': 0.7530847063497568, 'lag_17': 0.7055930957441582, 'lag_18': 0.5072553195605645, 'lag_19': 0.6816494493240975, 'lag_20': 0.6620377640830801, 'lag_21': 0.4149207661797376, 'lag_22': 0.8563706054760774, 'lag_23': 0.0033320804962310435, 'lag_24': 0.9098537771617825, 'lag_25': 0.38440869659557275, 'lag_26': 0.7906672949650937, 'lag_27': 0.7516305712583549, 'lag_28': 0.6520164366353245}. Best is trial 14 with value: 0.004105909280388653.
[I 2025-09-29 12:51:22,565] Trial 25 finished with value: 0.004594760499044847 and parameters: {'lag_0': 0.7015051866721302, 'lag_1': 0.583960007750407, 'lag_2': 0.5118529573913603, 'lag_3': 0.20153996173329858, 'lag_4': 0.8694060943934798, 'lag_5': 0.44303895744814054, 'lag_6': 0.46393102284634735, 'lag_7': 0.374601985317352, 'lag_8': 0.8859103962420124, 'lag_9': 0.6389398205551851, 'lag_10': 0.030813940610086743, 'lag_11': 0.236943685650024, 'lag_12': 0.779335542428423, 'lag_13': 0.9022124526933906, 'lag_14': 0.5104418523823183, 'lag_15': 0.3235063495365332, 'lag_16': 0.6140291562056359, 'lag_17': 0.47732203878750035, 'lag_18': 0.20373231583466164, 'lag_19': 0.46491376440328713, 'lag_20': 0.9204601074289213, 'lag_21': 0.8928926170476139, 'lag_22': 0.6584647680245914, 'lag_23': 0.3432458337253673, 'lag_24': 0.7138823315757712, 'lag_25': 0.2683182147577914, 'lag_26': 0.6028044958799407, 'lag_27': 0.9179963556423063, 'lag_28': 0.44604059420790454}. Best is trial 14 with value: 0.004105909280388653.
[I 2025-09-29 12:51:25,069] Trial 26 finished with value: 0.004386271358936311 and parameters: {'lag_0': 0.41311094845476587, 'lag_1': 0.6800314087571433, 'lag_2': 0.8689504216368189, 'lag_3': 0.6366336095966355, 'lag_4': 0.23127643706909792, 'lag_5': 0.5839384996194061, 'lag_6': 0.8784093600918701, 'lag_7': 0.10490066670565137, 'lag_8': 0.7039752531013237, 'lag_9': 0.884908424167384, 'lag_10': 0.33838422954833225, 'lag_11': 0.06328878196752014, 'lag_12': 0.9060181072793141, 'lag_13': 0.6807913027649067, 'lag_14': 0.8719378063396308, 'lag_15': 0.501288361308375, 'lag_16': 0.8815466755369769, 'lag_17': 0.30479761093193614, 'lag_18': 0.47236775569819894, 'lag_19': 0.026583059320402086, 'lag_20': 0.80335639112567, 'lag_21': 0.7223844041335726, 'lag_22': 0.99930915974579, 'lag_23': 0.11185839916472538, 'lag_24': 0.9976081073320949, 'lag_25': 0.20349299791759312, 'lag_26': 0.8960673294905951, 'lag_27': 0.6173154721318351, 'lag_28': 0.7372762274132862}. Best is trial 14 with value: 0.004105909280388653.
[I 2025-09-29 12:51:27,587] Trial 27 finished with value: 0.004450451479345021 and parameters: {'lag_0': 0.5805296523609031, 'lag_1': 0.44906336042570516, 'lag_2': 0.5689942503066954, 'lag_3': 0.41073676672604786, 'lag_4': 0.6950914374456199, 'lag_5': 0.8165608527019658, 'lag_6': 0.7493481676047096, 'lag_7': 0.25681993387094026, 'lag_8': 0.8536423128448491, 'lag_9': 0.9705465128800481, 'lag_10': 0.18737152657064107, 'lag_11': 0.8004886665668096, 'lag_12': 0.6456341758774709, 'lag_13': 0.4197816782215895, 'lag_14': 0.13054777749604626, 'lag_15': 0.1769316283896824, 'lag_16': 0.7704917985981179, 'lag_17': 0.8233211289264208, 'lag_18': 0.3838962390464916, 'lag_19': 0.5972985584716135, 'lag_20': 0.7093287527798062, 'lag_21': 0.592783017156115, 'lag_22': 0.7409277121414923, 'lag_23': 0.6009086410813717, 'lag_24': 0.8206237468556041, 'lag_25': 0.9598824248839293, 'lag_26': 0.751266516745418, 'lag_27': 0.7975758075348905, 'lag_28': 0.33671003279041567}. Best is trial 14 with value: 0.004105909280388653.
[I 2025-09-29 12:51:30,090] Trial 28 finished with value: 0.004742932980167923 and parameters: {'lag_0': 0.8369154222780488, 'lag_1': 0.7360926708045603, 'lag_2': 0.947605988579094, 'lag_3': 0.7674814575593307, 'lag_4': 0.11965801962059495, 'lag_5': 0.3707757315128707, 'lag_6': 0.579444763655315, 'lag_7': 0.5010682841896044, 'lag_8': 0.5866742116821192, 'lag_9': 0.8779372574867708, 'lag_10': 0.45334922050372434, 'lag_11': 0.650373543353325, 'lag_12': 0.564821175726519, 'lag_13': 0.7292845283512047, 'lag_14': 0.7860963923531852, 'lag_15': 0.9950723074651888, 'lag_16': 0.4515229542888717, 'lag_17': 0.66581566017664, 'lag_18': 0.5735139391426979, 'lag_19': 0.18736586768016228, 'lag_20': 0.5570062465692515, 'lag_21': 0.4637388460333282, 'lag_22': 0.9136020666689308, 'lag_23': 0.4728323074372616, 'lag_24': 0.48699248584379456, 'lag_25': 0.08260671752819021, 'lag_26': 0.502812168805901, 'lag_27': 0.507186392701898, 'lag_28': 0.856958196869037}. Best is trial 14 with value: 0.004105909280388653.
[I 2025-09-29 12:51:32,589] Trial 29 finished with value: 0.004680595199127457 and parameters: {'lag_0': 0.6552562577604821, 'lag_1': 0.5437469109354387, 'lag_2': 0.38240458325462584, 'lag_3': 0.5724894910742899, 'lag_4': 0.8275679177314165, 'lag_5': 0.25531870254492023, 'lag_6': 0.8517248744855999, 'lag_7': 0.7096589866718939, 'lag_8': 0.7383316588489374, 'lag_9': 0.36404709105900435, 'lag_10': 0.2867563913748891, 'lag_11': 0.4886002278122289, 'lag_12': 0.47211824261480256, 'lag_13': 0.918087355530966, 'lag_14': 0.2790131965355014, 'lag_15': 0.7313724011733286, 'lag_16': 0.5675181498219164, 'lag_17': 0.2935340707649567, 'lag_18': 0.09494194137947687, 'lag_19': 0.32656901972090624, 'lag_20': 0.7741068665328148, 'lag_21': 0.21498024531491813, 'lag_22': 0.4942378316942537, 'lag_23': 0.23136425389546325, 'lag_24': 0.8507169935902272, 'lag_25': 0.38626161111463175, 'lag_26': 0.020901404413541436, 'lag_27': 0.9569902882939071, 'lag_28': 0.6040446688270323}. Best is trial 14 with value: 0.004105909280388653.
[I 2025-09-29 12:51:35,096] Trial 30 finished with value: 0.00467325571347874 and parameters: {'lag_0': 0.7734653054466814, 'lag_1': 0.26492587890840663, 'lag_2': 0.7872149573578875, 'lag_3': 0.4915466306818408, 'lag_4': 0.28388350720383615, 'lag_5': 0.1451897815210672, 'lag_6': 0.20419729526914876, 'lag_7': 0.8814248868144114, 'lag_8': 0.9193844553490638, 'lag_9': 0.5804322510468813, 'lag_10': 0.09637315033429955, 'lag_11': 0.2266698459651933, 'lag_12': 0.7806033144104799, 'lag_13': 0.8197602330665472, 'lag_14': 0.6553467474871655, 'lag_15': 0.10160335851156646, 'lag_16': 0.6416678663293414, 'lag_17': 0.13388010687431678, 'lag_18': 0.6529635152286207, 'lag_19': 0.646986422304674, 'lag_20': 0.6709957006151129, 'lag_21': 0.8626746753358978, 'lag_22': 0.3447101580748646, 'lag_23': 0.1152179036582316, 'lag_24': 0.3170215816674139, 'lag_25': 0.5281477094446264, 'lag_26': 0.6541277204616242, 'lag_27': 0.5786112312747262, 'lag_28': 0.19655410649714747}. Best is trial 14 with value: 0.004105909280388653.
[I 2025-09-29 12:51:37,599] Trial 31 finished with value: 0.004394454405609382 and parameters: {'lag_0': 0.8647547076101766, 'lag_1': 0.0219664454116313, 'lag_2': 0.7584350696841118, 'lag_3': 0.6090792781822504, 'lag_4': 0.3126342025623331, 'lag_5': 0.6442869035788534, 'lag_6': 0.01811463315460965, 'lag_7': 0.3783293395408101, 'lag_8': 0.364951787568248, 'lag_9': 0.926256857381003, 'lag_10': 0.7733577582796186, 'lag_11': 0.37660443225310325, 'lag_12': 0.3579344607100974, 'lag_13': 0.6930372331742847, 'lag_14': 0.005209098186762656, 'lag_15': 0.82388247653095, 'lag_16': 0.5728946430331364, 'lag_17': 0.5229451942699981, 'lag_18': 0.8617932510917015, 'lag_19': 0.797646146621126, 'lag_20': 0.6276082221010937, 'lag_21': 0.367940054981582, 'lag_22': 0.001975577602435344, 'lag_23': 0.1486798883079103, 'lag_24': 0.7948153338279558, 'lag_25': 0.4047091111441956, 'lag_26': 0.9761904256172242, 'lag_27': 0.16300759876141335, 'lag_28': 0.4470875823193071}. Best is trial 14 with value: 0.004105909280388653.
[I 2025-09-29 12:51:40,108] Trial 32 finished with value: 0.004692185477628287 and parameters: {'lag_0': 0.9491005596979164, 'lag_1': 0.19863854994132424, 'lag_2': 0.6758836235608553, 'lag_3': 0.7025404860844867, 'lag_4': 0.46406285851812273, 'lag_5': 0.7066145485177807, 'lag_6': 0.439972527791493, 'lag_7': 0.43050068538842606, 'lag_8': 0.3122277865557115, 'lag_9': 0.7688703076875294, 'lag_10': 0.955917358107708, 'lag_11': 0.12910657830876066, 'lag_12': 0.5589516740721547, 'lag_13': 0.6536612670422748, 'lag_14': 0.1381461152940383, 'lag_15': 0.9103268804053473, 'lag_16': 0.500678372435814, 'lag_17': 0.5976751221645314, 'lag_18': 0.9981214317840583, 'lag_19': 0.8849763277238953, 'lag_20': 0.8677608616041782, 'lag_21': 0.28223219902926977, 'lag_22': 0.09267410734175147, 'lag_23': 0.08493165551444556, 'lag_24': 0.7123017168060957, 'lag_25': 0.3048105833033963, 'lag_26': 0.8743098772716377, 'lag_27': 0.40561190258377505, 'lag_28': 0.38833262886257386}. Best is trial 14 with value: 0.004105909280388653.
[I 2025-09-29 12:51:42,617] Trial 33 finished with value: 0.004744975215545267 and parameters: {'lag_0': 0.6689392394897207, 'lag_1': 0.3523743416074821, 'lag_2': 0.8336820974057436, 'lag_3': 0.556864298625853, 'lag_4': 0.2527439498399317, 'lag_5': 0.5402682541639525, 'lag_6': 0.5199232109461378, 'lag_7': 0.2803779630889768, 'lag_8': 0.47001058841553445, 'lag_9': 0.9926270766122185, 'lag_10': 0.059651389158326656, 'lag_11': 0.9192841510376746, 'lag_12': 0.4450456331442304, 'lag_13': 0.5792366009035058, 'lag_14': 0.24463869071459154, 'lag_15': 0.7445350075688555, 'lag_16': 0.34302398115645466, 'lag_17': 0.47516870730541827, 'lag_18': 0.8706748900209682, 'lag_19': 0.7452975537217299, 'lag_20': 0.4307850835819249, 'lag_21': 0.21321728441385013, 'lag_22': 0.07211938401723705, 'lag_23': 0.6925831821708777, 'lag_24': 0.9416477158340517, 'lag_25': 0.18635649271842136, 'lag_26': 0.7623887034734015, 'lag_27': 0.17022942612941694, 'lag_28': 0.06363929836946858}. Best is trial 14 with value: 0.004105909280388653.
[I 2025-09-29 12:51:45,132] Trial 34 finished with value: 0.004435708443398155 and parameters: {'lag_0': 0.7776638898620258, 'lag_1': 0.6688040261033448, 'lag_2': 0.7292002526179846, 'lag_3': 0.3362309835322907, 'lag_4': 0.1706921205626757, 'lag_5': 0.9022448946237118, 'lag_6': 0.1762315994454316, 'lag_7': 0.6356957131400569, 'lag_8': 0.9437916966319713, 'lag_9': 0.9017928655775278, 'lag_10': 0.46791193402552833, 'lag_11': 0.3307395198124023, 'lag_12': 0.5673517427620149, 'lag_13': 0.48361854389256476, 'lag_14': 0.08396160941568626, 'lag_15': 0.6023929765367128, 'lag_16': 0.8559145393946718, 'lag_17': 0.7724900111967851, 'lag_18': 0.3007276893387565, 'lag_19': 0.9058229201338417, 'lag_20': 0.9267998838353082, 'lag_21': 0.33919561500572243, 'lag_22': 0.20446716635654277, 'lag_23': 0.22720973433430397, 'lag_24': 0.5978891545409886, 'lag_25': 0.421502080286137, 'lag_26': 0.9939693452370477, 'lag_27': 0.22341487187527037, 'lag_28': 0.48253839442416646}. Best is trial 14 with value: 0.004105909280388653.
[I 2025-09-29 12:51:47,644] Trial 35 finished with value: 0.005017024162618645 and parameters: {'lag_0': 0.5916768083892298, 'lag_1': 0.8847872449325249, 'lag_2': 0.4556454080567875, 'lag_3': 0.6539683865875535, 'lag_4': 0.39675358448245657, 'lag_5': 0.42827887683628785, 'lag_6': 0.7082441861846207, 'lag_7': 0.17094230126971455, 'lag_8': 0.4225752318882581, 'lag_9': 0.8570424381162829, 'lag_10': 0.1807106648232828, 'lag_11': 0.7877403860769382, 'lag_12': 0.2605841557584716, 'lag_13': 0.9267422611506796, 'lag_14': 0.1479076176610359, 'lag_15': 0.8723102495695564, 'lag_16': 0.5789304619051243, 'lag_17': 0.915885762695946, 'lag_18': 0.8130226547581756, 'lag_19': 0.6100094985876874, 'lag_20': 0.7323844779144459, 'lag_21': 0.5857884972252737, 'lag_22': 0.08016193925036408, 'lag_23': 0.0024694036923679497, 'lag_24': 0.7388951729492135, 'lag_25': 0.5911569222721654, 'lag_26': 0.9245408814116451, 'lag_27': 0.6858967815853265, 'lag_28': 0.2794991284032921}. Best is trial 14 with value: 0.004105909280388653.
[I 2025-09-29 12:51:50,150] Trial 36 finished with value: 0.004881378162224294 and parameters: {'lag_0': 0.9973790291555045, 'lag_1': 0.12261175958496107, 'lag_2': 0.5443277366518368, 'lag_3': 0.9259343632160171, 'lag_4': 0.549726109228541, 'lag_5': 0.7500150646866617, 'lag_6': 0.40476981997660466, 'lag_7': 0.5155739912799654, 'lag_8': 0.9980754657385839, 'lag_9': 0.9442571692690866, 'lag_10': 0.32444418283936693, 'lag_11': 0.22982279374473513, 'lag_12': 0.6695854538696415, 'lag_13': 0.788225821335284, 'lag_14': 0.4146847980998752, 'lag_15': 0.6864378192833122, 'lag_16': 0.9276530018680544, 'lag_17': 0.7032028607296278, 'lag_18': 0.7199072295191171, 'lag_19': 0.5209885583578262, 'lag_20': 0.012762075090738845, 'lag_21': 0.6937213620255622, 'lag_22': 0.4550336547222456, 'lag_23': 0.34466489027721775, 'lag_24': 0.8353808358448103, 'lag_25': 0.0733711430371709, 'lag_26': 0.8242146089581721, 'lag_27': 0.8255756569833641, 'lag_28': 0.36554628711696113}. Best is trial 14 with value: 0.004105909280388653.
[I 2025-09-29 12:51:52,657] Trial 37 finished with value: 0.004815698701365273 and parameters: {'lag_0': 0.8792714227808783, 'lag_1': 0.39191537654118713, 'lag_2': 0.7740253250898728, 'lag_3': 0.44639719910460324, 'lag_4': 0.67674965654709, 'lag_5': 0.8819922447136903, 'lag_6': 0.6270599629436209, 'lag_7': 0.45953833536927485, 'lag_8': 0.24726519031790373, 'lag_9': 0.6618088938928215, 'lag_10': 0.7042670013938177, 'lag_11': 0.5294021387177732, 'lag_12': 0.18049885434212176, 'lag_13': 0.7034248535029148, 'lag_14': 0.06193949863100112, 'lag_15': 0.45880632100527824, 'lag_16': 0.7183513881882719, 'lag_17': 0.3658723894602969, 'lag_18': 0.9149095175033995, 'lag_19': 0.7167243954302954, 'lag_20': 0.5311923615860803, 'lag_21': 0.45421764361208494, 'lag_22': 0.5818468785667936, 'lag_23': 0.6377501267354634, 'lag_24': 0.8921165180943735, 'lag_25': 0.2799514789358312, 'lag_26': 0.6371451199255487, 'lag_27': 0.009644829379967856, 'lag_28': 0.49001591543637774}. Best is trial 14 with value: 0.004105909280388653.
[I 2025-09-29 12:51:55,164] Trial 38 finished with value: 0.004465739399640229 and parameters: {'lag_0': 0.8062488757174022, 'lag_1': 0.8676366951446389, 'lag_2': 0.6683048314364128, 'lag_3': 0.7893669921276647, 'lag_4': 0.3112400163094433, 'lag_5': 0.6070410227399929, 'lag_6': 0.27818767342156964, 'lag_7': 0.40229971019861366, 'lag_8': 0.1440395575682113, 'lag_9': 0.7657172123190893, 'lag_10': 0.8770672852529299, 'lag_11': 0.9991458960551358, 'lag_12': 0.8957017888273151, 'lag_13': 0.8274642446444493, 'lag_14': 0.19158376687858614, 'lag_15': 0.3703515515873051, 'lag_16': 0.46699287878191065, 'lag_17': 0.8118752972311967, 'lag_18': 0.24917294490160685, 'lag_19': 0.9723037337463709, 'lag_20': 0.7926683678697751, 'lag_21': 0.2545312696352805, 'lag_22': 0.2491997538306081, 'lag_23': 0.4835795290723192, 'lag_24': 0.77731246737006, 'lag_25': 0.15221091754544744, 'lag_26': 0.14735282710030873, 'lag_27': 0.4267886824875876, 'lag_28': 0.7082858675198243}. Best is trial 14 with value: 0.004105909280388653.
[I 2025-09-29 12:51:57,776] Trial 39 finished with value: 0.005065545125936611 and parameters: {'lag_0': 0.49691905489028776, 'lag_1': 0.984793305617959, 'lag_2': 0.8850657360162572, 'lag_3': 0.6027839204991456, 'lag_4': 0.08943308955638848, 'lag_5': 0.5051005087937464, 'lag_6': 0.7899572866448321, 'lag_7': 0.5555198498323638, 'lag_8': 0.8287610974969797, 'lag_9': 0.9220460826021639, 'lag_10': 0.526226863116014, 'lag_11': 0.059856442499072515, 'lag_12': 0.3966746225952459, 'lag_13': 0.5239895379559443, 'lag_14': 0.7692454146387111, 'lag_15': 0.5427722028364954, 'lag_16': 0.01026890588221091, 'lag_17': 0.34783636032299403, 'lag_18': 0.4244998611457814, 'lag_19': 0.7864271717521195, 'lag_20': 0.08473773460151623, 'lag_21': 0.0029437918473679825, 'lag_22': 0.8126654243181584, 'lag_23': 0.28013455827934386, 'lag_24': 0.23195833611386896, 'lag_25': 0.7484962568389901, 'lag_26': 0.9043212311552589, 'lag_27': 0.6342652221401746, 'lag_28': 0.13885046720036903}. Best is trial 14 with value: 0.004105909280388653.
[I 2025-09-29 12:52:00,294] Trial 40 finished with value: 0.004514827730314435 and parameters: {'lag_0': 0.7012396210707269, 'lag_1': 0.27828440047016423, 'lag_2': 0.6244977970521082, 'lag_3': 0.27186818470822016, 'lag_4': 0.7384504808580801, 'lag_5': 0.33738508894192115, 'lag_6': 0.07541779474995015, 'lag_7': 0.6382185856577244, 'lag_8': 0.9038984780931354, 'lag_9': 0.8381671975156005, 'lag_10': 0.5829485790382043, 'lag_11': 0.6031173321791734, 'lag_12': 0.507039744156591, 'lag_13': 0.8698425729299835, 'lag_14': 0.3600682329608807, 'lag_15': 0.763228201787837, 'lag_16': 0.9677558818580554, 'lag_17': 0.10485447339791365, 'lag_18': 0.6066990670595271, 'lag_19': 0.4043892886117503, 'lag_20': 0.6189425399212767, 'lag_21': 0.5261797511419165, 'lag_22': 0.34595594326932483, 'lag_23': 0.06680871391661564, 'lag_24': 0.48685917071953233, 'lag_25': 0.046389790895117425, 'lag_26': 0.7322485355391299, 'lag_27': 0.28291459015297526, 'lag_28': 0.5991182140800126}. Best is trial 14 with value: 0.004105909280388653.
