2025-09-29 13:18:00,384 - distributed.nanny - INFO -         Start Nanny at: 'tcp://192.168.86.140:34192'
2025-09-29 13:18:01,777 - distributed.worker - INFO -       Start worker at: tcp://192.168.86.140:32794
2025-09-29 13:18:01,777 - distributed.worker - INFO -          Listening to: tcp://192.168.86.140:32794
2025-09-29 13:18:01,777 - distributed.worker - INFO -           Worker name:             SLURMCluster-2
2025-09-29 13:18:01,777 - distributed.worker - INFO -          dashboard at:       192.168.86.140:46586
2025-09-29 13:18:01,778 - distributed.worker - INFO - Waiting to connect to: tcp://192.168.86.101:42031
2025-09-29 13:18:01,778 - distributed.worker - INFO - -------------------------------------------------
2025-09-29 13:18:01,778 - distributed.worker - INFO -               Threads:                          1
2025-09-29 13:18:01,778 - distributed.worker - INFO -                Memory:                   9.31 GiB
2025-09-29 13:18:01,778 - distributed.worker - INFO -       Local Directory: /home1/zrentala/dask-worker-space/dask-scratch-space/worker-pyfmeowj
2025-09-29 13:18:01,778 - distributed.worker - INFO - -------------------------------------------------
2025-09-29 13:18:02,092 - distributed.worker - INFO - Starting Worker plugin shuffle
2025-09-29 13:18:02,093 - distributed.worker - INFO -         Registered to: tcp://192.168.86.101:42031
2025-09-29 13:18:02,093 - distributed.worker - INFO - -------------------------------------------------
2025-09-29 13:18:02,093 - distributed.core - INFO - Starting established connection to tcp://192.168.86.101:42031
[I 2025-09-29 13:18:02,173] A new study created in memory with name: no-name-b8c1b949-3c12-4df9-8214-4c3c5175bc01
[I 2025-09-29 13:18:04,631] Trial 0 finished with value: 0.006935786162336347 and parameters: {'lag_0': 0.9351345900525432, 'lag_1': 0.6258321119903022, 'lag_2': 0.4388943736150526, 'lag_3': 0.7179485440149189, 'lag_4': 0.7737343346726792, 'lag_5': 0.5672078464542063, 'lag_6': 0.7875434253201836, 'lag_7': 0.8365023498095944, 'lag_8': 0.6414461321767039, 'lag_9': 0.38391080916589254, 'lag_10': 0.43687172620723624, 'lag_11': 0.009002611886151122, 'lag_12': 0.030884640473682567, 'lag_13': 0.3638385405276014, 'lag_14': 0.5068308423471505, 'lag_15': 0.40650304398906995, 'lag_16': 0.8358073643836431, 'lag_17': 0.2087726070459663, 'lag_18': 0.9597036814497417, 'lag_19': 0.7723642912050944, 'lag_20': 0.13069167898894232, 'lag_21': 0.2614078846476989, 'lag_22': 0.8223311511185228, 'lag_23': 0.8252084644267735, 'lag_24': 0.5804799668217201, 'lag_25': 0.5101935079715381, 'lag_26': 0.22506110819690403, 'lag_27': 0.9914132820887498, 'lag_28': 0.5609505409467702}. Best is trial 0 with value: 0.006935786162336347.
[I 2025-09-29 13:18:07,041] Trial 1 finished with value: 0.007052801023495861 and parameters: {'lag_0': 0.9731561949289944, 'lag_1': 0.2081365449513894, 'lag_2': 0.9927786233218703, 'lag_3': 0.7340172213361363, 'lag_4': 0.23267837731032454, 'lag_5': 0.4040969406654893, 'lag_6': 0.7900360228031847, 'lag_7': 0.14528574440583492, 'lag_8': 0.6383620236078511, 'lag_9': 0.8639946708624531, 'lag_10': 0.779766084863045, 'lag_11': 0.30650670779404465, 'lag_12': 0.2853488656062221, 'lag_13': 0.7266054310068392, 'lag_14': 0.696999476267156, 'lag_15': 0.2789807448156044, 'lag_16': 0.116263473797534, 'lag_17': 0.47413308375684754, 'lag_18': 0.2052845069450998, 'lag_19': 0.4593514798537195, 'lag_20': 0.7302965776765934, 'lag_21': 0.46649006967664186, 'lag_22': 0.5215627440350293, 'lag_23': 0.6398892031986965, 'lag_24': 0.424943161006909, 'lag_25': 0.5609648584924586, 'lag_26': 0.32793839668351804, 'lag_27': 0.14734789608609844, 'lag_28': 0.6813031556944074}. Best is trial 0 with value: 0.006935786162336347.
[I 2025-09-29 13:18:09,479] Trial 2 finished with value: 0.006366228642084824 and parameters: {'lag_0': 0.3302543963490003, 'lag_1': 0.5141247930531285, 'lag_2': 0.8477645399821129, 'lag_3': 0.08697411110434082, 'lag_4': 0.3978243997716958, 'lag_5': 0.2875350149215415, 'lag_6': 0.08576778493873581, 'lag_7': 0.7053175064575928, 'lag_8': 0.025162310446010295, 'lag_9': 0.7837981700643167, 'lag_10': 0.8042140002276407, 'lag_11': 0.6099345585140267, 'lag_12': 0.091819813409453, 'lag_13': 0.10778546830030482, 'lag_14': 0.9919275223647949, 'lag_15': 0.327011216746345, 'lag_16': 0.40300819563461804, 'lag_17': 0.42162209817767676, 'lag_18': 0.08166008440214456, 'lag_19': 0.29909866184306705, 'lag_20': 0.5043196569949218, 'lag_21': 0.7427685796933521, 'lag_22': 0.29611054135107817, 'lag_23': 0.46672631632812034, 'lag_24': 0.10369788092528999, 'lag_25': 0.6015369163999874, 'lag_26': 0.8756554741603859, 'lag_27': 0.5787362303257425, 'lag_28': 0.22011558640862422}. Best is trial 2 with value: 0.006366228642084824.
[I 2025-09-29 13:18:11,919] Trial 3 finished with value: 0.007023341466871613 and parameters: {'lag_0': 0.855592804818385, 'lag_1': 0.6506594828521358, 'lag_2': 0.5350665067520244, 'lag_3': 0.05038931887895022, 'lag_4': 0.6533663497909898, 'lag_5': 0.40403426071557674, 'lag_6': 0.29957589857364464, 'lag_7': 0.6071051234084858, 'lag_8': 0.507593825049999, 'lag_9': 0.23462900724347283, 'lag_10': 0.5951765821039484, 'lag_11': 0.7498627849261338, 'lag_12': 0.7337634033161246, 'lag_13': 0.6166153746226873, 'lag_14': 0.7649965682632511, 'lag_15': 0.6692454347027152, 'lag_16': 0.5966134161564002, 'lag_17': 0.7475768711835287, 'lag_18': 0.8403147680744161, 'lag_19': 0.730011270134302, 'lag_20': 0.29291841821060416, 'lag_21': 0.10004808570816812, 'lag_22': 0.9888764014349163, 'lag_23': 0.3524540886272381, 'lag_24': 0.41006330648285255, 'lag_25': 0.9923834538975939, 'lag_26': 0.3632679522967472, 'lag_27': 0.3188054072016959, 'lag_28': 0.617088325640357}. Best is trial 2 with value: 0.006366228642084824.
[I 2025-09-29 13:18:14,358] Trial 4 finished with value: 0.007492915049506832 and parameters: {'lag_0': 0.18129243679257506, 'lag_1': 0.42498926048896984, 'lag_2': 0.7669003317105466, 'lag_3': 0.8884434271304333, 'lag_4': 0.7692601399275333, 'lag_5': 0.9691942964785041, 'lag_6': 0.4734666178727755, 'lag_7': 0.7500064577561132, 'lag_8': 0.09429990783139086, 'lag_9': 0.027510604580878072, 'lag_10': 0.7951612850506219, 'lag_11': 0.14076009065800138, 'lag_12': 0.3453358729381108, 'lag_13': 0.2995675487881203, 'lag_14': 0.8004956380364007, 'lag_15': 0.6527203695948205, 'lag_16': 0.5690857890497157, 'lag_17': 0.5554332959397168, 'lag_18': 0.9310147042716087, 'lag_19': 0.5637166862099348, 'lag_20': 0.05676729291299478, 'lag_21': 0.8349828637428064, 'lag_22': 0.38477593272358773, 'lag_23': 0.3452899615181359, 'lag_24': 0.7511044945854284, 'lag_25': 0.1137526546647718, 'lag_26': 0.8824621866455638, 'lag_27': 0.48163719409381894, 'lag_28': 0.5146057947537848}. Best is trial 2 with value: 0.006366228642084824.
[I 2025-09-29 13:18:16,808] Trial 5 finished with value: 0.007074755407304045 and parameters: {'lag_0': 0.8987894410306912, 'lag_1': 0.3602605521938406, 'lag_2': 0.6491784798496313, 'lag_3': 0.3938644487459131, 'lag_4': 0.2211310811834027, 'lag_5': 0.8724301970816277, 'lag_6': 0.36960062678814015, 'lag_7': 0.9614762929037431, 'lag_8': 0.727114412858085, 'lag_9': 0.6423680694795323, 'lag_10': 0.8985277113654098, 'lag_11': 0.9209546175484319, 'lag_12': 0.1535425631800196, 'lag_13': 0.6366844369927968, 'lag_14': 0.21717062242516652, 'lag_15': 0.5746250020568948, 'lag_16': 0.4357107696422196, 'lag_17': 0.21510627844408098, 'lag_18': 0.756224750214393, 'lag_19': 0.6113532254046599, 'lag_20': 0.8370836191852338, 'lag_21': 0.3010558640605357, 'lag_22': 0.839089266531961, 'lag_23': 0.04346782278985721, 'lag_24': 0.060112519389793076, 'lag_25': 0.35647981402636747, 'lag_26': 0.1676944906444068, 'lag_27': 0.5728651639346021, 'lag_28': 0.726758037989623}. Best is trial 2 with value: 0.006366228642084824.
[I 2025-09-29 13:18:19,226] Trial 6 finished with value: 0.006708261169467988 and parameters: {'lag_0': 0.15945672477654171, 'lag_1': 0.9033049306408859, 'lag_2': 0.39734134026715756, 'lag_3': 0.30662339632202196, 'lag_4': 0.6471124798135826, 'lag_5': 0.5395141888379821, 'lag_6': 0.866139939577386, 'lag_7': 0.2407485031918909, 'lag_8': 0.292806459712914, 'lag_9': 0.905355908664601, 'lag_10': 0.2887370974550121, 'lag_11': 0.7104200634717323, 'lag_12': 0.7480941276886922, 'lag_13': 0.3317218454873491, 'lag_14': 0.7591631302569275, 'lag_15': 0.9326763540740365, 'lag_16': 0.3313746952019092, 'lag_17': 0.38313069130922967, 'lag_18': 0.09356543175353871, 'lag_19': 0.24680670187216988, 'lag_20': 0.09954491991865419, 'lag_21': 0.1425297547063021, 'lag_22': 0.3722442470586921, 'lag_23': 0.5447308972909036, 'lag_24': 0.05418683481186057, 'lag_25': 0.23879272963542084, 'lag_26': 0.5116025328316031, 'lag_27': 0.017296316156519515, 'lag_28': 0.6735030813715711}. Best is trial 2 with value: 0.006366228642084824.
[I 2025-09-29 13:18:21,642] Trial 7 finished with value: 0.006724412881497025 and parameters: {'lag_0': 0.6645034024585272, 'lag_1': 0.8272012570776642, 'lag_2': 0.24523488078988503, 'lag_3': 0.25417853492689446, 'lag_4': 0.8585205301498557, 'lag_5': 0.6212419775346987, 'lag_6': 0.03380739479534936, 'lag_7': 0.5193268165697409, 'lag_8': 0.8439632436938392, 'lag_9': 0.5543612447244011, 'lag_10': 0.7527945044762684, 'lag_11': 0.7290562923516088, 'lag_12': 0.8746011206964086, 'lag_13': 0.7310008683474101, 'lag_14': 0.6056027594644826, 'lag_15': 0.41645759163131707, 'lag_16': 0.7471621659708807, 'lag_17': 0.7135459635411555, 'lag_18': 0.27562410750198946, 'lag_19': 0.19879325235832432, 'lag_20': 0.7223161364188992, 'lag_21': 0.4369098899567231, 'lag_22': 0.3256267280982511, 'lag_23': 0.6924243964031807, 'lag_24': 0.8227884756024124, 'lag_25': 0.3903984753828052, 'lag_26': 0.29716088493405285, 'lag_27': 0.6876469140828015, 'lag_28': 0.710935096799862}. Best is trial 2 with value: 0.006366228642084824.
[I 2025-09-29 13:18:24,079] Trial 8 finished with value: 0.006444427027173126 and parameters: {'lag_0': 0.8727420829252724, 'lag_1': 0.9750575911764348, 'lag_2': 0.35757221092068014, 'lag_3': 0.4239975838932776, 'lag_4': 0.09747165399951338, 'lag_5': 0.6071939138344342, 'lag_6': 0.7925002949184115, 'lag_7': 0.2256672135847401, 'lag_8': 0.9703173076188949, 'lag_9': 0.2025842222118925, 'lag_10': 0.6866910137989207, 'lag_11': 0.6113645210225122, 'lag_12': 0.7266568847001269, 'lag_13': 0.9807725784685761, 'lag_14': 0.6583213031938794, 'lag_15': 0.3975154466458975, 'lag_16': 0.44835361637619175, 'lag_17': 0.34478115597211445, 'lag_18': 0.03346702886278075, 'lag_19': 0.12729178444046935, 'lag_20': 0.5342867518572562, 'lag_21': 0.0913355338040587, 'lag_22': 0.7326577306648062, 'lag_23': 0.5340977861803532, 'lag_24': 0.15017868610222881, 'lag_25': 0.7843800771113744, 'lag_26': 0.14884904181863898, 'lag_27': 0.15639687768695332, 'lag_28': 0.4815225243636696}. Best is trial 2 with value: 0.006366228642084824.
[I 2025-09-29 13:18:26,518] Trial 9 finished with value: 0.006818903311995165 and parameters: {'lag_0': 0.21099760926096806, 'lag_1': 0.8994317959886484, 'lag_2': 0.3464131608819584, 'lag_3': 0.01210051098378933, 'lag_4': 0.8569779797579333, 'lag_5': 0.9970732044392033, 'lag_6': 0.9832689944347738, 'lag_7': 0.8310735953590715, 'lag_8': 0.04646628002498261, 'lag_9': 0.34009054255066684, 'lag_10': 0.3031138897023342, 'lag_11': 0.09459160523609586, 'lag_12': 0.20618429498385324, 'lag_13': 0.5569139235729407, 'lag_14': 0.27959335366417765, 'lag_15': 0.012013451909256916, 'lag_16': 0.9735660780349014, 'lag_17': 0.7182691615441037, 'lag_18': 0.39395711159055025, 'lag_19': 0.6176165379340679, 'lag_20': 0.17545155359285444, 'lag_21': 0.7588078975227276, 'lag_22': 0.8816748910096832, 'lag_23': 0.21455699027807834, 'lag_24': 0.09872365073805182, 'lag_25': 0.7369267536411236, 'lag_26': 0.9131063930082491, 'lag_27': 0.3824811619726948, 'lag_28': 0.01522688834122193}. Best is trial 2 with value: 0.006366228642084824.
[I 2025-09-29 13:18:29,102] Trial 10 finished with value: 0.006498288624125522 and parameters: {'lag_0': 0.45720438897195853, 'lag_1': 0.07543529770896445, 'lag_2': 0.05993052306400026, 'lag_3': 0.18984180387933408, 'lag_4': 0.40283195773119557, 'lag_5': 0.06159008669307539, 'lag_6': 0.004045598183002222, 'lag_7': 0.4118458689450134, 'lag_8': 0.27966199735410663, 'lag_9': 0.7265424929671753, 'lag_10': 0.9880717564783401, 'lag_11': 0.41139266574576866, 'lag_12': 0.4820722048421396, 'lag_13': 0.015726299799421223, 'lag_14': 0.994885287566627, 'lag_15': 0.11214778756317298, 'lag_16': 0.009401901305151394, 'lag_17': 0.9946594525862946, 'lag_18': 0.5831292061347816, 'lag_19': 0.36353131058511146, 'lag_20': 0.9988837616837453, 'lag_21': 0.9767085207580367, 'lag_22': 0.0049632788438360165, 'lag_23': 0.9099876228858947, 'lag_24': 0.994806129748918, 'lag_25': 0.02274791329641479, 'lag_26': 0.6854986727351852, 'lag_27': 0.797873899285902, 'lag_28': 0.20192448672590885}. Best is trial 2 with value: 0.006366228642084824.
[I 2025-09-29 13:18:31,590] Trial 11 finished with value: 0.007235468892774185 and parameters: {'lag_0': 0.4465881430626526, 'lag_1': 0.6788222953711014, 'lag_2': 0.9936399358507854, 'lag_3': 0.5359718096264987, 'lag_4': 0.016516272755823652, 'lag_5': 0.1903468807052856, 'lag_6': 0.6389230314908031, 'lag_7': 0.01765560717268777, 'lag_8': 0.9985051431964717, 'lag_9': 0.04034211974567262, 'lag_10': 0.57545333850171, 'lag_11': 0.5628368485222345, 'lag_12': 0.5723019311665907, 'lag_13': 0.9842292707375687, 'lag_14': 0.9849999634474844, 'lag_15': 0.21932250941041742, 'lag_16': 0.3246896550268222, 'lag_17': 0.04882395534035461, 'lag_18': 0.004126647771704101, 'lag_19': 0.048949600781744804, 'lag_20': 0.46633781798717755, 'lag_21': 0.6529112130160762, 'lag_22': 0.5710477772802065, 'lag_23': 0.45198580490572654, 'lag_24': 0.25234255027022634, 'lag_25': 0.7721597749982602, 'lag_26': 0.00879191202248214, 'lag_27': 0.23517643410321332, 'lag_28': 0.3056944476366369}. Best is trial 2 with value: 0.006366228642084824.
[I 2025-09-29 13:18:34,108] Trial 12 finished with value: 0.007000018005986911 and parameters: {'lag_0': 0.6560772914677302, 'lag_1': 0.9978785814625308, 'lag_2': 0.7664155291625867, 'lag_3': 0.519419167827667, 'lag_4': 0.02862698787755541, 'lag_5': 0.25807948579464624, 'lag_6': 0.19931974263967647, 'lag_7': 0.3257426457077782, 'lag_8': 0.3519978651140598, 'lag_9': 0.9897301532181253, 'lag_10': 0.1275488486928289, 'lag_11': 0.5432524024822746, 'lag_12': 0.9866673137910371, 'lag_13': 0.02325678316491203, 'lag_14': 0.03832581380413824, 'lag_15': 0.3059693985708192, 'lag_16': 0.23905637627573167, 'lag_17': 0.2975579786675825, 'lag_18': 0.16786557857795495, 'lag_19': 0.00100982110214054, 'lag_20': 0.45656555979885033, 'lag_21': 0.6172483141296055, 'lag_22': 0.10602106974101436, 'lag_23': 0.7088833251072083, 'lag_24': 0.24907880773315438, 'lag_25': 0.7804272855251969, 'lag_26': 0.6481478969234049, 'lag_27': 0.5728865599885398, 'lag_28': 0.9710230652234597}. Best is trial 2 with value: 0.006366228642084824.
[I 2025-09-29 13:18:36,623] Trial 13 finished with value: 0.006938785485814503 and parameters: {'lag_0': 0.3228999253537285, 'lag_1': 0.5363502479248098, 'lag_2': 0.1765793843809293, 'lag_3': 0.14120990412806705, 'lag_4': 0.3921309835566583, 'lag_5': 0.7502726566236364, 'lag_6': 0.6064197073373273, 'lag_7': 0.5955207755492593, 'lag_8': 0.9656998571347299, 'lag_9': 0.7413185342897626, 'lag_10': 0.6793906172235018, 'lag_11': 0.9091070856519592, 'lag_12': 0.5654538757629876, 'lag_13': 0.9308954081776764, 'lag_14': 0.37785318424272063, 'lag_15': 0.49164489048113036, 'lag_16': 0.45689843422755516, 'lag_17': 0.0007098257076871839, 'lag_18': 0.3722121085522572, 'lag_19': 0.20629844179012274, 'lag_20': 0.6022888268186027, 'lag_21': 0.034670358113354366, 'lag_22': 0.6799887695850271, 'lag_23': 0.46545498743353264, 'lag_24': 0.22570991383848849, 'lag_25': 0.9870949151667846, 'lag_26': 0.9928597195965359, 'lag_27': 0.0008740022298679151, 'lag_28': 0.31905108268829474}. Best is trial 2 with value: 0.006366228642084824.
[I 2025-09-29 13:18:39,124] Trial 14 finished with value: 0.007105030893468485 and parameters: {'lag_0': 0.010427891059848149, 'lag_1': 0.274398608346723, 'lag_2': 0.5857028560457764, 'lag_3': 0.40309516999011896, 'lag_4': 0.241285472082773, 'lag_5': 0.31067268041361334, 'lag_6': 0.1506213790482745, 'lag_7': 0.6960113943732588, 'lag_8': 0.4470382073243754, 'lag_9': 0.1761212120154701, 'lag_10': 0.4229298814588274, 'lag_11': 0.37519067272786244, 'lag_12': 0.7385658568425642, 'lag_13': 0.1747352402905169, 'lag_14': 0.8895737448668313, 'lag_15': 0.813063624370384, 'lag_16': 0.6359209577760985, 'lag_17': 0.5445459472354773, 'lag_18': 0.01801337468616404, 'lag_19': 0.3959846987806698, 'lag_20': 0.42637479383623755, 'lag_21': 0.96922942379869, 'lag_22': 0.20826605308864543, 'lag_23': 0.14026902614101128, 'lag_24': 0.004644814328791602, 'lag_25': 0.6295891517532253, 'lag_26': 0.01614717766647622, 'lag_27': 0.7560857772223724, 'lag_28': 0.34609301452559504}. Best is trial 2 with value: 0.006366228642084824.
[I 2025-09-29 13:18:41,614] Trial 15 finished with value: 0.0069446044884519 and parameters: {'lag_0': 0.627824096657527, 'lag_1': 0.009044065912705901, 'lag_2': 0.8061984479553352, 'lag_3': 0.6068729812481595, 'lag_4': 0.47498014712783837, 'lag_5': 0.7013299977701939, 'lag_6': 0.6010982677255805, 'lag_7': 0.4204606678516778, 'lag_8': 0.20615331401574066, 'lag_9': 0.4350334116534974, 'lag_10': 0.8871783614948476, 'lag_11': 0.6160361527376479, 'lag_12': 0.4416500906311556, 'lag_13': 0.8428527678423895, 'lag_14': 0.5865800376563735, 'lag_15': 0.1690404479580308, 'lag_16': 0.22160354409805277, 'lag_17': 0.41938314527775716, 'lag_18': 0.6169247489332542, 'lag_19': 0.9937893832502054, 'lag_20': 0.32781585706603256, 'lag_21': 0.6107606398531631, 'lag_22': 0.6462776841354398, 'lag_23': 0.3133255795430177, 'lag_24': 0.16555907816674476, 'lag_25': 0.8647337162945063, 'lag_26': 0.718994658498586, 'lag_27': 0.4412881873183301, 'lag_28': 0.07938901000762016}. Best is trial 2 with value: 0.006366228642084824.
[I 2025-09-29 13:18:44,118] Trial 16 finished with value: 0.006140212903580585 and parameters: {'lag_0': 0.8063990359384823, 'lag_1': 0.769583398238242, 'lag_2': 0.004480443713504922, 'lag_3': 0.9547917624442476, 'lag_4': 0.11563842232715398, 'lag_5': 0.03754300216636591, 'lag_6': 0.45375506197918897, 'lag_7': 0.14982334853648277, 'lag_8': 0.8183456418433681, 'lag_9': 0.5535575283808692, 'lag_10': 0.6559003854730833, 'lag_11': 0.8179339588596719, 'lag_12': 0.0029946304466728635, 'lag_13': 0.4100690615636851, 'lag_14': 0.8725283787793907, 'lag_15': 0.34898556960645377, 'lag_16': 0.3807997305801013, 'lag_17': 0.1383325553574235, 'lag_18': 0.31254401311074886, 'lag_19': 0.11592609027691227, 'lag_20': 0.5963083664029851, 'lag_21': 0.8138069752500954, 'lag_22': 0.24318207840674422, 'lag_23': 0.5808991741497013, 'lag_24': 0.3458985650186288, 'lag_25': 0.6412821542218211, 'lag_26': 0.4675236486791341, 'lag_27': 0.19707052189727153, 'lag_28': 0.4123267243629509}. Best is trial 16 with value: 0.006140212903580585.
[I 2025-09-29 13:18:46,596] Trial 17 finished with value: 0.0061783256095157444 and parameters: {'lag_0': 0.7370126011897761, 'lag_1': 0.7693191156218105, 'lag_2': 0.016020421243684753, 'lag_3': 0.8900493066410875, 'lag_4': 0.33219278659705404, 'lag_5': 0.09043010601421235, 'lag_6': 0.4084041706103293, 'lag_7': 0.10247139373031905, 'lag_8': 0.7848269634842172, 'lag_9': 0.5316168788120985, 'lag_10': 0.5387556131113016, 'lag_11': 0.9795771652658094, 'lag_12': 0.001979861526259896, 'lag_13': 0.1759503825088383, 'lag_14': 0.9233365740842805, 'lag_15': 0.0552863007838324, 'lag_16': 0.3490291893653819, 'lag_17': 0.14364819500687465, 'lag_18': 0.35679266936965814, 'lag_19': 0.30685829718377183, 'lag_20': 0.6414205242480998, 'lag_21': 0.8218408708343911, 'lag_22': 0.26178194329923954, 'lag_23': 0.987421214290354, 'lag_24': 0.351994306298548, 'lag_25': 0.6272381231648617, 'lag_26': 0.4871747110686261, 'lag_27': 0.94833610158617, 'lag_28': 0.16131487757593083}. Best is trial 16 with value: 0.006140212903580585.
[I 2025-09-29 13:18:49,093] Trial 18 finished with value: 0.007345177927937539 and parameters: {'lag_0': 0.7595913839106471, 'lag_1': 0.7063298104864257, 'lag_2': 0.010923336314744942, 'lag_3': 0.9363203589209337, 'lag_4': 0.14731454297378926, 'lag_5': 0.00494678474567864, 'lag_6': 0.4402958323660075, 'lag_7': 0.005276162656177294, 'lag_8': 0.8184480419603579, 'lag_9': 0.5585954162885401, 'lag_10': 0.03761249175084813, 'lag_11': 0.9922944078107949, 'lag_12': 0.010003544490416238, 'lag_13': 0.4356502771835582, 'lag_14': 0.8635594196481609, 'lag_15': 0.03552451547373969, 'lag_16': 0.17848072129369036, 'lag_17': 0.1410453310214566, 'lag_18': 0.45910867303446884, 'lag_19': 0.12924317899808618, 'lag_20': 0.6657380377986708, 'lag_21': 0.839541314000064, 'lag_22': 0.17624017279688142, 'lag_23': 0.9916168145571204, 'lag_24': 0.5928664057674821, 'lag_25': 0.4614208648708011, 'lag_26': 0.4875674339612338, 'lag_27': 0.9458394333148841, 'lag_28': 0.42144693467705435}. Best is trial 16 with value: 0.006140212903580585.
