[I 2025-09-29 11:54:23,152] Trial 62 finished with value: 0.010811425864618801 and parameters: {'lag_0': 0.48957578732649254, 'lag_1': 0.31490893881441556, 'lag_2': 0.5410748740406025, 'lag_3': 0.27933557680915805, 'lag_4': 0.7369545385625468, 'lag_5': 0.8957994734407881, 'lag_6': 0.8421359701076149, 'lag_7': 0.16010912419139345, 'lag_8': 0.38464863272282424, 'lag_9': 0.23270366429453493, 'lag_10': 0.3219647194393554, 'lag_11': 0.6322730097664166, 'lag_12': 0.3906894458256507, 'lag_13': 0.6305231601292446, 'lag_14': 0.4478137223856692, 'lag_15': 0.6000082121383548, 'lag_16': 0.31542772078967635, 'lag_17': 0.4599390740642233, 'lag_18': 0.7542882693949597, 'lag_19': 0.35187519504592474, 'lag_20': 0.6412878290706661, 'lag_21': 0.4341776420032647, 'lag_22': 0.4705134931636981, 'lag_23': 0.4580613179197459, 'lag_24': 0.9242645368785015, 'lag_25': 0.680237800548944, 'lag_26': 0.424988358399248, 'lag_27': 0.768109384323211, 'lag_28': 0.024285254703723835}. Best is trial 14 with value: 0.010213240992586036.
[I 2025-09-29 11:54:25,504] Trial 63 finished with value: 0.010464298471052447 and parameters: {'lag_0': 0.5720582482128842, 'lag_1': 0.19477092748215918, 'lag_2': 0.6206453056405904, 'lag_3': 0.039595458829764674, 'lag_4': 0.2454167106487628, 'lag_5': 0.7794867420554226, 'lag_6': 0.8928470120665652, 'lag_7': 0.18487039613209053, 'lag_8': 0.590110908523753, 'lag_9': 0.6792107462436939, 'lag_10': 0.6818120066413531, 'lag_11': 0.6692542155335741, 'lag_12': 0.25534296430245795, 'lag_13': 0.6681110598540373, 'lag_14': 0.5275311182503234, 'lag_15': 0.4536087500781244, 'lag_16': 0.2750785763115918, 'lag_17': 0.8775967104664665, 'lag_18': 0.8584227471761355, 'lag_19': 0.04685813986432587, 'lag_20': 0.47051788302883946, 'lag_21': 0.5720635490327779, 'lag_22': 0.7699838413570073, 'lag_23': 0.5130247471013571, 'lag_24': 0.8951303438629973, 'lag_25': 0.7806190229079693, 'lag_26': 0.4034791369301036, 'lag_27': 0.6990212299846642, 'lag_28': 0.7838298595867921}. Best is trial 14 with value: 0.010213240992586036.
[I 2025-09-29 11:54:27,862] Trial 64 finished with value: 0.010494481828294114 and parameters: {'lag_0': 0.42814849825929396, 'lag_1': 0.15398666082215656, 'lag_2': 0.4877154085810063, 'lag_3': 0.0024814589374202445, 'lag_4': 0.68495591146558, 'lag_5': 0.9286838097170117, 'lag_6': 0.5331306420971448, 'lag_7': 0.4014861884006365, 'lag_8': 0.49786371129262297, 'lag_9': 0.3269955590406231, 'lag_10': 0.4188631550162428, 'lag_11': 0.1916323348993063, 'lag_12': 0.05914291682551351, 'lag_13': 0.5153861295237576, 'lag_14': 0.6240912387793079, 'lag_15': 0.7555259492297551, 'lag_16': 0.5720188002041354, 'lag_17': 0.6205959484393984, 'lag_18': 0.39818011700581485, 'lag_19': 0.241653136294282, 'lag_20': 0.01017510872628935, 'lag_21': 0.49021087459632995, 'lag_22': 0.2630749045748908, 'lag_23': 0.5788554138182935, 'lag_24': 0.8906790076178255, 'lag_25': 0.6408713959482634, 'lag_26': 0.3677478561550698, 'lag_27': 0.5581721966349473, 'lag_28': 0.6691484984492704}. Best is trial 14 with value: 0.010213240992586036.
[I 2025-09-29 11:54:30,210] Trial 65 finished with value: 0.010406111452990863 and parameters: {'lag_0': 0.364020142633611, 'lag_1': 0.48707400093094244, 'lag_2': 0.4340209747264102, 'lag_3': 0.3497317408422693, 'lag_4': 0.9690328069501911, 'lag_5': 0.8606639886639406, 'lag_6': 0.8210383099360983, 'lag_7': 0.12149637151820127, 'lag_8': 0.6399684427132387, 'lag_9': 0.15248026328920097, 'lag_10': 0.26169259477532664, 'lag_11': 0.5945501307499212, 'lag_12': 0.5531204338242814, 'lag_13': 0.611265831955054, 'lag_14': 0.11838174067327295, 'lag_15': 0.07934440135274405, 'lag_16': 0.400366937381273, 'lag_17': 0.3170551302845871, 'lag_18': 0.46842126615409485, 'lag_19': 0.1435127464960221, 'lag_20': 0.7064935272170969, 'lag_21': 0.6351105945891486, 'lag_22': 0.3609130276849062, 'lag_23': 0.468070679645168, 'lag_24': 0.23997695271536934, 'lag_25': 0.7181876648981372, 'lag_26': 0.22575080696368519, 'lag_27': 0.6146286262574395, 'lag_28': 0.17633642502203856}. Best is trial 14 with value: 0.010213240992586036.
[I 2025-09-29 11:54:32,561] Trial 66 finished with value: 0.01038471480986967 and parameters: {'lag_0': 0.6639791915755767, 'lag_1': 0.3989681737466736, 'lag_2': 0.692111278517999, 'lag_3': 0.19878241893441262, 'lag_4': 0.3873409126135753, 'lag_5': 0.5087289711733418, 'lag_6': 0.0002390720861227243, 'lag_7': 0.041224905902899456, 'lag_8': 0.32370300471093527, 'lag_9': 0.08947140069762993, 'lag_10': 0.7785819765579794, 'lag_11': 0.7016493889238714, 'lag_12': 0.45117143380397107, 'lag_13': 0.42899934896655767, 'lag_14': 0.36389079336452357, 'lag_15': 0.2177800474186264, 'lag_16': 0.2137827328270357, 'lag_17': 0.9955647306819415, 'lag_18': 0.9733468145240144, 'lag_19': 0.4224433199536303, 'lag_20': 0.4094462418875722, 'lag_21': 0.37957751604904133, 'lag_22': 0.6034771295193708, 'lag_23': 0.36593917750318866, 'lag_24': 0.7758048513592561, 'lag_25': 0.4224505039454272, 'lag_26': 0.4674412388499982, 'lag_27': 0.674429544590114, 'lag_28': 0.3625522808855464}. Best is trial 14 with value: 0.010213240992586036.
[I 2025-09-29 11:54:34,919] Trial 67 finished with value: 0.010415096199004431 and parameters: {'lag_0': 0.5980339735111974, 'lag_1': 0.42875462466881636, 'lag_2': 0.5605838790319536, 'lag_3': 0.0878481534637259, 'lag_4': 0.32895665099658156, 'lag_5': 0.43094778715387316, 'lag_6': 0.7515415981904314, 'lag_7': 0.9867351019842413, 'lag_8': 0.9944789947579312, 'lag_9': 0.2755647932771544, 'lag_10': 0.8515640409304713, 'lag_11': 0.48851936952062786, 'lag_12': 0.13077469228642136, 'lag_13': 0.5752861541714615, 'lag_14': 0.19729315243124523, 'lag_15': 0.33628260198060655, 'lag_16': 0.07627899467140173, 'lag_17': 0.3962567580904677, 'lag_18': 0.5189843565016624, 'lag_19': 0.4986019512092052, 'lag_20': 0.5953421874148961, 'lag_21': 0.4774199570679729, 'lag_22': 0.1992488864188388, 'lag_23': 0.6278712122682552, 'lag_24': 0.8229729599770016, 'lag_25': 0.5721278271161154, 'lag_26': 0.23846907922855062, 'lag_27': 0.8667654571353989, 'lag_28': 0.43926490557700426}. Best is trial 14 with value: 0.010213240992586036.
[I 2025-09-29 11:54:37,277] Trial 68 finished with value: 0.010354230381371751 and parameters: {'lag_0': 0.5451355930501479, 'lag_1': 0.3585112248520666, 'lag_2': 0.46857010068050203, 'lag_3': 0.154062539576517, 'lag_4': 0.6363233693767933, 'lag_5': 0.9986812853382265, 'lag_6': 0.5974017836028661, 'lag_7': 0.5924062263740137, 'lag_8': 0.22659458088858006, 'lag_9': 0.568659400058078, 'lag_10': 0.5747610302462693, 'lag_11': 0.3787877006883055, 'lag_12': 0.6828734722744126, 'lag_13': 0.6558059561081057, 'lag_14': 0.2606232276181801, 'lag_15': 0.1754738095670812, 'lag_16': 0.14721069538728154, 'lag_17': 0.5692265542020188, 'lag_18': 0.6335962517061754, 'lag_19': 0.6491600289774431, 'lag_20': 0.30856988645504174, 'lag_21': 0.5350947956024273, 'lag_22': 0.3932411142345368, 'lag_23': 0.6911932094332314, 'lag_24': 0.9949865615174458, 'lag_25': 0.6107351208626005, 'lag_26': 0.29650353384961015, 'lag_27': 0.6553370308493163, 'lag_28': 0.9795690472948692}. Best is trial 14 with value: 0.010213240992586036.
[I 2025-09-29 11:54:39,634] Trial 69 finished with value: 0.010513448295790522 and parameters: {'lag_0': 0.5480950371819241, 'lag_1': 0.3722668228958655, 'lag_2': 0.029080100827357347, 'lag_3': 0.1627005968544361, 'lag_4': 0.6260369704534908, 'lag_5': 0.9560959479831592, 'lag_6': 0.6310192995561459, 'lag_7': 0.5680660934711899, 'lag_8': 0.22041718387833756, 'lag_9': 0.709715564899137, 'lag_10': 0.7204625150599127, 'lag_11': 0.40493439120236807, 'lag_12': 0.18228594574590212, 'lag_13': 0.6571137839694249, 'lag_14': 0.22249597295851184, 'lag_15': 0.17895774542452375, 'lag_16': 0.04390488249017774, 'lag_17': 0.5111243570319076, 'lag_18': 0.6193645523875522, 'lag_19': 0.6546989340361062, 'lag_20': 0.31755957060587703, 'lag_21': 0.024634345325096396, 'lag_22': 0.3867148895207685, 'lag_23': 0.6956650705770986, 'lag_24': 0.9963958659012015, 'lag_25': 0.5181643712144738, 'lag_26': 0.2907864953888726, 'lag_27': 0.6546851246126584, 'lag_28': 0.9288087939167997}. Best is trial 14 with value: 0.010213240992586036.
[I 2025-09-29 11:54:41,989] Trial 70 finished with value: 0.010559466189559346 and parameters: {'lag_0': 0.5098149053339568, 'lag_1': 0.4493555154630078, 'lag_2': 0.9951270945177176, 'lag_3': 0.28471012776972665, 'lag_4': 0.576678907973105, 'lag_5': 0.9762764981729031, 'lag_6': 0.5930604260619292, 'lag_7': 0.6136069190000526, 'lag_8': 0.22492926832853047, 'lag_9': 0.5684566196444362, 'lag_10': 0.5590678160288578, 'lag_11': 0.3167074884807235, 'lag_12': 0.6646577968611852, 'lag_13': 0.5388833733801751, 'lag_14': 0.059644389486571914, 'lag_15': 0.002997080768424587, 'lag_16': 0.2545297012472821, 'lag_17': 0.6429504650187644, 'lag_18': 0.4030828797872298, 'lag_19': 0.5636776124281409, 'lag_20': 0.3518347255647676, 'lag_21': 0.4060637790316233, 'lag_22': 0.3265128089723136, 'lag_23': 0.7719765732928097, 'lag_24': 0.9735279536435505, 'lag_25': 0.6113357581759924, 'lag_26': 0.1914545914123416, 'lag_27': 0.9479773759604362, 'lag_28': 0.7802687260562278}. Best is trial 14 with value: 0.010213240992586036.
[I 2025-09-29 11:54:44,464] Trial 71 finished with value: 0.010175500533879115 and parameters: {'lag_0': 0.4832952756852594, 'lag_1': 0.256393206526926, 'lag_2': 0.4791636123975478, 'lag_3': 0.13732432439084175, 'lag_4': 0.6515589455406356, 'lag_5': 0.8868969942944115, 'lag_6': 0.4886571098762722, 'lag_7': 0.5403890761868974, 'lag_8': 0.2823372924733323, 'lag_9': 0.5699559767281348, 'lag_10': 0.48261071393182364, 'lag_11': 0.5500763126252278, 'lag_12': 0.6393005933581285, 'lag_13': 0.7927549593475798, 'lag_14': 0.26362027062101956, 'lag_15': 0.12013854228448471, 'lag_16': 0.1582033063575134, 'lag_17': 0.5652671010840797, 'lag_18': 0.6743854313656189, 'lag_19': 0.36460677173787603, 'lag_20': 0.3039394936657953, 'lag_21': 0.5280056988275182, 'lag_22': 0.14623621014256738, 'lag_23': 0.7416405261326717, 'lag_24': 0.9234352561707597, 'lag_25': 0.6970013952821793, 'lag_26': 0.30717886347221707, 'lag_27': 0.7416240023040156, 'lag_28': 0.9424015000949845}. Best is trial 71 with value: 0.010175500533879115.
[I 2025-09-29 11:54:46,838] Trial 72 finished with value: 0.010307987010519677 and parameters: {'lag_0': 0.47992088621651263, 'lag_1': 0.31383052706460857, 'lag_2': 0.47503213554065127, 'lag_3': 0.23216710754345615, 'lag_4': 0.6614966663751692, 'lag_5': 0.9940632963139273, 'lag_6': 0.5561804140791236, 'lag_7': 0.6696602160703015, 'lag_8': 0.25962664772125627, 'lag_9': 0.630975956446251, 'lag_10': 0.4821245637825782, 'lag_11': 0.5537193035981843, 'lag_12': 0.7926560335089856, 'lag_13': 0.7679610994950323, 'lag_14': 0.15457235406671285, 'lag_15': 0.11802636941400653, 'lag_16': 0.15599046890624263, 'lag_17': 0.5744678317986568, 'lag_18': 0.35990676180448883, 'lag_19': 0.3181869212940272, 'lag_20': 0.3073340935292197, 'lag_21': 0.5973556153949275, 'lag_22': 0.00838817440314038, 'lag_23': 0.7467550353927142, 'lag_24': 0.9146721723472842, 'lag_25': 0.7055101063430104, 'lag_26': 0.3432165809821767, 'lag_27': 0.7981701737206639, 'lag_28': 0.9866169988629461}. Best is trial 71 with value: 0.010175500533879115.
[I 2025-09-29 11:54:49,206] Trial 73 finished with value: 0.010683856373086328 and parameters: {'lag_0': 0.47560852230236267, 'lag_1': 0.31546538292042414, 'lag_2': 0.47075382738752153, 'lag_3': 0.2246906366394244, 'lag_4': 0.6493150703046268, 'lag_5': 0.999394982890028, 'lag_6': 0.5017031285915851, 'lag_7': 0.6541893165765683, 'lag_8': 0.2722727308559292, 'lag_9': 0.6405766000028126, 'lag_10': 0.46953199720263294, 'lag_11': 0.3739771047672756, 'lag_12': 0.8071858550134989, 'lag_13': 0.7715926346732451, 'lag_14': 0.2531452267463282, 'lag_15': 0.11117758595367085, 'lag_16': 0.16387976466203116, 'lag_17': 0.5693554968037546, 'lag_18': 0.36195185210672254, 'lag_19': 0.2978515082543281, 'lag_20': 0.21886792848875422, 'lag_21': 0.5889496789100382, 'lag_22': 0.04148360368689574, 'lag_23': 0.805033421491275, 'lag_24': 0.9164213933844131, 'lag_25': 0.7402884636248284, 'lag_26': 0.33871395998064907, 'lag_27': 0.7983514012537505, 'lag_28': 0.986186137905432}. Best is trial 71 with value: 0.010175500533879115.
[I 2025-09-29 11:54:51,563] Trial 74 finished with value: 0.010437191900683155 and parameters: {'lag_0': 0.44441372311147037, 'lag_1': 0.34910489455487, 'lag_2': 0.3680239557143845, 'lag_3': 0.13559796217301326, 'lag_4': 0.6785367708269403, 'lag_5': 0.3764750995841216, 'lag_6': 0.46283663334186603, 'lag_7': 0.5180344292891629, 'lag_8': 0.24970066754486264, 'lag_9': 0.5610596133373901, 'lag_10': 0.5856361562972845, 'lag_11': 0.5513280838154798, 'lag_12': 0.7856209294169813, 'lag_13': 0.7105143055174947, 'lag_14': 0.3106029388879569, 'lag_15': 0.12862265637987608, 'lag_16': 0.10377848909911129, 'lag_17': 0.56893569392512, 'lag_18': 0.8986125026320045, 'lag_19': 0.36851221677981577, 'lag_20': 0.3019874429654187, 'lag_21': 0.6059554271772597, 'lag_22': 0.14127715901237786, 'lag_23': 0.7339829177981615, 'lag_24': 0.8692298925799309, 'lag_25': 0.6691707788455511, 'lag_26': 0.16632128857336853, 'lag_27': 0.746106526574842, 'lag_28': 0.9531145659475447}. Best is trial 71 with value: 0.010175500533879115.
[I 2025-09-29 11:54:53,921] Trial 75 finished with value: 0.010641028708400887 and parameters: {'lag_0': 0.6886082409500237, 'lag_1': 0.22885220473728807, 'lag_2': 0.4213963851091401, 'lag_3': 0.22667425198709812, 'lag_4': 0.7687587877235883, 'lag_5': 0.8740007755242432, 'lag_6': 0.5734343622964123, 'lag_7': 0.47689079110815535, 'lag_8': 0.29911702911676596, 'lag_9': 0.6247409387950138, 'lag_10': 0.6351232655847753, 'lag_11': 0.4676327553038729, 'lag_12': 0.6821573975720262, 'lag_13': 0.5982301278395146, 'lag_14': 0.1497804921713811, 'lag_15': 0.14395561246217492, 'lag_16': 0.20077527094697553, 'lag_17': 0.6691979606327738, 'lag_18': 0.3022052247514462, 'lag_19': 0.42472307892162836, 'lag_20': 0.2922677995083507, 'lag_21': 0.5215978236593617, 'lag_22': 0.00477604351302912, 'lag_23': 0.6603926981730968, 'lag_24': 0.9500278898401295, 'lag_25': 0.8005812332311172, 'lag_26': 0.25979894820275834, 'lag_27': 0.7780969037405938, 'lag_28': 0.8934399942167972}. Best is trial 71 with value: 0.010175500533879115.
[I 2025-09-29 11:54:56,280] Trial 76 finished with value: 0.010571789832529271 and parameters: {'lag_0': 0.7338940328252082, 'lag_1': 0.30174595343781035, 'lag_2': 0.3117014922003779, 'lag_3': 0.175342783670788, 'lag_4': 0.7387782734020595, 'lag_5': 0.9101740424870095, 'lag_6': 0.7094413497835834, 'lag_7': 0.7766904070047047, 'lag_8': 0.19205959613814144, 'lag_9': 0.46944858821213464, 'lag_10': 0.532419175239049, 'lag_11': 0.5333541809057953, 'lag_12': 0.24306270861539855, 'lag_13': 0.7953220185398143, 'lag_14': 0.2740648599230666, 'lag_15': 0.08615903410077247, 'lag_16': 0.026749112450451945, 'lag_17': 0.5084598346644413, 'lag_18': 0.6554014767933911, 'lag_19': 0.32185642509549456, 'lag_20': 0.18803318777408948, 'lag_21': 0.6680674433630724, 'lag_22': 0.2887686668703706, 'lag_23': 0.8724562617759963, 'lag_24': 0.8429467384636051, 'lag_25': 0.6979866113888971, 'lag_26': 0.3229921997516535, 'lag_27': 0.7166381442790655, 'lag_28': 0.8497796716283962}. Best is trial 71 with value: 0.010175500533879115.
[I 2025-09-29 11:54:58,641] Trial 77 finished with value: 0.010431485098365476 and parameters: {'lag_0': 0.6168938467650625, 'lag_1': 0.5029660396289203, 'lag_2': 0.4978630168714528, 'lag_3': 0.39455988470813463, 'lag_4': 0.5317164137236028, 'lag_5': 0.9824691078147847, 'lag_6': 0.36340495643912235, 'lag_7': 0.6437846229473271, 'lag_8': 0.1554368556259725, 'lag_9': 0.5824731132442844, 'lag_10': 0.443655415567415, 'lag_11': 0.29008570771100173, 'lag_12': 0.7445677742938348, 'lag_13': 0.7498185511856514, 'lag_14': 0.1957971068470895, 'lag_15': 0.24499549242068747, 'lag_16': 0.14217393120887653, 'lag_17': 0.6070036456897779, 'lag_18': 0.7346352405087265, 'lag_19': 0.4746216944880726, 'lag_20': 0.33916052017294257, 'lag_21': 0.5559096718085519, 'lag_22': 0.0781319157646605, 'lag_23': 0.7880243592651337, 'lag_24': 0.9055615970671735, 'lag_25': 0.6190781132964586, 'lag_26': 0.2941043875841079, 'lag_27': 0.863785203030242, 'lag_28': 0.9188167835433453}. Best is trial 71 with value: 0.010175500533879115.
[I 2025-09-29 11:55:00,993] Trial 78 finished with value: 0.010503362086131774 and parameters: {'lag_0': 0.5288667265669527, 'lag_1': 0.5590665121736723, 'lag_2': 0.5386891746086022, 'lag_3': 0.10163597371815622, 'lag_4': 0.7068116999316528, 'lag_5': 0.9393088479254896, 'lag_6': 0.4151943725859041, 'lag_7': 0.7066900844131286, 'lag_8': 0.3387023317844024, 'lag_9': 0.7611859657001998, 'lag_10': 0.9045824627083456, 'lag_11': 0.43453179288769794, 'lag_12': 0.879532941816415, 'lag_13': 0.6891396606155543, 'lag_14': 0.34877370394090157, 'lag_15': 0.3093877990275407, 'lag_16': 0.07830335766233193, 'lag_17': 0.6646898587279091, 'lag_18': 0.9097901819814662, 'lag_19': 0.7388431655954367, 'lag_20': 0.23071223845387928, 'lag_21': 0.6422069274869656, 'lag_22': 0.15395548204913978, 'lag_23': 0.732349989893602, 'lag_24': 0.9490315962903794, 'lag_25': 0.8634254616923662, 'lag_26': 0.42783824887966865, 'lag_27': 0.8082650509331852, 'lag_28': 0.9962624070017899}. Best is trial 71 with value: 0.010175500533879115.
[I 2025-09-29 11:55:03,352] Trial 79 finished with value: 0.01025263561946144 and parameters: {'lag_0': 0.569044396023864, 'lag_1': 0.40951132150529457, 'lag_2': 0.3859034684470338, 'lag_3': 0.3282998975899794, 'lag_4': 0.6000802513416127, 'lag_5': 0.8891827863635233, 'lag_6': 0.6473505856145729, 'lag_7': 0.5478305965518867, 'lag_8': 0.3722406528173074, 'lag_9': 0.5056932211912664, 'lag_10': 0.38646094544264536, 'lag_11': 0.3808497659987374, 'lag_12': 0.7082776544845469, 'lag_13': 0.6403223354139395, 'lag_14': 0.26407049513849706, 'lag_15': 0.039957812459204614, 'lag_16': 0.11489381435297426, 'lag_17': 0.55449796998815, 'lag_18': 0.8258857161538006, 'lag_19': 0.2256382080516886, 'lag_20': 0.4005701603616332, 'lag_21': 0.6137799427242205, 'lag_22': 0.09000841194642281, 'lag_23': 0.7105441453199784, 'lag_24': 0.9966793693758695, 'lag_25': 0.3361487863822577, 'lag_26': 0.36468191232988023, 'lag_27': 0.6579120610356965, 'lag_28': 0.8383705100438164}. Best is trial 71 with value: 0.010175500533879115.
[I 2025-09-29 11:55:05,716] Trial 80 finished with value: 0.010444486335733779 and parameters: {'lag_0': 0.5877630381944617, 'lag_1': 0.4249585117810874, 'lag_2': 0.38787125857381466, 'lag_3': 0.4306525584855765, 'lag_4': 0.4814353652166239, 'lag_5': 0.0620140206263064, 'lag_6': 0.6519429071947377, 'lag_7': 0.5515447042832473, 'lag_8': 0.36419393108572884, 'lag_9': 0.5230492823784049, 'lag_10': 0.3959603058766972, 'lag_11': 0.6167032988611134, 'lag_12': 0.3087737891510505, 'lag_13': 0.6351055358513279, 'lag_14': 0.8611207894622901, 'lag_15': 0.06577063752304393, 'lag_16': 0.10484839504423701, 'lag_17': 0.4847673317416418, 'lag_18': 0.8193706263133229, 'lag_19': 0.21456612275701717, 'lag_20': 0.39489800474449854, 'lag_21': 0.756417798551449, 'lag_22': 0.031460644688647996, 'lag_23': 0.8462492262007246, 'lag_24': 0.7055794198843466, 'lag_25': 0.3452289731782831, 'lag_26': 0.36523705137352047, 'lag_27': 0.7586123599143453, 'lag_28': 0.8386386186529167}. Best is trial 71 with value: 0.010175500533879115.
[I 2025-09-29 11:55:08,076] Trial 81 finished with value: 0.01052249191429509 and parameters: {'lag_0': 0.9998149682371471, 'lag_1': 0.24741056656054145, 'lag_2': 0.32909645633983264, 'lag_3': 0.19934466258133662, 'lag_4': 0.5994982767623269, 'lag_5': 0.8805510515324271, 'lag_6': 0.5424376363005599, 'lag_7': 0.5260920490719521, 'lag_8': 0.30940988031894295, 'lag_9': 0.4956052492827647, 'lag_10': 0.3893693715461732, 'lag_11': 0.3972387515443403, 'lag_12': 0.71589563831462, 'lag_13': 0.4826470126097784, 'lag_14': 0.25178630990876233, 'lag_15': 0.02670610528280476, 'lag_16': 0.12668096817584057, 'lag_17': 0.5529511545985211, 'lag_18': 0.7790377884934294, 'lag_19': 0.28519387981820865, 'lag_20': 0.3209620216976815, 'lag_21': 0.7200263536842992, 'lag_22': 0.07226609740125679, 'lag_23': 0.6931943063536856, 'lag_24': 0.9996730180277885, 'lag_25': 0.30744297069552945, 'lag_26': 0.26922339358608244, 'lag_27': 0.646854371502973, 'lag_28': 0.9583278542439381}. Best is trial 71 with value: 0.010175500533879115.
[I 2025-09-29 11:55:10,437] Trial 82 finished with value: 0.010361111549751398 and parameters: {'lag_0': 0.5624820443285504, 'lag_1': 0.28204964896396606, 'lag_2': 0.4407296198215692, 'lag_3': 0.2773682640151386, 'lag_4': 0.6362505890867116, 'lag_5': 0.8001102188154605, 'lag_6': 0.6101422085086965, 'lag_7': 0.4520316009461634, 'lag_8': 0.2740097357868403, 'lag_9': 0.6537727112059626, 'lag_10': 0.48457514099815246, 'lag_11': 0.3768196139530489, 'lag_12': 0.6405488960464871, 'lag_13': 0.5606136022341113, 'lag_14': 0.3057558648888038, 'lag_15': 0.03284845783753455, 'lag_16': 0.16732064217247997, 'lag_17': 0.44854459312780626, 'lag_18': 0.857497810766553, 'lag_19': 0.3646875229301217, 'lag_20': 0.4575824770997663, 'lag_21': 0.6125700090459522, 'lag_22': 0.09249396217590349, 'lag_23': 0.7607481937158544, 'lag_24': 0.9352864079362265, 'lag_25': 0.44735611816536763, 'lag_26': 0.34846255974260676, 'lag_27': 0.6022750780288606, 'lag_28': 0.9631472238926808}. Best is trial 71 with value: 0.010175500533879115.
