[I 2025-09-29 12:51:59,495] Trial 40 finished with value: 0.011835342324084725 and parameters: {'lag_0': 0.05371211267882975, 'lag_1': 0.5055347752331087, 'lag_2': 0.580612930120824, 'lag_3': 0.8864050850084857, 'lag_4': 0.2611142504908214, 'lag_5': 0.8616331444608833, 'lag_6': 0.7844558617963862, 'lag_7': 0.32807110662061856, 'lag_8': 0.4885372011430862, 'lag_9': 0.17560817622298686, 'lag_10': 0.19743338942613048, 'lag_11': 0.007987696288666413, 'lag_12': 0.2855816801689414, 'lag_13': 0.5941114803229368, 'lag_14': 0.4472733358571091, 'lag_15': 0.07055255043458306, 'lag_16': 0.11251225904303198, 'lag_17': 0.050931981087353084, 'lag_18': 0.25485671805616633, 'lag_19': 0.5311590398288993, 'lag_20': 0.31184816289376915, 'lag_21': 0.24749242804992883, 'lag_22': 0.4283812415194218, 'lag_23': 0.8653918288909495, 'lag_24': 0.2799337892811861, 'lag_25': 0.8217564649473041, 'lag_26': 0.23099410514658006, 'lag_27': 0.00016466586235980296, 'lag_28': 0.6612670338765974}. Best is trial 37 with value: 0.009052738628114503.
[I 2025-09-29 12:52:01,990] Trial 41 finished with value: 0.01329757462355562 and parameters: {'lag_0': 0.8720477748843709, 'lag_1': 0.3600634549374513, 'lag_2': 0.197851389391969, 'lag_3': 0.8516042549393195, 'lag_4': 0.2374661853773576, 'lag_5': 0.6357679524078114, 'lag_6': 0.7049538198876418, 'lag_7': 0.5396101779309695, 'lag_8': 0.5649855998939105, 'lag_9': 0.21164661258691764, 'lag_10': 0.3065547879609867, 'lag_11': 0.3320512174241047, 'lag_12': 0.21638923541887645, 'lag_13': 0.9493532375893547, 'lag_14': 0.428075845744461, 'lag_15': 0.12371072142767933, 'lag_16': 0.01573570446099648, 'lag_17': 0.11758820782095253, 'lag_18': 0.3134122419690222, 'lag_19': 0.6047822155300359, 'lag_20': 0.29242651578083384, 'lag_21': 0.155082252423074, 'lag_22': 0.22820472242051332, 'lag_23': 0.9086723477200029, 'lag_24': 0.19679019584587798, 'lag_25': 0.7447862568733173, 'lag_26': 0.11529447801932313, 'lag_27': 0.16697881807020545, 'lag_28': 0.534054487697821}. Best is trial 37 with value: 0.009052738628114503.
[I 2025-09-29 12:52:04,488] Trial 42 finished with value: 0.013213128888316402 and parameters: {'lag_0': 0.29453543083371003, 'lag_1': 0.4031705763602289, 'lag_2': 0.1439142474825633, 'lag_3': 0.9513167539625398, 'lag_4': 0.34732575012776135, 'lag_5': 0.6737239512062627, 'lag_6': 0.8995366676327046, 'lag_7': 0.3892374188736205, 'lag_8': 0.4339085758055011, 'lag_9': 0.2686971192315024, 'lag_10': 0.3916066676955253, 'lag_11': 0.20145857008384113, 'lag_12': 0.10407079922211536, 'lag_13': 0.8438594708859027, 'lag_14': 0.5098310979321435, 'lag_15': 0.17752968165409128, 'lag_16': 0.09851383209808971, 'lag_17': 0.2109369844224464, 'lag_18': 0.16097870736119219, 'lag_19': 0.45105303431942434, 'lag_20': 0.40839729488063237, 'lag_21': 0.05469753414844529, 'lag_22': 0.30780059960884654, 'lag_23': 0.8135401450323871, 'lag_24': 0.29981337372338074, 'lag_25': 0.6762596277310846, 'lag_26': 0.113329444751709, 'lag_27': 0.09212265040888815, 'lag_28': 0.6071278865262457}. Best is trial 37 with value: 0.009052738628114503.
[I 2025-09-29 12:52:06,987] Trial 43 finished with value: 0.011421094290074395 and parameters: {'lag_0': 0.1891764639341641, 'lag_1': 0.5284146925754045, 'lag_2': 0.08404016395081465, 'lag_3': 0.7083267580055856, 'lag_4': 0.43852060119394176, 'lag_5': 0.4536802583811423, 'lag_6': 0.6343082007854383, 'lag_7': 0.49327757281740336, 'lag_8': 0.5184370785310772, 'lag_9': 0.053888786134130784, 'lag_10': 0.47351210703974445, 'lag_11': 0.12565786429457396, 'lag_12': 0.19313709179740568, 'lag_13': 0.6698568565025151, 'lag_14': 0.3177053561853582, 'lag_15': 0.0024080702803254417, 'lag_16': 0.07486405100218638, 'lag_17': 0.23926257419152877, 'lag_18': 0.37612869797847986, 'lag_19': 0.3898434367613355, 'lag_20': 0.23867517334955737, 'lag_21': 0.006578196530484137, 'lag_22': 0.24065617917752752, 'lag_23': 0.6614377538428143, 'lag_24': 0.07094570132628414, 'lag_25': 0.8744101244081907, 'lag_26': 0.11880457087472168, 'lag_27': 0.22726262775422987, 'lag_28': 0.45978187669475074}. Best is trial 37 with value: 0.009052738628114503.
[I 2025-09-29 12:52:09,485] Trial 44 finished with value: 0.013950216959023935 and parameters: {'lag_0': 0.4444785949900675, 'lag_1': 0.053182328204346985, 'lag_2': 0.27681489694938993, 'lag_3': 0.8319329738331708, 'lag_4': 0.15985269760737336, 'lag_5': 0.5262216332772419, 'lag_6': 0.3957347975475561, 'lag_7': 0.4247958552024237, 'lag_8': 0.2896253820657152, 'lag_9': 0.30569581822979774, 'lag_10': 0.4343354184865339, 'lag_11': 0.25920437385608575, 'lag_12': 0.3628223165380169, 'lag_13': 0.7613302978038022, 'lag_14': 0.376618692440302, 'lag_15': 0.850079674820271, 'lag_16': 0.24347362429394107, 'lag_17': 0.1718624109825247, 'lag_18': 0.42569826707079267, 'lag_19': 0.647834908112727, 'lag_20': 0.5387301875374069, 'lag_21': 0.15984021484826672, 'lag_22': 0.3711282193198079, 'lag_23': 0.9940482110659099, 'lag_24': 0.370569300304343, 'lag_25': 0.3967239552145244, 'lag_26': 0.3060138394533502, 'lag_27': 0.1395765489416655, 'lag_28': 0.3032410880384735}. Best is trial 37 with value: 0.009052738628114503.
[I 2025-09-29 12:52:11,980] Trial 45 finished with value: 0.01383827665374614 and parameters: {'lag_0': 0.3488954036332179, 'lag_1': 0.2787176055699803, 'lag_2': 0.05792854332794055, 'lag_3': 0.9234675196926623, 'lag_4': 0.8160486255051729, 'lag_5': 0.03539320024496745, 'lag_6': 0.5942277572081174, 'lag_7': 0.5575986966315198, 'lag_8': 0.7101833154374855, 'lag_9': 0.1971612101773676, 'lag_10': 0.3619578340170571, 'lag_11': 0.29239035558136434, 'lag_12': 0.14660859322673425, 'lag_13': 0.8708140292731682, 'lag_14': 0.6356765667313431, 'lag_15': 0.11558680097521662, 'lag_16': 0.1523025599395582, 'lag_17': 0.04573940779472514, 'lag_18': 0.2974170264156109, 'lag_19': 0.34195778357436535, 'lag_20': 0.17622409965130215, 'lag_21': 0.21955272559464573, 'lag_22': 0.1913026649137643, 'lag_23': 0.7318374275645935, 'lag_24': 0.239833599011762, 'lag_25': 0.6324764972910752, 'lag_26': 0.023376403379785818, 'lag_27': 0.3883050143162115, 'lag_28': 0.38485098159117476}. Best is trial 37 with value: 0.009052738628114503.
[I 2025-09-29 12:52:14,477] Trial 46 finished with value: 0.013243816262721952 and parameters: {'lag_0': 0.5443827783279594, 'lag_1': 0.2189448201232542, 'lag_2': 0.1650417470217228, 'lag_3': 0.7148918226511658, 'lag_4': 0.2953849182428446, 'lag_5': 0.775267486195335, 'lag_6': 0.997516282130083, 'lag_7': 0.4986192009361954, 'lag_8': 0.3504820533755916, 'lag_9': 0.38032861941353807, 'lag_10': 0.4996146327668051, 'lag_11': 0.16118881327402632, 'lag_12': 0.05752353924944453, 'lag_13': 0.5641600056440756, 'lag_14': 0.7990582332853466, 'lag_15': 0.4298868625892912, 'lag_16': 0.018102330016972402, 'lag_17': 0.35692712414947386, 'lag_18': 0.9492791288898564, 'lag_19': 0.5271397978119745, 'lag_20': 0.45083869991544206, 'lag_21': 0.08263713469311101, 'lag_22': 0.4589768898737002, 'lag_23': 0.08164966272585095, 'lag_24': 0.4500866832859066, 'lag_25': 0.30896375875419213, 'lag_26': 0.6454035668046088, 'lag_27': 0.2206672281129352, 'lag_28': 0.7283723541776119}. Best is trial 37 with value: 0.009052738628114503.
[I 2025-09-29 12:52:16,979] Trial 47 finished with value: 0.011869423993937108 and parameters: {'lag_0': 0.0021749037892615786, 'lag_1': 0.4637378407001761, 'lag_2': 0.9244278847220538, 'lag_3': 0.7559200195976498, 'lag_4': 0.21908628319342224, 'lag_5': 0.9324697391323258, 'lag_6': 0.8250371286450815, 'lag_7': 0.26883318403055845, 'lag_8': 0.5794091260602723, 'lag_9': 0.25267429620934917, 'lag_10': 0.12838020808074635, 'lag_11': 0.2380148332552768, 'lag_12': 0.48926935323974974, 'lag_13': 0.9484744002229984, 'lag_14': 0.4982106284374678, 'lag_15': 0.3595732683288968, 'lag_16': 0.33306519821378394, 'lag_17': 0.28401682180531196, 'lag_18': 0.20753924237606558, 'lag_19': 0.7264237719922475, 'lag_20': 0.26766032556911756, 'lag_21': 0.3583918852252005, 'lag_22': 0.38166071914063704, 'lag_23': 0.4286805524216901, 'lag_24': 0.15351094855930977, 'lag_25': 0.21641755056903872, 'lag_26': 0.5430290920317923, 'lag_27': 0.3535644187616864, 'lag_28': 0.9360148732719266}. Best is trial 37 with value: 0.009052738628114503.
[I 2025-09-29 12:52:19,481] Trial 48 finished with value: 0.014320083611238885 and parameters: {'lag_0': 0.14401567878062937, 'lag_1': 0.5872710411546829, 'lag_2': 0.5010576396391908, 'lag_3': 0.9944770630288865, 'lag_4': 0.3468193253063639, 'lag_5': 0.6327201694707933, 'lag_6': 0.2856849252063924, 'lag_7': 0.3578134592130647, 'lag_8': 0.05737848512402213, 'lag_9': 0.07291931508982019, 'lag_10': 0.2915148545067735, 'lag_11': 0.35426275065511525, 'lag_12': 0.27000266507474846, 'lag_13': 0.7844178430413139, 'lag_14': 0.6327551170603178, 'lag_15': 0.2598295769524886, 'lag_16': 0.2124109133782387, 'lag_17': 0.11037318590559694, 'lag_18': 0.35816004194405593, 'lag_19': 0.5895911848885895, 'lag_20': 0.11088256020590008, 'lag_21': 0.2749353373093809, 'lag_22': 0.2669541081922657, 'lag_23': 0.5231502385024813, 'lag_24': 0.06714335247848138, 'lag_25': 0.4432464652029599, 'lag_26': 0.16542881059233816, 'lag_27': 0.036921480939347016, 'lag_28': 0.24703856836181087}. Best is trial 37 with value: 0.009052738628114503.
[I 2025-09-29 12:52:21,984] Trial 49 finished with value: 0.012555817972629385 and parameters: {'lag_0': 0.25221689465592084, 'lag_1': 0.6613961925374605, 'lag_2': 0.24239794975726173, 'lag_3': 0.8103407921363255, 'lag_4': 0.11534350363616742, 'lag_5': 0.7203247459799946, 'lag_6': 0.5366097944689773, 'lag_7': 0.6324134716160427, 'lag_8': 0.636512714305639, 'lag_9': 0.4876946747058011, 'lag_10': 0.03300800181740804, 'lag_11': 0.21770317574570838, 'lag_12': 0.38486048769360076, 'lag_13': 0.7236954432175513, 'lag_14': 0.41862285840783114, 'lag_15': 0.5004696342757291, 'lag_16': 0.4462998877542124, 'lag_17': 0.8520013063498058, 'lag_18': 0.8208315097825997, 'lag_19': 0.6749288653547846, 'lag_20': 0.9655272602666185, 'lag_21': 0.002311760775844619, 'lag_22': 0.15588489188705587, 'lag_23': 0.9340903738309815, 'lag_24': 0.3411284696573786, 'lag_25': 0.14761399216780632, 'lag_26': 0.27329600898895884, 'lag_27': 0.2755912547393822, 'lag_28': 0.3487347673774915}. Best is trial 37 with value: 0.009052738628114503.
[I 2025-09-29 12:52:24,483] Trial 50 finished with value: 0.012935861203354581 and parameters: {'lag_0': 0.09796477833041786, 'lag_1': 0.3250992144374836, 'lag_2': 0.8073596654165459, 'lag_3': 0.5389990499750562, 'lag_4': 0.38549990151377583, 'lag_5': 0.316747503530306, 'lag_6': 0.689382829356672, 'lag_7': 0.5774975422463028, 'lag_8': 0.8118235135425969, 'lag_9': 0.1541836879062018, 'lag_10': 0.5741047289676314, 'lag_11': 0.09320475817624384, 'lag_12': 0.00490278850267184, 'lag_13': 0.6774021344805331, 'lag_14': 0.28857171871073783, 'lag_15': 0.6297625532893221, 'lag_16': 0.3702713214943293, 'lag_17': 0.002466760283370284, 'lag_18': 0.9937447893383382, 'lag_19': 0.26168706595238755, 'lag_20': 0.3582807219332546, 'lag_21': 0.1354888832488166, 'lag_22': 0.06646854953744563, 'lag_23': 0.3069068549003662, 'lag_24': 0.19798887160099202, 'lag_25': 0.7224405488515008, 'lag_26': 0.954755199670651, 'lag_27': 0.40203248178799533, 'lag_28': 0.5434163914576418}. Best is trial 37 with value: 0.009052738628114503.
[I 2025-09-29 12:52:26,984] Trial 51 finished with value: 0.00875484715828308 and parameters: {'lag_0': 0.38108239749055317, 'lag_1': 0.18106941241717328, 'lag_2': 0.11549707707076795, 'lag_3': 0.8872304094031818, 'lag_4': 0.16086150473974326, 'lag_5': 0.5681775601928286, 'lag_6': 0.9410345366887133, 'lag_7': 0.4223336389750529, 'lag_8': 0.2600785964534468, 'lag_9': 0.9886877177158967, 'lag_10': 0.46247022260948395, 'lag_11': 0.42459342666304195, 'lag_12': 0.5244253215567407, 'lag_13': 0.137792564353858, 'lag_14': 0.35186702717056, 'lag_15': 0.36734572648708513, 'lag_16': 0.5798237521454588, 'lag_17': 0.2545097344022818, 'lag_18': 0.4217796298128166, 'lag_19': 0.4837007852536887, 'lag_20': 0.1558656480158355, 'lag_21': 0.7148621539981047, 'lag_22': 0.6861500695043069, 'lag_23': 0.8422079672128796, 'lag_24': 0.5227175126271939, 'lag_25': 0.9902543976535614, 'lag_26': 0.24149361362865232, 'lag_27': 0.19686010185898165, 'lag_28': 0.8289561250786237}. Best is trial 51 with value: 0.00875484715828308.
[I 2025-09-29 12:52:29,486] Trial 52 finished with value: 0.011502578501077273 and parameters: {'lag_0': 0.3740112158322907, 'lag_1': 0.16413383176176788, 'lag_2': 0.00043758588955948585, 'lag_3': 0.9410838452768617, 'lag_4': 0.17095265275139218, 'lag_5': 0.560534017364864, 'lag_6': 0.9359139457710539, 'lag_7': 0.48416123382621123, 'lag_8': 0.26823168543411813, 'lag_9': 0.9139031750935553, 'lag_10': 0.518888205306728, 'lag_11': 0.4303645686279236, 'lag_12': 0.6201097875059775, 'lag_13': 0.10705992418679461, 'lag_14': 0.3536695339109518, 'lag_15': 0.5449836615084671, 'lag_16': 0.5530615825304841, 'lag_17': 0.1645966956873713, 'lag_18': 0.4318949258608649, 'lag_19': 0.4933319719784406, 'lag_20': 0.15423986162936104, 'lag_21': 0.5991665388615812, 'lag_22': 0.9566464260397057, 'lag_23': 0.8424421326258009, 'lag_24': 0.5302096298838644, 'lag_25': 0.9645658608658906, 'lag_26': 0.4002603649460065, 'lag_27': 0.05919756547309907, 'lag_28': 0.848672044138478}. Best is trial 51 with value: 0.00875484715828308.
[I 2025-09-29 12:52:31,985] Trial 53 finished with value: 0.011249280320155578 and parameters: {'lag_0': 0.2762753538939324, 'lag_1': 0.2551869281142384, 'lag_2': 0.049562654440060624, 'lag_3': 0.8957291878975224, 'lag_4': 0.2804164872501631, 'lag_5': 0.402923467985727, 'lag_6': 0.8812158249301688, 'lag_7': 0.4144170240146968, 'lag_8': 0.19241284181075502, 'lag_9': 0.31716950287370477, 'lag_10': 0.45239370527229794, 'lag_11': 0.3108479233665458, 'lag_12': 0.4425227322744274, 'lag_13': 0.005511956104178928, 'lag_14': 0.465294316849142, 'lag_15': 0.381557119175692, 'lag_16': 0.4861303154939799, 'lag_17': 0.2554879316717015, 'lag_18': 0.2896242899095992, 'lag_19': 0.552022436660085, 'lag_20': 0.21819985900936853, 'lag_21': 0.04643187401175955, 'lag_22': 0.8404990610114608, 'lag_23': 0.833051542768358, 'lag_24': 0.4184779531997295, 'lag_25': 0.8633209134814958, 'lag_26': 0.06562957702580366, 'lag_27': 0.13019826016099256, 'lag_28': 0.9224514421597064}. Best is trial 51 with value: 0.00875484715828308.
[I 2025-09-29 12:52:34,487] Trial 54 finished with value: 0.012871177509928316 and parameters: {'lag_0': 0.2125311995859959, 'lag_1': 0.17874261676737016, 'lag_2': 0.1496888434985716, 'lag_3': 0.8660833369373931, 'lag_4': 0.6173024633979344, 'lag_5': 0.6536120939348843, 'lag_6': 0.7329562227759285, 'lag_7': 0.525368339814166, 'lag_8': 0.35570882470875465, 'lag_9': 0.963089724188792, 'lag_10': 0.3413915031917307, 'lag_11': 0.35919690303662766, 'lag_12': 0.7426495460541123, 'lag_13': 0.915656693293731, 'lag_14': 0.21270899947727806, 'lag_15': 0.30225844047387507, 'lag_16': 0.5893904032464153, 'lag_17': 0.43294115973385305, 'lag_18': 0.4578767695961671, 'lag_19': 0.44264257230270704, 'lag_20': 0.28762444627611583, 'lag_21': 0.19040969168907584, 'lag_22': 0.7430971945239114, 'lag_23': 0.7696087767435928, 'lag_24': 0.26614619615662216, 'lag_25': 0.9447326859390616, 'lag_26': 0.244216528943531, 'lag_27': 0.2056379360806172, 'lag_28': 0.7644659352872268}. Best is trial 51 with value: 0.00875484715828308.
[I 2025-09-29 12:52:36,989] Trial 55 finished with value: 0.013135704598277176 and parameters: {'lag_0': 0.04787534972227883, 'lag_1': 0.044285958713196516, 'lag_2': 0.11064845039759928, 'lag_3': 0.4978989181830908, 'lag_4': 0.036590578670960036, 'lag_5': 0.6991241535298122, 'lag_6': 0.9615353540832835, 'lag_7': 0.006653681570135031, 'lag_8': 0.43243179250286523, 'lag_9': 0.22379506847876734, 'lag_10': 0.3888180549691778, 'lag_11': 0.5154121567785009, 'lag_12': 0.5355023091405571, 'lag_13': 0.8662473185669827, 'lag_14': 0.27186075941324517, 'lag_15': 0.36169278064251653, 'lag_16': 0.3120571234857008, 'lag_17': 0.08682882596931679, 'lag_18': 0.3449855217660974, 'lag_19': 0.3351514918836369, 'lag_20': 0.0505207291887213, 'lag_21': 0.4642399958257487, 'lag_22': 0.5118666559871361, 'lag_23': 0.15209411370864923, 'lag_24': 0.3943495323259262, 'lag_25': 0.9995871824220933, 'lag_26': 0.7552103446971576, 'lag_27': 0.313651544592343, 'lag_28': 0.9467958821033408}. Best is trial 51 with value: 0.00875484715828308.
[I 2025-09-29 12:52:39,489] Trial 56 finished with value: 0.012567021611752252 and parameters: {'lag_0': 0.3478725640868327, 'lag_1': 0.37979873852957347, 'lag_2': 0.6788867505951544, 'lag_3': 0.6057416659590875, 'lag_4': 0.21035084601297255, 'lag_5': 0.136793350853957, 'lag_6': 0.22007065652944535, 'lag_7': 0.31611934321291735, 'lag_8': 0.2279964360263397, 'lag_9': 0.37193150807712777, 'lag_10': 0.47208956608147334, 'lag_11': 0.3996837628597384, 'lag_12': 0.6725772798444224, 'lag_13': 0.2505884090541276, 'lag_14': 0.8843342882879889, 'lag_15': 0.4167025740215193, 'lag_16': 0.2503895795570428, 'lag_17': 0.313595417387741, 'lag_18': 0.5409314032905752, 'lag_19': 0.40723093279566125, 'lag_20': 0.42946307582301674, 'lag_21': 0.6802356546613466, 'lag_22': 0.3609543216486585, 'lag_23': 0.2735719467537683, 'lag_24': 0.46016470567266066, 'lag_25': 0.060491369484273805, 'lag_26': 0.8061047076929404, 'lag_27': 0.2536332186349788, 'lag_28': 0.8401588969040796}. Best is trial 51 with value: 0.00875484715828308.
[I 2025-09-29 12:52:41,990] Trial 57 finished with value: 0.011548086984862399 and parameters: {'lag_0': 0.4434395276231183, 'lag_1': 0.13941141691896708, 'lag_2': 0.3504844833189973, 'lag_3': 0.6781615225698301, 'lag_4': 0.31804098659834845, 'lag_5': 0.6115322862484583, 'lag_6': 0.8121842477600791, 'lag_7': 0.22146185873879107, 'lag_8': 0.13149963476602491, 'lag_9': 0.28997780247136995, 'lag_10': 0.21862155301513686, 'lag_11': 0.5944778936609434, 'lag_12': 0.23684543681734432, 'lag_13': 0.8241524432387559, 'lag_14': 0.419318287439449, 'lag_15': 0.9909842895779665, 'lag_16': 0.061450047715257944, 'lag_17': 0.21923499117882966, 'lag_18': 0.4051132968123139, 'lag_19': 0.5557640460222754, 'lag_20': 0.15732003110036707, 'lag_21': 0.7364714114751597, 'lag_22': 0.8942593617723098, 'lag_23': 0.04950487305645673, 'lag_24': 0.3372397401969478, 'lag_25': 0.3693141254146955, 'lag_26': 0.36108734145072363, 'lag_27': 0.16513448155599533, 'lag_28': 0.8671188590256254}. Best is trial 51 with value: 0.00875484715828308.
[I 2025-09-29 12:52:44,489] Trial 58 finished with value: 0.012380146113223165 and parameters: {'lag_0': 0.7290242664757386, 'lag_1': 0.2909405857652979, 'lag_2': 0.5855843863553205, 'lag_3': 0.8159414300310914, 'lag_4': 0.12484621597015674, 'lag_5': 0.5030186055710123, 'lag_6': 0.9097039135366493, 'lag_7': 0.6748083465067343, 'lag_8': 0.5499307744545107, 'lag_9': 0.33599849081019223, 'lag_10': 0.420817446005033, 'lag_11': 0.26032385882200193, 'lag_12': 0.12911186277725648, 'lag_13': 0.35814372235721326, 'lag_14': 0.6036350094068552, 'lag_15': 0.08505612610730923, 'lag_16': 0.17708798130819015, 'lag_17': 0.19551791530069235, 'lag_18': 0.6330795630919411, 'lag_19': 0.9980018678829031, 'lag_20': 0.24477083624847876, 'lag_21': 0.08449716097627803, 'lag_22': 0.46744712270223154, 'lag_23': 0.2371183309415582, 'lag_24': 0.10282761767053503, 'lag_25': 0.7981360712721908, 'lag_26': 0.7111727247469387, 'lag_27': 0.43433636024348615, 'lag_28': 0.6937859996672547}. Best is trial 51 with value: 0.00875484715828308.
[I 2025-09-29 12:52:46,990] Trial 59 finished with value: 0.012338568764367643 and parameters: {'lag_0': 0.6416691080059206, 'lag_1': 0.22167773313908465, 'lag_2': 0.04307742231970302, 'lag_3': 0.7735760823054849, 'lag_4': 0.44354598586172594, 'lag_5': 0.8515290991459938, 'lag_6': 0.5025406229067513, 'lag_7': 0.15968938242692787, 'lag_8': 0.4678504635857309, 'lag_9': 0.41561375104711207, 'lag_10': 0.6278885015936971, 'lag_11': 0.16791458183487656, 'lag_12': 0.17717952971370549, 'lag_13': 0.18265167461812143, 'lag_14': 0.5264150667063887, 'lag_15': 0.5200881781567976, 'lag_16': 0.1095716986582756, 'lag_17': 0.14417187794348063, 'lag_18': 0.4827526405643394, 'lag_19': 0.623165826026217, 'lag_20': 0.11677876289415864, 'lag_21': 0.43428977629630766, 'lag_22': 0.6556037151124524, 'lag_23': 0.5692790432176464, 'lag_24': 0.9860937080628404, 'lag_25': 0.924509794249007, 'lag_26': 0.464325246624212, 'lag_27': 0.31295946891056725, 'lag_28': 0.42705082121680776}. Best is trial 51 with value: 0.00875484715828308.
[I 2025-09-29 12:52:49,480] Trial 60 finished with value: 0.013094269682719737 and parameters: {'lag_0': 0.21903692036300437, 'lag_1': 0.3386464359888205, 'lag_2': 0.8253311332910409, 'lag_3': 0.33522716301924343, 'lag_4': 0.18463543175410294, 'lag_5': 0.5748559381301128, 'lag_6': 0.4084012114150075, 'lag_7': 0.10436616710818108, 'lag_8': 0.3209184580981129, 'lag_9': 0.9891961991042078, 'lag_10': 0.2687855678920228, 'lag_11': 0.9785321771433508, 'lag_12': 0.3409687385957154, 'lag_13': 0.9767356453427388, 'lag_14': 0.359693153083231, 'lag_15': 0.1971020644730874, 'lag_16': 0.46454437325507364, 'lag_17': 0.3533917093295965, 'lag_18': 0.12003818070406314, 'lag_19': 0.4775012001317369, 'lag_20': 0.0263328154510082, 'lag_21': 0.21056883251997943, 'lag_22': 0.313279192036763, 'lag_23': 0.43080718592754474, 'lag_24': 0.5269746228998051, 'lag_25': 0.5104894045803204, 'lag_26': 0.654975249891592, 'lag_27': 0.9723871315237975, 'lag_28': 0.9748715687105804}. Best is trial 51 with value: 0.00875484715828308.
