[I 2025-09-29 11:52:48,244] Trial 20 finished with value: 0.012283560883897923 and parameters: {'lag_0': 0.013415885921587822, 'lag_1': 0.9798235989185512, 'lag_2': 0.6757961549287977, 'lag_3': 0.9973824624876193, 'lag_4': 0.08819017815098495, 'lag_5': 0.7351005623175053, 'lag_6': 0.7491897652136595, 'lag_7': 0.6360231651192016, 'lag_8': 0.4682912459041866, 'lag_9': 0.6650455961989813, 'lag_10': 0.49815043880486226, 'lag_11': 0.6414554709496951, 'lag_12': 0.5795480577265276, 'lag_13': 0.8131638507878219, 'lag_14': 0.3474208841200056, 'lag_15': 0.7502178386992259, 'lag_16': 0.2758061396363919, 'lag_17': 0.9713997560489832, 'lag_18': 0.25202271026035133, 'lag_19': 0.301079563428463, 'lag_20': 0.7264485764247195, 'lag_21': 0.3529482147513251, 'lag_22': 0.10751561000098916, 'lag_23': 0.3445296070890184, 'lag_24': 0.3715352595221675, 'lag_25': 0.9255285970576462, 'lag_26': 0.4241446149835908, 'lag_27': 0.7751183056408064, 'lag_28': 0.6568806316377346}. Best is trial 1 with value: 0.012254496892715723.
[I 2025-09-29 11:52:50,763] Trial 21 finished with value: 0.012516729655543301 and parameters: {'lag_0': 0.004602861447284334, 'lag_1': 0.979162779147399, 'lag_2': 0.704394823765494, 'lag_3': 0.979182853202959, 'lag_4': 0.0870128510237143, 'lag_5': 0.7301372566324366, 'lag_6': 0.7735721071486132, 'lag_7': 0.5802861170699086, 'lag_8': 0.46610764561133716, 'lag_9': 0.6686498903259817, 'lag_10': 0.48170019878300374, 'lag_11': 0.6337834909671445, 'lag_12': 0.7587985560257194, 'lag_13': 0.983730142570096, 'lag_14': 0.3188654979169222, 'lag_15': 0.8017969265685007, 'lag_16': 0.3280005566432348, 'lag_17': 0.97454868519331, 'lag_18': 0.20369282191460245, 'lag_19': 0.35659973922447297, 'lag_20': 0.842407163289529, 'lag_21': 0.29325158935064366, 'lag_22': 0.14059265405860594, 'lag_23': 0.3485130131153509, 'lag_24': 0.39961030464791664, 'lag_25': 0.9196093456494607, 'lag_26': 0.4587878315472942, 'lag_27': 0.7894950246217034, 'lag_28': 0.6463346260488014}. Best is trial 1 with value: 0.012254496892715723.
[I 2025-09-29 11:52:53,287] Trial 22 finished with value: 0.012288121672319078 and parameters: {'lag_0': 0.2190086413720152, 'lag_1': 0.843338889950169, 'lag_2': 0.857602618240104, 'lag_3': 0.9922392788362677, 'lag_4': 0.22069977694167647, 'lag_5': 0.8124858686514866, 'lag_6': 0.8390187013621296, 'lag_7': 0.6082958286741128, 'lag_8': 0.47604236852748855, 'lag_9': 0.5866732621811471, 'lag_10': 0.6518623429077783, 'lag_11': 0.48198578520526564, 'lag_12': 0.6087955600696267, 'lag_13': 0.8191693619648497, 'lag_14': 0.16253019352477438, 'lag_15': 0.719655463134638, 'lag_16': 0.25638203168765406, 'lag_17': 0.8848254601853902, 'lag_18': 0.3009741225702339, 'lag_19': 0.26395730436232895, 'lag_20': 0.7265410270775978, 'lag_21': 0.19103826136451285, 'lag_22': 0.08041736904769069, 'lag_23': 0.2500840668271653, 'lag_24': 0.13248285767555962, 'lag_25': 0.7698066148231849, 'lag_26': 0.10243913046035275, 'lag_27': 0.6067337857235363, 'lag_28': 0.6645815345814428}. Best is trial 1 with value: 0.012254496892715723.
[I 2025-09-29 11:52:55,815] Trial 23 finished with value: 0.012396883753370964 and parameters: {'lag_0': 0.18865070202655904, 'lag_1': 0.8747633156137016, 'lag_2': 0.8962737332554633, 'lag_3': 0.8080266144879829, 'lag_4': 0.19772562194732862, 'lag_5': 0.8114924423568607, 'lag_6': 0.8446309575505735, 'lag_7': 0.8233306022654142, 'lag_8': 0.6412381109773166, 'lag_9': 0.5859511180429189, 'lag_10': 0.6690840922099986, 'lag_11': 0.44103808739449263, 'lag_12': 0.5698264951443288, 'lag_13': 0.8920232273104804, 'lag_14': 0.11460569195106905, 'lag_15': 0.9896179111570547, 'lag_16': 0.46184853099836537, 'lag_17': 0.023051756971104453, 'lag_18': 0.32898327852475445, 'lag_19': 0.2734822404769582, 'lag_20': 0.7081563787146108, 'lag_21': 0.09096483636463573, 'lag_22': 0.08879533162702524, 'lag_23': 0.24114077910326304, 'lag_24': 0.005499481300075548, 'lag_25': 0.8162451681538202, 'lag_26': 0.665105008609849, 'lag_27': 0.5997798645920996, 'lag_28': 0.5300900897083682}. Best is trial 1 with value: 0.012254496892715723.
[I 2025-09-29 11:52:58,342] Trial 24 finished with value: 0.012444358642327721 and parameters: {'lag_0': 0.041216270139417865, 'lag_1': 0.8989378038099557, 'lag_2': 0.8554406666945448, 'lag_3': 0.6751003155614079, 'lag_4': 0.1411883956718576, 'lag_5': 0.8269532083480146, 'lag_6': 0.690981289743877, 'lag_7': 0.6211519608935641, 'lag_8': 0.46480992928578835, 'lag_9': 0.446925074564872, 'lag_10': 0.5603738706800272, 'lag_11': 0.47584559866379705, 'lag_12': 0.6619024553253257, 'lag_13': 0.7545663708616919, 'lag_14': 0.4113303416362508, 'lag_15': 0.7062827867722704, 'lag_16': 0.2754039485587965, 'lag_17': 0.9092762743782198, 'lag_18': 0.152613997008945, 'lag_19': 0.08815556895658591, 'lag_20': 0.7860940231828426, 'lag_21': 0.35458164120322355, 'lag_22': 0.063642688808382, 'lag_23': 0.11514581387751399, 'lag_24': 0.19404242057404342, 'lag_25': 0.9432155854568272, 'lag_26': 0.5661828785936626, 'lag_27': 0.7873637587602017, 'lag_28': 0.3598792204796019}. Best is trial 1 with value: 0.012254496892715723.
[I 2025-09-29 11:53:00,872] Trial 25 finished with value: 0.012083311946002465 and parameters: {'lag_0': 0.18765694684256728, 'lag_1': 0.9984126771930527, 'lag_2': 0.6503521020356058, 'lag_3': 0.9950210090521623, 'lag_4': 0.29648261465655634, 'lag_5': 0.6300658122964673, 'lag_6': 0.9766997752163931, 'lag_7': 0.7208403465237742, 'lag_8': 0.32130158324853564, 'lag_9': 0.3006800470511413, 'lag_10': 0.6919999888200337, 'lag_11': 0.6199359283815438, 'lag_12': 0.762945962153456, 'lag_13': 0.00819283261148146, 'lag_14': 0.28163759233680385, 'lag_15': 0.5906197928401569, 'lag_16': 0.13343481231492998, 'lag_17': 0.9901356669379454, 'lag_18': 0.0019292900276133285, 'lag_19': 0.27793142422005945, 'lag_20': 0.9878910909185672, 'lag_21': 0.13471052270818656, 'lag_22': 0.16771769532479744, 'lag_23': 0.39700973523840677, 'lag_24': 0.23814052609234515, 'lag_25': 0.8138546854957787, 'lag_26': 0.7683965553752246, 'lag_27': 0.9955578893139412, 'lag_28': 0.7958467971710491}. Best is trial 25 with value: 0.012083311946002465.
[I 2025-09-29 11:53:03,410] Trial 26 finished with value: 0.012345645864361626 and parameters: {'lag_0': 0.14233436075947017, 'lag_1': 0.995579385906793, 'lag_2': 0.5008280363523031, 'lag_3': 0.5118913008225856, 'lag_4': 0.27301638315453214, 'lag_5': 0.6398755433329202, 'lag_6': 0.9998122445882369, 'lag_7': 0.7689646050418377, 'lag_8': 0.2926385164114753, 'lag_9': 0.33486058996644663, 'lag_10': 0.8918991026664136, 'lag_11': 0.6479667427506335, 'lag_12': 0.7778123838709982, 'lag_13': 0.0032683113913369987, 'lag_14': 0.5331885820815908, 'lag_15': 0.40344277688487457, 'lag_16': 0.10951829927068715, 'lag_17': 0.9973739822712574, 'lag_18': 0.08331088844109852, 'lag_19': 0.5172041766330241, 'lag_20': 0.9691689772649634, 'lag_21': 0.20669219065966632, 'lag_22': 0.36436413296820647, 'lag_23': 0.40250747473739, 'lag_24': 0.28843017554982586, 'lag_25': 0.9960582465599019, 'lag_26': 0.7594526008102489, 'lag_27': 0.9720123091988069, 'lag_28': 0.8195654051888437}. Best is trial 25 with value: 0.012083311946002465.
[I 2025-09-29 11:53:05,935] Trial 27 finished with value: 0.012492584114298776 and parameters: {'lag_0': 0.5753410316021792, 'lag_1': 0.24165929111943119, 'lag_2': 0.6313679949968307, 'lag_3': 0.9044377501895751, 'lag_4': 0.008362276000149587, 'lag_5': 0.49358113640746815, 'lag_6': 0.9328860572574383, 'lag_7': 0.8972574026162603, 'lag_8': 0.2174719808744364, 'lag_9': 0.22472222869765485, 'lag_10': 0.7368966359162585, 'lag_11': 0.8106082197711549, 'lag_12': 0.8741690321345148, 'lag_13': 0.016181236245622233, 'lag_14': 0.2822981464161458, 'lag_15': 0.5822528874897313, 'lag_16': 0.5447712047607365, 'lag_17': 0.6792145782957759, 'lag_18': 0.006065084195613758, 'lag_19': 0.43571491330300394, 'lag_20': 0.8971612107794305, 'lag_21': 0.09504527412389979, 'lag_22': 0.1742956740703748, 'lag_23': 0.5826476749766555, 'lag_24': 0.437853914424976, 'lag_25': 0.8825045069268255, 'lag_26': 0.804335576051278, 'lag_27': 0.8716479224273355, 'lag_28': 0.9412636810359414}. Best is trial 25 with value: 0.012083311946002465.
[I 2025-09-29 11:53:08,465] Trial 28 finished with value: 0.012547890500088987 and parameters: {'lag_0': 0.7735904535050082, 'lag_1': 0.006638535501574561, 'lag_2': 0.35696998393699797, 'lag_3': 0.8226630407409804, 'lag_4': 0.3047331915826341, 'lag_5': 0.6532251026710572, 'lag_6': 0.8877077078831141, 'lag_7': 0.7276724457232717, 'lag_8': 0.33297534807637225, 'lag_9': 0.06710820517436894, 'lag_10': 0.8274747804801823, 'lag_11': 0.6060083710319557, 'lag_12': 0.8108845425276686, 'lag_13': 0.22784359309918445, 'lag_14': 0.7517119170351386, 'lag_15': 0.8747193613333905, 'lag_16': 0.10086141192532813, 'lag_17': 0.92588608524923, 'lag_18': 0.10785746745504335, 'lag_19': 0.2814031512910117, 'lag_20': 0.5924423085214146, 'lag_21': 0.3674518652316596, 'lag_22': 0.5134654073233889, 'lag_23': 0.3894588986685277, 'lag_24': 0.28139674189913816, 'lag_25': 0.6405623829069979, 'lag_26': 0.8823546269606828, 'lag_27': 0.9066101180524965, 'lag_28': 0.7778618448974012}. Best is trial 25 with value: 0.012083311946002465.
[I 2025-09-29 11:53:10,992] Trial 29 finished with value: 0.012164317181052093 and parameters: {'lag_0': 0.005585470040018636, 'lag_1': 0.4139499786824159, 'lag_2': 0.21032764287805544, 'lag_3': 0.7045586550332212, 'lag_4': 0.5045733839082118, 'lag_5': 0.26152917887268706, 'lag_6': 0.7410830444225522, 'lag_7': 0.6828653694810316, 'lag_8': 0.3982948528361243, 'lag_9': 0.31373264097550246, 'lag_10': 0.19916200136325052, 'lag_11': 0.6665172314586831, 'lag_12': 0.9500435528131028, 'lag_13': 0.12591794798532924, 'lag_14': 0.36988758811690775, 'lag_15': 0.6259335452191438, 'lag_16': 0.35041310010904597, 'lag_17': 0.5604396347061766, 'lag_18': 0.00011092149306834846, 'lag_19': 0.11672561353080851, 'lag_20': 0.8412118805322976, 'lag_21': 0.11834793501326693, 'lag_22': 0.3492257658702237, 'lag_23': 0.20912644711976422, 'lag_24': 0.3623239886925782, 'lag_25': 0.8166424556431493, 'lag_26': 0.7229720607316407, 'lag_27': 0.7312438151060161, 'lag_28': 0.6152071719640679}. Best is trial 25 with value: 0.012083311946002465.
[I 2025-09-29 11:53:13,516] Trial 30 finished with value: 0.012183157070231949 and parameters: {'lag_0': 0.27500499496835007, 'lag_1': 0.4550901971387319, 'lag_2': 0.20281192786250607, 'lag_3': 0.6895802386030361, 'lag_4': 0.5890352644503012, 'lag_5': 0.2638843268798085, 'lag_6': 0.4893267554279462, 'lag_7': 0.8656805450731281, 'lag_8': 0.3784958774915583, 'lag_9': 0.2963702617273858, 'lag_10': 0.20060032239350362, 'lag_11': 0.6580803794612896, 'lag_12': 0.9483108547901788, 'lag_13': 0.1340364487847528, 'lag_14': 0.43737820073415745, 'lag_15': 0.40719747931226086, 'lag_16': 0.6237897624532194, 'lag_17': 0.40993041415671155, 'lag_18': 0.006321439787232476, 'lag_19': 0.10437640674683112, 'lag_20': 0.8890308283136057, 'lag_21': 0.015683692694212756, 'lag_22': 0.3526705070331638, 'lag_23': 0.05497419770118034, 'lag_24': 0.23775028681290128, 'lag_25': 0.2764123226583407, 'lag_26': 0.7220062569054833, 'lag_27': 0.6804486570851227, 'lag_28': 0.5739233491180082}. Best is trial 25 with value: 0.012083311946002465.
[I 2025-09-29 11:53:16,040] Trial 31 finished with value: 0.012754026528374162 and parameters: {'lag_0': 0.30195440814590624, 'lag_1': 0.4351323343553325, 'lag_2': 0.1984170731398078, 'lag_3': 0.688528065148319, 'lag_4': 0.5610356017271286, 'lag_5': 0.29832004117635585, 'lag_6': 0.4229105701931418, 'lag_7': 0.9260195354515313, 'lag_8': 0.3952056793977573, 'lag_9': 0.27339412971789134, 'lag_10': 0.006946329414046687, 'lag_11': 0.692485936399437, 'lag_12': 0.9546619990349638, 'lag_13': 0.12190706832620643, 'lag_14': 0.45107147551428384, 'lag_15': 0.41515953946501755, 'lag_16': 0.6460182379669662, 'lag_17': 0.3431165709066086, 'lag_18': 0.022255348805400182, 'lag_19': 0.08644016296070788, 'lag_20': 0.8835030382230109, 'lag_21': 0.011156981718476858, 'lag_22': 0.343962337642176, 'lag_23': 0.06859154408650159, 'lag_24': 0.2164763458704999, 'lag_25': 0.27687628875991643, 'lag_26': 0.7325370995639339, 'lag_27': 0.7228810235656424, 'lag_28': 0.5806552950600692}. Best is trial 25 with value: 0.012083311946002465.
[I 2025-09-29 11:53:18,563] Trial 32 finished with value: 0.012414434221676743 and parameters: {'lag_0': 0.27812264460336056, 'lag_1': 0.4871984469742434, 'lag_2': 0.0013404649509377309, 'lag_3': 0.5613451430771846, 'lag_4': 0.4526044448573903, 'lag_5': 0.09949854426070198, 'lag_6': 0.5116673323588126, 'lag_7': 0.864417638808688, 'lag_8': 0.3351351231306244, 'lag_9': 0.1526569441199167, 'lag_10': 0.2603539742665852, 'lag_11': 0.5563980915880417, 'lag_12': 0.9138185413451384, 'lag_13': 0.06968723297693916, 'lag_14': 0.40629379536333543, 'lag_15': 0.2405868839371293, 'lag_16': 0.9034061488155887, 'lag_17': 0.44957483685200095, 'lag_18': 0.003171177679016338, 'lag_19': 0.027006224929437828, 'lag_20': 0.8253685905843529, 'lag_21': 0.09372821324819222, 'lag_22': 0.4625917336266371, 'lag_23': 0.1566350792871294, 'lag_24': 0.32138754879771286, 'lag_25': 0.14155864913325067, 'lag_26': 0.6229685446363956, 'lag_27': 0.6451973982403235, 'lag_28': 0.44869108914954625}. Best is trial 25 with value: 0.012083311946002465.
[I 2025-09-29 11:53:21,090] Trial 33 finished with value: 0.012289036569556386 and parameters: {'lag_0': 0.3893423612809956, 'lag_1': 0.4001870056752589, 'lag_2': 0.13484934205200008, 'lag_3': 0.41793105592013524, 'lag_4': 0.721257520838865, 'lag_5': 0.24988106832069237, 'lag_6': 0.9712699377273342, 'lag_7': 0.7724073206449181, 'lag_8': 0.5592365333826055, 'lag_9': 0.3667676262486169, 'lag_10': 0.1912507727123493, 'lag_11': 0.5776533714542653, 'lag_12': 0.996651833325789, 'lag_13': 0.1931757338916685, 'lag_14': 0.45516550685014545, 'lag_15': 0.5718670149049114, 'lag_16': 0.7184384635527188, 'lag_17': 0.5851718475355316, 'lag_18': 0.09888992571921976, 'lag_19': 0.12167566736237738, 'lag_20': 0.9258880539707962, 'lag_21': 0.1463741579637755, 'lag_22': 0.22674446273128684, 'lag_23': 0.2059975803194488, 'lag_24': 0.13434551772868442, 'lag_25': 0.008989334432194795, 'lag_26': 0.8012897135815725, 'lag_27': 0.4812776171999872, 'lag_28': 0.5477854402145801}. Best is trial 25 with value: 0.012083311946002465.
[I 2025-09-29 11:53:23,619] Trial 34 finished with value: 0.01280873071704062 and parameters: {'lag_0': 0.17351987025098176, 'lag_1': 0.5349636754334167, 'lag_2': 0.22051044385078494, 'lag_3': 0.7414043759589851, 'lag_4': 0.9991587690454344, 'lag_5': 0.11946748207921304, 'lag_6': 0.5858410542877018, 'lag_7': 0.992493129343945, 'lag_8': 0.29545440512942744, 'lag_9': 0.2941019562295538, 'lag_10': 0.1789435360616337, 'lag_11': 0.6809905211162459, 'lag_12': 0.8833587005040925, 'lag_13': 0.08095266021393402, 'lag_14': 0.3759537130076538, 'lag_15': 0.6378725181214437, 'lag_16': 0.5292357675621772, 'lag_17': 0.36501784700358175, 'lag_18': 0.12667392300587232, 'lag_19': 0.2127055771695168, 'lag_20': 0.9852288033466053, 'lag_21': 0.04542093033679505, 'lag_22': 0.6044029339691277, 'lag_23': 0.08978234731872613, 'lag_24': 0.011647132882541461, 'lag_25': 0.5119085565086118, 'lag_26': 0.6918003903422806, 'lag_27': 0.9226089571973732, 'lag_28': 0.6273493360782144}. Best is trial 25 with value: 0.012083311946002465.
[I 2025-09-29 11:53:26,143] Trial 35 finished with value: 0.012308872069316076 and parameters: {'lag_0': 0.08646111324952115, 'lag_1': 0.39875644339100197, 'lag_2': 0.09642440360461503, 'lag_3': 0.6466145040460253, 'lag_4': 0.7825549269789552, 'lag_5': 0.4628511354318771, 'lag_6': 0.6798930137810392, 'lag_7': 0.6869929298477542, 'lag_8': 0.40428899300685384, 'lag_9': 0.2163604458241461, 'lag_10': 0.27748598626098064, 'lag_11': 0.5203571368485337, 'lag_12': 0.7018766932477206, 'lag_13': 0.14956446012482383, 'lag_14': 0.2773455054586204, 'lag_15': 0.5262673271157192, 'lag_16': 0.4716065002730183, 'lag_17': 0.5047064375026531, 'lag_18': 0.0497200187091946, 'lag_19': 0.19714910255088738, 'lag_20': 0.7866645600141475, 'lag_21': 0.23023556161858733, 'lag_22': 0.5116418962529569, 'lag_23': 0.2807222122856797, 'lag_24': 0.4726777295584159, 'lag_25': 0.34628074922971, 'lag_26': 0.7496918950277006, 'lag_27': 0.7520888546401694, 'lag_28': 0.1965038676697578}. Best is trial 25 with value: 0.012083311946002465.
[I 2025-09-29 11:53:28,674] Trial 36 finished with value: 0.01237690284059557 and parameters: {'lag_0': 0.4091258190018908, 'lag_1': 0.27778096615015113, 'lag_2': 0.2734030049140014, 'lag_3': 0.8888682859360303, 'lag_4': 0.5721825757945075, 'lag_5': 0.3875334929963605, 'lag_6': 0.8854456738183161, 'lag_7': 0.8069149769395808, 'lag_8': 0.16033225108669075, 'lag_9': 0.4263470927244685, 'lag_10': 0.10957615281973053, 'lag_11': 0.7988415765279003, 'lag_12': 0.822986741664224, 'lag_13': 0.2322860667879699, 'lag_14': 0.5615011676855484, 'lag_15': 0.44862473071560893, 'lag_16': 0.818750107257669, 'lag_17': 0.11257173795393399, 'lag_18': 0.1776118882303308, 'lag_19': 0.05110121546708711, 'lag_20': 0.9996095337490936, 'lag_21': 0.1262298855292702, 'lag_22': 0.37024970471288554, 'lag_23': 0.18696876508614643, 'lag_24': 0.2360442360123677, 'lag_25': 0.24499200347056158, 'lag_26': 0.6390834354307342, 'lag_27': 0.6612974973229844, 'lag_28': 0.7698386480107037}. Best is trial 25 with value: 0.012083311946002465.
[I 2025-09-29 11:53:31,210] Trial 37 finished with value: 0.012535938016861736 and parameters: {'lag_0': 0.10917514826152158, 'lag_1': 0.3851264504287938, 'lag_2': 0.46894042461970037, 'lag_3': 0.35448617433987045, 'lag_4': 0.3860362163202125, 'lag_5': 0.2554828616762879, 'lag_6': 0.43215781899154426, 'lag_7': 0.5428676583403846, 'lag_8': 0.25994636188544024, 'lag_9': 0.35219575620417315, 'lag_10': 0.7157287441205765, 'lag_11': 0.3743805048308715, 'lag_12': 0.9335218526378907, 'lag_13': 0.05034611734025271, 'lag_14': 0.34974992970254687, 'lag_15': 0.2799495601329709, 'lag_16': 0.6895583417802538, 'lag_17': 0.20406662087252525, 'lag_18': 0.06999818075136094, 'lag_19': 0.14403301164636342, 'lag_20': 0.9241402344599622, 'lag_21': 0.00979919155809289, 'lag_22': 0.1902376051001672, 'lag_23': 0.06313554738365978, 'lag_24': 0.5526069046315853, 'lag_25': 0.47968162126138797, 'lag_26': 0.5361553042902756, 'lag_27': 0.8442914127214713, 'lag_28': 0.6187426630084034}. Best is trial 25 with value: 0.012083311946002465.
[I 2025-09-29 11:53:33,739] Trial 38 finished with value: 0.012324280980104591 and parameters: {'lag_0': 0.23762917381975424, 'lag_1': 0.5336805502506974, 'lag_2': 0.35348344868159903, 'lag_3': 0.832657840693923, 'lag_4': 0.6128426723430312, 'lag_5': 0.9906982334987653, 'lag_6': 0.5697002659877347, 'lag_7': 0.7937918548311158, 'lag_8': 0.41829166981893073, 'lag_9': 0.5017784449448117, 'lag_10': 0.019942609117331284, 'lag_11': 0.8439576463097144, 'lag_12': 0.9466536448429974, 'lag_13': 0.2854280836334798, 'lag_14': 0.5036675383549548, 'lag_15': 0.1548126111896967, 'lag_16': 0.8076538849106436, 'lag_17': 0.42380709849316794, 'lag_18': 0.24847150148432615, 'lag_19': 0.5604192229246179, 'lag_20': 0.6451249177963583, 'lag_21': 0.244991544454899, 'lag_22': 0.2652730834568153, 'lag_23': 0.4587457525701357, 'lag_24': 0.11192077931765448, 'lag_25': 0.8105663282848502, 'lag_26': 0.954505456784154, 'lag_27': 0.6745227346163244, 'lag_28': 0.48037645913304516}. Best is trial 25 with value: 0.012083311946002465.
[I 2025-09-29 11:53:36,262] Trial 39 finished with value: 0.01261591957775087 and parameters: {'lag_0': 0.2600133341672601, 'lag_1': 0.35254273895160737, 'lag_2': 0.16247990941833768, 'lag_3': 0.5192906487378594, 'lag_4': 0.46279454781286405, 'lag_5': 0.33932024688930973, 'lag_6': 0.9313439771674706, 'lag_7': 0.0822848266647469, 'lag_8': 0.06840231538710229, 'lag_9': 0.13147217464071126, 'lag_10': 0.34716683008031657, 'lag_11': 0.0008565958917376437, 'lag_12': 0.8375630228645798, 'lag_13': 0.10609333021552073, 'lag_14': 0.0875410038121065, 'lag_15': 0.6589618766450188, 'lag_16': 0.5703878266174841, 'lag_17': 0.3682582746385229, 'lag_18': 0.40995782627958155, 'lag_19': 0.6761367849369624, 'lag_20': 0.46337840926299273, 'lag_21': 0.13468034572491963, 'lag_22': 0.28939840548596835, 'lag_23': 0.8055715203675418, 'lag_24': 0.42079256991999026, 'lag_25': 0.3984074782866218, 'lag_26': 0.8608239077355805, 'lag_27': 0.5666233562285786, 'lag_28': 0.4230193839413321}. Best is trial 25 with value: 0.012083311946002465.
[I 2025-09-29 11:53:38,885] Trial 40 finished with value: 0.012583154822494913 and parameters: {'lag_0': 0.162513198473999, 'lag_1': 0.6452059594049139, 'lag_2': 0.06792199367369098, 'lag_3': 0.9249442391944034, 'lag_4': 0.7059830147445345, 'lag_5': 0.21506276130906338, 'lag_6': 0.6917040064710901, 'lag_7': 0.7008635422667925, 'lag_8': 0.3531714809384214, 'lag_9': 0.28824423142520333, 'lag_10': 0.7814121218738228, 'lag_11': 0.7314764420708462, 'lag_12': 0.6990809126613089, 'lag_13': 0.15631848524610953, 'lag_14': 0.20070579811115594, 'lag_15': 0.5355387241291694, 'lag_16': 0.3892303036381383, 'lag_17': 0.5494041515066871, 'lag_18': 0.045826745063258706, 'lag_19': 0.22647805883935251, 'lag_20': 0.788933794081573, 'lag_21': 0.039857628034801404, 'lag_22': 0.33156449765523766, 'lag_23': 0.1832949700586656, 'lag_24': 0.06459819674858988, 'lag_25': 0.5240628648852678, 'lag_26': 0.7164279865512301, 'lag_27': 0.484117938045287, 'lag_28': 0.7080518602835462}. Best is trial 25 with value: 0.012083311946002465.
