[I 2025-09-29 12:52:02,003] Trial 40 finished with value: 0.007787745672530372 and parameters: {'lag_0': 0.36146717661570715, 'lag_1': 0.9138739491267588, 'lag_2': 0.3487406687362273, 'lag_3': 0.7983240620728332, 'lag_4': 0.06055127627493883, 'lag_5': 0.5726527221085775, 'lag_6': 0.1797496957628351, 'lag_7': 0.783711637533358, 'lag_8': 0.7163882537182227, 'lag_9': 0.2592266844577787, 'lag_10': 0.11587033669806181, 'lag_11': 0.04400143982404417, 'lag_12': 0.9933292443264709, 'lag_13': 0.4292146959694018, 'lag_14': 0.2670696242319398, 'lag_15': 0.48608881189917674, 'lag_16': 0.07832064433205019, 'lag_17': 0.5171365968467906, 'lag_18': 0.11048762538810697, 'lag_19': 0.7142019812898927, 'lag_20': 0.6511039741873568, 'lag_21': 0.7903484144973905, 'lag_22': 0.9262545004519237, 'lag_23': 0.9085041184585297, 'lag_24': 0.7069502859872454, 'lag_25': 0.29453546664333174, 'lag_26': 0.1202214393799324, 'lag_27': 0.4553180143816217, 'lag_28': 0.6006120279264479}. Best is trial 1 with value: 0.00713404537643055.
[I 2025-09-29 12:52:04,555] Trial 41 finished with value: 0.00775227724119276 and parameters: {'lag_0': 0.2783525465340778, 'lag_1': 0.7954620856693093, 'lag_2': 0.5361357748509242, 'lag_3': 0.8780242875166769, 'lag_4': 0.1938871165114681, 'lag_5': 0.4147148435717194, 'lag_6': 0.06380760659272383, 'lag_7': 0.691444825475815, 'lag_8': 0.8102966391866611, 'lag_9': 0.22079073152718043, 'lag_10': 0.5950947582781401, 'lag_11': 0.13637196095282603, 'lag_12': 0.6438074517274514, 'lag_13': 0.13763403579548805, 'lag_14': 0.640872136607342, 'lag_15': 0.7832546030822484, 'lag_16': 0.046648967595072754, 'lag_17': 0.28997606791544417, 'lag_18': 0.34479701485314423, 'lag_19': 0.9664435219590741, 'lag_20': 0.7830541199681823, 'lag_21': 0.9988424370424801, 'lag_22': 0.8381436562180153, 'lag_23': 0.8357300095232177, 'lag_24': 0.6561030827944532, 'lag_25': 0.05201505546141161, 'lag_26': 0.2018877296808753, 'lag_27': 0.3462843510060789, 'lag_28': 0.07330029848587533}. Best is trial 1 with value: 0.00713404537643055.
[I 2025-09-29 12:52:07,113] Trial 42 finished with value: 0.007827430125990624 and parameters: {'lag_0': 0.1327416393984581, 'lag_1': 0.709586416548978, 'lag_2': 0.482648880212856, 'lag_3': 0.9464520213745803, 'lag_4': 0.04616325219376383, 'lag_5': 0.6132923339778688, 'lag_6': 0.29385724585058615, 'lag_7': 0.5786916874076604, 'lag_8': 0.5467974379079583, 'lag_9': 0.06315947955179643, 'lag_10': 0.535280484580979, 'lag_11': 0.0854331750072474, 'lag_12': 0.821903491696569, 'lag_13': 0.3889145829398281, 'lag_14': 0.5489407924091826, 'lag_15': 0.662378410314911, 'lag_16': 0.1256721312622664, 'lag_17': 0.7809006156191143, 'lag_18': 0.16927161191797055, 'lag_19': 0.8995192528231468, 'lag_20': 0.8608058091207986, 'lag_21': 0.5885946389338926, 'lag_22': 0.8759121494731881, 'lag_23': 0.734473771794287, 'lag_24': 0.7525211404118909, 'lag_25': 0.17006083714307155, 'lag_26': 0.3560621781970826, 'lag_27': 0.26475856955294613, 'lag_28': 0.1593866251433743}. Best is trial 1 with value: 0.00713404537643055.
[I 2025-09-29 12:52:09,660] Trial 43 finished with value: 0.0076964433823340575 and parameters: {'lag_0': 0.45591559151549527, 'lag_1': 0.9895850497486051, 'lag_2': 0.7067295043571098, 'lag_3': 0.751816538215212, 'lag_4': 0.5786805742228947, 'lag_5': 0.4406144511864439, 'lag_6': 0.09095056589303468, 'lag_7': 0.9075869980336646, 'lag_8': 0.8774982604283085, 'lag_9': 0.30627563177525763, 'lag_10': 0.45762343684032164, 'lag_11': 0.23844207163144715, 'lag_12': 0.926323461336189, 'lag_13': 0.5472190236143282, 'lag_14': 0.643014891623527, 'lag_15': 0.9934111522578036, 'lag_16': 0.17929921012188088, 'lag_17': 0.6112247914677025, 'lag_18': 0.26183370877241213, 'lag_19': 0.7511541641256828, 'lag_20': 0.9232706193457297, 'lag_21': 0.6434844249625864, 'lag_22': 0.7796512763235206, 'lag_23': 0.9357759432432828, 'lag_24': 0.9087512625871147, 'lag_25': 0.34661790111990703, 'lag_26': 0.26008066912441113, 'lag_27': 0.5048464180874226, 'lag_28': 0.08278353721716511}. Best is trial 1 with value: 0.00713404537643055.
[I 2025-09-29 12:52:12,217] Trial 44 finished with value: 0.007914502964889443 and parameters: {'lag_0': 0.17915483987364655, 'lag_1': 0.9026626929746873, 'lag_2': 0.9890048622886498, 'lag_3': 0.29222657384449635, 'lag_4': 0.031127947182178872, 'lag_5': 0.6463307990520045, 'lag_6': 0.04623520851299868, 'lag_7': 0.8314749849793241, 'lag_8': 0.45104881143691394, 'lag_9': 0.23515249002693048, 'lag_10': 0.22198642559268217, 'lag_11': 0.1858349606366405, 'lag_12': 0.9076968728741898, 'lag_13': 0.30748210473815807, 'lag_14': 0.454324084858558, 'lag_15': 0.6070754085991912, 'lag_16': 0.06597593453624889, 'lag_17': 0.34388595961273155, 'lag_18': 0.05953714735606949, 'lag_19': 0.6567115405022812, 'lag_20': 0.5990995796611477, 'lag_21': 0.5667268307223323, 'lag_22': 0.6578358183232668, 'lag_23': 0.9870127329747025, 'lag_24': 0.5625614562395786, 'lag_25': 0.2640869171675342, 'lag_26': 0.44521397253718936, 'lag_27': 0.09535569475568301, 'lag_28': 0.8868412254299167}. Best is trial 1 with value: 0.00713404537643055.
[I 2025-09-29 12:52:14,762] Trial 45 finished with value: 0.008500090031862927 and parameters: {'lag_0': 0.05620403824000633, 'lag_1': 0.960299960043601, 'lag_2': 0.5010664606087488, 'lag_3': 0.44079854455177664, 'lag_4': 0.6847085209145453, 'lag_5': 0.5139622520860428, 'lag_6': 0.19206326646417643, 'lag_7': 0.7387299107725567, 'lag_8': 0.6420447448623678, 'lag_9': 0.10522609597893257, 'lag_10': 0.027287440891427206, 'lag_11': 0.3496361636211517, 'lag_12': 0.7494560868857951, 'lag_13': 0.25549263955851703, 'lag_14': 0.1676153143007227, 'lag_15': 0.5279873727919233, 'lag_16': 0.3547035509490162, 'lag_17': 0.7289626586318476, 'lag_18': 0.4051856094166432, 'lag_19': 0.8260624653404001, 'lag_20': 0.6674628035951299, 'lag_21': 0.7188059887968166, 'lag_22': 0.953488667743522, 'lag_23': 0.033788281291436906, 'lag_24': 0.41694382609804614, 'lag_25': 0.04191605151207291, 'lag_26': 0.07414820363931424, 'lag_27': 0.19051272316684595, 'lag_28': 0.127668566478287}. Best is trial 1 with value: 0.00713404537643055.
[I 2025-09-29 12:52:17,320] Trial 46 finished with value: 0.008111950697389141 and parameters: {'lag_0': 0.25108934513665215, 'lag_1': 0.8559555408046137, 'lag_2': 0.40473550360805893, 'lag_3': 0.6720949006722265, 'lag_4': 0.49767756308072664, 'lag_5': 0.0015760437613490386, 'lag_6': 0.11881648066813426, 'lag_7': 0.6207608829928728, 'lag_8': 0.7267005554757779, 'lag_9': 0.15699422124700876, 'lag_10': 0.6817085175350314, 'lag_11': 0.4511814320739585, 'lag_12': 0.08183916812102693, 'lag_13': 0.8227916236080722, 'lag_14': 0.41551039959836733, 'lag_15': 0.7469706216647215, 'lag_16': 0.4446364089032493, 'lag_17': 0.8544891851980507, 'lag_18': 0.3037451976093347, 'lag_19': 0.9867919492740551, 'lag_20': 0.8843986535776663, 'lag_21': 0.7767756054781356, 'lag_22': 0.6409200247053397, 'lag_23': 0.8717797846448663, 'lag_24': 0.48190134362930964, 'lag_25': 0.20815331073713783, 'lag_26': 0.18109624829923346, 'lag_27': 0.9088665861256074, 'lag_28': 0.04350717266321007}. Best is trial 1 with value: 0.00713404537643055.
[I 2025-09-29 12:52:19,872] Trial 47 finished with value: 0.007929064931994568 and parameters: {'lag_0': 0.18450801914031165, 'lag_1': 0.5794463883546996, 'lag_2': 0.32175041010197636, 'lag_3': 0.828066209640242, 'lag_4': 0.11764334289500583, 'lag_5': 0.2671204687379559, 'lag_6': 0.5508286844516973, 'lag_7': 0.6621304722955424, 'lag_8': 0.7892774718965337, 'lag_9': 0.046084858292541164, 'lag_10': 0.7334365005960315, 'lag_11': 0.047247326980506626, 'lag_12': 0.9530987432356559, 'lag_13': 0.4378667157739594, 'lag_14': 0.5170795647314822, 'lag_15': 0.34460631995403185, 'lag_16': 0.13429333725516435, 'lag_17': 0.9112332071887288, 'lag_18': 0.4452556059300539, 'lag_19': 0.5747029735192773, 'lag_20': 0.7217815674726111, 'lag_21': 0.8272247534390333, 'lag_22': 0.8260363681259388, 'lag_23': 0.57340035190738, 'lag_24': 0.30569927727250523, 'lag_25': 0.13290250642221468, 'lag_26': 0.28374359654726933, 'lag_27': 0.4247338537258515, 'lag_28': 0.3311696038645875}. Best is trial 1 with value: 0.00713404537643055.
[I 2025-09-29 12:52:22,426] Trial 48 finished with value: 0.007763196661700009 and parameters: {'lag_0': 0.13228747747027159, 'lag_1': 0.818851108467223, 'lag_2': 0.6293645675019852, 'lag_3': 0.1705092008099032, 'lag_4': 0.39807914732831373, 'lag_5': 0.4708644215188387, 'lag_6': 0.00774097756846831, 'lag_7': 0.5665787963131128, 'lag_8': 0.5645434678763237, 'lag_9': 0.3530866622274022, 'lag_10': 0.3920180288979486, 'lag_11': 0.12475838050650988, 'lag_12': 0.4983439685936171, 'lag_13': 0.37014103843486407, 'lag_14': 0.7333155077583342, 'lag_15': 0.45532422946343143, 'lag_16': 0.2567764270038031, 'lag_17': 0.6838760808934438, 'lag_18': 0.6487557345366065, 'lag_19': 0.8821502756893901, 'lag_20': 0.7892262213454653, 'lag_21': 0.5377626773786237, 'lag_22': 0.7363368778139048, 'lag_23': 0.32906102056290454, 'lag_24': 0.7532730105935118, 'lag_25': 0.42435531798048387, 'lag_26': 0.5206406654960145, 'lag_27': 0.33611846789401006, 'lag_28': 0.23682730240182664}. Best is trial 1 with value: 0.00713404537643055.
[I 2025-09-29 12:52:24,997] Trial 49 finished with value: 0.008141981578435441 and parameters: {'lag_0': 0.0018043521557585818, 'lag_1': 0.7145210689669372, 'lag_2': 0.5767157565915271, 'lag_3': 0.08795988353056536, 'lag_4': 0.617423315353115, 'lag_5': 0.16285152891123325, 'lag_6': 0.4830924734858619, 'lag_7': 0.8245556422299138, 'lag_8': 0.7038422581342993, 'lag_9': 0.28485482250295346, 'lag_10': 0.4952484113645838, 'lag_11': 0.2655397186427122, 'lag_12': 0.6835651492970167, 'lag_13': 0.518346485514517, 'lag_14': 0.21444590274508102, 'lag_15': 0.9360710626579282, 'lag_16': 0.1940193678315385, 'lag_17': 0.415985658228679, 'lag_18': 0.9055717488927353, 'lag_19': 0.9316188889637059, 'lag_20': 0.9746779540865071, 'lag_21': 0.454468456814481, 'lag_22': 0.8728294075387849, 'lag_23': 0.0018588644528835518, 'lag_24': 0.8189121112962469, 'lag_25': 0.0016335008368940085, 'lag_26': 0.35779966980486966, 'lag_27': 0.5719645450383823, 'lag_28': 0.09878286952878468}. Best is trial 1 with value: 0.00713404537643055.
[I 2025-09-29 12:52:27,551] Trial 50 finished with value: 0.007937973884398205 and parameters: {'lag_0': 0.33393907220864427, 'lag_1': 0.7813845108376136, 'lag_2': 0.7670415187569435, 'lag_3': 0.560273785509448, 'lag_4': 0.17421631593481013, 'lag_5': 0.3802522737122934, 'lag_6': 0.38081606199502577, 'lag_7': 0.45703433021280127, 'lag_8': 0.8471942326094654, 'lag_9': 0.23117453501586094, 'lag_10': 0.6379246613211882, 'lag_11': 0.3272762213889161, 'lag_12': 0.4191974450145099, 'lag_13': 0.1878309529144772, 'lag_14': 0.7799466882731481, 'lag_15': 0.5726508277079048, 'lag_16': 0.026343887899077243, 'lag_17': 0.9799298246759218, 'lag_18': 0.22642743069243726, 'lag_19': 0.8065680494715921, 'lag_20': 0.6151211162400649, 'lag_21': 0.874939388888925, 'lag_22': 0.9739626240426807, 'lag_23': 0.9950230257713999, 'lag_24': 0.6831867615372881, 'lag_25': 0.35900899077835435, 'lag_26': 0.1306949971109896, 'lag_27': 0.6710807436916548, 'lag_28': 0.03814915292308081}. Best is trial 1 with value: 0.00713404537643055.
[I 2025-09-29 12:52:30,108] Trial 51 finished with value: 0.007589047574477026 and parameters: {'lag_0': 0.5759391027219799, 'lag_1': 0.19742147578412825, 'lag_2': 0.22597030796193757, 'lag_3': 0.9298608168571272, 'lag_4': 0.265469676391486, 'lag_5': 0.9472548471793817, 'lag_6': 0.7730763489896006, 'lag_7': 0.9933970488941707, 'lag_8': 0.9125757799335208, 'lag_9': 0.5097533211812747, 'lag_10': 0.21300385027298344, 'lag_11': 0.7737408790489904, 'lag_12': 0.8079560438482123, 'lag_13': 0.620100377511021, 'lag_14': 0.3513123510761407, 'lag_15': 0.07959802448232445, 'lag_16': 0.10398166461247575, 'lag_17': 0.2017847247340145, 'lag_18': 0.05541640493657107, 'lag_19': 0.28006478238244165, 'lag_20': 0.07963418826719848, 'lag_21': 0.6251837249612637, 'lag_22': 0.06651117492554615, 'lag_23': 0.7017552200524014, 'lag_24': 0.43397344959212597, 'lag_25': 0.2897243483915077, 'lag_26': 0.8340969631749056, 'lag_27': 0.3043167314652689, 'lag_28': 0.11669472156376164}. Best is trial 1 with value: 0.00713404537643055.
[I 2025-09-29 12:52:32,662] Trial 52 finished with value: 0.009260356315930538 and parameters: {'lag_0': 0.3988402529447994, 'lag_1': 0.9500964761329187, 'lag_2': 0.23706887372378227, 'lag_3': 0.9888846747554016, 'lag_4': 0.3160581085567353, 'lag_5': 0.9359067538741824, 'lag_6': 0.8683872591905367, 'lag_7': 0.27905973935139516, 'lag_8': 0.625851111436768, 'lag_9': 0.1557127888873195, 'lag_10': 0.17068732077599189, 'lag_11': 0.699596400809991, 'lag_12': 0.8621007429333997, 'lag_13': 0.6887318999359417, 'lag_14': 0.005622826905167605, 'lag_15': 0.12534482395123986, 'lag_16': 0.6182547050402787, 'lag_17': 0.02178332468815969, 'lag_18': 0.043895460329803404, 'lag_19': 0.3550897145686583, 'lag_20': 0.5399699182821697, 'lag_21': 0.0706956231855369, 'lag_22': 0.10894245066465487, 'lag_23': 0.21458440347265323, 'lag_24': 0.5184751351744578, 'lag_25': 0.4972523963464136, 'lag_26': 0.6323127631427913, 'lag_27': 0.3707333029660561, 'lag_28': 0.2596975370471783}. Best is trial 1 with value: 0.00713404537643055.
[I 2025-09-29 12:52:35,222] Trial 53 finished with value: 0.00816675942573578 and parameters: {'lag_0': 0.21027859156449896, 'lag_1': 0.005941375651887487, 'lag_2': 0.10869798278559717, 'lag_3': 0.8521136874815657, 'lag_4': 0.08841970526706973, 'lag_5': 0.772665699015552, 'lag_6': 0.6951630786279277, 'lag_7': 0.7371668743399986, 'lag_8': 0.9845876496046372, 'lag_9': 0.3916365661934005, 'lag_10': 0.06152562426253105, 'lag_11': 0.9761578176948099, 'lag_12': 0.9491100045893602, 'lag_13': 0.7915002260428989, 'lag_14': 0.24427160447037544, 'lag_15': 0.26369152099687726, 'lag_16': 0.14194810267378927, 'lag_17': 0.07753146463931221, 'lag_18': 0.14555777945020545, 'lag_19': 0.1388858028439854, 'lag_20': 0.32261209366538524, 'lag_21': 0.17481064735607071, 'lag_22': 0.438796516361719, 'lag_23': 0.8960245847248456, 'lag_24': 0.18816640396166695, 'lag_25': 0.7795525447612375, 'lag_26': 0.036860570108827706, 'lag_27': 0.2686397906028536, 'lag_28': 0.1766032361577235}. Best is trial 1 with value: 0.00713404537643055.
[I 2025-09-29 12:52:37,776] Trial 54 finished with value: 0.007469735367115225 and parameters: {'lag_0': 0.26631199862282195, 'lag_1': 0.4750438043024736, 'lag_2': 0.46735687565781464, 'lag_3': 0.9517692155367905, 'lag_4': 0.5290386168068589, 'lag_5': 0.8529939143654754, 'lag_6': 0.7646183186887604, 'lag_7': 0.47017551481819836, 'lag_8': 0.0029303091411963245, 'lag_9': 0.3191771371826378, 'lag_10': 0.2976401239644345, 'lag_11': 0.0037281534216316026, 'lag_12': 0.33051487987342926, 'lag_13': 0.9366592133420635, 'lag_14': 0.3711092868530493, 'lag_15': 0.39489436508326564, 'lag_16': 0.9832478282973263, 'lag_17': 0.4757848147111281, 'lag_18': 0.12476824521404228, 'lag_19': 0.3444958709925736, 'lag_20': 0.062008296549634606, 'lag_21': 0.6817628705682632, 'lag_22': 0.9018327560645734, 'lag_23': 0.635778141188735, 'lag_24': 0.3179628815472777, 'lag_25': 0.5306942256826911, 'lag_26': 0.8944687549066888, 'lag_27': 0.4767789739130513, 'lag_28': 0.44703169117141534}. Best is trial 1 with value: 0.00713404537643055.
[I 2025-09-29 12:52:40,323] Trial 55 finished with value: 0.008249729361068233 and parameters: {'lag_0': 0.2702512867342165, 'lag_1': 0.8926179190975901, 'lag_2': 0.4632211893176789, 'lag_3': 0.7955969392677933, 'lag_4': 0.5339812306997251, 'lag_5': 0.8567971172280793, 'lag_6': 0.7806184268438688, 'lag_7': 0.33850928865990354, 'lag_8': 0.0010385160970392759, 'lag_9': 0.3259133607305721, 'lag_10': 0.25472059487732657, 'lag_11': 0.03145152310021756, 'lag_12': 0.28900239143753303, 'lag_13': 0.9463770587115303, 'lag_14': 0.36955780748588196, 'lag_15': 0.3184300849625374, 'lag_16': 0.9934119628189104, 'lag_17': 0.5029178311162029, 'lag_18': 0.18596699781741327, 'lag_19': 0.33979349611153137, 'lag_20': 0.1755650614967944, 'lag_21': 0.6932708328827825, 'lag_22': 0.9015359934440995, 'lag_23': 0.244532155275353, 'lag_24': 0.279819382860392, 'lag_25': 0.5621815265243557, 'lag_26': 0.21028870610902253, 'lag_27': 0.5349723319691948, 'lag_28': 0.9219440420393936}. Best is trial 1 with value: 0.00713404537643055.
[I 2025-09-29 12:52:42,879] Trial 56 finished with value: 0.007955689314004638 and parameters: {'lag_0': 0.155779791792344, 'lag_1': 0.4696889481847887, 'lag_2': 0.6677693302299709, 'lag_3': 0.9465933403102066, 'lag_4': 0.4855484957489705, 'lag_5': 0.6719369492385647, 'lag_6': 0.6693581287148483, 'lag_7': 0.3967580432871196, 'lag_8': 0.06634606689320917, 'lag_9': 0.19241556679060762, 'lag_10': 0.28458578619796165, 'lag_11': 0.10511543149624979, 'lag_12': 0.23193513166852164, 'lag_13': 0.9051378337870831, 'lag_14': 0.4277562154330709, 'lag_15': 0.41463974993709507, 'lag_16': 0.44546202797900436, 'lag_17': 0.47484202931481234, 'lag_18': 0.13566256312283886, 'lag_19': 0.4498424294854933, 'lag_20': 0.7170570528914316, 'lag_21': 0.7433724869058072, 'lag_22': 0.9969337151310683, 'lag_23': 0.14544333440909285, 'lag_24': 0.33740991347463034, 'lag_25': 0.5225788349879559, 'lag_26': 0.9560065855561146, 'lag_27': 0.4591941148768258, 'lag_28': 0.6286945679896829}. Best is trial 1 with value: 0.00713404537643055.
[I 2025-09-29 12:52:45,437] Trial 57 finished with value: 0.009475610196503163 and parameters: {'lag_0': 0.07953761853477523, 'lag_1': 0.6448273731244127, 'lag_2': 0.41553250620363863, 'lag_3': 0.024833348803976186, 'lag_4': 0.6448904198777718, 'lag_5': 0.8239432748197656, 'lag_6': 0.13211381662651356, 'lag_7': 0.944596735224679, 'lag_8': 0.04797600436463556, 'lag_9': 0.10425724165860507, 'lag_10': 0.3515618173388148, 'lag_11': 0.15060067700429222, 'lag_12': 0.3462333994129681, 'lag_13': 0.9599738203878804, 'lag_14': 0.3111666218126634, 'lag_15': 0.5151851036703452, 'lag_16': 0.6846638585863172, 'lag_17': 0.5965421479966655, 'lag_18': 0.10825645284496065, 'lag_19': 0.7407391984504038, 'lag_20': 0.2756574137707501, 'lag_21': 0.5367956593249908, 'lag_22': 0.9520385354654505, 'lag_23': 0.8277831808379436, 'lag_24': 0.39159477339223314, 'lag_25': 0.18219752566730357, 'lag_26': 0.29581733059424287, 'lag_27': 0.6074305067199086, 'lag_28': 0.5224734667651861}. Best is trial 1 with value: 0.00713404537643055.
[I 2025-09-29 12:52:47,997] Trial 58 finished with value: 0.008634911343059097 and parameters: {'lag_0': 0.31510168247213555, 'lag_1': 0.737064790672132, 'lag_2': 0.5260833743747724, 'lag_3': 0.7495609649800103, 'lag_4': 0.7311719938676322, 'lag_5': 0.9083316491738047, 'lag_6': 0.045623908636739006, 'lag_7': 0.4683638587665494, 'lag_8': 0.7734565857924862, 'lag_9': 0.022005236972628496, 'lag_10': 0.4245407201155436, 'lag_11': 0.012013227358842637, 'lag_12': 0.1779011767101855, 'lag_13': 0.8570558894424477, 'lag_14': 0.48703377997201885, 'lag_15': 0.4033436048903876, 'lag_16': 0.21195067074900342, 'lag_17': 0.35899974685138347, 'lag_18': 0.3311621006349632, 'lag_19': 0.6694198266294878, 'lag_20': 0.4503928935613769, 'lag_21': 0.6638331798293626, 'lag_22': 0.8395641145792657, 'lag_23': 0.08395815361832694, 'lag_24': 0.042518932910784124, 'lag_25': 0.24710285302084053, 'lag_26': 0.880226448579694, 'lag_27': 0.48414456831244257, 'lag_28': 0.44531248054710126}. Best is trial 1 with value: 0.00713404537643055.
[I 2025-09-29 12:52:50,557] Trial 59 finished with value: 0.007410395967902994 and parameters: {'lag_0': 0.38361158490607183, 'lag_1': 0.5791196448855763, 'lag_2': 0.3613885692328545, 'lag_3': 0.8884258385332855, 'lag_4': 0.5562557417934318, 'lag_5': 0.9568600585473219, 'lag_6': 0.27855084460481316, 'lag_7': 0.5360605224067972, 'lag_8': 0.1297542355332137, 'lag_9': 0.25841035960594877, 'lag_10': 0.5441048731941336, 'lag_11': 0.07228944940246951, 'lag_12': 0.35159194581173736, 'lag_13': 0.34781657927652243, 'lag_14': 0.3872945679777127, 'lag_15': 0.6840500112289363, 'lag_16': 0.05675977852167667, 'lag_17': 0.5580143227672231, 'lag_18': 0.27896284246990777, 'lag_19': 0.23291748735061812, 'lag_20': 0.754282419720475, 'lag_21': 0.8047662717699887, 'lag_22': 0.749286496171273, 'lag_23': 0.9398065691241626, 'lag_24': 0.2028772045165415, 'lag_25': 0.10961972360072292, 'lag_26': 0.4401307615412087, 'lag_27': 0.18277323260620904, 'lag_28': 0.04265098153710589}. Best is trial 1 with value: 0.00713404537643055.
[I 2025-09-29 12:52:53,125] Trial 60 finished with value: 0.007624253553881478 and parameters: {'lag_0': 0.43934332128497083, 'lag_1': 0.5418223176075535, 'lag_2': 0.3566113747075186, 'lag_3': 0.8843025454521547, 'lag_4': 0.44412594870874744, 'lag_5': 0.9431961454845577, 'lag_6': 0.28905359603949654, 'lag_7': 0.5448960314426847, 'lag_8': 0.1853089387161752, 'lag_9': 0.2584551162925395, 'lag_10': 0.5499860725295342, 'lag_11': 0.0703726639251256, 'lag_12': 0.3433889438259128, 'lag_13': 0.3421606269233576, 'lag_14': 0.3893095573394228, 'lag_15': 0.7203486519729092, 'lag_16': 0.10145202103750289, 'lag_17': 0.5419189183238518, 'lag_18': 0.2507317152092628, 'lag_19': 0.21825097899844548, 'lag_20': 0.7703311828435767, 'lag_21': 0.9212247540634246, 'lag_22': 0.7402622846558132, 'lag_23': 0.9587931898136585, 'lag_24': 0.16515101693191336, 'lag_25': 0.12488979330358463, 'lag_26': 0.731409897748698, 'lag_27': 0.16258678926725167, 'lag_28': 0.03914875261221408}. Best is trial 1 with value: 0.00713404537643055.
