[I 2025-09-29 13:24:39,926] Trial 66 finished with value: 0.002775193955400661 and parameters: {'lag_0': 0.5485335631458537, 'lag_1': 0.06197387485138868, 'lag_2': 0.043101648294605235, 'lag_3': 0.0008946550322181737, 'lag_4': 0.7537538990019161, 'lag_5': 0.43669096484668735, 'lag_6': 0.6037753335760176, 'lag_7': 0.414841111953153, 'lag_8': 0.6519929694727459, 'lag_9': 0.1519307408334698, 'lag_10': 0.9415891611260139, 'lag_11': 0.6626882010334365, 'lag_12': 0.930635189700107, 'lag_13': 0.7832566582494296, 'lag_14': 0.1779791013213744, 'lag_15': 0.5281283917839182, 'lag_16': 0.3123017381259144, 'lag_17': 0.07260081981809341, 'lag_18': 0.454942234520667, 'lag_19': 0.8152213345026766, 'lag_20': 0.808141333424742, 'lag_21': 0.7755289185814845, 'lag_22': 0.3032507878591085, 'lag_23': 0.6162267080624518, 'lag_24': 0.6736794278040247, 'lag_25': 0.5694807902399411, 'lag_26': 0.8252839055949595, 'lag_27': 0.833396660711285, 'lag_28': 0.3279294465682274}. Best is trial 41 with value: 0.002447916567557647.
[I 2025-09-29 13:24:42,309] Trial 67 finished with value: 0.002717399321509973 and parameters: {'lag_0': 0.2982133697682429, 'lag_1': 0.022593533154778717, 'lag_2': 0.8057883858330224, 'lag_3': 0.15558583985380905, 'lag_4': 0.17250431913004907, 'lag_5': 0.35866358235488915, 'lag_6': 0.554360972527618, 'lag_7': 0.5112184304986893, 'lag_8': 0.5745399434666882, 'lag_9': 0.22252399961670585, 'lag_10': 0.2851132540109791, 'lag_11': 0.8671860215491017, 'lag_12': 0.4620880752429183, 'lag_13': 0.9466307414608661, 'lag_14': 0.12657182053068491, 'lag_15': 0.3989879299182295, 'lag_16': 0.8324431543336953, 'lag_17': 0.218265951877456, 'lag_18': 0.039915102844702344, 'lag_19': 0.4341556130852621, 'lag_20': 0.9994963871443985, 'lag_21': 0.8345831551317254, 'lag_22': 0.6833707899391239, 'lag_23': 0.475601622308361, 'lag_24': 0.7952472863531059, 'lag_25': 0.257326840626851, 'lag_26': 0.9306874834601673, 'lag_27': 0.5668488959831428, 'lag_28': 0.12003865001286436}. Best is trial 41 with value: 0.002447916567557647.
[I 2025-09-29 13:24:44,695] Trial 68 finished with value: 0.002758993588827198 and parameters: {'lag_0': 0.6508881391104735, 'lag_1': 0.6140629177882793, 'lag_2': 0.7599889579468025, 'lag_3': 0.4839512995079596, 'lag_4': 0.08040466772763578, 'lag_5': 0.2723080972131183, 'lag_6': 0.6940459287890062, 'lag_7': 0.631951584202292, 'lag_8': 0.6924754329470757, 'lag_9': 0.7611168431854687, 'lag_10': 0.8947374314594765, 'lag_11': 0.7331950851735467, 'lag_12': 0.2809139321869421, 'lag_13': 0.36594373133719293, 'lag_14': 0.09585730190455201, 'lag_15': 0.460823064058124, 'lag_16': 0.5113183617100486, 'lag_17': 0.44888241798054485, 'lag_18': 0.5100030217687966, 'lag_19': 0.3630351603720856, 'lag_20': 0.49674933278534084, 'lag_21': 0.24670260004004219, 'lag_22': 0.3987760546533226, 'lag_23': 0.3520583660020105, 'lag_24': 0.27411403483974667, 'lag_25': 0.0794302827503503, 'lag_26': 0.9950564240525347, 'lag_27': 0.2369101496079988, 'lag_28': 0.8938728632268302}. Best is trial 41 with value: 0.002447916567557647.
[I 2025-09-29 13:24:47,086] Trial 69 finished with value: 0.0028355265723707243 and parameters: {'lag_0': 0.3878988536794983, 'lag_1': 0.2657019377231312, 'lag_2': 0.7009592354201318, 'lag_3': 0.037502977458293556, 'lag_4': 0.7140414907625257, 'lag_5': 0.32118774106833514, 'lag_6': 0.8623238355921629, 'lag_7': 0.35765553737994304, 'lag_8': 0.3071907873063223, 'lag_9': 0.3463102091674374, 'lag_10': 0.7804997907595618, 'lag_11': 0.8231809333165951, 'lag_12': 0.9913798197085053, 'lag_13': 0.9136951511336029, 'lag_14': 0.28302655571673374, 'lag_15': 0.8473206936864757, 'lag_16': 0.9543007429579415, 'lag_17': 0.14688362509706088, 'lag_18': 0.1342833208792764, 'lag_19': 0.7702161400037103, 'lag_20': 0.7228370000112418, 'lag_21': 0.4349604387114019, 'lag_22': 0.35820728397909496, 'lag_23': 0.16977256827973686, 'lag_24': 0.4420790689632768, 'lag_25': 0.1517272335666751, 'lag_26': 0.01439911109239006, 'lag_27': 0.4814532201279748, 'lag_28': 0.18504019372951164}. Best is trial 41 with value: 0.002447916567557647.
[I 2025-09-29 13:24:49,468] Trial 70 finished with value: 0.0032949798008236305 and parameters: {'lag_0': 0.43612539599853994, 'lag_1': 0.19155663449068466, 'lag_2': 0.07551163582572057, 'lag_3': 0.8007625615587103, 'lag_4': 0.24592683210380445, 'lag_5': 0.1649030208393235, 'lag_6': 0.7358155508974276, 'lag_7': 0.7167932242915543, 'lag_8': 0.8326133821244044, 'lag_9': 0.6154293227214116, 'lag_10': 0.07727779806906548, 'lag_11': 0.7787343855491855, 'lag_12': 0.4124881261125152, 'lag_13': 0.5242577564729819, 'lag_14': 0.6627048297802574, 'lag_15': 0.562675567661621, 'lag_16': 0.6065317124669483, 'lag_17': 0.6607738651406743, 'lag_18': 0.41866035492243026, 'lag_19': 0.8584695871947253, 'lag_20': 0.5415449664292766, 'lag_21': 0.4769967696241864, 'lag_22': 0.999722520027577, 'lag_23': 0.8398088535870076, 'lag_24': 0.8874205721888812, 'lag_25': 0.3705042219425593, 'lag_26': 0.7664677223351671, 'lag_27': 0.6615333300214401, 'lag_28': 0.4156187600501003}. Best is trial 41 with value: 0.002447916567557647.
[I 2025-09-29 13:24:51,857] Trial 71 finished with value: 0.00288042981302001 and parameters: {'lag_0': 0.05528952797923846, 'lag_1': 0.004402830221768697, 'lag_2': 0.6195268839954908, 'lag_3': 0.9249608932063833, 'lag_4': 0.13740626536806594, 'lag_5': 0.47106424088544424, 'lag_6': 0.8421689092372177, 'lag_7': 0.6069903410166496, 'lag_8': 0.4603707932216011, 'lag_9': 0.8186802014718421, 'lag_10': 0.318560762547876, 'lag_11': 0.6525601651167938, 'lag_12': 0.12814415847698635, 'lag_13': 0.3947121940868653, 'lag_14': 0.3648826223902695, 'lag_15': 0.1179737853282572, 'lag_16': 0.6713146901615299, 'lag_17': 0.32599594388868386, 'lag_18': 0.052402555236149326, 'lag_19': 0.16137543732613213, 'lag_20': 0.0008774670681109681, 'lag_21': 0.8995493060705921, 'lag_22': 0.7213733710508102, 'lag_23': 0.8524112668467126, 'lag_24': 0.06377018243003342, 'lag_25': 0.8098834174187457, 'lag_26': 0.8654015183526764, 'lag_27': 0.5347833858039094, 'lag_28': 0.11051757019980687}. Best is trial 41 with value: 0.002447916567557647.
[I 2025-09-29 13:24:54,257] Trial 72 finished with value: 0.0033508448030686146 and parameters: {'lag_0': 0.056891162168778986, 'lag_1': 0.001887453855599375, 'lag_2': 0.5652264790018342, 'lag_3': 0.4592379832689628, 'lag_4': 0.14381448361277382, 'lag_5': 0.4996787855192239, 'lag_6': 0.9569280930399644, 'lag_7': 0.5637331463703641, 'lag_8': 0.43567558154404895, 'lag_9': 0.5512807798359294, 'lag_10': 0.1672606409398325, 'lag_11': 0.5118946146594842, 'lag_12': 0.031519216603311834, 'lag_13': 0.3012599083318519, 'lag_14': 0.38833217887575533, 'lag_15': 0.24780921525375615, 'lag_16': 0.6376672405821291, 'lag_17': 0.3566940675958993, 'lag_18': 0.028755078647599377, 'lag_19': 0.2591733190463357, 'lag_20': 0.09928173544385788, 'lag_21': 0.9175870487482803, 'lag_22': 0.8157098256855208, 'lag_23': 0.9401598550879188, 'lag_24': 0.12194628431453375, 'lag_25': 0.8804466007161939, 'lag_26': 0.8642955198491142, 'lag_27': 0.41918676291345414, 'lag_28': 0.018437874550452607}. Best is trial 41 with value: 0.002447916567557647.
[I 2025-09-29 13:24:56,643] Trial 73 finished with value: 0.002919214256249647 and parameters: {'lag_0': 0.2664821705212776, 'lag_1': 0.04990869912051288, 'lag_2': 0.6988307301265689, 'lag_3': 0.2786593796789991, 'lag_4': 0.07285794414748153, 'lag_5': 0.4088241101803649, 'lag_6': 0.8069540240260527, 'lag_7': 0.6821339831082948, 'lag_8': 0.3600959517396605, 'lag_9': 0.8892536185079616, 'lag_10': 0.24422062841838382, 'lag_11': 0.6983462961457765, 'lag_12': 0.07248700804664365, 'lag_13': 0.4525365364974165, 'lag_14': 0.4373841470132809, 'lag_15': 0.5003093998558841, 'lag_16': 0.7399367385757606, 'lag_17': 0.4027082588534521, 'lag_18': 0.12480234688394837, 'lag_19': 0.22908306252839375, 'lag_20': 0.13370253270699137, 'lag_21': 0.961497530880024, 'lag_22': 0.6887772317927502, 'lag_23': 0.802022444728314, 'lag_24': 0.05912761659121467, 'lag_25': 0.9239701279847635, 'lag_26': 0.8841262431812588, 'lag_27': 0.4917981607071102, 'lag_28': 0.08206012043732758}. Best is trial 41 with value: 0.002447916567557647.
[I 2025-09-29 13:24:59,029] Trial 74 finished with value: 0.002712534440783512 and parameters: {'lag_0': 0.8462228509506776, 'lag_1': 0.1485757936719826, 'lag_2': 0.6706065388887106, 'lag_3': 0.6737623172059708, 'lag_4': 0.1011195668881804, 'lag_5': 0.45911073778844025, 'lag_6': 0.04238110833948999, 'lag_7': 0.0024144760693083356, 'lag_8': 0.53772952143765, 'lag_9': 0.5040253454586126, 'lag_10': 0.22583162098715276, 'lag_11': 0.5621819961942066, 'lag_12': 0.3144004271553693, 'lag_13': 0.40176502758256194, 'lag_14': 0.5585515931400851, 'lag_15': 0.0003865398066125181, 'lag_16': 0.4656882384693886, 'lag_17': 0.49033067245406237, 'lag_18': 0.06374490449663034, 'lag_19': 0.967105731948948, 'lag_20': 0.2288763743506855, 'lag_21': 0.816471619722571, 'lag_22': 0.5973793084492699, 'lag_23': 0.7482998849299088, 'lag_24': 0.042788287314540346, 'lag_25': 0.7270011158210209, 'lag_26': 0.9551542851620681, 'lag_27': 0.5346252398746152, 'lag_28': 0.044948772296481476}. Best is trial 41 with value: 0.002447916567557647.
[I 2025-09-29 13:25:01,427] Trial 75 finished with value: 0.002883920614846418 and parameters: {'lag_0': 0.08119006186301886, 'lag_1': 0.5373866276803902, 'lag_2': 0.6098466293496668, 'lag_3': 0.07240186848574406, 'lag_4': 0.19663718779870087, 'lag_5': 0.522269016115384, 'lag_6': 0.7806675811884631, 'lag_7': 0.049632999080730766, 'lag_8': 0.605854404585393, 'lag_9': 0.9489880542506522, 'lag_10': 0.6367501090821223, 'lag_11': 0.978068101684326, 'lag_12': 0.002217599629473658, 'lag_13': 0.36369406041083374, 'lag_14': 0.06149962119593158, 'lag_15': 0.197985536297894, 'lag_16': 0.5791371774532013, 'lag_17': 0.2628526486658084, 'lag_18': 0.2262038721958024, 'lag_19': 0.07831740940397028, 'lag_20': 0.36228989088215985, 'lag_21': 0.7306327635156911, 'lag_22': 0.8632053712852114, 'lag_23': 0.9853216489039767, 'lag_24': 0.20557952990471529, 'lag_25': 0.8027870543699049, 'lag_26': 0.9237043770094344, 'lag_27': 0.4397738183825008, 'lag_28': 0.46235848749571606}. Best is trial 41 with value: 0.002447916567557647.
[I 2025-09-29 13:25:03,817] Trial 76 finished with value: 0.0025928517206912235 and parameters: {'lag_0': 0.22477252201537612, 'lag_1': 0.1083382168679618, 'lag_2': 0.584388080997646, 'lag_3': 0.11959011097995513, 'lag_4': 0.031721100360742174, 'lag_5': 0.5749631795295722, 'lag_6': 0.751018789550845, 'lag_7': 0.5293176336933052, 'lag_8': 0.4146196674960226, 'lag_9': 0.42300047175258265, 'lag_10': 0.2787862644089023, 'lag_11': 0.7971166725577387, 'lag_12': 0.1487351323871749, 'lag_13': 0.47725794365373164, 'lag_14': 0.2581996244998802, 'lag_15': 0.2956155187441999, 'lag_16': 0.8063042488802282, 'lag_17': 0.315408476516403, 'lag_18': 0.002614198863513467, 'lag_19': 0.22388101813087108, 'lag_20': 0.046327708934844135, 'lag_21': 0.9906801874564158, 'lag_22': 0.5299619781094347, 'lag_23': 0.8728156987952529, 'lag_24': 0.9990433968179336, 'lag_25': 0.6571683437057352, 'lag_26': 0.8952108561054989, 'lag_27': 0.5884697513955418, 'lag_28': 0.22444856784831943}. Best is trial 41 with value: 0.002447916567557647.
[I 2025-09-29 13:25:06,371] Trial 77 finished with value: 0.002926274855973503 and parameters: {'lag_0': 0.22428389489293887, 'lag_1': 0.34893526765624183, 'lag_2': 0.7233640287432834, 'lag_3': 0.21922292532919657, 'lag_4': 0.030097576271029713, 'lag_5': 0.5622577315014302, 'lag_6': 0.6286679585216999, 'lag_7': 0.47995848597074053, 'lag_8': 0.4109326215537674, 'lag_9': 0.31875768501867857, 'lag_10': 0.3362054548951571, 'lag_11': 0.9043202045364946, 'lag_12': 0.19554249787853342, 'lag_13': 0.4727614648452649, 'lag_14': 0.24884140886037207, 'lag_15': 0.30110516955555044, 'lag_16': 0.7996928764780051, 'lag_17': 0.5460159458176801, 'lag_18': 0.3600106847560999, 'lag_19': 0.9225903256132205, 'lag_20': 0.29799712057029115, 'lag_21': 0.9952001432289423, 'lag_22': 0.5203067037154365, 'lag_23': 0.9519894430107275, 'lag_24': 0.9995994825240768, 'lag_25': 0.6399332228456834, 'lag_26': 0.9686565598891256, 'lag_27': 0.30996550015237656, 'lag_28': 0.24908761779203964}. Best is trial 41 with value: 0.002447916567557647.
[I 2025-09-29 13:25:08,783] Trial 78 finished with value: 0.0028653572353887 and parameters: {'lag_0': 0.3335271512314046, 'lag_1': 0.12433910197320228, 'lag_2': 0.864283364453153, 'lag_3': 0.11312319887347468, 'lag_4': 0.06105385585178311, 'lag_5': 0.6269858834262511, 'lag_6': 0.5021800816505454, 'lag_7': 0.43262116919093596, 'lag_8': 0.7540324398795731, 'lag_9': 0.4125129885445993, 'lag_10': 0.4785946947331199, 'lag_11': 0.7893067848271933, 'lag_12': 0.23067866189830682, 'lag_13': 0.6168882720114429, 'lag_14': 0.2132881642950265, 'lag_15': 0.39133906837251253, 'lag_16': 0.8901754904864614, 'lag_17': 0.993373063084899, 'lag_18': 0.479695719349454, 'lag_19': 0.18321639491682995, 'lag_20': 0.5981597681788089, 'lag_21': 0.36066771775897216, 'lag_22': 0.5564952321651732, 'lag_23': 0.5719322804145154, 'lag_24': 0.9177058015162418, 'lag_25': 0.6646017232294635, 'lag_26': 0.8253063228078074, 'lag_27': 0.5834653901993043, 'lag_28': 0.22691324590547232}. Best is trial 41 with value: 0.002447916567557647.
[I 2025-09-29 13:25:11,188] Trial 79 finished with value: 0.0026526769959711407 and parameters: {'lag_0': 0.2775802855337128, 'lag_1': 0.07708700866926621, 'lag_2': 0.5001645269257341, 'lag_3': 0.0819608430652603, 'lag_4': 0.031483669689212804, 'lag_5': 0.20556040377465543, 'lag_6': 0.1415806052983279, 'lag_7': 0.5405468100081846, 'lag_8': 0.7233371529422468, 'lag_9': 0.46982492777070306, 'lag_10': 0.26742818280544123, 'lag_11': 0.9543002836409425, 'lag_12': 0.16007393562925815, 'lag_13': 0.5772145869691747, 'lag_14': 0.16639617046392408, 'lag_15': 0.5946200936037, 'lag_16': 0.40920206554437355, 'lag_17': 0.18715634363340905, 'lag_18': 0.010927909675220282, 'lag_19': 0.3418709361222323, 'lag_20': 0.6398896747203606, 'lag_21': 0.5255491474869893, 'lag_22': 0.4766827766554915, 'lag_23': 0.691174940877909, 'lag_24': 0.9790552684414636, 'lag_25': 0.4815191905525751, 'lag_26': 0.9060849603322428, 'lag_27': 0.3578739442370127, 'lag_28': 0.17180094701468238}. Best is trial 41 with value: 0.002447916567557647.
[I 2025-09-29 13:25:13,589] Trial 80 finished with value: 0.0029049434390581606 and parameters: {'lag_0': 0.3038583747004753, 'lag_1': 0.09746722966771082, 'lag_2': 0.5421639137062194, 'lag_3': 0.1541004561986153, 'lag_4': 0.7868668675064081, 'lag_5': 0.6970064622013982, 'lag_6': 0.6758470581056816, 'lag_7': 0.464213821703383, 'lag_8': 0.5107791721103094, 'lag_9': 0.2821671979456823, 'lag_10': 0.8651311897478502, 'lag_11': 0.8462135849115379, 'lag_12': 0.26045823900117615, 'lag_13': 0.9780360335274199, 'lag_14': 0.13233559298306455, 'lag_15': 0.4430064087899682, 'lag_16': 0.5377513054610885, 'lag_17': 0.30209073587732627, 'lag_18': 0.08402488176444704, 'lag_19': 0.5972550028540815, 'lag_20': 0.25439447755354, 'lag_21': 0.6862204963468764, 'lag_22': 0.4436694932148156, 'lag_23': 0.7539681895619109, 'lag_24': 0.9644279226280105, 'lag_25': 0.5489457407074588, 'lag_26': 0.30977436318887347, 'lag_27': 0.923571282938952, 'lag_28': 0.5519495879977643}. Best is trial 41 with value: 0.002447916567557647.
[I 2025-09-29 13:25:15,986] Trial 81 finished with value: 0.002786787392740047 and parameters: {'lag_0': 0.214496327962373, 'lag_1': 0.07093095158587942, 'lag_2': 0.5114240576754621, 'lag_3': 0.08886245015048436, 'lag_4': 0.039817189228541605, 'lag_5': 0.24932959547864175, 'lag_6': 0.006048646935998742, 'lag_7': 0.5499065436917099, 'lag_8': 0.7283391767511265, 'lag_9': 0.47544296870750624, 'lag_10': 0.2611731044387484, 'lag_11': 0.9439423782681509, 'lag_12': 0.17904860114250398, 'lag_13': 0.5736628208113095, 'lag_14': 0.17381464032108823, 'lag_15': 0.5910250738262097, 'lag_16': 0.4218004575893251, 'lag_17': 0.24780439537074805, 'lag_18': 0.015522621149254182, 'lag_19': 0.3187755396726248, 'lag_20': 0.6477487620695506, 'lag_21': 0.509826266511031, 'lag_22': 0.4711459777893119, 'lag_23': 0.8942624399687763, 'lag_24': 0.9229936055427959, 'lag_25': 0.4789959718054567, 'lag_26': 0.8987684668472488, 'lag_27': 0.36317336997489913, 'lag_28': 0.18333132561031437}. Best is trial 41 with value: 0.002447916567557647.
[I 2025-09-29 13:25:18,382] Trial 82 finished with value: 0.002897273214099449 and parameters: {'lag_0': 0.15703321732786843, 'lag_1': 0.03613517350246608, 'lag_2': 0.36636394555331386, 'lag_3': 0.12402446374506298, 'lag_4': 0.0037650171027641026, 'lag_5': 0.2137278184691368, 'lag_6': 0.1579331832961938, 'lag_7': 0.5260964602143069, 'lag_8': 0.7924824313110387, 'lag_9': 0.36992600119734637, 'lag_10': 0.9694037905181566, 'lag_11': 0.9541561768145733, 'lag_12': 0.13142584459020995, 'lag_13': 0.6448793118847758, 'lag_14': 0.017858404427092973, 'lag_15': 0.5372338745304964, 'lag_16': 0.8223174267297585, 'lag_17': 0.1925568000734206, 'lag_18': 0.01973014165610439, 'lag_19': 0.40963761195019543, 'lag_20': 0.06495540732145383, 'lag_21': 0.1462932105308425, 'lag_22': 0.25327773190040426, 'lag_23': 0.8821539546367763, 'lag_24': 0.8454067030191265, 'lag_25': 0.21014533041597422, 'lag_26': 0.9417163710194365, 'lag_27': 0.2020470446502927, 'lag_28': 0.2697322667630561}. Best is trial 41 with value: 0.002447916567557647.
[I 2025-09-29 13:25:20,778] Trial 83 finished with value: 0.0027569413223731526 and parameters: {'lag_0': 0.3708541524760206, 'lag_1': 0.17103410477879624, 'lag_2': 0.4958714283703648, 'lag_3': 0.05595711926349316, 'lag_4': 0.11764264532854296, 'lag_5': 0.10411816700294911, 'lag_6': 0.16929147265040217, 'lag_7': 0.6476360382258161, 'lag_8': 0.679451738447756, 'lag_9': 0.5254405907403839, 'lag_10': 0.28178957764824225, 'lag_11': 0.8729668640679387, 'lag_12': 0.03847964149248717, 'lag_13': 0.5041054375043619, 'lag_14': 0.3100378226409497, 'lag_15': 0.34649623445852695, 'lag_16': 0.37546800357505716, 'lag_17': 0.12237982449682612, 'lag_18': 0.10428625323937603, 'lag_19': 0.36821973078315406, 'lag_20': 0.4400583816415682, 'lag_21': 0.5339944333140716, 'lag_22': 0.4924975175396481, 'lag_23': 0.7149375023283522, 'lag_24': 0.9791009835464349, 'lag_25': 0.4241910748687021, 'lag_26': 0.9094238724092167, 'lag_27': 0.15698061633003552, 'lag_28': 0.3777632832684776}. Best is trial 41 with value: 0.002447916567557647.
[I 2025-09-29 13:25:23,186] Trial 84 finished with value: 0.0029463150088963265 and parameters: {'lag_0': 0.2690081865541252, 'lag_1': 0.1099696250582197, 'lag_2': 0.40534384299071957, 'lag_3': 0.07544749368817626, 'lag_4': 0.06026325650738279, 'lag_5': 0.30199023170317263, 'lag_6': 0.75359731068545, 'lag_7': 0.5902495415253698, 'lag_8': 0.5693003275468631, 'lag_9': 0.5685508623667815, 'lag_10': 0.39316492594103786, 'lag_11': 0.8118194355214844, 'lag_12': 0.09160216652695197, 'lag_13': 0.5601350194366846, 'lag_14': 0.16485132830569574, 'lag_15': 0.6052364911603372, 'lag_16': 0.33281041142441875, 'lag_17': 0.16132416131998362, 'lag_18': 0.17920556551364342, 'lag_19': 0.28500150513483746, 'lag_20': 0.5408611280409853, 'lag_21': 0.42631601611665504, 'lag_22': 0.4186359611742107, 'lag_23': 0.6783077699309399, 'lag_24': 0.8657021872599355, 'lag_25': 0.6090775684584887, 'lag_26': 0.9956138005635582, 'lag_27': 0.7705610837896857, 'lag_28': 0.743103215181228}. Best is trial 41 with value: 0.002447916567557647.
[I 2025-09-29 13:25:25,588] Trial 85 finished with value: 0.0038414191385484978 and parameters: {'lag_0': 0.4107412573311093, 'lag_1': 0.051262337412556036, 'lag_2': 0.46674323856158845, 'lag_3': 0.02134165871716345, 'lag_4': 0.08766037995958016, 'lag_5': 0.27519016993025436, 'lag_6': 0.11191640073688691, 'lag_7': 0.5053245268688127, 'lag_8': 0.6188793931692733, 'lag_9': 0.429480741256555, 'lag_10': 0.12935796616253745, 'lag_11': 0.9771430835102726, 'lag_12': 0.16646159457048182, 'lag_13': 0.8807655096279576, 'lag_14': 0.27310083745237557, 'lag_15': 0.6437002122939384, 'lag_16': 0.4041356812641659, 'lag_17': 0.22611110002619345, 'lag_18': 0.006010066700977618, 'lag_19': 0.19992386937761095, 'lag_20': 0.6888403491284745, 'lag_21': 0.6281052568970458, 'lag_22': 0.37637840510197224, 'lag_23': 0.5273686923438452, 'lag_24': 0.9776822943184108, 'lag_25': 0.7088623996754466, 'lag_26': 0.8446040205285097, 'lag_27': 0.6079917964592941, 'lag_28': 0.14062542845869502}. Best is trial 41 with value: 0.002447916567557647.
[I 2025-09-29 13:25:27,990] Trial 86 finished with value: 0.0028123079947488506 and parameters: {'lag_0': 0.23989192846682827, 'lag_1': 0.7799205087439082, 'lag_2': 0.6586100950305596, 'lag_3': 0.13063028212176436, 'lag_4': 0.0273108361114238, 'lag_5': 0.35050551848712613, 'lag_6': 0.7153608940122143, 'lag_7': 0.5420853515353542, 'lag_8': 0.7065084498428982, 'lag_9': 0.46864807686289245, 'lag_10': 0.17857938038820392, 'lag_11': 0.9162517165965618, 'lag_12': 0.3226610329969064, 'lag_13': 0.530980082597621, 'lag_14': 0.11682455867423627, 'lag_15': 0.4716814561538806, 'lag_16': 0.4473209108845101, 'lag_17': 0.3115887028671724, 'lag_18': 0.5708427201318581, 'lag_19': 0.3263066304312068, 'lag_20': 0.17972509940430703, 'lag_21': 0.7548629363843568, 'lag_22': 0.5759650633246747, 'lag_23': 0.5968679614027922, 'lag_24': 0.9529469983973943, 'lag_25': 0.7510712783390542, 'lag_26': 0.814249105779279, 'lag_27': 0.5075451276266587, 'lag_28': 0.162037605969165}. Best is trial 41 with value: 0.002447916567557647.
