[I 2025-10-03 11:36:19,127] Trial 16 finished with values: [0.00865332612222823, 0.004641508788928518, 0.0008025151658335002, 0.00027415836114404684, 0.0011264794700027458, 0.0010165218105989827, 0.0004700392016704745, 0.0005692767288024096, 0.0034462061388940814, 0.0015638107925671732, 0.0003702119270130931, 0.000778459253409802, 0.0032043800903793344, 0.029280512670057796, 0.0, 0.016339346406074606, 0.002817202654802315, 0.0005106765884614322, 4.4911715327263166e-05, 0.002894836118231315, 0.004828768585656425, 0.004902006218480104, 0.00029906995032952396, 0.0016477125826439242, 0.0006244657170298394, 0.000803557248530081, 0.0011806635418688143, 0.00045377239582074653, 0.002884944115713347] and parameters: {'lag_0': 0.4776967505765728, 'lag_1': 0.22349640406624802, 'lag_2': 0.9202041918233428, 'lag_3': 0.7233538162106286, 'lag_4': 0.20410025478045055, 'lag_5': 0.7955360768575187, 'lag_6': 0.2909475324064804, 'lag_7': 0.021939147851606906, 'lag_8': 0.256885646644225, 'lag_9': 0.9373313277371463, 'lag_10': 0.3206650663481338, 'lag_11': 0.010808134771017068, 'lag_12': 0.30092487564546516, 'lag_13': 0.5019315653191575, 'lag_14': 0.9297018520958757, 'lag_15': 0.7271843924017419, 'lag_16': 0.9694916563628065, 'lag_17': 0.9211524629703911, 'lag_18': 0.35351591459213394, 'lag_19': 0.6581458668503959, 'lag_20': 0.039760988407006335, 'lag_21': 0.6151344467996465, 'lag_22': 0.7745694717285105, 'lag_23': 0.12406429057663758, 'lag_24': 0.10028701088477031, 'lag_25': 0.571726325565291, 'lag_26': 0.052099833445244347, 'lag_27': 0.5957213363918665, 'lag_28': 0.8402347083460151}.
[I 2025-10-03 11:36:21,744] Trial 17 finished with values: [0.00865332612222823, 0.0017393178656108347, 0.001174750839434013, 0.0005728667928306765, 0.0007923869490321433, 0.0010020846147179578, 0.00043277235453921114, 0.0005776718919262131, 0.002529706013757251, 0.0008399032173127243, 0.00011298586550343822, 0.00034770824131622694, 0.0035055258273281745, 0.0314050057707075, 0.0, 0.019366591483519307, 0.0015464620935532344, 0.00020730165482301527, 0.000927739159510795, 0.0030380623573380847, 0.005186566808393617, 0.0038030888907563593, 0.0002621599063918036, 0.0020173228615728766, 0.00032523291660666986, 0.0011856706141213774, 0.0006376155034274096, 0.0021983775722398155, 0.0016757050927669545] and parameters: {'lag_0': 0.2455940582690981, 'lag_1': 0.3697854470611697, 'lag_2': 0.10828434589990153, 'lag_3': 0.7067143670221306, 'lag_4': 0.3290454215471582, 'lag_5': 0.3252117745571187, 'lag_6': 0.11056626122627226, 'lag_7': 0.7740109161372811, 'lag_8': 0.5137091776360622, 'lag_9': 0.9122065333820554, 'lag_10': 0.377171639908405, 'lag_11': 0.6948087645413817, 'lag_12': 0.1066674727123889, 'lag_13': 0.8870052454844947, 'lag_14': 0.09921675053019517, 'lag_15': 0.7979406287627234, 'lag_16': 0.6142694192724514, 'lag_17': 0.8205894409302169, 'lag_18': 0.9822709876916647, 'lag_19': 0.8266754332511177, 'lag_20': 0.6522415009534198, 'lag_21': 0.8588791357438421, 'lag_22': 0.7870286256466206, 'lag_23': 0.49062102064896396, 'lag_24': 0.4720083866746601, 'lag_25': 0.10026121618933771, 'lag_26': 0.04174209246390479, 'lag_27': 0.278266318217286, 'lag_28': 0.9590501189159673}.
[I 2025-10-03 11:36:24,364] Trial 18 finished with values: [0.008007331290186886, 0.002134882197407948, 0.00021301512688620474, 0.0011096419922560314, 0.0005938369722873884, 0.0011424132548023172, 0.0005093200106814973, 0.00014392722843667078, 0.0023146662207305614, 0.00040260426359591835, 0.0008516376572611669, 0.0004159247509076773, 0.0022977501030978648, 0.029131451320162864, 0.0, 0.01500195581348801, 0.0017675939775765432, 0.0007184563310560054, 0.0004665777032993775, 0.003123319531552542, 0.004702626480580315, 0.006949001685969768, 0.00045640666124203543, 0.001277996401034218, 0.0006387601273932677, 0.0010485692583694355, 0.00020636412164610042, 0.0030220996884877155, 0.006410953964675477] and parameters: {'lag_0': 0.876397311722553, 'lag_1': 0.1378221808124245, 'lag_2': 0.5595124467022008, 'lag_3': 0.32780164431390274, 'lag_4': 0.758145614644833, 'lag_5': 0.36100400448941183, 'lag_6': 0.7566362876379933, 'lag_7': 0.8910241499972812, 'lag_8': 0.12432314312162362, 'lag_9': 0.6163930476257589, 'lag_10': 0.5578531100658543, 'lag_11': 0.0036202635648735558, 'lag_12': 0.5050144076792296, 'lag_13': 0.1823847158141648, 'lag_14': 0.9475524977804299, 'lag_15': 0.4858292531916886, 'lag_16': 0.6257103706975546, 'lag_17': 0.7419106536484759, 'lag_18': 0.8802143707415124, 'lag_19': 0.8238854651113425, 'lag_20': 0.7035906083069833, 'lag_21': 0.9800737064134175, 'lag_22': 0.08131244888768457, 'lag_23': 0.3293135805456482, 'lag_24': 0.5416490131761159, 'lag_25': 0.4374229126481465, 'lag_26': 0.31161088841286766, 'lag_27': 0.6258375714769129, 'lag_28': 0.3463328617324196}.
[I 2025-10-03 11:36:26,988] Trial 19 finished with values: [0.00865332612222823, 0.006077681380030687, 0.00034884692023112626, 0.0006097578324242039, 0.002676480802567654, 0.0016285708519481012, 0.0005576761410065288, 0.00012712530844659605, 0.002791726787092574, 0.0007130722873421917, 0.0002565297814734166, 0.0003704026656887972, 0.0020410777171771346, 0.03219027805431267, 0.0, 0.013887082244056848, 0.002843607550804255, 0.00114555694941417, 0.00016476532071650943, 0.0028776771135050607, 0.006857670250706513, 0.004941059461595009, 0.0007506407710911089, 0.002098790707539684, 0.0003850947760750505, 0.0006614256756344753, 0.0005545260241446293, 0.0015243929089508962, 0.002818260294518091] and parameters: {'lag_0': 0.6644868834801032, 'lag_1': 0.18854693007600093, 'lag_2': 0.04776021180254404, 'lag_3': 0.23085187254954545, 'lag_4': 0.5958281176327238, 'lag_5': 0.3349097212491909, 'lag_6': 0.0902995571436844, 'lag_7': 0.16765652786362706, 'lag_8': 0.845631398731708, 'lag_9': 0.8787678595112087, 'lag_10': 0.27613981762235507, 'lag_11': 0.2928877773770708, 'lag_12': 0.5278713044569211, 'lag_13': 0.1427268964361227, 'lag_14': 0.5988228911100222, 'lag_15': 0.2167262964322798, 'lag_16': 0.451315581586387, 'lag_17': 0.9748153305386952, 'lag_18': 0.2893382690069726, 'lag_19': 0.20939025063425704, 'lag_20': 0.2962721112846982, 'lag_21': 0.5372079878463708, 'lag_22': 0.4100300835310086, 'lag_23': 0.6427601940604242, 'lag_24': 0.43527509217559957, 'lag_25': 0.5127691217974738, 'lag_26': 0.7032722549573968, 'lag_27': 0.10977756438281827, 'lag_28': 0.6377290425707045}.
[I 2025-10-03 11:36:29,604] Trial 20 finished with values: [0.011205005708791538, 0.002578907825515274, 0.0005152127632585723, 0.0006328704652026253, 0.0013617259117017695, 0.001486447915100424, 0.000705108603942419, 0.00023232764580308858, 0.0012598456121207524, 0.0011616477394638188, 0.0003854054794034475, 0.0003182525049688693, 0.0031500885027985074, 0.029627612125215197, 0.0, 0.019446013256781414, 0.0025735734225127167, 0.0005587547191970431, 0.0006009507477659035, 0.002951115716570499, 0.0049282732085838814, 0.006813102502858277, 0.0005624849884991797, 0.0013586987935074743, 0.0005151864365623541, 0.001116486161222033, 0.0003084756831700463, 0.0018226876763158047, 0.005965553452858944] and parameters: {'lag_0': 0.04044175344006354, 'lag_1': 0.13071502956486933, 'lag_2': 0.5330664853725994, 'lag_3': 0.3823790319857025, 'lag_4': 0.5358122877474983, 'lag_5': 0.8578323776235842, 'lag_6': 0.8550484038828216, 'lag_7': 0.955245978804129, 'lag_8': 0.10957767406752603, 'lag_9': 0.4731818440522189, 'lag_10': 0.7859754989843684, 'lag_11': 0.43676580648983343, 'lag_12': 0.8693959461417059, 'lag_13': 0.841133651079525, 'lag_14': 0.7913664233225466, 'lag_15': 0.2316853994196989, 'lag_16': 0.6909247658981558, 'lag_17': 0.33755541656376536, 'lag_18': 0.7498554718242609, 'lag_19': 0.5517595696089244, 'lag_20': 0.1914444562547951, 'lag_21': 0.3172395861549503, 'lag_22': 0.5685621945193053, 'lag_23': 0.03189190534108551, 'lag_24': 0.26305013942795413, 'lag_25': 0.21586333828053872, 'lag_26': 0.6469583778791365, 'lag_27': 0.480535102202159, 'lag_28': 0.9506668353533154}.
[I 2025-10-03 11:36:32,219] Trial 21 finished with values: [0.00865332612222823, 0.0006890154242041924, 0.00044469664558357755, 0.0005212368116144083, 0.0014620992835944068, 0.0008484268444559542, 0.00012570724208775606, 0.00018749962480396807, 0.0020752751179598313, 0.0008843199922150656, 0.00016732153896403741, 0.0006419623053882037, 0.002472888963182723, 0.029045074488707863, 0.0, 0.01773957240846862, 0.0016638226410187365, 0.001292143998315403, 0.0008617679679704924, 0.0033386665259440944, 0.0031166735480790235, 0.006120042998715085, 0.00034917086282224507, 0.0016654267012918326, 0.00019063381575848767, 0.0006070839720735109, 0.0007946942100874455, 0.0011225080757824098, 0.0014026725917236453] and parameters: {'lag_0': 0.5050364077336442, 'lag_1': 0.06861671522834463, 'lag_2': 0.9161926949548678, 'lag_3': 0.8860985270873012, 'lag_4': 0.5906744149357054, 'lag_5': 0.08435450698124489, 'lag_6': 0.5296041210417329, 'lag_7': 0.31182401917112623, 'lag_8': 0.042620434244304006, 'lag_9': 0.8737938985674172, 'lag_10': 0.0724752640502748, 'lag_11': 0.052395523255792886, 'lag_12': 0.39429606207941376, 'lag_13': 0.8496273373474622, 'lag_14': 0.9359090676390877, 'lag_15': 0.858127748818329, 'lag_16': 0.17766891908510452, 'lag_17': 0.9691142582039424, 'lag_18': 0.3320167860849661, 'lag_19': 0.4093870727559887, 'lag_20': 0.2833149216589878, 'lag_21': 0.701148942756802, 'lag_22': 0.5379395997874156, 'lag_23': 0.23733181892577035, 'lag_24': 0.44524267369966725, 'lag_25': 0.8552134364992748, 'lag_26': 0.4208023531748432, 'lag_27': 0.14995528519814896, 'lag_28': 0.4896144645509462}.
[I 2025-10-03 11:36:34,830] Trial 22 finished with values: [0.00865332612222823, 0.001997167017439247, 0.0006242992179479283, 0.0018073915767417112, 0.001529738867131388, 0.0011678160295809507, 0.00020576861775154686, 0.000433943199638561, 0.003795998267022117, 0.0006822845020939436, 0.0005018171099570388, 0.0004991363080931656, 0.003088303444403099, 0.0272713916279404, 0.0, 0.020719951066153125, 0.0025779915885911038, 0.0005100298838011018, 9.15017591215084e-05, 0.00290814815001223, 0.005567249966665355, 0.005241673203073677, 0.000843896834183986, 0.0024694242785142624, 0.0008936535315797063, 0.001624492656398783, 0.0003259010480779487, 0.00038283625048413344, 0.0004331246284185493] and parameters: {'lag_0': 0.895755635485904, 'lag_1': 0.8206550779641595, 'lag_2': 0.22833654995365402, 'lag_3': 0.24596831774111452, 'lag_4': 0.3074171489705361, 'lag_5': 0.6576938277458504, 'lag_6': 0.2927852925089496, 'lag_7': 0.550364939708006, 'lag_8': 0.8574959716807975, 'lag_9': 0.6078263383465234, 'lag_10': 0.6360270997481329, 'lag_11': 0.10483975026045714, 'lag_12': 0.5198525423504926, 'lag_13': 0.7923905085542078, 'lag_14': 0.15507990593626697, 'lag_15': 0.1303675821978178, 'lag_16': 0.9047059463563515, 'lag_17': 0.5432335816839972, 'lag_18': 0.8310914456307157, 'lag_19': 0.8583591636138961, 'lag_20': 0.32233021514731536, 'lag_21': 0.8699585074513938, 'lag_22': 0.5232731811450451, 'lag_23': 0.17082843349414514, 'lag_24': 0.015179524142021913, 'lag_25': 0.38857319031408216, 'lag_26': 0.5522431304844481, 'lag_27': 0.21675487944065241, 'lag_28': 0.6905197038508543}.
[I 2025-10-03 11:36:37,445] Trial 23 finished with values: [0.038814692994558565, 0.001947056360069651, 0.0006365636252627266, 0.0008666456662895439, 0.0013103532869194559, 0.0010133522972291511, 0.0006039432878463376, 0.0005177406348793094, 0.003099669878776635, 0.0005236713989415015, 0.0007029465390120613, 0.00024020019174024777, 0.0021939756101750163, 0.031699877725252276, 0.0, 0.016675351433290485, 0.002649924991087867, 0.0009009768006439728, 0.0007221603324916181, 0.0021055563368877575, 0.006047906520823948, 0.005426277008290322, 0.0008873838504399921, 0.0011652619869257249, 0.000830980060784036, 0.0016100286021585625, 0.0005511144535063729, 0.0012000906956239079, 0.002185984179586714] and parameters: {'lag_0': 0.3884432783197561, 'lag_1': 0.38224129236808646, 'lag_2': 0.1714673913431386, 'lag_3': 0.9792075919920692, 'lag_4': 0.050778686582803004, 'lag_5': 0.05068849797222455, 'lag_6': 0.31852642765520023, 'lag_7': 0.31198053022811967, 'lag_8': 0.9163760492776193, 'lag_9': 0.8562310145289252, 'lag_10': 0.6055072275360548, 'lag_11': 0.42157952496008294, 'lag_12': 0.4684253330129954, 'lag_13': 0.7004745278558905, 'lag_14': 0.7592651412066305, 'lag_15': 0.013262793592100133, 'lag_16': 0.9197514693819132, 'lag_17': 0.5694523423277312, 'lag_18': 0.9409548952150055, 'lag_19': 0.054656681050016954, 'lag_20': 0.31542109884075087, 'lag_21': 0.3193536389090822, 'lag_22': 0.9012998014633793, 'lag_23': 0.08478736473699242, 'lag_24': 0.8456817358050389, 'lag_25': 0.2825121760331624, 'lag_26': 0.026828147378190195, 'lag_27': 0.2762915383317637, 'lag_28': 0.5687501181656003}.
[I 2025-10-03 11:36:40,060] Trial 24 finished with values: [0.00865332612222823, 0.0031739734179726245, 0.00042395739331848594, 0.0006780185904906671, 0.0015864786687406318, 0.0009154975611888678, 0.00034604270821752333, 0.00010876686996619736, 0.0030821000437246202, 0.0005358897068148332, 0.00035096529146361015, 0.0007185789612992027, 0.002422748407618631, 0.03400869845603473, 0.0, 0.022768066100499546, 0.0020379958653291464, 0.0008204797523033089, 0.0004157831116483728, 0.002544969083573082, 0.006132378308664705, 0.00681812543045922, 0.0004460513763439813, 0.002509490481257355, 0.0005403719941828075, 0.0009363282275439268, 0.0003408511527046382, 0.0005516586206826745, 0.0017084345377963495] and parameters: {'lag_0': 0.7352560340920852, 'lag_1': 0.8657781497646598, 'lag_2': 0.9957502721152218, 'lag_3': 0.19596590275503317, 'lag_4': 0.46294764214741796, 'lag_5': 0.9932848685259282, 'lag_6': 0.5090363075597507, 'lag_7': 0.6224911275682576, 'lag_8': 0.07673165125408873, 'lag_9': 0.7256431258688573, 'lag_10': 0.45865240534128826, 'lag_11': 0.36331248884589956, 'lag_12': 0.40625229420886655, 'lag_13': 0.029511016220574043, 'lag_14': 0.9927495806128155, 'lag_15': 0.6524890737690049, 'lag_16': 0.5397981720985082, 'lag_17': 0.022871841865346847, 'lag_18': 0.8099873868500863, 'lag_19': 0.7506925276784515, 'lag_20': 0.4280622498234818, 'lag_21': 0.9371039548328961, 'lag_22': 0.4665404026650293, 'lag_23': 0.34744601740357595, 'lag_24': 0.25842856579648626, 'lag_25': 0.0237050515989982, 'lag_26': 0.16505634592658416, 'lag_27': 0.28588477111200955, 'lag_28': 0.4167725796102886}.
[I 2025-10-03 11:36:42,676] Trial 25 finished with values: [0.007127163331530556, 0.003067274582987404, 0.0012608723872853205, 0.0011817114729027092, 0.0009325381221617527, 0.0010813855634063036, 0.000641628377322231, 9.421179662600328e-05, 0.002560601224884927, 0.00047733097304615004, 0.0006284195369063593, 0.000161645361831492, 0.0022037684250154122, 0.028263689867859522, 0.0, 0.015129626951309191, 0.002819252615058951, 0.0015653428308467245, 0.0007322982976461892, 0.002335016018944908, 0.00642290224904189, 0.006762758849765263, 0.0004993154546148853, 0.0030698995781065002, 0.0005288786980073561, 0.001062535698607941, 0.0005869732786855927, 0.0013881949377003715, 0.0014336556323928911] and parameters: {'lag_0': 0.5229097378038166, 'lag_1': 0.6375793091146601, 'lag_2': 0.2730157518018463, 'lag_3': 0.07638357811433984, 'lag_4': 0.1658264085328801, 'lag_5': 0.5649852092514597, 'lag_6': 0.7146697770238324, 'lag_7': 0.7891857657430416, 'lag_8': 0.8890413654955251, 'lag_9': 0.09677824095780356, 'lag_10': 0.8468838810405672, 'lag_11': 0.8271592892333455, 'lag_12': 0.38993476005372885, 'lag_13': 0.32322516229681103, 'lag_14': 0.28903596436880025, 'lag_15': 0.46611871741856936, 'lag_16': 0.3724092877282616, 'lag_17': 0.7433101390553672, 'lag_18': 0.8931081586624018, 'lag_19': 0.5956736238541485, 'lag_20': 0.9618231610905617, 'lag_21': 0.5745315323362776, 'lag_22': 0.823712203612666, 'lag_23': 0.47323412303193224, 'lag_24': 0.7774532430373057, 'lag_25': 0.28211581517348233, 'lag_26': 0.6142554143970841, 'lag_27': 0.40506409537744514, 'lag_28': 0.35248773494021646}.
[I 2025-10-03 11:36:45,285] Trial 26 finished with values: [0.01847244756925665, 0.0021764904495784354, 0.0006538915099450343, 0.0005333961121667471, 0.001340975369143745, 0.0008035164056361364, 0.0005480781117784583, 0.00023651628159177955, 0.0032134855444105387, 0.00116604095619824, 0.0003738194958266344, 0.00012826832713368325, 0.002449633713635339, 0.031197597406839674, 0.0, 0.015795154873158083, 0.00221923459433183, 0.0008376652958284608, 1.4013087390178232e-05, 0.001760902081584587, 0.0058678511059200395, 0.006286231765337974, 0.00010622161348712433, 0.0012454806585475054, 0.00035152421513698644, 0.0008300418404745156, 0.0006042453429565406, 0.0013882222625070319, 0.0007280469611199096] and parameters: {'lag_0': 0.5399788136488043, 'lag_1': 0.19421254752395903, 'lag_2': 0.46158543913519173, 'lag_3': 0.13997446108069383, 'lag_4': 0.958861541376297, 'lag_5': 0.7400083354779963, 'lag_6': 0.2016464962209871, 'lag_7': 0.5709728855025588, 'lag_8': 0.46135115364806445, 'lag_9': 0.24759414636871724, 'lag_10': 0.25648986574452703, 'lag_11': 0.3537402926400852, 'lag_12': 0.29528900620961096, 'lag_13': 0.11257646006781383, 'lag_14': 0.3479170564823384, 'lag_15': 0.5323474647742117, 'lag_16': 0.701906971437543, 'lag_17': 0.4554567667975314, 'lag_18': 0.35337391209718827, 'lag_19': 0.9776325241790979, 'lag_20': 0.6040799454468154, 'lag_21': 0.13962707307577923, 'lag_22': 0.16614314119579685, 'lag_23': 0.3902375047384202, 'lag_24': 0.005778921730323948, 'lag_25': 0.062147789370114344, 'lag_26': 0.11452358095589359, 'lag_27': 0.7310925573427316, 'lag_28': 0.03779707511963855}.
[I 2025-10-03 11:36:47,897] Trial 27 finished with values: [0.00865332612222823, 0.003735795221151661, 0.0009124931750326415, 0.0005005254090716152, 0.0018625562242909823, 0.001051215545602659, 0.0005309708316165144, 0.0002041544815731284, 0.00449007355770655, 0.000607229173976468, 0.00039574748990566015, 0.000299198783838995, 0.0016543423279443987, 0.02813414487587259, 0.0, 0.012236354239345432, 0.0023564185263548177, 0.0007174911334717384, 0.000304009024568257, 0.0018682125262565394, 0.006367297697440514, 0.005085539401714367, 0.0007325953905134427, 0.0011022498438691321, 0.00012220678887345764, 0.0015484395848587114, 6.900608297644194e-05, 0.0009636041595211675, 0.00306095299444795] and parameters: {'lag_0': 0.9099394182603161, 'lag_1': 0.6808931115967982, 'lag_2': 0.34147727040785897, 'lag_3': 0.17699857214242792, 'lag_4': 0.5530800011634156, 'lag_5': 0.8694547655592956, 'lag_6': 0.35493254181829764, 'lag_7': 0.8907251615744574, 'lag_8': 0.1769308029554951, 'lag_9': 0.9043980292915951, 'lag_10': 0.8066070988835518, 'lag_11': 0.5547665801553832, 'lag_12': 0.9538380241198596, 'lag_13': 0.9517451685861573, 'lag_14': 0.17541684812375538, 'lag_15': 0.33935341182439205, 'lag_16': 0.3964973117696713, 'lag_17': 0.5015305479223858, 'lag_18': 0.307001810206669, 'lag_19': 0.22162601670526852, 'lag_20': 0.8488268530068414, 'lag_21': 0.7535502830158869, 'lag_22': 0.9896649667255794, 'lag_23': 0.1702618824549204, 'lag_24': 0.9135194244835002, 'lag_25': 0.3511510354660864, 'lag_26': 0.15692762381926117, 'lag_27': 0.5408602923719301, 'lag_28': 0.706105670004224}.
[I 2025-10-03 11:36:50,516] Trial 28 finished with values: [0.006923554836431575, 0.0009850127981973745, 0.00034593654489108806, 0.0008305150912100351, 0.0007343985170361122, 0.0018908852359398078, 0.00040375033930455367, 0.000549711753023041, 0.003968587631666744, 0.00086788074319709, 0.00024063081213756779, 0.0004398210251097787, 0.0031389411881286287, 0.02611694519443879, 0.0, 0.01978773512193352, 0.004670798554692647, 0.0010651443951132723, 0.0004894268885739055, 0.0028322710904249383, 0.006846369698627326, 0.00812727831349042, 0.0005278977572300714, 0.001228111813772846, 0.0006911993948371361, 0.0006901578853373343, 0.0004749584726516249, 0.0014360268273840627, 0.0018482050619834712] and parameters: {'lag_0': 0.6287630134911396, 'lag_1': 0.1657930332555656, 'lag_2': 0.21082052770230386, 'lag_3': 0.45284996982302905, 'lag_4': 0.4094021478068414, 'lag_5': 0.3749167292412556, 'lag_6': 0.9177702972712943, 'lag_7': 0.5867837729622658, 'lag_8': 0.5975347114413843, 'lag_9': 0.5070741337541181, 'lag_10': 0.41064747891571163, 'lag_11': 0.9418548309348124, 'lag_12': 0.5116431075355791, 'lag_13': 0.3682128699945544, 'lag_14': 0.06588683969701416, 'lag_15': 0.8064694235279561, 'lag_16': 0.20423771245899855, 'lag_17': 0.6684771105318639, 'lag_18': 0.850260718475159, 'lag_19': 0.27649525473852155, 'lag_20': 0.4967439618092145, 'lag_21': 0.0679435174686539, 'lag_22': 0.18068643665808623, 'lag_23': 0.44794447855478764, 'lag_24': 0.9888210429443123, 'lag_25': 0.348045783627975, 'lag_26': 0.7499248038551283, 'lag_27': 0.1305907166103875, 'lag_28': 0.7563407030305835}.
