[I 2025-09-29 13:18:59,078] Trial 20 finished with value: 0.005190604065568352 and parameters: {'lag_0': 0.545957174101117, 'lag_1': 0.4159646963290592, 'lag_2': 0.10584949480528721, 'lag_3': 0.013115176762900915, 'lag_4': 0.21661905620378163, 'lag_5': 0.9224626588378051, 'lag_6': 0.19105654312004888, 'lag_7': 0.9989335362478539, 'lag_8': 0.5799175376463536, 'lag_9': 0.5564382931738481, 'lag_10': 0.21658316247303558, 'lag_11': 0.2309164791836984, 'lag_12': 0.5394672867930941, 'lag_13': 0.20501101552014644, 'lag_14': 0.5921898259630838, 'lag_15': 0.6126269423505966, 'lag_16': 0.6186581307137251, 'lag_17': 0.6797835054649288, 'lag_18': 0.8721770834698986, 'lag_19': 0.4307592651913309, 'lag_20': 0.3511492605990604, 'lag_21': 0.4448689209606268, 'lag_22': 0.7777971190345554, 'lag_23': 0.874130872684534, 'lag_24': 0.21635464388654332, 'lag_25': 0.18115153392189054, 'lag_26': 0.4284036742076515, 'lag_27': 0.0020603697803642795, 'lag_28': 0.8856389179626947}. Best is trial 9 with value: 0.004691917590878324.
[I 2025-09-29 13:19:01,529] Trial 21 finished with value: 0.004568878645517799 and parameters: {'lag_0': 0.6740823697068462, 'lag_1': 0.7907505475256997, 'lag_2': 0.2621608686595097, 'lag_3': 0.9833212952204871, 'lag_4': 0.9708376620531575, 'lag_5': 0.9942726815765986, 'lag_6': 0.722996935085833, 'lag_7': 0.47540014933326075, 'lag_8': 0.2926311488950101, 'lag_9': 0.4306419394898992, 'lag_10': 0.008186911764697546, 'lag_11': 0.2714920465668144, 'lag_12': 0.03472682350135455, 'lag_13': 0.49177224240565376, 'lag_14': 0.6638171406441975, 'lag_15': 0.9798453410195128, 'lag_16': 0.9996653331986713, 'lag_17': 0.34447007654666073, 'lag_18': 0.7351245849000063, 'lag_19': 0.7740959843322526, 'lag_20': 0.2111080560369777, 'lag_21': 0.33801314127534954, 'lag_22': 0.5938796515130634, 'lag_23': 0.9987348787878423, 'lag_24': 0.348054414973106, 'lag_25': 0.38577546068498486, 'lag_26': 0.6899628458017482, 'lag_27': 0.3528343231164932, 'lag_28': 0.5995166801138453}. Best is trial 21 with value: 0.004568878645517799.
[I 2025-09-29 13:19:03,978] Trial 22 finished with value: 0.005186959465384644 and parameters: {'lag_0': 0.6935411057204651, 'lag_1': 0.811234038083849, 'lag_2': 0.29603686789666517, 'lag_3': 0.9826979881706785, 'lag_4': 0.9954213437853224, 'lag_5': 0.7729872747599843, 'lag_6': 0.7632200538869118, 'lag_7': 0.43355776502275684, 'lag_8': 0.3184265110245703, 'lag_9': 0.34510240370115675, 'lag_10': 0.09263175579756257, 'lag_11': 0.3180610069299498, 'lag_12': 0.0029772945718042386, 'lag_13': 0.7123006469572422, 'lag_14': 0.435744971638304, 'lag_15': 0.8001566985733228, 'lag_16': 0.9013989295462879, 'lag_17': 0.3783029128712749, 'lag_18': 0.7310629210779144, 'lag_19': 0.8152110296170869, 'lag_20': 0.16886504466842955, 'lag_21': 0.29197793120249677, 'lag_22': 0.6234308866838174, 'lag_23': 0.9856965228531478, 'lag_24': 0.3760929701017499, 'lag_25': 0.4726990294847258, 'lag_26': 0.7533605926537952, 'lag_27': 0.3839468488190411, 'lag_28': 0.5396905300725432}. Best is trial 21 with value: 0.004568878645517799.
[I 2025-09-29 13:19:06,442] Trial 23 finished with value: 0.004939576383063205 and parameters: {'lag_0': 0.6921796083472347, 'lag_1': 0.6267543747387151, 'lag_2': 0.22358755979317788, 'lag_3': 0.8459922389167169, 'lag_4': 0.8636702985200253, 'lag_5': 0.9261125819089369, 'lag_6': 0.5921967508111914, 'lag_7': 0.17749739219789568, 'lag_8': 0.13624590650012836, 'lag_9': 0.4901180897649428, 'lag_10': 0.10525399613468606, 'lag_11': 0.08904664493400405, 'lag_12': 0.1013638449054872, 'lag_13': 0.4381913398520267, 'lag_14': 0.735027019114827, 'lag_15': 0.999447953504747, 'lag_16': 0.9893201305889419, 'lag_17': 0.5390355759009346, 'lag_18': 0.6017747206992906, 'lag_19': 0.9793048334832531, 'lag_20': 0.16188449752948775, 'lag_21': 0.5359008265715216, 'lag_22': 0.5027091155061565, 'lag_23': 0.9067856453193461, 'lag_24': 0.49777506974793573, 'lag_25': 0.5670128509517014, 'lag_26': 0.9028194338806436, 'lag_27': 0.21331243344480874, 'lag_28': 0.7139049652907583}. Best is trial 21 with value: 0.004568878645517799.
[I 2025-09-29 13:19:08,898] Trial 24 finished with value: 0.005018250176852751 and parameters: {'lag_0': 0.8242118139256741, 'lag_1': 0.9245673425979724, 'lag_2': 0.39174257216701747, 'lag_3': 0.6389964773701194, 'lag_4': 0.8243956253001026, 'lag_5': 0.976452229349532, 'lag_6': 0.8276309757153216, 'lag_7': 0.5674733796279726, 'lag_8': 0.23223665609283528, 'lag_9': 0.3932012724671244, 'lag_10': 0.34102699241346, 'lag_11': 0.4402213868237816, 'lag_12': 0.2850424677462198, 'lag_13': 0.5923684625521013, 'lag_14': 0.5952035996152345, 'lag_15': 0.8661726645391593, 'lag_16': 0.901022574024983, 'lag_17': 0.21659314556257192, 'lag_18': 0.7803527737595433, 'lag_19': 0.6733987460533213, 'lag_20': 0.3018327066066668, 'lag_21': 0.1565968971987508, 'lag_22': 0.4079981054008788, 'lag_23': 0.809600776595341, 'lag_24': 0.1478429538612067, 'lag_25': 0.3115027323599394, 'lag_26': 0.6469745194319091, 'lag_27': 0.5619794323614209, 'lag_28': 0.34468355653523874}. Best is trial 21 with value: 0.004568878645517799.
[I 2025-09-29 13:19:11,356] Trial 25 finished with value: 0.004896678842193762 and parameters: {'lag_0': 0.6154208381934765, 'lag_1': 0.4550115306082053, 'lag_2': 0.08202155135712619, 'lag_3': 0.9159039181305357, 'lag_4': 0.7286160223413636, 'lag_5': 0.7999616602132666, 'lag_6': 0.40427872118924174, 'lag_7': 0.42421681486729623, 'lag_8': 0.45641463358552714, 'lag_9': 0.27717582034915245, 'lag_10': 0.14115431289202487, 'lag_11': 0.1855443129288181, 'lag_12': 0.1005983159834243, 'lag_13': 0.8447085316381946, 'lag_14': 0.8290821836195355, 'lag_15': 0.7710903171813998, 'lag_16': 0.8031958053025074, 'lag_17': 0.3552136277259901, 'lag_18': 0.923063772261266, 'lag_19': 0.7916629093363408, 'lag_20': 0.5066206843751994, 'lag_21': 0.02681905949728247, 'lag_22': 0.010200491743063145, 'lag_23': 0.8939077852601964, 'lag_24': 0.26803918482925915, 'lag_25': 0.4339448971346372, 'lag_26': 0.46446002260512914, 'lag_27': 0.13990471934645815, 'lag_28': 0.5710506469018555}. Best is trial 21 with value: 0.004568878645517799.
[I 2025-09-29 13:19:13,826] Trial 26 finished with value: 0.004819844541132557 and parameters: {'lag_0': 0.2867454474567446, 'lag_1': 0.5611652472794681, 'lag_2': 0.5589140796482777, 'lag_3': 0.880188046589794, 'lag_4': 0.9347418091820846, 'lag_5': 0.6882981516232405, 'lag_6': 0.5083054606530425, 'lag_7': 0.7367430061211506, 'lag_8': 0.36519148395022444, 'lag_9': 0.172000775741056, 'lag_10': 0.2806545132535176, 'lag_11': 0.25666088874333204, 'lag_12': 0.06509050822897883, 'lag_13': 0.561740512832148, 'lag_14': 0.6865359759279293, 'lag_15': 0.9197965281016635, 'lag_16': 0.9200055809558506, 'lag_17': 0.010327842910797469, 'lag_18': 0.3412827947778022, 'lag_19': 0.5645537164399704, 'lag_20': 0.02486545127759876, 'lag_21': 0.5941333837997609, 'lag_22': 0.6408443508692279, 'lag_23': 0.6798086121835543, 'lag_24': 0.35307566688418934, 'lag_25': 0.7109510466673455, 'lag_26': 0.9253187130491175, 'lag_27': 0.3910348597758353, 'lag_28': 0.7059527453653118}. Best is trial 21 with value: 0.004568878645517799.
[I 2025-09-29 13:19:16,291] Trial 27 finished with value: 0.00462881245755683 and parameters: {'lag_0': 0.8875611617620764, 'lag_1': 0.14110824508466102, 'lag_2': 0.7134607583810599, 'lag_3': 0.7374927635554641, 'lag_4': 0.8966810709090072, 'lag_5': 0.9073801720267757, 'lag_6': 0.752057518225991, 'lag_7': 0.17680612898398046, 'lag_8': 0.09254624396852817, 'lag_9': 0.5518426780945734, 'lag_10': 0.039020480819007476, 'lag_11': 0.06766581707368391, 'lag_12': 0.17591214498139673, 'lag_13': 0.2875657199341707, 'lag_14': 0.4218430039920017, 'lag_15': 0.453731806366953, 'lag_16': 0.7731932896187376, 'lag_17': 0.47391307520999476, 'lag_18': 0.8038943001576488, 'lag_19': 0.9112176053043369, 'lag_20': 0.12137557040390438, 'lag_21': 0.3754353117143315, 'lag_22': 0.5092414787247235, 'lag_23': 0.923548126794024, 'lag_24': 0.49817268359854694, 'lag_25': 0.14535771254748137, 'lag_26': 0.7518698248449511, 'lag_27': 0.2590144052835147, 'lag_28': 0.44682545515367966}. Best is trial 21 with value: 0.004568878645517799.
[I 2025-09-29 13:19:18,771] Trial 28 finished with value: 0.005014604814014185 and parameters: {'lag_0': 0.9032021907197805, 'lag_1': 0.20301296440267527, 'lag_2': 0.6863134561055358, 'lag_3': 0.7470474688433816, 'lag_4': 0.6448098601935653, 'lag_5': 0.5569119606366291, 'lag_6': 0.7263820176176186, 'lag_7': 0.16953251220988264, 'lag_8': 0.06670109857423512, 'lag_9': 0.8618812695787007, 'lag_10': 0.4520530101727068, 'lag_11': 0.06552604492861745, 'lag_12': 0.21003776315520697, 'lag_13': 0.250598411051494, 'lag_14': 0.42508124094447314, 'lag_15': 0.45063743683548796, 'lag_16': 0.7708351979783841, 'lag_17': 0.5190630951988207, 'lag_18': 0.8179345773426748, 'lag_19': 0.914222893248452, 'lag_20': 0.12241192327900657, 'lag_21': 0.4611338899540405, 'lag_22': 0.4898236106491048, 'lag_23': 0.9969238047091465, 'lag_24': 0.5191793483772997, 'lag_25': 0.10796327360755059, 'lag_26': 0.6245547583061698, 'lag_27': 0.9091326577113835, 'lag_28': 0.2018379408726717}. Best is trial 21 with value: 0.004568878645517799.
[I 2025-09-29 13:19:21,244] Trial 29 finished with value: 0.004590341245834725 and parameters: {'lag_0': 0.9609017562133693, 'lag_1': 0.14050353643076802, 'lag_2': 0.894906255162383, 'lag_3': 0.6155061211352201, 'lag_4': 0.9163057425950184, 'lag_5': 0.9029612040846624, 'lag_6': 0.8410333634194507, 'lag_7': 0.026390152082159557, 'lag_8': 0.1299602990412051, 'lag_9': 0.5709665162824736, 'lag_10': 0.31714045996242685, 'lag_11': 0.510540614867075, 'lag_12': 0.3962975761405189, 'lag_13': 6.804964147177905e-05, 'lag_14': 0.2879092902183598, 'lag_15': 0.15676916801288188, 'lag_16': 0.5688372263935414, 'lag_17': 0.7132340011601968, 'lag_18': 0.9238113845578244, 'lag_19': 0.8777199895451198, 'lag_20': 0.0007764515092532898, 'lag_21': 0.9739796532414874, 'lag_22': 0.5103780848105897, 'lag_23': 0.9335112003830108, 'lag_24': 0.9982901035625656, 'lag_25': 0.22738587797093815, 'lag_26': 0.364848427950267, 'lag_27': 0.08194848515874092, 'lag_28': 0.2651412314829461}. Best is trial 21 with value: 0.004568878645517799.
[I 2025-09-29 13:19:23,721] Trial 30 finished with value: 0.004793010904681139 and parameters: {'lag_0': 0.9915468495146984, 'lag_1': 0.09166107675026541, 'lag_2': 0.8385140444319139, 'lag_3': 0.5981009177082856, 'lag_4': 0.857452206806059, 'lag_5': 0.7189358640842008, 'lag_6': 0.8148911699994212, 'lag_7': 0.0171992320538204, 'lag_8': 0.15716257744685264, 'lag_9': 0.6841984992602119, 'lag_10': 0.3062275993441091, 'lag_11': 0.7159005958132992, 'lag_12': 0.396641147909508, 'lag_13': 0.01910164663976277, 'lag_14': 0.3119654523558356, 'lag_15': 0.14496408078014483, 'lag_16': 0.544553177504848, 'lag_17': 0.7019835948291399, 'lag_18': 0.9053667866367047, 'lag_19': 0.9871806735869699, 'lag_20': 0.09838550021384752, 'lag_21': 0.9985572488858345, 'lag_22': 0.39134674293363925, 'lag_23': 0.9410113690820402, 'lag_24': 0.9951404151632238, 'lag_25': 0.24229966323638016, 'lag_26': 0.37974228568511403, 'lag_27': 0.06993028792184455, 'lag_28': 0.23477485734308914}. Best is trial 21 with value: 0.004568878645517799.
[I 2025-09-29 13:19:26,195] Trial 31 finished with value: 0.004828719515813927 and parameters: {'lag_0': 0.9970530010682932, 'lag_1': 0.13801258008232722, 'lag_2': 0.9141464899299977, 'lag_3': 0.7439633836087866, 'lag_4': 0.9263366339833813, 'lag_5': 0.8950423705673486, 'lag_6': 0.8790232927429517, 'lag_7': 0.11179719041761749, 'lag_8': 0.05331061206556261, 'lag_9': 0.5413703502311484, 'lag_10': 0.38608592210105663, 'lag_11': 0.5182077203488368, 'lag_12': 0.15732342474044797, 'lag_13': 0.08680712389758143, 'lag_14': 0.2398492511823449, 'lag_15': 0.27233967314852, 'lag_16': 0.669359822870943, 'lag_17': 0.8159456520127741, 'lag_18': 0.9305523975915988, 'lag_19': 0.8716534298081395, 'lag_20': 0.008943965876551229, 'lag_21': 0.9081183519093841, 'lag_22': 0.5119629841009053, 'lag_23': 0.8171737940837455, 'lag_24': 0.772806916727738, 'lag_25': 0.23549234574091213, 'lag_26': 0.3332832489118483, 'lag_27': 0.2419981191056147, 'lag_28': 0.10930883771611988}. Best is trial 21 with value: 0.004568878645517799.
[I 2025-09-29 13:19:28,674] Trial 32 finished with value: 0.004493081913821384 and parameters: {'lag_0': 0.9008252848845921, 'lag_1': 0.2788029406424071, 'lag_2': 0.9069971542777512, 'lag_3': 0.501776332797619, 'lag_4': 0.9458622441042905, 'lag_5': 0.8368811055189862, 'lag_6': 0.6349337862800571, 'lag_7': 0.08648297029625202, 'lag_8': 0.1268770187660439, 'lag_9': 0.5999787863482559, 'lag_10': 0.5428088546746694, 'lag_11': 0.57192493939247, 'lag_12': 0.257121013587561, 'lag_13': 0.0999218699906516, 'lag_14': 0.2871011925629748, 'lag_15': 0.1553421714231767, 'lag_16': 0.5882752090315195, 'lag_17': 0.7132992026839878, 'lag_18': 0.8723005346618091, 'lag_19': 0.8066325712170241, 'lag_20': 0.18309675843961346, 'lag_21': 0.765739733446913, 'lag_22': 0.24489622951877538, 'lag_23': 0.933319646374607, 'lag_24': 0.4931731430298655, 'lag_25': 0.1178605112263984, 'lag_26': 0.13847831914341235, 'lag_27': 0.0836367721027889, 'lag_28': 0.28186759702213765}. Best is trial 32 with value: 0.004493081913821384.
[I 2025-09-29 13:19:31,271] Trial 33 finished with value: 0.004848240534461265 and parameters: {'lag_0': 0.8862857250676002, 'lag_1': 0.25701308479920465, 'lag_2': 0.7307334852543754, 'lag_3': 0.5141558532723326, 'lag_4': 0.7172234784561218, 'lag_5': 0.8321860392805874, 'lag_6': 0.5682399937895546, 'lag_7': 0.11249126553467775, 'lag_8': 0.22000024693777476, 'lag_9': 0.6331721132095153, 'lag_10': 0.5829613122890895, 'lag_11': 0.5977986029273556, 'lag_12': 0.269377741632548, 'lag_13': 0.14627771641145315, 'lag_14': 0.1426139867247428, 'lag_15': 0.16375780175149612, 'lag_16': 0.5475808991532627, 'lag_17': 0.8626870302045109, 'lag_18': 0.9905510481276356, 'lag_19': 0.9133799141574377, 'lag_20': 0.18067459341183273, 'lag_21': 0.9236581889682737, 'lag_22': 0.17857685435420745, 'lag_23': 0.9284160929758554, 'lag_24': 0.6131187685094601, 'lag_25': 0.11677403003833747, 'lag_26': 0.13929181090102633, 'lag_27': 0.08402138318702845, 'lag_28': 0.4199375175587773}. Best is trial 32 with value: 0.004493081913821384.
[I 2025-09-29 13:19:33,751] Trial 34 finished with value: 0.005115242879071337 and parameters: {'lag_0': 0.8390218194564057, 'lag_1': 0.14427335696132831, 'lag_2': 0.8901160856611747, 'lag_3': 0.6532609774700868, 'lag_4': 0.8058244099395069, 'lag_5': 0.8535539548576478, 'lag_6': 0.6347933406270314, 'lag_7': 0.21968722550566408, 'lag_8': 0.1410959236441595, 'lag_9': 0.7672431900421902, 'lag_10': 0.15400557451028857, 'lag_11': 0.7399906480131735, 'lag_12': 0.38272280930084396, 'lag_13': 0.10664978713739426, 'lag_14': 0.3100041094735879, 'lag_15': 0.1075568162899052, 'lag_16': 0.3796996695171042, 'lag_17': 0.7354920805145908, 'lag_18': 0.7868305181950674, 'lag_19': 0.8051319275553684, 'lag_20': 0.004314496096664705, 'lag_21': 0.7788160970861416, 'lag_22': 0.24871607445465171, 'lag_23': 0.8339090974060989, 'lag_24': 0.5072932332502131, 'lag_25': 0.24414554117006632, 'lag_26': 0.08848893175226574, 'lag_27': 0.10553368450803646, 'lag_28': 0.2738245344138306}. Best is trial 32 with value: 0.004493081913821384.
[I 2025-09-29 13:19:36,229] Trial 35 finished with value: 0.00477610517127643 and parameters: {'lag_0': 0.9257224589392703, 'lag_1': 0.09041041135724698, 'lag_2': 0.9936685218556865, 'lag_3': 0.701352614962429, 'lag_4': 0.8921263876983986, 'lag_5': 0.9258201190030031, 'lag_6': 0.8937400959913937, 'lag_7': 0.07607027685765949, 'lag_8': 0.11134282920029015, 'lag_9': 0.9937956410007622, 'lag_10': 0.0008227937835154006, 'lag_11': 0.47360562555381724, 'lag_12': 0.3398252229685909, 'lag_13': 0.240655963583778, 'lag_14': 0.38595495976427546, 'lag_15': 0.009744050262821491, 'lag_16': 0.5499479213521691, 'lag_17': 0.4439129973324767, 'lag_18': 0.8935691292851466, 'lag_19': 0.9431976212234475, 'lag_20': 0.11930122401201405, 'lag_21': 0.5941671975168271, 'lag_22': 0.26319930378602874, 'lag_23': 0.9994073397824159, 'lag_24': 0.767602695955653, 'lag_25': 0.09505369895044542, 'lag_26': 0.22275818026742328, 'lag_27': 0.19186990860503103, 'lag_28': 0.3008161860511897}. Best is trial 32 with value: 0.004493081913821384.
[I 2025-09-29 13:19:38,710] Trial 36 finished with value: 0.005242890327399699 and parameters: {'lag_0': 0.7773018043275584, 'lag_1': 0.3156337433142533, 'lag_2': 0.8090488350494369, 'lag_3': 0.59923176641754, 'lag_4': 0.5092269863680492, 'lag_5': 0.5007948584426177, 'lag_6': 0.7664303521662176, 'lag_7': 0.0024687582535224475, 'lag_8': 0.6303845395092216, 'lag_9': 0.5344863075431696, 'lag_10': 0.6782355485937207, 'lag_11': 0.5660431680144127, 'lag_12': 0.5138552593221757, 'lag_13': 0.17894132753572342, 'lag_14': 0.13885527087157262, 'lag_15': 0.19571860879764114, 'lag_16': 0.44578764455291797, 'lag_17': 0.5753577075213863, 'lag_18': 0.7387818463352063, 'lag_19': 0.866902972863731, 'lag_20': 0.07758744370005119, 'lag_21': 0.92325149649198, 'lag_22': 0.5316696396869541, 'lag_23': 0.7698610929427789, 'lag_24': 0.6087495884811123, 'lag_25': 0.0038302643235465506, 'lag_26': 0.5261459201750747, 'lag_27': 0.057069599719664715, 'lag_28': 0.12225341769627779}. Best is trial 32 with value: 0.004493081913821384.
[I 2025-09-29 13:19:41,182] Trial 37 finished with value: 0.005138754648302589 and parameters: {'lag_0': 0.9556034026865041, 'lag_1': 0.01973458460944047, 'lag_2': 0.47108211478972395, 'lag_3': 0.4005378406977657, 'lag_4': 0.9291441005223273, 'lag_5': 0.8407395748114974, 'lag_6': 0.9746439402581455, 'lag_7': 0.149835027404415, 'lag_8': 0.04000291990807652, 'lag_9': 0.6071457721194802, 'lag_10': 0.8425603623486322, 'lag_11': 0.642944700904061, 'lag_12': 0.6601034138925702, 'lag_13': 0.04727035193111698, 'lag_14': 0.4797527503915934, 'lag_15': 0.4278260131105316, 'lag_16': 0.6457787225744434, 'lag_17': 0.8912766406355181, 'lag_18': 0.9560454601856748, 'lag_19': 0.2816274950695101, 'lag_20': 0.19228756987767265, 'lag_21': 0.8528767594662849, 'lag_22': 0.05308409062465419, 'lag_23': 0.937951733509597, 'lag_24': 0.5599532770261237, 'lag_25': 0.16896003040717109, 'lag_26': 0.3527451163035944, 'lag_27': 0.1303379334830569, 'lag_28': 0.4398914441161715}. Best is trial 32 with value: 0.004493081913821384.
[I 2025-09-29 13:19:43,659] Trial 38 finished with value: 0.0051971934746010435 and parameters: {'lag_0': 0.8633409495042945, 'lag_1': 0.24019069367909732, 'lag_2': 0.7512864102914546, 'lag_3': 0.5340038302550691, 'lag_4': 0.004965687807220842, 'lag_5': 0.9409205740887908, 'lag_6': 0.8615132516449937, 'lag_7': 0.31334803765820607, 'lag_8': 0.7442075351554791, 'lag_9': 0.6662772741183719, 'lag_10': 0.24172558248348475, 'lag_11': 0.7803008790341238, 'lag_12': 0.9941356713285023, 'lag_13': 0.3016665870300912, 'lag_14': 0.5511604223528925, 'lag_15': 0.2827664296351189, 'lag_16': 0.5965507650415385, 'lag_17': 0.5000217163893399, 'lag_18': 0.8463616607360995, 'lag_19': 0.6808918232729757, 'lag_20': 0.9023782590263679, 'lag_21': 0.7533360584834066, 'lag_22': 0.43763238097759016, 'lag_23': 0.8463956475806355, 'lag_24': 0.7261539025666415, 'lag_25': 0.2944124032971687, 'lag_26': 0.17112634211693417, 'lag_27': 0.5354037861537934, 'lag_28': 0.4550626930590966}. Best is trial 32 with value: 0.004493081913821384.
[I 2025-09-29 13:19:46,139] Trial 39 finished with value: 0.004730038777606195 and parameters: {'lag_0': 0.9346645544967143, 'lag_1': 0.16821106613005243, 'lag_2': 0.8617717587810315, 'lag_3': 0.4641329451704649, 'lag_4': 0.8465780886283114, 'lag_5': 0.6195851378424937, 'lag_6': 0.6417788146961936, 'lag_7': 0.24226986691886054, 'lag_8': 0.20094912603167342, 'lag_9': 0.5893623581191338, 'lag_10': 0.6423815311297638, 'lag_11': 0.37939182358380064, 'lag_12': 0.25141843205318304, 'lag_13': 0.07314785796064005, 'lag_14': 0.374234633625357, 'lag_15': 0.053916902556504456, 'lag_16': 0.4958933976668889, 'lag_17': 0.42538577856535187, 'lag_18': 0.8130218454750331, 'lag_19': 0.9966866554136324, 'lag_20': 0.4294463477894186, 'lag_21': 0.447674107395425, 'lag_22': 0.3572462783664354, 'lag_23': 0.6046233692397527, 'lag_24': 0.4525500244726255, 'lag_25': 0.19836383536861651, 'lag_26': 0.31809517185782554, 'lag_27': 0.6509210928323188, 'lag_28': 0.3501823982341654}. Best is trial 32 with value: 0.004493081913821384.
[I 2025-09-29 13:19:48,619] Trial 40 finished with value: 0.0048036379230229015 and parameters: {'lag_0': 0.641926314308179, 'lag_1': 0.44511159104630094, 'lag_2': 0.9453331627989243, 'lag_3': 0.7836267495572993, 'lag_4': 0.7693092157250517, 'lag_5': 0.7215690672011061, 'lag_6': 0.9415959860093901, 'lag_7': 0.1073812755958377, 'lag_8': 0.34905289977361514, 'lag_9': 0.7715044117791587, 'lag_10': 0.3928812522597543, 'lag_11': 0.4458966155670121, 'lag_12': 0.774070444688197, 'lag_13': 0.004548131499796104, 'lag_14': 0.27932066783882054, 'lag_15': 0.5549652167521921, 'lag_16': 0.6830217994608452, 'lag_17': 0.6487604351467555, 'lag_18': 0.14262529090311116, 'lag_19': 0.13604190229204555, 'lag_20': 0.3005299713826711, 'lag_21': 0.6008348559644778, 'lag_22': 0.23041980502713078, 'lag_23': 0.5296249986972004, 'lag_24': 0.8698656464165059, 'lag_25': 0.1330303075863909, 'lag_26': 0.2746799556971108, 'lag_27': 0.24033466104223172, 'lag_28': 0.17307792661375482}. Best is trial 32 with value: 0.004493081913821384.
