[I 2025-09-29 11:57:03,064] Trial 24 finished with value: 0.0075471648591156374 and parameters: {'lag_0': 0.9259040651166599, 'lag_1': 0.4970743087984546, 'lag_2': 0.7193110562561715, 'lag_3': 0.07896230550310837, 'lag_4': 0.5980705393972754, 'lag_5': 0.3386038532798149, 'lag_6': 0.6491336195224173, 'lag_7': 0.7493743108795581, 'lag_8': 0.44819471024618707, 'lag_9': 0.4418586804977358, 'lag_10': 0.8496968412049943, 'lag_11': 0.8129723832163915, 'lag_12': 0.9201047082379938, 'lag_13': 0.8776613197282814, 'lag_14': 0.26680088038978356, 'lag_15': 0.18836088541784052, 'lag_16': 0.6741688413662288, 'lag_17': 0.993278204292434, 'lag_18': 0.11399211499690484, 'lag_19': 0.5836377673918489, 'lag_20': 0.8977729803289479, 'lag_21': 0.8395772846080644, 'lag_22': 0.7187156536379347, 'lag_23': 0.0032939300002542415, 'lag_24': 0.4288859411397238, 'lag_25': 0.7812622217383254, 'lag_26': 0.31864388631567736, 'lag_27': 0.4043761416110414, 'lag_28': 0.27050217354901385}. Best is trial 17 with value: 0.0074903198892933755.
[I 2025-09-29 11:57:05,487] Trial 25 finished with value: 0.007542782397636037 and parameters: {'lag_0': 0.2188535816028963, 'lag_1': 0.42114834371901555, 'lag_2': 0.5687131467437138, 'lag_3': 0.22884310019995827, 'lag_4': 0.4488642902776437, 'lag_5': 0.474615653671297, 'lag_6': 0.21068545759800605, 'lag_7': 0.5387131403383536, 'lag_8': 0.5990366484154948, 'lag_9': 0.2468954123880544, 'lag_10': 0.32263533038887804, 'lag_11': 0.15648180179311733, 'lag_12': 0.47176663689339815, 'lag_13': 0.5430314512158605, 'lag_14': 0.38872397569563244, 'lag_15': 0.16098580611725632, 'lag_16': 0.4848974544191784, 'lag_17': 0.2564351913786759, 'lag_18': 0.4319908683558801, 'lag_19': 0.21028951471285956, 'lag_20': 0.21313252137383673, 'lag_21': 0.4659044525873345, 'lag_22': 0.5856992537427421, 'lag_23': 0.3405411504715349, 'lag_24': 0.0040498441323253975, 'lag_25': 0.4761822194302848, 'lag_26': 0.6265192993523819, 'lag_27': 0.5952224414987232, 'lag_28': 0.20764938807100386}. Best is trial 17 with value: 0.0074903198892933755.
[I 2025-09-29 11:57:07,899] Trial 26 finished with value: 0.007577481306993289 and parameters: {'lag_0': 0.7889495686375017, 'lag_1': 0.8673553843950552, 'lag_2': 0.8467843974290304, 'lag_3': 0.3236461839453802, 'lag_4': 0.5258858002585093, 'lag_5': 0.20180527499599937, 'lag_6': 0.5288340236872, 'lag_7': 0.07601216865617604, 'lag_8': 0.2573867606450607, 'lag_9': 0.6968370582268163, 'lag_10': 0.4751243274569972, 'lag_11': 0.45409681094041393, 'lag_12': 0.6064074583350483, 'lag_13': 0.809734698944694, 'lag_14': 0.524508570423849, 'lag_15': 0.49715740013408494, 'lag_16': 0.9959347209971952, 'lag_17': 0.8216700862434343, 'lag_18': 0.27673964627067804, 'lag_19': 0.04379121997210875, 'lag_20': 0.6928832154210377, 'lag_21': 0.676824497847414, 'lag_22': 0.3201578432828096, 'lag_23': 0.20617725656593722, 'lag_24': 0.5618531145296988, 'lag_25': 0.6095824045923821, 'lag_26': 0.41960132882222145, 'lag_27': 0.7420441626467534, 'lag_28': 0.3969383959663826}. Best is trial 17 with value: 0.0074903198892933755.
[I 2025-09-29 11:57:10,299] Trial 27 finished with value: 0.00761739710969922 and parameters: {'lag_0': 0.08785192678543202, 'lag_1': 0.6720536648797838, 'lag_2': 0.28346191211946015, 'lag_3': 0.6985883732309, 'lag_4': 0.9529030531701401, 'lag_5': 0.09626017867787734, 'lag_6': 0.04090576667639212, 'lag_7': 0.24489132086494786, 'lag_8': 0.10700980226879071, 'lag_9': 0.4914057443064878, 'lag_10': 0.6099641262260584, 'lag_11': 0.32676150244310076, 'lag_12': 0.8082993197787336, 'lag_13': 0.9981562880461508, 'lag_14': 0.11864811181679752, 'lag_15': 0.2778200756401813, 'lag_16': 0.7915598492113294, 'lag_17': 0.6611238614040528, 'lag_18': 0.7194752866582498, 'lag_19': 0.8695937673789881, 'lag_20': 0.4618577741325665, 'lag_21': 0.5826032314794881, 'lag_22': 0.5040863583266367, 'lag_23': 0.5008140303005271, 'lag_24': 0.2594051222386625, 'lag_25': 0.8914642393272869, 'lag_26': 0.534654163549523, 'lag_27': 0.11605368772744284, 'lag_28': 0.0677525271820747}. Best is trial 17 with value: 0.0074903198892933755.
[I 2025-09-29 11:57:12,709] Trial 28 finished with value: 0.007541686915484465 and parameters: {'lag_0': 0.36317628716335804, 'lag_1': 0.5474927371181456, 'lag_2': 0.9974646943488197, 'lag_3': 0.8427348233395375, 'lag_4': 0.3930049451576827, 'lag_5': 0.24079707502472314, 'lag_6': 0.19400196883513252, 'lag_7': 0.9074006658079835, 'lag_8': 0.37778120486146655, 'lag_9': 0.5449309304488332, 'lag_10': 0.7504185143961736, 'lag_11': 0.8934367483935896, 'lag_12': 0.24423794049453595, 'lag_13': 0.6806175628884893, 'lag_14': 0.5597054173642297, 'lag_15': 0.6806287635904985, 'lag_16': 0.28638269390971305, 'lag_17': 0.38425426929436723, 'lag_18': 0.1440214749138338, 'lag_19': 0.4720430334658594, 'lag_20': 0.5607009157742093, 'lag_21': 0.8650533101256688, 'lag_22': 0.7278255264171036, 'lag_23': 0.140443969500722, 'lag_24': 0.1595202761998524, 'lag_25': 0.15333045931372932, 'lag_26': 0.3157771279723466, 'lag_27': 0.2585405896548534, 'lag_28': 0.5576251881713234}. Best is trial 17 with value: 0.0074903198892933755.
[I 2025-09-29 11:57:15,118] Trial 29 finished with value: 0.007549917533345341 and parameters: {'lag_0': 0.48222340494536153, 'lag_1': 0.13100829628632849, 'lag_2': 0.6735271184329861, 'lag_3': 0.06386757508586072, 'lag_4': 0.8652110069509551, 'lag_5': 0.3610205178204042, 'lag_6': 0.7720175179386568, 'lag_7': 0.793453517140779, 'lag_8': 0.6278843326054102, 'lag_9': 0.39969931095741784, 'lag_10': 0.26358081164441827, 'lag_11': 0.4897343699234942, 'lag_12': 0.4182557703375232, 'lag_13': 0.4773195706305353, 'lag_14': 0.7023216582508857, 'lag_15': 0.0951242870278434, 'lag_16': 0.10700034352164539, 'lag_17': 0.22390683712230358, 'lag_18': 0.23439441006501938, 'lag_19': 0.10416874600829762, 'lag_20': 0.6528804647228059, 'lag_21': 0.8847236885305222, 'lag_22': 0.6341569375392201, 'lag_23': 0.28220420459816575, 'lag_24': 0.34049895289844584, 'lag_25': 0.32032883184876343, 'lag_26': 0.16106673060180182, 'lag_27': 0.37858368378166224, 'lag_28': 0.18976581406579554}. Best is trial 17 with value: 0.0074903198892933755.
[I 2025-09-29 11:57:17,532] Trial 30 finished with value: 0.0075810280091566885 and parameters: {'lag_0': 0.6830596344870424, 'lag_1': 0.7638627211891409, 'lag_2': 0.3735897665660839, 'lag_3': 0.41347270185520646, 'lag_4': 0.6886181383031629, 'lag_5': 0.617632476179432, 'lag_6': 0.30534713240082784, 'lag_7': 0.6019889723740731, 'lag_8': 0.49963981568989224, 'lag_9': 0.7794176485717939, 'lag_10': 0.08598585979223361, 'lag_11': 0.6196643514821656, 'lag_12': 0.9822769547782244, 'lag_13': 0.3161689448891913, 'lag_14': 0.44113215767080177, 'lag_15': 0.7791209993304192, 'lag_16': 0.9015742920339719, 'lag_17': 0.5349592922648042, 'lag_18': 0.5335635155081466, 'lag_19': 0.6452076804596554, 'lag_20': 0.8546298860575559, 'lag_21': 0.7275099863467679, 'lag_22': 0.9910003847223021, 'lag_23': 0.30956640787911954, 'lag_24': 0.18289245522573236, 'lag_25': 0.4592008478458773, 'lag_26': 0.35747055958506335, 'lag_27': 0.7191954617657677, 'lag_28': 0.3002309239364199}. Best is trial 17 with value: 0.0074903198892933755.
[I 2025-09-29 11:57:19,939] Trial 31 finished with value: 0.007564449156063963 and parameters: {'lag_0': 0.00731551357522622, 'lag_1': 0.8737453715526466, 'lag_2': 0.12166696656730991, 'lag_3': 0.9625238389293221, 'lag_4': 0.7953239259288651, 'lag_5': 0.12059855933356697, 'lag_6': 0.31744147670776357, 'lag_7': 0.19640642456159468, 'lag_8': 0.7533344907867209, 'lag_9': 0.5761307516747466, 'lag_10': 0.13256654072955282, 'lag_11': 0.7159628733261635, 'lag_12': 0.24348945093323435, 'lag_13': 0.3552971333910159, 'lag_14': 0.7166312229575694, 'lag_15': 0.879184314007676, 'lag_16': 0.3917371327238548, 'lag_17': 0.3232484248138988, 'lag_18': 0.3757641599372051, 'lag_19': 0.5276615046573778, 'lag_20': 0.7299266522435839, 'lag_21': 0.9541717312656739, 'lag_22': 0.3896474245515497, 'lag_23': 0.8159193335483811, 'lag_24': 0.6293154742464794, 'lag_25': 0.9179751268434254, 'lag_26': 0.041976477739303894, 'lag_27': 0.6378762040620094, 'lag_28': 0.33029107576839767}. Best is trial 17 with value: 0.0074903198892933755.
[I 2025-09-29 11:57:22,342] Trial 32 finished with value: 0.007499422891873114 and parameters: {'lag_0': 0.046085349024929306, 'lag_1': 0.9359734315201399, 'lag_2': 0.4372245698203798, 'lag_3': 0.8912915627550744, 'lag_4': 0.7905020755433761, 'lag_5': 0.06226396255224098, 'lag_6': 0.41009180470581696, 'lag_7': 0.13306629975729473, 'lag_8': 0.7040140271896578, 'lag_9': 0.6201452167707042, 'lag_10': 0.3167213168741265, 'lag_11': 0.7809180264899162, 'lag_12': 0.3180283016624962, 'lag_13': 0.12739466725247287, 'lag_14': 0.8040541785704542, 'lag_15': 0.8761545397314697, 'lag_16': 0.3607460145775601, 'lag_17': 0.3233694296894334, 'lag_18': 0.32819385938344425, 'lag_19': 0.5613725363887473, 'lag_20': 0.7870540790068173, 'lag_21': 0.9292617701698781, 'lag_22': 0.376801768494335, 'lag_23': 0.5671194788796908, 'lag_24': 0.8106724528427043, 'lag_25': 0.9297329334617723, 'lag_26': 0.13913775495111286, 'lag_27': 0.8522565799782811, 'lag_28': 0.41272585842175696}. Best is trial 17 with value: 0.0074903198892933755.
[I 2025-09-29 11:57:24,746] Trial 33 finished with value: 0.007555788803743771 and parameters: {'lag_0': 0.08341374952840402, 'lag_1': 0.9200095077348421, 'lag_2': 0.23825830918971233, 'lag_3': 0.8996453341922516, 'lag_4': 0.8399200629546995, 'lag_5': 0.07113257455738468, 'lag_6': 0.40556501293313524, 'lag_7': 0.14016348238694237, 'lag_8': 0.6898371928035086, 'lag_9': 0.631503548870399, 'lag_10': 0.3282776544335505, 'lag_11': 0.7824031839627225, 'lag_12': 0.36330535947756704, 'lag_13': 0.12008069137411687, 'lag_14': 0.1769428614053829, 'lag_15': 0.9480387834326899, 'lag_16': 0.3165905285350011, 'lag_17': 0.3282919391587045, 'lag_18': 0.3342583724858083, 'lag_19': 0.6646785302027548, 'lag_20': 0.9328249526683712, 'lag_21': 0.9165019943017062, 'lag_22': 0.4739792285050451, 'lag_23': 0.5695857454664867, 'lag_24': 0.9228805758077333, 'lag_25': 0.9930983284767477, 'lag_26': 0.14316634097621891, 'lag_27': 0.9749186236768002, 'lag_28': 0.4274464875321227}. Best is trial 17 with value: 0.0074903198892933755.
[I 2025-09-29 11:57:27,165] Trial 34 finished with value: 0.007557192906800009 and parameters: {'lag_0': 0.19503094249708933, 'lag_1': 0.8257560658288424, 'lag_2': 0.9179397658691435, 'lag_3': 0.8858183566377063, 'lag_4': 0.2722944454299099, 'lag_5': 0.48344441448018727, 'lag_6': 0.47042032080395896, 'lag_7': 0.060007059142597984, 'lag_8': 0.8288597551877174, 'lag_9': 0.7239402356372905, 'lag_10': 0.2551267950875075, 'lag_11': 0.5561668461574023, 'lag_12': 0.09376650011015902, 'lag_13': 0.027953161634978914, 'lag_14': 0.9999008876831219, 'lag_15': 0.8473359145339197, 'lag_16': 0.24466000281789374, 'lag_17': 0.09389235705613141, 'lag_18': 0.4323857959976187, 'lag_19': 0.4545978648985005, 'lag_20': 0.8071578164879764, 'lag_21': 0.270526477383143, 'lag_22': 0.3274733715777589, 'lag_23': 0.41434347106339375, 'lag_24': 0.7780265503763963, 'lag_25': 0.893795632045161, 'lag_26': 0.001868633459425062, 'lag_27': 0.9074820576357252, 'lag_28': 0.7220055388588489}. Best is trial 17 with value: 0.0074903198892933755.
[I 2025-09-29 11:57:29,573] Trial 35 finished with value: 0.0075473500481793784 and parameters: {'lag_0': 0.04783473833600327, 'lag_1': 0.664156249390052, 'lag_2': 0.44296435837966314, 'lag_3': 0.7550863447887999, 'lag_4': 0.7412502537140552, 'lag_5': 0.14890443029539988, 'lag_6': 0.8997334249635428, 'lag_7': 0.232446662648098, 'lag_8': 0.886119671736242, 'lag_9': 0.5334857021281647, 'lag_10': 0.4111289450240245, 'lag_11': 0.9028507466143395, 'lag_12': 0.17744328149587746, 'lag_13': 0.24501698896003343, 'lag_14': 0.7687797304534691, 'lag_15': 0.6210488933664324, 'lag_16': 0.46214839284847753, 'lag_17': 0.40097732782067325, 'lag_18': 0.06722967588591855, 'lag_19': 0.5530425030914264, 'lag_20': 0.6665514504510479, 'lag_21': 0.4286347959888328, 'lag_22': 0.6185382522808942, 'lag_23': 0.6695984835703593, 'lag_24': 0.9766415228149518, 'lag_25': 0.8149659887419851, 'lag_26': 0.1858182643017845, 'lag_27': 0.8257829957661024, 'lag_28': 0.36812597340058684}. Best is trial 17 with value: 0.0074903198892933755.
[I 2025-09-29 11:57:31,985] Trial 36 finished with value: 0.007543600706369312 and parameters: {'lag_0': 0.5564015122399468, 'lag_1': 0.9924136480460237, 'lag_2': 0.5721018683840098, 'lag_3': 0.1584903390709755, 'lag_4': 0.49748514401678234, 'lag_5': 0.050593287729432994, 'lag_6': 0.2647106608930612, 'lag_7': 0.40657262668668, 'lag_8': 0.7238972272284525, 'lag_9': 0.8572173432124077, 'lag_10': 0.5321927239334926, 'lag_11': 0.6574042761394002, 'lag_12': 0.5396391258515669, 'lag_13': 0.10062904203555649, 'lag_14': 0.5766852479611736, 'lag_15': 0.45360730641528935, 'lag_16': 0.3546389034340983, 'lag_17': 0.2903090876132567, 'lag_18': 0.30175141813759726, 'lag_19': 0.3403519371307894, 'lag_20': 0.9614217657111754, 'lag_21': 0.8136515285767068, 'lag_22': 0.21797517803214864, 'lag_23': 0.06933570710657372, 'lag_24': 0.07663921634659587, 'lag_25': 0.9353421756234144, 'lag_26': 0.26544352453294684, 'lag_27': 0.47202036160280775, 'lag_28': 0.8548879793693058}. Best is trial 17 with value: 0.0074903198892933755.
[I 2025-09-29 11:57:34,392] Trial 37 finished with value: 0.00754031561320499 and parameters: {'lag_0': 0.2769701198364817, 'lag_1': 0.2749531433431956, 'lag_2': 0.3511811467580697, 'lag_3': 0.9510993020151437, 'lag_4': 0.5859582732530598, 'lag_5': 0.25845837967679663, 'lag_6': 0.34887812749658376, 'lag_7': 0.11006241718859333, 'lag_8': 0.5271634323918183, 'lag_9': 0.5950249103074602, 'lag_10': 0.19103043598477717, 'lag_11': 0.8842363632707225, 'lag_12': 0.2895749089408383, 'lag_13': 0.18392767278450678, 'lag_14': 0.50437649199272, 'lag_15': 0.817899253376689, 'lag_16': 0.05271677856926807, 'lag_17': 0.036600307559158884, 'lag_18': 0.13735030902826134, 'lag_19': 0.38907428054695603, 'lag_20': 0.3481505317151002, 'lag_21': 0.9981356720155863, 'lag_22': 0.37326364307516874, 'lag_23': 0.26495416384058224, 'lag_24': 0.7755082965113098, 'lag_25': 0.618531852174442, 'lag_26': 0.10187994191738624, 'lag_27': 0.5519523709309918, 'lag_28': 0.32091010608345705}. Best is trial 17 with value: 0.0074903198892933755.
[I 2025-09-29 11:57:36,804] Trial 38 finished with value: 0.007575335244985939 and parameters: {'lag_0': 0.5533059745314577, 'lag_1': 0.909698303857548, 'lag_2': 0.07280837356943437, 'lag_3': 0.8641370107758604, 'lag_4': 0.17039693888409996, 'lag_5': 0.37516390420971335, 'lag_6': 0.15156658876329238, 'lag_7': 0.26491189811468596, 'lag_8': 0.4566396122287465, 'lag_9': 0.5000211493578075, 'lag_10': 0.9911262075775741, 'lag_11': 0.6911032520853561, 'lag_12': 0.662339082205383, 'lag_13': 0.7514744728541889, 'lag_14': 0.874940391453219, 'lag_15': 0.9072978700493921, 'lag_16': 0.16797658684492356, 'lag_17': 0.19812656123750497, 'lag_18': 0.2503876756545296, 'lag_19': 0.7959703355899851, 'lag_20': 0.7663025447686169, 'lag_21': 0.7299330363477985, 'lag_22': 0.4934998155178325, 'lag_23': 0.6293976246766462, 'lag_24': 0.44568443313279965, 'lag_25': 0.764960858593891, 'lag_26': 0.4031606914970491, 'lag_27': 0.22612678635709096, 'lag_28': 0.47489417167932213}. Best is trial 17 with value: 0.0074903198892933755.
[I 2025-09-29 11:57:39,221] Trial 39 finished with value: 0.007536509050771578 and parameters: {'lag_0': 0.10169190473953169, 'lag_1': 0.4285694615205067, 'lag_2': 0.2031252789918339, 'lag_3': 0.0969263107549336, 'lag_4': 0.6655702958903795, 'lag_5': 0.4338744050801631, 'lag_6': 0.5793828360691636, 'lag_7': 0.05505306159786204, 'lag_8': 0.22354406398130008, 'lag_9': 0.3190514420350036, 'lag_10': 0.319103091790152, 'lag_11': 0.7676017496116766, 'lag_12': 0.761060361371439, 'lag_13': 0.07398776783036118, 'lag_14': 0.8507100600855241, 'lag_15': 0.5453080886892814, 'lag_16': 0.4524445991074904, 'lag_17': 0.8749813954635175, 'lag_18': 0.4767582687314609, 'lag_19': 0.18457846500608444, 'lag_20': 0.8616004601297128, 'lag_21': 0.9306652233499304, 'lag_22': 0.10556358932113585, 'lag_23': 0.4612269257274972, 'lag_24': 0.6884935206134537, 'lag_25': 0.8473481877984474, 'lag_26': 0.6437948088911318, 'lag_27': 0.31527886190120386, 'lag_28': 0.23669881822896358}. Best is trial 17 with value: 0.0074903198892933755.
[I 2025-09-29 11:57:41,638] Trial 40 finished with value: 0.007536601934483117 and parameters: {'lag_0': 0.0035680158747629087, 'lag_1': 0.5417243934162784, 'lag_2': 0.4588993144319921, 'lag_3': 0.7645654280419282, 'lag_4': 0.07030990722819708, 'lag_5': 0.5328706109084405, 'lag_6': 0.4168569399789606, 'lag_7': 0.32883006738809173, 'lag_8': 0.13344064340812148, 'lag_9': 0.6627797940615546, 'lag_10': 0.22350415580735603, 'lag_11': 0.4766699436722341, 'lag_12': 0.10425952722096613, 'lag_13': 0.6713871354715852, 'lag_14': 0.32664696049180586, 'lag_15': 0.07719723625104863, 'lag_16': 0.5975214257290816, 'lag_17': 0.7107714378741261, 'lag_18': 0.7762577995899272, 'lag_19': 0.25718386945097815, 'lag_20': 0.7926491679627161, 'lag_21': 0.6376891796724251, 'lag_22': 0.27537613094875635, 'lag_23': 0.7499676519742339, 'lag_24': 0.33027142210685834, 'lag_25': 0.7115436426616943, 'lag_26': 0.2885146590809495, 'lag_27': 0.42808552494496277, 'lag_28': 0.18319362332072467}. Best is trial 17 with value: 0.0074903198892933755.
[I 2025-09-29 11:57:44,055] Trial 41 finished with value: 0.0075166822219744885 and parameters: {'lag_0': 0.027792488445209092, 'lag_1': 0.909393200060817, 'lag_2': 0.7787040442539885, 'lag_3': 0.9347100808638557, 'lag_4': 0.8852903101216647, 'lag_5': 0.16437470709110008, 'lag_6': 0.33683353415128936, 'lag_7': 0.14611428178385838, 'lag_8': 0.6419085776434074, 'lag_9': 0.40854269143947924, 'lag_10': 0.14305697991026028, 'lag_11': 0.9935743553079307, 'lag_12': 0.3925762607480957, 'lag_13': 0.39179802136497266, 'lag_14': 0.7839704980374003, 'lag_15': 0.6577248754675805, 'lag_16': 0.4267603315788757, 'lag_17': 0.4817417313967603, 'lag_18': 0.3285822771816205, 'lag_19': 0.6136248468203502, 'lag_20': 0.730993991942668, 'lag_21': 0.8948247532985756, 'lag_22': 0.38430640885409206, 'lag_23': 0.9302973189342648, 'lag_24': 0.8597293033468102, 'lag_25': 0.9908830005659672, 'lag_26': 0.07330043560173133, 'lag_27': 0.8121830596822025, 'lag_28': 0.2810118419013329}. Best is trial 17 with value: 0.0074903198892933755.
[I 2025-09-29 11:57:46,468] Trial 42 finished with value: 0.007533657380962046 and parameters: {'lag_0': 0.1220290057981663, 'lag_1': 0.9448101524058801, 'lag_2': 0.7631488578894704, 'lag_3': 0.9303709075483884, 'lag_4': 0.9257618309152559, 'lag_5': 0.22330284881713894, 'lag_6': 0.34170125099989845, 'lag_7': 0.12045770152676302, 'lag_8': 0.657136446814956, 'lag_9': 0.42666059055902283, 'lag_10': 0.10132289365475133, 'lag_11': 0.8531465805869005, 'lag_12': 0.4202139925075569, 'lag_13': 0.40581321861541353, 'lag_14': 0.9196414948031103, 'lag_15': 0.6407919122853961, 'lag_16': 0.4241314870238937, 'lag_17': 0.4810946108849048, 'lag_18': 0.34262986131525147, 'lag_19': 0.6051082502409014, 'lag_20': 0.8599426614277503, 'lag_21': 0.898906536417632, 'lag_22': 0.37698946522442073, 'lag_23': 0.856787359220911, 'lag_24': 0.9219797929327909, 'lag_25': 0.9870948340611466, 'lag_26': 0.09451434624173843, 'lag_27': 0.7758368048310373, 'lag_28': 0.29463238657862006}. Best is trial 17 with value: 0.0074903198892933755.
[I 2025-09-29 11:57:48,875] Trial 43 finished with value: 0.007559337863646448 and parameters: {'lag_0': 0.049748337546913435, 'lag_1': 0.9092162434078936, 'lag_2': 0.9207602911914459, 'lag_3': 0.8194792755790059, 'lag_4': 0.8897897604320544, 'lag_5': 0.14527864834275556, 'lag_6': 0.39931204205650234, 'lag_7': 0.15196026023539555, 'lag_8': 0.7578790061204521, 'lag_9': 0.340065400370644, 'lag_10': 0.45235800115943764, 'lag_11': 0.9920843705286989, 'lag_12': 0.5279159068401822, 'lag_13': 0.5188216089428671, 'lag_14': 0.8153233395897185, 'lag_15': 0.6761685337650142, 'lag_16': 0.3434566922849966, 'lag_17': 0.5750625261196441, 'lag_18': 0.392857962260748, 'lag_19': 0.6983574211931848, 'lag_20': 0.9333593626017461, 'lag_21': 0.7241155012540799, 'lag_22': 0.45078204416505047, 'lag_23': 0.9183327901660673, 'lag_24': 0.8582359421302034, 'lag_25': 0.9271574874699905, 'lag_26': 0.008415889940219135, 'lag_27': 0.8754187077030448, 'lag_28': 0.35806958451847287}. Best is trial 17 with value: 0.0074903198892933755.
[I 2025-09-29 11:57:51,436] Trial 44 finished with value: 0.00757839554884295 and parameters: {'lag_0': 0.18579388967191462, 'lag_1': 0.750999743846486, 'lag_2': 0.8342113230501429, 'lag_3': 0.6942297971553228, 'lag_4': 0.7922118877409827, 'lag_5': 0.03975549972643018, 'lag_6': 0.09024410199375774, 'lag_7': 0.04387735847384958, 'lag_8': 0.6882925835937109, 'lag_9': 0.37271944871263163, 'lag_10': 0.2852411068978685, 'lag_11': 0.9335876851760687, 'lag_12': 0.35958803422132385, 'lag_13': 0.2000050108928965, 'lag_14': 0.6271622690277632, 'lag_15': 0.7670180983701713, 'lag_16': 0.20989009911716405, 'lag_17': 0.34691652212933693, 'lag_18': 0.21357579075707495, 'lag_19': 0.7719373821834327, 'lag_20': 0.7061382155405187, 'lag_21': 0.8425205510634395, 'lag_22': 0.5975532649673736, 'lag_23': 0.17694637298971957, 'lag_24': 0.8467780405545485, 'lag_25': 0.9556737538610194, 'lag_26': 0.1854923964426653, 'lag_27': 0.6753276466947342, 'lag_28': 0.23803222219936165}. Best is trial 17 with value: 0.0074903198892933755.
