[I 2025-10-03 11:39:43,656] Trial 94 finished with values: [0.009539774586196075, 0.0031739734179726245, 0.001351037450608901, 0.0005660830796312107, 0.0007695551964867199, 0.0006337854203825497, 0.0005847392817819395, 0.00023921870883520665, 0.003007399907447995, 0.0010183011831136181, 0.0004883816249372315, 0.0002937273355189964, 0.00362414588487871, 0.03085812121329261, 0.0, 0.023144325939490153, 0.003182997736558664, 0.0004916370601098813, 0.00035763335873155916, 0.00417235858585505, 0.0061815864744745016, 0.00653016669565834, 0.0006395917745718325, 0.001590174838663803, 0.0004494047275310012, 0.00024089664117630505, 0.000266027087172924, 0.0009716462189405913, 0.0011497307256235826] and parameters: {'lag_0': 0.41075766957352805, 'lag_1': 0.49189404306784157, 'lag_2': 0.5595124467022008, 'lag_3': 0.32780164431390274, 'lag_4': 0.758145614644833, 'lag_5': 0.900173316363922, 'lag_6': 0.7566362876379933, 'lag_7': 0.7327157629432166, 'lag_8': 0.6778857851000092, 'lag_9': 0.6163930476257589, 'lag_10': 0.9340643090716652, 'lag_11': 0.0036202635648735558, 'lag_12': 0.5050144076792296, 'lag_13': 0.90612239458658, 'lag_14': 0.49109817374638737, 'lag_15': 0.4858292531916886, 'lag_16': 0.6257103706975546, 'lag_17': 0.3796997549731424, 'lag_18': 0.8802143707415124, 'lag_19': 0.8238854651113425, 'lag_20': 0.8184093935269514, 'lag_21': 0.28845891672832574, 'lag_22': 0.08131244888768457, 'lag_23': 0.5972662488685336, 'lag_24': 0.5416490131761159, 'lag_25': 0.9852254081204398, 'lag_26': 0.9051823487364198, 'lag_27': 0.9722613302149666, 'lag_28': 0.5047743312957301}.
[I 2025-10-03 11:39:46,264] Trial 95 finished with values: [0.00865332612222823, 0.0022089696975271236, 0.0010617135503091291, 0.00043878475150131333, 0.0014158456553372604, 0.0013818699561896053, 0.00030180374811582456, 0.00017625854812802912, 0.0032122807811657992, 0.001445598662373257, 0.00036937395217559097, 0.0006172739673658239, 0.0023534838204030237, 0.030667957569402382, 0.0, 0.01986298109949733, 0.0016958992658854647, 0.00027482644319137524, 0.00012701112543452156, 0.0024884033410980614, 0.005379692481290444, 0.0052198953328054295, 0.00045092563473672447, 0.001287443649239242, 0.0012692930410635205, 0.001150666589027717, 0.0003101948680721843, 0.002202326222815792, 0.0008954211584825449] and parameters: {'lag_0': 0.3884432783197561, 'lag_1': 0.8657781497646598, 'lag_2': 0.9957502721152218, 'lag_3': 0.9792075919920692, 'lag_4': 0.46294764214741796, 'lag_5': 0.05068849797222455, 'lag_6': 0.31852642765520023, 'lag_7': 0.31198053022811967, 'lag_8': 0.07673165125408873, 'lag_9': 0.7256431258688573, 'lag_10': 0.6055072275360548, 'lag_11': 0.42157952496008294, 'lag_12': 0.40625229420886655, 'lag_13': 0.029511016220574043, 'lag_14': 0.9927495806128155, 'lag_15': 0.013262793592100133, 'lag_16': 0.9197514693819132, 'lag_17': 0.022871841865346847, 'lag_18': 0.9409548952150055, 'lag_19': 0.7506925276784515, 'lag_20': 0.4280622498234818, 'lag_21': 0.3193536389090822, 'lag_22': 0.9012998014633793, 'lag_23': 0.7695116588945534, 'lag_24': 0.8456817358050389, 'lag_25': 0.0237050515989982, 'lag_26': 0.16505634592658416, 'lag_27': 0.28588477111200955, 'lag_28': 0.5687501181656003}.
[I 2025-10-03 11:39:48,890] Trial 96 finished with values: [0.00865332612222823, 0.0019486693637356298, 0.0004989138945710222, 0.0006534561603571264, 0.0021947851776701463, 0.0012823880585255123, 0.000577199020420997, 0.0004010367381657989, 0.002204301450226411, 0.0007293204057161782, 0.0006130665963752437, 0.00037015198626267763, 0.002241265006997587, 0.02921905771441332, 0.0, 0.021776478340534963, 0.0026687766028894193, 0.0006535258159666775, 0.00027377060163406695, 0.0024171139375199742, 0.005859156893972076, 0.0070253184395959855, 0.0005166774756877007, 0.0017090740020602783, 0.0008689319527395957, 0.0012296373356828687, 0.0004252268736336084, 0.001961639057823151, 0.002155372824672275] and parameters: {'lag_0': 0.24572142673468353, 'lag_1': 0.23160092814162142, 'lag_2': 0.10828434589990153, 'lag_3': 0.7067143670221306, 'lag_4': 0.9528483977089718, 'lag_5': 0.3252117745571187, 'lag_6': 0.11056626122627226, 'lag_7': 0.9419677453161721, 'lag_8': 0.5137091776360622, 'lag_9': 0.625418930583604, 'lag_10': 0.7789252027169626, 'lag_11': 0.8134796218711992, 'lag_12': 0.742089429357886, 'lag_13': 0.989296391640608, 'lag_14': 0.09921675053019517, 'lag_15': 0.7979406287627234, 'lag_16': 0.519875767470925, 'lag_17': 0.7810042788519931, 'lag_18': 0.9822709876916647, 'lag_19': 0.2123415333010916, 'lag_20': 0.03977915016585109, 'lag_21': 0.8588791357438421, 'lag_22': 0.08526365461835857, 'lag_23': 0.49062102064896396, 'lag_24': 0.8188349410185473, 'lag_25': 0.5803720842636593, 'lag_26': 0.04174209246390479, 'lag_27': 0.278266318217286, 'lag_28': 0.9590501189159673}.
[I 2025-10-03 11:39:51,506] Trial 97 finished with values: [0.00865332612222823, 0.0026543803037316223, 0.0005618258139012868, 0.0004105133619419656, 0.0013912587775194581, 0.001261421295466253, 0.000527423706419404, 0.0004707203353640282, 0.003274325328410593, 0.0006476352620674328, 0.0003285738488146997, 0.000489836219574968, 0.0018367243268472473, 0.029604642215217376, 0.0, 0.018101680447803616, 0.0026750817262510902, 0.00042084483117170543, 0.00039631845268998857, 0.002421118596005371, 0.007048089476021151, 0.0057462752182614475, 0.000573560063169569, 0.0019600866017038974, 0.0006468105181054627, 0.0015243573537175904, 0.0007986634430389948, 0.0013103004960414422, 0.0011611346520085323] and parameters: {'lag_0': 0.09623581849104484, 'lag_1': 0.37319896082248677, 'lag_2': 0.9318882454547046, 'lag_3': 0.6644596269298884, 'lag_4': 0.4719532266953169, 'lag_5': 0.23191905219012598, 'lag_6': 0.9682209118427286, 'lag_7': 0.8703053869272441, 'lag_8': 0.4868679189069254, 'lag_9': 0.9781135447356929, 'lag_10': 0.8368813960211852, 'lag_11': 0.486646108712446, 'lag_12': 0.015364150988675964, 'lag_13': 0.39336261609423473, 'lag_14': 0.8184554225713647, 'lag_15': 0.21612749843081042, 'lag_16': 0.20702289784313088, 'lag_17': 0.05730162901481425, 'lag_18': 0.8819259682642941, 'lag_19': 0.028319320843325144, 'lag_20': 0.064915273097196, 'lag_21': 0.7181215341586362, 'lag_22': 0.22338391686200235, 'lag_23': 0.16432879485685617, 'lag_24': 0.624891751791326, 'lag_25': 0.7699650328337871, 'lag_26': 0.1075925398516735, 'lag_27': 0.030114487983569856, 'lag_28': 0.8753456685986898}.
[I 2025-10-03 11:39:54,121] Trial 98 finished with values: [0.011175158110837628, 0.0019125406236759803, 0.0006548806022110951, 0.0008532820033160537, 0.0008935074982478319, 0.0013952356308389658, 0.000543649519225506, 0.0001421540701679773, 0.003583738393665934, 0.0006447704352022848, 0.00028401123697455297, 0.00032560254934665126, 0.0025372235950293868, 0.029260081581580555, 0.0, 0.022550223602716073, 0.001413433794094826, 0.0011971107441347325, 0.0007865977822830774, 0.002111461222890466, 0.006383202006426435, 0.005631096013523076, 0.0004476767405346339, 0.0013084211533940008, 0.0007649232833254881, 0.0010679557045786946, 0.0007934403800015819, 0.001493428301992968, 0.0003093573441063788] and parameters: {'lag_0': 0.6442800834143921, 'lag_1': 0.7176680856844152, 'lag_2': 0.41114804926917253, 'lag_3': 0.453224832849857, 'lag_4': 0.8025758900367209, 'lag_5': 0.9153769936521488, 'lag_6': 0.21184325027081438, 'lag_7': 0.4706419047123954, 'lag_8': 0.9068158776873116, 'lag_9': 0.2945376394928086, 'lag_10': 0.3626496343766861, 'lag_11': 0.1107906528472892, 'lag_12': 0.7450904799606878, 'lag_13': 0.8393462844246059, 'lag_14': 0.09739580171702533, 'lag_15': 0.15462443770702028, 'lag_16': 0.8910938789951269, 'lag_17': 0.0609549126217485, 'lag_18': 0.557786301436008, 'lag_19': 0.8526608283890674, 'lag_20': 0.35864198849800494, 'lag_21': 0.9600453714157025, 'lag_22': 0.827862596161564, 'lag_23': 0.9341717461850794, 'lag_24': 0.35808601279468516, 'lag_25': 0.4212165086786522, 'lag_26': 0.7920171680843244, 'lag_27': 0.42076595095624636, 'lag_28': 0.3094989671938408}.
[I 2025-10-03 11:39:56,735] Trial 99 finished with values: [0.005267164767074628, 0.0013519057340915601, 0.00037493099438667694, 0.0014717118976038121, 0.0018163176739734767, 0.0011549037188627008, 0.0005341829924266819, 0.00027303382480296367, 0.0018447660948479126, 0.0003617262428140527, 0.00028440001310876974, 0.000499401702606728, 0.0021774583203154193, 0.028802768838143766, 0.0, 0.017885173463863997, 0.002240664336622883, 0.0017267158932873818, 0.00014404064556596848, 0.003342737230340414, 0.0069573104390786514, 0.0056290291466497165, 0.0007911045513137304, 0.0025549931785328584, 0.00024277787836694568, 0.002341467846396539, 0.0002764550856288422, 0.0018978288575061722, 0.0016280917632775897] and parameters: {'lag_0': 0.575371814059023, 'lag_1': 0.7176680856844152, 'lag_2': 0.7822203848903398, 'lag_3': 0.8085960060035805, 'lag_4': 0.22881066295594088, 'lag_5': 0.9153769936521488, 'lag_6': 0.21184325027081438, 'lag_7': 0.7327157629432166, 'lag_8': 0.9068158776873116, 'lag_9': 0.20190435589761516, 'lag_10': 0.18050643785356285, 'lag_11': 0.1107906528472892, 'lag_12': 0.6791031906309808, 'lag_13': 0.5632862978824238, 'lag_14': 0.49109817374638737, 'lag_15': 0.15462443770702028, 'lag_16': 0.8910938789951269, 'lag_17': 0.0609549126217485, 'lag_18': 0.5194547626678414, 'lag_19': 0.29805130785800005, 'lag_20': 0.7631039179919333, 'lag_21': 0.28845891672832574, 'lag_22': 0.7023389956452011, 'lag_23': 0.5972662488685336, 'lag_24': 0.2882717036800794, 'lag_25': 0.9852254081204398, 'lag_26': 0.9051823487364198, 'lag_27': 0.9722613302149666, 'lag_28': 0.3094989671938408}.
2025-10-03 11:39:59,741 - distributed.worker - INFO - Stopping worker at tcp://192.168.86.140:43923. Reason: scheduler-remove-worker
2025-10-03 11:39:59,746 - distributed.nanny - INFO - Closing Nanny gracefully at 'tcp://192.168.86.140:37038'. Reason: scheduler-remove-worker
2025-10-03 11:39:59,752 - distributed.nanny - INFO - Worker closed
2025-10-03 11:39:59,752 - distributed.core - INFO - Connection to tcp://192.168.86.108:45752 has been closed.
slurmstepd: error: *** JOB 3081533 ON node40 CANCELLED AT 2025-10-03T11:39:59 ***
