[I 2025-10-03 11:36:12,254] Trial 16 finished with values: [0.003388888888888889, 0.005592514176289533, 0.0016446240994261233, 0.0021097065709924263, 0.0013953181649375948, 0.000954487413962359, 0.0003066669789952577, 0.0006567570115089995, 0.00016352861679214722, 0.000539815419815449, 0.0006793174289906115, 0.0036837228758045083, 0.0039280750937038715, 0.02519236665000224, 0.0, 0.047342438163160146, 0.00013250554048957093, 0.0005866689800740434, 0.00139910074800457, 0.0019411052799225721, 0.0008833065584613546, 3.311347857195333e-05, 2.525339999978618e-05, 0.0015622698697005026, 0.001498716117658914, 0.0001613254588450895, 0.00029350107903185755, 0.0001598391226304452, 0.00034985344902125736] and parameters: {'lag_0': 0.6032711722020326, 'lag_1': 0.6597355538333219, 'lag_2': 0.27779938473074967, 'lag_3': 0.36895613581351705, 'lag_4': 0.2731294904649351, 'lag_5': 0.227434742500685, 'lag_6': 0.09068161879572754, 'lag_7': 0.20301528142878686, 'lag_8': 0.8145362862531318, 'lag_9': 0.25328291090160593, 'lag_10': 0.6688895527347871, 'lag_11': 0.47827035121360334, 'lag_12': 0.12531731141893113, 'lag_13': 0.0386734933541294, 'lag_14': 0.9402001654905993, 'lag_15': 0.6908737324313566, 'lag_16': 0.47502045082288497, 'lag_17': 0.4615886091568691, 'lag_18': 0.250110365527762, 'lag_19': 0.8642034116683808, 'lag_20': 0.5537633007484355, 'lag_21': 0.1413303790290801, 'lag_22': 0.567815447708139, 'lag_23': 0.5821013329853358, 'lag_24': 0.9401068643743155, 'lag_25': 0.16926819741759921, 'lag_26': 0.2575065336147347, 'lag_27': 0.7827760531714204, 'lag_28': 0.3124067994950922}.
[I 2025-10-03 11:36:14,903] Trial 17 finished with values: [0.0, 0.0011900324122830382, 0.0006010483022743045, 0.0009534811960674339, 0.001876401962878932, 0.0008347873258889051, 0.0007045972106868606, 0.0005389755193869405, 0.00026963318618323194, 0.0004631626319650266, 0.000781408263756581, 0.0031470920808763527, 0.002480843422733212, 0.025079320778645813, 0.0, 0.051649539931075725, 0.0002454446049353683, 0.0010129801281030973, 0.0020872287268359113, 0.0021503603061939517, 0.0009501687941546224, 8.172129030377242e-05, 2.9656240685566917e-05, 0.0012716436985134164, 0.0017749683417049391, 0.00021659412358481962, 0.00010908312674855647, 0.00014023885200717016, 0.0005140110685916231] and parameters: {'lag_0': 0.9626399114175337, 'lag_1': 0.7655769165293924, 'lag_2': 0.5387020270549007, 'lag_3': 0.9978142131248522, 'lag_4': 0.43568059375856727, 'lag_5': 0.14388640185645876, 'lag_6': 0.6685186597789106, 'lag_7': 0.6030014695109673, 'lag_8': 0.8282207554746183, 'lag_9': 0.3896200085063173, 'lag_10': 0.37260218351362473, 'lag_11': 0.09078371641767195, 'lag_12': 0.8982656598785914, 'lag_13': 0.7448754586736557, 'lag_14': 0.071024112322787, 'lag_15': 0.78162134956354, 'lag_16': 0.46609801687867414, 'lag_17': 0.8319216145507339, 'lag_18': 0.37885821559887445, 'lag_19': 0.4065181295930317, 'lag_20': 0.40365459219731115, 'lag_21': 0.35427519327054224, 'lag_22': 0.6607129755584183, 'lag_23': 0.6851036198942639, 'lag_24': 0.0667529948847587, 'lag_25': 0.3980185345272481, 'lag_26': 0.93469874554328, 'lag_27': 0.4071259097043859, 'lag_28': 0.9791140104020953}.
[I 2025-10-03 11:36:17,561] Trial 18 finished with values: [0.010469135802469137, 0.0019416870888277309, 0.0014174442833953984, 0.0036557091198299698, 0.0015400595784769197, 0.00038150132265421375, 0.00042604234253234327, 0.000477456019166821, 0.0001095189156708198, 0.0012881232810389577, 0.0009560925642829006, 0.003412676449383047, 0.0019631209924514206, 0.024531140284795937, 0.0, 0.04626889701904354, 0.00012869437685047444, 0.0004142433960451406, 0.001562009312636714, 0.002179059435916042, 0.0013306887092749604, 5.4703357316702276e-05, 3.13653531218974e-05, 0.001684154230007327, 0.0011405182405947064, 8.310242895079084e-05, 0.00023909163427408356, 0.00013521591092647718, 0.00012264699459609083] and parameters: {'lag_0': 0.5702496274217712, 'lag_1': 0.8397817902317203, 'lag_2': 0.34128681969727465, 'lag_3': 0.7502228381793007, 'lag_4': 0.8888436471364151, 'lag_5': 0.8879343019861639, 'lag_6': 0.715732491533943, 'lag_7': 0.1277790221916239, 'lag_8': 0.4640570019406977, 'lag_9': 0.7501547641420679, 'lag_10': 0.8851952561317037, 'lag_11': 0.39889997157129686, 'lag_12': 0.13742200504646626, 'lag_13': 0.9318770587132483, 'lag_14': 0.9623981365408213, 'lag_15': 0.34547072581057126, 'lag_16': 0.7521234091599857, 'lag_17': 0.554461884166087, 'lag_18': 0.5952311682635324, 'lag_19': 0.8821830766194809, 'lag_20': 0.6700481260167684, 'lag_21': 0.2207216231765211, 'lag_22': 0.7325232040358869, 'lag_23': 0.7346320705373193, 'lag_24': 0.5766824693660704, 'lag_25': 0.7292610274965206, 'lag_26': 0.8960448886860168, 'lag_27': 0.8537733751232386, 'lag_28': 0.20761453788449535}.
[I 2025-10-03 11:36:20,210] Trial 19 finished with values: [0.0024691358024691358, 0.0014387849088005502, 0.0010949327767436573, 0.0013176851391150039, 0.002008838200677522, 0.0007556190229712319, 0.0005744658690180497, 0.000769648903314331, 0.0002570281972399997, 0.0006272253615326395, 0.0009175929524355816, 0.003692189647638562, 0.003956075140748154, 0.022527905913398767, 0.0, 0.047920492581268834, 0.00020646432577278582, 0.000606016324413111, 0.001885749715183832, 0.0018125571409590758, 0.0009853502898513836, 2.9261275671874966e-05, 5.749440180829537e-05, 0.0009204950515656577, 0.001572444247464408, 0.0005308072825548017, 0.00023404349943643957, 0.00022084138212718598, 0.0008085253189398435] and parameters: {'lag_0': 0.15230214831977187, 'lag_1': 0.385099314262559, 'lag_2': 0.8197079238329859, 'lag_3': 0.5497027530302905, 'lag_4': 0.23838127855547256, 'lag_5': 0.9572498675643694, 'lag_6': 0.8508087979960945, 'lag_7': 0.4524489187304383, 'lag_8': 0.07951887997855026, 'lag_9': 0.6031892368830902, 'lag_10': 0.7528253874752712, 'lag_11': 0.31996201896459664, 'lag_12': 0.5823918606314002, 'lag_13': 0.7132546289967528, 'lag_14': 0.8179612735829699, 'lag_15': 0.8093775239946928, 'lag_16': 0.6341244774898707, 'lag_17': 0.7755524326126748, 'lag_18': 0.2814368220017384, 'lag_19': 0.2649488072226185, 'lag_20': 0.4738431275918038, 'lag_21': 0.935032205339098, 'lag_22': 0.8766652525185256, 'lag_23': 0.2477429197539254, 'lag_24': 0.1812207240918808, 'lag_25': 0.8235818307823257, 'lag_26': 0.7510878232517559, 'lag_27': 0.49607767901950267, 'lag_28': 0.5928136214129044}.
[I 2025-10-03 11:36:22,860] Trial 20 finished with values: [0.0, 0.0029234764910440595, 0.001180173628585918, 0.0015473477577957636, 0.001244823113778453, 0.0012769825209108549, 0.0003421985324608442, 0.001002213904969455, 0.00016527723726505488, 0.0005763901130862845, 0.0009954258975983694, 0.00305981085447937, 0.003542990301791316, 0.023350778494786013, 0.0, 0.04623952608149665, 0.00011486075217390223, 0.0008197840831595082, 0.0018146769738782223, 0.002275405276284902, 0.0011460775008282453, 3.6420805597932086e-05, 1.04030657710826e-05, 0.0019057156401552024, 0.0015538200790525109, 0.0006418786116084596, 0.00023898977038083145, 0.0002641959917779865, 0.0004328523363853492] and parameters: {'lag_0': 0.16949268172408502, 'lag_1': 0.540953763727901, 'lag_2': 0.3266136168754852, 'lag_3': 0.9368592652887947, 'lag_4': 0.016223294069802115, 'lag_5': 0.7345034945196851, 'lag_6': 0.7104372236670171, 'lag_7': 0.9672257670273604, 'lag_8': 0.8117120127774285, 'lag_9': 0.2621845400072747, 'lag_10': 0.3070140770105341, 'lag_11': 0.0739416648018789, 'lag_12': 0.15578075520017184, 'lag_13': 0.9767602698629169, 'lag_14': 0.17751968659412146, 'lag_15': 0.8089980807159685, 'lag_16': 0.5984440117696289, 'lag_17': 0.5492903696224363, 'lag_18': 0.13471882002689964, 'lag_19': 0.8347512898620926, 'lag_20': 0.7112577495489961, 'lag_21': 0.4307760027880815, 'lag_22': 0.3147061657416585, 'lag_23': 0.6486123348805325, 'lag_24': 0.25763956622311945, 'lag_25': 0.6288397425615435, 'lag_26': 0.2574794510075147, 'lag_27': 0.3792443429242485, 'lag_28': 0.4445737805938166}.
[I 2025-10-03 11:36:25,512] Trial 21 finished with values: [0.003125, 0.001185960370854629, 0.0006598520134595155, 0.0014533178330269861, 0.003204339226706631, 0.0004263983133059697, 0.0006895959062749967, 0.0006773760192469951, 0.0010101534348290234, 0.0006398379425496597, 0.000922186477862561, 0.00419403186282273, 0.002647918762791828, 0.023630714195470685, 0.0, 0.04442335154288746, 0.00010758791111496135, 0.00040670576696377823, 0.0016364725136369187, 0.0020426953928739527, 0.001413100206250236, 2.2310796425271023e-05, 3.479960226999948e-05, 0.0012240112450421594, 0.0016025700166177887, 0.0002622585433235481, 9.506454137870102e-05, 0.00013674167793292392, 0.00034677763978995] and parameters: {'lag_0': 0.7323189553705337, 'lag_1': 0.5525610050493933, 'lag_2': 0.4343836104248804, 'lag_3': 0.6056381269274959, 'lag_4': 0.3349199113022035, 'lag_5': 0.2439311908548222, 'lag_6': 0.023577117206515903, 'lag_7': 0.3859017667216892, 'lag_8': 0.8540413412180589, 'lag_9': 0.5495185552360943, 'lag_10': 0.31501464743349833, 'lag_11': 0.6154126423342003, 'lag_12': 0.7228576766636335, 'lag_13': 0.3472669552150462, 'lag_14': 0.23529574272234122, 'lag_15': 0.24245646635352625, 'lag_16': 0.1345908361448505, 'lag_17': 0.6475264720546197, 'lag_18': 0.5620083325294557, 'lag_19': 0.9225612136138979, 'lag_20': 0.7195928798917236, 'lag_21': 0.30289288358913047, 'lag_22': 0.31259081402669653, 'lag_23': 0.2938193830406899, 'lag_24': 0.14198904383204383, 'lag_25': 0.023033852459550006, 'lag_26': 0.35515252075017684, 'lag_27': 0.7746467504662373, 'lag_28': 0.8177069051755746}.
[I 2025-10-03 11:36:28,166] Trial 22 finished with values: [0.028125, 0.0017256566198779945, 0.0006673703452264309, 0.002781056950244533, 0.0018553647369519363, 0.00028439425154169827, 0.0006721246296471212, 0.0008796638663909528, 0.00015952760836603893, 0.0004678441726225567, 0.00103214127394787, 0.003270707835445234, 0.003346309551863712, 0.0243541683383135, 0.0, 0.040666745543591044, 0.00017312476177430697, 0.0005358713670858954, 0.00227588875921044, 0.002507733128066702, 0.0010520866346001565, 5.394927405381008e-05, 0.0001270721648915098, 0.0013319190286543176, 0.0012950969164556333, 0.00022391244600471907, 0.0001244633361626517, 0.0005021645350252594, 0.0003314766103551742] and parameters: {'lag_0': 0.7849228844195043, 'lag_1': 0.5929310221255677, 'lag_2': 0.957039768727855, 'lag_3': 0.6636559101113902, 'lag_4': 0.6776062631557315, 'lag_5': 0.9928012388905709, 'lag_6': 0.6484147543991663, 'lag_7': 0.6743758545004928, 'lag_8': 0.31429813840166004, 'lag_9': 0.09241533338118386, 'lag_10': 0.4137047388430328, 'lag_11': 0.14987453809945117, 'lag_12': 0.46951486165207984, 'lag_13': 0.004495785844060801, 'lag_14': 0.5026031877624664, 'lag_15': 0.5034209435189521, 'lag_16': 0.14293627383682941, 'lag_17': 0.45787468608651527, 'lag_18': 0.7912013144502085, 'lag_19': 0.1571687456256344, 'lag_20': 0.424149592756805, 'lag_21': 0.027638426527766956, 'lag_22': 0.306253285002455, 'lag_23': 0.9370490396654203, 'lag_24': 0.4535223691076509, 'lag_25': 0.1272564087786186, 'lag_26': 0.16371600335089698, 'lag_27': 0.49952394615330603, 'lag_28': 0.39891601757012524}.
[I 2025-10-03 11:36:30,815] Trial 23 finished with values: [0.0, 0.0018707796885975062, 0.0015112231315339516, 0.003886181277629053, 0.0018860170747067612, 0.000599246639545133, 0.0004038088840641068, 0.00030245816126574937, 0.00019219133952040995, 0.0011401840622190873, 0.0009263269513629087, 0.005373887883106564, 0.004173327854392324, 0.02262666384595278, 0.0, 0.048883249953493316, 0.00013653678593180676, 0.0005119225589486021, 0.0018589572850445408, 0.0027938461951459146, 0.001446154445437988, 4.7750313693146805e-05, 6.155278132756399e-05, 0.0011093018683573646, 0.0014166083147024507, 0.0003132598502521084, 0.0003981126538838412, 8.39191844963667e-05, 0.0008695442864778304] and parameters: {'lag_0': 0.9968640615054984, 'lag_1': 0.9051282607664939, 'lag_2': 0.6202032621055328, 'lag_3': 0.8873806090628481, 'lag_4': 0.8975125549899451, 'lag_5': 0.24099363753531186, 'lag_6': 0.15011571515018843, 'lag_7': 0.6021489546172484, 'lag_8': 0.06254395668951057, 'lag_9': 0.006039048869710193, 'lag_10': 0.8897012733635119, 'lag_11': 0.9144685805658336, 'lag_12': 0.5360658980910004, 'lag_13': 0.16919128657507707, 'lag_14': 0.4788323766152266, 'lag_15': 0.5189529891549195, 'lag_16': 0.8501839672191002, 'lag_17': 0.2712379847172595, 'lag_18': 0.5214505213920134, 'lag_19': 0.5762964921525784, 'lag_20': 0.26180150419074366, 'lag_21': 0.6177680582991126, 'lag_22': 0.7145631919091405, 'lag_23': 0.7908081267933726, 'lag_24': 0.5960889992715417, 'lag_25': 0.5399290089902002, 'lag_26': 0.6730704789134005, 'lag_27': 0.7414948189549262, 'lag_28': 0.9628992962848602}.
[I 2025-10-03 11:36:33,469] Trial 24 finished with values: [0.0, 0.005355233496476095, 0.0005699271484396034, 0.002601498501414614, 0.0014987798742879788, 0.0011433253774953047, 0.00024661132623290965, 0.0006429846931390941, 0.00019812688574917596, 0.0003981103116355419, 0.0008187326523309412, 0.0038929034174029114, 0.0028297832713159907, 0.02406271633292028, 0.0, 0.0461353976550394, 0.00026277726262518766, 0.0007709407613910205, 0.001847821045341261, 0.0023278759892295074, 0.0014382694590023867, 2.8429996332746068e-05, 6.220613604303226e-05, 0.0018783202931869872, 0.0012069347569795097, 0.0002990730553453521, 0.00023641963391528748, 0.0006184280888512104, 0.00027101404688388586] and parameters: {'lag_0': 0.3717688039277783, 'lag_1': 0.50332487350487, 'lag_2': 0.06910718792571001, 'lag_3': 0.16730279449755014, 'lag_4': 0.8299639720369978, 'lag_5': 0.08374371753356474, 'lag_6': 0.380703901188796, 'lag_7': 0.3769576030874198, 'lag_8': 0.3345944440739645, 'lag_9': 0.10988674517306939, 'lag_10': 0.9236934167380868, 'lag_11': 0.27625652096600034, 'lag_12': 0.6892409289750931, 'lag_13': 0.8740662978889547, 'lag_14': 0.8330890385690719, 'lag_15': 0.6729795252814101, 'lag_16': 0.3079143249759109, 'lag_17': 0.7566298758880825, 'lag_18': 0.15082905004826977, 'lag_19': 0.22423870482679134, 'lag_20': 0.9380451027746598, 'lag_21': 0.526303595742159, 'lag_22': 0.15124640826996646, 'lag_23': 0.815579373695063, 'lag_24': 0.977349090738801, 'lag_25': 0.2961388862486772, 'lag_26': 0.5652597579078852, 'lag_27': 0.20893373342568433, 'lag_28': 0.11858229491086897}.
[I 2025-10-03 11:36:36,126] Trial 25 finished with values: [0.009637188208616778, 0.002949680610797519, 0.00199676864347609, 0.0007727304625364909, 0.0018367251677607846, 0.0009562426429276655, 0.0003368828345800055, 0.000514203627387628, 0.00022952767854311746, 0.0011384657873197027, 0.0009633312878938925, 0.0033061875819348787, 0.003454726600819633, 0.023692606301414433, 0.0, 0.05463260953716955, 0.00024635807372353565, 0.0006763233544061987, 0.001570924308658227, 0.0028182645183942446, 0.0013898144794411153, 0.00011403140277131591, 7.303126022805206e-05, 0.0019306172429465116, 0.0011567200923989402, 0.00019652851186114758, 0.0003459405026535904, 0.0002697438701150789, 0.00011829786359611812] and parameters: {'lag_0': 0.05534853834728116, 'lag_1': 0.5964950621120897, 'lag_2': 0.581922795315407, 'lag_3': 0.8942100718873788, 'lag_4': 0.588972836296488, 'lag_5': 0.6953124212236877, 'lag_6': 0.14194776418456562, 'lag_7': 0.13073450556391344, 'lag_8': 0.4447897074545222, 'lag_9': 0.7050854943986309, 'lag_10': 0.692671354838569, 'lag_11': 0.723631241487226, 'lag_12': 0.10953397404395249, 'lag_13': 0.2470453989944833, 'lag_14': 0.17220017716252617, 'lag_15': 0.7810911061227681, 'lag_16': 0.11366561883765013, 'lag_17': 0.22401136677005287, 'lag_18': 0.02551110603565342, 'lag_19': 0.49821477977645134, 'lag_20': 0.9684199920802664, 'lag_21': 0.5204883206896239, 'lag_22': 0.6735985022083025, 'lag_23': 0.31461756968752314, 'lag_24': 0.2575214058888269, 'lag_25': 0.8562741036664543, 'lag_26': 0.5541947577500898, 'lag_27': 0.028620519462148896, 'lag_28': 0.5636439525868577}.
[I 2025-10-03 11:36:38,783] Trial 26 finished with values: [0.005555555555555555, 0.001885432098765432, 0.001264694341231337, 0.002063547830318894, 0.00042582576259586066, 0.00022385471906545405, 0.000543308748489906, 0.0005384357335875304, 0.00022873622623915423, 0.0008719549025194506, 0.0014163753349817725, 0.003325854896712757, 0.003979452179233971, 0.023426510080101725, 0.0, 0.04572270421308401, 0.00018562018476063244, 0.00041376607482157703, 0.0014264477325183478, 0.0021016017437217914, 0.0013908837066488949, 3.565965413993504e-05, 1.8300529813393194e-05, 0.0014218212800564877, 0.0015743907432486516, 0.0003065504107216652, 0.0002575532897561209, 0.00013532060640754654, 0.00037379921244811175] and parameters: {'lag_0': 0.1941016319019942, 'lag_1': 0.29482137489310145, 'lag_2': 0.42379633656253674, 'lag_3': 0.615778400250296, 'lag_4': 0.24899981520200956, 'lag_5': 0.6731617063065688, 'lag_6': 0.1401162980077407, 'lag_7': 0.9268652208341748, 'lag_8': 0.8843557427827599, 'lag_9': 0.029867617700510943, 'lag_10': 0.5830666830124919, 'lag_11': 0.7780937532039961, 'lag_12': 0.8818920327280101, 'lag_13': 0.8043930106489158, 'lag_14': 0.9960264821851248, 'lag_15': 0.7571939138280076, 'lag_16': 0.913422952802055, 'lag_17': 0.604543634636285, 'lag_18': 0.7499017185509104, 'lag_19': 0.03707488839301819, 'lag_20': 0.3552798140764568, 'lag_21': 0.9067772249694401, 'lag_22': 0.41693121547020984, 'lag_23': 0.1513154432846321, 'lag_24': 0.12432733679377003, 'lag_25': 0.7162192274750793, 'lag_26': 0.5307828590544551, 'lag_27': 0.6019514121988997, 'lag_28': 0.6660829217314463}.
[I 2025-10-03 11:36:41,429] Trial 27 finished with values: [0.01201388888888889, 0.002757110353680148, 0.000561595102909603, 0.0015063405021963484, 0.0007045088049650175, 0.0003176933959989226, 0.00019154939076890422, 0.0004470346745596436, 0.0002280554704628227, 0.0007235414047045341, 0.0013787146875262992, 0.003499428661759898, 0.0032520933354710777, 0.025744254369230037, 0.0, 0.0448414755500255, 0.0002325046277987436, 0.00041440952382010824, 0.0018399679721605154, 0.002756387303235303, 0.0017324273640262054, 3.5600092991455774e-05, 0.000216125104506611, 0.001776348376080016, 0.0008628880290142667, 0.0001223425486282156, 0.00034828725865983175, 0.00043964409185106944, 0.0003954902621676173] and parameters: {'lag_0': 0.7306471933589483, 'lag_1': 0.777592910305778, 'lag_2': 0.7003299456775832, 'lag_3': 0.701107836217227, 'lag_4': 0.7399935182807814, 'lag_5': 0.49095694956715796, 'lag_6': 0.29182408528006426, 'lag_7': 0.3875448212598889, 'lag_8': 0.4450773276428256, 'lag_9': 0.6946683678453063, 'lag_10': 0.33021078444530383, 'lag_11': 0.8513900860994746, 'lag_12': 0.7873071543382716, 'lag_13': 0.5666794334066665, 'lag_14': 0.49453214930149186, 'lag_15': 0.2596822523449245, 'lag_16': 0.5007837012169565, 'lag_17': 0.5249543210538254, 'lag_18': 0.8143138100299177, 'lag_19': 0.6127469796729305, 'lag_20': 0.2183077388829731, 'lag_21': 0.43131316276730963, 'lag_22': 0.20895675202665018, 'lag_23': 0.2595601890394896, 'lag_24': 0.6213729341364991, 'lag_25': 0.3210278613975157, 'lag_26': 0.7765902738508716, 'lag_27': 0.6161526849863448, 'lag_28': 0.15724826036532225}.
[I 2025-10-03 11:36:44,084] Trial 28 finished with values: [0.0024691358024691358, 0.0010913588376672168, 0.0006304343075658239, 0.0017940531797679792, 0.0012439390015249398, 0.00039096260682634635, 0.0007104699695647714, 0.0009448128350001934, 0.0002744144780773891, 0.0009737820778930326, 0.001034333760695598, 0.003681436394951458, 0.003913078620239688, 0.02463460648847371, 0.0, 0.04709956939377632, 0.00020124067757997546, 0.0004489241659057618, 0.0016356677835584889, 0.00253084530794783, 0.0010649836262191033, 7.49458680968882e-05, 2.514379323970994e-05, 0.0016179246960916153, 0.0012224483843747834, 0.00012934300573272015, 0.00044169980983929744, 0.0003431140134879893, 0.00029444988884320814] and parameters: {'lag_0': 0.966964270097192, 'lag_1': 0.5651498639565996, 'lag_2': 0.36873123320177753, 'lag_3': 0.3534664871863351, 'lag_4': 0.38328097605307426, 'lag_5': 0.09244599243900631, 'lag_6': 0.6054859765910061, 'lag_7': 0.14775406661646942, 'lag_8': 0.20821743179532304, 'lag_9': 0.5483399075968387, 'lag_10': 0.5591188655533326, 'lag_11': 0.17897483265570752, 'lag_12': 0.6896887911175098, 'lag_13': 0.029362342097443775, 'lag_14': 0.19027116365404637, 'lag_15': 0.3468602464310361, 'lag_16': 0.05295984194769432, 'lag_17': 0.4024388388101457, 'lag_18': 0.8574527886658907, 'lag_19': 0.803021276379595, 'lag_20': 0.3226408587497328, 'lag_21': 0.3282876569418572, 'lag_22': 0.011968999607231834, 'lag_23': 0.9970499855918448, 'lag_24': 0.2197067070600501, 'lag_25': 0.8896936633524677, 'lag_26': 0.4323279518363182, 'lag_27': 0.055328132923223576, 'lag_28': 0.27142737622348523}.
