[I 2025-10-03 11:31:34,995] Trial 12 finished with values: [0.01781450872359963, 0.0012703611276099504, 0.0008383141872556355, 0.0004167921108955491, 0.0006287344008214051, 0.0003643038753342807, 0.0021765146780373204, 0.00021592573345289857, 0.0009596872530790501, 0.00034516483954746265, 0.0017732828568313753, 0.0012024695812621333, 0.002801418227015071, 0.00326443413046826, 0.0, 0.11629476652153585, 0.0009188498308749255, 0.018125717072944858, 0.010251586302191173, 0.0026745871813776303, 0.004969276348556466, 0.0038258476025206005, 0.004725707545095102, 0.00015170182168506584, 0.0013210792139990656, 0.0004725605181222309, 0.0007062876461492171, 0.0004235746601012563, 0.000425185735742788] and parameters: {'lag_0': 0.6591975684391381, 'lag_1': 0.40233268184572984, 'lag_2': 0.2610141115578552, 'lag_3': 0.30521301795850103, 'lag_4': 0.08857940697693496, 'lag_5': 0.08877759467470733, 'lag_6': 0.1798279053853564, 'lag_7': 0.6636386393931349, 'lag_8': 0.7411637017260448, 'lag_9': 0.36946243988979316, 'lag_10': 0.4347493662822815, 'lag_11': 0.9915119139017925, 'lag_12': 0.3900889763477243, 'lag_13': 0.4767778735367252, 'lag_14': 0.8558024573806696, 'lag_15': 0.8574640333698531, 'lag_16': 0.5785273504898383, 'lag_17': 0.37090908902183467, 'lag_18': 0.8943493084541666, 'lag_19': 0.3058134883620987, 'lag_20': 0.09350297570607775, 'lag_21': 0.3151154210147272, 'lag_22': 0.6957066639059267, 'lag_23': 0.6453626316077544, 'lag_24': 0.7215262938184818, 'lag_25': 0.9508659529728265, 'lag_26': 0.27244725264363784, 'lag_27': 0.4407268415303726, 'lag_28': 0.9862504679321715}.
[I 2025-10-03 11:31:37,665] Trial 13 finished with values: [0.02222222222222222, 0.001595457966152202, 0.0012461433751900191, 0.0009404789343398611, 0.001324115893049644, 0.0002903786285113956, 0.0027076352145507755, 9.636125194472829e-05, 0.001128258850248673, 0.00042558901012712465, 0.0005349187286444346, 0.0009457346405762344, 0.001421187185414149, 0.004616684638737496, 0.0, 0.10753314350188133, 0.0004299490252590506, 0.020605423942512437, 0.009532024739804048, 0.002070841583460757, 0.00411020506284882, 0.0036413775348945058, 0.005224859792229598, 0.00010888946541157589, 0.0011504104053952995, 0.0005036820524589316, 0.000649468369842738, 0.0005817458587342114, 0.0008563899977716155] and parameters: {'lag_0': 0.12062336615522182, 'lag_1': 0.7725913053133019, 'lag_2': 0.5245951590514855, 'lag_3': 0.6646019008654452, 'lag_4': 0.4762719989119807, 'lag_5': 0.9899945530751519, 'lag_6': 0.42397469517628034, 'lag_7': 0.8059558818144559, 'lag_8': 0.6649536250260439, 'lag_9': 0.18469616869126684, 'lag_10': 0.590009091457948, 'lag_11': 0.9461130776139404, 'lag_12': 0.9087924792459962, 'lag_13': 0.9876662828765582, 'lag_14': 0.4836688929738719, 'lag_15': 0.3359045538683917, 'lag_16': 0.9817844208709883, 'lag_17': 0.14622664900661406, 'lag_18': 0.7293003142252168, 'lag_19': 0.8961283724073914, 'lag_20': 0.792051405366224, 'lag_21': 0.609833364888771, 'lag_22': 0.020735259483393987, 'lag_23': 0.5554353060431954, 'lag_24': 0.5944661812677797, 'lag_25': 0.7898917330070104, 'lag_26': 0.3505865582191421, 'lag_27': 0.4390128041267952, 'lag_28': 0.07048923259856729}.
[I 2025-10-03 11:31:40,328] Trial 14 finished with values: [0.017361111111111112, 0.0037408237525034965, 0.0010595072080945979, 0.0017528818703951153, 0.0007153511729232307, 0.0003918234456906488, 0.0013491885223270155, 0.0005734693718992361, 0.0017077336367692006, 0.00011658246840842842, 0.0009008001709629572, 0.0008668687679588595, 0.0028717699344908225, 0.005077386714520399, 0.0, 0.11118308512507488, 0.0011404078448190636, 0.018114157260768548, 0.009078660402900826, 0.0024828718351809498, 0.0050457297304061215, 0.002593848996963309, 0.004542649244145629, 8.834515395558737e-05, 0.0013526208627376158, 0.000540350098914319, 0.0008992729748129004, 0.00035330789299354735, 0.0006742776247440213] and parameters: {'lag_0': 0.48747043116891614, 'lag_1': 0.9901202562612759, 'lag_2': 0.8832325309674731, 'lag_3': 0.33998117093955926, 'lag_4': 0.3525080673736146, 'lag_5': 0.32156220136783525, 'lag_6': 0.7649159135496598, 'lag_7': 0.32339238167495205, 'lag_8': 0.8283433265668784, 'lag_9': 0.2538268534362376, 'lag_10': 0.3982570416655003, 'lag_11': 0.6344249018480421, 'lag_12': 0.7684237340404724, 'lag_13': 0.292011746135543, 'lag_14': 0.16929998303295946, 'lag_15': 0.15015703344420325, 'lag_16': 0.968065814799026, 'lag_17': 0.07927661774507873, 'lag_18': 0.7672390321986972, 'lag_19': 0.36999912880949587, 'lag_20': 0.38449804869113263, 'lag_21': 0.5986907282931796, 'lag_22': 0.6465107514224072, 'lag_23': 0.22205394300594936, 'lag_24': 0.6605672300139467, 'lag_25': 0.7263578266856996, 'lag_26': 0.32563881714273984, 'lag_27': 0.1606966125720976, 'lag_28': 0.6584424880458465}.
[I 2025-10-03 11:31:42,985] Trial 15 finished with values: [0.01701388888888889, 0.0021381453380667115, 0.004134540125700539, 0.0004884719096782045, 0.00011771479517512731, 0.0003434299615506364, 0.0013570046117037352, 0.00042011920114146654, 0.0009912303110154225, 0.000416904498766263, 0.0005382681042430668, 0.000871106876279507, 0.0015342074675332678, 0.003788561064402374, 0.0, 0.11840886546326353, 0.0010037143569535934, 0.019024200413514897, 0.011034473431676817, 0.002528765583707125, 0.003850054444772976, 0.003761398781073063, 0.003998926612986511, 0.00019151623028141031, 0.0014575028581534023, 0.000637827919772712, 0.0007148372262463054, 0.00017595941324658506, 0.0007399659226959659] and parameters: {'lag_0': 0.20114556267686667, 'lag_1': 0.8226086423246494, 'lag_2': 0.9664080706903178, 'lag_3': 0.46737958161140697, 'lag_4': 0.5780007071055809, 'lag_5': 0.9737587547128437, 'lag_6': 0.47260156441144974, 'lag_7': 0.24619607311361036, 'lag_8': 0.22133897121684706, 'lag_9': 0.9283714665247346, 'lag_10': 0.5977442965415223, 'lag_11': 0.3208507596002105, 'lag_12': 0.3291120652514555, 'lag_13': 0.08778312766470221, 'lag_14': 0.12689200941323045, 'lag_15': 0.002820598408365867, 'lag_16': 0.1253608827803214, 'lag_17': 0.4515689639394551, 'lag_18': 0.8565478934810782, 'lag_19': 0.5134635493067391, 'lag_20': 0.6119068100041425, 'lag_21': 0.6591434446668776, 'lag_22': 0.8506462285256614, 'lag_23': 0.886087443206177, 'lag_24': 0.5829144782426018, 'lag_25': 0.8029104179663198, 'lag_26': 0.34321591696875525, 'lag_27': 0.5325071426020911, 'lag_28': 0.0018958553681840198}.
[I 2025-10-03 11:31:45,629] Trial 16 finished with values: [0.02383300460223537, 0.0038280429420644727, 0.0029156723590084686, 0.0004847114900999399, 0.0012711158473808523, 0.0009979721459697942, 0.0025929342252723, 0.0004978294636130501, 0.00053097582502413, 0.0007772358454581994, 0.000860370095656288, 0.001139685875262374, 0.0016552312238124894, 0.005443861393124826, 0.0, 0.1071758214754069, 0.000820384246981286, 0.018730594512560605, 0.009714038397566273, 0.0020775999949386855, 0.005035890680398008, 0.004188729896457901, 0.004509800815787581, 8.303725622440126e-05, 0.0008170134824691808, 0.0008530235341404645, 0.0005144390892884606, 0.00030166045082091156, 0.0006448246199982357] and parameters: {'lag_0': 0.08961376772113248, 'lag_1': 0.5243013680375586, 'lag_2': 0.37371918622960687, 'lag_3': 0.528136496378091, 'lag_4': 0.674224147937309, 'lag_5': 0.09700878011147654, 'lag_6': 0.24906754684508262, 'lag_7': 0.6025955291268056, 'lag_8': 0.580576076294237, 'lag_9': 0.5263906940401042, 'lag_10': 0.4989797345106625, 'lag_11': 0.04383985551084137, 'lag_12': 0.7879289206082163, 'lag_13': 0.16769970623730926, 'lag_14': 0.39941036687370124, 'lag_15': 0.04274237022039548, 'lag_16': 0.48630331190753795, 'lag_17': 0.5449297073536445, 'lag_18': 0.29342123961811717, 'lag_19': 0.0002910029062450823, 'lag_20': 0.9647972109356547, 'lag_21': 0.29161002011854176, 'lag_22': 0.553475773856697, 'lag_23': 0.9930447231119867, 'lag_24': 0.3748769745939693, 'lag_25': 0.7902652049295037, 'lag_26': 0.6062069788698672, 'lag_27': 0.623935715863608, 'lag_28': 0.9418321246796008}.
[I 2025-10-03 11:31:48,279] Trial 17 finished with values: [0.017236111111111112, 0.0022141986406296896, 0.0012707653211554135, 0.000936423715307079, 0.0005667723789935057, 0.0005729663630972786, 0.0016220562040730319, 0.0009721925803259229, 0.0018887604486781348, 0.00017248796683762372, 0.0010780228464893102, 0.0008486726567841909, 0.0023433206408472276, 0.004748916308710773, 0.0, 0.1133440793870325, 0.0008306362423267854, 0.01973030618619201, 0.010613839758022712, 0.002367576388810374, 0.0048378713803646735, 0.0032966192442072445, 0.004345580565143087, 9.002454081746089e-05, 0.0009824364898063417, 0.00047276585052499645, 0.001256966266709627, 0.00039356235946134824, 0.0006892607856469659] and parameters: {'lag_0': 0.07254033985369296, 'lag_1': 0.359443378934721, 'lag_2': 0.5978853370316375, 'lag_3': 0.3193465808821153, 'lag_4': 0.814449777874348, 'lag_5': 0.5960288801707362, 'lag_6': 0.5425665705905376, 'lag_7': 0.3469399970758495, 'lag_8': 0.8521895493733755, 'lag_9': 0.48453812131678475, 'lag_10': 0.9333878510806458, 'lag_11': 0.017037536084134407, 'lag_12': 0.6583142846818806, 'lag_13': 0.8048272861213569, 'lag_14': 0.4602564162946733, 'lag_15': 0.6194225142941141, 'lag_16': 0.37305795906006084, 'lag_17': 0.459389290826024, 'lag_18': 0.015433590907983508, 'lag_19': 0.19255819018183834, 'lag_20': 0.5187040364740962, 'lag_21': 0.8965737136286634, 'lag_22': 0.16660892828549329, 'lag_23': 0.3867248331083069, 'lag_24': 0.12195575557021285, 'lag_25': 0.5766905089581165, 'lag_26': 0.23741083586018416, 'lag_27': 0.7399245072154443, 'lag_28': 0.28060989715765067}.
[I 2025-10-03 11:31:50,935] Trial 18 finished with values: [0.014258953168044075, 0.002358207071956189, 0.0011923558758155464, 0.0030469841090555927, 0.0005076996518099154, 0.0005792710267932676, 0.0012998949431813223, 0.0004063397433509136, 0.0011718648013654457, 0.0001967733916493861, 0.0006522043768485399, 0.0008232698983053896, 0.0029270238651074726, 0.006069425422888523, 0.0, 0.10935473301050891, 0.0003665977784192993, 0.020634113777647213, 0.01100969781918534, 0.0024284142756481387, 0.004542753058694278, 0.0029393154322401656, 0.003849788242088133, 7.329966161615694e-05, 0.0012716545737755053, 0.0007924234697850637, 0.0006710180508021851, 0.0004267253647522474, 0.0004101572916396839] and parameters: {'lag_0': 0.7863995608220783, 'lag_1': 0.32652102102668684, 'lag_2': 0.11571683539464196, 'lag_3': 0.41764139713916393, 'lag_4': 0.05458883534498584, 'lag_5': 0.2382311425828886, 'lag_6': 0.06380150277319152, 'lag_7': 0.8579639037821845, 'lag_8': 0.4629245638081606, 'lag_9': 0.5169158020941428, 'lag_10': 0.6127186474883262, 'lag_11': 0.9468314904990368, 'lag_12': 0.612647022709318, 'lag_13': 0.5289052052432517, 'lag_14': 0.6979436754190452, 'lag_15': 0.516645093651812, 'lag_16': 0.8967380619002745, 'lag_17': 0.6578217965692252, 'lag_18': 0.2843895093006674, 'lag_19': 0.57065504354397, 'lag_20': 0.25072509533811377, 'lag_21': 0.929581352163626, 'lag_22': 0.6058898250928466, 'lag_23': 0.9538589068871602, 'lag_24': 0.4348797360652421, 'lag_25': 0.14669052979452346, 'lag_26': 0.1682147108424644, 'lag_27': 0.18346303968774325, 'lag_28': 0.5990403533226526}.
[I 2025-10-03 11:31:53,592] Trial 19 finished with values: [0.02244444444444444, 0.0036202491603557277, 0.0007743782925874434, 0.002128562754713856, 0.0006905054080160951, 0.0009473792845036277, 0.0009777241946976247, 0.0008756955195739609, 0.00014653347918700948, 0.0002980787290072884, 0.0007866475424633971, 0.0009148890410942457, 0.0027866390904081784, 0.005761317488167167, 0.0, 0.11760627614206469, 0.0002923116651825671, 0.020910701406110895, 0.010123759628456816, 0.002461585980091855, 0.005297950935134724, 0.003746688553585701, 0.0043043618393771785, 8.654925378142239e-05, 0.0016751181517111705, 0.0012106099190468378, 0.00043876259273191383, 0.00032207827916305926, 0.0003157364216721293] and parameters: {'lag_0': 0.9724390337819849, 'lag_1': 0.7209742156573896, 'lag_2': 0.7593232021867022, 'lag_3': 0.8460842412739067, 'lag_4': 0.5284779616391252, 'lag_5': 0.3595110349956768, 'lag_6': 0.9450629449232686, 'lag_7': 0.39202234204058767, 'lag_8': 0.1937010277545357, 'lag_9': 0.5797312635756021, 'lag_10': 0.890090798046058, 'lag_11': 0.8631329266415976, 'lag_12': 0.6613607070561076, 'lag_13': 0.7950447552703642, 'lag_14': 0.9525455354935211, 'lag_15': 0.24223918965843677, 'lag_16': 0.5200963050745356, 'lag_17': 0.07194500355158656, 'lag_18': 0.7594658827745869, 'lag_19': 0.018192630082947355, 'lag_20': 0.4627588961947294, 'lag_21': 0.05224714580593188, 'lag_22': 0.9148833404410484, 'lag_23': 0.6210463340447736, 'lag_24': 0.0817236947991744, 'lag_25': 0.7647662747491385, 'lag_26': 0.2712453985885937, 'lag_27': 0.6878798536634624, 'lag_28': 0.7757265144333915}.
[I 2025-10-03 11:31:56,249] Trial 20 finished with values: [0.008527777777777778, 0.004171418772268879, 0.0006215627382183729, 0.0013155421492149018, 0.0004397345779054279, 0.0009312930599671007, 0.0004946496441935832, 0.000576798515115764, 0.0016732702851493821, 9.792027721540044e-05, 0.000994780882729728, 0.0009891494381918217, 0.0021431411124801917, 0.004482569952720157, 0.0, 0.10228720493027306, 0.0004642303274145248, 0.01964218926290468, 0.010016261035896418, 0.0025013872539076366, 0.004606524746682591, 0.003186727359239369, 0.004112423771449241, 6.3092699643783e-05, 0.0014739771520036493, 0.0006872281684581132, 0.0003240855240432351, 0.00011792193266491672, 0.0003999965214897726] and parameters: {'lag_0': 0.8929136699877175, 'lag_1': 0.5842020807144984, 'lag_2': 0.6999221248806361, 'lag_3': 0.6495962411111375, 'lag_4': 0.4150430718170306, 'lag_5': 0.8361376398387061, 'lag_6': 0.12323850463864203, 'lag_7': 0.327278975043995, 'lag_8': 0.22435880168578412, 'lag_9': 0.3330575661357693, 'lag_10': 0.7278347928246319, 'lag_11': 0.5210401932404273, 'lag_12': 0.2986814932637508, 'lag_13': 0.5276042500840885, 'lag_14': 0.4951136312419346, 'lag_15': 0.6732949199174848, 'lag_16': 0.29430437024689876, 'lag_17': 0.8843239148048864, 'lag_18': 0.09593103144561742, 'lag_19': 0.38536211413054217, 'lag_20': 0.2155538536421931, 'lag_21': 0.9742265176602781, 'lag_22': 0.5671558140347499, 'lag_23': 0.6428087266676972, 'lag_24': 0.15168188874376248, 'lag_25': 0.9306295047780844, 'lag_26': 0.11652566421867588, 'lag_27': 0.36104418275390093, 'lag_28': 0.6524951672003155}.
[I 2025-10-03 11:31:58,904] Trial 21 finished with values: [0.02777777777777778, 0.0024436520898753152, 0.0014401414023270838, 0.0007631539937005567, 0.0007019471003856888, 0.0012838331583292304, 0.0025615262487350635, 0.00034095473327078825, 0.000506250851107834, 0.00032402283969884657, 0.0007088462339871756, 0.0007883219131835379, 0.0029036203843043245, 0.006028812907483106, 0.0, 0.11932594304010258, 0.0007499778621236606, 0.020219777705312192, 0.010986493125944607, 0.002142791689362691, 0.003978717639482746, 0.0038429361080672096, 0.003895436323794881, 9.086377600398386e-05, 0.0016137834046418401, 0.0005127758374525928, 0.00048218026936971026, 0.00044016945347198443, 0.0008001556090602603] and parameters: {'lag_0': 0.6652982722760628, 'lag_1': 0.09600894419305557, 'lag_2': 0.6861933355321624, 'lag_3': 0.03294679490700355, 'lag_4': 0.4154552061031483, 'lag_5': 0.5919017283972643, 'lag_6': 0.26026524934749534, 'lag_7': 0.6043139437817817, 'lag_8': 0.6979784952612827, 'lag_9': 0.13288167641621976, 'lag_10': 0.8944318987641887, 'lag_11': 0.297422555650784, 'lag_12': 0.6107561895676324, 'lag_13': 0.20420420969227263, 'lag_14': 0.8428168414260571, 'lag_15': 0.13245430344943993, 'lag_16': 0.9927037540680349, 'lag_17': 0.8540818634526202, 'lag_18': 0.6494519242992227, 'lag_19': 0.8549354009404183, 'lag_20': 0.6120223103607326, 'lag_21': 0.5650750287017027, 'lag_22': 0.2763285676334405, 'lag_23': 0.2511447566314491, 'lag_24': 0.14058527994496406, 'lag_25': 0.7775895016025489, 'lag_26': 0.5752926178339808, 'lag_27': 0.7297006892232653, 'lag_28': 0.24552407272639526}.
[I 2025-10-03 11:32:01,566] Trial 22 finished with values: [0.022839506172839506, 0.0006797055894985477, 0.001424823041042913, 0.00047444174775852446, 0.00018757178919928758, 0.0006357956134266682, 0.0006578927803985964, 0.0002474728676049007, 0.0018578443379417282, 0.00021831148801453298, 0.0006357961509273691, 0.0011477590606924636, 0.0025826245340711935, 0.004676632913776834, 0.0, 0.11822551923934459, 0.0009300629709492128, 0.020115062633806396, 0.009781528203745822, 0.0026501773121960326, 0.004174873924276646, 0.0031876653634559603, 0.00545923314333328, 0.00012019621145600299, 0.0011210261856459244, 0.00045479478121575784, 0.0006329490998204315, 0.0003966927963436664, 0.000547575425992096] and parameters: {'lag_0': 0.43567293288035425, 'lag_1': 0.25478866466067435, 'lag_2': 0.9345904060992177, 'lag_3': 0.7809657071788911, 'lag_4': 0.4537621524159346, 'lag_5': 0.8065034806107261, 'lag_6': 0.26319938751701866, 'lag_7': 0.7185527584093894, 'lag_8': 0.30546966733923797, 'lag_9': 0.5901180087927047, 'lag_10': 0.4157214830760448, 'lag_11': 0.6727935630901016, 'lag_12': 0.754790027501076, 'lag_13': 0.3599969573445567, 'lag_14': 0.4380204594571407, 'lag_15': 0.15855563443668647, 'lag_16': 0.7480080237708071, 'lag_17': 0.7171415021486005, 'lag_18': 0.8625073049446143, 'lag_19': 0.8524035719813036, 'lag_20': 0.30144392652860774, 'lag_21': 0.04695619877952066, 'lag_22': 0.7840014318635535, 'lag_23': 0.9826826415485205, 'lag_24': 0.47274835603058035, 'lag_25': 0.9114254422728532, 'lag_26': 0.7165028676776508, 'lag_27': 0.6140057268120123, 'lag_28': 0.09506323962024817}.
[I 2025-10-03 11:32:04,222] Trial 23 finished with values: [0.02022222222222222, 0.0011943458189610438, 0.0007322810461443957, 0.0006148671674322432, 0.000801129096674762, 0.000406133156302448, 0.0017516145207786267, 0.000455882856762914, 0.0013004066451730652, 0.00013045706126506775, 0.0006695640252773373, 0.00024410750172146957, 0.003182001384759639, 0.0056842725212279425, 0.0, 0.1049680735708153, 0.0003601803535814918, 0.01810858430157702, 0.009510395617847252, 0.002230879136980882, 0.004709127124236868, 0.0031096474497072377, 0.005096905770826549, 9.665713650531971e-05, 0.0011915485579911986, 0.0010466187347586745, 0.0005042003842181508, 0.0003024946726824829, 0.00035044031342447305] and parameters: {'lag_0': 0.2842781277485033, 'lag_1': 0.809549023221819, 'lag_2': 0.9245055432468869, 'lag_3': 0.5916538120560529, 'lag_4': 0.0305327172522679, 'lag_5': 0.5284560135594836, 'lag_6': 0.3718136222017302, 'lag_7': 0.11099831006956533, 'lag_8': 0.9777326641924684, 'lag_9': 0.6235266616694144, 'lag_10': 0.980559184167672, 'lag_11': 0.26214632353211004, 'lag_12': 0.8504541298055733, 'lag_13': 0.42185376103866723, 'lag_14': 0.5191918298973266, 'lag_15': 0.11924552248036953, 'lag_16': 0.6431964501417478, 'lag_17': 0.7181851775906518, 'lag_18': 0.6187227399860389, 'lag_19': 0.7827730162865973, 'lag_20': 0.15884976666737274, 'lag_21': 0.9957882378811799, 'lag_22': 0.6828657950981698, 'lag_23': 0.3593052888603482, 'lag_24': 0.267470045996197, 'lag_25': 0.921812486363725, 'lag_26': 0.667759603832091, 'lag_27': 0.6337835732442831, 'lag_28': 0.6164153000263787}.
[I 2025-10-03 11:32:06,866] Trial 24 finished with values: [0.016888888888888887, 0.0034125747779160873, 0.002041200913662662, 0.0004189927374965044, 0.00032008605112486673, 0.000531082237702198, 0.0025527097880013016, 0.0005755137903699916, 0.0005656628686607772, 0.0005917213992855014, 0.0013340393006280222, 0.0009379217614196303, 0.0020420914585855482, 0.005086590723204141, 0.0, 0.11287207775407435, 0.0006599586295484577, 0.0195681271689976, 0.010524209360543676, 0.00225042264156407, 0.004672845861358688, 0.003697520964264045, 0.005134619108246913, 5.389143525748682e-05, 0.001168278934242388, 0.0006910023359127024, 0.0011604989474103028, 0.00016070577042974902, 0.0002774428470470832] and parameters: {'lag_0': 0.41947986563630524, 'lag_1': 0.715915590422398, 'lag_2': 0.9099692813170895, 'lag_3': 0.38566146733113565, 'lag_4': 0.5679112648048688, 'lag_5': 0.7600761555341183, 'lag_6': 0.11453322060631255, 'lag_7': 0.17343137551740312, 'lag_8': 0.5616107352420544, 'lag_9': 0.3711174022462759, 'lag_10': 0.655478946163564, 'lag_11': 0.2991162955462864, 'lag_12': 0.35749526256337305, 'lag_13': 0.6897664816283599, 'lag_14': 0.9247745217549498, 'lag_15': 0.15799035200935418, 'lag_16': 0.46727714074904336, 'lag_17': 0.9553524855578396, 'lag_18': 0.6191676457602507, 'lag_19': 0.4479347932561878, 'lag_20': 0.5016112920881678, 'lag_21': 0.5313129735803979, 'lag_22': 0.49414159463939, 'lag_23': 0.09059960304059277, 'lag_24': 0.11022074725976534, 'lag_25': 0.7762492587963686, 'lag_26': 0.48613019855472406, 'lag_27': 0.02090542363225184, 'lag_28': 0.3153226432320347}.
