[I 2025-09-29 12:51:08,012] Trial 19 finished with value: 0.004063851367337738 and parameters: {'lag_0': 0.3798005449853746, 'lag_1': 0.7530411643415246, 'lag_2': 0.5813979150052345, 'lag_3': 0.6134410813657086, 'lag_4': 0.14604945239339484, 'lag_5': 0.9831274595157997, 'lag_6': 0.23153748603807728, 'lag_7': 0.16958344070713138, 'lag_8': 0.697712604598287, 'lag_9': 0.1434792444757152, 'lag_10': 0.004953861141699545, 'lag_11': 0.25461627889242733, 'lag_12': 0.6556896664080291, 'lag_13': 0.11113939094686776, 'lag_14': 0.6083828990105251, 'lag_15': 0.5878156202758225, 'lag_16': 0.17573496674495678, 'lag_17': 0.44909311053756296, 'lag_18': 0.738861609811743, 'lag_19': 0.40281036196707976, 'lag_20': 0.15487086058235164, 'lag_21': 0.9317302377933148, 'lag_22': 0.9865707978768763, 'lag_23': 0.13699902930276747, 'lag_24': 0.8466280348928198, 'lag_25': 0.6647016752860966, 'lag_26': 0.27457984356135073, 'lag_27': 0.11559455340723529, 'lag_28': 0.1793603586360467}. Best is trial 4 with value: 0.0036804962818087566.
[I 2025-09-29 12:51:10,497] Trial 20 finished with value: 0.004150081742270296 and parameters: {'lag_0': 0.17360195943091672, 'lag_1': 0.015081203980653365, 'lag_2': 0.7727829739270169, 'lag_3': 0.6009348570686237, 'lag_4': 0.5573377720869938, 'lag_5': 0.07801434497964982, 'lag_6': 0.7463541111683519, 'lag_7': 0.8514755667661323, 'lag_8': 0.889195728163903, 'lag_9': 0.609720442375893, 'lag_10': 0.8921424320848974, 'lag_11': 0.7586059564624037, 'lag_12': 0.980250536011478, 'lag_13': 0.4767121888575844, 'lag_14': 0.014495944399005815, 'lag_15': 0.7843331567602804, 'lag_16': 0.6003861122431784, 'lag_17': 0.8821184883761086, 'lag_18': 0.4043037441393187, 'lag_19': 0.4831605191753481, 'lag_20': 0.7273131293133162, 'lag_21': 0.7111438218986742, 'lag_22': 0.7754286717881866, 'lag_23': 0.5360068334230502, 'lag_24': 0.6231318487085707, 'lag_25': 0.2613543977764179, 'lag_26': 0.0437266579746009, 'lag_27': 0.28334112618247664, 'lag_28': 0.5480504188471167}. Best is trial 4 with value: 0.0036804962818087566.
[I 2025-09-29 12:51:12,986] Trial 21 finished with value: 0.004015321126093036 and parameters: {'lag_0': 0.7136340868957199, 'lag_1': 0.7647345436874065, 'lag_2': 0.5163379083615433, 'lag_3': 0.9945652568381497, 'lag_4': 0.462790363304217, 'lag_5': 0.26704713560442767, 'lag_6': 0.5521883559351192, 'lag_7': 0.4556562942560321, 'lag_8': 0.21784805461672152, 'lag_9': 0.012483264510696708, 'lag_10': 0.4302927045681913, 'lag_11': 0.6024440579087339, 'lag_12': 0.7483133669473919, 'lag_13': 0.1995703999244563, 'lag_14': 0.5091161852714863, 'lag_15': 0.2935447025492051, 'lag_16': 0.1274264554856778, 'lag_17': 0.6202197072587574, 'lag_18': 0.4612589051625775, 'lag_19': 0.693016999942899, 'lag_20': 0.8856487647061554, 'lag_21': 0.7337268552534763, 'lag_22': 0.40464904561493253, 'lag_23': 0.41302982351780104, 'lag_24': 0.7516530680881711, 'lag_25': 0.8427441063577386, 'lag_26': 0.960301767050252, 'lag_27': 0.9865179093874129, 'lag_28': 0.7846594781319197}. Best is trial 4 with value: 0.0036804962818087566.
[I 2025-09-29 12:51:15,476] Trial 22 finished with value: 0.0043054508343396995 and parameters: {'lag_0': 0.9376027191067156, 'lag_1': 0.9523699359226746, 'lag_2': 0.3002228012655148, 'lag_3': 0.8573265829693594, 'lag_4': 0.8553031813452815, 'lag_5': 0.49259559376488166, 'lag_6': 0.400535269113781, 'lag_7': 0.6185100170893857, 'lag_8': 0.0133132604383287, 'lag_9': 0.14839652346592314, 'lag_10': 0.2668313564866558, 'lag_11': 0.7036573703611175, 'lag_12': 0.5058546264042709, 'lag_13': 0.09168530411854703, 'lag_14': 0.19542873056483212, 'lag_15': 0.2779161095617394, 'lag_16': 0.11938577578344947, 'lag_17': 0.6181648881486499, 'lag_18': 0.7270225768253128, 'lag_19': 0.7071978266840697, 'lag_20': 0.9985342219321427, 'lag_21': 0.587683452814483, 'lag_22': 0.30476158090133243, 'lag_23': 0.4077720631997037, 'lag_24': 0.6982188433074409, 'lag_25': 0.6616845522971648, 'lag_26': 0.9164903564056376, 'lag_27': 0.9827234300986544, 'lag_28': 0.8840140457929515}. Best is trial 4 with value: 0.0036804962818087566.
[I 2025-09-29 12:51:17,966] Trial 23 finished with value: 0.004015289510341284 and parameters: {'lag_0': 0.7566496673045929, 'lag_1': 0.56013427348764, 'lag_2': 0.5481658179823472, 'lag_3': 0.915719691798844, 'lag_4': 0.14422135164185695, 'lag_5': 0.18968327719400085, 'lag_6': 0.17840707101972492, 'lag_7': 0.4012685644353714, 'lag_8': 0.2450717420352225, 'lag_9': 0.3019311017778737, 'lag_10': 0.45779808585022014, 'lag_11': 0.539074227032119, 'lag_12': 0.6598008144726207, 'lag_13': 0.2668386498986604, 'lag_14': 0.3694737834894886, 'lag_15': 0.496167702955576, 'lag_16': 0.22886454471236348, 'lag_17': 0.6905504894385559, 'lag_18': 0.6542182092395011, 'lag_19': 0.8852751783584913, 'lag_20': 0.988507185832598, 'lag_21': 0.5219071264882106, 'lag_22': 0.5616476664900186, 'lag_23': 0.630750896910138, 'lag_24': 0.9086053255255068, 'lag_25': 0.7434760296086231, 'lag_26': 0.44210010006406847, 'lag_27': 0.8310633976529089, 'lag_28': 0.7288424665616353}. Best is trial 4 with value: 0.0036804962818087566.
[I 2025-09-29 12:51:20,461] Trial 24 finished with value: 0.004035294161804122 and parameters: {'lag_0': 0.9885940442954287, 'lag_1': 0.73080617044962, 'lag_2': 0.9077529495354132, 'lag_3': 0.7830938497882098, 'lag_4': 0.5245499004257272, 'lag_5': 0.31221487025991235, 'lag_6': 0.4367041543505641, 'lag_7': 0.5939840200027255, 'lag_8': 0.5066486206890608, 'lag_9': 0.06756800471638537, 'lag_10': 0.6575463504025159, 'lag_11': 0.8485797947363922, 'lag_12': 0.7863028320037881, 'lag_13': 0.3846450698429633, 'lag_14': 0.5121552401170366, 'lag_15': 0.022270799303260758, 'lag_16': 0.08076877347849473, 'lag_17': 0.8674356123645786, 'lag_18': 0.28853861053289975, 'lag_19': 0.6524400634083021, 'lag_20': 0.5534986073718655, 'lag_21': 0.7684586639113618, 'lag_22': 0.3618701975334483, 'lag_23': 0.44146090421650336, 'lag_24': 0.8111963507746733, 'lag_25': 0.47654402533291806, 'lag_26': 0.8673886716426742, 'lag_27': 0.8260428571500655, 'lag_28': 0.9159742737396354}. Best is trial 4 with value: 0.0036804962818087566.
[I 2025-09-29 12:51:22,962] Trial 25 finished with value: 0.004117636757528652 and parameters: {'lag_0': 0.32154359175547353, 'lag_1': 0.882884563705889, 'lag_2': 0.7246252223303815, 'lag_3': 0.8455786498795876, 'lag_4': 0.3694964998005716, 'lag_5': 0.07497753482533465, 'lag_6': 0.5300750114219731, 'lag_7': 0.45261140186308635, 'lag_8': 0.2973446074433495, 'lag_9': 0.09644393987189695, 'lag_10': 0.5877338021694374, 'lag_11': 0.4021485533633901, 'lag_12': 0.8995200149054985, 'lag_13': 0.17845871201600816, 'lag_14': 0.13458402818100212, 'lag_15': 0.27888192907729703, 'lag_16': 0.3786428796280167, 'lag_17': 0.24494624050102748, 'lag_18': 0.8767179293390517, 'lag_19': 0.4742632676922611, 'lag_20': 0.37631650600753047, 'lag_21': 0.6766868204028691, 'lag_22': 0.2188688204562157, 'lag_23': 0.3166165664204567, 'lag_24': 0.6736861721978027, 'lag_25': 0.6368290968390821, 'lag_26': 0.9987602085747549, 'lag_27': 0.61121216605815, 'lag_28': 0.7239544181070379}. Best is trial 4 with value: 0.0036804962818087566.
[I 2025-09-29 12:51:25,452] Trial 26 finished with value: 0.004033964386698319 and parameters: {'lag_0': 0.527831526859732, 'lag_1': 0.5468346398210912, 'lag_2': 0.616596384438797, 'lag_3': 0.43874339311787974, 'lag_4': 0.709370260947874, 'lag_5': 0.4619606866966987, 'lag_6': 0.39140273760254907, 'lag_7': 0.7387318423686591, 'lag_8': 0.47175276900039015, 'lag_9': 0.2618789266156787, 'lag_10': 0.3381467614738452, 'lag_11': 0.9750318081412512, 'lag_12': 0.6729218258101222, 'lag_13': 0.3216718088270703, 'lag_14': 0.8646715726102329, 'lag_15': 0.11512108308894686, 'lag_16': 0.19266205666134117, 'lag_17': 0.5229123244060544, 'lag_18': 0.43452429157365946, 'lag_19': 0.7487557526606421, 'lag_20': 0.9315684178585233, 'lag_21': 0.9072791877295656, 'lag_22': 0.46510860730598097, 'lag_23': 0.13969772728168292, 'lag_24': 0.47910797727875926, 'lag_25': 0.8879409339454039, 'lag_26': 0.5700530487476756, 'lag_27': 0.4282989373596058, 'lag_28': 0.5867410445855781}. Best is trial 4 with value: 0.0036804962818087566.
[I 2025-09-29 12:51:27,949] Trial 27 finished with value: 0.003714597154453013 and parameters: {'lag_0': 0.19210762600809428, 'lag_1': 0.71924129620633, 'lag_2': 0.45124479758749514, 'lag_3': 0.9960444868929625, 'lag_4': 0.9319071887273345, 'lag_5': 0.6101513646306352, 'lag_6': 0.22324146891807817, 'lag_7': 0.22905110142555235, 'lag_8': 0.09678262735722198, 'lag_9': 0.4449574571107079, 'lag_10': 0.525265492963894, 'lag_11': 0.6842965990699666, 'lag_12': 0.49992071557358564, 'lag_13': 0.09321030159690871, 'lag_14': 0.3071847577127038, 'lag_15': 0.6694840574862428, 'lag_16': 0.5305550347520213, 'lag_17': 0.6999737691251641, 'lag_18': 0.5805826717653854, 'lag_19': 0.6008292037838796, 'lag_20': 0.7070633840146875, 'lag_21': 0.5394932217926979, 'lag_22': 0.14401529014255948, 'lag_23': 0.5034089618518799, 'lag_24': 0.7831052480692724, 'lag_25': 0.5339665162819043, 'lag_26': 0.7979296865302713, 'lag_27': 0.9113817462750933, 'lag_28': 0.44593306283765577}. Best is trial 4 with value: 0.0036804962818087566.
[I 2025-09-29 12:51:30,442] Trial 28 finished with value: 0.004043893087128188 and parameters: {'lag_0': 0.22814144531073033, 'lag_1': 0.6863851816487412, 'lag_2': 0.11734103091523018, 'lag_3': 0.9915267165475712, 'lag_4': 0.90320172955286, 'lag_5': 0.6665272159840676, 'lag_6': 0.250003673983418, 'lag_7': 0.21364322932413843, 'lag_8': 0.6143535635132626, 'lag_9': 0.4196322249524146, 'lag_10': 0.7424600520870281, 'lag_11': 0.6738227430731774, 'lag_12': 0.29134467895585203, 'lag_13': 0.08297009489553019, 'lag_14': 0.30216057077286396, 'lag_15': 0.6794073478006877, 'lag_16': 0.6229463818341753, 'lag_17': 0.6915659783687519, 'lag_18': 0.5719601732613656, 'lag_19': 0.29765378682079896, 'lag_20': 0.7666686415620758, 'lag_21': 0.2997527188967246, 'lag_22': 0.09207249023260361, 'lag_23': 0.7001262316112322, 'lag_24': 0.9056600538259938, 'lag_25': 0.49447023688618585, 'lag_26': 0.7928433060772027, 'lag_27': 0.10138309781573832, 'lag_28': 0.4361190077314006}. Best is trial 4 with value: 0.0036804962818087566.
[I 2025-09-29 12:51:32,938] Trial 29 finished with value: 0.004606585587097109 and parameters: {'lag_0': 0.20346107181326195, 'lag_1': 0.43674369198617036, 'lag_2': 0.4611201802570524, 'lag_3': 0.002399397473913545, 'lag_4': 0.9278685102614036, 'lag_5': 0.7219859982137353, 'lag_6': 0.6692742421567672, 'lag_7': 0.3746568057366797, 'lag_8': 0.1263749529577484, 'lag_9': 0.5301645661535925, 'lag_10': 0.8706255541815394, 'lag_11': 0.5732681791336853, 'lag_12': 0.5102637707932792, 'lag_13': 0.41115147108930583, 'lag_14': 0.15135299331067453, 'lag_15': 0.6354769012071779, 'lag_16': 0.5078626059224516, 'lag_17': 0.8751101625148408, 'lag_18': 0.6906113234698613, 'lag_19': 0.5841287282716694, 'lag_20': 0.6536052091685409, 'lag_21': 0.5151054692473184, 'lag_22': 0.01440137044889725, 'lag_23': 0.4820170427994201, 'lag_24': 0.7748092608090908, 'lag_25': 0.31090002135165395, 'lag_26': 0.31077777203759854, 'lag_27': 0.9188975559068191, 'lag_28': 0.44972995305322927}. Best is trial 4 with value: 0.0036804962818087566.
[I 2025-09-29 12:51:35,429] Trial 30 finished with value: 0.004305465859803839 and parameters: {'lag_0': 0.38447480449593674, 'lag_1': 0.8226922873253939, 'lag_2': 0.3130226694925139, 'lag_3': 0.23495768053621002, 'lag_4': 0.8244978305784025, 'lag_5': 0.9179689941376734, 'lag_6': 0.177731071222871, 'lag_7': 0.020093852722642025, 'lag_8': 0.7159267479060007, 'lag_9': 0.751962570868739, 'lag_10': 0.5013726135105679, 'lag_11': 0.7825310819506595, 'lag_12': 0.4088299549545211, 'lag_13': 0.24633351619465643, 'lag_14': 0.5792586850705845, 'lag_15': 0.5348752716400069, 'lag_16': 0.5221819949534967, 'lag_17': 0.712781447658093, 'lag_18': 0.7970196764814208, 'lag_19': 0.8421430920757742, 'lag_20': 0.7877570781400445, 'lag_21': 0.21941315359872893, 'lag_22': 0.16902524459714185, 'lag_23': 0.5553832573751645, 'lag_24': 0.5334530305309122, 'lag_25': 0.3510087456990605, 'lag_26': 0.6125450550560976, 'lag_27': 0.2596835587113256, 'lag_28': 0.3985149039653058}. Best is trial 4 with value: 0.0036804962818087566.
[I 2025-09-29 12:51:37,923] Trial 31 finished with value: 0.004140094596519755 and parameters: {'lag_0': 0.08268167455787735, 'lag_1': 0.6731698992146373, 'lag_2': 0.36904552554983305, 'lag_3': 0.9191436169422611, 'lag_4': 0.7482761150916953, 'lag_5': 0.18060335672849068, 'lag_6': 0.3122256206553197, 'lag_7': 0.49074228356099325, 'lag_8': 0.11969341618152067, 'lag_9': 0.33732269641927237, 'lag_10': 0.24371271968608277, 'lag_11': 0.5079401339785015, 'lag_12': 0.5544279241181347, 'lag_13': 0.16236843871453482, 'lag_14': 0.4440899388052919, 'lag_15': 0.8232020618504045, 'lag_16': 0.0613580554972068, 'lag_17': 0.48135619662438506, 'lag_18': 0.5405207260179288, 'lag_19': 0.6127801836555175, 'lag_20': 0.7079278212610265, 'lag_21': 0.675309291217047, 'lag_22': 0.29283784078141634, 'lag_23': 0.4754409430108254, 'lag_24': 0.6743774403745024, 'lag_25': 0.6985874426261196, 'lag_26': 0.911752592384596, 'lag_27': 0.772745686370223, 'lag_28': 0.3709823433108073}. Best is trial 4 with value: 0.0036804962818087566.
[I 2025-09-29 12:51:40,420] Trial 32 finished with value: 0.004020857277987819 and parameters: {'lag_0': 0.4907511880644205, 'lag_1': 0.3054875266358953, 'lag_2': 0.4088373164455089, 'lag_3': 0.7971082026810501, 'lag_4': 0.6021350220999188, 'lag_5': 0.6441889123475617, 'lag_6': 0.1354424360514121, 'lag_7': 0.546711606728376, 'lag_8': 0.18206507801957664, 'lag_9': 0.23063016133457614, 'lag_10': 0.5234926797453127, 'lag_11': 0.32299532357807403, 'lag_12': 0.6585622640418952, 'lag_13': 0.06852015778140037, 'lag_14': 0.36186558508160216, 'lag_15': 0.4480287926886479, 'lag_16': 0.36295067550870763, 'lag_17': 0.572809502289773, 'lag_18': 0.48583676224282324, 'lag_19': 0.4616208528052118, 'lag_20': 0.5754908758657262, 'lag_21': 0.5546524459891133, 'lag_22': 0.14928588452552496, 'lag_23': 0.12738964132664146, 'lag_24': 0.7949722276032041, 'lag_25': 0.7767362247433183, 'lag_26': 0.6665150638706673, 'lag_27': 0.5699620479206975, 'lag_28': 0.4921568814933837}. Best is trial 4 with value: 0.0036804962818087566.
[I 2025-09-29 12:51:42,923] Trial 33 finished with value: 0.0037682426276953855 and parameters: {'lag_0': 0.2974249558509337, 'lag_1': 0.8974880710077863, 'lag_2': 0.5572236505223187, 'lag_3': 0.5724153224574788, 'lag_4': 0.899138077138339, 'lag_5': 0.5357029996957897, 'lag_6': 0.25320785846379773, 'lag_7': 0.24060416075638047, 'lag_8': 0.09287075567028617, 'lag_9': 0.10140568956833973, 'lag_10': 0.44755961850417525, 'lag_11': 0.6137269898013108, 'lag_12': 0.7834492538493352, 'lag_13': 0.21353679604825831, 'lag_14': 0.5592283322392374, 'lag_15': 0.21559972559166396, 'lag_16': 0.2659797060050656, 'lag_17': 0.997371123061205, 'lag_18': 0.5211862128271002, 'lag_19': 0.5270206439012789, 'lag_20': 0.4945840755856739, 'lag_21': 0.8291675267136758, 'lag_22': 0.27405784313709713, 'lag_23': 0.3502106532011505, 'lag_24': 0.894342037904269, 'lag_25': 0.5378487321037038, 'lag_26': 0.8183535010671148, 'lag_27': 0.8997747485294113, 'lag_28': 0.8297028015919661}. Best is trial 4 with value: 0.0036804962818087566.
[I 2025-09-29 12:51:45,410] Trial 34 finished with value: 0.004198358952321799 and parameters: {'lag_0': 0.3076965446934664, 'lag_1': 0.8951257943285225, 'lag_2': 0.5564025811043554, 'lag_3': 0.5997703281515967, 'lag_4': 0.9851323741886959, 'lag_5': 0.6002821827044971, 'lag_6': 0.2636630136097731, 'lag_7': 0.07967937230544819, 'lag_8': 0.07119501193326741, 'lag_9': 0.10675759640650023, 'lag_10': 0.438492852803394, 'lag_11': 0.4183647743360017, 'lag_12': 0.8590801503281515, 'lag_13': 0.3199125422117612, 'lag_14': 0.5464415341135701, 'lag_15': 0.21351173846950375, 'lag_16': 0.2712503399682231, 'lag_17': 0.9926672560657199, 'lag_18': 0.5521201384848565, 'lag_19': 0.16033559055561436, 'lag_20': 0.47270521289407175, 'lag_21': 0.8034350255384883, 'lag_22': 0.2293124729196699, 'lag_23': 0.33991774364221494, 'lag_24': 0.9162409009400162, 'lag_25': 0.5430798768435768, 'lag_26': 0.8573758418020002, 'lag_27': 0.9081452172382033, 'lag_28': 0.8400027265682672}. Best is trial 4 with value: 0.0036804962818087566.
[I 2025-09-29 12:51:47,908] Trial 35 finished with value: 0.003780584347289527 and parameters: {'lag_0': 0.4194911674175109, 'lag_1': 0.5484766600020929, 'lag_2': 0.34441452610600076, 'lag_3': 0.4408728525149046, 'lag_4': 0.9056172109747557, 'lag_5': 0.5614815418153881, 'lag_6': 0.4231570683936358, 'lag_7': 0.25252674952658916, 'lag_8': 0.896215921988597, 'lag_9': 0.6326214183643534, 'lag_10': 0.3600455144596591, 'lag_11': 0.6283083017511447, 'lag_12': 0.7726060342760485, 'lag_13': 0.22743266817838287, 'lag_14': 0.092411858483358, 'lag_15': 0.32560532165069006, 'lag_16': 0.3046517120773636, 'lag_17': 0.0064627195057236145, 'lag_18': 0.6570258556872086, 'lag_19': 0.537525585372466, 'lag_20': 0.40150121983855, 'lag_21': 0.97019607955721, 'lag_22': 0.05980966280754145, 'lag_23': 0.6150226459212226, 'lag_24': 0.8671941908543883, 'lag_25': 0.5308282980805397, 'lag_26': 0.7727309209264466, 'lag_27': 0.7555515769260697, 'lag_28': 0.5767136836090575}. Best is trial 4 with value: 0.0036804962818087566.
[I 2025-09-29 12:51:50,398] Trial 36 finished with value: 0.004151231016126562 and parameters: {'lag_0': 0.4545577229689739, 'lag_1': 0.5387937364115585, 'lag_2': 0.3381395415698455, 'lag_3': 0.5461864120387516, 'lag_4': 0.8937054354929945, 'lag_5': 0.43710051712167886, 'lag_6': 0.40396266259738134, 'lag_7': 0.238434388977351, 'lag_8': 0.9162406838312979, 'lag_9': 0.8399736868251176, 'lag_10': 0.5508004612713232, 'lag_11': 0.6229020295337873, 'lag_12': 0.7805662867830613, 'lag_13': 0.2069980313786033, 'lag_14': 0.32937854160224983, 'lag_15': 0.33670832612471496, 'lag_16': 0.31125209750740873, 'lag_17': 0.022118014929086938, 'lag_18': 0.6883090737377794, 'lag_19': 0.5316108256768969, 'lag_20': 0.4084674823843731, 'lag_21': 0.8569351241556564, 'lag_22': 0.06555524232368379, 'lag_23': 0.6044169984993877, 'lag_24': 0.987299157274951, 'lag_25': 0.5323562517106316, 'lag_26': 0.792012556775927, 'lag_27': 0.7763453961126419, 'lag_28': 0.6787243015443019}. Best is trial 4 with value: 0.0036804962818087566.
[I 2025-09-29 12:51:52,893] Trial 37 finished with value: 0.004114678822669969 and parameters: {'lag_0': 0.4072252509746863, 'lag_1': 0.6825155424355196, 'lag_2': 0.2210988562481748, 'lag_3': 0.28142921688592204, 'lag_4': 0.782184193491764, 'lag_5': 0.5411573354170003, 'lag_6': 0.4535389233838337, 'lag_7': 0.10537539497239184, 'lag_8': 0.2996813798237577, 'lag_9': 0.6652584535283006, 'lag_10': 0.6593816828177617, 'lag_11': 0.7103246997304382, 'lag_12': 0.7205172998114581, 'lag_13': 0.13485468119467653, 'lag_14': 0.9912990769340704, 'lag_15': 0.08431685248879772, 'lag_16': 0.4362525259921419, 'lag_17': 0.018585151553106624, 'lag_18': 0.6479810348943122, 'lag_19': 0.4496509239235883, 'lag_20': 0.1917278976347554, 'lag_21': 0.9261197939338883, 'lag_22': 0.05171868962396331, 'lag_23': 0.742980225160703, 'lag_24': 0.9045372274854693, 'lag_25': 0.5963620041702714, 'lag_26': 0.7403960328267237, 'lag_27': 0.8826786689151577, 'lag_28': 0.5805753141579441}. Best is trial 4 with value: 0.0036804962818087566.
[I 2025-09-29 12:51:55,390] Trial 38 finished with value: 0.003781734487651257 and parameters: {'lag_0': 0.1820571549293336, 'lag_1': 0.8031855734944073, 'lag_2': 0.46271246504919405, 'lag_3': 0.46033137812141256, 'lag_4': 0.9931360375651197, 'lag_5': 0.5247396292030229, 'lag_6': 0.19626458970382607, 'lag_7': 0.26858329117742, 'lag_8': 0.9185467677963037, 'lag_9': 0.1736153386000827, 'lag_10': 0.22312002694093075, 'lag_11': 0.5852044934872366, 'lag_12': 0.9038692214441582, 'lag_13': 0.06251750669579234, 'lag_14': 0.4576134290469817, 'lag_15': 0.18559195602831516, 'lag_16': 0.3161662481192834, 'lag_17': 0.06602280425056362, 'lag_18': 0.5681486391371314, 'lag_19': 0.5308730346187353, 'lag_20': 0.5146815749232098, 'lag_21': 0.6702596381540573, 'lag_22': 0.17861227217448478, 'lag_23': 0.8965501984570027, 'lag_24': 0.8541959555664529, 'lag_25': 0.486723414246702, 'lag_26': 0.6688394861865568, 'lag_27': 0.7591640416857146, 'lag_28': 0.7725421180871613}. Best is trial 4 with value: 0.0036804962818087566.
[I 2025-09-29 12:51:58,002] Trial 39 finished with value: 0.004001778393224854 and parameters: {'lag_0': 0.5392490620783404, 'lag_1': 0.9948744525176089, 'lag_2': 0.8638097690555591, 'lag_3': 0.38638834423716184, 'lag_4': 0.9194214860974802, 'lag_5': 0.6754768255571277, 'lag_6': 0.3018200016955509, 'lag_7': 0.3416724223890985, 'lag_8': 0.08416205213986137, 'lag_9': 0.4243360528180064, 'lag_10': 0.39507645022187343, 'lag_11': 0.6616133973521254, 'lag_12': 0.8230621279191254, 'lag_13': 0.43908849324747123, 'lag_14': 0.19369517369871564, 'lag_15': 0.3512402381277576, 'lag_16': 0.4164470937797432, 'lag_17': 0.18704262611573708, 'lag_18': 0.7609410880304048, 'lag_19': 0.3169403532719507, 'lag_20': 0.3377111664635831, 'lag_21': 0.782699362137138, 'lag_22': 0.1300527821499772, 'lag_23': 0.6813547775286315, 'lag_24': 0.801547983059724, 'lag_25': 0.20289504431653932, 'lag_26': 0.7877050313671066, 'lag_27': 0.8745823133806475, 'lag_28': 0.7051909208882114}. Best is trial 4 with value: 0.0036804962818087566.
