[I 2025-09-29 13:18:55,257] Trial 19 finished with value: 0.0030596092203740233 and parameters: {'lag_0': 0.5698046217975556, 'lag_1': 0.48770300352149676, 'lag_2': 0.4525117533517927, 'lag_3': 0.6816534676437962, 'lag_4': 0.7417052452838119, 'lag_5': 0.25239109151784755, 'lag_6': 0.6093153971693982, 'lag_7': 0.10967211165310231, 'lag_8': 0.5105257302106267, 'lag_9': 0.3374533428344293, 'lag_10': 0.35305576231406444, 'lag_11': 0.6025914028167321, 'lag_12': 0.6086667595304966, 'lag_13': 0.1592152619950329, 'lag_14': 0.3414813465925502, 'lag_15': 0.4530469233029705, 'lag_16': 0.8981408164898714, 'lag_17': 0.5480865977160347, 'lag_18': 0.5969564649619058, 'lag_19': 0.8460984623614247, 'lag_20': 0.805301119473253, 'lag_21': 0.48180817788886127, 'lag_22': 0.13410651091836617, 'lag_23': 0.7573784613462147, 'lag_24': 0.37461345702691756, 'lag_25': 0.007319544573512415, 'lag_26': 0.5331484647174006, 'lag_27': 0.3646712018256205, 'lag_28': 0.2984550740703561}. Best is trial 14 with value: 0.0028725173347853698.
[I 2025-09-29 13:18:57,593] Trial 20 finished with value: 0.003332308229286684 and parameters: {'lag_0': 0.8473017782081702, 'lag_1': 0.13612743103912883, 'lag_2': 0.8238710213710129, 'lag_3': 0.44000326935227385, 'lag_4': 0.4179037800261457, 'lag_5': 0.5592847098185019, 'lag_6': 0.8023477240299203, 'lag_7': 0.10657764780460288, 'lag_8': 0.7505151113727101, 'lag_9': 0.8028416062914797, 'lag_10': 0.5467948106118399, 'lag_11': 0.42435153716492957, 'lag_12': 0.7672056485430464, 'lag_13': 0.8015916789971934, 'lag_14': 0.5128180761963751, 'lag_15': 0.2513707759416726, 'lag_16': 0.3778408837583748, 'lag_17': 0.40814528914969794, 'lag_18': 0.3864547251064414, 'lag_19': 0.2738533313379181, 'lag_20': 0.2790122368665642, 'lag_21': 0.7478920024961584, 'lag_22': 0.07551277749916864, 'lag_23': 0.3182679385212874, 'lag_24': 0.060587715585184915, 'lag_25': 0.6256238107831544, 'lag_26': 0.689139907497293, 'lag_27': 0.529480056403135, 'lag_28': 0.9950295391334515}. Best is trial 14 with value: 0.0028725173347853698.
[I 2025-09-29 13:18:59,934] Trial 21 finished with value: 0.0033593549976093443 and parameters: {'lag_0': 0.8932191251463348, 'lag_1': 0.5770828876367182, 'lag_2': 0.6476259313208215, 'lag_3': 0.13114236679105692, 'lag_4': 0.9917526432633315, 'lag_5': 0.41632256593095257, 'lag_6': 0.30403529584249156, 'lag_7': 0.6623971826141308, 'lag_8': 0.3256819032804105, 'lag_9': 0.3957127458433787, 'lag_10': 0.6483962390503226, 'lag_11': 0.7301444468635349, 'lag_12': 0.2246428580863724, 'lag_13': 0.37977126365283154, 'lag_14': 0.7391233469697697, 'lag_15': 0.014875526743889755, 'lag_16': 0.8401999718710926, 'lag_17': 0.012186778950461219, 'lag_18': 0.7298753049704504, 'lag_19': 0.5618242519867681, 'lag_20': 0.76104943482323, 'lag_21': 0.5379408251668081, 'lag_22': 0.17787818722501386, 'lag_23': 0.2615515467828527, 'lag_24': 0.223500567906679, 'lag_25': 0.9644304053673622, 'lag_26': 0.8842226587857807, 'lag_27': 0.8239229299217529, 'lag_28': 0.8354747708529202}. Best is trial 14 with value: 0.0028725173347853698.
[I 2025-09-29 13:19:02,274] Trial 22 finished with value: 0.0030838155559599714 and parameters: {'lag_0': 0.8842782603676649, 'lag_1': 0.43101723328414054, 'lag_2': 0.5843439271660666, 'lag_3': 0.12002626034982952, 'lag_4': 0.8802138015366959, 'lag_5': 0.48998205454221744, 'lag_6': 0.01295593786048238, 'lag_7': 0.7995783800021042, 'lag_8': 0.13917525680411852, 'lag_9': 0.6275033401042436, 'lag_10': 0.5427866595354897, 'lag_11': 0.7261020766223394, 'lag_12': 0.3249362594281306, 'lag_13': 0.10896546471964702, 'lag_14': 0.9147209204172404, 'lag_15': 0.25898948478107475, 'lag_16': 0.6999067670838047, 'lag_17': 0.130442794710332, 'lag_18': 0.6519832139268241, 'lag_19': 0.4406834628957048, 'lag_20': 0.9344772274930055, 'lag_21': 0.5307902492865912, 'lag_22': 0.34611000553127147, 'lag_23': 0.056756006739238085, 'lag_24': 0.21360206723015712, 'lag_25': 0.8161808088258552, 'lag_26': 0.851463088165994, 'lag_27': 0.47709406490427997, 'lag_28': 0.8281273580718759}. Best is trial 14 with value: 0.0028725173347853698.
[I 2025-09-29 13:19:04,615] Trial 23 finished with value: 0.0030525635875811017 and parameters: {'lag_0': 0.61583185353718, 'lag_1': 0.7831503699262594, 'lag_2': 0.3312208993889918, 'lag_3': 0.24176058167257583, 'lag_4': 0.9186882701299063, 'lag_5': 0.6552373485425019, 'lag_6': 0.3203364904600711, 'lag_7': 0.5075441300730289, 'lag_8': 0.034220013588039735, 'lag_9': 0.18602068941056962, 'lag_10': 0.7991895778370404, 'lag_11': 0.5077405840573128, 'lag_12': 0.17204563139767423, 'lag_13': 0.5568924893104421, 'lag_14': 0.6850692705296852, 'lag_15': 0.140017961989648, 'lag_16': 0.9059051515418014, 'lag_17': 0.24363004878174693, 'lag_18': 0.8346075395384975, 'lag_19': 0.0010188638123456162, 'lag_20': 0.5662150368048776, 'lag_21': 0.264597916482347, 'lag_22': 0.19596298193818285, 'lag_23': 0.2831479937425626, 'lag_24': 0.2891696937134901, 'lag_25': 0.7081379974381992, 'lag_26': 0.6465379196691171, 'lag_27': 0.1256979918919277, 'lag_28': 0.6724803498747931}. Best is trial 14 with value: 0.0028725173347853698.
[I 2025-09-29 13:19:06,960] Trial 24 finished with value: 0.003180863789200892 and parameters: {'lag_0': 0.9205958611344671, 'lag_1': 0.306320234148198, 'lag_2': 0.6858650243532733, 'lag_3': 0.10733020277455059, 'lag_4': 0.9028315247916215, 'lag_5': 0.1689991541258044, 'lag_6': 0.601912399778263, 'lag_7': 0.003944550202661427, 'lag_8': 0.49154866073961073, 'lag_9': 0.4171008817693115, 'lag_10': 0.3478543576569946, 'lag_11': 0.6933116416456806, 'lag_12': 0.43409270447765047, 'lag_13': 0.7841135009026938, 'lag_14': 0.003016735255456149, 'lag_15': 0.3848568875107038, 'lag_16': 0.5552395217174371, 'lag_17': 0.17236390007021182, 'lag_18': 0.5530456675783426, 'lag_19': 0.6746953059051015, 'lag_20': 0.7523273251038725, 'lag_21': 0.43139469566419497, 'lag_22': 0.061532275997735, 'lag_23': 0.11791824838860321, 'lag_24': 0.09301125602092193, 'lag_25': 0.5170851057243493, 'lag_26': 0.86080016231372, 'lag_27': 0.35835907768269604, 'lag_28': 0.9008505683913944}. Best is trial 14 with value: 0.0028725173347853698.
[I 2025-09-29 13:19:09,302] Trial 25 finished with value: 0.0033125328168011337 and parameters: {'lag_0': 0.8018777697496619, 'lag_1': 0.9779266944681989, 'lag_2': 0.8531773770106403, 'lag_3': 0.3811623677064091, 'lag_4': 0.7120488358585525, 'lag_5': 0.35480629051993023, 'lag_6': 0.2514153805505418, 'lag_7': 0.3251794302396077, 'lag_8': 0.2883415798086397, 'lag_9': 0.5925971666440369, 'lag_10': 0.16042499895074963, 'lag_11': 0.9443533077685465, 'lag_12': 0.5697769907639983, 'lag_13': 0.23122139789792615, 'lag_14': 0.5609607629496324, 'lag_15': 0.5713254843796035, 'lag_16': 0.8125180404094045, 'lag_17': 0.07044820235247556, 'lag_18': 0.7378585732174509, 'lag_19': 0.2833458536038547, 'lag_20': 0.8608132481097555, 'lag_21': 0.9963773613649091, 'lag_22': 0.21877958128660283, 'lag_23': 0.5248963872546764, 'lag_24': 0.21404938307270072, 'lag_25': 0.8808639206423817, 'lag_26': 0.4654805991983958, 'lag_27': 0.8180308191902321, 'lag_28': 0.8127352048974628}. Best is trial 14 with value: 0.0028725173347853698.
[I 2025-09-29 13:19:11,653] Trial 26 finished with value: 0.0030966896649418365 and parameters: {'lag_0': 0.35292971938846174, 'lag_1': 0.424256090117185, 'lag_2': 0.5330650041492881, 'lag_3': 0.2543854619986524, 'lag_4': 0.13180176332408228, 'lag_5': 0.47405246608517576, 'lag_6': 0.39492826265642866, 'lag_7': 0.4504010269686668, 'lag_8': 0.6325172003324102, 'lag_9': 0.2758945603782606, 'lag_10': 0.5998229747935422, 'lag_11': 0.81115696179763, 'lag_12': 0.29158216567933126, 'lag_13': 0.42495188536384076, 'lag_14': 0.6638475739484133, 'lag_15': 0.30113393736591354, 'lag_16': 0.6753335834050421, 'lag_17': 0.3147098341956477, 'lag_18': 0.2464905887833561, 'lag_19': 0.5045466205628307, 'lag_20': 0.9824104499219609, 'lag_21': 0.12337091422385399, 'lag_22': 0.7324303820833914, 'lag_23': 0.10197303460388518, 'lag_24': 0.35760864350205424, 'lag_25': 0.7504080818428895, 'lag_26': 0.34658330441434654, 'lag_27': 0.5959098048805265, 'lag_28': 0.5239431883909194}. Best is trial 14 with value: 0.0028725173347853698.
[I 2025-09-29 13:19:14,002] Trial 27 finished with value: 0.0031524492576631606 and parameters: {'lag_0': 0.9427401540374932, 'lag_1': 0.15932465362954354, 'lag_2': 0.7907586520392909, 'lag_3': 0.17348028127565798, 'lag_4': 0.2794190084838502, 'lag_5': 0.7371747402805368, 'lag_6': 0.21574730609928883, 'lag_7': 0.14213850660040078, 'lag_8': 0.5715399741758734, 'lag_9': 0.15971153058203025, 'lag_10': 0.4646318586847677, 'lag_11': 0.2826851042861215, 'lag_12': 0.13322722735781745, 'lag_13': 0.09459534138349401, 'lag_14': 0.8534861507957575, 'lag_15': 0.18974476310924143, 'lag_16': 0.9364653866744214, 'lag_17': 0.19801136232432665, 'lag_18': 0.8494874792701352, 'lag_19': 0.39309761397815157, 'lag_20': 0.7732114558504134, 'lag_21': 0.7273519661453558, 'lag_22': 0.030526294406493217, 'lag_23': 0.7286166849562267, 'lag_24': 0.4831106952101859, 'lag_25': 0.2630427365570262, 'lag_26': 0.7927791561032602, 'lag_27': 0.1476220810068628, 'lag_28': 0.6595503389089732}. Best is trial 14 with value: 0.0028725173347853698.
[I 2025-09-29 13:19:16,343] Trial 28 finished with value: 0.0035054515710504037 and parameters: {'lag_0': 0.12057928881275319, 'lag_1': 0.6855223472910716, 'lag_2': 0.015788548142569137, 'lag_3': 0.5141879619247909, 'lag_4': 0.7944832924936781, 'lag_5': 0.5601094489707625, 'lag_6': 0.3903350898539748, 'lag_7': 0.8063547131686734, 'lag_8': 0.33294935837922657, 'lag_9': 0.4576898075920186, 'lag_10': 0.8483801062130666, 'lag_11': 0.6332791735330773, 'lag_12': 0.3631285660978103, 'lag_13': 0.27938017531359455, 'lag_14': 0.16634734773458587, 'lag_15': 0.09532487920818267, 'lag_16': 0.7388449548698178, 'lag_17': 0.6474284839972878, 'lag_18': 0.6483724662456614, 'lag_19': 0.5385065897419433, 'lag_20': 0.7007992335527213, 'lag_21': 0.5806876285008049, 'lag_22': 0.35823646082602384, 'lag_23': 0.3363689927827225, 'lag_24': 0.057778137467622365, 'lag_25': 0.4546998215925809, 'lag_26': 0.9252233087283019, 'lag_27': 0.23989252142461692, 'lag_28': 0.9899239293856272}. Best is trial 14 with value: 0.0028725173347853698.
[I 2025-09-29 13:19:18,695] Trial 29 finished with value: 0.003993034179413538 and parameters: {'lag_0': 0.7534168060461713, 'lag_1': 0.5931855225492568, 'lag_2': 0.41081607640423634, 'lag_3': 0.32438249491895965, 'lag_4': 0.6411844174504391, 'lag_5': 0.8899450082165248, 'lag_6': 0.1506355060895958, 'lag_7': 0.05779020222662351, 'lag_8': 0.7347842477614187, 'lag_9': 0.33573603847862815, 'lag_10': 0.4039283997367214, 'lag_11': 0.7624929898760056, 'lag_12': 0.5275848486468774, 'lag_13': 0.0018494345449299038, 'lag_14': 0.7800110501765011, 'lag_15': 0.48898407748051653, 'lag_16': 0.3727477221007597, 'lag_17': 0.12994523033587363, 'lag_18': 0.45113372346771574, 'lag_19': 0.2248444306866222, 'lag_20': 0.5399158827085753, 'lag_21': 0.42011258663581347, 'lag_22': 0.1319587335409261, 'lag_23': 0.46986997894762994, 'lag_24': 0.5924646572362527, 'lag_25': 0.9481668137814253, 'lag_26': 0.7929167697408295, 'lag_27': 0.24849657360628752, 'lag_28': 0.7633497254998363}. Best is trial 14 with value: 0.0028725173347853698.
[I 2025-09-29 13:19:21,051] Trial 30 finished with value: 0.0035021318899373572 and parameters: {'lag_0': 0.2877891671321941, 'lag_1': 0.29953217498948, 'lag_2': 0.9401272466606445, 'lag_3': 0.07467733982469503, 'lag_4': 0.9457155589068175, 'lag_5': 0.39371554896962296, 'lag_6': 0.5899175344092057, 'lag_7': 0.6612007187666173, 'lag_8': 0.15653686732885735, 'lag_9': 0.7068519618238003, 'lag_10': 0.4937224368664884, 'lag_11': 0.46956506987971913, 'lag_12': 0.3827826918647373, 'lag_13': 0.2221518792493058, 'lag_14': 0.48820075317410117, 'lag_15': 0.39245632797973656, 'lag_16': 0.5826598568377719, 'lag_17': 0.210857909556906, 'lag_18': 0.5042191758519993, 'lag_19': 0.057845528313623606, 'lag_20': 0.913824503328382, 'lag_21': 0.3194193619410078, 'lag_22': 0.2943911896969347, 'lag_23': 0.262141358388022, 'lag_24': 0.1657240251240025, 'lag_25': 0.8381720897085474, 'lag_26': 0.09346314109100468, 'lag_27': 0.4019452224383271, 'lag_28': 0.42333797851861316}. Best is trial 14 with value: 0.0028725173347853698.
[I 2025-09-29 13:19:23,395] Trial 31 finished with value: 0.003005750863417007 and parameters: {'lag_0': 0.40413973260467617, 'lag_1': 0.8265315550684137, 'lag_2': 0.28485156622799307, 'lag_3': 0.7324762105907998, 'lag_4': 0.45254395756227067, 'lag_5': 0.46321875424204206, 'lag_6': 0.8586637768180934, 'lag_7': 0.23009191358308212, 'lag_8': 0.6646974561961013, 'lag_9': 0.09596405744005032, 'lag_10': 0.44372939467935024, 'lag_11': 0.043458860143130607, 'lag_12': 0.11411796423517731, 'lag_13': 0.9713094917387735, 'lag_14': 0.3153035837160372, 'lag_15': 0.36174431954407155, 'lag_16': 0.4843626409855073, 'lag_17': 0.7905627600814294, 'lag_18': 0.5422888604494449, 'lag_19': 0.6557519935829413, 'lag_20': 0.42872519537627624, 'lag_21': 0.8814405856690954, 'lag_22': 0.42819097868669614, 'lag_23': 0.9867223575267576, 'lag_24': 0.09177057924087165, 'lag_25': 0.691835316640424, 'lag_26': 0.38814077363210875, 'lag_27': 0.059793975072557126, 'lag_28': 0.8804746893516084}. Best is trial 14 with value: 0.0028725173347853698.
[I 2025-09-29 13:19:25,841] Trial 32 finished with value: 0.0032919130251085455 and parameters: {'lag_0': 0.6193993853956361, 'lag_1': 0.8622946852890158, 'lag_2': 0.1852948261912436, 'lag_3': 0.8431739863057011, 'lag_4': 0.5136434289562442, 'lag_5': 0.28814268634877604, 'lag_6': 0.91083609956072, 'lag_7': 0.2494238154804854, 'lag_8': 0.6451335537910724, 'lag_9': 0.24579344134645031, 'lag_10': 0.3898638548556234, 'lag_11': 0.12975131748838203, 'lag_12': 0.11462753259622144, 'lag_13': 0.8156748612569897, 'lag_14': 0.17885166213378006, 'lag_15': 0.31181875140671567, 'lag_16': 0.4450526612530312, 'lag_17': 0.749661870270822, 'lag_18': 0.6993322545190622, 'lag_19': 0.6139678633627602, 'lag_20': 0.3126335875943441, 'lag_21': 0.5927113353453601, 'lag_22': 0.48845887912140773, 'lag_23': 0.9561864937240386, 'lag_24': 0.2615414920318253, 'lag_25': 0.6063762645182967, 'lag_26': 0.5298175160639849, 'lag_27': 0.20003432908923735, 'lag_28': 0.7885449853829771}. Best is trial 14 with value: 0.0028725173347853698.
[I 2025-09-29 13:19:28,206] Trial 33 finished with value: 0.003277409756451169 and parameters: {'lag_0': 0.26436984550940185, 'lag_1': 0.800966560349452, 'lag_2': 0.6499994484083853, 'lag_3': 0.9361995797711655, 'lag_4': 0.858326587443683, 'lag_5': 0.16157475411847944, 'lag_6': 0.8428078117852598, 'lag_7': 0.05519677912632687, 'lag_8': 0.5941052145715409, 'lag_9': 0.5009625170091455, 'lag_10': 0.27328694067472564, 'lag_11': 0.2188430933629218, 'lag_12': 0.31005999857722516, 'lag_13': 0.8596581846109606, 'lag_14': 0.23452249368749906, 'lag_15': 0.43803691127339955, 'lag_16': 0.38017650752319543, 'lag_17': 0.9023316149339229, 'lag_18': 0.36268438149147664, 'lag_19': 0.6835437040108091, 'lag_20': 0.5036980718371642, 'lag_21': 0.7379428669719166, 'lag_22': 0.08603823131179894, 'lag_23': 0.8932991065344171, 'lag_24': 0.14600924783688735, 'lag_25': 0.7427648735190957, 'lag_26': 0.2827453441438399, 'lag_27': 0.32844196340837184, 'lag_28': 0.6690161948302208}. Best is trial 14 with value: 0.0028725173347853698.
[I 2025-09-29 13:19:30,567] Trial 34 finished with value: 0.0030211079350199186 and parameters: {'lag_0': 0.11220956528971526, 'lag_1': 0.7278915519098488, 'lag_2': 0.7112965473414646, 'lag_3': 0.9935264557101136, 'lag_4': 0.3209772188826595, 'lag_5': 0.5181138019830753, 'lag_6': 0.4421105719033709, 'lag_7': 0.30143417996706406, 'lag_8': 0.44333855327843746, 'lag_9': 0.10405971309812606, 'lag_10': 0.18252800963322996, 'lag_11': 0.35041097213801436, 'lag_12': 0.43270367428917084, 'lag_13': 0.7237186416926747, 'lag_14': 0.01524379792095601, 'lag_15': 0.2841505414568858, 'lag_16': 0.17038856783542677, 'lag_17': 0.9437579935332879, 'lag_18': 0.27551804059079765, 'lag_19': 0.8350408871776566, 'lag_20': 0.07783618420136768, 'lag_21': 0.6868823802184917, 'lag_22': 0.5466851545866215, 'lag_23': 0.4060445119497682, 'lag_24': 0.30147636500701414, 'lag_25': 0.6595238934253869, 'lag_26': 0.6725255117341602, 'lag_27': 0.7156382254073241, 'lag_28': 0.9091822583978814}. Best is trial 14 with value: 0.0028725173347853698.
[I 2025-09-29 13:19:32,907] Trial 35 finished with value: 0.0038402492775283224 and parameters: {'lag_0': 0.6819574789609, 'lag_1': 0.9309567985574112, 'lag_2': 0.3756295147884833, 'lag_3': 0.36813229755902077, 'lag_4': 0.09963536404289408, 'lag_5': 0.44057117078114266, 'lag_6': 0.5311233870564338, 'lag_7': 0.152712098633298, 'lag_8': 0.7985160997474025, 'lag_9': 0.5519932778163856, 'lag_10': 0.5729990892931602, 'lag_11': 0.5499633832058024, 'lag_12': 0.08080289025830092, 'lag_13': 0.5540708840065578, 'lag_14': 0.4401925426373107, 'lag_15': 0.5321402970109393, 'lag_16': 0.4943303289449476, 'lag_17': 0.7748680022159395, 'lag_18': 0.5845321052383983, 'lag_19': 0.6064955039652498, 'lag_20': 0.4192739615543665, 'lag_21': 0.818605731166393, 'lag_22': 0.6311333891058636, 'lag_23': 0.8420586646362678, 'lag_24': 0.04695483389481195, 'lag_25': 0.9065070773731317, 'lag_26': 0.43841853200708414, 'lag_27': 0.6475898195819669, 'lag_28': 0.8714756782656163}. Best is trial 14 with value: 0.0028725173347853698.
[I 2025-09-29 13:19:35,251] Trial 36 finished with value: 0.0029494285022796233 and parameters: {'lag_0': 0.4126628840237738, 'lag_1': 0.6361659194970355, 'lag_2': 0.025683353733769232, 'lag_3': 0.17363286907502207, 'lag_4': 0.21329981335970574, 'lag_5': 0.6135151053299208, 'lag_6': 0.954073390898852, 'lag_7': 0.8799716657318002, 'lag_8': 0.5117667766353783, 'lag_9': 0.21900100193485691, 'lag_10': 0.700532838248228, 'lag_11': 0.15644223702515225, 'lag_12': 0.030308813449604344, 'lag_13': 0.9858248193216997, 'lag_14': 0.3252737027404523, 'lag_15': 0.06429934762232936, 'lag_16': 0.9508937989719269, 'lag_17': 0.6306814087341294, 'lag_18': 0.7940745410235575, 'lag_19': 0.1063286660888249, 'lag_20': 0.6400599690213169, 'lag_21': 0.3671014894765676, 'lag_22': 0.7636901404498557, 'lag_23': 0.3431174110240732, 'lag_24': 0.18899284898428506, 'lag_25': 0.5211863183449202, 'lag_26': 0.5711380275231878, 'lag_27': 0.0007467790973935129, 'lag_28': 0.6170497425894113}. Best is trial 14 with value: 0.0028725173347853698.
[I 2025-09-29 13:19:37,605] Trial 37 finished with value: 0.003065705651241698 and parameters: {'lag_0': 0.8367691749465441, 'lag_1': 0.6349177975369977, 'lag_2': 0.5446874301344797, 'lag_3': 0.17972469739340446, 'lag_4': 0.19726170283210281, 'lag_5': 0.688741550230351, 'lag_6': 0.9949064552574539, 'lag_7': 0.8901142943543418, 'lag_8': 0.502729385258448, 'lag_9': 0.01537456140431992, 'lag_10': 0.968162548182924, 'lag_11': 0.2182348179602419, 'lag_12': 0.011723482930456164, 'lag_13': 0.05768635209451005, 'lag_14': 0.9975742036773021, 'lag_15': 0.05663416735643784, 'lag_16': 0.9506380678147754, 'lag_17': 0.6190320607574948, 'lag_18': 0.7876454217423534, 'lag_19': 0.10864613009061111, 'lag_20': 0.6422798528433, 'lag_21': 0.3342230871630278, 'lag_22': 0.7265015238246282, 'lag_23': 0.21392412516679654, 'lag_24': 0.17928198709398233, 'lag_25': 0.4980388533874095, 'lag_26': 0.5435590463365754, 'lag_27': 0.21271714611910714, 'lag_28': 0.5366823027616264}. Best is trial 14 with value: 0.0028725173347853698.
[I 2025-09-29 13:19:39,956] Trial 38 finished with value: 0.0035131147367180185 and parameters: {'lag_0': 0.4448263599064796, 'lag_1': 0.5415498588656924, 'lag_2': 0.6249348909507221, 'lag_3': 0.27188107845528586, 'lag_4': 0.24254987932526584, 'lag_5': 0.6077460268538409, 'lag_6': 0.3356576858945184, 'lag_7': 0.9511237710681819, 'lag_8': 0.245597913166426, 'lag_9': 0.06725527054743206, 'lag_10': 0.6616918855947129, 'lag_11': 0.5880726725732459, 'lag_12': 0.2620234825347332, 'lag_13': 0.992503476024172, 'lag_14': 0.8457479235722035, 'lag_15': 0.1911441973976935, 'lag_16': 0.8586350510283128, 'lag_17': 0.6932025302207732, 'lag_18': 0.919704900966307, 'lag_19': 0.14720630408542495, 'lag_20': 0.8429349358768526, 'lag_21': 0.37022347755957785, 'lag_22': 0.9358661693802968, 'lag_23': 0.3566655275199778, 'lag_24': 0.5358413769261682, 'lag_25': 0.30679611364727355, 'lag_26': 0.5819120953312246, 'lag_27': 0.08365216351480237, 'lag_28': 0.6109830726383815}. Best is trial 14 with value: 0.0028725173347853698.
[I 2025-09-29 13:19:42,315] Trial 39 finished with value: 0.004194049151118973 and parameters: {'lag_0': 0.5245565176457933, 'lag_1': 0.04674416024083394, 'lag_2': 0.5100036502534302, 'lag_3': 0.05456618877755229, 'lag_4': 0.08029816272843587, 'lag_5': 0.6939714190141346, 'lag_6': 0.6865175382923787, 'lag_7': 0.8562812526484198, 'lag_8': 0.9957922728250795, 'lag_9': 0.22230504128077816, 'lag_10': 0.7716656447578834, 'lag_11': 0.5247794466821308, 'lag_12': 0.16105244352246387, 'lag_13': 0.17003063591989487, 'lag_14': 0.5438625938916977, 'lag_15': 0.07606315844398814, 'lag_16': 0.7576183007912611, 'lag_17': 0.47333639990064574, 'lag_18': 0.9165933751563593, 'lag_19': 0.08731790551692337, 'lag_20': 0.7543151599472613, 'lag_21': 0.2594807607449543, 'lag_22': 0.7341710938278134, 'lag_23': 0.43550475012321566, 'lag_24': 0.28165971871442697, 'lag_25': 0.4313149284138792, 'lag_26': 0.7235047789181709, 'lag_27': 0.4831648578527894, 'lag_28': 0.3573857910427799}. Best is trial 14 with value: 0.0028725173347853698.
