[I 2025-09-29 11:54:17,665] Trial 61 finished with value: 0.002662843507550549 and parameters: {'lag_0': 0.6613070641458074, 'lag_1': 0.5436237020815907, 'lag_2': 0.11240298085073087, 'lag_3': 0.5001682070080024, 'lag_4': 0.8136752133274637, 'lag_5': 0.038000909365118525, 'lag_6': 0.6889597188178135, 'lag_7': 0.7317538713645252, 'lag_8': 0.5884981618502108, 'lag_9': 0.09322892424062676, 'lag_10': 0.9521175496215502, 'lag_11': 0.04652516340553546, 'lag_12': 0.3799788601005382, 'lag_13': 0.894753016427696, 'lag_14': 0.49560549901328027, 'lag_15': 0.6667123638866039, 'lag_16': 0.4500368518572563, 'lag_17': 0.07065382495354045, 'lag_18': 0.08095360330754725, 'lag_19': 0.9880041654730907, 'lag_20': 0.9537451722368054, 'lag_21': 0.37903238187138105, 'lag_22': 0.7691590240397128, 'lag_23': 0.2913234224312561, 'lag_24': 0.9745429964469479, 'lag_25': 0.897985968199158, 'lag_26': 0.6959073082604136, 'lag_27': 0.38146375419521206, 'lag_28': 0.2811482357047367}. Best is trial 36 with value: 0.0025968198297100543.
[I 2025-09-29 11:54:20,031] Trial 62 finished with value: 0.002664781063455255 and parameters: {'lag_0': 0.6055078464294943, 'lag_1': 0.5110935102172048, 'lag_2': 0.17647367412339404, 'lag_3': 0.7318369846306011, 'lag_4': 0.883694801736874, 'lag_5': 0.06713465426392437, 'lag_6': 0.5958748652310001, 'lag_7': 0.814641278935425, 'lag_8': 0.8797203358630616, 'lag_9': 0.36100725467773315, 'lag_10': 0.8209273990172238, 'lag_11': 0.38447456124367274, 'lag_12': 0.3450368787145325, 'lag_13': 0.90221634243181, 'lag_14': 0.5648964818717505, 'lag_15': 0.6293293096174737, 'lag_16': 0.4946019056252369, 'lag_17': 0.11331364660462688, 'lag_18': 0.06465715929404073, 'lag_19': 0.40832480170305246, 'lag_20': 0.24872654494238122, 'lag_21': 0.3843699973492978, 'lag_22': 0.43062493233897886, 'lag_23': 0.26039605597107035, 'lag_24': 0.9328360343690169, 'lag_25': 0.961273401554654, 'lag_26': 0.3698396333513873, 'lag_27': 0.3517287910101879, 'lag_28': 0.245303169359105}. Best is trial 36 with value: 0.0025968198297100543.
[I 2025-09-29 11:54:22,410] Trial 63 finished with value: 0.002726941511256251 and parameters: {'lag_0': 0.7263146045332128, 'lag_1': 0.5751961972263858, 'lag_2': 0.21311676606602473, 'lag_3': 0.6220249253536478, 'lag_4': 0.7876932825071419, 'lag_5': 0.2059305406099145, 'lag_6': 0.6578447372862628, 'lag_7': 0.6037175817284691, 'lag_8': 0.8106807273394163, 'lag_9': 0.9990135261252757, 'lag_10': 0.8911442172162245, 'lag_11': 0.3266427178255677, 'lag_12': 0.4081376387812673, 'lag_13': 0.8549916051513636, 'lag_14': 0.0007593204990968827, 'lag_15': 0.6531106487067786, 'lag_16': 0.37682202005371845, 'lag_17': 0.1753706111985508, 'lag_18': 0.04245271240742303, 'lag_19': 0.03409172260055412, 'lag_20': 0.476401593778664, 'lag_21': 0.28808646850740394, 'lag_22': 0.36977166281902724, 'lag_23': 0.21314851210955787, 'lag_24': 0.8408646287736309, 'lag_25': 0.8568544690133622, 'lag_26': 0.7559657986205344, 'lag_27': 0.4539938830674839, 'lag_28': 0.37678286764924035}. Best is trial 36 with value: 0.0025968198297100543.
[I 2025-09-29 11:54:24,782] Trial 64 finished with value: 0.002658487607314567 and parameters: {'lag_0': 0.5128680771987617, 'lag_1': 0.7265677661003925, 'lag_2': 0.03685093107720198, 'lag_3': 0.4770202733580696, 'lag_4': 0.6208575498287139, 'lag_5': 0.7856057966719974, 'lag_6': 0.17991790588467316, 'lag_7': 0.7471701486399187, 'lag_8': 0.46026064358287827, 'lag_9': 0.4545756622527801, 'lag_10': 0.567700237538175, 'lag_11': 0.27239213104305154, 'lag_12': 0.2511713990802569, 'lag_13': 0.8053945949637666, 'lag_14': 0.6963311967581107, 'lag_15': 0.7811970556517676, 'lag_16': 0.40085877609664045, 'lag_17': 0.05128009616245557, 'lag_18': 0.17713246504389984, 'lag_19': 0.09249723194542095, 'lag_20': 0.43736636053188493, 'lag_21': 0.5440075008599886, 'lag_22': 0.81563184982327, 'lag_23': 0.36781599861208364, 'lag_24': 0.8814372945266826, 'lag_25': 0.912672351958515, 'lag_26': 0.7540384317598816, 'lag_27': 0.4076689444167545, 'lag_28': 0.09706130368336308}. Best is trial 36 with value: 0.0025968198297100543.
[I 2025-09-29 11:54:27,155] Trial 65 finished with value: 0.0026788361824353173 and parameters: {'lag_0': 0.35430166695342996, 'lag_1': 0.43877865179364567, 'lag_2': 0.12111902420340202, 'lag_3': 0.43229088773386, 'lag_4': 0.7441949822543896, 'lag_5': 0.14964440676969828, 'lag_6': 0.6981066649392442, 'lag_7': 0.07580037402836642, 'lag_8': 0.48250162756491377, 'lag_9': 0.9282977054677902, 'lag_10': 0.7877240341154528, 'lag_11': 0.8072632558348884, 'lag_12': 0.2068040783294779, 'lag_13': 0.10595766434834035, 'lag_14': 0.6358534491918514, 'lag_15': 0.5576509171997656, 'lag_16': 0.49916241718414295, 'lag_17': 0.21722903761303036, 'lag_18': 0.09098793517515077, 'lag_19': 0.00181899106958322, 'lag_20': 0.8303512163524903, 'lag_21': 0.4314609786361948, 'lag_22': 0.9069588373713475, 'lag_23': 0.3032701523666103, 'lag_24': 0.7920461185957339, 'lag_25': 0.8398581673070971, 'lag_26': 0.47577527437761075, 'lag_27': 0.6117322547140218, 'lag_28': 0.521483292580672}. Best is trial 36 with value: 0.0025968198297100543.
[I 2025-09-29 11:54:29,526] Trial 66 finished with value: 0.0027072284036478433 and parameters: {'lag_0': 0.7825762094993529, 'lag_1': 0.6550158513990074, 'lag_2': 0.07741640764136896, 'lag_3': 0.5106726107672397, 'lag_4': 0.666056585503255, 'lag_5': 0.04641407631556058, 'lag_6': 0.791826056158859, 'lag_7': 0.7108001520941417, 'lag_8': 0.5120322562269835, 'lag_9': 0.8814617473162363, 'lag_10': 0.637739232461899, 'lag_11': 0.6031566047611645, 'lag_12': 0.38229950482413355, 'lag_13': 0.5836792892236768, 'lag_14': 0.4726085633227605, 'lag_15': 0.596636733747371, 'lag_16': 0.4535651542008101, 'lag_17': 0.11545804840439838, 'lag_18': 0.21484125525336695, 'lag_19': 0.8064097311747207, 'lag_20': 0.07887659897846155, 'lag_21': 0.33385335520393356, 'lag_22': 0.8438726439226399, 'lag_23': 0.46360460781672197, 'lag_24': 0.5497837507595532, 'lag_25': 0.7913778850384733, 'lag_26': 0.9608224036759321, 'lag_27': 0.3127539950960001, 'lag_28': 0.3266941841285379}. Best is trial 36 with value: 0.0025968198297100543.
[I 2025-09-29 11:54:31,902] Trial 67 finished with value: 0.0026412846448970353 and parameters: {'lag_0': 0.6427522681570182, 'lag_1': 0.6115296497817221, 'lag_2': 0.2390562372143757, 'lag_3': 0.5701225880841825, 'lag_4': 0.8324777976327484, 'lag_5': 0.10700025393564416, 'lag_6': 0.6347796613149391, 'lag_7': 0.6541622169105202, 'lag_8': 0.9091165760906261, 'lag_9': 0.2845155313364714, 'lag_10': 0.7383331212967973, 'lag_11': 0.46365518352615515, 'lag_12': 0.2820803997094673, 'lag_13': 0.5335480834047709, 'lag_14': 0.34895961488124894, 'lag_15': 0.7094746918458124, 'lag_16': 0.5512887417759075, 'lag_17': 0.0760896636647769, 'lag_18': 0.5212699354922337, 'lag_19': 0.3243249763162206, 'lag_20': 0.0333561970093873, 'lag_21': 0.23461661430021996, 'lag_22': 0.5474363587240665, 'lag_23': 0.2507052630604401, 'lag_24': 0.7449748634592854, 'lag_25': 0.9293541368753122, 'lag_26': 0.8900793402839801, 'lag_27': 0.22772427705501336, 'lag_28': 0.4279740637128202}. Best is trial 36 with value: 0.0025968198297100543.
[I 2025-09-29 11:54:34,278] Trial 68 finished with value: 0.0026720310538869236 and parameters: {'lag_0': 0.30018186034464767, 'lag_1': 0.773636908003741, 'lag_2': 0.6008178132785152, 'lag_3': 0.657050537450922, 'lag_4': 0.7056078126091616, 'lag_5': 0.5386356118612695, 'lag_6': 0.8349513692585804, 'lag_7': 0.4017056058536219, 'lag_8': 0.7893540855554725, 'lag_9': 0.5421917621170543, 'lag_10': 0.6889115592864917, 'lag_11': 0.18836036633019834, 'lag_12': 0.4674932155655413, 'lag_13': 0.946277008286476, 'lag_14': 0.5304658129868209, 'lag_15': 0.4654375905796908, 'lag_16': 0.83256807422628, 'lag_17': 0.010800266646450576, 'lag_18': 0.036179250595166815, 'lag_19': 0.5756511817819349, 'lag_20': 0.7241208062678932, 'lag_21': 0.875642172760059, 'lag_22': 0.5894617640106276, 'lag_23': 0.33080240353176854, 'lag_24': 0.4111101052743864, 'lag_25': 0.13841831091161766, 'lag_26': 0.23766351799154964, 'lag_27': 0.35934610405288087, 'lag_28': 0.4839617092838039}. Best is trial 36 with value: 0.0025968198297100543.
[I 2025-09-29 11:54:36,648] Trial 69 finished with value: 0.002638068140251138 and parameters: {'lag_0': 0.6920150569797247, 'lag_1': 0.6835977044609239, 'lag_2': 0.45845558757180643, 'lag_3': 0.3529402899766457, 'lag_4': 0.9200814655961053, 'lag_5': 0.09176474561018466, 'lag_6': 0.39901291133196637, 'lag_7': 0.6025951279810593, 'lag_8': 0.40009734579885003, 'lag_9': 0.12780926288126476, 'lag_10': 0.5089911409709502, 'lag_11': 0.3956894668818698, 'lag_12': 0.13564569258268883, 'lag_13': 0.2632282049482407, 'lag_14': 0.5929178407302509, 'lag_15': 0.2570593531305292, 'lag_16': 0.9397840776285978, 'lag_17': 0.1554218833796874, 'lag_18': 0.14281689282667678, 'lag_19': 0.6544090306922079, 'lag_20': 0.6446762848937424, 'lag_21': 0.4000406570151451, 'lag_22': 0.7126903774391862, 'lag_23': 0.4153525143452788, 'lag_24': 0.8216106711767412, 'lag_25': 0.9767574983256889, 'lag_26': 0.8520954275556357, 'lag_27': 0.788731327037247, 'lag_28': 0.38610503488378767}. Best is trial 36 with value: 0.0025968198297100543.
[I 2025-09-29 11:54:39,132] Trial 70 finished with value: 0.002691190089282041 and parameters: {'lag_0': 0.5895663076989524, 'lag_1': 0.49635358294675586, 'lag_2': 0.29659730942015927, 'lag_3': 0.7494067903768473, 'lag_4': 0.8548373052402787, 'lag_5': 0.029812215353657044, 'lag_6': 0.5540532709942857, 'lag_7': 0.6896018629602583, 'lag_8': 0.7169609133475474, 'lag_9': 0.19321464176996478, 'lag_10': 0.40489483048893543, 'lag_11': 0.3574192201540237, 'lag_12': 0.43144833149090656, 'lag_13': 0.7262811409311578, 'lag_14': 0.438750638605172, 'lag_15': 0.5223610011255346, 'lag_16': 0.591743105465167, 'lag_17': 0.24705357972231712, 'lag_18': 0.2580931013623053, 'lag_19': 0.5216810821637453, 'lag_20': 0.7887996049509381, 'lag_21': 0.4949757758483754, 'lag_22': 0.7561957681475819, 'lag_23': 0.20024224582178604, 'lag_24': 0.4947890942692795, 'lag_25': 0.5070075823569284, 'lag_26': 0.03809010603119531, 'lag_27': 0.5242517081813656, 'lag_28': 0.701403115793273}. Best is trial 36 with value: 0.0025968198297100543.
[I 2025-09-29 11:54:41,516] Trial 71 finished with value: 0.002646200006598199 and parameters: {'lag_0': 0.47988031222499306, 'lag_1': 0.6160881335348035, 'lag_2': 0.2781017409875437, 'lag_3': 0.8566171187859849, 'lag_4': 0.7112310523997941, 'lag_5': 0.13727073356993783, 'lag_6': 0.298867133219048, 'lag_7': 0.5479009446391191, 'lag_8': 0.3036443155701249, 'lag_9': 0.2973402687484734, 'lag_10': 0.6599959678458012, 'lag_11': 0.29967157789874493, 'lag_12': 0.5984235150557372, 'lag_13': 0.012519679548592903, 'lag_14': 0.11867848225658986, 'lag_15': 0.5883707077217076, 'lag_16': 0.18543857633295643, 'lag_17': 0.22380562487847178, 'lag_18': 0.307567193376821, 'lag_19': 0.18176478065743273, 'lag_20': 0.27075119449678264, 'lag_21': 0.4546657204083148, 'lag_22': 0.27925480097847116, 'lag_23': 0.4553305459150925, 'lag_24': 0.2129897110400193, 'lag_25': 0.8431998786843985, 'lag_26': 0.44633351591390136, 'lag_27': 0.15212622909069634, 'lag_28': 0.5545216782538811}. Best is trial 36 with value: 0.0025968198297100543.
[I 2025-09-29 11:54:43,902] Trial 72 finished with value: 0.002645257913680421 and parameters: {'lag_0': 0.9474308075739148, 'lag_1': 0.5517416770337742, 'lag_2': 0.19165595334015179, 'lag_3': 0.8157507242000379, 'lag_4': 0.7753460091665394, 'lag_5': 0.2352661681142575, 'lag_6': 0.36148641207036564, 'lag_7': 0.510308497637321, 'lag_8': 0.3205651360080739, 'lag_9': 0.31909776802733153, 'lag_10': 0.6065176384678911, 'lag_11': 0.34546087040027423, 'lag_12': 0.5310529678117831, 'lag_13': 0.051465892663337454, 'lag_14': 0.7512800383309546, 'lag_15': 0.6894291946547763, 'lag_16': 0.2936212779137991, 'lag_17': 0.2894897519349502, 'lag_18': 0.3822000059326358, 'lag_19': 0.1261161488093995, 'lag_20': 0.3366094752313096, 'lag_21': 0.42183528376437923, 'lag_22': 0.22523509573667932, 'lag_23': 0.4435830122499037, 'lag_24': 0.29237286180280697, 'lag_25': 0.5319063820872922, 'lag_26': 0.40956285996271113, 'lag_27': 0.07553659099247308, 'lag_28': 0.5987254268320361}. Best is trial 36 with value: 0.0025968198297100543.
[I 2025-09-29 11:54:46,290] Trial 73 finished with value: 0.0026250805087581455 and parameters: {'lag_0': 0.9088300976905219, 'lag_1': 0.587092913383727, 'lag_2': 0.15397697065464389, 'lag_3': 0.8989141338529362, 'lag_4': 0.6353590032637441, 'lag_5': 0.295596901544519, 'lag_6': 0.3361846068293268, 'lag_7': 0.543180716573743, 'lag_8': 0.26042843183947806, 'lag_9': 0.3802104493299437, 'lag_10': 0.7723653386750091, 'lag_11': 0.4279062094648267, 'lag_12': 0.5620676176165996, 'lag_13': 0.049497160742292816, 'lag_14': 0.07009020206638056, 'lag_15': 0.6507294963505157, 'lag_16': 0.4407754625165964, 'lag_17': 0.20623121402819575, 'lag_18': 0.46286091350510894, 'lag_19': 0.22109791889131375, 'lag_20': 0.2897301652239765, 'lag_21': 0.5387961014484156, 'lag_22': 0.28224263215002193, 'lag_23': 0.28872626531227463, 'lag_24': 0.26244311212510896, 'lag_25': 0.5706368016188139, 'lag_26': 0.3082369395511938, 'lag_27': 0.08556766327464549, 'lag_28': 0.5348151880458396}. Best is trial 36 with value: 0.0025968198297100543.
[I 2025-09-29 11:54:48,665] Trial 74 finished with value: 0.0026564925567609927 and parameters: {'lag_0': 0.8675125614480503, 'lag_1': 0.5880295613961009, 'lag_2': 0.15980343332772146, 'lag_3': 0.9921379361601603, 'lag_4': 0.6216752396325724, 'lag_5': 0.4814294370515322, 'lag_6': 0.4477622007987712, 'lag_7': 0.4771577139492905, 'lag_8': 0.17431352824085777, 'lag_9': 0.3626541023756723, 'lag_10': 0.7739605625345908, 'lag_11': 0.4527763995600561, 'lag_12': 0.23394297463057842, 'lag_13': 0.21422292092747713, 'lag_14': 0.252035384267531, 'lag_15': 0.6433766791616945, 'lag_16': 0.3436900481092975, 'lag_17': 0.5570644550768648, 'lag_18': 0.11022489264432742, 'lag_19': 0.2097469696705494, 'lag_20': 0.12335813597662056, 'lag_21': 0.5465962706937655, 'lag_22': 0.30903489905331005, 'lag_23': 0.28210611725503226, 'lag_24': 0.31415965634911913, 'lag_25': 0.4631072937209438, 'lag_26': 0.26394998787450186, 'lag_27': 0.27805651877525284, 'lag_28': 0.46309837681671384}. Best is trial 36 with value: 0.0025968198297100543.
[I 2025-09-29 11:54:51,041] Trial 75 finished with value: 0.0026683400141730086 and parameters: {'lag_0': 0.5357290965838989, 'lag_1': 0.6453235764324273, 'lag_2': 0.0032766515623290082, 'lag_3': 0.4017004432350495, 'lag_4': 0.7396919082652664, 'lag_5': 0.3585814392966041, 'lag_6': 0.4756319865755346, 'lag_7': 0.5728965021705021, 'lag_8': 0.0962959737179348, 'lag_9': 0.4494629602956955, 'lag_10': 0.5466734413505903, 'lag_11': 0.42923811095301434, 'lag_12': 0.6500454673221158, 'lag_13': 0.09880432633486727, 'lag_14': 0.7025059287612868, 'lag_15': 0.614319605667605, 'lag_16': 0.43409324413718975, 'lag_17': 0.17270616673801836, 'lag_18': 0.588985612297582, 'lag_19': 0.8769998456561583, 'lag_20': 0.239163356943527, 'lag_21': 0.4841200745190515, 'lag_22': 0.34740893456791055, 'lag_23': 0.2297823530820958, 'lag_24': 0.029334911237004768, 'lag_25': 0.884403024520281, 'lag_26': 0.9694685764101773, 'lag_27': 0.19006457513882458, 'lag_28': 0.2599960887362834}. Best is trial 36 with value: 0.0025968198297100543.
[I 2025-09-29 11:54:53,420] Trial 76 finished with value: 0.002672919659088525 and parameters: {'lag_0': 0.38571706616167695, 'lag_1': 0.46233069035341645, 'lag_2': 0.12309221435783724, 'lag_3': 0.9187708618046672, 'lag_4': 0.49896877702246695, 'lag_5': 0.1781895097593854, 'lag_6': 0.33736603291953343, 'lag_7': 0.6352262325795248, 'lag_8': 0.2547957261018172, 'lag_9': 0.2421637077920458, 'lag_10': 0.6992740968452273, 'lag_11': 0.5211651485384392, 'lag_12': 0.348175640247705, 'lag_13': 0.07304771417023004, 'lag_14': 0.6263917194070794, 'lag_15': 0.6631572456467417, 'lag_16': 0.7060764809386955, 'lag_17': 0.1262664400821723, 'lag_18': 0.4446153996799659, 'lag_19': 0.05249855299208241, 'lag_20': 0.8923591423390627, 'lag_21': 0.6102474325538784, 'lag_22': 0.1781329787187721, 'lag_23': 0.7338118415207324, 'lag_24': 0.3623941575272758, 'lag_25': 0.037318702487549205, 'lag_26': 0.08609306596470967, 'lag_27': 0.10744866300466507, 'lag_28': 0.22035226641877081}. Best is trial 36 with value: 0.0025968198297100543.
[I 2025-09-29 11:54:55,799] Trial 77 finished with value: 0.0027342579451323686 and parameters: {'lag_0': 0.912227236749991, 'lag_1': 0.53347803817469, 'lag_2': 0.5014091849726816, 'lag_3': 0.783378490068872, 'lag_4': 0.641431614977297, 'lag_5': 0.2903677509800089, 'lag_6': 0.5947299827425299, 'lag_7': 0.6003002599222497, 'lag_8': 0.6544850402931011, 'lag_9': 0.05028943488915036, 'lag_10': 0.8820805549042112, 'lag_11': 0.5849910219865581, 'lag_12': 0.19012321499864399, 'lag_13': 0.8829213976776362, 'lag_14': 0.1814330204257445, 'lag_15': 0.5631477571711077, 'lag_16': 0.5151739260268049, 'lag_17': 0.0931544642075172, 'lag_18': 0.6348642364189434, 'lag_19': 0.2473144916589434, 'lag_20': 0.330900605835303, 'lag_21': 0.36193776704808545, 'lag_22': 0.2584701932428248, 'lag_23': 0.3144959438846644, 'lag_24': 0.24327890666377566, 'lag_25': 0.7332384446818356, 'lag_26': 0.3099614507648734, 'lag_27': 0.38884941299752784, 'lag_28': 0.3402467043161518}. Best is trial 36 with value: 0.0025968198297100543.
[I 2025-09-29 11:54:58,175] Trial 78 finished with value: 0.0026697456765749266 and parameters: {'lag_0': 0.005845552479502691, 'lag_1': 0.48490814935292664, 'lag_2': 0.14375373489881463, 'lag_3': 0.2562749861607432, 'lag_4': 0.8147943506484279, 'lag_5': 0.3865475357412087, 'lag_6': 0.4226485518666395, 'lag_7': 0.7744120339630727, 'lag_8': 0.4364138974755463, 'lag_9': 0.0892243695125927, 'lag_10': 0.9339631669569192, 'lag_11': 0.48968935960506366, 'lag_12': 0.568435204734544, 'lag_13': 0.7004430241291398, 'lag_14': 0.5576127586496368, 'lag_15': 0.8031956704770268, 'lag_16': 0.5381078952754469, 'lag_17': 0.3852427050243703, 'lag_18': 0.48148834754015857, 'lag_19': 0.9300679577995232, 'lag_20': 0.37086477315310995, 'lag_21': 0.6664465732476279, 'lag_22': 0.3814211988003941, 'lag_23': 0.1499558741460966, 'lag_24': 0.12338035169491166, 'lag_25': 0.9247638027909333, 'lag_26': 0.3359836647482989, 'lag_27': 0.4742130262251073, 'lag_28': 0.5187992503363611}. Best is trial 36 with value: 0.0025968198297100543.
[I 2025-09-29 11:55:00,550] Trial 79 finished with value: 0.0026732350298222392 and parameters: {'lag_0': 0.4222144145830163, 'lag_1': 0.5718977589986598, 'lag_2': 0.03865879999775841, 'lag_3': 0.9591535073607961, 'lag_4': 0.681367835661784, 'lag_5': 0.28485471094546017, 'lag_6': 0.52869877182196, 'lag_7': 0.6643531658305392, 'lag_8': 0.5823155083066773, 'lag_9': 0.964511461268824, 'lag_10': 0.8235292847894515, 'lag_11': 0.31712594153519663, 'lag_12': 0.27316483267453423, 'lag_13': 0.9697382654214752, 'lag_14': 0.657349517571227, 'lag_15': 0.7014040154442907, 'lag_16': 0.6213746784497827, 'lag_17': 0.050191508193634375, 'lag_18': 0.691446860029596, 'lag_19': 0.03303198448290813, 'lag_20': 0.4206696814465299, 'lag_21': 0.8228542365639173, 'lag_22': 0.9552805543374899, 'lag_23': 0.6215580339240092, 'lag_24': 0.45479686496703553, 'lag_25': 0.9967159981857555, 'lag_26': 0.5657282671404966, 'lag_27': 0.42680981164293613, 'lag_28': 0.15202791885540407}. Best is trial 36 with value: 0.0025968198297100543.
[I 2025-09-29 11:55:02,922] Trial 80 finished with value: 0.0026463067736663287 and parameters: {'lag_0': 0.5097297946237676, 'lag_1': 0.42378141550725823, 'lag_2': 0.09589740728816254, 'lag_3': 0.6739483308855156, 'lag_4': 0.540882228893472, 'lag_5': 0.4336229022822453, 'lag_6': 0.3292563594751343, 'lag_7': 0.5338209897626544, 'lag_8': 0.3487995337191622, 'lag_9': 0.38137779413912004, 'lag_10': 0.7656985782705306, 'lag_11': 0.3973518849812203, 'lag_12': 0.42241431025853926, 'lag_13': 0.8358850177966695, 'lag_14': 0.799875088606962, 'lag_15': 0.4293806818110742, 'lag_16': 0.39841791393573456, 'lag_17': 0.030008966297315615, 'lag_18': 0.20420339618339825, 'lag_19': 0.07332985724256284, 'lag_20': 0.9479693337695924, 'lag_21': 0.5117037668088904, 'lag_22': 0.7898595725301244, 'lag_23': 0.3501081858547109, 'lag_24': 0.8618875355661616, 'lag_25': 0.3121488344040644, 'lag_26': 0.1633522729147809, 'lag_27': 0.36909560555198956, 'lag_28': 0.6573465775284684}. Best is trial 36 with value: 0.0025968198297100543.
[I 2025-09-29 11:55:05,303] Trial 81 finished with value: 0.0026192434772834886 and parameters: {'lag_0': 0.9936387866651911, 'lag_1': 0.5999556826612462, 'lag_2': 0.26455208180731216, 'lag_3': 0.8485807733616496, 'lag_4': 0.7384437269104591, 'lag_5': 0.1270011409829881, 'lag_6': 0.38189017872055747, 'lag_7': 0.5562609229196791, 'lag_8': 0.27902501814660313, 'lag_9': 0.2622109921727154, 'lag_10': 0.6664449848672791, 'lag_11': 0.36770540717759603, 'lag_12': 0.5459413366470995, 'lag_13': 0.054829152081603744, 'lag_14': 0.1327894764464816, 'lag_15': 0.5778604711706042, 'lag_16': 0.3321369109334817, 'lag_17': 0.21330036952907958, 'lag_18': 0.3592706134914021, 'lag_19': 0.11594513974578992, 'lag_20': 0.30097676734922524, 'lag_21': 0.4359917084254816, 'lag_22': 0.27040819170237446, 'lag_23': 0.40051111671122974, 'lag_24': 0.2554537328666342, 'lag_25': 0.5993686538910664, 'lag_26': 0.39753438950622266, 'lag_27': 0.062086656339481655, 'lag_28': 0.5439163973476726}. Best is trial 36 with value: 0.0025968198297100543.
