[I 2025-10-03 11:35:17,109] Trial 90 finished with values: [0.0024253049894075534, 0.00727561306021055, 0.000833333002895033, 0.0009172722072019197, 0.002909674399273255, 0.0014209577104071177, 0.002396768196565878, 0.0008086561948314629, 0.00046255844300444927, 0.00010904829634034879, 0.0002586850852154559, 0.0005824374909209713, 0.011289834206403736, 0.059635630681496396, 0.0, 0.05978951622224167, 0.0024551988947654315, 0.002775594574352075, 0.00038896001666980154, 0.013209767814403018, 0.0003143869440570384, 0.0007695021928150159, 0.00032132646476760475, 0.00011737765861804137, 0.00022387743554148337, 0.0020876393618625925, 0.0009637260246400919, 0.0012599788764833303, 0.0011070557541054456] and parameters: {'lag_0': 0.20414978228184646, 'lag_1': 0.3309614231702585, 'lag_2': 0.100256703125885, 'lag_3': 0.3467055273999239, 'lag_4': 0.1356031131807403, 'lag_5': 0.00509295244643233, 'lag_6': 0.07046041788637013, 'lag_7': 0.9639443925008916, 'lag_8': 0.886207158900635, 'lag_9': 0.9838311750083668, 'lag_10': 0.4764429320384138, 'lag_11': 0.4929074803971346, 'lag_12': 0.5354163711542207, 'lag_13': 0.8795700179762331, 'lag_14': 0.7174506859018533, 'lag_15': 0.2765309771731164, 'lag_16': 0.19028105147499774, 'lag_17': 0.29997299966594587, 'lag_18': 0.19674878266205523, 'lag_19': 0.3402681483443622, 'lag_20': 0.17430025961971202, 'lag_21': 0.94432559291436, 'lag_22': 0.5634652302416294, 'lag_23': 0.1961617779855817, 'lag_24': 0.4785499896989031, 'lag_25': 0.8604299003116592, 'lag_26': 0.5692381227716917, 'lag_27': 0.5879604036757952, 'lag_28': 0.5386871744882064}.
[I 2025-10-03 11:35:19,834] Trial 91 finished with values: [0.007947987435166923, 0.0016342142458967805, 0.0005375350883363042, 0.005032728373775139, 0.003208546325716246, 0.0007318648344603859, 0.001849229152461871, 0.0018280773040041955, 0.00023955555467071007, 0.00010538232992333858, 0.00018715836092235183, 0.0005846421441555684, 0.012197807597000242, 0.06299010994786437, 0.0, 0.053814885187782005, 0.0025411859505842706, 0.003099850350177695, 0.000615212273880577, 0.011893271662136948, 0.0002039086179609447, 0.0009122184878123515, 0.00033880147946831993, 0.00016555664804687606, 0.00010268386505381522, 0.001114156920580519, 0.0014714778680009486, 0.001187299121899871, 0.0006515060240808298] and parameters: {'lag_0': 0.5133242613397683, 'lag_1': 0.8190687385934033, 'lag_2': 0.9172865320065096, 'lag_3': 0.5085708236248471, 'lag_4': 0.03437231524781693, 'lag_5': 0.9854729808895428, 'lag_6': 0.5169439032806765, 'lag_7': 0.5199766257391454, 'lag_8': 0.8519165404762415, 'lag_9': 0.9878908803478298, 'lag_10': 0.3411617041766981, 'lag_11': 0.12986008360694457, 'lag_12': 0.7192147840181997, 'lag_13': 0.9246018796010423, 'lag_14': 0.3233063325910592, 'lag_15': 0.8280535501687195, 'lag_16': 0.5784581901576014, 'lag_17': 0.5388874666214712, 'lag_18': 0.45895274901724425, 'lag_19': 0.12448206547131417, 'lag_20': 0.142711861167803, 'lag_21': 0.3164393105192969, 'lag_22': 0.5748593657519923, 'lag_23': 0.39151472668039544, 'lag_24': 0.8113688235641962, 'lag_25': 0.08142121155656251, 'lag_26': 0.11718845162676797, 'lag_27': 0.5863732017218123, 'lag_28': 0.9631139341728936}.
[I 2025-10-03 11:35:22,551] Trial 92 finished with values: [0.009099217157825218, 0.0008460237207980233, 0.001242053980656401, 0.0017767874334448576, 0.003365597820488033, 0.0009616444954999064, 0.001769083708956318, 0.0005268076795161073, 0.00014481422090648505, 0.00027911334291229605, 0.00017650767570702455, 0.0005374204957923366, 0.012553622541213677, 0.060729396880496375, 0.0, 0.06312277049315217, 0.0025682843441730057, 0.0031674312094305186, 0.00045182829195925656, 0.012722353479769504, 0.0002027015081323193, 0.0010254803348107662, 0.00030246852606244016, 0.000195063683783576, 0.00013206446383339263, 0.0018335314015622997, 0.0008539221233919677, 0.001382264904376927, 0.001400899668601319] and parameters: {'lag_0': 0.7210013730381892, 'lag_1': 0.5027617556239201, 'lag_2': 0.6991016456671776, 'lag_3': 0.3363607334633968, 'lag_4': 0.2224004792293126, 'lag_5': 0.24510659922985958, 'lag_6': 0.9742633745597523, 'lag_7': 0.37889907404206585, 'lag_8': 0.4435270850916861, 'lag_9': 0.22715673550070473, 'lag_10': 0.2922838200378539, 'lag_11': 0.24670855135062475, 'lag_12': 0.9243869575544802, 'lag_13': 0.22255170412795608, 'lag_14': 0.19483445803453212, 'lag_15': 0.45765578244093574, 'lag_16': 0.1918035742475124, 'lag_17': 0.7597760890797499, 'lag_18': 0.3823633572371502, 'lag_19': 0.3032653179055474, 'lag_20': 0.4252877596702451, 'lag_21': 0.14121644990582166, 'lag_22': 0.6767878366984672, 'lag_23': 0.7118954627678453, 'lag_24': 0.6483536761415752, 'lag_25': 0.570737775682231, 'lag_26': 0.9207705655280335, 'lag_27': 0.7255389300575832, 'lag_28': 0.9452337503035796}.
[I 2025-10-03 11:35:25,259] Trial 93 finished with values: [0.02191190006574622, 0.001822248685069399, 0.0007632978835328465, 0.0031852357353166897, 0.004788588591373882, 0.0004943567937974902, 0.0015157775032984388, 0.0015623635868282674, 0.00036165295557876625, 0.00016732145435259738, 0.00019751592826598258, 0.0012516037876635759, 0.009942871457139114, 0.061090356903540165, 0.0, 0.061157977739585236, 0.0022959659716116137, 0.003118231741107952, 0.00043536973079638853, 0.012711088463412063, 0.0001996631917335257, 0.0013250136928204474, 0.00013125289688309654, 0.00025644891252257654, 0.00017807943929777818, 0.001496256069858127, 0.0012273577949327322, 0.002043889552927771, 0.0008741903234867454] and parameters: {'lag_0': 0.2092874861613439, 'lag_1': 0.45498726679272605, 'lag_2': 0.3399358033049131, 'lag_3': 0.4612778308423721, 'lag_4': 0.14237427760252014, 'lag_5': 0.5864964073031195, 'lag_6': 0.2670154703013485, 'lag_7': 0.8262296657534479, 'lag_8': 0.26213471679705147, 'lag_9': 0.6996311231360824, 'lag_10': 0.14467053700656105, 'lag_11': 0.6925623142693461, 'lag_12': 0.517939016566025, 'lag_13': 0.1375855013371276, 'lag_14': 0.7673360728638013, 'lag_15': 0.040072304880934315, 'lag_16': 0.5163033586967524, 'lag_17': 0.6966692870042006, 'lag_18': 0.9903235751445651, 'lag_19': 0.017377789663786038, 'lag_20': 0.007385025206355633, 'lag_21': 0.8455995493317304, 'lag_22': 0.4800088027195738, 'lag_23': 0.7007125444109839, 'lag_24': 0.0948959894483716, 'lag_25': 0.11389047397509242, 'lag_26': 0.6503231489367935, 'lag_27': 0.5074181293185661, 'lag_28': 0.0320546638354855}.
[I 2025-10-03 11:35:27,972] Trial 94 finished with values: [0.0037810785063532313, 0.0015825041950698004, 0.0009213177062045691, 0.0021760599370014813, 0.0040398094118188595, 0.0008609420963462695, 0.0033230431374585896, 0.00011649676560807928, 0.00020079176644698023, 0.0004680497974855805, 0.00015565816434205654, 0.0007820918427430912, 0.00989078531220722, 0.06348401983590017, 0.0, 0.06425655250986428, 0.0023800202880292476, 0.0028849802236541643, 0.00026612122905159895, 0.01382895281673902, 0.0004401620906802484, 0.0010908451635164933, 0.00020072782789956194, 0.00029848911736164274, 0.0001024187422676203, 0.001972575260424567, 0.0006805976608235141, 0.0008842279398827892, 0.0008463313276618645] and parameters: {'lag_0': 0.26711142876928334, 'lag_1': 0.5027617556239201, 'lag_2': 0.48366166310030395, 'lag_3': 0.03537484103306959, 'lag_4': 0.052758249815520165, 'lag_5': 0.24510659922985958, 'lag_6': 0.5062180651102972, 'lag_7': 0.2692567602360821, 'lag_8': 0.9822760697260098, 'lag_9': 0.22715673550070473, 'lag_10': 0.4672179902310082, 'lag_11': 0.46710116731232953, 'lag_12': 0.9023319674627571, 'lag_13': 0.8199551586581838, 'lag_14': 0.4177099273074228, 'lag_15': 0.45765578244093574, 'lag_16': 0.9649229659518708, 'lag_17': 0.7597760890797499, 'lag_18': 0.8410474373855068, 'lag_19': 0.27404133613981047, 'lag_20': 0.6877328651513444, 'lag_21': 0.15267777431613824, 'lag_22': 0.5483492896991462, 'lag_23': 0.01367188205642921, 'lag_24': 0.2565050286259342, 'lag_25': 0.6991548697955343, 'lag_26': 0.5833795648118324, 'lag_27': 0.7255389300575832, 'lag_28': 0.9452337503035796}.
[I 2025-10-03 11:35:30,690] Trial 95 finished with values: [0.0026298487836949372, 0.003648186501093529, 0.0004956844060888725, 0.0014652617072594134, 0.002834095984346338, 0.0017585952773926216, 0.003230328826186324, 0.0009556719181195884, 0.00025793070288234127, 0.000284917511745227, 0.0003832046920715071, 0.00046388657619861876, 0.010959161463860608, 0.05983190043064355, 0.0, 0.06241595216627419, 0.0023879640548410018, 0.0031085003486203385, 0.0005484841948084871, 0.01203747008874644, 0.00025905191232464476, 0.0013918198268183593, 0.00033924627593555, 5.9319470295760634e-05, 0.00014179231836741025, 0.0023119673807749435, 0.0006188039616423515, 0.0006406302616667064, 0.0008988202841635377] and parameters: {'lag_0': 0.28736902727638636, 'lag_1': 0.8308268145893063, 'lag_2': 0.5009449410032075, 'lag_3': 0.37035871065453085, 'lag_4': 0.958388610059021, 'lag_5': 0.12474291243559159, 'lag_6': 0.34744462004030136, 'lag_7': 0.5193851243182659, 'lag_8': 0.33453154448373273, 'lag_9': 0.16382644198955032, 'lag_10': 0.14958878237859236, 'lag_11': 0.18969077638350582, 'lag_12': 0.1521309599433341, 'lag_13': 0.3002494782919213, 'lag_14': 0.1221259158459885, 'lag_15': 0.8022201957381315, 'lag_16': 0.14799641451507464, 'lag_17': 0.5481730498883639, 'lag_18': 0.9790403923477013, 'lag_19': 0.5949251540653074, 'lag_20': 0.2388994896912328, 'lag_21': 0.3651470221762129, 'lag_22': 0.6387612126783274, 'lag_23': 0.2049523312929791, 'lag_24': 0.7363443493769567, 'lag_25': 0.24930026906594735, 'lag_26': 0.9054883407148387, 'lag_27': 0.5068020021049107, 'lag_28': 0.37042520196273054}.
[I 2025-10-03 11:35:33,407] Trial 96 finished with values: [0.006527284681130836, 0.006321641463394427, 0.00095070085590806, 0.002767614167945498, 0.004380705942664697, 0.0005331641641570567, 0.0006564281932644009, 0.001829721045216503, 0.0001400396740069431, 0.00015229170627179429, 0.00018648251336262142, 0.0011863541732470015, 0.00835439338528354, 0.05945137194595714, 0.0, 0.07041685358977211, 0.0035476252443321704, 0.0030641796959865507, 0.00039637485410624863, 0.01432743825518148, 0.0003176109071753825, 0.0013610381773686761, 0.000239598279216229, 9.358277418048187e-05, 0.00014244270795107632, 0.0026873670651391766, 0.0007133699124011433, 0.000642191274039158, 0.0017696023702096675] and parameters: {'lag_0': 0.9474590563383241, 'lag_1': 0.12742970811162704, 'lag_2': 0.3814295916114377, 'lag_3': 0.6318079154159545, 'lag_4': 0.9461702052712863, 'lag_5': 0.1584186470739726, 'lag_6': 0.31417181477137623, 'lag_7': 0.48572992579050667, 'lag_8': 0.9306817603940435, 'lag_9': 0.20178843844366134, 'lag_10': 0.5622303274365307, 'lag_11': 0.7621416710600919, 'lag_12': 0.4001731433437225, 'lag_13': 0.5497479061673142, 'lag_14': 0.6772240221588849, 'lag_15': 0.8132214360909708, 'lag_16': 0.8294674298678754, 'lag_17': 0.2652373994795884, 'lag_18': 0.0693098111704691, 'lag_19': 0.567832001030922, 'lag_20': 0.05199579905006825, 'lag_21': 0.6595680778890755, 'lag_22': 0.6778916596182085, 'lag_23': 0.5770059300875864, 'lag_24': 0.7110047465338531, 'lag_25': 0.90263899139657, 'lag_26': 0.37901433301481446, 'lag_27': 0.0601238897657325, 'lag_28': 0.9811026761558089}.
[I 2025-10-03 11:35:36,122] Trial 97 finished with values: [0.0031907462195923733, 0.00259414926999748, 0.0006760271249122053, 0.0024323255422880924, 0.0036358830974429395, 0.0010412464300286236, 0.001522953861650318, 0.0005757339884120083, 0.00034749931414809895, 0.0001160457522453919, 0.0001431635824958438, 0.00028529833771958745, 0.012217298410375428, 0.05814247267448795, 0.0, 0.0699668600180047, 0.0026207643876900587, 0.0029742016101618894, 0.0007428247273505261, 0.013340299877830999, 0.00017910841920585106, 0.0007811486872081267, 0.0003732217287059562, 0.0001991920711819905, 0.00017559752972235937, 0.001813689965888933, 0.000729648612015987, 0.0009688944132321082, 0.0010194840482877238] and parameters: {'lag_0': 0.7676650575343333, 'lag_1': 0.8190687385934033, 'lag_2': 0.12124313622782652, 'lag_3': 0.9609749602054607, 'lag_4': 0.8344528864639819, 'lag_5': 0.36268987746524084, 'lag_6': 0.8010049601426333, 'lag_7': 0.5348402040427684, 'lag_8': 0.2627261305612194, 'lag_9': 0.30262420420595404, 'lag_10': 0.7076550847271476, 'lag_11': 0.12986008360694457, 'lag_12': 0.34827413139191976, 'lag_13': 0.9246018796010423, 'lag_14': 0.5393020577106786, 'lag_15': 0.8280535501687195, 'lag_16': 0.5784581901576014, 'lag_17': 0.14843355979138492, 'lag_18': 0.45895274901724425, 'lag_19': 0.12448206547131417, 'lag_20': 0.1991459227855293, 'lag_21': 0.848926820270792, 'lag_22': 0.5748593657519923, 'lag_23': 0.39151472668039544, 'lag_24': 0.2090368328772094, 'lag_25': 0.9646132441282971, 'lag_26': 0.11718845162676797, 'lag_27': 0.5863732017218123, 'lag_28': 0.8353428009627747}.
[I 2025-10-03 11:35:38,844] Trial 98 finished with values: [0.007947987435166923, 0.0035410090620353247, 0.0016796383531756925, 0.004497150416524511, 0.0027811650697907786, 0.0004093215026370443, 0.001442523204399923, 0.0007372181288383683, 0.0006325039638397187, 3.539935839276626e-05, 7.473231505922967e-05, 0.001199364396373658, 0.012140441488684352, 0.05666938955652952, 0.0, 0.05719485270456538, 0.0026617050579991084, 0.0023681535097609127, 0.0003827686054679608, 0.013529088408652523, 0.00026008182858959446, 0.0014409471797376247, 0.00018522435011135126, 0.00012044780094809782, 9.173739646161607e-05, 0.0018062676051469994, 0.0010292851334391243, 0.0013372301653712649, 0.0011294020868823583] and parameters: {'lag_0': 0.905754490043667, 'lag_1': 0.8046754076936747, 'lag_2': 0.4103645628222202, 'lag_3': 0.6952787735585494, 'lag_4': 0.6307508289697504, 'lag_5': 0.8691663170849627, 'lag_6': 0.3144979538432375, 'lag_7': 0.857527732259311, 'lag_8': 0.17796867322106724, 'lag_9': 0.13810794324572356, 'lag_10': 0.5150953803150373, 'lag_11': 0.7354057333479601, 'lag_12': 0.1617779995643269, 'lag_13': 0.7841262577609875, 'lag_14': 0.8361691772017016, 'lag_15': 0.11863930282400174, 'lag_16': 0.2392012475206946, 'lag_17': 0.712195504977884, 'lag_18': 0.3588836034913513, 'lag_19': 0.29101845956857963, 'lag_20': 0.40318421446030783, 'lag_21': 0.8279735904940785, 'lag_22': 0.3751953674688452, 'lag_23': 0.061737881212638256, 'lag_24': 0.7107403527954078, 'lag_25': 0.2511096412687981, 'lag_26': 0.6405594636212738, 'lag_27': 0.9346705860789692, 'lag_28': 0.5476995179896597}.
[I 2025-10-03 11:35:41,559] Trial 99 finished with values: [0.008239411839686567, 0.003001370714043322, 0.0010186899689675088, 0.0006607471188682407, 0.0027865454329145368, 0.001196686589022991, 0.0028227877189982617, 0.0005563110456799426, 0.0005829898354888282, 0.00028543524572025513, 9.015441124739457e-05, 0.0007055202824965788, 0.009730742285281419, 0.06193551968634525, 0.0, 0.07180723572748399, 0.0030314238808385645, 0.00361989330560087, 0.000460173143437044, 0.013847418318526854, 0.00037854997899025073, 0.0009703721193263159, 0.00020203512545870667, 0.00016028689320643394, 0.00017650232082275566, 0.002035389070255982, 0.0010081519610084743, 0.0009006098210069209, 0.0014590314311195226] and parameters: {'lag_0': 0.9379735064100403, 'lag_1': 0.3993394176701775, 'lag_2': 0.8071957080181584, 'lag_3': 0.23581896833747484, 'lag_4': 0.3269036764902107, 'lag_5': 0.9461435548086363, 'lag_6': 0.8253733416891541, 'lag_7': 0.27752962540712317, 'lag_8': 0.014645526957957568, 'lag_9': 0.8350008634483462, 'lag_10': 0.05770270498092643, 'lag_11': 0.011682562356198441, 'lag_12': 0.29714935054015007, 'lag_13': 0.33204018826964216, 'lag_14': 0.9511666985499234, 'lag_15': 0.18560154446206503, 'lag_16': 0.9729749362736614, 'lag_17': 0.7907389847233567, 'lag_18': 0.6357556104875579, 'lag_19': 0.267797750358698, 'lag_20': 0.2973591332467471, 'lag_21': 0.8702900769698236, 'lag_22': 0.864207845072583, 'lag_23': 0.3297156776281228, 'lag_24': 0.12205964216787363, 'lag_25': 0.5911728151776501, 'lag_26': 0.9249506197839481, 'lag_27': 0.6310887497903677, 'lag_28': 0.11725542665460312}.
[I 2025-10-03 11:35:41,571] A new study created in memory with name: no-name-88ce7a94-e0a1-4ea5-a29a-2fccdcef7436
[I 2025-10-03 11:35:44,286] Trial 0 finished with values: [0.007111111111111112, 0.00291735632744052, 0.002042712247747997, 0.00045100665359273424, 0.0005717558751390863, 0.0005145324472505478, 0.0027717702389289675, 0.0020894185612879727, 0.002159628241677039, 0.0011046265261212573, 0.0015602116465693668, 0.0007374090722512769, 0.0006457596743665158, 0.017460247731081308, 0.0, 0.0004969688675125433, 0.00011056714875094529, 0.0007392441764530457, 0.0008077397051041272, 0.00014881122695728892, 0.00012850136780179374, 2.656104468554989e-05, 0.0004034817247134544, 0.0004335699001020097, 0.0007182582264117096, 0.00019203253562826683, 0.0004146808331543083, 0.0012290440101984097, 0.0016851910732182322] and parameters: {'lag_0': 0.5178198451453208, 'lag_1': 0.6973428769206756, 'lag_2': 0.19748442532264804, 'lag_3': 0.7133661402175434, 'lag_4': 0.15730198064880244, 'lag_5': 0.12938250611897092, 'lag_6': 0.17316133361877317, 'lag_7': 0.5621853284262716, 'lag_8': 0.6729997109037548, 'lag_9': 0.768422025316135, 'lag_10': 0.13641856258252238, 'lag_11': 0.35105947586869823, 'lag_12': 0.8450806769706182, 'lag_13': 0.14587420615902003, 'lag_14': 0.24811937001961762, 'lag_15': 0.2181053540529415, 'lag_16': 0.9731032615293909, 'lag_17': 0.9109350896285161, 'lag_18': 0.37917521155206263, 'lag_19': 0.9728394994543074, 'lag_20': 0.25461148181185367, 'lag_21': 0.5363278816309123, 'lag_22': 0.6753962347831282, 'lag_23': 0.9309741989401674, 'lag_24': 0.6306158987408743, 'lag_25': 0.5653136575315875, 'lag_26': 0.8764375216857153, 'lag_27': 0.5502406591930259, 'lag_28': 0.5445443370879537}.
[I 2025-10-03 11:35:46,997] Trial 1 finished with values: [0.0044444444444444444, 0.005865907538272364, 0.0006814565110432732, 0.001111489014168974, 0.0008162940110445476, 0.0014841226670086734, 0.0009573420746589529, 0.0017118342109387786, 0.0028631449315647444, 0.0015826910908993477, 0.0009257806033920081, 0.000644884798537996, 0.0003669336425012961, 0.01813625376887971, 0.0, 0.0011182673038358775, 0.0001000066947933042, 0.0008311659658859846, 0.0008700242424175232, 4.6561979421862105e-05, 8.65069406223554e-05, 6.530543687569645e-05, 0.00036540582917771934, 0.00020868009455031277, 0.0008173584881653314, 0.00027003006959912663, 0.0011378804480800691, 0.00192875535464784, 0.0010191989465482324] and parameters: {'lag_0': 0.6196809927542019, 'lag_1': 0.1218589771932784, 'lag_2': 0.4091833354923851, 'lag_3': 0.8784844849016132, 'lag_4': 0.7337117649266398, 'lag_5': 0.17145148726189322, 'lag_6': 0.5219149558646886, 'lag_7': 0.5264679255431192, 'lag_8': 0.24651881510000392, 'lag_9': 0.17331929584004685, 'lag_10': 0.32941570435340195, 'lag_11': 0.23156009507045489, 'lag_12': 0.24463991537000107, 'lag_13': 0.023708649368987807, 'lag_14': 0.03754397366038411, 'lag_15': 0.9813769312312202, 'lag_16': 0.3903607396224787, 'lag_17': 0.8897881482648244, 'lag_18': 0.4775782676016219, 'lag_19': 0.7226100363971988, 'lag_20': 0.5504700657376044, 'lag_21': 0.2576435794667534, 'lag_22': 0.7790199731119193, 'lag_23': 0.47565260394077974, 'lag_24': 0.5369474907871089, 'lag_25': 0.0638130957084454, 'lag_26': 0.45478986227124657, 'lag_27': 0.9365180470409951, 'lag_28': 0.47349694201211884}.
[I 2025-10-03 11:35:49,706] Trial 2 finished with values: [0.0027432610124917814, 0.0013138414388165704, 0.0007184666087810138, 0.0012314831297386805, 0.0004356719884664651, 0.001732188493072237, 0.0017530292714482035, 0.001867328473794463, 0.001986474683143684, 0.002226204601174624, 0.0009252711307020647, 0.0006150035825837482, 0.0006534477666766258, 0.01957129310035689, 0.0, 0.0004862668785270592, 0.00023366762691747023, 0.00047695419984344656, 0.0007482569961091334, 5.861662287761221e-06, 0.00010994762405396497, 5.3135409834164996e-05, 0.000575077186599453, 0.0004814630233146507, 0.0008415150337954711, 2.8951170568684923e-05, 0.0006643515426349598, 0.0014044999971122654, 0.0028980825644502506] and parameters: {'lag_0': 0.1375449895953165, 'lag_1': 0.21617945036784597, 'lag_2': 0.4801627746697244, 'lag_3': 0.30918347034434157, 'lag_4': 0.25563693934023773, 'lag_5': 0.9183652296104007, 'lag_6': 0.7239071997889938, 'lag_7': 0.998270296878822, 'lag_8': 0.5913138589715232, 'lag_9': 0.4760284849035677, 'lag_10': 0.12632391582388933, 'lag_11': 0.433647202811058, 'lag_12': 0.28521559549164194, 'lag_13': 0.7480900289219008, 'lag_14': 0.31785312442652425, 'lag_15': 0.1091206822692663, 'lag_16': 0.16562860868603538, 'lag_17': 0.418143700479492, 'lag_18': 0.7274590293151884, 'lag_19': 0.9544720846043522, 'lag_20': 0.059774420104681626, 'lag_21': 0.5101558253303673, 'lag_22': 0.5503337286611054, 'lag_23': 0.5463857518043995, 'lag_24': 0.5659533968661946, 'lag_25': 0.4610009178539179, 'lag_26': 0.3880087262136136, 'lag_27': 0.17802323862254324, 'lag_28': 0.3929386212211873}.
