[I 2025-09-29 12:51:08,329] Trial 19 finished with value: 0.008273779946245372 and parameters: {'lag_0': 0.5159424105476488, 'lag_1': 0.5208755427745295, 'lag_2': 0.37641722477006384, 'lag_3': 0.21266281501602882, 'lag_4': 0.8719253166549363, 'lag_5': 0.7233575444884176, 'lag_6': 0.1430687376590662, 'lag_7': 0.5081665193072746, 'lag_8': 0.9939962411985872, 'lag_9': 0.5703956680536489, 'lag_10': 0.9833734077188279, 'lag_11': 0.39408418338842266, 'lag_12': 0.39167921320088017, 'lag_13': 0.7174857936863753, 'lag_14': 0.36438217086154034, 'lag_15': 0.6884311210740006, 'lag_16': 0.788063144017938, 'lag_17': 0.48511467408579184, 'lag_18': 0.8260865597784501, 'lag_19': 0.965418405846597, 'lag_20': 0.4889126365710019, 'lag_21': 0.8966321349635091, 'lag_22': 0.7024206087237082, 'lag_23': 0.3950832966358237, 'lag_24': 0.7456815024671715, 'lag_25': 0.44915807142729064, 'lag_26': 0.23178004425508691, 'lag_27': 0.6785585221619769, 'lag_28': 0.2253218212767496}. Best is trial 1 with value: 0.00713404537643055.
[I 2025-09-29 12:51:10,869] Trial 20 finished with value: 0.00783015653794909 and parameters: {'lag_0': 0.23914185408318173, 'lag_1': 0.7417294980099505, 'lag_2': 0.8290682675317655, 'lag_3': 0.37296018139772125, 'lag_4': 0.5589762981023241, 'lag_5': 0.3477967350363655, 'lag_6': 0.241674287131521, 'lag_7': 0.17158833471685414, 'lag_8': 0.1798127585288185, 'lag_9': 0.953257489052044, 'lag_10': 0.511147862111431, 'lag_11': 0.020557869665260298, 'lag_12': 0.6194916877536714, 'lag_13': 0.925704861372742, 'lag_14': 0.49734165207123693, 'lag_15': 0.17440237258668423, 'lag_16': 0.28774613451375364, 'lag_17': 0.8676882499089735, 'lag_18': 0.6277798389395879, 'lag_19': 0.011591805321064519, 'lag_20': 0.696978865343853, 'lag_21': 0.656082786914496, 'lag_22': 0.5641026104054643, 'lag_23': 0.26940134590775744, 'lag_24': 0.8740970456039863, 'lag_25': 0.24206451326961648, 'lag_26': 0.0061829617986806085, 'lag_27': 0.13222029222417137, 'lag_28': 0.6855204954156223}. Best is trial 1 with value: 0.00713404537643055.
[I 2025-09-29 12:51:13,420] Trial 21 finished with value: 0.007616247517827651 and parameters: {'lag_0': 0.7309886374357921, 'lag_1': 0.23877527406311996, 'lag_2': 0.27331588026912645, 'lag_3': 0.9767719571286915, 'lag_4': 0.35667826822621573, 'lag_5': 0.9939012201140401, 'lag_6': 0.6141427392760069, 'lag_7': 0.0047573820819625245, 'lag_8': 0.30961443691969215, 'lag_9': 0.47418212168812096, 'lag_10': 0.10801222461255193, 'lag_11': 0.8901081600879204, 'lag_12': 0.9601762936255156, 'lag_13': 0.5820053331314552, 'lag_14': 0.30488333855217714, 'lag_15': 0.13932242074260773, 'lag_16': 0.9513238680843837, 'lag_17': 0.12847086555625775, 'lag_18': 0.01082881377508077, 'lag_19': 0.23930387392079416, 'lag_20': 0.22217259673176942, 'lag_21': 0.22144420100164025, 'lag_22': 0.2948764567560786, 'lag_23': 0.6961671062336477, 'lag_24': 0.36935485532035106, 'lag_25': 0.9042313039933408, 'lag_26': 0.7447363107642475, 'lag_27': 0.28582988788073105, 'lag_28': 0.11129998159104812}. Best is trial 1 with value: 0.00713404537643055.
[I 2025-09-29 12:51:15,971] Trial 22 finished with value: 0.008118376292980959 and parameters: {'lag_0': 0.6787539087229019, 'lag_1': 0.37190246616606015, 'lag_2': 0.4421408763456493, 'lag_3': 0.8324041472264404, 'lag_4': 0.24178978244213334, 'lag_5': 0.8268664553716076, 'lag_6': 0.8703563614664989, 'lag_7': 0.01880659687786733, 'lag_8': 0.31478470393821656, 'lag_9': 0.3869674239305557, 'lag_10': 0.2821697703858225, 'lag_11': 0.7882988698169358, 'lag_12': 0.8398263416363616, 'lag_13': 0.5739910632696115, 'lag_14': 0.07606926923784499, 'lag_15': 0.2456788461538567, 'lag_16': 0.8240297995440685, 'lag_17': 0.11272266287211008, 'lag_18': 0.13663572090318074, 'lag_19': 0.4161017983824926, 'lag_20': 0.40708078008193743, 'lag_21': 0.12799145421864302, 'lag_22': 0.3925184721328332, 'lag_23': 0.5948468931116364, 'lag_24': 0.46500040681009197, 'lag_25': 0.5957850130974696, 'lag_26': 0.7983406921629487, 'lag_27': 0.3057839922913104, 'lag_28': 0.2703196578499446}. Best is trial 1 with value: 0.00713404537643055.
[I 2025-09-29 12:51:18,524] Trial 23 finished with value: 0.007842087421997285 and parameters: {'lag_0': 0.8685470583457453, 'lag_1': 0.12936581424952084, 'lag_2': 0.020052960558549715, 'lag_3': 0.507521741370565, 'lag_4': 0.4297102495897135, 'lag_5': 0.44709485840934726, 'lag_6': 0.6150359935297612, 'lag_7': 0.09316454429285374, 'lag_8': 0.11696157271150995, 'lag_9': 0.18858181620241687, 'lag_10': 0.018884708222215885, 'lag_11': 0.8997721174422619, 'lag_12': 0.8790319316336133, 'lag_13': 0.7807463226026453, 'lag_14': 0.5111533929044667, 'lag_15': 0.00965752426098583, 'lag_16': 0.10239881338334433, 'lag_17': 0.26059051962566876, 'lag_18': 0.2970684027996126, 'lag_19': 0.23102604969406143, 'lag_20': 0.15851414912992912, 'lag_21': 0.08120848036203017, 'lag_22': 0.20776781189256727, 'lag_23': 0.8789877329587851, 'lag_24': 0.6559177006559455, 'lag_25': 0.8344559737954163, 'lag_26': 0.6835044462006045, 'lag_27': 0.5059316011352982, 'lag_28': 0.16815686664300847}. Best is trial 1 with value: 0.00713404537643055.
[I 2025-09-29 12:51:21,074] Trial 24 finished with value: 0.008014691224356206 and parameters: {'lag_0': 0.347171922784444, 'lag_1': 0.25423680636854035, 'lag_2': 0.29987031329704616, 'lag_3': 0.6384216378706856, 'lag_4': 0.0710761259474596, 'lag_5': 0.8734443106485158, 'lag_6': 0.09347062183660214, 'lag_7': 0.3716843354345005, 'lag_8': 0.4921932996283359, 'lag_9': 0.5405472976267899, 'lag_10': 0.637905242883629, 'lag_11': 0.7069918458689648, 'lag_12': 0.21333363241807785, 'lag_13': 0.37845657344091965, 'lag_14': 0.2870177314605256, 'lag_15': 0.4395954840179604, 'lag_16': 0.5138096127096123, 'lag_17': 0.06831861706737957, 'lag_18': 0.08401449344003747, 'lag_19': 0.5007353786250696, 'lag_20': 0.007094275863518226, 'lag_21': 0.24360625637124497, 'lag_22': 0.20323571015946157, 'lag_23': 0.6350219808640869, 'lag_24': 0.4546615082571514, 'lag_25': 0.6339852907829034, 'lag_26': 0.5542678519586045, 'lag_27': 0.12973058849733693, 'lag_28': 0.38522045148359796}. Best is trial 1 with value: 0.00713404537643055.
[I 2025-09-29 12:51:23,620] Trial 25 finished with value: 0.008031258273687999 and parameters: {'lag_0': 0.10443761329242221, 'lag_1': 0.10023215261816282, 'lag_2': 0.5852042412586864, 'lag_3': 0.8636764463062221, 'lag_4': 0.6187255419586934, 'lag_5': 0.7060558308341798, 'lag_6': 0.7281065473749925, 'lag_7': 0.10938448339076012, 'lag_8': 0.2778951186453008, 'lag_9': 0.3218061561014324, 'lag_10': 0.33166597351253074, 'lag_11': 0.5702046842510196, 'lag_12': 0.39882508092515906, 'lag_13': 0.8547282940648072, 'lag_14': 0.10809873375791168, 'lag_15': 0.9905851077438956, 'lag_16': 0.7585090263769293, 'lag_17': 0.19886561603225117, 'lag_18': 0.2496092644505225, 'lag_19': 0.2839651433669, 'lag_20': 0.32957177730479353, 'lag_21': 0.47891302546716596, 'lag_22': 0.3553795895632811, 'lag_23': 0.45492190184368064, 'lag_24': 0.09528007709937905, 'lag_25': 0.07691052729072603, 'lag_26': 0.4396427623740284, 'lag_27': 0.22039189320066138, 'lag_28': 0.3090238213558169}. Best is trial 1 with value: 0.00713404537643055.
[I 2025-09-29 12:51:26,173] Trial 26 finished with value: 0.009479788023110494 and parameters: {'lag_0': 0.4921492539947229, 'lag_1': 0.23897380647259334, 'lag_2': 0.43321747623766665, 'lag_3': 0.09165870671974119, 'lag_4': 0.2695428677001017, 'lag_5': 0.09346078872286065, 'lag_6': 0.424563895172556, 'lag_7': 0.2126354472276451, 'lag_8': 0.1325956675302552, 'lag_9': 0.6761677452061999, 'lag_10': 0.4734556015205238, 'lag_11': 0.8125900747922207, 'lag_12': 0.5546977160262111, 'lag_13': 0.648012731227273, 'lag_14': 0.46900216305058123, 'lag_15': 0.3656497609060231, 'lag_16': 0.902228695917035, 'lag_17': 0.3450043949608632, 'lag_18': 0.5498695085252427, 'lag_19': 0.4024950106131742, 'lag_20': 0.5986928319269555, 'lag_21': 0.2195732704694008, 'lag_22': 0.47869762034930485, 'lag_23': 0.8169161050682172, 'lag_24': 0.2520372398197957, 'lag_25': 0.2040197231226309, 'lag_26': 0.9945401724120971, 'lag_27': 0.4417691226238206, 'lag_28': 0.06808868435020765}. Best is trial 1 with value: 0.00713404537643055.
[I 2025-09-29 12:51:28,725] Trial 27 finished with value: 0.0077284486731563325 and parameters: {'lag_0': 0.7824986101429847, 'lag_1': 0.39817830552058886, 'lag_2': 0.741963531583421, 'lag_3': 0.20694616108426556, 'lag_4': 0.47214663390010164, 'lag_5': 0.15848891010590738, 'lag_6': 0.9674428567273685, 'lag_7': 0.3092898860036888, 'lag_8': 0.534507065267896, 'lag_9': 0.4247031841537057, 'lag_10': 0.15691541891777086, 'lag_11': 0.9293074980240781, 'lag_12': 0.6873236652019786, 'lag_13': 0.7264156585126955, 'lag_14': 0.6996615169463886, 'lag_15': 0.09986375597242272, 'lag_16': 0.0035293717525304302, 'lag_17': 0.30432101554334745, 'lag_18': 0.8266031165154437, 'lag_19': 0.6371225376980063, 'lag_20': 0.8218793301466836, 'lag_21': 0.3646304183127488, 'lag_22': 0.15110419738729486, 'lag_23': 0.08959258962117495, 'lag_24': 0.9664453891667439, 'lag_25': 0.38993074704956976, 'lag_26': 0.6646877116142247, 'lag_27': 0.02965664310548299, 'lag_28': 0.19228293911913777}. Best is trial 1 with value: 0.00713404537643055.
[I 2025-09-29 12:51:31,271] Trial 28 finished with value: 0.012198703610339628 and parameters: {'lag_0': 0.9920851712302455, 'lag_1': 0.5276279227723759, 'lag_2': 0.10851350071646432, 'lag_3': 0.07246283537478225, 'lag_4': 0.7698307531728257, 'lag_5': 0.30063335314850037, 'lag_6': 0.07622832916212649, 'lag_7': 0.44120707202084875, 'lag_8': 0.3570484597010505, 'lag_9': 0.1877966368662432, 'lag_10': 0.5693281975567601, 'lag_11': 0.27486105951834855, 'lag_12': 0.13123056277017958, 'lag_13': 0.9910471269273069, 'lag_14': 0.5834616675145714, 'lag_15': 0.8280000932830707, 'lag_16': 0.3486255474365225, 'lag_17': 0.5631247381554717, 'lag_18': 0.5061890348405583, 'lag_19': 0.8642245511432537, 'lag_20': 0.42338429228043073, 'lag_21': 0.0807522089970099, 'lag_22': 0.5236240194989145, 'lag_23': 0.17695225013316007, 'lag_24': 0.6034898900803474, 'lag_25': 0.972275783528206, 'lag_26': 0.5280507859097692, 'lag_27': 0.7182718601530967, 'lag_28': 0.5996002012906467}. Best is trial 1 with value: 0.00713404537643055.
[I 2025-09-29 12:51:33,824] Trial 29 finished with value: 0.009057679387446603 and parameters: {'lag_0': 0.6604605004460129, 'lag_1': 0.4363453887734058, 'lag_2': 0.2984159063523303, 'lag_3': 0.6574618892462731, 'lag_4': 0.15791073605645756, 'lag_5': 0.5389414931324052, 'lag_6': 0.8297083904837794, 'lag_7': 0.7868534013145112, 'lag_8': 0.8680077447730392, 'lag_9': 0.8345948082583501, 'lag_10': 0.17831694935482245, 'lag_11': 0.20898039654329287, 'lag_12': 0.7826744735535256, 'lag_13': 0.5383787923436786, 'lag_14': 0.8777361775898143, 'lag_15': 0.19856052901942683, 'lag_16': 0.5096416014561367, 'lag_17': 0.7304994539148515, 'lag_18': 0.3630482488484416, 'lag_19': 0.49315435107400074, 'lag_20': 0.13233905463481, 'lag_21': 0.27699289408442296, 'lag_22': 0.5909863736113139, 'lag_23': 0.4652536903467481, 'lag_24': 0.7043524768292817, 'lag_25': 0.887320042617364, 'lag_26': 0.3982433551833856, 'lag_27': 0.9041912237988748, 'lag_28': 0.44433917025491265}. Best is trial 1 with value: 0.00713404537643055.
[I 2025-09-29 12:51:36,364] Trial 30 finished with value: 0.007924615062508768 and parameters: {'lag_0': 0.22328375430588845, 'lag_1': 0.30562194544326476, 'lag_2': 0.8703364261222052, 'lag_3': 0.7201604496275498, 'lag_4': 0.38394520552153855, 'lag_5': 0.8925842267561016, 'lag_6': 0.57275350337566, 'lag_7': 0.08765922862583213, 'lag_8': 0.4944984725117329, 'lag_9': 0.6473983373876063, 'lag_10': 0.8199134390209752, 'lag_11': 0.8657414296421698, 'lag_12': 0.8569123775494117, 'lag_13': 0.9178157681470247, 'lag_14': 0.3222456980381745, 'lag_15': 0.05864265873118758, 'lag_16': 0.22026166126171587, 'lag_17': 0.9243741374652084, 'lag_18': 0.9964552242542084, 'lag_19': 0.510964690249443, 'lag_20': 0.5344694410050262, 'lag_21': 0.684187404106667, 'lag_22': 0.264660469582194, 'lag_23': 0.5189757309924444, 'lag_24': 0.07950904370040715, 'lag_25': 0.658510315054291, 'lag_26': 0.3322446013342355, 'lag_27': 0.5404907283207754, 'lag_28': 0.8574868808028477}. Best is trial 1 with value: 0.00713404537643055.
[I 2025-09-29 12:51:38,911] Trial 31 finished with value: 0.00790044318531644 and parameters: {'lag_0': 0.022789721727918783, 'lag_1': 0.8765015913729693, 'lag_2': 0.391726060196117, 'lag_3': 0.6037965342568873, 'lag_4': 0.3047535530690236, 'lag_5': 0.3755944400865246, 'lag_6': 0.22843711886890905, 'lag_7': 0.5980129929392624, 'lag_8': 0.925131204692654, 'lag_9': 0.2738336210347012, 'lag_10': 0.39944677004093276, 'lag_11': 0.12807633464024837, 'lag_12': 0.766966693308405, 'lag_13': 0.32235171001985247, 'lag_14': 0.12838995627279084, 'lag_15': 0.8381930814461396, 'lag_16': 0.2801644146157184, 'lag_17': 0.1545049878166923, 'lag_18': 0.004255496355030914, 'lag_19': 0.8507913293440308, 'lag_20': 0.8633832842931533, 'lag_21': 0.9507468138253923, 'lag_22': 0.8253848189055281, 'lag_23': 0.762892139141038, 'lag_24': 0.5574921074352349, 'lag_25': 0.3279077878900621, 'lag_26': 0.31553805773968835, 'lag_27': 0.5735115331963622, 'lag_28': 0.1359477620149819}. Best is trial 1 with value: 0.00713404537643055.
[I 2025-09-29 12:51:41,460] Trial 32 finished with value: 0.007308734483089134 and parameters: {'lag_0': 0.08244069786695798, 'lag_1': 0.8760781786366655, 'lag_2': 0.471934911263592, 'lag_3': 0.821464318494916, 'lag_4': 0.1626058003112515, 'lag_5': 0.5014253272301769, 'lag_6': 0.19061085075727752, 'lag_7': 0.6948475745781798, 'lag_8': 0.6975722481664373, 'lag_9': 0.26695242562522437, 'lag_10': 0.334660472721504, 'lag_11': 0.18190304415174596, 'lag_12': 0.9105419527913354, 'lag_13': 0.42177982900018063, 'lag_14': 0.23195549605593632, 'lag_15': 0.6021856621259007, 'lag_16': 0.1357394355253626, 'lag_17': 0.44756919320839206, 'lag_18': 0.11629800736168418, 'lag_19': 0.92083372049876, 'lag_20': 0.7923684034845736, 'lag_21': 0.8602379174631767, 'lag_22': 0.8621149918947661, 'lag_23': 0.9191277314550705, 'lag_24': 0.618554988419549, 'lag_25': 0.31603761179080503, 'lag_26': 0.24567232672993206, 'lag_27': 0.31976055968892036, 'lag_28': 0.016693486519839734}. Best is trial 1 with value: 0.00713404537643055.
[I 2025-09-29 12:51:44,011] Trial 33 finished with value: 0.008354464760405638 and parameters: {'lag_0': 0.09938682661141436, 'lag_1': 0.9193946510711997, 'lag_2': 0.5832200083531665, 'lag_3': 0.912335350550433, 'lag_4': 0.13559145888755753, 'lag_5': 0.25921179395076616, 'lag_6': 0.17743774880006985, 'lag_7': 0.7048653808790827, 'lag_8': 0.6731751776651944, 'lag_9': 0.4298706535753629, 'lag_10': 0.25030137270575203, 'lag_11': 0.08477155361620026, 'lag_12': 0.8927738538896631, 'lag_13': 0.46365102286499754, 'lag_14': 0.2525492324167593, 'lag_15': 0.6453901346717008, 'lag_16': 0.07936700486459398, 'lag_17': 0.4102139652058115, 'lag_18': 0.09435058468632929, 'lag_19': 0.9256324523333251, 'lag_20': 0.6813879896271896, 'lag_21': 0.8359694126876359, 'lag_22': 0.7742867023779789, 'lag_23': 0.9615763292110697, 'lag_24': 0.6498578969339935, 'lag_25': 0.13498284959833512, 'lag_26': 0.07747781641181689, 'lag_27': 0.33880543014753894, 'lag_28': 0.016636284464785142}. Best is trial 1 with value: 0.00713404537643055.
[I 2025-09-29 12:51:46,566] Trial 34 finished with value: 0.007362900843387085 and parameters: {'lag_0': 0.30975938952946, 'lag_1': 0.7806962920797998, 'lag_2': 0.49638770974653695, 'lag_3': 0.8271401910342147, 'lag_4': 0.003997375899097294, 'lag_5': 0.9597166687327501, 'lag_6': 0.740872555563041, 'lag_7': 0.8935430273328262, 'lag_8': 0.7076105472781808, 'lag_9': 0.20466703431497113, 'lag_10': 0.21561971120734086, 'lag_11': 0.21073281632551125, 'lag_12': 0.9841610652649271, 'lag_13': 0.4245988706073474, 'lag_14': 0.4328685828181613, 'lag_15': 0.470475834930452, 'lag_16': 0.15013897458477915, 'lag_17': 0.43857977058899844, 'lag_18': 0.20777460138104786, 'lag_19': 0.7557984028497109, 'lag_20': 0.7387895309333434, 'lag_21': 0.7266888192021528, 'lag_22': 0.9181840142362971, 'lag_23': 0.9355318064526709, 'lag_24': 0.4928410953494667, 'lag_25': 0.2531287034549286, 'lag_26': 0.22156738421234312, 'lag_27': 0.40180564282623354, 'lag_28': 0.0863924724857752}. Best is trial 1 with value: 0.00713404537643055.
[I 2025-09-29 12:51:49,121] Trial 35 finished with value: 0.0075033616039870245 and parameters: {'lag_0': 0.2914942640535053, 'lag_1': 0.7749533873803353, 'lag_2': 0.46195422815480064, 'lag_3': 0.8342783611042749, 'lag_4': 0.012784471126403475, 'lag_5': 0.46723426591395417, 'lag_6': 0.29388008103473384, 'lag_7': 0.8760951248017059, 'lag_8': 0.7149148443218378, 'lag_9': 0.06010474534037899, 'lag_10': 0.33965148960050007, 'lag_11': 0.06767988669317598, 'lag_12': 0.8294961323836727, 'lag_13': 0.40813519154709205, 'lag_14': 0.43309348771473494, 'lag_15': 0.7813397405484279, 'lag_16': 0.1578675860278092, 'lag_17': 0.5370950693442846, 'lag_18': 0.19918869088751967, 'lag_19': 0.7607198202525952, 'lag_20': 0.7833520597616671, 'lag_21': 0.7106359979379109, 'lag_22': 0.9916722721454738, 'lag_23': 0.9514316997183462, 'lag_24': 0.7865283291116862, 'lag_25': 0.25565729681353344, 'lag_26': 0.1387101809522139, 'lag_27': 0.39283642455584666, 'lag_28': 0.07523341277330026}. Best is trial 1 with value: 0.00713404537643055.
[I 2025-09-29 12:51:51,666] Trial 36 finished with value: 0.007866473806156245 and parameters: {'lag_0': 0.3459582401267301, 'lag_1': 0.7667386346371565, 'lag_2': 0.48107398301734033, 'lag_3': 0.7931378642586691, 'lag_4': 0.0004898304379549684, 'lag_5': 0.9936530529115337, 'lag_6': 0.26122622418255403, 'lag_7': 0.9698213160835173, 'lag_8': 0.7432065050327187, 'lag_9': 0.07035870668418306, 'lag_10': 0.33417312011443284, 'lag_11': 0.07760309003608219, 'lag_12': 0.986851599308159, 'lag_13': 0.42032169433289485, 'lag_14': 0.4438935219766039, 'lag_15': 0.6187586829964076, 'lag_16': 0.145890205287611, 'lag_17': 0.44818338023074966, 'lag_18': 0.20713428597710423, 'lag_19': 0.7954880724193105, 'lag_20': 0.7588038827578371, 'lag_21': 0.7565598943526317, 'lag_22': 0.9867139541815783, 'lag_23': 0.926513132352236, 'lag_24': 0.7850563226179461, 'lag_25': 0.26734758249777263, 'lag_26': 0.1399906896239409, 'lag_27': 0.405928256743262, 'lag_28': 0.6898243048667649}. Best is trial 1 with value: 0.00713404537643055.
[I 2025-09-29 12:51:54,329] Trial 37 finished with value: 0.007615198983281159 and parameters: {'lag_0': 0.2985030004687129, 'lag_1': 0.8142243067962296, 'lag_2': 0.5540408630511131, 'lag_3': 0.899908882567422, 'lag_4': 0.0016308059446257812, 'lag_5': 0.7099599531960495, 'lag_6': 0.30693079345598573, 'lag_7': 0.8650607089391577, 'lag_8': 0.8625433479960176, 'lag_9': 0.060788817659534096, 'lag_10': 0.3292961083112627, 'lag_11': 0.21134302775661107, 'lag_12': 0.9238557614731774, 'lag_13': 0.24478934907094213, 'lag_14': 0.566872718711622, 'lag_15': 0.775185493089674, 'lag_16': 0.17666633845160365, 'lag_17': 0.537057184965263, 'lag_18': 0.16053175790647606, 'lag_19': 0.717890344036848, 'lag_20': 0.8101197365563741, 'lag_21': 0.8628311659832228, 'lag_22': 0.913244603766424, 'lag_23': 0.8629490630824482, 'lag_24': 0.8899425314856095, 'lag_25': 0.3864995181034616, 'lag_26': 0.2332755640425401, 'lag_27': 0.3850390929266228, 'lag_28': 0.0022696638504415}. Best is trial 1 with value: 0.00713404537643055.
[I 2025-09-29 12:51:56,879] Trial 38 finished with value: 0.007828679176426823 and parameters: {'lag_0': 0.202619442571284, 'lag_1': 0.6744371598443035, 'lag_2': 0.6386971790117185, 'lag_3': 0.7118387247103773, 'lag_4': 0.08914070650432418, 'lag_5': 0.781173158204318, 'lag_6': 0.41115549676624324, 'lag_7': 0.8799735441182264, 'lag_8': 0.6724332796794179, 'lag_9': 0.12072905529891353, 'lag_10': 0.27712120041001387, 'lag_11': 0.17243570665362495, 'lag_12': 0.7308745380319048, 'lag_13': 0.047446543862427526, 'lag_14': 0.4133212440170766, 'lag_15': 0.8749133119083631, 'lag_16': 0.3461100112906742, 'lag_17': 0.4435384715895686, 'lag_18': 0.21210929333041478, 'lag_19': 0.9147618970139273, 'lag_20': 0.9253044230521206, 'lag_21': 0.7109525597627729, 'lag_22': 0.9235516242924642, 'lag_23': 0.9793700148655682, 'lag_24': 0.5223226169416926, 'lag_25': 0.22015413313074153, 'lag_26': 0.07696244707082481, 'lag_27': 0.6349140528340151, 'lag_28': 0.2013645476301513}. Best is trial 1 with value: 0.00713404537643055.
[I 2025-09-29 12:51:59,444] Trial 39 finished with value: 0.008587289449235544 and parameters: {'lag_0': 0.0843350978967749, 'lag_1': 0.854819797155757, 'lag_2': 0.449383527418573, 'lag_3': 0.5697211818704218, 'lag_4': 0.1176191001209059, 'lag_5': 0.4878197361034357, 'lag_6': 0.7147594879226549, 'lag_7': 0.9332135349176246, 'lag_8': 0.6003918668437223, 'lag_9': 0.16182399231098332, 'lag_10': 0.3707974033913388, 'lag_11': 0.28331788497668897, 'lag_12': 0.8178778857548635, 'lag_13': 0.27817451497285994, 'lag_14': 0.34819532647726137, 'lag_15': 0.8986301334498084, 'lag_16': 0.24067390160916985, 'lag_17': 0.6695805322201136, 'lag_18': 0.25895026349081157, 'lag_19': 0.83188741506525, 'lag_20': 0.7221617475444326, 'lag_21': 0.9266309321971817, 'lag_22': 0.77117042278315, 'lag_23': 0.789089805754772, 'lag_24': 0.6133535575151199, 'lag_25': 0.45511739089930464, 'lag_26': 0.2406592243945878, 'lag_27': 0.23686261940422582, 'lag_28': 0.7457447879399547}. Best is trial 1 with value: 0.00713404537643055.
