2025-09-29 13:18:06,301 - distributed.nanny - INFO -         Start Nanny at: 'tcp://192.168.86.108:37832'
2025-09-29 13:18:07,603 - distributed.worker - INFO -       Start worker at: tcp://192.168.86.108:39686
2025-09-29 13:18:07,603 - distributed.worker - INFO -          Listening to: tcp://192.168.86.108:39686
2025-09-29 13:18:07,603 - distributed.worker - INFO -           Worker name:             SLURMCluster-8
2025-09-29 13:18:07,603 - distributed.worker - INFO -          dashboard at:       192.168.86.108:36923
2025-09-29 13:18:07,604 - distributed.worker - INFO - Waiting to connect to: tcp://192.168.86.101:42031
2025-09-29 13:18:07,604 - distributed.worker - INFO - -------------------------------------------------
2025-09-29 13:18:07,604 - distributed.worker - INFO -               Threads:                          1
2025-09-29 13:18:07,604 - distributed.worker - INFO -                Memory:                   9.31 GiB
2025-09-29 13:18:07,604 - distributed.worker - INFO -       Local Directory: /home1/zrentala/dask-worker-space/dask-scratch-space/worker-ei2yca5c
2025-09-29 13:18:07,604 - distributed.worker - INFO - -------------------------------------------------
2025-09-29 13:18:07,891 - distributed.worker - INFO - Starting Worker plugin shuffle
2025-09-29 13:18:07,892 - distributed.worker - INFO -         Registered to: tcp://192.168.86.101:42031
2025-09-29 13:18:07,892 - distributed.worker - INFO - -------------------------------------------------
2025-09-29 13:18:07,892 - distributed.core - INFO - Starting established connection to tcp://192.168.86.101:42031
[I 2025-09-29 13:18:07,965] A new study created in memory with name: no-name-26d9575b-a980-44b7-b883-cd96f7487563
[I 2025-09-29 13:18:10,517] Trial 0 finished with value: 0.009501311613067973 and parameters: {'lag_0': 0.013082602611654016, 'lag_1': 0.7935002936113864, 'lag_2': 0.09558386390922793, 'lag_3': 0.8696583379070794, 'lag_4': 0.1424953053493321, 'lag_5': 0.5142078916478471, 'lag_6': 0.6777336882290788, 'lag_7': 0.723253424888797, 'lag_8': 0.5432240576525151, 'lag_9': 0.6457910265945817, 'lag_10': 0.7304718467627422, 'lag_11': 0.036275665279367646, 'lag_12': 0.5520167958119294, 'lag_13': 0.5376669316849501, 'lag_14': 0.8450881378216905, 'lag_15': 0.3827590646007282, 'lag_16': 0.8495875674706707, 'lag_17': 0.4396421213389127, 'lag_18': 0.3469839144926298, 'lag_19': 0.9183139077296422, 'lag_20': 0.19039781309143408, 'lag_21': 0.4815384508811476, 'lag_22': 0.047412707109492386, 'lag_23': 0.06316363868655503, 'lag_24': 0.7684391782183795, 'lag_25': 0.7588549512559005, 'lag_26': 0.7589622160035463, 'lag_27': 0.1047641187308236, 'lag_28': 0.7344359936298551}. Best is trial 0 with value: 0.009501311613067973.
[I 2025-09-29 13:18:13,041] Trial 1 finished with value: 0.009408999846965242 and parameters: {'lag_0': 0.41204453962381826, 'lag_1': 0.5986495750733232, 'lag_2': 0.47289838326883965, 'lag_3': 0.7091968437478893, 'lag_4': 0.5809143839413582, 'lag_5': 0.7902255021756439, 'lag_6': 0.35700988212296847, 'lag_7': 0.8592535558615845, 'lag_8': 0.24529749661351805, 'lag_9': 0.7571777066586658, 'lag_10': 0.166751618060755, 'lag_11': 0.4140741389671363, 'lag_12': 0.7004587702190513, 'lag_13': 0.2256674313445993, 'lag_14': 0.3958049584989595, 'lag_15': 0.12187012181441291, 'lag_16': 0.7139864893116057, 'lag_17': 0.3103586296667962, 'lag_18': 0.3642693510961603, 'lag_19': 0.7751443220223356, 'lag_20': 0.6048858609351758, 'lag_21': 0.0011893947776709358, 'lag_22': 0.41200424865893914, 'lag_23': 0.6292966564945129, 'lag_24': 0.8549967999513005, 'lag_25': 0.4308484278841656, 'lag_26': 0.9424206626932662, 'lag_27': 0.34612611265096194, 'lag_28': 0.9523969395317236}. Best is trial 1 with value: 0.009408999846965242.
[I 2025-09-29 13:18:15,551] Trial 2 finished with value: 0.009396530071798324 and parameters: {'lag_0': 0.5296690857939746, 'lag_1': 0.9063669275003088, 'lag_2': 0.48231844482933156, 'lag_3': 0.3828219899131855, 'lag_4': 0.9378780804267576, 'lag_5': 0.4802678624800672, 'lag_6': 0.838739483102727, 'lag_7': 0.13505482635269186, 'lag_8': 0.7155197729875823, 'lag_9': 0.02636905782201254, 'lag_10': 0.622950125557217, 'lag_11': 0.21546498082835447, 'lag_12': 0.41315096217383024, 'lag_13': 0.6552818803936873, 'lag_14': 0.12652381569868196, 'lag_15': 0.7942479813460691, 'lag_16': 0.7744261857825717, 'lag_17': 0.6893934439934507, 'lag_18': 0.9226182695120705, 'lag_19': 0.6826592486830176, 'lag_20': 0.7709185005557075, 'lag_21': 0.5711706978826379, 'lag_22': 0.7081576073263325, 'lag_23': 0.9888202626546221, 'lag_24': 0.366550236815675, 'lag_25': 0.35738146584983627, 'lag_26': 0.6800985244573575, 'lag_27': 0.39580607943826196, 'lag_28': 0.7389805367048561}. Best is trial 2 with value: 0.009396530071798324.
[I 2025-09-29 13:18:18,072] Trial 3 finished with value: 0.009611491032596798 and parameters: {'lag_0': 0.7003688636705935, 'lag_1': 0.932176102703998, 'lag_2': 0.12946469646345363, 'lag_3': 0.8768281505962103, 'lag_4': 0.591144684125809, 'lag_5': 0.1630461802911692, 'lag_6': 0.4090128440860529, 'lag_7': 0.2374749060119819, 'lag_8': 0.9889986559949607, 'lag_9': 0.0014964893759597505, 'lag_10': 0.47719160502274377, 'lag_11': 0.43866212927189746, 'lag_12': 0.9276213457005412, 'lag_13': 0.3246093274279251, 'lag_14': 0.3539947698428313, 'lag_15': 0.8853217478210432, 'lag_16': 0.8552350748409331, 'lag_17': 0.5319722131711162, 'lag_18': 0.10118996976174069, 'lag_19': 0.7110269434260503, 'lag_20': 0.5930780711851583, 'lag_21': 0.515472484762911, 'lag_22': 0.9548503901359525, 'lag_23': 0.3245898516461915, 'lag_24': 0.8180420889947428, 'lag_25': 0.8449644726311485, 'lag_26': 0.2512217165731186, 'lag_27': 0.06829763343714543, 'lag_28': 0.43472790876673384}. Best is trial 2 with value: 0.009396530071798324.
[I 2025-09-29 13:18:20,586] Trial 4 finished with value: 0.009628735586870281 and parameters: {'lag_0': 0.7295561771653776, 'lag_1': 0.3944521350299387, 'lag_2': 0.8319599818563793, 'lag_3': 0.7057531688392988, 'lag_4': 0.6611861154313118, 'lag_5': 0.8102363839417155, 'lag_6': 0.410449321627767, 'lag_7': 0.36046682503018646, 'lag_8': 0.37253645551436293, 'lag_9': 0.3531243779593546, 'lag_10': 0.6537169763677207, 'lag_11': 0.38395205043961295, 'lag_12': 0.2869781461371547, 'lag_13': 0.6109631226498291, 'lag_14': 0.8106135049528149, 'lag_15': 0.7623193230080012, 'lag_16': 0.2057452576052113, 'lag_17': 0.5379325726065256, 'lag_18': 0.5705530935151538, 'lag_19': 0.8563863568830049, 'lag_20': 0.29060142855366194, 'lag_21': 0.17512101760108037, 'lag_22': 0.7779509729563765, 'lag_23': 0.25132144898041675, 'lag_24': 0.2856191082485079, 'lag_25': 0.7370202294893782, 'lag_26': 0.9677833300836084, 'lag_27': 0.854169414068581, 'lag_28': 0.4054239755989003}. Best is trial 2 with value: 0.009396530071798324.
[I 2025-09-29 13:18:23,105] Trial 5 finished with value: 0.01016859597160715 and parameters: {'lag_0': 0.11485509939744129, 'lag_1': 0.03802858386297494, 'lag_2': 0.09247015846224056, 'lag_3': 0.6335075193937899, 'lag_4': 0.8550017984568251, 'lag_5': 0.004782706260339121, 'lag_6': 0.6254795544538811, 'lag_7': 0.8494758623487304, 'lag_8': 0.7422727543132797, 'lag_9': 0.9308594385825197, 'lag_10': 0.1639783390944636, 'lag_11': 0.663727866209038, 'lag_12': 0.4665047331131878, 'lag_13': 0.8467051448594832, 'lag_14': 0.46078015542985645, 'lag_15': 0.02179939423380185, 'lag_16': 0.4876424519540596, 'lag_17': 0.9675335806722922, 'lag_18': 0.268788821992097, 'lag_19': 0.5941974619423801, 'lag_20': 0.3370977968273138, 'lag_21': 0.7503113629917093, 'lag_22': 0.38579519934901835, 'lag_23': 0.9320019400536885, 'lag_24': 0.17879941359583656, 'lag_25': 0.35907448611343057, 'lag_26': 0.7326107757422798, 'lag_27': 0.8642903742284599, 'lag_28': 0.7638634855317152}. Best is trial 2 with value: 0.009396530071798324.
[I 2025-09-29 13:18:25,623] Trial 6 finished with value: 0.009212460938355612 and parameters: {'lag_0': 0.5589552161898113, 'lag_1': 0.15140950261197106, 'lag_2': 0.399004018656941, 'lag_3': 0.7684091419638054, 'lag_4': 0.693249365190855, 'lag_5': 0.04025902490198244, 'lag_6': 0.3641234980548637, 'lag_7': 0.13310021845526415, 'lag_8': 0.09732442651783593, 'lag_9': 0.8455699879986937, 'lag_10': 0.2690519854446048, 'lag_11': 0.040936736566264856, 'lag_12': 0.8506146553769165, 'lag_13': 0.5892021735177668, 'lag_14': 0.32175274850397595, 'lag_15': 0.8091758335138656, 'lag_16': 0.35491919234890124, 'lag_17': 0.08476427437918081, 'lag_18': 0.9674861545682295, 'lag_19': 0.861146950248343, 'lag_20': 0.024704353310178697, 'lag_21': 0.6409520893453483, 'lag_22': 0.8429932919558716, 'lag_23': 0.01825859201732095, 'lag_24': 0.9130988829950232, 'lag_25': 0.9472649527586129, 'lag_26': 0.014808288093987496, 'lag_27': 0.8195887170425423, 'lag_28': 0.7911554705316203}. Best is trial 6 with value: 0.009212460938355612.
[I 2025-09-29 13:18:28,136] Trial 7 finished with value: 0.009765648179575294 and parameters: {'lag_0': 0.4832091779227563, 'lag_1': 0.14946698653271706, 'lag_2': 0.12804165224515351, 'lag_3': 0.835991483482095, 'lag_4': 0.9518179274644926, 'lag_5': 0.8906501003332975, 'lag_6': 0.30710574340201163, 'lag_7': 0.013530033585044081, 'lag_8': 0.5903377364640501, 'lag_9': 0.7935031951082993, 'lag_10': 0.45125952054718743, 'lag_11': 0.5631322289513702, 'lag_12': 0.8174080095598789, 'lag_13': 0.6192729748059685, 'lag_14': 0.8827875974452462, 'lag_15': 0.2637893412956896, 'lag_16': 0.1319982793690973, 'lag_17': 0.6445340447201355, 'lag_18': 0.34247968045417726, 'lag_19': 0.724786535726977, 'lag_20': 0.6098109923397943, 'lag_21': 0.2663030856570084, 'lag_22': 0.7542894886453183, 'lag_23': 0.1102041597635592, 'lag_24': 0.6233507278760978, 'lag_25': 0.3956736619269877, 'lag_26': 0.4409122462166028, 'lag_27': 0.2724335601301975, 'lag_28': 0.47008659419170457}. Best is trial 6 with value: 0.009212460938355612.
[I 2025-09-29 13:18:30,660] Trial 8 finished with value: 0.010346825422210744 and parameters: {'lag_0': 0.5743990030974757, 'lag_1': 0.42995836261858905, 'lag_2': 0.1824909861326658, 'lag_3': 0.7879064073416409, 'lag_4': 0.8660240006160125, 'lag_5': 0.6493010659919303, 'lag_6': 0.5661916085562821, 'lag_7': 0.16595877200819792, 'lag_8': 0.3301981038039069, 'lag_9': 0.2674377980899265, 'lag_10': 0.14834731121828545, 'lag_11': 0.38471176193118717, 'lag_12': 0.986140832889272, 'lag_13': 0.29496359065539557, 'lag_14': 0.9295524570712344, 'lag_15': 0.5804027921558228, 'lag_16': 0.32605932314989333, 'lag_17': 0.741778882711795, 'lag_18': 0.03848434627295186, 'lag_19': 0.09838078612076233, 'lag_20': 0.32788973230482465, 'lag_21': 0.6796973405133446, 'lag_22': 0.2883924037842684, 'lag_23': 0.2581654273913958, 'lag_24': 0.1877761965693205, 'lag_25': 0.8470109940829368, 'lag_26': 0.338817571014248, 'lag_27': 0.8953482127991345, 'lag_28': 0.7621431658862012}. Best is trial 6 with value: 0.009212460938355612.
[I 2025-09-29 13:18:33,180] Trial 9 finished with value: 0.010770913088690676 and parameters: {'lag_0': 0.8251220537622407, 'lag_1': 0.47297298800997173, 'lag_2': 0.1905293047668963, 'lag_3': 0.1437385670614355, 'lag_4': 0.6129351268231535, 'lag_5': 0.38310179147576645, 'lag_6': 0.2342061391246944, 'lag_7': 0.9761785442526343, 'lag_8': 0.04081707393674609, 'lag_9': 0.49902460179683944, 'lag_10': 0.011337327505440472, 'lag_11': 0.6007095049869228, 'lag_12': 0.04804011377367037, 'lag_13': 0.2382610683540865, 'lag_14': 0.3711166253407993, 'lag_15': 0.09890064554782221, 'lag_16': 0.8478430391247896, 'lag_17': 0.4019793184732128, 'lag_18': 0.06226504566673199, 'lag_19': 0.20510759177975588, 'lag_20': 0.5946039868263518, 'lag_21': 0.6975056634495178, 'lag_22': 0.38123025654244236, 'lag_23': 0.6380902591751377, 'lag_24': 0.6120815708125348, 'lag_25': 0.5027636665393399, 'lag_26': 0.5178364807163947, 'lag_27': 0.38146845083142394, 'lag_28': 0.8985358349710453}. Best is trial 6 with value: 0.009212460938355612.
[I 2025-09-29 13:18:35,856] Trial 10 finished with value: 0.009088542972283434 and parameters: {'lag_0': 0.9930192723941627, 'lag_1': 0.23000309758413523, 'lag_2': 0.7982733138682919, 'lag_3': 0.41867879581290424, 'lag_4': 0.3229758721374436, 'lag_5': 0.218112541980513, 'lag_6': 0.003396328193252751, 'lag_7': 0.5400979116533882, 'lag_8': 0.004917386869998958, 'lag_9': 0.9107498836537442, 'lag_10': 0.9328880853244527, 'lag_11': 0.9864756581044476, 'lag_12': 0.6909519807215878, 'lag_13': 0.986230567046616, 'lag_14': 0.14063970337359114, 'lag_15': 0.9798601511574744, 'lag_16': 0.48438914642065667, 'lag_17': 0.00023675075183704486, 'lag_18': 0.9728312092402142, 'lag_19': 0.43618524375288775, 'lag_20': 0.028267832673828708, 'lag_21': 0.94751698009784, 'lag_22': 0.9871958694957952, 'lag_23': 0.4103186877456824, 'lag_24': 0.9693811188764921, 'lag_25': 0.07133055430715884, 'lag_26': 0.09156385310873633, 'lag_27': 0.6440522201406012, 'lag_28': 0.04174196783810036}. Best is trial 10 with value: 0.009088542972283434.
[I 2025-09-29 13:18:38,439] Trial 11 finished with value: 0.00961028861494524 and parameters: {'lag_0': 0.9888040611495605, 'lag_1': 0.20441074714218777, 'lag_2': 0.9008355630571027, 'lag_3': 0.40249621105742767, 'lag_4': 0.2632256021516972, 'lag_5': 0.22518468017994936, 'lag_6': 0.002842778068655581, 'lag_7': 0.526697101139891, 'lag_8': 0.012499210435625574, 'lag_9': 0.980085869338191, 'lag_10': 0.9958928955651446, 'lag_11': 0.9920332539467187, 'lag_12': 0.7055330160836687, 'lag_13': 0.9327916945522592, 'lag_14': 0.0018160982085351218, 'lag_15': 0.9763767628542035, 'lag_16': 0.47685747082393676, 'lag_17': 0.006118271628095084, 'lag_18': 0.9734117854202662, 'lag_19': 0.378548255689567, 'lag_20': 0.0016029634031017627, 'lag_21': 0.9455357680708254, 'lag_22': 0.9693683610312241, 'lag_23': 0.4679858999089794, 'lag_24': 0.9745032089332968, 'lag_25': 0.008559261809381019, 'lag_26': 0.00862737461355045, 'lag_27': 0.6658976787342691, 'lag_28': 0.06747011766486927}. Best is trial 10 with value: 0.009088542972283434.
[I 2025-09-29 13:18:41,019] Trial 12 finished with value: 0.009184760702056753 and parameters: {'lag_0': 0.9155272207326894, 'lag_1': 0.2661028722636952, 'lag_2': 0.6906242307238172, 'lag_3': 0.19892861100514792, 'lag_4': 0.36691914742456966, 'lag_5': 0.013588844562333668, 'lag_6': 0.01467202973560782, 'lag_7': 0.5218886708373744, 'lag_8': 0.1748518755891754, 'lag_9': 0.8242819359080698, 'lag_10': 0.9408808004038907, 'lag_11': 0.99676661069878, 'lag_12': 0.6978588094811045, 'lag_13': 0.0063857137029572075, 'lag_14': 0.20515953472573367, 'lag_15': 0.6092037469703965, 'lag_16': 0.3286692161587146, 'lag_17': 0.024308722197448316, 'lag_18': 0.76859100509342, 'lag_19': 0.47984562706857653, 'lag_20': 0.03519628218331061, 'lag_21': 0.9975149445768574, 'lag_22': 0.626969151840338, 'lag_23': 0.7737002283083725, 'lag_24': 0.9969233251507652, 'lag_25': 0.00846729144606223, 'lag_26': 0.006037121903292364, 'lag_27': 0.7106157286654012, 'lag_28': 0.02879498905918898}. Best is trial 10 with value: 0.009088542972283434.
[I 2025-09-29 13:18:43,588] Trial 13 finished with value: 0.009221649527548309 and parameters: {'lag_0': 0.9804949236780561, 'lag_1': 0.29465088882694884, 'lag_2': 0.7106077606566992, 'lag_3': 0.10795251344638669, 'lag_4': 0.3649572440220753, 'lag_5': 0.1950391946213287, 'lag_6': 0.002428512905517424, 'lag_7': 0.5694331314608712, 'lag_8': 0.19061449880904566, 'lag_9': 0.6337331474437495, 'lag_10': 0.9678731506180231, 'lag_11': 0.9843447902162763, 'lag_12': 0.6409160400538992, 'lag_13': 0.005818747207813835, 'lag_14': 0.156623285032792, 'lag_15': 0.5703601243856662, 'lag_16': 0.5970542878493811, 'lag_17': 0.18882016479573066, 'lag_18': 0.7425061754614656, 'lag_19': 0.41343711420405144, 'lag_20': 0.9899451413346794, 'lag_21': 0.9924885617647597, 'lag_22': 0.6166595826860629, 'lag_23': 0.7519799978075534, 'lag_24': 0.9905622000097132, 'lag_25': 0.009255663980425821, 'lag_26': 0.17187329015241581, 'lag_27': 0.6301932656477718, 'lag_28': 0.011549486316532548}. Best is trial 10 with value: 0.009088542972283434.
[I 2025-09-29 13:18:46,167] Trial 14 finished with value: 0.009364832594346357 and parameters: {'lag_0': 0.8457680858525422, 'lag_1': 0.5953409592711787, 'lag_2': 0.6802392889343092, 'lag_3': 0.2843821276519418, 'lag_4': 0.42405095971583606, 'lag_5': 0.27214313630771514, 'lag_6': 0.14702949444939312, 'lag_7': 0.6556096678926111, 'lag_8': 0.17100412534887607, 'lag_9': 0.6498107914903751, 'lag_10': 0.8252091648477557, 'lag_11': 0.8164143296550586, 'lag_12': 0.29964250926550023, 'lag_13': 0.06308305905645528, 'lag_14': 0.6041750984567706, 'lag_15': 0.6558838012756454, 'lag_16': 0.3107963704149118, 'lag_17': 0.19017659065766837, 'lag_18': 0.754466104645255, 'lag_19': 0.3039943740223807, 'lag_20': 0.2019786936607965, 'lag_21': 0.8429939902572473, 'lag_22': 0.561258444753713, 'lag_23': 0.8003006301947345, 'lag_24': 0.025833448979087903, 'lag_25': 0.20819971536353316, 'lag_26': 0.14693036220479333, 'lag_27': 0.6078190790057347, 'lag_28': 0.20776053204634093}. Best is trial 10 with value: 0.009088542972283434.
[I 2025-09-29 13:18:48,743] Trial 15 finished with value: 0.009860573666928617 and parameters: {'lag_0': 0.2683202751953949, 'lag_1': 0.007122154586006457, 'lag_2': 0.6814540709209403, 'lag_3': 0.007302401417698501, 'lag_4': 0.02265784230802187, 'lag_5': 0.10070401240733251, 'lag_6': 0.16865599860153957, 'lag_7': 0.4051948297387755, 'lag_8': 0.39741122254015876, 'lag_9': 0.9816673711814055, 'lag_10': 0.8488642584731154, 'lag_11': 0.8006437894885454, 'lag_12': 0.7829325396221074, 'lag_13': 0.7784378252410132, 'lag_14': 0.18683895388983474, 'lag_15': 0.41648254527285855, 'lag_16': 0.6197399559930106, 'lag_17': 0.018073305394039063, 'lag_18': 0.7941676208852959, 'lag_19': 0.5305492632696281, 'lag_20': 0.11252738932009522, 'lag_21': 0.8585905204190463, 'lag_22': 0.20785130959723935, 'lag_23': 0.4437066801881629, 'lag_24': 0.6762899533331541, 'lag_25': 0.19229532375202338, 'lag_26': 0.10301288078418092, 'lag_27': 0.7272069718107916, 'lag_28': 0.2228123547091399}. Best is trial 10 with value: 0.009088542972283434.
[I 2025-09-29 13:18:51,320] Trial 16 finished with value: 0.009839658216789626 and parameters: {'lag_0': 0.8703398643951746, 'lag_1': 0.3000561762274141, 'lag_2': 0.9647305817961728, 'lag_3': 0.5397048804509095, 'lag_4': 0.27301108773647365, 'lag_5': 0.34172188182171126, 'lag_6': 0.09622587185152975, 'lag_7': 0.4382903445204728, 'lag_8': 0.1517066053520415, 'lag_9': 0.488700008213263, 'lag_10': 0.8782724275029784, 'lag_11': 0.8220024608979408, 'lag_12': 0.5771244968895339, 'lag_13': 0.4642206374962542, 'lag_14': 0.6231612175291062, 'lag_15': 0.9961832144754675, 'lag_16': 0.08557657101229554, 'lag_17': 0.20006456176031018, 'lag_18': 0.8377457456774096, 'lag_19': 0.4520851834748241, 'lag_20': 0.4584164616664468, 'lag_21': 0.8526309207776698, 'lag_22': 0.8863891380160503, 'lag_23': 0.5790520744652007, 'lag_24': 0.472689105443908, 'lag_25': 0.18101591971397474, 'lag_26': 0.30474864821394243, 'lag_27': 0.52092778631572, 'lag_28': 0.1709575245376149}. Best is trial 10 with value: 0.009088542972283434.
[I 2025-09-29 13:18:53,885] Trial 17 finished with value: 0.009131455829277898 and parameters: {'lag_0': 0.6973504517693753, 'lag_1': 0.30202745754469207, 'lag_2': 0.7541513215887666, 'lag_3': 0.2699133746167565, 'lag_4': 0.4357983648758803, 'lag_5': 0.09334889299081554, 'lag_6': 0.09142997515913658, 'lag_7': 0.6553217788657043, 'lag_8': 0.008563958381033163, 'lag_9': 0.8711316254747211, 'lag_10': 0.7436898383564209, 'lag_11': 0.9035818425210576, 'lag_12': 0.024932206780937105, 'lag_13': 0.4117570482917812, 'lag_14': 0.034587341870738225, 'lag_15': 0.674427629323126, 'lag_16': 0.020051222967856608, 'lag_17': 0.2925113334217974, 'lag_18': 0.6648587802542714, 'lag_19': 0.2657315248961314, 'lag_20': 0.11556122275569351, 'lag_21': 0.3358158490069255, 'lag_22': 0.6355982174279847, 'lag_23': 0.8063844377708554, 'lag_24': 0.7725755743526714, 'lag_25': 0.08047902730659316, 'lag_26': 0.41960061505253443, 'lag_27': 0.5131055074387557, 'lag_28': 0.3237842863072415}. Best is trial 10 with value: 0.009088542972283434.
[I 2025-09-29 13:18:56,468] Trial 18 finished with value: 0.00932265971531892 and parameters: {'lag_0': 0.7002478259479146, 'lag_1': 0.5740037614501796, 'lag_2': 0.8147070691849739, 'lag_3': 0.44760237979258666, 'lag_4': 0.48138765890118373, 'lag_5': 0.4325174745675593, 'lag_6': 0.9737254549159096, 'lag_7': 0.7198302335959538, 'lag_8': 0.002906711375867688, 'lag_9': 0.7310286650699023, 'lag_10': 0.7414208105104725, 'lag_11': 0.7099949323640424, 'lag_12': 0.07995754539524033, 'lag_13': 0.4223224229864085, 'lag_14': 0.011623538873905409, 'lag_15': 0.6930429928322394, 'lag_16': 0.06492038883171442, 'lag_17': 0.3292797793590313, 'lag_18': 0.6032177308467205, 'lag_19': 0.06026267805735097, 'lag_20': 0.15727087215624874, 'lag_21': 0.33130384985768735, 'lag_22': 0.53037893996704, 'lag_23': 0.37793025365170274, 'lag_24': 0.7476320399935865, 'lag_25': 0.589139103217355, 'lag_26': 0.5164422740415202, 'lag_27': 0.5118163571355147, 'lag_28': 0.334867456613186}. Best is trial 10 with value: 0.009088542972283434.
