[I 2025-09-29 13:23:16,916] Trial 24 finished with value: 0.004550717171668469 and parameters: {'lag_0': 0.34853678933067256, 'lag_1': 0.5534375648839689, 'lag_2': 0.5471047062477199, 'lag_3': 0.35802337800329037, 'lag_4': 0.7118608724912737, 'lag_5': 0.24298321056013938, 'lag_6': 0.28370768636110694, 'lag_7': 0.7663417810243307, 'lag_8': 0.23228335798938937, 'lag_9': 0.1365543014941862, 'lag_10': 0.15454664076489297, 'lag_11': 0.5788185711951479, 'lag_12': 0.9203474267514733, 'lag_13': 0.9440457681477346, 'lag_14': 0.5966661501755238, 'lag_15': 0.2596329996851091, 'lag_16': 0.4130070681218981, 'lag_17': 0.12488707822972059, 'lag_18': 0.2775572101056393, 'lag_19': 0.6541556808385787, 'lag_20': 0.0024396222709098803, 'lag_21': 0.8221730288781174, 'lag_22': 0.006124438374827346, 'lag_23': 0.43277573781899137, 'lag_24': 0.4302395108165605, 'lag_25': 0.8187043768832967, 'lag_26': 0.36295946753851127, 'lag_27': 0.7072900515894858, 'lag_28': 0.2559496402986088}. Best is trial 22 with value: 0.0037632651564023165.
[I 2025-09-29 13:23:19,422] Trial 25 finished with value: 0.004174738667156139 and parameters: {'lag_0': 0.5141807296409042, 'lag_1': 0.3845402531749656, 'lag_2': 0.686403942607663, 'lag_3': 0.19274882665670653, 'lag_4': 0.1562573483399921, 'lag_5': 0.0868359436880097, 'lag_6': 0.6176224809363203, 'lag_7': 0.9066138692648319, 'lag_8': 0.9399846389902029, 'lag_9': 0.5303398427825632, 'lag_10': 0.37978461287814475, 'lag_11': 0.7861345727496486, 'lag_12': 0.7672406019098151, 'lag_13': 0.5457321758156747, 'lag_14': 0.48302254306242476, 'lag_15': 0.40042572785747954, 'lag_16': 0.2887030508526494, 'lag_17': 0.2358049424748514, 'lag_18': 0.5868977670861497, 'lag_19': 0.44395145541734615, 'lag_20': 0.2698486431409821, 'lag_21': 0.5518433430892324, 'lag_22': 0.11389640613635414, 'lag_23': 0.27322681549521155, 'lag_24': 0.2534402855742389, 'lag_25': 0.5018998872935828, 'lag_26': 0.010538460884312817, 'lag_27': 0.996180905063906, 'lag_28': 0.682576698469664}. Best is trial 22 with value: 0.0037632651564023165.
[I 2025-09-29 13:23:21,946] Trial 26 finished with value: 0.004283548560671544 and parameters: {'lag_0': 0.8708260711740861, 'lag_1': 0.2903567672582371, 'lag_2': 0.7856449819573808, 'lag_3': 0.6815147711993075, 'lag_4': 0.41958876454978056, 'lag_5': 0.4594739764705539, 'lag_6': 0.28712150990849084, 'lag_7': 0.6416715038687684, 'lag_8': 0.6056290300069674, 'lag_9': 0.1144978172528934, 'lag_10': 0.16381173552330042, 'lag_11': 0.9235900300168064, 'lag_12': 0.5755253790084752, 'lag_13': 0.7211548079881542, 'lag_14': 0.12447456826275016, 'lag_15': 0.6616285151472492, 'lag_16': 0.08254218121325377, 'lag_17': 0.09722370772445676, 'lag_18': 0.40097668586701973, 'lag_19': 0.370444513914852, 'lag_20': 0.41437624755995206, 'lag_21': 0.3535848357609426, 'lag_22': 0.3406718693044928, 'lag_23': 0.6133707464722956, 'lag_24': 0.09561433347376125, 'lag_25': 0.40141084255278336, 'lag_26': 0.08000919837254665, 'lag_27': 0.8615322310216222, 'lag_28': 0.4776782056111887}. Best is trial 22 with value: 0.0037632651564023165.
[I 2025-09-29 13:23:24,468] Trial 27 finished with value: 0.004548580069116547 and parameters: {'lag_0': 0.6291971910435542, 'lag_1': 0.5043044418640901, 'lag_2': 0.9016266980831183, 'lag_3': 0.4231164659208656, 'lag_4': 0.251833211902586, 'lag_5': 0.28557935820305763, 'lag_6': 0.2142543094870256, 'lag_7': 0.841782755883822, 'lag_8': 0.8364753037135408, 'lag_9': 0.4453332921501631, 'lag_10': 0.2258739287062358, 'lag_11': 0.4054847528150636, 'lag_12': 0.726656071971476, 'lag_13': 0.8015653332329595, 'lag_14': 0.3642060861294139, 'lag_15': 0.15142731799264852, 'lag_16': 0.541376173975556, 'lag_17': 0.31621511268633884, 'lag_18': 0.6940472284546313, 'lag_19': 0.5036200621774088, 'lag_20': 0.15236913357170373, 'lag_21': 0.8925533248551316, 'lag_22': 0.7096140822841706, 'lag_23': 0.7573628938067392, 'lag_24': 0.2839007280436916, 'lag_25': 0.9955865105005569, 'lag_26': 0.3324317265635922, 'lag_27': 0.4613212325746524, 'lag_28': 0.9070113561683484}. Best is trial 22 with value: 0.0037632651564023165.
[I 2025-09-29 13:23:26,994] Trial 28 finished with value: 0.003946610245187562 and parameters: {'lag_0': 0.7325738989091187, 'lag_1': 0.7241182801500484, 'lag_2': 0.5349072108837097, 'lag_3': 0.8767292443040472, 'lag_4': 0.5747203764037958, 'lag_5': 0.16044826764899398, 'lag_6': 0.4697579671652164, 'lag_7': 0.6888549933906436, 'lag_8': 0.21377679399770874, 'lag_9': 0.6669772540797139, 'lag_10': 0.0914452993337051, 'lag_11': 0.13752771306705303, 'lag_12': 0.7955138571011873, 'lag_13': 0.4375275197677269, 'lag_14': 0.5950338063377606, 'lag_15': 0.5234765175453955, 'lag_16': 0.37409279468181583, 'lag_17': 0.17248357443055193, 'lag_18': 0.00251926440391112, 'lag_19': 0.30455704558795804, 'lag_20': 0.3905308790107559, 'lag_21': 0.17467789540912165, 'lag_22': 0.20840614950234754, 'lag_23': 0.36625861882149724, 'lag_24': 0.4011071360801459, 'lag_25': 0.8522219027533784, 'lag_26': 0.5742355767721404, 'lag_27': 0.6451963783853061, 'lag_28': 0.23900636512836337}. Best is trial 22 with value: 0.0037632651564023165.
[I 2025-09-29 13:23:29,514] Trial 29 finished with value: 0.004113522412698241 and parameters: {'lag_0': 0.750522654201767, 'lag_1': 0.6530797513785767, 'lag_2': 0.5183782641973872, 'lag_3': 0.8893419504640507, 'lag_4': 0.44471255592080083, 'lag_5': 0.16708842690052703, 'lag_6': 0.8730540205665727, 'lag_7': 0.5507512697430169, 'lag_8': 0.22795437820999992, 'lag_9': 0.6951660721753959, 'lag_10': 0.009220255283433287, 'lag_11': 0.1463888222858773, 'lag_12': 0.826293672318725, 'lag_13': 0.4397988301100308, 'lag_14': 0.9520750925564507, 'lag_15': 0.7630595770376769, 'lag_16': 0.38587768045891724, 'lag_17': 0.18540736439482478, 'lag_18': 0.885997433982413, 'lag_19': 0.29099613328833596, 'lag_20': 0.5874939647732412, 'lag_21': 0.15881432855329636, 'lag_22': 0.8127376648996094, 'lag_23': 0.34909687299628656, 'lag_24': 0.4147771001517657, 'lag_25': 0.8466825030562741, 'lag_26': 0.6232456729975543, 'lag_27': 0.6731479256816882, 'lag_28': 0.2001560516287178}. Best is trial 22 with value: 0.0037632651564023165.
[I 2025-09-29 13:23:32,017] Trial 30 finished with value: 0.004287061701433105 and parameters: {'lag_0': 0.9942892617631013, 'lag_1': 0.9005372126715662, 'lag_2': 0.6602888479951307, 'lag_3': 0.5706563680324508, 'lag_4': 0.759923878363607, 'lag_5': 0.9762529920659, 'lag_6': 0.48697866355353026, 'lag_7': 0.6678283014598227, 'lag_8': 0.09793713110205973, 'lag_9': 0.854130525384148, 'lag_10': 0.08643790070344712, 'lag_11': 0.1837940652122963, 'lag_12': 0.9107940747669808, 'lag_13': 0.349193714477927, 'lag_14': 0.7928344685706177, 'lag_15': 0.5265104167112389, 'lag_16': 0.6099944946995195, 'lag_17': 0.6045208848549668, 'lag_18': 0.746963488297344, 'lag_19': 0.2422774334037847, 'lag_20': 0.9772076562618309, 'lag_21': 0.048522690632710565, 'lag_22': 0.21803260644326738, 'lag_23': 0.24447940054513573, 'lag_24': 0.36583527522659387, 'lag_25': 0.9229172899221572, 'lag_26': 0.4602844334530519, 'lag_27': 0.6387822943989628, 'lag_28': 0.046449415729782284}. Best is trial 22 with value: 0.0037632651564023165.
[I 2025-09-29 13:23:34,526] Trial 31 finished with value: 0.004089139173021422 and parameters: {'lag_0': 0.8052294310286466, 'lag_1': 0.7505047560368681, 'lag_2': 0.2603532096907517, 'lag_3': 0.710406865531731, 'lag_4': 0.6101578740730542, 'lag_5': 0.182195449209233, 'lag_6': 0.39834014187303923, 'lag_7': 0.7730998242751376, 'lag_8': 0.2213250730145417, 'lag_9': 0.2604097610457089, 'lag_10': 0.3250721996246003, 'lag_11': 0.20511632250345332, 'lag_12': 0.7784542866081048, 'lag_13': 0.21930758328871097, 'lag_14': 0.5935730014221797, 'lag_15': 0.3901328292510968, 'lag_16': 0.49197160984916233, 'lag_17': 0.007360926092604449, 'lag_18': 0.00029694769404909433, 'lag_19': 0.34274656556267696, 'lag_20': 0.3912672098250246, 'lag_21': 0.07381883410789769, 'lag_22': 0.13714899235466754, 'lag_23': 0.32425241250019093, 'lag_24': 0.17507551214373204, 'lag_25': 0.7039293668132726, 'lag_26': 0.6018622682874005, 'lag_27': 0.522009502631149, 'lag_28': 0.19309129603363603}. Best is trial 22 with value: 0.0037632651564023165.
[I 2025-09-29 13:23:37,052] Trial 32 finished with value: 0.004069432488631487 and parameters: {'lag_0': 0.8810733907613681, 'lag_1': 0.8637957169065599, 'lag_2': 0.5748299494567034, 'lag_3': 0.7977716446794172, 'lag_4': 0.5605715633825578, 'lag_5': 0.06046019121367716, 'lag_6': 0.9833384827595917, 'lag_7': 0.9336284872053696, 'lag_8': 0.41702488500760915, 'lag_9': 0.7095053527824281, 'lag_10': 0.45194384687318834, 'lag_11': 0.11184687859529249, 'lag_12': 0.7157071196287306, 'lag_13': 0.421549878705178, 'lag_14': 0.6418714753216599, 'lag_15': 0.4378466672121337, 'lag_16': 0.24842137801309797, 'lag_17': 0.17398923386150295, 'lag_18': 0.12282827834586085, 'lag_19': 0.42946174632429496, 'lag_20': 0.2948386137189858, 'lag_21': 0.1815346338150053, 'lag_22': 0.037166270561872605, 'lag_23': 0.46006471849904895, 'lag_24': 0.4584442077581388, 'lag_25': 0.022368185312540256, 'lag_26': 0.19219300619010538, 'lag_27': 0.43343335895114976, 'lag_28': 0.27425106384493325}. Best is trial 22 with value: 0.0037632651564023165.
[I 2025-09-29 13:23:39,589] Trial 33 finished with value: 0.004678110717153178 and parameters: {'lag_0': 0.7154587853899281, 'lag_1': 0.7257365345911035, 'lag_2': 0.11142309911827719, 'lag_3': 0.659942138635355, 'lag_4': 0.35174026054181806, 'lag_5': 0.2409909319548244, 'lag_6': 0.33040224189877493, 'lag_7': 0.8514953178970553, 'lag_8': 0.17446893484039938, 'lag_9': 0.7785665633542798, 'lag_10': 0.09939846934754984, 'lag_11': 0.435851601638233, 'lag_12': 0.9386620740224046, 'lag_13': 0.04148490588614279, 'lag_14': 0.5272945352097864, 'lag_15': 0.6046246193192544, 'lag_16': 0.3968334153493597, 'lag_17': 0.040295364470028745, 'lag_18': 0.10982894710276742, 'lag_19': 0.20022427717865635, 'lag_20': 0.19605846150847492, 'lag_21': 0.292880915703543, 'lag_22': 0.08142834174035955, 'lag_23': 0.12573489516325365, 'lag_24': 0.3717667337397489, 'lag_25': 0.7911633361253588, 'lag_26': 0.5632902409697274, 'lag_27': 0.7651987309158812, 'lag_28': 0.1422705621602915}. Best is trial 22 with value: 0.0037632651564023165.
[I 2025-09-29 13:23:42,129] Trial 34 finished with value: 0.004592099063673532 and parameters: {'lag_0': 0.7963745608343461, 'lag_1': 0.4315348680425538, 'lag_2': 0.41599975829447033, 'lag_3': 0.9560980679487658, 'lag_4': 0.27149957925355483, 'lag_5': 0.12779603579320858, 'lag_6': 0.07636346981707343, 'lag_7': 0.6944333307295528, 'lag_8': 0.019828659452322706, 'lag_9': 0.6484721583086049, 'lag_10': 0.3474852473481358, 'lag_11': 0.27636660667747115, 'lag_12': 0.7713867177036501, 'lag_13': 0.5058518770858895, 'lag_14': 0.8697918149723259, 'lag_15': 0.34625222535740213, 'lag_16': 0.13740310547583567, 'lag_17': 0.2651483129964272, 'lag_18': 0.5246785672222217, 'lag_19': 0.2751509764660056, 'lag_20': 0.1065820996980349, 'lag_21': 0.2012711892644724, 'lag_22': 0.1846379092399643, 'lag_23': 0.5529235315323615, 'lag_24': 0.24541579933875476, 'lag_25': 0.7032720954560604, 'lag_26': 0.05358466956455754, 'lag_27': 0.2839159773590454, 'lag_28': 0.43092424242849714}. Best is trial 22 with value: 0.0037632651564023165.
[I 2025-09-29 13:23:44,644] Trial 35 finished with value: 0.003985875091093313 and parameters: {'lag_0': 0.5993202803217399, 'lag_1': 0.5518267122760936, 'lag_2': 0.9295361882836881, 'lag_3': 0.8641281051596366, 'lag_4': 0.9469811294804303, 'lag_5': 0.04096831110070186, 'lag_6': 0.3629746347030994, 'lag_7': 0.773345149606398, 'lag_8': 0.4825576144047905, 'lag_9': 0.8904568874088562, 'lag_10': 0.24229906287258085, 'lag_11': 0.9530953907733156, 'lag_12': 0.6161261430490548, 'lag_13': 0.30939245839301244, 'lag_14': 0.7457878537892175, 'lag_15': 0.26885212515705853, 'lag_16': 0.22672739083936683, 'lag_17': 0.6912437747860508, 'lag_18': 0.2562538240337471, 'lag_19': 0.7725953180299445, 'lag_20': 0.3222392561357803, 'lag_21': 0.7513686443184598, 'lag_22': 0.3360003806230013, 'lag_23': 0.29944493435414143, 'lag_24': 0.6056842270576976, 'lag_25': 0.8832271629249665, 'lag_26': 0.42393730094980087, 'lag_27': 0.7904076174822441, 'lag_28': 0.3250003589301326}. Best is trial 22 with value: 0.0037632651564023165.
[I 2025-09-29 13:23:47,170] Trial 36 finished with value: 0.004018984077999304 and parameters: {'lag_0': 0.6060971580412278, 'lag_1': 0.4997441651615043, 'lag_2': 0.9282161268379987, 'lag_3': 0.8817078416773996, 'lag_4': 0.9231162286017099, 'lag_5': 0.023221001810716194, 'lag_6': 0.3631948937540392, 'lag_7': 0.606228739702424, 'lag_8': 0.47479216482525677, 'lag_9': 0.9097367706257538, 'lag_10': 0.24107089286243544, 'lag_11': 0.9344204927307197, 'lag_12': 0.5959255173067582, 'lag_13': 0.08003672135966078, 'lag_14': 0.7417293056644612, 'lag_15': 0.2783550711063272, 'lag_16': 0.20219398300760555, 'lag_17': 0.7179697510424254, 'lag_18': 0.4077403129147145, 'lag_19': 0.7882542566654944, 'lag_20': 0.3336279132284772, 'lag_21': 0.7689146973879613, 'lag_22': 0.34417213925555934, 'lag_23': 0.2859080061351462, 'lag_24': 0.6445965154975442, 'lag_25': 0.885761259128076, 'lag_26': 0.7914493087115305, 'lag_27': 0.7949520490209822, 'lag_28': 0.3061350807812385}. Best is trial 22 with value: 0.0037632651564023165.
[I 2025-09-29 13:23:49,694] Trial 37 finished with value: 0.004309403219402992 and parameters: {'lag_0': 0.8420937901545273, 'lag_1': 0.5481274438059675, 'lag_2': 0.831085755015703, 'lag_3': 0.9254204884220327, 'lag_4': 0.9389584136249972, 'lag_5': 0.3813061254166552, 'lag_6': 0.4490385275127235, 'lag_7': 0.4615709727982333, 'lag_8': 0.3291776258550414, 'lag_9': 0.9867007537137017, 'lag_10': 0.06955583439138954, 'lag_11': 0.9730107845431183, 'lag_12': 0.6730479384150255, 'lag_13': 0.3128084810227503, 'lag_14': 0.990981886736761, 'lag_15': 0.41342597036920936, 'lag_16': 0.34260280345076727, 'lag_17': 0.8066964165969931, 'lag_18': 0.2878836766834561, 'lag_19': 0.6862221135362293, 'lag_20': 0.3811807228408504, 'lag_21': 0.7628520259070408, 'lag_22': 0.23993140060025972, 'lag_23': 0.162909672620208, 'lag_24': 0.6472129591695414, 'lag_25': 0.9590370885493078, 'lag_26': 0.534967802928942, 'lag_27': 0.8855425508015705, 'lag_28': 0.05277793520382951}. Best is trial 22 with value: 0.0037632651564023165.
[I 2025-09-29 13:23:52,232] Trial 38 finished with value: 0.0036369749490562176 and parameters: {'lag_0': 0.9503648052893283, 'lag_1': 0.41644721273617763, 'lag_2': 0.9581538184414974, 'lag_3': 0.8369438154205446, 'lag_4': 0.8600973704894129, 'lag_5': 0.16381126341007696, 'lag_6': 0.6534076858058429, 'lag_7': 0.9600805204145556, 'lag_8': 0.3981738310853347, 'lag_9': 0.7531608971360121, 'lag_10': 0.8901993225556006, 'lag_11': 0.7199023500747979, 'lag_12': 0.22857732437113004, 'lag_13': 0.2592631876597591, 'lag_14': 0.794860300368103, 'lag_15': 0.6254604174131728, 'lag_16': 0.04062950911772836, 'lag_17': 0.9743910568616156, 'lag_18': 0.28295572778271966, 'lag_19': 0.893023922611106, 'lag_20': 0.45658904116090615, 'lag_21': 0.5749378318534293, 'lag_22': 0.29134391278984917, 'lag_23': 0.3782274482038575, 'lag_24': 0.6996347822304974, 'lag_25': 0.8584958595608065, 'lag_26': 0.4703967076095864, 'lag_27': 0.7358761635044753, 'lag_28': 0.2245311456613442}. Best is trial 38 with value: 0.0036369749490562176.
[I 2025-09-29 13:23:54,924] Trial 39 finished with value: 0.004120549622029438 and parameters: {'lag_0': 0.9660181490028932, 'lag_1': 0.44249440188185374, 'lag_2': 0.7890500661613828, 'lag_3': 0.8296420110559003, 'lag_4': 0.8775118183025212, 'lag_5': 0.5289762437621526, 'lag_6': 0.7364178863562395, 'lag_7': 0.9547245079808535, 'lag_8': 0.41504927818722887, 'lag_9': 0.7872552706489797, 'lag_10': 0.9112368141095317, 'lag_11': 0.5944354685139108, 'lag_12': 0.17931081412166638, 'lag_13': 0.2475092244630481, 'lag_14': 0.8107502586684155, 'lag_15': 0.797659766525602, 'lag_16': 0.0020309565629872406, 'lag_17': 0.5742412476344436, 'lag_18': 0.48151296070240335, 'lag_19': 0.8902105922327836, 'lag_20': 0.45690521962948205, 'lag_21': 0.5656191160192964, 'lag_22': 0.48575395565205515, 'lag_23': 0.7094382933725205, 'lag_24': 0.7414769047186696, 'lag_25': 0.5682008042127913, 'lag_26': 0.7521836256670246, 'lag_27': 0.715697603379323, 'lag_28': 0.11916899819191235}. Best is trial 38 with value: 0.0036369749490562176.
[I 2025-09-29 13:23:57,469] Trial 40 finished with value: 0.004364123524801826 and parameters: {'lag_0': 0.9114625519029673, 'lag_1': 0.19551615226442226, 'lag_2': 0.9961796297596245, 'lag_3': 0.2285628994156776, 'lag_4': 0.6600380210462387, 'lag_5': 0.27089172344198276, 'lag_6': 0.6473387009584821, 'lag_7': 0.8682155784855329, 'lag_8': 0.5348975815002539, 'lag_9': 0.7365974295347868, 'lag_10': 0.829804425720072, 'lag_11': 0.013858085884168037, 'lag_12': 0.24429549911318932, 'lag_13': 0.3942340154202747, 'lag_14': 0.290664148489847, 'lag_15': 0.6654040646570905, 'lag_16': 0.06233972062764781, 'lag_17': 0.9696842690162106, 'lag_18': 0.9825492043601889, 'lag_19': 0.044411536744944816, 'lag_20': 0.8683573057989471, 'lag_21': 0.42163760077709544, 'lag_22': 0.28544794009170626, 'lag_23': 0.3793506817711641, 'lag_24': 0.785847647346446, 'lag_25': 0.8291519600504781, 'lag_26': 0.2976581418114078, 'lag_27': 0.6322780277708561, 'lag_28': 0.23021484239829534}. Best is trial 38 with value: 0.0036369749490562176.
[I 2025-09-29 13:23:59,992] Trial 41 finished with value: 0.004352801057886903 and parameters: {'lag_0': 0.703948614778412, 'lag_1': 0.3869359729565541, 'lag_2': 0.9494819975985057, 'lag_3': 0.9649043221434979, 'lag_4': 0.9532274358742217, 'lag_5': 0.17780580027732232, 'lag_6': 0.5421648978178601, 'lag_7': 0.9920496659154021, 'lag_8': 0.34373621327656506, 'lag_9': 0.8896094757293384, 'lag_10': 0.7418246414530142, 'lag_11': 0.7179912200895434, 'lag_12': 0.47719419259976104, 'lag_13': 0.15030832330072974, 'lag_14': 0.893697041485428, 'lag_15': 0.5924549116235527, 'lag_16': 0.13140114613966625, 'lag_17': 0.8963550962629574, 'lag_18': 0.23788727586668368, 'lag_19': 0.7685062925281224, 'lag_20': 0.5044658118302358, 'lag_21': 0.7290208148250474, 'lag_22': 0.32154452922421056, 'lag_23': 0.43877726959827607, 'lag_24': 0.5894514098039807, 'lag_25': 0.8836139980245675, 'lag_26': 0.4413756087641405, 'lag_27': 0.8081151844749729, 'lag_28': 0.16797671840600928}. Best is trial 38 with value: 0.0036369749490562176.
[I 2025-09-29 13:24:02,522] Trial 42 finished with value: 0.004266743040616441 and parameters: {'lag_0': 0.9341792997668934, 'lag_1': 0.3193913509934957, 'lag_2': 0.8843207991054476, 'lag_3': 0.5948527016892066, 'lag_4': 0.8425089780484989, 'lag_5': 0.737004155178225, 'lag_6': 0.6108980802397046, 'lag_7': 0.7880641743342118, 'lag_8': 0.40543506748625413, 'lag_9': 0.676597018158266, 'lag_10': 0.8951037095848522, 'lag_11': 0.8181310167689557, 'lag_12': 0.30129033764645713, 'lag_13': 0.292539735982436, 'lag_14': 0.7443107072697808, 'lag_15': 0.7384753112748805, 'lag_16': 0.12995056757017887, 'lag_17': 0.6587878202116688, 'lag_18': 0.3412361309775544, 'lag_19': 0.8957497668267672, 'lag_20': 0.23447880843947844, 'lag_21': 0.9308628867084697, 'lag_22': 0.19071238323097886, 'lag_23': 0.2193807965684923, 'lag_24': 0.7503498746945354, 'lag_25': 0.8594939032445117, 'lag_26': 0.41359063104841715, 'lag_27': 0.7488221979221015, 'lag_28': 0.40641215163366773}. Best is trial 38 with value: 0.0036369749490562176.
[I 2025-09-29 13:24:05,035] Trial 43 finished with value: 0.004252305415505638 and parameters: {'lag_0': 0.8311409038674985, 'lag_1': 0.600114659300657, 'lag_2': 0.7073872425926517, 'lag_3': 0.7738510181426286, 'lag_4': 0.7760970050033176, 'lag_5': 0.04499198335005781, 'lag_6': 0.8136330339331378, 'lag_7': 0.7318447500220295, 'lag_8': 0.2742818636635066, 'lag_9': 0.795119832261447, 'lag_10': 0.199278800175493, 'lag_11': 0.9084767936584739, 'lag_12': 0.5565721793203349, 'lag_13': 0.3387757494901139, 'lag_14': 0.6954458716232352, 'lag_15': 0.5242580460657156, 'lag_16': 0.4314305360173379, 'lag_17': 0.783495688343244, 'lag_18': 0.30095477994900643, 'lag_19': 0.8444944745714963, 'lag_20': 0.30969186180545494, 'lag_21': 0.6056648831336837, 'lag_22': 0.3858723050436398, 'lag_23': 0.4856541002990975, 'lag_24': 0.4865552944382317, 'lag_25': 0.9551571838789252, 'lag_26': 0.5043927954547969, 'lag_27': 0.9199583036116779, 'lag_28': 0.3275045626849413}. Best is trial 38 with value: 0.0036369749490562176.
[I 2025-09-29 13:24:07,564] Trial 44 finished with value: 0.0038790623896606106 and parameters: {'lag_0': 0.5180190556756008, 'lag_1': 0.471826498193207, 'lag_2': 0.9448769331057468, 'lag_3': 0.878619471340278, 'lag_4': 0.8993578763799279, 'lag_5': 0.1307191837723502, 'lag_6': 0.5266259327974475, 'lag_7': 0.8707694854678252, 'lag_8': 0.5219267957388476, 'lag_9': 0.8856877478957508, 'lag_10': 0.2731724249667933, 'lag_11': 0.8094482858061591, 'lag_12': 0.0897775313407762, 'lag_13': 0.4714476772658186, 'lag_14': 0.797007329635012, 'lag_15': 0.10867648912030803, 'lag_16': 0.21947252762134495, 'lag_17': 0.6966839561853679, 'lag_18': 0.1754453962300635, 'lag_19': 0.7281664856550321, 'lag_20': 0.43520918325438845, 'lag_21': 0.6960663055022386, 'lag_22': 0.27287710539953997, 'lag_23': 0.3123891674836928, 'lag_24': 0.8127008489998506, 'lag_25': 0.9154483005024696, 'lag_26': 0.569275723009465, 'lag_27': 0.6758920156283428, 'lag_28': 0.07321941912727115}. Best is trial 38 with value: 0.0036369749490562176.
