[I 2025-09-29 11:54:44,428] Trial 62 finished with value: 0.010047123831880913 and parameters: {'lag_0': 0.5192822466846709, 'lag_1': 0.6473426969703928, 'lag_2': 0.7037642448061804, 'lag_3': 0.1521766018791764, 'lag_4': 0.4461843788320418, 'lag_5': 0.965178349435064, 'lag_6': 0.5367885956117205, 'lag_7': 0.23659352041851883, 'lag_8': 0.7331534734875232, 'lag_9': 0.2856051279949812, 'lag_10': 0.6978018838445792, 'lag_11': 0.9435793985338156, 'lag_12': 0.9056805673643855, 'lag_13': 0.4843517297309883, 'lag_14': 0.9299558138778043, 'lag_15': 0.8009919178793315, 'lag_16': 0.24223999438899896, 'lag_17': 0.12235194497961718, 'lag_18': 0.6145779903834458, 'lag_19': 0.6455973501205472, 'lag_20': 0.695386292462495, 'lag_21': 0.9432984612939237, 'lag_22': 0.10353265623559661, 'lag_23': 0.42303009573692324, 'lag_24': 0.14862139961923387, 'lag_25': 0.3383618290531246, 'lag_26': 0.03656489244105729, 'lag_27': 0.8302207518988576, 'lag_28': 0.3123758200354196}. Best is trial 47 with value: 0.009452045785893207.
[I 2025-09-29 11:54:47,043] Trial 63 finished with value: 0.01005705501167649 and parameters: {'lag_0': 0.4895335766762091, 'lag_1': 0.711847843672012, 'lag_2': 0.6002312560657905, 'lag_3': 0.06536404542520025, 'lag_4': 0.33353512959127196, 'lag_5': 0.8248041479479589, 'lag_6': 0.4904789868385794, 'lag_7': 0.4286179695800378, 'lag_8': 0.7546656070386603, 'lag_9': 0.3028515866000109, 'lag_10': 0.7430493475680859, 'lag_11': 0.8172162984031012, 'lag_12': 0.9973275002177764, 'lag_13': 0.5603427796479149, 'lag_14': 0.7848926166750441, 'lag_15': 0.6680600333910365, 'lag_16': 0.11764023908739316, 'lag_17': 0.04757839085506954, 'lag_18': 0.5665939696126208, 'lag_19': 0.5688295111528905, 'lag_20': 0.9694168554411626, 'lag_21': 0.1271847720917852, 'lag_22': 0.299410144126399, 'lag_23': 0.3748867702357641, 'lag_24': 0.24642331811485768, 'lag_25': 0.2733148512204331, 'lag_26': 0.0005344344657573809, 'lag_27': 0.904746044013001, 'lag_28': 0.24545820170135407}. Best is trial 47 with value: 0.009452045785893207.
[I 2025-09-29 11:54:49,682] Trial 64 finished with value: 0.010142279540694714 and parameters: {'lag_0': 0.43740867912522996, 'lag_1': 0.6792101082106365, 'lag_2': 0.5026833037094264, 'lag_3': 0.2554788447429801, 'lag_4': 0.38708565730428524, 'lag_5': 0.8835090789961348, 'lag_6': 0.595532021567112, 'lag_7': 0.3606571979257371, 'lag_8': 0.6790181234606846, 'lag_9': 0.4374374476850971, 'lag_10': 0.8793610939585965, 'lag_11': 0.36325952357869873, 'lag_12': 0.4788745077978742, 'lag_13': 0.5913117641062912, 'lag_14': 0.7239513701160152, 'lag_15': 0.6241550616598596, 'lag_16': 0.19635957744292587, 'lag_17': 0.23239948699808233, 'lag_18': 0.6500757591884179, 'lag_19': 0.770669312647263, 'lag_20': 0.07789687738785991, 'lag_21': 0.7962819312980954, 'lag_22': 0.3803268455962586, 'lag_23': 0.196730738954774, 'lag_24': 0.3674797950249372, 'lag_25': 0.19873183944563033, 'lag_26': 0.08249733830459582, 'lag_27': 0.6190398817970153, 'lag_28': 0.3448574113231269}. Best is trial 47 with value: 0.009452045785893207.
[I 2025-09-29 11:54:52,323] Trial 65 finished with value: 0.00989509694415025 and parameters: {'lag_0': 0.6916949206329374, 'lag_1': 0.5726168677669375, 'lag_2': 0.7733881824739273, 'lag_3': 0.43675803314401496, 'lag_4': 0.23366614603390415, 'lag_5': 0.9360166883830161, 'lag_6': 0.4045220684345983, 'lag_7': 0.30448829351963486, 'lag_8': 0.6179790306896074, 'lag_9': 0.9872461489095621, 'lag_10': 0.7949241736966188, 'lag_11': 0.23662642739633194, 'lag_12': 0.9386595551719302, 'lag_13': 0.6552023564608367, 'lag_14': 0.5070422869913687, 'lag_15': 0.455671790739152, 'lag_16': 0.35121558566946426, 'lag_17': 0.17603204561894223, 'lag_18': 0.7274593197141828, 'lag_19': 0.6809478993364428, 'lag_20': 0.15316746227592243, 'lag_21': 0.19447345973326102, 'lag_22': 0.011194166953769267, 'lag_23': 0.35101104104992986, 'lag_24': 0.29645553481584663, 'lag_25': 0.6794375800108557, 'lag_26': 0.2671317245025027, 'lag_27': 0.7584680291540746, 'lag_28': 0.16988331329924738}. Best is trial 47 with value: 0.009452045785893207.
[I 2025-09-29 11:54:54,947] Trial 66 finished with value: 0.009983037823453977 and parameters: {'lag_0': 0.8416397232686824, 'lag_1': 0.30349424091533667, 'lag_2': 0.9623341194465929, 'lag_3': 0.1999736377550977, 'lag_4': 0.2772962083148449, 'lag_5': 0.9186785359896554, 'lag_6': 0.4967950864687193, 'lag_7': 0.212781186600834, 'lag_8': 0.5471404547460494, 'lag_9': 0.5727333702594427, 'lag_10': 0.6127695589282304, 'lag_11': 0.6081778981139554, 'lag_12': 0.8912253343842044, 'lag_13': 0.49902308104533954, 'lag_14': 0.6831953873011385, 'lag_15': 0.5774605934467635, 'lag_16': 0.29131391470600976, 'lag_17': 0.025758780045374408, 'lag_18': 0.49535756578785844, 'lag_19': 0.5969283623781845, 'lag_20': 0.4128737301073703, 'lag_21': 0.8545957866916798, 'lag_22': 0.8844115027575015, 'lag_23': 0.14383232137771776, 'lag_24': 0.07547116908104357, 'lag_25': 0.4726378788482766, 'lag_26': 0.1231668983144741, 'lag_27': 0.527180237037401, 'lag_28': 0.3845095020249776}. Best is trial 47 with value: 0.009452045785893207.
[I 2025-09-29 11:54:57,565] Trial 67 finished with value: 0.009848836241050409 and parameters: {'lag_0': 0.3658160322198965, 'lag_1': 0.5236061620739296, 'lag_2': 0.5681686860619694, 'lag_3': 0.3697402293980492, 'lag_4': 0.42535672152488113, 'lag_5': 0.7724619075636195, 'lag_6': 0.6736886599444503, 'lag_7': 0.14158039699647856, 'lag_8': 0.43349103279066803, 'lag_9': 0.46688949041914224, 'lag_10': 0.39424091103442604, 'lag_11': 0.7436682705457014, 'lag_12': 0.8428060284929048, 'lag_13': 0.2666462276132255, 'lag_14': 0.7498152719198503, 'lag_15': 0.8434136562413316, 'lag_16': 0.4247535811713018, 'lag_17': 0.5780768891434717, 'lag_18': 0.07556323602142889, 'lag_19': 0.5054542643540597, 'lag_20': 0.6188343040900096, 'lag_21': 0.539638062164424, 'lag_22': 0.5340364392844656, 'lag_23': 0.2914144954262712, 'lag_24': 0.1686216952214869, 'lag_25': 0.96842033179121, 'lag_26': 0.15299482616173438, 'lag_27': 0.9317156198723017, 'lag_28': 0.5529506268771718}. Best is trial 47 with value: 0.009452045785893207.
[I 2025-09-29 11:55:00,218] Trial 68 finished with value: 0.01013023117514921 and parameters: {'lag_0': 0.7295184597488712, 'lag_1': 0.354994743240991, 'lag_2': 0.8210727151773789, 'lag_3': 0.09519032097778651, 'lag_4': 0.6271720047604925, 'lag_5': 0.12991906998350666, 'lag_6': 0.8323503902177658, 'lag_7': 0.2547181452164026, 'lag_8': 0.8407732549495305, 'lag_9': 0.8629058278680681, 'lag_10': 0.5284499737933546, 'lag_11': 0.6892520722264857, 'lag_12': 0.8732945923456765, 'lag_13': 0.37443241867839366, 'lag_14': 0.6286806739866013, 'lag_15': 0.7230988946856105, 'lag_16': 0.47694459489178054, 'lag_17': 0.2953822033737248, 'lag_18': 0.4773227990158426, 'lag_19': 0.41369323035399863, 'lag_20': 0.5369804780429837, 'lag_21': 0.3290673716935255, 'lag_22': 0.07467876514616188, 'lag_23': 0.5183167479966734, 'lag_24': 0.037106788104766766, 'lag_25': 0.7363715377366546, 'lag_26': 0.07036240985100574, 'lag_27': 0.8041927599552482, 'lag_28': 0.29193943484134155}. Best is trial 47 with value: 0.009452045785893207.
[I 2025-09-29 11:55:02,835] Trial 69 finished with value: 0.009822159788591708 and parameters: {'lag_0': 0.5898110120896001, 'lag_1': 0.6143895979679386, 'lag_2': 0.7202846517150912, 'lag_3': 0.04462071639980651, 'lag_4': 0.534373680531689, 'lag_5': 0.9765635190834742, 'lag_6': 0.6227645602058053, 'lag_7': 0.031134674851909676, 'lag_8': 0.592346578017507, 'lag_9': 0.20503521598398902, 'lag_10': 0.4361475974739172, 'lag_11': 0.8692807370114265, 'lag_12': 0.6395518511289173, 'lag_13': 0.6158188021750282, 'lag_14': 0.7940305758182307, 'lag_15': 0.5354747794507161, 'lag_16': 0.38410077014539623, 'lag_17': 0.4182172661137907, 'lag_18': 0.31793972940582427, 'lag_19': 0.6377575757890115, 'lag_20': 0.03665007099202036, 'lag_21': 0.7203903941017099, 'lag_22': 0.9675269672873795, 'lag_23': 0.030524393312040043, 'lag_24': 0.2142865756232485, 'lag_25': 0.6131560853853809, 'lag_26': 0.24584657049571135, 'lag_27': 0.6699633347962056, 'lag_28': 0.21603671565504115}. Best is trial 47 with value: 0.009452045785893207.
[I 2025-09-29 11:55:05,570] Trial 70 finished with value: 0.009964060411768949 and parameters: {'lag_0': 0.32056950611122015, 'lag_1': 0.5122013149333144, 'lag_2': 0.873213522113348, 'lag_3': 0.30514304163880707, 'lag_4': 0.46892875297272507, 'lag_5': 0.6876008115398433, 'lag_6': 0.9620922017988118, 'lag_7': 0.07401577684589705, 'lag_8': 0.6426797982801635, 'lag_9': 0.9362065526438655, 'lag_10': 0.9202000691991697, 'lag_11': 0.31107043202753804, 'lag_12': 0.7763675688188018, 'lag_13': 0.8586498683684713, 'lag_14': 0.36582824148601684, 'lag_15': 0.640904351030336, 'lag_16': 0.6631994187461848, 'lag_17': 0.37728806496124767, 'lag_18': 0.41983728901704065, 'lag_19': 0.8042958371991, 'lag_20': 0.21725063364409453, 'lag_21': 0.988796576977409, 'lag_22': 0.9180273392921647, 'lag_23': 0.09956733140504458, 'lag_24': 0.13200047816314203, 'lag_25': 0.10286440277346437, 'lag_26': 0.811282107238553, 'lag_27': 0.8760116137321975, 'lag_28': 0.46082238061764447}. Best is trial 47 with value: 0.009452045785893207.
[I 2025-09-29 11:55:08,215] Trial 71 finished with value: 0.009927341745557643 and parameters: {'lag_0': 0.9907690353456664, 'lag_1': 0.23174468733774248, 'lag_2': 0.8398540222834311, 'lag_3': 0.22452650210690428, 'lag_4': 0.05654434315558604, 'lag_5': 0.7876092669584388, 'lag_6': 0.5627110632069375, 'lag_7': 0.47209580803211576, 'lag_8': 0.1713972948355295, 'lag_9': 0.15545078095466522, 'lag_10': 0.6813908024792925, 'lag_11': 0.9724541965692582, 'lag_12': 0.6959085647545614, 'lag_13': 0.7150339587312616, 'lag_14': 0.9089750620943384, 'lag_15': 0.511391383667377, 'lag_16': 0.22314963584558528, 'lag_17': 0.1427983940059292, 'lag_18': 0.2518020304440157, 'lag_19': 0.9665781440534376, 'lag_20': 0.7976949710843797, 'lag_21': 0.9307557636957462, 'lag_22': 0.5882308618483322, 'lag_23': 0.6112584333788973, 'lag_24': 0.847082261232051, 'lag_25': 0.10707741656631786, 'lag_26': 0.36892454610795955, 'lag_27': 0.32247037166793824, 'lag_28': 0.027130550120980784}. Best is trial 47 with value: 0.009452045785893207.
[I 2025-09-29 11:55:10,847] Trial 72 finished with value: 0.009904172838320208 and parameters: {'lag_0': 0.948151180892733, 'lag_1': 0.2898500781266933, 'lag_2': 0.9047339114611005, 'lag_3': 0.14645950733764668, 'lag_4': 0.029490032862020565, 'lag_5': 0.7437582099572569, 'lag_6': 0.35862475567288643, 'lag_7': 0.3870986615465301, 'lag_8': 0.474702183910649, 'lag_9': 0.12436781692314841, 'lag_10': 0.31361764985085827, 'lag_11': 0.9070038197542146, 'lag_12': 0.7196200477649566, 'lag_13': 0.7552438371855134, 'lag_14': 0.9965950389014238, 'lag_15': 0.667328326963044, 'lag_16': 0.32650261508440465, 'lag_17': 0.2502490648070383, 'lag_18': 0.952372633524674, 'lag_19': 0.8496949395796447, 'lag_20': 0.8986997592118664, 'lag_21': 0.8955346602416695, 'lag_22': 0.6265904107322353, 'lag_23': 0.7177375591748926, 'lag_24': 0.6950226744043535, 'lag_25': 0.2629712142024224, 'lag_26': 0.16985913705558023, 'lag_27': 0.4403308936298011, 'lag_28': 0.11328525234879483}. Best is trial 47 with value: 0.009452045785893207.
[I 2025-09-29 11:55:13,478] Trial 73 finished with value: 0.009983023788282603 and parameters: {'lag_0': 0.9047995486176145, 'lag_1': 0.41074953593339236, 'lag_2': 0.7908734383016622, 'lag_3': 0.1666013904590337, 'lag_4': 0.3106436434965821, 'lag_5': 0.6472213008310224, 'lag_6': 0.5211257748392478, 'lag_7': 0.3357259173770457, 'lag_8': 0.025566087841211782, 'lag_9': 0.04990322186747248, 'lag_10': 0.584062504713468, 'lag_11': 0.8356518070399077, 'lag_12': 0.5873660235290032, 'lag_13': 0.6783728693623371, 'lag_14': 0.8179548596981896, 'lag_15': 0.5992011729186736, 'lag_16': 0.15694443105003844, 'lag_17': 0.486670141364596, 'lag_18': 0.3597352510861754, 'lag_19': 0.7430914052895703, 'lag_20': 0.8697702114671079, 'lag_21': 0.9689514348702678, 'lag_22': 0.7353781251791452, 'lag_23': 0.5748604211605247, 'lag_24': 0.9450317693654965, 'lag_25': 0.5398947267923089, 'lag_26': 0.21630116575083155, 'lag_27': 0.05042167240905193, 'lag_28': 0.33352999545893786}. Best is trial 47 with value: 0.009452045785893207.
[I 2025-09-29 11:55:16,114] Trial 74 finished with value: 0.010205404573044871 and parameters: {'lag_0': 0.7784638811899594, 'lag_1': 0.4565561863948489, 'lag_2': 0.7493366485407407, 'lag_3': 0.09628331291708911, 'lag_4': 0.48763925924305734, 'lag_5': 0.8278261895223972, 'lag_6': 0.7363047609002393, 'lag_7': 0.4115704547594953, 'lag_8': 0.5189289485008425, 'lag_9': 0.36107969589878, 'lag_10': 0.642158249161152, 'lag_11': 0.9144519634780793, 'lag_12': 0.7396035271344114, 'lag_13': 0.5729654171811662, 'lag_14': 0.555019856670961, 'lag_15': 0.4728797620339117, 'lag_16': 0.08965986965801498, 'lag_17': 0.6705369396152933, 'lag_18': 0.5350430983983607, 'lag_19': 0.3468400430882762, 'lag_20': 0.17225472290800137, 'lag_21': 0.790805188850886, 'lag_22': 0.5478668307204468, 'lag_23': 0.6420635285834696, 'lag_24': 0.8078505119277378, 'lag_25': 0.4439685592092575, 'lag_26': 0.0989493054170858, 'lag_27': 0.20876788543453756, 'lag_28': 0.16395254038794227}. Best is trial 47 with value: 0.009452045785893207.
[I 2025-09-29 11:55:18,758] Trial 75 finished with value: 0.009667846773521763 and parameters: {'lag_0': 0.8705745598375781, 'lag_1': 0.3684067709910806, 'lag_2': 0.9767120870477011, 'lag_3': 0.4726555784464933, 'lag_4': 0.15384473299426846, 'lag_5': 0.6995546310658117, 'lag_6': 0.6945713397708425, 'lag_7': 0.957042895528404, 'lag_8': 0.23974539744983925, 'lag_9': 0.6567225118451405, 'lag_10': 0.531548058571522, 'lag_11': 0.7903879154925806, 'lag_12': 0.821482317029141, 'lag_13': 0.5304064112809093, 'lag_14': 0.9638757775072855, 'lag_15': 0.5725925068002496, 'lag_16': 0.25613623581900213, 'lag_17': 0.05873845543570508, 'lag_18': 0.9018315331112944, 'lag_19': 0.8880217353644535, 'lag_20': 0.7606443670017847, 'lag_21': 0.5878799963882433, 'lag_22': 0.49455568502705993, 'lag_23': 0.2403945875078247, 'lag_24': 0.7455524339731677, 'lag_25': 0.7885354843329843, 'lag_26': 0.0319415120377496, 'lag_27': 0.8454758355848158, 'lag_28': 0.06862771476395846}. Best is trial 47 with value: 0.009452045785893207.
[I 2025-09-29 11:55:21,375] Trial 76 finished with value: 0.009878834621812585 and parameters: {'lag_0': 0.29430039817894194, 'lag_1': 0.3551813322920989, 'lag_2': 0.9727992122419146, 'lag_3': 0.5476253995086138, 'lag_4': 0.16731057592522694, 'lag_5': 0.5883346349881556, 'lag_6': 0.8651646937865439, 'lag_7': 0.8754613152615338, 'lag_8': 0.5731987040553003, 'lag_9': 0.679537504474204, 'lag_10': 0.5363265914079762, 'lag_11': 0.7843198556178499, 'lag_12': 0.8172881461721383, 'lag_13': 0.5171896433250732, 'lag_14': 0.967238135691732, 'lag_15': 0.5710859228095772, 'lag_16': 0.250276755621321, 'lag_17': 0.05264774219850997, 'lag_18': 0.8998956196664492, 'lag_19': 0.9359118641219222, 'lag_20': 0.7731599216588683, 'lag_21': 0.5831383095300889, 'lag_22': 0.2462803972752866, 'lag_23': 0.23255510640892274, 'lag_24': 0.10268912721755363, 'lag_25': 0.872842556419042, 'lag_26': 0.03916989118904013, 'lag_27': 0.8448709130882629, 'lag_28': 0.09909908024459177}. Best is trial 47 with value: 0.009452045785893207.
[I 2025-09-29 11:55:23,997] Trial 77 finished with value: 0.009799457686380558 and parameters: {'lag_0': 0.824906666757395, 'lag_1': 0.5901773498111387, 'lag_2': 0.9139089506005772, 'lag_3': 0.46382381939051454, 'lag_4': 0.13168053204001812, 'lag_5': 0.6999872513671793, 'lag_6': 0.784500005628629, 'lag_7': 0.9867862036637329, 'lag_8': 0.605838161030742, 'lag_9': 0.7968426281036369, 'lag_10': 0.7163064971976414, 'lag_11': 0.7351910419314663, 'lag_12': 0.920992172955616, 'lag_13': 0.5367211134645896, 'lag_14': 0.20283430733804017, 'lag_15': 0.759896586132658, 'lag_16': 0.20323149900836698, 'lag_17': 0.08801907166149936, 'lag_18': 0.847644690826288, 'lag_19': 0.32392690975524263, 'lag_20': 0.993895293658835, 'lag_21': 0.5198546284152057, 'lag_22': 0.6799707834457333, 'lag_23': 0.1650108738449588, 'lag_24': 0.5992772974786486, 'lag_25': 0.7910445007692861, 'lag_26': 0.02504354003117336, 'lag_27': 0.9205205025743084, 'lag_28': 0.20344703438874917}. Best is trial 47 with value: 0.009452045785893207.
[I 2025-09-29 11:55:26,637] Trial 78 finished with value: 0.010132318168850556 and parameters: {'lag_0': 0.8697825295981158, 'lag_1': 0.4786755937675682, 'lag_2': 0.9289523273767752, 'lag_3': 0.4598088693018771, 'lag_4': 0.0036713225716088482, 'lag_5': 0.7008011149195276, 'lag_6': 0.8076918979644658, 'lag_7': 0.9935441944483571, 'lag_8': 0.24808329649746216, 'lag_9': 0.801283070187915, 'lag_10': 0.7273197814031976, 'lag_11': 0.7935755873526043, 'lag_12': 0.9116072565067711, 'lag_13': 0.6213302990813478, 'lag_14': 0.2099228871444769, 'lag_15': 0.7650039772019405, 'lag_16': 0.19495818094594888, 'lag_17': 0.08628342435512466, 'lag_18': 0.8651786235799928, 'lag_19': 0.28193705948649156, 'lag_20': 0.9502757311666165, 'lag_21': 0.6217310188012738, 'lag_22': 0.6623334670051572, 'lag_23': 0.06078304529756677, 'lag_24': 0.5844247894409771, 'lag_25': 0.8047087373572921, 'lag_26': 0.02200588207763722, 'lag_27': 0.9719343523569565, 'lag_28': 0.07546427425961805}. Best is trial 47 with value: 0.009452045785893207.
[I 2025-09-29 11:55:29,277] Trial 79 finished with value: 0.009573316891121314 and parameters: {'lag_0': 0.8286589040661995, 'lag_1': 0.43295467108374974, 'lag_2': 0.9919483317142905, 'lag_3': 0.47348535256113156, 'lag_4': 0.10166571893969507, 'lag_5': 0.6502450458773512, 'lag_6': 0.6875045363680531, 'lag_7': 0.9391047994603471, 'lag_8': 0.60847786193809, 'lag_9': 0.7371185099339272, 'lag_10': 0.19114908435556133, 'lag_11': 0.7342123507428662, 'lag_12': 0.87613286675969, 'lag_13': 0.45386566535698547, 'lag_14': 0.1830291948493829, 'lag_15': 0.5386670062918228, 'lag_16': 0.037541229348152114, 'lag_17': 0.013671589146739284, 'lag_18': 0.9295992021167114, 'lag_19': 0.4657576633605746, 'lag_20': 0.74861331212821, 'lag_21': 0.47595827724419737, 'lag_22': 0.7902298814193618, 'lag_23': 0.16301692653344058, 'lag_24': 0.6541271140831217, 'lag_25': 0.7876352329027532, 'lag_26': 0.072042243110742, 'lag_27': 0.9063060859773983, 'lag_28': 0.1904759697137039}. Best is trial 47 with value: 0.009452045785893207.
[I 2025-09-29 11:55:31,898] Trial 80 finished with value: 0.01000940369228581 and parameters: {'lag_0': 0.9272553718447124, 'lag_1': 0.37803334789927534, 'lag_2': 0.9593853558465995, 'lag_3': 0.4201915700294754, 'lag_4': 0.05614308918014388, 'lag_5': 0.546699345094545, 'lag_6': 0.6948534364255147, 'lag_7': 0.8736191339850383, 'lag_8': 0.35831383884507245, 'lag_9': 0.7168748821819827, 'lag_10': 0.22296953005424341, 'lag_11': 0.7075765603261114, 'lag_12': 0.7981789924993664, 'lag_13': 0.41490405034712274, 'lag_14': 0.12380448263241933, 'lag_15': 0.35266345285209416, 'lag_16': 0.03041563184866225, 'lag_17': 0.023933816519002844, 'lag_18': 0.973287360559377, 'lag_19': 0.48170671769677975, 'lag_20': 0.73996318202423, 'lag_21': 0.48269874392930584, 'lag_22': 0.7804198770412738, 'lag_23': 0.25987080725847334, 'lag_24': 0.7559109851316455, 'lag_25': 0.7212021131808348, 'lag_26': 0.07445617898425357, 'lag_27': 0.8738700457533548, 'lag_28': 0.5132295676276717}. Best is trial 47 with value: 0.009452045785893207.
[I 2025-09-29 11:55:34,530] Trial 81 finished with value: 0.010085064798306545 and parameters: {'lag_0': 0.8127456074357131, 'lag_1': 0.5670611649009912, 'lag_2': 0.925301300348273, 'lag_3': 0.473466460327623, 'lag_4': 0.1225091494027559, 'lag_5': 0.6509045226546318, 'lag_6': 0.6539708584176008, 'lag_7': 0.9441316663008144, 'lag_8': 0.5357417305370189, 'lag_9': 0.7442004531102614, 'lag_10': 0.08110931696161405, 'lag_11': 0.733630570268783, 'lag_12': 0.8688941285563657, 'lag_13': 0.44982678178441504, 'lag_14': 0.25822929407385187, 'lag_15': 0.52829667718902, 'lag_16': 0.06832947442295115, 'lag_17': 0.06284302368574061, 'lag_18': 0.9396057001748008, 'lag_19': 0.31706242082841735, 'lag_20': 0.8355779516204898, 'lag_21': 0.665428604179933, 'lag_22': 0.8626519959169087, 'lag_23': 0.16365708125026474, 'lag_24': 0.6338105092828782, 'lag_25': 0.922854766192869, 'lag_26': 0.026107534647592086, 'lag_27': 0.9310608763435875, 'lag_28': 0.2010858245909038}. Best is trial 47 with value: 0.009452045785893207.
[I 2025-09-29 11:55:37,170] Trial 82 finished with value: 0.009977378935724007 and parameters: {'lag_0': 0.8336573135734752, 'lag_1': 0.5349705520310359, 'lag_2': 0.9994434643810054, 'lag_3': 0.3920448448689339, 'lag_4': 0.13853476803783007, 'lag_5': 0.7485175057146601, 'lag_6': 0.7781047742429024, 'lag_7': 0.9143138437270817, 'lag_8': 0.6124457553337915, 'lag_9': 0.8269449634482169, 'lag_10': 0.14107701451325227, 'lag_11': 0.6490426423707832, 'lag_12': 0.8420585502463701, 'lag_13': 0.543281856946872, 'lag_14': 0.17738113768605057, 'lag_15': 0.4988761073050238, 'lag_16': 0.13123915426719768, 'lag_17': 0.00386836937665787, 'lag_18': 0.8591851167837137, 'lag_19': 0.4365743109825238, 'lag_20': 0.6503416838131958, 'lag_21': 0.526524476403212, 'lag_22': 0.7565208087967219, 'lag_23': 0.20750116422437945, 'lag_24': 0.6633443796342536, 'lag_25': 0.7940118806981741, 'lag_26': 0.06273750943996093, 'lag_27': 0.9242701705463404, 'lag_28': 0.056629978747316984}. Best is trial 47 with value: 0.009452045785893207.
