[I 2025-09-29 13:21:26,358] Trial 82 finished with value: 0.0057469213065536795 and parameters: {'lag_0': 0.2020847232117964, 'lag_1': 0.2602583443367583, 'lag_2': 0.05645519498263232, 'lag_3': 0.7084225348049772, 'lag_4': 0.1779146377088751, 'lag_5': 0.8509310295037784, 'lag_6': 0.6504243412873579, 'lag_7': 0.42159394497561964, 'lag_8': 0.3847164536119671, 'lag_9': 0.9450848328724523, 'lag_10': 0.05164265683770128, 'lag_11': 0.16156063039665314, 'lag_12': 0.49309145338550525, 'lag_13': 0.0298199052363976, 'lag_14': 0.46783486782509853, 'lag_15': 0.024794228380910485, 'lag_16': 0.008834116973991113, 'lag_17': 0.11762067077792489, 'lag_18': 0.517375327496843, 'lag_19': 0.467480999581365, 'lag_20': 0.9500304850547417, 'lag_21': 0.29863141788975, 'lag_22': 0.09619364273110269, 'lag_23': 0.4944506757109927, 'lag_24': 0.11678640955231938, 'lag_25': 0.33785413842119155, 'lag_26': 0.47008002407794774, 'lag_27': 0.25915569566133145, 'lag_28': 0.8310772574219024}. Best is trial 66 with value: 0.004828891034826467.
[I 2025-09-29 13:21:28,856] Trial 83 finished with value: 0.006489151538424037 and parameters: {'lag_0': 0.35076273735782615, 'lag_1': 0.3167253879817492, 'lag_2': 0.17115837301620968, 'lag_3': 0.5782147670208965, 'lag_4': 0.6330779271160706, 'lag_5': 0.7938443838075705, 'lag_6': 0.7073844545440395, 'lag_7': 0.3768865882975842, 'lag_8': 0.4511102482981486, 'lag_9': 0.8210711441642841, 'lag_10': 0.09718763648430213, 'lag_11': 0.36114475389385325, 'lag_12': 0.31791240485865596, 'lag_13': 0.001350171502453635, 'lag_14': 0.5699903448558182, 'lag_15': 0.16727239816147266, 'lag_16': 0.12001563693571443, 'lag_17': 0.6705197408385831, 'lag_18': 0.4665592999551688, 'lag_19': 0.5151385990144437, 'lag_20': 0.07960086494970468, 'lag_21': 0.4147334073580042, 'lag_22': 0.04000477283147979, 'lag_23': 0.8547730006769622, 'lag_24': 0.037029127835171136, 'lag_25': 0.4597058661410621, 'lag_26': 0.36878756554238556, 'lag_27': 0.4428166611732544, 'lag_28': 0.7756262878160434}. Best is trial 66 with value: 0.004828891034826467.
[I 2025-09-29 13:21:31,364] Trial 84 finished with value: 0.006098561893012217 and parameters: {'lag_0': 0.2754916668993457, 'lag_1': 0.4987306202215105, 'lag_2': 0.10189822618288523, 'lag_3': 0.5059973609126451, 'lag_4': 0.44552755896867724, 'lag_5': 0.46723838495444225, 'lag_6': 0.6039577674008199, 'lag_7': 0.13171310833332706, 'lag_8': 0.35277716761467753, 'lag_9': 0.7150517883190595, 'lag_10': 0.23607486213872497, 'lag_11': 0.42721215370839977, 'lag_12': 0.6156986404850856, 'lag_13': 0.07148835881077399, 'lag_14': 0.6193769250046074, 'lag_15': 0.0375570284443826, 'lag_16': 0.9755542627368248, 'lag_17': 0.6085202523276799, 'lag_18': 0.3735339080350495, 'lag_19': 0.5013274046155433, 'lag_20': 0.24348439861835108, 'lag_21': 0.3648518184397501, 'lag_22': 0.06152314779635888, 'lag_23': 0.6368175540258705, 'lag_24': 0.23107934529370708, 'lag_25': 0.8432292650826176, 'lag_26': 0.6445418328049097, 'lag_27': 0.18302292890774602, 'lag_28': 0.8107648566981058}. Best is trial 66 with value: 0.004828891034826467.
[I 2025-09-29 13:21:33,871] Trial 85 finished with value: 0.006702838677106476 and parameters: {'lag_0': 0.23512712364872818, 'lag_1': 0.4034916359704489, 'lag_2': 0.04888970803497729, 'lag_3': 0.8313903822865489, 'lag_4': 0.21409559455776148, 'lag_5': 0.3842299664878613, 'lag_6': 0.810643370094726, 'lag_7': 0.9650867057628711, 'lag_8': 0.28739881816638013, 'lag_9': 0.890274902000586, 'lag_10': 0.16454084434189686, 'lag_11': 0.25042979146441974, 'lag_12': 0.4718815113136111, 'lag_13': 0.15361595201642547, 'lag_14': 0.40169646562498473, 'lag_15': 0.1305399995318537, 'lag_16': 0.2587330833165363, 'lag_17': 0.1527471474959365, 'lag_18': 0.5859946142254286, 'lag_19': 0.3170104528259808, 'lag_20': 0.19275990416602945, 'lag_21': 0.5504324755157267, 'lag_22': 0.26097332561341485, 'lag_23': 0.5165017209466279, 'lag_24': 0.1909802237809718, 'lag_25': 0.3972745369925395, 'lag_26': 0.5134725574324827, 'lag_27': 0.008102476261425323, 'lag_28': 0.8598797297526302}. Best is trial 66 with value: 0.004828891034826467.
[I 2025-09-29 13:21:36,380] Trial 86 finished with value: 0.006706638646597293 and parameters: {'lag_0': 0.3996054663997567, 'lag_1': 0.35697333947362636, 'lag_2': 0.6123742238406468, 'lag_3': 0.638405665163217, 'lag_4': 0.12495914286814189, 'lag_5': 0.5910309537015173, 'lag_6': 0.5723684708724105, 'lag_7': 0.4568574059732935, 'lag_8': 0.412791689793907, 'lag_9': 0.9652383675832604, 'lag_10': 0.3366844762389087, 'lag_11': 0.3359539056644917, 'lag_12': 0.9650299382128403, 'lag_13': 0.12111556819325839, 'lag_14': 0.5163266658325337, 'lag_15': 0.054374573079725694, 'lag_16': 0.9141813703689751, 'lag_17': 0.9644302372033523, 'lag_18': 0.6500079384124003, 'lag_19': 0.401139757938984, 'lag_20': 0.34382108878946155, 'lag_21': 0.23668067831001355, 'lag_22': 0.1478899533901185, 'lag_23': 0.3979658380691926, 'lag_24': 0.26604344040865674, 'lag_25': 0.22874117301008112, 'lag_26': 0.3169275003163281, 'lag_27': 0.09396200508195404, 'lag_28': 0.7085894428815788}. Best is trial 66 with value: 0.004828891034826467.
[I 2025-09-29 13:21:38,888] Trial 87 finished with value: 0.006765145502473873 and parameters: {'lag_0': 0.16266351398786363, 'lag_1': 0.44298470413080915, 'lag_2': 0.12793126287839376, 'lag_3': 0.41821940403530566, 'lag_4': 0.2731410752124848, 'lag_5': 0.8756096413930503, 'lag_6': 0.6742780631868117, 'lag_7': 0.09906006673421211, 'lag_8': 0.32233800361386783, 'lag_9': 0.357141905607113, 'lag_10': 0.4713211474693497, 'lag_11': 0.9534644622785954, 'lag_12': 0.43402855050515465, 'lag_13': 0.053686453327948774, 'lag_14': 0.7939920093586891, 'lag_15': 0.08935917377088487, 'lag_16': 0.2978258585529696, 'lag_17': 0.4904884219728423, 'lag_18': 0.7164268873763966, 'lag_19': 0.41945013064807485, 'lag_20': 0.14277568170499083, 'lag_21': 0.681186079640361, 'lag_22': 0.40309325943842655, 'lag_23': 0.2748147042444804, 'lag_24': 0.31487139492359717, 'lag_25': 0.2666020804773258, 'lag_26': 0.4443824221016777, 'lag_27': 0.37647786248631765, 'lag_28': 0.7578747526716898}. Best is trial 66 with value: 0.004828891034826467.
[I 2025-09-29 13:21:41,399] Trial 88 finished with value: 0.007098536213830187 and parameters: {'lag_0': 0.2977590230527092, 'lag_1': 0.2917951881234862, 'lag_2': 0.019779421122392046, 'lag_3': 0.46320593320741277, 'lag_4': 0.5502888067103234, 'lag_5': 0.9848898835567328, 'lag_6': 0.7768585684125628, 'lag_7': 0.18330694863554947, 'lag_8': 0.21285591020322406, 'lag_9': 0.8422618966582516, 'lag_10': 0.28812974805855324, 'lag_11': 0.2842939510635487, 'lag_12': 0.7386968323868347, 'lag_13': 0.7961152487074064, 'lag_14': 0.6511848327305293, 'lag_15': 0.3901106699380425, 'lag_16': 0.13097918451859927, 'lag_17': 0.5517070965960449, 'lag_18': 0.5306809779019217, 'lag_19': 0.5542986899972493, 'lag_20': 0.5403056199910244, 'lag_21': 0.4525846993760904, 'lag_22': 0.21472134910539958, 'lag_23': 0.6119979833924312, 'lag_24': 0.07967572782188942, 'lag_25': 0.6006660086221698, 'lag_26': 0.47972512082146546, 'lag_27': 0.23084314376016107, 'lag_28': 0.22416153348745282}. Best is trial 66 with value: 0.004828891034826467.
[I 2025-09-29 13:21:43,906] Trial 89 finished with value: 0.006206980492567323 and parameters: {'lag_0': 0.4421126418076535, 'lag_1': 0.6055160543314317, 'lag_2': 0.08108891616897348, 'lag_3': 0.6000596645603045, 'lag_4': 0.3330811530099666, 'lag_5': 0.19274299555268726, 'lag_6': 0.8573778973128338, 'lag_7': 0.5877863612687304, 'lag_8': 0.9060653871509461, 'lag_9': 0.44748493876910445, 'lag_10': 0.17913195270139814, 'lag_11': 0.22434516180537156, 'lag_12': 0.8275517041027389, 'lag_13': 0.07813020734500953, 'lag_14': 0.7090647224698592, 'lag_15': 0.23360509882638728, 'lag_16': 0.04613157160890355, 'lag_17': 0.7044665569630164, 'lag_18': 0.473561805038914, 'lag_19': 0.3789228063510063, 'lag_20': 0.3982754926430571, 'lag_21': 0.2679645408524053, 'lag_22': 0.18188202775692847, 'lag_23': 0.9733241661497656, 'lag_24': 0.1335621109981139, 'lag_25': 0.12153164760777682, 'lag_26': 0.15538152822924517, 'lag_27': 0.1565973083154952, 'lag_28': 0.6715520439014888}. Best is trial 66 with value: 0.004828891034826467.
[I 2025-09-29 13:21:46,417] Trial 90 finished with value: 0.007128761612476405 and parameters: {'lag_0': 0.5748090302739125, 'lag_1': 0.226245032168004, 'lag_2': 0.31593786793319684, 'lag_3': 0.3839136260886918, 'lag_4': 0.15958079707199252, 'lag_5': 0.5272849746802482, 'lag_6': 0.7517834563370396, 'lag_7': 0.9004052313323908, 'lag_8': 0.5270995225206407, 'lag_9': 0.563753929357382, 'lag_10': 0.38165232551201134, 'lag_11': 0.7567778267533228, 'lag_12': 0.3818050719273381, 'lag_13': 0.09398705886217917, 'lag_14': 0.9069712947413215, 'lag_15': 0.7068733131202063, 'lag_16': 0.2104114585206175, 'lag_17': 0.07519666107996223, 'lag_18': 0.42036981968575104, 'lag_19': 0.28017573728357154, 'lag_20': 0.8225283405076297, 'lag_21': 0.5159723699052734, 'lag_22': 0.10770305542907188, 'lag_23': 0.6624022814950397, 'lag_24': 0.4793748897628324, 'lag_25': 0.6524992274618961, 'lag_26': 0.27392054104361874, 'lag_27': 0.49128501177944506, 'lag_28': 0.017372312903686626}. Best is trial 66 with value: 0.004828891034826467.
[I 2025-09-29 13:21:49,044] Trial 91 finished with value: 0.005710351599434565 and parameters: {'lag_0': 0.06926687554181196, 'lag_1': 0.20532223630560648, 'lag_2': 0.03353389632394551, 'lag_3': 0.5177878982943971, 'lag_4': 0.38309562290224947, 'lag_5': 0.8388747752774429, 'lag_6': 0.6945803696434794, 'lag_7': 0.4391569816047878, 'lag_8': 0.22910261353991476, 'lag_9': 0.5845944467498938, 'lag_10': 0.26263275195390695, 'lag_11': 0.49478536946026125, 'lag_12': 0.7797036347596942, 'lag_13': 0.19012770626949116, 'lag_14': 0.21542072152679348, 'lag_15': 0.7730963555104605, 'lag_16': 0.47542458986954045, 'lag_17': 0.6505274992153688, 'lag_18': 0.022858314279003603, 'lag_19': 0.3467639339484572, 'lag_20': 0.3151856043697961, 'lag_21': 0.11687857911324456, 'lag_22': 0.3499397910321969, 'lag_23': 0.9049645764348542, 'lag_24': 0.9345215959784529, 'lag_25': 0.7614720343019121, 'lag_26': 0.5844966596151857, 'lag_27': 0.8750532031246326, 'lag_28': 0.723029953527413}. Best is trial 66 with value: 0.004828891034826467.
[I 2025-09-29 13:21:51,561] Trial 92 finished with value: 0.005980285569656909 and parameters: {'lag_0': 0.3726929935870223, 'lag_1': 0.4008619284049446, 'lag_2': 0.06092402367340666, 'lag_3': 0.5793489385241278, 'lag_4': 0.2974275436804492, 'lag_5': 0.8871599211748722, 'lag_6': 0.6490923130607122, 'lag_7': 0.5158000882305307, 'lag_8': 0.035192883085767346, 'lag_9': 0.5115267519833931, 'lag_10': 0.22105649348774611, 'lag_11': 0.3942357608503152, 'lag_12': 0.19755976836135475, 'lag_13': 0.36368943532268444, 'lag_14': 0.6838247094037804, 'lag_15': 0.0014395738363215073, 'lag_16': 0.2757387184166615, 'lag_17': 0.6930168935554004, 'lag_18': 0.07429015292205354, 'lag_19': 0.24280671857252226, 'lag_20': 0.44296314386908997, 'lag_21': 0.19464215164999873, 'lag_22': 0.06928042736102423, 'lag_23': 0.8196255588265946, 'lag_24': 0.8431657232861832, 'lag_25': 0.07687059068563742, 'lag_26': 0.534647525968221, 'lag_27': 0.9691810547778222, 'lag_28': 0.4419622617992527}. Best is trial 66 with value: 0.004828891034826467.
[I 2025-09-29 13:21:54,072] Trial 93 finished with value: 0.0059830178499710104 and parameters: {'lag_0': 0.6290249210931161, 'lag_1': 0.5511441111723465, 'lag_2': 0.1098218410065338, 'lag_3': 0.554356836815116, 'lag_4': 0.35349854715060597, 'lag_5': 0.7717231065664922, 'lag_6': 0.7282202031249339, 'lag_7': 0.3946411884915456, 'lag_8': 0.9971519224767483, 'lag_9': 0.8627072462533493, 'lag_10': 0.3423734539474563, 'lag_11': 0.6402032064037055, 'lag_12': 0.283613875794425, 'lag_13': 0.0333722136173983, 'lag_14': 0.9594127215102004, 'lag_15': 0.9438005613224424, 'lag_16': 0.4187914458482417, 'lag_17': 0.7749882556375826, 'lag_18': 0.10352775644351547, 'lag_19': 0.3076986387227079, 'lag_20': 0.3860689047902284, 'lag_21': 0.5885564993470302, 'lag_22': 0.006304359958891045, 'lag_23': 0.770432850957967, 'lag_24': 0.2770799969898793, 'lag_25': 0.18505830031748433, 'lag_26': 0.40326305549311225, 'lag_27': 0.41652256549298655, 'lag_28': 0.6147956699385959}. Best is trial 66 with value: 0.004828891034826467.
[I 2025-09-29 13:21:56,595] Trial 94 finished with value: 0.006301024054174304 and parameters: {'lag_0': 0.2509429928449776, 'lag_1': 0.09293142502567664, 'lag_2': 0.00011110121445631616, 'lag_3': 0.48388812361316624, 'lag_4': 0.24945137269792111, 'lag_5': 0.9575339554116313, 'lag_6': 0.6164723213049746, 'lag_7': 0.4749117410196354, 'lag_8': 0.2706980658075854, 'lag_9': 0.4263819493689397, 'lag_10': 0.021029766040617806, 'lag_11': 0.6966348346994878, 'lag_12': 0.5175212167738023, 'lag_13': 0.13577604691185563, 'lag_14': 0.08003477102922224, 'lag_15': 0.2721872050683024, 'lag_16': 0.34746718399197984, 'lag_17': 0.8182134147167732, 'lag_18': 0.05068903312584043, 'lag_19': 0.16880269751648608, 'lag_20': 0.5677472945483024, 'lag_21': 0.3228772656423095, 'lag_22': 0.47381508880564127, 'lag_23': 0.5741087702009776, 'lag_24': 0.7746908322501369, 'lag_25': 0.22074735998709802, 'lag_26': 0.5087318564226853, 'lag_27': 0.31714292621286644, 'lag_28': 0.497677371771557}. Best is trial 66 with value: 0.004828891034826467.
[I 2025-09-29 13:21:59,121] Trial 95 finished with value: 0.005981471804120236 and parameters: {'lag_0': 0.34112337589234454, 'lag_1': 0.6731106065174003, 'lag_2': 0.13617999233379038, 'lag_3': 0.65575326037705, 'lag_4': 0.2373038853362814, 'lag_5': 0.6698343740509515, 'lag_6': 0.9807171877293182, 'lag_7': 0.31160888748668436, 'lag_8': 0.35451076549660604, 'lag_9': 0.6162514853677762, 'lag_10': 0.6928472285771861, 'lag_11': 0.43760396482658237, 'lag_12': 0.8876509667070173, 'lag_13': 0.1717337620851534, 'lag_14': 0.8168381648893439, 'lag_15': 0.9861916689149874, 'lag_16': 0.3894709068549455, 'lag_17': 0.7325562339178733, 'lag_18': 0.7764009040317004, 'lag_19': 0.4442933786126313, 'lag_20': 0.2927005916806935, 'lag_21': 0.1561621577754493, 'lag_22': 0.3276229158164643, 'lag_23': 0.7007506059890883, 'lag_24': 0.8804632658081258, 'lag_25': 0.3705500956704899, 'lag_26': 0.5626583494169274, 'lag_27': 0.06722163571533761, 'lag_28': 0.5735918144387588}. Best is trial 66 with value: 0.004828891034826467.
[I 2025-09-29 13:22:01,653] Trial 96 finished with value: 0.0070171638353185755 and parameters: {'lag_0': 0.537658077390737, 'lag_1': 0.13760589650881527, 'lag_2': 0.1877439334922703, 'lag_3': 0.33452767956306684, 'lag_4': 0.19145081997316804, 'lag_5': 0.9142985272254314, 'lag_6': 0.5521066078226246, 'lag_7': 0.5583206464485075, 'lag_8': 0.18467098353602068, 'lag_9': 0.5518196749895988, 'lag_10': 0.08253329344900467, 'lag_11': 0.8833574532457651, 'lag_12': 0.6729382002831992, 'lag_13': 0.046716812947190045, 'lag_14': 0.583567274635158, 'lag_15': 0.8403700431935893, 'lag_16': 0.5772530779909811, 'lag_17': 0.29883056644383615, 'lag_18': 0.12455950288580403, 'lag_19': 0.5989543909507116, 'lag_20': 0.3730542126266938, 'lag_21': 0.12819081831077545, 'lag_22': 0.28083159762186655, 'lag_23': 0.9427017520489522, 'lag_24': 0.20626942557410055, 'lag_25': 0.4902801788944893, 'lag_26': 0.9911165328441591, 'lag_27': 0.565668591365421, 'lag_28': 0.3087816923707114}. Best is trial 66 with value: 0.004828891034826467.
[I 2025-09-29 13:22:04,178] Trial 97 finished with value: 0.00531871159843609 and parameters: {'lag_0': 0.18034914406151903, 'lag_1': 0.17901157212614394, 'lag_2': 0.09108978052918333, 'lag_3': 0.6849658041813032, 'lag_4': 0.13796095652033963, 'lag_5': 0.8647555251029914, 'lag_6': 0.9477260656276891, 'lag_7': 0.3632352383324573, 'lag_8': 0.055819727924250696, 'lag_9': 0.7298814791722917, 'lag_10': 0.5588672445732826, 'lag_11': 0.3179913770242221, 'lag_12': 0.6014053618569914, 'lag_13': 0.1069661788324285, 'lag_14': 0.765707150533697, 'lag_15': 0.6380512088228907, 'lag_16': 0.6648626419261868, 'lag_17': 0.24454955035175185, 'lag_18': 0.024442000152379857, 'lag_19': 0.46975206551434534, 'lag_20': 0.5041309056767451, 'lag_21': 0.24999117760434209, 'lag_22': 0.4008268789874744, 'lag_23': 0.46793383094789215, 'lag_24': 0.6921628018746604, 'lag_25': 0.2024237720664955, 'lag_26': 0.34894946779106123, 'lag_27': 0.5448747499640918, 'lag_28': 0.21556838402025819}. Best is trial 66 with value: 0.004828891034826467.
[I 2025-09-29 13:22:06,698] Trial 98 finished with value: 0.005776315779173948 and parameters: {'lag_0': 0.17072801093987233, 'lag_1': 0.17457537055473235, 'lag_2': 0.09210245937350173, 'lag_3': 0.727184425922366, 'lag_4': 0.08047850760232532, 'lag_5': 0.8197383594798151, 'lag_6': 0.9536976331730441, 'lag_7': 0.2692887637978588, 'lag_8': 0.06635022608114413, 'lag_9': 0.7259261066589366, 'lag_10': 0.2508951071272444, 'lag_11': 0.3292510604505805, 'lag_12': 0.5822204452171882, 'lag_13': 0.49329143115050583, 'lag_14': 0.7716787368772712, 'lag_15': 0.5602300587894831, 'lag_16': 0.7610237490915909, 'lag_17': 0.35354722848079245, 'lag_18': 0.007804885128181299, 'lag_19': 0.4785744182553689, 'lag_20': 0.6972101823083462, 'lag_21': 0.24991482338393095, 'lag_22': 0.3722203988228823, 'lag_23': 0.4520457199720725, 'lag_24': 0.626747358039081, 'lag_25': 0.4334760465922337, 'lag_26': 0.33358619161417746, 'lag_27': 0.586554816007178, 'lag_28': 0.2475368951988512}. Best is trial 66 with value: 0.004828891034826467.
[I 2025-09-29 13:22:09,221] Trial 99 finished with value: 0.006706508510146052 and parameters: {'lag_0': 0.19231558424217912, 'lag_1': 0.310402593554093, 'lag_2': 0.17551688203075771, 'lag_3': 0.6778198874154356, 'lag_4': 0.044689707497345216, 'lag_5': 0.7407864928905468, 'lag_6': 0.9139626397855188, 'lag_7': 0.3511002704150754, 'lag_8': 0.12861272261678547, 'lag_9': 0.8119615823458285, 'lag_10': 0.5313517843493957, 'lag_11': 0.3170701530156764, 'lag_12': 0.6604003668801313, 'lag_13': 0.10235519108135854, 'lag_14': 0.73864847371029, 'lag_15': 0.6707646126609803, 'lag_16': 0.6702830856525542, 'lag_17': 0.23895986608186937, 'lag_18': 0.23882671834061167, 'lag_19': 0.5356951526354645, 'lag_20': 0.030801625653374617, 'lag_21': 0.30241840977972023, 'lag_22': 0.4132809968984117, 'lag_23': 0.5356147703015627, 'lag_24': 0.24527464801727553, 'lag_25': 0.1642153336034819, 'lag_26': 0.3887206351556837, 'lag_27': 0.5347147222687524, 'lag_28': 0.18182891608710006}. Best is trial 66 with value: 0.004828891034826467.
[I 2025-09-29 13:22:09,294] A new study created in memory with name: no-name-7d1cad80-eda2-43ca-a6aa-7b924d645cf3
[I 2025-09-29 13:22:11,740] Trial 0 finished with value: 0.0045387802767891255 and parameters: {'lag_0': 0.12086274274858332, 'lag_1': 0.20263489713714525, 'lag_2': 0.16503390079775884, 'lag_3': 0.33069029150328877, 'lag_4': 0.7812564628747825, 'lag_5': 0.5510890428954077, 'lag_6': 0.9656280993514752, 'lag_7': 0.4705006033290702, 'lag_8': 0.3723067283463404, 'lag_9': 0.5476503225762952, 'lag_10': 0.05693746973526216, 'lag_11': 0.06974653398607009, 'lag_12': 0.2704542824378369, 'lag_13': 0.46801310045097927, 'lag_14': 0.8623952630538944, 'lag_15': 0.5567091262808112, 'lag_16': 0.2835065538758166, 'lag_17': 0.4230553254524063, 'lag_18': 0.03736617111040639, 'lag_19': 0.2768404144737976, 'lag_20': 0.5788714266626214, 'lag_21': 0.6659355210966016, 'lag_22': 0.14928345895514838, 'lag_23': 0.0025787944275560944, 'lag_24': 0.6078505502640266, 'lag_25': 0.21201378813303226, 'lag_26': 0.21734906267732432, 'lag_27': 0.358473755989974, 'lag_28': 0.2001375441920237}. Best is trial 0 with value: 0.0045387802767891255.
[I 2025-09-29 13:22:14,179] Trial 1 finished with value: 0.004841097877487479 and parameters: {'lag_0': 0.23177858421333855, 'lag_1': 0.9979132654386919, 'lag_2': 0.61961995432067, 'lag_3': 0.771891174373351, 'lag_4': 0.019163508755591203, 'lag_5': 0.9878577588192498, 'lag_6': 0.25553905007544947, 'lag_7': 0.329986906291585, 'lag_8': 0.7705324185504806, 'lag_9': 0.3167031693567972, 'lag_10': 0.24002416881004013, 'lag_11': 0.6855548173236384, 'lag_12': 0.7761065093609394, 'lag_13': 0.8639702359086308, 'lag_14': 0.26525575019616754, 'lag_15': 0.4955651015940772, 'lag_16': 0.5876491348270608, 'lag_17': 0.8953875134850502, 'lag_18': 0.41275941016998874, 'lag_19': 0.1403358066270063, 'lag_20': 0.7526612349847547, 'lag_21': 0.048729906116915404, 'lag_22': 0.055309011809276144, 'lag_23': 0.19675327609245763, 'lag_24': 0.0012899030410565414, 'lag_25': 0.6179588690595171, 'lag_26': 0.49182895123533893, 'lag_27': 0.7893037701678477, 'lag_28': 0.14791420033215494}. Best is trial 0 with value: 0.0045387802767891255.
[I 2025-09-29 13:22:16,615] Trial 2 finished with value: 0.004893420971321323 and parameters: {'lag_0': 0.23909356850617938, 'lag_1': 0.5641931936861343, 'lag_2': 0.5589297397925338, 'lag_3': 0.06985082985790982, 'lag_4': 0.28815774264062927, 'lag_5': 0.420979975384263, 'lag_6': 0.508380098107391, 'lag_7': 0.301137190104408, 'lag_8': 0.9315713960918677, 'lag_9': 0.4237625220788161, 'lag_10': 0.9557539440069521, 'lag_11': 0.4392888955706171, 'lag_12': 0.19244424523590278, 'lag_13': 0.16294761358889503, 'lag_14': 0.23664279695961532, 'lag_15': 0.8331337508779724, 'lag_16': 0.48456429299819903, 'lag_17': 0.9280352270994475, 'lag_18': 0.16863889660560616, 'lag_19': 0.7240767085120602, 'lag_20': 0.42757738542651047, 'lag_21': 0.7259159823423289, 'lag_22': 0.46787948371124116, 'lag_23': 0.5314030743997232, 'lag_24': 0.989597000015687, 'lag_25': 0.05726165084730265, 'lag_26': 0.0034218720010098726, 'lag_27': 0.15519348733648547, 'lag_28': 0.9561319267031011}. Best is trial 0 with value: 0.0045387802767891255.
