[I 2025-09-29 11:56:02,162] Trial 4 finished with value: 0.011465549560791183 and parameters: {'lag_0': 0.054004955550873826, 'lag_1': 0.00843517800578352, 'lag_2': 0.07467013520063717, 'lag_3': 0.61306186712104, 'lag_4': 0.5888704386940111, 'lag_5': 0.949500195267618, 'lag_6': 0.06304064001269298, 'lag_7': 0.20460737145824684, 'lag_8': 0.4286687361717249, 'lag_9': 0.3752000878636543, 'lag_10': 0.6035234323021522, 'lag_11': 0.8986114278860207, 'lag_12': 0.6015594583455705, 'lag_13': 0.11457068665129827, 'lag_14': 0.36792220588884417, 'lag_15': 0.9954164908366284, 'lag_16': 0.5586366027568865, 'lag_17': 0.3617591829152041, 'lag_18': 0.15774699932189887, 'lag_19': 0.578641599779838, 'lag_20': 0.8532324606188452, 'lag_21': 0.8549540117923651, 'lag_22': 0.3083135266413015, 'lag_23': 0.08297731306809765, 'lag_24': 0.35898663698177546, 'lag_25': 0.581537502811173, 'lag_26': 0.6166865815478904, 'lag_27': 0.5660785172170999, 'lag_28': 0.23387630579023833}. Best is trial 2 with value: 0.011346077953972043.
[I 2025-09-29 11:56:04,594] Trial 5 finished with value: 0.011569492688108729 and parameters: {'lag_0': 0.8977321952147393, 'lag_1': 0.6184610379194945, 'lag_2': 0.8259675166173462, 'lag_3': 0.6519239073300691, 'lag_4': 0.9947506515741369, 'lag_5': 0.9582234153888525, 'lag_6': 0.4252523867007935, 'lag_7': 0.8634551225672057, 'lag_8': 0.8182709467549117, 'lag_9': 0.520478272535414, 'lag_10': 0.31413776582175745, 'lag_11': 0.18739905336835674, 'lag_12': 0.26728370748433666, 'lag_13': 0.8629612163732832, 'lag_14': 0.2011337574309027, 'lag_15': 0.13784300063301866, 'lag_16': 0.476308084926516, 'lag_17': 0.2569817570183088, 'lag_18': 0.0032647021438948296, 'lag_19': 0.4779969171614984, 'lag_20': 0.09539133641731949, 'lag_21': 0.4617890327871652, 'lag_22': 0.9950760096827848, 'lag_23': 0.22787077950684542, 'lag_24': 0.279121444255357, 'lag_25': 0.637553331410032, 'lag_26': 0.4932647125044509, 'lag_27': 0.6531819335964532, 'lag_28': 0.240063331759909}. Best is trial 2 with value: 0.011346077953972043.
[I 2025-09-29 11:56:06,908] Trial 6 finished with value: 0.01172609241544664 and parameters: {'lag_0': 0.9441654671840606, 'lag_1': 0.2131092986493361, 'lag_2': 0.20221059129815291, 'lag_3': 0.011185931799932837, 'lag_4': 0.9439441769722183, 'lag_5': 0.9773345771393535, 'lag_6': 0.5830196371543243, 'lag_7': 0.017075868224812173, 'lag_8': 0.1517048068544832, 'lag_9': 0.4752610306587353, 'lag_10': 0.6592957900675045, 'lag_11': 0.9966956559543071, 'lag_12': 0.9036159363877591, 'lag_13': 0.6182588919319705, 'lag_14': 0.028419018601196423, 'lag_15': 0.15950549267132957, 'lag_16': 0.2706003544871304, 'lag_17': 0.8451734226047548, 'lag_18': 0.2833585418954051, 'lag_19': 0.10990222012517889, 'lag_20': 0.7048190189169445, 'lag_21': 0.8195998383703333, 'lag_22': 0.5320166947957234, 'lag_23': 0.6590384166564633, 'lag_24': 0.16703686624846062, 'lag_25': 0.0147815567089872, 'lag_26': 0.19766879306715987, 'lag_27': 0.7501266182740916, 'lag_28': 0.689513621753127}. Best is trial 2 with value: 0.011346077953972043.
[I 2025-09-29 11:56:09,214] Trial 7 finished with value: 0.011814359159732349 and parameters: {'lag_0': 0.3616422596187925, 'lag_1': 0.12518376376829418, 'lag_2': 0.5420055216730731, 'lag_3': 0.5430066251278065, 'lag_4': 0.03831984809435503, 'lag_5': 0.013938330201153204, 'lag_6': 0.07754283149954615, 'lag_7': 0.9701396499754638, 'lag_8': 0.03499375579798554, 'lag_9': 0.12927002896229312, 'lag_10': 0.0687944014464583, 'lag_11': 0.866033724388196, 'lag_12': 0.375619496568529, 'lag_13': 0.774276862508272, 'lag_14': 0.5873426461339575, 'lag_15': 0.6624340052424388, 'lag_16': 0.09410098738006278, 'lag_17': 0.7903774170365473, 'lag_18': 0.9159343367231295, 'lag_19': 0.15017889260245407, 'lag_20': 0.8898719631871124, 'lag_21': 0.4502267303660805, 'lag_22': 0.578350962997898, 'lag_23': 0.8396906406956502, 'lag_24': 0.049993705515955895, 'lag_25': 0.6713375891667691, 'lag_26': 0.9625172816498256, 'lag_27': 0.5900908495326109, 'lag_28': 0.8941316835318603}. Best is trial 2 with value: 0.011346077953972043.
[I 2025-09-29 11:56:11,513] Trial 8 finished with value: 0.0115397118963191 and parameters: {'lag_0': 0.00409040588746648, 'lag_1': 0.36069567330079977, 'lag_2': 0.2690583171113312, 'lag_3': 0.2582602159686221, 'lag_4': 0.7629714197285387, 'lag_5': 0.5532245374709155, 'lag_6': 0.05366933000419397, 'lag_7': 0.8953516090026136, 'lag_8': 0.4456209291311237, 'lag_9': 0.3902402302357693, 'lag_10': 0.05060999811614095, 'lag_11': 0.36375785694048357, 'lag_12': 0.4448128240622348, 'lag_13': 0.23563783756132733, 'lag_14': 0.9666588073270488, 'lag_15': 0.2601701507139815, 'lag_16': 0.33712873241255953, 'lag_17': 0.5308070938645856, 'lag_18': 0.1934174321052558, 'lag_19': 0.26459787257029815, 'lag_20': 0.770866693174584, 'lag_21': 0.5619454491283649, 'lag_22': 0.45726664930133065, 'lag_23': 0.6183307929616261, 'lag_24': 0.47614000621539443, 'lag_25': 0.8424136362864661, 'lag_26': 0.8979768725171543, 'lag_27': 0.8690578428247483, 'lag_28': 0.8620889522991315}. Best is trial 2 with value: 0.011346077953972043.
[I 2025-09-29 11:56:13,822] Trial 9 finished with value: 0.011357976657274619 and parameters: {'lag_0': 0.5910172681156013, 'lag_1': 0.11130958378373826, 'lag_2': 0.6817211990400857, 'lag_3': 0.618791515740382, 'lag_4': 0.5322374737437715, 'lag_5': 0.866824371530447, 'lag_6': 0.06788392036726648, 'lag_7': 0.9358952762449423, 'lag_8': 0.44405308188904197, 'lag_9': 0.3131263700098296, 'lag_10': 0.39688058053565783, 'lag_11': 0.5771099663821526, 'lag_12': 0.9196650703349714, 'lag_13': 0.18282525634622698, 'lag_14': 0.3204924800338313, 'lag_15': 0.1193685309026359, 'lag_16': 0.13208181553091577, 'lag_17': 0.5142945003290761, 'lag_18': 0.7507437648536547, 'lag_19': 0.9506328853979692, 'lag_20': 0.42683599966677865, 'lag_21': 0.3351681501935211, 'lag_22': 0.8276402792815515, 'lag_23': 0.7608473747775751, 'lag_24': 0.7761118700203244, 'lag_25': 0.7714799019196769, 'lag_26': 0.7415620050528872, 'lag_27': 0.12951882410235765, 'lag_28': 0.6521079909558326}. Best is trial 2 with value: 0.011346077953972043.
[I 2025-09-29 11:56:16,179] Trial 10 finished with value: 0.011505215520993605 and parameters: {'lag_0': 0.749756660396209, 'lag_1': 0.817428845095189, 'lag_2': 0.9955430644351135, 'lag_3': 0.33462353111123283, 'lag_4': 0.21149345739205083, 'lag_5': 0.6428305239288682, 'lag_6': 0.7980279274298437, 'lag_7': 0.6330197269790943, 'lag_8': 0.9969482368634903, 'lag_9': 0.742692486822774, 'lag_10': 0.8791072690887305, 'lag_11': 0.0452766146791288, 'lag_12': 0.09690908503203766, 'lag_13': 0.3962857249712905, 'lag_14': 0.0299556664430827, 'lag_15': 0.3648305009974442, 'lag_16': 0.9175490729372655, 'lag_17': 0.06476914278513729, 'lag_18': 0.6521256604394179, 'lag_19': 0.9998640857912893, 'lag_20': 0.38436867323243873, 'lag_21': 0.017294772274173142, 'lag_22': 0.02416331223414553, 'lag_23': 0.3509092301184451, 'lag_24': 0.5996697428748174, 'lag_25': 0.33654121253249025, 'lag_26': 0.07184303748560766, 'lag_27': 0.2721908687554099, 'lag_28': 0.49354186061813254}. Best is trial 2 with value: 0.011346077953972043.
[I 2025-09-29 11:56:18,527] Trial 11 finished with value: 0.011492530791376132 and parameters: {'lag_0': 0.5507497294222186, 'lag_1': 0.04294678664272933, 'lag_2': 0.5775426864538978, 'lag_3': 0.9170390083769939, 'lag_4': 0.34574115403421807, 'lag_5': 0.7082423423230959, 'lag_6': 0.6406775512572602, 'lag_7': 0.6127682971215869, 'lag_8': 0.30465633020341504, 'lag_9': 0.24141014290494722, 'lag_10': 0.37145038520906337, 'lag_11': 0.6371033357009203, 'lag_12': 0.9525147860935663, 'lag_13': 0.40178069292135726, 'lag_14': 0.2983268556429248, 'lag_15': 0.05467357554330532, 'lag_16': 0.7977437329264168, 'lag_17': 0.6410461461996587, 'lag_18': 0.9704741374761714, 'lag_19': 0.972617537617531, 'lag_20': 0.37388251696472885, 'lag_21': 0.21661403481806585, 'lag_22': 0.6956587796537888, 'lag_23': 0.032544488880017985, 'lag_24': 0.7516618124125233, 'lag_25': 0.3737680344602648, 'lag_26': 0.7657763784594731, 'lag_27': 0.06862358173177069, 'lag_28': 0.6424874011402573}. Best is trial 2 with value: 0.011346077953972043.
[I 2025-09-29 11:56:20,886] Trial 12 finished with value: 0.011325644823139889 and parameters: {'lag_0': 0.7114754563257801, 'lag_1': 0.2782623968611549, 'lag_2': 0.7373432542778473, 'lag_3': 0.376357401542861, 'lag_4': 0.3986914034967498, 'lag_5': 0.7437707283072448, 'lag_6': 0.7530903366084253, 'lag_7': 0.5248329356419399, 'lag_8': 0.27155239945085535, 'lag_9': 0.0077698313342904335, 'lag_10': 0.893760580707906, 'lag_11': 0.6506304214371567, 'lag_12': 0.7482809710404063, 'lag_13': 0.3802429886080809, 'lag_14': 0.4306358739519371, 'lag_15': 0.43423453090791064, 'lag_16': 0.7448397481839854, 'lag_17': 0.6553214275960451, 'lag_18': 0.7407102586496531, 'lag_19': 0.7768325901441551, 'lag_20': 0.5448365486162992, 'lag_21': 0.2848410140739569, 'lag_22': 0.009063745020390368, 'lag_23': 0.9738052190507884, 'lag_24': 0.9963539625122438, 'lag_25': 0.3775778636767898, 'lag_26': 0.3415538938603891, 'lag_27': 0.31630038005646616, 'lag_28': 0.9951040164416002}. Best is trial 12 with value: 0.011325644823139889.
[I 2025-09-29 11:56:23,242] Trial 13 finished with value: 0.011826196835006297 and parameters: {'lag_0': 0.7398079773142672, 'lag_1': 0.3370133161999139, 'lag_2': 0.7255258372028414, 'lag_3': 0.019946235934975555, 'lag_4': 0.3632215782316168, 'lag_5': 0.4009175230855717, 'lag_6': 0.8196469434079315, 'lag_7': 0.5253321450348246, 'lag_8': 0.24685706172022842, 'lag_9': 0.025946929528751217, 'lag_10': 0.9622790411034297, 'lag_11': 0.23704832833470557, 'lag_12': 0.7105393000827298, 'lag_13': 0.4923859734234851, 'lag_14': 0.620882668292913, 'lag_15': 0.42338630505709507, 'lag_16': 0.7347210614470584, 'lag_17': 0.6904501268063128, 'lag_18': 0.7885023525862985, 'lag_19': 0.7827610219205846, 'lag_20': 0.5990151805322841, 'lag_21': 0.5882626260644159, 'lag_22': 0.05146679654282913, 'lag_23': 0.9997716185597617, 'lag_24': 0.4390164032730465, 'lag_25': 0.4102346904627917, 'lag_26': 0.2506060302484715, 'lag_27': 0.34932962921676075, 'lag_28': 0.9842592513876665}. Best is trial 12 with value: 0.011325644823139889.
[I 2025-09-29 11:56:25,589] Trial 14 finished with value: 0.01150050924979325 and parameters: {'lag_0': 0.7664182523120119, 'lag_1': 0.23988477676643513, 'lag_2': 0.9473381318107627, 'lag_3': 0.3336147137285611, 'lag_4': 0.3477307316342561, 'lag_5': 0.7529823475803772, 'lag_6': 0.7450257018387975, 'lag_7': 0.7130918629727447, 'lag_8': 0.6458015953509899, 'lag_9': 0.011162002182749542, 'lag_10': 0.8100199836720271, 'lag_11': 0.6954056296179658, 'lag_12': 0.1513969418559094, 'lag_13': 0.3331489068256548, 'lag_14': 0.4215612228423798, 'lag_15': 0.5227643876534003, 'lag_16': 0.9480323475724217, 'lag_17': 0.6590832754935754, 'lag_18': 0.5931510528708233, 'lag_19': 0.7713182524178526, 'lag_20': 0.25072730797497866, 'lag_21': 0.15999983656783132, 'lag_22': 0.1738096825642174, 'lag_23': 0.41949151466759493, 'lag_24': 0.9268759034720262, 'lag_25': 0.14448100541409165, 'lag_26': 0.32845499716852095, 'lag_27': 0.3311799503508217, 'lag_28': 0.9779440050464032}. Best is trial 12 with value: 0.011325644823139889.
[I 2025-09-29 11:56:27,947] Trial 15 finished with value: 0.01145963233906806 and parameters: {'lag_0': 0.39844033384116606, 'lag_1': 0.4699727788025452, 'lag_2': 0.7219800113915458, 'lag_3': 0.17178786917685795, 'lag_4': 0.1808651348040321, 'lag_5': 0.760164111538826, 'lag_6': 0.8974174346834625, 'lag_7': 0.42008236247236463, 'lag_8': 0.2874490007078147, 'lag_9': 0.21281256669673151, 'lag_10': 0.7991255009305237, 'lag_11': 0.0010962984535234366, 'lag_12': 0.738850587476871, 'lag_13': 0.5022998092489325, 'lag_14': 0.1492348847739327, 'lag_15': 0.2889639229074682, 'lag_16': 0.7094013081096421, 'lag_17': 0.7410759278562683, 'lag_18': 0.8389144361809522, 'lag_19': 0.8084983196073667, 'lag_20': 0.5205169773013609, 'lag_21': 0.7005915294029356, 'lag_22': 0.3556249775406278, 'lag_23': 0.2184210883249766, 'lag_24': 0.5889445485710291, 'lag_25': 0.2360339001010523, 'lag_26': 0.08934377951525341, 'lag_27': 0.4453625780945338, 'lag_28': 0.7658236357545006}. Best is trial 12 with value: 0.011325644823139889.
[I 2025-09-29 11:56:30,292] Trial 16 finished with value: 0.011414996561847102 and parameters: {'lag_0': 0.8316332052613423, 'lag_1': 0.9100572624119532, 'lag_2': 0.43707952983367276, 'lag_3': 0.4490075143837553, 'lag_4': 0.43558972505739757, 'lag_5': 0.48137547869979774, 'lag_6': 0.6681827541529182, 'lag_7': 0.7307810389580289, 'lag_8': 0.18629064729269917, 'lag_9': 0.6203076538311931, 'lag_10': 0.9964954530174381, 'lag_11': 0.730307292411544, 'lag_12': 0.015719792867895876, 'lag_13': 0.9796945465421885, 'lag_14': 0.7330133997431789, 'lag_15': 0.5293783971410728, 'lag_16': 0.8484855769428734, 'lag_17': 0.43139639993024925, 'lag_18': 0.9979207467316014, 'lag_19': 0.6761568967630925, 'lag_20': 0.2562561219815541, 'lag_21': 0.32174464902329614, 'lag_22': 0.12648393185974027, 'lag_23': 0.24324338521940558, 'lag_24': 0.19773582159329509, 'lag_25': 0.5165233793229889, 'lag_26': 0.4040579521257159, 'lag_27': 0.18690001686954835, 'lag_28': 0.4880485348022984}. Best is trial 12 with value: 0.011325644823139889.
[I 2025-09-29 11:56:32,642] Trial 17 finished with value: 0.011714051602112004 and parameters: {'lag_0': 0.6567839268193139, 'lag_1': 0.21062503067106425, 'lag_2': 0.824043608080706, 'lag_3': 0.1707786839107342, 'lag_4': 0.20549645387798843, 'lag_5': 0.2295579369802584, 'lag_6': 0.2908264884421174, 'lag_7': 0.49156320179365004, 'lag_8': 0.014621943400126736, 'lag_9': 0.15648716355415537, 'lag_10': 0.7368081789446729, 'lag_11': 0.28349960407876906, 'lag_12': 0.7697192276684591, 'lag_13': 0.5385430679062035, 'lag_14': 0.4557706052693016, 'lag_15': 0.0036236006946842036, 'lag_16': 0.616935649404097, 'lag_17': 0.5762669464146719, 'lag_18': 0.6537616428433983, 'lag_19': 0.8632660059287613, 'lag_20': 0.6062154683185859, 'lag_21': 0.32735598211303374, 'lag_22': 0.2802952894289955, 'lag_23': 0.994723729712932, 'lag_24': 0.614469720260149, 'lag_25': 0.47723018994147465, 'lag_26': 0.16071107134158988, 'lag_27': 0.4480034330534908, 'lag_28': 0.7710230747598757}. Best is trial 12 with value: 0.011325644823139889.
[I 2025-09-29 11:56:34,987] Trial 18 finished with value: 0.011663471634598346 and parameters: {'lag_0': 0.44543227231072824, 'lag_1': 0.48073939950576267, 'lag_2': 0.6412304105956214, 'lag_3': 0.42012448203394526, 'lag_4': 0.2792621341095639, 'lag_5': 0.6020729637235103, 'lag_6': 0.9410942271173713, 'lag_7': 0.26936826633633987, 'lag_8': 0.5607890647805032, 'lag_9': 0.26690426931933975, 'lag_10': 0.8808805165689603, 'lag_11': 0.14192037139109742, 'lag_12': 0.25265555699951914, 'lag_13': 0.3039753498564985, 'lag_14': 0.12430351612476959, 'lag_15': 0.2681988424639704, 'lag_16': 0.678939363126712, 'lag_17': 0.8543799141033184, 'lag_18': 0.8679834421475947, 'lag_19': 0.6680220532160406, 'lag_20': 0.001438936495589238, 'lag_21': 0.6674480857522191, 'lag_22': 0.0024969734286335588, 'lag_23': 0.545383772883873, 'lag_24': 0.3273420377906949, 'lag_25': 0.2696082705479299, 'lag_26': 0.31546972566579745, 'lag_27': 0.028999803058077783, 'lag_28': 0.996813389677001}. Best is trial 12 with value: 0.011325644823139889.
[I 2025-09-29 11:56:37,334] Trial 19 finished with value: 0.011558322204460889 and parameters: {'lag_0': 0.29626364978164654, 'lag_1': 0.2841658840020342, 'lag_2': 0.8916453259662714, 'lag_3': 0.15134852344647637, 'lag_4': 0.08076102667780119, 'lag_5': 0.7927282604086937, 'lag_6': 0.5409041919355614, 'lag_7': 0.48772051209671113, 'lag_8': 0.7874310983573343, 'lag_9': 0.01634309725857387, 'lag_10': 0.5204973119723675, 'lag_11': 0.5369369814464211, 'lag_12': 0.6383438750528808, 'lag_13': 0.39318196979763015, 'lag_14': 0.7734334683161387, 'lag_15': 0.5994094443464445, 'lag_16': 0.9902651518557473, 'lag_17': 0.1444936363730681, 'lag_18': 0.533144639956442, 'lag_19': 0.012696933918684705, 'lag_20': 0.2692705168601202, 'lag_21': 0.0073682794150597974, 'lag_22': 0.39712551464571616, 'lag_23': 0.11651325707945981, 'lag_24': 0.8636845925744453, 'lag_25': 0.1252473685515289, 'lag_26': 0.5887419418516568, 'lag_27': 0.21939089766550013, 'lag_28': 0.40690358929266535}. Best is trial 12 with value: 0.011325644823139889.
[I 2025-09-29 11:56:39,685] Trial 20 finished with value: 0.011743824090298737 and parameters: {'lag_0': 0.48947886541846114, 'lag_1': 0.7029306651251576, 'lag_2': 0.45062218015024214, 'lag_3': 0.09539207436183805, 'lag_4': 0.5025752172328639, 'lag_5': 0.2559378803438863, 'lag_6': 0.7008005040618639, 'lag_7': 0.7692566259682146, 'lag_8': 0.32325081943408124, 'lag_9': 0.6181591391696615, 'lag_10': 0.1827231676244474, 'lag_11': 0.33617263622559446, 'lag_12': 0.28340370721398744, 'lag_13': 0.6556803668482443, 'lag_14': 0.9866013742522604, 'lag_15': 0.39630265710384716, 'lag_16': 0.8264071036993064, 'lag_17': 0.42378085450911135, 'lag_18': 0.7499193356817949, 'lag_19': 0.42725833648319816, 'lag_20': 0.5084923750545592, 'lag_21': 0.14848576887697812, 'lag_22': 0.12599179596552526, 'lag_23': 0.386078572962772, 'lag_24': 0.1514405229735854, 'lag_25': 0.7208855754631821, 'lag_26': 0.4248390593873641, 'lag_27': 0.3702861327269652, 'lag_28': 0.7618143999223729}. Best is trial 12 with value: 0.011325644823139889.
[I 2025-09-29 11:56:42,028] Trial 21 finished with value: 0.011379759503209557 and parameters: {'lag_0': 0.6189356205494869, 'lag_1': 0.12049986856876398, 'lag_2': 0.7095826329905499, 'lag_3': 0.507912089025919, 'lag_4': 0.510289749431733, 'lag_5': 0.8374200095062398, 'lag_6': 0.20765164485655213, 'lag_7': 0.98814647633261, 'lag_8': 0.3670937447342285, 'lag_9': 0.31658844437965084, 'lag_10': 0.4127969081247997, 'lag_11': 0.5841582134868238, 'lag_12': 0.8217735757575817, 'lag_13': 0.17672435995939623, 'lag_14': 0.30748119323932255, 'lag_15': 0.16100606371266254, 'lag_16': 0.22022898218151038, 'lag_17': 0.5765994782912689, 'lag_18': 0.7223806874196412, 'lag_19': 0.9313924134860104, 'lag_20': 0.383717578476343, 'lag_21': 0.3754377974835504, 'lag_22': 0.7077810350451605, 'lag_23': 0.8712951335090587, 'lag_24': 0.7932913291943244, 'lag_25': 0.7369497476777193, 'lag_26': 0.7642602424223706, 'lag_27': 0.1127603156218707, 'lag_28': 0.6151009392559297}. Best is trial 12 with value: 0.011325644823139889.
[I 2025-09-29 11:56:44,380] Trial 22 finished with value: 0.011384066604921105 and parameters: {'lag_0': 0.6827208065430763, 'lag_1': 0.12048734899189446, 'lag_2': 0.6518272752106266, 'lag_3': 0.3404102313268944, 'lag_4': 0.5800587469134459, 'lag_5': 0.8438176456135571, 'lag_6': 0.8499454700481297, 'lag_7': 0.5726788553688351, 'lag_8': 0.5118283609796772, 'lag_9': 0.12031490507131098, 'lag_10': 0.24641197929466957, 'lag_11': 0.7432728961404702, 'lag_12': 0.999413388427281, 'lag_13': 0.03068001755242039, 'lag_14': 0.35707243574401176, 'lag_15': 0.07967050950571287, 'lag_16': 0.05714699951213509, 'lag_17': 0.4922791714002258, 'lag_18': 0.8915492803342375, 'lag_19': 0.8860992520276499, 'lag_20': 0.40348264716435306, 'lag_21': 0.24603008686659678, 'lag_22': 0.673811702576632, 'lag_23': 0.6914041679486885, 'lag_24': 0.8643865906532193, 'lag_25': 0.5381315863381853, 'lag_26': 0.006965751319131075, 'lag_27': 0.16544245767928215, 'lag_28': 0.8738850316008356}. Best is trial 12 with value: 0.011325644823139889.
[I 2025-09-29 11:56:46,727] Trial 23 finished with value: 0.011622818542428975 and parameters: {'lag_0': 0.8469640228378852, 'lag_1': 0.4158508278476951, 'lag_2': 0.7698492049981933, 'lag_3': 0.7720681849996768, 'lag_4': 0.4293948363699217, 'lag_5': 0.6673543280084444, 'lag_6': 0.5896189772429793, 'lag_7': 0.204355794297423, 'lag_8': 0.1523995596982397, 'lag_9': 0.31276284393288334, 'lag_10': 0.6801560781624783, 'lag_11': 0.5988462964135294, 'lag_12': 0.8621470451643432, 'lag_13': 0.26083590533991663, 'lag_14': 0.12584623515905954, 'lag_15': 0.21378439936713595, 'lag_16': 0.36390271421619946, 'lag_17': 0.7277859573473814, 'lag_18': 0.6927546913103666, 'lag_19': 0.7391862186784485, 'lag_20': 0.9937982493816997, 'lag_21': 0.40316019602710096, 'lag_22': 0.8426761899736982, 'lag_23': 0.9225381726947273, 'lag_24': 0.9882399462137412, 'lag_25': 0.4500500113603845, 'lag_26': 0.7999216357178603, 'lag_27': 0.276817786401455, 'lag_28': 0.5539210408416394}. Best is trial 12 with value: 0.011325644823139889.
[I 2025-09-29 11:56:49,073] Trial 24 finished with value: 0.011718013127125672 and parameters: {'lag_0': 0.5353524063253441, 'lag_1': 0.13418077077706705, 'lag_2': 0.617513225395553, 'lag_3': 0.8736223092464942, 'lag_4': 0.8556783469318135, 'lag_5': 0.8456831845334435, 'lag_6': 0.2297376590149377, 'lag_7': 0.40139862843748964, 'lag_8': 0.39843441204880936, 'lag_9': 0.20575893144702626, 'lag_10': 0.8944109893548415, 'lag_11': 0.39161009209867675, 'lag_12': 0.6191643024713716, 'lag_13': 0.13862346462624714, 'lag_14': 0.24106273462912517, 'lag_15': 0.35083109227761844, 'lag_16': 0.51680378248062, 'lag_17': 0.6107245278071489, 'lag_18': 0.45115595404191017, 'lag_19': 0.8890766173313227, 'lag_20': 0.6133675252785736, 'lag_21': 0.5285507505098986, 'lag_22': 0.22042123235463779, 'lag_23': 0.7359601704850421, 'lag_24': 0.6417261115004136, 'lag_25': 0.6295531537159638, 'lag_26': 0.2540652073119173, 'lag_27': 0.11587876423147925, 'lag_28': 0.8078259492350662}. Best is trial 12 with value: 0.011325644823139889.
