2025-09-29 13:06:22,797 - distributed.nanny - INFO -         Start Nanny at: 'tcp://192.168.86.107:40857'
2025-09-29 13:06:24,133 - distributed.worker - INFO -       Start worker at: tcp://192.168.86.107:42872
2025-09-29 13:06:24,134 - distributed.worker - INFO -          Listening to: tcp://192.168.86.107:42872
2025-09-29 13:06:24,134 - distributed.worker - INFO -           Worker name:             SLURMCluster-3
2025-09-29 13:06:24,134 - distributed.worker - INFO -          dashboard at:       192.168.86.107:35686
2025-09-29 13:06:24,134 - distributed.worker - INFO - Waiting to connect to: tcp://192.168.86.101:46695
2025-09-29 13:06:24,134 - distributed.worker - INFO - -------------------------------------------------
2025-09-29 13:06:24,134 - distributed.worker - INFO -               Threads:                          1
2025-09-29 13:06:24,134 - distributed.worker - INFO -                Memory:                   9.31 GiB
2025-09-29 13:06:24,134 - distributed.worker - INFO -       Local Directory: /home1/zrentala/dask-worker-space/dask-scratch-space/worker-19ilpmtc
2025-09-29 13:06:24,134 - distributed.worker - INFO - -------------------------------------------------
2025-09-29 13:06:24,457 - distributed.worker - INFO - Starting Worker plugin shuffle
2025-09-29 13:06:24,457 - distributed.worker - INFO -         Registered to: tcp://192.168.86.101:46695
2025-09-29 13:06:24,457 - distributed.worker - INFO - -------------------------------------------------
2025-09-29 13:06:24,458 - distributed.core - INFO - Starting established connection to tcp://192.168.86.101:46695
[I 2025-09-29 13:06:24,554] A new study created in memory with name: no-name-66e76301-7693-48da-9a37-0863cb77e1d8
[I 2025-09-29 13:06:26,955] Trial 0 finished with value: 0.0069544900594084875 and parameters: {'lag_0': 0.7289823775028531, 'lag_1': 0.29614549298216003, 'lag_2': 0.041953560388155474, 'lag_3': 0.8459578034982659, 'lag_4': 0.3243031163176857, 'lag_5': 0.006863118718298736, 'lag_6': 0.3963622283994248, 'lag_7': 0.4771874334152215, 'lag_8': 0.43100466928046616, 'lag_9': 0.525254286524612, 'lag_10': 0.6599690958469999, 'lag_11': 0.24310920358654706, 'lag_12': 0.4057086346262494, 'lag_13': 0.07217546782017979, 'lag_14': 0.5171116417229404, 'lag_15': 0.0009429879276040883, 'lag_16': 0.012066628523464941, 'lag_17': 0.1028483599287144, 'lag_18': 0.47445599749569856, 'lag_19': 0.16466730348521702, 'lag_20': 0.14347851109127835, 'lag_21': 0.3580674764331126, 'lag_22': 0.17300915969151967, 'lag_23': 0.7370271157093267, 'lag_24': 0.882334890127959, 'lag_25': 0.6323750540844951, 'lag_26': 0.178998616167736, 'lag_27': 0.8195585718335736, 'lag_28': 0.2752362017621687}. Best is trial 0 with value: 0.0069544900594084875.
[I 2025-09-29 13:06:29,351] Trial 1 finished with value: 0.005480943707859864 and parameters: {'lag_0': 0.1702772239264468, 'lag_1': 0.9966311956133945, 'lag_2': 0.8427688352422348, 'lag_3': 0.9766137754806266, 'lag_4': 0.554920693340706, 'lag_5': 0.21152780392080447, 'lag_6': 0.8898771696582398, 'lag_7': 0.5949761410032757, 'lag_8': 0.636970975483146, 'lag_9': 0.3935390248863076, 'lag_10': 0.8151183754960837, 'lag_11': 0.9382633252188887, 'lag_12': 0.911368861395297, 'lag_13': 0.036116258104482886, 'lag_14': 0.504890309806708, 'lag_15': 0.2909992059381242, 'lag_16': 0.5314444472807286, 'lag_17': 0.7783678367415168, 'lag_18': 0.6936254397267054, 'lag_19': 0.010462204808808922, 'lag_20': 0.36327722127018636, 'lag_21': 0.24115913872634975, 'lag_22': 0.2365685311639139, 'lag_23': 0.162553248272569, 'lag_24': 0.9201639664962776, 'lag_25': 0.4165808223850172, 'lag_26': 0.19767520439653327, 'lag_27': 0.9121625398652202, 'lag_28': 0.1641399120657366}. Best is trial 1 with value: 0.005480943707859864.
[I 2025-09-29 13:06:31,755] Trial 2 finished with value: 0.0058531025449855565 and parameters: {'lag_0': 0.17754203317005934, 'lag_1': 0.1093831908598128, 'lag_2': 0.914498261179587, 'lag_3': 0.5971610656906453, 'lag_4': 0.2381830412752763, 'lag_5': 0.565964257838322, 'lag_6': 0.15789178213694446, 'lag_7': 0.5204797847623339, 'lag_8': 0.33822793420449826, 'lag_9': 0.20003392360332112, 'lag_10': 0.5150812129167927, 'lag_11': 0.19053752031563673, 'lag_12': 0.31597885374979967, 'lag_13': 0.18374380383091848, 'lag_14': 0.4110235499335505, 'lag_15': 0.9061840980351793, 'lag_16': 0.5416344881981823, 'lag_17': 0.7957323866905598, 'lag_18': 0.11386086373001596, 'lag_19': 0.7452571253191556, 'lag_20': 0.08547871340439776, 'lag_21': 0.760466594135854, 'lag_22': 0.5706470710193097, 'lag_23': 0.5447719872488433, 'lag_24': 0.5261656386219341, 'lag_25': 0.2711453315945868, 'lag_26': 0.6690326701349562, 'lag_27': 0.17858632199898028, 'lag_28': 0.9528033968699311}. Best is trial 1 with value: 0.005480943707859864.
[I 2025-09-29 13:06:34,149] Trial 3 finished with value: 0.004839890915873496 and parameters: {'lag_0': 0.06522291599436193, 'lag_1': 0.49886337848482404, 'lag_2': 0.5839944588591555, 'lag_3': 0.6694502575321165, 'lag_4': 0.8560800345832292, 'lag_5': 0.8015914261453592, 'lag_6': 0.7252912768442022, 'lag_7': 0.17556604552823418, 'lag_8': 0.8447886695372898, 'lag_9': 0.49341297616343405, 'lag_10': 0.4684590555076103, 'lag_11': 0.5314411100608643, 'lag_12': 0.40981102961074667, 'lag_13': 0.029407847776466045, 'lag_14': 0.34635429751200614, 'lag_15': 0.9194412607407453, 'lag_16': 0.2216803932106379, 'lag_17': 0.28398422660483397, 'lag_18': 0.19753903310950857, 'lag_19': 0.6781997095647082, 'lag_20': 0.06842460338056133, 'lag_21': 0.7404025290191589, 'lag_22': 0.5461073307798708, 'lag_23': 0.7506882539317097, 'lag_24': 0.07111079720878141, 'lag_25': 0.3258475706884898, 'lag_26': 0.057507574165768884, 'lag_27': 0.7693883793107135, 'lag_28': 0.46341861131822737}. Best is trial 3 with value: 0.004839890915873496.
[I 2025-09-29 13:06:36,538] Trial 4 finished with value: 0.0047795860827862385 and parameters: {'lag_0': 0.26994655162076137, 'lag_1': 0.7558313788335518, 'lag_2': 0.4911439043987367, 'lag_3': 0.5944642311469931, 'lag_4': 0.4592639052186117, 'lag_5': 0.7685798004700101, 'lag_6': 0.8453620939286143, 'lag_7': 0.23921057705134674, 'lag_8': 0.8033525419064643, 'lag_9': 0.3292641022467942, 'lag_10': 0.503590414695323, 'lag_11': 0.6783720648418937, 'lag_12': 0.5269394721418015, 'lag_13': 0.5129423890098244, 'lag_14': 0.5589939973625425, 'lag_15': 0.9522687174736756, 'lag_16': 0.6817080406182916, 'lag_17': 0.9247154255135538, 'lag_18': 0.3802720956546226, 'lag_19': 0.7816810096800765, 'lag_20': 0.5635731904462791, 'lag_21': 0.6176994969838795, 'lag_22': 0.31112679333985394, 'lag_23': 0.8081886960850995, 'lag_24': 0.6471189953149679, 'lag_25': 0.600033179483144, 'lag_26': 0.994176616578827, 'lag_27': 0.3289948224813594, 'lag_28': 0.7585847301599394}. Best is trial 4 with value: 0.0047795860827862385.
[I 2025-09-29 13:06:38,929] Trial 5 finished with value: 0.004854662406260017 and parameters: {'lag_0': 0.28905245880129443, 'lag_1': 0.5941612993178754, 'lag_2': 0.8684765388901062, 'lag_3': 0.7006526271780689, 'lag_4': 0.9404443726839714, 'lag_5': 0.584712133628962, 'lag_6': 0.22735647612353857, 'lag_7': 0.31922660897761646, 'lag_8': 0.45775227504086824, 'lag_9': 0.28698021446579136, 'lag_10': 0.12924557658202349, 'lag_11': 0.9619000599287739, 'lag_12': 0.24518389281694428, 'lag_13': 0.7013681604272871, 'lag_14': 0.45614157635742464, 'lag_15': 0.5087642426388594, 'lag_16': 0.6959122770217511, 'lag_17': 0.8678853721500459, 'lag_18': 0.32406295056322454, 'lag_19': 0.15123272111686278, 'lag_20': 0.16818397812474756, 'lag_21': 0.41374364617045495, 'lag_22': 0.19219795924890898, 'lag_23': 0.9615023266749959, 'lag_24': 0.39966078608001565, 'lag_25': 0.7699359999222442, 'lag_26': 0.5379151920515933, 'lag_27': 0.7537432751991294, 'lag_28': 0.6905548766698988}. Best is trial 4 with value: 0.0047795860827862385.
[I 2025-09-29 13:06:41,333] Trial 6 finished with value: 0.004473648248910995 and parameters: {'lag_0': 0.611578785058059, 'lag_1': 0.37188619705101755, 'lag_2': 0.25194394391349145, 'lag_3': 0.3190740127753167, 'lag_4': 0.5495404219286737, 'lag_5': 0.5683893106433476, 'lag_6': 0.030456536609944938, 'lag_7': 0.5222712733482936, 'lag_8': 0.15347593200483714, 'lag_9': 0.29135221896839136, 'lag_10': 0.3130459456054173, 'lag_11': 0.9422495228734068, 'lag_12': 0.11717865011599343, 'lag_13': 0.23004225307255005, 'lag_14': 0.8080576158722398, 'lag_15': 0.3063562363794933, 'lag_16': 0.3366523092056823, 'lag_17': 0.0420318816127266, 'lag_18': 0.5211798130747335, 'lag_19': 0.5156666343066745, 'lag_20': 0.16624839999250773, 'lag_21': 0.83237807144853, 'lag_22': 0.909438661552011, 'lag_23': 0.5470944548737515, 'lag_24': 0.24485583726773757, 'lag_25': 0.3322569589122185, 'lag_26': 0.8865645228673987, 'lag_27': 0.9925503557320622, 'lag_28': 0.5053022740947338}. Best is trial 6 with value: 0.004473648248910995.
[I 2025-09-29 13:06:43,728] Trial 7 finished with value: 0.0057983450265073466 and parameters: {'lag_0': 0.002193953241418821, 'lag_1': 0.12223104764115919, 'lag_2': 0.4623533021262431, 'lag_3': 0.2739565224225701, 'lag_4': 0.11350109102042828, 'lag_5': 0.7662663515520832, 'lag_6': 0.7785889652303419, 'lag_7': 0.2023769792470292, 'lag_8': 0.49857105880439206, 'lag_9': 0.7128359693306301, 'lag_10': 0.11934993082435918, 'lag_11': 0.7646740261633268, 'lag_12': 0.8706326586022058, 'lag_13': 0.17958420235576508, 'lag_14': 0.09592936349532194, 'lag_15': 0.8480436179796176, 'lag_16': 0.4164326313289298, 'lag_17': 0.8666255966894786, 'lag_18': 0.32640978896717693, 'lag_19': 0.4898974779581287, 'lag_20': 0.4784284427835971, 'lag_21': 0.7561905694671858, 'lag_22': 0.4996386010106541, 'lag_23': 0.840792684881155, 'lag_24': 0.6606398125237248, 'lag_25': 0.6994737716830967, 'lag_26': 0.710299384032524, 'lag_27': 0.522669170322072, 'lag_28': 0.13728068283895792}. Best is trial 6 with value: 0.004473648248910995.
[I 2025-09-29 13:06:46,117] Trial 8 finished with value: 0.00688275417745454 and parameters: {'lag_0': 0.037811618880847046, 'lag_1': 0.6856888051120092, 'lag_2': 0.9817012082104017, 'lag_3': 0.45432531390310466, 'lag_4': 0.8947323841334001, 'lag_5': 0.1944254664515607, 'lag_6': 0.663623450226792, 'lag_7': 0.6866385065368129, 'lag_8': 0.19984014611825704, 'lag_9': 0.6652807911741998, 'lag_10': 0.3444172322158946, 'lag_11': 0.5430788526303109, 'lag_12': 0.20651918010842324, 'lag_13': 0.5027890048094845, 'lag_14': 0.9732588490887073, 'lag_15': 0.970901304347542, 'lag_16': 0.623035844085389, 'lag_17': 0.09670024944806367, 'lag_18': 0.3833453077896981, 'lag_19': 0.8048430334608638, 'lag_20': 0.5617053839968069, 'lag_21': 0.9640154600527383, 'lag_22': 0.7631857122549375, 'lag_23': 0.9331393731442367, 'lag_24': 0.2539052823791686, 'lag_25': 0.1405498402913621, 'lag_26': 0.840112015490273, 'lag_27': 0.7511656109586723, 'lag_28': 0.8127175299610242}. Best is trial 6 with value: 0.004473648248910995.
[I 2025-09-29 13:06:48,519] Trial 9 finished with value: 0.005753041838699827 and parameters: {'lag_0': 0.5996229189396648, 'lag_1': 0.2368381815802889, 'lag_2': 0.4938559460347426, 'lag_3': 0.4797717889862815, 'lag_4': 0.010051752058243685, 'lag_5': 0.9469193884223196, 'lag_6': 0.31551618800513803, 'lag_7': 0.842484946400964, 'lag_8': 0.3584872900920288, 'lag_9': 0.45709961733935467, 'lag_10': 0.7974906805037549, 'lag_11': 0.3421845421573006, 'lag_12': 0.14293041387753205, 'lag_13': 0.7075884862289741, 'lag_14': 0.584737624958485, 'lag_15': 0.602290131807598, 'lag_16': 0.8458716747623615, 'lag_17': 0.20135857882698138, 'lag_18': 0.024853345153068935, 'lag_19': 0.17120982735365725, 'lag_20': 0.6740471056263752, 'lag_21': 0.030781922083797823, 'lag_22': 0.1928378921952545, 'lag_23': 0.390724208339675, 'lag_24': 0.5879736041341053, 'lag_25': 0.09189137589638283, 'lag_26': 0.6776702081635161, 'lag_27': 0.12564355841758262, 'lag_28': 0.11135820363226535}. Best is trial 6 with value: 0.004473648248910995.
[I 2025-09-29 13:06:51,070] Trial 10 finished with value: 0.005796190133407225 and parameters: {'lag_0': 0.983971084348505, 'lag_1': 0.4070363279442968, 'lag_2': 0.06468928262125262, 'lag_3': 0.022146482935370637, 'lag_4': 0.6941401882759516, 'lag_5': 0.4027834333260645, 'lag_6': 0.05227347523514064, 'lag_7': 0.9445151256125903, 'lag_8': 0.035088596243415426, 'lag_9': 0.03525465712733589, 'lag_10': 0.003680443908769704, 'lag_11': 0.0172648152321897, 'lag_12': 0.04024916190244894, 'lag_13': 0.9093318823828827, 'lag_14': 0.9158055015141904, 'lag_15': 0.25306642639744714, 'lag_16': 0.2867503315165333, 'lag_17': 0.48253931865135474, 'lag_18': 0.8333217655516825, 'lag_19': 0.41856449189965805, 'lag_20': 0.9849867950784705, 'lag_21': 0.9928790473038382, 'lag_22': 0.9256640106324666, 'lag_23': 0.011944488066916725, 'lag_24': 0.04541927003082985, 'lag_25': 0.9546144214757406, 'lag_26': 0.43738968287292107, 'lag_27': 0.9902126481039306, 'lag_28': 0.4608997036814484}. Best is trial 6 with value: 0.004473648248910995.
[I 2025-09-29 13:06:53,518] Trial 11 finished with value: 0.006134442040879912 and parameters: {'lag_0': 0.3990158205565219, 'lag_1': 0.7981178840492403, 'lag_2': 0.28250687765951965, 'lag_3': 0.2836104055068087, 'lag_4': 0.47205261352412275, 'lag_5': 0.7117891699332827, 'lag_6': 0.5341120046017096, 'lag_7': 0.011400414670273917, 'lag_8': 0.9936475361859628, 'lag_9': 0.9043939162108874, 'lag_10': 0.3844326823058964, 'lag_11': 0.7397152509724861, 'lag_12': 0.6506221742404041, 'lag_13': 0.3894214191787494, 'lag_14': 0.7381045949000233, 'lag_15': 0.682488639040766, 'lag_16': 0.9659390203494229, 'lag_17': 0.5975220261201963, 'lag_18': 0.6590349056496164, 'lag_19': 0.9631898989021762, 'lag_20': 0.7591502292801757, 'lag_21': 0.6102568087921744, 'lag_22': 0.3879787916075324, 'lag_23': 0.5665797056385484, 'lag_24': 0.27104223974496455, 'lag_25': 0.501949330462411, 'lag_26': 0.9694115110940904, 'lag_27': 0.40125111760935617, 'lag_28': 0.6772297740516419}. Best is trial 6 with value: 0.004473648248910995.
[I 2025-09-29 13:06:55,963] Trial 12 finished with value: 0.006377553796712407 and parameters: {'lag_0': 0.5390616133980832, 'lag_1': 0.8345231936431646, 'lag_2': 0.28264749484397095, 'lag_3': 0.3009527739036721, 'lag_4': 0.5443975451714561, 'lag_5': 0.4724685320315821, 'lag_6': 0.5253955119757566, 'lag_7': 0.32350981903596326, 'lag_8': 0.6590866912262977, 'lag_9': 0.11921904547533313, 'lag_10': 0.9815022840855856, 'lag_11': 0.7773615075925593, 'lag_12': 0.6455178708297022, 'lag_13': 0.41403058189763997, 'lag_14': 0.7729897920150168, 'lag_15': 0.3253371227391485, 'lag_16': 0.3200993766451049, 'lag_17': 0.46551863522577935, 'lag_18': 0.5930750049781156, 'lag_19': 0.5863205724088105, 'lag_20': 0.3250624525091857, 'lag_21': 0.5759761366721013, 'lag_22': 0.9774763111307743, 'lag_23': 0.37359592442439976, 'lag_24': 0.7474635716318482, 'lag_25': 0.5287060691737623, 'lag_26': 0.9788601010816063, 'lag_27': 0.37175710793934524, 'lag_28': 0.60660020245157}. Best is trial 6 with value: 0.004473648248910995.
[I 2025-09-29 13:06:58,407] Trial 13 finished with value: 0.0061085895806188535 and parameters: {'lag_0': 0.740820143395451, 'lag_1': 0.42074339749050604, 'lag_2': 0.2851911574450767, 'lag_3': 0.10050321706977539, 'lag_4': 0.7002976586351783, 'lag_5': 0.9845954933010452, 'lag_6': 0.9876041887928158, 'lag_7': 0.3888906893553012, 'lag_8': 0.00039492927754625207, 'lag_9': 0.28863291796518276, 'lag_10': 0.26859983837343854, 'lag_11': 0.654822672312678, 'lag_12': 0.5953680714041908, 'lag_13': 0.5776581178799427, 'lag_14': 0.7121603229399116, 'lag_15': 0.1445954410701708, 'lag_16': 0.7720011506932659, 'lag_17': 0.6620698965461458, 'lag_18': 0.8868575351833907, 'lag_19': 0.9169994674715254, 'lag_20': 0.31819081664718357, 'lag_21': 0.8561189559266154, 'lag_22': 0.013521886189968635, 'lag_23': 0.6563313925507986, 'lag_24': 0.36726496377095214, 'lag_25': 0.8417645932954878, 'lag_26': 0.8461495766384357, 'lag_27': 0.5629405588981594, 'lag_28': 0.3347607135102432}. Best is trial 6 with value: 0.004473648248910995.
[I 2025-09-29 13:07:00,849] Trial 14 finished with value: 0.005475118127227738 and parameters: {'lag_0': 0.3781864703075568, 'lag_1': 0.645612810291325, 'lag_2': 0.6283768943258911, 'lag_3': 0.41006702012367796, 'lag_4': 0.4035837364040008, 'lag_5': 0.6949255723669376, 'lag_6': 0.029229407269998, 'lag_7': 0.6901031449275709, 'lag_8': 0.6929716888804731, 'lag_9': 0.3022288680167238, 'lag_10': 0.627249217250841, 'lag_11': 0.8723597993038238, 'lag_12': 0.5304539143846048, 'lag_13': 0.326378082358046, 'lag_14': 0.22034759924112407, 'lag_15': 0.7265410165192494, 'lag_16': 0.118227773513008, 'lag_17': 0.9869926450295285, 'lag_18': 0.5147858749474252, 'lag_19': 0.35312213528600195, 'lag_20': 0.7867615864018136, 'lag_21': 0.5911512493543228, 'lag_22': 0.7493244354040086, 'lag_23': 0.39437801781773163, 'lag_24': 0.22580760192661659, 'lag_25': 0.24473522532883601, 'lag_26': 0.8341197034197455, 'lag_27': 0.008701068077527907, 'lag_28': 0.856294770701772}. Best is trial 6 with value: 0.004473648248910995.
[I 2025-09-29 13:07:03,301] Trial 15 finished with value: 0.0055319932862097874 and parameters: {'lag_0': 0.6766064214156284, 'lag_1': 0.9309960007742756, 'lag_2': 0.1812218937660974, 'lag_3': 0.18408328530853313, 'lag_4': 0.6871837294082692, 'lag_5': 0.3219707624153697, 'lag_6': 0.6128777675131307, 'lag_7': 0.13008986866733224, 'lag_8': 0.19970184903833293, 'lag_9': 0.6461932871213172, 'lag_10': 0.2659052579819059, 'lag_11': 0.63707277021204, 'lag_12': 0.7293281168101885, 'lag_13': 0.25464364648887994, 'lag_14': 0.8606937336557389, 'lag_15': 0.4460690282511908, 'lag_16': 0.41578618134956424, 'lag_17': 0.34139407153054957, 'lag_18': 0.22271200418052184, 'lag_19': 0.5996874584760731, 'lag_20': 0.48800557612612366, 'lag_21': 0.8246751544318103, 'lag_22': 0.3843815579224155, 'lag_23': 0.666242710414209, 'lag_24': 0.7935190251523465, 'lag_25': 0.5619158153724674, 'lag_26': 0.452073229149311, 'lag_27': 0.305878984757428, 'lag_28': 0.555947410910395}. Best is trial 6 with value: 0.004473648248910995.
[I 2025-09-29 13:07:05,753] Trial 16 finished with value: 0.0066192628449915775 and parameters: {'lag_0': 0.9488347439250582, 'lag_1': 0.7579364138072818, 'lag_2': 0.38944202797618793, 'lag_3': 0.5532063702014388, 'lag_4': 0.2796421560853345, 'lag_5': 0.8756284834295858, 'lag_6': 0.3861158030104695, 'lag_7': 0.4104416310171932, 'lag_8': 0.8156208882450372, 'lag_9': 0.016988925936257282, 'lag_10': 0.5455185722732399, 'lag_11': 0.9996655962707979, 'lag_12': 0.08102138302085443, 'lag_13': 0.6344420253248115, 'lag_14': 0.6389617599909908, 'lag_15': 0.42809625202298923, 'lag_16': 0.6353559945036641, 'lag_17': 0.9980824464308193, 'lag_18': 0.7463601230396698, 'lag_19': 0.8284184292901139, 'lag_20': 0.00125532791366878, 'lag_21': 0.6754630803995575, 'lag_22': 0.7323834243696581, 'lag_23': 0.24109572776427807, 'lag_24': 0.4544403728003147, 'lag_25': 0.3922433497136243, 'lag_26': 0.9989347704084536, 'lag_27': 0.5510018201806713, 'lag_28': 0.7663167581661201}. Best is trial 6 with value: 0.004473648248910995.
[I 2025-09-29 13:07:08,200] Trial 17 finished with value: 0.006764719591361525 and parameters: {'lag_0': 0.449430474244441, 'lag_1': 0.5511773709750911, 'lag_2': 0.668536072505039, 'lag_3': 0.8219850536063606, 'lag_4': 0.6061882133110084, 'lag_5': 0.631073648886697, 'lag_6': 0.8745930676698347, 'lag_7': 0.03324401097219115, 'lag_8': 0.21155681366408188, 'lag_9': 0.1767043963524082, 'lag_10': 0.4058643475029816, 'lag_11': 0.41916821991002, 'lag_12': 0.7690648823324048, 'lag_13': 0.874314321620737, 'lag_14': 0.2665373343486385, 'lag_15': 0.1424811020502631, 'lag_16': 0.8872722370179471, 'lag_17': 0.014939358473267272, 'lag_18': 0.47611318156598953, 'lag_19': 0.33999578790174845, 'lag_20': 0.24094518963574402, 'lag_21': 0.44776223288449934, 'lag_22': 0.8642790892752206, 'lag_23': 0.8393826615508313, 'lag_24': 0.6547393114998581, 'lag_25': 0.40565708019263963, 'lag_26': 0.7824837666250232, 'lag_27': 0.6600887608823631, 'lag_28': 0.9722469972964912}. Best is trial 6 with value: 0.004473648248910995.
[I 2025-09-29 13:07:10,645] Trial 18 finished with value: 0.004915024862096171 and parameters: {'lag_0': 0.841437182192269, 'lag_1': 0.3037848271319317, 'lag_2': 0.7472370423561233, 'lag_3': 0.358494052818727, 'lag_4': 0.41621516241108275, 'lag_5': 0.47615530694603675, 'lag_6': 0.20168750610988517, 'lag_7': 0.28763924759087667, 'lag_8': 0.9812081785153868, 'lag_9': 0.38433979874121516, 'lag_10': 0.2207421518978432, 'lag_11': 0.8279579580403463, 'lag_12': 0.43788478263706254, 'lag_13': 0.45572789876189446, 'lag_14': 0.8217166859890868, 'lag_15': 0.5619116109777039, 'lag_16': 0.40088684621510223, 'lag_17': 0.3937839090433953, 'lag_18': 0.5870041462945574, 'lag_19': 0.6379705266357223, 'lag_20': 0.5817728669670181, 'lag_21': 0.23915011958025212, 'lag_22': 0.35615605253065896, 'lag_23': 0.5030953567534975, 'lag_24': 0.12722247345110899, 'lag_25': 0.19737612061964627, 'lag_26': 0.5462709022297942, 'lag_27': 0.2618857043250955, 'lag_28': 0.365319638028131}. Best is trial 6 with value: 0.004473648248910995.
[I 2025-09-29 13:07:13,090] Trial 19 finished with value: 0.006482595945998268 and parameters: {'lag_0': 0.2936931717282439, 'lag_1': 0.4125680996748101, 'lag_2': 0.37896491791838044, 'lag_3': 0.7350014954513352, 'lag_4': 0.7960539755647228, 'lag_5': 0.842029527179266, 'lag_6': 0.9961021749692024, 'lag_7': 0.8007626742858398, 'lag_8': 0.7993598996548369, 'lag_9': 0.8574116700883716, 'lag_10': 0.640611427999515, 'lag_11': 0.6531046957000182, 'lag_12': 0.31457024381888166, 'lag_13': 0.29599895165194434, 'lag_14': 0.6359736507771196, 'lag_15': 0.8027111701894212, 'lag_16': 0.152724381915067, 'lag_17': 0.6214093716569937, 'lag_18': 0.38873109166070063, 'lag_19': 0.5211131971476046, 'lag_20': 0.942002216343012, 'lag_21': 0.8850991638607605, 'lag_22': 0.624642902652104, 'lag_23': 0.6209639792966083, 'lag_24': 0.33743486574038634, 'lag_25': 0.6517249486857705, 'lag_26': 0.8627825781728516, 'lag_27': 0.4354331436612394, 'lag_28': 0.6389206957001929}. Best is trial 6 with value: 0.004473648248910995.
