[I 2025-09-29 11:57:40,926] Trial 46 finished with value: 0.011822287879281853 and parameters: {'lag_0': 0.654259265201542, 'lag_1': 0.23366679667640583, 'lag_2': 0.6133343211630594, 'lag_3': 0.0020350117298305118, 'lag_4': 0.3853082552023537, 'lag_5': 0.7341249285898106, 'lag_6': 0.2901353615605982, 'lag_7': 0.8548711961609775, 'lag_8': 0.41349902447578735, 'lag_9': 0.4358019543657329, 'lag_10': 0.9460685311400456, 'lag_11': 0.6252518825732372, 'lag_12': 0.39696176083034657, 'lag_13': 0.3201095003466247, 'lag_14': 0.24521658731355758, 'lag_15': 0.23545924520937234, 'lag_16': 0.2758460546917743, 'lag_17': 0.7228009342171676, 'lag_18': 0.5673887280771094, 'lag_19': 0.8588540551882675, 'lag_20': 0.11398102389515025, 'lag_21': 0.2822561040332061, 'lag_22': 0.056444831016433605, 'lag_23': 0.8002558655295893, 'lag_24': 0.4562308762011733, 'lag_25': 0.34862702058027756, 'lag_26': 0.605229971307742, 'lag_27': 0.1409652148321954, 'lag_28': 0.8419840252386699}. Best is trial 12 with value: 0.011325644823139889.
[I 2025-09-29 11:57:43,283] Trial 47 finished with value: 0.011607457775425057 and parameters: {'lag_0': 0.7359775400364496, 'lag_1': 0.6595933809616493, 'lag_2': 0.7399544498929003, 'lag_3': 0.9914865327454735, 'lag_4': 0.6230053807928206, 'lag_5': 0.9589106392663335, 'lag_6': 0.059800223484312076, 'lag_7': 0.90606929513832, 'lag_8': 0.5508438658262802, 'lag_9': 0.5586260722186909, 'lag_10': 0.2634399749259835, 'lag_11': 0.42294644501585943, 'lag_12': 0.6511052474816982, 'lag_13': 0.3654820725687215, 'lag_14': 0.3934627269165606, 'lag_15': 0.2933463134862943, 'lag_16': 0.9370779220043395, 'lag_17': 0.4672565966553563, 'lag_18': 0.6386240778470191, 'lag_19': 0.9629062672593081, 'lag_20': 0.36343435125330587, 'lag_21': 0.42435005548964905, 'lag_22': 0.6674782645579272, 'lag_23': 0.9267069969483284, 'lag_24': 0.5528349565105434, 'lag_25': 0.4910388725428525, 'lag_26': 0.9908979098244322, 'lag_27': 0.5901113335872763, 'lag_28': 0.9471667360665834}. Best is trial 12 with value: 0.011325644823139889.
[I 2025-09-29 11:57:45,639] Trial 48 finished with value: 0.011475376141546874 and parameters: {'lag_0': 0.5151535623514568, 'lag_1': 0.3381149136983351, 'lag_2': 0.806907241886651, 'lag_3': 0.3151328627190024, 'lag_4': 0.7835756874284752, 'lag_5': 0.020089082282214177, 'lag_6': 0.2213067203070858, 'lag_7': 0.5821144239351188, 'lag_8': 0.2308508843179357, 'lag_9': 0.15484044152323936, 'lag_10': 0.8500212286861586, 'lag_11': 0.5406206935327753, 'lag_12': 0.8408893145793366, 'lag_13': 0.26799196254420543, 'lag_14': 0.5330189108997719, 'lag_15': 0.19054935545885654, 'lag_16': 0.8121491719426392, 'lag_17': 0.6376692826820817, 'lag_18': 0.27144416871645727, 'lag_19': 0.9188993161836491, 'lag_20': 0.28296739633875956, 'lag_21': 0.3766690961563276, 'lag_22': 0.3597280922920835, 'lag_23': 0.8475060699323748, 'lag_24': 0.1267701235431472, 'lag_25': 0.5562996458990431, 'lag_26': 0.21950841688434541, 'lag_27': 0.20991962905119607, 'lag_28': 0.7230538445369177}. Best is trial 12 with value: 0.011325644823139889.
[I 2025-09-29 11:57:47,988] Trial 49 finished with value: 0.011507819900470123 and parameters: {'lag_0': 0.6134399761888532, 'lag_1': 0.18104703788475376, 'lag_2': 0.8513638563177887, 'lag_3': 0.2295949315839771, 'lag_4': 0.0522829088495009, 'lag_5': 0.8379853255579408, 'lag_6': 0.6879050435887112, 'lag_7': 0.6841932663431237, 'lag_8': 0.31471036654771417, 'lag_9': 0.25316099763656924, 'lag_10': 0.6806861117258121, 'lag_11': 0.8432968312584432, 'lag_12': 0.46049908166712933, 'lag_13': 0.17129346041347707, 'lag_14': 0.8924555322392858, 'lag_15': 0.43919085176822303, 'lag_16': 0.045003476390721664, 'lag_17': 0.4049343044063961, 'lag_18': 0.7155273681185785, 'lag_19': 0.9978500813822038, 'lag_20': 0.5863057218589132, 'lag_21': 0.6043285764029213, 'lag_22': 0.5404145114086699, 'lag_23': 0.2759354030132164, 'lag_24': 0.2236051705900764, 'lag_25': 0.8408440640575461, 'lag_26': 0.13526208003920673, 'lag_27': 0.28286225068884835, 'lag_28': 0.6393558712856312}. Best is trial 12 with value: 0.011325644823139889.
[I 2025-09-29 11:57:50,346] Trial 50 finished with value: 0.011569247661529497 and parameters: {'lag_0': 0.40056444450101336, 'lag_1': 0.09671306298181692, 'lag_2': 0.48590765845957096, 'lag_3': 0.04532163720365234, 'lag_4': 0.3211902077720712, 'lag_5': 0.545360527489318, 'lag_6': 0.5333098392867401, 'lag_7': 0.5139238891624812, 'lag_8': 0.6376760452634568, 'lag_9': 0.007873701948500594, 'lag_10': 0.6217851406122876, 'lag_11': 0.3338146085213039, 'lag_12': 0.776718166993318, 'lag_13': 0.432492671854965, 'lag_14': 0.4299891798641536, 'lag_15': 0.3800473293391724, 'lag_16': 0.7459501441769995, 'lag_17': 0.5867946349479854, 'lag_18': 0.9948162598393913, 'lag_19': 0.8034846125757573, 'lag_20': 0.4920311061240585, 'lag_21': 0.35030243016252904, 'lag_22': 0.9660070203929916, 'lag_23': 0.9584095990539232, 'lag_24': 0.40983350940105706, 'lag_25': 0.7576591814396643, 'lag_26': 0.6377463363349583, 'lag_27': 0.3379510820548138, 'lag_28': 0.5434819798898058}. Best is trial 12 with value: 0.011325644823139889.
[I 2025-09-29 11:57:52,699] Trial 51 finished with value: 0.011730039567797355 and parameters: {'lag_0': 0.6949234240240012, 'lag_1': 0.12660433345077296, 'lag_2': 0.6535110331931737, 'lag_3': 0.37975342778371546, 'lag_4': 0.5558461712292327, 'lag_5': 0.8697127550380498, 'lag_6': 0.8508666874264798, 'lag_7': 0.5574064405474204, 'lag_8': 0.4971310371735398, 'lag_9': 0.050257434439335835, 'lag_10': 0.21976703751989207, 'lag_11': 0.763525194194094, 'lag_12': 0.9823193384709847, 'lag_13': 0.052326881406398906, 'lag_14': 0.34089795029812514, 'lag_15': 0.09160842503573419, 'lag_16': 0.06535202246011343, 'lag_17': 0.4859008137680618, 'lag_18': 0.8926550937506648, 'lag_19': 0.8929283197405145, 'lag_20': 0.4211531000099526, 'lag_21': 0.2627572854781727, 'lag_22': 0.8774195576620055, 'lag_23': 0.6784982374145838, 'lag_24': 0.8827966430175813, 'lag_25': 0.5213814067890363, 'lag_26': 0.008898528373454305, 'lag_27': 0.19366229840403387, 'lag_28': 0.8818250877550252}. Best is trial 12 with value: 0.011325644823139889.
[I 2025-09-29 11:57:55,042] Trial 52 finished with value: 0.011524867315826165 and parameters: {'lag_0': 0.6947872189677878, 'lag_1': 0.21156654392820273, 'lag_2': 0.5559153487412027, 'lag_3': 0.29649930455239176, 'lag_4': 0.5280073924266215, 'lag_5': 0.822892365846005, 'lag_6': 0.8722749117895792, 'lag_7': 0.5864339590680805, 'lag_8': 0.5316784052757936, 'lag_9': 0.11764764467819208, 'lag_10': 0.11537726071876792, 'lag_11': 0.7326744355979833, 'lag_12': 0.9373286467907758, 'lag_13': 0.1166046572424811, 'lag_14': 0.35796368461326433, 'lag_15': 0.046210284467049764, 'lag_16': 0.18138042826128742, 'lag_17': 0.5404909448227829, 'lag_18': 0.8483433639410827, 'lag_19': 0.8681290052256789, 'lag_20': 0.3877101775335798, 'lag_21': 0.23204921864266195, 'lag_22': 0.7373313416606339, 'lag_23': 0.7133270335190588, 'lag_24': 0.8154795404081895, 'lag_25': 0.6043068593106722, 'lag_26': 0.09290701158813168, 'lag_27': 0.15139703437180158, 'lag_28': 0.9719553134717093}. Best is trial 12 with value: 0.011325644823139889.
[I 2025-09-29 11:57:57,396] Trial 53 finished with value: 0.011548270129533028 and parameters: {'lag_0': 0.7746636362266939, 'lag_1': 0.039270244625879414, 'lag_2': 0.6988938114905099, 'lag_3': 0.4302627651686746, 'lag_4': 0.5983663569313158, 'lag_5': 0.754940438375714, 'lag_6': 0.7957591095955818, 'lag_7': 0.4626916153468441, 'lag_8': 0.44084237718442565, 'lag_9': 0.191057111029303, 'lag_10': 0.005503591800730567, 'lag_11': 0.7418845919386836, 'lag_12': 0.8792068823017014, 'lag_13': 0.04228414033364429, 'lag_14': 0.27201462849507924, 'lag_15': 0.08019368106955484, 'lag_16': 0.005775070263654793, 'lag_17': 0.5014334322331094, 'lag_18': 0.9286212018475363, 'lag_19': 0.768853641506665, 'lag_20': 0.2152445381850285, 'lag_21': 0.2495928312583669, 'lag_22': 0.6730312154457011, 'lag_23': 0.6562663191600453, 'lag_24': 0.9576198464483229, 'lag_25': 0.5388313684814838, 'lag_26': 0.700657571967031, 'lag_27': 0.07702262364194834, 'lag_28': 0.8804329017668613}. Best is trial 12 with value: 0.011325644823139889.
[I 2025-09-29 11:57:59,759] Trial 54 finished with value: 0.01127949366714399 and parameters: {'lag_0': 0.8651905052648863, 'lag_1': 0.14027817083370975, 'lag_2': 0.6320493041160017, 'lag_3': 0.6051912838714233, 'lag_4': 0.44797349866761865, 'lag_5': 0.9109359601759616, 'lag_6': 0.9141945558402835, 'lag_7': 0.9563770135957346, 'lag_8': 0.35923468432611694, 'lag_9': 0.23019349797095737, 'lag_10': 0.2901227572417031, 'lag_11': 0.6871067784986601, 'lag_12': 0.9888481469253612, 'lag_13': 0.00148126737189061, 'lag_14': 0.3890194971866314, 'lag_15': 0.14536948389959797, 'lag_16': 0.12728088017796607, 'lag_17': 0.3866800913702926, 'lag_18': 0.7832208240922471, 'lag_19': 0.898120001893474, 'lag_20': 0.6378271189993978, 'lag_21': 0.18968211928745926, 'lag_22': 0.8183386816572995, 'lag_23': 0.5663995052593881, 'lag_24': 0.8859147580817446, 'lag_25': 0.6730299094429739, 'lag_26': 0.018370543818870134, 'lag_27': 0.17325322729157822, 'lag_28': 0.8024766345845562}. Best is trial 54 with value: 0.01127949366714399.
[I 2025-09-29 11:58:02,115] Trial 55 finished with value: 0.011247057433967778 and parameters: {'lag_0': 0.885337638152497, 'lag_1': 0.1533945740153362, 'lag_2': 0.5899810894298321, 'lag_3': 0.5371317699069755, 'lag_4': 0.48464900087017276, 'lag_5': 0.9078459609087691, 'lag_6': 0.9335055639080306, 'lag_7': 0.940549044763566, 'lag_8': 0.3592235447730891, 'lag_9': 0.40948673569405647, 'lag_10': 0.344825756708063, 'lag_11': 0.6747507027162839, 'lag_12': 0.010529818240376632, 'lag_13': 0.5005367184738724, 'lag_14': 0.1622786394414914, 'lag_15': 0.14134829057846982, 'lag_16': 0.2593440471638263, 'lag_17': 0.3895165452018824, 'lag_18': 0.7973584906421001, 'lag_19': 0.8503367838561156, 'lag_20': 0.7536545828816476, 'lag_21': 0.15594441352647517, 'lag_22': 0.8201569376420103, 'lag_23': 0.5770041961989846, 'lag_24': 0.897783964024791, 'lag_25': 0.6628015799937182, 'lag_26': 0.7775217279821828, 'lag_27': 0.0028476363548352174, 'lag_28': 0.7463144331320077}. Best is trial 55 with value: 0.011247057433967778.
[I 2025-09-29 11:58:04,469] Trial 56 finished with value: 0.011806975886518281 and parameters: {'lag_0': 0.8993593405158866, 'lag_1': 0.9948033578353643, 'lag_2': 0.600441871105604, 'lag_3': 0.6035298590868461, 'lag_4': 0.47509527095100684, 'lag_5': 0.9430431924421844, 'lag_6': 0.9407133437793542, 'lag_7': 0.9482715106428189, 'lag_8': 0.2953974822459332, 'lag_9': 0.4211328698957561, 'lag_10': 0.3574037379242196, 'lag_11': 0.6924339026909858, 'lag_12': 0.14435683362863772, 'lag_13': 0.5155631077878865, 'lag_14': 0.1622148195892254, 'lag_15': 0.259826497219337, 'lag_16': 0.25804509757555216, 'lag_17': 0.3856606154036841, 'lag_18': 0.7883828551254405, 'lag_19': 0.8307301752690383, 'lag_20': 0.7941351911059016, 'lag_21': 0.17729959681703356, 'lag_22': 0.815723464415759, 'lag_23': 0.5688308674768517, 'lag_24': 0.8968478695005484, 'lag_25': 0.6706495584873758, 'lag_26': 0.47452453566670727, 'lag_27': 0.01725251427086756, 'lag_28': 0.8016600928675482}. Best is trial 55 with value: 0.011247057433967778.
[I 2025-09-29 11:58:06,826] Trial 57 finished with value: 0.011861002447305109 and parameters: {'lag_0': 0.8603527927446701, 'lag_1': 0.3802955608184246, 'lag_2': 0.639997703282297, 'lag_3': 0.6547821926404077, 'lag_4': 0.4524641220924893, 'lag_5': 0.9061501846391962, 'lag_6': 0.9053523473379667, 'lag_7': 0.8639442752100166, 'lag_8': 0.1611925165135171, 'lag_9': 0.2390586815148025, 'lag_10': 0.28433324657850856, 'lag_11': 0.07216357455638883, 'lag_12': 0.05451492853907112, 'lag_13': 0.570935646353862, 'lag_14': 0.21900313130900323, 'lag_15': 0.5200714900982962, 'lag_16': 0.10462110050428144, 'lag_17': 0.32330157581400903, 'lag_18': 0.811488305084874, 'lag_19': 0.716224370251558, 'lag_20': 0.8815400905704236, 'lag_21': 0.118635536874876, 'lag_22': 0.0011060604557081091, 'lag_23': 0.4224914329649483, 'lag_24': 0.9561278441893045, 'lag_25': 0.6285431888252707, 'lag_26': 0.30071090255373345, 'lag_27': 0.049996304460170574, 'lag_28': 0.7502912907724288}. Best is trial 55 with value: 0.011247057433967778.
[I 2025-09-29 11:58:09,177] Trial 58 finished with value: 0.011720467467600474 and parameters: {'lag_0': 0.9534358469352618, 'lag_1': 0.24941785304515693, 'lag_2': 0.504133328055014, 'lag_3': 0.757095372366664, 'lag_4': 0.1939452347205016, 'lag_5': 0.9763085905175988, 'lag_6': 0.9835390618359898, 'lag_7': 0.9621530715524088, 'lag_8': 0.26638109071269106, 'lag_9': 0.27820194914834684, 'lag_10': 0.9161991488718862, 'lag_11': 0.6303330885468318, 'lag_12': 0.21765195890450612, 'lag_13': 0.4747713946675409, 'lag_14': 0.4666225048508552, 'lag_15': 0.1359156787710039, 'lag_16': 0.6811893426095015, 'lag_17': 0.16996844012815598, 'lag_18': 0.6435107462573882, 'lag_19': 0.6193231171644501, 'lag_20': 0.7130741473222681, 'lag_21': 0.19126671650603563, 'lag_22': 0.8923291762945357, 'lag_23': 0.5102544321209586, 'lag_24': 0.320236813122454, 'lag_25': 0.45404441533109285, 'lag_26': 0.7941539880066789, 'lag_27': 0.25792212961041217, 'lag_28': 0.6721524882465275}. Best is trial 55 with value: 0.011247057433967778.
[I 2025-09-29 11:58:11,523] Trial 59 finished with value: 0.011628695996148073 and parameters: {'lag_0': 0.8063261354828528, 'lag_1': 0.14905529895458786, 'lag_2': 0.777039065845467, 'lag_3': 0.13709297271927362, 'lag_4': 0.35525784895531604, 'lag_5': 0.8004571229312907, 'lag_6': 0.7798113746983835, 'lag_7': 0.8191968740432268, 'lag_8': 0.21213828871367485, 'lag_9': 0.7564402268414488, 'lag_10': 0.9896740388544258, 'lag_11': 0.23642407283870348, 'lag_12': 0.3255871009550383, 'lag_13': 0.6303998396680461, 'lag_14': 0.08625555729831384, 'lag_15': 0.00902291306328612, 'lag_16': 0.9880417436107473, 'lag_17': 0.2635108788691643, 'lag_18': 0.8550441758683265, 'lag_19': 0.26016302123125484, 'lag_20': 0.6416777700943215, 'lag_21': 0.04888109974740065, 'lag_22': 0.18978253443952747, 'lag_23': 0.5795888091510517, 'lag_24': 0.8349543441713027, 'lag_25': 0.8022703825481927, 'lag_26': 0.856181904378567, 'lag_27': 0.0005712039375678607, 'lag_28': 0.7891560574786738}. Best is trial 55 with value: 0.011247057433967778.
[I 2025-09-29 11:58:13,874] Trial 60 finished with value: 0.011712271098698608 and parameters: {'lag_0': 0.9896604472185285, 'lag_1': 0.20735974519034278, 'lag_2': 0.4375883756802459, 'lag_3': 0.5422800431442499, 'lag_4': 0.07829645018700952, 'lag_5': 0.9264538325021292, 'lag_6': 0.9112138807202675, 'lag_7': 0.7520251847715345, 'lag_8': 0.11876570728542862, 'lag_9': 0.4991028388444009, 'lag_10': 0.8334452562197696, 'lag_11': 0.9200082484773625, 'lag_12': 0.5039775514861312, 'lag_13': 0.8764421051407918, 'lag_14': 0.13337295068914687, 'lag_15': 0.33739313931950743, 'lag_16': 0.33940438239717213, 'lag_17': 0.21530274758741916, 'lag_18': 0.9620192740539221, 'lag_19': 0.7747971917847319, 'lag_20': 0.727394524191797, 'lag_21': 0.1217612665576722, 'lag_22': 0.9528141005254769, 'lag_23': 0.43878393189161613, 'lag_24': 0.9722440189976411, 'lag_25': 0.6866320947635804, 'lag_26': 0.13706272427065577, 'lag_27': 0.09653562433645473, 'lag_28': 0.8417744271891471}. Best is trial 55 with value: 0.011247057433967778.
[I 2025-09-29 11:58:16,225] Trial 61 finished with value: 0.011355695541403393 and parameters: {'lag_0': 0.8650063169249187, 'lag_1': 0.10118418958185066, 'lag_2': 0.7225440872008468, 'lag_3': 0.5104561294992798, 'lag_4': 0.3962665672242012, 'lag_5': 0.8712572547627055, 'lag_6': 0.6232105999882835, 'lag_7': 0.9762479763330957, 'lag_8': 0.36350498942605547, 'lag_9': 0.32258779533668136, 'lag_10': 0.39400008641959405, 'lag_11': 0.549672581313541, 'lag_12': 0.07784940264735042, 'lag_13': 0.4086622731305859, 'lag_14': 0.30090936410986896, 'lag_15': 0.16592053495643835, 'lag_16': 0.1773075730621769, 'lag_17': 0.014393535487623843, 'lag_18': 0.7491463961998934, 'lag_19': 0.9133019675417109, 'lag_20': 0.8256532642647504, 'lag_21': 0.2925276880900855, 'lag_22': 0.8299098482075119, 'lag_23': 0.8906391298462766, 'lag_24': 0.8519150254511104, 'lag_25': 0.7317937425991512, 'lag_26': 0.7546875472120864, 'lag_27': 0.18402907472523694, 'lag_28': 0.7461176848897818}. Best is trial 55 with value: 0.011247057433967778.
[I 2025-09-29 11:58:18,571] Trial 62 finished with value: 0.011439343455891936 and parameters: {'lag_0': 0.8769910288219189, 'lag_1': 0.09992182473284933, 'lag_2': 0.7335825586617342, 'lag_3': 0.600799579038714, 'lag_4': 0.41194358451851965, 'lag_5': 0.8806861783198338, 'lag_6': 0.6293352306167591, 'lag_7': 0.9100235133297261, 'lag_8': 0.35330304996401846, 'lag_9': 0.4029711774936449, 'lag_10': 0.4506923316552249, 'lag_11': 0.695957633942055, 'lag_12': 0.0014912910373005572, 'lag_13': 0.4266031870781775, 'lag_14': 0.24288949297941814, 'lag_15': 0.22021039524226543, 'lag_16': 0.16054476711116888, 'lag_17': 0.052223502751650365, 'lag_18': 0.7689263226557965, 'lag_19': 0.8450824448503484, 'lag_20': 0.9521161822966662, 'lag_21': 0.1485490840519737, 'lag_22': 0.8274439729807541, 'lag_23': 0.5954475637587072, 'lag_24': 0.8501066532189786, 'lag_25': 0.6404613395481207, 'lag_26': 0.7370102865823475, 'lag_27': 0.22909351831241298, 'lag_28': 0.75139117494466}. Best is trial 55 with value: 0.011247057433967778.
[I 2025-09-29 11:58:20,924] Trial 63 finished with value: 0.012049772337677423 and parameters: {'lag_0': 0.9290054941923533, 'lag_1': 0.31697776670741307, 'lag_2': 0.8221084948143935, 'lag_3': 0.5707666440730286, 'lag_4': 0.3833934524937087, 'lag_5': 0.688118470837197, 'lag_6': 0.6433224629366857, 'lag_7': 0.9638358620183397, 'lag_8': 0.40516779324286967, 'lag_9': 0.33474428149406354, 'lag_10': 0.39402909196473473, 'lag_11': 0.5429331470099452, 'lag_12': 0.07279271866599923, 'lag_13': 0.39532385792552327, 'lag_14': 0.399752138833997, 'lag_15': 0.11277119066486962, 'lag_16': 0.7776812536043581, 'lag_17': 0.004982819576565017, 'lag_18': 0.6798321295204718, 'lag_19': 0.9077543471895159, 'lag_20': 0.6404760226889356, 'lag_21': 0.2973331955687394, 'lag_22': 0.7757843644030179, 'lag_23': 0.5209068347448813, 'lag_24': 0.8986832182752529, 'lag_25': 0.7220276337105421, 'lag_26': 0.048454803883460976, 'lag_27': 0.3098587030555319, 'lag_28': 0.7352488095029641}. Best is trial 55 with value: 0.011247057433967778.
[I 2025-09-29 11:58:23,274] Trial 64 finished with value: 0.011700561892739056 and parameters: {'lag_0': 0.8222218439070984, 'lag_1': 0.1658997594801055, 'lag_2': 0.5708791643177908, 'lag_3': 0.8116831928641821, 'lag_4': 0.24063322455933106, 'lag_5': 0.7580898510770755, 'lag_6': 0.7224307962425982, 'lag_7': 0.890679899952969, 'lag_8': 0.3194437914749011, 'lag_9': 0.21966079927118198, 'lag_10': 0.4663602921671178, 'lag_11': 0.5722482566051043, 'lag_12': 0.12672478615870286, 'lag_13': 0.4629389232059408, 'lag_14': 0.5332475241933524, 'lag_15': 0.2611608762472808, 'lag_16': 0.13308215591434136, 'lag_17': 0.3319196888505526, 'lag_18': 0.734295419569206, 'lag_19': 0.9602531458122738, 'lag_20': 0.8387041514553525, 'lag_21': 0.0007613478276646268, 'lag_22': 0.03394369249161133, 'lag_23': 0.3618424898442036, 'lag_24': 0.7491298676206246, 'lag_25': 0.6056619833052226, 'lag_26': 0.5772481404097839, 'lag_27': 0.8160311106664264, 'lag_28': 0.9934048198168973}. Best is trial 55 with value: 0.011247057433967778.
[I 2025-09-29 11:58:25,623] Trial 65 finished with value: 0.011820260131144214 and parameters: {'lag_0': 0.7547669259511016, 'lag_1': 0.08241082649699705, 'lag_2': 0.9022031328905019, 'lag_3': 0.5132044737977988, 'lag_4': 0.4533431242658499, 'lag_5': 0.7828259156622767, 'lag_6': 0.5495146511115518, 'lag_7': 0.35958694028876, 'lag_8': 0.3788137469307704, 'lag_9': 0.2876201015793173, 'lag_10': 0.33105738908933435, 'lag_11': 0.4946519806076332, 'lag_12': 0.04906265155591884, 'lag_13': 0.3713939506529482, 'lag_14': 0.006516567833475206, 'lag_15': 0.17151802533651578, 'lag_16': 0.8424697466891156, 'lag_17': 0.13941727330369613, 'lag_18': 0.8074721920622392, 'lag_19': 0.8869931978707066, 'lag_20': 0.7476847484265413, 'lag_21': 0.33835647275284186, 'lag_22': 0.9098614414506401, 'lag_23': 0.6380916385933967, 'lag_24': 0.9341315646846559, 'lag_25': 0.78072564714972, 'lag_26': 0.7828859991724088, 'lag_27': 0.178710178940353, 'lag_28': 0.9105123233125255}. Best is trial 55 with value: 0.011247057433967778.
[I 2025-09-29 11:58:27,971] Trial 66 finished with value: 0.011638204837400629 and parameters: {'lag_0': 0.9409829302748864, 'lag_1': 0.4323547154140193, 'lag_2': 0.6295260606902641, 'lag_3': 0.6891714481524633, 'lag_4': 0.3168578186306392, 'lag_5': 0.9938452498748325, 'lag_6': 0.946498221415577, 'lag_7': 0.8385557038452155, 'lag_8': 0.8334660058199306, 'lag_9': 0.1438471326281995, 'lag_10': 0.2280323840612431, 'lag_11': 0.6488798208813608, 'lag_12': 0.11469304180126422, 'lag_13': 0.5012733290632643, 'lag_14': 0.32273668564781743, 'lag_15': 0.5604713174808492, 'lag_16': 0.6363213481315784, 'lag_17': 0.40074088108993544, 'lag_18': 0.8931296035327192, 'lag_19': 0.8081031693109797, 'lag_20': 0.8579409008723587, 'lag_21': 0.09184988786951703, 'lag_22': 0.8370997416776053, 'lag_23': 0.7584229099162774, 'lag_24': 0.6284990404261359, 'lag_25': 0.3115015942346438, 'lag_26': 0.8273731910960478, 'lag_27': 0.362468986089982, 'lag_28': 0.4664570790624005}. Best is trial 55 with value: 0.011247057433967778.
