[I 2025-09-29 11:59:54,296] Trial 88 finished with value: 0.005079653381331805 and parameters: {'lag_0': 0.10343541817397123, 'lag_1': 0.3669850747787976, 'lag_2': 0.6744076976397018, 'lag_3': 0.5570611310547964, 'lag_4': 0.20269602763575362, 'lag_5': 0.8803364105516545, 'lag_6': 0.3878279769722751, 'lag_7': 0.7315684692508105, 'lag_8': 0.2063750696951672, 'lag_9': 0.3267201048320641, 'lag_10': 0.38050045542426925, 'lag_11': 0.15953302405913405, 'lag_12': 0.8639497558512813, 'lag_13': 0.15610538544400604, 'lag_14': 0.632521019797041, 'lag_15': 0.46451141010346986, 'lag_16': 0.19942221719486014, 'lag_17': 0.015965839421009792, 'lag_18': 0.569016288368263, 'lag_19': 0.9252421489326975, 'lag_20': 0.24963587118421432, 'lag_21': 0.7696945644247143, 'lag_22': 0.23927823798692419, 'lag_23': 0.1847492523505199, 'lag_24': 0.5221751781592354, 'lag_25': 0.8126869112044768, 'lag_26': 0.23626970087203109, 'lag_27': 0.10318123368242413, 'lag_28': 0.5615536150134615}. Best is trial 61 with value: 0.00495001720744123.
[I 2025-09-29 11:59:56,762] Trial 89 finished with value: 0.005044611803754007 and parameters: {'lag_0': 0.1756736558548276, 'lag_1': 0.48652140619627826, 'lag_2': 0.6340401917085075, 'lag_3': 0.5123998375195918, 'lag_4': 0.2264805070695917, 'lag_5': 0.8371353978173164, 'lag_6': 0.6182793646370395, 'lag_7': 0.609932630122255, 'lag_8': 0.17699561276588222, 'lag_9': 0.38415675078317035, 'lag_10': 0.482532021091597, 'lag_11': 0.06571794883795179, 'lag_12': 0.8391250940890819, 'lag_13': 0.32742953991851675, 'lag_14': 0.6867765509609248, 'lag_15': 0.33014224403621595, 'lag_16': 0.31738753671231734, 'lag_17': 0.1893805091918762, 'lag_18': 0.5436324554272945, 'lag_19': 0.8790920502876451, 'lag_20': 0.3124990646715258, 'lag_21': 0.7359772620470598, 'lag_22': 0.11995499258761438, 'lag_23': 0.34207845637714956, 'lag_24': 0.4255913762955729, 'lag_25': 0.9369546953283974, 'lag_26': 0.4342663762129814, 'lag_27': 0.001985112448582377, 'lag_28': 0.43527302013643177}. Best is trial 61 with value: 0.00495001720744123.
[I 2025-09-29 11:59:59,156] Trial 90 finished with value: 0.004974840324721416 and parameters: {'lag_0': 0.1425416926539626, 'lag_1': 0.45097740000674463, 'lag_2': 0.80331704483684, 'lag_3': 0.5971347239149587, 'lag_4': 0.3134836781311663, 'lag_5': 0.8492190520740266, 'lag_6': 0.5034062655404833, 'lag_7': 0.7881943815920213, 'lag_8': 0.34191510570088957, 'lag_9': 0.3559753492847645, 'lag_10': 0.2653434159612299, 'lag_11': 0.12197369897188814, 'lag_12': 0.7014330977403083, 'lag_13': 0.041221407263451304, 'lag_14': 0.5644026200246969, 'lag_15': 0.5154136788551095, 'lag_16': 0.4276956869869427, 'lag_17': 0.2530716046600887, 'lag_18': 0.6059671227119962, 'lag_19': 0.9724844193424866, 'lag_20': 0.20978499961206679, 'lag_21': 0.5612214939514144, 'lag_22': 0.05950495569744585, 'lag_23': 0.3970121296041489, 'lag_24': 0.5499258654082123, 'lag_25': 0.8807069356922121, 'lag_26': 0.393219967627789, 'lag_27': 0.1370893107296819, 'lag_28': 0.32831680460139945}. Best is trial 61 with value: 0.00495001720744123.
[I 2025-09-29 12:00:01,489] Trial 91 finished with value: 0.004961861304463001 and parameters: {'lag_0': 0.8059381649343844, 'lag_1': 0.5514797944392381, 'lag_2': 0.7287712941114395, 'lag_3': 0.39394934051018354, 'lag_4': 0.15458553347640636, 'lag_5': 0.13455915944900781, 'lag_6': 0.4682745607554506, 'lag_7': 0.9035913594122146, 'lag_8': 0.24945496594001465, 'lag_9': 0.2403457084015731, 'lag_10': 0.3707495729099145, 'lag_11': 0.05823851735743691, 'lag_12': 0.9414142263076158, 'lag_13': 0.3488913970793306, 'lag_14': 0.5258883253806294, 'lag_15': 0.2578147357133437, 'lag_16': 0.3796643589680084, 'lag_17': 0.16179901175804326, 'lag_18': 0.48560352436673276, 'lag_19': 0.8104786587670835, 'lag_20': 0.2852873580817874, 'lag_21': 0.8308026134199792, 'lag_22': 0.15670389944248325, 'lag_23': 0.45718443420598437, 'lag_24': 0.5045989355360002, 'lag_25': 0.9810686151452781, 'lag_26': 0.33020789550937024, 'lag_27': 0.032003797896123114, 'lag_28': 0.4189816264105412}. Best is trial 61 with value: 0.00495001720744123.
[I 2025-09-29 12:00:03,870] Trial 92 finished with value: 0.005028109838016001 and parameters: {'lag_0': 0.27577696267616975, 'lag_1': 0.5658977311752005, 'lag_2': 0.8470847288841432, 'lag_3': 0.413591541640235, 'lag_4': 0.16735071085285974, 'lag_5': 0.047866792178576256, 'lag_6': 0.5333354844825938, 'lag_7': 0.8251823369346261, 'lag_8': 0.2822317033229575, 'lag_9': 0.29581462300943157, 'lag_10': 0.3241448198094838, 'lag_11': 0.21317889888919628, 'lag_12': 0.9957462895676137, 'lag_13': 0.24250069313936354, 'lag_14': 0.5388643239121964, 'lag_15': 0.24455109745354583, 'lag_16': 0.37766402651474007, 'lag_17': 0.14472642892396356, 'lag_18': 0.4637667566134934, 'lag_19': 0.8092132314569503, 'lag_20': 0.42033984238933275, 'lag_21': 0.8240882961651511, 'lag_22': 0.16864981825895953, 'lag_23': 0.24691181124508113, 'lag_24': 0.3331424357131421, 'lag_25': 0.9982795918219743, 'lag_26': 0.3379734079842256, 'lag_27': 0.06424289797212426, 'lag_28': 0.5152809453984815}. Best is trial 61 with value: 0.00495001720744123.
[I 2025-09-29 12:00:06,175] Trial 93 finished with value: 0.005021599545296455 and parameters: {'lag_0': 0.12319628762759548, 'lag_1': 0.5299879922892065, 'lag_2': 0.7307320129034538, 'lag_3': 0.4789454764391648, 'lag_4': 0.19198940197573017, 'lag_5': 0.15057478809034913, 'lag_6': 0.5983919488418159, 'lag_7': 0.7670093323007042, 'lag_8': 0.3826390588055738, 'lag_9': 0.16041861199947138, 'lag_10': 0.2871041360918796, 'lag_11': 0.09149088816505893, 'lag_12': 0.8819539943952928, 'lag_13': 0.3609542221514492, 'lag_14': 0.5436223422147124, 'lag_15': 0.15111894923349603, 'lag_16': 0.3549262076898394, 'lag_17': 0.11573014304100099, 'lag_18': 0.4505417340144228, 'lag_19': 0.8625266808234189, 'lag_20': 0.27424465603370746, 'lag_21': 0.7780126392067822, 'lag_22': 0.13608589838955504, 'lag_23': 0.37754147774338825, 'lag_24': 0.4771253354340967, 'lag_25': 0.9390688596935999, 'lag_26': 0.3152323017761859, 'lag_27': 0.16495763257602586, 'lag_28': 0.4875777922646452}. Best is trial 61 with value: 0.00495001720744123.
[I 2025-09-29 12:00:08,487] Trial 94 finished with value: 0.0050015467770141864 and parameters: {'lag_0': 0.6246560032423304, 'lag_1': 0.4157130300616807, 'lag_2': 0.6852822738571129, 'lag_3': 0.5403437499902685, 'lag_4': 0.2609532876549591, 'lag_5': 0.3009883591798742, 'lag_6': 0.42365718772939254, 'lag_7': 0.8383356788351956, 'lag_8': 0.23748921599130635, 'lag_9': 0.2223242321892483, 'lag_10': 0.4115251086015347, 'lag_11': 0.05572067594824853, 'lag_12': 0.9312666402177128, 'lag_13': 0.33751655875715114, 'lag_14': 0.7043277559193306, 'lag_15': 0.25087763510010835, 'lag_16': 0.22150183076065114, 'lag_17': 0.2987719040503414, 'lag_18': 0.5209259796887021, 'lag_19': 0.8464143474233061, 'lag_20': 0.3391394012343163, 'lag_21': 0.8426758282993283, 'lag_22': 0.32389326447404365, 'lag_23': 0.45932414099341984, 'lag_24': 0.5058978914593374, 'lag_25': 0.9733397115012701, 'lag_26': 0.4876263124365582, 'lag_27': 0.08380016749381869, 'lag_28': 0.38424602359833226}. Best is trial 61 with value: 0.00495001720744123.
[I 2025-09-29 12:00:10,773] Trial 95 finished with value: 0.005085972009575516 and parameters: {'lag_0': 0.7768570720259326, 'lag_1': 0.49665317634815415, 'lag_2': 0.7816542877783924, 'lag_3': 0.44270591541136495, 'lag_4': 0.14500052950201292, 'lag_5': 0.90597173890422, 'lag_6': 0.6312058354969354, 'lag_7': 0.9000597645648539, 'lag_8': 0.30376682398539656, 'lag_9': 0.42733992095059004, 'lag_10': 0.4446090434578603, 'lag_11': 0.14124620202191857, 'lag_12': 0.967339378623308, 'lag_13': 0.40300021552089926, 'lag_14': 0.7493901561151949, 'lag_15': 0.3534097407193745, 'lag_16': 0.4486824050064983, 'lag_17': 0.21268315131460513, 'lag_18': 0.4148061207971692, 'lag_19': 0.9056797696660843, 'lag_20': 0.12253933083880433, 'lag_21': 0.714590411093484, 'lag_22': 0.2505736931225035, 'lag_23': 0.43380912145175, 'lag_24': 0.45124911443453436, 'lag_25': 0.8993881207947009, 'lag_26': 0.25670320459182394, 'lag_27': 0.04149848061122832, 'lag_28': 0.4678350241023093}. Best is trial 61 with value: 0.00495001720744123.
[I 2025-09-29 12:00:13,055] Trial 96 finished with value: 0.005005438627852546 and parameters: {'lag_0': 0.6559645327128873, 'lag_1': 0.5874855335315115, 'lag_2': 0.6429928540198195, 'lag_3': 0.39479954401524314, 'lag_4': 0.2157195521228844, 'lag_5': 0.9482730067261796, 'lag_6': 0.5796248477679136, 'lag_7': 0.7059954552962517, 'lag_8': 0.2171630742904665, 'lag_9': 0.2956608936702382, 'lag_10': 0.23908515977570366, 'lag_11': 0.022194663388573736, 'lag_12': 0.7506700800321571, 'lag_13': 0.27210217165410305, 'lag_14': 0.5072215758089411, 'lag_15': 0.4559559706985744, 'lag_16': 0.2744958050597212, 'lag_17': 0.17569623748807583, 'lag_18': 0.49549155835901293, 'lag_19': 0.7663084542283831, 'lag_20': 0.23169784632868062, 'lag_21': 0.7461526196223931, 'lag_22': 0.21345585269226122, 'lag_23': 0.3205963115690671, 'lag_24': 0.39981844945384365, 'lag_25': 0.9727443299661304, 'lag_26': 0.4229973790273286, 'lag_27': 0.05499706771485123, 'lag_28': 0.4261943251312456}. Best is trial 61 with value: 0.00495001720744123.
[I 2025-09-29 12:00:15,336] Trial 97 finished with value: 0.004979987932766705 and parameters: {'lag_0': 0.8508181494486518, 'lag_1': 0.34564300742893095, 'lag_2': 0.6666014350460201, 'lag_3': 0.5173701200656015, 'lag_4': 0.11948527753331262, 'lag_5': 0.37034013777610736, 'lag_6': 0.34213815752457144, 'lag_7': 0.784066797567438, 'lag_8': 0.3357261439308433, 'lag_9': 0.46491836030998657, 'lag_10': 0.3961991961992519, 'lag_11': 0.08003866705654872, 'lag_12': 0.5851939608175983, 'lag_13': 0.1546019666978948, 'lag_14': 0.7892974043013778, 'lag_15': 0.2081626121168451, 'lag_16': 0.4168950948691987, 'lag_17': 0.04828532239218536, 'lag_18': 0.5641340115747482, 'lag_19': 0.9273714761165156, 'lag_20': 0.28929168153304075, 'lag_21': 0.6894491248493304, 'lag_22': 0.07172679962041204, 'lag_23': 0.1886479459675596, 'lag_24': 0.565561409006782, 'lag_25': 0.845596090713481, 'lag_26': 0.3532006685958101, 'lag_27': 0.1134963332513793, 'lag_28': 0.539815067625921}. Best is trial 61 with value: 0.00495001720744123.
[I 2025-09-29 12:00:17,620] Trial 98 finished with value: 0.005008575907640096 and parameters: {'lag_0': 0.23528548226214696, 'lag_1': 0.561922282584796, 'lag_2': 0.7429597366031632, 'lag_3': 0.3346660379308012, 'lag_4': 0.28905560708041345, 'lag_5': 0.14560492844094708, 'lag_6': 0.5133973680645477, 'lag_7': 0.6608626276778149, 'lag_8': 0.1528201004042513, 'lag_9': 0.5339770719593852, 'lag_10': 0.5109175797006268, 'lag_11': 0.023873788145869698, 'lag_12': 0.9098474178007318, 'lag_13': 0.44504605211880793, 'lag_14': 0.6523055063879114, 'lag_15': 0.27371840399015757, 'lag_16': 0.16534891751246056, 'lag_17': 0.2825205453990268, 'lag_18': 0.48206163489564446, 'lag_19': 0.802111152056664, 'lag_20': 0.3806044976622086, 'lag_21': 0.8020044035820656, 'lag_22': 0.041755574595966585, 'lag_23': 0.3582623903819052, 'lag_24': 0.5331714162153519, 'lag_25': 0.9187839541984228, 'lag_26': 0.0003963221268646344, 'lag_27': 0.18137354824195068, 'lag_28': 0.35207398965621334}. Best is trial 61 with value: 0.00495001720744123.
[I 2025-09-29 12:00:19,898] Trial 99 finished with value: 0.0050256695634073294 and parameters: {'lag_0': 0.15906825859147689, 'lag_1': 0.4679435704897421, 'lag_2': 0.575610195750807, 'lag_3': 0.49677795397515606, 'lag_4': 0.3495950131912523, 'lag_5': 0.8614279894275333, 'lag_6': 0.4825507593733718, 'lag_7': 0.6214960224451745, 'lag_8': 0.25497233781552847, 'lag_9': 0.1493086105293564, 'lag_10': 0.3556556162797882, 'lag_11': 0.1798659916718163, 'lag_12': 0.8386513207093949, 'lag_13': 0.2490365808422853, 'lag_14': 0.616186662641589, 'lag_15': 0.41364999230172134, 'lag_16': 0.3036950387788961, 'lag_17': 0.3284729411356725, 'lag_18': 0.0017445726979061493, 'lag_19': 0.9000582174328693, 'lag_20': 0.5220367804128863, 'lag_21': 0.9774336488719643, 'lag_22': 0.16693010576737988, 'lag_23': 0.4829957494073164, 'lag_24': 0.5024553913888672, 'lag_25': 0.7809283498650923, 'lag_26': 0.5098067445206486, 'lag_27': 0.02146813012693801, 'lag_28': 0.44895390288014053}. Best is trial 61 with value: 0.00495001720744123.
2025-09-29 12:00:22,498 - distributed.worker - INFO - Stopping worker at tcp://192.168.86.107:33902. Reason: scheduler-remove-worker
2025-09-29 12:00:22,502 - distributed.nanny - INFO - Closing Nanny gracefully at 'tcp://192.168.86.107:33717'. Reason: scheduler-remove-worker
2025-09-29 12:00:22,508 - distributed.nanny - INFO - Worker closed
2025-09-29 12:00:22,509 - distributed.core - INFO - Connection to tcp://192.168.86.101:45699 has been closed.
slurmstepd: error: *** JOB 3081110 ON node07 CANCELLED AT 2025-09-29T12:00:22 ***
