[I 2025-10-03 11:37:59,207] Trial 55 finished with values: [0.00690625, 0.005509929529608654, 0.0034686742705075774, 0.004892437408376192, 0.0005244337868775534, 0.004557626778645701, 0.00201228892214322, 0.0022778463973974054, 0.0008777359602753027, 0.00013474405228670487, 0.0005585670337383594, 0.0002491801734840362, 0.004310899737269211, 0.0056931853554653255, 0.0, 0.012505066620956653, 0.008166657558911513, 0.0009398915197708904, 0.0003957825376105257, 0.0011939501280280472, 3.5282605402224464e-05, 0.0003306228124254966, 0.0019363274148228049, 0.0017983220934119123, 0.002224503084408076, 0.00012954926842786188, 0.006781368014919497, 0.001032821503911617, 0.00028727642416056414] and parameters: {'lag_0': 0.866276811419061, 'lag_1': 0.6749368268250402, 'lag_2': 0.7635063832603932, 'lag_3': 0.34654938742107755, 'lag_4': 0.6978210568772408, 'lag_5': 0.9477578097330343, 'lag_6': 0.5548356486094673, 'lag_7': 0.22856522237848081, 'lag_8': 0.5507665254796368, 'lag_9': 0.43402038952868816, 'lag_10': 0.5448862902633023, 'lag_11': 0.3144684527621634, 'lag_12': 0.29212887949904004, 'lag_13': 0.350656196669327, 'lag_14': 0.7866435523664748, 'lag_15': 0.5390712080503129, 'lag_16': 0.4361272556039068, 'lag_17': 0.5794292817703807, 'lag_18': 0.5430802950416485, 'lag_19': 0.8358356153451741, 'lag_20': 0.004201912743586807, 'lag_21': 0.22221714581908317, 'lag_22': 0.06146133643290792, 'lag_23': 0.9665675887051587, 'lag_24': 0.9364604158055186, 'lag_25': 0.03339292085661442, 'lag_26': 0.08365676378846676, 'lag_27': 0.20649505655318307, 'lag_28': 0.7811525136060933}.
[I 2025-10-03 11:38:01,845] Trial 56 finished with values: [0.00390625, 0.006280507091113152, 0.0025946553845689058, 0.003209306047318282, 0.0007024972246737809, 0.006712408567188806, 0.0016905455718236831, 0.0012168790532597986, 0.0007860107985019526, 8.493093993784487e-05, 0.0005881865582655495, 0.0001779545096840467, 0.004858027188100231, 0.006276730327358815, 0.0, 0.010410457822510285, 0.00424343097433698, 0.0019504723515251672, 0.0010448167676060985, 0.00035439075353217297, 0.00011043534850991744, 0.0003973810164377242, 0.0013592958509415106, 0.0016449648959734272, 0.0017959894556788855, 0.00023104527336002448, 0.007021593039806323, 0.0023632068392633347, 0.00019659668767590252] and parameters: {'lag_0': 0.6458932268342061, 'lag_1': 0.6913063383260419, 'lag_2': 0.40019285241206226, 'lag_3': 0.15942971333535802, 'lag_4': 0.8664807663215723, 'lag_5': 0.09634673413133757, 'lag_6': 0.8603937286364696, 'lag_7': 0.2479499087470606, 'lag_8': 0.05465220307819772, 'lag_9': 0.05338047448469564, 'lag_10': 0.42293041237631845, 'lag_11': 0.9975058972775854, 'lag_12': 0.4170369509459933, 'lag_13': 0.05908801327348008, 'lag_14': 0.07227432018919266, 'lag_15': 0.3350534570071028, 'lag_16': 0.6057232322798145, 'lag_17': 0.3661963444981401, 'lag_18': 0.8859569168085785, 'lag_19': 0.9350151636554666, 'lag_20': 0.6682872972071855, 'lag_21': 0.5464975503492213, 'lag_22': 0.2099945431370045, 'lag_23': 0.21153454611157146, 'lag_24': 0.6472202261988186, 'lag_25': 0.18432068461871404, 'lag_26': 0.7889962579086078, 'lag_27': 0.8877661642466185, 'lag_28': 0.8256444325586433}.
[I 2025-10-03 11:38:04,500] Trial 57 finished with values: [0.020795138888888887, 0.0033703746451899724, 0.0045741973428779364, 0.002993209543889836, 0.0002737791217043799, 0.004668731423266884, 0.0013281807693709424, 0.0014326212364332354, 0.000998237351674078, 0.00022789902530100442, 0.0005557155250658011, 0.00017030418819728585, 0.0042562821387158, 0.006736721964439638, 0.0, 0.008934518253187865, 0.007031373071667325, 0.0011978455574086183, 0.0005338661897275706, 0.0012180195622586315, 0.0001600311725818261, 0.0005721001108754139, 0.0013365315386672477, 0.0015728614569506974, 0.0013511491680823172, 0.00020358937979944122, 0.006135418930959789, 0.0020353994771018656, 0.0005598172205604794] and parameters: {'lag_0': 0.9859613173065642, 'lag_1': 0.42545451753923424, 'lag_2': 0.9742537225209117, 'lag_3': 0.0406465817563405, 'lag_4': 0.9852895137887114, 'lag_5': 0.7009877829927373, 'lag_6': 0.6508692911013532, 'lag_7': 0.9807163959260924, 'lag_8': 0.808634646068379, 'lag_9': 0.4407285279700268, 'lag_10': 0.3185385867732585, 'lag_11': 0.914218623980286, 'lag_12': 0.3792283167723724, 'lag_13': 0.3356927019093782, 'lag_14': 0.06451297117555199, 'lag_15': 0.20174178132193726, 'lag_16': 0.849011011400696, 'lag_17': 0.6664442971220463, 'lag_18': 0.12298330726607982, 'lag_19': 0.43256032545546513, 'lag_20': 0.4829254688251462, 'lag_21': 0.2764034305537801, 'lag_22': 0.2073004506962601, 'lag_23': 0.47043267449296844, 'lag_24': 0.8994427614443181, 'lag_25': 0.9090942172573465, 'lag_26': 0.6193899043288915, 'lag_27': 0.8339443319835514, 'lag_28': 0.06118840258761356}.
[I 2025-10-03 11:38:07,142] Trial 58 finished with values: [0.005295138888888888, 0.0041841925239542435, 0.005400000479978469, 0.002862530942690794, 0.0003973673388608951, 0.008060709779447287, 0.0021290511297595268, 0.0020805363594898897, 0.000593212012693276, 0.0004713742043091386, 0.0006792870312309132, 3.962103029699401e-05, 0.004097721805091777, 0.006915065041394261, 0.0, 0.009082155029579089, 0.007161494845363925, 0.0018345172406281948, 0.0009763205881448021, 0.0012454080275883007, 0.00037537688549225446, 0.00047664143292374517, 0.0007671642217454137, 0.001057468497571972, 0.001564407522763422, 0.0002194389984180214, 0.006024724422284209, 0.0030723626401309148, 0.0017436340855147576] and parameters: {'lag_0': 0.8630350524324355, 'lag_1': 0.851732294075451, 'lag_2': 0.9212380431259408, 'lag_3': 0.44455376623939297, 'lag_4': 0.01815701283198001, 'lag_5': 0.6777405785359059, 'lag_6': 0.4977909212798431, 'lag_7': 0.44934835705704007, 'lag_8': 0.38448758915765946, 'lag_9': 0.7717666127495728, 'lag_10': 0.30671630318026205, 'lag_11': 0.8165363651179849, 'lag_12': 0.17880155541543738, 'lag_13': 0.4256608083578116, 'lag_14': 0.5332345061775212, 'lag_15': 0.8937344276073456, 'lag_16': 0.3988757501757433, 'lag_17': 0.018187092641492413, 'lag_18': 0.5156788058854418, 'lag_19': 0.5908018909475647, 'lag_20': 0.4274968067890244, 'lag_21': 0.8473812668939711, 'lag_22': 0.6173080441435744, 'lag_23': 0.7849658251839914, 'lag_24': 0.21550605786983013, 'lag_25': 0.5351250636419833, 'lag_26': 0.027186176476009027, 'lag_27': 0.27958294460363564, 'lag_28': 0.31922013310967373}.
[I 2025-10-03 11:38:09,783] Trial 59 finished with values: [0.00390625, 0.0013196159122085048, 0.004301704255296845, 0.00391936582074179, 0.0009693736842951217, 0.008780723377287171, 0.0017798975968127042, 0.0009668145398462162, 0.000834889077909445, 0.00024844520232959754, 0.0006571015670278419, 0.0006532215957271266, 0.0033174820624691332, 0.006642092213034216, 0.0, 0.007761156044778833, 0.009462515982679982, 0.0013354251411179987, 0.0007635198495524623, 0.0013923463426634215, 0.0002503074047275279, 0.0005552813643974109, 0.0013560995906081843, 0.0012735774773326358, 0.0010849424490195756, 0.0003536607154193389, 0.006483063085013481, 0.0037231674938882978, 0.0007481968052877681] and parameters: {'lag_0': 0.11325716708824926, 'lag_1': 0.5814459604916732, 'lag_2': 0.014043995477137066, 'lag_3': 0.08746288120392784, 'lag_4': 0.7255978788483659, 'lag_5': 0.6327908749216359, 'lag_6': 0.6112392031414081, 'lag_7': 0.9495758090145249, 'lag_8': 0.4555754630794126, 'lag_9': 0.7528003023511123, 'lag_10': 0.8681857458348116, 'lag_11': 0.8460689618361512, 'lag_12': 0.6801044155185342, 'lag_13': 0.21373909677836095, 'lag_14': 0.613164967987769, 'lag_15': 0.49577930521387664, 'lag_16': 0.8600632308331054, 'lag_17': 0.6809356684073847, 'lag_18': 0.08950304873711877, 'lag_19': 0.19357839108187463, 'lag_20': 0.9239913896911336, 'lag_21': 0.7299612416655906, 'lag_22': 0.9049350865979499, 'lag_23': 0.44569413827379856, 'lag_24': 0.2358714015195951, 'lag_25': 0.5095677275541055, 'lag_26': 0.1269519996257673, 'lag_27': 0.6717254838673111, 'lag_28': 0.0159036548760542}.
[I 2025-10-03 11:38:12,425] Trial 60 finished with values: [0.00390625, 0.003463140589569161, 0.0013307990172553665, 0.004595937549179164, 0.0004840475052225941, 0.007928378772684052, 0.0017928809318167478, 0.0022738468306940604, 0.0009849933505666742, 0.00046366759543922073, 0.0005503557666476517, 0.00023070126933740493, 0.003588367315939285, 0.006509549579421589, 0.0, 0.008770620514424617, 0.006279101309120255, 0.0015028873076273343, 0.0013424207767237545, 0.0013641336892745, 9.745192916477486e-05, 0.0004495130895254759, 0.0017158216399262548, 0.0005688311073964369, 0.0015542988912171205, 0.0003724580866973512, 0.00413084366876524, 0.0021460636764322203, 0.000328515273792027] and parameters: {'lag_0': 0.22741539286262763, 'lag_1': 0.03892925027930851, 'lag_2': 0.3731084500031143, 'lag_3': 0.8883024029308515, 'lag_4': 0.3556657352006082, 'lag_5': 0.632887687767841, 'lag_6': 0.6517683140548088, 'lag_7': 0.05224092444993385, 'lag_8': 0.33809070993149104, 'lag_9': 0.39201958080566807, 'lag_10': 0.9542203072106743, 'lag_11': 0.08662940501228304, 'lag_12': 0.9865322056700699, 'lag_13': 0.37557866914557914, 'lag_14': 0.6188314480041579, 'lag_15': 0.7131018043915882, 'lag_16': 0.6936832692592727, 'lag_17': 0.6905981406052093, 'lag_18': 0.6114727504113469, 'lag_19': 0.705151167820943, 'lag_20': 0.10729333187165997, 'lag_21': 0.9291080315792221, 'lag_22': 0.14873810418644595, 'lag_23': 0.4348875254520876, 'lag_24': 0.3448145606925946, 'lag_25': 0.07378507546356546, 'lag_26': 0.8996556242544531, 'lag_27': 0.6268806933762587, 'lag_28': 0.677643266483284}.
[I 2025-10-03 11:38:15,066] Trial 61 finished with values: [0.00390625, 0.0038177954827471306, 0.0036362790939411796, 0.007532379252666727, 0.0003838998779724516, 0.005904659022579302, 0.0007956315633612972, 0.0020416133119786446, 0.0006356832446666904, 0.00020373169392572986, 0.0004577715606082195, 0.00018578667692434905, 0.004638501401258634, 0.005942375597970964, 0.0, 0.00818838188191506, 0.009845253577750316, 0.0015036130277587393, 0.0007541403326683689, 0.0014722017406693989, 6.222534294625772e-05, 0.0004595485791450197, 0.001305215209307417, 0.001369891561059156, 0.0019378826757606824, 0.00016117920973685994, 0.005590060135352673, 0.0022788829949983067, 0.001245139364992018] and parameters: {'lag_0': 0.9891334832512547, 'lag_1': 0.17892010688818138, 'lag_2': 0.44692693027245733, 'lag_3': 0.2878819573948526, 'lag_4': 0.1363560180118154, 'lag_5': 0.09486833501445335, 'lag_6': 0.5653583251284506, 'lag_7': 0.8960822100459754, 'lag_8': 0.12936657301534102, 'lag_9': 0.5047714239842888, 'lag_10': 0.0061892777546727305, 'lag_11': 0.8618308008687606, 'lag_12': 0.9745316862009118, 'lag_13': 0.4314573109305131, 'lag_14': 0.47406271335143413, 'lag_15': 0.744826734832316, 'lag_16': 0.6926756828660828, 'lag_17': 0.3778282004256346, 'lag_18': 0.7391703889734188, 'lag_19': 0.1302101034189947, 'lag_20': 0.2673744888449356, 'lag_21': 0.375129553651331, 'lag_22': 0.815494161915929, 'lag_23': 0.6644947886037722, 'lag_24': 0.5923481148283813, 'lag_25': 0.3461680799086657, 'lag_26': 0.6603445751263123, 'lag_27': 0.5884159625825276, 'lag_28': 0.1422970663506478}.
[I 2025-10-03 11:38:17,714] Trial 62 finished with values: [0.00390625, 0.004186562678567702, 0.0040472628078153244, 0.002865320132725624, 0.0009395039624507006, 0.0051056492789326915, 0.0010017658084488588, 0.0008461627716334413, 0.0008466672660097055, 0.00030895787101054413, 0.000489903146186891, 0.00013552580899670714, 0.0040984637877163575, 0.006315147433510873, 0.0, 0.00646778035194547, 0.01071052220821235, 0.0009443174484358417, 0.0006905877491901682, 0.0017773978671901326, 9.436441667313877e-05, 0.00045412430667421936, 0.0014093306216837686, 0.0011094703729402557, 0.0017966716679888844, 0.00038777650038949774, 0.0054818400221473005, 0.0019232469269662995, 0.00036298035377788464] and parameters: {'lag_0': 0.7536308983834046, 'lag_1': 0.2381423579478764, 'lag_2': 0.863072264331654, 'lag_3': 0.23474164201324893, 'lag_4': 0.30308114123173985, 'lag_5': 0.3555767089456109, 'lag_6': 0.0065612591480609765, 'lag_7': 0.22856522237848081, 'lag_8': 0.9253851691165955, 'lag_9': 0.8674772550459671, 'lag_10': 0.3096246854519989, 'lag_11': 0.7561880888083382, 'lag_12': 0.8614699200399113, 'lag_13': 0.6704628636680976, 'lag_14': 0.900847705756982, 'lag_15': 0.521536563964623, 'lag_16': 0.4851719787578812, 'lag_17': 0.021169756726451855, 'lag_18': 0.4484895586550048, 'lag_19': 0.9327741231494537, 'lag_20': 0.5879041880739904, 'lag_21': 0.030868044151860466, 'lag_22': 0.9102058211874685, 'lag_23': 0.9665675887051587, 'lag_24': 0.8345297847497297, 'lag_25': 0.3932144016464824, 'lag_26': 0.08365676378846676, 'lag_27': 0.6069058956618638, 'lag_28': 0.36723393546625394}.
[I 2025-10-03 11:38:20,354] Trial 63 finished with values: [0.00390625, 0.002657620864899538, 0.0029124398685312887, 0.0039590361054990955, 0.0003559557440815712, 0.005492088558764654, 0.0013981264606470855, 0.0018854238923417335, 0.0012072288989134526, 0.00037441467169593357, 0.00040196821595135624, 0.00033245260883893484, 0.004447012830604452, 0.0062772707998860755, 0.0, 0.00727717524027683, 0.007413077181300113, 0.0009034970365469469, 0.0007041962212825795, 0.0009682983584966918, 0.0002476256775742017, 0.0004951329847022682, 0.001025618374458422, 0.0007681397938217225, 0.00226962821953105, 0.00024736182470015455, 0.006515250710413438, 0.001607240955538766, 0.00032933644893988733] and parameters: {'lag_0': 0.25811360537500105, 'lag_1': 0.045323765934003994, 'lag_2': 0.050510719840436744, 'lag_3': 0.6637640324265023, 'lag_4': 0.0950039499167558, 'lag_5': 0.28169295722184406, 'lag_6': 0.509062396623916, 'lag_7': 0.9338724540776091, 'lag_8': 0.4251869490641238, 'lag_9': 0.37359234945818154, 'lag_10': 0.5211608016975328, 'lag_11': 0.8714189250667613, 'lag_12': 0.2570335007361233, 'lag_13': 0.7607083406010368, 'lag_14': 0.17214721785120524, 'lag_15': 0.3350593988272586, 'lag_16': 0.8697051970183828, 'lag_17': 0.251252345161838, 'lag_18': 0.5220867582260857, 'lag_19': 0.9268515517803196, 'lag_20': 0.7089960280799343, 'lag_21': 0.845922887814201, 'lag_22': 0.8271308009934077, 'lag_23': 0.7762384097086816, 'lag_24': 0.925150318993727, 'lag_25': 0.6469148341217139, 'lag_26': 0.21802648274494665, 'lag_27': 0.4354559346555827, 'lag_28': 0.5854598947861303}.
[I 2025-10-03 11:38:23,000] Trial 64 finished with values: [0.0039164540816326535, 0.002171994736142724, 0.004860428523315896, 0.00381350855820702, 0.00041473915617934687, 0.0073099615121957106, 0.0014313736535052255, 0.0015691903578486936, 0.0008061116335391207, 0.00039417115803046097, 0.0007280815827755429, 0.00024046546920028955, 0.003458891357464991, 0.00784640099036978, 0.0, 0.008459491382239316, 0.008479246432420299, 0.002092994482814525, 0.0007203741102556839, 0.001403364795878427, 0.0002484158617289991, 0.0007770490960262769, 0.001130713401623776, 0.0012289812466807091, 0.001861167489448319, 0.0003925541103025132, 0.005010308087064233, 0.002191031429151762, 7.521959081709982e-05] and parameters: {'lag_0': 0.4639638467520525, 'lag_1': 0.236423834094162, 'lag_2': 0.9670820614608271, 'lag_3': 0.39880318322114217, 'lag_4': 0.48549799950469624, 'lag_5': 0.056928900464114286, 'lag_6': 0.06323097438865233, 'lag_7': 0.36760847202139185, 'lag_8': 0.06340443239547662, 'lag_9': 0.7780688009384749, 'lag_10': 0.8344161686740972, 'lag_11': 0.20778556879792043, 'lag_12': 0.16352055821360068, 'lag_13': 0.5724470749870217, 'lag_14': 0.28821861046033037, 'lag_15': 0.7311102685337656, 'lag_16': 0.5313085403974908, 'lag_17': 0.49598065331068125, 'lag_18': 0.5361628224014555, 'lag_19': 0.6845201521626798, 'lag_20': 0.9179950451632989, 'lag_21': 0.5082146162130151, 'lag_22': 0.3302798315255277, 'lag_23': 0.2115362261950378, 'lag_24': 0.0725652932952829, 'lag_25': 0.2061078132643202, 'lag_26': 0.3969993351788451, 'lag_27': 0.39976133871698044, 'lag_28': 0.8736479234737984}.
[I 2025-10-03 11:38:25,639] Trial 65 finished with values: [0.00390625, 0.00443816792916151, 0.0038835462778821967, 0.004150840479072766, 0.0010851165887549531, 0.008718354511258472, 0.0021332230835136795, 0.00140567605081712, 0.000984511454791475, 0.000242715956177671, 0.0007620731179310732, 0.0007032384841602845, 0.004483275272219076, 0.006219768691817609, 0.0, 0.004998676361418665, 0.008319890070813078, 0.0009635687452516315, 0.000840850874288868, 0.0008435666144856196, 9.176384786182805e-05, 0.0003876115995797896, 0.0012136616482668677, 0.0012615634268369222, 0.0010290941185957542, 0.00020039329062621877, 0.006652463139435587, 0.0016669783988852473, 0.0007683142593993973] and parameters: {'lag_0': 0.11152827386170418, 'lag_1': 0.6719981218141754, 'lag_2': 0.13567358906678334, 'lag_3': 0.8684627983550792, 'lag_4': 0.14070838045595124, 'lag_5': 0.5622669506032385, 'lag_6': 0.9595907414220398, 'lag_7': 0.3552251650345722, 'lag_8': 0.5691983230626724, 'lag_9': 0.8968919384496566, 'lag_10': 0.5487157402829143, 'lag_11': 0.19126047522122694, 'lag_12': 0.5004375753294571, 'lag_13': 0.9790201810660458, 'lag_14': 0.8045826433380211, 'lag_15': 0.7514707959848254, 'lag_16': 0.10842117012996218, 'lag_17': 0.9461540795347305, 'lag_18': 0.9834353065879295, 'lag_19': 0.3327636417661305, 'lag_20': 0.20358345002358633, 'lag_21': 0.10558740745196428, 'lag_22': 0.23051283645806284, 'lag_23': 0.45418379028629025, 'lag_24': 0.3857068160613191, 'lag_25': 0.7904238727089204, 'lag_26': 0.24867033585338996, 'lag_27': 0.830356741307226, 'lag_28': 0.021307904932510845}.
[I 2025-10-03 11:38:28,289] Trial 66 finished with values: [0.00390625, 0.005975719287256295, 0.005247180706669315, 0.004376594735547428, 0.00047225009716779585, 0.004240272468006708, 0.0008198448895283036, 0.002234978224908109, 0.0009647087130858307, 0.0002552309803147398, 0.0004264835614573045, 0.0006302047872158807, 0.005004523857012512, 0.006519264009365486, 0.0, 0.007139516576027816, 0.006949137256747421, 0.0011059842331763155, 0.0009034406053143671, 0.0011375911833292045, 0.00013713843315918972, 0.0001352506400979953, 0.0017030851993451706, 0.0013496055965011937, 0.0012555676580110193, 0.00013221204908166293, 0.006608458407309639, 0.0014030708641905182, 0.001919582563009536] and parameters: {'lag_0': 0.5335041824963047, 'lag_1': 0.37437858707990745, 'lag_2': 0.863072264331654, 'lag_3': 0.11422652274934803, 'lag_4': 0.3693179005190219, 'lag_5': 0.35879267866622555, 'lag_6': 0.6812095850834914, 'lag_7': 0.6282110743418221, 'lag_8': 0.9253851691165955, 'lag_9': 0.329442529892595, 'lag_10': 0.22598429623510516, 'lag_11': 0.7885423571172274, 'lag_12': 0.646075530972278, 'lag_13': 0.5538288696535179, 'lag_14': 0.5271405396141063, 'lag_15': 0.5898008716108811, 'lag_16': 0.3042376772258794, 'lag_17': 0.021169756726451855, 'lag_18': 0.12932120301517921, 'lag_19': 0.7008009254749212, 'lag_20': 0.5879041880739904, 'lag_21': 0.739489686033347, 'lag_22': 0.06146133643290792, 'lag_23': 0.9665675887051587, 'lag_24': 0.6722737131146643, 'lag_25': 0.8705991773611199, 'lag_26': 0.22579094490962054, 'lag_27': 0.2565664693296062, 'lag_28': 0.14857502344798182}.
[I 2025-10-03 11:38:30,931] Trial 67 finished with values: [0.00390625, 0.004619622500627649, 0.004575756998739003, 0.0025843609316071113, 0.000155511003641393, 0.0044850978320239866, 0.0016753468603412495, 0.0016431228247096416, 0.0009454233923837814, 0.0003850481923595906, 0.0007927920716921677, 0.0003397337828327877, 0.003931984652863721, 0.006177621045251646, 0.0, 0.011162138931015189, 0.0065511527880782, 0.0008810153089136418, 0.0005259741184969108, 0.0012553756406692368, 0.00012923214382459163, 0.0005389461239185048, 0.001298556322042023, 0.0012694495588356958, 0.001963346321934153, 0.0002043262768123541, 0.006417704538143357, 0.0007761182427171318, 0.0005868736856042493] and parameters: {'lag_0': 0.25811360537500105, 'lag_1': 0.5604611903826759, 'lag_2': 0.2000058188315077, 'lag_3': 0.5115646983620785, 'lag_4': 0.0950039499167558, 'lag_5': 0.7540552144439857, 'lag_6': 0.509062396623916, 'lag_7': 0.9338724540776091, 'lag_8': 0.4251869490641238, 'lag_9': 0.37359234945818154, 'lag_10': 0.36488947830050533, 'lag_11': 0.7447898719060033, 'lag_12': 0.2570335007361233, 'lag_13': 0.22963988537895508, 'lag_14': 0.17214721785120524, 'lag_15': 0.3350593988272586, 'lag_16': 0.8697051970183828, 'lag_17': 0.7229267479828252, 'lag_18': 0.756482290426712, 'lag_19': 0.3495377150166731, 'lag_20': 0.7089960280799343, 'lag_21': 0.845922887814201, 'lag_22': 0.4694074705920027, 'lag_23': 0.19960054622645193, 'lag_24': 0.925150318993727, 'lag_25': 0.7750058612009786, 'lag_26': 0.8768392561976499, 'lag_27': 0.4354559346555827, 'lag_28': 0.7057008296377435}.
