[I 2025-10-03 11:34:36,424] Trial 77 finished with values: [0.10916099773242634, 0.0018460413616526803, 0.00032938917198672903, 0.0006043496809805233, 0.0007664344451309864, 6.359404388255186e-05, 0.0001840709418224225, 0.0002684451638313691, 0.0032154926729243334, 0.00038478504167518306, 0.00020525216066177103, 3.8140546992945713e-05, 0.008993738174575184, 0.011350780121099172, 0.0, 0.006855454112572462, 0.0076825820925741665, 0.0012755948170612708, 6.160499468754578e-05, 0.002128373956799284, 0.000795482581693678, 0.0002890036926444558, 0.0006881113641586804, 0.003164392575289686, 0.001406695713911594, 0.00016517355875084655, 6.331292868127762e-05, 0.001850514956353188, 0.007173956824262006] and parameters: {'lag_0': 0.7159878065011342, 'lag_1': 0.021329601744066274, 'lag_2': 0.44031219694921403, 'lag_3': 0.868895074591965, 'lag_4': 0.296381369163156, 'lag_5': 0.3445542523506683, 'lag_6': 0.4494761926742283, 'lag_7': 0.3648591739906868, 'lag_8': 0.19517924556058427, 'lag_9': 0.004813609430188861, 'lag_10': 0.15688944056235485, 'lag_11': 0.15700685328002037, 'lag_12': 0.3349244993175564, 'lag_13': 0.8559738658809504, 'lag_14': 0.1556116722191855, 'lag_15': 0.6010692442962475, 'lag_16': 0.6132593169757842, 'lag_17': 0.3763499354661311, 'lag_18': 0.502667681857711, 'lag_19': 0.724583550789089, 'lag_20': 0.4591446211988345, 'lag_21': 0.5956740620372867, 'lag_22': 0.0003561266022182292, 'lag_23': 0.32338247174923657, 'lag_24': 0.26184415429486735, 'lag_25': 0.313230623044195, 'lag_26': 0.039223298436665964, 'lag_27': 0.8344938922548065, 'lag_28': 0.6525364199784898}.
[I 2025-10-03 11:34:39,070] Trial 78 finished with values: [0.09703854875283449, 0.002909747419837843, 0.002637094863020923, 0.0007342170372455439, 0.003522640879536575, 0.0004315978920490058, 0.0004902489509493536, 0.00022987027343112395, 0.0018334502638079932, 0.00019864040879683838, 0.00010373640018845396, 0.00015516993729454697, 0.00906307354671807, 0.010792087250024836, 0.0, 0.0049352050515104225, 0.006206552512462569, 0.0013700653625902518, 0.00014650833629888915, 0.001485795967994317, 0.0008369512755513854, 0.0002575041722197548, 0.0007015144914449212, 0.0028641963310744476, 0.0020416025044623794, 0.00016285317839227076, 0.0002324304377165215, 0.0023008254661908882, 0.007586086311719359] and parameters: {'lag_0': 0.7200015788756319, 'lag_1': 0.8988678455072459, 'lag_2': 0.5887903767279118, 'lag_3': 0.7905681587628645, 'lag_4': 0.7849797974326662, 'lag_5': 0.24596873731646507, 'lag_6': 0.5674334040273311, 'lag_7': 0.8621189568296471, 'lag_8': 0.2641837676308443, 'lag_9': 0.4275340606211632, 'lag_10': 0.8625485823308493, 'lag_11': 0.10808251679682997, 'lag_12': 0.6931378598525317, 'lag_13': 0.5265648259641258, 'lag_14': 0.43502628006189276, 'lag_15': 0.5446111069107203, 'lag_16': 0.7941205297207896, 'lag_17': 0.47677164706786124, 'lag_18': 0.5998143213896312, 'lag_19': 0.046761652045819425, 'lag_20': 0.2859354007684238, 'lag_21': 0.7151025163531236, 'lag_22': 0.35042600812431546, 'lag_23': 0.7074860809957416, 'lag_24': 0.7665978249632678, 'lag_25': 0.48862026582594703, 'lag_26': 0.030878341117094612, 'lag_27': 0.625242689467318, 'lag_28': 0.5751772131857292}.
[I 2025-10-03 11:34:41,713] Trial 79 finished with values: [0.11106324011085918, 0.0006669503033565581, 0.00044841173404702717, 0.00036616213784383054, 0.002023764286383111, 0.00029091741133448516, 8.877162553188075e-05, 0.0002971490809918863, 0.0024218626764820365, 0.0006083719407524583, 3.7885770109346784e-05, 0.0002628800394058492, 0.008446006949999234, 0.01237092131903802, 0.0, 0.0060953674146235785, 0.006121537795381541, 0.0010561635152861507, 0.00013334459431879462, 0.002160587653971534, 0.00017575532416281005, 0.00020397535646431226, 0.0007404633302494538, 0.0026635117345416093, 0.0026616886888464223, 0.00017245523153740406, 0.00028785738767986307, 0.0017001457621919971, 0.007179120355137283] and parameters: {'lag_0': 0.0725764858035544, 'lag_1': 0.31017896125375766, 'lag_2': 0.34152052385645454, 'lag_3': 0.9725869854044642, 'lag_4': 0.25178096497035485, 'lag_5': 0.8977314457265506, 'lag_6': 0.7365887903323831, 'lag_7': 0.5416172250469083, 'lag_8': 0.19139040865289234, 'lag_9': 0.09236824676328165, 'lag_10': 0.006003948707044076, 'lag_11': 0.3833932701285114, 'lag_12': 0.6602049037656516, 'lag_13': 0.8694536698833938, 'lag_14': 0.4462563309327255, 'lag_15': 0.3060436790107108, 'lag_16': 0.06113279185165911, 'lag_17': 0.4221862170690749, 'lag_18': 0.22933879656916886, 'lag_19': 0.283604634067318, 'lag_20': 0.8339642711643718, 'lag_21': 0.08280035302757549, 'lag_22': 0.6831307775436134, 'lag_23': 0.09853528993826435, 'lag_24': 0.03019196637699217, 'lag_25': 0.8736443898072943, 'lag_26': 0.4224609400235729, 'lag_27': 0.7345142749821876, 'lag_28': 0.23216095914117413}.
[I 2025-10-03 11:34:44,365] Trial 80 finished with values: [0.10330640589569162, 0.0015609176530287608, 0.0014635014646359773, 0.0012682082805400652, 0.00183281388692855, 0.00014806330148350101, 0.0003356885335873901, 0.0001697545482777474, 0.002936927836839392, 0.0002578337205804956, 6.688880111878099e-05, 8.44715535275537e-05, 0.006974093781835648, 0.011831155130387397, 0.0, 0.00770560690020858, 0.007906332114739529, 0.0007761766935106711, 9.264308526214205e-05, 0.002214939667680254, 0.0008726189848925047, 0.0005591223762181482, 0.0003701183608553028, 0.002101049453538198, 0.001909476003159577, 0.00010827446553425581, 0.0005664568466189722, 0.0017232986787956335, 0.006440880092139297] and parameters: {'lag_0': 0.3918321777898461, 'lag_1': 0.5574967788858117, 'lag_2': 0.020758919257695563, 'lag_3': 0.4923694541235956, 'lag_4': 0.5959718526930766, 'lag_5': 0.5693675065757382, 'lag_6': 0.1642517202011635, 'lag_7': 0.2973265987775166, 'lag_8': 0.011856214607625511, 'lag_9': 0.6775939603438348, 'lag_10': 0.9649063234022571, 'lag_11': 0.9418801718844383, 'lag_12': 0.2527680715541465, 'lag_13': 0.24152649659145567, 'lag_14': 0.752250666169391, 'lag_15': 0.063598886619026, 'lag_16': 0.15418129046671397, 'lag_17': 0.8016192202135811, 'lag_18': 0.07349445364055494, 'lag_19': 0.7968874180675535, 'lag_20': 0.16003999402561314, 'lag_21': 0.42329463803694195, 'lag_22': 0.645827141923195, 'lag_23': 0.21388940524907993, 'lag_24': 0.4087965033152358, 'lag_25': 0.33742563336374953, 'lag_26': 0.6973588867846333, 'lag_27': 0.09972091858676237, 'lag_28': 0.7948264689771174}.
[I 2025-10-03 11:34:47,013] Trial 81 finished with values: [0.10106575963718822, 0.002045993866859729, 0.0015654543797507525, 0.0006561618507535158, 0.0008913198790510453, 0.00014232937314533352, 0.00029364503473534794, 0.0004965907829892106, 0.0023869392265542136, 0.0003364280023810708, 6.12121704504833e-05, 0.00021793294902565835, 0.007881087093124685, 0.011289739421056847, 0.0, 0.004084018424009685, 0.0076778056132990975, 0.0021168163113000535, 0.00011839836221021927, 0.0017009374687100003, 0.0007795812291781319, 0.0004704489675233423, 0.0004475547556698784, 0.0020680319120000407, 0.0016515348428703877, 8.552593992412535e-05, 0.0002378313949861084, 0.002315838336810281, 0.006110599515208776] and parameters: {'lag_0': 0.019116480905103008, 'lag_1': 0.7653411998305201, 'lag_2': 0.6423292641756987, 'lag_3': 0.4777995126749813, 'lag_4': 0.6645007324663402, 'lag_5': 0.4915166328147161, 'lag_6': 0.6454947574694211, 'lag_7': 0.5416172250469083, 'lag_8': 0.8290052284377734, 'lag_9': 0.09882997608715624, 'lag_10': 0.451072026166373, 'lag_11': 0.7574988969877524, 'lag_12': 0.9759853722004677, 'lag_13': 0.6310001331320624, 'lag_14': 0.41667316177409536, 'lag_15': 0.8208064299787375, 'lag_16': 0.11160894375703952, 'lag_17': 0.4221862170690749, 'lag_18': 0.22933879656916886, 'lag_19': 0.283604634067318, 'lag_20': 0.8339642711643718, 'lag_21': 0.3979126500831618, 'lag_22': 0.0329941294826023, 'lag_23': 0.728716394749174, 'lag_24': 0.13800458718656317, 'lag_25': 0.26065988938063306, 'lag_26': 0.856811994481229, 'lag_27': 0.9757018699042653, 'lag_28': 0.6491404197114113}.
[I 2025-10-03 11:34:49,796] Trial 82 finished with values: [0.12510204081632653, 0.0015642465509444823, 0.0006489406322732264, 9.054764100391824e-05, 0.0025745473004284173, 0.00026846608973062714, 0.00010468267679089969, 0.00010818237411671322, 0.0025422297302359507, 0.00037012222080412777, 0.00013086168232733178, 0.0002121333913565683, 0.008419581975975293, 0.010636268303292859, 0.0, 0.00570488429602196, 0.007290148665580994, 0.0013765525541083556, 0.00021508926436132237, 0.0020298855416770365, 0.0005813811303759027, 0.0001902048423735748, 0.0006709741802785225, 0.002846278706663847, 0.0014813583333948596, 0.00010353938543329957, 0.00035289679773709297, 0.0030095252483680187, 0.007750222768514452] and parameters: {'lag_0': 0.7671567702593849, 'lag_1': 0.49352095594373013, 'lag_2': 0.5310732192803087, 'lag_3': 0.05097481143922979, 'lag_4': 0.7073893592821394, 'lag_5': 0.8994923520032272, 'lag_6': 0.8252164947314891, 'lag_7': 0.369911027113512, 'lag_8': 0.8418639473548916, 'lag_9': 0.31095372782061154, 'lag_10': 0.022867427950520436, 'lag_11': 0.5916480122183835, 'lag_12': 0.28354339578519655, 'lag_13': 0.26509117905012985, 'lag_14': 0.4350068949866597, 'lag_15': 0.5614374621423405, 'lag_16': 0.28804878496038366, 'lag_17': 0.01312272766631105, 'lag_18': 0.5701262010875127, 'lag_19': 0.6635131330699878, 'lag_20': 0.7180443408480386, 'lag_21': 0.8642004073378083, 'lag_22': 0.39660745761871025, 'lag_23': 0.8134084072223404, 'lag_24': 0.9752959241388448, 'lag_25': 0.996328165732444, 'lag_26': 0.4814268324229608, 'lag_27': 0.7275204596049145, 'lag_28': 0.8569539005378459}.
[I 2025-10-03 11:34:52,449] Trial 83 finished with values: [0.1379591836734694, 0.002100740347963887, 0.001548137928800692, 0.0010167962292665104, 0.0027790629404167533, 0.0008945673431323081, 0.0009680274262906959, 0.0007193033034683501, 0.002166502884755093, 0.00020306992310959495, 0.00029619745864934864, 0.00020128900731802407, 0.009184937332050993, 0.013292946829093155, 0.0, 0.006488554128326188, 0.005437581883939479, 0.002106718308661276, 0.00018267866799659345, 0.002710439328011055, 0.0004673597380066034, 0.00028255428451006434, 0.0007846569243677652, 0.0024298556222999913, 0.001747599961339183, 0.00017445404727148712, 0.0006724479300884222, 0.0018070297207297352, 0.007080118151732965] and parameters: {'lag_0': 0.6566263558096659, 'lag_1': 0.3510672879272659, 'lag_2': 0.4591013836588885, 'lag_3': 0.4923694541235956, 'lag_4': 0.062302420320999405, 'lag_5': 0.9770417534623957, 'lag_6': 0.9730654392196249, 'lag_7': 0.9033766385310179, 'lag_8': 0.8707572669533596, 'lag_9': 0.3375920243699086, 'lag_10': 0.9649063234022571, 'lag_11': 0.8460242319046801, 'lag_12': 0.2527680715541465, 'lag_13': 0.49517738239792414, 'lag_14': 0.6756372089010045, 'lag_15': 0.19335734209100638, 'lag_16': 0.1634574843306446, 'lag_17': 0.9650828300948671, 'lag_18': 0.4273336179862852, 'lag_19': 0.20431110498566563, 'lag_20': 0.48768496026831953, 'lag_21': 0.9497463522589139, 'lag_22': 0.08412059094123817, 'lag_23': 0.888178574135291, 'lag_24': 0.1307578571954722, 'lag_25': 0.3314522799630598, 'lag_26': 0.7017982249617408, 'lag_27': 0.09081437051930391, 'lag_28': 0.46568737446419195}.
[I 2025-10-03 11:34:55,102] Trial 84 finished with values: [0.1379591836734694, 0.0013121890951215518, 0.0024122313232259147, 0.001324810943760349, 0.0015335289280207051, 0.0004389372457564916, 0.00032125364207746907, 9.807893844595344e-05, 0.002112166268210182, 0.0007027240707392628, 0.0003304957799686598, 0.0003283383488391566, 0.009990172835921183, 0.010823703658360061, 0.0, 0.004459436232369025, 0.007088617835195101, 0.0010672240886409167, 4.1292219852572735e-05, 0.002024608354904568, 0.0008677381830958888, 0.00028063981828635047, 0.0007472225445869978, 0.001874617822787851, 0.0026929227248564786, 4.25404401931579e-05, 0.0004433702974508182, 0.002073739603018846, 0.007212538101936885] and parameters: {'lag_0': 0.1893275323572923, 'lag_1': 0.2708552769321531, 'lag_2': 0.7852786420843703, 'lag_3': 0.217253076146166, 'lag_4': 0.3331793527223643, 'lag_5': 0.9483813504693512, 'lag_6': 0.5176394696601053, 'lag_7': 0.059345088182150604, 'lag_8': 0.6795607122731331, 'lag_9': 0.19446390018304532, 'lag_10': 0.21434844118412205, 'lag_11': 0.48231111785430125, 'lag_12': 0.39306927388215923, 'lag_13': 0.8804782355755079, 'lag_14': 0.7288070927743397, 'lag_15': 0.35091466077220435, 'lag_16': 0.7184059089662332, 'lag_17': 0.10640869883129296, 'lag_18': 0.7120975399307045, 'lag_19': 0.11063791071825473, 'lag_20': 0.8006890512161278, 'lag_21': 0.04116327727551381, 'lag_22': 0.1727194351331298, 'lag_23': 0.030126400495516348, 'lag_24': 0.579498182250646, 'lag_25': 0.34211873804964826, 'lag_26': 0.04679062880838942, 'lag_27': 0.7859102151992489, 'lag_28': 0.9143101133863359}.
[I 2025-10-03 11:34:57,750] Trial 85 finished with values: [0.08924313429075334, 0.0021055690202922118, 0.0010745776472204445, 0.001954711121799498, 0.0018575046609934642, 0.00019674586722879983, 0.0003114111141969805, 4.6336251101230396e-05, 0.002255000524802937, 0.0002527445033244015, 0.0004360330991998564, 2.8444652509411894e-05, 0.007619012295742909, 0.011871563678876698, 0.0, 0.006571843541132427, 0.007670474875703717, 0.00043035933895409163, 0.00027908982258149315, 0.0018131228052450908, 0.0008985702338875931, 0.00026764833974576147, 0.0007403074533456108, 0.0024041523218617613, 0.0012230196025487562, 3.889210284401503e-05, 0.00025366414370997146, 0.0026764762205374027, 0.005492044243998054] and parameters: {'lag_0': 0.27236097029216566, 'lag_1': 0.38114811616644967, 'lag_2': 0.15369723434060778, 'lag_3': 0.88121431719692, 'lag_4': 0.8918344979144008, 'lag_5': 0.07052499377111236, 'lag_6': 0.8628218098597868, 'lag_7': 0.11857761825122883, 'lag_8': 0.07598158568261999, 'lag_9': 0.6058723479763726, 'lag_10': 0.7003726336471338, 'lag_11': 0.5768174082181128, 'lag_12': 0.5169735489457435, 'lag_13': 0.9789510508643731, 'lag_14': 0.07564069257049898, 'lag_15': 0.6436003719272063, 'lag_16': 0.18485854423736237, 'lag_17': 0.20619676247465304, 'lag_18': 0.10917357121798413, 'lag_19': 0.0718336410591893, 'lag_20': 0.9550671004425353, 'lag_21': 0.18099880817777786, 'lag_22': 0.47169551216046707, 'lag_23': 0.2573771865064278, 'lag_24': 0.12832821181361423, 'lag_25': 0.10076872506799806, 'lag_26': 0.39111435297333286, 'lag_27': 0.49149813343615495, 'lag_28': 0.3524559046284091}.
[I 2025-10-03 11:35:00,400] Trial 86 finished with values: [0.1004591836734694, 0.002272357998333633, 0.0014201477649932164, 0.0006590210742653073, 0.0021299513324313673, 0.0005525829079567352, 6.813362750340855e-05, 0.00017911566728687325, 0.0024624853929056563, 6.896176691950127e-05, 0.00015534707873914638, 7.943159035219267e-05, 0.008980611181529274, 0.010820255655220655, 0.0, 0.003656576252160066, 0.007052287009539034, 0.0012647320539943912, 0.00019093672192689771, 0.0023289568095294986, 0.0007401402738205474, 0.0004215156603500963, 0.0005108923363575611, 0.001819566280944296, 0.0017216450455795006, 8.281913428023023e-05, 0.0010563492210054885, 0.0026444209312496904, 0.007885730837098972] and parameters: {'lag_0': 0.6566263558096659, 'lag_1': 0.3510672879272659, 'lag_2': 0.9236902338829097, 'lag_3': 0.038413313299677676, 'lag_4': 0.8511253673551585, 'lag_5': 0.9846667269533236, 'lag_6': 0.9730654392196249, 'lag_7': 0.9033766385310179, 'lag_8': 0.9698622096679188, 'lag_9': 0.5585243299351847, 'lag_10': 0.2599836832660358, 'lag_11': 0.8460242319046801, 'lag_12': 0.8554766649805032, 'lag_13': 0.18401086146547732, 'lag_14': 0.6756372089010045, 'lag_15': 0.9291212262867938, 'lag_16': 0.3671702123781637, 'lag_17': 0.9650828300948671, 'lag_18': 0.8589893069889492, 'lag_19': 0.4291849403962757, 'lag_20': 0.293112009645011, 'lag_21': 0.5377533765495919, 'lag_22': 0.7456847225910033, 'lag_23': 0.888178574135291, 'lag_24': 0.2030293622063695, 'lag_25': 0.04649916367962744, 'lag_26': 0.8434386609070447, 'lag_27': 0.09081437051930391, 'lag_28': 0.5508309750228413}.
[I 2025-10-03 11:35:03,053] Trial 87 finished with values: [0.11624489795918369, 0.0043525611881263335, 0.0005145607209826778, 0.0006104069928353607, 0.0015653416418392203, 0.0002843700143403564, 0.0001187478609163033, 0.0006014194149375543, 0.003024768247737004, 0.0004130942972279873, 0.0002149396322072436, 6.0183522007620726e-05, 0.00963194547207393, 0.010809238433790289, 0.0, 0.006744125614842629, 0.008049192895304227, 0.0008381025483901256, 0.00012210912394554948, 0.0018715746546205433, 0.0008942892672716511, 0.0003513257182106595, 0.000805981107459671, 0.0034372752383582733, 0.0018906991009189189, 0.0001510564768809912, 0.0001449442070400134, 0.00307032248918051, 0.010177366658178179] and parameters: {'lag_0': 0.07639854131278905, 'lag_1': 0.8360397271840966, 'lag_2': 0.593502473346543, 'lag_3': 0.5248915794442942, 'lag_4': 0.4717280079837017, 'lag_5': 0.17467087573769044, 'lag_6': 0.5463998995946244, 'lag_7': 0.276903877224145, 'lag_8': 0.6144546751585432, 'lag_9': 0.7389748318650817, 'lag_10': 0.2534108533597285, 'lag_11': 0.8575011695497605, 'lag_12': 0.9257982862430892, 'lag_13': 0.41113170462565696, 'lag_14': 0.6979970188503973, 'lag_15': 0.6818858310071129, 'lag_16': 0.6313091055359858, 'lag_17': 0.24666564052160952, 'lag_18': 0.12957683624367755, 'lag_19': 0.28358655218514894, 'lag_20': 0.6028418413715726, 'lag_21': 0.48453981101533367, 'lag_22': 0.9471481960110232, 'lag_23': 0.14663035110027756, 'lag_24': 0.3077687388190456, 'lag_25': 0.7635563577982761, 'lag_26': 0.10553619543771192, 'lag_27': 0.07798905199586798, 'lag_28': 0.9121040829762178}.
[I 2025-10-03 11:35:05,697] Trial 88 finished with values: [0.10160997732426306, 0.0017971984603493973, 0.0003329342164679384, 0.00223178192486009, 0.0018776006316831115, 0.0003725656517716468, 0.00018294754254332156, 0.00012039647927563359, 0.0020941070868132064, 0.00021400571967048425, 0.00039736025403253224, 8.094962588483548e-05, 0.008853636625820036, 0.013054099729813454, 0.0, 0.004380138189976559, 0.006276784054937988, 0.0019348085497790696, 0.000123274811856168, 0.0018944220086512733, 0.0006435923998640011, 0.00024793095908019704, 0.0008677963058467498, 0.0019175873752345855, 0.0017956552835355307, 0.00013738405847227455, 0.0005566396173626314, 0.0026119060603825212, 0.010283549382676853] and parameters: {'lag_0': 0.8136290519028583, 'lag_1': 0.11495821199601908, 'lag_2': 0.23277540721319076, 'lag_3': 0.6039182704708438, 'lag_4': 0.7511540629267077, 'lag_5': 0.49102845815104373, 'lag_6': 0.9817176618570504, 'lag_7': 0.013277226368135542, 'lag_8': 0.6355320047473458, 'lag_9': 0.0579475658122202, 'lag_10': 0.4965355882303031, 'lag_11': 0.18789134806091448, 'lag_12': 0.17012015937756694, 'lag_13': 0.16756797543623783, 'lag_14': 0.9905132603849586, 'lag_15': 0.7456805272173463, 'lag_16': 0.985703189509016, 'lag_17': 0.5747291805485959, 'lag_18': 0.8108771719056358, 'lag_19': 0.7400876104652854, 'lag_20': 0.07392369996892233, 'lag_21': 0.7745677318454327, 'lag_22': 0.011135566460668347, 'lag_23': 0.9128247577756519, 'lag_24': 0.48071850244805986, 'lag_25': 0.8584709298005374, 'lag_26': 0.7669231953799855, 'lag_27': 0.5496734859117887, 'lag_28': 0.9641911441744875}.
[I 2025-10-03 11:35:08,348] Trial 89 finished with values: [0.11481985386747293, 0.000777592220024454, 0.00040563284541637716, 0.0007521406162325374, 0.0004726669684642781, 0.000523726015295814, 0.0005445271058711619, 0.00021582551344612424, 0.0022615965421825526, 0.00014675487579325752, 7.633606237020279e-05, 0.00014138619281824208, 0.008632433831233514, 0.01100461840147235, 0.0, 0.006337793496865285, 0.0063544465097543105, 0.0014240903955656105, 0.00025133327755922963, 0.0019448707175577114, 0.0007714957975558868, 0.00025352556967913546, 0.0010886659038310106, 0.0018419455972245122, 0.002324945660863474, 0.0001469593072009094, 0.0007532113332857188, 0.0036287566907593797, 0.00595588011271699] and parameters: {'lag_0': 0.1893275323572923, 'lag_1': 0.2708552769321531, 'lag_2': 0.7852786420843703, 'lag_3': 0.2679487973710728, 'lag_4': 0.3528643656146904, 'lag_5': 0.8356017637263864, 'lag_6': 0.26678616770141034, 'lag_7': 0.09321545352668434, 'lag_8': 0.9666942684219499, 'lag_9': 0.3482651579549731, 'lag_10': 0.28598521934957555, 'lag_11': 0.7440182182459119, 'lag_12': 0.1176875973930203, 'lag_13': 0.7475061028883943, 'lag_14': 0.7288070927743397, 'lag_15': 0.35091466077220435, 'lag_16': 0.7184059089662332, 'lag_17': 0.06352664952754278, 'lag_18': 0.40182280418939953, 'lag_19': 0.5122085310848207, 'lag_20': 0.8029031600671748, 'lag_21': 0.6969148325635947, 'lag_22': 0.18277279417357187, 'lag_23': 0.4489076127115144, 'lag_24': 0.4733409961005087, 'lag_25': 0.09998059928471459, 'lag_26': 0.04679062880838942, 'lag_27': 0.8840510692463088, 'lag_28': 0.9143101133863359}.
