[I 2025-09-29 13:10:44,153] Trial 3 finished with value: 0.0013297018568537559 and parameters: {'lag_0': 0.39059835211416366, 'lag_1': 0.757294662845187, 'lag_2': 0.8767792279713538, 'lag_3': 0.6514923154781804, 'lag_4': 0.45727099774712604, 'lag_5': 0.7348322155425167, 'lag_6': 0.2155943029131659, 'lag_7': 0.16953650593603042, 'lag_8': 0.8990369071565365, 'lag_9': 0.6448814026821752, 'lag_10': 0.8605793325161001, 'lag_11': 0.7199701955790819, 'lag_12': 0.13534277492355046, 'lag_13': 0.6416225183699745, 'lag_14': 0.09913412327669677, 'lag_15': 0.6073808050268946, 'lag_16': 0.43553542695709907, 'lag_17': 0.8274357123229713, 'lag_18': 0.6857077181003739, 'lag_19': 0.21806387558108456, 'lag_20': 0.21233676707798058, 'lag_21': 0.6276572418357048, 'lag_22': 0.003576929297201085, 'lag_23': 0.9086809775612315, 'lag_24': 0.15888989035072362, 'lag_25': 0.018344848735589486, 'lag_26': 0.8362207714052473, 'lag_27': 0.1727116187266121, 'lag_28': 0.1931265607569538}. Best is trial 3 with value: 0.0013297018568537559.
[I 2025-09-29 13:10:46,482] Trial 4 finished with value: 0.0014725057875572595 and parameters: {'lag_0': 0.5691489945896784, 'lag_1': 0.41684317776326363, 'lag_2': 0.7268919320301702, 'lag_3': 0.4919158931077021, 'lag_4': 0.22346342035681607, 'lag_5': 0.2894608875009079, 'lag_6': 0.45128929661190015, 'lag_7': 0.717500747991829, 'lag_8': 0.42490013304857516, 'lag_9': 0.5735917552061877, 'lag_10': 0.3962711508390947, 'lag_11': 0.45522854946130054, 'lag_12': 0.9334736450978098, 'lag_13': 0.49099271413551376, 'lag_14': 0.32823844630064947, 'lag_15': 0.013982904514648217, 'lag_16': 0.5729934957247231, 'lag_17': 0.11728624957538189, 'lag_18': 0.5776973906133754, 'lag_19': 0.44678787455228214, 'lag_20': 0.012941856698302097, 'lag_21': 0.11146209505629395, 'lag_22': 0.3756611226952065, 'lag_23': 0.28287554056540914, 'lag_24': 0.7226237859231943, 'lag_25': 0.7273904411320298, 'lag_26': 0.657765656377048, 'lag_27': 0.7921948986852079, 'lag_28': 0.373343513163292}. Best is trial 3 with value: 0.0013297018568537559.
[I 2025-09-29 13:10:48,805] Trial 5 finished with value: 0.0016885932621800996 and parameters: {'lag_0': 0.08636377221968608, 'lag_1': 0.8859289797810049, 'lag_2': 0.028276492095386043, 'lag_3': 0.17772869200095653, 'lag_4': 0.5281945621438316, 'lag_5': 0.36580988443879214, 'lag_6': 0.7283141203565847, 'lag_7': 0.8211833077407426, 'lag_8': 0.9083721699402874, 'lag_9': 0.7296679738437876, 'lag_10': 0.943909403814923, 'lag_11': 0.5256013784617709, 'lag_12': 0.9704690884338765, 'lag_13': 0.26106465542924245, 'lag_14': 0.37425230837874207, 'lag_15': 0.12617191366485167, 'lag_16': 0.21094809680694954, 'lag_17': 0.29045126273360555, 'lag_18': 0.7959800163876322, 'lag_19': 0.11308782134662922, 'lag_20': 0.7605346623449931, 'lag_21': 0.4146375237161108, 'lag_22': 0.5555391071264111, 'lag_23': 0.4868684270148848, 'lag_24': 0.06855090331332017, 'lag_25': 0.783150904943367, 'lag_26': 0.38201867965009095, 'lag_27': 0.36321034723832024, 'lag_28': 0.2775936895242034}. Best is trial 3 with value: 0.0013297018568537559.
[I 2025-09-29 13:10:51,139] Trial 6 finished with value: 0.0016225846409308876 and parameters: {'lag_0': 0.7319635530140263, 'lag_1': 0.9638233952891564, 'lag_2': 0.5070158500748544, 'lag_3': 0.9674810542009886, 'lag_4': 0.6481576802137101, 'lag_5': 0.9143362820588183, 'lag_6': 0.9628969468166704, 'lag_7': 0.1346547775152675, 'lag_8': 0.05065744087233559, 'lag_9': 0.8663971222647169, 'lag_10': 0.26619977314503646, 'lag_11': 0.22901856799476916, 'lag_12': 0.3132184612624957, 'lag_13': 0.5010894196593835, 'lag_14': 0.7137646509587715, 'lag_15': 0.2325111211769008, 'lag_16': 0.6959342130702376, 'lag_17': 0.16751472917502977, 'lag_18': 0.45488998372462974, 'lag_19': 0.6025478955654167, 'lag_20': 0.11194596156319159, 'lag_21': 0.23135947765846546, 'lag_22': 0.277688421207107, 'lag_23': 0.5737760402081423, 'lag_24': 0.33556817227796276, 'lag_25': 0.6635264068301396, 'lag_26': 0.6822083187734077, 'lag_27': 0.2753467079527052, 'lag_28': 0.510202035659833}. Best is trial 3 with value: 0.0013297018568537559.
[I 2025-09-29 13:10:53,472] Trial 7 finished with value: 0.0013520461988995233 and parameters: {'lag_0': 0.3794680004245006, 'lag_1': 0.27773762518322126, 'lag_2': 0.9663428488040264, 'lag_3': 0.4439448721601059, 'lag_4': 0.9950624612604113, 'lag_5': 0.3679827094734868, 'lag_6': 0.3754298840307448, 'lag_7': 0.03935176693561134, 'lag_8': 0.5695353015057176, 'lag_9': 0.7763935023596744, 'lag_10': 0.24334904127822973, 'lag_11': 0.18770775495383926, 'lag_12': 0.06023810778763981, 'lag_13': 0.9700822654366344, 'lag_14': 0.19376440493016, 'lag_15': 0.17318481856247828, 'lag_16': 0.09946480717652095, 'lag_17': 0.37923033139911927, 'lag_18': 0.5987370592347894, 'lag_19': 0.9923699160238239, 'lag_20': 0.2077585894949847, 'lag_21': 0.9539553240138018, 'lag_22': 0.21849523079852692, 'lag_23': 0.36523520456988706, 'lag_24': 0.15141541981788836, 'lag_25': 0.5887853412636536, 'lag_26': 0.8800358644796274, 'lag_27': 0.022137600066328117, 'lag_28': 0.3713827742248644}. Best is trial 3 with value: 0.0013297018568537559.
[I 2025-09-29 13:10:55,809] Trial 8 finished with value: 0.0015422909307869952 and parameters: {'lag_0': 0.14162135620480712, 'lag_1': 0.591183568254047, 'lag_2': 0.22965557612157997, 'lag_3': 0.9746391092866744, 'lag_4': 0.5245243468988594, 'lag_5': 0.04106564646271281, 'lag_6': 0.917502174882803, 'lag_7': 0.91492221773245, 'lag_8': 0.5059235739829678, 'lag_9': 0.5189932279622383, 'lag_10': 0.5748925330530006, 'lag_11': 0.28336564621634497, 'lag_12': 0.8017963177422393, 'lag_13': 0.20917741623910305, 'lag_14': 0.6511550071403605, 'lag_15': 0.09510593619012328, 'lag_16': 0.26658257050043366, 'lag_17': 0.6912946565465945, 'lag_18': 0.4979501925667291, 'lag_19': 0.6140298443999774, 'lag_20': 0.06070016440689181, 'lag_21': 0.7013474066719589, 'lag_22': 0.4155727254607799, 'lag_23': 0.5145867179931036, 'lag_24': 0.6549819184747515, 'lag_25': 0.5630860211042006, 'lag_26': 0.31060952931579844, 'lag_27': 0.8028925991152851, 'lag_28': 0.18704104568600577}. Best is trial 3 with value: 0.0013297018568537559.
[I 2025-09-29 13:10:58,144] Trial 9 finished with value: 0.002456798100609272 and parameters: {'lag_0': 0.3299018491696494, 'lag_1': 0.4554193212455531, 'lag_2': 0.4845070506977243, 'lag_3': 0.42351857137184906, 'lag_4': 0.8447939568798591, 'lag_5': 0.17971198434800892, 'lag_6': 0.3223911579329856, 'lag_7': 0.2751447391989736, 'lag_8': 0.5739220664794203, 'lag_9': 0.36963393192740857, 'lag_10': 0.21651566364008518, 'lag_11': 0.15776433169927617, 'lag_12': 0.9414585171076206, 'lag_13': 0.5792421116701157, 'lag_14': 0.8127670554736146, 'lag_15': 0.15659802390136937, 'lag_16': 0.019218449277383125, 'lag_17': 0.8600223599634776, 'lag_18': 0.6716326238886533, 'lag_19': 0.03674752496835514, 'lag_20': 0.8279244535728215, 'lag_21': 0.46889034428257187, 'lag_22': 0.591746851279119, 'lag_23': 0.1700420589888845, 'lag_24': 0.13088287014288932, 'lag_25': 0.3721057899279056, 'lag_26': 0.361480353487429, 'lag_27': 0.6205733403139096, 'lag_28': 0.4606286936251189}. Best is trial 3 with value: 0.0013297018568537559.
[I 2025-09-29 13:11:00,526] Trial 10 finished with value: 0.0016732582024930592 and parameters: {'lag_0': 0.8955940322305785, 'lag_1': 0.010645452617278062, 'lag_2': 0.6702406107703998, 'lag_3': 0.7270351113836531, 'lag_4': 0.040403779576283716, 'lag_5': 0.7508527036481587, 'lag_6': 0.03081267893005657, 'lag_7': 0.2889778350689158, 'lag_8': 0.9610187488809064, 'lag_9': 0.05055154294595243, 'lag_10': 0.9814061088034671, 'lag_11': 0.9133601169609957, 'lag_12': 0.0028665649587777675, 'lag_13': 0.8607796746107115, 'lag_14': 0.002419516379355613, 'lag_15': 0.6370663602074159, 'lag_16': 0.3747808183474337, 'lag_17': 0.5778824144418088, 'lag_18': 0.0008688542316661607, 'lag_19': 0.31780037955704565, 'lag_20': 0.451029801731779, 'lag_21': 0.7240204404340063, 'lag_22': 0.890091421345103, 'lag_23': 0.965232377973682, 'lag_24': 0.2875261697611581, 'lag_25': 0.07986861872074279, 'lag_26': 0.9280268832464926, 'lag_27': 0.034287655816810814, 'lag_28': 0.6295366147814989}. Best is trial 3 with value: 0.0013297018568537559.
[I 2025-09-29 13:11:02,906] Trial 11 finished with value: 0.001462029308305783 and parameters: {'lag_0': 0.3613760335825157, 'lag_1': 0.7518190847525792, 'lag_2': 0.9584256085070548, 'lag_3': 0.3083162846872884, 'lag_4': 0.6999262423262826, 'lag_5': 0.5684191289964178, 'lag_6': 0.20028277173602935, 'lag_7': 0.0013841072061584747, 'lag_8': 0.7250397374633074, 'lag_9': 0.9908378479851996, 'lag_10': 0.733394669457276, 'lag_11': 0.7856720940188858, 'lag_12': 0.007938841109441243, 'lag_13': 0.9934750544790463, 'lag_14': 0.03648427124069824, 'lag_15': 0.43276338047461693, 'lag_16': 0.42735937863497997, 'lag_17': 0.4755521126140453, 'lag_18': 0.9901517107079998, 'lag_19': 0.2964587804296446, 'lag_20': 0.28432533316987557, 'lag_21': 0.9986936680723837, 'lag_22': 0.010751950226366203, 'lag_23': 0.8930526899205489, 'lag_24': 0.014434561237224863, 'lag_25': 0.39360575660695274, 'lag_26': 0.9964226552466842, 'lag_27': 0.011424663075701488, 'lag_28': 0.030365042262160497}. Best is trial 3 with value: 0.0013297018568537559.
[I 2025-09-29 13:11:05,287] Trial 12 finished with value: 0.0015843943493970216 and parameters: {'lag_0': 0.5604504018646574, 'lag_1': 0.2183445880582675, 'lag_2': 0.992504264830029, 'lag_3': 0.6593138927226108, 'lag_4': 0.9905182615680029, 'lag_5': 0.7284412635728575, 'lag_6': 0.5775728556988436, 'lag_7': 0.007606706591134195, 'lag_8': 0.7461492107714778, 'lag_9': 0.7335164758943788, 'lag_10': 0.013288555229098942, 'lag_11': 0.6594383366136549, 'lag_12': 0.18398742437330368, 'lag_13': 0.7733614796722208, 'lag_14': 0.1955420265895798, 'lag_15': 0.5675255937316623, 'lag_16': 0.18788485476946223, 'lag_17': 0.46364654638380154, 'lag_18': 0.6814256554811784, 'lag_19': 0.977932350043171, 'lag_20': 0.26201500743830947, 'lag_21': 0.7919550834054863, 'lag_22': 0.1431582562554119, 'lag_23': 0.011162729480309552, 'lag_24': 0.2151471089181719, 'lag_25': 0.48441387916054196, 'lag_26': 0.8299595753248277, 'lag_27': 0.19295319840092562, 'lag_28': 0.6903769445163678}. Best is trial 3 with value: 0.0013297018568537559.
[I 2025-09-29 13:11:07,671] Trial 13 finished with value: 0.0017278288935821517 and parameters: {'lag_0': 0.2543719011760692, 'lag_1': 0.272949883720759, 'lag_2': 0.790216806285024, 'lag_3': 0.6789199856912088, 'lag_4': 0.38099434549673394, 'lag_5': 0.44337082407490563, 'lag_6': 0.3099657162096195, 'lag_7': 0.14911866614716726, 'lag_8': 0.7698580652474145, 'lag_9': 0.8894272887440761, 'lag_10': 0.382451499792336, 'lag_11': 0.3744991516542189, 'lag_12': 0.16914680288294576, 'lag_13': 0.6946433457003134, 'lag_14': 0.15447463076815124, 'lag_15': 0.37583692168343863, 'lag_16': 0.5779429706963101, 'lag_17': 0.747859026794673, 'lag_18': 0.2684320217156778, 'lag_19': 0.6858369507827669, 'lag_20': 0.5175184987000553, 'lag_21': 0.8226992721047995, 'lag_22': 0.11757394568275059, 'lag_23': 0.8159128409012337, 'lag_24': 0.5083139330325471, 'lag_25': 0.9906825796375933, 'lag_26': 0.7662807535116226, 'lag_27': 0.169821176675828, 'lag_28': 0.020671549160089453}. Best is trial 3 with value: 0.0013297018568537559.
[I 2025-09-29 13:11:10,046] Trial 14 finished with value: 0.001356506601890756 and parameters: {'lag_0': 0.700537833240676, 'lag_1': 0.7261498812939788, 'lag_2': 0.5404273746591699, 'lag_3': 0.28728520089181764, 'lag_4': 0.7132350206738021, 'lag_5': 0.9583613129569741, 'lag_6': 0.010706118121512842, 'lag_7': 0.2201346784504017, 'lag_8': 0.37212896870622, 'lag_9': 0.6463802525272138, 'lag_10': 0.7066280502714052, 'lag_11': 0.6801092650371909, 'lag_12': 0.5088814163075028, 'lag_13': 0.9970067560879619, 'lag_14': 0.17798482079334, 'lag_15': 0.7261382066157605, 'lag_16': 0.12176822395960799, 'lag_17': 0.02480357895154478, 'lag_18': 0.6958314290181465, 'lag_19': 0.3507171417125944, 'lag_20': 0.18481942234755225, 'lag_21': 0.6153933338351626, 'lag_22': 0.9707899342598942, 'lag_23': 0.3693451664456784, 'lag_24': 0.4732469954272344, 'lag_25': 0.18718837707801053, 'lag_26': 0.5884105451241115, 'lag_27': 0.3949297528859229, 'lag_28': 0.3431237424106962}. Best is trial 3 with value: 0.0013297018568537559.
[I 2025-09-29 13:11:12,412] Trial 15 finished with value: 0.0017644441109091365 and parameters: {'lag_0': 0.4586852538998916, 'lag_1': 0.03895395350228276, 'lag_2': 0.8824234127937363, 'lag_3': 0.5712361416306266, 'lag_4': 0.4190481271542293, 'lag_5': 0.7190949287648255, 'lag_6': 0.6637771365905691, 'lag_7': 0.41284293035916564, 'lag_8': 0.669815932401931, 'lag_9': 0.3652539783918492, 'lag_10': 0.18512495401931267, 'lag_11': 0.9926765864107543, 'lag_12': 0.15629568803565683, 'lag_13': 0.6414916751394657, 'lag_14': 0.49638959951291006, 'lag_15': 0.2746528816317755, 'lag_16': 0.3419883642889075, 'lag_17': 0.9966272592289619, 'lag_18': 0.8918715190918314, 'lag_19': 0.8102378173038649, 'lag_20': 0.45212880643805575, 'lag_21': 0.30407397088127863, 'lag_22': 0.7102896297206021, 'lag_23': 0.7388842810071268, 'lag_24': 0.21056684215303856, 'lag_25': 0.28656884180327136, 'lag_26': 0.8744723166932783, 'lag_27': 0.12429949589106754, 'lag_28': 0.7600196098991938}. Best is trial 3 with value: 0.0013297018568537559.
[I 2025-09-29 13:11:14,791] Trial 16 finished with value: 0.001743272806686615 and parameters: {'lag_0': 0.7053515437418969, 'lag_1': 0.366500155289918, 'lag_2': 0.6443021931155448, 'lag_3': 0.3838241955401737, 'lag_4': 0.6119741633894339, 'lag_5': 0.48184259640925026, 'lag_6': 0.20253408158762676, 'lag_7': 0.09818724915812793, 'lag_8': 0.8641848625740078, 'lag_9': 0.1674847118241244, 'lag_10': 0.37335082075735615, 'lag_11': 0.5737388290075169, 'lag_12': 0.3584704767548855, 'lag_13': 0.8396209196638496, 'lag_14': 0.13733350904866343, 'lag_15': 0.7514139379735478, 'lag_16': 0.9812826505654204, 'lag_17': 0.5821972374711706, 'lag_18': 0.5884751727573535, 'lag_19': 0.46177610799942803, 'lag_20': 0.5746488896292005, 'lag_21': 0.8922989204176611, 'lag_22': 0.10945825074994986, 'lag_23': 0.3850142792609613, 'lag_24': 0.1509885110141636, 'lag_25': 0.5651306458303669, 'lag_26': 0.7607885774474361, 'lag_27': 0.2954749122201943, 'lag_28': 0.5029123195366793}. Best is trial 3 with value: 0.0013297018568537559.
[I 2025-09-29 13:11:17,173] Trial 17 finished with value: 0.0016611384576679842 and parameters: {'lag_0': 0.2545092148787086, 'lag_1': 0.7879777835199506, 'lag_2': 0.37085541337878314, 'lag_3': 0.8017630400359064, 'lag_4': 0.7971218016367282, 'lag_5': 0.8231418124397629, 'lag_6': 0.3856333841230099, 'lag_7': 0.3393941421825456, 'lag_8': 0.5971218688962151, 'lag_9': 0.8448876072161786, 'lag_10': 0.8519614893764892, 'lag_11': 0.8149051674275725, 'lag_12': 0.6377183973133376, 'lag_13': 0.3958715877871757, 'lag_14': 0.49283171314505997, 'lag_15': 0.5081938825301282, 'lag_16': 0.4825027959905191, 'lag_17': 0.4188571232383981, 'lag_18': 0.3344434914994321, 'lag_19': 0.201623454594799, 'lag_20': 0.378173094829559, 'lag_21': 0.5830302181274941, 'lag_22': 0.21999948937969815, 'lag_23': 0.09085659136950192, 'lag_24': 0.01332320204839782, 'lag_25': 0.4967509319515642, 'lag_26': 0.944368269035831, 'lag_27': 0.07897595332384637, 'lag_28': 0.2839113036281318}. Best is trial 3 with value: 0.0013297018568537559.
[I 2025-09-29 13:11:19,546] Trial 18 finished with value: 0.0015199666389237008 and parameters: {'lag_0': 0.4258780551012734, 'lag_1': 0.5742257730731881, 'lag_2': 0.8450987696717375, 'lag_3': 0.007216505764624792, 'lag_4': 0.011364822980415967, 'lag_5': 0.6332685584014432, 'lag_6': 0.12489210271355505, 'lag_7': 0.5096039306584648, 'lag_8': 0.8388361160420994, 'lag_9': 0.6394112661715248, 'lag_10': 0.614554757835538, 'lag_11': 0.3785554865490042, 'lag_12': 0.09981472530135826, 'lag_13': 0.8942123497824928, 'lag_14': 0.2764146390087354, 'lag_15': 0.3249519395460268, 'lag_16': 0.7556274088600492, 'lag_17': 0.6868050346061021, 'lag_18': 0.09945532598232054, 'lag_19': 0.8436330400017669, 'lag_20': 0.1688361577295806, 'lag_21': 0.6684643572919905, 'lag_22': 0.4588971270009527, 'lag_23': 0.9992950067319628, 'lag_24': 0.4739937452428782, 'lag_25': 0.0026756272122003266, 'lag_26': 0.8086479310491651, 'lag_27': 0.9952727697485735, 'lag_28': 0.1269532366486552}. Best is trial 3 with value: 0.0013297018568537559.
[I 2025-09-29 13:11:21,918] Trial 19 finished with value: 0.0015255324585936388 and parameters: {'lag_0': 0.03016777949463667, 'lag_1': 0.11965542921796643, 'lag_2': 0.9968806203004956, 'lag_3': 0.6074257960104423, 'lag_4': 0.1642693753095013, 'lag_5': 0.39357668662848677, 'lag_6': 0.7978975933022789, 'lag_7': 0.09489622844068302, 'lag_8': 0.371382909503848, 'lag_9': 0.969238181882033, 'lag_10': 0.44850137027863407, 'lag_11': 0.6485718984321118, 'lag_12': 0.389441468887219, 'lag_13': 0.7234780147073726, 'lag_14': 0.4211534541457184, 'lag_15': 0.7441499941554116, 'lag_16': 0.2993645961835408, 'lag_17': 0.3537074390385782, 'lag_18': 0.7798064707312166, 'lag_19': 0.012326597286451246, 'lag_20': 0.9703622351460337, 'lag_21': 0.8381200657626519, 'lag_22': 0.06298725978414624, 'lag_23': 0.6489509132679234, 'lag_24': 0.2379873849272302, 'lag_25': 0.3849406317807541, 'lag_26': 0.15421664665297774, 'lag_27': 0.2464586470318775, 'lag_28': 0.40620537078151636}. Best is trial 3 with value: 0.0013297018568537559.
[I 2025-09-29 13:11:24,293] Trial 20 finished with value: 0.003252131181744171 and parameters: {'lag_0': 0.9675106287228366, 'lag_1': 0.3461541558111393, 'lag_2': 0.7586265774680014, 'lag_3': 0.458416076924163, 'lag_4': 0.4250852221095372, 'lag_5': 0.30638449154861863, 'lag_6': 0.5808438655862203, 'lag_7': 0.6061284956628465, 'lag_8': 0.9860946402342726, 'lag_9': 0.45061010925306433, 'lag_10': 0.2731449834037469, 'lag_11': 0.0013764702383385896, 'lag_12': 0.25143561145762705, 'lag_13': 0.3858283822663152, 'lag_14': 0.07328785160675863, 'lag_15': 0.4572850431286448, 'lag_16': 0.1262244902701421, 'lag_17': 0.575094764145398, 'lag_18': 0.5841992817096935, 'lag_19': 0.5465330238953298, 'lag_20': 0.19878093139802713, 'lag_21': 0.3673632248253993, 'lag_22': 0.251554621396809, 'lag_23': 0.4036215940954572, 'lag_24': 0.38235195204963457, 'lag_25': 0.6319409400228764, 'lag_26': 0.5547864482302081, 'lag_27': 0.5057422285895371, 'lag_28': 0.5766496161146235}. Best is trial 3 with value: 0.0013297018568537559.
[I 2025-09-29 13:11:26,679] Trial 21 finished with value: 0.0015393816585087085 and parameters: {'lag_0': 0.6835469930805825, 'lag_1': 0.7049814415652731, 'lag_2': 0.5277226726027395, 'lag_3': 0.26876283715540156, 'lag_4': 0.9943801359345537, 'lag_5': 0.9923424130318306, 'lag_6': 0.011812140563930141, 'lag_7': 0.2106185579078175, 'lag_8': 0.3181246108201511, 'lag_9': 0.644690257694548, 'lag_10': 0.7114524731853338, 'lag_11': 0.7180898542314228, 'lag_12': 0.4954965935729748, 'lag_13': 0.9903632268564255, 'lag_14': 0.25578183441590086, 'lag_15': 0.7179458745842567, 'lag_16': 0.11127873110339499, 'lag_17': 0.022706250245483228, 'lag_18': 0.7111939362391974, 'lag_19': 0.3495615685298977, 'lag_20': 0.16780866062503855, 'lag_21': 0.6139226092775389, 'lag_22': 0.9257115330778356, 'lag_23': 0.3933584532296163, 'lag_24': 0.5376326846510906, 'lag_25': 0.150715592223083, 'lag_26': 0.660682351569786, 'lag_27': 0.39546619772675146, 'lag_28': 0.30477639801601586}. Best is trial 3 with value: 0.0013297018568537559.
[I 2025-09-29 13:11:29,048] Trial 22 finished with value: 0.0016731027148373118 and parameters: {'lag_0': 0.6028583518316875, 'lag_1': 0.8153005435466131, 'lag_2': 0.3773004504935673, 'lag_3': 0.31126302461002414, 'lag_4': 0.7693583815008926, 'lag_5': 0.8321619292177953, 'lag_6': 0.07681079618673699, 'lag_7': 0.199697126298419, 'lag_8': 0.4811288470756332, 'lag_9': 0.7906991273716484, 'lag_10': 0.8489245768235315, 'lag_11': 0.8346135081810981, 'lag_12': 0.4662244100310595, 'lag_13': 0.9128926971137366, 'lag_14': 0.1049839979577351, 'lag_15': 0.8286287700649311, 'lag_16': 0.10273923631244343, 'lag_17': 0.03779235181375401, 'lag_18': 0.6059280408632608, 'lag_19': 0.23605942735980656, 'lag_20': 0.36411277004730613, 'lag_21': 0.5907512331127599, 'lag_22': 0.7572766544344733, 'lag_23': 0.2957666918734578, 'lag_24': 0.12876703403885933, 'lag_25': 0.1326279182101951, 'lag_26': 0.591306019501725, 'lag_27': 0.3826548296339186, 'lag_28': 0.3587254889427248}. Best is trial 3 with value: 0.0013297018568537559.
[I 2025-09-29 13:11:31,421] Trial 23 finished with value: 0.0015502753402441788 and parameters: {'lag_0': 0.8116363265314508, 'lag_1': 0.6631850243429726, 'lag_2': 0.6053290762932358, 'lag_3': 0.20100545167021225, 'lag_4': 0.5809145194121544, 'lag_5': 0.9821746172292026, 'lag_6': 0.25737247185452355, 'lag_7': 0.3598147460504014, 'lag_8': 0.2299938119429782, 'lag_9': 0.631072358580327, 'lag_10': 0.653965470183508, 'lag_11': 0.6074416313161257, 'lag_12': 0.6421489368541665, 'lag_13': 0.8023412460632153, 'lag_14': 0.23127158962060768, 'lag_15': 0.6165534736647665, 'lag_16': 0.2432432390151995, 'lag_17': 0.13659237450474515, 'lag_18': 0.7631442710824121, 'lag_19': 0.3696091283839863, 'lag_20': 0.12636154026487442, 'lag_21': 0.5203916645577927, 'lag_22': 0.8163071176613537, 'lag_23': 0.4557208322686897, 'lag_24': 0.44237639395913747, 'lag_25': 0.2513120147234105, 'lag_26': 0.7215519413834665, 'lag_27': 0.14217309205179646, 'lag_28': 0.23670363860478014}. Best is trial 3 with value: 0.0013297018568537559.
