[I 2025-09-29 13:19:41,358] Trial 40 finished with value: 0.006857799772387693 and parameters: {'lag_0': 0.5517691280753275, 'lag_1': 0.9124801597443222, 'lag_2': 0.003535128898548276, 'lag_3': 0.8135402527085518, 'lag_4': 0.05627236916140514, 'lag_5': 0.12740105018710665, 'lag_6': 0.9957864103465899, 'lag_7': 0.4674083520672917, 'lag_8': 0.3702739881428365, 'lag_9': 0.7964023553065972, 'lag_10': 0.21570424924668014, 'lag_11': 0.3136527502502146, 'lag_12': 0.7947840592243732, 'lag_13': 0.00026598693277302826, 'lag_14': 0.42982737134879495, 'lag_15': 0.11473803218798131, 'lag_16': 0.754232916348288, 'lag_17': 0.002049418342247065, 'lag_18': 0.554019181735926, 'lag_19': 0.6937500328879941, 'lag_20': 0.0017110926020129646, 'lag_21': 0.5268124203062896, 'lag_22': 0.04628923697291054, 'lag_23': 0.6780113576718123, 'lag_24': 0.17447349868141418, 'lag_25': 0.8622289232797081, 'lag_26': 0.4452225075960722, 'lag_27': 0.2639801041395798, 'lag_28': 0.8772383280924176}. Best is trial 37 with value: 0.005181328733467088.
[I 2025-09-29 13:19:43,836] Trial 41 finished with value: 0.006335466396153877 and parameters: {'lag_0': 0.5424687426606872, 'lag_1': 0.21741749176007125, 'lag_2': 0.04733612422472031, 'lag_3': 0.5687082843139014, 'lag_4': 0.15214524732338536, 'lag_5': 0.8405309069380489, 'lag_6': 0.7598751889435043, 'lag_7': 0.3436085841602595, 'lag_8': 0.18195375092071475, 'lag_9': 0.7292675237848274, 'lag_10': 0.27222808347139094, 'lag_11': 0.2085860057311334, 'lag_12': 0.11684381454541637, 'lag_13': 0.15000094859770402, 'lag_14': 0.7905156627977553, 'lag_15': 0.5189679867199866, 'lag_16': 0.9376844486414189, 'lag_17': 0.15844392396598653, 'lag_18': 0.04980850214302581, 'lag_19': 0.41420262959398196, 'lag_20': 0.3579010588469522, 'lag_21': 0.7573431436848888, 'lag_22': 0.19909807617401099, 'lag_23': 0.8233953250267431, 'lag_24': 0.06788749797180892, 'lag_25': 0.5764640384519809, 'lag_26': 0.3641250238949281, 'lag_27': 0.37085367684978754, 'lag_28': 0.7040925877841222}. Best is trial 37 with value: 0.005181328733467088.
[I 2025-09-29 13:19:46,315] Trial 42 finished with value: 0.005733319495644116 and parameters: {'lag_0': 0.671916009199764, 'lag_1': 0.32921364944673703, 'lag_2': 0.6846609035977326, 'lag_3': 0.7036637401586976, 'lag_4': 0.22263168442071601, 'lag_5': 0.6746488085975166, 'lag_6': 0.9437469526645355, 'lag_7': 0.8709749866526617, 'lag_8': 0.6974805030748055, 'lag_9': 0.9525593644322039, 'lag_10': 0.48992521410763135, 'lag_11': 0.8439203488836011, 'lag_12': 0.938129087002447, 'lag_13': 0.07333232498525537, 'lag_14': 0.6642765785393006, 'lag_15': 0.07525274084530802, 'lag_16': 0.880891563551664, 'lag_17': 0.06422924353418138, 'lag_18': 0.15613573113161744, 'lag_19': 0.4745017910304998, 'lag_20': 0.9212780352054042, 'lag_21': 0.3891518234241347, 'lag_22': 0.1450234780499249, 'lag_23': 0.7460554749280238, 'lag_24': 0.13347650014285478, 'lag_25': 0.970811030843973, 'lag_26': 0.44792079895644626, 'lag_27': 0.5822068897449769, 'lag_28': 0.6206880761564885}. Best is trial 37 with value: 0.005181328733467088.
[I 2025-09-29 13:19:48,788] Trial 43 finished with value: 0.0063690787757484406 and parameters: {'lag_0': 0.36667086967242374, 'lag_1': 0.6244124210367242, 'lag_2': 0.04562011697675815, 'lag_3': 0.45020250908927856, 'lag_4': 0.07852245149092865, 'lag_5': 0.9956676149003618, 'lag_6': 0.7758050143835448, 'lag_7': 0.31189629033053523, 'lag_8': 0.11395274986306717, 'lag_9': 0.866590846564521, 'lag_10': 0.3227808364937393, 'lag_11': 0.08878664812039766, 'lag_12': 0.645555517683889, 'lag_13': 0.12810348012151374, 'lag_14': 0.5482539506706414, 'lag_15': 0.9213122341740939, 'lag_16': 0.6420618951807928, 'lag_17': 0.2713476457104591, 'lag_18': 0.2740363932982967, 'lag_19': 0.33649540967523417, 'lag_20': 0.04294204592567269, 'lag_21': 0.4646762164123963, 'lag_22': 0.4175300158604073, 'lag_23': 0.9472511943243409, 'lag_24': 0.49868907327971146, 'lag_25': 0.6696913797290649, 'lag_26': 0.6634713211018483, 'lag_27': 0.9184217455556551, 'lag_28': 0.8673669665082389}. Best is trial 37 with value: 0.005181328733467088.
[I 2025-09-29 13:19:51,263] Trial 44 finished with value: 0.007052695552488081 and parameters: {'lag_0': 0.8254414323667474, 'lag_1': 0.006358135442396773, 'lag_2': 0.10709658403386565, 'lag_3': 0.6452502647645071, 'lag_4': 0.14462281315742254, 'lag_5': 0.9342724926893767, 'lag_6': 0.6703540801563292, 'lag_7': 0.9987001542819265, 'lag_8': 0.010601021098542635, 'lag_9': 0.6916267928271792, 'lag_10': 0.4490026189132651, 'lag_11': 0.7408839433622754, 'lag_12': 0.5709908863394293, 'lag_13': 0.17374141989306202, 'lag_14': 0.7502750039023559, 'lag_15': 0.03669211052443423, 'lag_16': 0.8378965888198522, 'lag_17': 0.11990591246770549, 'lag_18': 0.035232552336165124, 'lag_19': 0.25775764950415453, 'lag_20': 0.7956402986053611, 'lag_21': 0.6183783632163943, 'lag_22': 0.0037953306987296154, 'lag_23': 0.6011333283290106, 'lag_24': 0.5625688121952903, 'lag_25': 0.42916546913382686, 'lag_26': 0.49429909765520524, 'lag_27': 0.18808525784861108, 'lag_28': 0.6934899908841119}. Best is trial 37 with value: 0.005181328733467088.
[I 2025-09-29 13:19:53,741] Trial 45 finished with value: 0.006012536347224219 and parameters: {'lag_0': 0.46761650187816206, 'lag_1': 0.361850195757755, 'lag_2': 0.3075894681581135, 'lag_3': 0.5412427373394395, 'lag_4': 0.5171846865806524, 'lag_5': 0.1836752848985166, 'lag_6': 0.8191536049601612, 'lag_7': 0.6104372209568732, 'lag_8': 0.4014703547227781, 'lag_9': 0.8003351499145195, 'lag_10': 0.361291184504007, 'lag_11': 0.26948794616611077, 'lag_12': 0.999857264303772, 'lag_13': 0.04348907741465764, 'lag_14': 0.8091994636517503, 'lag_15': 0.3631645820296644, 'lag_16': 0.9402682711553407, 'lag_17': 0.20965031289306044, 'lag_18': 0.3480988195820014, 'lag_19': 0.5178357798655351, 'lag_20': 0.28238735488452404, 'lag_21': 0.6516611979486011, 'lag_22': 0.06955011904761413, 'lag_23': 0.655445953655935, 'lag_24': 0.2646171180188799, 'lag_25': 0.8246598061313617, 'lag_26': 0.41362916885112105, 'lag_27': 0.24953173336801626, 'lag_28': 0.09225407326611482}. Best is trial 37 with value: 0.005181328733467088.
[I 2025-09-29 13:19:56,231] Trial 46 finished with value: 0.00704203916001213 and parameters: {'lag_0': 0.415529013443522, 'lag_1': 0.1144904201843364, 'lag_2': 0.1509429943883591, 'lag_3': 0.8983798015651503, 'lag_4': 0.01075389440639124, 'lag_5': 0.8551367950106931, 'lag_6': 0.5311229955887609, 'lag_7': 0.4976176683813316, 'lag_8': 0.23599533597320202, 'lag_9': 0.6562482709157043, 'lag_10': 0.20601976411859244, 'lag_11': 0.34401310193727197, 'lag_12': 0.761395212757745, 'lag_13': 0.10288378168128931, 'lag_14': 0.008976905981919997, 'lag_15': 0.14757570066569214, 'lag_16': 0.19057675145276864, 'lag_17': 0.050944360411167205, 'lag_18': 0.24281195137916928, 'lag_19': 0.4233775213792697, 'lag_20': 0.5187565860145754, 'lag_21': 0.5754820462192338, 'lag_22': 0.22363604439372095, 'lag_23': 0.7924613754300123, 'lag_24': 0.9111969453233243, 'lag_25': 0.520155479672743, 'lag_26': 0.30573977172404077, 'lag_27': 0.473098638327034, 'lag_28': 0.38222926357680953}. Best is trial 37 with value: 0.005181328733467088.
[I 2025-09-29 13:19:58,713] Trial 47 finished with value: 0.006296528736543644 and parameters: {'lag_0': 0.33522328656221223, 'lag_1': 0.2955619088379812, 'lag_2': 0.22258036799115802, 'lag_3': 0.5974989852158223, 'lag_4': 0.8359906951808167, 'lag_5': 0.7748222891175216, 'lag_6': 0.782127884154693, 'lag_7': 0.664365646555647, 'lag_8': 0.32263923049128596, 'lag_9': 0.32098534227255776, 'lag_10': 0.1240080128833565, 'lag_11': 0.9425810000506492, 'lag_12': 0.015397730289760575, 'lag_13': 0.23311450102998307, 'lag_14': 0.3341875800978946, 'lag_15': 0.23671163466904496, 'lag_16': 0.7236106650351343, 'lag_17': 0.0466077444674175, 'lag_18': 0.0819271755784069, 'lag_19': 0.9804848359925336, 'lag_20': 0.16807853603720393, 'lag_21': 0.6947240635641851, 'lag_22': 0.1620121894630705, 'lag_23': 0.7437279244860658, 'lag_24': 0.3613314970089228, 'lag_25': 0.6289790523805092, 'lag_26': 0.34504171119331806, 'lag_27': 0.32540391163198856, 'lag_28': 0.5915038650199189}. Best is trial 37 with value: 0.005181328733467088.
[I 2025-09-29 13:20:01,197] Trial 48 finished with value: 0.007122704495587448 and parameters: {'lag_0': 0.24037937036513973, 'lag_1': 0.1995968913903498, 'lag_2': 0.3678276105791306, 'lag_3': 0.7971390801126321, 'lag_4': 0.3244015953914766, 'lag_5': 0.022195611341380928, 'lag_6': 0.6280432717406528, 'lag_7': 0.46166047857265047, 'lag_8': 0.1678420974868289, 'lag_9': 0.4154420731586194, 'lag_10': 0.6085305957686437, 'lag_11': 0.6365330595461729, 'lag_12': 0.6100680827095349, 'lag_13': 0.5505558402104483, 'lag_14': 0.09015337412372151, 'lag_15': 0.6192864801389896, 'lag_16': 0.5600040375248226, 'lag_17': 0.09788851520894742, 'lag_18': 0.6825361190662451, 'lag_19': 0.18854736427585916, 'lag_20': 0.6112617532630598, 'lag_21': 0.45624775760991515, 'lag_22': 0.8726512555793058, 'lag_23': 0.5879338486035568, 'lag_24': 0.7100614984585767, 'lag_25': 0.7351249646821864, 'lag_26': 0.1860135580988979, 'lag_27': 0.07923148046550044, 'lag_28': 0.7965910674668327}. Best is trial 37 with value: 0.005181328733467088.
[I 2025-09-29 13:20:03,787] Trial 49 finished with value: 0.006156724335102439 and parameters: {'lag_0': 0.5770671923242037, 'lag_1': 0.5266124426197343, 'lag_2': 0.7363963020118889, 'lag_3': 0.2745516250671477, 'lag_4': 0.6204413735168741, 'lag_5': 0.8831361300215967, 'lag_6': 0.9271028130001242, 'lag_7': 0.9454598971285203, 'lag_8': 0.25559478889813625, 'lag_9': 0.8817024040543706, 'lag_10': 0.7037207501745768, 'lag_11': 0.7122945253649154, 'lag_12': 0.7096666857712643, 'lag_13': 0.6209069455015769, 'lag_14': 0.6032706025025303, 'lag_15': 0.4404942408379348, 'lag_16': 0.7802228057963623, 'lag_17': 0.251864620205855, 'lag_18': 0.15237301264667352, 'lag_19': 0.6078609242514145, 'lag_20': 0.7266358893057554, 'lag_21': 0.5464294363725066, 'lag_22': 0.7798538487898539, 'lag_23': 0.9970798711588356, 'lag_24': 0.8351344636428789, 'lag_25': 0.4842396184946859, 'lag_26': 0.5860290297357839, 'lag_27': 0.42929016789620394, 'lag_28': 0.7356293440388623}. Best is trial 37 with value: 0.005181328733467088.
[I 2025-09-29 13:20:06,277] Trial 50 finished with value: 0.006229234228121792 and parameters: {'lag_0': 0.49761185656200263, 'lag_1': 0.658043283921963, 'lag_2': 0.9804126467805154, 'lag_3': 0.7377217725316387, 'lag_4': 0.17153443686136016, 'lag_5': 0.567000897595118, 'lag_6': 0.05846604455383736, 'lag_7': 0.5655244472847393, 'lag_8': 0.9315341878612232, 'lag_9': 0.7513246898052074, 'lag_10': 0.3377545992051172, 'lag_11': 0.8381622333937201, 'lag_12': 0.12514793671378738, 'lag_13': 0.04780087129903391, 'lag_14': 0.6896054457494222, 'lag_15': 0.7574702810975167, 'lag_16': 0.9493754929705055, 'lag_17': 0.645019159167449, 'lag_18': 0.33341294538923727, 'lag_19': 0.09953456682992398, 'lag_20': 0.08068132468497825, 'lag_21': 0.8268554820482084, 'lag_22': 0.5395350292257899, 'lag_23': 0.8655839047170395, 'lag_24': 0.3108380367639461, 'lag_25': 0.9334305947826171, 'lag_26': 0.6783740756344084, 'lag_27': 0.350760743960498, 'lag_28': 0.29134562619642307}. Best is trial 37 with value: 0.005181328733467088.
[I 2025-09-29 13:20:08,773] Trial 51 finished with value: 0.006352306603503673 and parameters: {'lag_0': 0.33208701910949867, 'lag_1': 0.4636098320385774, 'lag_2': 0.10684586264576457, 'lag_3': 0.35721671672329874, 'lag_4': 0.2572400851461075, 'lag_5': 0.7086133383621904, 'lag_6': 0.7145067157444256, 'lag_7': 0.2600679660578662, 'lag_8': 0.3072484659280099, 'lag_9': 0.5967353952926446, 'lag_10': 0.18825038599127314, 'lag_11': 0.47252590639604264, 'lag_12': 0.5280565024386142, 'lag_13': 0.173390441821868, 'lag_14': 0.8740761806037692, 'lag_15': 0.7326264860283093, 'lag_16': 0.49715273225811063, 'lag_17': 0.33179490121429134, 'lag_18': 0.23862115758949515, 'lag_19': 0.4709382773381947, 'lag_20': 0.2033542567409231, 'lag_21': 0.26436300995735285, 'lag_22': 0.2733840599974371, 'lag_23': 0.5563630588679992, 'lag_24': 0.209665990859227, 'lag_25': 0.2619556729029163, 'lag_26': 0.5621080529229141, 'lag_27': 0.6323503438500946, 'lag_28': 0.6549382892989741}. Best is trial 37 with value: 0.005181328733467088.
[I 2025-09-29 13:20:11,271] Trial 52 finished with value: 0.005364231113287016 and parameters: {'lag_0': 0.27966517132383045, 'lag_1': 0.4290943099644698, 'lag_2': 0.057706359998856704, 'lag_3': 0.4050733031996374, 'lag_4': 0.38858449698637776, 'lag_5': 0.7841634967055116, 'lag_6': 0.7328453827211857, 'lag_7': 0.10321317173377337, 'lag_8': 0.37522777844225913, 'lag_9': 0.5286339288782201, 'lag_10': 0.2531069823303596, 'lag_11': 0.20237942360016598, 'lag_12': 0.26830232667754483, 'lag_13': 0.10358451359552064, 'lag_14': 0.9562796178883763, 'lag_15': 0.6984076245105949, 'lag_16': 0.3549661352095357, 'lag_17': 0.5673412704898787, 'lag_18': 0.003721713870395299, 'lag_19': 0.49910309563352906, 'lag_20': 0.15259423832555888, 'lag_21': 0.21699709087803543, 'lag_22': 0.3626211837563684, 'lag_23': 0.47788492525000353, 'lag_24': 0.2156449008473585, 'lag_25': 0.35262605236807176, 'lag_26': 0.5127293645109671, 'lag_27': 0.7245030881076582, 'lag_28': 0.5334091845948155}. Best is trial 37 with value: 0.005181328733467088.
[I 2025-09-29 13:20:13,763] Trial 53 finished with value: 0.006886592314124427 and parameters: {'lag_0': 0.3947044500128048, 'lag_1': 0.40003301602929553, 'lag_2': 0.05159466657858502, 'lag_3': 0.4484074229889415, 'lag_4': 0.38759312531184176, 'lag_5': 0.8060630193047663, 'lag_6': 0.5739595280119736, 'lag_7': 0.6929821227623874, 'lag_8': 0.3639744322707902, 'lag_9': 0.4345220707262919, 'lag_10': 0.27284745689037293, 'lag_11': 0.22189133842636166, 'lag_12': 0.22915078685917045, 'lag_13': 0.0057960806198406045, 'lag_14': 0.9433454438896236, 'lag_15': 0.828578042388558, 'lag_16': 0.2972755762692114, 'lag_17': 0.5552856765666295, 'lag_18': 0.030554161031273896, 'lag_19': 0.37464589654990205, 'lag_20': 0.12841265500872046, 'lag_21': 0.22545984002542369, 'lag_22': 0.35484072933481814, 'lag_23': 0.4286781281326019, 'lag_24': 0.2539648958397801, 'lag_25': 0.37643487687272253, 'lag_26': 0.4971140225555488, 'lag_27': 0.7302288775761726, 'lag_28': 0.4178213552449079}. Best is trial 37 with value: 0.005181328733467088.
[I 2025-09-29 13:20:16,251] Trial 54 finished with value: 0.006632411031502196 and parameters: {'lag_0': 0.08452269130943096, 'lag_1': 0.5875475446233338, 'lag_2': 0.19719130864534154, 'lag_3': 0.4934220014762937, 'lag_4': 0.47685692632752374, 'lag_5': 0.9464949329556614, 'lag_6': 0.8647258745002329, 'lag_7': 0.0941741039161586, 'lag_8': 0.4238930728236748, 'lag_9': 0.8283597153502784, 'lag_10': 0.24009523885185732, 'lag_11': 0.1846683772394055, 'lag_12': 0.26758411120591097, 'lag_13': 0.10689337825292594, 'lag_14': 0.9839595016091277, 'lag_15': 0.6873841769914653, 'lag_16': 0.331812388384362, 'lag_17': 0.5921207048859826, 'lag_18': 0.0023676641787036302, 'lag_19': 0.5306283137776928, 'lag_20': 0.4595812846338849, 'lag_21': 0.32458904940778166, 'lag_22': 0.40222795900306146, 'lag_23': 0.499651833379023, 'lag_24': 0.05755022506817284, 'lag_25': 0.3981317311806395, 'lag_26': 0.013132468576371015, 'lag_27': 0.5737152102931371, 'lag_28': 0.23572095916032212}. Best is trial 37 with value: 0.005181328733467088.
[I 2025-09-29 13:20:18,736] Trial 55 finished with value: 0.005824785417262422 and parameters: {'lag_0': 0.17791764638381485, 'lag_1': 0.5147772588852281, 'lag_2': 0.035026605573259866, 'lag_3': 0.55032570564628, 'lag_4': 0.3475611949050304, 'lag_5': 0.8651171071947418, 'lag_6': 0.7517397983505212, 'lag_7': 0.4115698645159218, 'lag_8': 0.8214926184385283, 'lag_9': 0.6944714780464807, 'lag_10': 0.402805499168387, 'lag_11': 0.07067197202366704, 'lag_12': 0.8420308092005759, 'lag_13': 0.14291121504207688, 'lag_14': 0.762327241968747, 'lag_15': 0.7755247695847776, 'lag_16': 0.26770539020618495, 'lag_17': 0.7267890389676034, 'lag_18': 0.9978303664165962, 'lag_19': 0.3284621369101071, 'lag_20': 0.32522427301144075, 'lag_21': 0.39453153767252186, 'lag_22': 0.5893852673103939, 'lag_23': 0.40376704530966934, 'lag_24': 0.14051064606344701, 'lag_25': 0.27933449847305963, 'lag_26': 0.5006188063053174, 'lag_27': 0.9951054217017097, 'lag_28': 0.5462102164870547}. Best is trial 37 with value: 0.005181328733467088.
[I 2025-09-29 13:20:21,221] Trial 56 finished with value: 0.006867610650116628 and parameters: {'lag_0': 0.23410763534117054, 'lag_1': 0.2711825811257386, 'lag_2': 0.07805453253833423, 'lag_3': 0.6620707182503349, 'lag_4': 0.23332170529358665, 'lag_5': 0.6393658844478228, 'lag_6': 0.8092679687354184, 'lag_7': 0.7765539797136614, 'lag_8': 0.5334462769738031, 'lag_9': 0.9310651466087185, 'lag_10': 0.2966169746846571, 'lag_11': 0.3100239408684039, 'lag_12': 0.3288632676367126, 'lag_13': 0.04383200306457828, 'lag_14': 0.4447386435093469, 'lag_15': 0.5343141028309076, 'lag_16': 0.09785490016156528, 'lag_17': 0.662422305273802, 'lag_18': 0.11299619014111177, 'lag_19': 0.29338006966500113, 'lag_20': 0.24355379778448605, 'lag_21': 0.12542281199976196, 'lag_22': 0.4542437886773705, 'lag_23': 0.19438522916596535, 'lag_24': 0.005733422448274211, 'lag_25': 0.35242285067065204, 'lag_26': 0.4146510096775154, 'lag_27': 0.12604135105730196, 'lag_28': 0.4788757407881228}. Best is trial 37 with value: 0.005181328733467088.
[I 2025-09-29 13:20:23,700] Trial 57 finished with value: 0.006359799688063282 and parameters: {'lag_0': 0.29654143153350926, 'lag_1': 0.43026428830582686, 'lag_2': 0.4351763285419067, 'lag_3': 0.5985358696210424, 'lag_4': 0.5214610381621818, 'lag_5': 0.6966504131961779, 'lag_6': 0.6771341159544622, 'lag_7': 0.8796977262142545, 'lag_8': 0.04194222321136859, 'lag_9': 0.48204991548048526, 'lag_10': 0.44136051428984624, 'lag_11': 0.12855408591744574, 'lag_12': 0.15880139918672204, 'lag_13': 0.3229943419678192, 'lag_14': 0.18019186615669514, 'lag_15': 0.6687401235124893, 'lag_16': 0.2037872016150184, 'lag_17': 0.8436554011421027, 'lag_18': 0.060092494392816935, 'lag_19': 0.5630866564153947, 'lag_20': 0.02248847663386226, 'lag_21': 0.7487087987929582, 'lag_22': 0.03290120559926401, 'lag_23': 0.8044947949440701, 'lag_24': 0.4381739545689673, 'lag_25': 0.5685597618971218, 'lag_26': 0.6146817551716957, 'lag_27': 0.9289101189220419, 'lag_28': 0.1607985386494526}. Best is trial 37 with value: 0.005181328733467088.
[I 2025-09-29 13:20:26,185] Trial 58 finished with value: 0.007050547479390842 and parameters: {'lag_0': 0.646808023846587, 'lag_1': 0.7618895994213224, 'lag_2': 0.5549140377952239, 'lag_3': 0.42647295015767905, 'lag_4': 0.44445795090836004, 'lag_5': 0.4333985709843125, 'lag_6': 0.47846411612342415, 'lag_7': 0.5292928342506916, 'lag_8': 0.4444152066681252, 'lag_9': 0.6149580021827611, 'lag_10': 0.5303418531540516, 'lag_11': 0.5923439598743797, 'lag_12': 0.4551693014368846, 'lag_13': 0.09036933742546781, 'lag_14': 0.3495463308252758, 'lag_15': 0.303375801217168, 'lag_16': 0.36991618832592343, 'lag_17': 0.4073652346327777, 'lag_18': 0.17170057322743054, 'lag_19': 0.19614098771922894, 'lag_20': 0.38305482258945744, 'lag_21': 0.05924652654827822, 'lag_22': 0.10842985072137523, 'lag_23': 0.6583592987538942, 'lag_24': 0.7959967415702904, 'lag_25': 0.45530782961083655, 'lag_26': 0.5300608294919568, 'lag_27': 0.773621959298106, 'lag_28': 0.062307556109418266}. Best is trial 37 with value: 0.005181328733467088.
[I 2025-09-29 13:20:28,668] Trial 59 finished with value: 0.005982078950882606 and parameters: {'lag_0': 0.5134467995876285, 'lag_1': 0.3394090339841231, 'lag_2': 0.0024968589865032587, 'lag_3': 0.2967736464556087, 'lag_4': 0.2826993994034361, 'lag_5': 0.8999926820393727, 'lag_6': 0.841179350038767, 'lag_7': 0.8286337276855053, 'lag_8': 0.6416733128371073, 'lag_9': 0.32456824370765813, 'lag_10': 0.07225019862694268, 'lag_11': 0.3764086006810976, 'lag_12': 0.9093650804602615, 'lag_13': 0.9886217078518387, 'lag_14': 0.5808070263523115, 'lag_15': 0.9452294254263781, 'lag_16': 0.9811739410392705, 'lag_17': 0.7251460810988133, 'lag_18': 0.40519682667625345, 'lag_19': 0.3865248778136704, 'lag_20': 0.18268022076150447, 'lag_21': 0.2932776068741615, 'lag_22': 0.3341997036004823, 'lag_23': 0.31919797964955166, 'lag_24': 0.1600420574014422, 'lag_25': 0.03599140413998225, 'lag_26': 0.264931629687068, 'lag_27': 0.8243063175172002, 'lag_28': 0.6590286519059554}. Best is trial 37 with value: 0.005181328733467088.
[I 2025-09-29 13:20:31,154] Trial 60 finished with value: 0.005908084873460749 and parameters: {'lag_0': 0.03321422310338318, 'lag_1': 0.8070352181629429, 'lag_2': 0.2823719686028393, 'lag_3': 0.7139899014240008, 'lag_4': 0.7110461114226643, 'lag_5': 0.9680035699808751, 'lag_6': 0.8906938996481241, 'lag_7': 0.330662926472439, 'lag_8': 0.7586339556324316, 'lag_9': 0.013814594218408693, 'lag_10': 0.2494172856856731, 'lag_11': 0.2927307332250769, 'lag_12': 0.2562407567586976, 'lag_13': 0.4280827768374593, 'lag_14': 0.8463808729717699, 'lag_15': 0.5812892479470251, 'lag_16': 0.43460565867679346, 'lag_17': 0.5195378577687292, 'lag_18': 0.1336013546229237, 'lag_19': 0.4405605534216633, 'lag_20': 0.14425012538981302, 'lag_21': 0.6560070335185012, 'lag_22': 0.38232408260196915, 'lag_23': 0.7241163868903182, 'lag_24': 0.6634756411179936, 'lag_25': 0.21627184992827275, 'lag_26': 0.3251772132852526, 'lag_27': 0.6089745308642578, 'lag_28': 0.5953914696401512}. Best is trial 37 with value: 0.005181328733467088.
