2025-09-29 12:50:12,830 - distributed.nanny - INFO -         Start Nanny at: 'tcp://192.168.86.107:45789'
2025-09-29 12:50:14,141 - distributed.worker - INFO -       Start worker at: tcp://192.168.86.107:32964
2025-09-29 12:50:14,141 - distributed.worker - INFO -          Listening to: tcp://192.168.86.107:32964
2025-09-29 12:50:14,142 - distributed.worker - INFO -           Worker name:             SLURMCluster-4
2025-09-29 12:50:14,142 - distributed.worker - INFO -          dashboard at:       192.168.86.107:37210
2025-09-29 12:50:14,142 - distributed.worker - INFO - Waiting to connect to: tcp://192.168.86.101:39990
2025-09-29 12:50:14,142 - distributed.worker - INFO - -------------------------------------------------
2025-09-29 12:50:14,142 - distributed.worker - INFO -               Threads:                          1
2025-09-29 12:50:14,142 - distributed.worker - INFO -                Memory:                   9.31 GiB
2025-09-29 12:50:14,142 - distributed.worker - INFO -       Local Directory: /home1/zrentala/dask-worker-space/dask-scratch-space/worker-fq369jv9
2025-09-29 12:50:14,142 - distributed.worker - INFO - -------------------------------------------------
2025-09-29 12:50:14,433 - distributed.worker - INFO - Starting Worker plugin shuffle
2025-09-29 12:50:14,433 - distributed.worker - INFO -         Registered to: tcp://192.168.86.101:39990
2025-09-29 12:50:14,434 - distributed.worker - INFO - -------------------------------------------------
2025-09-29 12:50:14,434 - distributed.core - INFO - Starting established connection to tcp://192.168.86.101:39990
[I 2025-09-29 12:50:14,522] A new study created in memory with name: no-name-f85eb5d3-98b3-4a82-94c9-57273fd19825
[I 2025-09-29 12:50:16,971] Trial 0 finished with value: 0.006029093053541689 and parameters: {'lag_0': 0.9613967071448752, 'lag_1': 0.515462218770035, 'lag_2': 0.5617452474873933, 'lag_3': 0.5137792624279288, 'lag_4': 0.11003584508839404, 'lag_5': 0.8284394645723604, 'lag_6': 0.9332550456511489, 'lag_7': 0.8395839484709643, 'lag_8': 0.8312305979852349, 'lag_9': 0.95972478021124, 'lag_10': 0.39300932504409203, 'lag_11': 0.9077622613022321, 'lag_12': 0.5737970656459702, 'lag_13': 0.6207033970880986, 'lag_14': 0.4538081752271688, 'lag_15': 0.8383373996123841, 'lag_16': 0.2664110266508842, 'lag_17': 0.8874092190312318, 'lag_18': 0.9322133663678797, 'lag_19': 0.7003741400323283, 'lag_20': 0.6014561453158704, 'lag_21': 0.03843763144655115, 'lag_22': 0.8702864518788578, 'lag_23': 0.40933567250680986, 'lag_24': 0.6356802041522237, 'lag_25': 0.3873654266080921, 'lag_26': 0.5962299405375538, 'lag_27': 0.8878838198677721, 'lag_28': 0.582409236823717}. Best is trial 0 with value: 0.006029093053541689.
[I 2025-09-29 12:50:19,390] Trial 1 finished with value: 0.005356377107130531 and parameters: {'lag_0': 0.2294074258768584, 'lag_1': 0.6420024481514968, 'lag_2': 0.36187865556933047, 'lag_3': 0.5590438299141912, 'lag_4': 0.2785383793404539, 'lag_5': 0.0015751093820825744, 'lag_6': 0.7801245387042851, 'lag_7': 0.06614704233046229, 'lag_8': 0.4045079940402608, 'lag_9': 0.33317377006369353, 'lag_10': 0.7912780372725174, 'lag_11': 0.9133314454966082, 'lag_12': 0.4269986160529041, 'lag_13': 0.1225689896113773, 'lag_14': 0.07042380488109842, 'lag_15': 0.9562069165937046, 'lag_16': 0.5566993255002262, 'lag_17': 0.348982455198133, 'lag_18': 0.548134273887336, 'lag_19': 0.06966546310865385, 'lag_20': 0.5189776036426372, 'lag_21': 0.22096546046735918, 'lag_22': 0.2543794334565993, 'lag_23': 0.4608119646094335, 'lag_24': 0.0006910953129939985, 'lag_25': 0.10371959518263998, 'lag_26': 0.16440939880270564, 'lag_27': 0.9687613827363026, 'lag_28': 0.0697671150281427}. Best is trial 1 with value: 0.005356377107130531.
[I 2025-09-29 12:50:21,830] Trial 2 finished with value: 0.005096004713524756 and parameters: {'lag_0': 0.26417226641562364, 'lag_1': 0.1289734811263891, 'lag_2': 0.1895476808641053, 'lag_3': 0.7837971465669575, 'lag_4': 0.6330562670731313, 'lag_5': 0.7741923381416393, 'lag_6': 0.4018522035399724, 'lag_7': 0.18301586092685032, 'lag_8': 0.25776261554728414, 'lag_9': 0.2605763223110467, 'lag_10': 0.21355312295088563, 'lag_11': 0.3312291827673438, 'lag_12': 0.9544670213068309, 'lag_13': 0.025590663285818736, 'lag_14': 0.3889969020862291, 'lag_15': 0.48895317295078605, 'lag_16': 0.8671308553578235, 'lag_17': 0.3249170388982759, 'lag_18': 0.5252109261293317, 'lag_19': 0.19362933069362406, 'lag_20': 0.39661591142729696, 'lag_21': 0.48767219471919854, 'lag_22': 0.8817455446056424, 'lag_23': 0.6627105542745518, 'lag_24': 0.37069305327892604, 'lag_25': 0.47538173754006824, 'lag_26': 0.22053597444559245, 'lag_27': 0.02502700821905987, 'lag_28': 0.5165712212756876}. Best is trial 2 with value: 0.005096004713524756.
[I 2025-09-29 12:50:24,252] Trial 3 finished with value: 0.005219536941256644 and parameters: {'lag_0': 0.7781363599039712, 'lag_1': 0.9907702168292207, 'lag_2': 0.8952554609156846, 'lag_3': 0.4117858296000524, 'lag_4': 0.2768251819173613, 'lag_5': 0.6710087419608998, 'lag_6': 0.26711181434050285, 'lag_7': 0.16654531718544474, 'lag_8': 0.2947540693051966, 'lag_9': 0.7035504325212957, 'lag_10': 0.442905034558708, 'lag_11': 0.775717415645641, 'lag_12': 0.5323243839667676, 'lag_13': 0.5249143157169915, 'lag_14': 0.6623854936886278, 'lag_15': 0.6443718997819746, 'lag_16': 0.6247179250015871, 'lag_17': 0.9012997422470144, 'lag_18': 0.1364762273708369, 'lag_19': 0.550300636579614, 'lag_20': 0.3200627297428825, 'lag_21': 0.14188224556203538, 'lag_22': 0.49375081580203584, 'lag_23': 0.4944262770433493, 'lag_24': 0.7742441259838515, 'lag_25': 0.2677739778904303, 'lag_26': 0.41038945483906025, 'lag_27': 0.3367545727791163, 'lag_28': 0.26887760787677656}. Best is trial 2 with value: 0.005096004713524756.
[I 2025-09-29 12:50:26,672] Trial 4 finished with value: 0.005877652187241416 and parameters: {'lag_0': 0.9344702819159159, 'lag_1': 0.48957448987704527, 'lag_2': 0.31128767119617284, 'lag_3': 0.3094467695887916, 'lag_4': 0.7679316509182698, 'lag_5': 0.3045024178332102, 'lag_6': 0.9160904150268476, 'lag_7': 0.25684692720240687, 'lag_8': 0.12254657079303843, 'lag_9': 0.1191244960499732, 'lag_10': 0.8263755994599831, 'lag_11': 0.5761325205584586, 'lag_12': 0.8609306273998003, 'lag_13': 0.8116935421463635, 'lag_14': 0.16582645230094215, 'lag_15': 0.051275086454991306, 'lag_16': 0.029400419879387806, 'lag_17': 0.7725553233835221, 'lag_18': 0.015607750275343524, 'lag_19': 0.45354472167026333, 'lag_20': 0.7551118784638889, 'lag_21': 0.8570415289616752, 'lag_22': 0.9270868026488217, 'lag_23': 0.0063637232722468925, 'lag_24': 0.9132672448757224, 'lag_25': 0.48009976928902887, 'lag_26': 0.8316160990425583, 'lag_27': 0.8037788729320058, 'lag_28': 0.3880726098554801}. Best is trial 2 with value: 0.005096004713524756.
[I 2025-09-29 12:50:29,097] Trial 5 finished with value: 0.0050801998798893355 and parameters: {'lag_0': 0.9062317600925319, 'lag_1': 0.6375655204236158, 'lag_2': 0.4718709954405471, 'lag_3': 0.6654926125337566, 'lag_4': 0.6511492925349999, 'lag_5': 0.6221008312407121, 'lag_6': 0.32300427385426206, 'lag_7': 0.6799747788950892, 'lag_8': 0.1621735505223569, 'lag_9': 0.058444415181749435, 'lag_10': 0.08996086359098589, 'lag_11': 0.2619498992084009, 'lag_12': 0.6483827982653118, 'lag_13': 0.004831037189813687, 'lag_14': 0.2041346849736719, 'lag_15': 0.2718041632621379, 'lag_16': 0.22356671291257016, 'lag_17': 0.4046449312310392, 'lag_18': 0.23033988381498063, 'lag_19': 0.9467478506790619, 'lag_20': 0.25981910034377315, 'lag_21': 0.6424083888605312, 'lag_22': 0.1744979721202737, 'lag_23': 0.5955006540349925, 'lag_24': 0.9864396656164618, 'lag_25': 0.34835242265321187, 'lag_26': 0.22863740382955824, 'lag_27': 0.5440518611124344, 'lag_28': 0.71977497183902}. Best is trial 5 with value: 0.0050801998798893355.
[I 2025-09-29 12:50:31,511] Trial 6 finished with value: 0.004966918162621975 and parameters: {'lag_0': 0.19928676369813575, 'lag_1': 0.5835898017571197, 'lag_2': 0.4373524225070935, 'lag_3': 0.8784648478906371, 'lag_4': 0.4424311758963055, 'lag_5': 0.37531852982747793, 'lag_6': 0.0619078047660631, 'lag_7': 0.8498379479498078, 'lag_8': 0.7422548855933531, 'lag_9': 0.7954249813273656, 'lag_10': 0.8096107590506517, 'lag_11': 0.4680832948825508, 'lag_12': 0.27940455292842015, 'lag_13': 0.3257356066048486, 'lag_14': 0.7309582349424313, 'lag_15': 0.896350089092977, 'lag_16': 0.6734378292445249, 'lag_17': 0.6657374412646376, 'lag_18': 0.45891330051948226, 'lag_19': 0.11692801289322675, 'lag_20': 0.5534846694962476, 'lag_21': 0.949737130323647, 'lag_22': 0.3583944822346301, 'lag_23': 0.8597075535209557, 'lag_24': 0.06010171150465121, 'lag_25': 0.7547491470363629, 'lag_26': 0.1424212224210409, 'lag_27': 0.6209861432039531, 'lag_28': 0.20273877451973332}. Best is trial 6 with value: 0.004966918162621975.
[I 2025-09-29 12:50:33,923] Trial 7 finished with value: 0.00490184408954642 and parameters: {'lag_0': 0.4273020689693829, 'lag_1': 0.46855012318765643, 'lag_2': 0.2680018124344336, 'lag_3': 0.1606763110612635, 'lag_4': 0.04212058819166742, 'lag_5': 0.9390781571758258, 'lag_6': 0.5590699640575315, 'lag_7': 0.7920517590308114, 'lag_8': 0.17703601716154566, 'lag_9': 0.48074639015682946, 'lag_10': 0.9664464901169928, 'lag_11': 0.24151073910259704, 'lag_12': 0.8887373834100726, 'lag_13': 0.5283929516199819, 'lag_14': 0.3836108051318346, 'lag_15': 0.5538787663730617, 'lag_16': 0.14140803536732777, 'lag_17': 0.5241373139519433, 'lag_18': 0.7029403959019945, 'lag_19': 0.39675604048628266, 'lag_20': 0.7467073290744795, 'lag_21': 0.3764575428011173, 'lag_22': 0.6004319240928743, 'lag_23': 0.08351375521309123, 'lag_24': 0.25850956235842715, 'lag_25': 0.7213427664734393, 'lag_26': 0.13536418801888464, 'lag_27': 0.5432508974599156, 'lag_28': 0.5061295558247128}. Best is trial 7 with value: 0.00490184408954642.
[I 2025-09-29 12:50:36,342] Trial 8 finished with value: 0.005874135859630588 and parameters: {'lag_0': 0.43169609645239904, 'lag_1': 0.35042975488510286, 'lag_2': 0.8184045678938145, 'lag_3': 0.7321728375941384, 'lag_4': 0.1285287465556949, 'lag_5': 0.18717254655420293, 'lag_6': 0.7972775880182406, 'lag_7': 0.7212688627136823, 'lag_8': 0.4236417206169876, 'lag_9': 0.9720878495250076, 'lag_10': 0.5280195753279618, 'lag_11': 0.7624858508896452, 'lag_12': 0.9836052708036428, 'lag_13': 0.8053951152828008, 'lag_14': 0.5150933981130076, 'lag_15': 0.11373945381384508, 'lag_16': 0.405087219911564, 'lag_17': 0.7669476177795965, 'lag_18': 0.10928128772596282, 'lag_19': 0.009209808454839446, 'lag_20': 0.4605019798909465, 'lag_21': 0.07831178317658644, 'lag_22': 0.46163307196522574, 'lag_23': 0.2575841394281597, 'lag_24': 0.7330785677582227, 'lag_25': 0.4515183519200435, 'lag_26': 0.8730251081975826, 'lag_27': 0.2777915552421044, 'lag_28': 0.7166788186317185}. Best is trial 7 with value: 0.00490184408954642.
[I 2025-09-29 12:50:38,770] Trial 9 finished with value: 0.00505429305517381 and parameters: {'lag_0': 0.8116218991825086, 'lag_1': 0.6762288869055522, 'lag_2': 0.6360658709945579, 'lag_3': 0.31997653635187084, 'lag_4': 0.9937327480314037, 'lag_5': 0.9268035783593728, 'lag_6': 0.5432307659443764, 'lag_7': 0.7037811244731085, 'lag_8': 0.48167985210580333, 'lag_9': 0.9208557868601619, 'lag_10': 0.7260514020970844, 'lag_11': 0.08264705633582561, 'lag_12': 0.3121258243448579, 'lag_13': 0.9864371716352828, 'lag_14': 0.5973065293168056, 'lag_15': 0.4765897402647878, 'lag_16': 0.210899780839849, 'lag_17': 0.6477893025421, 'lag_18': 0.6264050789317506, 'lag_19': 0.5755372792014798, 'lag_20': 0.7171684534997714, 'lag_21': 0.8037706775368717, 'lag_22': 0.8864189649597751, 'lag_23': 0.4676407435907359, 'lag_24': 0.1771211523833853, 'lag_25': 0.4151610494742564, 'lag_26': 0.08783790958555304, 'lag_27': 0.8883256392734066, 'lag_28': 0.9010798159904053}. Best is trial 7 with value: 0.00490184408954642.
[I 2025-09-29 12:50:41,340] Trial 10 finished with value: 0.00505176807634691 and parameters: {'lag_0': 0.5773775145727471, 'lag_1': 0.01964790991064347, 'lag_2': 0.0006102779717725437, 'lag_3': 0.055635410430157184, 'lag_4': 0.0030095775780232814, 'lag_5': 0.9804225030021856, 'lag_6': 0.613419658735372, 'lag_7': 0.4595125001636066, 'lag_8': 0.6695007767112258, 'lag_9': 0.5508556955860932, 'lag_10': 0.9775335424906628, 'lag_11': 0.040081121147324844, 'lag_12': 0.010312099608729475, 'lag_13': 0.3009246098615272, 'lag_14': 0.8705091019987036, 'lag_15': 0.6420298716064615, 'lag_16': 0.026506676059025402, 'lag_17': 0.019265760539125765, 'lag_18': 0.9120650152778019, 'lag_19': 0.30844170534702964, 'lag_20': 0.0073775070053268554, 'lag_21': 0.39438307637213654, 'lag_22': 0.6732546829820379, 'lag_23': 0.0013541569873009168, 'lag_24': 0.37843186557123115, 'lag_25': 0.958841359205655, 'lag_26': 0.46134552019106956, 'lag_27': 0.34310915434049716, 'lag_28': 0.9998464691315307}. Best is trial 7 with value: 0.00490184408954642.
[I 2025-09-29 12:50:43,812] Trial 11 finished with value: 0.005691411542766865 and parameters: {'lag_0': 0.07414554567588674, 'lag_1': 0.30840166382521417, 'lag_2': 0.15906563835309945, 'lag_3': 0.9898949527067382, 'lag_4': 0.3723521084669741, 'lag_5': 0.4456500920018849, 'lag_6': 0.029532375213541046, 'lag_7': 0.9982365492568356, 'lag_8': 0.9823020585241227, 'lag_9': 0.6733043667556025, 'lag_10': 0.9427655590962423, 'lag_11': 0.43917057181394603, 'lag_12': 0.19484337888281678, 'lag_13': 0.36952025289736196, 'lag_14': 0.8335973400602021, 'lag_15': 0.7967254060674418, 'lag_16': 0.8532308927815385, 'lag_17': 0.565993498107589, 'lag_18': 0.7161721244732413, 'lag_19': 0.2966280580159619, 'lag_20': 0.9478824526641094, 'lag_21': 0.974954106562746, 'lag_22': 0.3355688834025066, 'lag_23': 0.9161261480156302, 'lag_24': 0.11802476799359868, 'lag_25': 0.7575773749861436, 'lag_26': 0.01869879853535006, 'lag_27': 0.6263432145996299, 'lag_28': 0.009042941642323082}. Best is trial 7 with value: 0.00490184408954642.
[I 2025-09-29 12:50:46,290] Trial 12 finished with value: 0.0050713555851265215 and parameters: {'lag_0': 0.4599025092451203, 'lag_1': 0.8429210827639457, 'lag_2': 0.6958580232662459, 'lag_3': 0.06063460072449345, 'lag_4': 0.4353846819634167, 'lag_5': 0.46034441125580805, 'lag_6': 0.018906929882304996, 'lag_7': 0.9895436172246641, 'lag_8': 0.6557406143955968, 'lag_9': 0.4560171671856, 'lag_10': 0.6297027457291202, 'lag_11': 0.24225573973702286, 'lag_12': 0.7082508622024907, 'lag_13': 0.3088473245786501, 'lag_14': 0.716408973603323, 'lag_15': 0.9962912045106707, 'lag_16': 0.6869429905622284, 'lag_17': 0.5145785864762787, 'lag_18': 0.3158149218848971, 'lag_19': 0.21096264036343493, 'lag_20': 0.894151813830267, 'lag_21': 0.35273130411252507, 'lag_22': 0.6536379102607868, 'lag_23': 0.8948775000398705, 'lag_24': 0.2671079659559128, 'lag_25': 0.6992898894016996, 'lag_26': 0.3285209764653795, 'lag_27': 0.6877773477804937, 'lag_28': 0.25225675642714984}. Best is trial 7 with value: 0.00490184408954642.
[I 2025-09-29 12:50:48,766] Trial 13 finished with value: 0.004980051331991522 and parameters: {'lag_0': 0.004895529787848046, 'lag_1': 0.3689191439228417, 'lag_2': 0.40487954161302875, 'lag_3': 0.9366391224005384, 'lag_4': 0.5488993129590766, 'lag_5': 0.292536748909178, 'lag_6': 0.1493454431807879, 'lag_7': 0.49823847578419644, 'lag_8': 0.7508120211344407, 'lag_9': 0.7395115496897019, 'lag_10': 0.9945483889594324, 'lag_11': 0.5349454582621732, 'lag_12': 0.15179101299490644, 'lag_13': 0.47768556238698834, 'lag_14': 0.405829581677658, 'lag_15': 0.31599927494405056, 'lag_16': 0.45119433013846083, 'lag_17': 0.15572375966305357, 'lag_18': 0.4082910678754356, 'lag_19': 0.3890197971456389, 'lag_20': 0.7139554278162731, 'lag_21': 0.6005519180902303, 'lag_22': 0.6656895530546376, 'lag_23': 0.7431479800575552, 'lag_24': 0.06640425867131333, 'lag_25': 0.6949478916226624, 'lag_26': 0.5766906312495517, 'lag_27': 0.4685811621218612, 'lag_28': 0.21016819739097034}. Best is trial 7 with value: 0.00490184408954642.
[I 2025-09-29 12:50:51,239] Trial 14 finished with value: 0.00582171539525354 and parameters: {'lag_0': 0.27301502403195643, 'lag_1': 0.8077500761006102, 'lag_2': 0.20169020238650318, 'lag_3': 0.21307788344239942, 'lag_4': 0.926639817732409, 'lag_5': 0.5694204285321948, 'lag_6': 0.6498470318115942, 'lag_7': 0.8393492866486474, 'lag_8': 0.040236514745914026, 'lag_9': 0.5063016645469088, 'lag_10': 0.6858978621969547, 'lag_11': 0.38988730433672164, 'lag_12': 0.3931456010235013, 'lag_13': 0.19747175737718708, 'lag_14': 0.9978240844764513, 'lag_15': 0.6650075624966352, 'lag_16': 0.7184508984520259, 'lag_17': 0.6814686314846666, 'lag_18': 0.7620703867380887, 'lag_19': 0.7427012427899992, 'lag_20': 0.6031881558536742, 'lag_21': 0.7139026471808494, 'lag_22': 0.02104544071085762, 'lag_23': 0.29935556293504606, 'lag_24': 0.2608587172534055, 'lag_25': 0.8941670574714111, 'lag_26': 0.322542647959185, 'lag_27': 0.7092736311029788, 'lag_28': 0.39843114970059834}. Best is trial 7 with value: 0.00490184408954642.
[I 2025-09-29 12:50:53,715] Trial 15 finished with value: 0.004896857830683178 and parameters: {'lag_0': 0.6187339481616564, 'lag_1': 0.487492115353685, 'lag_2': 0.0076042175842749304, 'lag_3': 0.8249689266502823, 'lag_4': 0.21734059152484766, 'lag_5': 0.3365629537972248, 'lag_6': 0.4257956424688842, 'lag_7': 0.8517196630644518, 'lag_8': 0.5584698362654362, 'lag_9': 0.7979560506060169, 'lag_10': 0.821325708972307, 'lag_11': 0.20299435892933607, 'lag_12': 0.7745617763346213, 'lag_13': 0.5963748631988074, 'lag_14': 0.3132048525039662, 'lag_15': 0.7730812159049574, 'lag_16': 0.9299563332959904, 'lag_17': 0.4668988664400609, 'lag_18': 0.40362548059829506, 'lag_19': 0.14071664123868494, 'lag_20': 0.8239327448714434, 'lag_21': 0.28989942580808226, 'lag_22': 0.3987960803564955, 'lag_23': 0.18254402733844438, 'lag_24': 0.4476127277046761, 'lag_25': 0.6297388132644028, 'lag_26': 0.005109524029628276, 'lag_27': 0.4658979324172695, 'lag_28': 0.6563616541506538}. Best is trial 15 with value: 0.004896857830683178.
[I 2025-09-29 12:50:56,201] Trial 16 finished with value: 0.0051814306122003875 and parameters: {'lag_0': 0.602978138942931, 'lag_1': 0.2797598550643714, 'lag_2': 0.03761045004029056, 'lag_3': 0.20082576504245658, 'lag_4': 0.16864149535594564, 'lag_5': 0.11671898954587923, 'lag_6': 0.44419603380153777, 'lag_7': 0.5769503166489431, 'lag_8': 0.534731608236477, 'lag_9': 0.33308483303451775, 'lag_10': 0.878835824157716, 'lag_11': 0.17112277343898338, 'lag_12': 0.8009788606885427, 'lag_13': 0.6705048451335165, 'lag_14': 0.292900911721248, 'lag_15': 0.7554069164951029, 'lag_16': 0.9713051842146521, 'lag_17': 0.4026567145724597, 'lag_18': 0.7858224470002291, 'lag_19': 0.3283694053018462, 'lag_20': 0.8183322197810368, 'lag_21': 0.261267728009867, 'lag_22': 0.589389815952999, 'lag_23': 0.17439823326476783, 'lag_24': 0.5217578543063797, 'lag_25': 0.5996387129964073, 'lag_26': 0.0008089528630353948, 'lag_27': 0.10438515310867491, 'lag_28': 0.6980813279342154}. Best is trial 15 with value: 0.004896857830683178.
[I 2025-09-29 12:50:58,672] Trial 17 finished with value: 0.0050983122365684105 and parameters: {'lag_0': 0.664069563757361, 'lag_1': 0.47032135050531854, 'lag_2': 0.1006397158915748, 'lag_3': 0.5896214904872764, 'lag_4': 0.00782811444283732, 'lag_5': 0.7372696521645352, 'lag_6': 0.2297197716967542, 'lag_7': 0.369234395910938, 'lag_8': 0.2970380419889046, 'lag_9': 0.600788418826294, 'lag_10': 0.6007443974339814, 'lag_11': 0.13839148937279222, 'lag_12': 0.797827164116795, 'lag_13': 0.6823022109686876, 'lag_14': 0.2779123243097198, 'lag_15': 0.3558044034067379, 'lag_16': 0.35114743349577304, 'lag_17': 0.21454848158011852, 'lag_18': 0.346300612657101, 'lag_19': 0.1988910699931437, 'lag_20': 0.9894888968692154, 'lag_21': 0.4678574734837099, 'lag_22': 0.42615707621674076, 'lag_23': 0.12409796958412432, 'lag_24': 0.4982344737699487, 'lag_25': 0.603118513615539, 'lag_26': 0.9868276144887373, 'lag_27': 0.4826276696619606, 'lag_28': 0.6301771767513621}. Best is trial 15 with value: 0.004896857830683178.
[I 2025-09-29 12:51:01,145] Trial 18 finished with value: 0.005141131069304151 and parameters: {'lag_0': 0.41081878891837825, 'lag_1': 0.20008854603922743, 'lag_2': 0.2858191341256422, 'lag_3': 0.8266728620046231, 'lag_4': 0.25038124990893856, 'lag_5': 0.5303105334023668, 'lag_6': 0.5291991758282332, 'lag_7': 0.6177174512860738, 'lag_8': 0.015776146963720483, 'lag_9': 0.8152081636451896, 'lag_10': 0.262958105214416, 'lag_11': 0.2611736062256229, 'lag_12': 0.6803494264938524, 'lag_13': 0.48443460358488105, 'lag_14': 0.04196751559103945, 'lag_15': 0.5669454588798154, 'lag_16': 0.12908724529175594, 'lag_17': 0.5026077508403323, 'lag_18': 0.6305221260631253, 'lag_19': 0.6422421142550094, 'lag_20': 0.8416771194621961, 'lag_21': 0.3075165958318225, 'lag_22': 0.7932489701146028, 'lag_23': 0.14364882390480846, 'lag_24': 0.43901859484773503, 'lag_25': 0.8555631063582334, 'lag_26': 0.6882837032779491, 'lag_27': 0.21424608241287807, 'lag_28': 0.8338797573674863}. Best is trial 15 with value: 0.004896857830683178.
