[I 2025-09-29 12:53:49,457] Trial 82 finished with value: 0.007633032886480684 and parameters: {'lag_0': 0.5382438932980225, 'lag_1': 0.14885680705463877, 'lag_2': 0.3232837951446015, 'lag_3': 0.8359327224480361, 'lag_4': 0.46331356811476854, 'lag_5': 0.4429160606709028, 'lag_6': 0.8685069946941236, 'lag_7': 0.20204634135380362, 'lag_8': 0.8989661439972438, 'lag_9': 0.4508291865899372, 'lag_10': 0.4138676807883891, 'lag_11': 0.9453848496159231, 'lag_12': 0.9032895948451793, 'lag_13': 0.610286711668221, 'lag_14': 0.217884567387377, 'lag_15': 0.06548858321979542, 'lag_16': 0.8941499086713972, 'lag_17': 0.1557389052745069, 'lag_18': 0.6697772829867008, 'lag_19': 0.32352463718154273, 'lag_20': 0.1980006595940999, 'lag_21': 0.03321570018438736, 'lag_22': 0.2644063976908879, 'lag_23': 0.5880740054995491, 'lag_24': 0.38115800201306477, 'lag_25': 0.6726322421577258, 'lag_26': 0.9036096522236222, 'lag_27': 0.24871248278045546, 'lag_28': 0.048744513326406044}. Best is trial 1 with value: 0.00713404537643055.
[I 2025-09-29 12:53:52,013] Trial 83 finished with value: 0.007779146197818121 and parameters: {'lag_0': 0.7301602278628551, 'lag_1': 0.3996813191343571, 'lag_2': 0.20549099304804752, 'lag_3': 0.9302722852482956, 'lag_4': 0.0704073154844551, 'lag_5': 0.9668706695949507, 'lag_6': 0.7532439899381114, 'lag_7': 0.7091497622757869, 'lag_8': 0.2703477124802932, 'lag_9': 0.5626855409415201, 'lag_10': 0.8615745265864247, 'lag_11': 0.0936373937618534, 'lag_12': 0.83907079652496, 'lag_13': 0.3387443559984693, 'lag_14': 0.33379183585644107, 'lag_15': 0.8627475211025296, 'lag_16': 0.7478330520173117, 'lag_17': 0.5050498475401286, 'lag_18': 0.028308416470048905, 'lag_19': 0.29505496968993, 'lag_20': 0.05703076182891348, 'lag_21': 0.4284659703148273, 'lag_22': 0.1723608707143074, 'lag_23': 0.87784483180591, 'lag_24': 0.4164921907701524, 'lag_25': 0.9212631034303599, 'lag_26': 0.5493563879920553, 'lag_27': 0.39116025901785423, 'lag_28': 0.17860337718056507}. Best is trial 1 with value: 0.00713404537643055.
[I 2025-09-29 12:53:54,569] Trial 84 finished with value: 0.008405807312396995 and parameters: {'lag_0': 0.35779225952143323, 'lag_1': 0.2542929631322711, 'lag_2': 0.37268633894240694, 'lag_3': 0.10970506400478172, 'lag_4': 0.23933347519716178, 'lag_5': 0.28622981316159857, 'lag_6': 0.9071485131090276, 'lag_7': 0.36543740386243634, 'lag_8': 0.36601555798370494, 'lag_9': 0.24466420490446852, 'lag_10': 0.2770759030546866, 'lag_11': 0.1297059963290629, 'lag_12': 0.6579196325524671, 'lag_13': 0.36628786681276737, 'lag_14': 0.47181354197532865, 'lag_15': 0.14036323767400272, 'lag_16': 0.9933534855433196, 'lag_17': 0.32884476798097584, 'lag_18': 0.12847790114225371, 'lag_19': 0.20729524871830168, 'lag_20': 0.10026212246662686, 'lag_21': 0.6150050578443543, 'lag_22': 0.8004608915032647, 'lag_23': 0.9475901438320048, 'lag_24': 0.549314433223643, 'lag_25': 0.8454834393648549, 'lag_26': 0.944714164513683, 'lag_27': 0.20678052392347984, 'lag_28': 0.35478193809945796}. Best is trial 1 with value: 0.00713404537643055.
[I 2025-09-29 12:53:57,129] Trial 85 finished with value: 0.008297852480457942 and parameters: {'lag_0': 0.6169021565299224, 'lag_1': 0.7805729496285567, 'lag_2': 0.2843802511682827, 'lag_3': 0.9696720464464967, 'lag_4': 0.15465054288318555, 'lag_5': 0.9277144379688497, 'lag_6': 0.4466369740731948, 'lag_7': 0.1408808152368916, 'lag_8': 0.9566569771712488, 'lag_9': 0.21918944919480293, 'lag_10': 0.1364461754342739, 'lag_11': 0.9007447742285254, 'lag_12': 0.9408126148529259, 'lag_13': 0.0038168573815969276, 'lag_14': 0.2552674275120331, 'lag_15': 0.5054277196094559, 'lag_16': 0.9381017606148417, 'lag_17': 0.4389822403429849, 'lag_18': 0.2016823925208187, 'lag_19': 0.17076333438347652, 'lag_20': 0.14033276733007394, 'lag_21': 0.1160122252194256, 'lag_22': 0.3352129573669088, 'lag_23': 0.6168140958353813, 'lag_24': 0.3094331416848055, 'lag_25': 0.36113754335499837, 'lag_26': 0.40162944861259653, 'lag_27': 0.8837117491967398, 'lag_28': 0.11560463209912902}. Best is trial 1 with value: 0.00713404537643055.
[I 2025-09-29 12:53:59,681] Trial 86 finished with value: 0.007751020302735988 and parameters: {'lag_0': 0.8721053992338125, 'lag_1': 0.12062914258649514, 'lag_2': 0.17648916953214133, 'lag_3': 0.8664513538024498, 'lag_4': 0.09874173162511253, 'lag_5': 0.4123901967504543, 'lag_6': 0.7934324481315709, 'lag_7': 0.5890352326561523, 'lag_8': 0.5961149395995117, 'lag_9': 0.30543955639173376, 'lag_10': 0.23894096089055053, 'lag_11': 0.9228465713763017, 'lag_12': 0.07208961983517748, 'lag_13': 0.9325843040646726, 'lag_14': 0.14573838286704943, 'lag_15': 0.5505209654080709, 'lag_16': 0.20662009839226264, 'lag_17': 0.9616297218443078, 'lag_18': 0.30747879908524284, 'lag_19': 0.8522685251793164, 'lag_20': 0.05764074056165425, 'lag_21': 0.9107349485626354, 'lag_22': 0.9646356217282717, 'lag_23': 0.6684518595455127, 'lag_24': 0.457701550713676, 'lag_25': 0.31397585340487555, 'lag_26': 0.8163189551022206, 'lag_27': 0.2803473982855579, 'lag_28': 0.0227006707135341}. Best is trial 1 with value: 0.00713404537643055.
[I 2025-09-29 12:54:02,243] Trial 87 finished with value: 0.007227788953143803 and parameters: {'lag_0': 0.024840054595628824, 'lag_1': 0.6818625850903283, 'lag_2': 0.5221161622609034, 'lag_3': 0.8107457782833745, 'lag_4': 0.03248653551164897, 'lag_5': 0.8353772137596305, 'lag_6': 0.31448595399957285, 'lag_7': 0.934944138603027, 'lag_8': 0.805263270050968, 'lag_9': 0.5126514609415361, 'lag_10': 0.5921124921160384, 'lag_11': 0.2125905848077298, 'lag_12': 0.9935514638380267, 'lag_13': 0.5041411714873043, 'lag_14': 0.09645947645569504, 'lag_15': 0.7125856427774726, 'lag_16': 0.9705970808132748, 'lag_17': 0.28033873901991724, 'lag_18': 0.4203600884598277, 'lag_19': 0.050246396634678, 'lag_20': 0.7168626444848044, 'lag_21': 0.03886347563617437, 'lag_22': 0.09655809968653922, 'lag_23': 0.9825293072951399, 'lag_24': 0.5169612728358586, 'lag_25': 0.7168490216783424, 'lag_26': 0.7598238614650308, 'lag_27': 0.3650997121475661, 'lag_28': 0.5019364536292111}. Best is trial 1 with value: 0.00713404537643055.
[I 2025-09-29 12:54:04,801] Trial 88 finished with value: 0.00840608932303906 and parameters: {'lag_0': 0.03183946728323141, 'lag_1': 0.6909168461616343, 'lag_2': 0.5589064479755391, 'lag_3': 0.804948090749729, 'lag_4': 0.015267225865131077, 'lag_5': 0.8899054670350791, 'lag_6': 0.27917609311134806, 'lag_7': 0.936527800005964, 'lag_8': 0.7358278964969558, 'lag_9': 0.9925050467940824, 'lag_10': 0.7057551195161526, 'lag_11': 0.3410324882521462, 'lag_12': 0.9769685829014196, 'lag_13': 0.43167663316277943, 'lag_14': 0.048581336411956555, 'lag_15': 0.7533689588416228, 'lag_16': 0.3246881500676788, 'lag_17': 0.27951627885143904, 'lag_18': 0.4334845686238594, 'lag_19': 0.02634366574596056, 'lag_20': 0.7145026525129698, 'lag_21': 0.006132979996843084, 'lag_22': 0.10217293309764171, 'lag_23': 0.9990294874814366, 'lag_24': 0.5806849420101414, 'lag_25': 0.19042856389288415, 'lag_26': 0.8744253749736417, 'lag_27': 0.482258939375138, 'lag_28': 0.09238397528288722}. Best is trial 1 with value: 0.00713404537643055.
[I 2025-09-29 12:54:07,355] Trial 89 finished with value: 0.007676647527294958 and parameters: {'lag_0': 0.0770074941952485, 'lag_1': 0.6232847436851207, 'lag_2': 0.5200124268530968, 'lag_3': 0.6913742946022006, 'lag_4': 0.040787638069236354, 'lag_5': 0.7396143472946675, 'lag_6': 0.3068408648475904, 'lag_7': 0.847775302373101, 'lag_8': 0.7918710377208238, 'lag_9': 0.5254252836635047, 'lag_10': 0.528365086983914, 'lag_11': 0.21304124002475794, 'lag_12': 0.2544676036864235, 'lag_13': 0.3197352749797089, 'lag_14': 0.10102009789437455, 'lag_15': 0.7002373323061171, 'lag_16': 0.9517993406103867, 'lag_17': 0.5189831270796391, 'lag_18': 0.5193821778985482, 'lag_19': 0.06989496768883402, 'lag_20': 0.8038830450987677, 'lag_21': 0.10966496212567575, 'lag_22': 0.07883843390376713, 'lag_23': 0.9755518430265818, 'lag_24': 0.6280336990529491, 'lag_25': 0.7014708166640654, 'lag_26': 0.7732702731958763, 'lag_27': 0.13355928829357125, 'lag_28': 0.5047614288861307}. Best is trial 1 with value: 0.00713404537643055.
[I 2025-09-29 12:54:09,923] Trial 90 finished with value: 0.015613655895750122 and parameters: {'lag_0': 0.1536564842061316, 'lag_1': 0.7243465368141979, 'lag_2': 0.14209764870626979, 'lag_3': 0.7748203624774407, 'lag_4': 0.05627419161416863, 'lag_5': 0.7715312518958417, 'lag_6': 0.36454510837914733, 'lag_7': 0.9680046650212042, 'lag_8': 0.6523549406423288, 'lag_9': 0.6354789046445944, 'lag_10': 0.574324378129457, 'lag_11': 0.3082694797413277, 'lag_12': 0.9901693933764871, 'lag_13': 0.5113911648273244, 'lag_14': 0.9902405013263689, 'lag_15': 0.5910689489277061, 'lag_16': 0.13033052549673535, 'lag_17': 0.3958723991602164, 'lag_18': 0.3979323182888369, 'lag_19': 0.5451131223980803, 'lag_20': 0.8568465021660264, 'lag_21': 0.0346198843820636, 'lag_22': 0.019954963148663865, 'lag_23': 0.8535379929865292, 'lag_24': 0.7236186629429078, 'lag_25': 0.5704406113238117, 'lag_26': 0.27468741638101624, 'lag_27': 0.35255326112471547, 'lag_28': 0.7647742182292709}. Best is trial 1 with value: 0.00713404537643055.
[I 2025-09-29 12:54:12,479] Trial 91 finished with value: 0.008096946460904798 and parameters: {'lag_0': 0.11383474796217688, 'lag_1': 0.548757461282762, 'lag_2': 0.4739925885195385, 'lag_3': 0.844490881191453, 'lag_4': 0.11626510746063806, 'lag_5': 0.8397227643763109, 'lag_6': 0.2353513796997102, 'lag_7': 0.9179941615026146, 'lag_8': 0.07779468098929337, 'lag_9': 0.43670119300341503, 'lag_10': 0.603120373854354, 'lag_11': 0.16578691674767815, 'lag_12': 0.8773057944954599, 'lag_13': 0.4758910926422733, 'lag_14': 0.1962623703675105, 'lag_15': 0.6619730162466783, 'lag_16': 0.970812457286572, 'lag_17': 0.11115159110942366, 'lag_18': 0.9015410091019026, 'lag_19': 0.1250645708067835, 'lag_20': 0.12350253417473912, 'lag_21': 0.05642635852677651, 'lag_22': 0.1405624768071627, 'lag_23': 0.8935017678402333, 'lag_24': 0.5348193717754572, 'lag_25': 0.7813201748222167, 'lag_26': 0.7129859952897264, 'lag_27': 0.32659930163276085, 'lag_28': 0.48243296181908496}. Best is trial 1 with value: 0.00713404537643055.
[I 2025-09-29 12:54:15,041] Trial 92 finished with value: 0.007797081384313479 and parameters: {'lag_0': 0.06412131730555823, 'lag_1': 0.08945686506651603, 'lag_2': 0.607946362870385, 'lag_3': 0.8136248048744739, 'lag_4': 0.6074613270665211, 'lag_5': 0.8883307921256184, 'lag_6': 0.09352098491118144, 'lag_7': 0.46091222926130404, 'lag_8': 0.12639558619825986, 'lag_9': 0.49324351255653853, 'lag_10': 0.6735393669449024, 'lag_11': 0.03572341836039908, 'lag_12': 0.9441179964634407, 'lag_13': 0.5963778211928914, 'lag_14': 0.39550475099164295, 'lag_15': 0.7299949687433164, 'lag_16': 0.9112209143008022, 'lag_17': 0.20659835097717716, 'lag_18': 0.10970791970526386, 'lag_19': 0.047344341054372185, 'lag_20': 0.7290643421434422, 'lag_21': 0.15713044925195718, 'lag_22': 0.9242474959593641, 'lag_23': 0.7716764498186162, 'lag_24': 0.5087710828113277, 'lag_25': 0.6071072827195719, 'lag_26': 0.7582217070541439, 'lag_27': 0.44431952187104157, 'lag_28': 0.30079825484591927}. Best is trial 1 with value: 0.00713404537643055.
[I 2025-09-29 12:54:17,603] Trial 93 finished with value: 0.008347688340021107 and parameters: {'lag_0': 0.015392759636184168, 'lag_1': 0.684089574535757, 'lag_2': 0.3926888888792552, 'lag_3': 0.8830829702214683, 'lag_4': 0.1399771870474215, 'lag_5': 0.9601915022701738, 'lag_6': 0.6990325080823203, 'lag_7': 0.41596753351551935, 'lag_8': 0.8161909323347821, 'lag_9': 0.8296169163368063, 'lag_10': 0.4998143302624978, 'lag_11': 0.09556445214322748, 'lag_12': 0.998648758622492, 'lag_13': 0.6470502279464466, 'lag_14': 0.4507066920037197, 'lag_15': 0.09973907996695922, 'lag_16': 0.8436140465979676, 'lag_17': 0.4635977932443778, 'lag_18': 0.4871288594208885, 'lag_19': 0.9729889520839612, 'lag_20': 0.7554317263195759, 'lag_21': 0.20967898656914083, 'lag_22': 0.24189232623359602, 'lag_23': 0.9663963302940235, 'lag_24': 0.41980644661614647, 'lag_25': 0.9935561824262179, 'lag_26': 0.6464970765618999, 'lag_27': 0.3697114992730309, 'lag_28': 0.6787712115729555}. Best is trial 1 with value: 0.00713404537643055.
[I 2025-09-29 12:54:20,166] Trial 94 finished with value: 0.00766686595986831 and parameters: {'lag_0': 0.4455972531117256, 'lag_1': 0.8811475105452699, 'lag_2': 0.3435951037874567, 'lag_3': 0.7351274142589858, 'lag_4': 0.03854796688629423, 'lag_5': 0.80411197973584, 'lag_6': 0.8063852452194987, 'lag_7': 0.8973645859899594, 'lag_8': 0.8855939346731051, 'lag_9': 0.3677381361646199, 'lag_10': 0.652738740392556, 'lag_11': 0.24280497858216843, 'lag_12': 0.9125202081624786, 'lag_13': 0.44073817879072563, 'lag_14': 0.2972409468724271, 'lag_15': 0.22770370101389684, 'lag_16': 0.9624314918252691, 'lag_17': 0.17030705684700792, 'lag_18': 0.03028370874882036, 'lag_19': 0.23350969179825337, 'lag_20': 0.6848665980609624, 'lag_21': 0.09380789819385704, 'lag_22': 0.15531477934636106, 'lag_23': 0.9373038842117225, 'lag_24': 0.27283274025255483, 'lag_25': 0.5243392613092437, 'lag_26': 0.8594711024644848, 'lag_27': 0.2978733175567523, 'lag_28': 0.20082799961140335}. Best is trial 1 with value: 0.00713404537643055.
[I 2025-09-29 12:54:22,724] Trial 95 finished with value: 0.008593713069506594 and parameters: {'lag_0': 0.16703461677606898, 'lag_1': 0.7575493139268986, 'lag_2': 0.9319290422672629, 'lag_3': 0.9261718969493429, 'lag_4': 0.6818812037810003, 'lag_5': 0.4644615836057606, 'lag_6': 0.7381514130784951, 'lag_7': 0.8051837758684108, 'lag_8': 0.7013867301323878, 'lag_9': 0.2600569890775525, 'lag_10': 0.5491327319194266, 'lag_11': 0.19478607973724182, 'lag_12': 0.37412206580138835, 'lag_13': 0.39588701338023635, 'lag_14': 0.5119283536811501, 'lag_15': 0.3795604948511931, 'lag_16': 0.9207554668582643, 'lag_17': 0.3730427841200145, 'lag_18': 0.4178730800793487, 'lag_19': 0.8836006101063486, 'lag_20': 0.2515094349484996, 'lag_21': 0.67807143985148, 'lag_22': 0.46721354408266635, 'lag_23': 0.53586911246739, 'lag_24': 0.48534657028410266, 'lag_25': 0.8103282527379604, 'lag_26': 0.6996180627677757, 'lag_27': 0.46665753722154035, 'lag_28': 0.25251155239236245}. Best is trial 1 with value: 0.00713404537643055.
[I 2025-09-29 12:54:25,274] Trial 96 finished with value: 0.007729815548706953 and parameters: {'lag_0': 0.3277359724418078, 'lag_1': 0.8333471870861822, 'lag_2': 0.25379180501783355, 'lag_3': 0.14485326838385762, 'lag_4': 0.5060306073089686, 'lag_5': 0.06469530134429646, 'lag_6': 0.32139456615061773, 'lag_7': 0.045471579594575096, 'lag_8': 0.01961716444648634, 'lag_9': 0.6089372375562863, 'lag_10': 0.3016789920150725, 'lag_11': 0.9807756484639739, 'lag_12': 0.9642728277466905, 'lag_13': 0.48811453193693355, 'lag_14': 0.17474930333077987, 'lag_15': 0.6230879421284226, 'lag_16': 0.47437151982311015, 'lag_17': 0.04163459919996134, 'lag_18': 0.35428717344038674, 'lag_19': 0.6988579458969969, 'lag_20': 0.7759612290707464, 'lag_21': 0.2878976883646435, 'lag_22': 0.18570443220902216, 'lag_23': 0.04581622200955312, 'lag_24': 0.08557249181550303, 'lag_25': 0.721063833983673, 'lag_26': 0.41455898845682626, 'lag_27': 0.42695367146066443, 'lag_28': 0.13320189791996506}. Best is trial 1 with value: 0.00713404537643055.
[I 2025-09-29 12:54:27,980] Trial 97 finished with value: 0.0073686875375475105 and parameters: {'lag_0': 0.2966596504421986, 'lag_1': 0.5947573347737904, 'lag_2': 0.6444914814745799, 'lag_3': 0.08863758528315041, 'lag_4': 0.2900939167509522, 'lag_5': 0.9237667184853724, 'lag_6': 0.5865675868775327, 'lag_7': 0.6534794620043457, 'lag_8': 0.33592574585511326, 'lag_9': 0.39482977229407845, 'lag_10': 0.3826157571552321, 'lag_11': 0.0019730120022475378, 'lag_12': 0.8577555505725758, 'lag_13': 0.7024674273202784, 'lag_14': 0.3608883961676813, 'lag_15': 0.7109326383260254, 'lag_16': 0.9822876698684406, 'lag_17': 0.23415635211307895, 'lag_18': 0.06923635885495746, 'lag_19': 0.4186916031856797, 'lag_20': 0.8196477723952806, 'lag_21': 0.7191728782846889, 'lag_22': 0.9801997572570669, 'lag_23': 0.9183635278730818, 'lag_24': 0.6772591355845247, 'lag_25': 0.47272694127007187, 'lag_26': 0.9239792503903622, 'lag_27': 0.03508683501686538, 'lag_28': 0.40348616046258284}. Best is trial 1 with value: 0.00713404537643055.
[I 2025-09-29 12:54:30,549] Trial 98 finished with value: 0.00768307461727005 and parameters: {'lag_0': 0.2949610032735634, 'lag_1': 0.6025240575289601, 'lag_2': 0.8199530792143148, 'lag_3': 0.08309313108240929, 'lag_4': 0.2839123216313234, 'lag_5': 0.9817855672482547, 'lag_6': 0.3996356528200881, 'lag_7': 0.6648981033251865, 'lag_8': 0.9495043117680656, 'lag_9': 0.33160670896240785, 'lag_10': 0.3414532529000426, 'lag_11': 0.012342972351870492, 'lag_12': 0.76342037914418, 'lag_13': 0.7429791126743905, 'lag_14': 0.43272929793092796, 'lag_15': 0.6680658978778111, 'lag_16': 0.8726779433461683, 'lag_17': 0.22535733165924443, 'lag_18': 0.06910066878249939, 'lag_19': 0.4234939275590273, 'lag_20': 0.8249750260277999, 'lag_21': 0.7969269085594786, 'lag_22': 0.9919817628743672, 'lag_23': 0.9279962915726577, 'lag_24': 0.6770236942796323, 'lag_25': 0.2338755611318319, 'lag_26': 0.9140626133822357, 'lag_27': 0.04205712568096792, 'lag_28': 0.4638346757548902}. Best is trial 1 with value: 0.00713404537643055.
[I 2025-09-29 12:54:33,124] Trial 99 finished with value: 0.008135114458424061 and parameters: {'lag_0': 0.23006151459486898, 'lag_1': 0.596269226695386, 'lag_2': 0.6821179435574077, 'lag_3': 0.058637894175695954, 'lag_4': 0.003295157175692749, 'lag_5': 0.9313673173113904, 'lag_6': 0.6094726838089222, 'lag_7': 0.7675529629630298, 'lag_8': 0.7751144531028153, 'lag_9': 0.39528451425272565, 'lag_10': 0.47844290171230713, 'lag_11': 0.001693127225221816, 'lag_12': 0.7952282881814884, 'lag_13': 0.8437519345299616, 'lag_14': 0.364365119408464, 'lag_15': 0.7710035741025959, 'lag_16': 0.9840034276965756, 'lag_17': 0.004064741750611743, 'lag_18': 0.16881770050495234, 'lag_19': 0.48163721318316416, 'lag_20': 0.664840187656942, 'lag_21': 0.6407179424960816, 'lag_22': 0.97287827448991, 'lag_23': 0.978251678416152, 'lag_24': 0.7040118771317133, 'lag_25': 0.46840936731828564, 'lag_26': 0.9510341345035956, 'lag_27': 0.08172844485473146, 'lag_28': 0.40117442274955956}. Best is trial 1 with value: 0.00713404537643055.
[I 2025-09-29 12:54:33,138] A new study created in memory with name: no-name-b424e8fa-2f12-4660-b6e7-ccacb3a54db3
[I 2025-09-29 12:54:35,631] Trial 0 finished with value: 0.007809972251517481 and parameters: {'lag_0': 0.1302562245741081, 'lag_1': 0.5859083504592122, 'lag_2': 0.7363015187875005, 'lag_3': 0.1935822520392081, 'lag_4': 0.22430016812068393, 'lag_5': 0.6439159195051382, 'lag_6': 0.8972179402495591, 'lag_7': 0.45996767380192904, 'lag_8': 0.500142741313804, 'lag_9': 0.2783131949090143, 'lag_10': 0.016080672187104135, 'lag_11': 0.662842093212383, 'lag_12': 0.09561209469314132, 'lag_13': 0.9483162804157509, 'lag_14': 0.5006958226455671, 'lag_15': 0.15340675309828022, 'lag_16': 0.6219689745578032, 'lag_17': 0.012170383700896993, 'lag_18': 0.04936249414032033, 'lag_19': 0.9832662245203395, 'lag_20': 0.7093955895222668, 'lag_21': 0.3485495912716245, 'lag_22': 0.8501207303150855, 'lag_23': 0.8771339704026522, 'lag_24': 0.8661266876766456, 'lag_25': 0.43044099773555017, 'lag_26': 0.14229768883389965, 'lag_27': 0.8538375926541236, 'lag_28': 0.9151525455741939}. Best is trial 0 with value: 0.007809972251517481.
[I 2025-09-29 12:54:38,122] Trial 1 finished with value: 0.007814611488547726 and parameters: {'lag_0': 0.15971255467930998, 'lag_1': 0.8774978954065076, 'lag_2': 0.6698235564430678, 'lag_3': 0.3452409798997681, 'lag_4': 0.05997832487778782, 'lag_5': 0.5874614085739466, 'lag_6': 0.3409564402806601, 'lag_7': 0.7149530512575984, 'lag_8': 0.3122916638634932, 'lag_9': 0.009712452911103434, 'lag_10': 0.9609002106103245, 'lag_11': 0.6260769813663458, 'lag_12': 0.8324341545166503, 'lag_13': 0.6893969414012465, 'lag_14': 0.48669601115938455, 'lag_15': 0.518776427139676, 'lag_16': 0.7356683389180186, 'lag_17': 0.11833664814103974, 'lag_18': 0.055923824619700004, 'lag_19': 0.5887650793139121, 'lag_20': 0.4043014143136861, 'lag_21': 0.10322262283799628, 'lag_22': 0.7558047867677448, 'lag_23': 0.5303075050352376, 'lag_24': 0.9561347185443566, 'lag_25': 0.35225318263334965, 'lag_26': 0.7172997660917755, 'lag_27': 0.3010919618473061, 'lag_28': 0.6162092545075416}. Best is trial 0 with value: 0.007809972251517481.
[I 2025-09-29 12:54:40,607] Trial 2 finished with value: 0.007771530940443752 and parameters: {'lag_0': 0.2708291709428983, 'lag_1': 0.14407471800388577, 'lag_2': 0.1681347366255458, 'lag_3': 0.5008859983216585, 'lag_4': 0.3779205646074379, 'lag_5': 0.24585229352644639, 'lag_6': 0.06661076431942639, 'lag_7': 0.9518377669696703, 'lag_8': 0.894337324486412, 'lag_9': 0.8272851315440862, 'lag_10': 0.508926541165696, 'lag_11': 0.8572145524356417, 'lag_12': 0.5266780194361721, 'lag_13': 0.04004295407236915, 'lag_14': 0.5761899609968384, 'lag_15': 0.37086204005435713, 'lag_16': 0.7971651989592211, 'lag_17': 0.5524979214665436, 'lag_18': 0.1981438945993928, 'lag_19': 0.6692003181000062, 'lag_20': 0.49150292031665865, 'lag_21': 0.42043007575002295, 'lag_22': 0.2527221543001322, 'lag_23': 0.8490660128280666, 'lag_24': 0.007285256491470214, 'lag_25': 0.17649753980467822, 'lag_26': 0.2007163107412761, 'lag_27': 0.7017862335964437, 'lag_28': 0.6282564002239488}. Best is trial 2 with value: 0.007771530940443752.
