[I 2025-09-29 11:55:02,717] Trial 82 finished with value: 0.01698463475589649 and parameters: {'lag_0': 0.07872123576029977, 'lag_1': 0.1721608332999453, 'lag_2': 0.1434533404962515, 'lag_3': 0.0351434489636598, 'lag_4': 0.36875011267640945, 'lag_5': 0.9074954341367689, 'lag_6': 0.5870335769043934, 'lag_7': 0.7191745862337326, 'lag_8': 0.2428370145014408, 'lag_9': 0.9370719679990187, 'lag_10': 0.9415278321121123, 'lag_11': 0.7875971136479138, 'lag_12': 0.9972772909152077, 'lag_13': 0.35995842216437135, 'lag_14': 0.6063441750703787, 'lag_15': 0.10897959679725702, 'lag_16': 0.33103310915651907, 'lag_17': 0.8656883240860799, 'lag_18': 0.474625910145622, 'lag_19': 0.09632677913925242, 'lag_20': 0.11912165121698345, 'lag_21': 0.1199938098752732, 'lag_22': 0.23872474642045122, 'lag_23': 0.49974887743456764, 'lag_24': 0.05346591921078164, 'lag_25': 0.5256649537986041, 'lag_26': 0.33931533572395134, 'lag_27': 0.1321757605903208, 'lag_28': 0.9696856213873688}. Best is trial 33 with value: 0.01646927969340959.
[I 2025-09-29 11:55:05,039] Trial 83 finished with value: 0.01698094596810858 and parameters: {'lag_0': 0.0716514044553635, 'lag_1': 0.5068136792366174, 'lag_2': 0.5189165549626527, 'lag_3': 0.1182276536840446, 'lag_4': 0.49519113385699076, 'lag_5': 0.8062762133661335, 'lag_6': 0.5509436741899381, 'lag_7': 0.6027324334616212, 'lag_8': 0.2703589199543802, 'lag_9': 0.8018594123514595, 'lag_10': 0.9081359208683942, 'lag_11': 0.8135027269787709, 'lag_12': 0.7990045967156121, 'lag_13': 0.3071670744471113, 'lag_14': 0.5535019518228087, 'lag_15': 0.15319808568527113, 'lag_16': 0.2301833202390947, 'lag_17': 0.9132354221822185, 'lag_18': 0.6052356910827421, 'lag_19': 0.22424428580281702, 'lag_20': 0.18546217082058564, 'lag_21': 0.029244567992901038, 'lag_22': 0.13046312329117637, 'lag_23': 0.6538164674788293, 'lag_24': 0.2565420338281288, 'lag_25': 0.6011130716250935, 'lag_26': 0.23742373530171348, 'lag_27': 0.4347974319459744, 'lag_28': 0.9367551169366364}. Best is trial 33 with value: 0.01646927969340959.
[I 2025-09-29 11:55:07,351] Trial 84 finished with value: 0.01725268831742096 and parameters: {'lag_0': 0.12281515251699368, 'lag_1': 0.26297406675660695, 'lag_2': 0.5766387729716884, 'lag_3': 0.0783294541905416, 'lag_4': 0.5428492578228009, 'lag_5': 0.6239774427738041, 'lag_6': 0.5005899334362816, 'lag_7': 0.8199405228207578, 'lag_8': 0.15821671351377664, 'lag_9': 0.6804329636758546, 'lag_10': 0.7985816492141469, 'lag_11': 0.6393708143291751, 'lag_12': 0.1285533858135259, 'lag_13': 0.2619940173792982, 'lag_14': 0.7339378934730456, 'lag_15': 0.0935023087052172, 'lag_16': 0.26619536136525157, 'lag_17': 0.8109493091034108, 'lag_18': 0.6671970806753327, 'lag_19': 0.7121697277540145, 'lag_20': 0.38786375055816324, 'lag_21': 0.2045674238374396, 'lag_22': 0.10242479227837485, 'lag_23': 0.6916648950247088, 'lag_24': 0.14920826552357977, 'lag_25': 0.40779988941082274, 'lag_26': 0.12706803425987107, 'lag_27': 0.15715994237139852, 'lag_28': 0.8780473358804918}. Best is trial 33 with value: 0.01646927969340959.
[I 2025-09-29 11:55:09,647] Trial 85 finished with value: 0.01694466611391024 and parameters: {'lag_0': 0.2032320676691986, 'lag_1': 0.3980454031286818, 'lag_2': 0.6241192176544609, 'lag_3': 0.36882599567456226, 'lag_4': 0.40603526923781214, 'lag_5': 0.41607733742677244, 'lag_6': 0.6266454984669407, 'lag_7': 0.7187689031432447, 'lag_8': 0.22435871112812336, 'lag_9': 0.8189564273451627, 'lag_10': 0.3941933416090155, 'lag_11': 0.7049813355929636, 'lag_12': 0.8726976053131204, 'lag_13': 0.15255988532332548, 'lag_14': 0.5016435482705974, 'lag_15': 0.19613822017482613, 'lag_16': 0.30171716575949825, 'lag_17': 0.860966377600583, 'lag_18': 0.7584146943937461, 'lag_19': 0.6213033285250051, 'lag_20': 0.23991872527741293, 'lag_21': 0.07479666216282568, 'lag_22': 0.28221772517189103, 'lag_23': 0.5731969135131144, 'lag_24': 0.3447835514517556, 'lag_25': 0.7603444593418563, 'lag_26': 0.2788134685226181, 'lag_27': 0.004465910333519729, 'lag_28': 0.9093588131902535}. Best is trial 33 with value: 0.01646927969340959.
[I 2025-09-29 11:55:11,965] Trial 86 finished with value: 0.016913291484671737 and parameters: {'lag_0': 0.005258454087226236, 'lag_1': 0.3205791230330907, 'lag_2': 0.3792037739364233, 'lag_3': 0.16238455587623432, 'lag_4': 0.3075041430243621, 'lag_5': 0.6878233060641566, 'lag_6': 0.7108487415978513, 'lag_7': 0.668546558143066, 'lag_8': 0.3133020507541246, 'lag_9': 0.7044582906290469, 'lag_10': 0.952287421472871, 'lag_11': 0.5876488435211322, 'lag_12': 0.06378391605213, 'lag_13': 0.4941349712090045, 'lag_14': 0.6533442788937848, 'lag_15': 0.03919315574934276, 'lag_16': 0.43049516521347175, 'lag_17': 0.9851884571541353, 'lag_18': 0.7024957685728564, 'lag_19': 0.5747674385639487, 'lag_20': 0.13334667042663415, 'lag_21': 0.16897400120342337, 'lag_22': 0.19487226909782726, 'lag_23': 0.518162342013826, 'lag_24': 0.9109769868776941, 'lag_25': 0.4964772317842926, 'lag_26': 0.20852159074519788, 'lag_27': 0.07394601598260067, 'lag_28': 0.003609302299876327}. Best is trial 33 with value: 0.01646927969340959.
[I 2025-09-29 11:55:14,283] Trial 87 finished with value: 0.016872316847236665 and parameters: {'lag_0': 0.1691875654814734, 'lag_1': 0.19551083660823793, 'lag_2': 0.6684680640557348, 'lag_3': 0.023037245179484783, 'lag_4': 0.3460426390954664, 'lag_5': 0.7347314445237733, 'lag_6': 0.7645722753777953, 'lag_7': 0.5575271822537138, 'lag_8': 0.11284987880683789, 'lag_9': 0.6165805327325552, 'lag_10': 0.8495083025242962, 'lag_11': 0.7465877403701187, 'lag_12': 0.9078319363200678, 'lag_13': 0.3851398716219373, 'lag_14': 0.6263401270177316, 'lag_15': 0.2757780682515073, 'lag_16': 0.18187325391427808, 'lag_17': 0.8966338138658845, 'lag_18': 0.509368009134075, 'lag_19': 0.019154962954068988, 'lag_20': 0.15447551787480568, 'lag_21': 0.12017702170276628, 'lag_22': 0.3158414535857822, 'lag_23': 0.6047720624111891, 'lag_24': 0.7998673142312964, 'lag_25': 0.546193001709775, 'lag_26': 0.24579275700530173, 'lag_27': 0.05265521323335245, 'lag_28': 0.09965680222659365}. Best is trial 33 with value: 0.01646927969340959.
[I 2025-09-29 11:55:16,612] Trial 88 finished with value: 0.01706142686804259 and parameters: {'lag_0': 0.14617344653044728, 'lag_1': 0.5721009602278887, 'lag_2': 0.5570879469485298, 'lag_3': 0.22513046722097166, 'lag_4': 0.45091889996316553, 'lag_5': 0.5468173169801398, 'lag_6': 0.10612174818039538, 'lag_7': 0.4288853641016217, 'lag_8': 0.1702704592703696, 'lag_9': 0.9232203980708358, 'lag_10': 0.4638666258808533, 'lag_11': 0.8995745356639906, 'lag_12': 4.46611643813849e-05, 'lag_13': 0.32815873143002083, 'lag_14': 0.193787622293532, 'lag_15': 0.16493801283699266, 'lag_16': 0.27549692600177134, 'lag_17': 0.9539397626038122, 'lag_18': 0.5527575453206955, 'lag_19': 0.13299494042905688, 'lag_20': 0.07121862559580389, 'lag_21': 0.4831588410738904, 'lag_22': 0.6762202284199125, 'lag_23': 0.47813373069416426, 'lag_24': 0.8589660030609351, 'lag_25': 0.5750948299850458, 'lag_26': 0.07475897957127954, 'lag_27': 0.3038671420739375, 'lag_28': 0.9524479961103471}. Best is trial 33 with value: 0.01646927969340959.
[I 2025-09-29 11:55:18,932] Trial 89 finished with value: 0.016764902437580786 and parameters: {'lag_0': 0.2500343975656339, 'lag_1': 0.33609338404345046, 'lag_2': 0.8584548613412325, 'lag_3': 0.08923190184985232, 'lag_4': 0.05058112008899683, 'lag_5': 0.7721495879806689, 'lag_6': 0.836339508604005, 'lag_7': 0.35716098909132915, 'lag_8': 0.043175789128004405, 'lag_9': 0.21874181054605296, 'lag_10': 0.4341753677673246, 'lag_11': 0.8664397007075505, 'lag_12': 0.4739693347486363, 'lag_13': 0.4223318123881731, 'lag_14': 0.11158093292020704, 'lag_15': 0.23443666162866186, 'lag_16': 0.6426475494326481, 'lag_17': 0.40032779178686606, 'lag_18': 0.9730544789769258, 'lag_19': 0.4398405693181061, 'lag_20': 0.2236007009559759, 'lag_21': 0.024169889391602556, 'lag_22': 0.16430411957695812, 'lag_23': 0.33862644381202717, 'lag_24': 0.9715321975386196, 'lag_25': 0.45229385223303276, 'lag_26': 0.30725929772763627, 'lag_27': 0.2159988775231453, 'lag_28': 0.28399800401623454}. Best is trial 33 with value: 0.01646927969340959.
[I 2025-09-29 11:55:21,224] Trial 90 finished with value: 0.01685983180803023 and parameters: {'lag_0': 0.22335992429221227, 'lag_1': 0.026078624344682902, 'lag_2': 0.6031886180892979, 'lag_3': 0.7464664526308427, 'lag_4': 0.23895727123359872, 'lag_5': 0.6762987973961166, 'lag_6': 0.9170719087478898, 'lag_7': 0.4891476598704044, 'lag_8': 0.7851473392542785, 'lag_9': 0.39996928534628995, 'lag_10': 0.9107014381761016, 'lag_11': 0.6161847963777721, 'lag_12': 0.02471596052019713, 'lag_13': 0.27532951063088973, 'lag_14': 0.5633792670727312, 'lag_15': 0.0047736944444791984, 'lag_16': 0.486402756839479, 'lag_17': 0.014206970428246032, 'lag_18': 0.8867441951163828, 'lag_19': 0.3774389256488842, 'lag_20': 0.618299390081895, 'lag_21': 0.2207894709760168, 'lag_22': 0.2175509848349372, 'lag_23': 0.6262033354772844, 'lag_24': 0.0280088117753495, 'lag_25': 0.2762207964423016, 'lag_26': 0.4200401881221026, 'lag_27': 0.16987974327439218, 'lag_28': 0.9869288932460771}. Best is trial 33 with value: 0.01646927969340959.
[I 2025-09-29 11:55:23,524] Trial 91 finished with value: 0.01689575881880328 and parameters: {'lag_0': 0.45483896582564387, 'lag_1': 0.7647720652714484, 'lag_2': 0.7006049661321374, 'lag_3': 0.9619389723000726, 'lag_4': 0.29028559076980687, 'lag_5': 0.19378915573679, 'lag_6': 0.6722087302384536, 'lag_7': 0.8480847134032131, 'lag_8': 0.10346732729117365, 'lag_9': 0.3043932236203975, 'lag_10': 0.5814596060783355, 'lag_11': 0.5420481632268221, 'lag_12': 0.14475172035111927, 'lag_13': 0.34595448357293, 'lag_14': 0.29259058202210037, 'lag_15': 0.13826030720036792, 'lag_16': 0.027184751009993624, 'lag_17': 0.9964011304577242, 'lag_18': 0.4374696241622692, 'lag_19': 0.08879692633078247, 'lag_20': 0.34267220427276845, 'lag_21': 0.09010165777387288, 'lag_22': 0.2516568186186498, 'lag_23': 0.44464281735213596, 'lag_24': 0.4840596908783506, 'lag_25': 0.30461452264983363, 'lag_26': 0.4015361246669501, 'lag_27': 0.584350029902923, 'lag_28': 0.823404777954237}. Best is trial 33 with value: 0.01646927969340959.
[I 2025-09-29 11:55:25,848] Trial 92 finished with value: 0.0170388203678997 and parameters: {'lag_0': 0.31208405823517127, 'lag_1': 0.9315433071137261, 'lag_2': 0.8073306806091685, 'lag_3': 0.2761321651165576, 'lag_4': 0.3525973139366386, 'lag_5': 0.26685208614486833, 'lag_6': 0.6976195429567514, 'lag_7': 0.7852559859235531, 'lag_8': 0.20531644911920918, 'lag_9': 0.26648068399087554, 'lag_10': 0.5068115315105416, 'lag_11': 0.774533055412559, 'lag_12': 0.09076934291117078, 'lag_13': 0.40530199744472933, 'lag_14': 0.22013961482402508, 'lag_15': 0.5228217446313188, 'lag_16': 0.0807576776862005, 'lag_17': 0.5161809760452096, 'lag_18': 0.6481230219920372, 'lag_19': 0.6525945382424956, 'lag_20': 0.018178456252705047, 'lag_21': 0.7364551843056768, 'lag_22': 0.36351134165747345, 'lag_23': 0.41967872408324886, 'lag_24': 0.6679325285129546, 'lag_25': 0.21639016439015787, 'lag_26': 0.4549181386941086, 'lag_27': 0.19671639155177859, 'lag_28': 0.8686802694486296}. Best is trial 33 with value: 0.01646927969340959.
[I 2025-09-29 11:55:28,164] Trial 93 finished with value: 0.017041339367493243 and parameters: {'lag_0': 0.3624738312446941, 'lag_1': 0.590026641131089, 'lag_2': 0.7490091137356326, 'lag_3': 0.05299758711471379, 'lag_4': 0.42378008806340334, 'lag_5': 0.060213665235758496, 'lag_6': 0.7293870277287805, 'lag_7': 0.2206611527259071, 'lag_8': 0.8904203567483261, 'lag_9': 0.7798671471216724, 'lag_10': 0.6397237644095881, 'lag_11': 0.6651017317418877, 'lag_12': 0.18001805927811712, 'lag_13': 0.43608181316781536, 'lag_14': 0.24511838099229877, 'lag_15': 0.5811930717646246, 'lag_16': 0.21340160273586578, 'lag_17': 0.7169689427604997, 'lag_18': 0.813742354466501, 'lag_19': 0.7528929138736185, 'lag_20': 0.1977430761959134, 'lag_21': 0.8672626984761924, 'lag_22': 0.4796029875900226, 'lag_23': 0.18909619725447963, 'lag_24': 0.5487170293850249, 'lag_25': 0.1672003555219113, 'lag_26': 0.3331780863177299, 'lag_27': 0.1046617406823633, 'lag_28': 0.8955658474884967}. Best is trial 33 with value: 0.01646927969340959.
[I 2025-09-29 11:55:30,495] Trial 94 finished with value: 0.017481847533171467 and parameters: {'lag_0': 0.42024546208014324, 'lag_1': 0.6304833146053025, 'lag_2': 0.1618352243297173, 'lag_3': 0.7903470676834135, 'lag_4': 0.4745555605704748, 'lag_5': 0.15454719150759885, 'lag_6': 0.7992228104976628, 'lag_7': 0.9712346673489246, 'lag_8': 0.8120252061100471, 'lag_9': 0.4478440147989123, 'lag_10': 0.7358818987889956, 'lag_11': 0.5749465328938479, 'lag_12': 0.22002217964682952, 'lag_13': 0.37045748287459224, 'lag_14': 0.5279383678334695, 'lag_15': 0.17763715493305998, 'lag_16': 0.24246967765322153, 'lag_17': 0.6636722664159523, 'lag_18': 0.9253647207787361, 'lag_19': 0.8779321781539209, 'lag_20': 0.28731820495075333, 'lag_21': 0.899463788762361, 'lag_22': 0.26933765975975926, 'lag_23': 0.23720495610919493, 'lag_24': 0.6198142920197977, 'lag_25': 0.6238593126692586, 'lag_26': 0.3757344791079873, 'lag_27': 0.03274251883264506, 'lag_28': 0.6876847847095926}. Best is trial 33 with value: 0.01646927969340959.
[I 2025-09-29 11:55:32,823] Trial 95 finished with value: 0.016500191898485114 and parameters: {'lag_0': 0.05342260252988451, 'lag_1': 0.6808997753399234, 'lag_2': 0.6437706750067252, 'lag_3': 0.13113470067023, 'lag_4': 0.3232842826047529, 'lag_5': 0.10941493881029529, 'lag_6': 0.6339030467531741, 'lag_7': 0.9180792291239772, 'lag_8': 0.8368096689942922, 'lag_9': 0.3278168802825412, 'lag_10': 0.4722298695672372, 'lag_11': 0.8196854752219801, 'lag_12': 0.8503527028560909, 'lag_13': 0.46087422839739, 'lag_14': 0.38591057722976124, 'lag_15': 0.46791803117887854, 'lag_16': 0.119825645930564, 'lag_17': 0.4683810622823184, 'lag_18': 0.7915578094550215, 'lag_19': 0.5420604438520906, 'lag_20': 0.9181980348870503, 'lag_21': 0.24795861953062115, 'lag_22': 0.1402424816792123, 'lag_23': 0.1578151655906132, 'lag_24': 0.4084677223343555, 'lag_25': 0.7242769520093818, 'lag_26': 0.18485822148974018, 'lag_27': 0.1432902914506165, 'lag_28': 0.9415963509411844}. Best is trial 33 with value: 0.01646927969340959.
[I 2025-09-29 11:55:35,117] Trial 96 finished with value: 0.01662410462992503 and parameters: {'lag_0': 0.11987991391950628, 'lag_1': 0.1316438878997347, 'lag_2': 0.6455121761600362, 'lag_3': 0.1161216125327026, 'lag_4': 0.3113700413025824, 'lag_5': 0.11244977910800504, 'lag_6': 0.40557959134007254, 'lag_7': 0.7523252360850385, 'lag_8': 0.7417468375285949, 'lag_9': 0.3334549575691781, 'lag_10': 0.47279190439761765, 'lag_11': 0.7099673638403489, 'lag_12': 0.9471941342094115, 'lag_13': 0.4688307361050825, 'lag_14': 0.3297868027587292, 'lag_15': 0.7405095046116211, 'lag_16': 0.15549783712104306, 'lag_17': 0.48715681164551405, 'lag_18': 0.8552229361055873, 'lag_19': 0.5372008622809106, 'lag_20': 0.8435613399570026, 'lag_21': 0.27274980120959347, 'lag_22': 0.13855507064681177, 'lag_23': 0.03819885710838439, 'lag_24': 0.4276111326541999, 'lag_25': 0.725258500900575, 'lag_26': 0.19341199706606763, 'lag_27': 0.840689169323295, 'lag_28': 0.9349329284697918}. Best is trial 33 with value: 0.01646927969340959.
[I 2025-09-29 11:55:37,430] Trial 97 finished with value: 0.016630280272146043 and parameters: {'lag_0': 0.07227878859656406, 'lag_1': 0.674979570458716, 'lag_2': 0.9067783387985383, 'lag_3': 0.11109827427076889, 'lag_4': 0.31524224322166006, 'lag_5': 0.5993572332336637, 'lag_6': 0.3780203657476352, 'lag_7': 0.7547091333849597, 'lag_8': 0.73469105224554, 'lag_9': 0.3209168684884772, 'lag_10': 0.4753907379115109, 'lag_11': 0.697412105085925, 'lag_12': 0.9670886858949096, 'lag_13': 0.4601084582165187, 'lag_14': 0.3955307067601159, 'lag_15': 0.7736506476171283, 'lag_16': 0.16225799236590385, 'lag_17': 0.4740811427569916, 'lag_18': 0.8568499342944264, 'lag_19': 0.49598529165882144, 'lag_20': 0.09742125251063793, 'lag_21': 0.24762485402595802, 'lag_22': 0.07177783313849999, 'lag_23': 0.09016317957265221, 'lag_24': 0.4099282186714228, 'lag_25': 0.7385124607108465, 'lag_26': 0.1323055059199601, 'lag_27': 0.698510495570538, 'lag_28': 0.929844127240917}. Best is trial 33 with value: 0.01646927969340959.
[I 2025-09-29 11:55:39,733] Trial 98 finished with value: 0.016845164715105127 and parameters: {'lag_0': 0.053193825712158166, 'lag_1': 0.6718647930407999, 'lag_2': 0.9245814378119421, 'lag_3': 0.19189200438526638, 'lag_4': 0.329665011636852, 'lag_5': 0.605895279566154, 'lag_6': 0.3079750695703851, 'lag_7': 0.7603761692490306, 'lag_8': 0.749055966781304, 'lag_9': 0.3296471918279399, 'lag_10': 0.41452887688835194, 'lag_11': 0.6971685167031535, 'lag_12': 0.8480221130771894, 'lag_13': 0.4659838653727239, 'lag_14': 0.3349082132566777, 'lag_15': 0.79097380012499, 'lag_16': 0.1613758100341182, 'lag_17': 0.48828991202544136, 'lag_18': 0.854470939936964, 'lag_19': 0.5338458222776583, 'lag_20': 0.09728697027084734, 'lag_21': 0.2659712304314305, 'lag_22': 0.04199615548740139, 'lag_23': 0.04078304673145208, 'lag_24': 0.39856677794355005, 'lag_25': 0.7311338951534305, 'lag_26': 0.11596261469982933, 'lag_27': 0.7642576607728787, 'lag_28': 0.930627511249252}. Best is trial 33 with value: 0.01646927969340959.
[I 2025-09-29 11:55:42,066] Trial 99 finished with value: 0.017088049046557738 and parameters: {'lag_0': 0.1307760556305263, 'lag_1': 0.062150893522486886, 'lag_2': 0.8896364378595398, 'lag_3': 0.14317617682813663, 'lag_4': 0.2646179402131057, 'lag_5': 0.10170447397266733, 'lag_6': 0.41614843688711256, 'lag_7': 0.7258208575683317, 'lag_8': 0.8420385730402261, 'lag_9': 0.3851902008337653, 'lag_10': 0.37593775622913267, 'lag_11': 0.7428675630855139, 'lag_12': 0.9621618563043038, 'lag_13': 0.5542899780632814, 'lag_14': 0.4069842389571352, 'lag_15': 0.702158786133465, 'lag_16': 0.18451751628606378, 'lag_17': 0.5397970675220112, 'lag_18': 0.7925672709040041, 'lag_19': 0.4917145254164527, 'lag_20': 0.7348786290852223, 'lag_21': 0.38189752625915185, 'lag_22': 0.06969108487051037, 'lag_23': 0.11139880574628022, 'lag_24': 0.40393179872667306, 'lag_25': 0.8217194601704567, 'lag_26': 0.16170758873057764, 'lag_27': 0.8431272393683923, 'lag_28': 0.9621766653998405}. Best is trial 33 with value: 0.01646927969340959.
[I 2025-09-29 11:55:42,086] A new study created in memory with name: no-name-a39b18ba-aace-4263-b034-36fc31a8ddbc
[I 2025-09-29 11:55:44,363] Trial 0 finished with value: 0.009938234426427809 and parameters: {'lag_0': 0.717380565646596, 'lag_1': 0.44631146704089947, 'lag_2': 0.015148793760237658, 'lag_3': 0.1236274162921292, 'lag_4': 0.051872713497577425, 'lag_5': 0.5990429717631295, 'lag_6': 0.5514968082301184, 'lag_7': 0.6025140795262214, 'lag_8': 0.9143282713995885, 'lag_9': 0.2269364910346534, 'lag_10': 0.2149409537158324, 'lag_11': 0.33910293561987953, 'lag_12': 0.9440677100053071, 'lag_13': 0.24781715637723917, 'lag_14': 0.9022462134948622, 'lag_15': 0.3554269163541457, 'lag_16': 0.3355376728246905, 'lag_17': 0.5268697049176485, 'lag_18': 0.8317684063570021, 'lag_19': 0.9138707971999911, 'lag_20': 0.3863953321743951, 'lag_21': 0.2659675865073503, 'lag_22': 0.3979665687283439, 'lag_23': 0.658280897372731, 'lag_24': 0.1784441718955802, 'lag_25': 0.5485857272407604, 'lag_26': 0.23514043949610014, 'lag_27': 0.9968674747041218, 'lag_28': 0.9103436770935017}. Best is trial 0 with value: 0.009938234426427809.
[I 2025-09-29 11:55:46,634] Trial 1 finished with value: 0.0093618590684119 and parameters: {'lag_0': 0.32815404421609734, 'lag_1': 0.335696208048639, 'lag_2': 0.42424810712976224, 'lag_3': 0.7491198472626405, 'lag_4': 0.28177530522695154, 'lag_5': 0.5016430054175388, 'lag_6': 0.08829072054410374, 'lag_7': 0.2803349869765255, 'lag_8': 0.7564820260026498, 'lag_9': 0.271282249744669, 'lag_10': 0.815906901652835, 'lag_11': 0.3025355917521422, 'lag_12': 0.38726611605901445, 'lag_13': 0.9743227867046208, 'lag_14': 0.7056461986266918, 'lag_15': 0.3493123715694885, 'lag_16': 0.5526048564610867, 'lag_17': 0.7749732049693813, 'lag_18': 0.4447528483456081, 'lag_19': 0.963063560737035, 'lag_20': 0.5679357221855462, 'lag_21': 0.645832379181884, 'lag_22': 0.9220912801926237, 'lag_23': 0.8944594209443937, 'lag_24': 0.9510501785565986, 'lag_25': 0.2769295336426162, 'lag_26': 0.21449320248109865, 'lag_27': 0.665989474875789, 'lag_28': 0.5060370379747393}. Best is trial 1 with value: 0.0093618590684119.
[I 2025-09-29 11:55:48,910] Trial 2 finished with value: 0.009482339752822441 and parameters: {'lag_0': 0.06924164859576794, 'lag_1': 0.5273715050461615, 'lag_2': 0.3949028769252789, 'lag_3': 0.8275315960258346, 'lag_4': 0.28014354103202516, 'lag_5': 0.6842414339012258, 'lag_6': 0.15731379196378917, 'lag_7': 0.8528614616101783, 'lag_8': 0.5402650981336647, 'lag_9': 0.43549234125815767, 'lag_10': 0.4260972391318525, 'lag_11': 0.8071704431808621, 'lag_12': 0.07460516021464597, 'lag_13': 0.7467292519955073, 'lag_14': 0.7572582223346911, 'lag_15': 0.03792747634816081, 'lag_16': 0.25254254051784075, 'lag_17': 0.960877125379044, 'lag_18': 0.7182607921521925, 'lag_19': 0.12148664439683096, 'lag_20': 0.6542210706523671, 'lag_21': 0.17479491784914122, 'lag_22': 0.42421428265902206, 'lag_23': 0.10833410307730491, 'lag_24': 0.12649429245129792, 'lag_25': 0.14833663775565617, 'lag_26': 0.16245779030916072, 'lag_27': 0.6375903265444953, 'lag_28': 0.23965038229618224}. Best is trial 1 with value: 0.0093618590684119.
