[I 2025-10-03 11:32:09,519] Trial 25 finished with values: [0.016666666666666666, 0.0028508523602359588, 0.00245566381809631, 0.00011272681672976279, 0.0003181978587904577, 0.0006982774236722681, 0.0036844718261557206, 0.00028360222987480077, 0.0007179512904031995, 0.0001730192065544305, 0.0010987683536419679, 0.0005046052903873279, 0.0022343963826917646, 0.0044175778092431445, 0.0, 0.11819137117335961, 0.0006198993355063322, 0.019272556217036458, 0.01090474974488377, 0.0025588558510020332, 0.004706832517585869, 0.003650151328788437, 0.004406416617612682, 0.00010058000861611766, 0.0013443382285245689, 0.0005948067969324207, 0.0007527142996953909, 0.0002763058741107212, 0.00037465296596347967] and parameters: {'lag_0': 0.8063772012904503, 'lag_1': 0.8401071314848183, 'lag_2': 0.28977531885483904, 'lag_3': 0.9002272495720646, 'lag_4': 0.40580409890054187, 'lag_5': 0.9539877567614711, 'lag_6': 0.41100378550079253, 'lag_7': 0.26740951182215816, 'lag_8': 0.4749235505332476, 'lag_9': 0.2807839706945703, 'lag_10': 0.5383339123381505, 'lag_11': 0.2152230210930284, 'lag_12': 0.22351748487455375, 'lag_13': 0.4636962388266952, 'lag_14': 0.27392901854542445, 'lag_15': 0.37456639964677263, 'lag_16': 0.7115099333788265, 'lag_17': 0.7132932236938007, 'lag_18': 0.7294658154633814, 'lag_19': 0.4154417026769571, 'lag_20': 0.23948494269381465, 'lag_21': 0.2918110262152451, 'lag_22': 0.09962616440127246, 'lag_23': 0.7446995116708491, 'lag_24': 0.7048855012601203, 'lag_25': 0.9190088549769511, 'lag_26': 0.29218709276338345, 'lag_27': 0.6406663172556816, 'lag_28': 0.35878686838220425}.
[I 2025-10-03 11:32:12,176] Trial 26 finished with values: [0.02361111111111111, 0.003036268992473925, 0.0007968853415324421, 0.0014777233714734037, 0.0015012673890641896, 0.0005445371097620935, 0.0019235350870933708, 0.0003461180020237596, 0.0012612623177915068, 7.216066118788115e-05, 0.0008777696284841135, 0.0009671920434005533, 0.0017911536795746329, 0.00605629109788199, 0.0, 0.10726494109625986, 0.0006713050707888266, 0.01952531095102709, 0.00933118754811722, 0.0019356757404828315, 0.004852815527499763, 0.003005372049250543, 0.004887843429546455, 0.0001375077837607447, 0.0009391970637312537, 0.00037599773091849217, 0.0009419066680144932, 0.00017112369547519953, 0.00018169015609813496] and parameters: {'lag_0': 0.45786859887354137, 'lag_1': 0.7420307892129845, 'lag_2': 0.90166097085433, 'lag_3': 0.6083171255650397, 'lag_4': 0.6229145274795834, 'lag_5': 0.0349021455348875, 'lag_6': 0.10835581190780215, 'lag_7': 0.4606292175155561, 'lag_8': 0.47578751546801307, 'lag_9': 0.3200380552184144, 'lag_10': 0.5898067689664953, 'lag_11': 0.26837569398958766, 'lag_12': 0.7060493146868174, 'lag_13': 0.7550311869081171, 'lag_14': 0.0851179218503445, 'lag_15': 0.1999538995076027, 'lag_16': 0.4549776458476271, 'lag_17': 0.23243555024591014, 'lag_18': 0.020331168567993822, 'lag_19': 0.11660525280956006, 'lag_20': 0.7480350750377481, 'lag_21': 0.3557577556907992, 'lag_22': 0.5725949863289801, 'lag_23': 0.04444150434871994, 'lag_24': 0.9098217070990827, 'lag_25': 0.2949841025464758, 'lag_26': 0.8232272111120925, 'lag_27': 0.4345327068183303, 'lag_28': 0.7208056637880641}.
[I 2025-10-03 11:32:14,828] Trial 27 finished with values: [0.018277777777777778, 0.0029469939423204736, 0.001263859001313855, 0.0007692367943748135, 0.001040419547707633, 0.0005044598290101033, 0.0022710152495104734, 0.00015249743962766085, 0.0007407753232903634, 0.00027233455703385117, 0.0008350901013522191, 0.000616548343095833, 0.0027007083837448675, 0.005615732410923227, 0.0, 0.11016281394328861, 0.0007272471837491369, 0.01817754267960777, 0.010296653768773664, 0.0022907137088173752, 0.004552925274883951, 0.0035358556053764123, 0.004355125361747463, 0.0001028600635840131, 0.0010098730705103659, 0.0008380278837019306, 0.000742872849148498, 0.00020380925903745024, 0.0013009613949108842] and parameters: {'lag_0': 0.9899087064939386, 'lag_1': 0.2446401344976357, 'lag_2': 0.6121509567935599, 'lag_3': 0.8692075664058505, 'lag_4': 0.19884535922267915, 'lag_5': 0.17237875670732997, 'lag_6': 0.7495703263746656, 'lag_7': 0.8537861285100143, 'lag_8': 0.3294196819317595, 'lag_9': 0.8795253566849283, 'lag_10': 0.6981714845115212, 'lag_11': 0.783877526222439, 'lag_12': 0.7463265679313447, 'lag_13': 0.4118438208430998, 'lag_14': 0.2613027687606889, 'lag_15': 0.09647650400690966, 'lag_16': 0.6701927484007474, 'lag_17': 0.32947266300845307, 'lag_18': 0.7188914515657482, 'lag_19': 0.3282405661840232, 'lag_20': 0.5748648833935406, 'lag_21': 0.5310368675814987, 'lag_22': 0.6292866037563792, 'lag_23': 0.5873021276394751, 'lag_24': 0.7441406742842845, 'lag_25': 0.06593513138799864, 'lag_26': 0.6867524001527651, 'lag_27': 0.9672734275111519, 'lag_28': 0.8731828324283369}.
[I 2025-10-03 11:32:17,486] Trial 28 finished with values: [0.015395144163942404, 0.0028136605912382298, 0.0019256564477286326, 0.0013576224256855924, 0.00010872880575681539, 0.0005787654949407856, 0.0012653121804304217, 0.0004009949593844874, 0.0009078292775844474, 0.00028271307762296326, 0.0008009806324964241, 0.000354787782611022, 0.002857335558835045, 0.0045478733101033345, 0.0, 0.11860779119577762, 0.0007336827762152605, 0.021371525624962126, 0.010200319159411216, 0.002406866375385605, 0.004767772360850348, 0.003549557852140619, 0.004922231133866188, 0.00011255856499873766, 0.001556057113352708, 0.001098587677824151, 0.0003458714613152164, 0.0001996326380483471, 0.00011330280208688009] and parameters: {'lag_0': 0.20679893951124134, 'lag_1': 0.050245666785417524, 'lag_2': 0.4542618759462376, 'lag_3': 0.27153801434683705, 'lag_4': 0.20155648633251622, 'lag_5': 0.5780247060035548, 'lag_6': 0.7628139898045656, 'lag_7': 0.1257790589260437, 'lag_8': 0.1749725639980033, 'lag_9': 0.4027357710530084, 'lag_10': 0.38830565286422825, 'lag_11': 0.794257947838486, 'lag_12': 0.589134399651637, 'lag_13': 0.9720870697352069, 'lag_14': 0.5556707644131267, 'lag_15': 0.12484029194775913, 'lag_16': 0.030684203245793903, 'lag_17': 0.3862828080489796, 'lag_18': 0.8277110392828116, 'lag_19': 0.3237384483095134, 'lag_20': 0.7272576099456705, 'lag_21': 0.886752957219304, 'lag_22': 0.3284053639652078, 'lag_23': 0.7429650587165193, 'lag_24': 0.23734978695965356, 'lag_25': 0.8583833655246997, 'lag_26': 0.4902600770977405, 'lag_27': 0.251515702871607, 'lag_28': 0.8469832960646125}.
[I 2025-10-03 11:32:20,147] Trial 29 finished with values: [0.018277449046679814, 0.00317396765235129, 0.000539252531571491, 0.000476920440262057, 0.0005287412112784616, 0.0004909097996509931, 0.0017079629812747472, 0.000696471644857453, 0.0007264977515828819, 0.00055772063387236, 0.0009904801284369225, 0.001067039458937633, 0.003333643252268509, 0.004310572136059545, 0.0, 0.11643224762894706, 0.0007543270143462271, 0.019181919762325608, 0.010890683974881044, 0.002459645505748496, 0.004468648810241077, 0.00381381342342729, 0.004558719419042835, 5.9808705971406484e-05, 0.0012541432011464505, 0.000595847866084996, 0.0005910660288224769, 0.00022255471121813253, 0.0005685503401710024] and parameters: {'lag_0': 0.3057955621978807, 'lag_1': 0.8624321972552752, 'lag_2': 0.8450845526994468, 'lag_3': 0.4670169305939269, 'lag_4': 0.7970222082560663, 'lag_5': 0.6163323032068608, 'lag_6': 0.3934569441206561, 'lag_7': 0.7467782749660212, 'lag_8': 0.0714948135269252, 'lag_9': 0.37966081300713395, 'lag_10': 0.638845658078662, 'lag_11': 0.9742802806028708, 'lag_12': 0.6027882144250318, 'lag_13': 0.2295184610403799, 'lag_14': 0.797922717009475, 'lag_15': 0.2147594949951991, 'lag_16': 0.64763253008809, 'lag_17': 0.9553706577056865, 'lag_18': 0.10166155849247542, 'lag_19': 0.7043045540869499, 'lag_20': 0.001527899980294303, 'lag_21': 0.8264996120757521, 'lag_22': 0.7756594156808471, 'lag_23': 0.43381786650663234, 'lag_24': 0.11481823485898882, 'lag_25': 0.7316953778477467, 'lag_26': 0.5817112680383564, 'lag_27': 0.22199633208800046, 'lag_28': 0.3212744430743732}.
[I 2025-10-03 11:32:22,802] Trial 30 finished with values: [0.017901234567901235, 0.0014065817893266492, 0.0026609634091303573, 0.0002624965900795941, 0.0010204300846409925, 0.0006347150520462188, 0.0020100269596214347, 0.00010478787229339919, 0.0005282933797297242, 0.00038093995639068784, 0.0003903752095273183, 0.0010774431550266302, 0.0014367302678479853, 0.004394805880995876, 0.0, 0.10218350590752072, 0.0005456603842711333, 0.018437801394736598, 0.01036308027946794, 0.002050582644542121, 0.0045434193058196985, 0.003601348133445697, 0.004254727829399315, 0.00010641731954890289, 0.0016203942367226955, 0.00031848329662666544, 0.0005658367061255481, 0.00013359376669047765, 0.0007102451074926013] and parameters: {'lag_0': 0.7966533050828088, 'lag_1': 0.4512983734005729, 'lag_2': 0.8838159202043273, 'lag_3': 0.6259639367011098, 'lag_4': 0.3031048753900467, 'lag_5': 0.2784540750108558, 'lag_6': 0.2936298460520545, 'lag_7': 0.5297875309544702, 'lag_8': 0.42224693130701635, 'lag_9': 0.752857663591332, 'lag_10': 0.948185513412424, 'lag_11': 0.5065072150721998, 'lag_12': 0.2894100063212796, 'lag_13': 0.07762282207469036, 'lag_14': 0.2928485044683456, 'lag_15': 0.8153033485507487, 'lag_16': 0.25662119621916213, 'lag_17': 0.6003840106927337, 'lag_18': 0.7063577381909155, 'lag_19': 0.519985778503319, 'lag_20': 0.022585208928914413, 'lag_21': 0.8102855280670865, 'lag_22': 0.2001839650097658, 'lag_23': 0.10175997374814823, 'lag_24': 0.5684141614882505, 'lag_25': 0.6626828158914754, 'lag_26': 0.5583213052033041, 'lag_27': 0.7047236517255934, 'lag_28': 0.5994990140837718}.
[I 2025-10-03 11:32:25,569] Trial 31 finished with values: [0.014054423512324318, 0.0028122750960981662, 0.002714972080627723, 0.0002620581450429729, 0.0005136586320025319, 7.727228907047042e-05, 0.0015242279990680266, 0.00020727654733468105, 0.0009269565923070528, 0.0003457431974768246, 0.0009780720453499787, 0.00011622684103120806, 0.0015525973615645385, 0.0051462846843197746, 0.0, 0.1146231488985627, 0.0009203861260084052, 0.02059811298375345, 0.009329652209208793, 0.0021060994387532526, 0.004771329457867644, 0.0036084000653413923, 0.004764483977662714, 7.705856140817347e-05, 0.0007533764311260108, 0.0007320755274932655, 0.0005224453313015534, 0.0002415042216232166, 0.0004312729981641499] and parameters: {'lag_0': 0.7359618782470776, 'lag_1': 0.3349043456047307, 'lag_2': 0.193253605208848, 'lag_3': 0.6745921635883542, 'lag_4': 0.902525607021251, 'lag_5': 0.719511103563822, 'lag_6': 0.0569401288062488, 'lag_7': 0.25763982446302525, 'lag_8': 0.8881032002305187, 'lag_9': 0.9446250431709156, 'lag_10': 0.7882690687881485, 'lag_11': 0.7236630251784194, 'lag_12': 0.7593066486592837, 'lag_13': 0.015544707383255437, 'lag_14': 0.7598195665304667, 'lag_15': 0.8019107150189293, 'lag_16': 0.925736183677471, 'lag_17': 0.5261068459760699, 'lag_18': 0.031535291197188405, 'lag_19': 0.7974344420704972, 'lag_20': 0.6683779265495554, 'lag_21': 0.02647421905267626, 'lag_22': 0.925807366086063, 'lag_23': 0.9811546769947281, 'lag_24': 0.6160996148084964, 'lag_25': 0.36589979745676515, 'lag_26': 0.33279445129954516, 'lag_27': 0.028060780045322763, 'lag_28': 0.724389952163135}.
[I 2025-10-03 11:32:28,233] Trial 32 finished with values: [0.02222222222222222, 0.002378556125033657, 0.0003645476012912127, 0.0002485379679583346, 0.0002057544410839021, 0.0014000081579210128, 0.0017034655488654261, 0.00017729600040409203, 0.0001997254080009018, 0.00035770248779536877, 0.0007536434992676643, 0.0008011455083187507, 0.0015235328040748188, 0.00405838724067469, 0.0, 0.11414635350219078, 0.0010179465440449706, 0.019902727671640103, 0.009452255368763254, 0.002357374206517912, 0.004745396249772932, 0.0034114047263116647, 0.005106885733279128, 0.00012239240271602576, 0.001137840969426027, 0.0007983192821136348, 0.0005076841913125468, 0.0004322225734564927, 0.0005759004272057263] and parameters: {'lag_0': 0.7837607793145817, 'lag_1': 0.5553264600242337, 'lag_2': 0.13719245036690003, 'lag_3': 0.8642087410344417, 'lag_4': 0.3567543225336315, 'lag_5': 0.13815642591940824, 'lag_6': 0.8820227107001263, 'lag_7': 0.42636802943976015, 'lag_8': 0.5700188367146256, 'lag_9': 0.40276340176609854, 'lag_10': 0.7485014402613477, 'lag_11': 0.44915021530621396, 'lag_12': 0.6893984902356278, 'lag_13': 0.48318940220246653, 'lag_14': 0.629077655766644, 'lag_15': 0.5141893039422434, 'lag_16': 0.16417178447725628, 'lag_17': 0.7713138700673957, 'lag_18': 0.7045733300442174, 'lag_19': 0.02400787173102951, 'lag_20': 0.06922982163768315, 'lag_21': 0.03980948440876931, 'lag_22': 0.7782400409071998, 'lag_23': 0.9114807146927725, 'lag_24': 0.48151719641500057, 'lag_25': 0.24114962017807903, 'lag_26': 0.46861463925767344, 'lag_27': 0.6157408490282297, 'lag_28': 0.9317761160564115}.
[I 2025-10-03 11:32:30,894] Trial 33 finished with values: [0.0030123456790123447, 0.0011801159690339872, 0.0003672436835568269, 0.0011035801715100976, 0.0005230598000964366, 0.000436725809897866, 0.0009617186388629868, 0.0006166916125022694, 0.0007334026669375604, 0.0004255100534893633, 0.0015454844384260639, 0.00045793424236021014, 0.0015339537853597464, 0.004467481459248353, 0.0, 0.11396767802843896, 0.0009351602643599894, 0.018220688936915076, 0.009452425603863503, 0.002104011454062267, 0.005035695088858547, 0.003679983625349189, 0.004543135647019135, 0.00016435578623018765, 0.0010148438510560074, 0.0006829816656920845, 0.0008155556951060887, 0.00029016048840754935, 0.0013245566916793988] and parameters: {'lag_0': 0.06963871280688201, 'lag_1': 0.684237252765346, 'lag_2': 0.1022739275892011, 'lag_3': 0.5334798738597595, 'lag_4': 0.15541942399799236, 'lag_5': 0.19168155327442676, 'lag_6': 0.1954553976657826, 'lag_7': 0.748893750736805, 'lag_8': 0.9335716125444794, 'lag_9': 0.5403267443846111, 'lag_10': 0.25248808934679967, 'lag_11': 0.6729494850019827, 'lag_12': 0.8353034703663048, 'lag_13': 0.32850104962280663, 'lag_14': 0.4046645435220958, 'lag_15': 0.7391195495615517, 'lag_16': 0.9809358270397397, 'lag_17': 0.14940354095206004, 'lag_18': 0.22671557466481715, 'lag_19': 0.013065525721638296, 'lag_20': 0.37253636380742444, 'lag_21': 0.08844316448127733, 'lag_22': 0.6637823656794236, 'lag_23': 0.16979222253885043, 'lag_24': 0.8635957185203252, 'lag_25': 0.17549522583313779, 'lag_26': 0.6835337138208327, 'lag_27': 0.39784306003401054, 'lag_28': 0.09239359423330036}.
[I 2025-10-03 11:32:33,554] Trial 34 finished with values: [0.011337868480725623, 0.0017417476899598521, 0.0011181921323215442, 0.0011911080181354148, 0.00024202829029477371, 0.0003872082187247742, 0.0016929180159953997, 0.0002867516255557993, 0.0008621260105064696, 0.00011764319393686182, 0.0009636584833721828, 0.00045515687291718197, 0.002487490654003098, 0.005973691017303629, 0.0, 0.11523686387835971, 0.0006427271076017732, 0.019970668268386595, 0.010563534664525693, 0.0016899645969257859, 0.004734874716930994, 0.003954327450433398, 0.0048038165768646, 9.46894720829409e-05, 0.0016902104697683247, 0.000782924564607726, 0.0006383471311802002, 0.00039962645513584306, 0.0007716806283271987] and parameters: {'lag_0': 0.9966289460280584, 'lag_1': 0.10048359478680999, 'lag_2': 0.22752400485741936, 'lag_3': 0.17231063822381018, 'lag_4': 0.33756769388086044, 'lag_5': 0.3884603802265903, 'lag_6': 0.36426883170492264, 'lag_7': 0.3916613898335809, 'lag_8': 0.9958255451990994, 'lag_9': 0.2729084240515257, 'lag_10': 0.4285137342292427, 'lag_11': 0.7655119757168095, 'lag_12': 0.8902851267798493, 'lag_13': 0.6170326090136409, 'lag_14': 0.8828155898223071, 'lag_15': 0.616673346416638, 'lag_16': 0.38043037026778376, 'lag_17': 0.5841303596818254, 'lag_18': 0.3237317053997658, 'lag_19': 0.7173287361891716, 'lag_20': 0.3356591433787238, 'lag_21': 0.8948791173182999, 'lag_22': 0.030532779383859145, 'lag_23': 0.353418899231488, 'lag_24': 0.10177939945020212, 'lag_25': 0.25361919673806316, 'lag_26': 0.014079755266209746, 'lag_27': 0.482700104914281, 'lag_28': 0.11235269305270466}.
[I 2025-10-03 11:32:36,223] Trial 35 finished with values: [0.02222222222222222, 0.005162278801427544, 0.0011475331525699402, 0.0007773708123727567, 0.0010623384406944095, 0.0002179722610724575, 0.0015392071779677622, 0.0002767194553926424, 0.0008679011097169943, 0.0005492108465919995, 0.0007301778330055933, 0.00046228684106651224, 0.003373250774680558, 0.004923061422608241, 0.0, 0.11855658811190631, 0.0007180162882641938, 0.020047519686517738, 0.011157991021727622, 0.002088990745876567, 0.00447780830135282, 0.003774525669741115, 0.004648717637137741, 0.00021424454028407935, 0.0013158633468715035, 0.0005134255299892124, 0.0008540234408623207, 0.0002141287909765954, 0.0005234302889722622] and parameters: {'lag_0': 0.47469404782701075, 'lag_1': 0.4406390980235518, 'lag_2': 0.46713336253995164, 'lag_3': 0.02108594125607251, 'lag_4': 0.1606799983423061, 'lag_5': 0.9825744435186166, 'lag_6': 0.7669221182514236, 'lag_7': 0.4737696978446888, 'lag_8': 0.7020839752761477, 'lag_9': 0.5152653031749793, 'lag_10': 0.7879441218743818, 'lag_11': 0.598907914308564, 'lag_12': 0.0855920833057966, 'lag_13': 0.0824942466508759, 'lag_14': 0.7819538971740119, 'lag_15': 0.4475198000250194, 'lag_16': 0.3210049224461614, 'lag_17': 0.10123843296857805, 'lag_18': 0.3348570708801698, 'lag_19': 0.9271165486824458, 'lag_20': 0.627960928084377, 'lag_21': 0.0179867764747044, 'lag_22': 0.4112868184579997, 'lag_23': 0.17153617839530785, 'lag_24': 0.22143839030247817, 'lag_25': 0.7285548725885476, 'lag_26': 0.157531428660768, 'lag_27': 0.7201591595089711, 'lag_28': 0.8911941175018292}.
[I 2025-10-03 11:32:38,886] Trial 36 finished with values: [0.02222222222222222, 0.003487798039509595, 0.0011083797116508043, 0.00040057661986476106, 0.0013221559827041717, 0.0010459129464410097, 0.000987208271910306, 0.0004595662490946107, 0.0012743273659197613, 0.0005655853229458831, 0.0013974784719661426, 0.0010985288615572325, 0.0016767264582114728, 0.004916826164398005, 0.0, 0.11831700967047545, 0.0004782610075521637, 0.02046582039892418, 0.009860881198504468, 0.0024133544533082242, 0.004660727950169015, 0.004032601397868275, 0.004732987744020682, 6.885288056387489e-05, 0.0014436950224384023, 0.0011738122413251823, 0.0007177173962932884, 0.0003722863871113998, 0.00042551779512675213] and parameters: {'lag_0': 0.6682449911792682, 'lag_1': 0.8107498884114085, 'lag_2': 0.6996627665313075, 'lag_3': 0.6468884627046908, 'lag_4': 0.2990149294315031, 'lag_5': 0.8758793641057295, 'lag_6': 0.027846733019370264, 'lag_7': 0.6137635538632905, 'lag_8': 0.8163871446920367, 'lag_9': 0.2411146305461767, 'lag_10': 0.3463838392898732, 'lag_11': 0.7285220530449492, 'lag_12': 0.6933062998586301, 'lag_13': 0.13571003241378207, 'lag_14': 0.15789405518807614, 'lag_15': 0.9234818512546208, 'lag_16': 0.3802494243887143, 'lag_17': 0.18247031942670192, 'lag_18': 0.26623866794352113, 'lag_19': 0.3893736945783832, 'lag_20': 0.7203725231656953, 'lag_21': 0.2539193812888216, 'lag_22': 0.6552255227625288, 'lag_23': 0.5111598325263995, 'lag_24': 0.7620294326205125, 'lag_25': 0.7934778274087092, 'lag_26': 0.6623974614865037, 'lag_27': 0.8766313234053221, 'lag_28': 0.6028455896130056}.
[I 2025-10-03 11:32:41,551] Trial 37 finished with values: [0.023370064279155188, 0.0032061614437477945, 0.0005701369844475484, 0.0002619810778522014, 0.0004972181514362615, 0.00024766978337608286, 0.0018351560240762945, 0.0006479626217759935, 0.000956036260332975, 0.0002804270198571887, 0.0012769537401450999, 0.0005780189102311779, 0.002382844633826935, 0.006541905224763725, 0.0, 0.11853112794039489, 0.001264761144937517, 0.019183079988232488, 0.009461857833675251, 0.0022232912788918862, 0.005256761519472896, 0.0036080416547495642, 0.003617911004905744, 9.978235018271349e-05, 0.0011873790726730918, 0.0005366524501897223, 0.0008298587173272486, 0.00018911234213248994, 0.00023047761086311067] and parameters: {'lag_0': 0.955849335751838, 'lag_1': 0.6164800078247715, 'lag_2': 0.14620340109303806, 'lag_3': 0.3646835896937242, 'lag_4': 0.8299075359698842, 'lag_5': 0.9163314956884634, 'lag_6': 0.6906175671617446, 'lag_7': 0.7952219191762331, 'lag_8': 0.44684298966640484, 'lag_9': 0.3531423295882139, 'lag_10': 0.2906359163759102, 'lag_11': 0.05711717070256062, 'lag_12': 0.3576180948111963, 'lag_13': 0.2055548003809908, 'lag_14': 0.47555979166510776, 'lag_15': 0.14562656471440683, 'lag_16': 0.40360425389455906, 'lag_17': 0.6724882894008761, 'lag_18': 0.24801722026111966, 'lag_19': 0.5805126447643668, 'lag_20': 0.695219838134791, 'lag_21': 0.3336930949816023, 'lag_22': 0.135854989069779, 'lag_23': 0.40276944488289723, 'lag_24': 0.6035637780285017, 'lag_25': 0.3252008706309999, 'lag_26': 0.9683723217218149, 'lag_27': 0.6416042578495603, 'lag_28': 0.9709467062158746}.
