[I 2025-09-29 11:59:18,286] Trial 87 finished with value: 0.008501718706721655 and parameters: {'lag_0': 0.06836982706447253, 'lag_1': 0.8625807413516162, 'lag_2': 0.171448064272322, 'lag_3': 0.6428805633855331, 'lag_4': 0.41775440881587833, 'lag_5': 0.23725272622212756, 'lag_6': 0.5853917821797513, 'lag_7': 0.46455828487188006, 'lag_8': 0.3673009340271129, 'lag_9': 0.1665965972173804, 'lag_10': 0.1661525932041683, 'lag_11': 0.977334472843336, 'lag_12': 0.7657697362211476, 'lag_13': 0.2271782897814699, 'lag_14': 0.19195644828614888, 'lag_15': 0.18602650200151716, 'lag_16': 0.702738273977396, 'lag_17': 0.7002979925584941, 'lag_18': 0.2523256168347089, 'lag_19': 0.6298946403776411, 'lag_20': 0.9643942574650184, 'lag_21': 0.3224185101555478, 'lag_22': 0.892013250170488, 'lag_23': 0.6811070527461649, 'lag_24': 0.7947124483365137, 'lag_25': 0.5812326427496872, 'lag_26': 0.21908981727743143, 'lag_27': 0.5594386205844168, 'lag_28': 0.7096086261909287}. Best is trial 37 with value: 0.008261671593162358.
[I 2025-09-29 11:59:20,647] Trial 88 finished with value: 0.008395402826707551 and parameters: {'lag_0': 0.134457209837251, 'lag_1': 0.755373301851002, 'lag_2': 0.8203235053287565, 'lag_3': 0.6072186858352182, 'lag_4': 0.5326147374708872, 'lag_5': 0.09353610407994462, 'lag_6': 0.1701613982261935, 'lag_7': 0.5627038335934027, 'lag_8': 0.3020560034252503, 'lag_9': 0.9083727289326087, 'lag_10': 0.1192611845944624, 'lag_11': 0.4045717127779145, 'lag_12': 0.7999669638179525, 'lag_13': 0.07168775186114774, 'lag_14': 0.6500193060708845, 'lag_15': 0.26998712356526405, 'lag_16': 0.8476849770987602, 'lag_17': 0.1533519764966511, 'lag_18': 0.2921700485298835, 'lag_19': 0.5890028921403548, 'lag_20': 0.8158423861867709, 'lag_21': 0.04660534296313218, 'lag_22': 0.2596657840162453, 'lag_23': 0.7108722565476973, 'lag_24': 0.9114153185494575, 'lag_25': 0.7130647973587189, 'lag_26': 0.05654596661719345, 'lag_27': 0.35476507565466353, 'lag_28': 0.8776399663839933}. Best is trial 37 with value: 0.008261671593162358.
[I 2025-09-29 11:59:23,016] Trial 89 finished with value: 0.008353064572801005 and parameters: {'lag_0': 0.1564330819804881, 'lag_1': 0.536408697098255, 'lag_2': 0.7047445987247409, 'lag_3': 0.003981486103987769, 'lag_4': 0.4422853332084524, 'lag_5': 0.12233910835834479, 'lag_6': 0.009148273225317624, 'lag_7': 0.5158074414240312, 'lag_8': 0.4054664177170192, 'lag_9': 0.018698894928589286, 'lag_10': 0.2544165458878378, 'lag_11': 0.9420330392699127, 'lag_12': 0.7422640770059512, 'lag_13': 0.3704922252608981, 'lag_14': 0.9998174995682706, 'lag_15': 0.7101459080560625, 'lag_16': 0.5661116461335932, 'lag_17': 0.4983484269928314, 'lag_18': 0.6523035019176029, 'lag_19': 0.6687287792163868, 'lag_20': 0.7010493404277198, 'lag_21': 0.48224304398167406, 'lag_22': 0.6830047185922382, 'lag_23': 0.7380815715636426, 'lag_24': 0.5403950670969588, 'lag_25': 0.6727003009260116, 'lag_26': 0.2398069050035853, 'lag_27': 0.6001466077901083, 'lag_28': 0.7575804166670018}. Best is trial 37 with value: 0.008261671593162358.
[I 2025-09-29 11:59:25,381] Trial 90 finished with value: 0.008425237396736635 and parameters: {'lag_0': 0.026127685848625723, 'lag_1': 0.524510092816794, 'lag_2': 0.7042814927533751, 'lag_3': 0.006247355378422024, 'lag_4': 0.4558576985973595, 'lag_5': 0.012068218190814752, 'lag_6': 0.024156552182864117, 'lag_7': 0.8786963246409385, 'lag_8': 0.6991232957438882, 'lag_9': 0.0009626410386584308, 'lag_10': 0.3467784408015602, 'lag_11': 0.9392165483051403, 'lag_12': 0.6829828081021048, 'lag_13': 0.5324243169951304, 'lag_14': 0.9874495599008732, 'lag_15': 0.7364880844246191, 'lag_16': 0.4948850309677164, 'lag_17': 0.4069059720595155, 'lag_18': 0.6255835009077, 'lag_19': 0.6689048018112536, 'lag_20': 0.6509259625177137, 'lag_21': 0.4916214303666056, 'lag_22': 0.5793447727201174, 'lag_23': 0.7988858617128003, 'lag_24': 0.5326738086115319, 'lag_25': 0.41904801478789994, 'lag_26': 0.19190855176275667, 'lag_27': 0.9219108217694769, 'lag_28': 0.9991105308300576}. Best is trial 37 with value: 0.008261671593162358.
[I 2025-09-29 11:59:27,741] Trial 91 finished with value: 0.00853708931346611 and parameters: {'lag_0': 0.1639870385125548, 'lag_1': 0.4508650288713054, 'lag_2': 0.7737862205758295, 'lag_3': 0.06164452692053296, 'lag_4': 0.44184483384780526, 'lag_5': 0.12272414438258245, 'lag_6': 0.07758487082088147, 'lag_7': 0.5235388584867273, 'lag_8': 0.33804975741290216, 'lag_9': 0.03075577952046535, 'lag_10': 0.2597593344562881, 'lag_11': 0.8787330411515138, 'lag_12': 0.972629704624922, 'lag_13': 0.8999659059075091, 'lag_14': 0.948485763501108, 'lag_15': 0.903983339710191, 'lag_16': 0.5840571367963029, 'lag_17': 0.5048722991006633, 'lag_18': 0.7292824467040355, 'lag_19': 0.6949095525573528, 'lag_20': 0.7013905936288728, 'lag_21': 0.5660570853386606, 'lag_22': 0.6108497149660316, 'lag_23': 0.906665719934392, 'lag_24': 0.5979369816973498, 'lag_25': 0.6888212261907167, 'lag_26': 0.2859953922362787, 'lag_27': 0.8295618267554044, 'lag_28': 0.7470195114738848}. Best is trial 37 with value: 0.008261671593162358.
[I 2025-09-29 11:59:30,102] Trial 92 finished with value: 0.008293871559610817 and parameters: {'lag_0': 0.21483923964624246, 'lag_1': 0.5512952206700433, 'lag_2': 0.4532576074724789, 'lag_3': 0.16049985168015013, 'lag_4': 0.3385072624541004, 'lag_5': 0.14699917911923438, 'lag_6': 0.03809396741086764, 'lag_7': 0.5772941381902327, 'lag_8': 0.3977896238776504, 'lag_9': 0.0894161419922116, 'lag_10': 0.30209691260122595, 'lag_11': 0.5118716399376174, 'lag_12': 0.6301411146922008, 'lag_13': 0.021077779547925085, 'lag_14': 0.720018163210876, 'lag_15': 0.6194860526174311, 'lag_16': 0.7475066298758155, 'lag_17': 0.443253749206328, 'lag_18': 0.6550194598379111, 'lag_19': 0.6463562541942347, 'lag_20': 0.45608989716115234, 'lag_21': 0.5133445533999256, 'lag_22': 0.7620517752630763, 'lag_23': 0.7422148316176014, 'lag_24': 0.6416480329239193, 'lag_25': 0.3168502829009143, 'lag_26': 0.24611162714249557, 'lag_27': 0.7863276298976187, 'lag_28': 0.672029385455046}. Best is trial 37 with value: 0.008261671593162358.
[I 2025-09-29 11:59:32,459] Trial 93 finished with value: 0.008469839338992901 and parameters: {'lag_0': 0.21575289026847513, 'lag_1': 0.5875615181971799, 'lag_2': 0.6312531905270468, 'lag_3': 0.1424726398678566, 'lag_4': 0.32189790692427844, 'lag_5': 0.1487266310184976, 'lag_6': 0.002339269135969213, 'lag_7': 0.6015407541172263, 'lag_8': 0.45380858876453467, 'lag_9': 0.04528032343947542, 'lag_10': 0.3140883912528011, 'lag_11': 0.49768101883290244, 'lag_12': 0.6473569234311219, 'lag_13': 0.3888180542310542, 'lag_14': 0.9643627328607919, 'lag_15': 0.6702495701456673, 'lag_16': 0.7423053505475217, 'lag_17': 0.4597241205332448, 'lag_18': 0.6774229680197527, 'lag_19': 0.639698090868098, 'lag_20': 0.546657315549716, 'lag_21': 0.4605793505842647, 'lag_22': 0.6827867676667276, 'lag_23': 0.7357522500846977, 'lag_24': 0.6630468814742265, 'lag_25': 0.2534705710196048, 'lag_26': 0.24056864061574865, 'lag_27': 0.7172051929265516, 'lag_28': 0.5793804784281436}. Best is trial 37 with value: 0.008261671593162358.
[I 2025-09-29 11:59:34,823] Trial 94 finished with value: 0.008489485252262252 and parameters: {'lag_0': 0.30928177973782117, 'lag_1': 0.5472689605025656, 'lag_2': 0.7432826299761304, 'lag_3': 0.1690190551517599, 'lag_4': 0.28317744635694253, 'lag_5': 0.1878415967961224, 'lag_6': 0.03459128415827212, 'lag_7': 0.6355942909743562, 'lag_8': 0.41343473279161225, 'lag_9': 0.07247962201159587, 'lag_10': 0.3447182884294387, 'lag_11': 0.52868774762176, 'lag_12': 0.6150154473965377, 'lag_13': 0.026099382459053654, 'lag_14': 0.5877078744377928, 'lag_15': 0.7596163546298449, 'lag_16': 0.6191415082372838, 'lag_17': 0.4392617349164071, 'lag_18': 0.5729245646223123, 'lag_19': 0.7484125523187919, 'lag_20': 0.42566375232001163, 'lag_21': 0.5169188394149863, 'lag_22': 0.7112497975816671, 'lag_23': 0.6416132316802041, 'lag_24': 0.7060227814818529, 'lag_25': 0.33649216286939054, 'lag_26': 0.161232017785605, 'lag_27': 0.807179617617028, 'lag_28': 0.6784960486799386}. Best is trial 37 with value: 0.008261671593162358.
[I 2025-09-29 11:59:37,185] Trial 95 finished with value: 0.00862909315572612 and parameters: {'lag_0': 0.12954292222128158, 'lag_1': 0.6251830492443632, 'lag_2': 0.44115834162348955, 'lag_3': 0.11709015534826318, 'lag_4': 0.23196962561987805, 'lag_5': 0.20493681448488935, 'lag_6': 0.05689612118580259, 'lag_7': 0.6972082310714942, 'lag_8': 0.24026673790176142, 'lag_9': 0.022239862465762313, 'lag_10': 0.3863920873794838, 'lag_11': 0.557468659091193, 'lag_12': 0.7043667416320153, 'lag_13': 0.45865830157124776, 'lag_14': 0.9176009375204737, 'lag_15': 0.5901842878262998, 'lag_16': 0.5542446352389772, 'lag_17': 0.34882302868065956, 'lag_18': 0.5603749065196757, 'lag_19': 0.7098716294830879, 'lag_20': 0.7374524960128059, 'lag_21': 0.38222656658017823, 'lag_22': 0.6470165231430929, 'lag_23': 0.8340842719732481, 'lag_24': 0.64359881757541, 'lag_25': 0.2776330422800948, 'lag_26': 0.11268518120727379, 'lag_27': 0.6084032409709097, 'lag_28': 0.8460084443186816}. Best is trial 37 with value: 0.008261671593162358.
[I 2025-09-29 11:59:39,545] Trial 96 finished with value: 0.008583289014179183 and parameters: {'lag_0': 0.19629417962840445, 'lag_1': 0.6559312012416382, 'lag_2': 0.6574108195615382, 'lag_3': 0.2583525790072301, 'lag_4': 0.38995747779823375, 'lag_5': 0.25392108774496475, 'lag_6': 0.7987670083499462, 'lag_7': 0.5721900354631063, 'lag_8': 0.5276583279935931, 'lag_9': 0.14216203822017326, 'lag_10': 0.2866625289773912, 'lag_11': 0.4766856992868759, 'lag_12': 0.751372577174446, 'lag_13': 0.6803267350225563, 'lag_14': 0.879450176798376, 'lag_15': 0.6527571142688813, 'lag_16': 0.8209727839701987, 'lag_17': 0.4896177896612889, 'lag_18': 0.8258721333552651, 'lag_19': 0.6582398032153172, 'lag_20': 0.3629922707607243, 'lag_21': 0.35737746891407385, 'lag_22': 0.7479972567111918, 'lag_23': 0.9383786424790705, 'lag_24': 0.5800245066370863, 'lag_25': 0.36945315904127696, 'lag_26': 0.13359073524030673, 'lag_27': 0.8825517018663024, 'lag_28': 0.5364072449702237}. Best is trial 37 with value: 0.008261671593162358.
[I 2025-09-29 11:59:41,912] Trial 97 finished with value: 0.008454821342998286 and parameters: {'lag_0': 0.3533598541648796, 'lag_1': 0.5725000621775204, 'lag_2': 0.798643091474148, 'lag_3': 0.10351874425662688, 'lag_4': 0.34319119505232853, 'lag_5': 0.061000239761793605, 'lag_6': 0.10729072146469962, 'lag_7': 0.673620788619688, 'lag_8': 0.2798938480535055, 'lag_9': 0.23277328987932444, 'lag_10': 0.43314342963584057, 'lag_11': 0.5867708464693566, 'lag_12': 0.677315249877674, 'lag_13': 0.6135374652773331, 'lag_14': 0.5047053215186871, 'lag_15': 0.7045395108744712, 'lag_16': 0.7837280532472393, 'lag_17': 0.5231830156792797, 'lag_18': 0.6267869156854833, 'lag_19': 0.6008377248983034, 'lag_20': 0.7639080415459982, 'lag_21': 0.8404786188070211, 'lag_22': 0.3817740706322339, 'lag_23': 0.8593294309314952, 'lag_24': 0.47949048202227684, 'lag_25': 0.2993714625116147, 'lag_26': 0.20333770424079095, 'lag_27': 0.7812493456079326, 'lag_28': 0.770620733135389}. Best is trial 37 with value: 0.008261671593162358.
[I 2025-09-29 11:59:44,281] Trial 98 finished with value: 0.008474457731945769 and parameters: {'lag_0': 0.09162287317422957, 'lag_1': 0.4018174493412195, 'lag_2': 0.23475232900207366, 'lag_3': 0.1577675542062822, 'lag_4': 0.36923753628118144, 'lag_5': 0.08263002123724558, 'lag_6': 0.5573447200971359, 'lag_7': 0.5925366920712386, 'lag_8': 0.6570769023289182, 'lag_9': 0.7302418577453682, 'lag_10': 0.20801831311330707, 'lag_11': 0.4405165535395149, 'lag_12': 0.4460337274883225, 'lag_13': 0.04766583858195866, 'lag_14': 0.9966604233274774, 'lag_15': 0.8312654322530924, 'lag_16': 0.6701753826289051, 'lag_17': 0.3832678659382691, 'lag_18': 0.6918959130753426, 'lag_19': 0.7769992494455046, 'lag_20': 0.4883737779777051, 'lag_21': 0.42833355284751806, 'lag_22': 0.1974500972539026, 'lag_23': 0.016441072326260076, 'lag_24': 0.6405280261350685, 'lag_25': 0.21833450129974133, 'lag_26': 0.03006841092163892, 'lag_27': 0.865854188292226, 'lag_28': 0.8177688517015911}. Best is trial 37 with value: 0.008261671593162358.
[I 2025-09-29 11:59:46,640] Trial 99 finished with value: 0.008577243648679525 and parameters: {'lag_0': 0.22773795386340015, 'lag_1': 0.4963747232760019, 'lag_2': 0.8457656439066193, 'lag_3': 0.03481382229967938, 'lag_4': 0.5017662044002273, 'lag_5': 0.32710000720902127, 'lag_6': 0.0016719287081446467, 'lag_7': 0.5441198608866634, 'lag_8': 0.597568876981178, 'lag_9': 0.10431816304042438, 'lag_10': 0.2373801896269561, 'lag_11': 0.6915821961089388, 'lag_12': 0.7246104174527763, 'lag_13': 0.27862366341708206, 'lag_14': 0.7260527909409766, 'lag_15': 0.7117816075147784, 'lag_16': 0.6437691063407586, 'lag_17': 0.4386273325271032, 'lag_18': 0.646991892782491, 'lag_19': 0.8301272417744608, 'lag_20': 0.33564029660964223, 'lag_21': 0.7792350327917448, 'lag_22': 0.6318369046573387, 'lag_23': 0.8936336687502058, 'lag_24': 0.734289943432648, 'lag_25': 0.6210422551018847, 'lag_26': 0.07277776738304113, 'lag_27': 0.9104658438588356, 'lag_28': 0.665348081456439}. Best is trial 37 with value: 0.008261671593162358.
2025-09-29 11:59:49,488 - distributed.worker - INFO - Stopping worker at tcp://192.168.86.107:44301. Reason: scheduler-remove-worker
2025-09-29 11:59:49,492 - distributed.nanny - INFO - Closing Nanny gracefully at 'tcp://192.168.86.107:43263'. Reason: scheduler-remove-worker
2025-09-29 11:59:49,497 - distributed.nanny - INFO - Worker closed
2025-09-29 11:59:49,498 - distributed.core - INFO - Connection to tcp://192.168.86.101:45699 has been closed.
slurmstepd: error: *** JOB 3081109 ON node07 CANCELLED AT 2025-09-29T11:59:49 ***
