[I 2025-09-29 13:22:28,891] Trial 4 finished with value: 0.00572534929676091 and parameters: {'lag_0': 0.4760497109567393, 'lag_1': 0.5825648444676702, 'lag_2': 0.6246229434800765, 'lag_3': 0.022045438576288875, 'lag_4': 0.7583144559350793, 'lag_5': 0.9123088677861672, 'lag_6': 0.5674400000010061, 'lag_7': 0.15537695904252688, 'lag_8': 0.9463065877337465, 'lag_9': 0.3752341809324151, 'lag_10': 0.6492735465657019, 'lag_11': 0.11437712892908927, 'lag_12': 0.8924483528538538, 'lag_13': 0.3346451274237623, 'lag_14': 0.3270054171764554, 'lag_15': 0.8830492863706101, 'lag_16': 0.3075868599352393, 'lag_17': 0.6647193117230477, 'lag_18': 0.5683943595529684, 'lag_19': 0.06955774298967017, 'lag_20': 0.12794991627529895, 'lag_21': 0.11268027675483173, 'lag_22': 0.2448081709831112, 'lag_23': 0.3199966585531103, 'lag_24': 0.9507541877000756, 'lag_25': 0.8824773261602116, 'lag_26': 0.681753546461921, 'lag_27': 0.7969079435507676, 'lag_28': 0.09968882638196279}. Best is trial 3 with value: 0.003896264794124915.
[I 2025-09-29 13:22:31,322] Trial 5 finished with value: 0.005273968962986164 and parameters: {'lag_0': 0.42050000577549057, 'lag_1': 0.5217694848812702, 'lag_2': 0.8692305934848552, 'lag_3': 0.594737125081842, 'lag_4': 0.561097047956623, 'lag_5': 0.198097321376726, 'lag_6': 0.4019145875604129, 'lag_7': 0.28138808453770403, 'lag_8': 0.8592186864499072, 'lag_9': 0.9934342010316437, 'lag_10': 0.28432890697894636, 'lag_11': 0.7894267908849438, 'lag_12': 0.09996851911645073, 'lag_13': 0.7793144786336852, 'lag_14': 0.6737532885844154, 'lag_15': 0.6369306229022905, 'lag_16': 0.2824915156177491, 'lag_17': 0.4569293446090042, 'lag_18': 0.9701206218085654, 'lag_19': 0.4732626272219241, 'lag_20': 0.8901918591861546, 'lag_21': 0.3165908065962587, 'lag_22': 0.013212254452140857, 'lag_23': 0.42779698388640497, 'lag_24': 0.3084943770121915, 'lag_25': 0.4757542294476986, 'lag_26': 0.014397231141061468, 'lag_27': 0.10432802775757259, 'lag_28': 0.38426529469571463}. Best is trial 3 with value: 0.003896264794124915.
[I 2025-09-29 13:22:33,763] Trial 6 finished with value: 0.006723126020318451 and parameters: {'lag_0': 0.3351908604304029, 'lag_1': 0.5381852785370541, 'lag_2': 0.43407121924417386, 'lag_3': 0.8910027383998648, 'lag_4': 0.8136521758795283, 'lag_5': 0.40735034837053735, 'lag_6': 0.4418946493211165, 'lag_7': 0.3376933564596684, 'lag_8': 0.8845265533625225, 'lag_9': 0.07964172159284791, 'lag_10': 0.743109711775112, 'lag_11': 0.900334570147923, 'lag_12': 0.6552233497298937, 'lag_13': 0.6954241144385499, 'lag_14': 0.9921489230902106, 'lag_15': 0.3593706612965404, 'lag_16': 0.48462775365695865, 'lag_17': 0.5483019779451658, 'lag_18': 0.7009686178322693, 'lag_19': 0.29512329166537493, 'lag_20': 0.12876495873604363, 'lag_21': 0.7388317438303269, 'lag_22': 0.6033000665990991, 'lag_23': 0.8572712984767213, 'lag_24': 0.8895389078994534, 'lag_25': 0.5305477206520598, 'lag_26': 0.04829386131892324, 'lag_27': 0.3895492675802421, 'lag_28': 0.9576738590424141}. Best is trial 3 with value: 0.003896264794124915.
[I 2025-09-29 13:22:36,192] Trial 7 finished with value: 0.005419444241277034 and parameters: {'lag_0': 0.05961944276684589, 'lag_1': 0.9387514691055608, 'lag_2': 0.6322850379022843, 'lag_3': 0.6527847286298737, 'lag_4': 0.9247734410797306, 'lag_5': 0.7216751411605546, 'lag_6': 0.3828392620398278, 'lag_7': 0.5966751203131982, 'lag_8': 0.1015415945014313, 'lag_9': 0.6110794404322409, 'lag_10': 0.6580575005867368, 'lag_11': 0.5684740718510422, 'lag_12': 0.5017904434501946, 'lag_13': 0.42708280938489346, 'lag_14': 0.4160595990359886, 'lag_15': 0.4848399347812838, 'lag_16': 0.7219281339984791, 'lag_17': 0.47914155417803816, 'lag_18': 0.72585772202338, 'lag_19': 0.6892574970836314, 'lag_20': 0.22103698693122187, 'lag_21': 0.7812642166316269, 'lag_22': 0.32435002783071565, 'lag_23': 0.7660245752577287, 'lag_24': 0.42977971723759095, 'lag_25': 0.5037600560585579, 'lag_26': 0.6396806566556831, 'lag_27': 0.15080404310873674, 'lag_28': 0.8176360171677275}. Best is trial 3 with value: 0.003896264794124915.
[I 2025-09-29 13:22:38,616] Trial 8 finished with value: 0.005035587577977179 and parameters: {'lag_0': 0.5400408837396606, 'lag_1': 0.01734122861272539, 'lag_2': 0.7013718137386694, 'lag_3': 0.11651410787264081, 'lag_4': 0.4323501007314857, 'lag_5': 0.7388181442335324, 'lag_6': 0.48007620521088795, 'lag_7': 0.02521429992808636, 'lag_8': 0.6038229419436802, 'lag_9': 0.5178474175515366, 'lag_10': 0.16720908113131772, 'lag_11': 0.6709932176652577, 'lag_12': 0.7576490299699413, 'lag_13': 0.6445084588679999, 'lag_14': 0.9246361736006848, 'lag_15': 0.902456373023414, 'lag_16': 0.9360109974942314, 'lag_17': 0.739060930394939, 'lag_18': 0.4837436921600986, 'lag_19': 0.0692877182250342, 'lag_20': 0.2424055262619884, 'lag_21': 0.5142867784157071, 'lag_22': 0.6901940997641767, 'lag_23': 0.816387519434289, 'lag_24': 0.7160388665464429, 'lag_25': 0.6319466588622661, 'lag_26': 0.18500150800553333, 'lag_27': 0.6662852472088435, 'lag_28': 0.018778933356278147}. Best is trial 3 with value: 0.003896264794124915.
[I 2025-09-29 13:22:41,035] Trial 9 finished with value: 0.0063910898177865095 and parameters: {'lag_0': 0.0974632437406416, 'lag_1': 0.9851636143442921, 'lag_2': 0.8944726560809396, 'lag_3': 0.4237572564319804, 'lag_4': 0.29549901772816645, 'lag_5': 0.5648374325783662, 'lag_6': 0.5488933426407259, 'lag_7': 0.14287235377025995, 'lag_8': 0.278742788180422, 'lag_9': 0.5981893217715576, 'lag_10': 0.6020316283834127, 'lag_11': 0.7826252589377702, 'lag_12': 0.19539225305103858, 'lag_13': 0.9646507653859215, 'lag_14': 0.09808562600528248, 'lag_15': 0.17561881936665116, 'lag_16': 0.1898003304368549, 'lag_17': 0.2876653736811111, 'lag_18': 0.256163835874407, 'lag_19': 0.8596840011769871, 'lag_20': 0.5112231981512168, 'lag_21': 0.8221877036109954, 'lag_22': 0.7906665888734007, 'lag_23': 0.8097387361466366, 'lag_24': 0.6133923784129076, 'lag_25': 0.4819077286337748, 'lag_26': 0.26273826407726036, 'lag_27': 0.49142191740056695, 'lag_28': 0.5021215648342037}. Best is trial 3 with value: 0.003896264794124915.
[I 2025-09-29 13:22:43,516] Trial 10 finished with value: 0.0046273618338247115 and parameters: {'lag_0': 0.9246823321964017, 'lag_1': 0.7642718936169782, 'lag_2': 0.0012887592418753258, 'lag_3': 0.23302701281167698, 'lag_4': 0.007911608656816366, 'lag_5': 0.13906130200157854, 'lag_6': 0.07036799001989802, 'lag_7': 0.9955025055458826, 'lag_8': 0.3693523230710479, 'lag_9': 0.3182360641654828, 'lag_10': 0.42421555037867176, 'lag_11': 0.35253372749965073, 'lag_12': 0.2946158281540779, 'lag_13': 0.03380851008712693, 'lag_14': 0.15757471541747675, 'lag_15': 0.0753544309815129, 'lag_16': 0.0068030518191576905, 'lag_17': 0.9917782880769752, 'lag_18': 0.01585549457213524, 'lag_19': 0.6016718606090073, 'lag_20': 0.6302840022313494, 'lag_21': 0.35448957517857027, 'lag_22': 0.9937613225882631, 'lag_23': 0.5683314744769962, 'lag_24': 0.04017705804144961, 'lag_25': 0.17914181685201847, 'lag_26': 0.43586913531994403, 'lag_27': 0.9401091995022169, 'lag_28': 0.379813670238595}. Best is trial 3 with value: 0.003896264794124915.
[I 2025-09-29 13:22:45,995] Trial 11 finished with value: 0.00610767949880421 and parameters: {'lag_0': 0.9892648983039276, 'lag_1': 0.7590117267511973, 'lag_2': 0.11303588971609851, 'lag_3': 0.2360006824929731, 'lag_4': 0.01426086101806398, 'lag_5': 0.03273772606605643, 'lag_6': 0.0010413719989143116, 'lag_7': 0.9918171890814358, 'lag_8': 0.33372436293160535, 'lag_9': 0.30739390879850914, 'lag_10': 0.4361141999706472, 'lag_11': 0.3541547248269279, 'lag_12': 0.28667661574741765, 'lag_13': 0.0042644162886718365, 'lag_14': 0.16050507644863998, 'lag_15': 0.018440206367084835, 'lag_16': 0.021739796074781825, 'lag_17': 0.9875705135922695, 'lag_18': 0.024315007351746132, 'lag_19': 0.6186479688750867, 'lag_20': 0.6210363664877522, 'lag_21': 0.3598804093419774, 'lag_22': 0.9935265288942128, 'lag_23': 0.5620055443460013, 'lag_24': 0.04726903714256736, 'lag_25': 0.17374426758098122, 'lag_26': 0.3838846964686912, 'lag_27': 0.9836776682274451, 'lag_28': 0.3619211291312561}. Best is trial 3 with value: 0.003896264794124915.
[I 2025-09-29 13:22:48,469] Trial 12 finished with value: 0.005108639488467276 and parameters: {'lag_0': 0.9876401844487334, 'lag_1': 0.7096272204726402, 'lag_2': 0.006229814043082903, 'lag_3': 0.250020383448209, 'lag_4': 0.17286880597179372, 'lag_5': 0.24949456037304635, 'lag_6': 0.1764854215419342, 'lag_7': 0.9667360801567345, 'lag_8': 0.3922877486335217, 'lag_9': 0.2876421287540049, 'lag_10': 0.38784634501947357, 'lag_11': 0.3761760272326566, 'lag_12': 0.3218049980670682, 'lag_13': 0.18461975503218414, 'lag_14': 0.24272437745797798, 'lag_15': 0.7098980072125136, 'lag_16': 0.6475466874541784, 'lag_17': 0.993822273287587, 'lag_18': 0.20906074587373769, 'lag_19': 0.5448415656069346, 'lag_20': 0.7028603015410086, 'lag_21': 0.5109938670860399, 'lag_22': 0.9867336008812317, 'lag_23': 0.5859805594136519, 'lag_24': 0.25157673442536493, 'lag_25': 0.1733005157397547, 'lag_26': 0.4719010188875805, 'lag_27': 0.7096757202359787, 'lag_28': 0.540006341075538}. Best is trial 3 with value: 0.003896264794124915.
[I 2025-09-29 13:22:50,945] Trial 13 finished with value: 0.006604002911647519 and parameters: {'lag_0': 0.793743784585824, 'lag_1': 0.7743132640787516, 'lag_2': 0.2707076803085697, 'lag_3': 0.19294038442733066, 'lag_4': 0.23264144094978828, 'lag_5': 0.0019213370322448409, 'lag_6': 0.1959293753241304, 'lag_7': 0.8254247484464727, 'lag_8': 0.6846359036329843, 'lag_9': 0.2116262663019962, 'lag_10': 0.5052438608891139, 'lag_11': 0.44647326659892184, 'lag_12': 0.01717124267905029, 'lag_13': 0.49466861998635797, 'lag_14': 0.054890335204107535, 'lag_15': 0.21840325600179863, 'lag_16': 0.030452504132484348, 'lag_17': 0.7956605556124472, 'lag_18': 0.3212789552492915, 'lag_19': 0.9407943730246822, 'lag_20': 0.35463652195212375, 'lag_21': 0.2503814917066698, 'lag_22': 0.851853368440507, 'lag_23': 0.24102072679323333, 'lag_24': 0.046286768226305064, 'lag_25': 0.01480570577438306, 'lag_26': 0.281127757518248, 'lag_27': 0.9911401744741675, 'lag_28': 0.2776436848446189}. Best is trial 3 with value: 0.003896264794124915.
[I 2025-09-29 13:22:53,546] Trial 14 finished with value: 0.006318289570680725 and parameters: {'lag_0': 0.7570247001660202, 'lag_1': 0.18310089654274825, 'lag_2': 0.35403607873477816, 'lag_3': 0.34993702604577714, 'lag_4': 0.018061639237267748, 'lag_5': 0.2607593739279569, 'lag_6': 0.1789801079315456, 'lag_7': 0.7951460213544104, 'lag_8': 0.41880817550132593, 'lag_9': 0.41700128561476735, 'lag_10': 0.9224262433761714, 'lag_11': 0.2667265904327688, 'lag_12': 0.3805397503978804, 'lag_13': 0.26110079102957306, 'lag_14': 0.6511136165633387, 'lag_15': 0.021305327573588495, 'lag_16': 0.7313247265557444, 'lag_17': 0.863152511516504, 'lag_18': 0.12387522901206247, 'lag_19': 0.21743907025979667, 'lag_20': 0.004263480188679038, 'lag_21': 0.9587159482699354, 'lag_22': 0.45376603153562395, 'lag_23': 0.6413860437015939, 'lag_24': 0.4075756460002799, 'lag_25': 0.30401449106536965, 'lag_26': 0.5913189623753476, 'lag_27': 0.8215160050468835, 'lag_28': 0.6096956771478277}. Best is trial 3 with value: 0.003896264794124915.
[I 2025-09-29 13:22:56,025] Trial 15 finished with value: 0.005269330892553779 and parameters: {'lag_0': 0.8275491685242554, 'lag_1': 0.8419700225720734, 'lag_2': 0.21108957834254968, 'lag_3': 0.5675723457239551, 'lag_4': 0.32620101981820915, 'lag_5': 0.1223840468120771, 'lag_6': 0.9940465275371329, 'lag_7': 0.6590436289154513, 'lag_8': 0.22076593600159558, 'lag_9': 0.17472002746482607, 'lag_10': 0.5194711238562818, 'lag_11': 0.6099031920341172, 'lag_12': 0.1672926408592131, 'lag_13': 0.00588626722992841, 'lag_14': 0.2913280751964949, 'lag_15': 0.7390480663874692, 'lag_16': 0.4833700405446029, 'lag_17': 0.33014485693193163, 'lag_18': 0.34793196776758606, 'lag_19': 0.48674080195498926, 'lag_20': 0.691208631432554, 'lag_21': 0.44972753913166313, 'lag_22': 0.9332214350812856, 'lag_23': 0.41478600093310747, 'lag_24': 0.20536679611587033, 'lag_25': 0.26350315954000114, 'lag_26': 0.13292516219187045, 'lag_27': 0.5757814025319679, 'lag_28': 0.22654060177094804}. Best is trial 3 with value: 0.003896264794124915.
[I 2025-09-29 13:22:58,496] Trial 16 finished with value: 0.006177810322117921 and parameters: {'lag_0': 0.681888661199931, 'lag_1': 0.669513196266831, 'lag_2': 0.4778183031157492, 'lag_3': 0.12394727719574887, 'lag_4': 0.14773315589726935, 'lag_5': 0.3635865109845716, 'lag_6': 0.6849779478266569, 'lag_7': 0.8837666821865698, 'lag_8': 0.4571843297268907, 'lag_9': 0.45641191113898494, 'lag_10': 0.8071756510236295, 'lag_11': 0.47824060176907335, 'lag_12': 0.23743402281313067, 'lag_13': 0.14763918200509296, 'lag_14': 0.015874308389711933, 'lag_15': 0.9903362674239315, 'lag_16': 0.39619776097703463, 'lag_17': 0.623126300718879, 'lag_18': 0.023931679583766116, 'lag_19': 0.7036385517286164, 'lag_20': 0.5088488463888243, 'lag_21': 0.19462701818058198, 'lag_22': 0.7353019430097985, 'lag_23': 0.9821558902870442, 'lag_24': 0.12234888261062998, 'lag_25': 0.35730761144332657, 'lag_26': 0.37291697238689586, 'lag_27': 0.8487307029562321, 'lag_28': 0.37858305302071577}. Best is trial 3 with value: 0.003896264794124915.
[I 2025-09-29 13:23:00,974] Trial 17 finished with value: 0.006780998749777894 and parameters: {'lag_0': 0.8549895353111033, 'lag_1': 0.3770250068795937, 'lag_2': 0.784571305025394, 'lag_3': 0.4662789432983656, 'lag_4': 0.5511676600073979, 'lag_5': 0.5086344328196987, 'lag_6': 0.2819500486376505, 'lag_7': 0.5424114142486047, 'lag_8': 0.7093949024977131, 'lag_9': 0.008506814289631848, 'lag_10': 0.3541513762645129, 'lag_11': 0.34405366746936417, 'lag_12': 0.006752677584530048, 'lag_13': 0.5372544928150119, 'lag_14': 0.17533071998175917, 'lag_15': 0.2095150408853139, 'lag_16': 0.16334990999662138, 'lag_17': 0.8723671762209433, 'lag_18': 0.17274371694399054, 'lag_19': 0.2145017678769917, 'lag_20': 0.7629147116155592, 'lag_21': 0.5989060543575406, 'lag_22': 0.8810264323643382, 'lag_23': 0.22028750332244035, 'lag_24': 0.32946955283443274, 'lag_25': 0.029228759054836434, 'lag_26': 0.4641592493131825, 'lag_27': 0.49098967717613745, 'lag_28': 0.659198136998376}. Best is trial 3 with value: 0.003896264794124915.
[I 2025-09-29 13:23:03,446] Trial 18 finished with value: 0.006522607275622644 and parameters: {'lag_0': 0.9112418389482649, 'lag_1': 0.8888952287411622, 'lag_2': 0.14488020211948183, 'lag_3': 0.31032267469986496, 'lag_4': 0.3075807968418405, 'lag_5': 0.3291203515183101, 'lag_6': 0.10776555531431146, 'lag_7': 0.8934046853484422, 'lag_8': 0.3006769734044439, 'lag_9': 0.5351557843634164, 'lag_10': 0.9830179773800252, 'lag_11': 0.5253114062304645, 'lag_12': 0.43410065442304474, 'lag_13': 0.388795628795748, 'lag_14': 0.38384382157469343, 'lag_15': 0.38216539762664903, 'lag_16': 0.581898969278051, 'lag_17': 0.39097219100318237, 'lag_18': 0.4457468016495454, 'lag_19': 0.5973099529191047, 'lag_20': 0.5820065028468626, 'lag_21': 0.4623628862412794, 'lag_22': 0.6353327078804342, 'lag_23': 0.668866882272225, 'lag_24': 0.5857171304493384, 'lag_25': 0.13237548304006347, 'lag_26': 0.15728828280626356, 'lag_27': 0.6048976622036335, 'lag_28': 0.120474269181924}. Best is trial 3 with value: 0.003896264794124915.
[I 2025-09-29 13:23:05,921] Trial 19 finished with value: 0.005985094067753223 and parameters: {'lag_0': 0.6620224728362123, 'lag_1': 0.6438167196282508, 'lag_2': 0.9842896894065758, 'lag_3': 0.7623368932490873, 'lag_4': 0.08677234275386406, 'lag_5': 0.10189019680398664, 'lag_6': 0.26675584723909834, 'lag_7': 0.7263825329729441, 'lag_8': 0.10275233875353018, 'lag_9': 0.30656249963823384, 'lag_10': 0.5656180328557623, 'lag_11': 0.9491789956492541, 'lag_12': 0.13050873943121655, 'lag_13': 0.5408033367996846, 'lag_14': 0.7137970008678973, 'lag_15': 0.7613244834105529, 'lag_16': 0.8204620116359481, 'lag_17': 0.5818312205917072, 'lag_18': 0.01382681826123669, 'lag_19': 0.4799870174976672, 'lag_20': 0.36161467956926596, 'lag_21': 0.041395766575917425, 'lag_22': 0.4398987875703886, 'lag_23': 0.45600494440746353, 'lag_24': 0.377249676802786, 'lag_25': 0.3688325289081374, 'lag_26': 0.7328465912288047, 'lag_27': 0.8921617009221424, 'lag_28': 0.31319941157185965}. Best is trial 3 with value: 0.003896264794124915.
[I 2025-09-29 13:23:08,396] Trial 20 finished with value: 0.005688666785876092 and parameters: {'lag_0': 0.6579270794474998, 'lag_1': 0.9994335365900762, 'lag_2': 0.006765690411318026, 'lag_3': 0.14702107659758268, 'lag_4': 0.6593091962930602, 'lag_5': 0.5825121531450657, 'lag_6': 0.002153152977089068, 'lag_7': 0.463986794576315, 'lag_8': 0.5043724182190766, 'lag_9': 0.7273922606572334, 'lag_10': 0.1223308738193305, 'lag_11': 0.6621530163133675, 'lag_12': 0.5614846435229902, 'lag_13': 0.10736933372946258, 'lag_14': 0.2006008530137631, 'lag_15': 0.329929544847495, 'lag_16': 0.7848713038035343, 'lag_17': 0.18109923524218446, 'lag_18': 0.3629126900147558, 'lag_19': 0.4051734272747456, 'lag_20': 0.4200599365614939, 'lag_21': 0.21865718114969795, 'lag_22': 0.7821516565825971, 'lag_23': 0.33325565156340087, 'lag_24': 0.0390878723112776, 'lag_25': 0.25961856549706364, 'lag_26': 0.5638086175412873, 'lag_27': 0.7255803503994387, 'lag_28': 0.4653525910192732}. Best is trial 3 with value: 0.003896264794124915.
[I 2025-09-29 13:23:10,885] Trial 21 finished with value: 0.005734512776127667 and parameters: {'lag_0': 0.9035123466917854, 'lag_1': 0.016416824006642027, 'lag_2': 0.6968336838855761, 'lag_3': 0.11806342285506083, 'lag_4': 0.41753996686318123, 'lag_5': 0.9706541062467718, 'lag_6': 0.6358542378798759, 'lag_7': 0.08083088634926583, 'lag_8': 0.625945567250604, 'lag_9': 0.4850758986595619, 'lag_10': 0.21131757365035803, 'lag_11': 0.6557255203163175, 'lag_12': 0.6571958654255712, 'lag_13': 0.6464022968089075, 'lag_14': 0.9873439294325137, 'lag_15': 0.9846361456545798, 'lag_16': 0.9597775206935257, 'lag_17': 0.7031292715839238, 'lag_18': 0.8668848009417219, 'lag_19': 0.06328640776292549, 'lag_20': 0.0030467712506808686, 'lag_21': 0.5663251628891574, 'lag_22': 0.699102257075761, 'lag_23': 0.9219120856246392, 'lag_24': 0.7167663823114959, 'lag_25': 0.6795159549281791, 'lag_26': 0.19384899295773528, 'lag_27': 0.6345820980671525, 'lag_28': 0.004849193530456208}. Best is trial 3 with value: 0.003896264794124915.
[I 2025-09-29 13:23:13,371] Trial 22 finished with value: 0.005481833256636023 and parameters: {'lag_0': 0.5592402356775092, 'lag_1': 0.2955709217405654, 'lag_2': 0.7347841020389084, 'lag_3': 0.022974441891070896, 'lag_4': 0.2061740384465737, 'lag_5': 0.8055073938318955, 'lag_6': 0.7651093633522079, 'lag_7': 0.02534704645584479, 'lag_8': 0.599321379007331, 'lag_9': 0.3687587759933786, 'lag_10': 0.09438357657754438, 'lag_11': 0.6823513127533215, 'lag_12': 0.8225206120125355, 'lag_13': 0.5963931602374444, 'lag_14': 0.5991560423036003, 'lag_15': 0.8356908827643578, 'lag_16': 0.6703460257688566, 'lag_17': 0.7483286337720325, 'lag_18': 0.4450608468382703, 'lag_19': 0.15592714477993364, 'lag_20': 0.2436677803169887, 'lag_21': 0.4129722614545061, 'lag_22': 0.892044856738546, 'lag_23': 0.7106910114099565, 'lag_24': 0.7037479814691816, 'lag_25': 0.6012358546690758, 'lag_26': 0.3036251277445271, 'lag_27': 0.42203100695940543, 'lag_28': 0.06549965544094247}. Best is trial 3 with value: 0.003896264794124915.
[I 2025-09-29 13:23:15,841] Trial 23 finished with value: 0.0058835427152306875 and parameters: {'lag_0': 0.7402761108802631, 'lag_1': 0.023218724579038563, 'lag_2': 0.6132488750057415, 'lag_3': 0.1016279370426672, 'lag_4': 0.3713237672988437, 'lag_5': 0.608524931128705, 'lag_6': 0.4727129838531875, 'lag_7': 0.6486853966941725, 'lag_8': 0.7622838507480489, 'lag_9': 0.5633482920062686, 'lag_10': 0.4285562685993714, 'lag_11': 0.4320077946122166, 'lag_12': 0.73613560780191, 'lag_13': 0.7543587051644789, 'lag_14': 0.8253357177701968, 'lag_15': 0.6207284395328252, 'lag_16': 0.8608600804065979, 'lag_17': 0.8787733945972275, 'lag_18': 0.14675012695822948, 'lag_19': 0.7451510360901504, 'lag_20': 0.1373897710250483, 'lag_21': 0.5320640533385018, 'lag_22': 0.6899213227291843, 'lag_23': 0.5651130772575154, 'lag_24': 0.5193485337856434, 'lag_25': 0.9398297784084432, 'lag_26': 0.09705497673813293, 'lag_27': 0.7159351564239349, 'lag_28': 0.1908444650846367}. Best is trial 3 with value: 0.003896264794124915.
[I 2025-09-29 13:23:18,323] Trial 24 finished with value: 0.005856894849564849 and parameters: {'lag_0': 0.9007450629229422, 'lag_1': 0.16161640224536122, 'lag_2': 0.4085845095584058, 'lag_3': 0.2747222589685775, 'lag_4': 0.10089840663398321, 'lag_5': 0.1790232791137745, 'lag_6': 0.0977047465684176, 'lag_7': 0.927238416381492, 'lag_8': 0.38893828812431186, 'lag_9': 0.6984406535326333, 'lag_10': 0.2960794712745929, 'lag_11': 0.8594610002640407, 'lag_12': 0.9854107228207151, 'lag_13': 0.43216207547759433, 'lag_14': 0.38541254848632445, 'lag_15': 0.8154942411663314, 'lag_16': 0.9820224949293065, 'lag_17': 0.7987603138434696, 'lag_18': 0.25539831652835937, 'lag_19': 0.022527986620948293, 'lag_20': 0.20460844173782106, 'lag_21': 0.6700874667109241, 'lag_22': 0.8011704034554615, 'lag_23': 0.5080021468675381, 'lag_24': 0.8121501026881909, 'lag_25': 0.40032495201132545, 'lag_26': 0.2178560108412967, 'lag_27': 0.9302314737723711, 'lag_28': 0.023155244996608756}. Best is trial 3 with value: 0.003896264794124915.
