2025-09-29 12:50:16,003 - distributed.nanny - INFO -         Start Nanny at: 'tcp://192.168.86.108:36296'
2025-09-29 12:50:17,318 - distributed.worker - INFO -       Start worker at: tcp://192.168.86.108:43694
2025-09-29 12:50:17,318 - distributed.worker - INFO -          Listening to: tcp://192.168.86.108:43694
2025-09-29 12:50:17,319 - distributed.worker - INFO -           Worker name:            SLURMCluster-10
2025-09-29 12:50:17,319 - distributed.worker - INFO -          dashboard at:       192.168.86.108:41235
2025-09-29 12:50:17,319 - distributed.worker - INFO - Waiting to connect to: tcp://192.168.86.101:39990
2025-09-29 12:50:17,319 - distributed.worker - INFO - -------------------------------------------------
2025-09-29 12:50:17,319 - distributed.worker - INFO -               Threads:                          1
2025-09-29 12:50:17,319 - distributed.worker - INFO -                Memory:                   9.31 GiB
2025-09-29 12:50:17,319 - distributed.worker - INFO -       Local Directory: /home1/zrentala/dask-worker-space/dask-scratch-space/worker-37ma9ydx
2025-09-29 12:50:17,319 - distributed.worker - INFO - -------------------------------------------------
2025-09-29 12:50:17,609 - distributed.worker - INFO - Starting Worker plugin shuffle
2025-09-29 12:50:17,609 - distributed.worker - INFO -         Registered to: tcp://192.168.86.101:39990
2025-09-29 12:50:17,609 - distributed.worker - INFO - -------------------------------------------------
2025-09-29 12:50:17,610 - distributed.core - INFO - Starting established connection to tcp://192.168.86.101:39990
[I 2025-09-29 12:50:17,685] A new study created in memory with name: no-name-cf2effcf-6519-4795-9a81-60469c142482
[I 2025-09-29 12:50:20,080] Trial 0 finished with value: 0.002333974007704667 and parameters: {'lag_0': 0.7900555237352779, 'lag_1': 0.6964980077809156, 'lag_2': 0.1883498567104646, 'lag_3': 0.9842563680583601, 'lag_4': 0.163491427394076, 'lag_5': 0.4390504965562185, 'lag_6': 0.18977205492857227, 'lag_7': 0.2826117867486929, 'lag_8': 0.4118090849877635, 'lag_9': 0.5423807674955999, 'lag_10': 0.15218708565852163, 'lag_11': 0.8605866717287003, 'lag_12': 0.6905496221052786, 'lag_13': 0.9852527476590607, 'lag_14': 0.2153169354598966, 'lag_15': 0.4880857747564609, 'lag_16': 0.12068392278741197, 'lag_17': 0.8747793848028199, 'lag_18': 0.8728238400922002, 'lag_19': 0.5392106932453544, 'lag_20': 0.7686192663258725, 'lag_21': 0.7855211956672952, 'lag_22': 0.4623397021084329, 'lag_23': 0.05653979617603385, 'lag_24': 0.15714486080574477, 'lag_25': 0.7606157457471683, 'lag_26': 0.10977859243317468, 'lag_27': 0.12386005784980808, 'lag_28': 0.09115804749538296}. Best is trial 0 with value: 0.002333974007704667.
[I 2025-09-29 12:50:22,438] Trial 1 finished with value: 0.0024613261598316867 and parameters: {'lag_0': 0.8073578082867521, 'lag_1': 0.734749679663307, 'lag_2': 0.6325695768230681, 'lag_3': 0.777857333319259, 'lag_4': 0.3422440615300282, 'lag_5': 0.20503286525921927, 'lag_6': 0.3798245490892147, 'lag_7': 0.9392856647372219, 'lag_8': 0.8109076649191101, 'lag_9': 0.041013936454018594, 'lag_10': 0.740863124215684, 'lag_11': 0.4656615666501336, 'lag_12': 0.19426281645026838, 'lag_13': 0.5026670396905819, 'lag_14': 0.6239097953457547, 'lag_15': 0.17609978411391786, 'lag_16': 0.4410819362494065, 'lag_17': 0.8937952449605732, 'lag_18': 0.002790940673588433, 'lag_19': 0.8346897481250595, 'lag_20': 0.29794170353297744, 'lag_21': 0.2174994522499297, 'lag_22': 0.65037613248681, 'lag_23': 0.97358657174862, 'lag_24': 0.03946176728574653, 'lag_25': 0.6537006730857124, 'lag_26': 0.030013722906612306, 'lag_27': 0.6092915451341048, 'lag_28': 0.15727360358791945}. Best is trial 0 with value: 0.002333974007704667.
[I 2025-09-29 12:50:24,804] Trial 2 finished with value: 0.0022811642109788277 and parameters: {'lag_0': 0.24457180670748313, 'lag_1': 0.6155780399975406, 'lag_2': 0.13172811259610326, 'lag_3': 0.020482992152804115, 'lag_4': 0.7182656260941823, 'lag_5': 0.6813580256113126, 'lag_6': 0.8776050750273122, 'lag_7': 0.16454428413060634, 'lag_8': 0.8872907596839068, 'lag_9': 0.28040861968232683, 'lag_10': 0.7689180924717245, 'lag_11': 0.18525222824454612, 'lag_12': 0.544626482664125, 'lag_13': 0.9035269092993755, 'lag_14': 0.29114018573952566, 'lag_15': 0.06084887648965652, 'lag_16': 0.07257177772527568, 'lag_17': 0.33239491975853286, 'lag_18': 0.060608770953160356, 'lag_19': 0.030561874563030042, 'lag_20': 0.1444114362608958, 'lag_21': 0.05478367180518358, 'lag_22': 0.8488737072872616, 'lag_23': 0.8128364493691375, 'lag_24': 0.896560639729362, 'lag_25': 0.5032042714722311, 'lag_26': 0.8424925980206417, 'lag_27': 0.4599975580505483, 'lag_28': 0.15430291450302763}. Best is trial 2 with value: 0.0022811642109788277.
[I 2025-09-29 12:50:27,156] Trial 3 finished with value: 0.0026741076402833517 and parameters: {'lag_0': 0.48534069751742814, 'lag_1': 0.34974526378050264, 'lag_2': 0.6718928020540116, 'lag_3': 0.8333486814211568, 'lag_4': 0.861599174249629, 'lag_5': 0.3658835813163558, 'lag_6': 0.7495422617346438, 'lag_7': 0.2768194663699646, 'lag_8': 0.5372607761230449, 'lag_9': 0.6062207303824324, 'lag_10': 0.6540975419822282, 'lag_11': 0.24204296738287537, 'lag_12': 0.3569907030395164, 'lag_13': 0.7000739692809027, 'lag_14': 0.8960650330499723, 'lag_15': 0.7104391634194427, 'lag_16': 0.7073310834678502, 'lag_17': 0.21088680961543627, 'lag_18': 0.5784787259340612, 'lag_19': 0.4540871372194208, 'lag_20': 0.6820202988360404, 'lag_21': 0.9531453040795794, 'lag_22': 0.951401120729639, 'lag_23': 0.12215174336212263, 'lag_24': 0.9933140645337103, 'lag_25': 0.08666616307737594, 'lag_26': 0.11619842764545589, 'lag_27': 0.6436901653448297, 'lag_28': 0.06080496488597652}. Best is trial 2 with value: 0.0022811642109788277.
[I 2025-09-29 12:50:29,506] Trial 4 finished with value: 0.002536756851176561 and parameters: {'lag_0': 0.5269955094937698, 'lag_1': 0.2080638571864502, 'lag_2': 0.12282123781075172, 'lag_3': 0.47593074454093565, 'lag_4': 0.3423294799575906, 'lag_5': 0.003930403300514847, 'lag_6': 0.5620554371262956, 'lag_7': 0.9499190554184013, 'lag_8': 0.7525988382870911, 'lag_9': 0.2012594568989129, 'lag_10': 0.1268983273785436, 'lag_11': 0.8440872699046471, 'lag_12': 0.8835419246909817, 'lag_13': 0.1848815506201573, 'lag_14': 0.668437017031566, 'lag_15': 0.5771037109428964, 'lag_16': 0.5262124712400246, 'lag_17': 0.6781078116220365, 'lag_18': 0.39385994065006524, 'lag_19': 0.9256297421655352, 'lag_20': 0.779131118750019, 'lag_21': 0.5482733457511848, 'lag_22': 0.9865657777215247, 'lag_23': 0.14210038723703378, 'lag_24': 0.9200037005494166, 'lag_25': 0.5411341397384478, 'lag_26': 0.8373464886897203, 'lag_27': 0.9644409219880595, 'lag_28': 0.3198988910050022}. Best is trial 2 with value: 0.0022811642109788277.
[I 2025-09-29 12:50:31,865] Trial 5 finished with value: 0.0025355669077749892 and parameters: {'lag_0': 0.9815108496276818, 'lag_1': 0.9171255531588192, 'lag_2': 0.5704963784695967, 'lag_3': 0.48330376247694184, 'lag_4': 0.5183606874302811, 'lag_5': 0.5721247800775933, 'lag_6': 0.25004911201581015, 'lag_7': 0.09010028383894096, 'lag_8': 0.47070310226575174, 'lag_9': 0.8818884471057148, 'lag_10': 0.5053662563064638, 'lag_11': 0.8308988599563466, 'lag_12': 0.8894895660707232, 'lag_13': 0.8739090613306445, 'lag_14': 0.4609669237630551, 'lag_15': 0.12039411672281976, 'lag_16': 0.64231123511586, 'lag_17': 0.27695653705670387, 'lag_18': 0.788365384219728, 'lag_19': 0.8496216399533365, 'lag_20': 0.7821248501563811, 'lag_21': 0.5415176274128137, 'lag_22': 0.5921233168467659, 'lag_23': 0.6987428124790731, 'lag_24': 0.8055219443082449, 'lag_25': 0.6480761935461542, 'lag_26': 0.6666311077273427, 'lag_27': 0.46739137630220357, 'lag_28': 0.26658220354728096}. Best is trial 2 with value: 0.0022811642109788277.
[I 2025-09-29 12:50:34,209] Trial 6 finished with value: 0.0024817023599075895 and parameters: {'lag_0': 0.4166150314836937, 'lag_1': 0.8374704291335238, 'lag_2': 0.8149528820299943, 'lag_3': 0.3281379773089465, 'lag_4': 0.11910089746702693, 'lag_5': 0.6557831358420435, 'lag_6': 0.11998137149370584, 'lag_7': 0.5434663616004258, 'lag_8': 0.6782020603750113, 'lag_9': 0.11765518825599167, 'lag_10': 0.6076958408382912, 'lag_11': 0.8676557474837274, 'lag_12': 0.11980398704452522, 'lag_13': 0.7208296364955541, 'lag_14': 0.21259883350385925, 'lag_15': 0.32970349453293796, 'lag_16': 0.623766772149761, 'lag_17': 0.481336842153011, 'lag_18': 0.8311329096249629, 'lag_19': 0.6301075511310322, 'lag_20': 0.02061500894850388, 'lag_21': 0.1432786126617314, 'lag_22': 0.5646102016766457, 'lag_23': 0.09077308851762823, 'lag_24': 0.4379210468880219, 'lag_25': 0.1967005779514508, 'lag_26': 0.8563353254100701, 'lag_27': 0.49807321068654986, 'lag_28': 0.46559813732905725}. Best is trial 2 with value: 0.0022811642109788277.
[I 2025-09-29 12:50:36,549] Trial 7 finished with value: 0.0025033897505224527 and parameters: {'lag_0': 0.4021644822699393, 'lag_1': 0.38896613860073, 'lag_2': 0.5579624443057032, 'lag_3': 0.2989235080827456, 'lag_4': 0.7901535718076954, 'lag_5': 0.4529859330191508, 'lag_6': 0.3627371827438482, 'lag_7': 0.4734941430645594, 'lag_8': 0.9212694745517289, 'lag_9': 0.6738826859480858, 'lag_10': 0.17073930177299637, 'lag_11': 0.01293716430107725, 'lag_12': 0.3043954283393013, 'lag_13': 0.12382731751216709, 'lag_14': 0.33479996083572855, 'lag_15': 0.5448368256124296, 'lag_16': 0.3675392830960949, 'lag_17': 0.3695999346499245, 'lag_18': 0.1253637807704383, 'lag_19': 0.9129187491197925, 'lag_20': 0.15074153256065642, 'lag_21': 0.2800944451558919, 'lag_22': 0.019428343219875008, 'lag_23': 0.9541129476965274, 'lag_24': 0.889125263316378, 'lag_25': 0.5909969265832492, 'lag_26': 0.3917012594120895, 'lag_27': 0.8064047963827575, 'lag_28': 0.24982912836590873}. Best is trial 2 with value: 0.0022811642109788277.
[I 2025-09-29 12:50:38,898] Trial 8 finished with value: 0.0025948601069628345 and parameters: {'lag_0': 0.28563152785048174, 'lag_1': 0.22905662269588362, 'lag_2': 0.6406430282197941, 'lag_3': 0.34396731412011616, 'lag_4': 0.7746559754726811, 'lag_5': 0.4105448693455282, 'lag_6': 0.7258756932648317, 'lag_7': 0.948371239324754, 'lag_8': 0.6909865403872977, 'lag_9': 0.40769718460713456, 'lag_10': 0.9994384633021353, 'lag_11': 0.24287465247944579, 'lag_12': 0.3490510642479645, 'lag_13': 0.3079394412040915, 'lag_14': 0.354328047698633, 'lag_15': 0.3314918555247728, 'lag_16': 0.712075391821251, 'lag_17': 0.8784254106339379, 'lag_18': 0.20616733754252212, 'lag_19': 0.35582278886465435, 'lag_20': 0.45667761156693226, 'lag_21': 0.5025475829027038, 'lag_22': 0.22184207086991628, 'lag_23': 0.5504219028946409, 'lag_24': 0.15602276066191, 'lag_25': 0.4008044556992859, 'lag_26': 0.8320140631273468, 'lag_27': 0.1794969100722958, 'lag_28': 0.9381910927478179}. Best is trial 2 with value: 0.0022811642109788277.
[I 2025-09-29 12:50:41,256] Trial 9 finished with value: 0.0024360510735353808 and parameters: {'lag_0': 0.1733978711359337, 'lag_1': 0.49409163386474986, 'lag_2': 0.8588071964986891, 'lag_3': 0.9724128347118087, 'lag_4': 0.7267339962002685, 'lag_5': 0.47248461135629644, 'lag_6': 0.17262517785000328, 'lag_7': 0.9760030547659636, 'lag_8': 0.5270671008532538, 'lag_9': 0.5819701558178649, 'lag_10': 0.45637648426146304, 'lag_11': 0.36275159215438796, 'lag_12': 0.4044324953541829, 'lag_13': 0.03242588330185692, 'lag_14': 0.9726369895212938, 'lag_15': 0.5162744877798541, 'lag_16': 0.538834875020418, 'lag_17': 0.84263668289829, 'lag_18': 0.5334876898247053, 'lag_19': 0.696814438120037, 'lag_20': 0.0002673575825390987, 'lag_21': 0.09746618876268012, 'lag_22': 0.9358100473763431, 'lag_23': 0.5311476720094468, 'lag_24': 0.14743808570167963, 'lag_25': 0.7029872240718056, 'lag_26': 0.5634552341918623, 'lag_27': 0.9076850308556191, 'lag_28': 0.3083438729296355}. Best is trial 2 with value: 0.0022811642109788277.
[I 2025-09-29 12:50:43,670] Trial 10 finished with value: 0.0025630647267971766 and parameters: {'lag_0': 0.03811301285295193, 'lag_1': 0.022929530288621103, 'lag_2': 0.27535896914093894, 'lag_3': 0.007856077732360578, 'lag_4': 0.5817485507984853, 'lag_5': 0.9344105541032057, 'lag_6': 0.9772211666706029, 'lag_7': 0.044018049408828586, 'lag_8': 0.045286025347494485, 'lag_9': 0.2984434339256427, 'lag_10': 0.9313008577193995, 'lag_11': 0.00819990470993065, 'lag_12': 0.5657120054532374, 'lag_13': 0.5174729239856168, 'lag_14': 0.0033530393663596114, 'lag_15': 0.9801594058768854, 'lag_16': 0.964993852838864, 'lag_17': 0.028799115417666332, 'lag_18': 0.3282412803848594, 'lag_19': 0.00922022910526617, 'lag_20': 0.9684295471863966, 'lag_21': 0.010574045494982177, 'lag_22': 0.7920846911760595, 'lag_23': 0.7576609025535909, 'lag_24': 0.6740689506424282, 'lag_25': 0.9626379516942374, 'lag_26': 0.9895933670180558, 'lag_27': 0.3228919556463284, 'lag_28': 0.7392430961046113}. Best is trial 2 with value: 0.0022811642109788277.
[I 2025-09-29 12:50:46,073] Trial 11 finished with value: 0.002685312289188577 and parameters: {'lag_0': 0.6887551079612353, 'lag_1': 0.7264834238763593, 'lag_2': 0.2992747401390238, 'lag_3': 0.036230680540635996, 'lag_4': 0.06121737564660451, 'lag_5': 0.7527383638317975, 'lag_6': 0.02537036818211416, 'lag_7': 0.28199053612145897, 'lag_8': 0.22472193001540125, 'lag_9': 0.3640876120568006, 'lag_10': 0.2941543194319852, 'lag_11': 0.5935512207195811, 'lag_12': 0.6353367288355483, 'lag_13': 0.9507692769341923, 'lag_14': 0.10699280740572768, 'lag_15': 0.8414128381627805, 'lag_16': 0.018965998587415905, 'lag_17': 0.5752927191579916, 'lag_18': 0.9712572180783692, 'lag_19': 0.15271749934395862, 'lag_20': 0.5619213486951253, 'lag_21': 0.8428280411164043, 'lag_22': 0.3386245361130113, 'lag_23': 0.2987185617697559, 'lag_24': 0.4013869180893906, 'lag_25': 0.8957476466571516, 'lag_26': 0.27150960103695165, 'lag_27': 0.06612962376869874, 'lag_28': 0.010182683765364409}. Best is trial 2 with value: 0.0022811642109788277.
[I 2025-09-29 12:50:48,572] Trial 12 finished with value: 0.0027614224497977654 and parameters: {'lag_0': 0.6749240173804668, 'lag_1': 0.6325021385921236, 'lag_2': 0.011391585974894328, 'lag_3': 0.6759042280138595, 'lag_4': 0.287128793169357, 'lag_5': 0.8456175161464153, 'lag_6': 0.9585291129017184, 'lag_7': 0.24684765066037084, 'lag_8': 0.3522250396876595, 'lag_9': 0.7835203005997984, 'lag_10': 0.8189681515519998, 'lag_11': 0.6643560508967886, 'lag_12': 0.7026720578707149, 'lag_13': 0.9729158191737813, 'lag_14': 0.20862180834008498, 'lag_15': 0.013026791379698525, 'lag_16': 0.005713350979521151, 'lag_17': 0.6888897249712811, 'lag_18': 0.7039551526580359, 'lag_19': 0.27037554997692165, 'lag_20': 0.3672552620238734, 'lag_21': 0.7363300593799145, 'lag_22': 0.36509300752497925, 'lag_23': 0.3271316888263357, 'lag_24': 0.5842625905123664, 'lag_25': 0.29291556522000506, 'lag_26': 0.2542673975083125, 'lag_27': 0.28243617903409834, 'lag_28': 0.5283695488323898}. Best is trial 2 with value: 0.0022811642109788277.
[I 2025-09-29 12:50:50,987] Trial 13 finished with value: 0.0026915565752192293 and parameters: {'lag_0': 0.9407676943695202, 'lag_1': 0.5972190129681165, 'lag_2': 0.3430069706432261, 'lag_3': 0.15162526277000704, 'lag_4': 0.9818438376423569, 'lag_5': 0.21077856958138122, 'lag_6': 0.6247978738956905, 'lag_7': 0.4801594263560203, 'lag_8': 0.9959889976813894, 'lag_9': 0.4446148816449607, 'lag_10': 0.019174086176022342, 'lag_11': 0.6885558312858607, 'lag_12': 0.7392409309071377, 'lag_13': 0.7849143498587977, 'lag_14': 0.30848115959786726, 'lag_15': 0.34155305920815643, 'lag_16': 0.20147897160859357, 'lag_17': 0.989978031376111, 'lag_18': 0.9524418417540265, 'lag_19': 0.558428662502443, 'lag_20': 0.9711631058967991, 'lag_21': 0.3625919978181923, 'lag_22': 0.723080458818139, 'lag_23': 0.7845186611478059, 'lag_24': 0.33926463929651285, 'lag_25': 0.8068856634183085, 'lag_26': 0.6227952448368957, 'lag_27': 0.028411890072228385, 'lag_28': 0.43782016214949043}. Best is trial 2 with value: 0.0022811642109788277.
[I 2025-09-29 12:50:53,394] Trial 14 finished with value: 0.0023955858220657857 and parameters: {'lag_0': 0.2032612600213417, 'lag_1': 0.9962021793133367, 'lag_2': 0.1502701941901055, 'lag_3': 0.9981449030673057, 'lag_4': 0.614773985521906, 'lag_5': 0.6656663675236411, 'lag_6': 0.42087751692832587, 'lag_7': 0.15529760889280583, 'lag_8': 0.22977216121091948, 'lag_9': 0.2667135041072907, 'lag_10': 0.3521857457534116, 'lag_11': 0.9612291586228652, 'lag_12': 0.4940137624614653, 'lag_13': 0.6242180917840117, 'lag_14': 0.534055738361463, 'lag_15': 0.7337057813960453, 'lag_16': 0.22853322539895055, 'lag_17': 0.13765912235056968, 'lag_18': 0.6599007832281794, 'lag_19': 0.18398236971809462, 'lag_20': 0.22799770204069142, 'lag_21': 0.7386954624452362, 'lag_22': 0.47409565871599846, 'lag_23': 0.3222314893229077, 'lag_24': 0.6888365112908588, 'lag_25': 0.4317302073584307, 'lag_26': 0.42369873403490405, 'lag_27': 0.3427708087587517, 'lag_28': 0.1153958295079835}. Best is trial 2 with value: 0.0022811642109788277.
[I 2025-09-29 12:50:55,805] Trial 15 finished with value: 0.002401157867584279 and parameters: {'lag_0': 0.7067615484110522, 'lag_1': 0.5364560830189409, 'lag_2': 0.40704475527553585, 'lag_3': 0.6400429082509751, 'lag_4': 0.22548639826319133, 'lag_5': 0.2766432900145193, 'lag_6': 0.8348887424808046, 'lag_7': 0.6695789910079644, 'lag_8': 0.3962117289479336, 'lag_9': 0.5253404408636538, 'lag_10': 0.85673026943981, 'lag_11': 0.1791786752505774, 'lag_12': 0.7834558657980062, 'lag_13': 0.8475883399594822, 'lag_14': 0.1362382939066989, 'lag_15': 0.22714615273378652, 'lag_16': 0.18017905441012894, 'lag_17': 0.41312253392173914, 'lag_18': 0.4105422833651934, 'lag_19': 0.4101046327806396, 'lag_20': 0.614519492582063, 'lag_21': 0.7168838550290183, 'lag_22': 0.8147583906801428, 'lag_23': 0.6395765669193517, 'lag_24': 0.23950411352329465, 'lag_25': 0.7685093441954196, 'lag_26': 0.2085592674159542, 'lag_27': 0.16835638887958249, 'lag_28': 0.6349833491561014}. Best is trial 2 with value: 0.0022811642109788277.
[I 2025-09-29 12:50:58,222] Trial 16 finished with value: 0.0022807653243317 and parameters: {'lag_0': 0.0502779356805631, 'lag_1': 0.760451580115732, 'lag_2': 0.16118633411969552, 'lag_3': 0.18572154550546427, 'lag_4': 0.46941612330261956, 'lag_5': 0.5899794262912834, 'lag_6': 0.26480349822483085, 'lag_7': 0.3747770197944035, 'lag_8': 0.6096192261562936, 'lag_9': 0.7010553813492428, 'lag_10': 0.29368007441800453, 'lag_11': 0.4443235375500216, 'lag_12': 0.5096193796655625, 'lag_13': 0.9965984100455334, 'lag_14': 0.4305650070308552, 'lag_15': 0.009479944853495736, 'lag_16': 0.10028121000346682, 'lag_17': 0.636598118471659, 'lag_18': 0.24260077738693556, 'lag_19': 0.013281106279615151, 'lag_20': 0.43407884679094555, 'lag_21': 0.9943508695453909, 'lag_22': 0.43557899412344814, 'lag_23': 0.018046679611342063, 'lag_24': 0.5529560422626921, 'lag_25': 0.46587994438154184, 'lag_26': 0.7448971433761045, 'lag_27': 0.7004751024995022, 'lag_28': 0.19009267994353773}. Best is trial 16 with value: 0.0022807653243317.
[I 2025-09-29 12:51:00,627] Trial 17 finished with value: 0.0025042487975275294 and parameters: {'lag_0': 0.017814585757509792, 'lag_1': 0.7925133402440063, 'lag_2': 0.008522448678722136, 'lag_3': 0.1679763674503137, 'lag_4': 0.4600345580470686, 'lag_5': 0.7913579872952866, 'lag_6': 0.29466960084548205, 'lag_7': 0.4227464336434967, 'lag_8': 0.8882301143468551, 'lag_9': 0.9508428631787696, 'lag_10': 0.36460116871586273, 'lag_11': 0.3976766178349795, 'lag_12': 0.004422951654221796, 'lag_13': 0.3574550755634083, 'lag_14': 0.7530368038913522, 'lag_15': 0.004605065620658634, 'lag_16': 0.3317777310632051, 'lag_17': 0.5998031273706406, 'lag_18': 0.005242202963052112, 'lag_19': 0.015449628738468531, 'lag_20': 0.14311405115676928, 'lag_21': 0.39819476355887023, 'lag_22': 0.17386079468097926, 'lag_23': 0.8636106545481687, 'lag_24': 0.7545550797594955, 'lag_25': 0.32971825935064625, 'lag_26': 0.757478719975474, 'lag_27': 0.6866370019081399, 'lag_28': 0.21110262648214398}. Best is trial 16 with value: 0.0022807653243317.
[I 2025-09-29 12:51:03,036] Trial 18 finished with value: 0.002363577174580389 and parameters: {'lag_0': 0.11729760312795297, 'lag_1': 0.4597740535776569, 'lag_2': 0.9740020952998607, 'lag_3': 0.1502868031262256, 'lag_4': 0.6721525152990198, 'lag_5': 0.9858711344562909, 'lag_6': 0.5003075871305609, 'lag_7': 0.67663150187078, 'lag_8': 0.6419050433738962, 'lag_9': 0.70823524281087, 'lag_10': 0.549852512146318, 'lag_11': 0.17399244875453151, 'lag_12': 0.5181754486084056, 'lag_13': 0.6086830869556932, 'lag_14': 0.4635481281913226, 'lag_15': 0.11682923981448254, 'lag_16': 0.1031721248719642, 'lag_17': 0.3479693511006255, 'lag_18': 0.21979201738969234, 'lag_19': 0.17715726356228584, 'lag_20': 0.4419569690036818, 'lag_21': 0.9938060397447814, 'lag_22': 0.36898351336530405, 'lag_23': 0.38544976607407155, 'lag_24': 0.5445401927360323, 'lag_25': 0.49556155794965584, 'lag_26': 0.722104449958408, 'lag_27': 0.7722056234754655, 'lag_28': 0.3824305577558715}. Best is trial 16 with value: 0.0022807653243317.
