[I 2025-09-29 12:54:33,422] Trial 3 finished with value: 0.005645132083399275 and parameters: {'lag_0': 0.6563101843341607, 'lag_1': 0.9225470976520835, 'lag_2': 0.7240907761239135, 'lag_3': 0.3076064680489954, 'lag_4': 0.26041561909082056, 'lag_5': 0.7437839934992361, 'lag_6': 0.34284790561043815, 'lag_7': 0.014434088122873294, 'lag_8': 0.6545490649369631, 'lag_9': 0.36665986586057614, 'lag_10': 0.6204538696825653, 'lag_11': 0.6690487972642719, 'lag_12': 0.5297218809276759, 'lag_13': 0.7385299475297712, 'lag_14': 0.8755632316180125, 'lag_15': 0.44295820366439287, 'lag_16': 0.4068546259434928, 'lag_17': 0.22843061840220363, 'lag_18': 0.5099650996028867, 'lag_19': 0.014337384529111324, 'lag_20': 0.9962850054431186, 'lag_21': 0.9375600508553263, 'lag_22': 0.9303869249697306, 'lag_23': 0.505457543703394, 'lag_24': 0.10659163921264886, 'lag_25': 0.1263627263140375, 'lag_26': 0.3655181398741888, 'lag_27': 0.7891133500894298, 'lag_28': 0.26861765755636324}. Best is trial 0 with value: 0.005638486031872834.
[I 2025-09-29 12:54:36,015] Trial 4 finished with value: 0.005947601148384118 and parameters: {'lag_0': 0.6570240281255223, 'lag_1': 0.12020711340125723, 'lag_2': 0.45910673858059675, 'lag_3': 0.16973906005409187, 'lag_4': 0.4476042266231242, 'lag_5': 0.3694764794654938, 'lag_6': 0.19531962918030113, 'lag_7': 0.7966552230928521, 'lag_8': 0.6165803325879489, 'lag_9': 0.9850231267071224, 'lag_10': 0.06415104129843849, 'lag_11': 0.8456567290503054, 'lag_12': 0.2125973448564826, 'lag_13': 0.5046146554354882, 'lag_14': 0.4201733037280335, 'lag_15': 0.9597960290936818, 'lag_16': 0.10148278483818894, 'lag_17': 0.27131434474018923, 'lag_18': 0.9702569126643038, 'lag_19': 0.8229701294955681, 'lag_20': 0.9382348036283679, 'lag_21': 0.06137778676504756, 'lag_22': 0.4449868124973931, 'lag_23': 0.3879910331700218, 'lag_24': 0.038172374896842595, 'lag_25': 0.8656024302964413, 'lag_26': 0.5869832666617195, 'lag_27': 0.8216770909745773, 'lag_28': 0.566652982465578}. Best is trial 0 with value: 0.005638486031872834.
[I 2025-09-29 12:54:38,485] Trial 5 finished with value: 0.005343174146038766 and parameters: {'lag_0': 0.3032920183558716, 'lag_1': 0.6370397559024971, 'lag_2': 0.5705551052317271, 'lag_3': 0.18856353023994493, 'lag_4': 0.19211585450125013, 'lag_5': 0.42723032599233085, 'lag_6': 0.9797246324483843, 'lag_7': 0.4071595916536637, 'lag_8': 0.42455543060568673, 'lag_9': 0.6360762008359607, 'lag_10': 0.1692310336315273, 'lag_11': 0.16714528676023777, 'lag_12': 0.5630921928705088, 'lag_13': 0.6651787929818558, 'lag_14': 0.13673195825811588, 'lag_15': 0.3161483564026506, 'lag_16': 0.4897075277711382, 'lag_17': 0.888002012559512, 'lag_18': 0.4778707017743618, 'lag_19': 0.1489232917912576, 'lag_20': 0.24129756263097393, 'lag_21': 0.9803372307279303, 'lag_22': 0.9827491251313881, 'lag_23': 0.05737442853257327, 'lag_24': 0.5532957418960234, 'lag_25': 0.23052895183506453, 'lag_26': 0.647556214297067, 'lag_27': 0.17726536295689624, 'lag_28': 0.3748445568404493}. Best is trial 5 with value: 0.005343174146038766.
[I 2025-09-29 12:54:40,958] Trial 6 finished with value: 0.005167101029491813 and parameters: {'lag_0': 0.36840018064389946, 'lag_1': 0.23190761768770593, 'lag_2': 0.7820174312251148, 'lag_3': 0.8197899563988617, 'lag_4': 0.8462308413158318, 'lag_5': 0.013089599656046476, 'lag_6': 0.2188731572775842, 'lag_7': 0.09980622402053933, 'lag_8': 0.6991467821926194, 'lag_9': 0.8909947890677413, 'lag_10': 0.7444551999580548, 'lag_11': 0.6411948430853921, 'lag_12': 0.0542008164314635, 'lag_13': 0.4009957992530407, 'lag_14': 0.4620419242796804, 'lag_15': 0.7006902384034599, 'lag_16': 0.11548154351005414, 'lag_17': 0.5313417597393295, 'lag_18': 0.5265320580057248, 'lag_19': 0.6215350629492358, 'lag_20': 0.8003868044435546, 'lag_21': 0.2519983893772404, 'lag_22': 0.24914339559355456, 'lag_23': 0.5343243673141723, 'lag_24': 0.2802361400264489, 'lag_25': 0.8990080516311055, 'lag_26': 0.2778132078040927, 'lag_27': 0.44342356792453563, 'lag_28': 0.8875049421365302}. Best is trial 6 with value: 0.005167101029491813.
[I 2025-09-29 12:54:43,423] Trial 7 finished with value: 0.0055151243578896005 and parameters: {'lag_0': 0.12003868114394227, 'lag_1': 0.8447343925498559, 'lag_2': 0.715252952357107, 'lag_3': 0.693889777567124, 'lag_4': 0.3443684371014113, 'lag_5': 0.24395253251498944, 'lag_6': 0.38734998440299107, 'lag_7': 0.2882239206149568, 'lag_8': 0.9080007196123535, 'lag_9': 0.17301365176753894, 'lag_10': 0.25306480385703695, 'lag_11': 0.10639117115681053, 'lag_12': 0.5821420267500625, 'lag_13': 0.676926866873395, 'lag_14': 0.8731365773117882, 'lag_15': 0.8424318462250245, 'lag_16': 0.35320548968520804, 'lag_17': 0.8500821496969067, 'lag_18': 0.4166055256171451, 'lag_19': 0.38536684011440053, 'lag_20': 0.9590336471237418, 'lag_21': 0.24080279231276763, 'lag_22': 0.7242268315486998, 'lag_23': 0.8418604767909585, 'lag_24': 0.4702849836344281, 'lag_25': 0.761089752087795, 'lag_26': 0.317438960431291, 'lag_27': 0.8433705631471007, 'lag_28': 0.2619231500179665}. Best is trial 6 with value: 0.005167101029491813.
[I 2025-09-29 12:54:45,881] Trial 8 finished with value: 0.00544245897670097 and parameters: {'lag_0': 0.083133911519949, 'lag_1': 0.25461064033965647, 'lag_2': 0.7901339835810715, 'lag_3': 0.5196794724778004, 'lag_4': 0.73264035328123, 'lag_5': 0.8502338700649854, 'lag_6': 0.7609171714409833, 'lag_7': 0.023779527437706387, 'lag_8': 0.4572061692385098, 'lag_9': 0.9641823113451851, 'lag_10': 0.051604825132998314, 'lag_11': 0.23715781321573196, 'lag_12': 0.38772248316758307, 'lag_13': 0.9402832344104248, 'lag_14': 0.7991709029864129, 'lag_15': 0.2758001912890241, 'lag_16': 0.06616518827243306, 'lag_17': 0.9769715140533055, 'lag_18': 0.859063089354569, 'lag_19': 0.35208451985606465, 'lag_20': 0.1952087736803407, 'lag_21': 0.7886633778513872, 'lag_22': 0.8789226791994263, 'lag_23': 0.1845394416331803, 'lag_24': 0.4127669406608669, 'lag_25': 0.07822320769203776, 'lag_26': 0.6090135048432639, 'lag_27': 0.980992065440266, 'lag_28': 0.44193584325183755}. Best is trial 6 with value: 0.005167101029491813.
[I 2025-09-29 12:54:48,344] Trial 9 finished with value: 0.005947566042010107 and parameters: {'lag_0': 0.6202031482245837, 'lag_1': 0.2208877522296363, 'lag_2': 0.028672199474906172, 'lag_3': 0.4464010386363546, 'lag_4': 0.3677387187257738, 'lag_5': 0.3050006713738897, 'lag_6': 0.44502712441747844, 'lag_7': 0.2505810621531824, 'lag_8': 0.4509320798945059, 'lag_9': 0.759603497430077, 'lag_10': 0.47945695171224645, 'lag_11': 0.2003160948948105, 'lag_12': 0.8726650516998339, 'lag_13': 0.15831084105636756, 'lag_14': 0.9629274527718247, 'lag_15': 0.2967395203685601, 'lag_16': 0.6560407150231429, 'lag_17': 0.021793741049230986, 'lag_18': 0.4488876380542797, 'lag_19': 0.09110989097808288, 'lag_20': 0.20012827665591237, 'lag_21': 0.4714474916732568, 'lag_22': 0.5755453929128521, 'lag_23': 0.5786907190702351, 'lag_24': 0.7701941452168689, 'lag_25': 0.4709282942557024, 'lag_26': 0.28901495507480773, 'lag_27': 0.9301139829293408, 'lag_28': 0.4645459777379656}. Best is trial 6 with value: 0.005167101029491813.
[I 2025-09-29 12:54:50,863] Trial 10 finished with value: 0.011224576545190917 and parameters: {'lag_0': 0.9607611785022468, 'lag_1': 0.31396105502124494, 'lag_2': 0.9712089984782772, 'lag_3': 0.9537476493545722, 'lag_4': 0.9798288858382579, 'lag_5': 0.02169474496702954, 'lag_6': 0.6374894697227182, 'lag_7': 0.6965622751871985, 'lag_8': 0.9631132748964408, 'lag_9': 0.416244908873043, 'lag_10': 0.9507911063176026, 'lag_11': 0.4493064321119302, 'lag_12': 0.029140508194322734, 'lag_13': 0.1976332188755801, 'lag_14': 0.6009393361361519, 'lag_15': 0.6459419514469553, 'lag_16': 0.23961115371656316, 'lag_17': 0.6041958609075037, 'lag_18': 0.21314588467601353, 'lag_19': 0.667027906399683, 'lag_20': 0.6215111812596651, 'lag_21': 0.533229943229754, 'lag_22': 0.2597244557459156, 'lag_23': 0.963871202071366, 'lag_24': 0.23381884904509992, 'lag_25': 0.9931324570876536, 'lag_26': 0.9326430115752888, 'lag_27': 0.45834487867727486, 'lag_28': 0.6888915605322418}. Best is trial 6 with value: 0.005167101029491813.
[I 2025-09-29 12:54:53,378] Trial 11 finished with value: 0.005334319147420691 and parameters: {'lag_0': 0.3647026827114187, 'lag_1': 0.7100106997947692, 'lag_2': 0.45222219126251295, 'lag_3': 0.9485460583134174, 'lag_4': 0.6792415843061506, 'lag_5': 0.6009865307298068, 'lag_6': 0.999946551778584, 'lag_7': 0.5630204077085956, 'lag_8': 0.2982088416843602, 'lag_9': 0.7785019201898051, 'lag_10': 0.3950860602195204, 'lag_11': 0.42103874733579827, 'lag_12': 0.7002148547138575, 'lag_13': 0.32855660250647184, 'lag_14': 0.07101376534403608, 'lag_15': 0.5748238985458431, 'lag_16': 0.5893475987901021, 'lag_17': 0.6614574849727798, 'lag_18': 0.6554481499253895, 'lag_19': 0.6294829305369823, 'lag_20': 0.4413691172156542, 'lag_21': 0.25099431462220695, 'lag_22': 0.2642760518934967, 'lag_23': 0.3277357079727725, 'lag_24': 0.2690988436389287, 'lag_25': 0.31516915881526875, 'lag_26': 0.8560577243339006, 'lag_27': 0.14031135760122176, 'lag_28': 0.694845071586982}. Best is trial 6 with value: 0.005167101029491813.
[I 2025-09-29 12:54:55,879] Trial 12 finished with value: 0.00553704852843386 and parameters: {'lag_0': 0.38873412372776484, 'lag_1': 0.730604629893496, 'lag_2': 0.39592868366363154, 'lag_3': 0.9900964268861953, 'lag_4': 0.6785319551616897, 'lag_5': 0.6301153660291613, 'lag_6': 0.013307972311063648, 'lag_7': 0.6174961065621866, 'lag_8': 0.26592438981904354, 'lag_9': 0.8723425606280568, 'lag_10': 0.43749689996087016, 'lag_11': 0.45913681003095014, 'lag_12': 0.734952803952142, 'lag_13': 0.3419559686676037, 'lag_14': 0.003687005998334547, 'lag_15': 0.6297059224423228, 'lag_16': 0.5898925150640394, 'lag_17': 0.6167784974330329, 'lag_18': 0.6749618682370514, 'lag_19': 0.6459657802790096, 'lag_20': 0.47182502972239754, 'lag_21': 0.2268603359382111, 'lag_22': 0.28482308498176134, 'lag_23': 0.2902656635550735, 'lag_24': 0.2576292240527272, 'lag_25': 0.36034885738588607, 'lag_26': 0.8909001278063794, 'lag_27': 0.004808242901148452, 'lag_28': 0.967080060942636}. Best is trial 6 with value: 0.005167101029491813.
[I 2025-09-29 12:54:58,386] Trial 13 finished with value: 0.005151119807829037 and parameters: {'lag_0': 0.4639798823558067, 'lag_1': 0.4389567651323848, 'lag_2': 0.3637104515999785, 'lag_3': 0.8185151954943528, 'lag_4': 0.7887228337744092, 'lag_5': 0.18946359862640594, 'lag_6': 0.9968414617781887, 'lag_7': 0.597415446320679, 'lag_8': 0.29897887277466306, 'lag_9': 0.8056579071472825, 'lag_10': 0.7336609958796314, 'lag_11': 0.5845726100573743, 'lag_12': 0.30925058115823145, 'lag_13': 0.32950487171972287, 'lag_14': 0.5569097137819915, 'lag_15': 0.6127270764945296, 'lag_16': 0.9655341784139004, 'lag_17': 0.6653191348185169, 'lag_18': 0.6482271850269102, 'lag_19': 0.6422833716605387, 'lag_20': 0.5618328584527097, 'lag_21': 0.40235882038811566, 'lag_22': 0.05713156579549544, 'lag_23': 0.6895626736136261, 'lag_24': 0.2435771646696296, 'lag_25': 0.502010410969613, 'lag_26': 0.05317688397905121, 'lag_27': 0.42096392000714844, 'lag_28': 0.7104526070283581}. Best is trial 13 with value: 0.005151119807829037.
[I 2025-09-29 12:55:00,888] Trial 14 finished with value: 0.00564210588174462 and parameters: {'lag_0': 0.4813356643409992, 'lag_1': 0.0015403405562578465, 'lag_2': 0.29130751649536507, 'lag_3': 0.7752921294119445, 'lag_4': 0.9923456024449282, 'lag_5': 0.13515723264519944, 'lag_6': 0.713955060249608, 'lag_7': 0.9345276797736571, 'lag_8': 0.6573470761415107, 'lag_9': 0.5370447977194692, 'lag_10': 0.762381857577532, 'lag_11': 0.6329454427424526, 'lag_12': 0.2662741528146685, 'lag_13': 0.026688906282839764, 'lag_14': 0.5490399568856491, 'lag_15': 0.7902288814939122, 'lag_16': 0.8518365292849992, 'lag_17': 0.4686868221552162, 'lag_18': 0.7069436225466355, 'lag_19': 0.9922153689783176, 'lag_20': 0.677560093161433, 'lag_21': 0.4862284664901184, 'lag_22': 0.0012808490443135812, 'lag_23': 0.7236024092169098, 'lag_24': 0.1547391379862077, 'lag_25': 0.5386187007868668, 'lag_26': 0.05288195913375887, 'lag_27': 0.47222597121932885, 'lag_28': 0.7323712966353713}. Best is trial 13 with value: 0.005151119807829037.
2025-09-29 12:55:02,556 - distributed.worker - INFO - Stopping worker at tcp://192.168.86.107:33199. Reason: scheduler-remove-worker
2025-09-29 12:55:02,562 - distributed.nanny - INFO - Closing Nanny gracefully at 'tcp://192.168.86.107:38020'. Reason: scheduler-remove-worker
2025-09-29 12:55:02,563 - distributed.worker.state_machine - WARNING - Async instruction for <Task cancelled name='execute(optimize_subject-402bdfa6-a250-40e4-ba77-fca7085e2cb6)' coro=<Worker.execute() done, defined at /usr/global/miniconda/py310_23.1.0-1/envs/workshop_311/lib/python3.11/site-packages/distributed/worker_state_machine.py:3607>> ended with CancelledError
slurmstepd: error: *** JOB 3081180 ON node07 CANCELLED AT 2025-09-29T12:55:02 ***
