[I 2025-09-29 11:56:12,561] Trial 3 finished with value: 0.007574731061637846 and parameters: {'lag_0': 0.5429660801179075, 'lag_1': 0.291370514251536, 'lag_2': 0.9059726082488194, 'lag_3': 0.1122113246894907, 'lag_4': 0.48711364950176234, 'lag_5': 0.5782787012603932, 'lag_6': 0.3676923347874571, 'lag_7': 0.45676648325887403, 'lag_8': 0.46350081766437995, 'lag_9': 0.3559604937140462, 'lag_10': 0.3032590087739087, 'lag_11': 0.8282920597168408, 'lag_12': 0.7294411894522214, 'lag_13': 0.9521192741702534, 'lag_14': 0.2076075292443811, 'lag_15': 0.4898574632050755, 'lag_16': 0.005253110807822856, 'lag_17': 0.9079799499167929, 'lag_18': 0.8446978939232389, 'lag_19': 0.42535883388465506, 'lag_20': 0.4879340167093008, 'lag_21': 0.17126617441091738, 'lag_22': 0.4609647184145769, 'lag_23': 0.27489534422887985, 'lag_24': 0.8077102396188296, 'lag_25': 0.978570503264209, 'lag_26': 0.33253939019974976, 'lag_27': 0.9409981127840817, 'lag_28': 0.9274562335892088}. Best is trial 0 with value: 0.007514149702572759.
[I 2025-09-29 11:56:14,933] Trial 4 finished with value: 0.00759862186110821 and parameters: {'lag_0': 0.06738485182891461, 'lag_1': 0.23107724507221217, 'lag_2': 0.40555171125243067, 'lag_3': 0.347611393075124, 'lag_4': 0.6528426434358046, 'lag_5': 0.26378501080509587, 'lag_6': 0.5516925166495106, 'lag_7': 0.27147839329160955, 'lag_8': 0.9580326935718021, 'lag_9': 0.5102706551252018, 'lag_10': 0.2541501808487683, 'lag_11': 0.43521659736232454, 'lag_12': 0.1420247990210813, 'lag_13': 0.7308840903695349, 'lag_14': 0.4602746038371047, 'lag_15': 0.06426476220837406, 'lag_16': 0.817405937579824, 'lag_17': 0.009434229507437216, 'lag_18': 0.6354648262925483, 'lag_19': 0.7645187189692842, 'lag_20': 0.8969461914313602, 'lag_21': 0.3410658834282058, 'lag_22': 0.33009103566674036, 'lag_23': 0.9572968817242928, 'lag_24': 0.9311647217976978, 'lag_25': 0.22291760740662456, 'lag_26': 0.38681251376184433, 'lag_27': 0.4602059479256574, 'lag_28': 0.7669875868245786}. Best is trial 0 with value: 0.007514149702572759.
[I 2025-09-29 11:56:17,295] Trial 5 finished with value: 0.007561697202155104 and parameters: {'lag_0': 0.45127758884185376, 'lag_1': 0.9604168028543568, 'lag_2': 0.7399877428043148, 'lag_3': 0.25232664872190796, 'lag_4': 0.11461658735059348, 'lag_5': 0.4002737662430879, 'lag_6': 0.966701593774726, 'lag_7': 0.5368505229139082, 'lag_8': 0.07511528636011855, 'lag_9': 0.02714399999889149, 'lag_10': 0.1911904676090858, 'lag_11': 0.9596453358666398, 'lag_12': 0.5093659952528552, 'lag_13': 0.6209627784311849, 'lag_14': 0.6072416731458612, 'lag_15': 0.5995836141816148, 'lag_16': 0.034692882662021154, 'lag_17': 0.9389707423329637, 'lag_18': 0.30457800944806385, 'lag_19': 0.40223984481585207, 'lag_20': 0.7952154699658961, 'lag_21': 0.9860802833905121, 'lag_22': 0.5747426769652553, 'lag_23': 0.1355587076835536, 'lag_24': 0.08784398543036327, 'lag_25': 0.9575045714534139, 'lag_26': 0.6182033177437022, 'lag_27': 0.4943723720501246, 'lag_28': 0.3145198223599748}. Best is trial 0 with value: 0.007514149702572759.
[I 2025-09-29 11:56:19,670] Trial 6 finished with value: 0.007578622572451875 and parameters: {'lag_0': 0.42948845352094817, 'lag_1': 0.06199632686076289, 'lag_2': 0.30314203512838117, 'lag_3': 0.8165167758343229, 'lag_4': 0.5609815644863942, 'lag_5': 0.5395746127570576, 'lag_6': 0.14129440811812397, 'lag_7': 0.45329604657642153, 'lag_8': 0.2590047632952307, 'lag_9': 0.12456650843322414, 'lag_10': 0.16257354076550393, 'lag_11': 0.30311785677144676, 'lag_12': 0.8833161760112309, 'lag_13': 0.06846121048653178, 'lag_14': 0.30501913204497305, 'lag_15': 0.6969966104317601, 'lag_16': 0.6365702551208469, 'lag_17': 0.01601626790210113, 'lag_18': 0.6885609976051813, 'lag_19': 0.17612339898173573, 'lag_20': 0.03481657753350011, 'lag_21': 0.10615897756447147, 'lag_22': 0.19259444206509116, 'lag_23': 0.9742589616239503, 'lag_24': 0.33890506176820334, 'lag_25': 0.1729861647279873, 'lag_26': 0.1331587523114819, 'lag_27': 0.18721125747396702, 'lag_28': 0.19872625345352746}. Best is trial 0 with value: 0.007514149702572759.
[I 2025-09-29 11:56:22,169] Trial 7 finished with value: 0.0076095118283305094 and parameters: {'lag_0': 0.6578180063530507, 'lag_1': 0.35546271544026914, 'lag_2': 0.17370168670999933, 'lag_3': 0.4679946080198378, 'lag_4': 0.4078143428824351, 'lag_5': 0.40316061872727565, 'lag_6': 0.11735365620656536, 'lag_7': 0.11563366122163335, 'lag_8': 0.06777050554070602, 'lag_9': 0.6535885733799626, 'lag_10': 0.035964881126035075, 'lag_11': 0.7319597721112676, 'lag_12': 0.6355259622381745, 'lag_13': 0.43428992078860185, 'lag_14': 0.8765198014734686, 'lag_15': 0.02943687092108693, 'lag_16': 0.15065031201058265, 'lag_17': 0.7532505650632374, 'lag_18': 0.6126539542911197, 'lag_19': 0.7620889555046845, 'lag_20': 0.521554063859516, 'lag_21': 0.042165997254566503, 'lag_22': 0.15774140356570926, 'lag_23': 0.6700488238758815, 'lag_24': 0.30314133159947365, 'lag_25': 0.6067316535345532, 'lag_26': 0.714183827960923, 'lag_27': 0.3607197351694296, 'lag_28': 0.23886607311425953}. Best is trial 0 with value: 0.007514149702572759.
[I 2025-09-29 11:56:24,532] Trial 8 finished with value: 0.007509513072977847 and parameters: {'lag_0': 0.3188195196759783, 'lag_1': 0.5345135099426883, 'lag_2': 0.9198577937655005, 'lag_3': 0.8754716645396851, 'lag_4': 0.44569681440799885, 'lag_5': 0.2378898630457773, 'lag_6': 0.908108835131538, 'lag_7': 0.09540675539193172, 'lag_8': 0.19552083464380784, 'lag_9': 0.7354340644775104, 'lag_10': 0.32566113693630544, 'lag_11': 0.830494634976461, 'lag_12': 0.9701644505857575, 'lag_13': 0.078154657661586, 'lag_14': 0.5286856394728492, 'lag_15': 0.623199102001443, 'lag_16': 0.21586234802331042, 'lag_17': 0.1222886754513881, 'lag_18': 0.2106105364650068, 'lag_19': 0.27672547832579697, 'lag_20': 0.8893560341448924, 'lag_21': 0.4222886035970537, 'lag_22': 0.6835487067035314, 'lag_23': 0.145614795425772, 'lag_24': 0.05414720607744927, 'lag_25': 0.029330417686651726, 'lag_26': 0.6078981193789716, 'lag_27': 0.4772427706856634, 'lag_28': 0.25270722324683986}. Best is trial 8 with value: 0.007509513072977847.
[I 2025-09-29 11:56:26,896] Trial 9 finished with value: 0.007650103352408738 and parameters: {'lag_0': 0.9914641538177921, 'lag_1': 0.9686876462009151, 'lag_2': 0.5070904772888793, 'lag_3': 0.5134129996288945, 'lag_4': 0.4602501317818667, 'lag_5': 0.42153083529794466, 'lag_6': 0.0942605386789487, 'lag_7': 0.3096367222516354, 'lag_8': 0.18111280843439242, 'lag_9': 0.9518822366435687, 'lag_10': 0.44341514222798517, 'lag_11': 0.6730159925524094, 'lag_12': 0.8964311787478823, 'lag_13': 0.4407828558374104, 'lag_14': 0.776688017396968, 'lag_15': 0.11274592674543804, 'lag_16': 0.5517894515846412, 'lag_17': 0.4834382643291705, 'lag_18': 0.05319412928106284, 'lag_19': 0.13068301621488126, 'lag_20': 0.6125248180012864, 'lag_21': 0.6542153679963176, 'lag_22': 0.26498874191618615, 'lag_23': 0.43841716166524736, 'lag_24': 0.7045894648170067, 'lag_25': 0.8522374940627694, 'lag_26': 0.06954662775231389, 'lag_27': 0.8421954423645641, 'lag_28': 0.5270400295597057}. Best is trial 8 with value: 0.007509513072977847.
[I 2025-09-29 11:56:29,309] Trial 10 finished with value: 0.007561712574487444 and parameters: {'lag_0': 0.24577523320444294, 'lag_1': 0.6019895388522221, 'lag_2': 0.9555083693201003, 'lag_3': 0.7165749145752323, 'lag_4': 0.2045291958655551, 'lag_5': 0.849428768006665, 'lag_6': 0.6800517833728003, 'lag_7': 0.03364111097292837, 'lag_8': 0.4063073574855187, 'lag_9': 0.8661489994622218, 'lag_10': 0.749932258833654, 'lag_11': 0.04541969854734362, 'lag_12': 0.9620017326790795, 'lag_13': 0.23149918679537407, 'lag_14': 0.3668755977453622, 'lag_15': 0.4297767721785969, 'lag_16': 0.20245929795326364, 'lag_17': 0.1964697236561958, 'lag_18': 0.9869971927688821, 'lag_19': 0.9753600132159327, 'lag_20': 0.987210048932017, 'lag_21': 0.37174121072533206, 'lag_22': 0.8937017038765296, 'lag_23': 0.05661276436397794, 'lag_24': 0.034225525699161596, 'lag_25': 0.04590786151049407, 'lag_26': 0.871435522828929, 'lag_27': 0.03658108230581114, 'lag_28': 0.03367025363603049}. Best is trial 8 with value: 0.007509513072977847.
[I 2025-09-29 11:56:31,724] Trial 11 finished with value: 0.007612988689847759 and parameters: {'lag_0': 0.8842254618596886, 'lag_1': 0.7118584853225786, 'lag_2': 0.7910798416367492, 'lag_3': 0.643664080516527, 'lag_4': 0.9700962427121582, 'lag_5': 0.009291705561804142, 'lag_6': 0.4041659126661209, 'lag_7': 0.876283841007867, 'lag_8': 0.6594886141669616, 'lag_9': 0.7116286649070368, 'lag_10': 0.9369917391783225, 'lag_11': 0.22591684674382334, 'lag_12': 0.04924890585846654, 'lag_13': 0.9658935358053852, 'lag_14': 0.08343223537593267, 'lag_15': 0.32696680122870914, 'lag_16': 0.9987806007390563, 'lag_17': 0.6801565572017927, 'lag_18': 0.3005246303275134, 'lag_19': 0.31759167678565, 'lag_20': 0.30937923063889705, 'lag_21': 0.6359650716686667, 'lag_22': 0.7696828453193321, 'lag_23': 0.01918211315158025, 'lag_24': 0.4959617751666432, 'lag_25': 0.6705315688451858, 'lag_26': 0.5585559178046859, 'lag_27': 0.29025754655681035, 'lag_28': 0.0015977109547776758}. Best is trial 8 with value: 0.007509513072977847.
[I 2025-09-29 11:56:34,133] Trial 12 finished with value: 0.007571910047180866 and parameters: {'lag_0': 0.7534693779397672, 'lag_1': 0.7068463648262783, 'lag_2': 0.7849390070535739, 'lag_3': 0.9969757131177199, 'lag_4': 0.3026794456520743, 'lag_5': 0.19453236487276943, 'lag_6': 0.9976811092294184, 'lag_7': 0.7329449833215661, 'lag_8': 0.34622616632597114, 'lag_9': 0.3225342418681155, 'lag_10': 0.6381786150358438, 'lag_11': 0.9578130443048761, 'lag_12': 0.3604382502963752, 'lag_13': 0.7450256598566453, 'lag_14': 0.003395615704595935, 'lag_15': 0.974842113561918, 'lag_16': 0.7443121158679031, 'lag_17': 0.5852337921990607, 'lag_18': 0.21254388199499472, 'lag_19': 0.255482513906234, 'lag_20': 0.28882517345436476, 'lag_21': 0.5635077595941005, 'lag_22': 0.7204092416373136, 'lag_23': 0.24515790119032033, 'lag_24': 0.49072712418554143, 'lag_25': 0.3936729672820849, 'lag_26': 0.2373883659208748, 'lag_27': 0.17203321477163191, 'lag_28': 0.48510955436880554}. Best is trial 8 with value: 0.007509513072977847.
[I 2025-09-29 11:56:36,550] Trial 13 finished with value: 0.007546055615560881 and parameters: {'lag_0': 0.2885411615201824, 'lag_1': 0.4873500284034551, 'lag_2': 0.9873038330138437, 'lag_3': 0.22797724316248474, 'lag_4': 0.02696714348880591, 'lag_5': 0.7585217625121499, 'lag_6': 0.5942041092111492, 'lag_7': 0.6792898916669726, 'lag_8': 0.5708608381059661, 'lag_9': 0.780931045520245, 'lag_10': 0.9271807857940073, 'lag_11': 0.5303674547992003, 'lag_12': 0.6942926534658111, 'lag_13': 0.01774564171406523, 'lag_14': 0.6408161578932507, 'lag_15': 0.26303396237940846, 'lag_16': 0.9577024845262629, 'lag_17': 0.45254825969682333, 'lag_18': 0.4281458963393858, 'lag_19': 0.5812778695802869, 'lag_20': 0.27858646095331585, 'lag_21': 0.7753309121119346, 'lag_22': 0.964078003300699, 'lag_23': 0.5228708177996955, 'lag_24': 0.2784269037213347, 'lag_25': 0.7525985829239392, 'lag_26': 0.7552527507553266, 'lag_27': 0.630856812480769, 'lag_28': 0.14123975103279288}. Best is trial 8 with value: 0.007509513072977847.
[I 2025-09-29 11:56:38,963] Trial 14 finished with value: 0.007566612095176924 and parameters: {'lag_0': 0.2288568971375261, 'lag_1': 0.7311287238167754, 'lag_2': 0.6123013049827281, 'lag_3': 0.5988514010983627, 'lag_4': 0.3210082315346784, 'lag_5': 0.2759547359235483, 'lag_6': 0.7604189688759921, 'lag_7': 0.9888421638680098, 'lag_8': 0.9589412028800486, 'lag_9': 0.37262546704516464, 'lag_10': 0.4823810981706255, 'lag_11': 0.6002465561727364, 'lag_12': 0.0009484519104351469, 'lag_13': 0.595438936346244, 'lag_14': 0.22905383781212713, 'lag_15': 0.7211926737881594, 'lag_16': 0.3948362408824383, 'lag_17': 0.799471604006387, 'lag_18': 0.18614008417642147, 'lag_19': 0.01569668083127418, 'lag_20': 0.09372334109229435, 'lag_21': 0.39255438209799326, 'lag_22': 0.0195256132045184, 'lag_23': 0.42983210969113783, 'lag_24': 0.11871862706042735, 'lag_25': 0.5209948044892538, 'lag_26': 0.9967343591680459, 'lag_27': 0.356850783862551, 'lag_28': 0.44928431450048323}. Best is trial 8 with value: 0.007509513072977847.
[I 2025-09-29 11:56:41,371] Trial 15 finished with value: 0.007530137617424784 and parameters: {'lag_0': 0.7632401976694629, 'lag_1': 0.4993485209612807, 'lag_2': 0.8506246096672363, 'lag_3': 0.42006052572500313, 'lag_4': 0.6285539927388519, 'lag_5': 0.10211048885437449, 'lag_6': 0.2853306831492663, 'lag_7': 0.6123042383726129, 'lag_8': 0.792079326504598, 'lag_9': 0.5871390142567722, 'lag_10': 0.7008804701847697, 'lag_11': 0.36801824240157516, 'lag_12': 0.4568289182232684, 'lag_13': 0.8013013448034456, 'lag_14': 0.43404129657468926, 'lag_15': 0.3430643385675473, 'lag_16': 0.5293778738883019, 'lag_17': 0.15698336516337347, 'lag_18': 0.4893609853288741, 'lag_19': 0.3040742503057392, 'lag_20': 0.40338162397113525, 'lag_21': 0.47160607939139026, 'lag_22': 0.5501559918152026, 'lag_23': 0.18520504777134267, 'lag_24': 0.3854085818268362, 'lag_25': 0.057903286112694796, 'lag_26': 0.4813859179382735, 'lag_27': 0.5368147396668264, 'lag_28': 0.6364007752794514}. Best is trial 8 with value: 0.007509513072977847.
[I 2025-09-29 11:56:43,776] Trial 16 finished with value: 0.007576203088499343 and parameters: {'lag_0': 0.40332113878157566, 'lag_1': 0.8568018402188029, 'lag_2': 0.6714733209357663, 'lag_3': 0.7947695237243473, 'lag_4': 0.7162605082784961, 'lag_5': 0.659528886792123, 'lag_6': 0.46098370712865455, 'lag_7': 0.3872830949612657, 'lag_8': 0.5414442033405318, 'lag_9': 0.19097462998158554, 'lag_10': 0.5854625500265508, 'lag_11': 0.8347334694822963, 'lag_12': 0.17879509467684201, 'lag_13': 0.22490823319154807, 'lag_14': 0.6721511896669962, 'lag_15': 0.5872710259260527, 'lag_16': 0.253025855379067, 'lag_17': 0.6195134071511648, 'lag_18': 0.18076361302053173, 'lag_19': 0.24076530330699258, 'lag_20': 0.15220890659235992, 'lag_21': 0.2094689379391385, 'lag_22': 0.8182045951861338, 'lag_23': 0.5998036172691958, 'lag_24': 0.5971029779080846, 'lag_25': 0.3593286615620005, 'lag_26': 0.21478936656097775, 'lag_27': 0.0014252239088329843, 'lag_28': 0.12497266071979413}. Best is trial 8 with value: 0.007509513072977847.
[I 2025-09-29 11:56:46,190] Trial 17 finished with value: 0.0074903198892933755 and parameters: {'lag_0': 0.14884158252718693, 'lag_1': 0.5932330985529602, 'lag_2': 0.09291248644255007, 'lag_3': 0.015158419944927892, 'lag_4': 0.344530423896253, 'lag_5': 0.30096725435002847, 'lag_6': 0.2216559653130238, 'lag_7': 0.007495895538545225, 'lag_8': 0.25694065046599135, 'lag_9': 0.4349495023923555, 'lag_10': 0.3684284265965475, 'lag_11': 0.14806300132728722, 'lag_12': 0.7878753791948232, 'lag_13': 0.8615059896487157, 'lag_14': 0.143487802756608, 'lag_15': 0.22964313282541193, 'lag_16': 0.8297537623890946, 'lag_17': 0.39155426340922245, 'lag_18': 0.41007410822438495, 'lag_19': 0.6377914266313334, 'lag_20': 0.8478340205394217, 'lag_21': 0.7896601019585285, 'lag_22': 0.46586084041297127, 'lag_23': 0.3576117312156329, 'lag_24': 0.2064952141684038, 'lag_25': 0.7916922840271123, 'lag_26': 0.4757469397910602, 'lag_27': 0.23453223569406043, 'lag_28': 0.34657508336442555}. Best is trial 17 with value: 0.0074903198892933755.
[I 2025-09-29 11:56:48,599] Trial 18 finished with value: 0.007548867778109985 and parameters: {'lag_0': 0.1560094291063468, 'lag_1': 0.5971659541198404, 'lag_2': 0.14774779686671588, 'lag_3': 0.3236948766570369, 'lag_4': 0.31718619161243566, 'lag_5': 0.16264494906825955, 'lag_6': 0.2115552533781015, 'lag_7': 0.0042456361719284495, 'lag_8': 0.20992817436534544, 'lag_9': 0.9987987463461971, 'lag_10': 0.374087851191232, 'lag_11': 0.07939603165502024, 'lag_12': 0.8018440096970434, 'lag_13': 0.31471736357037017, 'lag_14': 0.9746245694545033, 'lag_15': 0.24151639373781453, 'lag_16': 0.750134084367835, 'lag_17': 0.3742830693336449, 'lag_18': 0.002145812224443655, 'lag_19': 0.643990131991183, 'lag_20': 0.8336218628023702, 'lag_21': 0.7919510210992426, 'lag_22': 0.65624566002612, 'lag_23': 0.7658600709753576, 'lag_24': 0.22616506652197077, 'lag_25': 0.5501090503144267, 'lag_26': 0.48093719222085857, 'lag_27': 0.1899765221537128, 'lag_28': 0.3615548550274267}. Best is trial 17 with value: 0.0074903198892933755.
[I 2025-09-29 11:56:51,010] Trial 19 finished with value: 0.007543714620492506 and parameters: {'lag_0': 0.3313914128968879, 'lag_1': 0.3997521353028194, 'lag_2': 0.042520545362993656, 'lag_3': 0.014424770083492406, 'lag_4': 0.1830544417750321, 'lag_5': 0.0020987166290774018, 'lag_6': 0.013316960173734793, 'lag_7': 0.16081604018214907, 'lag_8': 0.004131515605924119, 'lag_9': 0.7885324561787608, 'lag_10': 0.054053496702566206, 'lag_11': 0.16180587394638335, 'lag_12': 0.9975433490786634, 'lag_13': 0.5848145564756291, 'lag_14': 0.17344540394519092, 'lag_15': 0.7620185371846098, 'lag_16': 0.8477004102516064, 'lag_17': 0.12363591756163717, 'lag_18': 0.4885617023090926, 'lag_19': 0.7175972708762295, 'lag_20': 0.9994343557119, 'lag_21': 0.7717921058208328, 'lag_22': 0.4429457272207932, 'lag_23': 0.376010452977644, 'lag_24': 0.16622471012118828, 'lag_25': 0.2561700755038178, 'lag_26': 0.6834300279146274, 'lag_27': 0.11748415904198227, 'lag_28': 0.6071642476483781}. Best is trial 17 with value: 0.0074903198892933755.
[I 2025-09-29 11:56:53,424] Trial 20 finished with value: 0.00758737414578124 and parameters: {'lag_0': 0.1339637202827484, 'lag_1': 0.5874584226347456, 'lag_2': 0.2942779240044824, 'lag_3': 0.5638963818639706, 'lag_4': 0.40816011389163154, 'lag_5': 0.32785135590223957, 'lag_6': 0.8671175569871705, 'lag_7': 0.09499663625642601, 'lag_8': 0.30342600214873444, 'lag_9': 0.26752379933756887, 'lag_10': 0.3857085445302066, 'lag_11': 0.26276091563165593, 'lag_12': 0.5747831169055736, 'lag_13': 0.1484322638221947, 'lag_14': 0.3182831675571911, 'lag_15': 0.5624177190985462, 'lag_16': 0.627053489498833, 'lag_17': 0.27136517843136243, 'lag_18': 0.5666682604702405, 'lag_19': 0.9045062287753962, 'lag_20': 0.7560671825251413, 'lag_21': 0.2915293028122252, 'lag_22': 0.8480942727848018, 'lag_23': 0.3496309791054113, 'lag_24': 0.01750505068788486, 'lag_25': 0.6778494368413508, 'lag_26': 0.8121121814452094, 'lag_27': 0.26708811364701596, 'lag_28': 0.39997909925272374}. Best is trial 17 with value: 0.0074903198892933755.
[I 2025-09-29 11:56:55,825] Trial 21 finished with value: 0.007558308098384821 and parameters: {'lag_0': 0.3391918110327141, 'lag_1': 0.7879461708260996, 'lag_2': 0.887779164742581, 'lag_3': 0.17139003239480388, 'lag_4': 0.5416684312456173, 'lag_5': 0.29880554668111464, 'lag_6': 0.24187860464590683, 'lag_7': 0.005512963441824026, 'lag_8': 0.15174810760148455, 'lag_9': 0.4449176308376363, 'lag_10': 0.8442498893754992, 'lag_11': 0.4008598098319239, 'lag_12': 0.8051858002781886, 'lag_13': 0.8506249780766619, 'lag_14': 0.08029972817591435, 'lag_15': 0.180350293871307, 'lag_16': 0.8875182814327501, 'lag_17': 0.5345129142843752, 'lag_18': 0.36225640026207717, 'lag_19': 0.4156315809777207, 'lag_20': 0.9024413102062733, 'lag_21': 0.5021902384538144, 'lag_22': 0.5307859567291242, 'lag_23': 0.11086653272485801, 'lag_24': 0.3915530538787842, 'lag_25': 0.8108540589979003, 'lag_26': 0.5744552027059193, 'lag_27': 0.4155396713347734, 'lag_28': 0.2619895389645704}. Best is trial 17 with value: 0.0074903198892933755.
[I 2025-09-29 11:56:58,240] Trial 22 finished with value: 0.007647414894102447 and parameters: {'lag_0': 0.15654432611608793, 'lag_1': 0.6343376205292871, 'lag_2': 0.012224521845179748, 'lag_3': 0.1429655708152176, 'lag_4': 0.3537415039643027, 'lag_5': 0.9854519032895198, 'lag_6': 0.46053835938385085, 'lag_7': 0.3398958927423108, 'lag_8': 0.8418861480205887, 'lag_9': 0.46062686937037906, 'lag_10': 0.5447122875866515, 'lag_11': 0.00044847831364941415, 'lag_12': 0.8491352189502878, 'lag_13': 0.9125434600685395, 'lag_14': 0.014063050438726798, 'lag_15': 0.0030100103211884166, 'lag_16': 0.9104029081247469, 'lag_17': 0.42232044346769065, 'lag_18': 0.25300377780347266, 'lag_19': 0.5013996592962907, 'lag_20': 0.591644735377716, 'lag_21': 0.6770757675359007, 'lag_22': 0.6531834341501269, 'lag_23': 0.20318999783200148, 'lag_24': 0.23030687104646969, 'lag_25': 0.8511068112531459, 'lag_26': 0.23984652885317884, 'lag_27': 0.28818335770486253, 'lag_28': 0.14883353862509457}. Best is trial 17 with value: 0.0074903198892933755.
[I 2025-09-29 11:57:00,648] Trial 23 finished with value: 0.007586766759739573 and parameters: {'lag_0': 0.6225296329187191, 'lag_1': 0.8047952427632308, 'lag_2': 0.5083139499592058, 'lag_3': 0.011774476260148402, 'lag_4': 0.23663915747978492, 'lag_5': 0.20126331087226126, 'lag_6': 0.36108830171046635, 'lag_7': 0.1884371303539607, 'lag_8': 0.3497160976054443, 'lag_9': 0.6298783149517562, 'lag_10': 0.3825167351980258, 'lag_11': 0.5878983997534435, 'lag_12': 0.7226751153956621, 'lag_13': 0.6870470215988989, 'lag_14': 0.13304824959820563, 'lag_15': 0.39426035856007846, 'lag_16': 0.7495156660482604, 'lag_17': 0.09547762707312424, 'lag_18': 0.3903971535720343, 'lag_19': 0.3566791664110318, 'lag_20': 0.41282680174935354, 'lag_21': 0.5546203456799956, 'lag_22': 0.4171049776176498, 'lag_23': 0.11852372632342682, 'lag_24': 0.11293917720114609, 'lag_25': 0.7131448994453423, 'lag_26': 0.44571511831570865, 'lag_27': 0.533462874047546, 'lag_28': 0.09321441362337282}. Best is trial 17 with value: 0.0074903198892933755.
