[I 2025-09-29 11:57:29,981] Trial 25 finished with value: 0.00551901635016504 and parameters: {'lag_0': 0.7637911129357884, 'lag_1': 0.9968807819302115, 'lag_2': 0.2474091710619798, 'lag_3': 0.8827707086951635, 'lag_4': 0.34601232266423826, 'lag_5': 0.43101544886342935, 'lag_6': 0.573686128196397, 'lag_7': 0.47121213522975, 'lag_8': 0.20367931479790827, 'lag_9': 0.7519462227840963, 'lag_10': 0.7649638103505761, 'lag_11': 0.10930502195573655, 'lag_12': 0.5507737949863427, 'lag_13': 0.4372065674379345, 'lag_14': 0.6473395641416341, 'lag_15': 0.3087638781259522, 'lag_16': 0.011167584980745743, 'lag_17': 0.30096624157703317, 'lag_18': 0.7209238992486842, 'lag_19': 0.7879305669643967, 'lag_20': 0.3532812566822683, 'lag_21': 0.5310334485309709, 'lag_22': 0.8008180687541492, 'lag_23': 0.01829160672978175, 'lag_24': 0.6211613042630525, 'lag_25': 0.04720978890800172, 'lag_26': 0.8331139019443344, 'lag_27': 0.533926432623911, 'lag_28': 0.9854478235615447}. Best is trial 17 with value: 0.005334398775483572.
[I 2025-09-29 11:57:32,613] Trial 26 finished with value: 0.005489241613674057 and parameters: {'lag_0': 0.8666118320268296, 'lag_1': 0.5431003971395442, 'lag_2': 0.5488606215741433, 'lag_3': 0.31012058290587785, 'lag_4': 0.2290293992013345, 'lag_5': 0.5809134982108457, 'lag_6': 0.6814452508904174, 'lag_7': 0.6609204333491944, 'lag_8': 0.5282590226031381, 'lag_9': 0.9122841530608384, 'lag_10': 0.9307564396427492, 'lag_11': 0.5814215659852939, 'lag_12': 0.645894028916704, 'lag_13': 0.24608431659083613, 'lag_14': 0.8379839152427723, 'lag_15': 0.1852239703115848, 'lag_16': 0.7428918069691557, 'lag_17': 0.4462994803033533, 'lag_18': 0.5393191423325474, 'lag_19': 0.8326696030868521, 'lag_20': 0.6513084452715932, 'lag_21': 0.7083084155966073, 'lag_22': 0.8996929280926003, 'lag_23': 0.6598205713714586, 'lag_24': 0.49537221082513905, 'lag_25': 0.6723009115463464, 'lag_26': 0.4859082530683597, 'lag_27': 0.2546264657171572, 'lag_28': 0.7750820711019397}. Best is trial 17 with value: 0.005334398775483572.
[I 2025-09-29 11:57:35,250] Trial 27 finished with value: 0.005401093417116686 and parameters: {'lag_0': 0.464410442804515, 'lag_1': 0.8549624768212137, 'lag_2': 0.11197786070586502, 'lag_3': 0.9248571339690668, 'lag_4': 0.12847310782156487, 'lag_5': 0.8828947526969173, 'lag_6': 0.022039463024854822, 'lag_7': 0.2546760079421382, 'lag_8': 0.324686806673691, 'lag_9': 0.19535352833992276, 'lag_10': 0.8572234358629193, 'lag_11': 0.20416557548937572, 'lag_12': 0.4811077289981672, 'lag_13': 0.5837055425187927, 'lag_14': 0.7565329577799473, 'lag_15': 0.06861526126527906, 'lag_16': 0.10979787274854436, 'lag_17': 0.6879791756621834, 'lag_18': 0.11560832098440044, 'lag_19': 0.6833696461754794, 'lag_20': 0.5058825069894416, 'lag_21': 0.939750384827588, 'lag_22': 0.6847883996995148, 'lag_23': 0.49941235644843657, 'lag_24': 0.3987231488862725, 'lag_25': 0.8413191106504202, 'lag_26': 0.1043957598631714, 'lag_27': 0.5699776889236235, 'lag_28': 0.653993433437888}. Best is trial 17 with value: 0.005334398775483572.
[I 2025-09-29 11:57:37,863] Trial 28 finished with value: 0.005372503707718227 and parameters: {'lag_0': 0.9326279464238503, 'lag_1': 0.8078500350885199, 'lag_2': 0.7282114749049325, 'lag_3': 0.5088178835725135, 'lag_4': 0.004769827569224172, 'lag_5': 0.2710545608040723, 'lag_6': 0.45334457128121364, 'lag_7': 0.006604080937524626, 'lag_8': 0.07321934251036988, 'lag_9': 0.6407282352346823, 'lag_10': 0.39113835880708375, 'lag_11': 0.4466743222864533, 'lag_12': 0.12302054538427815, 'lag_13': 0.11008291638848172, 'lag_14': 0.36922682533632, 'lag_15': 0.3699516480411876, 'lag_16': 0.4006975190059875, 'lag_17': 0.572078961028589, 'lag_18': 0.32666955344147397, 'lag_19': 0.9897659094802329, 'lag_20': 0.2343995863043094, 'lag_21': 0.36372973200336794, 'lag_22': 0.2939792368714509, 'lag_23': 0.9046435599032823, 'lag_24': 0.7276308180805727, 'lag_25': 0.19605224764796692, 'lag_26': 0.6624574875407545, 'lag_27': 0.46118414538579927, 'lag_28': 0.5358713843796649}. Best is trial 17 with value: 0.005334398775483572.
[I 2025-09-29 11:57:40,493] Trial 29 finished with value: 0.005465817312012742 and parameters: {'lag_0': 0.645519679072825, 'lag_1': 0.6473720064423334, 'lag_2': 0.3952593891617213, 'lag_3': 0.6720472568191955, 'lag_4': 0.43326992603314207, 'lag_5': 0.4645274864768537, 'lag_6': 0.2766800868248326, 'lag_7': 0.9804086184185584, 'lag_8': 0.5569721721455095, 'lag_9': 0.36529021953659513, 'lag_10': 0.6534146107889311, 'lag_11': 0.2230591909381364, 'lag_12': 0.9180174807709887, 'lag_13': 0.6807353100437119, 'lag_14': 0.9015213461589073, 'lag_15': 0.5436097335521473, 'lag_16': 0.5191440471973967, 'lag_17': 0.24556700362036393, 'lag_18': 0.11808353539428079, 'lag_19': 0.8679436844214323, 'lag_20': 0.44829257239374654, 'lag_21': 0.2404106906225814, 'lag_22': 0.57150282074977, 'lag_23': 0.7534559051185448, 'lag_24': 0.9753071047412021, 'lag_25': 0.3562946670876672, 'lag_26': 0.27023878994336525, 'lag_27': 0.38220168228054996, 'lag_28': 0.09689976381984433}. Best is trial 17 with value: 0.005334398775483572.
[I 2025-09-29 11:57:43,128] Trial 30 finished with value: 0.005349746501638114 and parameters: {'lag_0': 0.8386726640811143, 'lag_1': 0.6981942766706677, 'lag_2': 0.8337651034924571, 'lag_3': 0.7872650834276751, 'lag_4': 0.24530202871580747, 'lag_5': 0.7894795971659833, 'lag_6': 0.14249827440310853, 'lag_7': 0.8080365701201174, 'lag_8': 0.4184877948149598, 'lag_9': 0.5053469979181909, 'lag_10': 0.7521972392843188, 'lag_11': 0.08756738855100665, 'lag_12': 0.258877328994527, 'lag_13': 0.5214178053930103, 'lag_14': 0.4681041916585027, 'lag_15': 0.6653973333265941, 'lag_16': 0.20917524697717294, 'lag_17': 0.30671326298702717, 'lag_18': 0.41211221731035347, 'lag_19': 0.6066091399787972, 'lag_20': 0.3010886996370769, 'lag_21': 0.5562084713123487, 'lag_22': 0.3879680135599849, 'lag_23': 0.6524287389675174, 'lag_24': 0.9136529003028933, 'lag_25': 0.7225224328583961, 'lag_26': 0.7080568564621008, 'lag_27': 0.7593011918523827, 'lag_28': 0.4594226660503988}. Best is trial 17 with value: 0.005334398775483572.
[I 2025-09-29 11:57:45,768] Trial 31 finished with value: 0.00542282199402212 and parameters: {'lag_0': 0.32334862211596677, 'lag_1': 0.6050541548905132, 'lag_2': 0.40295757303032786, 'lag_3': 0.3634114457559955, 'lag_4': 0.9735772419972224, 'lag_5': 0.5980609825685264, 'lag_6': 0.049153140638336076, 'lag_7': 0.183433155726208, 'lag_8': 0.9671188589744963, 'lag_9': 0.355885726079654, 'lag_10': 0.7956320379210947, 'lag_11': 0.517939064863107, 'lag_12': 0.48287269296310825, 'lag_13': 0.419601782501045, 'lag_14': 0.28112896388443076, 'lag_15': 0.19890204124107724, 'lag_16': 0.598912812154083, 'lag_17': 0.1987827627017832, 'lag_18': 0.4091298205396834, 'lag_19': 0.29092759823411285, 'lag_20': 0.6006980066020584, 'lag_21': 0.15681016500453115, 'lag_22': 0.19779889881745388, 'lag_23': 0.4295171078287187, 'lag_24': 0.4591704237354044, 'lag_25': 0.6933702151880135, 'lag_26': 0.13991050114630982, 'lag_27': 0.41824915770022536, 'lag_28': 0.6309651631743047}. Best is trial 17 with value: 0.005334398775483572.
[I 2025-09-29 11:57:48,379] Trial 32 finished with value: 0.005354964167758565 and parameters: {'lag_0': 0.1616459185567446, 'lag_1': 0.4745992413169353, 'lag_2': 0.33881594739931375, 'lag_3': 0.45637458686945653, 'lag_4': 0.8345067356277338, 'lag_5': 0.6829542068948495, 'lag_6': 0.08340538448138385, 'lag_7': 0.8899234195142008, 'lag_8': 0.805364419920468, 'lag_9': 0.2892816448237172, 'lag_10': 0.9433436702779406, 'lag_11': 0.6354255010482915, 'lag_12': 0.5698683227223981, 'lag_13': 0.42916703266358214, 'lag_14': 0.05505944701815069, 'lag_15': 0.09397973948773168, 'lag_16': 0.8677411864576496, 'lag_17': 0.013905014818983708, 'lag_18': 0.23959894103890234, 'lag_19': 0.08597684889761426, 'lag_20': 0.7547499146034731, 'lag_21': 0.002378552350406432, 'lag_22': 0.16724121537455222, 'lag_23': 0.442459010167761, 'lag_24': 0.2860525070602627, 'lag_25': 0.5575272612007405, 'lag_26': 0.2806179373596091, 'lag_27': 0.448750043435583, 'lag_28': 0.857976768768571}. Best is trial 17 with value: 0.005334398775483572.
[I 2025-09-29 11:57:51,004] Trial 33 finished with value: 0.005547339620138349 and parameters: {'lag_0': 0.020466320543668592, 'lag_1': 0.6970620378496102, 'lag_2': 0.2502439617899613, 'lag_3': 0.45234736834396777, 'lag_4': 0.8853803562414365, 'lag_5': 0.5082650291223307, 'lag_6': 0.17356072392377087, 'lag_7': 0.6298112561560485, 'lag_8': 0.1894834593549588, 'lag_9': 0.43863968109907964, 'lag_10': 0.8371498302024487, 'lag_11': 0.5213032454057812, 'lag_12': 0.7443460413131733, 'lag_13': 0.27524603319167856, 'lag_14': 0.28046391566663476, 'lag_15': 0.174749399501948, 'lag_16': 0.6651158689743941, 'lag_17': 0.14635858955462636, 'lag_18': 0.29456409003887657, 'lag_19': 0.30798975904818104, 'lag_20': 0.6416330353463393, 'lag_21': 0.20625279075588793, 'lag_22': 0.2874203326092133, 'lag_23': 0.3178891415621822, 'lag_24': 0.5279113083939175, 'lag_25': 0.8147140182451771, 'lag_26': 0.2093330549526645, 'lag_27': 0.3159050911674125, 'lag_28': 0.4451333802994004}. Best is trial 17 with value: 0.005334398775483572.
[I 2025-09-29 11:57:53,645] Trial 34 finished with value: 0.005482495148661577 and parameters: {'lag_0': 0.12143063265370657, 'lag_1': 0.9085975949041276, 'lag_2': 0.18215565202078346, 'lag_3': 0.6259371597324624, 'lag_4': 0.654336907314259, 'lag_5': 0.13558978525921553, 'lag_6': 0.23968931017473763, 'lag_7': 0.3524515314709177, 'lag_8': 0.7447945306052218, 'lag_9': 0.42789809861244704, 'lag_10': 0.6289999085662074, 'lag_11': 0.406997839546871, 'lag_12': 0.354819912125446, 'lag_13': 0.5340826274666846, 'lag_14': 0.1500906548325186, 'lag_15': 0.27485050559260416, 'lag_16': 0.8571878524832296, 'lag_17': 0.22369917361288888, 'lag_18': 0.16051476189129657, 'lag_19': 0.45517909643961574, 'lag_20': 0.7136328682909641, 'lag_21': 0.08338663167183974, 'lag_22': 0.06378156328557655, 'lag_23': 0.5604769185978554, 'lag_24': 0.6217016250012407, 'lag_25': 0.9960550042578731, 'lag_26': 0.43512702618042265, 'lag_27': 0.6329859264947815, 'lag_28': 0.29884958203640627}. Best is trial 17 with value: 0.005334398775483572.
[I 2025-09-29 11:57:56,280] Trial 35 finished with value: 0.00558761494473798 and parameters: {'lag_0': 0.4078683205138129, 'lag_1': 0.6051584735266771, 'lag_2': 0.06148703011952497, 'lag_3': 0.4963227049679432, 'lag_4': 0.19158983248534783, 'lag_5': 0.7477794498973127, 'lag_6': 0.18544658397458894, 'lag_7': 0.5756670347752074, 'lag_8': 0.9604824174163791, 'lag_9': 0.19618716836747815, 'lag_10': 0.7286760798315464, 'lag_11': 0.7348301291882877, 'lag_12': 0.6914800010892633, 'lag_13': 0.5978858253462491, 'lag_14': 0.00880916736415302, 'lag_15': 0.6734792932105111, 'lag_16': 0.5518225731062445, 'lag_17': 0.10781412406685764, 'lag_18': 0.6955224076401392, 'lag_19': 0.3644793078589479, 'lag_20': 0.8664735233061512, 'lag_21': 0.44178167510887945, 'lag_22': 0.62772619299274, 'lag_23': 0.42497404259489463, 'lag_24': 0.3670236311499384, 'lag_25': 0.4317297006333731, 'lag_26': 0.5330902356413941, 'lag_27': 0.3853566941105395, 'lag_28': 0.08625677211393178}. Best is trial 17 with value: 0.005334398775483572.
[I 2025-09-29 11:57:58,899] Trial 36 finished with value: 0.005298312627960716 and parameters: {'lag_0': 0.24590170558929475, 'lag_1': 0.6847268521478116, 'lag_2': 0.42534590090091634, 'lag_3': 0.7673122194643094, 'lag_4': 0.7850052086432404, 'lag_5': 0.9314480448822253, 'lag_6': 0.8763448084883143, 'lag_7': 0.006791236177778076, 'lag_8': 0.4765546491318406, 'lag_9': 0.9286584410123238, 'lag_10': 0.5902147924183594, 'lag_11': 0.31876659106162536, 'lag_12': 0.45320714071160334, 'lag_13': 0.17418711839517403, 'lag_14': 0.18452281565477535, 'lag_15': 0.22940453938464997, 'lag_16': 0.4290058212005812, 'lag_17': 0.6356919860281699, 'lag_18': 0.8162693640805279, 'lag_19': 0.2438611799626013, 'lag_20': 0.5500307602047179, 'lag_21': 0.07295846236467246, 'lag_22': 0.24691025637316133, 'lag_23': 0.34302013775904266, 'lag_24': 0.42270723070952587, 'lag_25': 0.6513417824801474, 'lag_26': 0.08610260327696309, 'lag_27': 0.5779898222746559, 'lag_28': 0.7583678644189982}. Best is trial 36 with value: 0.005298312627960716.
[I 2025-09-29 11:58:01,523] Trial 37 finished with value: 0.005308723101162283 and parameters: {'lag_0': 0.17891130742931471, 'lag_1': 0.9487296982939354, 'lag_2': 0.5106416053663729, 'lag_3': 0.014660993713933812, 'lag_4': 0.5097908002388385, 'lag_5': 0.9440270144638019, 'lag_6': 0.9159309559827334, 'lag_7': 0.7079832882759705, 'lag_8': 0.4947967494190017, 'lag_9': 0.9029708549423202, 'lag_10': 0.5639603244752016, 'lag_11': 0.18635518669455045, 'lag_12': 0.6274353629119757, 'lag_13': 0.17409906770491204, 'lag_14': 0.704341872778721, 'lag_15': 0.5143555372151596, 'lag_16': 0.4473820253246815, 'lag_17': 0.6467187877316213, 'lag_18': 0.7756931440570107, 'lag_19': 0.10905629950846418, 'lag_20': 0.05559180678433019, 'lag_21': 0.06857120343533775, 'lag_22': 0.223497119596829, 'lag_23': 0.32590736353151983, 'lag_24': 0.14551371379313327, 'lag_25': 0.636043612376583, 'lag_26': 0.09222801220053985, 'lag_27': 0.5773277060327121, 'lag_28': 0.7571615727766194}. Best is trial 36 with value: 0.005298312627960716.
[I 2025-09-29 11:58:04,169] Trial 38 finished with value: 0.005423692650253656 and parameters: {'lag_0': 0.23640041912541332, 'lag_1': 0.7916934685164586, 'lag_2': 0.902479197449757, 'lag_3': 0.06274074572360522, 'lag_4': 0.5767576792385459, 'lag_5': 0.938842872699991, 'lag_6': 0.9179797740361486, 'lag_7': 0.7174556334025561, 'lag_8': 0.4858377003315389, 'lag_9': 0.9303773031131488, 'lag_10': 0.24248492295061558, 'lag_11': 0.15479262547096412, 'lag_12': 0.8596371772479576, 'lag_13': 0.17412472622591296, 'lag_14': 0.33284887246381994, 'lag_15': 0.6029762259117952, 'lag_16': 0.2623006438617224, 'lag_17': 0.6398088419152459, 'lag_18': 0.8186728336261231, 'lag_19': 0.11154956835569915, 'lag_20': 0.05334611394458013, 'lag_21': 0.07120535769013009, 'lag_22': 0.10936163753534267, 'lag_23': 0.338896454686146, 'lag_24': 0.06624399816990413, 'lag_25': 0.5427924151455797, 'lag_26': 0.0032758837030763405, 'lag_27': 0.5839972622828118, 'lag_28': 0.9191807695545737}. Best is trial 36 with value: 0.005298312627960716.
[I 2025-09-29 11:58:06,956] Trial 39 finished with value: 0.005598806501711062 and parameters: {'lag_0': 0.2225005132767244, 'lag_1': 0.8763439784679532, 'lag_2': 0.7273260158959141, 'lag_3': 0.11767977367531522, 'lag_4': 0.4918101605910799, 'lag_5': 0.846303971319212, 'lag_6': 0.7867205394606418, 'lag_7': 0.06790919682681401, 'lag_8': 0.5914256729259899, 'lag_9': 0.8723647265745187, 'lag_10': 0.49321325652830245, 'lag_11': 0.27933510545069995, 'lag_12': 0.6155577980446091, 'lag_13': 0.07020269192973731, 'lag_14': 0.8146576203613939, 'lag_15': 0.8110098343486545, 'lag_16': 0.46290063633671474, 'lag_17': 0.7764683560693968, 'lag_18': 0.7694272353177237, 'lag_19': 0.16608539832125507, 'lag_20': 0.16638596616861695, 'lag_21': 0.04477810029993717, 'lag_22': 0.20839997442612998, 'lag_23': 0.15457921497843863, 'lag_24': 0.006652672662298242, 'lag_25': 0.899421240211342, 'lag_26': 0.07502164448988935, 'lag_27': 0.6892634643533568, 'lag_28': 0.7607391616049646}. Best is trial 36 with value: 0.005298312627960716.
[I 2025-09-29 11:58:09,591] Trial 40 finished with value: 0.00539557483654707 and parameters: {'lag_0': 0.2578923068353918, 'lag_1': 0.22295368032321905, 'lag_2': 0.5403813424758088, 'lag_3': 0.011580282559171248, 'lag_4': 0.6361153964424686, 'lag_5': 0.998089526341982, 'lag_6': 0.925283570846746, 'lag_7': 0.9350039761877726, 'lag_8': 0.4371013802830964, 'lag_9': 0.9959460572558212, 'lag_10': 0.5606272254895557, 'lag_11': 0.19256096171832937, 'lag_12': 0.719243610697201, 'lag_13': 0.15329013193953817, 'lag_14': 0.5165989399176641, 'lag_15': 0.49182400788245256, 'lag_16': 0.44099158521762355, 'lag_17': 0.6811268388294001, 'lag_18': 0.8612131709391462, 'lag_19': 0.24596947030443544, 'lag_20': 0.2559582449453293, 'lag_21': 0.17380137957318384, 'lag_22': 0.34045884646985347, 'lag_23': 0.2856309122746069, 'lag_24': 0.21792400060849293, 'lag_25': 0.6319546829885954, 'lag_26': 0.13216815304425766, 'lag_27': 0.8062113847696486, 'lag_28': 0.6823955869789461}. Best is trial 36 with value: 0.005298312627960716.
[I 2025-09-29 11:58:12,228] Trial 41 finished with value: 0.005442476539556199 and parameters: {'lag_0': 0.1706864091586667, 'lag_1': 0.9543355106721356, 'lag_2': 0.4318980608184607, 'lag_3': 0.7327618435647658, 'lag_4': 0.5254878848364042, 'lag_5': 0.935606281974737, 'lag_6': 0.9337225723542487, 'lag_7': 0.7037871379587003, 'lag_8': 0.2745703777896455, 'lag_9': 0.7738090567190942, 'lag_10': 0.601809330968679, 'lag_11': 0.3468508255368436, 'lag_12': 0.4620070831258158, 'lag_13': 0.07181980852341752, 'lag_14': 0.7043699589366063, 'lag_15': 0.42004005887928564, 'lag_16': 0.34403297358845963, 'lag_17': 0.5401056561324604, 'lag_18': 0.9349000586338984, 'lag_19': 0.11898124547256234, 'lag_20': 0.07323025944936275, 'lag_21': 0.8615063579749093, 'lag_22': 0.12804374046998745, 'lag_23': 0.363545001326495, 'lag_24': 0.12389369806647194, 'lag_25': 0.7404732490193309, 'lag_26': 0.05667111576043099, 'lag_27': 0.5542416359310158, 'lag_28': 0.7491608307832326}. Best is trial 36 with value: 0.005298312627960716.
[I 2025-09-29 11:58:14,857] Trial 42 finished with value: 0.005441833424986805 and parameters: {'lag_0': 0.34224065273384574, 'lag_1': 0.9570638410800045, 'lag_2': 0.28169491851715805, 'lag_3': 0.8170507343509171, 'lag_4': 0.7242097523687478, 'lag_5': 0.91794900560742, 'lag_6': 0.8090655047011441, 'lag_7': 0.767073847017031, 'lag_8': 0.4707170627046459, 'lag_9': 0.862034480790081, 'lag_10': 0.013546263624797827, 'lag_11': 0.05708791450073267, 'lag_12': 0.5401718902210033, 'lag_13': 0.2889130138869537, 'lag_14': 0.7603353863906317, 'lag_15': 0.5340019604702683, 'lag_16': 0.38874203510893535, 'lag_17': 0.6251232167106483, 'lag_18': 0.7725870382694908, 'lag_19': 0.05394425700651397, 'lag_20': 0.8348267062171414, 'lag_21': 0.7498640733041346, 'lag_22': 0.23246156114934968, 'lag_23': 0.1814155871759946, 'lag_24': 0.14656404073150062, 'lag_25': 0.29379632603266526, 'lag_26': 0.22889177500751803, 'lag_27': 0.4874392172244713, 'lag_28': 0.824031101165153}. Best is trial 36 with value: 0.005298312627960716.
[I 2025-09-29 11:58:17,482] Trial 43 finished with value: 0.005441104579637974 and parameters: {'lag_0': 0.2901039364598241, 'lag_1': 0.9932938537318379, 'lag_2': 0.4842646851396074, 'lag_3': 0.9433680335466142, 'lag_4': 0.36308203256686133, 'lag_5': 0.8340618216820586, 'lag_6': 0.713631915475329, 'lag_7': 0.617951226138026, 'lag_8': 0.041662917801188804, 'lag_9': 0.9383027268366456, 'lag_10': 0.4939473667432188, 'lag_11': 0.24676378477477082, 'lag_12': 0.6100717208718487, 'lag_13': 0.19322788623970882, 'lag_14': 0.9157537365268154, 'lag_15': 0.23459745699220402, 'lag_16': 0.539869420744816, 'lag_17': 0.4724770880985184, 'lag_18': 0.8563625391891319, 'lag_19': 0.01852401890923587, 'lag_20': 0.5558013042540441, 'lag_21': 0.11535017752783412, 'lag_22': 0.9147746547944733, 'lag_23': 0.38994953241386365, 'lag_24': 0.4039376213299038, 'lag_25': 0.4848191257140171, 'lag_26': 0.34215445269625067, 'lag_27': 0.6048850258533375, 'lag_28': 0.5768665158100651}. Best is trial 36 with value: 0.005298312627960716.
[I 2025-09-29 11:58:20,122] Trial 44 finished with value: 0.005460831448226569 and parameters: {'lag_0': 0.09139830052036593, 'lag_1': 0.8962738328587484, 'lag_2': 0.7955797710800814, 'lag_3': 0.7472735668525315, 'lag_4': 0.9026845230367662, 'lag_5': 0.9676745978370898, 'lag_6': 0.869060133072529, 'lag_7': 0.4473844571164788, 'lag_8': 0.3791369173662788, 'lag_9': 0.8685880348730644, 'lag_10': 0.429267507707802, 'lag_11': 0.30661757616104296, 'lag_12': 0.36332703068110095, 'lag_13': 0.10770201445605893, 'lag_14': 0.6098221078592111, 'lag_15': 0.6005254173006, 'lag_16': 0.2966216414968513, 'lag_17': 0.7100839929198849, 'lag_18': 0.9545212933594432, 'lag_19': 0.06809278491174418, 'lag_20': 0.12613000906625027, 'lag_21': 0.6313101323674062, 'lag_22': 0.0014967143885369072, 'lag_23': 0.24133209644803916, 'lag_24': 0.8384391907974513, 'lag_25': 0.6351041611515225, 'lag_26': 0.974331191500935, 'lag_27': 0.9989734615445297, 'lag_28': 0.9101843398571565}. Best is trial 36 with value: 0.005298312627960716.
[I 2025-09-29 11:58:22,761] Trial 45 finished with value: 0.005437372257004551 and parameters: {'lag_0': 0.45449523475569575, 'lag_1': 0.8277724195861573, 'lag_2': 0.29937379477879145, 'lag_3': 0.7029728599971807, 'lag_4': 0.6985107827648571, 'lag_5': 0.8084090813899597, 'lag_6': 0.9695933963392257, 'lag_7': 0.5496160319169096, 'lag_8': 0.3043997595412024, 'lag_9': 0.6964463283776876, 'lag_10': 0.5392659802249847, 'lag_11': 0.16650978956699705, 'lag_12': 0.24323801333161468, 'lag_13': 0.2967113236407497, 'lag_14': 0.1975332227780749, 'lag_15': 0.0436632175273621, 'lag_16': 0.4775063679268498, 'lag_17': 0.38755385261258113, 'lag_18': 0.896858126279799, 'lag_19': 0.23601661743344188, 'lag_20': 0.04278335837400886, 'lag_21': 0.4494040773901754, 'lag_22': 0.7860702105935732, 'lag_23': 0.8024847629491088, 'lag_24': 0.28720666234405395, 'lag_25': 0.7815888607350285, 'lag_26': 0.7706081365141014, 'lag_27': 0.6606757418998784, 'lag_28': 0.689098330527809}. Best is trial 36 with value: 0.005298312627960716.
