[I 2025-10-03 11:32:44,217] Trial 38 finished with values: [0.02311111111111111, 0.0012954053145000615, 0.0008525620708123042, 0.001134432296272085, 0.0003023055268378458, 0.00035813571668443027, 0.0016099858090675792, 0.0006250326132568932, 0.001201458965711476, 0.000378470711592317, 0.0009879662911615032, 0.0013775369302426236, 0.0018951727389966515, 0.004126888496153626, 0.0, 0.11763335407264566, 0.001330633038306701, 0.017939449081010136, 0.009867319290111271, 0.0025325666904721152, 0.005596600586238629, 0.0035053776559818505, 0.004906070067365527, 7.717097610803828e-05, 0.0011567581127936246, 0.0008549551352861553, 0.0006595596033483967, 0.00011798726225701825, 0.00045624463128872086] and parameters: {'lag_0': 0.18387280699506608, 'lag_1': 0.4944501357460538, 'lag_2': 0.8720558904192474, 'lag_3': 0.5147839633527744, 'lag_4': 0.21315316364487627, 'lag_5': 0.9300644608446118, 'lag_6': 0.3747868383724699, 'lag_7': 0.2932293896072111, 'lag_8': 0.4300178352143161, 'lag_9': 0.37098234686135956, 'lag_10': 0.8934948323360227, 'lag_11': 0.6419164736346425, 'lag_12': 0.6796409652222034, 'lag_13': 0.7536305954007071, 'lag_14': 0.7280343005506531, 'lag_15': 0.1539967726782828, 'lag_16': 0.5588149124224191, 'lag_17': 0.8753226806263898, 'lag_18': 0.8510771211123914, 'lag_19': 0.23137674914564935, 'lag_20': 0.4898001249926335, 'lag_21': 0.5967497751433517, 'lag_22': 0.297299469880074, 'lag_23': 0.9708193452206808, 'lag_24': 0.557016285528855, 'lag_25': 0.39043968980156474, 'lag_26': 0.4803215495962277, 'lag_27': 0.5010392932544037, 'lag_28': 0.805403263160053}.
[I 2025-10-03 11:32:46,884] Trial 39 finished with values: [0.009383851579847625, 0.0076028258714652295, 0.001468976177221824, 0.000387993770853171, 0.00039227647567240207, 0.0011763417517790119, 0.0008347448034760445, 8.151601183663478e-05, 0.0001993838377901002, 0.00023374503160989755, 0.0012019585411761704, 0.0010184442742333776, 0.0017533730376608774, 0.005263303313226689, 0.0, 0.11171830846157371, 0.0009129170018150872, 0.019150223936780893, 0.01023543450706272, 0.002797583158616457, 0.004055832724785123, 0.0037324364500679586, 0.0038303323638582388, 5.8554272963551314e-05, 0.0016762024398575572, 0.00033095903872533747, 0.0008196944262131844, 0.0001848238386471841, 2.2101905113130516e-05] and parameters: {'lag_0': 0.7804240587257237, 'lag_1': 0.3090046864717229, 'lag_2': 0.41789394462255314, 'lag_3': 0.585304547865565, 'lag_4': 0.3607241271302534, 'lag_5': 0.8372245517783823, 'lag_6': 0.7450108252955409, 'lag_7': 0.5998098546409738, 'lag_8': 0.5856569176790175, 'lag_9': 0.5598843718926917, 'lag_10': 0.7507849412920662, 'lag_11': 0.49524429569414935, 'lag_12': 0.15919534651386252, 'lag_13': 0.4517733219978929, 'lag_14': 0.08686668803450234, 'lag_15': 0.19002036577207432, 'lag_16': 0.8175957693829703, 'lag_17': 0.5375107588359925, 'lag_18': 0.26941455984479407, 'lag_19': 0.2462186332429929, 'lag_20': 0.1812791357792844, 'lag_21': 0.6263468680999815, 'lag_22': 0.8437091602956148, 'lag_23': 0.07930604920852016, 'lag_24': 0.9642276430228496, 'lag_25': 0.49540859310030894, 'lag_26': 0.7363454077792316, 'lag_27': 0.9969460521682998, 'lag_28': 0.6094075395882204}.
[I 2025-10-03 11:32:49,552] Trial 40 finished with values: [0.1519274376417234, 0.00262842841909658, 0.001883619671929837, 0.0005183418284094382, 0.0007390261171945159, 0.00015323250500864184, 0.002726427558932302, 0.0003820325965787428, 0.0004805556127310779, 0.0006228525466027543, 0.0008398852158433501, 0.0009859932950924233, 0.0025349279736458356, 0.0056977241642780715, 0.0, 0.1177473918975492, 0.0011169386634311417, 0.0189757627434162, 0.0105584862307763, 0.0023067401741075815, 0.004069876658841476, 0.0040009144615493885, 0.004419421937942019, 4.82135215030583e-05, 0.0010530835318962968, 0.0008542418319718923, 0.0004331897923823552, 0.00027435908177354535, 0.0009414457595117186] and parameters: {'lag_0': 0.16662431967763058, 'lag_1': 0.4323149799917523, 'lag_2': 0.05451023526853821, 'lag_3': 0.18821316944806088, 'lag_4': 0.18227666540264323, 'lag_5': 0.4847170649780971, 'lag_6': 0.7678200160537966, 'lag_7': 0.6832598051435596, 'lag_8': 0.4403094896463318, 'lag_9': 0.8161962308632623, 'lag_10': 0.9356598694265762, 'lag_11': 0.9876516077834268, 'lag_12': 0.6328395916232474, 'lag_13': 0.24967909781558398, 'lag_14': 0.9917201970609497, 'lag_15': 0.3408455704269125, 'lag_16': 0.2682355383063897, 'lag_17': 0.3476895539205953, 'lag_18': 0.161118069229569, 'lag_19': 0.943794232594956, 'lag_20': 0.8430405974833344, 'lag_21': 0.3104672483299929, 'lag_22': 0.23852621837055155, 'lag_23': 0.3148356419010953, 'lag_24': 0.6795025334642101, 'lag_25': 0.15072867130317774, 'lag_26': 0.18917850501688255, 'lag_27': 0.09601668698405803, 'lag_28': 0.40366859637972574}.
[I 2025-10-03 11:32:52,212] Trial 41 finished with values: [0.019369614512471652, 0.0014535913274660874, 0.0011776770598165612, 0.0016818022880318057, 0.0005694223730541571, 0.0008340238848895509, 0.00162721107555274, 0.0003174973414420227, 0.00034883897759842964, 0.00028426807599398764, 0.0011927753781896479, 0.00036430207349629244, 0.0021194591258787174, 0.005085053352598248, 0.0, 0.11310559182894697, 0.0012844884470492373, 0.01895366343919565, 0.010708629854552749, 0.0020497439503344844, 0.004339256146044431, 0.003308054552526467, 0.004102531300481691, 9.738677728221043e-05, 0.0014786326372382818, 0.001059167145391042, 0.0007813109346214922, 0.0009055141290774827, 0.00010799427424398819] and parameters: {'lag_0': 0.6363580300597027, 'lag_1': 0.5614103871274697, 'lag_2': 0.3690595907091563, 'lag_3': 0.6688135691422475, 'lag_4': 0.39454196209208725, 'lag_5': 0.5292649871359527, 'lag_6': 0.08477154741719135, 'lag_7': 0.46159728113693177, 'lag_8': 0.47999455909673217, 'lag_9': 0.03874594053156724, 'lag_10': 0.011764577177604506, 'lag_11': 0.3140861656289194, 'lag_12': 0.49982341999762253, 'lag_13': 0.8027949799694415, 'lag_14': 0.7095753149254335, 'lag_15': 0.6383401010701049, 'lag_16': 0.7959156519882283, 'lag_17': 0.05298502639909801, 'lag_18': 0.8692790985263845, 'lag_19': 0.6023767800408584, 'lag_20': 0.4117184518940543, 'lag_21': 0.7997130294762943, 'lag_22': 0.26427454836463604, 'lag_23': 0.47004049579204715, 'lag_24': 0.0005349956365326793, 'lag_25': 0.5909986038321681, 'lag_26': 0.41351216356514603, 'lag_27': 0.893761767662068, 'lag_28': 0.9142509288193365}.
[I 2025-10-03 11:32:54,872] Trial 42 finished with values: [0.018402777777777775, 0.0036845312116376124, 0.0011158834367560717, 0.0004887475833804814, 0.00041051225217473176, 0.0002464807150396345, 0.0008626800310527373, 0.0009020828002503561, 0.0006700095740737941, 0.0006249252332251161, 0.000820274745109883, 0.0008349379341428814, 0.0018196557638467856, 0.004804396794756172, 0.0, 0.11246712425605412, 0.000860997181331335, 0.020061979866336406, 0.009733161771202889, 0.0029671680594382495, 0.004420971434220876, 0.00323905195213006, 0.004287892595505211, 3.3573678282801106e-05, 0.0012620222202976157, 0.0004697826686451448, 0.0005550537255417498, 0.00031271837330915705, 0.000265570807697739] and parameters: {'lag_0': 0.2519895104899864, 'lag_1': 0.9107033695832186, 'lag_2': 0.6995022910111965, 'lag_3': 0.47325083167698717, 'lag_4': 0.31469590733955366, 'lag_5': 0.9894172980065993, 'lag_6': 0.5061030090593677, 'lag_7': 0.2525110700286059, 'lag_8': 0.9692705394471417, 'lag_9': 0.22816870031530748, 'lag_10': 0.3993391517972781, 'lag_11': 0.9615797116700275, 'lag_12': 0.39021971219732554, 'lag_13': 0.3688053046526894, 'lag_14': 0.8556516451524776, 'lag_15': 0.9090003230754995, 'lag_16': 0.9213080643395469, 'lag_17': 0.7204070211763138, 'lag_18': 0.23351874209329757, 'lag_19': 0.7384858401087349, 'lag_20': 0.22789990588324802, 'lag_21': 0.1748658870313718, 'lag_22': 0.5711090655126854, 'lag_23': 0.8854252721803266, 'lag_24': 0.7280029724687965, 'lag_25': 0.6916008440134588, 'lag_26': 0.6763410724469794, 'lag_27': 0.3368977860974353, 'lag_28': 0.9422541301597902}.
[I 2025-10-03 11:32:57,535] Trial 43 finished with values: [0.01942529110361278, 0.002312042709982253, 0.0012559724875339927, 0.000610198228259672, 0.00030223961160207887, 0.0012878475673409762, 0.002184253959136317, 0.0008903694143777296, 0.0008337487951747665, 0.0004732843231823983, 0.0010520838010123759, 0.0008469713711799986, 0.0022869417163397495, 0.004262241984723629, 0.0, 0.1245438593791591, 0.0007430734145365104, 0.020487288397371795, 0.010883398669500057, 0.002681251150856943, 0.004721366174818457, 0.004432598687228146, 0.004463289828292718, 7.379673915641053e-05, 0.0011671348464244364, 0.0005571244485362876, 0.0005407283515318715, 0.00016271507442617352, 0.0004153098770284121] and parameters: {'lag_0': 0.32490716233483535, 'lag_1': 0.8630842641866908, 'lag_2': 0.4742923873868439, 'lag_3': 0.8719264134007275, 'lag_4': 0.7879519755678058, 'lag_5': 0.19978177794559038, 'lag_6': 0.04338253410721408, 'lag_7': 0.4621140405644178, 'lag_8': 0.5706426852787196, 'lag_9': 0.8596971440987261, 'lag_10': 0.8018339139168699, 'lag_11': 0.38446667065239465, 'lag_12': 0.06899924971479586, 'lag_13': 0.2913033905693119, 'lag_14': 0.20346834738683686, 'lag_15': 0.10388456390615737, 'lag_16': 0.335636184357776, 'lag_17': 0.6903709482051487, 'lag_18': 0.6987604844868368, 'lag_19': 0.43870363878902224, 'lag_20': 0.29889928975739516, 'lag_21': 0.7231804073022668, 'lag_22': 0.7755485468285497, 'lag_23': 0.5393528147461873, 'lag_24': 0.4437160658035126, 'lag_25': 0.13695156271657613, 'lag_26': 0.6196657873681334, 'lag_27': 0.9185956930303498, 'lag_28': 0.8084316380879314}.
[I 2025-10-03 11:33:00,208] Trial 44 finished with values: [0.019454089506172837, 0.0019491311101573609, 0.001054803566000307, 0.0003374774412498819, 0.0005046666773437609, 0.0003118814312929374, 0.0009547954610369388, 0.0003674177626360851, 0.001101623251988556, 0.0004064745358173702, 0.0005735057372046382, 0.0006814649677178755, 0.0021614240624322047, 0.004598271107608248, 0.0, 0.10953260465220578, 0.0009231948228576568, 0.018381751982243566, 0.01061115008490816, 0.0023080799039292546, 0.004109056072702575, 0.0036713908205063587, 0.004595692197957947, 3.6009650385550815e-05, 0.0013731448179299468, 0.0006786970133192095, 0.0007467558703316807, 0.00012477722799770336, 0.0005190740095734435] and parameters: {'lag_0': 0.5235644964634966, 'lag_1': 0.3896369207238648, 'lag_2': 0.731051750841903, 'lag_3': 0.38268107892917436, 'lag_4': 0.7507258496546871, 'lag_5': 0.47913074604281286, 'lag_6': 0.5936198598420117, 'lag_7': 0.8013613177088463, 'lag_8': 0.06787622939068369, 'lag_9': 0.17413761866622227, 'lag_10': 0.2229202296809392, 'lag_11': 0.7474198217289886, 'lag_12': 0.640258308820216, 'lag_13': 0.14020611143556544, 'lag_14': 0.2904964485764241, 'lag_15': 0.5297510431618518, 'lag_16': 0.6550889704049544, 'lag_17': 0.03776696306223684, 'lag_18': 0.15772361991929723, 'lag_19': 0.5676424753638679, 'lag_20': 0.9653181026914498, 'lag_21': 0.7051145177836505, 'lag_22': 0.5740594305883173, 'lag_23': 0.4709924863505627, 'lag_24': 0.7332189137582339, 'lag_25': 0.23957315783053182, 'lag_26': 0.015653582772692118, 'lag_27': 0.22524711984597956, 'lag_28': 0.2746743153710254}.
[I 2025-10-03 11:33:02,873] Trial 45 finished with values: [0.02777777777777778, 0.002388824325804012, 0.0012184563319808156, 0.00022800350912177613, 0.0017092986940561849, 0.0010583371833229104, 0.002019510731501267, 0.0007508993370492596, 0.001346345308899184, 0.0008511957531132196, 0.0004991860756028006, 0.00048736966762515696, 0.0019469897123570283, 0.005540169856459022, 0.0, 0.10736153885736859, 0.0008837301106971559, 0.018615604149559102, 0.010975724110195467, 0.002292228655236785, 0.0041680865743806365, 0.0028461184160083553, 0.005666645518971716, 4.409732710177173e-05, 0.0012455313041301076, 0.0006320290713740186, 0.00040090786105217676, 0.0003661403552742533, 0.0008272351735284275] and parameters: {'lag_0': 0.14801809727480433, 'lag_1': 0.3560979116443924, 'lag_2': 0.7509206647257458, 'lag_3': 0.13527311661305133, 'lag_4': 0.1946891332294401, 'lag_5': 0.09803202447897132, 'lag_6': 0.1075536566991688, 'lag_7': 0.8109889383314862, 'lag_8': 0.8421978654219545, 'lag_9': 0.7260604917394994, 'lag_10': 0.8682213219431559, 'lag_11': 0.5959726907101338, 'lag_12': 0.362182240688114, 'lag_13': 0.07834463167428465, 'lag_14': 0.662056976861618, 'lag_15': 0.1948754774381874, 'lag_16': 0.8895244029803866, 'lag_17': 0.6201864394309078, 'lag_18': 0.462718304833492, 'lag_19': 0.9623751454605524, 'lag_20': 0.28044108413892027, 'lag_21': 0.05431298336254459, 'lag_22': 0.027839893748974994, 'lag_23': 0.7792630792863507, 'lag_24': 0.976147267132534, 'lag_25': 0.842289300078386, 'lag_26': 0.5185920984490275, 'lag_27': 0.7133592507281117, 'lag_28': 0.7396566638004864}.
[I 2025-10-03 11:33:05,539] Trial 46 finished with values: [0.017555555555555553, 0.0011698043338877373, 0.0028995574976170787, 0.0002428801465416833, 0.0012185977918149967, 0.00020578315871357493, 0.0019184503536521312, 0.0004627085260028462, 0.0007313056047933322, 0.0005136622064935268, 0.0008048643639354402, 0.0012883146378904464, 0.002003814449133455, 0.004671511321331458, 0.0, 0.1128631533584403, 0.0005166016587870617, 0.02051492190380879, 0.01040561904392397, 0.0022928919747092643, 0.0041467823537402, 0.0035457179725483278, 0.004446969853444991, 0.0001626507122129737, 0.0012372326041931974, 0.0008310749365526157, 0.000594034945692606, 0.00014135350882290507, 0.0005246900704757279] and parameters: {'lag_0': 0.3285116408896634, 'lag_1': 0.5193529310926336, 'lag_2': 0.7285241072992537, 'lag_3': 0.2258684492932225, 'lag_4': 0.17732371379400014, 'lag_5': 0.04660191917176843, 'lag_6': 0.9437534062998355, 'lag_7': 0.403623906562195, 'lag_8': 0.865005567299684, 'lag_9': 0.18839074059274205, 'lag_10': 0.8769634417756089, 'lag_11': 0.30028527017018947, 'lag_12': 0.684182862064203, 'lag_13': 0.11450208089288515, 'lag_14': 0.6374309751478335, 'lag_15': 0.9676206463358893, 'lag_16': 0.8487913072858323, 'lag_17': 0.5348629164495515, 'lag_18': 0.516284076977809, 'lag_19': 0.04739096001067315, 'lag_20': 0.7520612229722833, 'lag_21': 0.6747975090450491, 'lag_22': 0.6493217732709242, 'lag_23': 0.6847992518471558, 'lag_24': 0.9096199921269217, 'lag_25': 0.07995106040937984, 'lag_26': 0.2625032229433525, 'lag_27': 0.73387188974688, 'lag_28': 0.7963216716495028}.
[I 2025-10-03 11:33:08,202] Trial 47 finished with values: [0.013995064279155187, 0.0022643326837968316, 0.0008704294993346556, 0.001489804954643987, 0.0008983233026519861, 0.0006051826951958224, 0.00030117544619648367, 0.000623874230013729, 0.0008331016097550307, 0.00018738239742160747, 0.0008734987995746282, 0.000489729052733872, 0.0034954510087593683, 0.005710303668159241, 0.0, 0.10660854547048426, 0.0004685441727589167, 0.019641209638334205, 0.010500272612582753, 0.0019539720644455496, 0.0043574130619490475, 0.003607629656737757, 0.004007433264547845, 2.6605769097659105e-05, 0.0014587644285521666, 0.0006809624275453176, 0.0006135615080858528, 8.407845416628638e-05, 0.0006544496804073457] and parameters: {'lag_0': 0.6158357981458435, 'lag_1': 0.26547182778980694, 'lag_2': 0.3598636936057897, 'lag_3': 0.9447756123250678, 'lag_4': 0.6536229472335562, 'lag_5': 0.9770173771303301, 'lag_6': 0.3701233812624447, 'lag_7': 0.2112242192553675, 'lag_8': 0.8703220263673032, 'lag_9': 0.5845942061441991, 'lag_10': 0.36290934443640643, 'lag_11': 0.22649018111139976, 'lag_12': 0.5858002918652995, 'lag_13': 0.49470253219159793, 'lag_14': 0.6905093198924727, 'lag_15': 0.17752792224173808, 'lag_16': 0.7933602044424659, 'lag_17': 0.2896328818247658, 'lag_18': 0.813144856068471, 'lag_19': 0.39591919081299465, 'lag_20': 0.8820411591821908, 'lag_21': 0.5805765011456696, 'lag_22': 0.6762752558790498, 'lag_23': 0.2531949838704971, 'lag_24': 0.045506038812444215, 'lag_25': 0.33146301523746646, 'lag_26': 0.27093126610212437, 'lag_27': 0.5351548807571949, 'lag_28': 0.2629695842865381}.
[I 2025-10-03 11:33:10,864] Trial 48 finished with values: [0.013502267573696144, 0.004290376525123476, 0.0003941487975314097, 0.0011335069709767348, 0.0005111228958190918, 0.0005591331347680983, 0.001375152405652958, 0.0005904522881556272, 0.00026529224894750864, 0.00045122743904692724, 0.0010153392950630858, 0.0007069903927131977, 0.0025687434204524394, 0.0038038338832627945, 0.0, 0.11627551653024666, 0.0008973420653251768, 0.019950348306203524, 0.010835191019824851, 0.002717533980670229, 0.004217256312983133, 0.003650471696741165, 0.004332218190458366, 0.00010304833557272616, 0.0011289123573758682, 0.0011692823666014196, 0.0003297462130014136, 0.00015690753115417774, 0.0004796910993370881] and parameters: {'lag_0': 0.1467814202071698, 'lag_1': 0.9510997856377924, 'lag_2': 0.14360978715321543, 'lag_3': 0.24533210147545642, 'lag_4': 0.753354122204927, 'lag_5': 0.43635253048210265, 'lag_6': 0.6774957153859003, 'lag_7': 0.25107002200777384, 'lag_8': 0.4196282053689944, 'lag_9': 0.1329960073977067, 'lag_10': 0.385797693231602, 'lag_11': 0.04880402304971546, 'lag_12': 0.8743566906591475, 'lag_13': 0.7688281511251032, 'lag_14': 0.6137250088406833, 'lag_15': 0.013393725905943265, 'lag_16': 0.8572953014006616, 'lag_17': 0.6835927515903778, 'lag_18': 0.17863726428460783, 'lag_19': 0.6454424610451354, 'lag_20': 0.5710341818086138, 'lag_21': 0.4304324300985719, 'lag_22': 0.39761797506615343, 'lag_23': 0.4916225324126944, 'lag_24': 0.2810927117665192, 'lag_25': 0.02204918539263913, 'lag_26': 0.29500175157026104, 'lag_27': 0.2276403754178936, 'lag_28': 0.7746417344717875}.
[I 2025-10-03 11:33:13,524] Trial 49 finished with values: [0.02256944444444444, 0.0019162615415180616, 0.0010066076521401076, 0.0014897585454309438, 0.0002885442652768322, 0.00035136150704664774, 0.0011100191642112018, 0.0010257972741852216, 0.0006978839327983729, 0.0004825747297424525, 0.0007163765625239145, 0.0008181109544215949, 0.0025357895153089996, 0.005597049705802218, 0.0, 0.1039225636237141, 0.00022989925106969549, 0.01963852000754054, 0.010730207057088003, 0.0019586066987631375, 0.004545718572350976, 0.0033889111313300884, 0.004152270184585257, 6.87233083630095e-05, 0.0007879276670198596, 0.0011295615788148086, 0.0003130834370832224, 0.00024547302119577784, 0.00014535107396556983] and parameters: {'lag_0': 0.4770585848575178, 'lag_1': 0.3476408966390979, 'lag_2': 0.31238066047260454, 'lag_3': 0.08120650020570412, 'lag_4': 0.624094841409319, 'lag_5': 0.11803389553821562, 'lag_6': 0.2846366284307858, 'lag_7': 0.6660763911766178, 'lag_8': 0.278769065567791, 'lag_9': 0.08527390030461597, 'lag_10': 0.8529089401695563, 'lag_11': 0.4414680908505207, 'lag_12': 0.19858318386450297, 'lag_13': 0.5086597287079516, 'lag_14': 0.7193783253954088, 'lag_15': 0.043201804116538844, 'lag_16': 0.2020740112173815, 'lag_17': 0.040928378243808385, 'lag_18': 0.37025613484456843, 'lag_19': 0.5703635944101819, 'lag_20': 0.13354025729675645, 'lag_21': 0.06766284166160269, 'lag_22': 0.5007592381120134, 'lag_23': 0.8021877248857685, 'lag_24': 0.33541036111748557, 'lag_25': 0.6042155430497425, 'lag_26': 0.7911270761802939, 'lag_27': 0.6586418544859715, 'lag_28': 0.9164426682975284}.
[I 2025-10-03 11:33:16,192] Trial 50 finished with values: [0.02222222222222222, 0.0020896623776782753, 0.0013030218887648327, 0.001508062272054533, 0.0005805691326437371, 0.0003844730893103112, 0.0026757190833331685, 0.0002472511770181626, 0.0014558584485378652, 0.0001356170933552591, 0.0008956284431713817, 0.0012129555214105603, 0.0016222621213997802, 0.006726704248991201, 0.0, 0.10753783365220462, 0.0008146188133885835, 0.02047575568043616, 0.009481952197790697, 0.0025928763980676436, 0.004682604828957761, 0.0030163427510160766, 0.0045289522452647635, 7.181107154982629e-05, 0.0007780357819726547, 0.00041314647066987583, 0.001017160569191182, 0.0002550157539137475, 0.0004557598724214287] and parameters: {'lag_0': 0.9966289460280584, 'lag_1': 0.24772826965204295, 'lag_2': 0.9099692813170895, 'lag_3': 0.17231063822381018, 'lag_4': 0.33756769388086044, 'lag_5': 0.3884603802265903, 'lag_6': 0.36426883170492264, 'lag_7': 0.3916613898335809, 'lag_8': 0.9958255451990994, 'lag_9': 0.3711174022462759, 'lag_10': 0.655478946163564, 'lag_11': 0.2991162955462864, 'lag_12': 0.35749526256337305, 'lag_13': 0.6897664816283599, 'lag_14': 0.8828155898223071, 'lag_15': 0.616673346416638, 'lag_16': 0.38043037026778376, 'lag_17': 0.9553524855578396, 'lag_18': 0.6191676457602507, 'lag_19': 0.4479347932561878, 'lag_20': 0.5016112920881678, 'lag_21': 0.5313129735803979, 'lag_22': 0.49414159463939, 'lag_23': 0.353418899231488, 'lag_24': 0.10177939945020212, 'lag_25': 0.25361919673806316, 'lag_26': 0.48613019855472406, 'lag_27': 0.482700104914281, 'lag_28': 0.3153226432320347}.
