[I 2025-10-03 11:36:52,324] Trial 29 finished with values: [0.018538537328970848, 0.004495493870845303, 0.0016096254153139186, 0.0012287831861767411, 0.0028058715107853968, 0.0033694160368967726, 0.0026915522761830697, 0.002033663487670237, 0.0013773672119951213, 0.00030602099554143336, 0.0003789616346747531, 0.00023949062785450656, 0.010151293029998518, 0.023555151675486097, 0.0, 0.02507700975970319, 0.01379903968798823, 0.0042307638690670364, 0.0009689092134759937, 2.9191100967491274e-05, 0.0008806792615827528, 0.0014072499823964365, 0.0012337613664595978, 0.001708634693678747, 0.00019134338306284936, 0.00019727437539538277, 0.0009709964721276231, 0.0008256332623587402, 0.0002596433517137081] and parameters: {'lag_0': 0.9582022209386063, 'lag_1': 0.36671936530190746, 'lag_2': 0.7178201029398583, 'lag_3': 0.06884838891920592, 'lag_4': 0.4592202862580207, 'lag_5': 0.15731916014957922, 'lag_6': 0.700640137306309, 'lag_7': 0.014483619955967099, 'lag_8': 0.501994826140163, 'lag_9': 0.91676548070504, 'lag_10': 0.03720816876349363, 'lag_11': 0.08339033130742733, 'lag_12': 0.2516755647214377, 'lag_13': 0.08216333245884477, 'lag_14': 0.5733563286279161, 'lag_15': 0.6440009097361923, 'lag_16': 0.6407443539113917, 'lag_17': 0.16397122280808796, 'lag_18': 0.8928214189915217, 'lag_19': 0.6081805628719343, 'lag_20': 0.7942949119756284, 'lag_21': 0.862140658258767, 'lag_22': 0.22514697697089733, 'lag_23': 0.7962223310132491, 'lag_24': 0.22479740735461862, 'lag_25': 0.02639401062788364, 'lag_26': 0.9335963260400552, 'lag_27': 0.46756510222546166, 'lag_28': 0.8340795825300644}.
[I 2025-10-03 11:36:54,989] Trial 30 finished with values: [0.03685260838422221, 0.0010706528364261812, 0.00044633965267765256, 0.0002806684487309216, 0.005922636354266382, 0.0012491970771089423, 0.003485907510235061, 0.0007339358482383339, 0.003080919570135196, 0.001066449632216943, 0.0005945223463736657, 6.175676165841621e-05, 0.009187078533576126, 0.020649380269440916, 0.0, 0.030892816168665637, 0.01653048087797874, 0.0039409080357583025, 0.0005908296232130259, 0.00019276202530359109, 0.0008716784581300043, 0.0016101267626938646, 0.0008505462902924932, 0.0019578241773257608, 0.00026734618552526893, 0.00014054712761459484, 0.0013162106633782878, 0.0014351702095001524, 0.0020396801042040927] and parameters: {'lag_0': 0.7490818931199583, 'lag_1': 0.7116399796199336, 'lag_2': 0.10640119034431995, 'lag_3': 0.2193244550033264, 'lag_4': 0.9261673345830723, 'lag_5': 0.34282785920975684, 'lag_6': 0.36339165678706303, 'lag_7': 0.8813399336321358, 'lag_8': 0.7661899980568524, 'lag_9': 0.0002174854352775912, 'lag_10': 0.8817881668404078, 'lag_11': 0.08719090290097542, 'lag_12': 0.8142697642807684, 'lag_13': 0.8360993177731446, 'lag_14': 0.3028094918795588, 'lag_15': 0.08416725576151413, 'lag_16': 0.7748730546668746, 'lag_17': 0.4416774554356463, 'lag_18': 0.3181200754422834, 'lag_19': 0.30960289897865656, 'lag_20': 0.1032780959893464, 'lag_21': 0.43545063429512604, 'lag_22': 0.9761056582672087, 'lag_23': 0.4706552410436372, 'lag_24': 0.6725620319271475, 'lag_25': 0.07715888303738662, 'lag_26': 0.6893320145217328, 'lag_27': 0.8848469177280501, 'lag_28': 0.43759869509109417}.
[I 2025-10-03 11:36:57,653] Trial 31 finished with values: [0.010502883534932908, 0.0011740952570806571, 0.0008904433117586975, 0.0004944604702101604, 0.004389570247387514, 0.0018444795916220762, 0.0020482334334449284, 0.0020613743500731167, 0.00249871289042533, 0.0007822913349391613, 0.000699626850928191, 0.00023745896009129655, 0.00884536388428887, 0.01999337719480274, 0.0, 0.026424541825016586, 0.016773624639408537, 0.004186775578800098, 0.000908058015737604, 0.00010030331610405837, 0.0008513879704445599, 0.0009784209810475327, 0.0010376387774928045, 0.0012670873463153606, 0.00046884658216491673, 6.420402829668484e-05, 0.0012784114808351245, 0.0012554023758165327, 0.0018011752207602021] and parameters: {'lag_0': 0.0480395402713668, 'lag_1': 0.3854252744833927, 'lag_2': 0.5183448578348413, 'lag_3': 0.47655940165484295, 'lag_4': 0.2453406692566484, 'lag_5': 0.2593687264443878, 'lag_6': 0.741067344077719, 'lag_7': 0.6322682580512228, 'lag_8': 0.8975769665852659, 'lag_9': 0.9212451652905191, 'lag_10': 0.032055217935533356, 'lag_11': 0.19857864556751992, 'lag_12': 0.7058660597523226, 'lag_13': 0.666959753625708, 'lag_14': 0.15861620486060501, 'lag_15': 0.5683747791194057, 'lag_16': 0.09915819609065345, 'lag_17': 0.26909010351066265, 'lag_18': 0.22689581998956893, 'lag_19': 0.7431020234896258, 'lag_20': 0.6137514371473866, 'lag_21': 0.22108153941737135, 'lag_22': 0.7795578350456038, 'lag_23': 0.7599168095314244, 'lag_24': 0.22438939930199236, 'lag_25': 0.8243785648024462, 'lag_26': 0.12016138103197825, 'lag_27': 0.5551020565735454, 'lag_28': 0.7463006171243752}.
[I 2025-10-03 11:37:00,320] Trial 32 finished with values: [0.017215281908916646, 0.004029662766800529, 0.0013278908723303336, 0.0009992201562837992, 0.0024836012086692414, 0.004359093461284801, 0.0016229299481891376, 0.0038279008234254723, 0.0024102586567180924, 0.0004787220843308623, 0.0008941685086346531, 0.00017515737209499344, 0.008262777377896676, 0.018588234207706, 0.0, 0.028704141027664897, 0.016166996303287513, 0.0041484389470248465, 0.0009177589256616428, 6.457759943077695e-05, 0.0010800077407453774, 0.0009828989573971857, 0.0011245656117485985, 0.0019498587840359786, 0.00017212459829830677, 0.00010995604619958156, 0.0012088326842151422, 0.002628909594786457, 0.0017949601679070955] and parameters: {'lag_0': 0.4908637791713398, 'lag_1': 0.191363325147117, 'lag_2': 0.3642771213057908, 'lag_3': 0.33818880990240907, 'lag_4': 0.5063836855780918, 'lag_5': 0.5299552422248491, 'lag_6': 0.2808785261366821, 'lag_7': 0.6910594493173038, 'lag_8': 0.020482412176719842, 'lag_9': 0.23606561788421324, 'lag_10': 0.8232235356327516, 'lag_11': 0.003562833141832238, 'lag_12': 0.7765098821087811, 'lag_13': 0.9641841454836511, 'lag_14': 0.022777725664525867, 'lag_15': 0.422347785715906, 'lag_16': 0.8975460976459373, 'lag_17': 0.4071233873607875, 'lag_18': 0.4346774652015551, 'lag_19': 0.14845959523121002, 'lag_20': 0.7516157553931084, 'lag_21': 0.5520927733342451, 'lag_22': 0.4908535602441308, 'lag_23': 0.24192204011644952, 'lag_24': 0.6008821178820829, 'lag_25': 0.997413218299207, 'lag_26': 0.5680896049823102, 'lag_27': 0.24817988470531727, 'lag_28': 0.6338625108772309}.
[I 2025-10-03 11:37:02,981] Trial 33 finished with values: [0.013031677572873287, 0.007260848980111592, 0.0008957238370576809, 0.0006917754632742698, 0.002487850898810144, 0.00296021649644095, 0.002605662248228356, 0.0022256695714438757, 0.0033543284481738745, 0.0011117660064721268, 0.0006806110432504889, 0.0002719376995755387, 0.008833815458904205, 0.02075876079762046, 0.0, 0.02151460494130304, 0.014150942742044193, 0.004168890401772885, 0.0007348699517387867, 9.978977661230179e-05, 0.0009177334582962254, 0.0017441519911057357, 0.0007136876970534721, 0.0014454065659192362, 0.0003265826060773739, 5.630266483061465e-05, 0.0014871047344377458, 0.0010942026406612528, 0.0009306375402802259] and parameters: {'lag_0': 0.6904003763154313, 'lag_1': 0.4356225616052281, 'lag_2': 0.882714254548841, 'lag_3': 0.12673290414189484, 'lag_4': 0.5583418164531795, 'lag_5': 0.19162052573477942, 'lag_6': 0.2625965342650068, 'lag_7': 0.6854267642535584, 'lag_8': 0.9119468155773294, 'lag_9': 0.013400086069278337, 'lag_10': 0.9503084234912961, 'lag_11': 0.7057959949216086, 'lag_12': 0.15500567042110233, 'lag_13': 0.9428883400159387, 'lag_14': 0.7534878655341378, 'lag_15': 0.82955473699382, 'lag_16': 0.0999729203130373, 'lag_17': 0.24305172129397687, 'lag_18': 0.678465231269977, 'lag_19': 0.4589954421276855, 'lag_20': 0.5799763101974271, 'lag_21': 0.6817344353631943, 'lag_22': 0.7242989470757834, 'lag_23': 0.960050353299362, 'lag_24': 0.8967430219851543, 'lag_25': 0.3497092638108011, 'lag_26': 0.8326436250586798, 'lag_27': 0.17651803913965564, 'lag_28': 0.3600292672230236}.
[I 2025-10-03 11:37:05,645] Trial 34 finished with values: [0.009720453083077372, 0.0011343928546137375, 0.005733444395592636, 0.00016698395744907846, 0.0025136142363217048, 0.002795940890977027, 0.0019640837166882683, 0.0015587734996894956, 0.0021652237969109088, 0.0005601151043072152, 0.0005865948440317252, 0.0003344888839105243, 0.009191324170498883, 0.022968976194222356, 0.0, 0.027285512528698524, 0.016397367497486576, 0.004443474101964483, 0.0010189691636154476, 7.214817361678482e-05, 0.0006410284861119956, 0.0014879963793049504, 0.0006367201492817176, 0.0016026960341118883, 0.00019298204350719057, 0.00013880703954771077, 0.0004808095307492396, 0.0016949314267146395, 0.0031362359126277627] and parameters: {'lag_0': 0.42459754821029877, 'lag_1': 0.33858201838624896, 'lag_2': 0.4845789194976126, 'lag_3': 0.934509652201822, 'lag_4': 0.340065296465539, 'lag_5': 0.7687696448289348, 'lag_6': 0.8743476756119132, 'lag_7': 0.6686600192028859, 'lag_8': 0.24258235481812665, 'lag_9': 0.40443332693423684, 'lag_10': 0.46443615607829475, 'lag_11': 0.4440625750691966, 'lag_12': 0.06555418731139488, 'lag_13': 0.0008162541948699055, 'lag_14': 0.5089137859262228, 'lag_15': 0.4164012389105637, 'lag_16': 0.4025474914511189, 'lag_17': 0.3802417342388413, 'lag_18': 0.8622129441567783, 'lag_19': 0.4745115966418574, 'lag_20': 0.7797629182474168, 'lag_21': 0.19233654031302116, 'lag_22': 0.7457489672312292, 'lag_23': 0.8936278577929416, 'lag_24': 0.45635448939209694, 'lag_25': 0.14616105860698905, 'lag_26': 0.05185241838388107, 'lag_27': 0.16749155219685966, 'lag_28': 0.2506185937984303}.
[I 2025-10-03 11:37:08,312] Trial 35 finished with values: [0.0214158239143367, 0.007928352319102785, 0.0016888379936007675, 0.0011869753552737152, 0.003171293875909481, 0.0044378199373754255, 0.003422892348327386, 0.0024766603250165184, 0.0021867688964275194, 0.0004936274027620686, 0.0005305852856088175, 0.00011148197429732359, 0.00814476512940732, 0.020716224134122822, 0.0, 0.02381328136709051, 0.016601175327205744, 0.003559327167425986, 0.0004830566650463154, 0.00014704069222519928, 0.0009290428579337313, 0.0012373897822717953, 0.0011513543880270556, 0.001836312964864089, 0.00013901169827242014, 5.628260742836367e-05, 0.0014587444458122574, 0.002075413387823021, 0.0017791658165642172] and parameters: {'lag_0': 0.0794570570249115, 'lag_1': 0.2521566008463443, 'lag_2': 0.012330105844211537, 'lag_3': 0.8777016850508619, 'lag_4': 0.3830104483103022, 'lag_5': 0.11763327547897563, 'lag_6': 0.3675611303351893, 'lag_7': 0.6780859331196717, 'lag_8': 0.9002638688530262, 'lag_9': 0.4461031659530576, 'lag_10': 0.6475203022570931, 'lag_11': 0.7762164236654484, 'lag_12': 0.22080105383442522, 'lag_13': 0.1315657832741842, 'lag_14': 0.8917657285039887, 'lag_15': 0.8118596903055845, 'lag_16': 0.4402128712258505, 'lag_17': 0.6735742126779712, 'lag_18': 0.3101213157122708, 'lag_19': 0.9877982773409703, 'lag_20': 0.23043430994600206, 'lag_21': 0.26033523741433023, 'lag_22': 0.4346757597470029, 'lag_23': 0.6253862440255207, 'lag_24': 0.6815122027931019, 'lag_25': 0.7690439379782672, 'lag_26': 0.6899850526727336, 'lag_27': 0.8588848629946142, 'lag_28': 0.6847683815243841}.
[I 2025-10-03 11:37:10,989] Trial 36 finished with values: [0.017926664022737786, 0.00046269782241323634, 0.0020009261867278806, 0.0015405642072417979, 0.005450432317557768, 0.003740065644866395, 0.00277808436872716, 0.0010902383058388442, 0.002474147506524701, 0.0017665473587052255, 0.0010790186845768728, 0.00020956459988198044, 0.00935214341984907, 0.020527299537207108, 0.0, 0.027327891781317188, 0.014295237350947194, 0.004712333512790436, 0.0006652063058453204, 0.00011057918213308506, 0.001193451732006637, 0.0012649939797488496, 0.0008169380442787935, 0.0019840576815935256, 0.0003226992456156073, 8.846738463644084e-05, 0.0011827237500718405, 0.0017625796699712857, 0.0007052004320900372] and parameters: {'lag_0': 0.14913948933963653, 'lag_1': 0.9725136858558638, 'lag_2': 0.7662029653535115, 'lag_3': 0.7049267179840782, 'lag_4': 0.39498426135585823, 'lag_5': 0.5775377893834376, 'lag_6': 0.3391251711944454, 'lag_7': 0.9139035837996237, 'lag_8': 0.6682478362115575, 'lag_9': 0.2740417755747066, 'lag_10': 0.5288077599908678, 'lag_11': 0.7897241383308492, 'lag_12': 0.4596477004717558, 'lag_13': 0.775007651526481, 'lag_14': 0.5326204879633045, 'lag_15': 0.3801474952494894, 'lag_16': 0.6618518738609326, 'lag_17': 0.80053856797514, 'lag_18': 0.17147625232260102, 'lag_19': 0.14975183037305342, 'lag_20': 0.7906820553792363, 'lag_21': 0.30956899081661593, 'lag_22': 0.32331453395571264, 'lag_23': 0.45040655167768817, 'lag_24': 0.8448353664942481, 'lag_25': 0.321632833188797, 'lag_26': 0.7468585373689358, 'lag_27': 0.7594076560221411, 'lag_28': 0.6338086958612427}.
[I 2025-10-03 11:37:13,651] Trial 37 finished with values: [0.013555135545056315, 0.0069526835354963385, 0.0020571190828520395, 0.00016240282873149415, 0.00468268832701301, 0.0037350874997865297, 0.002294808461610765, 0.001971322337069019, 0.0016001469920624422, 0.0006944517820588695, 0.001045206225250547, 0.0005363971429846558, 0.009148595335118803, 0.02454320193888913, 0.0, 0.02423289674123157, 0.01484302152207245, 0.004357226012966767, 0.0008810255548164479, 0.0001585755022491072, 0.0010809823866389109, 0.0009270755494069051, 0.0008080760536871373, 0.001875451736489393, 0.00029182644240883246, 4.892394167291485e-05, 0.0014610814014298747, 0.0023284900940356997, 0.0012859444852839756] and parameters: {'lag_0': 0.42558105116985373, 'lag_1': 0.06443032365876038, 'lag_2': 0.04039239034399444, 'lag_3': 0.06843123741648514, 'lag_4': 0.6554081451196744, 'lag_5': 0.5183787213656817, 'lag_6': 0.1524965306505095, 'lag_7': 0.26729273279605054, 'lag_8': 0.4694922462558826, 'lag_9': 0.19618537625073196, 'lag_10': 0.3760026699582266, 'lag_11': 0.962557189001456, 'lag_12': 0.41003059377456325, 'lag_13': 0.40665038172789464, 'lag_14': 0.20091287613912157, 'lag_15': 0.9812903439794308, 'lag_16': 0.5612558256362281, 'lag_17': 0.24496617302121462, 'lag_18': 0.26031252493720985, 'lag_19': 0.17290661052713874, 'lag_20': 0.23096131665253186, 'lag_21': 0.2035197911748247, 'lag_22': 0.8953138774225866, 'lag_23': 0.5277145496617353, 'lag_24': 0.17875593497575942, 'lag_25': 0.21823799193792445, 'lag_26': 0.314134992915999, 'lag_27': 0.4295743556414841, 'lag_28': 0.3156482277088427}.
[I 2025-10-03 11:37:16,321] Trial 38 finished with values: [0.013118225606720973, 0.003686578579960113, 0.0003393104434801569, 0.0006067709343712641, 0.0021401267355208664, 0.003061008979753871, 0.0030907789216752923, 0.0033642568915824844, 0.0026096898933252828, 0.000495080024010501, 0.0005901105608372727, 0.00029395007686208155, 0.007400655074558854, 0.020993531919608635, 0.0, 0.027224418472049195, 0.015596066038242987, 0.0043485196532329125, 0.00045707991712200697, 0.0002076269366652611, 0.0010266177152547062, 0.0013778632919916373, 0.0007599442848969856, 0.0019139499346469617, 0.00031300124867813096, 0.0001163111692054952, 0.0008926762484731055, 0.0015692550617302532, 0.0014693158014388063] and parameters: {'lag_0': 0.3238548272102107, 'lag_1': 0.15825032445623566, 'lag_2': 0.6696850848145917, 'lag_3': 0.4820539844260447, 'lag_4': 0.47492006222963973, 'lag_5': 0.2399856683131803, 'lag_6': 0.46764834303744013, 'lag_7': 0.9399530390941493, 'lag_8': 0.03403234123823637, 'lag_9': 0.8101397274446362, 'lag_10': 0.883502193128039, 'lag_11': 0.13132180143471583, 'lag_12': 0.8584106449862723, 'lag_13': 0.19732541895127176, 'lag_14': 0.5554184591965554, 'lag_15': 0.9944489134899955, 'lag_16': 0.22175521219259237, 'lag_17': 0.014286102342483386, 'lag_18': 0.050344262877150485, 'lag_19': 0.17249308840478883, 'lag_20': 0.05643182945411478, 'lag_21': 0.12202254438128912, 'lag_22': 0.8957904310500411, 'lag_23': 0.3819749459284111, 'lag_24': 0.39503772602628395, 'lag_25': 0.7645415893693324, 'lag_26': 0.0644952053805863, 'lag_27': 0.9641600928770092, 'lag_28': 0.8911622845809524}.
[I 2025-10-03 11:37:18,989] Trial 39 finished with values: [0.014913113887236432, 0.0037386871480754565, 0.0010870837241139905, 0.0002137248503749891, 0.0037314989725496404, 0.005194985098397448, 0.0011545216349124379, 0.002159583408044271, 0.0029630130903666105, 0.0006374626112488438, 0.0004724222860048435, 0.0003239715791471281, 0.009435512017037854, 0.020384548986512797, 0.0, 0.021959248651304643, 0.014779955874046343, 0.0038476346126488994, 0.0006681837321758563, 5.540572691424315e-05, 0.0009507881717440084, 0.0013838174145176202, 0.0006563747781251674, 0.0017130530038676546, 0.0002966660889205107, 0.00024399545433137552, 0.0014991995337713597, 0.0016023980492339898, 0.004562038799942833] and parameters: {'lag_0': 0.8066264987245578, 'lag_1': 0.9242301191124951, 'lag_2': 0.140556415613737, 'lag_3': 0.5646140691930756, 'lag_4': 0.5660515993152597, 'lag_5': 0.06690497163471783, 'lag_6': 0.15013504789264367, 'lag_7': 0.9018324374598765, 'lag_8': 0.8140652455671736, 'lag_9': 0.11848448589867329, 'lag_10': 0.6415110011315, 'lag_11': 0.4415674533822557, 'lag_12': 0.6743349978651288, 'lag_13': 0.40973669129940854, 'lag_14': 0.9125623999067057, 'lag_15': 0.8752839230119979, 'lag_16': 0.9357562414321091, 'lag_17': 0.18118254997983793, 'lag_18': 0.02657358831854969, 'lag_19': 0.482948512520789, 'lag_20': 0.1976028307494189, 'lag_21': 0.9737373017320221, 'lag_22': 0.06062451498437312, 'lag_23': 0.3427838805948615, 'lag_24': 0.7718795367323936, 'lag_25': 0.2745719636586481, 'lag_26': 0.8363603857700688, 'lag_27': 0.2388854286055607, 'lag_28': 0.8985248150493573}.
[I 2025-10-03 11:37:21,652] Trial 40 finished with values: [0.02012043096040716, 0.0007872450550939021, 0.000602908742709594, 0.0022192091682142873, 0.0022715593337315374, 0.0022337357973146463, 0.003483576292336113, 0.0015685055644420677, 0.001030567889413875, 0.0004955507849592514, 0.0001990957654586335, 0.00012468186259900407, 0.006801966101765295, 0.022980639171429715, 0.0, 0.021403527397755823, 0.013414665612075036, 0.0038708164834509082, 0.0005364950894562591, 2.6052889028970186e-05, 0.000848538816615851, 0.0011545863895632339, 0.0011129396252905054, 0.0024771983854433347, 0.00017667627392345034, 0.00010812824756154099, 0.001160047127642929, 0.0007598136325065025, 0.001259060443836685] and parameters: {'lag_0': 0.5532420788032549, 'lag_1': 0.05351370683029928, 'lag_2': 0.16087213316745708, 'lag_3': 0.625499031409566, 'lag_4': 0.1469204469295911, 'lag_5': 0.5032067954892074, 'lag_6': 0.17703006085083797, 'lag_7': 0.7147668441238898, 'lag_8': 0.21930239883392602, 'lag_9': 0.7212292189230879, 'lag_10': 0.2653533153860518, 'lag_11': 0.06015739997542778, 'lag_12': 0.5138093408318378, 'lag_13': 0.6254252873001113, 'lag_14': 0.35565239461785064, 'lag_15': 0.34046946360162944, 'lag_16': 0.5180952315158865, 'lag_17': 0.022153913378922956, 'lag_18': 0.03923447044589064, 'lag_19': 0.0665470716194931, 'lag_20': 0.5829020150655394, 'lag_21': 0.21289161249105948, 'lag_22': 0.5931217448630414, 'lag_23': 0.3090187083271747, 'lag_24': 0.7063526210799393, 'lag_25': 0.8780417406322598, 'lag_26': 0.6254317787558813, 'lag_27': 0.08058971216215946, 'lag_28': 0.41897999791442087}.
[I 2025-10-03 11:37:24,327] Trial 41 finished with values: [0.01713508722941883, 0.0015451013959262472, 0.002140090336254297, 0.00065370346394402, 0.004226063429447123, 0.0026666400835712884, 0.001930036917689408, 0.004700946991197795, 0.0035810320309337673, 0.001039884844304418, 0.0012141609523483804, 0.00026920512064650625, 0.010104105865845158, 0.01981429458625831, 0.0, 0.027712612758286192, 0.01417257640045437, 0.004236329377749804, 0.0008919063754698612, 0.00016661737971323948, 0.0013503416022590492, 0.001580501871509864, 0.0008143860066271516, 0.0014577539503082082, 0.000288259399719007, 9.865552886903436e-05, 0.001511733308952378, 0.0025813216837111685, 0.0007011301316010395] and parameters: {'lag_0': 0.9614149029408041, 'lag_1': 0.696337583104391, 'lag_2': 0.017692469360921254, 'lag_3': 0.35896602210119827, 'lag_4': 0.25666357022120806, 'lag_5': 0.11419525983903456, 'lag_6': 0.7059888859085371, 'lag_7': 0.1443652705557176, 'lag_8': 0.9505113141199123, 'lag_9': 0.661323418523033, 'lag_10': 0.3210296208279731, 'lag_11': 0.13943136559615318, 'lag_12': 0.06514753491975646, 'lag_13': 0.5866563885101547, 'lag_14': 0.33162766323911813, 'lag_15': 0.3947371856191332, 'lag_16': 0.4432304670003531, 'lag_17': 0.9683020675953881, 'lag_18': 0.755896554181259, 'lag_19': 0.5444533415843708, 'lag_20': 0.27607463484115713, 'lag_21': 0.6667812263360061, 'lag_22': 0.6528907535087358, 'lag_23': 0.31601370896328335, 'lag_24': 0.10012329205428877, 'lag_25': 0.5886740888422827, 'lag_26': 0.36897357869516356, 'lag_27': 0.6814339741146503, 'lag_28': 0.003895100596500409}.
