[I 2025-09-29 13:07:19,421] Trial 20 finished with value: 0.006897975501038911 and parameters: {'lag_0': 0.7781773446737494, 'lag_1': 0.7817959655782872, 'lag_2': 0.1928633826742352, 'lag_3': 0.19826396575647784, 'lag_4': 0.2535806429245, 'lag_5': 0.5438389239077962, 'lag_6': 0.8693496885781385, 'lag_7': 0.7577788133388651, 'lag_8': 0.7298733220252674, 'lag_9': 0.5095768758487219, 'lag_10': 0.6066381171868789, 'lag_11': 0.16604439199123233, 'lag_12': 0.7247876447295982, 'lag_13': 0.20018519405957297, 'lag_14': 0.6527499157504144, 'lag_15': 0.47361058128233824, 'lag_16': 0.6601482467079534, 'lag_17': 0.6272143884197353, 'lag_18': 0.6758173560800658, 'lag_19': 0.006941920801372514, 'lag_20': 0.5935428852548862, 'lag_21': 0.7527890957843312, 'lag_22': 0.4952264498709229, 'lag_23': 0.5210508035532466, 'lag_24': 0.34553613957514706, 'lag_25': 0.45982246527480963, 'lag_26': 0.47104002815573465, 'lag_27': 0.37886599910109436, 'lag_28': 0.13527598047276412}. Best is trial 19 with value: 0.005713963476031139.
[I 2025-09-29 13:07:21,921] Trial 21 finished with value: 0.006293794786548018 and parameters: {'lag_0': 0.5904050409368787, 'lag_1': 0.7055110925848331, 'lag_2': 0.836249950728283, 'lag_3': 0.371528534772861, 'lag_4': 0.05340743873295384, 'lag_5': 0.6344887792539263, 'lag_6': 0.7862392054831662, 'lag_7': 0.9957751610420803, 'lag_8': 0.5834749760089257, 'lag_9': 0.9223908645496924, 'lag_10': 0.8204834199166697, 'lag_11': 0.5719599685726815, 'lag_12': 0.5475015023456037, 'lag_13': 0.5717928877303503, 'lag_14': 0.44044578798282485, 'lag_15': 0.998835643379496, 'lag_16': 0.5245652584593226, 'lag_17': 0.812825306349646, 'lag_18': 0.31754037667074053, 'lag_19': 0.9036004857777467, 'lag_20': 0.030176890514293064, 'lag_21': 0.8065915477195759, 'lag_22': 0.3972189306495552, 'lag_23': 0.3008093579576362, 'lag_24': 0.4043351354868095, 'lag_25': 0.5270744366795779, 'lag_26': 0.6031781966199465, 'lag_27': 0.10310524314141868, 'lag_28': 0.2781880937070001}. Best is trial 19 with value: 0.005713963476031139.
[I 2025-09-29 13:07:24,409] Trial 22 finished with value: 0.007108478802400071 and parameters: {'lag_0': 0.5672084803829129, 'lag_1': 0.8672953498726903, 'lag_2': 0.816496246921898, 'lag_3': 0.49937819019230445, 'lag_4': 0.0008695991876474518, 'lag_5': 0.6655349720487576, 'lag_6': 0.8030803689710934, 'lag_7': 0.9994478388460927, 'lag_8': 0.5852062509252369, 'lag_9': 0.9028935977064414, 'lag_10': 0.828735647550963, 'lag_11': 0.5545710814695082, 'lag_12': 0.4973329604012222, 'lag_13': 0.525933268153099, 'lag_14': 0.4616916768688937, 'lag_15': 0.888887649571575, 'lag_16': 0.45308216423024483, 'lag_17': 0.7993041107792674, 'lag_18': 0.3405468982496248, 'lag_19': 0.8980935370064842, 'lag_20': 0.016577916671792262, 'lag_21': 0.8549593024362878, 'lag_22': 0.587916182090817, 'lag_23': 0.30407988474439995, 'lag_24': 0.4541002990590111, 'lag_25': 0.5468523502983257, 'lag_26': 0.5643501843187406, 'lag_27': 0.12689565547578913, 'lag_28': 0.4218718185780821}. Best is trial 19 with value: 0.005713963476031139.
[I 2025-09-29 13:07:26,891] Trial 23 finished with value: 0.007206712170155442 and parameters: {'lag_0': 0.7554101881103998, 'lag_1': 0.48030812801423, 'lag_2': 0.657935428009673, 'lag_3': 0.17418590732864814, 'lag_4': 0.13463104547355567, 'lag_5': 0.5514655117008483, 'lag_6': 0.9126173165649348, 'lag_7': 0.9005129552039443, 'lag_8': 0.9845335784126755, 'lag_9': 0.7309136794719691, 'lag_10': 0.672108129685211, 'lag_11': 0.5308720142854665, 'lag_12': 0.7216153365708898, 'lag_13': 0.36737163567808573, 'lag_14': 0.41388598398677484, 'lag_15': 0.9961881873283471, 'lag_16': 0.593514462555022, 'lag_17': 0.6806167167388897, 'lag_18': 0.27657958664058935, 'lag_19': 0.9020385246701061, 'lag_20': 0.3348789788597631, 'lag_21': 0.7517145836708486, 'lag_22': 0.43285391930214084, 'lag_23': 0.47014140573357577, 'lag_24': 0.38524914599653853, 'lag_25': 0.36646897959156904, 'lag_26': 0.48973740114198866, 'lag_27': 0.10504736207572056, 'lag_28': 0.2828805233156922}. Best is trial 19 with value: 0.005713963476031139.
[I 2025-09-29 13:07:29,368] Trial 24 finished with value: 0.007580394707011504 and parameters: {'lag_0': 0.6260501512953817, 'lag_1': 0.7244451701760423, 'lag_2': 0.8305595228049312, 'lag_3': 0.35812379111468806, 'lag_4': 0.34424752865869346, 'lag_5': 0.9477057314087531, 'lag_6': 0.729984725068222, 'lag_7': 0.8251334273744318, 'lag_8': 0.49917067436483564, 'lag_9': 0.9081202017606186, 'lag_10': 0.8701186146908925, 'lag_11': 0.7405900218648026, 'lag_12': 0.5259601184286888, 'lag_13': 0.7352197406830663, 'lag_14': 0.5558686581112997, 'lag_15': 0.8179439655838604, 'lag_16': 0.3218784071624686, 'lag_17': 0.8045839375213515, 'lag_18': 0.1681291373741138, 'lag_19': 0.7252283338538457, 'lag_20': 0.15933235093488646, 'lag_21': 0.8711152332336363, 'lag_22': 0.7530117776545573, 'lag_23': 0.668912146094504, 'lag_24': 0.6021395357650872, 'lag_25': 0.6586775252556909, 'lag_26': 0.2803369087705492, 'lag_27': 0.33030114494875346, 'lag_28': 0.16624151230972206}. Best is trial 19 with value: 0.005713963476031139.
[I 2025-09-29 13:07:31,850] Trial 25 finished with value: 0.00762269181471815 and parameters: {'lag_0': 0.8621307279927417, 'lag_1': 0.9521553895212036, 'lag_2': 0.6372139503037891, 'lag_3': 0.011741623378998756, 'lag_4': 0.09011440265672391, 'lag_5': 0.8027857812662303, 'lag_6': 0.6792222043715174, 'lag_7': 0.9167780956691836, 'lag_8': 0.7828514920295102, 'lag_9': 0.6435279013534085, 'lag_10': 0.48576392226001897, 'lag_11': 0.34775477680645445, 'lag_12': 0.8851657377948945, 'lag_13': 0.5926102269120601, 'lag_14': 0.7950858676644583, 'lag_15': 0.9021788158062203, 'lag_16': 0.47471932349484636, 'lag_17': 0.8986276569336515, 'lag_18': 0.45368484656614183, 'lag_19': 0.9972936265949897, 'lag_20': 0.5516375505883263, 'lag_21': 0.6765662039689904, 'lag_22': 0.2948223399392744, 'lag_23': 0.27808458699612165, 'lag_24': 0.2457157657981695, 'lag_25': 0.2610209079790846, 'lag_26': 0.03493598731706743, 'lag_27': 0.5367586975731173, 'lag_28': 0.4749405222237775}. Best is trial 19 with value: 0.005713963476031139.
[I 2025-09-29 13:07:34,334] Trial 26 finished with value: 0.00655556579348503 and parameters: {'lag_0': 0.5350008826979654, 'lag_1': 0.5711749924506099, 'lag_2': 0.973681931027884, 'lag_3': 0.5298035682342758, 'lag_4': 0.4488242212697491, 'lag_5': 0.6567849019511952, 'lag_6': 0.7993195014313563, 'lag_7': 0.758448222291989, 'lag_8': 0.6044266427812407, 'lag_9': 0.8205600751208783, 'lag_10': 0.311620537788682, 'lag_11': 0.25811510374642954, 'lag_12': 0.6930833415800668, 'lag_13': 0.40632123104078044, 'lag_14': 0.3521207609815662, 'lag_15': 0.7041338097443453, 'lag_16': 0.7316788803912402, 'lag_17': 0.7515872225782712, 'lag_18': 0.3162575442779957, 'lag_19': 0.870450620483575, 'lag_20': 0.4122543755185274, 'lag_21': 0.5531147297923462, 'lag_22': 0.5309712681358221, 'lag_23': 0.018354454820771027, 'lag_24': 0.3898129642519587, 'lag_25': 0.4806672943961983, 'lag_26': 0.5878949371125635, 'lag_27': 0.23540654087448779, 'lag_28': 0.6186956618484004}. Best is trial 19 with value: 0.005713963476031139.
[I 2025-09-29 13:07:36,832] Trial 27 finished with value: 0.007226404113188006 and parameters: {'lag_0': 0.6977749257288623, 'lag_1': 0.8012081150749196, 'lag_2': 0.7835219179413996, 'lag_3': 0.22816209950852248, 'lag_4': 0.24613198583491647, 'lag_5': 0.4811541563196509, 'lag_6': 0.5835771699070834, 'lag_7': 0.399382285766678, 'lag_8': 0.6430404734332907, 'lag_9': 0.9245356356454333, 'lag_10': 0.7519035955494473, 'lag_11': 0.6188776961098201, 'lag_12': 0.8023071189084306, 'lag_13': 0.566796630655302, 'lag_14': 0.6158757925436833, 'lag_15': 0.9256684490451565, 'lag_16': 0.5501135882263919, 'lag_17': 0.510604744483959, 'lag_18': 0.5175444196517166, 'lag_19': 0.931754498933728, 'lag_20': 0.052778195720778354, 'lag_21': 0.6588495899003236, 'lag_22': 0.22489204401053675, 'lag_23': 0.48318864592463756, 'lag_24': 0.20811862411388224, 'lag_25': 0.6490956372700646, 'lag_26': 0.7363211359299436, 'lag_27': 0.08940033701534304, 'lag_28': 0.37203203096843773}. Best is trial 19 with value: 0.005713963476031139.
[I 2025-09-29 13:07:39,313] Trial 28 finished with value: 0.006211482015286747 and parameters: {'lag_0': 0.4529477339784378, 'lag_1': 0.49970257161787246, 'lag_2': 0.5639227213975905, 'lag_3': 0.3790597049522312, 'lag_4': 0.5339931668197003, 'lag_5': 0.5979940038026987, 'lag_6': 0.9232266992306452, 'lag_7': 0.6029082613248854, 'lag_8': 0.4190513134606871, 'lag_9': 0.7623249128803028, 'lag_10': 0.6893007737062438, 'lag_11': 0.45382366474476343, 'lag_12': 0.46307856255645097, 'lag_13': 0.49123224305388496, 'lag_14': 0.004656542063333685, 'lag_15': 0.009399505204064795, 'lag_16': 0.2906497852979557, 'lag_17': 0.9271192897761886, 'lag_18': 0.3957311212036384, 'lag_19': 0.7541457492536359, 'lag_20': 0.7518874355164822, 'lag_21': 0.756685964388615, 'lag_22': 0.42447823736749085, 'lag_23': 0.7933901666348193, 'lag_24': 0.43262012160829266, 'lag_25': 0.41960448698562647, 'lag_26': 0.43695158540913487, 'lag_27': 0.18237201931390679, 'lag_28': 0.10187084961241646}. Best is trial 19 with value: 0.005713963476031139.
[I 2025-09-29 13:07:41,802] Trial 29 finished with value: 0.006534088863760541 and parameters: {'lag_0': 0.9968333998751178, 'lag_1': 0.5050159089017586, 'lag_2': 0.535360062668764, 'lag_3': 0.11170167246355005, 'lag_4': 0.5161279873348475, 'lag_5': 0.6016652405706172, 'lag_6': 0.9214339374888217, 'lag_7': 0.32766454013351654, 'lag_8': 0.42610381512016526, 'lag_9': 0.5374117962201914, 'lag_10': 0.6564744664883123, 'lag_11': 0.45010992319112675, 'lag_12': 0.17318086340766503, 'lag_13': 0.4883447037879313, 'lag_14': 0.996900993150133, 'lag_15': 0.047323770293945244, 'lag_16': 0.26453838257364304, 'lag_17': 0.006349848932913016, 'lag_18': 0.39333258189440296, 'lag_19': 0.6868659179137063, 'lag_20': 0.7477366553455427, 'lag_21': 0.8900689457191708, 'lag_22': 0.43651439721824237, 'lag_23': 0.8476773201836555, 'lag_24': 0.4258150398232569, 'lag_25': 0.41914312212285665, 'lag_26': 0.4139590775009914, 'lag_27': 0.6124605478860885, 'lag_28': 0.08371633063344913}. Best is trial 19 with value: 0.005713963476031139.
[I 2025-09-29 13:07:44,293] Trial 30 finished with value: 0.007709964149247994 and parameters: {'lag_0': 0.4382886382081266, 'lag_1': 0.7012559930889722, 'lag_2': 0.3093860306740268, 'lag_3': 0.7251504251423446, 'lag_4': 0.3037058855023126, 'lag_5': 0.7004141935048349, 'lag_6': 0.8773009790176897, 'lag_7': 0.5990909975201035, 'lag_8': 0.33813405860757245, 'lag_9': 0.4333574620591166, 'lag_10': 0.9184468074234031, 'lag_11': 0.17270864374347744, 'lag_12': 0.441629861994157, 'lag_13': 0.30977795467354696, 'lag_14': 0.4799855611969981, 'lag_15': 0.24706715083370823, 'lag_16': 0.22491797520739631, 'lag_17': 0.9260261101516514, 'lag_18': 0.6576365753269429, 'lag_19': 0.6185795822076222, 'lag_20': 0.6176959077333933, 'lag_21': 0.7863517694046277, 'lag_22': 0.7043039761002597, 'lag_23': 0.801275505906171, 'lag_24': 0.632902945746578, 'lag_25': 0.30343405292848735, 'lag_26': 0.4166179131115455, 'lag_27': 0.06616418850465518, 'lag_28': 0.0180264400179779}. Best is trial 19 with value: 0.005713963476031139.
[I 2025-09-29 13:07:46,790] Trial 31 finished with value: 0.007365050336004553 and parameters: {'lag_0': 0.39670902142868675, 'lag_1': 0.6171694941966319, 'lag_2': 0.6997636317691365, 'lag_3': 0.3854707542371685, 'lag_4': 0.5969059193078237, 'lag_5': 0.4904127857478067, 'lag_6': 0.7939782290899521, 'lag_7': 0.9345781314176846, 'lag_8': 0.5307857854050091, 'lag_9': 0.7503498943192453, 'lag_10': 0.7932120310933476, 'lag_11': 0.5762757648377896, 'lag_12': 0.5504619971470864, 'lag_13': 0.7010372938543854, 'lag_14': 0.036521489492440856, 'lag_15': 0.2852414339266412, 'lag_16': 0.439116483193441, 'lag_17': 0.826471603684687, 'lag_18': 0.2752257396392861, 'lag_19': 0.7328944575129279, 'lag_20': 0.8941976510077767, 'lag_21': 0.4238158884213657, 'lag_22': 0.37219836623579294, 'lag_23': 0.7703539841243744, 'lag_24': 0.49594070272529095, 'lag_25': 0.5175246257546922, 'lag_26': 0.5050709754374195, 'lag_27': 0.19104413440199752, 'lag_28': 0.11651130916193234}. Best is trial 19 with value: 0.005713963476031139.
[I 2025-09-29 13:07:49,293] Trial 32 finished with value: 0.006765245692689907 and parameters: {'lag_0': 0.5383393239863529, 'lag_1': 0.8276563441258, 'lag_2': 0.5815074632071977, 'lag_3': 0.4663867593136999, 'lag_4': 0.6599578585712451, 'lag_5': 0.5801044112452939, 'lag_6': 0.6952141210325665, 'lag_7': 0.849111184851655, 'lag_8': 0.48338326690509226, 'lag_9': 0.8489055452272097, 'lag_10': 0.5573524150887165, 'lag_11': 0.4804068851284419, 'lag_12': 0.3431717639643325, 'lag_13': 0.15861279700434167, 'lag_14': 0.1494744957955516, 'lag_15': 0.1522759943909634, 'lag_16': 0.33807981158697764, 'lag_17': 0.7411013273601064, 'lag_18': 0.36372453226492196, 'lag_19': 0.8369839727200805, 'lag_20': 0.7478877227633427, 'lag_21': 0.5068612022944963, 'lag_22': 0.5683009526140981, 'lag_23': 0.6063449933271761, 'lag_24': 0.5376150536087961, 'lag_25': 0.4456516549380611, 'lag_26': 0.6763317859757788, 'lag_27': 0.32603444070075155, 'lag_28': 0.27255259689856853}. Best is trial 19 with value: 0.005713963476031139.
[I 2025-09-29 13:07:51,790] Trial 33 finished with value: 0.00589311317823214 and parameters: {'lag_0': 0.6752506030597202, 'lag_1': 0.4527420185390782, 'lag_2': 0.8658415677914119, 'lag_3': 0.35289206602489914, 'lag_4': 0.4278304415368508, 'lag_5': 0.7247730094288065, 'lag_6': 0.6516091227125479, 'lag_7': 0.9991583991758901, 'lag_8': 0.7489056999968076, 'lag_9': 0.9378425116429865, 'lag_10': 0.7028489315028474, 'lag_11': 0.3663424178194302, 'lag_12': 0.2514015731237268, 'lag_13': 0.43074128060976463, 'lag_14': 0.06896542203071211, 'lag_15': 0.3848816160372519, 'lag_16': 0.5221414602875809, 'lag_17': 0.7000074220235397, 'lag_18': 0.1611461518853281, 'lag_19': 0.7430823866068421, 'lag_20': 0.9044038776780037, 'lag_21': 0.7154141198612366, 'lag_22': 0.0053796414671552495, 'lag_23': 0.3438976072922836, 'lag_24': 0.37305390118209636, 'lag_25': 0.5507151887988805, 'lag_26': 0.37858706600804665, 'lag_27': 0.1975582558503871, 'lag_28': 0.07292898329943961}. Best is trial 19 with value: 0.005713963476031139.
[I 2025-09-29 13:07:54,293] Trial 34 finished with value: 0.007153660921378145 and parameters: {'lag_0': 0.7013468704077765, 'lag_1': 0.2839987160324987, 'lag_2': 0.8469344349038499, 'lag_3': 0.34123172137018387, 'lag_4': 0.18000562594546535, 'lag_5': 0.8674982332682395, 'lag_6': 0.678192425693054, 'lag_7': 0.41398622297936366, 'lag_8': 0.732001101179279, 'lag_9': 0.66776882494751, 'lag_10': 0.6964488034462445, 'lag_11': 0.40300026487854, 'lag_12': 0.24478527330720423, 'lag_13': 0.40177893268480025, 'lag_14': 0.048005861395633675, 'lag_15': 0.3878625272883031, 'lag_16': 0.14578891264385002, 'lag_17': 0.685726062693674, 'lag_18': 0.21252759712928654, 'lag_19': 0.9388767285357235, 'lag_20': 0.563165408154605, 'lag_21': 0.9228347656705944, 'lag_22': 0.040650937790699226, 'lag_23': 0.25431113745631745, 'lag_24': 0.344177749040629, 'lag_25': 0.5815446009448025, 'lag_26': 0.35511215390144096, 'lag_27': 0.0697060616287688, 'lag_28': 0.06643285099108366}. Best is trial 19 with value: 0.005713963476031139.
[I 2025-09-29 13:07:56,892] Trial 35 finished with value: 0.005975255708263841 and parameters: {'lag_0': 0.6552816710468107, 'lag_1': 0.12593138029089168, 'lag_2': 0.8825765940250129, 'lag_3': 0.22574094319900725, 'lag_4': 0.4113549214904416, 'lag_5': 0.7230526930014607, 'lag_6': 0.828174634296647, 'lag_7': 0.9306592511801461, 'lag_8': 0.9412495910042786, 'lag_9': 0.8684422036258733, 'lag_10': 0.5829178873721643, 'lag_11': 0.39565196173548633, 'lag_12': 0.028254981886810693, 'lag_13': 0.4510619350140746, 'lag_14': 0.41781951819939495, 'lag_15': 0.45351038728993676, 'lag_16': 0.8427589357152365, 'lag_17': 0.6236409408673853, 'lag_18': 0.1255624279644473, 'lag_19': 0.6779451879599914, 'lag_20': 0.722403383071692, 'lag_21': 0.7232194114393131, 'lag_22': 0.8918670645399758, 'lag_23': 0.3587034409600763, 'lag_24': 0.40200939215172604, 'lag_25': 0.5293028503804026, 'lag_26': 0.37601155154092775, 'lag_27': 0.32536703248546417, 'lag_28': 0.18213675002029384}. Best is trial 19 with value: 0.005713963476031139.
[I 2025-09-29 13:07:59,397] Trial 36 finished with value: 0.005980214317583535 and parameters: {'lag_0': 0.8040983212059796, 'lag_1': 0.06269135830804509, 'lag_2': 0.3780155330789824, 'lag_3': 0.2349897918666306, 'lag_4': 0.4418146513193277, 'lag_5': 0.7086728949102642, 'lag_6': 0.99984755188344, 'lag_7': 0.7339398192069546, 'lag_8': 0.9476692476743289, 'lag_9': 0.7810134483118266, 'lag_10': 0.5949720531330739, 'lag_11': 0.2510062557572817, 'lag_12': 0.04809783609968779, 'lag_13': 0.4296361148499781, 'lag_14': 0.09778849521512295, 'lag_15': 0.47286352227109324, 'lag_16': 0.8501346390051585, 'lag_17': 0.625933335172887, 'lag_18': 0.11637587849876596, 'lag_19': 0.6808175207560752, 'lag_20': 0.701886758007153, 'lag_21': 0.7265212639135943, 'lag_22': 0.8914533584681895, 'lag_23': 0.5554404731927359, 'lag_24': 0.14841849862354572, 'lag_25': 0.5926810176474882, 'lag_26': 0.28215359073644114, 'lag_27': 0.48404614922485795, 'lag_28': 0.17864269031840924}. Best is trial 19 with value: 0.005713963476031139.
[I 2025-09-29 13:08:01,898] Trial 37 finished with value: 0.006400904132511773 and parameters: {'lag_0': 0.8094994936077453, 'lag_1': 0.021635827945644268, 'lag_2': 0.34116722908274155, 'lag_3': 0.22423113474956918, 'lag_4': 0.3930940237008994, 'lag_5': 0.7277670952401045, 'lag_6': 0.9767711571063687, 'lag_7': 0.8089224832144365, 'lag_8': 0.9316758015229181, 'lag_9': 0.8481702806785176, 'lag_10': 0.5941400373920065, 'lag_11': 0.24319508290652808, 'lag_12': 0.027495467132902025, 'lag_13': 0.4026750468967654, 'lag_14': 0.08879565770940778, 'lag_15': 0.4731032945132261, 'lag_16': 0.8484694040690087, 'lag_17': 0.6197773720922919, 'lag_18': 0.10493089130143904, 'lag_19': 0.6621585074501866, 'lag_20': 0.6923948134785775, 'lag_21': 0.7010832672008506, 'lag_22': 0.9923017430342355, 'lag_23': 0.450803466707222, 'lag_24': 0.020373109165783304, 'lag_25': 0.7382644029460866, 'lag_26': 0.28670760466853334, 'lag_27': 0.5090416805763051, 'lag_28': 0.1887347813805239}. Best is trial 19 with value: 0.005713963476031139.
[I 2025-09-29 13:08:04,399] Trial 38 finished with value: 0.007637954466045485 and parameters: {'lag_0': 0.6655725494261657, 'lag_1': 0.10618093365413389, 'lag_2': 0.20255193788018389, 'lag_3': 0.12119203576268045, 'lag_4': 0.4341157297151752, 'lag_5': 0.8198990928336636, 'lag_6': 0.3877740333485875, 'lag_7': 0.7109873437193199, 'lag_8': 0.8993707205758659, 'lag_9': 0.9543662298530794, 'lag_10': 0.5201666555958486, 'lag_11': 0.3847066401840115, 'lag_12': 0.08254091696475499, 'lag_13': 0.449473374031205, 'lag_14': 0.3241431815957848, 'lag_15': 0.33920442550986074, 'lag_16': 0.9848116080913522, 'lag_17': 0.5687677423329589, 'lag_18': 0.14401490290089025, 'lag_19': 0.5032566606703855, 'lag_20': 0.5290226601545776, 'lag_21': 0.9973762953020585, 'lag_22': 0.8338325066228391, 'lag_23': 0.5365589153356286, 'lag_24': 0.14921061347069872, 'lag_25': 0.5993185804943578, 'lag_26': 0.29178863884709394, 'lag_27': 0.6531901195176822, 'lag_28': 0.04504960986188852}. Best is trial 19 with value: 0.005713963476031139.
[I 2025-09-29 13:08:06,892] Trial 39 finished with value: 0.006665415102441974 and parameters: {'lag_0': 0.8613447143671947, 'lag_1': 0.201467654513697, 'lag_2': 0.3701560692383671, 'lag_3': 0.0679116506909242, 'lag_4': 0.32372130757302703, 'lag_5': 0.8730618065081499, 'lag_6': 0.5274469314643789, 'lag_7': 0.8678610168222787, 'lag_8': 0.8191750210865654, 'lag_9': 0.7992205378357822, 'lag_10': 0.46623683020858264, 'lag_11': 0.2916788527010278, 'lag_12': 0.10112408351949237, 'lag_13': 0.11039971511195967, 'lag_14': 0.1851263786738091, 'lag_15': 0.5223106764034448, 'lag_16': 0.9093685542704899, 'lag_17': 0.6763578890926938, 'lag_18': 0.0691953279094144, 'lag_19': 0.5707128232118303, 'lag_20': 0.6494358154572879, 'lag_21': 0.6031849179570448, 'lag_22': 0.9152938143728773, 'lag_23': 0.36854155886025475, 'lag_24': 0.13188395825231441, 'lag_25': 0.698888341218485, 'lag_26': 0.36541468869440097, 'lag_27': 0.4548957399374669, 'lag_28': 0.14404354769115854}. Best is trial 19 with value: 0.005713963476031139.
[I 2025-09-29 13:08:09,380] Trial 40 finished with value: 0.0076836952928668574 and parameters: {'lag_0': 0.7426109056642647, 'lag_1': 0.13365018004642576, 'lag_2': 0.41790428122575946, 'lag_3': 0.2540035365082944, 'lag_4': 0.41526364247783704, 'lag_5': 0.7151794107377557, 'lag_6': 0.8433467851525289, 'lag_7': 0.9224907406253062, 'lag_8': 0.9820169111804906, 'lag_9': 0.4139443493621036, 'lag_10': 0.5981285761352747, 'lag_11': 0.16967832749827194, 'lag_12': 0.2605937595298885, 'lag_13': 0.2935681367923867, 'lag_14': 0.3987116518490702, 'lag_15': 0.41176474932179463, 'lag_16': 0.8600570972640963, 'lag_17': 0.33209874289260105, 'lag_18': 0.1293238768826983, 'lag_19': 0.3977664312868996, 'lag_20': 0.9174959767998949, 'lag_21': 0.5559041030110453, 'lag_22': 0.8375887258347762, 'lag_23': 0.6061137121682179, 'lag_24': 0.0747449259376265, 'lag_25': 0.6050487536591576, 'lag_26': 0.06569079594875465, 'lag_27': 0.30780821347822346, 'lag_28': 0.006447801222713101}. Best is trial 19 with value: 0.005713963476031139.
