[I 2025-10-03 11:36:46,736] Trial 29 finished with values: [0.018326530612244894, 0.003940658237851029, 0.0010426580400367572, 0.0016399070920139203, 0.00047939354407491267, 0.0003542136504861129, 0.00037118900916794517, 0.0005179289682278495, 7.994032861022965e-05, 0.0010654672079476674, 0.0010828142255035003, 0.0039951456446823096, 0.003867858742340147, 0.025847744833156643, 0.0, 0.052674405708865724, 8.10065701295997e-05, 0.0007313131129964186, 0.001863484864919479, 0.002539097374066931, 0.0013174586254638665, 8.752926690177277e-05, 6.785294319918878e-05, 0.0017114942081353627, 0.0012854270476698212, 0.0004077105137843347, 0.00021653003853121578, 0.00031545214996803953, 0.00035381187573611816] and parameters: {'lag_0': 0.7703248131418157, 'lag_1': 0.7501073703916485, 'lag_2': 0.47906492898505604, 'lag_3': 0.5657549404534904, 'lag_4': 0.2408488037782967, 'lag_5': 0.3120207650378696, 'lag_6': 0.5761823835449762, 'lag_7': 0.9652029640675069, 'lag_8': 0.6190987000669638, 'lag_9': 0.818251027436155, 'lag_10': 0.9564021501000588, 'lag_11': 0.6487510552356696, 'lag_12': 0.88445095731546, 'lag_13': 0.12880079116623327, 'lag_14': 0.04475072205669878, 'lag_15': 0.1344916473701065, 'lag_16': 0.8663073355462715, 'lag_17': 0.4075442217032399, 'lag_18': 0.3147862116945688, 'lag_19': 0.5086568216417384, 'lag_20': 0.3010651958085026, 'lag_21': 0.26305279791838, 'lag_22': 0.8740959444557879, 'lag_23': 0.013772614419357015, 'lag_24': 0.4243092963765012, 'lag_25': 0.39199562405209887, 'lag_26': 0.6558884647249285, 'lag_27': 0.6543375933859958, 'lag_28': 0.0566369354289066}.
[I 2025-10-03 11:36:49,390] Trial 30 finished with values: [0.006430785123966942, 0.0007411511234225916, 0.0009503486232881702, 0.0002188883065354769, 0.0028441533882604514, 0.0005082160708156017, 0.0002597079649393963, 0.00030351898474138107, 0.0003104105831961265, 0.0009077958467586221, 0.0009079172683811242, 0.005565322302131132, 0.004442575362968243, 0.021384313299372775, 0.0, 0.04980620396009246, 0.0003596422510120364, 0.00042969464687652966, 0.001332943955319965, 0.0025273171850374544, 0.0012749326225731817, 0.0001135666949813177, 5.943679619916391e-05, 0.0012628179193641407, 0.0017525456754670238, 0.0003217683243661732, 0.0001131506789994841, 0.0001984147824403111, 0.0006021656869869987] and parameters: {'lag_0': 0.5500057924558289, 'lag_1': 0.4447718723704077, 'lag_2': 0.8267518857010941, 'lag_3': 0.26321242090360314, 'lag_4': 0.1743182683764831, 'lag_5': 0.0529639920516496, 'lag_6': 0.08963233836102316, 'lag_7': 0.28771975976924197, 'lag_8': 0.1561496713626247, 'lag_9': 0.21638626440602218, 'lag_10': 0.7417971919112051, 'lag_11': 0.9404220786625783, 'lag_12': 0.7698960007387848, 'lag_13': 0.04911890293731131, 'lag_14': 0.8839056515414001, 'lag_15': 0.8586722030089922, 'lag_16': 0.37305351606920184, 'lag_17': 0.9328470704734622, 'lag_18': 0.6929471168640813, 'lag_19': 0.4333448203342421, 'lag_20': 0.6559267139059329, 'lag_21': 0.8148790737597039, 'lag_22': 0.2781592666654574, 'lag_23': 0.500478228351878, 'lag_24': 0.3832680076919446, 'lag_25': 0.7540876876619916, 'lag_26': 0.4730586409964772, 'lag_27': 0.32571040183503974, 'lag_28': 0.6464160074085412}.
[I 2025-10-03 11:36:52,044] Trial 31 finished with values: [0.009206632653061226, 0.0035775074877638985, 0.00033071659473301094, 0.0009760245518067945, 0.0013913593920038426, 0.0002172126068039128, 0.0001863770678435977, 0.0010813429224086075, 0.00016255353157004884, 0.0015530418873781124, 0.0013417062453546327, 0.003342191479391546, 0.0033740378217405045, 0.02300379004957048, 0.0, 0.04964233877154394, 0.00011578471109301826, 0.00040185498713495146, 0.0015881789709913182, 0.0020371242577168374, 0.0016572308806397454, 9.064082074865506e-05, 8.259877775176887e-05, 0.0013196816573598134, 0.0013092978056375804, 0.00021937132135367636, 0.0001470184992614386, 0.00030036697393519144, 0.00023042912506611107] and parameters: {'lag_0': 0.6859126472776356, 'lag_1': 0.46868144630812514, 'lag_2': 0.4741778262918964, 'lag_3': 0.9351390457667268, 'lag_4': 0.004519467413002101, 'lag_5': 0.5855052517002447, 'lag_6': 0.7728162353768021, 'lag_7': 0.28631493734363994, 'lag_8': 0.795411350753567, 'lag_9': 0.5623774024595622, 'lag_10': 0.26592910235169387, 'lag_11': 0.059835772607110434, 'lag_12': 0.2218363167171992, 'lag_13': 0.5252588279824156, 'lag_14': 0.5008171261878993, 'lag_15': 0.4200184181474483, 'lag_16': 0.3112162506078747, 'lag_17': 0.6995453151130794, 'lag_18': 0.6393466561113837, 'lag_19': 0.8647505703920625, 'lag_20': 0.603525334552002, 'lag_21': 0.8343838780047552, 'lag_22': 0.22545188912529074, 'lag_23': 0.7380915557428527, 'lag_24': 0.6445530046387085, 'lag_25': 0.2514876093151226, 'lag_26': 0.9185720320161502, 'lag_27': 0.61032222530885, 'lag_28': 0.6149471867724614}.
[I 2025-10-03 11:36:54,701] Trial 32 finished with values: [0.05755555555555556, 0.004136408415683828, 0.00028014975436029004, 0.0012468670530878477, 0.0013639249751018084, 0.0005498426314949911, 0.00021115539327694037, 0.0005517988817355608, 4.34266290049506e-05, 0.0005069193158948808, 0.0006175186578207023, 0.0029721481946275593, 0.0034459365505715724, 0.02370779345953327, 0.0, 0.03966861126664488, 7.850833910353761e-05, 0.0003966075293112847, 0.0020990153876780026, 0.0021490162562493695, 0.0013643217527765908, 7.93642256255848e-05, 4.7154862111905765e-05, 0.0009608299453060648, 0.001518020632903822, 0.0004122208447928188, 0.0004170817173830067, 0.0002566093570868087, 0.0009983146008787037] and parameters: {'lag_0': 0.015420816253104694, 'lag_1': 0.7062662705578427, 'lag_2': 0.8946901943765004, 'lag_3': 0.32622936162995403, 'lag_4': 0.16938377988199363, 'lag_5': 0.179675033433535, 'lag_6': 0.6223422044699528, 'lag_7': 0.39604330191359055, 'lag_8': 0.2192445141944416, 'lag_9': 0.7245691672466246, 'lag_10': 0.9012854031345144, 'lag_11': 0.8786155202624542, 'lag_12': 0.9705244768954416, 'lag_13': 0.2196485424978151, 'lag_14': 0.9042997995598933, 'lag_15': 0.5183929515412948, 'lag_16': 0.828435190607311, 'lag_17': 0.2709155053387912, 'lag_18': 0.07139213308865422, 'lag_19': 0.21394554171270586, 'lag_20': 0.5935229310717698, 'lag_21': 0.1840578640198392, 'lag_22': 0.6216016713524651, 'lag_23': 0.5951654325414123, 'lag_24': 0.12778608164821487, 'lag_25': 0.4198054939925205, 'lag_26': 0.10415086245683815, 'lag_27': 0.08656541192286277, 'lag_28': 0.16436664759542405}.
[I 2025-10-03 11:36:57,356] Trial 33 finished with values: [0.004970521541950114, 0.0023717574148970763, 0.0006556291285742461, 0.00250852635763833, 0.001701894697203775, 0.000739053331343099, 0.0004962152053854985, 0.00028513812025337344, 0.0001777031160109765, 0.001068475245105219, 0.0013485717403377757, 0.0031554270011283103, 0.0029936715827603706, 0.02280688356826209, 0.0, 0.04534597947492807, 0.00023300556650166347, 0.0005729203919364878, 0.0017142526832931424, 0.002090388524376308, 0.0013606442991867087, 5.6125382065533544e-05, 8.089745968593363e-05, 0.0010330410069049913, 0.001711382091004149, 6.477401706023385e-05, 0.0005576445249050202, 0.00014797503020558042, 0.0002437537722894424] and parameters: {'lag_0': 0.269188747139634, 'lag_1': 0.03882818893448378, 'lag_2': 0.5949614625024778, 'lag_3': 0.8011174514433256, 'lag_4': 0.08625529524325082, 'lag_5': 0.8647727070097625, 'lag_6': 0.09948102013022236, 'lag_7': 0.6514652163490174, 'lag_8': 0.9467997802480898, 'lag_9': 0.07705941014778309, 'lag_10': 0.7217000735330502, 'lag_11': 0.14774875568464296, 'lag_12': 0.060067289769926174, 'lag_13': 0.42740503882974096, 'lag_14': 0.016830146548931214, 'lag_15': 0.9581254135085052, 'lag_16': 0.29916581047343016, 'lag_17': 0.2577998794567909, 'lag_18': 0.5430973592348146, 'lag_19': 0.9396335922420551, 'lag_20': 0.5590333640777679, 'lag_21': 0.5363972162193694, 'lag_22': 0.7818235559196349, 'lag_23': 0.5068686455275719, 'lag_24': 0.14437426209783616, 'lag_25': 0.7157036869134321, 'lag_26': 0.7010317433819699, 'lag_27': 0.49193743063947126, 'lag_28': 0.8031183079116574}.
[I 2025-10-03 11:37:00,001] Trial 34 finished with values: [0.0, 0.0035484657699660985, 0.0001550272508757823, 0.0008685961981950504, 0.0016413050229331122, 0.00025641607081730306, 0.00046835200182477677, 0.000467636941563256, 0.0002623582798892709, 0.0008292770883245981, 0.0016578425972588462, 0.0037268056196195867, 0.0038320239902376223, 0.021958155101090372, 0.0, 0.05219213993298536, 4.582580047110615e-05, 0.0006458884862699591, 0.0017118625590322946, 0.0022384949724391897, 0.0016066795056060303, 5.46714591586879e-05, 1.7640812201011423e-05, 0.0011362398503314108, 0.0015689580408114715, 0.00040212534447790934, 5.3839537692787814e-05, 0.0004120722936691038, 0.000342629970867289] and parameters: {'lag_0': 0.955880400453031, 'lag_1': 0.035875283654321535, 'lag_2': 0.4039772659507638, 'lag_3': 0.43337466095104094, 'lag_4': 0.596932331683849, 'lag_5': 0.9834438756206076, 'lag_6': 0.11278563057997852, 'lag_7': 0.26107267079965835, 'lag_8': 0.06659648493079669, 'lag_9': 0.5162933373184645, 'lag_10': 0.9497772851741244, 'lag_11': 0.33861643262177743, 'lag_12': 0.5638043695579982, 'lag_13': 0.622165520280407, 'lag_14': 0.3197262223974498, 'lag_15': 0.6384662287503344, 'lag_16': 0.6783663560772561, 'lag_17': 0.5215125429959397, 'lag_18': 0.04667346324973799, 'lag_19': 0.0901073105606198, 'lag_20': 0.5584319988937008, 'lag_21': 0.35964985808956845, 'lag_22': 0.3817640537939466, 'lag_23': 0.36618986938828796, 'lag_24': 0.7815524230312635, 'lag_25': 0.6209160438610395, 'lag_26': 0.1133215487266207, 'lag_27': 0.7275583370205128, 'lag_28': 0.11624191456983808}.
[I 2025-10-03 11:37:02,657] Trial 35 finished with values: [0.018795666414714033, 0.0009378191797182365, 0.0016917286337739472, 0.0020222797464813573, 0.001180622595875285, 0.0008261271532171395, 0.0005837328247335269, 0.0007463275997783757, 0.0001253612280663881, 0.001213372393500048, 0.0006909315142164541, 0.0038816360359694426, 0.0032577877681292957, 0.024686537553864914, 0.0, 0.04916105042941142, 0.00011550745259990859, 0.0004847763078930016, 0.0018954611770860975, 0.002339869497578799, 0.001306892215463465, 2.8520522627891913e-05, 3.9750945878024354e-05, 0.0014025654180500025, 0.0013724658780195954, 0.0003954266295464833, 0.00028531910569712415, 0.00020586678877959654, 0.00042274562825477056] and parameters: {'lag_0': 0.7306563514384098, 'lag_1': 0.1853711715254908, 'lag_2': 0.3419289387852278, 'lag_3': 0.12224777460128705, 'lag_4': 0.33698427959869187, 'lag_5': 0.9407056681823429, 'lag_6': 0.23447395650104028, 'lag_7': 0.6619090236986103, 'lag_8': 0.023444648566086822, 'lag_9': 0.7184967876122336, 'lag_10': 0.5784191829565939, 'lag_11': 0.24403430090112405, 'lag_12': 0.18893742154974186, 'lag_13': 0.07368656299128218, 'lag_14': 0.844212427235096, 'lag_15': 0.26819087936104297, 'lag_16': 0.5690201320416521, 'lag_17': 0.08187649613700193, 'lag_18': 0.42143629620615947, 'lag_19': 0.5137534537410255, 'lag_20': 0.24912378951509082, 'lag_21': 0.2198300762539159, 'lag_22': 0.3345342891101286, 'lag_23': 0.21148576741162645, 'lag_24': 0.7330987418680631, 'lag_25': 0.5282735666651391, 'lag_26': 0.8396813972442033, 'lag_27': 0.7508214230872958, 'lag_28': 0.1151051612351633}.
[I 2025-10-03 11:37:05,313] Trial 36 finished with values: [0.0013888888888888887, 0.008175172453856735, 0.0007936717005942269, 0.0017152272422631034, 0.0016267640476063216, 0.0007445932518516865, 0.0011245310275672664, 0.00015830861210416137, 0.00035282381316228213, 0.00039138756784472966, 0.0011594136120611387, 0.0037570839697794664, 0.0035337718526714627, 0.022160135022908502, 0.0, 0.047631145292244374, 0.0001538685797886673, 0.0004301519513394337, 0.0016871233567404558, 0.0024152868324264186, 0.0015749500732117126, 2.3948055342102064e-05, 3.5279528425453804e-05, 0.0018002933021052069, 0.0007654040666485945, 0.00023814066306178519, 0.000227228244662361, 0.00011611983189285528, 0.00017055595443102705] and parameters: {'lag_0': 0.13055917162182767, 'lag_1': 0.4916597541939282, 'lag_2': 0.33785518335664505, 'lag_3': 0.8633717695384, 'lag_4': 0.5503953747099033, 'lag_5': 0.45746927122125064, 'lag_6': 0.08648199231847278, 'lag_7': 0.8829243363332535, 'lag_8': 0.26865210362963987, 'lag_9': 0.874859876769199, 'lag_10': 0.31825015528846806, 'lag_11': 0.03354850068817265, 'lag_12': 0.25079912241554614, 'lag_13': 0.22618064447389832, 'lag_14': 0.3210915053841685, 'lag_15': 0.6681211827597258, 'lag_16': 0.7706042668700086, 'lag_17': 0.46672823232253996, 'lag_18': 0.6407341255113137, 'lag_19': 0.8390112082428268, 'lag_20': 0.6420942123784482, 'lag_21': 0.572939159161937, 'lag_22': 0.3560729872079695, 'lag_23': 0.4077397148528282, 'lag_24': 0.6609670935379645, 'lag_25': 0.2555651084263793, 'lag_26': 0.48039446933849367, 'lag_27': 0.247666404935891, 'lag_28': 0.7623946493079716}.
[I 2025-10-03 11:37:07,969] Trial 37 finished with values: [0.0024691358024691358, 0.00010690746618675524, 0.001664604761704797, 0.00043284117687962125, 0.001152444556844597, 0.0007999549333834415, 0.00036801848728086996, 0.000475731200881813, 6.911670909343334e-05, 0.00040610919659725484, 0.0010046395976716963, 0.0036555561220020993, 0.002571686739376167, 0.02353215914794907, 0.0, 0.049917335515524526, 0.0004022831270988457, 0.00047908960504273855, 0.0018362462463046697, 0.0022255746420684038, 0.0015208692185858677, 6.135903945709266e-05, 3.0400688821835207e-05, 0.0013762439584117808, 0.001648683308049403, 0.0001704500679775695, 0.00031668422593639803, 0.00037665369351996044, 0.0005386368054847211] and parameters: {'lag_0': 0.9873397472185895, 'lag_1': 0.8569967155928189, 'lag_2': 0.4446936632438039, 'lag_3': 0.8185781106489284, 'lag_4': 0.9229837388074754, 'lag_5': 0.359671785538407, 'lag_6': 0.6054117932498962, 'lag_7': 0.1310505256018124, 'lag_8': 0.029271850131829157, 'lag_9': 0.07904790267713967, 'lag_10': 0.11746120191552518, 'lag_11': 0.018140897330806885, 'lag_12': 0.2287253313698389, 'lag_13': 0.8198933183513937, 'lag_14': 0.4564636433334077, 'lag_15': 0.7664676061924407, 'lag_16': 0.7242084666499587, 'lag_17': 0.17011260741615009, 'lag_18': 0.05688800251135758, 'lag_19': 0.4811354235109585, 'lag_20': 0.03239075724568027, 'lag_21': 0.5392154949123005, 'lag_22': 0.22305415613601687, 'lag_23': 0.530278030840495, 'lag_24': 0.8947316391851924, 'lag_25': 0.7531638320519223, 'lag_26': 0.4800888194640071, 'lag_27': 0.21632099576097705, 'lag_28': 0.5889256418271201}.
[I 2025-10-03 11:37:10,626] Trial 38 finished with values: [0.015206632653061224, 0.0007923666497914973, 0.0005529061514280477, 0.003152045777680189, 0.003091837494136571, 0.000680053509970141, 0.00041412533886083235, 0.0004236704511011568, 0.0004440018367227197, 0.0004941684004899631, 0.0009773951262879758, 0.003016109196362706, 0.0041818783192746995, 0.02222565322058575, 0.0, 0.04409595518027472, 7.47793878341105e-05, 0.0004036733771691909, 0.0011654688594555094, 0.001924328578267152, 0.0017108302976555183, 5.020590757013299e-05, 4.6056889590359575e-05, 0.0009480198250823556, 0.0011767576886750604, 0.00025252293953189784, 0.00028873611298390126, 0.0001236411300365876, 0.000743748056631192] and parameters: {'lag_0': 0.33705822972863164, 'lag_1': 0.03887237777009342, 'lag_2': 0.4599781353949043, 'lag_3': 0.15065915662555457, 'lag_4': 0.6353836805191448, 'lag_5': 0.9913965460980357, 'lag_6': 0.6895790874465854, 'lag_7': 0.12874407139799696, 'lag_8': 0.39453671550635216, 'lag_9': 0.21611043152564907, 'lag_10': 0.38358937405855936, 'lag_11': 0.9051313456050267, 'lag_12': 0.30975051760573974, 'lag_13': 0.23756722739831287, 'lag_14': 0.2367036210022785, 'lag_15': 0.3534529832782786, 'lag_16': 0.6531894895270365, 'lag_17': 0.9620852526841369, 'lag_18': 0.8553345958536331, 'lag_19': 0.11511664463132913, 'lag_20': 0.009690223094616137, 'lag_21': 0.16209276834774042, 'lag_22': 0.18110628220984576, 'lag_23': 0.7900010136704848, 'lag_24': 0.18014127228576945, 'lag_25': 0.2956017918837997, 'lag_26': 0.41640982122081144, 'lag_27': 0.43195780897255376, 'lag_28': 0.0510907533553401}.
[I 2025-10-03 11:37:13,281] Trial 39 finished with values: [0.0020000000000000005, 0.0006302352378141173, 0.0009736103365347087, 0.0016972298321214665, 0.0014032861004520465, 0.00040237457662452536, 0.00030777209302046724, 0.0004965726585241043, 0.0003063635726050044, 0.0012239251971277805, 0.0007251948518178853, 0.0035161281184420746, 0.003260748922346142, 0.021734029388037666, 0.0, 0.04515431834630622, 0.00025519366219172904, 0.0005097143004929803, 0.0014318108294924634, 0.0021632993046884013, 0.0013113229676278149, 3.705334612159769e-05, 5.731159903609534e-05, 0.0013537816990561481, 0.00135076733247786, 0.0003303250341257509, 0.0003214048095644855, 0.0004238752686848409, 0.0004317150544901543] and parameters: {'lag_0': 0.3389442824315742, 'lag_1': 0.4577595995103235, 'lag_2': 0.5227265470114834, 'lag_3': 0.3705612545376272, 'lag_4': 0.06866503842302435, 'lag_5': 0.13189959188997802, 'lag_6': 0.6249700153319434, 'lag_7': 0.022526322989817205, 'lag_8': 0.20035046756627276, 'lag_9': 0.16506691601665083, 'lag_10': 0.9848231890046729, 'lag_11': 0.27452219147292617, 'lag_12': 0.500518545676649, 'lag_13': 0.673941568210703, 'lag_14': 0.16992718567902257, 'lag_15': 0.5056646663683421, 'lag_16': 0.24767271723518158, 'lag_17': 0.22460649430845456, 'lag_18': 0.24629634750784998, 'lag_19': 0.1847079243951554, 'lag_20': 0.16464590971344348, 'lag_21': 0.3209115193973162, 'lag_22': 0.5242597956474143, 'lag_23': 0.3386889716691661, 'lag_24': 0.6471176803567964, 'lag_25': 0.5232600351522019, 'lag_26': 0.5163680637217613, 'lag_27': 0.5151341025748802, 'lag_28': 0.3453191647760541}.
[I 2025-10-03 11:37:15,932] Trial 40 finished with values: [0.0, 0.003344123153075463, 0.0007547792169662305, 0.0015936620757496852, 0.0012107863403732174, 0.00044731055281755847, 0.00021047526982618945, 0.0006329994079485315, 0.0002942386530736188, 0.001128749849519648, 0.0012979453850839534, 0.0033995828424514497, 0.0027739981427358953, 0.02304722903876287, 0.0, 0.04874638029026398, 0.00016513383292453897, 0.0005652330888902718, 0.0016406995104415068, 0.0025172523057686432, 0.0008285147230932332, 7.907452444969614e-05, 6.789152096065408e-05, 0.0016254830431866644, 0.001765537056394828, 0.00031910695229189914, 0.0003153712395961912, 0.00041848373618056013, 0.0005584289330423002] and parameters: {'lag_0': 0.8567160108668248, 'lag_1': 0.5315230904889029, 'lag_2': 0.9719534979245128, 'lag_3': 0.9869835679741221, 'lag_4': 0.0686887309444454, 'lag_5': 0.6328432600452119, 'lag_6': 0.5562097040366245, 'lag_7': 0.864810603975201, 'lag_8': 0.169930020687798, 'lag_9': 0.8283311029417487, 'lag_10': 0.6713778562420526, 'lag_11': 0.6103192144543155, 'lag_12': 0.25140242146229475, 'lag_13': 0.5286453595882625, 'lag_14': 0.38175406105891174, 'lag_15': 0.4837167176254309, 'lag_16': 0.4744121807798301, 'lag_17': 0.5061312866051983, 'lag_18': 0.6552704825124347, 'lag_19': 0.7603875085694713, 'lag_20': 0.18397194577982934, 'lag_21': 0.7686283567346264, 'lag_22': 0.4364566899652471, 'lag_23': 0.42606454544451183, 'lag_24': 0.006852382616475209, 'lag_25': 0.8345300467532263, 'lag_26': 0.9317393388138693, 'lag_27': 0.12461257938024854, 'lag_28': 0.38519993556738147}.
[I 2025-10-03 11:37:18,579] Trial 41 finished with values: [0.0013888888888888887, 0.0012636000995422695, 0.0006398447595164483, 0.0013033081222060614, 0.002875908707116505, 0.0004912186110673274, 0.0009468654474699363, 0.0006810259673628962, 0.00014773973010873048, 0.0006307926621343255, 0.000570523075782465, 0.003071453869642483, 0.0022284315781560724, 0.02585358335625948, 0.0, 0.049459401569589646, 0.00015584786081727567, 0.0005099629579913077, 0.001254759638600183, 0.0022862669286091925, 0.001427426428744121, 9.053628638334106e-05, 0.00010394587905738872, 0.0015358158604987346, 0.0017149716000833125, 0.00010271539449512321, 0.0005606841679024772, 0.00015102257955990802, 0.0012701172651516104] and parameters: {'lag_0': 0.45679219494897655, 'lag_1': 0.426825240837699, 'lag_2': 0.7205932030221911, 'lag_3': 0.8557470272048471, 'lag_4': 0.9598975187471832, 'lag_5': 0.152047491444627, 'lag_6': 0.8365208978853559, 'lag_7': 0.6205125872994711, 'lag_8': 0.4148777471523971, 'lag_9': 0.8318640811501828, 'lag_10': 0.7755658724982553, 'lag_11': 0.41444152339143914, 'lag_12': 0.20868598690588464, 'lag_13': 0.4564822319726312, 'lag_14': 0.8914326775588977, 'lag_15': 0.7692567445548911, 'lag_16': 0.7908896476099933, 'lag_17': 0.6301048444591223, 'lag_18': 0.8573736547369749, 'lag_19': 0.4202009231144995, 'lag_20': 0.05358577433136077, 'lag_21': 0.585648957074236, 'lag_22': 0.7810081861884763, 'lag_23': 0.7972897273383573, 'lag_24': 0.04658220786178829, 'lag_25': 0.17093188123194225, 'lag_26': 0.0072658451282418745, 'lag_27': 0.6845867235057765, 'lag_28': 0.34581912816591803}.
