[I 2025-09-29 13:07:11,059] Trial 19 finished with value: 0.006865680658858614 and parameters: {'lag_0': 0.5830553267224263, 'lag_1': 0.47099761442870963, 'lag_2': 0.8095336516356564, 'lag_3': 0.008504423206201261, 'lag_4': 0.6034917808104757, 'lag_5': 0.4379710285599775, 'lag_6': 0.4322966743512164, 'lag_7': 0.22343433442496224, 'lag_8': 0.3774527133663522, 'lag_9': 0.3256820377861583, 'lag_10': 0.9974418209096777, 'lag_11': 0.7549911730587957, 'lag_12': 0.6877761561819593, 'lag_13': 0.49302415030692626, 'lag_14': 0.7308818907810875, 'lag_15': 0.7928189101111685, 'lag_16': 0.4424626867984006, 'lag_17': 0.13965866288776835, 'lag_18': 0.6362190616159407, 'lag_19': 0.7065566387576038, 'lag_20': 0.6760666402500385, 'lag_21': 0.8551133786327907, 'lag_22': 0.5576914592920824, 'lag_23': 0.5506312817883745, 'lag_24': 0.8223196877712622, 'lag_25': 0.5235221405694931, 'lag_26': 0.13188931385480623, 'lag_27': 0.4864248472670075, 'lag_28': 0.562269292627462}. Best is trial 8 with value: 0.006662766316034777.
[I 2025-09-29 13:07:13,399] Trial 20 finished with value: 0.0072444506166750074 and parameters: {'lag_0': 0.7927857160129894, 'lag_1': 0.2333955412916906, 'lag_2': 0.5507568890104829, 'lag_3': 0.7726500099889777, 'lag_4': 0.8724956389536367, 'lag_5': 0.2520359103797, 'lag_6': 0.6360506360161075, 'lag_7': 0.0031743520806772896, 'lag_8': 0.8480492592433784, 'lag_9': 0.2140309608886851, 'lag_10': 0.5230772345072625, 'lag_11': 0.20681847867468522, 'lag_12': 0.8759319732720672, 'lag_13': 0.3607505214076775, 'lag_14': 0.15404066024515867, 'lag_15': 0.23439064447281133, 'lag_16': 0.6251575562904582, 'lag_17': 0.947336777897157, 'lag_18': 0.07476821251953557, 'lag_19': 0.007933353335091653, 'lag_20': 0.31785207332450893, 'lag_21': 0.1967369819500568, 'lag_22': 0.2723640976994741, 'lag_23': 0.38046000410782627, 'lag_24': 0.9969082610075648, 'lag_25': 0.7451912372143645, 'lag_26': 0.35383819591696497, 'lag_27': 0.7021287835959731, 'lag_28': 0.41718771806865296}. Best is trial 8 with value: 0.006662766316034777.
[I 2025-09-29 13:07:15,726] Trial 21 finished with value: 0.0068142302576972 and parameters: {'lag_0': 0.6381321134995044, 'lag_1': 0.5380663387832088, 'lag_2': 0.9978804415365697, 'lag_3': 0.01784446048745192, 'lag_4': 0.9768897429604473, 'lag_5': 0.0923517287135187, 'lag_6': 0.009117233691084442, 'lag_7': 0.9999266482219176, 'lag_8': 0.6894407028027032, 'lag_9': 0.048987229480780325, 'lag_10': 0.9634433644940559, 'lag_11': 0.021156695778741574, 'lag_12': 0.9808268288478462, 'lag_13': 0.2284475463722328, 'lag_14': 0.4836322696692222, 'lag_15': 0.004290822875884406, 'lag_16': 0.14450897635452403, 'lag_17': 0.565202468849206, 'lag_18': 0.6675060831853867, 'lag_19': 0.45663343876069307, 'lag_20': 0.8837691612798318, 'lag_21': 0.951334605649334, 'lag_22': 0.3436110755741529, 'lag_23': 0.7569941198289976, 'lag_24': 0.9164959326602035, 'lag_25': 0.914064867122042, 'lag_26': 0.5325046692555605, 'lag_27': 0.19573462870123132, 'lag_28': 0.1917205778616472}. Best is trial 8 with value: 0.006662766316034777.
[I 2025-09-29 13:07:18,057] Trial 22 finished with value: 0.007420106296896765 and parameters: {'lag_0': 0.8755767908001019, 'lag_1': 0.4005719215038148, 'lag_2': 0.9932804375248627, 'lag_3': 0.21875981940034073, 'lag_4': 0.7442720285990971, 'lag_5': 0.10658309873682101, 'lag_6': 0.12618440252475768, 'lag_7': 0.9042902954499645, 'lag_8': 0.6771595842673901, 'lag_9': 0.10718515997898903, 'lag_10': 0.9045931366728164, 'lag_11': 0.01274322364723618, 'lag_12': 0.9994150687741421, 'lag_13': 0.10040920861271023, 'lag_14': 0.5560097563635882, 'lag_15': 0.049609677089974664, 'lag_16': 0.12238591133384591, 'lag_17': 0.6266569102818418, 'lag_18': 0.7127357719490095, 'lag_19': 0.43174452261408075, 'lag_20': 0.8626108231571479, 'lag_21': 0.9215486144219285, 'lag_22': 0.21692483138501373, 'lag_23': 0.7658832866853231, 'lag_24': 0.674393789386828, 'lag_25': 0.9713253367307054, 'lag_26': 0.5081071855425351, 'lag_27': 0.10144277437778047, 'lag_28': 0.16650689810602967}. Best is trial 8 with value: 0.006662766316034777.
[I 2025-09-29 13:07:20,386] Trial 23 finished with value: 0.006848387803230517 and parameters: {'lag_0': 0.9965450600106673, 'lag_1': 0.5658297510863391, 'lag_2': 0.7967000019906499, 'lag_3': 0.07996680826451852, 'lag_4': 0.9134834519281196, 'lag_5': 0.0025373453653273273, 'lag_6': 0.07007036253134431, 'lag_7': 0.9133165917027394, 'lag_8': 0.8031227321278634, 'lag_9': 0.7699286326419889, 'lag_10': 0.882386896454467, 'lag_11': 0.09707836507291384, 'lag_12': 0.8335007616964485, 'lag_13': 0.24965021741194676, 'lag_14': 0.42042360732584616, 'lag_15': 0.006468659171468551, 'lag_16': 0.31571325480433376, 'lag_17': 0.7627696947820326, 'lag_18': 0.7380188469557146, 'lag_19': 0.5593224498836432, 'lag_20': 0.7929895250427572, 'lag_21': 0.7714746709601411, 'lag_22': 0.4465536614219354, 'lag_23': 0.8424144873657987, 'lag_24': 0.8879474483867058, 'lag_25': 0.8828689041741574, 'lag_26': 0.6949392659548747, 'lag_27': 0.2405543002041982, 'lag_28': 0.028994717698181634}. Best is trial 8 with value: 0.006662766316034777.
[I 2025-09-29 13:07:22,720] Trial 24 finished with value: 0.007983505664573317 and parameters: {'lag_0': 0.6625983607038308, 'lag_1': 0.7216577372031434, 'lag_2': 0.9317283878254542, 'lag_3': 0.27569836529183234, 'lag_4': 0.714112737816303, 'lag_5': 0.18642733351340485, 'lag_6': 0.24017488726868855, 'lag_7': 0.7635132667271911, 'lag_8': 0.5265975504656555, 'lag_9': 0.6008521236477568, 'lag_10': 0.743960636003391, 'lag_11': 0.2526137700646397, 'lag_12': 0.5801638595864016, 'lag_13': 0.017237859223303058, 'lag_14': 0.8758659877949186, 'lag_15': 0.14786208842862308, 'lag_16': 0.2316970566637232, 'lag_17': 0.38840815743167295, 'lag_18': 0.27503650692140047, 'lag_19': 0.26049076151319916, 'lag_20': 0.9340086609206605, 'lag_21': 0.8892785753213497, 'lag_22': 0.6582534140070665, 'lag_23': 0.7102568445222245, 'lag_24': 0.9442681418955001, 'lag_25': 0.6828611570367138, 'lag_26': 0.7346043526709563, 'lag_27': 0.3305539893273437, 'lag_28': 0.11427301067292729}. Best is trial 8 with value: 0.006662766316034777.
[I 2025-09-29 13:07:25,045] Trial 25 finished with value: 0.007178126442351973 and parameters: {'lag_0': 0.40173029489392054, 'lag_1': 0.7928036873721624, 'lag_2': 0.6918630643094419, 'lag_3': 0.10219282837655758, 'lag_4': 0.8108546472850461, 'lag_5': 0.07548023340640257, 'lag_6': 0.024382315162335022, 'lag_7': 0.9912877579033569, 'lag_8': 0.6469630716431534, 'lag_9': 0.008876274408654683, 'lag_10': 0.6273234069127718, 'lag_11': 0.373439666284679, 'lag_12': 0.7232890806484715, 'lag_13': 0.16684482149383673, 'lag_14': 0.5472782480269145, 'lag_15': 0.2628490800004974, 'lag_16': 0.39888484378200073, 'lag_17': 0.5768557881001191, 'lag_18': 0.4234267718674711, 'lag_19': 0.4211943650022638, 'lag_20': 0.6782970317546305, 'lag_21': 0.6667163124816222, 'lag_22': 0.8790034672007578, 'lag_23': 0.2633881862849481, 'lag_24': 0.7258833459537045, 'lag_25': 0.3566410449344498, 'lag_26': 0.5502898461426692, 'lag_27': 0.43733708104264046, 'lag_28': 0.27221791767139736}. Best is trial 8 with value: 0.006662766316034777.
[I 2025-09-29 13:07:27,403] Trial 26 finished with value: 0.0070967331597487264 and parameters: {'lag_0': 0.5624160291542284, 'lag_1': 0.5672751959642994, 'lag_2': 0.8605543516604842, 'lag_3': 0.23048801604540853, 'lag_4': 0.9491967597291642, 'lag_5': 0.269413985256755, 'lag_6': 0.18038476278313023, 'lag_7': 0.6007194443172857, 'lag_8': 0.5985578412927349, 'lag_9': 0.4863492737985958, 'lag_10': 0.8367208147239593, 'lag_11': 0.4449954527649529, 'lag_12': 0.9429632217995656, 'lag_13': 0.08755310477106623, 'lag_14': 0.6637285048172048, 'lag_15': 0.4484776963774575, 'lag_16': 0.49159075580329714, 'lag_17': 0.8294511846295861, 'lag_18': 0.7925478699215527, 'lag_19': 0.32354624665705733, 'lag_20': 0.8925976071896133, 'lag_21': 0.8050175779198826, 'lag_22': 0.5161240646949431, 'lag_23': 0.5570516616573596, 'lag_24': 0.8579900345356406, 'lag_25': 0.13133441288382303, 'lag_26': 0.3185495444677664, 'lag_27': 0.10721361071048426, 'lag_28': 0.2585791940147484}. Best is trial 8 with value: 0.006662766316034777.
[I 2025-09-29 13:07:29,731] Trial 27 finished with value: 0.006823451849506913 and parameters: {'lag_0': 0.2468818631330298, 'lag_1': 0.36965235921992673, 'lag_2': 0.7714010605028748, 'lag_3': 0.4002299719829031, 'lag_4': 0.5066671143617943, 'lag_5': 0.4192638383717377, 'lag_6': 0.2878039963074407, 'lag_7': 0.8703401699603053, 'lag_8': 0.8795958965584268, 'lag_9': 0.15170375637240163, 'lag_10': 0.9602137646409056, 'lag_11': 0.5840206262711984, 'lag_12': 0.3887360808034642, 'lag_13': 0.27826847661564136, 'lag_14': 0.3894147162188283, 'lag_15': 0.5910704950697536, 'lag_16': 0.08716642849550305, 'lag_17': 0.4118345054794818, 'lag_18': 0.41999022266137975, 'lag_19': 0.8707482528577273, 'lag_20': 0.5894215657727284, 'lag_21': 0.9399415747811605, 'lag_22': 0.30115760195863495, 'lag_23': 0.9154017216704395, 'lag_24': 0.5417234478238978, 'lag_25': 0.5108898797141562, 'lag_26': 0.9961458965800492, 'lag_27': 0.19854341255840693, 'lag_28': 0.5548345962879613}. Best is trial 8 with value: 0.006662766316034777.
[I 2025-09-29 13:07:32,065] Trial 28 finished with value: 0.006548623969072112 and parameters: {'lag_0': 0.4381144942621239, 'lag_1': 0.19722175152215377, 'lag_2': 0.5964972598001217, 'lag_3': 0.06281071217386425, 'lag_4': 0.6718508202375657, 'lag_5': 0.07479763662265965, 'lag_6': 0.4418990453026118, 'lag_7': 0.752167793912482, 'lag_8': 0.7836187713574271, 'lag_9': 0.3552407429452725, 'lag_10': 0.42091756245873235, 'lag_11': 0.9996598602048165, 'lag_12': 0.8312732058506681, 'lag_13': 0.19836347912186875, 'lag_14': 0.49249232608405086, 'lag_15': 0.3033673068272425, 'lag_16': 0.19299674793868468, 'lag_17': 0.2022304910476521, 'lag_18': 0.5792938254053785, 'lag_19': 0.7144878795464149, 'lag_20': 0.9914856478742369, 'lag_21': 0.8182387281451391, 'lag_22': 0.6990261382679205, 'lag_23': 0.7278921465997462, 'lag_24': 0.9345623397102233, 'lag_25': 0.8345857147905862, 'lag_26': 0.48837551249082745, 'lag_27': 0.38776496044212, 'lag_28': 0.12028635819381528}. Best is trial 28 with value: 0.006548623969072112.
[I 2025-09-29 13:07:34,422] Trial 29 finished with value: 0.00759883086540745 and parameters: {'lag_0': 0.4235551611955344, 'lag_1': 0.09999963696773019, 'lag_2': 0.49734059865727004, 'lag_3': 0.3564129522890273, 'lag_4': 0.6669250842619043, 'lag_5': 0.924910981493437, 'lag_6': 0.444585097939962, 'lag_7': 0.47375652134035945, 'lag_8': 0.7922350796213324, 'lag_9': 0.3497660794535286, 'lag_10': 0.3550602576279018, 'lag_11': 0.9930124620923042, 'lag_12': 0.551665373244843, 'lag_13': 0.5895187671900137, 'lag_14': 0.19219836795134532, 'lag_15': 0.4996030869842368, 'lag_16': 0.2764188762780662, 'lag_17': 0.06902482440874719, 'lag_18': 0.5818757226635692, 'lag_19': 0.7259595025954513, 'lag_20': 0.9760117245813451, 'lag_21': 0.5627564931691953, 'lag_22': 0.7131897394528995, 'lag_23': 0.15504961413409435, 'lag_24': 0.7981232627076936, 'lag_25': 0.6954775480530306, 'lag_26': 0.12483789375563357, 'lag_27': 0.3931540626610103, 'lag_28': 0.7649495205806794}. Best is trial 28 with value: 0.006548623969072112.
[I 2025-09-29 13:07:36,780] Trial 30 finished with value: 0.007188430672742559 and parameters: {'lag_0': 0.31186895296025763, 'lag_1': 0.20437864594697974, 'lag_2': 0.5967713803925874, 'lag_3': 0.5441967137279966, 'lag_4': 0.5926906824288033, 'lag_5': 0.18586901839005673, 'lag_6': 0.9123354994784068, 'lag_7': 0.5571616442298761, 'lag_8': 0.9275428162481455, 'lag_9': 0.4199413778999534, 'lag_10': 0.24047778256210667, 'lag_11': 0.9068505200513087, 'lag_12': 0.8251995136744702, 'lag_13': 0.4196230152077124, 'lag_14': 0.864311067557263, 'lag_15': 0.29816964849939614, 'lag_16': 0.9898080888395355, 'lag_17': 0.21183939336212362, 'lag_18': 0.2689393597496389, 'lag_19': 0.8673934607416206, 'lag_20': 0.7878013138424537, 'lag_21': 0.8161227673560641, 'lag_22': 0.8080407564908394, 'lag_23': 0.09474708560294778, 'lag_24': 0.6794511059836464, 'lag_25': 0.5700779804590054, 'lag_26': 0.41349616684069107, 'lag_27': 0.6080934488842586, 'lag_28': 0.10627144282767303}. Best is trial 28 with value: 0.006548623969072112.
[I 2025-09-29 13:07:39,117] Trial 31 finished with value: 0.006818785686462733 and parameters: {'lag_0': 0.5090735253391574, 'lag_1': 0.2995885535364047, 'lag_2': 0.6125591046474744, 'lag_3': 0.060653955932265816, 'lag_4': 0.6769230296471558, 'lag_5': 0.06934732318399056, 'lag_6': 0.6177056103116956, 'lag_7': 0.7675893455122552, 'lag_8': 0.668828195391353, 'lag_9': 0.2555630521066248, 'lag_10': 0.5706953516046518, 'lag_11': 0.9389113731444404, 'lag_12': 0.8975343642476046, 'lag_13': 0.2116387787912945, 'lag_14': 0.5033150987080162, 'lag_15': 0.12938606710346795, 'lag_16': 0.17414501550024725, 'lag_17': 0.2265968136406949, 'lag_18': 0.545139465188574, 'lag_19': 0.596542056587189, 'lag_20': 0.896122537104577, 'lag_21': 0.9222720585505331, 'lag_22': 0.4298712727539258, 'lag_23': 0.7284361342322472, 'lag_24': 0.9398351982028761, 'lag_25': 0.8352904067651097, 'lag_26': 0.4712218316330633, 'lag_27': 0.277075781454192, 'lag_28': 0.06158725879433302}. Best is trial 28 with value: 0.006548623969072112.
[I 2025-09-29 13:07:41,454] Trial 32 finished with value: 0.0070699928387005645 and parameters: {'lag_0': 0.6564866636823714, 'lag_1': 0.4528298608715549, 'lag_2': 0.908414263068853, 'lag_3': 0.1660021265186548, 'lag_4': 0.5535676271367714, 'lag_5': 0.11526385582424223, 'lag_6': 0.4172068700210283, 'lag_7': 0.939863330451693, 'lag_8': 0.7386282835196735, 'lag_9': 0.29831650712507873, 'lag_10': 0.3590031624199096, 'lag_11': 0.7763500120316669, 'lag_12': 0.962378353967843, 'lag_13': 0.11290215444552609, 'lag_14': 0.6195769723757435, 'lag_15': 0.1981959641138411, 'lag_16': 0.020415685208865414, 'lag_17': 0.09697108713771174, 'lag_18': 0.3773447163899399, 'lag_19': 0.491224881934198, 'lag_20': 0.7250747584458923, 'lag_21': 0.991019435900671, 'lag_22': 0.587708433040881, 'lag_23': 0.6406068579346638, 'lag_24': 0.9035405892806327, 'lag_25': 0.9298585392913369, 'lag_26': 0.5869869257418175, 'lag_27': 0.5025887390702948, 'lag_28': 0.15266925608601428}. Best is trial 28 with value: 0.006548623969072112.
[I 2025-09-29 13:07:43,801] Trial 33 finished with value: 0.007279388421985241 and parameters: {'lag_0': 0.5165336837915232, 'lag_1': 0.08224129482529674, 'lag_2': 0.4454169848774619, 'lag_3': 0.0678028172725513, 'lag_4': 0.8207520689079102, 'lag_5': 0.05255547544894648, 'lag_6': 0.7019830105022395, 'lag_7': 0.6505258694404865, 'lag_8': 0.4856628476447299, 'lag_9': 0.4691952904435365, 'lag_10': 0.4517619901101396, 'lag_11': 0.8444216517979211, 'lag_12': 0.7268856465055582, 'lag_13': 0.18759927135160015, 'lag_14': 0.4938927905936068, 'lag_15': 0.09100819622069625, 'lag_16': 0.20846031399410353, 'lag_17': 0.5211676555578081, 'lag_18': 0.8096260980723877, 'lag_19': 0.6832392480723217, 'lag_20': 0.8218697293552929, 'lag_21': 0.7356398093833016, 'lag_22': 0.7063715510644417, 'lag_23': 0.8173509825257129, 'lag_24': 0.9923415251211227, 'lag_25': 0.8284965677028306, 'lag_26': 0.7728135986596361, 'lag_27': 0.3029855646681201, 'lag_28': 0.23369368287522774}. Best is trial 28 with value: 0.006548623969072112.
[I 2025-09-29 13:07:46,147] Trial 34 finished with value: 0.006700826990410623 and parameters: {'lag_0': 0.8009839827639287, 'lag_1': 0.8447687169028768, 'lag_2': 0.6415419913944047, 'lag_3': 0.219875466684755, 'lag_4': 0.2238216253751314, 'lag_5': 0.0022450592519824425, 'lag_6': 0.1256468144317689, 'lag_7': 0.7352715002248951, 'lag_8': 0.38423605104851327, 'lag_9': 0.3695708671349768, 'lag_10': 0.012209526955879735, 'lag_11': 0.6821654937408069, 'lag_12': 0.8858005069436047, 'lag_13': 0.0001690784108425436, 'lag_14': 0.3612789771043466, 'lag_15': 0.004033567106817654, 'lag_16': 0.35329876959327255, 'lag_17': 0.3344375201014673, 'lag_18': 0.13815406428346974, 'lag_19': 0.3836951840995683, 'lag_20': 0.996168836796514, 'lag_21': 0.5736396213557322, 'lag_22': 0.0700963071587582, 'lag_23': 0.4454700036464401, 'lag_24': 0.8068346820817875, 'lag_25': 0.7812066480788129, 'lag_26': 0.4987980232414232, 'lag_27': 0.07582747883702969, 'lag_28': 0.43406141897890294}. Best is trial 28 with value: 0.006548623969072112.
[I 2025-09-29 13:07:48,471] Trial 35 finished with value: 0.006738900570138743 and parameters: {'lag_0': 0.9136549569843119, 'lag_1': 0.192517555703338, 'lag_2': 0.5349762046218218, 'lag_3': 0.29904046049857597, 'lag_4': 0.2520001048220306, 'lag_5': 0.002991130947053916, 'lag_6': 0.4982586155250407, 'lag_7': 0.7352651525674601, 'lag_8': 0.3675429165195982, 'lag_9': 0.37393263220077166, 'lag_10': 0.021303765753892354, 'lag_11': 0.5122207812253565, 'lag_12': 0.5854249142382534, 'lag_13': 0.0022339460747795715, 'lag_14': 0.31835809369134405, 'lag_15': 0.18454709465071295, 'lag_16': 0.3422703835547879, 'lag_17': 0.21235092336038003, 'lag_18': 0.11292322347493675, 'lag_19': 0.17425237122270476, 'lag_20': 0.9937908203704344, 'lag_21': 0.607535205795814, 'lag_22': 0.01736890353349279, 'lag_23': 0.4298368624005811, 'lag_24': 0.8309032194666701, 'lag_25': 0.7468232047524058, 'lag_26': 0.6336492119209036, 'lag_27': 0.04730399760938242, 'lag_28': 0.4175104417665641}. Best is trial 28 with value: 0.006548623969072112.
[I 2025-09-29 13:07:50,909] Trial 36 finished with value: 0.007189540760190326 and parameters: {'lag_0': 0.8082913937512597, 'lag_1': 0.9876793728821853, 'lag_2': 0.2192720590774203, 'lag_3': 0.2913337859700989, 'lag_4': 0.21441809201969927, 'lag_5': 0.014153292668315732, 'lag_6': 0.5417993578286728, 'lag_7': 0.7243925876517168, 'lag_8': 0.339179190793077, 'lag_9': 0.38708931901639365, 'lag_10': 0.042836162747008806, 'lag_11': 0.5217748524018017, 'lag_12': 0.41924126009964957, 'lag_13': 0.0036717051513765545, 'lag_14': 0.2640342932142282, 'lag_15': 0.1924323980520395, 'lag_16': 0.35772426753361863, 'lag_17': 0.33747380554139383, 'lag_18': 0.1296314702950115, 'lag_19': 0.11534286644197256, 'lag_20': 0.9743672124625354, 'lag_21': 0.5619693108843496, 'lag_22': 0.08513972995073174, 'lag_23': 0.41538026083742263, 'lag_24': 0.8314237317345647, 'lag_25': 0.7525725956304148, 'lag_26': 0.6018171057960611, 'lag_27': 0.052106170020595276, 'lag_28': 0.44364901173369353}. Best is trial 28 with value: 0.006548623969072112.
[I 2025-09-29 13:07:53,267] Trial 37 finished with value: 0.0072917266821374786 and parameters: {'lag_0': 0.7466938195812006, 'lag_1': 0.8861615363415397, 'lag_2': 0.5341182018177713, 'lag_3': 0.21033993008828156, 'lag_4': 0.17894595993929358, 'lag_5': 0.6185934210564357, 'lag_6': 0.48832313912173625, 'lag_7': 0.8260693006689775, 'lag_8': 0.31556318053033416, 'lag_9': 0.18344365761576076, 'lag_10': 0.19058092768159493, 'lag_11': 0.6634318530701302, 'lag_12': 0.23894241309903902, 'lag_13': 0.06816123382593475, 'lag_14': 0.3821442477110097, 'lag_15': 0.09128871323676715, 'lag_16': 0.5007187916989008, 'lag_17': 0.21336697247478573, 'lag_18': 0.11775940895139074, 'lag_19': 0.17875033108563645, 'lag_20': 0.9941352636952215, 'lag_21': 0.4524688572020463, 'lag_22': 0.00394348427935845, 'lag_23': 0.312185273762427, 'lag_24': 0.7784249304342852, 'lag_25': 0.6429617223696397, 'lag_26': 0.6376172033140525, 'lag_27': 0.0829056626476398, 'lag_28': 0.3696798868015283}. Best is trial 28 with value: 0.006548623969072112.
[I 2025-09-29 13:07:55,614] Trial 38 finished with value: 0.00673536860445995 and parameters: {'lag_0': 0.9224912471431131, 'lag_1': 0.1749769978525526, 'lag_2': 0.4036846016075922, 'lag_3': 0.2544741913581514, 'lag_4': 0.2881204955043595, 'lag_5': 0.15085932684953607, 'lag_6': 0.33783168988717, 'lag_7': 0.6152654293790695, 'lag_8': 0.37970978696185353, 'lag_9': 0.36985377521477375, 'lag_10': 0.01526109765724798, 'lag_11': 0.5715515260850293, 'lag_12': 0.5988193533679601, 'lag_13': 0.06626441830074764, 'lag_14': 0.22850558153824, 'lag_15': 0.30712519377012204, 'lag_16': 0.3404056229132606, 'lag_17': 0.23671443325200345, 'lag_18': 0.21095563491949437, 'lag_19': 0.08103097475973042, 'lag_20': 0.9349733764160251, 'lag_21': 0.6162349591064967, 'lag_22': 0.10883102288637242, 'lag_23': 0.4879728750688458, 'lag_24': 0.6979545283379596, 'lag_25': 0.7294202807131172, 'lag_26': 0.475471370599048, 'lag_27': 0.025556064606108875, 'lag_28': 0.530227965453865}. Best is trial 28 with value: 0.006548623969072112.
[I 2025-09-29 13:07:57,974] Trial 39 finished with value: 0.006947010699641207 and parameters: {'lag_0': 0.28322240168660395, 'lag_1': 0.8538957755835166, 'lag_2': 0.2781798435665062, 'lag_3': 0.13585336908448592, 'lag_4': 0.3221009038441818, 'lag_5': 0.14424303002209948, 'lag_6': 0.22683162212930164, 'lag_7': 0.5229432456315752, 'lag_8': 0.4530137929579729, 'lag_9': 0.2828927496235181, 'lag_10': 0.14586988447770818, 'lag_11': 0.7113776038624748, 'lag_12': 0.8018279550377143, 'lag_13': 0.7197581397210414, 'lag_14': 0.21679950645218724, 'lag_15': 0.3118636605146838, 'lag_16': 0.25565805178616335, 'lag_17': 0.31420044217030585, 'lag_18': 0.19497333969230668, 'lag_19': 0.10274185240901618, 'lag_20': 0.18879906990335033, 'lag_21': 0.5062938536776833, 'lag_22': 0.11290234223267136, 'lag_23': 0.46818924831224495, 'lag_24': 0.6867360581861853, 'lag_25': 0.6903896274185469, 'lag_26': 0.3655884838665193, 'lag_27': 0.0037885268977664865, 'lag_28': 0.5382280511359371}. Best is trial 28 with value: 0.006548623969072112.
