[I 2025-09-29 13:21:35,286] Trial 83 finished with value: 0.011028227558914213 and parameters: {'lag_0': 0.5436241218006174, 'lag_1': 0.9648650375484734, 'lag_2': 0.9149410977878427, 'lag_3': 0.6328519010104486, 'lag_4': 0.4666675973526446, 'lag_5': 0.03241973343161468, 'lag_6': 0.8466541659888811, 'lag_7': 0.9200149708061649, 'lag_8': 0.023479387646047838, 'lag_9': 0.06249653442117961, 'lag_10': 0.7506704199871258, 'lag_11': 0.8485386512679308, 'lag_12': 0.4123974727742783, 'lag_13': 0.421150809440736, 'lag_14': 0.28444885079912874, 'lag_15': 0.5417181416858076, 'lag_16': 0.490276141682065, 'lag_17': 0.15294263545275155, 'lag_18': 0.9112474682115161, 'lag_19': 0.04924509487523322, 'lag_20': 0.4941235133488259, 'lag_21': 0.7666557356371668, 'lag_22': 0.7522407428127339, 'lag_23': 0.967785071491619, 'lag_24': 0.7914540501418876, 'lag_25': 0.1900166755401856, 'lag_26': 0.09936237931610263, 'lag_27': 0.08614775663973731, 'lag_28': 0.8379638039376648}. Best is trial 60 with value: 0.009151790288209316.
[I 2025-09-29 13:21:37,783] Trial 84 finished with value: 0.013412036064281496 and parameters: {'lag_0': 0.642195428888433, 'lag_1': 0.9195213069606094, 'lag_2': 0.7880000947545208, 'lag_3': 0.5574801461679815, 'lag_4': 0.24879591110267846, 'lag_5': 0.5894930569214996, 'lag_6': 0.7937882283381846, 'lag_7': 0.05610775199012839, 'lag_8': 0.17860659096518228, 'lag_9': 0.20230236689525424, 'lag_10': 0.8322911713037847, 'lag_11': 0.9997539321046562, 'lag_12': 0.3846805095300616, 'lag_13': 0.2818513824102675, 'lag_14': 0.12624530509007376, 'lag_15': 0.8531411125495881, 'lag_16': 0.6086198872031243, 'lag_17': 0.0687135572493876, 'lag_18': 0.7565011256875549, 'lag_19': 0.016956453623586616, 'lag_20': 0.9997723258014856, 'lag_21': 0.6356836782384505, 'lag_22': 0.17532786085890872, 'lag_23': 0.849211369312708, 'lag_24': 0.7528019576527679, 'lag_25': 0.14211773442955244, 'lag_26': 0.06286855379219469, 'lag_27': 0.5549191086207896, 'lag_28': 0.7672949881313362}. Best is trial 60 with value: 0.009151790288209316.
[I 2025-09-29 13:21:40,285] Trial 85 finished with value: 0.01317613561530214 and parameters: {'lag_0': 0.6778025873874198, 'lag_1': 0.8688218757761381, 'lag_2': 0.7430357158483788, 'lag_3': 0.6638522056726279, 'lag_4': 0.39744073440234773, 'lag_5': 0.005772369775399203, 'lag_6': 0.9032202497120893, 'lag_7': 0.830350501936864, 'lag_8': 0.1348226101983609, 'lag_9': 0.019106704009187344, 'lag_10': 0.4658759217233612, 'lag_11': 0.9031836153980822, 'lag_12': 0.25884846528448024, 'lag_13': 0.40267536560217093, 'lag_14': 0.25776955540879287, 'lag_15': 0.887998425251403, 'lag_16': 0.5435092236767137, 'lag_17': 0.22715003433303427, 'lag_18': 0.8137679823805377, 'lag_19': 0.12283735955462544, 'lag_20': 0.5865901897769248, 'lag_21': 0.7119396425958, 'lag_22': 0.09959184553345168, 'lag_23': 0.9397469424103518, 'lag_24': 0.6890098502911487, 'lag_25': 0.24062785773620596, 'lag_26': 0.7122787362202561, 'lag_27': 0.30444344427267983, 'lag_28': 0.7500323776202976}. Best is trial 60 with value: 0.009151790288209316.
[I 2025-09-29 13:21:42,781] Trial 86 finished with value: 0.01241544848894568 and parameters: {'lag_0': 0.5764515361380691, 'lag_1': 0.46540949789581115, 'lag_2': 0.15613756426230724, 'lag_3': 0.7928657862170784, 'lag_4': 0.3556112719861698, 'lag_5': 0.09679267685278321, 'lag_6': 0.9943564467527259, 'lag_7': 0.8460696232819335, 'lag_8': 0.04795318715640777, 'lag_9': 0.4182715870393094, 'lag_10': 0.8990014057195226, 'lag_11': 0.7851495638014215, 'lag_12': 0.22348763186830553, 'lag_13': 0.6806279930024152, 'lag_14': 0.18115353896760478, 'lag_15': 0.9345778533456529, 'lag_16': 0.9323995527968143, 'lag_17': 0.37610609673116546, 'lag_18': 0.8556868397420825, 'lag_19': 0.2195564371087308, 'lag_20': 0.6573337362476953, 'lag_21': 0.7932766243824735, 'lag_22': 0.37620258122153905, 'lag_23': 0.8134836505096247, 'lag_24': 0.6169368614832254, 'lag_25': 0.29296762469306953, 'lag_26': 0.0046823979712298704, 'lag_27': 0.24896106420040043, 'lag_28': 0.08745498125098548}. Best is trial 60 with value: 0.009151790288209316.
[I 2025-09-29 13:21:45,290] Trial 87 finished with value: 0.013427774247285149 and parameters: {'lag_0': 0.49285670420280453, 'lag_1': 0.2951738775005524, 'lag_2': 0.8815041021882579, 'lag_3': 0.5991693110046434, 'lag_4': 0.33582669459114434, 'lag_5': 0.13325660988824484, 'lag_6': 0.7491709782597299, 'lag_7': 0.9393305634130057, 'lag_8': 0.11101089455017092, 'lag_9': 0.5010022486405628, 'lag_10': 0.2663389586315616, 'lag_11': 0.7479644510431837, 'lag_12': 0.5409392994202351, 'lag_13': 0.964390473441567, 'lag_14': 0.08705105173792134, 'lag_15': 0.8155712445161365, 'lag_16': 0.8252977414818096, 'lag_17': 0.16367961643114917, 'lag_18': 0.6607710365240297, 'lag_19': 0.7305484248286818, 'lag_20': 0.4563556249064414, 'lag_21': 0.455758142653297, 'lag_22': 0.025561089834959444, 'lag_23': 0.8796903070690502, 'lag_24': 0.7308960868608916, 'lag_25': 0.8602606468336027, 'lag_26': 0.27686043249772985, 'lag_27': 0.057024025326392926, 'lag_28': 0.9207641917532434}. Best is trial 60 with value: 0.009151790288209316.
[I 2025-09-29 13:21:47,786] Trial 88 finished with value: 0.011330865785180924 and parameters: {'lag_0': 0.5316968276141294, 'lag_1': 0.8856649322119269, 'lag_2': 0.45274863126751785, 'lag_3': 0.879906618729003, 'lag_4': 0.2318889079565209, 'lag_5': 0.382234099935652, 'lag_6': 0.8756459348221683, 'lag_7': 0.8855346311208053, 'lag_8': 0.3888467735096969, 'lag_9': 0.3416810884723681, 'lag_10': 0.770493539818661, 'lag_11': 0.8087640243197758, 'lag_12': 0.4325159727197022, 'lag_13': 0.35811520909712186, 'lag_14': 0.9443872148228524, 'lag_15': 0.6817440422643002, 'lag_16': 0.09616993040661512, 'lag_17': 0.6946652675952473, 'lag_18': 0.9705532272000158, 'lag_19': 0.3333481120852323, 'lag_20': 0.9173707148661465, 'lag_21': 0.331807085414899, 'lag_22': 0.5956392823996265, 'lag_23': 0.9766659852513342, 'lag_24': 0.8072517206044483, 'lag_25': 0.31992054415204335, 'lag_26': 0.03893247731876402, 'lag_27': 0.20787330937803017, 'lag_28': 0.2937518708080341}. Best is trial 60 with value: 0.009151790288209316.
[I 2025-09-29 13:21:50,395] Trial 89 finished with value: 0.013516302600251686 and parameters: {'lag_0': 0.6045808113591312, 'lag_1': 0.001793103805513327, 'lag_2': 0.968273214767318, 'lag_3': 0.6927545925174635, 'lag_4': 0.9227960202134339, 'lag_5': 0.5200676225907015, 'lag_6': 0.8144172328794078, 'lag_7': 0.6623576840329504, 'lag_8': 0.7190377140896332, 'lag_9': 0.38081256262242835, 'lag_10': 0.22707971243338876, 'lag_11': 0.6678581775236944, 'lag_12': 0.3967841862706176, 'lag_13': 0.8626152818370918, 'lag_14': 0.9813790853631332, 'lag_15': 0.4857071814149944, 'lag_16': 0.030052292564379884, 'lag_17': 0.5817689710096782, 'lag_18': 0.9309774293863764, 'lag_19': 0.6967896098140828, 'lag_20': 0.544277288690435, 'lag_21': 0.8465722761933091, 'lag_22': 0.08531893542625235, 'lag_23': 0.9141079123475638, 'lag_24': 0.8525681527426511, 'lag_25': 0.08686855406103583, 'lag_26': 0.1323932156297728, 'lag_27': 0.17313785820763058, 'lag_28': 0.18674188851583845}. Best is trial 60 with value: 0.009151790288209316.
[I 2025-09-29 13:21:52,900] Trial 90 finished with value: 0.011101042419145994 and parameters: {'lag_0': 0.807345639359178, 'lag_1': 0.3872546812832893, 'lag_2': 0.045455370054011957, 'lag_3': 0.5242235167841305, 'lag_4': 0.7092282297906094, 'lag_5': 0.03306866158931232, 'lag_6': 0.9411416788477512, 'lag_7': 0.963544426305532, 'lag_8': 0.021990698513281844, 'lag_9': 0.18045547685153895, 'lag_10': 0.9424141905400482, 'lag_11': 0.1691744485604748, 'lag_12': 0.28465475374610566, 'lag_13': 0.7459797512359072, 'lag_14': 0.00722026897818534, 'lag_15': 0.27158698607809706, 'lag_16': 0.23338843083908145, 'lag_17': 0.6283257493364056, 'lag_18': 0.9869679760720869, 'lag_19': 0.10000625848599234, 'lag_20': 0.4067682339676664, 'lag_21': 0.4916027890778586, 'lag_22': 0.48605858241856265, 'lag_23': 0.9433730205619514, 'lag_24': 0.6388476409611467, 'lag_25': 0.9993310644390752, 'lag_26': 0.5834362811968771, 'lag_27': 0.6453463763380252, 'lag_28': 0.893750642986685}. Best is trial 60 with value: 0.009151790288209316.
[I 2025-09-29 13:21:55,400] Trial 91 finished with value: 0.012129222052985725 and parameters: {'lag_0': 0.5568988215612478, 'lag_1': 0.970697167060947, 'lag_2': 0.9362138270595772, 'lag_3': 0.6317912360752712, 'lag_4': 0.47150867143762226, 'lag_5': 0.02880989078459834, 'lag_6': 0.8406003581070276, 'lag_7': 0.7917342913453888, 'lag_8': 0.03542551727868049, 'lag_9': 0.07348458383010358, 'lag_10': 0.7500657458368493, 'lag_11': 0.8501652024357363, 'lag_12': 0.4208037164825652, 'lag_13': 0.41696298714108915, 'lag_14': 0.3215853884572398, 'lag_15': 0.5662739508775453, 'lag_16': 0.4920658083704952, 'lag_17': 0.0872402830268722, 'lag_18': 0.9086916844197219, 'lag_19': 0.025300772362716148, 'lag_20': 0.5011706309802169, 'lag_21': 0.739854996517586, 'lag_22': 0.7017186286320689, 'lag_23': 0.9772207396405695, 'lag_24': 0.7971121274820524, 'lag_25': 0.18910375440549107, 'lag_26': 0.09207436978338092, 'lag_27': 0.09168166076610404, 'lag_28': 0.8436850215842203}. Best is trial 60 with value: 0.009151790288209316.
[I 2025-09-29 13:21:57,907] Trial 92 finished with value: 0.011473645926979813 and parameters: {'lag_0': 0.5359670439191213, 'lag_1': 0.9655143156134471, 'lag_2': 0.9162053737430007, 'lag_3': 0.5712272725476489, 'lag_4': 0.5201298520534962, 'lag_5': 0.07918541649305309, 'lag_6': 0.856633154274044, 'lag_7': 0.9196662883777385, 'lag_8': 0.08642403424736195, 'lag_9': 0.05974598464388641, 'lag_10': 0.7131212442833262, 'lag_11': 0.8736820773838019, 'lag_12': 0.4692435844254169, 'lag_13': 0.4537176327706042, 'lag_14': 0.2762918595159144, 'lag_15': 0.4249852657473332, 'lag_16': 0.6060435516617967, 'lag_17': 0.001329218803859139, 'lag_18': 0.8680446731519506, 'lag_19': 0.06400694773037524, 'lag_20': 0.6149168634578737, 'lag_21': 0.6820475172175948, 'lag_22': 0.7435113940557871, 'lag_23': 0.9727676590897653, 'lag_24': 0.16366001087409193, 'lag_25': 0.26371248014395554, 'lag_26': 0.10996526647311841, 'lag_27': 0.09026299228165882, 'lag_28': 0.8251681352686112}. Best is trial 60 with value: 0.009151790288209316.
[I 2025-09-29 13:22:00,406] Trial 93 finished with value: 0.013153862835250888 and parameters: {'lag_0': 0.6434556254813657, 'lag_1': 0.9445662997116568, 'lag_2': 0.8425081729445763, 'lag_3': 0.6680651211091178, 'lag_4': 0.45154806197264, 'lag_5': 0.0644113796131244, 'lag_6': 0.9092327812254908, 'lag_7': 0.8815797147924982, 'lag_8': 0.021659907537084744, 'lag_9': 0.10925884844078013, 'lag_10': 0.8636039453648502, 'lag_11': 0.941686852242832, 'lag_12': 0.49148961213834463, 'lag_13': 0.537230310726817, 'lag_14': 0.20501869998984845, 'lag_15': 0.7445564013480408, 'lag_16': 0.3603945281227374, 'lag_17': 0.15394790367084227, 'lag_18': 0.9095019042359888, 'lag_19': 0.05502283825070356, 'lag_20': 0.4885692554960981, 'lag_21': 0.6601178082181794, 'lag_22': 0.6595778214585782, 'lag_23': 0.998112924953399, 'lag_24': 0.7778614345952227, 'lag_25': 0.12698831233565389, 'lag_26': 0.17525721682858514, 'lag_27': 0.02474377203684114, 'lag_28': 0.8546220069375416}. Best is trial 60 with value: 0.009151790288209316.
[I 2025-09-29 13:22:02,901] Trial 94 finished with value: 0.011560474142520885 and parameters: {'lag_0': 0.46533724258337444, 'lag_1': 0.9215830646663228, 'lag_2': 0.814189168283271, 'lag_3': 0.4905785561707578, 'lag_4': 0.3000110620314089, 'lag_5': 0.11783634616873626, 'lag_6': 0.8286156511079559, 'lag_7': 0.9232934732971239, 'lag_8': 0.0639826718276387, 'lag_9': 0.1492809648970519, 'lag_10': 0.6172293057371998, 'lag_11': 0.718703713871855, 'lag_12': 0.3058573817713724, 'lag_13': 0.5091692435032156, 'lag_14': 0.3441695782089351, 'lag_15': 0.544774031325714, 'lag_16': 0.14725184287210014, 'lag_17': 0.24105664375390565, 'lag_18': 0.9439459168361007, 'lag_19': 0.1517408525256514, 'lag_20': 0.5730428522854425, 'lag_21': 0.592325871095122, 'lag_22': 0.6313326378567922, 'lag_23': 0.8882716825400928, 'lag_24': 0.7402626043878973, 'lag_25': 0.37820151214434616, 'lag_26': 0.07629033696705863, 'lag_27': 0.14915399480394556, 'lag_28': 0.6892179364778837}. Best is trial 60 with value: 0.009151790288209316.
[I 2025-09-29 13:22:05,402] Trial 95 finished with value: 0.012969155611512134 and parameters: {'lag_0': 0.5775808523088382, 'lag_1': 0.9804323196354053, 'lag_2': 0.9021677045140127, 'lag_3': 0.620539554914584, 'lag_4': 0.42033177914396014, 'lag_5': 0.05288126142505048, 'lag_6': 0.7684203426232219, 'lag_7': 0.728854252489, 'lag_8': 0.1539956740389555, 'lag_9': 0.03309105479936245, 'lag_10': 0.18963829265564563, 'lag_11': 0.8393691625242669, 'lag_12': 0.34537627109510133, 'lag_13': 0.43499781418670275, 'lag_14': 0.3005507688311282, 'lag_15': 0.36590597684364207, 'lag_16': 0.4527255818708932, 'lag_17': 0.17951786350801735, 'lag_18': 0.9622560067907651, 'lag_19': 0.4704947083679983, 'lag_20': 0.3632046823777738, 'lag_21': 0.7113902551705108, 'lag_22': 0.5623380043552235, 'lag_23': 0.9565817527041134, 'lag_24': 0.2003600537669056, 'lag_25': 0.19070399695455473, 'lag_26': 0.23926280528823524, 'lag_27': 0.06932517536017697, 'lag_28': 0.9707314852771334}. Best is trial 60 with value: 0.009151790288209316.
[I 2025-09-29 13:22:07,900] Trial 96 finished with value: 0.00845216751681757 and parameters: {'lag_0': 0.5183232293763469, 'lag_1': 0.8072835133000927, 'lag_2': 0.9655944268954108, 'lag_3': 0.7036314144357015, 'lag_4': 0.504434918881841, 'lag_5': 0.019664443849810483, 'lag_6': 0.970847117715257, 'lag_7': 0.6810923788967482, 'lag_8': 0.0014081828870372457, 'lag_9': 0.6147593385205308, 'lag_10': 0.8394116525572223, 'lag_11': 0.7928901333268346, 'lag_12': 0.45290623136239794, 'lag_13': 0.4654772815261232, 'lag_14': 0.6135455438052766, 'lag_15': 0.7769900417517949, 'lag_16': 0.717428834667352, 'lag_17': 0.13595183000540037, 'lag_18': 0.5811038176314971, 'lag_19': 0.043614789617382646, 'lag_20': 0.5099195344403337, 'lag_21': 0.7548445700672997, 'lag_22': 0.7538204320396156, 'lag_23': 0.9190345594704594, 'lag_24': 0.8810375583524048, 'lag_25': 0.9756201940454226, 'lag_26': 0.026083963211019454, 'lag_27': 0.47927380988073237, 'lag_28': 0.8106551902860037}. Best is trial 96 with value: 0.00845216751681757.
[I 2025-09-29 13:22:10,409] Trial 97 finished with value: 0.013544161574832148 and parameters: {'lag_0': 0.5085459901353904, 'lag_1': 0.7912600297761898, 'lag_2': 0.9656996501074897, 'lag_3': 0.7024176557962493, 'lag_4': 0.6572906946707209, 'lag_5': 0.01355227958617943, 'lag_6': 0.9755774493913152, 'lag_7': 0.7674281503432971, 'lag_8': 0.44507001652619477, 'lag_9': 0.9519607952391498, 'lag_10': 0.3284719418834955, 'lag_11': 0.7653547186833696, 'lag_12': 0.45463617877396284, 'lag_13': 0.480766616670683, 'lag_14': 0.5566910340037627, 'lag_15': 0.781282076511668, 'lag_16': 0.7164306567513804, 'lag_17': 0.85544356168473, 'lag_18': 0.5771060325345997, 'lag_19': 0.007926133019788518, 'lag_20': 0.24454202740294156, 'lag_21': 0.7776040878932722, 'lag_22': 0.6861508200711676, 'lag_23': 0.9213200860740556, 'lag_24': 0.9297210621087448, 'lag_25': 0.9390158666994831, 'lag_26': 0.025340870183827184, 'lag_27': 0.5020673984729549, 'lag_28': 0.6383505468879821}. Best is trial 96 with value: 0.00845216751681757.
[I 2025-09-29 13:22:12,910] Trial 98 finished with value: 0.01243728917108169 and parameters: {'lag_0': 0.43450694429111736, 'lag_1': 0.7207520452703369, 'lag_2': 0.6263163588981251, 'lag_3': 0.850535026574807, 'lag_4': 0.8162381571284177, 'lag_5': 0.0938131106412965, 'lag_6': 0.8903498359633698, 'lag_7': 0.6236104524134707, 'lag_8': 0.001225674072063249, 'lag_9': 0.6137292552879083, 'lag_10': 0.8309606568739557, 'lag_11': 0.801774285556943, 'lag_12': 0.50251123998099, 'lag_13': 0.31493075043306096, 'lag_14': 0.6307140511512278, 'lag_15': 0.8766871831729566, 'lag_16': 0.7795598658301975, 'lag_17': 0.40244398380080926, 'lag_18': 0.5474810320034165, 'lag_19': 0.1269539864610082, 'lag_20': 0.8530653037993693, 'lag_21': 0.8257526041150509, 'lag_22': 0.22720090382189195, 'lag_23': 0.8486164066195936, 'lag_24': 0.2407566371069525, 'lag_25': 0.9674640648513783, 'lag_26': 0.0488721040402272, 'lag_27': 0.7259840740611022, 'lag_28': 0.15332823113444236}. Best is trial 96 with value: 0.00845216751681757.
[I 2025-09-29 13:22:15,555] Trial 99 finished with value: 0.01428679201354723 and parameters: {'lag_0': 0.49099772231058086, 'lag_1': 0.6459090354804006, 'lag_2': 0.7771521121984618, 'lag_3': 0.7367906746221882, 'lag_4': 0.564200182950835, 'lag_5': 0.15642858346070715, 'lag_6': 0.9189243998042465, 'lag_7': 0.6770906023895084, 'lag_8': 0.09444066753406817, 'lag_9': 0.5846374228575915, 'lag_10': 0.918530006959645, 'lag_11': 0.6777625240121193, 'lag_12': 0.15604892028941805, 'lag_13': 0.7891915536431422, 'lag_14': 0.6663938919499288, 'lag_15': 0.8009435788211166, 'lag_16': 0.8763577664757909, 'lag_17': 0.33652774199318886, 'lag_18': 0.6019204118678539, 'lag_19': 0.5355683335392603, 'lag_20': 0.7962736722089415, 'lag_21': 0.3850815202128182, 'lag_22': 0.9133049706334709, 'lag_23': 0.8957392056113852, 'lag_24': 0.8903182675762823, 'lag_25': 0.8970357808696342, 'lag_26': 0.016181802870730445, 'lag_27': 0.4488534034969308, 'lag_28': 0.4623795608266633}. Best is trial 96 with value: 0.00845216751681757.
[I 2025-09-29 13:22:15,626] A new study created in memory with name: no-name-3d8c068e-d160-4e22-91e0-1936b4876ce5
[I 2025-09-29 13:22:18,013] Trial 0 finished with value: 0.0050460008373437665 and parameters: {'lag_0': 0.3065336380821929, 'lag_1': 0.7591573615774755, 'lag_2': 0.4542567114500726, 'lag_3': 0.4328289186201778, 'lag_4': 0.7016577545198537, 'lag_5': 0.18815133149087765, 'lag_6': 0.6314441116921896, 'lag_7': 0.04308216340837509, 'lag_8': 0.5518667233514802, 'lag_9': 0.3355846872693481, 'lag_10': 0.7067099109665915, 'lag_11': 0.6239843134383859, 'lag_12': 0.5576291264605999, 'lag_13': 0.9557487996363635, 'lag_14': 0.3776237416477174, 'lag_15': 0.8730744605471046, 'lag_16': 0.5566342302971856, 'lag_17': 0.04579227476287244, 'lag_18': 0.3499844053281151, 'lag_19': 0.41645106065569454, 'lag_20': 0.26487376765421783, 'lag_21': 0.9512707525084946, 'lag_22': 0.5070319672664871, 'lag_23': 0.15331036648112442, 'lag_24': 0.8191494378677345, 'lag_25': 0.27420097536213284, 'lag_26': 0.42310990337066345, 'lag_27': 0.04368350632212169, 'lag_28': 0.7424445784214077}. Best is trial 0 with value: 0.0050460008373437665.
[I 2025-09-29 13:22:20,388] Trial 1 finished with value: 0.005920143395117012 and parameters: {'lag_0': 0.17043918633002073, 'lag_1': 0.6020943473451522, 'lag_2': 0.6649617526267704, 'lag_3': 0.1439196627196053, 'lag_4': 0.08677406125277137, 'lag_5': 0.9609431587683511, 'lag_6': 0.6887712469211819, 'lag_7': 0.634244223418168, 'lag_8': 0.48357767522366535, 'lag_9': 0.6640514337280368, 'lag_10': 0.1914189694330527, 'lag_11': 0.545079879059786, 'lag_12': 0.16862897480663538, 'lag_13': 0.6260524741344116, 'lag_14': 0.287170514803204, 'lag_15': 0.8548730349929283, 'lag_16': 0.45496590837926526, 'lag_17': 0.23735495331736214, 'lag_18': 0.1916207307123845, 'lag_19': 0.6400065381622986, 'lag_20': 0.920670151654698, 'lag_21': 0.11341301812323247, 'lag_22': 0.8213918860738091, 'lag_23': 0.924169804194524, 'lag_24': 0.46604678730867627, 'lag_25': 0.3158249996821748, 'lag_26': 0.10254860805271884, 'lag_27': 0.9695397236794105, 'lag_28': 0.6246390235509003}. Best is trial 0 with value: 0.0050460008373437665.
[I 2025-09-29 13:22:22,772] Trial 2 finished with value: 0.005488483256004551 and parameters: {'lag_0': 0.030790433035360235, 'lag_1': 0.9922168863810691, 'lag_2': 0.38910379733271644, 'lag_3': 0.27821667157086216, 'lag_4': 0.09722518837158789, 'lag_5': 0.5489227866230244, 'lag_6': 0.8852077454343041, 'lag_7': 0.24320023549102726, 'lag_8': 0.0745996319075949, 'lag_9': 0.1271453506665695, 'lag_10': 0.12515370427562342, 'lag_11': 0.34290608042496995, 'lag_12': 0.18789302083759876, 'lag_13': 0.36788797133922596, 'lag_14': 0.5721891725793625, 'lag_15': 0.6821603505091229, 'lag_16': 0.31081328947860437, 'lag_17': 0.3668093309068305, 'lag_18': 0.11886399799317073, 'lag_19': 0.19428868059659807, 'lag_20': 0.8713773041421022, 'lag_21': 0.17502971979157986, 'lag_22': 0.16263392493162138, 'lag_23': 0.21158263151093507, 'lag_24': 0.9259888479706708, 'lag_25': 0.13624114900130857, 'lag_26': 0.7754697107546971, 'lag_27': 0.07823197194637131, 'lag_28': 0.09863581706704855}. Best is trial 0 with value: 0.0050460008373437665.
[I 2025-09-29 13:22:25,164] Trial 3 finished with value: 0.0055473411985648 and parameters: {'lag_0': 0.6321840177482067, 'lag_1': 0.20301508303334878, 'lag_2': 0.5113805432229418, 'lag_3': 0.055181897020489167, 'lag_4': 0.6063553201271729, 'lag_5': 0.7377690743400017, 'lag_6': 0.3673935753203061, 'lag_7': 0.6281072085669405, 'lag_8': 0.0556170307477838, 'lag_9': 0.015487886226402754, 'lag_10': 0.36705988820457514, 'lag_11': 0.847828992638383, 'lag_12': 0.6158626612427972, 'lag_13': 0.823508246479917, 'lag_14': 0.27335189241611846, 'lag_15': 0.5886271808176177, 'lag_16': 0.2915786240500997, 'lag_17': 0.8597097667069785, 'lag_18': 0.013573344960903795, 'lag_19': 0.5990036410860515, 'lag_20': 0.45005405920991703, 'lag_21': 0.6806794906522409, 'lag_22': 0.16896133789772896, 'lag_23': 0.3657358196019758, 'lag_24': 0.014517652428030386, 'lag_25': 0.12809624200742092, 'lag_26': 0.2797219428568063, 'lag_27': 0.2886646039293185, 'lag_28': 0.3099462238662168}. Best is trial 0 with value: 0.0050460008373437665.
