[I 2025-09-29 11:57:12,664] Trial 24 finished with value: 0.007097336225980739 and parameters: {'lag_0': 0.8779143116444217, 'lag_1': 0.8430417023509637, 'lag_2': 0.9892418251293251, 'lag_3': 0.5737103958331553, 'lag_4': 0.6454307635652478, 'lag_5': 0.5584668707326235, 'lag_6': 0.2519733799345542, 'lag_7': 0.16253794119793763, 'lag_8': 0.23282111140012995, 'lag_9': 0.9095991991570924, 'lag_10': 0.7106657919496714, 'lag_11': 0.8009469225028361, 'lag_12': 0.6208850678644223, 'lag_13': 0.15000972038259863, 'lag_14': 0.3975194215285417, 'lag_15': 0.9828350271858906, 'lag_16': 0.3225953622663173, 'lag_17': 0.4100691672232597, 'lag_18': 0.3751995222491447, 'lag_19': 0.21570043977024161, 'lag_20': 0.5166577326516576, 'lag_21': 0.21403575389725144, 'lag_22': 0.31171436081877146, 'lag_23': 0.8532856979473799, 'lag_24': 0.06218437341359789, 'lag_25': 0.7216988046771401, 'lag_26': 0.42901207570407013, 'lag_27': 0.5780579117330217, 'lag_28': 0.4767400984175568}. Best is trial 10 with value: 0.006620503850142391.
[I 2025-09-29 11:57:15,167] Trial 25 finished with value: 0.007065998445999612 and parameters: {'lag_0': 0.7494620924160341, 'lag_1': 0.8770566277210122, 'lag_2': 0.8226793082125797, 'lag_3': 0.720640521872127, 'lag_4': 0.8522140715621084, 'lag_5': 0.8450292208135354, 'lag_6': 0.3692804034038362, 'lag_7': 0.5792405421302987, 'lag_8': 0.7830608759056739, 'lag_9': 0.5954071784103986, 'lag_10': 0.6541243277417784, 'lag_11': 0.8710517536536403, 'lag_12': 0.7524400544805858, 'lag_13': 0.25362568729394164, 'lag_14': 0.305300486645258, 'lag_15': 0.9016132984867071, 'lag_16': 0.19145009594241122, 'lag_17': 0.2649315359947648, 'lag_18': 0.48040955821642994, 'lag_19': 0.6273348065088471, 'lag_20': 0.42848084157175126, 'lag_21': 0.4927053610977497, 'lag_22': 0.5304072816878966, 'lag_23': 0.6248832201288284, 'lag_24': 0.310690829980392, 'lag_25': 0.8631950484706935, 'lag_26': 0.6303335040324846, 'lag_27': 0.8826793224003839, 'lag_28': 0.488394446146678}. Best is trial 10 with value: 0.006620503850142391.
[I 2025-09-29 11:57:17,671] Trial 26 finished with value: 0.007005152498316671 and parameters: {'lag_0': 0.6347075541140665, 'lag_1': 0.5437176535686745, 'lag_2': 0.8551059082755881, 'lag_3': 0.5613994536842419, 'lag_4': 0.7464492568672921, 'lag_5': 0.7118750587089437, 'lag_6': 0.2501927491431452, 'lag_7': 0.319463568161379, 'lag_8': 0.5447979917390972, 'lag_9': 0.9177062934005196, 'lag_10': 0.7785084651132789, 'lag_11': 0.7254260353745382, 'lag_12': 0.9007547578001591, 'lag_13': 0.12481432465324119, 'lag_14': 0.48659215580570264, 'lag_15': 0.6389218357126888, 'lag_16': 0.4239721314405608, 'lag_17': 0.08847248668825528, 'lag_18': 0.6581637948803628, 'lag_19': 0.1628297935700106, 'lag_20': 0.598551566991139, 'lag_21': 0.2697322752131752, 'lag_22': 0.14172226648511554, 'lag_23': 0.9012013929861782, 'lag_24': 0.46034983691376186, 'lag_25': 0.6379386764661498, 'lag_26': 0.9272739092970208, 'lag_27': 0.7556066412283524, 'lag_28': 0.19826430293377428}. Best is trial 10 with value: 0.006620503850142391.
[I 2025-09-29 11:57:20,174] Trial 27 finished with value: 0.006924306161456969 and parameters: {'lag_0': 0.8689717375882945, 'lag_1': 0.8001286430621559, 'lag_2': 0.2867928377558795, 'lag_3': 0.9077573906133759, 'lag_4': 0.577526386959264, 'lag_5': 0.918418268282672, 'lag_6': 0.4568523833229856, 'lag_7': 0.44970409597407124, 'lag_8': 0.2629253721806839, 'lag_9': 0.7092142209000935, 'lag_10': 0.9122290238366157, 'lag_11': 0.9970977217881873, 'lag_12': 0.7961592006925543, 'lag_13': 0.3952273622366813, 'lag_14': 0.21053375501211977, 'lag_15': 0.00801000099883814, 'lag_16': 0.25388062238470543, 'lag_17': 0.32737431803867023, 'lag_18': 0.32103334350331325, 'lag_19': 0.2991714294555266, 'lag_20': 0.42057716037160525, 'lag_21': 0.13726801867110192, 'lag_22': 0.45875287329944436, 'lag_23': 0.791411991944249, 'lag_24': 0.15381715194304313, 'lag_25': 0.5599180030930933, 'lag_26': 0.7773194300425712, 'lag_27': 0.4964094445359355, 'lag_28': 0.8280676031755828}. Best is trial 10 with value: 0.006620503850142391.
[I 2025-09-29 11:57:22,677] Trial 28 finished with value: 0.006983475466674537 and parameters: {'lag_0': 0.7726056826942138, 'lag_1': 0.27652413635715944, 'lag_2': 0.4776959389792753, 'lag_3': 0.7301858958903344, 'lag_4': 0.6897799636069208, 'lag_5': 0.7724154063445261, 'lag_6': 0.32197428545449747, 'lag_7': 0.4976808568327802, 'lag_8': 0.752438271672387, 'lag_9': 0.37633009883211144, 'lag_10': 0.737958955611117, 'lag_11': 0.7328498594874229, 'lag_12': 0.8788049362820431, 'lag_13': 0.19670199328275437, 'lag_14': 0.3775952921178819, 'lag_15': 0.9052026186891615, 'lag_16': 0.3718773345662131, 'lag_17': 7.24177307696583e-05, 'lag_18': 0.4248137391464708, 'lag_19': 0.5946931853521686, 'lag_20': 0.11353613264687823, 'lag_21': 0.0021396604765072883, 'lag_22': 0.08410407343271983, 'lag_23': 0.7026169804150386, 'lag_24': 0.43865094723878445, 'lag_25': 0.7972049525124366, 'lag_26': 0.9180589824497258, 'lag_27': 0.6316978581993202, 'lag_28': 0.26138730106746666}. Best is trial 10 with value: 0.006620503850142391.
[I 2025-09-29 11:57:25,194] Trial 29 finished with value: 0.007117368228971468 and parameters: {'lag_0': 0.39311623056379535, 'lag_1': 0.9134020590290127, 'lag_2': 0.20480232956255945, 'lag_3': 0.9907182521635154, 'lag_4': 0.18926102468075534, 'lag_5': 0.24780844938541768, 'lag_6': 0.6021286390887596, 'lag_7': 0.992641539877282, 'lag_8': 0.956954012180588, 'lag_9': 0.6753365468279652, 'lag_10': 0.8139343042277077, 'lag_11': 0.6024516051977876, 'lag_12': 0.5122637399427703, 'lag_13': 0.6343708231074672, 'lag_14': 0.282704201827484, 'lag_15': 0.7642993660523647, 'lag_16': 0.5366715359915428, 'lag_17': 0.22066647396980898, 'lag_18': 0.22315258439580396, 'lag_19': 0.41578465379869445, 'lag_20': 0.30471138110595325, 'lag_21': 0.19804976927507806, 'lag_22': 0.5759616985397412, 'lag_23': 0.5661594972868789, 'lag_24': 0.06765519890148472, 'lag_25': 0.6852621450945997, 'lag_26': 0.6857798396518402, 'lag_27': 0.802883767071593, 'lag_28': 0.7491591627553117}. Best is trial 10 with value: 0.006620503850142391.
[I 2025-09-29 11:57:27,700] Trial 30 finished with value: 0.006858776336986408 and parameters: {'lag_0': 0.9165003671148669, 'lag_1': 0.49457462513867656, 'lag_2': 0.36996155050769186, 'lag_3': 0.7745931806306925, 'lag_4': 0.14351807221615265, 'lag_5': 0.5610082440158408, 'lag_6': 0.08749779210684061, 'lag_7': 0.6723729526492916, 'lag_8': 0.12967811099313545, 'lag_9': 0.23881078915986198, 'lag_10': 0.5565462199422501, 'lag_11': 0.8570874378956509, 'lag_12': 0.4275388102365784, 'lag_13': 0.07326675729923054, 'lag_14': 0.5661543938867272, 'lag_15': 0.5778891029597983, 'lag_16': 0.15040525304826477, 'lag_17': 0.5414295200194935, 'lag_18': 0.34570987435057104, 'lag_19': 0.32931454567352914, 'lag_20': 0.39286242247294256, 'lag_21': 0.9659057745130835, 'lag_22': 0.6364980020351618, 'lag_23': 0.053786691290553745, 'lag_24': 0.7258341098847864, 'lag_25': 0.8522302493432204, 'lag_26': 0.4760920704707007, 'lag_27': 0.9181012818861083, 'lag_28': 0.9204121785202789}. Best is trial 10 with value: 0.006620503850142391.
[I 2025-09-29 11:57:30,201] Trial 31 finished with value: 0.00677085153052428 and parameters: {'lag_0': 0.921774920805116, 'lag_1': 0.7023676741619745, 'lag_2': 0.6127912783878267, 'lag_3': 0.8676600503160712, 'lag_4': 0.48792440283609745, 'lag_5': 0.9545913712695789, 'lag_6': 0.2030722943066535, 'lag_7': 0.36515613575732975, 'lag_8': 0.3402482901755833, 'lag_9': 0.8169472309739177, 'lag_10': 0.49290731848005964, 'lag_11': 0.4532691745248207, 'lag_12': 0.988831731624512, 'lag_13': 0.06064116094258293, 'lag_14': 0.4335731724951216, 'lag_15': 0.9940255690425774, 'lag_16': 0.4778467359820399, 'lag_17': 0.20603874223627394, 'lag_18': 0.07654247575821005, 'lag_19': 0.7967725929206904, 'lag_20': 0.22599268068119088, 'lag_21': 0.333036655667847, 'lag_22': 0.3548654431359469, 'lag_23': 0.955990548644398, 'lag_24': 0.17457259442888787, 'lag_25': 0.12062155599048857, 'lag_26': 0.8201154721234181, 'lag_27': 0.9991319176011038, 'lag_28': 0.6535779072841683}. Best is trial 10 with value: 0.006620503850142391.
[I 2025-09-29 11:57:32,709] Trial 32 finished with value: 0.007141504996183663 and parameters: {'lag_0': 0.9273044859884968, 'lag_1': 0.7239899340330453, 'lag_2': 0.6266636249049742, 'lag_3': 0.8720190959297395, 'lag_4': 0.46203915180666444, 'lag_5': 0.8255930852187573, 'lag_6': 0.1964768479030898, 'lag_7': 0.3431532181938399, 'lag_8': 0.3107866089176845, 'lag_9': 0.7892583834735115, 'lag_10': 0.4694771169096914, 'lag_11': 0.42872786767501286, 'lag_12': 0.9940228362059791, 'lag_13': 0.0851002535022997, 'lag_14': 0.4329353215414781, 'lag_15': 0.997383513569495, 'lag_16': 0.41363446192313225, 'lag_17': 0.34239337182329366, 'lag_18': 0.009913978719124417, 'lag_19': 0.920251432684613, 'lag_20': 0.07603736182668643, 'lag_21': 0.45306113138339327, 'lag_22': 0.35144232540057535, 'lag_23': 0.9137597654026751, 'lag_24': 0.21093372580000774, 'lag_25': 0.3314640245781447, 'lag_26': 0.8180430449449488, 'lag_27': 0.9971554551872794, 'lag_28': 0.5556693278879911}. Best is trial 10 with value: 0.006620503850142391.
[I 2025-09-29 11:57:35,216] Trial 33 finished with value: 0.007194544175886611 and parameters: {'lag_0': 0.8568361179378731, 'lag_1': 0.6023044829795235, 'lag_2': 0.7629704855880833, 'lag_3': 0.8944645888555265, 'lag_4': 0.5461542085910335, 'lag_5': 0.9252794955228582, 'lag_6': 0.23158626974532126, 'lag_7': 0.2667889159822754, 'lag_8': 0.45436185834166853, 'lag_9': 0.9283437797675649, 'lag_10': 0.6637954344080759, 'lag_11': 0.5790774424395758, 'lag_12': 0.9267505472082269, 'lag_13': 0.16109450698667052, 'lag_14': 0.363616412075388, 'lag_15': 0.9204680087279772, 'lag_16': 0.47772895043012226, 'lag_17': 0.4904091840072937, 'lag_18': 0.21478564272216064, 'lag_19': 0.6865561119101569, 'lag_20': 0.2498245822971038, 'lag_21': 0.30554577836132024, 'lag_22': 0.2025030811525684, 'lag_23': 0.9974856630608964, 'lag_24': 0.27565191309811965, 'lag_25': 0.17956692067806446, 'lag_26': 0.5737437914709795, 'lag_27': 0.9567407892194643, 'lag_28': 0.4480701403289668}. Best is trial 10 with value: 0.006620503850142391.
[I 2025-09-29 11:57:37,722] Trial 34 finished with value: 0.006802428844353887 and parameters: {'lag_0': 0.6479506289584153, 'lag_1': 0.7825086132200619, 'lag_2': 0.10621684996502179, 'lag_3': 0.5867604077699499, 'lag_4': 0.6386553342245642, 'lag_5': 0.9367748642073525, 'lag_6': 0.09215425132607641, 'lag_7': 0.4615726928789786, 'lag_8': 0.5931618158240826, 'lag_9': 0.9965271340821165, 'lag_10': 0.5903595968089732, 'lag_11': 0.45315020231852093, 'lag_12': 0.8211862837289807, 'lag_13': 0.2916045677299252, 'lag_14': 0.6298963197297246, 'lag_15': 0.883076538912243, 'lag_16': 0.3442361486550875, 'lag_17': 0.09785355476738232, 'lag_18': 0.06941832554733406, 'lag_19': 0.604424703712853, 'lag_20': 0.1530621761992818, 'lag_21': 0.06326166952087216, 'lag_22': 0.24139566352973257, 'lag_23': 0.8293860102576187, 'lag_24': 0.0512107418138628, 'lag_25': 0.1415642223991389, 'lag_26': 0.9283089307767894, 'lag_27': 0.8588473894095469, 'lag_28': 0.6929019213924532}. Best is trial 10 with value: 0.006620503850142391.
[I 2025-09-29 11:57:40,228] Trial 35 finished with value: 0.007169630979359595 and parameters: {'lag_0': 0.9048668620109536, 'lag_1': 0.942723469074178, 'lag_2': 0.6680757463655295, 'lag_3': 0.21700471647313185, 'lag_4': 0.4143051108985649, 'lag_5': 0.8360906937168235, 'lag_6': 0.28053809362264354, 'lag_7': 0.18303983067188476, 'lag_8': 0.20647945560033884, 'lag_9': 0.7306984920805083, 'lag_10': 0.502219552060844, 'lag_11': 0.2258076590016136, 'lag_12': 0.7599753789154777, 'lag_13': 0.0956381956699901, 'lag_14': 0.5088117472347261, 'lag_15': 0.7979687357724822, 'lag_16': 0.5736279267200254, 'lag_17': 0.6435800367682745, 'lag_18': 0.19919367442171643, 'lag_19': 0.8327623376469682, 'lag_20': 0.349714235646638, 'lag_21': 0.22905042007017773, 'lag_22': 0.47315618658540143, 'lag_23': 0.6891977102224236, 'lag_24': 0.16889464891975842, 'lag_25': 0.5418173421701202, 'lag_26': 0.9967595851350459, 'lag_27': 0.7559352425056718, 'lag_28': 0.7723225215461246}. Best is trial 10 with value: 0.006620503850142391.
[I 2025-09-29 11:57:42,724] Trial 36 finished with value: 0.006872925765345608 and parameters: {'lag_0': 0.9334275034972012, 'lag_1': 0.4656256661063424, 'lag_2': 0.5012198059590787, 'lag_3': 0.8407963191686297, 'lag_4': 0.5250643774251503, 'lag_5': 0.8919181691959653, 'lag_6': 0.5455161671534707, 'lag_7': 0.2775038893819619, 'lag_8': 0.40818121874465696, 'lag_9': 0.8208885845919983, 'lag_10': 0.7715741798565505, 'lag_11': 0.364914441545098, 'lag_12': 0.6982820040986404, 'lag_13': 0.8222602434341741, 'lag_14': 0.2580909145354739, 'lag_15': 0.9430959894443587, 'lag_16': 0.6557205047522521, 'lag_17': 0.22675908568174363, 'lag_18': 0.5207516512498016, 'lag_19': 0.7497217113507226, 'lag_20': 0.4489277373458687, 'lag_21': 0.09271289827493459, 'lag_22': 0.3316610700152004, 'lag_23': 0.908198455191532, 'lag_24': 0.11073046511706346, 'lag_25': 0.7584517462322233, 'lag_26': 0.713638287902406, 'lag_27': 0.503239926990365, 'lag_28': 0.5505139694173541}. Best is trial 10 with value: 0.006620503850142391.
[I 2025-09-29 11:57:45,221] Trial 37 finished with value: 0.00698834618966637 and parameters: {'lag_0': 0.7868940538727925, 'lag_1': 0.34945721560714443, 'lag_2': 0.9474520072443721, 'lag_3': 0.9279798137621198, 'lag_4': 0.3473127886793441, 'lag_5': 0.9507636764116636, 'lag_6': 0.06373131453617613, 'lag_7': 0.12081469407944215, 'lag_8': 0.32733050480926906, 'lag_9': 0.6230915937932994, 'lag_10': 0.43644462006852436, 'lag_11': 0.6685594063254859, 'lag_12': 0.8834851769002305, 'lag_13': 0.05292640681778353, 'lag_14': 0.09405869038244213, 'lag_15': 0.6698217774470169, 'lag_16': 0.47627908472234337, 'lag_17': 0.25023838189354475, 'lag_18': 0.08053614641079063, 'lag_19': 0.9388340023118037, 'lag_20': 0.05686075270452451, 'lag_21': 0.33375161187147223, 'lag_22': 0.2807549685918486, 'lag_23': 0.4936515114669853, 'lag_24': 0.21832751880088733, 'lag_25': 0.6821807811847501, 'lag_26': 0.8560601070907735, 'lag_27': 0.9216191115694913, 'lag_28': 0.6366339678408629}. Best is trial 10 with value: 0.006620503850142391.
[I 2025-09-29 11:57:47,718] Trial 38 finished with value: 0.00684094019716298 and parameters: {'lag_0': 0.6785746663681291, 'lag_1': 0.8438701050791635, 'lag_2': 0.5996761860499604, 'lag_3': 0.7452498244070996, 'lag_4': 0.588280256801387, 'lag_5': 0.6805284257386031, 'lag_6': 0.21088038197921188, 'lag_7': 0.3962917681182056, 'lag_8': 0.7065416437206907, 'lag_9': 0.910862042391766, 'lag_10': 0.535964992990515, 'lag_11': 0.5810777053593459, 'lag_12': 0.9221608984766783, 'lag_13': 0.4268980650517931, 'lag_14': 0.44995734379269253, 'lag_15': 0.9965905753334932, 'lag_16': 0.6823920256588403, 'lag_17': 0.8608786441743195, 'lag_18': 0.4434287774956836, 'lag_19': 0.649133510647123, 'lag_20': 0.5650088842043879, 'lag_21': 0.43470191991819096, 'lag_22': 0.7319174437217847, 'lag_23': 0.937922717060424, 'lag_24': 0.010051900812478962, 'lag_25': 0.30767476247027425, 'lag_26': 0.7644821286670945, 'lag_27': 0.8126719756802402, 'lag_28': 0.41416893418113415}. Best is trial 10 with value: 0.006620503850142391.
[I 2025-09-29 11:57:50,223] Trial 39 finished with value: 0.006939040274689823 and parameters: {'lag_0': 0.8387360812067526, 'lag_1': 0.6230547094348279, 'lag_2': 0.7121978033163833, 'lag_3': 0.504073431608118, 'lag_4': 0.7644436498004028, 'lag_5': 0.8455444903335542, 'lag_6': 0.007997415958023158, 'lag_7': 0.21405481710667962, 'lag_8': 0.17699599855047482, 'lag_9': 0.4429413764720748, 'lag_10': 0.6361550786843826, 'lag_11': 0.8070337576397699, 'lag_12': 0.6362223109135441, 'lag_13': 0.19277617956756268, 'lag_14': 0.336042534202283, 'lag_15': 0.8548895986482119, 'lag_16': 0.41943988349248906, 'lag_17': 0.4213883860704882, 'lag_18': 0.0020254410516901272, 'lag_19': 0.9972129431803708, 'lag_20': 0.2156163619961183, 'lag_21': 0.2546651426345084, 'lag_22': 0.18130594618389598, 'lag_23': 0.27841911255492025, 'lag_24': 0.3090491998664011, 'lag_25': 0.9199197659354055, 'lag_26': 0.5862424233513478, 'lag_27': 0.7004065914913592, 'lag_28': 0.29149483050760716}. Best is trial 10 with value: 0.006620503850142391.
[I 2025-09-29 11:57:52,724] Trial 40 finished with value: 0.007105742073453531 and parameters: {'lag_0': 0.9464570626175434, 'lag_1': 0.7157437528111323, 'lag_2': 0.8009828716559885, 'lag_3': 0.6934295315681744, 'lag_4': 0.825525160203171, 'lag_5': 0.023402646521080317, 'lag_6': 0.38940118179453226, 'lag_7': 0.4935813615426275, 'lag_8': 0.2937445544459674, 'lag_9': 0.5848745154115609, 'lag_10': 0.18969758568901463, 'lag_11': 0.9250499827854896, 'lag_12': 0.34932895111089535, 'lag_13': 0.9457552630199311, 'lag_14': 0.1947098087301183, 'lag_15': 0.534185765828143, 'lag_16': 0.09207143789990771, 'lag_17': 0.3519823688063646, 'lag_18': 0.29978590687026274, 'lag_19': 0.5553086609775493, 'lag_20': 0.29029486101473445, 'lag_21': 0.1547207669317937, 'lag_22': 0.45289762437760517, 'lag_23': 0.594262565063501, 'lag_24': 0.19899240509688326, 'lag_25': 0.46736359227185376, 'lag_26': 0.050840522503613206, 'lag_27': 0.7733383212008184, 'lag_28': 0.8115726122466753}. Best is trial 10 with value: 0.006620503850142391.
[I 2025-09-29 11:57:55,227] Trial 41 finished with value: 0.007019793920847711 and parameters: {'lag_0': 0.658782803383908, 'lag_1': 0.8070136235127984, 'lag_2': 0.18601575145698898, 'lag_3': 0.6153412622162957, 'lag_4': 0.6699940527684111, 'lag_5': 0.9467199539557196, 'lag_6': 0.09397360889923174, 'lag_7': 0.4736905214468496, 'lag_8': 0.6306003693785263, 'lag_9': 0.9669201511776857, 'lag_10': 0.5744334078624752, 'lag_11': 0.4216670165205722, 'lag_12': 0.8083545693145573, 'lag_13': 0.2961747949790967, 'lag_14': 0.65714542867186, 'lag_15': 0.8805006501854608, 'lag_16': 0.32547919355067845, 'lag_17': 0.09224001123822241, 'lag_18': 0.05383396763206057, 'lag_19': 0.4608029396362345, 'lag_20': 0.14041455229693986, 'lag_21': 0.08836687263673268, 'lag_22': 0.24620806421157074, 'lag_23': 0.8306723479587242, 'lag_24': 0.06757446893368144, 'lag_25': 0.1397878486168351, 'lag_26': 0.8695251029948466, 'lag_27': 0.8848978734050794, 'lag_28': 0.7167379411865109}. Best is trial 10 with value: 0.006620503850142391.
[I 2025-09-29 11:57:57,895] Trial 42 finished with value: 0.007183324453650654 and parameters: {'lag_0': 0.6038485773162717, 'lag_1': 0.7496601505717616, 'lag_2': 0.16379480121546164, 'lag_3': 0.592732526971981, 'lag_4': 0.6311957955275038, 'lag_5': 0.9479769335491773, 'lag_6': 0.16753710414549622, 'lag_7': 0.5496564763472674, 'lag_8': 0.520115898086416, 'lag_9': 0.9933885076467547, 'lag_10': 0.7035827811549107, 'lag_11': 0.4772412929261597, 'lag_12': 0.943022871053176, 'lag_13': 0.27156022666823276, 'lag_14': 0.5926413659128889, 'lag_15': 0.9457309219328093, 'lag_16': 0.34448923642508344, 'lag_17': 0.1180344608930427, 'lag_18': 0.07213833022944813, 'lag_19': 0.5593247003970376, 'lag_20': 0.3636187703504095, 'lag_21': 0.04840002711758005, 'lag_22': 0.37969381514568057, 'lag_23': 0.8228645779172157, 'lag_24': 0.041709092679679094, 'lag_25': 0.11202892089854995, 'lag_26': 0.935783906116644, 'lag_27': 0.8776323590045834, 'lag_28': 0.7044385273534788}. Best is trial 10 with value: 0.006620503850142391.
[I 2025-09-29 11:58:00,405] Trial 43 finished with value: 0.007003347358977266 and parameters: {'lag_0': 0.5466829038734988, 'lag_1': 0.8923001920751401, 'lag_2': 0.2592310010458486, 'lag_3': 0.504207178888037, 'lag_4': 0.7142040018285502, 'lag_5': 0.9998955482778448, 'lag_6': 0.0954146242265226, 'lag_7': 0.3728728090588451, 'lag_8': 0.5884688253892277, 'lag_9': 0.8625015926865639, 'lag_10': 0.6104687705606251, 'lag_11': 0.4600488253606161, 'lag_12': 0.8504221162957804, 'lag_13': 0.11978753318267167, 'lag_14': 0.9998156382211303, 'lag_15': 0.8788689994244675, 'lag_16': 0.2628370580091536, 'lag_17': 0.06536956150855434, 'lag_18': 0.1028716963733893, 'lag_19': 0.3978157845430855, 'lag_20': 0.13807090312047443, 'lag_21': 0.0961969006213107, 'lag_22': 0.28026601437718335, 'lag_23': 0.8806459522091034, 'lag_24': 0.10702957406224752, 'lag_25': 0.28164036681142934, 'lag_26': 0.9414212628047157, 'lag_27': 0.8559237120361922, 'lag_28': 0.522102650196038}. Best is trial 10 with value: 0.006620503850142391.
[I 2025-09-29 11:58:02,923] Trial 44 finished with value: 0.007094971943564935 and parameters: {'lag_0': 0.4647018047683187, 'lag_1': 0.5506642669637537, 'lag_2': 0.11919137540138151, 'lag_3': 0.9481588553787706, 'lag_4': 0.6094603903564265, 'lag_5': 0.7537947927085843, 'lag_6': 0.057314226108807605, 'lag_7': 0.43246326225006404, 'lag_8': 0.44909067047917284, 'lag_9': 0.9377261900328885, 'lag_10': 0.4713879964527071, 'lag_11': 0.3092498047412279, 'lag_12': 0.7032824574138782, 'lag_13': 0.2152284712104634, 'lag_14': 0.6125291523683704, 'lag_15': 0.35289063031019563, 'lag_16': 0.4985902129770307, 'lag_17': 0.1377767756070845, 'lag_18': 0.26068458335910893, 'lag_19': 0.4975012583688683, 'lag_20': 0.04951290372488163, 'lag_21': 0.18946766582683927, 'lag_22': 0.05420268908653374, 'lag_23': 0.9520048412611202, 'lag_24': 0.17217642885588813, 'lag_25': 0.19230468226216899, 'lag_26': 0.9073062269998472, 'lag_27': 0.9647382177379653, 'lag_28': 0.5972744321598595}. Best is trial 10 with value: 0.006620503850142391.
