2025-09-29 12:50:13,017 - distributed.nanny - INFO -         Start Nanny at: 'tcp://192.168.86.108:46636'
2025-09-29 12:50:14,280 - distributed.worker - INFO -       Start worker at: tcp://192.168.86.108:40636
2025-09-29 12:50:14,280 - distributed.worker - INFO -          Listening to: tcp://192.168.86.108:40636
2025-09-29 12:50:14,280 - distributed.worker - INFO -           Worker name:             SLURMCluster-7
2025-09-29 12:50:14,280 - distributed.worker - INFO -          dashboard at:       192.168.86.108:46313
2025-09-29 12:50:14,280 - distributed.worker - INFO - Waiting to connect to: tcp://192.168.86.101:39990
2025-09-29 12:50:14,280 - distributed.worker - INFO - -------------------------------------------------
2025-09-29 12:50:14,280 - distributed.worker - INFO -               Threads:                          1
2025-09-29 12:50:14,280 - distributed.worker - INFO -                Memory:                   9.31 GiB
2025-09-29 12:50:14,280 - distributed.worker - INFO -       Local Directory: /home1/zrentala/dask-worker-space/dask-scratch-space/worker-5z7j6x5g
2025-09-29 12:50:14,280 - distributed.worker - INFO - -------------------------------------------------
2025-09-29 12:50:14,632 - distributed.worker - INFO - Starting Worker plugin shuffle
2025-09-29 12:50:14,633 - distributed.worker - INFO -         Registered to: tcp://192.168.86.101:39990
2025-09-29 12:50:14,633 - distributed.worker - INFO - -------------------------------------------------
2025-09-29 12:50:14,634 - distributed.core - INFO - Starting established connection to tcp://192.168.86.101:39990
[I 2025-09-29 12:50:14,740] A new study created in memory with name: no-name-c0e29c7b-162b-4dd2-9ca5-b2e9d9c589ce
[I 2025-09-29 12:50:17,240] Trial 0 finished with value: 0.003654945407422032 and parameters: {'lag_0': 0.1787787361385834, 'lag_1': 0.5987015518449748, 'lag_2': 0.41496996896480226, 'lag_3': 0.28419097295516726, 'lag_4': 0.32359488753760923, 'lag_5': 0.16628129483402523, 'lag_6': 0.6869702228759273, 'lag_7': 0.798984662784134, 'lag_8': 0.2895138188513549, 'lag_9': 0.5835963716060609, 'lag_10': 0.8104325787868527, 'lag_11': 0.034347744435633654, 'lag_12': 0.11144469029138268, 'lag_13': 0.42540016305200884, 'lag_14': 0.5216312059127974, 'lag_15': 0.07777605118647236, 'lag_16': 0.5181298618635535, 'lag_17': 0.434942884565863, 'lag_18': 0.9802946747194078, 'lag_19': 0.36995006566762073, 'lag_20': 0.1777720813647259, 'lag_21': 0.28301232285959643, 'lag_22': 0.8421998677180677, 'lag_23': 0.7606888472849199, 'lag_24': 0.42475374336231597, 'lag_25': 0.48877886068669324, 'lag_26': 0.26898737248337123, 'lag_27': 0.9460028894995007, 'lag_28': 0.2846923492551791}. Best is trial 0 with value: 0.003654945407422032.
[I 2025-09-29 12:50:19,691] Trial 1 finished with value: 0.0035478654418242455 and parameters: {'lag_0': 0.49268802880961393, 'lag_1': 0.20470531723786314, 'lag_2': 0.8681494896245825, 'lag_3': 0.20511040920332596, 'lag_4': 0.3793435324874547, 'lag_5': 0.7455429351233932, 'lag_6': 0.8102350009863803, 'lag_7': 0.3561915714929509, 'lag_8': 0.9948665541603692, 'lag_9': 0.47675001179431636, 'lag_10': 0.3242092638299021, 'lag_11': 0.7346123203154556, 'lag_12': 0.10056553155068218, 'lag_13': 0.01632137897585977, 'lag_14': 0.4822394700297925, 'lag_15': 0.5471817615562755, 'lag_16': 0.15973246546235645, 'lag_17': 0.2904767695911163, 'lag_18': 0.18277362982467552, 'lag_19': 0.06800276387439134, 'lag_20': 0.7880290623272761, 'lag_21': 0.8289878700478597, 'lag_22': 0.7366063895025519, 'lag_23': 0.5560807941045555, 'lag_24': 0.7515045487273955, 'lag_25': 0.03528673537641941, 'lag_26': 0.5900115712632114, 'lag_27': 0.27553784670699905, 'lag_28': 0.015891182026981577}. Best is trial 1 with value: 0.0035478654418242455.
[I 2025-09-29 12:50:22,129] Trial 2 finished with value: 0.0035798202270572116 and parameters: {'lag_0': 0.27467528358189364, 'lag_1': 0.7229291109701781, 'lag_2': 0.2850989758168774, 'lag_3': 0.7582987865247826, 'lag_4': 0.05843146476805869, 'lag_5': 0.8065466283745113, 'lag_6': 0.14268661675733801, 'lag_7': 0.431542622310855, 'lag_8': 0.7341852131687019, 'lag_9': 0.35781580490668924, 'lag_10': 0.6204733763158449, 'lag_11': 0.1698685160705556, 'lag_12': 0.8060860406364305, 'lag_13': 0.5829490098143254, 'lag_14': 0.33300623431497517, 'lag_15': 0.9237677390736109, 'lag_16': 0.3308420101221506, 'lag_17': 0.761243440036378, 'lag_18': 0.8511463216375393, 'lag_19': 0.6402534256310923, 'lag_20': 0.19560950999275722, 'lag_21': 0.46597218803940116, 'lag_22': 0.9941938015836864, 'lag_23': 0.7064827612218383, 'lag_24': 0.9979868523735214, 'lag_25': 0.32128475471771084, 'lag_26': 0.5432304634336305, 'lag_27': 0.5523854082595129, 'lag_28': 0.8661125542269347}. Best is trial 1 with value: 0.0035478654418242455.
[I 2025-09-29 12:50:24,561] Trial 3 finished with value: 0.003437064413691721 and parameters: {'lag_0': 0.6050710646261845, 'lag_1': 0.14555906353343653, 'lag_2': 0.179735030532428, 'lag_3': 0.8764121890950307, 'lag_4': 0.47055598244272956, 'lag_5': 0.5679338955205422, 'lag_6': 0.2524851864012155, 'lag_7': 0.6862661244520143, 'lag_8': 0.26861843662081486, 'lag_9': 0.061362333770330874, 'lag_10': 0.6113624308130081, 'lag_11': 0.21587509740422328, 'lag_12': 0.0696082198262197, 'lag_13': 0.9778944872126935, 'lag_14': 0.6105369537493917, 'lag_15': 0.485695486146404, 'lag_16': 0.030532752770575537, 'lag_17': 0.03994702601218305, 'lag_18': 0.8229512933232902, 'lag_19': 0.6607537963120408, 'lag_20': 0.41887388801678144, 'lag_21': 0.02020587647497612, 'lag_22': 0.3278377348640538, 'lag_23': 0.4066930899252067, 'lag_24': 0.42018855729930155, 'lag_25': 0.9197989974520787, 'lag_26': 0.3322395734139364, 'lag_27': 0.7699016060783669, 'lag_28': 0.9825719030734134}. Best is trial 3 with value: 0.003437064413691721.
[I 2025-09-29 12:50:27,005] Trial 4 finished with value: 0.00372750130132425 and parameters: {'lag_0': 0.6469926863993173, 'lag_1': 0.6933868379349686, 'lag_2': 0.410443099398816, 'lag_3': 0.9706764527989908, 'lag_4': 0.5780558352205374, 'lag_5': 0.1862794700547398, 'lag_6': 0.51944181650516, 'lag_7': 0.9538667704001396, 'lag_8': 0.5738060422999784, 'lag_9': 0.42857608780967477, 'lag_10': 0.27068874953293015, 'lag_11': 0.4340878821247209, 'lag_12': 0.5786986117485717, 'lag_13': 0.7951417178188482, 'lag_14': 0.5294307647123955, 'lag_15': 0.358519940567651, 'lag_16': 0.489995512386865, 'lag_17': 0.6655865750907285, 'lag_18': 0.6820438285882553, 'lag_19': 0.48847660513612357, 'lag_20': 0.07458166178850009, 'lag_21': 0.7783228976972739, 'lag_22': 0.7146433749208593, 'lag_23': 0.07622272145389547, 'lag_24': 0.28663838814131315, 'lag_25': 0.43793036761501797, 'lag_26': 0.9684087217653664, 'lag_27': 0.7993616131722907, 'lag_28': 0.7499386801011606}. Best is trial 3 with value: 0.003437064413691721.
[I 2025-09-29 12:50:29,453] Trial 5 finished with value: 0.0035136516165285335 and parameters: {'lag_0': 0.31798087828016613, 'lag_1': 0.45175302989289773, 'lag_2': 0.10265633492296543, 'lag_3': 0.7565759329253373, 'lag_4': 0.8072112053279085, 'lag_5': 0.6567603794700834, 'lag_6': 0.211262438782669, 'lag_7': 0.7494108334806853, 'lag_8': 0.9435099300876382, 'lag_9': 0.8159278724749193, 'lag_10': 0.35220309923679277, 'lag_11': 0.9677833933268359, 'lag_12': 0.14373021055392832, 'lag_13': 0.5475379033370539, 'lag_14': 0.4923075522230427, 'lag_15': 0.9357222829947746, 'lag_16': 0.8262963765267661, 'lag_17': 0.20088257939905985, 'lag_18': 0.250122008046137, 'lag_19': 0.6843458662792754, 'lag_20': 0.8401659989403288, 'lag_21': 0.7683975393322091, 'lag_22': 0.9039296817498402, 'lag_23': 0.32126834188199355, 'lag_24': 0.8990755709444447, 'lag_25': 0.9743499260097991, 'lag_26': 0.18030215976401384, 'lag_27': 0.045503055928276595, 'lag_28': 0.38516896028293807}. Best is trial 3 with value: 0.003437064413691721.
[I 2025-09-29 12:50:31,895] Trial 6 finished with value: 0.004746429237218141 and parameters: {'lag_0': 0.7523454130110228, 'lag_1': 0.48297518042550536, 'lag_2': 0.14987350651086925, 'lag_3': 0.11127230478797899, 'lag_4': 0.32060197923124695, 'lag_5': 0.6616065617615656, 'lag_6': 0.5888149595955158, 'lag_7': 0.8991449862971711, 'lag_8': 0.20129228037698865, 'lag_9': 0.25495153427379685, 'lag_10': 0.016514823673246828, 'lag_11': 0.6757558921607574, 'lag_12': 0.8482323642836961, 'lag_13': 0.9260338739693408, 'lag_14': 0.8871564522721245, 'lag_15': 0.8735676039112975, 'lag_16': 0.4705443913843219, 'lag_17': 0.412343546603517, 'lag_18': 0.10593603198278849, 'lag_19': 0.027546020553385734, 'lag_20': 0.7383410867351774, 'lag_21': 0.20883303232111558, 'lag_22': 0.409575434438121, 'lag_23': 0.15913741294383202, 'lag_24': 0.4153770555970879, 'lag_25': 0.3732221319478166, 'lag_26': 0.05356748683251833, 'lag_27': 0.5767960433791661, 'lag_28': 0.08514706068449979}. Best is trial 3 with value: 0.003437064413691721.
[I 2025-09-29 12:50:34,338] Trial 7 finished with value: 0.004417471744137969 and parameters: {'lag_0': 0.35447052860437933, 'lag_1': 0.9148281594518995, 'lag_2': 0.833050179339424, 'lag_3': 0.7284483597882734, 'lag_4': 0.2537700706199426, 'lag_5': 0.5151260029414455, 'lag_6': 0.5253747863416359, 'lag_7': 0.19345509885300297, 'lag_8': 0.4901733156559095, 'lag_9': 0.6344271950491072, 'lag_10': 0.47833130503437704, 'lag_11': 0.6687798349837482, 'lag_12': 0.45567125398592234, 'lag_13': 0.7667269139763293, 'lag_14': 0.23540107768935337, 'lag_15': 0.8471347504289496, 'lag_16': 0.7580225565032822, 'lag_17': 0.0203733557431913, 'lag_18': 0.2237605365377457, 'lag_19': 0.9159882881770852, 'lag_20': 0.8699828473420863, 'lag_21': 0.6195121248656815, 'lag_22': 0.6102575061241062, 'lag_23': 0.23041286679488, 'lag_24': 0.6202385521489397, 'lag_25': 0.7242740314146825, 'lag_26': 0.9897296630395964, 'lag_27': 0.4330502437158023, 'lag_28': 0.8865579808698407}. Best is trial 3 with value: 0.003437064413691721.
[I 2025-09-29 12:50:36,767] Trial 8 finished with value: 0.00349142205067058 and parameters: {'lag_0': 0.895037137891673, 'lag_1': 0.31557877609085755, 'lag_2': 0.5579557790240973, 'lag_3': 0.24784957920302325, 'lag_4': 0.17848812132500777, 'lag_5': 0.9863989310676404, 'lag_6': 0.9303657230439463, 'lag_7': 0.32312899557138397, 'lag_8': 0.45389445566342607, 'lag_9': 0.06872077080607723, 'lag_10': 0.9931786756007973, 'lag_11': 0.09863263675997672, 'lag_12': 0.6926467616277583, 'lag_13': 0.5298927417873434, 'lag_14': 0.8932748829893864, 'lag_15': 0.4146517431556195, 'lag_16': 0.35581304268005587, 'lag_17': 0.6888968201310669, 'lag_18': 0.7136718821678334, 'lag_19': 0.6273955349887764, 'lag_20': 0.45797356716036636, 'lag_21': 0.09110230714567762, 'lag_22': 0.13767727195460572, 'lag_23': 0.5137574129022764, 'lag_24': 0.3933258670348791, 'lag_25': 0.27997401179776166, 'lag_26': 0.35951467574119733, 'lag_27': 0.9384788209488091, 'lag_28': 0.897196388174864}. Best is trial 3 with value: 0.003437064413691721.
[I 2025-09-29 12:50:39,204] Trial 9 finished with value: 0.0032881586262060183 and parameters: {'lag_0': 0.9029477523026449, 'lag_1': 0.35033268844553267, 'lag_2': 0.583669995701943, 'lag_3': 0.9782680909705266, 'lag_4': 0.6123507766723436, 'lag_5': 0.9019677517137635, 'lag_6': 0.7799426313865241, 'lag_7': 0.2776161710257005, 'lag_8': 0.02069432094777905, 'lag_9': 0.27676100823934663, 'lag_10': 0.22782989770669226, 'lag_11': 0.8691154656849305, 'lag_12': 0.6646723286669176, 'lag_13': 0.8419030709929864, 'lag_14': 0.3072275650825551, 'lag_15': 0.4201262280281854, 'lag_16': 0.9330521633829851, 'lag_17': 0.134932149708668, 'lag_18': 0.5348130718578463, 'lag_19': 0.47053936865494067, 'lag_20': 0.5667812238104744, 'lag_21': 0.40718154594539624, 'lag_22': 0.23295935315479438, 'lag_23': 0.6996599852308168, 'lag_24': 0.1469228962868297, 'lag_25': 0.8399480868981742, 'lag_26': 0.8467129782915472, 'lag_27': 0.2314701492829342, 'lag_28': 0.5468826972670674}. Best is trial 9 with value: 0.0032881586262060183.
[I 2025-09-29 12:50:41,792] Trial 10 finished with value: 0.0032686279857744383 and parameters: {'lag_0': 0.99131884671012, 'lag_1': 0.3371470185597407, 'lag_2': 0.6470479100975434, 'lag_3': 0.49070668984321814, 'lag_4': 0.9223800652977766, 'lag_5': 0.34431591373408144, 'lag_6': 0.9698498387636784, 'lag_7': 0.017393037437012593, 'lag_8': 0.0070183135029491805, 'lag_9': 0.9749370009701308, 'lag_10': 0.0049776295240675505, 'lag_11': 0.9658262782320997, 'lag_12': 0.3833589987071928, 'lag_13': 0.30248984841533133, 'lag_14': 0.03913673165249659, 'lag_15': 0.15628888061792529, 'lag_16': 0.9826121014691704, 'lag_17': 0.8750691886562882, 'lag_18': 0.4528483222961115, 'lag_19': 0.29183047329915096, 'lag_20': 0.6339100931049916, 'lag_21': 0.4355152279606411, 'lag_22': 0.05092453456745982, 'lag_23': 0.9101454820147608, 'lag_24': 0.06542576383699034, 'lag_25': 0.7359154694759691, 'lag_26': 0.7555994151603783, 'lag_27': 0.014885400322976111, 'lag_28': 0.586152737719351}. Best is trial 10 with value: 0.0032686279857744383.
[I 2025-09-29 12:50:44,289] Trial 11 finished with value: 0.0033847098261067473 and parameters: {'lag_0': 0.9891508425496061, 'lag_1': 0.007687701042386086, 'lag_2': 0.6524896934154915, 'lag_3': 0.49359398733026183, 'lag_4': 0.9673858817615104, 'lag_5': 0.34951983296758626, 'lag_6': 0.9857863582355023, 'lag_7': 0.03167856349798265, 'lag_8': 0.009264165842919437, 'lag_9': 0.9560071412223611, 'lag_10': 0.01828592881748459, 'lag_11': 0.9700046246233434, 'lag_12': 0.3461458238423195, 'lag_13': 0.24161589573661613, 'lag_14': 0.02629260684898488, 'lag_15': 0.10896493542204422, 'lag_16': 0.9814975985325208, 'lag_17': 0.973606721917489, 'lag_18': 0.4615805589104648, 'lag_19': 0.25454306061338555, 'lag_20': 0.6051421132088205, 'lag_21': 0.4508054776867344, 'lag_22': 0.010737219097154804, 'lag_23': 0.9816951727947985, 'lag_24': 0.031735314234770856, 'lag_25': 0.7299873335341017, 'lag_26': 0.8004523972446722, 'lag_27': 0.004582542432135461, 'lag_28': 0.6041543413787434}. Best is trial 10 with value: 0.0032686279857744383.
[I 2025-09-29 12:50:46,783] Trial 12 finished with value: 0.003470903941451561 and parameters: {'lag_0': 0.005860423572246365, 'lag_1': 0.34687516513939487, 'lag_2': 0.702824179350929, 'lag_3': 0.4778553779576841, 'lag_4': 0.7135865267063293, 'lag_5': 0.34753758724978423, 'lag_6': 0.7835767057218704, 'lag_7': 0.014406267774790371, 'lag_8': 0.016743010975795492, 'lag_9': 0.2331801389095936, 'lag_10': 0.16226275691111744, 'lag_11': 0.8379996166913759, 'lag_12': 0.985019191262864, 'lag_13': 0.2684238921581471, 'lag_14': 0.014332512614489496, 'lag_15': 0.2595757868569307, 'lag_16': 0.9993434454605299, 'lag_17': 0.9908166136230245, 'lag_18': 0.45488118379544984, 'lag_19': 0.25108160037742977, 'lag_20': 0.6028948346934123, 'lag_21': 0.3475620441883055, 'lag_22': 0.22112624838242206, 'lag_23': 0.9984632942339826, 'lag_24': 0.05407084887836326, 'lag_25': 0.7321840568553244, 'lag_26': 0.7514329450696222, 'lag_27': 0.2091520180273075, 'lag_28': 0.5632724401660647}. Best is trial 10 with value: 0.0032686279857744383.
[I 2025-09-29 12:50:49,267] Trial 13 finished with value: 0.004113312633056278 and parameters: {'lag_0': 0.8352216741506071, 'lag_1': 0.30890463130695683, 'lag_2': 0.9818980946869663, 'lag_3': 0.5961643787005221, 'lag_4': 0.9224131331813561, 'lag_5': 0.35516164351491547, 'lag_6': 0.835682160621902, 'lag_7': 0.21448918460840513, 'lag_8': 0.1347858099445904, 'lag_9': 0.7144217848461138, 'lag_10': 0.15809956667579111, 'lag_11': 0.4940414786459173, 'lag_12': 0.316355774201693, 'lag_13': 0.23732832334426718, 'lag_14': 0.17892570511885064, 'lag_15': 0.6893499168838372, 'lag_16': 0.765269248809307, 'lag_17': 0.8163848795931743, 'lag_18': 0.566221604402033, 'lag_19': 0.40507285898100415, 'lag_20': 0.9983414366360308, 'lag_21': 0.587371415156882, 'lag_22': 0.011443659961731328, 'lag_23': 0.7784876693791356, 'lag_24': 0.17725288606552456, 'lag_25': 0.6281118530299677, 'lag_26': 0.7396577313613858, 'lag_27': 0.20052605944189072, 'lag_28': 0.41927476574285844}. Best is trial 10 with value: 0.0032686279857744383.
[I 2025-09-29 12:50:51,750] Trial 14 finished with value: 0.004621044068963947 and parameters: {'lag_0': 0.9837092138027517, 'lag_1': 0.13948088803496708, 'lag_2': 0.5661098475305782, 'lag_3': 0.41859461509838725, 'lag_4': 0.6750890122512452, 'lag_5': 0.028520495785610944, 'lag_6': 0.32689617420618744, 'lag_7': 0.5628811025938963, 'lag_8': 0.11043132615603292, 'lag_9': 0.9890585238072451, 'lag_10': 0.15226441376541122, 'lag_11': 0.8434884659574253, 'lag_12': 0.5942970818080331, 'lag_13': 0.7118791384087599, 'lag_14': 0.17366195908863824, 'lag_15': 0.21566207126885822, 'lag_16': 0.8296511620984074, 'lag_17': 0.5602744087406966, 'lag_18': 0.363525441113827, 'lag_19': 0.21136398296818526, 'lag_20': 0.33636667079124055, 'lag_21': 0.5820537088175696, 'lag_22': 0.19675215475589108, 'lag_23': 0.8572756439302688, 'lag_24': 0.18723486343083087, 'lag_25': 0.8084905315789608, 'lag_26': 0.8509665570114394, 'lag_27': 0.3632861723491049, 'lag_28': 0.6720196574315451}. Best is trial 10 with value: 0.0032686279857744383.
[I 2025-09-29 12:50:54,237] Trial 15 finished with value: 0.0034354711862944866 and parameters: {'lag_0': 0.7734396454158983, 'lag_1': 0.41741566862314466, 'lag_2': 0.7250443854727951, 'lag_3': 0.0017909115490540861, 'lag_4': 0.8228279365228772, 'lag_5': 0.8705842380770801, 'lag_6': 0.007862324990393965, 'lag_7': 0.1662551631253528, 'lag_8': 0.3603576101800586, 'lag_9': 0.27127803310716936, 'lag_10': 0.028306721021905623, 'lag_11': 0.9989613233997925, 'lag_12': 0.3793643907921825, 'lag_13': 0.37389374638245576, 'lag_14': 0.3319115087101048, 'lag_15': 0.5979684616537655, 'lag_16': 0.6457523110063299, 'lag_17': 0.19142811309513352, 'lag_18': 0.5909736116768334, 'lag_19': 0.8319603884277482, 'lag_20': 0.6183571799559722, 'lag_21': 0.9670672855448974, 'lag_22': 0.4426962344682718, 'lag_23': 0.6040492055651667, 'lag_24': 0.15921518341712282, 'lag_25': 0.5839271387740133, 'lag_26': 0.6363283326035507, 'lag_27': 0.135260560735104, 'lag_28': 0.28401528331322506}. Best is trial 10 with value: 0.0032686279857744383.
[I 2025-09-29 12:50:56,738] Trial 16 finished with value: 0.00345336663203795 and parameters: {'lag_0': 0.6522532588026341, 'lag_1': 0.607128755226547, 'lag_2': 0.4375737156327166, 'lag_3': 0.6478548649842, 'lag_4': 0.5646839493077365, 'lag_5': 0.9601954382251369, 'lag_6': 0.6751503535916334, 'lag_7': 0.09086396505338137, 'lag_8': 0.6749214185312258, 'lag_9': 0.8401397330302013, 'lag_10': 0.4588275434939127, 'lag_11': 0.3604813875789209, 'lag_12': 0.26163015620489927, 'lag_13': 0.025626838054141843, 'lag_14': 0.7310971683792571, 'lag_15': 0.009461318564393834, 'lag_16': 0.9140662283175698, 'lag_17': 0.5441276989942824, 'lag_18': 0.36501143561688654, 'lag_19': 0.4757432339374243, 'lag_20': 0.3335371297976018, 'lag_21': 0.37651151925706544, 'lag_22': 0.12155134291632871, 'lag_23': 0.6618985607819692, 'lag_24': 0.00198274420181159, 'lag_25': 0.8560916609702037, 'lag_26': 0.4529565825799211, 'lag_27': 0.11017320556939336, 'lag_28': 0.45846940304249534}. Best is trial 10 with value: 0.0032686279857744383.
[I 2025-09-29 12:50:59,231] Trial 17 finished with value: 0.0037921249953111096 and parameters: {'lag_0': 0.890597452533546, 'lag_1': 0.24530052169448952, 'lag_2': 0.8108415176125991, 'lag_3': 0.37321639719593963, 'lag_4': 0.8463222576312811, 'lag_5': 0.4365285296169088, 'lag_6': 0.9096066963869793, 'lag_7': 0.5628788542884982, 'lag_8': 0.12103508744377173, 'lag_9': 0.13885134037588842, 'lag_10': 0.218289394912168, 'lag_11': 0.8170407981875087, 'lag_12': 0.497321518870504, 'lag_13': 0.15164794763382405, 'lag_14': 0.11016491105515429, 'lag_15': 0.26666360066605166, 'lag_16': 0.6507232293791056, 'lag_17': 0.8593429563376033, 'lag_18': 0.3470027394621586, 'lag_19': 0.13897401934131595, 'lag_20': 0.7077468063053508, 'lag_21': 0.19195764218773986, 'lag_22': 0.30534081554820564, 'lag_23': 0.8730144192096682, 'lag_24': 0.5946275182435452, 'lag_25': 0.603012078926973, 'lag_26': 0.865882651721016, 'lag_27': 0.3453233771873714, 'lag_28': 0.6974561428944295}. Best is trial 10 with value: 0.0032686279857744383.
[I 2025-09-29 12:51:01,725] Trial 18 finished with value: 0.0036733139766814693 and parameters: {'lag_0': 0.46551528229920236, 'lag_1': 0.9437966749168774, 'lag_2': 0.2846405890318693, 'lag_3': 0.997851325093503, 'lag_4': 0.6657539754825688, 'lag_5': 0.21385722485627143, 'lag_6': 0.4000892700929063, 'lag_7': 0.25111816522822766, 'lag_8': 0.0033344713630174324, 'lag_9': 0.3754385355648908, 'lag_10': 0.10554176105075151, 'lag_11': 0.5788126479627635, 'lag_12': 0.6616731561334709, 'lag_13': 0.6646395176277028, 'lag_14': 0.34984196863625516, 'lag_15': 0.16844911980406652, 'lag_16': 0.6488742152660615, 'lag_17': 0.3561209736235198, 'lag_18': 0.5628501378033979, 'lag_19': 0.34667878382836587, 'lag_20': 0.5381202366359977, 'lag_21': 0.5363204411302145, 'lag_22': 0.5346230624550934, 'lag_23': 0.8916435339652756, 'lag_24': 0.2917483638089593, 'lag_25': 0.843092089977905, 'lag_26': 0.6733750776222082, 'lag_27': 0.11279029025697326, 'lag_28': 0.538391979687782}. Best is trial 10 with value: 0.0032686279857744383.
