[I 2025-09-29 12:53:45,610] Trial 82 finished with value: 0.004513467532436033 and parameters: {'lag_0': 0.31334821696754916, 'lag_1': 0.7030319973650296, 'lag_2': 0.9567368308817433, 'lag_3': 0.9243609158424286, 'lag_4': 0.8218890079614776, 'lag_5': 0.8395241715943904, 'lag_6': 0.1858987613739362, 'lag_7': 0.580578990490877, 'lag_8': 0.8938981781548602, 'lag_9': 0.6175648596974874, 'lag_10': 0.40659130475609884, 'lag_11': 0.5575700226560182, 'lag_12': 0.26537236109699147, 'lag_13': 0.6483884035662367, 'lag_14': 0.2568809604542806, 'lag_15': 0.41623476005476634, 'lag_16': 0.29773704380461247, 'lag_17': 0.07274344734059535, 'lag_18': 0.19970841240155263, 'lag_19': 0.39074197681926626, 'lag_20': 0.6821162302087889, 'lag_21': 0.7241061512098366, 'lag_22': 0.07373476001525606, 'lag_23': 0.4962137731842068, 'lag_24': 0.9336133376855139, 'lag_25': 0.12122528163111275, 'lag_26': 0.5392263062766889, 'lag_27': 0.15017148244975898, 'lag_28': 0.7705787456359867}. Best is trial 4 with value: 0.0036804962818087566.
[I 2025-09-29 12:53:48,111] Trial 83 finished with value: 0.004169708993514086 and parameters: {'lag_0': 0.2444098393570706, 'lag_1': 0.6403295039356646, 'lag_2': 0.8320261467368509, 'lag_3': 0.9678756321281835, 'lag_4': 0.9648063221214512, 'lag_5': 0.4972579639710556, 'lag_6': 0.3594875062194572, 'lag_7': 0.10987674598753937, 'lag_8': 0.9442630228369179, 'lag_9': 0.0731356106480974, 'lag_10': 0.2746225395887701, 'lag_11': 0.5813888886412013, 'lag_12': 0.7665747171868886, 'lag_13': 0.43550515710378845, 'lag_14': 0.5224252378082339, 'lag_15': 0.47086422461395644, 'lag_16': 0.2451487156698498, 'lag_17': 0.2930599376343611, 'lag_18': 0.7034339215257241, 'lag_19': 0.5074384850420938, 'lag_20': 0.5825418733406896, 'lag_21': 0.7516547516172207, 'lag_22': 0.15216418414069138, 'lag_23': 0.3877475825620367, 'lag_24': 0.8864523484864588, 'lag_25': 0.04418444149353938, 'lag_26': 0.5992873380699841, 'lag_27': 0.23493511623149238, 'lag_28': 0.866791521397329}. Best is trial 4 with value: 0.0036804962818087566.
[I 2025-09-29 12:53:50,604] Trial 84 finished with value: 0.004035887407757155 and parameters: {'lag_0': 0.27810527315809586, 'lag_1': 0.808816558345425, 'lag_2': 0.5770173593718527, 'lag_3': 0.8999001286515858, 'lag_4': 0.8467336963879101, 'lag_5': 0.3997698523831973, 'lag_6': 0.16090523487320985, 'lag_7': 0.1583873763083732, 'lag_8': 0.9064468840168819, 'lag_9': 0.5847559961921786, 'lag_10': 0.4966167469063146, 'lag_11': 0.6903960408991126, 'lag_12': 0.5396409954734503, 'lag_13': 0.8095816077262923, 'lag_14': 0.3761471185500156, 'lag_15': 0.51821233576598, 'lag_16': 0.8403493574947191, 'lag_17': 0.33946454367480683, 'lag_18': 0.6403604079884427, 'lag_19': 0.609948872706126, 'lag_20': 0.7469620275717077, 'lag_21': 0.9201158587936094, 'lag_22': 0.21874456141202564, 'lag_23': 0.18376665999203445, 'lag_24': 0.8333469573582104, 'lag_25': 0.8047137925673388, 'lag_26': 0.4817916518520287, 'lag_27': 0.18177843995448292, 'lag_28': 0.8333276604805151}. Best is trial 4 with value: 0.0036804962818087566.
[I 2025-09-29 12:53:53,101] Trial 85 finished with value: 0.004337532477898876 and parameters: {'lag_0': 0.47289579050630426, 'lag_1': 0.7562881872355758, 'lag_2': 0.9065379266924097, 'lag_3': 0.3803279680535841, 'lag_4': 0.7563069320450352, 'lag_5': 0.568973121897588, 'lag_6': 0.231665051356284, 'lag_7': 0.2462195576021065, 'lag_8': 0.7933763944939037, 'lag_9': 0.6884324613742847, 'lag_10': 0.30741765209583044, 'lag_11': 0.6170164138726416, 'lag_12': 0.7991205641776717, 'lag_13': 0.061382192665887174, 'lag_14': 0.5848378646354138, 'lag_15': 0.2571920115900823, 'lag_16': 0.37277849077232594, 'lag_17': 0.2550194262843804, 'lag_18': 0.5421615255357044, 'lag_19': 0.46782506216440745, 'lag_20': 0.631514517318631, 'lag_21': 0.6400875101510722, 'lag_22': 0.1914222912099916, 'lag_23': 0.6621529460890605, 'lag_24': 0.8030621288404081, 'lag_25': 0.430132523518352, 'lag_26': 0.549692724153941, 'lag_27': 0.07746954698672187, 'lag_28': 0.7500198772711737}. Best is trial 4 with value: 0.0036804962818087566.
[I 2025-09-29 12:53:55,600] Trial 86 finished with value: 0.004487118425119044 and parameters: {'lag_0': 0.4080954254345855, 'lag_1': 0.6183714251656113, 'lag_2': 0.6142410753351221, 'lag_3': 0.860322039350284, 'lag_4': 0.9218372994629687, 'lag_5': 0.5247515152081361, 'lag_6': 0.5538393015614063, 'lag_7': 0.27382161684250667, 'lag_8': 0.9753179290911942, 'lag_9': 0.6005415530649219, 'lag_10': 0.5732038800094944, 'lag_11': 0.007947680555050518, 'lag_12': 0.4238489256387722, 'lag_13': 0.30121198294760443, 'lag_14': 0.48216615793395584, 'lag_15': 0.12357864252511702, 'lag_16': 0.20611539446819585, 'lag_17': 0.9017359998416858, 'lag_18': 0.5975916475780516, 'lag_19': 0.3568533715615264, 'lag_20': 0.561016174828133, 'lag_21': 0.8434588219159738, 'lag_22': 0.36079541407959603, 'lag_23': 0.3435267149689258, 'lag_24': 0.8991537280642911, 'lag_25': 0.3331847808963239, 'lag_26': 0.5169671648650958, 'lag_27': 0.061040983683206956, 'lag_28': 0.6513902397938353}. Best is trial 4 with value: 0.0036804962818087566.
[I 2025-09-29 12:53:58,096] Trial 87 finished with value: 0.0038234779738225157 and parameters: {'lag_0': 0.12727294886487733, 'lag_1': 0.7852926808754128, 'lag_2': 0.9544028927044539, 'lag_3': 0.7435826370529524, 'lag_4': 0.6076265955134879, 'lag_5': 0.9582162618973795, 'lag_6': 0.49917642259817174, 'lag_7': 0.1746103037082348, 'lag_8': 0.17892744520421366, 'lag_9': 0.5477313325881968, 'lag_10': 0.18299501983271424, 'lag_11': 0.6545758836099086, 'lag_12': 0.3970510251650051, 'lag_13': 0.7205697700507365, 'lag_14': 0.8395733623729725, 'lag_15': 0.07498363291102927, 'lag_16': 0.1749466609182636, 'lag_17': 0.964191938276335, 'lag_18': 0.6714865954235072, 'lag_19': 0.4085373943572163, 'lag_20': 0.5312906745696434, 'lag_21': 0.6873542391125285, 'lag_22': 0.8482547065406911, 'lag_23': 0.599750130012043, 'lag_24': 0.8538414587126225, 'lag_25': 0.2226767820218975, 'lag_26': 0.6759295946253191, 'lag_27': 0.7631811012121179, 'lag_28': 0.8970367864614299}. Best is trial 4 with value: 0.0036804962818087566.
[I 2025-09-29 12:54:00,589] Trial 88 finished with value: 0.004093851521580845 and parameters: {'lag_0': 0.09822454296488878, 'lag_1': 0.1916628560531164, 'lag_2': 0.9841521019553908, 'lag_3': 0.44500707443567317, 'lag_4': 0.489094437388354, 'lag_5': 0.8869766772348222, 'lag_6': 0.48200006183195576, 'lag_7': 0.08538922540585597, 'lag_8': 0.21770448864289388, 'lag_9': 0.5058084060506874, 'lag_10': 0.22405752117901967, 'lag_11': 0.45624660844222775, 'lag_12': 0.3194670953297714, 'lag_13': 0.7296827283519984, 'lag_14': 0.8478160921032144, 'lag_15': 0.005559279324682573, 'lag_16': 0.31971349070098837, 'lag_17': 0.9916999562347761, 'lag_18': 0.6563932921969514, 'lag_19': 0.39946084620215105, 'lag_20': 0.5275128943592707, 'lag_21': 0.7592032462146855, 'lag_22': 0.11848524770959998, 'lag_23': 0.528986761103554, 'lag_24': 0.8506614152689593, 'lag_25': 0.22413190153153179, 'lag_26': 0.6822887938536568, 'lag_27': 0.12472539656565504, 'lag_28': 0.8094117814037598}. Best is trial 4 with value: 0.0036804962818087566.
[I 2025-09-29 12:54:03,086] Trial 89 finished with value: 0.0040232805181450665 and parameters: {'lag_0': 0.129307237076536, 'lag_1': 0.7892908845603951, 'lag_2': 0.9456651479540156, 'lag_3': 0.7034172834745438, 'lag_4': 0.5942714089714298, 'lag_5': 0.9882752980746848, 'lag_6': 0.41037666818515506, 'lag_7': 0.052548605133137805, 'lag_8': 0.8416027466372489, 'lag_9': 0.5611621205327911, 'lag_10': 0.6507341369892312, 'lag_11': 0.48882300472553736, 'lag_12': 0.3838362990383054, 'lag_13': 0.8134903440643276, 'lag_14': 0.9335550630395633, 'lag_15': 0.08045170164773091, 'lag_16': 0.4416984905150513, 'lag_17': 0.8496555327799692, 'lag_18': 0.7690419013364478, 'lag_19': 0.42965932950125907, 'lag_20': 0.4777564898403019, 'lag_21': 0.7957129867127597, 'lag_22': 0.8764341352724018, 'lag_23': 0.458261909215839, 'lag_24': 0.9281863023493098, 'lag_25': 0.3000321264141095, 'lag_26': 0.6469531985698797, 'lag_27': 0.02582852697282737, 'lag_28': 0.93888557610202}. Best is trial 4 with value: 0.0036804962818087566.
[I 2025-09-29 12:54:05,581] Trial 90 finished with value: 0.004186149238568026 and parameters: {'lag_0': 0.17092136863806487, 'lag_1': 0.9033104903472563, 'lag_2': 0.931700006498056, 'lag_3': 0.6808561917500524, 'lag_4': 0.6381131974387177, 'lag_5': 0.816434154326356, 'lag_6': 0.4259889145966584, 'lag_7': 0.175107602050094, 'lag_8': 0.26571137441863407, 'lag_9': 0.5478175551042241, 'lag_10': 0.1891651917114689, 'lag_11': 0.6525390370266703, 'lag_12': 0.36292633776057603, 'lag_13': 0.513510271636985, 'lag_14': 0.8924966842184427, 'lag_15': 0.3720489532780759, 'lag_16': 0.28234514094202956, 'lag_17': 0.9143719264004403, 'lag_18': 0.8242515053727255, 'lag_19': 0.5125638833012577, 'lag_20': 0.6186309809088937, 'lag_21': 0.6901559939521582, 'lag_22': 0.7790368569976485, 'lag_23': 0.6177930376889179, 'lag_24': 0.9742387852015031, 'lag_25': 0.24211277102225337, 'lag_26': 0.562113015419586, 'lag_27': 0.9702535035769734, 'lag_28': 0.7275382935486646}. Best is trial 4 with value: 0.0036804962818087566.
[I 2025-09-29 12:54:08,076] Trial 91 finished with value: 0.004175304584942327 and parameters: {'lag_0': 0.19433561745973943, 'lag_1': 0.8291308951085536, 'lag_2': 0.8826017678894653, 'lag_3': 0.7237435383738896, 'lag_4': 0.7043866810299384, 'lag_5': 0.9280313143382308, 'lag_6': 0.5113006335932604, 'lag_7': 0.22220701824501654, 'lag_8': 0.8779811135061732, 'lag_9': 0.5145047386334448, 'lag_10': 0.17108357166131977, 'lag_11': 0.7628807288408491, 'lag_12': 0.21655505512449663, 'lag_13': 0.7827175045594447, 'lag_14': 0.8356775783614694, 'lag_15': 0.07383165564123759, 'lag_16': 0.16996747083521893, 'lag_17': 0.9599948955654298, 'lag_18': 0.6226819049718496, 'lag_19': 0.4831506856984495, 'lag_20': 0.7056858134047764, 'lag_21': 0.6613093237459122, 'lag_22': 0.9131135876636658, 'lag_23': 0.594303718820304, 'lag_24': 0.8650097649295866, 'lag_25': 0.1979228213955227, 'lag_26': 0.6010218570349267, 'lag_27': 0.7531581760281116, 'lag_28': 0.9029560886541412}. Best is trial 4 with value: 0.0036804962818087566.
[I 2025-09-29 12:54:10,575] Trial 92 finished with value: 0.003912126224457338 and parameters: {'lag_0': 0.03973549415834604, 'lag_1': 0.9826438326675327, 'lag_2': 0.8283823086172251, 'lag_3': 0.7496913218426728, 'lag_4': 0.5407700453733866, 'lag_5': 0.9666267602024013, 'lag_6': 0.46716176291085304, 'lag_7': 0.14275227596478068, 'lag_8': 0.08446140159181463, 'lag_9': 0.6335623811486557, 'lag_10': 0.41668011055054205, 'lag_11': 0.687153004244499, 'lag_12': 0.4510765045063355, 'lag_13': 0.9369103452450417, 'lag_14': 0.9840662807348666, 'lag_15': 0.16333032109377296, 'lag_16': 0.23577044892373597, 'lag_17': 0.9560068465621276, 'lag_18': 0.6840939539650972, 'lag_19': 0.45305633533218004, 'lag_20': 0.3820243752299419, 'lag_21': 0.6237300892306966, 'lag_22': 0.7822972664023283, 'lag_23': 0.5677026535980275, 'lag_24': 0.7644432769066535, 'lag_25': 0.1026080609193555, 'lag_26': 0.8444499931529101, 'lag_27': 0.7200841030947623, 'lag_28': 0.9654501836669958}. Best is trial 4 with value: 0.0036804962818087566.
[I 2025-09-29 12:54:13,073] Trial 93 finished with value: 0.0043034100024692806 and parameters: {'lag_0': 0.34094244892689485, 'lag_1': 0.6709211911346786, 'lag_2': 0.7978829629961757, 'lag_3': 0.7802566539246019, 'lag_4': 0.8926897837558896, 'lag_5': 0.6218796852604176, 'lag_6': 0.5586209615077041, 'lag_7': 0.1969529844598612, 'lag_8': 0.06842508455101534, 'lag_9': 0.5434956871503331, 'lag_10': 0.08399358269936119, 'lag_11': 0.630348792895731, 'lag_12': 0.7840558071034278, 'lag_13': 0.8738275514474598, 'lag_14': 0.670310630453482, 'lag_15': 0.49577443520099757, 'lag_16': 0.04419505576556701, 'lag_17': 0.7911592637739407, 'lag_18': 0.7530821001046369, 'lag_19': 0.6423702560831929, 'lag_20': 0.6657412237446105, 'lag_21': 0.7316273572449432, 'lag_22': 0.9482617149456003, 'lag_23': 0.7143313297840501, 'lag_24': 0.808676846365257, 'lag_25': 0.4929200916383908, 'lag_26': 0.7532829337616833, 'lag_27': 0.7819499022199738, 'lag_28': 0.8860260191774835}. Best is trial 4 with value: 0.0036804962818087566.
[I 2025-09-29 12:54:15,571] Trial 94 finished with value: 0.0041785751034371515 and parameters: {'lag_0': 0.5527436989348739, 'lag_1': 0.7435385117478096, 'lag_2': 0.5559447820805885, 'lag_3': 0.9351332276425993, 'lag_4': 0.9410754562708047, 'lag_5': 0.9462354919626179, 'lag_6': 0.3780926264579876, 'lag_7': 0.11781597303796168, 'lag_8': 0.1748369941240686, 'lag_9': 0.7165158476459665, 'lag_10': 0.3704491250612159, 'lag_11': 0.5939599592254022, 'lag_12': 0.7105470649416133, 'lag_13': 0.5684411559958683, 'lag_14': 0.7525156170830478, 'lag_15': 0.10933833336189855, 'lag_16': 0.1036644424348209, 'lag_17': 0.37484570172455267, 'lag_18': 0.5844547924164223, 'lag_19': 0.5708747923016417, 'lag_20': 0.5443901549213691, 'lag_21': 0.7821612469698722, 'lag_22': 0.6100526593061109, 'lag_23': 0.4821331459611904, 'lag_24': 0.8322549271454261, 'lag_25': 0.15264399275300894, 'lag_26': 0.4472258156129981, 'lag_27': 0.8451171745234782, 'lag_28': 0.8533922210293163}. Best is trial 4 with value: 0.0036804962818087566.
[I 2025-09-29 12:54:18,069] Trial 95 finished with value: 0.004397538719225333 and parameters: {'lag_0': 0.07663583680274053, 'lag_1': 0.7138850821673844, 'lag_2': 0.44391067040637544, 'lag_3': 0.635149634345952, 'lag_4': 0.8093106472753521, 'lag_5': 0.4715327951555733, 'lag_6': 0.2929749502785518, 'lag_7': 0.2957464982779301, 'lag_8': 0.03549764359752246, 'lag_9': 0.6766642867246453, 'lag_10': 0.24527918269849402, 'lag_11': 0.532478957800811, 'lag_12': 0.6785342059990768, 'lag_13': 0.14498996124038574, 'lag_14': 0.727644045570823, 'lag_15': 0.21518440554855436, 'lag_16': 0.21572856235703858, 'lag_17': 0.5331908202949901, 'lag_18': 0.7078336842096953, 'lag_19': 0.540575194357423, 'lag_20': 0.5975781280381174, 'lag_21': 0.5793485142948136, 'lag_22': 0.7251654978693591, 'lag_23': 0.6787503916023254, 'lag_24': 0.8979445634657142, 'lag_25': 0.03633665472476666, 'lag_26': 0.7790944780938728, 'lag_27': 0.9291719068073552, 'lag_28': 0.79379596905137}. Best is trial 4 with value: 0.0036804962818087566.
[I 2025-09-29 12:54:20,571] Trial 96 finished with value: 0.004212806716167859 and parameters: {'lag_0': 0.23216948113047578, 'lag_1': 0.46216618817160804, 'lag_2': 0.9308912284351921, 'lag_3': 0.8213101743158135, 'lag_4': 0.8687707091049847, 'lag_5': 0.8658921445219012, 'lag_6': 0.24888987454734973, 'lag_7': 0.2628670703888359, 'lag_8': 0.000825768768756667, 'lag_9': 0.4560739643764238, 'lag_10': 0.32141861399453975, 'lag_11': 0.5655520869836503, 'lag_12': 0.7520292632749506, 'lag_13': 0.8489118240044442, 'lag_14': 0.8172259331718618, 'lag_15': 0.44765106689216577, 'lag_16': 0.18354975082786587, 'lag_17': 0.13727018532943147, 'lag_18': 0.5499722535105988, 'lag_19': 0.519256486749309, 'lag_20': 0.49876753677572233, 'lag_21': 0.4992235823671299, 'lag_22': 0.23802988973123998, 'lag_23': 0.6459204036041784, 'lag_24': 0.8743753014470992, 'lag_25': 0.5830864603321713, 'lag_26': 0.8066392802861466, 'lag_27': 0.6723996987188566, 'lag_28': 0.8342622538610447}. Best is trial 4 with value: 0.0036804962818087566.
[I 2025-09-29 12:54:23,073] Trial 97 finished with value: 0.004279992533300511 and parameters: {'lag_0': 0.16095627128556722, 'lag_1': 0.5514976399218046, 'lag_2': 0.8598317470541008, 'lag_3': 0.42440884931109607, 'lag_4': 0.7345818691070397, 'lag_5': 0.7652492841587507, 'lag_6': 0.49732844197996307, 'lag_7': 0.35997288263069377, 'lag_8': 0.13666968229223014, 'lag_9': 0.5938330900980181, 'lag_10': 0.5020860930971728, 'lag_11': 0.7084358611052676, 'lag_12': 0.917326610550075, 'lag_13': 0.7488803521863536, 'lag_14': 0.4542920949053872, 'lag_15': 0.6021797499656938, 'lag_16': 0.15114639593774115, 'lag_17': 0.020167760583604633, 'lag_18': 0.2529500571423355, 'lag_19': 0.40897868491036066, 'lag_20': 0.44958687661861085, 'lag_21': 0.8253190256060724, 'lag_22': 0.26825566233502507, 'lag_23': 0.6205718456628818, 'lag_24': 0.7876050481363044, 'lag_25': 0.07858606261069684, 'lag_26': 0.7084285244349787, 'lag_27': 0.8320596751691263, 'lag_28': 0.3501789166503768}. Best is trial 4 with value: 0.0036804962818087566.
[I 2025-09-29 12:54:25,575] Trial 98 finished with value: 0.004024257378699108 and parameters: {'lag_0': 0.21642654971256886, 'lag_1': 0.32377534174366396, 'lag_2': 0.4011417103475067, 'lag_3': 0.7923665792590315, 'lag_4': 0.9660830961952229, 'lag_5': 0.3656049436227673, 'lag_6': 0.15946364189878082, 'lag_7': 0.32727549951558466, 'lag_8': 0.10810811666835157, 'lag_9': 0.20760526640040894, 'lag_10': 0.1260766977400895, 'lag_11': 0.7413185097675726, 'lag_12': 0.8693346576787168, 'lag_13': 0.024700642296866956, 'lag_14': 0.10035620827086661, 'lag_15': 0.048777742052766304, 'lag_16': 0.761107040664873, 'lag_17': 0.06160132760223407, 'lag_18': 0.6651485201476779, 'lag_19': 0.4894597529238173, 'lag_20': 0.2828876884233942, 'lag_21': 0.562184632381982, 'lag_22': 0.1757818761086567, 'lag_23': 0.29732078047367433, 'lag_24': 0.7522358129342451, 'lag_25': 0.00013358424411014092, 'lag_26': 0.6661040538688445, 'lag_27': 0.8702046150383984, 'lag_28': 0.45653507508081687}. Best is trial 4 with value: 0.0036804962818087566.
[I 2025-09-29 12:54:28,079] Trial 99 finished with value: 0.004071310575167691 and parameters: {'lag_0': 0.3638630459843048, 'lag_1': 0.6994611074931101, 'lag_2': 0.9969657649712597, 'lag_3': 0.5801645230655614, 'lag_4': 0.7709344147977152, 'lag_5': 0.4145016303285879, 'lag_6': 0.20662996452471458, 'lag_7': 0.16704657419865326, 'lag_8': 0.9458014072166222, 'lag_9': 0.11897191062242193, 'lag_10': 0.9712751317244881, 'lag_11': 0.6666745928309306, 'lag_12': 0.5219942220911483, 'lag_13': 0.08810136197673706, 'lag_14': 0.03925730630719651, 'lag_15': 0.278197521304735, 'lag_16': 0.9486598971701817, 'lag_17': 0.27969402514137187, 'lag_18': 0.5106648968205834, 'lag_19': 0.5846570532515226, 'lag_20': 0.6926975442767076, 'lag_21': 0.7111437929918929, 'lag_22': 0.1427199936528963, 'lag_23': 0.5173958181770268, 'lag_24': 0.6395543763795755, 'lag_25': 0.6511765435910523, 'lag_26': 0.07454255343440047, 'lag_27': 0.7114186419454284, 'lag_28': 0.19863253302107015}. Best is trial 4 with value: 0.0036804962818087566.
[I 2025-09-29 12:54:28,094] A new study created in memory with name: no-name-dc8d898c-3749-4d40-906f-566c485c2596
[I 2025-09-29 12:54:30,568] Trial 0 finished with value: 0.008745055300535362 and parameters: {'lag_0': 0.608997410230585, 'lag_1': 0.11789771292391071, 'lag_2': 0.37096413672415324, 'lag_3': 0.0698809527076543, 'lag_4': 0.15066252727396928, 'lag_5': 0.27035108201388647, 'lag_6': 0.4127763391523242, 'lag_7': 0.7485649333064835, 'lag_8': 0.38919441022961837, 'lag_9': 0.46470568518781846, 'lag_10': 0.13237641319709062, 'lag_11': 0.22876093953075774, 'lag_12': 0.8763819775537205, 'lag_13': 0.620233701240969, 'lag_14': 0.6438625470793687, 'lag_15': 0.6259312730005308, 'lag_16': 0.9997020552727747, 'lag_17': 0.15173677762550272, 'lag_18': 0.405725598160921, 'lag_19': 0.010264030791666712, 'lag_20': 0.6969112063554312, 'lag_21': 0.40825461271653296, 'lag_22': 0.26802232488082517, 'lag_23': 0.8541300196117363, 'lag_24': 0.9695588532972391, 'lag_25': 0.5705923150704949, 'lag_26': 0.32929682450442405, 'lag_27': 0.4795987510627617, 'lag_28': 0.21816850372231308}. Best is trial 0 with value: 0.008745055300535362.
[I 2025-09-29 12:54:33,046] Trial 1 finished with value: 0.009475660900401998 and parameters: {'lag_0': 0.6316917424303449, 'lag_1': 0.006241432301274314, 'lag_2': 0.5089873256496673, 'lag_3': 0.5026569280120173, 'lag_4': 0.6148425619947857, 'lag_5': 0.8478394392743795, 'lag_6': 0.3854663468003663, 'lag_7': 0.3074376354966055, 'lag_8': 0.34159492530324853, 'lag_9': 0.3965669729799419, 'lag_10': 0.5072124939197443, 'lag_11': 0.6861323960438551, 'lag_12': 0.7659773382672139, 'lag_13': 0.0961679086424337, 'lag_14': 0.05895706742381181, 'lag_15': 0.011397590021191444, 'lag_16': 0.9869684897507129, 'lag_17': 0.47024199140082396, 'lag_18': 0.28099371619877295, 'lag_19': 0.7444860844126446, 'lag_20': 0.36966566365639275, 'lag_21': 0.32781457131453723, 'lag_22': 0.501310293892409, 'lag_23': 0.439912122922606, 'lag_24': 0.8714657845506844, 'lag_25': 0.5685268028012728, 'lag_26': 0.7222550203807534, 'lag_27': 0.7824530176573798, 'lag_28': 0.8440753515058065}. Best is trial 0 with value: 0.008745055300535362.
[I 2025-09-29 12:54:35,534] Trial 2 finished with value: 0.009132498585543719 and parameters: {'lag_0': 0.0252184157122884, 'lag_1': 0.30823553876962495, 'lag_2': 0.2594904470748143, 'lag_3': 0.296787661800604, 'lag_4': 0.6773104469094564, 'lag_5': 0.22281828466976042, 'lag_6': 0.7443610948426447, 'lag_7': 0.41126177280965687, 'lag_8': 0.5830079055433065, 'lag_9': 0.8364619540269622, 'lag_10': 0.5040815837954337, 'lag_11': 0.5713487682160481, 'lag_12': 0.5676077802284506, 'lag_13': 0.7365190014109446, 'lag_14': 0.5056927299813381, 'lag_15': 0.9858212129220009, 'lag_16': 0.16392670995396239, 'lag_17': 0.8765266720816332, 'lag_18': 0.8063532364297711, 'lag_19': 0.961735149283308, 'lag_20': 0.6995118937966653, 'lag_21': 0.8891615540707146, 'lag_22': 0.6878587876033266, 'lag_23': 0.5821364267970403, 'lag_24': 0.041091390762809606, 'lag_25': 0.07398448984862124, 'lag_26': 0.1923326226392549, 'lag_27': 0.8605986254224578, 'lag_28': 0.536125500210955}. Best is trial 0 with value: 0.008745055300535362.
