[I 2025-09-29 12:52:44,885] Trial 61 finished with value: 0.004063932864785743 and parameters: {'lag_0': 0.20899328204166862, 'lag_1': 0.8423822873664911, 'lag_2': 0.05408636160387986, 'lag_3': 0.17107264794623162, 'lag_4': 0.3245741020081277, 'lag_5': 0.32040440761666655, 'lag_6': 0.7984566200669019, 'lag_7': 0.1083643983443081, 'lag_8': 0.601791381490191, 'lag_9': 0.7869884856566886, 'lag_10': 0.0834304162185953, 'lag_11': 0.5701242661077237, 'lag_12': 0.2016525335055803, 'lag_13': 0.9949818769696008, 'lag_14': 0.18808164579676562, 'lag_15': 0.001900268375135794, 'lag_16': 0.8898203681236542, 'lag_17': 0.8413677727203812, 'lag_18': 0.8937010094671319, 'lag_19': 0.2400625473969863, 'lag_20': 0.5796808755874858, 'lag_21': 0.8475327575316662, 'lag_22': 0.21211554598420085, 'lag_23': 0.5193116458358042, 'lag_24': 0.03682272035903015, 'lag_25': 0.09391517489942963, 'lag_26': 0.5702474332550884, 'lag_27': 0.9457003643208856, 'lag_28': 0.7100743923132673}. Best is trial 12 with value: 0.0034459599961916875.
[I 2025-09-29 12:52:47,371] Trial 62 finished with value: 0.004110657250962378 and parameters: {'lag_0': 0.36187180074050496, 'lag_1': 0.8998368551531493, 'lag_2': 0.1954871825270172, 'lag_3': 0.1094115689648171, 'lag_4': 0.2728714540951145, 'lag_5': 0.20739448873854865, 'lag_6': 0.30771804421978005, 'lag_7': 0.13955182180493714, 'lag_8': 0.9621060173159461, 'lag_9': 0.7559135660971431, 'lag_10': 0.0075259993041812134, 'lag_11': 0.0746789230291898, 'lag_12': 0.10743832279132186, 'lag_13': 0.8906076484499477, 'lag_14': 0.32111029757254916, 'lag_15': 0.5575975971318347, 'lag_16': 0.9450547258717131, 'lag_17': 0.9155297038104749, 'lag_18': 0.8540217670063766, 'lag_19': 0.3191896774087246, 'lag_20': 0.4653135559186712, 'lag_21': 0.7227663821972395, 'lag_22': 0.5924193227620804, 'lag_23': 0.39528726271619624, 'lag_24': 0.12361360893565365, 'lag_25': 0.04213906111837403, 'lag_26': 0.6608212090094691, 'lag_27': 0.8914580396239818, 'lag_28': 0.6542866626247829}. Best is trial 12 with value: 0.0034459599961916875.
[I 2025-09-29 12:52:49,885] Trial 63 finished with value: 0.004138561424476748 and parameters: {'lag_0': 0.1335600627605889, 'lag_1': 0.7078874795543997, 'lag_2': 0.1475991630083602, 'lag_3': 0.2696373107480644, 'lag_4': 0.1970719489325915, 'lag_5': 0.4013447503620485, 'lag_6': 0.7605687467191178, 'lag_7': 0.5425312690146966, 'lag_8': 0.6573319095860753, 'lag_9': 0.6465744826443277, 'lag_10': 0.1192252465894788, 'lag_11': 0.1832637587996402, 'lag_12': 0.17064403054623137, 'lag_13': 0.9538961873249036, 'lag_14': 0.29619711172165153, 'lag_15': 0.3582363259283024, 'lag_16': 0.9962615475500521, 'lag_17': 0.6741962445668676, 'lag_18': 0.9099355754011192, 'lag_19': 0.770904155153231, 'lag_20': 0.3566519885361689, 'lag_21': 0.8138568403881957, 'lag_22': 0.2769115713966333, 'lag_23': 0.4293185982931298, 'lag_24': 0.7531492012876699, 'lag_25': 0.06657140523187126, 'lag_26': 0.4943781831790472, 'lag_27': 0.7655467999345219, 'lag_28': 0.9014556037937905}. Best is trial 12 with value: 0.0034459599961916875.
[I 2025-09-29 12:52:52,383] Trial 64 finished with value: 0.004699512283862796 and parameters: {'lag_0': 0.30982243153888406, 'lag_1': 0.9989518202594347, 'lag_2': 0.059587403972706364, 'lag_3': 0.08381199004128694, 'lag_4': 0.16643789298831008, 'lag_5': 0.7271539436898142, 'lag_6': 0.9046278553130443, 'lag_7': 0.2500393653990719, 'lag_8': 0.481536761712299, 'lag_9': 0.8191721284464861, 'lag_10': 0.24003689135673958, 'lag_11': 0.6271828877763375, 'lag_12': 0.04921550954834733, 'lag_13': 0.8136832643845455, 'lag_14': 0.0106930175475968, 'lag_15': 0.776101496395323, 'lag_16': 0.8423992592762383, 'lag_17': 0.8085010924726932, 'lag_18': 0.9967375284481697, 'lag_19': 0.15165639500471412, 'lag_20': 0.3968488560396901, 'lag_21': 0.8677882938249477, 'lag_22': 0.9649902334265879, 'lag_23': 0.8308377068764317, 'lag_24': 0.08401764626161928, 'lag_25': 0.11464130579801503, 'lag_26': 0.5416159693260705, 'lag_27': 0.10155421531208769, 'lag_28': 0.5661537019821545}. Best is trial 12 with value: 0.0034459599961916875.
[I 2025-09-29 12:52:54,871] Trial 65 finished with value: 0.004511372402171035 and parameters: {'lag_0': 0.5414983971745335, 'lag_1': 0.8169452443190536, 'lag_2': 0.19545500495646684, 'lag_3': 0.03461645000812241, 'lag_4': 0.40924941725615505, 'lag_5': 0.9086346910968476, 'lag_6': 0.15217825261255274, 'lag_7': 0.16487912862902537, 'lag_8': 0.6949252109130484, 'lag_9': 0.9447339273264412, 'lag_10': 0.7193686949318605, 'lag_11': 0.9173575050967492, 'lag_12': 0.6979555451044512, 'lag_13': 0.8701042652904499, 'lag_14': 0.4571494294291042, 'lag_15': 0.49775378417101435, 'lag_16': 0.9194462089052398, 'lag_17': 0.005451565877984732, 'lag_18': 0.7854460396670792, 'lag_19': 0.0812008946969773, 'lag_20': 0.6631172340938571, 'lag_21': 0.7635881287943975, 'lag_22': 0.3630956763641271, 'lag_23': 0.0001775042743611746, 'lag_24': 0.37524783565112146, 'lag_25': 0.01678881306098573, 'lag_26': 0.5965025243065813, 'lag_27': 0.9649675058779403, 'lag_28': 0.7384614643188581}. Best is trial 12 with value: 0.0034459599961916875.
[I 2025-09-29 12:52:57,370] Trial 66 finished with value: 0.004516307716609404 and parameters: {'lag_0': 0.40795650640936365, 'lag_1': 0.7518100869690647, 'lag_2': 0.42363023632520946, 'lag_3': 0.6882866902463193, 'lag_4': 0.12513379946430617, 'lag_5': 0.858371894374108, 'lag_6': 0.8518964465099312, 'lag_7': 0.03520969179033502, 'lag_8': 0.1401826657801471, 'lag_9': 0.5071438571329219, 'lag_10': 0.05115848858807899, 'lag_11': 0.30606692911509153, 'lag_12': 0.2627544212836616, 'lag_13': 0.6607457445459919, 'lag_14': 0.5441954050695406, 'lag_15': 0.7086644145363599, 'lag_16': 0.5968074576804421, 'lag_17': 0.8742797008960873, 'lag_18': 0.9451999550174932, 'lag_19': 0.19421922215693896, 'lag_20': 0.6931033581424896, 'lag_21': 0.7054518601264888, 'lag_22': 0.47297900520714203, 'lag_23': 0.25556681052749153, 'lag_24': 0.3314120335757653, 'lag_25': 0.19447154329124117, 'lag_26': 0.40984456196703895, 'lag_27': 0.9150265377767662, 'lag_28': 0.8470986622094017}. Best is trial 12 with value: 0.0034459599961916875.
[I 2025-09-29 12:52:59,848] Trial 67 finished with value: 0.0045944074978892585 and parameters: {'lag_0': 0.7896990052331221, 'lag_1': 0.10913877882716372, 'lag_2': 0.096774299288888, 'lag_3': 0.8006757456674167, 'lag_4': 0.3522489603002613, 'lag_5': 0.8124251964322021, 'lag_6': 0.5898236051573149, 'lag_7': 0.20884581769522476, 'lag_8': 0.3883180453183046, 'lag_9': 0.8985065364612961, 'lag_10': 0.15102620581254, 'lag_11': 0.24087284143025345, 'lag_12': 0.7823328463643928, 'lag_13': 0.91159414000883, 'lag_14': 0.8116908770791751, 'lag_15': 0.942733466024133, 'lag_16': 0.036060067151086235, 'lag_17': 0.5088471522978213, 'lag_18': 0.7521212123539673, 'lag_19': 0.6046649713835655, 'lag_20': 0.7498096076243358, 'lag_21': 0.12689183729880982, 'lag_22': 0.33443006628808236, 'lag_23': 0.6103081793956436, 'lag_24': 0.20669541914890427, 'lag_25': 0.2484071018141409, 'lag_26': 0.08747395504562111, 'lag_27': 0.6987909722777595, 'lag_28': 0.80550649496145}. Best is trial 12 with value: 0.0034459599961916875.
[I 2025-09-29 12:53:02,346] Trial 68 finished with value: 0.004182267452054753 and parameters: {'lag_0': 0.24306498444559482, 'lag_1': 0.03782246748692345, 'lag_2': 0.925967644438548, 'lag_3': 0.7300384862936503, 'lag_4': 0.0007806365041700177, 'lag_5': 0.275394855437272, 'lag_6': 0.22952007666797872, 'lag_7': 0.7801981505720421, 'lag_8': 0.8266309520066168, 'lag_9': 0.5932075380434706, 'lag_10': 0.8719444901436941, 'lag_11': 0.3881466469925593, 'lag_12': 0.3621418130496441, 'lag_13': 0.9514282464009476, 'lag_14': 0.24667936302446836, 'lag_15': 0.5745521901254342, 'lag_16': 0.4693945443323273, 'lag_17': 0.22024009444261422, 'lag_18': 0.8676579801498862, 'lag_19': 0.28145298200713403, 'lag_20': 0.8629248832142895, 'lag_21': 0.6041123615486691, 'lag_22': 0.43276633622707805, 'lag_23': 0.7124858029452451, 'lag_24': 0.47089582815727266, 'lag_25': 0.15865122085488143, 'lag_26': 0.18759965370147574, 'lag_27': 0.1998355318394122, 'lag_28': 0.38210552455328844}. Best is trial 12 with value: 0.0034459599961916875.
[I 2025-09-29 12:53:04,850] Trial 69 finished with value: 0.003818960080556015 and parameters: {'lag_0': 0.29365376113096997, 'lag_1': 0.5019087102021236, 'lag_2': 0.5480679187002868, 'lag_3': 0.0035312785796637117, 'lag_4': 0.0888882699065306, 'lag_5': 0.20589381855151834, 'lag_6': 0.6710546124152854, 'lag_7': 0.28587562876799466, 'lag_8': 0.9235787787673142, 'lag_9': 0.7118091673445964, 'lag_10': 0.6197761214985444, 'lag_11': 0.16188201608397812, 'lag_12': 0.14347715303821734, 'lag_13': 0.045944865252925356, 'lag_14': 0.13735767961310097, 'lag_15': 0.3032198171351098, 'lag_16': 0.7168557749010899, 'lag_17': 0.936680246483959, 'lag_18': 0.8239173100179357, 'lag_19': 0.6707117139168477, 'lag_20': 0.32267270853352736, 'lag_21': 0.5403282136986858, 'lag_22': 0.18647596129012303, 'lag_23': 0.3554259285275788, 'lag_24': 0.4163901661813531, 'lag_25': 0.07719954809678434, 'lag_26': 0.35570004190128013, 'lag_27': 0.8277278083491517, 'lag_28': 0.7663937027055912}. Best is trial 12 with value: 0.0034459599961916875.
[I 2025-09-29 12:53:07,361] Trial 70 finished with value: 0.004347735146233255 and parameters: {'lag_0': 0.18649321305590666, 'lag_1': 0.4568605645169576, 'lag_2': 0.48614759332625057, 'lag_3': 0.01880369722264727, 'lag_4': 0.08373106385246198, 'lag_5': 0.059033235692756425, 'lag_6': 0.6778313363262329, 'lag_7': 0.35841063962250136, 'lag_8': 0.928577155770617, 'lag_9': 0.7405152439243099, 'lag_10': 0.555405856483683, 'lag_11': 0.8421764079091727, 'lag_12': 0.302897074642522, 'lag_13': 0.15507563537661154, 'lag_14': 0.5885261220802498, 'lag_15': 0.3022998941835642, 'lag_16': 0.5546320477727521, 'lag_17': 0.9396116384789357, 'lag_18': 0.6958443766021848, 'lag_19': 0.6627655496028582, 'lag_20': 0.3192376271760573, 'lag_21': 0.5308452772140528, 'lag_22': 0.1498938226169668, 'lag_23': 0.3537067239403011, 'lag_24': 0.42536577214320326, 'lag_25': 0.08016021128371399, 'lag_26': 0.3525240567281196, 'lag_27': 0.8678064132019879, 'lag_28': 0.7684565149757565}. Best is trial 12 with value: 0.0034459599961916875.
[I 2025-09-29 12:53:09,862] Trial 71 finished with value: 0.004404149973488455 and parameters: {'lag_0': 0.2908094193521699, 'lag_1': 0.4139239952663062, 'lag_2': 0.5417839279216056, 'lag_3': 0.07716715516479639, 'lag_4': 0.04787567870235458, 'lag_5': 0.20685990064777862, 'lag_6': 0.7447729799211558, 'lag_7': 0.39315466269153054, 'lag_8': 0.7434201241918978, 'lag_9': 0.6830659210977217, 'lag_10': 0.6228860007553132, 'lag_11': 0.07139578540432479, 'lag_12': 0.13855190617853286, 'lag_13': 0.10965787101322763, 'lag_14': 0.14815236695231454, 'lag_15': 0.20727857619946696, 'lag_16': 0.6829995752520619, 'lag_17': 0.8759387423303943, 'lag_18': 0.831847178398534, 'lag_19': 0.538671546839459, 'lag_20': 0.6124487392380527, 'lag_21': 0.3526334399402455, 'lag_22': 0.19798464487132741, 'lag_23': 0.18902192184338487, 'lag_24': 0.26857793208599556, 'lag_25': 0.11407149666204916, 'lag_26': 0.4413955605061441, 'lag_27': 0.8204450537079382, 'lag_28': 0.8406810134748786}. Best is trial 12 with value: 0.0034459599961916875.
[I 2025-09-29 12:53:12,348] Trial 72 finished with value: 0.004469810220828786 and parameters: {'lag_0': 0.36635921503149144, 'lag_1': 0.6734129832593577, 'lag_2': 0.6073073949628376, 'lag_3': 0.004918203846049504, 'lag_4': 0.252819020532715, 'lag_5': 0.15848604776232408, 'lag_6': 0.7866219312328228, 'lag_7': 0.29751214134701687, 'lag_8': 0.9734271740279247, 'lag_9': 0.7063423064041185, 'lag_10': 0.6854034807292871, 'lag_11': 0.1905243845834837, 'lag_12': 0.030530434805712842, 'lag_13': 0.0445953817339287, 'lag_14': 0.05085878914598935, 'lag_15': 0.3663253672937899, 'lag_16': 0.7225167774186207, 'lag_17': 0.2984061108736892, 'lag_18': 0.470047960422827, 'lag_19': 0.6888896346565967, 'lag_20': 0.4539185831597549, 'lag_21': 0.6462016196740396, 'lag_22': 0.08779944052747665, 'lag_23': 0.15750229159751397, 'lag_24': 0.5070849212799565, 'lag_25': 0.03579915705060061, 'lag_26': 0.507515091281345, 'lag_27': 0.8919258913200212, 'lag_28': 0.9233394336452835}. Best is trial 12 with value: 0.0034459599961916875.
[I 2025-09-29 12:53:14,842] Trial 73 finished with value: 0.004162574756082333 and parameters: {'lag_0': 0.8617285287026605, 'lag_1': 0.5056216018199104, 'lag_2': 0.2805208553004049, 'lag_3': 0.12343051688583506, 'lag_4': 0.11995718514203456, 'lag_5': 0.3593991053283615, 'lag_6': 0.00827944208232062, 'lag_7': 0.46189633664859664, 'lag_8': 0.9430923413984158, 'lag_9': 0.8225869820012172, 'lag_10': 0.6048453926577801, 'lag_11': 0.15791298395806636, 'lag_12': 0.21504006214136956, 'lag_13': 0.007445113260254266, 'lag_14': 0.1946087147547732, 'lag_15': 0.43651436667282895, 'lag_16': 0.7759076135410381, 'lag_17': 0.9548034010892088, 'lag_18': 0.7850202685520241, 'lag_19': 0.5806854411012983, 'lag_20': 0.40450980048964136, 'lag_21': 0.7672232873747146, 'lag_22': 0.2538684627841695, 'lag_23': 0.22107509601673125, 'lag_24': 0.3168878918383071, 'lag_25': 0.07282919958091255, 'lag_26': 0.41013078506763445, 'lag_27': 0.9973566011460918, 'lag_28': 0.004219007919648549}. Best is trial 12 with value: 0.0034459599961916875.
[I 2025-09-29 12:53:17,340] Trial 74 finished with value: 0.004141942049468214 and parameters: {'lag_0': 0.2653114785279095, 'lag_1': 0.2695092787251592, 'lag_2': 0.7887116755081385, 'lag_3': 0.46293778682048864, 'lag_4': 0.15893069401199986, 'lag_5': 0.24879234723916438, 'lag_6': 0.5588484262854453, 'lag_7': 0.2334546459039673, 'lag_8': 0.991142844163289, 'lag_9': 0.8511164299494937, 'lag_10': 0.5024068487820138, 'lag_11': 0.10422037310431503, 'lag_12': 0.07691807317488496, 'lag_13': 0.04124203404692375, 'lag_14': 0.14673118579832242, 'lag_15': 0.301526211565745, 'lag_16': 0.6416724578219682, 'lag_17': 0.3594657549506475, 'lag_18': 0.8784219409377851, 'lag_19': 0.6185363935933489, 'lag_20': 0.2624769480636564, 'lag_21': 0.6792123780234891, 'lag_22': 0.30164812100992583, 'lag_23': 0.46562712351493263, 'lag_24': 0.5550031877756373, 'lag_25': 0.0017331315590291543, 'lag_26': 0.34743746282128724, 'lag_27': 0.458237851056281, 'lag_28': 0.8858325884495721}. Best is trial 12 with value: 0.0034459599961916875.
[I 2025-09-29 12:53:19,807] Trial 75 finished with value: 0.003915062979908912 and parameters: {'lag_0': 0.14480498914022863, 'lag_1': 0.34027978616530763, 'lag_2': 0.7358866486282529, 'lag_3': 0.8522939994887102, 'lag_4': 0.21149454563865266, 'lag_5': 0.13261488556069886, 'lag_6': 0.6837769229544954, 'lag_7': 0.09223763073005797, 'lag_8': 0.8555243657874358, 'lag_9': 0.7132386967270274, 'lag_10': 0.659305118454443, 'lag_11': 0.014698510753101208, 'lag_12': 0.1859018748273341, 'lag_13': 0.22633912141784732, 'lag_14': 0.3847050747502147, 'lag_15': 0.25255785333335157, 'lag_16': 0.9619266159274675, 'lag_17': 0.09524330000135238, 'lag_18': 0.9654186873183261, 'lag_19': 0.396262221245154, 'lag_20': 0.576886688232846, 'lag_21': 0.8230497692640896, 'lag_22': 0.4155063741720134, 'lag_23': 0.28455582435126503, 'lag_24': 0.4043010008963721, 'lag_25': 0.13273928320621065, 'lag_26': 0.28676051931218444, 'lag_27': 0.9554835102210044, 'lag_28': 0.8163767773838132}. Best is trial 12 with value: 0.0034459599961916875.
[I 2025-09-29 12:53:22,284] Trial 76 finished with value: 0.00477759175774663 and parameters: {'lag_0': 0.21725277035836207, 'lag_1': 0.34481779423751024, 'lag_2': 0.8707686978818772, 'lag_3': 0.7559318675051463, 'lag_4': 0.20927553503165466, 'lag_5': 0.04856834316768929, 'lag_6': 0.6535266345149536, 'lag_7': 0.5148189102270865, 'lag_8': 0.8745718610373215, 'lag_9': 0.624000053355798, 'lag_10': 0.6465872295418083, 'lag_11': 0.4452391806205022, 'lag_12': 0.17041494803869514, 'lag_13': 0.19481790117643244, 'lag_14': 0.3944645011338779, 'lag_15': 0.26711447410868877, 'lag_16': 0.9608846587345438, 'lag_17': 0.15397459592158927, 'lag_18': 0.9541969888034125, 'lag_19': 0.7846626095425975, 'lag_20': 0.32997642929973015, 'lag_21': 0.8960039474253684, 'lag_22': 0.5236042257204558, 'lag_23': 0.2753520586906293, 'lag_24': 0.4069721175200521, 'lag_25': 0.2049527713109829, 'lag_26': 0.24588149526534778, 'lag_27': 0.9657875376881184, 'lag_28': 0.8196027910478202}. Best is trial 12 with value: 0.0034459599961916875.
[I 2025-09-29 12:53:24,750] Trial 77 finished with value: 0.004107795846632626 and parameters: {'lag_0': 0.15372569794726992, 'lag_1': 0.5485594373520526, 'lag_2': 0.7195620177457432, 'lag_3': 0.8504860728421545, 'lag_4': 0.10110121988018231, 'lag_5': 0.10190869718768877, 'lag_6': 0.6156257018388129, 'lag_7': 0.4309965774430594, 'lag_8': 0.9049090440464878, 'lag_9': 0.5669118851524346, 'lag_10': 0.7060891589318976, 'lag_11': 0.2798572784954295, 'lag_12': 0.2752981481641002, 'lag_13': 0.22167623586320434, 'lag_14': 0.3693870445461764, 'lag_15': 0.3174150842870348, 'lag_16': 0.725904784155303, 'lag_17': 0.026431160497900827, 'lag_18': 0.6341045802738714, 'lag_19': 0.3871914557442624, 'lag_20': 0.4903423747271573, 'lag_21': 0.5011698341171296, 'lag_22': 0.16386576810611636, 'lag_23': 0.33191815397235536, 'lag_24': 0.3485656839431795, 'lag_25': 0.17268163343533702, 'lag_26': 0.28887817929986326, 'lag_27': 0.4039312583609973, 'lag_28': 0.755487128351721}. Best is trial 12 with value: 0.0034459599961916875.
[I 2025-09-29 12:53:27,234] Trial 78 finished with value: 0.004297803645510939 and parameters: {'lag_0': 0.09583294043424456, 'lag_1': 0.28699346520005425, 'lag_2': 0.965485917357721, 'lag_3': 0.818137820201698, 'lag_4': 0.39808187479553075, 'lag_5': 0.18448741678808123, 'lag_6': 0.6949598994519646, 'lag_7': 0.16116749363060465, 'lag_8': 0.8077874863694856, 'lag_9': 0.6585981255338079, 'lag_10': 0.7837967853961045, 'lag_11': 0.002517346922809416, 'lag_12': 0.673416254702039, 'lag_13': 0.4963204599064071, 'lag_14': 0.626432948809853, 'lag_15': 0.20833597312590496, 'lag_16': 0.5221337493607056, 'lag_17': 0.09605697376879913, 'lag_18': 0.08561551710247722, 'lag_19': 0.47943004583466864, 'lag_20': 0.5636165100122783, 'lag_21': 0.9422984965793825, 'lag_22': 0.5758720516973534, 'lag_23': 0.3999216279667381, 'lag_24': 0.45490444178343165, 'lag_25': 0.13425711489677652, 'lag_26': 0.29562969936454025, 'lag_27': 0.32755158848031496, 'lag_28': 0.7150798414855515}. Best is trial 12 with value: 0.0034459599961916875.
[I 2025-09-29 12:53:29,730] Trial 79 finished with value: 0.0039139545109517565 and parameters: {'lag_0': 0.05614474443586971, 'lag_1': 0.3256204970859531, 'lag_2': 0.6642920353841115, 'lag_3': 0.5271430945355248, 'lag_4': 0.29880922397253296, 'lag_5': 0.1112064929242188, 'lag_6': 0.6079536875348122, 'lag_7': 0.5791249617725587, 'lag_8': 0.8654204026311373, 'lag_9': 0.7085521393124208, 'lag_10': 0.5794503704959563, 'lag_11': 0.16863764748716487, 'lag_12': 0.3435246702966339, 'lag_13': 0.13259886299337373, 'lag_14': 0.33009734568899884, 'lag_15': 0.37190122980400675, 'lag_16': 0.8204414868607613, 'lag_17': 0.26212116262328433, 'lag_18': 0.7257123892281981, 'lag_19': 0.7301871768837923, 'lag_20': 0.6453273943217008, 'lag_21': 0.8170211789598878, 'lag_22': 0.39785376748870316, 'lag_23': 0.2924149251686117, 'lag_24': 0.5163861509040044, 'lag_25': 0.05045552863733184, 'lag_26': 0.20251862070183788, 'lag_27': 0.49804613668185777, 'lag_28': 0.9504623078977891}. Best is trial 12 with value: 0.0034459599961916875.
[I 2025-09-29 12:53:32,212] Trial 80 finished with value: 0.003994908364156991 and parameters: {'lag_0': 0.04597020458191636, 'lag_1': 0.22156489417440375, 'lag_2': 0.6835096646739222, 'lag_3': 0.5255359168818305, 'lag_4': 0.3002252728372494, 'lag_5': 0.0034028423947928266, 'lag_6': 0.6045510480467581, 'lag_7': 0.5792441068171182, 'lag_8': 0.8561708729865025, 'lag_9': 0.7131473056556707, 'lag_10': 0.5159451365223466, 'lag_11': 0.22796440927225553, 'lag_12': 0.40931550818631135, 'lag_13': 0.15328915522510003, 'lag_14': 0.34932751615624297, 'lag_15': 0.23680515293685467, 'lag_16': 0.8647018665207059, 'lag_17': 0.10350502081366211, 'lag_18': 0.5607018331479444, 'lag_19': 0.7333353695142331, 'lag_20': 0.4241748367624592, 'lag_21': 0.8180271075839395, 'lag_22': 0.21449771494836015, 'lag_23': 0.28958709992061904, 'lag_24': 0.5967239735643326, 'lag_25': 0.27407486894278393, 'lag_26': 0.1373626015783883, 'lag_27': 0.582307166120773, 'lag_28': 0.9519158734469663}. Best is trial 12 with value: 0.0034459599961916875.
[I 2025-09-29 12:53:34,702] Trial 81 finished with value: 0.0038348856982370247 and parameters: {'lag_0': 0.15343408864765617, 'lag_1': 0.3169223190395156, 'lag_2': 0.35886849125291614, 'lag_3': 0.7772952787496703, 'lag_4': 0.2973816710176977, 'lag_5': 0.07366837301601986, 'lag_6': 0.5557283350228874, 'lag_7': 0.8670358431588219, 'lag_8': 0.9195684645175702, 'lag_9': 0.6942225641153249, 'lag_10': 0.5750112807074735, 'lag_11': 0.2525571467090244, 'lag_12': 0.3697587605673631, 'lag_13': 0.11149425494062995, 'lag_14': 0.28522219277840716, 'lag_15': 0.3384060385057138, 'lag_16': 0.8133935011985065, 'lag_17': 0.2709989891787668, 'lag_18': 0.7330088965144961, 'lag_19': 0.40873900524783247, 'lag_20': 0.6831585694281077, 'lag_21': 0.8620994224570053, 'lag_22': 0.41196251204730633, 'lag_23': 0.3686810692124443, 'lag_24': 0.3683430766151897, 'lag_25': 0.09824877110296308, 'lag_26': 0.1987143850018304, 'lag_27': 0.5341310192846039, 'lag_28': 0.8554780351637002}. Best is trial 12 with value: 0.0034459599961916875.
