[I 2025-09-29 11:54:20,948] Trial 61 finished with value: 0.01084383618578999 and parameters: {'lag_0': 0.9997542657389298, 'lag_1': 0.8515354663393474, 'lag_2': 0.10733858658038956, 'lag_3': 0.7756514118573427, 'lag_4': 0.6234231052485164, 'lag_5': 0.9009905551810926, 'lag_6': 0.7720630164666286, 'lag_7': 0.6341969204745584, 'lag_8': 0.020023143735894654, 'lag_9': 0.4707335318527184, 'lag_10': 0.9031829953892699, 'lag_11': 0.2495635221520039, 'lag_12': 0.9106204854292341, 'lag_13': 0.13853815426685864, 'lag_14': 0.032404376235476734, 'lag_15': 0.05853483925582115, 'lag_16': 0.6963002616624783, 'lag_17': 0.07858680033108473, 'lag_18': 0.14482205196726627, 'lag_19': 0.20844742497521193, 'lag_20': 0.4583542213607828, 'lag_21': 0.4211565016295976, 'lag_22': 0.8699220049461212, 'lag_23': 0.06225393420911538, 'lag_24': 0.9268817515046449, 'lag_25': 0.5962078369977789, 'lag_26': 0.3609053121361389, 'lag_27': 0.39833424841663395, 'lag_28': 0.8841968257343923}. Best is trial 1 with value: 0.010060723097495226.
[I 2025-09-29 11:54:23,309] Trial 62 finished with value: 0.01084445463260479 and parameters: {'lag_0': 0.8896607327751908, 'lag_1': 0.8209562961450828, 'lag_2': 0.08477646429468483, 'lag_3': 0.8508630799576954, 'lag_4': 0.7390982767983383, 'lag_5': 0.9562395213419801, 'lag_6': 0.8243327275924984, 'lag_7': 0.6593632414247634, 'lag_8': 0.015206174470795189, 'lag_9': 0.9982301169089273, 'lag_10': 0.7133260904910412, 'lag_11': 0.20156698468832102, 'lag_12': 0.6318891512855147, 'lag_13': 0.1924522433153619, 'lag_14': 0.11343322579064874, 'lag_15': 0.554292745806125, 'lag_16': 0.6611771919033336, 'lag_17': 0.17184826647235985, 'lag_18': 0.25008691835582697, 'lag_19': 0.23203242349909367, 'lag_20': 0.40562593777369943, 'lag_21': 0.33874563312809186, 'lag_22': 0.9622430619002149, 'lag_23': 0.131931315608778, 'lag_24': 0.8876351991276741, 'lag_25': 0.5770985883107482, 'lag_26': 0.3699684812659076, 'lag_27': 0.6331788907941478, 'lag_28': 0.9126824910831453}. Best is trial 1 with value: 0.010060723097495226.
[I 2025-09-29 11:54:25,663] Trial 63 finished with value: 0.01057783587430496 and parameters: {'lag_0': 0.5315915460754608, 'lag_1': 0.9512447234156827, 'lag_2': 0.0005282975124390465, 'lag_3': 0.6140624726765643, 'lag_4': 0.5839728419698413, 'lag_5': 0.9532692977526874, 'lag_6': 0.8642781383572045, 'lag_7': 0.5222623793421619, 'lag_8': 0.11917394321452429, 'lag_9': 0.3602647764073341, 'lag_10': 0.3864505142968848, 'lag_11': 0.34707524676016294, 'lag_12': 0.69657382595362, 'lag_13': 0.15822797859078774, 'lag_14': 0.041796046353360955, 'lag_15': 0.4305934454220774, 'lag_16': 0.3168558448823735, 'lag_17': 0.13975569301262503, 'lag_18': 0.29163299035714496, 'lag_19': 0.15230180376257366, 'lag_20': 0.591456719914099, 'lag_21': 0.47670571273254775, 'lag_22': 0.02635544817777837, 'lag_23': 0.21085690330101026, 'lag_24': 0.8323469064895953, 'lag_25': 0.5017250959027755, 'lag_26': 0.2283816159347609, 'lag_27': 0.4231513427333089, 'lag_28': 0.7962390083623011}. Best is trial 1 with value: 0.010060723097495226.
[I 2025-09-29 11:54:28,022] Trial 64 finished with value: 0.010382666845380492 and parameters: {'lag_0': 0.9530337900714508, 'lag_1': 0.7462721130402652, 'lag_2': 0.7697505693887974, 'lag_3': 0.9552159527895667, 'lag_4': 0.43372218695926434, 'lag_5': 0.9861334034275387, 'lag_6': 0.7947279817967696, 'lag_7': 0.5942276984428451, 'lag_8': 0.0648322412616936, 'lag_9': 0.9100753943080532, 'lag_10': 0.04993952907815841, 'lag_11': 0.3021980546484653, 'lag_12': 0.5058506076611251, 'lag_13': 0.09317928253077623, 'lag_14': 0.09400045063629421, 'lag_15': 0.4917897610381422, 'lag_16': 0.7692497416276464, 'lag_17': 0.09123791864660111, 'lag_18': 0.7641944007547393, 'lag_19': 0.3353301531970167, 'lag_20': 0.6766974407402041, 'lag_21': 0.5343173518406069, 'lag_22': 0.6337874927721151, 'lag_23': 0.002520070742352216, 'lag_24': 0.7224727322620057, 'lag_25': 0.6883116612031681, 'lag_26': 0.6053706243133181, 'lag_27': 0.5549720606026273, 'lag_28': 0.5595600149093695}. Best is trial 1 with value: 0.010060723097495226.
[I 2025-09-29 11:54:30,385] Trial 65 finished with value: 0.010533459758025773 and parameters: {'lag_0': 0.8703728019960101, 'lag_1': 0.8011027215019499, 'lag_2': 0.7058612464353576, 'lag_3': 0.8885535841814528, 'lag_4': 0.5072846007149125, 'lag_5': 0.7816415492192151, 'lag_6': 0.7581790017387571, 'lag_7': 0.17485167999844448, 'lag_8': 0.10963294474352002, 'lag_9': 0.7224856866900308, 'lag_10': 0.46855055419543534, 'lag_11': 0.3895092499359872, 'lag_12': 0.8152519494664385, 'lag_13': 0.24565185717370555, 'lag_14': 0.3722839713871281, 'lag_15': 0.6215490172700358, 'lag_16': 0.6234303893752434, 'lag_17': 0.6443473156617928, 'lag_18': 0.38000897092834685, 'lag_19': 0.40324559033455254, 'lag_20': 0.475166116060771, 'lag_21': 0.37137487838735816, 'lag_22': 0.783025430407342, 'lag_23': 0.06452786799173907, 'lag_24': 0.786766092473969, 'lag_25': 0.5477353838949338, 'lag_26': 0.6859715364548686, 'lag_27': 0.1759899644390085, 'lag_28': 0.882565412694433}. Best is trial 1 with value: 0.010060723097495226.
[I 2025-09-29 11:54:32,746] Trial 66 finished with value: 0.010727432194543226 and parameters: {'lag_0': 0.9054408958557825, 'lag_1': 0.38003337788678615, 'lag_2': 0.6486908927513544, 'lag_3': 0.813799128817493, 'lag_4': 0.6434484406021815, 'lag_5': 0.04058591765773906, 'lag_6': 0.657311180329835, 'lag_7': 0.6845950436996615, 'lag_8': 0.0026427795064659643, 'lag_9': 0.11161542854845137, 'lag_10': 0.2844346115195823, 'lag_11': 0.09898357194606822, 'lag_12': 0.5987866581066782, 'lag_13': 0.005595758691681968, 'lag_14': 0.4663408618178572, 'lag_15': 0.5785280152290124, 'lag_16': 0.5755902973444037, 'lag_17': 0.02708157950863234, 'lag_18': 0.036464102954502184, 'lag_19': 0.4585920371649222, 'lag_20': 0.30264876333218205, 'lag_21': 0.425471869463377, 'lag_22': 0.7069612861855983, 'lag_23': 0.34005822415020226, 'lag_24': 0.49143135100329677, 'lag_25': 0.5979828473522105, 'lag_26': 0.43822951020946943, 'lag_27': 0.48647984472230676, 'lag_28': 0.6464251690742739}. Best is trial 1 with value: 0.010060723097495226.
[I 2025-09-29 11:54:35,100] Trial 67 finished with value: 0.010549772183134456 and parameters: {'lag_0': 0.7475242486895344, 'lag_1': 0.9939662136872812, 'lag_2': 0.4119446292255256, 'lag_3': 0.2900490516052576, 'lag_4': 0.6856368567545355, 'lag_5': 0.9166740821491676, 'lag_6': 0.7013878414569511, 'lag_7': 0.22471539639738938, 'lag_8': 0.9989635003080956, 'lag_9': 0.9142920737512196, 'lag_10': 0.1492200232018903, 'lag_11': 0.24671233941039658, 'lag_12': 0.7343553318309967, 'lag_13': 0.20716510973134872, 'lag_14': 0.13958361839452837, 'lag_15': 0.9103058072418638, 'lag_16': 0.6761464956907508, 'lag_17': 0.5457243578202255, 'lag_18': 0.07942409414509254, 'lag_19': 0.2773510047039398, 'lag_20': 0.3614449958426083, 'lag_21': 0.9961546299725019, 'lag_22': 0.4955216160634567, 'lag_23': 0.1767676823625859, 'lag_24': 0.6619271771556149, 'lag_25': 0.4692431461999974, 'lag_26': 0.30886147393009145, 'lag_27': 0.42269879075832795, 'lag_28': 0.16985505707853185}. Best is trial 1 with value: 0.010060723097495226.
[I 2025-09-29 11:54:37,453] Trial 68 finished with value: 0.010298892726084297 and parameters: {'lag_0': 0.9703878583033604, 'lag_1': 0.6303853289198479, 'lag_2': 0.5923717858113585, 'lag_3': 0.21213706670908822, 'lag_4': 0.2797607978245666, 'lag_5': 0.5352284301687793, 'lag_6': 0.8344965221496227, 'lag_7': 0.641744906523755, 'lag_8': 0.8796565669615996, 'lag_9': 0.07635567209801682, 'lag_10': 0.6258225080127028, 'lag_11': 0.294671140141304, 'lag_12': 0.6570430250006949, 'lag_13': 0.92538827773805, 'lag_14': 0.2123428222077932, 'lag_15': 0.681532836438175, 'lag_16': 0.051564194266192354, 'lag_17': 0.19238438323460394, 'lag_18': 0.12304360832426643, 'lag_19': 0.19557677362478593, 'lag_20': 0.4336943914425649, 'lag_21': 0.6389578782898783, 'lag_22': 0.18934080022248617, 'lag_23': 0.6558393201234248, 'lag_24': 0.9579818770506914, 'lag_25': 0.731752748519799, 'lag_26': 0.7186456255520672, 'lag_27': 0.3329559245966899, 'lag_28': 0.3485207830200762}. Best is trial 1 with value: 0.010060723097495226.
[I 2025-09-29 11:54:39,809] Trial 69 finished with value: 0.010300322425988778 and parameters: {'lag_0': 0.45139534714588686, 'lag_1': 0.8404400351221111, 'lag_2': 0.5158460708152568, 'lag_3': 0.12408886117232432, 'lag_4': 0.6189179380186164, 'lag_5': 0.8660868764882887, 'lag_6': 0.8985467215244974, 'lag_7': 0.11381987816458344, 'lag_8': 0.4862978220165875, 'lag_9': 0.22555562283946035, 'lag_10': 0.5949428359117197, 'lag_11': 0.21929946424003255, 'lag_12': 0.24520923429345634, 'lag_13': 0.12720012354667393, 'lag_14': 0.29799886523227603, 'lag_15': 0.5332785037191258, 'lag_16': 0.8297041241945446, 'lag_17': 0.9995489351509532, 'lag_18': 0.15790256027892116, 'lag_19': 0.09021922553867469, 'lag_20': 0.5120052307643614, 'lag_21': 0.5149393395303121, 'lag_22': 0.41894838968997, 'lag_23': 0.2560235411475827, 'lag_24': 0.9077994687331711, 'lag_25': 0.2706556615958707, 'lag_26': 0.14187393458780026, 'lag_27': 0.2898609496699476, 'lag_28': 0.4178690930465181}. Best is trial 1 with value: 0.010060723097495226.
[I 2025-09-29 11:54:42,163] Trial 70 finished with value: 0.010503823471096355 and parameters: {'lag_0': 0.6027194748303826, 'lag_1': 0.7112246060392904, 'lag_2': 0.9120710171137874, 'lag_3': 0.24991017729181902, 'lag_4': 0.7756754699301527, 'lag_5': 0.13981147395119856, 'lag_6': 0.540279274587705, 'lag_7': 0.310783050695833, 'lag_8': 0.6712927682383445, 'lag_9': 0.7838501574623411, 'lag_10': 0.5330621057322803, 'lag_11': 0.03841264336649841, 'lag_12': 0.4581870837303631, 'lag_13': 0.2805644075015448, 'lag_14': 0.9075875032507554, 'lag_15': 0.9670212962175526, 'lag_16': 0.7467980443365605, 'lag_17': 0.7218238024986758, 'lag_18': 0.03733966638108241, 'lag_19': 0.2194718205572262, 'lag_20': 0.2722182670196987, 'lag_21': 0.39851456455784895, 'lag_22': 0.14851269371998677, 'lag_23': 0.8310024391574087, 'lag_24': 0.54165332166908, 'lag_25': 0.7864579160803029, 'lag_26': 0.046516328557072995, 'lag_27': 0.24137560936694322, 'lag_28': 0.7001533283252486}. Best is trial 1 with value: 0.010060723097495226.
[I 2025-09-29 11:54:44,517] Trial 71 finished with value: 0.010027980199600394 and parameters: {'lag_0': 0.9722926584992053, 'lag_1': 0.8944350074550199, 'lag_2': 0.1890094000325039, 'lag_3': 0.7202603536824049, 'lag_4': 0.8103105021934328, 'lag_5': 0.8342859942523286, 'lag_6': 0.5934658642921428, 'lag_7': 0.6005974482113846, 'lag_8': 0.2524898332333716, 'lag_9': 0.8893147155868202, 'lag_10': 0.9520318414040412, 'lag_11': 0.17110360202464148, 'lag_12': 0.3266876289296373, 'lag_13': 0.3910675376128777, 'lag_14': 0.03982380804030371, 'lag_15': 0.5884378014217062, 'lag_16': 0.695364233891881, 'lag_17': 0.04822185293459382, 'lag_18': 0.1909118529069122, 'lag_19': 0.5065600978120969, 'lag_20': 0.5524145052844763, 'lag_21': 0.42526533162225433, 'lag_22': 0.8495185270809571, 'lag_23': 0.10488669445651462, 'lag_24': 0.813689804510732, 'lag_25': 0.6356663093798995, 'lag_26': 0.5119099252481526, 'lag_27': 0.46556779316413066, 'lag_28': 0.8310803540883727}. Best is trial 71 with value: 0.010027980199600394.
[I 2025-09-29 11:54:46,995] Trial 72 finished with value: 0.01037076848094457 and parameters: {'lag_0': 0.9285586309939609, 'lag_1': 0.9049086753354393, 'lag_2': 0.29204267963048797, 'lag_3': 0.7563231913120467, 'lag_4': 0.8962440516391267, 'lag_5': 0.09234368667134565, 'lag_6': 0.490291456844084, 'lag_7': 0.595627728827028, 'lag_8': 0.26507015361388775, 'lag_9': 0.8704521264831302, 'lag_10': 0.9852793313192176, 'lag_11': 0.187735578874051, 'lag_12': 0.4314230702415901, 'lag_13': 0.39758019091686636, 'lag_14': 0.009655014370993031, 'lag_15': 0.6433368345446245, 'lag_16': 0.6909707959370862, 'lag_17': 0.10178801391639644, 'lag_18': 0.1080884834436121, 'lag_19': 0.4248976778399572, 'lag_20': 0.5584895457787399, 'lag_21': 0.4636652072135779, 'lag_22': 0.9165510501992645, 'lag_23': 0.03879262667273792, 'lag_24': 0.7352891953986449, 'lag_25': 0.6274403042536535, 'lag_26': 0.5029228237246056, 'lag_27': 0.5133758437353143, 'lag_28': 0.7766323327386961}. Best is trial 71 with value: 0.010027980199600394.
[I 2025-09-29 11:54:49,366] Trial 73 finished with value: 0.010242806988798472 and parameters: {'lag_0': 0.9877512458991764, 'lag_1': 0.9566928027546355, 'lag_2': 0.2122381280616546, 'lag_3': 0.6948977655831202, 'lag_4': 0.7165690977206485, 'lag_5': 0.9288303001171937, 'lag_6': 0.5681465739952167, 'lag_7': 0.7302305771873298, 'lag_8': 0.20082292899880078, 'lag_9': 0.8856374734109757, 'lag_10': 0.9472779154042686, 'lag_11': 0.27473321768168785, 'lag_12': 0.3285445499385001, 'lag_13': 0.463998174660971, 'lag_14': 0.09403722804677986, 'lag_15': 0.6014573508184067, 'lag_16': 0.7517460089128412, 'lag_17': 0.052868339132093795, 'lag_18': 0.18242915021891362, 'lag_19': 0.4965298497179931, 'lag_20': 0.6042190770439354, 'lag_21': 0.3493248833425105, 'lag_22': 0.7992894446262704, 'lag_23': 0.09786006735725022, 'lag_24': 0.8594485724643556, 'lag_25': 0.678522285652942, 'lag_26': 0.5894639574225082, 'lag_27': 0.37464389988605834, 'lag_28': 0.8614593089484317}. Best is trial 71 with value: 0.010027980199600394.
[I 2025-09-29 11:54:51,736] Trial 74 finished with value: 0.010590564103099324 and parameters: {'lag_0': 0.8693500997307184, 'lag_1': 0.8511125346300528, 'lag_2': 0.010612246695661546, 'lag_3': 0.8532415304442226, 'lag_4': 0.9588762320121352, 'lag_5': 0.8516044138319802, 'lag_6': 0.7159118554806326, 'lag_7': 0.7052040909926107, 'lag_8': 0.05078137575230711, 'lag_9': 0.031691836251273094, 'lag_10': 0.8949701565633829, 'lag_11': 0.12113924052978296, 'lag_12': 0.15984525330469088, 'lag_13': 0.317733550523279, 'lag_14': 0.1513956314938471, 'lag_15': 0.44882367034111714, 'lag_16': 0.38697840417308926, 'lag_17': 0.07713572647641691, 'lag_18': 0.07289765005523322, 'lag_19': 0.7223813406932464, 'lag_20': 0.6582375064926076, 'lag_21': 0.5611292767084061, 'lag_22': 0.876010392568936, 'lag_23': 0.139934605438931, 'lag_24': 0.8087242799537927, 'lag_25': 0.8427250583748762, 'lag_26': 0.5385026709480321, 'lag_27': 0.5895549620483764, 'lag_28': 0.9636682157476477}. Best is trial 71 with value: 0.010027980199600394.
[I 2025-09-29 11:54:54,102] Trial 75 finished with value: 0.010429687521473462 and parameters: {'lag_0': 0.37292552652170385, 'lag_1': 0.8745507697939083, 'lag_2': 0.12112278540351305, 'lag_3': 0.6479494771265811, 'lag_4': 0.7454448876974752, 'lag_5': 0.888874565446803, 'lag_6': 0.6615337219125599, 'lag_7': 0.5201618312449858, 'lag_8': 0.9600105763134117, 'lag_9': 0.9265223133246072, 'lag_10': 0.9572523878254657, 'lag_11': 0.0784561897635351, 'lag_12': 0.3965100648715979, 'lag_13': 0.3846501497644126, 'lag_14': 0.05000031029168377, 'lag_15': 0.5378630243840714, 'lag_16': 0.5530983167666544, 'lag_17': 0.030163455564227504, 'lag_18': 0.5436517389141278, 'lag_19': 0.2719731603175924, 'lag_20': 0.5567439384227814, 'lag_21': 0.28702617624155463, 'lag_22': 0.1043545452518101, 'lag_23': 0.18754509294292485, 'lag_24': 0.8384987989717013, 'lag_25': 0.5356985387221423, 'lag_26': 0.6585175860780268, 'lag_27': 0.45040901752543855, 'lag_28': 0.2239483860576215}. Best is trial 71 with value: 0.010027980199600394.
[I 2025-09-29 11:54:56,466] Trial 76 finished with value: 0.010238229559153567 and parameters: {'lag_0': 0.8124461511032058, 'lag_1': 0.9145194813205968, 'lag_2': 0.46185792709850715, 'lag_3': 0.7905679494870698, 'lag_4': 0.7918779686471392, 'lag_5': 0.967181856232292, 'lag_6': 0.6087885433542958, 'lag_7': 0.16766147631430472, 'lag_8': 0.08512411437903437, 'lag_9': 0.8326431297693292, 'lag_10': 0.48383746764311547, 'lag_11': 0.16610372674395546, 'lag_12': 0.25338974295658007, 'lag_13': 0.4389432206461003, 'lag_14': 0.984419294294526, 'lag_15': 0.6660849016107866, 'lag_16': 0.6501984545267719, 'lag_17': 0.8577446307727864, 'lag_18': 0.12461399599823225, 'lag_19': 0.00639728536917239, 'lag_20': 0.3835628455569886, 'lag_21': 0.38944313846251, 'lag_22': 0.7421421032372143, 'lag_23': 0.9648004484284441, 'lag_24': 0.7056812810761179, 'lag_25': 0.08211833682919242, 'lag_26': 0.38971933335177406, 'lag_27': 0.46695711310803206, 'lag_28': 0.03163511523254475}. Best is trial 71 with value: 0.010027980199600394.
[I 2025-09-29 11:54:58,836] Trial 77 finished with value: 0.010580116050950427 and parameters: {'lag_0': 0.21290576973124675, 'lag_1': 0.7923153136590355, 'lag_2': 0.8701926968657466, 'lag_3': 0.915787706387851, 'lag_4': 0.8219758764196793, 'lag_5': 0.45027197265362967, 'lag_6': 0.3980752768679513, 'lag_7': 0.6244372729508747, 'lag_8': 0.4488408847116835, 'lag_9': 0.16186826285922032, 'lag_10': 0.8736423570631133, 'lag_11': 0.347279812224258, 'lag_12': 0.52803048375766, 'lag_13': 0.17735035466139232, 'lag_14': 0.1214047188176359, 'lag_15': 0.7294330503099271, 'lag_16': 0.8857197816498679, 'lag_17': 0.29302009274324264, 'lag_18': 0.23284948920469045, 'lag_19': 0.3048719449715761, 'lag_20': 0.5023441569234001, 'lag_21': 0.4344035450942922, 'lag_22': 0.9418588400262069, 'lag_23': 0.46293798294384203, 'lag_24': 0.8981431966035608, 'lag_25': 0.5775836486398759, 'lag_26': 0.4307961562035554, 'lag_27': 0.531332071510956, 'lag_28': 0.800784949539046}. Best is trial 71 with value: 0.010027980199600394.
[I 2025-09-29 11:55:01,193] Trial 78 finished with value: 0.010473119094393973 and parameters: {'lag_0': 0.1404961199461258, 'lag_1': 0.829806568243335, 'lag_2': 0.8221766436888308, 'lag_3': 0.9571218970814068, 'lag_4': 0.14336189833775081, 'lag_5': 0.7927960430993735, 'lag_6': 0.8137489505824028, 'lag_7': 0.26978564329629556, 'lag_8': 0.9053785544811752, 'lag_9': 0.2828110207352521, 'lag_10': 0.8109349105420955, 'lag_11': 0.22593856913841925, 'lag_12': 0.3454204818945566, 'lag_13': 0.36283544997368966, 'lag_14': 0.8782401505834626, 'lag_15': 0.8666221253047571, 'lag_16': 0.45154213941817584, 'lag_17': 0.002845467791839043, 'lag_18': 0.026438883638205016, 'lag_19': 0.3667531206452923, 'lag_20': 0.7057796877673582, 'lag_21': 0.48505910431454635, 'lag_22': 0.6596490066563487, 'lag_23': 0.08524143587279825, 'lag_24': 0.4531295800168874, 'lag_25': 0.6115060816057973, 'lag_26': 0.5287230464020551, 'lag_27': 0.41351980375890973, 'lag_28': 0.5064451905855362}. Best is trial 71 with value: 0.010027980199600394.
[I 2025-09-29 11:55:03,549] Trial 79 finished with value: 0.010158535485516668 and parameters: {'lag_0': 0.0817802780815731, 'lag_1': 0.7785849310750058, 'lag_2': 0.37278558468745737, 'lag_3': 0.7371317028048477, 'lag_4': 0.687412876979002, 'lag_5': 0.8361999433109706, 'lag_6': 0.74473012906045, 'lag_7': 0.3280575561462045, 'lag_8': 0.12821650119170516, 'lag_9': 0.6323286821379548, 'lag_10': 0.9216958553447085, 'lag_11': 0.2736093335426322, 'lag_12': 0.2979365197042284, 'lag_13': 0.26476042552673795, 'lag_14': 0.028762978311636347, 'lag_15': 0.9195286866693423, 'lag_16': 0.787985256269249, 'lag_17': 0.362291808722532, 'lag_18': 0.18957313023608843, 'lag_19': 0.16130540871179294, 'lag_20': 0.7949789777538847, 'lag_21': 0.5023144031566297, 'lag_22': 0.858645986628691, 'lag_23': 0.3959097191993486, 'lag_24': 0.23712394698328862, 'lag_25': 0.6495076140986243, 'lag_26': 0.26344648728202913, 'lag_27': 0.366599204106207, 'lag_28': 0.6113763388606198}. Best is trial 71 with value: 0.010027980199600394.
[I 2025-09-29 11:55:05,907] Trial 80 finished with value: 0.010089139643417643 and parameters: {'lag_0': 0.09496911178621202, 'lag_1': 0.7586513640925665, 'lag_2': 0.3279273837426048, 'lag_3': 0.4724593537469722, 'lag_4': 0.8732496659743402, 'lag_5': 0.6715754942774994, 'lag_6': 0.6723817820933559, 'lag_7': 0.34173640650738996, 'lag_8': 0.12376591150318286, 'lag_9': 0.6246680016255053, 'lag_10': 0.919215791656838, 'lag_11': 0.025557874265148352, 'lag_12': 0.308864268419835, 'lag_13': 0.5422667629725196, 'lag_14': 0.9388324638099766, 'lag_15': 0.9311064155894084, 'lag_16': 0.8150318312124126, 'lag_17': 0.3710016678299662, 'lag_18': 0.19150937477600688, 'lag_19': 0.15522049076003258, 'lag_20': 0.7784397635495188, 'lag_21': 0.5109241580163215, 'lag_22': 0.5430601856848334, 'lag_23': 0.40240235168860045, 'lag_24': 0.12316382984961594, 'lag_25': 0.7262032468138068, 'lag_26': 0.20654318494531826, 'lag_27': 0.7522136121090472, 'lag_28': 0.5972750463621408}. Best is trial 71 with value: 0.010027980199600394.
[I 2025-09-29 11:55:08,260] Trial 81 finished with value: 0.010270174854781685 and parameters: {'lag_0': 0.10521028989283912, 'lag_1': 0.7515631293089283, 'lag_2': 0.346585866418905, 'lag_3': 0.468841832416415, 'lag_4': 0.8770929035671802, 'lag_5': 0.8317879697204595, 'lag_6': 0.671584733221345, 'lag_7': 0.38310319702500184, 'lag_8': 0.1331360218412838, 'lag_9': 0.6359609648084082, 'lag_10': 0.8399369013096987, 'lag_11': 0.044899828314565654, 'lag_12': 0.21001756068056132, 'lag_13': 0.5911949853896308, 'lag_14': 0.9361934939304936, 'lag_15': 0.9236199527529168, 'lag_16': 0.8181625724726023, 'lag_17': 0.3807496006053411, 'lag_18': 0.18550263551481289, 'lag_19': 0.1430736298098015, 'lag_20': 0.7985538927402018, 'lag_21': 0.5077259015532045, 'lag_22': 0.5532556839087488, 'lag_23': 0.39040769360385574, 'lag_24': 0.16665771258898987, 'lag_25': 0.7274129592493644, 'lag_26': 0.24496369193456083, 'lag_27': 0.9001368995695324, 'lag_28': 0.5737679734721199}. Best is trial 71 with value: 0.010027980199600394.
