[I 2025-10-03 11:33:34,639] Trial 54 finished with values: [0.0, 0.007152210648714146, 0.00115425459168, 0.002438091917545984, 0.0015057199515138033, 0.003484066617185371, 0.004079165349611867, 0.002786626385744925, 0.001760883044309651, 0.002092126667800434, 0.015915884788672757, 0.04808325409435957, 5.236726852484004e-05, 0.017033432854230365, 0.0, 0.0249036405080899, 0.0005768419821781174, 0.007312803743704123, 0.0009692465872593578, 0.0029060499705871544, 0.00039562785424696766, 0.0016905046574887755, 0.0005699550258476185, 0.0016365102961751782, 0.0006546076528738878, 0.005407828930878473, 0.006829226825124571, 0.001890113189491282, 0.0004145179584120983] and parameters: {'lag_0': 0.25295077876494393, 'lag_1': 0.20812465226275118, 'lag_2': 0.5946322725612211, 'lag_3': 0.6406350385835432, 'lag_4': 0.39913892608150525, 'lag_5': 0.5344997978568724, 'lag_6': 0.6460519684746094, 'lag_7': 0.19662963214231807, 'lag_8': 0.15811564062844732, 'lag_9': 0.7487464141860569, 'lag_10': 0.36570080803997385, 'lag_11': 0.8976201854160543, 'lag_12': 0.47804943772359504, 'lag_13': 0.6014239564089032, 'lag_14': 0.7285991586940739, 'lag_15': 0.8452251537558456, 'lag_16': 0.5105715651653472, 'lag_17': 0.7730077676247136, 'lag_18': 0.1169175611792057, 'lag_19': 0.18818727575182703, 'lag_20': 0.7946847131626519, 'lag_21': 0.1491223177307785, 'lag_22': 0.47492614264327715, 'lag_23': 0.028610735769307765, 'lag_24': 0.11504417934631408, 'lag_25': 0.6788637103506671, 'lag_26': 0.9514641208836606, 'lag_27': 0.6994092213863548, 'lag_28': 0.4551593187977663}.
[I 2025-10-03 11:33:37,285] Trial 55 finished with values: [0.0, 0.0020278457845631288, 0.0036770612266718043, 0.0025711956237627733, 0.00235967837890225, 0.0019806694011975916, 0.0025695495400832767, 0.0036847937355639062, 0.0015254926277347696, 0.0020411678184548043, 0.016454836333005506, 0.04889534498141538, 7.218962912844205e-05, 0.019862042618501934, 0.0, 0.02505880297726703, 0.0005208198705489999, 0.0063978693494712875, 0.0016058615614562381, 0.0031624844675139955, 0.00043626192461964215, 0.002096553093494903, 0.0008196553158742326, 0.002365856939117535, 0.001617348528542365, 0.006578592579853354, 0.00456010701956423, 0.0011685875196379978, 0.0007797962322183776] and parameters: {'lag_0': 0.6736727842715138, 'lag_1': 0.5827681895707706, 'lag_2': 0.43411497329367416, 'lag_3': 0.7957522871409672, 'lag_4': 0.9152052936887661, 'lag_5': 0.7881507030884477, 'lag_6': 0.9104150807933947, 'lag_7': 0.9869983174317387, 'lag_8': 0.47829088419154897, 'lag_9': 0.06942336162782509, 'lag_10': 0.5131515596571155, 'lag_11': 0.7939173086215862, 'lag_12': 0.7623683935238256, 'lag_13': 0.37907429090343, 'lag_14': 0.44341478528334655, 'lag_15': 0.1514520591145234, 'lag_16': 0.9784029773563282, 'lag_17': 0.5996831336871117, 'lag_18': 0.03861502984882804, 'lag_19': 0.23216911298619905, 'lag_20': 0.10891979398481395, 'lag_21': 0.6956878207841578, 'lag_22': 0.595722142864358, 'lag_23': 0.7235120628092687, 'lag_24': 0.4566350326948709, 'lag_25': 0.31309962676895015, 'lag_26': 0.8427851890993535, 'lag_27': 0.10658852529831112, 'lag_28': 0.7803699270302891}.
[I 2025-10-03 11:33:39,927] Trial 56 finished with values: [0.0, 0.005541859900917141, 0.00498746816449569, 0.004033352303358684, 0.0012067471039291745, 0.004590895160110941, 0.0019307242273600065, 0.0030373772992703272, 0.0014184791027321733, 0.0020351343994686895, 0.01849600144931614, 0.04599392737277392, 0.00015025725303619993, 0.01770582313404633, 0.0, 0.025936279211079643, 0.00032582891663773036, 0.006730257116160929, 0.0012143543646934891, 0.0025600607154794425, 0.0002443490636450772, 0.0016034610551599216, 0.0011172070260808845, 0.0027224032267410135, 0.000700014294329924, 0.003878964488911308, 0.006829964959073868, 0.0007721329621840159, 0.000527424344223286] and parameters: {'lag_0': 0.48628822968180346, 'lag_1': 0.753467301323189, 'lag_2': 0.8922346551414151, 'lag_3': 0.6045649349578722, 'lag_4': 0.9884733807794845, 'lag_5': 0.0746620654525091, 'lag_6': 0.6844624007088977, 'lag_7': 0.6939321521023448, 'lag_8': 0.09187625434652266, 'lag_9': 0.6469573734145873, 'lag_10': 0.2740320552325281, 'lag_11': 0.1962134554456243, 'lag_12': 0.12398455297044575, 'lag_13': 0.04816900797765326, 'lag_14': 0.9172073797978617, 'lag_15': 0.9157744219201673, 'lag_16': 0.7718218289608662, 'lag_17': 0.12052903096326022, 'lag_18': 0.0242315676708375, 'lag_19': 0.5248045187849337, 'lag_20': 0.7239833355425198, 'lag_21': 0.1809832456294556, 'lag_22': 0.4997315642778024, 'lag_23': 0.7996667810858411, 'lag_24': 0.034985629123609724, 'lag_25': 0.833088769979053, 'lag_26': 0.42385388774699695, 'lag_27': 0.1782847459289602, 'lag_28': 0.9653442088935145}.
[I 2025-10-03 11:33:42,682] Trial 57 finished with values: [0.0, 0.00401486625262849, 0.0022811128975685144, 0.004128195670523726, 0.001989970166517259, 0.0031162269461023615, 0.0034380338692693788, 0.0013265674167628027, 0.002384723313759043, 0.0027120371066054623, 0.013822230094019127, 0.045776009650057355, 7.620579004126028e-05, 0.018910830569382774, 0.0, 0.023394326405862302, 0.0009826093355681281, 0.00615355602471037, 0.0018142219209282703, 0.002066229602560778, 0.0005331808134297095, 0.0012269364057020888, 0.000910236433492219, 0.0019375895356118268, 0.0010165904243655288, 0.0042917750958328515, 0.007373005808454876, 0.0011885597770586538, 0.0009997500709914605] and parameters: {'lag_0': 0.18969748807165931, 'lag_1': 0.20812465226275118, 'lag_2': 0.16546049612331473, 'lag_3': 0.14924492675913364, 'lag_4': 0.6933088047608001, 'lag_5': 0.2596001342548317, 'lag_6': 0.6460519684746094, 'lag_7': 0.19662963214231807, 'lag_8': 0.5682944057915397, 'lag_9': 0.6758985654611872, 'lag_10': 0.36570080803997385, 'lag_11': 0.12027178528427539, 'lag_12': 0.47804943772359504, 'lag_13': 0.6014239564089032, 'lag_14': 0.10795708214012376, 'lag_15': 0.8452251537558456, 'lag_16': 0.6831384564296766, 'lag_17': 0.8491359116852892, 'lag_18': 0.6091193474590946, 'lag_19': 0.7883226254788349, 'lag_20': 0.7201570290857255, 'lag_21': 0.1491223177307785, 'lag_22': 0.47492614264327715, 'lag_23': 0.1506086053986463, 'lag_24': 0.48289162108029154, 'lag_25': 0.6183987191428584, 'lag_26': 0.9514641208836606, 'lag_27': 0.19056962478869, 'lag_28': 0.9781807311883701}.
[I 2025-10-03 11:33:45,341] Trial 58 finished with values: [0.0, 0.005510911673553719, 0.002866382111827293, 0.0023608387745984024, 0.0011634217336925295, 0.0035071556905098334, 0.002849077714154948, 0.00315876204532312, 0.00167593531347183, 0.0023835576932966875, 0.014463436879850267, 0.046533888841717955, 0.0001077012829550317, 0.018016100487877464, 0.0, 0.026684642635116378, 0.00022975583901613597, 0.006309956129344542, 0.0012753643912566046, 0.0020745547429927634, 0.0005230739929903917, 0.0010801109611646063, 0.0019641738120562387, 0.0018208544012416322, 0.0013385697931650787, 0.0042927385201267316, 0.00897128379272583, 0.0005140545210394414, 0.002063699596152143] and parameters: {'lag_0': 0.8167429286347583, 'lag_1': 0.3883361241194837, 'lag_2': 0.20005255760856813, 'lag_3': 0.9885874293863564, 'lag_4': 0.7749302547700422, 'lag_5': 0.3556370752300055, 'lag_6': 0.9502891301448535, 'lag_7': 0.4334628547599474, 'lag_8': 0.22399369182897147, 'lag_9': 0.655843116787798, 'lag_10': 0.9606636257267301, 'lag_11': 0.2823759617847394, 'lag_12': 0.9140832723399213, 'lag_13': 0.9376027909484808, 'lag_14': 0.12607578349494578, 'lag_15': 0.2507515414336703, 'lag_16': 0.3735638222525201, 'lag_17': 0.7176863203586427, 'lag_18': 0.6805800784915064, 'lag_19': 0.8272931863798135, 'lag_20': 0.8640969919099813, 'lag_21': 0.1624223752651192, 'lag_22': 0.05004169304369554, 'lag_23': 0.8473710159804783, 'lag_24': 0.8446056451169878, 'lag_25': 0.32431695795160925, 'lag_26': 0.811239675180207, 'lag_27': 0.4403548508253292, 'lag_28': 0.2808486399048904}.
[I 2025-10-03 11:33:47,989] Trial 59 finished with values: [0.0, 0.006314058956916099, 0.000723316710485763, 0.0028727237431930104, 0.0023500819667647884, 0.0026471894086920896, 0.001495445686376002, 0.0025571844075427167, 0.0021285169034202574, 0.0032971233558190794, 0.019565164352327677, 0.04875557887917183, 0.00012290518637104406, 0.019395750181579567, 0.0, 0.02602935692073512, 0.0008769010199174369, 0.0066796664645005525, 0.0014483377814014172, 0.002272173872240017, 0.0004629911203007319, 0.0011636032919824103, 0.0020345224559734764, 0.002472897037858187, 0.0007296487644302801, 0.004747768310276722, 0.0054561411100192934, 0.0014343357994371724, 0.0005558884176331694] and parameters: {'lag_0': 0.08981448879836078, 'lag_1': 0.3449957373996902, 'lag_2': 0.08828654660134605, 'lag_3': 0.03924616215625109, 'lag_4': 0.766426300652197, 'lag_5': 0.14805201421956862, 'lag_6': 0.6628255431014405, 'lag_7': 0.1751294819166152, 'lag_8': 0.42736645442680427, 'lag_9': 0.7137044291202602, 'lag_10': 0.6127853926460384, 'lag_11': 0.02996298530251009, 'lag_12': 0.3142774462975757, 'lag_13': 0.6953464771773099, 'lag_14': 0.3520304433910881, 'lag_15': 0.36745771500114566, 'lag_16': 0.3247517649658137, 'lag_17': 0.582162978957804, 'lag_18': 0.5017123889192981, 'lag_19': 0.8463517700137693, 'lag_20': 0.876272553490782, 'lag_21': 0.9291157226970748, 'lag_22': 0.48300063965111834, 'lag_23': 0.333134339686194, 'lag_24': 0.7546386614576445, 'lag_25': 0.49259181424682413, 'lag_26': 0.7486291063029533, 'lag_27': 0.37433318143806393, 'lag_28': 0.9158082972850873}.
[I 2025-10-03 11:33:50,638] Trial 60 finished with values: [0.0, 0.003842235908169975, 0.002699347469787536, 0.005133264329244578, 0.0008902902442137648, 0.0027838025642679814, 0.0019999799941448904, 0.002906506621634301, 0.0029463669487433766, 0.002397731012967015, 0.016005695039080534, 0.04660036250843836, 0.00022093593220077432, 0.018485407576481268, 0.0, 0.017975394163120568, 0.001036919123729428, 0.0065508978349851175, 0.001535401197235001, 0.003490282913580588, 0.0005560086092936702, 0.001294426804003509, 0.0009173240219519438, 0.002207509375750329, 0.0013871609007568616, 0.004474481180761046, 0.0067651910038821, 0.0007404434921735898, 0.003788347536419305] and parameters: {'lag_0': 0.25294582115248126, 'lag_1': 0.12777665980275377, 'lag_2': 0.46584238479309364, 'lag_3': 0.12536252377697044, 'lag_4': 0.7839942373962483, 'lag_5': 0.5593112652979545, 'lag_6': 0.15066863474957728, 'lag_7': 0.11769062819987999, 'lag_8': 0.39591376231023506, 'lag_9': 0.9093939135219141, 'lag_10': 0.48689534795965267, 'lag_11': 0.7013113933869627, 'lag_12': 0.4813089618538592, 'lag_13': 0.7115571312543326, 'lag_14': 0.5906017542599957, 'lag_15': 0.08496291947604658, 'lag_16': 0.4191508531799365, 'lag_17': 0.15174198984822987, 'lag_18': 0.5498872599012509, 'lag_19': 0.15845388625399964, 'lag_20': 0.3747142368145032, 'lag_21': 0.6073632942806992, 'lag_22': 0.8929230466543696, 'lag_23': 0.20928043717265957, 'lag_24': 0.8069653688569277, 'lag_25': 0.5697619333662608, 'lag_26': 0.08828445975715955, 'lag_27': 0.7477033963861344, 'lag_28': 0.7864428972634072}.
[I 2025-10-03 11:33:53,299] Trial 61 finished with values: [0.0, 0.0012385315919744456, 0.001073488482165582, 0.0024176450393121928, 0.0013502660521246823, 0.0027260430307122956, 0.0018921904717361378, 0.0038464578312314484, 0.0021691749781801665, 0.00228936905310019, 0.018736260136336037, 0.04569397137268301, 0.00012950027500319828, 0.018151759262662076, 0.0, 0.02458177462075502, 0.0010372436689967616, 0.006117977748316052, 0.00139246119025373, 0.0021355306549107685, 0.00042646542487329177, 0.001511973652555992, 0.001157289774045492, 0.003005254196009358, 0.0014792214655253853, 0.006657107942364293, 0.0077638084804179915, 0.0015607292809114433, 0.0021887473929335633] and parameters: {'lag_0': 0.2764277860971225, 'lag_1': 0.4448733212183801, 'lag_2': 0.7223541661692144, 'lag_3': 0.6406350385835432, 'lag_4': 0.00625903978781573, 'lag_5': 0.208410744464592, 'lag_6': 0.6221920864520256, 'lag_7': 0.9390370969500725, 'lag_8': 0.4722764524443531, 'lag_9': 0.027844118760954984, 'lag_10': 0.7067373398626751, 'lag_11': 0.48803875240552563, 'lag_12': 0.587297341498461, 'lag_13': 0.4109365282474978, 'lag_14': 0.2876219880120632, 'lag_15': 0.8883833720721183, 'lag_16': 0.0478319253900054, 'lag_17': 0.3101542044054787, 'lag_18': 0.1169175611792057, 'lag_19': 0.3479027551252096, 'lag_20': 0.20273947262584258, 'lag_21': 0.4447888710129754, 'lag_22': 0.17166785201748902, 'lag_23': 0.028610735769307765, 'lag_24': 0.11504417934631408, 'lag_25': 0.6788637103506671, 'lag_26': 0.7440673895573252, 'lag_27': 0.32957461529134613, 'lag_28': 0.06301256151794468}.
[I 2025-10-03 11:33:55,953] Trial 62 finished with values: [0.0, 0.008529286944629828, 0.004437710934309337, 0.003537395466099523, 0.0021673854613944235, 0.003547776275658352, 0.0032327292375335117, 0.0036137830355865855, 0.001573528903517802, 0.003439907083219612, 0.016646771050250853, 0.04929430444182849, 0.00021065963270069308, 0.019530400414568543, 0.0, 0.025508589930612578, 0.00043418592062945214, 0.006950205256681169, 0.0014869226886675886, 0.0024421674057657, 0.0004930072361171167, 0.0021179702532533725, 0.0014508540542016353, 0.001594545482526156, 0.0010002706824873858, 0.00493639046814786, 0.0074750293004790715, 0.0014726550645369392, 0.0005425750359863275] and parameters: {'lag_0': 0.2659763893450581, 'lag_1': 0.3449957373996902, 'lag_2': 0.44298056973753663, 'lag_3': 0.8951683717080791, 'lag_4': 0.6099207348551343, 'lag_5': 0.9899080982519218, 'lag_6': 0.6460519684746094, 'lag_7': 0.961935391850946, 'lag_8': 0.12458238774559902, 'lag_9': 0.5946820192889195, 'lag_10': 0.46313956822509483, 'lag_11': 0.7342100627093557, 'lag_12': 0.3558753535062265, 'lag_13': 0.6014239564089032, 'lag_14': 0.7285991586940739, 'lag_15': 0.36745771500114566, 'lag_16': 0.08627108358353398, 'lag_17': 0.7730077676247136, 'lag_18': 0.5017123889192981, 'lag_19': 0.5626451463900224, 'lag_20': 0.3354627748080984, 'lag_21': 0.1491223177307785, 'lag_22': 0.47492614264327715, 'lag_23': 0.10067788293724911, 'lag_24': 0.3445019251878194, 'lag_25': 0.6183987191428584, 'lag_26': 0.7486291063029533, 'lag_27': 0.07101580687687764, 'lag_28': 0.4551593187977663}.
[I 2025-10-03 11:33:58,602] Trial 63 finished with values: [0.0, 0.0012386086350587055, 0.003892978848408566, 0.0018068237662559328, 0.004001473716408205, 0.0035893511974654743, 0.0022378272981740575, 0.0024092603662057193, 0.0030165240271404904, 0.002562288311580163, 0.016343974169759377, 0.047794308104274305, 9.052892915833828e-05, 0.018977793606735436, 0.0, 0.023157951893462606, 0.0009891542303129117, 0.005331276957173029, 0.001860569614114279, 0.0023011795268412724, 0.0006837179862350113, 0.0007604278100607109, 0.001595376946811253, 0.0019150991993278962, 0.0007445606638926792, 0.005120584624019314, 0.005369450535404106, 0.0010491968546742989, 0.0014203625294929624] and parameters: {'lag_0': 0.7450128353405788, 'lag_1': 0.17042448940639587, 'lag_2': 0.1493499122667357, 'lag_3': 0.42503074585562683, 'lag_4': 0.41176707242285815, 'lag_5': 0.2794114226702836, 'lag_6': 0.40643344749536675, 'lag_7': 0.10248751530703751, 'lag_8': 0.5652777893990107, 'lag_9': 0.6380353038305001, 'lag_10': 0.9715056720704092, 'lag_11': 0.15019336944888648, 'lag_12': 0.5120087798495544, 'lag_13': 0.6687191707586163, 'lag_14': 0.4960996753210542, 'lag_15': 0.010219724020219347, 'lag_16': 0.18154085952584698, 'lag_17': 0.18942601192086664, 'lag_18': 0.30242372389443706, 'lag_19': 0.15239002044868086, 'lag_20': 0.682858867046341, 'lag_21': 0.11919465237156626, 'lag_22': 0.2786271542290727, 'lag_23': 0.05646386017514094, 'lag_24': 0.3174058629619239, 'lag_25': 0.38159138310485774, 'lag_26': 0.14932844564979403, 'lag_27': 0.9242359129511345, 'lag_28': 0.21252704563869446}.
[I 2025-10-03 11:34:01,244] Trial 64 finished with values: [0.0, 0.003657916378116343, 0.0021850154034188515, 0.0018225323436818898, 0.003473717582935087, 0.004305418368224378, 0.0010383669494519446, 0.0031455347961887254, 0.003965624257477945, 0.001972168143060384, 0.01772609380313697, 0.046228563736367176, 0.00014809652877566669, 0.016850744238507825, 0.0, 0.029688853544233194, 0.0007219925269193563, 0.007486709091323389, 0.001921556301137304, 0.0018549522319244768, 0.000440680325738806, 0.0008253174011630384, 0.0009269676710727832, 0.0018033120747792321, 0.0019899996074423873, 0.005474746103412975, 0.007970088563362367, 0.0007242996181491684, 0.0006555969445529791] and parameters: {'lag_0': 0.25295077876494393, 'lag_1': 0.20812465226275118, 'lag_2': 0.7974958691573978, 'lag_3': 0.9447474135972154, 'lag_4': 0.36896732463622184, 'lag_5': 0.596134279612579, 'lag_6': 0.34321913254332853, 'lag_7': 0.19662963214231807, 'lag_8': 0.3235125989032216, 'lag_9': 0.5946820192889195, 'lag_10': 0.36570080803997385, 'lag_11': 0.12027178528427539, 'lag_12': 0.3325601863598063, 'lag_13': 0.6581107654353132, 'lag_14': 0.8028074971326282, 'lag_15': 0.8452251537558456, 'lag_16': 0.914388960363537, 'lag_17': 0.7730077676247136, 'lag_18': 0.6091193474590946, 'lag_19': 0.33545235883880503, 'lag_20': 0.3354627748080984, 'lag_21': 0.21397356752542604, 'lag_22': 0.9245191957276395, 'lag_23': 0.10067788293724911, 'lag_24': 0.7656093697680247, 'lag_25': 0.6183987191428584, 'lag_26': 0.9514641208836606, 'lag_27': 0.07101580687687764, 'lag_28': 0.4551593187977663}.
[I 2025-10-03 11:34:03,901] Trial 65 finished with values: [0.0, 0.004081004516303289, 0.0014470848797001122, 0.0034324541694574127, 0.0025741079249934178, 0.0026666552991028115, 0.0020221388516406683, 0.0034502847066712567, 0.002659253760730951, 0.0029956083982712336, 0.017069488008113306, 0.045547375766359255, 6.0277678510514286e-05, 0.020705150917742585, 0.0, 0.02082467426713494, 0.001244873343758128, 0.00782443216448123, 0.0013013441212073305, 0.002173992747029257, 0.00037176079524443254, 0.0011173424508990257, 0.0013952635062857203, 0.0023020095019868343, 0.0015301915393920024, 0.003259829513089195, 0.0069641888558344385, 0.0007724908394035747, 0.0001601921280717169] and parameters: {'lag_0': 0.08981448879836078, 'lag_1': 0.6464903683161808, 'lag_2': 0.7734827985799155, 'lag_3': 0.3701035958858133, 'lag_4': 0.766426300652197, 'lag_5': 0.14805201421956862, 'lag_6': 0.8693751637599243, 'lag_7': 0.1751294819166152, 'lag_8': 0.842161230480275, 'lag_9': 0.25363724965073475, 'lag_10': 0.6127853926460384, 'lag_11': 0.2683327019628095, 'lag_12': 0.9355135896669925, 'lag_13': 0.2942839946752798, 'lag_14': 0.3520304433910881, 'lag_15': 0.5428497474815102, 'lag_16': 0.2365960520639332, 'lag_17': 0.24565599795188414, 'lag_18': 0.8961243059870927, 'lag_19': 0.8463517700137693, 'lag_20': 0.706057562727518, 'lag_21': 0.06940949414827799, 'lag_22': 0.5111983601805745, 'lag_23': 0.333134339686194, 'lag_24': 0.27920534115013373, 'lag_25': 0.16322689323860057, 'lag_26': 0.7536189792067703, 'lag_27': 0.17933716330610727, 'lag_28': 0.49759030135835025}.
[I 2025-10-03 11:34:06,553] Trial 66 finished with values: [0.0, 0.0013243963558368197, 0.002681547887423725, 0.003120062909472746, 0.0010864136269686444, 0.0032625548081891007, 0.0019842715371417422, 0.0018491791836300901, 0.0024061959080722392, 0.0017035742304263132, 0.014449133320211489, 0.04730304371494855, 0.00019176771764577882, 0.016540898169930825, 0.0, 0.023302809446324183, 0.0005774658660057205, 0.006170258464590616, 0.0017076433631649755, 0.0030784118635909545, 0.0002805032368735831, 0.0017346887691099175, 0.00099996575346767, 0.002145305977955017, 0.0006480819184177878, 0.005258553040023787, 0.007539280192404363, 0.0006562517845896994, 0.0019097756939284983] and parameters: {'lag_0': 0.8726240131014896, 'lag_1': 0.5827681895707706, 'lag_2': 0.8605697491180215, 'lag_3': 0.45155744450941865, 'lag_4': 0.849893271996907, 'lag_5': 0.365047433624815, 'lag_6': 0.7930818953164364, 'lag_7': 0.9869983174317387, 'lag_8': 0.6592422445695332, 'lag_9': 0.6559955455512546, 'lag_10': 0.9923993059178082, 'lag_11': 0.3022632184669556, 'lag_12': 0.14766804222721408, 'lag_13': 0.5944709964343667, 'lag_14': 0.44341478528334655, 'lag_15': 0.23171314472428686, 'lag_16': 0.836116566401557, 'lag_17': 0.1718239753388053, 'lag_18': 0.03861502984882804, 'lag_19': 0.3304466590028497, 'lag_20': 0.10717604627540926, 'lag_21': 0.002059872711737736, 'lag_22': 0.23773345827689932, 'lag_23': 0.8463874500188223, 'lag_24': 0.2683140680106127, 'lag_25': 0.00650124583915065, 'lag_26': 0.22440808220311612, 'lag_27': 0.10658852529831112, 'lag_28': 0.524171498450953}.
[I 2025-10-03 11:34:09,201] Trial 67 finished with values: [0.0, 0.004880027079702405, 0.0020721794542552787, 0.0024742708267433723, 0.0046069235666802546, 0.00209950749954722, 0.0020563032908026057, 0.0025019283738106695, 0.001521731209009195, 0.002125311329592739, 0.01639120573088846, 0.04826915412586964, 0.00017947156727621396, 0.01729815502099119, 0.0, 0.024696873750502467, 0.00028474607487931054, 0.006514615521946427, 0.001175201722223069, 0.0029771224279332093, 0.00042248773397486063, 0.0008492653944921567, 0.0007958415668739788, 0.0016354905719293462, 0.0012457677214838298, 0.004061504073167186, 0.004764700902683493, 0.0018164724211535616, 0.0003318828399319099] and parameters: {'lag_0': 0.8726240131014896, 'lag_1': 0.9859909983656402, 'lag_2': 0.8605697491180215, 'lag_3': 0.42127830199207, 'lag_4': 0.849893271996907, 'lag_5': 0.25858604119217843, 'lag_6': 0.810610523649991, 'lag_7': 0.8515195068802847, 'lag_8': 0.3103038584948677, 'lag_9': 0.24568628768480055, 'lag_10': 0.6503044284568634, 'lag_11': 0.8877670429039124, 'lag_12': 0.59323781199894, 'lag_13': 0.184366828402601, 'lag_14': 0.1714134209223329, 'lag_15': 0.1432658350355388, 'lag_16': 0.4956422652593637, 'lag_17': 0.1718239753388053, 'lag_18': 0.03712587999023952, 'lag_19': 0.3304466590028497, 'lag_20': 0.49075182783399146, 'lag_21': 0.002059872711737736, 'lag_22': 0.7954097184631982, 'lag_23': 0.1223429037104957, 'lag_24': 0.6424963551897691, 'lag_25': 0.37451099908066493, 'lag_26': 0.5366285035281275, 'lag_27': 0.6009338952110026, 'lag_28': 0.2631186304236728}.
