[I 2025-09-29 11:58:31,609] Trial 67 finished with value: 0.002717098317970799 and parameters: {'lag_0': 0.20010649608846753, 'lag_1': 0.08109155844291617, 'lag_2': 0.37040200408710744, 'lag_3': 0.22948168607261554, 'lag_4': 0.31518808639559714, 'lag_5': 0.8418402303695022, 'lag_6': 0.43626626737141727, 'lag_7': 0.22561591143466847, 'lag_8': 0.3380099370329289, 'lag_9': 0.8932149300907845, 'lag_10': 0.3501315725293118, 'lag_11': 0.9514203541673356, 'lag_12': 0.5154713621860908, 'lag_13': 0.48926697266706964, 'lag_14': 0.7555027451628245, 'lag_15': 0.1856716717096146, 'lag_16': 0.5327009897530193, 'lag_17': 0.12795121088754235, 'lag_18': 0.6558976845614076, 'lag_19': 0.6248480033601829, 'lag_20': 0.28536377260222096, 'lag_21': 0.2056002012496004, 'lag_22': 0.7873981931200251, 'lag_23': 0.42427044999047153, 'lag_24': 0.9646606887881353, 'lag_25': 0.9608130934735822, 'lag_26': 0.9669644254844293, 'lag_27': 0.3920051808950842, 'lag_28': 0.8136927593592707}. Best is trial 29 with value: 0.002671463269151827.
[I 2025-09-29 11:58:33,949] Trial 68 finished with value: 0.0026983996559131447 and parameters: {'lag_0': 0.507974941047044, 'lag_1': 0.601767782961077, 'lag_2': 0.09280037512533343, 'lag_3': 0.1509442719831599, 'lag_4': 0.6368587963199243, 'lag_5': 0.10122504440798963, 'lag_6': 0.6160892976845367, 'lag_7': 0.0033174760886229004, 'lag_8': 0.4412475223694807, 'lag_9': 0.18183180642823232, 'lag_10': 0.8583345601535408, 'lag_11': 0.8731720954447862, 'lag_12': 0.8451128733343034, 'lag_13': 0.4292042375169116, 'lag_14': 0.6609014717510344, 'lag_15': 0.6964038074667278, 'lag_16': 0.9607922858521047, 'lag_17': 0.5868385096861185, 'lag_18': 0.47218913963884446, 'lag_19': 0.5901940687437884, 'lag_20': 0.03674049828734541, 'lag_21': 0.25416363634799444, 'lag_22': 0.4613405397566972, 'lag_23': 0.5407609087155196, 'lag_24': 0.455283521043822, 'lag_25': 0.7621839653571092, 'lag_26': 0.8868207554829141, 'lag_27': 0.476393043398013, 'lag_28': 0.3772389632339528}. Best is trial 29 with value: 0.002671463269151827.
[I 2025-09-29 11:58:36,282] Trial 69 finished with value: 0.002727713393606028 and parameters: {'lag_0': 0.3581362847921486, 'lag_1': 0.44580760830628646, 'lag_2': 0.2739409970152617, 'lag_3': 0.27952180732874765, 'lag_4': 0.7636727832316782, 'lag_5': 0.9685620178836751, 'lag_6': 0.5590334864119341, 'lag_7': 0.07516729111457685, 'lag_8': 0.5084187956330639, 'lag_9': 0.7542411875242138, 'lag_10': 0.29316177610417693, 'lag_11': 0.997789184004822, 'lag_12': 0.7789960110646387, 'lag_13': 0.14100534576252816, 'lag_14': 0.04856273114676879, 'lag_15': 0.004163865751943127, 'lag_16': 0.6659575687721992, 'lag_17': 0.4441584117451638, 'lag_18': 0.8783477992707689, 'lag_19': 0.7888907029859975, 'lag_20': 0.8144982951727853, 'lag_21': 0.386964772390659, 'lag_22': 0.551591314863026, 'lag_23': 0.6686843103371246, 'lag_24': 0.4933121969100999, 'lag_25': 0.8583600251673229, 'lag_26': 0.7530622086069946, 'lag_27': 0.5344530779205174, 'lag_28': 0.6217413175282683}. Best is trial 29 with value: 0.002671463269151827.
[I 2025-09-29 11:58:38,622] Trial 70 finished with value: 0.0027360885864046113 and parameters: {'lag_0': 0.7385248814634439, 'lag_1': 0.5601205846188791, 'lag_2': 0.9678807445359432, 'lag_3': 0.9283590149111467, 'lag_4': 0.44635189452814195, 'lag_5': 0.8005868536485856, 'lag_6': 0.4630177416700312, 'lag_7': 0.1408624697210314, 'lag_8': 0.30880773242559395, 'lag_9': 0.493423353511438, 'lag_10': 0.7208792754641762, 'lag_11': 0.1991617081366016, 'lag_12': 0.6261482732191084, 'lag_13': 0.3104403053886253, 'lag_14': 0.4534556779317049, 'lag_15': 0.37877486638920294, 'lag_16': 0.29581004246738685, 'lag_17': 0.18260834971689796, 'lag_18': 0.6328546159964965, 'lag_19': 0.46667862407661387, 'lag_20': 0.11268544048963657, 'lag_21': 0.6361679468290331, 'lag_22': 0.8211349548483698, 'lag_23': 0.851809374778017, 'lag_24': 0.41767900663110663, 'lag_25': 0.6953811292471145, 'lag_26': 0.6147823859747579, 'lag_27': 0.2833463956561436, 'lag_28': 0.6728510783849935}. Best is trial 29 with value: 0.002671463269151827.
[I 2025-09-29 11:58:40,961] Trial 71 finished with value: 0.0027230712831687485 and parameters: {'lag_0': 0.7487082820927338, 'lag_1': 0.6697100284428822, 'lag_2': 0.22725838736187584, 'lag_3': 0.5341983953487635, 'lag_4': 0.6634080828312774, 'lag_5': 0.4854460011433032, 'lag_6': 0.6575166563847001, 'lag_7': 0.22718304444121645, 'lag_8': 0.5541920652581588, 'lag_9': 0.7893122586117018, 'lag_10': 0.45393395407562165, 'lag_11': 0.9365565706476161, 'lag_12': 0.6913225342293176, 'lag_13': 0.07232322537913802, 'lag_14': 0.07891338343164672, 'lag_15': 0.2743306205809096, 'lag_16': 0.8305077275245487, 'lag_17': 0.28629961599870984, 'lag_18': 0.2880616211990938, 'lag_19': 0.3643466461499275, 'lag_20': 0.36481142703812386, 'lag_21': 0.2740023029009392, 'lag_22': 0.7633006524743564, 'lag_23': 0.5065979524792437, 'lag_24': 0.3230653898327478, 'lag_25': 0.8926687908265452, 'lag_26': 0.9279607692358911, 'lag_27': 0.3326906442410894, 'lag_28': 0.9637774955942146}. Best is trial 29 with value: 0.002671463269151827.
[I 2025-09-29 11:58:43,303] Trial 72 finished with value: 0.0027041809082849685 and parameters: {'lag_0': 0.863565625071959, 'lag_1': 0.5006900390471504, 'lag_2': 0.2659513160765705, 'lag_3': 0.4740437536293966, 'lag_4': 0.502308530895069, 'lag_5': 0.5191472370865061, 'lag_6': 0.6500626332097907, 'lag_7': 0.2688350993073931, 'lag_8': 0.5155286291688478, 'lag_9': 0.8209972357884446, 'lag_10': 0.5339505619133947, 'lag_11': 0.97118334045739, 'lag_12': 0.7226411282138041, 'lag_13': 0.08879615042050322, 'lag_14': 0.1836035530841657, 'lag_15': 0.3209223273134642, 'lag_16': 0.7256862472322954, 'lag_17': 0.22122547178258295, 'lag_18': 0.17878761289976777, 'lag_19': 0.3439192847410877, 'lag_20': 0.4495119167721821, 'lag_21': 0.3195184510473713, 'lag_22': 0.8644804917297852, 'lag_23': 0.5286489505397166, 'lag_24': 0.27881266813278716, 'lag_25': 0.8109249150664192, 'lag_26': 0.8446053640768851, 'lag_27': 0.29822790203630156, 'lag_28': 0.8827558365754319}. Best is trial 29 with value: 0.002671463269151827.
[I 2025-09-29 11:58:45,645] Trial 73 finished with value: 0.002720219525270985 and parameters: {'lag_0': 0.7710351536634983, 'lag_1': 0.5480683887572577, 'lag_2': 0.17120105456534365, 'lag_3': 0.42726189303033324, 'lag_4': 0.6206436557043987, 'lag_5': 0.4748718390175203, 'lag_6': 0.7007916945529816, 'lag_7': 0.48638247714986993, 'lag_8': 0.4112387281993396, 'lag_9': 0.6251118066442403, 'lag_10': 0.42984596224204874, 'lag_11': 0.8351646713829024, 'lag_12': 0.569114836114661, 'lag_13': 0.22729076430278392, 'lag_14': 0.1313383335236622, 'lag_15': 0.2544491723682927, 'lag_16': 0.8536560505331796, 'lag_17': 0.4993694293617265, 'lag_18': 0.3291533135563368, 'lag_19': 0.29260546987631025, 'lag_20': 0.4014160634485784, 'lag_21': 0.251284930479401, 'lag_22': 0.6728056627026093, 'lag_23': 0.6171225418079976, 'lag_24': 0.2330606695478164, 'lag_25': 0.89883753410415, 'lag_26': 0.9150484977511141, 'lag_27': 0.2240367133665208, 'lag_28': 0.8383353399143464}. Best is trial 29 with value: 0.002671463269151827.
[I 2025-09-29 11:58:47,981] Trial 74 finished with value: 0.0026973389463735135 and parameters: {'lag_0': 0.25666509338279253, 'lag_1': 0.5975287340248907, 'lag_2': 0.2504106567947394, 'lag_3': 0.6082990873114654, 'lag_4': 0.5416132456207496, 'lag_5': 0.574644914879181, 'lag_6': 0.7501730737963614, 'lag_7': 0.17824453260140669, 'lag_8': 0.27526677522266024, 'lag_9': 0.26869186238304094, 'lag_10': 0.9269134411386325, 'lag_11': 0.9120245625361021, 'lag_12': 0.6417878709533036, 'lag_13': 0.05384255543137407, 'lag_14': 0.029382420879647007, 'lag_15': 0.12649474052362042, 'lag_16': 0.8935961289235509, 'lag_17': 0.915467798642088, 'lag_18': 0.9387156804359928, 'lag_19': 0.7453546788286248, 'lag_20': 0.3321281457343251, 'lag_21': 0.17090070608509447, 'lag_22': 0.718673836170201, 'lag_23': 0.43793806671930463, 'lag_24': 0.3544785891157722, 'lag_25': 0.7839950692245183, 'lag_26': 0.9783927218419307, 'lag_27': 0.260621639610509, 'lag_28': 0.5540128839904968}. Best is trial 29 with value: 0.002671463269151827.
[I 2025-09-29 11:58:50,314] Trial 75 finished with value: 0.0027969554478572307 and parameters: {'lag_0': 0.5734455138281062, 'lag_1': 0.696270842033284, 'lag_2': 0.31707605254745275, 'lag_3': 0.09491413278770745, 'lag_4': 0.7068943266993343, 'lag_5': 0.45143579713807575, 'lag_6': 0.5366842164893557, 'lag_7': 0.3311790641661313, 'lag_8': 0.4723056189967645, 'lag_9': 0.39522757089265503, 'lag_10': 0.49267127827338764, 'lag_11': 0.9557397603378526, 'lag_12': 0.40661455642034594, 'lag_13': 0.17472517206743354, 'lag_14': 0.792130635110341, 'lag_15': 0.45828263044543993, 'lag_16': 0.9755835060017046, 'lag_17': 0.38501287379328947, 'lag_18': 0.5890670885634889, 'lag_19': 0.2417157824518325, 'lag_20': 0.872398180698906, 'lag_21': 0.4542942133229307, 'lag_22': 0.6002999859928572, 'lag_23': 0.3558031465053292, 'lag_24': 0.5395574081460052, 'lag_25': 0.825262994445777, 'lag_26': 0.4592974098186951, 'lag_27': 0.33210038228368377, 'lag_28': 0.8491472400379211}. Best is trial 29 with value: 0.002671463269151827.
[I 2025-09-29 11:58:52,659] Trial 76 finished with value: 0.0027126327338989568 and parameters: {'lag_0': 0.669489171173123, 'lag_1': 0.480738595222335, 'lag_2': 0.2957931128015626, 'lag_3': 0.49612634995140137, 'lag_4': 0.41243308257966377, 'lag_5': 0.40825539049710613, 'lag_6': 0.362260434979153, 'lag_7': 0.23528201605425003, 'lag_8': 0.6663598701261042, 'lag_9': 0.7258034805204577, 'lag_10': 0.9646505470070996, 'lag_11': 0.8537920432771893, 'lag_12': 0.7603065482406723, 'lag_13': 0.11971829191299194, 'lag_14': 0.8954080788898845, 'lag_15': 0.4051857619448492, 'lag_16': 0.7994629804444175, 'lag_17': 0.2961128430326738, 'lag_18': 0.5507396484747701, 'lag_19': 0.29916248377860066, 'lag_20': 0.4931981564456582, 'lag_21': 0.11382347748314145, 'lag_22': 0.772236101017111, 'lag_23': 0.6007381883333466, 'lag_24': 0.9104534902105615, 'lag_25': 0.9489867852882292, 'lag_26': 0.8236903957662239, 'lag_27': 0.38517553500436735, 'lag_28': 0.705694949181029}. Best is trial 29 with value: 0.002671463269151827.
[I 2025-09-29 11:58:54,996] Trial 77 finished with value: 0.0027394838380352263 and parameters: {'lag_0': 0.6975836996925169, 'lag_1': 0.37531525218537526, 'lag_2': 0.41059854053002115, 'lag_3': 0.6588249543254197, 'lag_4': 0.38567515227538796, 'lag_5': 0.3221391094148918, 'lag_6': 0.8271614368335858, 'lag_7': 0.5833417491839431, 'lag_8': 0.7592571691402024, 'lag_9': 0.7953081705971065, 'lag_10': 0.991579059681571, 'lag_11': 0.9243949416855897, 'lag_12': 0.5640247906824284, 'lag_13': 0.03556111663147951, 'lag_14': 0.07990975584031364, 'lag_15': 0.30459656101019666, 'lag_16': 0.00019599528630495633, 'lag_17': 0.14253629298353873, 'lag_18': 0.4363238099651583, 'lag_19': 0.903676137530095, 'lag_20': 0.23030519744078493, 'lag_21': 0.0569237079229602, 'lag_22': 0.7444939375576152, 'lag_23': 0.7998191217804749, 'lag_24': 0.7071069185591273, 'lag_25': 0.5719442587206607, 'lag_26': 0.8687046959745727, 'lag_27': 0.18108916617802623, 'lag_28': 0.7953609488960656}. Best is trial 29 with value: 0.002671463269151827.
[I 2025-09-29 11:58:57,341] Trial 78 finished with value: 0.0027351023972381123 and parameters: {'lag_0': 0.6140634243164167, 'lag_1': 0.7361431502116634, 'lag_2': 0.555494549111221, 'lag_3': 0.05151378348713127, 'lag_4': 0.48699559701148637, 'lag_5': 0.8986726081768002, 'lag_6': 0.5117341389310109, 'lag_7': 0.3853958439320665, 'lag_8': 0.5837660828079424, 'lag_9': 0.8413277373068682, 'lag_10': 0.3843337285420621, 'lag_11': 0.7803868268905675, 'lag_12': 0.8538566464797248, 'lag_13': 0.19396850133752186, 'lag_14': 0.23581142284859352, 'lag_15': 0.7604280347842489, 'lag_16': 0.939260210303524, 'lag_17': 0.34600704065597776, 'lag_18': 0.52290714104259, 'lag_19': 0.5566535183745454, 'lag_20': 0.29652383769161555, 'lag_21': 0.2949552310122959, 'lag_22': 0.7036083175003981, 'lag_23': 0.903298023497147, 'lag_24': 0.6379311291464146, 'lag_25': 0.9191788916644802, 'lag_26': 0.7153692831760469, 'lag_27': 0.8511643952489666, 'lag_28': 0.5938264252625395}. Best is trial 29 with value: 0.002671463269151827.
[I 2025-09-29 11:58:59,685] Trial 79 finished with value: 0.0027097235725266565 and parameters: {'lag_0': 0.32938614707006414, 'lag_1': 0.5837443385230758, 'lag_2': 0.4509584398351065, 'lag_3': 0.5550764178682659, 'lag_4': 0.3451650671254802, 'lag_5': 0.6651389148080937, 'lag_6': 0.6192329448527059, 'lag_7': 0.5291603676933055, 'lag_8': 0.629500358921676, 'lag_9': 0.4488239185134491, 'lag_10': 0.594136221241247, 'lag_11': 0.5470628081589977, 'lag_12': 0.4800939864127634, 'lag_13': 0.2535448677410017, 'lag_14': 0.83173181086015, 'lag_15': 0.3621372261168586, 'lag_16': 0.35853950675842045, 'lag_17': 0.19512600082535123, 'lag_18': 0.2431451176133744, 'lag_19': 0.3626219736820042, 'lag_20': 0.36777760118091063, 'lag_21': 0.3415354148449947, 'lag_22': 0.649857715658417, 'lag_23': 0.5744748786944051, 'lag_24': 0.7481724398728732, 'lag_25': 0.6431046718323662, 'lag_26': 0.7873193757159928, 'lag_27': 0.9121432689048857, 'lag_28': 0.6428739272789917}. Best is trial 29 with value: 0.002671463269151827.
[I 2025-09-29 11:59:02,027] Trial 80 finished with value: 0.0027140847455280033 and parameters: {'lag_0': 0.22255914527093357, 'lag_1': 0.6204083044155747, 'lag_2': 0.8189261762038471, 'lag_3': 0.7015315849139429, 'lag_4': 0.7623990426933043, 'lag_5': 0.6314655252331354, 'lag_6': 0.404293997214682, 'lag_7': 0.1373217164361626, 'lag_8': 0.21048945987549939, 'lag_9': 0.6701525034457528, 'lag_10': 0.8858209317867223, 'lag_11': 0.973965113720622, 'lag_12': 0.3082270708552203, 'lag_13': 0.14040991585744242, 'lag_14': 0.9266157697732115, 'lag_15': 0.15956222485993793, 'lag_16': 0.4412061375804472, 'lag_17': 0.6941750850924402, 'lag_18': 0.3477473635582182, 'lag_19': 0.45120349786146013, 'lag_20': 0.41609904959646715, 'lag_21': 0.20186364873765156, 'lag_22': 0.6797806311919925, 'lag_23': 0.9397877410547564, 'lag_24': 0.38980373557159076, 'lag_25': 0.9983923120364034, 'lag_26': 0.9408285533796149, 'lag_27': 0.3631205273929744, 'lag_28': 0.7515274547615012}. Best is trial 29 with value: 0.002671463269151827.
[I 2025-09-29 11:59:04,372] Trial 81 finished with value: 0.002684992266051389 and parameters: {'lag_0': 0.7974567809619058, 'lag_1': 0.64707881819145, 'lag_2': 0.36792241738500264, 'lag_3': 0.459647933576352, 'lag_4': 0.44848221292865664, 'lag_5': 0.5091054046963511, 'lag_6': 0.5899537875797278, 'lag_7': 0.058743680729761924, 'lag_8': 0.4847483780894909, 'lag_9': 0.880446360094428, 'lag_10': 0.6908736732771502, 'lag_11': 0.9961105179340857, 'lag_12': 0.729825124221492, 'lag_13': 0.18020565937086394, 'lag_14': 0.14395734062689605, 'lag_15': 0.19673489560798504, 'lag_16': 0.9825154015854092, 'lag_17': 0.17325729415285715, 'lag_18': 0.5669830836542846, 'lag_19': 0.2612778781815393, 'lag_20': 0.24935401822581918, 'lag_21': 0.43193335302618496, 'lag_22': 0.5349940129978065, 'lag_23': 0.6651891799429285, 'lag_24': 0.25880317817752724, 'lag_25': 0.7857863863889564, 'lag_26': 0.8496957356732594, 'lag_27': 0.42119192971486913, 'lag_28': 0.7923338556533952}. Best is trial 29 with value: 0.002671463269151827.
[I 2025-09-29 11:59:06,716] Trial 82 finished with value: 0.002699697724936804 and parameters: {'lag_0': 0.7963606028734436, 'lag_1': 0.6542368395014613, 'lag_2': 0.33113588252569615, 'lag_3': 0.582735620537249, 'lag_4': 0.4426905316402151, 'lag_5': 0.46388467682510015, 'lag_6': 0.483134962214622, 'lag_7': 0.025225323500113996, 'lag_8': 0.4473454178156557, 'lag_9': 0.8935629433718869, 'lag_10': 0.6753870671976818, 'lag_11': 0.943969374949381, 'lag_12': 0.8066354302134768, 'lag_13': 0.5426873849611796, 'lag_14': 0.0008263499246256301, 'lag_15': 0.20635870223615016, 'lag_16': 0.9952850517713585, 'lag_17': 0.2528580610133422, 'lag_18': 0.5005651407354299, 'lag_19': 0.2584826253231587, 'lag_20': 0.26708804288689436, 'lag_21': 0.42972995298683814, 'lag_22': 0.5752658964869781, 'lag_23': 0.6507585599576676, 'lag_24': 0.19659136555460568, 'lag_25': 0.730202700341112, 'lag_26': 0.9034904126247734, 'lag_27': 0.41251137850621555, 'lag_28': 0.7838719021175059}. Best is trial 29 with value: 0.002671463269151827.
[I 2025-09-29 11:59:09,062] Trial 83 finished with value: 0.0027265971729839465 and parameters: {'lag_0': 0.7236887663508418, 'lag_1': 0.8203697364312422, 'lag_2': 0.37964663363772383, 'lag_3': 0.5033707076314613, 'lag_4': 0.5273820284651535, 'lag_5': 0.8593543494039779, 'lag_6': 0.5855334137734554, 'lag_7': 0.06338640644444675, 'lag_8': 0.48900881024533205, 'lag_9': 0.35515679997607974, 'lag_10': 0.5514940873132839, 'lag_11': 0.9004779108604064, 'lag_12': 0.7185339313485345, 'lag_13': 0.16075719863309573, 'lag_14': 0.12803804558686396, 'lag_15': 0.23812367280826066, 'lag_16': 0.9113265069083312, 'lag_17': 0.2176870400781049, 'lag_18': 0.5530274843852494, 'lag_19': 0.17990406897317693, 'lag_20': 0.24513614252128674, 'lag_21': 0.2728708356151493, 'lag_22': 0.3638515413194241, 'lag_23': 0.4867657164138165, 'lag_24': 0.2591015044302897, 'lag_25': 0.868087913807433, 'lag_26': 0.8281175630927103, 'lag_27': 0.25486284315947505, 'lag_28': 0.8248312112189494}. Best is trial 29 with value: 0.002671463269151827.
[I 2025-09-29 11:59:11,404] Trial 84 finished with value: 0.002694779192832278 and parameters: {'lag_0': 0.8331578706570744, 'lag_1': 0.5423763121283548, 'lag_2': 0.8881762012972177, 'lag_3': 0.4396910813974813, 'lag_4': 0.5826332983741649, 'lag_5': 0.9392334834908059, 'lag_6': 0.6403549887228279, 'lag_7': 0.029000859244459488, 'lag_8': 0.5477287866897718, 'lag_9': 0.9603678969992845, 'lag_10': 0.6105692949064836, 'lag_11': 0.989290814002442, 'lag_12': 0.6025279540208901, 'lag_13': 0.21736067356482824, 'lag_14': 0.10850845952676028, 'lag_15': 0.2925386083978476, 'lag_16': 0.9418642581495833, 'lag_17': 0.10971329208781873, 'lag_18': 0.6379916826849067, 'lag_19': 0.33109742493030797, 'lag_20': 0.18334323117816567, 'lag_21': 0.5465732581455139, 'lag_22': 0.5400787028058214, 'lag_23': 0.5277881223905748, 'lag_24': 0.29749304470149784, 'lag_25': 0.8403165804560596, 'lag_26': 0.8664723086575666, 'lag_27': 0.45718603296420607, 'lag_28': 0.8781377026589773}. Best is trial 29 with value: 0.002671463269151827.
[I 2025-09-29 11:59:13,926] Trial 85 finished with value: 0.0026803980706455147 and parameters: {'lag_0': 0.8429830260053465, 'lag_1': 0.7644343697172857, 'lag_2': 0.464440339525359, 'lag_3': 0.20077050573030236, 'lag_4': 0.2968952347225958, 'lag_5': 0.3433653122655618, 'lag_6': 0.5482917999362072, 'lag_7': 0.43287011283595334, 'lag_8': 0.5270273798424602, 'lag_9': 0.5377631008719952, 'lag_10': 0.3054997671693333, 'lag_11': 0.8695351137489864, 'lag_12': 0.9113022909420735, 'lag_13': 0.08750458302539293, 'lag_14': 0.05038619421061155, 'lag_15': 0.036321803984514234, 'lag_16': 0.22723826286580456, 'lag_17': 0.1707846985304886, 'lag_18': 0.5954253108163247, 'lag_19': 0.14700265192836326, 'lag_20': 0.09735097286242397, 'lag_21': 0.4784898694141748, 'lag_22': 0.4822373946025119, 'lag_23': 0.73993759281153, 'lag_24': 0.10297808692448795, 'lag_25': 0.7809194994640584, 'lag_26': 0.7968297057990533, 'lag_27': 0.29516235547442476, 'lag_28': 0.7262116587037918}. Best is trial 29 with value: 0.002671463269151827.
[I 2025-09-29 11:59:16,275] Trial 86 finished with value: 0.0026948783186361977 and parameters: {'lag_0': 0.9211191051016984, 'lag_1': 0.884527874386043, 'lag_2': 0.4781368996321612, 'lag_3': 0.11543663245132431, 'lag_4': 0.23537922153020263, 'lag_5': 0.2180773425253143, 'lag_6': 0.4498314466121899, 'lag_7': 0.4347095177352519, 'lag_8': 0.3971339535711675, 'lag_9': 0.5267213714296582, 'lag_10': 0.8403546770055418, 'lag_11': 0.8680657178093183, 'lag_12': 0.9225160168952635, 'lag_13': 0.08761747647339148, 'lag_14': 0.04078121007516216, 'lag_15': 0.04168145488657289, 'lag_16': 0.22609074569321413, 'lag_17': 0.1588677590679849, 'lag_18': 0.7415233180391633, 'lag_19': 0.10873435189565843, 'lag_20': 0.09192428665502796, 'lag_21': 0.4755305326713285, 'lag_22': 0.473853912807574, 'lag_23': 0.7000731155076231, 'lag_24': 0.03795081033081388, 'lag_25': 0.7830446816316945, 'lag_26': 0.7972621601341743, 'lag_27': 0.554372876301374, 'lag_28': 0.725263535545779}. Best is trial 29 with value: 0.002671463269151827.
[I 2025-09-29 11:59:18,631] Trial 87 finished with value: 0.0027386149084869587 and parameters: {'lag_0': 0.4847796240194364, 'lag_1': 0.9975686172810347, 'lag_2': 0.35361301738963685, 'lag_3': 0.18535760776993057, 'lag_4': 0.29455621493411155, 'lag_5': 0.35143828562765755, 'lag_6': 0.5526851415146518, 'lag_7': 0.49465413887028237, 'lag_8': 0.8584248109806105, 'lag_9': 0.5796989339698645, 'lag_10': 0.295421852856695, 'lag_11': 0.0844114045720718, 'lag_12': 0.8661584416955113, 'lag_13': 0.19143222872505422, 'lag_14': 0.8549994912655569, 'lag_15': 0.10353949322050235, 'lag_16': 0.1775637067328438, 'lag_17': 0.1786787862614712, 'lag_18': 0.587916221632475, 'lag_19': 0.05763102836413064, 'lag_20': 0.012640326864736552, 'lag_21': 0.437003654638791, 'lag_22': 0.401354352595461, 'lag_23': 0.7504499453579125, 'lag_24': 0.1200609888623761, 'lag_25': 0.7019245104715042, 'lag_26': 0.7673972885589229, 'lag_27': 0.20847111043178246, 'lag_28': 0.46217280726563115}. Best is trial 29 with value: 0.002671463269151827.
