[I 2025-09-29 12:51:52,497] Trial 40 finished with value: 0.003911212228344765 and parameters: {'lag_0': 0.16095311163038606, 'lag_1': 0.6506746326159902, 'lag_2': 0.4544130591639104, 'lag_3': 0.8744647411995654, 'lag_4': 0.5266959063537516, 'lag_5': 0.6359683263328697, 'lag_6': 0.6800584762807775, 'lag_7': 0.9883414785461031, 'lag_8': 0.7379876263702254, 'lag_9': 0.5674640465387097, 'lag_10': 0.7489383563762225, 'lag_11': 0.7501813480431858, 'lag_12': 0.18737564878590995, 'lag_13': 0.30702678697406827, 'lag_14': 0.25951292188859215, 'lag_15': 0.5237973872368845, 'lag_16': 0.8511012318446756, 'lag_17': 0.8816543468812698, 'lag_18': 0.12179291016137272, 'lag_19': 0.6764053794500644, 'lag_20': 0.40198795460690473, 'lag_21': 0.7702693045885558, 'lag_22': 0.5779465103700525, 'lag_23': 0.43772656034344937, 'lag_24': 0.6724853252901326, 'lag_25': 0.06663428922058132, 'lag_26': 0.24150661561877748, 'lag_27': 0.9955787511971059, 'lag_28': 0.8636427773396069}. Best is trial 12 with value: 0.0034459599961916875.
[I 2025-09-29 12:51:54,992] Trial 41 finished with value: 0.004067255054300698 and parameters: {'lag_0': 0.1151688206289628, 'lag_1': 0.6922080768149457, 'lag_2': 0.44940150007766755, 'lag_3': 0.9946961622522482, 'lag_4': 0.5124754738265704, 'lag_5': 0.6266027847406429, 'lag_6': 0.6601004619880415, 'lag_7': 0.954342007818017, 'lag_8': 0.7212996627166561, 'lag_9': 0.5817772391981304, 'lag_10': 0.7495921286086954, 'lag_11': 0.7679116824592332, 'lag_12': 0.08739970197815684, 'lag_13': 0.3009212959603888, 'lag_14': 0.25669513795599613, 'lag_15': 0.6389487425106322, 'lag_16': 0.9954890707524957, 'lag_17': 0.8519835748928395, 'lag_18': 0.12269195654895843, 'lag_19': 0.6873340746795239, 'lag_20': 0.28804839513171965, 'lag_21': 0.6820298517915346, 'lag_22': 0.5562816328454263, 'lag_23': 0.4335310565835683, 'lag_24': 0.6659035191988267, 'lag_25': 0.05838420195619712, 'lag_26': 0.28091478252009816, 'lag_27': 0.987038312385955, 'lag_28': 0.9292770091639936}. Best is trial 12 with value: 0.0034459599961916875.
[I 2025-09-29 12:51:57,467] Trial 42 finished with value: 0.004210028791273487 and parameters: {'lag_0': 0.1650750214222562, 'lag_1': 0.5853028823053735, 'lag_2': 0.5257213749218197, 'lag_3': 0.8430884940122643, 'lag_4': 0.5535527438920447, 'lag_5': 0.5434680046102202, 'lag_6': 0.7062431973512354, 'lag_7': 0.8985929624050977, 'lag_8': 0.9209745476583853, 'lag_9': 0.6702730054823652, 'lag_10': 0.8532357300369473, 'lag_11': 0.8772614363787531, 'lag_12': 0.1849336300982941, 'lag_13': 0.005077585362650627, 'lag_14': 0.3292471115195561, 'lag_15': 0.5169929973630344, 'lag_16': 0.6477881120745578, 'lag_17': 0.9198791220561627, 'lag_18': 0.0028000216567937927, 'lag_19': 0.6099718848835057, 'lag_20': 0.43046536582791467, 'lag_21': 0.7683040161730795, 'lag_22': 0.6238466819914142, 'lag_23': 0.5306541977050734, 'lag_24': 0.76712681148555, 'lag_25': 0.13892710403281422, 'lag_26': 0.23271128161963037, 'lag_27': 0.8561665485946779, 'lag_28': 0.8516920752150988}. Best is trial 12 with value: 0.0034459599961916875.
[I 2025-09-29 12:51:59,965] Trial 43 finished with value: 0.004736572585112496 and parameters: {'lag_0': 0.024379193482226724, 'lag_1': 0.7725094551571448, 'lag_2': 0.33350447712579323, 'lag_3': 0.8767142732908112, 'lag_4': 0.22282140253584837, 'lag_5': 0.805350323512483, 'lag_6': 0.5601336782662689, 'lag_7': 0.855667612232893, 'lag_8': 0.45672051266047586, 'lag_9': 0.46140990383935976, 'lag_10': 0.02536932063008318, 'lag_11': 0.9407355367110863, 'lag_12': 0.09755517956958079, 'lag_13': 0.2459444824934908, 'lag_14': 0.22397403114897912, 'lag_15': 0.7392517439632705, 'lag_16': 0.8742070068994917, 'lag_17': 0.8999612362567185, 'lag_18': 0.13007682528021075, 'lag_19': 0.9022089855793904, 'lag_20': 0.3751887152643747, 'lag_21': 0.6203237474054373, 'lag_22': 0.0818038926922241, 'lag_23': 0.5736576666818805, 'lag_24': 0.8384582254140082, 'lag_25': 0.08896577950493864, 'lag_26': 0.38301592125683526, 'lag_27': 0.5480432953061467, 'lag_28': 0.7491683117777632}. Best is trial 12 with value: 0.0034459599961916875.
[I 2025-09-29 12:52:02,480] Trial 44 finished with value: 0.004054170110720393 and parameters: {'lag_0': 0.23181260897515416, 'lag_1': 0.7601240685305749, 'lag_2': 0.575625981614422, 'lag_3': 0.6779892559750264, 'lag_4': 0.6070773196364965, 'lag_5': 0.39059020021545754, 'lag_6': 0.7713967525574185, 'lag_7': 0.979857145260281, 'lag_8': 0.33971405103576824, 'lag_9': 0.5367564659754281, 'lag_10': 0.7973949244923664, 'lag_11': 0.6493473126560695, 'lag_12': 0.02441330110747994, 'lag_13': 0.07900864736288538, 'lag_14': 0.3917810802499084, 'lag_15': 0.6409793199194941, 'lag_16': 0.6935714123802879, 'lag_17': 0.9849980521919321, 'lag_18': 0.059782916195287174, 'lag_19': 0.5556315344632904, 'lag_20': 0.48579986386643836, 'lag_21': 0.7371443379920085, 'lag_22': 0.47813774774357065, 'lag_23': 0.3718580909647317, 'lag_24': 0.8730027387479561, 'lag_25': 0.0444109769628985, 'lag_26': 0.14167688725652375, 'lag_27': 0.676364578273323, 'lag_28': 0.8295511413537084}. Best is trial 12 with value: 0.0034459599961916875.
[I 2025-09-29 12:52:04,962] Trial 45 finished with value: 0.004252938155627139 and parameters: {'lag_0': 0.33986750423984313, 'lag_1': 0.6322576948331164, 'lag_2': 0.4333125770757192, 'lag_3': 0.7662212260301583, 'lag_4': 0.5462119660115878, 'lag_5': 0.7003675080040366, 'lag_6': 0.941068742035397, 'lag_7': 0.7961707034719282, 'lag_8': 0.8375079857620328, 'lag_9': 0.6419399337834174, 'lag_10': 0.637503254874064, 'lag_11': 0.5478659884304019, 'lag_12': 0.2017824102421242, 'lag_13': 0.9222941785902081, 'lag_14': 0.4464273920877365, 'lag_15': 0.46193325268253604, 'lag_16': 0.9436376533330025, 'lag_17': 0.7973422742019449, 'lag_18': 0.21278419549689587, 'lag_19': 0.7379366650000341, 'lag_20': 0.23837789412781837, 'lag_21': 0.9084000099280469, 'lag_22': 0.5630217345188446, 'lag_23': 0.7663957503928603, 'lag_24': 0.011169359019018665, 'lag_25': 0.14390773374021051, 'lag_26': 0.21971875922137657, 'lag_27': 0.42274796947298454, 'lag_28': 0.8840130616835089}. Best is trial 12 with value: 0.0034459599961916875.
[I 2025-09-29 12:52:07,437] Trial 46 finished with value: 0.00422659534893714 and parameters: {'lag_0': 0.5947972963987027, 'lag_1': 0.03572275084335605, 'lag_2': 0.48928203678962345, 'lag_3': 0.9537817225446916, 'lag_4': 0.30693571204782505, 'lag_5': 0.7587868487270248, 'lag_6': 0.47385248008661374, 'lag_7': 0.9118362605277257, 'lag_8': 0.6453207063019314, 'lag_9': 0.7989226666486253, 'lag_10': 0.6881584929173805, 'lag_11': 0.7361165075594464, 'lag_12': 0.30789747020595903, 'lag_13': 0.7475477580930879, 'lag_14': 0.30838349666037806, 'lag_15': 0.8164076019275163, 'lag_16': 0.04443196278215912, 'lag_17': 0.7216785816201627, 'lag_18': 0.7498893649775646, 'lag_19': 0.6365603602579127, 'lag_20': 0.6237894700002784, 'lag_21': 0.9976201595535867, 'lag_22': 0.6702565418141965, 'lag_23': 0.2764301754244684, 'lag_24': 0.719440380132995, 'lag_25': 0.19215897589483116, 'lag_26': 0.3190778203629293, 'lag_27': 0.8085179277623964, 'lag_28': 0.9669689214761968}. Best is trial 12 with value: 0.0034459599961916875.
[I 2025-09-29 12:52:09,934] Trial 47 finished with value: 0.004087310139278794 and parameters: {'lag_0': 0.9971880197620671, 'lag_1': 0.5066497600789786, 'lag_2': 0.2794092330153227, 'lag_3': 0.5840135365235433, 'lag_4': 0.4387903976175164, 'lag_5': 0.52526221454084, 'lag_6': 0.26770019737030865, 'lag_7': 0.991290932038312, 'lag_8': 0.5711560927772014, 'lag_9': 0.9527251479448696, 'lag_10': 0.9337747580392778, 'lag_11': 0.46877548970183647, 'lag_12': 0.38672706312869076, 'lag_13': 0.35705667586820355, 'lag_14': 0.11296333677907744, 'lag_15': 0.2076788235679377, 'lag_16': 0.002308873511550402, 'lag_17': 0.043134839361491976, 'lag_18': 0.339852300355312, 'lag_19': 0.8174770542910748, 'lag_20': 0.7078754143657146, 'lag_21': 0.8498648575090435, 'lag_22': 0.2801555757231998, 'lag_23': 0.4596547906056502, 'lag_24': 0.628058637108789, 'lag_25': 0.37524753780383924, 'lag_26': 0.36644155652717714, 'lag_27': 0.0539233310387659, 'lag_28': 0.693716696187995}. Best is trial 12 with value: 0.0034459599961916875.
[I 2025-09-29 12:52:12,443] Trial 48 finished with value: 0.004534483926865341 and parameters: {'lag_0': 0.07536113050673665, 'lag_1': 0.24189641500716744, 'lag_2': 0.6490167615245905, 'lag_3': 0.7144543244257298, 'lag_4': 0.7490048652775121, 'lag_5': 0.2879939422656616, 'lag_6': 0.20983040190083177, 'lag_7': 0.5782319197605001, 'lag_8': 0.7124795486041509, 'lag_9': 0.6094077632049189, 'lag_10': 0.5841797372082166, 'lag_11': 0.9788562412409328, 'lag_12': 0.25457664478071923, 'lag_13': 0.1343479394904927, 'lag_14': 0.5651504283946328, 'lag_15': 0.3979052136341449, 'lag_16': 0.9305553391546848, 'lag_17': 0.6497090864914026, 'lag_18': 0.5278965483828103, 'lag_19': 0.7194779495623668, 'lag_20': 0.529668073281012, 'lag_21': 0.4745030876753364, 'lag_22': 0.7094461813505386, 'lag_23': 0.2267212062291578, 'lag_24': 0.5526961635706622, 'lag_25': 0.4538773498419148, 'lag_26': 0.15334216567859382, 'lag_27': 0.3391252691572466, 'lag_28': 0.4480437150552302}. Best is trial 12 with value: 0.0034459599961916875.
[I 2025-09-29 12:52:14,937] Trial 49 finished with value: 0.005189205768196871 and parameters: {'lag_0': 0.12745982953582885, 'lag_1': 0.40617574579245425, 'lag_2': 0.3618745493453005, 'lag_3': 0.8019955030712993, 'lag_4': 0.4606282507778894, 'lag_5': 0.6006744987000036, 'lag_6': 0.3863090265742791, 'lag_7': 0.4240224443903333, 'lag_8': 0.9524663985109947, 'lag_9': 0.7322979464215374, 'lag_10': 0.73718052576478, 'lag_11': 0.3822413703067875, 'lag_12': 0.11671196725255885, 'lag_13': 0.2804061654595355, 'lag_14': 0.4984758223208653, 'lag_15': 0.5424218889125408, 'lag_16': 0.7631772571959632, 'lag_17': 0.7772724822282453, 'lag_18': 0.2538667533566831, 'lag_19': 0.5750937207008703, 'lag_20': 0.8060110775281636, 'lag_21': 0.2594907757715177, 'lag_22': 0.8131782862162404, 'lag_23': 0.7249065762830429, 'lag_24': 0.4827329590432449, 'lag_25': 0.2849023368952287, 'lag_26': 0.054933076838674794, 'lag_27': 0.9829382090642694, 'lag_28': 0.07055770815019452}. Best is trial 12 with value: 0.0034459599961916875.
[I 2025-09-29 12:52:17,417] Trial 50 finished with value: 0.004274146404643943 and parameters: {'lag_0': 0.398107483723341, 'lag_1': 0.8963352851774957, 'lag_2': 0.953174486247636, 'lag_3': 0.9423687929233355, 'lag_4': 0.8635118540281036, 'lag_5': 0.6664983624860112, 'lag_6': 0.45089269644445, 'lag_7': 0.4912942799737601, 'lag_8': 0.7783172147180347, 'lag_9': 0.40437676327316674, 'lag_10': 0.8065647384219455, 'lag_11': 0.3203394714844161, 'lag_12': 0.3994702294574843, 'lag_13': 0.02951841636038764, 'lag_14': 0.4101202972319843, 'lag_15': 0.287659206404793, 'lag_16': 0.8290564105710976, 'lag_17': 0.9542613813626202, 'lag_18': 0.8503991380829417, 'lag_19': 0.6672953150135288, 'lag_20': 0.602594182019766, 'lag_21': 0.5737051538622759, 'lag_22': 0.17182355943325295, 'lag_23': 0.9041022881984806, 'lag_24': 0.39833728284579795, 'lag_25': 0.5737103170926319, 'lag_26': 0.5761162952879734, 'lag_27': 0.2963586149706871, 'lag_28': 0.33920553967604605}. Best is trial 12 with value: 0.0034459599961916875.
[I 2025-09-29 12:52:19,911] Trial 51 finished with value: 0.004763744637165656 and parameters: {'lag_0': 0.3301182408312107, 'lag_1': 0.9613196839400594, 'lag_2': 0.011059879459308308, 'lag_3': 0.07705228278458957, 'lag_4': 0.19269420176456495, 'lag_5': 0.3703737547106859, 'lag_6': 0.8241077960749482, 'lag_7': 0.07306751961270491, 'lag_8': 0.4453202993959594, 'lag_9': 0.8451988017243365, 'lag_10': 0.1543345235963431, 'lag_11': 0.023543544257270732, 'lag_12': 0.050085049288580846, 'lag_13': 0.937469584369911, 'lag_14': 0.21250791795358803, 'lag_15': 0.6152563609566551, 'lag_16': 0.9729867473104232, 'lag_17': 0.8986542749617873, 'lag_18': 0.9804894180065402, 'lag_19': 0.17808133884367006, 'lag_20': 0.726571316982611, 'lag_21': 0.8032259399132478, 'lag_22': 0.23548144698293993, 'lag_23': 0.5599559597284425, 'lag_24': 0.0011336339923630843, 'lag_25': 0.03697421863202274, 'lag_26': 0.8442076786668755, 'lag_27': 0.9309756574482826, 'lag_28': 0.794942832898076}. Best is trial 12 with value: 0.0034459599961916875.
[I 2025-09-29 12:52:22,407] Trial 52 finished with value: 0.004529673795233296 and parameters: {'lag_0': 0.28875672055365353, 'lag_1': 0.8438515549864092, 'lag_2': 0.8419810358549729, 'lag_3': 0.160335441503947, 'lag_4': 0.37478010687225977, 'lag_5': 0.11936326052454865, 'lag_6': 0.8677974725657283, 'lag_7': 0.21101068963028274, 'lag_8': 0.5397116553603537, 'lag_9': 0.9895209535208578, 'lag_10': 0.2940891169326091, 'lag_11': 0.12606495074825697, 'lag_12': 0.007094133479380274, 'lag_13': 0.8546700121588678, 'lag_14': 0.10204341701493355, 'lag_15': 0.6792691711487042, 'lag_16': 0.8057054858363935, 'lag_17': 0.8203907121842293, 'lag_18': 0.9239868288317159, 'lag_19': 0.3023770188296761, 'lag_20': 0.4476917923224228, 'lag_21': 0.7457153985640678, 'lag_22': 0.3283711423921477, 'lag_23': 0.6373834834140759, 'lag_24': 0.6534044966879455, 'lag_25': 0.09735504596002346, 'lag_26': 0.6989504892764493, 'lag_27': 0.9363917742279438, 'lag_28': 0.9331121757380257}. Best is trial 12 with value: 0.0034459599961916875.
[I 2025-09-29 12:52:24,886] Trial 53 finished with value: 0.003779186265441506 and parameters: {'lag_0': 0.20127750736413036, 'lag_1': 0.7497381146934258, 'lag_2': 0.05908761913717791, 'lag_3': 0.04922478904193892, 'lag_4': 0.14201920819319763, 'lag_5': 0.2543806218143647, 'lag_6': 0.6989971523856409, 'lag_7': 0.10344431247207685, 'lag_8': 0.8783348045477287, 'lag_9': 0.27343447285554073, 'lag_10': 0.07481025344114295, 'lag_11': 0.6427094119832936, 'lag_12': 0.1391264741451712, 'lag_13': 0.988263195929396, 'lag_14': 0.3655847669618902, 'lag_15': 0.007577807452576968, 'lag_16': 0.9156129884969642, 'lag_17': 0.8522048261099169, 'lag_18': 0.8172453346056713, 'lag_19': 0.2319597318221926, 'lag_20': 0.3851122326661325, 'lag_21': 0.6972062463168317, 'lag_22': 0.4040862850262673, 'lag_23': 0.10631711631125416, 'lag_24': 0.046638059619689864, 'lag_25': 0.009405609866293903, 'lag_26': 0.45524002334820335, 'lag_27': 0.9344763223254499, 'lag_28': 0.8738426724169297}. Best is trial 12 with value: 0.0034459599961916875.
[I 2025-09-29 12:52:27,370] Trial 54 finished with value: 0.00463529575074046 and parameters: {'lag_0': 0.19948595143548994, 'lag_1': 0.7969272465668213, 'lag_2': 0.12452988082745176, 'lag_3': 0.04693601107828197, 'lag_4': 0.14214080334638957, 'lag_5': 0.2552679472903676, 'lag_6': 0.639957417134996, 'lag_7': 0.03198604753608182, 'lag_8': 0.8740385656159918, 'lag_9': 0.26326690879949743, 'lag_10': 0.33549495881207186, 'lag_11': 0.6052516474834067, 'lag_12': 0.14719774781387118, 'lag_13': 0.9718480364611135, 'lag_14': 0.3549016837332701, 'lag_15': 0.032721194052091215, 'lag_16': 0.9093114571033069, 'lag_17': 0.9553201061558068, 'lag_18': 0.6672562079570757, 'lag_19': 0.22450140687542094, 'lag_20': 0.3435636424990789, 'lag_21': 0.654546402787105, 'lag_22': 0.4032679160558975, 'lag_23': 0.11844813720423933, 'lag_24': 0.08815803749978074, 'lag_25': 0.9963855580233154, 'lag_26': 0.4352145583339297, 'lag_27': 0.5271547899949826, 'lag_28': 0.8715878634217176}. Best is trial 12 with value: 0.0034459599961916875.
[I 2025-09-29 12:52:29,840] Trial 55 finished with value: 0.004563900128803084 and parameters: {'lag_0': 0.7029657830389288, 'lag_1': 0.6504079820422162, 'lag_2': 0.09493121520057252, 'lag_3': 0.12849285002886085, 'lag_4': 0.06739458802753953, 'lag_5': 0.8478127418082505, 'lag_6': 0.6941884370618046, 'lag_7': 0.08107779803164589, 'lag_8': 0.955601756240641, 'lag_9': 0.11881867718857536, 'lag_10': 0.5328971292294147, 'lag_11': 0.654526858438782, 'lag_12': 0.23272232996501477, 'lag_13': 0.18140428398249264, 'lag_14': 0.2699711380389455, 'lag_15': 0.16413243864912377, 'lag_16': 0.7903672502401553, 'lag_17': 0.874281221161357, 'lag_18': 0.597979079847631, 'lag_19': 0.005175234811672869, 'lag_20': 0.38545489641841474, 'lag_21': 0.6991341579661586, 'lag_22': 0.5105712921831126, 'lag_23': 0.1593935813732036, 'lag_24': 0.05964212507152408, 'lag_25': 0.029182864578453177, 'lag_26': 0.4593562809007442, 'lag_27': 0.7957896180173235, 'lag_28': 0.952151270166707}. Best is trial 12 with value: 0.0034459599961916875.
[I 2025-09-29 12:52:32,333] Trial 56 finished with value: 0.00411936558505638 and parameters: {'lag_0': 0.07583565851948157, 'lag_1': 0.7243571500003176, 'lag_2': 0.5048286755898361, 'lag_3': 0.20611001903911208, 'lag_4': 0.007323853141707876, 'lag_5': 0.15915486367510379, 'lag_6': 0.5280220687599653, 'lag_7': 0.133042362172166, 'lag_8': 0.8940385757212954, 'lag_9': 0.5027927770915926, 'lag_10': 0.6055390910111088, 'lag_11': 0.528647304079864, 'lag_12': 0.5678959759649688, 'lag_13': 0.7743069197448113, 'lag_14': 0.7130320982509865, 'lag_15': 0.07603375496861041, 'lag_16': 0.3433569026777481, 'lag_17': 0.08668929052845104, 'lag_18': 0.16713310042523535, 'lag_19': 0.36017535750524887, 'lag_20': 0.23848191437257182, 'lag_21': 0.5722579643255027, 'lag_22': 0.3668672161878588, 'lag_23': 0.03836667247719816, 'lag_24': 0.6086541730319286, 'lag_25': 0.8464114662208456, 'lag_26': 0.3901353227644932, 'lag_27': 0.5922426298692136, 'lag_28': 0.9993570203911508}. Best is trial 12 with value: 0.0034459599961916875.
[I 2025-09-29 12:52:34,804] Trial 57 finished with value: 0.004148295095234121 and parameters: {'lag_0': 0.8237871329927042, 'lag_1': 0.12425191682879946, 'lag_2': 0.5589206522541701, 'lag_3': 0.36841957773728684, 'lag_4': 0.06716322596642778, 'lag_5': 0.4624382564146253, 'lag_6': 0.9982631538112305, 'lag_7': 0.3466029848957626, 'lag_8': 0.9956335111865543, 'lag_9': 0.30428863628541597, 'lag_10': 0.6663809253453381, 'lag_11': 0.8038405633422252, 'lag_12': 0.12191327278308334, 'lag_13': 0.41728075470917536, 'lag_14': 0.648152752110873, 'lag_15': 0.8742387765533389, 'lag_16': 0.4222102766254593, 'lag_17': 0.7578319331969492, 'lag_18': 0.8182554989888413, 'lag_19': 0.5200381108052374, 'lag_20': 0.01571380716920756, 'lag_21': 0.4152505358857637, 'lag_22': 0.12499443225074937, 'lag_23': 0.10180389210112184, 'lag_24': 0.1914687059219837, 'lag_25': 0.1346246193108495, 'lag_26': 0.33449094892160636, 'lag_27': 0.43799910745955134, 'lag_28': 0.8179805563237847}. Best is trial 12 with value: 0.0034459599961916875.
[I 2025-09-29 12:52:37,287] Trial 58 finished with value: 0.00405729874671398 and parameters: {'lag_0': 0.2600220752154764, 'lag_1': 0.0028199009284142415, 'lag_2': 0.9936775092536108, 'lag_3': 0.8708990870532934, 'lag_4': 0.14471968029862348, 'lag_5': 0.9633321819262501, 'lag_6': 0.731494837835381, 'lag_7': 0.286375726719864, 'lag_8': 0.8552106221697819, 'lag_9': 0.8873933649070247, 'lag_10': 0.10262933199482004, 'lag_11': 0.7445221202091783, 'lag_12': 0.05409270540145644, 'lag_13': 0.7127035727033297, 'lag_14': 0.4266833865415797, 'lag_15': 0.4334718380044229, 'lag_16': 0.17663689351138806, 'lag_17': 0.1741011576938501, 'lag_18': 0.0920289313275175, 'lag_19': 0.4330287251200923, 'lag_20': 0.28116120582539406, 'lag_21': 0.7820754692174645, 'lag_22': 0.30744188484161344, 'lag_23': 0.03575934102372867, 'lag_24': 0.9849800351919534, 'lag_25': 0.21789113754570438, 'lag_26': 0.317729819108347, 'lag_27': 0.36975032696797305, 'lag_28': 0.7780625486523906}. Best is trial 12 with value: 0.0034459599961916875.
[I 2025-09-29 12:52:39,762] Trial 59 finished with value: 0.004143375612369817 and parameters: {'lag_0': 0.9267985329728827, 'lag_1': 0.5942641542027133, 'lag_2': 0.9044188893550884, 'lag_3': 0.058164606792525796, 'lag_4': 0.23951380561383312, 'lag_5': 0.7777266752257053, 'lag_6': 0.6279637586976528, 'lag_7': 0.6390551503812898, 'lag_8': 0.7925870623373307, 'lag_9': 0.0788761127705572, 'lag_10': 0.4712019106753453, 'lag_11': 0.6785439311700474, 'lag_12': 0.4933649257026937, 'lag_13': 0.9261192534255775, 'lag_14': 0.3685227511946216, 'lag_15': 0.1251513297210478, 'lag_16': 0.1166487395689588, 'lag_17': 0.04366415778987075, 'lag_18': 0.4035341192225178, 'lag_19': 0.16764516703856788, 'lag_20': 0.17838070238227033, 'lag_21': 0.6585691765610571, 'lag_22': 0.44506749758222136, 'lag_23': 0.29861943248604317, 'lag_24': 0.6809975835227677, 'lag_25': 0.0022669957321142763, 'lag_26': 0.22113201705653132, 'lag_27': 0.8886602314592695, 'lag_28': 0.8759056169347191}. Best is trial 12 with value: 0.0034459599961916875.
[I 2025-09-29 12:52:42,249] Trial 60 finished with value: 0.004158331219925321 and parameters: {'lag_0': 0.4671486219139639, 'lag_1': 0.1547377501035755, 'lag_2': 0.7166715516656886, 'lag_3': 0.6404088690754175, 'lag_4': 0.04344003254587608, 'lag_5': 0.29656835181652635, 'lag_6': 0.08511574888317414, 'lag_7': 0.9402718483373479, 'lag_8': 0.9045755945580599, 'lag_9': 0.2310507430525684, 'lag_10': 0.7656874445042104, 'lag_11': 0.46567565687729173, 'lag_12': 0.43867439541648157, 'lag_13': 0.09399568709624817, 'lag_14': 0.48272325599451327, 'lag_15': 0.49212021170414977, 'lag_16': 0.23494674805568375, 'lag_17': 0.9946011143191886, 'lag_18': 0.02939938440793787, 'lag_19': 0.05899160557166164, 'lag_20': 0.5140697301372474, 'lag_21': 0.0007980563395656448, 'lag_22': 0.24217976803368232, 'lag_23': 0.10096314005807616, 'lag_24': 0.44291407837707697, 'lag_25': 0.16095381473982595, 'lag_26': 0.2797839573353205, 'lag_27': 0.24078616636331115, 'lag_28': 0.27513110950117614}. Best is trial 12 with value: 0.0034459599961916875.
