[I 2025-09-29 13:08:11,979] Trial 40 finished with value: 0.0034205871401196916 and parameters: {'lag_0': 0.8258498242141531, 'lag_1': 0.17410159987473195, 'lag_2': 0.36098384501675473, 'lag_3': 0.18245954417061455, 'lag_4': 0.10718412478258149, 'lag_5': 0.8332397611369825, 'lag_6': 0.5834019476217741, 'lag_7': 0.14727460945694051, 'lag_8': 0.24245963798365924, 'lag_9': 0.5164268986020182, 'lag_10': 0.8875504893121919, 'lag_11': 0.940714412515253, 'lag_12': 0.30040320279963717, 'lag_13': 0.5034771670049243, 'lag_14': 0.23555579416962485, 'lag_15': 0.061051897180838754, 'lag_16': 0.4327974176805552, 'lag_17': 0.10981443838235622, 'lag_18': 0.6354397960315771, 'lag_19': 0.26211361418955803, 'lag_20': 0.6721093137061418, 'lag_21': 0.6920351555384393, 'lag_22': 0.6701434042272301, 'lag_23': 0.40847943552056426, 'lag_24': 0.4609901424307683, 'lag_25': 0.9438546703657851, 'lag_26': 0.7473421478777551, 'lag_27': 0.2888171036226802, 'lag_28': 0.9234133061482471}. Best is trial 21 with value: 0.0025863234049520465.
[I 2025-09-29 13:08:14,387] Trial 41 finished with value: 0.003945333599124814 and parameters: {'lag_0': 0.5408539450725468, 'lag_1': 0.0806372519067384, 'lag_2': 0.3210478482979662, 'lag_3': 0.4672111578749655, 'lag_4': 0.7526931518723451, 'lag_5': 0.5260893727158322, 'lag_6': 0.1033075876028606, 'lag_7': 0.7406416246110713, 'lag_8': 0.22390174375749133, 'lag_9': 0.7191715209893899, 'lag_10': 0.959373791033491, 'lag_11': 0.687050301564796, 'lag_12': 0.058348985240427975, 'lag_13': 0.8617595198584379, 'lag_14': 0.34634703158260977, 'lag_15': 0.1775993142866738, 'lag_16': 0.1938783661270233, 'lag_17': 0.6591522561065758, 'lag_18': 0.48529763541015564, 'lag_19': 0.8401028780367614, 'lag_20': 0.7267892953618803, 'lag_21': 0.5284877148626349, 'lag_22': 0.5464113658585191, 'lag_23': 0.35939051248614323, 'lag_24': 0.06693662783985299, 'lag_25': 0.9084570284346184, 'lag_26': 0.05593024674698799, 'lag_27': 0.9563308284658412, 'lag_28': 0.5301244273169672}. Best is trial 21 with value: 0.0025863234049520465.
[I 2025-09-29 13:08:16,793] Trial 42 finished with value: 0.003275410787281429 and parameters: {'lag_0': 0.40050026046688436, 'lag_1': 0.23456966561502055, 'lag_2': 0.2500211404949986, 'lag_3': 0.4741432198982655, 'lag_4': 0.7993754766777997, 'lag_5': 0.5716575121899903, 'lag_6': 0.1150534139836881, 'lag_7': 0.7006305176456791, 'lag_8': 0.12874711570061936, 'lag_9': 0.7652789456267091, 'lag_10': 0.7112661861784706, 'lag_11': 0.7367660332501087, 'lag_12': 0.08975083930109098, 'lag_13': 0.8725811547772191, 'lag_14': 0.41462771489926153, 'lag_15': 0.14357629839800531, 'lag_16': 0.04035922448339116, 'lag_17': 0.5900976975086765, 'lag_18': 0.34595218348383067, 'lag_19': 0.9464825622204477, 'lag_20': 0.941937020515261, 'lag_21': 0.48035652750181523, 'lag_22': 0.4559493422488436, 'lag_23': 0.3994700589044744, 'lag_24': 0.15424151992870433, 'lag_25': 0.8404182261031596, 'lag_26': 0.06570239649162425, 'lag_27': 0.9013468487937059, 'lag_28': 0.4570703161224602}. Best is trial 21 with value: 0.0025863234049520465.
[I 2025-09-29 13:08:19,206] Trial 43 finished with value: 0.003605591299631968 and parameters: {'lag_0': 0.48747548995297907, 'lag_1': 0.43294851710939675, 'lag_2': 0.4465664753566361, 'lag_3': 0.4100887950584102, 'lag_4': 0.7024256027737293, 'lag_5': 0.6579646102221312, 'lag_6': 0.1784841210345882, 'lag_7': 0.6215170758645442, 'lag_8': 0.3331200627894374, 'lag_9': 0.6906476102173918, 'lag_10': 0.9358779872822642, 'lag_11': 0.653108453042902, 'lag_12': 0.18702726329310929, 'lag_13': 0.9542687741270763, 'lag_14': 0.3194553932017229, 'lag_15': 0.23926408372265978, 'lag_16': 0.10693067591755401, 'lag_17': 0.6437357885825021, 'lag_18': 0.43652180191447604, 'lag_19': 0.3476521968458757, 'lag_20': 0.7730621022809259, 'lag_21': 0.5669128214822141, 'lag_22': 0.37964261837885505, 'lag_23': 0.34121944820877315, 'lag_24': 0.20953992546642053, 'lag_25': 0.9957663556893634, 'lag_26': 0.15492573058087408, 'lag_27': 0.9942821694832928, 'lag_28': 0.4064865501134549}. Best is trial 21 with value: 0.0025863234049520465.
[I 2025-09-29 13:08:21,620] Trial 44 finished with value: 0.0037864936283120076 and parameters: {'lag_0': 0.6601716381376131, 'lag_1': 0.3595403876853805, 'lag_2': 0.20858620215855425, 'lag_3': 0.2995153157765339, 'lag_4': 0.8454980019315254, 'lag_5': 0.7634705178995278, 'lag_6': 0.05644702146481284, 'lag_7': 0.5478838693581869, 'lag_8': 0.18097094107899625, 'lag_9': 0.8371869619147254, 'lag_10': 0.7925667949792174, 'lag_11': 0.5894162137493573, 'lag_12': 0.004891869227865581, 'lag_13': 0.725870359831148, 'lag_14': 0.894091624797852, 'lag_15': 0.4040868277450548, 'lag_16': 0.16477799637657825, 'lag_17': 0.7238715175225461, 'lag_18': 0.5381305186300596, 'lag_19': 0.7509249266479463, 'lag_20': 0.6933559330586967, 'lag_21': 0.3150819193006905, 'lag_22': 0.5491455166968391, 'lag_23': 0.4922784108189643, 'lag_24': 0.26706426496487345, 'lag_25': 0.8800100026631091, 'lag_26': 0.006844934435284436, 'lag_27': 0.46460634598138445, 'lag_28': 0.5545005592395522}. Best is trial 21 with value: 0.0025863234049520465.
[I 2025-09-29 13:08:24,034] Trial 45 finished with value: 0.0037510271973547754 and parameters: {'lag_0': 0.715374963495618, 'lag_1': 0.1765225768302866, 'lag_2': 0.10290526903589517, 'lag_3': 0.37310470823309755, 'lag_4': 0.646223657103645, 'lag_5': 0.558100924706415, 'lag_6': 0.30937739961283056, 'lag_7': 0.8820718925085306, 'lag_8': 0.008227127693101785, 'lag_9': 0.1585324648418323, 'lag_10': 0.5362037296818325, 'lag_11': 0.11428314691716573, 'lag_12': 0.19008326456823316, 'lag_13': 0.9987933129979591, 'lag_14': 0.09861987288295948, 'lag_15': 0.27396573845345074, 'lag_16': 0.08630467886680637, 'lag_17': 0.5210888552686477, 'lag_18': 0.6306528102772571, 'lag_19': 0.9098811388946297, 'lag_20': 0.804054884747363, 'lag_21': 0.2133254391327603, 'lag_22': 0.13658836902807947, 'lag_23': 0.24675410335192044, 'lag_24': 0.6847052837716965, 'lag_25': 0.8535151333123203, 'lag_26': 0.420858372901835, 'lag_27': 0.8502148723726046, 'lag_28': 0.4882751815708332}. Best is trial 21 with value: 0.0025863234049520465.
[I 2025-09-29 13:08:26,443] Trial 46 finished with value: 0.003947646525981395 and parameters: {'lag_0': 0.5374911864253521, 'lag_1': 0.5250766915936631, 'lag_2': 0.4161363689593233, 'lag_3': 0.44119565349191187, 'lag_4': 0.5580050555163021, 'lag_5': 0.2762058074099332, 'lag_6': 0.35748944392798315, 'lag_7': 0.7720872487441313, 'lag_8': 0.08375982665619378, 'lag_9': 0.6220439813708967, 'lag_10': 0.4641795665209433, 'lag_11': 0.8193638621634549, 'lag_12': 0.9917950135722357, 'lag_13': 0.09421512892735129, 'lag_14': 0.5130270461010638, 'lag_15': 0.002157339243098383, 'lag_16': 0.03517928647916101, 'lag_17': 0.7800253443546155, 'lag_18': 0.1565450287883079, 'lag_19': 0.5057233668270771, 'lag_20': 0.18604266751440746, 'lag_21': 0.7856637477216167, 'lag_22': 0.7211023764698747, 'lag_23': 0.44443610805587674, 'lag_24': 0.19788010715899645, 'lag_25': 0.9531791435130742, 'lag_26': 0.2446649994720284, 'lag_27': 0.7420640384152382, 'lag_28': 0.3017935109492398}. Best is trial 21 with value: 0.0025863234049520465.
[I 2025-09-29 13:08:28,860] Trial 47 finished with value: 0.0041856249748264554 and parameters: {'lag_0': 0.6016080563095378, 'lag_1': 0.22417734732624464, 'lag_2': 0.3207330176067481, 'lag_3': 0.5392632398418021, 'lag_4': 0.4249060252536562, 'lag_5': 0.3470579706001535, 'lag_6': 0.21851876115349655, 'lag_7': 0.955916719512849, 'lag_8': 0.5095505697960886, 'lag_9': 0.942631925784352, 'lag_10': 0.2819589605487907, 'lag_11': 0.43127281266424916, 'lag_12': 0.6279413084511787, 'lag_13': 0.7899140637057762, 'lag_14': 0.044232759936612104, 'lag_15': 0.19311895814557453, 'lag_16': 0.29474780841119635, 'lag_17': 0.4443531822150453, 'lag_18': 0.3628057874769992, 'lag_19': 0.09764460852485596, 'lag_20': 0.8409305850382327, 'lag_21': 0.7243663238751264, 'lag_22': 0.8798432302534874, 'lag_23': 0.06941740543282485, 'lag_24': 0.08245833155851653, 'lag_25': 0.8069838742180212, 'lag_26': 0.33551979646395436, 'lag_27': 0.9576681539329315, 'lag_28': 0.7211434344736964}. Best is trial 21 with value: 0.0025863234049520465.
[I 2025-09-29 13:08:31,282] Trial 48 finished with value: 0.003911768321732204 and parameters: {'lag_0': 0.4623886088553289, 'lag_1': 0.2867886503688214, 'lag_2': 0.9248061910736722, 'lag_3': 0.20400753966894242, 'lag_4': 0.321161888944976, 'lag_5': 0.4416793728683153, 'lag_6': 0.26559321549223586, 'lag_7': 0.8578822172036342, 'lag_8': 0.1938931947400798, 'lag_9': 0.7157672014029042, 'lag_10': 0.11803594705747661, 'lag_11': 0.34364017505112676, 'lag_12': 0.25160517069342914, 'lag_13': 0.8643147452394319, 'lag_14': 0.16549725030041917, 'lag_15': 0.3267223920068788, 'lag_16': 0.20970127379135522, 'lag_17': 0.937234843093212, 'lag_18': 0.0015324441470503198, 'lag_19': 0.19592100550345215, 'lag_20': 0.6435845185177121, 'lag_21': 0.6137838782462722, 'lag_22': 0.9486821519417792, 'lag_23': 0.159487003192737, 'lag_24': 0.3352156470714134, 'lag_25': 0.1429310797682477, 'lag_26': 0.9168430599171252, 'lag_27': 0.9000634622833988, 'lag_28': 0.6307126863720296}. Best is trial 21 with value: 0.0025863234049520465.
[I 2025-09-29 13:08:33,700] Trial 49 finished with value: 0.0038827060359257573 and parameters: {'lag_0': 0.3001990823271316, 'lag_1': 0.04600719922119921, 'lag_2': 0.48814628609021615, 'lag_3': 0.08836300488549359, 'lag_4': 0.7128729872982287, 'lag_5': 0.7128754727902593, 'lag_6': 0.6260959895454784, 'lag_7': 0.2943147096376965, 'lag_8': 0.8587676928463728, 'lag_9': 0.9971412868899612, 'lag_10': 0.36713859688738043, 'lag_11': 0.9870660719099473, 'lag_12': 0.37740974992687315, 'lag_13': 0.957147219307697, 'lag_14': 0.6487811801994865, 'lag_15': 0.1156885710889355, 'lag_16': 0.149298003964961, 'lag_17': 0.5110722977254943, 'lag_18': 0.2739419580548934, 'lag_19': 0.3162491606210977, 'lag_20': 0.7446286003761612, 'lag_21': 0.4403526946567184, 'lag_22': 0.5774852541125867, 'lag_23': 0.9558485594711736, 'lag_24': 0.5974003954829703, 'lag_25': 0.5284138029808692, 'lag_26': 0.6002212554481852, 'lag_27': 0.7771779024182826, 'lag_28': 0.9445157445827885}. Best is trial 21 with value: 0.0025863234049520465.
[I 2025-09-29 13:08:36,109] Trial 50 finished with value: 0.004078035926173299 and parameters: {'lag_0': 0.4020221649138185, 'lag_1': 0.5033281028693138, 'lag_2': 0.156941671864387, 'lag_3': 0.3629031777610895, 'lag_4': 0.7673382059933679, 'lag_5': 0.07558359269845288, 'lag_6': 0.14745655242788777, 'lag_7': 0.6509259930442951, 'lag_8': 0.24883027747051745, 'lag_9': 0.551324887824449, 'lag_10': 0.4326910606647351, 'lag_11': 0.5398226559240085, 'lag_12': 0.5442191856784024, 'lag_13': 0.8350348248815109, 'lag_14': 0.39390549076857223, 'lag_15': 0.6794394998746924, 'lag_16': 0.021222790352944585, 'lag_17': 0.28842240191147595, 'lag_18': 0.4156379004691572, 'lag_19': 0.6044371405392218, 'lag_20': 0.44950014414298334, 'lag_21': 0.9444196973217401, 'lag_22': 0.6475204223611181, 'lag_23': 0.5525519944334942, 'lag_24': 0.4593192260620539, 'lag_25': 0.9202444757854608, 'lag_26': 0.4728082649923684, 'lag_27': 0.961290377316982, 'lag_28': 0.565653506129538}. Best is trial 21 with value: 0.0025863234049520465.
[I 2025-09-29 13:08:38,523] Trial 51 finished with value: 0.003266963349117277 and parameters: {'lag_0': 0.5831996211765165, 'lag_1': 0.40313658092987253, 'lag_2': 0.427413965258506, 'lag_3': 0.8773841666507427, 'lag_4': 0.574214993073842, 'lag_5': 0.6486190256558889, 'lag_6': 0.570222410211224, 'lag_7': 0.786177389822649, 'lag_8': 0.30133201907575247, 'lag_9': 0.8118742506048219, 'lag_10': 0.6333929258647213, 'lag_11': 0.7131654882819677, 'lag_12': 0.46086569406986144, 'lag_13': 0.9135856658494084, 'lag_14': 0.11799386451107216, 'lag_15': 0.2137571151644856, 'lag_16': 0.011354046213806354, 'lag_17': 0.6307366431795063, 'lag_18': 0.4044870942271186, 'lag_19': 0.2671790140232816, 'lag_20': 0.7289724645901646, 'lag_21': 0.38356275806444134, 'lag_22': 0.8396105311647191, 'lag_23': 0.23771602416625817, 'lag_24': 0.5359191922102616, 'lag_25': 0.8379551909676003, 'lag_26': 0.3986057177395876, 'lag_27': 0.8283940243572138, 'lag_28': 0.5863965412967426}. Best is trial 21 with value: 0.0025863234049520465.
[I 2025-09-29 13:08:40,927] Trial 52 finished with value: 0.003919986374238173 and parameters: {'lag_0': 0.5138385948019635, 'lag_1': 0.3780244174078632, 'lag_2': 0.5154455872520154, 'lag_3': 0.7891893597711532, 'lag_4': 0.6415099279132733, 'lag_5': 0.5762701694289315, 'lag_6': 0.71597891348163, 'lag_7': 0.7972513899706853, 'lag_8': 0.28619095284639484, 'lag_9': 0.7746055826072785, 'lag_10': 0.5598196089498508, 'lag_11': 0.697607787671441, 'lag_12': 0.683914205781458, 'lag_13': 0.891740908676987, 'lag_14': 0.13061213347202105, 'lag_15': 0.07424443455337282, 'lag_16': 0.07256493943581824, 'lag_17': 0.608622280220113, 'lag_18': 0.4661133201557338, 'lag_19': 0.40666360456052975, 'lag_20': 0.9944271202371413, 'lag_21': 0.3391913045626115, 'lag_22': 0.8180782644091815, 'lag_23': 0.27925078477745896, 'lag_24': 0.3895383313341291, 'lag_25': 0.7563152841227305, 'lag_26': 0.3547842910624316, 'lag_27': 0.8160814992130996, 'lag_28': 0.6711462619090797}. Best is trial 21 with value: 0.0025863234049520465.
[I 2025-09-29 13:08:43,336] Trial 53 finished with value: 0.0036354695929526 and parameters: {'lag_0': 0.5791287129604276, 'lag_1': 0.3440236823721022, 'lag_2': 0.3640467170631708, 'lag_3': 0.8553965441087789, 'lag_4': 0.5122170545088336, 'lag_5': 0.48912869947310206, 'lag_6': 0.6190624578424705, 'lag_7': 0.697071307758472, 'lag_8': 0.16355255430195748, 'lag_9': 0.8768471117624348, 'lag_10': 0.6939247574450336, 'lag_11': 0.7626626266354932, 'lag_12': 0.05036582319593194, 'lag_13': 0.9371030149352981, 'lag_14': 0.04061518149529522, 'lag_15': 0.1671483167439242, 'lag_16': 0.0006267226147902497, 'lag_17': 0.5807743088550616, 'lag_18': 0.5244408266293187, 'lag_19': 0.11345201424421708, 'lag_20': 0.7606369314551235, 'lag_21': 0.5068268682392998, 'lag_22': 0.9645738471083574, 'lag_23': 0.2172967480945079, 'lag_24': 0.6448654474052741, 'lag_25': 0.8799704812352612, 'lag_26': 0.371499179904816, 'lag_27': 0.8787861486826347, 'lag_28': 0.3931334029571483}. Best is trial 21 with value: 0.0025863234049520465.
[I 2025-09-29 13:08:45,754] Trial 54 finished with value: 0.003390538610868594 and parameters: {'lag_0': 0.6283607224435498, 'lag_1': 0.44432480008885034, 'lag_2': 0.2809086583923476, 'lag_3': 0.6093700861245006, 'lag_4': 0.6772900594397404, 'lag_5': 0.5565498046819076, 'lag_6': 0.5486687376650314, 'lag_7': 0.7446330751707513, 'lag_8': 0.9891551520793206, 'lag_9': 0.8500686504213549, 'lag_10': 0.6230370345157245, 'lag_11': 0.6245582127641869, 'lag_12': 0.48815890104510884, 'lag_13': 0.9957807491900712, 'lag_14': 0.2621609155236957, 'lag_15': 0.3553177848999831, 'lag_16': 0.10196438162808498, 'lag_17': 0.7175208310069847, 'lag_18': 0.3928728700689006, 'lag_19': 0.8101902970392513, 'lag_20': 0.8843370110361773, 'lag_21': 0.1016343966249984, 'lag_22': 0.8793820112654618, 'lag_23': 0.3907999583157282, 'lag_24': 0.7153514153175016, 'lag_25': 0.9891817291413364, 'lag_26': 0.20166671179959303, 'lag_27': 0.0031027341230478456, 'lag_28': 0.8740434381711448}. Best is trial 21 with value: 0.0025863234049520465.
[I 2025-09-29 13:08:48,165] Trial 55 finished with value: 0.003922029904046723 and parameters: {'lag_0': 0.7129031538523145, 'lag_1': 0.5835343380371839, 'lag_2': 0.47253193355807854, 'lag_3': 0.7115514869637237, 'lag_4': 0.472639997929164, 'lag_5': 0.6131629873052706, 'lag_6': 0.49123874420993174, 'lag_7': 0.8291566694284755, 'lag_8': 0.3918237136017212, 'lag_9': 0.7444615598735953, 'lag_10': 0.7680557656641206, 'lag_11': 0.7388269383660687, 'lag_12': 0.12030166647066992, 'lag_13': 0.45499458682225635, 'lag_14': 0.17904163419602617, 'lag_15': 0.21816811299020022, 'lag_16': 0.5921741155034881, 'lag_17': 0.17996734749411797, 'lag_18': 0.19685605375695206, 'lag_19': 0.46661268684249196, 'lag_20': 0.8279947987192153, 'lag_21': 0.34302314975975745, 'lag_22': 0.7881268679821144, 'lag_23': 0.31833002232283797, 'lag_24': 0.5949593728473652, 'lag_25': 0.6942176393857608, 'lag_26': 0.5570014309849545, 'lag_27': 0.7803710888210676, 'lag_28': 0.4993809022819412}. Best is trial 21 with value: 0.0025863234049520465.
[I 2025-09-29 13:08:50,572] Trial 56 finished with value: 0.004171361480355274 and parameters: {'lag_0': 0.35931823244259087, 'lag_1': 0.7349971089174605, 'lag_2': 0.5727589779059317, 'lag_3': 0.4936970960846353, 'lag_4': 0.5982752873653511, 'lag_5': 0.37560478166167005, 'lag_6': 0.6889440848082152, 'lag_7': 0.3732123925413858, 'lag_8': 0.9174983614235885, 'lag_9': 0.8019766150243522, 'lag_10': 0.4693999229701188, 'lag_11': 0.7907347077333227, 'lag_12': 0.8874976392214653, 'lag_13': 0.8043119396061047, 'lag_14': 0.10375927986772691, 'lag_15': 0.4605752345629863, 'lag_16': 0.08010140709798433, 'lag_17': 0.6489226117048651, 'lag_18': 0.3463204859982257, 'lag_19': 0.23411100473108729, 'lag_20': 0.948280875798827, 'lag_21': 0.24557921556864504, 'lag_22': 0.7027046489230583, 'lag_23': 0.2703224640148252, 'lag_24': 0.4965451441377132, 'lag_25': 0.8118160265911716, 'lag_26': 0.6702945809839957, 'lag_27': 0.9211624610847071, 'lag_28': 0.5413444651623868}. Best is trial 21 with value: 0.0025863234049520465.
[I 2025-09-29 13:08:52,977] Trial 57 finished with value: 0.0042306494822698885 and parameters: {'lag_0': 0.20797800201128522, 'lag_1': 0.4874294364109034, 'lag_2': 0.401144158771172, 'lag_3': 0.43506414741205107, 'lag_4': 0.3888776900410304, 'lag_5': 0.27146943977961513, 'lag_6': 0.41675189651799205, 'lag_7': 0.5900231764376895, 'lag_8': 0.21562408004059766, 'lag_9': 0.6892661733197801, 'lag_10': 0.6641201027412661, 'lag_11': 0.9044333585365779, 'lag_12': 0.4206623815139289, 'lag_13': 0.35306785474506663, 'lag_14': 0.01099285491947595, 'lag_15': 0.27351937137669036, 'lag_16': 0.7802465108786703, 'lag_17': 0.4750387692794568, 'lag_18': 0.5949727294587702, 'lag_19': 0.33998799127699453, 'lag_20': 0.5982087563656339, 'lag_21': 0.8088266977470564, 'lag_22': 0.5094914762423338, 'lag_23': 0.12643688834039418, 'lag_24': 0.7926268425587827, 'lag_25': 0.34886502195330565, 'lag_26': 0.43696472727107477, 'lag_27': 0.7153902815549185, 'lag_28': 0.46568178187112164}. Best is trial 21 with value: 0.0025863234049520465.
[I 2025-09-29 13:08:55,393] Trial 58 finished with value: 0.0034770079836559387 and parameters: {'lag_0': 0.43555102248704886, 'lag_1': 0.10123945873582026, 'lag_2': 0.6516299381985535, 'lag_3': 0.31985322524813903, 'lag_4': 0.850475018944914, 'lag_5': 0.41807445886549616, 'lag_6': 0.0662864641792437, 'lag_7': 0.671432103660836, 'lag_8': 0.03252026511543121, 'lag_9': 0.8938543567103701, 'lag_10': 0.6013876634807477, 'lag_11': 0.5909496702434766, 'lag_12': 0.7522123368806152, 'lag_13': 0.887793351296994, 'lag_14': 0.22796157815035079, 'lag_15': 0.11783436378766664, 'lag_16': 0.13819639940143177, 'lag_17': 0.3745689048375477, 'lag_18': 0.7491375727397431, 'lag_19': 0.040652720628926414, 'lag_20': 0.6868507297432727, 'lag_21': 0.18309780841112738, 'lag_22': 0.9066697699869888, 'lag_23': 0.6117885640190616, 'lag_24': 0.0362852190401433, 'lag_25': 0.864936324594227, 'lag_26': 0.2769363413315159, 'lag_27': 0.859694693611255, 'lag_28': 0.5874482959387527}. Best is trial 21 with value: 0.0025863234049520465.
[I 2025-09-29 13:08:57,795] Trial 59 finished with value: 0.004052397423270187 and parameters: {'lag_0': 0.5664483239594991, 'lag_1': 0.1497768445002246, 'lag_2': 0.2333797896839825, 'lag_3': 0.7730782760156166, 'lag_4': 0.6248702651198759, 'lag_5': 0.5213846852338404, 'lag_6': 0.6024465101589819, 'lag_7': 0.935064664348158, 'lag_8': 0.43156428728090257, 'lag_9': 0.6494964893457486, 'lag_10': 0.5285923596989249, 'lag_11': 0.6617193111322831, 'lag_12': 0.8101272847561316, 'lag_13': 0.9596379952014474, 'lag_14': 0.07041774168615475, 'lag_15': 0.042920547275027504, 'lag_16': 0.0020757293109761616, 'lag_17': 0.7551089421403905, 'lag_18': 0.04527891321870104, 'lag_19': 0.5307572685324993, 'lag_20': 0.048778412773091584, 'lag_21': 0.8911655396438681, 'lag_22': 0.9755729616749589, 'lag_23': 0.45282835882354955, 'lag_24': 0.4875546225122867, 'lag_25': 0.219995711015043, 'lag_26': 0.6334283922008166, 'lag_27': 0.9769117173709614, 'lag_28': 0.6486997830364477}. Best is trial 21 with value: 0.0025863234049520465.
[I 2025-09-29 13:09:00,212] Trial 60 finished with value: 0.004401407920538182 and parameters: {'lag_0': 0.6320866544493753, 'lag_1': 0.04904200950711855, 'lag_2': 0.3378137724067917, 'lag_3': 0.5478563540701683, 'lag_4': 0.5551429246850272, 'lag_5': 0.31940525276876364, 'lag_6': 0.515991641538102, 'lag_7': 0.539656223983887, 'lag_8': 0.09930946420861014, 'lag_9': 0.9282332110313504, 'lag_10': 0.8182835266386681, 'lag_11': 0.8082594574232643, 'lag_12': 0.17223407935734636, 'lag_13': 0.7427904987514041, 'lag_14': 0.33743030046862893, 'lag_15': 0.7967785095505296, 'lag_16': 0.17607911890500982, 'lag_17': 0.8486232560099647, 'lag_18': 0.11817435690686032, 'lag_19': 0.17188135991592712, 'lag_20': 0.9152698093941012, 'lag_21': 0.7403331723876494, 'lag_22': 0.4123087505674376, 'lag_23': 0.03482749263892573, 'lag_24': 0.4238750015526967, 'lag_25': 0.968738084875147, 'lag_26': 0.12124889044732384, 'lag_27': 0.6506712210842502, 'lag_28': 0.762479212497478}. Best is trial 21 with value: 0.0025863234049520465.
