[I 2025-09-29 12:51:04,218] Trial 19 finished with value: 0.0033055972546927256 and parameters: {'lag_0': 0.7623608903944477, 'lag_1': 0.009836592908889663, 'lag_2': 0.6091232206383375, 'lag_3': 0.6087062960660259, 'lag_4': 0.9998856372576364, 'lag_5': 0.6226619509793512, 'lag_6': 0.658819230549467, 'lag_7': 0.1346935377596475, 'lag_8': 0.33183383895909974, 'lag_9': 0.5382841422508059, 'lag_10': 0.38725807144699764, 'lag_11': 0.8994794133848412, 'lag_12': 0.22576008169229084, 'lag_13': 0.8658436472739041, 'lag_14': 0.27229695094326134, 'lag_15': 0.3761141951906949, 'lag_16': 0.8834307123022452, 'lag_17': 0.1403842615264797, 'lag_18': 0.7203773072417672, 'lag_19': 0.5669972520012616, 'lag_20': 0.9735712134598841, 'lag_21': 0.6789377336853482, 'lag_22': 0.28416054640266675, 'lag_23': 0.4262945866517619, 'lag_24': 0.11833611944342953, 'lag_25': 0.9977226080505743, 'lag_26': 0.9125626995064338, 'lag_27': 0.2550715277315933, 'lag_28': 0.19417669010648642}. Best is trial 10 with value: 0.0032686279857744383.
[I 2025-09-29 12:51:06,706] Trial 20 finished with value: 0.0035476658838234304 and parameters: {'lag_0': 0.9953470805836009, 'lag_1': 0.6103625992352928, 'lag_2': 0.4813503033840046, 'lag_3': 0.8959614334206311, 'lag_4': 0.7404546212255245, 'lag_5': 0.44224745435390983, 'lag_6': 0.7572855020883326, 'lag_7': 0.297922894007723, 'lag_8': 0.19597631527539372, 'lag_9': 0.7100584490825064, 'lag_10': 0.5816566811202534, 'lag_11': 0.7297566916515331, 'lag_12': 0.7574917440010955, 'lag_13': 0.4059564242227126, 'lag_14': 0.09439904674209591, 'lag_15': 0.6680181195495415, 'lag_16': 0.726516064725274, 'lag_17': 0.6219635922260942, 'lag_18': 0.44046498525816036, 'lag_19': 0.7552751090837637, 'lag_20': 0.3691713206638486, 'lag_21': 0.33705948150926013, 'lag_22': 0.09841775624602807, 'lag_23': 0.7991409737588182, 'lag_24': 0.26279523527007653, 'lag_25': 0.16624076159675194, 'lag_26': 0.4560626698462572, 'lag_27': 0.47330046206415777, 'lag_28': 0.7846762968253805}. Best is trial 10 with value: 0.0032686279857744383.
[I 2025-09-29 12:51:09,190] Trial 21 finished with value: 0.0036587459570827617 and parameters: {'lag_0': 0.7438209861912939, 'lag_1': 0.007261237624031781, 'lag_2': 0.6111271157238186, 'lag_3': 0.5904816119288128, 'lag_4': 0.9893344014796494, 'lag_5': 0.6349609943202789, 'lag_6': 0.66640690910234, 'lag_7': 0.11395586454088726, 'lag_8': 0.3439399631452105, 'lag_9': 0.5534838217931384, 'lag_10': 0.38645577979790596, 'lag_11': 0.880627691729967, 'lag_12': 0.2033534017970285, 'lag_13': 0.8741216953769718, 'lag_14': 0.2822499171796451, 'lag_15': 0.3653532377134173, 'lag_16': 0.8990747015296566, 'lag_17': 0.1986446412403436, 'lag_18': 0.6698775664286704, 'lag_19': 0.5454255147153431, 'lag_20': 0.9843967377263928, 'lag_21': 0.6709140669301571, 'lag_22': 0.291317894830874, 'lag_23': 0.4265012857638407, 'lag_24': 0.12254687881405757, 'lag_25': 0.960123798258012, 'lag_26': 0.8862218295836449, 'lag_27': 0.2627643607040113, 'lag_28': 0.19381916531406534}. Best is trial 10 with value: 0.0032686279857744383.
[I 2025-09-29 12:51:11,673] Trial 22 finished with value: 0.003470572871057602 and parameters: {'lag_0': 0.8586450602318597, 'lag_1': 0.10435076820498686, 'lag_2': 0.7482971457775773, 'lag_3': 0.35291805159963185, 'lag_4': 0.8860203875881699, 'lag_5': 0.8704984039454109, 'lag_6': 0.8836006563523796, 'lag_7': 0.10310537528850347, 'lag_8': 0.08320439605969765, 'lag_9': 0.8425070601968662, 'lag_10': 0.24163771843058107, 'lag_11': 0.8963459533992658, 'lag_12': 0.407407883388552, 'lag_13': 0.8476736036443732, 'lag_14': 0.4184225216792904, 'lag_15': 0.4481900106261851, 'lag_16': 0.90056165920994, 'lag_17': 0.10540023247591318, 'lag_18': 0.8901575166612605, 'lag_19': 0.42364871091290063, 'lag_20': 0.6799301700506155, 'lag_21': 0.6993445296873747, 'lag_22': 0.21362485324700886, 'lag_23': 0.6108827339989996, 'lag_24': 0.09537785156900133, 'lag_25': 0.8892435947149279, 'lag_26': 0.9050113739711717, 'lag_27': 0.015172604830711811, 'lag_28': 0.30186470746326766}. Best is trial 10 with value: 0.0032686279857744383.
[I 2025-09-29 12:51:14,161] Trial 23 finished with value: 0.0033298815744725514 and parameters: {'lag_0': 0.8881298677522856, 'lag_1': 0.3648810597337637, 'lag_2': 0.5427523352919621, 'lag_3': 0.8437820878853739, 'lag_4': 0.46996446816507503, 'lag_5': 0.790108775770709, 'lag_6': 0.9604657456614084, 'lag_7': 0.42997258164128144, 'lag_8': 0.2132977190393203, 'lag_9': 0.1757235314853739, 'lag_10': 0.10117121321124392, 'lag_11': 0.7823372685644183, 'lag_12': 0.004016664446187201, 'lag_13': 0.998004525561397, 'lag_14': 0.2151865892615239, 'lag_15': 0.30018185417844656, 'lag_16': 0.943669683546383, 'lag_17': 0.2762392845057693, 'lag_18': 0.7507462258347587, 'lag_19': 0.5544663477502731, 'lag_20': 0.9007902218778536, 'lag_21': 0.43137412148759874, 'lag_22': 0.39584741117148503, 'lag_23': 0.4519661605661082, 'lag_24': 0.2793156401528539, 'lag_25': 0.9933607756146656, 'lag_26': 0.7180953557310917, 'lag_27': 0.35508211937782896, 'lag_28': 0.622152960805143}. Best is trial 10 with value: 0.0032686279857744383.
[I 2025-09-29 12:51:16,647] Trial 24 finished with value: 0.003455020323924308 and parameters: {'lag_0': 0.7081794969581083, 'lag_1': 0.23730533574736395, 'lag_2': 0.6401425714516703, 'lag_3': 0.666203221191899, 'lag_4': 0.9817197059514032, 'lag_5': 0.27903707502463415, 'lag_6': 0.7399747134670143, 'lag_7': 0.03336037404863552, 'lag_8': 0.39847424960090083, 'lag_9': 0.34998793024455155, 'lag_10': 0.4045463198109613, 'lag_11': 0.5687476860791018, 'lag_12': 0.2187869547223062, 'lag_13': 0.6371770276404842, 'lag_14': 0.09328105467859851, 'lag_15': 0.16045071013202586, 'lag_16': 0.8495662051797732, 'lag_17': 0.11078685778333419, 'lag_18': 0.0019465963414664333, 'lag_19': 0.31910311528764645, 'lag_20': 0.5088018060756394, 'lag_21': 0.9440098727686334, 'lag_22': 0.07915740405167924, 'lag_23': 0.28842393432790725, 'lag_24': 0.21251482236571834, 'lag_25': 0.7843289849497646, 'lag_26': 0.8035959887275451, 'lag_27': 0.1826626292315662, 'lag_28': 0.48143052824288024}. Best is trial 10 with value: 0.0032686279857744383.
[I 2025-09-29 12:51:19,139] Trial 25 finished with value: 0.003539585984651163 and parameters: {'lag_0': 0.5838539989709735, 'lag_1': 0.5344894020718589, 'lag_2': 0.34782393815690094, 'lag_3': 0.5438357199738668, 'lag_4': 0.7623816925656515, 'lag_5': 0.5762859140056292, 'lag_6': 0.6063590338776228, 'lag_7': 0.14703275500774093, 'lag_8': 0.57260926131239, 'lag_9': 0.009770574803594556, 'lag_10': 0.30318978084078907, 'lag_11': 0.9196305297360414, 'lag_12': 0.5596628440736837, 'lag_13': 0.3280572291963383, 'lag_14': 0.4227854911106436, 'lag_15': 0.3450039437789725, 'lag_16': 0.9911088072058449, 'lag_17': 0.4881734141479362, 'lag_18': 0.6111194244641364, 'lag_19': 0.5661203836348221, 'lag_20': 0.5477601529767333, 'lag_21': 0.24122964913803757, 'lag_22': 0.25309588971656116, 'lag_23': 0.6746018400727682, 'lag_24': 0.09744007465429232, 'lag_25': 0.6645136038813797, 'lag_26': 0.943642065720173, 'lag_27': 0.30545527976772474, 'lag_28': 0.19313524381320787}. Best is trial 10 with value: 0.0032686279857744383.
[I 2025-09-29 12:51:21,630] Trial 26 finished with value: 0.003851582685241844 and parameters: {'lag_0': 0.8076808968345116, 'lag_1': 0.07653335273638057, 'lag_2': 0.9506280593618899, 'lag_3': 0.8214258574726366, 'lag_4': 0.6151373977270262, 'lag_5': 0.7163037130284642, 'lag_6': 0.4276641208528607, 'lag_7': 0.2591258980729024, 'lag_8': 0.28134489495408155, 'lag_9': 0.4906738242527731, 'lag_10': 0.7045975184833944, 'lag_11': 0.6357227611654508, 'lag_12': 0.2810724317224113, 'lag_13': 0.4817151691492185, 'lag_14': 0.251861055778961, 'lag_15': 0.5334545105834613, 'lag_16': 0.710332475780029, 'lag_17': 0.30262571622156775, 'lag_18': 0.5205510241146561, 'lag_19': 0.15292196882828502, 'lag_20': 0.7897442098249703, 'lag_21': 0.5115264818201267, 'lag_22': 0.353536994358753, 'lag_23': 0.9202374718746452, 'lag_24': 0.35807466502634866, 'lag_25': 0.9018205570705777, 'lag_26': 0.7915052111650761, 'lag_27': 0.6582656679127918, 'lag_28': 0.3740744096696166}. Best is trial 10 with value: 0.0032686279857744383.
[I 2025-09-29 12:51:24,122] Trial 27 finished with value: 0.00332312073399774 and parameters: {'lag_0': 0.9342394017459241, 'lag_1': 0.8397574663264653, 'lag_2': 0.49819058719340364, 'lag_3': 0.6753063181687164, 'lag_4': 0.8955483536467062, 'lag_5': 0.04214807421831063, 'lag_6': 0.8640919154249465, 'lag_7': 0.4133129498963204, 'lag_8': 0.8498286245979985, 'lag_9': 0.9066691177883868, 'lag_10': 0.533124916486224, 'lag_11': 0.757696890515331, 'lag_12': 0.44863646944657265, 'lag_13': 0.1456426428212163, 'lag_14': 0.6155072839181432, 'lag_15': 0.4216903988173797, 'lag_16': 0.8431036791033066, 'lag_17': 0.13166692586972484, 'lag_18': 0.7970835082936957, 'lag_19': 0.776562143260777, 'lag_20': 0.9131523487273431, 'lag_21': 0.8390838682246193, 'lag_22': 0.4941851750535493, 'lag_23': 0.3525791533314149, 'lag_24': 0.5729467108939286, 'lag_25': 0.5462341777038503, 'lag_26': 0.6723126305043742, 'lag_27': 0.41143351914696547, 'lag_28': 0.5105613534192099}. Best is trial 10 with value: 0.0032686279857744383.
[I 2025-09-29 12:51:26,614] Trial 28 finished with value: 0.003395052188984998 and parameters: {'lag_0': 0.8162157368735615, 'lag_1': 0.406561501406089, 'lag_2': 0.7799194476219228, 'lag_3': 0.44250991589294464, 'lag_4': 0.7830109217051089, 'lag_5': 0.9080161016734418, 'lag_6': 0.9978645719070434, 'lag_7': 0.0746329815867014, 'lag_8': 0.05180123203913076, 'lag_9': 0.7224972499880903, 'lag_10': 0.21143286122263533, 'lag_11': 0.9287468733095372, 'lag_12': 0.8776960130396132, 'lag_13': 0.7689809303445077, 'lag_14': 0.1485465659823004, 'lag_15': 0.007735203116425116, 'lag_16': 0.7969954556167591, 'lag_17': 0.0011630257901914243, 'lag_18': 0.624721139607945, 'lag_19': 0.44144925647675465, 'lag_20': 0.25159467382285683, 'lag_21': 0.39320992059413357, 'lag_22': 0.166079002691466, 'lag_23': 0.5358317846369887, 'lag_24': 0.0001372757770713301, 'lag_25': 0.7934205003637781, 'lag_26': 0.8422769601922512, 'lag_27': 0.07410940215839572, 'lag_28': 0.10960270284845883}. Best is trial 10 with value: 0.0032686279857744383.
[I 2025-09-29 12:51:29,104] Trial 29 finished with value: 0.003367826888204358 and parameters: {'lag_0': 0.9339161962261263, 'lag_1': 0.5371497488680743, 'lag_2': 0.6846523501888544, 'lag_3': 0.28221462949905124, 'lag_4': 0.9170824777192845, 'lag_5': 0.445700774404189, 'lag_6': 0.7108593522002229, 'lag_7': 0.17857802770647713, 'lag_8': 0.15790625254624996, 'lag_9': 0.5972789587920135, 'lag_10': 0.8377992343022818, 'lag_11': 0.36534121506983386, 'lag_12': 0.6784235656406281, 'lag_13': 0.47211905206208826, 'lag_14': 0.40240830253074433, 'lag_15': 0.07401482209135646, 'lag_16': 0.590546490238199, 'lag_17': 0.8928868665489139, 'lag_18': 0.8931991786628551, 'lag_19': 0.3095148319592237, 'lag_20': 0.01566755677032944, 'lag_21': 0.28924088002590814, 'lag_22': 0.05902423506815854, 'lag_23': 0.7496830132232042, 'lag_24': 0.33716583212365625, 'lag_25': 0.4906391580686102, 'lag_26': 0.998838211830661, 'lag_27': 0.17388722834050652, 'lag_28': 0.3075280619655967}. Best is trial 10 with value: 0.0032686279857744383.
[I 2025-09-29 12:51:31,594] Trial 30 finished with value: 0.0032206298976667942 and parameters: {'lag_0': 0.7037512562057577, 'lag_1': 0.20019361654943388, 'lag_2': 0.5970800399749064, 'lag_3': 0.5543580167890547, 'lag_4': 0.5225238339916339, 'lag_5': 0.11714057911918996, 'lag_6': 0.6645414922268774, 'lag_7': 0.5069674775621916, 'lag_8': 0.2563434299879406, 'lag_9': 0.558983632697297, 'lag_10': 0.08774943110574718, 'lag_11': 0.8567951257990157, 'lag_12': 0.14906125326177636, 'lag_13': 0.8840782812319633, 'lag_14': 0.9984913964422582, 'lag_15': 0.7046699202142055, 'lag_16': 0.5530872010035324, 'lag_17': 0.3626858237523377, 'lag_18': 0.9760124761525295, 'lag_19': 0.3572913038451365, 'lag_20': 0.6567199462610531, 'lag_21': 0.681272075793278, 'lag_22': 0.27202596526373624, 'lag_23': 0.800091962086415, 'lag_24': 0.5254950754909506, 'lag_25': 0.6921170476581511, 'lag_26': 0.9130522795011291, 'lag_27': 0.24831524406058353, 'lag_28': 0.650994973500595}. Best is trial 30 with value: 0.0032206298976667942.
[I 2025-09-29 12:51:34,089] Trial 31 finished with value: 0.0035897999019555405 and parameters: {'lag_0': 0.6879436537423037, 'lag_1': 0.1997346348938518, 'lag_2': 0.5949873854407062, 'lag_3': 0.5815737769159252, 'lag_4': 0.4273611065659623, 'lag_5': 0.12470200828969, 'lag_6': 0.5928554060628997, 'lag_7': 0.5809663269863796, 'lag_8': 0.29764963955829105, 'lag_9': 0.6579119124298338, 'lag_10': 0.08533689280191109, 'lag_11': 0.8862439087678791, 'lag_12': 0.22143308416687574, 'lag_13': 0.8889491863247452, 'lag_14': 0.8214948629660861, 'lag_15': 0.7432622375066813, 'lag_16': 0.3757436949389158, 'lag_17': 0.4171078740855815, 'lag_18': 0.9544608967986169, 'lag_19': 0.3797530830359747, 'lag_20': 0.6754731702334276, 'lag_21': 0.6286651535668895, 'lag_22': 0.26774838600438183, 'lag_23': 0.7881432053400921, 'lag_24': 0.5064870606560393, 'lag_25': 0.7075572584772281, 'lag_26': 0.918656361959315, 'lag_27': 0.24650036171625495, 'lag_28': 0.6472007004446292}. Best is trial 30 with value: 0.0032206298976667942.
[I 2025-09-29 12:51:36,573] Trial 32 finished with value: 0.003698317581578957 and parameters: {'lag_0': 0.531958992871894, 'lag_1': 0.27082469010445553, 'lag_2': 0.43223926253728273, 'lag_3': 0.514676997467395, 'lag_4': 0.5527417048893268, 'lag_5': 0.27350015037281605, 'lag_6': 0.6403642964836769, 'lag_7': 0.49493383834890403, 'lag_8': 0.23550856535683012, 'lag_9': 0.5315772913827265, 'lag_10': 0.06778740070135159, 'lag_11': 0.7930576142583491, 'lag_12': 0.1611679044121745, 'lag_13': 0.9343355734572248, 'lag_14': 0.981921874371214, 'lag_15': 0.5964903308411005, 'lag_16': 0.22207404775649536, 'lag_17': 0.2567407717443554, 'lag_18': 0.771699916230149, 'lag_19': 0.5273217903053826, 'lag_20': 0.7450719647699027, 'lag_21': 0.7007247865326667, 'lag_22': 0.3807376658867195, 'lag_23': 0.8262745941033126, 'lag_24': 0.7585763257547133, 'lag_25': 0.6659743766285601, 'lag_26': 0.9198498149244482, 'lag_27': 0.2987982533839995, 'lag_28': 0.5604549272842693}. Best is trial 30 with value: 0.0032206298976667942.
[I 2025-09-29 12:51:39,060] Trial 33 finished with value: 0.0035514555968505696 and parameters: {'lag_0': 0.788681342366335, 'lag_1': 0.18607789894140728, 'lag_2': 0.8700204934949554, 'lag_3': 0.3421136828688749, 'lag_4': 0.3555317779181435, 'lag_5': 0.08890959022652001, 'lag_6': 0.8023209096076572, 'lag_7': 0.36750293964487407, 'lag_8': 0.08148697673766829, 'lag_9': 0.437479055382037, 'lag_10': 0.18113856291552036, 'lag_11': 0.7152138551327769, 'lag_12': 0.12100405061221099, 'lag_13': 0.818100175874347, 'lag_14': 0.5939277686966143, 'lag_15': 0.9972154690241181, 'lag_16': 0.5644691308583571, 'lag_17': 0.35157042719540454, 'lag_18': 0.9468516696772069, 'lag_19': 0.2936222610987991, 'lag_20': 0.8009388640295529, 'lag_21': 0.5285647181848357, 'lag_22': 0.16188391064465102, 'lag_23': 0.7177129032774603, 'lag_24': 0.48055211927392555, 'lag_25': 0.7925170026800539, 'lag_26': 0.5794277733877637, 'lag_27': 0.09063636433055561, 'lag_28': 0.7560552307188348}. Best is trial 30 with value: 0.0032206298976667942.
[I 2025-09-29 12:51:41,548] Trial 34 finished with value: 0.003504676210072237 and parameters: {'lag_0': 0.4286207176307777, 'lag_1': 0.05635615326315116, 'lag_2': 0.010064170594852706, 'lag_3': 0.4171544305205464, 'lag_4': 0.053561187179802294, 'lag_5': 0.2556466584367938, 'lag_6': 0.7258253391494147, 'lag_7': 0.6603133536380451, 'lag_8': 0.4352402842797879, 'lag_9': 0.3241221158736106, 'lag_10': 0.2734044756664446, 'lag_11': 0.935701927005306, 'lag_12': 0.03825454601224204, 'lag_13': 0.6267982541114846, 'lag_14': 0.30050570064336707, 'lag_15': 0.7851987386600465, 'lag_16': 0.8907245249055666, 'lag_17': 0.07530192424875333, 'lag_18': 0.5118964231425158, 'lag_19': 0.6045252211306813, 'lag_20': 0.43093077572052757, 'lag_21': 0.8600680412128839, 'lag_22': 0.46586424634830204, 'lag_23': 0.9340650636380865, 'lag_24': 0.7028259927714632, 'lag_25': 0.9053189978666396, 'lag_26': 0.8188383755592556, 'lag_27': 0.5314288719644036, 'lag_28': 0.601261508483186}. Best is trial 30 with value: 0.0032206298976667942.
[I 2025-09-29 12:51:44,047] Trial 35 finished with value: 0.003519361763071208 and parameters: {'lag_0': 0.9404888595810149, 'lag_1': 0.16208505620946423, 'lag_2': 0.5257951670641784, 'lag_3': 0.7077010602292386, 'lag_4': 0.5163327137044641, 'lag_5': 0.7318352700755189, 'lag_6': 0.8439113925112719, 'lag_7': 0.37974356480706406, 'lag_8': 0.32754874505935877, 'lag_9': 0.4147935693064601, 'lag_10': 0.33653579440185255, 'lag_11': 0.9972019552740268, 'lag_12': 0.3130542140731037, 'lag_13': 0.7176546521043314, 'lag_14': 0.6717741189326807, 'lag_15': 0.5003203762635064, 'lag_16': 0.16011772247154693, 'lag_17': 0.15460938860895637, 'lag_18': 0.29687786085961576, 'lag_19': 0.14935471580135004, 'lag_20': 0.6358500502389918, 'lag_21': 0.48430606475873816, 'lag_22': 0.542636452593952, 'lag_23': 0.6169022697880823, 'lag_24': 0.5073089196285337, 'lag_25': 0.948359820949635, 'lag_26': 0.7452773538978505, 'lag_27': 0.24331567452774633, 'lag_28': 0.8062039974502866}. Best is trial 30 with value: 0.0032206298976667942.
[I 2025-09-29 12:51:46,646] Trial 36 finished with value: 0.0034488800835822076 and parameters: {'lag_0': 0.5740490982730527, 'lag_1': 0.28843065241207866, 'lag_2': 0.6583720723412184, 'lag_3': 0.7810357512660997, 'lag_4': 0.6439174333822789, 'lag_5': 0.1456581343449721, 'lag_6': 0.44958804167498306, 'lag_7': 0.4927139623660192, 'lag_8': 0.1607684879740334, 'lag_9': 0.7902736478676164, 'lag_10': 0.11671645642494839, 'lag_11': 0.8585133165744931, 'lag_12': 0.514089629544251, 'lag_13': 0.9257253029127808, 'lag_14': 0.520369235686521, 'lag_15': 0.5995602201699087, 'lag_16': 0.4170012440182065, 'lag_17': 0.23660431126118261, 'lag_18': 0.8491100313812802, 'lag_19': 0.4673253616842173, 'lag_20': 0.5743816504031614, 'lag_21': 0.7432563064409957, 'lag_22': 0.332728341030916, 'lag_23': 0.45290652142642757, 'lag_24': 0.2138591633692848, 'lag_25': 0.5417851317175553, 'lag_26': 0.6313495608545788, 'lag_27': 0.16269127818370177, 'lag_28': 0.022109641903830746}. Best is trial 30 with value: 0.0032206298976667942.
[I 2025-09-29 12:51:49,161] Trial 37 finished with value: 0.0034460835781299987 and parameters: {'lag_0': 0.7096092795319718, 'lag_1': 0.3967959565858377, 'lag_2': 0.481660181260288, 'lag_3': 0.9353219749552183, 'lag_4': 0.44107480452612235, 'lag_5': 0.544803163622708, 'lag_6': 0.49950898740490646, 'lag_7': 0.25770522238935134, 'lag_8': 0.5507315735823732, 'lag_9': 0.48229674434984104, 'lag_10': 0.43258918944786284, 'lag_11': 0.7985558451798046, 'lag_12': 0.0980581524106654, 'lag_13': 0.703251097792299, 'lag_14': 0.36980616850221326, 'lag_15': 0.31870251797685434, 'lag_16': 0.29864408358320227, 'lag_17': 0.7380184658156805, 'lag_18': 0.9905177458760827, 'lag_19': 0.6952020645671598, 'lag_20': 0.5024026760975856, 'lag_21': 0.5712565631424282, 'lag_22': 0.6624112987706228, 'lag_23': 0.023881730326864192, 'lag_24': 0.12509474994264907, 'lag_25': 0.860944356442206, 'lag_26': 0.9316859317223962, 'lag_27': 0.46696368452406645, 'lag_28': 0.7130512183430713}. Best is trial 30 with value: 0.0032206298976667942.
[I 2025-09-29 12:51:51,658] Trial 38 finished with value: 0.0035188538274357715 and parameters: {'lag_0': 0.848777598044114, 'lag_1': 0.11987880780523562, 'lag_2': 0.3607483807570585, 'lag_3': 0.11439347274061601, 'lag_4': 0.8589775608408516, 'lag_5': 0.7983058518456412, 'lag_6': 0.7826824765673366, 'lag_7': 0.6457627938399597, 'lag_8': 0.2542821236317513, 'lag_9': 0.5976930999073812, 'lag_10': 0.004827531388115536, 'lag_11': 0.9484919809949416, 'lag_12': 0.1838855363004114, 'lag_13': 0.81507798315787, 'lag_14': 0.748216098745589, 'lag_15': 0.47320762376167563, 'lag_16': 0.9356002575325935, 'lag_17': 0.3640320080891664, 'lag_18': 0.6568723128708422, 'lag_19': 0.38454168997200805, 'lag_20': 0.23110399905336587, 'lag_21': 0.6569896172529737, 'lag_22': 0.046980241660325266, 'lag_23': 0.7184705800211149, 'lag_24': 0.8353567736474854, 'lag_25': 0.40388722817788353, 'lag_26': 0.5341089759089761, 'lag_27': 0.6283301563385172, 'lag_28': 0.4237888290651868}. Best is trial 30 with value: 0.0032206298976667942.
[I 2025-09-29 12:51:54,159] Trial 39 finished with value: 0.0040729052074211115 and parameters: {'lag_0': 0.6468709911802646, 'lag_1': 0.23766306448214558, 'lag_2': 0.6023414752406562, 'lag_3': 0.6250808556440215, 'lag_4': 0.15296022860036268, 'lag_5': 0.39358905598022825, 'lag_6': 0.5631546307650599, 'lag_7': 0.7820769748024442, 'lag_8': 0.06614430344383403, 'lag_9': 0.7648100163165185, 'lag_10': 0.27626747516869093, 'lag_11': 0.6794634967078714, 'lag_12': 0.2627263651406774, 'lag_13': 0.5844983725242929, 'lag_14': 0.4636547332788351, 'lag_15': 0.22475248528905403, 'lag_16': 0.5176638748671025, 'lag_17': 0.46963574057451074, 'lag_18': 0.7318248118607945, 'lag_19': 0.081763596373233, 'lag_20': 0.7459501495140419, 'lag_21': 0.7957494399008186, 'lag_22': 0.25320311290181907, 'lag_23': 0.945500146848782, 'lag_24': 0.6511626747498864, 'lag_25': 0.9423819132691293, 'lag_26': 0.9660665045809228, 'lag_27': 0.39229060036547003, 'lag_28': 0.5098331214665155}. Best is trial 30 with value: 0.0032206298976667942.
