[I 2025-09-29 13:25:21,106] Trial 66 finished with value: 0.007600513271197337 and parameters: {'lag_0': 0.663533444813422, 'lag_1': 0.35083706317830815, 'lag_2': 0.4861492733504709, 'lag_3': 0.6786016355124787, 'lag_4': 0.7217278026617492, 'lag_5': 0.6890250391509848, 'lag_6': 0.7494891692742808, 'lag_7': 0.26594584824308914, 'lag_8': 0.14290852632412465, 'lag_9': 0.4263563565129253, 'lag_10': 0.7040883911150613, 'lag_11': 0.4066257195382004, 'lag_12': 0.49281105003601317, 'lag_13': 0.21023403837528987, 'lag_14': 0.5177205861890088, 'lag_15': 0.002566070752314714, 'lag_16': 0.06869615102581175, 'lag_17': 0.29248830286136457, 'lag_18': 0.13908666757850657, 'lag_19': 0.617382782164505, 'lag_20': 0.36069707162747267, 'lag_21': 0.35385131933732017, 'lag_22': 0.40246078813544756, 'lag_23': 0.8088080353899103, 'lag_24': 0.9570531937287408, 'lag_25': 0.9977879774352377, 'lag_26': 0.27218740367473704, 'lag_27': 0.40580706243888115, 'lag_28': 0.34084635208146574}. Best is trial 12 with value: 0.007112476563566757.
[I 2025-09-29 13:25:23,697] Trial 67 finished with value: 0.007770951736881998 and parameters: {'lag_0': 0.806739201301134, 'lag_1': 0.4463068265242812, 'lag_2': 0.8211033219036481, 'lag_3': 0.7072523213074575, 'lag_4': 0.878835401475927, 'lag_5': 0.05273834988791026, 'lag_6': 0.48173401630671997, 'lag_7': 0.880836194236856, 'lag_8': 0.3120180584779246, 'lag_9': 0.6872775688144155, 'lag_10': 0.3428508007994493, 'lag_11': 0.2989932595456623, 'lag_12': 0.785749052670537, 'lag_13': 0.04357490029763396, 'lag_14': 0.2872819546379292, 'lag_15': 0.16626095415131725, 'lag_16': 0.23517782915296165, 'lag_17': 0.18910740464782155, 'lag_18': 0.3839280340351663, 'lag_19': 0.9078907838732311, 'lag_20': 0.6294265135418519, 'lag_21': 0.23772454007950655, 'lag_22': 0.687173044060343, 'lag_23': 0.514801714086069, 'lag_24': 0.24413269276941157, 'lag_25': 0.5484172308915405, 'lag_26': 0.16266553958848717, 'lag_27': 0.511013332270521, 'lag_28': 0.05924411905574728}. Best is trial 12 with value: 0.007112476563566757.
[I 2025-09-29 13:25:26,289] Trial 68 finished with value: 0.007763924440558867 and parameters: {'lag_0': 0.8496652160955882, 'lag_1': 0.8583070689646282, 'lag_2': 0.9899235282473753, 'lag_3': 0.37665252710265984, 'lag_4': 0.9649061083364416, 'lag_5': 0.8030482102930637, 'lag_6': 0.5305209215898594, 'lag_7': 0.3266919075199345, 'lag_8': 0.6866816029141616, 'lag_9': 0.36572332715308886, 'lag_10': 0.23314493017005916, 'lag_11': 0.43673822326196443, 'lag_12': 0.56953022069123, 'lag_13': 0.09381281747033353, 'lag_14': 0.4813343668102691, 'lag_15': 0.13219332399646297, 'lag_16': 0.4883811917938927, 'lag_17': 0.7005349209223164, 'lag_18': 0.5001740034228895, 'lag_19': 0.7455769446155344, 'lag_20': 0.5618825704064564, 'lag_21': 0.16241945688126425, 'lag_22': 0.6112347022850365, 'lag_23': 0.45227214636881585, 'lag_24': 0.8146215258010493, 'lag_25': 0.8226576082285223, 'lag_26': 0.11166963954174394, 'lag_27': 0.2661994020273467, 'lag_28': 0.6994740381659932}. Best is trial 12 with value: 0.007112476563566757.
[I 2025-09-29 13:25:28,874] Trial 69 finished with value: 0.007617730971430661 and parameters: {'lag_0': 0.889347390884479, 'lag_1': 0.7572473041863903, 'lag_2': 0.3243038012308418, 'lag_3': 0.7965435890597385, 'lag_4': 0.6641910462258479, 'lag_5': 0.8680668374368266, 'lag_6': 0.00022029194167870643, 'lag_7': 0.19646784150968458, 'lag_8': 0.09254547271266039, 'lag_9': 0.8419793599708849, 'lag_10': 0.4255300300798129, 'lag_11': 0.4952359008657675, 'lag_12': 0.5423554665629612, 'lag_13': 0.6951026949620277, 'lag_14': 0.5823076544887652, 'lag_15': 0.4484174006811757, 'lag_16': 0.3622649592125602, 'lag_17': 0.5735803716222324, 'lag_18': 0.7954786058560233, 'lag_19': 0.5772870662737816, 'lag_20': 0.13389641176305123, 'lag_21': 0.00033263930713969825, 'lag_22': 0.24535954509663443, 'lag_23': 0.9491663343053807, 'lag_24': 0.8655858817902904, 'lag_25': 0.7712269637388786, 'lag_26': 0.3117527262000444, 'lag_27': 0.44122213973328606, 'lag_28': 0.7899441407145327}. Best is trial 12 with value: 0.007112476563566757.
[I 2025-09-29 13:25:31,467] Trial 70 finished with value: 0.007433358525824695 and parameters: {'lag_0': 0.5806194395455683, 'lag_1': 0.11988758280293829, 'lag_2': 0.7607270647943313, 'lag_3': 0.6089248448703634, 'lag_4': 0.4922127703015485, 'lag_5': 0.26946020669450355, 'lag_6': 0.44293835173517265, 'lag_7': 0.7090862732305726, 'lag_8': 0.03574665686715206, 'lag_9': 0.7523918581571567, 'lag_10': 0.6083961881942984, 'lag_11': 0.36624991851086836, 'lag_12': 0.8526503240833989, 'lag_13': 0.17711631329600072, 'lag_14': 0.42097261834193467, 'lag_15': 0.3394897843832665, 'lag_16': 0.5721493688944858, 'lag_17': 0.8201405208488997, 'lag_18': 0.7511108029081262, 'lag_19': 0.6733401495860537, 'lag_20': 0.4572032214069599, 'lag_21': 0.04201267504184571, 'lag_22': 0.649526087183503, 'lag_23': 0.6598685794181706, 'lag_24': 0.9191837557347526, 'lag_25': 0.8519270488431832, 'lag_26': 0.05420126686833114, 'lag_27': 0.31928185970702094, 'lag_28': 0.6123956522224073}. Best is trial 12 with value: 0.007112476563566757.
[I 2025-09-29 13:25:34,053] Trial 71 finished with value: 0.008727355227354443 and parameters: {'lag_0': 0.5162063887958998, 'lag_1': 0.12071932353671275, 'lag_2': 0.8789125404485807, 'lag_3': 0.6021279133852935, 'lag_4': 0.4797905054787283, 'lag_5': 0.24152366298576616, 'lag_6': 0.45205309133619287, 'lag_7': 0.6895227704279476, 'lag_8': 0.1245393141192987, 'lag_9': 0.7754325105963944, 'lag_10': 0.5488048431321751, 'lag_11': 0.3453201132968423, 'lag_12': 0.8804370893281239, 'lag_13': 0.17771106966240943, 'lag_14': 0.4093484650186692, 'lag_15': 0.3698176357242062, 'lag_16': 0.6260833820331314, 'lag_17': 0.8219267477775879, 'lag_18': 0.7354666595476633, 'lag_19': 0.6560535796484113, 'lag_20': 0.42670346034340007, 'lag_21': 0.09142665210431289, 'lag_22': 0.6436135982309221, 'lag_23': 0.7298351121950072, 'lag_24': 0.9046340389942759, 'lag_25': 0.8483461967187947, 'lag_26': 0.05261701387303765, 'lag_27': 0.3494431332344753, 'lag_28': 0.6187461741454952}. Best is trial 12 with value: 0.007112476563566757.
[I 2025-09-29 13:25:36,651] Trial 72 finished with value: 0.007969337160990084 and parameters: {'lag_0': 0.5672977191428873, 'lag_1': 0.11444573335697442, 'lag_2': 0.7770363776126227, 'lag_3': 0.5068000560942644, 'lag_4': 0.3928511478311992, 'lag_5': 0.34065529891346474, 'lag_6': 0.3483758913419864, 'lag_7': 0.7187037464818902, 'lag_8': 0.021872628855959766, 'lag_9': 0.7950402388731954, 'lag_10': 0.6048264193055641, 'lag_11': 0.3971870894555231, 'lag_12': 0.9838380620499518, 'lag_13': 0.13688315524968836, 'lag_14': 0.3499689253851655, 'lag_15': 0.3246300390463012, 'lag_16': 0.5779683234126125, 'lag_17': 0.7688736292001722, 'lag_18': 0.7770562193601512, 'lag_19': 0.70430773859933, 'lag_20': 0.4617739247306997, 'lag_21': 0.03344807643779148, 'lag_22': 0.5969403228611174, 'lag_23': 0.7841327962938511, 'lag_24': 0.9669233872208649, 'lag_25': 0.9309378109066593, 'lag_26': 0.07406858436739822, 'lag_27': 0.31696833919601947, 'lag_28': 0.671462335382187}. Best is trial 12 with value: 0.007112476563566757.
[I 2025-09-29 13:25:39,241] Trial 73 finished with value: 0.007894380350511473 and parameters: {'lag_0': 0.6445338548127479, 'lag_1': 0.08412982513169616, 'lag_2': 0.6896373703478765, 'lag_3': 0.5751362445608399, 'lag_4': 0.43038770146381394, 'lag_5': 0.19603010995417272, 'lag_6': 0.25327193277569293, 'lag_7': 0.8101485018414117, 'lag_8': 0.07276680928460945, 'lag_9': 0.11562767017515443, 'lag_10': 0.4909919615212579, 'lag_11': 0.1395402421324468, 'lag_12': 0.502185819953336, 'lag_13': 0.9971382179943069, 'lag_14': 0.22174557812121223, 'lag_15': 0.40511334551958955, 'lag_16': 0.3965246369172889, 'lag_17': 0.7987509233045876, 'lag_18': 0.9181305339903829, 'lag_19': 0.8056925046047644, 'lag_20': 0.9427531366368439, 'lag_21': 0.1412201192278145, 'lag_22': 0.45927121024128276, 'lag_23': 0.6683485022809184, 'lag_24': 0.9319761435095115, 'lag_25': 0.8613411123927401, 'lag_26': 0.008266593234534304, 'lag_27': 0.2103134225282114, 'lag_28': 0.5772234245779787}. Best is trial 12 with value: 0.007112476563566757.
[I 2025-09-29 13:25:42,011] Trial 74 finished with value: 0.007996563683620775 and parameters: {'lag_0': 0.5878058616712114, 'lag_1': 0.22201514476250134, 'lag_2': 0.7361378897110157, 'lag_3': 0.51882770442018, 'lag_4': 0.521575842609471, 'lag_5': 0.12668684450696657, 'lag_6': 0.580586511819109, 'lag_7': 0.6360344095858289, 'lag_8': 0.16609293127051022, 'lag_9': 0.7290601063180034, 'lag_10': 0.5359964395406175, 'lag_11': 0.9478627697306468, 'lag_12': 0.83219594063449, 'lag_13': 0.22819305829076741, 'lag_14': 0.3214317359688664, 'lag_15': 0.2800714121410496, 'lag_16': 0.6944731322170221, 'lag_17': 0.6002925605867815, 'lag_18': 0.8813662802599886, 'lag_19': 0.7810328746036954, 'lag_20': 0.4896325614485164, 'lag_21': 0.06088517778992304, 'lag_22': 0.7477711151868823, 'lag_23': 0.6561428755267524, 'lag_24': 0.998750236528852, 'lag_25': 0.6720266915081563, 'lag_26': 0.11805615632457479, 'lag_27': 0.15157079509328059, 'lag_28': 0.7251323250900433}. Best is trial 12 with value: 0.007112476563566757.
[I 2025-09-29 13:25:44,621] Trial 75 finished with value: 0.007588640285689102 and parameters: {'lag_0': 0.7425971365147628, 'lag_1': 0.18079982086075236, 'lag_2': 0.9035212107402422, 'lag_3': 0.7296271829720866, 'lag_4': 0.6274431947867505, 'lag_5': 0.28933867521886847, 'lag_6': 0.3781650013639001, 'lag_7': 0.7349218566498843, 'lag_8': 0.034260287827252704, 'lag_9': 0.22685911526962857, 'lag_10': 0.6698065085033581, 'lag_11': 0.3659294166842093, 'lag_12': 0.8506608548281636, 'lag_13': 0.03221653266378499, 'lag_14': 0.46133542765895924, 'lag_15': 0.20358865545496868, 'lag_16': 0.45839480995472215, 'lag_17': 0.9017889600338708, 'lag_18': 0.8105436682870112, 'lag_19': 0.6817169315680583, 'lag_20': 0.5317187782180468, 'lag_21': 0.11055454522348618, 'lag_22': 0.5256167279171836, 'lag_23': 0.5955223669924148, 'lag_24': 0.8898441910347153, 'lag_25': 0.9052304827058895, 'lag_26': 0.21413465334248086, 'lag_27': 0.0931212725080589, 'lag_28': 0.6386300572468881}. Best is trial 12 with value: 0.007112476563566757.
[I 2025-09-29 13:25:47,220] Trial 76 finished with value: 0.007332933796740937 and parameters: {'lag_0': 0.11568809410639619, 'lag_1': 0.320222289238829, 'lag_2': 0.7993612459715772, 'lag_3': 0.5613188689440232, 'lag_4': 0.5738344003902682, 'lag_5': 0.5328420083289702, 'lag_6': 0.3115349506109172, 'lag_7': 0.6677561472870052, 'lag_8': 0.0859732275102941, 'lag_9': 0.8956678640959828, 'lag_10': 0.71422511494372, 'lag_11': 0.23250714226438945, 'lag_12': 0.7658736447466873, 'lag_13': 0.0786441738211496, 'lag_14': 0.406366463957078, 'lag_15': 0.3317803896730157, 'lag_16': 0.410956770705143, 'lag_17': 0.8522565341571531, 'lag_18': 0.6733958594976557, 'lag_19': 0.478804021669254, 'lag_20': 0.8489173198636346, 'lag_21': 0.03529688279964363, 'lag_22': 0.6716905649375259, 'lag_23': 0.6270191801877961, 'lag_24': 0.09849493777427959, 'lag_25': 0.7185859068328126, 'lag_26': 0.033399069813125515, 'lag_27': 0.4208269279641239, 'lag_28': 0.7673810226923287}. Best is trial 12 with value: 0.007112476563566757.
[I 2025-09-29 13:25:49,814] Trial 77 finished with value: 0.008774339341342466 and parameters: {'lag_0': 0.13858987481511317, 'lag_1': 0.4056303447191784, 'lag_2': 0.7425693606215921, 'lag_3': 0.4841446409220938, 'lag_4': 0.5783667765583358, 'lag_5': 0.5225532456816752, 'lag_6': 0.3094643355198997, 'lag_7': 0.6704453452753775, 'lag_8': 0.03867420407645069, 'lag_9': 0.9019127015046959, 'lag_10': 0.7301897032668391, 'lag_11': 0.19222791847300194, 'lag_12': 0.964408480876274, 'lag_13': 0.1923084360545393, 'lag_14': 0.42351152899023686, 'lag_15': 0.47750688333262936, 'lag_16': 0.5145755343273564, 'lag_17': 0.8519272096993683, 'lag_18': 0.6164866605528223, 'lag_19': 0.47103063542957796, 'lag_20': 0.864077731584641, 'lag_21': 0.046674247198679186, 'lag_22': 0.7506046625560737, 'lag_23': 0.6395945433759427, 'lag_24': 0.019094652395452674, 'lag_25': 0.648637036555329, 'lag_26': 0.03924107026662038, 'lag_27': 0.26618959136080567, 'lag_28': 0.7462618395124984}. Best is trial 12 with value: 0.007112476563566757.
[I 2025-09-29 13:25:52,418] Trial 78 finished with value: 0.008216962375560277 and parameters: {'lag_0': 0.20560844274910045, 'lag_1': 0.27194375245839647, 'lag_2': 0.813338572439472, 'lag_3': 0.5467839314297235, 'lag_4': 0.36533891107415734, 'lag_5': 0.45622585111633485, 'lag_6': 0.22197795413702798, 'lag_7': 0.5610837901924232, 'lag_8': 0.0883671250774524, 'lag_9': 0.8721578997038378, 'lag_10': 0.5879701005787457, 'lag_11': 0.22174926289123206, 'lag_12': 0.8978924538791079, 'lag_13': 0.15863152558819674, 'lag_14': 0.13898780489592216, 'lag_15': 0.4426989702490451, 'lag_16': 0.417469671239575, 'lag_17': 0.7204550173864482, 'lag_18': 0.7584222657419533, 'lag_19': 0.4330793553548457, 'lag_20': 0.8173339599028118, 'lag_21': 0.01980459173447996, 'lag_22': 0.6779211541396775, 'lag_23': 0.8384306972407347, 'lag_24': 0.08236440833924893, 'lag_25': 0.5736863811962809, 'lag_26': 0.026001613592193985, 'lag_27': 0.9033656887298698, 'lag_28': 0.5405430107362713}. Best is trial 12 with value: 0.007112476563566757.
[I 2025-09-29 13:25:55,012] Trial 79 finished with value: 0.008298673590478704 and parameters: {'lag_0': 0.11604005545789375, 'lag_1': 0.48485958565590903, 'lag_2': 0.9524509135872253, 'lag_3': 0.42439636432967476, 'lag_4': 0.49151705810939095, 'lag_5': 0.3673517760533057, 'lag_6': 0.4218171861017877, 'lag_7': 0.609090253653157, 'lag_8': 0.11550704697218303, 'lag_9': 0.8440734038558062, 'lag_10': 0.7660837299447679, 'lag_11': 0.09376644640973761, 'lag_12': 0.9241152368397993, 'lag_13': 0.07353247951651082, 'lag_14': 0.7634753262588359, 'lag_15': 0.3338612951503982, 'lag_16': 0.33146549726219776, 'lag_17': 0.9532599947332976, 'lag_18': 0.6616287043654547, 'lag_19': 0.5595813598754386, 'lag_20': 0.9556969048422196, 'lag_21': 0.9569435708620412, 'lag_22': 0.8580113538947014, 'lag_23': 0.7192841326663466, 'lag_24': 0.16328703238310324, 'lag_25': 0.9745717515212629, 'lag_26': 0.06656246493248837, 'lag_27': 0.37691332118838416, 'lag_28': 0.76969843171982}. Best is trial 12 with value: 0.007112476563566757.
[I 2025-09-29 13:25:57,611] Trial 80 finished with value: 0.007574504347870681 and parameters: {'lag_0': 0.04717962392374504, 'lag_1': 0.6975584928375046, 'lag_2': 0.8569659037369766, 'lag_3': 0.3941441516803017, 'lag_4': 0.4522610184185247, 'lag_5': 0.5525461485788621, 'lag_6': 0.2876949345041319, 'lag_7': 0.7984050388259323, 'lag_8': 0.0039422479199490434, 'lag_9': 0.6696494740155572, 'lag_10': 0.8990462559056049, 'lag_11': 0.27502036379101, 'lag_12': 0.7576659068526251, 'lag_13': 0.1187420920164837, 'lag_14': 0.7003683290646652, 'lag_15': 0.5928253889740356, 'lag_16': 0.47356890542510727, 'lag_17': 0.6467365533907194, 'lag_18': 0.8531607774736707, 'lag_19': 0.5370193809703193, 'lag_20': 0.6503228391126592, 'lag_21': 0.08339008321777125, 'lag_22': 0.6573633420966265, 'lag_23': 0.6365154316653416, 'lag_24': 0.4235932180927116, 'lag_25': 0.6215615354246532, 'lag_26': 0.1463556810254913, 'lag_27': 0.8517234566530494, 'lag_28': 0.847958285632151}. Best is trial 12 with value: 0.007112476563566757.
[I 2025-09-29 13:26:00,222] Trial 81 finished with value: 0.00831070224688634 and parameters: {'lag_0': 0.25593402542206745, 'lag_1': 0.314921570963446, 'lag_2': 0.7946028306803592, 'lag_3': 0.6481242671429517, 'lag_4': 0.7848201884372928, 'lag_5': 0.6291824927929629, 'lag_6': 0.33311192409410995, 'lag_7': 0.492582827544985, 'lag_8': 0.07014532583803476, 'lag_9': 0.9558468896433988, 'lag_10': 0.7086432189377975, 'lag_11': 0.4390284195714704, 'lag_12': 0.7233210525724451, 'lag_13': 0.05695621079437374, 'lag_14': 0.24921804472970677, 'lag_15': 0.36834428028321764, 'lag_16': 0.9938111780187125, 'lag_17': 0.6855277583953683, 'lag_18': 0.7225108686345976, 'lag_19': 0.48161069859053895, 'lag_20': 0.8656175371984299, 'lag_21': 0.15294736683741114, 'lag_22': 0.6322444855915065, 'lag_23': 0.6931507217716248, 'lag_24': 0.087429759098622, 'lag_25': 0.717014172575249, 'lag_26': 0.4278132108749698, 'lag_27': 0.4726568082132019, 'lag_28': 0.6766976532075468}. Best is trial 12 with value: 0.007112476563566757.
[I 2025-09-29 13:26:02,831] Trial 82 finished with value: 0.007833474482001824 and parameters: {'lag_0': 0.08643965907932813, 'lag_1': 0.3616432732137934, 'lag_2': 0.6149273623986233, 'lag_3': 0.5653630173944216, 'lag_4': 0.9023536945578958, 'lag_5': 0.6013776839688378, 'lag_6': 0.5132073505779792, 'lag_7': 0.6605754115207163, 'lag_8': 0.4882321690981878, 'lag_9': 0.8897546481283626, 'lag_10': 0.6290016776699705, 'lag_11': 0.316321078850464, 'lag_12': 0.784360792572904, 'lag_13': 0.02619990548122938, 'lag_14': 0.38886525709677516, 'lag_15': 0.29000421871787785, 'lag_16': 0.08838109522658816, 'lag_17': 0.8603620565985961, 'lag_18': 0.6792297236409499, 'lag_19': 0.7428016027044789, 'lag_20': 0.7689308840436049, 'lag_21': 0.07324774857016295, 'lag_22': 0.5703666894240256, 'lag_23': 0.5347057731196724, 'lag_24': 0.26270760448121694, 'lag_25': 0.7974226349962412, 'lag_26': 0.07582997789109079, 'lag_27': 0.4125038606876511, 'lag_28': 0.601207757220829}. Best is trial 12 with value: 0.007112476563566757.
[I 2025-09-29 13:26:05,432] Trial 83 finished with value: 0.007710630690246826 and parameters: {'lag_0': 0.1879990309198421, 'lag_1': 0.23898545561807977, 'lag_2': 0.7503393072667803, 'lag_3': 0.6120639320999236, 'lag_4': 0.5599860624588128, 'lag_5': 0.2799140025054095, 'lag_6': 0.14582912909500964, 'lag_7': 0.737297811865796, 'lag_8': 0.1970380783326717, 'lag_9': 0.7623991250050618, 'lag_10': 0.6536670811378479, 'lag_11': 0.47086651921596034, 'lag_12': 0.6214269932352061, 'lag_13': 0.0968636922995833, 'lag_14': 0.3612206768894362, 'lag_15': 0.4114979756458886, 'lag_16': 0.5355677795418967, 'lag_17': 0.8178245079197792, 'lag_18': 0.7068525813972373, 'lag_19': 0.6575707337722377, 'lag_20': 0.46765549951430957, 'lag_21': 0.10801844520887544, 'lag_22': 0.3759800579990098, 'lag_23': 0.4860189046707607, 'lag_24': 0.8477233103742704, 'lag_25': 0.7760110925504435, 'lag_26': 0.26577329373972547, 'lag_27': 0.493834313683938, 'lag_28': 0.6971509510017292}. Best is trial 12 with value: 0.007112476563566757.
[I 2025-09-29 13:26:08,035] Trial 84 finished with value: 0.007751842856231246 and parameters: {'lag_0': 0.1126953923593975, 'lag_1': 0.41449760155611903, 'lag_2': 0.42365598707885055, 'lag_3': 0.45953873173069937, 'lag_4': 0.5357743299526034, 'lag_5': 0.49839844280235657, 'lag_6': 0.6140174369231113, 'lag_7': 0.05585310517737921, 'lag_8': 0.24649270014808716, 'lag_9': 0.7155340876306875, 'lag_10': 0.45688459422264904, 'lag_11': 0.2401963654614908, 'lag_12': 0.3684856780439935, 'lag_13': 0.13891315069687862, 'lag_14': 0.6671652258639605, 'lag_15': 0.23996435689599593, 'lag_16': 0.37452599740735326, 'lag_17': 0.8836741821403857, 'lag_18': 0.6027258876003756, 'lag_19': 0.8844695099174993, 'lag_20': 0.7925815461794656, 'lag_21': 0.2639664874799361, 'lag_22': 0.6922898408407452, 'lag_23': 0.06654866227613482, 'lag_24': 0.31783600234877446, 'lag_25': 0.46172379926880475, 'lag_26': 0.3683045393620638, 'lag_27': 0.5462990192101262, 'lag_28': 0.1816675541712439}. Best is trial 12 with value: 0.007112476563566757.
[I 2025-09-29 13:26:10,639] Trial 85 finished with value: 0.007763014165020543 and parameters: {'lag_0': 0.02733188155960406, 'lag_1': 0.15283860292086635, 'lag_2': 0.5310165951645326, 'lag_3': 0.34688318500230847, 'lag_4': 0.6087450281289835, 'lag_5': 0.9851507535817283, 'lag_6': 0.6626501574125117, 'lag_7': 0.11282436312509173, 'lag_8': 0.15970243464789963, 'lag_9': 0.9249062597443154, 'lag_10': 0.10997857350035163, 'lag_11': 0.13140914106723728, 'lag_12': 0.6717670430529357, 'lag_13': 0.2459812773718389, 'lag_14': 0.3018499051742568, 'lag_15': 0.31990811828070465, 'lag_16': 0.41404575348608424, 'lag_17': 0.785809614541415, 'lag_18': 0.9736165744546835, 'lag_19': 0.8475352918905021, 'lag_20': 0.41436683250079054, 'lag_21': 0.18375814040486846, 'lag_22': 0.3372597798099734, 'lag_23': 0.41131157270715757, 'lag_24': 0.6448287777354444, 'lag_25': 0.4189802334489154, 'lag_26': 0.5518287201572338, 'lag_27': 0.30456132420735, 'lag_28': 0.24491951391690292}. Best is trial 12 with value: 0.007112476563566757.
[I 2025-09-29 13:26:13,241] Trial 86 finished with value: 0.007577602322998077 and parameters: {'lag_0': 0.48505597144886836, 'lag_1': 0.3218028605418827, 'lag_2': 0.636531734002982, 'lag_3': 0.2598949461368344, 'lag_4': 0.9356600390460516, 'lag_5': 0.6916018917985233, 'lag_6': 0.36557645953499235, 'lag_7': 0.7768145275438332, 'lag_8': 0.598132181482552, 'lag_9': 0.8320818358124666, 'lag_10': 0.5206943234778283, 'lag_11': 0.0038677268886748023, 'lag_12': 0.8192983935707461, 'lag_13': 0.2898454228654427, 'lag_14': 0.43295656873410004, 'lag_15': 0.37673624549306006, 'lag_16': 0.8831706596288555, 'lag_17': 0.5363078979378852, 'lag_18': 0.4290986319167761, 'lag_19': 0.3487782604594491, 'lag_20': 0.0012104588703276686, 'lag_21': 0.4179868171116143, 'lag_22': 0.13867577085903, 'lag_23': 0.7358799826537377, 'lag_24': 0.547292662924293, 'lag_25': 0.8239410992487605, 'lag_26': 0.40167318933363977, 'lag_27': 0.9978399302954718, 'lag_28': 0.7241422703078569}. Best is trial 12 with value: 0.007112476563566757.
