[I 2025-10-03 11:36:16,037] Trial 16 finished with values: [0.01015625, 0.0007832615063222293, 0.004785566140143101, 0.006551085692925601, 0.0004892437062618629, 0.007628945775379965, 0.0026363999741566223, 0.0018728876927163306, 0.0008966482774139439, 0.00020946384225222666, 0.0006547459150818486, 0.00011373711394163319, 0.0037717542785281263, 0.005273650903439779, 0.0, 0.012666782378832429, 0.006705186071671703, 0.0018236673468167378, 0.0008087090517560975, 0.0014382263235959178, 0.0001412331488337897, 0.00048257394599099634, 0.0019425617524842988, 0.00175987472883607, 0.0024310820381387693, 0.00016459867833898493, 0.005142829263911965, 0.0022560802865954077, 0.0004378143939919105] and parameters: {'lag_0': 0.7727401755858603, 'lag_1': 0.641306766523167, 'lag_2': 0.8584703537105897, 'lag_3': 0.7366085509085518, 'lag_4': 0.22413016471282038, 'lag_5': 0.03700329821114685, 'lag_6': 0.7658396052928446, 'lag_7': 0.13829766882299652, 'lag_8': 0.851762693285845, 'lag_9': 0.4501923439548721, 'lag_10': 0.11383094976007366, 'lag_11': 0.8875962636607866, 'lag_12': 0.28414367904643867, 'lag_13': 0.01802299730678, 'lag_14': 0.9835362206930073, 'lag_15': 0.31568103264463554, 'lag_16': 0.9178969818552757, 'lag_17': 0.16733928148497493, 'lag_18': 0.45712696907792827, 'lag_19': 0.16495528059718198, 'lag_20': 0.3220952240948425, 'lag_21': 0.8818932017414445, 'lag_22': 0.14052974160821077, 'lag_23': 0.2729841618740801, 'lag_24': 0.8019779576499013, 'lag_25': 0.13308607773353587, 'lag_26': 0.3017698243986122, 'lag_27': 0.2173367952349681, 'lag_28': 0.47559865866706397}.
[I 2025-10-03 11:36:18,676] Trial 17 finished with values: [0.00390625, 0.006522340809928223, 0.0033525677914518033, 0.0018625147106900524, 0.0008068591869063779, 0.004411886285422993, 0.0011879423040449181, 0.002415327509926181, 0.0006859377451934126, 0.0004027242798333752, 0.0004967769048075826, 0.00014648238989592623, 0.0034411477256316506, 0.006357525160941057, 0.0, 0.007432890176183314, 0.007977693904532693, 0.0016074871904225231, 0.0007695721244989997, 0.0010484576982691853, 0.00012378950521296593, 0.0006632596859549091, 0.001173189456476091, 0.0011885725687160293, 0.0024044567594966324, 8.417730054507416e-05, 0.00634872703860863, 0.003609541565350182, 0.0004921914423220697] and parameters: {'lag_0': 0.07043627682602076, 'lag_1': 0.4551278857272535, 'lag_2': 0.7576534563920236, 'lag_3': 0.24173209241730698, 'lag_4': 0.5872177914023352, 'lag_5': 0.5482403758244426, 'lag_6': 0.054316584733576166, 'lag_7': 0.3665874923320188, 'lag_8': 0.5813530282275259, 'lag_9': 0.86523579352325, 'lag_10': 0.6378351620924382, 'lag_11': 0.7842107607433253, 'lag_12': 0.9630218368015688, 'lag_13': 0.6735044543527507, 'lag_14': 0.17453886468844468, 'lag_15': 0.5085914965209337, 'lag_16': 0.502961446252532, 'lag_17': 0.21316785452455606, 'lag_18': 0.7213846077277372, 'lag_19': 0.2158572045071262, 'lag_20': 0.9949554510026327, 'lag_21': 0.9668804849415681, 'lag_22': 0.4463014457663963, 'lag_23': 0.3901038300063038, 'lag_24': 0.7692719044644463, 'lag_25': 0.8448113338745287, 'lag_26': 0.6482227779808041, 'lag_27': 0.6795343067541852, 'lag_28': 0.5475269593280481}.
[I 2025-10-03 11:36:21,308] Trial 18 finished with values: [0.007298760968268543, 0.005804518130781725, 0.004280134278593602, 0.004219355927810421, 0.0006766047343472406, 0.004210399103239793, 0.0016692750525362863, 0.0016885451084161195, 0.0013943106399369719, 0.000261707506793961, 0.0010790665543743882, 0.0007356227362036423, 0.003641652952100373, 0.005080166424173653, 0.0, 0.005415040254911512, 0.007422885315173699, 0.0021599961206924877, 0.0004886028083449855, 0.00027015572375765863, 6.80363202828068e-05, 0.00046448270095897544, 0.001218036952633114, 0.0012763909657225888, 0.002038560044957727, 0.00037159108655166335, 0.005877960373681679, 0.0027875687320833378, 6.804542458736215e-05] and parameters: {'lag_0': 0.9454545476839539, 'lag_1': 0.6719981218141754, 'lag_2': 0.25456998265699465, 'lag_3': 0.8684627983550792, 'lag_4': 0.004654580404420336, 'lag_5': 0.5622669506032385, 'lag_6': 0.9595907414220398, 'lag_7': 0.3552251650345722, 'lag_8': 0.5937017261955486, 'lag_9': 0.1720391718260803, 'lag_10': 0.3729076722263321, 'lag_11': 0.4997901567728901, 'lag_12': 0.5004375753294571, 'lag_13': 0.9790201810660458, 'lag_14': 0.8045826433380211, 'lag_15': 0.7168607149852446, 'lag_16': 0.10842117012996218, 'lag_17': 0.6758625697104904, 'lag_18': 0.5002631760510223, 'lag_19': 0.31351836069629313, 'lag_20': 0.32216283023526865, 'lag_21': 0.10558740745196428, 'lag_22': 0.10196510384574266, 'lag_23': 0.45418379028629025, 'lag_24': 0.3857068160613191, 'lag_25': 0.9697425463419286, 'lag_26': 0.24867033585338996, 'lag_27': 0.830356741307226, 'lag_28': 0.19694306602939154}.
[I 2025-10-03 11:36:23,953] Trial 19 finished with values: [0.004416454081632653, 0.002675396096686942, 0.0028122880005996887, 0.0034686161600642417, 0.0004414591386065586, 0.005644761232685917, 0.0005723237957771892, 0.0018447227075899502, 0.001444870005658231, 0.00028345843538893936, 0.0009455462879904475, 0.00023606760131167527, 0.0034388476624260763, 0.005984792731526874, 0.0, 0.009505674673324412, 0.006752363231085035, 0.0009591103069081002, 0.0005271843693271023, 0.0006056224735978751, 0.00013901629071304554, 0.0005619221615353251, 0.0017833659011009793, 0.0006912150254815722, 0.00197300870154803, 0.00016621941993335702, 0.006179219476633853, 0.003098068762501258, 0.0031051008838909712] and parameters: {'lag_0': 0.25811360537500105, 'lag_1': 0.5604611903826759, 'lag_2': 0.05006369189186751, 'lag_3': 0.36748437669593154, 'lag_4': 0.0950039499167558, 'lag_5': 0.7540552144439857, 'lag_6': 0.509062396623916, 'lag_7': 0.9338724540776091, 'lag_8': 0.4251869490641238, 'lag_9': 0.37359234945818154, 'lag_10': 0.36488947830050533, 'lag_11': 0.1789370544196376, 'lag_12': 0.2570335007361233, 'lag_13': 0.22963988537895508, 'lag_14': 0.17214721785120524, 'lag_15': 0.3350593988272586, 'lag_16': 0.8697051970183828, 'lag_17': 0.7229267479828252, 'lag_18': 0.5220867582260857, 'lag_19': 0.9268515517803196, 'lag_20': 0.7089960280799343, 'lag_21': 0.845922887814201, 'lag_22': 0.7112560879887234, 'lag_23': 0.7762384097086816, 'lag_24': 0.925150318993727, 'lag_25': 0.6469148341217139, 'lag_26': 0.21802648274494665, 'lag_27': 0.4354559346555827, 'lag_28': 0.4566505788393085}.
[I 2025-10-03 11:36:26,592] Trial 20 finished with values: [0.01284760802469136, 0.0, 0.004663078536374646, 0.0020065880136308596, 0.0006583098353957431, 0.003600444986195615, 0.0006014301578497756, 0.001897154940509105, 0.001195060978394646, 0.00028411062776743473, 0.0003799221772550189, 0.0002617512616872182, 0.0036381078884569636, 0.006483951526561246, 0.0, 0.008434218041982407, 0.0068846161585787895, 0.0006436783601072697, 0.0006977571662167397, 0.001360784754597478, 5.722032246828429e-05, 0.00024162754641431092, 0.0008265773781590607, 0.0011338232893274129, 0.00241499356043783, 6.0102477555177106e-05, 0.0063034890434262875, 0.001184808998839722, 0.00038830447665260585] and parameters: {'lag_0': 0.6481458873678064, 'lag_1': 0.9776546194020705, 'lag_2': 0.35487352033099556, 'lag_3': 0.04973555850133543, 'lag_4': 0.24147759275528005, 'lag_5': 0.352954496347503, 'lag_6': 0.09090986238881697, 'lag_7': 0.253859450517724, 'lag_8': 0.15035911684481734, 'lag_9': 0.9838295138392229, 'lag_10': 0.30926440884668915, 'lag_11': 0.7539909330362118, 'lag_12': 0.5362294947689885, 'lag_13': 0.8617907693375383, 'lag_14': 0.8774094953227215, 'lag_15': 0.07636678152735236, 'lag_16': 0.300615435125648, 'lag_17': 0.8410512273837161, 'lag_18': 0.29007569935679756, 'lag_19': 0.8687235304919747, 'lag_20': 0.3433140062168348, 'lag_21': 0.01410590067479776, 'lag_22': 0.11987883990344436, 'lag_23': 0.5332292282044188, 'lag_24': 0.7271212917799474, 'lag_25': 0.762762246872878, 'lag_26': 0.14808550966815334, 'lag_27': 0.8462378436486991, 'lag_28': 0.8897173033788688}.
[I 2025-10-03 11:36:29,230] Trial 21 finished with values: [0.004416454081632653, 0.003076510701579886, 0.0037744076289746705, 0.004031055633560583, 0.0010622985599506494, 0.005442023144851147, 0.0016225437170067606, 0.001565438779203125, 0.0005114866541041266, 0.00016854969112101918, 0.0010537326850601878, 0.000169300520559337, 0.004142163526952248, 0.0044642911071393655, 0.0, 0.008152891872663905, 0.005255361258565886, 0.0007666947770636823, 0.0006946751286051741, 0.0008971088416140562, 6.815311945004894e-05, 0.0005361351438182831, 0.00142304369147984, 0.0009637436978635359, 0.002016349249945387, 0.00011198046834569649, 0.007087250276236789, 0.0018895468438196374, 0.001083448563098709] and parameters: {'lag_0': 0.20166467063292098, 'lag_1': 0.9938074057530223, 'lag_2': 0.38269514255343573, 'lag_3': 0.44455376623939297, 'lag_4': 0.01815701283198001, 'lag_5': 0.6777405785359059, 'lag_6': 0.7305265773134383, 'lag_7': 0.34650301002296635, 'lag_8': 0.38448758915765946, 'lag_9': 0.39589698138993423, 'lag_10': 0.30671630318026205, 'lag_11': 0.8165363651179849, 'lag_12': 0.33649879309347125, 'lag_13': 0.8443485723857304, 'lag_14': 0.06430465808672141, 'lag_15': 0.8937344276073456, 'lag_16': 0.9458647226946482, 'lag_17': 0.018187092641492413, 'lag_18': 0.25337299378107997, 'lag_19': 0.5908018909475647, 'lag_20': 0.4274968067890244, 'lag_21': 0.8473812668939711, 'lag_22': 0.5937824298213555, 'lag_23': 0.7849658251839914, 'lag_24': 0.21550605786983013, 'lag_25': 0.5351250636419833, 'lag_26': 0.5161264367372675, 'lag_27': 0.7974211338622939, 'lag_28': 0.5401370114757398}.
[I 2025-10-03 11:36:31,873] Trial 22 finished with values: [0.00390625, 0.010418438208616779, 0.004838447402388619, 0.00458212553069468, 0.0007348676068574603, 0.007978732057137047, 0.001868588226828816, 0.001038697558043056, 0.0005564056196975469, 0.00015783128167441094, 0.0007006599589039888, 0.0004431785033211025, 0.004242429976600889, 0.005611029383309255, 0.0, 0.009454971691346011, 0.006399747802261345, 0.0010739312698457536, 0.0008497460592672467, 0.00111611852186861, 0.00013857978840819862, 0.000673615720549501, 0.0015543083671587263, 0.0011017245620456573, 0.0024979126792485738, 0.00012527802805515877, 0.006123527878884738, 0.002096034848619796, 0.0006418569375774413] and parameters: {'lag_0': 0.20538881150469301, 'lag_1': 0.9925685135325212, 'lag_2': 0.1038380820541586, 'lag_3': 0.9062460303017382, 'lag_4': 0.9422135363095717, 'lag_5': 0.047209206916569865, 'lag_6': 0.41453949823903047, 'lag_7': 0.2561374824035406, 'lag_8': 0.30120159653770884, 'lag_9': 0.9588173397175729, 'lag_10': 0.13284099636730284, 'lag_11': 0.25138264060502663, 'lag_12': 0.9276994851781423, 'lag_13': 0.8900196876610552, 'lag_14': 0.9845023738988368, 'lag_15': 0.8617346335094898, 'lag_16': 0.47629363235472233, 'lag_17': 0.39596817377043675, 'lag_18': 0.9809423065015611, 'lag_19': 0.2264481475288514, 'lag_20': 0.7686051665683648, 'lag_21': 0.5838950861136414, 'lag_22': 0.8619318989319947, 'lag_23': 0.6854647195465793, 'lag_24': 0.4832564587769605, 'lag_25': 0.2727127830056682, 'lag_26': 0.020996469020147592, 'lag_27': 0.9923121461493567, 'lag_28': 0.9016915504532623}.
[I 2025-10-03 11:36:34,512] Trial 23 finished with values: [0.042486496913580245, 0.006883062062257868, 0.004875423263314681, 0.003874780324639261, 0.0013525589919778289, 0.006190538076505891, 0.0008924810604591261, 0.0014165715295222177, 0.001620155943659832, 0.0006071297142580148, 0.0009951591150838452, 0.0005090365692200744, 0.0038474722563989123, 0.006541112491818985, 0.0, 0.006109102193611234, 0.008028094555957462, 0.001549005164517393, 0.0006681616241270537, 0.0011071681117181531, 0.0001185985729712236, 0.0005505199682114782, 0.0011919274595571852, 0.0014495840114375044, 0.0017053962321329768, 0.0003984929481716499, 0.005533269520959864, 0.002138623410293105, 0.00010100231621244815] and parameters: {'lag_0': 0.8406763693838731, 'lag_1': 0.9412553909150116, 'lag_2': 0.8208756279636007, 'lag_3': 0.6791530546382571, 'lag_4': 0.6222841611701818, 'lag_5': 0.7685553285913396, 'lag_6': 0.1742047101323379, 'lag_7': 0.8790869648181165, 'lag_8': 0.2501073987545489, 'lag_9': 0.12663105293894836, 'lag_10': 0.9924076578280374, 'lag_11': 0.08107448406271825, 'lag_12': 0.03526928393745524, 'lag_13': 0.7465930617727187, 'lag_14': 0.6252999994014643, 'lag_15': 0.7178758146002517, 'lag_16': 0.8919044578421819, 'lag_17': 0.11640808555919589, 'lag_18': 0.8860084631314101, 'lag_19': 0.06569340118944622, 'lag_20': 0.29369965566675876, 'lag_21': 0.17867478316242766, 'lag_22': 0.9454860807552871, 'lag_23': 0.35750437727643536, 'lag_24': 0.5030903435857117, 'lag_25': 0.14967348892687224, 'lag_26': 0.40041930746018517, 'lag_27': 0.9074091651254319, 'lag_28': 0.2678381171204497}.
[I 2025-10-03 11:36:37,147] Trial 24 finished with values: [0.00390625, 0.0019874730509151202, 0.004184398833387951, 0.005637390430053464, 0.0008558711453947399, 0.00672237491364467, 0.0014426963413318864, 0.0011340644584489218, 0.0011877593637060048, 0.0003959483543151877, 0.000796956925199282, 0.00041117455683489974, 0.0035900100833212616, 0.006305384721878836, 0.0, 0.007184453668223496, 0.005928187949172737, 0.0018966962778166375, 0.0009214675719081304, 0.0010594592083531709, 0.00025222145381964865, 0.0003960394069645514, 0.000680366904850206, 0.0006723066403336112, 0.002650113305770815, 9.617633675856985e-05, 0.0064219913176679164, 0.003819244299907005, 0.0004928239740015801] and parameters: {'lag_0': 0.8998898870213262, 'lag_1': 0.17892010688818138, 'lag_2': 0.44692693027245733, 'lag_3': 0.6478975843071675, 'lag_4': 0.1363560180118154, 'lag_5': 0.8205827918650873, 'lag_6': 0.5653583251284506, 'lag_7': 0.8960822100459754, 'lag_8': 0.85083108842668, 'lag_9': 0.5047714239842888, 'lag_10': 0.0061892777546727305, 'lag_11': 0.5601230627835392, 'lag_12': 0.6058906831039402, 'lag_13': 0.4314573109305131, 'lag_14': 0.47406271335143413, 'lag_15': 0.744826734832316, 'lag_16': 0.2612021216388987, 'lag_17': 0.3778282004256346, 'lag_18': 0.0036231073483272156, 'lag_19': 0.1302101034189947, 'lag_20': 0.2673744888449356, 'lag_21': 0.3239065397706529, 'lag_22': 0.815494161915929, 'lag_23': 0.3181167275186649, 'lag_24': 0.4111439514103545, 'lag_25': 0.8098095825604489, 'lag_26': 0.6603445751263123, 'lag_27': 0.5884159625825276, 'lag_28': 0.19054230256285676}.
[I 2025-10-03 11:36:39,792] Trial 25 finished with values: [0.0040125739644970414, 0.00223558614767406, 0.00313399889992279, 0.0034919245524039967, 0.0005807729004715904, 0.007693991522087991, 0.0012447131075006054, 0.0012821480457473106, 0.0012220202831916814, 0.0001695402194971922, 0.0005164327756969455, 0.00033519361632551624, 0.0038788174312799303, 0.005749687184334972, 0.0, 0.009283613888831489, 0.006974351943235696, 0.0008804090474872278, 0.0005727902973631286, 0.000981948417072332, 0.0001770690564973607, 0.00037453569111485225, 0.0013103497191455967, 0.0011118215775242594, 0.0015726593385746747, 0.00014971631748016836, 0.005682387363784745, 0.003119178464543065, 0.0008710212701119752] and parameters: {'lag_0': 0.5815821113268892, 'lag_1': 0.8343375666835773, 'lag_2': 0.44046457107249004, 'lag_3': 0.8333170580623992, 'lag_4': 0.5335608521932265, 'lag_5': 0.5239388139924497, 'lag_6': 0.48468496005154393, 'lag_7': 0.30761664010162076, 'lag_8': 0.05486584376723987, 'lag_9': 0.37591156435826384, 'lag_10': 0.08772657812985936, 'lag_11': 0.45021785749985554, 'lag_12': 0.4028076473522712, 'lag_13': 0.8138474402212282, 'lag_14': 0.283919985909437, 'lag_15': 0.8276841680441421, 'lag_16': 0.8343295679204772, 'lag_17': 0.6304113363328782, 'lag_18': 0.1338358561288084, 'lag_19': 0.8941259311345625, 'lag_20': 0.9979914688175925, 'lag_21': 0.08772732340787912, 'lag_22': 0.4016441427114654, 'lag_23': 0.9079212163218104, 'lag_24': 0.15854558092947008, 'lag_25': 0.2717376429915847, 'lag_26': 0.02197578933871532, 'lag_27': 0.8617132557815537, 'lag_28': 0.7431724907776881}.
[I 2025-10-03 11:36:42,437] Trial 26 finished with values: [0.0034062500000000004, 0.004132373113854596, 0.004145277452594464, 0.0016546801912223738, 0.0009024384262054615, 0.006578067050133777, 0.0019700514016549988, 0.0017881123117374574, 0.0004064647236169787, 0.0002479997071659529, 0.0004933208882968865, 0.00031268558094323166, 0.0035600301730324573, 0.005594488779853047, 0.0, 0.009620264525783304, 0.006925949609244785, 0.0008779149253931313, 0.0007375818359974246, 0.001193077238671997, 6.143353288104516e-05, 0.0003892317659460602, 0.0014074470856141057, 0.0009295317371508901, 0.002154443599496475, 0.0001918521126386406, 0.007722093675481494, 0.0018380433092594806, 0.0013585992742520983] and parameters: {'lag_0': 0.866276811419061, 'lag_1': 0.5706547444372672, 'lag_2': 0.7635063832603932, 'lag_3': 0.34654938742107755, 'lag_4': 0.7082137405006234, 'lag_5': 0.9477578097330343, 'lag_6': 0.7473895742415666, 'lag_7': 0.17865369227941127, 'lag_8': 0.5507665254796368, 'lag_9': 0.43402038952868816, 'lag_10': 0.5448862902633023, 'lag_11': 0.3144684527621634, 'lag_12': 0.29212887949904004, 'lag_13': 0.14795987953205741, 'lag_14': 0.7866435523664748, 'lag_15': 0.5538956314712458, 'lag_16': 0.44569606547845747, 'lag_17': 0.5794292817703807, 'lag_18': 0.5430802950416485, 'lag_19': 0.62509110913318, 'lag_20': 0.004201912743586807, 'lag_21': 0.689946366544717, 'lag_22': 0.1926422540506671, 'lag_23': 0.35034301359694964, 'lag_24': 0.9364604158055186, 'lag_25': 0.03339292085661442, 'lag_26': 0.564004100398793, 'lag_27': 0.20649505655318307, 'lag_28': 0.7811525136060933}.
[I 2025-10-03 11:36:45,083] Trial 27 finished with values: [0.00390625, 0.0012471065018398778, 0.003440765610224479, 0.005587444221643357, 0.00023379011974203494, 0.007421746811393836, 0.0006732132393710855, 0.001320519046026743, 0.0006948800639737524, 0.0006290522286864969, 0.0007400693918271757, 0.0004424473400516904, 0.003993592579879362, 0.00459252634605418, 0.0, 0.011128577846685021, 0.005845154911419762, 0.0010188614542814137, 0.0007420865419231181, 0.0011856939595858856, 0.0001411429962089773, 0.00034856022377821876, 0.0006473590809150925, 0.001817738330598501, 0.0018580054710223503, 0.0004190806208551681, 0.0070186505432693015, 0.0016974814073694847, 0.0015328641260425743] and parameters: {'lag_0': 0.8099875219108581, 'lag_1': 0.09388217273870392, 'lag_2': 0.321053646990927, 'lag_3': 0.9204393600307509, 'lag_4': 0.49106753307948675, 'lag_5': 0.8050563423673391, 'lag_6': 0.5380441916161673, 'lag_7': 0.3012135910144259, 'lag_8': 0.9394419142108431, 'lag_9': 0.13861397381468496, 'lag_10': 0.6547167886922567, 'lag_11': 0.794382080781903, 'lag_12': 0.5153885453014659, 'lag_13': 0.4587680193005479, 'lag_14': 0.9852435504287438, 'lag_15': 0.03426507360165098, 'lag_16': 0.7545672103354271, 'lag_17': 0.9304524401408019, 'lag_18': 0.16746395074946022, 'lag_19': 0.09655418701464334, 'lag_20': 0.08768133025170773, 'lag_21': 0.17449092346235157, 'lag_22': 0.7964702605595266, 'lag_23': 0.3756748247871239, 'lag_24': 0.04480227095872367, 'lag_25': 0.2541886678728608, 'lag_26': 0.9263006287991209, 'lag_27': 0.5009364929710373, 'lag_28': 0.6886555839095383}.
[I 2025-10-03 11:36:47,721] Trial 28 finished with values: [0.00390625, 0.004721347640723476, 0.004414041296516425, 0.005121660550333721, 0.0007062867615181885, 0.005009097101208452, 0.0015864591889446858, 0.0025978668604892388, 0.0010792069965678624, 0.00018490085606114357, 0.0006814856658489425, 0.000629369717016804, 0.00408764747999303, 0.0059117806297836525, 0.0, 0.009824332167607214, 0.006991267193062764, 0.0016306652155194592, 0.0003536027940133601, 0.0006270527417351417, 3.93231056440816e-05, 0.0006420363575404684, 0.001246766102617956, 0.0017227862314616697, 0.0017439142479603053, 0.0002527313910279411, 0.005372624456904826, 0.0019856933111417003, 0.00039687085905662067] and parameters: {'lag_0': 0.49134396136118513, 'lag_1': 0.3723449844213133, 'lag_2': 0.17654675676757023, 'lag_3': 0.9266278647759152, 'lag_4': 0.8352551670584437, 'lag_5': 0.056928900464114286, 'lag_6': 0.24688943715794795, 'lag_7': 0.36760847202139185, 'lag_8': 0.06340443239547662, 'lag_9': 0.1903462184746614, 'lag_10': 0.8344161686740972, 'lag_11': 0.20778556879792043, 'lag_12': 0.8024882538314383, 'lag_13': 0.9617719292563154, 'lag_14': 0.28821861046033037, 'lag_15': 0.16246860538417543, 'lag_16': 0.5313085403974908, 'lag_17': 0.16853721310886277, 'lag_18': 0.5361628224014555, 'lag_19': 0.9507831818869725, 'lag_20': 0.05830496655000056, 'lag_21': 0.5082146162130151, 'lag_22': 0.3302798315255277, 'lag_23': 0.9440965243379759, 'lag_24': 0.24166729055630518, 'lag_25': 0.6431233157404269, 'lag_26': 0.8914302606597414, 'lag_27': 0.39976133871698044, 'lag_28': 0.05559157090234492}.
