2025-09-29 11:51:57,582 - distributed.nanny - INFO -         Start Nanny at: 'tcp://192.168.86.108:39593'
2025-09-29 11:51:58,911 - distributed.worker - INFO -       Start worker at: tcp://192.168.86.108:45250
2025-09-29 11:51:58,911 - distributed.worker - INFO -          Listening to: tcp://192.168.86.108:45250
2025-09-29 11:51:58,911 - distributed.worker - INFO -           Worker name:             SLURMCluster-8
2025-09-29 11:51:58,911 - distributed.worker - INFO -          dashboard at:       192.168.86.108:37433
2025-09-29 11:51:58,912 - distributed.worker - INFO - Waiting to connect to: tcp://192.168.86.101:45699
2025-09-29 11:51:58,912 - distributed.worker - INFO - -------------------------------------------------
2025-09-29 11:51:58,912 - distributed.worker - INFO -               Threads:                          1
2025-09-29 11:51:58,912 - distributed.worker - INFO -                Memory:                   9.31 GiB
2025-09-29 11:51:58,912 - distributed.worker - INFO -       Local Directory: /home1/zrentala/dask-worker-space/dask-scratch-space/worker-a57e87p1
2025-09-29 11:51:58,912 - distributed.worker - INFO - -------------------------------------------------
2025-09-29 11:51:59,355 - distributed.worker - INFO - Starting Worker plugin shuffle
2025-09-29 11:51:59,356 - distributed.worker - INFO -         Registered to: tcp://192.168.86.101:45699
2025-09-29 11:51:59,356 - distributed.worker - INFO - -------------------------------------------------
2025-09-29 11:51:59,356 - distributed.core - INFO - Starting established connection to tcp://192.168.86.101:45699
[I 2025-09-29 11:51:59,504] A new study created in memory with name: no-name-32651009-dc01-4337-8212-37737024fd16
[I 2025-09-29 11:52:01,811] Trial 0 finished with value: 0.011238210741397827 and parameters: {'lag_0': 0.7843593235904032, 'lag_1': 0.8943000466302153, 'lag_2': 0.8917310886974749, 'lag_3': 0.2680350746876686, 'lag_4': 0.5655546560455595, 'lag_5': 0.3891187712771659, 'lag_6': 0.8327376287003331, 'lag_7': 0.06433056530311605, 'lag_8': 0.0032614080537082682, 'lag_9': 0.2703292412212181, 'lag_10': 0.31648772591646235, 'lag_11': 0.292553951792181, 'lag_12': 0.9682198085392141, 'lag_13': 0.5163307922939127, 'lag_14': 0.8751347680451865, 'lag_15': 0.8076907352797889, 'lag_16': 0.09403043201927705, 'lag_17': 0.1395848079552257, 'lag_18': 0.7024723812427084, 'lag_19': 0.6136190100268794, 'lag_20': 0.9908809199039711, 'lag_21': 0.42562920928846626, 'lag_22': 0.6821166191629336, 'lag_23': 0.4311301762988882, 'lag_24': 0.4802806370117546, 'lag_25': 0.05247097130244712, 'lag_26': 0.784294372813293, 'lag_27': 0.5226350145468425, 'lag_28': 0.19066823724665638}. Best is trial 0 with value: 0.011238210741397827.
[I 2025-09-29 11:52:04,097] Trial 1 finished with value: 0.011188168511578283 and parameters: {'lag_0': 0.7067691293917682, 'lag_1': 0.6060374959438478, 'lag_2': 0.6402715772588502, 'lag_3': 0.8105608773741892, 'lag_4': 0.8525493329304414, 'lag_5': 0.677469447800986, 'lag_6': 0.7576717208882541, 'lag_7': 0.570052839519898, 'lag_8': 0.7954831374191889, 'lag_9': 0.5391577149663025, 'lag_10': 0.4877821325666718, 'lag_11': 0.04878830737739255, 'lag_12': 0.05243508560696637, 'lag_13': 0.9182167459769687, 'lag_14': 0.3526938550817049, 'lag_15': 0.3720555841910066, 'lag_16': 0.5902462106161229, 'lag_17': 0.18169551151456226, 'lag_18': 0.8870393445334869, 'lag_19': 0.556611139852834, 'lag_20': 0.4309173249336904, 'lag_21': 0.3158349450251346, 'lag_22': 0.6587416880597883, 'lag_23': 0.7494910277914403, 'lag_24': 0.3114519769966192, 'lag_25': 0.8097805195390598, 'lag_26': 0.607980741597224, 'lag_27': 0.6016088859425025, 'lag_28': 0.960434859877339}. Best is trial 1 with value: 0.011188168511578283.
[I 2025-09-29 11:52:06,369] Trial 2 finished with value: 0.01112942782730903 and parameters: {'lag_0': 0.3610607380945476, 'lag_1': 0.45986493007569973, 'lag_2': 0.46009724391542905, 'lag_3': 0.21863029170395, 'lag_4': 0.21437595404091098, 'lag_5': 0.7406427362064137, 'lag_6': 0.59066697267911, 'lag_7': 0.027012626259513565, 'lag_8': 0.1357405006968741, 'lag_9': 0.9726828828057528, 'lag_10': 0.35302590397816275, 'lag_11': 0.47380301368884636, 'lag_12': 0.05747660623321487, 'lag_13': 0.853075484746637, 'lag_14': 0.4429110412035009, 'lag_15': 0.08745487494200951, 'lag_16': 0.14335113966493754, 'lag_17': 0.1823867778403215, 'lag_18': 0.5045769123934521, 'lag_19': 0.04091284740807652, 'lag_20': 0.16830867513057987, 'lag_21': 0.7627143299411175, 'lag_22': 0.1070676087932441, 'lag_23': 0.826592331749417, 'lag_24': 0.8022057002606848, 'lag_25': 0.1509462730479935, 'lag_26': 0.35100264417702, 'lag_27': 0.5260430781735009, 'lag_28': 0.5073141808645281}. Best is trial 2 with value: 0.01112942782730903.
[I 2025-09-29 11:52:08,643] Trial 3 finished with value: 0.011207149009091043 and parameters: {'lag_0': 0.9948650308674145, 'lag_1': 0.9171651300960645, 'lag_2': 0.5787751549534537, 'lag_3': 0.18969965950531192, 'lag_4': 0.7341057680957741, 'lag_5': 0.8244361846021939, 'lag_6': 0.45214442291679235, 'lag_7': 0.12748143162915124, 'lag_8': 0.012834436669712394, 'lag_9': 0.8919029843255998, 'lag_10': 0.9128031102520361, 'lag_11': 0.21749756946050183, 'lag_12': 0.42236809624614396, 'lag_13': 0.3414733007401519, 'lag_14': 0.7387912795881418, 'lag_15': 0.6855720400566755, 'lag_16': 0.1591508270204547, 'lag_17': 0.9206000440831152, 'lag_18': 0.021294846242921987, 'lag_19': 0.6508956587627243, 'lag_20': 0.9761899243618236, 'lag_21': 0.08545473487972931, 'lag_22': 0.35837359091005666, 'lag_23': 0.9178563668457376, 'lag_24': 0.7794043127524535, 'lag_25': 0.6965265281371744, 'lag_26': 0.43488700722304796, 'lag_27': 0.8633032436776834, 'lag_28': 0.1226038755490483}. Best is trial 2 with value: 0.01112942782730903.
[I 2025-09-29 11:52:10,917] Trial 4 finished with value: 0.011261426718190654 and parameters: {'lag_0': 0.3320629317383382, 'lag_1': 0.3117013678885045, 'lag_2': 0.800230338198161, 'lag_3': 0.9704620694996636, 'lag_4': 0.25967754627200573, 'lag_5': 0.6455030867009437, 'lag_6': 0.2291500233529611, 'lag_7': 0.5819696084146097, 'lag_8': 0.9812141758128854, 'lag_9': 0.6883087546000094, 'lag_10': 0.8988346116794527, 'lag_11': 0.2809929210823277, 'lag_12': 0.323326486910089, 'lag_13': 0.027702122919325004, 'lag_14': 0.19918293161959172, 'lag_15': 0.22055811866511546, 'lag_16': 0.8950461013347506, 'lag_17': 0.1926933732821301, 'lag_18': 0.8714570062396361, 'lag_19': 0.7397480574021599, 'lag_20': 0.19280654973736702, 'lag_21': 0.0034557560253176385, 'lag_22': 0.8222741940864737, 'lag_23': 0.41381379879744273, 'lag_24': 0.038041495945941126, 'lag_25': 0.8735922360545781, 'lag_26': 0.2710611130546678, 'lag_27': 0.6150546272600974, 'lag_28': 0.11627763574570388}. Best is trial 2 with value: 0.01112942782730903.
[I 2025-09-29 11:52:13,193] Trial 5 finished with value: 0.011376627067030656 and parameters: {'lag_0': 0.8361269451481989, 'lag_1': 0.8869009639741897, 'lag_2': 0.488628866247325, 'lag_3': 0.6024186630798666, 'lag_4': 0.894507629842485, 'lag_5': 0.5679147886940583, 'lag_6': 0.8699803548948686, 'lag_7': 0.5352413989885424, 'lag_8': 0.8592812255191429, 'lag_9': 0.7427706295754233, 'lag_10': 0.9356826184088555, 'lag_11': 0.9608413916477018, 'lag_12': 0.39097258163980997, 'lag_13': 0.773388169434928, 'lag_14': 0.1540665617525525, 'lag_15': 0.13994563988463574, 'lag_16': 0.2370236268688157, 'lag_17': 0.9750143081769685, 'lag_18': 0.4890090423099949, 'lag_19': 0.7714241994350434, 'lag_20': 0.7382998150319059, 'lag_21': 0.739862942359256, 'lag_22': 0.5405154897571052, 'lag_23': 0.6560607509617434, 'lag_24': 0.5702772625163816, 'lag_25': 0.7887134563343846, 'lag_26': 0.9425549763067456, 'lag_27': 0.7879727473009643, 'lag_28': 0.0822091179550471}. Best is trial 2 with value: 0.01112942782730903.
[I 2025-09-29 11:52:15,471] Trial 6 finished with value: 0.01119412704666842 and parameters: {'lag_0': 0.08640058593994919, 'lag_1': 0.22072253960108418, 'lag_2': 0.8614183633994377, 'lag_3': 0.8042110379580574, 'lag_4': 0.8314378934304627, 'lag_5': 0.418331765358337, 'lag_6': 0.355870363633222, 'lag_7': 0.6877652370651454, 'lag_8': 0.5476014567288352, 'lag_9': 0.9971835555163941, 'lag_10': 0.2567157185142669, 'lag_11': 0.7328074715537777, 'lag_12': 0.09881590415568349, 'lag_13': 0.0329218442184804, 'lag_14': 0.9587744631708557, 'lag_15': 0.4210631400005622, 'lag_16': 0.7456985345062335, 'lag_17': 0.5504056937581757, 'lag_18': 0.10165148219092732, 'lag_19': 0.5806749929986011, 'lag_20': 0.743065046321917, 'lag_21': 0.5594261406386051, 'lag_22': 0.9758151721627892, 'lag_23': 0.26174019156978173, 'lag_24': 0.7345193850140662, 'lag_25': 0.6184207844748444, 'lag_26': 0.4915778133365257, 'lag_27': 0.8516644716149208, 'lag_28': 0.13460775368014818}. Best is trial 2 with value: 0.01112942782730903.
[I 2025-09-29 11:52:17,744] Trial 7 finished with value: 0.011197545605193596 and parameters: {'lag_0': 0.4001726677013079, 'lag_1': 0.41136257987664687, 'lag_2': 0.192053889915915, 'lag_3': 0.7807430395372974, 'lag_4': 0.4519593608234324, 'lag_5': 0.47876405632758856, 'lag_6': 0.7117351285640349, 'lag_7': 0.3972474228719451, 'lag_8': 0.47065009428789817, 'lag_9': 0.984801647788354, 'lag_10': 0.6081968176600535, 'lag_11': 0.2622082234635026, 'lag_12': 0.9649923902711646, 'lag_13': 0.035266252200833986, 'lag_14': 0.7816671239215808, 'lag_15': 0.740079221411052, 'lag_16': 0.8843752128059904, 'lag_17': 0.8414373595429276, 'lag_18': 0.5186809335090655, 'lag_19': 0.5021366581900983, 'lag_20': 0.7145470332848977, 'lag_21': 0.1916196023725936, 'lag_22': 0.47818677045502656, 'lag_23': 0.8928838929115601, 'lag_24': 0.6698732573881471, 'lag_25': 0.25730945909943204, 'lag_26': 0.8190908612941498, 'lag_27': 0.07591885193363719, 'lag_28': 0.621760451801114}. Best is trial 2 with value: 0.01112942782730903.
[I 2025-09-29 11:52:20,018] Trial 8 finished with value: 0.011074425762373828 and parameters: {'lag_0': 0.02845847664295198, 'lag_1': 0.3158398708965997, 'lag_2': 0.14982078757617326, 'lag_3': 0.44697640878954764, 'lag_4': 0.4078105749322437, 'lag_5': 0.04235362398411536, 'lag_6': 0.557145521156728, 'lag_7': 0.42810372751728154, 'lag_8': 0.4186190249976577, 'lag_9': 0.25072452919292576, 'lag_10': 0.9210977670538055, 'lag_11': 0.02122288174045097, 'lag_12': 0.5623838213673231, 'lag_13': 0.31642010118328234, 'lag_14': 0.9667206864167915, 'lag_15': 0.22549106598726823, 'lag_16': 0.5251538790738777, 'lag_17': 0.00040193780279123583, 'lag_18': 0.7982486669699389, 'lag_19': 0.9868945409489923, 'lag_20': 0.35168764530267105, 'lag_21': 0.4787965441560023, 'lag_22': 0.3414730532294971, 'lag_23': 0.7742037728144248, 'lag_24': 0.13468232915054956, 'lag_25': 0.2822294750184921, 'lag_26': 0.27286533425342036, 'lag_27': 0.489906102891857, 'lag_28': 0.7017969453551135}. Best is trial 8 with value: 0.011074425762373828.
[I 2025-09-29 11:52:22,287] Trial 9 finished with value: 0.011174462781532946 and parameters: {'lag_0': 0.5738724831060539, 'lag_1': 0.2052293880448354, 'lag_2': 0.5205946963697379, 'lag_3': 0.7546961471385687, 'lag_4': 0.20861030509043846, 'lag_5': 0.4441267973547367, 'lag_6': 0.653089715334968, 'lag_7': 0.1385214155453888, 'lag_8': 0.3435637019085555, 'lag_9': 0.8768346143710467, 'lag_10': 0.17954977589136223, 'lag_11': 0.7478066346355474, 'lag_12': 0.3867085392822564, 'lag_13': 0.8515809148057716, 'lag_14': 0.25195210542329394, 'lag_15': 0.9723140240633429, 'lag_16': 0.422560108935361, 'lag_17': 0.782777375545341, 'lag_18': 0.6342486135888459, 'lag_19': 0.36927079950679637, 'lag_20': 0.5873190813505983, 'lag_21': 0.9028996459493758, 'lag_22': 0.8969063854866572, 'lag_23': 0.7696873946336, 'lag_24': 0.7334645864284299, 'lag_25': 0.5658585642831261, 'lag_26': 0.8126889983435387, 'lag_27': 0.46232440411481746, 'lag_28': 0.9580799698351448}. Best is trial 8 with value: 0.011074425762373828.
[I 2025-09-29 11:52:24,623] Trial 10 finished with value: 0.011130695656680236 and parameters: {'lag_0': 0.007940831958975315, 'lag_1': 0.01117020752592418, 'lag_2': 0.016090942962381283, 'lag_3': 0.4162061360418593, 'lag_4': 0.010893698015175535, 'lag_5': 0.008908530005968786, 'lag_6': 0.07364014863997803, 'lag_7': 0.9013910011055275, 'lag_8': 0.5990982554545696, 'lag_9': 0.01585651658247572, 'lag_10': 0.00549612207203376, 'lag_11': 0.06970955115391297, 'lag_12': 0.6787210327675085, 'lag_13': 0.299147700643112, 'lag_14': 0.6182776031851636, 'lag_15': 0.5554259705233603, 'lag_16': 0.40505194928431704, 'lag_17': 0.010372222005520623, 'lag_18': 0.2577305705367968, 'lag_19': 0.8926163517347112, 'lag_20': 0.35251952330041353, 'lag_21': 0.5797517828667968, 'lag_22': 0.00905170104541364, 'lag_23': 0.02891862538007861, 'lag_24': 0.025171071728196423, 'lag_25': 0.34175103826863473, 'lag_26': 0.06471518989364339, 'lag_27': 0.22627027406500044, 'lag_28': 0.7542633448862807}. Best is trial 8 with value: 0.011074425762373828.
[I 2025-09-29 11:52:27,033] Trial 11 finished with value: 0.01136367808366313 and parameters: {'lag_0': 0.2400427818501068, 'lag_1': 0.5856514868970505, 'lag_2': 0.314011215956602, 'lag_3': 0.10137665177061654, 'lag_4': 0.34745493266044, 'lag_5': 0.9951680331604986, 'lag_6': 0.598273569365693, 'lag_7': 0.3159222167539848, 'lag_8': 0.223581571606162, 'lag_9': 0.2962234813493791, 'lag_10': 0.6523658635656135, 'lag_11': 0.5271528843906261, 'lag_12': 0.693962801284543, 'lag_13': 0.6525145014699516, 'lag_14': 0.4813208077880361, 'lag_15': 0.01992193304479413, 'lag_16': 0.6138056492398475, 'lag_17': 0.39575036023259547, 'lag_18': 0.3511364301245801, 'lag_19': 0.014540883539927656, 'lag_20': 0.02902251074543849, 'lag_21': 0.7576462424219397, 'lag_22': 0.14934728674588343, 'lag_23': 0.9884107555821888, 'lag_24': 0.9894728912875606, 'lag_25': 0.024751820098821653, 'lag_26': 0.23116698898738186, 'lag_27': 0.3708914732742526, 'lag_28': 0.39683727525027196}. Best is trial 8 with value: 0.011074425762373828.
[I 2025-09-29 11:52:29,363] Trial 12 finished with value: 0.011233722635876372 and parameters: {'lag_0': 0.13806039530288172, 'lag_1': 0.4821089615893874, 'lag_2': 0.2772410875969068, 'lag_3': 0.3866819685677685, 'lag_4': 0.002510859265485277, 'lag_5': 0.019663603274227403, 'lag_6': 0.9783147802315575, 'lag_7': 0.27697530218297406, 'lag_8': 0.23990174923430502, 'lag_9': 0.23914672964150824, 'lag_10': 0.45448427467268504, 'lag_11': 0.47651283093182756, 'lag_12': 0.5983374687184243, 'lag_13': 0.2914398059355564, 'lag_14': 0.4982681639765939, 'lag_15': 0.22884757076060566, 'lag_16': 0.3040889865033484, 'lag_17': 0.3724318885509324, 'lag_18': 0.9760018439779058, 'lag_19': 0.2532687253840802, 'lag_20': 0.2464003291466742, 'lag_21': 0.995592210247479, 'lag_22': 0.24789754546578413, 'lag_23': 0.6031520100258909, 'lag_24': 0.23262797822737852, 'lag_25': 0.2924386642184231, 'lag_26': 0.2460942531392256, 'lag_27': 0.3209055644725579, 'lag_28': 0.45939468241989356}. Best is trial 8 with value: 0.011074425762373828.
[I 2025-09-29 11:52:31,691] Trial 13 finished with value: 0.011264078338183001 and parameters: {'lag_0': 0.5067001032452033, 'lag_1': 0.7218177572347626, 'lag_2': 0.0015435737761853585, 'lag_3': 0.015784093587571157, 'lag_4': 0.5415048617785088, 'lag_5': 0.2622919234470124, 'lag_6': 0.47207711666209307, 'lag_7': 0.0021033125433322364, 'lag_8': 0.17998611212680904, 'lag_9': 0.47758789882655794, 'lag_10': 0.7194968961889084, 'lag_11': 0.4778675723055538, 'lag_12': 0.2054640770943813, 'lag_13': 0.993261754795058, 'lag_14': 0.007495806192596544, 'lag_15': 0.008721554104453244, 'lag_16': 0.5389529880058711, 'lag_17': 0.03547717871750883, 'lag_18': 0.7416208195858982, 'lag_19': 0.9937669660485428, 'lag_20': 0.051293104751125806, 'lag_21': 0.7052177555719082, 'lag_22': 0.024306788519683764, 'lag_23': 0.8051666919955848, 'lag_24': 0.9937436943075768, 'lag_25': 0.429145801546962, 'lag_26': 0.02161154112222513, 'lag_27': 0.6973416319599923, 'lag_28': 0.6691938083729468}. Best is trial 8 with value: 0.011074425762373828.
[I 2025-09-29 11:52:34,020] Trial 14 finished with value: 0.011403409554994335 and parameters: {'lag_0': 0.22588788141491808, 'lag_1': 0.05559349088329213, 'lag_2': 0.42049715575563174, 'lag_3': 0.5677623064230591, 'lag_4': 0.1472360568776872, 'lag_5': 0.1587011419395415, 'lag_6': 0.5834576605123547, 'lag_7': 0.7963391962626147, 'lag_8': 0.4275824971723734, 'lag_9': 0.03914871619661858, 'lag_10': 0.7528621192081533, 'lag_11': 0.6507186122824417, 'lag_12': 0.8219751786321092, 'lag_13': 0.478663234407838, 'lag_14': 0.6163275168407243, 'lag_15': 0.3054961922317917, 'lag_16': 0.7157630187682295, 'lag_17': 0.28991472208399327, 'lag_18': 0.44841084428429234, 'lag_19': 0.07846731113896416, 'lag_20': 0.22814637560870854, 'lag_21': 0.41602581400491473, 'lag_22': 0.24631812199496317, 'lag_23': 0.5973106818588751, 'lag_24': 0.3460968639518317, 'lag_25': 0.17485642203727736, 'lag_26': 0.37549957257431166, 'lag_27': 0.21805382582143046, 'lag_28': 0.3180250246593395}. Best is trial 8 with value: 0.011074425762373828.
[I 2025-09-29 11:52:36,343] Trial 15 finished with value: 0.011161721714794662 and parameters: {'lag_0': 0.3835745709540804, 'lag_1': 0.37051995393009035, 'lag_2': 0.15858669720045826, 'lag_3': 0.30550255026180095, 'lag_4': 0.3701394831830985, 'lag_5': 0.8014003363925982, 'lag_6': 0.3292638127490357, 'lag_7': 0.2790451923157442, 'lag_8': 0.6554031112431653, 'lag_9': 0.4331358385039608, 'lag_10': 0.37984136456196776, 'lag_11': 0.9515383994002353, 'lag_12': 0.542895128866208, 'lag_13': 0.6780313868126405, 'lag_14': 0.36586519730928296, 'lag_15': 0.14581843415849208, 'lag_16': 0.04766324794405476, 'lag_17': 0.6244030296279893, 'lag_18': 0.6562723702259724, 'lag_19': 0.21775152714345564, 'lag_20': 0.523432349537257, 'lag_21': 0.6415485317145027, 'lag_22': 0.16554566383514296, 'lag_23': 0.7079761132312861, 'lag_24': 0.1707103185387392, 'lag_25': 0.15934951442933215, 'lag_26': 0.5808703260464967, 'lag_27': 0.4539058696702525, 'lag_28': 0.7745276340126377}. Best is trial 8 with value: 0.011074425762373828.
[I 2025-09-29 11:52:38,678] Trial 16 finished with value: 0.011311603565346929 and parameters: {'lag_0': 0.6141993512489013, 'lag_1': 0.22346785506538913, 'lag_2': 0.71150260473346, 'lag_3': 0.4759474825642124, 'lag_4': 0.6881929641238045, 'lag_5': 0.26157622976593803, 'lag_6': 0.5296489714895475, 'lag_7': 0.991679380337149, 'lag_8': 0.10254286950607527, 'lag_9': 0.6297695285202272, 'lag_10': 0.15874320202470732, 'lag_11': 0.1480480940649284, 'lag_12': 0.24656580960948385, 'lag_13': 0.21349965866639464, 'lag_14': 0.6264510767983211, 'lag_15': 0.480721128168551, 'lag_16': 0.34861037009323215, 'lag_17': 0.08961442658965349, 'lag_18': 0.22349691324114274, 'lag_19': 0.3681218717036112, 'lag_20': 0.3208915419314757, 'lag_21': 0.831887078334572, 'lag_22': 0.39243161345130695, 'lag_23': 0.8724168004290985, 'lag_24': 0.8667516240919801, 'lag_25': 0.45415833667944494, 'lag_26': 0.15763330060845832, 'lag_27': 0.7072981830425409, 'lag_28': 0.5310292350297561}. Best is trial 8 with value: 0.011074425762373828.
[I 2025-09-29 11:52:41,009] Trial 17 finished with value: 0.011328743493722315 and parameters: {'lag_0': 0.23230630249005005, 'lag_1': 0.7300529201519916, 'lag_2': 0.3931422114365398, 'lag_3': 0.2204359140226373, 'lag_4': 0.15156918633664657, 'lag_5': 0.9932634249649204, 'lag_6': 0.22458798882788444, 'lag_7': 0.40325130659124747, 'lag_8': 0.3498383534573519, 'lag_9': 0.18448599598047877, 'lag_10': 0.5768178243114053, 'lag_11': 0.38360415429606637, 'lag_12': 0.8013714903971512, 'lag_13': 0.48347517376275273, 'lag_14': 0.9862007823569852, 'lag_15': 0.13341957568410479, 'lag_16': 0.2228576253630275, 'lag_17': 0.2799558614866565, 'lag_18': 0.8172011729566948, 'lag_19': 0.4128118858595289, 'lag_20': 0.16307332912345965, 'lag_21': 0.4826997983035227, 'lag_22': 0.13282336538055137, 'lag_23': 0.4790785501864852, 'lag_24': 0.4638180273382056, 'lag_25': 0.14461574952399878, 'lag_26': 0.3592727162100341, 'lag_27': 0.012644331013933308, 'lag_28': 0.28515243909570975}. Best is trial 8 with value: 0.011074425762373828.
[I 2025-09-29 11:52:43,335] Trial 18 finished with value: 0.011110145022822367 and parameters: {'lag_0': 0.02384661109419362, 'lag_1': 0.5283951276595368, 'lag_2': 0.14410144166407213, 'lag_3': 0.6277293797055676, 'lag_4': 0.3239745626534115, 'lag_5': 0.7653427640793702, 'lag_6': 0.34194939828884674, 'lag_7': 0.19811011051315874, 'lag_8': 0.312614299507404, 'lag_9': 0.3901497202425852, 'lag_10': 0.8148976120625275, 'lag_11': 0.627206101330142, 'lag_12': 0.14961524051339165, 'lag_13': 0.1819922230522787, 'lag_14': 0.37209251694770373, 'lag_15': 0.2988040954277845, 'lag_16': 0.4630523520966524, 'lag_17': 0.4564644081329944, 'lag_18': 0.5698863206287624, 'lag_19': 0.1656397057911574, 'lag_20': 0.11253283246913126, 'lag_21': 0.29881076845442767, 'lag_22': 0.30615760987446883, 'lag_23': 0.23202989259566165, 'lag_24': 0.6202153918264022, 'lag_25': 0.37296214665429983, 'lag_26': 0.5948712670336502, 'lag_27': 0.336451804219315, 'lag_28': 0.8151303150056113}. Best is trial 8 with value: 0.011074425762373828.
[I 2025-09-29 11:52:45,666] Trial 19 finished with value: 0.011151240268587728 and parameters: {'lag_0': 0.007065944279602943, 'lag_1': 0.5908338073859171, 'lag_2': 0.1282342258481311, 'lag_3': 0.6499356787225192, 'lag_4': 0.42193251446620167, 'lag_5': 0.8756681983678336, 'lag_6': 0.10286647505842827, 'lag_7': 0.1910902374617086, 'lag_8': 0.3352762592662778, 'lag_9': 0.3756816658070399, 'lag_10': 0.8242026581234186, 'lag_11': 0.6369298866185356, 'lag_12': 0.491389881642736, 'lag_13': 0.1969001738736137, 'lag_14': 0.020010178424772873, 'lag_15': 0.2887410816469268, 'lag_16': 0.4720095505876468, 'lag_17': 0.6637595042283155, 'lag_18': 0.5703398990690648, 'lag_19': 0.17707880074524737, 'lag_20': 0.4141863574420472, 'lag_21': 0.27746098140434766, 'lag_22': 0.3436107879353344, 'lag_23': 0.2159007975509326, 'lag_24': 0.5833711697976687, 'lag_25': 0.38497734393357774, 'lag_26': 0.6900533963609157, 'lag_27': 0.1695417233566454, 'lag_28': 0.8496985893998625}. Best is trial 8 with value: 0.011074425762373828.
