[I 2025-09-29 13:18:53,266] Trial 19 finished with value: 0.0020947810525840855 and parameters: {'lag_0': 0.3831784758550616, 'lag_1': 0.42306742458135044, 'lag_2': 0.3576810574093078, 'lag_3': 0.9644579813882352, 'lag_4': 0.04550700680978165, 'lag_5': 0.38732883960703324, 'lag_6': 0.6485913828037938, 'lag_7': 0.6643262559694874, 'lag_8': 0.17299979907852214, 'lag_9': 0.018676298795386514, 'lag_10': 0.27805026161476976, 'lag_11': 0.7509996582761074, 'lag_12': 0.049208064910745794, 'lag_13': 0.874210744968588, 'lag_14': 0.7588591957280719, 'lag_15': 0.9909953054550519, 'lag_16': 0.9946461561945846, 'lag_17': 0.29067257937212404, 'lag_18': 0.4763954644792937, 'lag_19': 0.14884535220724976, 'lag_20': 0.40813381353017386, 'lag_21': 0.4244663551414981, 'lag_22': 0.5973377987319561, 'lag_23': 0.5534511374903662, 'lag_24': 0.43884643706221166, 'lag_25': 0.5326547705812927, 'lag_26': 0.39457841926740955, 'lag_27': 0.6986486829280304, 'lag_28': 0.017952984435401387}. Best is trial 18 with value: 0.001304818825466001.
[I 2025-09-29 13:18:55,668] Trial 20 finished with value: 0.0022896062962401323 and parameters: {'lag_0': 0.16508434610925093, 'lag_1': 0.23740780444459125, 'lag_2': 0.5309044192552992, 'lag_3': 0.6192936944307432, 'lag_4': 0.16947391342929902, 'lag_5': 0.4505731493740651, 'lag_6': 0.7503195341500981, 'lag_7': 0.17846743942224352, 'lag_8': 0.39505735796187597, 'lag_9': 0.3200208206652532, 'lag_10': 0.724381715408141, 'lag_11': 0.7008642169140246, 'lag_12': 0.2555010507218028, 'lag_13': 0.8973157919736218, 'lag_14': 0.4870626793562113, 'lag_15': 0.843870468453302, 'lag_16': 0.9051189731044039, 'lag_17': 0.1636491618932685, 'lag_18': 0.29481465570773224, 'lag_19': 0.32708695757993667, 'lag_20': 0.24507965058594022, 'lag_21': 0.18291333201389148, 'lag_22': 0.36463807549412885, 'lag_23': 0.7813603474058636, 'lag_24': 0.23836034235837375, 'lag_25': 0.7509680584874295, 'lag_26': 0.26648275330992366, 'lag_27': 0.8021352145524205, 'lag_28': 0.8144523457822526}. Best is trial 18 with value: 0.001304818825466001.
[I 2025-09-29 13:18:58,062] Trial 21 finished with value: 0.0022492514045019895 and parameters: {'lag_0': 0.6048368732586518, 'lag_1': 0.6184145235333921, 'lag_2': 0.12178105519437701, 'lag_3': 0.8445322456975912, 'lag_4': 0.3150585921501355, 'lag_5': 0.7389894790793097, 'lag_6': 0.5422303257129457, 'lag_7': 0.8272187834810653, 'lag_8': 0.27246363490518255, 'lag_9': 0.5347102543369482, 'lag_10': 0.10284708800134229, 'lag_11': 0.45552331966859494, 'lag_12': 0.0039955873932795, 'lag_13': 0.7947871232811419, 'lag_14': 0.3337418980595843, 'lag_15': 0.6078250642668283, 'lag_16': 0.753854834218979, 'lag_17': 0.5198970457421942, 'lag_18': 0.5031997141394847, 'lag_19': 0.4573525541567667, 'lag_20': 0.38841391934856234, 'lag_21': 0.6325212867874926, 'lag_22': 0.5631367406111452, 'lag_23': 0.5725162957415634, 'lag_24': 0.002001652944717436, 'lag_25': 0.45830754404424123, 'lag_26': 0.5840818462743707, 'lag_27': 0.9859173503420562, 'lag_28': 0.6580755696207709}. Best is trial 18 with value: 0.001304818825466001.
[I 2025-09-29 13:19:00,458] Trial 22 finished with value: 0.0014315424035792079 and parameters: {'lag_0': 0.375529099899026, 'lag_1': 0.4800046868820399, 'lag_2': 0.33823303991575815, 'lag_3': 0.8520451375941291, 'lag_4': 0.17009093695350705, 'lag_5': 0.5453307869843298, 'lag_6': 0.41451863794125643, 'lag_7': 0.732209403948759, 'lag_8': 0.590404140476469, 'lag_9': 0.03261971473772872, 'lag_10': 0.09047791719068232, 'lag_11': 0.8907744932874404, 'lag_12': 0.8036383605327215, 'lag_13': 0.6135078493820993, 'lag_14': 0.5582891734929625, 'lag_15': 0.718854254042066, 'lag_16': 0.594505483518834, 'lag_17': 0.3199489768242839, 'lag_18': 0.6619188851203669, 'lag_19': 0.2738540964907745, 'lag_20': 0.662267432753713, 'lag_21': 0.6900090662454322, 'lag_22': 0.9422993423521281, 'lag_23': 0.6152870134176239, 'lag_24': 0.6731425924101901, 'lag_25': 0.6020331778182174, 'lag_26': 0.4449721442608057, 'lag_27': 0.8796857827731062, 'lag_28': 0.4681371098845637}. Best is trial 18 with value: 0.001304818825466001.
[I 2025-09-29 13:19:02,853] Trial 23 finished with value: 0.0014918649634095443 and parameters: {'lag_0': 0.36417004160159694, 'lag_1': 0.4666257551290194, 'lag_2': 0.324811048478538, 'lag_3': 0.8730387603740049, 'lag_4': 0.0029978109949317933, 'lag_5': 0.33935027069001017, 'lag_6': 0.4094923038995967, 'lag_7': 0.7146702929723934, 'lag_8': 0.5902078422223258, 'lag_9': 0.040094316734546644, 'lag_10': 0.021233341993514468, 'lag_11': 0.8687034283618678, 'lag_12': 0.6385100414388309, 'lag_13': 0.9899802234264404, 'lag_14': 0.5673352184373032, 'lag_15': 0.7253715768629476, 'lag_16': 0.5674938159010792, 'lag_17': 0.33186317899480766, 'lag_18': 0.7016178253568295, 'lag_19': 0.2838349572772132, 'lag_20': 0.6598466069967363, 'lag_21': 0.6904092397334389, 'lag_22': 0.9884314459119494, 'lag_23': 0.3807168274636318, 'lag_24': 0.6184767039813155, 'lag_25': 0.6089747844435266, 'lag_26': 0.42478006859349005, 'lag_27': 0.5946699261766741, 'lag_28': 0.450054773548979}. Best is trial 18 with value: 0.001304818825466001.
[I 2025-09-29 13:19:05,246] Trial 24 finished with value: 0.0016730772923005948 and parameters: {'lag_0': 0.37045282011562686, 'lag_1': 0.6677050037337675, 'lag_2': 0.3922735974512376, 'lag_3': 0.5141081310836265, 'lag_4': 0.16541976866005575, 'lag_5': 0.454452766420026, 'lag_6': 0.25680557652547853, 'lag_7': 0.6128250183318807, 'lag_8': 0.4408715959155802, 'lag_9': 0.27774260456026123, 'lag_10': 0.232671799673504, 'lag_11': 0.9932852124981425, 'lag_12': 0.7778621809383351, 'lag_13': 0.6584198661118995, 'lag_14': 0.6957781924601205, 'lag_15': 0.9911008241482647, 'lag_16': 0.4287644206926874, 'lag_17': 0.15135414327248434, 'lag_18': 0.5223075558807074, 'lag_19': 0.11879895231692109, 'lag_20': 0.621921338111103, 'lag_21': 0.8447505334836087, 'lag_22': 0.7798278906958418, 'lag_23': 0.7460478418279943, 'lag_24': 0.6542422799994246, 'lag_25': 0.4633503638641743, 'lag_26': 0.09711314381389291, 'lag_27': 0.8322842119442859, 'lag_28': 0.5210818900076718}. Best is trial 18 with value: 0.001304818825466001.
[I 2025-09-29 13:19:07,651] Trial 25 finished with value: 0.0016376083533003144 and parameters: {'lag_0': 0.5482473006079223, 'lag_1': 0.37513452986066675, 'lag_2': 0.6020745055566336, 'lag_3': 0.6649175289616996, 'lag_4': 0.38832832368717257, 'lag_5': 0.7168888510679453, 'lag_6': 0.39980607267673907, 'lag_7': 0.4279088282731074, 'lag_8': 0.5548879459486775, 'lag_9': 0.08388487100977193, 'lag_10': 0.4031496090964122, 'lag_11': 0.7412614234023069, 'lag_12': 0.2909817653163307, 'lag_13': 0.41380299954163696, 'lag_14': 0.5323836969233378, 'lag_15': 0.8704062934999588, 'lag_16': 0.6243889860245332, 'lag_17': 0.3833639572803541, 'lag_18': 0.44184124027018495, 'lag_19': 0.2643442306894104, 'lag_20': 0.44623040039225853, 'lag_21': 0.8436772678330294, 'lag_22': 0.6671650551049932, 'lag_23': 0.5130628646723355, 'lag_24': 0.38755643280155494, 'lag_25': 0.7862174694435423, 'lag_26': 0.2813468013829814, 'lag_27': 0.9904227377433059, 'lag_28': 0.34818847498369887}. Best is trial 18 with value: 0.001304818825466001.
[I 2025-09-29 13:19:10,059] Trial 26 finished with value: 0.00205321556018206 and parameters: {'lag_0': 0.17612381570789074, 'lag_1': 0.7934109582929149, 'lag_2': 0.10133342236296786, 'lag_3': 0.8176193612386654, 'lag_4': 0.10375850269115756, 'lag_5': 0.8875243790201286, 'lag_6': 0.16539898634458405, 'lag_7': 0.5705039116912716, 'lag_8': 0.7627953549232065, 'lag_9': 0.01614907040713054, 'lag_10': 0.07717063125288187, 'lag_11': 0.9159223904897006, 'lag_12': 0.48407740103246527, 'lag_13': 0.8921326774906556, 'lag_14': 0.8427953127817148, 'lag_15': 0.730757744158313, 'lag_16': 0.9251942949731949, 'lag_17': 0.23950113270652887, 'lag_18': 0.30812985828636635, 'lag_19': 0.11920511378693471, 'lag_20': 0.18428800985978136, 'lag_21': 0.524862254549904, 'lag_22': 0.9291822883512522, 'lag_23': 0.8632363659907185, 'lag_24': 0.5079582180302322, 'lag_25': 0.5715477567334866, 'lag_26': 0.44044230083590075, 'lag_27': 0.3068429460882972, 'lag_28': 0.20707504945345606}. Best is trial 18 with value: 0.001304818825466001.
[I 2025-09-29 13:19:12,459] Trial 27 finished with value: 0.002411897144828564 and parameters: {'lag_0': 0.4394296491425274, 'lag_1': 0.5456364601962644, 'lag_2': 0.23171062409960633, 'lag_3': 0.9328488198212865, 'lag_4': 0.46531011692010027, 'lag_5': 0.5641547999533183, 'lag_6': 0.5845517718222041, 'lag_7': 0.7513824218256709, 'lag_8': 0.4645715924388761, 'lag_9': 0.22672883172413083, 'lag_10': 0.15015071194553475, 'lag_11': 0.560712924620323, 'lag_12': 0.8864529784787907, 'lag_13': 0.7676662346730125, 'lag_14': 0.4585023825245561, 'lag_15': 0.5608405141187716, 'lag_16': 0.6832433756011436, 'lag_17': 0.0840513024516652, 'lag_18': 0.7154239816626193, 'lag_19': 0.016217130550181008, 'lag_20': 0.8377323178321191, 'lag_21': 0.7141801634323297, 'lag_22': 0.5588869487844088, 'lag_23': 0.6324932890002759, 'lag_24': 0.7823661045746879, 'lag_25': 0.4428262956265148, 'lag_26': 0.451032913081805, 'lag_27': 0.6984409231499145, 'lag_28': 0.6763462502305195}. Best is trial 18 with value: 0.001304818825466001.
[I 2025-09-29 13:19:14,867] Trial 28 finished with value: 0.0017632832680454839 and parameters: {'lag_0': 0.536997109134766, 'lag_1': 0.6373063688048886, 'lag_2': 0.35567680727888806, 'lag_3': 0.2757998507950413, 'lag_4': 0.8791768523147712, 'lag_5': 0.26518795158301567, 'lag_6': 0.3816652830936327, 'lag_7': 0.4370583308448042, 'lag_8': 0.33201591895055166, 'lag_9': 0.11200011881312866, 'lag_10': 0.245120631856513, 'lag_11': 0.6807930987697361, 'lag_12': 0.7077053273156388, 'lag_13': 0.6345537431199364, 'lag_14': 0.6734379427865071, 'lag_15': 0.7772991454080378, 'lag_16': 0.03173437809941765, 'lag_17': 0.3239312243454718, 'lag_18': 0.5713225755382152, 'lag_19': 0.42196935755409365, 'lag_20': 0.5895677240336707, 'lag_21': 0.3888537477886153, 'lag_22': 0.7128711425542767, 'lag_23': 0.5309966704149133, 'lag_24': 0.2902493106951004, 'lag_25': 0.6645551618736214, 'lag_26': 0.6538660771821425, 'lag_27': 0.8991291721048462, 'lag_28': 0.43573133756215554}. Best is trial 18 with value: 0.001304818825466001.
[I 2025-09-29 13:19:17,274] Trial 29 finished with value: 0.0014321501260507415 and parameters: {'lag_0': 0.2705539861798654, 'lag_1': 0.4162001957519602, 'lag_2': 0.4970132580991646, 'lag_3': 0.5665593390600636, 'lag_4': 0.19098795598446877, 'lag_5': 0.39487402355094836, 'lag_6': 0.13425112032495962, 'lag_7': 0.6498002621202482, 'lag_8': 0.1670805723768488, 'lag_9': 0.32324760331813357, 'lag_10': 0.3713204728392895, 'lag_11': 0.8071965022397111, 'lag_12': 0.772260313562907, 'lag_13': 0.2970536498588305, 'lag_14': 0.779425422298835, 'lag_15': 0.9123738324992776, 'lag_16': 0.8254549397792473, 'lag_17': 0.20282431772745071, 'lag_18': 0.6124883811508346, 'lag_19': 0.19319663569650064, 'lag_20': 0.47339496489901844, 'lag_21': 0.579070469001045, 'lag_22': 0.8328124581908236, 'lag_23': 0.41382164649208825, 'lag_24': 0.1482949402762403, 'lag_25': 0.27940821745089534, 'lag_26': 0.8481393927670162, 'lag_27': 0.8572291554612822, 'lag_28': 0.20517831846251067}. Best is trial 18 with value: 0.001304818825466001.
[I 2025-09-29 13:19:19,674] Trial 30 finished with value: 0.0016698962255202112 and parameters: {'lag_0': 0.24560877746860277, 'lag_1': 0.2575812962142795, 'lag_2': 0.4757661977266083, 'lag_3': 0.6703697815585037, 'lag_4': 0.31982419837704373, 'lag_5': 0.020271567747089825, 'lag_6': 0.11501071481679731, 'lag_7': 0.6394470608861452, 'lag_8': 0.13148113764982405, 'lag_9': 0.3265990765383466, 'lag_10': 0.5316643545359434, 'lag_11': 0.7873383182565395, 'lag_12': 0.7591899185485832, 'lag_13': 0.3087290799035835, 'lag_14': 0.7700277696990075, 'lag_15': 0.9152623717897721, 'lag_16': 0.8252755965645849, 'lag_17': 0.11962084639433138, 'lag_18': 0.6226125668575339, 'lag_19': 0.17304305685284072, 'lag_20': 0.4692758268385744, 'lag_21': 0.6698206833132258, 'lag_22': 0.8167954720321073, 'lag_23': 0.30334587086367504, 'lag_24': 0.8826593779645906, 'lag_25': 0.2542843882760205, 'lag_26': 0.84176359648031, 'lag_27': 0.8544642977943072, 'lag_28': 0.10715981494800408}. Best is trial 18 with value: 0.001304818825466001.
[I 2025-09-29 13:19:22,082] Trial 31 finished with value: 0.001809276227694515 and parameters: {'lag_0': 0.3251055346324213, 'lag_1': 0.4095068343763604, 'lag_2': 0.5743042103839673, 'lag_3': 0.46200604850185284, 'lag_4': 0.1730174232838384, 'lag_5': 0.4001893953428224, 'lag_6': 0.1401387594224229, 'lag_7': 0.5268032286381779, 'lag_8': 0.014633129704091669, 'lag_9': 0.43052192885646123, 'lag_10': 0.4780907161236023, 'lag_11': 0.8411774118118174, 'lag_12': 0.7928023673357494, 'lag_13': 0.12257085540355345, 'lag_14': 0.919584460568913, 'lag_15': 0.6738738268332274, 'lag_16': 0.9498044617232699, 'lag_17': 0.21223361127311494, 'lag_18': 0.5405717279998129, 'lag_19': 0.2623523189540108, 'lag_20': 0.3097479001866496, 'lag_21': 0.5626209399587311, 'lag_22': 0.9130814416131964, 'lag_23': 0.4589347405939651, 'lag_24': 0.11615423928776519, 'lag_25': 0.2963740517865504, 'lag_26': 0.9631913779292041, 'lag_27': 0.7578355436885611, 'lag_28': 0.2343889687005245}. Best is trial 18 with value: 0.001304818825466001.
[I 2025-09-29 13:19:24,490] Trial 32 finished with value: 0.001744320484714843 and parameters: {'lag_0': 0.41593793524762596, 'lag_1': 0.4897620539895227, 'lag_2': 0.6820734292535138, 'lag_3': 0.3649643884062412, 'lag_4': 0.22280994118061945, 'lag_5': 0.5042374497352421, 'lag_6': 0.29230450498373006, 'lag_7': 0.9131656000375045, 'lag_8': 0.17480455951619098, 'lag_9': 0.2012478380724197, 'lag_10': 0.3790023732728182, 'lag_11': 0.9057639701081602, 'lag_12': 0.905500643933582, 'lag_13': 0.22435563184421448, 'lag_14': 0.6101932290126695, 'lag_15': 0.998679391238537, 'lag_16': 0.7135799847200023, 'lag_17': 0.19474031755324117, 'lag_18': 0.448327846263364, 'lag_19': 0.31297725545073773, 'lag_20': 0.6717588093666279, 'lag_21': 0.45075215121133777, 'lag_22': 0.836099871703586, 'lag_23': 0.4025334304238567, 'lag_24': 0.19218371475364807, 'lag_25': 0.12868605813735937, 'lag_26': 0.5865283496147554, 'lag_27': 0.8783689142220843, 'lag_28': 0.2733197075320297}. Best is trial 18 with value: 0.001304818825466001.
[I 2025-09-29 13:19:26,905] Trial 33 finished with value: 0.002162023531050548 and parameters: {'lag_0': 0.2341894572000012, 'lag_1': 0.31957588273818643, 'lag_2': 0.4560485118320908, 'lag_3': 0.5801388602342298, 'lag_4': 0.05368193981032132, 'lag_5': 0.3403168873145667, 'lag_6': 0.07337544160426612, 'lag_7': 0.729998902316525, 'lag_8': 0.6357238437073721, 'lag_9': 0.2894340813110943, 'lag_10': 0.5930560588874182, 'lag_11': 0.9984604402669798, 'lag_12': 0.6659447138669329, 'lag_13': 0.3097811105893856, 'lag_14': 0.5407391834972887, 'lag_15': 0.7975793213961534, 'lag_16': 0.8270098887051878, 'lag_17': 0.37182008036075237, 'lag_18': 0.5951138859941355, 'lag_19': 0.2308909286581871, 'lag_20': 0.45177575294057215, 'lag_21': 0.635406314788142, 'lag_22': 0.4021093767192564, 'lag_23': 0.7130592612131491, 'lag_24': 0.31799805317677127, 'lag_25': 0.573774718966556, 'lag_26': 0.6954199531671889, 'lag_27': 0.9402088248527487, 'lag_28': 0.12711362412019328}. Best is trial 18 with value: 0.001304818825466001.
[I 2025-09-29 13:19:29,309] Trial 34 finished with value: 0.0014195476697564725 and parameters: {'lag_0': 0.9870193531466894, 'lag_1': 0.5203376204913208, 'lag_2': 0.25326776923775574, 'lag_3': 0.9893854238493744, 'lag_4': 0.12833957583817288, 'lag_5': 0.28336540302633756, 'lag_6': 0.2198450873046203, 'lag_7': 0.5723789675408313, 'lag_8': 0.09301558060829528, 'lag_9': 0.5576421276752261, 'lag_10': 0.3623176947010756, 'lag_11': 0.5521740372249959, 'lag_12': 0.7235875050320404, 'lag_13': 0.5012846004440958, 'lag_14': 0.8838488643464015, 'lag_15': 0.8763188975656484, 'lag_16': 0.6278799911859663, 'lag_17': 0.28400977068838684, 'lag_18': 0.3229347954309295, 'lag_19': 0.3693149851027041, 'lag_20': 0.5811110761680303, 'lag_21': 0.5529074711531823, 'lag_22': 0.5163615944799766, 'lag_23': 0.9683027296201645, 'lag_24': 0.118042499989372, 'lag_25': 0.9878239598161811, 'lag_26': 0.77012040253155, 'lag_27': 0.5845239828505, 'lag_28': 0.39955997142745203}. Best is trial 18 with value: 0.001304818825466001.
[I 2025-09-29 13:19:31,718] Trial 35 finished with value: 0.003293135608179838 and parameters: {'lag_0': 0.9866024313245085, 'lag_1': 0.1515226228998956, 'lag_2': 0.21239400708023426, 'lag_3': 0.9999039290329366, 'lag_4': 0.41739658393589385, 'lag_5': 0.10368977458147455, 'lag_6': 0.003115994300173064, 'lag_7': 0.5741598033645156, 'lag_8': 0.0655937485059534, 'lag_9': 0.6263408678805629, 'lag_10': 0.35776868631633, 'lag_11': 0.682153455320197, 'lag_12': 0.5971974972878923, 'lag_13': 0.4873979289137126, 'lag_14': 0.8913542758939282, 'lag_15': 0.8910317507644602, 'lag_16': 0.6204265731740388, 'lag_17': 0.28288920900802494, 'lag_18': 0.1917714449733548, 'lag_19': 0.3659271662140974, 'lag_20': 0.7047860121161708, 'lag_21': 0.5188589789273941, 'lag_22': 0.5097357519872652, 'lag_23': 0.9202779400981366, 'lag_24': 0.10193066748479035, 'lag_25': 0.1348208633155391, 'lag_26': 0.8846144588132926, 'lag_27': 0.6534421150513714, 'lag_28': 0.4049703524524274}. Best is trial 18 with value: 0.001304818825466001.
[I 2025-09-29 13:19:34,231] Trial 36 finished with value: 0.0020970989322764352 and parameters: {'lag_0': 0.7848327140370484, 'lag_1': 0.42284123722039624, 'lag_2': 0.2609201047923672, 'lag_3': 0.9103807674616098, 'lag_4': 0.27777036821854934, 'lag_5': 0.2727368050615779, 'lag_6': 0.7661185961066432, 'lag_7': 0.6666777116055003, 'lag_8': 0.2003290048828732, 'lag_9': 0.5715338041164358, 'lag_10': 0.4520503827369877, 'lag_11': 0.7497407158820025, 'lag_12': 0.7116942573724168, 'lag_13': 0.46501502095017067, 'lag_14': 0.737920334168358, 'lag_15': 0.9405570985103857, 'lag_16': 0.49906500717500746, 'lag_17': 0.08520392074552288, 'lag_18': 0.6941439027607633, 'lag_19': 0.559467455292344, 'lag_20': 0.5807102503431293, 'lag_21': 0.27305651496231353, 'lag_22': 0.4468058746449187, 'lag_23': 0.9960616235030346, 'lag_24': 0.7274853502324525, 'lag_25': 0.9761413957869479, 'lag_26': 0.7662546326641763, 'lag_27': 0.6042796876495904, 'lag_28': 0.5199158716090885}. Best is trial 18 with value: 0.001304818825466001.
[I 2025-09-29 13:19:36,644] Trial 37 finished with value: 0.0017316921598833572 and parameters: {'lag_0': 0.13666693338285285, 'lag_1': 0.5482349164595269, 'lag_2': 0.6571442886259538, 'lag_3': 0.7996555656739841, 'lag_4': 0.5016183796613856, 'lag_5': 0.18463082118572616, 'lag_6': 0.22749634258293894, 'lag_7': 0.8049453961115792, 'lag_8': 0.0773505536823802, 'lag_9': 0.07808634006142556, 'lag_10': 0.18356407492144233, 'lag_11': 0.5550376480925214, 'lag_12': 0.5494436516156723, 'lag_13': 0.5524434239586953, 'lag_14': 0.9835766485169639, 'lag_15': 0.547721234807012, 'lag_16': 0.8999585735863148, 'lag_17': 0.4244484313434851, 'lag_18': 0.3203929628859118, 'lag_19': 0.41044701377667864, 'lag_20': 0.5731702130068568, 'lag_21': 0.507235424179847, 'lag_22': 0.29287014808632383, 'lag_23': 0.25364291567164554, 'lag_24': 0.3987671896424554, 'lag_25': 0.4143833007650741, 'lag_26': 0.81445592521636, 'lag_27': 0.8497142931660676, 'lag_28': 0.5715574844175844}. Best is trial 18 with value: 0.001304818825466001.
[I 2025-09-29 13:19:39,063] Trial 38 finished with value: 0.001851024052565351 and parameters: {'lag_0': 0.7379225819902483, 'lag_1': 0.6179975695456627, 'lag_2': 0.17158582995342214, 'lag_3': 0.8987134718154974, 'lag_4': 0.16886614694139493, 'lag_5': 0.39671401624707714, 'lag_6': 0.44480333809133055, 'lag_7': 0.9856811501788485, 'lag_8': 0.23502608185861118, 'lag_9': 0.4738310524626047, 'lag_10': 0.07492252229382465, 'lag_11': 0.794468160373394, 'lag_12': 0.7259024921248388, 'lag_13': 0.2133010638901207, 'lag_14': 0.35206639405834683, 'lag_15': 0.8555315251162221, 'lag_16': 0.5652837944534641, 'lag_17': 0.5386609054195419, 'lag_18': 0.8665333240997322, 'lag_19': 0.3581079795002182, 'lag_20': 0.7794050066020328, 'lag_21': 0.7797741851209306, 'lag_22': 0.5048956954028544, 'lag_23': 0.8512673892718912, 'lag_24': 0.01227676869676965, 'lag_25': 0.29624679513516106, 'lag_26': 0.9933373058517416, 'lag_27': 0.9367760861506356, 'lag_28': 0.15764372503165322}. Best is trial 18 with value: 0.001304818825466001.
[I 2025-09-29 13:19:41,474] Trial 39 finished with value: 0.0019717611468884743 and parameters: {'lag_0': 0.5520849171844764, 'lag_1': 0.4407033642570609, 'lag_2': 0.2633253809599495, 'lag_3': 0.9996249449979406, 'lag_4': 0.10547984412869048, 'lag_5': 0.29856830851752797, 'lag_6': 0.09464582522487061, 'lag_7': 0.4689102233635668, 'lag_8': 0.3098653972202298, 'lag_9': 0.9116019285692285, 'lag_10': 0.14242645336933657, 'lag_11': 0.64717126906298, 'lag_12': 0.8211390750925894, 'lag_13': 0.7019780007209925, 'lag_14': 0.17899603533985858, 'lag_15': 0.946206373318751, 'lag_16': 0.4405343367429184, 'lag_17': 0.8005100578489128, 'lag_18': 0.16402511617365517, 'lag_19': 0.09987009789148642, 'lag_20': 0.02702370258788095, 'lag_21': 0.663827116760374, 'lag_22': 0.9451509590319348, 'lag_23': 0.21536676219476658, 'lag_24': 0.6775371810056168, 'lag_25': 0.9356558926307977, 'lag_26': 0.5554048399940109, 'lag_27': 0.7419404528376391, 'lag_28': 0.30040773825264744}. Best is trial 18 with value: 0.001304818825466001.
