[I 2025-09-29 12:52:46,510] Trial 61 finished with value: 0.011249865693134698 and parameters: {'lag_0': 0.5124690981893725, 'lag_1': 0.0030147564097811556, 'lag_2': 0.44630677753172987, 'lag_3': 0.7368500471282801, 'lag_4': 0.4843897518849878, 'lag_5': 0.5827444563549167, 'lag_6': 0.1767145824894963, 'lag_7': 0.3036076314122916, 'lag_8': 0.1888518605625678, 'lag_9': 0.26417695817919634, 'lag_10': 0.29401290448577255, 'lag_11': 0.030466078440282006, 'lag_12': 0.25867361843546066, 'lag_13': 0.43588220072210737, 'lag_14': 0.45384606043342113, 'lag_15': 0.5391069280474703, 'lag_16': 0.7137549073164678, 'lag_17': 0.8948406578879011, 'lag_18': 0.4155903870309096, 'lag_19': 0.8456060267853138, 'lag_20': 0.09531819402161278, 'lag_21': 0.6942776522909547, 'lag_22': 0.9996672508295615, 'lag_23': 0.9581058633617139, 'lag_24': 0.6363609455841136, 'lag_25': 0.5837163926495406, 'lag_26': 0.15110076603183692, 'lag_27': 0.03417324825867246, 'lag_28': 0.3162636224811385}. Best is trial 52 with value: 0.010960479098595904.
[I 2025-09-29 12:52:49,052] Trial 62 finished with value: 0.011999871512007407 and parameters: {'lag_0': 0.5120922082626344, 'lag_1': 0.0931114246584908, 'lag_2': 0.432704633435625, 'lag_3': 0.742023580525089, 'lag_4': 0.3546216417919563, 'lag_5': 0.5011936696348522, 'lag_6': 0.2059001872869818, 'lag_7': 0.3177685447013043, 'lag_8': 0.13219375591507757, 'lag_9': 0.10547407766233324, 'lag_10': 0.227356146232328, 'lag_11': 0.06676838565501497, 'lag_12': 0.2812702299440152, 'lag_13': 0.30725252493556715, 'lag_14': 0.2793838313955025, 'lag_15': 0.5343368927203803, 'lag_16': 0.6800846111537008, 'lag_17': 0.8715229254887409, 'lag_18': 0.379820302069024, 'lag_19': 0.7926396352537384, 'lag_20': 0.0707031223511302, 'lag_21': 0.7596918217364295, 'lag_22': 0.9653665460942686, 'lag_23': 0.9357435205451126, 'lag_24': 0.6460601123668746, 'lag_25': 0.9461625039858678, 'lag_26': 0.13428285389715755, 'lag_27': 0.0017243008332718385, 'lag_28': 0.13630423811120954}. Best is trial 52 with value: 0.010960479098595904.
[I 2025-09-29 12:52:51,593] Trial 63 finished with value: 0.011789564998319747 and parameters: {'lag_0': 0.3622369142262858, 'lag_1': 0.013435972645429504, 'lag_2': 0.6439732532308722, 'lag_3': 0.6201713459317436, 'lag_4': 0.4471048815020514, 'lag_5': 0.6603414268949724, 'lag_6': 0.032721654390304875, 'lag_7': 0.1694832147149241, 'lag_8': 0.09143443159601936, 'lag_9': 0.2496987452845698, 'lag_10': 0.36084489477008913, 'lag_11': 0.22827475191876734, 'lag_12': 0.32846894867108123, 'lag_13': 0.3794106316592036, 'lag_14': 0.41001432350377365, 'lag_15': 0.6263334926081983, 'lag_16': 0.8695925492403315, 'lag_17': 0.2659918149214245, 'lag_18': 0.4630174062183093, 'lag_19': 0.7045570166601427, 'lag_20': 0.03126652589386274, 'lag_21': 0.6539957702216241, 'lag_22': 0.8970444647426421, 'lag_23': 0.8833380600484643, 'lag_24': 0.7192916994731937, 'lag_25': 0.10499640355784697, 'lag_26': 0.2383651658855258, 'lag_27': 0.04002883733038547, 'lag_28': 0.33676639434677713}. Best is trial 52 with value: 0.010960479098595904.
[I 2025-09-29 12:52:54,135] Trial 64 finished with value: 0.012368224694264959 and parameters: {'lag_0': 0.5637200925332914, 'lag_1': 0.17783251487901802, 'lag_2': 0.39312582350531866, 'lag_3': 0.5437534251343008, 'lag_4': 0.3991897457675054, 'lag_5': 0.5363399030922043, 'lag_6': 0.30204628481258206, 'lag_7': 0.2972810148269309, 'lag_8': 0.19206478058480939, 'lag_9': 0.7309874320001206, 'lag_10': 0.32954574721525576, 'lag_11': 0.13862428358022558, 'lag_12': 0.18524213895427377, 'lag_13': 0.449602524108015, 'lag_14': 0.22316576462684837, 'lag_15': 0.42106515796118493, 'lag_16': 0.9423170384316385, 'lag_17': 0.8443349806953085, 'lag_18': 0.4968787580995464, 'lag_19': 0.8390983864308573, 'lag_20': 0.13123086410061244, 'lag_21': 0.6001016332554288, 'lag_22': 0.9619975441491868, 'lag_23': 0.9791789325580139, 'lag_24': 0.4728542500881881, 'lag_25': 0.6818993554790969, 'lag_26': 0.30024844328444283, 'lag_27': 0.10605074147378563, 'lag_28': 0.22835765900415506}. Best is trial 52 with value: 0.010960479098595904.
[I 2025-09-29 12:52:56,675] Trial 65 finished with value: 0.011584724000723504 and parameters: {'lag_0': 0.4452932685040533, 'lag_1': 0.14924660697791514, 'lag_2': 0.9599025431132556, 'lag_3': 0.6809209447760929, 'lag_4': 0.5049624631288969, 'lag_5': 0.5864509627415807, 'lag_6': 0.11449425927653739, 'lag_7': 0.045154098812585725, 'lag_8': 0.15175235187450836, 'lag_9': 0.7986851018805126, 'lag_10': 0.4034437557281404, 'lag_11': 0.02522957576977069, 'lag_12': 0.39519672923264815, 'lag_13': 0.9473221606249372, 'lag_14': 0.34341521359727645, 'lag_15': 0.4748539491006428, 'lag_16': 0.5192821273851694, 'lag_17': 0.6666363029039919, 'lag_18': 0.3514519954499102, 'lag_19': 0.9337742697827044, 'lag_20': 0.09335132135460696, 'lag_21': 0.824004759503375, 'lag_22': 0.9193968907109932, 'lag_23': 0.8524941751764166, 'lag_24': 0.638591965415422, 'lag_25': 0.42860113424119356, 'lag_26': 0.08157389062265202, 'lag_27': 0.0662081070323344, 'lag_28': 0.39395605932877154}. Best is trial 52 with value: 0.010960479098595904.
[I 2025-09-29 12:52:59,327] Trial 66 finished with value: 0.011927688514099552 and parameters: {'lag_0': 0.6677644239312015, 'lag_1': 0.09313227228944193, 'lag_2': 0.8227012950585766, 'lag_3': 0.7833401706956086, 'lag_4': 0.5549094404215313, 'lag_5': 0.12767621538543078, 'lag_6': 0.2611011737722848, 'lag_7': 0.4025903547713506, 'lag_8': 0.22723661404624532, 'lag_9': 0.9997318064785332, 'lag_10': 0.1501854181936119, 'lag_11': 0.09962824285099262, 'lag_12': 0.1875816094596626, 'lag_13': 0.2516643880232246, 'lag_14': 0.5585369996554942, 'lag_15': 0.3427553167038835, 'lag_16': 0.576860090602574, 'lag_17': 0.11906614703909058, 'lag_18': 0.6961775482487413, 'lag_19': 0.7292237606437599, 'lag_20': 0.2472132910411421, 'lag_21': 0.7085026927365915, 'lag_22': 0.4707916929750055, 'lag_23': 0.7736480813588609, 'lag_24': 0.35229441730938904, 'lag_25': 0.8787948838789605, 'lag_26': 0.18255414692411728, 'lag_27': 0.12722141429616143, 'lag_28': 0.43583409124030015}. Best is trial 52 with value: 0.010960479098595904.
[I 2025-09-29 12:53:01,886] Trial 67 finished with value: 0.01206383497283416 and parameters: {'lag_0': 0.6326875067844091, 'lag_1': 0.8863642643219588, 'lag_2': 0.25657698946188573, 'lag_3': 0.8576834014308068, 'lag_4': 0.308265334988943, 'lag_5': 0.3689075186566759, 'lag_6': 0.06964180951664503, 'lag_7': 0.24271336698231022, 'lag_8': 0.08307689569132186, 'lag_9': 0.36066077375232997, 'lag_10': 0.47171478769426123, 'lag_11': 0.1787248689022725, 'lag_12': 0.15198632396179804, 'lag_13': 0.12290026091251915, 'lag_14': 0.5083802744313339, 'lag_15': 0.582059370012608, 'lag_16': 0.6222066063570844, 'lag_17': 0.36337248696826563, 'lag_18': 0.557891111868898, 'lag_19': 0.9250620798581838, 'lag_20': 0.35046405695984995, 'lag_21': 0.8742261227888475, 'lag_22': 0.38832397617946895, 'lag_23': 0.9995532616339261, 'lag_24': 0.12292483281462226, 'lag_25': 0.9998204887759465, 'lag_26': 0.13139957798777002, 'lag_27': 0.20752457305384703, 'lag_28': 0.6790175309802023}. Best is trial 52 with value: 0.010960479098595904.
[I 2025-09-29 12:53:04,436] Trial 68 finished with value: 0.011715254500195088 and parameters: {'lag_0': 0.7473109712178365, 'lag_1': 0.37393634835616874, 'lag_2': 0.5003282900618122, 'lag_3': 0.557955731758593, 'lag_4': 0.3663434050546636, 'lag_5': 0.04123898645257308, 'lag_6': 0.1760328481929792, 'lag_7': 0.09065018022170179, 'lag_8': 0.041670744764229856, 'lag_9': 0.5918458530742587, 'lag_10': 0.24951114054515836, 'lag_11': 0.8816744157545988, 'lag_12': 0.2808869814295326, 'lag_13': 0.42290838118579394, 'lag_14': 0.26792192410834537, 'lag_15': 0.6730078444773393, 'lag_16': 0.6907740625280058, 'lag_17': 0.502907778057301, 'lag_18': 0.20092249688870617, 'lag_19': 0.27164940449061004, 'lag_20': 0.16168612382308806, 'lag_21': 0.633185431774674, 'lag_22': 0.8777326528821462, 'lag_23': 0.9030816581917966, 'lag_24': 0.044928076722584934, 'lag_25': 0.6028958667593931, 'lag_26': 0.030493257015932917, 'lag_27': 0.2618059020767678, 'lag_28': 0.30900027993777995}. Best is trial 52 with value: 0.010960479098595904.
[I 2025-09-29 12:53:06,983] Trial 69 finished with value: 0.011362350634740016 and parameters: {'lag_0': 0.5813364630906603, 'lag_1': 0.8245489169824941, 'lag_2': 0.44440751344198753, 'lag_3': 0.7193285211497906, 'lag_4': 0.48553835811098484, 'lag_5': 0.419719907235649, 'lag_6': 0.32207523584549397, 'lag_7': 0.12763532072245473, 'lag_8': 0.12364376424892533, 'lag_9': 0.8524096182883333, 'lag_10': 0.8820405716063772, 'lag_11': 0.05611571786490459, 'lag_12': 0.6138241161595116, 'lag_13': 0.49203570683902703, 'lag_14': 0.7224414795000464, 'lag_15': 0.29855222110804963, 'lag_16': 0.7557049817791223, 'lag_17': 0.31483219226162457, 'lag_18': 0.6365973996737565, 'lag_19': 0.9029736629378906, 'lag_20': 0.20608822974087784, 'lag_21': 0.43322598494355713, 'lag_22': 0.9766275949645101, 'lag_23': 0.43577184001738495, 'lag_24': 0.6966954174646365, 'lag_25': 0.2067377258548006, 'lag_26': 0.6574799862519786, 'lag_27': 0.07452230247653821, 'lag_28': 0.37322507641867764}. Best is trial 52 with value: 0.010960479098595904.
[I 2025-09-29 12:53:09,534] Trial 70 finished with value: 0.011184752630182388 and parameters: {'lag_0': 0.6870042421440459, 'lag_1': 0.5824078656011186, 'lag_2': 0.5816465067517455, 'lag_3': 0.645172709814568, 'lag_4': 0.2590438915061659, 'lag_5': 0.0844944598788112, 'lag_6': 0.003688899613226042, 'lag_7': 0.3581958017637106, 'lag_8': 0.28379159774375096, 'lag_9': 0.5328813055079318, 'lag_10': 0.5571616009969108, 'lag_11': 0.11844158861768812, 'lag_12': 0.07738437179708624, 'lag_13': 0.20681240120598088, 'lag_14': 0.38936500562451065, 'lag_15': 0.4000918058507753, 'lag_16': 0.6519072190639248, 'lag_17': 0.037338892687513975, 'lag_18': 0.28790803706811463, 'lag_19': 0.8223331403249396, 'lag_20': 0.00015183989897832317, 'lag_21': 0.7882916722138187, 'lag_22': 0.9379869839372755, 'lag_23': 0.820277856697871, 'lag_24': 0.6102526375682978, 'lag_25': 0.14653755659978407, 'lag_26': 0.4938737908723392, 'lag_27': 0.03852383982349994, 'lag_28': 0.18155952749749127}. Best is trial 52 with value: 0.010960479098595904.
[I 2025-09-29 12:53:12,073] Trial 71 finished with value: 0.011945415795972658 and parameters: {'lag_0': 0.6908215736347147, 'lag_1': 0.5592907020225839, 'lag_2': 0.7146906867755961, 'lag_3': 0.6484118430466959, 'lag_4': 0.2644090959520875, 'lag_5': 0.08612217373315137, 'lag_6': 0.006592462708694864, 'lag_7': 0.35631186163779016, 'lag_8': 0.2636982501322923, 'lag_9': 0.5358032182958763, 'lag_10': 0.541057700575997, 'lag_11': 0.10171673650248608, 'lag_12': 0.053861065944783994, 'lag_13': 0.19436599327215276, 'lag_14': 0.4432599873893556, 'lag_15': 0.3937419311697765, 'lag_16': 0.6639595003234195, 'lag_17': 0.048833145582253185, 'lag_18': 0.2828440869720642, 'lag_19': 0.8192720567604362, 'lag_20': 0.04195719223423377, 'lag_21': 0.791114480239485, 'lag_22': 0.933674641342991, 'lag_23': 0.8214536634384986, 'lag_24': 0.6097818705519585, 'lag_25': 0.16142892341729037, 'lag_26': 0.4810382531456853, 'lag_27': 0.040691228699919854, 'lag_28': 0.1642527175737038}. Best is trial 52 with value: 0.010960479098595904.
[I 2025-09-29 12:53:14,616] Trial 72 finished with value: 0.011127791775410031 and parameters: {'lag_0': 0.8715149506204408, 'lag_1': 0.9583168896759042, 'lag_2': 0.7809127215275771, 'lag_3': 0.6000173328376893, 'lag_4': 0.34156765578878745, 'lag_5': 0.14715576827800309, 'lag_6': 0.09267946216483593, 'lag_7': 0.4671045690188573, 'lag_8': 0.17522801253688505, 'lag_9': 0.31726944825217335, 'lag_10': 0.2080084978086883, 'lag_11': 0.14735204419763895, 'lag_12': 0.08832297797363912, 'lag_13': 0.29239805972726907, 'lag_14': 0.3943813825627269, 'lag_15': 0.5168829690667732, 'lag_16': 0.618142624391479, 'lag_17': 0.15455682382664931, 'lag_18': 0.2338075565144353, 'lag_19': 0.7569334376902149, 'lag_20': 0.002075493361983413, 'lag_21': 0.8612441429883173, 'lag_22': 0.9475587921046584, 'lag_23': 0.9331283506809595, 'lag_24': 0.5369414253995431, 'lag_25': 0.09742417248233803, 'lag_26': 0.5333732245760543, 'lag_27': 0.09395462848171321, 'lag_28': 0.18880812719147044}. Best is trial 52 with value: 0.010960479098595904.
[I 2025-09-29 12:53:17,163] Trial 73 finished with value: 0.01210342867630317 and parameters: {'lag_0': 0.8863788453149336, 'lag_1': 0.9669005887504127, 'lag_2': 0.7851038032557511, 'lag_3': 0.6135381586170479, 'lag_4': 0.20187217949973355, 'lag_5': 0.14492069049212403, 'lag_6': 0.0940756227237205, 'lag_7': 0.46883948110637563, 'lag_8': 0.17692911125518335, 'lag_9': 0.27817061223599066, 'lag_10': 0.19210998618221525, 'lag_11': 0.15431183013994035, 'lag_12': 0.06908492691748194, 'lag_13': 0.30238220538817484, 'lag_14': 0.38627333479253356, 'lag_15': 0.5152794633191385, 'lag_16': 0.5989313228894035, 'lag_17': 0.04222918544338301, 'lag_18': 0.12857661393309083, 'lag_19': 0.7402194491757493, 'lag_20': 0.010858232389596585, 'lag_21': 0.9391992525346793, 'lag_22': 0.7454967758553815, 'lag_23': 0.948115020137039, 'lag_24': 0.5381321251101182, 'lag_25': 0.09670590931279918, 'lag_26': 0.5231944848393743, 'lag_27': 0.1479362292381543, 'lag_28': 0.11358588882254322}. Best is trial 52 with value: 0.010960479098595904.
[I 2025-09-29 12:53:19,700] Trial 74 finished with value: 0.011851884326040932 and parameters: {'lag_0': 0.9086907670536856, 'lag_1': 0.9435411000703711, 'lag_2': 0.7523477571237507, 'lag_3': 0.5353993624221638, 'lag_4': 0.05609299591492972, 'lag_5': 0.21612161714043576, 'lag_6': 0.1539494931319751, 'lag_7': 0.40705458896167346, 'lag_8': 0.2985114530704399, 'lag_9': 0.1996018983020208, 'lag_10': 0.6574486994951034, 'lag_11': 0.5762607026540663, 'lag_12': 0.13818034003498736, 'lag_13': 0.35742018648919394, 'lag_14': 0.48868517272697537, 'lag_15': 0.44780324766473506, 'lag_16': 0.5403088864285491, 'lag_17': 0.24384237159319166, 'lag_18': 0.23360598235695548, 'lag_19': 0.8376337769017543, 'lag_20': 0.1385147194111295, 'lag_21': 0.858190149645229, 'lag_22': 0.8889841493755478, 'lag_23': 0.9196457762403283, 'lag_24': 0.5625633110361848, 'lag_25': 0.025550240136493693, 'lag_26': 0.5851715075402498, 'lag_27': 0.10093382217007818, 'lag_28': 0.20346192903342608}. Best is trial 52 with value: 0.010960479098595904.
[I 2025-09-29 12:53:22,245] Trial 75 finished with value: 0.01136740443178421 and parameters: {'lag_0': 0.8153581529798509, 'lag_1': 0.6606127554525069, 'lag_2': 0.8720638940761014, 'lag_3': 0.5671043077347998, 'lag_4': 0.22081885400850818, 'lag_5': 0.17093616714683804, 'lag_6': 0.21723954457137284, 'lag_7': 0.6073388908996665, 'lag_8': 0.20514479748804682, 'lag_9': 0.3625274165362065, 'lag_10': 0.10330438127801084, 'lag_11': 0.2868589733201772, 'lag_12': 0.00625485209048382, 'lag_13': 0.08323816029220635, 'lag_14': 0.43256117325512516, 'lag_15': 0.5378782463039457, 'lag_16': 0.566003406827762, 'lag_17': 0.09965826435705746, 'lag_18': 0.16624924168548405, 'lag_19': 0.5887050882516887, 'lag_20': 0.05072083328124629, 'lag_21': 0.7526755367974214, 'lag_22': 0.8466140175111145, 'lag_23': 0.7338941372724328, 'lag_24': 0.594520492807208, 'lag_25': 0.4967619281488992, 'lag_26': 0.5379812471982254, 'lag_27': 0.04687388203345787, 'lag_28': 0.17953432321713}. Best is trial 52 with value: 0.010960479098595904.
[I 2025-09-29 12:53:24,789] Trial 76 finished with value: 0.012078998401304686 and parameters: {'lag_0': 0.8506860527758953, 'lag_1': 0.46056452170779494, 'lag_2': 0.9125072024405588, 'lag_3': 0.487691856561177, 'lag_4': 0.43269407303047747, 'lag_5': 0.031541170110400016, 'lag_6': 0.05234402011422889, 'lag_7': 0.4134432324217061, 'lag_8': 0.25134499692260237, 'lag_9': 0.3214800576774263, 'lag_10': 0.8338122466829179, 'lag_11': 0.34851324393675104, 'lag_12': 0.10572538243721166, 'lag_13': 0.2301631293723463, 'lag_14': 0.3503310205840895, 'lag_15': 0.19388826012407318, 'lag_16': 0.45335717303843054, 'lag_17': 0.3963273568346826, 'lag_18': 0.08419960512960514, 'lag_19': 0.15714565930609606, 'lag_20': 0.019335977038742312, 'lag_21': 0.7269808192399316, 'lag_22': 0.9305075608204133, 'lag_23': 0.9622080709497817, 'lag_24': 0.49567332437892536, 'lag_25': 0.7577168124073856, 'lag_26': 0.5971072084672576, 'lag_27': 0.508980068861411, 'lag_28': 0.056483884326869044}. Best is trial 52 with value: 0.010960479098595904.
[I 2025-09-29 12:53:27,338] Trial 77 finished with value: 0.012267639082814112 and parameters: {'lag_0': 0.9697978304236775, 'lag_1': 0.9780317053179625, 'lag_2': 0.6370776723256275, 'lag_3': 0.5875546941561224, 'lag_4': 0.3043735652618496, 'lag_5': 0.08756274591386007, 'lag_6': 0.3703195049123467, 'lag_7': 0.5215580299232236, 'lag_8': 0.33933162743467804, 'lag_9': 0.4584998596602725, 'lag_10': 0.6210946674931677, 'lag_11': 0.0297657377385403, 'lag_12': 0.02985191077783103, 'lag_13': 0.40974634051384334, 'lag_14': 0.5241716114145121, 'lag_15': 0.23663794398687976, 'lag_16': 0.3808450910437338, 'lag_17': 0.21470193457435582, 'lag_18': 0.33159196301893124, 'lag_19': 0.7763535088010156, 'lag_20': 0.5491570248369431, 'lag_21': 0.9076943119604465, 'lag_22': 0.9505291093269637, 'lag_23': 0.2988315920417518, 'lag_24': 0.744459822803609, 'lag_25': 0.8954544901706187, 'lag_26': 0.7125049749080441, 'lag_27': 0.17860117811885745, 'lag_28': 0.095805125545701}. Best is trial 52 with value: 0.010960479098595904.
[I 2025-09-29 12:53:29,887] Trial 78 finished with value: 0.011752628177699552 and parameters: {'lag_0': 0.5257283662122452, 'lag_1': 0.8514305628463392, 'lag_2': 0.836336993426595, 'lag_3': 0.6530437520257465, 'lag_4': 0.39130841082821977, 'lag_5': 0.11202053906326136, 'lag_6': 0.11207872126776976, 'lag_7': 0.513692403432134, 'lag_8': 0.376744237945816, 'lag_9': 0.1981439589883393, 'lag_10': 0.7515542628496743, 'lag_11': 0.24131323713727204, 'lag_12': 0.0922804318759487, 'lag_13': 0.4511348985530653, 'lag_14': 0.4721260650515132, 'lag_15': 0.4323870861641254, 'lag_16': 0.6290508549692465, 'lag_17': 0.4296253033620101, 'lag_18': 0.2922170135667418, 'lag_19': 0.2075149268805534, 'lag_20': 0.11731555461036752, 'lag_21': 0.6755815136813412, 'lag_22': 0.7917819151958039, 'lag_23': 0.5755223886345778, 'lag_24': 0.6284136016936239, 'lag_25': 0.9478535816721203, 'lag_26': 0.39277817468316745, 'lag_27': 0.08681093333893931, 'lag_28': 0.2842966825645133}. Best is trial 52 with value: 0.010960479098595904.
[I 2025-09-29 12:53:32,439] Trial 79 finished with value: 0.012464429180417697 and parameters: {'lag_0': 0.7665904733869378, 'lag_1': 0.8899422080669152, 'lag_2': 0.5790941787018975, 'lag_3': 0.7477600128491727, 'lag_4': 0.4631119980020922, 'lag_5': 0.19327971857081738, 'lag_6': 0.19642669730840578, 'lag_7': 0.1917852324008809, 'lag_8': 0.5405084893027146, 'lag_9': 0.39614307311178404, 'lag_10': 0.9638335580480564, 'lag_11': 0.07969103761822216, 'lag_12': 0.06389192257134765, 'lag_13': 0.18091645150505256, 'lag_14': 0.6201073859323544, 'lag_15': 0.11593887050099441, 'lag_16': 0.5139378158783587, 'lag_17': 0.28228271673388183, 'lag_18': 0.25933882451474066, 'lag_19': 0.0838494207308802, 'lag_20': 0.0002587332261374947, 'lag_21': 0.7706694299103055, 'lag_22': 0.9124149262748776, 'lag_23': 0.8919804721501734, 'lag_24': 0.683770453723451, 'lag_25': 0.1337432475294435, 'lag_26': 0.4990719952975062, 'lag_27': 0.14247372501612277, 'lag_28': 0.5618564936853163}. Best is trial 52 with value: 0.010960479098595904.
[I 2025-09-29 12:53:34,987] Trial 80 finished with value: 0.011549942504923468 and parameters: {'lag_0': 0.49555118741401294, 'lag_1': 0.7436805988034739, 'lag_2': 0.6959876914561137, 'lag_3': 0.6314127461954464, 'lag_4': 0.6154132389122796, 'lag_5': 0.0004186471503713485, 'lag_6': 0.24514510368792078, 'lag_7': 0.3521651793905499, 'lag_8': 0.22632528981114414, 'lag_9': 0.1534355322116263, 'lag_10': 0.7135134823859585, 'lag_11': 0.18786615634978193, 'lag_12': 0.17044938581172903, 'lag_13': 0.3881624175542564, 'lag_14': 0.3960666161643798, 'lag_15': 0.49427467061294267, 'lag_16': 0.7155482067024097, 'lag_17': 0.5175656596253615, 'lag_18': 0.41065699071600414, 'lag_19': 0.6862299458875865, 'lag_20': 0.3133275222882005, 'lag_21': 0.802712149218793, 'lag_22': 0.9685450785548902, 'lag_23': 0.9332738252637807, 'lag_24': 0.6633022669874059, 'lag_25': 0.059833458509341846, 'lag_26': 0.06937846234732081, 'lag_27': 0.19566056246552999, 'lag_28': 0.996107392713669}. Best is trial 52 with value: 0.010960479098595904.
[I 2025-09-29 12:53:37,536] Trial 81 finished with value: 0.011686763437051145 and parameters: {'lag_0': 0.5901027182808001, 'lag_1': 0.048124601431535186, 'lag_2': 0.4082759293254884, 'lag_3': 0.6940237724500424, 'lag_4': 0.35290526872147154, 'lag_5': 0.7852901750919221, 'lag_6': 0.0009727214429508732, 'lag_7': 0.30968509784320314, 'lag_8': 0.16027942166538983, 'lag_9': 0.9264011739070357, 'lag_10': 0.33623198218913136, 'lag_11': 0.1320987242940411, 'lag_12': 0.2335526096334231, 'lag_13': 0.2584208580459883, 'lag_14': 0.2309578373047801, 'lag_15': 0.46997410676626855, 'lag_16': 0.7006177244020602, 'lag_17': 0.14226342998202196, 'lag_18': 0.44452153551100226, 'lag_19': 0.891487867328387, 'lag_20': 0.08652856667672439, 'lag_21': 0.5106053074444449, 'lag_22': 0.2801909373403332, 'lag_23': 0.8649155595206887, 'lag_24': 0.4597112380914491, 'lag_25': 0.1928043656188559, 'lag_26': 0.3610737517179939, 'lag_27': 0.007690145956652241, 'lag_28': 0.2629449312780433}. Best is trial 52 with value: 0.010960479098595904.
