[I 2025-09-29 13:23:49,767] Trial 45 finished with value: 0.0028324753055712026 and parameters: {'lag_0': 0.42793195105713083, 'lag_1': 0.5425521206781303, 'lag_2': 0.09568559284497635, 'lag_3': 0.6446649900713431, 'lag_4': 0.7580029651449641, 'lag_5': 0.08416159542251403, 'lag_6': 0.37633223266845267, 'lag_7': 0.6635501002528988, 'lag_8': 0.7205279111727154, 'lag_9': 0.4866630478290213, 'lag_10': 0.9532782155558142, 'lag_11': 0.620558507971628, 'lag_12': 0.6267510697974124, 'lag_13': 0.9947531974171409, 'lag_14': 0.15903452015495906, 'lag_15': 0.4189577152917469, 'lag_16': 0.5836076189362016, 'lag_17': 0.24488993225727196, 'lag_18': 0.43433969818763873, 'lag_19': 0.6718591709142938, 'lag_20': 0.8011826392805512, 'lag_21': 0.6878750430722089, 'lag_22': 0.6771088759248673, 'lag_23': 0.4438164580818251, 'lag_24': 0.9357390870161613, 'lag_25': 0.6905924053139788, 'lag_26': 0.7988773156064408, 'lag_27': 0.004215024082897034, 'lag_28': 0.4091772573597}. Best is trial 41 with value: 0.002447916567557647.
[I 2025-09-29 13:23:52,143] Trial 46 finished with value: 0.0027712455396692137 and parameters: {'lag_0': 0.4746951411017455, 'lag_1': 0.216920937035505, 'lag_2': 0.6358243197216598, 'lag_3': 0.1856417173311688, 'lag_4': 0.27835997417425445, 'lag_5': 0.20346321638861917, 'lag_6': 0.6301791777443202, 'lag_7': 0.3108323415767153, 'lag_8': 0.6332360212468892, 'lag_9': 0.2421403560770939, 'lag_10': 0.7264601336594371, 'lag_11': 0.7741576059397148, 'lag_12': 0.5263805127924994, 'lag_13': 0.5150225324976228, 'lag_14': 0.08951106498792255, 'lag_15': 0.5118463285719143, 'lag_16': 0.02975853064804146, 'lag_17': 0.5655201448844791, 'lag_18': 0.15760924682173705, 'lag_19': 0.8735478969512472, 'lag_20': 0.3522053659675267, 'lag_21': 0.8429328360036463, 'lag_22': 0.7866047549005833, 'lag_23': 0.15489153725819113, 'lag_24': 0.6291722152445348, 'lag_25': 0.311367623658738, 'lag_26': 0.708484900511891, 'lag_27': 0.8838446630745896, 'lag_28': 0.6341153475299269}. Best is trial 41 with value: 0.002447916567557647.
[I 2025-09-29 13:23:54,513] Trial 47 finished with value: 0.0028070789390634856 and parameters: {'lag_0': 0.3656431804024253, 'lag_1': 0.14464107406070006, 'lag_2': 0.00042276205085434865, 'lag_3': 0.12989114204230395, 'lag_4': 0.5060036224507003, 'lag_5': 0.5481507426361142, 'lag_6': 0.5967835577424728, 'lag_7': 0.456171202712921, 'lag_8': 0.39359131600417563, 'lag_9': 0.6632583652315938, 'lag_10': 0.8803699206005159, 'lag_11': 0.9346770794706346, 'lag_12': 0.4265191363811125, 'lag_13': 0.4419351920674175, 'lag_14': 0.24578892365049132, 'lag_15': 0.3038046431744379, 'lag_16': 0.3512730154888385, 'lag_17': 0.2865242033009135, 'lag_18': 0.7222111104434561, 'lag_19': 0.7346472200808688, 'lag_20': 0.6211756182876297, 'lag_21': 0.2930921159262375, 'lag_22': 0.43031680880808426, 'lag_23': 0.5775103175685669, 'lag_24': 0.4968572402189498, 'lag_25': 0.1707316425986453, 'lag_26': 0.9389671623048235, 'lag_27': 0.5694429338657985, 'lag_28': 0.36823130812829485}. Best is trial 41 with value: 0.002447916567557647.
[I 2025-09-29 13:23:56,882] Trial 48 finished with value: 0.002940859083525405 and parameters: {'lag_0': 0.5159974853057808, 'lag_1': 0.7409722361845922, 'lag_2': 0.48237254015466435, 'lag_3': 0.039313225237276504, 'lag_4': 0.04671441380340229, 'lag_5': 0.14270944138768465, 'lag_6': 0.964516464314955, 'lag_7': 0.59757131770916, 'lag_8': 0.489403722383959, 'lag_9': 0.6029111340527941, 'lag_10': 0.9757146744284112, 'lag_11': 0.42547935560605776, 'lag_12': 0.2905067494287794, 'lag_13': 0.05493934334344469, 'lag_14': 0.15350865154658408, 'lag_15': 0.7140389935789776, 'lag_16': 0.4428405815471655, 'lag_17': 0.32780148020560534, 'lag_18': 0.2914355492444217, 'lag_19': 0.8032799909401377, 'lag_20': 0.4628197555877768, 'lag_21': 0.8997460061711445, 'lag_22': 0.5569383125008655, 'lag_23': 0.6752655411151393, 'lag_24': 0.3342094920835563, 'lag_25': 0.526748518164625, 'lag_26': 0.5357856371495123, 'lag_27': 0.10513496043746842, 'lag_28': 0.15070146320398106}. Best is trial 41 with value: 0.002447916567557647.
[I 2025-09-29 13:23:59,263] Trial 49 finished with value: 0.0027638785211698677 and parameters: {'lag_0': 0.004149336494992328, 'lag_1': 0.00012804570336130174, 'lag_2': 0.3458034585342645, 'lag_3': 0.5528619592553237, 'lag_4': 0.6478266931359377, 'lag_5': 0.9778872637118048, 'lag_6': 0.7232015668002074, 'lag_7': 0.7031944276217378, 'lag_8': 0.5883185222594705, 'lag_9': 0.5310128081737957, 'lag_10': 0.19763162284686364, 'lag_11': 0.7254669060694233, 'lag_12': 0.16034721734609375, 'lag_13': 0.7806547522536489, 'lag_14': 0.046000665815596004, 'lag_15': 0.07627687574353842, 'lag_16': 0.19904506386067866, 'lag_17': 0.4246312187717806, 'lag_18': 0.3728355759396783, 'lag_19': 0.008913993057409253, 'lag_20': 0.862399900878103, 'lag_21': 0.7672124745129146, 'lag_22': 0.920849941059906, 'lag_23': 0.7475075607712101, 'lag_24': 0.41486289934181275, 'lag_25': 0.38065137464368143, 'lag_26': 0.7492488164639952, 'lag_27': 0.18219871837726537, 'lag_28': 0.938554163792146}. Best is trial 41 with value: 0.002447916567557647.
[I 2025-09-29 13:24:01,647] Trial 50 finished with value: 0.002901005325841355 and parameters: {'lag_0': 0.31272046832230055, 'lag_1': 0.40503782188568693, 'lag_2': 0.9276101101888337, 'lag_3': 0.34802740486089734, 'lag_4': 0.10548270394431224, 'lag_5': 0.40583707442859873, 'lag_6': 0.28167863430626383, 'lag_7': 0.4042103561873921, 'lag_8': 0.8063617232076936, 'lag_9': 0.8912596973099806, 'lag_10': 0.7542875767772982, 'lag_11': 0.8430266666710855, 'lag_12': 0.062201111008836484, 'lag_13': 0.8507284481868631, 'lag_14': 0.4691113129952461, 'lag_15': 0.23336685588773126, 'lag_16': 0.27342327657973137, 'lag_17': 0.17394134998574332, 'lag_18': 0.013964729231763118, 'lag_19': 0.15091986475296032, 'lag_20': 0.9188787808592966, 'lag_21': 0.6545161194529037, 'lag_22': 0.757935582352798, 'lag_23': 0.5192527647719225, 'lag_24': 0.9443092104832932, 'lag_25': 0.4744778327607828, 'lag_26': 0.2639099222388503, 'lag_27': 0.39068914407898425, 'lag_28': 0.5022758092132755}. Best is trial 41 with value: 0.002447916567557647.
[I 2025-09-29 13:24:04,027] Trial 51 finished with value: 0.0026906785762674437 and parameters: {'lag_0': 0.31927537255404265, 'lag_1': 0.07445935434496764, 'lag_2': 0.07223860559365812, 'lag_3': 0.007129130944965395, 'lag_4': 0.020421623581890147, 'lag_5': 0.2927036829853402, 'lag_6': 0.5095060396856603, 'lag_7': 0.5069053345701775, 'lag_8': 0.6601237507874969, 'lag_9': 0.3349776237572955, 'lag_10': 0.9170802811589748, 'lag_11': 0.9238040494613755, 'lag_12': 0.3708601579354407, 'lag_13': 0.9545100262413688, 'lag_14': 0.07211671879258522, 'lag_15': 0.5332357696802632, 'lag_16': 0.5106689760233374, 'lag_17': 0.5700939307402888, 'lag_18': 0.5329082126881509, 'lag_19': 0.9385708245618188, 'lag_20': 0.8945831422623636, 'lag_21': 0.7932634081032512, 'lag_22': 0.4915028196481645, 'lag_23': 0.04044736214495337, 'lag_24': 0.7049016435327546, 'lag_25': 0.5883973338912001, 'lag_26': 0.9637906208199304, 'lag_27': 0.8173566580880777, 'lag_28': 0.33228286150729514}. Best is trial 41 with value: 0.002447916567557647.
[I 2025-09-29 13:24:06,405] Trial 52 finished with value: 0.0025610093589661523 and parameters: {'lag_0': 0.3593229952904546, 'lag_1': 0.07057988347973744, 'lag_2': 0.15408294865732797, 'lag_3': 0.06025244766914066, 'lag_4': 0.0035310753053776622, 'lag_5': 0.27983249173267094, 'lag_6': 0.5562777769044457, 'lag_7': 0.5577763723472651, 'lag_8': 0.6434249503032698, 'lag_9': 0.21229544059507377, 'lag_10': 0.9425456515212983, 'lag_11': 0.952574367802406, 'lag_12': 0.36448833324664875, 'lag_13': 0.9375986356032349, 'lag_14': 0.028652552289439782, 'lag_15': 0.6201372772588859, 'lag_16': 0.4155240422805385, 'lag_17': 0.5367010120761071, 'lag_18': 0.45100662880735304, 'lag_19': 0.8734580925029021, 'lag_20': 0.9949099283660485, 'lag_21': 0.735225882407882, 'lag_22': 0.40325602868437826, 'lag_23': 0.42127117684995563, 'lag_24': 0.6804456995606702, 'lag_25': 0.6132433437695044, 'lag_26': 0.851491033910053, 'lag_27': 0.9564760811875419, 'lag_28': 0.3693339649777543}. Best is trial 41 with value: 0.002447916567557647.
[I 2025-09-29 13:24:08,782] Trial 53 finished with value: 0.00271574154683456 and parameters: {'lag_0': 0.2588700477173932, 'lag_1': 0.03790001008011662, 'lag_2': 0.1735883603320117, 'lag_3': 0.09205967426313413, 'lag_4': 0.16046051551953136, 'lag_5': 0.3275728468135334, 'lag_6': 0.5425553738368286, 'lag_7': 0.6242276335755539, 'lag_8': 0.7440444577433478, 'lag_9': 0.1092825169989366, 'lag_10': 0.010774737344480256, 'lag_11': 0.9668338545216659, 'lag_12': 0.34106363864229255, 'lag_13': 0.948457624234175, 'lag_14': 0.004592350401321495, 'lag_15': 0.6286195964626629, 'lag_16': 0.3841672359650276, 'lag_17': 0.6365115668839486, 'lag_18': 0.902257707507972, 'lag_19': 0.8708100258804967, 'lag_20': 0.9592225576856912, 'lag_21': 0.9417901950911038, 'lag_22': 0.40416543581982667, 'lag_23': 0.4693405562900925, 'lag_24': 0.8077009053091, 'lag_25': 0.6354218512006204, 'lag_26': 0.8432932020795316, 'lag_27': 0.9616181785297797, 'lag_28': 0.28324945480722413}. Best is trial 41 with value: 0.002447916567557647.
[I 2025-09-29 13:24:11,176] Trial 54 finished with value: 0.0027536299676559936 and parameters: {'lag_0': 0.3704681931451256, 'lag_1': 0.9449077779918473, 'lag_2': 0.27868537140467453, 'lag_3': 0.05898208989853239, 'lag_4': 0.0039847912316665355, 'lag_5': 0.1995644938535795, 'lag_6': 0.43049176826917923, 'lag_7': 0.5498527450031168, 'lag_8': 0.6976580298938574, 'lag_9': 0.24966409274919749, 'lag_10': 0.9557938251042595, 'lag_11': 0.8805607756970555, 'lag_12': 0.4635461112875056, 'lag_13': 0.8977891371349133, 'lag_14': 0.9984499279728136, 'lag_15': 0.67448490509202, 'lag_16': 0.3041689503453268, 'lag_17': 0.5285993314311536, 'lag_18': 0.4464665034733586, 'lag_19': 0.9856650888327367, 'lag_20': 0.7854281692347096, 'lag_21': 0.3932791490976384, 'lag_22': 0.325527725099822, 'lag_23': 0.3224152446081778, 'lag_24': 0.743250921384529, 'lag_25': 0.6952827249284957, 'lag_26': 0.7870000704720654, 'lag_27': 0.9855630811161757, 'lag_28': 0.35959035705765474}. Best is trial 41 with value: 0.002447916567557647.
[I 2025-09-29 13:24:13,562] Trial 55 finished with value: 0.002760605144657968 and parameters: {'lag_0': 0.1796611254622929, 'lag_1': 0.0932024376247278, 'lag_2': 0.15087581275027512, 'lag_3': 0.19661607628340796, 'lag_4': 0.0926988057444027, 'lag_5': 0.04689024663901825, 'lag_6': 0.6608185576324309, 'lag_7': 0.3634539876736786, 'lag_8': 0.5383738215075755, 'lag_9': 0.19621806898230498, 'lag_10': 0.9938762346819316, 'lag_11': 0.9988463959710553, 'lag_12': 0.1986220093496611, 'lag_13': 0.8312466532840294, 'lag_14': 0.11526153115034758, 'lag_15': 0.9279798583472866, 'lag_16': 0.42300662838922404, 'lag_17': 0.40160468802758914, 'lag_18': 0.38869648179056315, 'lag_19': 0.631410430591131, 'lag_20': 0.983055348932017, 'lag_21': 0.8620403301822744, 'lag_22': 0.27960917680635655, 'lag_23': 0.3839450314837116, 'lag_24': 0.6696154253569011, 'lag_25': 0.596414668603788, 'lag_26': 0.905095699551307, 'lag_27': 0.8913425820591263, 'lag_28': 0.44119506508776896}. Best is trial 41 with value: 0.002447916567557647.
[I 2025-09-29 13:24:16,090] Trial 56 finished with value: 0.0028141639462522217 and parameters: {'lag_0': 0.6960581261339438, 'lag_1': 0.24739249585225853, 'lag_2': 0.6796021992602286, 'lag_3': 0.709014668110287, 'lag_4': 0.5694111609380132, 'lag_5': 0.24608775683035117, 'lag_6': 0.8319385961652772, 'lag_7': 0.7942192633871309, 'lag_8': 0.47804748502637906, 'lag_9': 0.05676503854675047, 'lag_10': 0.42665125318618186, 'lag_11': 0.8157213246346716, 'lag_12': 0.26272408291588273, 'lag_13': 0.7394458479283401, 'lag_14': 0.851644773322463, 'lag_15': 0.5558705297539126, 'lag_16': 0.35148080212251354, 'lag_17': 0.693081587870984, 'lag_18': 0.7124254684525604, 'lag_19': 0.8358105840648997, 'lag_20': 0.9950722115476746, 'lag_21': 0.7389501993363715, 'lag_22': 0.8255504877087905, 'lag_23': 0.6456751962640618, 'lag_24': 0.8922737376681869, 'lag_25': 0.8622867282568183, 'lag_26': 0.8540664213372995, 'lag_27': 0.8447369098199144, 'lag_28': 0.19825006945958132}. Best is trial 41 with value: 0.002447916567557647.
[I 2025-09-29 13:24:18,479] Trial 57 finished with value: 0.0028316339901256304 and parameters: {'lag_0': 0.407244039320903, 'lag_1': 0.8329631799855102, 'lag_2': 0.7404002864597591, 'lag_3': 0.2515579912049343, 'lag_4': 0.2167754696880287, 'lag_5': 0.9212127770596553, 'lag_6': 0.7838749046895819, 'lag_7': 0.4388432862536452, 'lag_8': 0.603579159342813, 'lag_9': 0.20374236256434622, 'lag_10': 0.37136891221274604, 'lag_11': 0.11739884452017157, 'lag_12': 0.8234684711052088, 'lag_13': 0.6727722133204075, 'lag_14': 0.19668492722536596, 'lag_15': 0.4177180421143615, 'lag_16': 0.5998289591521528, 'lag_17': 0.5994577807740737, 'lag_18': 0.5089895297290902, 'lag_19': 0.7648781566126319, 'lag_20': 0.5726800831473723, 'lag_21': 0.580614852262946, 'lag_22': 0.37854563989470263, 'lag_23': 0.9158368317298731, 'lag_24': 0.6043225855884626, 'lag_25': 0.2296692837541217, 'lag_26': 0.9768913521453629, 'lag_27': 0.9552157448658927, 'lag_28': 0.8704095056628777}. Best is trial 41 with value: 0.002447916567557647.
[I 2025-09-29 13:24:20,861] Trial 58 finished with value: 0.002967388595688149 and parameters: {'lag_0': 0.7640693396058149, 'lag_1': 0.158886344482628, 'lag_2': 0.05767749747596841, 'lag_3': 0.14127434973617453, 'lag_4': 0.036949190433770415, 'lag_5': 0.5969918051194752, 'lag_6': 0.4796215006899157, 'lag_7': 0.48524034343343597, 'lag_8': 0.6387143813735872, 'lag_9': 0.2921470876496229, 'lag_10': 0.8414238021446504, 'lag_11': 0.8907586640288576, 'lag_12': 0.7178017702914382, 'lag_13': 0.6033304522253075, 'lag_14': 0.03480981262880068, 'lag_15': 0.4494174813556607, 'lag_16': 0.7295771069026022, 'lag_17': 0.46209969922081856, 'lag_18': 0.07144479154576332, 'lag_19': 0.8865108367282504, 'lag_20': 0.7217417222333244, 'lag_21': 0.3198049033639993, 'lag_22': 0.19950628914013646, 'lag_23': 0.2275746865990434, 'lag_24': 0.8317015064263067, 'lag_25': 0.7591501697620779, 'lag_26': 0.4300807816681135, 'lag_27': 0.2859638414131385, 'lag_28': 0.8048305146597012}. Best is trial 41 with value: 0.002447916567557647.
[I 2025-09-29 13:24:23,246] Trial 59 finished with value: 0.0028793539475917835 and parameters: {'lag_0': 0.9740281418682745, 'lag_1': 0.3103932781809544, 'lag_2': 0.8482324151971065, 'lag_3': 0.3826345602485557, 'lag_4': 0.9656904160955695, 'lag_5': 0.37657305016106535, 'lag_6': 0.7003900676147585, 'lag_7': 0.5637516444393909, 'lag_8': 0.930897328110207, 'lag_9': 0.9569969306164391, 'lag_10': 0.8982089450235484, 'lag_11': 0.34367580535553677, 'lag_12': 0.13169418443385927, 'lag_13': 0.5419843560371556, 'lag_14': 0.13907649905578504, 'lag_15': 0.7559777007751187, 'lag_16': 0.6549164607268547, 'lag_17': 0.684530273997334, 'lag_18': 0.14761757803789763, 'lag_19': 0.7103528872171259, 'lag_20': 0.8300339577301528, 'lag_21': 0.6621436657830284, 'lag_22': 0.12389790422651392, 'lag_23': 0.3560153299741098, 'lag_24': 0.7729980767752678, 'lag_25': 0.5063605067223147, 'lag_26': 0.6721188990048935, 'lag_27': 0.6164043220790069, 'lag_28': 0.24167622450770893}. Best is trial 41 with value: 0.002447916567557647.
[I 2025-09-29 13:24:25,628] Trial 60 finished with value: 0.002657561046943758 and parameters: {'lag_0': 0.46906511160114017, 'lag_1': 0.05398971639811112, 'lag_2': 0.5844725371514754, 'lag_3': 0.03552928644995279, 'lag_4': 0.3745729520207768, 'lag_5': 0.1248998788468327, 'lag_6': 0.9247034183905197, 'lag_7': 0.6582268060612655, 'lag_8': 0.6938612313688958, 'lag_9': 0.40092699512317354, 'lag_10': 0.23340525847170848, 'lag_11': 0.5773937579252274, 'lag_12': 0.5923145394276303, 'lag_13': 0.8859110975839507, 'lag_14': 0.3255170135121681, 'lag_15': 0.6884115456010891, 'lag_16': 0.4782368160707559, 'lag_17': 0.5128183022971257, 'lag_18': 0.20198211259328325, 'lag_19': 0.5221612745073687, 'lag_20': 0.6333700167482921, 'lag_21': 0.6213795640985204, 'lag_22': 0.34591512975394934, 'lag_23': 0.29724731156040096, 'lag_24': 0.9556804355945312, 'lag_25': 0.6570096092609699, 'lag_26': 0.8058095518576163, 'lag_27': 0.9227106084615193, 'lag_28': 0.4345717010965841}. Best is trial 41 with value: 0.002447916567557647.
[I 2025-09-29 13:24:28,012] Trial 61 finished with value: 0.0028579836819038937 and parameters: {'lag_0': 0.3413476847382662, 'lag_1': 0.08331698629500488, 'lag_2': 0.038143290306919514, 'lag_3': 0.023331215689759405, 'lag_4': 0.11212041204921741, 'lag_5': 0.27605482751136673, 'lag_6': 0.5311121489057372, 'lag_7': 0.521736829030258, 'lag_8': 0.6386534413655885, 'lag_9': 0.3667857029626753, 'lag_10': 0.9542844374720738, 'lag_11': 0.9186377464711686, 'lag_12': 0.3833670949844066, 'lag_13': 0.9691037386665156, 'lag_14': 0.06893986008756844, 'lag_15': 0.6163216914660454, 'lag_16': 0.5257098366463895, 'lag_17': 0.5917138058960937, 'lag_18': 0.48347504494217625, 'lag_19': 0.935870393820852, 'lag_20': 0.9057481155476039, 'lag_21': 0.8019466459068283, 'lag_22': 0.4942474470841628, 'lag_23': 0.42794274506972946, 'lag_24': 0.6813993065871755, 'lag_25': 0.5540225292623535, 'lag_26': 0.9260857080240009, 'lag_27': 0.722482968327605, 'lag_28': 0.4913734224828789}. Best is trial 41 with value: 0.002447916567557647.
[I 2025-09-29 13:24:30,393] Trial 62 finished with value: 0.002735908027705799 and parameters: {'lag_0': 0.25084132723937824, 'lag_1': 0.20866648561776296, 'lag_2': 0.0002746785922968058, 'lag_3': 0.6111668035557327, 'lag_4': 0.017589609676263718, 'lag_5': 0.17379830098868398, 'lag_6': 0.5782030089685151, 'lag_7': 0.4740187493862422, 'lag_8': 0.7790913455934487, 'lag_9': 0.2881891132158654, 'lag_10': 0.9265243405796711, 'lag_11': 0.9607332310795833, 'lag_12': 0.4060095845220303, 'lag_13': 0.9269846571049508, 'lag_14': 0.09332599919007477, 'lag_15': 0.48071427631788916, 'lag_16': 0.41255346417038913, 'lag_17': 0.01927907739038226, 'lag_18': 0.5919847187587012, 'lag_19': 0.8982179217706381, 'lag_20': 0.8651139968695051, 'lag_21': 0.6974595875096197, 'lag_22': 0.46997931673940524, 'lag_23': 0.4399343216734754, 'lag_24': 0.6371292575650813, 'lag_25': 0.5914281724499748, 'lag_26': 0.9682393924724716, 'lag_27': 0.8017902698702575, 'lag_28': 0.36024152586179214}. Best is trial 41 with value: 0.002447916567557647.
[I 2025-09-29 13:24:32,780] Trial 63 finished with value: 0.0028025992211904677 and parameters: {'lag_0': 0.2061507712086992, 'lag_1': 0.03233085156477441, 'lag_2': 0.10591980481541745, 'lag_3': 0.07386760994206355, 'lag_4': 0.04111321006442547, 'lag_5': 0.3219413448830761, 'lag_6': 0.648808743182461, 'lag_7': 0.30409601820464266, 'lag_8': 0.7344692077722658, 'lag_9': 0.6996055483789019, 'lag_10': 0.7933410092426694, 'lag_11': 0.8528088944002984, 'lag_12': 0.3391669725511221, 'lag_13': 0.466845962008567, 'lag_14': 0.0322975360028054, 'lag_15': 0.573592044982234, 'lag_16': 0.4582286280068444, 'lag_17': 0.7691463192909249, 'lag_18': 0.5477617629658506, 'lag_19': 0.9959240191515238, 'lag_20': 0.9390834528813501, 'lag_21': 0.9699296862879231, 'lag_22': 0.5356515528265468, 'lag_23': 0.41265252700027094, 'lag_24': 0.5686455604183878, 'lag_25': 0.4509594570128091, 'lag_26': 0.9018951248824947, 'lag_27': 0.6411249412685736, 'lag_28': 0.9785228150198976}. Best is trial 41 with value: 0.002447916567557647.
[I 2025-09-29 13:24:35,171] Trial 64 finished with value: 0.0029354556700417053 and parameters: {'lag_0': 0.34550536358038436, 'lag_1': 0.0979366229325877, 'lag_2': 0.1293554810948983, 'lag_3': 0.10892949926005539, 'lag_4': 0.4540974655096997, 'lag_5': 0.46700991186375357, 'lag_6': 0.4698704762463505, 'lag_7': 0.5847505435898824, 'lag_8': 0.6716011802247813, 'lag_9': 0.4496711103084352, 'lag_10': 0.8480824105728405, 'lag_11': 0.9015988546565448, 'lag_12': 0.3655335920067183, 'lag_13': 0.9981284789491506, 'lag_14': 0.029282354647139, 'lag_15': 0.37075517794782087, 'lag_16': 0.5584410274258216, 'lag_17': 0.1103338141405017, 'lag_18': 0.27867886456754276, 'lag_19': 0.9563304893715353, 'lag_20': 0.8745075519166106, 'lag_21': 0.7610536563830469, 'lag_22': 0.43026988776183533, 'lag_23': 0.5027245886995418, 'lag_24': 0.5275721255006502, 'lag_25': 0.6110888935259176, 'lag_26': 0.7350631056989732, 'lag_27': 0.7770568505650216, 'lag_28': 0.29513324628702775}. Best is trial 41 with value: 0.002447916567557647.
[I 2025-09-29 13:24:37,550] Trial 65 finished with value: 0.00293346213194416 and parameters: {'lag_0': 0.1468359632293801, 'lag_1': 0.12065385537544113, 'lag_2': 0.21638783645097595, 'lag_3': 0.1795097352584042, 'lag_4': 0.0015078269647273504, 'lag_5': 0.2275951427883176, 'lag_6': 0.3972306641536697, 'lag_7': 0.19843777558709536, 'lag_8': 0.5149503232986811, 'lag_9': 0.09785227634622232, 'lag_10': 0.5185506940378038, 'lag_11': 0.773790164978144, 'lag_12': 0.5116067780787266, 'lag_13': 0.8568462068600909, 'lag_14': 0.07946070454690068, 'lag_15': 0.49104268280650326, 'lag_16': 0.3708499908027572, 'lag_17': 0.5196307266997783, 'lag_18': 0.6244899734768303, 'lag_19': 0.29934681598915713, 'lag_20': 0.9591797372796744, 'lag_21': 0.8708732925892109, 'lag_22': 0.6327348813951379, 'lag_23': 0.554366829281396, 'lag_24': 0.7272574258902905, 'lag_25': 0.5127195482967615, 'lag_26': 0.6108411787728385, 'lag_27': 0.7088713136350123, 'lag_28': 0.38801369579069867}. Best is trial 41 with value: 0.002447916567557647.
