[I 2025-09-29 13:19:51,093] Trial 41 finished with value: 0.0052575712280167625 and parameters: {'lag_0': 0.5013331363334328, 'lag_1': 0.32530401308204804, 'lag_2': 0.9513594140884278, 'lag_3': 0.4687767942546818, 'lag_4': 0.9510306819733787, 'lag_5': 0.8836484749865036, 'lag_6': 0.7067603159046658, 'lag_7': 0.9174247447194568, 'lag_8': 0.08245602230237067, 'lag_9': 0.40288629105610185, 'lag_10': 0.5040220112859707, 'lag_11': 0.5517929186935122, 'lag_12': 0.1755171455817744, 'lag_13': 0.13118025048653942, 'lag_14': 0.2656188584673178, 'lag_15': 0.342665483361858, 'lag_16': 0.752818416478477, 'lag_17': 0.7686880838989566, 'lag_18': 0.8651087730362069, 'lag_19': 0.6161923926969218, 'lag_20': 0.21380912245995087, 'lag_21': 0.7311431373322886, 'lag_22': 0.7208596433496024, 'lag_23': 0.9427012903493492, 'lag_24': 0.26141140208219127, 'lag_25': 0.5830848930872033, 'lag_26': 0.9557743871216936, 'lag_27': 0.3439306685028528, 'lag_28': 0.27577287409250806}. Best is trial 32 with value: 0.004493081913821384.
[I 2025-09-29 13:19:53,569] Trial 42 finished with value: 0.0049107940664758175 and parameters: {'lag_0': 0.11667958887760564, 'lag_1': 0.2659545501098328, 'lag_2': 0.805413728728582, 'lag_3': 0.6142012300993613, 'lag_4': 0.9613784969488586, 'lag_5': 0.933495407985392, 'lag_6': 0.6608421355570284, 'lag_7': 0.7125697781198901, 'lag_8': 0.13116412220938467, 'lag_9': 0.2558946710450193, 'lag_10': 0.4563257368755012, 'lag_11': 0.04308471116338117, 'lag_12': 0.05841470852003938, 'lag_13': 0.36909385497319924, 'lag_14': 0.12290740612931289, 'lag_15': 0.38504777695829523, 'lag_16': 0.7943667489669075, 'lag_17': 0.6063615253951706, 'lag_18': 0.8686210022518313, 'lag_19': 0.7832613585838898, 'lag_20': 0.12842526625594394, 'lag_21': 0.2732486626079618, 'lag_22': 0.5533521684671282, 'lag_23': 0.7325549142040418, 'lag_24': 0.3955978598305926, 'lag_25': 0.05404619459264315, 'lag_26': 0.5605970607771092, 'lag_27': 0.7568463720142724, 'lag_28': 0.3674627035185204}. Best is trial 32 with value: 0.004493081913821384.
[I 2025-09-29 13:19:56,059] Trial 43 finished with value: 0.004943819156855495 and parameters: {'lag_0': 0.7424391625728549, 'lag_1': 0.07958511069061272, 'lag_2': 0.8713009683703836, 'lag_3': 0.6909497906409385, 'lag_4': 0.9902801379307669, 'lag_5': 0.8109963055320633, 'lag_6': 0.740993633940087, 'lag_7': 0.8162262448798843, 'lag_8': 0.24546606833325874, 'lag_9': 0.5049292365748744, 'lag_10': 0.5440995999357124, 'lag_11': 0.1415573971132258, 'lag_12': 0.1328952029326123, 'lag_13': 0.9287712639206706, 'lag_14': 0.02342877630932927, 'lag_15': 0.3102949345202842, 'lag_16': 0.6889845906343045, 'lag_17': 0.7164639606742252, 'lag_18': 0.9527127389231275, 'lag_19': 0.7111823991358711, 'lag_20': 0.3285377330864867, 'lag_21': 0.35734065320551145, 'lag_22': 0.4663021851549439, 'lag_23': 0.7621918711693126, 'lag_24': 0.6471807573689583, 'lag_25': 0.8380854603599824, 'lag_26': 0.4773511806884452, 'lag_27': 0.6077705389763625, 'lag_28': 0.016386305929332767}. Best is trial 32 with value: 0.004493081913821384.
[I 2025-09-29 13:19:58,542] Trial 44 finished with value: 0.005176102688012154 and parameters: {'lag_0': 0.9601055009835148, 'lag_1': 0.375038386856673, 'lag_2': 0.685932536005765, 'lag_3': 0.5478594497835589, 'lag_4': 0.08227621924790607, 'lag_5': 0.9664050962718064, 'lag_6': 0.7898298556399017, 'lag_7': 0.20227529953947182, 'lag_8': 0.17081742326288296, 'lag_9': 0.44264327019356164, 'lag_10': 0.046941481274786034, 'lag_11': 0.6186030398067233, 'lag_12': 0.21887658608939897, 'lag_13': 0.23432434712904116, 'lag_14': 0.34864725288597337, 'lag_15': 0.5266741116638427, 'lag_16': 0.4332068340776727, 'lag_17': 0.6523169827760946, 'lag_18': 0.7012692518297281, 'lag_19': 0.49375321044286247, 'lag_20': 0.037634935986311034, 'lag_21': 0.788943926560557, 'lag_22': 0.6434260739437255, 'lag_23': 0.4004492166569032, 'lag_24': 0.5403580902965485, 'lag_25': 0.20412491778178427, 'lag_26': 0.8445612696620161, 'lag_27': 0.30820294348563104, 'lag_28': 0.8265859705783952}. Best is trial 32 with value: 0.004493081913821384.
[I 2025-09-29 13:20:01,029] Trial 45 finished with value: 0.004776526491844545 and parameters: {'lag_0': 0.3847806708598698, 'lag_1': 0.2141500020023255, 'lag_2': 0.9224566963259729, 'lag_3': 0.4297063161858232, 'lag_4': 0.8991646757244468, 'lag_5': 0.34680661108588273, 'lag_6': 0.4631597118628773, 'lag_7': 0.2898403442813387, 'lag_8': 0.09591694113730778, 'lag_9': 0.3868464754186869, 'lag_10': 0.33644353982064756, 'lag_11': 0.3758493991642379, 'lag_12': 0.4264117297506139, 'lag_13': 0.6990158183292716, 'lag_14': 0.18748867054438206, 'lag_15': 0.3941710678718413, 'lag_16': 0.5742470537460926, 'lag_17': 0.8294491126877788, 'lag_18': 0.79607733023259, 'lag_19': 0.7728865932574894, 'lag_20': 0.08280116873636786, 'lag_21': 0.6998529483395923, 'lag_22': 0.6009637704937872, 'lag_23': 0.9525493701160662, 'lag_24': 0.46664662294820397, 'lag_25': 0.7790635717897463, 'lag_26': 0.02493026619160793, 'lag_27': 0.4120932892545549, 'lag_28': 0.3046672100307555}. Best is trial 32 with value: 0.004493081913821384.
[I 2025-09-29 13:20:03,521] Trial 46 finished with value: 0.004704759450606709 and parameters: {'lag_0': 0.8221206741759325, 'lag_1': 0.12504772060259373, 'lag_2': 0.9960065172653495, 'lag_3': 0.3567908151204148, 'lag_4': 0.6724746604846386, 'lag_5': 0.8896153541815623, 'lag_6': 0.5979295223328233, 'lag_7': 0.027741294315035067, 'lag_8': 0.0339043193916748, 'lag_9': 0.21115682448214596, 'lag_10': 0.41892152741862493, 'lag_11': 0.1850270386376096, 'lag_12': 0.34795283950652817, 'lag_13': 0.4561252244287538, 'lag_14': 0.41092055426725227, 'lag_15': 0.6240306880747472, 'lag_16': 0.8549135297641985, 'lag_17': 0.5638128324560927, 'lag_18': 0.8358632334339319, 'lag_19': 0.8358966262208463, 'lag_20': 0.21822330988875216, 'lag_21': 0.8781413162545803, 'lag_22': 0.9019061932828455, 'lag_23': 0.8647534822549804, 'lag_24': 0.09670642282328057, 'lag_25': 0.9326538367129723, 'lag_26': 0.8249780219915863, 'lag_27': 0.16903676071554785, 'lag_28': 0.48146868979807117}. Best is trial 32 with value: 0.004493081913821384.
[I 2025-09-29 13:20:06,017] Trial 47 finished with value: 0.005001759831724505 and parameters: {'lag_0': 0.4449608196041489, 'lag_1': 0.5050178749697052, 'lag_2': 0.7727709899567661, 'lag_3': 0.2591274456131883, 'lag_4': 0.9542443555366322, 'lag_5': 0.09047785779095441, 'lag_6': 0.681688485302773, 'lag_7': 0.07633877313251958, 'lag_8': 0.9537582366983011, 'lag_9': 0.30639227125200647, 'lag_10': 0.5340641380341511, 'lag_11': 0.6711056184537764, 'lag_12': 0.051379506632386725, 'lag_13': 0.3468877837702498, 'lag_14': 0.28617042466741677, 'lag_15': 0.08816514531020771, 'lag_16': 0.9518188663650299, 'lag_17': 0.4831988768547008, 'lag_18': 0.7531774721540709, 'lag_19': 0.894255397198916, 'lag_20': 0.15225804365194281, 'lag_21': 0.9580653093907485, 'lag_22': 0.3996507361644502, 'lag_23': 0.6713399881027686, 'lag_24': 0.32860598871213, 'lag_25': 0.6234149205366176, 'lag_26': 0.9771245609305661, 'lag_27': 0.7235567460670818, 'lag_28': 0.5932798587466659}. Best is trial 32 with value: 0.004493081913821384.
[I 2025-09-29 13:20:08,498] Trial 48 finished with value: 0.004572956322641305 and parameters: {'lag_0': 0.22375223524167903, 'lag_1': 0.3320515845440383, 'lag_2': 0.5276742355036288, 'lag_3': 0.891304475015468, 'lag_4': 0.8467518048568626, 'lag_5': 0.9617156240351974, 'lag_6': 0.5401071651916509, 'lag_7': 0.15774902238891386, 'lag_8': 0.08922850411579406, 'lag_9': 0.633557095724338, 'lag_10': 0.7496759848953741, 'lag_11': 0.43964317176032286, 'lag_12': 0.5624882344903708, 'lag_13': 0.2770392025059604, 'lag_14': 0.48452772436881164, 'lag_15': 0.4904010113404948, 'lag_16': 0.4991078949604348, 'lag_17': 0.6148680498416426, 'lag_18': 0.6691310006469456, 'lag_19': 0.9341225496884373, 'lag_20': 0.5737267052053355, 'lag_21': 0.1659612667640334, 'lag_22': 0.7590837359842407, 'lag_23': 0.7803731340823888, 'lag_24': 0.25077751333878073, 'lag_25': 0.34838003267001016, 'lag_26': 0.575459541748837, 'lag_27': 0.497494699816665, 'lag_28': 0.14195014562140473}. Best is trial 32 with value: 0.004493081913821384.
[I 2025-09-29 13:20:10,984] Trial 49 finished with value: 0.0051473426496961554 and parameters: {'lag_0': 0.7256846963763108, 'lag_1': 0.18210086164404193, 'lag_2': 0.5241251217194357, 'lag_3': 0.891677348432939, 'lag_4': 0.8085110793975441, 'lag_5': 0.999019609105964, 'lag_6': 0.5247967530756201, 'lag_7': 0.13415658944974174, 'lag_8': 0.4342649192172057, 'lag_9': 0.7074379983395218, 'lag_10': 0.761235405928664, 'lag_11': 0.48740495835533626, 'lag_12': 0.6176101948460705, 'lag_13': 0.2927623953761351, 'lag_14': 0.5773062494757426, 'lag_15': 0.4847329588617048, 'lag_16': 0.31668219360716465, 'lag_17': 0.6774895987682676, 'lag_18': 0.5391169558551445, 'lag_19': 0.9444709624669012, 'lag_20': 0.6230716127192135, 'lag_21': 0.13462975449960446, 'lag_22': 0.7731396989458923, 'lag_23': 0.3006164180941221, 'lag_24': 0.5821429399056867, 'lag_25': 0.3494206795346991, 'lag_26': 0.5811727212138637, 'lag_27': 0.5164663334743897, 'lag_28': 0.14162265569270535}. Best is trial 32 with value: 0.004493081913821384.
[I 2025-09-29 13:20:13,468] Trial 50 finished with value: 0.004856057052366989 and parameters: {'lag_0': 0.8898678794936727, 'lag_1': 0.27545707587422075, 'lag_2': 0.4555754264963554, 'lag_3': 0.8466501185341806, 'lag_4': 0.8784205123673017, 'lag_5': 0.19513417348109252, 'lag_6': 0.3890372165692544, 'lag_7': 0.25992588304151387, 'lag_8': 0.2592574522426679, 'lag_9': 0.6194740493278047, 'lag_10': 0.9914255367196945, 'lag_11': 0.8766232775890095, 'lag_12': 0.5643794339724603, 'lag_13': 0.18595701071008652, 'lag_14': 0.4799108862961207, 'lag_15': 0.6798963291638531, 'lag_16': 0.5230330683905358, 'lag_17': 0.6094565368619472, 'lag_18': 0.6501809634190269, 'lag_19': 0.9239340023334202, 'lag_20': 0.7535669410610253, 'lag_21': 0.03195609455903348, 'lag_22': 0.8743970671590234, 'lag_23': 0.9084117104973852, 'lag_24': 0.9893972845177903, 'lag_25': 0.2756145999735678, 'lag_26': 0.6868639630342384, 'lag_27': 0.48471202551423015, 'lag_28': 0.05979444177750551}. Best is trial 32 with value: 0.004493081913821384.
[I 2025-09-29 13:20:16,075] Trial 51 finished with value: 0.005360401245018468 and parameters: {'lag_0': 0.19222230109905608, 'lag_1': 0.401817041378766, 'lag_2': 0.7022311737620003, 'lag_3': 0.5082973164851197, 'lag_4': 0.9671319423718531, 'lag_5': 0.9599057976564686, 'lag_6': 0.7104354119237359, 'lag_7': 0.05262975638849482, 'lag_8': 0.1029212883164133, 'lag_9': 0.5232044960742603, 'lag_10': 0.66754815436191, 'lag_11': 0.3021356548733527, 'lag_12': 0.7154861403058844, 'lag_13': 0.05024210729524464, 'lag_14': 0.3391332930424805, 'lag_15': 0.49347202859553946, 'lag_16': 0.4879181983198918, 'lag_17': 0.5470274882095962, 'lag_18': 0.684811822191814, 'lag_19': 0.8409898879810255, 'lag_20': 0.6169986749600403, 'lag_21': 0.2206471456478597, 'lag_22': 0.6886540506277775, 'lag_23': 0.7902496223212895, 'lag_24': 0.2573604047637112, 'lag_25': 0.4034759659596161, 'lag_26': 0.7415898331472406, 'lag_27': 0.34936306271486844, 'lag_28': 0.37552798330377307}. Best is trial 32 with value: 0.004493081913821384.
[I 2025-09-29 13:20:18,564] Trial 52 finished with value: 0.004787237572718574 and parameters: {'lag_0': 0.12470392587884357, 'lag_1': 0.309959231609863, 'lag_2': 0.8260364395442968, 'lag_3': 0.9536143350984787, 'lag_4': 0.8582002736234469, 'lag_5': 0.8989485003516785, 'lag_6': 0.44731819428193176, 'lag_7': 0.3487313864285384, 'lag_8': 0.02576540240983416, 'lag_9': 0.5885712193973172, 'lag_10': 0.862164185718503, 'lag_11': 0.5624430873062493, 'lag_12': 0.2993758542148115, 'lag_13': 0.4201926497586065, 'lag_14': 0.2387580746833592, 'lag_15': 0.22335328960703216, 'lag_16': 0.6305610895860632, 'lag_17': 0.7603738148354902, 'lag_18': 0.7178882856496019, 'lag_19': 0.7127307251484234, 'lag_20': 0.5272274179594991, 'lag_21': 0.6519299129505061, 'lag_22': 0.7290242779407003, 'lag_23': 0.9641489273302044, 'lag_24': 0.13033153356624416, 'lag_25': 0.5081579434648561, 'lag_26': 0.5217785746336467, 'lag_27': 0.010817621204068678, 'lag_28': 0.9305405940477548}. Best is trial 32 with value: 0.004493081913821384.
[I 2025-09-29 13:20:21,063] Trial 53 finished with value: 0.00482452243792007 and parameters: {'lag_0': 0.31503186076450623, 'lag_1': 0.3607125958013245, 'lag_2': 0.3301256122842038, 'lag_3': 0.7109000171282288, 'lag_4': 0.9049780193034602, 'lag_5': 0.8714573908322226, 'lag_6': 0.3161105733377997, 'lag_7': 0.9305005519223871, 'lag_8': 0.16542721153453466, 'lag_9': 0.4445706873824148, 'lag_10': 0.16820728333288992, 'lag_11': 0.3430003792981903, 'lag_12': 0.4908436666525803, 'lag_13': 0.4843234827942515, 'lag_14': 0.5234482657058521, 'lag_15': 0.5746292705062959, 'lag_16': 0.008135173085140057, 'lag_17': 0.6309196478511953, 'lag_18': 0.9153919128575432, 'lag_19': 0.8910291801433032, 'lag_20': 0.2809017269985845, 'lag_21': 0.3897725260817907, 'lag_22': 0.5374128602937748, 'lag_23': 0.8393134327604612, 'lag_24': 0.033848057527973596, 'lag_25': 0.3340595928620308, 'lag_26': 0.7769932382464739, 'lag_27': 0.865667058344495, 'lag_28': 0.25779283851882845}. Best is trial 32 with value: 0.004493081913821384.
[I 2025-09-29 13:20:23,552] Trial 54 finished with value: 0.004688037993646943 and parameters: {'lag_0': 0.07947180355479262, 'lag_1': 0.5724080895697122, 'lag_2': 0.5894666599034948, 'lag_3': 0.569844236838228, 'lag_4': 0.9944658329584114, 'lag_5': 0.8094025511506937, 'lag_6': 0.6179261485970556, 'lag_7': 0.6079213056501738, 'lag_8': 0.06753075571307705, 'lag_9': 0.6577414724670673, 'lag_10': 0.6154637068732304, 'lag_11': 0.2643376483627166, 'lag_12': 0.18636033333047555, 'lag_13': 0.10511300191833413, 'lag_14': 0.3973296060934459, 'lag_15': 0.41070042112198024, 'lag_16': 0.7028468341204052, 'lag_17': 0.33648200635436276, 'lag_18': 0.9969881621707962, 'lag_19': 0.7471641932966177, 'lag_20': 0.5773540566946369, 'lag_21': 0.47793960000835223, 'lag_22': 0.4627530786389902, 'lag_23': 0.8661130847707145, 'lag_24': 0.20346578118900915, 'lag_25': 0.14436319180504228, 'lag_26': 0.07900257738590712, 'lag_27': 0.2597904945032443, 'lag_28': 0.21852134363691697}. Best is trial 32 with value: 0.004493081913821384.
[I 2025-09-29 13:20:26,036] Trial 55 finished with value: 0.00493400329241022 and parameters: {'lag_0': 0.10111571921528195, 'lag_1': 0.6830782054339334, 'lag_2': 0.5658483569277535, 'lag_3': 0.991217842696854, 'lag_4': 0.4253541846844753, 'lag_5': 0.7735382011539058, 'lag_6': 0.6123183824663493, 'lag_7': 0.6502935170067968, 'lag_8': 0.06706838864837478, 'lag_9': 0.6537385551955733, 'lag_10': 0.6187670312789082, 'lag_11': 0.4522462252509442, 'lag_12': 0.19378076881409614, 'lag_13': 0.12439228493978807, 'lag_14': 0.46454581974492415, 'lag_15': 0.4141022179443253, 'lag_16': 0.7046964758343194, 'lag_17': 0.3411440996985784, 'lag_18': 0.9653354161017578, 'lag_19': 0.9617411714920667, 'lag_20': 0.5706456820030681, 'lag_21': 0.4846523487967468, 'lag_22': 0.28993334245732155, 'lag_23': 0.9102232254463322, 'lag_24': 0.19726583006902487, 'lag_25': 0.16296223335976529, 'lag_26': 0.060920166539718615, 'lag_27': 0.2638243594858809, 'lag_28': 0.0702059410328327}. Best is trial 32 with value: 0.004493081913821384.
[I 2025-09-29 13:20:28,516] Trial 56 finished with value: 0.005170736394455177 and parameters: {'lag_0': 0.2535917601932577, 'lag_1': 0.5830849219825334, 'lag_2': 0.5738526679529574, 'lag_3': 0.5688410844399359, 'lag_4': 0.9962559986387626, 'lag_5': 0.7983954457743937, 'lag_6': 0.5500198046239602, 'lag_7': 0.5793802265911564, 'lag_8': 0.19106180242950724, 'lag_9': 0.8260445937210485, 'lag_10': 0.7278989298088105, 'lag_11': 0.4117385135709154, 'lag_12': 0.24471953581908656, 'lag_13': 0.1745932166725953, 'lag_14': 0.3974139818591974, 'lag_15': 0.13938594347493308, 'lag_16': 0.5754947375888575, 'lag_17': 0.2519247153061136, 'lag_18': 0.5863218757665561, 'lag_19': 0.7631253517754081, 'lag_20': 0.6789198394640608, 'lag_21': 0.4216691087766308, 'lag_22': 0.10069353261440381, 'lag_23': 0.8809467222532594, 'lag_24': 0.3585507661559947, 'lag_25': 0.0649111355523943, 'lag_26': 0.13240053455309225, 'lag_27': 0.1096198191499424, 'lag_28': 0.17940154721244989}. Best is trial 32 with value: 0.004493081913821384.
[I 2025-09-29 13:20:30,998] Trial 57 finished with value: 0.0055432753804970465 and parameters: {'lag_0': 0.07520175013229374, 'lag_1': 0.5428697914058506, 'lag_2': 0.42678790371410735, 'lag_3': 0.8040169420785039, 'lag_4': 0.7849082809789276, 'lag_5': 0.7365797701316018, 'lag_6': 0.8098771583720141, 'lag_7': 0.1957307952738062, 'lag_8': 0.006273857913153838, 'lag_9': 0.7287572714225331, 'lag_10': 0.6181947626590791, 'lag_11': 0.2729890977850645, 'lag_12': 0.4227145639408156, 'lag_13': 0.08978607655690765, 'lag_14': 0.44451591707173227, 'lag_15': 0.31888833526420957, 'lag_16': 0.09511575334934269, 'lag_17': 0.16060075939535298, 'lag_18': 0.007284870990410586, 'lag_19': 0.8305329474423302, 'lag_20': 0.4554094106259653, 'lag_21': 0.30952722610824474, 'lag_22': 0.45106789290936516, 'lag_23': 0.9628115537878363, 'lag_24': 0.42300009539651107, 'lag_25': 0.2685333076513043, 'lag_26': 0.23956876799040525, 'lag_27': 0.20992511218769958, 'lag_28': 0.14258508781460505}. Best is trial 32 with value: 0.004493081913821384.
[I 2025-09-29 13:20:33,487] Trial 58 finished with value: 0.004939336775481089 and parameters: {'lag_0': 0.032055144732605664, 'lag_1': 0.4778477988198835, 'lag_2': 0.519802546490784, 'lag_3': 0.6540919923115385, 'lag_4': 0.8382913536669948, 'lag_5': 0.9585752333118261, 'lag_6': 0.5460547130159369, 'lag_7': 0.5381814041389021, 'lag_8': 0.3150006850053259, 'lag_9': 0.5837486648640016, 'lag_10': 0.7372079628472273, 'lag_11': 0.5241014283169136, 'lag_12': 0.1426765969425099, 'lag_13': 0.2820062431527832, 'lag_14': 0.6317310406279957, 'lag_15': 0.046875588978431026, 'lag_16': 0.3903785044697372, 'lag_17': 0.40839778773244095, 'lag_18': 0.8943181269184252, 'lag_19': 0.6110051418907065, 'lag_20': 0.5832492721135308, 'lag_21': 0.35391091061375246, 'lag_22': 0.4821710494230066, 'lag_23': 0.7798053724025352, 'lag_24': 0.48619562358652496, 'lag_25': 0.14450450892240713, 'lag_26': 0.006915136921645498, 'lag_27': 0.43533966466352286, 'lag_28': 0.3249459699739207}. Best is trial 32 with value: 0.004493081913821384.
[I 2025-09-29 13:20:35,984] Trial 59 finished with value: 0.005055663495294921 and parameters: {'lag_0': 0.16118005235449068, 'lag_1': 0.6812832903442261, 'lag_2': 0.6594830724760269, 'lag_3': 0.9063308953509739, 'lag_4': 0.9373840920848233, 'lag_5': 0.8526652176017263, 'lag_6': 0.6566581693536121, 'lag_7': 0.4603491214328764, 'lag_8': 0.091180560978264, 'lag_9': 0.47676329839213105, 'lag_10': 0.7823088394563651, 'lag_11': 0.10788263663064562, 'lag_12': 0.5832747027686084, 'lag_13': 0.0006708239441635277, 'lag_14': 0.5476835733276741, 'lag_15': 0.527197105845839, 'lag_16': 0.6059433928951791, 'lag_17': 0.2920459560416357, 'lag_18': 0.49651160642600267, 'lag_19': 0.883107481919157, 'lag_20': 0.8192885653516708, 'lag_21': 0.55981480886567, 'lag_22': 0.9886324956604088, 'lag_23': 0.09442170296243962, 'lag_24': 0.29501233190907983, 'lag_25': 0.0898188477262041, 'lag_26': 0.18797884699255157, 'lag_27': 0.04322853488216063, 'lag_28': 0.24986419128283502}. Best is trial 32 with value: 0.004493081913821384.
[I 2025-09-29 13:20:38,475] Trial 60 finished with value: 0.004934431660942229 and parameters: {'lag_0': 0.5741555732604567, 'lag_1': 0.045793629996751406, 'lag_2': 0.6032610669838119, 'lag_3': 0.724829297846701, 'lag_4': 0.3284563195696322, 'lag_5': 0.907137821571765, 'lag_6': 0.6246406303500586, 'lag_7': 0.3933894868318544, 'lag_8': 0.11908122714875027, 'lag_9': 0.9315954070599863, 'lag_10': 0.061739202833365946, 'lag_11': 0.20419465502454165, 'lag_12': 0.8642798167165313, 'lag_13': 0.37848604014474585, 'lag_14': 0.4981474282751135, 'lag_15': 0.45943801378899274, 'lag_16': 0.7215533786969376, 'lag_17': 0.4549141646551763, 'lag_18': 0.9974857118306719, 'lag_19': 0.9547740140709704, 'lag_20': 0.7138722277933632, 'lag_21': 0.12611925384255546, 'lag_22': 0.3084059120516753, 'lag_23': 0.8631603789441911, 'lag_24': 0.3443839454259714, 'lag_25': 0.21220361713764457, 'lag_26': 0.09918024567981423, 'lag_27': 0.3101702190060198, 'lag_28': 0.20782771182511947}. Best is trial 32 with value: 0.004493081913821384.
[I 2025-09-29 13:20:40,966] Trial 61 finished with value: 0.004521921217721555 and parameters: {'lag_0': 0.19343074360836365, 'lag_1': 0.7989306826091777, 'lag_2': 0.9674824600230313, 'lag_3': 0.48756405538179115, 'lag_4': 0.9683971178022958, 'lag_5': 0.9970594917507927, 'lag_6': 0.7385937258904915, 'lag_7': 0.8081528263477997, 'lag_8': 0.06543079017095339, 'lag_9': 0.6554631632503921, 'lag_10': 0.46854906660553397, 'lag_11': 0.2288519092603826, 'lag_12': 0.03448867936717403, 'lag_13': 0.7581391471364116, 'lag_14': 0.3294235432731553, 'lag_15': 0.36605339800289294, 'lag_16': 0.8076914655887801, 'lag_17': 0.6842442664011116, 'lag_18': 0.8336360069142514, 'lag_19': 0.7246175064725888, 'lag_20': 0.4914108324968026, 'lag_21': 0.4140010348964714, 'lag_22': 0.6177720666750259, 'lag_23': 0.732443716029595, 'lag_24': 0.22614084700004705, 'lag_25': 0.4567060085700681, 'lag_26': 0.6549920829632868, 'lag_27': 0.3596197064024869, 'lag_28': 0.39987324799835866}. Best is trial 32 with value: 0.004493081913821384.
