[I 2025-10-03 11:39:08,101] Trial 81 finished with values: [0.003597608024691358, 0.00032, 0.0018212179527131154, 0.004538797615512345, 0.0012651500656776006, 0.008991398554987342, 0.0019841566029103995, 0.0013256569081461183, 0.0006499178840676864, 0.0001496538543436061, 0.0005583292569524792, 0.00020056378362198987, 0.005786594480976147, 0.005768865107057122, 0.0, 0.008608361981536496, 0.007767550637023997, 0.001993045358070918, 0.0006827463768642125, 0.0016682520729762896, 8.720896492223063e-05, 0.0005301290304855377, 0.0007668162749902729, 0.000913948339581918, 0.0026063785733722537, 0.00021724246633722015, 0.007237720310644337, 0.0025713929015812056, 0.001573212782472273] and parameters: {'lag_0': 0.1523269362406026, 'lag_1': 0.8858277293260932, 'lag_2': 0.7414098398262796, 'lag_3': 0.0406465817563405, 'lag_4': 0.9852895137887114, 'lag_5': 0.47667773053590734, 'lag_6': 0.6508692911013532, 'lag_7': 0.9807163959260924, 'lag_8': 0.5921904557404879, 'lag_9': 0.4407285279700268, 'lag_10': 0.43347971897496834, 'lag_11': 0.77141567011658, 'lag_12': 0.8741015928217124, 'lag_13': 0.3356927019093782, 'lag_14': 0.3646997223891031, 'lag_15': 0.8495277201860469, 'lag_16': 0.09800139684710847, 'lag_17': 0.9156463099868535, 'lag_18': 0.12298330726607982, 'lag_19': 0.7935839943509186, 'lag_20': 0.4711325839534227, 'lag_21': 0.2764034305537801, 'lag_22': 0.6870369866509657, 'lag_23': 0.47043267449296844, 'lag_24': 0.45663513162850183, 'lag_25': 0.3351118062410624, 'lag_26': 0.6193899043288915, 'lag_27': 0.39798482532665747, 'lag_28': 0.999618078343511}.
[I 2025-10-03 11:39:10,746] Trial 82 finished with values: [0.0029777733139475563, 0.0009512485136741973, 0.0015483865731257583, 0.003486604944114727, 0.0006724752481595459, 0.007458425494204149, 0.0014067703400698554, 0.001969984493166305, 0.0009456678747996288, 0.0002342184198655838, 0.000816331604034232, 0.00013536769181976609, 0.0026878106008783502, 0.0069670332593450655, 0.0, 0.007472727063703483, 0.0069090062883092355, 0.0027430549342585832, 0.0018877810626540315, 0.0016248739198120722, 0.00012592934663563566, 0.0006014706239793978, 0.0012525377100157345, 0.0018900355719539696, 0.0022015632815060035, 0.00013046636590594772, 0.005826573843968102, 0.002060617787784206, 0.0004277237441791067] and parameters: {'lag_0': 0.03899624117769254, 'lag_1': 0.5573751939602583, 'lag_2': 0.550782748725168, 'lag_3': 0.6637640324265023, 'lag_4': 0.7549323943667949, 'lag_5': 0.8788635441754328, 'lag_6': 0.7313796611095174, 'lag_7': 0.16870569113945985, 'lag_8': 0.5664937056227767, 'lag_9': 0.6464506539582466, 'lag_10': 0.5211608016975328, 'lag_11': 0.8714189250667613, 'lag_12': 0.32665762575014723, 'lag_13': 0.1407360865166871, 'lag_14': 0.5168266207236973, 'lag_15': 0.016738713777774573, 'lag_16': 0.09832642760165021, 'lag_17': 0.251252345161838, 'lag_18': 0.1903007937901343, 'lag_19': 0.45240142690685287, 'lag_20': 0.9502372457819209, 'lag_21': 0.9589473838240049, 'lag_22': 0.8271308009934077, 'lag_23': 0.1171021073631976, 'lag_24': 0.1496988430543017, 'lag_25': 0.18560250708196888, 'lag_26': 0.5921572076388306, 'lag_27': 0.41095305944403077, 'lag_28': 0.6564260570483854}.
[I 2025-10-03 11:39:13,389] Trial 83 finished with values: [0.00390625, 0.0034415566511409325, 0.005074792569750078, 0.0021485037102524805, 5.099917437162519e-05, 0.006046304470230477, 0.0011932719608423016, 0.0020531544427451684, 0.0010340035083739236, 0.0002903997700225972, 0.0005956757112132629, 0.00030638005948763604, 0.004821998969330652, 0.005368565925131391, 0.0, 0.010572699846868785, 0.005922823306456484, 0.001329568890269605, 0.0009127968334674353, 0.001240470896554836, 6.975859559932467e-05, 0.00069569980714056, 0.0014969955726113373, 0.0015266678400231025, 0.0015256509932331072, 0.00028563336076608365, 0.005881893542534099, 0.0027647886617301644, 0.0008168820861678005] and parameters: {'lag_0': 0.10919840697149791, 'lag_1': 0.9110004535082498, 'lag_2': 0.8582551831565347, 'lag_3': 0.3135927204790627, 'lag_4': 0.3184225511326751, 'lag_5': 0.2274796701801816, 'lag_6': 0.6339487459019943, 'lag_7': 0.8960822100459754, 'lag_8': 0.499396585076838, 'lag_9': 0.5047714239842888, 'lag_10': 0.7327938480532361, 'lag_11': 0.5601230627835392, 'lag_12': 0.6058906831039402, 'lag_13': 0.4314573109305131, 'lag_14': 0.8578534180056371, 'lag_15': 0.3281056705008501, 'lag_16': 0.09867796534384557, 'lag_17': 0.3778282004256346, 'lag_18': 0.0036231073483272156, 'lag_19': 0.09235807193518779, 'lag_20': 0.4667878390966655, 'lag_21': 0.3239065397706529, 'lag_22': 0.815494161915929, 'lag_23': 0.3181167275186649, 'lag_24': 0.29793786021774743, 'lag_25': 0.8098095825604489, 'lag_26': 0.6603445751263123, 'lag_27': 0.7403632025462505, 'lag_28': 0.19054230256285676}.
[I 2025-10-03 11:39:16,035] Trial 84 finished with values: [0.00390625, 0.0015429644900055582, 0.004255384589745799, 0.0037694131214257936, 0.0007906116196508834, 0.005661836790179284, 0.001637298971367176, 0.0019819521625596553, 0.0006471852194344333, 0.00019560389632214476, 0.0005342479150757219, 0.0003029473710201804, 0.004411516253190355, 0.005691560089425694, 0.0, 0.01103669653539671, 0.006923710330346953, 0.0006066539331807591, 0.0006468114400842185, 0.0013251203500193542, 7.071486622981375e-05, 0.0004559614234947506, 0.0011108632079321334, 0.0014326836244876514, 0.00143167918899408, 0.0001729999638482649, 0.006420153974711148, 0.002899389553465716, 0.0011123222159751338] and parameters: {'lag_0': 0.8998898870213262, 'lag_1': 0.8343375666835773, 'lag_2': 0.44046457107249004, 'lag_3': 0.8333170580623992, 'lag_4': 0.1363560180118154, 'lag_5': 0.8205827918650873, 'lag_6': 0.48468496005154393, 'lag_7': 0.8960822100459754, 'lag_8': 0.85083108842668, 'lag_9': 0.37591156435826384, 'lag_10': 0.08772657812985936, 'lag_11': 0.5601230627835392, 'lag_12': 0.4028076473522712, 'lag_13': 0.8138474402212282, 'lag_14': 0.283919985909437, 'lag_15': 0.744826734832316, 'lag_16': 0.2612021216388987, 'lag_17': 0.3778282004256346, 'lag_18': 0.1338358561288084, 'lag_19': 0.8941259311345625, 'lag_20': 0.9979914688175925, 'lag_21': 0.3239065397706529, 'lag_22': 0.815494161915929, 'lag_23': 0.9079212163218104, 'lag_24': 0.15854558092947008, 'lag_25': 0.2717376429915847, 'lag_26': 0.6603445751263123, 'lag_27': 0.5884159625825276, 'lag_28': 0.19054230256285676}.
[I 2025-10-03 11:39:18,678] Trial 85 finished with values: [0.003597608024691358, 0.002734146692382362, 0.00372597886256726, 0.003202468391842785, 0.00015141219048695636, 0.007675686580306655, 0.0012029035685651398, 0.0022858840627573065, 0.0009687087220400416, 0.0005543717585809909, 0.0007828396392464555, 0.0002944500539039234, 0.00335302578539401, 0.005114713387053352, 0.0, 0.008951022859837787, 0.00740771786572791, 0.0027095533414046792, 0.0006127149106808326, 0.001787430166475713, 0.00015511990299222855, 0.0005608530345532057, 0.0007643837744345172, 0.0012132394299972195, 0.0013385050844316785, 0.00021334464481849777, 0.007237806805580118, 0.0019657039966672757, 0.0007823412485300416] and parameters: {'lag_0': 0.8856245807194204, 'lag_1': 0.851732294075451, 'lag_2': 0.8582551831565347, 'lag_3': 0.3135927204790627, 'lag_4': 0.968706762444277, 'lag_5': 0.3935388489695306, 'lag_6': 0.8006317650577746, 'lag_7': 0.08409301656615835, 'lag_8': 0.03504449387239741, 'lag_9': 0.7717666127495728, 'lag_10': 0.34300947522034303, 'lag_11': 0.1073773653383586, 'lag_12': 0.3099856893554152, 'lag_13': 0.444387361248611, 'lag_14': 0.8578534180056371, 'lag_15': 0.3281056705008501, 'lag_16': 0.09867796534384557, 'lag_17': 0.14858697940535576, 'lag_18': 0.5156788058854418, 'lag_19': 0.5429766027726367, 'lag_20': 0.4667878390966655, 'lag_21': 0.05647800804345385, 'lag_22': 0.4891124499803896, 'lag_23': 0.7015735063231929, 'lag_24': 0.8476914396071605, 'lag_25': 0.8990288028602978, 'lag_26': 0.51923303532139, 'lag_27': 0.7403632025462505, 'lag_28': 0.8903216954889479}.
[I 2025-10-03 11:39:21,325] Trial 86 finished with values: [0.00390625, 0.0008007369614512471, 0.005220925255049983, 0.005156148947440814, 0.0005718486435074407, 0.005268071051069905, 0.001139055584082139, 0.0020812184449483092, 0.0007970143226553115, 0.00035621198935029206, 0.00046734515937551477, 0.0005819696343503034, 0.0042521688295157995, 0.0059394404598223614, 0.0, 0.008272020241134081, 0.008071551283300438, 0.001787960404430148, 0.0007386735936221906, 0.0015834280292966955, 4.412892073735808e-05, 0.00043452719556425005, 0.0014678629417094835, 0.0015975318904899306, 0.0012968015522108996, 0.0003492241865883962, 0.006333182224373642, 0.0024815512637410336, 0.0005101409476716592] and parameters: {'lag_0': 0.9891334832512547, 'lag_1': 0.0533980766844852, 'lag_2': 0.41681829014072724, 'lag_3': 0.2878819573948526, 'lag_4': 0.4055421672800994, 'lag_5': 0.5814823362103605, 'lag_6': 0.7842544302672233, 'lag_7': 0.7296853095903627, 'lag_8': 0.9204046193755588, 'lag_9': 0.602259687489203, 'lag_10': 0.0779173763371066, 'lag_11': 0.8618308008687606, 'lag_12': 0.8196790363486032, 'lag_13': 0.3714895687130343, 'lag_14': 0.7240741407769344, 'lag_15': 0.49540035887654943, 'lag_16': 0.547473308986119, 'lag_17': 0.6604624478951411, 'lag_18': 0.7391703889734188, 'lag_19': 0.46241613751689076, 'lag_20': 0.09368631186428918, 'lag_21': 0.5285030577850371, 'lag_22': 0.21470356133114704, 'lag_23': 0.6644947886037722, 'lag_24': 0.5923481148283813, 'lag_25': 0.3461680799086657, 'lag_26': 0.8910901668731542, 'lag_27': 0.004610027146218537, 'lag_28': 0.9611578509338431}.
[I 2025-10-03 11:39:23,972] Trial 87 finished with values: [0.00390625, 0.0006730103806228375, 0.0024921087567087445, 0.0030331712007912646, 0.0007091996281034988, 0.006142077303902403, 0.0010965778576671815, 0.0023527928729313342, 0.0007880677700180574, 0.0003255648908200983, 0.0009185900199543469, 0.000425393753428788, 0.0029332406908210403, 0.006547536808658676, 0.0, 0.006304235823995831, 0.009022298732835318, 0.0006338180448998493, 0.00042641996198698176, 0.0008369702590509192, 8.522607594887539e-05, 0.00041821018249482223, 0.0017904865506088133, 0.0020761166567755352, 0.0019195087215699894, 0.00019185155286647503, 0.00553437471664794, 0.002234069079624748, 0.0006514205882772342] and parameters: {'lag_0': 0.041643494708772974, 'lag_1': 0.28443369133748553, 'lag_2': 0.5088164068654563, 'lag_3': 0.595813135782963, 'lag_4': 0.615627792054557, 'lag_5': 0.7654752055416206, 'lag_6': 0.9824922567755451, 'lag_7': 0.4487927154149944, 'lag_8': 0.1016309777840292, 'lag_9': 0.8656426189964539, 'lag_10': 0.11990797601440648, 'lag_11': 0.7379932297537747, 'lag_12': 0.7073118776556622, 'lag_13': 0.6325439589343798, 'lag_14': 0.43597256791315553, 'lag_15': 0.5278115499922644, 'lag_16': 0.6003265402389233, 'lag_17': 0.45915967488428294, 'lag_18': 0.8486402456029122, 'lag_19': 0.8935764032683391, 'lag_20': 0.6443742946490281, 'lag_21': 0.24987210817812497, 'lag_22': 0.5089830224203378, 'lag_23': 0.2723348045998926, 'lag_24': 0.7394398994659074, 'lag_25': 0.5175383135696815, 'lag_26': 0.8996443327227296, 'lag_27': 0.9609766536972516, 'lag_28': 0.6064931607273375}.
[I 2025-10-03 11:39:26,607] Trial 88 finished with values: [0.0034062500000000004, 0.007487219341619379, 0.007180953032091481, 0.0032857878250411032, 0.00038644222926590983, 0.008736315446410167, 0.0012649783851726114, 0.0013456377634335714, 0.0007074751186341653, 0.00024129301402571582, 0.0006265510086637144, 0.0001594704514301164, 0.0026744042347812843, 0.0061995856558764665, 0.0, 0.008091003278324184, 0.007573670503050125, 0.0007486254891749287, 0.0009647828459094657, 0.00096205206538827, 9.286119258934125e-05, 0.0003166754986183124, 0.0011477650851360812, 0.0011469038118820433, 0.0021798872694430787, 0.00015455979534492102, 0.007131584228401673, 0.0031871613692971076, 0.00040576170382268837] and parameters: {'lag_0': 0.5335041824963047, 'lag_1': 0.37437858707990745, 'lag_2': 0.2860415012074711, 'lag_3': 0.44563768365597195, 'lag_4': 0.3693179005190219, 'lag_5': 0.3943465204679902, 'lag_6': 0.6812095850834914, 'lag_7': 0.6282110743418221, 'lag_8': 0.619088135995216, 'lag_9': 0.8591514570479148, 'lag_10': 0.22598429623510516, 'lag_11': 0.3735898334796399, 'lag_12': 0.646075530972278, 'lag_13': 0.5538288696535179, 'lag_14': 0.5974290222219467, 'lag_15': 0.5898008716108811, 'lag_16': 0.3042376772258794, 'lag_17': 0.5722685435392477, 'lag_18': 0.12932120301517921, 'lag_19': 0.7008009254749212, 'lag_20': 0.17737339770978172, 'lag_21': 0.5268817206640845, 'lag_22': 0.7599657312634557, 'lag_23': 0.06065175823384284, 'lag_24': 0.6722737131146643, 'lag_25': 0.024634625213960003, 'lag_26': 0.22579094490962054, 'lag_27': 0.8865944355182264, 'lag_28': 0.14857502344798182}.
[I 2025-10-03 11:39:29,248] Trial 89 finished with values: [0.00390625, 0.0011144848139536686, 0.0030783258619955624, 0.003420347936647848, 0.0004517468754673858, 0.006174683016216704, 0.001364250175314652, 0.0018058612311772488, 0.0018558096594806204, 0.00025841529318853206, 0.0007290089299658773, 0.0009561919970770957, 0.003846365332357029, 0.0062084999256806035, 0.0, 0.008382235491407788, 0.007168304410961319, 0.0020049391935223586, 0.0005642060514153872, 0.0014966038630747835, 8.404729713724626e-05, 0.0005194175987981216, 0.0012454278794263782, 0.0011691007917782356, 0.0020802483348506336, 0.00013573390165926092, 0.008135863264688448, 0.0018467459063116396, 0.00037958898555528694] and parameters: {'lag_0': 0.9454545476839539, 'lag_1': 0.6719981218141754, 'lag_2': 0.25456998265699465, 'lag_3': 0.39880318322114217, 'lag_4': 0.004654580404420336, 'lag_5': 0.5732375151623099, 'lag_6': 0.06323097438865233, 'lag_7': 0.3552251650345722, 'lag_8': 0.5937017261955486, 'lag_9': 0.1720391718260803, 'lag_10': 0.3729076722263321, 'lag_11': 0.3462434252410629, 'lag_12': 0.16352055821360068, 'lag_13': 0.9790201810660458, 'lag_14': 0.26378891447399766, 'lag_15': 0.7311102685337656, 'lag_16': 0.10842117012996218, 'lag_17': 0.6758625697104904, 'lag_18': 0.5002631760510223, 'lag_19': 0.31351836069629313, 'lag_20': 0.32216283023526865, 'lag_21': 0.7777179579062238, 'lag_22': 0.10196510384574266, 'lag_23': 0.45418379028629025, 'lag_24': 0.0725652932952829, 'lag_25': 0.9697425463419286, 'lag_26': 0.3969993351788451, 'lag_27': 0.18428756010544478, 'lag_28': 0.8736479234737984}.
[I 2025-10-03 11:39:31,893] Trial 90 finished with values: [0.014406249999999999, 0.0021724790739341003, 0.004081825429903669, 0.005767021761933177, 0.0006491171880863859, 0.0056395991198440664, 0.0014527927171028134, 0.0011338516858467452, 0.0009036824880872994, 0.00019897642822227688, 0.0007092679307654357, 0.00045518363170107866, 0.003285965716916803, 0.006074728719087967, 0.0, 0.00990989308773778, 0.0046604198397510906, 0.0009641199410869159, 0.0008812311400930226, 0.0013235157422930653, 0.00011343485965007856, 0.000343065134969661, 0.001085682517199481, 0.001093271058851907, 0.0023224436057289926, 0.0002732884371170511, 0.006594342514097731, 0.0028212824096947773, 0.0018786720355280582] and parameters: {'lag_0': 0.1523269362406026, 'lag_1': 0.2905594558270436, 'lag_2': 0.7529126574947274, 'lag_3': 0.2418480920164722, 'lag_4': 0.825488322521996, 'lag_5': 0.47667773053590734, 'lag_6': 0.27696651125097516, 'lag_7': 0.7698242007530216, 'lag_8': 0.6181260593055765, 'lag_9': 0.572088272835399, 'lag_10': 0.43347971897496834, 'lag_11': 0.20742910049576083, 'lag_12': 0.8741015928217124, 'lag_13': 0.21403605401010126, 'lag_14': 0.7311444683681655, 'lag_15': 0.273695696092151, 'lag_16': 0.07832033320720362, 'lag_17': 0.8509828272244646, 'lag_18': 0.8783186930188779, 'lag_19': 0.638684505647057, 'lag_20': 0.4711325839534227, 'lag_21': 0.3763676396869312, 'lag_22': 0.5428618437659881, 'lag_23': 0.11255162216795299, 'lag_24': 0.6693998871614292, 'lag_25': 0.013735971435290434, 'lag_26': 0.7554845302221868, 'lag_27': 0.39798482532665747, 'lag_28': 0.7717571981464665}.
[I 2025-10-03 11:39:34,537] Trial 91 finished with values: [0.005295138888888888, 0.005199528460434825, 0.0034661480078322, 0.002423298988168797, 0.0005789521568530682, 0.007676164494540574, 0.001438627348633559, 0.0013896249196441034, 0.00046707033162310147, 0.00010833093679232714, 0.0007791512358883932, 0.00029199967388293744, 0.0055135157545632245, 0.005533265329153093, 0.0, 0.009988771588595763, 0.007404737518490618, 0.0009503663099715643, 0.0005282401726455542, 0.0018262662567858385, 7.784545584929356e-05, 0.0008053186099543791, 0.0007966528179063233, 0.0017837538518259677, 0.001867202778556027, 0.0002629867346972003, 0.004700967952799325, 0.002627536909362982, 0.0007647572171065634] and parameters: {'lag_0': 0.49134396136118513, 'lag_1': 0.3723449844213133, 'lag_2': 0.44811829745286597, 'lag_3': 0.9266278647759152, 'lag_4': 0.49828689914987573, 'lag_5': 0.8051479989469756, 'lag_6': 0.5704424970949434, 'lag_7': 0.36760847202139185, 'lag_8': 0.6366991040279603, 'lag_9': 0.21811846687788994, 'lag_10': 0.8344161686740972, 'lag_11': 0.6481488367897359, 'lag_12': 0.6527972840858653, 'lag_13': 0.9617719292563154, 'lag_14': 0.1714888426263894, 'lag_15': 0.16246860538417543, 'lag_16': 0.5313085403974908, 'lag_17': 0.16853721310886277, 'lag_18': 0.11743270991474752, 'lag_19': 0.7248761519221929, 'lag_20': 0.9072347653808109, 'lag_21': 0.5082146162130151, 'lag_22': 0.8294016143670995, 'lag_23': 0.07636655829439344, 'lag_24': 0.7098658894853602, 'lag_25': 0.32749309913866503, 'lag_26': 0.8914302606597414, 'lag_27': 0.39976133871698044, 'lag_28': 0.05559157090234492}.
[I 2025-10-03 11:39:37,178] Trial 92 finished with values: [0.00390625, 0.009140620161279502, 0.0021309590484088936, 0.0029052183907976393, 0.0006137735115300154, 0.004772184687038094, 0.001505585524415059, 0.002038528191159362, 0.0008108612779578618, 0.00013960303585683237, 0.0007122271953154686, 0.0002816370366583294, 0.004586545781057031, 0.007306458203013162, 0.0, 0.007977832124597661, 0.007555458124470271, 0.001708711169761826, 0.0003230440678803974, 0.0010734926604644864, 0.00013373371980729504, 0.0006174474694869401, 0.0021100642838227665, 0.0012736091023791839, 0.0014879602851425571, 0.00020920114882103848, 0.004657931036373757, 0.0013987510033554391, 0.0001820114756142108] and parameters: {'lag_0': 0.6569043822464705, 'lag_1': 0.5731119358277785, 'lag_2': 0.7901988346396533, 'lag_3': 0.07798293337195185, 'lag_4': 0.8500492705153089, 'lag_5': 0.32193616004928205, 'lag_6': 0.9433797985307701, 'lag_7': 0.5925164389499704, 'lag_8': 0.6880223982439455, 'lag_9': 0.8186860212655019, 'lag_10': 0.9228720844371724, 'lag_11': 0.7770610463597311, 'lag_12': 0.22311953431080622, 'lag_13': 0.47899745843578173, 'lag_14': 0.8900636264334972, 'lag_15': 0.590479439859545, 'lag_16': 0.5658214268613777, 'lag_17': 0.5250065412383841, 'lag_18': 0.6152964213944839, 'lag_19': 0.8107731067191896, 'lag_20': 0.3400777894516952, 'lag_21': 0.5756659008628234, 'lag_22': 0.25873314626394694, 'lag_23': 0.33458298642539697, 'lag_24': 0.8835686826491668, 'lag_25': 0.28596168270957095, 'lag_26': 0.3873987250519169, 'lag_27': 0.8707314510083528, 'lag_28': 0.21255414370110823}.
[I 2025-10-03 11:39:39,824] Trial 93 finished with values: [0.010111747885428683, 0.0023781212841854937, 0.0025114482764302584, 0.0012443660278911254, 0.0014024638237936315, 0.005110121439162198, 0.0018570716473197634, 0.0015398438379948143, 0.0011200181084717853, 0.00013355751283402424, 0.000934963836834871, 0.000503517174161548, 0.004537531026890482, 0.0064033828148410896, 0.0, 0.009237172958435121, 0.006527636752695844, 0.0013281265882302067, 0.0009295576973233364, 0.0011639587689684125, 7.088038569341183e-05, 0.0003318529510563793, 0.001519921426418178, 0.0008920162649433662, 0.0019482677323514543, 6.514413682896717e-05, 0.005637677173726196, 0.0023142541781194024, 0.00035222989648194073] and parameters: {'lag_0': 0.10919840697149791, 'lag_1': 0.29906302554696895, 'lag_2': 0.40019285241206226, 'lag_3': 0.3135927204790627, 'lag_4': 0.8664807663215723, 'lag_5': 0.8758591635119161, 'lag_6': 0.6339487459019943, 'lag_7': 0.2479499087470606, 'lag_8': 0.499396585076838, 'lag_9': 0.11875221559001331, 'lag_10': 0.4466971626561987, 'lag_11': 0.1073773653383586, 'lag_12': 0.4170369509459933, 'lag_13': 0.5584421178158349, 'lag_14': 0.8578534180056371, 'lag_15': 0.3281056705008501, 'lag_16': 0.09867796534384557, 'lag_17': 0.14858697940535576, 'lag_18': 0.3575160759481902, 'lag_19': 0.09235807193518779, 'lag_20': 0.4667878390966655, 'lag_21': 0.7633429128104093, 'lag_22': 0.2099945431370045, 'lag_23': 0.7015735063231929, 'lag_24': 0.49433990391814653, 'lag_25': 0.8990288028602978, 'lag_26': 0.7889962579086078, 'lag_27': 0.7244728114860078, 'lag_28': 0.8903216954889479}.
