[I 2025-09-29 11:57:53,856] Trial 45 finished with value: 0.007526004258590531 and parameters: {'lag_0': 0.2831615837441052, 'lag_1': 0.3420946995882815, 'lag_2': 0.7158610647886157, 'lag_3': 0.9107304407562541, 'lag_4': 0.37677618212304725, 'lag_5': 0.2819190612968697, 'lag_6': 0.5090230016518186, 'lag_7': 0.48863309375234565, 'lag_8': 0.5975189632609175, 'lag_9': 0.509152557572016, 'lag_10': 0.2030640391007115, 'lag_11': 0.9961638940121927, 'lag_12': 0.9310900557487454, 'lag_13': 0.00958618554357639, 'lag_14': 0.030909346575205766, 'lag_15': 0.9990863387391111, 'lag_16': 0.5388757271676881, 'lag_17': 0.24386176884348343, 'lag_18': 0.2790287955011119, 'lag_19': 0.5310473724992102, 'lag_20': 0.5055078360023004, 'lag_21': 0.600163089666377, 'lag_22': 0.5334086182787198, 'lag_23': 0.23683518372808116, 'lag_24': 0.7340317875403937, 'lag_25': 0.880468396923166, 'lag_26': 0.05617987478998189, 'lag_27': 0.7868693645197302, 'lag_28': 0.42757728699850184}. Best is trial 17 with value: 0.0074903198892933755.
[I 2025-09-29 11:57:56,269] Trial 46 finished with value: 0.007523705022563043 and parameters: {'lag_0': 0.062009012405555196, 'lag_1': 0.8394961452719939, 'lag_2': 0.8144937870639221, 'lag_3': 0.991081173601956, 'lag_4': 0.9996482837651405, 'lag_5': 0.16969385356989733, 'lag_6': 0.16640992002805335, 'lag_7': 0.08663442782323005, 'lag_8': 0.31459299414312575, 'lag_9': 0.8647990898182828, 'lag_10': 0.4197690845284754, 'lag_11': 0.7503745120839717, 'lag_12': 0.31292976598502714, 'lag_13': 0.9225262533229834, 'lag_14': 0.7705527309530036, 'lag_15': 0.049610951632908296, 'lag_16': 0.28695743738394736, 'lag_17': 0.46246595537249857, 'lag_18': 0.3271181133253806, 'lag_19': 0.4561702746144455, 'lag_20': 0.6319012785715776, 'lag_21': 0.9441229518223508, 'lag_22': 0.2701701107652152, 'lag_23': 0.9911010772697211, 'lag_24': 0.8421365473944995, 'lag_25': 0.10545229071449688, 'lag_26': 0.11833201978262331, 'lag_27': 0.34184780338018417, 'lag_28': 0.0715866597062665}. Best is trial 17 with value: 0.0074903198892933755.
[I 2025-09-29 11:57:58,684] Trial 47 finished with value: 0.007524020498439664 and parameters: {'lag_0': 0.3941718884494188, 'lag_1': 0.6817279495965143, 'lag_2': 0.8851917641287218, 'lag_3': 0.5342569133293696, 'lag_4': 0.7444316280124906, 'lag_5': 0.3125923605988691, 'lag_6': 0.2553871119443191, 'lag_7': 0.9996956332284415, 'lag_8': 0.022141398314482696, 'lag_9': 0.16650631211971706, 'lag_10': 0.16028613003533593, 'lag_11': 0.8016854423827302, 'lag_12': 0.8618972817906615, 'lag_13': 0.3011190026126107, 'lag_14': 0.06493796442845301, 'lag_15': 0.5310232363642982, 'lag_16': 0.09704309428666794, 'lag_17': 0.5580259399613636, 'lag_18': 0.6041077522089806, 'lag_19': 0.29202240224818093, 'lag_20': 0.8024066415915332, 'lag_21': 0.355315640966439, 'lag_22': 0.6850579993409369, 'lag_23': 0.06355621601134642, 'lag_24': 0.056963973730534134, 'lag_25': 0.8187802862366402, 'lag_26': 0.7447939029348756, 'lag_27': 0.9930365899802969, 'lag_28': 0.9939362408600241}. Best is trial 17 with value: 0.0074903198892933755.
[I 2025-09-29 11:58:01,100] Trial 48 finished with value: 0.0075855737522704135 and parameters: {'lag_0': 0.9969873343815716, 'lag_1': 0.9906789490732963, 'lag_2': 0.9455429425532731, 'lag_3': 0.665413535643278, 'lag_4': 0.4448445475778474, 'lag_5': 0.24184043614022627, 'lag_6': 0.4447800582483954, 'lag_7': 0.1858314709420415, 'lag_8': 0.5677458519646584, 'lag_9': 0.09420743458154501, 'lag_10': 0.00762191849008953, 'lag_11': 0.929489513630964, 'lag_12': 0.19548246541100706, 'lag_13': 0.2574359258625407, 'lag_14': 0.7264266806039505, 'lag_15': 0.39005744187524233, 'lag_16': 0.9461766721899041, 'lag_17': 0.5072549059723026, 'lag_18': 0.17308080732064737, 'lag_19': 0.1514973667631352, 'lag_20': 0.7449767859781719, 'lag_21': 0.8150303562363705, 'lag_22': 0.4218076540069528, 'lag_23': 0.9169028791324181, 'lag_24': 0.6524651063070042, 'lag_25': 0.2446004483488117, 'lag_26': 0.5262032836330004, 'lag_27': 0.45195373412776924, 'lag_28': 0.5251656833217502}. Best is trial 17 with value: 0.0074903198892933755.
[I 2025-09-29 11:58:03,515] Trial 49 finished with value: 0.007633496650189327 and parameters: {'lag_0': 0.856738799725415, 'lag_1': 0.771516312066468, 'lag_2': 0.6026619466732913, 'lag_3': 0.7723816370863097, 'lag_4': 0.477354174617396, 'lag_5': 0.40076034245903286, 'lag_6': 0.2886900849014955, 'lag_7': 0.01432833700021989, 'lag_8': 0.6555344153032232, 'lag_9': 0.28338099527631994, 'lag_10': 0.3540620499359034, 'lag_11': 0.8604849159204573, 'lag_12': 0.004410224367583001, 'lag_13': 0.14425809427277242, 'lag_14': 0.9112155440686539, 'lag_15': 0.22684664064174756, 'lag_16': 0.8375960884533331, 'lag_17': 0.42399933531002626, 'lag_18': 0.4463602566143703, 'lag_19': 0.6165953955924945, 'lag_20': 0.554482131437089, 'lag_21': 0.5086336017583014, 'lag_22': 0.5759949322921982, 'lag_23': 0.5402553623740416, 'lag_24': 0.578101609964344, 'lag_25': 0.712483143233007, 'lag_26': 0.5762424683666006, 'lag_27': 0.9383802902411144, 'lag_28': 0.13344779577663637}. Best is trial 17 with value: 0.0074903198892933755.
[I 2025-09-29 11:58:05,932] Trial 50 finished with value: 0.007553014502528857 and parameters: {'lag_0': 0.16601980736041974, 'lag_1': 0.7248877686995716, 'lag_2': 0.6664334806481559, 'lag_3': 0.04384069606309148, 'lag_4': 0.8332228248779113, 'lag_5': 0.11279010870151526, 'lag_6': 0.6462275455255737, 'lag_7': 0.29506276570027123, 'lag_8': 0.9081235960681978, 'lag_9': 0.740968040777147, 'lag_10': 0.2272761761222288, 'lag_11': 0.647112668848514, 'lag_12': 0.25752244915348826, 'lag_13': 0.7842854320435332, 'lag_14': 0.8147077772505403, 'lag_15': 0.14198149367444807, 'lag_16': 0.6874638072579666, 'lag_17': 0.6146982663222156, 'lag_18': 0.4087278412328869, 'lag_19': 0.7048570990640142, 'lag_20': 0.4400166966323427, 'lag_21': 0.013588122815230363, 'lag_22': 0.7736270891769167, 'lag_23': 0.4024538843955722, 'lag_24': 0.5329528990219583, 'lag_25': 0.9524337812288943, 'lag_26': 0.35780419223194626, 'lag_27': 0.14478737364861885, 'lag_28': 0.16715791418900725}. Best is trial 17 with value: 0.0074903198892933755.
[I 2025-09-29 11:58:08,346] Trial 51 finished with value: 0.00752287598770528 and parameters: {'lag_0': 0.030446817171602813, 'lag_1': 0.8154821824167447, 'lag_2': 0.817000355938216, 'lag_3': 0.8671939605605405, 'lag_4': 0.99816360538876, 'lag_5': 0.16927029002434119, 'lag_6': 0.15930522682850584, 'lag_7': 0.09200583368603514, 'lag_8': 0.2823549386602259, 'lag_9': 0.8650275889885318, 'lag_10': 0.4324918110402162, 'lag_11': 0.7490422968688616, 'lag_12': 0.31861035709613966, 'lag_13': 0.9327746273983919, 'lag_14': 0.6063022158128782, 'lag_15': 0.0222179371312195, 'lag_16': 0.29760718564105126, 'lag_17': 0.4705159265400809, 'lag_18': 0.3341237629116101, 'lag_19': 0.4636482225953139, 'lag_20': 0.689519704602984, 'lag_21': 0.960480155555118, 'lag_22': 0.26756701425952095, 'lag_23': 0.9015158113088892, 'lag_24': 0.8690213003490384, 'lag_25': 0.019617912090715138, 'lag_26': 0.13373975015944278, 'lag_27': 0.3193687276717906, 'lag_28': 0.03898808195835502}. Best is trial 17 with value: 0.0074903198892933755.
[I 2025-09-29 11:58:10,762] Trial 52 finished with value: 0.007518454769214726 and parameters: {'lag_0': 0.03841761036110074, 'lag_1': 0.8681889961565271, 'lag_2': 0.7663426578980024, 'lag_3': 0.8305306028316354, 'lag_4': 0.9108589262200846, 'lag_5': 0.18430232746992525, 'lag_6': 0.09892621310924066, 'lag_7': 0.12089915730338191, 'lag_8': 0.1915051434594856, 'lag_9': 0.9170604643155307, 'lag_10': 0.5077835895701713, 'lag_11': 0.7070283093899299, 'lag_12': 0.38576218144226465, 'lag_13': 0.8457793037055719, 'lag_14': 0.4922804211277438, 'lag_15': 0.015582344812175283, 'lag_16': 0.34509737801626994, 'lag_17': 0.35931193576273135, 'lag_18': 0.992986541569129, 'lag_19': 0.3993948877443301, 'lag_20': 0.8305352237513632, 'lag_21': 0.9852033844664004, 'lag_22': 0.16524565140504632, 'lag_23': 0.8672030673055138, 'lag_24': 0.8897774268327014, 'lag_25': 0.04945732628839933, 'lag_26': 0.21430662701693112, 'lag_27': 0.23240949843461398, 'lag_28': 0.00562537575345904}. Best is trial 17 with value: 0.0074903198892933755.
[I 2025-09-29 11:58:13,179] Trial 53 finished with value: 0.0075274813336752375 and parameters: {'lag_0': 0.12317659189850014, 'lag_1': 0.8796229169930793, 'lag_2': 0.7529174822738908, 'lag_3': 0.9987587583659054, 'lag_4': 0.891225628388869, 'lag_5': 0.07185700392305538, 'lag_6': 0.08742019570721976, 'lag_7': 0.13903518349599356, 'lag_8': 0.07420998523057742, 'lag_9': 0.9612327926171625, 'lag_10': 0.5167147419252329, 'lag_11': 0.7150712923626412, 'lag_12': 0.39820223378455627, 'lag_13': 0.8456890452801284, 'lag_14': 0.4044126788381814, 'lag_15': 0.11221839097769604, 'lag_16': 0.369639929958481, 'lag_17': 0.35595723061021134, 'lag_18': 0.8768168170063698, 'lag_19': 0.35637445338426954, 'lag_20': 0.8256327383079295, 'lag_21': 0.9977876041102544, 'lag_22': 0.10210208897154643, 'lag_23': 0.765303641482008, 'lag_24': 0.9644349812911375, 'lag_25': 0.9931701819223218, 'lag_26': 0.21505577387030694, 'lag_27': 0.05839754175981715, 'lag_28': 0.1085525628846854}. Best is trial 17 with value: 0.0074903198892933755.
[I 2025-09-29 11:58:15,593] Trial 54 finished with value: 0.0075950007990564245 and parameters: {'lag_0': 0.2447712926424364, 'lag_1': 0.9423426536406072, 'lag_2': 0.8839375963869635, 'lag_3': 0.8081910073625809, 'lag_4': 0.9336302275070455, 'lag_5': 0.20929777247527048, 'lag_6': 0.23843609844922797, 'lag_7': 0.21068890740204976, 'lag_8': 0.2054499926848813, 'lag_9': 0.8058428695649501, 'lag_10': 0.6755396684618358, 'lag_11': 0.5395804616707822, 'lag_12': 0.4684920794161323, 'lag_13': 0.6441660345945343, 'lag_14': 0.273944903943478, 'lag_15': 0.31878270098743783, 'lag_16': 0.4208547733101498, 'lag_17': 0.2977516112699928, 'lag_18': 0.529895927979386, 'lag_19': 0.3818097165441624, 'lag_20': 0.891649651760724, 'lag_21': 0.8959622411785391, 'lag_22': 0.19288078539972664, 'lag_23': 0.8595171007422611, 'lag_24': 0.7669946925425418, 'lag_25': 0.09945877376299811, 'lag_26': 0.273436160023695, 'lag_27': 0.24934769312689284, 'lag_28': 0.009188535982973839}. Best is trial 17 with value: 0.0074903198892933755.
[I 2025-09-29 11:58:18,012] Trial 55 finished with value: 0.007559242361318434 and parameters: {'lag_0': 0.08127366192517763, 'lag_1': 0.5560260770928894, 'lag_2': 0.776707208361902, 'lag_3': 0.8403316504396316, 'lag_4': 0.3378409670353825, 'lag_5': 0.1318967316105954, 'lag_6': 0.12484688891811448, 'lag_7': 0.0002258704698579585, 'lag_8': 0.4131781930271523, 'lag_9': 0.9129099972476895, 'lag_10': 0.7759379043186805, 'lag_11': 0.39701568176596863, 'lag_12': 0.5868717671512995, 'lag_13': 0.04845636532680131, 'lag_14': 0.4828999164242137, 'lag_15': 0.7179021870833153, 'lag_16': 0.5091441095352113, 'lag_17': 0.19293373529280325, 'lag_18': 0.946480813900732, 'lag_19': 0.274367773897345, 'lag_20': 0.3478629175382867, 'lag_21': 0.7493253401523061, 'lag_22': 0.004303470488209948, 'lag_23': 0.732655319813155, 'lag_24': 0.8873979235519912, 'lag_25': 0.15286293502732978, 'lag_26': 0.44897781039308443, 'lag_27': 0.20851003226884224, 'lag_28': 0.26604733213807}. Best is trial 17 with value: 0.0074903198892933755.
[I 2025-09-29 11:58:20,427] Trial 56 finished with value: 0.007523996805371844 and parameters: {'lag_0': 3.0176634418184467e-05, 'lag_1': 0.640630209621199, 'lag_2': 0.7173356104828909, 'lag_3': 0.7339623621577608, 'lag_4': 0.42106070316459987, 'lag_5': 0.2830977551038498, 'lag_6': 0.3775709283097247, 'lag_7': 0.6639273733205671, 'lag_8': 0.17934016397964436, 'lag_9': 0.4700369109038994, 'lag_10': 0.35370756910826096, 'lag_11': 0.20191417548017532, 'lag_12': 0.36823354046228013, 'lag_13': 0.8640914399847397, 'lag_14': 0.6689626322073752, 'lag_15': 0.07021754980068227, 'lag_16': 0.5780631918585516, 'lag_17': 0.40727923328167476, 'lag_18': 0.27071648509037105, 'lag_19': 0.23105178097361415, 'lag_20': 0.9558103233205131, 'lag_21': 0.4000676624386701, 'lag_22': 0.3604023519374143, 'lag_23': 0.47183929898545185, 'lag_24': 0.80720335083539, 'lag_25': 0.20081250176462614, 'lag_26': 0.9168316170929209, 'lag_27': 0.5811610565082297, 'lag_28': 0.21594005468300292}. Best is trial 17 with value: 0.0074903198892933755.
[I 2025-09-29 11:58:22,840] Trial 57 finished with value: 0.0074995296789749045 and parameters: {'lag_0': 0.12739006166114722, 'lag_1': 0.47087116391887446, 'lag_2': 0.5309878765146255, 'lag_3': 0.9461161777418442, 'lag_4': 0.29040097100455364, 'lag_5': 0.007127793535840796, 'lag_6': 0.9564073905023979, 'lag_7': 0.17283283835826807, 'lag_8': 0.2417951993523719, 'lag_9': 0.40485195785037714, 'lag_10': 0.8603526640003203, 'lag_11': 0.8414258585315109, 'lag_12': 0.4954559896613405, 'lag_13': 0.769973475871499, 'lag_14': 0.14563607453475685, 'lag_15': 0.005031023187513689, 'lag_16': 0.2530206489207905, 'lag_17': 0.15148951015192505, 'lag_18': 0.469568117867287, 'lag_19': 0.4113413231664554, 'lag_20': 0.8855114320621778, 'lag_21': 0.8589116588152572, 'lag_22': 0.5543492691695806, 'lag_23': 0.9579009753103847, 'lag_24': 0.9967855996297039, 'lag_25': 0.08871749346248155, 'lag_26': 0.6712222975714515, 'lag_27': 0.5054297286671802, 'lag_28': 0.35578834903752865}. Best is trial 17 with value: 0.0074903198892933755.
[I 2025-09-29 11:58:25,252] Trial 58 finished with value: 0.007551711800732134 and parameters: {'lag_0': 0.3099797595815651, 'lag_1': 0.46147345019237085, 'lag_2': 0.3342125683051327, 'lag_3': 0.27453259469551294, 'lag_4': 0.27702366344236384, 'lag_5': 0.021445975003821192, 'lag_6': 0.9303778970158036, 'lag_7': 0.1593434197100597, 'lag_8': 0.249881143473783, 'lag_9': 0.3967252690999294, 'lag_10': 0.8640564827784235, 'lag_11': 0.09311250522199813, 'lag_12': 0.5531415842498911, 'lag_13': 0.7788516248624718, 'lag_14': 0.19808994243073716, 'lag_15': 0.4570401247101413, 'lag_16': 0.23980908255157102, 'lag_17': 0.06486451569331976, 'lag_18': 0.4678822207455021, 'lag_19': 0.5702256007012726, 'lag_20': 0.2208719346714899, 'lag_21': 0.8617562780929576, 'lag_22': 0.5324662696738509, 'lag_23': 0.8120205853679252, 'lag_24': 0.14008930584940066, 'lag_25': 0.28675852678867475, 'lag_26': 0.6799745411412015, 'lag_27': 0.487541458595741, 'lag_28': 0.38122460284080123}. Best is trial 17 with value: 0.0074903198892933755.
[I 2025-09-29 11:58:27,662] Trial 59 finished with value: 0.007612580968566702 and parameters: {'lag_0': 0.20600045569208303, 'lag_1': 0.45336123257948313, 'lag_2': 0.4955643676330716, 'lag_3': 0.9439855242867798, 'lag_4': 0.3661012116295925, 'lag_5': 0.003948441865665599, 'lag_6': 0.9988899998972942, 'lag_7': 0.043535800043356235, 'lag_8': 0.5007162216661472, 'lag_9': 0.5990733231369084, 'lag_10': 0.79968924442976, 'lag_11': 0.9510580299634604, 'lag_12': 0.498019925360486, 'lag_13': 0.7257984229480131, 'lag_14': 0.13437476860093397, 'lag_15': 0.584958930220743, 'lag_16': 0.20155601426470293, 'lag_17': 0.1606956979397573, 'lag_18': 0.5242454705212828, 'lag_19': 0.32541960470489356, 'lag_20': 0.9011134131864853, 'lag_21': 0.31236619015093753, 'lag_22': 0.5015210837889791, 'lag_23': 0.948730778512039, 'lag_24': 0.22595664018525263, 'lag_25': 0.001218977904629548, 'lag_26': 0.8089173977612988, 'lag_27': 0.8719488976759322, 'lag_28': 0.45358698616480586}. Best is trial 17 with value: 0.0074903198892933755.
[I 2025-09-29 11:58:30,078] Trial 60 finished with value: 0.007532599301829791 and parameters: {'lag_0': 0.4505661190380808, 'lag_1': 0.34000003508484994, 'lag_2': 0.4025457971086437, 'lag_3': 0.6123952369812024, 'lag_4': 0.15650720889667735, 'lag_5': 0.060211865627225566, 'lag_6': 0.8482044167045524, 'lag_7': 0.3951676173027591, 'lag_8': 0.7939595893568527, 'lag_9': 0.6825696220961672, 'lag_10': 0.9151309456718084, 'lag_11': 0.29556303559053154, 'lag_12': 0.6510235798553511, 'lag_13': 0.5625411734692309, 'lag_14': 0.22948125341168224, 'lag_15': 0.20904664422282673, 'lag_16': 0.14551308365716176, 'lag_17': 0.14246048275024287, 'lag_18': 0.36756194147431037, 'lag_19': 0.49536086522047096, 'lag_20': 0.784436144955567, 'lag_21': 0.7804577138738933, 'lag_22': 0.6773908237945427, 'lag_23': 0.14648479249464536, 'lag_24': 0.9969952839834405, 'lag_25': 0.41582664994723334, 'lag_26': 0.5995924140882776, 'lag_27': 0.7654862189617356, 'lag_28': 0.2880825351239019}. Best is trial 17 with value: 0.0074903198892933755.
[I 2025-09-29 11:58:32,493] Trial 61 finished with value: 0.007537706397350999 and parameters: {'lag_0': 0.15220665354639576, 'lag_1': 0.8907107732800247, 'lag_2': 0.6505149632717222, 'lag_3': 0.46028737187147595, 'lag_4': 0.22087961251067467, 'lag_5': 0.10030450851821249, 'lag_6': 0.3235588454955862, 'lag_7': 0.17403259222875733, 'lag_8': 0.1618022730570562, 'lag_9': 0.4136814700231251, 'lag_10': 0.5725069888370422, 'lag_11': 0.8473459081252628, 'lag_12': 0.4359165547485726, 'lag_13': 0.8229076734350812, 'lag_14': 0.04628544634684284, 'lag_15': 0.039362057551283886, 'lag_16': 0.42311016420252956, 'lag_17': 0.010789123751007448, 'lag_18': 0.6465881414013974, 'lag_19': 0.43615651918503096, 'lag_20': 0.8492771044864551, 'lag_21': 0.9576653443009635, 'lag_22': 0.4132662319366869, 'lag_23': 0.9405606289774019, 'lag_24': 0.904014077049197, 'lag_25': 0.08250151744970724, 'lag_26': 0.6810589483300382, 'lag_27': 0.38941105455269853, 'lag_28': 0.4150821444913267}. Best is trial 17 with value: 0.0074903198892933755.
[I 2025-09-29 11:58:34,904] Trial 62 finished with value: 0.007571135652907542 and parameters: {'lag_0': 0.1253025943577392, 'lag_1': 0.5268974073493041, 'lag_2': 0.9622566972061535, 'lag_3': 0.8951188993516968, 'lag_4': 0.2887212247235762, 'lag_5': 0.18875490145774093, 'lag_6': 0.9689625184397315, 'lag_7': 0.9352431494056129, 'lag_8': 0.10642088347984541, 'lag_9': 0.47262578969509433, 'lag_10': 0.8938105495732338, 'lag_11': 0.7887123730133498, 'lag_12': 0.6176103904711868, 'lag_13': 0.7202845791792896, 'lag_14': 0.12496900896552701, 'lag_15': 0.0021348931551896724, 'lag_16': 0.33758859261945623, 'lag_17': 0.43671190139116084, 'lag_18': 0.3015183241891774, 'lag_19': 0.41293729898509346, 'lag_20': 0.8884844130264938, 'lag_21': 0.8779559127609955, 'lag_22': 0.5637897313610395, 'lag_23': 0.8750620539054974, 'lag_24': 0.9548422169770594, 'lag_25': 0.05288738953274469, 'lag_26': 0.644757210723672, 'lag_27': 0.16214756264308028, 'lag_28': 0.3438407230712486}. Best is trial 17 with value: 0.0074903198892933755.
[I 2025-09-29 11:58:37,316] Trial 63 finished with value: 0.007604867959480196 and parameters: {'lag_0': 0.040041336877366454, 'lag_1': 0.6007312844587964, 'lag_2': 0.5321042859661353, 'lag_3': 0.9630749567802281, 'lag_4': 0.25102850745519073, 'lag_5': 0.3459304181144956, 'lag_6': 0.7931905582876477, 'lag_7': 0.12193376160225551, 'lag_8': 0.3219304063089774, 'lag_9': 0.35736356586469065, 'lag_10': 0.9851319122945356, 'lag_11': 0.6910971339916226, 'lag_12': 0.5027580872811189, 'lag_13': 0.6164924754951235, 'lag_14': 0.10861188630771937, 'lag_15': 0.13285413768056187, 'lag_16': 0.266183251941709, 'lag_17': 0.5113962737429552, 'lag_18': 0.5646915949911261, 'lag_19': 0.49720820800375076, 'lag_20': 0.977332395334544, 'lag_21': 0.5395122458654007, 'lag_22': 0.47022621941243264, 'lag_23': 0.8032876316904024, 'lag_24': 0.8042360159236722, 'lag_25': 0.12488600908259614, 'lag_26': 0.0805946251162088, 'lag_27': 0.680942855643687, 'lag_28': 0.3210438115204925}. Best is trial 17 with value: 0.0074903198892933755.
[I 2025-09-29 11:58:39,734] Trial 64 finished with value: 0.007552081294907332 and parameters: {'lag_0': 0.10568518193033638, 'lag_1': 0.36837686930767727, 'lag_2': 0.26036567863229254, 'lag_3': 0.8530316684671727, 'lag_4': 0.8239079029614741, 'lag_5': 0.08258647120106449, 'lag_6': 0.715381730606815, 'lag_7': 0.234847813728944, 'lag_8': 0.7175936873777247, 'lag_9': 0.5376392977923292, 'lag_10': 0.6419164712015958, 'lag_11': 0.5779219514064459, 'lag_12': 0.39085256085639974, 'lag_13': 0.8851880635083944, 'lag_14': 0.16097114602790086, 'lag_15': 0.03274076887507781, 'lag_16': 0.31006313684315606, 'lag_17': 0.2081231010438569, 'lag_18': 0.2098134585189131, 'lag_19': 0.6704227796731984, 'lag_20': 0.7350461393894868, 'lag_21': 0.835281591731001, 'lag_22': 0.07466999710332989, 'lag_23': 0.9980311026732295, 'lag_24': 0.9467015203203364, 'lag_25': 0.030911969577401333, 'lag_26': 0.49663940517120186, 'lag_27': 0.8175560775519024, 'lag_28': 0.15543769477710287}. Best is trial 17 with value: 0.0074903198892933755.
[I 2025-09-29 11:58:42,156] Trial 65 finished with value: 0.00757637511824181 and parameters: {'lag_0': 0.07102991327151581, 'lag_1': 0.9566500639116364, 'lag_2': 0.6981161657046744, 'lag_3': 0.11818365994140687, 'lag_4': 0.8861496132773632, 'lag_5': 0.2340275796308126, 'lag_6': 0.049771406450892765, 'lag_7': 0.8376249039335707, 'lag_8': 0.22486772239034758, 'lag_9': 0.30200431309839215, 'lag_10': 0.2881779236556409, 'lag_11': 0.8251347359386727, 'lag_12': 0.7126266317240482, 'lag_13': 0.8947651405453015, 'lag_14': 0.2357406150812637, 'lag_15': 0.07203151995485318, 'lag_16': 0.9413484474583684, 'lag_17': 0.3712904177814397, 'lag_18': 0.4125864803423314, 'lag_19': 0.6048417892398179, 'lag_20': 0.8199612123874493, 'lag_21': 0.6923849283412866, 'lag_22': 0.31789815757872725, 'lag_23': 0.08892255956834705, 'lag_24': 0.46935619066180717, 'lag_25': 0.6536616011392975, 'lag_26': 0.20633375418288696, 'lag_27': 0.5095861694836835, 'lag_28': 0.22060477289355435}. Best is trial 17 with value: 0.0074903198892933755.
