[I 2025-09-29 11:58:30,329] Trial 67 finished with value: 0.011751300833010427 and parameters: {'lag_0': 0.8538471014282415, 'lag_1': 0.028125993007353634, 'lag_2': 0.7537122770736117, 'lag_3': 0.6231471307810197, 'lag_4': 0.17186048185468863, 'lag_5': 0.8594438415294494, 'lag_6': 0.8152404539030844, 'lag_7': 0.9423954442865706, 'lag_8': 0.7554548117924306, 'lag_9': 0.0964167929260701, 'lag_10': 0.7632206612448094, 'lag_11': 0.7097014337668619, 'lag_12': 0.033023275574053934, 'lag_13': 0.30005684258475807, 'lag_14': 0.4395906953532431, 'lag_15': 0.6394487717914518, 'lag_16': 0.48116094748114896, 'lag_17': 0.7133992815939223, 'lag_18': 0.49875333300938235, 'lag_19': 0.8494261851133644, 'lag_20': 0.6931259748284626, 'lag_21': 0.2203960492406194, 'lag_22': 0.7519926535802155, 'lag_23': 0.9869970297630568, 'lag_24': 0.8750950466199313, 'lag_25': 0.8755236376689145, 'lag_26': 0.625196728029554, 'lag_27': 0.402070126897911, 'lag_28': 0.7848295866070405}. Best is trial 55 with value: 0.011247057433967778.
[I 2025-09-29 11:58:32,684] Trial 68 finished with value: 0.011667580990409095 and parameters: {'lag_0': 0.8912442538559054, 'lag_1': 0.5336808654721186, 'lag_2': 0.6812383039045968, 'lag_3': 0.48514189191301016, 'lag_4': 0.5351373192774095, 'lag_5': 0.6253393109726586, 'lag_6': 0.6773082484018061, 'lag_7': 0.9729169465298209, 'lag_8': 0.27330864721566833, 'lag_9': 0.19246426366542668, 'lag_10': 0.5326104857735372, 'lag_11': 0.8307841459980465, 'lag_12': 0.0825680144885138, 'lag_13': 0.34733923465159877, 'lag_14': 0.18113170559286682, 'lag_15': 0.4806320365654723, 'lag_16': 0.17831155095533857, 'lag_17': 0.7484354594329097, 'lag_18': 0.5652630858408634, 'lag_19': 0.40722370528104307, 'lag_20': 0.8306476692772055, 'lag_21': 0.16259371795833522, 'lag_22': 0.09129605363009796, 'lag_23': 0.06701157477338476, 'lag_24': 0.8340398058729994, 'lag_25': 0.02902087135170439, 'lag_26': 0.8869021928511089, 'lag_27': 0.46868014512565714, 'lag_28': 0.6739808162141857}. Best is trial 55 with value: 0.011247057433967778.
[I 2025-09-29 11:58:35,032] Trial 69 finished with value: 0.011339028976583886 and parameters: {'lag_0': 0.758603003436803, 'lag_1': 0.04770601194162133, 'lag_2': 0.5235466616140712, 'lag_3': 0.19536982281591078, 'lag_4': 0.4682539051014083, 'lag_5': 0.906076348472815, 'lag_6': 0.7667326297069377, 'lag_7': 0.44960334040718963, 'lag_8': 0.9350939860313572, 'lag_9': 0.33711699432126335, 'lag_10': 0.27908818901845317, 'lag_11': 0.5099119323689743, 'lag_12': 0.28968480207319647, 'lag_13': 0.4026127961358587, 'lag_14': 0.27020276550929473, 'lag_15': 0.0404560261544256, 'lag_16': 0.5536221233919772, 'lag_17': 0.45319318514928497, 'lag_18': 0.7017178644959501, 'lag_19': 0.47658950728589394, 'lag_20': 0.5814943815257645, 'lag_21': 0.0324756712665748, 'lag_22': 0.42878153683228193, 'lag_23': 0.46820778132267205, 'lag_24': 0.7760120259707142, 'lag_25': 0.955342770413063, 'lag_26': 0.40330636281480287, 'lag_27': 0.1771150140672545, 'lag_28': 0.9544488891610161}. Best is trial 55 with value: 0.011247057433967778.
[I 2025-09-29 11:58:37,382] Trial 70 finished with value: 0.011587713630899573 and parameters: {'lag_0': 0.7586865105161593, 'lag_1': 0.05008493327817906, 'lag_2': 0.5231540621967362, 'lag_3': 0.18005709381340668, 'lag_4': 0.4621530676412722, 'lag_5': 0.9543495562251166, 'lag_6': 0.7769361330819656, 'lag_7': 0.4462109633086418, 'lag_8': 0.8795585283519752, 'lag_9': 0.3927080433591039, 'lag_10': 0.17285701766881767, 'lag_11': 0.527987053930523, 'lag_12': 0.1798873074097186, 'lag_13': 0.5210253282900901, 'lag_14': 0.2713423793038411, 'lag_15': 0.05071945351476674, 'lag_16': 0.5615855310773162, 'lag_17': 0.4459041829909932, 'lag_18': 0.7006854703875194, 'lag_19': 0.45703336652250975, 'lag_20': 0.8086127364661484, 'lag_21': 0.03477192958520829, 'lag_22': 0.3754714947547331, 'lag_23': 0.14464678123491082, 'lag_24': 0.9989632338692532, 'lag_25': 0.9297335345031102, 'lag_26': 0.3945753343517483, 'lag_27': 0.24809098793408488, 'lag_28': 0.9541618348698631}. Best is trial 55 with value: 0.011247057433967778.
[I 2025-09-29 11:58:39,737] Trial 71 finished with value: 0.01163159280502547 and parameters: {'lag_0': 0.7360028812950833, 'lag_1': 0.7681039888358765, 'lag_2': 0.46642750771173924, 'lag_3': 0.12042203111442609, 'lag_4': 0.4104820341139254, 'lag_5': 0.9006629207187614, 'lag_6': 0.7177360782001455, 'lag_7': 0.5335711367354796, 'lag_8': 0.9002406233434825, 'lag_9': 0.32133121897854366, 'lag_10': 0.28470963068425476, 'lag_11': 0.4543663828134608, 'lag_12': 0.2856754636274609, 'lag_13': 0.40658058809303, 'lag_14': 0.3743724299419287, 'lag_15': 0.14504856433970587, 'lag_16': 0.8942199241050334, 'lag_17': 0.7778117367577029, 'lag_18': 0.7756170914905075, 'lag_19': 0.5350411261019878, 'lag_20': 0.5853133599062706, 'lag_21': 0.09948802223139219, 'lag_22': 0.416087160673035, 'lag_23': 0.19291035251997926, 'lag_24': 0.7765141256623622, 'lag_25': 0.9416008505220301, 'lag_26': 0.34073850173272935, 'lag_27': 0.17421035541790758, 'lag_28': 0.8170475532316666}. Best is trial 55 with value: 0.011247057433967778.
[I 2025-09-29 11:58:42,093] Trial 72 finished with value: 0.011674071132066885 and parameters: {'lag_0': 0.8107587995356931, 'lag_1': 0.14335564854504756, 'lag_2': 0.5879750312407616, 'lag_3': 0.23899084295364945, 'lag_4': 0.502362345151107, 'lag_5': 0.8151998085005554, 'lag_6': 0.8558386280584198, 'lag_7': 0.6142787768601823, 'lag_8': 0.8066251676596876, 'lag_9': 0.23931212057182516, 'lag_10': 0.37282223285259575, 'lag_11': 0.38960696636298286, 'lag_12': 0.42832234656750967, 'lag_13': 0.46582337152735, 'lag_14': 0.22081181120560467, 'lag_15': 0.10059121451977306, 'lag_16': 0.6951142641496536, 'lag_17': 0.3835716518588666, 'lag_18': 0.6584789600451736, 'lag_19': 0.5202499100565205, 'lag_20': 0.5405142888389596, 'lag_21': 0.13303256371870498, 'lag_22': 0.2802737095154231, 'lag_23': 0.4761555244998963, 'lag_24': 0.7205168447446455, 'lag_25': 0.854899600697472, 'lag_26': 0.26032222946670464, 'lag_27': 0.1278732862799608, 'lag_28': 0.8563323978962684}. Best is trial 55 with value: 0.011247057433967778.
[I 2025-09-29 11:58:44,448] Trial 73 finished with value: 0.011462569130017274 and parameters: {'lag_0': 0.8657123262893822, 'lag_1': 0.19494232453032845, 'lag_2': 0.4174453733969705, 'lag_3': 0.20929086550550902, 'lag_4': 0.3722618279165743, 'lag_5': 0.8645890791143375, 'lag_6': 0.8277221227210966, 'lag_7': 0.3875738315469674, 'lag_8': 0.9374714228812956, 'lag_9': 0.46164242243748577, 'lag_10': 0.3297688855163306, 'lag_11': 0.5715285784779808, 'lag_12': 0.24699988593414807, 'lag_13': 0.3234510280921608, 'lag_14': 0.4882764811619147, 'lag_15': 0.024044654739601674, 'lag_16': 0.4405964540828418, 'lag_17': 0.3055293296856243, 'lag_18': 0.7363163056054334, 'lag_19': 0.4694557968353873, 'lag_20': 0.6547718123514037, 'lag_21': 0.03252768242623963, 'lag_22': 0.8032788708761627, 'lag_23': 0.5421289491823147, 'lag_24': 0.8571954862494859, 'lag_25': 0.6737314278213984, 'lag_26': 0.22142609893535597, 'lag_27': 0.2811939685801349, 'lag_28': 0.9298009635548637}. Best is trial 55 with value: 0.011247057433967778.
[I 2025-09-29 11:58:46,808] Trial 74 finished with value: 0.011321317843580207 and parameters: {'lag_0': 0.670827988447651, 'lag_1': 0.07402672497162827, 'lag_2': 0.8029817982606318, 'lag_3': 0.42454764445503934, 'lag_4': 0.2386386692284556, 'lag_5': 0.5798509673668207, 'lag_6': 0.6206087576426756, 'lag_7': 0.2804739505868884, 'lag_8': 0.9472496565607981, 'lag_9': 0.3400124637289567, 'lag_10': 0.3774916389228725, 'lag_11': 0.6693777917196666, 'lag_12': 0.5755866493367796, 'lag_13': 0.004462980440138282, 'lag_14': 0.1010174577458165, 'lag_15': 0.1991267043589308, 'lag_16': 0.7271713634403006, 'lag_17': 0.8524962021209745, 'lag_18': 0.8328144909179843, 'lag_19': 0.36962677966198604, 'lag_20': 0.5095704756256922, 'lag_21': 0.07539680966269038, 'lag_22': 0.8863476265176523, 'lag_23': 0.2858947842107388, 'lag_24': 0.6786987688677895, 'lag_25': 0.9092371682753805, 'lag_26': 0.44731651205045597, 'lag_27': 0.2098618670156988, 'lag_28': 0.9981314882865983}. Best is trial 55 with value: 0.011247057433967778.
[I 2025-09-29 11:58:49,165] Trial 75 finished with value: 0.01162639086383694 and parameters: {'lag_0': 0.7782653359785575, 'lag_1': 0.07664312834256568, 'lag_2': 0.797867604475529, 'lag_3': 0.05835375256210937, 'lag_4': 0.13343369088441948, 'lag_5': 0.5805716997155409, 'lag_6': 0.61063159465098, 'lag_7': 0.16689730803948807, 'lag_8': 0.9673764795021537, 'lag_9': 0.3462170261110624, 'lag_10': 0.20120122436421395, 'lag_11': 0.6603783218955774, 'lag_12': 0.5466933216443136, 'lag_13': 0.573508553315484, 'lag_14': 0.1016922571771056, 'lag_15': 0.19696195140846234, 'lag_16': 0.718432707741243, 'lag_17': 0.8481222059095156, 'lag_18': 0.8469920230974556, 'lag_19': 0.15321558840188287, 'lag_20': 0.6181637096742257, 'lag_21': 0.07313517397047518, 'lag_22': 0.8767644654227404, 'lag_23': 0.28961643995452674, 'lag_24': 0.9130515099782359, 'lag_25': 0.8863104170118572, 'lag_26': 0.43882896788525855, 'lag_27': 0.21982774674487943, 'lag_28': 0.9728652289150238}. Best is trial 55 with value: 0.011247057433967778.
[I 2025-09-29 11:58:51,513] Trial 76 finished with value: 0.011407534815395328 and parameters: {'lag_0': 0.9125122214606836, 'lag_1': 0.00018478200774833808, 'lag_2': 0.8328742089453194, 'lag_3': 0.4392504849753607, 'lag_4': 0.23056821735005456, 'lag_5': 0.497092529304094, 'lag_6': 0.7571379979971258, 'lag_7': 0.28214833407236095, 'lag_8': 0.937735114048246, 'lag_9': 0.040044824076477255, 'lag_10': 0.2577299140782281, 'lag_11': 0.6094179931218731, 'lag_12': 0.5950512127485788, 'lag_13': 0.695080831049202, 'lag_14': 0.15886439750294498, 'lag_15': 0.31183775897144905, 'lag_16': 0.7987550139304804, 'lag_17': 0.8801347702576978, 'lag_18': 0.7952462915112496, 'lag_19': 0.3063794123783259, 'lag_20': 0.7363265502970779, 'lag_21': 0.09033424983408203, 'lag_22': 0.9338622710319534, 'lag_23': 0.3328253629387018, 'lag_24': 0.6556429005844373, 'lag_25': 0.9647369059302159, 'lag_26': 0.5120152531708991, 'lag_27': 0.1963413653616306, 'lag_28': 0.9991171855803531}. Best is trial 55 with value: 0.011247057433967778.
[I 2025-09-29 11:58:53,875] Trial 77 finished with value: 0.011944548818919867 and parameters: {'lag_0': 0.6746230842373957, 'lag_1': 0.12092983732757238, 'lag_2': 0.9161350175484488, 'lag_3': 0.38445152846684333, 'lag_4': 0.2892480562810813, 'lag_5': 0.4588705947170897, 'lag_6': 0.5647207613625985, 'lag_7': 0.2916708123759281, 'lag_8': 0.8683899682792949, 'lag_9': 0.2700435616194192, 'lag_10': 0.9196017993739292, 'lag_11': 0.7598255086089638, 'lag_12': 0.3329447637523464, 'lag_13': 0.016750667022459198, 'lag_14': 0.12272940395291808, 'lag_15': 0.07625459401511898, 'lag_16': 0.6497878676543116, 'lag_17': 0.830456542068687, 'lag_18': 0.8328650661605939, 'lag_19': 0.35304262154631644, 'lag_20': 0.913301177494101, 'lag_21': 0.9271745568025034, 'lag_22': 0.3242321126949269, 'lag_23': 0.38881204817434833, 'lag_24': 0.6848004293617099, 'lag_25': 0.9697648176641461, 'lag_26': 0.3848372803815646, 'lag_27': 0.3319255014376099, 'lag_28': 0.9062928210723398}. Best is trial 55 with value: 0.011247057433967778.
[I 2025-09-29 11:58:56,230] Trial 78 finished with value: 0.011463174150355832 and parameters: {'lag_0': 0.7193000484732033, 'lag_1': 0.03525336826348418, 'lag_2': 0.8718150726469703, 'lag_3': 0.4129970942625565, 'lag_4': 0.15984659898724857, 'lag_5': 0.5218264659822596, 'lag_6': 0.6534844003946855, 'lag_7': 0.3427745220596088, 'lag_8': 0.7303296437129319, 'lag_9': 0.3817079843421458, 'lag_10': 0.139821305401404, 'lag_11': 0.5128884449811786, 'lag_12': 0.37676586630572584, 'lag_13': 0.0005456431849780192, 'lag_14': 0.05689486717197782, 'lag_15': 0.23959569127999933, 'lag_16': 0.7637372337426392, 'lag_17': 0.9100503550110102, 'lag_18': 0.7572760847423068, 'lag_19': 0.3648192013835607, 'lag_20': 0.5592327468369429, 'lag_21': 0.029565354135352134, 'lag_22': 0.8528447200689195, 'lag_23': 0.2013024097675249, 'lag_24': 0.5721906205874918, 'lag_25': 0.9072885290482937, 'lag_26': 0.4519211405338575, 'lag_27': 0.15416731814662243, 'lag_28': 0.9618898013812776}. Best is trial 55 with value: 0.011247057433967778.
[I 2025-09-29 11:58:58,586] Trial 79 finished with value: 0.011461414171496246 and parameters: {'lag_0': 0.5678470532181943, 'lag_1': 0.2386674416556549, 'lag_2': 0.7796283654583869, 'lag_3': 0.34578286444036815, 'lag_4': 0.1040588268952797, 'lag_5': 0.6696636382737907, 'lag_6': 0.7155328668308851, 'lag_7': 0.23456950744023308, 'lag_8': 0.9746298272490671, 'lag_9': 0.1733156526730541, 'lag_10': 0.484558014191115, 'lag_11': 0.6274500253318321, 'lag_12': 0.75459406805448, 'lag_13': 0.07181969482123739, 'lag_14': 0.2053163805815929, 'lag_15': 0.18695158097842154, 'lag_16': 0.5978199982436398, 'lag_17': 0.7010454598458025, 'lag_18': 0.6203591703459989, 'lag_19': 0.6422895862867133, 'lag_20': 0.5247509281285236, 'lag_21': 0.716793468454667, 'lag_22': 0.14047085108074697, 'lag_23': 0.2504633652587222, 'lag_24': 0.8103226045453356, 'lag_25': 0.9922301291963898, 'lag_26': 0.42128188393181654, 'lag_27': 0.29411586666103884, 'lag_28': 0.8910985072790713}. Best is trial 55 with value: 0.011247057433967778.
[I 2025-09-29 11:59:00,954] Trial 80 finished with value: 0.011451539855659026 and parameters: {'lag_0': 0.9677560612408982, 'lag_1': 0.16338271903146212, 'lag_2': 0.9722434106212513, 'lag_3': 0.46146641224832324, 'lag_4': 0.3473952453140588, 'lag_5': 0.5823471001318505, 'lag_6': 0.45086911277631747, 'lag_7': 0.1083470160825262, 'lag_8': 0.7781447000461069, 'lag_9': 0.30501254666527555, 'lag_10': 0.2970065546345121, 'lag_11': 0.6837966310018233, 'lag_12': 0.6640291051376206, 'lag_13': 0.5456634895770741, 'lag_14': 0.29319840765755195, 'lag_15': 0.1431515071605179, 'lag_16': 0.5230558804921018, 'lag_17': 0.9482990141360679, 'lag_18': 0.6748087411738068, 'lag_19': 0.277597133163053, 'lag_20': 0.7609120670996097, 'lag_21': 0.19732014354488794, 'lag_22': 0.4511052428549387, 'lag_23': 0.9027452816625818, 'lag_24': 0.961265847331144, 'lag_25': 0.8168856168243828, 'lag_26': 0.3146774193609068, 'lag_27': 0.2465724168992933, 'lag_28': 0.8618366991031515}. Best is trial 55 with value: 0.011247057433967778.
[I 2025-09-29 11:59:03,317] Trial 81 finished with value: 0.011436158227083989 and parameters: {'lag_0': 0.6272938670018, 'lag_1': 0.10720763786362084, 'lag_2': 0.715834644849925, 'lag_3': 0.522785939884704, 'lag_4': 0.42887202202616104, 'lag_5': 0.917399364348471, 'lag_6': 0.6260581034525349, 'lag_7': 0.9082717400110634, 'lag_8': 0.3479978008950532, 'lag_9': 0.36424902745865806, 'lag_10': 0.4084862075055692, 'lag_11': 0.5601202827644115, 'lag_12': 0.9643275245573987, 'lag_13': 0.41924474315612387, 'lag_14': 0.32337852798267486, 'lag_15': 0.11185137891407941, 'lag_16': 0.7425086773252829, 'lag_17': 0.6634309760123114, 'lag_18': 0.7100033888591616, 'lag_19': 0.9405386666741163, 'lag_20': 0.43775525218227923, 'lag_21': 0.2874174184930853, 'lag_22': 0.824463636730425, 'lag_23': 0.6018068934120582, 'lag_24': 0.7297395995575532, 'lag_25': 0.7392597153202741, 'lag_26': 0.691193596944109, 'lag_27': 0.1238135755276428, 'lag_28': 0.5687724469325122}. Best is trial 55 with value: 0.011247057433967778.
[I 2025-09-29 11:59:05,672] Trial 82 finished with value: 0.011454965703902625 and parameters: {'lag_0': 0.7214260014191836, 'lag_1': 0.06781571785244646, 'lag_2': 0.6787372088870484, 'lag_3': 0.5672282672986309, 'lag_4': 0.515647457692541, 'lag_5': 0.4328723779584933, 'lag_6': 0.030037441842301497, 'lag_7': 0.4430922385490547, 'lag_8': 0.42882989601787735, 'lag_9': 0.21827481063930645, 'lag_10': 0.383489549656748, 'lag_11': 0.597675269242955, 'lag_12': 0.8797758962001275, 'lag_13': 0.37555750922017905, 'lag_14': 0.3772381496882152, 'lag_15': 0.2076976946659836, 'lag_16': 0.2456530521843885, 'lag_17': 0.46926800273219005, 'lag_18': 0.7747636993509517, 'lag_19': 0.4432034094588944, 'lag_20': 0.46093485865497913, 'lag_21': 0.14418089884095858, 'lag_22': 0.7775901561440969, 'lag_23': 0.44630624250260553, 'lag_24': 0.7795869533372874, 'lag_25': 0.9124364068463614, 'lag_26': 0.49640364666632186, 'lag_27': 0.09900855937144215, 'lag_28': 0.7085439531801856}. Best is trial 55 with value: 0.011247057433967778.
[I 2025-09-29 11:59:08,025] Trial 83 finished with value: 0.011973323388855001 and parameters: {'lag_0': 0.6687823585729002, 'lag_1': 0.14627857942985, 'lag_2': 0.7423678553559743, 'lag_3': 0.281728162568868, 'lag_4': 0.5524101115729874, 'lag_5': 0.8314842014120568, 'lag_6': 0.5173837656200319, 'lag_7': 0.4894578426211425, 'lag_8': 0.6553224970542936, 'lag_9': 0.25979811432070227, 'lag_10': 0.35222096324767294, 'lag_11': 0.7234181788874448, 'lag_12': 0.7171731794818769, 'lag_13': 0.2781375575147244, 'lag_14': 0.4136333180762255, 'lag_15': 0.15889579378600835, 'lag_16': 0.8230617533568321, 'lag_17': 0.4214328776174857, 'lag_18': 0.9017041800975438, 'lag_19': 0.4930740221279982, 'lag_20': 0.5057847371713478, 'lag_21': 0.05984561017208054, 'lag_22': 0.8917943834949407, 'lag_23': 0.5565385941549973, 'lag_24': 0.764406008018627, 'lag_25': 0.7705991205845912, 'lag_26': 0.7766425087151144, 'lag_27': 0.2113346262001087, 'lag_28': 0.9239142576619909}. Best is trial 55 with value: 0.011247057433967778.
[I 2025-09-29 11:59:10,382] Trial 84 finished with value: 0.011652754338563102 and parameters: {'lag_0': 0.5913979154021174, 'lag_1': 0.047930970162022066, 'lag_2': 0.5314597629505933, 'lag_3': 0.543729721145527, 'lag_4': 0.48300943540585317, 'lag_5': 0.3590337205069084, 'lag_6': 0.5802997323410524, 'lag_7': 0.693292251020369, 'lag_8': 0.47019524359624276, 'lag_9': 0.41135454077433237, 'lag_10': 0.4183362210257903, 'lag_11': 0.49069229853410823, 'lag_12': 0.9308390205982833, 'lag_13': 0.24331902118636953, 'lag_14': 0.2735592862742348, 'lag_15': 0.06514222399348238, 'lag_16': 0.29290953501997113, 'lag_17': 0.5100358617937459, 'lag_18': 0.8705725302564165, 'lag_19': 0.3938850252017883, 'lag_20': 0.5731992884957162, 'lag_21': 0.24056716278452286, 'lag_22': 0.7078934405964497, 'lag_23': 0.49841111448911235, 'lag_24': 0.48699002855369333, 'lag_25': 0.961122224285386, 'lag_26': 0.36934836572732294, 'lag_27': 0.16582793197375817, 'lag_28': 0.950349294452038}. Best is trial 55 with value: 0.011247057433967778.
[I 2025-09-29 11:59:12,910] Trial 85 finished with value: 0.011633928315518799 and parameters: {'lag_0': 0.5252041240595192, 'lag_1': 0.2688857670017971, 'lag_2': 0.6515090245169677, 'lag_3': 0.6280681905203614, 'lag_4': 0.25650186745531983, 'lag_5': 0.8854249475845977, 'lag_6': 0.6654133015936623, 'lag_7': 0.9270212258816639, 'lag_8': 0.3972060626352075, 'lag_9': 0.318287452793086, 'lag_10': 0.33421215125784615, 'lag_11': 0.788766477882351, 'lag_12': 0.5848225177240384, 'lag_13': 0.11772309716523434, 'lag_14': 0.23435043584535176, 'lag_15': 0.43833184176335915, 'lag_16': 0.6645783000286402, 'lag_17': 0.7952230974236211, 'lag_18': 0.7429946543219914, 'lag_19': 0.9049868752208458, 'lag_20': 0.6203614177829517, 'lag_21': 0.48656289425234, 'lag_22': 0.05792999882920697, 'lag_23': 0.07920790159078832, 'lag_24': 0.8061586045586694, 'lag_25': 0.8599910842005738, 'lag_26': 0.5454268219685047, 'lag_27': 0.19286695628058803, 'lag_28': 0.3679163766204747}. Best is trial 55 with value: 0.011247057433967778.
[I 2025-09-29 11:59:15,283] Trial 86 finished with value: 0.011443796879238357 and parameters: {'lag_0': 0.8363648099929193, 'lag_1': 0.3122815718596059, 'lag_2': 0.6168046434981393, 'lag_3': 0.496148893953988, 'lag_4': 0.21956832336599297, 'lag_5': 0.7319630676469389, 'lag_6': 0.8760277360483927, 'lag_7': 0.166552831008414, 'lag_8': 0.3324984960765855, 'lag_9': 0.3468338056135979, 'lag_10': 0.8155007180869014, 'lag_11': 0.647733029586159, 'lag_12': 0.9836749155821654, 'lag_13': 0.45063639807339995, 'lag_14': 0.17411583328826316, 'lag_15': 0.03336514300953122, 'lag_16': 0.08870037170429196, 'lag_17': 0.6020071664086986, 'lag_18': 0.8277748415104638, 'lag_19': 0.8712043130446113, 'lag_20': 0.0559575344040078, 'lag_21': 0.3155007751397524, 'lag_22': 0.9959210647592698, 'lag_23': 0.12972112399745173, 'lag_24': 0.09162387110402925, 'lag_25': 0.735168790943357, 'lag_26': 0.41949855881074705, 'lag_27': 0.06020299334551825, 'lag_28': 0.3173710069166292}. Best is trial 55 with value: 0.011247057433967778.
[I 2025-09-29 11:59:17,646] Trial 87 finished with value: 0.011537314423765972 and parameters: {'lag_0': 0.48031812779332617, 'lag_1': 0.21965399090511248, 'lag_2': 0.7120224141279475, 'lag_3': 0.3234367180337251, 'lag_4': 0.9395212791754097, 'lag_5': 0.9699515936836711, 'lag_6': 0.6961382882466879, 'lag_7': 0.31154838565200454, 'lag_8': 0.9354083341476701, 'lag_9': 0.28759181818032126, 'lag_10': 0.8688214295451223, 'lag_11': 0.890114745081938, 'lag_12': 0.4750814526874742, 'lag_13': 0.2120467143748252, 'lag_14': 0.05171967897768065, 'lag_15': 0.12670421844323648, 'lag_16': 0.12916266085638153, 'lag_17': 0.5576620450453003, 'lag_18': 0.5898433655188009, 'lag_19': 0.9792516796179939, 'lag_20': 0.490048313680156, 'lag_21': 0.4290884680333251, 'lag_22': 0.9545717047790523, 'lag_23': 0.17987743864648825, 'lag_24': 0.6926820063153223, 'lag_25': 0.6990546017843482, 'lag_26': 0.748317294758219, 'lag_27': 0.14583090245364438, 'lag_28': 0.9759245281926826}. Best is trial 55 with value: 0.011247057433967778.
