2025-10-03 11:31:03,330 - distributed.nanny - INFO -         Start Nanny at: 'tcp://192.168.86.108:37791'
2025-10-03 11:31:04,641 - distributed.worker - INFO -       Start worker at: tcp://192.168.86.108:40612
2025-10-03 11:31:04,641 - distributed.worker - INFO -          Listening to: tcp://192.168.86.108:40612
2025-10-03 11:31:04,641 - distributed.worker - INFO -           Worker name:             SLURMCluster-8
2025-10-03 11:31:04,641 - distributed.worker - INFO -          dashboard at:       192.168.86.108:39818
2025-10-03 11:31:04,641 - distributed.worker - INFO - Waiting to connect to: tcp://192.168.86.108:45752
2025-10-03 11:31:04,642 - distributed.worker - INFO - -------------------------------------------------
2025-10-03 11:31:04,642 - distributed.worker - INFO -               Threads:                          1
2025-10-03 11:31:04,642 - distributed.worker - INFO -                Memory:                   9.31 GiB
2025-10-03 11:31:04,642 - distributed.worker - INFO -       Local Directory: /home1/zrentala/dask-worker-space/dask-scratch-space/worker-i1a6aiah
2025-10-03 11:31:04,642 - distributed.worker - INFO - -------------------------------------------------
2025-10-03 11:31:04,937 - distributed.worker - INFO - Starting Worker plugin shuffle
2025-10-03 11:31:04,937 - distributed.worker - INFO -         Registered to: tcp://192.168.86.108:45752
2025-10-03 11:31:04,938 - distributed.worker - INFO - -------------------------------------------------
2025-10-03 11:31:04,938 - distributed.core - INFO - Starting established connection to tcp://192.168.86.108:45752
[I 2025-10-03 11:31:05,022] A new study created in memory with name: no-name-da2c6d96-21f5-4e2c-b6b4-e7c0e83eb8db
[I 2025-10-03 11:31:07,729] Trial 0 finished with values: [0.02112603305785124, 0.002321477327131909, 0.003063137336535735, 0.0009614061777893318, 0.0008458544565458968, 0.002533433974320909, 0.0002665443274996558, 0.0055807402925563375, 0.001189624799166027, 9.97437563915985e-05, 0.00013012254463333375, 0.000149601052601192, 0.027542977890333876, 0.0034518235056555852, 0.0, 0.07004885325068488, 0.0016091855496501613, 0.0003044298764151205, 0.008903398040248282, 0.007299721989501487, 0.016427394252927406, 0.0012837142972437251, 0.0006095015991915429, 5.337666186302512e-05, 0.016318321855928918, 0.0006976070970375039, 0.001145510606841096, 0.001618277671347549, 0.0011301373856580199] and parameters: {'lag_0': 0.298194223734479, 'lag_1': 0.23346704400296828, 'lag_2': 0.4026092629136861, 'lag_3': 0.22715866405664267, 'lag_4': 0.35550656727614366, 'lag_5': 0.8566251682457983, 'lag_6': 0.5314543326068494, 'lag_7': 0.3857332389708315, 'lag_8': 0.3182943749854866, 'lag_9': 0.6820941106700569, 'lag_10': 0.4782396691005928, 'lag_11': 0.9026533951751678, 'lag_12': 0.14966274282022188, 'lag_13': 0.23309272945912565, 'lag_14': 0.4720523644307731, 'lag_15': 0.15665948440100327, 'lag_16': 0.6829069338510808, 'lag_17': 0.040596176623766515, 'lag_18': 0.7702914308858816, 'lag_19': 0.3096661160826926, 'lag_20': 0.11128434441960228, 'lag_21': 0.5842176806955762, 'lag_22': 0.49182690103567817, 'lag_23': 0.4144474053399825, 'lag_24': 0.06000482807158056, 'lag_25': 0.6626393735917555, 'lag_26': 0.27807819670847456, 'lag_27': 0.3372419525897782, 'lag_28': 0.08497388446416174}.
[I 2025-10-03 11:31:10,403] Trial 1 finished with values: [0.02371441689623508, 0.0023580777948966495, 0.0008821073724745943, 0.0008362667879965003, 0.0010393334031516045, 0.009108418705488442, 0.0002012754954255788, 0.003734534893562599, 0.0005111177379237988, 0.0004017653542490019, 0.00029403349418862895, 0.000933623259641094, 0.025917052039326004, 0.00402765789299788, 0.0, 0.08642677702199526, 0.0031094391315032157, 0.00047905220971350664, 0.009701424129453415, 0.007540601568087499, 0.01842903114483334, 0.0013567982316934784, 0.0006867631705474387, 4.3905588714552945e-05, 0.014536917985972213, 0.00048161052925212817, 0.0012175454373499366, 0.0011052771507880684, 0.001756080815484375] and parameters: {'lag_0': 0.6374817468502171, 'lag_1': 0.06414534093156722, 'lag_2': 0.7444785565279833, 'lag_3': 0.22395713892912159, 'lag_4': 0.9458233192166624, 'lag_5': 0.5220165736617292, 'lag_6': 0.31987816232613464, 'lag_7': 0.4588263953938414, 'lag_8': 0.7736992833305453, 'lag_9': 0.8539587267009031, 'lag_10': 0.32530780734495707, 'lag_11': 0.3170343932910935, 'lag_12': 0.4429196000055806, 'lag_13': 0.29562525795042427, 'lag_14': 0.0421738566273009, 'lag_15': 0.6591280558006242, 'lag_16': 0.3993577808532503, 'lag_17': 0.11574393748434508, 'lag_18': 0.8654940537633131, 'lag_19': 0.07413806813553171, 'lag_20': 0.10774239227449213, 'lag_21': 0.6856118845488074, 'lag_22': 0.4995340373847713, 'lag_23': 0.25416884441385273, 'lag_24': 0.14946901331378706, 'lag_25': 0.69853140697576, 'lag_26': 0.07447587882909788, 'lag_27': 0.21056925040905006, 'lag_28': 0.330374616904706}.
[I 2025-10-03 11:31:13,075] Trial 2 finished with values: [0.021480269870421387, 0.0012841850788195973, 0.0005456283530346996, 0.0004441317645066882, 0.0014632689830194167, 0.0028680147893569447, 0.0005210627946878966, 0.003289131076652183, 0.0010888160093849495, 0.0007141921918493285, 0.00012372631732397474, 6.621587340296788e-05, 0.02503010702850599, 0.0038105953240346766, 0.0, 0.08077580817936153, 0.0017022335974246263, 0.00045564397164233456, 0.009124424731299315, 0.006919050552732992, 0.0171342547361496, 0.0012910792610522114, 0.0005119090937675496, 1.4964912075649716e-05, 0.014715256642926375, 0.0006377921771033208, 0.000657910944597812, 0.0022759358508304003, 0.0009895857995323833] and parameters: {'lag_0': 0.6472090444444532, 'lag_1': 0.15805337549488055, 'lag_2': 0.5302960615728821, 'lag_3': 0.3466078509047355, 'lag_4': 0.9210409208452145, 'lag_5': 0.8550956315689502, 'lag_6': 0.5243136909593635, 'lag_7': 0.5732108411285531, 'lag_8': 0.9639556345028646, 'lag_9': 0.28067961186093965, 'lag_10': 0.7398121376489281, 'lag_11': 0.3017864358730733, 'lag_12': 0.5164608549678379, 'lag_13': 0.9752441457158196, 'lag_14': 0.16621980680122891, 'lag_15': 0.683548777904673, 'lag_16': 0.5285137398728228, 'lag_17': 0.09482295495489963, 'lag_18': 0.3696531579613188, 'lag_19': 0.6646217535658334, 'lag_20': 0.040749941850646516, 'lag_21': 0.3648002294180792, 'lag_22': 0.119490120767047, 'lag_23': 0.15488931457200683, 'lag_24': 0.6378564712200927, 'lag_25': 0.818143560404602, 'lag_26': 0.9099316967939329, 'lag_27': 0.47172330176997096, 'lag_28': 0.7237450708983267}.
[I 2025-10-03 11:31:15,739] Trial 3 finished with values: [0.026749873503120258, 0.003703320267849674, 0.0017745097600055664, 0.0006470108755718952, 0.0007296678515842012, 0.00773451963843088, 0.0003615119128990451, 0.0033094526467627268, 0.001055781529179993, 0.0002960970320751768, 0.00029393232901722205, 0.00029853275983952806, 0.02606088686821636, 0.0032675466884917194, 0.0, 0.0783001635532216, 0.0026159314136481996, 0.00046532866705081475, 0.009903877153302664, 0.0065799743623455535, 0.01617196284134051, 0.0012791592685624108, 0.0007013016586208051, 5.9055081464636147e-05, 0.013504750043997102, 0.0003521916363101906, 0.0012681022652572397, 0.0005321965154439825, 0.00034912657098881586] and parameters: {'lag_0': 0.6612807842623485, 'lag_1': 0.24834906781717253, 'lag_2': 0.9422187737144512, 'lag_3': 0.05902258817528439, 'lag_4': 0.46486074002586625, 'lag_5': 0.10829546074561426, 'lag_6': 0.2692351743156618, 'lag_7': 0.4830829438226124, 'lag_8': 0.10349353777002918, 'lag_9': 0.45735009158741935, 'lag_10': 0.07473434234916089, 'lag_11': 0.5784640197971151, 'lag_12': 0.772566242185107, 'lag_13': 0.3445984906397354, 'lag_14': 0.0073409528540410995, 'lag_15': 0.26161907470927853, 'lag_16': 0.7470083069775432, 'lag_17': 0.3718414952690224, 'lag_18': 0.5690421346313335, 'lag_19': 0.5073798002425467, 'lag_20': 0.12393273315577967, 'lag_21': 0.30257217537258496, 'lag_22': 0.7120516201275626, 'lag_23': 0.6196740568936657, 'lag_24': 0.6762914083990635, 'lag_25': 0.8028960223608054, 'lag_26': 0.33797899785428354, 'lag_27': 0.5916175102647057, 'lag_28': 0.2872590744394057}.
[I 2025-10-03 11:31:18,409] Trial 4 finished with values: [0.02809917355371901, 0.0020859835915475523, 0.00543680572422941, 0.0003993456458527456, 0.00047859940207647326, 0.004571875205592192, 0.0004980579402037346, 0.0038525388807998397, 0.0008757120446679752, 0.00019675625196900504, 0.00016294692324865208, 0.00026033922443998103, 0.029829128083460926, 0.006227531777904345, 0.0, 0.08113080557181282, 0.0013525722035661668, 0.0006630717978285234, 0.010754104276336818, 0.006632451560949127, 0.01689313730635078, 0.0011237786959041704, 0.000656750326707827, 3.8931462067946016e-05, 0.014850766522894266, 0.0002379963645872213, 0.0013391266874040301, 0.0011014803149095903, 0.0005879845934575054] and parameters: {'lag_0': 0.7616071984546117, 'lag_1': 0.5398594616309154, 'lag_2': 0.4153461891863297, 'lag_3': 0.14449625356575513, 'lag_4': 0.8323531959659604, 'lag_5': 0.31058022623770776, 'lag_6': 0.8160350071125202, 'lag_7': 0.5103918185422752, 'lag_8': 0.7920078996288953, 'lag_9': 0.36829638889600896, 'lag_10': 0.061809200922344404, 'lag_11': 0.30971280575396554, 'lag_12': 0.1986503481068769, 'lag_13': 0.9570663232442815, 'lag_14': 0.05867267208458928, 'lag_15': 0.3269307107259969, 'lag_16': 0.18415753886185718, 'lag_17': 0.659786562029288, 'lag_18': 0.6747689940738727, 'lag_19': 0.12486025684970524, 'lag_20': 0.27742229053899636, 'lag_21': 0.8860325898113558, 'lag_22': 0.21274691276481844, 'lag_23': 0.49043832094415907, 'lag_24': 0.2792187733862761, 'lag_25': 0.6401764018941076, 'lag_26': 0.1233673053230664, 'lag_27': 0.3198272314642815, 'lag_28': 0.7709346535511665}.
[I 2025-10-03 11:31:21,072] Trial 5 finished with values: [0.02649219467401286, 0.0021101097305199325, 0.0023252600123631483, 0.0003516844528089236, 0.00027592125785840205, 0.004183348634800068, 0.000779105225506104, 0.004078572565789995, 0.0006556119054326704, 0.0005211567818202261, 8.525449129358765e-05, 0.0001561739911815702, 0.025853896867233744, 0.0034920720819957124, 0.0, 0.08196098911878386, 0.0021270049062816795, 0.00022388574620270184, 0.009904192575068084, 0.00730543547667005, 0.018268002649721483, 0.0014048549667257514, 0.0007159165398796035, 0.0001118428421517216, 0.014008186710115606, 0.0005559750581935038, 0.0011726319412639164, 0.001105783567199097, 0.001678315868496496] and parameters: {'lag_0': 0.7062477071344234, 'lag_1': 0.9901496223012826, 'lag_2': 0.5658006952734302, 'lag_3': 0.4174548756881559, 'lag_4': 0.344367961137765, 'lag_5': 0.763911806086806, 'lag_6': 0.9153693151910053, 'lag_7': 0.7690220974336524, 'lag_8': 0.40429127131567727, 'lag_9': 0.1761309883922847, 'lag_10': 0.9530672429653932, 'lag_11': 0.748968489198481, 'lag_12': 0.7887977224911022, 'lag_13': 0.2815465031156545, 'lag_14': 0.2428408419935832, 'lag_15': 0.737235057200095, 'lag_16': 0.6950130927765971, 'lag_17': 0.06105013051025543, 'lag_18': 0.16770911496772722, 'lag_19': 0.05600088815692033, 'lag_20': 0.6717272894449402, 'lag_21': 0.49223528795221905, 'lag_22': 0.24383828707236133, 'lag_23': 0.6336814344901394, 'lag_24': 0.8053264570440036, 'lag_25': 0.28966445114453765, 'lag_26': 0.7519636244723708, 'lag_27': 0.6504094897237174, 'lag_28': 0.004968667663237283}.
[I 2025-10-03 11:31:23,735] Trial 6 finished with values: [0.026749873503120258, 0.0037174187534337274, 0.0025544475912107523, 0.0011113921624160245, 0.0005572182437937579, 0.0034601115823198548, 0.00026044377210076685, 0.002815151974629158, 0.0013342632131762636, 7.474859115154226e-05, 4.3490096861032336e-05, 0.00023080903999160622, 0.026386755662570188, 0.004792230012189955, 0.0, 0.08348231814763073, 0.0024203627358798034, 0.0004995808473053077, 0.0089956891825809, 0.00782602534997027, 0.016423904249439784, 0.0010976497714186649, 0.0004937905876646532, 6.749386939782034e-05, 0.015235898422998015, 0.0005212784760969457, 0.000995509661714351, 0.0008864869906537884, 0.0010819140585426354] and parameters: {'lag_0': 0.5617674013766003, 'lag_1': 0.4135441015543327, 'lag_2': 0.6160295946917452, 'lag_3': 0.5455837314302541, 'lag_4': 0.19320210369655635, 'lag_5': 0.19064360307205122, 'lag_6': 0.5705499102261002, 'lag_7': 0.49832884584301795, 'lag_8': 0.28792324922319484, 'lag_9': 0.8409997182923652, 'lag_10': 0.42332593746221514, 'lag_11': 0.4276876885466806, 'lag_12': 0.1301765222551078, 'lag_13': 0.09955592084561506, 'lag_14': 0.20498446823427185, 'lag_15': 0.8830937725333776, 'lag_16': 0.6685035800578162, 'lag_17': 0.978856078238356, 'lag_18': 0.5956471169487436, 'lag_19': 0.4689918121518905, 'lag_20': 0.11336630870691616, 'lag_21': 0.40345559362569056, 'lag_22': 0.4458512402410708, 'lag_23': 0.3065872450617093, 'lag_24': 0.9113958822863611, 'lag_25': 0.1667168204329294, 'lag_26': 0.7614743130885416, 'lag_27': 0.5416070825618856, 'lag_28': 0.724915612854234}.
[I 2025-10-03 11:31:26,404] Trial 7 finished with values: [0.02651239669421488, 0.004033871708920209, 0.0016564804588874243, 0.0009929389531399377, 0.0005856421501828776, 0.0050719754284480455, 0.0014649886826890116, 0.004300007807872188, 0.0006942701585378586, 0.0002489320896926678, 0.0003417041844033269, 0.00026525126151668644, 0.02195696060264225, 0.004189776742520962, 0.0, 0.08043357844789881, 0.0022379877075993605, 0.000547068523431097, 0.009980124104009168, 0.007316021566491723, 0.016502366758185207, 0.0009145891785245243, 0.00047789802638166626, 3.10362879958622e-05, 0.017744076168287565, 0.000571509062749121, 0.0005942728503770141, 0.0011500470029265739, 0.0013777608063195417] and parameters: {'lag_0': 0.07667758580449009, 'lag_1': 0.20218389228960384, 'lag_2': 0.945582408399363, 'lag_3': 0.13475129935821561, 'lag_4': 0.6234328527792222, 'lag_5': 0.4311346562517415, 'lag_6': 0.6251386611458608, 'lag_7': 0.18410072762054208, 'lag_8': 0.20251359532253932, 'lag_9': 0.10816081071172624, 'lag_10': 0.847303078532113, 'lag_11': 0.10601317514809515, 'lag_12': 0.7520916129308897, 'lag_13': 0.42748640587822956, 'lag_14': 0.23552508829460503, 'lag_15': 0.8599256069108281, 'lag_16': 0.39094603833492714, 'lag_17': 0.9832315433063756, 'lag_18': 0.5069345315315211, 'lag_19': 0.5566787562168124, 'lag_20': 0.3959946939619598, 'lag_21': 0.5211333485542501, 'lag_22': 0.1463815945760842, 'lag_23': 0.9379693350062919, 'lag_24': 0.07776809623797953, 'lag_25': 0.1089297824085995, 'lag_26': 0.0775723823787639, 'lag_27': 0.6799083265370452, 'lag_28': 0.10425460220709466}.
[I 2025-10-03 11:31:29,073] Trial 8 finished with values: [0.03305785123966942, 0.0032171492653484068, 0.002069298257864164, 0.0016842119556321664, 0.0004364936839750962, 0.00259577454017604, 0.0007086597175530387, 0.003022989763992297, 0.0006838962209435128, 0.0005347959976310318, 0.00012196274058100044, 0.00034929613846939814, 0.02945163832116751, 0.003476512829653759, 0.0, 0.07788344234142223, 0.0024762203502391267, 0.0002389297389214596, 0.01078809257990481, 0.006882123089641816, 0.014133699353815737, 0.0012493270912037966, 0.0005942595118597081, 9.824267515127247e-05, 0.015864141259010874, 0.000440574745319657, 0.0007779659302987038, 0.001551795096857648, 0.0006020660381669842] and parameters: {'lag_0': 0.059509576603988354, 'lag_1': 0.5061627996907109, 'lag_2': 0.8749769009121987, 'lag_3': 0.5379817481577831, 'lag_4': 0.7226444966736804, 'lag_5': 0.3539917083833317, 'lag_6': 0.9248907525808386, 'lag_7': 0.42599816910328964, 'lag_8': 0.7274362986393448, 'lag_9': 0.8169224806947334, 'lag_10': 0.15232294220577008, 'lag_11': 0.9823280495749548, 'lag_12': 0.8946948223452318, 'lag_13': 0.5662004243354558, 'lag_14': 0.9158605077920763, 'lag_15': 0.8596547305737104, 'lag_16': 0.40285030518814674, 'lag_17': 0.5792992049671193, 'lag_18': 0.6838207749541632, 'lag_19': 0.6537047491335671, 'lag_20': 0.20882852715598074, 'lag_21': 0.15934018280082973, 'lag_22': 0.5889510242346306, 'lag_23': 0.8065615156511795, 'lag_24': 0.3917719665863187, 'lag_25': 0.7498019207284249, 'lag_26': 0.6247924237464005, 'lag_27': 0.9595289455056828, 'lag_28': 0.49912117737317285}.
[I 2025-10-03 11:31:31,732] Trial 9 finished with values: [0.03305785123966942, 0.0018813066893424032, 0.003943913913837318, 0.0009925569314010259, 0.0005070890049395097, 0.004550164326002458, 0.0007455932385397763, 0.00403149668814892, 0.0006096564361524391, 0.0005722274271795273, 0.00013540812545059333, 0.00031153308596126633, 0.02745850604813891, 0.004184741856190645, 0.0, 0.07860460382775808, 0.0026945174794032376, 0.0003563332277196732, 0.010299211962510369, 0.007128113734428258, 0.016631031693233, 0.001214437002134284, 0.00036437574970711367, 8.114933360479971e-05, 0.014662070967586274, 0.0003688635169966547, 0.00044731393628388166, 0.0008559557411344264, 0.0008532682871591691] and parameters: {'lag_0': 0.4085676193592285, 'lag_1': 0.8658162749961625, 'lag_2': 0.9364789792286082, 'lag_3': 0.44070126824381906, 'lag_4': 0.01907749971150851, 'lag_5': 0.7808227821310708, 'lag_6': 0.6736764601193992, 'lag_7': 0.5519276969316418, 'lag_8': 0.8581817738190888, 'lag_9': 0.2244764051671377, 'lag_10': 0.38507165620466505, 'lag_11': 0.22576495968709084, 'lag_12': 0.06079833512646754, 'lag_13': 0.3172403764848554, 'lag_14': 0.3251642088663411, 'lag_15': 0.7732082443471495, 'lag_16': 0.12347512112631961, 'lag_17': 0.1311901006693527, 'lag_18': 0.07608577281360167, 'lag_19': 0.5508027857724263, 'lag_20': 0.48134622570545443, 'lag_21': 0.12116706067670334, 'lag_22': 0.2523514861932265, 'lag_23': 0.9844521424760254, 'lag_24': 0.3232849960628905, 'lag_25': 0.5137451736019243, 'lag_26': 0.971730860940994, 'lag_27': 0.022581137491778123, 'lag_28': 0.39939620001476994}.
[I 2025-10-03 11:31:34,492] Trial 10 finished with values: [0.021477146230392985, 0.00286835123931879, 0.0020030965526683514, 0.0006722847703934906, 0.0007048554567510377, 0.004048060101243982, 0.0004711551520957329, 0.004077082857837786, 0.0009232345450370702, 0.0003898122513137714, 4.095725743304055e-05, 8.229544422206476e-05, 0.026213348834376225, 0.004352402379264144, 0.0, 0.07434384356097276, 0.0018670307370096042, 0.0004659109507755641, 0.009804098774790493, 0.006649030030108147, 0.01573283574709338, 0.0012609109863182316, 0.0007070689143019535, 5.399590345871274e-05, 0.014351898343465267, 0.0002394813163300162, 0.0009534000574544368, 0.0008734101347303592, 0.0003563269626003151] and parameters: {'lag_0': 0.10172845087252277, 'lag_1': 0.3901822147326461, 'lag_2': 0.6486035661784726, 'lag_3': 0.9157380613433891, 'lag_4': 0.16144172957462916, 'lag_5': 0.6409276977344515, 'lag_6': 0.2769607441228237, 'lag_7': 0.5049893463384267, 'lag_8': 0.31976213284016697, 'lag_9': 0.988369039485865, 'lag_10': 0.7861965122736855, 'lag_11': 0.3517090605720575, 'lag_12': 0.6131858123773666, 'lag_13': 0.41581773670005606, 'lag_14': 0.33459566446595956, 'lag_15': 0.2038327715053672, 'lag_16': 0.32602251721232045, 'lag_17': 0.9467480891364496, 'lag_18': 0.4775155539249931, 'lag_19': 0.6411643566391116, 'lag_20': 0.43176442114312, 'lag_21': 0.8825251256655571, 'lag_22': 0.6327905873022583, 'lag_23': 0.20520334100722598, 'lag_24': 0.8083569953256583, 'lag_25': 0.8299973471545343, 'lag_26': 0.8431221309819396, 'lag_27': 0.6945147952621871, 'lag_28': 0.6290621329159927}.
[I 2025-10-03 11:31:37,152] Trial 11 finished with values: [0.0036474977043158873, 0.002163685666490184, 0.005188718902732635, 0.000999681073925256, 0.00047215051249828606, 0.003479032971330566, 0.0003442059540687402, 0.0033716330938924977, 0.00044754610051073987, 0.00034101921786552545, 0.0004988413293540516, 0.00028810475592262584, 0.028493182102614763, 0.0035835644524733175, 0.0, 0.08297529683987663, 0.0030864542445568277, 0.00042980584890881706, 0.00988226003515968, 0.0075166516451387454, 0.014858891114674398, 0.0010400503279855608, 0.0004503957548881544, 0.00010521998268339468, 0.015634652269659655, 0.00048107798171652914, 0.0008957755312364958, 0.0016365199829515465, 0.0013117125838736886] and parameters: {'lag_0': 0.01056743713494955, 'lag_1': 0.12903659049402472, 'lag_2': 0.8241980073581545, 'lag_3': 0.022742016577191587, 'lag_4': 0.6911611846224767, 'lag_5': 0.7764307665757775, 'lag_6': 0.360954976789374, 'lag_7': 0.8066280510500098, 'lag_8': 0.3358418019941082, 'lag_9': 0.9170975783999875, 'lag_10': 0.9366289561632919, 'lag_11': 0.6583805981744851, 'lag_12': 0.8727243788102993, 'lag_13': 0.09394527868780973, 'lag_14': 0.5202333386089885, 'lag_15': 0.48043855774626854, 'lag_16': 0.48812899494493106, 'lag_17': 0.5231905988917661, 'lag_18': 0.5010509739806408, 'lag_19': 0.6151763470061871, 'lag_20': 0.9627589429294184, 'lag_21': 0.808956212961456, 'lag_22': 0.49629940903498826, 'lag_23': 0.6921732360863476, 'lag_24': 0.37756006953859644, 'lag_25': 0.41731295499868365, 'lag_26': 0.22524648633493607, 'lag_27': 0.10400799017097645, 'lag_28': 0.4828842976922435}.
