[I 2025-09-29 11:57:14,394] Trial 25 finished with value: 0.004981961665001089 and parameters: {'lag_0': 0.6149893481655909, 'lag_1': 0.5553270949278089, 'lag_2': 0.6348605857679139, 'lag_3': 0.6948830030312632, 'lag_4': 0.12587282937167343, 'lag_5': 0.7986822767451636, 'lag_6': 0.0042051505782123855, 'lag_7': 0.4314379891786725, 'lag_8': 0.028483672218741762, 'lag_9': 0.8180666949985297, 'lag_10': 0.27104141550981997, 'lag_11': 0.42327446555484116, 'lag_12': 0.523779737018775, 'lag_13': 0.7428792111303043, 'lag_14': 0.7365980702027074, 'lag_15': 0.6394970822951097, 'lag_16': 0.8438366925918064, 'lag_17': 0.30143821380820757, 'lag_18': 0.4226973552174855, 'lag_19': 0.7951530546474521, 'lag_20': 0.7570994596496301, 'lag_21': 0.8711304824916117, 'lag_22': 0.5160975219355208, 'lag_23': 0.5136919437875573, 'lag_24': 0.35646141449068636, 'lag_25': 0.06468359072016756, 'lag_26': 0.6089870348157486, 'lag_27': 0.07215150387463905, 'lag_28': 0.5288353203646928}. Best is trial 6 with value: 0.004978060063167469.
[I 2025-09-29 11:57:16,924] Trial 26 finished with value: 0.004981522037604952 and parameters: {'lag_0': 0.5708089175611901, 'lag_1': 0.5535158225969088, 'lag_2': 0.6787495514163602, 'lag_3': 0.6973277725730611, 'lag_4': 0.1668409469300362, 'lag_5': 0.826264920485475, 'lag_6': 0.02505618686493802, 'lag_7': 0.4465440627953803, 'lag_8': 0.3576985538199881, 'lag_9': 0.8241241145196193, 'lag_10': 0.52563315506583, 'lag_11': 0.441362151869134, 'lag_12': 0.5143597201316797, 'lag_13': 0.734420429036044, 'lag_14': 0.6176237839611353, 'lag_15': 0.646392052542495, 'lag_16': 0.6410970161915316, 'lag_17': 0.3137546163737967, 'lag_18': 0.4238539302818063, 'lag_19': 0.7840315192891365, 'lag_20': 0.7598813051315685, 'lag_21': 0.862385902489382, 'lag_22': 0.5637878124597491, 'lag_23': 0.5494917861740738, 'lag_24': 0.7007210614905675, 'lag_25': 0.056883319644986996, 'lag_26': 0.7823241504798357, 'lag_27': 0.2531480971022543, 'lag_28': 0.487538588312626}. Best is trial 6 with value: 0.004978060063167469.
[I 2025-09-29 11:57:19,452] Trial 27 finished with value: 0.004989542440071644 and parameters: {'lag_0': 0.35975339546213814, 'lag_1': 0.5621058166118419, 'lag_2': 0.7403214252877836, 'lag_3': 0.7027482167284548, 'lag_4': 0.17757493153830434, 'lag_5': 0.9978501747347561, 'lag_6': 0.017601942527871013, 'lag_7': 0.4478048960802832, 'lag_8': 3.0064815273345147e-05, 'lag_9': 0.819954872226367, 'lag_10': 0.25419436828051123, 'lag_11': 0.44912527291476373, 'lag_12': 0.30780017248846736, 'lag_13': 0.9503344419874891, 'lag_14': 0.636938012644582, 'lag_15': 0.6867857632367068, 'lag_16': 0.6404669685066163, 'lag_17': 0.3100464234707422, 'lag_18': 0.40388196868996074, 'lag_19': 0.7930345361618556, 'lag_20': 0.7687822125036031, 'lag_21': 0.8512611017279298, 'lag_22': 0.5219121029028904, 'lag_23': 0.524376883275559, 'lag_24': 0.6864761987299756, 'lag_25': 0.055301835049983636, 'lag_26': 0.8429261260997324, 'lag_27': 0.2512315499541644, 'lag_28': 0.21721046755282974}. Best is trial 6 with value: 0.004978060063167469.
[I 2025-09-29 11:57:21,987] Trial 28 finished with value: 0.004981841161817076 and parameters: {'lag_0': 0.187836675541046, 'lag_1': 0.7029667097281149, 'lag_2': 0.8758425165122569, 'lag_3': 0.859489718560479, 'lag_4': 0.13277443905449793, 'lag_5': 0.865429926526128, 'lag_6': 0.09853749903069213, 'lag_7': 0.5794552788536051, 'lag_8': 0.29563407948361464, 'lag_9': 0.8104002109913223, 'lag_10': 0.4933430055101849, 'lag_11': 0.7120190611155777, 'lag_12': 0.4829474118748691, 'lag_13': 0.7212261071367867, 'lag_14': 0.5597034398560046, 'lag_15': 0.6422952649630449, 'lag_16': 0.31887176495177183, 'lag_17': 0.2673643277360245, 'lag_18': 0.2713152843869112, 'lag_19': 0.6863484812120494, 'lag_20': 0.9150169959007133, 'lag_21': 0.9686227062540931, 'lag_22': 0.5527950559723108, 'lag_23': 0.5961160696345624, 'lag_24': 0.4791308648357119, 'lag_25': 0.8591073222502906, 'lag_26': 0.6168720160050445, 'lag_27': 0.4295459602190777, 'lag_28': 0.4754880175588638}. Best is trial 6 with value: 0.004978060063167469.
[I 2025-09-29 11:57:24,524] Trial 29 finished with value: 0.005029380120907951 and parameters: {'lag_0': 0.18139672066797563, 'lag_1': 0.7132540971402899, 'lag_2': 0.8733733323651621, 'lag_3': 0.8092571105242948, 'lag_4': 0.305032663935041, 'lag_5': 0.9127943923605515, 'lag_6': 0.1410456506128419, 'lag_7': 0.6000695035189465, 'lag_8': 0.3624437963716899, 'lag_9': 0.928600983879386, 'lag_10': 0.897026349619584, 'lag_11': 0.6290455374660499, 'lag_12': 0.4280067854411592, 'lag_13': 0.8898477713453706, 'lag_14': 0.5594621144544119, 'lag_15': 0.30869873554830185, 'lag_16': 0.2851354926195216, 'lag_17': 0.13603006000858367, 'lag_18': 0.2787776674276893, 'lag_19': 0.5796018655858821, 'lag_20': 0.9192776312061338, 'lag_21': 0.9616672012201956, 'lag_22': 0.4151668217936905, 'lag_23': 0.43436097425882075, 'lag_24': 0.5708773446664298, 'lag_25': 0.9207430589245388, 'lag_26': 0.8810773107557652, 'lag_27': 0.4550874566852156, 'lag_28': 0.4377163554736836}. Best is trial 6 with value: 0.004978060063167469.
[I 2025-09-29 11:57:27,050] Trial 30 finished with value: 0.00502133628473242 and parameters: {'lag_0': 0.11494645693865593, 'lag_1': 0.8635239243855151, 'lag_2': 0.9928141741567778, 'lag_3': 0.8651986044452851, 'lag_4': 0.4283717925783642, 'lag_5': 0.8928048682434996, 'lag_6': 0.08795186433006319, 'lag_7': 0.7106656119532716, 'lag_8': 0.4989289456298307, 'lag_9': 0.8782673781423392, 'lag_10': 0.5194743986601988, 'lag_11': 0.7312900847669193, 'lag_12': 0.30731246148882124, 'lag_13': 0.7785559001121599, 'lag_14': 0.4255147688695067, 'lag_15': 0.44549870160638033, 'lag_16': 0.3177727817120065, 'lag_17': 0.35257990045008863, 'lag_18': 0.15539952564112325, 'lag_19': 0.39315925442337296, 'lag_20': 0.8252545395828995, 'lag_21': 0.8107334060014462, 'lag_22': 0.6147968437494752, 'lag_23': 0.5849381253919117, 'lag_24': 0.6065677872684149, 'lag_25': 0.8379525022015124, 'lag_26': 0.7726884501109901, 'lag_27': 0.6904513055494397, 'lag_28': 0.30478024334968606}. Best is trial 6 with value: 0.004978060063167469.
[I 2025-09-29 11:57:29,576] Trial 31 finished with value: 0.005004724721823629 and parameters: {'lag_0': 0.2397513127095494, 'lag_1': 0.6703795584195151, 'lag_2': 0.8620335312863024, 'lag_3': 0.68219207985555, 'lag_4': 0.11891677164645886, 'lag_5': 0.7802235199532664, 'lag_6': 0.05132578856042247, 'lag_7': 0.5635651425612271, 'lag_8': 0.23532504890953837, 'lag_9': 0.788145001658052, 'lag_10': 0.31362778398248903, 'lag_11': 0.5983127057575678, 'lag_12': 0.4714156540127666, 'lag_13': 0.7215544588342158, 'lag_14': 0.704614727525632, 'lag_15': 0.650982555796065, 'lag_16': 0.4551692286137702, 'lag_17': 0.26563683659078574, 'lag_18': 0.3112374950308017, 'lag_19': 0.7096015816788791, 'lag_20': 0.9790271942134735, 'lag_21': 0.9294468461376016, 'lag_22': 0.5264947841542331, 'lag_23': 0.4847530034461513, 'lag_24': 0.42944665388667824, 'lag_25': 0.7941063998551557, 'lag_26': 0.6129013687527896, 'lag_27': 0.38170942025646737, 'lag_28': 0.5059339442579727}. Best is trial 6 with value: 0.004978060063167469.
[I 2025-09-29 11:57:32,112] Trial 32 finished with value: 0.005056212067424654 and parameters: {'lag_0': 0.45718287723016526, 'lag_1': 0.5358262319152464, 'lag_2': 0.654288141060514, 'lag_3': 0.6628737499140511, 'lag_4': 0.16780135361016385, 'lag_5': 0.7923627258200047, 'lag_6': 0.09985805341596375, 'lag_7': 0.43928120025243506, 'lag_8': 0.35810335484993217, 'lag_9': 0.8303344177098165, 'lag_10': 0.44951208161225026, 'lag_11': 0.3793250655729114, 'lag_12': 0.5706728714216718, 'lag_13': 0.7486084124108358, 'lag_14': 0.7302966257143422, 'lag_15': 0.4998739612117321, 'lag_16': 0.18634607854859553, 'lag_17': 0.3400051811947373, 'lag_18': 0.21772884194887876, 'lag_19': 0.6130096135691668, 'lag_20': 0.8463671923749141, 'lag_21': 0.9052990274487036, 'lag_22': 0.5543102798657703, 'lag_23': 0.665734703236792, 'lag_24': 0.5155938494203423, 'lag_25': 0.5602520876594859, 'lag_26': 0.5289336390683264, 'lag_27': 0.1603975557153553, 'lag_28': 0.42602008057380636}. Best is trial 6 with value: 0.004978060063167469.
[I 2025-09-29 11:57:34,649] Trial 33 finished with value: 0.005039219377932749 and parameters: {'lag_0': 0.5876630525332709, 'lag_1': 0.787225826743839, 'lag_2': 0.7167902133186641, 'lag_3': 0.4981963753400511, 'lag_4': 0.058729364996598615, 'lag_5': 0.8211464941078056, 'lag_6': 0.009421175353471286, 'lag_7': 0.7728649057905671, 'lag_8': 0.2733180807540637, 'lag_9': 0.8696734357393101, 'lag_10': 0.00884284769116811, 'lag_11': 0.4918456863988639, 'lag_12': 0.4883973761343539, 'lag_13': 0.8625137639227126, 'lag_14': 0.5668554089970127, 'lag_15': 0.8988055632822901, 'lag_16': 0.527417091961575, 'lag_17': 0.6396662148217089, 'lag_18': 0.44619127668832936, 'lag_19': 0.7960971606449415, 'lag_20': 0.7383718682778653, 'lag_21': 0.789661590091379, 'lag_22': 0.4506286909502615, 'lag_23': 0.5616644449139359, 'lag_24': 0.49167297704408686, 'lag_25': 0.038285889730892, 'lag_26': 0.624527204979989, 'lag_27': 0.4857591745564954, 'lag_28': 0.10544922963059522}. Best is trial 6 with value: 0.004978060063167469.
[I 2025-09-29 11:57:37,181] Trial 34 finished with value: 0.005055894447302875 and parameters: {'lag_0': 0.34237725173416816, 'lag_1': 0.7256487859863898, 'lag_2': 0.8215816696388241, 'lag_3': 0.8403456393159718, 'lag_4': 0.14232097587652096, 'lag_5': 0.935530687595981, 'lag_6': 0.5948192335757385, 'lag_7': 0.34986338654220317, 'lag_8': 0.3331135202076383, 'lag_9': 0.9749514565390774, 'lag_10': 0.42081713939430315, 'lag_11': 0.24200808818643776, 'lag_12': 0.3603330105636232, 'lag_13': 0.639641894585332, 'lag_14': 0.6054792918644644, 'lag_15': 0.7608299765210736, 'lag_16': 0.3823169928498967, 'lag_17': 0.9948585467810751, 'lag_18': 0.3559859994243849, 'lag_19': 0.7028335225649963, 'lag_20': 0.9116623350942388, 'lag_21': 0.9186274092189128, 'lag_22': 0.2805246564745439, 'lag_23': 0.4515824772438861, 'lag_24': 0.3619112619646691, 'lag_25': 0.14973014729855688, 'lag_26': 0.7350355538293527, 'lag_27': 0.2693969392546664, 'lag_28': 0.5369051840218404}. Best is trial 6 with value: 0.004978060063167469.
[I 2025-09-29 11:57:39,718] Trial 35 finished with value: 0.005034606193361024 and parameters: {'lag_0': 0.6692816042945637, 'lag_1': 0.6079951402302763, 'lag_2': 0.5892476802435511, 'lag_3': 0.7579010959915259, 'lag_4': 0.8989910958798413, 'lag_5': 0.6852822051146129, 'lag_6': 0.14896634555636695, 'lag_7': 0.6660355585900987, 'lag_8': 0.5258890338891589, 'lag_9': 0.7709042667375312, 'lag_10': 0.6964808611346711, 'lag_11': 0.7515684455062202, 'lag_12': 0.661051660230716, 'lag_13': 0.4895735529190869, 'lag_14': 0.7152353757941812, 'lag_15': 0.008672709003409218, 'lag_16': 0.20320923654664674, 'lag_17': 0.4565054475319613, 'lag_18': 0.6160190849149532, 'lag_19': 0.5085560093876552, 'lag_20': 0.5837171797718749, 'lag_21': 0.9926783562784887, 'lag_22': 0.493007373656627, 'lag_23': 0.30538241935846555, 'lag_24': 0.5831312398849076, 'lag_25': 0.605161097089407, 'lag_26': 0.9231261551100568, 'lag_27': 0.17899582007178372, 'lag_28': 0.8036596337948827}. Best is trial 6 with value: 0.004978060063167469.
[I 2025-09-29 11:57:42,246] Trial 36 finished with value: 0.005015695887673388 and parameters: {'lag_0': 0.9741874013084748, 'lag_1': 0.5145597597275124, 'lag_2': 0.9262804657380608, 'lag_3': 0.8713911201394176, 'lag_4': 0.24285183407022948, 'lag_5': 0.8398349868525609, 'lag_6': 0.0796881674862403, 'lag_7': 0.5044362335303815, 'lag_8': 0.20046674998410835, 'lag_9': 0.6439314745302601, 'lag_10': 0.3414827856303001, 'lag_11': 0.6792203304626815, 'lag_12': 0.2225560651274841, 'lag_13': 0.8287505164398836, 'lag_14': 0.4872853544263782, 'lag_15': 0.5389697860131385, 'lag_16': 0.01788399812806185, 'lag_17': 0.11224103549569284, 'lag_18': 0.0006277747118334509, 'lag_19': 0.8105606461591112, 'lag_20': 0.03351565206432083, 'lag_21': 0.8492022180035674, 'lag_22': 0.35654754885549156, 'lag_23': 0.5059012145750481, 'lag_24': 0.41347647992495196, 'lag_25': 0.4546761060876357, 'lag_26': 0.7218151999268066, 'lag_27': 0.4184345271875743, 'lag_28': 0.3259950535832633}. Best is trial 6 with value: 0.004978060063167469.
[I 2025-09-29 11:57:44,772] Trial 37 finished with value: 0.0050211632017517355 and parameters: {'lag_0': 0.010893758842779322, 'lag_1': 0.8402521224358803, 'lag_2': 0.4925566224944068, 'lag_3': 0.43087614123419615, 'lag_4': 0.5942940743098222, 'lag_5': 0.7437966300325395, 'lag_6': 0.17595474069136308, 'lag_7': 0.5247865910697646, 'lag_8': 0.6424968957317583, 'lag_9': 0.9195271949397565, 'lag_10': 0.4948780023021431, 'lag_11': 0.4098624588606206, 'lag_12': 0.49313769064679963, 'lag_13': 0.6984036866712375, 'lag_14': 0.6783810335974234, 'lag_15': 0.6646819178634232, 'lag_16': 0.10467540165138517, 'lag_17': 0.5230589905771361, 'lag_18': 0.508367568048674, 'lag_19': 0.8857551253923397, 'lag_20': 0.31900117887452073, 'lag_21': 0.6779761742985967, 'lag_22': 0.6161617456500298, 'lag_23': 0.71882612555381, 'lag_24': 0.4832602860699377, 'lag_25': 0.6734510849943932, 'lag_26': 0.6456527935685507, 'lag_27': 0.5168640054766762, 'lag_28': 0.463043870986206}. Best is trial 6 with value: 0.004978060063167469.
[I 2025-09-29 11:57:47,303] Trial 38 finished with value: 0.0049520846481554155 and parameters: {'lag_0': 0.4619449464570713, 'lag_1': 0.6764712068745161, 'lag_2': 0.6898089626890551, 'lag_3': 0.5444974733466441, 'lag_4': 0.34633798169054564, 'lag_5': 0.9394920367921357, 'lag_6': 0.7162858252499167, 'lag_7': 0.4252382854617444, 'lag_8': 0.4020643197150762, 'lag_9': 0.7381441378584004, 'lag_10': 0.29753883900158495, 'lag_11': 0.8410703095472641, 'lag_12': 0.5629739381429775, 'lag_13': 0.7467937117223212, 'lag_14': 0.35383568845464103, 'lag_15': 0.5878268615084379, 'lag_16': 0.47074140675793297, 'lag_17': 0.2466328320451357, 'lag_18': 0.4224842181735528, 'lag_19': 0.7436333554334236, 'lag_20': 0.9403461427810531, 'lag_21': 0.8021426499316392, 'lag_22': 0.4422404630664833, 'lag_23': 0.6049162009386926, 'lag_24': 0.7003485783631745, 'lag_25': 0.7744962676460482, 'lag_26': 0.5739381946988427, 'lag_27': 0.12295350277574568, 'lag_28': 0.37493429283115226}. Best is trial 38 with value: 0.0049520846481554155.
[I 2025-09-29 11:57:49,832] Trial 39 finished with value: 0.005010250822494701 and parameters: {'lag_0': 0.23729539061127, 'lag_1': 0.6673074661413305, 'lag_2': 0.7723934711764389, 'lag_3': 0.5320742111112434, 'lag_4': 0.3562426658273271, 'lag_5': 0.8904750153352294, 'lag_6': 0.7249609908942328, 'lag_7': 0.8098632152521716, 'lag_8': 0.3130217763485244, 'lag_9': 0.7488010859986042, 'lag_10': 0.6396669734834739, 'lag_11': 0.8910751992472146, 'lag_12': 0.6142424438164819, 'lag_13': 0.6143400619769508, 'lag_14': 0.32686105180370173, 'lag_15': 0.366613344607647, 'lag_16': 0.461382738028298, 'lag_17': 0.2443279564376746, 'lag_18': 0.28739711884524055, 'lag_19': 0.7461554493462883, 'lag_20': 0.8748633980410756, 'lag_21': 0.7861359977278156, 'lag_22': 0.2902219430530071, 'lag_23': 0.6234632803768951, 'lag_24': 0.6661093053405924, 'lag_25': 0.7980812952621603, 'lag_26': 0.10480247643209856, 'lag_27': 0.3246938839949097, 'lag_28': 0.39346116196338554}. Best is trial 38 with value: 0.0049520846481554155.
[I 2025-09-29 11:57:52,362] Trial 40 finished with value: 0.005004211140846754 and parameters: {'lag_0': 0.4514848364268262, 'lag_1': 0.9389813762672858, 'lag_2': 0.6841976774259684, 'lag_3': 0.45015435408418586, 'lag_4': 0.29846335149606296, 'lag_5': 0.9446582015532299, 'lag_6': 0.8290097714024911, 'lag_7': 0.3416689704754528, 'lag_8': 0.4712691720282841, 'lag_9': 0.4741037569448329, 'lag_10': 0.19296847899055883, 'lag_11': 0.8127183457429896, 'lag_12': 0.4411868621422802, 'lag_13': 0.9070031279863757, 'lag_14': 0.004073188588169185, 'lag_15': 0.17718243498440028, 'lag_16': 0.2595393128479184, 'lag_17': 0.2040289138303228, 'lag_18': 0.19544948681470975, 'lag_19': 0.613446908475519, 'lag_20': 0.9400819553988055, 'lag_21': 0.810124197779131, 'lag_22': 0.44854880888775206, 'lag_23': 0.6829498876800346, 'lag_24': 0.7210846944536742, 'lag_25': 0.8942513273698471, 'lag_26': 0.6823863554083932, 'lag_27': 0.22792456241732995, 'lag_28': 0.21918425869740277}. Best is trial 38 with value: 0.0049520846481554155.
[I 2025-09-29 11:57:54,905] Trial 41 finished with value: 0.004969100161582016 and parameters: {'lag_0': 0.8476382900079811, 'lag_1': 0.4774396668992621, 'lag_2': 0.5882366940140397, 'lag_3': 0.36530435780480996, 'lag_4': 0.20403942645245882, 'lag_5': 0.8162517639446042, 'lag_6': 0.5923978180634853, 'lag_7': 0.44428867785136755, 'lag_8': 0.372383485133204, 'lag_9': 0.8614320623622171, 'lag_10': 0.2917233335731023, 'lag_11': 0.9148647763885495, 'lag_12': 0.5498706786410342, 'lag_13': 0.7496011037082757, 'lag_14': 0.341504911034233, 'lag_15': 0.5719218957697562, 'lag_16': 0.3438587872587031, 'lag_17': 0.35465992280460645, 'lag_18': 0.42699442875867033, 'lag_19': 0.6910687721476317, 'lag_20': 0.8091392933396709, 'lag_21': 0.8942989547595979, 'lag_22': 0.5025725833542924, 'lag_23': 0.5439897126874106, 'lag_24': 0.5473211948731315, 'lag_25': 0.7682991961698437, 'lag_26': 0.5747194113911508, 'lag_27': 0.06567086591818362, 'lag_28': 0.3454914682095841}. Best is trial 38 with value: 0.0049520846481554155.
[I 2025-09-29 11:57:57,443] Trial 42 finished with value: 0.0050324919421423295 and parameters: {'lag_0': 0.8798368139123934, 'lag_1': 0.4568194331363117, 'lag_2': 0.4536372902573342, 'lag_3': 0.3582799909620687, 'lag_4': 0.22174220848354156, 'lag_5': 0.9701143420922451, 'lag_6': 0.5720439722084264, 'lag_7': 0.633723228596876, 'lag_8': 0.40601241747281536, 'lag_9': 0.8620968586593418, 'lag_10': 0.3053482424379024, 'lag_11': 0.9823380547121732, 'lag_12': 0.5585854588921815, 'lag_13': 0.8054876256627691, 'lag_14': 0.302258057392378, 'lag_15': 0.4846469154361235, 'lag_16': 0.34416473618255294, 'lag_17': 0.43398346282314376, 'lag_18': 0.4678179340447335, 'lag_19': 0.6766531284899081, 'lag_20': 0.8106677000686089, 'lag_21': 0.8973702421214894, 'lag_22': 0.3738220959265523, 'lag_23': 0.6053847816345023, 'lag_24': 0.6175217166793435, 'lag_25': 0.6892483053238587, 'lag_26': 0.5707940824503331, 'lag_27': 0.14351805599184075, 'lag_28': 0.3459646885920246}. Best is trial 38 with value: 0.0049520846481554155.
[I 2025-09-29 11:58:00,134] Trial 43 finished with value: 0.004993593820197504 and parameters: {'lag_0': 0.789204252189117, 'lag_1': 0.6757255421580852, 'lag_2': 0.5523057925599857, 'lag_3': 0.27944134683017946, 'lag_4': 0.18890799809083592, 'lag_5': 0.8680086858378313, 'lag_6': 0.6462615777065781, 'lag_7': 0.2668088825787021, 'lag_8': 0.3089981760813149, 'lag_9': 0.9396196406856114, 'lag_10': 0.37776982456942054, 'lag_11': 0.920944539825419, 'lag_12': 0.6512158838971178, 'lag_13': 0.6744651829293535, 'lag_14': 0.23351868553969704, 'lag_15': 0.5764870144096613, 'lag_16': 0.4221501346745285, 'lag_17': 0.34409867589888465, 'lag_18': 0.39654828871239195, 'lag_19': 0.582276274657801, 'lag_20': 0.9691413981577383, 'lag_21': 0.931072538390109, 'lag_22': 0.44136357110573154, 'lag_23': 0.5549827707318542, 'lag_24': 0.5226630162435532, 'lag_25': 0.7482448181489295, 'lag_26': 0.4921113104141176, 'lag_27': 0.057713199803244714, 'lag_28': 0.26538688397841653}. Best is trial 38 with value: 0.0049520846481554155.
[I 2025-09-29 11:58:02,676] Trial 44 finished with value: 0.004997441960522121 and parameters: {'lag_0': 0.08384456651226102, 'lag_1': 0.7361096791094005, 'lag_2': 0.38679844063124813, 'lag_3': 0.40325226139963266, 'lag_4': 0.4198023067960347, 'lag_5': 0.6745798866251763, 'lag_6': 0.8645096717239538, 'lag_7': 0.4689156801918149, 'lag_8': 0.3951892802083946, 'lag_9': 0.7305496925440764, 'lag_10': 0.09318066469462188, 'lag_11': 0.8495265359626692, 'lag_12': 0.006569074452317913, 'lag_13': 0.7683780812256766, 'lag_14': 0.3772790989161121, 'lag_15': 0.7374904787203682, 'lag_16': 0.5673118803897037, 'lag_17': 0.5820216361247113, 'lag_18': 0.5526712296701597, 'lag_19': 0.6909362876467183, 'lag_20': 0.8865119072129883, 'lag_21': 0.965100203287608, 'lag_22': 0.5539295525924105, 'lag_23': 0.7413675320169401, 'lag_24': 0.8154521074684177, 'lag_25': 0.8742622792573398, 'lag_26': 0.675936573097069, 'lag_27': 0.12098861519304276, 'lag_28': 0.4816597269989383}. Best is trial 38 with value: 0.0049520846481554155.
[I 2025-09-29 11:58:05,214] Trial 45 finished with value: 0.004980317191813979 and parameters: {'lag_0': 0.9952744757586383, 'lag_1': 0.47207226537781416, 'lag_2': 0.7018739372034848, 'lag_3': 0.1863645768010708, 'lag_4': 0.056244496258325255, 'lag_5': 0.7593504682344625, 'lag_6': 0.7411502711914413, 'lag_7': 0.5612370305096788, 'lag_8': 0.5398989298006256, 'lag_9': 0.8798900989455559, 'lag_10': 0.7649379507312339, 'lag_11': 0.7989035422721785, 'lag_12': 0.3712150824124545, 'lag_13': 0.828356915578304, 'lag_14': 0.4531916586747515, 'lag_15': 0.815834682560268, 'lag_16': 0.5013517528349006, 'lag_17': 0.38346508423231307, 'lag_18': 0.349024504284584, 'lag_19': 0.7496527634249741, 'lag_20': 0.9403277163280567, 'lag_21': 0.7645956436070473, 'lag_22': 0.6386990339556359, 'lag_23': 0.7817574716241539, 'lag_24': 0.6535465651519806, 'lag_25': 0.754412188402509, 'lag_26': 0.5513982640733988, 'lag_27': 0.05236420533156823, 'lag_28': 0.3608565621248677}. Best is trial 38 with value: 0.0049520846481554155.
