[I 2025-10-03 11:37:19,261] Trial 38 finished with values: [0.0006920415224913495, 0.0024643823419889578, 0.008235809111939527, 0.015449074629570968, 0.0010672810563988663, 0.005497588319845459, 0.000528734076626317, 0.001099319719417854, 0.006145897347263422, 0.000100088393820816, 0.00225891718234499, 0.004617124692018988, 0.0024937582501759733, 0.10646650918530505, 0.0, 0.005803301313035057, 0.012416895670505008, 0.0016751472592832668, 0.0003397231735288255, 0.0012225584955740739, 0.007002205996270519, 0.0012038087664498682, 0.0011739973303132153, 0.010676338943989103, 0.0007853042685027087, 0.0010590998955934104, 0.0007358336554205917, 0.0, 0.0] and parameters: {'lag_0': 0.44533910642687546, 'lag_1': 0.25564976899172354, 'lag_2': 0.6272307412721726, 'lag_3': 0.35411548640746615, 'lag_4': 0.6465434256583831, 'lag_5': 0.42493566945094197, 'lag_6': 0.4540328954969195, 'lag_7': 0.5716722139834659, 'lag_8': 0.44805617647976337, 'lag_9': 0.9146745880728268, 'lag_10': 0.2134092439382209, 'lag_11': 0.024921488701800668, 'lag_12': 0.16379306181433298, 'lag_13': 0.06332314068450384, 'lag_14': 0.1531999123531171, 'lag_15': 0.2154531895609991, 'lag_16': 0.6349219862015069, 'lag_17': 0.3009803515196307, 'lag_18': 0.6681120386971725, 'lag_19': 0.24529929889312077, 'lag_20': 0.5380190196186282, 'lag_21': 0.7468254700765784, 'lag_22': 0.3004930939947414, 'lag_23': 0.6849210220336412, 'lag_24': 0.3482285504639706, 'lag_25': 0.3805716467558033, 'lag_26': 0.15880346100602116, 'lag_27': 0.12475121363675165, 'lag_28': 0.5976065509993953}.
[I 2025-10-03 11:37:21,952] Trial 39 finished with values: [0.019451530612244895, 0.018473257040824607, 0.006203884981045385, 0.006159908363070128, 0.002212447022441147, 0.007746913587844651, 0.00020908614779742413, 0.0011312829389945958, 0.005894910015276061, 0.000602329649403233, 0.0018740146156696054, 0.0071604247164681525, 0.002909366960546249, 0.10399692452055587, 0.0, 0.008220619832191299, 0.01154039797607028, 0.0014213865818386564, 0.00022191718167318314, 0.0009768397874846818, 0.008794087454864876, 0.0011649119252382365, 0.0008681754953422957, 0.012556010287733885, 0.0008849199897483232, 0.0008415535040646298, 0.0010079838433387901, 0.0, 0.0] and parameters: {'lag_0': 0.6658508257949004, 'lag_1': 0.12294606545479685, 'lag_2': 0.021412725590924896, 'lag_3': 0.584865909672615, 'lag_4': 0.8184529192752373, 'lag_5': 0.2821310610829469, 'lag_6': 0.19414979272877528, 'lag_7': 0.7170059465944827, 'lag_8': 0.8221988573568745, 'lag_9': 0.475147903635367, 'lag_10': 0.05207292999136267, 'lag_11': 0.9089744627175862, 'lag_12': 0.6623617667415006, 'lag_13': 0.023638897157011306, 'lag_14': 0.1394404664640793, 'lag_15': 0.018851088885393153, 'lag_16': 0.9892131722367723, 'lag_17': 0.19110586968368487, 'lag_18': 0.6080061328406356, 'lag_19': 0.13968314600260215, 'lag_20': 0.7231371358793863, 'lag_21': 0.44898013753169236, 'lag_22': 0.1608459313835062, 'lag_23': 0.24346937409435776, 'lag_24': 0.01590166460131117, 'lag_25': 0.8029207832765723, 'lag_26': 0.40123069194232575, 'lag_27': 0.2643390167438565, 'lag_28': 0.1984782892408106}.
[I 2025-10-03 11:37:24,647] Trial 40 finished with values: [0.013555555555555557, 0.0032319938353806707, 0.010020119094088712, 0.010318950811812676, 0.0016988496173867824, 0.007439054486194122, 0.000307306157483084, 0.0009463221238609851, 0.008677710644156459, 6.946947221458065e-05, 0.0019277110602149976, 0.005143304472752202, 0.001767243644898679, 0.10518974974241338, 0.0, 0.007090915063964506, 0.01200046255048122, 0.0014049731457083559, 0.00034598735804835027, 0.0011394065599417743, 0.007491400986846047, 0.0008928952828868925, 0.0012891515576984032, 0.011877082099159946, 0.0012514471653114875, 0.0008080091370152763, 0.0008210040625499834, 0.0, 0.0] and parameters: {'lag_0': 0.40640610601514926, 'lag_1': 0.024230554630831246, 'lag_2': 0.8920692804030673, 'lag_3': 0.5059707353639836, 'lag_4': 0.7487809911905586, 'lag_5': 0.3518560547746853, 'lag_6': 0.37574706655993045, 'lag_7': 0.8807889185114384, 'lag_8': 0.9027252919130903, 'lag_9': 0.5631453859820866, 'lag_10': 0.4321159136272598, 'lag_11': 0.1982222653907187, 'lag_12': 0.2395115546572989, 'lag_13': 0.35954998543451544, 'lag_14': 0.055826270074334924, 'lag_15': 0.2314241847888475, 'lag_16': 0.8153492350959722, 'lag_17': 0.7363449376919715, 'lag_18': 0.02057568425626707, 'lag_19': 0.8544292948762215, 'lag_20': 0.9027259639063119, 'lag_21': 0.6376611849193031, 'lag_22': 0.9166365145584552, 'lag_23': 0.28919038919589224, 'lag_24': 0.42935150653795834, 'lag_25': 0.2732271226892582, 'lag_26': 0.9658231612836329, 'lag_27': 0.5827683840962228, 'lag_28': 0.17767060744994428}.
[I 2025-10-03 11:37:27,490] Trial 41 finished with values: [0.005555555555555555, 0.007275293180374051, 0.0112770326390802, 0.012280072675182266, 0.002281375738061587, 0.007933467381354573, 0.00029378184171060075, 0.002004666253297031, 0.005893888050186524, 0.0008790466056098272, 0.003931504843060177, 0.004211026856754924, 0.0019911625631469877, 0.10631931291622261, 0.0, 0.00840902561639723, 0.013270615935276144, 0.0015308600577652854, 0.0002353158805793476, 0.001199919998215242, 0.007063055183506565, 0.001106753299457057, 0.0008118448053430792, 0.013188413384297003, 0.0008751114234439867, 0.0006171729793520856, 0.0011971070612945933, 0.0, 0.0] and parameters: {'lag_0': 0.05880375483085039, 'lag_1': 0.9899117643641768, 'lag_2': 0.6219677555058292, 'lag_3': 0.4267474841978667, 'lag_4': 0.7484273680728776, 'lag_5': 0.13308254218870935, 'lag_6': 0.20686530621905924, 'lag_7': 0.7005533022065965, 'lag_8': 0.9039330228133375, 'lag_9': 0.9705067127027165, 'lag_10': 0.16010717199229924, 'lag_11': 0.9974608967207715, 'lag_12': 0.5739617022580978, 'lag_13': 0.1334614314298509, 'lag_14': 0.1983704004261703, 'lag_15': 0.25022549239204206, 'lag_16': 0.2590228114501854, 'lag_17': 0.9682680957963604, 'lag_18': 0.021711479546320578, 'lag_19': 0.581518367761123, 'lag_20': 0.1046539183188934, 'lag_21': 0.7967051946145444, 'lag_22': 0.30918080680955773, 'lag_23': 0.33140694945743726, 'lag_24': 0.12157959523943687, 'lag_25': 0.7830150765995132, 'lag_26': 0.9668838922597294, 'lag_27': 0.9389226626430461, 'lag_28': 0.8627432229042801}.
[I 2025-10-03 11:37:30,190] Trial 42 finished with values: [0.001652892561983471, 0.008529483314158207, 0.010412489792830795, 0.007998019766276437, 0.001446787858148839, 0.0066135946790227, 0.0008163504051331228, 0.002021800835136036, 0.006550032932766607, 0.0004145596591618718, 0.003275232599587038, 0.0059309550042248825, 0.0020653511634451055, 0.10896067457231573, 0.0, 0.009025250872548499, 0.012475433905256744, 0.0012324239801796593, 0.00031218162182644366, 0.0009576838619939001, 0.006885155485276397, 0.0010988770011742012, 0.0010613668778130189, 0.013623270757809785, 0.00089669888014759, 0.0012306510797188126, 0.0007256139758820331, 0.0, 0.0] and parameters: {'lag_0': 0.7145975751526585, 'lag_1': 0.35504061849820784, 'lag_2': 0.16393265269682425, 'lag_3': 0.3625168114874111, 'lag_4': 0.4768082069426665, 'lag_5': 0.8246489345480046, 'lag_6': 0.417210837538678, 'lag_7': 0.12992947669715704, 'lag_8': 0.9647034197445261, 'lag_9': 0.857405216406015, 'lag_10': 0.7129039122137069, 'lag_11': 0.25317999309089667, 'lag_12': 0.5675046658809185, 'lag_13': 0.3007640521421275, 'lag_14': 0.13510193174139976, 'lag_15': 0.15124398729294275, 'lag_16': 0.46359138459850235, 'lag_17': 0.5510950348185861, 'lag_18': 0.4249011476910152, 'lag_19': 0.6786103220083928, 'lag_20': 0.7118590054229962, 'lag_21': 0.49542972326586665, 'lag_22': 0.40174984618513976, 'lag_23': 0.5788240391241857, 'lag_24': 0.036630074658796516, 'lag_25': 0.34607822052607545, 'lag_26': 0.1572161766889604, 'lag_27': 0.5954341720446203, 'lag_28': 0.6263172639751307}.
[I 2025-10-03 11:37:32,886] Trial 43 finished with values: [0.05486288265306123, 0.007360256701429706, 0.006340236876150607, 0.006040519391164613, 0.0038642192211371202, 0.005518373776758815, 0.0003580197857260909, 0.0011198135025445332, 0.0066631445699728105, 0.000508417188860279, 0.0038258204125112523, 0.005037417570998357, 0.003115123299501742, 0.10252542552745532, 0.0, 0.008743797023875231, 0.01341040595047192, 0.0014055905363283563, 0.0003725732595329651, 0.000909112301178653, 0.006912747417844001, 0.0014388205362173027, 0.0007245201871170939, 0.012669069579808175, 0.001107100757232838, 0.0008143445867930579, 0.0010223064541830132, 0.0, 0.0] and parameters: {'lag_0': 0.3195758447241011, 'lag_1': 0.5512160813390045, 'lag_2': 0.4707091327137776, 'lag_3': 0.7317503028531601, 'lag_4': 0.5199865753678975, 'lag_5': 0.280982274090516, 'lag_6': 0.019207723956172876, 'lag_7': 0.8574724066658423, 'lag_8': 0.08852673067621986, 'lag_9': 0.4340258179502698, 'lag_10': 0.9072899503740758, 'lag_11': 0.919213934408774, 'lag_12': 0.2371500134991108, 'lag_13': 0.7775531671557683, 'lag_14': 0.7973855245686422, 'lag_15': 0.9646823989357789, 'lag_16': 0.1248390749132513, 'lag_17': 0.5011912636755426, 'lag_18': 0.9695951124908585, 'lag_19': 0.4878771410258824, 'lag_20': 0.5527368118017846, 'lag_21': 0.4990594323974281, 'lag_22': 0.04580981977781137, 'lag_23': 0.06274848705961066, 'lag_24': 0.42948499480861446, 'lag_25': 0.08439393685125103, 'lag_26': 0.7289821656470875, 'lag_27': 0.993797871831043, 'lag_28': 0.5707740610370475}.
[I 2025-10-03 11:37:35,570] Trial 44 finished with values: [0.025, 0.00927618198333557, 0.01122989942148109, 0.006258176881577687, 0.001965279049446809, 0.011652646872193376, 0.0003142669152807368, 0.0019102737634698655, 0.010250263234667049, 0.0003693553071201634, 0.0016632829898101538, 0.004698445157444681, 0.0012527260286055186, 0.10604328555642886, 0.0, 0.006353754857957021, 0.011428905874346213, 0.0015362198202840658, 0.0002703168215210845, 0.0009412751723188204, 0.007425482487564276, 0.0008276517971255676, 0.0010365971660945231, 0.0140967121475639, 0.0009139325086377772, 0.0013355894014691657, 0.001094256346516677, 0.0, 0.0] and parameters: {'lag_0': 0.0903578488990284, 'lag_1': 0.0020555637966379312, 'lag_2': 0.5479198136860016, 'lag_3': 0.4304482344721819, 'lag_4': 0.06003159582137541, 'lag_5': 0.07139876660581262, 'lag_6': 0.26984387008018934, 'lag_7': 0.5977977508496052, 'lag_8': 0.07189424760250629, 'lag_9': 0.3443467332535042, 'lag_10': 0.6606259728076918, 'lag_11': 0.02697222134768662, 'lag_12': 0.7923515556096437, 'lag_13': 0.3755002856399016, 'lag_14': 0.4040317091819999, 'lag_15': 0.7228382450370623, 'lag_16': 0.07722947994524655, 'lag_17': 0.994433123132214, 'lag_18': 0.7442512232641874, 'lag_19': 0.6320487812582789, 'lag_20': 0.5031062982475148, 'lag_21': 0.45835711198772416, 'lag_22': 0.9016147289536797, 'lag_23': 0.34341633591847814, 'lag_24': 0.9840678157801485, 'lag_25': 0.6399343049932125, 'lag_26': 0.20650081917322874, 'lag_27': 0.4164029278769857, 'lag_28': 0.851681681087531}.
[I 2025-10-03 11:37:38,260] Trial 45 finished with values: [0.017611068424921238, 0.005735049942842151, 0.011988543594543832, 0.008551556844475403, 0.0024090888805186157, 0.004808358138862668, 0.0002901420190927604, 0.0011835416643005462, 0.006138122317799541, 0.000439977615744471, 0.0036353879488055262, 0.0050989162406215385, 0.0020708071446236464, 0.10124698521167545, 0.0, 0.005958131381843218, 0.013317709158883603, 0.0017027912544780304, 0.00023390847178529078, 0.0011487999564623304, 0.007858758160260906, 0.0012863299412077729, 0.0009523853574736821, 0.012983051468558627, 0.0007965388595754187, 0.0007749966662275503, 0.0013280827988659887, 0.0, 0.0] and parameters: {'lag_0': 0.5187339978402119, 'lag_1': 0.254200745815193, 'lag_2': 0.4563692026244406, 'lag_3': 0.6891966743913112, 'lag_4': 0.46452780053404247, 'lag_5': 0.5518714431666893, 'lag_6': 0.6288322754169915, 'lag_7': 0.9642578857852002, 'lag_8': 0.8525713431397012, 'lag_9': 0.5466557396949099, 'lag_10': 0.9864198550076648, 'lag_11': 0.485405969035124, 'lag_12': 0.8607443227839507, 'lag_13': 0.4671954605377285, 'lag_14': 0.6127614604262588, 'lag_15': 0.07633500306930836, 'lag_16': 0.27202798764864133, 'lag_17': 0.00876099446268233, 'lag_18': 0.5871272341272673, 'lag_19': 0.7523575380935555, 'lag_20': 0.15410704871982078, 'lag_21': 0.7072067615412461, 'lag_22': 0.23546541778160773, 'lag_23': 0.699925678681226, 'lag_24': 0.28124681487632497, 'lag_25': 0.6881397639256029, 'lag_26': 0.3625926672358836, 'lag_27': 0.6414786186044569, 'lag_28': 0.6761269940681428}.
[I 2025-10-03 11:37:40,946] Trial 46 finished with values: [0.026530654174884944, 0.023229111789082102, 0.008224357315955161, 0.007750622173579269, 0.001485332813137489, 0.010277731138598116, 0.00029237349487144245, 0.0011489031434457806, 0.004682725748391272, 0.0007533488962426255, 0.003277243333433694, 0.006340349544986028, 0.0032301972293273242, 0.10528172223801786, 0.0, 0.006861033684951989, 0.012889630583505266, 0.0013554363347535914, 0.0003756095168182639, 0.0011616923374304557, 0.007019688635688542, 0.0014560415504749165, 0.000977664296618753, 0.010733408938452682, 0.0013830131468439226, 0.0011157588801272854, 0.0005650063025230676, 0.0, 0.0] and parameters: {'lag_0': 0.5001779981975347, 'lag_1': 0.16667480067313747, 'lag_2': 0.16505257571618995, 'lag_3': 0.6326272403285407, 'lag_4': 0.472967324971385, 'lag_5': 0.18049293136665082, 'lag_6': 0.1355663028908805, 'lag_7': 0.055688183434630556, 'lag_8': 0.5911272214094315, 'lag_9': 0.3783820862208304, 'lag_10': 0.17526490387606905, 'lag_11': 0.11834658960193281, 'lag_12': 0.20984102644606759, 'lag_13': 0.7636211385032615, 'lag_14': 0.6303760611539054, 'lag_15': 0.5334704079066521, 'lag_16': 0.32045620691797594, 'lag_17': 0.06293256224398551, 'lag_18': 0.20834459198916339, 'lag_19': 0.20696039499112776, 'lag_20': 0.14896222902281242, 'lag_21': 0.44458502194058125, 'lag_22': 0.5323271480942067, 'lag_23': 0.4684470545651877, 'lag_24': 0.26697493814754103, 'lag_25': 0.7449506042260905, 'lag_26': 0.21144414275302328, 'lag_27': 0.9785262574487207, 'lag_28': 0.7233035054221555}.
[I 2025-10-03 11:37:43,635] Trial 47 finished with values: [0.007470521541950113, 0.026753257887517146, 0.007554786603611374, 0.009185770858402666, 0.0009697220171074918, 0.005012346945952469, 0.0002841778171606134, 0.0005596158122921328, 0.008138545524702206, 0.0007870609569762876, 0.002579382165110512, 0.006705796596357861, 0.0022117338323247786, 0.09189768446432557, 0.0, 0.008268516780511333, 0.013189922617249666, 0.0019218352414870185, 0.0002746221291556201, 0.0006632867217740942, 0.007156322814322745, 0.0011736315098232804, 0.0006399722712526578, 0.011162840999445898, 0.0008157601267848622, 0.0007127435225532024, 0.0007771539488246341, 0.0, 0.0] and parameters: {'lag_0': 0.9390606826157075, 'lag_1': 0.8440669816263657, 'lag_2': 0.22634008137092765, 'lag_3': 0.14449280180614707, 'lag_4': 0.6084439257873303, 'lag_5': 0.04441493573747155, 'lag_6': 0.003354696144961768, 'lag_7': 0.8787015151635782, 'lag_8': 0.1447690127588506, 'lag_9': 0.4578862201798982, 'lag_10': 0.5365427696186984, 'lag_11': 0.43809831847522174, 'lag_12': 0.6535074277775703, 'lag_13': 0.7556142788122888, 'lag_14': 0.11111946651867188, 'lag_15': 0.5939315889682235, 'lag_16': 0.05164453271038874, 'lag_17': 0.42468613188438076, 'lag_18': 0.6710751123519872, 'lag_19': 0.4712212314573529, 'lag_20': 0.566952697310453, 'lag_21': 0.1730979625903777, 'lag_22': 0.4939677542413358, 'lag_23': 0.7867551542444273, 'lag_24': 0.07758572050358528, 'lag_25': 0.5986994001091058, 'lag_26': 0.7342734503717376, 'lag_27': 0.7235780993574743, 'lag_28': 0.22463360981347777}.
[I 2025-10-03 11:37:46,327] Trial 48 finished with values: [0.003125, 0.009001160956101319, 0.012947304241948409, 0.009266542869042254, 0.0018669053009515788, 0.004867801711328628, 0.000885115347694371, 0.0017300759163724668, 0.004280002178800872, 0.0005264141348129917, 0.003889881760137371, 0.00512464415847856, 0.0017810171254006978, 0.0984916227821457, 0.0, 0.006695222654126494, 0.012278238664911097, 0.0017546081598584068, 0.0003098342906979199, 0.0013756027530987714, 0.007103951637762872, 0.0012215933747042776, 0.0005957463892663951, 0.01286609942616011, 0.0009159180863475336, 0.000943087400752881, 0.0007030384615127845, 0.0, 0.0] and parameters: {'lag_0': 0.3383034736663199, 'lag_1': 0.7086849373767591, 'lag_2': 0.6815202287584147, 'lag_3': 0.16024508980061816, 'lag_4': 0.19213168763354513, 'lag_5': 0.8192695065958197, 'lag_6': 0.2615867693062971, 'lag_7': 0.9803125010222502, 'lag_8': 0.34032722271264343, 'lag_9': 0.3547641798803403, 'lag_10': 0.633755815129733, 'lag_11': 0.5261986545919068, 'lag_12': 0.332764011240316, 'lag_13': 0.8237190073694733, 'lag_14': 0.12461016695302381, 'lag_15': 0.9119167739031366, 'lag_16': 0.01851695053925862, 'lag_17': 0.8410626094284271, 'lag_18': 0.2161618052307922, 'lag_19': 0.15250277672572204, 'lag_20': 0.9621186390668157, 'lag_21': 0.33955224342450246, 'lag_22': 0.56824777016323, 'lag_23': 0.41242071473866476, 'lag_24': 0.7747915171223848, 'lag_25': 0.2836525720302378, 'lag_26': 0.45259386479179503, 'lag_27': 0.8765811319704445, 'lag_28': 0.748589659659874}.
[I 2025-10-03 11:37:49,017] Trial 49 finished with values: [0.004081632653061224, 0.0043493953823091356, 0.006234353860841103, 0.008348260133494878, 0.0020227039410723726, 0.004415471966087261, 4.445733820544996e-05, 0.0008480212549248339, 0.005909455816136633, 0.00044833761945956615, 0.003034815658828742, 0.0068371693406184385, 0.002122878468240055, 0.10419966372885528, 0.0, 0.007686664960580673, 0.01142893210445948, 0.0012571696012746744, 0.00032572131790936773, 0.0008015347733504281, 0.007098314309985627, 0.001202236965461783, 0.0008807377135128394, 0.012676453329455346, 0.0008143744788297868, 0.0011512944685228383, 0.0010883326798019214, 0.0, 0.0] and parameters: {'lag_0': 0.37265163109663724, 'lag_1': 0.8333292022579237, 'lag_2': 0.1298437810852651, 'lag_3': 0.9565712375283235, 'lag_4': 0.5758983739662152, 'lag_5': 0.22511525070231964, 'lag_6': 0.3273138730951823, 'lag_7': 0.3615374043551013, 'lag_8': 0.07731812439440734, 'lag_9': 0.48541060517575263, 'lag_10': 0.844329178237863, 'lag_11': 0.8148430513171913, 'lag_12': 0.9834817767886331, 'lag_13': 0.8669078764887195, 'lag_14': 0.7156014095834988, 'lag_15': 0.4592928866890983, 'lag_16': 0.7315996558498852, 'lag_17': 0.5310667523739855, 'lag_18': 0.19691475173763287, 'lag_19': 0.44594558794352784, 'lag_20': 0.7536410824323686, 'lag_21': 0.18075324639375906, 'lag_22': 0.47473244359392314, 'lag_23': 0.4178301937145757, 'lag_24': 0.20010503527588086, 'lag_25': 0.6145322157141883, 'lag_26': 0.6825306002947776, 'lag_27': 0.03585158705492406, 'lag_28': 0.8981210242189224}.
[I 2025-10-03 11:37:51,710] Trial 50 finished with values: [0.00802469135802469, 0.00457574774346991, 0.005511061142397959, 0.012741294457445396, 0.002567302731992796, 0.0033933333151514337, 0.000794087510030534, 0.0010880140800490483, 0.00541736966366216, 0.000276292351507827, 0.002422743126623662, 0.0038702444947216023, 0.001931210403551912, 0.09765323605320861, 0.0, 0.007146366778779627, 0.012183407266475588, 0.0016609080990756548, 0.000310364833247384, 0.0008956086946738998, 0.006715901790409111, 0.0011791871543918831, 0.0009356642133872467, 0.012533374734716978, 0.0008768147262314867, 0.0005939984506672559, 0.0010014786313532972, 0.0, 0.0] and parameters: {'lag_0': 0.9454519842420503, 'lag_1': 0.8744957643230584, 'lag_2': 0.7168335469133847, 'lag_3': 0.8462687810920078, 'lag_4': 0.6484086177922248, 'lag_5': 0.028471440932901763, 'lag_6': 0.7077952739113503, 'lag_7': 0.4394437741947763, 'lag_8': 0.2595716009275073, 'lag_9': 0.5002022638142173, 'lag_10': 0.44079525765195926, 'lag_11': 0.9099401186339154, 'lag_12': 0.4916679982529428, 'lag_13': 0.2664614896051798, 'lag_14': 0.42257295945669426, 'lag_15': 0.5530931895970042, 'lag_16': 0.08131739548338829, 'lag_17': 0.029533641437854172, 'lag_18': 0.663640770152478, 'lag_19': 0.2953726640336505, 'lag_20': 0.9189407026637989, 'lag_21': 0.6615724308340319, 'lag_22': 0.7508660756189875, 'lag_23': 0.37279997300779394, 'lag_24': 0.050093012724425776, 'lag_25': 0.9863687888623299, 'lag_26': 0.7781903475586052, 'lag_27': 0.8286252536695158, 'lag_28': 0.9343964133330811}.
[I 2025-10-03 11:37:54,406] Trial 51 finished with values: [0.027347222222222224, 0.010763407539086086, 0.011842080089896442, 0.004250052173772735, 0.002085784748527572, 0.00477690668370536, 0.00028016322490670686, 0.0018276072524967574, 0.006532496715236631, 0.001107119907993348, 0.0025387534319856334, 0.00817829923452436, 0.0015729188496937927, 0.09708667228129751, 0.0, 0.005686423104171821, 0.0121193507053449, 0.0017512572879421328, 0.00016779575863794157, 0.0009621499463728026, 0.007475538707398324, 0.000967917394609941, 0.0007623260868250155, 0.012450232098785046, 0.0013472321946114301, 0.001167498720536643, 0.0010295452326829217, 0.0, 0.0] and parameters: {'lag_0': 0.44533910642687546, 'lag_1': 0.25564976899172354, 'lag_2': 0.6272307412721726, 'lag_3': 0.16024508980061816, 'lag_4': 0.19213168763354513, 'lag_5': 0.42493566945094197, 'lag_6': 0.4540328954969195, 'lag_7': 0.5716722139834659, 'lag_8': 0.44805617647976337, 'lag_9': 0.9146745880728268, 'lag_10': 0.633755815129733, 'lag_11': 0.024921488701800668, 'lag_12': 0.332764011240316, 'lag_13': 0.8237190073694733, 'lag_14': 0.1531999123531171, 'lag_15': 0.9119167739031366, 'lag_16': 0.01851695053925862, 'lag_17': 0.8410626094284271, 'lag_18': 0.2161618052307922, 'lag_19': 0.24529929889312077, 'lag_20': 0.9621186390668157, 'lag_21': 0.7468254700765784, 'lag_22': 0.3004930939947414, 'lag_23': 0.41242071473866476, 'lag_24': 0.3482285504639706, 'lag_25': 0.3805716467558033, 'lag_26': 0.45259386479179503, 'lag_27': 0.12475121363675165, 'lag_28': 0.748589659659874}.
