[I 2025-09-29 13:21:19,930] Trial 82 finished with value: 0.0036401014035281377 and parameters: {'lag_0': 0.06736392361015275, 'lag_1': 0.900532444582825, 'lag_2': 0.8511183699614641, 'lag_3': 0.8290906045673403, 'lag_4': 0.8728926860129389, 'lag_5': 0.017985187582910244, 'lag_6': 0.40790449742834956, 'lag_7': 0.3433267430066874, 'lag_8': 0.7627074087422816, 'lag_9': 0.8240206393324603, 'lag_10': 0.5025206672166072, 'lag_11': 0.058714387314062526, 'lag_12': 0.6870065297495396, 'lag_13': 0.4155188836981163, 'lag_14': 0.18810212369442905, 'lag_15': 0.10805982865904887, 'lag_16': 0.8773376062049809, 'lag_17': 0.6818617053108802, 'lag_18': 0.8064579502678729, 'lag_19': 0.3401261683076724, 'lag_20': 0.34204440787322593, 'lag_21': 0.6316427346112593, 'lag_22': 0.7936915650566436, 'lag_23': 0.4235284570666297, 'lag_24': 0.9688650680653627, 'lag_25': 0.5856655498697165, 'lag_26': 0.6793269446382567, 'lag_27': 0.4402256655630652, 'lag_28': 0.1833537945794048}. Best is trial 23 with value: 0.003017660357681709.
[I 2025-09-29 13:21:22,360] Trial 83 finished with value: 0.00372928129153713 and parameters: {'lag_0': 0.2949787814669116, 'lag_1': 0.7774636774554691, 'lag_2': 0.7024261252709346, 'lag_3': 0.7373584926851862, 'lag_4': 0.4585242674359957, 'lag_5': 0.17543346521294864, 'lag_6': 0.4402830203686015, 'lag_7': 0.18220134721484338, 'lag_8': 0.7105629235159391, 'lag_9': 0.7119814607769687, 'lag_10': 0.2950102561942982, 'lag_11': 0.039770776923991294, 'lag_12': 0.8310046597728583, 'lag_13': 0.35179583488211325, 'lag_14': 0.9267143093750514, 'lag_15': 0.21727750868781417, 'lag_16': 0.9760210465157332, 'lag_17': 0.9762423187293503, 'lag_18': 0.7492395656420436, 'lag_19': 0.24129410252277403, 'lag_20': 0.5025455871145168, 'lag_21': 0.670445581809861, 'lag_22': 0.1886097797433905, 'lag_23': 0.5384990428142881, 'lag_24': 0.4277623426976868, 'lag_25': 0.5453868513214709, 'lag_26': 0.5948103405040183, 'lag_27': 0.7667205774176259, 'lag_28': 0.7209133772773848}. Best is trial 23 with value: 0.003017660357681709.
[I 2025-09-29 13:21:24,787] Trial 84 finished with value: 0.004327110676195711 and parameters: {'lag_0': 0.043457470904127216, 'lag_1': 0.06306036072831614, 'lag_2': 0.4729347891945449, 'lag_3': 0.9367973838875099, 'lag_4': 0.8800262825918426, 'lag_5': 0.09677637602924408, 'lag_6': 0.46300229210740207, 'lag_7': 0.9542372671114454, 'lag_8': 0.8405707930323936, 'lag_9': 0.6472474175962957, 'lag_10': 0.42764985640720404, 'lag_11': 0.09941284297109788, 'lag_12': 0.7654807145393667, 'lag_13': 0.25021036108523237, 'lag_14': 0.48108129531141863, 'lag_15': 0.24289645221172165, 'lag_16': 0.9416021539933436, 'lag_17': 0.551555397098248, 'lag_18': 0.7127262391268485, 'lag_19': 0.18989827300358164, 'lag_20': 0.10481410709172789, 'lag_21': 0.5145054207311467, 'lag_22': 0.2781493261177367, 'lag_23': 0.9777499997248424, 'lag_24': 0.8340678724025916, 'lag_25': 0.840060203255623, 'lag_26': 0.9519194529568613, 'lag_27': 0.41059634467176687, 'lag_28': 0.0964181225378394}. Best is trial 23 with value: 0.003017660357681709.
[I 2025-09-29 13:21:27,226] Trial 85 finished with value: 0.003223606700457113 and parameters: {'lag_0': 0.9083661548196682, 'lag_1': 0.998879353056198, 'lag_2': 0.6583074458418807, 'lag_3': 0.9062136798759911, 'lag_4': 0.4707282569157426, 'lag_5': 0.2125422659462465, 'lag_6': 0.2869050603687676, 'lag_7': 0.5501968699043015, 'lag_8': 0.9139226001819096, 'lag_9': 0.12517501920444626, 'lag_10': 0.477129143166664, 'lag_11': 0.0005345529501666346, 'lag_12': 0.20920490877774245, 'lag_13': 0.0934651928741794, 'lag_14': 0.8244476942632328, 'lag_15': 0.18771683226101488, 'lag_16': 0.8394556406459477, 'lag_17': 0.8886184478865715, 'lag_18': 0.340663463313412, 'lag_19': 0.262167352718102, 'lag_20': 0.4254764784377921, 'lag_21': 0.6160386182036444, 'lag_22': 0.2264916371070457, 'lag_23': 0.4635615167537479, 'lag_24': 0.7595411998418344, 'lag_25': 0.33687998479704095, 'lag_26': 0.46892345743293584, 'lag_27': 0.809019397302406, 'lag_28': 0.16548232941854654}. Best is trial 23 with value: 0.003017660357681709.
[I 2025-09-29 13:21:29,660] Trial 86 finished with value: 0.0035936709835838396 and parameters: {'lag_0': 0.8348847673490225, 'lag_1': 0.935247593784911, 'lag_2': 0.6666925996819631, 'lag_3': 0.9086600461038138, 'lag_4': 0.5230654007587096, 'lag_5': 0.32421681405506986, 'lag_6': 0.2846799107374412, 'lag_7': 0.4925871036054365, 'lag_8': 0.9422804455989698, 'lag_9': 0.10423242754986467, 'lag_10': 0.5386662145896364, 'lag_11': 0.007013088385347663, 'lag_12': 0.252283964256531, 'lag_13': 0.09501967373845924, 'lag_14': 0.8464248786634198, 'lag_15': 0.31120698753933923, 'lag_16': 0.8027548087874059, 'lag_17': 0.7862450685614848, 'lag_18': 0.3174088567637215, 'lag_19': 0.15009888426638862, 'lag_20': 0.3596253231762028, 'lag_21': 0.5325010271916614, 'lag_22': 0.22698122267867163, 'lag_23': 0.3277729190073378, 'lag_24': 0.7568546802572049, 'lag_25': 0.16485947410222396, 'lag_26': 0.4695550034133653, 'lag_27': 0.8479927008668257, 'lag_28': 0.29636220371323563}. Best is trial 23 with value: 0.003017660357681709.
[I 2025-09-29 13:21:32,096] Trial 87 finished with value: 0.003653199356577974 and parameters: {'lag_0': 0.9493465000803168, 'lag_1': 0.9786037492214439, 'lag_2': 0.8073556916496579, 'lag_3': 0.9713727050350306, 'lag_4': 0.4837203169726038, 'lag_5': 0.21028133399833754, 'lag_6': 0.19222120048934924, 'lag_7': 0.2363472457831659, 'lag_8': 0.8972606519496535, 'lag_9': 0.13054367503594896, 'lag_10': 0.47906315515705267, 'lag_11': 0.03660063344572589, 'lag_12': 0.2102700816659572, 'lag_13': 0.19156541660889992, 'lag_14': 0.8803030216666909, 'lag_15': 0.27541969652263987, 'lag_16': 0.83824197533794, 'lag_17': 0.586224723820872, 'lag_18': 0.37143075112404755, 'lag_19': 0.2568592994783299, 'lag_20': 0.4162715589740675, 'lag_21': 0.6228673160485703, 'lag_22': 0.6600150780785062, 'lag_23': 0.3969376596335253, 'lag_24': 0.6729773918654142, 'lag_25': 0.32777515031936516, 'lag_26': 0.41895539091026174, 'lag_27': 0.8152901594153918, 'lag_28': 0.1670526371524753}. Best is trial 23 with value: 0.003017660357681709.
[I 2025-09-29 13:21:34,532] Trial 88 finished with value: 0.0035159555938997556 and parameters: {'lag_0': 0.7165815439988898, 'lag_1': 0.9221178709946102, 'lag_2': 0.5895729502380743, 'lag_3': 0.8651583376937695, 'lag_4': 0.3404748415668684, 'lag_5': 0.27437624336556615, 'lag_6': 0.26301475162208426, 'lag_7': 0.28001999146721634, 'lag_8': 0.38604071021096964, 'lag_9': 0.06822391245839315, 'lag_10': 0.5857895396501933, 'lag_11': 0.1549146077106267, 'lag_12': 0.17771126314593144, 'lag_13': 0.07210142393744715, 'lag_14': 0.7643181467879517, 'lag_15': 0.18955202330744844, 'lag_16': 0.856209850239929, 'lag_17': 0.9151688782622642, 'lag_18': 0.5813678456852089, 'lag_19': 0.3634525848060759, 'lag_20': 0.39472989917725837, 'lag_21': 0.5720999430747572, 'lag_22': 0.06642482680633732, 'lag_23': 0.2915955212400668, 'lag_24': 0.7078550433302145, 'lag_25': 0.2656049220715403, 'lag_26': 0.5036344920537877, 'lag_27': 0.9248065403727517, 'lag_28': 0.2052806955361436}. Best is trial 23 with value: 0.003017660357681709.
[I 2025-09-29 13:21:36,963] Trial 89 finished with value: 0.003568486293023583 and parameters: {'lag_0': 0.7980625903247489, 'lag_1': 0.9922533760835016, 'lag_2': 0.7322902444114242, 'lag_3': 0.9320510240073429, 'lag_4': 0.5347006525211526, 'lag_5': 0.23928874843826148, 'lag_6': 0.32878112330423065, 'lag_7': 0.4194811855084907, 'lag_8': 0.9206726800170268, 'lag_9': 0.1938683743065765, 'lag_10': 0.13821522457174182, 'lag_11': 0.12440269057756347, 'lag_12': 0.13766210526488495, 'lag_13': 0.12537086347867538, 'lag_14': 0.8097781473484779, 'lag_15': 0.46113152407848906, 'lag_16': 0.941610646957058, 'lag_17': 0.46669263758546436, 'lag_18': 0.49817984662683845, 'lag_19': 0.6151946745838441, 'lag_20': 0.3039551089917331, 'lag_21': 0.686285345660109, 'lag_22': 0.32699183525678555, 'lag_23': 0.45876151130070086, 'lag_24': 0.6434895558810476, 'lag_25': 0.35323963397727964, 'lag_26': 0.5615774940644765, 'lag_27': 0.7025529528270971, 'lag_28': 0.48377728687483196}. Best is trial 23 with value: 0.003017660357681709.
[I 2025-09-29 13:21:39,396] Trial 90 finished with value: 0.003755066335268812 and parameters: {'lag_0': 0.9138159077227139, 'lag_1': 0.860045813196181, 'lag_2': 0.8826795978061746, 'lag_3': 0.9693280837966306, 'lag_4': 0.4281913630170323, 'lag_5': 0.29538902076076917, 'lag_6': 0.5886711407251599, 'lag_7': 0.5496429537858531, 'lag_8': 0.8801758382293658, 'lag_9': 0.9202522991941549, 'lag_10': 0.5068358264450188, 'lag_11': 0.2284519097051252, 'lag_12': 0.28981342049141456, 'lag_13': 0.05645146259659632, 'lag_14': 0.9052251690515756, 'lag_15': 0.3367030179811353, 'lag_16': 0.8233815391480146, 'lag_17': 0.6539271751469911, 'lag_18': 0.9706893287519693, 'lag_19': 0.6529529920842956, 'lag_20': 0.20310514151223247, 'lag_21': 0.9209102746551228, 'lag_22': 0.9260899142167813, 'lag_23': 0.37967386034155076, 'lag_24': 0.5897399448295607, 'lag_25': 0.4165771888684082, 'lag_26': 0.4448280613690296, 'lag_27': 0.18533704650111418, 'lag_28': 0.04526754651013182}. Best is trial 23 with value: 0.003017660357681709.
[I 2025-09-29 13:21:41,931] Trial 91 finished with value: 0.0035023035964900787 and parameters: {'lag_0': 0.555356389537766, 'lag_1': 0.9560095656724474, 'lag_2': 0.6169933094403925, 'lag_3': 0.8060339402597839, 'lag_4': 0.3883598913455776, 'lag_5': 0.17653703029612805, 'lag_6': 0.5514243954976006, 'lag_7': 0.6296760250609, 'lag_8': 0.6976760190359292, 'lag_9': 0.6116108410232906, 'lag_10': 0.4419026312887802, 'lag_11': 0.05993854848809012, 'lag_12': 0.22085689648174586, 'lag_13': 0.3322809365251875, 'lag_14': 0.1436978323009238, 'lag_15': 0.14944553308666672, 'lag_16': 0.9050509476555605, 'lag_17': 0.8893724935831059, 'lag_18': 0.08954988483376658, 'lag_19': 0.39826387641520866, 'lag_20': 0.06170829650516019, 'lag_21': 0.6019218873931985, 'lag_22': 0.17334280699435917, 'lag_23': 0.8968167504030281, 'lag_24': 0.461940969454818, 'lag_25': 0.4553567929160433, 'lag_26': 0.6330157101591661, 'lag_27': 0.4929901263289488, 'lag_28': 0.1496228051013172}. Best is trial 23 with value: 0.003017660357681709.
[I 2025-09-29 13:21:44,376] Trial 92 finished with value: 0.0034118387446101066 and parameters: {'lag_0': 0.87923629319875, 'lag_1': 0.3022569375882407, 'lag_2': 0.755984613339521, 'lag_3': 0.8969042979117856, 'lag_4': 0.49436723639361513, 'lag_5': 0.337454306173127, 'lag_6': 0.3729274657216901, 'lag_7': 0.7185090985354912, 'lag_8': 0.7930109081214661, 'lag_9': 0.04916456323205425, 'lag_10': 0.6313841583287394, 'lag_11': 0.00020200357734163248, 'lag_12': 0.15994806283000643, 'lag_13': 0.3870190017362721, 'lag_14': 0.686739929388902, 'lag_15': 0.0718350906416658, 'lag_16': 0.8809829836430062, 'lag_17': 0.8482289961402479, 'lag_18': 0.21548921000890403, 'lag_19': 0.30698711363044406, 'lag_20': 0.47231714875984976, 'lag_21': 0.6480023758758746, 'lag_22': 0.16448010661071674, 'lag_23': 0.5100964243163796, 'lag_24': 0.7895659604922685, 'lag_25': 0.5108454838843175, 'lag_26': 0.537900295833009, 'lag_27': 0.29560070547128225, 'lag_28': 0.9484787120915614}. Best is trial 23 with value: 0.003017660357681709.
[I 2025-09-29 13:21:46,818] Trial 93 finished with value: 0.0036797151860280077 and parameters: {'lag_0': 0.11638992141166347, 'lag_1': 0.4852147661359101, 'lag_2': 0.6318610263945766, 'lag_3': 0.8248572273403251, 'lag_4': 0.5716018236747089, 'lag_5': 0.13987819369419427, 'lag_6': 0.2989398040011731, 'lag_7': 0.6603938146502735, 'lag_8': 0.8316133362993674, 'lag_9': 0.0855997325054077, 'lag_10': 0.18831186511010484, 'lag_11': 0.07457604755619969, 'lag_12': 0.8052422817658732, 'lag_13': 0.45537810105164656, 'lag_14': 0.9450891959470701, 'lag_15': 0.22980750874617306, 'lag_16': 0.9808432164459016, 'lag_17': 0.8180806077092729, 'lag_18': 0.7900477630872631, 'lag_19': 0.3341194649207838, 'lag_20': 0.4456502042083861, 'lag_21': 0.5746975031612046, 'lag_22': 0.12198947989648241, 'lag_23': 0.5937798118373113, 'lag_24': 0.8385419598093489, 'lag_25': 0.6701369198129606, 'lag_26': 0.5910207671576652, 'lag_27': 0.8592964231547999, 'lag_28': 0.07591573439369648}. Best is trial 23 with value: 0.003017660357681709.
[I 2025-09-29 13:21:49,256] Trial 94 finished with value: 0.0036042840781215385 and parameters: {'lag_0': 0.3234624453233771, 'lag_1': 0.2598272052314326, 'lag_2': 0.7092496604751577, 'lag_3': 0.7774407181311788, 'lag_4': 0.4514628262652978, 'lag_5': 0.6957538829200343, 'lag_6': 0.5007301293089222, 'lag_7': 0.6052291726640227, 'lag_8': 0.30671156283219503, 'lag_9': 0.16806823513223684, 'lag_10': 0.3979864874140707, 'lag_11': 0.030456833325230633, 'lag_12': 0.8563115197957182, 'lag_13': 0.2889006853948918, 'lag_14': 0.6409840774039425, 'lag_15': 0.25846521245386844, 'lag_16': 0.7299331751740273, 'lag_17': 0.8702791567507472, 'lag_18': 0.18799754940510138, 'lag_19': 0.3757196847651542, 'lag_20': 0.1435166701252415, 'lag_21': 0.4613735158946115, 'lag_22': 0.03909100086005754, 'lag_23': 0.479234017189719, 'lag_24': 0.8937116356100622, 'lag_25': 0.4845512377170251, 'lag_26': 0.38974661327039317, 'lag_27': 0.8127851989877941, 'lag_28': 0.11064646176254508}. Best is trial 23 with value: 0.003017660357681709.
[I 2025-09-29 13:21:51,693] Trial 95 finished with value: 0.0034018308714470332 and parameters: {'lag_0': 0.4817786466323052, 'lag_1': 0.13742728890822065, 'lag_2': 0.6553986855515451, 'lag_3': 0.8631233709112759, 'lag_4': 0.6208610002255368, 'lag_5': 0.22344585958061697, 'lag_6': 0.4227400626022951, 'lag_7': 0.996009232289433, 'lag_8': 0.9668417224335344, 'lag_9': 0.11937804411918701, 'lag_10': 0.35979321400520237, 'lag_11': 0.1023566611204215, 'lag_12': 0.021057024470857416, 'lag_13': 0.10420764042488924, 'lag_14': 0.806193451659429, 'lag_15': 0.20468582611896646, 'lag_16': 0.9157788873317111, 'lag_17': 0.6303010734393473, 'lag_18': 0.8210404359101819, 'lag_19': 0.42088590866888487, 'lag_20': 0.3783628237653757, 'lag_21': 0.5451686627307454, 'lag_22': 0.21745404672117588, 'lag_23': 0.5263347405407645, 'lag_24': 0.7571992288814464, 'lag_25': 0.5342331370305705, 'lag_26': 0.5215525349775937, 'lag_27': 0.8925272443843159, 'lag_28': 0.16910287155710596}. Best is trial 23 with value: 0.003017660357681709.
[I 2025-09-29 13:21:54,139] Trial 96 finished with value: 0.003808285591233907 and parameters: {'lag_0': 0.2546649117406399, 'lag_1': 0.6846598352214931, 'lag_2': 0.5189093347906051, 'lag_3': 0.000743056442725043, 'lag_4': 0.7328108901981437, 'lag_5': 0.9201455262176452, 'lag_6': 0.3445729193881494, 'lag_7': 0.6872449300209592, 'lag_8': 0.7567086163588941, 'lag_9': 0.5209860341754176, 'lag_10': 0.5469937628966411, 'lag_11': 0.8333714044026039, 'lag_12': 0.10666666632519432, 'lag_13': 0.18244760772098076, 'lag_14': 0.3280133239117847, 'lag_15': 0.17457058343363213, 'lag_16': 0.8696319694104112, 'lag_17': 0.7226845649730238, 'lag_18': 0.4569665805659847, 'lag_19': 0.27477205578413544, 'lag_20': 0.634481743963156, 'lag_21': 0.6169055456063477, 'lag_22': 0.2701735339636685, 'lag_23': 0.42980841865776215, 'lag_24': 0.7186772515670099, 'lag_25': 0.6237891337200563, 'lag_26': 0.4696087434316563, 'lag_27': 0.7510294886232588, 'lag_28': 0.41604269493932966}. Best is trial 23 with value: 0.003017660357681709.
[I 2025-09-29 13:21:56,586] Trial 97 finished with value: 0.003615654825588264 and parameters: {'lag_0': 0.17084850486819703, 'lag_1': 0.18366310126416927, 'lag_2': 0.9276884113450288, 'lag_3': 0.9412959644208218, 'lag_4': 0.4198991275302273, 'lag_5': 0.4204788599363409, 'lag_6': 0.6122542337368242, 'lag_7': 0.5993114942807538, 'lag_8': 0.8610508095662038, 'lag_9': 0.6952608658305964, 'lag_10': 0.47965706310753764, 'lag_11': 0.051867566845629404, 'lag_12': 0.19928121666843493, 'lag_13': 0.6674707879248702, 'lag_14': 0.7291648399496478, 'lag_15': 0.29606839964764037, 'lag_16': 0.7909506208997832, 'lag_17': 0.7778546254790144, 'lag_18': 0.7383789112262964, 'lag_19': 0.18866978209987634, 'lag_20': 0.020875426453328808, 'lag_21': 0.76380731412522, 'lag_22': 0.3884808810679633, 'lag_23': 0.5469774883371492, 'lag_24': 0.8587195764593762, 'lag_25': 0.5833979785251915, 'lag_26': 0.43165812939925263, 'lag_27': 0.6473560864202161, 'lag_28': 0.13508361446448877}. Best is trial 23 with value: 0.003017660357681709.
[I 2025-09-29 13:21:59,029] Trial 98 finished with value: 0.003514121700252852 and parameters: {'lag_0': 0.022560851855129183, 'lag_1': 0.5686041863785896, 'lag_2': 0.7861956717337037, 'lag_3': 0.8975430034474027, 'lag_4': 0.4727907130166158, 'lag_5': 0.6315895651910063, 'lag_6': 0.38922312477072046, 'lag_7': 0.5114092545688537, 'lag_8': 0.48942519061467626, 'lag_9': 0.6727902013338146, 'lag_10': 0.22871361513784166, 'lag_11': 0.026332381394223982, 'lag_12': 0.7124191227551671, 'lag_13': 0.2132146528701661, 'lag_14': 0.40565381198729633, 'lag_15': 0.4113369542171852, 'lag_16': 0.9532016213776201, 'lag_17': 0.5388404173429553, 'lag_18': 0.8662442868500546, 'lag_19': 0.22602645753989786, 'lag_20': 0.7054366223805814, 'lag_21': 0.5084823742152884, 'lag_22': 0.08992292620050475, 'lag_23': 0.6248833425444694, 'lag_24': 0.14753711335639264, 'lag_25': 0.720221363485879, 'lag_26': 0.33871858524761483, 'lag_27': 0.009756400406187138, 'lag_28': 0.2425651325643854}. Best is trial 23 with value: 0.003017660357681709.
[I 2025-09-29 13:22:01,470] Trial 99 finished with value: 0.0034081484647147755 and parameters: {'lag_0': 0.21216532510414227, 'lag_1': 0.8603271963641179, 'lag_2': 0.55426351725201, 'lag_3': 0.5329051946573146, 'lag_4': 0.6774195755646732, 'lag_5': 0.6552408691720587, 'lag_6': 0.21784932420945627, 'lag_7': 0.5678807488925207, 'lag_8': 0.655839462078128, 'lag_9': 0.7405909374959783, 'lag_10': 0.2618633729485197, 'lag_11': 0.1351356653999592, 'lag_12': 0.5515766333558656, 'lag_13': 0.23422294173142433, 'lag_14': 0.5814020162570173, 'lag_15': 0.37025927810824066, 'lag_16': 0.7585275490166433, 'lag_17': 0.8329839631017145, 'lag_18': 0.7696910306394852, 'lag_19': 0.5972846839101463, 'lag_20': 0.09869537386491137, 'lag_21': 0.7247691583363431, 'lag_22': 0.13313411478220258, 'lag_23': 0.5742424691375948, 'lag_24': 0.9601961582286405, 'lag_25': 0.46842347421556846, 'lag_26': 0.30270435971828086, 'lag_27': 0.7750756347746597, 'lag_28': 0.03364634774729529}. Best is trial 23 with value: 0.003017660357681709.
[I 2025-09-29 13:22:01,663] A new study created in memory with name: no-name-d5930bc5-c965-4a77-aa11-b3389a5ca392
[I 2025-09-29 13:22:03,974] Trial 0 finished with value: 0.002893017931413006 and parameters: {'lag_0': 0.11366510024439201, 'lag_1': 0.3238979156419287, 'lag_2': 0.025656765747369806, 'lag_3': 0.31834757161855126, 'lag_4': 0.3300777771116748, 'lag_5': 0.4819376253640902, 'lag_6': 0.5471816336103653, 'lag_7': 0.3286299460967972, 'lag_8': 0.808301207647753, 'lag_9': 0.1396223793094324, 'lag_10': 0.02189086145058348, 'lag_11': 0.6193331809554049, 'lag_12': 0.5515774857887559, 'lag_13': 0.1776539266130777, 'lag_14': 0.534685339199913, 'lag_15': 0.7794534730850137, 'lag_16': 0.5480106359281162, 'lag_17': 0.1227368205699902, 'lag_18': 0.9156853365426624, 'lag_19': 0.2141801370498767, 'lag_20': 0.8438764668003266, 'lag_21': 0.4778054837438883, 'lag_22': 0.6678165673913681, 'lag_23': 0.1883694745513877, 'lag_24': 0.7813972080931224, 'lag_25': 0.34978545262668714, 'lag_26': 0.8950523304393286, 'lag_27': 0.5141340977427711, 'lag_28': 0.6344534574052119}. Best is trial 0 with value: 0.002893017931413006.
[I 2025-09-29 13:22:06,278] Trial 1 finished with value: 0.0033440144494385855 and parameters: {'lag_0': 0.017817571067359553, 'lag_1': 0.6297931276264968, 'lag_2': 0.9212361086364482, 'lag_3': 0.690528325993512, 'lag_4': 0.7566835059806302, 'lag_5': 0.556735017857253, 'lag_6': 0.39503947590336314, 'lag_7': 0.7870842109787536, 'lag_8': 0.4296775926773341, 'lag_9': 0.3848931850826979, 'lag_10': 0.05906767585606109, 'lag_11': 0.7609699817084775, 'lag_12': 0.7371605934070145, 'lag_13': 0.8639639817099063, 'lag_14': 0.2017576593866897, 'lag_15': 0.8200143734549643, 'lag_16': 0.15113900759212373, 'lag_17': 0.5001660772730108, 'lag_18': 0.05760232369214092, 'lag_19': 0.518531435871071, 'lag_20': 0.03468714302092443, 'lag_21': 0.7396768194590628, 'lag_22': 0.5168581115423937, 'lag_23': 0.10553990029021189, 'lag_24': 0.11311303688949731, 'lag_25': 0.35080882832203486, 'lag_26': 0.1389781637468628, 'lag_27': 0.7787624022274074, 'lag_28': 0.40948007149045323}. Best is trial 0 with value: 0.002893017931413006.
[I 2025-09-29 13:22:08,582] Trial 2 finished with value: 0.00285724428945074 and parameters: {'lag_0': 0.36230955661933995, 'lag_1': 0.3918685111633548, 'lag_2': 0.8387291232712784, 'lag_3': 0.019639211432351308, 'lag_4': 0.10656373937053368, 'lag_5': 0.293750455365689, 'lag_6': 0.6548907561191016, 'lag_7': 0.8352288259932055, 'lag_8': 0.12897857271540095, 'lag_9': 0.9987020769366305, 'lag_10': 0.16897315121956627, 'lag_11': 0.6491476327820904, 'lag_12': 0.26473712061924953, 'lag_13': 0.9534096947608003, 'lag_14': 0.41186797016008037, 'lag_15': 0.727613552654745, 'lag_16': 0.7522828391113168, 'lag_17': 0.004672831420419429, 'lag_18': 0.9198039736765348, 'lag_19': 0.9069468768585344, 'lag_20': 0.07302175671963923, 'lag_21': 0.09141571597885731, 'lag_22': 0.23033436742907548, 'lag_23': 0.7868636947041604, 'lag_24': 0.2395110785609789, 'lag_25': 0.380863664369155, 'lag_26': 0.951209412648747, 'lag_27': 0.4374131986929996, 'lag_28': 0.4462665122054261}. Best is trial 2 with value: 0.00285724428945074.
