[I 2025-10-03 11:39:46,001] Trial 94 finished with values: [0.009326694134150012, 0.0017141510070342245, 0.0010358082471839704, 0.0006329680146537145, 0.002519913889069755, 0.002211063083061796, 0.0015326252842926952, 0.0012030589329419356, 0.00346116157004218, 0.0009676903558439136, 0.00079491965392054, 0.00018971093268589886, 0.00951659331286558, 0.019931134095803833, 0.0, 0.025021477887246162, 0.016876944338946886, 0.002819345374465835, 0.0008789997996622428, 8.467301405982536e-05, 0.001000395791186913, 0.0013524351399630027, 0.0008648045907631869, 0.0017120937822294215, 0.00022414432868998624, 9.035537542623204e-05, 0.0010061982579889768, 0.0022875189055523854, 0.0008723713703821592] and parameters: {'lag_0': 0.9614149029408041, 'lag_1': 0.696337583104391, 'lag_2': 0.6733492720567729, 'lag_3': 0.5082790447312473, 'lag_4': 0.25666357022120806, 'lag_5': 0.06875724173148191, 'lag_6': 0.7059888859085371, 'lag_7': 0.3146195078070965, 'lag_8': 0.3706631639982603, 'lag_9': 0.661323418523033, 'lag_10': 0.9838828706053477, 'lag_11': 0.8155069474031026, 'lag_12': 0.06514753491975646, 'lag_13': 0.6202126498672057, 'lag_14': 0.33162766323911813, 'lag_15': 0.9919117455494493, 'lag_16': 0.4432304670003531, 'lag_17': 0.9160364801435849, 'lag_18': 0.755896554181259, 'lag_19': 0.6594753764033271, 'lag_20': 0.27607463484115713, 'lag_21': 0.6667812263360061, 'lag_22': 0.23260662773248528, 'lag_23': 0.8339383988204996, 'lag_24': 0.09320262755842401, 'lag_25': 0.6664993918997066, 'lag_26': 0.36897357869516356, 'lag_27': 0.6814339741146503, 'lag_28': 0.922690806136541}.
[I 2025-10-03 11:39:48,659] Trial 95 finished with values: [0.005162520368904555, 0.0014068886503074813, 0.002553240142181052, 0.0015769788476210638, 0.004126537757285767, 0.0033811751633233073, 0.002063566625578398, 0.0016343282983737177, 0.0023976908298493126, 0.00035838801604693804, 0.00027192022617608945, 0.00015144385990121544, 0.008032201339228055, 0.01785753793886836, 0.0, 0.02630534226288911, 0.015826967066514798, 0.0045451993993206544, 0.0007419472878314748, 0.00016489958681496585, 0.0010129454874520595, 0.0010808580417099164, 0.000724524987535597, 0.0018600011677659383, 0.00020897942370361983, 1.7266449971265408e-05, 0.0011048404340492173, 0.0013750688369503527, 0.0020926430044529267] and parameters: {'lag_0': 0.7461174506789341, 'lag_1': 0.7312468391218012, 'lag_2': 0.056828874126373094, 'lag_3': 0.005544302138744342, 'lag_4': 0.002137363412050127, 'lag_5': 0.5222462134805747, 'lag_6': 0.19377856677549024, 'lag_7': 0.22805422276882464, 'lag_8': 0.7568675551159103, 'lag_9': 0.29900993919632135, 'lag_10': 0.7323156245775527, 'lag_11': 0.5463348153921914, 'lag_12': 0.9433388642692889, 'lag_13': 0.6165315800184133, 'lag_14': 0.3815016292372617, 'lag_15': 0.94518019768874, 'lag_16': 0.9421531252973429, 'lag_17': 0.6678572257872915, 'lag_18': 0.5866932915641554, 'lag_19': 0.4784177515285814, 'lag_20': 0.10273265977329027, 'lag_21': 0.8713176073922664, 'lag_22': 0.7763878554903443, 'lag_23': 0.2811392317899419, 'lag_24': 0.5794110613755661, 'lag_25': 0.8216289967863399, 'lag_26': 0.6233051811307929, 'lag_27': 0.12645725843706035, 'lag_28': 0.2978208604079666}.
[I 2025-10-03 11:39:51,320] Trial 96 finished with values: [0.014257800644052979, 0.006711975258670258, 0.0015375278286717297, 0.0009978222250774187, 0.0026954366968373463, 0.0029997010532125555, 0.002168697197488898, 0.002596033715185911, 0.0022023629316457968, 0.00042292831953076864, 0.0011106209250836563, 0.00030231737304560783, 0.009699567179316023, 0.018889993889698104, 0.0, 0.020075839310737024, 0.013338305515619384, 0.0031710535581954856, 0.0005421758248714846, 0.0001333816791083379, 0.0010051354133184184, 0.00142564354924321, 0.0008531279089187514, 0.0016971796203511375, 0.00027199738376488793, 9.987007888428486e-05, 0.001238000616075291, 0.0015820711718990276, 0.0022116029610823457] and parameters: {'lag_0': 0.8867326766237716, 'lag_1': 0.630137278439914, 'lag_2': 0.9068830946021587, 'lag_3': 0.2955425506928217, 'lag_4': 0.13131290899750003, 'lag_5': 0.03448445260805971, 'lag_6': 0.9312020455378952, 'lag_7': 0.6389197829593125, 'lag_8': 0.5455452339077307, 'lag_9': 0.384364105302674, 'lag_10': 0.04788989712115576, 'lag_11': 0.6040375586646206, 'lag_12': 0.03917302798684559, 'lag_13': 0.5132617852752096, 'lag_14': 0.08821376782740625, 'lag_15': 0.5120201320246124, 'lag_16': 0.8141743831938467, 'lag_17': 0.8489133898471509, 'lag_18': 0.46479519732877894, 'lag_19': 0.44105334225295184, 'lag_20': 0.5788952587971613, 'lag_21': 0.4222839081921944, 'lag_22': 0.0336587751616573, 'lag_23': 0.7212599788517121, 'lag_24': 0.7524687176051942, 'lag_25': 0.740551304993463, 'lag_26': 0.2981834251009135, 'lag_27': 0.2454053748510454, 'lag_28': 0.89220405094603}.
[I 2025-10-03 11:39:53,980] Trial 97 finished with values: [0.017562165377751338, 0.002964882472087605, 0.0005282835267716832, 0.0007671902140947318, 0.0014165071385472499, 0.0028420452880451286, 0.003116655947257205, 0.002144463297522006, 0.0022702015234478683, 0.0007664606617878284, 0.0007189578099851368, 0.00014457484539394676, 0.009878680516138058, 0.022690115854946496, 0.0, 0.025614815499407324, 0.01413398552037535, 0.0036031334102687765, 0.0010795514900075207, 4.807035409687677e-05, 0.001170829329993062, 0.001606957960597614, 0.0005737431067648988, 0.0011783994319806215, 4.26964379412427e-05, 0.00017020384676441822, 0.0005641716887670275, 0.002035775772009617, 0.0006511737074912751] and parameters: {'lag_0': 0.5532420788032549, 'lag_1': 0.05351370683029928, 'lag_2': 0.611728810514422, 'lag_3': 0.24574493079708204, 'lag_4': 0.1469204469295911, 'lag_5': 0.5032067954892074, 'lag_6': 0.5640429520535438, 'lag_7': 0.8096550091032253, 'lag_8': 0.8888811781345201, 'lag_9': 0.9154249328953897, 'lag_10': 0.5017273828972565, 'lag_11': 0.06015739997542778, 'lag_12': 0.7065886591439094, 'lag_13': 0.5358989678493891, 'lag_14': 0.7309836863716914, 'lag_15': 0.34046946360162944, 'lag_16': 0.5180952315158865, 'lag_17': 0.29232128889947084, 'lag_18': 0.06023669912033513, 'lag_19': 0.0665470716194931, 'lag_20': 0.5829020150655394, 'lag_21': 0.21289161249105948, 'lag_22': 0.7463306757925181, 'lag_23': 0.12391849754687578, 'lag_24': 0.7063526210799393, 'lag_25': 0.8780417406322598, 'lag_26': 0.6254317787558813, 'lag_27': 0.08058971216215946, 'lag_28': 0.6378446126526807}.
[I 2025-10-03 11:39:56,636] Trial 98 finished with values: [0.015081135567453233, 0.004902416311449155, 0.0012151253368743726, 0.0006701968610013134, 0.0018982526182571755, 0.0033421009889951234, 0.002688247244686337, 0.002209671716235093, 0.0017590375835867193, 0.00041693014581846574, 0.0006536118400624175, 0.00010449492231840564, 0.009536891148119401, 0.021089919092199417, 0.0, 0.03101569434154412, 0.016236698808428224, 0.004347359412695559, 0.0008087022248175387, 0.00013311301045832013, 0.000908138971709662, 0.001127045306095694, 0.0008593112636938211, 0.0018990570086122038, 0.00016383586370081752, 7.530174156518787e-05, 0.0007122549365751773, 0.0023584311953113966, 0.0016035006627517546] and parameters: {'lag_0': 0.9614149029408041, 'lag_1': 0.039114954353686275, 'lag_2': 0.017692469360921254, 'lag_3': 0.4339189191682795, 'lag_4': 0.4854540851677043, 'lag_5': 0.7267528341803208, 'lag_6': 0.7059888859085371, 'lag_7': 0.6834609177691661, 'lag_8': 0.07887940176258852, 'lag_9': 0.661323418523033, 'lag_10': 0.3210296208279731, 'lag_11': 0.46081855119913584, 'lag_12': 0.0854240842344129, 'lag_13': 0.5866563885101547, 'lag_14': 0.33162766323911813, 'lag_15': 0.25465378833320945, 'lag_16': 0.06872724509553109, 'lag_17': 0.8831028947742715, 'lag_18': 0.8724615284122152, 'lag_19': 0.5444533415843708, 'lag_20': 0.9936094417474294, 'lag_21': 0.18283732294370048, 'lag_22': 0.948220692562498, 'lag_23': 0.31601370896328335, 'lag_24': 0.10012329205428877, 'lag_25': 0.17762729506582756, 'lag_26': 0.36897357869516356, 'lag_27': 0.808874359591909, 'lag_28': 0.6464884111389773}.
[I 2025-10-03 11:39:59,281] Trial 99 finished with values: [0.013100157991237562, 0.0017069213404634742, 0.006525810385620589, 0.0006230563701963973, 0.002711094937204421, 0.002904710445381108, 0.0026707803335791077, 0.0034550984085497125, 0.002644031949097314, 0.00023156325289647932, 0.0007483362039344242, 0.00036483174537328006, 0.008980488765003814, 0.020542079575115488, 0.0, 0.024914165384213493, 0.016487598091600865, 0.003991301006385808, 0.0011721339266113355, 0.00010197391655643784, 0.0006622762447684649, 0.0013830467243294551, 0.0004922216066872525, 0.0013239545829154713, 0.0003806476057930293, 0.00013778538399154724, 0.0010910738431771957, 0.0013871235051058236, 0.002591754202243861] and parameters: {'lag_0': 0.0952590800373895, 'lag_1': 0.8864816640069243, 'lag_2': 0.9844991107360561, 'lag_3': 0.48544594442930644, 'lag_4': 0.11905160307647879, 'lag_5': 0.05976053553800281, 'lag_6': 0.18041185200200727, 'lag_7': 0.09396372456822062, 'lag_8': 0.5433751967011242, 'lag_9': 0.21194121482312586, 'lag_10': 0.35454155625210537, 'lag_11': 0.940592534608866, 'lag_12': 0.5737314947234217, 'lag_13': 0.9397797067436119, 'lag_14': 0.7098740623153565, 'lag_15': 0.8691781994574036, 'lag_16': 0.03003998674552912, 'lag_17': 0.2277870740306359, 'lag_18': 0.709415539477628, 'lag_19': 0.6508498726155285, 'lag_20': 0.12645979626235296, 'lag_21': 0.34059415305124935, 'lag_22': 0.4905056652981486, 'lag_23': 0.8150599196311532, 'lag_24': 0.5174730909806035, 'lag_25': 0.10656148773899755, 'lag_26': 0.37094349027451073, 'lag_27': 0.8617781607241194, 'lag_28': 0.2321259610082309}.
2025-10-03 11:40:01,766 - distributed.worker - INFO - Stopping worker at tcp://192.168.86.108:40612. Reason: scheduler-remove-worker
2025-10-03 11:40:01,770 - distributed.nanny - INFO - Closing Nanny gracefully at 'tcp://192.168.86.108:37791'. Reason: scheduler-remove-worker
2025-10-03 11:40:01,776 - distributed.nanny - INFO - Worker closed
2025-10-03 11:40:01,776 - distributed.core - INFO - Connection to tcp://192.168.86.108:45752 has been closed.
slurmstepd: error: *** JOB 3081527 ON node08 CANCELLED AT 2025-10-03T11:40:01 ***
