2025-09-29 12:50:17,047 - distributed.nanny - INFO -         Start Nanny at: 'tcp://192.168.86.108:39038'
2025-09-29 12:50:18,340 - distributed.worker - INFO -       Start worker at: tcp://192.168.86.108:41019
2025-09-29 12:50:18,340 - distributed.worker - INFO -          Listening to: tcp://192.168.86.108:41019
2025-09-29 12:50:18,340 - distributed.worker - INFO -           Worker name:            SLURMCluster-12
2025-09-29 12:50:18,340 - distributed.worker - INFO -          dashboard at:       192.168.86.108:45413
2025-09-29 12:50:18,340 - distributed.worker - INFO - Waiting to connect to: tcp://192.168.86.101:39990
2025-09-29 12:50:18,340 - distributed.worker - INFO - -------------------------------------------------
2025-09-29 12:50:18,340 - distributed.worker - INFO -               Threads:                          1
2025-09-29 12:50:18,340 - distributed.worker - INFO -                Memory:                   9.31 GiB
2025-09-29 12:50:18,341 - distributed.worker - INFO -       Local Directory: /home1/zrentala/dask-worker-space/dask-scratch-space/worker-kecyecxt
2025-09-29 12:50:18,341 - distributed.worker - INFO - -------------------------------------------------
2025-09-29 12:50:18,616 - distributed.worker - INFO - Starting Worker plugin shuffle
2025-09-29 12:50:18,617 - distributed.worker - INFO -         Registered to: tcp://192.168.86.101:39990
2025-09-29 12:50:18,617 - distributed.worker - INFO - -------------------------------------------------
2025-09-29 12:50:18,617 - distributed.core - INFO - Starting established connection to tcp://192.168.86.101:39990
[I 2025-09-29 12:50:18,689] A new study created in memory with name: no-name-1bfc278b-dd9c-4898-9149-5ea67ee21722
[I 2025-09-29 12:50:21,142] Trial 0 finished with value: 0.0038648882871826 and parameters: {'lag_0': 0.8033888535272051, 'lag_1': 0.7545153482307889, 'lag_2': 0.5204036116672848, 'lag_3': 0.9011232939651485, 'lag_4': 0.48598018770155893, 'lag_5': 0.3691173960500796, 'lag_6': 0.12845822344044794, 'lag_7': 0.4800488323245059, 'lag_8': 0.21713557612677045, 'lag_9': 0.05390185553326781, 'lag_10': 0.39770120320618524, 'lag_11': 0.6162694111030177, 'lag_12': 0.7164132290218131, 'lag_13': 0.17491850550985732, 'lag_14': 0.4776726916759671, 'lag_15': 0.22603054032731923, 'lag_16': 0.15969393201464388, 'lag_17': 0.625522904192525, 'lag_18': 0.5337898446822379, 'lag_19': 0.6725086351440182, 'lag_20': 0.9613918966650229, 'lag_21': 0.7265073145040553, 'lag_22': 0.3753881007431501, 'lag_23': 0.4476904779300124, 'lag_24': 0.7250761602090185, 'lag_25': 0.6926184507938055, 'lag_26': 0.9263871857151255, 'lag_27': 0.9227538431576555, 'lag_28': 0.8390984557584316}. Best is trial 0 with value: 0.0038648882871826.
[I 2025-09-29 12:50:23,567] Trial 1 finished with value: 0.0041801260561672195 and parameters: {'lag_0': 0.06146757310222879, 'lag_1': 0.6117900170303744, 'lag_2': 0.3745218990625919, 'lag_3': 0.5242175136516483, 'lag_4': 0.5945927253407138, 'lag_5': 0.23091076633394608, 'lag_6': 0.2875281513464813, 'lag_7': 0.5071182977064564, 'lag_8': 0.962106173741, 'lag_9': 0.9062767185571344, 'lag_10': 0.505413446105004, 'lag_11': 0.2892240256369904, 'lag_12': 0.8480889758022904, 'lag_13': 0.9834272718781583, 'lag_14': 0.498381230673803, 'lag_15': 0.5988149711571588, 'lag_16': 0.2675442848024201, 'lag_17': 0.013873198239741995, 'lag_18': 0.5454239311564114, 'lag_19': 0.13396868633543807, 'lag_20': 0.45185591567549993, 'lag_21': 0.6339107638333975, 'lag_22': 0.887059388242944, 'lag_23': 0.027060677685558678, 'lag_24': 0.30427013893071947, 'lag_25': 0.7433798816138566, 'lag_26': 0.7035212605414842, 'lag_27': 0.5466700021103741, 'lag_28': 0.4322987501198823}. Best is trial 0 with value: 0.0038648882871826.
[I 2025-09-29 12:50:26,014] Trial 2 finished with value: 0.003876225271103509 and parameters: {'lag_0': 0.4738980584610266, 'lag_1': 0.3491225981494006, 'lag_2': 0.7966486893872338, 'lag_3': 0.3664722714583342, 'lag_4': 0.980814236040441, 'lag_5': 0.42487855895246207, 'lag_6': 0.4772533859610813, 'lag_7': 0.7914220569450839, 'lag_8': 0.5178123114689007, 'lag_9': 0.6744933176735567, 'lag_10': 0.15261707399827706, 'lag_11': 0.41170365796049124, 'lag_12': 0.12867598308740247, 'lag_13': 0.404928135768255, 'lag_14': 0.11331038038551505, 'lag_15': 0.21311857242391846, 'lag_16': 0.29157096876435207, 'lag_17': 0.11117155287614237, 'lag_18': 0.49741849413413414, 'lag_19': 0.5229889301438705, 'lag_20': 0.8561212459728565, 'lag_21': 0.3375704823049704, 'lag_22': 0.7099339474546866, 'lag_23': 0.20473779009296061, 'lag_24': 0.18546687691927652, 'lag_25': 0.07294513810889627, 'lag_26': 0.6378289648944004, 'lag_27': 0.1607013037683095, 'lag_28': 0.08336684748297535}. Best is trial 0 with value: 0.0038648882871826.
[I 2025-09-29 12:50:28,439] Trial 3 finished with value: 0.004148041089655191 and parameters: {'lag_0': 0.4728225382365631, 'lag_1': 0.09636306510001046, 'lag_2': 0.2550760479953416, 'lag_3': 0.8806899289125143, 'lag_4': 0.8123129038524566, 'lag_5': 0.3210524122194197, 'lag_6': 0.47919425846104763, 'lag_7': 0.8134748026611688, 'lag_8': 0.0459029843254816, 'lag_9': 0.8767188997764662, 'lag_10': 0.09579343717300962, 'lag_11': 0.5625545539070325, 'lag_12': 0.7430303249993123, 'lag_13': 0.2300901714138065, 'lag_14': 0.4001067471527465, 'lag_15': 0.1613446633210786, 'lag_16': 0.46563300926713674, 'lag_17': 0.12116812048361703, 'lag_18': 0.7057935383367406, 'lag_19': 0.22145202369899525, 'lag_20': 0.4767550552215985, 'lag_21': 0.15253954155730687, 'lag_22': 0.4727704982989554, 'lag_23': 0.951228898920457, 'lag_24': 0.7171656071696642, 'lag_25': 0.5532566484247373, 'lag_26': 0.8296215596301243, 'lag_27': 0.34738097765709003, 'lag_28': 0.8369518460994775}. Best is trial 0 with value: 0.0038648882871826.
[I 2025-09-29 12:50:30,867] Trial 4 finished with value: 0.0036804962818087566 and parameters: {'lag_0': 0.3166949518826752, 'lag_1': 0.5133126077164026, 'lag_2': 0.9447133627534379, 'lag_3': 0.9667703216919585, 'lag_4': 0.9179542889265704, 'lag_5': 0.15746776495288478, 'lag_6': 0.5268597143221868, 'lag_7': 0.4788859732853948, 'lag_8': 0.9595556600922033, 'lag_9': 0.16632993921538522, 'lag_10': 0.7715191248146395, 'lag_11': 0.6628046721340579, 'lag_12': 0.7070314231615452, 'lag_13': 0.32414498515223805, 'lag_14': 0.8690360154105784, 'lag_15': 0.39718738237378376, 'lag_16': 0.7318571055791491, 'lag_17': 0.021879635571613616, 'lag_18': 0.6472119874771629, 'lag_19': 0.3755067367641014, 'lag_20': 0.15814351068789423, 'lag_21': 0.7448024922336538, 'lag_22': 0.25019951112566563, 'lag_23': 0.5603409465737158, 'lag_24': 0.7913853773812906, 'lag_25': 0.6574342099344124, 'lag_26': 0.5457607039674076, 'lag_27': 0.051465959609414504, 'lag_28': 0.7115808983672379}. Best is trial 4 with value: 0.0036804962818087566.
[I 2025-09-29 12:50:33,308] Trial 5 finished with value: 0.0038457602259906487 and parameters: {'lag_0': 0.33287885239195103, 'lag_1': 0.11923758670333738, 'lag_2': 0.5090697175015179, 'lag_3': 0.406070662876416, 'lag_4': 0.025401012600704532, 'lag_5': 0.01737423304192382, 'lag_6': 0.5277149089847333, 'lag_7': 0.6163017923208113, 'lag_8': 0.641391996830704, 'lag_9': 0.6010422284228095, 'lag_10': 0.36139149577814444, 'lag_11': 0.22751731145115034, 'lag_12': 0.6196990037036835, 'lag_13': 0.25448927518568415, 'lag_14': 0.006168355359838905, 'lag_15': 0.7144426997207788, 'lag_16': 0.033856644855767525, 'lag_17': 0.9294353011462976, 'lag_18': 0.46614748270232687, 'lag_19': 0.8264329724525242, 'lag_20': 0.6790670419228911, 'lag_21': 0.9868804878582261, 'lag_22': 0.8956397727552285, 'lag_23': 0.26748581074335054, 'lag_24': 0.6853376018497389, 'lag_25': 0.6848288975300403, 'lag_26': 0.3782165000991021, 'lag_27': 0.4183316991403191, 'lag_28': 0.4316552158524132}. Best is trial 4 with value: 0.0036804962818087566.
[I 2025-09-29 12:50:35,736] Trial 6 finished with value: 0.003926883923498758 and parameters: {'lag_0': 0.42217481112942135, 'lag_1': 0.9963243873503204, 'lag_2': 0.38970695660555527, 'lag_3': 0.1451148070949097, 'lag_4': 0.06543818589787256, 'lag_5': 0.19081179911122176, 'lag_6': 0.028402894702050055, 'lag_7': 0.2821103041325684, 'lag_8': 0.35646626897692796, 'lag_9': 0.20486174466339765, 'lag_10': 0.11830149484030852, 'lag_11': 0.6362928199737279, 'lag_12': 0.13846696295187558, 'lag_13': 0.1467372440424134, 'lag_14': 0.4194607909579216, 'lag_15': 0.35915605012600366, 'lag_16': 0.9839290273480241, 'lag_17': 0.09733333687738342, 'lag_18': 0.6252549415562606, 'lag_19': 0.5542436400630513, 'lag_20': 0.4032724809324069, 'lag_21': 0.4510477362642714, 'lag_22': 0.38789685199565355, 'lag_23': 0.2222298448070543, 'lag_24': 0.6136692508707328, 'lag_25': 0.07607120159182984, 'lag_26': 0.71906093015544, 'lag_27': 0.8319048872069381, 'lag_28': 0.772388169190454}. Best is trial 4 with value: 0.0036804962818087566.
[I 2025-09-29 12:50:38,165] Trial 7 finished with value: 0.0042504550670445585 and parameters: {'lag_0': 0.26152953710651133, 'lag_1': 0.4825602774410866, 'lag_2': 0.48813492670979364, 'lag_3': 0.08567666031480806, 'lag_4': 0.3778298108467641, 'lag_5': 0.3809577988194632, 'lag_6': 0.11769016816792709, 'lag_7': 0.7031275198686208, 'lag_8': 0.765128095335334, 'lag_9': 0.47610116323250445, 'lag_10': 0.38323847307066944, 'lag_11': 0.6560992622261653, 'lag_12': 0.07855176230133282, 'lag_13': 0.8930243601701714, 'lag_14': 0.9536048025024839, 'lag_15': 0.8522662138157948, 'lag_16': 0.006380395729508417, 'lag_17': 0.13566581985325582, 'lag_18': 0.6097785132408905, 'lag_19': 0.825077697872573, 'lag_20': 0.16579994717229107, 'lag_21': 0.41231945864055564, 'lag_22': 0.1282375694488055, 'lag_23': 0.5795065131125484, 'lag_24': 0.2201605544399311, 'lag_25': 0.2806452476303521, 'lag_26': 0.7438153363378653, 'lag_27': 0.552615383932744, 'lag_28': 0.5344816111730681}. Best is trial 4 with value: 0.0036804962818087566.
[I 2025-09-29 12:50:40,590] Trial 8 finished with value: 0.004142286102340797 and parameters: {'lag_0': 0.8232210743223856, 'lag_1': 0.8390974924347996, 'lag_2': 0.87189667594665, 'lag_3': 0.6878001246209127, 'lag_4': 0.46790998703399983, 'lag_5': 0.3793849689014657, 'lag_6': 0.4769553155676441, 'lag_7': 0.5442484762372217, 'lag_8': 0.6677078198212215, 'lag_9': 0.19062699867356386, 'lag_10': 0.15600701327119748, 'lag_11': 0.4747357630656351, 'lag_12': 0.5800951734737229, 'lag_13': 0.8341822563957842, 'lag_14': 0.9507153207004244, 'lag_15': 0.39774853684587813, 'lag_16': 0.4413660660269272, 'lag_17': 0.590093398527762, 'lag_18': 0.6005224490637122, 'lag_19': 0.9571443134357447, 'lag_20': 0.767582203943124, 'lag_21': 0.39568984239959193, 'lag_22': 0.7024034764916184, 'lag_23': 0.9800520634255191, 'lag_24': 0.3212474258649082, 'lag_25': 0.8702840578165839, 'lag_26': 0.6205088804535993, 'lag_27': 0.2984321165370356, 'lag_28': 0.4922679065681321}. Best is trial 4 with value: 0.0036804962818087566.
[I 2025-09-29 12:50:43,120] Trial 9 finished with value: 0.004355235347254234 and parameters: {'lag_0': 0.8816243086667357, 'lag_1': 0.21940446110473436, 'lag_2': 0.42861886069156346, 'lag_3': 0.08050319054615583, 'lag_4': 0.2558993234601177, 'lag_5': 0.1466216229105711, 'lag_6': 0.062312251342500936, 'lag_7': 0.5480814611045741, 'lag_8': 0.5716433480389315, 'lag_9': 0.6936575131757196, 'lag_10': 0.14982788015687665, 'lag_11': 0.9431468799795902, 'lag_12': 0.4491904761774593, 'lag_13': 0.7642968965515317, 'lag_14': 0.6521058349459911, 'lag_15': 0.1376215426664322, 'lag_16': 0.7597891577033832, 'lag_17': 0.37557055175658904, 'lag_18': 0.5031284373205317, 'lag_19': 0.3914223758974233, 'lag_20': 0.8505270004554897, 'lag_21': 0.829126655482807, 'lag_22': 0.8544810360723338, 'lag_23': 0.8021028814175365, 'lag_24': 0.7517253391155744, 'lag_25': 0.11662017043363973, 'lag_26': 0.0005774197226224024, 'lag_27': 0.34960556531052983, 'lag_28': 0.10493792124721109}. Best is trial 4 with value: 0.0036804962818087566.
[I 2025-09-29 12:50:45,616] Trial 10 finished with value: 0.004100451921644782 and parameters: {'lag_0': 0.014605213091957225, 'lag_1': 0.47736048022094396, 'lag_2': 0.03568967201288131, 'lag_3': 0.7203466102669327, 'lag_4': 0.7539261827447016, 'lag_5': 0.7777870571432405, 'lag_6': 0.9647237081169298, 'lag_7': 0.012021703705008435, 'lag_8': 0.9624288146354384, 'lag_9': 0.3607320337903507, 'lag_10': 0.9527808779060788, 'lag_11': 0.007037556901187458, 'lag_12': 0.42716972795958014, 'lag_13': 0.6081169827785956, 'lag_14': 0.7018191235791278, 'lag_15': 0.018218601276033808, 'lag_16': 0.7189564995040038, 'lag_17': 0.3608838915301453, 'lag_18': 0.9906850690893954, 'lag_19': 0.014226480438153333, 'lag_20': 0.0013615681526827628, 'lag_21': 0.970938029871412, 'lag_22': 0.08813718601730508, 'lag_23': 0.6374535975089646, 'lag_24': 0.9957525589746277, 'lag_25': 0.41775689844981656, 'lag_26': 0.35667550717783336, 'lag_27': 0.044989038339378645, 'lag_28': 0.9978660926787863}. Best is trial 4 with value: 0.0036804962818087566.
[I 2025-09-29 12:50:48,106] Trial 11 finished with value: 0.004230530199431421 and parameters: {'lag_0': 0.268318664174406, 'lag_1': 0.2925195285531043, 'lag_2': 0.9999476163317148, 'lag_3': 0.35664002522165683, 'lag_4': 0.04142362290254412, 'lag_5': 0.011234889158834492, 'lag_6': 0.7955007589910688, 'lag_7': 0.9824353522967362, 'lag_8': 0.8037952389579153, 'lag_9': 0.6015840933726024, 'lag_10': 0.7619414278005886, 'lag_11': 0.1317903983163936, 'lag_12': 0.9807806711890832, 'lag_13': 0.36850018293444364, 'lag_14': 0.053526269984571814, 'lag_15': 0.6817406042382144, 'lag_16': 0.691726447103157, 'lag_17': 0.9820598295510174, 'lag_18': 0.20812320388728095, 'lag_19': 0.3424873158790489, 'lag_20': 0.6795229398476236, 'lag_21': 0.9946354639582429, 'lag_22': 0.30759116907354256, 'lag_23': 0.3902275420358983, 'lag_24': 0.9559229010226487, 'lag_25': 0.9783431078571905, 'lag_26': 0.3622905722423312, 'lag_27': 0.031616584539275835, 'lag_28': 0.369196164783506}. Best is trial 4 with value: 0.0036804962818087566.
[I 2025-09-29 12:50:50,588] Trial 12 finished with value: 0.004297782445076401 and parameters: {'lag_0': 0.658575626128886, 'lag_1': 0.016684192340718218, 'lag_2': 0.6805090684720919, 'lag_3': 0.5114860758895807, 'lag_4': 0.22101197451624213, 'lag_5': 0.0005357057479472294, 'lag_6': 0.7010080972790762, 'lag_7': 0.3192153903060163, 'lag_8': 0.8080609149361596, 'lag_9': 0.3986932678150121, 'lag_10': 0.6193995611851122, 'lag_11': 0.8749947314160339, 'lag_12': 0.5735072128101729, 'lag_13': 0.010448841149981736, 'lag_14': 0.22727700027658643, 'lag_15': 0.9194129064640295, 'lag_16': 0.9412352531022075, 'lag_17': 0.940005610688706, 'lag_18': 0.29425407605163734, 'lag_19': 0.7920432005308812, 'lag_20': 0.26854199723646055, 'lag_21': 0.8143217123234596, 'lag_22': 0.6590458759263413, 'lag_23': 0.29101547285062235, 'lag_24': 0.5002224510374212, 'lag_25': 0.5994959180136274, 'lag_26': 0.4103269828627562, 'lag_27': 0.7005097286001751, 'lag_28': 0.6391810163856453}. Best is trial 4 with value: 0.0036804962818087566.
[I 2025-09-29 12:50:53,070] Trial 13 finished with value: 0.004371517718662428 and parameters: {'lag_0': 0.2591486970764891, 'lag_1': 0.6191941334456773, 'lag_2': 0.6589134692736979, 'lag_3': 0.3088164317779045, 'lag_4': 0.9641456668938022, 'lag_5': 0.7904576448311947, 'lag_6': 0.6532992800653248, 'lag_7': 0.3206394797277019, 'lag_8': 0.3886748522750395, 'lag_9': 0.28292086066981414, 'lag_10': 0.8060928103821944, 'lag_11': 0.2202343367963902, 'lag_12': 0.2962258135069212, 'lag_13': 0.536037611313613, 'lag_14': 0.7647015458136848, 'lag_15': 0.7215728940450072, 'lag_16': 0.6002511494015935, 'lag_17': 0.8032701070561863, 'lag_18': 0.018984723290571714, 'lag_19': 0.663366394935412, 'lag_20': 0.6235939808919208, 'lag_21': 0.6104035575495028, 'lag_22': 0.9903172500114251, 'lag_23': 0.7146303438171892, 'lag_24': 0.8506865579439535, 'lag_25': 0.4130153589499305, 'lag_26': 0.15414839247069215, 'lag_27': 0.19459428585686472, 'lag_28': 0.2721402628327738}. Best is trial 4 with value: 0.0036804962818087566.
[I 2025-09-29 12:50:55,557] Trial 14 finished with value: 0.0042235525281139105 and parameters: {'lag_0': 0.3425474561328544, 'lag_1': 0.1656994456831673, 'lag_2': 0.9580877584438257, 'lag_3': 0.6923436358079023, 'lag_4': 0.6403707478433951, 'lag_5': 0.5510578140380163, 'lag_6': 0.34388228760137907, 'lag_7': 0.6933909214766769, 'lag_8': 0.9926612781933976, 'lag_9': 0.028843945129420345, 'lag_10': 0.3331367911261868, 'lag_11': 0.8048385096527644, 'lag_12': 0.7110031429716677, 'lag_13': 0.31918641649426516, 'lag_14': 0.27989932709907306, 'lag_15': 0.4825570096975392, 'lag_16': 0.017656360951873538, 'lag_17': 0.7712818970963184, 'lag_18': 0.8044381581034806, 'lag_19': 0.3798424174526255, 'lag_20': 0.2699388381170844, 'lag_21': 0.8667881530815879, 'lag_22': 0.2226154930221334, 'lag_23': 0.018962361346118395, 'lag_24': 0.5515888551643064, 'lag_25': 0.7265566411059798, 'lag_26': 0.48803485904929605, 'lag_27': 0.4510420134131682, 'lag_28': 0.64922427912689}. Best is trial 4 with value: 0.0036804962818087566.
[I 2025-09-29 12:50:58,045] Trial 15 finished with value: 0.004101668195310368 and parameters: {'lag_0': 0.6096164408151726, 'lag_1': 0.38006892923470637, 'lag_2': 0.1537906960444776, 'lag_3': 0.9478508001710635, 'lag_4': 0.273821078162384, 'lag_5': 0.10688889587295258, 'lag_6': 0.6162629869336368, 'lag_7': 0.1532087293248774, 'lag_8': 0.6441610619836136, 'lag_9': 0.5449691245935099, 'lag_10': 0.559601585440209, 'lag_11': 0.3553493602833764, 'lag_12': 0.8852759533741199, 'lag_13': 0.006842821189408682, 'lag_14': 0.7969211566764954, 'lag_15': 0.7740400297006329, 'lag_16': 0.8150248953412742, 'lag_17': 0.3209181266122818, 'lag_18': 0.3531054187722962, 'lag_19': 0.9544659338243262, 'lag_20': 0.6102250021683373, 'lag_21': 0.6099428866315693, 'lag_22': 0.006602027186111886, 'lag_23': 0.5074641650629923, 'lag_24': 0.8472043669769778, 'lag_25': 0.8117610192818951, 'lag_26': 0.23168024636792767, 'lag_27': 0.690719163718392, 'lag_28': 0.2667692794255392}. Best is trial 4 with value: 0.0036804962818087566.
[I 2025-09-29 12:51:00,538] Trial 16 finished with value: 0.003938552622309265 and parameters: {'lag_0': 0.1405997664903883, 'lag_1': 0.6226781515260875, 'lag_2': 0.6514491619092216, 'lag_3': 0.22970736702852168, 'lag_4': 0.8433908353497704, 'lag_5': 0.6144993725116028, 'lag_6': 0.3409445551093011, 'lag_7': 0.39701321953451685, 'lag_8': 0.8527110779904739, 'lag_9': 0.7752550743985843, 'lag_10': 0.6895747513058982, 'lag_11': 0.73603478707385, 'lag_12': 0.34177443330140866, 'lag_13': 0.487911310971426, 'lag_14': 0.6346247177725999, 'lag_15': 0.5767802973637518, 'lag_16': 0.3619741608845226, 'lag_17': 0.518053570520225, 'lag_18': 0.8588422546593542, 'lag_19': 0.23853202325109774, 'lag_20': 0.08039775784168024, 'lag_21': 0.744855510575683, 'lag_22': 0.5819648635242501, 'lag_23': 0.27666836321563293, 'lag_24': 0.03900809446621084, 'lag_25': 0.5756376290088113, 'lag_26': 0.524781827870699, 'lag_27': 0.20867601533337432, 'lag_28': 0.6409359063091793}. Best is trial 4 with value: 0.0036804962818087566.
[I 2025-09-29 12:51:03,033] Trial 17 finished with value: 0.003967476562627306 and parameters: {'lag_0': 0.5881135915110478, 'lag_1': 0.4134103874169874, 'lag_2': 0.7965725579363426, 'lag_3': 0.7893804992546387, 'lag_4': 0.6830621704656147, 'lag_5': 0.25406978660341833, 'lag_6': 0.8721808881791044, 'lag_7': 0.6498152760112063, 'lag_8': 0.3976932027443948, 'lag_9': 0.9968907230734335, 'lag_10': 0.9930484205530471, 'lag_11': 0.11566760233248442, 'lag_12': 0.6037215614858271, 'lag_13': 0.6867093610978917, 'lag_14': 0.2576862633139032, 'lag_15': 0.9767798785158737, 'lag_16': 0.581707093977194, 'lag_17': 0.7577902514678995, 'lag_18': 0.4036534432033428, 'lag_19': 0.6003863695201812, 'lag_20': 0.321199674229547, 'lag_21': 0.8804396313464441, 'lag_22': 0.2322130411597748, 'lag_23': 0.36993811275740257, 'lag_24': 0.6170615871823584, 'lag_25': 0.9849773875706576, 'lag_26': 0.19623466597578149, 'lag_27': 0.46056908682446185, 'lag_28': 0.30950932927806096}. Best is trial 4 with value: 0.0036804962818087566.
[I 2025-09-29 12:51:05,520] Trial 18 finished with value: 0.004147835721976241 and parameters: {'lag_0': 0.11862009749978164, 'lag_1': 0.23626893153882933, 'lag_2': 0.23167000704340424, 'lag_3': 0.446010219649423, 'lag_4': 0.3678892411552445, 'lag_5': 0.09407573768233268, 'lag_6': 0.5869620123875158, 'lag_7': 0.9543506210432153, 'lag_8': 0.2063812763073467, 'lag_9': 0.4642283603082282, 'lag_10': 0.2782498567075708, 'lag_11': 0.48075869743773325, 'lag_12': 0.8166644926513184, 'lag_13': 0.27953607590582785, 'lag_14': 0.8667870431261988, 'lag_15': 0.4070842060028112, 'lag_16': 0.8689611809450194, 'lag_17': 0.2519099636093777, 'lag_18': 0.163701334794427, 'lag_19': 0.7935977055990064, 'lag_20': 0.5372563476913356, 'lag_21': 0.03242268371483764, 'lag_22': 0.501163774569867, 'lag_23': 0.7899166499655833, 'lag_24': 0.4017283912628032, 'lag_25': 0.4410823817535612, 'lag_26': 0.5207338299365345, 'lag_27': 0.6780275364692291, 'lag_28': 0.9771897240786149}. Best is trial 4 with value: 0.0036804962818087566.
