[I 2025-09-29 12:54:37,064] Trial 3 finished with value: 0.007539745370356968 and parameters: {'lag_0': 0.4694807019382123, 'lag_1': 0.6515120076374712, 'lag_2': 0.4623125262573637, 'lag_3': 0.6047489928528785, 'lag_4': 0.6145856854378148, 'lag_5': 0.8080685185312254, 'lag_6': 0.2068048015755954, 'lag_7': 0.27021425082293926, 'lag_8': 0.635297293927804, 'lag_9': 0.05489800811203068, 'lag_10': 0.19907947233960752, 'lag_11': 0.9524537057032172, 'lag_12': 0.2440420337497228, 'lag_13': 0.12839621359445152, 'lag_14': 0.20984893720463682, 'lag_15': 0.6715310931802252, 'lag_16': 0.7293193796817172, 'lag_17': 0.5731557650760776, 'lag_18': 0.9223569023528565, 'lag_19': 0.12639007676376826, 'lag_20': 0.11564158732892195, 'lag_21': 0.1406538203462472, 'lag_22': 0.37896147077670705, 'lag_23': 0.23173099234498118, 'lag_24': 0.541624558388892, 'lag_25': 0.6525776098143921, 'lag_26': 0.533919083165574, 'lag_27': 0.8164694456153135, 'lag_28': 0.21346922272060678}. Best is trial 0 with value: 0.007124973493012108.
[I 2025-09-29 12:54:39,524] Trial 4 finished with value: 0.007053906515793995 and parameters: {'lag_0': 0.9627975864234048, 'lag_1': 0.21604771270956147, 'lag_2': 0.8012288547416204, 'lag_3': 0.3574501034679081, 'lag_4': 0.8597163709098331, 'lag_5': 0.3206098951320821, 'lag_6': 0.2286976418634456, 'lag_7': 0.973415393536099, 'lag_8': 0.07331744472081782, 'lag_9': 0.907562939374273, 'lag_10': 0.13402243259798371, 'lag_11': 0.2958497448391098, 'lag_12': 0.7775219316767495, 'lag_13': 0.2941946018410508, 'lag_14': 0.9638437335351793, 'lag_15': 0.395973382889167, 'lag_16': 0.34894232714249823, 'lag_17': 0.5739833231756613, 'lag_18': 0.13788962864911652, 'lag_19': 0.8412019236765841, 'lag_20': 0.9129014195789684, 'lag_21': 0.25585682305945356, 'lag_22': 0.5137197523859434, 'lag_23': 0.2596144640540696, 'lag_24': 0.9743372866253517, 'lag_25': 0.5837489134778935, 'lag_26': 0.7919651576531418, 'lag_27': 0.8041132063656091, 'lag_28': 0.5957866559201271}. Best is trial 4 with value: 0.007053906515793995.
[I 2025-09-29 12:54:41,978] Trial 5 finished with value: 0.00712893712669619 and parameters: {'lag_0': 0.4489862620257803, 'lag_1': 0.5577780222909998, 'lag_2': 0.5662869278009117, 'lag_3': 0.06529057540123359, 'lag_4': 0.7420178253490964, 'lag_5': 0.6443992151170315, 'lag_6': 0.5804619856320368, 'lag_7': 0.3302267987534893, 'lag_8': 0.2388646667717935, 'lag_9': 0.603018635805744, 'lag_10': 0.8890834133795606, 'lag_11': 0.2294401369872237, 'lag_12': 0.45756192788834776, 'lag_13': 0.5933162292961118, 'lag_14': 0.5998335563516686, 'lag_15': 0.4943020776806028, 'lag_16': 0.7620258290612582, 'lag_17': 0.305946708217755, 'lag_18': 0.22201570409495283, 'lag_19': 0.8256865243996253, 'lag_20': 0.9707461104192652, 'lag_21': 0.6929211250867398, 'lag_22': 0.9838802236315305, 'lag_23': 0.6722534423039367, 'lag_24': 0.4490283256653338, 'lag_25': 0.14426181044412323, 'lag_26': 0.6502102248539393, 'lag_27': 0.9571579973957676, 'lag_28': 0.9658870454040882}. Best is trial 4 with value: 0.007053906515793995.
[I 2025-09-29 12:54:44,437] Trial 6 finished with value: 0.0073075323381293356 and parameters: {'lag_0': 0.5600681686665644, 'lag_1': 0.7166023876509403, 'lag_2': 0.6697321631108376, 'lag_3': 0.4753460064703817, 'lag_4': 0.5931090812838479, 'lag_5': 0.4014839378468334, 'lag_6': 0.7203255813023318, 'lag_7': 0.24701980710764154, 'lag_8': 0.22158137540620867, 'lag_9': 0.5393519334987313, 'lag_10': 0.5745604042624606, 'lag_11': 0.23015121983093614, 'lag_12': 0.32651590350904447, 'lag_13': 0.09628563745045624, 'lag_14': 0.6933131429698618, 'lag_15': 0.3390336991029467, 'lag_16': 0.6939630717134949, 'lag_17': 0.6456532197862451, 'lag_18': 0.23063634478566583, 'lag_19': 0.7271683831585827, 'lag_20': 0.037359076964367716, 'lag_21': 0.6944819443606646, 'lag_22': 0.038662884474720716, 'lag_23': 0.12286849796220867, 'lag_24': 0.6328904272417057, 'lag_25': 0.8262121071582229, 'lag_26': 0.9037333860543157, 'lag_27': 0.2299869298614412, 'lag_28': 0.017045054781677803}. Best is trial 4 with value: 0.007053906515793995.
[I 2025-09-29 12:54:46,901] Trial 7 finished with value: 0.006675531929062122 and parameters: {'lag_0': 0.955267906067202, 'lag_1': 0.9671200698783478, 'lag_2': 0.10450595561432675, 'lag_3': 0.8281786641213389, 'lag_4': 0.27125242700342433, 'lag_5': 0.6669843422070574, 'lag_6': 0.3503393356237405, 'lag_7': 0.051039793281142186, 'lag_8': 0.9216162187714141, 'lag_9': 0.6687728618098191, 'lag_10': 0.6709972486650387, 'lag_11': 0.09009396810737458, 'lag_12': 0.06855034285619936, 'lag_13': 0.8698127704680096, 'lag_14': 0.9741687475891686, 'lag_15': 0.063818209262587, 'lag_16': 0.2915341027406324, 'lag_17': 0.6945066468448282, 'lag_18': 0.9156045278504111, 'lag_19': 0.8350231426296826, 'lag_20': 0.21611994935943252, 'lag_21': 0.1941362394064729, 'lag_22': 0.04044688521457243, 'lag_23': 0.38844873343310965, 'lag_24': 0.2910261227949571, 'lag_25': 0.4024557153401735, 'lag_26': 0.4981196786578668, 'lag_27': 0.16387119379721385, 'lag_28': 0.2791726207491227}. Best is trial 7 with value: 0.006675531929062122.
[I 2025-09-29 12:54:49,352] Trial 8 finished with value: 0.007036705560861896 and parameters: {'lag_0': 0.4171481701837401, 'lag_1': 0.5033845097959887, 'lag_2': 0.036408113724317646, 'lag_3': 0.6834392691038886, 'lag_4': 0.8033898834900057, 'lag_5': 0.5108619183988845, 'lag_6': 0.7841966435206428, 'lag_7': 0.04290080441745269, 'lag_8': 0.7815682890543066, 'lag_9': 0.32980847891597537, 'lag_10': 0.6482625569696479, 'lag_11': 0.19265424099255365, 'lag_12': 0.38139782824045554, 'lag_13': 0.9909170189683651, 'lag_14': 0.19944162506409222, 'lag_15': 0.2809586303335617, 'lag_16': 0.32022689584867053, 'lag_17': 0.469717626151634, 'lag_18': 0.7968110048210265, 'lag_19': 0.5935579459658057, 'lag_20': 0.5266318067520877, 'lag_21': 0.5613801221201364, 'lag_22': 0.23719248090881054, 'lag_23': 0.7696084381433111, 'lag_24': 0.6113657091460993, 'lag_25': 0.5807395054222672, 'lag_26': 0.3225263496618482, 'lag_27': 0.36261988200496303, 'lag_28': 0.23854089959978156}. Best is trial 7 with value: 0.006675531929062122.
[I 2025-09-29 12:54:51,799] Trial 9 finished with value: 0.006655004559022512 and parameters: {'lag_0': 0.3425584518489435, 'lag_1': 0.6337923662060048, 'lag_2': 0.08856724591664863, 'lag_3': 0.047178929374355916, 'lag_4': 0.623627415794614, 'lag_5': 0.7317986746466291, 'lag_6': 0.858175455984168, 'lag_7': 0.22261367005923646, 'lag_8': 0.794200504036999, 'lag_9': 0.9173326322329531, 'lag_10': 0.6681030512469205, 'lag_11': 0.8232809068299831, 'lag_12': 0.6704467946602152, 'lag_13': 0.48744042236562235, 'lag_14': 0.971052315529328, 'lag_15': 0.6576010938307664, 'lag_16': 0.9565548414231458, 'lag_17': 0.04604381530719851, 'lag_18': 0.2555086534339614, 'lag_19': 0.42667159832922774, 'lag_20': 0.9374932780209482, 'lag_21': 0.798896502710291, 'lag_22': 0.1041339005733171, 'lag_23': 0.09583591224477532, 'lag_24': 0.5784589679519884, 'lag_25': 0.20327145514907094, 'lag_26': 0.40997661273257147, 'lag_27': 0.21668986900301818, 'lag_28': 0.1083060220700204}. Best is trial 9 with value: 0.006655004559022512.
[I 2025-09-29 12:54:54,299] Trial 10 finished with value: 0.007559356353117672 and parameters: {'lag_0': 0.0602227941281514, 'lag_1': 0.33580158783306124, 'lag_2': 0.23892090602689148, 'lag_3': 0.252621820497481, 'lag_4': 0.965734138497911, 'lag_5': 0.09818485572858254, 'lag_6': 0.9687977042501696, 'lag_7': 0.5551288149032293, 'lag_8': 0.9945983911938268, 'lag_9': 0.9561611463196564, 'lag_10': 0.38010046943668413, 'lag_11': 0.8735117605488298, 'lag_12': 0.6593538711322534, 'lag_13': 0.6286239058410259, 'lag_14': 0.41467738663000847, 'lag_15': 0.738638618549834, 'lag_16': 0.9908472592266329, 'lag_17': 0.028836377054669904, 'lag_18': 0.007356415223132767, 'lag_19': 0.3977613759724052, 'lag_20': 0.7254491505257744, 'lag_21': 0.9553098502194451, 'lag_22': 0.5464277206201993, 'lag_23': 0.004144872885861434, 'lag_24': 0.003317761987943757, 'lag_25': 0.00655832725596367, 'lag_26': 0.011599661054106591, 'lag_27': 0.012532389242996017, 'lag_28': 0.5626347350394741}. Best is trial 9 with value: 0.006655004559022512.
[I 2025-09-29 12:54:56,801] Trial 11 finished with value: 0.007581925113490075 and parameters: {'lag_0': 0.14668690047691654, 'lag_1': 0.9983299952732718, 'lag_2': 0.2053378841097354, 'lag_3': 0.9143571296444557, 'lag_4': 0.0005293089834877973, 'lag_5': 0.6482117467582861, 'lag_6': 0.01728414905071468, 'lag_7': 0.44176943890658477, 'lag_8': 0.9923149741259214, 'lag_9': 0.7899991926871156, 'lag_10': 0.7481637066638538, 'lag_11': 0.6856508817075235, 'lag_12': 0.0070276721176862345, 'lag_13': 0.7683474679216755, 'lag_14': 0.9787883802798143, 'lag_15': 0.11233308801145461, 'lag_16': 0.00925254072594045, 'lag_17': 0.837720148803554, 'lag_18': 0.5302256933397768, 'lag_19': 0.5525409273121621, 'lag_20': 0.4026548706257803, 'lag_21': 0.07118728415891223, 'lag_22': 0.19519940287677215, 'lag_23': 0.4011938649771032, 'lag_24': 0.211924176182115, 'lag_25': 0.35391099736481496, 'lag_26': 0.38447477953613374, 'lag_27': 0.09882295827312731, 'lag_28': 0.4126801623763796}. Best is trial 9 with value: 0.006655004559022512.
[I 2025-09-29 12:54:59,301] Trial 12 finished with value: 0.007248464115191464 and parameters: {'lag_0': 0.9925705847570627, 'lag_1': 0.8332034796392577, 'lag_2': 0.2063008305081136, 'lag_3': 0.9815553393952818, 'lag_4': 0.22323005755710446, 'lag_5': 0.6304468265382553, 'lag_6': 0.9488025734654304, 'lag_7': 0.0075967919254989955, 'lag_8': 0.7799754077327821, 'lag_9': 0.7991050864370524, 'lag_10': 0.7575636998419044, 'lag_11': 0.4590703446951991, 'lag_12': 0.5767639007212011, 'lag_13': 0.39879261946232464, 'lag_14': 0.7991836524918066, 'lag_15': 0.0034369904752391406, 'lag_16': 0.9765519270767302, 'lag_17': 0.269129226172761, 'lag_18': 0.5541599677114061, 'lag_19': 0.3329655159493704, 'lag_20': 0.6044941448914767, 'lag_21': 0.7528723460026412, 'lag_22': 0.7558461395144527, 'lag_23': 0.9909578671616962, 'lag_24': 0.25602673208700366, 'lag_25': 0.23634242643417488, 'lag_26': 0.6792928310473911, 'lag_27': 0.23809372311726318, 'lag_28': 0.4164328732936636}. Best is trial 9 with value: 0.006655004559022512.
[I 2025-09-29 12:55:01,802] Trial 13 finished with value: 0.007038462633803759 and parameters: {'lag_0': 0.8105370686305092, 'lag_1': 0.3456821563532898, 'lag_2': 0.11149855484382093, 'lag_3': 0.793723097452043, 'lag_4': 0.4137706590887168, 'lag_5': 0.750261730455895, 'lag_6': 0.35989245024444394, 'lag_7': 0.17210522565342423, 'lag_8': 0.8223331897726744, 'lag_9': 0.9926395457390003, 'lag_10': 0.47579598182030436, 'lag_11': 0.011483162185202025, 'lag_12': 0.6139493234925725, 'lag_13': 0.7778554027397628, 'lag_14': 0.4553772574994769, 'lag_15': 0.7192178760411443, 'lag_16': 0.13406566486057622, 'lag_17': 0.7529622297345291, 'lag_18': 0.4201631094211433, 'lag_19': 0.9859999235440834, 'lag_20': 0.27054924966870014, 'lag_21': 0.4666152953950654, 'lag_22': 0.001293101140316437, 'lag_23': 0.37552541500968273, 'lag_24': 0.29462142832711946, 'lag_25': 0.4043008403571311, 'lag_26': 0.4252158176106431, 'lag_27': 0.23661143281214325, 'lag_28': 0.7111489980033208}. Best is trial 9 with value: 0.006655004559022512.
2025-09-29 12:55:02,558 - distributed.worker - INFO - Stopping worker at tcp://192.168.86.108:44377. Reason: scheduler-remove-worker
2025-09-29 12:55:02,578 - distributed.nanny - INFO - Closing Nanny gracefully at 'tcp://192.168.86.108:35664'. Reason: scheduler-remove-worker
2025-09-29 12:55:02,579 - distributed.worker.state_machine - WARNING - Async instruction for <Task cancelled name='execute(optimize_subject-a6ecae65-2093-4f85-9e8e-091ba784c57c)' coro=<Worker.execute() done, defined at /usr/global/miniconda/py310_23.1.0-1/envs/workshop_311/lib/python3.11/site-packages/distributed/worker_state_machine.py:3607>> ended with CancelledError
slurmstepd: error: *** JOB 3081192 ON node08 CANCELLED AT 2025-09-29T12:55:02 ***
