[I 2025-10-03 11:36:53,138] Trial 29 finished with values: [0.00865332612222823, 0.0021035195838568182, 0.0012977283118215408, 0.0003060812854087284, 0.002397797494123742, 0.0008571197920293199, 0.0005148691878797629, 0.0004799622019169551, 0.004711118043751463, 0.0005274489137518877, 0.00041487215404584064, 0.00037568535802411063, 0.002886321303527174, 0.028647239065078923, 0.0, 0.018427904508885425, 0.001590013280211143, 0.001232132832235497, 0.0003370799058602304, 0.0020860718711077416, 0.005063538451031921, 0.006399954975489902, 0.000262425645980457, 0.0009065602771074691, 0.0006068339014664254, 0.0008599896895473263, 0.0004784054438416575, 0.0006700523899585203, 0.0013082823987883199] and parameters: {'lag_0': 0.11697439678793262, 'lag_1': 0.07726162694137888, 'lag_2': 0.05834486211569166, 'lag_3': 0.36826409954322065, 'lag_4': 0.8380097147823037, 'lag_5': 0.028189460842601582, 'lag_6': 0.7687801150177176, 'lag_7': 0.9713817054693338, 'lag_8': 0.8479651184428525, 'lag_9': 0.7367970353242583, 'lag_10': 0.5564704998637071, 'lag_11': 0.22201228055120095, 'lag_12': 0.5323976487734271, 'lag_13': 0.5051520305300777, 'lag_14': 0.8053601390590621, 'lag_15': 0.44793040681736024, 'lag_16': 0.9134878003087274, 'lag_17': 0.83187750292358, 'lag_18': 0.3525661698444578, 'lag_19': 0.7339437442565286, 'lag_20': 0.46218333784515614, 'lag_21': 0.4794697298672707, 'lag_22': 0.19041561167086465, 'lag_23': 0.9714991311018988, 'lag_24': 0.025268294660758587, 'lag_25': 0.24456311002203843, 'lag_26': 0.7095994070061266, 'lag_27': 0.5909641253013171, 'lag_28': 0.9823638861589211}.
[I 2025-10-03 11:36:55,754] Trial 30 finished with values: [0.014348627498592729, 0.0031739734179726245, 0.0002776555998908944, 0.0011420070305075303, 0.0020847337289092017, 0.0010449303591235405, 0.0003997429750396843, 3.8769237288370736e-05, 0.0031729699203158802, 0.001245770516336093, 0.0007302969565987928, 0.00035674294041183554, 0.0030599812909309597, 0.031224847530189098, 0.0, 0.020864696995627034, 0.0037133791737662424, 0.0011997688782323826, 0.00041017734812382936, 0.0031850007426385517, 0.005122858624545694, 0.0051544511497613145, 0.000650224530584595, 0.0014169882436534827, 0.001022839614243661, 0.0009759176399380101, 0.0004327740354667043, 0.0006693482163632325, 0.001493021274374623] and parameters: {'lag_0': 0.7744836754904465, 'lag_1': 0.2102357057747023, 'lag_2': 0.82834150893908, 'lag_3': 0.9803381559160513, 'lag_4': 0.5243027105418896, 'lag_5': 0.14389658640147307, 'lag_6': 0.22071773468845873, 'lag_7': 0.3537313382168272, 'lag_8': 0.6246087177834445, 'lag_9': 0.6231534545955724, 'lag_10': 0.13395321539481714, 'lag_11': 0.9771724802073057, 'lag_12': 0.892050358645563, 'lag_13': 0.19153996930502837, 'lag_14': 0.18287856589139653, 'lag_15': 0.048698050898301544, 'lag_16': 0.8736480512135658, 'lag_17': 0.20579119876925744, 'lag_18': 0.40305108788616373, 'lag_19': 0.834676226453761, 'lag_20': 0.13768593782892882, 'lag_21': 0.5300021227039932, 'lag_22': 0.17286613837702014, 'lag_23': 0.7939440578238258, 'lag_24': 0.14820944568759112, 'lag_25': 0.1309743121871818, 'lag_26': 0.5282268797971024, 'lag_27': 0.2925550991848992, 'lag_28': 0.5116076657103623}.
[I 2025-10-03 11:36:58,365] Trial 31 finished with values: [0.008007331290186886, 0.0025472128545923427, 0.0005055616121417373, 0.0006684045253296284, 0.0029433601927568985, 0.0016997087011361319, 0.0003922899107384168, 0.0002884756750938091, 0.0025996310193495977, 0.0011909585493424092, 0.0005937659504388796, 0.0003287891016849624, 0.002497339675075238, 0.02967493171947948, 0.0, 0.017351648245980004, 0.0025365389608866004, 0.0006020123784238182, 0.0005146369327554976, 0.002811791488873528, 0.00589205638498276, 0.005630757092470303, 0.000301251596560372, 0.0014639507237213692, 0.00037651273979565764, 0.0011344328635569498, 0.00048131748118456245, 0.0005851790155589719, 0.0011834319526627221] and parameters: {'lag_0': 0.09623581849104484, 'lag_1': 0.37319896082248677, 'lag_2': 0.9318882454547046, 'lag_3': 0.6644596269298884, 'lag_4': 0.4719532266953169, 'lag_5': 0.23191905219012598, 'lag_6': 0.9682209118427286, 'lag_7': 0.8703053869272441, 'lag_8': 0.4868679189069254, 'lag_9': 0.9781135447356929, 'lag_10': 0.8368813960211852, 'lag_11': 0.486646108712446, 'lag_12': 0.015364150988675964, 'lag_13': 0.39336261609423473, 'lag_14': 0.8184554225713647, 'lag_15': 0.21612749843081042, 'lag_16': 0.20702289784313088, 'lag_17': 0.05730162901481425, 'lag_18': 0.8819259682642941, 'lag_19': 0.028319320843325144, 'lag_20': 0.064915273097196, 'lag_21': 0.7181215341586362, 'lag_22': 0.22338391686200235, 'lag_23': 0.16432879485685617, 'lag_24': 0.624891751791326, 'lag_25': 0.7699650328337871, 'lag_26': 0.1075925398516735, 'lag_27': 0.030114487983569856, 'lag_28': 0.8753456685986898}.
[I 2025-10-03 11:37:00,994] Trial 32 finished with values: [0.012409140075716602, 0.0014616206446692883, 0.0020292023697783177, 0.0005219116204254332, 0.0008119078320275631, 0.0007009493566750656, 0.0002779880029333038, 9.401069175157815e-05, 0.0034924464523335115, 0.0009431420434328177, 0.0009475280953816876, 0.000297884651377046, 0.0025440924231330763, 0.027337148340327, 0.0, 0.01792239107478102, 0.0024650933260985312, 0.0004165472662378702, 0.000551183007806704, 0.001957431374100738, 0.005990528487827542, 0.005172539828029814, 0.00033132819532664796, 0.0022155435714174758, 0.0004727856078147489, 0.0010908309025007292, 6.685503867699343e-05, 0.0023449310279667424, 0.0050969357942881295] and parameters: {'lag_0': 0.09098561266074744, 'lag_1': 0.8241405938133399, 'lag_2': 0.08369843078810842, 'lag_3': 0.08500525045812843, 'lag_4': 0.7067884207830963, 'lag_5': 0.8081092899331771, 'lag_6': 0.6837660928973993, 'lag_7': 0.14198172227386507, 'lag_8': 0.7249899431960137, 'lag_9': 0.5230802909144521, 'lag_10': 0.10342432798756844, 'lag_11': 0.7273101728739876, 'lag_12': 0.2029798981740334, 'lag_13': 0.64737003380675, 'lag_14': 0.4083702282931528, 'lag_15': 0.33529175632921515, 'lag_16': 0.15608497431482868, 'lag_17': 0.752212055540573, 'lag_18': 0.16381838509460758, 'lag_19': 0.8206540650202452, 'lag_20': 0.21290356416389508, 'lag_21': 0.4393829055405731, 'lag_22': 0.6174403081332024, 'lag_23': 0.21967749101918274, 'lag_24': 0.8909041000707111, 'lag_25': 0.7043500019796288, 'lag_26': 0.9626224850372272, 'lag_27': 0.09534769684389234, 'lag_28': 0.9226966808777912}.
[I 2025-10-03 11:37:03,620] Trial 33 finished with values: [0.008007331290186886, 0.0015300796503059163, 0.0005123655934585556, 0.001346552270797981, 0.0035374633763786364, 0.0008811850739935516, 0.0005585253955922566, 0.00012706015268597407, 0.002085240866467955, 0.0007386141301543153, 0.00035583627574030136, 0.0004884075016720298, 0.002715579990927933, 0.030022584157994924, 0.0, 0.017291419638631327, 0.0015452187022458419, 0.0004450599267620714, 0.0005303328110316038, 0.002083991437869134, 0.005585718912822184, 0.0055944558154303724, 0.00020267628437068102, 0.0012983491433896665, 0.0007076764987508767, 0.001464322386097332, 0.0006249417203053354, 0.0012706467616941206, 0.0013864828015600092] and parameters: {'lag_0': 0.36158728625280484, 'lag_1': 0.2631357766628535, 'lag_2': 0.11232909984811998, 'lag_3': 0.2032562673807986, 'lag_4': 0.9662819513090518, 'lag_5': 0.3034470142716161, 'lag_6': 0.6950059965028851, 'lag_7': 0.6115836082568636, 'lag_8': 0.6299517577653899, 'lag_9': 0.1366924533799529, 'lag_10': 0.6946666534568943, 'lag_11': 0.07172807914822053, 'lag_12': 0.5717353710971191, 'lag_13': 0.3226100986239685, 'lag_14': 0.8352940738004486, 'lag_15': 0.45699790191952977, 'lag_16': 0.4389547779453741, 'lag_17': 0.6805579249477396, 'lag_18': 0.5455006341963863, 'lag_19': 0.904988190210744, 'lag_20': 0.6247449191390122, 'lag_21': 0.24030701392707374, 'lag_22': 0.9935901552983794, 'lag_23': 0.5420893340992078, 'lag_24': 0.0043090534089454385, 'lag_25': 0.858338648558381, 'lag_26': 0.5483138674387354, 'lag_27': 0.18905038881955702, 'lag_28': 0.1565759242540933}.
[I 2025-10-03 11:37:06,239] Trial 34 finished with values: [0.006932395889670091, 0.0021586198509453793, 0.0005651213271351902, 0.0003369228863999049, 0.0016713448056613661, 0.0019837424275304947, 0.0014074317939797667, 0.0004622316744349097, 0.00303205659989083, 0.00038146624169047786, 0.0003075163810556238, 0.0005000255258359261, 0.00211803290432433, 0.02923518000904, 0.0, 0.014915533341642653, 0.0028985291553343374, 0.0009552064786261926, 0.00034952196732498746, 0.0029010170846102794, 0.005745757730753099, 0.005300063349778499, 0.00030122157640521377, 0.001394833188902334, 0.0004513844606903192, 0.0014916302747280917, 0.0004772708954966636, 0.000757442570126913, 0.003107821965327071] and parameters: {'lag_0': 0.948783479714004, 'lag_1': 0.9567532400372373, 'lag_2': 0.4109267748289878, 'lag_3': 0.2538400499335987, 'lag_4': 0.5638912191449338, 'lag_5': 0.17212075078616357, 'lag_6': 0.18056331652583008, 'lag_7': 0.8291957905035275, 'lag_8': 0.060179680299755775, 'lag_9': 0.24706581608472422, 'lag_10': 0.7165220335835707, 'lag_11': 0.5905773892005631, 'lag_12': 0.19895950567443782, 'lag_13': 0.8096214153554253, 'lag_14': 0.47713595748790116, 'lag_15': 0.6058316906283167, 'lag_16': 0.6269639776724732, 'lag_17': 0.04063918894939461, 'lag_18': 0.3675291661563613, 'lag_19': 0.8535383426672695, 'lag_20': 0.46337286003743977, 'lag_21': 0.3285272522866923, 'lag_22': 0.6592622098545784, 'lag_23': 0.8266957056659755, 'lag_24': 0.6767635788259204, 'lag_25': 0.6121936402632506, 'lag_26': 0.6051806025508439, 'lag_27': 0.08454009714911163, 'lag_28': 0.9906993190866774}.
[I 2025-10-03 11:37:08,863] Trial 35 finished with values: [0.008659606627539744, 0.004904930589573658, 0.0006071865192945669, 0.0003998494309539112, 0.0012900180958375271, 0.001328580208566179, 0.0006325329470245982, 0.0002013598468541151, 0.002782344831469781, 0.0004186091904582126, 0.0006793769627297208, 0.000384768499845683, 0.002432515343016478, 0.03026157298784805, 0.0, 0.020546438654135735, 0.003102128046919437, 0.0009770596208442395, 0.00044083264619034396, 0.002446479281189721, 0.004854817024146751, 0.006206685429430999, 0.0004974178048499504, 0.0008298863627616138, 0.0005359587015824954, 0.001872827761510733, 0.000640982471715139, 0.0038796497656003468, 0.002546150017448261] and parameters: {'lag_0': 0.35784333689802006, 'lag_1': 0.1967905214187578, 'lag_2': 0.6675554418508339, 'lag_3': 0.00961073322482489, 'lag_4': 0.5915086198824837, 'lag_5': 0.2823189590195188, 'lag_6': 0.41058413635394736, 'lag_7': 0.8088782107898144, 'lag_8': 0.906098219108733, 'lag_9': 0.7068253167998263, 'lag_10': 0.766186883214733, 'lag_11': 0.014137233105099524, 'lag_12': 0.9054973889047128, 'lag_13': 0.23635424244082479, 'lag_14': 0.6803558473495612, 'lag_15': 0.972403129819356, 'lag_16': 0.923790996380199, 'lag_17': 0.7460237584240444, 'lag_18': 0.7655172392543415, 'lag_19': 0.955766388436009, 'lag_20': 0.8597316640175052, 'lag_21': 0.9972053160231569, 'lag_22': 0.3945932734200529, 'lag_23': 0.35426620762023936, 'lag_24': 0.5629408150456763, 'lag_25': 0.3994206746710896, 'lag_26': 0.6945301644936573, 'lag_27': 0.8207758477620778, 'lag_28': 0.10717605853716028}.
[I 2025-10-03 11:37:11,484] Trial 36 finished with values: [0.008007331290186886, 0.0013576653306978277, 0.0010915838742018534, 0.0007299780493527982, 0.00207506641701292, 0.0013414701255790803, 0.0002743116738387388, 0.00019268398251464042, 0.0026260725828350295, 0.0008262532548979554, 0.00047908048335994544, 0.0006727867145361284, 0.002212677620039078, 0.027684919219884408, 0.0, 0.01691375203913359, 0.002666524421644352, 0.0009597317009565585, 0.00014672039677229493, 0.002015319540304343, 0.006835781953086192, 0.004405774858392853, 0.0003495615347134147, 0.0018213774235113181, 0.0002959594883916159, 0.0016610810076563135, 0.0006265486011542157, 0.0009365244536940686, 0.0027143209876543213] and parameters: {'lag_0': 0.1697671940873717, 'lag_1': 0.844125223634877, 'lag_2': 0.16289910051745446, 'lag_3': 0.8866396084339506, 'lag_4': 0.946976588160216, 'lag_5': 0.3014590186229234, 'lag_6': 0.8057183708839831, 'lag_7': 0.680871274098521, 'lag_8': 0.793887231995373, 'lag_9': 0.035084586905448016, 'lag_10': 0.43502605135422373, 'lag_11': 0.37458804805503493, 'lag_12': 0.1299101814360602, 'lag_13': 0.32252083422914934, 'lag_14': 0.9373979140219475, 'lag_15': 0.36297077853791754, 'lag_16': 0.7480020779835791, 'lag_17': 0.7518948312690796, 'lag_18': 0.077405988731828, 'lag_19': 0.5034425893934532, 'lag_20': 0.660645075705635, 'lag_21': 0.12000517757585705, 'lag_22': 0.14164454279970792, 'lag_23': 0.04302691686507086, 'lag_24': 0.33471514496894145, 'lag_25': 0.37062595086134975, 'lag_26': 0.5054821890868649, 'lag_27': 0.8754537078671203, 'lag_28': 0.815081843492869}.
[I 2025-10-03 11:37:14,116] Trial 37 finished with values: [0.00865332612222823, 0.001959005826959417, 0.000979276192406901, 0.00040388322686146403, 0.0016094009962316195, 0.000712597857478936, 0.0002810361337333366, 0.00017791253504130985, 0.0027000019175288954, 0.0006201140899317968, 0.0005840257086289056, 0.0002569355169851523, 0.0028778540884084386, 0.030844445883571263, 0.0, 0.021859773047284058, 0.0015962334819752632, 0.0007119610554333726, 0.0002598517521425896, 0.0029309394477916614, 0.003983256267972775, 0.006103006814641476, 0.0007276070313356785, 0.0018599940096684603, 0.00024432435043006526, 0.001221690325046987, 0.0005375746941036418, 0.0006634924069465213, 0.003971870143055506] and parameters: {'lag_0': 0.5731137667839185, 'lag_1': 0.9067794377767564, 'lag_2': 0.8671226368547349, 'lag_3': 0.7346627846966965, 'lag_4': 0.3939302882356439, 'lag_5': 0.30273322373439643, 'lag_6': 0.6989135822752992, 'lag_7': 0.678117661344735, 'lag_8': 0.12872150440003494, 'lag_9': 0.4096065799095946, 'lag_10': 0.10269915638811322, 'lag_11': 0.16108637984930013, 'lag_12': 0.9792142337440661, 'lag_13': 0.04741999110366738, 'lag_14': 0.531635504410283, 'lag_15': 0.6088297822561034, 'lag_16': 0.541192267791983, 'lag_17': 0.13740621711880172, 'lag_18': 0.5169424859880271, 'lag_19': 0.13470098114579684, 'lag_20': 0.08713161068346745, 'lag_21': 0.717390585844274, 'lag_22': 0.5103828407364659, 'lag_23': 0.7388899130435777, 'lag_24': 0.1309547321417259, 'lag_25': 0.7615258512836224, 'lag_26': 0.8190334470675213, 'lag_27': 0.11617713017007616, 'lag_28': 0.7167990199724223}.
[I 2025-10-03 11:37:16,723] Trial 38 finished with values: [0.00865332612222823, 0.0019651330743234276, 0.0014492458501788063, 0.0005424723253939602, 0.0013334941087069167, 0.0013698367430162069, 0.0003485528907058564, 0.0002023258398882507, 0.0033538329293267394, 0.0016799578472228183, 0.00034914615204939775, 0.000399860854066746, 0.0018824692411761345, 0.029718870897014155, 0.0, 0.019549319603534076, 0.0026260150691502088, 0.00028979436151119713, 0.0007099649468445682, 0.002100308949833784, 0.006815033613853422, 0.005903890842704007, 0.000644835872143816, 0.001581292631626251, 0.0004207114575426502, 0.0009672364938982129, 0.0003446309063884101, 0.0019122865013774105, 0.001606530612244898] and parameters: {'lag_0': 0.5255063299070009, 'lag_1': 0.6939810369530486, 'lag_2': 0.18801110773273166, 'lag_3': 0.8914223446349632, 'lag_4': 0.3610936009648859, 'lag_5': 0.3180053874049782, 'lag_6': 0.536349011086294, 'lag_7': 0.015054528253927798, 'lag_8': 0.05810428890180806, 'lag_9': 0.9842108853103109, 'lag_10': 0.5477221767206273, 'lag_11': 0.4016898832988375, 'lag_12': 0.056399489595128895, 'lag_13': 0.5588430878482779, 'lag_14': 0.6258133152754931, 'lag_15': 0.9922942200345639, 'lag_16': 0.6738080250981512, 'lag_17': 0.0031587086482432265, 'lag_18': 0.7436026954556532, 'lag_19': 0.40121750961242164, 'lag_20': 0.33370151443420437, 'lag_21': 0.5764611534444855, 'lag_22': 0.9332945012733839, 'lag_23': 0.8743845616176699, 'lag_24': 0.5354571661072918, 'lag_25': 0.5166772805646206, 'lag_26': 0.11467297854338045, 'lag_27': 0.8731607943123613, 'lag_28': 0.1929013186325541}.
[I 2025-10-03 11:37:19,343] Trial 39 finished with values: [0.00865332612222823, 0.002560514889021138, 0.0008717380011305219, 0.0004981620574577917, 0.0009450061538961239, 0.0010396177075823933, 0.0006798431983711803, 0.0003835754157458616, 0.001980029366125904, 0.0008054922809510728, 0.0001895564231558442, 0.00027465400389099727, 0.00288221548031673, 0.030383478306178914, 0.0, 0.022434623268533287, 0.0019843469666673648, 0.00031600653281151206, 0.00035814835459161505, 0.0026154040303573373, 0.00602565685238212, 0.005162828065116637, 0.00024407115599195324, 0.002255168687762793, 0.000907458017975701, 0.0014896169603928159, 0.00048369610809906213, 0.0018668166490275965, 0.0006045491729729368] and parameters: {'lag_0': 0.9119249277376051, 'lag_1': 0.3477983720575622, 'lag_2': 0.7959576077049708, 'lag_3': 0.8976310056044158, 'lag_4': 0.554208968941383, 'lag_5': 0.4150303124374624, 'lag_6': 0.886436059693168, 'lag_7': 0.21799134497220202, 'lag_8': 0.7358132886910934, 'lag_9': 0.38601822220978993, 'lag_10': 0.6385662852461875, 'lag_11': 0.3787355325026749, 'lag_12': 0.6090811119375971, 'lag_13': 0.3442664754403682, 'lag_14': 0.6625960649902509, 'lag_15': 0.388739295174829, 'lag_16': 0.3211204795114146, 'lag_17': 0.4453057190339964, 'lag_18': 0.5866383852793088, 'lag_19': 0.4172708556162666, 'lag_20': 0.287650477411301, 'lag_21': 0.6559164968381003, 'lag_22': 0.44035257317108084, 'lag_23': 0.32070047885878805, 'lag_24': 0.22349803936880422, 'lag_25': 0.7714556837643297, 'lag_26': 0.36163869970116247, 'lag_27': 0.76745025662124, 'lag_28': 0.7195763802088876}.
[I 2025-10-03 11:37:21,970] Trial 40 finished with values: [0.00865332612222823, 0.001510226675432588, 0.0025616575580709984, 0.0007214715413404844, 0.0014194788699707752, 0.0006013515064725644, 0.0007139212950527839, 0.0004188645596652756, 0.002154034188896728, 0.0013894265153909322, 0.0009666060768271971, 0.00022687786600328856, 0.0030283211248775333, 0.030897301005257394, 0.0, 0.016643680532414516, 0.0024280597644533446, 0.0013599064608998419, 0.0003022814150625302, 0.0024789350420131627, 0.006194162180179103, 0.004739791891832464, 0.00021075787287783073, 0.0008910668599432658, 0.000788522556428955, 0.00035541973678855605, 0.0008389687820304539, 0.0009922070899049651, 0.0005824334090934848] and parameters: {'lag_0': 0.786586903441939, 'lag_1': 0.805595088332828, 'lag_2': 0.6092730551934558, 'lag_3': 0.5474947610256137, 'lag_4': 0.31450560195574956, 'lag_5': 0.3236570272329622, 'lag_6': 0.9613980228026646, 'lag_7': 0.6162178481135258, 'lag_8': 0.891376566636808, 'lag_9': 0.606556409410378, 'lag_10': 0.6601319082079146, 'lag_11': 0.7596649616736105, 'lag_12': 0.9905861938649361, 'lag_13': 0.20591292576098838, 'lag_14': 0.5245047987151248, 'lag_15': 0.8323101821106891, 'lag_16': 0.87742291600499, 'lag_17': 0.4476080762049796, 'lag_18': 0.2952377357516114, 'lag_19': 0.02333969633741154, 'lag_20': 0.473863074524222, 'lag_21': 0.057718903499272944, 'lag_22': 0.24230505153652201, 'lag_23': 0.5208535832563838, 'lag_24': 0.17702937570086946, 'lag_25': 0.43320784862281964, 'lag_26': 0.9762473412222581, 'lag_27': 0.6827826816547378, 'lag_28': 0.35023760870396015}.
[I 2025-10-03 11:37:24,593] Trial 41 finished with values: [0.00865332612222823, 0.0025404142776636425, 0.000615878192380348, 0.0003616591455827019, 0.0020444586286044444, 0.0006566615056898342, 0.0006021304043242802, 0.0003528867529486151, 0.0016984340556776788, 0.0011410005802306757, 0.0007461249290540135, 0.0006528728310419712, 0.0016403188620925941, 0.027894157015907507, 0.0, 0.018663744339890383, 0.002522495316158266, 0.001338228476009477, 8.040810893200517e-05, 0.0029503456347597682, 0.005139129735236866, 0.0066325233415196385, 0.000594288280608041, 0.0023818917804001834, 0.0004940187966249696, 0.000921110881741441, 0.0004485827244813278, 0.0002916663911449923, 0.00016326530612244895] and parameters: {'lag_0': 0.49257582951507145, 'lag_1': 0.08728907051979015, 'lag_2': 0.8983073133855453, 'lag_3': 0.8184343984526249, 'lag_4': 0.025465902618382386, 'lag_5': 0.22808264277641938, 'lag_6': 0.3279102568183416, 'lag_7': 0.0320349257911123, 'lag_8': 0.47310225397265593, 'lag_9': 0.9104785457620518, 'lag_10': 0.25478744565518774, 'lag_11': 0.5183082101870239, 'lag_12': 0.8398943893363011, 'lag_13': 0.5050540936768746, 'lag_14': 0.6038214909326183, 'lag_15': 0.8718531479816995, 'lag_16': 0.21429003669251456, 'lag_17': 0.751737020326969, 'lag_18': 0.6684825027610269, 'lag_19': 0.41770498908799913, 'lag_20': 0.29913760380538135, 'lag_21': 0.7915567419309071, 'lag_22': 0.8434585154019829, 'lag_23': 0.9875322441189014, 'lag_24': 0.40530275446300956, 'lag_25': 0.677291007785841, 'lag_26': 0.43055183332737307, 'lag_27': 0.9269838513692107, 'lag_28': 0.8168454079655003}.
