[I 2025-10-03 11:37:54,746] Trial 55 finished with values: [0.0006574621959237343, 0.001292469167527863, 0.0004438246810622673, 0.0029133868062844585, 0.0008980934432414637, 0.0001264596780048408, 0.002690215911569863, 0.0003391302115511621, 0.0003147250758663611, 0.0015661547715360876, 0.0003514541479046903, 0.00215348553622836, 0.0029312128386714464, 0.008360728434252646, 0.0, 0.12467054587676141, 0.0002895470513329324, 0.005509288534989035, 0.005722830105289492, 0.0010254374018036964, 0.0015390683407473823, 0.014006058056157506, 0.00189448011302502, 0.002347664914528806, 0.003597046401691254, 0.0053215839322457, 0.0001429963437837724, 0.00281402846121303, 0.003145091841589242] and parameters: {'lag_0': 0.7245919904917926, 'lag_1': 0.4820283280724936, 'lag_2': 0.5119492115414588, 'lag_3': 0.22095004461854556, 'lag_4': 0.029076151676221056, 'lag_5': 0.11891343927387513, 'lag_6': 0.6185290197974549, 'lag_7': 0.5944255641778767, 'lag_8': 0.049585281163415956, 'lag_9': 0.03862049376711634, 'lag_10': 0.9182890517299663, 'lag_11': 0.613298823502774, 'lag_12': 0.5884996703456751, 'lag_13': 0.0011756798791183107, 'lag_14': 0.9348606210238208, 'lag_15': 0.31783948349822966, 'lag_16': 0.930972089927258, 'lag_17': 0.817476341043515, 'lag_18': 0.8149785312941056, 'lag_19': 0.44371714946514274, 'lag_20': 0.08639523320112936, 'lag_21': 0.060000809778647565, 'lag_22': 0.8312456310207028, 'lag_23': 0.9095475390894611, 'lag_24': 0.7899280991839726, 'lag_25': 0.35049166208502447, 'lag_26': 0.08529614711112732, 'lag_27': 0.45094050464082586, 'lag_28': 0.3152582812368976}.
[I 2025-10-03 11:37:57,347] Trial 56 finished with values: [0.0050378040762656135, 0.0016926829036082816, 0.0015800459226187641, 0.0018978863225001257, 0.0018405724681573505, 0.0005612013702043515, 0.0022353574535436014, 0.00027608393829234204, 0.0003781806343534634, 0.0009129498339619672, 0.00046508456653008055, 0.001699980773672958, 0.004271604815297285, 0.007791448502276542, 0.0, 0.1279500850216401, 0.00031747438608916085, 0.005261631271352087, 0.005890322786790478, 0.0012334450444196514, 0.0017777534370438729, 0.01231190686790444, 0.0015766066284667144, 0.0025591906552141523, 0.005562570038725448, 0.005361184982765429, 0.00030073010506461703, 0.0026060149282520475, 0.0026051291603673876] and parameters: {'lag_0': 0.5983519470169023, 'lag_1': 0.7449164410898064, 'lag_2': 0.058873228843594104, 'lag_3': 0.19199326617559992, 'lag_4': 0.9474994980993334, 'lag_5': 0.779635194042348, 'lag_6': 0.6602911123752929, 'lag_7': 0.8773102592190798, 'lag_8': 0.2182492239736315, 'lag_9': 0.19717482834984135, 'lag_10': 0.4871965478223397, 'lag_11': 0.7127277139893934, 'lag_12': 0.678898370817493, 'lag_13': 0.867960622187951, 'lag_14': 0.4341482415776057, 'lag_15': 0.4793591638773063, 'lag_16': 0.05823961617082929, 'lag_17': 0.4882555824133266, 'lag_18': 0.3058732302855978, 'lag_19': 0.9553419879372521, 'lag_20': 0.1791029078401116, 'lag_21': 0.6547634051105795, 'lag_22': 0.934824022370543, 'lag_23': 0.9043828948828173, 'lag_24': 0.5225676314140132, 'lag_25': 0.17155057523507558, 'lag_26': 0.008971893690612683, 'lag_27': 0.6413515798602855, 'lag_28': 0.04302546413181418}.
[I 2025-10-03 11:37:59,953] Trial 57 finished with values: [0.004596128537271737, 0.0019249167344821995, 0.0016801726666629071, 0.003380986704844832, 0.0007569008014904782, 0.000273546505077199, 0.004643486978910769, 0.00028165175810640524, 0.0005032835160523761, 0.0004071898906712906, 0.0005449144944455855, 0.002372986424005677, 0.0031301440434075975, 0.010380684793433625, 0.0, 0.1226754408980724, 0.00030817921978996195, 0.005092780618595581, 0.006042341126070717, 0.0009294161893702099, 0.001852425617611874, 0.014167125088252231, 0.0013586389702909903, 0.00267204191360003, 0.004352576910630975, 0.005745329651645327, 0.000334643471336816, 0.0023212562410256073, 0.0015388446942935824] and parameters: {'lag_0': 0.7784537321199874, 'lag_1': 0.7249672156234248, 'lag_2': 0.19109257387412745, 'lag_3': 0.07463455209207523, 'lag_4': 0.061550590632246494, 'lag_5': 0.6216542958405049, 'lag_6': 0.7440163814920836, 'lag_7': 0.6149852008438068, 'lag_8': 0.4273931763269843, 'lag_9': 0.10668954789648218, 'lag_10': 0.9758426112576515, 'lag_11': 0.009652131984541066, 'lag_12': 0.18127384464311222, 'lag_13': 0.9355018681068296, 'lag_14': 0.839299885858376, 'lag_15': 0.9071492303483614, 'lag_16': 0.6672178327889445, 'lag_17': 0.23622979907044317, 'lag_18': 0.7939610514603626, 'lag_19': 0.40762090116650607, 'lag_20': 0.8136016761214729, 'lag_21': 0.9918915593606293, 'lag_22': 0.9745379257564482, 'lag_23': 0.6267428544471542, 'lag_24': 0.8067100055494965, 'lag_25': 0.3588538564184955, 'lag_26': 0.9209484473407044, 'lag_27': 0.866035102903117, 'lag_28': 0.047285345576645724}.
[I 2025-10-03 11:38:02,562] Trial 58 finished with values: [0.019460880999342532, 0.0037644732657463203, 0.0013021799784910261, 0.00019025748300480116, 0.0005747386817287976, 0.00115531495513, 0.0029835271157262104, 0.00017940534883005384, 0.00012961881988348523, 0.0007344654179533794, 0.00045651997389681563, 0.002962512094842273, 0.0027804303747344227, 0.007833063124183911, 0.0, 0.12864743255643246, 0.0002781772397483397, 0.006025213218085732, 0.0064116704259452265, 0.0011579942281340835, 0.0019954636912820904, 0.01376728619427543, 0.0016784150111521657, 0.002407239746917589, 0.004593606583604873, 0.004829849054864166, 0.00014305766798930727, 0.002357656026354696, 0.0018973994898128497] and parameters: {'lag_0': 0.9153372691690254, 'lag_1': 0.8720987199942262, 'lag_2': 0.2289370516602329, 'lag_3': 0.33362293655944664, 'lag_4': 0.3302571533249326, 'lag_5': 0.809067721751675, 'lag_6': 0.10861448739841802, 'lag_7': 0.8704938112754098, 'lag_8': 0.9377344119664359, 'lag_9': 0.4723259193308786, 'lag_10': 0.5886935694568433, 'lag_11': 0.6536350449812428, 'lag_12': 0.8381526802311893, 'lag_13': 0.19514511532838938, 'lag_14': 0.703955412113612, 'lag_15': 0.8938896015126663, 'lag_16': 0.12777112995820933, 'lag_17': 0.15613830755745828, 'lag_18': 0.3013465344234306, 'lag_19': 0.7956852505336285, 'lag_20': 0.31741336668668485, 'lag_21': 0.17090521690912155, 'lag_22': 0.6248458227891772, 'lag_23': 0.17374205326920614, 'lag_24': 0.9661068335690213, 'lag_25': 0.9145987990703179, 'lag_26': 0.17645784551243116, 'lag_27': 0.6361486522392299, 'lag_28': 0.6635801544576072}.
[I 2025-10-03 11:38:05,167] Trial 59 finished with values: [0.0013779538255062733, 0.0021711585441607723, 0.0022663923303471853, 0.00238915102913743, 0.0011452069513889142, 0.0005877177438479001, 0.0034641269636202197, 0.000312652815358898, 0.00034741469847422636, 0.0006270290818555787, 0.0003684970282738237, 0.0020853461833695735, 0.003731849901017951, 0.009913175664789194, 0.0, 0.11591520178612416, 0.0004649497473303779, 0.005225497934058005, 0.005722234165027611, 0.0009317105638065183, 0.0016811971758202194, 0.012756047966070955, 0.0016709878691389326, 0.002899731772015534, 0.0037209878392876184, 0.005630412115593032, 0.00010742134498327219, 0.0028677522585695584, 0.0013828468281933215] and parameters: {'lag_0': 0.5825942421886412, 'lag_1': 0.9754990366203945, 'lag_2': 0.5119492115414588, 'lag_3': 0.8619891407012935, 'lag_4': 0.029076151676221056, 'lag_5': 0.44117642803719503, 'lag_6': 0.6185290197974549, 'lag_7': 0.8330720640192834, 'lag_8': 0.33770073883626966, 'lag_9': 0.6730016739883028, 'lag_10': 0.6482649459659883, 'lag_11': 0.8359287958185557, 'lag_12': 0.2659748678034437, 'lag_13': 0.5896154833732884, 'lag_14': 0.9348606210238208, 'lag_15': 0.4591260830384376, 'lag_16': 0.5284997246142268, 'lag_17': 0.5675797741333258, 'lag_18': 0.5892215177315494, 'lag_19': 0.5704930316365879, 'lag_20': 0.6376870666548939, 'lag_21': 0.6366094517676185, 'lag_22': 0.8312456310207028, 'lag_23': 0.9095475390894611, 'lag_24': 0.7899280991839726, 'lag_25': 0.7235250783042081, 'lag_26': 0.08529614711112732, 'lag_27': 0.05300320833461957, 'lag_28': 0.3152582812368976}.
[I 2025-10-03 11:38:07,770] Trial 60 finished with values: [0.0013397469441425486, 0.0035250686567678707, 0.001991462426197406, 0.001415057923728108, 0.0013698373240702564, 0.0005313779485575608, 0.0025695507120074004, 0.0001491641505449108, 0.0008827878809202641, 0.0004098867311056343, 0.0004637329915831337, 0.0030702740564096847, 0.00319372607938334, 0.00852397557597293, 0.0, 0.12738679022917135, 0.00058910386849267, 0.006062910581594663, 0.005372719077222573, 0.0011103940905483293, 0.002028178711981831, 0.013801722661804804, 0.0017424594847104402, 0.002771558492970781, 0.004686392028111975, 0.005506744343808182, 0.00026266065301731753, 0.0007311601085148956, 0.0028266239976809616] and parameters: {'lag_0': 0.8922964196161485, 'lag_1': 0.8130399628473185, 'lag_2': 0.9869121939361438, 'lag_3': 0.5680773248232108, 'lag_4': 0.24850289022537753, 'lag_5': 0.41098268672347416, 'lag_6': 0.07437927744021174, 'lag_7': 0.5490590261014324, 'lag_8': 0.34395373520269723, 'lag_9': 0.6841057219132729, 'lag_10': 0.920549107289081, 'lag_11': 0.2300552887026088, 'lag_12': 0.04168967611450634, 'lag_13': 0.6784540326752347, 'lag_14': 0.4324411471285054, 'lag_15': 0.2695695345595006, 'lag_16': 0.7019168472364274, 'lag_17': 0.8675807507998718, 'lag_18': 0.2554718119510974, 'lag_19': 0.657288617850119, 'lag_20': 0.8221024798709679, 'lag_21': 0.6836586321394326, 'lag_22': 0.597084456610145, 'lag_23': 0.794516433819325, 'lag_24': 0.7879803974971985, 'lag_25': 0.9210899593037909, 'lag_26': 0.39265954518072277, 'lag_27': 0.09861058482834201, 'lag_28': 0.024222301652649866}.
[I 2025-10-03 11:38:10,371] Trial 61 finished with values: [0.005890324571643253, 0.0018372270122141592, 0.0026882442524648934, 0.0022364012900863055, 0.001792813133082371, 0.00037634934633060796, 0.0028063162839207173, 0.0004902272275026061, 0.0005924430694265662, 0.000485541460948257, 0.0005266733204604831, 0.0038163399994075218, 0.004249856098926387, 0.008438030754840798, 0.0, 0.13342170123227876, 0.0006923005588596485, 0.004642694670718347, 0.006335231270958053, 0.001129372331838346, 0.002092661541186878, 0.013675002702545175, 0.0016585001067046478, 0.002622413347966758, 0.004588122610667203, 0.0049239035048034945, 0.00016133401703600402, 0.0017611516378576615, 0.0015045588341628315] and parameters: {'lag_0': 0.43632771039428137, 'lag_1': 0.5395129854517943, 'lag_2': 0.3297335282441909, 'lag_3': 0.5010071671687966, 'lag_4': 0.5269476275278605, 'lag_5': 0.23063056925182224, 'lag_6': 0.6707104984428307, 'lag_7': 0.5899851020290559, 'lag_8': 0.34447861633515325, 'lag_9': 0.9049733181335332, 'lag_10': 0.1253202906946478, 'lag_11': 0.7378399327715216, 'lag_12': 0.12717108376293512, 'lag_13': 0.66677888038544, 'lag_14': 0.5996013304687603, 'lag_15': 0.6738941639081765, 'lag_16': 0.609132803433836, 'lag_17': 0.3288756457798456, 'lag_18': 0.7314060966328879, 'lag_19': 0.4199895274854755, 'lag_20': 0.3964223468291831, 'lag_21': 0.19390109239649161, 'lag_22': 0.8913764393389308, 'lag_23': 0.364646276511584, 'lag_24': 0.28055887305731525, 'lag_25': 0.06196427181258445, 'lag_26': 0.4500164561759667, 'lag_27': 0.8613400446513599, 'lag_28': 0.8312659958933081}.
[I 2025-10-03 11:38:12,988] Trial 62 finished with values: [0.0006574621959237343, 0.0015936526759248236, 0.001893437283512684, 0.0019004355617742237, 0.00044621190389938363, 0.0006240226496495639, 0.003590751480458372, 0.00011181279827663835, 0.00042070963077149034, 0.00042779780713056854, 0.00022908613066926724, 0.003917374718918353, 0.004705114315983081, 0.008962599450818672, 0.0, 0.13169520551652328, 0.0002492726705475175, 0.006276264873184352, 0.005758614232793983, 0.0013254733408090814, 0.0020141084653915015, 0.012651205989953923, 0.0017082040454427197, 0.0029134930489470323, 0.00463525103546226, 0.006081696716006078, 1.9654112221898907e-05, 0.0027496196723889397, 0.002669623946298996] and parameters: {'lag_0': 0.8776458687503871, 'lag_1': 0.48379496557059615, 'lag_2': 0.3217917360099826, 'lag_3': 0.9809822810225723, 'lag_4': 0.8368395364589605, 'lag_5': 0.7483989191421808, 'lag_6': 0.4346580662908226, 'lag_7': 0.6157816493700734, 'lag_8': 0.42582094416671346, 'lag_9': 0.1531384405699466, 'lag_10': 0.3295523095449286, 'lag_11': 0.8486976084530242, 'lag_12': 0.013286687376699649, 'lag_13': 0.19579382946892948, 'lag_14': 0.44146855163681586, 'lag_15': 0.006583081990149948, 'lag_16': 0.8888359728062942, 'lag_17': 0.8491053465182303, 'lag_18': 0.45240308756311326, 'lag_19': 0.6409330438639523, 'lag_20': 0.7769713250526584, 'lag_21': 0.6715038034926331, 'lag_22': 0.5817052075356993, 'lag_23': 0.3285436286939468, 'lag_24': 0.9608318343803822, 'lag_25': 0.599155569338117, 'lag_26': 0.8468975077980311, 'lag_27': 0.7968520176664695, 'lag_28': 0.8093541116806585}.
[I 2025-10-03 11:38:15,595] Trial 63 finished with values: [0.0025004109138724528, 0.0028072101788914556, 0.003440369104053162, 0.003846302058511687, 0.0014959956769430589, 0.0005899912325581388, 0.001786184941557388, 0.00048056802189005814, 0.0005903832230558555, 0.0005052889891339253, 0.0006693786177628211, 0.0022822025091757616, 0.004482837307364556, 0.008578444700333773, 0.0, 0.12688431738994782, 0.0003495944790437115, 0.00546009167294554, 0.006126043424315604, 0.0010348891829733645, 0.0019675904335646555, 0.011959331879076352, 0.0015192899422324963, 0.0018333840058312747, 0.004559042588925017, 0.005106407169917106, 0.0002374701780014505, 0.002227102927466959, 0.0031151444109103117] and parameters: {'lag_0': 0.6478057396847081, 'lag_1': 0.1687693025146244, 'lag_2': 0.35671439802118127, 'lag_3': 0.5444731219227, 'lag_4': 0.9917097264271667, 'lag_5': 0.6009911227725856, 'lag_6': 0.31795246438867936, 'lag_7': 0.16628589330539623, 'lag_8': 0.9306161081730879, 'lag_9': 0.15440782960544513, 'lag_10': 0.10219644422548003, 'lag_11': 0.45988802240701504, 'lag_12': 0.06483360905623378, 'lag_13': 0.5617533968499341, 'lag_14': 0.911247191112162, 'lag_15': 0.5989212799142375, 'lag_16': 0.8162169716721762, 'lag_17': 0.9377857288045994, 'lag_18': 0.1467904510605106, 'lag_19': 0.9867564358017354, 'lag_20': 0.7583962277871734, 'lag_21': 0.4462513150179732, 'lag_22': 0.13828227475248148, 'lag_23': 0.7351888794581796, 'lag_24': 0.6513989603909776, 'lag_25': 0.6289792682174487, 'lag_26': 0.6439918741345705, 'lag_27': 0.7553890385127636, 'lag_28': 0.10478964875803264}.
[I 2025-10-03 11:38:18,195] Trial 64 finished with values: [0.007909001865045822, 0.0031669269417483785, 0.001334654534632565, 0.0032571987689067293, 0.0006725277697834322, 0.00016120457844494203, 0.002605487043074648, 7.468023976583176e-05, 0.0006381315345138383, 0.0005419806484859709, 0.0002649947568795144, 0.002975282838712351, 0.004589426925813274, 0.008045405364125359, 0.0, 0.12411752124014938, 0.0004542406308696106, 0.0053612228352624925, 0.004651662172814404, 0.0012783383483135834, 0.002132333554599112, 0.013178254694424813, 0.0017791283083527204, 0.0018741044905556704, 0.0039746056433579875, 0.004691229643726921, 0.00013148280275324123, 0.0012221943340391787, 0.0010796973037750404] and parameters: {'lag_0': 0.35081980653142886, 'lag_1': 0.913589714151072, 'lag_2': 0.19109257387412745, 'lag_3': 0.07463455209207523, 'lag_4': 0.4422345530539788, 'lag_5': 0.6672423390549593, 'lag_6': 0.380353000956007, 'lag_7': 0.13591665817033977, 'lag_8': 0.34517579218009803, 'lag_9': 0.788574939167776, 'lag_10': 0.849157529884078, 'lag_11': 0.5470107361904387, 'lag_12': 0.18127384464311222, 'lag_13': 0.9355018681068296, 'lag_14': 0.839299885858376, 'lag_15': 0.6416845885374808, 'lag_16': 0.010685460721459466, 'lag_17': 0.1306996249597864, 'lag_18': 0.7391814501003964, 'lag_19': 0.40762090116650607, 'lag_20': 0.8136016761214729, 'lag_21': 0.23998450639897473, 'lag_22': 0.8243336375587161, 'lag_23': 0.7474624057809278, 'lag_24': 0.4448776841706473, 'lag_25': 0.39819455651768304, 'lag_26': 0.020504808176097494, 'lag_27': 0.6662907163240461, 'lag_28': 0.7030663748877182}.
[I 2025-10-03 11:38:20,803] Trial 65 finished with values: [0.01045233399079553, 0.0023165100455502163, 0.00030773553122971024, 0.0036418423612273377, 0.0017378806622020781, 0.00018994349563323788, 0.003401376915652039, 0.0005302912237682153, 0.0004826278066741509, 0.00023203627865599894, 0.00035923011389561623, 0.002502257251569381, 0.004685707509713835, 0.007130707779822729, 0.0, 0.12413616880500156, 0.000877054035089118, 0.00474829090960932, 0.0067723702465825545, 0.0009613801759352205, 0.0016373735345102274, 0.01202319390426576, 0.0015184023021724896, 0.002292844530821801, 0.003780301838789407, 0.0058205826137341845, 0.0001614945296945684, 0.0013827624624188186, 0.002080215339975494] and parameters: {'lag_0': 0.07429720213083003, 'lag_1': 0.17547143411721375, 'lag_2': 0.23213445745809366, 'lag_3': 0.0168287577878353, 'lag_4': 0.33623077169002413, 'lag_5': 0.21497931054798744, 'lag_6': 0.6281379282288061, 'lag_7': 0.5520702415054237, 'lag_8': 0.6012861408463989, 'lag_9': 0.6713473633069, 'lag_10': 0.15449365701908624, 'lag_11': 0.8998926500212397, 'lag_12': 0.29762806718193024, 'lag_13': 0.47922250261870875, 'lag_14': 0.7559429796180329, 'lag_15': 0.0686191263322448, 'lag_16': 0.4726879796417949, 'lag_17': 0.2752822971042249, 'lag_18': 0.48179193695301253, 'lag_19': 0.8631546401559352, 'lag_20': 0.3585206117082046, 'lag_21': 0.4514457012965496, 'lag_22': 0.8603477669551639, 'lag_23': 0.7536639439944325, 'lag_24': 0.45497732989365025, 'lag_25': 0.47609150088955715, 'lag_26': 0.9558276243029874, 'lag_27': 0.015939708597018543, 'lag_28': 0.8797824737410496}.
[I 2025-10-03 11:38:23,407] Trial 66 finished with values: [0.001631821170282709, 0.001139853447121137, 0.0015082873652732614, 0.0014828194119453947, 0.0007305641978360561, 0.00032431579825089587, 0.002112205040737834, 0.000315754942286161, 0.0001390079801398808, 0.001110733677827921, 0.00026602987493143496, 0.0023375303154683554, 0.004543658565312811, 0.008402488235388524, 0.0, 0.12531576452682225, 0.0006339101887968916, 0.0052964361546267245, 0.006301170143303123, 0.0008061339285247787, 0.0018647680393574471, 0.011596763596901507, 0.0012536223443262921, 0.0025122368046599976, 0.0044827588220714525, 0.004884302734452317, 0.0004222130325045731, 0.0034768371077309465, 0.0009244901605200227] and parameters: {'lag_0': 0.03302878058520781, 'lag_1': 0.7354221580103855, 'lag_2': 0.0021503257036794014, 'lag_3': 0.627584796108472, 'lag_4': 0.15536364174581935, 'lag_5': 0.49903085053994883, 'lag_6': 0.4346580662908226, 'lag_7': 0.9462867313676057, 'lag_8': 0.42582094416671346, 'lag_9': 0.1531384405699466, 'lag_10': 0.7659771624380209, 'lag_11': 0.8055465791616507, 'lag_12': 0.1632578505651156, 'lag_13': 0.5945180295497413, 'lag_14': 0.03165894317751976, 'lag_15': 0.38469416439653875, 'lag_16': 0.4938458716676777, 'lag_17': 0.1782564931872451, 'lag_18': 0.3633451727904196, 'lag_19': 0.7120358091986031, 'lag_20': 0.06094129163507327, 'lag_21': 0.8974089165727349, 'lag_22': 0.5817052075356993, 'lag_23': 0.3285436286939468, 'lag_24': 0.006908891760165293, 'lag_25': 0.3730091395592289, 'lag_26': 0.8697023309358464, 'lag_27': 0.35390772664806835, 'lag_28': 0.8093541116806585}.
[I 2025-10-03 11:38:26,007] Trial 67 finished with values: [0.005404230579055753, 0.004854386777083576, 0.0028081891824490797, 0.0027256444013708547, 0.0022001431134789093, 0.0005938136271634666, 0.0016059236095685918, 0.00022737420910373687, 0.00028521864250590385, 0.0006138700493934521, 0.0007957027876040629, 0.002982966127642932, 0.0038802848315018256, 0.006953168013723974, 0.0, 0.12843478839964909, 0.00046425823445029273, 0.005136540342561752, 0.0064539695849940935, 0.0013697018758561117, 0.0017314221448929336, 0.014303527442344066, 0.0015282790397189766, 0.002184322223214557, 0.0042456180163990736, 0.005283290959984838, 0.00047973121535443833, 0.001676564414406411, 0.002196398618252979] and parameters: {'lag_0': 0.7245919904917926, 'lag_1': 0.4820283280724936, 'lag_2': 0.10256051728597562, 'lag_3': 0.22095004461854556, 'lag_4': 0.0469081216495666, 'lag_5': 0.0021487399340268513, 'lag_6': 0.8236839009532984, 'lag_7': 0.5944255641778767, 'lag_8': 0.5811604986965165, 'lag_9': 0.03862049376711634, 'lag_10': 0.9182890517299663, 'lag_11': 0.35052594037015844, 'lag_12': 0.5884996703456751, 'lag_13': 0.0011756798791183107, 'lag_14': 0.9717590299598114, 'lag_15': 0.26908419527280103, 'lag_16': 0.930972089927258, 'lag_17': 0.817476341043515, 'lag_18': 0.8149785312941056, 'lag_19': 0.44371714946514274, 'lag_20': 0.08639523320112936, 'lag_21': 0.060000809778647565, 'lag_22': 0.9624627516766437, 'lag_23': 0.7472872463859526, 'lag_24': 0.7826613842251886, 'lag_25': 0.20740311230543843, 'lag_26': 0.8892778324506714, 'lag_27': 0.45094050464082586, 'lag_28': 0.960146476756788}.
