[I 2025-10-03 11:34:28,293] Trial 77 finished with values: [0.023370064279155188, 0.0032308437935251546, 0.003238476138043922, 0.0012746190671723736, 0.0011811030329461313, 0.0011925897760468127, 0.0011055589654172461, 0.00011845320812485361, 0.000857478308885349, 0.00043452722990844453, 0.0007888305165029991, 0.0005793946982070863, 0.0026469547153835466, 0.005938726105664804, 0.0, 0.11180737425324945, 0.0007113569925423765, 0.02014961480685693, 0.010582084315435808, 0.0020171440794446278, 0.004661874317431187, 0.0039588493693868635, 0.004484162300310129, 8.41237113970051e-05, 0.0014813385793868278, 0.0005352913727523298, 0.0008555712441658981, 3.509822876618431e-05, 0.0006959298940591119] and parameters: {'lag_0': 0.3057955621978807, 'lag_1': 0.8624321972552752, 'lag_2': 0.8450845526994468, 'lag_3': 0.4670169305939269, 'lag_4': 0.7970222082560663, 'lag_5': 0.6163323032068608, 'lag_6': 0.3934569441206561, 'lag_7': 0.7467782749660212, 'lag_8': 0.0714948135269252, 'lag_9': 0.37966081300713395, 'lag_10': 0.638845658078662, 'lag_11': 0.9742802806028708, 'lag_12': 0.6027882144250318, 'lag_13': 0.2295184610403799, 'lag_14': 0.797922717009475, 'lag_15': 0.2147594949951991, 'lag_16': 0.64763253008809, 'lag_17': 0.9553706577056865, 'lag_18': 0.10166155849247542, 'lag_19': 0.7043045540869499, 'lag_20': 0.001527899980294303, 'lag_21': 0.8264996120757521, 'lag_22': 0.7756594156808471, 'lag_23': 0.43381786650663234, 'lag_24': 0.11481823485898882, 'lag_25': 0.7316953778477467, 'lag_26': 0.5817112680383564, 'lag_27': 0.22199633208800046, 'lag_28': 0.3212744430743732}.
[I 2025-10-03 11:34:30,962] Trial 78 finished with values: [0.014910084404132024, 0.0020930027599337067, 0.0008804102709338851, 0.00016296661463336676, 0.00015763814924511004, 0.0005497835544139711, 0.0026589680496059507, 0.001072148310126021, 0.001272021655012622, 0.00038439882131508396, 0.0009378838792530025, 0.0008139243525903157, 0.002552222126116309, 0.004057220575777485, 0.0, 0.11301431885467297, 0.0009628159411701835, 0.018887852469199332, 0.01034358955473661, 0.002213658542032433, 0.004246033222073921, 0.00331112179741994, 0.00467022609439791, 4.814716307023486e-05, 0.0011269187293193404, 0.0012220978384596033, 0.0007586737306612526, 0.00017270518999408852, 0.00023154428089524137] and parameters: {'lag_0': 0.3285116408896634, 'lag_1': 0.7420307892129845, 'lag_2': 0.7285241072992537, 'lag_3': 0.6083171255650397, 'lag_4': 0.17732371379400014, 'lag_5': 0.0349021455348875, 'lag_6': 0.10835581190780215, 'lag_7': 0.4606292175155561, 'lag_8': 0.865005567299684, 'lag_9': 0.3200380552184144, 'lag_10': 0.8769634417756089, 'lag_11': 0.30028527017018947, 'lag_12': 0.7060493146868174, 'lag_13': 0.7550311869081171, 'lag_14': 0.6374309751478335, 'lag_15': 0.9676206463358893, 'lag_16': 0.8487913072858323, 'lag_17': 0.23243555024591014, 'lag_18': 0.516284076977809, 'lag_19': 0.11660525280956006, 'lag_20': 0.7480350750377481, 'lag_21': 0.3557577556907992, 'lag_22': 0.5725949863289801, 'lag_23': 0.04444150434871994, 'lag_24': 0.9096199921269217, 'lag_25': 0.07995106040937984, 'lag_26': 0.8232272111120925, 'lag_27': 0.73387188974688, 'lag_28': 0.7208056637880641}.
[I 2025-10-03 11:34:33,627] Trial 79 finished with values: [0.014562862181909799, 0.0012375403340145542, 0.000425682807488481, 0.0013502919633632349, 0.0001976182813773486, 0.0005206649248223969, 0.0027982168374991925, 0.00035731744893490716, 0.000836684484075444, 0.0007339518482238904, 0.000909257242875657, 0.0004577374368339721, 0.0018291254856467418, 0.0059612613621007615, 0.0, 0.10176706623863244, 0.0005391292538607635, 0.019862715922441328, 0.010663712372248899, 0.0018867099852245724, 0.004434120249117769, 0.003947452529659774, 0.004029125646332609, 0.00011051886167155163, 0.0010400950195480882, 0.0007734459636339899, 0.0003578250409396067, 0.0005233535304685729, 0.0005287117500520802] and parameters: {'lag_0': 0.6363580300597027, 'lag_1': 0.4323149799917523, 'lag_2': 0.05451023526853821, 'lag_3': 0.6688135691422475, 'lag_4': 0.18227666540264323, 'lag_5': 0.5292649871359527, 'lag_6': 0.7678200160537966, 'lag_7': 0.46159728113693177, 'lag_8': 0.4403094896463318, 'lag_9': 0.8161962308632623, 'lag_10': 0.011764577177604506, 'lag_11': 0.9876516077834268, 'lag_12': 0.6328395916232474, 'lag_13': 0.8027949799694415, 'lag_14': 0.9917201970609497, 'lag_15': 0.3408455704269125, 'lag_16': 0.2682355383063897, 'lag_17': 0.05298502639909801, 'lag_18': 0.8692790985263845, 'lag_19': 0.6023767800408584, 'lag_20': 0.4117184518940543, 'lag_21': 0.641007229326114, 'lag_22': 0.23852621837055155, 'lag_23': 0.47004049579204715, 'lag_24': 0.6795025334642101, 'lag_25': 0.5909986038321681, 'lag_26': 0.18917850501688255, 'lag_27': 0.09601668698405803, 'lag_28': 0.40366859637972574}.
[I 2025-10-03 11:34:36,289] Trial 80 finished with values: [0.02244444444444444, 0.0019634593166431105, 0.00029859516667657057, 0.0003815245917581633, 0.00022554740065934328, 0.0005531322195790788, 0.0018753506310494536, 0.0006385165786881809, 0.001107681521151676, 0.00044702114776887177, 0.0012365221843454845, 0.00046262961195872647, 0.0025335235276824444, 0.004861563559079735, 0.0, 0.10438642867479789, 0.000710439779376338, 0.017900427250207282, 0.009925479035380273, 0.0024146425269384124, 0.0053570993535446716, 0.0034808320140414864, 0.002983874806871491, 0.0001529458323331024, 0.001012379992347394, 0.0006378354214929162, 0.00023264914662555108, 0.00010362795023429701, 0.0006430899561833125] and parameters: {'lag_0': 0.7966533050828088, 'lag_1': 0.8226086423246494, 'lag_2': 0.8838159202043273, 'lag_3': 0.6259639367011098, 'lag_4': 0.5780007071055809, 'lag_5': 0.2784540750108558, 'lag_6': 0.04081953471575868, 'lag_7': 0.5297875309544702, 'lag_8': 0.42224693130701635, 'lag_9': 0.752857663591332, 'lag_10': 0.5977442965415223, 'lag_11': 0.3208507596002105, 'lag_12': 0.3291120652514555, 'lag_13': 0.07762282207469036, 'lag_14': 0.12689200941323045, 'lag_15': 0.8153033485507487, 'lag_16': 0.1253608827803214, 'lag_17': 0.6003840106927337, 'lag_18': 0.8565478934810782, 'lag_19': 0.519985778503319, 'lag_20': 0.022585208928914413, 'lag_21': 0.8102855280670865, 'lag_22': 0.8506462285256614, 'lag_23': 0.886087443206177, 'lag_24': 0.5829144782426018, 'lag_25': 0.8029104179663198, 'lag_26': 0.34321591696875525, 'lag_27': 0.7047236517255934, 'lag_28': 0.0018958553681840198}.
[I 2025-10-03 11:34:38,956] Trial 81 finished with values: [0.02777777777777778, 0.002224355474676161, 0.001043206631756863, 0.0008127179727449856, 0.00068814884208334, 0.0005120274333545937, 0.0010747386751509072, 0.0004506720917549875, 0.0005259996745307245, 0.0006415351897073296, 0.00045031085975558177, 0.0009339159528211696, 0.0030673536155726966, 0.005406847740550528, 0.0, 0.11256475816244516, 0.0005235983045362887, 0.018283734576834583, 0.010432559353772432, 0.002458811273147615, 0.00404999392028863, 0.0038462565168267252, 0.0043109452880852345, 1.9019718323723673e-05, 0.0016083353531513565, 0.0009129192931123919, 0.0007809633032709365, 0.0002540955983700969, 0.0005437260837682645] and parameters: {'lag_0': 0.9728693982407859, 'lag_1': 0.973330430439338, 'lag_2': 0.7757473777412502, 'lag_3': 0.40916109459328165, 'lag_4': 0.212847443391496, 'lag_5': 0.8372245517783823, 'lag_6': 0.9673969062456299, 'lag_7': 0.18164271655596073, 'lag_8': 0.5856569176790175, 'lag_9': 0.012553585488302878, 'lag_10': 0.7507849412920662, 'lag_11': 0.49524429569414935, 'lag_12': 0.6387894387145147, 'lag_13': 0.6691636819847311, 'lag_14': 0.08686668803450234, 'lag_15': 0.6372363500951385, 'lag_16': 0.8175957693829703, 'lag_17': 0.4863875248521704, 'lag_18': 0.26941455984479407, 'lag_19': 0.2462186332429929, 'lag_20': 0.1812791357792844, 'lag_21': 0.6263468680999815, 'lag_22': 0.7589158881097893, 'lag_23': 0.07930604920852016, 'lag_24': 0.6420582209309755, 'lag_25': 0.49540859310030894, 'lag_26': 0.7363454077792316, 'lag_27': 0.4829070730348382, 'lag_28': 0.016616850867233916}.
[I 2025-10-03 11:34:41,617] Trial 82 finished with values: [0.02244444444444444, 0.0017039181401064074, 0.0007068977742317772, 0.0020098743816084146, 0.0004514707541203343, 0.00048023024687135496, 0.00129406834533632, 0.0008247237821060848, 0.0005775789097400823, 0.0003908705149750665, 0.0008931426929833494, 0.00040969411532378605, 0.002252729386103723, 0.005821693065832317, 0.0, 0.10769969921479979, 0.00041098042807056947, 0.020522249954838048, 0.010755263210932578, 0.002043739578343037, 0.0043475107029790315, 0.0032423094953591357, 0.004956299740023766, 8.019682038836499e-05, 0.0010328024871742304, 0.0009086733867753218, 0.0008326620227748624, 0.0002370193888240932, 0.00038552287768173237] and parameters: {'lag_0': 0.08961376772113248, 'lag_1': 0.5243013680375586, 'lag_2': 0.37371918622960687, 'lag_3': 0.528136496378091, 'lag_4': 0.674224147937309, 'lag_5': 0.09700878011147654, 'lag_6': 0.24906754684508262, 'lag_7': 0.6025955291268056, 'lag_8': 0.580576076294237, 'lag_9': 0.5263906940401042, 'lag_10': 0.4989797345106625, 'lag_11': 0.04383985551084137, 'lag_12': 0.7879289206082163, 'lag_13': 0.04616132628859076, 'lag_14': 0.39941036687370124, 'lag_15': 0.04274237022039548, 'lag_16': 0.48630331190753795, 'lag_17': 0.5449297073536445, 'lag_18': 0.29342123961811717, 'lag_19': 0.0002910029062450823, 'lag_20': 0.9647972109356547, 'lag_21': 0.29161002011854176, 'lag_22': 0.553475773856697, 'lag_23': 0.015342921107164863, 'lag_24': 0.3748769745939693, 'lag_25': 0.7902652049295037, 'lag_26': 0.34883104088187056, 'lag_27': 0.623935715863608, 'lag_28': 0.9418321246796008}.
[I 2025-10-03 11:34:44,289] Trial 83 finished with values: [0.02361111111111111, 0.00027157000356150504, 0.0024169380924008435, 0.00029573698985471485, 0.0005377284410483501, 0.0006887662552801796, 0.0017241188454057764, 0.0002635689821040602, 0.0002705561366490642, 0.0004451490239160867, 0.0011761402059104497, 0.0010246924537811732, 0.0020158276094374658, 0.006734689704051741, 0.0, 0.11366368557585851, 0.0009558488437587667, 0.01824115050313276, 0.009460709651505602, 0.0023233353729723203, 0.004400279539153888, 0.004030295125544246, 0.004324443462923175, 6.343618850613966e-05, 0.0009684924625114699, 0.0006413997624285149, 0.0005039086116896799, 0.0006141940023323786, 0.0007816273638983249] and parameters: {'lag_0': 0.2519895104899864, 'lag_1': 0.5243013680375586, 'lag_2': 0.37371918622960687, 'lag_3': 0.47325083167698717, 'lag_4': 0.674224147937309, 'lag_5': 0.09700878011147654, 'lag_6': 0.24906754684508262, 'lag_7': 0.6025955291268056, 'lag_8': 0.580576076294237, 'lag_9': 0.5263906940401042, 'lag_10': 0.4989797345106625, 'lag_11': 0.9615797116700275, 'lag_12': 0.7879289206082163, 'lag_13': 0.16769970623730926, 'lag_14': 0.8556516451524776, 'lag_15': 0.04274237022039548, 'lag_16': 0.48630331190753795, 'lag_17': 0.7204070211763138, 'lag_18': 0.29342123961811717, 'lag_19': 0.7384858401087349, 'lag_20': 0.9647972109356547, 'lag_21': 0.1748658870313718, 'lag_22': 0.553475773856697, 'lag_23': 0.9930447231119867, 'lag_24': 0.3748769745939693, 'lag_25': 0.7902652049295037, 'lag_26': 0.6062069788698672, 'lag_27': 0.623935715863608, 'lag_28': 0.9422541301597902}.
[I 2025-10-03 11:34:46,951] Trial 84 finished with values: [0.018277449046679814, 0.001251099973965375, 0.003127371648110877, 0.000293609852254331, 0.0007991053678773133, 0.0008348642631155213, 0.00097701815702787, 0.0003103508052584204, 0.000972669673558957, 0.00010854589161394743, 0.000522620115505814, 0.0007640753933583262, 0.001674105035030913, 0.004889753580181318, 0.0, 0.11548063291738848, 0.0006570122408074486, 0.01901519667448153, 0.010172782577096303, 0.0022754306702417702, 0.003920680385544664, 0.0034986845336868215, 0.004846069210343559, 0.0001787290182110114, 0.001452143995370757, 0.0010033008532427362, 0.0006535221799930122, 0.00040615741326597817, 0.0007354227502330256] and parameters: {'lag_0': 0.48747043116891614, 'lag_1': 0.9901202562612759, 'lag_2': 0.8832325309674731, 'lag_3': 0.16521611641932799, 'lag_4': 0.3525080673736146, 'lag_5': 0.12332365683705172, 'lag_6': 0.5066506211474946, 'lag_7': 0.32339238167495205, 'lag_8': 0.8283433265668784, 'lag_9': 0.0320797779618469, 'lag_10': 0.45827298597274746, 'lag_11': 0.759738735358779, 'lag_12': 0.7684237340404724, 'lag_13': 0.8779320418344443, 'lag_14': 0.16929998303295946, 'lag_15': 0.7427874492518001, 'lag_16': 0.9406003796794059, 'lag_17': 0.1080429436820991, 'lag_18': 0.7672390321986972, 'lag_19': 0.9884504569688811, 'lag_20': 0.6412194046179658, 'lag_21': 0.2622592894053341, 'lag_22': 0.6904410142104678, 'lag_23': 0.22205394300594936, 'lag_24': 0.6546187307516521, 'lag_25': 0.7263578266856996, 'lag_26': 0.32563881714273984, 'lag_27': 0.1606966125720976, 'lag_28': 0.9111111262179328}.
[I 2025-10-03 11:34:49,750] Trial 85 finished with values: [0.02222222222222222, 0.001138966975935856, 0.0029304861232958444, 0.0016097239593319836, 0.0018422860126520797, 0.0012007966858421945, 0.001740752350148879, 0.0003317691809132476, 0.0005359563864767941, 0.00039825250953718554, 0.0009266718922597693, 0.0003591803440588301, 0.0017471000833883372, 0.005234700304625929, 0.0, 0.10785382889666814, 0.0009926852452433186, 0.020033190880653008, 0.009781026251044283, 0.0022737107601809494, 0.004306952615877322, 0.0033510672063450527, 0.004853320922436689, 0.00014396231665874916, 0.000901715523092461, 0.0006927307185306137, 0.0009041795204480152, 0.00019369987561866517, 0.0011744113530239501] and parameters: {'lag_0': 0.7359618782470776, 'lag_1': 0.3349043456047307, 'lag_2': 0.193253605208848, 'lag_3': 0.585304547865565, 'lag_4': 0.3607241271302534, 'lag_5': 0.719511103563822, 'lag_6': 0.0569401288062488, 'lag_7': 0.5998098546409738, 'lag_8': 0.8881032002305187, 'lag_9': 0.5598843718926917, 'lag_10': 0.7882690687881485, 'lag_11': 0.49524429569414935, 'lag_12': 0.15919534651386252, 'lag_13': 0.6816189548784447, 'lag_14': 0.08686668803450234, 'lag_15': 0.19002036577207432, 'lag_16': 0.8175957693829703, 'lag_17': 0.5261068459760699, 'lag_18': 0.031535291197188405, 'lag_19': 0.2462186332429929, 'lag_20': 0.1812791357792844, 'lag_21': 0.02647421905267626, 'lag_22': 0.8437091602956148, 'lag_23': 0.07930604920852016, 'lag_24': 0.9642276430228496, 'lag_25': 0.36589979745676515, 'lag_26': 0.7363454077792316, 'lag_27': 0.9969460521682998, 'lag_28': 0.6094075395882204}.
[I 2025-10-03 11:34:52,418] Trial 86 finished with values: [0.02777777777777778, 0.001313617939568875, 0.00011198110133037764, 0.000186693880864299, 0.0001210242788626443, 0.0010159574537518356, 0.0008465601739494132, 0.0003774318730639153, 0.0005458143280934989, 0.00021383911825140998, 0.0007450462599261275, 0.00066751593480477, 0.00132889282392004, 0.0053027934429141655, 0.0, 0.11894603792559266, 0.0005767617350412467, 0.01944479827757305, 0.009824595735255154, 0.002311765981631784, 0.005658078515719178, 0.0040116947111179324, 0.004257408970462458, 3.504451177333008e-05, 0.0016834689961223233, 0.0006548259571267184, 0.0008027272405989811, 0.00013149741649719953, 0.00010955530843645054] and parameters: {'lag_0': 0.6363580300597027, 'lag_1': 0.684237252765346, 'lag_2': 0.1022739275892011, 'lag_3': 0.6688135691422475, 'lag_4': 0.15541942399799236, 'lag_5': 0.19168155327442676, 'lag_6': 0.1954553976657826, 'lag_7': 0.748893750736805, 'lag_8': 0.47999455909673217, 'lag_9': 0.03874594053156724, 'lag_10': 0.011764577177604506, 'lag_11': 0.6729494850019827, 'lag_12': 0.8353034703663048, 'lag_13': 0.8027949799694415, 'lag_14': 0.7095753149254335, 'lag_15': 0.6383401010701049, 'lag_16': 0.9809358270397397, 'lag_17': 0.05298502639909801, 'lag_18': 0.8692790985263845, 'lag_19': 0.013065525721638296, 'lag_20': 0.37253636380742444, 'lag_21': 0.08844316448127733, 'lag_22': 0.26427454836463604, 'lag_23': 0.47004049579204715, 'lag_24': 0.8635957185203252, 'lag_25': 0.17549522583313779, 'lag_26': 0.6835337138208327, 'lag_27': 0.39784306003401054, 'lag_28': 0.09239359423330036}.
[I 2025-10-03 11:34:55,087] Trial 87 finished with values: [0.02777777777777778, 0.0006481904443991314, 0.0005726240517730409, 0.001092843697191165, 0.00047557666618200324, 9.534301520463354e-05, 0.000995293614557631, 0.0007748489211704561, 0.00029525766768095495, 0.000841477331763938, 0.0005811164747366278, 0.0009499924233770295, 0.0017920061400261208, 0.005590937280127483, 0.0, 0.11479846457630094, 0.0010737705882062115, 0.019753290221074932, 0.010319113233169775, 0.0020071909768189016, 0.003964310650063361, 0.0034609633109044247, 0.004431199634685788, 0.00010734615320814808, 0.0014112213862699373, 0.0009295309062879297, 0.0008249429713405506, 0.00017389986008268187, 0.0005300398210522775] and parameters: {'lag_0': 0.3285116408896634, 'lag_1': 0.6164800078247715, 'lag_2': 0.7285241072992537, 'lag_3': 0.2258684492932225, 'lag_4': 0.17732371379400014, 'lag_5': 0.9163314956884634, 'lag_6': 0.6906175671617446, 'lag_7': 0.7952219191762331, 'lag_8': 0.3239772648521263, 'lag_9': 0.3531423295882139, 'lag_10': 0.2906359163759102, 'lag_11': 0.30028527017018947, 'lag_12': 0.684182862064203, 'lag_13': 0.11450208089288515, 'lag_14': 0.47555979166510776, 'lag_15': 0.9676206463358893, 'lag_16': 0.40360425389455906, 'lag_17': 0.6724882894008761, 'lag_18': 0.516284076977809, 'lag_19': 0.04739096001067315, 'lag_20': 0.695219838134791, 'lag_21': 0.6747975090450491, 'lag_22': 0.6493217732709242, 'lag_23': 0.40276944488289723, 'lag_24': 0.9096199921269217, 'lag_25': 0.07995106040937984, 'lag_26': 0.2625032229433525, 'lag_27': 0.6416042578495603, 'lag_28': 0.8974957293778706}.
[I 2025-10-03 11:34:57,751] Trial 88 finished with values: [0.01867283950617284, 0.0032785677885898714, 0.0017452283458724998, 0.000198797630025386, 0.0006644704559718528, 0.000321539515037989, 0.0014506624060926386, 0.0006486269248134456, 0.0005231769808956959, 0.0002020614215924913, 0.0011200184014858697, 0.0007602563624163885, 0.0025851433767689266, 0.005075853821139064, 0.0, 0.115970800700951, 0.0004876227491929463, 0.020071702448131282, 0.010456769064026704, 0.0025774210956421724, 0.00497629473571616, 0.004393871439911775, 0.004769781645906687, 0.00014314969553648973, 0.0010068277316761594, 0.0005935061911948766, 0.0006828805678422983, 0.00021675890013465323, 0.00030073886480475894] and parameters: {'lag_0': 0.32490716233483535, 'lag_1': 0.4512983734005729, 'lag_2': 0.4742923873868439, 'lag_3': 0.8719264134007275, 'lag_4': 0.7879519755678058, 'lag_5': 0.2784540750108558, 'lag_6': 0.2936298460520545, 'lag_7': 0.4621140405644178, 'lag_8': 0.42224693130701635, 'lag_9': 0.752857663591332, 'lag_10': 0.8018339139168699, 'lag_11': 0.9825423666980216, 'lag_12': 0.2894100063212796, 'lag_13': 0.07762282207469036, 'lag_14': 0.20346834738683686, 'lag_15': 0.8153033485507487, 'lag_16': 0.25662119621916213, 'lag_17': 0.31282012563197, 'lag_18': 0.6987604844868368, 'lag_19': 0.519985778503319, 'lag_20': 0.29889928975739516, 'lag_21': 0.7231804073022668, 'lag_22': 0.2001839650097658, 'lag_23': 0.10175997374814823, 'lag_24': 0.4437160658035126, 'lag_25': 0.13695156271657613, 'lag_26': 0.6196657873681334, 'lag_27': 0.9185956930303498, 'lag_28': 0.5994990140837718}.
[I 2025-10-03 11:35:00,402] Trial 89 finished with values: [0.015721564760026296, 0.0010380149829076941, 0.00131778207375794, 0.0006241801818840587, 0.0007444763429179338, 0.0008392673676523134, 0.0013689804156450356, 0.0007310478982740605, 0.0009025948269458456, 0.00019345314639803636, 0.0007688656346045462, 0.0014729790808502665, 0.0029876977480695647, 0.004993523131689976, 0.0, 0.11494739585450671, 0.0005979602229194969, 0.020253254391071004, 0.010000225733590527, 0.0026753947964088596, 0.004459298033534001, 0.004366812971464271, 0.004749194359847541, 3.781706010369029e-05, 0.0009800985049850095, 0.0007783330926601709, 0.0006984107509061399, 0.0003325542961461887, 0.0003711414229975382] and parameters: {'lag_0': 0.3057955621978807, 'lag_1': 0.8624321972552752, 'lag_2': 0.8450845526994468, 'lag_3': 0.4670169305939269, 'lag_4': 0.7970222082560663, 'lag_5': 0.6163323032068608, 'lag_6': 0.3934569441206561, 'lag_7': 0.7467782749660212, 'lag_8': 0.0714948135269252, 'lag_9': 0.37966081300713395, 'lag_10': 0.638845658078662, 'lag_11': 0.9742802806028708, 'lag_12': 0.6027882144250318, 'lag_13': 0.2295184610403799, 'lag_14': 0.797922717009475, 'lag_15': 0.2147594949951991, 'lag_16': 0.64763253008809, 'lag_17': 0.9553706577056865, 'lag_18': 0.10166155849247542, 'lag_19': 0.7043045540869499, 'lag_20': 0.001527899980294303, 'lag_21': 0.8264996120757521, 'lag_22': 0.7756594156808471, 'lag_23': 0.43381786650663234, 'lag_24': 0.11481823485898882, 'lag_25': 0.7316953778477467, 'lag_26': 0.5817112680383564, 'lag_27': 0.22199633208800046, 'lag_28': 0.3212744430743732}.
