[I 2025-09-29 11:54:34,675] Trial 61 finished with value: 0.014567491230235466 and parameters: {'lag_0': 0.2907541904241988, 'lag_1': 0.7986919967015986, 'lag_2': 0.039176628039085795, 'lag_3': 0.3098956728798289, 'lag_4': 0.89373063429197, 'lag_5': 0.37266857403744363, 'lag_6': 0.0902016845365519, 'lag_7': 0.6501943628034915, 'lag_8': 0.07836759946198442, 'lag_9': 0.29836244712107285, 'lag_10': 0.761971387013231, 'lag_11': 0.9518475915769407, 'lag_12': 0.8696466893457386, 'lag_13': 0.7556615598074512, 'lag_14': 0.03780170378834369, 'lag_15': 0.5324562564226865, 'lag_16': 0.8696254184757634, 'lag_17': 0.5888214071421032, 'lag_18': 0.47915925475046517, 'lag_19': 0.9931504949851916, 'lag_20': 0.08917143698591318, 'lag_21': 0.6108942372033129, 'lag_22': 0.2040416713291338, 'lag_23': 0.061762919316049464, 'lag_24': 0.772678858220945, 'lag_25': 0.3254050534284099, 'lag_26': 0.9027502220951905, 'lag_27': 0.5741025315632384, 'lag_28': 0.7061384869477612}. Best is trial 50 with value: 0.014053522189399684.
[I 2025-09-29 11:54:37,185] Trial 62 finished with value: 0.014680265719882601 and parameters: {'lag_0': 0.4392275964941567, 'lag_1': 0.8376329493719222, 'lag_2': 0.11084067659452204, 'lag_3': 0.381040399591672, 'lag_4': 0.7061327236418491, 'lag_5': 0.31592072821069944, 'lag_6': 0.03899344580946171, 'lag_7': 0.39428629764171863, 'lag_8': 0.029614349884342334, 'lag_9': 0.241647564398989, 'lag_10': 0.81848547025951, 'lag_11': 0.9615573133642249, 'lag_12': 0.8120994246096502, 'lag_13': 0.6521419800285526, 'lag_14': 0.01429966390619987, 'lag_15': 0.6697156091498345, 'lag_16': 0.7252718404086627, 'lag_17': 0.4397587492002709, 'lag_18': 0.14702524735452538, 'lag_19': 0.9087551193159665, 'lag_20': 0.20348750083117098, 'lag_21': 0.1714246004322233, 'lag_22': 0.13702275470394676, 'lag_23': 0.8072325151082611, 'lag_24': 0.8053218543724027, 'lag_25': 0.17779373211136884, 'lag_26': 0.950919159458889, 'lag_27': 0.6444676660101919, 'lag_28': 0.5645450756577002}. Best is trial 50 with value: 0.014053522189399684.
[I 2025-09-29 11:54:39,696] Trial 63 finished with value: 0.01481238119088175 and parameters: {'lag_0': 0.3797114790902413, 'lag_1': 0.979773368479792, 'lag_2': 0.2108418348508758, 'lag_3': 0.32276233097438534, 'lag_4': 0.7810437538269673, 'lag_5': 0.4045306384549314, 'lag_6': 0.13435480607878153, 'lag_7': 0.1561425268422994, 'lag_8': 0.1689212478737805, 'lag_9': 0.7527617231323032, 'lag_10': 0.7393563450625794, 'lag_11': 0.9065804412252921, 'lag_12': 0.677894069098447, 'lag_13': 0.8986574925086097, 'lag_14': 0.0005273400778930005, 'lag_15': 0.6036575638144028, 'lag_16': 0.82511105829127, 'lag_17': 0.49787610844398894, 'lag_18': 0.5899672444530624, 'lag_19': 0.9673313258361945, 'lag_20': 0.1651816222841662, 'lag_21': 0.6934420825233173, 'lag_22': 0.25729511955148027, 'lag_23': 0.09690368816629982, 'lag_24': 0.8507872115782139, 'lag_25': 0.6192060138015809, 'lag_26': 0.8599651121776282, 'lag_27': 0.490948603826986, 'lag_28': 0.6231571901643652}. Best is trial 50 with value: 0.014053522189399684.
[I 2025-09-29 11:54:42,206] Trial 64 finished with value: 0.01454903501886245 and parameters: {'lag_0': 0.32150723821969107, 'lag_1': 0.940657166864744, 'lag_2': 0.08852385401843002, 'lag_3': 0.271960327285394, 'lag_4': 0.08722726300868612, 'lag_5': 0.21795288583064903, 'lag_6': 0.9145830815068837, 'lag_7': 0.3121274868269579, 'lag_8': 0.13860886190512478, 'lag_9': 0.338521685571349, 'lag_10': 0.857213779826664, 'lag_11': 0.8007745665714592, 'lag_12': 0.7450061240659206, 'lag_13': 0.5161134742730537, 'lag_14': 0.056811455532694816, 'lag_15': 0.4749711291590572, 'lag_16': 0.6052451133310915, 'lag_17': 0.6658789632421351, 'lag_18': 0.05077432984215069, 'lag_19': 0.38173589582439277, 'lag_20': 0.23982732977493376, 'lag_21': 0.4911995990735672, 'lag_22': 0.003082409670977976, 'lag_23': 0.1760280245795779, 'lag_24': 0.5045604909210228, 'lag_25': 0.953180742271692, 'lag_26': 0.7411916245689787, 'lag_27': 0.585270932266081, 'lag_28': 0.8212891716625865}. Best is trial 50 with value: 0.014053522189399684.
[I 2025-09-29 11:54:44,719] Trial 65 finished with value: 0.014742159512179425 and parameters: {'lag_0': 0.19956150014930724, 'lag_1': 0.8945740085456426, 'lag_2': 0.025013719747067578, 'lag_3': 0.42855677003197, 'lag_4': 0.0006772309069397187, 'lag_5': 0.5090366670635156, 'lag_6': 0.10217465919235173, 'lag_7': 0.057190637940481404, 'lag_8': 0.09122867935347548, 'lag_9': 0.7086806570561444, 'lag_10': 0.7843826778453098, 'lag_11': 0.3665097784113837, 'lag_12': 0.35284526719373127, 'lag_13': 0.3451578252738553, 'lag_14': 0.8791822094012147, 'lag_15': 0.8970171007432717, 'lag_16': 0.4517619894607905, 'lag_17': 0.6130753852262103, 'lag_18': 0.92778282516445, 'lag_19': 0.8700932552484947, 'lag_20': 0.12482535888422795, 'lag_21': 0.38435169511443196, 'lag_22': 0.510633957111567, 'lag_23': 0.9505782143010667, 'lag_24': 0.9246884622450804, 'lag_25': 0.7514308387051349, 'lag_26': 0.5452722157570109, 'lag_27': 0.5485111899090145, 'lag_28': 0.6844331662257005}. Best is trial 50 with value: 0.014053522189399684.
[I 2025-09-29 11:54:47,223] Trial 66 finished with value: 0.014148583473199361 and parameters: {'lag_0': 0.13264832828675022, 'lag_1': 0.7024135587438582, 'lag_2': 0.13796932055303057, 'lag_3': 0.4704312661436354, 'lag_4': 0.44821827286325894, 'lag_5': 0.4268099133243215, 'lag_6': 0.31659432139038113, 'lag_7': 0.8947739069238779, 'lag_8': 0.06090392911215906, 'lag_9': 0.2784206483045472, 'lag_10': 0.8974991047672302, 'lag_11': 0.8994034162165587, 'lag_12': 0.9348295968518865, 'lag_13': 0.18306204387600325, 'lag_14': 0.15445924798528343, 'lag_15': 0.4351664577926216, 'lag_16': 0.7465172523104653, 'lag_17': 0.7133932414197888, 'lag_18': 0.24363562362843452, 'lag_19': 0.941115588716671, 'lag_20': 0.04349093240200996, 'lag_21': 0.4439274896069533, 'lag_22': 0.23451334695966108, 'lag_23': 0.7191382781618432, 'lag_24': 0.7501756331227138, 'lag_25': 0.40744823498214383, 'lag_26': 0.5906742111514626, 'lag_27': 0.41145424966169963, 'lag_28': 0.910468585216857}. Best is trial 50 with value: 0.014053522189399684.
[I 2025-09-29 11:54:49,733] Trial 67 finished with value: 0.01516902837390259 and parameters: {'lag_0': 0.48007433718985193, 'lag_1': 0.7018633623682111, 'lag_2': 0.1733049192796034, 'lag_3': 0.46472352113282944, 'lag_4': 0.42124107514456977, 'lag_5': 0.4427295053216569, 'lag_6': 0.34918510394296265, 'lag_7': 0.9186164142110209, 'lag_8': 0.0015079951065546313, 'lag_9': 0.19089950650893772, 'lag_10': 0.35529460972254867, 'lag_11': 0.8318284215604445, 'lag_12': 0.9283427510068233, 'lag_13': 0.1980037437357074, 'lag_14': 0.16968791260843397, 'lag_15': 0.3663061318456501, 'lag_16': 0.7671703329156577, 'lag_17': 0.7300713358017321, 'lag_18': 0.24172508159697814, 'lag_19': 0.5331976805429561, 'lag_20': 0.05264260656906207, 'lag_21': 0.3288736743863729, 'lag_22': 0.6058464857444745, 'lag_23': 0.6359666402433236, 'lag_24': 0.7444779443213412, 'lag_25': 0.4801763082525393, 'lag_26': 0.5974683703662267, 'lag_27': 0.4120604933615227, 'lag_28': 0.9277237538648571}. Best is trial 50 with value: 0.014053522189399684.
[I 2025-09-29 11:54:52,244] Trial 68 finished with value: 0.014827838047493666 and parameters: {'lag_0': 0.09151750557277655, 'lag_1': 0.6418401703878569, 'lag_2': 0.13551208724136346, 'lag_3': 0.5823308600358099, 'lag_4': 0.4550305997095434, 'lag_5': 0.09693002166981868, 'lag_6': 0.526978036548281, 'lag_7': 0.8713016614180308, 'lag_8': 0.21394163762356347, 'lag_9': 0.28190493014933843, 'lag_10': 0.9332067677632019, 'lag_11': 0.8882688009977204, 'lag_12': 0.4294187963744401, 'lag_13': 0.23218488783507932, 'lag_14': 0.11504319145105045, 'lag_15': 0.42230102920583296, 'lag_16': 0.30445960975863173, 'lag_17': 0.7957308867085354, 'lag_18': 0.20334821915568366, 'lag_19': 0.7647753845545483, 'lag_20': 0.030130725326217595, 'lag_21': 0.4489610534971149, 'lag_22': 0.3464109976116851, 'lag_23': 0.7094469987732379, 'lag_24': 0.6881648294708471, 'lag_25': 0.7026067549550568, 'lag_26': 0.5136519529934234, 'lag_27': 0.4577248781288412, 'lag_28': 0.8989587878430825}. Best is trial 50 with value: 0.014053522189399684.
[I 2025-09-29 11:54:54,755] Trial 69 finished with value: 0.015085505241438518 and parameters: {'lag_0': 0.3573875898538655, 'lag_1': 0.5742604836919596, 'lag_2': 0.3074208652055681, 'lag_3': 0.5532689824936721, 'lag_4': 0.2943091699141347, 'lag_5': 0.5645273454289299, 'lag_6': 0.3121388992907939, 'lag_7': 0.9743587372029545, 'lag_8': 0.050889143080958675, 'lag_9': 0.3797236306149958, 'lag_10': 0.8801835285634125, 'lag_11': 0.7054203488414429, 'lag_12': 0.16228301141533208, 'lag_13': 0.10336673729495413, 'lag_14': 0.2760885306431546, 'lag_15': 0.3359262075225802, 'lag_16': 0.42223121335744773, 'lag_17': 0.8584333572528815, 'lag_18': 0.33585222966464834, 'lag_19': 0.8277525191598591, 'lag_20': 0.08465229000103755, 'lag_21': 0.41306935648287413, 'lag_22': 0.10374353388940799, 'lag_23': 0.8341492777019373, 'lag_24': 0.6423161767874623, 'lag_25': 0.4270021169821772, 'lag_26': 0.3646873139666348, 'lag_27': 0.3337744726888176, 'lag_28': 0.8611042703571857}. Best is trial 50 with value: 0.014053522189399684.
[I 2025-09-29 11:54:57,260] Trial 70 finished with value: 0.015062464702793604 and parameters: {'lag_0': 0.10852008064779374, 'lag_1': 0.5334287305398983, 'lag_2': 0.2632943655414672, 'lag_3': 0.731279357226752, 'lag_4': 0.38068909034999926, 'lag_5': 0.779174245232904, 'lag_6': 0.24720490732796385, 'lag_7': 0.8336442521388773, 'lag_8': 0.1194231896336186, 'lag_9': 0.3250163698522516, 'lag_10': 0.47596125425775226, 'lag_11': 0.7796718515343763, 'lag_12': 0.39242723915679667, 'lag_13': 0.17160999050838577, 'lag_14': 0.22647894379187067, 'lag_15': 0.49575913695571944, 'lag_16': 0.10941790726938852, 'lag_17': 0.7033027455986315, 'lag_18': 0.3817540587378459, 'lag_19': 0.47143869168807107, 'lag_20': 0.43807323191004927, 'lag_21': 0.5405578960388101, 'lag_22': 0.22526311512016897, 'lag_23': 0.4863723556785508, 'lag_24': 0.9922294699660131, 'lag_25': 0.8211023807399047, 'lag_26': 0.7072156694552152, 'lag_27': 0.37480014051570926, 'lag_28': 0.7406544071344341}. Best is trial 50 with value: 0.014053522189399684.
[I 2025-09-29 11:54:59,910] Trial 71 finished with value: 0.01469838614299182 and parameters: {'lag_0': 0.2586111873550428, 'lag_1': 0.7855738485943277, 'lag_2': 0.07209262394793081, 'lag_3': 0.4921990580177467, 'lag_4': 0.6200082874940978, 'lag_5': 0.41380038637506816, 'lag_6': 0.1868014090015303, 'lag_7': 0.42955517918364283, 'lag_8': 0.08806213831548844, 'lag_9': 0.24528381436678415, 'lag_10': 0.6722074358870734, 'lag_11': 0.9725196078654875, 'lag_12': 0.7908030890384361, 'lag_13': 0.03228943796559573, 'lag_14': 0.06626533628549212, 'lag_15': 0.5797038508918627, 'lag_16': 0.7420699110658171, 'lag_17': 0.7555603505287909, 'lag_18': 0.13683129248172066, 'lag_19': 0.9341787004760653, 'lag_20': 0.17561031816768402, 'lag_21': 0.5125981901588154, 'lag_22': 0.2766449618276688, 'lag_23': 0.13807335949561783, 'lag_24': 0.7844321384508652, 'lag_25': 0.33480742430972654, 'lag_26': 0.5780874419652379, 'lag_27': 0.5102639307341923, 'lag_28': 0.7854326624673074}. Best is trial 50 with value: 0.014053522189399684.
[I 2025-09-29 11:55:02,424] Trial 72 finished with value: 0.014872567136511531 and parameters: {'lag_0': 0.4162381706941843, 'lag_1': 0.732248644341696, 'lag_2': 0.10638063429664621, 'lag_3': 0.3979849296787635, 'lag_4': 0.501462869920076, 'lag_5': 0.3537051365486996, 'lag_6': 0.4226078524312934, 'lag_7': 0.23322206141743104, 'lag_8': 0.06736913547530879, 'lag_9': 0.13068492628032385, 'lag_10': 0.8310933329632779, 'lag_11': 0.46002532824587905, 'lag_12': 0.9470686076292232, 'lag_13': 0.12915509485738108, 'lag_14': 0.46314191916778913, 'lag_15': 0.4429796008903151, 'lag_16': 0.6681408120332312, 'lag_17': 0.5718303479158453, 'lag_18': 0.22746063535779634, 'lag_19': 0.9979989906939041, 'lag_20': 0.1409051275103918, 'lag_21': 0.43320410367005824, 'lag_22': 0.242294056967448, 'lag_23': 0.41213002834483214, 'lag_24': 0.8493469650324964, 'lag_25': 0.38849461711846534, 'lag_26': 0.626948309029386, 'lag_27': 0.42268968969537235, 'lag_28': 0.980361401829663}. Best is trial 50 with value: 0.014053522189399684.
[I 2025-09-29 11:55:04,949] Trial 73 finished with value: 0.014911468070438008 and parameters: {'lag_0': 0.525154540757445, 'lag_1': 0.8450882881460337, 'lag_2': 0.0012687596265039264, 'lag_3': 0.3406834429990661, 'lag_4': 0.4022400142561845, 'lag_5': 0.4791997201656407, 'lag_6': 0.4631626443203495, 'lag_7': 0.896514427832612, 'lag_8': 0.03401316905698267, 'lag_9': 0.07518258774135972, 'lag_10': 0.9532508763035372, 'lag_11': 0.8995728358500413, 'lag_12': 0.8869481532816849, 'lag_13': 0.21187256038365856, 'lag_14': 0.15442098445810254, 'lag_15': 0.5540650413330686, 'lag_16': 0.8410273912072277, 'lag_17': 0.6463087509471066, 'lag_18': 0.5191648265531787, 'lag_19': 0.861677847376513, 'lag_20': 0.10086757730901401, 'lag_21': 0.6004820168103885, 'lag_22': 0.31186651911908675, 'lag_23': 0.7742011280265388, 'lag_24': 0.7167381277828246, 'lag_25': 0.27042494338543677, 'lag_26': 0.7722241314331102, 'lag_27': 0.6182953887729343, 'lag_28': 0.8261997695957763}. Best is trial 50 with value: 0.014053522189399684.
[I 2025-09-29 11:55:07,466] Trial 74 finished with value: 0.014722416296553192 and parameters: {'lag_0': 0.13602244855551504, 'lag_1': 0.7572344851037097, 'lag_2': 0.1934679467654164, 'lag_3': 0.2045750099006403, 'lag_4': 0.14433969225405285, 'lag_5': 0.26285107817119213, 'lag_6': 0.042972300624798176, 'lag_7': 0.7772648421369761, 'lag_8': 0.17564373899773178, 'lag_9': 0.025905311471400308, 'lag_10': 0.7248925592150283, 'lag_11': 0.9982131224082069, 'lag_12': 0.4707140384687972, 'lag_13': 0.06795584938205985, 'lag_14': 0.10486980486465372, 'lag_15': 0.000992830199486705, 'lag_16': 0.7941526985692129, 'lag_17': 0.5174480707770844, 'lag_18': 0.07425269599239764, 'lag_19': 0.911014534800344, 'lag_20': 0.27014274193840554, 'lag_21': 0.48483435040975786, 'lag_22': 0.1893680989010144, 'lag_23': 0.8714224998015376, 'lag_24': 0.538679284861485, 'lag_25': 0.35338987756712775, 'lag_26': 0.662825020504173, 'lag_27': 0.672826312639661, 'lag_28': 0.5921888090453183}. Best is trial 50 with value: 0.014053522189399684.
[I 2025-09-29 11:55:09,980] Trial 75 finished with value: 0.014738263836414587 and parameters: {'lag_0': 0.028071226660784487, 'lag_1': 0.39311266364839487, 'lag_2': 0.35196429513978505, 'lag_3': 0.07818275104081218, 'lag_4': 0.06272415770438645, 'lag_5': 0.5098575621546553, 'lag_6': 0.8221438858694459, 'lag_7': 0.9474635229362135, 'lag_8': 0.3240776917672083, 'lag_9': 0.30336897960503345, 'lag_10': 0.8946610622555422, 'lag_11': 0.8384307225566859, 'lag_12': 0.9984932890783835, 'lag_13': 0.3103646528719656, 'lag_14': 0.04591793399651452, 'lag_15': 0.640389707372505, 'lag_16': 0.6841631888994902, 'lag_17': 0.4860606159426031, 'lag_18': 0.27096767861418697, 'lag_19': 0.9658125784827201, 'lag_20': 0.030086679528742735, 'lag_21': 0.05034085260791027, 'lag_22': 0.05604046639170082, 'lag_23': 0.6660211846078972, 'lag_24': 0.6640801124694298, 'lag_25': 0.5354057822966433, 'lag_26': 0.8145156098575076, 'lag_27': 0.27607757362260144, 'lag_28': 0.7184900557985393}. Best is trial 50 with value: 0.014053522189399684.
[I 2025-09-29 11:55:12,489] Trial 76 finished with value: 0.014780937723795417 and parameters: {'lag_0': 0.5673440060398919, 'lag_1': 0.8738969197102521, 'lag_2': 0.21672551177289218, 'lag_3': 0.5279994674702404, 'lag_4': 0.43604093147909806, 'lag_5': 0.34743648201345534, 'lag_6': 0.6416310074726053, 'lag_7': 0.6957208357151045, 'lag_8': 0.13231520335636854, 'lag_9': 0.8639364203453297, 'lag_10': 0.6328703163008956, 'lag_11': 0.9296973147768468, 'lag_12': 0.553882030297928, 'lag_13': 0.401019015669402, 'lag_14': 0.36219026151382466, 'lag_15': 0.38239857122198684, 'lag_16': 0.5372119559854207, 'lag_17': 0.6045869861111153, 'lag_18': 0.42439739524557857, 'lag_19': 0.935873823761519, 'lag_20': 0.504402960218426, 'lag_21': 0.11087677652225651, 'lag_22': 0.14102517963249556, 'lag_23': 0.040810775406170674, 'lag_24': 0.6147627124586494, 'lag_25': 0.6004423369797822, 'lag_26': 0.5570749484181168, 'lag_27': 0.5538349315347009, 'lag_28': 0.6393918449480743}. Best is trial 50 with value: 0.014053522189399684.
[I 2025-09-29 11:55:15,002] Trial 77 finished with value: 0.014596433223101788 and parameters: {'lag_0': 0.47465104736531843, 'lag_1': 0.8059288398648453, 'lag_2': 0.16593386382466574, 'lag_3': 0.4599623172736017, 'lag_4': 0.19440254812940352, 'lag_5': 0.8535355281708675, 'lag_6': 0.11720385099561573, 'lag_7': 0.8237803971119858, 'lag_8': 0.023515629661450977, 'lag_9': 0.2099077915408671, 'lag_10': 0.5771421316367267, 'lag_11': 0.9503279456425606, 'lag_12': 0.6305581373712257, 'lag_13': 0.14899316196878343, 'lag_14': 0.1978399621891904, 'lag_15': 0.46258505520830484, 'lag_16': 0.35698817929606735, 'lag_17': 0.6884290201110316, 'lag_18': 0.28995069786974315, 'lag_19': 0.7997811041646571, 'lag_20': 0.21414890636425, 'lag_21': 0.23468283619907562, 'lag_22': 0.4011545702676794, 'lag_23': 0.7933669097204752, 'lag_24': 0.7387507544185609, 'lag_25': 0.7733166391507753, 'lag_26': 0.8902277439410478, 'lag_27': 0.48937720930979756, 'lag_28': 0.8837726518127292}. Best is trial 50 with value: 0.014053522189399684.
[I 2025-09-29 11:55:17,515] Trial 78 finished with value: 0.015162633937038622 and parameters: {'lag_0': 0.6423065074647755, 'lag_1': 0.6752990036893471, 'lag_2': 0.39680309968156297, 'lag_3': 0.27377655233759507, 'lag_4': 0.8948399447522449, 'lag_5': 0.9672994268264619, 'lag_6': 0.07714682880696495, 'lag_7': 0.8845105622905851, 'lag_8': 0.00033596950458660013, 'lag_9': 0.26852549474379717, 'lag_10': 0.1879120200440677, 'lag_11': 0.6507323953938521, 'lag_12': 0.7031499650469373, 'lag_13': 0.2628484640367247, 'lag_14': 0.526946947985534, 'lag_15': 0.05154652952623742, 'lag_16': 0.9099085062197896, 'lag_17': 0.3028373922290773, 'lag_18': 0.5568815509660985, 'lag_19': 0.8815116462832013, 'lag_20': 0.12660004571384914, 'lag_21': 0.2607554030380613, 'lag_22': 0.4954605233363144, 'lag_23': 0.578312985074066, 'lag_24': 0.8941884969029978, 'lag_25': 0.4082905974423626, 'lag_26': 0.6904775600398348, 'lag_27': 0.9584152029611233, 'lag_28': 0.7932286064755281}. Best is trial 50 with value: 0.014053522189399684.
[I 2025-09-29 11:55:20,029] Trial 79 finished with value: 0.014689833212363512 and parameters: {'lag_0': 0.3116953199512784, 'lag_1': 0.9302508600768439, 'lag_2': 0.12576108182998422, 'lag_3': 0.6201823816995489, 'lag_4': 0.027133346674673944, 'lag_5': 0.6132699519291586, 'lag_6': 0.014572291818408523, 'lag_7': 0.9361747347068743, 'lag_8': 0.07530730066933945, 'lag_9': 0.5886997820775883, 'lag_10': 0.7689776498820029, 'lag_11': 0.8584791081962586, 'lag_12': 0.503915968662503, 'lag_13': 0.18969189532563024, 'lag_14': 0.7495695197658906, 'lag_15': 0.7239592669951719, 'lag_16': 0.24323359552689447, 'lag_17': 0.0545834287057097, 'lag_18': 0.3510083589165669, 'lag_19': 0.39835132024136616, 'lag_20': 0.6371736955764922, 'lag_21': 0.6759738016509989, 'lag_22': 0.10397393361031998, 'lag_23': 0.9900378510999125, 'lag_24': 0.5735612161501273, 'lag_25': 0.8838074655538831, 'lag_26': 0.43872287489379536, 'lag_27': 0.7747571645057743, 'lag_28': 0.7549568346256705}. Best is trial 50 with value: 0.014053522189399684.
[I 2025-09-29 11:55:22,548] Trial 80 finished with value: 0.014675945811279793 and parameters: {'lag_0': 0.23697266822532512, 'lag_1': 0.7458894780249168, 'lag_2': 0.23965417441344863, 'lag_3': 0.6607528616277465, 'lag_4': 0.09819165012772735, 'lag_5': 0.6852187814058937, 'lag_6': 0.5335004618414603, 'lag_7': 0.508375933776237, 'lag_8': 0.05562682810313199, 'lag_9': 0.4159731182117737, 'lag_10': 0.10564953351605738, 'lag_11': 0.04202267016493094, 'lag_12': 0.863292805119394, 'lag_13': 0.972418285292034, 'lag_14': 0.33098664245854015, 'lag_15': 0.4964123510312899, 'lag_16': 0.7210519779509088, 'lag_17': 0.4302048115151324, 'lag_18': 0.18182816032654966, 'lag_19': 0.9501969509249331, 'lag_20': 0.06529457630135298, 'lag_21': 0.6431890257468997, 'lag_22': 0.3682325108750676, 'lag_23': 0.7244922799230606, 'lag_24': 0.8263920938919292, 'lag_25': 0.4604477785610138, 'lag_26': 0.9986838198747484, 'lag_27': 0.4535211146156821, 'lag_28': 0.9646457079803084}. Best is trial 50 with value: 0.014053522189399684.
[I 2025-09-29 11:55:25,067] Trial 81 finished with value: 0.014584858181062097 and parameters: {'lag_0': 0.4053420061134426, 'lag_1': 0.4585456921090436, 'lag_2': 0.355289191838461, 'lag_3': 0.5753796286222416, 'lag_4': 0.5011400667701227, 'lag_5': 0.647396320143685, 'lag_6': 0.18706861088913748, 'lag_7': 0.42664729260226636, 'lag_8': 0.47977184238325143, 'lag_9': 0.21756722570403145, 'lag_10': 0.7074510210955577, 'lag_11': 0.5890516552937958, 'lag_12': 0.5915477694755399, 'lag_13': 0.28253414461039467, 'lag_14': 0.4007615170033153, 'lag_15': 0.14010602313527984, 'lag_16': 0.5050259795156632, 'lag_17': 0.350791581330985, 'lag_18': 0.21079854508858523, 'lag_19': 0.6913025160259388, 'lag_20': 0.25940951186291467, 'lag_21': 0.28222676632115445, 'lag_22': 0.4549164547924591, 'lag_23': 0.3262492627681908, 'lag_24': 0.6083874578154179, 'lag_25': 0.5692162994537276, 'lag_26': 0.47793454565693677, 'lag_27': 0.9007929796537586, 'lag_28': 0.47632954358967733}. Best is trial 50 with value: 0.014053522189399684.
