[I 2025-09-29 13:08:07,163] Trial 41 finished with value: 0.006166851384533274 and parameters: {'lag_0': 0.818783561429728, 'lag_1': 0.2671031720011302, 'lag_2': 0.7928971245180065, 'lag_3': 0.39213610096781504, 'lag_4': 0.40108536744978196, 'lag_5': 0.4730718292682044, 'lag_6': 0.2288938286937977, 'lag_7': 0.280122303741258, 'lag_8': 0.9835797322736212, 'lag_9': 0.38945262000395164, 'lag_10': 0.28059104251011147, 'lag_11': 0.7956568324386897, 'lag_12': 0.40644098687808844, 'lag_13': 0.45628301561856455, 'lag_14': 0.8450977874122476, 'lag_15': 0.5387391230414659, 'lag_16': 0.3937536728138746, 'lag_17': 0.42111831582585063, 'lag_18': 0.6035366631660505, 'lag_19': 0.6734026636502054, 'lag_20': 0.6021077188829413, 'lag_21': 0.2590491926140671, 'lag_22': 0.3436528433206977, 'lag_23': 0.4749189809846918, 'lag_24': 0.10583250052219445, 'lag_25': 0.1944465484548646, 'lag_26': 0.5185888696199806, 'lag_27': 0.2576319816642137, 'lag_28': 0.3715125500535926}. Best is trial 6 with value: 0.004473648248910995.
[I 2025-09-29 13:08:09,620] Trial 42 finished with value: 0.0055025591270391385 and parameters: {'lag_0': 0.8004803654846776, 'lag_1': 0.17705563707843525, 'lag_2': 0.6900385615809486, 'lag_3': 0.3398022401905424, 'lag_4': 0.3686928561231961, 'lag_5': 0.34544545834665635, 'lag_6': 0.18109368810278023, 'lag_7': 0.17573651287286385, 'lag_8': 0.9601997957330343, 'lag_9': 0.24647559106615508, 'lag_10': 0.18696156920699739, 'lag_11': 0.8463301748522484, 'lag_12': 0.46154848686484584, 'lag_13': 0.45429952123477224, 'lag_14': 0.9103390031428585, 'lag_15': 0.5953148361140097, 'lag_16': 0.2740019738137076, 'lag_17': 0.3710698690307435, 'lag_18': 0.442056534313796, 'lag_19': 0.6333240293366188, 'lag_20': 0.5266638857288466, 'lag_21': 0.32055704301354027, 'lag_22': 0.2820920154087746, 'lag_23': 0.5218425787000374, 'lag_24': 0.024548802586611046, 'lag_25': 0.12543394743287134, 'lag_26': 0.556866272770445, 'lag_27': 0.12992922697325843, 'lag_28': 0.3790591573465233}. Best is trial 6 with value: 0.004473648248910995.
[I 2025-09-29 13:08:12,071] Trial 43 finished with value: 0.0059525090091691445 and parameters: {'lag_0': 0.8790436256699745, 'lag_1': 0.29812476318121206, 'lag_2': 0.7352532378670366, 'lag_3': 0.231020892198246, 'lag_4': 0.25684343721350833, 'lag_5': 0.26552020999165826, 'lag_6': 0.2835934794637119, 'lag_7': 0.24770409525451628, 'lag_8': 0.8497312622600603, 'lag_9': 0.17799817957848907, 'lag_10': 0.22524253831778368, 'lag_11': 0.8355168669886973, 'lag_12': 0.6437192500731304, 'lag_13': 0.7005732095857916, 'lag_14': 0.7531477276909749, 'lag_15': 0.35857784835045925, 'lag_16': 0.4399793285877259, 'lag_17': 0.27241437779165295, 'lag_18': 0.6511129552957672, 'lag_19': 0.62375106130187, 'lag_20': 0.44677498599118304, 'lag_21': 0.19626793580940444, 'lag_22': 0.21920757932051715, 'lag_23': 0.43880717620734, 'lag_24': 0.11020366059900225, 'lag_25': 0.3584135902600207, 'lag_26': 0.6551516858885789, 'lag_27': 0.19452436479734822, 'lag_28': 0.31828207873357883}. Best is trial 6 with value: 0.004473648248910995.
[I 2025-09-29 13:08:14,522] Trial 44 finished with value: 0.006058909256746141 and parameters: {'lag_0': 0.88207416737692, 'lag_1': 0.36259766383556014, 'lag_2': 0.6347984601272998, 'lag_3': 0.4782868461749803, 'lag_4': 0.43201504939069657, 'lag_5': 0.9780725432444775, 'lag_6': 0.06503064838686651, 'lag_7': 0.13384729724865604, 'lag_8': 0.923559381257387, 'lag_9': 0.37331994345774056, 'lag_10': 0.07502754159081038, 'lag_11': 0.6934003403651422, 'lag_12': 0.5532801627528677, 'lag_13': 0.5714497670122621, 'lag_14': 0.9080158221087623, 'lag_15': 0.4816812262820057, 'lag_16': 0.37923079150548045, 'lag_17': 0.44243183832829064, 'lag_18': 0.35927383756191106, 'lag_19': 0.4641810986838091, 'lag_20': 0.35005813251768203, 'lag_21': 0.12556843601830436, 'lag_22': 0.8149484621656968, 'lag_23': 0.32482354592807317, 'lag_24': 0.14423686376970196, 'lag_25': 0.24444180826765866, 'lag_26': 0.4182260472848106, 'lag_27': 0.29183694356092227, 'lag_28': 0.4536273096563158}. Best is trial 6 with value: 0.004473648248910995.
[I 2025-09-29 13:08:16,975] Trial 45 finished with value: 0.006719138689990243 and parameters: {'lag_0': 0.6662439040470921, 'lag_1': 0.12796644243207675, 'lag_2': 0.598969118257267, 'lag_3': 0.33260943433898993, 'lag_4': 0.5420421812513594, 'lag_5': 0.5196700578823196, 'lag_6': 0.131650618871232, 'lag_7': 0.5460349642761175, 'lag_8': 0.8466469658761877, 'lag_9': 0.4286693100010862, 'lag_10': 0.3317736773726979, 'lag_11': 0.7532031062309098, 'lag_12': 0.4321435245622466, 'lag_13': 0.38146202785116545, 'lag_14': 0.8353162494297328, 'lag_15': 0.8265422956744372, 'lag_16': 0.30726972475839603, 'lag_17': 0.5227173703446482, 'lag_18': 0.740016007625637, 'lag_19': 0.5374841302037122, 'lag_20': 0.7259989652661709, 'lag_21': 0.004573194196424768, 'lag_22': 0.5176552273904951, 'lag_23': 0.5055241453667132, 'lag_24': 0.05246729547698492, 'lag_25': 0.4482708013507514, 'lag_26': 0.32211218081918064, 'lag_27': 0.39113215972883464, 'lag_28': 0.19735609545513855}. Best is trial 6 with value: 0.004473648248910995.
[I 2025-09-29 13:08:19,430] Trial 46 finished with value: 0.00719656076933686 and parameters: {'lag_0': 0.1968901356713917, 'lag_1': 0.40905607769934205, 'lag_2': 0.5427557891371009, 'lag_3': 0.4429169035988724, 'lag_4': 0.5038181730941559, 'lag_5': 0.43752537895771065, 'lag_6': 0.4062013132084842, 'lag_7': 0.643547506309957, 'lag_8': 0.09470930154358079, 'lag_9': 0.34982102813498545, 'lag_10': 0.5020430396938135, 'lag_11': 0.9225798581207243, 'lag_12': 0.35659495361904775, 'lag_13': 0.30332436150525655, 'lag_14': 0.5350047930163052, 'lag_15': 0.7002091019046591, 'lag_16': 0.8267642675025866, 'lag_17': 0.6922307539398346, 'lag_18': 0.5474896849749326, 'lag_19': 0.7174088470424442, 'lag_20': 0.6138442653181158, 'lag_21': 0.5558920536257139, 'lag_22': 0.9210363634177692, 'lag_23': 0.6174328982480252, 'lag_24': 0.2226093469117908, 'lag_25': 0.19071211244985925, 'lag_26': 0.21825314181251682, 'lag_27': 0.05130598629774619, 'lag_28': 0.8147822451086943}. Best is trial 6 with value: 0.004473648248910995.
[I 2025-09-29 13:08:21,884] Trial 47 finished with value: 0.006109089249005481 and parameters: {'lag_0': 0.5939777464926654, 'lag_1': 0.6681855482035546, 'lag_2': 0.8363744525247335, 'lag_3': 0.5753757562142073, 'lag_4': 0.34945632630865686, 'lag_5': 0.6996441360455936, 'lag_6': 0.5549319115860087, 'lag_7': 0.3410882577198651, 'lag_8': 0.7220464584360524, 'lag_9': 0.26832406098623246, 'lag_10': 0.2399053438179877, 'lag_11': 0.9696093373510989, 'lag_12': 0.6230158522128326, 'lag_13': 0.2129753844402874, 'lag_14': 0.8146120088434585, 'lag_15': 0.6126472210020408, 'lag_16': 0.1926558925684658, 'lag_17': 0.1426347869467049, 'lag_18': 0.6103973565388003, 'lag_19': 0.3298017054294801, 'lag_20': 0.4829954952916258, 'lag_21': 0.6027623508388185, 'lag_22': 0.3803626128151952, 'lag_23': 0.5719909602608003, 'lag_24': 0.25523001233346576, 'lag_25': 0.5411385611597259, 'lag_26': 0.8823135723554857, 'lag_27': 0.4585627654847697, 'lag_28': 0.6361651019565862}. Best is trial 6 with value: 0.004473648248910995.
[I 2025-09-29 13:08:24,349] Trial 48 finished with value: 0.005729325472794418 and parameters: {'lag_0': 0.9960412131080489, 'lag_1': 0.8070256161413683, 'lag_2': 0.9205223548217059, 'lag_3': 0.13251587103337736, 'lag_4': 0.6595467956078942, 'lag_5': 0.7926062314145252, 'lag_6': 0.3728418210842122, 'lag_7': 0.7590854973971701, 'lag_8': 0.9463652996909944, 'lag_9': 0.08016070142805654, 'lag_10': 0.6076402561290799, 'lag_11': 0.8731041474531428, 'lag_12': 0.5097154671987846, 'lag_13': 0.336405997219528, 'lag_14': 0.9572347452173136, 'lag_15': 0.8929587009691027, 'lag_16': 0.6469352644578329, 'lag_17': 0.9407171569086571, 'lag_18': 0.47498569094117443, 'lag_19': 0.5661600516512382, 'lag_20': 0.8116980027156262, 'lag_21': 0.9732110295587546, 'lag_22': 0.1566921625655295, 'lag_23': 0.6867448579772846, 'lag_24': 0.7086751814802033, 'lag_25': 0.10397603715038967, 'lag_26': 0.9595004752082296, 'lag_27': 0.9573631119011583, 'lag_28': 0.7016066848544548}. Best is trial 6 with value: 0.004473648248910995.
[I 2025-09-29 13:08:26,811] Trial 49 finished with value: 0.0064377690846325695 and parameters: {'lag_0': 0.533409742590849, 'lag_1': 0.5131733762689997, 'lag_2': 0.7280195160697615, 'lag_3': 0.006234945218421217, 'lag_4': 0.5875092110002816, 'lag_5': 0.37631274756322286, 'lag_6': 0.008209611452841492, 'lag_7': 0.45903684211082174, 'lag_8': 0.9927160677758166, 'lag_9': 0.30993086044017537, 'lag_10': 0.6986152652734535, 'lag_11': 0.6272356592449693, 'lag_12': 0.694669625722954, 'lag_13': 0.5657079709280209, 'lag_14': 0.2573894664079458, 'lag_15': 0.2188767919681719, 'lag_16': 0.5262801530206394, 'lag_17': 0.0036877004119793, 'lag_18': 0.1819930585505773, 'lag_19': 0.9129744975781391, 'lag_20': 0.20813879377451378, 'lag_21': 0.43964845019432697, 'lag_22': 0.3125674824745154, 'lag_23': 0.41418853425581736, 'lag_24': 0.3256664413487619, 'lag_25': 0.2643410960798274, 'lag_26': 0.8099914636125646, 'lag_27': 0.33108687950976523, 'lag_28': 0.4990169509261393}. Best is trial 6 with value: 0.004473648248910995.
[I 2025-09-29 13:08:29,267] Trial 50 finished with value: 0.006362582247721932 and parameters: {'lag_0': 0.7228831425940916, 'lag_1': 0.4396913365503721, 'lag_2': 0.6512034906132997, 'lag_3': 0.6985579120357694, 'lag_4': 0.9558577571364261, 'lag_5': 0.867239935836426, 'lag_6': 0.19767061884283166, 'lag_7': 0.3809190582695512, 'lag_8': 0.6655181631072878, 'lag_9': 0.21415039010864473, 'lag_10': 0.3596066647307218, 'lag_11': 0.7993601957626296, 'lag_12': 0.14516884831426935, 'lag_13': 0.6473517341387959, 'lag_14': 0.6283972390729742, 'lag_15': 0.4173730565392382, 'lag_16': 0.4426655770180342, 'lag_17': 0.5635949036918768, 'lag_18': 0.4324177423041655, 'lag_19': 0.6940681311180531, 'lag_20': 0.11842424229384278, 'lag_21': 0.8569866750379865, 'lag_22': 0.6373499538466052, 'lag_23': 0.5911234305388491, 'lag_24': 0.594510313319344, 'lag_25': 0.8740674712334788, 'lag_26': 0.7494710264212999, 'lag_27': 0.3712081676993849, 'lag_28': 0.5772793151922079}. Best is trial 6 with value: 0.004473648248910995.
[I 2025-09-29 13:08:31,726] Trial 51 finished with value: 0.006584170869655804 and parameters: {'lag_0': 0.77246003628175, 'lag_1': 0.7271756425862206, 'lag_2': 0.3088644004009098, 'lag_3': 0.36782349205573744, 'lag_4': 0.5159574381297748, 'lag_5': 0.847903898647475, 'lag_6': 0.8296557801256838, 'lag_7': 0.9655451776677604, 'lag_8': 0.819145746056376, 'lag_9': 0.14579433557637309, 'lag_10': 0.19411247134662202, 'lag_11': 0.6785198978779603, 'lag_12': 0.3465396349377271, 'lag_13': 0.273766027286353, 'lag_14': 0.5079698996709916, 'lag_15': 0.027026585064864325, 'lag_16': 0.35174535515689365, 'lag_17': 0.31217865024179214, 'lag_18': 0.9976784911847648, 'lag_19': 0.8664825012366364, 'lag_20': 0.848479073110711, 'lag_21': 0.2857188600173601, 'lag_22': 0.7710827544192163, 'lag_23': 0.911204678185538, 'lag_24': 0.8956160119003758, 'lag_25': 0.7752987795193069, 'lag_26': 0.31569716653469304, 'lag_27': 0.3482721280617759, 'lag_28': 0.5438197842050724}. Best is trial 6 with value: 0.004473648248910995.
[I 2025-09-29 13:08:34,185] Trial 52 finished with value: 0.005146605133111683 and parameters: {'lag_0': 0.8638832456199866, 'lag_1': 0.876572882318479, 'lag_2': 0.16803160114047128, 'lag_3': 0.2858075872109306, 'lag_4': 0.5642107971955004, 'lag_5': 0.8173531853792831, 'lag_6': 0.828335459094661, 'lag_7': 0.5303567928935318, 'lag_8': 0.7003335109967821, 'lag_9': 0.06417544637891405, 'lag_10': 0.06706377876107616, 'lag_11': 0.7195155110808232, 'lag_12': 0.374404368053369, 'lag_13': 0.13979242151516885, 'lag_14': 0.5351499325927747, 'lag_15': 0.1005055010634063, 'lag_16': 0.24197072725570173, 'lag_17': 0.3020409616090489, 'lag_18': 0.8095554890662248, 'lag_19': 0.8502346864002123, 'lag_20': 0.9114694409693815, 'lag_21': 0.18469085922235623, 'lag_22': 0.6807349773497511, 'lag_23': 0.8804641622810211, 'lag_24': 0.07903510993711119, 'lag_25': 0.6749806952741407, 'lag_26': 0.27477976069711546, 'lag_27': 0.2616498790618205, 'lag_28': 0.4236675778166857}. Best is trial 6 with value: 0.004473648248910995.
[I 2025-09-29 13:08:36,644] Trial 53 finished with value: 0.0062287058544106015 and parameters: {'lag_0': 0.6947903938841783, 'lag_1': 0.7566207610718345, 'lag_2': 0.23635776050667046, 'lag_3': 0.35806549997062076, 'lag_4': 0.4114741606507091, 'lag_5': 0.7112284301391455, 'lag_6': 0.7637313838826275, 'lag_7': 0.30189085145944694, 'lag_8': 0.8963297719626065, 'lag_9': 0.29059595294045093, 'lag_10': 0.2988575188897371, 'lag_11': 0.6056043048553499, 'lag_12': 0.48583435889621485, 'lag_13': 0.4075943327098481, 'lag_14': 0.4535606974975987, 'lag_15': 0.0015190240678197263, 'lag_16': 0.31573499151208234, 'lag_17': 0.17188459471456807, 'lag_18': 0.30819361165545267, 'lag_19': 0.7940081895316783, 'lag_20': 0.9966029872911664, 'lag_21': 0.23182384224338257, 'lag_22': 0.6960083865513813, 'lag_23': 0.9954878155903664, 'lag_24': 0.9799808113096251, 'lag_25': 0.7553023752002241, 'lag_26': 0.16054366891099028, 'lag_27': 0.15033015002652272, 'lag_28': 0.5202306042933611}. Best is trial 6 with value: 0.004473648248910995.
[I 2025-09-29 13:08:39,099] Trial 54 finished with value: 0.005322450007002226 and parameters: {'lag_0': 0.4059942161651606, 'lag_1': 0.8074789391988071, 'lag_2': 0.1270739226918784, 'lag_3': 0.25466352425949557, 'lag_4': 0.742607264963944, 'lag_5': 0.9503240425562016, 'lag_6': 0.7032489843756976, 'lag_7': 0.1953574466523505, 'lag_8': 0.7830685936555719, 'lag_9': 0.42086394568449376, 'lag_10': 0.24018810240582247, 'lag_11': 0.7559037312314737, 'lag_12': 0.310023388313574, 'lag_13': 0.21204553580842353, 'lag_14': 0.719514626112296, 'lag_15': 0.9925849208925668, 'lag_16': 0.14980812066629448, 'lag_17': 0.357225315678238, 'lag_18': 0.9667728059581028, 'lag_19': 0.9188987825648383, 'lag_20': 0.64585753756547, 'lag_21': 0.40088464001671215, 'lag_22': 0.4561329058785105, 'lag_23': 0.9284526636246664, 'lag_24': 0.976491092896265, 'lag_25': 0.6872784530897007, 'lag_26': 0.48084869942536945, 'lag_27': 0.5528951658635148, 'lag_28': 0.6213173066915214}. Best is trial 6 with value: 0.004473648248910995.
[I 2025-09-29 13:08:41,556] Trial 55 finished with value: 0.0049887827362021155 and parameters: {'lag_0': 0.8335784445787582, 'lag_1': 0.7071777362736829, 'lag_2': 0.2347501242916768, 'lag_3': 0.3125000559500485, 'lag_4': 0.6615860709452087, 'lag_5': 0.6596030276863973, 'lag_6': 0.568447406194357, 'lag_7': 0.4639978260084994, 'lag_8': 0.3135649503138617, 'lag_9': 0.48931645914122673, 'lag_10': 0.1682120330366439, 'lag_11': 0.9093458466239834, 'lag_12': 0.2373568560898033, 'lag_13': 0.058896315184570516, 'lag_14': 0.3896465820144507, 'lag_15': 0.308627560384794, 'lag_16': 0.34145472138985455, 'lag_17': 0.4159226723499591, 'lag_18': 0.2514677302584095, 'lag_19': 0.7948703467476989, 'lag_20': 0.7375055262057298, 'lag_21': 0.6910416685801972, 'lag_22': 0.508350202303249, 'lag_23': 0.3559521179712691, 'lag_24': 0.8368270467979791, 'lag_25': 0.6215616855073741, 'lag_26': 0.1159090077844846, 'lag_27': 0.43852770820787945, 'lag_28': 0.748637899421456}. Best is trial 6 with value: 0.004473648248910995.
[I 2025-09-29 13:08:44,010] Trial 56 finished with value: 0.006176155342281405 and parameters: {'lag_0': 0.9225912401599612, 'lag_1': 0.6402080652147061, 'lag_2': 0.5231376157108518, 'lag_3': 0.6319174327533186, 'lag_4': 0.8498256570937402, 'lag_5': 0.5452121062232737, 'lag_6': 0.5685786159997992, 'lag_7': 0.4019845311451977, 'lag_8': 0.2937074286693273, 'lag_9': 0.4962099692644183, 'lag_10': 0.0007930173360539139, 'lag_11': 0.8841663512659036, 'lag_12': 0.21353726390905056, 'lag_13': 0.05282975271337234, 'lag_14': 0.3053529163714934, 'lag_15': 0.30185178740034724, 'lag_16': 0.7763469973759308, 'lag_17': 0.4100113200819757, 'lag_18': 0.2519198469738902, 'lag_19': 0.6332686741300888, 'lag_20': 0.7271870047134401, 'lag_21': 0.7709191881356318, 'lag_22': 0.5099880212720571, 'lag_23': 0.33449693161881294, 'lag_24': 0.8265116939128265, 'lag_25': 0.5819557546651463, 'lag_26': 0.08463590972732846, 'lag_27': 0.5204982002306942, 'lag_28': 0.767037429699538}. Best is trial 6 with value: 0.004473648248910995.
[I 2025-09-29 13:08:46,458] Trial 57 finished with value: 0.006640856394486564 and parameters: {'lag_0': 0.9532793955577952, 'lag_1': 0.4877994439689356, 'lag_2': 0.23436128922042976, 'lag_3': 0.3166529350353761, 'lag_4': 0.6841688526670993, 'lag_5': 0.6051054319226172, 'lag_6': 0.5204632041424216, 'lag_7': 0.6037318528920828, 'lag_8': 0.38437798909590537, 'lag_9': 0.7098320054869782, 'lag_10': 0.15789129795474607, 'lag_11': 0.9787503442536942, 'lag_12': 0.027385522890807285, 'lag_13': 0.079320592540709, 'lag_14': 0.3571618954266738, 'lag_15': 0.2722949840681405, 'lag_16': 0.4053047904080793, 'lag_17': 0.47354156326856156, 'lag_18': 0.2055683956739682, 'lag_19': 0.759631009534809, 'lag_20': 0.5263706497427593, 'lag_21': 0.7003092250469122, 'lag_22': 0.4061549992018528, 'lag_23': 0.1885832717037021, 'lag_24': 0.7866323905296893, 'lag_25': 0.5166995391212277, 'lag_26': 0.03222873503212095, 'lag_27': 0.4422172423909219, 'lag_28': 0.8477516432878933}. Best is trial 6 with value: 0.004473648248910995.
[I 2025-09-29 13:08:48,915] Trial 58 finished with value: 0.0059611171234618815 and parameters: {'lag_0': 0.616741392598353, 'lag_1': 0.7101156206919914, 'lag_2': 0.3977014688462207, 'lag_3': 0.557585470985862, 'lag_4': 0.6469266215899507, 'lag_5': 0.6446056669915334, 'lag_6': 0.6612819128098939, 'lag_7': 0.8884863411117678, 'lag_8': 0.23621213063924668, 'lag_9': 0.5721949299109933, 'lag_10': 0.45099499241915536, 'lag_11': 0.8297804629276727, 'lag_12': 0.28643270465185744, 'lag_13': 0.1497708106815171, 'lag_14': 0.39334067001766226, 'lag_15': 0.34432435665928113, 'lag_16': 0.28286022345649764, 'lag_17': 0.6201595780611274, 'lag_18': 0.37116584532160485, 'lag_19': 0.4853671106496904, 'lag_20': 0.04889586544006637, 'lag_21': 0.5182984369301515, 'lag_22': 0.24018831898968115, 'lag_23': 0.3514874002600619, 'lag_24': 0.16975387657153918, 'lag_25': 0.36541267656492926, 'lag_26': 0.22146180622708866, 'lag_27': 0.41380283753656827, 'lag_28': 0.9100753487037411}. Best is trial 6 with value: 0.004473648248910995.
[I 2025-09-29 13:08:51,359] Trial 59 finished with value: 0.0057549999737701646 and parameters: {'lag_0': 0.30627458820079173, 'lag_1': 0.5774677764194566, 'lag_2': 0.06539320573371765, 'lag_3': 0.18961019206438337, 'lag_4': 0.5755866675252885, 'lag_5': 0.6810355059875938, 'lag_6': 0.4840501798401335, 'lag_7': 0.2253968881405721, 'lag_8': 0.1669464135325942, 'lag_9': 0.6395376310738625, 'lag_10': 0.10335701100031178, 'lag_11': 0.9182932561249741, 'lag_12': 0.0884551335672149, 'lag_13': 0.005706978969099941, 'lag_14': 0.1790527387354655, 'lag_15': 0.2277908149911324, 'lag_16': 0.6000029370363624, 'lag_17': 0.24926575692844316, 'lag_18': 0.1449634050654033, 'lag_19': 0.7973748725780992, 'lag_20': 0.5794202854809114, 'lag_21': 0.6262397554077592, 'lag_22': 0.4949069024249135, 'lag_23': 0.28997203523716547, 'lag_24': 0.6978603126736859, 'lag_25': 0.6214232160132555, 'lag_26': 0.5855897270163906, 'lag_27': 0.5965844822668649, 'lag_28': 0.6788274257984922}. Best is trial 6 with value: 0.004473648248910995.
[I 2025-09-29 13:08:53,812] Trial 60 finished with value: 0.005589471671024582 and parameters: {'lag_0': 0.8236707021459868, 'lag_1': 0.30494972323423963, 'lag_2': 0.3384921613517168, 'lag_3': 0.43337836444064515, 'lag_4': 0.48099207761824714, 'lag_5': 0.4852621342939591, 'lag_6': 0.7209436962975252, 'lag_7': 0.42897769222414617, 'lag_8': 0.47787930714109284, 'lag_9': 0.5264686088259808, 'lag_10': 0.38566502125039653, 'lag_11': 0.9522162512755608, 'lag_12': 0.2274236758304627, 'lag_13': 0.9181572057378172, 'lag_14': 0.6145594181876124, 'lag_15': 0.3850766566555699, 'lag_16': 0.04079303908577542, 'lag_17': 0.9726672299801233, 'lag_18': 0.26449693400866303, 'lag_19': 0.6099870173060398, 'lag_20': 0.18008969691762555, 'lag_21': 0.6921921216329316, 'lag_22': 0.8981525933521207, 'lag_23': 0.397422472376131, 'lag_24': 0.47424674119853216, 'lag_25': 0.44084089068969773, 'lag_26': 0.9757297341403789, 'lag_27': 0.850677759205299, 'lag_28': 0.2912158069398909}. Best is trial 6 with value: 0.004473648248910995.
[I 2025-09-29 13:08:56,268] Trial 61 finished with value: 0.006545551888315624 and parameters: {'lag_0': 0.7337381136200715, 'lag_1': 0.7873075385512834, 'lag_2': 0.20331461737875361, 'lag_3': 0.4042434926780104, 'lag_4': 0.5192280787129798, 'lag_5': 0.8010202575855647, 'lag_6': 0.9549882472815554, 'lag_7': 0.5162549211361119, 'lag_8': 0.04085889165649377, 'lag_9': 0.3689165144782645, 'lag_10': 0.12345453291150112, 'lag_11': 0.8920339496397509, 'lag_12': 0.4317347411803745, 'lag_13': 0.04166905467338297, 'lag_14': 0.45226145857654887, 'lag_15': 0.1671755551171899, 'lag_16': 0.34393349372691234, 'lag_17': 0.28224318445553886, 'lag_18': 0.3227936367429825, 'lag_19': 0.9061545117986406, 'lag_20': 0.8935746599310848, 'lag_21': 0.8071846799022323, 'lag_22': 0.6402239365116422, 'lag_23': 0.8536395834012056, 'lag_24': 0.8996627306899352, 'lag_25': 0.5592947683400716, 'lag_26': 0.04203581674342417, 'lag_27': 0.3606088714074092, 'lag_28': 0.566800745868338}. Best is trial 6 with value: 0.004473648248910995.
