2025-09-29 12:50:16,106 - distributed.nanny - INFO -         Start Nanny at: 'tcp://192.168.86.108:37402'
2025-09-29 12:50:17,449 - distributed.worker - INFO -       Start worker at: tcp://192.168.86.108:33962
2025-09-29 12:50:17,449 - distributed.worker - INFO -          Listening to: tcp://192.168.86.108:33962
2025-09-29 12:50:17,449 - distributed.worker - INFO -           Worker name:            SLURMCluster-17
2025-09-29 12:50:17,450 - distributed.worker - INFO -          dashboard at:       192.168.86.108:45653
2025-09-29 12:50:17,450 - distributed.worker - INFO - Waiting to connect to: tcp://192.168.86.101:39990
2025-09-29 12:50:17,450 - distributed.worker - INFO - -------------------------------------------------
2025-09-29 12:50:17,450 - distributed.worker - INFO -               Threads:                          1
2025-09-29 12:50:17,450 - distributed.worker - INFO -                Memory:                   9.31 GiB
2025-09-29 12:50:17,450 - distributed.worker - INFO -       Local Directory: /home1/zrentala/dask-worker-space/dask-scratch-space/worker-a4cp61st
2025-09-29 12:50:17,450 - distributed.worker - INFO - -------------------------------------------------
2025-09-29 12:50:17,749 - distributed.worker - INFO - Starting Worker plugin shuffle
2025-09-29 12:50:17,750 - distributed.worker - INFO -         Registered to: tcp://192.168.86.101:39990
2025-09-29 12:50:17,750 - distributed.worker - INFO - -------------------------------------------------
2025-09-29 12:50:17,751 - distributed.core - INFO - Starting established connection to tcp://192.168.86.101:39990
[I 2025-09-29 12:50:17,817] A new study created in memory with name: no-name-4d39759f-57c3-4afd-b76a-58f52dca2158
[I 2025-09-29 12:50:20,627] Trial 0 finished with value: 0.003937410540071862 and parameters: {'lag_0': 0.7840810572670333, 'lag_1': 0.9659035950911782, 'lag_2': 0.35163047694797417, 'lag_3': 0.24563550530257683, 'lag_4': 0.8096590601202353, 'lag_5': 0.11088198423165768, 'lag_6': 0.023513770808880535, 'lag_7': 0.22751423431973447, 'lag_8': 0.21370138104741476, 'lag_9': 0.28827743885058393, 'lag_10': 0.5502454358545862, 'lag_11': 0.6128701544725677, 'lag_12': 0.19829861762250567, 'lag_13': 0.7848792855515639, 'lag_14': 0.10512441329848408, 'lag_15': 0.647739585788851, 'lag_16': 0.22211036333856995, 'lag_17': 0.7873352595721382, 'lag_18': 0.348559444631128, 'lag_19': 0.7874236411545747, 'lag_20': 0.0631393045829014, 'lag_21': 0.8764485869564758, 'lag_22': 0.8689277848402589, 'lag_23': 0.7922639435166839, 'lag_24': 0.4765033395193955, 'lag_25': 0.33292805105111295, 'lag_26': 0.8971211517488571, 'lag_27': 0.15844342821246285, 'lag_28': 0.51077980192159}. Best is trial 0 with value: 0.003937410540071862.
[I 2025-09-29 12:50:23,393] Trial 1 finished with value: 0.004458686525784667 and parameters: {'lag_0': 0.6308139356537014, 'lag_1': 0.38458175270340506, 'lag_2': 0.12261808172398093, 'lag_3': 0.8605920165227338, 'lag_4': 0.6356755767236567, 'lag_5': 0.12609577576475425, 'lag_6': 0.3504347517747737, 'lag_7': 0.8629656825179164, 'lag_8': 0.021153397450535533, 'lag_9': 0.13538809521581455, 'lag_10': 0.5613661506353874, 'lag_11': 0.8617961001080121, 'lag_12': 0.2720059238746413, 'lag_13': 0.7003009624510451, 'lag_14': 0.10532136987395213, 'lag_15': 0.9982836843544766, 'lag_16': 0.7252173858963405, 'lag_17': 0.5596240071031822, 'lag_18': 0.9341213414942459, 'lag_19': 0.24370184142905685, 'lag_20': 0.5782862507011288, 'lag_21': 0.540310294785688, 'lag_22': 0.02608765376904114, 'lag_23': 0.394296559337214, 'lag_24': 0.4693828779223808, 'lag_25': 0.7556597789765119, 'lag_26': 0.999110835397348, 'lag_27': 0.46697554074485026, 'lag_28': 0.2015256625606745}. Best is trial 0 with value: 0.003937410540071862.
[I 2025-09-29 12:50:26,167] Trial 2 finished with value: 0.003961585902098596 and parameters: {'lag_0': 0.8880894420577413, 'lag_1': 0.3967803441136184, 'lag_2': 0.735840342253509, 'lag_3': 0.820130624877782, 'lag_4': 0.46786285699255076, 'lag_5': 0.488756014698676, 'lag_6': 0.9844790543904353, 'lag_7': 0.812219764559433, 'lag_8': 0.27183797590156933, 'lag_9': 0.6795333498328825, 'lag_10': 0.219711166223611, 'lag_11': 0.6251296735428805, 'lag_12': 0.5354016906165214, 'lag_13': 0.4718821508335961, 'lag_14': 0.7039032334578739, 'lag_15': 0.9457033280263918, 'lag_16': 0.5228969065425393, 'lag_17': 0.16109573804155744, 'lag_18': 0.1261617431048907, 'lag_19': 0.357185695069681, 'lag_20': 0.02572603479605082, 'lag_21': 0.8435264354099574, 'lag_22': 0.5843332184313471, 'lag_23': 0.056044850670885486, 'lag_24': 0.8887815159225185, 'lag_25': 0.7556079786888883, 'lag_26': 0.13402290820520787, 'lag_27': 0.3138551798190494, 'lag_28': 0.07114508734691176}. Best is trial 0 with value: 0.003937410540071862.
[I 2025-09-29 12:50:28,932] Trial 3 finished with value: 0.004132788317693613 and parameters: {'lag_0': 0.7416607376157751, 'lag_1': 0.2656276933659843, 'lag_2': 0.8725407968314592, 'lag_3': 0.8490058137686892, 'lag_4': 0.9076442333157914, 'lag_5': 0.6303430502963996, 'lag_6': 0.022278652259759696, 'lag_7': 0.01650631641126248, 'lag_8': 0.8502161114728586, 'lag_9': 0.7690426600288149, 'lag_10': 0.38549637519361546, 'lag_11': 0.21266224564848335, 'lag_12': 0.7447308372859265, 'lag_13': 0.29576324882310784, 'lag_14': 0.516586408146805, 'lag_15': 0.2809261368731038, 'lag_16': 0.6851515731453607, 'lag_17': 0.7723381569185003, 'lag_18': 0.9344078406822836, 'lag_19': 0.9589893838687099, 'lag_20': 0.38444968158305043, 'lag_21': 0.3186850125492993, 'lag_22': 0.22789249598111253, 'lag_23': 0.6678604417156551, 'lag_24': 0.8727373643788248, 'lag_25': 0.05205074546768166, 'lag_26': 0.8476898132536476, 'lag_27': 0.3285333331534258, 'lag_28': 0.38854167382141247}. Best is trial 0 with value: 0.003937410540071862.
[I 2025-09-29 12:50:31,705] Trial 4 finished with value: 0.004370095803512969 and parameters: {'lag_0': 0.575399084451721, 'lag_1': 0.8060287484335936, 'lag_2': 0.8418912742690995, 'lag_3': 0.15046083502738888, 'lag_4': 0.09296743799012912, 'lag_5': 0.21457065197183464, 'lag_6': 0.9423487285578047, 'lag_7': 0.5188874546056972, 'lag_8': 0.4434168815605782, 'lag_9': 0.5692490566592588, 'lag_10': 0.7886018955103791, 'lag_11': 0.018167648771326688, 'lag_12': 0.32228190214971286, 'lag_13': 0.08831082026055494, 'lag_14': 0.5634232279310984, 'lag_15': 0.7971928698004049, 'lag_16': 0.09541698679303735, 'lag_17': 0.21383976239000127, 'lag_18': 0.9900129309242538, 'lag_19': 0.4204691524686182, 'lag_20': 0.25953279934825524, 'lag_21': 0.06328147302828604, 'lag_22': 0.581740888839689, 'lag_23': 0.3487638517395588, 'lag_24': 0.37119707012841424, 'lag_25': 0.19261044158613128, 'lag_26': 0.13836509448189202, 'lag_27': 0.24554338986241997, 'lag_28': 0.9445823641773786}. Best is trial 0 with value: 0.003937410540071862.
[I 2025-09-29 12:50:34,468] Trial 5 finished with value: 0.004087234177353686 and parameters: {'lag_0': 0.8375964356764257, 'lag_1': 0.5836930138574214, 'lag_2': 0.9641296487922162, 'lag_3': 0.3315293839909672, 'lag_4': 0.03108959973937856, 'lag_5': 0.15805782657777728, 'lag_6': 0.559591760113484, 'lag_7': 0.6557317106113033, 'lag_8': 0.32435395361854613, 'lag_9': 0.5744396792521176, 'lag_10': 0.6364373338783939, 'lag_11': 0.24992635920261247, 'lag_12': 0.49073383608459853, 'lag_13': 0.9946172555190912, 'lag_14': 0.7121675839056628, 'lag_15': 0.8745263697557164, 'lag_16': 0.5965574638480389, 'lag_17': 0.3616290461195952, 'lag_18': 0.5114280736439742, 'lag_19': 0.061954278349128936, 'lag_20': 0.4688129524657132, 'lag_21': 0.20159459789655113, 'lag_22': 0.13854929056652646, 'lag_23': 0.055917162689869813, 'lag_24': 0.8012063448177694, 'lag_25': 0.7412443928479467, 'lag_26': 0.4944461636430569, 'lag_27': 0.7561855921858482, 'lag_28': 0.45646111960001967}. Best is trial 0 with value: 0.003937410540071862.
[I 2025-09-29 12:50:37,239] Trial 6 finished with value: 0.0044489880516712784 and parameters: {'lag_0': 0.38309972936197967, 'lag_1': 0.6590869705955602, 'lag_2': 0.5697274123221873, 'lag_3': 0.6056404746373164, 'lag_4': 0.7763441194995595, 'lag_5': 0.40967446843023103, 'lag_6': 0.9099505468083445, 'lag_7': 0.5860996281767256, 'lag_8': 0.7455399715926949, 'lag_9': 0.34878225288375875, 'lag_10': 0.4481996314590564, 'lag_11': 0.12911223896832016, 'lag_12': 0.2612398133054098, 'lag_13': 0.8721877877646778, 'lag_14': 0.7510022333370818, 'lag_15': 0.47610832246203727, 'lag_16': 0.4360110179871606, 'lag_17': 0.02104170115084375, 'lag_18': 0.5426841653409152, 'lag_19': 0.786539205432569, 'lag_20': 0.06581782369161289, 'lag_21': 0.5656061734384741, 'lag_22': 0.7186391233923431, 'lag_23': 0.942700078455983, 'lag_24': 0.058895396851590266, 'lag_25': 0.014924306704055012, 'lag_26': 0.22173674444870597, 'lag_27': 0.8410631724346741, 'lag_28': 0.9274579630324679}. Best is trial 0 with value: 0.003937410540071862.
[I 2025-09-29 12:50:39,991] Trial 7 finished with value: 0.003877258505285014 and parameters: {'lag_0': 0.9449275409433664, 'lag_1': 0.7437679651382514, 'lag_2': 0.8202738830115038, 'lag_3': 0.8777791244451061, 'lag_4': 0.21723075593629518, 'lag_5': 0.6602917409469494, 'lag_6': 0.23581307831069206, 'lag_7': 0.05783413240683751, 'lag_8': 0.18592372444003225, 'lag_9': 0.20634822237649114, 'lag_10': 0.9326928808590239, 'lag_11': 0.7780355712790425, 'lag_12': 0.43641343287551976, 'lag_13': 0.37548276183956397, 'lag_14': 0.05742122601820405, 'lag_15': 0.1965808894654281, 'lag_16': 0.7463073616175805, 'lag_17': 0.4082646309360747, 'lag_18': 0.2789343933650845, 'lag_19': 0.9752689274222495, 'lag_20': 0.6796224097322231, 'lag_21': 0.7338910180915759, 'lag_22': 0.9441251798336319, 'lag_23': 0.5609226257195876, 'lag_24': 0.3849661436438373, 'lag_25': 0.5586768217288166, 'lag_26': 0.6605407282162564, 'lag_27': 0.7336805116799587, 'lag_28': 0.851648544433885}. Best is trial 7 with value: 0.003877258505285014.
[I 2025-09-29 12:50:42,761] Trial 8 finished with value: 0.004425184114976609 and parameters: {'lag_0': 0.7850456024748138, 'lag_1': 0.2511479750286628, 'lag_2': 0.7332155755890487, 'lag_3': 0.15768165852701505, 'lag_4': 0.8946501324644339, 'lag_5': 0.19552975446688647, 'lag_6': 0.06798929047983504, 'lag_7': 0.8473033406166718, 'lag_8': 0.20876993891741283, 'lag_9': 0.5105122924191888, 'lag_10': 0.9424276694794399, 'lag_11': 0.4984686504200754, 'lag_12': 0.5794124987612083, 'lag_13': 0.64960222757943, 'lag_14': 0.7726443372469454, 'lag_15': 0.3471324155678175, 'lag_16': 0.149370706876326, 'lag_17': 0.6566317573608624, 'lag_18': 0.8575500248928586, 'lag_19': 0.5466227317810043, 'lag_20': 0.014519349697732652, 'lag_21': 0.7410106712437178, 'lag_22': 0.798002691240796, 'lag_23': 0.8852000104998606, 'lag_24': 0.7044400880927307, 'lag_25': 0.3167857055913724, 'lag_26': 0.13202339732415366, 'lag_27': 0.4889788488405105, 'lag_28': 0.8474189533024484}. Best is trial 7 with value: 0.003877258505285014.
[I 2025-09-29 12:50:45,608] Trial 9 finished with value: 0.00437831321862776 and parameters: {'lag_0': 0.40202802457476916, 'lag_1': 0.9600070803315912, 'lag_2': 0.606093692405161, 'lag_3': 0.6005957291095587, 'lag_4': 0.11674643378407246, 'lag_5': 0.958441495579521, 'lag_6': 0.5308055480912217, 'lag_7': 0.057007427450871, 'lag_8': 0.4947148962341451, 'lag_9': 0.07928497454086816, 'lag_10': 0.946078832921745, 'lag_11': 0.4002571104104702, 'lag_12': 0.7712813172934323, 'lag_13': 0.28998803895073116, 'lag_14': 0.006959306533740732, 'lag_15': 0.37651316111312294, 'lag_16': 0.45627908718018995, 'lag_17': 0.47890293379413823, 'lag_18': 0.511377950402948, 'lag_19': 0.633704081395283, 'lag_20': 0.8152821558144593, 'lag_21': 0.3563366755646125, 'lag_22': 0.23221027619980222, 'lag_23': 0.7832589222582148, 'lag_24': 0.03336005249372748, 'lag_25': 0.16420087908988293, 'lag_26': 0.27605276808387114, 'lag_27': 0.8495159397302096, 'lag_28': 0.15306335872308993}. Best is trial 7 with value: 0.003877258505285014.
[I 2025-09-29 12:50:48,436] Trial 10 finished with value: 0.004168833850462996 and parameters: {'lag_0': 0.058574577313955545, 'lag_1': 0.04178327751813854, 'lag_2': 0.36985240519574003, 'lag_3': 0.9920859719365496, 'lag_4': 0.36329604609912514, 'lag_5': 0.7742442866658632, 'lag_6': 0.2731477671908823, 'lag_7': 0.3040558801389685, 'lag_8': 0.027154462101379617, 'lag_9': 0.9853083417792574, 'lag_10': 0.7528361248669224, 'lag_11': 0.9696997580820498, 'lag_12': 0.018555524643502963, 'lag_13': 0.08360722273738513, 'lag_14': 0.3220930749684442, 'lag_15': 0.0037688119591270663, 'lag_16': 0.994649323303441, 'lag_17': 0.986511782186154, 'lag_18': 0.030195985355790267, 'lag_19': 0.9989286273686773, 'lag_20': 0.9568380640921726, 'lag_21': 0.9760526908499958, 'lag_22': 0.9792438307651172, 'lag_23': 0.5241414357514256, 'lag_24': 0.1715049761812043, 'lag_25': 0.9834920023423721, 'lag_26': 0.616312072328285, 'lag_27': 0.6608948227220843, 'lag_28': 0.6936677911449882}. Best is trial 7 with value: 0.003877258505285014.
[I 2025-09-29 12:50:51,259] Trial 11 finished with value: 0.0041102958455301875 and parameters: {'lag_0': 0.9975240920848779, 'lag_1': 0.9443819963389115, 'lag_2': 0.33506170216283154, 'lag_3': 0.3773864955862103, 'lag_4': 0.30461043052414205, 'lag_5': 0.6957908778289086, 'lag_6': 0.1943065736111291, 'lag_7': 0.2906776465291187, 'lag_8': 0.1634888764492884, 'lag_9': 0.28779139143671906, 'lag_10': 0.032702848986905564, 'lag_11': 0.7157626526269614, 'lag_12': 0.0434261889378077, 'lag_13': 0.48685592229953895, 'lag_14': 0.3190187203961217, 'lag_15': 0.6388857034476231, 'lag_16': 0.28110567199348485, 'lag_17': 0.8368556156559194, 'lag_18': 0.28537822337511753, 'lag_19': 0.7907696066766052, 'lag_20': 0.6510206437403305, 'lag_21': 0.7299264694641192, 'lag_22': 0.9579823062274937, 'lag_23': 0.6345675538406288, 'lag_24': 0.3143422095216778, 'lag_25': 0.47429419343086965, 'lag_26': 0.729169831389269, 'lag_27': 0.09354270605511425, 'lag_28': 0.6444899047101338}. Best is trial 7 with value: 0.003877258505285014.
[I 2025-09-29 12:50:54,075] Trial 12 finished with value: 0.004044389550186308 and parameters: {'lag_0': 0.9524146801214171, 'lag_1': 0.7744459577468329, 'lag_2': 0.04711685404610405, 'lag_3': 0.37448548961129047, 'lag_4': 0.6521089905809682, 'lag_5': 0.3495297747962143, 'lag_6': 0.15912122783781094, 'lag_7': 0.21073841776863395, 'lag_8': 0.6833706932042641, 'lag_9': 0.33490364323964017, 'lag_10': 0.30183803541756016, 'lag_11': 0.7516653934274553, 'lag_12': 0.376878084123328, 'lag_13': 0.7084973959805031, 'lag_14': 0.24065079292088604, 'lag_15': 0.11919603443269683, 'lag_16': 0.9016283794069948, 'lag_17': 0.3803474400703954, 'lag_18': 0.303783373412819, 'lag_19': 0.7790087764446255, 'lag_20': 0.7375675550684543, 'lag_21': 0.9847121969882948, 'lag_22': 0.8004862977424696, 'lag_23': 0.734844581634952, 'lag_24': 0.570760894131723, 'lag_25': 0.4863428034763351, 'lag_26': 0.9194721556596366, 'lag_27': 0.9897711789616424, 'lag_28': 0.6293397508561623}. Best is trial 7 with value: 0.003877258505285014.
[I 2025-09-29 12:50:56,891] Trial 13 finished with value: 0.0043721910428859215 and parameters: {'lag_0': 0.6701537476929011, 'lag_1': 0.7954351257835071, 'lag_2': 0.38244211692911895, 'lag_3': 0.5317064235046431, 'lag_4': 0.2752734229219089, 'lag_5': 0.01830242223200923, 'lag_6': 0.3799722726811743, 'lag_7': 0.1633229029954409, 'lag_8': 0.41264713164873024, 'lag_9': 0.21719391168987257, 'lag_10': 0.7631979621974991, 'lag_11': 0.5669381772304279, 'lag_12': 0.18719030050432728, 'lag_13': 0.34725168123641775, 'lag_14': 0.15749154512904695, 'lag_15': 0.635229893813549, 'lag_16': 0.007216242237425813, 'lag_17': 0.6814569071712362, 'lag_18': 0.29030330587351233, 'lag_19': 0.8844747000991179, 'lag_20': 0.24650102778647098, 'lag_21': 0.7080182581303979, 'lag_22': 0.41456683921993687, 'lag_23': 0.495812517991161, 'lag_24': 0.546906624763446, 'lag_25': 0.3551619363997689, 'lag_26': 0.4832990675173044, 'lag_27': 0.01966728169721277, 'lag_28': 0.33495006191223203}. Best is trial 7 with value: 0.003877258505285014.
[I 2025-09-29 12:50:59,729] Trial 14 finished with value: 0.003997322164098578 and parameters: {'lag_0': 0.4867866814842417, 'lag_1': 0.6840581468174091, 'lag_2': 0.22121428386890518, 'lag_3': 0.010660333183317466, 'lag_4': 0.5728469589044318, 'lag_5': 0.9000470418542735, 'lag_6': 0.017465770472637893, 'lag_7': 0.3824925579229295, 'lag_8': 0.14100260806320636, 'lag_9': 0.03846495906024555, 'lag_10': 0.5878439899296252, 'lag_11': 0.8050505632211195, 'lag_12': 0.9067990402040702, 'lag_13': 0.8472052063438817, 'lag_14': 0.9988358387524032, 'lag_15': 0.6321083616100616, 'lag_16': 0.3249321322537937, 'lag_17': 0.9549296574951919, 'lag_18': 0.7249098722502605, 'lag_19': 0.6685424936566899, 'lag_20': 0.8768486846868586, 'lag_21': 0.8356161496344928, 'lag_22': 0.8751951931414538, 'lag_23': 0.33536834828034856, 'lag_24': 0.2823888948799389, 'lag_25': 0.6049852047817466, 'lag_26': 0.7451159968541535, 'lag_27': 0.6808013807320603, 'lag_28': 0.7867938626427413}. Best is trial 7 with value: 0.003877258505285014.
[I 2025-09-29 12:51:02,552] Trial 15 finished with value: 0.00409379782227865 and parameters: {'lag_0': 0.21961530912506416, 'lag_1': 0.9919882720015709, 'lag_2': 0.5107691464883207, 'lag_3': 0.7115597273609642, 'lag_4': 0.7557068438524053, 'lag_5': 0.6055262680686044, 'lag_6': 0.17505592633886552, 'lag_7': 0.11772515764862163, 'lag_8': 0.600414656099759, 'lag_9': 0.4017402313513929, 'lag_10': 0.9707849906476469, 'lag_11': 0.3932969739569034, 'lag_12': 0.11301124591331169, 'lag_13': 0.5795684526808399, 'lag_14': 0.38612577025840095, 'lag_15': 0.20569244818448978, 'lag_16': 0.8541004709379785, 'lag_17': 0.5138004379727363, 'lag_18': 0.3703988506575025, 'lag_19': 0.8761860197254617, 'lag_20': 0.21707577024165195, 'lag_21': 0.6162762113216562, 'lag_22': 0.6960443496433995, 'lag_23': 0.8297943969880843, 'lag_24': 0.6275722501828208, 'lag_25': 0.6096056254095746, 'lag_26': 0.6314086276256714, 'lag_27': 0.582371499984277, 'lag_28': 0.7575554534655051}. Best is trial 7 with value: 0.003877258505285014.
[I 2025-09-29 12:51:05,386] Trial 16 finished with value: 0.004107527942090551 and parameters: {'lag_0': 0.8585536163995158, 'lag_1': 0.8557887488234364, 'lag_2': 0.6580818003614142, 'lag_3': 0.1806834256033426, 'lag_4': 0.2210361797965925, 'lag_5': 0.3500822940134311, 'lag_6': 0.6844548651338023, 'lag_7': 0.3666133890640386, 'lag_8': 0.9773727131096256, 'lag_9': 0.19988308410147426, 'lag_10': 0.04746423206544115, 'lag_11': 0.9296298156490399, 'lag_12': 0.41868073881831136, 'lag_13': 0.4134528494535248, 'lag_14': 0.0024478125319341154, 'lag_15': 0.5258325411235216, 'lag_16': 0.7509465617451293, 'lag_17': 0.3235046687147656, 'lag_18': 0.13836858492432713, 'lag_19': 0.6886366189242903, 'lag_20': 0.4989000554107434, 'lag_21': 0.8935432529416226, 'lag_22': 0.4534291251822278, 'lag_23': 0.5684462726188173, 'lag_24': 0.43555137510065706, 'lag_25': 0.36355756559574015, 'lag_26': 0.69642205578886, 'lag_27': 0.1962332507829596, 'lag_28': 0.532395289314671}. Best is trial 7 with value: 0.003877258505285014.
[I 2025-09-29 12:51:08,240] Trial 17 finished with value: 0.004418036946534784 and parameters: {'lag_0': 0.7143801022744635, 'lag_1': 0.5446450910747299, 'lag_2': 0.44459644832386147, 'lag_3': 0.9959362372215536, 'lag_4': 0.4140130766605832, 'lag_5': 0.7940190472058489, 'lag_6': 0.3416487564932621, 'lag_7': 0.21886255110206843, 'lag_8': 0.3336708500904477, 'lag_9': 0.43232133761699676, 'lag_10': 0.836137788394084, 'lag_11': 0.6346757517419747, 'lag_12': 0.6343076197885501, 'lag_13': 0.8289767886495666, 'lag_14': 0.1395149947589453, 'lag_15': 0.4695948536635375, 'lag_16': 0.301489828433379, 'lag_17': 0.8281276082044654, 'lag_18': 0.6979578736212937, 'lag_19': 0.9144012744776223, 'lag_20': 0.7187895152555579, 'lag_21': 0.4279769482616905, 'lag_22': 0.8944634049323812, 'lag_23': 0.258041070706022, 'lag_24': 0.999331596683454, 'lag_25': 0.60534123832912, 'lag_26': 0.35865706536028297, 'lag_27': 0.4269831528804581, 'lag_28': 0.5420003299768116}. Best is trial 7 with value: 0.003877258505285014.
[I 2025-09-29 12:51:11,059] Trial 18 finished with value: 0.004257439645065313 and parameters: {'lag_0': 0.9941167556711243, 'lag_1': 0.674571403593419, 'lag_2': 0.2591750572876199, 'lag_3': 0.27007167276437666, 'lag_4': 0.9596208742214953, 'lag_5': 0.5218849767983833, 'lag_6': 0.14057878642910165, 'lag_7': 0.0005605061328991523, 'lag_8': 0.08717707575784422, 'lag_9': 0.0011222757839567665, 'lag_10': 0.6705120286574333, 'lag_11': 0.6848789365961722, 'lag_12': 0.19656922298011367, 'lag_13': 0.16411524545011003, 'lag_14': 0.20629428614274656, 'lag_15': 0.7446445466930903, 'lag_16': 0.18666161209245355, 'lag_17': 0.6546126159568115, 'lag_18': 0.39588421983501854, 'lag_19': 0.5355971368572257, 'lag_20': 0.4200615926532784, 'lag_21': 0.6452401874074, 'lag_22': 0.68735826357884, 'lag_23': 0.6918580835136904, 'lag_24': 0.1949281456598535, 'lag_25': 0.2523344307405514, 'lag_26': 0.8184726468706378, 'lag_27': 0.919750795851392, 'lag_28': 0.28611738727501845}. Best is trial 7 with value: 0.003877258505285014.
[I 2025-09-29 12:51:13,882] Trial 19 finished with value: 0.004703586370151563 and parameters: {'lag_0': 0.5549706381115992, 'lag_1': 0.9116204907963817, 'lag_2': 0.49385901951090166, 'lag_3': 0.449664460203802, 'lag_4': 0.7878422784775694, 'lag_5': 0.2997787345244788, 'lag_6': 0.43652829343654237, 'lag_7': 0.43471595252920414, 'lag_8': 0.25558344504870134, 'lag_9': 0.15855230958083041, 'lag_10': 0.2066743993318087, 'lag_11': 0.496157454802566, 'lag_12': 0.4535286849818642, 'lag_13': 0.5720763477265096, 'lag_14': 0.05990874751725214, 'lag_15': 0.11067110606004718, 'lag_16': 0.6182875123025438, 'lag_17': 0.475779468706623, 'lag_18': 0.15248652665130186, 'lag_19': 0.8170661180889698, 'lag_20': 0.595160496761555, 'lag_21': 0.8009044687165987, 'lag_22': 0.8479306266522558, 'lag_23': 0.17518740450937054, 'lag_24': 0.6801566897639945, 'lag_25': 0.9393635185870901, 'lag_26': 0.9880471331635341, 'lag_27': 0.6092511848114112, 'lag_28': 0.9773007867464577}. Best is trial 7 with value: 0.003877258505285014.
