[I 2025-09-29 11:52:45,811] Trial 19 finished with value: 0.004579269894444854 and parameters: {'lag_0': 0.10894775647059313, 'lag_1': 0.7756170942379723, 'lag_2': 0.3979751100519359, 'lag_3': 0.4836541016927187, 'lag_4': 0.7860019254128736, 'lag_5': 0.22681649279864086, 'lag_6': 0.260179061934535, 'lag_7': 0.6610240222143707, 'lag_8': 0.011217857510965379, 'lag_9': 0.38236129179995615, 'lag_10': 0.990644665497646, 'lag_11': 0.21174154118335334, 'lag_12': 0.4493965532259582, 'lag_13': 0.3604009801839718, 'lag_14': 0.4760410612913884, 'lag_15': 0.14221299362783602, 'lag_16': 0.3994320576510157, 'lag_17': 0.13447167324813303, 'lag_18': 0.9070374177435641, 'lag_19': 0.6370808000336414, 'lag_20': 0.663133159380999, 'lag_21': 0.9942399177042289, 'lag_22': 0.3762094624378296, 'lag_23': 0.9912095841866898, 'lag_24': 0.26190396968028873, 'lag_25': 0.32907887098955024, 'lag_26': 0.2692964418089119, 'lag_27': 0.5975449729533895, 'lag_28': 0.17966680573627056}. Best is trial 9 with value: 0.004165319824189095.
[I 2025-09-29 11:52:48,151] Trial 20 finished with value: 0.004372961987822085 and parameters: {'lag_0': 0.3592511586585645, 'lag_1': 0.544610195947965, 'lag_2': 0.008448877442999103, 'lag_3': 0.7848345559019106, 'lag_4': 0.2985256528262277, 'lag_5': 0.4284865413019109, 'lag_6': 0.01371480119683266, 'lag_7': 0.3904661268776063, 'lag_8': 0.8592039038157966, 'lag_9': 0.801161161095376, 'lag_10': 0.44395365517926216, 'lag_11': 0.3387045007387234, 'lag_12': 0.8798897592642487, 'lag_13': 0.16622276064440644, 'lag_14': 0.2836802583249235, 'lag_15': 0.8906966756062592, 'lag_16': 0.7139391645230031, 'lag_17': 0.004904870492411895, 'lag_18': 0.43147823742457286, 'lag_19': 0.962852833105763, 'lag_20': 0.4081478563361257, 'lag_21': 0.7980961111120214, 'lag_22': 0.11258541028412962, 'lag_23': 0.41505440954263195, 'lag_24': 0.9870416779038041, 'lag_25': 0.5779802970662957, 'lag_26': 0.11164553731437037, 'lag_27': 0.8134658374386678, 'lag_28': 0.4702240679017893}. Best is trial 9 with value: 0.004165319824189095.
[I 2025-09-29 11:52:50,493] Trial 21 finished with value: 0.004456848917044008 and parameters: {'lag_0': 0.6183026988941424, 'lag_1': 0.43478012528340393, 'lag_2': 0.1465104230471138, 'lag_3': 0.6895531111662448, 'lag_4': 0.9507986380383852, 'lag_5': 0.300340452864353, 'lag_6': 0.42321060535930577, 'lag_7': 0.6240535895804339, 'lag_8': 0.3140195900131434, 'lag_9': 0.5192728534008395, 'lag_10': 0.016451333653407285, 'lag_11': 0.670136726464011, 'lag_12': 0.5447176564802024, 'lag_13': 0.5036904605109449, 'lag_14': 0.7716876006094585, 'lag_15': 0.25650398112944417, 'lag_16': 0.5111875974575487, 'lag_17': 0.2763271916366096, 'lag_18': 0.11107014338184984, 'lag_19': 0.5578771386801973, 'lag_20': 0.861095345741335, 'lag_21': 0.03406730303882771, 'lag_22': 0.47183565526944277, 'lag_23': 0.6297539862202524, 'lag_24': 0.5296982364151255, 'lag_25': 0.4503810662879082, 'lag_26': 0.9769597453189972, 'lag_27': 0.33228759657645635, 'lag_28': 0.6896253982959544}. Best is trial 9 with value: 0.004165319824189095.
[I 2025-09-29 11:52:52,826] Trial 22 finished with value: 0.004379618147356367 and parameters: {'lag_0': 0.7311302522964089, 'lag_1': 0.34271669898710916, 'lag_2': 0.19580409652035105, 'lag_3': 0.8991304013750557, 'lag_4': 0.9973341511618816, 'lag_5': 0.09350188915062851, 'lag_6': 0.3388423887452877, 'lag_7': 0.733306828554301, 'lag_8': 0.19677501880931247, 'lag_9': 0.6185165703966239, 'lag_10': 0.022181402475020318, 'lag_11': 0.6702126587600785, 'lag_12': 0.6563745637543746, 'lag_13': 0.37377012546863003, 'lag_14': 0.6011568413985908, 'lag_15': 0.326448234526667, 'lag_16': 0.3122669991108885, 'lag_17': 0.21143489914211588, 'lag_18': 0.3553921470243032, 'lag_19': 0.7634844600953994, 'lag_20': 0.8127824973717518, 'lag_21': 0.11915636236681788, 'lag_22': 0.4092799826748156, 'lag_23': 0.7661930386038036, 'lag_24': 0.002950082027003628, 'lag_25': 0.3750998467530857, 'lag_26': 0.9631014472806902, 'lag_27': 0.37770640315631565, 'lag_28': 0.6253368782873783}. Best is trial 9 with value: 0.004165319824189095.
[I 2025-09-29 11:52:55,164] Trial 23 finished with value: 0.004318526798476207 and parameters: {'lag_0': 0.5769522980170252, 'lag_1': 0.4980394743461242, 'lag_2': 0.2507491042497676, 'lag_3': 0.7181277999392955, 'lag_4': 0.8554930894558499, 'lag_5': 0.26994224286075935, 'lag_6': 0.8811852945478922, 'lag_7': 0.46416882747536975, 'lag_8': 0.22146877656268676, 'lag_9': 0.4394067358302035, 'lag_10': 0.21408008719609606, 'lag_11': 0.6766298306104424, 'lag_12': 0.48521422973458367, 'lag_13': 0.32365669804349784, 'lag_14': 0.844867975394648, 'lag_15': 0.49584244627422025, 'lag_16': 0.8282547828723631, 'lag_17': 0.12055243771426406, 'lag_18': 0.6671246794792032, 'lag_19': 0.6285978576735324, 'lag_20': 0.7250614059088545, 'lag_21': 0.1491260810899357, 'lag_22': 0.5507055170782513, 'lag_23': 0.5829659879211372, 'lag_24': 0.9685335162772282, 'lag_25': 0.2112784960248491, 'lag_26': 0.8504247889553066, 'lag_27': 0.6291429477483976, 'lag_28': 0.9256165544410679}. Best is trial 9 with value: 0.004165319824189095.
[I 2025-09-29 11:52:57,503] Trial 24 finished with value: 0.004317308500576986 and parameters: {'lag_0': 0.5473390594868226, 'lag_1': 0.5500987326775096, 'lag_2': 0.4184646460195581, 'lag_3': 0.9724425855308183, 'lag_4': 0.8544310478596058, 'lag_5': 0.006159365458765068, 'lag_6': 0.9118168335969774, 'lag_7': 0.4521675795146054, 'lag_8': 0.5691016386223806, 'lag_9': 0.3773811097082653, 'lag_10': 0.25235482270202353, 'lag_11': 0.7671009019123585, 'lag_12': 0.3091105760791065, 'lag_13': 0.33184320661601296, 'lag_14': 0.11294320700003313, 'lag_15': 0.4881439120360333, 'lag_16': 0.8145310608068972, 'lag_17': 0.13748278843864487, 'lag_18': 0.6650137241459435, 'lag_19': 0.4841025502310332, 'lag_20': 0.7496240643192775, 'lag_21': 0.21388469482486877, 'lag_22': 0.5783772991210405, 'lag_23': 0.5809045494689422, 'lag_24': 0.998272167126638, 'lag_25': 0.22891720100933063, 'lag_26': 0.5337173310338719, 'lag_27': 0.6280953449137752, 'lag_28': 0.9579217324459112}. Best is trial 9 with value: 0.004165319824189095.
[I 2025-09-29 11:52:59,835] Trial 25 finished with value: 0.004350186430009837 and parameters: {'lag_0': 0.24839425319335906, 'lag_1': 0.8317063527674773, 'lag_2': 0.4077192901806164, 'lag_3': 0.9929846482254999, 'lag_4': 0.5137951511280183, 'lag_5': 0.029871747960823043, 'lag_6': 0.8795763548383265, 'lag_7': 0.540602787815503, 'lag_8': 0.5363028331225839, 'lag_9': 0.18083390325541993, 'lag_10': 0.676047385045337, 'lag_11': 0.9608008972102274, 'lag_12': 0.3251883056017772, 'lag_13': 0.19585934728149215, 'lag_14': 0.13724094324380498, 'lag_15': 0.47894431194295517, 'lag_16': 0.6454043286305781, 'lag_17': 0.10885781426602419, 'lag_18': 0.8065698911583249, 'lag_19': 0.4683551257072864, 'lag_20': 0.20283923974106355, 'lag_21': 0.22563422025514634, 'lag_22': 0.760419909319739, 'lag_23': 0.4149004281252774, 'lag_24': 0.10061960902561662, 'lag_25': 0.04146685222468666, 'lag_26': 0.5205359410895362, 'lag_27': 0.7984619912769912, 'lag_28': 0.9984246336103699}. Best is trial 9 with value: 0.004165319824189095.
[I 2025-09-29 11:53:02,168] Trial 26 finished with value: 0.0046189402154914756 and parameters: {'lag_0': 0.4133019305806128, 'lag_1': 0.6759176387608767, 'lag_2': 0.6071736037751777, 'lag_3': 0.8322009401217667, 'lag_4': 0.7633750652323948, 'lag_5': 0.16064816230226658, 'lag_6': 0.6828610942185925, 'lag_7': 0.9226189021042326, 'lag_8': 0.659674109514093, 'lag_9': 0.165303455744996, 'lag_10': 0.45510550743845185, 'lag_11': 0.8222159052648458, 'lag_12': 0.21002690572979948, 'lag_13': 0.45689420066413644, 'lag_14': 0.2505806616528361, 'lag_15': 0.6884632081008035, 'lag_16': 0.5411361112592028, 'lag_17': 0.4837081625426715, 'lag_18': 0.9420718477883488, 'lag_19': 0.3219981975457525, 'lag_20': 0.09863745303348709, 'lag_21': 0.560739510731307, 'lag_22': 0.5688655081377145, 'lag_23': 0.8202188478170539, 'lag_24': 0.19902848114357338, 'lag_25': 0.270034891729578, 'lag_26': 0.40682560716585336, 'lag_27': 0.946115744080671, 'lag_28': 0.3562540045712401}. Best is trial 9 with value: 0.004165319824189095.
[I 2025-09-29 11:53:04,505] Trial 27 finished with value: 0.004345461316784359 and parameters: {'lag_0': 0.5318553564712913, 'lag_1': 0.5524341351708723, 'lag_2': 0.43207608176041934, 'lag_3': 0.9516278035413783, 'lag_4': 0.6119097482311812, 'lag_5': 0.07166026282792547, 'lag_6': 0.9005952461599129, 'lag_7': 0.26488507657530297, 'lag_8': 0.4577054227842715, 'lag_9': 0.5976583547872025, 'lag_10': 0.851211393253013, 'lag_11': 0.15794949134767117, 'lag_12': 0.2983671319949353, 'lag_13': 0.30185599612634334, 'lag_14': 0.07554283671494777, 'lag_15': 0.3528551914943929, 'lag_16': 0.8185625014317666, 'lag_17': 0.1836028277248466, 'lag_18': 0.48912301199720293, 'lag_19': 0.1590487149472034, 'lag_20': 0.9312541163601001, 'lag_21': 0.32896857859697826, 'lag_22': 0.982178907357271, 'lag_23': 0.465472524982263, 'lag_24': 0.33690783041831596, 'lag_25': 0.1494802871625881, 'lag_26': 0.20262388844225782, 'lag_27': 0.5244302606013918, 'lag_28': 0.25161012054042703}. Best is trial 9 with value: 0.004165319824189095.
[I 2025-09-29 11:53:06,835] Trial 28 finished with value: 0.004462815949993713 and parameters: {'lag_0': 0.7762222240197565, 'lag_1': 0.4094980015181869, 'lag_2': 0.31867126682756114, 'lag_3': 0.8797146520811072, 'lag_4': 0.11287855766865018, 'lag_5': 0.2041934625528502, 'lag_6': 0.8105156531652127, 'lag_7': 0.43673397905206324, 'lag_8': 0.6063115002794638, 'lag_9': 0.36383309668211194, 'lag_10': 0.24687860356295713, 'lag_11': 0.3960617131323138, 'lag_12': 0.40363580325616605, 'lag_13': 0.5170539886126471, 'lag_14': 0.4167383391231818, 'lag_15': 0.4737906986704251, 'lag_16': 0.44926103962419567, 'lag_17': 0.9746555826397709, 'lag_18': 0.8915948067349746, 'lag_19': 0.6974224069078977, 'lag_20': 0.07129666219450112, 'lag_21': 0.6130374739126874, 'lag_22': 0.23226281244881794, 'lag_23': 0.17873891838175876, 'lag_24': 0.5990023903193131, 'lag_25': 0.3312978811378626, 'lag_26': 0.5725624576343009, 'lag_27': 0.6411971187227541, 'lag_28': 0.14292568792305255}. Best is trial 9 with value: 0.004165319824189095.
[I 2025-09-29 11:53:09,180] Trial 29 finished with value: 0.004582934124243104 and parameters: {'lag_0': 0.5041357494409471, 'lag_1': 0.905204377695433, 'lag_2': 0.7463512335261422, 'lag_3': 0.08222886982769895, 'lag_4': 0.6769231764774439, 'lag_5': 0.5080670736715887, 'lag_6': 0.9990808346609071, 'lag_7': 0.7535021880971465, 'lag_8': 0.8550536276895626, 'lag_9': 0.9963899406621108, 'lag_10': 0.12913648025258373, 'lag_11': 0.5356374395540782, 'lag_12': 0.2356638327496836, 'lag_13': 0.12317214803862414, 'lag_14': 0.2494500622272995, 'lag_15': 0.6424826572589135, 'lag_16': 0.3533641773034082, 'lag_17': 0.06355229716006422, 'lag_18': 0.9687751720163915, 'lag_19': 0.40422276102106797, 'lag_20': 0.24310998272767384, 'lag_21': 0.8170060542154902, 'lag_22': 0.2181417329528625, 'lag_23': 0.7341158002229169, 'lag_24': 0.8810630700929413, 'lag_25': 0.6589026469115624, 'lag_26': 0.07594694447009928, 'lag_27': 0.737368042615122, 'lag_28': 0.8206759936974626}. Best is trial 9 with value: 0.004165319824189095.
[I 2025-09-29 11:53:11,519] Trial 30 finished with value: 0.004301006942821743 and parameters: {'lag_0': 0.3039766691456972, 'lag_1': 0.6418815204803701, 'lag_2': 0.8987243880206375, 'lag_3': 0.8022938121696569, 'lag_4': 0.4241317701410914, 'lag_5': 0.015237911845741142, 'lag_6': 0.5585071970443499, 'lag_7': 0.569321347916595, 'lag_8': 0.5750868404855535, 'lag_9': 0.16355691111841425, 'lag_10': 0.6553535872773275, 'lag_11': 0.9662408259741733, 'lag_12': 0.15624451719041085, 'lag_13': 0.6296953261565965, 'lag_14': 0.08766350823144209, 'lag_15': 0.1731220777670067, 'lag_16': 0.2397487185638463, 'lag_17': 0.08281387309119315, 'lag_18': 0.6501952785206584, 'lag_19': 0.5094773682826963, 'lag_20': 0.5590966194155989, 'lag_21': 0.41706614181589413, 'lag_22': 0.6251117324972004, 'lag_23': 0.91289416200999, 'lag_24': 0.07283304368083734, 'lag_25': 0.0796248379521105, 'lag_26': 0.33848921505288676, 'lag_27': 0.9274883172228622, 'lag_28': 0.6008715844131325}. Best is trial 9 with value: 0.004165319824189095.
[I 2025-09-29 11:53:13,852] Trial 31 finished with value: 0.004552339094617471 and parameters: {'lag_0': 0.2878632816215023, 'lag_1': 0.6348950178018371, 'lag_2': 0.9331758890255878, 'lag_3': 0.8195759523114892, 'lag_4': 0.4148349991173069, 'lag_5': 0.07028910580976354, 'lag_6': 0.5116501806053578, 'lag_7': 0.603045916362521, 'lag_8': 0.5705417816843676, 'lag_9': 0.19891615958165598, 'lag_10': 0.6831582169967994, 'lag_11': 0.9718911927672494, 'lag_12': 0.13585877309933686, 'lag_13': 0.6511656061735731, 'lag_14': 0.10180924853527744, 'lag_15': 0.2866203696417403, 'lag_16': 0.2227012614653861, 'lag_17': 0.08809158542618291, 'lag_18': 0.6461969951002572, 'lag_19': 0.5139522814779237, 'lag_20': 0.5363991671887932, 'lag_21': 0.4253513111088234, 'lag_22': 0.6193498347243326, 'lag_23': 0.9060597149363446, 'lag_24': 0.07522010326129011, 'lag_25': 0.09049830817636724, 'lag_26': 0.3269135245227113, 'lag_27': 0.9281602119435807, 'lag_28': 0.7785294335637225}. Best is trial 9 with value: 0.004165319824189095.
[I 2025-09-29 11:53:16,194] Trial 32 finished with value: 0.004229588154543181 and parameters: {'lag_0': 0.14706214112088645, 'lag_1': 0.7094086751866633, 'lag_2': 0.965566537176174, 'lag_3': 0.929563321894478, 'lag_4': 0.3508958661251671, 'lag_5': 0.004334549527016162, 'lag_6': 0.6730060713045282, 'lag_7': 0.49050232671153604, 'lag_8': 0.49143512393411615, 'lag_9': 0.12561186687272052, 'lag_10': 0.8013191411893829, 'lag_11': 0.9043787869225836, 'lag_12': 0.038974614989780276, 'lag_13': 0.6183115947107303, 'lag_14': 0.2466508877125373, 'lag_15': 0.016303883024526233, 'lag_16': 0.06829770492104986, 'lag_17': 0.07650652482671577, 'lag_18': 0.7639163464180984, 'lag_19': 0.2937991078939412, 'lag_20': 0.7261677692787097, 'lag_21': 0.18066922046834988, 'lag_22': 0.7157929822350283, 'lag_23': 0.869030648944485, 'lag_24': 0.07125809343494133, 'lag_25': 0.2308049347698687, 'lag_26': 0.21817415122860517, 'lag_27': 0.7954400284502245, 'lag_28': 0.5932261049282104}. Best is trial 9 with value: 0.004165319824189095.
[I 2025-09-29 11:53:18,537] Trial 33 finished with value: 0.004375087864261775 and parameters: {'lag_0': 0.11883566879064009, 'lag_1': 0.7975735432333444, 'lag_2': 0.8656283813633444, 'lag_3': 0.9190384513966242, 'lag_4': 0.30898705063609067, 'lag_5': 0.15192938354793753, 'lag_6': 0.6428828132421007, 'lag_7': 0.7047196364838392, 'lag_8': 0.482677916664883, 'lag_9': 0.08980958769774378, 'lag_10': 0.8992944266564723, 'lag_11': 0.9106172850339026, 'lag_12': 0.019168564903829375, 'lag_13': 0.7696955219472386, 'lag_14': 0.22799093127163284, 'lag_15': 0.0035277778570919956, 'lag_16': 0.040487052847464455, 'lag_17': 0.06594097901838025, 'lag_18': 0.7506644639652442, 'lag_19': 0.23836521405685654, 'lag_20': 0.6045480648716859, 'lag_21': 0.7494996348819698, 'lag_22': 0.7114286320602378, 'lag_23': 0.8502663204140066, 'lag_24': 0.07543928136406365, 'lag_25': 0.16494008050657824, 'lag_26': 0.20198361490438993, 'lag_27': 0.8277268244377914, 'lag_28': 0.6032294071790142}. Best is trial 9 with value: 0.004165319824189095.
[I 2025-09-29 11:53:20,871] Trial 34 finished with value: 0.00439158943102967 and parameters: {'lag_0': 0.06732389874826766, 'lag_1': 0.7140559300390186, 'lag_2': 0.9888938543787222, 'lag_3': 0.5824578395839859, 'lag_4': 0.361910933621028, 'lag_5': 0.07373441089967521, 'lag_6': 0.5051751572914529, 'lag_7': 0.31241288971826575, 'lag_8': 0.7018248010772168, 'lag_9': 0.15187591877686313, 'lag_10': 0.7901051094106224, 'lag_11': 0.8882360072635641, 'lag_12': 0.06800583014006237, 'lag_13': 0.6344828344882121, 'lag_14': 0.2991321040262172, 'lag_15': 0.1503946632950358, 'lag_16': 0.0646674668771747, 'lag_17': 0.0012676932741684799, 'lag_18': 0.5460481808658277, 'lag_19': 0.31013863160053035, 'lag_20': 0.42894956630899317, 'lag_21': 0.4732584690718404, 'lag_22': 0.8011058931409887, 'lag_23': 0.9298160389554562, 'lag_24': 0.20969316044380654, 'lag_25': 0.09051498500565491, 'lag_26': 0.22298568420667358, 'lag_27': 0.9165080010308204, 'lag_28': 0.4850369666173717}. Best is trial 9 with value: 0.004165319824189095.
[I 2025-09-29 11:53:23,210] Trial 35 finished with value: 0.004809080494515642 and parameters: {'lag_0': 0.16209637766665297, 'lag_1': 0.9832322398933813, 'lag_2': 0.8818013225025496, 'lag_3': 0.7758870754829126, 'lag_4': 0.46665322260838765, 'lag_5': 0.12904391644481716, 'lag_6': 0.7206401739597913, 'lag_7': 0.7857852073925222, 'lag_8': 0.7906760004244779, 'lag_9': 0.10088449274288767, 'lag_10': 0.6072342393571329, 'lag_11': 0.9936309445490734, 'lag_12': 0.17355806056351067, 'lag_13': 0.8014715910575532, 'lag_14': 0.19285736097939477, 'lag_15': 0.07842211364327253, 'lag_16': 0.24453379631681402, 'lag_17': 0.3066679818735506, 'lag_18': 0.7789745557502163, 'lag_19': 0.15300360493214846, 'lag_20': 0.2570349759066406, 'lag_21': 0.8845745260494637, 'lag_22': 0.6829877668537354, 'lag_23': 0.9452956482467483, 'lag_24': 0.06736516838494444, 'lag_25': 0.7441012482763529, 'lag_26': 0.09233471305175558, 'lag_27': 0.7771418395098264, 'lag_28': 0.5733053427726229}. Best is trial 9 with value: 0.004165319824189095.
[I 2025-09-29 11:53:25,557] Trial 36 finished with value: 0.004354378114620813 and parameters: {'lag_0': 0.40691047447346135, 'lag_1': 0.8641230028082949, 'lag_2': 0.9892164547416644, 'lag_3': 0.3972289353693742, 'lag_4': 0.24675566354652875, 'lag_5': 0.0035115789364989947, 'lag_6': 0.5780122175346197, 'lag_7': 0.9241184624310277, 'lag_8': 0.4963326210219435, 'lag_9': 0.00456169159561734, 'lag_10': 0.7078864026871661, 'lag_11': 0.28262589085996837, 'lag_12': 0.19133415274948917, 'lag_13': 0.5556325416623864, 'lag_14': 0.4334196287414649, 'lag_15': 0.009623141284941683, 'lag_16': 0.1126675116198051, 'lag_17': 0.06813465153704072, 'lag_18': 0.8550326459455819, 'lag_19': 0.8058080233173722, 'lag_20': 0.7167968302540026, 'lag_21': 0.3645036354750178, 'lag_22': 0.7166921867981786, 'lag_23': 0.8110404741199246, 'lag_24': 0.00011994737101272447, 'lag_25': 0.4250500291208448, 'lag_26': 0.3485621701235337, 'lag_27': 0.9939753525070688, 'lag_28': 0.7064271146104951}. Best is trial 9 with value: 0.004165319824189095.
[I 2025-09-29 11:53:27,895] Trial 37 finished with value: 0.004627476182838657 and parameters: {'lag_0': 0.2037702107800792, 'lag_1': 0.6961207355485124, 'lag_2': 0.8131389525330995, 'lag_3': 0.9271627986532917, 'lag_4': 0.5653664189348887, 'lag_5': 0.3749998106953181, 'lag_6': 0.8261844296011858, 'lag_7': 0.19711652274851543, 'lag_8': 0.7383310334417553, 'lag_9': 0.29445572118254243, 'lag_10': 0.9213237392146758, 'lag_11': 0.18688066100869913, 'lag_12': 0.07638320884302263, 'lag_13': 0.8878338286732335, 'lag_14': 0.0002144656783774207, 'lag_15': 0.16001231943405755, 'lag_16': 0.2762601252730975, 'lag_17': 0.17883567011763202, 'lag_18': 0.5941582072801704, 'lag_19': 0.3685386962702658, 'lag_20': 0.3739717865695709, 'lag_21': 0.24096395882077834, 'lag_22': 0.8699121276234988, 'lag_23': 0.8694703033448796, 'lag_24': 0.1487769826308371, 'lag_25': 0.5169011194599403, 'lag_26': 0.13925893914691662, 'lag_27': 0.7024605938785144, 'lag_28': 0.8481594450621919}. Best is trial 9 with value: 0.004165319824189095.
[I 2025-09-29 11:53:30,230] Trial 38 finished with value: 0.004582287112330998 and parameters: {'lag_0': 0.020800559435547428, 'lag_1': 0.6145571898516765, 'lag_2': 0.9238215254612092, 'lag_3': 0.8513476398444592, 'lag_4': 0.17970333638089794, 'lag_5': 0.6013748392844522, 'lag_6': 0.6256677843437902, 'lag_7': 0.5650957179845443, 'lag_8': 0.36669429091896966, 'lag_9': 0.23122124448342574, 'lag_10': 0.5401718003250043, 'lag_11': 0.10716991998961367, 'lag_12': 0.13720462304049658, 'lag_13': 0.07268652376560555, 'lag_14': 0.36008415940839344, 'lag_15': 0.2049939216464998, 'lag_16': 0.16749039383156777, 'lag_17': 0.4136862356773964, 'lag_18': 0.9268305274803835, 'lag_19': 0.5265703766922192, 'lag_20': 0.5920127217420159, 'lag_21': 0.6563641001705767, 'lag_22': 0.8515389333668986, 'lag_23': 0.9631154969527216, 'lag_24': 0.21003646341730053, 'lag_25': 0.29343762106934446, 'lag_26': 0.4456678098193845, 'lag_27': 0.9093978594848374, 'lag_28': 0.38521175327980894}. Best is trial 9 with value: 0.004165319824189095.
[I 2025-09-29 11:53:32,568] Trial 39 finished with value: 0.00458917645386332 and parameters: {'lag_0': 0.9091832341312741, 'lag_1': 0.7839560819111822, 'lag_2': 0.6833127264724617, 'lag_3': 0.6286087538436415, 'lag_4': 0.35071532041596004, 'lag_5': 0.19540971042070937, 'lag_6': 0.16906672444190712, 'lag_7': 0.5040377303561344, 'lag_8': 0.6859567352037262, 'lag_9': 0.5727285475361554, 'lag_10': 0.6298915346619609, 'lag_11': 0.7737112273701919, 'lag_12': 0.0043037327548199195, 'lag_13': 0.6171440821049297, 'lag_14': 0.5630278803057687, 'lag_15': 0.05965970747567327, 'lag_16': 0.014034238598486126, 'lag_17': 0.24436829709261626, 'lag_18': 0.6948801931424917, 'lag_19': 0.016052844563437974, 'lag_20': 0.48184621202216776, 'lag_21': 0.5480575175702276, 'lag_22': 0.4983016893717588, 'lag_23': 0.7157565999894147, 'lag_24': 0.32624120210425395, 'lag_25': 0.8873320043478936, 'lag_26': 0.007079173677568162, 'lag_27': 0.7704084266651076, 'lag_28': 0.07383259179313037}. Best is trial 9 with value: 0.004165319824189095.
