[I 2025-09-29 13:11:17,303] Trial 24 finished with value: 0.009016987008965454 and parameters: {'lag_0': 0.2591426643684429, 'lag_1': 0.22431171970384828, 'lag_2': 0.33096919691832927, 'lag_3': 0.45003486350487454, 'lag_4': 0.3104908146992734, 'lag_5': 0.619273537412346, 'lag_6': 0.5866062430935545, 'lag_7': 0.22844891439366177, 'lag_8': 0.5701805665111079, 'lag_9': 0.10662714973102363, 'lag_10': 0.5999688214069211, 'lag_11': 0.5708607688284211, 'lag_12': 0.014844360756429024, 'lag_13': 0.33037788910033494, 'lag_14': 0.7525046189174269, 'lag_15': 0.21088442499835172, 'lag_16': 0.6184438827208721, 'lag_17': 0.8135828423955522, 'lag_18': 0.7513117255289962, 'lag_19': 0.8851450819852996, 'lag_20': 0.09777319874531672, 'lag_21': 0.8537675044768892, 'lag_22': 0.3940130886551837, 'lag_23': 0.9959039758050323, 'lag_24': 0.3513461252037392, 'lag_25': 0.5613704684161438, 'lag_26': 0.8738977981908717, 'lag_27': 0.4682428872402608, 'lag_28': 0.2485145827899973}. Best is trial 21 with value: 0.008859391727354025.
[I 2025-09-29 13:11:19,649] Trial 25 finished with value: 0.00903003499291041 and parameters: {'lag_0': 0.19413818978490804, 'lag_1': 0.22412111631445308, 'lag_2': 0.3267188258055384, 'lag_3': 0.4449743813680918, 'lag_4': 0.2979289040547218, 'lag_5': 0.6353682806525786, 'lag_6': 0.75543266834545, 'lag_7': 0.28077258644592173, 'lag_8': 0.38541363174645404, 'lag_9': 0.08968454529387501, 'lag_10': 0.5830478658673487, 'lag_11': 0.5109014274268031, 'lag_12': 0.007963309513618684, 'lag_13': 0.34481357106073657, 'lag_14': 0.6403152106033995, 'lag_15': 0.1985685450899623, 'lag_16': 0.6349829757854946, 'lag_17': 0.7971422363982382, 'lag_18': 0.730861688842606, 'lag_19': 0.9112369585709481, 'lag_20': 0.10520770165089803, 'lag_21': 0.8727840922992557, 'lag_22': 0.3736146547711333, 'lag_23': 0.5669294653612016, 'lag_24': 0.3667768424294414, 'lag_25': 0.46598051220408254, 'lag_26': 0.9001707379594825, 'lag_27': 0.2709264298535808, 'lag_28': 0.27367913736597194}. Best is trial 21 with value: 0.008859391727354025.
[I 2025-09-29 13:11:22,147] Trial 26 finished with value: 0.009591586109939324 and parameters: {'lag_0': 0.24515467528164137, 'lag_1': 0.2291714807830037, 'lag_2': 0.30919947084993915, 'lag_3': 0.6667914915120401, 'lag_4': 0.30816711082624415, 'lag_5': 0.6159095116503821, 'lag_6': 0.5923438863797033, 'lag_7': 0.21219169381509498, 'lag_8': 0.3825913344700402, 'lag_9': 0.2572984737391953, 'lag_10': 0.49968844001916446, 'lag_11': 0.5224065907767375, 'lag_12': 0.007867222713122917, 'lag_13': 0.3369157172391448, 'lag_14': 0.44900468534506016, 'lag_15': 0.2095187823200341, 'lag_16': 0.6943447425502229, 'lag_17': 0.8374063817568071, 'lag_18': 0.7394950710579353, 'lag_19': 0.9199083259019366, 'lag_20': 0.09659424180939294, 'lag_21': 0.8587126010661299, 'lag_22': 0.38837529874377635, 'lag_23': 0.8476289657528748, 'lag_24': 0.40822080558761475, 'lag_25': 0.4296399850977202, 'lag_26': 0.9230387907725458, 'lag_27': 0.17721422467202552, 'lag_28': 0.15532245014619556}. Best is trial 21 with value: 0.008859391727354025.
[I 2025-09-29 13:11:24,491] Trial 27 finished with value: 0.009074839064726541 and parameters: {'lag_0': 0.2385090054962542, 'lag_1': 0.546299228603242, 'lag_2': 0.4864769022759028, 'lag_3': 0.4264526245794777, 'lag_4': 0.12244234527774114, 'lag_5': 0.6857113529666926, 'lag_6': 0.8185213131599822, 'lag_7': 0.1328995630011226, 'lag_8': 0.22876558383544715, 'lag_9': 0.10271258750909995, 'lag_10': 0.7685639414618264, 'lag_11': 0.2665121391032079, 'lag_12': 0.16966555955430537, 'lag_13': 0.4294960417688978, 'lag_14': 0.6711729933677664, 'lag_15': 0.06383472222907678, 'lag_16': 0.978399344233378, 'lag_17': 0.9702704179823781, 'lag_18': 0.9943407661493294, 'lag_19': 0.8651072977751457, 'lag_20': 0.04384662612215043, 'lag_21': 0.8121218796989224, 'lag_22': 0.3204857891024816, 'lag_23': 0.9871018232482878, 'lag_24': 0.23849925277109577, 'lag_25': 0.25279627148989303, 'lag_26': 0.9803769079671049, 'lag_27': 0.4527385205482478, 'lag_28': 0.10348197280214617}. Best is trial 21 with value: 0.008859391727354025.
[I 2025-09-29 13:11:26,829] Trial 28 finished with value: 0.009505464088630407 and parameters: {'lag_0': 0.13784050415668056, 'lag_1': 0.337674036155602, 'lag_2': 0.16882810979117338, 'lag_3': 0.5684226818899267, 'lag_4': 0.29974882418781557, 'lag_5': 0.7725420709931787, 'lag_6': 0.6602546612589291, 'lag_7': 0.2653241558551206, 'lag_8': 0.2219529324572341, 'lag_9': 0.2274619873653956, 'lag_10': 0.6037401687288152, 'lag_11': 0.42575261992726227, 'lag_12': 0.07519297464468291, 'lag_13': 0.2715861797997969, 'lag_14': 0.5679571085650987, 'lag_15': 0.17779191563994268, 'lag_16': 0.8379371344909186, 'lag_17': 0.8785834747394621, 'lag_18': 0.7170058027362058, 'lag_19': 0.9937947513660884, 'lag_20': 0.1670928090712227, 'lag_21': 0.9943252700072144, 'lag_22': 0.45093569928920396, 'lag_23': 0.6913713407361377, 'lag_24': 0.3796041248146634, 'lag_25': 0.5559593699214153, 'lag_26': 0.86653415800293, 'lag_27': 0.5272359680323866, 'lag_28': 0.205740950319198}. Best is trial 21 with value: 0.008859391727354025.
[I 2025-09-29 13:11:29,180] Trial 29 finished with value: 0.009153408294140287 and parameters: {'lag_0': 0.3047128170908303, 'lag_1': 0.9332196120229871, 'lag_2': 0.23131763686560136, 'lag_3': 0.45901339731928487, 'lag_4': 0.4175067069740856, 'lag_5': 0.5922623595393106, 'lag_6': 0.7723211436300335, 'lag_7': 0.1342467839598418, 'lag_8': 0.4754618764849654, 'lag_9': 0.3518660886943311, 'lag_10': 0.43116900815659787, 'lag_11': 0.6905951964052685, 'lag_12': 0.0003889195090676506, 'lag_13': 0.17121105560258268, 'lag_14': 0.651992320945096, 'lag_15': 0.366159992761081, 'lag_16': 0.8073626336359956, 'lag_17': 0.7792902557045202, 'lag_18': 0.8092168313969869, 'lag_19': 0.12571896641711877, 'lag_20': 0.25201967907062645, 'lag_21': 0.7462063271715016, 'lag_22': 0.5923014064856671, 'lag_23': 0.5643202107833463, 'lag_24': 0.14659343587642426, 'lag_25': 0.1981575298649818, 'lag_26': 0.8095197977686316, 'lag_27': 0.06721277586568056, 'lag_28': 0.0020664512280179625}. Best is trial 21 with value: 0.008859391727354025.
[I 2025-09-29 13:11:31,529] Trial 30 finished with value: 0.009814422243046687 and parameters: {'lag_0': 0.14741703377711313, 'lag_1': 0.8499286842818295, 'lag_2': 0.3991395769874726, 'lag_3': 0.7486110114169486, 'lag_4': 0.1379662728219257, 'lag_5': 0.915813416749879, 'lag_6': 0.6345285181165072, 'lag_7': 0.3952105815435325, 'lag_8': 0.3510799504710339, 'lag_9': 0.12877301045696526, 'lag_10': 0.2912116645930142, 'lag_11': 0.6397163368711946, 'lag_12': 0.7442697987025138, 'lag_13': 0.3283087803068204, 'lag_14': 0.3748644655796016, 'lag_15': 0.07619572139605968, 'lag_16': 0.4939464549251865, 'lag_17': 0.7961174473174277, 'lag_18': 0.8908689751046641, 'lag_19': 0.42334651658332784, 'lag_20': 0.32783233089662656, 'lag_21': 0.13903027947380142, 'lag_22': 0.2601955904862518, 'lag_23': 0.8910967226612764, 'lag_24': 0.5377757584211764, 'lag_25': 0.45875814543873084, 'lag_26': 0.9154858951042546, 'lag_27': 0.03709932108195316, 'lag_28': 0.07776040363512837}. Best is trial 21 with value: 0.008859391727354025.
[I 2025-09-29 13:11:33,861] Trial 31 finished with value: 0.008842876342564723 and parameters: {'lag_0': 0.19194509178437802, 'lag_1': 0.5142367286435938, 'lag_2': 0.48939022987783976, 'lag_3': 0.4132665994107081, 'lag_4': 0.11503075379569433, 'lag_5': 0.6848577831880456, 'lag_6': 0.8448740182992408, 'lag_7': 0.14010488047283373, 'lag_8': 0.24905537737335898, 'lag_9': 0.07995964947037959, 'lag_10': 0.771910022443552, 'lag_11': 0.28055349452370637, 'lag_12': 0.1809426045935965, 'lag_13': 0.4145828469304112, 'lag_14': 0.6959324433243623, 'lag_15': 0.06274680075569186, 'lag_16': 0.9870877743243635, 'lag_17': 0.9928236182654909, 'lag_18': 0.9834733651209117, 'lag_19': 0.8704616957869984, 'lag_20': 0.05570904043222328, 'lag_21': 0.8541423326049639, 'lag_22': 0.3200834765093087, 'lag_23': 0.9957221079324854, 'lag_24': 0.22876277735560574, 'lag_25': 0.1509514981036666, 'lag_26': 0.9925406703993315, 'lag_27': 0.4520687065456268, 'lag_28': 0.08553390779147682}. Best is trial 31 with value: 0.008842876342564723.
[I 2025-09-29 13:11:36,191] Trial 32 finished with value: 0.008943000654213676 and parameters: {'lag_0': 0.016728035249565898, 'lag_1': 0.4047406022545078, 'lag_2': 0.6428280625834266, 'lag_3': 0.3553310822236786, 'lag_4': 0.3119877756328981, 'lag_5': 0.6662777451949355, 'lag_6': 0.9060545569215461, 'lag_7': 0.24982219567608308, 'lag_8': 0.1456381618087247, 'lag_9': 0.05128980134333661, 'lag_10': 0.881414793081116, 'lag_11': 0.32574510903955534, 'lag_12': 0.16728466922006488, 'lag_13': 0.44145257949122046, 'lag_14': 0.7202975406549104, 'lag_15': 0.159748934084755, 'lag_16': 0.8724001279803552, 'lag_17': 0.9254983165332301, 'lag_18': 0.9298185740567257, 'lag_19': 0.9341035585074838, 'lag_20': 0.08290433742607003, 'lag_21': 0.8941099726050713, 'lag_22': 0.3118785149406069, 'lag_23': 0.8992572712973224, 'lag_24': 0.2545917117732588, 'lag_25': 0.14228440982089263, 'lag_26': 0.9774800380577646, 'lag_27': 0.41233649567260927, 'lag_28': 0.1779646286078007}. Best is trial 31 with value: 0.008842876342564723.
[I 2025-09-29 13:11:38,543] Trial 33 finished with value: 0.00977592553703473 and parameters: {'lag_0': 0.01822132986962116, 'lag_1': 0.40681689867806975, 'lag_2': 0.6407469609179809, 'lag_3': 0.33200609420379856, 'lag_4': 0.13528967034948838, 'lag_5': 0.8490892146217122, 'lag_6': 0.8369492854313059, 'lag_7': 0.1622844345072991, 'lag_8': 0.094658420446489, 'lag_9': 0.03131912132195383, 'lag_10': 0.8923648727383915, 'lag_11': 0.11339036554706836, 'lag_12': 0.25627524841156024, 'lag_13': 0.44403749596072023, 'lag_14': 0.7127700330122281, 'lag_15': 0.13831492484208247, 'lag_16': 0.8930845261092094, 'lag_17': 0.9217187137209167, 'lag_18': 0.9437032440354, 'lag_19': 0.7765093701537948, 'lag_20': 0.0011957997909637919, 'lag_21': 0.7361332158928922, 'lag_22': 0.49299194455648565, 'lag_23': 0.9987795278674002, 'lag_24': 0.2728171169055976, 'lag_25': 0.1650915646042555, 'lag_26': 0.9957486034307798, 'lag_27': 0.4298214404439797, 'lag_28': 0.06639582519828693}. Best is trial 31 with value: 0.008842876342564723.
[I 2025-09-29 13:11:40,880] Trial 34 finished with value: 0.009079753027945312 and parameters: {'lag_0': 0.4419031322303748, 'lag_1': 0.490291010134841, 'lag_2': 0.6664994907253547, 'lag_3': 0.36956309003715765, 'lag_4': 0.0027356514797793885, 'lag_5': 0.5448831489695096, 'lag_6': 0.9058057289748043, 'lag_7': 0.07031472036199338, 'lag_8': 0.004329394530502101, 'lag_9': 0.2118497869694438, 'lag_10': 0.7791408767042585, 'lag_11': 0.3241114014826314, 'lag_12': 0.14915689117535685, 'lag_13': 0.5696964877745909, 'lag_14': 0.715158195866628, 'lag_15': 0.0009838689182572469, 'lag_16': 0.9913463215723893, 'lag_17': 0.9972256900519791, 'lag_18': 0.8245801836691601, 'lag_19': 0.8303664551152105, 'lag_20': 0.08286605443787726, 'lag_21': 0.910110627413199, 'lag_22': 0.32462512191700443, 'lag_23': 0.9034435503838911, 'lag_24': 0.1541468773663403, 'lag_25': 0.09861121686383001, 'lag_26': 0.812773136903189, 'lag_27': 0.6692005769716964, 'lag_28': 0.16304454526570702}. Best is trial 31 with value: 0.008842876342564723.
2025-09-29 13:11:42,360 - distributed.worker - INFO - Stopping worker at tcp://192.168.86.140:39863. Reason: scheduler-remove-worker
2025-09-29 13:11:42,367 - distributed.nanny - INFO - Closing Nanny gracefully at 'tcp://192.168.86.140:32906'. Reason: scheduler-remove-worker
2025-09-29 13:11:42,368 - distributed.worker.state_machine - WARNING - Async instruction for <Task cancelled name='execute(optimize_subject-11ac5e32-3386-4819-972e-e046fa30476c)' coro=<Worker.execute() done, defined at /usr/global/miniconda/py310_23.1.0-1/envs/workshop_311/lib/python3.11/site-packages/distributed/worker_state_machine.py:3607>> ended with CancelledError
slurmstepd: error: *** JOB 3081198 ON node40 CANCELLED AT 2025-09-29T13:11:42 ***
