[I 2025-10-03 11:34:41,624] Trial 77 finished with values: [0.0049565344437139305, 0.003269087513504008, 0.0008969068902596339, 0.0005919505814245234, 0.00421145295049027, 0.0008917322976105313, 0.0023358287747891433, 0.00045556704010976657, 0.00019807971561691925, 0.00031929747258093073, 0.00025882817238638914, 0.0005817328957525981, 0.010272601841293546, 0.058292327732349436, 0.0, 0.06397375636088212, 0.003141795980634432, 0.003081667050937563, 0.00042535157988516655, 0.012577715853212481, 0.0003269656112853079, 0.0012192478684249827, 0.00032172810351431536, 0.0001988378708462926, 0.00023643051725434207, 0.0019198367234494393, 0.001079451008704615, 0.0006950409857359322, 0.001788246786432119] and parameters: {'lag_0': 0.26711142876928334, 'lag_1': 0.8190687385934033, 'lag_2': 0.48366166310030395, 'lag_3': 0.03537484103306959, 'lag_4': 0.20741667083324575, 'lag_5': 0.5725475861422002, 'lag_6': 0.6879671001321311, 'lag_7': 0.5199766257391454, 'lag_8': 0.8519165404762415, 'lag_9': 0.9878908803478298, 'lag_10': 0.4672179902310082, 'lag_11': 0.46710116731232953, 'lag_12': 0.34827413139191976, 'lag_13': 0.9246018796010423, 'lag_14': 0.5393020577106786, 'lag_15': 0.19054143119939676, 'lag_16': 0.9649229659518708, 'lag_17': 0.37342296642679285, 'lag_18': 0.8410474373855068, 'lag_19': 0.27404133613981047, 'lag_20': 0.44160400329380517, 'lag_21': 0.848926820270792, 'lag_22': 0.5748593657519923, 'lag_23': 0.01367188205642921, 'lag_24': 0.8113688235641962, 'lag_25': 0.9972209431855948, 'lag_26': 0.5833795648118324, 'lag_27': 0.5863732017218123, 'lag_28': 0.004031675744924564}.
[I 2025-10-03 11:34:44,336] Trial 78 finished with values: [0.04237343852728469, 0.006740276892228293, 0.0012734882473468961, 0.002349738335007001, 0.0018048710984372503, 0.002335567391227246, 0.004433471438225546, 0.00035982503816873367, 0.00022721776817163968, 4.457996298253398e-05, 0.0004922945300392727, 0.0005934079500374475, 0.010047718150131382, 0.0568404606643332, 0.0, 0.06201777589316284, 0.0022877626269618917, 0.0034263710497493436, 0.0002029305346990395, 0.01301848441304817, 0.00025823841032607584, 0.001295312031997324, 0.00027832894821802547, 0.00016608529426250144, 0.00014579898959948308, 0.0015296851433113877, 0.0006381852291489825, 0.0011534831046759557, 0.001010814073017696] and parameters: {'lag_0': 0.2466929527794533, 'lag_1': 0.2675953884665869, 'lag_2': 0.12124313622782652, 'lag_3': 0.5085708236248471, 'lag_4': 0.9076484069455257, 'lag_5': 0.5725475861422002, 'lag_6': 0.3516857848386604, 'lag_7': 0.5199766257391454, 'lag_8': 0.8519165404762415, 'lag_9': 0.9878908803478298, 'lag_10': 0.16447210868007575, 'lag_11': 0.17007459172378217, 'lag_12': 0.34827413139191976, 'lag_13': 0.6166355960398676, 'lag_14': 0.49235265076054735, 'lag_15': 0.20633512062083445, 'lag_16': 0.5784581901576014, 'lag_17': 0.2905107863872614, 'lag_18': 0.45895274901724425, 'lag_19': 0.12448206547131417, 'lag_20': 0.44160400329380517, 'lag_21': 0.7966707769094128, 'lag_22': 0.6035494537825612, 'lag_23': 0.39151472668039544, 'lag_24': 0.7404847637558304, 'lag_25': 0.17825098012117158, 'lag_26': 0.08279312591129509, 'lag_27': 0.5863732017218123, 'lag_28': 0.36744218330306283}.
[I 2025-10-03 11:34:47,049] Trial 79 finished with values: [0.0037297964550711805, 0.00299147227270542, 0.002451728931450536, 0.0013103840013569672, 0.0025978626101535876, 0.0011191555928130336, 0.002584598762129968, 0.000338771190162072, 0.0002821738769318191, 0.0003246918320370551, 0.00013080080798419055, 0.0004180628904757678, 0.011624039977656559, 0.05814061531066592, 0.0, 0.058344697820168004, 0.002003285760827555, 0.003097659721272818, 0.0005231547149490739, 0.013281020171862057, 0.0002683286358136542, 0.0007525639486211777, 0.00014392662814930842, 0.00019190533029204737, 0.00015254705237889097, 0.0016891059296979566, 0.0009984896125712895, 0.000997026012119014, 0.0019317254893741766] and parameters: {'lag_0': 0.12822052433887052, 'lag_1': 0.45498726679272605, 'lag_2': 0.3399358033049131, 'lag_3': 0.14734269784445192, 'lag_4': 0.4256988906183302, 'lag_5': 0.5864964073031195, 'lag_6': 0.5440839886382732, 'lag_7': 0.9349764354585538, 'lag_8': 0.4149661689722923, 'lag_9': 0.6996311231360824, 'lag_10': 0.4700274624191844, 'lag_11': 0.8575793663815056, 'lag_12': 0.8873492634596298, 'lag_13': 0.9448600129715893, 'lag_14': 0.34061015584889687, 'lag_15': 0.28542730259330246, 'lag_16': 0.5163033586967524, 'lag_17': 0.4050297752017168, 'lag_18': 0.9903235751445651, 'lag_19': 0.010010563142525785, 'lag_20': 0.4063114635280715, 'lag_21': 0.334118538072266, 'lag_22': 0.7532873577897581, 'lag_23': 0.25144718429118207, 'lag_24': 0.028498236298668822, 'lag_25': 0.9753565294681952, 'lag_26': 0.6945076228622307, 'lag_27': 0.5074181293185661, 'lag_28': 0.08730337920364856}.
[I 2025-10-03 11:34:49,771] Trial 80 finished with values: [0.04216152922446629, 0.004642282648376179, 0.0020997153426018556, 0.001388547156826295, 0.0052958156319442866, 0.0020056182119345053, 0.001672752160339179, 0.0005682124310640013, 0.00018552179364117645, 0.0001972477018511587, 0.00015354508621782007, 0.0007169948161646495, 0.010561961254367824, 0.05898119150761507, 0.0, 0.0687308263525003, 0.003938804291820975, 0.0032304628453410146, 0.0005876552371748535, 0.013191355763762961, 0.00016653033429613165, 0.0009450339219176168, 0.00018282589754536075, 9.194585399650839e-05, 0.00039161454452713425, 0.0016360114253396434, 0.001268118555816473, 0.0011937561296059126, 0.0006026974523034229] and parameters: {'lag_0': 0.29946129785899095, 'lag_1': 0.22881068980981803, 'lag_2': 0.45542042403499533, 'lag_3': 0.7920585989243066, 'lag_4': 0.4216210372364007, 'lag_5': 0.847107011794188, 'lag_6': 0.7021637260284885, 'lag_7': 0.4582267205390284, 'lag_8': 0.7011884330865501, 'lag_9': 0.16382644198955032, 'lag_10': 0.14958878237859236, 'lag_11': 0.18969077638350582, 'lag_12': 0.1521309599433341, 'lag_13': 0.858995201191057, 'lag_14': 0.6853595018769938, 'lag_15': 0.823432225123513, 'lag_16': 0.6606997336676212, 'lag_17': 0.29726342761426033, 'lag_18': 0.4888314243440323, 'lag_19': 0.8440420863558651, 'lag_20': 0.5459113004694096, 'lag_21': 0.4108365970267855, 'lag_22': 0.1271307170003932, 'lag_23': 0.21925797890755924, 'lag_24': 0.3745582917081024, 'lag_25': 0.10214268537168485, 'lag_26': 0.11808109134360549, 'lag_27': 0.5068020021049107, 'lag_28': 0.37042520196273054}.
[I 2025-10-03 11:34:52,495] Trial 81 finished with values: [0.007088182117028273, 0.0006777802007838323, 0.0018818255096448501, 0.0006611038128306648, 0.001795671501505204, 0.0004199131922046417, 0.001010135399576098, 0.00017361661593583367, 0.0004013195912024538, 0.00014779301392637108, 0.0003851649544301328, 0.0005765986828975428, 0.01091415582450833, 0.06018623733756101, 0.0, 0.07020639754655042, 0.004056540702728848, 0.002866788051723596, 0.0004437559413386768, 0.01247481400831724, 0.00023301254720443253, 0.0010068108174132158, 0.00020717602283741636, 8.306051926898939e-05, 0.00023201996838043037, 0.001995908044209304, 0.0005609601413728919, 0.001021631742632666, 0.0011729808597329401] and parameters: {'lag_0': 0.11507109716589457, 'lag_1': 0.5027617556239201, 'lag_2': 0.6628805759640175, 'lag_3': 0.5082177161875974, 'lag_4': 0.32410654682927614, 'lag_5': 0.24510659922985958, 'lag_6': 0.6457550982736527, 'lag_7': 0.2692567602360821, 'lag_8': 0.4435270850916861, 'lag_9': 0.22715673550070473, 'lag_10': 0.2601792910174393, 'lag_11': 0.6863477113044092, 'lag_12': 0.7603722358895466, 'lag_13': 0.9251281796453839, 'lag_14': 0.19483445803453212, 'lag_15': 0.48985279079895516, 'lag_16': 0.1918035742475124, 'lag_17': 0.4174426283301721, 'lag_18': 0.3823633572371502, 'lag_19': 0.7224248585320507, 'lag_20': 0.50045836983563, 'lag_21': 0.0953340334680639, 'lag_22': 0.19597479586038918, 'lag_23': 0.028920499576469052, 'lag_24': 0.6483536761415752, 'lag_25': 0.5872318140335371, 'lag_26': 0.9427139538546793, 'lag_27': 0.6393069164961654, 'lag_28': 0.26144227058009195}.
[I 2025-10-03 11:34:55,205] Trial 82 finished with values: [0.006527284681130836, 0.003221837328788719, 0.0005787223348161109, 0.005040094401638903, 0.004982121939093258, 0.00043138858452695705, 0.0024823571342461005, 0.0004286811992715215, 0.000348685085974512, 0.00018485689123351142, 0.00027316058504333804, 0.0004758510049941224, 0.01015842827574834, 0.0612953835557134, 0.0, 0.061821864224567515, 0.0028449713813419623, 0.0032741447734423146, 0.0005336391209931645, 0.012837854408976649, 0.0004259673389955955, 0.0007252131353914579, 0.00017673461963311086, 8.646524777806883e-05, 0.00022521870909291737, 0.0021776316753645444, 0.0009961700829436233, 0.0015662992495359834, 0.0017611617232639036] and parameters: {'lag_0': 0.21340723443392604, 'lag_1': 0.9566737288471479, 'lag_2': 0.616601700194076, 'lag_3': 0.8629915191408055, 'lag_4': 0.416050588522817, 'lag_5': 0.9854373940999839, 'lag_6': 0.7610413306696268, 'lag_7': 0.45662359891198057, 'lag_8': 0.13753623295416065, 'lag_9': 0.8119757022555238, 'lag_10': 0.8630843570304955, 'lag_11': 0.41791197427538807, 'lag_12': 0.6406069419168062, 'lag_13': 0.004344703517727703, 'lag_14': 0.7218047739260203, 'lag_15': 0.8912183416328385, 'lag_16': 0.14086735537415948, 'lag_17': 0.012116781413844455, 'lag_18': 0.4363337625853238, 'lag_19': 0.7060049595745217, 'lag_20': 0.23607112566614635, 'lag_21': 0.21419873797627637, 'lag_22': 0.39769693639137865, 'lag_23': 0.5838772961115732, 'lag_24': 0.06261939843628861, 'lag_25': 0.9712268142363072, 'lag_26': 0.7612717010864478, 'lag_27': 0.6338360739528893, 'lag_28': 0.43166652425683916}.
[I 2025-10-03 11:34:57,925] Trial 83 finished with values: [0.00532749835634451, 0.0017298451120209418, 0.0012293960974974322, 0.0019263240449891258, 0.0026166102069231445, 0.0013151966066476998, 0.0017101942951068278, 0.0008244838934392578, 0.00017517380501416366, 2.26988022875026e-05, 0.00027529515067797476, 0.0008507592893510073, 0.011209693951262556, 0.06047349736750955, 0.0, 0.057213875216321264, 0.0029183453974353903, 0.003059830264366902, 0.00043072461740923366, 0.011690780394715177, 0.000248132664983989, 0.0008209207117435337, 0.00011529164493354855, 0.00015305313015339303, 0.00018984178213217768, 0.002068291713981691, 0.0008869730249950148, 0.0013659427015608298, 0.0013869811694952878] and parameters: {'lag_0': 0.5070887411102738, 'lag_1': 0.4426930678453716, 'lag_2': 0.13604103916349652, 'lag_3': 0.2028700566254181, 'lag_4': 0.03437231524781693, 'lag_5': 0.5725475861422002, 'lag_6': 0.22301312707506718, 'lag_7': 0.5199766257391454, 'lag_8': 0.8519165404762415, 'lag_9': 0.9878908803478298, 'lag_10': 0.8803633998295817, 'lag_11': 0.6055505889578583, 'lag_12': 0.34827413139191976, 'lag_13': 0.286107446896928, 'lag_14': 0.5393020577106786, 'lag_15': 0.8280535501687195, 'lag_16': 0.8014268276716497, 'lag_17': 0.14843355979138492, 'lag_18': 0.45895274901724425, 'lag_19': 0.5913459970433065, 'lag_20': 0.44160400329380517, 'lag_21': 0.08176067058318597, 'lag_22': 0.5748593657519923, 'lag_23': 0.39151472668039544, 'lag_24': 0.8113688235641962, 'lag_25': 0.6489242750342569, 'lag_26': 0.06107538785654896, 'lag_27': 0.43279046978682373, 'lag_28': 0.1601345395721705}.
[I 2025-10-03 11:35:00,641] Trial 84 finished with values: [0.01951019066403682, 0.0012661381180175712, 0.00019236072404672723, 0.0010044781786036866, 0.0028580810404956344, 0.001043891500369496, 0.0030592330047396784, 0.000496379091645253, 0.00016731552646756742, 0.00019350346252125692, 0.0001413652865115084, 0.0009767963147943872, 0.010535804022562477, 0.055839473269907305, 0.0, 0.06620052238773297, 0.0029919013193061223, 0.003008310484167909, 0.0005237729177525798, 0.013311649427898378, 0.00023260843666418054, 0.0007204757251169466, 0.000551642979814771, 0.00021978697545830522, 0.00020307072676558716, 0.0016006802263128631, 0.0014753055366895037, 0.0008569803971254526, 0.0005095343282289936] and parameters: {'lag_0': 0.5133181087188803, 'lag_1': 0.5903360756866091, 'lag_2': 0.2732491936723065, 'lag_3': 0.4612778308423721, 'lag_4': 0.2933783657686813, 'lag_5': 0.9743388922875762, 'lag_6': 0.2670154703013485, 'lag_7': 0.8708656039170434, 'lag_8': 0.6950715080666019, 'lag_9': 0.8081781627347544, 'lag_10': 0.4287882274669081, 'lag_11': 0.7638480246022774, 'lag_12': 0.6223691993544406, 'lag_13': 0.25657995214256357, 'lag_14': 0.07985936257693377, 'lag_15': 0.06462281554627945, 'lag_16': 0.32288641458478645, 'lag_17': 0.5293085810905102, 'lag_18': 0.8882499646150913, 'lag_19': 0.23288187935286234, 'lag_20': 0.90390465061038, 'lag_21': 0.8455995493317304, 'lag_22': 0.4800088027195738, 'lag_23': 0.864186586748902, 'lag_24': 0.0948959894483716, 'lag_25': 0.39635480437884196, 'lag_26': 0.15386535427313205, 'lag_27': 0.7461114520829344, 'lag_28': 0.8544785333384631}.
[I 2025-10-03 11:35:03,357] Trial 85 finished with values: [0.0022353714661406967, 0.0014478636995339308, 0.003401391809828598, 0.001831596172434033, 0.0028317976281765967, 0.00059156525538722, 0.0032435761999905326, 0.0010775735734069156, 3.275651842044485e-05, 0.0005396812582881721, 0.00039099270298785543, 0.0003098045891304236, 0.008789328323773217, 0.05333529461525625, 0.0, 0.062131604172852864, 0.0028715595235353593, 0.0029785110527335663, 0.000386997947388588, 0.013669723873754614, 0.0003071891127714358, 0.000963461344043658, 0.00020505696855214963, 0.00018475018036055867, 0.0003268189832014958, 0.0016558895636168904, 0.001199248783653122, 0.0010667615761012638, 0.0009424303212414246] and parameters: {'lag_0': 0.7676650575343333, 'lag_1': 0.08702974236360056, 'lag_2': 0.9736128100195298, 'lag_3': 0.9609749602054607, 'lag_4': 0.2224004792293126, 'lag_5': 0.5558383522284271, 'lag_6': 0.8010049601426333, 'lag_7': 0.37889907404206585, 'lag_8': 0.2627261305612194, 'lag_9': 0.30262420420595404, 'lag_10': 0.2922838200378539, 'lag_11': 0.19889752186411466, 'lag_12': 0.9243869575544802, 'lag_13': 0.3735800964066519, 'lag_14': 0.2833929854792741, 'lag_15': 0.9272603233054875, 'lag_16': 0.1031477395303835, 'lag_17': 0.04934681471887944, 'lag_18': 0.0033784425101836724, 'lag_19': 0.6834002714285641, 'lag_20': 0.4252877596702451, 'lag_21': 0.3384231868824245, 'lag_22': 0.1410490102675788, 'lag_23': 0.9155324840533056, 'lag_24': 0.6180534863275521, 'lag_25': 0.296709405715495, 'lag_26': 0.5861272219193191, 'lag_27': 0.19504610283496482, 'lag_28': 0.7789875175862018}.
[I 2025-10-03 11:35:06,075] Trial 86 finished with values: [0.005917830643105368, 0.013936465185684721, 0.0005789624613323598, 0.0015330873305011723, 0.00719079732809857, 0.0005521430013314932, 0.004868922514680905, 0.000539216055178545, 0.0007544925562169615, 2.4148273717629345e-05, 0.00034129860540227716, 0.0009642725116802396, 0.011253703836127725, 0.062287025250175175, 0.0, 0.06076124066174525, 0.002750504588541354, 0.002947429027070608, 0.00046263507377971214, 0.012794116282175614, 0.0004019683304013467, 0.0010375199590919682, 0.00020368042109161175, 0.0003324498122889209, 0.00018247497369815876, 0.001649901490368893, 0.0010060365727403648, 0.0014786237626117581, 0.0003604711725543186] and parameters: {'lag_0': 0.8316071671194866, 'lag_1': 0.16605590889227434, 'lag_2': 0.8299082448994844, 'lag_3': 0.9921676215152357, 'lag_4': 0.8560176860930307, 'lag_5': 0.6665784007342929, 'lag_6': 0.03634033157482343, 'lag_7': 0.4471770069828183, 'lag_8': 0.43927682663867046, 'lag_9': 0.9637694036907394, 'lag_10': 0.029165265525858224, 'lag_11': 0.2889627609164398, 'lag_12': 0.6212860580392634, 'lag_13': 0.21802529680310181, 'lag_14': 0.36444650954890634, 'lag_15': 0.17512571103569402, 'lag_16': 0.2170208879148359, 'lag_17': 0.4383384859208371, 'lag_18': 0.6558075524472106, 'lag_19': 0.5950404112996197, 'lag_20': 0.11465406566945395, 'lag_21': 0.8602894472355804, 'lag_22': 0.4683626998984441, 'lag_23': 0.2545747063018885, 'lag_24': 0.8174525430508474, 'lag_25': 0.4899140506211316, 'lag_26': 0.08861229205279673, 'lag_27': 0.34187457216457856, 'lag_28': 0.5044797906812508}.
[I 2025-10-03 11:35:08,932] Trial 87 finished with values: [0.003266483528090433, 0.0019502567112216508, 0.0014915440506642716, 0.0018994874753702588, 0.004412048965766229, 0.00042845226277985393, 0.0017273587545712688, 0.0003082258034533756, 0.00044117501716205994, 0.00023069759206361578, 0.0001543707804596982, 0.00037190394369747437, 0.008908416617375766, 0.056488033740680156, 0.0, 0.0618232308586492, 0.002767828355833934, 0.002913653066370104, 0.0003514519723073454, 0.012508096769970245, 0.00045893475499581715, 0.0008007136109504052, 0.0002332216281505383, 0.00022143116858781443, 0.0002675844304735963, 0.0018351464105869533, 0.0009935535318922471, 0.0018241685364502839, 0.00023606773204784917] and parameters: {'lag_0': 0.8003143735119391, 'lag_1': 0.4478779615397366, 'lag_2': 0.4709588551530393, 'lag_3': 0.7947810919597023, 'lag_4': 0.3111639006787426, 'lag_5': 0.2335115619351361, 'lag_6': 0.8372233518266113, 'lag_7': 0.7627896364462996, 'lag_8': 0.9335279539553523, 'lag_9': 0.740269417938971, 'lag_10': 0.4498904130779089, 'lag_11': 0.9387235891704779, 'lag_12': 0.9488957761890826, 'lag_13': 0.11044425755236063, 'lag_14': 0.22671891711780662, 'lag_15': 0.8204272886131944, 'lag_16': 0.7202101829685764, 'lag_17': 0.08900349796223048, 'lag_18': 0.8688294891709806, 'lag_19': 0.23061321253913364, 'lag_20': 0.657082314902404, 'lag_21': 0.4248948977949057, 'lag_22': 0.8433630490321723, 'lag_23': 0.3261591168971971, 'lag_24': 0.9346999083974483, 'lag_25': 0.07595192025127355, 'lag_26': 0.6257215764004939, 'lag_27': 0.2401674082534978, 'lag_28': 0.5777231545588072}.
[I 2025-10-03 11:35:11,668] Trial 88 finished with values: [0.0037810785063532304, 0.002704350926617772, 0.0003984233511601893, 0.0010534974994233504, 0.0051596349740225065, 0.0005908287937072603, 0.0012492076604731508, 0.0007579657407117953, 0.0003505269039303108, 0.00020442804918004558, 0.0005287220103974722, 0.0002815243387334362, 0.011976490742236562, 0.05902263099083107, 0.0, 0.06196016971123871, 0.0036022365465449542, 0.0026765433752816894, 0.0006246144448510872, 0.012277777695351629, 0.0001109712582529617, 0.0006915517264829814, 0.00019104138790261324, 0.00010970086482588886, 0.0003528903071110894, 0.002254419496609221, 0.0009328199132741022, 0.0006906369942971406, 0.0010895908181635262] and parameters: {'lag_0': 0.9379735064100403, 'lag_1': 0.3993394176701775, 'lag_2': 0.03751210636682074, 'lag_3': 0.014047303644320774, 'lag_4': 0.48966353518368677, 'lag_5': 0.7232443850615227, 'lag_6': 0.8253733416891541, 'lag_7': 0.11444805610289326, 'lag_8': 0.3226349152806277, 'lag_9': 0.9785740013319078, 'lag_10': 0.0699493428168149, 'lag_11': 0.49170508699900534, 'lag_12': 0.12050750115048181, 'lag_13': 0.8989011263983808, 'lag_14': 0.9511666985499234, 'lag_15': 0.6246737775504465, 'lag_16': 0.8804143791161554, 'lag_17': 0.4500604030563409, 'lag_18': 0.3027824311561428, 'lag_19': 0.12237446386871863, 'lag_20': 0.4070763865229951, 'lag_21': 0.8702900769698236, 'lag_22': 0.864207845072583, 'lag_23': 0.9688874610861375, 'lag_24': 0.0016289399333556357, 'lag_25': 0.5911728151776501, 'lag_26': 0.9249506197839481, 'lag_27': 0.6310887497903677, 'lag_28': 0.11725542665460312}.
[I 2025-10-03 11:35:14,393] Trial 89 finished with values: [0.0081051939513478, 0.00793044712284732, 0.00022910884302180956, 0.0018725973928597778, 0.009533625290059636, 0.0008094954316369829, 0.001844285989248236, 0.00018641344444097276, 0.0008479531769308345, 0.0002275370993753727, 0.00024930119416686206, 0.0009146242644965817, 0.009603435466707763, 0.06288148450924358, 0.0, 0.06585879422935154, 0.0031772381887840893, 0.003118210213211844, 0.00030939309452643863, 0.013096251031756313, 0.00011024561183494688, 0.001126203453321964, 0.0003321403847786285, 0.0002563302939574272, 0.00016348588803720985, 0.0025765330707043363, 0.0016116325821735813, 0.0012674186323643403, 0.001024210891038348] and parameters: {'lag_0': 0.8608791686325802, 'lag_1': 0.6166520239521023, 'lag_2': 0.8664273251153064, 'lag_3': 0.502718853006146, 'lag_4': 0.8395193906910875, 'lag_5': 0.9854729808895428, 'lag_6': 0.5042898218179311, 'lag_7': 0.45662359891198057, 'lag_8': 0.7764525964249801, 'lag_9': 0.13722525483369782, 'lag_10': 0.30038872070703687, 'lag_11': 0.41791197427538807, 'lag_12': 0.6912559185504771, 'lag_13': 0.9083014777974493, 'lag_14': 0.3233063325910592, 'lag_15': 0.5390143200926693, 'lag_16': 0.9922483285288916, 'lag_17': 0.012116781413844455, 'lag_18': 0.4363337625853238, 'lag_19': 0.4448947133126767, 'lag_20': 0.142711861167803, 'lag_21': 0.3164393105192969, 'lag_22': 0.5947764452041348, 'lag_23': 0.45048378100445857, 'lag_24': 0.5654021289309851, 'lag_25': 0.9712268142363072, 'lag_26': 0.5589599432917756, 'lag_27': 0.4275997429671067, 'lag_28': 0.43166652425683916}.
