[I 2025-09-29 11:58:05,435] Trial 45 finished with value: 0.007073857366991896 and parameters: {'lag_0': 0.9447863488838288, 'lag_1': 0.6836052977167216, 'lag_2': 0.35586162996395226, 'lag_3': 0.43412517543907686, 'lag_4': 0.42882555494710434, 'lag_5': 0.8947882231483018, 'lag_6': 0.17348719892477843, 'lag_7': 0.30259634786930223, 'lag_8': 0.09609050558087323, 'lag_9': 0.7804684192169848, 'lag_10': 0.5140559859437009, 'lag_11': 0.3789012705679849, 'lag_12': 0.8018432153041213, 'lag_13': 0.038927777760779325, 'lag_14': 0.72108141406707, 'lag_15': 0.9481372338977119, 'lag_16': 0.21806056285432338, 'lag_17': 0.28396834665285636, 'lag_18': 0.20512248439440622, 'lag_19': 0.7392660879775839, 'lag_20': 0.47945585831762433, 'lag_21': 0.05199098721461405, 'lag_22': 0.1729028399404442, 'lag_23': 0.7378832374489332, 'lag_24': 0.02565949505968433, 'lag_25': 0.7456403288638437, 'lag_26': 0.8053986067853246, 'lag_27': 0.9276966516397771, 'lag_28': 0.005362852837603016}. Best is trial 10 with value: 0.006620503850142391.
[I 2025-09-29 11:58:07,944] Trial 46 finished with value: 0.006791789275791641 and parameters: {'lag_0': 0.7143686102956814, 'lag_1': 0.950110712925228, 'lag_2': 0.06278015353181657, 'lag_3': 0.6561902601095595, 'lag_4': 0.561647686900924, 'lag_5': 0.8003007376871065, 'lag_6': 0.8939573886388614, 'lag_7': 0.3520958444691519, 'lag_8': 0.6661139957232334, 'lag_9': 0.9984585516575023, 'lag_10': 0.8792819448753133, 'lag_11': 0.2257205515621835, 'lag_12': 0.9483504643981745, 'lag_13': 0.32881462998273137, 'lag_14': 0.42149228435201896, 'lag_15': 0.7845697077763191, 'lag_16': 0.3928164880460595, 'lag_17': 0.2138196299447489, 'lag_18': 0.8146037870201602, 'lag_19': 0.5996597310343965, 'lag_20': 0.25375613757050886, 'lag_21': 0.603518742013112, 'lag_22': 0.23834379035596595, 'lag_23': 0.6763047566282132, 'lag_24': 0.09444029360570932, 'lag_25': 0.10330303300287386, 'lag_26': 0.9626958921809324, 'lag_27': 0.7221591843287813, 'lag_28': 0.9531074223034672}. Best is trial 10 with value: 0.006620503850142391.
[I 2025-09-29 11:58:10,454] Trial 47 finished with value: 0.00703934435946794 and parameters: {'lag_0': 0.7438787516949602, 'lag_1': 0.9489390482518942, 'lag_2': 0.09280948283907568, 'lag_3': 0.8383443233651233, 'lag_4': 0.36840540827689416, 'lag_5': 0.8071323426250077, 'lag_6': 0.9631363419280086, 'lag_7': 0.23358033881053925, 'lag_8': 0.8505351016898871, 'lag_9': 0.6829316074616021, 'lag_10': 0.8654012853253003, 'lag_11': 0.08270218852416894, 'lag_12': 0.9903337880120107, 'lag_13': 0.5549772942688205, 'lag_14': 0.5275145570509091, 'lag_15': 0.7741335964721201, 'lag_16': 0.5974572658802281, 'lag_17': 0.4639720110439026, 'lag_18': 0.7831652330642572, 'lag_19': 0.6611562176755471, 'lag_20': 0.3881368397745666, 'lag_21': 0.5627564510606469, 'lag_22': 0.3159937444330663, 'lag_23': 0.6794136330157101, 'lag_24': 0.24129837335169213, 'lag_25': 0.008541099483332551, 'lag_26': 0.6897438706661111, 'lag_27': 0.6463988811966324, 'lag_28': 0.9856875595113425}. Best is trial 10 with value: 0.006620503850142391.
[I 2025-09-29 11:58:12,967] Trial 48 finished with value: 0.006944952543759572 and parameters: {'lag_0': 0.9995502616199188, 'lag_1': 0.995166693360692, 'lag_2': 0.4445002761451114, 'lag_3': 0.7584395245438913, 'lag_4': 0.2996108070627912, 'lag_5': 0.8639698972097035, 'lag_6': 0.8065821900895014, 'lag_7': 0.8873644438490237, 'lag_8': 0.7280973521715276, 'lag_9': 0.8771885393007542, 'lag_10': 0.9989125292697377, 'lag_11': 0.18616173062284663, 'lag_12': 0.941702635860779, 'lag_13': 0.3563899720035354, 'lag_14': 0.4158762938906587, 'lag_15': 0.7175918712146946, 'lag_16': 0.2946257872077512, 'lag_17': 0.21004097197147734, 'lag_18': 0.8108181538642221, 'lag_19': 0.7801306561412666, 'lag_20': 0.254595121784603, 'lag_21': 0.6499222665070705, 'lag_22': 0.4235897706820013, 'lag_23': 0.41675104453709555, 'lag_24': 0.09419750709367414, 'lag_25': 0.8010462628778111, 'lag_26': 0.9890905217517829, 'lag_27': 0.7160492748823465, 'lag_28': 0.9396084100938975}. Best is trial 10 with value: 0.006620503850142391.
[I 2025-09-29 11:58:15,479] Trial 49 finished with value: 0.006874432252134783 and parameters: {'lag_0': 0.8224190670527491, 'lag_1': 0.8212594493106389, 'lag_2': 0.012364602180907916, 'lag_3': 0.667374543720078, 'lag_4': 0.49875217936213606, 'lag_5': 0.7897022955997784, 'lag_6': 0.8654153236241208, 'lag_7': 0.3600150050512999, 'lag_8': 0.0001590041339102899, 'lag_9': 0.8198365011867654, 'lag_10': 0.33879026123090106, 'lag_11': 0.2488781570041833, 'lag_12': 0.5836210443109768, 'lag_13': 0.16752338609095932, 'lag_14': 0.33452517294663575, 'lag_15': 0.9451463501965569, 'lag_16': 0.4073233742969924, 'lag_17': 0.29251925343552065, 'lag_18': 0.6573437886918949, 'lag_19': 0.8677625524894939, 'lag_20': 0.3295945666060569, 'lag_21': 0.7197269031054424, 'lag_22': 0.1512467064556773, 'lag_23': 0.5209124543232745, 'lag_24': 0.14845845211020647, 'lag_25': 0.6388718524460559, 'lag_26': 0.5006308298759623, 'lag_27': 0.40608361764705037, 'lag_28': 0.9442115836594289}. Best is trial 10 with value: 0.006620503850142391.
[I 2025-09-29 11:58:17,994] Trial 50 finished with value: 0.007034315007917119 and parameters: {'lag_0': 0.71319273292638, 'lag_1': 0.8791299005351055, 'lag_2': 0.882687821895095, 'lag_3': 0.8120629728330387, 'lag_4': 0.562126512906334, 'lag_5': 0.08203814254112429, 'lag_6': 0.69623648418349, 'lag_7': 0.29324774518182084, 'lag_8': 0.37575163747214213, 'lag_9': 0.5512532483237811, 'lag_10': 0.9087899242454214, 'lag_11': 0.022677207415231715, 'lag_12': 0.12428909193214138, 'lag_13': 0.03410114809594661, 'lag_14': 0.47489598648262626, 'lag_15': 0.8012645125024916, 'lag_16': 0.45761795373883785, 'lag_17': 0.17918124336803432, 'lag_18': 0.8720116711894387, 'lag_19': 0.5428324049992813, 'lag_20': 0.21852063856844023, 'lag_21': 0.8252904158177512, 'lag_22': 0.053083066848512606, 'lag_23': 0.6526187598175983, 'lag_24': 0.2946575543097194, 'lag_25': 0.07344192697363223, 'lag_26': 0.832827210355867, 'lag_27': 0.12558733445096998, 'lag_28': 0.8432452594638522}. Best is trial 10 with value: 0.006620503850142391.
[I 2025-09-29 11:58:20,501] Trial 51 finished with value: 0.006843681402618281 and parameters: {'lag_0': 0.8711336065204337, 'lag_1': 0.7743666760663503, 'lag_2': 0.03467625269417246, 'lag_3': 0.6352429355198481, 'lag_4': 0.6497881000283463, 'lag_5': 0.9530998759621907, 'lag_6': 0.1369157374474099, 'lag_7': 0.440076560534887, 'lag_8': 0.6613560297262877, 'lag_9': 0.995387765591737, 'lag_10': 0.6010959135157945, 'lag_11': 0.5467767610206228, 'lag_12': 0.9508133689575002, 'lag_13': 0.32183799674832825, 'lag_14': 0.5270447235175056, 'lag_15': 0.8629846971451931, 'lag_16': 0.3735086482645582, 'lag_17': 0.04384244155184781, 'lag_18': 0.9183932117947708, 'lag_19': 0.5942922162581319, 'lag_20': 0.1654950981790526, 'lag_21': 0.5362230272487257, 'lag_22': 0.2365300328702798, 'lag_23': 0.8067868566828615, 'lag_24': 0.09087393287130062, 'lag_25': 0.2209958389628388, 'lag_26': 0.9587895096042296, 'lag_27': 0.8303831545486212, 'lag_28': 0.7812787278916274}. Best is trial 10 with value: 0.006620503850142391.
[I 2025-09-29 11:58:23,012] Trial 52 finished with value: 0.006876923787383171 and parameters: {'lag_0': 0.7821536109038761, 'lag_1': 0.6702562655792157, 'lag_2': 0.14867789743244464, 'lag_3': 0.6864134471574938, 'lag_4': 0.725363091890069, 'lag_5': 0.9213351151407175, 'lag_6': 0.319906761394835, 'lag_7': 0.39231814832877593, 'lag_8': 0.6057598153118441, 'lag_9': 0.9472200381450655, 'lag_10': 0.7510173154145837, 'lag_11': 0.33726198260813345, 'lag_12': 0.8667875350179091, 'lag_13': 0.23326236508406728, 'lag_14': 0.44697484517691244, 'lag_15': 0.9105347976197992, 'lag_16': 0.3015882079257949, 'lag_17': 0.14923787307039207, 'lag_18': 0.04652452430932963, 'lag_19': 0.6248487786247431, 'lag_20': 0.030367268235057004, 'lag_21': 0.41507794130767633, 'lag_22': 0.23189572118978707, 'lag_23': 0.8711107173697317, 'lag_24': 0.17612671488639217, 'lag_25': 0.12515757832872113, 'lag_26': 0.9002112183423719, 'lag_27': 0.781178875926837, 'lag_28': 0.6120902151430407}. Best is trial 10 with value: 0.006620503850142391.
[I 2025-09-29 11:58:25,520] Trial 53 finished with value: 0.006867616152322384 and parameters: {'lag_0': 0.589127797404884, 'lag_1': 0.7442043620363044, 'lag_2': 0.22928342894249737, 'lag_3': 0.5339123936090141, 'lag_4': 0.46664235760828776, 'lag_5': 0.9668762019073003, 'lag_6': 0.032924924116075616, 'lag_7': 0.47159194605899585, 'lag_8': 0.7946106249738051, 'lag_9': 0.8982130105528003, 'lag_10': 0.6757473130781465, 'lag_11': 0.4503725778401511, 'lag_12': 0.9997253878945903, 'lag_13': 0.44328904051820367, 'lag_14': 0.7168231799799551, 'lag_15': 0.9646144979255016, 'lag_16': 0.3875919255635994, 'lag_17': 0.0977115435734252, 'lag_18': 0.1306141910342725, 'lag_19': 0.8320981694448012, 'lag_20': 0.11001949778713609, 'lag_21': 0.6088667767206255, 'lag_22': 0.37630334042427255, 'lag_23': 0.9600953155871348, 'lag_24': 0.0038190212170491136, 'lag_25': 0.06201956042945625, 'lag_26': 0.7459942588425048, 'lag_27': 0.7301850633828437, 'lag_28': 0.6845416239425051}. Best is trial 10 with value: 0.006620503850142391.
[I 2025-09-29 11:58:28,032] Trial 54 finished with value: 0.006835708424428341 and parameters: {'lag_0': 0.9623577257828877, 'lag_1': 0.6406882338168918, 'lag_2': 0.09553678881093552, 'lag_3': 0.9265901139862031, 'lag_4': 0.5261258002369371, 'lag_5': 0.8947946963762787, 'lag_6': 0.6690565077105975, 'lag_7': 0.5842874340417878, 'lag_8': 0.4903711072137288, 'lag_9': 0.8460238998296161, 'lag_10': 0.7023802105240481, 'lag_11': 0.6878649859615762, 'lag_12': 0.9179870290648776, 'lag_13': 0.12330503893069654, 'lag_14': 0.6269598366703812, 'lag_15': 0.8381294414704098, 'lag_16': 0.3471992674606268, 'lag_17': 0.2419577866866746, 'lag_18': 0.5622514487911611, 'lag_19': 0.4947514685481856, 'lag_20': 0.1711758863318684, 'lag_21': 0.04291091353183096, 'lag_22': 0.30835492573507206, 'lag_23': 0.74856162365607, 'lag_24': 0.04837422619171598, 'lag_25': 0.16151022819695227, 'lag_26': 0.8009883033023686, 'lag_27': 0.6728817915393736, 'lag_28': 0.8025920456705659}. Best is trial 10 with value: 0.006620503850142391.
[I 2025-09-29 11:58:30,547] Trial 55 finished with value: 0.006976209855850393 and parameters: {'lag_0': 0.6403128292415412, 'lag_1': 0.9542496789922834, 'lag_2': 0.6671188624954668, 'lag_3': 0.7777786548476895, 'lag_4': 0.9173807483565349, 'lag_5': 0.8595441023463228, 'lag_6': 0.510398795468636, 'lag_7': 0.5266565324000945, 'lag_8': 0.9026148128312153, 'lag_9': 0.9556658871458448, 'lag_10': 0.8617109868642262, 'lag_11': 0.2659903469869545, 'lag_12': 0.7775326827888673, 'lag_13': 0.5295551619335266, 'lag_14': 0.5546700151721516, 'lag_15': 0.9990430990401156, 'lag_16': 0.5258665710433067, 'lag_17': 0.03296530334882636, 'lag_18': 0.2926680823002249, 'lag_19': 0.7167880848898343, 'lag_20': 0.2594960024782277, 'lag_21': 0.49005873442975245, 'lag_22': 0.20789200511581843, 'lag_23': 0.8462569527160304, 'lag_24': 0.13397285280569554, 'lag_25': 0.24734932835138992, 'lag_26': 0.9586467583064802, 'lag_27': 0.8545943531678756, 'lag_28': 0.8835238547808667}. Best is trial 10 with value: 0.006620503850142391.
[I 2025-09-29 11:58:33,063] Trial 56 finished with value: 0.007067438463367358 and parameters: {'lag_0': 0.47612206712122745, 'lag_1': 0.12283196128668222, 'lag_2': 0.05209610581054993, 'lag_3': 0.8382473837606351, 'lag_4': 0.7809974848136693, 'lag_5': 0.27552292312617244, 'lag_6': 0.42147514310745104, 'lag_7': 0.9275708876728042, 'lag_8': 0.6813481710585152, 'lag_9': 0.9925245384969846, 'lag_10': 0.003793310161135155, 'lag_11': 0.7716023343390553, 'lag_12': 0.8373901801894043, 'lag_13': 0.0020920202913013025, 'lag_14': 0.398537157830286, 'lag_15': 0.9249663487591553, 'lag_16': 0.24147984731056227, 'lag_17': 0.3679509485250817, 'lag_18': 0.16088433096713972, 'lag_19': 0.0031162647667080934, 'lag_20': 0.9215306299329782, 'lag_21': 0.7030960731025451, 'lag_22': 0.0036882348017856503, 'lag_23': 0.9575369898655877, 'lag_24': 0.2390862477238865, 'lag_25': 0.08879377346176595, 'lag_26': 0.8741925598317256, 'lag_27': 0.014679391802942365, 'lag_28': 0.6403081504932432}. Best is trial 10 with value: 0.006620503850142391.
[I 2025-09-29 11:58:35,572] Trial 57 finished with value: 0.007185571253432159 and parameters: {'lag_0': 0.8947410662790619, 'lag_1': 0.855563596266759, 'lag_2': 0.5380878404145133, 'lag_3': 0.6080826157085915, 'lag_4': 0.590230343201855, 'lag_5': 0.7289226386332747, 'lag_6': 0.12322043813600303, 'lag_7': 0.7692559114678821, 'lag_8': 0.2667554357893076, 'lag_9': 0.8977279917989112, 'lag_10': 0.8010474484063373, 'lag_11': 0.9605958527457451, 'lag_12': 0.9625099458222917, 'lag_13': 0.2600242536176718, 'lag_14': 0.0005339766105484922, 'lag_15': 0.8845505097096675, 'lag_16': 0.2882628922475468, 'lag_17': 0.7367253956476191, 'lag_18': 0.9978104810320958, 'lag_19': 0.44714759273381444, 'lag_20': 0.641569150624973, 'lag_21': 0.35022925357604134, 'lag_22': 0.10712411652772418, 'lag_23': 0.8927845601501718, 'lag_24': 0.08383167372382516, 'lag_25': 0.5686190948034967, 'lag_26': 0.3194591881239721, 'lag_27': 0.9672119215568632, 'lag_28': 0.7334311474961043}. Best is trial 10 with value: 0.006620503850142391.
[I 2025-09-29 11:58:38,087] Trial 58 finished with value: 0.007257826453459862 and parameters: {'lag_0': 0.8363370104425429, 'lag_1': 0.9196324200110849, 'lag_2': 0.0586781519739845, 'lag_3': 0.15900728517987262, 'lag_4': 0.6595528504175642, 'lag_5': 0.9731821244192631, 'lag_6': 0.2908062421720933, 'lag_7': 0.6805800567069235, 'lag_8': 0.5767617751428389, 'lag_9': 0.7934837835405377, 'lag_10': 0.5830499901064753, 'lag_11': 0.07537443053730974, 'lag_12': 0.7243302319239746, 'lag_13': 0.06219705742756809, 'lag_14': 0.6769337176951126, 'lag_15': 0.8225642963531636, 'lag_16': 0.4511400076669077, 'lag_17': 0.19303244923133472, 'lag_18': 0.34438889447335097, 'lag_19': 0.09710381226526936, 'lag_20': 0.30156545256945533, 'lag_21': 0.0819923600359943, 'lag_22': 0.4124100865099267, 'lag_23': 0.7785246193033976, 'lag_24': 0.38976095770704267, 'lag_25': 0.41694245162980864, 'lag_26': 0.8438929624635845, 'lag_27': 0.5624768392670462, 'lag_28': 0.5830082183069546}. Best is trial 10 with value: 0.006620503850142391.
[I 2025-09-29 11:58:40,601] Trial 59 finished with value: 0.007126576785189775 and parameters: {'lag_0': 0.7183593266355619, 'lag_1': 0.7994566382156644, 'lag_2': 0.3362096980023659, 'lag_3': 0.40168159193715325, 'lag_4': 0.5058649301009802, 'lag_5': 0.8128090607787261, 'lag_6': 0.4696962827263132, 'lag_7': 0.34564209663585116, 'lag_8': 0.6315545574537726, 'lag_9': 0.9440812451364091, 'lag_10': 0.6327855385523703, 'lag_11': 0.39643017944673103, 'lag_12': 0.9004823557605641, 'lag_13': 0.1852267625271135, 'lag_14': 0.7931256224319632, 'lag_15': 0.4509777526855695, 'lag_16': 0.9736668903916654, 'lag_17': 0.16001545105539683, 'lag_18': 0.12139660520498437, 'lag_19': 0.9471609088953572, 'lag_20': 0.19614709000000502, 'lag_21': 0.1432052627368452, 'lag_22': 0.3425727882673987, 'lag_23': 0.4568061748704254, 'lag_24': 0.9151403414746634, 'lag_25': 0.8386552968008644, 'lag_26': 0.9075192378711882, 'lag_27': 0.907939528303368, 'lag_28': 0.8523590042983136}. Best is trial 10 with value: 0.006620503850142391.
[I 2025-09-29 11:58:43,109] Trial 60 finished with value: 0.006897736449117989 and parameters: {'lag_0': 0.5092818235092059, 'lag_1': 0.722674008408485, 'lag_2': 0.41205522526526805, 'lag_3': 0.9762691126119193, 'lag_4': 0.5523571365088775, 'lag_5': 0.9125704695453606, 'lag_6': 0.003152301224635362, 'lag_7': 0.409072534323855, 'lag_8': 0.3623366394225001, 'lag_9': 0.8696968325569536, 'lag_10': 0.7325790842208835, 'lag_11': 0.894324449521228, 'lag_12': 0.6728187326080084, 'lag_13': 0.10748653011891468, 'lag_14': 0.3512528885449831, 'lag_15': 0.9646998224614667, 'lag_16': 0.18158951255535788, 'lag_17': 0.07101738212325562, 'lag_18': 0.24706187130429172, 'lag_19': 0.6916322296527093, 'lag_20': 0.138358315605154, 'lag_21': 0.17697268281917677, 'lag_22': 0.2691189584760768, 'lag_23': 0.5848103620812319, 'lag_24': 0.03547555155104136, 'lag_25': 0.6499945070624089, 'lag_26': 0.9659357486112039, 'lag_27': 0.8076458223657548, 'lag_28': 0.5286151431543499}. Best is trial 10 with value: 0.006620503850142391.
[I 2025-09-29 11:58:45,621] Trial 61 finished with value: 0.007019206706177358 and parameters: {'lag_0': 0.9722473791984297, 'lag_1': 0.6607844180296755, 'lag_2': 0.5513061733260742, 'lag_3': 0.8275824485262914, 'lag_4': 0.4497888659423872, 'lag_5': 0.9803780301599191, 'lag_6': 0.129001151225078, 'lag_7': 0.37326660307294807, 'lag_8': 0.35839637248346023, 'lag_9': 0.8279880239597379, 'lag_10': 0.3529498875152373, 'lag_11': 0.5022399882948765, 'lag_12': 0.9951197763892844, 'lag_13': 0.02279349573801618, 'lag_14': 0.8722673533555872, 'lag_15': 0.8502159518258892, 'lag_16': 0.5610339353399164, 'lag_17': 0.0025521050786415367, 'lag_18': 0.1809835267692224, 'lag_19': 0.8108398083662401, 'lag_20': 0.2234454531811688, 'lag_21': 0.3698045438111504, 'lag_22': 0.3826532974273884, 'lag_23': 0.9767453033494102, 'lag_24': 0.14477712016557165, 'lag_25': 0.008551368918241861, 'lag_26': 0.7894796527948912, 'lag_27': 0.8588289537938446, 'lag_28': 0.6759365926613008}. Best is trial 10 with value: 0.006620503850142391.
[I 2025-09-29 11:58:48,136] Trial 62 finished with value: 0.0071834427614018825 and parameters: {'lag_0': 0.9960898975944888, 'lag_1': 0.5926772745577374, 'lag_2': 0.5097153105074653, 'lag_3': 0.02443570363980857, 'lag_4': 0.49924911285118534, 'lag_5': 0.997965181722558, 'lag_6': 0.20718705708297705, 'lag_7': 0.3123479744748881, 'lag_8': 0.40757206370526233, 'lag_9': 0.7391897417086104, 'lag_10': 0.41536057448264474, 'lag_11': 0.5439124777947758, 'lag_12': 0.9632634256419305, 'lag_13': 0.1401876780191985, 'lag_14': 0.8115620484674261, 'lag_15': 0.7990571920510651, 'lag_16': 0.9306761645795085, 'lag_17': 0.1284043493694762, 'lag_18': 0.09552448764757084, 'lag_19': 0.6190261015824267, 'lag_20': 0.3279924564865061, 'lag_21': 0.2787265227347368, 'lag_22': 0.43666129406969745, 'lag_23': 0.9235257659137556, 'lag_24': 0.12913775489268803, 'lag_25': 0.0916399288070435, 'lag_26': 0.7170916517746753, 'lag_27': 0.8265483934574488, 'lag_28': 0.7547534867810249}. Best is trial 10 with value: 0.006620503850142391.
[I 2025-09-29 11:58:50,644] Trial 63 finished with value: 0.006956260879807416 and parameters: {'lag_0': 0.8784247195582323, 'lag_1': 0.6990013248071993, 'lag_2': 0.612797080193101, 'lag_3': 0.8877123196982242, 'lag_4': 0.6173345737492868, 'lag_5': 0.8705349689166615, 'lag_6': 0.08364335972046688, 'lag_7': 0.45105042227860537, 'lag_8': 0.5407129637968313, 'lag_9': 0.9021553154096731, 'lag_10': 0.23512034236925955, 'lag_11': 0.6304625184265236, 'lag_12': 0.9161193769834606, 'lag_13': 0.07839747656455284, 'lag_14': 0.8591150982610326, 'lag_15': 0.722265361283471, 'lag_16': 0.8687427925941122, 'lag_17': 0.2671124428686698, 'lag_18': 0.0364837986006908, 'lag_19': 0.9023156944161601, 'lag_20': 0.24552935292141315, 'lag_21': 0.4121674809603862, 'lag_22': 0.49257281101307104, 'lag_23': 0.9306673855507276, 'lag_24': 0.1876611517545221, 'lag_25': 0.048069167257004976, 'lag_26': 0.8343679694339895, 'lag_27': 0.7529164605703339, 'lag_28': 0.4616690350271658}. Best is trial 10 with value: 0.006620503850142391.
[I 2025-09-29 11:58:53,158] Trial 64 finished with value: 0.006799747162901973 and parameters: {'lag_0': 0.9172023850361558, 'lag_1': 0.5160732899384702, 'lag_2': 0.6476934951158609, 'lag_3': 0.7067215151982359, 'lag_4': 0.388436710403517, 'lag_5': 0.9276276067747802, 'lag_6': 0.24241903211975804, 'lag_7': 0.8201714346816339, 'lag_8': 0.3318474575031878, 'lag_9': 0.842503193331325, 'lag_10': 0.5536456018612855, 'lag_11': 0.3367553739077117, 'lag_12': 0.862420281302164, 'lag_13': 0.038991468992929226, 'lag_14': 0.3057557632227746, 'lag_15': 0.9295415934682122, 'lag_16': 0.7081017528391029, 'lag_17': 0.19579622976904917, 'lag_18': 0.1376985745337792, 'lag_19': 0.7789457529632748, 'lag_20': 0.3881239174916572, 'lag_21': 0.3162196298795015, 'lag_22': 0.521241765856868, 'lag_23': 0.8721276446353415, 'lag_24': 0.6411920621620706, 'lag_25': 7.600687896124579e-05, 'lag_26': 0.6663336676962575, 'lag_27': 0.7864413644866663, 'lag_28': 0.6526643182009535}. Best is trial 10 with value: 0.006620503850142391.
[I 2025-09-29 11:58:55,666] Trial 65 finished with value: 0.007068862973308147 and parameters: {'lag_0': 0.7999208065702467, 'lag_1': 0.5579151881869057, 'lag_2': 0.7042633087353639, 'lag_3': 0.7110566304494272, 'lag_4': 0.40327131947990585, 'lag_5': 0.9175351253189878, 'lag_6': 0.25601080407915094, 'lag_7': 0.8027805143654942, 'lag_8': 0.2588075329997368, 'lag_9': 0.7673671513846307, 'lag_10': 0.5350350727361308, 'lag_11': 0.2071444004386228, 'lag_12': 0.860297582313198, 'lag_13': 0.04835473497145516, 'lag_14': 0.30444645708011275, 'lag_15': 0.9088613823956101, 'lag_16': 0.6935920251011185, 'lag_17': 0.4332893244555678, 'lag_18': 0.2408134679264025, 'lag_19': 0.5846426406947552, 'lag_20': 0.39625796708936156, 'lag_21': 0.22814746508056125, 'lag_22': 0.5309911466705807, 'lag_23': 0.8749819476042714, 'lag_24': 0.6754624254199529, 'lag_25': 0.04039510521187126, 'lag_26': 0.6666627498582037, 'lag_27': 0.6184246042457158, 'lag_28': 0.9601310298908935}. Best is trial 10 with value: 0.006620503850142391.
