2025-09-29 12:50:08,033 - distributed.nanny - INFO -         Start Nanny at: 'tcp://192.168.86.140:38658'
2025-09-29 12:50:09,519 - distributed.worker - INFO -       Start worker at: tcp://192.168.86.140:44271
2025-09-29 12:50:09,519 - distributed.worker - INFO -          Listening to: tcp://192.168.86.140:44271
2025-09-29 12:50:09,519 - distributed.worker - INFO -           Worker name:             SLURMCluster-3
2025-09-29 12:50:09,519 - distributed.worker - INFO -          dashboard at:       192.168.86.140:39895
2025-09-29 12:50:09,520 - distributed.worker - INFO - Waiting to connect to: tcp://192.168.86.101:39990
2025-09-29 12:50:09,520 - distributed.worker - INFO - -------------------------------------------------
2025-09-29 12:50:09,520 - distributed.worker - INFO -               Threads:                          1
2025-09-29 12:50:09,520 - distributed.worker - INFO -                Memory:                   9.31 GiB
2025-09-29 12:50:09,520 - distributed.worker - INFO -       Local Directory: /home1/zrentala/dask-worker-space/dask-scratch-space/worker-vm_l6guf
2025-09-29 12:50:09,520 - distributed.worker - INFO - -------------------------------------------------
2025-09-29 12:50:09,857 - distributed.worker - INFO - Starting Worker plugin shuffle
2025-09-29 12:50:09,857 - distributed.worker - INFO -         Registered to: tcp://192.168.86.101:39990
2025-09-29 12:50:09,857 - distributed.worker - INFO - -------------------------------------------------
2025-09-29 12:50:09,858 - distributed.core - INFO - Starting established connection to tcp://192.168.86.101:39990
[I 2025-09-29 12:50:09,949] A new study created in memory with name: no-name-6861e267-b580-4833-8229-fd9bba3d7a45
[I 2025-09-29 12:50:12,771] Trial 0 finished with value: 0.0041915283042483036 and parameters: {'lag_0': 0.22037417611568122, 'lag_1': 0.9353986268380192, 'lag_2': 0.33844549300904747, 'lag_3': 0.33024444609047804, 'lag_4': 0.6961345580214787, 'lag_5': 0.09690679386661823, 'lag_6': 0.8519097889333368, 'lag_7': 0.2609457067461437, 'lag_8': 0.9813805239638613, 'lag_9': 0.2343976873287149, 'lag_10': 0.8365143453842525, 'lag_11': 0.5755679496215418, 'lag_12': 0.7237056416446785, 'lag_13': 0.8101166679918093, 'lag_14': 0.6638829156390288, 'lag_15': 0.3271844821677233, 'lag_16': 0.15532912008897717, 'lag_17': 0.3705600019200226, 'lag_18': 0.31342467294243714, 'lag_19': 0.22208491434505123, 'lag_20': 0.7429163199614555, 'lag_21': 0.7904755361361222, 'lag_22': 0.5481969566933281, 'lag_23': 0.40138538078004543, 'lag_24': 0.31776190146235134, 'lag_25': 0.07305592159406198, 'lag_26': 0.5568779569269362, 'lag_27': 0.009292617200376831, 'lag_28': 0.5941613902588575}. Best is trial 0 with value: 0.0041915283042483036.
[I 2025-09-29 12:50:15,558] Trial 1 finished with value: 0.003991339002756883 and parameters: {'lag_0': 0.3039771827265624, 'lag_1': 0.8567381924283972, 'lag_2': 0.06547787029501524, 'lag_3': 0.08679259199566183, 'lag_4': 0.19710334577281946, 'lag_5': 0.3161771803512194, 'lag_6': 0.8005278859372138, 'lag_7': 0.13070729074264684, 'lag_8': 0.5779045804499681, 'lag_9': 0.8502920455625715, 'lag_10': 0.1065510444321697, 'lag_11': 0.0242029602159228, 'lag_12': 0.07240625627133493, 'lag_13': 0.9354907549392438, 'lag_14': 0.17906768518365085, 'lag_15': 0.5475502233795492, 'lag_16': 0.9760557111808088, 'lag_17': 0.869182260451426, 'lag_18': 0.8911799463844172, 'lag_19': 0.23284381661776898, 'lag_20': 0.5913175309458542, 'lag_21': 0.7257419356929398, 'lag_22': 0.33979831993544707, 'lag_23': 0.548625798848716, 'lag_24': 0.0029231544874001813, 'lag_25': 0.032115057940691444, 'lag_26': 0.5835380789885469, 'lag_27': 0.9022822120248177, 'lag_28': 0.7996734576320199}. Best is trial 1 with value: 0.003991339002756883.
[I 2025-09-29 12:50:18,275] Trial 2 finished with value: 0.004194809010701217 and parameters: {'lag_0': 0.21670727958865363, 'lag_1': 0.722987495651736, 'lag_2': 0.017229675013756697, 'lag_3': 0.9176225329678157, 'lag_4': 0.09932406470055197, 'lag_5': 0.6663290058736727, 'lag_6': 0.7169398617492914, 'lag_7': 0.8321757256855542, 'lag_8': 0.7875448971136992, 'lag_9': 0.9061350632527897, 'lag_10': 0.2049841659125792, 'lag_11': 0.9136024874786266, 'lag_12': 0.5483254206530397, 'lag_13': 0.7621720785076438, 'lag_14': 0.5132902918134882, 'lag_15': 0.047140689865993256, 'lag_16': 0.1399676735402397, 'lag_17': 0.6622368069153505, 'lag_18': 0.11963961249469754, 'lag_19': 0.006131673413857621, 'lag_20': 0.3787184539590076, 'lag_21': 0.936696825755341, 'lag_22': 0.409768505668624, 'lag_23': 0.8601684606850086, 'lag_24': 0.9455665105762204, 'lag_25': 0.13370205491609646, 'lag_26': 0.5062714288539245, 'lag_27': 0.4287484667654718, 'lag_28': 0.3886332856995739}. Best is trial 1 with value: 0.003991339002756883.
[I 2025-09-29 12:50:20,688] Trial 3 finished with value: 0.004889383468592303 and parameters: {'lag_0': 0.0906565266786684, 'lag_1': 0.5599100634235779, 'lag_2': 0.28043044743537376, 'lag_3': 0.2046233815556331, 'lag_4': 0.5611208032489444, 'lag_5': 0.07130786441170828, 'lag_6': 0.6734239931145541, 'lag_7': 0.1047563422441899, 'lag_8': 0.5852709560441481, 'lag_9': 0.4651252069910186, 'lag_10': 0.06731072230482292, 'lag_11': 0.1978073466589275, 'lag_12': 0.24330673371147335, 'lag_13': 0.21215660265045597, 'lag_14': 0.7844414787234375, 'lag_15': 0.18001512628519636, 'lag_16': 0.5884603970739206, 'lag_17': 0.3726569430853066, 'lag_18': 0.44245943717224884, 'lag_19': 0.47102488071563825, 'lag_20': 0.24697874219459934, 'lag_21': 0.6582867926344377, 'lag_22': 0.5850322887559984, 'lag_23': 0.5272666514210667, 'lag_24': 0.5164703940465546, 'lag_25': 0.5011766074350769, 'lag_26': 0.6847196094901444, 'lag_27': 0.7353445544819952, 'lag_28': 0.24616314767990558}. Best is trial 1 with value: 0.003991339002756883.
[I 2025-09-29 12:50:23,149] Trial 4 finished with value: 0.0045622450423774144 and parameters: {'lag_0': 0.0967576013510116, 'lag_1': 0.9152599104079276, 'lag_2': 0.11993462425865924, 'lag_3': 0.15492486449820803, 'lag_4': 0.5797268140418681, 'lag_5': 0.5606079844926516, 'lag_6': 0.9888846808955822, 'lag_7': 0.44995705630811406, 'lag_8': 0.7927958762137995, 'lag_9': 0.8452588732785968, 'lag_10': 0.30435264328886075, 'lag_11': 0.3412539401383368, 'lag_12': 0.008753646646029905, 'lag_13': 0.2966682572312208, 'lag_14': 0.7238890627898515, 'lag_15': 0.6408214292668574, 'lag_16': 0.6081487390464737, 'lag_17': 0.43912804415308837, 'lag_18': 0.9986955454080004, 'lag_19': 0.37714674457039843, 'lag_20': 0.49930872516232194, 'lag_21': 0.19445521971485616, 'lag_22': 0.4924753586033118, 'lag_23': 0.9671354191429071, 'lag_24': 0.1700365676921785, 'lag_25': 0.3220349714312441, 'lag_26': 0.7415941288266864, 'lag_27': 0.4395706157780877, 'lag_28': 0.22795917113569755}. Best is trial 1 with value: 0.003991339002756883.
[I 2025-09-29 12:50:25,564] Trial 5 finished with value: 0.003904190314541949 and parameters: {'lag_0': 0.8139052307085072, 'lag_1': 0.04736328146524924, 'lag_2': 0.9824801091637833, 'lag_3': 0.06289888461842605, 'lag_4': 0.35933822196230825, 'lag_5': 0.6805814636142655, 'lag_6': 0.6753823735589148, 'lag_7': 0.45881557900284703, 'lag_8': 0.9977777387019828, 'lag_9': 0.7550533179196807, 'lag_10': 0.6304526119638348, 'lag_11': 0.9475176219446084, 'lag_12': 0.8518816806024412, 'lag_13': 0.7812105166571732, 'lag_14': 0.612652221091721, 'lag_15': 0.656862749807558, 'lag_16': 0.5911587905766986, 'lag_17': 0.10224160394291328, 'lag_18': 0.03151258810453017, 'lag_19': 0.26304345152882747, 'lag_20': 0.39128774811344225, 'lag_21': 0.6914177062749863, 'lag_22': 0.1885325416307643, 'lag_23': 0.04561620823178051, 'lag_24': 0.42376456900774245, 'lag_25': 0.2501698064988927, 'lag_26': 0.07290915756718214, 'lag_27': 0.3582079871135943, 'lag_28': 0.8612826403014902}. Best is trial 5 with value: 0.003904190314541949.
[I 2025-09-29 12:50:27,976] Trial 6 finished with value: 0.00465564128386813 and parameters: {'lag_0': 0.33229542336159157, 'lag_1': 0.4501134359258721, 'lag_2': 0.4005332505208323, 'lag_3': 0.5309169995818497, 'lag_4': 0.26779360901851545, 'lag_5': 0.9836395649622475, 'lag_6': 0.9731230285736805, 'lag_7': 0.9296022007270169, 'lag_8': 0.20393637516529978, 'lag_9': 0.7763488603575177, 'lag_10': 0.4100313407795579, 'lag_11': 0.8004420721599095, 'lag_12': 0.6259344859397926, 'lag_13': 0.5144215399406882, 'lag_14': 0.061245081095931575, 'lag_15': 0.821898879959974, 'lag_16': 0.027939670907861126, 'lag_17': 0.7904860313442508, 'lag_18': 0.2994530280959772, 'lag_19': 0.19852404212306735, 'lag_20': 0.30113452850547967, 'lag_21': 0.7633005617713938, 'lag_22': 0.03742584978351355, 'lag_23': 0.25119539845570343, 'lag_24': 0.08868126911059505, 'lag_25': 0.3888519853142719, 'lag_26': 0.7439645313746819, 'lag_27': 0.7402321111233068, 'lag_28': 0.47425456316393577}. Best is trial 5 with value: 0.003904190314541949.
[I 2025-09-29 12:50:30,413] Trial 7 finished with value: 0.004147710500755098 and parameters: {'lag_0': 0.6183191581142659, 'lag_1': 0.0400090228130764, 'lag_2': 0.5321739637655877, 'lag_3': 0.5671888176006887, 'lag_4': 0.42577782916947393, 'lag_5': 0.7952628245491522, 'lag_6': 0.3231190693035618, 'lag_7': 0.13282687251870876, 'lag_8': 0.2864784656387721, 'lag_9': 0.49835628699628254, 'lag_10': 0.40228561357182063, 'lag_11': 0.9426384288372645, 'lag_12': 0.7788820373408138, 'lag_13': 0.6117830959157935, 'lag_14': 0.5494477337408106, 'lag_15': 0.40565046552299955, 'lag_16': 0.7242192094981412, 'lag_17': 0.48536341952292417, 'lag_18': 0.6043561607448862, 'lag_19': 0.9799326548280378, 'lag_20': 0.18994331760692787, 'lag_21': 0.6610496385795269, 'lag_22': 0.8541269455043342, 'lag_23': 0.3938557906519261, 'lag_24': 0.7231128137268426, 'lag_25': 0.8339961624981216, 'lag_26': 0.3241911432891555, 'lag_27': 0.7311343162365881, 'lag_28': 0.04374794564914957}. Best is trial 5 with value: 0.003904190314541949.
[I 2025-09-29 12:50:32,926] Trial 8 finished with value: 0.003789095209847192 and parameters: {'lag_0': 0.3778901956265793, 'lag_1': 0.05268710671150379, 'lag_2': 0.48334368127759075, 'lag_3': 0.7140525385824361, 'lag_4': 0.3385504200837609, 'lag_5': 0.8447694093340565, 'lag_6': 0.34711967251639725, 'lag_7': 0.9709759741675084, 'lag_8': 0.5348077628513793, 'lag_9': 0.9000532245496945, 'lag_10': 0.6747073226020441, 'lag_11': 0.2915575772561825, 'lag_12': 0.04628292530950925, 'lag_13': 0.0528830675988305, 'lag_14': 0.43121778446459696, 'lag_15': 0.16493108501851464, 'lag_16': 0.03400193934407835, 'lag_17': 0.9542371215980058, 'lag_18': 0.9939961641573709, 'lag_19': 0.6193177285101744, 'lag_20': 0.6769186812348559, 'lag_21': 0.8320989189454542, 'lag_22': 0.28332520726859256, 'lag_23': 0.7287347414811094, 'lag_24': 0.5922487939396611, 'lag_25': 0.055471340026168575, 'lag_26': 0.42342472982353585, 'lag_27': 0.449511165037793, 'lag_28': 0.16795504196441483}. Best is trial 8 with value: 0.003789095209847192.
[I 2025-09-29 12:50:35,352] Trial 9 finished with value: 0.0042126226861511715 and parameters: {'lag_0': 0.8859004591931212, 'lag_1': 0.6620870623119731, 'lag_2': 0.4646114789180229, 'lag_3': 0.9188935731069463, 'lag_4': 0.5694099036970405, 'lag_5': 0.42840203148628186, 'lag_6': 0.6708239273519732, 'lag_7': 0.9673563855364947, 'lag_8': 0.8567437419458593, 'lag_9': 0.6408199274234011, 'lag_10': 0.4762504560653559, 'lag_11': 0.041969145132057205, 'lag_12': 0.13233010067114112, 'lag_13': 0.9615553086672481, 'lag_14': 0.9860029318157933, 'lag_15': 0.6588068062574672, 'lag_16': 0.8516067173307146, 'lag_17': 0.416867093141687, 'lag_18': 0.7124861394033971, 'lag_19': 0.6653214620027467, 'lag_20': 0.7468849137102883, 'lag_21': 0.4590255844935502, 'lag_22': 0.1547599647038526, 'lag_23': 0.10741609316333768, 'lag_24': 0.5959730825838933, 'lag_25': 0.5908857709928826, 'lag_26': 0.00882788236493259, 'lag_27': 0.7275095881845398, 'lag_28': 0.5838435044454763}. Best is trial 8 with value: 0.003789095209847192.
[I 2025-09-29 12:50:37,846] Trial 10 finished with value: 0.004487330348397206 and parameters: {'lag_0': 0.5499028166825459, 'lag_1': 0.2491534026424328, 'lag_2': 0.7055839774258065, 'lag_3': 0.7351584578875686, 'lag_4': 0.8909972001326748, 'lag_5': 0.9930346628083916, 'lag_6': 0.05460641837593211, 'lag_7': 0.7379799615703735, 'lag_8': 0.4032650346253698, 'lag_9': 0.15545905613137612, 'lag_10': 0.91213323689045, 'lag_11': 0.5084388986527067, 'lag_12': 0.3975253196438522, 'lag_13': 0.004142699869714349, 'lag_14': 0.2976198803553931, 'lag_15': 0.0002910214249797205, 'lag_16': 0.24896187635172745, 'lag_17': 0.9445774790877113, 'lag_18': 0.770059360611692, 'lag_19': 0.7519739584853794, 'lag_20': 0.9880549536337739, 'lag_21': 0.9877560024929848, 'lag_22': 0.7918712494646274, 'lag_23': 0.8119561705073254, 'lag_24': 0.7901831194697395, 'lag_25': 0.9667356506986422, 'lag_26': 0.9659068560414623, 'lag_27': 0.08225369129679505, 'lag_28': 0.028016266391578476}. Best is trial 8 with value: 0.003789095209847192.
[I 2025-09-29 12:50:40,338] Trial 11 finished with value: 0.004247553867686662 and parameters: {'lag_0': 0.8376748519570936, 'lag_1': 0.004589210290378273, 'lag_2': 0.9394399118314003, 'lag_3': 0.37778361767870117, 'lag_4': 0.34338152882748585, 'lag_5': 0.7778783118311396, 'lag_6': 0.4183152366131174, 'lag_7': 0.5807155784642161, 'lag_8': 0.03746737575454129, 'lag_9': 0.9944076683462947, 'lag_10': 0.7038760799783479, 'lag_11': 0.6969027894530254, 'lag_12': 0.9646991511505598, 'lag_13': 0.33626126084193353, 'lag_14': 0.337600095796308, 'lag_15': 0.9928177729341716, 'lag_16': 0.3841167061831586, 'lag_17': 0.05983024096089001, 'lag_18': 0.05153884805754344, 'lag_19': 0.6502171946337483, 'lag_20': 0.05320976084853768, 'lag_21': 0.43889566152917875, 'lag_22': 0.20337673852186697, 'lag_23': 0.6751225640615367, 'lag_24': 0.3445558490002011, 'lag_25': 0.24315504276396493, 'lag_26': 0.20422099971703855, 'lag_27': 0.24132333081616558, 'lag_28': 0.9916266131632478}. Best is trial 8 with value: 0.003789095209847192.
[I 2025-09-29 12:50:42,820] Trial 12 finished with value: 0.0034459599961916875 and parameters: {'lag_0': 0.6830363327042468, 'lag_1': 0.2280126748914604, 'lag_2': 0.9971641711931742, 'lag_3': 0.6704366369257417, 'lag_4': 0.007978705190293423, 'lag_5': 0.7998380947380614, 'lag_6': 0.24040955894766308, 'lag_7': 0.46546034562140437, 'lag_8': 0.9985596424115157, 'lag_9': 0.668730130343344, 'lag_10': 0.6465244032799201, 'lag_11': 0.3425788384646281, 'lag_12': 0.4043352025582767, 'lag_13': 0.059548663015509776, 'lag_14': 0.3523332527879394, 'lag_15': 0.796735533536999, 'lag_16': 0.41426283341869263, 'lag_17': 0.011338292794428939, 'lag_18': 0.4649097502757554, 'lag_19': 0.390388349605444, 'lag_20': 0.6204880273481445, 'lag_21': 0.2799544601553128, 'lag_22': 0.2519906631935204, 'lag_23': 0.1609987967550018, 'lag_24': 0.3612449122244894, 'lag_25': 0.21913353144359432, 'lag_26': 0.2911312729983728, 'lag_27': 0.29469447984756425, 'lag_28': 0.801319087289352}. Best is trial 12 with value: 0.0034459599961916875.
[I 2025-09-29 12:50:45,287] Trial 13 finished with value: 0.004311945841176531 and parameters: {'lag_0': 0.6635125241331209, 'lag_1': 0.26431840233103066, 'lag_2': 0.6975951718515121, 'lag_3': 0.7138550090640702, 'lag_4': 0.02676216833438163, 'lag_5': 0.8439281373665676, 'lag_6': 0.19647490058057665, 'lag_7': 0.6088060663221285, 'lag_8': 0.6815258758538485, 'lag_9': 0.6329265942433352, 'lag_10': 0.6582330859936179, 'lag_11': 0.33396269540013485, 'lag_12': 0.3560963159531014, 'lag_13': 0.03847697967532934, 'lag_14': 0.38305773497109225, 'lag_15': 0.26232409269293777, 'lag_16': 0.3814418891237697, 'lag_17': 0.20596744524173421, 'lag_18': 0.49453308237339794, 'lag_19': 0.5451264906611861, 'lag_20': 0.7163630755620561, 'lag_21': 0.19793732516330753, 'lag_22': 0.3239157735940008, 'lag_23': 0.6937406932384023, 'lag_24': 0.6413449447420989, 'lag_25': 0.022415512620514347, 'lag_26': 0.3481094127674357, 'lag_27': 0.21758034451436614, 'lag_28': 0.717198782858043}. Best is trial 12 with value: 0.0034459599961916875.
[I 2025-09-29 12:50:47,750] Trial 14 finished with value: 0.0040302264541383645 and parameters: {'lag_0': 0.4364573600066822, 'lag_1': 0.2322431050337721, 'lag_2': 0.6742035929727886, 'lag_3': 0.708371501652584, 'lag_4': 0.17275561156149036, 'lag_5': 0.8924961171393602, 'lag_6': 0.24171966762357194, 'lag_7': 0.31601293016758397, 'lag_8': 0.4364208811602454, 'lag_9': 0.6054583176617419, 'lag_10': 0.7865197543547957, 'lag_11': 0.3640149556956141, 'lag_12': 0.22278605068530707, 'lag_13': 0.14940066689442072, 'lag_14': 0.40727152982671305, 'lag_15': 0.8542476796694444, 'lag_16': 0.0002943656557222729, 'lag_17': 0.727588939898135, 'lag_18': 0.3205504257354499, 'lag_19': 0.9812505199925086, 'lag_20': 0.9415982340153741, 'lag_21': 0.047616556327816584, 'lag_22': 0.028480911305200363, 'lag_23': 0.23960511381730198, 'lag_24': 0.22696426693374738, 'lag_25': 0.1746273460520809, 'lag_26': 0.3361501497183922, 'lag_27': 0.5693759546771505, 'lag_28': 0.2996122014000671}. Best is trial 12 with value: 0.0034459599961916875.
[I 2025-09-29 12:50:50,228] Trial 15 finished with value: 0.004189778816767342 and parameters: {'lag_0': 0.6797005068056613, 'lag_1': 0.38232060848923, 'lag_2': 0.8282672456231869, 'lag_3': 0.634546534055806, 'lag_4': 0.026807887289828594, 'lag_5': 0.6089438059593966, 'lag_6': 0.5100131648926025, 'lag_7': 0.7393550196359777, 'lag_8': 0.003961448585260541, 'lag_9': 0.3540604565577087, 'lag_10': 0.5630954322495234, 'lag_11': 0.18657975096305027, 'lag_12': 0.43850663115974553, 'lag_13': 0.38258588786420833, 'lag_14': 0.16785304554689928, 'lag_15': 0.474453831743035, 'lag_16': 0.3632345047820771, 'lag_17': 0.6065720293083983, 'lag_18': 0.6475020191684638, 'lag_19': 0.7626593109713113, 'lag_20': 0.5999161124729954, 'lag_21': 0.3174496187144975, 'lag_22': 0.290091171377468, 'lag_23': 0.6602035150135934, 'lag_24': 0.48660808752461693, 'lag_25': 0.6671761733301228, 'lag_26': 0.1891601420225335, 'lag_27': 0.562296218778747, 'lag_28': 0.1413088142220812}. Best is trial 12 with value: 0.0034459599961916875.
[I 2025-09-29 12:50:52,694] Trial 16 finished with value: 0.004457971726110756 and parameters: {'lag_0': 0.4749371684324776, 'lag_1': 0.1620429536508246, 'lag_2': 0.6003104812092932, 'lag_3': 0.8311222807596224, 'lag_4': 0.7421024877122016, 'lag_5': 0.4740493460807074, 'lag_6': 0.046414127377600645, 'lag_7': 0.36697886354943765, 'lag_8': 0.24766050665794298, 'lag_9': 0.7066116022448615, 'lag_10': 0.9710596072009621, 'lag_11': 0.20776965736005548, 'lag_12': 0.25448104900154245, 'lag_13': 0.14116161887018935, 'lag_14': 0.23583181636531253, 'lag_15': 0.1580650567013724, 'lag_16': 0.20620982845820715, 'lag_17': 0.24256752435542706, 'lag_18': 0.8454452781063091, 'lag_19': 0.43173968020329284, 'lag_20': 0.8600544271260381, 'lag_21': 0.5323507796845972, 'lag_22': 0.6502192548663887, 'lag_23': 0.25844592404847133, 'lag_24': 0.9428055909356146, 'lag_25': 0.4016435007857484, 'lag_26': 0.4144766271629341, 'lag_27': 0.29038945467474886, 'lag_28': 0.968283500804229}. Best is trial 12 with value: 0.0034459599961916875.
[I 2025-09-29 12:50:55,164] Trial 17 finished with value: 0.004923925377063263 and parameters: {'lag_0': 0.7653069022092767, 'lag_1': 0.13612895765356098, 'lag_2': 0.1938781851066661, 'lag_3': 0.42972739500374335, 'lag_4': 0.2731473883663669, 'lag_5': 0.3402798714651381, 'lag_6': 0.4956120556724697, 'lag_7': 0.6139271656685155, 'lag_8': 0.656095638785102, 'lag_9': 0.011357467186736026, 'lag_10': 0.783708599649614, 'lag_11': 0.4674180530333408, 'lag_12': 0.5544512761530049, 'lag_13': 0.4519587490166117, 'lag_14': 0.4342086254176247, 'lag_15': 0.8017465812728192, 'lag_16': 0.4881587049455733, 'lag_17': 0.9857454944814684, 'lag_18': 0.5751194029005332, 'lag_19': 0.5916744286341364, 'lag_20': 0.5641020240227843, 'lag_21': 0.3483962869188058, 'lag_22': 0.9959924489181868, 'lag_23': 0.42355907686809535, 'lag_24': 0.8036259861213876, 'lag_25': 0.17995050749014563, 'lag_26': 0.1886291591614212, 'lag_27': 0.1400932607697169, 'lag_28': 0.6670777116936839}. Best is trial 12 with value: 0.0034459599961916875.
[I 2025-09-29 12:50:57,647] Trial 18 finished with value: 0.004036308005149529 and parameters: {'lag_0': 0.9768793117627397, 'lag_1': 0.3507987212447737, 'lag_2': 0.8695922397112297, 'lag_3': 0.8236363953592558, 'lag_4': 0.9911680394305411, 'lag_5': 0.7183817265560543, 'lag_6': 0.17854926641517882, 'lag_7': 0.7350938995154612, 'lag_8': 0.8680015679926549, 'lag_9': 0.989352854079554, 'lag_10': 0.5438743370457491, 'lag_11': 0.6263622390604271, 'lag_12': 0.1672701507566472, 'lag_13': 0.11209422489721979, 'lag_14': 0.02205864241724398, 'lag_15': 0.5283523398829963, 'lag_16': 0.2775047460324771, 'lag_17': 0.004681279331101351, 'lag_18': 0.4162076941431379, 'lag_19': 0.8037576104974599, 'lag_20': 0.8386054930931942, 'lag_21': 0.8806322284695722, 'lag_22': 0.4431075015175535, 'lag_23': 0.14330138441521323, 'lag_24': 0.3353755683852973, 'lag_25': 0.33151248108687476, 'lag_26': 0.41802824911028513, 'lag_27': 0.5051636260381082, 'lag_28': 0.42495420826819585}. Best is trial 12 with value: 0.0034459599961916875.
