[I 2025-09-29 12:53:40,224] Trial 82 finished with value: 0.005158282432319671 and parameters: {'lag_0': 0.6639698744026282, 'lag_1': 0.037569331790334844, 'lag_2': 0.793333030610502, 'lag_3': 0.4262631037232387, 'lag_4': 0.6484756724322406, 'lag_5': 0.8301583636378249, 'lag_6': 0.08452679661029444, 'lag_7': 0.11378594151406307, 'lag_8': 0.3797148253691531, 'lag_9': 0.3962004866151734, 'lag_10': 0.4777520814836672, 'lag_11': 0.3391280115244184, 'lag_12': 0.7160978258451827, 'lag_13': 0.11779180589640485, 'lag_14': 0.5762913328146415, 'lag_15': 0.7107617370769941, 'lag_16': 0.8913669842153257, 'lag_17': 0.8443392039824344, 'lag_18': 0.8899129043541202, 'lag_19': 0.6772622603551053, 'lag_20': 0.21890263587922631, 'lag_21': 0.6340316106849041, 'lag_22': 0.872983028694007, 'lag_23': 0.1208786518048236, 'lag_24': 0.48412549396687216, 'lag_25': 0.6224651920435371, 'lag_26': 0.9252295198178198, 'lag_27': 0.16707872845050467, 'lag_28': 0.03619427478540532}. Best is trial 54 with value: 0.004602995643799472.
[I 2025-09-29 12:53:42,709] Trial 83 finished with value: 0.005347074095339178 and parameters: {'lag_0': 0.7554885795519399, 'lag_1': 0.0048349821600163646, 'lag_2': 0.7215891653895564, 'lag_3': 0.2424278031673589, 'lag_4': 0.26696266507191024, 'lag_5': 0.2702084994785057, 'lag_6': 0.03828720105433445, 'lag_7': 0.037506990956372305, 'lag_8': 0.2673402148987609, 'lag_9': 0.416201408618065, 'lag_10': 0.38018767939612097, 'lag_11': 0.2564854948875691, 'lag_12': 0.7883068714409601, 'lag_13': 0.040378621234019085, 'lag_14': 0.6457074597143274, 'lag_15': 0.7699805646668466, 'lag_16': 0.8648552777380853, 'lag_17': 0.8661237574572069, 'lag_18': 0.4902120834072985, 'lag_19': 0.5734502129642061, 'lag_20': 0.06548898724365135, 'lag_21': 0.5782638133960254, 'lag_22': 0.9128719681716204, 'lag_23': 0.21667702895023633, 'lag_24': 0.5782974847912812, 'lag_25': 0.8897219945315908, 'lag_26': 0.9724230637996834, 'lag_27': 0.5585165030995787, 'lag_28': 0.6152935904365537}. Best is trial 54 with value: 0.004602995643799472.
[I 2025-09-29 12:53:45,189] Trial 84 finished with value: 0.005338690849524648 and parameters: {'lag_0': 0.5849983871291213, 'lag_1': 0.0968525522717187, 'lag_2': 0.9905744621512779, 'lag_3': 0.48415379767426314, 'lag_4': 0.8640702364828341, 'lag_5': 0.9555089239466188, 'lag_6': 0.03126169807320353, 'lag_7': 0.12257417971839804, 'lag_8': 0.5589797816196603, 'lag_9': 0.37222332536286906, 'lag_10': 0.38482318448894237, 'lag_11': 0.3966121010811343, 'lag_12': 0.8395871392647064, 'lag_13': 0.08352851706266923, 'lag_14': 0.36032640127030435, 'lag_15': 0.6854561823245057, 'lag_16': 0.9582188166143837, 'lag_17': 0.8144586370575697, 'lag_18': 0.7815517259563359, 'lag_19': 0.5314102763412625, 'lag_20': 0.8165100906187662, 'lag_21': 0.16665432991384507, 'lag_22': 0.9482018780891213, 'lag_23': 0.42066178028020024, 'lag_24': 0.525746867953324, 'lag_25': 0.6729355694425799, 'lag_26': 0.9404900748045527, 'lag_27': 0.14286437282766482, 'lag_28': 0.7271517854344064}. Best is trial 54 with value: 0.004602995643799472.
[I 2025-09-29 12:53:47,674] Trial 85 finished with value: 0.005664278359741226 and parameters: {'lag_0': 0.5315977280759485, 'lag_1': 0.14352018270958347, 'lag_2': 0.9015056995259185, 'lag_3': 0.8738376814119979, 'lag_4': 0.695194296666919, 'lag_5': 0.6100096801769457, 'lag_6': 0.1410982149615842, 'lag_7': 0.27651028459627625, 'lag_8': 0.3334626858630933, 'lag_9': 0.4533306175619047, 'lag_10': 0.9315913701393641, 'lag_11': 0.9920341585760257, 'lag_12': 0.7622571181509767, 'lag_13': 0.14576405842215612, 'lag_14': 0.592742361830191, 'lag_15': 0.7378531517326223, 'lag_16': 0.3866201744707101, 'lag_17': 0.7421137470522277, 'lag_18': 0.7459352095273302, 'lag_19': 0.43122913464587376, 'lag_20': 0.13397541704071825, 'lag_21': 0.6955444188367493, 'lag_22': 0.35322932269423724, 'lag_23': 0.18204518648533166, 'lag_24': 0.9339748091645845, 'lag_25': 0.2719929290551098, 'lag_26': 0.8142356224708734, 'lag_27': 0.08633299192886812, 'lag_28': 0.7766240665152475}. Best is trial 54 with value: 0.004602995643799472.
[I 2025-09-29 12:53:50,157] Trial 86 finished with value: 0.005160664114273622 and parameters: {'lag_0': 0.09901510432901471, 'lag_1': 0.2519162795415746, 'lag_2': 0.019459361242772845, 'lag_3': 0.5442376448518006, 'lag_4': 0.9103161750340167, 'lag_5': 0.9202137788819567, 'lag_6': 0.1678152557400489, 'lag_7': 0.1991025987017459, 'lag_8': 0.4798313878974837, 'lag_9': 0.3452699571939327, 'lag_10': 0.4152524284529142, 'lag_11': 0.2188547730423228, 'lag_12': 0.9125648179293485, 'lag_13': 0.2463027942191989, 'lag_14': 0.4950140045362321, 'lag_15': 0.7913240669152497, 'lag_16': 0.7564389072482913, 'lag_17': 0.6419757672159154, 'lag_18': 0.9281286026555987, 'lag_19': 0.35519195778255264, 'lag_20': 0.9096181522375122, 'lag_21': 0.8466277636154427, 'lag_22': 0.4764600572640982, 'lag_23': 0.7073751860043944, 'lag_24': 0.6634174738713834, 'lag_25': 0.5878540951600865, 'lag_26': 0.8824264980686496, 'lag_27': 0.4731145052550554, 'lag_28': 0.6356532358588394}. Best is trial 54 with value: 0.004602995643799472.
[I 2025-09-29 12:53:52,640] Trial 87 finished with value: 0.0051210284290032345 and parameters: {'lag_0': 0.4807064659718619, 'lag_1': 0.19679466139373195, 'lag_2': 0.05820289864362503, 'lag_3': 0.7717065756024762, 'lag_4': 0.40453709053258996, 'lag_5': 0.4245174843407248, 'lag_6': 0.47550798421905077, 'lag_7': 0.37647719708839766, 'lag_8': 0.7586543169834524, 'lag_9': 0.5338891535807676, 'lag_10': 0.8476357686007048, 'lag_11': 0.35590722906561295, 'lag_12': 0.7381781367017074, 'lag_13': 0.35449941461821705, 'lag_14': 0.2620641325239502, 'lag_15': 0.5769276738876, 'lag_16': 0.8345756923480112, 'lag_17': 0.9396785459824163, 'lag_18': 0.3074595192861963, 'lag_19': 0.7977212363158153, 'lag_20': 0.2793778524663356, 'lag_21': 0.42028277620803983, 'lag_22': 0.5268131545423483, 'lag_23': 0.6412794885687776, 'lag_24': 0.5608852116171925, 'lag_25': 0.3402342792456928, 'lag_26': 0.022207513224674236, 'lag_27': 0.11262824287924325, 'lag_28': 0.4578174211206486}. Best is trial 54 with value: 0.004602995643799472.
[I 2025-09-29 12:53:55,121] Trial 88 finished with value: 0.006106994552427964 and parameters: {'lag_0': 0.5404372554410137, 'lag_1': 0.11888455091481898, 'lag_2': 0.3590377301509464, 'lag_3': 0.7404452849655843, 'lag_4': 0.30368134584700346, 'lag_5': 0.7850460320313329, 'lag_6': 0.31868745805802434, 'lag_7': 0.05106563261025153, 'lag_8': 0.719883850063197, 'lag_9': 0.6526585970146868, 'lag_10': 0.8836991479990918, 'lag_11': 0.43407133004873044, 'lag_12': 0.8054736437602007, 'lag_13': 0.3164223814372702, 'lag_14': 0.6096427669911924, 'lag_15': 0.6629185754912107, 'lag_16': 0.7969236045140184, 'lag_17': 0.9138399658474443, 'lag_18': 0.8486290110359598, 'lag_19': 0.217424036978128, 'lag_20': 0.9615465543160986, 'lag_21': 0.4774175988188652, 'lag_22': 0.40768463449522846, 'lag_23': 0.14537233588720858, 'lag_24': 0.5315363379928073, 'lag_25': 0.5066180669250875, 'lag_26': 0.758489966180369, 'lag_27': 0.9360353586413177, 'lag_28': 0.10596045155086199}. Best is trial 54 with value: 0.004602995643799472.
[I 2025-09-29 12:53:57,606] Trial 89 finished with value: 0.006979557637122984 and parameters: {'lag_0': 0.6191744353912809, 'lag_1': 0.6533934682366607, 'lag_2': 0.05200549766110109, 'lag_3': 0.5090233678117051, 'lag_4': 0.8071353289630194, 'lag_5': 0.995069914502672, 'lag_6': 0.006202956190712192, 'lag_7': 0.011840846132620465, 'lag_8': 0.5062932918374583, 'lag_9': 0.6103531314442071, 'lag_10': 0.3425164966309126, 'lag_11': 0.18115990422303047, 'lag_12': 0.5651655865448831, 'lag_13': 0.09969151244777291, 'lag_14': 0.33400173196217775, 'lag_15': 0.8216233967713554, 'lag_16': 0.930785897438903, 'lag_17': 0.7095685528927576, 'lag_18': 0.8219172604394714, 'lag_19': 0.9344678684273151, 'lag_20': 0.8661093798566573, 'lag_21': 0.7541838248326986, 'lag_22': 0.5890204841684145, 'lag_23': 0.39256686411087977, 'lag_24': 0.038364967814413634, 'lag_25': 0.625901055002105, 'lag_26': 0.9135088843260807, 'lag_27': 0.6619195271482908, 'lag_28': 0.832736499580276}. Best is trial 54 with value: 0.004602995643799472.
[I 2025-09-29 12:54:00,092] Trial 90 finished with value: 0.004999255477903145 and parameters: {'lag_0': 0.5851728812320326, 'lag_1': 0.08287793807237116, 'lag_2': 0.025389561824465466, 'lag_3': 0.5990196424764525, 'lag_4': 0.5657366531174276, 'lag_5': 0.7248615017305495, 'lag_6': 0.3946934467470822, 'lag_7': 0.09430152071891161, 'lag_8': 0.8795073603255922, 'lag_9': 0.48099828746758927, 'lag_10': 0.8028439536921441, 'lag_11': 0.5142406342992182, 'lag_12': 0.11082346653893238, 'lag_13': 0.4275154843698435, 'lag_14': 0.42802641553158194, 'lag_15': 0.9114856403755793, 'lag_16': 0.9039759249750514, 'lag_17': 0.7583106964321759, 'lag_18': 0.5208514715232234, 'lag_19': 0.14798643593754274, 'lag_20': 0.3409738677713388, 'lag_21': 0.32906384119617677, 'lag_22': 0.6717556476083998, 'lag_23': 0.2874158387382566, 'lag_24': 0.721800189646926, 'lag_25': 0.6868007987692077, 'lag_26': 0.09255744031573351, 'lag_27': 0.5362031706062522, 'lag_28': 0.1711984741682472}. Best is trial 54 with value: 0.004602995643799472.
[I 2025-09-29 12:54:02,572] Trial 91 finished with value: 0.004824350112267756 and parameters: {'lag_0': 0.6584537341367166, 'lag_1': 0.35725880644886876, 'lag_2': 0.08215139350401765, 'lag_3': 0.8040355534576358, 'lag_4': 0.15260294724235737, 'lag_5': 0.9957815531129467, 'lag_6': 0.44339878956625745, 'lag_7': 0.9590734431540971, 'lag_8': 0.446299604784323, 'lag_9': 0.31967624682570717, 'lag_10': 0.9652203400619085, 'lag_11': 0.271697405042796, 'lag_12': 0.8230033881424791, 'lag_13': 0.07076288216014592, 'lag_14': 0.4572304723336983, 'lag_15': 0.6220056458716146, 'lag_16': 0.9754079993172323, 'lag_17': 0.6895674060267207, 'lag_18': 0.7393361801610239, 'lag_19': 0.8855351062951646, 'lag_20': 0.6709448450722135, 'lag_21': 0.45189017330646936, 'lag_22': 0.6374099826632691, 'lag_23': 0.01984124902215137, 'lag_24': 0.4474072079056662, 'lag_25': 0.43280616575582626, 'lag_26': 0.7595994186477542, 'lag_27': 0.4167112322255315, 'lag_28': 0.6492482120870241}. Best is trial 54 with value: 0.004602995643799472.
[I 2025-09-29 12:54:05,048] Trial 92 finished with value: 0.00536044775455109 and parameters: {'lag_0': 0.6499616931116794, 'lag_1': 0.3943486151767127, 'lag_2': 0.08496254713946455, 'lag_3': 0.8971011761362286, 'lag_4': 0.23271762784018635, 'lag_5': 0.9742439016942419, 'lag_6': 0.4245395682954082, 'lag_7': 0.869860339507423, 'lag_8': 0.4435452521056633, 'lag_9': 0.30937527023038924, 'lag_10': 0.9391448416556738, 'lag_11': 0.27264114860149186, 'lag_12': 0.8779094063913719, 'lag_13': 0.029827426145528135, 'lag_14': 0.5119429820482808, 'lag_15': 0.8596920687060347, 'lag_16': 0.9536073418562184, 'lag_17': 0.6931578617709147, 'lag_18': 0.6892789003885235, 'lag_19': 0.8389315043071585, 'lag_20': 0.7696906321709664, 'lag_21': 0.44370574823492365, 'lag_22': 0.6864561212254148, 'lag_23': 0.0911053393619605, 'lag_24': 0.4274174280349674, 'lag_25': 0.9435019317970461, 'lag_26': 0.8578432589347902, 'lag_27': 0.4164475119840415, 'lag_28': 0.6935004179544424}. Best is trial 54 with value: 0.004602995643799472.
[I 2025-09-29 12:54:07,519] Trial 93 finished with value: 0.005455737175579089 and parameters: {'lag_0': 0.691181721395501, 'lag_1': 0.32409452353614887, 'lag_2': 0.15324843098556387, 'lag_3': 0.8618001469670629, 'lag_4': 0.15627888536790188, 'lag_5': 0.8672518199751444, 'lag_6': 0.35825401039176874, 'lag_7': 0.905487999631035, 'lag_8': 0.39953776212344727, 'lag_9': 0.20021500828959937, 'lag_10': 0.9761570795150125, 'lag_11': 0.30235966118647367, 'lag_12': 0.8529169228502824, 'lag_13': 0.0658627305916096, 'lag_14': 0.4580782094644804, 'lag_15': 0.4602223021324972, 'lag_16': 0.8687372019920243, 'lag_17': 0.7870916162446757, 'lag_18': 0.7322053577529855, 'lag_19': 0.8823714279118692, 'lag_20': 0.6765556832632049, 'lag_21': 0.3747638453667033, 'lag_22': 0.7342348995051908, 'lag_23': 0.12610009492296945, 'lag_24': 0.4975737678488239, 'lag_25': 0.40457565921257643, 'lag_26': 0.7669058152441777, 'lag_27': 0.370177664196014, 'lag_28': 0.6641103873796537}. Best is trial 54 with value: 0.004602995643799472.
[I 2025-09-29 12:54:10,000] Trial 94 finished with value: 0.00519702563900111 and parameters: {'lag_0': 0.03297942934228543, 'lag_1': 0.46434178464386944, 'lag_2': 0.05486042856865727, 'lag_3': 0.9417424951418432, 'lag_4': 0.0768130746173659, 'lag_5': 0.9158306521244001, 'lag_6': 0.44314397957883445, 'lag_7': 0.7465838345628669, 'lag_8': 0.4201016344800345, 'lag_9': 0.29334455637647, 'lag_10': 0.8837696469041324, 'lag_11': 0.3217257340900711, 'lag_12': 0.030439651923325498, 'lag_13': 0.568608851053274, 'lag_14': 0.4801025191599825, 'lag_15': 0.4224804486353302, 'lag_16': 0.9284919890964086, 'lag_17': 0.8227971603269114, 'lag_18': 0.8025047882151748, 'lag_19': 0.8973350212500588, 'lag_20': 0.7287630864511078, 'lag_21': 0.47701271055830624, 'lag_22': 0.7641386692521881, 'lag_23': 0.06909171175367051, 'lag_24': 0.47417919221140775, 'lag_25': 0.4719645521956284, 'lag_26': 0.6810044056252553, 'lag_27': 0.4568346270728642, 'lag_28': 0.7421297663257036}. Best is trial 54 with value: 0.004602995643799472.
[I 2025-09-29 12:54:12,482] Trial 95 finished with value: 0.005161143538481344 and parameters: {'lag_0': 0.6492946939653714, 'lag_1': 0.36898359490539356, 'lag_2': 0.11853284242399847, 'lag_3': 0.8106328039350102, 'lag_4': 0.12400991476423781, 'lag_5': 0.8952990479721249, 'lag_6': 0.516189583898092, 'lag_7': 0.4346329399881911, 'lag_8': 0.5457763589695696, 'lag_9': 0.4063769445319053, 'lag_10': 0.9986375382593918, 'lag_11': 0.24324630782497267, 'lag_12': 0.9379035072014521, 'lag_13': 0.12297637270038403, 'lag_14': 0.3810148678526077, 'lag_15': 0.5570431324904147, 'lag_16': 0.9798476125742532, 'lag_17': 0.3781883372164854, 'lag_18': 0.4178229825271145, 'lag_19': 0.9678874690214263, 'lag_20': 0.6944314375895579, 'lag_21': 0.2901489223555084, 'lag_22': 0.6327349043455635, 'lag_23': 0.21021904202403072, 'lag_24': 0.382732112822205, 'lag_25': 0.35228019854297593, 'lag_26': 0.9689669577798105, 'lag_27': 0.4854578328317232, 'lag_28': 0.5991166272105493}. Best is trial 54 with value: 0.004602995643799472.
[I 2025-09-29 12:54:14,970] Trial 96 finished with value: 0.005380851849281757 and parameters: {'lag_0': 0.6779827448753315, 'lag_1': 0.42528498871742954, 'lag_2': 0.6527323553868309, 'lag_3': 0.6816670343093653, 'lag_4': 0.18981694851035497, 'lag_5': 0.9505087904423245, 'lag_6': 0.5561860947743957, 'lag_7': 0.9846712855550308, 'lag_8': 0.48267378098398706, 'lag_9': 0.25314669419990166, 'lag_10': 0.9182827381758613, 'lag_11': 0.3611663528704074, 'lag_12': 0.3085494874005439, 'lag_13': 0.07800570508799487, 'lag_14': 0.5587105411918867, 'lag_15': 0.526246199233695, 'lag_16': 0.5788212953989169, 'lag_17': 0.6347985472291919, 'lag_18': 0.5896401287476438, 'lag_19': 0.7321648822490255, 'lag_20': 0.7921988855772416, 'lag_21': 0.5218403860833211, 'lag_22': 0.7103715221942198, 'lag_23': 0.01980552559252078, 'lag_24': 0.5834300001771199, 'lag_25': 0.7859880813313908, 'lag_26': 0.17397278084392287, 'lag_27': 0.39748837847195806, 'lag_28': 0.6451284075059238}. Best is trial 54 with value: 0.004602995643799472.
[I 2025-09-29 12:54:17,459] Trial 97 finished with value: 0.005255648982245767 and parameters: {'lag_0': 0.556785660514688, 'lag_1': 0.15428297028437565, 'lag_2': 0.19541428325160137, 'lag_3': 0.719889553974315, 'lag_4': 0.21588177906611683, 'lag_5': 0.9839084118222197, 'lag_6': 0.9953892608967172, 'lag_7': 0.9449483461628093, 'lag_8': 0.5814230944057371, 'lag_9': 0.9971107623080283, 'lag_10': 0.9578207172356765, 'lag_11': 0.2775423657652424, 'lag_12': 0.8305498545096563, 'lag_13': 0.160769368120498, 'lag_14': 0.4103594213178661, 'lag_15': 0.5917551164908068, 'lag_16': 0.8957779552105382, 'lag_17': 0.656386019269899, 'lag_18': 0.5668364126075732, 'lag_19': 0.8713032252661067, 'lag_20': 0.847794096880652, 'lag_21': 0.4043415202692398, 'lag_22': 0.5986152237360545, 'lag_23': 0.588047480622302, 'lag_24': 0.2870148831308236, 'lag_25': 0.8270226609778353, 'lag_26': 0.7271326241021976, 'lag_27': 0.7598551547604562, 'lag_28': 0.7183747093967647}. Best is trial 54 with value: 0.004602995643799472.
[I 2025-09-29 12:54:19,943] Trial 98 finished with value: 0.0053533050437155295 and parameters: {'lag_0': 0.7181841633577576, 'lag_1': 0.18243284605103122, 'lag_2': 0.020130065852351896, 'lag_3': 0.12004599222879925, 'lag_4': 0.1125972583781217, 'lag_5': 0.3421617165920496, 'lag_6': 0.1293067634224874, 'lag_7': 0.7969389354409165, 'lag_8': 0.813383284629971, 'lag_9': 0.8462805413834565, 'lag_10': 0.8403059750987513, 'lag_11': 0.07298191833248166, 'lag_12': 0.9100889994270736, 'lag_13': 0.19671022691687393, 'lag_14': 0.5218214476434456, 'lag_15': 0.7502262565261811, 'lag_16': 0.9542741658461581, 'lag_17': 0.725926303202387, 'lag_18': 0.7090444224749994, 'lag_19': 0.993025656415415, 'lag_20': 0.7097101782543943, 'lag_21': 0.3521027826213048, 'lag_22': 0.511531143365458, 'lag_23': 0.2491976150441918, 'lag_24': 0.4533951070550846, 'lag_25': 0.42202226581702884, 'lag_26': 0.9293284614576409, 'lag_27': 0.20528838860467094, 'lag_28': 0.6168630568305179}. Best is trial 54 with value: 0.004602995643799472.
[I 2025-09-29 12:54:22,427] Trial 99 finished with value: 0.0055146682790026295 and parameters: {'lag_0': 0.6059537789094254, 'lag_1': 0.7867528676838188, 'lag_2': 0.07433439139209266, 'lag_3': 0.9717628009946823, 'lag_4': 0.33126908662202914, 'lag_5': 0.7538705905295902, 'lag_6': 0.49347026762591134, 'lag_7': 0.9283629051224704, 'lag_8': 0.6645578802795306, 'lag_9': 0.784749975209016, 'lag_10': 0.5072149346992633, 'lag_11': 0.13938253192360806, 'lag_12': 0.9810132024411198, 'lag_13': 0.23929124108667776, 'lag_14': 0.6571687032422793, 'lag_15': 0.6379723058167117, 'lag_16': 0.8462833390975376, 'lag_17': 0.5804992969224563, 'lag_18': 0.8737476508461676, 'lag_19': 0.04632972536679216, 'lag_20': 0.4177771116452967, 'lag_21': 0.6071909273476432, 'lag_22': 0.543988389190911, 'lag_23': 0.7377461932102658, 'lag_24': 0.5488917707624936, 'lag_25': 0.38019862241762997, 'lag_26': 0.8951813604222411, 'lag_27': 0.5895837719174745, 'lag_28': 0.5554385482359675}. Best is trial 54 with value: 0.004602995643799472.
[I 2025-09-29 12:54:22,442] A new study created in memory with name: no-name-6171e698-3ad8-49b1-ae82-86d513c7c2f0
[I 2025-09-29 12:54:24,888] Trial 0 finished with value: 0.003091291036701317 and parameters: {'lag_0': 0.6020165069727971, 'lag_1': 0.485896458152365, 'lag_2': 0.45384233707068383, 'lag_3': 0.8813983681530345, 'lag_4': 0.8624119982299663, 'lag_5': 0.04704667596703199, 'lag_6': 0.00684548535880188, 'lag_7': 0.13603225364836846, 'lag_8': 0.797918482226742, 'lag_9': 0.7723813809348768, 'lag_10': 0.8061404028906941, 'lag_11': 0.820629868321598, 'lag_12': 0.008211484871148596, 'lag_13': 0.8580782442079654, 'lag_14': 0.5491559770417549, 'lag_15': 0.48929207962758886, 'lag_16': 0.12136288861682164, 'lag_17': 0.8167475095817095, 'lag_18': 0.9710936926987448, 'lag_19': 0.2862738154926981, 'lag_20': 0.7546840715279594, 'lag_21': 0.43108802064830215, 'lag_22': 0.1879006633938657, 'lag_23': 0.623767673255061, 'lag_24': 0.2364223639244082, 'lag_25': 0.9071305416141723, 'lag_26': 0.9793476023543416, 'lag_27': 0.8360867133226579, 'lag_28': 0.18235674452873063}. Best is trial 0 with value: 0.003091291036701317.
[I 2025-09-29 12:54:27,327] Trial 1 finished with value: 0.003689703682871853 and parameters: {'lag_0': 0.0266908176653426, 'lag_1': 0.13320442836100035, 'lag_2': 0.22143128533461123, 'lag_3': 0.7023877685750414, 'lag_4': 0.1918570791531256, 'lag_5': 0.8513483386517655, 'lag_6': 0.7146610957149783, 'lag_7': 0.23380075647796, 'lag_8': 0.08781795209763346, 'lag_9': 0.25801090454097947, 'lag_10': 0.6705139519935072, 'lag_11': 0.045242694162578125, 'lag_12': 0.2079003115254621, 'lag_13': 0.09948494437542432, 'lag_14': 0.2679180861438913, 'lag_15': 0.8283484783680298, 'lag_16': 0.3953913248172517, 'lag_17': 0.12385213079295701, 'lag_18': 0.36210648446259586, 'lag_19': 0.8718375948109417, 'lag_20': 0.01880264058454399, 'lag_21': 0.07970216526502721, 'lag_22': 0.483940650616979, 'lag_23': 0.7173157330902051, 'lag_24': 0.45965817291700906, 'lag_25': 0.6352169859924288, 'lag_26': 0.46459653830536113, 'lag_27': 0.9604443861346893, 'lag_28': 0.7071555143969568}. Best is trial 0 with value: 0.003091291036701317.
[I 2025-09-29 12:54:29,902] Trial 2 finished with value: 0.004873314903988081 and parameters: {'lag_0': 0.2598843188770676, 'lag_1': 0.06808522839240341, 'lag_2': 0.09068469804143603, 'lag_3': 0.5996486625558036, 'lag_4': 0.7062257607409704, 'lag_5': 0.2720279100410362, 'lag_6': 0.7144949164693029, 'lag_7': 0.6637244277516121, 'lag_8': 0.7722704463787475, 'lag_9': 0.6926383930294847, 'lag_10': 0.31454454782273705, 'lag_11': 0.8281952362077528, 'lag_12': 0.4080644634883421, 'lag_13': 0.6052854348599253, 'lag_14': 0.9583663882381749, 'lag_15': 0.6276967866396584, 'lag_16': 0.6920601690679568, 'lag_17': 0.3778767086959416, 'lag_18': 0.39558145449179655, 'lag_19': 0.6583877970957926, 'lag_20': 0.8820653421745464, 'lag_21': 0.38589837226013607, 'lag_22': 0.6088265617834708, 'lag_23': 0.7480443615450453, 'lag_24': 0.16557011568153013, 'lag_25': 0.17397711946123584, 'lag_26': 0.3850950302693615, 'lag_27': 0.6763712575300223, 'lag_28': 0.8219346729923819}. Best is trial 0 with value: 0.003091291036701317.
