[I 2025-10-03 11:39:11,349] Trial 81 finished with values: [0.024125851014607704, 0.0036059156740964548, 0.001959684836213409, 0.0038994896419456393, 0.005004287442307463, 0.003635642157389857, 0.002350012954198415, 0.0019742145854663106, 0.001430409248354352, 0.0008852342401193521, 0.0006237604220149607, 0.00014324920502766926, 0.006656316307956457, 0.021228379632498278, 0.0, 0.027427573762823676, 0.0170822748575511, 0.0048153449911311295, 0.0005019094621388854, 0.0001135615596734359, 0.0007719935123817162, 0.0014678406741317723, 0.0011303169571463521, 0.0021114563332311357, 0.00015618394069249613, 6.718917912813792e-05, 0.001526564355605419, 0.0009101878531946111, 0.0008153640498831022] and parameters: {'lag_0': 0.6736486559204057, 'lag_1': 0.7107593717694607, 'lag_2': 0.4855151616333077, 'lag_3': 0.505638179089303, 'lag_4': 0.9998850509209893, 'lag_5': 0.16609384225435306, 'lag_6': 0.34437049202851494, 'lag_7': 0.31427684313953613, 'lag_8': 0.2618775634138617, 'lag_9': 0.08498582519918751, 'lag_10': 0.6119536336771482, 'lag_11': 0.9126971462449476, 'lag_12': 0.2976645211987655, 'lag_13': 0.5483626710560021, 'lag_14': 0.3196813788329329, 'lag_15': 0.06293365521663871, 'lag_16': 0.2035115227708369, 'lag_17': 0.24545306202007608, 'lag_18': 0.9615582108575648, 'lag_19': 0.5050229158689762, 'lag_20': 0.1274394047968838, 'lag_21': 0.05791106933701204, 'lag_22': 0.6463431142976996, 'lag_23': 0.3045503625470818, 'lag_24': 0.06262193101237229, 'lag_25': 0.22476831117513357, 'lag_26': 0.1228278324395847, 'lag_27': 0.2782887785202453, 'lag_28': 0.6552833384482495}.
[I 2025-10-03 11:39:14,017] Trial 82 finished with values: [0.013516433670434261, 0.0012506878684715524, 0.0010199314729945432, 0.002006209695827992, 0.0026151591495648012, 0.0016387759742084254, 0.003017306831049922, 0.0014573954695657975, 0.002633091656223666, 0.0008085564250505034, 0.0009313976293387823, 0.00022067431497774513, 0.009146982606706624, 0.025061662067642376, 0.0, 0.02188265831611886, 0.014609397419058548, 0.004204656383899089, 0.0004705566001520762, 6.818085802401497e-05, 0.0007691928615437109, 0.0009550865794636274, 0.0006851825943560924, 0.002243907221318232, 0.00017332592629730638, 4.1060319788682436e-05, 0.001173121547543058, 0.0010120324579726218, 0.0008838007274170597] and parameters: {'lag_0': 0.7600819112120779, 'lag_1': 0.3402756616141739, 'lag_2': 0.6081846232922401, 'lag_3': 0.24574493079708204, 'lag_4': 0.23689581679874866, 'lag_5': 0.7821478218938741, 'lag_6': 0.0621557842186111, 'lag_7': 0.8096550091032253, 'lag_8': 0.9470723995112019, 'lag_9': 0.8029946314825728, 'lag_10': 0.5017273828972565, 'lag_11': 0.8041061872636266, 'lag_12': 0.5803562606098641, 'lag_13': 0.5358989678493891, 'lag_14': 0.7309836863716914, 'lag_15': 0.7328070192933674, 'lag_16': 0.3919168079817551, 'lag_17': 0.29232128889947084, 'lag_18': 0.8652441979400207, 'lag_19': 0.45180707193017905, 'lag_20': 0.97222574196572, 'lag_21': 0.16441704897943865, 'lag_22': 0.7463306757925181, 'lag_23': 0.12391849754687578, 'lag_24': 0.39237563992466473, 'lag_25': 0.0746068497781466, 'lag_26': 0.4933508024874888, 'lag_27': 0.42414244617118324, 'lag_28': 0.6378446126526807}.
[I 2025-10-03 11:39:16,684] Trial 83 finished with values: [0.014092163872180725, 0.0018593793981821882, 0.0011682288505419735, 0.0008611866090578836, 0.004593433371293029, 0.0017732108962555085, 0.00253471076935052, 0.002984870103161057, 0.002602940848865027, 0.00024251765453103992, 0.0009906724672804831, 0.0001127611452232326, 0.0076074864507494925, 0.024142189461989653, 0.0, 0.01917688820626679, 0.013506649522524778, 0.003895214356935804, 0.0006919318061808517, 7.804945530887354e-05, 0.0007552843629996242, 0.0013931693519374875, 0.0006498255292191502, 0.0013875759260205214, 0.00016938385940507431, 0.00011377818752407913, 0.001159365717252973, 0.002913462361668853, 0.0014428160565567595] and parameters: {'lag_0': 0.5532420788032549, 'lag_1': 0.05351370683029928, 'lag_2': 0.8281732300591208, 'lag_3': 0.625499031409566, 'lag_4': 0.04836738940680657, 'lag_5': 0.34992329103332603, 'lag_6': 0.17703006085083797, 'lag_7': 0.11311821077788833, 'lag_8': 0.5209339179136683, 'lag_9': 0.8383044236732623, 'lag_10': 0.2653533153860518, 'lag_11': 0.06015739997542778, 'lag_12': 0.4796319437138484, 'lag_13': 0.3311845715558221, 'lag_14': 0.9127946643645433, 'lag_15': 0.45723009912757295, 'lag_16': 0.7428775612880675, 'lag_17': 0.022153913378922956, 'lag_18': 0.7430356894120009, 'lag_19': 0.0665470716194931, 'lag_20': 0.5829020150655394, 'lag_21': 0.21289161249105948, 'lag_22': 0.5931217448630414, 'lag_23': 0.3090187083271747, 'lag_24': 0.7063526210799393, 'lag_25': 0.178551210234962, 'lag_26': 0.5653197157430372, 'lag_27': 0.28078389776611035, 'lag_28': 0.41897999791442087}.
[I 2025-10-03 11:39:19,360] Trial 84 finished with values: [0.01407300548615242, 0.0005376638276445225, 0.003819448134948072, 0.0017554788664369925, 0.003160719207901901, 0.0032411910437648316, 0.0032504000001264285, 0.0019758488530893696, 0.0026686013161968704, 0.0008269320204203713, 0.00043292353142476063, 0.0005329017699362361, 0.008780496882988513, 0.024350762704841666, 0.0, 0.023638141646258874, 0.015258954769344501, 0.0049774120759478275, 0.0008522415642885171, 8.741545338339214e-05, 0.0006748834070380631, 0.0010866695515135076, 0.000815928178280804, 0.0012784195795943242, 0.00010450476364613044, 7.782027115778718e-05, 0.0007355060470048377, 0.0021718868970788054, 0.002195190895614761] and parameters: {'lag_0': 0.45352637478902164, 'lag_1': 0.7541452679026343, 'lag_2': 0.5163152241900091, 'lag_3': 0.5041887086297898, 'lag_4': 0.3235556391007367, 'lag_5': 0.08678928776888285, 'lag_6': 0.8802408017080012, 'lag_7': 0.3553118078482112, 'lag_8': 0.170541322907286, 'lag_9': 0.37831563381459377, 'lag_10': 0.9743324308180689, 'lag_11': 0.04518203355167295, 'lag_12': 0.8901222174109087, 'lag_13': 0.5121063937293303, 'lag_14': 0.25902374546255574, 'lag_15': 0.0076912587625420055, 'lag_16': 0.683876194599353, 'lag_17': 0.2882645245626731, 'lag_18': 0.9641042950549615, 'lag_19': 0.21384147354860122, 'lag_20': 0.06990428480849911, 'lag_21': 0.08714511748368889, 'lag_22': 0.7089668494166569, 'lag_23': 0.510685662941418, 'lag_24': 0.8904846833682776, 'lag_25': 0.5532362866102795, 'lag_26': 0.48885362238328456, 'lag_27': 0.9663342230192167, 'lag_28': 0.970651528880718}.
[I 2025-10-03 11:39:22,032] Trial 85 finished with values: [0.015000940887955418, 0.0017971247776901182, 0.0035663749425102996, 0.0008096613156864839, 0.0026084390450877583, 0.002441112353173797, 0.0015590561347205937, 0.003215829493662345, 0.002138670187654887, 0.0002649409059946076, 0.0007374120944013214, 0.00017636158679153497, 0.006924433666827577, 0.021505842509792573, 0.0, 0.023759940841051572, 0.014615001845575992, 0.0038505058776411457, 0.0005465676419232385, 8.784633480834838e-05, 0.0008541276990180494, 0.0014480136436217513, 0.0009189205987449267, 0.0013886733329756377, 0.00024395989964055026, 9.831252889716744e-05, 0.0009065568497043314, 0.0019593166837281865, 0.0014852565859652276] and parameters: {'lag_0': 0.5532420788032549, 'lag_1': 0.36671936530190746, 'lag_2': 0.7178201029398583, 'lag_3': 0.06884838891920592, 'lag_4': 0.1469204469295911, 'lag_5': 0.5032067954892074, 'lag_6': 0.700640137306309, 'lag_7': 0.7147668441238898, 'lag_8': 0.21930239883392602, 'lag_9': 0.91676548070504, 'lag_10': 0.2653533153860518, 'lag_11': 0.08339033130742733, 'lag_12': 0.5138093408318378, 'lag_13': 0.08216333245884477, 'lag_14': 0.5733563286279161, 'lag_15': 0.34046946360162944, 'lag_16': 0.6407443539113917, 'lag_17': 0.022153913378922956, 'lag_18': 0.8928214189915217, 'lag_19': 0.0665470716194931, 'lag_20': 0.7942949119756284, 'lag_21': 0.21289161249105948, 'lag_22': 0.8832827501733483, 'lag_23': 0.7962223310132491, 'lag_24': 0.22479740735461862, 'lag_25': 0.8780417406322598, 'lag_26': 0.9335963260400552, 'lag_27': 0.46756510222546166, 'lag_28': 0.8340795825300644}.
[I 2025-10-03 11:39:24,693] Trial 86 finished with values: [0.0214158239143367, 0.003981101544373437, 0.003540818066146715, 0.00039863104011972654, 0.003376105971637107, 0.002187923180105387, 0.0035681429509224886, 0.001809124587945526, 0.0016779622575239773, 0.0012160137098716304, 0.00042604357665115903, 0.000822010013258419, 0.010500813617641705, 0.019788030843438838, 0.0, 0.026435179100902213, 0.016327970845612275, 0.004546983056845667, 0.0008221168025903891, 8.15569716047218e-05, 0.0010746720691802575, 0.0010319391933742534, 0.0011057782072185483, 0.0019644304423887355, 0.00013492584875298045, 2.983816129578893e-05, 0.001499152869289699, 0.0025787747598974287, 0.0014041100696835312] and parameters: {'lag_0': 0.7461174506789341, 'lag_1': 0.13545185363484, 'lag_2': 0.3213196355469132, 'lag_3': 0.9058956903934424, 'lag_4': 0.7063469123002192, 'lag_5': 0.5222462134805747, 'lag_6': 0.19377856677549024, 'lag_7': 0.049304021520812695, 'lag_8': 0.7568675551159103, 'lag_9': 0.6911630161108118, 'lag_10': 0.12734962528271265, 'lag_11': 0.5463348153921914, 'lag_12': 0.8616702753251153, 'lag_13': 0.6165315800184133, 'lag_14': 0.36138692345330015, 'lag_15': 0.9639749662407819, 'lag_16': 0.22093751515332005, 'lag_17': 0.3647310076609195, 'lag_18': 0.07186209001173118, 'lag_19': 0.2529646788529775, 'lag_20': 0.9101256121814376, 'lag_21': 0.9191269595555539, 'lag_22': 0.570790072794824, 'lag_23': 0.997891722331397, 'lag_24': 0.5044604857697326, 'lag_25': 0.8779768700972009, 'lag_26': 0.609261529094212, 'lag_27': 0.48671023820298875, 'lag_28': 0.9574813890750484}.
[I 2025-10-03 11:39:27,356] Trial 87 finished with values: [0.020094405741477285, 0.0007473419132029387, 0.0005489446742548263, 0.0008412358877738044, 0.004704952671949091, 0.0033246197623931044, 0.003942839841653172, 0.0033269478974597825, 0.0016737152098636743, 0.00033427631653145886, 0.0003807484478681432, 0.00031743104249298956, 0.009008586870094723, 0.022294802245469432, 0.0, 0.029020469024519508, 0.01657964319580716, 0.004886920644965568, 0.0006522945769585388, 0.00012549428574497415, 0.0014705511709960394, 0.0013587708875452099, 0.0010441743314501572, 0.001867464028508114, 0.000145967439085379, 8.54630925767577e-05, 0.0011598159676576257, 0.0009685318448176357, 0.0010466139272257834] and parameters: {'lag_0': 0.5786193794384483, 'lag_1': 0.191363325147117, 'lag_2': 0.3642771213057908, 'lag_3': 0.33818880990240907, 'lag_4': 0.5063836855780918, 'lag_5': 0.5299552422248491, 'lag_6': 0.5952530879046745, 'lag_7': 0.6910594493173038, 'lag_8': 0.6753905838963343, 'lag_9': 0.846372969163993, 'lag_10': 0.6573627106795672, 'lag_11': 0.5466207000683704, 'lag_12': 0.7765098821087811, 'lag_13': 0.9641841454836511, 'lag_14': 0.6823303082231675, 'lag_15': 0.03654696858417112, 'lag_16': 0.8975460976459373, 'lag_17': 0.057833330316900224, 'lag_18': 0.0918037240265323, 'lag_19': 0.14845959523121002, 'lag_20': 0.0970275772940148, 'lag_21': 0.19436954320502714, 'lag_22': 0.4908535602441308, 'lag_23': 0.788254414201707, 'lag_24': 0.7814134764408577, 'lag_25': 0.552940768687651, 'lag_26': 0.9880882519699357, 'lag_27': 0.24817988470531727, 'lag_28': 0.743218078824909}.
[I 2025-10-03 11:39:30,025] Trial 88 finished with values: [0.018402273778835347, 0.0033949865184755546, 0.0004977983817876076, 0.0004921016330737703, 0.004093098384505268, 0.00278080070041878, 0.0016315993772621318, 0.0023871128732870653, 0.0025538744818295487, 0.00025894701381363533, 0.0006893512032994251, 0.00023928015038852512, 0.008798072564515843, 0.02113853921378283, 0.0, 0.02966178836979729, 0.017031821268426225, 0.004164170108880434, 0.0009028950702063854, 0.00016158998459428903, 0.0011261967154385718, 0.0010800128114359458, 0.0007072037198804752, 0.0018038954092219838, 0.00017487447483945106, 0.000116873816228537, 0.0013872917574274412, 0.0025938585571012164, 0.0005820118430706078] and parameters: {'lag_0': 0.682247827665116, 'lag_1': 0.94713976619809, 'lag_2': 0.35560808030794094, 'lag_3': 0.7980666100012102, 'lag_4': 0.737829028196714, 'lag_5': 0.639026597895356, 'lag_6': 0.07031519865407561, 'lag_7': 0.7062353745105825, 'lag_8': 0.006193815688630211, 'lag_9': 0.12233540034843506, 'lag_10': 0.025162294561869525, 'lag_11': 0.2942076825715714, 'lag_12': 0.7516926918009371, 'lag_13': 0.3952963315507002, 'lag_14': 0.8826093030767, 'lag_15': 0.11806790755189939, 'lag_16': 0.30806135921322325, 'lag_17': 0.15036732020009114, 'lag_18': 0.9975342988088062, 'lag_19': 0.32074875443102563, 'lag_20': 0.9250681622628449, 'lag_21': 0.6855359751129879, 'lag_22': 0.7534923580372418, 'lag_23': 0.6243049597973455, 'lag_24': 0.4898966756411477, 'lag_25': 0.5513522088921828, 'lag_26': 0.147284729285781, 'lag_27': 0.9996941809321871, 'lag_28': 0.03765182168101429}.
[I 2025-10-03 11:39:32,689] Trial 89 finished with values: [0.017562165377751338, 0.002150313576909494, 0.00032287636178540143, 0.0012343578381714502, 0.003331800931821907, 0.0039785697522703445, 0.0017030992658052025, 0.0024185529203174564, 0.002727871524346368, 0.000392847295659075, 0.0005723657073188907, 0.00015271388126715876, 0.00799066096187673, 0.022498911066060924, 0.0, 0.026955249799745763, 0.01638638023785414, 0.0040025068339478755, 0.0007860983384487691, 0.00010909625504074922, 0.0008590098525809926, 0.0013364739339671548, 0.0005158827441454396, 0.0016298186104633234, 0.00027288072020648557, 7.410132644060559e-05, 0.0007780957507611928, 0.0023343916574781742, 0.0008562110082099507] and parameters: {'lag_0': 0.6082509379356846, 'lag_1': 0.191363325147117, 'lag_2': 0.3642771213057908, 'lag_3': 0.33818880990240907, 'lag_4': 0.9657829341586933, 'lag_5': 0.864153591057305, 'lag_6': 0.4543667860206408, 'lag_7': 0.6910594493173038, 'lag_8': 0.04974914299811729, 'lag_9': 0.920597314097689, 'lag_10': 0.8232235356327516, 'lag_11': 0.003562833141832238, 'lag_12': 0.4068219512139634, 'lag_13': 0.8435273926106562, 'lag_14': 0.3787816153882587, 'lag_15': 0.9968650237272609, 'lag_16': 0.8975460976459373, 'lag_17': 0.9092536889561639, 'lag_18': 0.7905565329926605, 'lag_19': 0.14845959523121002, 'lag_20': 0.5870206449940336, 'lag_21': 0.31878981412673457, 'lag_22': 0.4908535602441308, 'lag_23': 0.24192204011644952, 'lag_24': 0.6008821178820829, 'lag_25': 0.13646710020976255, 'lag_26': 0.39005697161210734, 'lag_27': 0.22600634438998607, 'lag_28': 0.5930713568250189}.
[I 2025-10-03 11:39:35,352] Trial 90 finished with values: [0.013854848304580603, 0.002866806799193687, 0.0013191630691404101, 0.00016596614268028206, 0.00486630086401277, 0.003549444722731844, 0.003783608786679808, 0.0022728365014392936, 0.0014224303124092622, 0.0006083381972441493, 0.0005807215724516589, 0.00023497529377640712, 0.007002088507186624, 0.019551292608422973, 0.0, 0.02487239228857469, 0.015068024342361685, 0.004015933043293179, 0.000565951672213243, 4.9288070689695504e-05, 0.0011216050973342786, 0.0014582651254422389, 0.0008027165834499559, 0.0019239952276151843, 7.161364121274771e-05, 6.292532685759891e-05, 0.0009394583773499061, 0.002682126013396128, 0.0007971403462671042] and parameters: {'lag_0': 0.4116835371451352, 'lag_1': 0.25750115565554443, 'lag_2': 0.9844991107360561, 'lag_3': 0.03452951888882262, 'lag_4': 0.7163261372148694, 'lag_5': 0.7694522422721747, 'lag_6': 0.9501108109597933, 'lag_7': 0.11311821077788833, 'lag_8': 0.5209339179136683, 'lag_9': 0.6475642827041362, 'lag_10': 0.35454155625210537, 'lag_11': 0.4916614171639211, 'lag_12': 0.4796319437138484, 'lag_13': 0.3311845715558221, 'lag_14': 0.597986273322188, 'lag_15': 0.45723009912757295, 'lag_16': 0.03003998674552912, 'lag_17': 0.6835134689287254, 'lag_18': 0.38705213777549313, 'lag_19': 0.5177742760580092, 'lag_20': 0.9165838781044644, 'lag_21': 0.12059311651704391, 'lag_22': 0.4905056652981486, 'lag_23': 0.8150599196311532, 'lag_24': 0.8382095442182677, 'lag_25': 0.10656148773899755, 'lag_26': 0.37094349027451073, 'lag_27': 0.8617781607241194, 'lag_28': 0.9338999281028192}.
[I 2025-10-03 11:39:38,017] Trial 91 finished with values: [0.013708506841165969, 0.0016763801874474017, 0.0020954509001851565, 0.0005294811326100647, 0.004208748241228522, 0.0031178346805712347, 0.0011287884976614285, 0.002849881013086767, 0.002440461546505556, 0.00033887604092463044, 0.00036682765345499434, 0.0003042817702651782, 0.0073530762771131745, 0.019651554043565122, 0.0, 0.025141948645292365, 0.01722357174106413, 0.004195872654798647, 0.000508947823131519, 9.740767104555172e-05, 0.0008351040742725791, 0.0012308483196629039, 0.0008021498092401089, 0.0021253073071113237, 0.00015845147681606996, 8.72288734932719e-05, 0.0011259893345757076, 0.0014409725487126263, 0.0018808461600473927] and parameters: {'lag_0': 0.7371888870270475, 'lag_1': 0.49621352510026967, 'lag_2': 0.3396931437670961, 'lag_3': 0.8610977798903561, 'lag_4': 0.8233005544633057, 'lag_5': 0.6847953053168951, 'lag_6': 0.4095190928714001, 'lag_7': 0.6276132651718728, 'lag_8': 0.620406347489682, 'lag_9': 0.7538428330864086, 'lag_10': 0.637661471355089, 'lag_11': 0.6653003234192412, 'lag_12': 0.11568088640156095, 'lag_13': 0.5261218893957452, 'lag_14': 0.7562034353966609, 'lag_15': 0.6792006953522557, 'lag_16': 0.012599358187564944, 'lag_17': 0.45084969747845555, 'lag_18': 0.9655413459893176, 'lag_19': 0.5611453032969301, 'lag_20': 0.4039250160366009, 'lag_21': 0.27143215345434496, 'lag_22': 0.17861047124337778, 'lag_23': 0.29339340642320805, 'lag_24': 0.564897856075355, 'lag_25': 0.23500228986846805, 'lag_26': 0.3409950649837912, 'lag_27': 0.00896873712900523, 'lag_28': 0.32825640351681795}.
[I 2025-10-03 11:39:40,678] Trial 92 finished with values: [0.02032733369059149, 0.0022799214973768197, 0.0005719419981568279, 0.00032980641320096523, 0.00510358251747025, 0.0030954155136670297, 0.004796959584074753, 0.002876473687811568, 0.0016256023357172032, 0.0005111294074618391, 0.0004807152073712892, 0.00035403471860903635, 0.009339506705801302, 0.021174415190098807, 0.0, 0.02405091812608285, 0.01595525471472744, 0.004098144550239438, 0.0008039950554773799, 0.00014193267108366845, 0.000989725551680983, 0.0013004801967790294, 0.0005873240042278022, 0.0014972638133612427, 0.00021077904222979732, 9.581254862499947e-05, 0.00145638540265869, 0.0014878341274199348, 0.0016292910853787617] and parameters: {'lag_0': 0.37063947744151193, 'lag_1': 0.7032332072373286, 'lag_2': 0.6733492720567729, 'lag_3': 0.5082790447312473, 'lag_4': 0.10261068800313768, 'lag_5': 0.22602659212717255, 'lag_6': 0.7033580302764503, 'lag_7': 0.752912950134357, 'lag_8': 0.8204654858724778, 'lag_9': 0.41513536704033394, 'lag_10': 0.8017404047535803, 'lag_11': 0.9927613976934222, 'lag_12': 0.5577946427777825, 'lag_13': 0.5645549741561305, 'lag_14': 0.31547056964993475, 'lag_15': 0.9919117455494493, 'lag_16': 0.31746043673837265, 'lag_17': 0.9160364801435849, 'lag_18': 0.18694312799581247, 'lag_19': 0.6145911070650439, 'lag_20': 0.05261302344244517, 'lag_21': 0.5191719587706012, 'lag_22': 0.23260662773248528, 'lag_23': 0.03644035295881972, 'lag_24': 0.8716837054654206, 'lag_25': 0.6664993918997066, 'lag_26': 0.49907645955625773, 'lag_27': 0.5413643836227945, 'lag_28': 0.922690806136541}.
[I 2025-10-03 11:39:43,339] Trial 93 finished with values: [0.02063669112300879, 0.005426567503591078, 0.002178436025557607, 0.00017063793120685686, 0.004097075946361621, 0.0028073806013591877, 0.0018304946109076777, 0.001913048620466674, 0.003083795420027167, 0.0002681532454761947, 0.0007563044465183577, 0.0001520779389493907, 0.008161502145929884, 0.02103672056966352, 0.0, 0.01988218668235562, 0.012988071782717842, 0.003495620431769058, 0.000279942439350116, 7.657817780062927e-05, 0.000950991620938615, 0.0010242331815885656, 0.000672196406271957, 0.0017070466536495729, 0.00029953594967228517, 0.0002155939690516821, 0.0006933053137681192, 0.0016197226187946324, 0.0008104341926063509] and parameters: {'lag_0': 0.18928837851837543, 'lag_1': 0.04402619899658862, 'lag_2': 0.2970887452192533, 'lag_3': 0.7467807273717781, 'lag_4': 0.01223728902579281, 'lag_5': 0.5050161635197205, 'lag_6': 0.1947913283167774, 'lag_7': 0.0376277305164526, 'lag_8': 0.8676948468309796, 'lag_9': 0.08717652279059625, 'lag_10': 0.5344316568135827, 'lag_11': 0.9618468990242617, 'lag_12': 0.3379593351328555, 'lag_13': 0.46679378862215315, 'lag_14': 0.5509163836627274, 'lag_15': 0.4124868499921636, 'lag_16': 0.18971226351416454, 'lag_17': 0.14185890166644008, 'lag_18': 0.709415539477628, 'lag_19': 0.6423476992704746, 'lag_20': 0.12645979626235296, 'lag_21': 0.2426902232836222, 'lag_22': 0.6747711793061996, 'lag_23': 0.7678781570229233, 'lag_24': 0.9404094196325873, 'lag_25': 0.2316675426271816, 'lag_26': 0.2431948255101454, 'lag_27': 0.5678070339911738, 'lag_28': 0.9566428178017458}.
