[I 2025-09-29 13:07:25,280] Trial 20 finished with value: 0.017165376485678514 and parameters: {'lag_0': 0.8078077323830244, 'lag_1': 0.8501479684884282, 'lag_2': 0.8504505253562292, 'lag_3': 0.26081038600533835, 'lag_4': 0.3403071588470261, 'lag_5': 0.5678486481107138, 'lag_6': 0.11433884114109828, 'lag_7': 0.3576861034763535, 'lag_8': 0.8698308432466124, 'lag_9': 0.5115537813714092, 'lag_10': 0.14258243228137435, 'lag_11': 0.993688559551208, 'lag_12': 0.7296820444279333, 'lag_13': 0.34789449657986554, 'lag_14': 0.6799170635331249, 'lag_15': 0.9909350522641162, 'lag_16': 0.3595790598842179, 'lag_17': 0.3740987457471431, 'lag_18': 0.3797602140343516, 'lag_19': 0.2200294893905297, 'lag_20': 0.7908919622577322, 'lag_21': 0.6157949249538933, 'lag_22': 0.748552880125446, 'lag_23': 0.6428837474099902, 'lag_24': 0.5747722382423388, 'lag_25': 0.7171673533270546, 'lag_26': 0.3038845069524345, 'lag_27': 0.017357142596554603, 'lag_28': 0.9803530716956317}. Best is trial 19 with value: 0.009365470527448022.
[I 2025-09-29 13:07:27,760] Trial 21 finished with value: 0.01018236292253472 and parameters: {'lag_0': 0.5786511092896331, 'lag_1': 0.8372995476828469, 'lag_2': 0.6395063093532853, 'lag_3': 0.4590437452810867, 'lag_4': 0.49661128699276214, 'lag_5': 0.5091947701632972, 'lag_6': 0.13519153594190214, 'lag_7': 0.48665311299989616, 'lag_8': 0.8135776142729737, 'lag_9': 0.43076685175654295, 'lag_10': 0.2851071777151545, 'lag_11': 0.47852804291696494, 'lag_12': 0.5380283099986133, 'lag_13': 0.6020985630279341, 'lag_14': 0.8270542124833127, 'lag_15': 0.9078325948256506, 'lag_16': 0.12356938428892161, 'lag_17': 0.14681189453921556, 'lag_18': 0.4254460798108345, 'lag_19': 0.3220550152513168, 'lag_20': 0.5571971839938388, 'lag_21': 0.24293751538430586, 'lag_22': 0.991509186914629, 'lag_23': 0.9167721891269061, 'lag_24': 0.8886643848607059, 'lag_25': 0.5626226143522366, 'lag_26': 0.47819464538628403, 'lag_27': 0.18403071595114895, 'lag_28': 0.7575652486955098}. Best is trial 19 with value: 0.009365470527448022.
[I 2025-09-29 13:07:30,242] Trial 22 finished with value: 0.009963133652664966 and parameters: {'lag_0': 0.7227346852974917, 'lag_1': 0.5116563860791172, 'lag_2': 0.7980422305539593, 'lag_3': 0.3801647472508349, 'lag_4': 0.3408389637990493, 'lag_5': 0.37397959686361265, 'lag_6': 0.3463514713694805, 'lag_7': 0.2169179183470582, 'lag_8': 0.9735528507571848, 'lag_9': 0.6255913334062507, 'lag_10': 0.1421392811058063, 'lag_11': 0.11606234733712736, 'lag_12': 0.6867909569820191, 'lag_13': 0.39888767034181566, 'lag_14': 0.4163652945552361, 'lag_15': 0.5598182829995454, 'lag_16': 0.17788130755700177, 'lag_17': 0.6550684188305326, 'lag_18': 0.20156018061927172, 'lag_19': 0.1479195328018024, 'lag_20': 0.6464780771200626, 'lag_21': 0.0905358347464629, 'lag_22': 0.6795001043748495, 'lag_23': 0.9970430488378912, 'lag_24': 0.8398783570260958, 'lag_25': 0.7681728115970037, 'lag_26': 0.5982657903486583, 'lag_27': 0.32222803288996393, 'lag_28': 0.8768131561476392}. Best is trial 19 with value: 0.009365470527448022.
[I 2025-09-29 13:07:32,731] Trial 23 finished with value: 0.009866743546401352 and parameters: {'lag_0': 0.9351738362055406, 'lag_1': 0.7623171791061991, 'lag_2': 0.9706839098148907, 'lag_3': 0.5519379359158532, 'lag_4': 0.6621025430011389, 'lag_5': 0.6688570980880058, 'lag_6': 0.5691627962820078, 'lag_7': 0.3825240671371495, 'lag_8': 0.5962562859564488, 'lag_9': 0.33894582762950853, 'lag_10': 0.49750254241394487, 'lag_11': 0.6749133570307854, 'lag_12': 0.8322667698160812, 'lag_13': 0.572327505007016, 'lag_14': 0.966488901706289, 'lag_15': 0.7352063397532687, 'lag_16': 0.08160474711609243, 'lag_17': 0.15064252496079183, 'lag_18': 0.6228155809128031, 'lag_19': 0.4590880381842151, 'lag_20': 0.47805119131053253, 'lag_21': 0.2609182468887909, 'lag_22': 0.524226171237247, 'lag_23': 0.82912537378439, 'lag_24': 0.7373488046560099, 'lag_25': 0.9261912448912155, 'lag_26': 0.7969780644459481, 'lag_27': 0.40795956724064397, 'lag_28': 0.34908026092934485}. Best is trial 19 with value: 0.009365470527448022.
[I 2025-09-29 13:07:35,217] Trial 24 finished with value: 0.010522792096840159 and parameters: {'lag_0': 0.4888121283909821, 'lag_1': 0.6474185944827592, 'lag_2': 0.6294452902663251, 'lag_3': 0.27402840397432643, 'lag_4': 0.5538365302015932, 'lag_5': 0.499795768312526, 'lag_6': 0.09571412946421201, 'lag_7': 0.6312324483033136, 'lag_8': 0.8888958906671416, 'lag_9': 0.49225248692011675, 'lag_10': 0.26709798441947896, 'lag_11': 0.2756748453662084, 'lag_12': 0.44080790246652857, 'lag_13': 0.6963495812018876, 'lag_14': 0.8376446154568925, 'lag_15': 0.896563262785955, 'lag_16': 0.00023768132996337954, 'lag_17': 0.33427263523197515, 'lag_18': 0.5644037500722632, 'lag_19': 0.9855408990510409, 'lag_20': 0.8615728310587301, 'lag_21': 0.4401853104439365, 'lag_22': 0.8454047432021135, 'lag_23': 0.8923021437592907, 'lag_24': 0.9390106968090739, 'lag_25': 0.8349626779457991, 'lag_26': 0.6897435982738844, 'lag_27': 0.17676467647439909, 'lag_28': 0.8428561970669842}. Best is trial 19 with value: 0.009365470527448022.
[I 2025-09-29 13:07:37,699] Trial 25 finished with value: 0.009875208861124394 and parameters: {'lag_0': 0.8792456762647998, 'lag_1': 0.8066241874615877, 'lag_2': 0.766722506446238, 'lag_3': 0.7079107258600505, 'lag_4': 0.40236965997739854, 'lag_5': 0.8075821949494175, 'lag_6': 0.32544161726580534, 'lag_7': 0.47301050981102943, 'lag_8': 0.7476555769689759, 'lag_9': 0.23955414959747257, 'lag_10': 0.15667969597236442, 'lag_11': 0.5302112225193282, 'lag_12': 0.5754481975566992, 'lag_13': 0.07588298762840529, 'lag_14': 0.6336808370972311, 'lag_15': 0.5946755193036386, 'lag_16': 0.211434927391802, 'lag_17': 0.3839615564742783, 'lag_18': 0.8057179829049603, 'lag_19': 0.3139309440766128, 'lag_20': 0.34770263277927493, 'lag_21': 0.2139292615972602, 'lag_22': 0.4055298001585849, 'lag_23': 0.7965397165941137, 'lag_24': 0.9973549227706707, 'lag_25': 0.9970316571654745, 'lag_26': 0.9353537341837349, 'lag_27': 0.5659102491613309, 'lag_28': 0.6065698429177535}. Best is trial 19 with value: 0.009365470527448022.
[I 2025-09-29 13:07:40,177] Trial 26 finished with value: 0.009477335418309137 and parameters: {'lag_0': 0.7445170270169724, 'lag_1': 0.9010702137189626, 'lag_2': 0.8898227208271097, 'lag_3': 0.5435558994884266, 'lag_4': 0.14914240638808737, 'lag_5': 0.3057687701432688, 'lag_6': 0.7607764142685547, 'lag_7': 0.5143998952938418, 'lag_8': 0.691318359614045, 'lag_9': 0.7955345761292836, 'lag_10': 0.4241961108832475, 'lag_11': 0.3946815341709911, 'lag_12': 0.23826504032295073, 'lag_13': 0.43980987073649463, 'lag_14': 0.7429450728647633, 'lag_15': 0.7951983467525944, 'lag_16': 0.5950966199213195, 'lag_17': 0.12061906451354101, 'lag_18': 0.43442023943297087, 'lag_19': 0.5882231298205669, 'lag_20': 0.7393679751096, 'lag_21': 0.07799096030350361, 'lag_22': 0.5182108262585324, 'lag_23': 0.9180783430056204, 'lag_24': 0.838994463147008, 'lag_25': 0.7542406126332843, 'lag_26': 0.5288260566223448, 'lag_27': 0.2537014177455733, 'lag_28': 0.006633902847462823}. Best is trial 19 with value: 0.009365470527448022.
[I 2025-09-29 13:07:42,669] Trial 27 finished with value: 0.009916504677085844 and parameters: {'lag_0': 0.7395217263730612, 'lag_1': 0.9949815848459653, 'lag_2': 0.902056490132592, 'lag_3': 0.5461028295881328, 'lag_4': 0.10920862600727041, 'lag_5': 0.33979026154228775, 'lag_6': 0.7750477573833865, 'lag_7': 0.7048064778952534, 'lag_8': 0.6978927055851992, 'lag_9': 0.9638003203763752, 'lag_10': 0.59800022721131, 'lag_11': 0.44578345055742546, 'lag_12': 0.13648150146332497, 'lag_13': 0.2804427765814081, 'lag_14': 0.7567890330982042, 'lag_15': 0.8462154272619146, 'lag_16': 0.5786378964764856, 'lag_17': 0.001999864301832896, 'lag_18': 0.3530869607429762, 'lag_19': 0.6042092028630476, 'lag_20': 0.7574489613638218, 'lag_21': 0.07016567503535251, 'lag_22': 0.5099353763685104, 'lag_23': 0.6832552774789978, 'lag_24': 0.7065305534011292, 'lag_25': 0.6510049875207838, 'lag_26': 0.24774165672325787, 'lag_27': 0.2446513492200027, 'lag_28': 0.2317008069892918}. Best is trial 19 with value: 0.009365470527448022.
[I 2025-09-29 13:07:45,149] Trial 28 finished with value: 0.010824265203853226 and parameters: {'lag_0': 0.7106816473420541, 'lag_1': 0.9146789416080021, 'lag_2': 0.9097997892240361, 'lag_3': 0.4303447533422502, 'lag_4': 0.008122873586845852, 'lag_5': 0.13550900388276707, 'lag_6': 0.17785258882492638, 'lag_7': 0.5585245488419414, 'lag_8': 0.839243612192759, 'lag_9': 0.8081920086339758, 'lag_10': 0.4438246777349489, 'lag_11': 0.5752756961943053, 'lag_12': 0.9925607220077828, 'lag_13': 0.41180241714138854, 'lag_14': 0.9115004969955214, 'lag_15': 0.4157007051347717, 'lag_16': 0.6052263337432493, 'lag_17': 0.11463718213240315, 'lag_18': 0.40297993018899925, 'lag_19': 0.201916989384613, 'lag_20': 0.6240143122477799, 'lag_21': 0.08600355000164545, 'lag_22': 0.6542300616056266, 'lag_23': 0.4586130435419882, 'lag_24': 0.609558921629918, 'lag_25': 0.5266402626252408, 'lag_26': 0.4405437573277917, 'lag_27': 0.11878291816622805, 'lag_28': 0.8069356788767978}. Best is trial 19 with value: 0.009365470527448022.
[I 2025-09-29 13:07:47,634] Trial 29 finished with value: 0.009554222616377058 and parameters: {'lag_0': 0.5593828104874666, 'lag_1': 0.13536532841196536, 'lag_2': 0.8097727728492297, 'lag_3': 0.28474306866387766, 'lag_4': 0.14455866650523855, 'lag_5': 0.22007552897611554, 'lag_6': 0.9755967306515169, 'lag_7': 0.08934795241733356, 'lag_8': 0.647508046054704, 'lag_9': 0.4768330593664065, 'lag_10': 0.6856555135275236, 'lag_11': 0.7160751856728212, 'lag_12': 0.4828356299449227, 'lag_13': 0.44109749995928477, 'lag_14': 0.8876905328670467, 'lag_15': 0.947145659482843, 'lag_16': 0.3699025987670139, 'lag_17': 0.10425835461477073, 'lag_18': 0.22053420605612167, 'lag_19': 0.4507320033360065, 'lag_20': 0.8254186680837611, 'lag_21': 0.13998511205493078, 'lag_22': 0.8125122276574196, 'lag_23': 0.9249359451609771, 'lag_24': 0.8290417391370126, 'lag_25': 0.4638056859067042, 'lag_26': 0.5410479774966134, 'lag_27': 0.3895882049611245, 'lag_28': 0.9212597578191603}. Best is trial 19 with value: 0.009365470527448022.
[I 2025-09-29 13:07:50,118] Trial 30 finished with value: 0.011443452837075239 and parameters: {'lag_0': 0.439279976537781, 'lag_1': 0.8873657649813496, 'lag_2': 0.5742032031442078, 'lag_3': 0.1487434222992801, 'lag_4': 0.852899515998504, 'lag_5': 0.28146614027947153, 'lag_6': 0.8902605858461785, 'lag_7': 0.35589811736397803, 'lag_8': 0.5817760422058113, 'lag_9': 0.41668798218127595, 'lag_10': 0.3414760287046402, 'lag_11': 0.4190592452190328, 'lag_12': 0.7084829524983692, 'lag_13': 0.31497544317079695, 'lag_14': 0.7487542000275504, 'lag_15': 0.6726612719455715, 'lag_16': 0.7800195279872604, 'lag_17': 0.42247967801418124, 'lag_18': 0.7731935427826389, 'lag_19': 0.34661781559655047, 'lag_20': 0.9491652863353699, 'lag_21': 0.17787554904308994, 'lag_22': 0.8667399846687807, 'lag_23': 0.5719141913670343, 'lag_24': 0.2339791241364637, 'lag_25': 0.710970820299828, 'lag_26': 0.39607241499301205, 'lag_27': 0.12114588251236019, 'lag_28': 0.6052786314506902}. Best is trial 19 with value: 0.009365470527448022.
[I 2025-09-29 13:07:52,600] Trial 31 finished with value: 0.009778304406329414 and parameters: {'lag_0': 0.5616881942102988, 'lag_1': 0.2690146208379606, 'lag_2': 0.8084171847865207, 'lag_3': 0.29318613865869225, 'lag_4': 0.1447670900483155, 'lag_5': 0.1762347007739184, 'lag_6': 0.9272263759035395, 'lag_7': 0.05343399866796983, 'lag_8': 0.6787765007745906, 'lag_9': 0.5071005206860998, 'lag_10': 0.6737765235783356, 'lag_11': 0.7440690108493948, 'lag_12': 0.49406781163413427, 'lag_13': 0.43227041001888655, 'lag_14': 0.903402599120161, 'lag_15': 0.9526865199313082, 'lag_16': 0.3682654763369436, 'lag_17': 0.10533276948102374, 'lag_18': 0.22573743303016183, 'lag_19': 0.4473205145939415, 'lag_20': 0.8266188752192183, 'lag_21': 0.12726582862015148, 'lag_22': 0.7558884232969089, 'lag_23': 0.9178496070653732, 'lag_24': 0.838748848641824, 'lag_25': 0.4626843156508088, 'lag_26': 0.5308757539837156, 'lag_27': 0.4118669103143129, 'lag_28': 0.9077299656894876}. Best is trial 19 with value: 0.009365470527448022.
[I 2025-09-29 13:07:55,082] Trial 32 finished with value: 0.010203086651281062 and parameters: {'lag_0': 0.6040976082289433, 'lag_1': 0.15135013291283306, 'lag_2': 0.8729063949360376, 'lag_3': 0.3525258555342838, 'lag_4': 0.16461354259104932, 'lag_5': 0.22444883065798188, 'lag_6': 0.7591350311402625, 'lag_7': 0.15712812281178187, 'lag_8': 0.44715134102572424, 'lag_9': 0.3828909926633961, 'lag_10': 0.9936886227580846, 'lag_11': 0.37130962176008847, 'lag_12': 0.23380051167622634, 'lag_13': 0.5464472152181622, 'lag_14': 0.8657641552107537, 'lag_15': 0.025020520410803104, 'lag_16': 0.5413811849869508, 'lag_17': 0.2925327299249286, 'lag_18': 0.15577953133314493, 'lag_19': 0.5277398251088237, 'lag_20': 0.7307316993976322, 'lag_21': 0.17986983146394808, 'lag_22': 0.9417566833186799, 'lag_23': 0.8520288857032912, 'lag_24': 0.7995709942288218, 'lag_25': 0.35371177988219676, 'lag_26': 0.4025768324291816, 'lag_27': 0.5555210578759157, 'lag_28': 0.932268059456514}. Best is trial 19 with value: 0.009365470527448022.
[I 2025-09-29 13:07:57,571] Trial 33 finished with value: 0.00986130785460374 and parameters: {'lag_0': 0.43738424538095777, 'lag_1': 0.16722671459419847, 'lag_2': 0.7745069745287635, 'lag_3': 0.3972918912850661, 'lag_4': 0.28309377709519395, 'lag_5': 0.07425300829578971, 'lag_6': 0.9919572687960483, 'lag_7': 0.06901433069392086, 'lag_8': 0.5136353854999421, 'lag_9': 0.0013377775176679485, 'lag_10': 0.6460698523805061, 'lag_11': 0.8236503008115189, 'lag_12': 0.630721353824324, 'lag_13': 0.48874998208479803, 'lag_14': 0.772669566825284, 'lag_15': 0.8203827363132153, 'lag_16': 0.9882155463182636, 'lag_17': 0.07683408332006118, 'lag_18': 0.29877008899598767, 'lag_19': 0.44041192467113993, 'lag_20': 0.9287775085337495, 'lag_21': 0.27670585143864324, 'lag_22': 0.5783673991576831, 'lag_23': 0.9468630356719078, 'lag_24': 0.896956040879589, 'lag_25': 0.2556961252046157, 'lag_26': 0.5499264477702674, 'lag_27': 0.40144841107432616, 'lag_28': 0.9993312213033607}. Best is trial 19 with value: 0.009365470527448022.
[I 2025-09-29 13:08:00,165] Trial 34 finished with value: 0.009920003500442096 and parameters: {'lag_0': 0.7701516802768023, 'lag_1': 0.4182209296834388, 'lag_2': 0.9568290226806113, 'lag_3': 0.4872163942620652, 'lag_4': 0.08209521090149663, 'lag_5': 0.3165288505274296, 'lag_6': 0.8721542930752519, 'lag_7': 0.014151825240294708, 'lag_8': 0.6731342948924707, 'lag_9': 0.2643160196508296, 'lag_10': 0.7336421275623517, 'lag_11': 0.7140645791798619, 'lag_12': 0.4065732713731963, 'lag_13': 0.44912996978449726, 'lag_14': 0.6718357134918593, 'lag_15': 0.9539661260207765, 'lag_16': 0.4114288305454099, 'lag_17': 0.18829610323176357, 'lag_18': 0.3576644206963567, 'lag_19': 0.5705721785739221, 'lag_20': 0.8202311573773179, 'lag_21': 0.0562024986727989, 'lag_22': 0.7102782028742681, 'lag_23': 0.7855669135689927, 'lag_24': 0.7357284886603057, 'lag_25': 0.5042438859427023, 'lag_26': 0.6653937758274666, 'lag_27': 0.01356200059058485, 'lag_28': 0.803874530305775}. Best is trial 19 with value: 0.009365470527448022.
[I 2025-09-29 13:08:02,662] Trial 35 finished with value: 0.011573924174060531 and parameters: {'lag_0': 0.6964356736397426, 'lag_1': 0.5757905806039224, 'lag_2': 0.6726990382511462, 'lag_3': 0.31433968505575677, 'lag_4': 0.30992653739821263, 'lag_5': 0.1937960512659565, 'lag_6': 0.7726537184514994, 'lag_7': 0.23254938158082494, 'lag_8': 0.9986250303280243, 'lag_9': 0.4768412566729493, 'lag_10': 0.42110758943194937, 'lag_11': 0.6095175635156568, 'lag_12': 0.27015203587280445, 'lag_13': 0.16058189338304696, 'lag_14': 0.9483771935264979, 'lag_15': 0.15522693935884585, 'lag_16': 0.7034535587024051, 'lag_17': 0.0063878403726699146, 'lag_18': 0.2747828309605701, 'lag_19': 0.27586428026537857, 'lag_20': 0.982733188397191, 'lag_21': 0.1475309439643943, 'lag_22': 0.7887984819173389, 'lag_23': 0.7122579102445769, 'lag_24': 0.5257673926581693, 'lag_25': 0.7513172611425214, 'lag_26': 0.3381920031634299, 'lag_27': 0.2689326057265502, 'lag_28': 0.29519009298271015}. Best is trial 19 with value: 0.009365470527448022.
[I 2025-09-29 13:08:05,152] Trial 36 finished with value: 0.010054726236915173 and parameters: {'lag_0': 0.870302858454336, 'lag_1': 0.3583508439009295, 'lag_2': 0.9898136348494416, 'lag_3': 0.21744032596078416, 'lag_4': 0.19704414733096265, 'lag_5': 0.22483329695507295, 'lag_6': 0.93284218848513, 'lag_7': 0.8100912111414579, 'lag_8': 0.9121121251793434, 'lag_9': 0.3653797156015559, 'lag_10': 0.5235772324647324, 'lag_11': 0.781120574482159, 'lag_12': 0.8280728796139069, 'lag_13': 0.17984874273474377, 'lag_14': 0.570389061947729, 'lag_15': 0.8926387776675198, 'lag_16': 0.45569902343512236, 'lag_17': 0.18493395818776603, 'lag_18': 0.1763958894577458, 'lag_19': 0.17575663453565255, 'lag_20': 0.6681227742624987, 'lag_21': 0.11462528622473594, 'lag_22': 0.8803771855845139, 'lag_23': 0.8743178251131642, 'lag_24': 0.8354462628552171, 'lag_25': 0.388866750291443, 'lag_26': 0.45875184835598926, 'lag_27': 0.5299979440115179, 'lag_28': 0.4627511473194229}. Best is trial 19 with value: 0.009365470527448022.
[I 2025-09-29 13:08:07,636] Trial 37 finished with value: 0.009910341492671207 and parameters: {'lag_0': 0.49991457211823215, 'lag_1': 0.9215732767332966, 'lag_2': 0.5773149801300309, 'lag_3': 0.13377969273668605, 'lag_4': 0.2445255268094994, 'lag_5': 0.28054191460910827, 'lag_6': 0.2560890799147425, 'lag_7': 0.9941571826436436, 'lag_8': 0.5569805755920154, 'lag_9': 0.529147808036819, 'lag_10': 0.07982202108152522, 'lag_11': 0.27058143732631595, 'lag_12': 0.9226280543658123, 'lag_13': 0.3646475251327975, 'lag_14': 0.8023693794772935, 'lag_15': 0.9328497526977768, 'lag_16': 0.3238081410534124, 'lag_17': 0.5429820048804316, 'lag_18': 0.4617251066204567, 'lag_19': 0.07311903879196635, 'lag_20': 0.8807999625905447, 'lag_21': 0.0038713159625267113, 'lag_22': 0.5589565462003119, 'lag_23': 0.1131699786728051, 'lag_24': 0.4392508031071937, 'lag_25': 0.6277240697030698, 'lag_26': 0.15614777232952115, 'lag_27': 0.6439648408289815, 'lag_28': 0.38308006106508263}. Best is trial 19 with value: 0.009365470527448022.
[I 2025-09-29 13:08:10,122] Trial 38 finished with value: 0.009541936395228115 and parameters: {'lag_0': 0.545413230863964, 'lag_1': 0.7997907939281149, 'lag_2': 0.929631835136276, 'lag_3': 0.6442001078293773, 'lag_4': 0.012607878213358459, 'lag_5': 0.062725060917454, 'lag_6': 0.1813180552945003, 'lag_7': 0.6789333799042834, 'lag_8': 0.8177211211896895, 'lag_9': 0.6713751729145506, 'lag_10': 0.2058269945311414, 'lag_11': 0.08050636581074583, 'lag_12': 0.7714629886422394, 'lag_13': 0.277677198268405, 'lag_14': 0.8862379608859933, 'lag_15': 0.8551453297636331, 'lag_16': 0.06487432107344936, 'lag_17': 0.08664941080666283, 'lag_18': 0.09439344631098412, 'lag_19': 0.3891807324907085, 'lag_20': 0.4271944203458532, 'lag_21': 0.19051719977801024, 'lag_22': 0.4697490093433317, 'lag_23': 0.9360371347903423, 'lag_24': 0.9207199864144219, 'lag_25': 0.571052435450952, 'lag_26': 0.28807234787174385, 'lag_27': 0.7670007287355614, 'lag_28': 0.11180550693270458}. Best is trial 19 with value: 0.009365470527448022.
[I 2025-09-29 13:08:12,610] Trial 39 finished with value: 0.010043376813426156 and parameters: {'lag_0': 0.8323077472360704, 'lag_1': 0.8109970760032016, 'lag_2': 0.945294572081812, 'lag_3': 0.6176412787149302, 'lag_4': 0.028974766002005978, 'lag_5': 0.05549436382568353, 'lag_6': 0.18451581191358685, 'lag_7': 0.7025677953312692, 'lag_8': 0.7996486621516595, 'lag_9': 0.7548447623764609, 'lag_10': 0.20105637525408465, 'lag_11': 0.08319462460748744, 'lag_12': 0.8132717231315462, 'lag_13': 0.28884145450555615, 'lag_14': 0.7126322224843067, 'lag_15': 0.8656205055607747, 'lag_16': 0.06969585047863325, 'lag_17': 0.26962795503324105, 'lag_18': 0.06500081095482019, 'lag_19': 0.3809911689465668, 'lag_20': 0.4002600672148921, 'lag_21': 0.20317662495620137, 'lag_22': 0.46545423928450547, 'lag_23': 0.7755072525568266, 'lag_24': 0.11999448150757297, 'lag_25': 0.5586236856955659, 'lag_26': 0.04454206068384084, 'lag_27': 0.9077474666677904, 'lag_28': 0.08820312587956254}. Best is trial 19 with value: 0.009365470527448022.
[I 2025-09-29 13:08:15,098] Trial 40 finished with value: 0.010385045834354512 and parameters: {'lag_0': 0.3790951773234077, 'lag_1': 0.6652088710460683, 'lag_2': 0.40908631667505724, 'lag_3': 0.5874863836736426, 'lag_4': 0.08269183265904267, 'lag_5': 0.001593900368721167, 'lag_6': 0.05690668367038432, 'lag_7': 0.8622029442885766, 'lag_8': 0.07039667762397411, 'lag_9': 0.6624613124908088, 'lag_10': 0.3417526454772903, 'lag_11': 0.2886162791802831, 'lag_12': 0.7442175836682838, 'lag_13': 0.229599578643288, 'lag_14': 0.5230498354267901, 'lag_15': 0.7674199805897216, 'lag_16': 0.05723017961027119, 'lag_17': 0.6989929983650212, 'lag_18': 0.008235216766689063, 'lag_19': 0.2996210330606293, 'lag_20': 0.5143631043912257, 'lag_21': 0.28957342356487914, 'lag_22': 0.6126254745540255, 'lag_23': 0.38026678599653163, 'lag_24': 0.9269126588885883, 'lag_25': 0.7987765551865175, 'lag_26': 0.23042320704579108, 'lag_27': 0.7637017926763431, 'lag_28': 0.1792216298768939}. Best is trial 19 with value: 0.009365470527448022.
