[I 2025-10-03 11:36:46,806] Trial 29 finished with values: [0.003474769888231427, 0.002399895717849431, 0.0017464941978871502, 0.001607238812631725, 0.00147858671734318, 0.000777954917229145, 0.001270606832390771, 0.00012098157054813876, 0.00030953347402619353, 0.000796058160513372, 0.0001545956770792426, 0.002147195194325602, 0.0035490699117703617, 0.009230544233737125, 0.0, 0.12745858081829753, 0.00037379676443106676, 0.005926337136730688, 0.00610717833131178, 0.0009306596132394885, 0.0018371551926411067, 0.014024305159953296, 0.0012549821071230326, 0.0030180591809233583, 0.004751185895690422, 0.005703075353781462, 0.00023228106411491987, 0.0027642707299826426, 0.0024993681597406856] and parameters: {'lag_0': 0.6922679626310648, 'lag_1': 0.5551415721332887, 'lag_2': 0.8109843801357806, 'lag_3': 0.31515995098097566, 'lag_4': 0.3858758303726928, 'lag_5': 0.8569526923717085, 'lag_6': 0.5218926443610106, 'lag_7': 0.3550517777317701, 'lag_8': 0.1769653783606094, 'lag_9': 0.935858504418716, 'lag_10': 0.94151035170975, 'lag_11': 0.9619354701708708, 'lag_12': 0.1872499801424886, 'lag_13': 0.5147352240626547, 'lag_14': 0.9135048185717173, 'lag_15': 0.6217278429445157, 'lag_16': 0.1171905107396816, 'lag_17': 0.8893054931492579, 'lag_18': 0.901341150964726, 'lag_19': 0.7954814122001597, 'lag_20': 0.43102465345193053, 'lag_21': 0.4474220006483014, 'lag_22': 0.9949347868317248, 'lag_23': 0.1459850516092217, 'lag_24': 0.29415267844938175, 'lag_25': 0.3734684409325518, 'lag_26': 0.904004792362668, 'lag_27': 0.6012369247520409, 'lag_28': 0.9670515168039183}.
[I 2025-10-03 11:36:49,413] Trial 30 finished with values: [0.0006574621959237343, 0.0015645982797213753, 0.0007085601162070533, 0.0009968425129250153, 0.0003353267254317258, 0.0005636370620420852, 0.0017357923551155588, 8.954844316779378e-05, 0.0003913867307309342, 0.00039436783468805735, 0.0002612456092170808, 0.0026621307317598606, 0.0035112965906140417, 0.01004623533133447, 0.0, 0.12552341732353964, 0.0004107469595102615, 0.00539444718661773, 0.005649681532832972, 0.0009499168712229332, 0.0017070776049272255, 0.014009281318127254, 0.0022648467536721907, 0.002351214805318057, 0.004783619930625882, 0.005829737952508127, 0.00025031549770048367, 0.0018854624439697564, 0.0019358739547164195] and parameters: {'lag_0': 0.5326731772406907, 'lag_1': 0.7449164410898064, 'lag_2': 0.6848825014421631, 'lag_3': 0.30826158266198983, 'lag_4': 0.9984130882905901, 'lag_5': 0.779635194042348, 'lag_6': 0.6602911123752929, 'lag_7': 0.6507300247619064, 'lag_8': 0.2182492239736315, 'lag_9': 0.39162133746377925, 'lag_10': 0.4871965478223397, 'lag_11': 0.7436866662305975, 'lag_12': 0.19925167367294655, 'lag_13': 0.34185449135596274, 'lag_14': 0.4341482415776057, 'lag_15': 0.6074003588545348, 'lag_16': 0.23979133931542165, 'lag_17': 0.9110826195856074, 'lag_18': 0.3058732302855978, 'lag_19': 0.9553419879372521, 'lag_20': 0.1791029078401116, 'lag_21': 0.6547634051105795, 'lag_22': 0.6447572186465941, 'lag_23': 0.9043828948828173, 'lag_24': 0.20410323552732063, 'lag_25': 0.17155057523507558, 'lag_26': 0.008971893690612683, 'lag_27': 0.6413515798602855, 'lag_28': 0.04302546413181418}.
[I 2025-10-03 11:36:52,012] Trial 31 finished with values: [0.0034790215889116986, 0.0019069468001549432, 0.0013731533467072807, 0.002652943878874827, 0.00020409812486214197, 0.0006983880069784059, 0.0012197569065783879, 0.00011495122739265786, 0.0008999645582621743, 0.0009604159010503348, 0.0006513450245655365, 0.002471569675107242, 0.004543431125458825, 0.008589761694414897, 0.0, 0.12003261292194115, 0.0002165501258523439, 0.005723145863365404, 0.006424156311882661, 0.0008717139502293795, 0.001599370626435445, 0.013762279549838158, 0.0013055903501778532, 0.002356198018385006, 0.004087712566657806, 0.005033779140345643, 0.0002258485194028753, 0.0021604223548049696, 0.002765718280358146] and parameters: {'lag_0': 0.27821219986240237, 'lag_1': 0.1687693025146244, 'lag_2': 0.08057274088929639, 'lag_3': 0.5444731219227, 'lag_4': 0.938279818188877, 'lag_5': 0.9916542598774079, 'lag_6': 0.31795246438867936, 'lag_7': 0.16628589330539623, 'lag_8': 0.9306161081730879, 'lag_9': 0.15440782960544513, 'lag_10': 0.3225179947469023, 'lag_11': 0.45988802240701504, 'lag_12': 0.7500064863868211, 'lag_13': 0.358633344138055, 'lag_14': 0.911247191112162, 'lag_15': 0.694458602864616, 'lag_16': 0.2797874502053364, 'lag_17': 0.04478679321172298, 'lag_18': 0.8133430057586628, 'lag_19': 0.9867564358017354, 'lag_20': 0.2685155397108502, 'lag_21': 0.4462513150179732, 'lag_22': 0.13828227475248148, 'lag_23': 0.7351888794581796, 'lag_24': 0.6513989603909776, 'lag_25': 0.7620747640657191, 'lag_26': 0.6082877565319954, 'lag_27': 0.06851087547454453, 'lag_28': 0.7480592271633076}.
[I 2025-10-03 11:36:54,612] Trial 32 finished with values: [0.007721149091778465, 0.0010255891769258279, 0.0009897565685277848, 0.0012116265888013592, 0.001784223525247553, 0.0008723562651807815, 0.0023635968722645105, 0.0001487205355417611, 0.00042226204681796207, 0.0004717203278814948, 0.000272723964450174, 0.003281476336774311, 0.005106566802081875, 0.009060839195638007, 0.0, 0.12614023934174423, 0.0002835532615299217, 0.005009408303731841, 0.006675157276495541, 0.0012831125762241306, 0.0018244212389156855, 0.013480762050915227, 0.0019518567691019825, 0.0027609555742960507, 0.004953522649321904, 0.006494506845027198, 7.415296137646047e-05, 0.002302626844856209, 0.0018663037075130958] and parameters: {'lag_0': 0.4434826908624944, 'lag_1': 0.2143065728284665, 'lag_2': 0.311088699362646, 'lag_3': 0.4932084230514215, 'lag_4': 0.16208573407475177, 'lag_5': 0.3934558807960841, 'lag_6': 0.1023426584482259, 'lag_7': 0.958330737043332, 'lag_8': 0.2865394248123211, 'lag_9': 0.9788927464004229, 'lag_10': 0.7414847050665149, 'lag_11': 0.7360007694543321, 'lag_12': 0.4522859132697603, 'lag_13': 0.4262499729805114, 'lag_14': 0.4990083497223846, 'lag_15': 0.3609127833647366, 'lag_16': 0.3399050744350608, 'lag_17': 0.6539150077268194, 'lag_18': 0.420643957771885, 'lag_19': 0.6722486408381692, 'lag_20': 0.11453277045337047, 'lag_21': 0.2818462397243204, 'lag_22': 0.855086885836075, 'lag_23': 0.7900035479036862, 'lag_24': 0.8017971880202971, 'lag_25': 0.44290615758154706, 'lag_26': 0.852451529725395, 'lag_27': 0.9144549469379158, 'lag_28': 0.8713187725048761}.
[I 2025-10-03 11:36:57,216] Trial 33 finished with values: [0.011922894294689167, 0.0038343703153694694, 0.0011940981791813982, 0.001619302263345906, 0.0006977032079510016, 0.0007932036752087236, 0.002046594890277567, 0.000141792071111232, 0.00023381878836128105, 0.0005361443135619216, 0.000508199313669556, 0.003038987845401794, 0.003861297244408343, 0.009936445851680957, 0.0, 0.12061484156804525, 0.0006003972484520395, 0.005006093242536343, 0.005522755025354242, 0.0010241893606725099, 0.0020798417996803196, 0.013509359288839723, 0.0012925186234062646, 0.002853927781909168, 0.0037879983982665906, 0.005622410189437464, 0.0002332767868144809, 0.0022912295421125307, 0.0022664578773532963] and parameters: {'lag_0': 0.040630792318145335, 'lag_1': 0.10535344280388687, 'lag_2': 0.1593231110491314, 'lag_3': 0.786385349326422, 'lag_4': 0.5269476275278605, 'lag_5': 0.3911401380023577, 'lag_6': 0.9805326259726411, 'lag_7': 0.7062793457979908, 'lag_8': 0.02238454221770218, 'lag_9': 0.25932907921791953, 'lag_10': 0.1253202906946478, 'lag_11': 0.08829639892658425, 'lag_12': 0.15960868010209814, 'lag_13': 0.6379890149062958, 'lag_14': 0.5996013304687603, 'lag_15': 0.6738941639081765, 'lag_16': 0.609132803433836, 'lag_17': 0.5510760768024587, 'lag_18': 0.7314060966328879, 'lag_19': 0.4199895274854755, 'lag_20': 0.6583082832316965, 'lag_21': 0.19390109239649161, 'lag_22': 0.8913764393389308, 'lag_23': 0.364646276511584, 'lag_24': 0.28055887305731525, 'lag_25': 0.06196427181258445, 'lag_26': 0.5810470564323447, 'lag_27': 0.8613400446513599, 'lag_28': 0.8312659958933081}.
[I 2025-10-03 11:36:59,825] Trial 34 finished with values: [0.0028454963839579226, 0.0031355790650853107, 0.002698499591053404, 0.004230705482294429, 0.0011736046451040951, 0.0011799002107540266, 0.0029656884208294873, 5.797083707640811e-05, 0.0005802913227879335, 0.00036876835039883083, 0.0005370639907990838, 0.002332178658945258, 0.004287642936379617, 0.010384528744499615, 0.0, 0.12158964626567495, 0.00014813436040176314, 0.007127713378471628, 0.006334077502522557, 0.001186389183896985, 0.002138867624752672, 0.012507768905491387, 0.0011608410431457902, 0.0027252361929492822, 0.004024824642855187, 0.004696870044772919, 2.5589437807820286e-05, 0.002979644467868153, 0.0029520649079446157] and parameters: {'lag_0': 0.04605638073262518, 'lag_1': 0.82271538349124, 'lag_2': 0.25312821842032823, 'lag_3': 0.4104272732125727, 'lag_4': 0.4240196049974534, 'lag_5': 0.3079728686920428, 'lag_6': 0.8134627531437664, 'lag_7': 0.5010492072068115, 'lag_8': 0.8339733167074054, 'lag_9': 0.9454348772732521, 'lag_10': 0.22788518103186334, 'lag_11': 0.18958884504628132, 'lag_12': 0.07519078217022651, 'lag_13': 0.6972700329284417, 'lag_14': 0.9593836245815428, 'lag_15': 0.28668859899837784, 'lag_16': 0.18691885460651342, 'lag_17': 0.9923057512198283, 'lag_18': 0.793582491817458, 'lag_19': 0.7015651442513912, 'lag_20': 0.8544975927695063, 'lag_21': 0.5307445639503221, 'lag_22': 0.9447271010951986, 'lag_23': 0.12215489560322634, 'lag_24': 0.4812069390091649, 'lag_25': 0.6612231355639611, 'lag_26': 0.4837065711662963, 'lag_27': 0.5333696702724248, 'lag_28': 0.929350434274897}.
[I 2025-10-03 11:37:02,433] Trial 35 finished with values: [0.008349769888231426, 0.0014568190084402201, 0.0018727545400791877, 0.0020985344050027895, 0.0019830429778596977, 0.0022850999199928983, 0.003389201869765491, 0.0003638963035707422, 0.0004606842711733828, 0.0003264158200594999, 0.0002218870511820511, 0.003120688297197592, 0.004159592128067924, 0.010217284419321754, 0.0, 0.13145119505401814, 0.0005355382075138359, 0.005836807128625355, 0.005592931043738222, 0.0012389762636628066, 0.0019168654295244308, 0.01259519430468153, 0.0016299732746255732, 0.0025823770809801313, 0.005505368434636608, 0.00459188373039436, 0.0002367034801202139, 0.0020193964463835023, 0.002330056475453018] and parameters: {'lag_0': 0.7763540774586075, 'lag_1': 0.6194894961823791, 'lag_2': 0.43548646456504814, 'lag_3': 0.9214138972312508, 'lag_4': 0.1351822102462099, 'lag_5': 0.4568056405597348, 'lag_6': 0.4728961894863604, 'lag_7': 0.608192478809739, 'lag_8': 0.5950628906771847, 'lag_9': 0.5131004763250661, 'lag_10': 0.9068783378886092, 'lag_11': 0.5479385653976621, 'lag_12': 0.6891591468544432, 'lag_13': 0.7627524457293878, 'lag_14': 0.08942931668140207, 'lag_15': 0.8194773333937915, 'lag_16': 0.8982171688343242, 'lag_17': 0.8469200053315435, 'lag_18': 0.3527160628588043, 'lag_19': 0.9817200467703174, 'lag_20': 0.7490336136453578, 'lag_21': 0.7099862065026894, 'lag_22': 0.9500709070810227, 'lag_23': 0.3212044158786648, 'lag_24': 0.6327837603024566, 'lag_25': 0.9784847968017173, 'lag_26': 0.16818153686035547, 'lag_27': 0.6609623482599549, 'lag_28': 0.1957157773226213}.
[I 2025-10-03 11:37:05,040] Trial 36 finished with values: [0.0006574621959237343, 0.0009575678975924483, 0.0010764899771185388, 0.002845587542863325, 0.0007060717522231647, 0.00047742892330052453, 0.0025171517481075057, 0.0004744859398177996, 0.0005349033230752224, 0.0002263558776262855, 0.0004693750644046042, 0.002956698429989395, 0.00423112763424492, 0.010214533806438091, 0.0, 0.12031595713119088, 0.00031924606343455814, 0.005506640890315617, 0.004903528003931989, 0.0008557971554469327, 0.0019582201548233548, 0.0134618251602821, 0.0017856043555772988, 0.002095505727550008, 0.0040004157519340925, 0.004999805039517238, 0.00023861832673377639, 0.002179716351575208, 0.0015995346414731707] and parameters: {'lag_0': 0.9153372691690254, 'lag_1': 0.8720987199942262, 'lag_2': 0.2289370516602329, 'lag_3': 0.7929385859242445, 'lag_4': 0.3302571533249326, 'lag_5': 0.6706634428133117, 'lag_6': 0.10861448739841802, 'lag_7': 0.7242495226125758, 'lag_8': 0.9377344119664359, 'lag_9': 0.4723259193308786, 'lag_10': 0.477136679738824, 'lag_11': 0.46042569170717773, 'lag_12': 0.8381526802311893, 'lag_13': 0.5992796390739791, 'lag_14': 0.703955412113612, 'lag_15': 0.874895781394007, 'lag_16': 0.12777112995820933, 'lag_17': 0.05694768527658285, 'lag_18': 0.7816212972701105, 'lag_19': 0.3799051899170428, 'lag_20': 0.31741336668668485, 'lag_21': 0.0857113842840457, 'lag_22': 0.6248458227891772, 'lag_23': 0.991007113064484, 'lag_24': 0.7127077834833014, 'lag_25': 0.9145987990703179, 'lag_26': 0.17645784551243116, 'lag_27': 0.412650146065709, 'lag_28': 0.7504073256915649}.
[I 2025-10-03 11:37:07,645] Trial 37 finished with values: [0.0036683707013377338, 0.003278701195542045, 0.00041159300974003807, 0.00201358301291385, 0.0017374516837188668, 0.00016124749745498947, 0.0023204184866368292, 0.00044564907945779766, 0.0005655858456120124, 0.00036897743823119096, 0.0002999626677356094, 0.0025361741892618852, 0.003799517591394999, 0.009113474346067095, 0.0, 0.12783077363736384, 0.0002818474482040186, 0.006384628040022081, 0.0058418568218691035, 0.001180357168230076, 0.0015975584865664558, 0.011678039955642058, 0.0018031966996525455, 0.0031079245322350275, 0.004668851982167458, 0.004798925033337901, 0.0003026082956955755, 0.0015519202230689527, 0.0017884950466713792] and parameters: {'lag_0': 0.8922964196161485, 'lag_1': 0.3651207246008122, 'lag_2': 0.9869121939361438, 'lag_3': 0.5680773248232108, 'lag_4': 0.24850289022537753, 'lag_5': 0.8250603056133565, 'lag_6': 0.07437927744021174, 'lag_7': 0.06554334863497809, 'lag_8': 0.6824970813673121, 'lag_9': 0.6841057219132729, 'lag_10': 0.920549107289081, 'lag_11': 0.9242187037702597, 'lag_12': 0.04168967611450634, 'lag_13': 0.6784540326752347, 'lag_14': 0.22108150163774828, 'lag_15': 0.48785681875077247, 'lag_16': 0.7019168472364274, 'lag_17': 0.4797615738603919, 'lag_18': 0.8715647980186276, 'lag_19': 0.657288617850119, 'lag_20': 0.8221024798709679, 'lag_21': 0.6836586321394326, 'lag_22': 0.28670094476283586, 'lag_23': 0.35318448218098314, 'lag_24': 0.25529125436487876, 'lag_25': 0.1792504978186089, 'lag_26': 0.39265954518072277, 'lag_27': 0.9898419219776848, 'lag_28': 0.024222301652649866}.
[I 2025-10-03 11:37:10,252] Trial 38 finished with values: [0.001377953825506273, 0.0013892095012342728, 0.002247042723523665, 0.002540159147917131, 0.0006189360548143652, 0.00056713972145819, 0.0019170661100326443, 0.00045174811862545795, 0.00022453351089535704, 0.0005417035091917061, 0.0003937857068156002, 0.0012223541107169186, 0.003781487247731259, 0.008874651674841801, 0.0, 0.12790797578498284, 0.0005068578427503914, 0.00626578881336876, 0.005451088381566363, 0.0006823302430992183, 0.0014795173214105426, 0.013666690249582105, 0.0012487610844601454, 0.0023675826021760664, 0.004470487801201154, 0.005728579097681691, 0.0002383947089333736, 0.001931612567882094, 0.0021151452675980975] and parameters: {'lag_0': 0.35081980653142886, 'lag_1': 0.913589714151072, 'lag_2': 0.835839206585261, 'lag_3': 0.971572361549154, 'lag_4': 0.4422345530539788, 'lag_5': 0.6672423390549593, 'lag_6': 0.380353000956007, 'lag_7': 0.9579243253381527, 'lag_8': 0.34517579218009803, 'lag_9': 0.788574939167776, 'lag_10': 0.849157529884078, 'lag_11': 0.3325460738577341, 'lag_12': 0.4802662634253286, 'lag_13': 0.6669397986170736, 'lag_14': 0.054402602330895194, 'lag_15': 0.6416845885374808, 'lag_16': 0.9677503502362883, 'lag_17': 0.27210038455141183, 'lag_18': 0.7391814501003964, 'lag_19': 0.7000317885854505, 'lag_20': 0.22248931714518497, 'lag_21': 0.23998450639897473, 'lag_22': 0.8243336375587161, 'lag_23': 0.857877118674283, 'lag_24': 0.25512103441099226, 'lag_25': 0.6275673466877193, 'lag_26': 0.020504808176097494, 'lag_27': 0.6662907163240461, 'lag_28': 0.7030663748877182}.
[I 2025-10-03 11:37:12,857] Trial 39 finished with values: [0.0006574621959237343, 0.0021493214233461464, 0.0009908198901661246, 0.00301316718620876, 0.0011120945021176522, 0.0009062308345217107, 0.0028448971652546826, 8.264221130994387e-05, 0.0002646471643635637, 0.0003411397703987168, 0.00039013611074279673, 0.0029218709082440677, 0.004751198733936106, 0.008500111577487588, 0.0, 0.13339027112052612, 0.0005393059512513399, 0.005260006983855931, 0.005785204062495079, 0.0010892027232915608, 0.0022361176138426613, 0.01332155740396907, 0.0010368720786113218, 0.002728980660429882, 0.004034915374624047, 0.005869609371986662, 0.00039911836551062595, 0.0031292353333775467, 0.0035961363632252023] and parameters: {'lag_0': 0.021666200400413525, 'lag_1': 0.9754990366203945, 'lag_2': 0.5119492115414588, 'lag_3': 0.42554844921644497, 'lag_4': 0.029076151676221056, 'lag_5': 0.11891343927387513, 'lag_6': 0.6185290197974549, 'lag_7': 0.8330720640192834, 'lag_8': 0.049585281163415956, 'lag_9': 0.025686978649034534, 'lag_10': 0.9558095302515942, 'lag_11': 0.613298823502774, 'lag_12': 0.25658836758639547, 'lag_13': 0.626214488640972, 'lag_14': 0.9348606210238208, 'lag_15': 0.31783948349822966, 'lag_16': 0.8960769444891618, 'lag_17': 0.5427205862980848, 'lag_18': 0.04846402913075358, 'lag_19': 0.5704930316365879, 'lag_20': 0.6376870666548939, 'lag_21': 0.7694282218779048, 'lag_22': 0.8312456310207028, 'lag_23': 0.9095475390894611, 'lag_24': 0.7899280991839726, 'lag_25': 0.7235250783042081, 'lag_26': 0.08529614711112732, 'lag_27': 0.6598661795805343, 'lag_28': 0.3152582812368976}.
[I 2025-10-03 11:37:15,618] Trial 40 finished with values: [0.0011916502301117684, 0.00118451695832312, 0.0031343411982574024, 0.002792373391435757, 0.0010898381273863398, 0.0013817074340738964, 0.0031798197857503653, 5.0624318573956435e-05, 0.00044563882825772547, 0.0008608575322296287, 0.0004898303033809258, 0.0036341359915866662, 0.003281800790278463, 0.00881372435393565, 0.0, 0.1336225139160109, 0.00046965589876592955, 0.006886331389742069, 0.005488475787235695, 0.0013956661137899417, 0.0016846496062687406, 0.012788167518579117, 0.001325100678808125, 0.002178713594949836, 0.00466338993291217, 0.0046395731823250285, 0.00023415562649981985, 0.0013839615845053616, 0.002870448554421768] and parameters: {'lag_0': 0.6478057396847081, 'lag_1': 0.8480683010356278, 'lag_2': 0.35671439802118127, 'lag_3': 0.9907468871135213, 'lag_4': 0.9917097264271667, 'lag_5': 0.6009911227725856, 'lag_6': 0.5442563253692129, 'lag_7': 0.7594119538821995, 'lag_8': 0.4315685630354049, 'lag_9': 0.3959188913639538, 'lag_10': 0.10219644422548003, 'lag_11': 0.3932587365470486, 'lag_12': 0.06483360905623378, 'lag_13': 0.5617533968499341, 'lag_14': 0.006280624184004536, 'lag_15': 0.5989212799142375, 'lag_16': 0.8162169716721762, 'lag_17': 0.9377857288045994, 'lag_18': 0.1467904510605106, 'lag_19': 0.3666107698693662, 'lag_20': 0.7583962277871734, 'lag_21': 0.5858378638907047, 'lag_22': 0.7964668588237631, 'lag_23': 0.8311683532958335, 'lag_24': 0.7607418822714644, 'lag_25': 0.6289792682174487, 'lag_26': 0.823326270381253, 'lag_27': 0.9576020552854997, 'lag_28': 0.10478964875803264}.
[I 2025-10-03 11:37:18,241] Trial 41 finished with values: [0.00450361604207758, 0.0014162462256175584, 0.001476314604274417, 0.003298336228796736, 0.0020205622120003618, 0.00022845602138729413, 0.0012881327957149076, 0.0002552327834665111, 0.0004344995866875564, 0.0003625734267533679, 0.0007311107516285782, 0.0023316781951749467, 0.004681434820877863, 0.008087485065336176, 0.0, 0.1191808015719074, 0.0003327524651914455, 0.005097328786588308, 0.005860978423977261, 0.001017342743798348, 0.0019812258951268993, 0.012275968929916285, 0.0013402131837987102, 0.002796672040146736, 0.00411349613964255, 0.005123084047668614, 0.00017314625090906986, 0.0011139673155656064, 0.002307592827089673] and parameters: {'lag_0': 0.8584892619305357, 'lag_1': 0.3870811397586044, 'lag_2': 0.13693467748178373, 'lag_3': 0.49609763180738337, 'lag_4': 0.834403320656972, 'lag_5': 0.7259471791672137, 'lag_6': 0.8639661157762527, 'lag_7': 0.3908810974522259, 'lag_8': 0.8823605767563644, 'lag_9': 0.4703418676351208, 'lag_10': 0.19291871223063953, 'lag_11': 0.38288800855235244, 'lag_12': 0.7022264815258941, 'lag_13': 0.9364690297119731, 'lag_14': 0.5283737689210618, 'lag_15': 0.982849492996069, 'lag_16': 0.5216315540590186, 'lag_17': 0.8591833602339374, 'lag_18': 0.5900098640711252, 'lag_19': 0.3038841429019914, 'lag_20': 0.35572328677797316, 'lag_21': 0.6542500551919731, 'lag_22': 0.3792363980340533, 'lag_23': 0.00699822259080103, 'lag_24': 0.32876083095728903, 'lag_25': 0.7694191523434806, 'lag_26': 0.9512137821409954, 'lag_27': 0.7996359480355033, 'lag_28': 0.13392841930960386}.
