[I 2025-10-03 11:36:27,753] Trial 16 finished with values: [0.0044444444444444444, 0.0008216271211477242, 0.0007720752544598898, 0.0018068379484373043, 0.0003526185221114652, 0.001009448362116153, 0.0009399319696578985, 0.0014625952870965238, 0.0016584995329429256, 0.0021414232695854897, 0.0013953169514267932, 0.0005492012330673224, 0.0005983460240907951, 0.018426686860310217, 0.0, 0.0007489502392973703, 4.125850436572695e-05, 0.00038608420595081025, 0.001131285663237593, 7.596616511158011e-05, 4.9272928944337284e-05, 2.5946038268125856e-05, 0.00031271272101730157, 0.00020681950089615153, 0.0008627945459913373, 0.00020970564595817874, 0.00059319503625809, 0.002010771492236331, 0.0010562251039912909] and parameters: {'lag_0': 0.18249664122980283, 'lag_1': 0.9391946606471282, 'lag_2': 0.874255862977199, 'lag_3': 0.2904433076957772, 'lag_4': 0.9780936726252346, 'lag_5': 0.6174869102447017, 'lag_6': 0.11217725958860841, 'lag_7': 0.9845145385563191, 'lag_8': 0.9940271695268224, 'lag_9': 0.12612248158222603, 'lag_10': 0.8911010158215351, 'lag_11': 0.8941956043201684, 'lag_12': 0.7791636807029653, 'lag_13': 0.45349784511374375, 'lag_14': 0.5363284318451371, 'lag_15': 0.7743579328228312, 'lag_16': 0.4751956779612645, 'lag_17': 0.37061647866224123, 'lag_18': 0.620508496769476, 'lag_19': 0.42052113731740126, 'lag_20': 0.37230036855131476, 'lag_21': 0.29825447088526763, 'lag_22': 0.5453965926717671, 'lag_23': 0.8424056480830275, 'lag_24': 0.8404772573530583, 'lag_25': 0.5518051427618248, 'lag_26': 0.8032817330222, 'lag_27': 0.6439347881369627, 'lag_28': 0.12135728395642967}.
[I 2025-10-03 11:36:30,462] Trial 17 finished with values: [0.0044444444444444444, 0.0022043516340276444, 0.002544616365722163, 0.0012680128605869535, 0.0006020757267609876, 0.0015231576116489967, 0.0013976322991842637, 0.0018618652631718744, 0.0020346112020420094, 0.0024948222684533956, 0.0011890424747402987, 0.0012991210696981562, 0.00040699580138878417, 0.02002453217690154, 0.0, 0.00020096718489313455, 0.00026026431752624115, 0.0006292854581375482, 0.0005300476564887323, 1.8551776280332698e-05, 8.387467428407372e-05, 2.685328460526571e-05, 0.00024051636813005446, 0.0005467727279303677, 0.000833887463714858, 0.00016961433125874318, 0.0005208624737781339, 0.001362165708680144, 0.001860341355265175] and parameters: {'lag_0': 0.6772028578971466, 'lag_1': 0.8357669394603566, 'lag_2': 0.3292235221122436, 'lag_3': 0.9508310739155491, 'lag_4': 0.02577029425708961, 'lag_5': 0.3167186049953319, 'lag_6': 0.5327894480172017, 'lag_7': 0.11533166916458655, 'lag_8': 0.5471727099701178, 'lag_9': 0.7218266066195391, 'lag_10': 0.056391441570631085, 'lag_11': 0.4452854255437683, 'lag_12': 0.35987872171365387, 'lag_13': 0.6546226293070374, 'lag_14': 0.03328066847080146, 'lag_15': 0.4701832004405472, 'lag_16': 0.4219896000297857, 'lag_17': 0.8269968947867511, 'lag_18': 0.8457890486074873, 'lag_19': 0.20875390302479077, 'lag_20': 0.6325992997869673, 'lag_21': 0.4927085714780034, 'lag_22': 0.353190104952979, 'lag_23': 0.11861018731575065, 'lag_24': 0.877980622219446, 'lag_25': 0.10288041138626808, 'lag_26': 0.9175610179038323, 'lag_27': 0.022667516900914446, 'lag_28': 0.4667575056081921}.
[I 2025-10-03 11:36:33,171] Trial 18 finished with values: [0.007895820709673523, 0.004555345804342374, 0.0007807804748787641, 0.0015618115788402546, 0.0010986846346704381, 0.0015677106330512093, 0.0011543614238994557, 0.002528177261834374, 0.0022536479573976127, 0.002146460868853396, 0.0010182350219632968, 0.00093135526398534, 0.0006452015319603287, 0.01946218357634225, 0.0, 0.0006897779417336506, 9.306493856911445e-05, 0.0008598402828074028, 0.0006921977789627554, 2.3539610918958867e-05, 3.5110264305915974e-05, 8.010522195615145e-05, 0.0003646726330607924, 0.0002436113371013693, 0.0004801061908963242, 0.00031277787555766096, 0.0008254745734053408, 0.0012406039163730133, 0.0019462161905833633] and parameters: {'lag_0': 0.599798674559371, 'lag_1': 0.869195282988671, 'lag_2': 0.6971623924930954, 'lag_3': 0.9123306759259916, 'lag_4': 0.0027006526913252132, 'lag_5': 0.9179239676200016, 'lag_6': 0.5891158300406174, 'lag_7': 0.6775399211103336, 'lag_8': 0.20865724181756634, 'lag_9': 0.5240819396943869, 'lag_10': 0.25813313245013497, 'lag_11': 0.9462869346888372, 'lag_12': 0.8241222540120825, 'lag_13': 0.6924143467797981, 'lag_14': 0.4946928553640541, 'lag_15': 0.36512028873965324, 'lag_16': 0.12250801494756419, 'lag_17': 0.468161362376219, 'lag_18': 0.38062312542424487, 'lag_19': 0.1982072361430829, 'lag_20': 0.971333716569199, 'lag_21': 0.8613364840852804, 'lag_22': 0.8898192526201747, 'lag_23': 0.14887369549276952, 'lag_24': 0.723140938218279, 'lag_25': 0.8372943428828632, 'lag_26': 0.6858900264346256, 'lag_27': 0.24333132040885155, 'lag_28': 0.8769298518129153}.
[I 2025-10-03 11:36:35,882] Trial 19 finished with values: [0.007111111111111112, 0.0025803137875457247, 0.0013849233120895713, 0.0025581995413506992, 0.0007082319125487433, 0.0003682592720252093, 0.001819694328247981, 0.0009205197611396975, 0.0028800055031203108, 0.002061279686069558, 0.0010066719043911366, 0.0005947600361534772, 0.0005537131170018291, 0.019897930163095816, 0.0, 0.0007241879919790226, 3.5068872262153366e-05, 0.00034678144828892047, 0.0005938860724173168, 7.339974319033845e-05, 1.541941062949775e-05, 7.861493601571912e-05, 0.0003215429942555354, 0.0003024551745344456, 0.0005649465160529146, 0.00031445209358278204, 0.0006149697496069774, 0.001840679515543294, 0.001604419886427836] and parameters: {'lag_0': 0.9100992088506663, 'lag_1': 0.38287561579099205, 'lag_2': 0.6102156885567054, 'lag_3': 0.48090897749292244, 'lag_4': 0.5111064316229497, 'lag_5': 0.3067741648109438, 'lag_6': 0.5847938309142916, 'lag_7': 0.7243822964783895, 'lag_8': 0.41458033794489574, 'lag_9': 0.7432099961464941, 'lag_10': 0.2734279915074069, 'lag_11': 0.5799201656611098, 'lag_12': 0.9663893083587095, 'lag_13': 0.33260547525785666, 'lag_14': 0.04344810575725575, 'lag_15': 0.8351311321462197, 'lag_16': 0.26184288585461357, 'lag_17': 0.38370386909424137, 'lag_18': 0.32929912685027246, 'lag_19': 0.5863323107580255, 'lag_20': 0.35231551052906146, 'lag_21': 0.18556315951035612, 'lag_22': 0.3704882683600039, 'lag_23': 0.40744461634985296, 'lag_24': 0.9468571690647473, 'lag_25': 0.3657299838064719, 'lag_26': 0.870198466452204, 'lag_27': 0.2340530358505187, 'lag_28': 0.4027648158040238}.
[I 2025-10-03 11:36:38,579] Trial 20 finished with values: [0.017777777777777778, 0.0008266189444612819, 0.003737140518333562, 0.0026672825478890024, 0.0017203885712106664, 0.0014166650742281459, 0.0017396433901821595, 0.0018795197649653628, 0.002137132766732551, 0.0017169774878563315, 0.001402788390560561, 0.0006111675100915531, 0.000799898375821597, 0.021237246216471994, 0.0, 0.0003742440212605908, 0.0001710995289439646, 0.00034361844625301063, 0.001017549674045435, 5.5328911886477837e-05, 3.694499526518914e-05, 0.00014782051914116168, 0.00036932826281218525, 0.0005371148639550865, 0.0009846458496650555, 0.0001886743032868844, 0.0005637871372443347, 0.001825955154480125, 0.0019566388380515315] and parameters: {'lag_0': 0.2836484634400319, 'lag_1': 0.9495061015999345, 'lag_2': 0.9057565923336844, 'lag_3': 0.26496596988369353, 'lag_4': 0.20522828530977288, 'lag_5': 0.6211129497848586, 'lag_6': 0.15069489171524122, 'lag_7': 0.6353064797206509, 'lag_8': 0.46755363785989223, 'lag_9': 0.11058208701513607, 'lag_10': 0.6025152550049945, 'lag_11': 0.6207996106310174, 'lag_12': 0.9352662825830365, 'lag_13': 0.29273424386947694, 'lag_14': 0.3631305130568663, 'lag_15': 0.8226846946030317, 'lag_16': 0.5634005622899579, 'lag_17': 0.6408538997869726, 'lag_18': 0.9489836824000266, 'lag_19': 0.8348768023029632, 'lag_20': 0.6207398861392919, 'lag_21': 0.2631872680135439, 'lag_22': 0.7373276061065085, 'lag_23': 0.5375282660331563, 'lag_24': 0.15387076094777205, 'lag_25': 0.648113839311037, 'lag_26': 0.5798884898184191, 'lag_27': 0.765419282659695, 'lag_28': 0.1908039394092082}.
[I 2025-10-03 11:36:41,284] Trial 21 finished with values: [0.012040863177226815, 0.006408493260161753, 0.001031589261766505, 0.0025620246218667877, 0.0010817791275452295, 0.0007240219372945441, 0.0021081432616853494, 0.0013707466499503329, 0.0025489092116227157, 0.00206662387611432, 0.0017177966888777332, 0.0008727477741165118, 0.0008543368446801517, 0.0209367815219211, 0.0, 0.00042920939697531303, 0.0001927161312724366, 0.00024739120797076644, 0.0010344345502801913, 2.0778102077009433e-05, 5.457822520937791e-05, 3.743865207419652e-05, 0.0005439063252635977, 0.0004162534324596072, 0.00037744959585578157, 0.0005471051076775206, 0.001365467123887926, 0.0023756959118340797, 0.00034801649248846487] and parameters: {'lag_0': 0.3513849994064846, 'lag_1': 0.07290139681494204, 'lag_2': 0.24484382117386927, 'lag_3': 0.2890317139275206, 'lag_4': 0.3969106258642735, 'lag_5': 0.7035674256429905, 'lag_6': 0.8466265008846765, 'lag_7': 0.18574790453892237, 'lag_8': 0.7770262794759888, 'lag_9': 0.8682898887460606, 'lag_10': 0.7281323875628859, 'lag_11': 0.6032066364382193, 'lag_12': 0.9843971528302322, 'lag_13': 0.021950626664897565, 'lag_14': 0.699688868642883, 'lag_15': 0.7428622224702605, 'lag_16': 0.09190018739271386, 'lag_17': 0.5569952784921537, 'lag_18': 0.2352636358095693, 'lag_19': 0.978155703820412, 'lag_20': 0.2993748544887298, 'lag_21': 0.2663292027883043, 'lag_22': 0.5285608487505434, 'lag_23': 0.012112837997860388, 'lag_24': 0.3411471347149881, 'lag_25': 0.7429608037734818, 'lag_26': 0.9126739429907554, 'lag_27': 0.6722436121072216, 'lag_28': 0.3713109532706225}.
[I 2025-10-03 11:36:43,985] Trial 22 finished with values: [0.003950617283950617, 0.0017960036882091984, 0.0007027248093326866, 0.0021166089812882515, 0.00016672469407139694, 0.0015248007399194668, 0.0011593536887855242, 0.002540530784482798, 0.0016069415962101624, 0.0009883235865109194, 0.0012779088428400117, 0.00044912968387288935, 0.0006695739141655443, 0.020628413333030154, 0.0, 0.0005255102952766601, 7.405141304396527e-05, 0.0003797234988649037, 0.0009702956490687569, 6.673349990165645e-05, 1.856768645758314e-05, 0.0001691505678333903, 0.00047389287827003445, 0.000291146383377528, 0.0005218304046765607, 0.00021376646060420747, 0.00040507568082930235, 0.0012031169152779866, 0.001039391180314289] and parameters: {'lag_0': 0.4363543717842814, 'lag_1': 0.9927703306551087, 'lag_2': 0.1455641879541359, 'lag_3': 0.12836212855866325, 'lag_4': 0.3136613404463306, 'lag_5': 0.8190487369744275, 'lag_6': 0.023867062937474145, 'lag_7': 0.13726421002440595, 'lag_8': 0.9002863313301928, 'lag_9': 0.3487774117099716, 'lag_10': 0.22827308025926246, 'lag_11': 0.7080405138338776, 'lag_12': 0.5456520117654565, 'lag_13': 0.7508523921942964, 'lag_14': 0.5157988425634152, 'lag_15': 0.3517134973344422, 'lag_16': 0.8899738615854362, 'lag_17': 0.7962967393631085, 'lag_18': 0.5164917547478931, 'lag_19': 0.28035271735686357, 'lag_20': 0.46918537904555946, 'lag_21': 0.46865949026788334, 'lag_22': 0.31008557184403096, 'lag_23': 0.1694850887614431, 'lag_24': 0.36517479068819214, 'lag_25': 0.690764039647742, 'lag_26': 0.12932458425922977, 'lag_27': 0.5228706615032523, 'lag_28': 0.4557722122618639}.
[I 2025-10-03 11:36:46,687] Trial 23 finished with values: [0.00471655328798186, 0.001996347585797144, 0.00032788450072496076, 0.0021759430675236287, 0.0003693668083419073, 0.001385305202471367, 0.0009459878872468486, 0.0025347994184506833, 0.0014907548238026246, 0.002220049304255554, 0.0016253069755631545, 0.0006100910998536866, 0.0004249152960054593, 0.018025595336818755, 0.0, 0.0004741754836261653, 9.30497527484543e-05, 0.0005005308458071485, 0.0006655907775028455, 0.00012032030298356833, 9.335862525499396e-05, 3.361408075264927e-05, 0.0002693829487603849, 0.000311110719024885, 0.0007536072865196705, 0.0002475072813000032, 0.0007342428220463682, 0.0012402519985873126, 0.0012364556462226826] and parameters: {'lag_0': 0.7085157601517861, 'lag_1': 0.6592373886128722, 'lag_2': 0.4344848278382449, 'lag_3': 0.01670174521716255, 'lag_4': 0.7744064992413779, 'lag_5': 0.018187675741126424, 'lag_6': 0.27388499585047366, 'lag_7': 0.8771506228363148, 'lag_8': 0.7122834402880717, 'lag_9': 0.4109739099414274, 'lag_10': 0.8099264444989953, 'lag_11': 0.17812896381739776, 'lag_12': 0.2089623140080503, 'lag_13': 0.35066447567343184, 'lag_14': 0.33763455036388446, 'lag_15': 0.9857472226331037, 'lag_16': 0.688088795102224, 'lag_17': 0.8475569680131886, 'lag_18': 0.33011028598966424, 'lag_19': 0.38476927738678296, 'lag_20': 0.5561548341765653, 'lag_21': 0.19005777257697892, 'lag_22': 0.2566120390320085, 'lag_23': 0.440040334902527, 'lag_24': 0.1918224954102858, 'lag_25': 0.5253540711642282, 'lag_26': 0.8801999538864586, 'lag_27': 0.8754194126651224, 'lag_28': 0.4923650256541378}.
[I 2025-10-03 11:36:49,388] Trial 24 finished with values: [0.00400453514739229, 0.003013025168841541, 0.0008430096334155919, 0.002034161020235205, 0.0008662173595006612, 0.0006870536427426132, 0.0011285570275313846, 0.0010566406196913705, 0.002560197612313302, 0.0023611201928112374, 0.0022801798171833963, 0.0005399055830499344, 0.00038213512990501223, 0.01689900019845561, 0.0, 0.0002791636843569496, 0.00019987232576231372, 0.00035034868272203375, 0.0006814941089053151, 9.602306848131065e-05, 6.555277731814415e-05, 2.7569592470214104e-05, 0.0004802578711338923, 0.000349945335106519, 0.0006180409681523421, 0.00019786768202724797, 0.0006491382785235785, 0.001519381583627233, 0.0009970391475305298] and parameters: {'lag_0': 0.46399590461277074, 'lag_1': 0.8129435309694474, 'lag_2': 0.3733767562068154, 'lag_3': 0.2763428079405116, 'lag_4': 0.39448991002156353, 'lag_5': 0.24233804587679275, 'lag_6': 0.6848546150629023, 'lag_7': 0.5130924563116365, 'lag_8': 0.8062397181687995, 'lag_9': 0.6473736732198067, 'lag_10': 0.5678767161874199, 'lag_11': 0.7444885256342807, 'lag_12': 0.5825878613265918, 'lag_13': 0.6626767615439385, 'lag_14': 0.21478084583796972, 'lag_15': 0.2907814630116376, 'lag_16': 0.8887296500085506, 'lag_17': 0.8556833651750584, 'lag_18': 0.42112592831234663, 'lag_19': 0.1316961204763763, 'lag_20': 0.4168150742144007, 'lag_21': 0.23724734988080953, 'lag_22': 0.324593006573922, 'lag_23': 0.27069499663226676, 'lag_24': 0.20661458089628934, 'lag_25': 0.9854920475214223, 'lag_26': 0.275525843814343, 'lag_27': 0.7257394600261394, 'lag_28': 0.6758172265431059}.
[I 2025-10-03 11:36:52,095] Trial 25 finished with values: [0.005061728395061728, 0.0035003222495973304, 0.0004576400246454875, 0.0008013168704193415, 0.0008782075533043009, 0.001015414812986671, 0.000616015238331534, 0.001847361669539313, 0.0017764773016658228, 0.0025805379035201215, 0.0012750241306056353, 0.000703623146041435, 0.0007573818009146779, 0.019403048908078507, 0.0, 0.0008794202600978523, 0.00021707137310604774, 0.0002827863639725695, 0.0007857807303556143, 2.4497145442628748e-05, 3.166498610150914e-05, 3.4157163259282726e-05, 0.00044627595894972756, 0.00014210964389297848, 0.000512989858193436, 0.0002865322314829161, 0.00039418745413735603, 0.0012279177456810697, 0.0009961448843738563] and parameters: {'lag_0': 0.9648539549779538, 'lag_1': 0.7343674945757926, 'lag_2': 0.5122461099514796, 'lag_3': 0.7220368444599268, 'lag_4': 0.33219266718173424, 'lag_5': 0.7809055591523381, 'lag_6': 0.07822217611622684, 'lag_7': 0.959315480857511, 'lag_8': 0.46301173402756707, 'lag_9': 0.7092119403180862, 'lag_10': 0.6678105135739038, 'lag_11': 0.9450349224926867, 'lag_12': 0.2943265937077092, 'lag_13': 0.254702458147636, 'lag_14': 0.45419454966748535, 'lag_15': 0.9079484819910991, 'lag_16': 0.01933501927734, 'lag_17': 0.5868187266903708, 'lag_18': 0.9633898128497309, 'lag_19': 0.29613112818575027, 'lag_20': 0.8043058999026835, 'lag_21': 0.7603737152306651, 'lag_22': 0.7644650632897144, 'lag_23': 0.9928241839233515, 'lag_24': 0.9300576695203122, 'lag_25': 0.13116768336340487, 'lag_26': 0.7245204988086561, 'lag_27': 0.2770543038102577, 'lag_28': 0.649391662106935}.
[I 2025-10-03 11:36:54,793] Trial 26 finished with values: [0.0042361111111111115, 0.003196882579630208, 0.0004647446778377187, 0.0011331641235324847, 0.00021783017227249495, 0.0012238146233753094, 0.00250359630275752, 0.002596217448346623, 0.0022201982024392395, 0.002778592195586628, 0.0004115028994653722, 0.0006024939940865143, 0.0005853356366740349, 0.018350849356766324, 0.0, 0.0002850195218569631, 0.00017973790677212282, 0.0004929162475226202, 0.0007906588680453979, 9.013871871354202e-06, 7.464212494075598e-05, 4.0546958086051346e-05, 0.0002896691418682457, 0.0002722717821158322, 0.0006602478833599061, 0.0002632312434153487, 0.00020544669668561374, 0.001794140855237362, 0.0011440020292794344] and parameters: {'lag_0': 0.593630295970966, 'lag_1': 0.45762734825087387, 'lag_2': 0.20747483213591564, 'lag_3': 0.24735309635757716, 'lag_4': 0.9657707610021057, 'lag_5': 0.016776895115461283, 'lag_6': 0.15097356388275862, 'lag_7': 0.8113243183581532, 'lag_8': 0.9281309482096955, 'lag_9': 0.13373279424513226, 'lag_10': 0.49280272354215887, 'lag_11': 0.5227285225592877, 'lag_12': 0.8830195709995681, 'lag_13': 0.8221137285529662, 'lag_14': 0.9643779766886864, 'lag_15': 0.9999927178042112, 'lag_16': 0.9354210689791852, 'lag_17': 0.6191765703947669, 'lag_18': 0.5505772294029997, 'lag_19': 0.11265701976994555, 'lag_20': 0.5985193417331354, 'lag_21': 0.5054997176210715, 'lag_22': 0.40974320991374513, 'lag_23': 0.453649698177068, 'lag_24': 0.3884413454394891, 'lag_25': 0.047086600318558214, 'lag_26': 0.010099911839097373, 'lag_27': 0.9079323149231742, 'lag_28': 0.19393191764739093}.
[I 2025-10-03 11:36:57,503] Trial 27 finished with values: [0.005475563717987962, 0.003364179044519443, 0.000971080916592308, 0.00265700809967282, 0.00028176722901927277, 0.00047699074951995874, 0.001287277788461776, 0.002283889227856348, 0.0016540589358486422, 0.0012377718653025255, 0.0010462443380143851, 0.000825723632299598, 0.0004107024255244009, 0.017570246140392126, 0.0, 0.0007946023806091168, 0.0002503359698809581, 0.0003669800088523269, 0.0007549371801967415, 0.00010500546605172368, 0.00016889374712778456, 0.000126366031770935, 0.0005913279056797898, 0.0003230331220210687, 0.0008779221425747368, 0.00035252054354316327, 0.0004254441615495645, 0.0019007797689153745, 0.0007834689596594859] and parameters: {'lag_0': 0.043116761932740236, 'lag_1': 0.28659475289672126, 'lag_2': 0.7802693609010141, 'lag_3': 0.21291983822217408, 'lag_4': 0.8815736540437381, 'lag_5': 0.002115178639668528, 'lag_6': 0.11037817466081469, 'lag_7': 0.31245292305434974, 'lag_8': 0.2976341346661836, 'lag_9': 0.6035129719663236, 'lag_10': 0.5205271022673714, 'lag_11': 0.7008803177454601, 'lag_12': 0.027632959984301982, 'lag_13': 0.20685678838967708, 'lag_14': 0.2759531726354262, 'lag_15': 0.5827457629329095, 'lag_16': 0.3829991577869665, 'lag_17': 0.5398278914912874, 'lag_18': 0.6259541852075928, 'lag_19': 0.3203965565023714, 'lag_20': 0.3968846433146424, 'lag_21': 0.9727477761578889, 'lag_22': 0.8424698720424362, 'lag_23': 0.49523187245226413, 'lag_24': 0.8605012071753338, 'lag_25': 0.6487044495232085, 'lag_26': 0.7970350055030905, 'lag_27': 0.22668897121999715, 'lag_28': 0.9289176056815175}.
[I 2025-10-03 11:37:00,206] Trial 28 finished with values: [0.007111111111111112, 0.0023236980521534685, 0.00017776186055094064, 0.0018395438419268266, 0.0014592162733113195, 0.0014498758386908618, 0.0008524319924856254, 0.0016945897094893694, 0.0023352644691915724, 0.0016271573645109366, 0.0005613679723516444, 0.00041312788547441385, 0.0006456406347030749, 0.02203652927045644, 0.0, 0.0003549261474978784, 5.6238309404562923e-05, 0.0005215056255631725, 0.0009339734758703616, 5.773925293342375e-05, 0.0001252707550622525, 3.836335538299087e-05, 0.0005800647245652159, 0.0002601670221304846, 0.0005756546695063587, 0.00010203722078388667, 0.0003172860402804782, 0.00160793989667624, 0.0009994613934113266] and parameters: {'lag_0': 0.7693197319346206, 'lag_1': 0.031389522326169775, 'lag_2': 0.8254461798416312, 'lag_3': 0.9087746586115901, 'lag_4': 0.48400293368350306, 'lag_5': 0.931473370760641, 'lag_6': 0.6805576025314979, 'lag_7': 0.7853754416698616, 'lag_8': 0.3017914342837938, 'lag_9': 0.06273961280910213, 'lag_10': 0.6724539503223288, 'lag_11': 0.6842101078545952, 'lag_12': 0.5143377558972824, 'lag_13': 0.45245202703501747, 'lag_14': 0.7775171188134556, 'lag_15': 0.5761469850887814, 'lag_16': 0.8641804579308485, 'lag_17': 0.41675321436142043, 'lag_18': 0.26996868967992077, 'lag_19': 0.8607504724779863, 'lag_20': 0.06385749585952201, 'lag_21': 0.4055424597063354, 'lag_22': 0.28891815528254955, 'lag_23': 0.6812620369951445, 'lag_24': 0.7039611673213934, 'lag_25': 0.9537207546888982, 'lag_26': 0.6861559915243296, 'lag_27': 0.06734985695945216, 'lag_28': 0.43133214108409756}.
