[I 2025-09-29 11:56:04,339] Trial 4 finished with value: 0.0027118871364712562 and parameters: {'lag_0': 0.02876710357328127, 'lag_1': 0.6883059322405786, 'lag_2': 0.5588715434664514, 'lag_3': 0.7552973031520668, 'lag_4': 0.6849003810191785, 'lag_5': 0.29133978925492243, 'lag_6': 0.1272611036961925, 'lag_7': 0.9056029127144973, 'lag_8': 0.35074255935058174, 'lag_9': 0.4071038510754566, 'lag_10': 0.9689394740982076, 'lag_11': 0.8899666239370903, 'lag_12': 0.5711871496649951, 'lag_13': 0.5229333525124821, 'lag_14': 0.8445133824368883, 'lag_15': 0.44408680519205945, 'lag_16': 0.328674570624563, 'lag_17': 0.6538489860423475, 'lag_18': 0.6017785690499498, 'lag_19': 0.15565256625011584, 'lag_20': 0.8664301636435292, 'lag_21': 0.5688063500177354, 'lag_22': 0.20718896636663078, 'lag_23': 0.24295241627911332, 'lag_24': 0.17450735893533062, 'lag_25': 0.28591452441060083, 'lag_26': 0.34171820377536105, 'lag_27': 0.937371187520097, 'lag_28': 0.41073600700485446}. Best is trial 3 with value: 0.002693370557867764.
[I 2025-09-29 11:56:06,638] Trial 5 finished with value: 0.002748671206785242 and parameters: {'lag_0': 0.6664859997614125, 'lag_1': 0.15235249411231414, 'lag_2': 0.6474833197816948, 'lag_3': 0.988871551496746, 'lag_4': 0.7251313437714986, 'lag_5': 0.03551639991753366, 'lag_6': 0.5799790886449799, 'lag_7': 0.3067180582269788, 'lag_8': 0.5003170454335424, 'lag_9': 0.1473434516633418, 'lag_10': 0.03325717562990026, 'lag_11': 0.5685687316562424, 'lag_12': 0.7304516725836742, 'lag_13': 0.003872940612139305, 'lag_14': 0.10151929328882266, 'lag_15': 0.7534021757433841, 'lag_16': 0.6353803751884283, 'lag_17': 0.5614105419257126, 'lag_18': 0.4173202222657782, 'lag_19': 0.7066476007565236, 'lag_20': 0.3809902549476131, 'lag_21': 0.0204320673785867, 'lag_22': 0.9046477874666428, 'lag_23': 0.9240216800094027, 'lag_24': 0.2362003083532228, 'lag_25': 0.6408271939316884, 'lag_26': 0.6281206431793138, 'lag_27': 0.19738019541163432, 'lag_28': 0.12954027612228786}. Best is trial 3 with value: 0.002693370557867764.
[I 2025-09-29 11:56:08,931] Trial 6 finished with value: 0.0027321542780015303 and parameters: {'lag_0': 0.9436973825761574, 'lag_1': 0.5426300877826671, 'lag_2': 0.5292925604382136, 'lag_3': 0.5621833766911949, 'lag_4': 0.2038574225570147, 'lag_5': 0.1864356959484379, 'lag_6': 0.1922374455244327, 'lag_7': 0.8576308023495918, 'lag_8': 0.19119529969909607, 'lag_9': 0.9258689834707212, 'lag_10': 0.7736089214770525, 'lag_11': 0.7985063385462596, 'lag_12': 0.38220211441514074, 'lag_13': 0.19240648672879235, 'lag_14': 0.9237352596924427, 'lag_15': 0.8122079218730541, 'lag_16': 0.8756376873855096, 'lag_17': 0.3263162735732709, 'lag_18': 0.6234632957500398, 'lag_19': 0.39503946963547143, 'lag_20': 0.8508013971332373, 'lag_21': 0.5935411038978392, 'lag_22': 0.7101875302039184, 'lag_23': 0.45717200056905927, 'lag_24': 0.3897481510819083, 'lag_25': 0.4997717279873264, 'lag_26': 0.9463116061101445, 'lag_27': 0.711878612547849, 'lag_28': 0.9934257242154235}. Best is trial 3 with value: 0.002693370557867764.
[I 2025-09-29 11:56:11,356] Trial 7 finished with value: 0.002717770274422112 and parameters: {'lag_0': 0.3710726990583634, 'lag_1': 0.6738680980361229, 'lag_2': 0.6590589730576122, 'lag_3': 0.2152399345677024, 'lag_4': 0.0007801969835065351, 'lag_5': 0.45672505045936235, 'lag_6': 0.14229643294775002, 'lag_7': 0.25014455443581973, 'lag_8': 0.7381951522698723, 'lag_9': 0.7621802591400989, 'lag_10': 0.26088171035836577, 'lag_11': 0.8360618182196472, 'lag_12': 0.5835380106331814, 'lag_13': 0.42937905074764726, 'lag_14': 0.12452509480385868, 'lag_15': 0.21485810722190063, 'lag_16': 0.9682507576545342, 'lag_17': 0.8500305876145738, 'lag_18': 0.560318062855259, 'lag_19': 0.8901678429314206, 'lag_20': 0.6137225481040528, 'lag_21': 0.9266836166728045, 'lag_22': 0.008878400885727458, 'lag_23': 0.5559230278624594, 'lag_24': 0.2726389369454049, 'lag_25': 0.17958709989759847, 'lag_26': 0.22365668671888267, 'lag_27': 0.5352409223707937, 'lag_28': 0.3614289952607716}. Best is trial 3 with value: 0.002693370557867764.
[I 2025-09-29 11:56:13,649] Trial 8 finished with value: 0.0026897134033882593 and parameters: {'lag_0': 0.7032650427463223, 'lag_1': 0.533978164361547, 'lag_2': 0.6990838974176588, 'lag_3': 0.9862607679495411, 'lag_4': 0.32021086343530836, 'lag_5': 0.867917627773616, 'lag_6': 0.24905888852241037, 'lag_7': 0.38323591109596833, 'lag_8': 0.715601650694817, 'lag_9': 0.5197270786970462, 'lag_10': 0.7098083966202001, 'lag_11': 0.7851551712352298, 'lag_12': 0.8656955981408344, 'lag_13': 0.2663383084800349, 'lag_14': 0.9123355867419616, 'lag_15': 0.6381138180788554, 'lag_16': 0.7496192737945763, 'lag_17': 0.36262035189783726, 'lag_18': 0.7717973623653789, 'lag_19': 0.6978514035917145, 'lag_20': 0.5931769452800251, 'lag_21': 0.04777871257376035, 'lag_22': 0.84733473347103, 'lag_23': 0.8644597050507711, 'lag_24': 0.6799783251169913, 'lag_25': 0.27475853172890313, 'lag_26': 0.7004948526635958, 'lag_27': 0.8724751864190068, 'lag_28': 0.6026645805809075}. Best is trial 8 with value: 0.0026897134033882593.
[I 2025-09-29 11:56:15,934] Trial 9 finished with value: 0.002707380977268991 and parameters: {'lag_0': 0.0021365155899851856, 'lag_1': 0.14473256639101686, 'lag_2': 0.38112684456581375, 'lag_3': 0.7714212677424974, 'lag_4': 0.08735384352074425, 'lag_5': 0.42765416951242713, 'lag_6': 0.34916250269977084, 'lag_7': 0.6452864100376391, 'lag_8': 0.4893979312410972, 'lag_9': 0.5747334306074241, 'lag_10': 0.026748981174134347, 'lag_11': 0.16714130504248684, 'lag_12': 0.20536672412291287, 'lag_13': 0.4040041138446097, 'lag_14': 0.3306821576893222, 'lag_15': 0.8299250845609912, 'lag_16': 0.8839875333370528, 'lag_17': 0.42354040697021395, 'lag_18': 0.767347420545022, 'lag_19': 0.034090853240719254, 'lag_20': 0.8047601753262353, 'lag_21': 0.8475287960717401, 'lag_22': 0.8712303447375428, 'lag_23': 0.7811100288418082, 'lag_24': 0.9113185887700915, 'lag_25': 0.41550922256770206, 'lag_26': 0.7241275269717258, 'lag_27': 0.26688263473795626, 'lag_28': 0.8611581618526892}. Best is trial 8 with value: 0.0026897134033882593.
[I 2025-09-29 11:56:18,267] Trial 10 finished with value: 0.0026979183399549874 and parameters: {'lag_0': 0.5190469919999008, 'lag_1': 0.02611344811931382, 'lag_2': 0.01336114979557812, 'lag_3': 0.0021078006732996313, 'lag_4': 0.3640336982221223, 'lag_5': 0.9963113940281879, 'lag_6': 0.40403151422346006, 'lag_7': 0.6331127439091987, 'lag_8': 0.7021393987662509, 'lag_9': 0.9916860090695592, 'lag_10': 0.5105464542780492, 'lag_11': 0.5765839322413071, 'lag_12': 0.9474112413210902, 'lag_13': 0.220492753246542, 'lag_14': 0.702719259325262, 'lag_15': 0.9803112309018183, 'lag_16': 0.6529842217247263, 'lag_17': 0.12289892791775647, 'lag_18': 0.984259411799639, 'lag_19': 0.5169177739802566, 'lag_20': 0.012654927694021656, 'lag_21': 0.02852952433085505, 'lag_22': 0.6624105893014415, 'lag_23': 0.9995054813842372, 'lag_24': 0.585476085084063, 'lag_25': 0.885492228641305, 'lag_26': 0.5329667250910151, 'lag_27': 0.6268827952088174, 'lag_28': 0.6465228707328278}. Best is trial 8 with value: 0.0026897134033882593.
[I 2025-09-29 11:56:20,610] Trial 11 finished with value: 0.002735245854085383 and parameters: {'lag_0': 0.883868397192338, 'lag_1': 0.9703192945549326, 'lag_2': 0.18816863088978503, 'lag_3': 0.7768784836609457, 'lag_4': 0.9965529965317187, 'lag_5': 0.9003572348855825, 'lag_6': 0.9418939983833821, 'lag_7': 0.6560208720988978, 'lag_8': 0.976276506904393, 'lag_9': 0.026756177580697954, 'lag_10': 0.27821741417799684, 'lag_11': 0.7133658903293363, 'lag_12': 0.9523768844976868, 'lag_13': 0.24522780880269893, 'lag_14': 0.6130430910737589, 'lag_15': 0.9819267265552016, 'lag_16': 0.6963102974782642, 'lag_17': 0.021395983478032912, 'lag_18': 0.02603403231067853, 'lag_19': 0.9420120733364327, 'lag_20': 0.971050880699966, 'lag_21': 0.3315447184992286, 'lag_22': 0.9832704096676341, 'lag_23': 0.7186158428586029, 'lag_24': 0.5479543157999957, 'lag_25': 0.6588341590044314, 'lag_26': 0.7592079349257788, 'lag_27': 0.3697911833165504, 'lag_28': 0.6214862438087349}. Best is trial 8 with value: 0.0026897134033882593.
[I 2025-09-29 11:56:22,950] Trial 12 finished with value: 0.0027063316761385217 and parameters: {'lag_0': 0.7330187936673113, 'lag_1': 0.9581985832628303, 'lag_2': 0.30517652142581625, 'lag_3': 0.3297376735148989, 'lag_4': 0.313705967383076, 'lag_5': 0.7650279332886043, 'lag_6': 0.7533261963013401, 'lag_7': 0.1494000296535783, 'lag_8': 0.827414293263336, 'lag_9': 0.27876409724958284, 'lag_10': 0.6854418457603941, 'lag_11': 0.4079094489453821, 'lag_12': 0.0012704253834409651, 'lag_13': 0.6772100075868931, 'lag_14': 0.4040562046412979, 'lag_15': 0.6499159493058407, 'lag_16': 0.710715806248483, 'lag_17': 0.24183438551314124, 'lag_18': 0.29623720718541313, 'lag_19': 0.6211763766086849, 'lag_20': 0.6813795478363841, 'lag_21': 0.6887766668209148, 'lag_22': 0.720867064141003, 'lag_23': 0.4267298867457693, 'lag_24': 0.4245670337880779, 'lag_25': 0.6813392519829496, 'lag_26': 0.00828983857010751, 'lag_27': 0.02290818454930399, 'lag_28': 0.005440318516956255}. Best is trial 8 with value: 0.0026897134033882593.
[I 2025-09-29 11:56:25,276] Trial 13 finished with value: 0.0027294491937800112 and parameters: {'lag_0': 0.5544311065125413, 'lag_1': 0.7936655983189456, 'lag_2': 0.9755927377084754, 'lag_3': 0.8741090399054277, 'lag_4': 0.5433761588146863, 'lag_5': 0.6853618580439621, 'lag_6': 0.020687140965857387, 'lag_7': 0.9841618882190555, 'lag_8': 0.9299897593253673, 'lag_9': 0.3608030087642091, 'lag_10': 0.2880399436266142, 'lag_11': 0.6879342232287508, 'lag_12': 0.7458647638225989, 'lag_13': 0.006005444198536658, 'lag_14': 0.6899517513316666, 'lag_15': 0.4091620254451261, 'lag_16': 0.5023178216371116, 'lag_17': 0.193897669954081, 'lag_18': 0.2364424230565653, 'lag_19': 0.9791559434464275, 'lag_20': 0.27414130493249156, 'lag_21': 0.1934974737859409, 'lag_22': 0.5605841827306074, 'lag_23': 0.8379939422910134, 'lag_24': 0.693822364730409, 'lag_25': 0.8807313478958246, 'lag_26': 0.4338022317544308, 'lag_27': 0.4192043436445465, 'lag_28': 0.5740772395080027}. Best is trial 8 with value: 0.0026897134033882593.
[I 2025-09-29 11:56:27,615] Trial 14 finished with value: 0.002717686617948316 and parameters: {'lag_0': 0.8199099720183306, 'lag_1': 0.5691091869745821, 'lag_2': 0.23810824444380618, 'lag_3': 0.6508911569169742, 'lag_4': 0.9360264458213696, 'lag_5': 0.8559925208386515, 'lag_6': 0.7204591705049009, 'lag_7': 0.7669091174571107, 'lag_8': 0.7369123056795469, 'lag_9': 0.7103999895000733, 'lag_10': 0.6197018294467896, 'lag_11': 0.9722099419274044, 'lag_12': 0.7079942214367041, 'lag_13': 0.32839946930724684, 'lag_14': 0.599273731860502, 'lag_15': 0.6228919985867929, 'lag_16': 0.8129323168312295, 'lag_17': 0.0019108131009000426, 'lag_18': 0.9731834354933342, 'lag_19': 0.417543858283796, 'lag_20': 0.5409025702077349, 'lag_21': 0.45074618494351987, 'lag_22': 0.8443767144995128, 'lag_23': 0.5757361105020135, 'lag_24': 0.9420199656037573, 'lag_25': 0.027467125699087436, 'lag_26': 0.4916755961872876, 'lag_27': 0.7419475790553927, 'lag_28': 0.21283222887677117}. Best is trial 8 with value: 0.0026897134033882593.
[I 2025-09-29 11:56:29,949] Trial 15 finished with value: 0.0027605964243522393 and parameters: {'lag_0': 0.3666377651457282, 'lag_1': 0.36558743084877526, 'lag_2': 0.7326652842041922, 'lag_3': 0.393016658024978, 'lag_4': 0.5365783263962207, 'lag_5': 0.6152931470176313, 'lag_6': 0.4413324883999378, 'lag_7': 0.533849254451448, 'lag_8': 0.6069025743551413, 'lag_9': 0.15012559309075135, 'lag_10': 0.8223998405539978, 'lag_11': 0.42088295579122625, 'lag_12': 0.10448938242988076, 'lag_13': 0.12454982163904166, 'lag_14': 0.2190675823214226, 'lag_15': 0.3018453907773169, 'lag_16': 0.5851578121284675, 'lag_17': 0.9856873344084434, 'lag_18': 0.7566475425392445, 'lag_19': 0.6217408549967887, 'lag_20': 0.7405703949643077, 'lag_21': 0.16389070320291171, 'lag_22': 0.4800077215762619, 'lag_23': 0.29138787224131846, 'lag_24': 0.36387355323405, 'lag_25': 0.5451073647952334, 'lag_26': 0.8210035842033623, 'lag_27': 0.5220690059726839, 'lag_28': 0.7348042053495787}. Best is trial 8 with value: 0.0026897134033882593.
[I 2025-09-29 11:56:32,273] Trial 16 finished with value: 0.0027518546817518977 and parameters: {'lag_0': 0.5911041237364708, 'lag_1': 0.7943050113758636, 'lag_2': 0.45875818339259145, 'lag_3': 0.8507986046283114, 'lag_4': 0.8520352569125947, 'lag_5': 0.9975576588240987, 'lag_6': 0.7188894546060228, 'lag_7': 0.5094087401697387, 'lag_8': 0.9970383744351645, 'lag_9': 0.024434375889760912, 'lag_10': 0.3857000067070993, 'lag_11': 0.702344147627082, 'lag_12': 0.8795604962334057, 'lag_13': 0.5689776114948902, 'lag_14': 0.9957864274116944, 'lag_15': 0.8839039065881883, 'lag_16': 0.2980607915811768, 'lag_17': 0.7719165490871407, 'lag_18': 0.21200231148742948, 'lag_19': 0.8271347375002063, 'lag_20': 0.9734266227027857, 'lag_21': 0.6922609696683228, 'lag_22': 0.9850594057695494, 'lag_23': 0.15607085530992298, 'lag_24': 0.6564748480408629, 'lag_25': 0.27928296899479116, 'lag_26': 0.601779720947057, 'lag_27': 0.0715576435352796, 'lag_28': 0.4331084513905449}. Best is trial 8 with value: 0.0026897134033882593.
[I 2025-09-29 11:56:34,607] Trial 17 finished with value: 0.0027273506208947097 and parameters: {'lag_0': 0.9911915410958267, 'lag_1': 0.29426362282467733, 'lag_2': 0.14584946891026784, 'lag_3': 0.6670222587865683, 'lag_4': 0.39062478297547637, 'lag_5': 0.8109879204043771, 'lag_6': 0.29154470037546, 'lag_7': 0.7608151680604549, 'lag_8': 0.7604541063574561, 'lag_9': 0.34226051988738937, 'lag_10': 0.14290362308627214, 'lag_11': 0.6212265971024304, 'lag_12': 0.5077098698046238, 'lag_13': 0.31836239290075563, 'lag_14': 0.5033341985882165, 'lag_15': 0.714025069199867, 'lag_16': 0.7877093755198893, 'lag_17': 0.28839989767984126, 'lag_18': 0.37953235210509095, 'lag_19': 0.6914302311607509, 'lag_20': 0.5250072450224198, 'lag_21': 0.46873655841854067, 'lag_22': 0.7934750674801405, 'lag_23': 0.4060495294311792, 'lag_24': 0.03593637885190676, 'lag_25': 0.7837475389189568, 'lag_26': 0.3903803424249993, 'lag_27': 0.8034922504997094, 'lag_28': 0.5353066271106537}. Best is trial 8 with value: 0.0026897134033882593.
[I 2025-09-29 11:56:36,937] Trial 18 finished with value: 0.002726731245576726 and parameters: {'lag_0': 0.8184876263806647, 'lag_1': 0.658090139937001, 'lag_2': 0.6042761121140676, 'lag_3': 0.905365504303165, 'lag_4': 0.21112147890717514, 'lag_5': 0.6555049851221619, 'lag_6': 0.9988242173012873, 'lag_7': 0.25791297770616983, 'lag_8': 0.6102603148052113, 'lag_9': 0.5125657439850707, 'lag_10': 0.4026857464419206, 'lag_11': 0.7843227680099609, 'lag_12': 0.8320221142158061, 'lag_13': 0.7519149847223914, 'lag_14': 0.7646156357437366, 'lag_15': 0.5639868178874885, 'lag_16': 0.9897449787422745, 'lag_17': 0.12720051318995168, 'lag_18': 0.13788115298628445, 'lag_19': 0.2908121880007089, 'lag_20': 0.7494803818101444, 'lag_21': 0.9993176499326692, 'lag_22': 0.5964988604063461, 'lag_23': 0.6759436017693353, 'lag_24': 0.4890878641878771, 'lag_25': 0.5225580759277527, 'lag_26': 0.06525989945483268, 'lag_27': 0.3634527457573096, 'lag_28': 0.7687032591280663}. Best is trial 8 with value: 0.0026897134033882593.
[I 2025-09-29 11:56:39,263] Trial 19 finished with value: 0.0027192630289804487 and parameters: {'lag_0': 0.4097700067544765, 'lag_1': 0.881996445917725, 'lag_2': 0.7803610927010051, 'lag_3': 0.3920451175681571, 'lag_4': 0.632380476324115, 'lag_5': 0.8826144608937054, 'lag_6': 0.5449230510605629, 'lag_7': 0.3494650243913182, 'lag_8': 0.8281811053352746, 'lag_9': 0.8043882880663391, 'lag_10': 0.6052155128765111, 'lag_11': 0.44362105909021216, 'lag_12': 0.6206258286156932, 'lag_13': 0.4400975445429251, 'lag_14': 0.49639044004761096, 'lag_15': 0.9019792897126113, 'lag_16': 0.4692431004170591, 'lag_17': 0.41851871180078615, 'lag_18': 0.674065269997766, 'lag_19': 0.9913409283087308, 'lag_20': 0.4118371240846009, 'lag_21': 0.7384615895726314, 'lag_22': 0.7948145364885955, 'lag_23': 0.8291173421742506, 'lag_24': 0.8403682796904299, 'lag_25': 0.38737186417952935, 'lag_26': 0.2714692637789258, 'lag_27': 0.6501420370004273, 'lag_28': 0.18840894455653}. Best is trial 8 with value: 0.0026897134033882593.
[I 2025-09-29 11:56:41,596] Trial 20 finished with value: 0.002708447196927986 and parameters: {'lag_0': 0.6584533814196621, 'lag_1': 0.4790759851664927, 'lag_2': 0.06330098452660254, 'lag_3': 0.6808787948401641, 'lag_4': 0.25086099224442315, 'lag_5': 0.5919219072730426, 'lag_6': 0.8221736860786022, 'lag_7': 0.15212412175668824, 'lag_8': 0.3478777569238334, 'lag_9': 0.6570875899062683, 'lag_10': 0.8520635924100142, 'lag_11': 0.8787158834595469, 'lag_12': 0.20267696909012878, 'lag_13': 0.115615474652012, 'lag_14': 0.22992529236852924, 'lag_15': 0.7301651203939366, 'lag_16': 0.5546259745576094, 'lag_17': 0.12167312596763932, 'lag_18': 0.8543327270152701, 'lag_19': 0.5437768202136684, 'lag_20': 0.6405460343728606, 'lag_21': 0.1334112506071206, 'lag_22': 0.34151491083242624, 'lag_23': 0.5566832963008879, 'lag_24': 0.3055273684518943, 'lag_25': 0.30223955516434975, 'lag_26': 0.6484262636717075, 'lag_27': 0.4518799180358336, 'lag_28': 0.061463927871371477}. Best is trial 8 with value: 0.0026897134033882593.
[I 2025-09-29 11:56:43,923] Trial 21 finished with value: 0.0027870915972158157 and parameters: {'lag_0': 0.4935747521458812, 'lag_1': 0.07937381158263929, 'lag_2': 0.012592997824554253, 'lag_3': 0.001762029739013374, 'lag_4': 0.3764954181402457, 'lag_5': 0.9835975303045639, 'lag_6': 0.4525354414806396, 'lag_7': 0.6017638563857697, 'lag_8': 0.6644100429103436, 'lag_9': 0.9961264512367145, 'lag_10': 0.4836558584356415, 'lag_11': 0.5319605226285731, 'lag_12': 0.9492079154531723, 'lag_13': 0.28812304429171953, 'lag_14': 0.6666481473457538, 'lag_15': 0.9844811295409204, 'lag_16': 0.6976742899411547, 'lag_17': 0.09806907018800043, 'lag_18': 0.9971104495027721, 'lag_19': 0.485755342203324, 'lag_20': 0.13829770961095825, 'lag_21': 0.021262789308027663, 'lag_22': 0.720263711036937, 'lag_23': 0.9571497866325208, 'lag_24': 0.5579391780780373, 'lag_25': 0.9653081798844731, 'lag_26': 0.534862707757017, 'lag_27': 0.6101491887393179, 'lag_28': 0.6765338337911502}. Best is trial 8 with value: 0.0026897134033882593.
[I 2025-09-29 11:56:46,254] Trial 22 finished with value: 0.0026827405043994973 and parameters: {'lag_0': 0.4736899162944812, 'lag_1': 0.015508821850726605, 'lag_2': 0.2519302846689605, 'lag_3': 0.09407754187354865, 'lag_4': 0.45112247493715424, 'lag_5': 0.9213721223815401, 'lag_6': 0.41172204026299086, 'lag_7': 0.7166129873242912, 'lag_8': 0.8788673751740796, 'lag_9': 0.8389057262389958, 'lag_10': 0.5311348701278982, 'lag_11': 0.6155319344252674, 'lag_12': 0.9902165742492567, 'lag_13': 0.16409109243804176, 'lag_14': 0.7792680826403406, 'lag_15': 0.9028580833265014, 'lag_16': 0.7678506191817441, 'lag_17': 0.19310866985966568, 'lag_18': 0.9078781894950858, 'lag_19': 0.3228023558296508, 'lag_20': 0.020023029381242508, 'lag_21': 0.08812391868557251, 'lag_22': 0.6381246013202204, 'lag_23': 0.8703391654317566, 'lag_24': 0.6104612045724991, 'lag_25': 0.7551702912186509, 'lag_26': 0.8456845968473228, 'lag_27': 0.9825897346074672, 'lag_28': 0.49535294897969795}. Best is trial 22 with value: 0.0026827405043994973.
[I 2025-09-29 11:56:48,594] Trial 23 finished with value: 0.002708983510932888 and parameters: {'lag_0': 0.2696640993287629, 'lag_1': 0.2601704645822241, 'lag_2': 0.31212212062400635, 'lag_3': 0.21705921928196714, 'lag_4': 0.46349786508429525, 'lag_5': 0.796466762380467, 'lag_6': 0.325798544351719, 'lag_7': 0.7568251628517229, 'lag_8': 0.8453117117848726, 'lag_9': 0.839959825681486, 'lag_10': 0.5963181062109664, 'lag_11': 0.6559601753992375, 'lag_12': 0.8147144554806746, 'lag_13': 0.9978300797374591, 'lag_14': 0.9959303976419923, 'lag_15': 0.8649043907902213, 'lag_16': 0.7641203559368603, 'lag_17': 0.20817713344812303, 'lag_18': 0.856697210874422, 'lag_19': 0.2317476942421541, 'lag_20': 0.30957326051329903, 'lag_21': 0.23689836120173036, 'lag_22': 0.9176422224479635, 'lag_23': 0.8855575709462367, 'lag_24': 0.6411828388278146, 'lag_25': 0.7911887703445397, 'lag_26': 0.8475791498458787, 'lag_27': 0.9984966216290966, 'lag_28': 0.4917201942623953}. Best is trial 22 with value: 0.0026827405043994973.
[I 2025-09-29 11:56:50,924] Trial 24 finished with value: 0.0027021291967551865 and parameters: {'lag_0': 0.7765200320653447, 'lag_1': 0.1911842075615579, 'lag_2': 0.4368910698649773, 'lag_3': 0.12955109669402615, 'lag_4': 0.6079334045411514, 'lag_5': 0.9204611345670644, 'lag_6': 0.6474201940336047, 'lag_7': 0.9815736613371985, 'lag_8': 0.9398297906529915, 'lag_9': 0.5429643752702783, 'lag_10': 0.1722752594705768, 'lag_11': 0.7618448525488561, 'lag_12': 0.9743121065569776, 'lag_13': 0.1386432390797561, 'lag_14': 0.8008374211121052, 'lag_15': 0.713681103697683, 'lag_16': 0.8870759015417748, 'lag_17': 0.33296163308444193, 'lag_18': 0.9003191298902112, 'lag_19': 0.3328819764683326, 'lag_20': 0.22492948040312866, 'lag_21': 0.0947593637561363, 'lag_22': 0.7959049529389549, 'lag_23': 0.7513858891803054, 'lag_24': 0.4705439262780951, 'lag_25': 0.5945991258280474, 'lag_26': 0.8784556387357528, 'lag_27': 0.8131189059981675, 'lag_28': 0.3074824732535626}. Best is trial 22 with value: 0.0026827405043994973.
