[I 2025-10-03 11:39:12,589] Trial 80 finished with values: [0.024567156306697042, 0.010585752908074229, 0.009327363536350542, 0.006769444130047109, 0.0025626335173636727, 0.007561339968829112, 0.0002684384822778764, 0.0016336425487836314, 0.006670461400294076, 0.0005164151003862345, 0.0022857777645234416, 0.006595138492861595, 0.002112438940617083, 0.09589136851672768, 0.0, 0.00765589360068161, 0.01061769371076728, 0.0012857456657163618, 0.0004129599268701309, 0.0009085663713570823, 0.007660889008991254, 0.0010791972903240468, 0.001243729222510918, 0.01284111987630481, 0.0011631753506341446, 0.0007227514683614398, 0.0007321628879870077, 0.0, 0.0] and parameters: {'lag_0': 0.797638061609465, 'lag_1': 0.25662287258227695, 'lag_2': 0.9658639251103615, 'lag_3': 0.09356326032761958, 'lag_4': 0.9784794954714898, 'lag_5': 0.3761711213566175, 'lag_6': 0.7147147673778315, 'lag_7': 0.5471259343077116, 'lag_8': 0.4207899715570196, 'lag_9': 0.7454316685201007, 'lag_10': 0.3746106123902648, 'lag_11': 0.6283537816593054, 'lag_12': 0.6895539814705919, 'lag_13': 0.09792529944329273, 'lag_14': 0.8329695704209626, 'lag_15': 0.2778310513435924, 'lag_16': 0.8218214160708142, 'lag_17': 0.2900436472097485, 'lag_18': 0.18409965465799877, 'lag_19': 0.4378084300186718, 'lag_20': 0.5533577136567512, 'lag_21': 0.7759130141901447, 'lag_22': 0.10732453084778315, 'lag_23': 0.8407817829463128, 'lag_24': 0.8008687003704735, 'lag_25': 0.5653525217655121, 'lag_26': 0.18828066446162645, 'lag_27': 0.464234222503496, 'lag_28': 0.7002505555296142}.
[I 2025-10-03 11:39:15,272] Trial 81 finished with values: [0.016326530612244896, 0.015705340814033922, 0.007080204553900673, 0.005597123507935808, 0.0017755178466832325, 0.007726321636158636, 0.0002543049639486344, 0.0015268331676345046, 0.005304234596820152, 0.0002744009176778293, 0.0026839849284126956, 0.005328773850910858, 0.0010896944683116499, 0.09944181337017907, 0.0, 0.005650718648896701, 0.01259976377483477, 0.0015263879664488902, 0.00015811342897522856, 0.0014614958440769554, 0.007254688663407687, 0.001156584837594224, 0.0008258546050049001, 0.011548027258395124, 0.0010808572611001421, 0.0008907185465987939, 0.0004569216267299478, 0.0, 0.0] and parameters: {'lag_0': 0.5168801401194723, 'lag_1': 0.4641566619971599, 'lag_2': 0.7131000018091258, 'lag_3': 0.584865909672615, 'lag_4': 0.38264569482543886, 'lag_5': 0.2821310610829469, 'lag_6': 0.19414979272877528, 'lag_7': 0.34341410883377493, 'lag_8': 0.8221988573568745, 'lag_9': 0.475147903635367, 'lag_10': 0.05207292999136267, 'lag_11': 0.9089744627175862, 'lag_12': 0.6623617667415006, 'lag_13': 0.023638897157011306, 'lag_14': 0.1394404664640793, 'lag_15': 0.4555423338979486, 'lag_16': 0.37702381318681927, 'lag_17': 0.19110586968368487, 'lag_18': 0.6237181517237471, 'lag_19': 0.23642779397122413, 'lag_20': 0.8442249150272912, 'lag_21': 0.5956800263526356, 'lag_22': 0.1608459313835062, 'lag_23': 0.24346937409435776, 'lag_24': 0.01590166460131117, 'lag_25': 0.30154610549276595, 'lag_26': 0.40123069194232575, 'lag_27': 0.1757633667924567, 'lag_28': 0.2349230651597372}.
[I 2025-10-03 11:39:17,966] Trial 82 finished with values: [0.005555555555555555, 0.013964904729109277, 0.004628585462211355, 0.008878205521777916, 0.0015648548275217513, 0.006541703050965034, 0.0005420367684652501, 0.001961556761437719, 0.009655891197012554, 0.0001161579082725252, 0.002570972228454569, 0.005653502866982634, 0.0026690565739597607, 0.09419730092324684, 0.0, 0.009679701678648418, 0.0132724815022704, 0.0015987809632941618, 0.00038926473182211854, 0.0010967317623896335, 0.0069298007709381075, 0.00044514890915455484, 0.0009735910194705891, 0.01352765733373367, 0.0016596311609308443, 0.000845777825361408, 0.0012850878619960248, 0.0, 0.0] and parameters: {'lag_0': 0.0013421767416153542, 'lag_1': 0.4641566619971599, 'lag_2': 0.7131000018091258, 'lag_3': 0.09356326032761958, 'lag_4': 0.38264569482543886, 'lag_5': 0.9166390471211923, 'lag_6': 0.32176655994081665, 'lag_7': 0.34341410883377493, 'lag_8': 0.690097652702225, 'lag_9': 0.23948969661985228, 'lag_10': 0.4569627333317983, 'lag_11': 0.8171933691479376, 'lag_12': 0.8649961937842915, 'lag_13': 0.702091396821358, 'lag_14': 0.3504373543643189, 'lag_15': 0.2778310513435924, 'lag_16': 0.39291220506949853, 'lag_17': 0.2900436472097485, 'lag_18': 0.6237181517237471, 'lag_19': 0.23642779397122413, 'lag_20': 0.8442249150272912, 'lag_21': 0.5411508495223819, 'lag_22': 0.10732453084778315, 'lag_23': 0.7936677632624628, 'lag_24': 0.33326984970717954, 'lag_25': 0.5649586761358375, 'lag_26': 0.18828066446162645, 'lag_27': 0.1757633667924567, 'lag_28': 0.6530301729237765}.
[I 2025-10-03 11:39:20,649] Trial 83 finished with values: [0.015989543965734442, 0.002940910719006549, 0.009271832070246021, 0.005631973115059002, 0.0014798173548625118, 0.010023376696376917, 0.00024852329752299366, 0.0010294669539067894, 0.005173504029673356, 0.0007343385495063972, 0.002309344356692284, 0.0031138357604145223, 0.002383465577067943, 0.09924447903383372, 0.0, 0.005663753436693699, 0.013366115675686078, 0.0019525564912699512, 0.00039861742816555063, 0.0014230661394663666, 0.006522645854058491, 0.0008996822728884024, 0.0009823191190189164, 0.011780977756741499, 0.0008549767238771327, 0.001249220902501441, 0.0009128890820898955, 0.0, 0.0] and parameters: {'lag_0': 0.9234766137958268, 'lag_1': 0.24927392218477912, 'lag_2': 0.25501578653147633, 'lag_3': 0.3347869887019518, 'lag_4': 0.29198962200383083, 'lag_5': 0.016765951660221615, 'lag_6': 0.9610266499579585, 'lag_7': 0.23712352216130717, 'lag_8': 0.8458482109321005, 'lag_9': 0.6878380895718262, 'lag_10': 0.6849323927415688, 'lag_11': 0.13103125805259327, 'lag_12': 0.948758378617778, 'lag_13': 0.4508515114846035, 'lag_14': 0.2877238599964254, 'lag_15': 0.03963525423567455, 'lag_16': 0.19303173964255047, 'lag_17': 0.3946926845324222, 'lag_18': 0.7258032727401846, 'lag_19': 0.22835746756266934, 'lag_20': 0.7668317739547011, 'lag_21': 0.12880865733631633, 'lag_22': 0.6416921559267961, 'lag_23': 0.22579049976751409, 'lag_24': 0.32808431514927855, 'lag_25': 0.49626248018204466, 'lag_26': 0.0793439672253797, 'lag_27': 0.5326957138198848, 'lag_28': 0.09385155278681492}.
[I 2025-10-03 11:39:23,339] Trial 84 finished with values: [0.014250000000000002, 0.0043957939657344415, 0.013956785297023466, 0.009903045669470353, 0.003168603254801815, 0.007785744484537413, 8.520159649785172e-05, 0.0021451182466288416, 0.010405607487639522, 0.0003527562015136626, 0.004105178006015299, 0.006897109595213899, 0.0018621586203415928, 0.10062648331342323, 0.0, 0.007742455266909679, 0.013671450713786601, 0.0018102492886162033, 0.0002624694401583129, 0.0007689616304761852, 0.006881630166714123, 0.0010695912062078095, 0.0018290628316330506, 0.01317777108062404, 0.0009139958750342909, 0.0009870427331359795, 0.0016225191613430823, 0.0, 0.0] and parameters: {'lag_0': 0.01604260766596884, 'lag_1': 0.06107218228396384, 'lag_2': 0.4563692026244406, 'lag_3': 0.1542675472425454, 'lag_4': 0.46452780053404247, 'lag_5': 0.9568188542004582, 'lag_6': 0.6448815970607475, 'lag_7': 0.14225287811086873, 'lag_8': 0.7632810796099226, 'lag_9': 0.5466557396949099, 'lag_10': 0.6033789973765272, 'lag_11': 0.8320549574934237, 'lag_12': 0.1963477043378409, 'lag_13': 0.4671954605377285, 'lag_14': 0.08293741407943574, 'lag_15': 0.07633500306930836, 'lag_16': 0.4820671946696262, 'lag_17': 0.00876099446268233, 'lag_18': 0.5871272341272673, 'lag_19': 0.8429503044014753, 'lag_20': 0.15410704871982078, 'lag_21': 0.17023779793818591, 'lag_22': 0.6630802697066389, 'lag_23': 0.699925678681226, 'lag_24': 0.28124681487632497, 'lag_25': 0.6881397639256029, 'lag_26': 0.5441234785604508, 'lag_27': 0.6414786186044569, 'lag_28': 0.6081001179318319}.
[I 2025-10-03 11:39:26,026] Trial 85 finished with values: [0.0024691358024691358, 0.0028647329302091207, 0.005830565204699241, 0.009070724298221885, 0.0022040232783475744, 0.006486788542391991, 0.00025435376061463564, 0.0008372259021723497, 0.007423984617093528, 0.0007703026526773829, 0.002006591480212897, 0.005634327018236815, 0.002254165253953741, 0.09650798861507866, 0.0, 0.009571923464507276, 0.015211819491721987, 0.0015325788175220667, 0.000310695394403931, 0.0009514019585499936, 0.007856153210831196, 0.0012183968578753609, 0.0008479545966283014, 0.011657602024899346, 0.0011082737245890516, 0.0013316580215323435, 0.0008010913022867266, 0.0, 0.0] and parameters: {'lag_0': 0.44533910642687546, 'lag_1': 0.25662287258227695, 'lag_2': 0.6272307412721726, 'lag_3': 0.09356326032761958, 'lag_4': 0.6465434256583831, 'lag_5': 0.9166390471211923, 'lag_6': 0.6531829112456342, 'lag_7': 0.5716722139834659, 'lag_8': 0.690097652702225, 'lag_9': 0.23948969661985228, 'lag_10': 0.5236100133825484, 'lag_11': 0.024921488701800668, 'lag_12': 0.16379306181433298, 'lag_13': 0.06332314068450384, 'lag_14': 0.1531999123531171, 'lag_15': 0.2778310513435924, 'lag_16': 0.10162162650684005, 'lag_17': 0.3009803515196307, 'lag_18': 0.05159291506934239, 'lag_19': 0.24529929889312077, 'lag_20': 0.5380190196186282, 'lag_21': 0.5411508495223819, 'lag_22': 0.10732453084778315, 'lag_23': 0.6849210220336412, 'lag_24': 0.45915257173753266, 'lag_25': 0.5649586761358375, 'lag_26': 0.15880346100602116, 'lag_27': 0.6683372683620338, 'lag_28': 0.7002505555296142}.
[I 2025-10-03 11:39:28,713] Trial 86 finished with values: [0.006081632653061225, 0.00907879636506964, 0.005091657995499735, 0.005189842638803205, 0.002003656873976385, 0.008383296675571715, 0.00043835447367881423, 0.0006620319954089638, 0.004721593333411049, 0.000690266627497206, 0.003488335209966656, 0.005091427380657651, 0.0020581446037086656, 0.0974246752555173, 0.0, 0.0066586208527883274, 0.013673063477290238, 0.0017948481852639192, 0.0003232312800468865, 0.0011218592134463728, 0.007443766287252998, 0.0011220394909681887, 0.0007308486109551662, 0.012493716872687242, 0.000912734992019564, 0.0009712307857527669, 0.000934235371988283, 0.0, 0.0] and parameters: {'lag_0': 0.4413635535762956, 'lag_1': 0.8996595501344886, 'lag_2': 0.7351886666976817, 'lag_3': 0.3550916343241185, 'lag_4': 0.13747062090360745, 'lag_5': 0.7116523325608228, 'lag_6': 0.668638435785352, 'lag_7': 0.8382836791595619, 'lag_8': 0.5127023592742735, 'lag_9': 0.5599728443374978, 'lag_10': 0.8465195366969523, 'lag_11': 0.47105561248621197, 'lag_12': 0.1379157264686217, 'lag_13': 0.6125816208314927, 'lag_14': 0.5965084633046189, 'lag_15': 0.30000361151670824, 'lag_16': 0.9877363719713989, 'lag_17': 0.38732554304424893, 'lag_18': 0.4996650718878174, 'lag_19': 0.2238585278579526, 'lag_20': 0.9630370794404418, 'lag_21': 0.6977272504559833, 'lag_22': 0.42047494044631606, 'lag_23': 0.19024039606917706, 'lag_24': 0.8885162011619746, 'lag_25': 0.7471712361348606, 'lag_26': 0.0903577540269918, 'lag_27': 0.3192587009756463, 'lag_28': 0.7915938057751702}.
[I 2025-10-03 11:39:31,409] Trial 87 finished with values: [0.21787654320987654, 0.0031900977689144168, 0.010336135758006038, 0.010943183767879689, 0.0020503773023448912, 0.007487432904171071, 0.0005582509694854546, 0.0020915211284270934, 0.0068779898467532085, 0.0009952677847848194, 0.0020153017903403103, 0.006384915504809305, 0.0012537817278824403, 0.0949315824298445, 0.0, 0.005938437281249572, 0.01357652485907867, 0.002108150244181436, 0.0001406248201277115, 0.0010938892998169898, 0.007722700845213241, 0.001259116593739302, 0.0009447189378992717, 0.013185221887550872, 0.0008264286294017495, 0.000985020867619004, 0.0009565365145842766, 0.0, 0.0] and parameters: {'lag_0': 0.5215171015337907, 'lag_1': 0.35024416704894185, 'lag_2': 0.13388757373554555, 'lag_3': 0.8349996787448974, 'lag_4': 0.10159404916112125, 'lag_5': 0.886050983048526, 'lag_6': 0.8508959248040424, 'lag_7': 0.9199540770557524, 'lag_8': 0.3814021491122027, 'lag_9': 0.9613716301395002, 'lag_10': 0.7321626210890719, 'lag_11': 0.29298778523306257, 'lag_12': 0.33326959825790387, 'lag_13': 0.2378017560365441, 'lag_14': 0.13619625687066425, 'lag_15': 0.5919779610711282, 'lag_16': 0.06239185233014645, 'lag_17': 0.04808600647802343, 'lag_18': 0.7536150147872627, 'lag_19': 0.6925624862606871, 'lag_20': 0.26226599685705554, 'lag_21': 0.5584628378437602, 'lag_22': 0.18398090326686778, 'lag_23': 0.00890913424429611, 'lag_24': 0.2067384166482648, 'lag_25': 0.26468637670862644, 'lag_26': 0.017264162118133673, 'lag_27': 0.1814474821921053, 'lag_28': 0.1654262728283939}.
[I 2025-10-03 11:39:34,099] Trial 88 finished with values: [0.005555555555555555, 0.004982926060147668, 0.01239201964150766, 0.011827090767738312, 0.0019033342593324548, 0.00999638785647238, 0.0005744203484849876, 0.0010165050486335926, 0.0047784186908406395, 0.0013166401251539649, 0.001664070536725059, 0.004951829336725011, 0.0016545668651777742, 0.10461543697656898, 0.0, 0.008381267113105377, 0.013424731882433275, 0.0014343983244880798, 0.00029308377128808047, 0.0008100306412828077, 0.007386178533070967, 0.0008830586048427985, 0.0010969439694167287, 0.012934038661898009, 0.000836015875595107, 0.0007799440584566358, 0.0009051477836387403, 0.0, 0.0] and parameters: {'lag_0': 0.5965650299931644, 'lag_1': 0.8449033192702555, 'lag_2': 0.9207688817096424, 'lag_3': 0.2344528887430515, 'lag_4': 0.40245122333486005, 'lag_5': 0.5764232243997179, 'lag_6': 0.907095434907187, 'lag_7': 0.12575606799935637, 'lag_8': 0.46453637320860675, 'lag_9': 0.40929330862111163, 'lag_10': 0.9780349517178153, 'lag_11': 0.46185794886584336, 'lag_12': 0.5702230907084122, 'lag_13': 0.4889580312757604, 'lag_14': 0.03291942883902738, 'lag_15': 0.2905742158102061, 'lag_16': 0.9427333684972895, 'lag_17': 0.9330520653437973, 'lag_18': 0.9336000001063662, 'lag_19': 0.07271662361389886, 'lag_20': 0.35401459458490653, 'lag_21': 0.778945070843868, 'lag_22': 0.5579164290717431, 'lag_23': 0.6108489402148011, 'lag_24': 0.4105617745706795, 'lag_25': 0.639286792337617, 'lag_26': 0.07975094881064713, 'lag_27': 0.2238977931547333, 'lag_28': 0.10630032539576903}.
[I 2025-10-03 11:39:36,791] Trial 89 finished with values: [0.006550768455530359, 0.010931361107886017, 0.007889337840439844, 0.010421149353849527, 0.0019991865719159807, 0.007265143359346952, 0.0002865114369944669, 0.001384908588353595, 0.008179434566051495, 0.0004787513496150274, 0.0021455233892072856, 0.004776831881442208, 0.002553116505273049, 0.09862127508097773, 0.0, 0.008332948309051619, 0.012788037018137115, 0.001636610239148235, 0.00024614756257064594, 0.0015011943879913183, 0.007852679728229815, 0.0009914683547347478, 0.001254339968072854, 0.01326676125850782, 0.0008010092644385088, 0.0006659224933711779, 0.0008948524045966696, 0.0, 0.0] and parameters: {'lag_0': 0.40640610601514926, 'lag_1': 0.024230554630831246, 'lag_2': 0.5479198136860016, 'lag_3': 0.5059707353639836, 'lag_4': 0.06003159582137541, 'lag_5': 0.9257124158501697, 'lag_6': 0.37574706655993045, 'lag_7': 0.5977977508496052, 'lag_8': 0.07189424760250629, 'lag_9': 0.3443467332535042, 'lag_10': 0.6606259728076918, 'lag_11': 0.1982222653907187, 'lag_12': 0.7923515556096437, 'lag_13': 0.3755002856399016, 'lag_14': 0.4040317091819999, 'lag_15': 0.7228382450370623, 'lag_16': 0.8153492350959722, 'lag_17': 0.7363449376919715, 'lag_18': 0.7442512232641874, 'lag_19': 0.6320487812582789, 'lag_20': 0.9027259639063119, 'lag_21': 0.45835711198772416, 'lag_22': 0.9016147289536797, 'lag_23': 0.34341633591847814, 'lag_24': 0.42935150653795834, 'lag_25': 0.2732271226892582, 'lag_26': 0.9658231612836329, 'lag_27': 0.4164029278769857, 'lag_28': 0.851681681087531}.
[I 2025-10-03 11:39:39,486] Trial 90 finished with values: [0.007387417777028166, 0.013351196148815431, 0.007551574502952736, 0.007403466698079281, 0.006774742615438452, 0.004560797986756728, 6.229354015464293e-05, 0.0009088251720736874, 0.007723106204301995, 0.0004886307647109457, 0.002206152842199555, 0.006536389875528207, 0.00198521003313838, 0.1013616477601551, 0.0, 0.006742265789914578, 0.012143286422156428, 0.001757895831057747, 0.00013722969718827155, 0.0008507465001196555, 0.008689897560899329, 0.0013289018170312447, 0.0007420776181909826, 0.011204616324623353, 0.0012761614631874112, 0.0008440496127801398, 0.0017402721570523242, 0.0, 0.0] and parameters: {'lag_0': 0.5001779981975347, 'lag_1': 0.16667480067313747, 'lag_2': 0.16505257571618995, 'lag_3': 0.6326272403285407, 'lag_4': 0.472967324971385, 'lag_5': 0.18049293136665082, 'lag_6': 0.1355663028908805, 'lag_7': 0.055688183434630556, 'lag_8': 0.5911272214094315, 'lag_9': 0.3783820862208304, 'lag_10': 0.17526490387606905, 'lag_11': 0.11834658960193281, 'lag_12': 0.20984102644606759, 'lag_13': 0.7636211385032615, 'lag_14': 0.6303760611539054, 'lag_15': 0.5334704079066521, 'lag_16': 0.32045620691797594, 'lag_17': 0.06293256224398551, 'lag_18': 0.20834459198916339, 'lag_19': 0.20696039499112776, 'lag_20': 0.14896222902281242, 'lag_21': 0.44458502194058125, 'lag_22': 0.5323271480942067, 'lag_23': 0.4684470545651877, 'lag_24': 0.6227426267126572, 'lag_25': 0.7449506042260905, 'lag_26': 0.21144414275302328, 'lag_27': 0.9785262574487207, 'lag_28': 0.7233035054221555}.
[I 2025-10-03 11:39:42,174] Trial 91 finished with values: [0.0055941358024691355, 0.005485285888826158, 0.013387943058656687, 0.00767261849902213, 0.0008381825182810814, 0.006182099066652927, 0.0004668667936528863, 0.001633292658659198, 0.00500854952044218, 0.0007863092285305646, 0.002814268177874838, 0.005730685195525802, 0.0023414737482200694, 0.09302348115009562, 0.0, 0.007055958885133384, 0.01327363422349322, 0.002112426117987117, 0.00024186264507098444, 0.0010430745307149878, 0.007804691093412896, 0.0009901614689121047, 0.0006095526496509633, 0.011952683627900827, 0.0009478318319431298, 0.0010711258427200086, 0.0009660243004886247, 0.0, 0.0] and parameters: {'lag_0': 0.44533910642687546, 'lag_1': 0.25564976899172354, 'lag_2': 0.6272307412721726, 'lag_3': 0.35411548640746615, 'lag_4': 0.6465434256583831, 'lag_5': 0.42493566945094197, 'lag_6': 0.4540328954969195, 'lag_7': 0.5716722139834659, 'lag_8': 0.44805617647976337, 'lag_9': 0.9146745880728268, 'lag_10': 0.2134092439382209, 'lag_11': 0.024921488701800668, 'lag_12': 0.16379306181433298, 'lag_13': 0.06332314068450384, 'lag_14': 0.1531999123531171, 'lag_15': 0.5245623765964016, 'lag_16': 0.6349219862015069, 'lag_17': 0.3009803515196307, 'lag_18': 0.003117832819266744, 'lag_19': 0.24529929889312077, 'lag_20': 0.5380190196186282, 'lag_21': 0.17023779793818591, 'lag_22': 0.6630802697066389, 'lag_23': 0.6004803698796362, 'lag_24': 0.3037976949565712, 'lag_25': 0.9324589537412112, 'lag_26': 0.5441234785604508, 'lag_27': 0.12475121363675165, 'lag_28': 0.5976065509993953}.
[I 2025-10-03 11:39:44,865] Trial 92 finished with values: [0.00820366101751383, 0.011764884099528238, 0.00884791040283887, 0.0080285284687062, 0.0020827565347167976, 0.00823116578013787, 0.0003675881312452717, 0.00019977107898201473, 0.005879320186776638, 0.0002829373472782098, 0.001975456121098787, 0.00616561136611155, 0.0017737042057953984, 0.10162339850325801, 0.0, 0.005899806141770264, 0.012891251349477648, 0.0014408993420046974, 0.00016891402133229136, 0.0011088864979067665, 0.007461842103239111, 0.000829472969154378, 0.0010800189858479227, 0.012316884946612493, 0.001303812654606766, 0.0013946362733069828, 0.0010527552208484104, 0.0, 0.0] and parameters: {'lag_0': 0.7145975751526585, 'lag_1': 0.35504061849820784, 'lag_2': 0.6505228388158464, 'lag_3': 0.3550916343241185, 'lag_4': 0.13747062090360745, 'lag_5': 0.9618973201710482, 'lag_6': 0.668638435785352, 'lag_7': 0.12992947669715704, 'lag_8': 0.8892774212378165, 'lag_9': 0.857405216406015, 'lag_10': 0.7129039122137069, 'lag_11': 0.25317999309089667, 'lag_12': 0.5675046658809185, 'lag_13': 0.3007640521421275, 'lag_14': 0.5965084633046189, 'lag_15': 0.30000361151670824, 'lag_16': 0.9877363719713989, 'lag_17': 0.5510950348185861, 'lag_18': 0.4249011476910152, 'lag_19': 0.2238585278579526, 'lag_20': 0.9630370794404418, 'lag_21': 0.6977272504559833, 'lag_22': 0.42047494044631606, 'lag_23': 0.5788240391241857, 'lag_24': 0.036630074658796516, 'lag_25': 0.34607822052607545, 'lag_26': 0.0903577540269918, 'lag_27': 0.3192587009756463, 'lag_28': 0.6263172639751307}.
[I 2025-10-03 11:39:47,545] Trial 93 finished with values: [0.0049382716049382715, 0.0024634319526627224, 0.014614011101476868, 0.007939583264231317, 0.0014192604346453415, 0.009631265153628209, 0.00020522077173251247, 0.0006710409976986484, 0.008455415218204174, 0.0007102210800373601, 0.0028339136080270102, 0.003883294683865559, 0.0025960700588735773, 0.09907444753358238, 0.0, 0.007652640915732938, 0.012972110568715289, 0.0015602901452358997, 0.0005998221445627343, 0.0011429863490951468, 0.006899553324194724, 0.0008640721002928016, 0.0012476501122170918, 0.01255148987928979, 0.0012724317299693986, 0.0009335796696689665, 0.0011094182625953964, 0.0, 0.0] and parameters: {'lag_0': 0.9588695394380264, 'lag_1': 0.7375588871623636, 'lag_2': 0.6982282112665747, 'lag_3': 0.8994971959376441, 'lag_4': 0.9153545998192292, 'lag_5': 0.7439597766988113, 'lag_6': 0.18829171921562526, 'lag_7': 0.8239590522727234, 'lag_8': 0.7322300282344875, 'lag_9': 0.013576726502720328, 'lag_10': 0.1994788144693546, 'lag_11': 0.1664901982058169, 'lag_12': 0.8350086924530812, 'lag_13': 0.01817062802961467, 'lag_14': 0.5735515589232882, 'lag_15': 0.5597482138555516, 'lag_16': 0.20658247063561747, 'lag_17': 0.13317962170914066, 'lag_18': 0.9294648282299535, 'lag_19': 0.7276173577679291, 'lag_20': 0.6116768511989891, 'lag_21': 0.4804331098318004, 'lag_22': 0.5022915482852687, 'lag_23': 0.23564746874734283, 'lag_24': 0.2735684058433739, 'lag_25': 0.3704232019411979, 'lag_26': 0.878798858508867, 'lag_27': 0.530368944846819, 'lag_28': 0.7745045457947072}.
