[I 2025-09-29 13:18:56,237] Trial 19 finished with value: 0.003352681992279667 and parameters: {'lag_0': 0.03683734084048268, 'lag_1': 0.9632871437671147, 'lag_2': 0.3740456977797631, 'lag_3': 0.6316393157006365, 'lag_4': 0.998466720753503, 'lag_5': 0.6186741507066313, 'lag_6': 0.7510017262393434, 'lag_7': 0.4313956351736228, 'lag_8': 0.20352138455282925, 'lag_9': 0.6824834065487964, 'lag_10': 0.0979675269676259, 'lag_11': 0.46015280103909106, 'lag_12': 0.7205288755824327, 'lag_13': 0.012852361883229618, 'lag_14': 0.9235741619575375, 'lag_15': 0.8460532029513979, 'lag_16': 0.5326076911660511, 'lag_17': 0.8368337312458889, 'lag_18': 0.8370790945786317, 'lag_19': 0.09089148403226316, 'lag_20': 0.1400723943308947, 'lag_21': 0.8773948735300593, 'lag_22': 0.5245482383680089, 'lag_23': 0.600517453718682, 'lag_24': 0.8340796890438851, 'lag_25': 0.6538877473093659, 'lag_26': 0.3360175649090821, 'lag_27': 0.007395210335010227, 'lag_28': 0.1264875638531435}. Best is trial 9 with value: 0.003126438554467495.
[I 2025-09-29 13:18:58,679] Trial 20 finished with value: 0.0031990500748920805 and parameters: {'lag_0': 0.6969786903198555, 'lag_1': 0.11344837974363475, 'lag_2': 0.15131358867481898, 'lag_3': 0.4587272962922153, 'lag_4': 0.46500591999272367, 'lag_5': 0.7127953806346747, 'lag_6': 0.8782157373002739, 'lag_7': 0.8314201928362844, 'lag_8': 0.4510142194866795, 'lag_9': 0.2610418312101618, 'lag_10': 0.37972257270559034, 'lag_11': 0.5955092989513961, 'lag_12': 0.019076242235619545, 'lag_13': 0.12636825166183094, 'lag_14': 0.017790696338451373, 'lag_15': 0.3173489271537595, 'lag_16': 0.15100030660404687, 'lag_17': 0.59841434714659, 'lag_18': 0.6223343342766887, 'lag_19': 0.8691011243829254, 'lag_20': 0.9878632557819116, 'lag_21': 0.5532305371685077, 'lag_22': 0.8843916848037228, 'lag_23': 0.4287450160632711, 'lag_24': 0.579419137704395, 'lag_25': 0.8521086467670658, 'lag_26': 0.11429296694690246, 'lag_27': 0.9005203580795775, 'lag_28': 0.5955575793375171}. Best is trial 9 with value: 0.003126438554467495.
[I 2025-09-29 13:19:01,118] Trial 21 finished with value: 0.0032099218694927427 and parameters: {'lag_0': 0.6907276754786661, 'lag_1': 0.09766961421638047, 'lag_2': 0.15796442356138024, 'lag_3': 0.4013245819893902, 'lag_4': 0.45340826253419353, 'lag_5': 0.6997962499358303, 'lag_6': 0.8862746662025837, 'lag_7': 0.8818361229965255, 'lag_8': 0.44161530933325066, 'lag_9': 0.2769917953267775, 'lag_10': 0.3926951724849226, 'lag_11': 0.6275201137454135, 'lag_12': 0.03944797298580957, 'lag_13': 0.1380281091923973, 'lag_14': 0.026288111755661234, 'lag_15': 0.2990039885729953, 'lag_16': 0.1470633505098959, 'lag_17': 0.6057487737182312, 'lag_18': 0.6387611659887898, 'lag_19': 0.8473345564968495, 'lag_20': 0.9935482956667714, 'lag_21': 0.4800055017210202, 'lag_22': 0.8909178628190475, 'lag_23': 0.3755283173104274, 'lag_24': 0.5499733300196604, 'lag_25': 0.8410164125998726, 'lag_26': 0.09389666846079175, 'lag_27': 0.9033820923601051, 'lag_28': 0.6014192718713754}. Best is trial 9 with value: 0.003126438554467495.
[I 2025-09-29 13:19:03,570] Trial 22 finished with value: 0.003438312379139906 and parameters: {'lag_0': 0.8753443379380903, 'lag_1': 0.20040167962720482, 'lag_2': 0.2755559350333898, 'lag_3': 0.7723001962851235, 'lag_4': 0.624128596457239, 'lag_5': 0.9038360545045807, 'lag_6': 0.8820045092617077, 'lag_7': 0.848550690320347, 'lag_8': 0.4040938709292564, 'lag_9': 0.4732425431832403, 'lag_10': 0.5593804596110268, 'lag_11': 0.5662165839952702, 'lag_12': 0.8434559021021495, 'lag_13': 0.1699593799024398, 'lag_14': 0.09861745734332963, 'lag_15': 0.14944914650560034, 'lag_16': 0.3280626547771648, 'lag_17': 0.3963932757391635, 'lag_18': 0.8867027556298114, 'lag_19': 0.6692332222422961, 'lag_20': 0.7470402044324786, 'lag_21': 0.5744087451285311, 'lag_22': 0.9934949399184134, 'lag_23': 0.45818001151596305, 'lag_24': 0.6734456170515154, 'lag_25': 0.9614926912525085, 'lag_26': 0.12464367358244967, 'lag_27': 0.9171949713818425, 'lag_28': 0.42363724519191936}. Best is trial 9 with value: 0.003126438554467495.
[I 2025-09-29 13:19:06,007] Trial 23 finished with value: 0.003197589637160781 and parameters: {'lag_0': 0.6625021109351997, 'lag_1': 0.4062781098156049, 'lag_2': 0.13718028950665306, 'lag_3': 0.485829721969024, 'lag_4': 0.38797600384545006, 'lag_5': 0.5973272223623398, 'lag_6': 0.5639374947283691, 'lag_7': 0.6084755058230726, 'lag_8': 0.5451732441934797, 'lag_9': 0.22854678470591513, 'lag_10': 0.40937617094925827, 'lag_11': 0.752726989952831, 'lag_12': 0.5175288897661445, 'lag_13': 0.32811229714419526, 'lag_14': 0.2734082050538286, 'lag_15': 0.38770863301277225, 'lag_16': 0.18136022914601924, 'lag_17': 0.6191483663747259, 'lag_18': 0.7843247394524092, 'lag_19': 0.8615920358439795, 'lag_20': 0.5140858814265112, 'lag_21': 0.7412768735712884, 'lag_22': 0.8664624047902002, 'lag_23': 0.2274226320936916, 'lag_24': 0.39661629526205344, 'lag_25': 0.8171920298345308, 'lag_26': 0.0029401167914685222, 'lag_27': 0.716997382003266, 'lag_28': 0.5811872057628317}. Best is trial 9 with value: 0.003126438554467495.
[I 2025-09-29 13:19:08,449] Trial 24 finished with value: 0.003266675004623067 and parameters: {'lag_0': 0.4576697216467449, 'lag_1': 0.4148459241894022, 'lag_2': 0.4048016225849248, 'lag_3': 0.7674221503994444, 'lag_4': 0.34724943223814786, 'lag_5': 0.4596801563254184, 'lag_6': 0.5707656053305302, 'lag_7': 0.6258834553657768, 'lag_8': 0.5820181699950104, 'lag_9': 0.4263946923400253, 'lag_10': 0.46919275449344394, 'lag_11': 0.7156187810746123, 'lag_12': 0.5551134793950543, 'lag_13': 0.3874964289640513, 'lag_14': 0.2860465378854351, 'lag_15': 0.5588272917385678, 'lag_16': 0.4792984913469244, 'lag_17': 0.8661244023504951, 'lag_18': 0.7560707889616077, 'lag_19': 0.5260176101066065, 'lag_20': 0.5189610777773672, 'lag_21': 0.7488341946962138, 'lag_22': 0.765132734995022, 'lag_23': 0.2849263961724353, 'lag_24': 0.39351425367168213, 'lag_25': 0.511470509584582, 'lag_26': 0.012357672863240486, 'lag_27': 0.7083643046937751, 'lag_28': 0.3722002710836234}. Best is trial 9 with value: 0.003126438554467495.
[I 2025-09-29 13:19:10,889] Trial 25 finished with value: 0.0034915721760964405 and parameters: {'lag_0': 0.9937253314449257, 'lag_1': 0.26540873054171116, 'lag_2': 0.5603486961105948, 'lag_3': 0.6123451785650889, 'lag_4': 0.2977886269632436, 'lag_5': 0.596056378172245, 'lag_6': 0.7180700744408425, 'lag_7': 0.47432633609753805, 'lag_8': 0.2386635914188378, 'lag_9': 0.5907352255536106, 'lag_10': 0.6527358850819103, 'lag_11': 0.9327241230147918, 'lag_12': 0.42727916481508355, 'lag_13': 0.2879211298722815, 'lag_14': 0.2530411976883483, 'lag_15': 0.41137505021465726, 'lag_16': 0.18902648755817428, 'lag_17': 0.6499655446362906, 'lag_18': 0.9087465608705119, 'lag_19': 0.6933968127005733, 'lag_20': 0.34431462245011785, 'lag_21': 0.8623243223473701, 'lag_22': 0.8304901714665818, 'lag_23': 0.227493861243664, 'lag_24': 0.2160934831601476, 'lag_25': 0.7316226125001297, 'lag_26': 0.32211027719522967, 'lag_27': 0.7203044772572315, 'lag_28': 0.26042591647070035}. Best is trial 9 with value: 0.003126438554467495.
[I 2025-09-29 13:19:13,331] Trial 26 finished with value: 0.003455691121922142 and parameters: {'lag_0': 0.6435607919925985, 'lag_1': 0.42441056327693744, 'lag_2': 0.11040681760764487, 'lag_3': 0.47936892982205515, 'lag_4': 0.8213358873144034, 'lag_5': 0.48460412241450374, 'lag_6': 0.5963407948970744, 'lag_7': 0.6307387417972291, 'lag_8': 0.6811520136302104, 'lag_9': 0.013314570940410941, 'lag_10': 0.2975924086594796, 'lag_11': 0.9913152947329487, 'lag_12': 0.696478393883426, 'lag_13': 0.23359884005856624, 'lag_14': 0.41065835580401955, 'lag_15': 0.2322369979229503, 'lag_16': 0.029667220950853362, 'lag_17': 0.5420458854174566, 'lag_18': 0.9931815924103421, 'lag_19': 0.24544821323965677, 'lag_20': 0.577458166692767, 'lag_21': 0.8816258986705918, 'lag_22': 0.564678941893251, 'lag_23': 0.8897942804062567, 'lag_24': 0.5169231785089715, 'lag_25': 0.6684262877127749, 'lag_26': 0.16866054014732038, 'lag_27': 0.5548212173707434, 'lag_28': 0.5252884305663479}. Best is trial 9 with value: 0.003126438554467495.
[I 2025-09-29 13:19:15,775] Trial 27 finished with value: 0.00336517648418884 and parameters: {'lag_0': 0.7553818670413572, 'lag_1': 0.5308215395221803, 'lag_2': 0.24978441722300904, 'lag_3': 0.19101412458807876, 'lag_4': 0.6167166432829351, 'lag_5': 0.8110452994727041, 'lag_6': 0.7670527297813887, 'lag_7': 0.5204682662194864, 'lag_8': 0.5243724799393361, 'lag_9': 0.7835198914167552, 'lag_10': 0.19359107608347825, 'lag_11': 0.28859630071228526, 'lag_12': 0.817205051869426, 'lag_13': 0.06654365914838818, 'lag_14': 0.14224021636149697, 'lag_15': 0.09151371429336311, 'lag_16': 0.3463903371651501, 'lag_17': 0.4289327583046384, 'lag_18': 0.7879291926461329, 'lag_19': 0.9090882753754684, 'lag_20': 0.1825751942463339, 'lag_21': 0.6548368559619551, 'lag_22': 0.010944494176744757, 'lag_23': 0.03883619701306673, 'lag_24': 0.41851096532231186, 'lag_25': 0.7864338842679228, 'lag_26': 0.06410587496826686, 'lag_27': 0.8185196020969582, 'lag_28': 0.6862670150834331}. Best is trial 9 with value: 0.003126438554467495.
[I 2025-09-29 13:19:18,227] Trial 28 finished with value: 0.0032409700824265635 and parameters: {'lag_0': 0.806038579240639, 'lag_1': 0.36464117972689813, 'lag_2': 0.3624555608867426, 'lag_3': 0.5423282278937501, 'lag_4': 0.40739527392440744, 'lag_5': 0.6681549138961358, 'lag_6': 0.4093154777386557, 'lag_7': 0.13004422667726612, 'lag_8': 0.5901674912487004, 'lag_9': 0.5390966329558803, 'lag_10': 0.431240546596085, 'lag_11': 0.4150937067119194, 'lag_12': 0.5489735755631686, 'lag_13': 0.3550926059041105, 'lag_14': 0.3193241484337378, 'lag_15': 0.6008407703091146, 'lag_16': 0.47031690353037336, 'lag_17': 0.9920175722452247, 'lag_18': 0.5668158478029034, 'lag_19': 0.8114036736251166, 'lag_20': 0.024638622260939158, 'lag_21': 0.9944745813408808, 'lag_22': 0.7048381372475343, 'lag_23': 0.26071936356015324, 'lag_24': 0.20405099778995828, 'lag_25': 0.8915555672510201, 'lag_26': 0.006326971002330827, 'lag_27': 0.9813537665772607, 'lag_28': 0.12884623148853488}. Best is trial 9 with value: 0.003126438554467495.
[I 2025-09-29 13:19:20,686] Trial 29 finished with value: 0.0034559431850701107 and parameters: {'lag_0': 0.6033673641401652, 'lag_1': 0.20355724316628868, 'lag_2': 0.2386984246001282, 'lag_3': 0.7078213304441536, 'lag_4': 0.7732780365779853, 'lag_5': 0.9014011620759194, 'lag_6': 0.43782411347287753, 'lag_7': 0.6896874511108844, 'lag_8': 0.8683353559766184, 'lag_9': 0.19733205335115644, 'lag_10': 0.6126460468909848, 'lag_11': 0.18593737130486315, 'lag_12': 0.6621447301265593, 'lag_13': 0.32674383185753886, 'lag_14': 0.40877556493268946, 'lag_15': 0.9345129559366815, 'lag_16': 0.6169592926342666, 'lag_17': 0.3039566387813261, 'lag_18': 0.47122126695200306, 'lag_19': 0.41401338236733604, 'lag_20': 0.4253506111880808, 'lag_21': 0.7719837280171697, 'lag_22': 0.9060669660496633, 'lag_23': 0.6652930469519622, 'lag_24': 0.8107497771618243, 'lag_25': 0.5573413290475011, 'lag_26': 0.2947825771311043, 'lag_27': 0.5505348792762523, 'lag_28': 0.4409679721423209}. Best is trial 9 with value: 0.003126438554467495.
[I 2025-09-29 13:19:23,139] Trial 30 finished with value: 0.00347055553082794 and parameters: {'lag_0': 0.891057856771258, 'lag_1': 0.2958116571682121, 'lag_2': 0.3111604086109542, 'lag_3': 0.8224403078799059, 'lag_4': 0.23341484736277204, 'lag_5': 0.7633571062869625, 'lag_6': 0.6037847590488902, 'lag_7': 0.34540793327784713, 'lag_8': 0.6671379281769286, 'lag_9': 0.6348253234395256, 'lag_10': 0.5231979456977952, 'lag_11': 0.7463884197935772, 'lag_12': 0.7719088371640397, 'lag_13': 0.4610157867797561, 'lag_14': 0.224751856409117, 'lag_15': 0.4160429891984925, 'lag_16': 0.2829811414307764, 'lag_17': 0.7694861190774582, 'lag_18': 0.7163587840190472, 'lag_19': 0.997683954616417, 'lag_20': 0.3924688042297638, 'lag_21': 0.8438379666575547, 'lag_22': 0.446656108363926, 'lag_23': 0.7710490040813327, 'lag_24': 0.978772609484846, 'lag_25': 0.2526905691471869, 'lag_26': 0.14019241779862113, 'lag_27': 0.7524226177765494, 'lag_28': 0.19493448442714117}. Best is trial 9 with value: 0.003126438554467495.
[I 2025-09-29 13:19:25,596] Trial 31 finished with value: 0.0032081168364076194 and parameters: {'lag_0': 0.6872165970477824, 'lag_1': 0.07604725789078048, 'lag_2': 0.09786008514927583, 'lag_3': 0.4842504955306691, 'lag_4': 0.43143989017882206, 'lag_5': 0.7372313145770835, 'lag_6': 0.9299843715043782, 'lag_7': 0.8203298786671183, 'lag_8': 0.46478521416561636, 'lag_9': 0.2738285465788214, 'lag_10': 0.38515523635706916, 'lag_11': 0.6980298553920621, 'lag_12': 0.4876335515189919, 'lag_13': 0.12048960659524457, 'lag_14': 0.08849163920730369, 'lag_15': 0.3296484646852701, 'lag_16': 0.15000026547226095, 'lag_17': 0.6143375111720327, 'lag_18': 0.5740572384034592, 'lag_19': 0.8092757814609443, 'lag_20': 0.9838172820403034, 'lag_21': 0.5935826223587497, 'lag_22': 0.8814719170326671, 'lag_23': 0.4209864147839019, 'lag_24': 0.6229279026064573, 'lag_25': 0.8726613430047959, 'lag_26': 0.08907493808976255, 'lag_27': 0.8749733802446213, 'lag_28': 0.61474166995544}. Best is trial 9 with value: 0.003126438554467495.
[I 2025-09-29 13:19:28,051] Trial 32 finished with value: 0.003598315592648767 and parameters: {'lag_0': 0.7162134649746147, 'lag_1': 0.16202575863906438, 'lag_2': 0.18225003674702098, 'lag_3': 0.4073243088414157, 'lag_4': 0.5426336840340296, 'lag_5': 0.5501770347258085, 'lag_6': 0.7983162957888181, 'lag_7': 0.9101887232103796, 'lag_8': 0.5014083602217064, 'lag_9': 0.20743143571814038, 'lag_10': 0.3434704191085406, 'lag_11': 0.5781477753367321, 'lag_12': 0.36079348969678204, 'lag_13': 0.18996428217452094, 'lag_14': 0.15457250216185295, 'lag_15': 0.29571564926800714, 'lag_16': 0.08912718701079128, 'lag_17': 0.5618160876360735, 'lag_18': 0.8216127569060558, 'lag_19': 0.8983558773426485, 'lag_20': 0.727741607183154, 'lag_21': 0.7107116292527517, 'lag_22': 0.9993559392866358, 'lag_23': 0.6165947549605248, 'lag_24': 0.7295547989542288, 'lag_25': 0.9403073151373119, 'lag_26': 0.17249951685374632, 'lag_27': 0.8542154503873495, 'lag_28': 0.5192636149905152}. Best is trial 9 with value: 0.003126438554467495.
[I 2025-09-29 13:19:30,507] Trial 33 finished with value: 0.0033236310796319266 and parameters: {'lag_0': 0.6323497549538717, 'lag_1': 0.23737866920876338, 'lag_2': 0.11266290372385176, 'lag_3': 0.3384069264795352, 'lag_4': 0.6402476186566413, 'lag_5': 0.6499283113298195, 'lag_6': 0.8528485390093373, 'lag_7': 0.8030604100758583, 'lag_8': 0.37652646065562323, 'lag_9': 0.13022589656092223, 'lag_10': 0.34938112728651644, 'lag_11': 0.7924016788038144, 'lag_12': 0.5725768370706522, 'lag_13': 0.06033188464084309, 'lag_14': 0.011626427380151322, 'lag_15': 0.17971101295392986, 'lag_16': 0.009107754993229356, 'lag_17': 0.684349313274418, 'lag_18': 0.9135046053658608, 'lag_19': 0.7249487990232836, 'lag_20': 0.8597877918138792, 'lag_21': 0.4652891881168186, 'lag_22': 0.9195103548348679, 'lag_23': 0.5321368016963257, 'lag_24': 0.3725237568953624, 'lag_25': 0.768120172262341, 'lag_26': 0.4121336042225661, 'lag_27': 0.9226429529052366, 'lag_28': 0.6966412117802333}. Best is trial 9 with value: 0.003126438554467495.
[I 2025-09-29 13:19:32,955] Trial 34 finished with value: 0.003181343075757889 and parameters: {'lag_0': 0.555120040034172, 'lag_1': 0.07696753904787502, 'lag_2': 0.19719813781713563, 'lag_3': 0.44606616508813207, 'lag_4': 0.27456478919864946, 'lag_5': 0.5740206082119335, 'lag_6': 0.916932162753153, 'lag_7': 0.7836098843420383, 'lag_8': 0.3146024878264493, 'lag_9': 0.33313873442639463, 'lag_10': 0.5140166804549725, 'lag_11': 0.46716615175104304, 'lag_12': 0.2707033015503433, 'lag_13': 0.09961715403815874, 'lag_14': 0.3700873043860696, 'lag_15': 0.3923599963427883, 'lag_16': 0.18420076114438633, 'lag_17': 0.47731599092380583, 'lag_18': 0.7827505445410393, 'lag_19': 0.9464614912586076, 'lag_20': 0.07333360562098384, 'lag_21': 0.9224136326859103, 'lag_22': 0.7336889680167356, 'lag_23': 0.4629400046088016, 'lag_24': 0.5200198619255588, 'lag_25': 0.8399210773406438, 'lag_26': 0.583254857495182, 'lag_27': 0.6451398776050998, 'lag_28': 0.6363209947767172}. Best is trial 9 with value: 0.003126438554467495.
[I 2025-09-29 13:19:35,410] Trial 35 finished with value: 0.003682720392149464 and parameters: {'lag_0': 0.5468546756659016, 'lag_1': 0.047146257688039844, 'lag_2': 0.005645108516082381, 'lag_3': 0.6030105455083224, 'lag_4': 0.039666285516076594, 'lag_5': 0.5328515514617751, 'lag_6': 0.920455359637546, 'lag_7': 0.6935618472791898, 'lag_8': 0.2774851785209233, 'lag_9': 0.32239956082401633, 'lag_10': 0.5146098229203488, 'lag_11': 0.474734862858401, 'lag_12': 0.27956121516289906, 'lag_13': 0.05033096773591027, 'lag_14': 0.3311859840510142, 'lag_15': 0.40199454841859406, 'lag_16': 0.19767990229018467, 'lag_17': 0.3547685873618267, 'lag_18': 0.8052021972662098, 'lag_19': 0.943883992282902, 'lag_20': 0.07747859959018179, 'lag_21': 0.9297826200750617, 'lag_22': 0.758854586145804, 'lag_23': 0.10032508668259976, 'lag_24': 0.5202529092103928, 'lag_25': 0.45213944166129777, 'lag_26': 0.5559884681744683, 'lag_27': 0.6522013326348244, 'lag_28': 0.7454760759143869}. Best is trial 9 with value: 0.003126438554467495.
[I 2025-09-29 13:19:37,859] Trial 36 finished with value: 0.0036490181691894454 and parameters: {'lag_0': 0.7902408582667724, 'lag_1': 0.7182909094936429, 'lag_2': 0.2070486756581562, 'lag_3': 0.6783896874871854, 'lag_4': 0.12257623192628742, 'lag_5': 0.5861067500683605, 'lag_6': 0.727122953005028, 'lag_7': 0.7624427222275392, 'lag_8': 0.3667202296674126, 'lag_9': 0.4002091773176634, 'lag_10': 0.7223771263268177, 'lag_11': 0.33499692952502913, 'lag_12': 0.19968571318820894, 'lag_13': 0.2246750874809993, 'lag_14': 0.3700083363439656, 'lag_15': 0.471424265167078, 'lag_16': 0.07731836667896762, 'lag_17': 0.4765892737716443, 'lag_18': 0.7030499858147439, 'lag_19': 0.6113196976553987, 'lag_20': 0.06598277751062392, 'lag_21': 0.7782723788746482, 'lag_22': 0.6996682927467901, 'lag_23': 0.5009784750610825, 'lag_24': 0.3119586987371652, 'lag_25': 0.6464559689974652, 'lag_26': 0.7143527555740723, 'lag_27': 0.4892672641705613, 'lag_28': 0.8715983383846767}. Best is trial 9 with value: 0.003126438554467495.
[I 2025-09-29 13:19:40,422] Trial 37 finished with value: 0.003264516065489824 and parameters: {'lag_0': 0.9408383986724689, 'lag_1': 0.34878994635849114, 'lag_2': 0.2951298916626405, 'lag_3': 0.32447636592804174, 'lag_4': 0.2685289578614757, 'lag_5': 0.43201810339253155, 'lag_6': 0.2536585769525642, 'lag_7': 0.5651076470070667, 'lag_8': 0.7223105712340854, 'lag_9': 0.5287154081454887, 'lag_10': 0.629594447378525, 'lag_11': 0.22958269738437284, 'lag_12': 0.42507368676753254, 'lag_13': 0.10229208512796698, 'lag_14': 0.2739924707304097, 'lag_15': 0.9865831139457182, 'lag_16': 0.3088441393988405, 'lag_17': 0.24936834314486656, 'lag_18': 0.4400185853933565, 'lag_19': 0.9438367818891306, 'lag_20': 0.21771233249675087, 'lag_21': 0.9026540122199027, 'lag_22': 0.8116719111988278, 'lag_23': 0.3283937225225635, 'lag_24': 0.463593254367645, 'lag_25': 0.9162670185990532, 'lag_26': 0.5156306666894717, 'lag_27': 0.5677825304291363, 'lag_28': 0.6502592650107046}. Best is trial 9 with value: 0.003126438554467495.
[I 2025-09-29 13:19:42,885] Trial 38 finished with value: 0.003532961255343677 and parameters: {'lag_0': 0.5586661925458649, 'lag_1': 0.15409565251225862, 'lag_2': 0.45572849297890716, 'lag_3': 0.4320573802869573, 'lag_4': 0.1721071635364466, 'lag_5': 0.8582181817627308, 'lag_6': 0.8180359825008185, 'lag_7': 0.6764022487163149, 'lag_8': 0.6165722197282314, 'lag_9': 0.06971111048253564, 'lag_10': 0.7919838990151572, 'lag_11': 0.39276959317881405, 'lag_12': 0.12850807409137016, 'lag_13': 0.603395251891024, 'lag_14': 0.4328559084721994, 'lag_15': 0.7702113051017728, 'lag_16': 0.6717462357395475, 'lag_17': 0.7232865725899943, 'lag_18': 0.8699999670417488, 'lag_19': 0.8243414252359347, 'lag_20': 0.1353059494297146, 'lag_21': 0.8299984740287422, 'lag_22': 0.7696143761040604, 'lag_23': 0.14915683809405827, 'lag_24': 0.2565207625264757, 'lag_25': 0.9810331461482003, 'lag_26': 0.675375074859345, 'lag_27': 0.6773347058888144, 'lag_28': 0.307632573385991}. Best is trial 9 with value: 0.003126438554467495.
[I 2025-09-29 13:19:45,345] Trial 39 finished with value: 0.003778829766044999 and parameters: {'lag_0': 0.48716917312123276, 'lag_1': 0.5435102556313054, 'lag_2': 0.3299868003687608, 'lag_3': 0.2668834359131372, 'lag_4': 0.3910119042281297, 'lag_5': 0.28038980234356337, 'lag_6': 0.9357517459176657, 'lag_7': 0.7554232275569713, 'lag_8': 0.13240728557042653, 'lag_9': 0.5967622364078236, 'lag_10': 0.5751721061903533, 'lag_11': 0.5244643622725076, 'lag_12': 0.2757841778007993, 'lag_13': 0.973121449822654, 'lag_14': 0.372208604575082, 'lag_15': 0.665351432089213, 'lag_16': 0.8655421050524332, 'lag_17': 0.5430321434614498, 'lag_18': 0.7818374159786392, 'lag_19': 0.002302871075368418, 'lag_20': 0.27820444308499126, 'lag_21': 0.6756915271219173, 'lag_22': 0.3478542316142844, 'lag_23': 0.9150752934315718, 'lag_24': 0.3549425303723214, 'lag_25': 0.3673930951456267, 'lag_26': 0.5851214082968357, 'lag_27': 0.7949292340758045, 'lag_28': 0.07161186115655252}. Best is trial 9 with value: 0.003126438554467495.
