[I 2025-09-29 13:21:32,201] Trial 82 finished with value: 0.0036445753289937287 and parameters: {'lag_0': 0.3410803477318919, 'lag_1': 0.03546186783546859, 'lag_2': 0.7369359062812432, 'lag_3': 0.979841890997587, 'lag_4': 0.5678816377413098, 'lag_5': 0.04577678196798929, 'lag_6': 0.9454940989441456, 'lag_7': 0.8223614026027015, 'lag_8': 0.38621679650863205, 'lag_9': 0.3764142584003809, 'lag_10': 0.7293065293646145, 'lag_11': 0.03062858601193831, 'lag_12': 0.04695873099215861, 'lag_13': 0.11393968449638397, 'lag_14': 0.23980745380003352, 'lag_15': 0.3097908749566749, 'lag_16': 0.31746044002783275, 'lag_17': 0.522794437315855, 'lag_18': 0.06742748153274848, 'lag_19': 0.4891031488976193, 'lag_20': 0.7162492209063952, 'lag_21': 0.4015653315459914, 'lag_22': 0.9119953856130903, 'lag_23': 0.9662297586115609, 'lag_24': 0.32283401266682415, 'lag_25': 0.8037816188631056, 'lag_26': 0.35654523098210583, 'lag_27': 0.41316523210994277, 'lag_28': 0.8864877063964413}. Best is trial 48 with value: 0.0030732978870720556.
[I 2025-09-29 13:21:34,694] Trial 83 finished with value: 0.002888407888942058 and parameters: {'lag_0': 0.48029971654495424, 'lag_1': 0.10758713573613174, 'lag_2': 0.6557732570961942, 'lag_3': 0.9081025167703419, 'lag_4': 0.4975356811424954, 'lag_5': 0.18776180781611718, 'lag_6': 0.9556579319903968, 'lag_7': 0.7841725780902467, 'lag_8': 0.33090060946540806, 'lag_9': 0.25980102648456643, 'lag_10': 0.6232292991693623, 'lag_11': 0.11518018201230708, 'lag_12': 0.08471144857546548, 'lag_13': 0.17104232436639016, 'lag_14': 0.16192439123972624, 'lag_15': 0.43349159565454753, 'lag_16': 0.4269343332955314, 'lag_17': 0.4511474507718511, 'lag_18': 0.047555226299024075, 'lag_19': 0.3919249034241796, 'lag_20': 0.8640037029043965, 'lag_21': 0.4391572878850782, 'lag_22': 0.8483278241645995, 'lag_23': 0.9024461478226727, 'lag_24': 0.29338588528605136, 'lag_25': 0.7448566949167281, 'lag_26': 0.2690668982802188, 'lag_27': 0.33260444316435106, 'lag_28': 0.9834336031975364}. Best is trial 83 with value: 0.002888407888942058.
[I 2025-09-29 13:21:37,199] Trial 84 finished with value: 0.0033453193506985416 and parameters: {'lag_0': 0.5364462884768428, 'lag_1': 0.09676983052687319, 'lag_2': 0.5945222277058961, 'lag_3': 0.9074233714717478, 'lag_4': 0.48127994416871256, 'lag_5': 0.0800692905475542, 'lag_6': 0.9804824429333212, 'lag_7': 0.865964204835024, 'lag_8': 0.20012443454648143, 'lag_9': 0.2738797565290031, 'lag_10': 0.5378834871494745, 'lag_11': 0.1434666451909618, 'lag_12': 0.08871893645242016, 'lag_13': 0.052491670039866725, 'lag_14': 0.15715195134399018, 'lag_15': 0.42439112035740684, 'lag_16': 0.43197252797493857, 'lag_17': 0.4509366544621148, 'lag_18': 0.11941608442233187, 'lag_19': 0.40939752730765955, 'lag_20': 0.9441428220894659, 'lag_21': 0.5176180690721465, 'lag_22': 0.8441111961017708, 'lag_23': 0.8481711809571912, 'lag_24': 0.36643516064586656, 'lag_25': 0.6380025391132307, 'lag_26': 0.5801388178527542, 'lag_27': 0.32458093679801386, 'lag_28': 0.905870776889536}. Best is trial 83 with value: 0.002888407888942058.
[I 2025-09-29 13:21:39,700] Trial 85 finished with value: 0.0033405109850640144 and parameters: {'lag_0': 0.5721175002194466, 'lag_1': 0.11278699029047809, 'lag_2': 0.655931283550004, 'lag_3': 0.917397547477354, 'lag_4': 0.49964621191084313, 'lag_5': 0.16394349780709871, 'lag_6': 0.8803252595468325, 'lag_7': 0.7747788252311882, 'lag_8': 0.3199763206377721, 'lag_9': 0.22295668786171352, 'lag_10': 0.4959908322337297, 'lag_11': 0.1138054213682615, 'lag_12': 0.22029503709584708, 'lag_13': 0.023115548259317838, 'lag_14': 0.03920168352949788, 'lag_15': 0.4032277065654434, 'lag_16': 0.6302214739701663, 'lag_17': 0.4764593314820751, 'lag_18': 0.2598410105936756, 'lag_19': 0.5172218585306066, 'lag_20': 0.8254435638689898, 'lag_21': 0.3010957738398433, 'lag_22': 0.7358495867054125, 'lag_23': 0.4840962015646821, 'lag_24': 0.19382180055499787, 'lag_25': 0.7068422354363714, 'lag_26': 0.2744878278887423, 'lag_27': 0.440479898941179, 'lag_28': 0.9809124247323386}. Best is trial 83 with value: 0.002888407888942058.
[I 2025-09-29 13:21:42,312] Trial 86 finished with value: 0.003062932456658629 and parameters: {'lag_0': 0.0061721317618196325, 'lag_1': 0.07095346501358915, 'lag_2': 0.43400625290222783, 'lag_3': 0.8144259144388454, 'lag_4': 0.7354891684148482, 'lag_5': 0.15112469273570997, 'lag_6': 0.9186029758195596, 'lag_7': 0.7432186874218476, 'lag_8': 0.35278486900435313, 'lag_9': 0.25277782661608633, 'lag_10': 0.6192508336377416, 'lag_11': 0.08094504771996083, 'lag_12': 0.11115087397481571, 'lag_13': 0.6831880020152608, 'lag_14': 0.17043996635854516, 'lag_15': 0.6360531870163704, 'lag_16': 0.33563302560617897, 'lag_17': 0.36851819684662246, 'lag_18': 0.001258504541762101, 'lag_19': 0.2856751612210507, 'lag_20': 0.8561808047499934, 'lag_21': 0.35746415493907946, 'lag_22': 0.8752395420624173, 'lag_23': 0.894555361967093, 'lag_24': 0.6464933936013193, 'lag_25': 0.1052646232472599, 'lag_26': 0.4091317090649345, 'lag_27': 0.33856741258214257, 'lag_28': 0.9647581160804476}. Best is trial 83 with value: 0.002888407888942058.
[I 2025-09-29 13:21:44,815] Trial 87 finished with value: 0.0035241750607359944 and parameters: {'lag_0': 0.09886288346791805, 'lag_1': 0.06125158266104906, 'lag_2': 0.42929968513350675, 'lag_3': 0.8250500686527638, 'lag_4': 0.8719674221874176, 'lag_5': 0.1603685233441681, 'lag_6': 0.8581964358413446, 'lag_7': 0.7343350692527308, 'lag_8': 0.3424281693299053, 'lag_9': 0.2626958206441199, 'lag_10': 0.7500334158572991, 'lag_11': 0.09331006136302059, 'lag_12': 0.13606862533497585, 'lag_13': 0.7098064555116683, 'lag_14': 0.18576064585940255, 'lag_15': 0.6729196282275864, 'lag_16': 0.3373721116662242, 'lag_17': 0.361095377833422, 'lag_18': 0.0041490260437024445, 'lag_19': 0.36945673982130495, 'lag_20': 0.890947963252466, 'lag_21': 0.3647161369213059, 'lag_22': 0.8710291466738105, 'lag_23': 0.8860286674446797, 'lag_24': 0.6452592045605153, 'lag_25': 0.18478959689620633, 'lag_26': 0.4198840315463198, 'lag_27': 0.24149729463854752, 'lag_28': 0.9156779579489935}. Best is trial 83 with value: 0.002888407888942058.
[I 2025-09-29 13:21:47,312] Trial 88 finished with value: 0.003495635130400776 and parameters: {'lag_0': 0.21044148922044184, 'lag_1': 0.14294703531452646, 'lag_2': 0.6192736429412066, 'lag_3': 0.7900077242390068, 'lag_4': 0.9207371110135596, 'lag_5': 0.1855491082437799, 'lag_6': 0.9617235176156167, 'lag_7': 0.9183481200708401, 'lag_8': 0.26129807899594915, 'lag_9': 0.14461747693780128, 'lag_10': 0.6197238874401867, 'lag_11': 0.07343856672412497, 'lag_12': 0.10537882451421465, 'lag_13': 0.666095559296546, 'lag_14': 0.08759995599602349, 'lag_15': 0.7411334988429539, 'lag_16': 0.4649950265149604, 'lag_17': 0.3216037961037206, 'lag_18': 0.05355689228775139, 'lag_19': 0.21025490053839385, 'lag_20': 0.918628743714987, 'lag_21': 0.4505415807621117, 'lag_22': 0.8353174375929852, 'lag_23': 0.7517167729703996, 'lag_24': 0.25037615784306333, 'lag_25': 0.09530391448605394, 'lag_26': 0.39622704488095745, 'lag_27': 0.3382975335111705, 'lag_28': 0.9630581285526932}. Best is trial 83 with value: 0.002888407888942058.
[I 2025-09-29 13:21:49,815] Trial 89 finished with value: 0.003491132553875229 and parameters: {'lag_0': 0.01982975714547225, 'lag_1': 0.02388748105051608, 'lag_2': 0.4943169894038452, 'lag_3': 0.8862629022269577, 'lag_4': 0.6154803917785096, 'lag_5': 0.1315499641843729, 'lag_6': 0.9278556340924261, 'lag_7': 0.6796757764910143, 'lag_8': 0.35768652207439516, 'lag_9': 0.2029084228670841, 'lag_10': 0.7123884276271457, 'lag_11': 0.16710226688417001, 'lag_12': 0.07502226945700058, 'lag_13': 0.8305298968393475, 'lag_14': 0.1693666276997828, 'lag_15': 0.6282899609670876, 'lag_16': 0.28925738765979114, 'lag_17': 0.07180116311177462, 'lag_18': 0.10538235557906658, 'lag_19': 0.28825148099964737, 'lag_20': 0.8661774955833883, 'lag_21': 0.4802705391587632, 'lag_22': 0.9742492620660874, 'lag_23': 0.9053003895871147, 'lag_24': 0.2944440599854105, 'lag_25': 0.7414347347319313, 'lag_26': 0.4468124332631303, 'lag_27': 0.29304399310245877, 'lag_28': 0.9423172883332901}. Best is trial 83 with value: 0.002888407888942058.
[I 2025-09-29 13:21:52,320] Trial 90 finished with value: 0.0033448383675502196 and parameters: {'lag_0': 0.2330638661312825, 'lag_1': 0.2247793643579427, 'lag_2': 0.5373336875737208, 'lag_3': 0.8521941456235009, 'lag_4': 0.4573707851911144, 'lag_5': 0.11495812686908147, 'lag_6': 0.895975663079728, 'lag_7': 0.7475490686506184, 'lag_8': 0.4043721285485955, 'lag_9': 0.2521076184600609, 'lag_10': 0.6488516782507252, 'lag_11': 0.20896312890741114, 'lag_12': 0.028186549910572067, 'lag_13': 0.9357630901083938, 'lag_14': 0.11167567504106, 'lag_15': 0.9521289573116095, 'lag_16': 0.503039199790885, 'lag_17': 0.4176653556138807, 'lag_18': 0.035294014477232696, 'lag_19': 0.33895554213054013, 'lag_20': 0.8160567624179959, 'lag_21': 0.5995632203551527, 'lag_22': 0.8962553919313611, 'lag_23': 0.819485337582807, 'lag_24': 0.2202040361990219, 'lag_25': 0.1455363445659114, 'lag_26': 0.3044511164523609, 'lag_27': 0.4261548443126889, 'lag_28': 0.9951056077986681}. Best is trial 83 with value: 0.002888407888942058.
[I 2025-09-29 13:21:54,810] Trial 91 finished with value: 0.0032274977873542722 and parameters: {'lag_0': 0.09148755553167953, 'lag_1': 0.07314342661167786, 'lag_2': 0.5557591853279344, 'lag_3': 0.7650241665718254, 'lag_4': 0.7360025201486956, 'lag_5': 0.24502790904034763, 'lag_6': 0.9198169614499402, 'lag_7': 0.783459197786957, 'lag_8': 0.28498216094024553, 'lag_9': 0.420970354783485, 'lag_10': 0.4537185542162304, 'lag_11': 0.39294722052471526, 'lag_12': 0.15277073241406702, 'lag_13': 0.14358439308244264, 'lag_14': 0.13131242716154648, 'lag_15': 0.2579549669455309, 'lag_16': 0.3642985150500394, 'lag_17': 0.3802928403377397, 'lag_18': 0.07422557329928246, 'lag_19': 0.17565636924526484, 'lag_20': 0.860860539137814, 'lag_21': 0.43140772465212046, 'lag_22': 0.8103748083703204, 'lag_23': 0.9209513798072064, 'lag_24': 0.5893315766054693, 'lag_25': 0.8938635583481801, 'lag_26': 0.33944167302511874, 'lag_27': 0.4756961902583279, 'lag_28': 0.2541942315851084}. Best is trial 83 with value: 0.002888407888942058.
[I 2025-09-29 13:21:57,312] Trial 92 finished with value: 0.0034271978209631264 and parameters: {'lag_0': 0.7748752587566885, 'lag_1': 0.11852330052815828, 'lag_2': 0.4529510078030889, 'lag_3': 0.960687901525427, 'lag_4': 0.7859030180397083, 'lag_5': 0.2254985097296509, 'lag_6': 0.7417147479588405, 'lag_7': 0.9688361394863467, 'lag_8': 0.3736319759736606, 'lag_9': 0.3018369850589921, 'lag_10': 0.5691408805299165, 'lag_11': 0.06035956004677615, 'lag_12': 0.1752769509892481, 'lag_13': 0.5584096181049483, 'lag_14': 0.2511735439835795, 'lag_15': 0.8737000650740436, 'lag_16': 0.4178775652966785, 'lag_17': 0.4496675833582908, 'lag_18': 0.19248229691013943, 'lag_19': 0.31839199475989377, 'lag_20': 0.10311732370636414, 'lag_21': 0.3490040173323983, 'lag_22': 0.7035769995120649, 'lag_23': 0.9558179604162369, 'lag_24': 0.5118806859359966, 'lag_25': 0.7595976354724198, 'lag_26': 0.21558717538856687, 'lag_27': 0.2052300955995085, 'lag_28': 0.962140025094938}. Best is trial 83 with value: 0.002888407888942058.
[I 2025-09-29 13:21:59,818] Trial 93 finished with value: 0.003694499023261939 and parameters: {'lag_0': 0.7303623154795182, 'lag_1': 0.09604150824062828, 'lag_2': 0.39094363093969986, 'lag_3': 0.6561212378522113, 'lag_4': 0.5623717135888695, 'lag_5': 0.2309564220861132, 'lag_6': 0.9681587291227257, 'lag_7': 0.845923827636116, 'lag_8': 0.33077344523485996, 'lag_9': 0.3247398267274831, 'lag_10': 0.5184767698543904, 'lag_11': 0.3517501207137894, 'lag_12': 0.11198582009762634, 'lag_13': 0.09593527178173046, 'lag_14': 0.1966588724139092, 'lag_15': 0.47684737576614455, 'lag_16': 0.5603020550966215, 'lag_17': 0.49646898137945333, 'lag_18': 0.008639619738599776, 'lag_19': 0.40051352591161093, 'lag_20': 0.049899353496929325, 'lag_21': 0.47800644931242386, 'lag_22': 0.9317528744755315, 'lag_23': 0.9995879372860158, 'lag_24': 0.5575055838214313, 'lag_25': 0.043786268455109745, 'lag_26': 0.2907813902753162, 'lag_27': 0.37905862300207477, 'lag_28': 0.8391134581056982}. Best is trial 83 with value: 0.002888407888942058.
[I 2025-09-29 13:22:02,315] Trial 94 finished with value: 0.0035595246832166535 and parameters: {'lag_0': 0.3744754928650456, 'lag_1': 0.16316741671330084, 'lag_2': 0.34934773336397873, 'lag_3': 0.8094544069568492, 'lag_4': 0.6869527369212044, 'lag_5': 0.20533492678928356, 'lag_6': 0.9987421309873331, 'lag_7': 0.3929261938662152, 'lag_8': 0.4372593535094986, 'lag_9': 0.6198874492632489, 'lag_10': 0.6830898879058497, 'lag_11': 0.12561785650754015, 'lag_12': 0.19009987494176153, 'lag_13': 0.21617823306828987, 'lag_14': 0.06994869376387058, 'lag_15': 0.8975482103696515, 'lag_16': 0.3482775252184297, 'lag_17': 0.46818789958996904, 'lag_18': 0.3333214418543714, 'lag_19': 0.4446359564463585, 'lag_20': 0.7685198463272354, 'lag_21': 0.3170378567011532, 'lag_22': 0.39175254881809496, 'lag_23': 0.5168573105045052, 'lag_24': 0.46689795957722163, 'lag_25': 0.6850257659440396, 'lag_26': 0.38270648064530566, 'lag_27': 0.034021068524772324, 'lag_28': 0.10072969468812192}. Best is trial 83 with value: 0.002888407888942058.
[I 2025-09-29 13:22:04,804] Trial 95 finished with value: 0.003338066970448203 and parameters: {'lag_0': 0.7874676536134672, 'lag_1': 0.04566388538785257, 'lag_2': 0.18119232429415444, 'lag_3': 0.4582710090431484, 'lag_4': 0.4209113395340407, 'lag_5': 0.8244652718157002, 'lag_6': 0.8087484241887344, 'lag_7': 0.644774582993517, 'lag_8': 0.39175630334514355, 'lag_9': 0.4519878955703406, 'lag_10': 0.5956849290705709, 'lag_11': 0.09935142681140431, 'lag_12': 0.7017382657100276, 'lag_13': 0.08010124110537066, 'lag_14': 0.1713252495285131, 'lag_15': 0.5380584184929735, 'lag_16': 0.26231769991600157, 'lag_17': 0.5558461110505848, 'lag_18': 0.9997468126591481, 'lag_19': 0.6025233060116124, 'lag_20': 0.9406312663502929, 'lag_21': 0.23512347756016075, 'lag_22': 0.8759385044190993, 'lag_23': 0.4312832097361935, 'lag_24': 0.40365922839132723, 'lag_25': 0.11345843541838165, 'lag_26': 0.48378264601400256, 'lag_27': 0.3626061094425689, 'lag_28': 0.20269372925014698}. Best is trial 83 with value: 0.002888407888942058.
[I 2025-09-29 13:22:07,306] Trial 96 finished with value: 0.0035779010457529362 and parameters: {'lag_0': 0.6181805437535282, 'lag_1': 0.5916005565845035, 'lag_2': 0.5045772871685247, 'lag_3': 0.8960241749177503, 'lag_4': 0.5272619270152528, 'lag_5': 0.06831438182133824, 'lag_6': 0.7750579954606471, 'lag_7': 0.7528394065032125, 'lag_8': 0.30615833381362295, 'lag_9': 0.2217371751858258, 'lag_10': 0.506517338797024, 'lag_11': 0.2549337846134778, 'lag_12': 0.3033768297969683, 'lag_13': 0.16874380404083245, 'lag_14': 0.22808118772714317, 'lag_15': 0.3440168644397875, 'lag_16': 0.22734740172408513, 'lag_17': 0.5826855622984347, 'lag_18': 0.5862654703802025, 'lag_19': 0.768805285603674, 'lag_20': 0.14312843277873577, 'lag_21': 0.8284747703755293, 'lag_22': 0.8502497036916119, 'lag_23': 0.8722104884389712, 'lag_24': 0.6189101642896235, 'lag_25': 0.8011876492247549, 'lag_26': 0.25324987696681917, 'lag_27': 0.3469482401036464, 'lag_28': 0.4582135343694049}. Best is trial 83 with value: 0.002888407888942058.
[I 2025-09-29 13:22:09,813] Trial 97 finished with value: 0.0033939224067918673 and parameters: {'lag_0': 0.310218799596067, 'lag_1': 0.007689072388932794, 'lag_2': 0.416542867698167, 'lag_3': 0.8597895657170267, 'lag_4': 0.8403525106131865, 'lag_5': 0.2656026161457703, 'lag_6': 0.8514735873897276, 'lag_7': 0.8876481662126474, 'lag_8': 0.2676362928362756, 'lag_9': 0.17027666805391478, 'lag_10': 0.5452065395823631, 'lag_11': 0.5710135971887488, 'lag_12': 0.14402334220667967, 'lag_13': 0.12642776313887305, 'lag_14': 0.026430830553043152, 'lag_15': 0.4461578043225247, 'lag_16': 0.16404308211206114, 'lag_17': 0.5231074156074513, 'lag_18': 0.14265715886662067, 'lag_19': 0.3873566239495352, 'lag_20': 0.31248749978311785, 'lag_21': 0.9441973084917323, 'lag_22': 0.6434036309390527, 'lag_23': 0.5533510599850419, 'lag_24': 0.5383980905865411, 'lag_25': 0.8284800517648806, 'lag_26': 0.5487592008688451, 'lag_27': 0.3021778673227104, 'lag_28': 0.9325985227442113}. Best is trial 83 with value: 0.002888407888942058.
[I 2025-09-29 13:22:12,441] Trial 98 finished with value: 0.00329394616478954 and parameters: {'lag_0': 0.6460931477441506, 'lag_1': 0.18314357558258293, 'lag_2': 0.2910310518433638, 'lag_3': 0.41683045567361887, 'lag_4': 0.6469557550089443, 'lag_5': 0.75066007070737, 'lag_6': 0.9081834934311981, 'lag_7': 0.0042845180944260375, 'lag_8': 0.2180719669638889, 'lag_9': 0.10603000001223059, 'lag_10': 0.46344914296436557, 'lag_11': 0.4626497478897795, 'lag_12': 0.08730953209398182, 'lag_13': 0.24150949299610308, 'lag_14': 0.1385975881764822, 'lag_15': 0.7853661854117323, 'lag_16': 0.19914579550638672, 'lag_17': 0.11653349208351955, 'lag_18': 0.692083781454153, 'lag_19': 0.12580547405231046, 'lag_20': 0.9693565947908507, 'lag_21': 0.0036550114212446916, 'lag_22': 0.7727646945759213, 'lag_23': 0.3908609783078967, 'lag_24': 0.6672099295074809, 'lag_25': 0.3707898618066736, 'lag_26': 0.222598044345458, 'lag_27': 0.5455335381048318, 'lag_28': 0.03926533498880652}. Best is trial 83 with value: 0.002888407888942058.
[I 2025-09-29 13:22:14,958] Trial 99 finished with value: 0.003353674122844883 and parameters: {'lag_0': 0.7556230033386327, 'lag_1': 0.13061241237794666, 'lag_2': 0.3746138658903717, 'lag_3': 0.9347692720609461, 'lag_4': 0.9619135669337517, 'lag_5': 0.14450941733736739, 'lag_6': 0.8788538834583866, 'lag_7': 0.20854748783062832, 'lag_8': 0.9637350621536327, 'lag_9': 0.4859161183878803, 'lag_10': 0.5682279957165048, 'lag_11': 0.50415045015685, 'lag_12': 0.2590771092949266, 'lag_13': 0.0574955896194215, 'lag_14': 0.28702495070264206, 'lag_15': 0.21008758593268023, 'lag_16': 0.31125149596404955, 'lag_17': 0.2613614653401537, 'lag_18': 0.9356759515856432, 'lag_19': 0.2544353780746007, 'lag_20': 0.15760530701773462, 'lag_21': 0.664636112861013, 'lag_22': 0.722904038357022, 'lag_23': 0.8960363918283707, 'lag_24': 0.7118270260535839, 'lag_25': 0.3271733917447852, 'lag_26': 0.08280448904881117, 'lag_27': 0.8834797774187517, 'lag_28': 0.855288233858378}. Best is trial 83 with value: 0.002888407888942058.
[I 2025-09-29 13:22:15,029] A new study created in memory with name: no-name-1b3eb7f5-80ef-4072-b537-0a93ee883c8c
[I 2025-09-29 13:22:17,462] Trial 0 finished with value: 0.0118047140793436 and parameters: {'lag_0': 0.4139904667409584, 'lag_1': 0.05134310141029183, 'lag_2': 0.9417559075542379, 'lag_3': 0.4510116144345925, 'lag_4': 0.4137820389301131, 'lag_5': 0.13107890871101896, 'lag_6': 0.7538873937728394, 'lag_7': 0.8499234458256003, 'lag_8': 0.0726718756326759, 'lag_9': 0.5330283487104287, 'lag_10': 0.5624443746028295, 'lag_11': 0.18585940933337214, 'lag_12': 0.1918089751575385, 'lag_13': 0.4911686675729029, 'lag_14': 0.09547437458592416, 'lag_15': 0.5921640389226543, 'lag_16': 0.3727697010830272, 'lag_17': 0.5944889953612703, 'lag_18': 0.9560058886099243, 'lag_19': 0.6581291752058096, 'lag_20': 0.8022286279689932, 'lag_21': 0.7088189924117098, 'lag_22': 0.23699256772136368, 'lag_23': 0.7900758518529288, 'lag_24': 0.1678437073127583, 'lag_25': 0.9069361106938127, 'lag_26': 0.6800354632607207, 'lag_27': 0.44848447494598637, 'lag_28': 0.9519610769723079}. Best is trial 0 with value: 0.0118047140793436.
[I 2025-09-29 13:22:19,895] Trial 1 finished with value: 0.012378631667710726 and parameters: {'lag_0': 0.7893902093449612, 'lag_1': 0.5355321401910416, 'lag_2': 0.16708948781533514, 'lag_3': 0.37089721937947095, 'lag_4': 0.7554319981755049, 'lag_5': 0.047396424744396135, 'lag_6': 0.2143190960429752, 'lag_7': 0.4020843308051112, 'lag_8': 0.9035825320254458, 'lag_9': 0.8989689745778626, 'lag_10': 0.9469043712290491, 'lag_11': 0.5084080717317567, 'lag_12': 0.1481356536392085, 'lag_13': 0.5805632644303869, 'lag_14': 0.8944899420340668, 'lag_15': 0.43094115809152156, 'lag_16': 0.013427282900144995, 'lag_17': 0.9875567362083453, 'lag_18': 0.3487956781798727, 'lag_19': 0.7424814185204132, 'lag_20': 0.311246601701836, 'lag_21': 0.5306001891799582, 'lag_22': 0.4368156498395301, 'lag_23': 0.40043707829327774, 'lag_24': 0.22943300328946037, 'lag_25': 0.003177426311331491, 'lag_26': 0.43488755919623284, 'lag_27': 0.4659560698330007, 'lag_28': 0.21856975912075302}. Best is trial 0 with value: 0.0118047140793436.
[I 2025-09-29 13:22:22,313] Trial 2 finished with value: 0.011577153309957877 and parameters: {'lag_0': 0.5568713912950726, 'lag_1': 0.9048833495513919, 'lag_2': 0.22027381729655213, 'lag_3': 0.506466342449669, 'lag_4': 0.2167023442282286, 'lag_5': 0.6932663299197651, 'lag_6': 0.8712318402445763, 'lag_7': 0.6939261915740123, 'lag_8': 0.5401663202994781, 'lag_9': 0.21672869461613112, 'lag_10': 0.9262398406528992, 'lag_11': 0.9141184964388935, 'lag_12': 0.4359462013160263, 'lag_13': 0.18078146559674285, 'lag_14': 0.10993503676338418, 'lag_15': 0.8932945870279599, 'lag_16': 0.4613036508514438, 'lag_17': 0.03473678898667167, 'lag_18': 0.4454339394879618, 'lag_19': 0.8728225673051618, 'lag_20': 0.7763675136658694, 'lag_21': 0.5266354210653347, 'lag_22': 0.703030895042962, 'lag_23': 0.611512228799254, 'lag_24': 0.6169451916289908, 'lag_25': 0.42293102616720896, 'lag_26': 0.8594654013459424, 'lag_27': 0.41918329713084607, 'lag_28': 0.6060036998944301}. Best is trial 2 with value: 0.011577153309957877.
