[I 2025-10-03 11:35:52,412] Trial 3 finished with values: [0.003777777777777778, 0.0007853914683785809, 0.0010396600594689877, 0.0017247545308924916, 0.00028022732043785873, 0.0005372921917182888, 0.002087793959588865, 0.0016408226785038847, 0.002405844160680489, 0.0014170560153497877, 0.0016815940594373233, 0.0009735362935482692, 0.00018734668171143995, 0.020926069846279045, 0.0, 0.00027490863262358837, 0.00017690255187277165, 0.0007578705052564231, 0.0007389960693335778, 4.174570638902062e-05, 0.0001408225249265545, 3.3346349994966415e-05, 0.00046978950169249064, 0.0002520519133057415, 0.0006949942441510561, 0.0004653636432060867, 0.0004107924961305168, 0.00233520676383683, 0.0018408095722379822] and parameters: {'lag_0': 0.3534035928687299, 'lag_1': 0.16712171588154945, 'lag_2': 0.30680621131740593, 'lag_3': 0.8862613127209609, 'lag_4': 0.6538555650105498, 'lag_5': 0.49065891616223, 'lag_6': 0.9802341753018011, 'lag_7': 0.452777317325433, 'lag_8': 0.3194850949988349, 'lag_9': 0.35283171998187396, 'lag_10': 0.8031893541164765, 'lag_11': 0.27839277073630164, 'lag_12': 0.6246313034421066, 'lag_13': 0.39947407965994897, 'lag_14': 0.014035141673599861, 'lag_15': 0.18162484060970918, 'lag_16': 0.965224301404131, 'lag_17': 0.12851016389566117, 'lag_18': 0.08837112044646442, 'lag_19': 0.6512877917711234, 'lag_20': 0.22307499928206734, 'lag_21': 0.15925203874173152, 'lag_22': 0.8352492130404217, 'lag_23': 0.19342723477772403, 'lag_24': 0.23646637169095755, 'lag_25': 0.3647223124582691, 'lag_26': 0.3840237093474005, 'lag_27': 0.44629118850908667, 'lag_28': 0.12080770956430278}.
[I 2025-10-03 11:35:55,116] Trial 4 finished with values: [0.003950617283950617, 0.0020425440893739404, 0.0005277373929331954, 0.0018373847664297093, 0.0010598542550053608, 0.0006207089331046223, 0.0014006183641986187, 0.0015191270156012825, 0.0014182152137445939, 0.001863192179216203, 0.0015089485437042092, 0.0005629979725125611, 0.0005918687638388519, 0.022296749323659652, 0.0, 0.0007235761695296245, 9.945885418445621e-05, 0.00026435025150851714, 0.0009259446936505539, 8.261238496678718e-05, 9.075762805709786e-05, 5.298856598351006e-05, 0.000624679175516169, 0.00038517272685016353, 0.0008688638792615083, 0.00026860307532020284, 0.0007264918999365015, 0.0009133128345317593, 0.0017672641915967735] and parameters: {'lag_0': 0.2113390069840626, 'lag_1': 0.10966723638173863, 'lag_2': 0.8533365610337318, 'lag_3': 0.06244532365694719, 'lag_4': 0.2899112682090253, 'lag_5': 0.4723399733898519, 'lag_6': 0.46623473562368156, 'lag_7': 0.16593098627117403, 'lag_8': 0.3872357638360869, 'lag_9': 0.525021126012515, 'lag_10': 0.6257588315238537, 'lag_11': 0.5703793642896664, 'lag_12': 0.23956804317782399, 'lag_13': 0.9313186620055438, 'lag_14': 0.5073461810916224, 'lag_15': 0.48117881960140296, 'lag_16': 0.4862774140627506, 'lag_17': 0.877900415743701, 'lag_18': 0.2893653767301811, 'lag_19': 0.9923355619822635, 'lag_20': 0.48227566068087, 'lag_21': 0.13466065528519544, 'lag_22': 0.9956226239266956, 'lag_23': 0.5329862851998274, 'lag_24': 0.8705106800964136, 'lag_25': 0.43557142829347584, 'lag_26': 0.880555689596014, 'lag_27': 0.9899169764392384, 'lag_28': 0.030337510545950165}.
[I 2025-10-03 11:35:57,825] Trial 5 finished with values: [0.01804988662131519, 0.0008876008320457139, 0.0007396488589642561, 0.0016581874929717851, 0.0007195307189725982, 0.0010742375946153915, 0.0021156208241895425, 0.0011501446910667794, 0.0021598870950509026, 0.00201203343790932, 0.0007288628132988873, 0.000500838565358993, 0.0003816646741740985, 0.019721837838549045, 0.0, 0.00014266913233488643, 0.00012498669487090523, 0.0005192654600121089, 0.0007040450455389885, 1.4248009312371349e-05, 6.246671992702408e-05, 8.16435343584829e-05, 0.00075592663904515, 0.00030729181281644713, 0.0005276949026297693, 0.0002104007597206855, 0.00030649406923879995, 0.000574056592603358, 0.001174089463051981] and parameters: {'lag_0': 0.38854739772456764, 'lag_1': 0.6336135017694576, 'lag_2': 0.13894858651843262, 'lag_3': 0.4717235610242721, 'lag_4': 0.9557297664674796, 'lag_5': 0.11527041333191364, 'lag_6': 0.999550847652274, 'lag_7': 0.7792722370497848, 'lag_8': 0.023759659407119153, 'lag_9': 0.9440530813785042, 'lag_10': 0.15359464675871312, 'lag_11': 0.40623732223123815, 'lag_12': 0.9557175245598951, 'lag_13': 0.45188069437038536, 'lag_14': 0.9245351679286902, 'lag_15': 0.2524577839869717, 'lag_16': 0.7473150693561184, 'lag_17': 0.9764373093068419, 'lag_18': 0.1649613848730195, 'lag_19': 0.6303059363991487, 'lag_20': 0.24726122778493556, 'lag_21': 0.09210424739822995, 'lag_22': 0.11056217693291708, 'lag_23': 0.8529483193700509, 'lag_24': 0.34742544387839347, 'lag_25': 0.3323888759758029, 'lag_26': 0.507137915345941, 'lag_27': 0.2711872405038848, 'lag_28': 0.22881549449111532}.
[I 2025-10-03 11:36:00,525] Trial 6 finished with values: [0.003777777777777778, 0.00314460267285952, 0.0011742758227258458, 0.0019508241277956604, 0.00044277191868865776, 0.0017908345916702658, 0.0016711730776255746, 0.0015111453263370943, 0.001721804197955258, 0.0017115283028462415, 0.0011261424550878991, 0.0008909921965013997, 0.0003470411255323599, 0.020576208952274043, 0.0, 0.00016039718915271368, 0.00029973706509177887, 0.0002921219056517512, 0.0005209774701207924, 7.101634343355102e-05, 6.100904887103278e-05, 3.047789350903842e-05, 0.00029803350977984134, 0.0006774865801607956, 0.0008337159533510023, 0.00014604997461416312, 0.0008897561816946272, 0.0018381115411582668, 0.0007430456363847192] and parameters: {'lag_0': 0.47692238869641645, 'lag_1': 0.009470629787879721, 'lag_2': 0.6321656371856985, 'lag_3': 0.5851599468250621, 'lag_4': 0.8486429545006183, 'lag_5': 0.8438868598679878, 'lag_6': 0.27817516459874836, 'lag_7': 0.31713695096706834, 'lag_8': 0.6937958497035851, 'lag_9': 0.29496107401154115, 'lag_10': 0.6959998763473977, 'lag_11': 0.6008867410902673, 'lag_12': 0.27895100840670395, 'lag_13': 0.2831370414048, 'lag_14': 0.40388048541714144, 'lag_15': 0.5859364980760796, 'lag_16': 0.022715538785565686, 'lag_17': 0.44916088905314655, 'lag_18': 0.3632561139053784, 'lag_19': 0.29647112531846875, 'lag_20': 0.31954860882389935, 'lag_21': 0.14640576951031095, 'lag_22': 0.7889911343952675, 'lag_23': 0.39646275382363494, 'lag_24': 0.3208258007520182, 'lag_25': 0.08838201070916217, 'lag_26': 0.0007017874154505214, 'lag_27': 0.5159997059380814, 'lag_28': 0.021759822337354674}.
[I 2025-10-03 11:36:03,227] Trial 7 finished with values: [0.0044444444444444444, 0.0013769408418013833, 0.0009053345868939857, 0.0010754556888134396, 0.0007090770697234649, 0.000987643939511159, 0.0010558391836896623, 0.0016734040104612435, 0.0019677634200577754, 0.0028266247099310864, 0.0010398006189793329, 0.0009526596044116641, 0.0002341791764214965, 0.01982740330874433, 0.0, 0.0002265953809164369, 6.59274606251037e-05, 0.0004546810956065567, 0.0005586103680954905, 1.6681822569296502e-05, 5.368723352013848e-05, 6.637322631176617e-05, 0.0006801476378104785, 0.0002022832586285669, 0.0007664257912551509, 0.00010791846919694739, 0.0005104103066743238, 0.0021625473910840375, 0.0003516840804279705] and parameters: {'lag_0': 0.8819980557815983, 'lag_1': 0.5106059784076736, 'lag_2': 0.8715207533027413, 'lag_3': 0.2339404611229444, 'lag_4': 0.37625628200845923, 'lag_5': 0.07353392430661924, 'lag_6': 0.417438470561397, 'lag_7': 0.7838419658619092, 'lag_8': 0.4178373552990132, 'lag_9': 0.004556053835803175, 'lag_10': 0.6416564462582042, 'lag_11': 0.7769574751140584, 'lag_12': 0.06293490751386932, 'lag_13': 0.4703784682034567, 'lag_14': 0.2542903471222485, 'lag_15': 0.8722837945788734, 'lag_16': 0.7887008013433068, 'lag_17': 0.7064862430932001, 'lag_18': 0.07886798148933033, 'lag_19': 0.49686057114233706, 'lag_20': 0.2416389320506894, 'lag_21': 0.9766550594089064, 'lag_22': 0.7381707060123637, 'lag_23': 0.7257019385369121, 'lag_24': 0.5083508864678131, 'lag_25': 0.6227069215564395, 'lag_26': 0.8627295355428629, 'lag_27': 0.8152854494255388, 'lag_28': 0.4164623453206603}.
[I 2025-10-03 11:36:05,927] Trial 8 finished with values: [0.0044444444444444444, 0.0005320736808659992, 0.0007965741839819141, 0.0015394918155136918, 0.0011554770425206279, 0.0011336394414673766, 0.0008921722125188249, 0.0011178803661492437, 0.001998372850225929, 0.0014713079831665961, 0.0012246239802393064, 0.0008840212021784578, 0.0003268978645629525, 0.020840117620430608, 0.0, 0.00048283699747770427, 0.00021037323422014445, 0.0006144877678682906, 0.0008147064758880611, 3.063644432387023e-05, 0.00011788226202568886, 8.628714999377842e-05, 0.00028850546505425096, 0.0007081194402642247, 0.00041972488653939404, 0.0003135689574439533, 0.0005520011637515808, 0.0020691721207084686, 0.0005992496070048668] and parameters: {'lag_0': 0.7204733406928234, 'lag_1': 0.7319447276900422, 'lag_2': 0.44075416600189143, 'lag_3': 0.3876052008869182, 'lag_4': 0.0707526340967673, 'lag_5': 0.6021179078657867, 'lag_6': 0.49837862212607675, 'lag_7': 0.922812367312978, 'lag_8': 0.6407966286329836, 'lag_9': 0.3525823840097763, 'lag_10': 0.4460243634847627, 'lag_11': 0.5327074936340421, 'lag_12': 0.3685548453960873, 'lag_13': 0.2986548087429438, 'lag_14': 0.9174021928861545, 'lag_15': 0.2190365189055287, 'lag_16': 0.06528493431864936, 'lag_17': 0.1771432064408113, 'lag_18': 0.6595671932255376, 'lag_19': 0.056137393574441447, 'lag_20': 0.5742081307430843, 'lag_21': 0.8216199116804431, 'lag_22': 0.8425101423441758, 'lag_23': 0.34591893653957, 'lag_24': 0.49653250459707343, 'lag_25': 0.2746072142822495, 'lag_26': 0.15944091737466312, 'lag_27': 0.827027157396608, 'lag_28': 0.0066714070796540775}.
[I 2025-10-03 11:36:08,617] Trial 9 finished with values: [0.0044444444444444444, 0.0010151197222333648, 0.002249647015105434, 0.0013445795657859153, 0.0020514150812332797, 0.0005030728716916481, 0.0013642452347237208, 0.0024045896893533534, 0.002994684338376728, 0.0021375095379011057, 0.0009621126351267905, 0.0006728651162193498, 0.00031059469495875285, 0.019664570004157073, 0.0, 0.0006561489214854612, 0.0006110487583312437, 0.0005604859152592852, 0.0008411291446604027, 1.8015113695803843e-05, 0.00010750451008813024, 8.242753629316668e-05, 0.00034084171177530437, 0.0003307721340663262, 0.0010258458185568966, 0.00043002958172634625, 0.0004376638166086095, 0.0020056637207776103, 0.0005316221198796692] and parameters: {'lag_0': 0.22829910800835862, 'lag_1': 0.7676172893847699, 'lag_2': 0.45630082555662926, 'lag_3': 0.29217992954764715, 'lag_4': 0.9128063560101892, 'lag_5': 0.010707569877001952, 'lag_6': 0.6079073846880663, 'lag_7': 0.019091401630006607, 'lag_8': 0.33091965571416787, 'lag_9': 0.7757443340210887, 'lag_10': 0.08998831155855065, 'lag_11': 0.2815455199302334, 'lag_12': 0.7365360323863615, 'lag_13': 0.41553048610982213, 'lag_14': 0.6193404862191974, 'lag_15': 0.6135186917518037, 'lag_16': 0.7484827437236705, 'lag_17': 0.6782479617187241, 'lag_18': 0.39669695695276624, 'lag_19': 0.6248221883959478, 'lag_20': 0.12355945821439307, 'lag_21': 0.28182066604380407, 'lag_22': 0.4197049469977529, 'lag_23': 0.1413946173494375, 'lag_24': 0.668179443801793, 'lag_25': 0.031636386693182736, 'lag_26': 0.5689042928557881, 'lag_27': 0.13924422499863998, 'lag_28': 0.2210708154648892}.
[I 2025-10-03 11:36:11,324] Trial 10 finished with values: [0.07555555555555554, 0.0015257286328076148, 0.0021413884692417277, 0.0024409888921075513, 0.001096109786633214, 0.000763746467219597, 0.0005097112102764469, 0.0023697815527456284, 0.0011851197214228161, 0.0016080783490132727, 0.0010008585339598757, 0.0008273417374728223, 0.0002402937504698827, 0.01932000320479233, 0.0, 0.0005693761989149825, 0.0001430713410658934, 0.0007888388744257454, 0.0004195629140493786, 0.00010598670815167331, 3.859470651399546e-05, 6.853830764332375e-05, 0.0005706183513088114, 0.00030161859052581366, 0.0005122581110376919, 0.00019197872668078744, 0.0003524614381386158, 0.0023454931175486845, 0.0009066256000213009] and parameters: {'lag_0': 0.7222505164417873, 'lag_1': 0.36834746652891226, 'lag_2': 0.15381218183177647, 'lag_3': 0.3145256274328095, 'lag_4': 0.07778857011163581, 'lag_5': 0.8677876714909655, 'lag_6': 0.14167750644402258, 'lag_7': 0.966761331002674, 'lag_8': 0.7914944236513378, 'lag_9': 0.07737341256430774, 'lag_10': 0.21209460067002833, 'lag_11': 0.6383314689534306, 'lag_12': 0.6397632644469515, 'lag_13': 0.008526889389913347, 'lag_14': 0.614863124316075, 'lag_15': 0.8121713410323156, 'lag_16': 0.047845862958913, 'lag_17': 0.8309500648973607, 'lag_18': 0.6152599059483799, 'lag_19': 0.1802353667128702, 'lag_20': 0.9746613373718995, 'lag_21': 0.8631235535461549, 'lag_22': 0.9508607230178284, 'lag_23': 0.5879959490692965, 'lag_24': 0.4237677633611224, 'lag_25': 0.39520261771286624, 'lag_26': 0.6264062364669328, 'lag_27': 0.0038927208025811818, 'lag_28': 0.6181560830848727}.
[I 2025-10-03 11:36:14,034] Trial 11 finished with values: [0.005728395061728396, 0.0034152816295896374, 0.0015307279757713996, 0.0009258044685578178, 0.0004407988773487256, 0.001991551935398351, 0.001589168494769981, 0.00258540784641857, 0.0017825521435333488, 0.0014432430703084991, 0.0012089125173470085, 0.001762470970913356, 0.0006513520236700979, 0.017303766643957386, 0.0, 0.0004250780650989409, 0.00013456800808896025, 0.00037216781431696793, 0.0008363591579746605, 4.021741685706939e-05, 0.000105997035759181, 8.760755883593451e-05, 0.0004585471450414302, 0.0004446642602808154, 0.001158683032480219, 0.00018743838310215336, 0.0005979655008866275, 0.0027904075250268392, 0.0017440204000671584] and parameters: {'lag_0': 0.6450493095159605, 'lag_1': 0.4691868718189242, 'lag_2': 0.51695989541561, 'lag_3': 0.6108803581804241, 'lag_4': 0.2436867523682403, 'lag_5': 0.3296423269678647, 'lag_6': 0.4560630385873014, 'lag_7': 0.3684452034673187, 'lag_8': 0.8739403811436913, 'lag_9': 0.43038571055727687, 'lag_10': 0.5623612997949545, 'lag_11': 0.44112110160815293, 'lag_12': 0.06048015898688289, 'lag_13': 0.1821971941469353, 'lag_14': 0.7102290369890288, 'lag_15': 0.6807808893271411, 'lag_16': 0.21872665712040582, 'lag_17': 0.20444303352052087, 'lag_18': 0.13710500094505093, 'lag_19': 0.5892272740797331, 'lag_20': 0.5676544460476735, 'lag_21': 0.5523365371741693, 'lag_22': 0.9433164762179651, 'lag_23': 0.30499854444017555, 'lag_24': 0.6833264442032886, 'lag_25': 0.3440650237098631, 'lag_26': 0.09933034811104077, 'lag_27': 0.8646450217444066, 'lag_28': 0.4290667195026012}.
[I 2025-10-03 11:36:16,746] Trial 12 finished with values: [0.0044444444444444444, 0.005365308534307654, 0.0024065455781697334, 0.0008381467427049603, 0.001280693393553281, 0.0004907992012160063, 0.0008013670020690624, 0.0016892664423144737, 0.002042150704943907, 0.0018617554823875965, 0.0015819380216415498, 0.0002325521788556129, 0.00037415416691267137, 0.018390512507623295, 0.0, 0.0004665953640008038, 4.8523522208543304e-05, 0.0006298865829049083, 0.0008193537128808558, 7.957065735910641e-05, 5.243589628661759e-05, 9.110704070538331e-05, 0.0002615035341810789, 0.0005007613679593345, 0.0005833372803432982, 0.0003776797082803127, 0.000528217097540016, 0.0012696970407867817, 0.002227330387802341] and parameters: {'lag_0': 0.8388976087797331, 'lag_1': 0.483538418732454, 'lag_2': 0.4600652685536262, 'lag_3': 0.7848055248761502, 'lag_4': 0.49324687371230175, 'lag_5': 0.31986075671212555, 'lag_6': 0.8473723869906795, 'lag_7': 0.5509162012266587, 'lag_8': 0.6987033219742702, 'lag_9': 0.9291564701935678, 'lag_10': 0.5991429565922938, 'lag_11': 0.7915042399238462, 'lag_12': 0.2953041160917788, 'lag_13': 0.8181308261114458, 'lag_14': 0.9178097741403204, 'lag_15': 0.7010318434761745, 'lag_16': 0.08621024619200081, 'lag_17': 0.49107238975688655, 'lag_18': 0.8824353596873882, 'lag_19': 0.376210486987838, 'lag_20': 0.5284043263201823, 'lag_21': 0.5397178643256142, 'lag_22': 0.05908512043023851, 'lag_23': 0.43102984563904456, 'lag_24': 0.9526865265545327, 'lag_25': 0.014011144247699971, 'lag_26': 0.920847292482036, 'lag_27': 0.47126859631049706, 'lag_28': 0.14236565956920796}.
[I 2025-10-03 11:36:19,449] Trial 13 finished with values: [0.0033506944444444443, 0.005204411212799619, 0.0014628170740164097, 0.0008168892261571405, 0.0019967144989179635, 0.0004829240540266279, 0.0008956014194546169, 0.0011709651731488019, 0.0014745740146248098, 0.0019843773160584327, 0.0008787940217927425, 0.000615579088181993, 0.00043396095317561184, 0.017988395273719315, 0.0, 0.0005631187480907903, 0.0001727745488896032, 0.0004936841516876543, 0.0006452922209309374, 4.31993947359225e-05, 2.546559795813916e-05, 0.00017563035873616862, 0.000740753916635508, 0.0003746907954511948, 0.0003665596619286026, 0.00022620048843998613, 0.0002779945588077904, 0.0007467748171668058, 0.0012898478113250289] and parameters: {'lag_0': 0.20362667575914004, 'lag_1': 0.3841827975473134, 'lag_2': 0.971050566514043, 'lag_3': 0.5078096347578098, 'lag_4': 0.9505119542701091, 'lag_5': 0.2402652791745006, 'lag_6': 0.3002543928426739, 'lag_7': 0.0704849627814773, 'lag_8': 0.5092424683774803, 'lag_9': 0.6874131864867348, 'lag_10': 0.2199264776713278, 'lag_11': 0.30051318848780667, 'lag_12': 0.6476386338384631, 'lag_13': 0.5016549020959817, 'lag_14': 0.4098200846385672, 'lag_15': 0.03296696808738449, 'lag_16': 0.7347173847850569, 'lag_17': 0.20877323778488419, 'lag_18': 0.10165065074744224, 'lag_19': 0.21386464410651546, 'lag_20': 0.6101521534872969, 'lag_21': 0.4657850060345565, 'lag_22': 0.7776788711711594, 'lag_23': 0.3677419217823334, 'lag_24': 0.5889203761463754, 'lag_25': 0.4084568682773857, 'lag_26': 0.7976143933204388, 'lag_27': 0.8551183443512871, 'lag_28': 0.8337619928626826}.
[I 2025-10-03 11:36:22,160] Trial 14 finished with values: [0.0044444444444444444, 0.01630937424170314, 0.00028266762324930005, 0.0013206700997238955, 0.00032862732379694895, 0.0003976630493569282, 0.0014640623171034146, 0.003225243864765785, 0.001798401652961093, 0.0015177508201194502, 0.0011666023687878983, 0.0006661867386611457, 0.0003314792900526855, 0.021070393315724016, 0.0, 0.00013892970558416947, 0.0002533078047795577, 0.00018067769303053063, 0.0006585575537616494, 0.00012079553660942248, 6.649037660578732e-05, 0.0001384789794963419, 0.00041346277030400897, 0.00016320419686550008, 0.0006360152077642076, 0.0002074130392758551, 0.0006169211281370208, 0.001511682296054837, 0.0014891886264779626] and parameters: {'lag_0': 0.8795178151415857, 'lag_1': 0.4925271938808075, 'lag_2': 0.0793468159844925, 'lag_3': 0.26455372667643473, 'lag_4': 0.9207787036667073, 'lag_5': 0.046880526976904265, 'lag_6': 0.19836533141819687, 'lag_7': 0.3235006592966269, 'lag_8': 0.29238821577174634, 'lag_9': 0.9685319697695798, 'lag_10': 0.9382128615984534, 'lag_11': 0.07028588779081832, 'lag_12': 0.47809737352870146, 'lag_13': 0.3326777061389657, 'lag_14': 0.9118656568715684, 'lag_15': 0.4086084800940758, 'lag_16': 0.257629486652889, 'lag_17': 0.016420328887190576, 'lag_18': 0.15021980010866534, 'lag_19': 0.37816503597651974, 'lag_20': 0.35559714192746117, 'lag_21': 0.4168434166298263, 'lag_22': 0.21716300495284852, 'lag_23': 0.05220974413183335, 'lag_24': 0.19280973051344233, 'lag_25': 0.23822063513824465, 'lag_26': 0.031040891273768814, 'lag_27': 0.9856096060780756, 'lag_28': 0.8790901714891816}.
[I 2025-10-03 11:36:25,033] Trial 15 finished with values: [0.010908941485864566, 0.005039489954265441, 0.000548721942454004, 0.001350082515043698, 0.00015009069796207, 0.0007594150968059613, 0.0008604236793525122, 0.0017897519657316286, 0.001807452922745742, 0.001633213183140193, 0.0011270322865449016, 0.00045681701655399763, 0.0006416296510203961, 0.016686321490565682, 0.0, 0.0004323923948090851, 6.580645458801029e-05, 0.0005115524203610403, 0.0007342025588132439, 6.879560378558013e-05, 3.287210950657715e-05, 8.361106053029812e-05, 0.00036388935978936426, 0.0004284161497449189, 0.000471437563080288, 0.00017194272049329533, 0.0008436788707955889, 0.0018707288918773906, 0.000627599759908714] and parameters: {'lag_0': 0.9281164279375465, 'lag_1': 0.05407571849264365, 'lag_2': 0.413962865540455, 'lag_3': 0.36247867121290583, 'lag_4': 0.9152949039033128, 'lag_5': 0.9142444490682691, 'lag_6': 0.5613171572578264, 'lag_7': 0.11380582542618432, 'lag_8': 0.026341256373819, 'lag_9': 0.6491289122114263, 'lag_10': 0.34937804636922587, 'lag_11': 0.35860768578340924, 'lag_12': 0.47553162951007183, 'lag_13': 0.9096330251312936, 'lag_14': 0.4940053447240217, 'lag_15': 0.31265048737061835, 'lag_16': 0.5023183300538763, 'lag_17': 0.8099948087413718, 'lag_18': 0.34896723435403987, 'lag_19': 0.7167416992920908, 'lag_20': 0.6561968521462773, 'lag_21': 0.5313606005789621, 'lag_22': 0.10147788830269133, 'lag_23': 0.7021978649942742, 'lag_24': 0.4703765464223771, 'lag_25': 0.5501142251320353, 'lag_26': 0.3381692298712417, 'lag_27': 0.8909595308383444, 'lag_28': 0.39002689787413997}.
