[I 2025-09-29 12:51:03,617] Trial 19 finished with value: 0.006620186874698297 and parameters: {'lag_0': 0.7254314785284492, 'lag_1': 0.7818945341098136, 'lag_2': 0.25677220999959666, 'lag_3': 0.3841390309511804, 'lag_4': 0.19525843100079926, 'lag_5': 0.8690470671085765, 'lag_6': 0.7015331231083997, 'lag_7': 0.9052491669969954, 'lag_8': 0.6194357504674718, 'lag_9': 0.40142045707586105, 'lag_10': 0.8851483988150948, 'lag_11': 0.006599321901928912, 'lag_12': 0.8580500927650636, 'lag_13': 0.7948778355545533, 'lag_14': 0.5371673349070982, 'lag_15': 0.41714390201879675, 'lag_16': 0.8067085841819835, 'lag_17': 0.9943542965986238, 'lag_18': 0.822656786486402, 'lag_19': 0.8158154469041247, 'lag_20': 0.6658417446621867, 'lag_21': 0.20401284895816907, 'lag_22': 0.16799114986322308, 'lag_23': 0.32104296426163303, 'lag_24': 0.26258145600029925, 'lag_25': 0.21234897097397426, 'lag_26': 0.31224433372922245, 'lag_27': 0.4112630062969613, 'lag_28': 0.42704087127225077}. Best is trial 15 with value: 0.004896857830683178.
[I 2025-09-29 12:51:06,086] Trial 20 finished with value: 0.005929257091774598 and parameters: {'lag_0': 0.520134386393136, 'lag_1': 0.4207153038002213, 'lag_2': 0.08509216299895586, 'lag_3': 0.6310756622307038, 'lag_4': 0.06845719960691753, 'lag_5': 0.20948766759922943, 'lag_6': 0.4451192518673335, 'lag_7': 0.7875289168306578, 'lag_8': 0.3873284693623761, 'lag_9': 0.6117872795447263, 'lag_10': 0.7216393890173534, 'lag_11': 0.6538077363542869, 'lag_12': 0.7519158385046025, 'lag_13': 0.5835747170146679, 'lag_14': 0.24231757855051655, 'lag_15': 0.17725011328063695, 'lag_16': 0.548104872428882, 'lag_17': 0.2528806198048277, 'lag_18': 0.6299193602884152, 'lag_19': 0.47317309073305425, 'lag_20': 0.8291564635134422, 'lag_21': 0.5683530765712339, 'lag_22': 0.5641296802845152, 'lag_23': 0.10832320923034505, 'lag_24': 0.5971111441905548, 'lag_25': 0.587947040660479, 'lag_26': 0.07357030907625338, 'lag_27': 0.1957173403748974, 'lag_28': 0.5267545301274889}. Best is trial 15 with value: 0.004896857830683178.
[I 2025-09-29 12:51:08,548] Trial 21 finished with value: 0.004936067674877675 and parameters: {'lag_0': 0.36475894115208574, 'lag_1': 0.5630619367514538, 'lag_2': 0.48154507604724367, 'lag_3': 0.8464339871230097, 'lag_4': 0.3806747859736843, 'lag_5': 0.3774574264413514, 'lag_6': 0.12595490390316694, 'lag_7': 0.9102652914181247, 'lag_8': 0.8533139855248297, 'lag_9': 0.8246993030784917, 'lag_10': 0.8285742559739474, 'lag_11': 0.4276178012851601, 'lag_12': 0.2663252095088935, 'lag_13': 0.39319382606067715, 'lag_14': 0.3452489894938553, 'lag_15': 0.8740913508805459, 'lag_16': 0.9999486534936908, 'lag_17': 0.6055509859525016, 'lag_18': 0.43721278820512993, 'lag_19': 0.11174132803917619, 'lag_20': 0.5854029134787335, 'lag_21': 0.4241949293880035, 'lag_22': 0.36096305617184693, 'lag_23': 0.7807930583363919, 'lag_24': 0.1737501499542195, 'lag_25': 0.8107159522194225, 'lag_26': 0.14714851124020856, 'lag_27': 0.5825108862210456, 'lag_28': 0.3291804004188075}. Best is trial 15 with value: 0.004896857830683178.
[I 2025-09-29 12:51:11,021] Trial 22 finished with value: 0.005281555425026181 and parameters: {'lag_0': 0.34500393436465965, 'lag_1': 0.558379719614517, 'lag_2': 0.5767880631016826, 'lag_3': 0.7236826257213056, 'lag_4': 0.3486767011011396, 'lag_5': 0.3448970713922438, 'lag_6': 0.3557193754182292, 'lag_7': 0.9132051221572296, 'lag_8': 0.9981045874171172, 'lag_9': 0.8542520557315132, 'lag_10': 0.9160934858027144, 'lag_11': 0.34359268360905554, 'lag_12': 0.9244666535014778, 'lag_13': 0.4193059691278002, 'lag_14': 0.3505396246054538, 'lag_15': 0.7235282229292559, 'lag_16': 0.9946530924649242, 'lag_17': 0.5952921661350628, 'lag_18': 0.337042470823243, 'lag_19': 0.11081766786214403, 'lag_20': 0.6487519115767058, 'lag_21': 0.42516357009182626, 'lag_22': 0.3745806701935117, 'lag_23': 0.7558187025096224, 'lag_24': 0.18690418669711562, 'lag_25': 0.8271657515541757, 'lag_26': 0.20412586100263178, 'lag_27': 0.5672050202859957, 'lag_28': 0.36830757464198155}. Best is trial 15 with value: 0.004896857830683178.
[I 2025-09-29 12:51:13,487] Trial 23 finished with value: 0.005190619398595023 and parameters: {'lag_0': 0.5333350759332249, 'lag_1': 0.39382645707978986, 'lag_2': 0.50622679923841, 'lag_3': 0.9016896747206143, 'lag_4': 0.34393660010288307, 'lag_5': 0.38995204064794475, 'lag_6': 0.18134176230316737, 'lag_7': 0.7712593401866485, 'lag_8': 0.8802483744033058, 'lag_9': 0.8763282294734933, 'lag_10': 0.7795120215931615, 'lag_11': 0.19788992445705642, 'lag_12': 0.6253452787627826, 'lag_13': 0.5584366932526292, 'lag_14': 0.4473636830629692, 'lag_15': 0.8718774693182237, 'lag_16': 0.937261692741771, 'lag_17': 0.4448441637019213, 'lag_18': 0.43118079591401626, 'lag_19': 0.24261732908064676, 'lag_20': 0.7643692645924786, 'lag_21': 0.3341451430863053, 'lag_22': 0.26741916687948036, 'lag_23': 0.9948393030764997, 'lag_24': 0.3459906005450203, 'lag_25': 0.9964397331392781, 'lag_26': 0.0920358880004009, 'lag_27': 0.4444955612676333, 'lag_28': 0.6134135999301975}. Best is trial 15 with value: 0.004896857830683178.
[I 2025-09-29 12:51:15,961] Trial 24 finished with value: 0.005353038155806276 and parameters: {'lag_0': 0.3514634311111567, 'lag_1': 0.7320901363660397, 'lag_2': 0.7596144926084654, 'lag_3': 0.15248942719501807, 'lag_4': 0.22047512520565005, 'lag_5': 0.2152539395487297, 'lag_6': 0.6003218166352672, 'lag_7': 0.9299624040561342, 'lag_8': 0.5788296603535598, 'lag_9': 0.658277957492716, 'lag_10': 0.5956047162411682, 'lag_11': 0.33161142797497223, 'lag_12': 0.46482706642373794, 'lag_13': 0.42964892258169574, 'lag_14': 0.11298055600031037, 'lag_15': 0.5704328469856637, 'lag_16': 0.7774805610715612, 'lag_17': 0.7589962375466789, 'lag_18': 0.257146085017095, 'lag_19': 0.01553727984872516, 'lag_20': 0.45044348486527974, 'lag_21': 0.5580534438593322, 'lag_22': 0.7720456918984765, 'lag_23': 0.381775051578247, 'lag_24': 0.1986865606783919, 'lag_25': 0.5693135849465054, 'lag_26': 0.009424473676305806, 'lag_27': 0.75533767298717, 'lag_28': 0.4719345386266736}. Best is trial 15 with value: 0.004896857830683178.
[I 2025-09-29 12:51:18,430] Trial 25 finished with value: 0.005150447027411739 and parameters: {'lag_0': 0.6303577079992619, 'lag_1': 0.4543094610832217, 'lag_2': 0.9975687124798625, 'lag_3': 0.9973142831290837, 'lag_4': 0.5384653385575446, 'lag_5': 0.5125208272170299, 'lag_6': 0.3281192022249144, 'lag_7': 0.5909350163460972, 'lag_8': 0.8402516617667518, 'lag_9': 0.7857412149485826, 'lag_10': 0.862936415317594, 'lag_11': 0.6148934445135682, 'lag_12': 0.039545633619093634, 'lag_13': 0.7249997956175768, 'lag_14': 0.3276137652755738, 'lag_15': 0.7363386478622745, 'lag_16': 0.8839885146552371, 'lag_17': 0.5787903980909033, 'lag_18': 0.567329122088414, 'lag_19': 0.39337656819720535, 'lag_20': 0.9034414473588488, 'lag_21': 0.13733785640078955, 'lag_22': 0.5673422731529456, 'lag_23': 0.2129941101401937, 'lag_24': 0.30795325311549476, 'lag_25': 0.7002901962700824, 'lag_26': 0.2801393888088555, 'lag_27': 0.572137416716723, 'lag_28': 0.3057947257096251}. Best is trial 15 with value: 0.004896857830683178.
[I 2025-09-29 12:51:20,903] Trial 26 finished with value: 0.005353441204393421 and parameters: {'lag_0': 0.3532244814933664, 'lag_1': 0.5700967870334688, 'lag_2': 0.37718918075857316, 'lag_3': 0.4530910548584721, 'lag_4': 0.06625755675056444, 'lag_5': 0.0961433516333905, 'lag_6': 0.11525024603666313, 'lag_7': 0.7608861172343502, 'lag_8': 0.15557085751213506, 'lag_9': 0.17526358470861914, 'lag_10': 0.9933551914934428, 'lag_11': 0.4113852813120133, 'lag_12': 0.871148922297564, 'lag_13': 0.24568010570441445, 'lag_14': 0.17034638979436956, 'lag_15': 0.8922370544010814, 'lag_16': 0.7688239894489795, 'lag_17': 0.48428463261775695, 'lag_18': 0.6909319560410235, 'lag_19': 0.13816644986735083, 'lag_20': 0.005545969668376172, 'lag_21': 0.4076799536954844, 'lag_22': 0.04558782715408799, 'lag_23': 0.0696221606784203, 'lag_24': 0.4208443874562626, 'lag_25': 0.7944475140432412, 'lag_26': 0.4009316602408128, 'lag_27': 0.3990593857932969, 'lag_28': 0.121944579205891}. Best is trial 15 with value: 0.004896857830683178.
[I 2025-09-29 12:51:23,377] Trial 27 finished with value: 0.005245921604806561 and parameters: {'lag_0': 0.13539191487506877, 'lag_1': 0.19446410019853116, 'lag_2': 0.13284161523916196, 'lag_3': 0.8242936577011555, 'lag_4': 0.4427267499674306, 'lag_5': 0.6218568203032693, 'lag_6': 0.49050593585536656, 'lag_7': 0.6729404792228224, 'lag_8': 0.724815280880889, 'lag_9': 0.4279523250186027, 'lag_10': 0.6987846022213346, 'lag_11': 0.13925080241251717, 'lag_12': 0.3623307313362359, 'lag_13': 0.44783383895926787, 'lag_14': 0.5648689081974536, 'lag_15': 0.5708167873977286, 'lag_16': 0.35111072278512057, 'lag_17': 0.3423726486633488, 'lag_18': 0.5012827162135457, 'lag_19': 0.3818592446551683, 'lag_20': 0.6411707386335359, 'lag_21': 0.2763648873045498, 'lag_22': 0.268324621830892, 'lag_23': 0.556225855582675, 'lag_24': 0.5081020921953897, 'lag_25': 0.926610609739589, 'lag_26': 0.1386244982849517, 'lag_27': 0.636135929589656, 'lag_28': 0.8021306206847985}. Best is trial 15 with value: 0.004896857830683178.
[I 2025-09-29 12:51:25,853] Trial 28 finished with value: 0.005047474797095329 and parameters: {'lag_0': 0.48377396434761594, 'lag_1': 0.9113633570415778, 'lag_2': 0.2386192282794203, 'lag_3': 0.7022896442212977, 'lag_4': 0.17357413530884985, 'lag_5': 0.4472118265882716, 'lag_6': 0.7403917137179502, 'lag_7': 0.40088070772724516, 'lag_8': 0.4968166948710814, 'lag_9': 0.5743971615221323, 'lag_10': 0.008501270523750104, 'lag_11': 0.5104838175713204, 'lag_12': 0.5534164999530539, 'lag_13': 0.9192089282878411, 'lag_14': 0.44300951102771785, 'lag_15': 0.8081227490587483, 'lag_16': 0.9169738492053825, 'lag_17': 0.5308314337016492, 'lag_18': 0.8656437671630568, 'lag_19': 0.2559441798603703, 'lag_20': 0.14948806115226715, 'lag_21': 0.5003632232793873, 'lag_22': 0.4217838269268407, 'lag_23': 0.21920106536092673, 'lag_24': 0.17480629199781672, 'lag_25': 0.6445982666506976, 'lag_26': 0.0830588682688773, 'lag_27': 0.5174384202799647, 'lag_28': 0.3281038101232658}. Best is trial 15 with value: 0.004896857830683178.
[I 2025-09-29 12:51:28,333] Trial 29 finished with value: 0.005179768568113379 and parameters: {'lag_0': 0.6793813400904082, 'lag_1': 0.5284343674488735, 'lag_2': 0.5453578483163888, 'lag_3': 0.4650225720407023, 'lag_4': 0.09999552242545787, 'lag_5': 0.8184188428756436, 'lag_6': 0.8472664237989407, 'lag_7': 0.8404012082230734, 'lag_8': 0.9046225447393813, 'lag_9': 0.9631955487146076, 'lag_10': 0.504511975705217, 'lag_11': 0.3000738951316777, 'lag_12': 0.18508525582985572, 'lag_13': 0.6585617784736745, 'lag_14': 0.00140716384980355, 'lag_15': 0.9352670284279703, 'lag_16': 0.13283241102816895, 'lag_17': 0.8373775299740707, 'lag_18': 0.9651406967936951, 'lag_19': 0.1630799555612738, 'lag_20': 0.787254789271126, 'lag_21': 0.05536894959623795, 'lag_22': 0.7314644999112758, 'lag_23': 0.3753775341727051, 'lag_24': 0.6057928575391993, 'lag_25': 0.5341487233560601, 'lag_26': 0.5571168756716275, 'lag_27': 0.8351951245108378, 'lag_28': 0.539902154510166}. Best is trial 15 with value: 0.004896857830683178.
[I 2025-09-29 12:51:30,807] Trial 30 finished with value: 0.0054524588731822855 and parameters: {'lag_0': 0.5526889800264955, 'lag_1': 0.2592588625704403, 'lag_2': 0.6013390480573599, 'lag_3': 0.7930905839727228, 'lag_4': 0.3050895434348623, 'lag_5': 0.2715834830186374, 'lag_6': 0.258014349584156, 'lag_7': 0.9383353033038951, 'lag_8': 0.3330128891715145, 'lag_9': 0.8886794921633845, 'lag_10': 0.33166427302077905, 'lag_11': 0.691432595183612, 'lag_12': 0.5902619135201824, 'lag_13': 0.5915616086985135, 'lag_14': 0.36123853813895423, 'lag_15': 0.687561459546899, 'lag_16': 0.30399731902430716, 'lag_17': 0.6364045735419427, 'lag_18': 0.40024380613932364, 'lag_19': 0.06607376895117856, 'lag_20': 0.5756034120955703, 'lag_21': 0.1671676988168347, 'lag_22': 0.14416351506315134, 'lag_23': 0.7644053816826754, 'lag_24': 0.7297101942883293, 'lag_25': 0.8640430048478764, 'lag_26': 0.6547167392823041, 'lag_27': 0.3487828906029521, 'lag_28': 0.6464975942926615}. Best is trial 15 with value: 0.004896857830683178.
[I 2025-09-29 12:51:33,290] Trial 31 finished with value: 0.0049634013227279825 and parameters: {'lag_0': 0.17831470883586104, 'lag_1': 0.5924061203264992, 'lag_2': 0.4696724054574604, 'lag_3': 0.8721686976419405, 'lag_4': 0.43651189431495985, 'lag_5': 0.38093693549407137, 'lag_6': 0.06338215033314405, 'lag_7': 0.8235225901313801, 'lag_8': 0.7435811359961185, 'lag_9': 0.7614490737688585, 'lag_10': 0.8020298244057731, 'lag_11': 0.4720363566874012, 'lag_12': 0.2576465318669333, 'lag_13': 0.34398851309012657, 'lag_14': 0.7439958661430117, 'lag_15': 0.8442220051192596, 'lag_16': 0.6589971885792496, 'lag_17': 0.720647210947062, 'lag_18': 0.4474427961554496, 'lag_19': 0.0975739410292687, 'lag_20': 0.5370332619620831, 'lag_21': 0.6779849664894739, 'lag_22': 0.34117722462484623, 'lag_23': 0.8056927548546648, 'lag_24': 0.06681557680060017, 'lag_25': 0.753776307765677, 'lag_26': 0.16200456604234156, 'lag_27': 0.6322110587196001, 'lag_28': 0.16782272753399607}. Best is trial 15 with value: 0.004896857830683178.
[I 2025-09-29 12:51:35,772] Trial 32 finished with value: 0.004804776896648032 and parameters: {'lag_0': 0.17428283190969407, 'lag_1': 0.6728938791983301, 'lag_2': 0.5048949992383852, 'lag_3': 0.5175384515968569, 'lag_4': 0.39684453809777775, 'lag_5': 0.3932452874288598, 'lag_6': 0.09031611626695624, 'lag_7': 0.8465410837502773, 'lag_8': 0.7975942454852261, 'lag_9': 0.7416322743507283, 'lag_10': 0.7551195050606034, 'lag_11': 0.9681230772917793, 'lag_12': 0.09510197392006087, 'lag_13': 0.385494897431644, 'lag_14': 0.4735079261131266, 'lag_15': 0.8290478542308768, 'lag_16': 0.5938854727557625, 'lag_17': 0.7076964574765172, 'lag_18': 0.46427857442062304, 'lag_19': 0.07121738673439629, 'lag_20': 0.4967806913476608, 'lag_21': 0.6814386426562415, 'lag_22': 0.3209534333515359, 'lag_23': 0.672221555040454, 'lag_24': 0.010812955141039249, 'lag_25': 0.761649712610333, 'lag_26': 0.1617700073747087, 'lag_27': 0.7031245672432823, 'lag_28': 0.12037278699506024}. Best is trial 32 with value: 0.004804776896648032.
[I 2025-09-29 12:51:38,252] Trial 33 finished with value: 0.005649937302613836 and parameters: {'lag_0': 0.29485227672435577, 'lag_1': 0.6910542537990501, 'lag_2': 0.6448924688029588, 'lag_3': 0.5337048052380082, 'lag_4': 0.3820499369496852, 'lag_5': 0.4267633182137574, 'lag_6': 0.11790967257191874, 'lag_7': 0.8891134147630372, 'lag_8': 0.8081731711201716, 'lag_9': 0.6993600952922188, 'lag_10': 0.7707170730743133, 'lag_11': 0.9228737569410417, 'lag_12': 0.0944376534465178, 'lag_13': 0.2330321553628315, 'lag_14': 0.4707875139846697, 'lag_15': 0.791819521200887, 'lag_16': 0.5317288727062852, 'lag_17': 0.43732782469561293, 'lag_18': 0.5522002731971586, 'lag_19': 0.035286584148586785, 'lag_20': 0.37035465805089096, 'lag_21': 0.7959213795964327, 'lag_22': 0.519187887597266, 'lag_23': 0.6658783192432746, 'lag_24': 0.011737785301965462, 'lag_25': 0.6565982063409641, 'lag_26': 0.24292875726435165, 'lag_27': 0.9976689273361244, 'lag_28': 0.08101948932230561}. Best is trial 32 with value: 0.004804776896648032.
[I 2025-09-29 12:51:40,734] Trial 34 finished with value: 0.005112455698501183 and parameters: {'lag_0': 0.3980365399020356, 'lag_1': 0.6222823693842566, 'lag_2': 0.320973305887144, 'lag_3': 0.619999956816183, 'lag_4': 0.2904015893040436, 'lag_5': 0.01167803038665377, 'lag_6': 0.40147106537334315, 'lag_7': 0.7542255942406376, 'lag_8': 0.2207944570848952, 'lag_9': 0.4976810479362254, 'lag_10': 0.8569590067495964, 'lag_11': 0.8478331052861473, 'lag_12': 0.12473528889940894, 'lag_13': 0.12419461047174868, 'lag_14': 0.40742797122163726, 'lag_15': 0.9492770700623416, 'lag_16': 0.5924648658438595, 'lag_17': 0.8573468464890416, 'lag_18': 0.24412338839225411, 'lag_19': 0.16683329783359865, 'lag_20': 0.48204110825994706, 'lag_21': 0.5256925063476986, 'lag_22': 0.23488826642971175, 'lag_23': 0.6751626551572146, 'lag_24': 0.1296323728610692, 'lag_25': 0.7986919470719003, 'lag_26': 0.19151970750255673, 'lag_27': 0.7301301066270554, 'lag_28': 0.4562366633036309}. Best is trial 32 with value: 0.004804776896648032.
[I 2025-09-29 12:51:43,220] Trial 35 finished with value: 0.005109795462239843 and parameters: {'lag_0': 0.12966003481589122, 'lag_1': 0.5166767920710902, 'lag_2': 0.3337621008842028, 'lag_3': 0.011920236279496316, 'lag_4': 0.5746520398660604, 'lag_5': 0.3172583628487822, 'lag_6': 0.2030982028363812, 'lag_7': 0.6417148149130187, 'lag_8': 0.9307009768742592, 'lag_9': 0.3363700807428881, 'lag_10': 0.9269448039388037, 'lag_11': 0.3798499339233581, 'lag_12': 0.08486331576695667, 'lag_13': 0.5413148970074149, 'lag_14': 0.2643091474978802, 'lag_15': 0.8328823134697635, 'lag_16': 0.8344979487455926, 'lag_17': 0.5953589984885889, 'lag_18': 0.5102948725685524, 'lag_19': 0.06460003404902778, 'lag_20': 0.7001992341327932, 'lag_21': 0.45836792988106373, 'lag_22': 0.421263456658789, 'lag_23': 0.5305083588935908, 'lag_24': 0.11513828308439011, 'lag_25': 0.6501351734699707, 'lag_26': 0.05813720168355805, 'lag_27': 0.8940891775277969, 'lag_28': 0.5701021058797188}. Best is trial 32 with value: 0.004804776896648032.
[I 2025-09-29 12:51:45,704] Trial 36 finished with value: 0.00533924175397186 and parameters: {'lag_0': 0.2390649048739102, 'lag_1': 0.6840094324421986, 'lag_2': 0.5073783913138272, 'lag_3': 0.2706924684116917, 'lag_4': 0.23247010745778163, 'lag_5': 0.7100722602069711, 'lag_6': 0.2970161151693947, 'lag_7': 0.02773590552649019, 'lag_8': 0.8116016139778459, 'lag_9': 0.6341957418317198, 'lag_10': 0.6359605243423153, 'lag_11': 0.99157481641452, 'lag_12': 0.4683300005999551, 'lag_13': 0.3870824182537753, 'lag_14': 0.6291775867005253, 'lag_15': 0.512443825938415, 'lag_16': 0.45072627580377256, 'lag_17': 0.7066118107752719, 'lag_18': 0.593401765543352, 'lag_19': 0.5377968995646499, 'lag_20': 0.3114447710348462, 'lag_21': 0.3700251388520753, 'lag_22': 0.5088820033331507, 'lag_23': 0.06347733795125149, 'lag_24': 0.011030776976889811, 'lag_25': 0.5311045516073784, 'lag_26': 0.37615732401448165, 'lag_27': 0.7850618108928887, 'lag_28': 0.274134330268919}. Best is trial 32 with value: 0.004804776896648032.
[I 2025-09-29 12:51:48,189] Trial 37 finished with value: 0.008390032172366169 and parameters: {'lag_0': 0.3137874517994008, 'lag_1': 0.4507490689645818, 'lag_2': 0.38781985804348473, 'lag_3': 0.37343244441372353, 'lag_4': 0.6589221388701698, 'lag_5': 0.5757525692799659, 'lag_6': 0.3869870818483537, 'lag_7': 0.9524179218305434, 'lag_8': 0.5866703562662494, 'lag_9': 0.832206959564316, 'lag_10': 0.7662928485284003, 'lag_11': 0.08660775646581931, 'lag_12': 0.23849809942709896, 'lag_13': 0.5037113690286372, 'lag_14': 0.32736411805070587, 'lag_15': 0.6425177292630688, 'lag_16': 0.9193125550846678, 'lag_17': 0.29652677142066025, 'lag_18': 0.1600165356364857, 'lag_19': 0.2569821398009811, 'lag_20': 0.6072267481273516, 'lag_21': 0.25190721573892494, 'lag_22': 0.3115333988313749, 'lag_23': 0.6097931578960434, 'lag_24': 0.22709123962595867, 'lag_25': 0.0715628452261739, 'lag_26': 0.13131093813058073, 'lag_27': 0.5488523605704374, 'lag_28': 0.01043384312069462}. Best is trial 32 with value: 0.004804776896648032.
[I 2025-09-29 12:51:50,781] Trial 38 finished with value: 0.0052734142357114275 and parameters: {'lag_0': 0.79231997448853, 'lag_1': 0.7396152430910004, 'lag_2': 0.429934125803751, 'lag_3': 0.7649892995420317, 'lag_4': 0.4874534748703739, 'lag_5': 0.1349916579419438, 'lag_6': 0.9402472279552867, 'lag_7': 0.8870474792639055, 'lag_8': 0.4348322869558668, 'lag_9': 0.735974449537972, 'lag_10': 0.3997920900641297, 'lag_11': 0.23186986514644511, 'lag_12': 0.9445728985047506, 'lag_13': 0.7317331641706123, 'lag_14': 0.5031167135043186, 'lag_15': 0.9850817417711625, 'lag_16': 0.09695218078692946, 'lag_17': 0.9127041905860598, 'lag_18': 0.3847006134431344, 'lag_19': 0.4265240900734323, 'lag_20': 0.5168685269473303, 'lag_21': 0.7382343689320661, 'lag_22': 0.09575954643641871, 'lag_23': 0.43100379502445096, 'lag_24': 0.3569340100832857, 'lag_25': 0.012282367238596492, 'lag_26': 0.2622839382533516, 'lag_27': 0.667269203015785, 'lag_28': 0.48266281179262294}. Best is trial 32 with value: 0.004804776896648032.
[I 2025-09-29 12:51:53,271] Trial 39 finished with value: 0.0054968947374260425 and parameters: {'lag_0': 0.8443374377239037, 'lag_1': 0.5240601495329209, 'lag_2': 0.22269941584588115, 'lag_3': 0.5262046998012975, 'lag_4': 0.13262388486004267, 'lag_5': 0.24406703764211302, 'lag_6': 0.5701831047509378, 'lag_7': 0.8237594654011089, 'lag_8': 0.8532309916840688, 'lag_9': 0.9921351472831775, 'lag_10': 0.8271441289308008, 'lag_11': 0.5631992172354275, 'lag_12': 0.334617097605553, 'lag_13': 0.6199457446079193, 'lag_14': 0.2248268619895849, 'lag_15': 0.8894684964921908, 'lag_16': 0.7315151538928122, 'lag_17': 0.4160525092808012, 'lag_18': 0.6887642413883704, 'lag_19': 0.9598398171235951, 'lag_20': 0.4204873464795079, 'lag_21': 0.6030218153922737, 'lag_22': 0.45793912216539256, 'lag_23': 0.7147800000572044, 'lag_24': 0.13304505487441493, 'lag_25': 0.32158629303508773, 'lag_26': 0.18733295447459725, 'lag_27': 0.5863105266117448, 'lag_28': 0.35681003458114247}. Best is trial 32 with value: 0.004804776896648032.
