[I 2025-09-29 11:58:30,806] Trial 66 finished with value: 0.002971217844148326 and parameters: {'lag_0': 0.03707917163374823, 'lag_1': 0.5238699025318757, 'lag_2': 0.63501711927469, 'lag_3': 0.8077820806447645, 'lag_4': 0.6502352069361542, 'lag_5': 0.08134952656040761, 'lag_6': 0.3945123890497704, 'lag_7': 0.0020243139142820943, 'lag_8': 0.7915730148358701, 'lag_9': 0.16823682968998638, 'lag_10': 0.1977206411920599, 'lag_11': 0.6758087866836981, 'lag_12': 0.4301404149179311, 'lag_13': 0.08021368737255213, 'lag_14': 0.20908389526467483, 'lag_15': 0.41214401244007914, 'lag_16': 0.7872489495170283, 'lag_17': 0.9556240534431074, 'lag_18': 0.825896113985573, 'lag_19': 0.5691524339559659, 'lag_20': 0.3963937380992586, 'lag_21': 0.9896953838739821, 'lag_22': 0.8999836281218534, 'lag_23': 0.108514474744663, 'lag_24': 0.8741266907744903, 'lag_25': 0.3012918719813123, 'lag_26': 0.0763510559897974, 'lag_27': 0.4078675154679052, 'lag_28': 0.3825706534557288}. Best is trial 19 with value: 0.002820392816125633.
[I 2025-09-29 11:58:33,158] Trial 67 finished with value: 0.0029558057410342758 and parameters: {'lag_0': 0.10094860838343121, 'lag_1': 0.7555956346085042, 'lag_2': 0.11693955706272902, 'lag_3': 0.7429876976789234, 'lag_4': 0.45651325236444745, 'lag_5': 0.44501851636875994, 'lag_6': 0.45308954846687405, 'lag_7': 0.8872950950422523, 'lag_8': 0.39461908274759155, 'lag_9': 0.047685248462776, 'lag_10': 0.06284812336608803, 'lag_11': 0.35015022919506955, 'lag_12': 0.34538878347864915, 'lag_13': 0.4956465697699388, 'lag_14': 0.1471116859784816, 'lag_15': 0.3111664843805902, 'lag_16': 0.8151769245798224, 'lag_17': 0.895625694658583, 'lag_18': 0.35616951693589716, 'lag_19': 0.46680129645196344, 'lag_20': 0.512598235031489, 'lag_21': 0.5438341296024041, 'lag_22': 0.5629059776634032, 'lag_23': 0.9701516272831627, 'lag_24': 0.9016023574603445, 'lag_25': 0.3872097216685239, 'lag_26': 0.149528634279251, 'lag_27': 0.7300950110554276, 'lag_28': 0.5101942539711203}. Best is trial 19 with value: 0.002820392816125633.
[I 2025-09-29 11:58:35,510] Trial 68 finished with value: 0.002834363893726323 and parameters: {'lag_0': 0.26469022183722973, 'lag_1': 0.9104470475758697, 'lag_2': 0.5099878791107164, 'lag_3': 0.9212655317390224, 'lag_4': 0.018584378847699812, 'lag_5': 0.18088419614772466, 'lag_6': 0.2184120533046814, 'lag_7': 0.9299486568877247, 'lag_8': 0.10177484534470344, 'lag_9': 0.5679778599528795, 'lag_10': 0.8947662822654441, 'lag_11': 0.5946675234786538, 'lag_12': 0.269570700281748, 'lag_13': 0.17587045410308305, 'lag_14': 0.43831159061795627, 'lag_15': 0.7070364813254727, 'lag_16': 0.46425242005099165, 'lag_17': 0.9976655738925799, 'lag_18': 0.6984513983668726, 'lag_19': 0.39978374093358804, 'lag_20': 0.688625839553233, 'lag_21': 0.912929390346134, 'lag_22': 0.5056072172710239, 'lag_23': 0.4134544597082047, 'lag_24': 0.1649065614713529, 'lag_25': 0.24112816443403018, 'lag_26': 0.2919522339722076, 'lag_27': 0.2907233131924144, 'lag_28': 0.28936477741581096}. Best is trial 19 with value: 0.002820392816125633.
[I 2025-09-29 11:58:37,853] Trial 69 finished with value: 0.0029800237077648277 and parameters: {'lag_0': 0.08454026831917966, 'lag_1': 0.9058320726458743, 'lag_2': 0.5487948535142558, 'lag_3': 0.9339306825970464, 'lag_4': 0.0007608633624355751, 'lag_5': 0.23824738612600596, 'lag_6': 0.20545823537652488, 'lag_7': 0.9347469030244051, 'lag_8': 0.10745543338746572, 'lag_9': 0.5580453165379009, 'lag_10': 0.8889843239403269, 'lag_11': 0.5860526032941441, 'lag_12': 0.2701979392950137, 'lag_13': 0.16723996694590834, 'lag_14': 0.42677367145456924, 'lag_15': 0.7140640956858911, 'lag_16': 0.4694645543526494, 'lag_17': 0.9782230089162923, 'lag_18': 0.7409311217607405, 'lag_19': 0.2323067389977202, 'lag_20': 0.6907578387090096, 'lag_21': 0.9139548278211902, 'lag_22': 0.4254762205721485, 'lag_23': 0.414367012672237, 'lag_24': 0.15867581473897344, 'lag_25': 0.047420911382514794, 'lag_26': 0.2923466624643086, 'lag_27': 0.06332833849689248, 'lag_28': 0.27018225036830074}. Best is trial 19 with value: 0.002820392816125633.
[I 2025-09-29 11:58:40,202] Trial 70 finished with value: 0.0030231714572247375 and parameters: {'lag_0': 0.1780972215503454, 'lag_1': 0.9486694175630113, 'lag_2': 0.4046795723346829, 'lag_3': 0.9029153238945218, 'lag_4': 0.030670837227098957, 'lag_5': 0.21278120227803232, 'lag_6': 0.34246811611164796, 'lag_7': 0.5953388989264529, 'lag_8': 0.17260981647626306, 'lag_9': 0.5810009946303016, 'lag_10': 0.10910616765179426, 'lag_11': 0.7868299637766887, 'lag_12': 0.1483395862614413, 'lag_13': 0.19237204941031003, 'lag_14': 0.9153561333093105, 'lag_15': 0.812615347243314, 'lag_16': 0.2262831487453638, 'lag_17': 0.9386041826610112, 'lag_18': 0.7082837316484262, 'lag_19': 0.38002172524504, 'lag_20': 0.7434790302001515, 'lag_21': 0.8357181227033765, 'lag_22': 0.5132138431845831, 'lag_23': 0.28143850535812187, 'lag_24': 0.22509250331241215, 'lag_25': 0.7427837498196389, 'lag_26': 0.3757971463434573, 'lag_27': 0.18560854415871186, 'lag_28': 0.3461877958450137}. Best is trial 19 with value: 0.002820392816125633.
[I 2025-09-29 11:58:42,557] Trial 71 finished with value: 0.0028523446528870198 and parameters: {'lag_0': 0.28935529502695373, 'lag_1': 0.8028906660071959, 'lag_2': 0.5124168823412816, 'lag_3': 0.9753548291458235, 'lag_4': 0.10676123442664662, 'lag_5': 0.054007457715455884, 'lag_6': 0.029451098918080176, 'lag_7': 0.9719727077167543, 'lag_8': 0.050264507171868554, 'lag_9': 0.47934908856736513, 'lag_10': 0.8372722936430166, 'lag_11': 0.5428625976106204, 'lag_12': 0.3256052063905761, 'lag_13': 0.27321817677804233, 'lag_14': 0.35464180755083685, 'lag_15': 0.7486887539420602, 'lag_16': 0.6590116102984764, 'lag_17': 0.9974304566234458, 'lag_18': 0.7784625931214658, 'lag_19': 0.31892257280719505, 'lag_20': 0.8115118832918218, 'lag_21': 0.888207457294122, 'lag_22': 0.3829619574825328, 'lag_23': 0.22258118911713554, 'lag_24': 0.09365640333297126, 'lag_25': 0.2335011410186579, 'lag_26': 0.19100007525132867, 'lag_27': 0.29701520823817007, 'lag_28': 0.2888436353672551}. Best is trial 19 with value: 0.002820392816125633.
[I 2025-09-29 11:58:44,903] Trial 72 finished with value: 0.0029970409735694385 and parameters: {'lag_0': 0.35762134728326617, 'lag_1': 0.8184774656505189, 'lag_2': 0.5032804875832162, 'lag_3': 0.3446780654779845, 'lag_4': 0.10856575299147476, 'lag_5': 0.16221142903525865, 'lag_6': 0.042484020157862755, 'lag_7': 0.985037449673657, 'lag_8': 0.053602145097728406, 'lag_9': 0.44819683921373304, 'lag_10': 0.9317361790458835, 'lag_11': 0.544592068989817, 'lag_12': 0.2094464732907279, 'lag_13': 0.27941192395063363, 'lag_14': 0.32690260068692256, 'lag_15': 0.7574840799966805, 'lag_16': 0.6600986320365024, 'lag_17': 0.9697992069973715, 'lag_18': 0.7805895293849021, 'lag_19': 0.3256836714109421, 'lag_20': 0.6646644864274105, 'lag_21': 0.8738132108024235, 'lag_22': 0.33400220723760027, 'lag_23': 0.2211045932146093, 'lag_24': 0.011781031734461336, 'lag_25': 0.2418612689896908, 'lag_26': 0.2155741345824318, 'lag_27': 0.40965718116717525, 'lag_28': 0.23206778941449632}. Best is trial 19 with value: 0.002820392816125633.
[I 2025-09-29 11:58:47,248] Trial 73 finished with value: 0.002998597713981063 and parameters: {'lag_0': 0.25321769521130993, 'lag_1': 0.8850375656157915, 'lag_2': 0.4612360066864193, 'lag_3': 0.884837205458569, 'lag_4': 0.06618676141638527, 'lag_5': 0.11471331179134442, 'lag_6': 0.02495295730354156, 'lag_7': 0.9369857395398541, 'lag_8': 0.01606404642614679, 'lag_9': 0.4848042684503569, 'lag_10': 0.8533345806589991, 'lag_11': 0.6105009921416884, 'lag_12': 0.30103528430184456, 'lag_13': 0.1380371203391921, 'lag_14': 0.4598683733056365, 'lag_15': 0.7007837260415629, 'lag_16': 0.6108869367929506, 'lag_17': 0.9913056331602035, 'lag_18': 0.6917781399534666, 'lag_19': 0.4099126015289165, 'lag_20': 0.7992180157061556, 'lag_21': 0.80374894430794, 'lag_22': 0.3930036455858651, 'lag_23': 0.37362969212343256, 'lag_24': 0.08607267395787502, 'lag_25': 0.9749115762313396, 'lag_26': 0.20018381749174047, 'lag_27': 0.2843326196277898, 'lag_28': 0.18343133335226958}. Best is trial 19 with value: 0.002820392816125633.
[I 2025-09-29 11:58:49,602] Trial 74 finished with value: 0.0029048177700689644 and parameters: {'lag_0': 0.31856437426728995, 'lag_1': 0.9666092510941141, 'lag_2': 0.374819533921247, 'lag_3': 0.16303269478744686, 'lag_4': 0.14327645004766976, 'lag_5': 0.0617946115133219, 'lag_6': 0.10109453270909685, 'lag_7': 0.9020685683258761, 'lag_8': 0.08842248174066206, 'lag_9': 0.3632616356879136, 'lag_10': 0.9928866067608173, 'lag_11': 0.7247735970497847, 'lag_12': 0.2542982286505497, 'lag_13': 0.2316507671482236, 'lag_14': 0.2343380787861416, 'lag_15': 0.8366061955338933, 'lag_16': 0.7142203795780183, 'lag_17': 0.9120713804461639, 'lag_18': 0.881752879386129, 'lag_19': 0.29026034828065317, 'lag_20': 0.9249795331890422, 'lag_21': 0.9779369621876239, 'lag_22': 0.46655982105738025, 'lag_23': 0.18940544693493946, 'lag_24': 0.1882186246179708, 'lag_25': 0.20363558153610908, 'lag_26': 0.25316718455066567, 'lag_27': 0.21811314428509293, 'lag_28': 0.30753967771769875}. Best is trial 19 with value: 0.002820392816125633.
[I 2025-09-29 11:58:51,959] Trial 75 finished with value: 0.002905104382767946 and parameters: {'lag_0': 0.2161386336951305, 'lag_1': 0.7926649864119023, 'lag_2': 0.5238069385932598, 'lag_3': 0.9960352883748813, 'lag_4': 0.20145925582441657, 'lag_5': 0.34983808724276794, 'lag_6': 0.08561151889667695, 'lag_7': 0.9985547340075889, 'lag_8': 0.20096193397421616, 'lag_9': 0.6249808386850784, 'lag_10': 0.9077826008501706, 'lag_11': 0.688216999414936, 'lag_12': 0.00014541792673284992, 'lag_13': 0.26556186904780177, 'lag_14': 0.3072586633013584, 'lag_15': 0.7499377540065582, 'lag_16': 0.6440571046964707, 'lag_17': 0.8823862565531493, 'lag_18': 0.8088789153010081, 'lag_19': 0.3436938393695655, 'lag_20': 0.7756929955817848, 'lag_21': 0.8982920132241223, 'lag_22': 0.30527022814319343, 'lag_23': 0.3271039824860924, 'lag_24': 0.09358596557568111, 'lag_25': 0.17295265179544206, 'lag_26': 0.3203931202714781, 'lag_27': 0.3233524508823977, 'lag_28': 0.27436468815822546}. Best is trial 19 with value: 0.002820392816125633.
[I 2025-09-29 11:58:54,308] Trial 76 finished with value: 0.0030103614953179174 and parameters: {'lag_0': 0.39720974367521006, 'lag_1': 0.9253097926049404, 'lag_2': 0.5657304628861121, 'lag_3': 0.8521347523873822, 'lag_4': 0.08428697482961961, 'lag_5': 0.2942054086842648, 'lag_6': 0.06904079511927066, 'lag_7': 0.8143859376118078, 'lag_8': 0.23422620922333218, 'lag_9': 0.5176924663449138, 'lag_10': 0.7813785465738367, 'lag_11': 0.6491460440861107, 'lag_12': 0.1721229482706399, 'lag_13': 0.2967831614590023, 'lag_14': 0.021380403888328944, 'lag_15': 0.6194321966733017, 'lag_16': 0.528709498364437, 'lag_17': 0.9966095966130468, 'lag_18': 0.6553491241883849, 'lag_19': 0.25854379096164015, 'lag_20': 0.8258053451595267, 'lag_21': 0.9459646158573038, 'lag_22': 0.9491129366465378, 'lag_23': 0.46840602014818783, 'lag_24': 0.1463431594736671, 'lag_25': 0.12562500801494567, 'lag_26': 0.2759096051633579, 'lag_27': 0.2675330050942756, 'lag_28': 0.1369176871689539}. Best is trial 19 with value: 0.002820392816125633.
[I 2025-09-29 11:58:56,665] Trial 77 finished with value: 0.0029206198051935084 and parameters: {'lag_0': 0.46785105361240376, 'lag_1': 0.8387644035410893, 'lag_2': 0.4298007533923143, 'lag_3': 0.8143445149031981, 'lag_4': 0.12307602976421009, 'lag_5': 0.15679350759748228, 'lag_6': 0.0035384642838898438, 'lag_7': 0.6851943415810171, 'lag_8': 0.1151907175253771, 'lag_9': 0.662829249212521, 'lag_10': 0.8247807105569711, 'lag_11': 0.5009931684604532, 'lag_12': 0.3722685526513269, 'lag_13': 0.18101207601080038, 'lag_14': 0.5122013887204966, 'lag_15': 0.047889576913863474, 'lag_16': 0.5648317804832477, 'lag_17': 0.9394679249594479, 'lag_18': 0.765191369713889, 'lag_19': 0.04779458070398171, 'lag_20': 0.7171334772080573, 'lag_21': 0.9167036779641098, 'lag_22': 0.5962435414208357, 'lag_23': 0.4264365590386869, 'lag_24': 0.05131866055937229, 'lag_25': 0.28765369373577226, 'lag_26': 0.4247116715074798, 'lag_27': 0.32804866203241073, 'lag_28': 0.3408283325147666}. Best is trial 19 with value: 0.002820392816125633.
[I 2025-09-29 11:58:59,022] Trial 78 finished with value: 0.0028804529870081045 and parameters: {'lag_0': 0.13981891013903391, 'lag_1': 0.7390282091860636, 'lag_2': 0.4923896746439342, 'lag_3': 0.935495573499007, 'lag_4': 0.05147664064695983, 'lag_5': 0.4198150073823411, 'lag_6': 0.14651086903885335, 'lag_7': 0.11256249583118938, 'lag_8': 0.036051473858039466, 'lag_9': 0.41292165305538747, 'lag_10': 0.1653845970446813, 'lag_11': 0.9584999082493486, 'lag_12': 0.09126152133159346, 'lag_13': 0.3788018412093831, 'lag_14': 0.09909801258567416, 'lag_15': 0.9674226915388919, 'lag_16': 0.7524738923570442, 'lag_17': 0.8689009757667406, 'lag_18': 0.6106351625191292, 'lag_19': 0.10882353160557054, 'lag_20': 0.7408625446597576, 'lag_21': 0.8643610555825783, 'lag_22': 0.24105894438077716, 'lag_23': 0.300070899028063, 'lag_24': 0.2812222574658058, 'lag_25': 0.23264167283566423, 'lag_26': 0.16255315568449866, 'lag_27': 0.23952830324121946, 'lag_28': 0.4092914876570428}. Best is trial 19 with value: 0.002820392816125633.
[I 2025-09-29 11:59:01,370] Trial 79 finished with value: 0.003031803276073436 and parameters: {'lag_0': 0.5675653502374451, 'lag_1': 0.8701333296475876, 'lag_2': 0.6972041762810943, 'lag_3': 0.7803871583196176, 'lag_4': 0.16145008838329963, 'lag_5': 0.19945022111573527, 'lag_6': 0.033416154466599346, 'lag_7': 0.9651800943319964, 'lag_8': 0.08175954121787093, 'lag_9': 0.7487587939470124, 'lag_10': 0.1361886024196716, 'lag_11': 0.5642605696357683, 'lag_12': 0.23316471152148688, 'lag_13': 0.11564454752348134, 'lag_14': 0.41436609527311746, 'lag_15': 0.922061781716133, 'lag_16': 0.2975990945739553, 'lag_17': 0.9242823025197985, 'lag_18': 0.7344961884628148, 'lag_19': 0.20118749090785454, 'lag_20': 0.8687563522585777, 'lag_21': 0.705736727662706, 'lag_22': 0.5160246438436856, 'lag_23': 0.036847592295721265, 'lag_24': 0.03044549181707327, 'lag_25': 0.1466079232158051, 'lag_26': 0.06052081850266339, 'lag_27': 0.49860858641877315, 'lag_28': 0.05399523173477656}. Best is trial 19 with value: 0.002820392816125633.
[I 2025-09-29 11:59:03,726] Trial 80 finished with value: 0.0029345821193516516 and parameters: {'lag_0': 0.10936529389294092, 'lag_1': 0.9740861824733643, 'lag_2': 0.6431003073595599, 'lag_3': 0.627871955240288, 'lag_4': 0.018669445496597225, 'lag_5': 0.2430333399241303, 'lag_6': 0.28047747730535544, 'lag_7': 0.6453868078120055, 'lag_8': 0.2671433849324624, 'lag_9': 0.7071077560859259, 'lag_10': 0.07996773553372918, 'lag_11': 0.8893784087589272, 'lag_12': 0.3141100329730416, 'lag_13': 0.3470986063078661, 'lag_14': 0.1739590495558016, 'lag_15': 0.8822477628104558, 'lag_16': 0.39055899119370563, 'lag_17': 0.9657747978210909, 'lag_18': 0.8465711484751133, 'lag_19': 0.3903589153090737, 'lag_20': 0.5551045013230278, 'lag_21': 0.8291343982313485, 'lag_22': 0.4667415090204908, 'lag_23': 0.2426370807510829, 'lag_24': 0.11621832638280283, 'lag_25': 0.0757403404732421, 'lag_26': 0.12512253200074722, 'lag_27': 0.46198951513370146, 'lag_28': 0.2010006286795396}. Best is trial 19 with value: 0.002820392816125633.
[I 2025-09-29 11:59:06,084] Trial 81 finished with value: 0.0029255701768064655 and parameters: {'lag_0': 0.2839699153987424, 'lag_1': 0.63609378959688, 'lag_2': 0.6045325381130799, 'lag_3': 0.9655681225213751, 'lag_4': 0.22980873182288755, 'lag_5': 0.09548033752088439, 'lag_6': 0.2530898702206099, 'lag_7': 0.8682348285770813, 'lag_8': 0.4639194774649394, 'lag_9': 0.6077270675912396, 'lag_10': 0.5707375261014777, 'lag_11': 0.3915351012139581, 'lag_12': 0.39093972128873133, 'lag_13': 0.42110330465738066, 'lag_14': 0.39595689769467957, 'lag_15': 0.6498025177674126, 'lag_16': 0.9160369462828482, 'lag_17': 0.8384794207397166, 'lag_18': 0.41775018211853354, 'lag_19': 0.49143991129873504, 'lag_20': 0.37031845431196764, 'lag_21': 0.6288636898202834, 'lag_22': 0.558899622096182, 'lag_23': 0.11585149018722993, 'lag_24': 0.07071757959303622, 'lag_25': 0.3237142437744974, 'lag_26': 0.10384850282421779, 'lag_27': 0.6425869906122623, 'lag_28': 0.5454688113792412}. Best is trial 19 with value: 0.002820392816125633.
[I 2025-09-29 11:59:08,442] Trial 82 finished with value: 0.0029470595099227274 and parameters: {'lag_0': 0.31608496093730515, 'lag_1': 0.9145600402906189, 'lag_2': 0.5598114023146158, 'lag_3': 0.9257531227401454, 'lag_4': 0.4264279362034261, 'lag_5': 0.04026944383945322, 'lag_6': 0.22620700871843943, 'lag_7': 0.8419706217349505, 'lag_8': 0.15013265667281733, 'lag_9': 0.2553923785942861, 'lag_10': 0.6274403644303315, 'lag_11': 0.46942553967737854, 'lag_12': 0.4503731744394374, 'lag_13': 0.3217081730617316, 'lag_14': 0.3606431581468064, 'lag_15': 0.43745260093918326, 'lag_16': 0.19098005754384123, 'lag_17': 0.7895749525929361, 'lag_18': 0.5477521906444307, 'lag_19': 0.5490883941364769, 'lag_20': 0.6140785925968302, 'lag_21': 0.7910872351923268, 'lag_22': 0.631827245590922, 'lag_23': 0.17157215346538124, 'lag_24': 0.7816085241672475, 'lag_25': 0.25691064076183795, 'lag_26': 0.03140144675722323, 'lag_27': 0.6865556683836394, 'lag_28': 0.25606252060425666}. Best is trial 19 with value: 0.002820392816125633.
[I 2025-09-29 11:59:10,790] Trial 83 finished with value: 0.0029107141454681354 and parameters: {'lag_0': 0.3731085069499615, 'lag_1': 0.784498757396912, 'lag_2': 0.2240558373021545, 'lag_3': 0.9685807812006454, 'lag_4': 0.0758402251810827, 'lag_5': 0.32029609848531415, 'lag_6': 0.10413113353714279, 'lag_7': 0.9151763139602711, 'lag_8': 0.0012296384971653557, 'lag_9': 0.345181410483564, 'lag_10': 0.022485004381400706, 'lag_11': 0.5251485089672598, 'lag_12': 0.02628690672596439, 'lag_13': 0.2167534548716442, 'lag_14': 0.2646404431166303, 'lag_15': 0.6827276015345181, 'lag_16': 0.9613273335688339, 'lag_17': 0.913071866732576, 'lag_18': 0.578553988510531, 'lag_19': 0.44814429986556864, 'lag_20': 0.4617323981658602, 'lag_21': 0.7414408279340499, 'lag_22': 0.6635291161579827, 'lag_23': 0.5288427306532575, 'lag_24': 0.19912266999569303, 'lag_25': 0.48319543101413664, 'lag_26': 0.0069125942785505795, 'lag_27': 0.5873906661910179, 'lag_28': 0.3964437420378433}. Best is trial 19 with value: 0.002820392816125633.
[I 2025-09-29 11:59:13,310] Trial 84 finished with value: 0.002955303939973878 and parameters: {'lag_0': 0.2025640779915144, 'lag_1': 0.8128296051960726, 'lag_2': 0.33831997425263793, 'lag_3': 0.8676012958961182, 'lag_4': 0.49266150720212526, 'lag_5': 0.4000884288035485, 'lag_6': 0.19690564353024972, 'lag_7': 0.7647248328623774, 'lag_8': 0.06342524299348028, 'lag_9': 0.648692629508675, 'lag_10': 0.6724654637536978, 'lag_11': 0.6165805404012188, 'lag_12': 0.329205512917566, 'lag_13': 0.542586543443999, 'lag_14': 0.467393986061448, 'lag_15': 0.7336349176280366, 'lag_16': 0.9916227443677047, 'lag_17': 0.9468692306084088, 'lag_18': 0.4562801517799435, 'lag_19': 0.4201549593305119, 'lag_20': 0.4938916915857413, 'lag_21': 0.5679285615986792, 'lag_22': 0.5975992797904768, 'lag_23': 0.39610883191621027, 'lag_24': 0.34747953453992125, 'lag_25': 0.21099462486814882, 'lag_26': 0.19778934243867483, 'lag_27': 0.7763999915520154, 'lag_28': 0.4546649600375473}. Best is trial 19 with value: 0.002820392816125633.
[I 2025-09-29 11:59:15,671] Trial 85 finished with value: 0.0028571325391338956 and parameters: {'lag_0': 0.2605895725559576, 'lag_1': 0.4546135285584577, 'lag_2': 0.2970195238194415, 'lag_3': 0.905665571693175, 'lag_4': 0.5373457376461221, 'lag_5': 0.7414487016691377, 'lag_6': 0.07108500461984169, 'lag_7': 0.8074887744215024, 'lag_8': 0.5768104494329618, 'lag_9': 0.5389157299403607, 'lag_10': 0.6904743763349919, 'lag_11': 0.9342276605031705, 'lag_12': 0.5663805896556585, 'lag_13': 0.2455231711830241, 'lag_14': 0.05920595446333183, 'lag_15': 0.7900682781319264, 'lag_16': 0.4565748259974606, 'lag_17': 0.9973822474068581, 'lag_18': 0.49745407120221874, 'lag_19': 0.30810791765750656, 'lag_20': 0.7870978822781253, 'lag_21': 0.4208235841535897, 'lag_22': 0.34527741630092773, 'lag_23': 0.5589389737520308, 'lag_24': 0.9662863590019042, 'lag_25': 0.35040443160462903, 'lag_26': 0.23810470128294342, 'lag_27': 0.7381362904410285, 'lag_28': 0.36311864976638186}. Best is trial 19 with value: 0.002820392816125633.
[I 2025-09-29 11:59:18,031] Trial 86 finished with value: 0.0030946598890870527 and parameters: {'lag_0': 0.021351978784560837, 'lag_1': 0.46764139852752545, 'lag_2': 0.4060156039632966, 'lag_3': 0.9091296822216005, 'lag_4': 0.5351730855082494, 'lag_5': 0.7029029193806103, 'lag_6': 0.06002307628837267, 'lag_7': 0.8118872902094203, 'lag_8': 0.5924913204776457, 'lag_9': 0.5697981851624438, 'lag_10': 0.8040132408410441, 'lag_11': 0.9692225610167613, 'lag_12': 0.9641393279072334, 'lag_13': 0.009976389956864493, 'lag_14': 0.058810494200218624, 'lag_15': 0.8465421650073961, 'lag_16': 0.4262879009352746, 'lag_17': 0.9994458360683012, 'lag_18': 0.4134862100304242, 'lag_19': 0.30252069643687046, 'lag_20': 0.7850738988814661, 'lag_21': 0.43411933304042905, 'lag_22': 0.40024936693313123, 'lag_23': 0.43522421035052583, 'lag_24': 0.9591357660826281, 'lag_25': 0.3390111867457939, 'lag_26': 0.23903288803027414, 'lag_27': 0.8313122432351848, 'lag_28': 0.2988762180380721}. Best is trial 19 with value: 0.002820392816125633.
