[I 2025-10-03 11:33:53,644] Trial 64 finished with values: [0.013629017447199266, 0.0019464912301519967, 0.0015979318759480287, 0.0008133875429984231, 0.0004052446659799034, 0.00042407133350435015, 0.0020631086567572147, 0.00031322676666153493, 0.0014445761486929526, 0.0004346092825829236, 0.0008829244666173018, 0.0009017170104756884, 0.0027264965859168594, 0.003803111877020162, 0.0, 0.10735433096594171, 0.0006378243442877115, 0.017667923887258016, 0.010935946658555296, 0.002152964939542962, 0.005248181055966731, 0.003245635905888517, 0.004708544383304268, 3.02667450225361e-05, 0.001031472851983026, 0.00043162171799794905, 0.0008703687186040792, 0.00021471569551913456, 0.0004685534982042096] and parameters: {'lag_0': 0.14801809727480433, 'lag_1': 0.09600894419305557, 'lag_2': 0.6861933355321624, 'lag_3': 0.13527311661305133, 'lag_4': 0.4154552061031483, 'lag_5': 0.5919017283972643, 'lag_6': 0.26026524934749534, 'lag_7': 0.8109889383314862, 'lag_8': 0.8421978654219545, 'lag_9': 0.7260604917394994, 'lag_10': 0.8944318987641887, 'lag_11': 0.297422555650784, 'lag_12': 0.6107561895676324, 'lag_13': 0.07834463167428465, 'lag_14': 0.8428168414260571, 'lag_15': 0.1948754774381874, 'lag_16': 0.8895244029803866, 'lag_17': 0.6201864394309078, 'lag_18': 0.462718304833492, 'lag_19': 0.9623751454605524, 'lag_20': 0.6120223103607326, 'lag_21': 0.05431298336254459, 'lag_22': 0.027839893748974994, 'lag_23': 0.7792630792863507, 'lag_24': 0.976147267132534, 'lag_25': 0.7775895016025489, 'lag_26': 0.5185920984490275, 'lag_27': 0.7133592507281117, 'lag_28': 0.7396566638004864}.
[I 2025-10-03 11:33:56,303] Trial 65 finished with values: [0.013850694444444445, 0.001603037083871571, 0.000556468196451016, 0.0016737974033591626, 0.0003085181619570524, 0.000266584054297207, 0.0018689349908459917, 0.000747919025822763, 0.0008084292196247499, 0.00015177685194102828, 0.0005508255490838674, 0.0011768110545401864, 0.0027949566680211665, 0.005552742954430102, 0.0, 0.11516719563275099, 0.0009365059313650292, 0.01958455601030396, 0.010741426170733523, 0.0019304369573483545, 0.004743513495077128, 0.00372702222524299, 0.004412187462718478, 5.720865522932484e-05, 0.0013419926626391339, 0.0006304961502518411, 0.00047204561559312865, 0.00014990070865900535, 0.0004998305464622527] and parameters: {'lag_0': 0.32490716233483535, 'lag_1': 0.9901202562612759, 'lag_2': 0.8832325309674731, 'lag_3': 0.8719264134007275, 'lag_4': 0.7879519755678058, 'lag_5': 0.19978177794559038, 'lag_6': 0.04338253410721408, 'lag_7': 0.32339238167495205, 'lag_8': 0.5706426852787196, 'lag_9': 0.2538268534362376, 'lag_10': 0.3982570416655003, 'lag_11': 0.38446667065239465, 'lag_12': 0.06899924971479586, 'lag_13': 0.2913033905693119, 'lag_14': 0.16929998303295946, 'lag_15': 0.10388456390615737, 'lag_16': 0.335636184357776, 'lag_17': 0.07927661774507873, 'lag_18': 0.6987604844868368, 'lag_19': 0.43870363878902224, 'lag_20': 0.29889928975739516, 'lag_21': 0.5986907282931796, 'lag_22': 0.7755485468285497, 'lag_23': 0.5393528147461873, 'lag_24': 0.4437160658035126, 'lag_25': 0.7263578266856996, 'lag_26': 0.6196657873681334, 'lag_27': 0.9185956930303498, 'lag_28': 0.6584424880458465}.
[I 2025-10-03 11:33:58,974] Trial 66 finished with values: [0.02311111111111111, 0.002578794911214885, 0.0029503249785628066, 0.0008446014153238111, 0.00027097602473216296, 0.0005302055722715285, 0.0021340146102293367, 5.3885962185147573e-05, 0.00115455648428351, 0.00011094347124498741, 0.001603188218161492, 0.0007846202663181345, 0.0023403623455045047, 0.006805674070100685, 0.0, 0.11867824069235364, 0.0006006959517735773, 0.020229342978000678, 0.010418131120601802, 0.0023950832329691293, 0.005267287736385186, 0.003844320522286661, 0.004833723049692059, 0.00012264604667317364, 0.0012025944070178864, 0.000470976513657907, 0.0009870318286622722, 0.0004924741206230595, 0.00038864885228106783] and parameters: {'lag_0': 0.43567293288035425, 'lag_1': 0.25478866466067435, 'lag_2': 0.2610141115578552, 'lag_3': 0.7809657071788911, 'lag_4': 0.08857940697693496, 'lag_5': 0.08877759467470733, 'lag_6': 0.26319938751701866, 'lag_7': 0.6636386393931349, 'lag_8': 0.7411637017260448, 'lag_9': 0.5901180087927047, 'lag_10': 0.4157214830760448, 'lag_11': 0.6727935630901016, 'lag_12': 0.3900889763477243, 'lag_13': 0.3599969573445567, 'lag_14': 0.8558024573806696, 'lag_15': 0.15855563443668647, 'lag_16': 0.5785273504898383, 'lag_17': 0.37090908902183467, 'lag_18': 0.8943493084541666, 'lag_19': 0.17630920316219673, 'lag_20': 0.30144392652860774, 'lag_21': 0.3151154210147272, 'lag_22': 0.6957066639059267, 'lag_23': 0.6453626316077544, 'lag_24': 0.47274835603058035, 'lag_25': 0.9114254422728532, 'lag_26': 0.27244725264363784, 'lag_27': 0.6140057268120123, 'lag_28': 0.09506323962024817}.
[I 2025-10-03 11:34:01,648] Trial 67 finished with values: [0.012075617283950617, 0.0013169249325766783, 0.0008104926005813518, 0.0010340565432077412, 0.0008868836264124899, 0.0001817820462779157, 0.0010278356266112472, 0.0005335477271858466, 0.0003078587784849556, 0.0007586514098958353, 0.000555536389553589, 0.0004385782257248752, 0.002900074968719593, 0.003803917366700499, 0.0, 0.11079064081969907, 0.0004900839302204745, 0.019700374823518677, 0.010897155017823321, 0.0023611801036329703, 0.004391552993380317, 0.004305059270901279, 0.0038930119462789363, 4.285736337447778e-05, 0.0011515615179272054, 0.0008761269227949873, 0.0007574165783805633, 0.0003165555767745884, 0.0002573730214743827] and parameters: {'lag_0': 0.7359618782470776, 'lag_1': 0.5243013680375586, 'lag_2': 0.193253605208848, 'lag_3': 0.6745921635883542, 'lag_4': 0.902525607021251, 'lag_5': 0.719511103563822, 'lag_6': 0.0569401288062488, 'lag_7': 0.6025955291268056, 'lag_8': 0.580576076294237, 'lag_9': 0.9446250431709156, 'lag_10': 0.4989797345106625, 'lag_11': 0.7236630251784194, 'lag_12': 0.7879289206082163, 'lag_13': 0.16769970623730926, 'lag_14': 0.7598195665304667, 'lag_15': 0.3038754271516831, 'lag_16': 0.48630331190753795, 'lag_17': 0.5261068459760699, 'lag_18': 0.29342123961811717, 'lag_19': 0.7974344420704972, 'lag_20': 0.9647972109356547, 'lag_21': 0.29161002011854176, 'lag_22': 0.553475773856697, 'lag_23': 0.9811546769947281, 'lag_24': 0.3748769745939693, 'lag_25': 0.7902652049295037, 'lag_26': 0.33279445129954516, 'lag_27': 0.028060780045322763, 'lag_28': 0.9418321246796008}.
[I 2025-10-03 11:34:04,310] Trial 68 finished with values: [0.018402777777777775, 0.0017680079978770289, 0.001675988258409957, 0.0005478314043920239, 0.0003383742171970233, 0.0007967249777220614, 0.0011225807344817193, 0.0003945088718800371, 0.0003081463564550994, 0.0007587198565407388, 0.00112115468118951, 0.0008778265917821516, 0.0016298375103764053, 0.005906697891376532, 0.0, 0.10125897147840364, 0.00045979080298147056, 0.018884885601256236, 0.009983294531778817, 0.001970356729150162, 0.003720857601888421, 0.003769819960176113, 0.004142612036404178, 7.251203019251583e-05, 0.0008075627024468641, 0.0005564186110897047, 0.0003927929441102667, 0.0003698097007683436, 0.000737062480762849] and parameters: {'lag_0': 0.6682449911792682, 'lag_1': 0.5553264600242337, 'lag_2': 0.6996627665313075, 'lag_3': 0.8642087410344417, 'lag_4': 0.3567543225336315, 'lag_5': 0.8758793641057295, 'lag_6': 0.8820227107001263, 'lag_7': 0.6137635538632905, 'lag_8': 0.5700188367146256, 'lag_9': 0.40276340176609854, 'lag_10': 0.7485014402613477, 'lag_11': 0.7285220530449492, 'lag_12': 0.6893984902356278, 'lag_13': 0.13571003241378207, 'lag_14': 0.629077655766644, 'lag_15': 0.9234818512546208, 'lag_16': 0.3802494243887143, 'lag_17': 0.7713138700673957, 'lag_18': 0.7045733300442174, 'lag_19': 0.3893736945783832, 'lag_20': 0.7203725231656953, 'lag_21': 0.03980948440876931, 'lag_22': 0.6552255227625288, 'lag_23': 0.9114807146927725, 'lag_24': 0.7620294326205125, 'lag_25': 0.24114962017807903, 'lag_26': 0.6623974614865037, 'lag_27': 0.6157408490282297, 'lag_28': 0.6028455896130056}.
[I 2025-10-03 11:34:06,969] Trial 69 finished with values: [0.02244444444444444, 0.0033099902671683626, 0.0009738735607878995, 0.0015178059082658604, 0.0008393130508589225, 0.0007037419264260741, 0.0017277952822839875, 0.0004723256407705989, 0.00136111541013851, 2.7874573119300703e-05, 0.0008671610772899803, 0.0009367662772624333, 0.002052371915547058, 0.003957600525630019, 0.0, 0.11099262640987806, 0.000766237238772161, 0.019560649072171966, 0.010423310321025375, 0.0021569565996907786, 0.004277956595655196, 0.003353604202510219, 0.00490303124656366, 4.2927410054569744e-05, 0.0012760790506350466, 0.0007488139752048309, 0.0004054385570342701, 0.0005423756138850032, 0.0005238176582842185] and parameters: {'lag_0': 0.6158357981458435, 'lag_1': 0.7725913053133019, 'lag_2': 0.5245951590514855, 'lag_3': 0.9447756123250678, 'lag_4': 0.4762719989119807, 'lag_5': 0.9770173771303301, 'lag_6': 0.42397469517628034, 'lag_7': 0.2112242192553675, 'lag_8': 0.6649536250260439, 'lag_9': 0.5845942061441991, 'lag_10': 0.36290934443640643, 'lag_11': 0.9461130776139404, 'lag_12': 0.5858002918652995, 'lag_13': 0.49470253219159793, 'lag_14': 0.4836688929738719, 'lag_15': 0.17752792224173808, 'lag_16': 0.9817844208709883, 'lag_17': 0.2896328818247658, 'lag_18': 0.813144856068471, 'lag_19': 0.8961283724073914, 'lag_20': 0.792051405366224, 'lag_21': 0.5805765011456696, 'lag_22': 0.6762752558790498, 'lag_23': 0.2531949838704971, 'lag_24': 0.5944661812677797, 'lag_25': 0.7898917330070104, 'lag_26': 0.3505865582191421, 'lag_27': 0.5351548807571949, 'lag_28': 0.07048923259856729}.
[I 2025-10-03 11:34:09,631] Trial 70 finished with values: [0.01701388888888889, 0.001853995949606205, 0.0013127949406751376, 0.00038332146817582704, 0.0010097704519225002, 0.0002764757715272259, 0.0010266077737075565, 0.0011664242710732746, 0.0013469610584993159, 0.0001531396634629377, 0.0005021288926842519, 0.0006150224129958311, 0.0030040603988582683, 0.004931537577939052, 0.0, 0.11535536385073275, 0.0008126145101144623, 0.02081212766077557, 0.01109532960199459, 0.0022862465496383015, 0.004051520401271596, 0.0038856429173882443, 0.004118860927175772, 7.633266414249354e-05, 0.0014161591938381922, 0.0005202226512193421, 0.0008223393167502065, 0.0001911551493344808, 0.0005122514552495722] and parameters: {'lag_0': 0.3285116408896634, 'lag_1': 0.5193529310926336, 'lag_2': 0.7285241072992537, 'lag_3': 0.5147839633527744, 'lag_4': 0.17732371379400014, 'lag_5': 0.04660191917176843, 'lag_6': 0.3747868383724699, 'lag_7': 0.2932293896072111, 'lag_8': 0.4300178352143161, 'lag_9': 0.37098234686135956, 'lag_10': 0.8769634417756089, 'lag_11': 0.30028527017018947, 'lag_12': 0.684182862064203, 'lag_13': 0.7536305954007071, 'lag_14': 0.7280343005506531, 'lag_15': 0.1539967726782828, 'lag_16': 0.5588149124224191, 'lag_17': 0.5348629164495515, 'lag_18': 0.8510771211123914, 'lag_19': 0.04739096001067315, 'lag_20': 0.7520612229722833, 'lag_21': 0.6747975090450491, 'lag_22': 0.297299469880074, 'lag_23': 0.9708193452206808, 'lag_24': 0.9096199921269217, 'lag_25': 0.07995106040937984, 'lag_26': 0.4803215495962277, 'lag_27': 0.73387188974688, 'lag_28': 0.805403263160053}.
[I 2025-10-03 11:34:12,298] Trial 71 finished with values: [0.02777777777777778, 0.006821890661383614, 0.0023058842617631153, 0.0002653440686601441, 0.0002795907266550897, 0.00031481494572351535, 0.0009590126334672565, 0.0006488664312681196, 0.001112771038612069, 0.00043867700967111374, 0.0009547335456279507, 0.0008824117106161957, 0.0024098999157685366, 0.005726283988056093, 0.0, 0.11686992512902657, 0.0008068391747042367, 0.018705528109144602, 0.010869528381446772, 0.0024953531202577314, 0.004695297631490485, 0.0035850504604676195, 0.004153205008693937, 0.00012228667400386697, 0.001401971660129614, 0.0007729027863150666, 0.0005219934709130697, 0.00014892158079186625, 0.00014701000358017488] and parameters: {'lag_0': 0.6179152025265694, 'lag_1': 0.10048359478680999, 'lag_2': 0.22752400485741936, 'lag_3': 0.17231063822381018, 'lag_4': 0.33756769388086044, 'lag_5': 0.8151045455133414, 'lag_6': 0.23526642093263367, 'lag_7': 0.27460362569186886, 'lag_8': 0.9958255451990994, 'lag_9': 0.39835986835886183, 'lag_10': 0.01993890018207961, 'lag_11': 0.6982750301085693, 'lag_12': 0.28170836589810344, 'lag_13': 0.6170326090136409, 'lag_14': 0.8828155898223071, 'lag_15': 0.018194176898501054, 'lag_16': 0.5700297685394804, 'lag_17': 0.5841303596818254, 'lag_18': 0.3237317053997658, 'lag_19': 0.8555139747610935, 'lag_20': 0.38639664362658627, 'lag_21': 0.9615815507436948, 'lag_22': 0.15381803585489134, 'lag_23': 0.7673341577544845, 'lag_24': 0.8993060737974551, 'lag_25': 0.7747097812684458, 'lag_26': 0.00687516240014012, 'lag_27': 0.7881978470164348, 'lag_28': 0.11235269305270466}.
[I 2025-10-03 11:34:14,968] Trial 72 finished with values: [0.02777777777777778, 0.0018567714564945374, 0.0009774819255207942, 0.0021142889590099203, 0.0002845504570787272, 0.00032958592786296785, 0.0009143213499419577, 0.00043573454952736704, 0.0007693098992326774, 0.0002821136177171855, 0.0010647093772888252, 0.0010835607215590893, 0.0016286750289452104, 0.004701992044886192, 0.0, 0.11308086813974176, 0.0010050548701539517, 0.01942012293125416, 0.010481133349698791, 0.0019791763893225837, 0.004937482748265982, 0.004090217984722325, 0.005048895456708007, 0.0001516749927873015, 0.001108978481670938, 0.0003990985862950996, 0.0006363177628532589, 0.0002621111352622329, 0.00021651437020600103] and parameters: {'lag_0': 0.3471881027413628, 'lag_1': 0.4740213733515872, 'lag_2': 0.3690595907091563, 'lag_3': 0.6688135691422475, 'lag_4': 0.4146775543560326, 'lag_5': 0.5292649871359527, 'lag_6': 0.5066506211474946, 'lag_7': 0.46159728113693177, 'lag_8': 0.47999455909673217, 'lag_9': 0.03874594053156724, 'lag_10': 0.011764577177604506, 'lag_11': 0.759738735358779, 'lag_12': 0.49982341999762253, 'lag_13': 0.8027949799694415, 'lag_14': 0.7095753149254335, 'lag_15': 0.7427874492518001, 'lag_16': 0.9406003796794059, 'lag_17': 0.1080429436820991, 'lag_18': 0.46145378321842334, 'lag_19': 0.6023767800408584, 'lag_20': 0.4117184518940543, 'lag_21': 0.7997130294762943, 'lag_22': 0.26427454836463604, 'lag_23': 0.47004049579204715, 'lag_24': 0.6546187307516521, 'lag_25': 0.5909986038321681, 'lag_26': 0.5264551076352638, 'lag_27': 0.9042021640007009, 'lag_28': 0.9111111262179328}.
[I 2025-10-03 11:34:17,628] Trial 73 finished with values: [0.015556689342403628, 0.0021874506078097627, 0.0009756139134748547, 0.00100152889438196, 0.0014982819820583751, 0.00013571938298745966, 0.0011240527306042383, 0.00022560641121588176, 0.0003931330794946303, 0.00022035376917284402, 0.0010606944599238347, 0.0010326829651895646, 0.0018571640307752612, 0.004744472979617683, 0.0, 0.11515046998173288, 0.0014342526438330247, 0.020005479525040136, 0.009667586671470746, 0.0020689913206399994, 0.004299257458345475, 0.002953227260077602, 0.003817102834757815, 0.0001626588472958185, 0.0013812645578389904, 0.0005568758569022829, 0.0005184562416123448, 0.00017851634287603416, 0.0005294237736979753] and parameters: {'lag_0': 0.18387280699506608, 'lag_1': 0.4944501357460538, 'lag_2': 0.6861933355321624, 'lag_3': 0.03294679490700355, 'lag_4': 0.4154552061031483, 'lag_5': 0.5919017283972643, 'lag_6': 0.26026524934749534, 'lag_7': 0.2932293896072111, 'lag_8': 0.6979784952612827, 'lag_9': 0.13288167641621976, 'lag_10': 0.8934948323360227, 'lag_11': 0.297422555650784, 'lag_12': 0.6107561895676324, 'lag_13': 0.20420420969227263, 'lag_14': 0.7280343005506531, 'lag_15': 0.13245430344943993, 'lag_16': 0.9927037540680349, 'lag_17': 0.8753226806263898, 'lag_18': 0.8510771211123914, 'lag_19': 0.8549354009404183, 'lag_20': 0.4898001249926335, 'lag_21': 0.5650750287017027, 'lag_22': 0.297299469880074, 'lag_23': 0.9708193452206808, 'lag_24': 0.14058527994496406, 'lag_25': 0.39043968980156474, 'lag_26': 0.5752926178339808, 'lag_27': 0.7297006892232653, 'lag_28': 0.24552407272639526}.
[I 2025-10-03 11:34:20,288] Trial 74 finished with values: [0.02361111111111111, 0.005178461639389962, 0.000694504687899949, 0.0005805834819881296, 0.0004488010204081634, 0.0010443710368293103, 0.0024453663267570815, 0.0004825806919215225, 0.0007711067933510657, 0.0006405232291996608, 0.0013187646637915194, 0.000717148301364313, 0.0010083746821755552, 0.00580333094141, 0.0, 0.11563149985052015, 0.000518286302337234, 0.021636604480750787, 0.010085711186586332, 0.0023094239506704656, 0.004829503361472091, 0.004082568178116834, 0.004669970824050823, 8.276318523915669e-05, 0.001312203988083507, 0.0010430834627056934, 0.000536210424615508, 0.000642462522919391, 0.0006207358720113171] and parameters: {'lag_0': 0.2842781277485033, 'lag_1': 0.8630842641866908, 'lag_2': 0.9245055432468869, 'lag_3': 0.5916538120560529, 'lag_4': 0.7879519755678058, 'lag_5': 0.5284560135594836, 'lag_6': 0.04338253410721408, 'lag_7': 0.4621140405644178, 'lag_8': 0.9777326641924684, 'lag_9': 0.6235266616694144, 'lag_10': 0.8018339139168699, 'lag_11': 0.26214632353211004, 'lag_12': 0.06899924971479586, 'lag_13': 0.42185376103866723, 'lag_14': 0.20346834738683686, 'lag_15': 0.10388456390615737, 'lag_16': 0.335636184357776, 'lag_17': 0.6903709482051487, 'lag_18': 0.6187227399860389, 'lag_19': 0.7827730162865973, 'lag_20': 0.15884976666737274, 'lag_21': 0.40037141587042374, 'lag_22': 0.6828657950981698, 'lag_23': 0.3593052888603482, 'lag_24': 0.4437160658035126, 'lag_25': 0.13695156271657613, 'lag_26': 0.667759603832091, 'lag_27': 0.9185956930303498, 'lag_28': 0.8084316380879314}.
[I 2025-10-03 11:34:22,955] Trial 75 finished with values: [0.02089002267573696, 0.0030820999359456704, 0.0010706466527467995, 0.0003683824934722562, 0.00017187235937847823, 0.0009276522509128925, 0.0019860731231543206, 0.0005304057349761907, 0.0008362606398461261, 0.0002782798892480774, 0.0009192159487058062, 0.0007212861868571605, 0.0024601129659890635, 0.005553261044290035, 0.0, 0.10600492420019991, 0.0008154895934420146, 0.01874781673008005, 0.010061055886122883, 0.0022008276451312915, 0.003958561129317625, 0.0032951394169597205, 0.004429730435128338, 7.510200915309087e-05, 0.0011544519183398748, 0.0004954119101471166, 0.00042066800406781224, 0.0002187647625786349, 0.0006097957184373508] and parameters: {'lag_0': 0.06963871280688201, 'lag_1': 0.809549023221819, 'lag_2': 0.9245055432468869, 'lag_3': 0.5916538120560529, 'lag_4': 0.15541942399799236, 'lag_5': 0.5284560135594836, 'lag_6': 0.3718136222017302, 'lag_7': 0.11099831006956533, 'lag_8': 0.9335716125444794, 'lag_9': 0.6235266616694144, 'lag_10': 0.5884045026710303, 'lag_11': 0.26214632353211004, 'lag_12': 0.8353034703663048, 'lag_13': 0.32850104962280663, 'lag_14': 0.5191918298973266, 'lag_15': 0.7391195495615517, 'lag_16': 0.9809358270397397, 'lag_17': 0.7181851775906518, 'lag_18': 0.22671557466481715, 'lag_19': 0.013065525721638296, 'lag_20': 0.15884976666737274, 'lag_21': 0.9957882378811799, 'lag_22': 0.6828657950981698, 'lag_23': 0.3593052888603482, 'lag_24': 0.267470045996197, 'lag_25': 0.17549522583313779, 'lag_26': 0.6835337138208327, 'lag_27': 0.6337835732442831, 'lag_28': 0.6164153000263787}.
[I 2025-10-03 11:34:25,619] Trial 76 finished with values: [0.022839506172839506, 0.0007658818243605993, 0.000691248708869721, 0.0018047257172833706, 0.0006525490364509487, 0.00034783457953202316, 0.002077680936018017, 0.0003747565154225347, 0.0006295665946726423, 0.0007283538981435501, 0.0008578606998004893, 0.0011900627328788743, 0.0026449381679637305, 0.005082121465538233, 0.0, 0.11065923654538094, 0.0006649799498957569, 0.020062063811961524, 0.00929455737618225, 0.0021988054074304196, 0.004312921031516417, 0.0035387444103041643, 0.004473200501749689, 6.338566768029807e-05, 0.0011061349529219945, 0.0006593204871493289, 0.0009476656695071993, 0.0005600735759549695, 0.00048552094439644774] and parameters: {'lag_0': 0.07254033985369296, 'lag_1': 0.6164800078247715, 'lag_2': 0.5978853370316375, 'lag_3': 0.3193465808821153, 'lag_4': 0.814449777874348, 'lag_5': 0.9163314956884634, 'lag_6': 0.6906175671617446, 'lag_7': 0.3469399970758495, 'lag_8': 0.44684298966640484, 'lag_9': 0.48453812131678475, 'lag_10': 0.9333878510806458, 'lag_11': 0.017037536084134407, 'lag_12': 0.6583142846818806, 'lag_13': 0.2055548003809908, 'lag_14': 0.4602564162946733, 'lag_15': 0.14562656471440683, 'lag_16': 0.40360425389455906, 'lag_17': 0.459389290826024, 'lag_18': 0.015433590907983508, 'lag_19': 0.5805126447643668, 'lag_20': 0.695219838134791, 'lag_21': 0.8965737136286634, 'lag_22': 0.135854989069779, 'lag_23': 0.40276944488289723, 'lag_24': 0.6035637780285017, 'lag_25': 0.3252008706309999, 'lag_26': 0.9683723217218149, 'lag_27': 0.7399245072154443, 'lag_28': 0.28060989715765067}.
