[I 2025-09-29 11:56:00,071] Trial 3 finished with value: 0.008624254981655779 and parameters: {'lag_0': 0.2221248605975719, 'lag_1': 0.6568581598144199, 'lag_2': 0.5132901722687495, 'lag_3': 0.31984003842698683, 'lag_4': 0.32517731887623974, 'lag_5': 0.45646143612873935, 'lag_6': 0.4561746208277021, 'lag_7': 0.532278307348629, 'lag_8': 0.018665090921710623, 'lag_9': 0.32830365143621854, 'lag_10': 0.5410114895840009, 'lag_11': 0.9863044925848985, 'lag_12': 0.7278220630595383, 'lag_13': 0.26060237397401015, 'lag_14': 0.6956908438187565, 'lag_15': 0.7458021107043219, 'lag_16': 0.03823006727609858, 'lag_17': 0.744528932529252, 'lag_18': 0.7226409573218131, 'lag_19': 0.10392840322682814, 'lag_20': 0.08955487368215462, 'lag_21': 0.8258522417070951, 'lag_22': 0.8108960615690404, 'lag_23': 0.7279521587116128, 'lag_24': 0.0114605719846084, 'lag_25': 0.4468237422095964, 'lag_26': 0.9793496759648203, 'lag_27': 0.5932042443622744, 'lag_28': 0.11822734053247036}. Best is trial 0 with value: 0.008398130753384152.
[I 2025-09-29 11:56:02,515] Trial 4 finished with value: 0.008756690155183468 and parameters: {'lag_0': 0.813304169376657, 'lag_1': 0.3174732038838914, 'lag_2': 0.15781554555013913, 'lag_3': 0.5340729319098158, 'lag_4': 0.8557182489029183, 'lag_5': 0.8428832007109879, 'lag_6': 0.7222906120588567, 'lag_7': 0.5245638364858779, 'lag_8': 0.5982412752627062, 'lag_9': 0.18428175324001023, 'lag_10': 0.49428697505764074, 'lag_11': 0.6848942664501462, 'lag_12': 0.8134670783374846, 'lag_13': 0.16234263617024927, 'lag_14': 0.1669289853608634, 'lag_15': 0.03761709888927479, 'lag_16': 0.8866237398874328, 'lag_17': 0.5432940403021931, 'lag_18': 0.8901835721929514, 'lag_19': 0.887314649557003, 'lag_20': 0.7509718148258658, 'lag_21': 0.16015107377303228, 'lag_22': 0.7218628771445884, 'lag_23': 0.5082294473029316, 'lag_24': 0.95909748413224, 'lag_25': 0.9329201884384082, 'lag_26': 0.6777920519849526, 'lag_27': 0.17442280564382948, 'lag_28': 0.4906634341702189}. Best is trial 0 with value: 0.008398130753384152.
[I 2025-09-29 11:56:04,831] Trial 5 finished with value: 0.008538291988081492 and parameters: {'lag_0': 0.6171562197348431, 'lag_1': 0.9421376985445008, 'lag_2': 0.30584003060139076, 'lag_3': 0.8918553526962871, 'lag_4': 0.7531863073682026, 'lag_5': 0.5487465723673469, 'lag_6': 0.5866846419546585, 'lag_7': 0.6907937595484265, 'lag_8': 0.1442220362971003, 'lag_9': 0.8049871123539788, 'lag_10': 0.9735594822560136, 'lag_11': 0.5578787002202017, 'lag_12': 0.8059684268141181, 'lag_13': 0.9858888860629226, 'lag_14': 0.6080394770356112, 'lag_15': 0.8337316584670097, 'lag_16': 0.04202581526600773, 'lag_17': 0.8456573443767411, 'lag_18': 0.6574425765811964, 'lag_19': 0.23242277574180803, 'lag_20': 0.7392515568359583, 'lag_21': 0.7618896989580107, 'lag_22': 0.2659104920633975, 'lag_23': 0.3971736537839572, 'lag_24': 0.49441286961724545, 'lag_25': 0.6235137613510455, 'lag_26': 0.6918477367277162, 'lag_27': 0.42880323591955744, 'lag_28': 0.3167664754817065}. Best is trial 0 with value: 0.008398130753384152.
[I 2025-09-29 11:56:07,143] Trial 6 finished with value: 0.008432412937369533 and parameters: {'lag_0': 0.1968078609883524, 'lag_1': 0.02358598994681587, 'lag_2': 0.9614810698451254, 'lag_3': 0.8699816750251361, 'lag_4': 0.34088423169639775, 'lag_5': 0.20765179885333515, 'lag_6': 0.2342006532841243, 'lag_7': 0.0651860532328897, 'lag_8': 0.6392607491830309, 'lag_9': 0.9015721010800873, 'lag_10': 0.329066163661113, 'lag_11': 0.5590980683000034, 'lag_12': 0.6598762223392883, 'lag_13': 0.20088436534887952, 'lag_14': 0.9885419064707334, 'lag_15': 0.03798710581518712, 'lag_16': 0.23944154943346413, 'lag_17': 0.3920653901533647, 'lag_18': 0.5355205304495773, 'lag_19': 0.47124632051322235, 'lag_20': 0.7131543985832353, 'lag_21': 0.05153965683273122, 'lag_22': 0.5442064509309977, 'lag_23': 0.42839147248569415, 'lag_24': 0.8566852058144231, 'lag_25': 0.8917647257993656, 'lag_26': 0.8251067239716988, 'lag_27': 0.39470172904218603, 'lag_28': 0.4538758420330246}. Best is trial 0 with value: 0.008398130753384152.
[I 2025-09-29 11:56:09,455] Trial 7 finished with value: 0.008470018696518053 and parameters: {'lag_0': 0.9547916649679165, 'lag_1': 0.952979221210604, 'lag_2': 0.8248984054685871, 'lag_3': 0.653116015554949, 'lag_4': 0.0051018569183496525, 'lag_5': 0.600345176045199, 'lag_6': 0.22421307649182343, 'lag_7': 0.3511630083528872, 'lag_8': 0.7313937919898092, 'lag_9': 0.6433251742168247, 'lag_10': 0.9827593242362254, 'lag_11': 0.8507668105701804, 'lag_12': 0.31170030391370307, 'lag_13': 0.8134503527685315, 'lag_14': 0.9427385517073629, 'lag_15': 0.03432932253568714, 'lag_16': 0.7143387342240559, 'lag_17': 0.3629452228638487, 'lag_18': 0.19007654003149202, 'lag_19': 0.3936471533505039, 'lag_20': 0.2672781047929047, 'lag_21': 0.1242344639046066, 'lag_22': 0.9013898064041437, 'lag_23': 0.7140645391325141, 'lag_24': 0.4628332582333239, 'lag_25': 0.27460051747893355, 'lag_26': 0.7696241465865334, 'lag_27': 0.7295559192889071, 'lag_28': 0.050329171767870905}. Best is trial 0 with value: 0.008398130753384152.
[I 2025-09-29 11:56:11,768] Trial 8 finished with value: 0.008500742771530938 and parameters: {'lag_0': 0.8570151835653831, 'lag_1': 0.6885569919812126, 'lag_2': 0.6846533025907608, 'lag_3': 0.3476432141760149, 'lag_4': 0.5474965778922282, 'lag_5': 0.027384188508798753, 'lag_6': 0.13345661165043562, 'lag_7': 0.06052972689055367, 'lag_8': 0.8820184681337164, 'lag_9': 0.7054071303071554, 'lag_10': 0.2973242780165346, 'lag_11': 0.8792739140176195, 'lag_12': 0.14282312748003567, 'lag_13': 0.10323804799101678, 'lag_14': 0.13133208407120858, 'lag_15': 0.24260224760409743, 'lag_16': 0.9322028869910804, 'lag_17': 0.7481173890842464, 'lag_18': 0.5162928817295569, 'lag_19': 0.6516661497499513, 'lag_20': 0.4110725752912019, 'lag_21': 0.65558722724244, 'lag_22': 0.17946853245195568, 'lag_23': 0.9406979277635148, 'lag_24': 0.677750528770675, 'lag_25': 0.16839026651852207, 'lag_26': 0.20293975262847155, 'lag_27': 0.7628850151210791, 'lag_28': 0.6081157596399723}. Best is trial 0 with value: 0.008398130753384152.
[I 2025-09-29 11:56:14,072] Trial 9 finished with value: 0.00847532970371723 and parameters: {'lag_0': 0.43779577736302183, 'lag_1': 0.5625715474574752, 'lag_2': 0.655889775733021, 'lag_3': 0.33130769030691964, 'lag_4': 0.502747768456156, 'lag_5': 0.08087113620523609, 'lag_6': 0.6521750165894911, 'lag_7': 0.5023621148406275, 'lag_8': 0.2478124214886753, 'lag_9': 0.7803410104393746, 'lag_10': 0.9224651791825647, 'lag_11': 0.17189415303431027, 'lag_12': 0.614879457963227, 'lag_13': 0.015612052423095754, 'lag_14': 0.4394324260076751, 'lag_15': 0.564753439618658, 'lag_16': 0.6884741215081408, 'lag_17': 0.1351986719695721, 'lag_18': 0.190881652972028, 'lag_19': 0.1851480121451631, 'lag_20': 0.004299012281982263, 'lag_21': 0.2278183622311048, 'lag_22': 0.9904188825401257, 'lag_23': 0.873073000003618, 'lag_24': 0.16004547194849048, 'lag_25': 0.5178188278224067, 'lag_26': 0.02577236445351271, 'lag_27': 0.6862092276478734, 'lag_28': 0.06291212382208439}. Best is trial 0 with value: 0.008398130753384152.
[I 2025-09-29 11:56:16,430] Trial 10 finished with value: 0.008523617759598916 and parameters: {'lag_0': 0.005260393635386329, 'lag_1': 0.22226576826638222, 'lag_2': 0.0003571170685399694, 'lag_3': 0.9884747278950842, 'lag_4': 0.014806627032636063, 'lag_5': 0.8852842517166544, 'lag_6': 0.9047291721676924, 'lag_7': 0.9908768861683808, 'lag_8': 0.41915327671218244, 'lag_9': 0.4197551324717121, 'lag_10': 0.013864138572106999, 'lag_11': 0.012846535406929649, 'lag_12': 0.44867869172537217, 'lag_13': 0.4543141282591033, 'lag_14': 0.378467282426082, 'lag_15': 0.37704296059188946, 'lag_16': 0.40723292296455743, 'lag_17': 0.9444413454009164, 'lag_18': 0.36545027055710755, 'lag_19': 0.025522046688551125, 'lag_20': 0.9883208117744773, 'lag_21': 0.40553984732087855, 'lag_22': 0.657981302318994, 'lag_23': 0.06176097976158729, 'lag_24': 0.3380776952870573, 'lag_25': 0.05724538316862238, 'lag_26': 0.34802797262761875, 'lag_27': 0.01291435401023544, 'lag_28': 0.7543611449120272}. Best is trial 0 with value: 0.008398130753384152.
[I 2025-09-29 11:56:18,791] Trial 11 finished with value: 0.008572864745205433 and parameters: {'lag_0': 0.3382511568016865, 'lag_1': 0.0003918467150160754, 'lag_2': 0.41164918153277896, 'lag_3': 0.7695980176443513, 'lag_4': 0.1772221701647379, 'lag_5': 0.23935995129582197, 'lag_6': 0.10872423117084756, 'lag_7': 0.1230016119097978, 'lag_8': 0.5835263984057378, 'lag_9': 0.9270813287432477, 'lag_10': 0.7568672304849291, 'lag_11': 0.37814256067956764, 'lag_12': 0.5358393210427574, 'lag_13': 0.46231938245525483, 'lag_14': 0.9531357329647985, 'lag_15': 0.4180825969291262, 'lag_16': 0.24330069261856133, 'lag_17': 0.5502510178763815, 'lag_18': 0.33744038727644, 'lag_19': 0.6071307933840557, 'lag_20': 0.9643238498701534, 'lag_21': 0.011267515145591434, 'lag_22': 0.5184931116126118, 'lag_23': 0.3651083400456451, 'lag_24': 0.9344140784326296, 'lag_25': 0.9946751150278005, 'lag_26': 0.22960114421879763, 'lag_27': 0.2799455516043692, 'lag_28': 0.40213563165300115}. Best is trial 0 with value: 0.008398130753384152.
[I 2025-09-29 11:56:21,151] Trial 12 finished with value: 0.00853700058900639 and parameters: {'lag_0': 0.136940232851413, 'lag_1': 0.36280409181014633, 'lag_2': 0.5178545014891064, 'lag_3': 0.777790662278426, 'lag_4': 0.20210813067779965, 'lag_5': 0.2014856886977775, 'lag_6': 0.28434686141085525, 'lag_7': 0.8092291576075095, 'lag_8': 0.7235901311111825, 'lag_9': 0.5430133824840104, 'lag_10': 0.27876235092115587, 'lag_11': 0.672749498528168, 'lag_12': 0.9751313161131145, 'lag_13': 0.2887754381761316, 'lag_14': 0.7803892657690222, 'lag_15': 0.9780262475941077, 'lag_16': 0.2193187734850605, 'lag_17': 0.43870563226860776, 'lag_18': 0.4060472601707613, 'lag_19': 0.49226321915092025, 'lag_20': 0.4953272907511001, 'lag_21': 0.3807654647825946, 'lag_22': 0.5173059793330248, 'lag_23': 0.2636252598997423, 'lag_24': 0.819980061751665, 'lag_25': 0.7845730833065858, 'lag_26': 0.5232996423123786, 'lag_27': 0.8993221269055708, 'lag_28': 0.6744142429663266}. Best is trial 0 with value: 0.008398130753384152.
[I 2025-09-29 11:56:23,504] Trial 13 finished with value: 0.00837058582421548 and parameters: {'lag_0': 0.32392599564578395, 'lag_1': 0.7924344861306652, 'lag_2': 0.74902920252176, 'lag_3': 0.9609828588037919, 'lag_4': 0.6718816871943858, 'lag_5': 0.27450922642838615, 'lag_6': 0.028082929435481963, 'lag_7': 0.268087740401449, 'lag_8': 0.4263247456030539, 'lag_9': 0.23373234843372648, 'lag_10': 0.6843474304310113, 'lag_11': 0.36139885073903594, 'lag_12': 0.6392948318228044, 'lag_13': 0.021653643517126814, 'lag_14': 0.5369673503220167, 'lag_15': 0.20014968154510215, 'lag_16': 0.485205437106761, 'lag_17': 0.6594683170415565, 'lag_18': 0.051833739465830364, 'lag_19': 0.7922256928490414, 'lag_20': 0.8356053248698192, 'lag_21': 0.0018734785911408217, 'lag_22': 0.6500600330740145, 'lag_23': 0.6573498905111004, 'lag_24': 0.8248608847927844, 'lag_25': 0.0013722056774855274, 'lag_26': 0.12638879972173672, 'lag_27': 0.23048855795550632, 'lag_28': 0.2986176251798662}. Best is trial 13 with value: 0.00837058582421548.
[I 2025-09-29 11:56:25,857] Trial 14 finished with value: 0.008426802956076557 and parameters: {'lag_0': 0.4501662763762466, 'lag_1': 0.8053378400118628, 'lag_2': 0.6380457702594782, 'lag_3': 0.0006123029289197834, 'lag_4': 0.6660649822644598, 'lag_5': 0.3148645748385286, 'lag_6': 0.01072655884801299, 'lag_7': 0.3017102815923436, 'lag_8': 0.03506731236026474, 'lag_9': 0.2172640618142767, 'lag_10': 0.7011788623831804, 'lag_11': 0.29566333005619416, 'lag_12': 0.33798957978834854, 'lag_13': 0.039538872795929755, 'lag_14': 0.3396960078213528, 'lag_15': 0.2543183350903038, 'lag_16': 0.5082865193328984, 'lag_17': 0.6646995936752882, 'lag_18': 0.0007927797561897293, 'lag_19': 0.9762196883302907, 'lag_20': 0.8670107152877067, 'lag_21': 0.3060423305277658, 'lag_22': 0.7329562307910883, 'lag_23': 0.7033517393684358, 'lag_24': 0.587893282576053, 'lag_25': 1.1654981936618436e-05, 'lag_26': 0.011024063480578702, 'lag_27': 0.16144301274747497, 'lag_28': 0.2734510129028638}. Best is trial 13 with value: 0.00837058582421548.
[I 2025-09-29 11:56:28,214] Trial 15 finished with value: 0.008405224632355665 and parameters: {'lag_0': 0.3293321016409326, 'lag_1': 0.8040000440650161, 'lag_2': 0.7570224910817119, 'lag_3': 0.9833625405539339, 'lag_4': 0.969003960965078, 'lag_5': 0.7097279247656101, 'lag_6': 0.048985591450691146, 'lag_7': 0.21200448999756744, 'lag_8': 0.22685667789559666, 'lag_9': 0.04752694485485476, 'lag_10': 0.7026528461731472, 'lag_11': 0.2842531081242844, 'lag_12': 0.06441402996724443, 'lag_13': 0.38632163037770706, 'lag_14': 0.5620212064305177, 'lag_15': 0.5495067659199262, 'lag_16': 0.5261592102362076, 'lag_17': 0.6128202504917227, 'lag_18': 0.007040019649699941, 'lag_19': 0.7537937291187242, 'lag_20': 0.8588971685817309, 'lag_21': 0.9694182091262646, 'lag_22': 0.4005507655277207, 'lag_23': 0.666186535165378, 'lag_24': 0.3022201227675432, 'lag_25': 0.24342018951194672, 'lag_26': 0.17779420710207153, 'lag_27': 0.19193398514506133, 'lag_28': 0.23282879539734852}. Best is trial 13 with value: 0.00837058582421548.
[I 2025-09-29 11:56:30,559] Trial 16 finished with value: 0.00841859531709584 and parameters: {'lag_0': 0.5898233549274148, 'lag_1': 0.7948805532862494, 'lag_2': 0.3688054181702721, 'lag_3': 0.6661089814593804, 'lag_4': 0.6432813368608872, 'lag_5': 0.3802060095495864, 'lag_6': 0.5161011371254812, 'lag_7': 0.7322527263485201, 'lag_8': 0.4626148878954709, 'lag_9': 0.24975795820690377, 'lag_10': 0.8243459362044251, 'lag_11': 0.7118790991745132, 'lag_12': 0.46087293924206063, 'lag_13': 0.6412457501945609, 'lag_14': 0.2743537347613633, 'lag_15': 0.2231108435182808, 'lag_16': 0.3867413086396079, 'lag_17': 0.9879048349642474, 'lag_18': 0.1992811841213235, 'lag_19': 0.791291091357832, 'lag_20': 0.574534233232652, 'lag_21': 0.5054076615619947, 'lag_22': 0.6519374060567849, 'lag_23': 0.5701633297447208, 'lag_24': 0.760584252120198, 'lag_25': 0.14653798350983216, 'lag_26': 0.3523889454784223, 'lag_27': 0.051174570489031485, 'lag_28': 0.830833280414484}. Best is trial 13 with value: 0.00837058582421548.
[I 2025-09-29 11:56:32,915] Trial 17 finished with value: 0.008521726854056137 and parameters: {'lag_0': 0.33391355065677325, 'lag_1': 0.4626821451758658, 'lag_2': 0.26120498313088925, 'lag_3': 0.8387147614238962, 'lag_4': 0.7821155702718204, 'lag_5': 0.10677701403147898, 'lag_6': 0.830605800870643, 'lag_7': 0.9318669676397945, 'lag_8': 0.14205652844910654, 'lag_9': 0.4409110109127707, 'lag_10': 0.6126790197882152, 'lag_11': 0.4504905263018029, 'lag_12': 0.7349639064471097, 'lag_13': 0.10855107794801577, 'lag_14': 0.49153386054508297, 'lag_15': 0.41273861588840094, 'lag_16': 0.6768713289662524, 'lag_17': 0.8374331412854018, 'lag_18': 0.9903064077682084, 'lag_19': 0.6342383567861579, 'lag_20': 0.8557536803114408, 'lag_21': 0.2777403383807202, 'lag_22': 0.865789918383112, 'lag_23': 0.8431725923530947, 'lag_24': 0.56424085722785, 'lag_25': 0.3276609134991598, 'lag_26': 0.11385472419450988, 'lag_27': 0.49991930347201174, 'lag_28': 0.5784435994786099}. Best is trial 13 with value: 0.00837058582421548.
[I 2025-09-29 11:56:35,265] Trial 18 finished with value: 0.008382509522262544 and parameters: {'lag_0': 0.5463301942045168, 'lag_1': 0.8860878283722611, 'lag_2': 0.571114586600366, 'lag_3': 0.63468271901662, 'lag_4': 0.6118072308769359, 'lag_5': 0.6631949264952901, 'lag_6': 0.16964917810309718, 'lag_7': 0.6278100791793336, 'lag_8': 0.33622126556080123, 'lag_9': 0.14656196830747176, 'lag_10': 0.4331480119122896, 'lag_11': 0.07804414350322969, 'lag_12': 0.3166713914276235, 'lag_13': 0.01002805151224513, 'lag_14': 0.8048684953260123, 'lag_15': 0.15948820234486888, 'lag_16': 0.12374834717070311, 'lag_17': 0.6836542997921156, 'lag_18': 0.7754805546619767, 'lag_19': 0.3145750334490527, 'lag_20': 0.35347285097604264, 'lag_21': 0.0060875344425734956, 'lag_22': 0.9818688012965605, 'lag_23': 0.6167840579063054, 'lag_24': 0.8686922512219288, 'lag_25': 0.12680286616988107, 'lag_26': 0.31402895708168416, 'lag_27': 0.3428229623175327, 'lag_28': 0.3577598841912949}. Best is trial 13 with value: 0.00837058582421548.
[I 2025-09-29 11:56:37,613] Trial 19 finished with value: 0.008564710104269947 and parameters: {'lag_0': 0.7125102501044619, 'lag_1': 0.9804249894390253, 'lag_2': 0.5740195503992336, 'lag_3': 0.6103558347777767, 'lag_4': 0.6164400154040077, 'lag_5': 0.7399549773630918, 'lag_6': 0.14374297881271864, 'lag_7': 0.2369183967532611, 'lag_8': 0.3708593595203299, 'lag_9': 0.08935699381832274, 'lag_10': 0.19091488840852888, 'lag_11': 0.0029608661098679545, 'lag_12': 0.2524376277740261, 'lag_13': 0.35259282298683614, 'lag_14': 0.8126466615120205, 'lag_15': 0.14843593772994818, 'lag_16': 0.5939552957973006, 'lag_17': 0.6660032176851354, 'lag_18': 0.7639437850902748, 'lag_19': 0.3241127468904585, 'lag_20': 0.30893246368329375, 'lag_21': 0.4796642919414137, 'lag_22': 0.9709355180767022, 'lag_23': 0.6315104567585578, 'lag_24': 0.9974531509978758, 'lag_25': 0.06613978064580454, 'lag_26': 0.3325402765592501, 'lag_27': 0.12264676804325439, 'lag_28': 0.19042369359145483}. Best is trial 13 with value: 0.00837058582421548.
[I 2025-09-29 11:56:39,967] Trial 20 finished with value: 0.00867539422161589 and parameters: {'lag_0': 0.5752349167104857, 'lag_1': 0.8927389627153771, 'lag_2': 0.8318029416158381, 'lag_3': 0.7273118127279048, 'lag_4': 0.9883354807106157, 'lag_5': 0.6423451931828678, 'lag_6': 0.0215743146131106, 'lag_7': 0.40523827204407986, 'lag_8': 0.3151446998026298, 'lag_9': 0.3250257609667909, 'lag_10': 0.6224325863963657, 'lag_11': 0.12613821637278477, 'lag_12': 0.5494910804540891, 'lag_13': 0.5701085344188143, 'lag_14': 0.6660910833350359, 'lag_15': 0.12786635799623453, 'lag_16': 0.11404574130578449, 'lag_17': 0.011981171192041007, 'lag_18': 0.8293406025401514, 'lag_19': 0.747103477819878, 'lag_20': 0.1977191222742287, 'lag_21': 0.0027745417324472675, 'lag_22': 0.3850703726690289, 'lag_23': 0.7878781046233134, 'lag_24': 0.8575245071918413, 'lag_25': 0.34090652770879026, 'lag_26': 0.46012018282482725, 'lag_27': 0.4725591723443535, 'lag_28': 0.36323052182088916}. Best is trial 13 with value: 0.00837058582421548.
[I 2025-09-29 11:56:42,325] Trial 21 finished with value: 0.008422050185920963 and parameters: {'lag_0': 0.5053142841727999, 'lag_1': 0.7049385409581819, 'lag_2': 0.40215414243017766, 'lag_3': 0.9071038326710639, 'lag_4': 0.44622409824612436, 'lag_5': 0.9870062754878555, 'lag_6': 0.29280502010905096, 'lag_7': 0.6438347270875735, 'lag_8': 0.5217095407330742, 'lag_9': 0.13301748769211566, 'lag_10': 0.42118104207765505, 'lag_11': 0.2035987781226205, 'lag_12': 0.403150101526091, 'lag_13': 0.004114041751853154, 'lag_14': 0.826866236350991, 'lag_15': 0.31799659806067293, 'lag_16': 0.115178465891356, 'lag_17': 0.7787962580978203, 'lag_18': 0.6291643958251067, 'lag_19': 0.2939884280186121, 'lag_20': 0.43981274151775646, 'lag_21': 0.09291126905660202, 'lag_22': 0.8108491474144505, 'lag_23': 0.5746222096726186, 'lag_24': 0.7631054840647447, 'lag_25': 0.12380522218112522, 'lag_26': 0.11146492960231913, 'lag_27': 0.28613181002573984, 'lag_28': 0.5451892338322414}. Best is trial 13 with value: 0.00837058582421548.
[I 2025-09-29 11:56:44,678] Trial 22 finished with value: 0.008540015794870914 and parameters: {'lag_0': 0.41158056583757696, 'lag_1': 0.854989423066999, 'lag_2': 0.7471019123655079, 'lag_3': 0.9959965501972974, 'lag_4': 0.5614862491352758, 'lag_5': 0.46705920400886025, 'lag_6': 0.18368193260352397, 'lag_7': 0.8223164740131068, 'lag_8': 0.1622876417818544, 'lag_9': 0.32540264112575473, 'lag_10': 0.7626254382575706, 'lag_11': 0.38116924415419023, 'lag_12': 0.21500032856078033, 'lag_13': 0.11760477965324037, 'lag_14': 0.5185902258740365, 'lag_15': 0.4969173364305169, 'lag_16': 0.3655524642972409, 'lag_17': 0.6693343572664606, 'lag_18': 0.43083220813856166, 'lag_19': 0.4201372755242001, 'lag_20': 0.601413876019457, 'lag_21': 0.09929365386139376, 'lag_22': 0.892972569408741, 'lag_23': 0.3052793705314275, 'lag_24': 0.884690615784563, 'lag_25': 0.18369592168491777, 'lag_26': 0.2667355373499331, 'lag_27': 0.28631770030230813, 'lag_28': 0.4441999308912914}. Best is trial 13 with value: 0.00837058582421548.
[I 2025-09-29 11:56:47,023] Trial 23 finished with value: 0.0084983631709649 and parameters: {'lag_0': 0.5191982699929464, 'lag_1': 0.7419257017168664, 'lag_2': 0.5014240467001677, 'lag_3': 0.8065903868388405, 'lag_4': 0.7153494875831549, 'lag_5': 0.3329673299078738, 'lag_6': 0.3862858703530519, 'lag_7': 0.6248235620928374, 'lag_8': 0.2604912994488147, 'lag_9': 0.17248574551254778, 'lag_10': 0.6340256395666928, 'lag_11': 0.1311201822337732, 'lag_12': 0.01567069501563556, 'lag_13': 0.18778794308917313, 'lag_14': 0.4245526870003979, 'lag_15': 0.13847428526934305, 'lag_16': 0.14563431873708949, 'lag_17': 0.908619237487162, 'lag_18': 0.27868227949804675, 'lag_19': 0.07870405677646479, 'lag_20': 0.3738801289035394, 'lag_21': 0.2168693493891565, 'lag_22': 0.6230656505997356, 'lag_23': 0.4645617154016304, 'lag_24': 0.693180964219966, 'lag_25': 0.009069643734314382, 'lag_26': 0.09696276695761588, 'lag_27': 0.32215973418295457, 'lag_28': 0.18005652005105333}. Best is trial 13 with value: 0.00837058582421548.
