[I 2025-09-29 11:56:46,980] Trial 24 finished with value: 0.006449393616235139 and parameters: {'lag_0': 0.26405731134638966, 'lag_1': 0.4944155429879412, 'lag_2': 0.3625912367657171, 'lag_3': 0.22772023673774308, 'lag_4': 0.8929168992740372, 'lag_5': 0.10104024045782585, 'lag_6': 0.20375168424404674, 'lag_7': 0.7389250478033189, 'lag_8': 0.11048067657062899, 'lag_9': 0.8423079611830441, 'lag_10': 0.8728092671713679, 'lag_11': 0.6915758173484104, 'lag_12': 0.7986063666728813, 'lag_13': 0.1760865483896349, 'lag_14': 0.6020079795118352, 'lag_15': 0.15172671974934482, 'lag_16': 0.716576699752947, 'lag_17': 0.33105189168149934, 'lag_18': 0.5345060649868115, 'lag_19': 0.7420663087576491, 'lag_20': 0.8769987298240565, 'lag_21': 0.6302011341376549, 'lag_22': 0.8654197486336698, 'lag_23': 0.8014371689371433, 'lag_24': 0.4291699363528942, 'lag_25': 0.8343394455037039, 'lag_26': 0.28253744294928534, 'lag_27': 0.4316386062872053, 'lag_28': 0.8646846924073136}. Best is trial 11 with value: 0.006173762671136109.
[I 2025-09-29 11:56:49,351] Trial 25 finished with value: 0.00659700497273033 and parameters: {'lag_0': 0.11090404361212092, 'lag_1': 0.39922015683127404, 'lag_2': 0.182294835822585, 'lag_3': 0.09623083796074663, 'lag_4': 0.718776544820793, 'lag_5': 0.24389854870729644, 'lag_6': 0.3887607593077619, 'lag_7': 0.8842804409901238, 'lag_8': 0.9953374736935228, 'lag_9': 0.5540845055435242, 'lag_10': 0.7718166433607, 'lag_11': 0.7922084417734254, 'lag_12': 0.9205317358682369, 'lag_13': 0.571140719104008, 'lag_14': 0.099534805328642, 'lag_15': 0.37682213090532957, 'lag_16': 0.9883391598206424, 'lag_17': 0.20860710487040804, 'lag_18': 0.6385753837364923, 'lag_19': 0.1802338585808691, 'lag_20': 0.7751897184378611, 'lag_21': 0.4165875728190177, 'lag_22': 0.6957466644032064, 'lag_23': 0.714719378295082, 'lag_24': 0.9525833061799471, 'lag_25': 0.7775519775063581, 'lag_26': 0.1849493453546182, 'lag_27': 0.6049706776296854, 'lag_28': 0.4998116789142649}. Best is trial 11 with value: 0.006173762671136109.
[I 2025-09-29 11:56:51,726] Trial 26 finished with value: 0.0063943960783817855 and parameters: {'lag_0': 0.711182550394896, 'lag_1': 0.549367293754949, 'lag_2': 0.0016424846687279867, 'lag_3': 0.6145193346135125, 'lag_4': 0.5346830955011725, 'lag_5': 0.3356383676293101, 'lag_6': 0.5974328747070701, 'lag_7': 0.5793845066214872, 'lag_8': 0.3730513593613729, 'lag_9': 0.9157370963761569, 'lag_10': 0.49058769666387997, 'lag_11': 0.5252274104714443, 'lag_12': 0.6052656185139831, 'lag_13': 0.32538626718064606, 'lag_14': 0.2477909365361185, 'lag_15': 0.29614694990218876, 'lag_16': 0.8651111200580599, 'lag_17': 0.40395280490559526, 'lag_18': 0.772092396961557, 'lag_19': 0.586403518029183, 'lag_20': 0.2739049007591611, 'lag_21': 0.7587201075063569, 'lag_22': 0.38240185097959095, 'lag_23': 0.8444063115998635, 'lag_24': 0.3464553487206317, 'lag_25': 0.5586385334585469, 'lag_26': 0.5774135273701427, 'lag_27': 0.7190687694849818, 'lag_28': 0.3364045309103025}. Best is trial 11 with value: 0.006173762671136109.
[I 2025-09-29 11:56:54,095] Trial 27 finished with value: 0.006522270413890986 and parameters: {'lag_0': 0.004133868403024321, 'lag_1': 0.2818893559227194, 'lag_2': 0.3300567326299488, 'lag_3': 0.3785931715045369, 'lag_4': 0.9348940445312144, 'lag_5': 0.16874195753642954, 'lag_6': 0.11369143137008739, 'lag_7': 0.4182490873547615, 'lag_8': 0.2018818534099401, 'lag_9': 0.7117210446228985, 'lag_10': 0.1715897662945085, 'lag_11': 0.6283212390609808, 'lag_12': 0.818975575393783, 'lag_13': 0.7488440973070777, 'lag_14': 0.3653133297278454, 'lag_15': 0.48680019175949957, 'lag_16': 0.15760359994985046, 'lag_17': 0.07297026032766638, 'lag_18': 0.5247117578039343, 'lag_19': 0.5137440330487781, 'lag_20': 0.6561679878636832, 'lag_21': 0.5917863965777231, 'lag_22': 0.5145542838145706, 'lag_23': 0.9986865018941437, 'lag_24': 0.6704968324056955, 'lag_25': 0.9977641747582817, 'lag_26': 0.002785784583821227, 'lag_27': 0.3397615845842343, 'lag_28': 0.5979990164447174}. Best is trial 11 with value: 0.006173762671136109.
[I 2025-09-29 11:56:56,470] Trial 28 finished with value: 0.006538579386064598 and parameters: {'lag_0': 0.25119140724256184, 'lag_1': 0.6512851409826543, 'lag_2': 0.6211573369249568, 'lag_3': 0.1979217954587003, 'lag_4': 0.3747213897894627, 'lag_5': 0.8984633360466879, 'lag_6': 0.35249264167581834, 'lag_7': 0.9996028971746956, 'lag_8': 0.7650879508384506, 'lag_9': 0.815796032556213, 'lag_10': 0.333962142127474, 'lag_11': 0.8942596636851412, 'lag_12': 0.9284917060085385, 'lag_13': 0.9064355921847694, 'lag_14': 0.7864975939527461, 'lag_15': 0.09606739296490857, 'lag_16': 0.6904011326640899, 'lag_17': 0.5697645923079679, 'lag_18': 0.3958350683191222, 'lag_19': 0.3694204632179541, 'lag_20': 0.9458508482149601, 'lag_21': 0.2951791740043092, 'lag_22': 0.9014730925286574, 'lag_23': 0.6024804852683234, 'lag_24': 0.5801557596525608, 'lag_25': 0.6587191956232871, 'lag_26': 0.3358728799930115, 'lag_27': 0.44897309120192763, 'lag_28': 0.9956319025912037}. Best is trial 11 with value: 0.006173762671136109.
[I 2025-09-29 11:56:58,838] Trial 29 finished with value: 0.006325692068794511 and parameters: {'lag_0': 0.8583407361745681, 'lag_1': 0.8972988261402847, 'lag_2': 0.0897164887172167, 'lag_3': 0.08395824350796136, 'lag_4': 0.5511797806305718, 'lag_5': 0.049195244352305455, 'lag_6': 0.489198434506209, 'lag_7': 0.5134845842287098, 'lag_8': 0.33757006872850975, 'lag_9': 0.40868083428334284, 'lag_10': 0.9006929771214278, 'lag_11': 0.37759240260701354, 'lag_12': 0.7383356142242014, 'lag_13': 0.47595710022438215, 'lag_14': 0.45939419002284, 'lag_15': 0.42272363789612, 'lag_16': 0.4449468968280322, 'lag_17': 0.29202337826433383, 'lag_18': 0.45833708490382635, 'lag_19': 0.7633122936591377, 'lag_20': 0.7982558112273846, 'lag_21': 0.4660877897868633, 'lag_22': 0.6897968255570186, 'lag_23': 0.9269374171487743, 'lag_24': 0.7116588584321185, 'lag_25': 0.37137560433653716, 'lag_26': 0.44936416106777166, 'lag_27': 0.09881286615501755, 'lag_28': 0.9868660386380368}. Best is trial 11 with value: 0.006173762671136109.
[I 2025-09-29 11:57:01,212] Trial 30 finished with value: 0.006535590526276934 and parameters: {'lag_0': 0.8762738417685968, 'lag_1': 0.886098408417104, 'lag_2': 0.09441419051700478, 'lag_3': 0.10432534771132776, 'lag_4': 0.5933936021407963, 'lag_5': 0.8456760796532786, 'lag_6': 0.47750659676428747, 'lag_7': 0.4992097491822078, 'lag_8': 0.3839748604873145, 'lag_9': 0.4215150633453803, 'lag_10': 0.8935650138165067, 'lag_11': 0.33750824075898406, 'lag_12': 0.4603264491005697, 'lag_13': 0.4888874964715361, 'lag_14': 0.4481018962260954, 'lag_15': 0.4355160478611702, 'lag_16': 0.3397652201092997, 'lag_17': 0.3332821850882851, 'lag_18': 0.4697130565497043, 'lag_19': 0.8325553593930475, 'lag_20': 0.6732551168139455, 'lag_21': 0.5153245683607248, 'lag_22': 0.6855115417828646, 'lag_23': 0.8427563802613167, 'lag_24': 0.7265056155377966, 'lag_25': 0.34751765441336085, 'lag_26': 0.23970748662151145, 'lag_27': 0.14140577249932199, 'lag_28': 0.9470658178704087}. Best is trial 11 with value: 0.006173762671136109.
[I 2025-09-29 11:57:03,578] Trial 31 finished with value: 0.006392790269206883 and parameters: {'lag_0': 0.8772150835940996, 'lag_1': 0.9044571635078016, 'lag_2': 0.08422827042517697, 'lag_3': 0.06995694721308196, 'lag_4': 0.5390912739465135, 'lag_5': 0.05357954368347638, 'lag_6': 0.48680050598563224, 'lag_7': 0.525856404274631, 'lag_8': 0.5535476388575885, 'lag_9': 0.3497791000516098, 'lag_10': 0.9083867602127544, 'lag_11': 0.4379033821088868, 'lag_12': 0.7336520638954387, 'lag_13': 0.6220919823298074, 'lag_14': 0.5937038670821209, 'lag_15': 0.3377575766828534, 'lag_16': 0.4472593166291918, 'lag_17': 0.17247610334500954, 'lag_18': 0.49168747229866383, 'lag_19': 0.7433160172292002, 'lag_20': 0.8009027774284717, 'lag_21': 0.466604310124494, 'lag_22': 0.5866492699742683, 'lag_23': 0.924168603982739, 'lag_24': 0.7929503900655934, 'lag_25': 0.4359906424011626, 'lag_26': 0.4254773394897198, 'lag_27': 0.07238860961679416, 'lag_28': 0.8261148942176122}. Best is trial 11 with value: 0.006173762671136109.
[I 2025-09-29 11:57:05,951] Trial 32 finished with value: 0.006316931160947082 and parameters: {'lag_0': 0.797238396094023, 'lag_1': 0.8013937696153204, 'lag_2': 0.18411490008164486, 'lag_3': 0.1577273706135846, 'lag_4': 0.7117848805803307, 'lag_5': 0.15518413771930173, 'lag_6': 0.2446722045679291, 'lag_7': 0.6258911323351773, 'lag_8': 0.31377471811043767, 'lag_9': 0.20479587695797774, 'lag_10': 0.8220174052447261, 'lag_11': 0.26697041073807504, 'lag_12': 0.534121711836161, 'lag_13': 0.10114779847879107, 'lag_14': 0.28319946569854915, 'lag_15': 0.21087400807233248, 'lag_16': 0.5630856085078153, 'lag_17': 0.25854807099415994, 'lag_18': 0.6214213403660458, 'lag_19': 0.9916858383443026, 'lag_20': 0.9006608500365088, 'lag_21': 0.5317029803318314, 'lag_22': 0.7852556580472118, 'lag_23': 0.9400612845743757, 'lag_24': 0.9037350053399524, 'lag_25': 0.17576649494477647, 'lag_26': 0.6624225950432819, 'lag_27': 0.21066767397175495, 'lag_28': 0.678225894800824}. Best is trial 11 with value: 0.006173762671136109.
[I 2025-09-29 11:57:08,321] Trial 33 finished with value: 0.006382032648505942 and parameters: {'lag_0': 0.8015447819339826, 'lag_1': 0.8361315927791816, 'lag_2': 0.18470258299592743, 'lag_3': 0.1652206751644137, 'lag_4': 0.7103693587525478, 'lag_5': 0.1764087963207877, 'lag_6': 0.8469980162893758, 'lag_7': 0.6200285303063442, 'lag_8': 0.32940667974585025, 'lag_9': 0.013228048887194088, 'lag_10': 0.8054173029378511, 'lag_11': 0.26428965929291137, 'lag_12': 0.3281608664040907, 'lag_13': 0.0891922108979959, 'lag_14': 0.4919115497622434, 'lag_15': 0.4077263616273591, 'lag_16': 0.5626775497550265, 'lag_17': 0.2429631429819968, 'lag_18': 0.582956154790161, 'lag_19': 0.8649794650274157, 'lag_20': 0.8848700472720121, 'lag_21': 0.37057177757499843, 'lag_22': 0.8137640008629079, 'lag_23': 0.8236271291396414, 'lag_24': 0.9053376223250913, 'lag_25': 0.2286677193421619, 'lag_26': 0.6675015945547671, 'lag_27': 0.09178716431774153, 'lag_28': 0.9400711722421269}. Best is trial 11 with value: 0.006173762671136109.
[I 2025-09-29 11:57:10,685] Trial 34 finished with value: 0.006432409879535354 and parameters: {'lag_0': 0.9066220821664698, 'lag_1': 0.9394569627174972, 'lag_2': 0.232647408427677, 'lag_3': 0.23063828822698115, 'lag_4': 0.42902970871065477, 'lag_5': 0.0029164925184762824, 'lag_6': 0.23034936621543026, 'lag_7': 0.4458721098725269, 'lag_8': 0.20631249428800794, 'lag_9': 0.10214770167403153, 'lag_10': 0.935356556117118, 'lag_11': 0.12138516270613708, 'lag_12': 0.5286245819749196, 'lag_13': 0.10040229487428459, 'lag_14': 0.2649844364276435, 'lag_15': 0.7250354543407487, 'lag_16': 0.43986000418443105, 'lag_17': 0.464534138540742, 'lag_18': 0.40956168712608565, 'lag_19': 0.98944860547754, 'lag_20': 0.9001821908561081, 'lag_21': 0.5034886313507438, 'lag_22': 0.8204814584674613, 'lag_23': 0.7059841971798384, 'lag_24': 0.7666033266878981, 'lag_25': 0.14714418389398692, 'lag_26': 0.6998876559128429, 'lag_27': 0.26013159541526076, 'lag_28': 0.503127579063387}. Best is trial 11 with value: 0.006173762671136109.
[I 2025-09-29 11:57:13,050] Trial 35 finished with value: 0.006383704086078254 and parameters: {'lag_0': 0.8116520599912148, 'lag_1': 0.7857174647610131, 'lag_2': 0.28965818811182353, 'lag_3': 0.153193083175373, 'lag_4': 0.5723766558779522, 'lag_5': 0.1728191692025787, 'lag_6': 0.11334541620011748, 'lag_7': 0.5582956576030695, 'lag_8': 0.43071770909317386, 'lag_9': 0.28518965920616635, 'lag_10': 0.9921313330913871, 'lag_11': 0.3614038980789164, 'lag_12': 0.6137320326259068, 'lag_13': 0.17768324545235908, 'lag_14': 0.4416710218929057, 'lag_15': 0.19881917399624507, 'lag_16': 0.22691670124415708, 'lag_17': 0.34775467195355736, 'lag_18': 0.21824050214541135, 'lag_19': 0.6560897783790917, 'lag_20': 0.5352325108937361, 'lag_21': 0.5521788666897128, 'lag_22': 0.6910566467145285, 'lag_23': 0.6412205418167672, 'lag_24': 0.9225793646607034, 'lag_25': 0.10972563393004621, 'lag_26': 0.6314172644448722, 'lag_27': 0.18310796572640453, 'lag_28': 0.24106012187813897}. Best is trial 11 with value: 0.006173762671136109.
[I 2025-09-29 11:57:15,419] Trial 36 finished with value: 0.006582953755110667 and parameters: {'lag_0': 0.690858288196987, 'lag_1': 0.7981223240954407, 'lag_2': 0.44325348508248164, 'lag_3': 0.659538093034993, 'lag_4': 0.659671666032691, 'lag_5': 0.2489275418343071, 'lag_6': 0.7687144832980358, 'lag_7': 0.6425340933916859, 'lag_8': 0.5601225985802033, 'lag_9': 0.07565713366742033, 'lag_10': 0.7510424775798626, 'lag_11': 0.15893148686773095, 'lag_12': 0.9525326957490897, 'lag_13': 0.7499243923183052, 'lag_14': 0.5361849732498449, 'lag_15': 0.5609722201768266, 'lag_16': 0.3113462293017364, 'lag_17': 0.27232959802291445, 'lag_18': 0.6068447286428565, 'lag_19': 0.9013546076687382, 'lag_20': 0.343733440032103, 'lag_21': 0.19147196080208956, 'lag_22': 0.9307953282746451, 'lag_23': 0.7475749745228965, 'lag_24': 0.8133757939120244, 'lag_25': 0.3723698576930991, 'lag_26': 0.5420241645492042, 'lag_27': 0.003826325457240591, 'lag_28': 0.19778294446605044}. Best is trial 11 with value: 0.006173762671136109.
[I 2025-09-29 11:57:17,790] Trial 37 finished with value: 0.00625271187695176 and parameters: {'lag_0': 0.9406838619379829, 'lag_1': 0.9413828905009208, 'lag_2': 0.060867230747490175, 'lag_3': 0.8954665358058296, 'lag_4': 0.5030919506826774, 'lag_5': 0.1406037614447958, 'lag_6': 0.003921340277393437, 'lag_7': 0.7219074478135538, 'lag_8': 0.3232919438597619, 'lag_9': 0.1734399517460864, 'lag_10': 0.8292727022316125, 'lag_11': 0.26217567670331404, 'lag_12': 0.8437615904160327, 'lag_13': 0.9203200680154136, 'lag_14': 0.0055790946099147365, 'lag_15': 0.47578734739497497, 'lag_16': 0.39606303845017293, 'lag_17': 0.46066915863939284, 'lag_18': 0.011580028197955505, 'lag_19': 0.990249445554234, 'lag_20': 0.7028086867067362, 'lag_21': 0.0726343052674569, 'lag_22': 0.7612950276352104, 'lag_23': 0.9513361422944188, 'lag_24': 0.0008178680913171199, 'lag_25': 0.22196034297281403, 'lag_26': 0.7018541503984272, 'lag_27': 0.21664790451729715, 'lag_28': 0.692940026246907}. Best is trial 11 with value: 0.006173762671136109.
[I 2025-09-29 11:57:20,159] Trial 38 finished with value: 0.006706008693500911 and parameters: {'lag_0': 0.9987783876688702, 'lag_1': 0.9502713431531774, 'lag_2': 0.053920303425373926, 'lag_3': 0.8953459312212083, 'lag_4': 0.49282777063017474, 'lag_5': 0.3269943666517897, 'lag_6': 0.007203158466915605, 'lag_7': 0.7477961955554906, 'lag_8': 0.28083026473086803, 'lag_9': 0.15705400313931484, 'lag_10': 0.8211189084747819, 'lag_11': 0.24228400569531572, 'lag_12': 0.017648013102974813, 'lag_13': 0.8948286803862269, 'lag_14': 0.10118355307071833, 'lag_15': 0.10403900060400803, 'lag_16': 0.4974506156089169, 'lag_17': 0.7271126530787827, 'lag_18': 0.1710659020828896, 'lag_19': 0.9704298375847639, 'lag_20': 0.6914073930362513, 'lag_21': 0.07192653308985467, 'lag_22': 0.7651978060504286, 'lag_23': 0.8089778636960392, 'lag_24': 0.0237535016916724, 'lag_25': 0.19871560923993764, 'lag_26': 0.7161733309050983, 'lag_27': 0.23987505538568593, 'lag_28': 0.6884946526946164}. Best is trial 11 with value: 0.006173762671136109.
[I 2025-09-29 11:57:22,518] Trial 39 finished with value: 0.00636640985003203 and parameters: {'lag_0': 0.9368735115639661, 'lag_1': 0.8280594410389774, 'lag_2': 0.13754850633674232, 'lag_3': 0.8335209737124273, 'lag_4': 0.2848743659092614, 'lag_5': 0.13493892985856923, 'lag_6': 0.06084019586209638, 'lag_7': 0.833404332849923, 'lag_8': 0.19023965932595904, 'lag_9': 0.294364735582187, 'lag_10': 0.6517279210475418, 'lag_11': 0.2951617209060964, 'lag_12': 0.84382743827147, 'lag_13': 0.9264504561986165, 'lag_14': 0.005434430755886384, 'lag_15': 0.4882992442757857, 'lag_16': 0.10907927304109216, 'lag_17': 0.4866477464934987, 'lag_18': 0.005627164248063032, 'lag_19': 0.8950543483666005, 'lag_20': 0.6070542914898993, 'lag_21': 0.14078792939294948, 'lag_22': 0.76767674193743, 'lag_23': 0.5551766102111003, 'lag_24': 0.09063087551236093, 'lag_25': 0.06961014304616028, 'lag_26': 0.6029219291555893, 'lag_27': 0.3109276266908616, 'lag_28': 0.5624613498325176}. Best is trial 11 with value: 0.006173762671136109.
[I 2025-09-29 11:57:24,892] Trial 40 finished with value: 0.006222478261178345 and parameters: {'lag_0': 0.763401633207486, 'lag_1': 0.7182351353008873, 'lag_2': 0.49560640530849254, 'lag_3': 0.9343076663001287, 'lag_4': 0.19905050557455994, 'lag_5': 0.4340200729091944, 'lag_6': 0.12602652920399246, 'lag_7': 0.7235421351522429, 'lag_8': 0.5762394884972354, 'lag_9': 0.5390162373270486, 'lag_10': 0.7319721881965433, 'lag_11': 0.09265867507995701, 'lag_12': 0.19216802221303564, 'lag_13': 0.8051675617967531, 'lag_14': 0.1589827408989829, 'lag_15': 0.8760690070929227, 'lag_16': 0.3976235105144744, 'lag_17': 0.38856792158282016, 'lag_18': 0.0023674155594925732, 'lag_19': 0.9992000383476488, 'lag_20': 0.7312120337604446, 'lag_21': 0.08895415633830961, 'lag_22': 0.9419964209977278, 'lag_23': 0.010043305656062762, 'lag_24': 0.2682136406785072, 'lag_25': 0.2727425508334783, 'lag_26': 0.8639824141734964, 'lag_27': 0.13175275847382872, 'lag_28': 0.4765353681762403}. Best is trial 11 with value: 0.006173762671136109.
[I 2025-09-29 11:57:27,408] Trial 41 finished with value: 0.006375787619975573 and parameters: {'lag_0': 0.7722375369222405, 'lag_1': 0.719479569502018, 'lag_2': 0.5139111437179065, 'lag_3': 0.9162452749808774, 'lag_4': 0.15869878350462147, 'lag_5': 0.7066894953509927, 'lag_6': 0.14055525944946268, 'lag_7': 0.7086579212717978, 'lag_8': 0.42452943447986774, 'lag_9': 0.5251539660725388, 'lag_10': 0.7332995116233065, 'lag_11': 0.04161323321310213, 'lag_12': 0.254046259185551, 'lag_13': 0.9444260772139411, 'lag_14': 0.195979611435946, 'lag_15': 0.8740214533151733, 'lag_16': 0.5484602106482492, 'lag_17': 0.3985953946177525, 'lag_18': 0.00024133260687346633, 'lag_19': 0.9282579750637274, 'lag_20': 0.8629062344943164, 'lag_21': 0.06608601922353341, 'lag_22': 0.9314727151866321, 'lag_23': 0.07933195219104866, 'lag_24': 0.1903010749272567, 'lag_25': 0.2891810517313333, 'lag_26': 0.7987442665483074, 'lag_27': 0.20493040412068528, 'lag_28': 0.45929985865097706}. Best is trial 11 with value: 0.006173762671136109.
[I 2025-09-29 11:57:29,783] Trial 42 finished with value: 0.006496537371041848 and parameters: {'lag_0': 0.5476411243780727, 'lag_1': 0.9359798872480317, 'lag_2': 0.5841055760371975, 'lag_3': 0.804724888500747, 'lag_4': 0.217516577996908, 'lag_5': 0.5156511311358267, 'lag_6': 0.06627014620358382, 'lag_7': 0.8367174255218836, 'lag_8': 0.6046601365549051, 'lag_9': 0.20801587656277046, 'lag_10': 0.8174678677864983, 'lag_11': 0.10471201954852075, 'lag_12': 0.23057637031441378, 'lag_13': 0.8334494825897404, 'lag_14': 0.04429721807136862, 'lag_15': 0.7999294107784874, 'lag_16': 0.38453282568634817, 'lag_17': 0.5783259037196775, 'lag_18': 0.07489208420596537, 'lag_19': 0.9969535804106787, 'lag_20': 0.7163561008730054, 'lag_21': 0.13198183486687792, 'lag_22': 0.8099008723417356, 'lag_23': 0.3203875193200753, 'lag_24': 0.11043691204394612, 'lag_25': 0.25607614337557594, 'lag_26': 0.8912017634661368, 'lag_27': 0.1492624890011603, 'lag_28': 0.7458847391768006}. Best is trial 11 with value: 0.006173762671136109.
[I 2025-09-29 11:57:32,155] Trial 43 finished with value: 0.0064795596020573816 and parameters: {'lag_0': 0.6682113891874139, 'lag_1': 0.6892537444410205, 'lag_2': 0.41883111330661243, 'lag_3': 0.9455531655626663, 'lag_4': 0.4124181441907348, 'lag_5': 0.415272063128024, 'lag_6': 0.17189887274810642, 'lag_7': 0.6640219639850773, 'lag_8': 0.7120241662157161, 'lag_9': 0.4741767374982739, 'lag_10': 0.674649159547016, 'lag_11': 0.15768554261618106, 'lag_12': 0.05721645784340079, 'lag_13': 0.7711786050815548, 'lag_14': 0.154300047481452, 'lag_15': 0.9192567296705021, 'lag_16': 0.02559411374482483, 'lag_17': 0.44698207534296636, 'lag_18': 0.060256420087428125, 'lag_19': 0.8535386385293849, 'lag_20': 0.7927873841445648, 'lag_21': 0.0602239984332515, 'lag_22': 0.8462605773487735, 'lag_23': 0.00748379771747994, 'lag_24': 0.3390373582519462, 'lag_25': 0.15239797866730884, 'lag_26': 0.8708933892351609, 'lag_27': 0.9677654510485384, 'lag_28': 0.6536314927013225}. Best is trial 11 with value: 0.006173762671136109.
[I 2025-09-29 11:57:34,528] Trial 44 finished with value: 0.006368382511498629 and parameters: {'lag_0': 0.938531284819225, 'lag_1': 0.9990503998518638, 'lag_2': 0.8096379243224869, 'lag_3': 0.8630177028208211, 'lag_4': 0.05634858243370838, 'lag_5': 0.37561862229640763, 'lag_6': 0.04609492490660605, 'lag_7': 0.7537642567709886, 'lag_8': 0.8280718585362201, 'lag_9': 0.13980394648706734, 'lag_10': 0.8622944365844367, 'lag_11': 0.008524610309609715, 'lag_12': 0.9592209667181518, 'lag_13': 0.6929578350233225, 'lag_14': 0.22442474486899372, 'lag_15': 0.982857744917302, 'lag_16': 0.3040930468765203, 'lag_17': 0.3644167249865492, 'lag_18': 0.1435766493783134, 'lag_19': 0.9543410161424808, 'lag_20': 0.9378394125227185, 'lag_21': 0.19861886540215698, 'lag_22': 0.9457837258908028, 'lag_23': 0.112433070476257, 'lag_24': 0.28448574865619813, 'lag_25': 0.10331782596453491, 'lag_26': 0.9931639154141161, 'lag_27': 0.04689715952196677, 'lag_28': 0.586212680832474}. Best is trial 11 with value: 0.006173762671136109.
