[I 2025-10-03 11:33:57,980] Trial 64 finished with values: [0.007920987654320985, 0.00025800407815971936, 0.0008624534164498497, 0.0007176594806471506, 0.00025390529483933753, 0.0004819963340503282, 0.001291067594165446, 0.00032232695770706204, 0.001163881519866741, 0.0016265739834066917, 0.0005669584991763551, 0.0020018909208949563, 0.00430282853770476, 0.019411925416450256, 0.0, 0.03642512132100604, 0.0052755770223168585, 0.0009686110105413084, 0.006134864671696402, 3.623907775597078e-05, 0.004679602230553724, 0.0031492294513229884, 0.00416355381169873, 0.004204474508507301, 0.00564553297393861, 0.0017901793162765176, 0.0005390534011078616, 0.0010010001754533415, 0.2244062242474257] and parameters: {'lag_0': 0.03763977914697894, 'lag_1': 0.5969744829384379, 'lag_2': 0.7954366826355386, 'lag_3': 0.5469175774461796, 'lag_4': 0.5792038075339927, 'lag_5': 0.539655781623588, 'lag_6': 0.41777660184323295, 'lag_7': 0.23618695449698035, 'lag_8': 0.9820831488521314, 'lag_9': 0.6217763829486728, 'lag_10': 0.4938135665466167, 'lag_11': 0.9087904440204192, 'lag_12': 0.4217757482338363, 'lag_13': 0.923629658669438, 'lag_14': 0.9621156069765162, 'lag_15': 0.6183149365635164, 'lag_16': 0.48524942733010873, 'lag_17': 0.7401571917707482, 'lag_18': 0.8032023528475222, 'lag_19': 0.9594628998463575, 'lag_20': 0.3356100576892028, 'lag_21': 0.5042408036934815, 'lag_22': 0.7980056398227927, 'lag_23': 0.6004148108848055, 'lag_24': 0.4112649540738365, 'lag_25': 0.6692763259201103, 'lag_26': 0.6006192437549406, 'lag_27': 0.7569408835763684, 'lag_28': 0.05917665623870715}.
[I 2025-10-03 11:34:00,641] Trial 65 finished with values: [0.009811911357340719, 0.0006202259014131935, 0.001483623277286876, 0.001092352220179648, 0.0009119413605653822, 0.000775306486314953, 0.0014154091471372508, 0.0004173585167523117, 0.0011652027083155368, 0.0016079941759281284, 0.0004897974070333755, 0.0017076324453694463, 0.0034243559665481198, 0.019265898559936614, 0.0, 0.04022552267708366, 0.007263963066059342, 0.00037580494663133884, 0.008356786151984083, 6.562747639140797e-05, 0.005401475448364212, 0.002754906198349427, 0.0036571965734136834, 0.006065826895374934, 0.004735068469251665, 0.002160107810691226, 0.0005244955975303287, 0.0012439333401950761, 0.2341867764838764] and parameters: {'lag_0': 0.7858039076055245, 'lag_1': 0.7527033443167213, 'lag_2': 0.505095302205619, 'lag_3': 0.47208100994748253, 'lag_4': 0.6954666675656175, 'lag_5': 0.3683822134741839, 'lag_6': 0.12569215637557746, 'lag_7': 0.7612287262130298, 'lag_8': 0.03415499611628678, 'lag_9': 0.6666067441938568, 'lag_10': 0.5010851770989005, 'lag_11': 0.7961768151160178, 'lag_12': 0.8890527992670516, 'lag_13': 0.23568065739022742, 'lag_14': 0.5696540041356895, 'lag_15': 0.6671811854856572, 'lag_16': 0.9048825569180189, 'lag_17': 0.9929274898230989, 'lag_18': 0.9886585812297922, 'lag_19': 0.35833521541028424, 'lag_20': 0.9085876927166141, 'lag_21': 0.5863093292965172, 'lag_22': 0.7795624487611481, 'lag_23': 0.9497078990041291, 'lag_24': 0.6882435966352536, 'lag_25': 0.5014384791493685, 'lag_26': 0.13327272347674834, 'lag_27': 0.13549810985288907, 'lag_28': 0.1377354305185509}.
[I 2025-10-03 11:34:03,295] Trial 66 finished with values: [0.0020000000000000005, 0.0019204442133023264, 0.001063259821187459, 0.0015638776481469584, 0.0006785293525654229, 0.0008978891735736428, 0.0006362884193364326, 0.0004111568196048298, 0.0002713765943689918, 0.000989504637038836, 0.0008762529237871504, 0.0015670272207618581, 0.004767477968711859, 0.019081088053356385, 0.0, 0.041488111984747715, 0.005950922191105953, 0.00039951396419584854, 0.0059129376591128355, 0.00011356430123582074, 0.005345456701174091, 0.003384836360127924, 0.003870578692558578, 0.005743141952915734, 0.005921910106745029, 0.002060146390829092, 0.00030675681829574664, 0.0013456182756517911, 0.23236352629441784] and parameters: {'lag_0': 0.624034233454082, 'lag_1': 0.06023832210043716, 'lag_2': 0.7851973106717015, 'lag_3': 0.3922377755011383, 'lag_4': 0.12978221818846325, 'lag_5': 0.5745252595484869, 'lag_6': 0.8732141663079463, 'lag_7': 0.8912204881469958, 'lag_8': 0.22995542940033556, 'lag_9': 0.3759855891432438, 'lag_10': 0.7013657013575573, 'lag_11': 0.9831099491393229, 'lag_12': 0.7205553224148784, 'lag_13': 0.5524687150856906, 'lag_14': 0.4967615024427586, 'lag_15': 0.936076777626886, 'lag_16': 0.7609022968161281, 'lag_17': 0.7456114530769246, 'lag_18': 0.9450461619558267, 'lag_19': 0.1405483667904133, 'lag_20': 0.09073035397728557, 'lag_21': 0.9402641922006739, 'lag_22': 0.9067665834540748, 'lag_23': 0.5685846721993564, 'lag_24': 0.4734447921025396, 'lag_25': 0.9430617233941261, 'lag_26': 0.014531552438020819, 'lag_27': 0.6443191219277851, 'lag_28': 0.2766761545475735}.
[I 2025-10-03 11:34:05,947] Trial 67 finished with values: [0.002725, 0.0016862647891722985, 0.0007507241356894033, 0.001704178078519828, 0.0004531987919745645, 0.0021927146375157083, 0.000537457410866815, 0.00038318010318817524, 0.0006441762026053765, 0.001248922064945124, 0.0001967173303066382, 0.0008937700303195533, 0.005051272087095113, 0.020806662661358576, 0.0, 0.029935148506685844, 0.00786858144893189, 0.0012364046412343158, 0.007864096520253338, 9.00241008996921e-05, 0.004925986061857299, 0.0033485154805233132, 0.0038003828685527303, 0.005845153691551743, 0.005546287802461797, 0.002136778844804904, 0.00045116848133445466, 0.0019299794597777726, 0.21901177133747085] and parameters: {'lag_0': 0.16160429872316054, 'lag_1': 0.48839137550002776, 'lag_2': 0.2581433521425622, 'lag_3': 0.6889853271224434, 'lag_4': 0.8224027362433649, 'lag_5': 0.32107268206160844, 'lag_6': 0.3098555853039571, 'lag_7': 0.9006998975498042, 'lag_8': 0.14472972938041825, 'lag_9': 0.5730967814848792, 'lag_10': 0.3596033765011727, 'lag_11': 0.7464574328576035, 'lag_12': 0.0006302798630501938, 'lag_13': 0.9917653900930709, 'lag_14': 0.8754803285117159, 'lag_15': 0.7069772405116509, 'lag_16': 0.11204079267222938, 'lag_17': 0.601304618275516, 'lag_18': 0.35378869181567546, 'lag_19': 0.6052841639708232, 'lag_20': 0.3020015517028203, 'lag_21': 0.20873346603497434, 'lag_22': 0.23832181821891749, 'lag_23': 0.7182746364283663, 'lag_24': 0.7535004609399912, 'lag_25': 0.6601916791891349, 'lag_26': 0.3652725907264461, 'lag_27': 0.02099768108360205, 'lag_28': 0.3969158281173351}.
[I 2025-10-03 11:34:08,601] Trial 68 finished with values: [0.004488888888888888, 0.001962901171280721, 0.0007197935343027917, 0.0010728985130069653, 0.00046587901003956585, 0.00089869979151198, 0.0007685757369332708, 0.0004164267224351743, 0.0012382620195341143, 0.001161053643560271, 0.0006847397072341644, 0.0012740729499166642, 0.0049502087610252465, 0.01820002921051094, 0.0, 0.0420216053421437, 0.0068091486738855525, 0.000620734628585131, 0.00806769206181158, 5.265785232614569e-05, 0.0047720430765628595, 0.0034726668395781727, 0.003952726409821153, 0.006002823483087347, 0.005712485218132859, 0.0022145780190029845, 0.00017418279354196897, 0.001610972756956403, 0.2151712953813713] and parameters: {'lag_0': 0.05978837092576321, 'lag_1': 0.5735220948101502, 'lag_2': 0.5681395383036595, 'lag_3': 0.305401771782341, 'lag_4': 0.4689851190622785, 'lag_5': 0.6778696956451717, 'lag_6': 0.8016411350140047, 'lag_7': 0.8350225141412677, 'lag_8': 0.5033817294796773, 'lag_9': 0.6003796437632797, 'lag_10': 0.4172507345656459, 'lag_11': 0.224512320526345, 'lag_12': 0.7806005701297963, 'lag_13': 0.4041154506709051, 'lag_14': 0.8655033090781314, 'lag_15': 0.07471474443856146, 'lag_16': 0.1493757244924198, 'lag_17': 0.9216638934012009, 'lag_18': 0.6819361823619396, 'lag_19': 0.23131060388166375, 'lag_20': 0.7576910554424328, 'lag_21': 0.6662422953614362, 'lag_22': 0.3227783272361219, 'lag_23': 0.9090915013781323, 'lag_24': 0.26838508719965715, 'lag_25': 0.11263578373023121, 'lag_26': 0.9945182810652234, 'lag_27': 0.30889626084579114, 'lag_28': 0.13623761401959902}.
[I 2025-10-03 11:34:11,256] Trial 69 finished with values: [0.0017983471074380167, 0.0017521420278644151, 0.0007040121019873937, 0.0005244292769603725, 0.0005188855807326527, 0.0011073144356692198, 0.0016481569907200796, 0.0009478882023335777, 0.0007364955071509513, 0.0018466476431186752, 0.0007122524641432556, 0.0012035138352325455, 0.0036537183226020703, 0.019558574553457126, 0.0, 0.035371680258644234, 0.0067198919654298, 0.0008139320011747839, 0.006820822322400907, 7.64110097484427e-05, 0.00488732602384636, 0.003749586559033542, 0.0034932360950772805, 0.004761040810657681, 0.005781143156271542, 0.0014007273200871031, 0.0001725138214991549, 0.000773599161506635, 0.22491769143492676] and parameters: {'lag_0': 0.7543706805241286, 'lag_1': 0.44990826987233223, 'lag_2': 0.7984673505564284, 'lag_3': 0.6133648879010435, 'lag_4': 0.5546389744059163, 'lag_5': 0.4516591750645708, 'lag_6': 0.5000977785757572, 'lag_7': 0.11966837418811574, 'lag_8': 0.8732389140729406, 'lag_9': 0.8701818884493251, 'lag_10': 0.311617555990162, 'lag_11': 0.7464574328576035, 'lag_12': 0.32284397808821863, 'lag_13': 0.9917653900930709, 'lag_14': 0.35836781662351347, 'lag_15': 0.7069772405116509, 'lag_16': 0.5460591601754882, 'lag_17': 0.882759555794076, 'lag_18': 0.496415707570093, 'lag_19': 0.6052841639708232, 'lag_20': 0.5399191342185099, 'lag_21': 0.05828781717066107, 'lag_22': 0.37133654698625224, 'lag_23': 0.6114036700014849, 'lag_24': 0.8835955856271641, 'lag_25': 0.5035975549387794, 'lag_26': 0.19300949223249028, 'lag_27': 0.20482900368132237, 'lag_28': 0.11652685389544079}.
[I 2025-10-03 11:34:13,900] Trial 70 finished with values: [0.0016, 0.0023586735041946495, 0.0014565322453201181, 0.001825975866184252, 0.0001813575690109347, 0.0005251845925327716, 0.0005722535911394145, 0.0005288023180772452, 0.0006976657537841192, 0.0013508863872357976, 0.0003721171206975772, 0.0015439591600087466, 0.00434358935343815, 0.01882777916481987, 0.0, 0.04066162185890754, 0.0053609489516266515, 0.0004599714874385906, 0.00698135821029223, 2.243350908846053e-05, 0.005590016000115375, 0.0034384362138531735, 0.0044798052477552875, 0.004577539702803453, 0.004230584387918612, 0.00309891270899256, 0.0002536510002316912, 0.001077125244295135, 0.2163260103480999] and parameters: {'lag_0': 0.4764521998041623, 'lag_1': 0.6736823224622938, 'lag_2': 0.7819068773465119, 'lag_3': 0.22496330053179367, 'lag_4': 0.625651574680762, 'lag_5': 0.30645713925304396, 'lag_6': 0.9334020138755416, 'lag_7': 0.3325004702720919, 'lag_8': 0.02092840203360838, 'lag_9': 0.25094993978240526, 'lag_10': 0.7128230244603868, 'lag_11': 0.031240554941766627, 'lag_12': 0.5143251590118656, 'lag_13': 0.28767567887568224, 'lag_14': 0.9465328868767151, 'lag_15': 0.8387252695090098, 'lag_16': 0.42283340566000344, 'lag_17': 0.9998739265360745, 'lag_18': 0.31604169263536, 'lag_19': 0.9930413404830678, 'lag_20': 0.28436998382145917, 'lag_21': 0.01638331254281454, 'lag_22': 0.00994582401360963, 'lag_23': 0.24106899185920358, 'lag_24': 0.4599230749412967, 'lag_25': 0.8940868708196719, 'lag_26': 0.9773571403549856, 'lag_27': 0.6869657333676789, 'lag_28': 0.34994185702168523}.
[I 2025-10-03 11:34:16,553] Trial 71 finished with values: [0.0016, 0.0002291556970641263, 0.002887225876943792, 0.001668239214138972, 0.00018035942534353166, 0.0010967244967227685, 0.0008441113338329434, 0.00022530791932741536, 0.0010557415308910792, 0.0018805804842335829, 0.000327271441034495, 0.0013547994352707399, 0.005123308985789698, 0.01961822311134203, 0.0, 0.03985252791407863, 0.0055187419422850935, 0.001184838302337124, 0.0067759138726490465, 6.532314970822193e-05, 0.005289267692441298, 0.0024211527071639873, 0.003790055370257241, 0.005715418796420948, 0.004971132228137921, 0.003123120026328804, 0.0008427615248530479, 0.0011340522705366705, 0.22036293707041227] and parameters: {'lag_0': 0.020788997507875755, 'lag_1': 0.6093450898828542, 'lag_2': 0.9032880450174805, 'lag_3': 0.9155784726396337, 'lag_4': 0.022044694326991198, 'lag_5': 0.9676169632122432, 'lag_6': 0.5669387858370486, 'lag_7': 0.7723270098935652, 'lag_8': 0.1661045918166776, 'lag_9': 0.3767325547691354, 'lag_10': 0.8467881071484715, 'lag_11': 0.8779972568227965, 'lag_12': 0.2892220643081396, 'lag_13': 0.6019849384517875, 'lag_14': 0.450904831017582, 'lag_15': 0.4887437776963799, 'lag_16': 0.003800873784095793, 'lag_17': 0.2250494184232137, 'lag_18': 0.4233668578785595, 'lag_19': 0.799364113754708, 'lag_20': 0.08943533379574381, 'lag_21': 0.28035386334207685, 'lag_22': 0.7796294469923263, 'lag_23': 0.35082288996035355, 'lag_24': 0.7619244937286245, 'lag_25': 0.9973814716179592, 'lag_26': 0.4864708922813569, 'lag_27': 0.12297453640690055, 'lag_28': 0.8325694985747637}.
[I 2025-10-03 11:34:19,197] Trial 72 finished with values: [0.018488888888888895, 0.0028358511928163435, 0.0016166178297552319, 0.0006072618993798357, 0.0002330500380984198, 0.00017815130778737982, 0.0018260398117750348, 0.0002443351874153527, 0.0012911337405079586, 0.0007268314634273356, 0.0007031295139475635, 0.0017078527724625988, 0.004640518963179553, 0.01809496408347573, 0.0, 0.03582716535816803, 0.005101787885392584, 0.0005125463678510064, 0.00737649207337244, 5.9904200044526176e-06, 0.004683734183920897, 0.002885488352029913, 0.0032255094138040467, 0.005652660587566931, 0.005438273093687952, 0.0011915396982355667, 0.00021760808671279398, 0.002053670718959323, 0.21576774591063028] and parameters: {'lag_0': 0.785481862217096, 'lag_1': 0.018977331780766254, 'lag_2': 0.4557118661497132, 'lag_3': 0.6218181867280175, 'lag_4': 0.6313353803254562, 'lag_5': 0.4516591750645708, 'lag_6': 0.3626289074427412, 'lag_7': 0.21632089896757117, 'lag_8': 0.5902237645257651, 'lag_9': 0.8701818884493251, 'lag_10': 0.311617555990162, 'lag_11': 0.12104602736282025, 'lag_12': 0.715924155128123, 'lag_13': 0.2588338590727535, 'lag_14': 0.35836781662351347, 'lag_15': 0.35714250973923756, 'lag_16': 0.6763842242965816, 'lag_17': 0.882759555794076, 'lag_18': 0.11491103679532076, 'lag_19': 0.9299852516346202, 'lag_20': 0.3995535179568043, 'lag_21': 0.05828781717066107, 'lag_22': 0.5006919361531013, 'lag_23': 0.6114036700014849, 'lag_24': 0.3414074295497996, 'lag_25': 0.5035975549387794, 'lag_26': 0.19300949223249028, 'lag_27': 0.20482900368132237, 'lag_28': 0.7364725373644359}.
[I 2025-10-03 11:34:21,848] Trial 73 finished with values: [0.0016, 0.00045695464990811564, 0.002347359995856839, 0.00029087074119557045, 0.0003513225531375162, 0.0008880244524370088, 0.0004405851947812983, 0.0004827846561435995, 0.0009815595424287516, 0.0015667437452274336, 4.665318879457603e-05, 0.0010457545715166206, 0.0036251127831514684, 0.021714646368443627, 0.0, 0.04169948560190999, 0.00518686419563207, 0.0007620935240992648, 0.007024760583281617, 4.606752839748241e-05, 0.004574513042306638, 0.002885951477028322, 0.0039519817731768, 0.006005482687901456, 0.0047628739672700956, 0.0026410572736849025, 0.0004396715981469368, 0.0016914290884961242, 0.22452832620664842] and parameters: {'lag_0': 0.4359801573968477, 'lag_1': 0.057035282660933134, 'lag_2': 0.522040049306094, 'lag_3': 0.5469175774461796, 'lag_4': 0.4689851190622785, 'lag_5': 0.8587063775379583, 'lag_6': 0.8016411350140047, 'lag_7': 0.8726097336454305, 'lag_8': 0.5509793827684943, 'lag_9': 0.6680285152813671, 'lag_10': 0.4938135665466167, 'lag_11': 0.7458659437667019, 'lag_12': 0.7427142040721252, 'lag_13': 0.2779325222747185, 'lag_14': 0.6354687579487571, 'lag_15': 0.31233663904814424, 'lag_16': 0.591008464141358, 'lag_17': 0.9216638934012009, 'lag_18': 0.6819361823619396, 'lag_19': 0.49053567629924477, 'lag_20': 0.20851386678694253, 'lag_21': 0.9528290494687586, 'lag_22': 0.7980056398227927, 'lag_23': 0.8853970323591601, 'lag_24': 0.26838508719965715, 'lag_25': 0.11263578373023121, 'lag_26': 0.6252300236313265, 'lag_27': 0.9314708107458004, 'lag_28': 0.13623761401959902}.
[I 2025-10-03 11:34:24,503] Trial 74 finished with values: [0.0016, 0.0015758987014583268, 0.0009020732723014931, 0.0006796839191054125, 0.0002972555134703927, 0.0027736596383547, 0.00044160139894550447, 0.0004522542011565965, 0.0010702375986327314, 0.0009860156026598736, 0.0006714062599160252, 0.0009689291531013204, 0.005227517337827207, 0.01903147251550614, 0.0, 0.03758332537697734, 0.0074609314121969, 0.001864953627787334, 0.007722468168095147, 1.9738248656211388e-05, 0.005938066231065457, 0.003469546479614425, 0.0038127760484859058, 0.005763784773069388, 0.005332795705470006, 0.0010189700403464355, 0.0005602435089197991, 0.0011497901121765538, 0.21893649900116846] and parameters: {'lag_0': 0.030180379099806306, 'lag_1': 0.8609571175465444, 'lag_2': 0.20606360321457579, 'lag_3': 0.7709296770058186, 'lag_4': 0.4187416313830079, 'lag_5': 0.9498912372313494, 'lag_6': 0.12569215637557746, 'lag_7': 0.7612287262130298, 'lag_8': 0.9158873586037855, 'lag_9': 0.6666067441938568, 'lag_10': 0.15880866547844077, 'lag_11': 0.07699206831859363, 'lag_12': 0.3315455576293291, 'lag_13': 0.23568065739022742, 'lag_14': 0.27313205835128607, 'lag_15': 0.5447513543173517, 'lag_16': 0.9048825569180189, 'lag_17': 0.5129536772310934, 'lag_18': 0.7689893755403683, 'lag_19': 0.8035613602784434, 'lag_20': 0.22168252808644456, 'lag_21': 0.8013952523213801, 'lag_22': 0.7795624487611481, 'lag_23': 0.8336845729894814, 'lag_24': 0.8443320601773174, 'lag_25': 0.6581332767982471, 'lag_26': 0.13327272347674834, 'lag_27': 0.013359642406006232, 'lag_28': 0.7236678966205403}.
[I 2025-10-03 11:34:27,157] Trial 75 finished with values: [0.0020000000000000005, 0.0004914232043902374, 0.00040868765533895343, 0.0010769593177382803, 0.0005594850746777917, 0.001132554515556241, 0.0005399774485325447, 0.0005164574570533619, 0.0015849286610926446, 0.0017893987776879457, 0.000543207921166218, 0.0017511744031618419, 0.0036869977345462914, 0.0195242685326775, 0.0, 0.04074919592339906, 0.005990063001881232, 0.0010911569428458474, 0.006837127972694012, 6.71044242585621e-05, 0.005059060494541738, 0.002944354837128227, 0.005543915583591423, 0.006739264063851102, 0.005125561925850631, 0.0013348199170202133, 0.00023806301307594752, 0.000833041951545415, 0.22579331305706152] and parameters: {'lag_0': 0.7208060644105684, 'lag_1': 0.9904645336967118, 'lag_2': 0.9552242235662314, 'lag_3': 0.6464271096254193, 'lag_4': 0.3866178731654689, 'lag_5': 0.05639063505831376, 'lag_6': 0.3347848989022631, 'lag_7': 0.038718520065680787, 'lag_8': 0.5882566243046335, 'lag_9': 0.5919920516546641, 'lag_10': 0.3009390025699831, 'lag_11': 0.5035864134059546, 'lag_12': 0.14839034548786134, 'lag_13': 0.03115614737727955, 'lag_14': 0.9004785327857217, 'lag_15': 0.8623399270526738, 'lag_16': 0.403360593848485, 'lag_17': 0.5553424506323976, 'lag_18': 0.45441404395078117, 'lag_19': 0.161649108045471, 'lag_20': 0.5621788375168815, 'lag_21': 0.7582615983712759, 'lag_22': 0.1420958949137762, 'lag_23': 0.32301164742123584, 'lag_24': 0.005834638355612948, 'lag_25': 0.5746853092137713, 'lag_26': 0.1787932857174503, 'lag_27': 0.7391449258027555, 'lag_28': 0.24513402384166616}.
[I 2025-10-03 11:34:29,808] Trial 76 finished with values: [0.002691358024691358, 0.0014164526680195211, 0.0009430170234270271, 0.0005547540158212377, 0.0002449800926495404, 0.0013301337823209659, 0.0009128558637237743, 0.000506677296343011, 0.0010406012836024028, 0.001117822603323837, 0.00023395693995174955, 0.0017436165783416499, 0.003461512834092971, 0.020614121792260114, 0.0, 0.036204230681409544, 0.0058421131213607005, 0.0006954562744364075, 0.007032402499395134, 1.8265691749201332e-05, 0.004557509210765207, 0.002662369424651416, 0.0038159018923748637, 0.004850409592821717, 0.0049335306968303705, 0.0018214192286611299, 0.00035647590922011893, 0.0008899424051741951, 0.23223946383287042] and parameters: {'lag_0': 0.05978837092576321, 'lag_1': 0.48839137550002776, 'lag_2': 0.7984673505564284, 'lag_3': 0.6133648879010435, 'lag_4': 0.5546389744059163, 'lag_5': 0.6778696956451717, 'lag_6': 0.3098555853039571, 'lag_7': 0.9647572151193115, 'lag_8': 0.8732389140729406, 'lag_9': 0.3867751901935901, 'lag_10': 0.3596033765011727, 'lag_11': 0.2558135674879851, 'lag_12': 0.7806005701297963, 'lag_13': 0.9917653900930709, 'lag_14': 0.8655033090781314, 'lag_15': 0.07471474443856146, 'lag_16': 0.1493757244924198, 'lag_17': 0.34840976375102195, 'lag_18': 0.496415707570093, 'lag_19': 0.7218465652002817, 'lag_20': 0.4997100460050485, 'lag_21': 0.6662422953614362, 'lag_22': 0.23832181821891749, 'lag_23': 0.7182746364283663, 'lag_24': 0.15709802172955709, 'lag_25': 0.6601916791891349, 'lag_26': 0.9945182810652234, 'lag_27': 0.02099768108360205, 'lag_28': 0.49524500090502716}.
