[I 2025-10-03 11:31:44,142] Trial 12 finished with values: [0.0011111111111111111, 0.003319599690221256, 0.0031237658387499507, 0.0011693303991942108, 0.001092225703754598, 0.000353583717629844, 0.0019096933539749547, 0.0010671272982614363, 0.00022242757204969017, 0.0015887309391578153, 0.00018709804651851725, 0.0027727142236782377, 0.006845067604128928, 0.019929632376475874, 0.0, 0.03370225198819752, 0.002878700934618226, 0.0005443473171546476, 0.00022451686008415425, 0.0013478371204673054, 0.00011335558782943347, 0.0009908887094708966, 0.0005442799219979636, 0.00018769762884868565, 9.955065076512325e-05, 0.005982582855159156, 0.00045141915291438606, 0.001572673409746577, 0.002468481980141974] and parameters: {'lag_0': 0.11853334506893552, 'lag_1': 0.1487977769077497, 'lag_2': 0.1221145522737159, 'lag_3': 0.026865051737009038, 'lag_4': 0.07005037824413243, 'lag_5': 0.30788221496373663, 'lag_6': 0.6626204320292391, 'lag_7': 0.003539760973104785, 'lag_8': 0.3826039833328231, 'lag_9': 0.7282509065428349, 'lag_10': 0.847799547329957, 'lag_11': 0.9175636967826684, 'lag_12': 0.028266725572874334, 'lag_13': 0.164585210873156, 'lag_14': 0.28135111363343296, 'lag_15': 0.23589826396074062, 'lag_16': 0.21437006604118958, 'lag_17': 0.3770084451144141, 'lag_18': 0.5912873419044443, 'lag_19': 0.9699132496652666, 'lag_20': 0.28955506891253496, 'lag_21': 0.8941633566434948, 'lag_22': 0.4179216384378417, 'lag_23': 0.42118113091489345, 'lag_24': 0.13539309347422032, 'lag_25': 0.7661409722796136, 'lag_26': 0.9252981195386416, 'lag_27': 0.11107351213957092, 'lag_28': 0.12566465733075907}.
[I 2025-10-03 11:31:46,771] Trial 13 finished with values: [0.0032879818594104306, 0.0021479654631362446, 0.004198049787322587, 0.0017601315947456462, 0.0006234942849593572, 0.00030055639076366085, 0.002341272727779045, 0.00030744611986421313, 0.00034945787620360534, 0.002420383168741237, 0.00021712635229740001, 0.003689862036966142, 0.007151292476079141, 0.016579208409718854, 0.0, 0.039790470437921874, 0.002288273848439027, 0.00027361670675315493, 0.00033473326401450615, 0.0011437356583284175, 0.00016786978729882413, 0.0006953367161639709, 0.0008513432309435534, 0.00015077731580179647, 0.00011811615578139316, 0.0036544407470824455, 0.0004258184483795664, 0.0006158695664651243, 0.0012472584879943548] and parameters: {'lag_0': 0.018375618754241086, 'lag_1': 0.33544110476932615, 'lag_2': 0.8135652472870586, 'lag_3': 0.3311110592512789, 'lag_4': 0.3726979440909172, 'lag_5': 0.8626907808710689, 'lag_6': 0.7893355363238339, 'lag_7': 0.40517016658292865, 'lag_8': 0.6527427103997057, 'lag_9': 0.7601124665153781, 'lag_10': 0.08041927014337563, 'lag_11': 0.24311378951327117, 'lag_12': 0.24281193949822935, 'lag_13': 0.33265246538772597, 'lag_14': 0.8851800149895259, 'lag_15': 0.8243926761252102, 'lag_16': 0.19525263674362603, 'lag_17': 0.5622282281194613, 'lag_18': 0.2592847482853086, 'lag_19': 0.5958417627729353, 'lag_20': 0.29777434479764453, 'lag_21': 0.4415197248341937, 'lag_22': 0.3369385026757195, 'lag_23': 0.30478874758239755, 'lag_24': 0.6855052207943355, 'lag_25': 0.17633574409184957, 'lag_26': 0.4250622511981287, 'lag_27': 0.018343025962483713, 'lag_28': 0.43386895065614267}.
[I 2025-10-03 11:31:49,413] Trial 14 finished with values: [0.005432098765432099, 0.007065084987162909, 0.002686820621475023, 0.00048795149944732793, 0.000610058829782961, 0.0005955656173900079, 0.0011472782903613255, 0.0003937740919989246, 0.0004964315441636225, 0.0015680330726884286, 0.00023136907378544543, 0.0042041578537801785, 0.008105822158111401, 0.015104132153422944, 0.0, 0.03553078619877188, 0.0024567963535100435, 0.00042586066282027536, 0.00029541856762340757, 0.0018769063219856972, 8.134841876021928e-05, 0.0006328317105697938, 0.0009152547143596087, 0.00013104637933934144, 0.00025662318796029955, 0.003436667917161956, 0.0006688631574462717, 0.0010309541562929282, 0.0011630720555865421] and parameters: {'lag_0': 0.09537661840690677, 'lag_1': 0.9528644055982998, 'lag_2': 0.2450992991091362, 'lag_3': 0.3989464193310089, 'lag_4': 0.6060435290550563, 'lag_5': 0.21931025144922855, 'lag_6': 0.9326121577464742, 'lag_7': 0.3062350033613764, 'lag_8': 0.8334711329664453, 'lag_9': 0.8447328172835221, 'lag_10': 0.7893565884351654, 'lag_11': 0.21056831217574754, 'lag_12': 0.15521438885200126, 'lag_13': 0.12957842900464162, 'lag_14': 0.5344070623199203, 'lag_15': 0.5081696938344132, 'lag_16': 0.667951407432161, 'lag_17': 0.3730088710153051, 'lag_18': 0.33298001540028166, 'lag_19': 0.20105413965758678, 'lag_20': 0.21280074605116195, 'lag_21': 0.8542291424720303, 'lag_22': 0.811694413593103, 'lag_23': 0.24452307851615981, 'lag_24': 0.7623960315067908, 'lag_25': 0.2542484223998992, 'lag_26': 0.8866748580088086, 'lag_27': 0.9708769728375544, 'lag_28': 0.9532788311407432}.
[I 2025-10-03 11:31:52,048] Trial 15 finished with values: [0.0012689020381328076, 0.0016645503328741966, 0.004746305162878118, 0.00078245397710864, 0.00017558108230822638, 6.585628780008532e-05, 0.0012789438887998799, 0.001003463174305502, 0.0004693857890825822, 0.0009160704412606278, 0.00024192994073569423, 0.003798531590005657, 0.007013876799467725, 0.02027984128564676, 0.0, 0.02987777733642381, 0.003367463094284972, 0.0002064892898332811, 0.0003579401508988282, 0.0014798588328518957, 6.378175796754369e-05, 0.0004390539070039027, 0.0005359621041616876, 0.0002289447132508843, 0.00016725388369680371, 0.0046202275523649534, 0.0002665115415300883, 0.000836921472308414, 0.0017217465584402707] and parameters: {'lag_0': 0.5747846184452083, 'lag_1': 0.46155179261666157, 'lag_2': 0.6242518669420902, 'lag_3': 0.9240814001896487, 'lag_4': 0.45480921869662944, 'lag_5': 0.49024527983960015, 'lag_6': 0.8364822970274897, 'lag_7': 0.6764591132807013, 'lag_8': 0.11897968179989649, 'lag_9': 0.08302127561788633, 'lag_10': 0.8721661345356687, 'lag_11': 0.8500578741301973, 'lag_12': 0.6321330404432843, 'lag_13': 0.9702279803076914, 'lag_14': 0.2787880939589969, 'lag_15': 0.5794598799499957, 'lag_16': 0.9442235709861265, 'lag_17': 0.1870301686543207, 'lag_18': 0.3295972415831877, 'lag_19': 0.1541847278165623, 'lag_20': 0.4470147584252901, 'lag_21': 0.8264520678068001, 'lag_22': 0.9432870749657726, 'lag_23': 0.7004579692341343, 'lag_24': 0.6990745486539106, 'lag_25': 0.2684365604842289, 'lag_26': 0.11355400780225973, 'lag_27': 0.03113333053738353, 'lag_28': 0.20734520327647754}.
[I 2025-10-03 11:31:54,682] Trial 16 finished with values: [0.0013888888888888887, 0.006349255558704964, 0.0032301903896402085, 0.0012859882249325039, 0.00040976152270675686, 0.00025897687938681164, 0.0022664880142338273, 0.00043853691022515166, 0.0001355272597683715, 0.0010207768698382545, 0.0004984613855055533, 0.004417660927075577, 0.007536085326766929, 0.016956142545384627, 0.0, 0.03369159278176985, 0.0027139213117178982, 0.00030783993389879306, 0.00029524510443406277, 0.0014644190210526009, 0.0002100069106539595, 0.0004885743103837473, 0.0009706649639626136, 0.00035958828815559627, 0.000198390105843728, 0.004642697070609188, 0.0006268665632372268, 0.0032190322318506096, 0.000793015571528363] and parameters: {'lag_0': 0.7155953104907408, 'lag_1': 0.4860508881346779, 'lag_2': 0.06827987758723912, 'lag_3': 0.20608906079455322, 'lag_4': 0.8527288817186012, 'lag_5': 0.5683784977873927, 'lag_6': 0.5429871425032922, 'lag_7': 0.09378567180352548, 'lag_8': 0.06071532686600591, 'lag_9': 0.45089787207441856, 'lag_10': 0.05580739238212975, 'lag_11': 0.47901134297605436, 'lag_12': 0.04464480819017799, 'lag_13': 0.7160681675684548, 'lag_14': 0.6578282312160062, 'lag_15': 0.6583706438820734, 'lag_16': 0.017865954869341245, 'lag_17': 0.257807830020804, 'lag_18': 0.04701291503342045, 'lag_19': 0.04428086220393946, 'lag_20': 0.6023373800109751, 'lag_21': 0.6026751124058094, 'lag_22': 0.2673054468250406, 'lag_23': 0.1767093518782382, 'lag_24': 0.5681757363636276, 'lag_25': 0.2550150493502197, 'lag_26': 0.8075840371543281, 'lag_27': 0.20272691666560785, 'lag_28': 0.004610142133024091}.
[I 2025-10-03 11:31:57,310] Trial 17 finished with values: [0.0011111111111111111, 0.014426660438928448, 0.0031547284121031262, 0.002993895738760446, 0.001395035410978154, 0.00030557574889633984, 0.000969209819203083, 0.00019792078391255263, 0.0005389476272318436, 0.0017388615816453055, 0.000291763572171098, 0.0043776756819104545, 0.007961677882685394, 0.018780666192379163, 0.0, 0.04154257856045452, 0.0027434001422594586, 0.00015292810904944377, 0.00020321870542260213, 0.001716090683477313, 0.0001774379665765637, 0.0009089826344042958, 0.0007546042071915193, 0.00016401939052527494, 0.0002197927289305931, 0.004014657834585525, 0.0004557428042799251, 0.000646394547993353, 0.0011291757977700885] and parameters: {'lag_0': 0.40230967701117604, 'lag_1': 0.9604677685906646, 'lag_2': 0.4189708227638154, 'lag_3': 0.9682452258563751, 'lag_4': 0.6718550966061692, 'lag_5': 0.03967544233794095, 'lag_6': 0.6906110255898803, 'lag_7': 0.980578436066833, 'lag_8': 0.3937071603872804, 'lag_9': 0.521646479864053, 'lag_10': 0.8131632891952287, 'lag_11': 0.24045083606148673, 'lag_12': 0.35782281953348616, 'lag_13': 0.7317284087114774, 'lag_14': 0.26456632216204967, 'lag_15': 0.4103919037719736, 'lag_16': 0.25662782545546203, 'lag_17': 0.2591329003437552, 'lag_18': 0.3119798579496695, 'lag_19': 0.9253309180168479, 'lag_20': 0.3238018210778532, 'lag_21': 0.5144925911072793, 'lag_22': 0.00031239466422296457, 'lag_23': 0.2484863627402379, 'lag_24': 0.8408004371527655, 'lag_25': 0.3663654683509897, 'lag_26': 0.5654390370120894, 'lag_27': 0.6196301747098247, 'lag_28': 0.9744404368683147}.
[I 2025-10-03 11:31:59,945] Trial 18 finished with values: [0.0011111111111111111, 0.004180198051705634, 0.0015658235793467273, 0.0010153234344800444, 0.0012847249298728932, 0.0006285621841749095, 0.0013595849674700525, 0.0005735925301511731, 0.000741738494084632, 0.002063150594078702, 0.00022535207841041155, 0.003921357445889727, 0.006358658531017111, 0.016154237408379533, 0.0, 0.03075951420645287, 0.0022019177517672807, 0.00042708667279771145, 0.0004268491806805466, 0.0011224395707438637, 0.00022014958982930093, 0.0006359858506086576, 0.0013633722469190686, 0.0004604162837549885, 0.0003125492045902404, 0.0035747927924996694, 0.00022240345142485331, 0.0014022879492319087, 0.0006547491440283274] and parameters: {'lag_0': 0.880745800534459, 'lag_1': 0.13069872653663345, 'lag_2': 0.7969239453481816, 'lag_3': 0.5397482360230333, 'lag_4': 0.34383080632930085, 'lag_5': 0.7937797702512764, 'lag_6': 0.8850914890699395, 'lag_7': 0.7412556725400915, 'lag_8': 0.2291159844501249, 'lag_9': 0.12928909812820055, 'lag_10': 0.8826459409933046, 'lag_11': 0.7175523604405762, 'lag_12': 0.6345026526281552, 'lag_13': 0.7541301393698377, 'lag_14': 0.9373843103814727, 'lag_15': 0.014168463732055199, 'lag_16': 0.1446186289493399, 'lag_17': 0.8877355131148934, 'lag_18': 0.6298824394143604, 'lag_19': 0.06249609112931715, 'lag_20': 0.08193644301142405, 'lag_21': 0.6625637637503327, 'lag_22': 0.7240756372857688, 'lag_23': 0.9679278870073286, 'lag_24': 0.9530880826287759, 'lag_25': 0.21487643864713318, 'lag_26': 0.6055289323825434, 'lag_27': 0.27623346116976233, 'lag_28': 0.07478891696164115}.
[I 2025-10-03 11:32:02,612] Trial 19 finished with values: [0.0011111111111111111, 0.0030759450339869925, 0.003929998261109005, 0.0005392137774076323, 0.0010885233518550482, 3.8018605690238064e-05, 0.0017347856501068368, 0.00045122647157119517, 0.00039226463376907435, 0.002598323014166113, 0.00019294311842374976, 0.0030590955575534916, 0.007229045949083188, 0.017649252176433605, 0.0, 0.032058896931974404, 0.002581594597159311, 0.00045463773391860696, 0.0004056938565845149, 0.001741609149678461, 4.490033210300893e-05, 0.0008625270785579851, 0.0006951851114343674, 0.0002940178688621405, 0.00045785940221225826, 0.004205081025565038, 0.0001641753087747382, 0.001000888909949624, 0.001457721062801583] and parameters: {'lag_0': 0.3871351474930536, 'lag_1': 0.9943907591149088, 'lag_2': 0.6850783513301237, 'lag_3': 0.944956519166702, 'lag_4': 0.581486864611548, 'lag_5': 0.9572068036821925, 'lag_6': 0.3613085942515742, 'lag_7': 0.220068921136387, 'lag_8': 0.24383080258487813, 'lag_9': 0.2069766533661523, 'lag_10': 0.5097135279828178, 'lag_11': 0.4347822014314477, 'lag_12': 0.9357421971835844, 'lag_13': 0.25869349926881163, 'lag_14': 0.6080384809822261, 'lag_15': 0.5957796912633525, 'lag_16': 0.8894579566393249, 'lag_17': 0.7471469648591275, 'lag_18': 0.06948526145949939, 'lag_19': 0.4585343163150772, 'lag_20': 0.5781635011283118, 'lag_21': 0.5706702813335367, 'lag_22': 0.5831350976658617, 'lag_23': 0.8133092013491098, 'lag_24': 0.8263512407674171, 'lag_25': 0.5357834533160178, 'lag_26': 0.050301628561669816, 'lag_27': 0.716681196012287, 'lag_28': 0.7034996885790857}.
[I 2025-10-03 11:32:05,238] Trial 20 finished with values: [0.019329660238751146, 0.0022675736961451243, 0.002615504083523423, 0.002976295746280465, 0.0002079323611877443, 0.00022723394531910636, 0.0006149688724057512, 0.0004377809700624012, 0.0005104380637958926, 0.0007454884218004098, 0.000594701853140197, 0.004715020537642358, 0.006607013900538439, 0.017527747611484283, 0.0, 0.025309842503387286, 0.002526676733621833, 0.0008757926973315337, 8.565448029523744e-05, 0.0009505861263664341, 7.136365989782909e-05, 0.000716714716390957, 0.0009045441759948369, 0.0002769615000740962, 0.0003306436719552925, 0.004434161100440849, 0.00046452134917158647, 0.0013269059110802314, 0.0014486192847442281] and parameters: {'lag_0': 0.7341185214678716, 'lag_1': 0.6720874088244838, 'lag_2': 0.5349572805585705, 'lag_3': 0.849518430962818, 'lag_4': 0.7355782396377127, 'lag_5': 0.32948730267887844, 'lag_6': 0.40695016046866894, 'lag_7': 0.12259570472698815, 'lag_8': 0.1668614996434755, 'lag_9': 0.29702442413937474, 'lag_10': 0.6195614348149034, 'lag_11': 0.3814251992183312, 'lag_12': 0.02128234788006181, 'lag_13': 0.1243210365530341, 'lag_14': 0.20830152391907683, 'lag_15': 0.7595345911563669, 'lag_16': 0.9330765023218905, 'lag_17': 0.657573139730704, 'lag_18': 0.03953999245474385, 'lag_19': 0.29408527098489057, 'lag_20': 0.5422140077554898, 'lag_21': 0.507326806236077, 'lag_22': 0.3919243733901319, 'lag_23': 0.9550041765025175, 'lag_24': 0.17776403551871306, 'lag_25': 0.2706333260144029, 'lag_26': 0.9192146995265132, 'lag_27': 0.48016290051915156, 'lag_28': 0.6775528719929003}.
[I 2025-10-03 11:32:07,881] Trial 21 finished with values: [0.027857426303854876, 0.0010000000000000002, 0.002928335964725582, 0.0017509415796838265, 0.0007812182830142856, 0.0002938994384609903, 0.0011656814472006693, 0.0003845877608166365, 0.00023589837955133173, 0.001910415442150518, 0.0004640035347191128, 0.003240235807439467, 0.007195648153500477, 0.017066616367710875, 0.0, 0.03626834696462508, 0.0017608078513596335, 0.00023439157919836578, 0.00026296372644188826, 0.001306669099395863, 2.5338566018847895e-05, 0.0011296635172628837, 0.0010516361428245392, 0.0001803741711134131, 0.0002570000537324876, 0.0026099525416635023, 0.0004478797679230064, 0.0011520387402185533, 0.0025267907112420255] and parameters: {'lag_0': 0.6358655440184113, 'lag_1': 0.1535583743582026, 'lag_2': 0.1516406252054062, 'lag_3': 0.5847058671258623, 'lag_4': 0.6576301612225267, 'lag_5': 0.7867153201750358, 'lag_6': 0.6047026230543204, 'lag_7': 0.640333125963707, 'lag_8': 0.6066596446735593, 'lag_9': 0.44490689341272277, 'lag_10': 0.8528185081206606, 'lag_11': 0.9951926841390829, 'lag_12': 0.8601987305075331, 'lag_13': 0.8576307853405166, 'lag_14': 0.6178578764730253, 'lag_15': 0.24217950214983844, 'lag_16': 0.689210058754994, 'lag_17': 0.04837916635652396, 'lag_18': 0.6119797708228901, 'lag_19': 0.6752160152014012, 'lag_20': 0.7942249442515322, 'lag_21': 0.46265754643393475, 'lag_22': 0.4098344245116272, 'lag_23': 0.8864404884245471, 'lag_24': 0.8132163010066314, 'lag_25': 0.051270187610148066, 'lag_26': 0.431908566753969, 'lag_27': 0.5067828393715621, 'lag_28': 0.24538659866617585}.
[I 2025-10-03 11:32:10,522] Trial 22 finished with values: [0.002569444444444445, 0.010121953910662587, 0.0034889901835964015, 0.001959103052505635, 0.00017820481498029322, 0.000923501439573277, 0.0019969331520721953, 0.0009928176960824079, 0.0005327986613373174, 0.0021489612774654443, 0.0002605562316753742, 0.005149952245386587, 0.007333133757600851, 0.01833323769926656, 0.0, 0.03717808953422474, 0.0029387942236999225, 0.00035560628243787025, 0.00011345983879136761, 0.0018981845303658478, 5.9775140904279106e-05, 0.00037948015571526004, 0.0010780037292801691, 5.591014470391409e-05, 0.00037516147384651405, 0.004768591930464745, 0.000574509326703834, 0.0012943406442070058, 0.0009323853166194118] and parameters: {'lag_0': 0.5847121224807186, 'lag_1': 0.872090813060489, 'lag_2': 0.6933945658048273, 'lag_3': 0.5645874188926188, 'lag_4': 0.4029769801739956, 'lag_5': 0.6934465307865119, 'lag_6': 0.28415927369443184, 'lag_7': 0.5106514974171801, 'lag_8': 0.32005549826668905, 'lag_9': 0.8593079471500165, 'lag_10': 0.6054304151047338, 'lag_11': 0.2622201595190366, 'lag_12': 0.6329216071790128, 'lag_13': 0.5930782795672955, 'lag_14': 0.6600937301644754, 'lag_15': 0.2979001844169224, 'lag_16': 0.634122042044915, 'lag_17': 0.11997545448454407, 'lag_18': 0.3180489021950794, 'lag_19': 0.49269201848551736, 'lag_20': 0.28986808199094777, 'lag_21': 0.7988305056028729, 'lag_22': 0.41917972852750957, 'lag_23': 0.580971192384086, 'lag_24': 0.7850745229040434, 'lag_25': 0.03537519821475436, 'lag_26': 0.6274373910526608, 'lag_27': 0.5389645909725898, 'lag_28': 0.2508827976060349}.
[I 2025-10-03 11:32:13,167] Trial 23 finished with values: [0.0011111111111111111, 0.004277317777976582, 0.0021376934486270873, 0.0009850065800921647, 0.0002158987922459842, 0.0005674177783931582, 0.001302539877366502, 0.0007661600307738343, 0.0005336840834235009, 0.0010862045977786485, 0.0007272571868303624, 0.004866036776035686, 0.006769356603279403, 0.016843095197527944, 0.0, 0.03652623115578334, 0.003503809653340336, 8.899439197221896e-05, 0.00018660898745676406, 0.0015132756269201771, 0.00017557009640761648, 0.0005809042829890911, 0.00046825103457101314, 0.00031229900085314913, 7.004390615422551e-05, 0.004225612722317229, 0.0007843347936933222, 0.0010545000093134661, 0.00025308641975308637] and parameters: {'lag_0': 0.006563901693203799, 'lag_1': 0.8892941822705022, 'lag_2': 0.12399232033649707, 'lag_3': 0.23419626358924045, 'lag_4': 0.192921582851885, 'lag_5': 0.008206694487489513, 'lag_6': 0.02070926730176219, 'lag_7': 0.6034330226437826, 'lag_8': 0.9126267489309926, 'lag_9': 0.4100179842055825, 'lag_10': 0.9096275820067374, 'lag_11': 0.7120492134384436, 'lag_12': 0.6797230588062274, 'lag_13': 0.5660054457482476, 'lag_14': 0.854213056563091, 'lag_15': 0.26548592568856505, 'lag_16': 0.7296207353373085, 'lag_17': 0.19218510050710577, 'lag_18': 0.5080415428759979, 'lag_19': 0.6191816258149542, 'lag_20': 0.13119046984971672, 'lag_21': 0.15119816443550793, 'lag_22': 0.6742576781959675, 'lag_23': 0.988482257280752, 'lag_24': 0.7922400100184331, 'lag_25': 0.791587679656886, 'lag_26': 0.4643792030958094, 'lag_27': 0.2445604950000234, 'lag_28': 0.16808999543927963}.
[I 2025-10-03 11:32:15,809] Trial 24 finished with values: [0.014051882460973369, 0.002442715769435346, 0.005065198763190523, 0.0021147553211330146, 0.0008912187184466827, 0.00043772240314196283, 0.0018530009272481475, 0.0006106574180986568, 0.000597613885898805, 0.00184480031887648, 0.000219360577430355, 0.0037421612321191892, 0.008044995021076721, 0.01755226727574212, 0.0, 0.036762982087839055, 0.0017696053793587441, 0.00020933260015419601, 0.000225387869804271, 0.001540823105577449, 0.000172495357833125, 0.0007794245924632401, 0.0011026169611839734, 0.00044616711520435753, 0.00022876084043608387, 0.004856165257325142, 0.0005489814529619757, 0.0021714332741625607, 0.0017703336873659277] and parameters: {'lag_0': 0.579181796040182, 'lag_1': 0.35071423449947503, 'lag_2': 0.6733747236896171, 'lag_3': 0.16801829361809523, 'lag_4': 0.9651649918070192, 'lag_5': 0.6535022574954926, 'lag_6': 0.6889345805641537, 'lag_7': 0.9463132739195594, 'lag_8': 0.4635574118195175, 'lag_9': 0.7547929985793204, 'lag_10': 0.3940280802794112, 'lag_11': 0.6553139488850536, 'lag_12': 0.5982829831729837, 'lag_13': 0.7216556895861359, 'lag_14': 0.2264716258238488, 'lag_15': 0.9477070700082688, 'lag_16': 0.6524260965438479, 'lag_17': 0.19922277683603368, 'lag_18': 0.31725833739379894, 'lag_19': 0.614806619746875, 'lag_20': 0.7911092758586081, 'lag_21': 0.45132695556861807, 'lag_22': 0.04251881687500384, 'lag_23': 0.34398158715065785, 'lag_24': 0.6970921033477897, 'lag_25': 0.4725242005365566, 'lag_26': 0.5749419817843893, 'lag_27': 0.06235964609915083, 'lag_28': 0.35388258880402246}.
