[I 2025-09-29 13:25:02,097] Trial 66 finished with value: 0.011678550246115962 and parameters: {'lag_0': 0.683875453811043, 'lag_1': 0.4115682552400419, 'lag_2': 0.7260304158856308, 'lag_3': 0.07552466860482826, 'lag_4': 0.7043165892298343, 'lag_5': 0.4995962811471744, 'lag_6': 0.8070441543547473, 'lag_7': 0.30371026840723725, 'lag_8': 0.2400414382552577, 'lag_9': 0.5002045291623939, 'lag_10': 0.8027353878229115, 'lag_11': 0.8338192109170509, 'lag_12': 0.23969088548602308, 'lag_13': 0.5113797192852474, 'lag_14': 0.6868456275478739, 'lag_15': 0.585304755099626, 'lag_16': 0.7051069661238701, 'lag_17': 0.21373704570075833, 'lag_18': 0.24200688044189772, 'lag_19': 0.4240332883370661, 'lag_20': 0.4341141567678791, 'lag_21': 0.7757256018856536, 'lag_22': 0.36358434398844763, 'lag_23': 0.31079644188331634, 'lag_24': 0.7555136216166232, 'lag_25': 0.3438803899417165, 'lag_26': 0.5094266383534022, 'lag_27': 0.37036635397248246, 'lag_28': 0.45982915933296425}. Best is trial 47 with value: 0.010740174285171072.
[I 2025-09-29 13:25:04,612] Trial 67 finished with value: 0.011777381238183554 and parameters: {'lag_0': 0.5512147202721425, 'lag_1': 0.4915416582804156, 'lag_2': 0.8552757022022919, 'lag_3': 0.7587763371253032, 'lag_4': 0.6054552528361135, 'lag_5': 0.7120095318373202, 'lag_6': 0.7268893179259702, 'lag_7': 0.9199920976173913, 'lag_8': 0.29692537820172354, 'lag_9': 0.17097416363443066, 'lag_10': 0.7544523671863405, 'lag_11': 0.5924305331961629, 'lag_12': 0.31419533152082724, 'lag_13': 0.5541003618891109, 'lag_14': 0.8590965251771753, 'lag_15': 0.4169700592777001, 'lag_16': 0.8192281132360217, 'lag_17': 0.046650585833102484, 'lag_18': 0.000560599995683253, 'lag_19': 0.8382067560202338, 'lag_20': 0.6819111632249288, 'lag_21': 0.35537479291375396, 'lag_22': 0.3248396779484329, 'lag_23': 0.5878998895172401, 'lag_24': 0.9865631981452404, 'lag_25': 0.47263382752364386, 'lag_26': 0.801005498194572, 'lag_27': 0.5476350211092981, 'lag_28': 0.16428845907241127}. Best is trial 47 with value: 0.010740174285171072.
[I 2025-09-29 13:25:07,129] Trial 68 finished with value: 0.012560951697481965 and parameters: {'lag_0': 0.7614579985796661, 'lag_1': 0.37966143228257104, 'lag_2': 0.4927521698035286, 'lag_3': 0.4753492126374892, 'lag_4': 0.5244415208025568, 'lag_5': 0.9435324560190279, 'lag_6': 0.684474664229464, 'lag_7': 0.5802970061755334, 'lag_8': 0.35902961471385636, 'lag_9': 0.09429839813401512, 'lag_10': 0.6543988371518632, 'lag_11': 0.5366163680017801, 'lag_12': 0.2003222281810467, 'lag_13': 0.06140800486165658, 'lag_14': 0.7524783853948057, 'lag_15': 0.12832647491646826, 'lag_16': 0.5943475134892435, 'lag_17': 0.11145926001093086, 'lag_18': 0.18661391159053176, 'lag_19': 0.23875981965923682, 'lag_20': 0.5349686395316018, 'lag_21': 0.04047982585739672, 'lag_22': 0.49809631204706484, 'lag_23': 0.5214111675448052, 'lag_24': 0.8616086857904725, 'lag_25': 0.595946621926515, 'lag_26': 0.9085191958519189, 'lag_27': 0.8605570319266389, 'lag_28': 0.5811311497333848}. Best is trial 47 with value: 0.010740174285171072.
[I 2025-09-29 13:25:09,646] Trial 69 finished with value: 0.01085769492713053 and parameters: {'lag_0': 0.7094319880088643, 'lag_1': 0.4515044746646322, 'lag_2': 0.993884033231567, 'lag_3': 0.2991900177740977, 'lag_4': 0.6631254064279377, 'lag_5': 0.6669065823315808, 'lag_6': 0.5578531776853471, 'lag_7': 0.052737969273004226, 'lag_8': 0.3833155885313574, 'lag_9': 0.678490993890807, 'lag_10': 0.140193718671291, 'lag_11': 0.6437365106222095, 'lag_12': 0.15125870095354518, 'lag_13': 0.16424197193803539, 'lag_14': 0.6279692145267058, 'lag_15': 0.274730258612601, 'lag_16': 0.5639915100174724, 'lag_17': 0.0016312026625335818, 'lag_18': 0.13262518316663763, 'lag_19': 0.5660813050739179, 'lag_20': 0.3562787726442717, 'lag_21': 0.09792559462377698, 'lag_22': 0.3996579400007296, 'lag_23': 0.1502177724041896, 'lag_24': 0.47599201297922633, 'lag_25': 0.2751303767076607, 'lag_26': 0.6845655193411999, 'lag_27': 0.17625911530458382, 'lag_28': 0.6141117073185263}. Best is trial 47 with value: 0.010740174285171072.
[I 2025-09-29 13:25:12,298] Trial 70 finished with value: 0.011726641181142042 and parameters: {'lag_0': 0.033468196646016135, 'lag_1': 0.4584225765878156, 'lag_2': 0.918808249923115, 'lag_3': 0.6642820279815047, 'lag_4': 0.45902174403471424, 'lag_5': 0.5477768635370737, 'lag_6': 0.5884647171605623, 'lag_7': 0.06299504296512955, 'lag_8': 0.3921464576831176, 'lag_9': 0.8283621415590631, 'lag_10': 0.14192330533041547, 'lag_11': 0.6429711827871973, 'lag_12': 0.5397476764485843, 'lag_13': 0.15454344921038168, 'lag_14': 0.6376488765721341, 'lag_15': 0.8172268222781669, 'lag_16': 0.4707322853520583, 'lag_17': 0.0007304442662419142, 'lag_18': 0.1260041633773217, 'lag_19': 0.5567805603158142, 'lag_20': 0.011387933674903317, 'lag_21': 0.09891678810049698, 'lag_22': 0.4001910167536498, 'lag_23': 0.15031880905827855, 'lag_24': 0.47067641553751616, 'lag_25': 0.20004635481387195, 'lag_26': 0.5542516202641745, 'lag_27': 0.17858036404534672, 'lag_28': 0.6922393309382469}. Best is trial 47 with value: 0.010740174285171072.
[I 2025-09-29 13:25:14,823] Trial 71 finished with value: 0.011927022338533906 and parameters: {'lag_0': 0.601220031392533, 'lag_1': 0.3332288481270875, 'lag_2': 0.9961857206589649, 'lag_3': 0.2985401358681411, 'lag_4': 0.6552075727162897, 'lag_5': 0.6656750373710755, 'lag_6': 0.4743708862973938, 'lag_7': 0.36008231466432655, 'lag_8': 0.49010461009427775, 'lag_9': 0.26042647035623745, 'lag_10': 0.07987754875104944, 'lag_11': 0.5621463762947633, 'lag_12': 0.1540091228860481, 'lag_13': 0.11149612653295621, 'lag_14': 0.7863608978642709, 'lag_15': 0.28000587523809106, 'lag_16': 0.559447810924846, 'lag_17': 0.06522476206524741, 'lag_18': 0.16311919657704532, 'lag_19': 0.5946994363881506, 'lag_20': 0.346389608222966, 'lag_21': 0.1842808379717849, 'lag_22': 0.44526079613601033, 'lag_23': 0.07206298964041924, 'lag_24': 0.4152878245481886, 'lag_25': 0.27875823072605793, 'lag_26': 0.6702615044584587, 'lag_27': 0.27334709485222175, 'lag_28': 0.6150724395330215}. Best is trial 47 with value: 0.010740174285171072.
[I 2025-09-29 13:25:17,344] Trial 72 finished with value: 0.01196084834177572 and parameters: {'lag_0': 0.7121839405865128, 'lag_1': 0.2801347256884846, 'lag_2': 0.9743285498766451, 'lag_3': 0.16190611539410488, 'lag_4': 0.7063346543474621, 'lag_5': 0.8525232705110908, 'lag_6': 0.5685110998333567, 'lag_7': 0.04501052121033777, 'lag_8': 0.44462669333107163, 'lag_9': 0.6313753348721233, 'lag_10': 0.23882765625511637, 'lag_11': 0.7611573849614893, 'lag_12': 0.06480742554920152, 'lag_13': 0.22916529194397822, 'lag_14': 0.7402338235557566, 'lag_15': 0.20817927348785356, 'lag_16': 0.6210969454189607, 'lag_17': 0.031025158065649025, 'lag_18': 0.22133439256766438, 'lag_19': 0.10222490805720118, 'lag_20': 0.36914905673819853, 'lag_21': 0.07237441976261969, 'lag_22': 0.5823534077123782, 'lag_23': 0.17985744904709317, 'lag_24': 0.5343758203522232, 'lag_25': 0.23171214210020438, 'lag_26': 0.737603922872854, 'lag_27': 0.09876461353287476, 'lag_28': 0.6375322541484945}. Best is trial 47 with value: 0.010740174285171072.
[I 2025-09-29 13:25:19,858] Trial 73 finished with value: 0.011617073875246606 and parameters: {'lag_0': 0.6530678047402523, 'lag_1': 0.9131692930137462, 'lag_2': 0.8064283823573826, 'lag_3': 0.3660729406319495, 'lag_4': 0.8061879197814399, 'lag_5': 0.7539864529328677, 'lag_6': 0.5231741567851694, 'lag_7': 0.10988538919572802, 'lag_8': 0.32779024173785376, 'lag_9': 0.6421139289440743, 'lag_10': 0.16900094783708997, 'lag_11': 0.7130532788962303, 'lag_12': 0.08628794203422832, 'lag_13': 0.04174915975833526, 'lag_14': 0.678335632037427, 'lag_15': 0.37629264799011686, 'lag_16': 0.4518573999391252, 'lag_17': 0.08845410841974848, 'lag_18': 0.08633260448111789, 'lag_19': 0.5221230673033426, 'lag_20': 0.4894108156611723, 'lag_21': 0.14680300056757387, 'lag_22': 0.5294777389847712, 'lag_23': 0.3883002739140024, 'lag_24': 0.6058093803147657, 'lag_25': 0.31753990006956806, 'lag_26': 0.8567254851343249, 'lag_27': 0.1430386349017434, 'lag_28': 0.5769917744450044}. Best is trial 47 with value: 0.010740174285171072.
[I 2025-09-29 13:25:22,379] Trial 74 finished with value: 0.011656144543908458 and parameters: {'lag_0': 0.45481659039142935, 'lag_1': 0.2266649329992041, 'lag_2': 0.9336551770715106, 'lag_3': 0.2525029117841843, 'lag_4': 0.8645798073608572, 'lag_5': 0.8157189003231209, 'lag_6': 0.42308342931516496, 'lag_7': 0.13811211344665855, 'lag_8': 0.28135992634142254, 'lag_9': 0.2973160951038471, 'lag_10': 0.003947331268599821, 'lag_11': 0.7873404409661051, 'lag_12': 0.008037881677281752, 'lag_13': 0.17198621179429854, 'lag_14': 0.31818837438573155, 'lag_15': 0.2332524209091795, 'lag_16': 0.5724129975234284, 'lag_17': 0.5290741242010896, 'lag_18': 0.38440778304037415, 'lag_19': 0.6472515452887885, 'lag_20': 0.41065976541329946, 'lag_21': 0.1184635738827704, 'lag_22': 0.3614131115673389, 'lag_23': 0.27078546344062865, 'lag_24': 0.7247347857175833, 'lag_25': 0.37126268354583386, 'lag_26': 0.6918576113887844, 'lag_27': 0.242494932313499, 'lag_28': 0.5255049317193365}. Best is trial 47 with value: 0.010740174285171072.
[I 2025-09-29 13:25:24,900] Trial 75 finished with value: 0.011138752202713074 and parameters: {'lag_0': 0.5679609175400301, 'lag_1': 0.4373601342833458, 'lag_2': 0.6071031027491303, 'lag_3': 0.40899503656061686, 'lag_4': 0.9195804769219584, 'lag_5': 0.5758351240726107, 'lag_6': 0.8630385710945583, 'lag_7': 0.525857133323619, 'lag_8': 0.3877307425391829, 'lag_9': 0.12588797558170572, 'lag_10': 0.7193973735136253, 'lag_11': 0.4976123940050814, 'lag_12': 0.2155297389462566, 'lag_13': 0.39602331714797484, 'lag_14': 0.5847790164824833, 'lag_15': 0.27312127715670426, 'lag_16': 0.6501355294205102, 'lag_17': 0.1685670605801981, 'lag_18': 0.03285496577913648, 'lag_19': 0.4576870780347978, 'lag_20': 0.19205971344885037, 'lag_21': 0.2511598982896933, 'lag_22': 0.25404403001869363, 'lag_23': 0.43827170384301434, 'lag_24': 0.3460518867383969, 'lag_25': 0.25308336038627005, 'lag_26': 0.790989623559931, 'lag_27': 0.5905532525757721, 'lag_28': 0.08399349875695662}. Best is trial 47 with value: 0.010740174285171072.
[I 2025-09-29 13:25:27,414] Trial 76 finished with value: 0.012032919725428207 and parameters: {'lag_0': 0.5121922210781489, 'lag_1': 0.4453803127644388, 'lag_2': 0.5241803220613562, 'lag_3': 0.5477913065955324, 'lag_4': 0.9584778081325839, 'lag_5': 0.5699731994247622, 'lag_6': 0.9165727876596859, 'lag_7': 0.6624136865798683, 'lag_8': 0.5560923834895976, 'lag_9': 0.1302020715128349, 'lag_10': 0.29793648871270473, 'lag_11': 0.5161270071536648, 'lag_12': 0.1275908601347321, 'lag_13': 0.4488943053930027, 'lag_14': 0.5749336540341544, 'lag_15': 0.1884260937201395, 'lag_16': 0.6473427422047928, 'lag_17': 0.1709838373889045, 'lag_18': 0.03113075066988455, 'lag_19': 0.43347038523607984, 'lag_20': 0.11496030359916007, 'lag_21': 0.2558540079867754, 'lag_22': 0.1316302672144436, 'lag_23': 0.47900742360401516, 'lag_24': 0.3395521129094785, 'lag_25': 0.14941384531482393, 'lag_26': 0.6083688854239081, 'lag_27': 0.8019013683000747, 'lag_28': 0.0880101829244964}. Best is trial 47 with value: 0.010740174285171072.
[I 2025-09-29 13:25:29,930] Trial 77 finished with value: 0.011767593633589668 and parameters: {'lag_0': 0.6165504505808459, 'lag_1': 0.5034375399236877, 'lag_2': 0.6911136285710231, 'lag_3': 0.21802494918094883, 'lag_4': 0.9118995899767245, 'lag_5': 0.6111102703583325, 'lag_6': 0.638926418619657, 'lag_7': 0.527850326970113, 'lag_8': 0.3933114048884021, 'lag_9': 0.05304316539641246, 'lag_10': 0.11385947279170201, 'lag_11': 0.488575992549587, 'lag_12': 0.19011708297673377, 'lag_13': 0.08598125943571298, 'lag_14': 0.47268985079178444, 'lag_15': 0.28533719452648554, 'lag_16': 0.3993210265295262, 'lag_17': 0.20104348889309476, 'lag_18': 0.04470801457589399, 'lag_19': 0.32892962825175337, 'lag_20': 0.05860830010341839, 'lag_21': 0.3118331205461629, 'lag_22': 0.26801532563352126, 'lag_23': 0.004601258180416734, 'lag_24': 0.24249425342176292, 'lag_25': 0.04668075085627227, 'lag_26': 0.8029284194688482, 'lag_27': 0.5963818106699184, 'lag_28': 0.08148234792860942}. Best is trial 47 with value: 0.010740174285171072.
[I 2025-09-29 13:25:32,442] Trial 78 finished with value: 0.011406368707098493 and parameters: {'lag_0': 0.5620165537122498, 'lag_1': 0.6231611982731167, 'lag_2': 0.4040785450758849, 'lag_3': 0.14558260517073635, 'lag_4': 0.9404554869276736, 'lag_5': 0.41318335632812814, 'lag_6': 0.7631064800593224, 'lag_7': 0.4575297584697797, 'lag_8': 0.4265381693970813, 'lag_9': 0.7090600791132199, 'lag_10': 0.7184596736874375, 'lag_11': 0.4365488066626954, 'lag_12': 0.22203670983302884, 'lag_13': 0.0005448255397903464, 'lag_14': 0.6243384824721917, 'lag_15': 0.1589325762653876, 'lag_16': 0.600152359887348, 'lag_17': 0.26258872367135827, 'lag_18': 0.09743985509368644, 'lag_19': 0.4645759958695978, 'lag_20': 0.19580078014669414, 'lag_21': 0.39827614513870935, 'lag_22': 0.29317198499928027, 'lag_23': 0.5497971673827159, 'lag_24': 0.4446387680634344, 'lag_25': 0.24945516142477717, 'lag_26': 0.6512731401351686, 'lag_27': 0.053766048917851236, 'lag_28': 0.15285108959931018}. Best is trial 47 with value: 0.010740174285171072.
[I 2025-09-29 13:25:34,965] Trial 79 finished with value: 0.011635092517710454 and parameters: {'lag_0': 0.5461398033861442, 'lag_1': 0.5663829213826788, 'lag_2': 0.745827868052241, 'lag_3': 0.4166898995871653, 'lag_4': 0.5708858105718295, 'lag_5': 0.6473093029240026, 'lag_6': 0.8525892353670292, 'lag_7': 0.8073361909044777, 'lag_8': 0.8509544868621302, 'lag_9': 0.9323619738388236, 'lag_10': 0.35510923880918244, 'lag_11': 0.4554952076338278, 'lag_12': 0.27514049279934416, 'lag_13': 0.3165364386457402, 'lag_14': 0.5150135790986619, 'lag_15': 0.09903202571924552, 'lag_16': 0.543804085735924, 'lag_17': 0.15859889623501877, 'lag_18': 0.14585515284441938, 'lag_19': 0.37589261539280816, 'lag_20': 0.14010588759970954, 'lag_21': 0.19864333143435853, 'lag_22': 0.255551782187774, 'lag_23': 0.6475042334817136, 'lag_24': 0.3411466269401691, 'lag_25': 0.8251263166181207, 'lag_26': 0.7576269876592553, 'lag_27': 0.9229301358194696, 'lag_28': 0.7175891128225115}. Best is trial 47 with value: 0.010740174285171072.
[I 2025-09-29 13:25:37,493] Trial 80 finished with value: 0.011090662001406931 and parameters: {'lag_0': 0.6598253726187523, 'lag_1': 0.40147904138310303, 'lag_2': 0.847768960742057, 'lag_3': 0.3102079861480471, 'lag_4': 0.4179616976784257, 'lag_5': 0.46798806269058274, 'lag_6': 0.48255305370996027, 'lag_7': 0.40416402825944187, 'lag_8': 0.5368887119881548, 'lag_9': 0.08350191166078871, 'lag_10': 0.8501032532644517, 'lag_11': 0.6503317719416652, 'lag_12': 0.03612814913694012, 'lag_13': 0.18843153460609524, 'lag_14': 0.7040619945184041, 'lag_15': 0.479006237109028, 'lag_16': 0.5099610710076075, 'lag_17': 0.6515922721445492, 'lag_18': 0.8676649532897445, 'lag_19': 0.5756925255955057, 'lag_20': 0.06422239024834642, 'lag_21': 0.5020902544892545, 'lag_22': 0.30991665148508074, 'lag_23': 0.4371666491976536, 'lag_24': 0.17190774488996852, 'lag_25': 0.4050567725618992, 'lag_26': 0.04347993107401671, 'lag_27': 0.29918559284083124, 'lag_28': 0.4267504038619767}. Best is trial 47 with value: 0.010740174285171072.
[I 2025-09-29 13:25:40,021] Trial 81 finished with value: 0.011349191595757781 and parameters: {'lag_0': 0.5809150899376384, 'lag_1': 0.39795576120763104, 'lag_2': 0.8678850831466081, 'lag_3': 0.1908734191560097, 'lag_4': 0.40891682587898937, 'lag_5': 0.5070737503868086, 'lag_6': 0.48920700006122064, 'lag_7': 0.4093087315385364, 'lag_8': 0.5889541844184136, 'lag_9': 0.09404090626888836, 'lag_10': 0.8872210238473659, 'lag_11': 0.6811503808010554, 'lag_12': 0.040745110529359585, 'lag_13': 0.20427658975348983, 'lag_14': 0.7168483269085143, 'lag_15': 0.5239061826141659, 'lag_16': 0.4942867457224245, 'lag_17': 0.7696972238079584, 'lag_18': 0.7697986394349268, 'lag_19': 0.577601609476221, 'lag_20': 0.09729461160661904, 'lag_21': 0.4874149324505955, 'lag_22': 0.18750606857712787, 'lag_23': 0.4510495209754679, 'lag_24': 0.13936825148147652, 'lag_25': 0.4146273175034577, 'lag_26': 0.07160844695136197, 'lag_27': 0.31338405437805383, 'lag_28': 0.25876509570032774}. Best is trial 47 with value: 0.010740174285171072.
[I 2025-09-29 13:25:42,555] Trial 82 finished with value: 0.011912931551692211 and parameters: {'lag_0': 0.6958877794480685, 'lag_1': 0.3721708084478409, 'lag_2': 0.832908709061133, 'lag_3': 0.3045470311214039, 'lag_4': 0.3461225370493934, 'lag_5': 0.41377554096346836, 'lag_6': 0.8064499857403571, 'lag_7': 0.4775735613106244, 'lag_8': 0.4756131409631596, 'lag_9': 0.04275885994865053, 'lag_10': 0.8413507744583042, 'lag_11': 0.38640308202272566, 'lag_12': 0.1004413342805031, 'lag_13': 0.40466626653930693, 'lag_14': 0.5879645611638673, 'lag_15': 0.4725593663785481, 'lag_16': 0.5292936998093658, 'lag_17': 0.604115318434706, 'lag_18': 0.6920819171365789, 'lag_19': 0.5395496502409787, 'lag_20': 0.045885080943954853, 'lag_21': 0.5309942162920387, 'lag_22': 0.3243514879091952, 'lag_23': 0.5082734309248238, 'lag_24': 0.06920538374779267, 'lag_25': 0.2970841489371668, 'lag_26': 0.027866406975873642, 'lag_27': 0.20568579176041543, 'lag_28': 0.34933592050959594}. Best is trial 47 with value: 0.010740174285171072.
[I 2025-09-29 13:25:45,089] Trial 83 finished with value: 0.011508372724258083 and parameters: {'lag_0': 0.6526806566265696, 'lag_1': 0.44305706708792925, 'lag_2': 0.7824873159269689, 'lag_3': 0.3334575897824298, 'lag_4': 0.48665485964374244, 'lag_5': 0.5706919170400578, 'lag_6': 0.3805504183072923, 'lag_7': 0.5153361686338687, 'lag_8': 0.514895121017882, 'lag_9': 0.12114168279257204, 'lag_10': 0.950388235977747, 'lag_11': 0.6086153740016585, 'lag_12': 0.15602493396503245, 'lag_13': 0.18653669696105052, 'lag_14': 0.6956555850355459, 'lag_15': 0.42742445467430334, 'lag_16': 0.5114413108626633, 'lag_17': 0.9520312949986447, 'lag_18': 0.9199167153933736, 'lag_19': 0.5015379344971328, 'lag_20': 0.2390349316141996, 'lag_21': 0.45321327702384745, 'lag_22': 0.20799236696721393, 'lag_23': 0.4135326602092016, 'lag_24': 0.1868426032518939, 'lag_25': 0.5050914406142902, 'lag_26': 0.15042142902445665, 'lag_27': 0.2856518153788973, 'lag_28': 0.026798411416762383}. Best is trial 47 with value: 0.010740174285171072.
[I 2025-09-29 13:25:47,622] Trial 84 finished with value: 0.010965833041467341 and parameters: {'lag_0': 0.4725704729761506, 'lag_1': 0.8555318034446663, 'lag_2': 0.662914703822228, 'lag_3': 0.27843348558936093, 'lag_4': 0.263291086952833, 'lag_5': 0.47326411824676295, 'lag_6': 0.5513777273855622, 'lag_7': 0.32878379246073464, 'lag_8': 0.5429511135517509, 'lag_9': 0.1984591580446029, 'lag_10': 0.8565045412937059, 'lag_11': 0.6512613179218585, 'lag_12': 0.03244182859471361, 'lag_13': 0.2553487518841465, 'lag_14': 0.5492765358248866, 'lag_15': 0.3477805003883649, 'lag_16': 0.6115901720082754, 'lag_17': 0.6134850450792824, 'lag_18': 0.8564734817815511, 'lag_19': 0.6069662153646342, 'lag_20': 0.07584470772938046, 'lag_21': 0.5677163834133724, 'lag_22': 0.38018075933793943, 'lag_23': 0.3438289340234049, 'lag_24': 0.3829667502860945, 'lag_25': 0.3377794219471365, 'lag_26': 0.034106277487078285, 'lag_27': 0.23513614455670298, 'lag_28': 0.49487914223184165}. Best is trial 47 with value: 0.010740174285171072.
[I 2025-09-29 13:25:50,153] Trial 85 finished with value: 0.011656489908358603 and parameters: {'lag_0': 0.43844105146762585, 'lag_1': 0.9562041280162363, 'lag_2': 0.5553197914893866, 'lag_3': 0.27319375758208053, 'lag_4': 0.21935945449867333, 'lag_5': 0.4666147536366311, 'lag_6': 0.44448619454074023, 'lag_7': 0.32785607301915576, 'lag_8': 0.5342260851755934, 'lag_9': 0.07566303398323952, 'lag_10': 0.9269779819652614, 'lag_11': 0.6384111087463141, 'lag_12': 0.02841957806816367, 'lag_13': 0.26834351477174184, 'lag_14': 0.5509205805273462, 'lag_15': 0.6301310172945724, 'lag_16': 0.7115967441790064, 'lag_17': 0.5950304756322624, 'lag_18': 0.8716656771585526, 'lag_19': 0.6358968025042013, 'lag_20': 0.1549299372659167, 'lag_21': 0.5582496306426458, 'lag_22': 0.38133061817931174, 'lag_23': 0.36151146482529795, 'lag_24': 0.26634740340282487, 'lag_25': 0.26471887520192816, 'lag_26': 0.019652371652799056, 'lag_27': 0.22304913195339707, 'lag_28': 0.4259899926617723}. Best is trial 47 with value: 0.010740174285171072.
[I 2025-09-29 13:25:52,857] Trial 86 finished with value: 0.011457387606755323 and parameters: {'lag_0': 0.47905802019152965, 'lag_1': 0.877989554508878, 'lag_2': 0.6588706519553542, 'lag_3': 0.6146223908000352, 'lag_4': 0.27375550404928417, 'lag_5': 0.5199052083029108, 'lag_6': 0.5596448189197474, 'lag_7': 0.4453737462939875, 'lag_8': 0.5503691904000547, 'lag_9': 0.19554024315602786, 'lag_10': 0.858643795957995, 'lag_11': 0.5785574200328716, 'lag_12': 0.056537401090348355, 'lag_13': 0.15621576483107025, 'lag_14': 0.6591324624816803, 'lag_15': 0.5705917583250296, 'lag_16': 0.6143273545827275, 'lag_17': 0.6569112485102322, 'lag_18': 0.9035194986339968, 'lag_19': 0.6972738823905633, 'lag_20': 0.08323902270968345, 'lag_21': 0.67315999870777, 'lag_22': 0.3430920382565063, 'lag_23': 0.441869444697213, 'lag_24': 0.3079925525837196, 'lag_25': 0.3451888776780306, 'lag_26': 0.06369680180781162, 'lag_27': 0.39403949540873884, 'lag_28': 0.48394761122927343}. Best is trial 47 with value: 0.010740174285171072.
