[I 2025-09-29 13:07:15,532] Trial 20 finished with value: 0.005425681424370246 and parameters: {'lag_0': 0.5524109456023258, 'lag_1': 0.0218687589100367, 'lag_2': 0.16733683971418123, 'lag_3': 0.179428511183642, 'lag_4': 0.19115746658049004, 'lag_5': 0.6591509780527108, 'lag_6': 0.4527841161432624, 'lag_7': 0.5660710441722213, 'lag_8': 0.11819920690164434, 'lag_9': 0.5803832166995713, 'lag_10': 0.7489847854936562, 'lag_11': 0.8886410847776507, 'lag_12': 0.5321610700867871, 'lag_13': 0.17646827090553732, 'lag_14': 0.9961637483462301, 'lag_15': 0.3632203895521211, 'lag_16': 0.7344588646691546, 'lag_17': 0.2092664608507649, 'lag_18': 0.2763058379354697, 'lag_19': 0.8645786033587886, 'lag_20': 0.43033058620157516, 'lag_21': 0.5360191312058795, 'lag_22': 0.00869992758785676, 'lag_23': 0.8303034751267764, 'lag_24': 0.16347685518455427, 'lag_25': 0.9754720533180858, 'lag_26': 0.3681476712217297, 'lag_27': 0.6072321171689795, 'lag_28': 0.5378036840822605}. Best is trial 6 with value: 0.004473648248910995.
[I 2025-09-29 13:07:17,970] Trial 21 finished with value: 0.006022323413969803 and parameters: {'lag_0': 0.11863447935777294, 'lag_1': 0.5340793984441304, 'lag_2': 0.5833828474064382, 'lag_3': 0.6754808976090994, 'lag_4': 0.845232960315899, 'lag_5': 0.8141537305780484, 'lag_6': 0.7325067472537571, 'lag_7': 0.1675280238841983, 'lag_8': 0.8715627952185344, 'lag_9': 0.3915104413265567, 'lag_10': 0.46249968644925976, 'lag_11': 0.5179109197784791, 'lag_12': 0.40669126259504246, 'lag_13': 0.02454235301300226, 'lag_14': 0.3410690334805659, 'lag_15': 0.9306571831787777, 'lag_16': 0.2581826240052809, 'lag_17': 0.32626562122453606, 'lag_18': 0.1747581438773532, 'lag_19': 0.7055653130114881, 'lag_20': 0.08844081500768367, 'lag_21': 0.7111849983212931, 'lag_22': 0.4729519873921073, 'lag_23': 0.752590503311719, 'lag_24': 0.004682045266351853, 'lag_25': 0.36484704783598343, 'lag_26': 0.0034728952264212395, 'lag_27': 0.979674061520616, 'lag_28': 0.4921412311456054}. Best is trial 6 with value: 0.004473648248910995.
[I 2025-09-29 13:07:20,409] Trial 22 finished with value: 0.006142018825108458 and parameters: {'lag_0': 0.2707208116601869, 'lag_1': 0.46834897528676334, 'lag_2': 0.5523143335912637, 'lag_3': 0.5887940057639748, 'lag_4': 0.7769392888520298, 'lag_5': 0.7546652827008913, 'lag_6': 0.8137736763134042, 'lag_7': 0.21390052320853845, 'lag_8': 0.5665412096294944, 'lag_9': 0.47023336238852, 'lag_10': 0.47650351135673746, 'lag_11': 0.42228634564246137, 'lag_12': 0.32639662368514477, 'lag_13': 0.1241573307104719, 'lag_14': 0.18527174332529955, 'lag_15': 0.7755786852678136, 'lag_16': 0.19641897801404457, 'lag_17': 0.2278613529426859, 'lag_18': 0.12676719573713152, 'lag_19': 0.7346114043300045, 'lag_20': 0.2228651288339862, 'lag_21': 0.6695728380950486, 'lag_22': 0.6261062292129833, 'lag_23': 0.7374232200244624, 'lag_24': 0.1107779324214524, 'lag_25': 0.32048409799570243, 'lag_26': 0.2554348918295946, 'lag_27': 0.8659423251455131, 'lag_28': 0.4184567218437356}. Best is trial 6 with value: 0.004473648248910995.
[I 2025-09-29 13:07:22,860] Trial 23 finished with value: 0.005185393824817428 and parameters: {'lag_0': 0.09127504242357651, 'lag_1': 0.6864059606782644, 'lag_2': 0.7578946939263509, 'lag_3': 0.7975709364125446, 'lag_4': 0.981757873980674, 'lag_5': 0.8920537692296643, 'lag_6': 0.7000837758964182, 'lag_7': 0.09711469370262757, 'lag_8': 0.7373459742121745, 'lag_9': 0.7726166979248605, 'lag_10': 0.3293511170835124, 'lag_11': 0.604078323240817, 'lag_12': 0.0020499315146254166, 'lag_13': 0.24361481831464699, 'lag_14': 0.0064241133992749555, 'lag_15': 0.6680853924791978, 'lag_16': 0.0010442556530190217, 'lag_17': 0.043415448938914886, 'lag_18': 0.4056676389668433, 'lag_19': 0.6572370072974243, 'lag_20': 0.0015577156396209685, 'lag_21': 0.8232439151042303, 'lag_22': 0.2746932179819223, 'lag_23': 0.8735110151440398, 'lag_24': 0.4862274002567134, 'lag_25': 0.04786934165108425, 'lag_26': 0.032001579607170115, 'lag_27': 0.7081059705407718, 'lag_28': 0.271842288465029}. Best is trial 6 with value: 0.004473648248910995.
[I 2025-09-29 13:07:25,308] Trial 24 finished with value: 0.005337023599807296 and parameters: {'lag_0': 0.20378431091992488, 'lag_1': 0.32573151950358026, 'lag_2': 0.43814937038187285, 'lag_3': 0.5423535825823981, 'lag_4': 0.3653708373433423, 'lag_5': 0.5526413833733138, 'lag_6': 0.6115342451631338, 'lag_7': 0.4159491590563121, 'lag_8': 0.8702107704765089, 'lag_9': 0.5549172439991493, 'lag_10': 0.5679918805567611, 'lag_11': 0.41100369796260805, 'lag_12': 0.18012292663444016, 'lag_13': 0.5224069541837983, 'lag_14': 0.3550795937516293, 'lag_15': 0.8489874801202174, 'lag_16': 0.3555958650086755, 'lag_17': 0.25663024996542605, 'lag_18': 0.230767008837586, 'lag_19': 0.5039481832338086, 'lag_20': 0.5952490720749051, 'lag_21': 0.9169117090086379, 'lag_22': 0.8404518700926392, 'lag_23': 0.9943008369306525, 'lag_24': 0.15407248371038448, 'lag_25': 0.48597318065345585, 'lag_26': 0.34414705472152324, 'lag_27': 0.8672600858109574, 'lag_28': 0.03556411483839289}. Best is trial 6 with value: 0.004473648248910995.
[I 2025-09-29 13:07:27,764] Trial 25 finished with value: 0.006651662476957597 and parameters: {'lag_0': 0.35412056906035144, 'lag_1': 0.204087481023992, 'lag_2': 0.69735135334059, 'lag_3': 0.6280356960581308, 'lag_4': 0.6196821752668691, 'lag_5': 0.7731613461444304, 'lag_6': 0.8770214771096267, 'lag_7': 0.2688631379850947, 'lag_8': 0.6010513152457576, 'lag_9': 0.998167868116531, 'lag_10': 0.15683459029579827, 'lag_11': 0.7148220212942659, 'lag_12': 0.11773077823564045, 'lag_13': 0.359661507571339, 'lag_14': 0.5845086435384229, 'lag_15': 0.9969283842056337, 'lag_16': 0.47993864722437396, 'lag_17': 0.5681444297595658, 'lag_18': 0.00946809457058162, 'lag_19': 0.986977604844002, 'lag_20': 0.40536942563227285, 'lag_21': 0.7733177939576583, 'lag_22': 0.10236111558806243, 'lag_23': 0.7537187019441114, 'lag_24': 0.07216560851680211, 'lag_25': 0.17594718041208596, 'lag_26': 0.6112183751000569, 'lag_27': 0.8082185511784844, 'lag_28': 0.7316495191207613}. Best is trial 6 with value: 0.004473648248910995.
[I 2025-09-29 13:07:30,219] Trial 26 finished with value: 0.006050835703798843 and parameters: {'lag_0': 0.4721260168462471, 'lag_1': 0.48586690676004657, 'lag_2': 0.5555811408153114, 'lag_3': 0.9195869073130162, 'lag_4': 0.4754664489778558, 'lag_5': 0.6348520813549042, 'lag_6': 0.7747598959013862, 'lag_7': 0.6463691481427791, 'lag_8': 0.9183713943269807, 'lag_9': 0.20415013699783754, 'lag_10': 0.4534201614802238, 'lag_11': 0.5690463032095976, 'lag_12': 0.4500402815961887, 'lag_13': 0.10593065479164801, 'lag_14': 0.3320671533269645, 'lag_15': 0.1667187607215841, 'lag_16': 0.22204926978245781, 'lag_17': 0.13642794053545, 'lag_18': 0.563888185478308, 'lag_19': 0.7524788290486646, 'lag_20': 0.2632617662452948, 'lag_21': 0.6493021144434414, 'lag_22': 0.33773032051013563, 'lag_23': 0.4545663496355538, 'lag_24': 0.20723830767929807, 'lag_25': 0.2952996732400657, 'lag_26': 0.9177014810241356, 'lag_27': 0.9321064392190156, 'lag_28': 0.8998835528433606}. Best is trial 6 with value: 0.004473648248910995.
[I 2025-09-29 13:07:32,672] Trial 27 finished with value: 0.006623900937413847 and parameters: {'lag_0': 0.662621869515403, 'lag_1': 0.872397279534694, 'lag_2': 0.3719709634962421, 'lag_3': 0.4211797679175359, 'lag_4': 0.7703294994483946, 'lag_5': 0.9155672303347222, 'lag_6': 0.6429747968524646, 'lag_7': 0.4760198688177322, 'lag_8': 0.7805515835505255, 'lag_9': 0.33111117609804797, 'lag_10': 0.3989180818656247, 'lag_11': 0.471137040642604, 'lag_12': 0.2540937886823817, 'lag_13': 0.7661481685489617, 'lag_14': 0.6951899364834305, 'lag_15': 0.9054817118421697, 'lag_16': 0.6068198178080024, 'lag_17': 0.3909981634697167, 'lag_18': 0.4111144697210466, 'lag_19': 0.41211580085749844, 'lag_20': 0.09968850272282355, 'lag_21': 0.5330882082425077, 'lag_22': 0.5651376778482595, 'lag_23': 0.6181855008724355, 'lag_24': 0.29382907050583096, 'lag_25': 0.0030490331911551816, 'lag_26': 0.10679911470940129, 'lag_27': 0.645967743249447, 'lag_28': 0.6040442300945433}. Best is trial 6 with value: 0.004473648248910995.
[I 2025-09-29 13:07:35,130] Trial 28 finished with value: 0.006332999970926343 and parameters: {'lag_0': 0.09153807293687696, 'lag_1': 0.6080475799845207, 'lag_2': 0.1654713193909556, 'lag_3': 0.5019484910921242, 'lag_4': 0.6198755783936214, 'lag_5': 0.4022408530834188, 'lag_6': 0.9173005642016914, 'lag_7': 0.2450034819206649, 'lag_8': 0.556670045275068, 'lag_9': 0.4409898465470193, 'lag_10': 0.581303803715345, 'lag_11': 0.32640728259349294, 'lag_12': 0.8127955065964275, 'lag_13': 0.9802634011473764, 'lag_14': 0.41986463145403313, 'lag_15': 0.22384216811628466, 'lag_16': 0.09337850419271901, 'lag_17': 0.7482106405286058, 'lag_18': 0.2914145909758679, 'lag_19': 0.5508236098575114, 'lag_20': 0.6800130919736563, 'lag_21': 0.7219720417462424, 'lag_22': 0.4454014978831904, 'lag_23': 0.26994958598817553, 'lag_24': 0.5913346018233897, 'lag_25': 0.590848355537445, 'lag_26': 0.7536484374140392, 'lag_27': 0.4617894210394847, 'lag_28': 0.4134719103218848}. Best is trial 6 with value: 0.004473648248910995.
[I 2025-09-29 13:07:37,585] Trial 29 finished with value: 0.005466226247477247 and parameters: {'lag_0': 0.2335592653684503, 'lag_1': 0.36152511599928194, 'lag_2': 0.03342460114625406, 'lag_3': 0.7360300464687668, 'lag_4': 0.3047338369492887, 'lag_5': 0.7340787870110357, 'lag_6': 0.32723181457556905, 'lag_7': 0.3539963576741386, 'lag_8': 0.35391441769903526, 'lag_9': 0.5469976001992358, 'lag_10': 0.2993745258024319, 'lag_11': 0.22094268456746247, 'lag_12': 0.997112255713115, 'lag_13': 0.09694705883214427, 'lag_14': 0.5759898343719247, 'lag_15': 0.40042759224510255, 'lag_16': 0.0734734751053055, 'lag_17': 0.13602370853293294, 'lag_18': 0.48732613353990684, 'lag_19': 0.6685284145614223, 'lag_20': 0.1694947084434188, 'lag_21': 0.48301231263373, 'lag_22': 0.10828443870712706, 'lag_23': 0.6770094183826305, 'lag_24': 0.721140908489249, 'lag_25': 0.48286092188765317, 'lag_26': 0.9282423253240126, 'lag_27': 0.811066020673131, 'lag_28': 0.2593962924080741}. Best is trial 6 with value: 0.004473648248910995.
[I 2025-09-29 13:07:40,033] Trial 30 finished with value: 0.005053467463781278 and parameters: {'lag_0': 0.7761894678873453, 'lag_1': 0.749643722405791, 'lag_2': 0.23395661888246688, 'lag_3': 0.35849852741329225, 'lag_4': 0.5394714681223348, 'lag_5': 0.8251380756515786, 'lag_6': 0.8127650148749702, 'lag_7': 0.4741716800468789, 'lag_8': 0.6998752271038572, 'lag_9': 0.1344476089873068, 'lag_10': 0.20431794650112373, 'lag_11': 0.7021181108175841, 'lag_12': 0.36110732180650285, 'lag_13': 0.2539868342764886, 'lag_14': 0.5039904544436159, 'lag_15': 0.010638550614081699, 'lag_16': 0.33156382833386283, 'lag_17': 0.30660127041200774, 'lag_18': 0.9696374185791539, 'lag_19': 0.8780043059686466, 'lag_20': 0.8826578998114891, 'lag_21': 0.2653624007465435, 'lag_22': 0.6792632267576191, 'lag_23': 0.9003747768840027, 'lag_24': 0.9914314393667916, 'lag_25': 0.6950413057159451, 'lag_26': 0.2849683629814499, 'lag_27': 0.3339580034341159, 'lag_28': 0.5494474297254481}. Best is trial 6 with value: 0.004473648248910995.
[I 2025-09-29 13:07:42,480] Trial 31 finished with value: 0.005627446500017475 and parameters: {'lag_0': 0.30649882332684386, 'lag_1': 0.5879762144198042, 'lag_2': 0.7674997411868197, 'lag_3': 0.665286788273368, 'lag_4': 0.9997372211290916, 'lag_5': 0.5724491242897092, 'lag_6': 0.13310095299889074, 'lag_7': 0.090733604871399, 'lag_8': 0.42985635450342025, 'lag_9': 0.2611534047506642, 'lag_10': 0.036147448811280125, 'lag_11': 0.9971485198206325, 'lag_12': 0.2502233016212325, 'lag_13': 0.726525793132061, 'lag_14': 0.42002505118323225, 'lag_15': 0.565523643050835, 'lag_16': 0.6812100861701594, 'lag_17': 0.8898155763933808, 'lag_18': 0.34507188124102994, 'lag_19': 0.08889546524773237, 'lag_20': 0.1958579798587269, 'lag_21': 0.41037664495670334, 'lag_22': 0.28251265163899425, 'lag_23': 0.968655989649516, 'lag_24': 0.4390968144881357, 'lag_25': 0.8056195361614706, 'lag_26': 0.5715112671484615, 'lag_27': 0.7364005713024157, 'lag_28': 0.7092220073607763}. Best is trial 6 with value: 0.004473648248910995.
[I 2025-09-29 13:07:44,931] Trial 32 finished with value: 0.006103931735152708 and parameters: {'lag_0': 0.15841039721602973, 'lag_1': 0.6788421793700085, 'lag_2': 0.8652793031847467, 'lag_3': 0.7400869854146661, 'lag_4': 0.9515720227940881, 'lag_5': 0.5878088755970827, 'lag_6': 0.2397332316422981, 'lag_7': 0.32462522899440954, 'lag_8': 0.47172345243421065, 'lag_9': 0.3415598139437868, 'lag_10': 0.07387209562248048, 'lag_11': 0.9091427091669882, 'lag_12': 0.48624343245568796, 'lag_13': 0.5962805915927458, 'lag_14': 0.4818832475329089, 'lag_15': 0.062147578230656975, 'lag_16': 0.7430892420122254, 'lag_17': 0.8682132566377091, 'lag_18': 0.23671048844353426, 'lag_19': 0.2613743198092344, 'lag_20': 0.14319145258826163, 'lag_21': 0.3328231827079388, 'lag_22': 0.1892039478381905, 'lag_23': 0.7908244079326634, 'lag_24': 0.40817134838793623, 'lag_25': 0.7971491964698172, 'lag_26': 0.16220155141634976, 'lag_27': 0.9145069462263156, 'lag_28': 0.8096686217228014}. Best is trial 6 with value: 0.004473648248910995.
[I 2025-09-29 13:07:47,383] Trial 33 finished with value: 0.006025692115504951 and parameters: {'lag_0': 0.4333485037429584, 'lag_1': 0.520607366859058, 'lag_2': 0.9729213704075222, 'lag_3': 0.9040184064537492, 'lag_4': 0.8934313972684251, 'lag_5': 0.05916577116854116, 'lag_6': 0.09366468099724384, 'lag_7': 0.1619058353342367, 'lag_8': 0.27543112493897526, 'lag_9': 0.23766755836246886, 'lag_10': 0.7108055576594945, 'lag_11': 0.8432261184691789, 'lag_12': 0.26342772608303733, 'lag_13': 0.6563447990659721, 'lag_14': 0.4705706278366016, 'lag_15': 0.5148634688199016, 'lag_16': 0.5013279191446084, 'lag_17': 0.9339633393670553, 'lag_18': 0.09118716178025979, 'lag_19': 0.22063899412206067, 'lag_20': 0.03614927235973461, 'lag_21': 0.7985462747223722, 'lag_22': 0.14081940132923781, 'lag_23': 0.9146065298953979, 'lag_24': 0.5405368868876999, 'lag_25': 0.7247481626322372, 'lag_26': 0.47709979462476493, 'lag_27': 0.7988525260961324, 'lag_28': 0.6627018339412178}. Best is trial 6 with value: 0.004473648248910995.
[I 2025-09-29 13:07:49,832] Trial 34 finished with value: 0.006788288951096978 and parameters: {'lag_0': 0.34116782519089744, 'lag_1': 0.6223972942364374, 'lag_2': 0.8181111585848888, 'lag_3': 0.6707045229633336, 'lag_4': 0.9131778098027684, 'lag_5': 0.5277797884357183, 'lag_6': 0.2348713671355869, 'lag_7': 0.5035712698600748, 'lag_8': 0.42326566079342853, 'lag_9': 0.38446856802345886, 'lag_10': 0.12115499083061046, 'lag_11': 0.8007819525272576, 'lag_12': 0.38400192189732313, 'lag_13': 0.005569785856373299, 'lag_14': 0.2807811830003857, 'lag_15': 0.8741898308390693, 'lag_16': 0.5639156183316676, 'lag_17': 0.7078761147681045, 'lag_18': 0.4411132528985756, 'lag_19': 0.09864685015822955, 'lag_20': 0.13265938642332203, 'lag_21': 0.3722521008865315, 'lag_22': 0.2570243855582193, 'lag_23': 0.7108017161283562, 'lag_24': 0.3349014276616298, 'lag_25': 0.4472142422650579, 'lag_26': 0.6280927839494652, 'lag_27': 0.22728119588132667, 'lag_28': 0.4570184739978015}. Best is trial 6 with value: 0.004473648248910995.
[I 2025-09-29 13:07:52,297] Trial 35 finished with value: 0.006310298155037926 and parameters: {'lag_0': 0.014958115195812471, 'lag_1': 0.7406694869958155, 'lag_2': 0.4434944220855451, 'lag_3': 0.6144183576113431, 'lag_4': 0.8742771597681822, 'lag_5': 0.6737293936871305, 'lag_6': 0.0010089239959773025, 'lag_7': 0.22048676698046776, 'lag_8': 0.28161335881017413, 'lag_9': 0.12206164438144812, 'lag_10': 0.20133771971760245, 'lag_11': 0.9425617220443032, 'lag_12': 0.1792327242146644, 'lag_13': 0.8311454718066581, 'lag_14': 0.1415467633654322, 'lag_15': 0.9510368570510076, 'lag_16': 0.8326159175794594, 'lag_17': 0.7852993570372688, 'lag_18': 0.33419963295278365, 'lag_19': 0.4002498982765889, 'lag_20': 0.3022440289451491, 'lag_21': 0.09118273211107514, 'lag_22': 0.5477140568812474, 'lag_23': 0.7877888496481728, 'lag_24': 0.8478698299534149, 'lag_25': 0.891826045726578, 'lag_26': 0.3931745545180015, 'lag_27': 0.5005525010819051, 'lag_28': 0.7648405117015891}. Best is trial 6 with value: 0.004473648248910995.
[I 2025-09-29 13:07:54,857] Trial 36 finished with value: 0.005855955030468753 and parameters: {'lag_0': 0.25582723163811505, 'lag_1': 0.23595331669617425, 'lag_2': 0.10265592665824802, 'lag_3': 0.7814264654152916, 'lag_4': 0.8133223087304213, 'lag_5': 0.42750935201256857, 'lag_6': 0.16726281873484095, 'lag_7': 0.5760198516211867, 'lag_8': 0.12051313031860245, 'lag_9': 0.4790318408562947, 'lag_10': 0.5257915626480711, 'lag_11': 0.14051174658594134, 'lag_12': 0.29494108380835493, 'lag_13': 0.45634606304903125, 'lag_14': 0.4283557737226583, 'lag_15': 0.47650721962132025, 'lag_16': 0.47312161256373786, 'lag_17': 0.0824940245187813, 'lag_18': 0.15689103983802982, 'lag_19': 0.0012853073329220366, 'lag_20': 0.3929285937742525, 'lag_21': 0.9146202330178715, 'lag_22': 0.42032305253774105, 'lag_23': 0.9523279270244019, 'lag_24': 0.19831943040565322, 'lag_25': 0.6443149094198314, 'lag_26': 0.7837425472203384, 'lag_27': 0.6946335514455312, 'lag_28': 0.9079727004158464}. Best is trial 6 with value: 0.004473648248910995.
[I 2025-09-29 13:07:57,327] Trial 37 finished with value: 0.006519122364145785 and parameters: {'lag_0': 0.6043439110948572, 'lag_1': 0.44752703612328765, 'lag_2': 0.8835863977172385, 'lag_3': 0.5133123999014225, 'lag_4': 0.7226027201878796, 'lag_5': 0.333758544957803, 'lag_6': 0.09129495727985815, 'lag_7': 0.43432892499784326, 'lag_8': 0.5257189375091886, 'lag_9': 0.32605650782048573, 'lag_10': 0.3596417417880817, 'lag_11': 0.9497987257037205, 'lag_12': 0.5799355695379751, 'lag_13': 0.5224953437668804, 'lag_14': 0.5630190863529804, 'lag_15': 0.7791363481071306, 'lag_16': 0.6972122092003352, 'lag_17': 0.9262660655034608, 'lag_18': 0.6988411928505104, 'lag_19': 0.7633644385073, 'lag_20': 0.062211737025713545, 'lag_21': 0.7321945625911578, 'lag_22': 0.06715206242884536, 'lag_23': 0.8694725910094039, 'lag_24': 0.39321073862907896, 'lag_25': 0.23341171072555741, 'lag_26': 0.9168196672653274, 'lag_27': 0.8691350426387914, 'lag_28': 0.5892249948599854}. Best is trial 6 with value: 0.004473648248910995.
[I 2025-09-29 13:07:59,788] Trial 38 finished with value: 0.006092764302991743 and parameters: {'lag_0': 0.1464664933490381, 'lag_1': 0.5685101706436514, 'lag_2': 0.9340228879441199, 'lag_3': 0.8694403670731607, 'lag_4': 0.450540927828652, 'lag_5': 0.6091701603029043, 'lag_6': 0.3264136673882785, 'lag_7': 0.3003624486247905, 'lag_8': 0.9184443564533444, 'lag_9': 0.6034223570057556, 'lag_10': 0.9011633697742112, 'lag_11': 0.5515004853213881, 'lag_12': 0.11536811153488924, 'lag_13': 0.8007858863261736, 'lag_14': 0.3792735027173559, 'lag_15': 0.640678923919317, 'lag_16': 0.5660553987102719, 'lag_17': 0.8174654923469308, 'lag_18': 0.062466531848721196, 'lag_19': 0.4450875508498918, 'lag_20': 0.547766371160106, 'lag_21': 0.6416076751541064, 'lag_22': 0.2092780670306661, 'lag_23': 0.552705811104276, 'lag_24': 0.5405463116769148, 'lag_25': 0.3245852414535435, 'lag_26': 0.7088925720813748, 'lag_27': 0.7556102673456164, 'lag_28': 0.342078198263044}. Best is trial 6 with value: 0.004473648248910995.
[I 2025-09-29 13:08:02,250] Trial 39 finished with value: 0.005969579844829938 and parameters: {'lag_0': 0.06619356035289042, 'lag_1': 0.3537463262646962, 'lag_2': 0.48820136154322236, 'lag_3': 0.2216312334406048, 'lag_4': 0.15989975684762248, 'lag_5': 0.7580406229844795, 'lag_6': 0.9301373261491255, 'lag_7': 0.3619646440549329, 'lag_8': 0.629827772212518, 'lag_9': 0.4361531476458641, 'lag_10': 0.4267621930234912, 'lag_11': 0.47329891764674653, 'lag_12': 0.2031435866615309, 'lag_13': 0.17242416451953885, 'lag_14': 0.6655585554179936, 'lag_15': 0.7401625092866891, 'lag_16': 0.9922201188457329, 'lag_17': 0.5164299514922637, 'lag_18': 0.2882698482950194, 'lag_19': 0.5870389904411746, 'lag_20': 0.6704139977345074, 'lag_21': 0.4799349286385326, 'lag_22': 0.3344482146450002, 'lag_23': 0.8107723435795863, 'lag_24': 0.6387162194496036, 'lag_25': 0.6056915263577951, 'lag_26': 0.5232930320684605, 'lag_27': 0.9933050233615244, 'lag_28': 0.19621859304800893}. Best is trial 6 with value: 0.004473648248910995.
[I 2025-09-29 13:08:04,712] Trial 40 finished with value: 0.005844883462364957 and parameters: {'lag_0': 0.5016944289500817, 'lag_1': 0.9328528555653282, 'lag_2': 0.32806037366720014, 'lag_3': 0.9641205520557674, 'lag_4': 0.07911634089443215, 'lag_5': 0.5001554169454261, 'lag_6': 0.4573504375041752, 'lag_7': 0.05747250943580395, 'lag_8': 0.7550629548284823, 'lag_9': 0.5118821032270734, 'lag_10': 0.14458765394955458, 'lag_11': 0.32957873554889583, 'lag_12': 0.06308980395670218, 'lag_13': 0.06123039680177342, 'lag_14': 0.7846700907519651, 'lag_15': 0.28622117922374263, 'lag_16': 0.9163534488156244, 'lag_17': 0.8362884886324656, 'lag_18': 0.5298090856236057, 'lag_19': 0.8100504788222632, 'lag_20': 0.27895342231226694, 'lag_21': 0.16219606577200724, 'lag_22': 0.9961293565702155, 'lag_23': 0.09685738580809966, 'lag_24': 0.2882468892272084, 'lag_25': 0.7165322837261926, 'lag_26': 0.08429994636120622, 'lag_27': 0.5948743065927194, 'lag_28': 0.5063438419373696}. Best is trial 6 with value: 0.004473648248910995.
