[I 2025-10-03 11:31:39,765] Trial 12 finished with values: [0.0016, 0.0018430003867246543, 0.0008135685695502481, 0.0006017193000268574, 0.00034535759057329206, 0.0002837484709776393, 0.000955027594879286, 0.00042917963027266535, 0.0011588120435571847, 0.0012015971985215527, 0.0009109748392588117, 0.0008561082968796322, 0.004806835543701478, 0.02057613183700838, 0.0, 0.03734698922304603, 0.006661578605470268, 0.0005076795027820786, 0.007677731776600402, 0.00010730762880679307, 0.0050961217863431845, 0.002706953162746863, 0.0041473780088914, 0.006134420225546387, 0.0049350604573651325, 0.0022302247128941338, 0.000337768379353454, 0.0014219856910310303, 0.22420431015108214] and parameters: {'lag_0': 0.560213250800202, 'lag_1': 0.5179066840438483, 'lag_2': 0.7595663647736354, 'lag_3': 0.3800786416414577, 'lag_4': 0.4516243706657975, 'lag_5': 0.5707600978408558, 'lag_6': 0.46810779335751884, 'lag_7': 0.03528752398693817, 'lag_8': 0.7447042955614074, 'lag_9': 0.8877976483246695, 'lag_10': 0.8683978557346181, 'lag_11': 0.421491492483721, 'lag_12': 0.23490712156178392, 'lag_13': 0.09217850033457699, 'lag_14': 0.010573866853665133, 'lag_15': 0.3247910184959149, 'lag_16': 0.6507636046262929, 'lag_17': 0.06793577167667642, 'lag_18': 0.3893029208820443, 'lag_19': 0.759822352936527, 'lag_20': 0.37430239340892013, 'lag_21': 0.9120287642116958, 'lag_22': 0.8132110681470854, 'lag_23': 0.7442605975737882, 'lag_24': 0.5376188081293795, 'lag_25': 0.9317068638358156, 'lag_26': 0.8516430356435707, 'lag_27': 0.305307494054081, 'lag_28': 0.06427021303954572}.
[I 2025-10-03 11:31:42,420] Trial 13 finished with values: [0.006684807256235827, 0.0006367866688995153, 0.0009433448498580791, 0.001238425688018408, 0.0002938326492521698, 0.0005209762691758598, 0.0008577199962130399, 0.0005941729075400084, 0.0010594569218183203, 0.0013683227899882876, 0.0008032179445356211, 0.0010176029494617096, 0.004569710025780577, 0.020122342241326287, 0.0, 0.03865141569726787, 0.00558849389719594, 0.0006668055823192016, 0.00782869338916983, 7.18753660120422e-05, 0.005430255371889322, 0.0025008719360123765, 0.0033257593991122777, 0.004779057757640683, 0.005218300440447304, 0.0020644046575927404, 0.00011202339295778265, 0.000881195707867085, 0.23375748279571384] and parameters: {'lag_0': 0.23726394912966375, 'lag_1': 0.8565797945500294, 'lag_2': 0.02516422090418508, 'lag_3': 0.8763136884436492, 'lag_4': 0.39936700823601495, 'lag_5': 0.49563742916587833, 'lag_6': 0.9710120450937665, 'lag_7': 0.7922232346272735, 'lag_8': 0.5779920967025892, 'lag_9': 0.33352724816542395, 'lag_10': 0.680038739832448, 'lag_11': 0.02201602652904665, 'lag_12': 0.9822245694002575, 'lag_13': 0.8830777956076266, 'lag_14': 0.8006934102747537, 'lag_15': 0.17310662934602303, 'lag_16': 0.9577537585690477, 'lag_17': 0.21463350653880026, 'lag_18': 0.33094986806113064, 'lag_19': 0.1681422559840041, 'lag_20': 0.31835960151344717, 'lag_21': 0.4540851285160376, 'lag_22': 0.5881964616561526, 'lag_23': 0.559231812356559, 'lag_24': 0.6896918365518543, 'lag_25': 0.19188546058857214, 'lag_26': 0.16254775590678117, 'lag_27': 0.6211031638024053, 'lag_28': 0.2406905909518407}.
[I 2025-10-03 11:31:45,075] Trial 14 finished with values: [0.0016, 0.0005832964041422249, 0.0004154095097341743, 0.0008310890980832, 0.0007032033374950531, 0.0004760893189510616, 0.0004480521775653233, 0.0003302614181656097, 0.0007773299712884299, 0.0018978926009554959, 0.0005355196074750227, 0.0014453194645825905, 0.004516400061562764, 0.020682627325002353, 0.0, 0.0365187723972948, 0.006483505323074794, 0.0007120575107650731, 0.007132868614477564, 0.0002033144401996266, 0.0049241700941385705, 0.003245569400327483, 0.00335226572524198, 0.0063346834863624215, 0.005385458092008289, 0.00217868469660728, 0.000287211478422771, 0.0015542056799635548, 0.2396859504132231] and parameters: {'lag_0': 0.4688151001242093, 'lag_1': 0.9629797655308935, 'lag_2': 0.2870205554907551, 'lag_3': 0.5920385955828722, 'lag_4': 0.6814235263400642, 'lag_5': 0.6498910184405715, 'lag_6': 0.04775685729436234, 'lag_7': 0.7906595126327252, 'lag_8': 0.3609720708027859, 'lag_9': 0.6373508403341782, 'lag_10': 0.5553162884388675, 'lag_11': 0.10332202090272365, 'lag_12': 0.7616877792198208, 'lag_13': 0.4531447084940858, 'lag_14': 0.40472205431248764, 'lag_15': 0.001766142364383311, 'lag_16': 0.09257662842767306, 'lag_17': 0.07455001037710257, 'lag_18': 0.6159676412449977, 'lag_19': 0.422850793532713, 'lag_20': 0.9271856351490436, 'lag_21': 0.6640446050717589, 'lag_22': 0.8382569703594317, 'lag_23': 0.2897175568021982, 'lag_24': 0.5599417819900192, 'lag_25': 0.8139130171431511, 'lag_26': 0.029734605906945762, 'lag_27': 0.7086805014394065, 'lag_28': 0.048996390219020934}.
[I 2025-10-03 11:31:47,722] Trial 15 finished with values: [0.0017983471074380167, 0.0031635528112430845, 0.0010055643957522231, 0.0006765494125926089, 0.00031727524615538774, 0.000768286176221943, 0.0007645451967451471, 0.0006670395540425177, 0.0013842273593563407, 0.0009525727457854228, 0.0006375121142423859, 0.001637523037875948, 0.004302641570712744, 0.02072889212286692, 0.0, 0.034605206835501154, 0.007517164043467648, 0.0005508809119638357, 0.00669293354172253, 0.00016284407572377687, 0.004707220487530339, 0.0029406863626355957, 0.0038997398725220517, 0.005970936251245503, 0.00537136983069971, 0.0016753948872553312, 0.0003723033371494743, 0.0007796242736120465, 0.2140959076425109] and parameters: {'lag_0': 0.020788997507875755, 'lag_1': 0.01576741161206372, 'lag_2': 0.9032880450174805, 'lag_3': 0.9155784726396337, 'lag_4': 0.5965831111898221, 'lag_5': 0.9676169632122432, 'lag_6': 0.5669387858370486, 'lag_7': 0.7723270098935652, 'lag_8': 0.1661045918166776, 'lag_9': 0.33641181546959364, 'lag_10': 0.8467881071484715, 'lag_11': 0.30094610627313056, 'lag_12': 0.13989062510040803, 'lag_13': 0.6019849384517875, 'lag_14': 0.26386901626603215, 'lag_15': 0.5389927825257805, 'lag_16': 0.026688977327103278, 'lag_17': 0.2250494184232137, 'lag_18': 0.6381729862272882, 'lag_19': 0.799364113754708, 'lag_20': 0.08943533379574381, 'lag_21': 0.8662841426659217, 'lag_22': 0.7796294469923263, 'lag_23': 0.35082288996035355, 'lag_24': 0.8666702694498464, 'lag_25': 0.667013572438585, 'lag_26': 0.31956270395331904, 'lag_27': 0.37310257057626534, 'lag_28': 0.029331041326229566}.
[I 2025-10-03 11:31:50,375] Trial 16 finished with values: [0.0016082182774490468, 0.0007118562081437043, 0.0010655415472501455, 0.00017671386615456729, 0.0004134988190628998, 0.000871411531731822, 0.0004964773040048805, 0.0002339689708941199, 0.00028482592972065826, 0.0018654846923750763, 0.00029186170556224446, 0.0019124819873505027, 0.0038241939787252094, 0.020256207158407997, 0.0, 0.036590138368801824, 0.0055359970608542895, 0.0005324623606505552, 0.0063640995667959485, 0.00010130898171456684, 0.00477560144132645, 0.002996312920438108, 0.0047143389382531195, 0.003945429284320859, 0.005870569176151686, 0.0015996176906094013, 0.00014495085687092228, 0.0016548048059289995, 0.23094015844351348] and parameters: {'lag_0': 0.05978837092576321, 'lag_1': 0.5735220948101502, 'lag_2': 0.5681395383036595, 'lag_3': 0.1282647201945855, 'lag_4': 0.28357757340167294, 'lag_5': 0.6778696956451717, 'lag_6': 0.20048718826020456, 'lag_7': 0.9647572151193115, 'lag_8': 0.5033817294796773, 'lag_9': 0.3867751901935901, 'lag_10': 0.4172507345656459, 'lag_11': 0.2558135674879851, 'lag_12': 0.7806005701297963, 'lag_13': 0.4041154506709051, 'lag_14': 0.8655033090781314, 'lag_15': 0.07471474443856146, 'lag_16': 0.1493757244924198, 'lag_17': 0.34840976375102195, 'lag_18': 0.4993088595054528, 'lag_19': 0.7218465652002817, 'lag_20': 0.7576910554424328, 'lag_21': 0.6662422953614362, 'lag_22': 0.3227783272361219, 'lag_23': 0.9090915013781323, 'lag_24': 0.15709802172955709, 'lag_25': 0.5045643134080698, 'lag_26': 0.9945182810652234, 'lag_27': 0.30889626084579114, 'lag_28': 0.9721737322984346}.
[I 2025-10-03 11:31:53,025] Trial 17 finished with values: [0.0064, 0.0005511915831899906, 0.0018112453444229595, 0.0007999786632380317, 0.0007949994811496979, 0.0013377209482413502, 0.0008975761915018633, 0.0011529612934466312, 0.0011497264909120773, 0.0008120879351787794, 0.0009354288902300552, 0.0011368056517628397, 0.002808119595485526, 0.01914912993546377, 0.0, 0.03974351458183935, 0.006026443983037896, 0.0011672413431291367, 0.00801426570071233, 0.00014327755882543336, 0.005069272915265095, 0.002947033759322929, 0.004577857565476672, 0.005587179069519859, 0.00584915385701008, 0.0022049122516919536, 0.0003942302129784853, 0.0011901264374195421, 0.22168046151993853] and parameters: {'lag_0': 0.4359801573968477, 'lag_1': 0.5969744829384379, 'lag_2': 0.522040049306094, 'lag_3': 0.5469175774461796, 'lag_4': 0.5792038075339927, 'lag_5': 0.8587063775379583, 'lag_6': 0.5148617521973284, 'lag_7': 0.8726097336454305, 'lag_8': 0.9820831488521314, 'lag_9': 0.6680285152813671, 'lag_10': 0.4938135665466167, 'lag_11': 0.7458659437667019, 'lag_12': 0.7427142040721252, 'lag_13': 0.923629658669438, 'lag_14': 0.6354687579487571, 'lag_15': 0.6183149365635164, 'lag_16': 0.48524942733010873, 'lag_17': 0.7401571917707482, 'lag_18': 0.4148690257794563, 'lag_19': 0.9594628998463575, 'lag_20': 0.3356100576892028, 'lag_21': 0.7774696069408973, 'lag_22': 0.7980056398227927, 'lag_23': 0.13417636798000995, 'lag_24': 0.31958905169412866, 'lag_25': 0.6692763259201103, 'lag_26': 0.6006192437549406, 'lag_27': 0.9314708107458004, 'lag_28': 0.05917665623870715}.
[I 2025-10-03 11:31:55,672] Trial 18 finished with values: [0.004520918367346938, 0.005829415860564399, 0.00043407471407066474, 0.00029009686408823304, 0.0004891278493644601, 0.0011011001020833923, 0.0016767526049988196, 0.0005814531958021663, 0.0009141063885285599, 0.002031315098428348, 0.0006833457204714133, 0.0014586731663389246, 0.0028906771766865165, 0.019225271605390698, 0.0, 0.03660744778608306, 0.0062747226090030086, 0.0011874745142372435, 0.007084293331777983, 8.11632537148875e-05, 0.005337423267613358, 0.0028800064793520043, 0.004342132890878642, 0.0061529849006729505, 0.00478905071602401, 0.002345919974920904, 0.0005199773550275121, 0.0011021766734436202, 0.21733038669745772] and parameters: {'lag_0': 0.16160429872316054, 'lag_1': 0.8848184149197489, 'lag_2': 0.2581433521425622, 'lag_3': 0.6889853271224434, 'lag_4': 0.8224027362433649, 'lag_5': 0.5756635785054456, 'lag_6': 0.2978889946620179, 'lag_7': 0.9006998975498042, 'lag_8': 0.14472972938041825, 'lag_9': 0.5730967814848792, 'lag_10': 0.7355978822077329, 'lag_11': 0.14552979158251775, 'lag_12': 0.4445355917569169, 'lag_13': 0.24913297962891395, 'lag_14': 0.38833146595406864, 'lag_15': 0.09385118980644777, 'lag_16': 0.11204079267222938, 'lag_17': 0.23078773941424421, 'lag_18': 0.35378869181567546, 'lag_19': 0.5344020793443096, 'lag_20': 0.3020015517028203, 'lag_21': 0.8467076153632421, 'lag_22': 0.49539345994990724, 'lag_23': 0.298130153720378, 'lag_24': 0.9098921597982751, 'lag_25': 0.17424077548336808, 'lag_26': 0.1721340530386616, 'lag_27': 0.34370170098940567, 'lag_28': 0.3969158281173351}.
[I 2025-10-03 11:31:58,328] Trial 19 finished with values: [0.003395918367346939, 0.0008458462934604917, 0.0008687194252567385, 0.0007340090591921556, 0.0002731814887890613, 0.0014347811878076592, 0.0013941437321132364, 0.0006102020157557096, 0.0010681236717408654, 0.0011932010532427612, 0.0002763382515045859, 0.0015561461992435889, 0.004356560904350701, 0.018872289764815448, 0.0, 0.03622976544476244, 0.005418375756389818, 0.0016213986035827493, 0.0069047396920312865, 0.00010223175971761983, 0.005352108103069137, 0.0033075283081467712, 0.004527913410710668, 0.004370786930680757, 0.006168155539115277, 0.002309836063078367, 0.00032830842604513247, 0.0008041365085990553, 0.2333300680672648] and parameters: {'lag_0': 0.25248332831795617, 'lag_1': 0.7016323265198982, 'lag_2': 0.19766870026292846, 'lag_3': 0.9142843810775466, 'lag_4': 0.6763226305160338, 'lag_5': 0.2397950599940867, 'lag_6': 0.627266908858146, 'lag_7': 0.45516339808887474, 'lag_8': 0.4931677695038133, 'lag_9': 0.3706914058062571, 'lag_10': 0.40242648104530704, 'lag_11': 0.662309040557594, 'lag_12': 0.4982543298124095, 'lag_13': 0.7747824817650489, 'lag_14': 0.6126605858670582, 'lag_15': 0.011396998099583111, 'lag_16': 0.02474819491550853, 'lag_17': 0.3000555476956435, 'lag_18': 0.8810962409455096, 'lag_19': 0.43160369994619324, 'lag_20': 0.3669170015289899, 'lag_21': 0.12124390196119289, 'lag_22': 0.06141487649743204, 'lag_23': 0.25977516114113786, 'lag_24': 0.0475429953389282, 'lag_25': 0.7909602791040897, 'lag_26': 0.4059556496052453, 'lag_27': 0.06237373951952396, 'lag_28': 0.1738358801576131}.
[I 2025-10-03 11:32:00,985] Trial 20 finished with values: [0.002725, 0.002129172820073615, 0.0021101898078620066, 0.00021523459751473256, 0.0001908768272204335, 0.0011979418430671, 0.0005609762242279766, 0.00028617212998619196, 0.0002705485407256166, 0.0010532173473395841, 0.0006080976420938959, 0.001284042746253388, 0.005360358366224795, 0.021060111917445983, 0.0, 0.035292141403573084, 0.007205311225646864, 0.0009971726914569322, 0.00784707040131363, 7.443029757463727e-05, 0.004907526332327829, 0.003159565855777237, 0.003361626903623744, 0.004901142812637993, 0.005877550567833761, 0.0017315317519402118, 0.0002184996006178289, 0.0005873634202708404, 0.2247512956543558] and parameters: {'lag_0': 0.36779464849979626, 'lag_1': 0.36427673097891217, 'lag_2': 0.536639420625142, 'lag_3': 0.3388074200797672, 'lag_4': 0.2238545943670528, 'lag_5': 0.9095667896355994, 'lag_6': 0.7683779180426957, 'lag_7': 0.8824578383928832, 'lag_8': 0.40346310126486346, 'lag_9': 0.3976076836086012, 'lag_10': 0.5469800055819934, 'lag_11': 0.6620226142751371, 'lag_12': 0.8261021320654572, 'lag_13': 0.52129168084943, 'lag_14': 0.9256777507511287, 'lag_15': 0.7750989847525616, 'lag_16': 0.8535047683477955, 'lag_17': 0.7907990563013322, 'lag_18': 0.48357008426383125, 'lag_19': 0.08391222763055073, 'lag_20': 0.6839842368831658, 'lag_21': 0.3787873700920562, 'lag_22': 0.08773385674048713, 'lag_23': 0.34665701496838847, 'lag_24': 0.6506623447321166, 'lag_25': 0.8089813376084849, 'lag_26': 0.16477757190644046, 'lag_27': 0.1616775865113267, 'lag_28': 0.6736453441110806}.
[I 2025-10-03 11:32:03,635] Trial 21 finished with values: [0.003451473922902494, 0.0005763282788724647, 0.003459051384520498, 0.001094487766651131, 0.0004060735389989966, 0.0017439990029798958, 0.0007190914201947428, 0.0008308895296766037, 0.0006981243798181589, 0.0011386363459519118, 0.0009716547193204094, 0.0014012448452544284, 0.0041716527665077805, 0.02006862178670623, 0.0, 0.04414934109252853, 0.004179146082896598, 0.0010271847072970753, 0.008280940718569016, 0.00011887711223781794, 0.005074145979943265, 0.0031780890978246046, 0.003874836090317036, 0.005543465278619668, 0.005223621987121797, 0.0021545437983845894, 0.00028373988827157086, 0.0011246038595308864, 0.2299307504238342] and parameters: {'lag_0': 0.7858039076055245, 'lag_1': 0.8609571175465444, 'lag_2': 0.20606360321457579, 'lag_3': 0.3403823367076788, 'lag_4': 0.4187416313830079, 'lag_5': 0.8854508286351044, 'lag_6': 0.12569215637557746, 'lag_7': 0.7612287262130298, 'lag_8': 0.6408577908579627, 'lag_9': 0.6666067441938568, 'lag_10': 0.5010851770989005, 'lag_11': 0.7961768151160178, 'lag_12': 0.4520513418697359, 'lag_13': 0.23568065739022742, 'lag_14': 0.27313205835128607, 'lag_15': 0.7726267091907332, 'lag_16': 0.9048825569180189, 'lag_17': 0.9929274898230989, 'lag_18': 0.9886585812297922, 'lag_19': 0.8035613602784434, 'lag_20': 0.9085876927166141, 'lag_21': 0.5863093292965172, 'lag_22': 0.7795624487611481, 'lag_23': 0.8336845729894814, 'lag_24': 0.6882435966352536, 'lag_25': 0.5014384791493685, 'lag_26': 0.13327272347674834, 'lag_27': 0.13549810985288907, 'lag_28': 0.15125550236906662}.
[I 2025-10-03 11:32:06,293] Trial 22 finished with values: [0.0016555555555555555, 0.0011108184652722643, 0.0007241296420172727, 0.0006581841217667156, 0.00012777438103490438, 0.0011702224322282188, 0.0007575831224267052, 0.0004045557842448204, 0.0005512589305359727, 0.0017859088275343445, 0.000586696660878866, 0.0013648063035480496, 0.0049039083729533325, 0.020632606066745784, 0.0, 0.03926290369720307, 0.006191412506555962, 0.0008725419656114196, 0.0067057093739938374, 4.341899567230985e-05, 0.00544979419174804, 0.0018291281977168318, 0.00405698846388952, 0.005342548427577148, 0.005414571412562771, 0.0019536583110068137, 0.00023976282659047516, 0.0008165255949145606, 0.21321395622647707] and parameters: {'lag_0': 0.0417074849262077, 'lag_1': 0.6621924266960489, 'lag_2': 0.16027045665706613, 'lag_3': 0.494146681661329, 'lag_4': 0.4967287362822136, 'lag_5': 0.023804039083889776, 'lag_6': 0.9090569356250022, 'lag_7': 0.6553051228421776, 'lag_8': 0.7769567184767583, 'lag_9': 0.4402603594084602, 'lag_10': 0.6668432072098978, 'lag_11': 0.7865021361192074, 'lag_12': 0.6064321235864053, 'lag_13': 0.8148616125414466, 'lag_14': 0.15937691118447236, 'lag_15': 0.9215218702412162, 'lag_16': 0.3013264693616979, 'lag_17': 0.39075219308499204, 'lag_18': 0.455835931918911, 'lag_19': 0.061410047558299284, 'lag_20': 0.1313813546768377, 'lag_21': 0.5057489532874814, 'lag_22': 0.06511873924365373, 'lag_23': 0.2723160679138884, 'lag_24': 0.5520769797945435, 'lag_25': 0.048680384671157644, 'lag_26': 0.07062571879496839, 'lag_27': 0.5000703037516235, 'lag_28': 0.5847413987243862}.
[I 2025-10-03 11:32:08,947] Trial 23 finished with values: [0.005500826446280992, 0.0035548539715382077, 0.0005458226092665611, 0.0002996748294526426, 0.00052166584322778, 0.0014807667519140145, 0.0005553627610010165, 0.00018652340354750955, 0.00042985312871667936, 0.0010720702952968203, 0.0007991057572571847, 0.0009759838685881163, 0.004671676249514126, 0.021424950037615416, 0.0, 0.03670143480027837, 0.005087044064047826, 0.0015571034357079057, 0.00811461034604591, 0.00011186094971875443, 0.005910367570037169, 0.0028365358397666337, 0.004588234056918174, 0.004478908959850106, 0.004415884349242467, 0.0020278900339346785, 0.0005015631600782651, 0.0016891864184930406, 0.22853291666107758] and parameters: {'lag_0': 0.030180379099806306, 'lag_1': 0.6726255427222801, 'lag_2': 0.10874250111577816, 'lag_3': 0.7709296770058186, 'lag_4': 0.8580801207547352, 'lag_5': 0.9498912372313494, 'lag_6': 0.1356909255379342, 'lag_7': 0.3744582382416211, 'lag_8': 0.9158873586037855, 'lag_9': 0.1442376685816231, 'lag_10': 0.15880866547844077, 'lag_11': 0.07699206831859363, 'lag_12': 0.3315455576293291, 'lag_13': 0.5897354724760467, 'lag_14': 0.44705623360149543, 'lag_15': 0.5447513543173517, 'lag_16': 0.8659835076595426, 'lag_17': 0.5129536772310934, 'lag_18': 0.7689893755403683, 'lag_19': 0.6552317897174105, 'lag_20': 0.22168252808644456, 'lag_21': 0.8013952523213801, 'lag_22': 0.9034785422885337, 'lag_23': 0.18497234617511063, 'lag_24': 0.8443320601773174, 'lag_25': 0.6581332767982471, 'lag_26': 0.5357104428518087, 'lag_27': 0.3414716500311087, 'lag_28': 0.6991502014485779}.
[I 2025-10-03 11:32:11,603] Trial 24 finished with values: [0.002244020746584849, 0.0029686260636737883, 0.0008302182702692916, 0.00016229062599079308, 0.0003717651236782909, 0.00020704548732880732, 0.00044890814579560576, 0.0005243309449652327, 0.00135928274645757, 0.0012345999692243287, 0.0007224179484332048, 0.0013181804329665434, 0.0038155203276546345, 0.018094553054188982, 0.0, 0.03582449769295586, 0.00654625648456653, 0.0009378316770188719, 0.006870976615196503, 6.998711733921104e-05, 0.0058120256386063295, 0.002742007286293345, 0.0040116203789474555, 0.005127425334821871, 0.004966912059710471, 0.0015427933460249914, 0.0008140211593108879, 0.002194177432877672, 0.1980923102535536] and parameters: {'lag_0': 0.5202368930094852, 'lag_1': 0.7223069872382546, 'lag_2': 0.4086659768904666, 'lag_3': 0.5436800838466133, 'lag_4': 0.39033085139217727, 'lag_5': 0.8903560258954376, 'lag_6': 0.5259034265465627, 'lag_7': 0.9940162488840054, 'lag_8': 0.8448211870856023, 'lag_9': 0.12351479723797817, 'lag_10': 0.9056461165267523, 'lag_11': 0.18782711546578232, 'lag_12': 0.455488375860516, 'lag_13': 0.7428659404941428, 'lag_14': 0.3426089489414985, 'lag_15': 0.44722203927976817, 'lag_16': 0.8104542355422781, 'lag_17': 0.9684335337052403, 'lag_18': 0.5240358528530311, 'lag_19': 0.5873884725968808, 'lag_20': 0.03527119057679248, 'lag_21': 0.19139497744798115, 'lag_22': 0.32028115919659755, 'lag_23': 0.4505328079681136, 'lag_24': 0.7334647409270915, 'lag_25': 0.9288447617712076, 'lag_26': 0.8415446116910208, 'lag_27': 0.8707882403019955, 'lag_28': 0.9180925885557664}.
