2025-10-03 11:31:04,378 - distributed.nanny - INFO -         Start Nanny at: 'tcp://192.168.86.108:37463'
2025-10-03 11:31:05,711 - distributed.worker - INFO -       Start worker at: tcp://192.168.86.108:38825
2025-10-03 11:31:05,711 - distributed.worker - INFO -          Listening to: tcp://192.168.86.108:38825
2025-10-03 11:31:05,711 - distributed.worker - INFO -           Worker name:             SLURMCluster-7
2025-10-03 11:31:05,711 - distributed.worker - INFO -          dashboard at:       192.168.86.108:44165
2025-10-03 11:31:05,711 - distributed.worker - INFO - Waiting to connect to: tcp://192.168.86.108:45752
2025-10-03 11:31:05,711 - distributed.worker - INFO - -------------------------------------------------
2025-10-03 11:31:05,711 - distributed.worker - INFO -               Threads:                          1
2025-10-03 11:31:05,712 - distributed.worker - INFO -                Memory:                   9.31 GiB
2025-10-03 11:31:05,712 - distributed.worker - INFO -       Local Directory: /home1/zrentala/dask-worker-space/dask-scratch-space/worker-49fnq4b9
2025-10-03 11:31:05,712 - distributed.worker - INFO - -------------------------------------------------
2025-10-03 11:31:05,998 - distributed.worker - INFO - Starting Worker plugin shuffle
2025-10-03 11:31:05,999 - distributed.worker - INFO -         Registered to: tcp://192.168.86.108:45752
2025-10-03 11:31:05,999 - distributed.worker - INFO - -------------------------------------------------
2025-10-03 11:31:05,999 - distributed.core - INFO - Starting established connection to tcp://192.168.86.108:45752
[I 2025-10-03 11:31:06,064] A new study created in memory with name: no-name-b3eb20f5-a2c8-45d2-b517-db4daa9b1d30
[I 2025-10-03 11:31:08,725] Trial 0 finished with values: [0.08134616105395326, 0.008153006558939713, 0.0013851035402000374, 0.005810913821341712, 0.000388581620312394, 0.005427793988319713, 0.003426096535702665, 0.0034412389085914327, 0.003291581795584045, 0.0008939612601923672, 0.0010866011636195797, 0.0001568985809778082, 0.0024000118732485443, 0.0275725677916732, 0.0, 0.0008349323077602447, 0.003256151687885496, 0.0015088228373543087, 0.0009098243816679791, 0.00023086381585893959, 4.6746924191234625e-05, 0.00011267782172780427, 0.000331405574848915, 0.0005003914805450509, 6.489307907215987e-05, 0.000830381159785112, 0.000348445906238573, 0.0018467021316730837, 0.001823073918320938] and parameters: {'lag_0': 0.24588387967303166, 'lag_1': 0.2668992495452821, 'lag_2': 0.41933573237704286, 'lag_3': 0.16394219690837714, 'lag_4': 0.2676008372611826, 'lag_5': 0.3650559948547108, 'lag_6': 0.03930792153881916, 'lag_7': 0.7832182087648586, 'lag_8': 0.32423292482384886, 'lag_9': 0.18301186151622947, 'lag_10': 0.3300154635899106, 'lag_11': 0.840686943635025, 'lag_12': 0.258053655535091, 'lag_13': 0.13229654517723413, 'lag_14': 0.7857199586686395, 'lag_15': 0.27414708834452667, 'lag_16': 0.7377746374689875, 'lag_17': 0.11014494123500088, 'lag_18': 0.42000763653586365, 'lag_19': 0.1668824255845715, 'lag_20': 0.5553627717116039, 'lag_21': 0.1441141046994337, 'lag_22': 0.04575540918704172, 'lag_23': 0.5888768075225607, 'lag_24': 0.6709842612352118, 'lag_25': 0.11518892443464147, 'lag_26': 0.1593435937894216, 'lag_27': 0.2459651777381637, 'lag_28': 0.662350497348036}.
[I 2025-10-03 11:31:11,350] Trial 1 finished with values: [0.07401817208364828, 0.00909572378530691, 0.0015815513800164574, 0.011580951986578027, 0.0020148469119531517, 0.004022235985766021, 0.0018008235849528373, 0.002908373902659469, 0.0020860660946524917, 0.0008320250435105405, 0.001181930794578728, 0.00010132681327430849, 0.0019931957790277842, 0.02496070420662364, 0.0, 0.0005166444472839707, 0.0035945466815211955, 0.0012092519935533715, 0.0009021654529258053, 0.0001229041226700702, 2.2510512943050058e-05, 0.00020281979786161185, 0.00011672813844511605, 0.0007291613816479583, 3.6262889199899076e-05, 0.0006900926927118542, 0.00011891720584093616, 0.0014765489961932217, 0.0005879317301445222] and parameters: {'lag_0': 0.5685937790814144, 'lag_1': 0.3190946738668783, 'lag_2': 0.053693817588898525, 'lag_3': 0.6850195622756997, 'lag_4': 0.7493478448756935, 'lag_5': 0.3274996508578481, 'lag_6': 0.6164560303636617, 'lag_7': 0.4649015977297341, 'lag_8': 0.4007261490153556, 'lag_9': 0.39410103100335603, 'lag_10': 0.17265725214222505, 'lag_11': 0.9944378306709158, 'lag_12': 0.2783145418414973, 'lag_13': 0.1983562792724179, 'lag_14': 0.2579462944478985, 'lag_15': 0.42527813172214535, 'lag_16': 0.382763645641644, 'lag_17': 0.463404292368294, 'lag_18': 0.849113261766843, 'lag_19': 0.17895255939049576, 'lag_20': 0.6986095538657408, 'lag_21': 0.6074360367085732, 'lag_22': 0.1839464946501465, 'lag_23': 0.9639086511431209, 'lag_24': 0.07827230211848919, 'lag_25': 0.49677311201565827, 'lag_26': 0.7071762238901269, 'lag_27': 0.9502328567889899, 'lag_28': 0.8309299841298676}.
[I 2025-10-03 11:31:13,970] Trial 2 finished with values: [0.06458679794231743, 0.002136117479878559, 0.0023105264001984224, 0.010305320211006615, 0.0033031068284890414, 0.0043052014897750545, 0.0010594426668440707, 0.0034515171172154976, 0.0024853023554232273, 0.0028923164496300205, 0.0017334501963949963, 0.000322031942528126, 0.0031112905323582188, 0.026067790702904003, 0.0, 0.00029568541687605046, 0.0030234725600958544, 0.0015027709151820457, 0.0008021887895238196, 0.0001102750360874765, 7.909050027754082e-05, 0.00020083247511534734, 0.00017141336677323443, 0.0005206569439989456, 0.00010223854838864314, 0.000402303667382861, 0.00024787748554406207, 0.0018123734114359438, 0.0004129764445087252] and parameters: {'lag_0': 0.2844599905541591, 'lag_1': 0.8697881995664655, 'lag_2': 0.4901403907732192, 'lag_3': 0.13003146605441612, 'lag_4': 0.9900765976092211, 'lag_5': 0.964476115569801, 'lag_6': 0.13837012469756788, 'lag_7': 0.6191850585166919, 'lag_8': 0.0796542688934887, 'lag_9': 0.1259473188669362, 'lag_10': 0.28773225138576647, 'lag_11': 0.9902692209800423, 'lag_12': 0.2447139765777169, 'lag_13': 0.1623883825715464, 'lag_14': 0.17067754564663382, 'lag_15': 0.3553855593273724, 'lag_16': 0.7716591691534258, 'lag_17': 0.12841628096606605, 'lag_18': 0.38268729256088535, 'lag_19': 0.33205390966886494, 'lag_20': 0.1426425258026085, 'lag_21': 0.7767703052020828, 'lag_22': 0.10335895445886283, 'lag_23': 0.6163875291231846, 'lag_24': 0.3968743181467408, 'lag_25': 0.4660067921488176, 'lag_26': 0.5251514078794615, 'lag_27': 0.8746916500714882, 'lag_28': 0.9985168037780177}.
[I 2025-10-03 11:31:16,576] Trial 3 finished with values: [0.10158573233214854, 0.005743041030393722, 0.004483259709785788, 0.004111983874140382, 0.0012034315853959815, 0.004709427668722182, 0.001475104389738588, 0.0028651502426353496, 0.003768432087458748, 0.0015023202268622574, 0.0013719771156507862, 0.00026137861295149034, 0.0016903452998062545, 0.027294857562453905, 0.0, 0.0002495800563456074, 0.003467536137991291, 0.0012316470997168843, 0.0006042875629693033, 0.00012900178337658876, 3.48530111418843e-05, 9.165955691031716e-05, 0.0003766978601051188, 0.00022616838804078747, 9.12899934239217e-05, 0.0007622076281264321, 0.0002944952959487973, 0.002007462331977202, 0.0019298679713938098] and parameters: {'lag_0': 0.04337248285163942, 'lag_1': 0.28415404097699337, 'lag_2': 0.5987084904059601, 'lag_3': 0.3543866406062565, 'lag_4': 0.021240029476280117, 'lag_5': 0.6310325562042108, 'lag_6': 0.7367064447864602, 'lag_7': 0.221651011338763, 'lag_8': 0.8181084208101754, 'lag_9': 0.8155039968307313, 'lag_10': 0.8772169689217373, 'lag_11': 0.36767464483620205, 'lag_12': 0.9828585783750867, 'lag_13': 0.06725631151938695, 'lag_14': 0.6457015332002061, 'lag_15': 0.2460628470306462, 'lag_16': 0.17352113133235694, 'lag_17': 0.5841747427373348, 'lag_18': 0.08728218301430501, 'lag_19': 0.642640543842093, 'lag_20': 0.8867665632922666, 'lag_21': 0.22506137922935293, 'lag_22': 0.75178384352472, 'lag_23': 0.9684847649379273, 'lag_24': 0.15986155079718065, 'lag_25': 0.7716274106279556, 'lag_26': 0.42769206123394266, 'lag_27': 0.8905229064389649, 'lag_28': 0.2493136204703553}.
[I 2025-10-03 11:31:19,196] Trial 4 finished with values: [0.11621689998313375, 0.0022998934674416886, 0.0007679231342556922, 0.005054091543043723, 0.0008635253009344042, 0.00280711444255725, 0.0026159101131207354, 0.004196692923986429, 0.004785977080136528, 0.001859932804112108, 0.0013658092811084884, 0.00048550982999407647, 0.002021859678870158, 0.024837358486154433, 0.0, 0.0012577362896237273, 0.004109388691026528, 0.001377259280806115, 0.0008934500660694063, 3.61291734083328e-05, 6.896093778323983e-05, 0.00015966415723452597, 0.0003870951336119552, 0.0004567820616533832, 0.00011054534980948817, 0.0006884589430714626, 0.00012523077650809046, 0.0029292538636958463, 0.0017312530605837705] and parameters: {'lag_0': 0.7180153937666813, 'lag_1': 0.9686334633453081, 'lag_2': 0.7575960566971981, 'lag_3': 0.5429478852626789, 'lag_4': 0.5827702988206731, 'lag_5': 0.30628383899811545, 'lag_6': 0.9095417454551474, 'lag_7': 0.35405208018660017, 'lag_8': 0.09038656740540632, 'lag_9': 0.767864763570515, 'lag_10': 0.04957875129989382, 'lag_11': 0.3842849366131586, 'lag_12': 0.335488936683812, 'lag_13': 0.8709707632177999, 'lag_14': 0.7730724781954434, 'lag_15': 0.00242383917265884, 'lag_16': 0.1665411644493488, 'lag_17': 0.26599181841913533, 'lag_18': 0.6565549831274704, 'lag_19': 0.17274789866139592, 'lag_20': 0.600738693559978, 'lag_21': 0.7252581769776194, 'lag_22': 0.8605868475588335, 'lag_23': 0.6566074308747614, 'lag_24': 0.8852573916747184, 'lag_25': 0.2565896734465244, 'lag_26': 0.7923844546755746, 'lag_27': 0.7571576165166175, 'lag_28': 0.8872005076728068}.
[I 2025-10-03 11:31:21,804] Trial 5 finished with values: [0.061895817586293776, 0.0068539656858334465, 0.0036660304491920063, 0.005384194770971337, 0.0020523682850324704, 0.0038344011042836168, 0.0008365516404663589, 0.002115604115861819, 0.0028529761620636218, 0.002497031042483841, 0.000711948638003593, 0.00013643973838561285, 0.003242908383957564, 0.02269456229284928, 0.0, 0.0010906464164697558, 0.00302879385059163, 0.0012743024961079062, 0.001031394300570592, 9.95643672434076e-05, 4.076179725736373e-05, 0.0002546424191482392, 0.00017505029303020738, 0.00023765630718437054, 3.201169888344716e-05, 0.0009593352253570494, 0.0002404087162452521, 0.0025873280983963963, 0.0014683940992453585] and parameters: {'lag_0': 0.27149323731014313, 'lag_1': 0.20497920773817607, 'lag_2': 0.3714283297611757, 'lag_3': 0.553315203150987, 'lag_4': 0.9711544248946211, 'lag_5': 0.5831063078040121, 'lag_6': 0.969333154690452, 'lag_7': 0.3943099924164558, 'lag_8': 0.09520951431542735, 'lag_9': 0.961361314285062, 'lag_10': 0.5336784843011348, 'lag_11': 0.5904976244471108, 'lag_12': 0.8961825940003951, 'lag_13': 0.5637934954926273, 'lag_14': 0.5548969117368474, 'lag_15': 0.11080722559465685, 'lag_16': 0.06445105759411046, 'lag_17': 0.6100494684108303, 'lag_18': 0.5748656166759377, 'lag_19': 0.7440538358429448, 'lag_20': 0.7644185558946225, 'lag_21': 0.8003732051694868, 'lag_22': 0.8659583651541369, 'lag_23': 0.31866537782535603, 'lag_24': 0.20963065781865972, 'lag_25': 0.22471071996174014, 'lag_26': 0.9451208792026699, 'lag_27': 0.10342417633352989, 'lag_28': 0.9833770043164062}.
[I 2025-10-03 11:31:24,414] Trial 6 finished with values: [0.11940369897959184, 0.002284595799246228, 0.004456580462904267, 0.008389578011874028, 0.0007903601957127525, 0.0025167718242181366, 0.003181502739482073, 0.003978896676144392, 0.0021367858691000927, 0.0009613906202807365, 0.0013515703971831209, 0.00034439466736990184, 0.0021829639870213093, 0.023531628540817452, 0.0, 0.00044778344155162994, 0.003741476228742331, 0.0011343804817713298, 0.0009892297271389184, 5.916602074628023e-05, 0.00011437475580300162, 9.876853542714612e-05, 0.0002543471749720917, 0.0003324749260984087, 8.853927175369461e-05, 0.0006293278781789679, 0.0003268452612650931, 0.001411919816049339, 0.0008166520130094143] and parameters: {'lag_0': 0.023156442214444718, 'lag_1': 0.9854245326351164, 'lag_2': 0.13816504992307096, 'lag_3': 0.5494107529493786, 'lag_4': 0.9379285722832128, 'lag_5': 0.4425402150518077, 'lag_6': 0.6866785776095852, 'lag_7': 0.9099826374431593, 'lag_8': 0.5544900917659679, 'lag_9': 0.6764280008716816, 'lag_10': 0.07499430505575176, 'lag_11': 0.10972468097997977, 'lag_12': 0.20471680868487455, 'lag_13': 0.3292402481340338, 'lag_14': 0.5942266020150586, 'lag_15': 0.2907332988560355, 'lag_16': 0.6197823445927081, 'lag_17': 0.5414166284128922, 'lag_18': 0.4758623100398054, 'lag_19': 0.604520618891713, 'lag_20': 0.114556016853188, 'lag_21': 0.8617616258066068, 'lag_22': 0.3736470870036955, 'lag_23': 0.7007496868138143, 'lag_24': 0.8453319311408595, 'lag_25': 0.4372219847844738, 'lag_26': 0.011887466882262058, 'lag_27': 0.9180333790221495, 'lag_28': 0.28634528182456936}.
[I 2025-10-03 11:31:27,025] Trial 7 finished with values: [0.12755102040816327, 0.003813599404258744, 0.002484253118963673, 0.0062582632011666224, 0.00040313615940182, 0.003995907153030169, 0.004949292539706699, 0.002743254809736948, 0.002803989786819645, 0.0014633183749170585, 0.0009678939947201714, 0.00047924715368552934, 0.002422305608447463, 0.028434725418573115, 0.0, 0.00046828589324118114, 0.003043840619430043, 0.0013455732819911627, 0.0006878437958136634, 0.00012659250201967843, 2.2472230875563795e-05, 9.234293239135953e-05, 0.0001821087864940622, 0.00023353844807000754, 8.299419686902249e-05, 0.0010391757706184302, 2.711185512417547e-05, 0.0014916362207301347, 0.0007960457948650989] and parameters: {'lag_0': 0.17352084157918135, 'lag_1': 0.1321295451094035, 'lag_2': 0.973341219359386, 'lag_3': 0.7729155734582425, 'lag_4': 0.3173516727545048, 'lag_5': 0.11518820986661775, 'lag_6': 0.08452030425012516, 'lag_7': 0.8674394410584791, 'lag_8': 0.44602537257040836, 'lag_9': 0.0010915950819797245, 'lag_10': 0.3684782975867703, 'lag_11': 0.805937525662433, 'lag_12': 0.6084695130403031, 'lag_13': 0.3160221699510431, 'lag_14': 0.9350226441385155, 'lag_15': 0.9796504488793487, 'lag_16': 0.2321608134902819, 'lag_17': 0.2748668039634461, 'lag_18': 0.5091487962262701, 'lag_19': 0.5424626380548083, 'lag_20': 0.09889380114741121, 'lag_21': 0.2512253492630737, 'lag_22': 0.41449770204137293, 'lag_23': 0.22928578438712693, 'lag_24': 0.8462128975688732, 'lag_25': 0.9016501917464557, 'lag_26': 0.22926118350216948, 'lag_27': 0.22074188121386737, 'lag_28': 0.20896571592838453}.
[I 2025-10-03 11:31:29,636] Trial 8 finished with values: [0.10114973072562358, 0.009045389031143195, 0.003056965067869621, 0.003874116490892622, 0.001545383056071044, 0.0070490419106999215, 0.0016145158814679897, 0.00200124939255763, 0.0027294423835910577, 0.0018527017007369032, 0.0009771134358306766, 0.00035985431920942327, 0.0015351035745176551, 0.02367131217668567, 0.0, 0.0004245695091787862, 0.003591572821076837, 0.0012009005646643582, 0.0006081728139569027, 0.00012835559354875623, 4.629814763390905e-05, 0.00010346448830480428, 9.005095444678957e-05, 0.00024808882761327813, 0.0001017059618369479, 0.0004161107575331685, 0.0004456455215427128, 0.0013497662397966759, 0.0011911743296132203] and parameters: {'lag_0': 0.6439671266427839, 'lag_1': 0.15421605535928562, 'lag_2': 0.8941543591780252, 'lag_3': 0.6188436820197996, 'lag_4': 0.8866293470285922, 'lag_5': 0.7981557383440089, 'lag_6': 0.31511019363906534, 'lag_7': 0.6272577187248498, 'lag_8': 0.5704734446386069, 'lag_9': 0.751799830870752, 'lag_10': 0.5722719494856757, 'lag_11': 0.9704256837885126, 'lag_12': 0.3924802546140433, 'lag_13': 0.8637120237708577, 'lag_14': 0.11959381135859061, 'lag_15': 0.9228710343008382, 'lag_16': 0.8832207679654669, 'lag_17': 0.055960312771208325, 'lag_18': 0.14435775078788396, 'lag_19': 0.7874209476466092, 'lag_20': 0.6678418398415804, 'lag_21': 0.9301021282677224, 'lag_22': 0.17161847063339422, 'lag_23': 0.5094905175208283, 'lag_24': 0.4170353323820568, 'lag_25': 0.4243697815101241, 'lag_26': 0.7375716575356559, 'lag_27': 0.3704917125505847, 'lag_28': 0.8026653648621417}.
[I 2025-10-03 11:31:32,244] Trial 9 finished with values: [0.10785147392290251, 0.003923320965392667, 0.005547835406351891, 0.004744998453578211, 0.0010668877349290587, 0.003891319089712131, 0.003335705948377038, 0.0029882470360554974, 0.002130218549196617, 0.0008565024658548665, 0.0010231221442934028, 0.00019811725923070582, 0.0018974673185279535, 0.02510981788158801, 0.0, 0.0009565705053327147, 0.0031023357728690373, 0.0012270184968130164, 0.0006952532361658059, 0.00020858614254765502, 3.518417150419611e-05, 0.00011302649541705204, 0.00025520568631771576, 0.000225778194168847, 0.00018227961342565221, 0.0007084215510774752, 0.00020124603579104553, 0.00194513977973242, 0.0010654535734652183] and parameters: {'lag_0': 0.5237972863457964, 'lag_1': 0.06170035795972272, 'lag_2': 0.19997512272176524, 'lag_3': 0.8762080394721207, 'lag_4': 0.7005888544878592, 'lag_5': 0.2113982453548476, 'lag_6': 0.08473574063966924, 'lag_7': 0.10024691995808346, 'lag_8': 0.4002945559112279, 'lag_9': 0.3995257214980251, 'lag_10': 0.3239920114258374, 'lag_11': 0.7874123352857275, 'lag_12': 0.5158911508414302, 'lag_13': 0.7717938390956326, 'lag_14': 0.12156140639199053, 'lag_15': 0.2909484268709576, 'lag_16': 0.3537435986522788, 'lag_17': 0.5796081897907882, 'lag_18': 0.34257171768526895, 'lag_19': 0.5560711340000392, 'lag_20': 0.3878121998587645, 'lag_21': 0.2945202807646374, 'lag_22': 0.36599598650639975, 'lag_23': 0.938908948708757, 'lag_24': 0.05032620608913382, 'lag_25': 0.24627397534860546, 'lag_26': 0.48695413271993404, 'lag_27': 0.043206184587758954, 'lag_28': 0.22610782124076614}.
[I 2025-10-03 11:31:34,946] Trial 10 finished with values: [0.11621689998313375, 0.005283795937212463, 0.003677103076337818, 0.007900983599535217, 0.0015917307026330992, 0.004435853117134012, 0.0025088741086832693, 0.002137261972225743, 0.00424243216297829, 0.0014872548527084949, 0.0017040188351388184, 5.5175390596872784e-05, 0.0027732873410294583, 0.025773340035413077, 0.0, 0.00037837574485861063, 0.00393290861963515, 0.000724475509708664, 0.0009291482299754626, 0.000222921163470458, 0.0001872828132390396, 0.000281591960056688, 0.00024471747565707073, 0.0005204106877496418, 3.769438991829845e-05, 0.0010253975015209946, 0.00028217308919909796, 0.00219743876123206, 0.002179609660872908] and parameters: {'lag_0': 0.7770341685592647, 'lag_1': 0.4863530555041544, 'lag_2': 0.7537603531385851, 'lag_3': 0.4262849768716658, 'lag_4': 0.4255220421190061, 'lag_5': 0.5572377147093788, 'lag_6': 0.5300463524486434, 'lag_7': 0.11926626905816483, 'lag_8': 0.8479896347019028, 'lag_9': 0.2605217610454281, 'lag_10': 0.4844805894794923, 'lag_11': 0.08222880980778279, 'lag_12': 0.4888980651207787, 'lag_13': 0.12019107692855666, 'lag_14': 0.07631630701357604, 'lag_15': 0.06831268045787532, 'lag_16': 0.9887767386355492, 'lag_17': 0.9983905263319465, 'lag_18': 0.9698184000559342, 'lag_19': 0.710353433861742, 'lag_20': 0.8526685743070255, 'lag_21': 0.9955177639919056, 'lag_22': 0.6656475421995715, 'lag_23': 0.18392033565814359, 'lag_24': 0.4306608157979472, 'lag_25': 0.35180837139848764, 'lag_26': 0.7914473953646339, 'lag_27': 0.7921601537539104, 'lag_28': 0.6922709861323553}.
[I 2025-10-03 11:31:37,569] Trial 11 finished with values: [0.08068480725623582, 0.007717697369891275, 0.0028165505154371935, 0.008136405247859389, 0.00020539133775027322, 0.004830052190072124, 0.002846859870098698, 0.0029886329509669885, 0.003651560546216509, 0.000779493134936017, 0.0016579299135500616, 0.00046611643080032665, 0.0015276551489726063, 0.02560407600336783, 0.0, 0.0005473450601905523, 0.0039376752573895045, 0.001075232961471322, 0.0008240383946260806, 0.00022436690816950733, 0.00012956465668309813, 0.0001487110670478078, 0.00014797068889929672, 0.00023536952507019395, 3.4345280548704965e-05, 0.0006845348309454638, 7.979616428170912e-05, 0.002114702803015032, 0.00022240628232241127] and parameters: {'lag_0': 0.6763805063540793, 'lag_1': 0.11742520717358426, 'lag_2': 0.6805566838949997, 'lag_3': 0.008870330089720099, 'lag_4': 0.39392539990206943, 'lag_5': 0.6393633037420091, 'lag_6': 0.7859053813535637, 'lag_7': 0.2331151173882025, 'lag_8': 0.5897694441020738, 'lag_9': 0.34950990622372374, 'lag_10': 0.4522577163659941, 'lag_11': 0.4953385651081715, 'lag_12': 0.8275822709551203, 'lag_13': 0.6195620490305349, 'lag_14': 0.04469961155499196, 'lag_15': 0.5267134278537029, 'lag_16': 0.8043289154705715, 'lag_17': 0.19900992628304323, 'lag_18': 0.47740445043499674, 'lag_19': 0.17289939417582326, 'lag_20': 0.3722027657191058, 'lag_21': 0.8991699698743533, 'lag_22': 0.40343516434275806, 'lag_23': 0.22331598880915177, 'lag_24': 0.46635514527137667, 'lag_25': 0.9702761672220236, 'lag_26': 0.5226566851869818, 'lag_27': 0.725387251255405, 'lag_28': 0.25830095277735804}.
