[I 2025-10-03 11:31:39,812] Trial 12 finished with values: [0.03305785123966942, 0.0031345792875364957, 0.0031260992565687686, 0.0029799855994454235, 0.0008169212470252793, 0.005868112669471689, 0.0008558188077431092, 0.0023919424080147836, 0.0008597854502567185, 0.0001132307106901408, 0.00016260604959800778, 6.125732492535947e-05, 0.02458697489315639, 0.005216759128688549, 0.0, 0.07628072510502142, 0.0023056636114740818, 0.0005483359673845253, 0.009396464831322102, 0.007108065074524566, 0.017194735921412595, 0.0009352621100308326, 0.0008318904553005678, 5.0164399343132675e-05, 0.01565139647333622, 0.00035990307467731914, 0.0010529652971053, 0.0010023544660727323, 0.0013563006194696515] and parameters: {'lag_0': 0.11196134117717056, 'lag_1': 0.8806719164443688, 'lag_2': 0.8505707232667074, 'lag_3': 0.9875913763862776, 'lag_4': 0.6272506868051048, 'lag_5': 0.10237194493022214, 'lag_6': 0.3391695091523567, 'lag_7': 0.3328697667370348, 'lag_8': 0.8306902318313159, 'lag_9': 0.8209641005429815, 'lag_10': 0.3725046743657552, 'lag_11': 0.9737903064887927, 'lag_12': 0.13092599461313964, 'lag_13': 0.11085443539476743, 'lag_14': 0.8690572487765869, 'lag_15': 0.9946227196955129, 'lag_16': 0.07729315372945757, 'lag_17': 0.9853667752646345, 'lag_18': 0.42800610621263296, 'lag_19': 0.8523950213292928, 'lag_20': 0.06441535497680644, 'lag_21': 0.38017400892948044, 'lag_22': 0.46601029141438194, 'lag_23': 0.92330229370926, 'lag_24': 0.3313185399965115, 'lag_25': 0.7179906299242923, 'lag_26': 0.9592669937294496, 'lag_27': 0.6918705038494041, 'lag_28': 0.15941873413877403}.
[I 2025-10-03 11:31:42,471] Trial 13 finished with values: [0.03305785123966942, 0.0032860761156561892, 0.003481649552769003, 0.001684734293277856, 0.0004526981276573667, 0.0038912875780850015, 0.0007108453019371954, 0.0031405262706682953, 0.0008665475369838277, 0.000560648339477154, 0.00010192636964044942, 0.0003848816018627919, 0.028755950265227443, 0.0038294181333956, 0.0, 0.08220681113730134, 0.0024762646654050992, 0.0004888769665258674, 0.010005756185111583, 0.007556902890895259, 0.017286697436628, 0.0007718724317105101, 0.000788754923166285, 4.849578304628841e-05, 0.015615380163228035, 0.0007617245814571335, 0.0010849592495339345, 0.0011345415360706089, 0.0012692131184838854] and parameters: {'lag_0': 0.9016256523934583, 'lag_1': 0.10777952689706025, 'lag_2': 0.3677949723900044, 'lag_3': 0.01181442619171799, 'lag_4': 0.2284765084344243, 'lag_5': 0.2755811918374544, 'lag_6': 0.030786752328160975, 'lag_7': 0.663216876473565, 'lag_8': 0.2940253726653311, 'lag_9': 0.3602966728226679, 'lag_10': 0.6967325115893976, 'lag_11': 0.07819677350631576, 'lag_12': 0.5028048003178877, 'lag_13': 0.9595867707336228, 'lag_14': 0.9904420867280738, 'lag_15': 0.7326025915790254, 'lag_16': 0.025075883954212987, 'lag_17': 0.1177814919082678, 'lag_18': 0.9215614330245593, 'lag_19': 0.2600308504861776, 'lag_20': 0.7613642940279662, 'lag_21': 0.729643458845982, 'lag_22': 0.7015693162266793, 'lag_23': 0.8553247338703946, 'lag_24': 0.6445156732499712, 'lag_25': 0.18754190722895167, 'lag_26': 0.26529324374373986, 'lag_27': 0.7342974276241124, 'lag_28': 0.9921523379679533}.
[I 2025-10-03 11:31:45,141] Trial 14 finished with values: [0.028386134067952252, 0.0008293451823191116, 0.002379347011164268, 0.0012851539111717917, 0.0013167577404151482, 0.004621650867003, 0.0007404664338233719, 0.004342112900959977, 0.0006753327086583512, 0.00041676938089518344, 3.859199446627757e-05, 8.353973763916103e-05, 0.027812770251679005, 0.0026561059661007976, 0.0, 0.07579635515365278, 0.0031429001091993793, 0.0003718607195325894, 0.009416562111262631, 0.0069733784869518605, 0.01685744405840419, 0.0014234756718708834, 0.0002590493215553747, 0.00011302464808499104, 0.014909124953709807, 0.00040880621759823224, 0.0014376641672183264, 0.0013931746396465797, 0.0005232528162268304] and parameters: {'lag_0': 0.5772620584484512, 'lag_1': 0.312374693190931, 'lag_2': 0.2503417250131458, 'lag_3': 0.2769033743670863, 'lag_4': 0.17523657559932565, 'lag_5': 0.9078030425009799, 'lag_6': 0.3214186761934922, 'lag_7': 0.49542566669974336, 'lag_8': 0.0533460604959929, 'lag_9': 0.7096227815968856, 'lag_10': 0.5186398363680664, 'lag_11': 0.6489640725271276, 'lag_12': 0.9967389170745186, 'lag_13': 0.5880775527422554, 'lag_14': 0.19996308829407972, 'lag_15': 0.7152205049016452, 'lag_16': 0.14370699155738612, 'lag_17': 0.14096042742943718, 'lag_18': 0.8596223806427749, 'lag_19': 0.29410628796761407, 'lag_20': 0.6391686831097358, 'lag_21': 0.028348809589016755, 'lag_22': 0.20471177541072505, 'lag_23': 0.6612401436190454, 'lag_24': 0.9562180110089977, 'lag_25': 0.5269825160185045, 'lag_26': 0.07092782499831825, 'lag_27': 0.3389176253406582, 'lag_28': 0.5832976878075793}.
[I 2025-10-03 11:31:47,804] Trial 15 finished with values: [0.015512499765746517, 0.000989835343044743, 0.0022402094050624575, 0.0003703168622467421, 0.0002319009205047691, 0.0048385378678378384, 0.00027892746672983755, 0.005067982239706842, 0.00023569522159393703, 0.0008208006014318982, 0.0002340315076727523, 0.0001265271334482862, 0.024329298096383276, 0.003379273700976965, 0.0, 0.0861050994847065, 0.003522285962916403, 0.0004566252367459378, 0.01010118498985478, 0.007969784644749022, 0.01609037461206512, 0.0012851940184417726, 0.0003816780557249669, 3.118213725111363e-05, 0.014622118013000323, 0.0002865646547547021, 0.001010126500123219, 0.0010560750044007663, 0.0011928321116499146] and parameters: {'lag_0': 0.43154956565191765, 'lag_1': 0.13772658170923116, 'lag_2': 0.13579574803207586, 'lag_3': 0.10146211613864299, 'lag_4': 0.025611211446676843, 'lag_5': 0.11161452403716841, 'lag_6': 0.972476596389327, 'lag_7': 0.5595574715882546, 'lag_8': 0.05930725314991951, 'lag_9': 0.5695058937113456, 'lag_10': 0.9782682698344183, 'lag_11': 0.9309686465945654, 'lag_12': 0.06495522846950645, 'lag_13': 0.7387256832900891, 'lag_14': 0.00410357763026832, 'lag_15': 0.9642608087314095, 'lag_16': 0.8884016910861462, 'lag_17': 0.5310624958216001, 'lag_18': 0.8739993436578909, 'lag_19': 0.7565098764003965, 'lag_20': 0.49442880059359506, 'lag_21': 0.746632953335644, 'lag_22': 0.9906600993135569, 'lag_23': 0.9624287571586224, 'lag_24': 0.5004243863467971, 'lag_25': 0.7337890889809324, 'lag_26': 0.16942876142700472, 'lag_27': 0.8291527733559452, 'lag_28': 0.12232539074622448}.
[I 2025-10-03 11:31:50,469] Trial 16 finished with values: [0.02778512396694215, 0.0005604315868504262, 0.0012639518465803999, 0.0009682926141582001, 0.0019363712425507773, 0.0037821863534895734, 0.0004179669073436726, 0.0036415032734909017, 0.0006753395333415343, 0.0005895233825688412, 0.00021515202208877452, 0.0004574885524332207, 0.024405476873774014, 0.0044274812563332, 0.0, 0.08005865519921664, 0.001955058566438134, 0.00044388102015212604, 0.009354881971043111, 0.006661467068698673, 0.016582414871133565, 0.0015493075091965527, 0.000366981664148223, 5.5251773586308865e-05, 0.016343159402329582, 0.0008659522778016914, 0.0012351140495829801, 0.0010492731620527667, 0.0010127419150093853] and parameters: {'lag_0': 0.8850016375461316, 'lag_1': 0.4535594194044422, 'lag_2': 0.13220081326392835, 'lag_3': 0.8224540850127183, 'lag_4': 0.9378357039151903, 'lag_5': 0.4344608525862617, 'lag_6': 0.19459412883353633, 'lag_7': 0.06378649754141133, 'lag_8': 0.05381526845364563, 'lag_9': 0.7792886984231291, 'lag_10': 0.6089780732447854, 'lag_11': 0.12275241793240232, 'lag_12': 0.9672726343277127, 'lag_13': 0.31082022381333846, 'lag_14': 0.7349520419064832, 'lag_15': 0.8759379697167594, 'lag_16': 0.23319645711228928, 'lag_17': 0.5283950709594621, 'lag_18': 0.9780343245743292, 'lag_19': 0.013477388129553151, 'lag_20': 0.134498843126856, 'lag_21': 0.3185038853087377, 'lag_22': 0.5872252361803898, 'lag_23': 0.26376468000491565, 'lag_24': 0.6981895118520431, 'lag_25': 0.4496322644395923, 'lag_26': 0.2813874542528668, 'lag_27': 0.11149803210580811, 'lag_28': 0.9363612849968985}.
[I 2025-10-03 11:31:53,120] Trial 17 finished with values: [0.02649219467401286, 0.0015368011614252403, 0.0018961571289917393, 0.001352597325642839, 0.000779233824172613, 0.004390123850264531, 0.0007747167905313651, 0.004272157064919483, 0.0006840391649315522, 0.0006749975597779285, 0.0004807552968278312, 0.0002649354394660488, 0.028790439196990435, 0.004250876297229399, 0.0, 0.07391029266214813, 0.0021428672257804127, 0.0003940861623704424, 0.009402604427216434, 0.007462839141857016, 0.015298893392556311, 0.0016080971437672877, 0.00047455650919282484, 0.00016321753739344035, 0.015195576777540618, 0.0006034346752135003, 0.0013977001217227204, 0.0009095316911232675, 0.000857894792024089] and parameters: {'lag_0': 0.6033923991008561, 'lag_1': 0.900812739409349, 'lag_2': 0.04678507029149662, 'lag_3': 0.9787308118666213, 'lag_4': 0.12313918691263073, 'lag_5': 0.844098580360276, 'lag_6': 0.030083274185926507, 'lag_7': 0.7861834846435337, 'lag_8': 0.16437368413777298, 'lag_9': 0.9344782293626123, 'lag_10': 0.4245199856098587, 'lag_11': 0.4893134710795287, 'lag_12': 0.8226058535252204, 'lag_13': 0.154406791439237, 'lag_14': 0.7096864750688376, 'lag_15': 0.5078772482689538, 'lag_16': 0.5934624317441936, 'lag_17': 0.3794700033177861, 'lag_18': 0.4968971195839507, 'lag_19': 0.7115732711860084, 'lag_20': 0.205121135902274, 'lag_21': 0.11230350330745299, 'lag_22': 0.8673914161263853, 'lag_23': 0.06616591331760645, 'lag_24': 0.1559727868798865, 'lag_25': 0.2571019974156676, 'lag_26': 0.31966654705698316, 'lag_27': 0.06471909735237875, 'lag_28': 0.6006033381837134}.
[I 2025-10-03 11:31:55,777] Trial 18 finished with values: [0.02361072693540226, 0.005979656287569944, 0.007233731093447532, 0.0011339406982521533, 0.0002812434791092524, 0.005371923023354877, 0.00015052498891042826, 0.0034217059872150095, 0.0012757954972061549, 0.0004876687561532895, 0.0002121397578538896, 0.00012897908287134313, 0.027156400088950837, 0.003534742876046643, 0.0, 0.08483345622335475, 0.002887591446115436, 0.0005554870172256922, 0.009085254070427881, 0.008041739524221018, 0.017765543455997356, 0.0009648974097666331, 0.0005192057079950638, 0.0001634562895043784, 0.015614979048465543, 0.0004529253535956085, 0.0011914728637735295, 0.0007232457177395651, 0.001287471696075212] and parameters: {'lag_0': 0.45772400096656013, 'lag_1': 0.6504147671178815, 'lag_2': 0.5563280731476934, 'lag_3': 0.4928235332948304, 'lag_4': 0.1453376800209962, 'lag_5': 0.5851621805693439, 'lag_6': 0.8731563691231429, 'lag_7': 0.9528606309701435, 'lag_8': 0.42117619350680885, 'lag_9': 0.5510970848022683, 'lag_10': 0.9425570113842321, 'lag_11': 0.8484554569620614, 'lag_12': 0.8517680115566862, 'lag_13': 0.5520066283684403, 'lag_14': 0.9246477208140247, 'lag_15': 0.9684840857109118, 'lag_16': 0.13520956931005548, 'lag_17': 0.9873841942229, 'lag_18': 0.3004814365764355, 'lag_19': 0.1467885259388411, 'lag_20': 0.6437591151906019, 'lag_21': 0.8912188339879403, 'lag_22': 0.9204818146321634, 'lag_23': 0.03764674028597779, 'lag_24': 0.10500862988045648, 'lag_25': 0.9831088401407341, 'lag_26': 0.8928155402031781, 'lag_27': 0.6706294901014361, 'lag_28': 0.25499512227070936}.
[I 2025-10-03 11:31:58,437] Trial 19 finished with values: [0.017174586776859506, 0.0027322584489503877, 0.002389592697022444, 0.0005618127608771285, 0.0011856434398762879, 0.0039051256098329794, 0.0008398997353179233, 0.004685484944913184, 0.0005127029645904326, 0.0004236186346721953, 0.0001271282681306232, 0.00013195393055970725, 0.026839781130825257, 0.004437605925365492, 0.0, 0.07157807404341784, 0.001774501360198843, 0.00017868106743183904, 0.01087327472486307, 0.007320985785570297, 0.015685122848527872, 0.0012424031672546854, 0.0007276687558343947, 0.00010540098085819248, 0.014778867867578673, 0.0005155283842068276, 0.0007091524282099376, 0.001066998968635986, 0.001379281931278411] and parameters: {'lag_0': 0.7218453816485203, 'lag_1': 0.17732665997511476, 'lag_2': 0.5967540546608633, 'lag_3': 0.044415789615353946, 'lag_4': 0.843623291824034, 'lag_5': 0.42806099771766876, 'lag_6': 0.9951665320622641, 'lag_7': 0.7906522925828945, 'lag_8': 0.5986870403226897, 'lag_9': 0.3313489902157219, 'lag_10': 0.3123364021627622, 'lag_11': 0.4581088237744343, 'lag_12': 0.6637456717854662, 'lag_13': 0.41962379007142814, 'lag_14': 0.923250673977579, 'lag_15': 0.32861658486361406, 'lag_16': 0.17210759612106122, 'lag_17': 0.06327461003408404, 'lag_18': 0.8511516849194602, 'lag_19': 0.578448297054689, 'lag_20': 0.2868543738714114, 'lag_21': 0.4492513415107156, 'lag_22': 0.25926757318414223, 'lag_23': 0.129440356415684, 'lag_24': 0.8482407977681821, 'lag_25': 0.016299679920639222, 'lag_26': 0.16460576275071467, 'lag_27': 0.13190103041926549, 'lag_28': 0.1975782343257179}.
[I 2025-10-03 11:32:01,097] Trial 20 finished with values: [0.02651239669421488, 0.0006882613996576405, 0.001478755594978471, 0.000551728914643467, 0.0007136109569588281, 0.003887341727515159, 0.0005677530565764624, 0.005111490186621421, 0.0004543570802930608, 0.00017884971150408202, 0.0001532532867167851, 0.00011586610625710406, 0.024273417916605478, 0.0031939630632939983, 0.0, 0.08300442330003308, 0.0022039229375678017, 0.00038568794468337337, 0.009705111364932845, 0.007366125508234821, 0.017193147955947632, 0.0011590898877002127, 0.0006906393732863229, 7.304521689530506e-05, 0.016341554569548822, 0.0009930290779592353, 0.001095112383107151, 0.0006290748576539667, 0.0010822408969886142] and parameters: {'lag_0': 0.19099742293763933, 'lag_1': 0.319012589041484, 'lag_2': 0.4735961942973615, 'lag_3': 0.16838269529610858, 'lag_4': 0.5568531743963664, 'lag_5': 0.017092963346357824, 'lag_6': 0.10586827482372765, 'lag_7': 0.5665790960734671, 'lag_8': 0.025236458719001872, 'lag_9': 0.5414513340974625, 'lag_10': 0.3211490155553873, 'lag_11': 0.27248666728869186, 'lag_12': 0.5184805830763115, 'lag_13': 0.6258323924835654, 'lag_14': 0.17737828297189018, 'lag_15': 0.24642852300340917, 'lag_16': 0.6975195088424204, 'lag_17': 0.5267936761911636, 'lag_18': 0.8546524485211494, 'lag_19': 0.599151049047918, 'lag_20': 0.6599241722939776, 'lag_21': 0.15511225943338916, 'lag_22': 0.7698143429179992, 'lag_23': 0.389601851805886, 'lag_24': 0.5754626450891984, 'lag_25': 0.17211807814830754, 'lag_26': 0.33110078643507884, 'lag_27': 0.482966811202818, 'lag_28': 0.8020823444567085}.
[I 2025-10-03 11:32:03,758] Trial 21 finished with values: [0.02649219467401286, 0.003253986261577589, 0.0018914451664773526, 0.0020673166266923886, 0.0005699252012127245, 0.006837291503205956, 0.0004779633179911854, 0.0022579779511898703, 0.0004904751551212388, 0.00033882629320063567, 0.00021738306383359374, 0.00035944095453806175, 0.024755093448964184, 0.003541985693100233, 0.0, 0.07690220676671086, 0.002424474402656353, 0.0003997167472960403, 0.010390316199075378, 0.007240730643989649, 0.017172176711811725, 0.001274654157691873, 0.0006877703744498168, 1.542004029481278e-05, 0.015168827924647448, 0.00034817781562205283, 0.001239425966708956, 0.001431124748573749, 0.0013784518304347216] and parameters: {'lag_0': 0.4552513763805214, 'lag_1': 0.06572912372509883, 'lag_2': 0.9261884738553181, 'lag_3': 0.3646351548803026, 'lag_4': 0.9624684044371951, 'lag_5': 0.2601015164516945, 'lag_6': 0.7225197795317716, 'lag_7': 0.025077831016814624, 'lag_8': 0.9413863357084762, 'lag_9': 0.665964737489347, 'lag_10': 0.8623875119544077, 'lag_11': 0.9703936129115925, 'lag_12': 0.42511370404635873, 'lag_13': 0.5711053565494719, 'lag_14': 0.002221929457849001, 'lag_15': 0.5090467055178389, 'lag_16': 0.5685543525660351, 'lag_17': 0.2710407172132162, 'lag_18': 0.3465379672825614, 'lag_19': 0.9461497277130368, 'lag_20': 0.9498384550744782, 'lag_21': 0.2796094554854518, 'lag_22': 0.45524260695057706, 'lag_23': 0.10901543849460056, 'lag_24': 0.572111263865652, 'lag_25': 0.7197272053516137, 'lag_26': 0.6349557122931074, 'lag_27': 0.23304673536018114, 'lag_28': 0.9355999796639628}.
[I 2025-10-03 11:32:06,414] Trial 22 finished with values: [0.012036412361087687, 0.0021301341303786034, 0.0029530172054858124, 0.0011494366854819665, 0.0002946863837476561, 0.0012706025288392836, 0.00038977841652297667, 0.004185370496837005, 0.00124848087422805, 0.00031824118370162274, 8.864282621682492e-05, 0.0001842218716385365, 0.026545894379140695, 0.004821220669165488, 0.0, 0.07911789606168224, 0.0018509631264517468, 0.000338932360184463, 0.009485372072180325, 0.006626247209217955, 0.017027349587352247, 0.0010750765587801748, 0.0008521858621053863, 9.330741481202925e-06, 0.014969238687930897, 0.0003672455865433716, 0.0014794872973021747, 0.0011263945252627358, 0.00155952439707171] and parameters: {'lag_0': 0.5502274607375222, 'lag_1': 0.6789510096379124, 'lag_2': 0.42170350362850545, 'lag_3': 0.22238198779957197, 'lag_4': 0.9164136797047151, 'lag_5': 0.19259565740910203, 'lag_6': 0.3399283655624652, 'lag_7': 0.6915254714250357, 'lag_8': 0.4985826795853976, 'lag_9': 0.09580692939959388, 'lag_10': 0.012237729964938047, 'lag_11': 0.7008261085850644, 'lag_12': 0.7296150327191575, 'lag_13': 0.22151244808829776, 'lag_14': 0.19098604806853578, 'lag_15': 0.9458918829981482, 'lag_16': 0.41087035007484507, 'lag_17': 0.5420958883338154, 'lag_18': 0.05070786879827351, 'lag_19': 0.15950430546454364, 'lag_20': 0.824831092171424, 'lag_21': 0.022805148051723623, 'lag_22': 0.1362707781770572, 'lag_23': 0.3678071606187074, 'lag_24': 0.857891340029142, 'lag_25': 0.7750302607168564, 'lag_26': 0.2020345775164255, 'lag_27': 0.12101454776128456, 'lag_28': 0.7204706268728077}.
[I 2025-10-03 11:32:09,073] Trial 23 finished with values: [0.029634731149882666, 0.0036472267944579876, 0.003416436263121051, 0.0012603655128712147, 0.0003402584184915153, 0.0036285303951284252, 0.00025620464458822254, 0.0027615360495819017, 0.0012523563063600823, 0.0006539772260070228, 4.8496111558407014e-05, 0.00033886096199041676, 0.026214398080461034, 0.0038331515426849065, 0.0, 0.07292718072703716, 0.0015056985158952117, 0.000535255090543344, 0.010010554398681076, 0.006681751303407939, 0.016810097488668702, 0.0012006076722714284, 0.0006406508037834257, 4.992840041830896e-05, 0.016572203186452035, 0.00016382712430910537, 0.0012068090596845627, 0.0006762629758081897, 0.0010435116561585704] and parameters: {'lag_0': 0.16612866538695176, 'lag_1': 0.11100483408728859, 'lag_2': 0.40851732693006376, 'lag_3': 0.8732764031744888, 'lag_4': 0.7470705142563858, 'lag_5': 0.2818508603488867, 'lag_6': 0.7778203172757561, 'lag_7': 0.5586611648478789, 'lag_8': 0.8937315036522981, 'lag_9': 0.2925534158423439, 'lag_10': 0.7160226323222065, 'lag_11': 0.4906204632759021, 'lag_12': 0.6083648414409109, 'lag_13': 0.5080218380956019, 'lag_14': 0.9220622167233238, 'lag_15': 0.4440926509178347, 'lag_16': 0.27424276308887274, 'lag_17': 0.0007000585202177126, 'lag_18': 0.40830331199327824, 'lag_19': 0.181279219105512, 'lag_20': 0.993423581550347, 'lag_21': 0.3419744493657101, 'lag_22': 0.1573700976495608, 'lag_23': 0.13624341752066127, 'lag_24': 0.05044733043053723, 'lag_25': 0.24076920627582532, 'lag_26': 0.657288630568234, 'lag_27': 0.34480383722360775, 'lag_28': 0.1220188326091359}.
[I 2025-10-03 11:32:11,734] Trial 24 finished with values: [0.014914613304764821, 0.0016707846072575247, 0.004391689351943438, 0.0007791854207100279, 0.0015259742876595369, 0.005254569297612854, 0.00032846597784986565, 0.004550712886438397, 0.0009512982266384762, 0.0004340172457542897, 0.00019422163985629773, 0.0007751054479509914, 0.025728413946755856, 0.00598430768520543, 0.0, 0.07422668403778664, 0.0020002471044514394, 0.0003159158033720601, 0.00931825818084148, 0.006478504123584089, 0.017417310928404105, 0.001324554641502, 0.000679833504327544, 1.0037577615627523e-05, 0.015197053242919034, 0.0004116366072130629, 0.0006644854478727018, 0.0015399595200829247, 0.0018677806032527818] and parameters: {'lag_0': 0.5154024507045525, 'lag_1': 0.47962959280011547, 'lag_2': 0.359045265865325, 'lag_3': 0.3857157835086216, 'lag_4': 0.9941187690364495, 'lag_5': 0.09031729647087328, 'lag_6': 0.7212480413129176, 'lag_7': 0.4746546288581658, 'lag_8': 0.6888602055030502, 'lag_9': 0.9881885840846069, 'lag_10': 0.07942126221267251, 'lag_11': 0.04256527015558064, 'lag_12': 0.9021360911855228, 'lag_13': 0.441502773173336, 'lag_14': 0.7358399260560617, 'lag_15': 0.11578251982351193, 'lag_16': 0.3462298213242983, 'lag_17': 0.023730362610647624, 'lag_18': 0.8605000842738157, 'lag_19': 0.3580201355936206, 'lag_20': 0.1212957450365988, 'lag_21': 0.06933896825109967, 'lag_22': 0.845832841670785, 'lag_23': 0.5800656756115186, 'lag_24': 0.6934525998718984, 'lag_25': 0.7368315704090299, 'lag_26': 0.2949061829687326, 'lag_27': 0.6464614102189103, 'lag_28': 0.3594936364034021}.
