[I 2025-10-03 11:39:02,697] Trial 81 finished with values: [0.004347468770545693, 0.0024309378458554818, 0.002743269356533449, 0.0008431173657508409, 3.5590202445133834e-05, 0.0002474543990577202, 0.0025231463448749285, 0.000313080735378803, 0.0004905392705590214, 0.0006931006278768715, 0.0004298592168796157, 0.0025563466644649, 0.0037690715877390507, 0.007845593993914504, 0.0, 0.13076887408912258, 0.0002762817840642472, 0.005139993397640849, 0.005815959356930316, 0.0013523389977382707, 0.00241255775428715, 0.013214160214981976, 0.0014073755457623145, 0.0018978880749234422, 0.004789525227604749, 0.006015162309273745, 0.00035521681783807536, 0.00235802749372751, 0.0012995795247747104] and parameters: {'lag_0': 0.20850759657765486, 'lag_1': 0.13360427204361258, 'lag_2': 0.450340534782974, 'lag_3': 0.4383550938250492, 'lag_4': 0.9285938984164948, 'lag_5': 0.6955628308070698, 'lag_6': 0.5412086632903778, 'lag_7': 0.47978444002144344, 'lag_8': 0.6471348733428397, 'lag_9': 0.49685567669710523, 'lag_10': 0.09381939758267864, 'lag_11': 0.29689654541472477, 'lag_12': 0.09794918880424477, 'lag_13': 0.6890830295152751, 'lag_14': 0.8876751374938009, 'lag_15': 0.029751889880467355, 'lag_16': 0.5966162673315689, 'lag_17': 0.5208837533141818, 'lag_18': 0.21697474207489148, 'lag_19': 0.7407242561626205, 'lag_20': 0.9528701824916639, 'lag_21': 0.7074153457996526, 'lag_22': 0.23114811858401468, 'lag_23': 0.15536664260349942, 'lag_24': 0.8302195566375113, 'lag_25': 0.5163981819103565, 'lag_26': 0.7659945918741574, 'lag_27': 0.4593690535838201, 'lag_28': 0.7305289033470488}.
[I 2025-10-03 11:39:05,304] Trial 82 finished with values: [0.001986996858791731, 0.0008688691474083191, 0.0014565907735115478, 0.0026859120345338557, 0.00031228706310558533, 0.0005416008961522101, 0.0018843632055973569, 6.455885368846664e-05, 0.0006098161858842807, 0.0003118273255515498, 0.0003080606926700971, 0.0025687834085686813, 0.003437909752400424, 0.008218887494747616, 0.0, 0.13861444824317234, 0.0007478984963774073, 0.005748535454393007, 0.006264607909023193, 0.0013337371595091413, 0.0017112100204853848, 0.013262722129298871, 0.0014184249156967035, 0.0028945352685018377, 0.004595177236300672, 0.004754677464619218, 0.00019567159871138477, 0.0026445872360061325, 0.002759625461092642] and parameters: {'lag_0': 0.9531244517127686, 'lag_1': 0.6730698812545408, 'lag_2': 0.3450366242031892, 'lag_3': 0.5312633915336465, 'lag_4': 0.1258670647846295, 'lag_5': 0.9438701004376561, 'lag_6': 0.03345269233633309, 'lag_7': 0.22393603594697628, 'lag_8': 0.03118433456542502, 'lag_9': 0.46431613123320736, 'lag_10': 0.21879850775215562, 'lag_11': 0.23020063629384166, 'lag_12': 0.37392807659737065, 'lag_13': 0.7459532068726041, 'lag_14': 0.01905903437349944, 'lag_15': 0.7500099459148296, 'lag_16': 0.5265528482063314, 'lag_17': 0.5598089700591343, 'lag_18': 0.5669529162801311, 'lag_19': 0.5839701173574074, 'lag_20': 0.46087282089257414, 'lag_21': 0.33490328065974606, 'lag_22': 0.2749155511635095, 'lag_23': 0.444352494138059, 'lag_24': 0.14448090137174047, 'lag_25': 0.9491623846739152, 'lag_26': 0.7677032882033292, 'lag_27': 0.13502588865148157, 'lag_28': 0.20402151093538012}.
[I 2025-10-03 11:39:07,917] Trial 83 finished with values: [0.04552925706771861, 0.0019946201027282113, 0.0019090248728607414, 0.0005110550168879577, 0.0012533325879289072, 0.0009552504469215039, 0.0025966150538325934, 0.0007836862016462225, 0.0003752363015197036, 0.0007040548775892992, 0.000445358615899348, 0.00274977337988017, 0.003468356651293253, 0.009158776005009108, 0.0, 0.1281895984400597, 0.0004014059396674665, 0.006666378952973079, 0.005511745357555974, 0.0009328072698361953, 0.001802941871096149, 0.01313181894248015, 0.0014790163186788818, 0.003035667465150823, 0.004421042423668525, 0.004672123986929029, 0.00035835003076026674, 0.0012591640429042003, 0.00239612674939727] and parameters: {'lag_0': 0.8304151721479206, 'lag_1': 0.2143065728284665, 'lag_2': 0.311088699362646, 'lag_3': 0.9907468871135213, 'lag_4': 0.9917097264271667, 'lag_5': 0.3934558807960841, 'lag_6': 0.5442563253692129, 'lag_7': 0.958330737043332, 'lag_8': 0.2865394248123211, 'lag_9': 0.3959188913639538, 'lag_10': 0.10219644422548003, 'lag_11': 0.3932587365470486, 'lag_12': 0.4522859132697603, 'lag_13': 0.4262499729805114, 'lag_14': 0.4990083497223846, 'lag_15': 0.3609127833647366, 'lag_16': 0.3399050744350608, 'lag_17': 0.9377857288045994, 'lag_18': 0.24182254835813882, 'lag_19': 0.6722486408381692, 'lag_20': 0.11453277045337047, 'lag_21': 0.5858378638907047, 'lag_22': 0.7964668588237631, 'lag_23': 0.7900035479036862, 'lag_24': 0.7607418822714644, 'lag_25': 0.44290615758154706, 'lag_26': 0.823326270381253, 'lag_27': 0.9576020552854997, 'lag_28': 0.8713187725048761}.
[I 2025-10-03 11:39:10,523] Trial 84 finished with values: [0.005938418613243788, 0.0030174570120926674, 0.0008256356718221707, 0.0027028267544068735, 0.0008183241993875237, 0.0004963054784834044, 0.0006695368878131486, 0.0004529909453139918, 0.0004967824744707693, 0.0004700195111562521, 0.0009409211180775795, 0.0028810047627335226, 0.0032043733512000607, 0.009378454950248364, 0.0, 0.13758846074806047, 0.0010037649243615798, 0.006103878590495831, 0.005817135480471922, 0.0009788135387512442, 0.0025292210615810154, 0.014948037954037142, 0.0009610143108280905, 0.0029236086650536895, 0.004119659988248222, 0.00561979557915637, 0.0003250236956053299, 0.0013472942793350355, 0.0021338434902709856] and parameters: {'lag_0': 0.5110407643081867, 'lag_1': 0.5359271113268702, 'lag_2': 0.25312821842032823, 'lag_3': 0.6191053590754176, 'lag_4': 0.4240196049974534, 'lag_5': 0.7224049909798489, 'lag_6': 0.9573844457695275, 'lag_7': 0.5010492072068115, 'lag_8': 0.8339733167074054, 'lag_9': 0.9454348772732521, 'lag_10': 0.22788518103186334, 'lag_11': 0.18958884504628132, 'lag_12': 0.6116724119890933, 'lag_13': 0.6972700329284417, 'lag_14': 0.9593836245815428, 'lag_15': 0.28668859899837784, 'lag_16': 0.18691885460651342, 'lag_17': 0.9923057512198283, 'lag_18': 0.793582491817458, 'lag_19': 0.7082386424559145, 'lag_20': 0.8544975927695063, 'lag_21': 0.5307445639503221, 'lag_22': 0.9447271010951986, 'lag_23': 0.12215489560322634, 'lag_24': 0.4795444705026013, 'lag_25': 0.8254372179802134, 'lag_26': 0.6005031206851946, 'lag_27': 0.5333696702724248, 'lag_28': 0.40609029722152684}.
[I 2025-10-03 11:39:13,139] Trial 85 finished with values: [0.0006574621959237343, 0.0027411193153063637, 0.0017894157161764887, 0.0021516941291899365, 0.0012645727621993495, 0.002140297280843535, 0.0021519912122119015, 0.00016706229098886394, 0.0004432539047114945, 0.0008751900774294925, 0.00017734104238902683, 0.0025757227199484623, 0.003571305424040401, 0.008793287623458379, 0.0, 0.12286336832678416, 0.0008202747739090796, 0.005156368930837089, 0.005525719437580438, 0.0008316072184115814, 0.0021534452510599037, 0.013083721008138491, 0.0009494291476881058, 0.0028003869340479303, 0.00405259549726006, 0.0054193495307835, 0.00017143812852211344, 0.0019797144832266046, 0.003038470223086423] and parameters: {'lag_0': 0.318326308847142, 'lag_1': 0.939089181637251, 'lag_2': 0.2804547700586814, 'lag_3': 0.6296727125135161, 'lag_4': 0.5545802993642412, 'lag_5': 0.3417259362285702, 'lag_6': 0.12820687616810308, 'lag_7': 0.3134392008707112, 'lag_8': 0.8433786043009993, 'lag_9': 0.130580400943463, 'lag_10': 0.6130606572260542, 'lag_11': 0.019408914088670584, 'lag_12': 0.4044424983020339, 'lag_13': 0.010468514921618693, 'lag_14': 0.7271388610872005, 'lag_15': 0.09135050256829996, 'lag_16': 0.2840785809812084, 'lag_17': 0.4541906758844773, 'lag_18': 0.6500362896508447, 'lag_19': 0.2908427948301642, 'lag_20': 0.19714260419130133, 'lag_21': 0.01643227357544193, 'lag_22': 0.05536130453404002, 'lag_23': 0.6378849727840618, 'lag_24': 0.03923463751992892, 'lag_25': 0.8762472415493886, 'lag_26': 0.5795694686541393, 'lag_27': 0.21697233805917104, 'lag_28': 0.43480673709794315}.
[I 2025-10-03 11:39:15,744] Trial 86 finished with values: [0.0050378040762656135, 0.00137157860459802, 0.0016666144115201232, 0.0004721224449772095, 0.0016229837975310648, 0.000834052180511328, 0.00192139781867803, 0.0002863403069078852, 0.00045363380202511245, 0.0002678497438360069, 0.0006013549010378974, 0.0023562576328136613, 0.00337769783116344, 0.008730198099794795, 0.0, 0.1252705964634641, 0.0003498523038109544, 0.00609591269588539, 0.0055046106891376845, 0.001040184178388256, 0.0019667252367499494, 0.012693987147982904, 0.0014583588615947147, 0.0028128877293644534, 0.004936716052921302, 0.005827264358406978, 0.0001593391315027043, 0.0016290189700810041, 0.0022956397458560422] and parameters: {'lag_0': 0.12750226842263337, 'lag_1': 0.9160998316770583, 'lag_2': 0.3907641663058809, 'lag_3': 0.33362293655944664, 'lag_4': 0.6008664249208033, 'lag_5': 0.809067721751675, 'lag_6': 0.7440163814920836, 'lag_7': 0.8704938112754098, 'lag_8': 0.4262093386977126, 'lag_9': 0.6084248569219168, 'lag_10': 0.9600319516284126, 'lag_11': 0.009652131984541066, 'lag_12': 0.9539808662835463, 'lag_13': 0.3860709137635768, 'lag_14': 0.9877932049617256, 'lag_15': 0.8938896015126663, 'lag_16': 0.6672178327889445, 'lag_17': 0.23622979907044317, 'lag_18': 0.3013465344234306, 'lag_19': 0.8168136971314217, 'lag_20': 0.6086732196340899, 'lag_21': 0.9918915593606293, 'lag_22': 0.7660883436607154, 'lag_23': 0.6267428544471542, 'lag_24': 0.8067100055494965, 'lag_25': 0.7282379052394403, 'lag_26': 0.8687856767571446, 'lag_27': 0.6361486522392299, 'lag_28': 0.6635801544576072}.
[I 2025-10-03 11:39:18,349] Trial 87 finished with values: [0.0013779538255062733, 0.0023712458536771586, 0.001744744633255898, 0.002305176802224353, 0.000576126164850558, 0.00018722841854282491, 0.0012505532198696732, 0.00028416936635180113, 0.0006507696404238451, 0.0012670029672741, 0.00041239419113565945, 0.0025113137896576126, 0.003796239297205834, 0.009609873615678536, 0.0, 0.13404120195908026, 0.00035036294225646296, 0.006074631612795362, 0.006261479251236148, 0.0011645204933133535, 0.0015271381618524715, 0.014194817000256738, 0.001377314363176597, 0.0027461399242579817, 0.004227102519339122, 0.005594261662704431, 0.00022132662582202237, 0.0026267450292705536, 0.0017714147530468072] and parameters: {'lag_0': 0.9153372691690254, 'lag_1': 0.021178444515578102, 'lag_2': 0.2289370516602329, 'lag_3': 0.8944456130257404, 'lag_4': 0.4422345530539788, 'lag_5': 0.6706634428133117, 'lag_6': 0.10861448739841802, 'lag_7': 0.7242495226125758, 'lag_8': 0.9377344119664359, 'lag_9': 0.4723259193308786, 'lag_10': 0.13594974555235467, 'lag_11': 0.46042569170717773, 'lag_12': 0.4802662634253286, 'lag_13': 0.6669397986170736, 'lag_14': 0.054402602330895194, 'lag_15': 0.6416845885374808, 'lag_16': 0.12777112995820933, 'lag_17': 0.27210038455141183, 'lag_18': 0.7816212972701105, 'lag_19': 0.3799051899170428, 'lag_20': 0.5373641698394855, 'lag_21': 0.23998450639897473, 'lag_22': 0.6248458227891772, 'lag_23': 0.857877118674283, 'lag_24': 0.7127077834833014, 'lag_25': 0.6275673466877193, 'lag_26': 0.020504808176097494, 'lag_27': 0.6662907163240461, 'lag_28': 0.7504073256915649}.
[I 2025-10-03 11:39:20,962] Trial 88 finished with values: [0.010482490314658149, 0.0007472770519197629, 0.000334626555870519, 0.0023662261147535343, 0.0007746538693669499, 0.0011772622404993226, 0.0017016643859583216, 0.0002017074839394342, 0.0004324067085875507, 0.0006913394768023865, 0.0008699393095315071, 0.0026622062602799515, 0.0031217011657121976, 0.009391803785987186, 0.0, 0.12894318890293255, 0.0003222695057658996, 0.006164546493311272, 0.005904778939234495, 0.0010747800854697329, 0.0022201715937133636, 0.014199675797776066, 0.0016025354379627214, 0.0017590264997075441, 0.0039960584305381444, 0.004765131393145749, 0.0005403811975610705, 0.0026617792777120946, 0.0013354090264899696] and parameters: {'lag_0': 0.37034074399191436, 'lag_1': 0.5667818151183309, 'lag_2': 0.22377777964212978, 'lag_3': 0.09615583651493974, 'lag_4': 0.00731357530735144, 'lag_5': 0.483385405297111, 'lag_6': 0.06501563757134365, 'lag_7': 0.7235390624103278, 'lag_8': 0.2316528985879038, 'lag_9': 0.40842123158865884, 'lag_10': 0.6641468147327658, 'lag_11': 0.7488849719033099, 'lag_12': 0.18544079822828308, 'lag_13': 0.524063876540807, 'lag_14': 0.5224676285510927, 'lag_15': 0.446089012806395, 'lag_16': 0.5349315067985824, 'lag_17': 0.7469562505714462, 'lag_18': 0.45046181943564567, 'lag_19': 0.8579536168546825, 'lag_20': 0.745485772120495, 'lag_21': 0.1259904829216684, 'lag_22': 0.8262441865957535, 'lag_23': 0.29717748539212907, 'lag_24': 0.5811537741851254, 'lag_25': 0.5655844094525909, 'lag_26': 0.30077065914265416, 'lag_27': 0.7388693971731666, 'lag_28': 0.22915629998142312}.
[I 2025-10-03 11:39:23,573] Trial 89 finished with values: [0.019460880999342532, 0.002903259072355043, 0.0014267349600985556, 0.0045874031227015255, 0.0004201663591011246, 0.0006886096020498479, 0.00476297187639447, 7.441743505255963e-05, 0.0002237642206638924, 0.0007498277812010836, 0.0004734431497668149, 0.00358634405977528, 0.0029243908197232604, 0.009371420744811534, 0.0, 0.12378897567503713, 0.000258669449489975, 0.0056666974203480975, 0.005890305121998313, 0.001076345248205167, 0.002059928972305389, 0.013335305091575766, 0.0013025189699430474, 0.0023152208471633887, 0.004934297655365618, 0.005827972071078318, 0.00022684360371028387, 0.0037955576137081474, 0.0025234368343274756] and parameters: {'lag_0': 0.45592822195398075, 'lag_1': 0.48349804352866926, 'lag_2': 0.2982972361112599, 'lag_3': 0.1642857977337208, 'lag_4': 0.09667535987697004, 'lag_5': 0.6955628308070698, 'lag_6': 0.4574823783272871, 'lag_7': 0.47978444002144344, 'lag_8': 0.770131270514708, 'lag_9': 0.5340330557696047, 'lag_10': 0.09381939758267864, 'lag_11': 0.5536459593728279, 'lag_12': 0.6107715912873383, 'lag_13': 0.3579826607608312, 'lag_14': 0.13497497974531283, 'lag_15': 0.811578130461, 'lag_16': 0.36882230861343174, 'lag_17': 0.5208837533141818, 'lag_18': 0.21604640549396273, 'lag_19': 0.4294901125438985, 'lag_20': 0.053529156456660745, 'lag_21': 0.23891907143133348, 'lag_22': 0.971523880396747, 'lag_23': 0.5808746211225948, 'lag_24': 0.805212518309307, 'lag_25': 0.20770928569863842, 'lag_26': 0.7659945918741574, 'lag_27': 0.9075919692064301, 'lag_28': 0.8860958786312764}.
[I 2025-10-03 11:39:26,182] Trial 90 finished with values: [0.005890324571643253, 0.0018631057692908009, 0.00045478900451667017, 0.0011382213641811978, 0.0014356933471533736, 0.00107693221156338, 0.003578186565162096, 0.0004923976632283779, 0.0002541304801181373, 0.0005088149738730175, 0.0004307636310361868, 0.0024994186646319734, 0.005079751401394852, 0.009307953049415778, 0.0, 0.12645385079211843, 0.0003076361824947376, 0.005340184846048403, 0.006116870965473692, 0.0010025638117105273, 0.0017441956135950151, 0.013916439744187265, 0.0014683247450601171, 0.0021367983288154467, 0.004717670936192897, 0.00516249453314468, 0.00014335847536976575, 0.0016533316576082479, 0.0018270785516145045] and parameters: {'lag_0': 0.6659434845139599, 'lag_1': 0.7449164410898064, 'lag_2': 0.6848825014421631, 'lag_3': 0.4864938466007225, 'lag_4': 0.9984130882905901, 'lag_5': 0.779635194042348, 'lag_6': 0.0038462956353369077, 'lag_7': 0.17973486035560446, 'lag_8': 0.15276521841606355, 'lag_9': 0.9398353383834216, 'lag_10': 0.4871965478223397, 'lag_11': 0.29348397517551467, 'lag_12': 0.032526461694940716, 'lag_13': 0.7020108531285251, 'lag_14': 0.5549525762304016, 'lag_15': 0.3647428736992495, 'lag_16': 0.6136644980785537, 'lag_17': 0.7859818296263823, 'lag_18': 0.9344615432875434, 'lag_19': 0.9553419879372521, 'lag_20': 0.2676951516022414, 'lag_21': 0.1184336853745987, 'lag_22': 0.35436899921258436, 'lag_23': 0.9300883639524506, 'lag_24': 0.21661579606473658, 'lag_25': 0.6085827276649708, 'lag_26': 0.008971893690612683, 'lag_27': 0.6413515798602855, 'lag_28': 0.04302546413181418}.
[I 2025-10-03 11:39:28,790] Trial 91 finished with values: [0.007676099422894295, 0.0007734805915609489, 0.0017356732401837896, 0.0016512692547084918, 0.00022588532887382354, 0.001201135796208143, 0.0018749670981693667, 0.00039791882225433855, 3.291843825547835e-05, 0.0009869671358295694, 0.0010486391815303965, 0.0025245420810685753, 0.004936336572057981, 0.00886292122100033, 0.0, 0.12395547387723631, 0.0001962014755035212, 0.005506984075350281, 0.00630250676021453, 0.0012250335409753328, 0.002036479924593898, 0.013539918867761356, 0.0010993068926203457, 0.00196061240136483, 0.0045988043491814075, 0.005598043179999508, 0.00020711120877555457, 0.0022122139084782477, 0.003030303102492344] and parameters: {'lag_0': 0.3916490859355807, 'lag_1': 0.8480683010356278, 'lag_2': 0.0034388739940831247, 'lag_3': 0.13469434879950898, 'lag_4': 0.9917097264271667, 'lag_5': 0.6009911227725856, 'lag_6': 0.7440163814920836, 'lag_7': 0.7594119538821995, 'lag_8': 0.4315685630354049, 'lag_9': 0.10668954789648218, 'lag_10': 0.10219644422548003, 'lag_11': 0.009652131984541066, 'lag_12': 0.06483360905623378, 'lag_13': 0.5617533968499341, 'lag_14': 0.6137108998086872, 'lag_15': 0.5989212799142375, 'lag_16': 0.8162169716721762, 'lag_17': 0.23622979907044317, 'lag_18': 0.7956791660101089, 'lag_19': 0.8168136971314217, 'lag_20': 0.9190727664477972, 'lag_21': 0.9918915593606293, 'lag_22': 0.7660883436607154, 'lag_23': 0.8311683532958335, 'lag_24': 0.8067100055494965, 'lag_25': 0.3588538564184955, 'lag_26': 0.9965022123884328, 'lag_27': 0.866035102903117, 'lag_28': 0.10478964875803264}.
[I 2025-10-03 11:39:31,389] Trial 92 finished with values: [0.0006574621959237343, 0.0030790280305250037, 0.0019962319057420176, 0.0012393241277128505, 0.0008086760534058369, 0.00016042870911871216, 0.0022589076650448127, 0.00024789461698928775, 0.0005050839001220773, 0.0004615991095790159, 0.00033729426204423963, 0.0019631014359521976, 0.0034734496619501223, 0.010884942291295673, 0.0, 0.1271870515861948, 0.00016612586090140267, 0.006138050205585078, 0.005938516074910311, 0.0012765190330740364, 0.0022213486768592103, 0.013584115760448953, 0.0020235642756333454, 0.002734816347392955, 0.0038729031147938056, 0.005371047799526968, 0.0003700772758341917, 0.0022991056046392376, 0.002118908552422742] and parameters: {'lag_0': 0.021666200400413525, 'lag_1': 0.5395129854517943, 'lag_2': 0.3297335282441909, 'lag_3': 0.42554844921644497, 'lag_4': 0.029076151676221056, 'lag_5': 0.11891343927387513, 'lag_6': 0.6185290197974549, 'lag_7': 0.5899851020290559, 'lag_8': 0.049585281163415956, 'lag_9': 0.9049733181335332, 'lag_10': 0.9558095302515942, 'lag_11': 0.613298823502774, 'lag_12': 0.25658836758639547, 'lag_13': 0.626214488640972, 'lag_14': 0.4894680852524226, 'lag_15': 0.42782288543844027, 'lag_16': 0.8228493742319937, 'lag_17': 0.3288756457798456, 'lag_18': 0.04846402913075358, 'lag_19': 0.8179638171672748, 'lag_20': 0.3964223468291831, 'lag_21': 0.5883753961052943, 'lag_22': 0.46663438230126775, 'lag_23': 0.028793312368554525, 'lag_24': 0.7899280991839726, 'lag_25': 0.3408525121500253, 'lag_26': 0.4500164561759667, 'lag_27': 0.6598661795805343, 'lag_28': 0.3152582812368976}.
[I 2025-10-03 11:39:33,987] Trial 93 finished with values: [0.0066061801446416855, 0.0021838169526393466, 0.0028443632868101138, 0.002889199028875411, 0.002333546203307857, 0.00031751965914225574, 0.0025750110381107362, 0.0006796117292399775, 0.0007492285534701881, 0.0008809829886507615, 0.0004836628737563263, 0.001993626600532059, 0.003733543838230044, 0.009821374513319934, 0.0, 0.13338890923540947, 0.0002839880063125334, 0.006119315615312371, 0.006171332871692503, 0.0010439931155155867, 0.0016826465689085426, 0.013827229059937668, 0.0021033076183584213, 0.0032146549141976203, 0.003763652493397275, 0.005940360815287321, 0.0002539453397404481, 0.001855549452529128, 0.002137988091837908] and parameters: {'lag_0': 0.03302878058520781, 'lag_1': 0.41939643251917164, 'lag_2': 0.08057274088929639, 'lag_3': 0.5444731219227, 'lag_4': 0.8820418900086366, 'lag_5': 0.9916542598774079, 'lag_6': 0.4346580662908226, 'lag_7': 0.6157816493700734, 'lag_8': 0.9306161081730879, 'lag_9': 0.1531384405699466, 'lag_10': 0.8095767164131312, 'lag_11': 0.45988802240701504, 'lag_12': 0.7500064863868211, 'lag_13': 0.3369426643789294, 'lag_14': 0.911247191112162, 'lag_15': 0.694458602864616, 'lag_16': 0.8888359728062942, 'lag_17': 0.04478679321172298, 'lag_18': 0.220189350005243, 'lag_19': 0.9867564358017354, 'lag_20': 0.2685155397108502, 'lag_21': 0.448892187233635, 'lag_22': 0.5817052075356993, 'lag_23': 0.3285436286939468, 'lag_24': 0.9608318343803822, 'lag_25': 0.7620747640657191, 'lag_26': 0.07442551341239785, 'lag_27': 0.06851087547454453, 'lag_28': 0.7480592271633076}.
