[I 2025-09-29 13:18:59,057] Trial 19 finished with value: 0.00896775709366141 and parameters: {'lag_0': 0.3583229896492591, 'lag_1': 0.3587270612910188, 'lag_2': 0.585599317554232, 'lag_3': 0.295228303792867, 'lag_4': 0.18925557679073596, 'lag_5': 0.6028018127113877, 'lag_6': 0.21800296156121696, 'lag_7': 0.6349800323008685, 'lag_8': 0.3054389213869564, 'lag_9': 0.899901195706221, 'lag_10': 0.5842717142794029, 'lag_11': 0.8848000904754797, 'lag_12': 0.19384452020350346, 'lag_13': 0.9823684067379364, 'lag_14': 0.2696098937515172, 'lag_15': 0.9129801466397351, 'lag_16': 0.94860876972904, 'lag_17': 0.1449665838312127, 'lag_18': 0.6272817999974993, 'lag_19': 0.2418921871489834, 'lag_20': 0.39890680385317784, 'lag_21': 0.3981267995182761, 'lag_22': 0.681760302607544, 'lag_23': 0.8643612901205914, 'lag_24': 0.5145945410200665, 'lag_25': 0.12751675814179864, 'lag_26': 0.37854161337104886, 'lag_27': 0.2816980204709147, 'lag_28': 0.5920870331704025}. Best is trial 19 with value: 0.00896775709366141.
[I 2025-09-29 13:19:01,638] Trial 20 finished with value: 0.00995049948347609 and parameters: {'lag_0': 0.29335299514473, 'lag_1': 0.6785684658155567, 'lag_2': 0.5887667079041887, 'lag_3': 0.5937431104830224, 'lag_4': 0.14040289631225097, 'lag_5': 0.6023967780929524, 'lag_6': 0.2605478560997522, 'lag_7': 0.8028199436585088, 'lag_8': 0.2917833626160238, 'lag_9': 0.370877691033088, 'lag_10': 0.36466592791396313, 'lag_11': 0.7318599334701723, 'lag_12': 0.1921797774697065, 'lag_13': 0.9946822201076402, 'lag_14': 0.2956851288081896, 'lag_15': 0.8953860947553547, 'lag_16': 0.6058414909558025, 'lag_17': 0.121848316330215, 'lag_18': 0.5024624995023339, 'lag_19': 0.16298265245422033, 'lag_20': 0.44233809891895765, 'lag_21': 0.40783614667100887, 'lag_22': 0.8615693282914653, 'lag_23': 0.8897272882150667, 'lag_24': 0.4962897048015576, 'lag_25': 0.2754069552012086, 'lag_26': 0.6268099030855427, 'lag_27': 0.19748846879159904, 'lag_28': 0.5981700529120804}. Best is trial 19 with value: 0.00896775709366141.
[I 2025-09-29 13:19:04,224] Trial 21 finished with value: 0.009211319941349608 and parameters: {'lag_0': 0.3455111461236274, 'lag_1': 0.3674452253592999, 'lag_2': 0.373330509717653, 'lag_3': 0.2952078007391868, 'lag_4': 0.24511394792035845, 'lag_5': 0.6648173716653669, 'lag_6': 0.12024499294422329, 'lag_7': 0.6480384181695097, 'lag_8': 0.42171080390578664, 'lag_9': 0.8621352524708958, 'lag_10': 0.5839393199924751, 'lag_11': 0.8632031538171951, 'lag_12': 0.1607013133756282, 'lag_13': 0.7658059277299282, 'lag_14': 0.08622989971786808, 'lag_15': 0.914539333245296, 'lag_16': 0.9452335328535837, 'lag_17': 0.28660489520615584, 'lag_18': 0.6382604920308472, 'lag_19': 0.30608976467948845, 'lag_20': 0.28185079994196394, 'lag_21': 0.19002109436340997, 'lag_22': 0.6938250720634958, 'lag_23': 0.7071712868951745, 'lag_24': 0.888478424803604, 'lag_25': 0.15685157607079525, 'lag_26': 0.3726407144623036, 'lag_27': 0.989798799124265, 'lag_28': 0.5940115801331058}. Best is trial 19 with value: 0.00896775709366141.
[I 2025-09-29 13:19:06,818] Trial 22 finished with value: 0.010289398537639298 and parameters: {'lag_0': 0.222384072345234, 'lag_1': 0.22360363820653797, 'lag_2': 0.5795240352124214, 'lag_3': 0.3122032281078415, 'lag_4': 0.15863897839366228, 'lag_5': 0.3182688657373118, 'lag_6': 0.19615328061029227, 'lag_7': 0.627796499274927, 'lag_8': 0.08364210073479367, 'lag_9': 0.9144177477470812, 'lag_10': 0.7480215839467872, 'lag_11': 0.8872507622498402, 'lag_12': 0.00020226565101711183, 'lag_13': 0.8810992775338209, 'lag_14': 0.23860665569011574, 'lag_15': 0.7408914340264954, 'lag_16': 0.20079410271891263, 'lag_17': 0.12756896715187876, 'lag_18': 0.6719851354725864, 'lag_19': 0.2442210054264583, 'lag_20': 0.10007163039303485, 'lag_21': 0.3781132964719187, 'lag_22': 0.4768899221758005, 'lag_23': 0.8715158728057957, 'lag_24': 0.6908451073879305, 'lag_25': 0.1096534159339525, 'lag_26': 0.4483493561025201, 'lag_27': 0.4569222962295698, 'lag_28': 0.5729385926416882}. Best is trial 19 with value: 0.00896775709366141.
[I 2025-09-29 13:19:09,405] Trial 23 finished with value: 0.00931526185702429 and parameters: {'lag_0': 0.6263607126069255, 'lag_1': 0.11428871127208778, 'lag_2': 0.7897758360078934, 'lag_3': 0.4768744215336686, 'lag_4': 0.051876509186471464, 'lag_5': 0.14344602660487554, 'lag_6': 0.08994636046053281, 'lag_7': 0.45575287288565963, 'lag_8': 0.27271186873644726, 'lag_9': 0.6922085830734992, 'lag_10': 0.5551287306006734, 'lag_11': 0.9165408675536727, 'lag_12': 0.352900718579057, 'lag_13': 0.733987465923946, 'lag_14': 0.06179369354100165, 'lag_15': 0.8560993059550114, 'lag_16': 0.00010789516105874641, 'lag_17': 0.232018761226393, 'lag_18': 0.47664447949659267, 'lag_19': 0.0013309231674744626, 'lag_20': 0.7613699808621048, 'lag_21': 0.11046024038628294, 'lag_22': 0.6406484538995945, 'lag_23': 0.5405284762528504, 'lag_24': 0.5851178182750087, 'lag_25': 0.12001415609614309, 'lag_26': 0.24817202520161144, 'lag_27': 0.21592264378163412, 'lag_28': 0.3299067556222996}. Best is trial 19 with value: 0.00896775709366141.
[I 2025-09-29 13:19:11,987] Trial 24 finished with value: 0.010976209522334116 and parameters: {'lag_0': 0.7663594252581756, 'lag_1': 0.3502086794002781, 'lag_2': 0.9154812086419889, 'lag_3': 0.2429066572332192, 'lag_4': 0.3141632590515041, 'lag_5': 0.5170984695274096, 'lag_6': 0.4740339238761168, 'lag_7': 0.3336966466040856, 'lag_8': 0.47158794863582726, 'lag_9': 0.99970545810601, 'lag_10': 0.6795699340614187, 'lag_11': 0.9209328061491012, 'lag_12': 0.1508604651601981, 'lag_13': 0.9564746158103778, 'lag_14': 0.2212265332706303, 'lag_15': 0.9994332505111873, 'lag_16': 0.9815657029817909, 'lag_17': 0.10504622409377201, 'lag_18': 0.8489810906709784, 'lag_19': 0.314165242749623, 'lag_20': 0.3825907331725683, 'lag_21': 0.4450125451789088, 'lag_22': 0.7958427732702646, 'lag_23': 0.6742869256237665, 'lag_24': 0.3672434672633901, 'lag_25': 0.2727503124893981, 'lag_26': 0.590847567020492, 'lag_27': 0.5702842036250719, 'lag_28': 0.32452225734622114}. Best is trial 19 with value: 0.00896775709366141.
[I 2025-09-29 13:19:14,569] Trial 25 finished with value: 0.009333560997147512 and parameters: {'lag_0': 0.4235596297567161, 'lag_1': 0.5037591410736846, 'lag_2': 0.5761581182160094, 'lag_3': 0.9809559914385457, 'lag_4': 0.45370172186986607, 'lag_5': 0.7284495833756298, 'lag_6': 0.06761961840585969, 'lag_7': 0.7436702815476336, 'lag_8': 0.10329616588036848, 'lag_9': 0.8868171531343967, 'lag_10': 0.8241383936237727, 'lag_11': 0.7316795152623468, 'lag_12': 0.23740853849817645, 'lag_13': 0.3910278904786236, 'lag_14': 0.10210180017482906, 'lag_15': 0.4692927351056785, 'lag_16': 0.7084973894965241, 'lag_17': 0.3577767358290639, 'lag_18': 0.4713089745644703, 'lag_19': 0.5666057293798801, 'lag_20': 0.21315876521086724, 'lag_21': 0.31680809382461583, 'lag_22': 0.9956084609787095, 'lag_23': 0.85706584101479, 'lag_24': 0.7871855082200084, 'lag_25': 0.2744571108821354, 'lag_26': 0.3927158102262646, 'lag_27': 0.32147053052924884, 'lag_28': 0.09307139922106407}. Best is trial 19 with value: 0.00896775709366141.
[I 2025-09-29 13:19:17,172] Trial 26 finished with value: 0.009463399942602608 and parameters: {'lag_0': 0.15685386845125443, 'lag_1': 0.0712280965308297, 'lag_2': 0.7640608773807029, 'lag_3': 0.363176434924755, 'lag_4': 0.2167077095008397, 'lag_5': 0.09219986554059863, 'lag_6': 0.266956069587946, 'lag_7': 0.60038345763005, 'lag_8': 0.23848017537181734, 'lag_9': 0.5646558708869214, 'lag_10': 0.9001732025518105, 'lag_11': 0.7746122228061515, 'lag_12': 0.10226453432252462, 'lag_13': 0.8370275664106935, 'lag_14': 0.5458223255695558, 'lag_15': 0.7128283472464252, 'lag_16': 0.388198517081658, 'lag_17': 0.25106189371924464, 'lag_18': 0.6911218667074449, 'lag_19': 0.36325820981911616, 'lag_20': 0.09140076299616617, 'lag_21': 0.5710556772998256, 'lag_22': 0.4731344350349669, 'lag_23': 0.40411150673166457, 'lag_24': 0.5418037293955782, 'lag_25': 0.07607238919379686, 'lag_26': 0.25460040937502504, 'lag_27': 0.4331296561404725, 'lag_28': 0.6515542892458006}. Best is trial 19 with value: 0.00896775709366141.
[I 2025-09-29 13:19:19,765] Trial 27 finished with value: 0.009378020122740796 and parameters: {'lag_0': 0.620781763861032, 'lag_1': 0.22376995190287563, 'lag_2': 0.6319907561367094, 'lag_3': 0.06469694290999828, 'lag_4': 0.36335483055252193, 'lag_5': 0.9615866755136737, 'lag_6': 0.19235028446473315, 'lag_7': 0.9565347013854133, 'lag_8': 0.6484405718294007, 'lag_9': 0.7878846562836258, 'lag_10': 0.5277108207140271, 'lag_11': 0.913822122495819, 'lag_12': 0.003601675461667099, 'lag_13': 0.9096468072470985, 'lag_14': 0.27828265373413724, 'lag_15': 0.8355376942365733, 'lag_16': 0.41203123960092614, 'lag_17': 0.08141716112975263, 'lag_18': 0.8677708934405102, 'lag_19': 0.1561548151637673, 'lag_20': 0.23954401116120375, 'lag_21': 0.2898507872927624, 'lag_22': 0.8981203996435627, 'lag_23': 0.9610115634870116, 'lag_24': 0.9190450592942638, 'lag_25': 0.09212023713453765, 'lag_26': 0.8644267459028641, 'lag_27': 0.1497054944033286, 'lag_28': 0.1301912760102355}. Best is trial 19 with value: 0.00896775709366141.
[I 2025-09-29 13:19:22,356] Trial 28 finished with value: 0.013396021543469605 and parameters: {'lag_0': 0.4354666540728726, 'lag_1': 0.46699806386209014, 'lag_2': 0.3377576666127843, 'lag_3': 0.528834987938302, 'lag_4': 0.5206541603564852, 'lag_5': 0.2461131634150619, 'lag_6': 0.0683918855372241, 'lag_7': 0.49472150949951693, 'lag_8': 0.8384028670791848, 'lag_9': 0.9093113336439621, 'lag_10': 0.7660799840778961, 'lag_11': 0.6466953347634021, 'lag_12': 0.4111783388777651, 'lag_13': 0.6966460854297687, 'lag_14': 0.45760253757088165, 'lag_15': 0.9466411277273401, 'lag_16': 0.22845429206979456, 'lag_17': 0.1674029818821646, 'lag_18': 0.549307078036525, 'lag_19': 0.20847298739415884, 'lag_20': 0.3974256250120361, 'lag_21': 0.21351401782809162, 'lag_22': 0.6939574157108059, 'lag_23': 0.5358749286252799, 'lag_24': 0.42990930950172024, 'lag_25': 0.58646010919244, 'lag_26': 0.11124499817424327, 'lag_27': 0.5505798852612749, 'lag_28': 0.2613085273893745}. Best is trial 19 with value: 0.00896775709366141.
[I 2025-09-29 13:19:24,948] Trial 29 finished with value: 0.008557185393919572 and parameters: {'lag_0': 0.9242111616595485, 'lag_1': 0.31422767020163106, 'lag_2': 0.9914712791717943, 'lag_3': 0.212292547330379, 'lag_4': 0.10264607434100753, 'lag_5': 0.5042130317688294, 'lag_6': 0.517086042349168, 'lag_7': 0.719534313384948, 'lag_8': 0.5547828139358946, 'lag_9': 0.5960816449148982, 'lag_10': 0.3977470877415652, 'lag_11': 0.2448738642002236, 'lag_12': 0.5550605103769453, 'lag_13': 0.5086102210039684, 'lag_14': 0.7569693086189628, 'lag_15': 0.6469180754873202, 'lag_16': 0.5662342888457197, 'lag_17': 0.4674659524271085, 'lag_18': 0.39356124113184204, 'lag_19': 0.6229206818313405, 'lag_20': 0.1412775539815288, 'lag_21': 0.5030129637570478, 'lag_22': 0.10412559752535588, 'lag_23': 0.12425822252440627, 'lag_24': 0.7325977696786322, 'lag_25': 0.26758931178780565, 'lag_26': 0.2032740521944478, 'lag_27': 0.028823566144664414, 'lag_28': 0.526796880274714}. Best is trial 29 with value: 0.008557185393919572.
[I 2025-09-29 13:19:27,547] Trial 30 finished with value: 0.009198580551347002 and parameters: {'lag_0': 0.909154446509674, 'lag_1': 0.7403601883253124, 'lag_2': 0.8815628084039988, 'lag_3': 0.21268098985355469, 'lag_4': 0.11171550786924841, 'lag_5': 0.5545053945806271, 'lag_6': 0.5024931637831402, 'lag_7': 0.7481487969441765, 'lag_8': 0.5365863055846999, 'lag_9': 0.58110510682977, 'lag_10': 0.373853038222526, 'lag_11': 0.24391490855930964, 'lag_12': 0.5555149164212916, 'lag_13': 0.5142063509103816, 'lag_14': 0.7286748029300865, 'lag_15': 0.4986066229732814, 'lag_16': 0.5484286953369245, 'lag_17': 0.47353132558019617, 'lag_18': 0.21335353578384883, 'lag_19': 0.9691843862736151, 'lag_20': 0.5373495077449333, 'lag_21': 0.48875337514963, 'lag_22': 0.02144679080284967, 'lag_23': 0.1456955064884693, 'lag_24': 0.69798755594129, 'lag_25': 0.28908457943713395, 'lag_26': 0.19367588767066465, 'lag_27': 0.01912183838462367, 'lag_28': 0.5320185597173921}. Best is trial 29 with value: 0.008557185393919572.
[I 2025-09-29 13:19:30,247] Trial 31 finished with value: 0.008994077781661471 and parameters: {'lag_0': 0.796115613280272, 'lag_1': 0.3283979156495381, 'lag_2': 0.9712642971377257, 'lag_3': 0.19153781957075788, 'lag_4': 0.1957343586140607, 'lag_5': 0.443827928154631, 'lag_6': 0.7131083983164783, 'lag_7': 0.7019843589223262, 'lag_8': 0.4941052121364089, 'lag_9': 0.7120082733654824, 'lag_10': 0.4241365058243856, 'lag_11': 0.13889915749780957, 'lag_12': 0.5116218918483201, 'lag_13': 0.5621332433803561, 'lag_14': 0.7105051578781956, 'lag_15': 0.3121488274910296, 'lag_16': 0.8842000649505346, 'lag_17': 0.38110984577406753, 'lag_18': 0.3965845550525533, 'lag_19': 0.631300513701242, 'lag_20': 0.1502019097941518, 'lag_21': 0.38096940263759155, 'lag_22': 0.15664275468659936, 'lag_23': 0.28025041239767684, 'lag_24': 0.7533628268416742, 'lag_25': 0.0818853268074711, 'lag_26': 0.32635613377318423, 'lag_27': 0.09268345946991899, 'lag_28': 0.5006658082750551}. Best is trial 29 with value: 0.008557185393919572.
[I 2025-09-29 13:19:32,851] Trial 32 finished with value: 0.011547807482221912 and parameters: {'lag_0': 0.7952041491386457, 'lag_1': 0.35509939990374983, 'lag_2': 0.9673302549051799, 'lag_3': 0.16438273525239855, 'lag_4': 0.19066210648365398, 'lag_5': 0.42622387896053543, 'lag_6': 0.7442033715092689, 'lag_7': 0.7022268840271373, 'lag_8': 0.4787761027348823, 'lag_9': 0.7185854622473032, 'lag_10': 0.3946757582692098, 'lag_11': 0.11575024092513748, 'lag_12': 0.5838513882217983, 'lag_13': 0.5536930662824939, 'lag_14': 0.7103662479964088, 'lag_15': 0.2985907460861936, 'lag_16': 0.9147513772808107, 'lag_17': 0.577483745905691, 'lag_18': 0.3861912884878992, 'lag_19': 0.6445033183344424, 'lag_20': 0.17823545323116227, 'lag_21': 0.04494398615954387, 'lag_22': 0.1314079936111925, 'lag_23': 0.19415409787905144, 'lag_24': 0.8365405408529305, 'lag_25': 0.21035583947805672, 'lag_26': 0.2947263027564931, 'lag_27': 0.1053610573311401, 'lag_28': 0.6747347196840977}. Best is trial 29 with value: 0.008557185393919572.
[I 2025-09-29 13:19:35,447] Trial 33 finished with value: 0.009270050067042113 and parameters: {'lag_0': 0.9392010922383309, 'lag_1': 0.4149682118261061, 'lag_2': 0.9835703481528084, 'lag_3': 0.3955759565716901, 'lag_4': 0.04342517475486138, 'lag_5': 0.5650427277075036, 'lag_6': 0.7321203603224029, 'lag_7': 0.8144562229547706, 'lag_8': 0.6011726770658828, 'lag_9': 0.5811755220486663, 'lag_10': 0.29900505825577606, 'lag_11': 0.272395588787626, 'lag_12': 0.4890226661175012, 'lag_13': 0.9982258987482997, 'lag_14': 0.9950039462812533, 'lag_15': 0.29649408283769674, 'lag_16': 0.7055621102260472, 'lag_17': 0.43013407384550484, 'lag_18': 0.41885138631106084, 'lag_19': 0.6363858002730497, 'lag_20': 0.08078759721808831, 'lag_21': 0.5717609203706185, 'lag_22': 0.09748147415857084, 'lag_23': 0.2676907661207628, 'lag_24': 0.6974064633925305, 'lag_25': 0.468041357083986, 'lag_26': 0.10443223314064012, 'lag_27': 0.034832357211767494, 'lag_28': 0.4788559011375471}. Best is trial 29 with value: 0.008557185393919572.
[I 2025-09-29 13:19:38,040] Trial 34 finished with value: 0.009241167987049334 and parameters: {'lag_0': 0.9985515631123097, 'lag_1': 0.19943540489735798, 'lag_2': 0.8746746544523538, 'lag_3': 0.34935510311153817, 'lag_4': 0.09838737281063603, 'lag_5': 0.4636867245575658, 'lag_6': 0.8418484756653188, 'lag_7': 0.9063153397209971, 'lag_8': 0.7113840885967689, 'lag_9': 0.666513949117455, 'lag_10': 0.27718326399560145, 'lag_11': 0.16229189004455202, 'lag_12': 0.641050964812254, 'lag_13': 0.6683324551215348, 'lag_14': 0.7713546234125739, 'lag_15': 0.2201846053460466, 'lag_16': 0.7722847043372201, 'lag_17': 0.8442104925907945, 'lag_18': 0.28951041944469114, 'lag_19': 0.7707995664786014, 'lag_20': 0.24709636987769248, 'lag_21': 0.43380754569476276, 'lag_22': 0.2568566830506644, 'lag_23': 0.326497062822108, 'lag_24': 0.5531442533968629, 'lag_25': 0.03893299053958762, 'lag_26': 0.20517257770963698, 'lag_27': 0.11353651412611532, 'lag_28': 0.3983645800775346}. Best is trial 29 with value: 0.008557185393919572.
[I 2025-09-29 13:19:40,638] Trial 35 finished with value: 0.010910943759963317 and parameters: {'lag_0': 0.02563637257084339, 'lag_1': 0.26732995988620223, 'lag_2': 0.008411086739185503, 'lag_3': 0.0727795185221175, 'lag_4': 0.19070098011552647, 'lag_5': 0.7345663264592219, 'lag_6': 0.6013989191161514, 'lag_7': 0.5671977207123021, 'lag_8': 0.5346875630057966, 'lag_9': 0.7609331043007765, 'lag_10': 0.45898534604268015, 'lag_11': 0.33179061168827484, 'lag_12': 0.4433981296459671, 'lag_13': 0.1330768101414591, 'lag_14': 0.6786484713226681, 'lag_15': 0.3618693552026604, 'lag_16': 0.8578952864651772, 'lag_17': 0.38676951360439793, 'lag_18': 0.16256346085660633, 'lag_19': 0.5344316898335724, 'lag_20': 0.15714855571168646, 'lag_21': 0.4972050404835303, 'lag_22': 0.1327234452595048, 'lag_23': 0.18857096810066065, 'lag_24': 0.8715304821719799, 'lag_25': 0.14739304967044944, 'lag_26': 0.333148828700932, 'lag_27': 0.0015901879849503538, 'lag_28': 0.6671630521018381}. Best is trial 29 with value: 0.008557185393919572.
[I 2025-09-29 13:19:43,249] Trial 36 finished with value: 0.009124895015655688 and parameters: {'lag_0': 0.8966057234247097, 'lag_1': 0.5422106655723282, 'lag_2': 0.8462191246786561, 'lag_3': 0.17928304708584433, 'lag_4': 0.30474095354896136, 'lag_5': 0.49911404348806826, 'lag_6': 0.6957901465471001, 'lag_7': 0.7844610545486518, 'lag_8': 0.8120518325521429, 'lag_9': 0.40613368683998974, 'lag_10': 0.42643836453900175, 'lag_11': 1.6265655652381028e-06, 'lag_12': 0.5150936595114849, 'lag_13': 0.8242353814610719, 'lag_14': 0.8168960099291396, 'lag_15': 0.17606152552106227, 'lag_16': 0.9973834271891303, 'lag_17': 0.5007407847534241, 'lag_18': 0.3217830406717484, 'lag_19': 0.6073174236676477, 'lag_20': 0.6983493575322659, 'lag_21': 0.5549444644487771, 'lag_22': 0.3345374833063072, 'lag_23': 0.08142527140431105, 'lag_24': 0.42383714285164326, 'lag_25': 0.2351615493442079, 'lag_26': 0.07084809346802864, 'lag_27': 0.2652342678793085, 'lag_28': 0.5240999696009355}. Best is trial 29 with value: 0.008557185393919572.
[I 2025-09-29 13:19:45,842] Trial 37 finished with value: 0.010073400019490284 and parameters: {'lag_0': 0.7792620538311315, 'lag_1': 0.3325123804660867, 'lag_2': 0.9946624552950789, 'lag_3': 0.42302812461436434, 'lag_4': 0.0009223099116661831, 'lag_5': 0.36132192000651264, 'lag_6': 0.8514875932660513, 'lag_7': 0.8902421298328151, 'lag_8': 0.43684846250033504, 'lag_9': 0.45292602955265554, 'lag_10': 0.5941699308087172, 'lag_11': 0.48979154944971537, 'lag_12': 0.40022364586001513, 'lag_13': 0.3177090573435464, 'lag_14': 0.42047667603776584, 'lag_15': 0.38307654210632497, 'lag_16': 0.7642486379836346, 'lag_17': 0.6424625321408562, 'lag_18': 0.4282209657585976, 'lag_19': 0.8047070624356275, 'lag_20': 0.04884128033005221, 'lag_21': 0.7750338193929982, 'lag_22': 0.1803007798821804, 'lag_23': 0.32513838663506156, 'lag_24': 0.753748348757068, 'lag_25': 0.36268516955765984, 'lag_26': 0.24229410019952127, 'lag_27': 0.16920297300903664, 'lag_28': 0.4210663430136663}. Best is trial 29 with value: 0.008557185393919572.
[I 2025-09-29 13:19:48,442] Trial 38 finished with value: 0.009506182265619507 and parameters: {'lag_0': 0.9450361683406879, 'lag_1': 0.9990258350184484, 'lag_2': 0.510218816203185, 'lag_3': 0.341370151366156, 'lag_4': 0.08833943597068737, 'lag_5': 0.6274314855481526, 'lag_6': 0.517004913186668, 'lag_7': 0.699335669245208, 'lag_8': 0.3466876686378089, 'lag_9': 0.19818391409994418, 'lag_10': 0.5035925064938289, 'lag_11': 0.10159403812513021, 'lag_12': 0.7538612462538452, 'lag_13': 0.47707578981638393, 'lag_14': 0.5703771624440837, 'lag_15': 0.7998860131210959, 'lag_16': 0.8937376931177898, 'lag_17': 0.5425726829370446, 'lag_18': 0.2479199855759789, 'lag_19': 0.6792437670133475, 'lag_20': 0.9339850417462219, 'lag_21': 0.6172562532988912, 'lag_22': 0.062107947706411204, 'lag_23': 0.032004946769051204, 'lag_24': 0.2561949286919659, 'lag_25': 0.3175559595499598, 'lag_26': 0.4759964042797299, 'lag_27': 0.08480461852558327, 'lag_28': 0.842946476893095}. Best is trial 29 with value: 0.008557185393919572.
[I 2025-09-29 13:19:51,039] Trial 39 finished with value: 0.009152219033643093 and parameters: {'lag_0': 0.4959535310060193, 'lag_1': 0.15449538272308347, 'lag_2': 0.9221505390631717, 'lag_3': 0.23690516046120094, 'lag_4': 0.16084432231476814, 'lag_5': 0.29471823673713626, 'lag_6': 0.40937132763610984, 'lag_7': 0.5718787727202503, 'lag_8': 0.9787842731391463, 'lag_9': 0.7914668300665271, 'lag_10': 0.21725923916113635, 'lag_11': 0.15559701815681481, 'lag_12': 0.8913735902347666, 'lag_13': 0.8862139449002921, 'lag_14': 0.8567948630195492, 'lag_15': 0.9208382780403835, 'lag_16': 0.8022454621743469, 'lag_17': 0.436132265535087, 'lag_18': 0.9064806556411584, 'lag_19': 0.4929418413266806, 'lag_20': 0.3260252516006676, 'lag_21': 0.375112657688485, 'lag_22': 0.2381947748929794, 'lag_23': 0.21753763624690026, 'lag_24': 0.8316532207630861, 'lag_25': 0.07291818337206749, 'lag_26': 0.06130551069391658, 'lag_27': 0.2589275702726547, 'lag_28': 0.6987756994586876}. Best is trial 29 with value: 0.008557185393919572.
