[I 2025-09-29 11:57:52,696] Trial 46 finished with value: 0.011873602472603724 and parameters: {'lag_0': 0.6130650879088356, 'lag_1': 0.4602763602505015, 'lag_2': 0.41079519842023515, 'lag_3': 0.44396517544687353, 'lag_4': 0.6692147048826101, 'lag_5': 0.16414615587604922, 'lag_6': 0.3248494504881958, 'lag_7': 0.39466619130290836, 'lag_8': 0.6307717153904275, 'lag_9': 0.9574211029124874, 'lag_10': 0.006256178261626347, 'lag_11': 0.7367912595195727, 'lag_12': 0.5486431887543761, 'lag_13': 0.1169108452393724, 'lag_14': 0.4775384248843809, 'lag_15': 0.3746519082534685, 'lag_16': 0.47548650579514146, 'lag_17': 0.16900614490774832, 'lag_18': 0.32611903165249845, 'lag_19': 0.3991203123907722, 'lag_20': 0.20188825599078586, 'lag_21': 0.5538851435080564, 'lag_22': 0.7716047538198267, 'lag_23': 0.9308858389190138, 'lag_24': 0.08550959602451169, 'lag_25': 0.4772940590162727, 'lag_26': 0.04876930393641926, 'lag_27': 0.4134724359580431, 'lag_28': 0.13756381177538504}. Best is trial 14 with value: 0.01168104527612803.
[I 2025-09-29 11:57:55,116] Trial 47 finished with value: 0.011783394355149765 and parameters: {'lag_0': 0.002947564544029002, 'lag_1': 0.25321177711547443, 'lag_2': 0.7932029554129396, 'lag_3': 0.6275490486223918, 'lag_4': 0.7432476283108568, 'lag_5': 0.9786143720548643, 'lag_6': 0.6576697321720559, 'lag_7': 0.48111068634356086, 'lag_8': 0.8190393921686989, 'lag_9': 0.861405416564087, 'lag_10': 0.4387035850961012, 'lag_11': 0.5496710728900569, 'lag_12': 0.30473271168162086, 'lag_13': 0.20471211797930294, 'lag_14': 0.05389282438288789, 'lag_15': 0.847410838034163, 'lag_16': 0.27189030087900673, 'lag_17': 0.40045068053890415, 'lag_18': 0.263939376522198, 'lag_19': 0.7132735136037482, 'lag_20': 0.7350971550638099, 'lag_21': 0.6613072264682792, 'lag_22': 0.12133180515738734, 'lag_23': 0.6873546280951387, 'lag_24': 0.4684199904366798, 'lag_25': 0.3309965557233836, 'lag_26': 0.6725387605083886, 'lag_27': 0.5837309579981902, 'lag_28': 0.7709096400115945}. Best is trial 14 with value: 0.01168104527612803.
[I 2025-09-29 11:57:57,530] Trial 48 finished with value: 0.012079604669620162 and parameters: {'lag_0': 0.03814400741364615, 'lag_1': 0.2077739572614658, 'lag_2': 0.8050547035045519, 'lag_3': 0.6178746424704634, 'lag_4': 0.61561270739084, 'lag_5': 0.9293783258172049, 'lag_6': 0.8060114823801239, 'lag_7': 0.6037841120361858, 'lag_8': 0.8368778923708327, 'lag_9': 0.8883303807486785, 'lag_10': 0.5628473297505763, 'lag_11': 0.5659636059845392, 'lag_12': 0.26527125750975217, 'lag_13': 0.1974621258245241, 'lag_14': 0.04670373785683557, 'lag_15': 0.742434006223464, 'lag_16': 0.26970567113479155, 'lag_17': 0.2881241688634593, 'lag_18': 0.23966689437311517, 'lag_19': 0.7259348313809837, 'lag_20': 0.7790919771203934, 'lag_21': 0.28250709665737034, 'lag_22': 0.6159331561237372, 'lag_23': 0.6797624011556783, 'lag_24': 0.5779377109416427, 'lag_25': 0.2960836533815372, 'lag_26': 0.661669511553644, 'lag_27': 0.4877184410528552, 'lag_28': 0.7638466739736013}. Best is trial 14 with value: 0.01168104527612803.
[I 2025-09-29 11:57:59,936] Trial 49 finished with value: 0.011973013093014684 and parameters: {'lag_0': 0.09212838871777307, 'lag_1': 0.16241565743192682, 'lag_2': 0.4961660831870185, 'lag_3': 0.783640796488519, 'lag_4': 0.1827984186139007, 'lag_5': 0.786895235719046, 'lag_6': 0.3725647778343314, 'lag_7': 0.6761643541895397, 'lag_8': 0.996440119104243, 'lag_9': 0.325637743464293, 'lag_10': 0.7373307459153657, 'lag_11': 0.7126293932372217, 'lag_12': 0.15940192117010663, 'lag_13': 0.9889667476012585, 'lag_14': 0.00033141292373523035, 'lag_15': 0.9001695646589728, 'lag_16': 0.33625887886131894, 'lag_17': 0.6924323298353676, 'lag_18': 0.2694958478695545, 'lag_19': 0.743127621121882, 'lag_20': 0.5590765862024758, 'lag_21': 0.049307761469061795, 'lag_22': 0.7226522629972815, 'lag_23': 0.4928669753179654, 'lag_24': 0.46703121096436023, 'lag_25': 0.41388530586892186, 'lag_26': 0.7083288776837486, 'lag_27': 0.5913813118544134, 'lag_28': 0.8637653628631595}. Best is trial 14 with value: 0.01168104527612803.
[I 2025-09-29 11:58:02,339] Trial 50 finished with value: 0.011929759223443567 and parameters: {'lag_0': 0.41145559813878024, 'lag_1': 0.2511639541338084, 'lag_2': 0.6177683259028439, 'lag_3': 0.5111147758462004, 'lag_4': 0.4113565505460983, 'lag_5': 0.9607238458311538, 'lag_6': 0.9271271766868324, 'lag_7': 0.5378279691946055, 'lag_8': 0.9466796055685066, 'lag_9': 0.6806135303065087, 'lag_10': 0.45599428731786457, 'lag_11': 0.38751269088472473, 'lag_12': 0.2950392641387433, 'lag_13': 0.026884092218835087, 'lag_14': 0.1875711871623285, 'lag_15': 0.893334621878897, 'lag_16': 0.1939215193663908, 'lag_17': 0.3210809742717449, 'lag_18': 0.02898437651290739, 'lag_19': 0.5873556622681105, 'lag_20': 0.7360792063262731, 'lag_21': 0.7740257190188597, 'lag_22': 0.22908971633873196, 'lag_23': 0.2749907083761447, 'lag_24': 0.8215044977917103, 'lag_25': 0.2048949250868497, 'lag_26': 0.5234704902123088, 'lag_27': 0.2187985269418224, 'lag_28': 0.9252574855902307}. Best is trial 14 with value: 0.01168104527612803.
[I 2025-09-29 11:58:04,761] Trial 51 finished with value: 0.012150446333398263 and parameters: {'lag_0': 0.1788749739719609, 'lag_1': 0.07690799413673682, 'lag_2': 0.8447076689274848, 'lag_3': 0.6515382754458785, 'lag_4': 0.7560040051419359, 'lag_5': 0.3460104646416435, 'lag_6': 0.6548152520693459, 'lag_7': 0.48309149426986386, 'lag_8': 0.7760940440219206, 'lag_9': 0.8680304344640873, 'lag_10': 0.4333428770708718, 'lag_11': 0.472105232389148, 'lag_12': 0.37780337935543085, 'lag_13': 0.2646563405374987, 'lag_14': 0.9950546393937517, 'lag_15': 0.02322070142157831, 'lag_16': 0.40781185829292854, 'lag_17': 0.41996162817526733, 'lag_18': 0.4399257376167046, 'lag_19': 0.692230614391019, 'lag_20': 0.8392327235225313, 'lag_21': 0.6146466306025463, 'lag_22': 0.1404611468717222, 'lag_23': 0.6174755417829918, 'lag_24': 0.27908429921143074, 'lag_25': 0.3368311229249089, 'lag_26': 0.8073046274408041, 'lag_27': 0.6282216453667345, 'lag_28': 0.6976613224345323}. Best is trial 14 with value: 0.01168104527612803.
[I 2025-09-29 11:58:07,174] Trial 52 finished with value: 0.012033327862445526 and parameters: {'lag_0': 0.33451653507822476, 'lag_1': 0.6701035950422998, 'lag_2': 0.6842653065183159, 'lag_3': 0.5609904804686268, 'lag_4': 0.7780327765320534, 'lag_5': 0.8631081303804942, 'lag_6': 0.5972390731921312, 'lag_7': 0.41216104892150274, 'lag_8': 0.8600295840249793, 'lag_9': 0.8026009473332594, 'lag_10': 0.3114931045293124, 'lag_11': 0.5234651266302363, 'lag_12': 0.3270840844926049, 'lag_13': 0.33048191181784, 'lag_14': 0.1091565161684187, 'lag_15': 0.4246868975921858, 'lag_16': 0.25748594441779815, 'lag_17': 0.3554517337011691, 'lag_18': 0.18380758964363003, 'lag_19': 0.832780243170631, 'lag_20': 0.9983470002341641, 'lag_21': 0.6813126240000719, 'lag_22': 0.032491704134819915, 'lag_23': 0.7966910454339894, 'lag_24': 0.3528044384635838, 'lag_25': 0.5293211275731415, 'lag_26': 0.6116271832374167, 'lag_27': 0.5642310960572959, 'lag_28': 0.7682491212952938}. Best is trial 14 with value: 0.01168104527612803.
[I 2025-09-29 11:58:09,588] Trial 53 finished with value: 0.012338461225112441 and parameters: {'lag_0': 0.900924088789224, 'lag_1': 0.601302725995605, 'lag_2': 0.9327892433816832, 'lag_3': 0.28583096434604516, 'lag_4': 0.8395338095829254, 'lag_5': 0.24157841636939886, 'lag_6': 0.6900648178225157, 'lag_7': 0.3329084427953427, 'lag_8': 0.7299719874469913, 'lag_9': 0.7542180069251496, 'lag_10': 0.5066234650661541, 'lag_11': 0.6523944984250009, 'lag_12': 0.4528914229851411, 'lag_13': 0.28156483295361534, 'lag_14': 0.4116878476090034, 'lag_15': 0.8512340476224329, 'lag_16': 0.31505347251811416, 'lag_17': 0.400138495223061, 'lag_18': 0.3678935421469578, 'lag_19': 0.6239222714808881, 'lag_20': 0.9185521899266879, 'lag_21': 0.5933473700760299, 'lag_22': 0.1758641913887609, 'lag_23': 0.3794393197384316, 'lag_24': 0.18940450504206074, 'lag_25': 0.4816193046238192, 'lag_26': 0.6681106214602247, 'lag_27': 0.6925334896236776, 'lag_28': 0.672196554906182}. Best is trial 14 with value: 0.01168104527612803.
[I 2025-09-29 11:58:11,996] Trial 54 finished with value: 0.01184014811219273 and parameters: {'lag_0': 0.7973056726266985, 'lag_1': 0.29234481651470234, 'lag_2': 0.7500428876150707, 'lag_3': 0.6317334461537606, 'lag_4': 0.7150265741945113, 'lag_5': 0.284623710743296, 'lag_6': 0.4613951020500557, 'lag_7': 0.47294637374379445, 'lag_8': 0.8030801471501228, 'lag_9': 0.9991749621032033, 'lag_10': 0.113143506906802, 'lag_11': 0.6022735860378662, 'lag_12': 0.38169295148688226, 'lag_13': 0.5310847978049251, 'lag_14': 0.054118500927102256, 'lag_15': 0.3056110582419455, 'lag_16': 0.08243207872924925, 'lag_17': 0.04316218396044108, 'lag_18': 0.30083899885292914, 'lag_19': 0.5317815209449439, 'lag_20': 0.6271795435884238, 'lag_21': 0.5145162997320848, 'lag_22': 0.8112094433440764, 'lag_23': 0.4708215728588263, 'lag_24': 0.5457554450866896, 'lag_25': 0.2515839962953884, 'lag_26': 0.7352053488452283, 'lag_27': 0.3261928660271767, 'lag_28': 0.5544204267047153}. Best is trial 14 with value: 0.01168104527612803.
[I 2025-09-29 11:58:14,404] Trial 55 finished with value: 0.012061117357168616 and parameters: {'lag_0': 0.4540851969191635, 'lag_1': 0.3941267863960808, 'lag_2': 0.5582676422854235, 'lag_3': 0.0250625548017403, 'lag_4': 0.2759502377381995, 'lag_5': 0.19940318313662778, 'lag_6': 0.7571524384167712, 'lag_7': 0.29319872157068605, 'lag_8': 0.6866598551263603, 'lag_9': 0.629951393022429, 'lag_10': 0.38029615155029384, 'lag_11': 0.561765273601156, 'lag_12': 0.7978866656235423, 'lag_13': 0.5964934476648852, 'lag_14': 0.2653839469019914, 'lag_15': 0.1513128449442211, 'lag_16': 0.0022992108723288718, 'lag_17': 0.26474071958398515, 'lag_18': 0.08454619457700252, 'lag_19': 0.051508591291157146, 'lag_20': 0.4146762929813479, 'lag_21': 0.6475352686450782, 'lag_22': 0.11148645116827086, 'lag_23': 0.7421248501506136, 'lag_24': 0.709026972928794, 'lag_25': 0.5967325429773312, 'lag_26': 0.859697553447802, 'lag_27': 0.4625937778752471, 'lag_28': 0.6073437494229562}. Best is trial 14 with value: 0.01168104527612803.
[I 2025-09-29 11:58:16,808] Trial 56 finished with value: 0.01180546172134913 and parameters: {'lag_0': 0.742481428394335, 'lag_1': 0.5674415468001638, 'lag_2': 0.8077474441935686, 'lag_3': 0.7184216744695407, 'lag_4': 0.33783237499181223, 'lag_5': 0.45494734657268554, 'lag_6': 0.5809859962618343, 'lag_7': 0.530116850660892, 'lag_8': 0.8807886628002427, 'lag_9': 0.5728009161756764, 'lag_10': 0.5787517026357615, 'lag_11': 0.6864016975370317, 'lag_12': 0.017400302032127557, 'lag_13': 0.46434005045823873, 'lag_14': 0.1299332836808151, 'lag_15': 0.4857651638527345, 'lag_16': 0.6090450502558982, 'lag_17': 0.45994367318265356, 'lag_18': 0.12759668700356014, 'lag_19': 0.16476528509005073, 'lag_20': 0.11582410297642694, 'lag_21': 0.8192257018501297, 'lag_22': 0.03713821892459221, 'lag_23': 0.5420270084332437, 'lag_24': 0.045572328391472516, 'lag_25': 0.3910208867308169, 'lag_26': 0.8025518666908448, 'lag_27': 0.5287615594535698, 'lag_28': 0.4795932192464508}. Best is trial 14 with value: 0.01168104527612803.
[I 2025-09-29 11:58:19,214] Trial 57 finished with value: 0.012221014642082912 and parameters: {'lag_0': 0.5754033580535227, 'lag_1': 0.5502563881144436, 'lag_2': 0.7174153775023762, 'lag_3': 0.7091980279039891, 'lag_4': 0.3337546076410327, 'lag_5': 0.5498725444552381, 'lag_6': 0.8345340399374194, 'lag_7': 0.5484806235658475, 'lag_8': 0.865989627317671, 'lag_9': 0.5702038691740348, 'lag_10': 0.5972094706630047, 'lag_11': 0.6749500185105572, 'lag_12': 0.0350064150983785, 'lag_13': 0.4744145697783262, 'lag_14': 0.1246270595057682, 'lag_15': 0.5121788914881795, 'lag_16': 0.600475116578077, 'lag_17': 0.659807342408223, 'lag_18': 0.13455697191445654, 'lag_19': 0.16543803564230627, 'lag_20': 0.010663194948996133, 'lag_21': 0.8417685997948354, 'lag_22': 0.023010442983522256, 'lag_23': 0.5220580185585029, 'lag_24': 0.47093118635572734, 'lag_25': 0.4636099943919125, 'lag_26': 0.9507709736399981, 'lag_27': 0.5456025680690324, 'lag_28': 0.4742055950380736}. Best is trial 14 with value: 0.01168104527612803.
[I 2025-09-29 11:58:21,629] Trial 58 finished with value: 0.01242256986417237 and parameters: {'lag_0': 0.6847000521342869, 'lag_1': 0.7369775264376004, 'lag_2': 0.8213034272086637, 'lag_3': 0.7544201981970532, 'lag_4': 0.24894176576373822, 'lag_5': 0.7287267079577185, 'lag_6': 0.585813447528075, 'lag_7': 0.7573087215748496, 'lag_8': 0.8996173067850944, 'lag_9': 0.45986254253055964, 'lag_10': 0.6494734356436641, 'lag_11': 0.8028376143738241, 'lag_12': 0.9339949177629816, 'lag_13': 0.40702207785540984, 'lag_14': 0.2027562027971437, 'lag_15': 0.6572890750878838, 'lag_16': 0.7321784854324767, 'lag_17': 0.19687035347212514, 'lag_18': 0.23603441635521685, 'lag_19': 0.08946786718953095, 'lag_20': 0.10882239070725552, 'lag_21': 0.8988282681176952, 'lag_22': 0.051971236948639934, 'lag_23': 0.44984788017939736, 'lag_24': 0.6120904133834152, 'lag_25': 0.7118290340863007, 'lag_26': 0.8380422845609105, 'lag_27': 0.5059801233632444, 'lag_28': 0.2793020100374557}. Best is trial 14 with value: 0.01168104527612803.
[I 2025-09-29 11:58:24,041] Trial 59 finished with value: 0.011808265239140534 and parameters: {'lag_0': 0.0013774710383546848, 'lag_1': 0.9179158117774926, 'lag_2': 0.6080760585374776, 'lag_3': 0.8934033931437404, 'lag_4': 0.46924319003685183, 'lag_5': 0.5937845739062382, 'lag_6': 0.5252935905530477, 'lag_7': 0.5830389956578086, 'lag_8': 0.9584257172853954, 'lag_9': 0.5187157665838535, 'lag_10': 0.03505264562239266, 'lag_11': 0.7081483837808223, 'lag_12': 0.04484426967721261, 'lag_13': 0.5435292977803452, 'lag_14': 0.14965624302504776, 'lag_15': 0.5613881759236272, 'lag_16': 0.14814053392803758, 'lag_17': 0.5365026049158618, 'lag_18': 0.17430775285893652, 'lag_19': 0.036127484155606376, 'lag_20': 0.05486496376293638, 'lag_21': 0.4446310293882437, 'lag_22': 0.9040675510117425, 'lag_23': 0.5510432170584905, 'lag_24': 0.3843686419558503, 'lag_25': 0.5570072890295346, 'lag_26': 0.691577148637054, 'lag_27': 0.4238007917247842, 'lag_28': 0.35406648838473603}. Best is trial 14 with value: 0.01168104527612803.
[I 2025-09-29 11:58:26,450] Trial 60 finished with value: 0.011984228107872311 and parameters: {'lag_0': 0.7593866711032631, 'lag_1': 0.4857360754152045, 'lag_2': 0.502952117099829, 'lag_3': 0.5794956271531331, 'lag_4': 0.40906789709912017, 'lag_5': 0.4427137934967573, 'lag_6': 0.7325082690923245, 'lag_7': 0.37643939205199095, 'lag_8': 0.8097684178779864, 'lag_9': 0.16263178113862609, 'lag_10': 0.5191405575684023, 'lag_11': 0.7686601245965449, 'lag_12': 0.10894959563313854, 'lag_13': 0.3662417952394754, 'lag_14': 0.31246988585697877, 'lag_15': 0.46703715863203626, 'lag_16': 0.47822730929006285, 'lag_17': 0.46965994085142015, 'lag_18': 0.0011736951610081814, 'lag_19': 0.2235422471803261, 'lag_20': 0.24277867531474356, 'lag_21': 0.7611429772568572, 'lag_22': 0.4160297612587889, 'lag_23': 0.5990074153123165, 'lag_24': 0.4205959544071229, 'lag_25': 0.6265459467106136, 'lag_26': 0.8016788069636902, 'lag_27': 0.6303728733496046, 'lag_28': 0.06214784953661313}. Best is trial 14 with value: 0.01168104527612803.
[I 2025-09-29 11:58:28,856] Trial 61 finished with value: 0.011888834035924483 and parameters: {'lag_0': 0.12870705233785112, 'lag_1': 0.9093336822425777, 'lag_2': 0.6619598521098125, 'lag_3': 0.9301582866348572, 'lag_4': 0.4753092076743325, 'lag_5': 0.6447453157009327, 'lag_6': 0.540779170069883, 'lag_7': 0.6037356841339419, 'lag_8': 0.9637751476860739, 'lag_9': 0.5105378945370598, 'lag_10': 0.053929438214980044, 'lag_11': 0.7064531575521943, 'lag_12': 0.17273370936238505, 'lag_13': 0.560114718299563, 'lag_14': 0.16710366446644573, 'lag_15': 0.5678844839071474, 'lag_16': 0.16962574509956851, 'lag_17': 0.5529632190109011, 'lag_18': 0.1455963988439616, 'lag_19': 0.02860798598436779, 'lag_20': 0.04507974830961433, 'lag_21': 0.44661964673315013, 'lag_22': 0.8845024515879873, 'lag_23': 0.5437875360116999, 'lag_24': 0.04248526253326556, 'lag_25': 0.5611382377809302, 'lag_26': 0.6806339181673136, 'lag_27': 0.4177235376191194, 'lag_28': 0.3713158491942981}. Best is trial 14 with value: 0.01168104527612803.
[I 2025-09-29 11:58:31,265] Trial 62 finished with value: 0.012214471956303614 and parameters: {'lag_0': 0.035486468330387815, 'lag_1': 0.9790668372415499, 'lag_2': 0.6114234071063577, 'lag_3': 0.8760898390249674, 'lag_4': 0.5360017631689944, 'lag_5': 0.4849107686626053, 'lag_6': 0.6497980376989287, 'lag_7': 0.511535881702985, 'lag_8': 0.9158823578910649, 'lag_9': 0.5812803194540521, 'lag_10': 0.0002591869053187243, 'lag_11': 0.6550065376707771, 'lag_12': 0.031008282198416115, 'lag_13': 0.4813593755922877, 'lag_14': 0.030799027727387303, 'lag_15': 0.805556421610085, 'lag_16': 0.13562950108545974, 'lag_17': 0.5840539659391784, 'lag_18': 0.1761720787017003, 'lag_19': 0.13093247797967467, 'lag_20': 0.17369141518613013, 'lag_21': 0.39755252868645935, 'lag_22': 0.9941904393333821, 'lag_23': 0.3979420205848745, 'lag_24': 0.37579184577529234, 'lag_25': 0.6823235286054341, 'lag_26': 0.7263465604555608, 'lag_27': 0.4440762490302456, 'lag_28': 0.002720208173661476}. Best is trial 14 with value: 0.01168104527612803.
[I 2025-09-29 11:58:33,681] Trial 63 finished with value: 0.012171954343356814 and parameters: {'lag_0': 0.016395417493946518, 'lag_1': 0.9016487007593399, 'lag_2': 0.7814197337446575, 'lag_3': 0.9098573395707654, 'lag_4': 0.3545524641639766, 'lag_5': 0.9995741955295165, 'lag_6': 0.5048685546708633, 'lag_7': 0.6644209942960287, 'lag_8': 0.2097693221165592, 'lag_9': 0.4792666316532085, 'lag_10': 0.09297346561892986, 'lag_11': 0.5926331696559493, 'lag_12': 0.07976784848781734, 'lag_13': 0.5222079989840276, 'lag_14': 0.0764175547403514, 'lag_15': 0.9497005896229556, 'lag_16': 0.2191419730688898, 'lag_17': 0.7402763644081087, 'lag_18': 0.10856025375428693, 'lag_19': 0.0138253484098315, 'lag_20': 0.14259853851691845, 'lag_21': 0.8188354670215182, 'lag_22': 0.9172265130734873, 'lag_23': 0.6584990326138256, 'lag_24': 0.4827348749749912, 'lag_25': 0.5517757674562878, 'lag_26': 0.5762337309408172, 'lag_27': 0.39906078996149197, 'lag_28': 0.4263074633587294}. Best is trial 14 with value: 0.01168104527612803.
[I 2025-09-29 11:58:36,090] Trial 64 finished with value: 0.012220741929563166 and parameters: {'lag_0': 0.06548018781823217, 'lag_1': 0.9942110059262654, 'lag_2': 0.5914033314584779, 'lag_3': 0.5219180032362455, 'lag_4': 0.30635653435503746, 'lag_5': 0.11861754751674064, 'lag_6': 0.39065201560367896, 'lag_7': 0.5779281032023242, 'lag_8': 0.9629742115558755, 'lag_9': 0.417612598787114, 'lag_10': 0.575944312448296, 'lag_11': 0.7535677779433079, 'lag_12': 0.06934999004691308, 'lag_13': 0.44165709214782845, 'lag_14': 0.1394908550653038, 'lag_15': 0.5980445256414235, 'lag_16': 0.3594305810998458, 'lag_17': 0.5044545472261119, 'lag_18': 0.07736163352985957, 'lag_19': 0.055249444241844234, 'lag_20': 0.08885616521623137, 'lag_21': 0.9830058847492228, 'lag_22': 0.7472670752897177, 'lag_23': 0.3350655430691083, 'lag_24': 0.30174819329748487, 'lag_25': 0.3924802040496578, 'lag_26': 0.6362876407601415, 'lag_27': 0.5199957829281383, 'lag_28': 0.33846973874349323}. Best is trial 14 with value: 0.01168104527612803.
[I 2025-09-29 11:58:38,501] Trial 65 finished with value: 0.011851171289870932 and parameters: {'lag_0': 0.9686898092570878, 'lag_1': 0.5798588820298116, 'lag_2': 0.7385399840841985, 'lag_3': 0.6670704745342667, 'lag_4': 0.44028258974990053, 'lag_5': 0.7119400032050403, 'lag_6': 0.450180857313145, 'lag_7': 0.5192558221282151, 'lag_8': 0.8798902678626679, 'lag_9': 0.5433700183028658, 'lag_10': 0.04510685263977554, 'lag_11': 0.6966542864073701, 'lag_12': 0.7237738171274251, 'lag_13': 0.5953177470252463, 'lag_14': 0.09084916829028247, 'lag_15': 0.6559341414275912, 'lag_16': 0.19356897106526233, 'lag_17': 0.137945296973579, 'lag_18': 0.2201240202504265, 'lag_19': 0.08722432132288828, 'lag_20': 0.03129521058497453, 'lag_21': 0.47794386956461976, 'lag_22': 0.8187315808061639, 'lag_23': 0.5868934247437275, 'lag_24': 0.4268033017894978, 'lag_25': 0.5089289075456561, 'lag_26': 0.8677337165072844, 'lag_27': 0.5767881836217024, 'lag_28': 0.28536736475121793}. Best is trial 14 with value: 0.01168104527612803.
[I 2025-09-29 11:58:40,915] Trial 66 finished with value: 0.011990011379476645 and parameters: {'lag_0': 0.20326072715793975, 'lag_1': 0.6809798237018374, 'lag_2': 0.6420143902222051, 'lag_3': 0.808486588099936, 'lag_4': 0.1406275933633351, 'lag_5': 0.5801984437112333, 'lag_6': 0.5685869509945333, 'lag_7': 0.48345847432956696, 'lag_8': 0.8272784920661842, 'lag_9': 0.6955872290435883, 'lag_10': 0.04105190091570715, 'lag_11': 0.5462981489737455, 'lag_12': 0.8576696041986249, 'lag_13': 0.42673946926880596, 'lag_14': 0.23896234784339548, 'lag_15': 0.36225845345620533, 'lag_16': 0.3045574831729886, 'lag_17': 0.4867420260347555, 'lag_18': 0.17430512467840165, 'lag_19': 0.49428688748294647, 'lag_20': 0.3118673121075471, 'lag_21': 0.5512066502543476, 'lag_22': 0.5385898583823241, 'lag_23': 0.5465686352620901, 'lag_24': 0.39146305283252103, 'lag_25': 0.44372712157416194, 'lag_26': 0.710987723561714, 'lag_27': 0.37155022623014966, 'lag_28': 0.19951948099180528}. Best is trial 14 with value: 0.01168104527612803.
