[I 2025-09-29 13:09:57,539] Trial 83 finished with value: 0.0064508547678074875 and parameters: {'lag_0': 0.2401254460413944, 'lag_1': 0.04224018467164567, 'lag_2': 0.6790621250853517, 'lag_3': 0.20216070627467264, 'lag_4': 0.5065495376440268, 'lag_5': 0.3204701958574705, 'lag_6': 0.4679379221208021, 'lag_7': 0.10688159220822692, 'lag_8': 0.33120818569792093, 'lag_9': 0.9454422119405074, 'lag_10': 0.3070508076179312, 'lag_11': 0.30376891770130493, 'lag_12': 0.26221436934800973, 'lag_13': 0.8226726253264262, 'lag_14': 0.6333600277200381, 'lag_15': 0.16962838728092705, 'lag_16': 0.3667995141174775, 'lag_17': 0.4397655245462561, 'lag_18': 0.41899819031939595, 'lag_19': 0.0856404976550722, 'lag_20': 0.6603434526622596, 'lag_21': 0.7149525867800393, 'lag_22': 0.5557517190526836, 'lag_23': 0.406524731563842, 'lag_24': 0.5792558227845257, 'lag_25': 0.0848877888742874, 'lag_26': 0.5451523393789814, 'lag_27': 0.36885357412416486, 'lag_28': 0.020184947052904332}. Best is trial 14 with value: 0.005689529826481654.
[I 2025-09-29 13:10:00,011] Trial 84 finished with value: 0.005485698654728668 and parameters: {'lag_0': 0.11203182013914813, 'lag_1': 0.09193639945735974, 'lag_2': 0.3784646534118522, 'lag_3': 0.23344212755153176, 'lag_4': 0.8023003258559297, 'lag_5': 0.5039930121284258, 'lag_6': 0.263894194279319, 'lag_7': 0.1686769583719444, 'lag_8': 0.48675216766606166, 'lag_9': 0.5724861579805277, 'lag_10': 0.33457037170186155, 'lag_11': 0.1464749536660463, 'lag_12': 0.3319276371364967, 'lag_13': 0.9633916533680139, 'lag_14': 0.39407655847022793, 'lag_15': 0.06105693688912128, 'lag_16': 0.2971034960031963, 'lag_17': 0.29851291454905715, 'lag_18': 0.47184028857596005, 'lag_19': 0.22154406994378023, 'lag_20': 0.717936495621921, 'lag_21': 0.9044752391083808, 'lag_22': 0.7554811009240722, 'lag_23': 0.4634575363472203, 'lag_24': 0.8998341684044394, 'lag_25': 0.21302815318251053, 'lag_26': 0.42255622287084726, 'lag_27': 0.4027668042344731, 'lag_28': 0.1054554752883227}. Best is trial 84 with value: 0.005485698654728668.
[I 2025-09-29 13:10:02,487] Trial 85 finished with value: 0.006038375451355967 and parameters: {'lag_0': 0.5702757223333296, 'lag_1': 0.09804220097242484, 'lag_2': 0.38406969813871805, 'lag_3': 0.0930530496561212, 'lag_4': 0.927203516519371, 'lag_5': 0.7980392387455638, 'lag_6': 0.22978270045189908, 'lag_7': 0.2791270597877162, 'lag_8': 0.4940302512498918, 'lag_9': 0.5470813311098054, 'lag_10': 0.48394674255554515, 'lag_11': 0.1546055478620124, 'lag_12': 0.33616479118491177, 'lag_13': 0.9757258153037305, 'lag_14': 0.3422762801298588, 'lag_15': 0.020256029032160644, 'lag_16': 0.3068885196532171, 'lag_17': 0.2988683179297842, 'lag_18': 0.37079209858016865, 'lag_19': 0.2261034156743988, 'lag_20': 0.735587290677399, 'lag_21': 0.9059916757656171, 'lag_22': 0.7576112334731623, 'lag_23': 0.49914462352828043, 'lag_24': 0.8635600749858565, 'lag_25': 0.2793005435095177, 'lag_26': 0.4191994212996798, 'lag_27': 0.12107339594413107, 'lag_28': 0.1809290466743837}. Best is trial 84 with value: 0.005485698654728668.
[I 2025-09-29 13:10:04,963] Trial 86 finished with value: 0.00599317383995505 and parameters: {'lag_0': 0.15800607733137703, 'lag_1': 0.14519921501374386, 'lag_2': 0.33296427553763974, 'lag_3': 0.1461849436767796, 'lag_4': 0.8067311384728761, 'lag_5': 0.5596982711261497, 'lag_6': 0.2706016196135322, 'lag_7': 0.18023832688998676, 'lag_8': 0.6413292554183918, 'lag_9': 0.5783398225755871, 'lag_10': 0.39885200607311644, 'lag_11': 0.21084147829814257, 'lag_12': 0.37370651644702013, 'lag_13': 0.9409443946893606, 'lag_14': 0.6001230591001947, 'lag_15': 0.35950709629173627, 'lag_16': 0.34709921654128556, 'lag_17': 0.24894055954002947, 'lag_18': 0.31719756792300974, 'lag_19': 0.18388825777175177, 'lag_20': 0.6987194012501441, 'lag_21': 0.9276758787341411, 'lag_22': 0.6870982965310378, 'lag_23': 0.5385953309425153, 'lag_24': 0.9144302175420752, 'lag_25': 0.36678925901783965, 'lag_26': 0.37917815711743036, 'lag_27': 0.386525688747578, 'lag_28': 0.09931710624392472}. Best is trial 84 with value: 0.005485698654728668.
[I 2025-09-29 13:10:07,441] Trial 87 finished with value: 0.006268695320805759 and parameters: {'lag_0': 0.9114588258324062, 'lag_1': 0.45527320659645115, 'lag_2': 0.30423117578207626, 'lag_3': 0.22797937256895373, 'lag_4': 0.8753223601911706, 'lag_5': 0.6029641060626763, 'lag_6': 0.2149256379023914, 'lag_7': 0.246082823279696, 'lag_8': 0.5468249374927779, 'lag_9': 0.42636831744486026, 'lag_10': 0.3292522506780412, 'lag_11': 0.42237884097366435, 'lag_12': 0.08752781166451007, 'lag_13': 0.6237237379636986, 'lag_14': 0.51708934687434, 'lag_15': 0.5661704258538176, 'lag_16': 0.26662014162115694, 'lag_17': 0.21223341089878373, 'lag_18': 0.2655448779870017, 'lag_19': 0.2787973361688528, 'lag_20': 0.8001932332516375, 'lag_21': 0.8683406443862826, 'lag_22': 0.9417537570689213, 'lag_23': 0.23541394090008627, 'lag_24': 0.8214637839023871, 'lag_25': 0.053414610994440864, 'lag_26': 0.47108756613384123, 'lag_27': 0.40558502604032337, 'lag_28': 0.2285418440750711}. Best is trial 84 with value: 0.005485698654728668.
[I 2025-09-29 13:10:09,918] Trial 88 finished with value: 0.005948177593865699 and parameters: {'lag_0': 0.5327220545173242, 'lag_1': 0.559536395423964, 'lag_2': 0.3683878296370192, 'lag_3': 0.18334497380469386, 'lag_4': 0.7782120083278942, 'lag_5': 0.4917658651455605, 'lag_6': 0.5546693582707881, 'lag_7': 0.22091123264008442, 'lag_8': 0.6026016179474856, 'lag_9': 0.6651445204071857, 'lag_10': 0.4200569793397896, 'lag_11': 0.12028577855047727, 'lag_12': 0.3029449547013908, 'lag_13': 0.9875153071143267, 'lag_14': 0.4487316916999085, 'lag_15': 0.13421006690243095, 'lag_16': 0.6276649914230754, 'lag_17': 0.7166451716977161, 'lag_18': 0.40638849190094056, 'lag_19': 0.1485036652793268, 'lag_20': 0.6159130037685495, 'lag_21': 0.784459488333707, 'lag_22': 0.8401196102116009, 'lag_23': 0.2943106802286541, 'lag_24': 0.1718796261533833, 'lag_25': 0.40985672470563494, 'lag_26': 0.3531381639549387, 'lag_27': 0.5079847246953344, 'lag_28': 0.14971116188241798}. Best is trial 84 with value: 0.005485698654728668.
[I 2025-09-29 13:10:12,395] Trial 89 finished with value: 0.006792446070980354 and parameters: {'lag_0': 0.5353254716190741, 'lag_1': 0.5462966962890602, 'lag_2': 0.365537491812478, 'lag_3': 0.2882350914193957, 'lag_4': 0.7914120077854854, 'lag_5': 0.516006831419322, 'lag_6': 0.5681132923269997, 'lag_7': 0.2119326468428, 'lag_8': 0.5956848281322056, 'lag_9': 0.6556382124177265, 'lag_10': 0.42592308838573373, 'lag_11': 0.2596238738390061, 'lag_12': 0.23604157857888192, 'lag_13': 0.9945904143788368, 'lag_14': 0.448127436456311, 'lag_15': 0.1362242250721167, 'lag_16': 0.631394409394467, 'lag_17': 0.8018718968940256, 'lag_18': 0.47026113983763423, 'lag_19': 0.12364831019969329, 'lag_20': 0.6155895473256022, 'lag_21': 0.619616262042758, 'lag_22': 0.8313314521615975, 'lag_23': 0.2851453757677022, 'lag_24': 0.09001137561693512, 'lag_25': 0.39476518998672405, 'lag_26': 0.3422872585753578, 'lag_27': 0.5238198284555476, 'lag_28': 0.7813765678400773}. Best is trial 84 with value: 0.005485698654728668.
[I 2025-09-29 13:10:14,988] Trial 90 finished with value: 0.006509495198732592 and parameters: {'lag_0': 0.10036265969577084, 'lag_1': 0.6304774757624216, 'lag_2': 0.4952010180443211, 'lag_3': 0.1735921394347332, 'lag_4': 0.8338415509904905, 'lag_5': 0.6658767268420436, 'lag_6': 0.6448989603972106, 'lag_7': 0.3439071970704558, 'lag_8': 0.49048472227705714, 'lag_9': 0.48599928616687726, 'lag_10': 0.2737743775150208, 'lag_11': 0.7135847458734774, 'lag_12': 0.31663457075419416, 'lag_13': 0.959744571127099, 'lag_14': 0.48000901264497303, 'lag_15': 0.2078414906361462, 'lag_16': 0.23542203521122296, 'lag_17': 0.9002182155010816, 'lag_18': 0.40240932443603045, 'lag_19': 0.15031044748263897, 'lag_20': 0.8677743882342619, 'lag_21': 0.5466477886826403, 'lag_22': 0.4170563443764381, 'lag_23': 0.31382324053478483, 'lag_24': 0.20047167223369566, 'lag_25': 0.34273540620260035, 'lag_26': 0.31240959028646026, 'lag_27': 0.4984474002552769, 'lag_28': 0.14054047480707368}. Best is trial 84 with value: 0.005485698654728668.
[I 2025-09-29 13:10:17,470] Trial 91 finished with value: 0.008460353937878553 and parameters: {'lag_0': 0.9780746748146314, 'lag_1': 0.5748098530017783, 'lag_2': 0.40552315982927567, 'lag_3': 0.02568109834878482, 'lag_4': 0.7770233383291056, 'lag_5': 0.2575944275160811, 'lag_6': 0.5408504784997249, 'lag_7': 0.2768100720261366, 'lag_8': 0.5353711760666836, 'lag_9': 0.6232153082451561, 'lag_10': 0.37465900845078054, 'lag_11': 0.12880931189234543, 'lag_12': 0.2066249565844334, 'lag_13': 0.921240916534588, 'lag_14': 0.4207815984649709, 'lag_15': 0.08939731873357304, 'lag_16': 0.5964839855206087, 'lag_17': 0.7019936005489729, 'lag_18': 0.2928624013632992, 'lag_19': 0.21511972067690943, 'lag_20': 0.5915045352563122, 'lag_21': 0.8192081918207607, 'lag_22': 0.871491234799631, 'lag_23': 0.3664073056951115, 'lag_24': 0.15370482452621603, 'lag_25': 0.4259912893278871, 'lag_26': 0.36667149823354994, 'lag_27': 0.3317743183533926, 'lag_28': 0.11417235501853366}. Best is trial 84 with value: 0.005485698654728668.
[I 2025-09-29 13:10:19,958] Trial 92 finished with value: 0.006030114544094059 and parameters: {'lag_0': 0.29999658773576654, 'lag_1': 0.49149594856577133, 'lag_2': 0.25785929245892225, 'lag_3': 0.1939872885470435, 'lag_4': 0.7568390628601983, 'lag_5': 0.29912828627052734, 'lag_6': 0.3801329792177461, 'lag_7': 0.15192273314834132, 'lag_8': 0.6950895128356646, 'lag_9': 0.6758466414696072, 'lag_10': 0.4490053334260582, 'lag_11': 0.9918128144419577, 'lag_12': 0.7189267152886915, 'lag_13': 0.8771181080659195, 'lag_14': 0.39547212720662295, 'lag_15': 0.048001398814722845, 'lag_16': 0.6161245413173578, 'lag_17': 0.8097473230027793, 'lag_18': 0.36113270730262875, 'lag_19': 0.004675256699722866, 'lag_20': 0.6834354718887827, 'lag_21': 0.7841510107639842, 'lag_22': 0.785846149358777, 'lag_23': 0.4234446345969453, 'lag_24': 0.28021046212113926, 'lag_25': 0.29511998664677536, 'lag_26': 0.39197821024622836, 'lag_27': 0.3524617256034343, 'lag_28': 0.08296596744801296}. Best is trial 84 with value: 0.005485698654728668.
[I 2025-09-29 13:10:22,441] Trial 93 finished with value: 0.005927902414589019 and parameters: {'lag_0': 0.9408139221797921, 'lag_1': 0.7909919086274501, 'lag_2': 0.3521267179980601, 'lag_3': 0.06186924920523268, 'lag_4': 0.8948108299508682, 'lag_5': 0.481936966720661, 'lag_6': 0.42306631870849565, 'lag_7': 0.3174304945837044, 'lag_8': 0.5792373690334371, 'lag_9': 0.7287309191154057, 'lag_10': 0.24907342666162183, 'lag_11': 0.1024342159682075, 'lag_12': 0.2847188941953851, 'lag_13': 0.8442493957241953, 'lag_14': 0.04929166290116719, 'lag_15': 0.9640948176802231, 'lag_16': 0.5531016895598427, 'lag_17': 0.27748445047888826, 'lag_18': 0.4382817950589617, 'lag_19': 0.11074194321216133, 'lag_20': 0.5784181349872184, 'lag_21': 0.7267964732972079, 'lag_22': 0.9085589721569779, 'lag_23': 0.66596570672723, 'lag_24': 0.23359552823497384, 'lag_25': 0.452435888301172, 'lag_26': 0.9159025577188153, 'lag_27': 0.44167239772210104, 'lag_28': 0.17843513057076574}. Best is trial 84 with value: 0.005485698654728668.
[I 2025-09-29 13:10:24,932] Trial 94 finished with value: 0.005990660414365771 and parameters: {'lag_0': 0.943280549353129, 'lag_1': 0.7396436865269922, 'lag_2': 0.38253140800941393, 'lag_3': 0.06018503974744735, 'lag_4': 0.9822354610762439, 'lag_5': 0.45797887797944686, 'lag_6': 0.4205359004267447, 'lag_7': 0.32480135182243175, 'lag_8': 0.5778532095962425, 'lag_9': 0.7888956042789875, 'lag_10': 0.17175473075309672, 'lag_11': 0.02679156811882885, 'lag_12': 0.28374506175523895, 'lag_13': 0.8459808258752783, 'lag_14': 0.36984449417669935, 'lag_15': 0.9607707858331437, 'lag_16': 0.17551144395932444, 'lag_17': 0.2807670269198562, 'lag_18': 0.466032224796982, 'lag_19': 0.11122959587683993, 'lag_20': 0.5774772416542838, 'lag_21': 0.6747398725980203, 'lag_22': 0.9166037670503336, 'lag_23': 0.6824300976032618, 'lag_24': 0.10366920458662637, 'lag_25': 0.47169151449082436, 'lag_26': 0.43934548872113477, 'lag_27': 0.4729912971746797, 'lag_28': 0.17260377977351937}. Best is trial 84 with value: 0.005485698654728668.
[I 2025-09-29 13:10:27,413] Trial 95 finished with value: 0.006152380802606545 and parameters: {'lag_0': 0.8862440531991005, 'lag_1': 0.793755349262466, 'lag_2': 0.44513594665917533, 'lag_3': 0.15909230214017925, 'lag_4': 0.8486891514141839, 'lag_5': 0.48721201054435687, 'lag_6': 0.5088635774003528, 'lag_7': 0.25153013285552234, 'lag_8': 0.6140937489745469, 'lag_9': 0.7457556297381724, 'lag_10': 0.22359758478963832, 'lag_11': 0.09237680814305188, 'lag_12': 0.34459521701268564, 'lag_13': 0.9999743626244617, 'lag_14': 0.4416772201325866, 'lag_15': 0.9189622070929859, 'lag_16': 0.5546706497725571, 'lag_17': 0.7522548444280066, 'lag_18': 0.5050710071648664, 'lag_19': 0.07399826572581521, 'lag_20': 0.6109617739273234, 'lag_21': 0.728598721951691, 'lag_22': 0.9811375192247604, 'lag_23': 0.2575162569862391, 'lag_24': 0.23384746548405466, 'lag_25': 0.412831602585304, 'lag_26': 0.9997783363913559, 'lag_27': 0.45263305992480474, 'lag_28': 0.45992640753317304}. Best is trial 84 with value: 0.005485698654728668.
[I 2025-09-29 13:10:29,895] Trial 96 finished with value: 0.006377507398281382 and parameters: {'lag_0': 0.9806396894010188, 'lag_1': 0.7031881137887052, 'lag_2': 0.3552480672562996, 'lag_3': 0.12283014707169893, 'lag_4': 0.9035934374032337, 'lag_5': 0.727684872801723, 'lag_6': 0.47012075656795643, 'lag_7': 0.30752563400758187, 'lag_8': 0.6632914718019396, 'lag_9': 0.7010172271115626, 'lag_10': 0.24102207634509537, 'lag_11': 0.9296643167444261, 'lag_12': 0.4205075324540367, 'lag_13': 0.7775496800464003, 'lag_14': 0.2927977888557833, 'lag_15': 0.9873292334070671, 'lag_16': 0.48668492452392254, 'lag_17': 0.23980178713908362, 'lag_18': 0.4426946631175696, 'lag_19': 0.14631763892954652, 'lag_20': 0.7615672283846342, 'lag_21': 0.7556825211058297, 'lag_22': 0.8514920696260861, 'lag_23': 0.33271634785032095, 'lag_24': 0.7559515011772089, 'lag_25': 0.4470156456290294, 'lag_26': 0.9387144874126192, 'lag_27': 0.972679527636374, 'lag_28': 0.2054767837319335}. Best is trial 84 with value: 0.005485698654728668.
[I 2025-09-29 13:10:32,378] Trial 97 finished with value: 0.006902929877657142 and parameters: {'lag_0': 0.852518874631903, 'lag_1': 0.9530742596173226, 'lag_2': 0.32811214404034944, 'lag_3': 0.35150287693126664, 'lag_4': 0.8170614299517515, 'lag_5': 0.35119127425966845, 'lag_6': 0.5560444389578977, 'lag_7': 0.21818829474416848, 'lag_8': 0.627879789555384, 'lag_9': 0.7313093608199616, 'lag_10': 0.2788406705727712, 'lag_11': 0.11617727325459043, 'lag_12': 0.3146802809698879, 'lag_13': 0.9370322418567734, 'lag_14': 0.4993353576842668, 'lag_15': 0.9077012636675826, 'lag_16': 0.5165153982208643, 'lag_17': 0.3365644885759082, 'lag_18': 0.3909410216468968, 'lag_19': 0.06231406942991564, 'lag_20': 0.7240487683876939, 'lag_21': 0.6407773836057258, 'lag_22': 0.8939054488942024, 'lag_23': 0.654527230902823, 'lag_24': 0.17181148164456725, 'lag_25': 0.4605022578163549, 'lag_26': 0.8623472613291292, 'lag_27': 0.42756899315605273, 'lag_28': 0.15084158073175696}. Best is trial 84 with value: 0.005485698654728668.
[I 2025-09-29 13:10:34,855] Trial 98 finished with value: 0.006287427599060929 and parameters: {'lag_0': 0.4180802524318253, 'lag_1': 0.8462309814352149, 'lag_2': 0.2939610886144274, 'lag_3': 0.2327787003594846, 'lag_4': 0.8641096988331589, 'lag_5': 0.6035019050476786, 'lag_6': 0.35489959919262803, 'lag_7': 0.13091267618494679, 'lag_8': 0.7141067757076969, 'lag_9': 0.6275609639328339, 'lag_10': 0.34673155461631877, 'lag_11': 0.17950111022869153, 'lag_12': 0.27479019645473146, 'lag_13': 0.7502275575143245, 'lag_14': 0.004277378684901606, 'lag_15': 0.9712514986961882, 'lag_16': 0.32996149624489757, 'lag_17': 0.5338519504241672, 'lag_18': 0.14098542120509028, 'lag_19': 0.1903493097573551, 'lag_20': 0.6344023797925876, 'lag_21': 0.5848000470047555, 'lag_22': 0.8007982848993607, 'lag_23': 0.13386595169906151, 'lag_24': 0.6843236604654854, 'lag_25': 0.5177619753511424, 'lag_26': 0.23845951984007588, 'lag_27': 0.40400841745210575, 'lag_28': 0.24812478814654923}. Best is trial 84 with value: 0.005485698654728668.
[I 2025-09-29 13:10:37,328] Trial 99 finished with value: 0.0060874077847411934 and parameters: {'lag_0': 0.9283988460648683, 'lag_1': 0.3878378405883728, 'lag_2': 0.8144104468099851, 'lag_3': 0.4011364816520516, 'lag_4': 0.948450534036122, 'lag_5': 0.5766121420674128, 'lag_6': 0.5039082797319588, 'lag_7': 0.36778993145621586, 'lag_8': 0.7630488943093272, 'lag_9': 0.5870038434503343, 'lag_10': 0.3209216015146164, 'lag_11': 0.5415651293374343, 'lag_12': 0.36568839796858643, 'lag_13': 0.8997484528414417, 'lag_14': 0.4031083473102296, 'lag_15': 0.8470438273134991, 'lag_16': 0.7017956541676674, 'lag_17': 0.3213619485778532, 'lag_18': 0.30407705769957594, 'lag_19': 0.09908864606735374, 'lag_20': 0.5039731891549116, 'lag_21': 0.6869406304692285, 'lag_22': 0.9659722600831251, 'lag_23': 0.7141057804110895, 'lag_24': 0.16872036468746665, 'lag_25': 0.3604341752397503, 'lag_26': 0.3488809108861711, 'lag_27': 0.8011833839530484, 'lag_28': 0.06441971311266627}. Best is trial 84 with value: 0.005485698654728668.
[I 2025-09-29 13:10:37,342] A new study created in memory with name: no-name-e48bd685-272a-4d0a-b120-ef2d4aceb91e
[I 2025-09-29 13:10:39,784] Trial 0 finished with value: 0.0029568639448350046 and parameters: {'lag_0': 0.5459603003415255, 'lag_1': 0.3372213407240732, 'lag_2': 0.34162718333426717, 'lag_3': 0.7044660339221903, 'lag_4': 0.1415005028097066, 'lag_5': 0.7743488641980616, 'lag_6': 0.48104584020819513, 'lag_7': 0.9326520569306952, 'lag_8': 0.30068312584696183, 'lag_9': 0.6342589325174948, 'lag_10': 0.030288453947252915, 'lag_11': 0.7660211102773294, 'lag_12': 0.1836470325128296, 'lag_13': 0.6510844898420832, 'lag_14': 0.18041316677769165, 'lag_15': 0.6830733532048793, 'lag_16': 0.47278007747457446, 'lag_17': 0.4480996638230667, 'lag_18': 0.8675180314420673, 'lag_19': 0.043209056082618935, 'lag_20': 0.9620383800688823, 'lag_21': 0.41279871077773717, 'lag_22': 0.37497864252694363, 'lag_23': 0.6820626749731139, 'lag_24': 0.5954723416639324, 'lag_25': 0.24593327389039982, 'lag_26': 0.0037195566833444784, 'lag_27': 0.4644354141519421, 'lag_28': 0.06541158342118474}. Best is trial 0 with value: 0.0029568639448350046.
[I 2025-09-29 13:10:42,222] Trial 1 finished with value: 0.0037637457676253415 and parameters: {'lag_0': 0.657565810222098, 'lag_1': 0.4841260530307764, 'lag_2': 0.2784799325549873, 'lag_3': 0.7978345906352959, 'lag_4': 0.23224763975268517, 'lag_5': 0.0006366452642089755, 'lag_6': 0.72430961247826, 'lag_7': 0.005862614701448263, 'lag_8': 0.7621807321375242, 'lag_9': 0.06839627363820566, 'lag_10': 0.8042749930540977, 'lag_11': 0.1698932551510835, 'lag_12': 0.21253369327336513, 'lag_13': 0.20238796630710673, 'lag_14': 0.6413538167423163, 'lag_15': 0.9491849886281604, 'lag_16': 0.5259689451511692, 'lag_17': 0.3282418407141119, 'lag_18': 0.097649456966638, 'lag_19': 0.9930829148623886, 'lag_20': 0.6050216364785325, 'lag_21': 0.5381056702782246, 'lag_22': 0.9705980515605812, 'lag_23': 0.4569337412474513, 'lag_24': 0.9460666039477454, 'lag_25': 0.41866262319269765, 'lag_26': 0.23095409295011546, 'lag_27': 0.36574307488484437, 'lag_28': 0.024450267288728837}. Best is trial 0 with value: 0.0029568639448350046.
[I 2025-09-29 13:10:44,663] Trial 2 finished with value: 0.0034378138472976718 and parameters: {'lag_0': 0.16442336181350492, 'lag_1': 0.12836743208716306, 'lag_2': 0.707460381428303, 'lag_3': 0.7079359084496939, 'lag_4': 0.7316978318448768, 'lag_5': 0.3187916480091082, 'lag_6': 0.2889264010701931, 'lag_7': 0.40426592676603135, 'lag_8': 0.024096859648900917, 'lag_9': 0.7963280148664692, 'lag_10': 0.760390206186288, 'lag_11': 0.8062000911054145, 'lag_12': 0.28029182487572, 'lag_13': 0.5539348480632792, 'lag_14': 0.28661501337087625, 'lag_15': 0.12935528532512156, 'lag_16': 0.29719213072546186, 'lag_17': 0.6490888999357304, 'lag_18': 0.6967129635464689, 'lag_19': 0.8915462613059252, 'lag_20': 0.7798635810960068, 'lag_21': 0.637764294015686, 'lag_22': 0.28494638552924784, 'lag_23': 0.25128572475145244, 'lag_24': 0.03546909734192486, 'lag_25': 0.421841444281632, 'lag_26': 0.419255075819971, 'lag_27': 0.05286251991521027, 'lag_28': 0.6080446657218881}. Best is trial 0 with value: 0.0029568639448350046.
[I 2025-09-29 13:10:47,099] Trial 3 finished with value: 0.0036740711714580688 and parameters: {'lag_0': 0.3309415842556174, 'lag_1': 0.10667540222823842, 'lag_2': 0.698215377249869, 'lag_3': 0.5903906977455103, 'lag_4': 0.5894182877343956, 'lag_5': 0.7699258120285934, 'lag_6': 0.393920174998869, 'lag_7': 0.10988012614167318, 'lag_8': 0.46297183270611386, 'lag_9': 0.3957476992814749, 'lag_10': 0.846179188696213, 'lag_11': 0.9924497981873142, 'lag_12': 0.14459823715021775, 'lag_13': 0.9517669746907134, 'lag_14': 0.7557675363047451, 'lag_15': 0.5786984487831627, 'lag_16': 0.9620821741432781, 'lag_17': 0.615074971757167, 'lag_18': 0.5592418378962781, 'lag_19': 0.05635525585141619, 'lag_20': 0.622595406076941, 'lag_21': 0.9776245344470992, 'lag_22': 0.13318673159975356, 'lag_23': 0.9330819192797933, 'lag_24': 0.7205096745199582, 'lag_25': 0.8212260883792827, 'lag_26': 0.9957550903420133, 'lag_27': 0.508558257136389, 'lag_28': 0.5841001797693152}. Best is trial 0 with value: 0.0029568639448350046.
