[I 2025-09-29 12:51:11,900] Trial 20 finished with value: 0.009642167523414397 and parameters: {'lag_0': 0.4578320924486519, 'lag_1': 0.9975087146780806, 'lag_2': 0.5219417618721464, 'lag_3': 0.8837688231224399, 'lag_4': 0.2173407458889433, 'lag_5': 0.3861988204898603, 'lag_6': 0.002430607606686397, 'lag_7': 0.614434471083487, 'lag_8': 0.8470306258116327, 'lag_9': 0.5100652506886973, 'lag_10': 0.9083456738616233, 'lag_11': 0.4048259731374554, 'lag_12': 0.722873734512764, 'lag_13': 0.47202054006282407, 'lag_14': 0.012723073998622103, 'lag_15': 0.8196529887838606, 'lag_16': 0.970580727258884, 'lag_17': 0.3750903281408089, 'lag_18': 0.6795889261435322, 'lag_19': 0.37422878210443733, 'lag_20': 0.8709552199579581, 'lag_21': 0.6011652431115423, 'lag_22': 0.2080009147911879, 'lag_23': 0.43245686829629204, 'lag_24': 0.2477614117906527, 'lag_25': 0.7125179786651266, 'lag_26': 0.4869838077332089, 'lag_27': 0.3912051181772363, 'lag_28': 0.017992191092730203}. Best is trial 12 with value: 0.00878545365908004.
[I 2025-09-29 12:51:14,449] Trial 21 finished with value: 0.00935864406658956 and parameters: {'lag_0': 0.7406065447543593, 'lag_1': 0.8325587810819609, 'lag_2': 0.5710957030629186, 'lag_3': 0.47863764534450504, 'lag_4': 0.33548243708362646, 'lag_5': 0.36720144069656313, 'lag_6': 0.6083452132890066, 'lag_7': 0.2996859109517252, 'lag_8': 0.05037275078785856, 'lag_9': 0.45752316731061404, 'lag_10': 0.7869171386090668, 'lag_11': 0.2093539714422945, 'lag_12': 0.9750576823385635, 'lag_13': 0.9553251400024412, 'lag_14': 0.12801874476163566, 'lag_15': 0.3654033971743693, 'lag_16': 0.6082029888387707, 'lag_17': 0.4226406638075628, 'lag_18': 0.8327142673944479, 'lag_19': 0.8801181829834942, 'lag_20': 0.785455567878865, 'lag_21': 0.8550249551192053, 'lag_22': 0.39330278361087706, 'lag_23': 0.328020003133725, 'lag_24': 0.776971215957926, 'lag_25': 0.6660676611365473, 'lag_26': 0.339845839858051, 'lag_27': 0.6043375545059728, 'lag_28': 0.3392342259445482}. Best is trial 12 with value: 0.00878545365908004.
[I 2025-09-29 12:51:17,003] Trial 22 finished with value: 0.009340447314468016 and parameters: {'lag_0': 0.6009825142826002, 'lag_1': 0.7615833220323467, 'lag_2': 0.40685075144920724, 'lag_3': 0.5424534972216049, 'lag_4': 0.3790696204532283, 'lag_5': 0.30348157367679063, 'lag_6': 0.7028556242290059, 'lag_7': 0.23259921781183826, 'lag_8': 0.010315304289433933, 'lag_9': 0.26367201296907733, 'lag_10': 0.9162946346461298, 'lag_11': 0.4231705564572495, 'lag_12': 0.9638610981900814, 'lag_13': 0.8942962230421376, 'lag_14': 0.14446837184835537, 'lag_15': 0.23636437985826875, 'lag_16': 0.580942620555337, 'lag_17': 0.7152887915114937, 'lag_18': 0.7375381340226284, 'lag_19': 0.8139701274575434, 'lag_20': 0.8672564841333097, 'lag_21': 0.7958316245423369, 'lag_22': 0.568772616642515, 'lag_23': 0.5768802315283816, 'lag_24': 0.7063396486348291, 'lag_25': 0.8458291141636641, 'lag_26': 0.14410822413659055, 'lag_27': 0.5138614301058742, 'lag_28': 0.5346775857658149}. Best is trial 12 with value: 0.00878545365908004.
[I 2025-09-29 12:51:19,561] Trial 23 finished with value: 0.009227902593180246 and parameters: {'lag_0': 0.7594936676221519, 'lag_1': 0.8721662811042306, 'lag_2': 0.3128887592174424, 'lag_3': 0.44257183468436784, 'lag_4': 0.09844449546911618, 'lag_5': 0.19943948649441923, 'lag_6': 0.8497996105725789, 'lag_7': 0.4041623318250318, 'lag_8': 0.11810449548640617, 'lag_9': 0.501209319318831, 'lag_10': 0.6925783699461614, 'lag_11': 0.627726961457363, 'lag_12': 0.7817507737750906, 'lag_13': 0.9824250349193282, 'lag_14': 0.2735869421665893, 'lag_15': 0.44841752998515116, 'lag_16': 0.6927866420826682, 'lag_17': 0.1564812311651532, 'lag_18': 0.8614174869069477, 'lag_19': 0.9607593570715693, 'lag_20': 0.7061662196556706, 'lag_21': 0.4122419347357902, 'lag_22': 0.3106995829373501, 'lag_23': 0.3963978562028335, 'lag_24': 0.5501222851397997, 'lag_25': 0.7217155215556816, 'lag_26': 0.3752485543009064, 'lag_27': 0.20455151882947026, 'lag_28': 0.20478004840057573}. Best is trial 12 with value: 0.00878545365908004.
[I 2025-09-29 12:51:22,118] Trial 24 finished with value: 0.009782733508839308 and parameters: {'lag_0': 0.6972362970979216, 'lag_1': 0.7261743821957889, 'lag_2': 0.6265373258981851, 'lag_3': 0.6120459020505252, 'lag_4': 0.2594948898058981, 'lag_5': 0.4314353977450151, 'lag_6': 0.7172901678229662, 'lag_7': 0.4837912458301233, 'lag_8': 0.20341699796213453, 'lag_9': 0.6465555755101563, 'lag_10': 0.8775620049149495, 'lag_11': 0.8183618773953064, 'lag_12': 0.376200592019579, 'lag_13': 0.6850307408665499, 'lag_14': 0.07838148596053174, 'lag_15': 0.2462252928465986, 'lag_16': 0.8181029059086494, 'lag_17': 0.5823035130303907, 'lag_18': 0.9098649211058664, 'lag_19': 0.6118772011470827, 'lag_20': 0.7949869108025133, 'lag_21': 0.8336654932181948, 'lag_22': 0.4593463118082223, 'lag_23': 0.18274502198622794, 'lag_24': 0.7623959491567576, 'lag_25': 0.5906559123149635, 'lag_26': 0.45615845686972023, 'lag_27': 0.6204086041987777, 'lag_28': 0.3919001725825846}. Best is trial 12 with value: 0.00878545365908004.
[I 2025-09-29 12:51:24,673] Trial 25 finished with value: 0.009872033916715142 and parameters: {'lag_0': 0.8481312190344199, 'lag_1': 0.6144586961812071, 'lag_2': 0.4759499417457578, 'lag_3': 0.3305975846233361, 'lag_4': 0.17723683487048197, 'lag_5': 0.08682898467246178, 'lag_6': 0.5517688598353808, 'lag_7': 0.279459525443324, 'lag_8': 0.38786548926611164, 'lag_9': 0.7818406690093891, 'lag_10': 0.7438630578830283, 'lag_11': 0.9955256960860386, 'lag_12': 0.4655870819863849, 'lag_13': 0.8863374281626637, 'lag_14': 0.2958808283922453, 'lag_15': 0.623752969194077, 'lag_16': 0.5293470498680044, 'lag_17': 0.4496372439227545, 'lag_18': 0.9997704860309126, 'lag_19': 0.7193338122319808, 'lag_20': 0.6810435377105849, 'lag_21': 0.5737233289416303, 'lag_22': 0.11029582274449479, 'lag_23': 0.2551748876830909, 'lag_24': 0.4201075338222354, 'lag_25': 0.8848270713690138, 'lag_26': 0.5940339828038599, 'lag_27': 0.9866192641316414, 'lag_28': 0.26246996116015886}. Best is trial 12 with value: 0.00878545365908004.
[I 2025-09-29 12:51:27,227] Trial 26 finished with value: 0.00953509224670628 and parameters: {'lag_0': 0.5472207978966817, 'lag_1': 0.8775429866440995, 'lag_2': 0.7977609043409936, 'lag_3': 0.7410490329406607, 'lag_4': 0.052183973517089824, 'lag_5': 0.5265317279248892, 'lag_6': 0.330550941902364, 'lag_7': 0.374420265947796, 'lag_8': 0.106596769032262, 'lag_9': 0.5354658667446838, 'lag_10': 0.5599805982200702, 'lag_11': 0.3792052306562796, 'lag_12': 0.8604976647041745, 'lag_13': 0.31651323247880575, 'lag_14': 0.6032494325139808, 'lag_15': 0.06134538245188853, 'lag_16': 0.43404246257637413, 'lag_17': 0.2944559634862929, 'lag_18': 0.7189640766510089, 'lag_19': 0.8582628502781249, 'lag_20': 0.4696622909345111, 'lag_21': 0.9990106019374773, 'lag_22': 0.2563122782652312, 'lag_23': 0.04621806422194738, 'lag_24': 0.5715744224349356, 'lag_25': 0.4893808753185349, 'lag_26': 0.3049756591339172, 'lag_27': 0.6929611535060428, 'lag_28': 0.5327727707701104}. Best is trial 12 with value: 0.00878545365908004.
[I 2025-09-29 12:51:29,784] Trial 27 finished with value: 0.00950886479787247 and parameters: {'lag_0': 0.43997886509503853, 'lag_1': 0.9988303990993312, 'lag_2': 0.14952448838740928, 'lag_3': 0.567981940362129, 'lag_4': 0.3986079452627495, 'lag_5': 0.3339631375566028, 'lag_6': 0.1944291065064181, 'lag_7': 0.7503105222482381, 'lag_8': 0.25020412279713844, 'lag_9': 0.40814464735843653, 'lag_10': 0.6293291031916722, 'lag_11': 0.11210402212428688, 'lag_12': 0.2495371703605831, 'lag_13': 0.7362240674711981, 'lag_14': 0.19908348144073362, 'lag_15': 0.5390501984993334, 'lag_16': 0.761933963835521, 'lag_17': 0.8306184787792874, 'lag_18': 0.588029038878829, 'lag_19': 0.21962438052689076, 'lag_20': 0.9848157876053696, 'lag_21': 0.6766169850648733, 'lag_22': 0.39387259680030867, 'lag_23': 0.5058893465338297, 'lag_24': 0.4240855274151362, 'lag_25': 0.7961535476459026, 'lag_26': 0.2159717894823288, 'lag_27': 0.4198454184335253, 'lag_28': 0.40723092546910883}. Best is trial 12 with value: 0.00878545365908004.
[I 2025-09-29 12:51:32,333] Trial 28 finished with value: 0.009592586403407469 and parameters: {'lag_0': 0.6965841040249199, 'lag_1': 0.4564813338177498, 'lag_2': 0.32054936439416765, 'lag_3': 0.8939789490397647, 'lag_4': 0.5728307740363525, 'lag_5': 0.19481453802422039, 'lag_6': 0.9144204286624665, 'lag_7': 0.17601992243739864, 'lag_8': 0.4651602953217111, 'lag_9': 0.829438982739512, 'lag_10': 0.8739730133461427, 'lag_11': 0.24118378475769908, 'lag_12': 0.0819020461050133, 'lag_13': 0.5260139036656455, 'lag_14': 0.8057857000201012, 'lag_15': 0.9297359769741287, 'lag_16': 0.6422388363282204, 'lag_17': 0.34446856750489663, 'lag_18': 0.4341392420906568, 'lag_19': 0.5533776814873003, 'lag_20': 0.8180607248830801, 'lag_21': 0.44813470590249976, 'lag_22': 0.6157158874996607, 'lag_23': 0.6787528097891687, 'lag_24': 0.7511138697706142, 'lag_25': 0.6734243692829858, 'lag_26': 0.4189762953600545, 'lag_27': 0.28646983421143607, 'lag_28': 0.16159487644069342}. Best is trial 12 with value: 0.00878545365908004.
[I 2025-09-29 12:51:34,892] Trial 29 finished with value: 0.009908950045499115 and parameters: {'lag_0': 0.4891603322640618, 'lag_1': 0.7739017389999918, 'lag_2': 0.5860840919501803, 'lag_3': 0.8489624255827051, 'lag_4': 0.16619189052770733, 'lag_5': 0.4468433826039693, 'lag_6': 0.9990914563352076, 'lag_7': 0.9673423749650525, 'lag_8': 0.30497104920984064, 'lag_9': 0.6959504511595161, 'lag_10': 0.9313466557032957, 'lag_11': 0.623394576723686, 'lag_12': 0.08652134540331005, 'lag_13': 0.41024790049697746, 'lag_14': 0.35178709129415847, 'lag_15': 0.43171758924677534, 'lag_16': 0.22330633988494714, 'lag_17': 0.46181916585988253, 'lag_18': 0.7918539499676481, 'lag_19': 0.3883963605451053, 'lag_20': 0.913251211551484, 'lag_21': 0.26622998553821875, 'lag_22': 0.3233127910446812, 'lag_23': 0.11337674448353384, 'lag_24': 0.9216739291023255, 'lag_25': 0.34828861038222686, 'lag_26': 0.5620599211320014, 'lag_27': 0.8304944905048603, 'lag_28': 0.04166617810867887}. Best is trial 12 with value: 0.00878545365908004.
[I 2025-09-29 12:51:37,447] Trial 30 finished with value: 0.009563209462995192 and parameters: {'lag_0': 0.8130738120988168, 'lag_1': 0.6804260682044834, 'lag_2': 0.49466822126399884, 'lag_3': 0.4162391553407001, 'lag_4': 0.3186063132316803, 'lag_5': 0.06629521340081768, 'lag_6': 0.16213894442588483, 'lag_7': 0.567356601422741, 'lag_8': 0.6541457517370128, 'lag_9': 0.7496614075760294, 'lag_10': 0.7969142574080575, 'lag_11': 0.45896088926045403, 'lag_12': 0.5939233002885622, 'lag_13': 0.8675071691203267, 'lag_14': 0.7467169394168539, 'lag_15': 0.7629710955597463, 'lag_16': 0.5330658252663223, 'lag_17': 0.5814323951781114, 'lag_18': 0.5978219923074831, 'lag_19': 0.45437172519941715, 'lag_20': 0.7363178465992085, 'lag_21': 0.8886155464737295, 'lag_22': 0.481672959981391, 'lag_23': 0.21713829059472556, 'lag_24': 0.8274230539191557, 'lag_25': 0.814724206252287, 'lag_26': 0.10634675331853294, 'lag_27': 0.5553282431152134, 'lag_28': 0.422069121176468}. Best is trial 12 with value: 0.00878545365908004.
[I 2025-09-29 12:51:40,003] Trial 31 finished with value: 0.008723042743463893 and parameters: {'lag_0': 0.7228965586209909, 'lag_1': 0.8667996214401088, 'lag_2': 0.2916023200598643, 'lag_3': 0.48288779277999777, 'lag_4': 0.1237814827789536, 'lag_5': 0.18724601271640023, 'lag_6': 0.8114650803936047, 'lag_7': 0.42014157197241636, 'lag_8': 0.11179932484698066, 'lag_9': 0.4911893285301118, 'lag_10': 0.684767308743241, 'lag_11': 0.5903081267460041, 'lag_12': 0.8088397154361642, 'lag_13': 0.9770635042149309, 'lag_14': 0.09415017591616123, 'lag_15': 0.4445604912224611, 'lag_16': 0.6808560556919899, 'lag_17': 0.13336304828061615, 'lag_18': 0.8679671069998023, 'lag_19': 0.9886821278072534, 'lag_20': 0.6457291763827406, 'lag_21': 0.41311817983452614, 'lag_22': 0.3411280393865086, 'lag_23': 0.3833843136479493, 'lag_24': 0.5863613992757806, 'lag_25': 0.7435906734791498, 'lag_26': 0.378298202480252, 'lag_27': 0.1939283571845807, 'lag_28': 0.2121914087690914}. Best is trial 31 with value: 0.008723042743463893.
[I 2025-09-29 12:51:42,556] Trial 32 finished with value: 0.009227041099342135 and parameters: {'lag_0': 0.6983057236514225, 'lag_1': 0.87031104099407, 'lag_2': 0.22573523905268106, 'lag_3': 0.4896235087580921, 'lag_4': 0.12801356272397102, 'lag_5': 0.27248049584978545, 'lag_6': 0.7762395346148641, 'lag_7': 0.32883849733492276, 'lag_8': 0.0029992978430244295, 'lag_9': 0.43528614306418384, 'lag_10': 0.8452407429600463, 'lag_11': 0.5658641652043258, 'lag_12': 0.9120533374537879, 'lag_13': 0.9743717640382099, 'lag_14': 0.07952874026368977, 'lag_15': 0.5760544677642766, 'lag_16': 0.8599998516199094, 'lag_17': 0.11682474614116001, 'lag_18': 0.8817905639816943, 'lag_19': 0.9186233072733669, 'lag_20': 0.5467552389269661, 'lag_21': 0.4599256545935979, 'lag_22': 0.19272732935374562, 'lag_23': 0.3456995213700881, 'lag_24': 0.6175316184295715, 'lag_25': 0.7292738371433263, 'lag_26': 0.4151285193559282, 'lag_27': 0.10213698388581949, 'lag_28': 0.6287180818861713}. Best is trial 31 with value: 0.008723042743463893.
[I 2025-09-29 12:51:45,108] Trial 33 finished with value: 0.009357407715492826 and parameters: {'lag_0': 0.5888423679338388, 'lag_1': 0.22087917824192643, 'lag_2': 0.7096729673469435, 'lag_3': 0.6445416556302137, 'lag_4': 0.046797419246173186, 'lag_5': 0.1879128066944809, 'lag_6': 0.6573303963565577, 'lag_7': 0.4847857941519582, 'lag_8': 0.10230715201803814, 'lag_9': 0.3196968130115161, 'lag_10': 0.7411435979586734, 'lag_11': 0.7123518817421316, 'lag_12': 0.81189296167284, 'lag_13': 0.8414298855122477, 'lag_14': 0.11489839030510733, 'lag_15': 0.28662404186955664, 'lag_16': 0.6735426150319574, 'lag_17': 0.22531540272798306, 'lag_18': 0.8227583895545207, 'lag_19': 0.9977468302501471, 'lag_20': 0.6479986619824806, 'lag_21': 0.24020379696399086, 'lag_22': 0.34587969664020546, 'lag_23': 0.4399082313755299, 'lag_24': 0.6747893366655514, 'lag_25': 0.9296517516929423, 'lag_26': 0.32200693827245436, 'lag_27': 0.23083335163066654, 'lag_28': 0.28420573450616743}. Best is trial 31 with value: 0.008723042743463893.
[I 2025-09-29 12:51:47,658] Trial 34 finished with value: 0.009206724542613991 and parameters: {'lag_0': 0.39522574384749637, 'lag_1': 0.3536521304917932, 'lag_2': 0.4189432753091748, 'lag_3': 0.2524148921502122, 'lag_4': 0.15271730643163745, 'lag_5': 0.04782225561668596, 'lag_6': 0.8323006712497351, 'lag_7': 0.4265578811762488, 'lag_8': 0.215489580926577, 'lag_9': 0.639216157695873, 'lag_10': 0.9532087221099969, 'lag_11': 0.8643740482689071, 'lag_12': 0.8909043253070623, 'lag_13': 0.9941428511788515, 'lag_14': 0.1949402157044141, 'lag_15': 0.45690444324714696, 'lag_16': 0.7488679982923924, 'lag_17': 0.0335683077070921, 'lag_18': 0.7126491465865912, 'lag_19': 0.7650640460092083, 'lag_20': 0.6139964597445362, 'lag_21': 0.5927559602028832, 'lag_22': 0.2565520685840733, 'lag_23': 0.568428762757845, 'lag_24': 0.5880205544225637, 'lag_25': 0.09442085911028586, 'lag_26': 0.5139875624617875, 'lag_27': 0.46061581858518313, 'lag_28': 0.34135284936944044}. Best is trial 31 with value: 0.008723042743463893.
[I 2025-09-29 12:51:50,213] Trial 35 finished with value: 0.009078551065012364 and parameters: {'lag_0': 0.3674340857445586, 'lag_1': 0.3298426513387639, 'lag_2': 0.2816077434086181, 'lag_3': 0.254849649413741, 'lag_4': 0.14167237210575861, 'lag_5': 0.005291882895324979, 'lag_6': 0.8008645317083255, 'lag_7': 0.4604967915668354, 'lag_8': 0.27310475579046345, 'lag_9': 0.6621478630955036, 'lag_10': 0.9834443952392611, 'lag_11': 0.8641828580866917, 'lag_12': 0.343155351908749, 'lag_13': 0.9109095222639126, 'lag_14': 0.46793882406264437, 'lag_15': 0.4620563603220199, 'lag_16': 0.894743182528571, 'lag_17': 0.02703412545596183, 'lag_18': 0.726866750156986, 'lag_19': 0.6848390983483859, 'lag_20': 0.6081364289988551, 'lag_21': 0.5840130743070497, 'lag_22': 0.2591961635395478, 'lag_23': 0.5839548469395165, 'lag_24': 0.4522656382219158, 'lag_25': 0.01117542409908752, 'lag_26': 0.6105408446416716, 'lag_27': 0.4735513758706493, 'lag_28': 0.3612831358308946}. Best is trial 31 with value: 0.008723042743463893.
[I 2025-09-29 12:51:52,770] Trial 36 finished with value: 0.010749486354936656 and parameters: {'lag_0': 0.3421903853694522, 'lag_1': 0.3265789773771377, 'lag_2': 0.26005050353622217, 'lag_3': 0.22539782156138177, 'lag_4': 0.06954001383593154, 'lag_5': 0.09883617105881884, 'lag_6': 0.8197756440307234, 'lag_7': 0.4439122901044582, 'lag_8': 0.23932567794944995, 'lag_9': 0.6232136496367521, 'lag_10': 0.9890378175105079, 'lag_11': 0.8665145776647252, 'lag_12': 0.39005835477103246, 'lag_13': 0.9107642403656363, 'lag_14': 0.3957829020308936, 'lag_15': 0.444782107529385, 'lag_16': 0.8370934101242902, 'lag_17': 0.022397420808719856, 'lag_18': 0.6957380136421877, 'lag_19': 0.6889179553511537, 'lag_20': 0.5145434110838216, 'lag_21': 0.4860368144935202, 'lag_22': 0.09877045649382604, 'lag_23': 0.5866296772480212, 'lag_24': 0.3486622280240901, 'lag_25': 0.0019581535350351904, 'lag_26': 0.6923167084386854, 'lag_27': 0.4628053985663092, 'lag_28': 0.3527786162444563}. Best is trial 31 with value: 0.008723042743463893.
[I 2025-09-29 12:51:55,427] Trial 37 finished with value: 0.0095821870875515 and parameters: {'lag_0': 0.1999466354616778, 'lag_1': 0.22030573062102574, 'lag_2': 0.11280379486713951, 'lag_3': 0.14916572711927784, 'lag_4': 0.24197835511697485, 'lag_5': 0.0024011311037888247, 'lag_6': 0.7535270995318086, 'lag_7': 0.35787431762431543, 'lag_8': 0.2943029123820844, 'lag_9': 0.5628476973854141, 'lag_10': 0.9585524149608727, 'lag_11': 0.8593189511004234, 'lag_12': 0.7610035451862829, 'lag_13': 0.9317540217705095, 'lag_14': 0.4809094894726101, 'lag_15': 0.5810110621240927, 'lag_16': 0.7382835903378347, 'lag_17': 0.07027315470360951, 'lag_18': 0.5273943699109369, 'lag_19': 0.7652343504126058, 'lag_20': 0.6195592183607753, 'lag_21': 0.5657127697832667, 'lag_22': 0.2561684275277586, 'lag_23': 0.7563586639235398, 'lag_24': 0.45643007301180316, 'lag_25': 0.09195437108582885, 'lag_26': 0.6311230451597518, 'lag_27': 0.45898359614388934, 'lag_28': 0.1952855128448514}. Best is trial 31 with value: 0.008723042743463893.
[I 2025-09-29 12:51:58,002] Trial 38 finished with value: 0.009269660534409453 and parameters: {'lag_0': 0.09323531694204512, 'lag_1': 0.33379679620514213, 'lag_2': 0.34646052446793457, 'lag_3': 0.3097004898289208, 'lag_4': 0.14253619047576038, 'lag_5': 0.03982560697268858, 'lag_6': 0.5164385559071671, 'lag_7': 0.5541685053130936, 'lag_8': 0.3474536275010931, 'lag_9': 0.6639086075006448, 'lag_10': 0.9489286726701456, 'lag_11': 0.9848110067269825, 'lag_12': 0.8775011257908907, 'lag_13': 0.11831658828008507, 'lag_14': 0.21396345529150185, 'lag_15': 0.476818768481196, 'lag_16': 0.9188025521143095, 'lag_17': 0.11364716427151875, 'lag_18': 0.12360226952121772, 'lag_19': 0.7899703870185968, 'lag_20': 0.29634385398260954, 'lag_21': 0.6299903190411368, 'lag_22': 0.07683016537949056, 'lag_23': 0.5258942232561061, 'lag_24': 0.3322567403151136, 'lag_25': 0.14078678733409528, 'lag_26': 0.7671142178554535, 'lag_27': 0.5475463956330562, 'lag_28': 0.5221269789198414}. Best is trial 31 with value: 0.008723042743463893.
[I 2025-09-29 12:52:00,572] Trial 39 finished with value: 0.009967635240990768 and parameters: {'lag_0': 0.38812504528136815, 'lag_1': 0.16049790013706516, 'lag_2': 0.42325515484341514, 'lag_3': 0.24326102395028312, 'lag_4': 0.007200032351621977, 'lag_5': 0.15917286392117397, 'lag_6': 0.8783338405142342, 'lag_7': 0.17816319911054712, 'lag_8': 0.8994742618692868, 'lag_9': 0.8991146236161455, 'lag_10': 0.8597725343639389, 'lag_11': 0.7621759787314415, 'lag_12': 0.686151611113709, 'lag_13': 0.9321606220690355, 'lag_14': 0.31645484499840204, 'lag_15': 0.520983084342485, 'lag_16': 0.7789176502020557, 'lag_17': 0.009182974489057288, 'lag_18': 0.748176397042007, 'lag_19': 0.6694182076116906, 'lag_20': 0.44104527030933743, 'lag_21': 0.5189778818287799, 'lag_22': 0.017305404796791213, 'lag_23': 0.8085062723161195, 'lag_24': 0.567854029649868, 'lag_25': 0.18568945996142777, 'lag_26': 0.4935274072481304, 'lag_27': 0.7750148709003163, 'lag_28': 0.08712171977684341}. Best is trial 31 with value: 0.008723042743463893.
[I 2025-09-29 12:52:03,126] Trial 40 finished with value: 0.010682488336480389 and parameters: {'lag_0': 0.2795836736346581, 'lag_1': 0.36049958543907046, 'lag_2': 0.16729984153882255, 'lag_3': 0.008834321859252953, 'lag_4': 0.20738216870332452, 'lag_5': 0.06161780132349297, 'lag_6': 0.6794138856483739, 'lag_7': 0.4064307568606034, 'lag_8': 0.21134275821752954, 'lag_9': 0.9742030051217192, 'lag_10': 0.47340560554401806, 'lag_11': 0.8532793425217517, 'lag_12': 0.46676347540055674, 'lag_13': 0.6327298575042846, 'lag_14': 0.42604581986906065, 'lag_15': 0.707254865761389, 'lag_16': 0.422175593451191, 'lag_17': 0.20733315815090314, 'lag_18': 0.4726824577158195, 'lag_19': 0.5406351177603436, 'lag_20': 0.5593628086333834, 'lag_21': 0.7144378167347942, 'lag_22': 0.262599276273154, 'lag_23': 0.6250965482741605, 'lag_24': 0.23122769913843835, 'lag_25': 0.26518023911816, 'lag_26': 0.7846943830947731, 'lag_27': 0.3380415170339169, 'lag_28': 0.31377421337551886}. Best is trial 31 with value: 0.008723042743463893.
