2025-09-29 13:06:31,871 - distributed.nanny - INFO -         Start Nanny at: 'tcp://192.168.86.108:37712'
2025-09-29 13:06:33,151 - distributed.worker - INFO -       Start worker at: tcp://192.168.86.108:43490
2025-09-29 13:06:33,152 - distributed.worker - INFO -          Listening to: tcp://192.168.86.108:43490
2025-09-29 13:06:33,152 - distributed.worker - INFO -           Worker name:            SLURMCluster-19
2025-09-29 13:06:33,152 - distributed.worker - INFO -          dashboard at:       192.168.86.108:46370
2025-09-29 13:06:33,152 - distributed.worker - INFO - Waiting to connect to: tcp://192.168.86.101:46695
2025-09-29 13:06:33,152 - distributed.worker - INFO - -------------------------------------------------
2025-09-29 13:06:33,152 - distributed.worker - INFO -               Threads:                          1
2025-09-29 13:06:33,152 - distributed.worker - INFO -                Memory:                   9.31 GiB
2025-09-29 13:06:33,152 - distributed.worker - INFO -       Local Directory: /home1/zrentala/dask-worker-space/dask-scratch-space/worker-zm577sse
2025-09-29 13:06:33,152 - distributed.worker - INFO - -------------------------------------------------
2025-09-29 13:06:33,435 - distributed.worker - INFO - Starting Worker plugin shuffle
2025-09-29 13:06:33,436 - distributed.worker - INFO -         Registered to: tcp://192.168.86.101:46695
2025-09-29 13:06:33,436 - distributed.worker - INFO - -------------------------------------------------
2025-09-29 13:06:33,436 - distributed.core - INFO - Starting established connection to tcp://192.168.86.101:46695
[I 2025-09-29 13:06:33,514] A new study created in memory with name: no-name-e780d843-3535-4f21-a80a-3043b1644260
[I 2025-09-29 13:06:35,901] Trial 0 finished with value: 0.0033547756379815634 and parameters: {'lag_0': 0.502315810493516, 'lag_1': 0.3072490920811761, 'lag_2': 0.5641770514232487, 'lag_3': 0.8414953388811786, 'lag_4': 0.8872255021869624, 'lag_5': 0.8740563703434744, 'lag_6': 0.4350259318490681, 'lag_7': 0.2816214851184621, 'lag_8': 0.4214954038461061, 'lag_9': 0.4433895619721158, 'lag_10': 0.058947814095846464, 'lag_11': 0.649143754644191, 'lag_12': 0.41515476604689894, 'lag_13': 0.33503823102491825, 'lag_14': 0.9603346694103313, 'lag_15': 0.569606074444022, 'lag_16': 0.6298845063992571, 'lag_17': 0.20504046906112205, 'lag_18': 0.6752473829116835, 'lag_19': 0.7588226794831322, 'lag_20': 0.6328094134172192, 'lag_21': 0.32876734447005024, 'lag_22': 0.22632940739033378, 'lag_23': 0.9356270866057297, 'lag_24': 0.1891354299772599, 'lag_25': 0.536162438369262, 'lag_26': 0.02967416256520147, 'lag_27': 0.6015897438480658, 'lag_28': 0.36353159028944637}. Best is trial 0 with value: 0.0033547756379815634.
[I 2025-09-29 13:06:38,287] Trial 1 finished with value: 0.003931766298888073 and parameters: {'lag_0': 0.3871274720605973, 'lag_1': 0.7802311221531875, 'lag_2': 0.3073984403640492, 'lag_3': 0.16845929967467643, 'lag_4': 0.13280340625519482, 'lag_5': 0.09423732018090258, 'lag_6': 0.04345725206617136, 'lag_7': 0.727032905443393, 'lag_8': 0.6370321636515756, 'lag_9': 0.4126050804916694, 'lag_10': 0.5474309111951359, 'lag_11': 0.5833678276953848, 'lag_12': 0.39022600301887833, 'lag_13': 0.05555275208996406, 'lag_14': 0.1696922895337287, 'lag_15': 0.7445969833560997, 'lag_16': 0.432408889375758, 'lag_17': 0.013885499736684624, 'lag_18': 0.8091796858091163, 'lag_19': 0.1256594502527641, 'lag_20': 0.5730921830173997, 'lag_21': 0.3697663808435482, 'lag_22': 0.2377778992780002, 'lag_23': 0.3159840762746541, 'lag_24': 0.8669372439754028, 'lag_25': 0.45696599367077595, 'lag_26': 0.718469736756759, 'lag_27': 0.32918609529568904, 'lag_28': 0.5202063104799999}. Best is trial 0 with value: 0.0033547756379815634.
[I 2025-09-29 13:06:40,659] Trial 2 finished with value: 0.0032586113416495145 and parameters: {'lag_0': 0.15937838816052433, 'lag_1': 0.49195081356742343, 'lag_2': 0.3569013041078212, 'lag_3': 0.1610413447023818, 'lag_4': 0.008935168796743024, 'lag_5': 0.43489716721199945, 'lag_6': 0.5373629508652711, 'lag_7': 0.5481617460740424, 'lag_8': 0.3743801846523463, 'lag_9': 0.9331048907763894, 'lag_10': 0.7894080613224692, 'lag_11': 0.3661920688638301, 'lag_12': 0.5969041212399742, 'lag_13': 0.5175971824841349, 'lag_14': 0.26189823693578906, 'lag_15': 0.08182077597736409, 'lag_16': 0.466740265594056, 'lag_17': 0.13276701422429366, 'lag_18': 0.2669922160046223, 'lag_19': 0.04774530548312594, 'lag_20': 0.09256358963250862, 'lag_21': 0.2652078718452281, 'lag_22': 0.34743395899704205, 'lag_23': 0.1307029842612926, 'lag_24': 0.9583711924388242, 'lag_25': 0.43609645547599996, 'lag_26': 0.4829697267215731, 'lag_27': 0.48508562688577944, 'lag_28': 0.7387008879706976}. Best is trial 2 with value: 0.0032586113416495145.
[I 2025-09-29 13:06:43,004] Trial 3 finished with value: 0.0037660220322103047 and parameters: {'lag_0': 0.9309466639485087, 'lag_1': 0.1876359827826884, 'lag_2': 0.3520378523346495, 'lag_3': 0.5252162557931468, 'lag_4': 0.8571141222121879, 'lag_5': 0.025864588430820217, 'lag_6': 0.9289325540436925, 'lag_7': 0.05501156171086106, 'lag_8': 0.37584581287023283, 'lag_9': 0.7984681139114558, 'lag_10': 0.8429714748976107, 'lag_11': 0.9340458370617606, 'lag_12': 0.2186586261028887, 'lag_13': 0.9705188573312252, 'lag_14': 0.8812985841161003, 'lag_15': 0.10911439901669902, 'lag_16': 0.9315503365832345, 'lag_17': 0.529993139001008, 'lag_18': 0.595399212806598, 'lag_19': 0.739579055882807, 'lag_20': 0.3960582002422469, 'lag_21': 0.6048528069111324, 'lag_22': 0.7659813929686896, 'lag_23': 0.9157631400791459, 'lag_24': 0.9637630716358682, 'lag_25': 0.18555487683694996, 'lag_26': 0.6484561405020404, 'lag_27': 0.0444163161240541, 'lag_28': 0.920858186809865}. Best is trial 2 with value: 0.0032586113416495145.
[I 2025-09-29 13:06:45,348] Trial 4 finished with value: 0.003933573521168117 and parameters: {'lag_0': 0.9544775373105929, 'lag_1': 0.34552536758307006, 'lag_2': 0.6384749182742695, 'lag_3': 0.019309173150506734, 'lag_4': 0.38063427171997194, 'lag_5': 0.3880054605204978, 'lag_6': 0.958751022077053, 'lag_7': 0.8864262111537644, 'lag_8': 0.09944156411579474, 'lag_9': 0.6005192011900108, 'lag_10': 0.33423247866009526, 'lag_11': 0.0597708239437826, 'lag_12': 0.867352893961314, 'lag_13': 0.7108812555900318, 'lag_14': 0.5014577019197922, 'lag_15': 0.15239299217612598, 'lag_16': 0.26160268479812365, 'lag_17': 0.4636143432854721, 'lag_18': 0.8882893077621117, 'lag_19': 0.327291457861072, 'lag_20': 0.15883228049654927, 'lag_21': 0.8303307587299411, 'lag_22': 0.7045747651163703, 'lag_23': 0.544938887770777, 'lag_24': 0.1472329515377075, 'lag_25': 0.39877364490493267, 'lag_26': 0.09116590731234557, 'lag_27': 0.03890808045562268, 'lag_28': 0.4975316098497691}. Best is trial 2 with value: 0.0032586113416495145.
[I 2025-09-29 13:06:47,707] Trial 5 finished with value: 0.00331104135703807 and parameters: {'lag_0': 0.9075963735608071, 'lag_1': 0.05215800548380489, 'lag_2': 0.012571319241483959, 'lag_3': 0.08095665859171405, 'lag_4': 0.9837903074729627, 'lag_5': 0.9618685653608844, 'lag_6': 0.050215649512037476, 'lag_7': 0.925574949577191, 'lag_8': 0.27430709786586677, 'lag_9': 0.018781846775643374, 'lag_10': 0.9917477411668948, 'lag_11': 0.7839860223262171, 'lag_12': 0.9534450342181272, 'lag_13': 0.3951771285595374, 'lag_14': 0.3688208917164772, 'lag_15': 0.026489161838021368, 'lag_16': 0.19339848914223054, 'lag_17': 0.26123669056941556, 'lag_18': 0.1557070641609062, 'lag_19': 0.42559843674192765, 'lag_20': 0.23774212830595037, 'lag_21': 0.5596691038805367, 'lag_22': 0.6284687670034809, 'lag_23': 0.5766523782285174, 'lag_24': 0.10211746318323343, 'lag_25': 0.6616201260644503, 'lag_26': 0.7789417278795783, 'lag_27': 0.41511453363761835, 'lag_28': 0.23492056202467157}. Best is trial 2 with value: 0.0032586113416495145.
[I 2025-09-29 13:06:50,058] Trial 6 finished with value: 0.0038485688912799783 and parameters: {'lag_0': 0.7361503793881856, 'lag_1': 0.9521144156975823, 'lag_2': 0.4031363579683958, 'lag_3': 0.17025474100837412, 'lag_4': 0.5158075382261519, 'lag_5': 0.8245573202019003, 'lag_6': 0.7829494462130413, 'lag_7': 0.6236887468288852, 'lag_8': 0.88654494142795, 'lag_9': 0.5564914796253263, 'lag_10': 0.9917466187111288, 'lag_11': 0.9760989571500976, 'lag_12': 0.011950198953527356, 'lag_13': 0.2239952061631071, 'lag_14': 0.5800268853992631, 'lag_15': 0.931199902555874, 'lag_16': 0.6049106431517337, 'lag_17': 0.48143063900056454, 'lag_18': 0.49022296082097166, 'lag_19': 0.7960546682519845, 'lag_20': 0.3237784247729223, 'lag_21': 0.008349235808609377, 'lag_22': 0.8704967338583941, 'lag_23': 0.8863409822030218, 'lag_24': 0.24854364359304235, 'lag_25': 0.5165899320109949, 'lag_26': 0.0045941396866944215, 'lag_27': 0.5682638843485875, 'lag_28': 0.09303751388600237}. Best is trial 2 with value: 0.0032586113416495145.
[I 2025-09-29 13:06:52,406] Trial 7 finished with value: 0.00432778200472065 and parameters: {'lag_0': 0.975973268015138, 'lag_1': 0.6653166369923184, 'lag_2': 0.6803307259080831, 'lag_3': 0.9370209987497304, 'lag_4': 0.8082176644439594, 'lag_5': 0.5261366371655108, 'lag_6': 0.9926398046423421, 'lag_7': 0.04346133647129091, 'lag_8': 0.3636322877802546, 'lag_9': 0.28500459700501823, 'lag_10': 0.32920847775967244, 'lag_11': 0.5859605971492589, 'lag_12': 0.18887578395720264, 'lag_13': 0.6958355992442017, 'lag_14': 0.2475590122818521, 'lag_15': 0.3585536884544592, 'lag_16': 0.06954854091326997, 'lag_17': 0.03807487833700609, 'lag_18': 0.7760941824790152, 'lag_19': 0.3681264264107934, 'lag_20': 0.016234553582350465, 'lag_21': 0.9182355258272413, 'lag_22': 0.43269297394165274, 'lag_23': 0.42959213909214755, 'lag_24': 0.42181612627758813, 'lag_25': 0.2958077556297136, 'lag_26': 0.6017428930737042, 'lag_27': 0.4153615315060201, 'lag_28': 0.6806848506282973}. Best is trial 2 with value: 0.0032586113416495145.
[I 2025-09-29 13:06:54,756] Trial 8 finished with value: 0.003575077056234826 and parameters: {'lag_0': 0.7610589670065557, 'lag_1': 0.5506732379308565, 'lag_2': 0.20002270960443697, 'lag_3': 0.08359510404432081, 'lag_4': 0.8132350354003425, 'lag_5': 0.731222343434211, 'lag_6': 0.17982880312463465, 'lag_7': 0.5524770517063795, 'lag_8': 0.5338886905493943, 'lag_9': 0.3015942363033434, 'lag_10': 0.7712140862251162, 'lag_11': 0.20548353216734652, 'lag_12': 0.8854586536669835, 'lag_13': 0.1845007644074736, 'lag_14': 0.5480424593260627, 'lag_15': 0.6979883939514464, 'lag_16': 0.656229114540933, 'lag_17': 0.7421692958083087, 'lag_18': 0.5434004943348247, 'lag_19': 0.8650249766815905, 'lag_20': 0.6806694033373576, 'lag_21': 0.4699946266504436, 'lag_22': 0.4245381147677122, 'lag_23': 0.3681471004267661, 'lag_24': 0.2875768278694834, 'lag_25': 0.6240031529890102, 'lag_26': 0.20362904289385303, 'lag_27': 0.29202023331930865, 'lag_28': 0.1069255348106573}. Best is trial 2 with value: 0.0032586113416495145.
[I 2025-09-29 13:06:57,111] Trial 9 finished with value: 0.0032493087767209924 and parameters: {'lag_0': 0.5184440265194457, 'lag_1': 0.22311836759008052, 'lag_2': 0.309716160829684, 'lag_3': 0.45673084654750407, 'lag_4': 0.7587967848480162, 'lag_5': 0.5355975453591743, 'lag_6': 0.13014651130261035, 'lag_7': 0.7340419640520427, 'lag_8': 0.21337232639704304, 'lag_9': 0.7236558108152954, 'lag_10': 0.986648607293438, 'lag_11': 0.6971419938489694, 'lag_12': 0.07106694491321859, 'lag_13': 0.8588903109337255, 'lag_14': 0.32530570023070304, 'lag_15': 0.18053729293897694, 'lag_16': 0.16002822711516157, 'lag_17': 0.6573534318516079, 'lag_18': 0.44276094560780466, 'lag_19': 0.967277277129895, 'lag_20': 0.722420137345245, 'lag_21': 0.5160259388649296, 'lag_22': 0.5519464845356185, 'lag_23': 0.3873482016819465, 'lag_24': 0.2384565420747119, 'lag_25': 0.9010290793273673, 'lag_26': 0.015345532221685812, 'lag_27': 0.9890198781008949, 'lag_28': 0.5332567803836544}. Best is trial 9 with value: 0.0032493087767209924.
[I 2025-09-29 13:06:59,613] Trial 10 finished with value: 0.002659124942452427 and parameters: {'lag_0': 0.44402326140374665, 'lag_1': 0.026644376025844324, 'lag_2': 0.8758923980472174, 'lag_3': 0.4332778734088622, 'lag_4': 0.60425497681959, 'lag_5': 0.23981473035291312, 'lag_6': 0.33968046850422917, 'lag_7': 0.38226558388245463, 'lag_8': 0.05738854427149506, 'lag_9': 0.7501790467430616, 'lag_10': 0.565483135400398, 'lag_11': 0.3984107421195719, 'lag_12': 0.6273549215146474, 'lag_13': 0.980442025274658, 'lag_14': 0.03544142379773235, 'lag_15': 0.3878876972542418, 'lag_16': 0.05108772907996495, 'lag_17': 0.9661826503137243, 'lag_18': 0.00547472028158863, 'lag_19': 0.5670639394128476, 'lag_20': 0.979840050429905, 'lag_21': 0.7568993692696784, 'lag_22': 0.9827450830294313, 'lag_23': 0.0031121014313937323, 'lag_24': 0.6935345383497563, 'lag_25': 0.9921258931516524, 'lag_26': 0.9844689396827948, 'lag_27': 0.897383646247355, 'lag_28': 0.8747720300936311}. Best is trial 10 with value: 0.002659124942452427.
[I 2025-09-29 13:07:02,024] Trial 11 finished with value: 0.0040777641055257195 and parameters: {'lag_0': 0.4368218372639714, 'lag_1': 0.016476069255659875, 'lag_2': 0.9866383283783368, 'lag_3': 0.45810820589226225, 'lag_4': 0.5934593266584057, 'lag_5': 0.24798840072303058, 'lag_6': 0.32200876364722447, 'lag_7': 0.31376235692640686, 'lag_8': 0.013722972036554412, 'lag_9': 0.7517138968231452, 'lag_10': 0.5553535032494761, 'lag_11': 0.38480377016781303, 'lag_12': 0.6462501085948034, 'lag_13': 0.9506537980991214, 'lag_14': 0.008999810219098275, 'lag_15': 0.36943230593271387, 'lag_16': 0.008076578374444116, 'lag_17': 0.9771225539203969, 'lag_18': 0.03320302525236746, 'lag_19': 0.9865461192066328, 'lag_20': 0.971948641321174, 'lag_21': 0.7146147858880568, 'lag_22': 0.022579393604592546, 'lag_23': 0.029468750035920865, 'lag_24': 0.6808765013058684, 'lag_25': 0.9958766695898372, 'lag_26': 0.9884457408906598, 'lag_27': 0.9687696482413614, 'lag_28': 0.988428464069472}. Best is trial 10 with value: 0.002659124942452427.
[I 2025-09-29 13:07:04,423] Trial 12 finished with value: 0.003981034525216271 and parameters: {'lag_0': 0.2409891645116995, 'lag_1': 0.1869950987084507, 'lag_2': 0.8922470976897263, 'lag_3': 0.4526743795008934, 'lag_4': 0.6690228289088247, 'lag_5': 0.6116386028190226, 'lag_6': 0.2445768491256076, 'lag_7': 0.3266737606894495, 'lag_8': 0.1835931862480498, 'lag_9': 0.9756582763318675, 'lag_10': 0.6597519212485405, 'lag_11': 0.40426628629610867, 'lag_12': 0.6738665700982, 'lag_13': 0.8059933811152269, 'lag_14': 0.05341555209153881, 'lag_15': 0.3011947688979689, 'lag_16': 0.192125062252383, 'lag_17': 0.9790565278015328, 'lag_18': 0.3364234135722601, 'lag_19': 0.5539225950091329, 'lag_20': 0.9634613715479252, 'lag_21': 0.7137017636500047, 'lag_22': 0.9856488663022474, 'lag_23': 0.2085600995750371, 'lag_24': 0.6068934537975682, 'lag_25': 0.9905499134979996, 'lag_26': 0.4439631080967106, 'lag_27': 0.9829099070240255, 'lag_28': 0.7827549708855581}. Best is trial 10 with value: 0.002659124942452427.
[I 2025-09-29 13:07:06,823] Trial 13 finished with value: 0.003887915851619559 and parameters: {'lag_0': 0.6132838915885672, 'lag_1': 0.2117914849093665, 'lag_2': 0.7944927683089912, 'lag_3': 0.6408261048408469, 'lag_4': 0.331551593040431, 'lag_5': 0.27772065745348123, 'lag_6': 0.5148166681213345, 'lag_7': 0.7540550741488882, 'lag_8': 0.0155157143832928, 'lag_9': 0.7311787727506524, 'lag_10': 0.32974173551559427, 'lag_11': 0.7648397527945311, 'lag_12': 0.25276356655799753, 'lag_13': 0.8446217143789048, 'lag_14': 0.7097634924438019, 'lag_15': 0.25674823989421725, 'lag_16': 0.3265976813601591, 'lag_17': 0.7713416408800696, 'lag_18': 0.007815684288579757, 'lag_19': 0.5981387052018945, 'lag_20': 0.7926475005898621, 'lag_21': 0.765611569801522, 'lag_22': 0.5955457002969751, 'lag_23': 0.6726715065928945, 'lag_24': 0.4227580987816496, 'lag_25': 0.7985289685870025, 'lag_26': 0.3067065424701394, 'lag_27': 0.7826900019461109, 'lag_28': 0.5369031061239955}. Best is trial 10 with value: 0.002659124942452427.
[I 2025-09-29 13:07:09,230] Trial 14 finished with value: 0.003599445140145855 and parameters: {'lag_0': 0.2748275265805783, 'lag_1': 0.08218553575425949, 'lag_2': 0.1488634733455377, 'lag_3': 0.3243327867449649, 'lag_4': 0.6782302283490882, 'lag_5': 0.30356585946497566, 'lag_6': 0.38805010977728444, 'lag_7': 0.42917552006708526, 'lag_8': 0.2030612312380629, 'lag_9': 0.6484011386040726, 'lag_10': 0.06745018744422371, 'lag_11': 0.23194623919658117, 'lag_12': 0.023638664748472586, 'lag_13': 0.5668410503158969, 'lag_14': 0.3636939079139456, 'lag_15': 0.46851993116267965, 'lag_16': 0.11778741872608742, 'lag_17': 0.7703464000048476, 'lag_18': 0.3765173325643401, 'lag_19': 0.9861578553370147, 'lag_20': 0.81376757155483, 'lag_21': 0.12230982814625935, 'lag_22': 0.9917309248475563, 'lag_23': 0.02471889312517256, 'lag_24': 0.7315724795486697, 'lag_25': 0.8255829044067104, 'lag_26': 0.9921092724594075, 'lag_27': 0.7936726804486756, 'lag_28': 0.8458363089272699}. Best is trial 10 with value: 0.002659124942452427.
[I 2025-09-29 13:07:11,631] Trial 15 finished with value: 0.0032198158381653297 and parameters: {'lag_0': 0.6210679652980275, 'lag_1': 0.3870966042434544, 'lag_2': 0.4864729643778062, 'lag_3': 0.6758866482757051, 'lag_4': 0.4190147181857117, 'lag_5': 0.6481777510317337, 'lag_6': 0.6140610493466356, 'lag_7': 0.77081053146597, 'lag_8': 0.7216743199859273, 'lag_9': 0.8520987925117512, 'lag_10': 0.2008637461052762, 'lag_11': 0.7310506497637361, 'lag_12': 0.5092555419639141, 'lag_13': 0.9905501307821404, 'lag_14': 0.13362457610247588, 'lag_15': 0.21338182371381847, 'lag_16': 0.002197626347908925, 'lag_17': 0.6481728248568148, 'lag_18': 0.24048441658558947, 'lag_19': 0.23183823430448158, 'lag_20': 0.8389055723176997, 'lag_21': 0.98565703865638, 'lag_22': 0.8555955342644241, 'lag_23': 0.2292780539304563, 'lag_24': 0.5320688168656066, 'lag_25': 0.012643789060139132, 'lag_26': 0.3396628931332, 'lag_27': 0.8170078498411002, 'lag_28': 0.6447705152400867}. Best is trial 10 with value: 0.002659124942452427.
[I 2025-09-29 13:07:14,042] Trial 16 finished with value: 0.004094091941110169 and parameters: {'lag_0': 0.014828994589611066, 'lag_1': 0.3878218732176003, 'lag_2': 0.5016389347156167, 'lag_3': 0.6887859582986451, 'lag_4': 0.36065147103650075, 'lag_5': 0.6762626544863103, 'lag_6': 0.6559307092959966, 'lag_7': 0.18364671952807093, 'lag_8': 0.7731623981594108, 'lag_9': 0.8661757923994711, 'lag_10': 0.2048117243892311, 'lag_11': 0.4895509375195338, 'lag_12': 0.7311461750118328, 'lag_13': 0.668514629502007, 'lag_14': 0.1348901169892922, 'lag_15': 0.5050489136302905, 'lag_16': 0.0002826350535746736, 'lag_17': 0.9129470993860171, 'lag_18': 0.17194713277993418, 'lag_19': 0.2051310845645477, 'lag_20': 0.8419647721658507, 'lag_21': 0.916044421958711, 'lag_22': 0.8226465850227049, 'lag_23': 0.20804321923606878, 'lag_24': 0.5753893292957698, 'lag_25': 0.0233535606107095, 'lag_26': 0.3267968272089158, 'lag_27': 0.7742517848730127, 'lag_28': 0.677436018339422}. Best is trial 10 with value: 0.002659124942452427.
[I 2025-09-29 13:07:16,436] Trial 17 finished with value: 0.0038731343796560304 and parameters: {'lag_0': 0.6440121540136278, 'lag_1': 0.4865132134081227, 'lag_2': 0.7676347360728071, 'lag_3': 0.7091890278695234, 'lag_4': 0.2559389781792087, 'lag_5': 0.1668963199677682, 'lag_6': 0.6610773171794739, 'lag_7': 0.42964505206643167, 'lag_8': 0.7030511229118649, 'lag_9': 0.863890270537633, 'lag_10': 0.18478137368324699, 'lag_11': 0.8621852423392817, 'lag_12': 0.5210093065115783, 'lag_13': 0.9982058615767605, 'lag_14': 0.13033800011926883, 'lag_15': 0.626088954926706, 'lag_16': 0.33395555333975446, 'lag_17': 0.33670216677155573, 'lag_18': 0.1487457518125766, 'lag_19': 0.3007674876087068, 'lag_20': 0.4966687467772072, 'lag_21': 0.996629353251028, 'lag_22': 0.8881931763694912, 'lag_23': 0.11950138761759903, 'lag_24': 0.8062694240621859, 'lag_25': 0.034883869148702895, 'lag_26': 0.8337463788114601, 'lag_27': 0.6894039120784686, 'lag_28': 0.8641664320126086}. Best is trial 10 with value: 0.002659124942452427.
[I 2025-09-29 13:07:18,851] Trial 18 finished with value: 0.0034206852998627654 and parameters: {'lag_0': 0.7708058085915392, 'lag_1': 0.6983753976483613, 'lag_2': 0.9908986188844836, 'lag_3': 0.3372838891558949, 'lag_4': 0.48210697389887247, 'lag_5': 0.39920441552193653, 'lag_6': 0.6330275342891339, 'lag_7': 0.820125035550456, 'lag_8': 0.8326027698349832, 'lag_9': 0.9872510669001516, 'lag_10': 0.43248802933172903, 'lag_11': 0.49529796410526705, 'lag_12': 0.41294367040697033, 'lag_13': 0.8116200710996889, 'lag_14': 0.00956530455079288, 'lag_15': 0.43829087141141204, 'lag_16': 0.8680568590515392, 'lag_17': 0.6196916015468317, 'lag_18': 0.23381280154748674, 'lag_19': 0.631420193872136, 'lag_20': 0.9047751615476037, 'lag_21': 0.9884192285098222, 'lag_22': 0.7312503315934122, 'lag_23': 0.25531366724831267, 'lag_24': 0.5154576420869593, 'lag_25': 0.1999498774716444, 'lag_26': 0.3905150275204199, 'lag_27': 0.8730863096114378, 'lag_28': 0.6520533707200827}. Best is trial 10 with value: 0.002659124942452427.
