[I 2025-10-03 11:37:02,916] Trial 29 finished with values: [0.04111111111111111, 0.0019230728607228312, 0.0011338880968642753, 0.002020869713108775, 0.00033461971908197206, 0.0007830794201311879, 0.0018787186076759444, 0.0016511748314295368, 0.002787304405915715, 0.001984649155504123, 0.0012894406069302383, 0.0008351730919637136, 0.0003900159287016593, 0.02078628964162077, 0.0, 0.0007277921373710456, 0.00021812630020804036, 0.0005469245782716376, 0.000730273394056892, 7.888259907569973e-06, 0.00010491730867896655, 6.401645951632667e-05, 0.0003270686413125386, 0.0003595636887661389, 0.0008329326880409816, 0.00028919383357879435, 0.0006672229251864072, 0.002047977714178132, 0.001056499966541969] and parameters: {'lag_0': 0.1616749026349378, 'lag_1': 0.32437573216605053, 'lag_2': 0.7764467649935898, 'lag_3': 0.8665369875457222, 'lag_4': 0.3219890881728709, 'lag_5': 0.5486603867682888, 'lag_6': 0.4275907060466371, 'lag_7': 0.3523824435284806, 'lag_8': 0.2550293861205877, 'lag_9': 0.24861131242810913, 'lag_10': 0.13809272815312967, 'lag_11': 0.06989385469380832, 'lag_12': 0.3103720072883103, 'lag_13': 0.9432799042340646, 'lag_14': 0.06348790321798709, 'lag_15': 0.32781919196163517, 'lag_16': 0.22132722657778459, 'lag_17': 0.45146701936852, 'lag_18': 0.2896800439659217, 'lag_19': 0.8522689865373506, 'lag_20': 0.9599079024719757, 'lag_21': 0.5801083911712273, 'lag_22': 0.3580604349629854, 'lag_23': 0.49577912156172904, 'lag_24': 0.9680541676509561, 'lag_25': 0.8590998878136262, 'lag_26': 0.6599678656490963, 'lag_27': 0.5116403569593099, 'lag_28': 0.1367000849610446}.
[I 2025-10-03 11:37:05,626] Trial 30 finished with values: [0.0031792674216916646, 0.00040051694677189836, 0.0007379411293554504, 0.002014974235896861, 0.0009000833301120259, 0.0018384415868853252, 0.0011440668620977192, 0.0013918668693707328, 0.0020897781898816747, 0.0018983557332121685, 0.002113783175379946, 0.0006839790341437122, 0.0003879095624983576, 0.018664172765814686, 0.0, 0.0008881459983567797, 0.00023218915699341897, 0.0003770401248005623, 0.000929946610837209, 3.2397414175416906e-05, 0.0002269212419151113, 0.00013132517707760291, 0.0004536306332059742, 0.00019473466685996, 0.0005751624769370281, 0.00040719086863451353, 0.0005215807202320852, 0.0013952268400832146, 0.0016165751868975717] and parameters: {'lag_0': 0.9332471019702929, 'lag_1': 0.5755195472422836, 'lag_2': 0.21810806302170946, 'lag_3': 0.08324711278810802, 'lag_4': 0.2832738674351753, 'lag_5': 0.37499456384258634, 'lag_6': 0.04273011570846882, 'lag_7': 0.7451936169100543, 'lag_8': 0.35510680640787473, 'lag_9': 0.905093828701734, 'lag_10': 0.18557424504767225, 'lag_11': 0.643624713848835, 'lag_12': 0.6194577780984212, 'lag_13': 0.3688662772325395, 'lag_14': 0.08719122528216852, 'lag_15': 0.9634230667377254, 'lag_16': 0.8926805666064823, 'lag_17': 0.3129194073965079, 'lag_18': 0.6610463129698096, 'lag_19': 0.25555430491079145, 'lag_20': 0.33055035623092155, 'lag_21': 0.7970925342508471, 'lag_22': 0.26007728658692375, 'lag_23': 0.06199611962099628, 'lag_24': 0.46205399376369066, 'lag_25': 0.1430282586393834, 'lag_26': 0.5931134696834512, 'lag_27': 0.5362472700436253, 'lag_28': 0.9840156553754411}.
[I 2025-10-03 11:37:08,337] Trial 31 finished with values: [0.0036730945821854912, 0.004079761223595418, 0.0008687889793913501, 0.0006656981215092534, 0.0005918715514617554, 0.0012916883529045019, 0.0008995285599344396, 0.002560574542448614, 0.0022261826891520004, 0.0017512481776224432, 0.0014664191812989245, 0.0006638762235145905, 0.00022056759802385577, 0.016804438221128183, 0.0, 0.0002772697581646042, 9.605939811511631e-05, 0.0007048128513510104, 0.0006399266572778788, 5.026273006223827e-05, 0.00010308717324935984, 2.0736327893267936e-05, 0.0006184136464691606, 0.0004566877415733074, 0.0006324333476100503, 0.00031749512788540414, 0.00028661880199169613, 0.0009308074468223291, 0.0016517281446817862] and parameters: {'lag_0': 0.6776764813063718, 'lag_1': 0.4453417446888312, 'lag_2': 0.9337816747237252, 'lag_3': 0.14763198287875068, 'lag_4': 0.37009546038397423, 'lag_5': 0.8577369321683151, 'lag_6': 0.8519438379598293, 'lag_7': 0.08517747335033779, 'lag_8': 0.8955646970084398, 'lag_9': 0.5592344291150164, 'lag_10': 0.4052753225308099, 'lag_11': 0.6329613265689287, 'lag_12': 0.06873154999106734, 'lag_13': 0.18219851271642426, 'lag_14': 0.061618638360518556, 'lag_15': 0.11678008580117219, 'lag_16': 0.32800831390938273, 'lag_17': 0.8625267002217575, 'lag_18': 0.8140891440035297, 'lag_19': 0.7142452054507562, 'lag_20': 0.3961191812229522, 'lag_21': 0.7104781454734455, 'lag_22': 0.7655832252420728, 'lag_23': 0.21727419122904096, 'lag_24': 0.09625482542097864, 'lag_25': 0.006437865208807542, 'lag_26': 0.5319487690506611, 'lag_27': 0.1735717105217693, 'lag_28': 0.5262471547255562}.
[I 2025-10-03 11:37:11,041] Trial 32 finished with values: [0.0027361111111111115, 0.00038753289091553314, 0.0005539947122466633, 0.002726287468923128, 0.0006695041764175967, 0.00026088103017506207, 0.0021533811484427505, 0.0010028024870970902, 0.0011906239536456794, 0.00247909734605459, 0.0012186676651042316, 0.0005826744006434609, 0.0005300818383500324, 0.01677665935520094, 0.0, 0.0004011213937555617, 0.00012292541127786316, 0.00043539892780046426, 0.0006622798013687169, 1.5478625971592984e-05, 0.00017838930183098413, 9.379570440129343e-05, 0.0003426857790850525, 0.0004114059235473924, 0.0008753650512049769, 0.00012593682752808395, 0.0003815012269075708, 0.0017639728917631554, 0.0008142363699292353] and parameters: {'lag_0': 0.49674833463219203, 'lag_1': 0.19210230574315362, 'lag_2': 0.9238950316163361, 'lag_3': 0.8741283933466314, 'lag_4': 0.608856241528669, 'lag_5': 0.20945419807312188, 'lag_6': 0.556430919715313, 'lag_7': 0.5853291653298756, 'lag_8': 0.8337789020657754, 'lag_9': 0.6867971245810663, 'lag_10': 0.4534227019279556, 'lag_11': 0.6177078766137601, 'lag_12': 0.4971347366004013, 'lag_13': 0.5591311585419327, 'lag_14': 0.5681118667943661, 'lag_15': 0.06527719566407973, 'lag_16': 0.5055245596794892, 'lag_17': 0.928240811976988, 'lag_18': 0.5327887995519313, 'lag_19': 0.4634847708316227, 'lag_20': 0.41729232067426414, 'lag_21': 0.24205894828841057, 'lag_22': 0.43884092609594255, 'lag_23': 0.24781497253841975, 'lag_24': 0.6469973794600028, 'lag_25': 0.8361957929946724, 'lag_26': 0.5698275948498618, 'lag_27': 0.40472211923875406, 'lag_28': 0.03293671015740353}.
[I 2025-10-03 11:37:13,763] Trial 33 finished with values: [0.003066263542454019, 0.001941105566137697, 0.0008092586674837164, 0.0009040988981895792, 0.0008395380730397842, 0.0008182688379405389, 0.0015865695226683519, 0.002429585738971623, 0.0016746824153932582, 0.001506981225122313, 0.0010372517364667206, 0.00047949293662331914, 0.000108610067788198, 0.0224819298334264, 0.0, 0.00014773158592121537, 0.00018211883146643237, 0.0006902609176540159, 0.0008463099910719304, 2.3115982824473584e-05, 7.257628797101878e-05, 2.9059461677308824e-05, 0.00041856573514255645, 0.0004538803791691398, 0.0008515544195648508, 0.00016411957893984296, 0.0003785447523524693, 0.0013153132375284073, 0.001690025043474177] and parameters: {'lag_0': 0.27095395126816124, 'lag_1': 0.6808495759554328, 'lag_2': 0.742656379570847, 'lag_3': 0.0469738273288746, 'lag_4': 0.5088980795522691, 'lag_5': 0.06250932000912349, 'lag_6': 0.47549980454327473, 'lag_7': 0.21866922370590186, 'lag_8': 0.7714013466662205, 'lag_9': 0.877810779491426, 'lag_10': 0.4520934844016165, 'lag_11': 0.9733516902921036, 'lag_12': 0.6020532561211449, 'lag_13': 0.8251254630494008, 'lag_14': 0.03875217835982546, 'lag_15': 0.7529395810521122, 'lag_16': 0.4063669327167162, 'lag_17': 0.7886236440601009, 'lag_18': 0.8990244825022236, 'lag_19': 0.25161367427974257, 'lag_20': 0.23006828157700035, 'lag_21': 0.5535258470900937, 'lag_22': 0.45247703624658747, 'lag_23': 0.8136304616115556, 'lag_24': 0.6391592133458618, 'lag_25': 0.14324370062215433, 'lag_26': 0.33627900116899234, 'lag_27': 0.6761484562306832, 'lag_28': 0.12348360681886143}.
[I 2025-10-03 11:37:16,473] Trial 34 finished with values: [0.0044444444444444444, 0.0006671864642801529, 0.0006337148304133217, 0.0010002419904735107, 0.00021588536250157346, 0.0002531141052207001, 0.0016294940681365593, 0.001424936030916684, 0.0021252707252198107, 0.002502814265154359, 0.002263172043433238, 0.0005131011952915611, 0.00047789986474184855, 0.017874009248096418, 0.0, 0.0005494794135383061, 0.0003078672291677078, 0.0001511142886716213, 0.0005802398488242452, 3.455371300149707e-05, 2.7425058777790356e-05, 0.00014197613490397548, 0.0002612985937710586, 0.0006545785591400121, 0.0012429693726645368, 0.00030139002783563675, 0.00021129776748413418, 0.0015609560366594585, 0.0013244956136399873] and parameters: {'lag_0': 0.6386722205621624, 'lag_1': 0.8784735295955245, 'lag_2': 0.3023555827890608, 'lag_3': 0.7571971864936412, 'lag_4': 0.9099796685061269, 'lag_5': 0.8225856460943819, 'lag_6': 0.0649056792734715, 'lag_7': 0.09759453440604607, 'lag_8': 0.5196874916752023, 'lag_9': 0.42831233716845035, 'lag_10': 0.8123870830739819, 'lag_11': 0.7187069125420577, 'lag_12': 0.6869515040576873, 'lag_13': 0.29644722318953226, 'lag_14': 0.14673995647590715, 'lag_15': 0.3472235470960385, 'lag_16': 0.570267627621527, 'lag_17': 0.12422662902730093, 'lag_18': 0.008587665126186436, 'lag_19': 0.48087255475912666, 'lag_20': 0.7518537922434751, 'lag_21': 0.913721998665417, 'lag_22': 0.4530092957729356, 'lag_23': 0.6541419897425783, 'lag_24': 0.2525596021149218, 'lag_25': 0.6194854337286686, 'lag_26': 0.7382672565666719, 'lag_27': 0.7705521648781948, 'lag_28': 0.9135842510177524}.
[I 2025-10-03 11:37:19,184] Trial 35 finished with values: [0.0028052444835661616, 0.0016719329423086238, 0.001603893724890719, 0.000763479904310384, 0.0017686569516085267, 0.0011581763309886743, 0.0005616828971303794, 0.002643749075832674, 0.0017341855699852617, 0.0026240914961687396, 0.001543094083748614, 0.00047087374974819795, 0.0002767737195180715, 0.020340075793267465, 0.0, 0.000876604660827253, 0.00018232366199894914, 0.0007047860958300894, 0.0007940609817256195, 3.44760258673065e-05, 0.00013421838163555223, 0.00018976426943949687, 0.00045519574070094587, 0.0005069011900158797, 0.0004856114796156092, 0.00021556835094255284, 0.0005693147283572011, 0.0006486848070756789, 0.002089923856022939] and parameters: {'lag_0': 0.813231108946963, 'lag_1': 0.22437638676345242, 'lag_2': 0.09874508274048753, 'lag_3': 0.6649764959289293, 'lag_4': 0.21423423788742707, 'lag_5': 0.24055024778485432, 'lag_6': 0.5356752806872707, 'lag_7': 0.9558939260850265, 'lag_8': 0.582896211842742, 'lag_9': 0.2817128808546899, 'lag_10': 0.3668541544443015, 'lag_11': 0.12862099138832903, 'lag_12': 0.8552312585413243, 'lag_13': 0.4554590773637921, 'lag_14': 0.5827985500500669, 'lag_15': 0.40807756019313834, 'lag_16': 0.4525819003596942, 'lag_17': 0.3679667959135278, 'lag_18': 0.649609586226072, 'lag_19': 0.7198799793368968, 'lag_20': 0.5336153929955494, 'lag_21': 0.9209070161936272, 'lag_22': 0.205381573046754, 'lag_23': 0.977397236772173, 'lag_24': 0.2441388878086756, 'lag_25': 0.5638839616156982, 'lag_26': 0.35043320892945895, 'lag_27': 0.8812200260224136, 'lag_28': 0.9669949001047647}.
[I 2025-10-03 11:37:21,901] Trial 36 finished with values: [0.0042361111111111115, 0.0009313932565635198, 0.001221026431129027, 0.0015620178370314313, 0.0010925902328805235, 0.0006367988352832542, 0.0007913323894205314, 0.0016546636342773945, 0.002804862415776836, 0.0009256712712355428, 0.0021928675915038236, 0.0002814324508508785, 0.0004997468209001452, 0.019605721986360118, 0.0, 0.0005257346750159898, 4.261155094226243e-05, 0.0004681462321100997, 0.0009090675716590558, 5.988458409208755e-05, 3.252140493219896e-05, 4.189208929604939e-05, 0.0003241395782475031, 0.0005712175888545881, 0.0007515422179003488, 7.999481387959393e-05, 0.0003102007163250626, 0.0020101730024873763, 0.0005730027570538497] and parameters: {'lag_0': 0.1409964334471335, 'lag_1': 0.020165999684436442, 'lag_2': 0.2819668184903173, 'lag_3': 0.6243206048719876, 'lag_4': 0.05473667275939718, 'lag_5': 0.6113724831205133, 'lag_6': 0.30513350496787955, 'lag_7': 0.5868795120153272, 'lag_8': 0.10260695553052972, 'lag_9': 0.13663658248350832, 'lag_10': 0.6342815059516806, 'lag_11': 0.20468717959657687, 'lag_12': 0.08588040719225262, 'lag_13': 0.12251804842433277, 'lag_14': 0.6762728815284994, 'lag_15': 0.2848711437175458, 'lag_16': 0.5841852167313126, 'lag_17': 0.20032111221975502, 'lag_18': 0.4350209170840824, 'lag_19': 0.8647104097505361, 'lag_20': 0.10885244201489318, 'lag_21': 0.344362345534888, 'lag_22': 0.4500825858782653, 'lag_23': 0.6082211699553328, 'lag_24': 0.9975919747226032, 'lag_25': 0.2760666720898427, 'lag_26': 0.9356727800303991, 'lag_27': 0.04694551346682143, 'lag_28': 0.8462369560842234}.
[I 2025-10-03 11:37:24,613] Trial 37 finished with values: [0.00471655328798186, 0.0010383143754380006, 0.0005717567311390154, 0.0020202936153543806, 0.0015227242319157586, 0.0018658350258527346, 0.0014385491758527997, 0.0019661386520668737, 0.0025815315975559966, 0.0014083963335537034, 0.000706124082972641, 0.0006974066387847334, 0.0003674865718688569, 0.020199848378125825, 0.0, 0.0004382749711307956, 6.800961219876173e-06, 0.00043218504916888134, 0.0009579010493999141, 8.829431371900028e-06, 9.860444079015701e-05, 7.457856420712032e-05, 0.0005099387842594415, 0.00047809479267896276, 0.0006310591108630362, 0.00040989565844419497, 0.0008843421434122764, 0.0022031739703978754, 0.0009811148291822976] and parameters: {'lag_0': 0.6097429515905175, 'lag_1': 0.5293030656903802, 'lag_2': 0.36325668280957113, 'lag_3': 0.6664137272123535, 'lag_4': 0.13742129994018823, 'lag_5': 0.37990605210690304, 'lag_6': 0.20319839941938186, 'lag_7': 0.9706171946818878, 'lag_8': 0.1998476154932069, 'lag_9': 0.9113067703930589, 'lag_10': 0.8646130900851767, 'lag_11': 0.9135996856347821, 'lag_12': 0.621884670158396, 'lag_13': 0.12903837280213762, 'lag_14': 0.9900064082257976, 'lag_15': 0.1736518982407294, 'lag_16': 0.7007739624582984, 'lag_17': 0.5813132597477575, 'lag_18': 0.48126406155379, 'lag_19': 0.28717413090636035, 'lag_20': 0.11972344302635582, 'lag_21': 0.08194621943314542, 'lag_22': 0.3921978280910098, 'lag_23': 0.5950393065791225, 'lag_24': 0.3961248827006652, 'lag_25': 0.47341185046510004, 'lag_26': 0.3368260926515322, 'lag_27': 0.02075734592135817, 'lag_28': 0.42690256573104174}.
[I 2025-10-03 11:37:27,327] Trial 38 finished with values: [0.0044444444444444444, 0.0006881096006401115, 0.0007352616929372792, 0.0020540827502783816, 0.0003596486614862009, 0.0009052510651924294, 0.0017674813012846496, 0.0016071754684364183, 0.002729097345867575, 0.0012896604390725968, 0.001096089558018744, 0.0007190704136020549, 0.0010534570436977204, 0.020157376085322705, 0.0, 0.0003746727308807008, 0.00020516074771256685, 0.0003844993510520252, 0.0009519299985083062, 1.2917833944703233e-05, 3.397410497597242e-05, 8.28721633841612e-05, 0.00044388803896089736, 0.00021728616049597515, 0.0009161247169771443, 0.0001668810683722766, 0.0005556498335545051, 0.0016766193970749609, 0.0010228457524965367] and parameters: {'lag_0': 0.7215333831970344, 'lag_1': 0.8449669997897664, 'lag_2': 0.9697532964747154, 'lag_3': 0.15164737453899202, 'lag_4': 0.631479639138886, 'lag_5': 0.40216488289093144, 'lag_6': 0.9157772857190837, 'lag_7': 0.3316075992172497, 'lag_8': 0.8753887207543452, 'lag_9': 0.9681829594082092, 'lag_10': 0.4963922087959068, 'lag_11': 0.7492921541434695, 'lag_12': 0.5325701131072628, 'lag_13': 0.7636772621496442, 'lag_14': 0.7448164184152736, 'lag_15': 0.009759896355366322, 'lag_16': 0.48897140693878527, 'lag_17': 0.6406888331554161, 'lag_18': 0.5005229629562697, 'lag_19': 0.42813510141065547, 'lag_20': 0.8993911806990307, 'lag_21': 0.49420047871621503, 'lag_22': 0.0867374652293858, 'lag_23': 0.8510142280760375, 'lag_24': 0.9281015630836198, 'lag_25': 0.5450269193940258, 'lag_26': 0.612868316726569, 'lag_27': 0.5746935274915773, 'lag_28': 0.7716975347813798}.
[I 2025-10-03 11:37:30,041] Trial 39 finished with values: [0.007111111111111112, 0.008655792632286904, 0.000830651555723418, 0.0012665321525718628, 0.0007250368495669736, 0.0011206021074829063, 0.0014578665003572243, 0.001290052021222101, 0.0029451919324053042, 0.0013916688747564782, 0.0016790610686638501, 0.0006005565420702161, 0.00033905500477875606, 0.020320228715002876, 0.0, 0.0006566014566019157, 0.00016047648003996844, 0.0007951709115524092, 0.0009393080142857596, 0.00016607762920629895, 9.990127164349605e-05, 2.885762519237475e-05, 0.00044199877887794015, 0.0004845411814164074, 0.00062454028180037, 0.00015178663862629033, 0.0007047259880956881, 0.0013161348220138871, 0.0013483791460761798] and parameters: {'lag_0': 0.7523513326879483, 'lag_1': 0.5102297774894621, 'lag_2': 0.713486296099975, 'lag_3': 0.01635300889601056, 'lag_4': 0.0773048348721342, 'lag_5': 0.015432564079101015, 'lag_6': 0.27675827764361444, 'lag_7': 0.8133518190918226, 'lag_8': 0.6400366333967933, 'lag_9': 0.08062068134741006, 'lag_10': 0.7503604302211331, 'lag_11': 0.637735833168601, 'lag_12': 0.6467714413828143, 'lag_13': 0.9480319038435892, 'lag_14': 0.6898740710882033, 'lag_15': 0.48756445449844865, 'lag_16': 0.3376551213189677, 'lag_17': 0.6342987678713448, 'lag_18': 0.8491820089822526, 'lag_19': 0.9958515584589327, 'lag_20': 0.6855343782568283, 'lag_21': 0.2584485524471829, 'lag_22': 0.5502312407003751, 'lag_23': 0.7202460773607443, 'lag_24': 0.5263569328107935, 'lag_25': 0.890382711241085, 'lag_26': 0.8537338181060414, 'lag_27': 0.5079900491189066, 'lag_28': 0.1725779680014233}.
[I 2025-10-03 11:37:32,751] Trial 40 finished with values: [0.0044444444444444444, 0.0030778476657727775, 0.001727832894586033, 0.003604387158790315, 0.0015657216730555188, 0.0023588068540066854, 0.0007805561601268586, 0.002041570686159571, 0.0036632983568689152, 0.0021777327274140755, 0.0010183682753710723, 0.0010761736917061441, 0.00022004988791950023, 0.01849301894420242, 0.0, 0.001271325744438289, 0.00029131501534926244, 0.0007751555541812942, 0.0006521918436501773, 9.600890281669912e-05, 0.00015103165589982492, 3.191291141182172e-05, 0.0002545629128789558, 0.00022253487541454777, 0.0005407730019038451, 0.000237395962872262, 0.0007165365648506381, 0.0022579229193119676, 0.00017868834658297993] and parameters: {'lag_0': 0.5912533245978996, 'lag_1': 0.6156240415776172, 'lag_2': 0.0012095629172995499, 'lag_3': 0.12998601599077783, 'lag_4': 0.16264773692281365, 'lag_5': 0.5451859694380804, 'lag_6': 0.7712703037748914, 'lag_7': 0.9154631773476024, 'lag_8': 0.5556420039705249, 'lag_9': 0.8669314603393854, 'lag_10': 0.1783930486492147, 'lag_11': 0.47378093636147667, 'lag_12': 0.9484335595842074, 'lag_13': 0.6943530570655565, 'lag_14': 0.29557420806724405, 'lag_15': 0.5878724089646655, 'lag_16': 0.32875567330723987, 'lag_17': 0.2530707145036388, 'lag_18': 0.686394853728241, 'lag_19': 0.09858844241431818, 'lag_20': 0.2561084482520893, 'lag_21': 0.6975212613619416, 'lag_22': 0.7667558427057559, 'lag_23': 0.24149918483409571, 'lag_24': 0.7286574569020742, 'lag_25': 0.09126324076810095, 'lag_26': 0.704960096158809, 'lag_27': 0.8168602375415506, 'lag_28': 0.06272426997982973}.
[I 2025-10-03 11:37:35,467] Trial 41 finished with values: [0.0044444444444444444, 0.0030338963406386474, 0.0005350455218522308, 0.0013417791956670184, 0.0012745445094774588, 0.0005063012865852755, 0.0010355766802858856, 0.0022125594706523316, 0.0017190452407300743, 0.0013883775529658095, 0.0020469659563525392, 0.0007312567847105851, 0.00010815618651147804, 0.019116935579173544, 0.0, 0.0008348349646979428, 0.0003928832434980871, 0.0005692477887991693, 0.0010539770770153644, 0.00013491266730989148, 0.00014791211512803895, 4.592619276793637e-05, 0.00019961105534566383, 0.000714617899501043, 0.0006855007842588149, 0.00013665216468390558, 0.000346890586699197, 0.0017944415145601227, 0.00013644398338608115] and parameters: {'lag_0': 0.727305928481285, 'lag_1': 0.6295916923269325, 'lag_2': 0.4814152467256042, 'lag_3': 0.17447058875802074, 'lag_4': 0.6134932632428424, 'lag_5': 0.36203923129840393, 'lag_6': 0.9911922502808059, 'lag_7': 0.9970998006745029, 'lag_8': 0.10916756214411319, 'lag_9': 0.058580832925750184, 'lag_10': 0.8433593959676876, 'lag_11': 0.5548365354439863, 'lag_12': 0.6610988315609404, 'lag_13': 0.6842209219415265, 'lag_14': 0.3440900573871716, 'lag_15': 0.7421141268148613, 'lag_16': 0.4012353053126833, 'lag_17': 0.32121089935534775, 'lag_18': 0.46040849275101325, 'lag_19': 0.49813633949192804, 'lag_20': 0.7970281921531545, 'lag_21': 0.8681511751592814, 'lag_22': 0.37981204594679635, 'lag_23': 0.9265703022815984, 'lag_24': 0.46714987847585937, 'lag_25': 0.2506831635695132, 'lag_26': 0.9019315114806115, 'lag_27': 0.21279194240340651, 'lag_28': 0.05699425582332274}.
