2025-09-29 13:06:25,783 - distributed.nanny - INFO -         Start Nanny at: 'tcp://192.168.86.107:36329'
2025-09-29 13:06:27,124 - distributed.worker - INFO -       Start worker at: tcp://192.168.86.107:34673
2025-09-29 13:06:27,125 - distributed.worker - INFO -          Listening to: tcp://192.168.86.107:34673
2025-09-29 13:06:27,125 - distributed.worker - INFO -           Worker name:             SLURMCluster-0
2025-09-29 13:06:27,125 - distributed.worker - INFO -          dashboard at:       192.168.86.107:33864
2025-09-29 13:06:27,125 - distributed.worker - INFO - Waiting to connect to: tcp://192.168.86.101:46695
2025-09-29 13:06:27,125 - distributed.worker - INFO - -------------------------------------------------
2025-09-29 13:06:27,125 - distributed.worker - INFO -               Threads:                          1
2025-09-29 13:06:27,125 - distributed.worker - INFO -                Memory:                   9.31 GiB
2025-09-29 13:06:27,125 - distributed.worker - INFO -       Local Directory: /home1/zrentala/dask-worker-space/dask-scratch-space/worker-6unj8afg
2025-09-29 13:06:27,125 - distributed.worker - INFO - -------------------------------------------------
2025-09-29 13:06:27,410 - distributed.worker - INFO - Starting Worker plugin shuffle
2025-09-29 13:06:27,410 - distributed.worker - INFO -         Registered to: tcp://192.168.86.101:46695
2025-09-29 13:06:27,411 - distributed.worker - INFO - -------------------------------------------------
2025-09-29 13:06:27,411 - distributed.core - INFO - Starting established connection to tcp://192.168.86.101:46695
[I 2025-09-29 13:06:27,483] A new study created in memory with name: no-name-59340fc0-21cd-4b72-9a7c-5a34766b017d
[I 2025-09-29 13:06:29,958] Trial 0 finished with value: 0.006897428092422375 and parameters: {'lag_0': 0.09560528237672512, 'lag_1': 0.8826555845006604, 'lag_2': 0.5216008696804282, 'lag_3': 0.7471331182196714, 'lag_4': 0.6135920851402183, 'lag_5': 0.4982201204226086, 'lag_6': 0.6301466532360124, 'lag_7': 0.2404887570297398, 'lag_8': 0.9204101603797797, 'lag_9': 0.44782704700374487, 'lag_10': 0.2445642055503624, 'lag_11': 0.08940418618160889, 'lag_12': 0.31333607499809557, 'lag_13': 0.07233434420399434, 'lag_14': 0.43653969787276325, 'lag_15': 0.34705964014475904, 'lag_16': 0.19266722828178579, 'lag_17': 0.7313771422973708, 'lag_18': 0.24811451401686138, 'lag_19': 0.7040898744108958, 'lag_20': 0.12151969723548561, 'lag_21': 0.4704215767586871, 'lag_22': 0.9753069444695875, 'lag_23': 0.8402917295687141, 'lag_24': 0.6651055354085175, 'lag_25': 0.5082998284138595, 'lag_26': 0.3725072818925828, 'lag_27': 0.6935606704743397, 'lag_28': 0.0726576077977927}. Best is trial 0 with value: 0.006897428092422375.
[I 2025-09-29 13:06:32,402] Trial 1 finished with value: 0.006585959328176299 and parameters: {'lag_0': 0.0969909999391777, 'lag_1': 0.25614634429314864, 'lag_2': 0.4043771970765181, 'lag_3': 0.8237340969329149, 'lag_4': 0.2261787947684042, 'lag_5': 0.2736147447684264, 'lag_6': 0.3300282413063803, 'lag_7': 0.9620555408484349, 'lag_8': 0.1857231582040999, 'lag_9': 0.0717641611563395, 'lag_10': 0.5640236848821144, 'lag_11': 0.4223982207133824, 'lag_12': 0.41762674278045026, 'lag_13': 0.7770503641080659, 'lag_14': 0.07070637299112348, 'lag_15': 0.8774177305879779, 'lag_16': 0.8577253793466528, 'lag_17': 0.6469337432000645, 'lag_18': 0.5624219126625741, 'lag_19': 0.661587212057626, 'lag_20': 0.8308955603735878, 'lag_21': 0.15332556409568568, 'lag_22': 0.001071856257633331, 'lag_23': 0.5796312469301751, 'lag_24': 0.5385419354598892, 'lag_25': 0.23562077032019832, 'lag_26': 0.9879239445462766, 'lag_27': 0.9880640539497368, 'lag_28': 0.5285659243329487}. Best is trial 1 with value: 0.006585959328176299.
[I 2025-09-29 13:06:34,850] Trial 2 finished with value: 0.007729000776373389 and parameters: {'lag_0': 0.651435095260854, 'lag_1': 0.2129810555902302, 'lag_2': 0.03715403734955722, 'lag_3': 0.5455374053743497, 'lag_4': 0.7838874948236871, 'lag_5': 0.0007593569549511859, 'lag_6': 0.3028259998476436, 'lag_7': 0.13795948687235515, 'lag_8': 0.8631783520966331, 'lag_9': 0.6735621687725852, 'lag_10': 0.11071584608348099, 'lag_11': 0.2963491813835299, 'lag_12': 0.9989722264736379, 'lag_13': 0.8872805738215198, 'lag_14': 0.5566206849093972, 'lag_15': 0.897003662338579, 'lag_16': 0.12243952526576411, 'lag_17': 0.7145060604058331, 'lag_18': 0.8546268917663888, 'lag_19': 0.4197895088785747, 'lag_20': 0.6860359186174717, 'lag_21': 0.9647776213156755, 'lag_22': 0.40484380914994456, 'lag_23': 0.11458666475854466, 'lag_24': 0.062014173811132306, 'lag_25': 0.5820147667201677, 'lag_26': 0.34036914742504343, 'lag_27': 0.8080169747365038, 'lag_28': 0.5433771605579125}. Best is trial 1 with value: 0.006585959328176299.
[I 2025-09-29 13:06:37,287] Trial 3 finished with value: 0.006374540096937968 and parameters: {'lag_0': 0.4754360210513902, 'lag_1': 0.6152194294597132, 'lag_2': 0.6995705760094267, 'lag_3': 0.4178833687697311, 'lag_4': 0.5821964736151709, 'lag_5': 0.15761113284372874, 'lag_6': 0.7505257936066421, 'lag_7': 0.9932997291369905, 'lag_8': 0.5193717432772714, 'lag_9': 0.9446521198931757, 'lag_10': 0.28431592394422783, 'lag_11': 0.9519312566704935, 'lag_12': 0.7687921959469739, 'lag_13': 0.6649632568230088, 'lag_14': 0.14182761432964167, 'lag_15': 0.9543358291482467, 'lag_16': 0.516563484929996, 'lag_17': 0.8295809268581329, 'lag_18': 0.2809865446046704, 'lag_19': 0.7592332982027744, 'lag_20': 0.9400224176476777, 'lag_21': 0.41010050715761787, 'lag_22': 0.24533799651067031, 'lag_23': 0.33378508717715755, 'lag_24': 0.9929803992674905, 'lag_25': 0.4973981786048759, 'lag_26': 0.6226867330827442, 'lag_27': 0.18200254971090551, 'lag_28': 0.5970546621631736}. Best is trial 3 with value: 0.006374540096937968.
[I 2025-09-29 13:06:39,731] Trial 4 finished with value: 0.006626242730224866 and parameters: {'lag_0': 0.07843507959438911, 'lag_1': 0.37672063392646743, 'lag_2': 0.09702579822907881, 'lag_3': 0.909991915727029, 'lag_4': 0.17221036972075776, 'lag_5': 0.06714351269815884, 'lag_6': 0.4897882332707381, 'lag_7': 0.664519989842398, 'lag_8': 0.8159471138986005, 'lag_9': 0.8341202760508112, 'lag_10': 0.16514612259479378, 'lag_11': 0.707612682478857, 'lag_12': 0.6318248357239572, 'lag_13': 0.4437996512395081, 'lag_14': 0.8533338317463897, 'lag_15': 0.2185006507674866, 'lag_16': 0.7605477520832524, 'lag_17': 0.3475876058066424, 'lag_18': 0.41333061865747983, 'lag_19': 0.1728660941754341, 'lag_20': 0.46716275803876134, 'lag_21': 0.08794830039986368, 'lag_22': 0.24491305696234297, 'lag_23': 0.20489320846357825, 'lag_24': 0.1741617144408992, 'lag_25': 0.5945104852458988, 'lag_26': 0.3213180085555972, 'lag_27': 0.8935229114360511, 'lag_28': 0.9350578716845449}. Best is trial 3 with value: 0.006374540096937968.
[I 2025-09-29 13:06:42,178] Trial 5 finished with value: 0.0067742049811151065 and parameters: {'lag_0': 0.9254117791319921, 'lag_1': 0.8735331314444436, 'lag_2': 0.313552290047437, 'lag_3': 0.09583534651213932, 'lag_4': 0.6977249207743567, 'lag_5': 0.7764065661063242, 'lag_6': 0.5291528955869167, 'lag_7': 0.12251744680089093, 'lag_8': 0.3885990051188726, 'lag_9': 0.006791834281270514, 'lag_10': 0.7464844391722701, 'lag_11': 0.3366271865886488, 'lag_12': 0.014963123270258104, 'lag_13': 0.5354945488475796, 'lag_14': 0.36656183172880646, 'lag_15': 0.589499236321239, 'lag_16': 0.2101242314134034, 'lag_17': 0.10018135453075624, 'lag_18': 0.10111372781142695, 'lag_19': 0.8876429716435575, 'lag_20': 0.4035607618924588, 'lag_21': 0.17170966039038063, 'lag_22': 0.655700432387575, 'lag_23': 0.975910831531604, 'lag_24': 0.10438862660090698, 'lag_25': 0.3487396587792587, 'lag_26': 0.41580706515241406, 'lag_27': 0.27020374486684123, 'lag_28': 0.583501733983502}. Best is trial 3 with value: 0.006374540096937968.
[I 2025-09-29 13:06:44,618] Trial 6 finished with value: 0.007432380587660339 and parameters: {'lag_0': 0.053146138943632314, 'lag_1': 0.36028114054761506, 'lag_2': 0.4983336150880449, 'lag_3': 0.8627266450421177, 'lag_4': 0.3585690505705167, 'lag_5': 0.9133057113992982, 'lag_6': 0.19056668580299696, 'lag_7': 0.05775698248382545, 'lag_8': 0.6742210313372232, 'lag_9': 0.3213144165279416, 'lag_10': 0.2576752277945501, 'lag_11': 0.6291909895774298, 'lag_12': 0.7836190189024307, 'lag_13': 0.8210888741870301, 'lag_14': 0.912445708169086, 'lag_15': 0.6325558945597239, 'lag_16': 0.3775719403827437, 'lag_17': 0.781128947334462, 'lag_18': 0.3148446287346776, 'lag_19': 0.9876582233414581, 'lag_20': 0.2744784477590761, 'lag_21': 0.9710608033776681, 'lag_22': 0.8923228844632052, 'lag_23': 0.6648551649484007, 'lag_24': 0.3082099499643518, 'lag_25': 0.8266161894242163, 'lag_26': 0.144385419254599, 'lag_27': 0.7787656474358358, 'lag_28': 0.0069774468935295975}. Best is trial 3 with value: 0.006374540096937968.
[I 2025-09-29 13:06:47,047] Trial 7 finished with value: 0.006610397032363583 and parameters: {'lag_0': 0.7060542678713866, 'lag_1': 0.5105369796523861, 'lag_2': 0.01822548430699135, 'lag_3': 0.842073612153968, 'lag_4': 0.7096343510159357, 'lag_5': 0.10133548560292657, 'lag_6': 0.45390730231591414, 'lag_7': 0.29285037273645176, 'lag_8': 0.29768299729205994, 'lag_9': 0.33624629374488096, 'lag_10': 0.5115550612328049, 'lag_11': 0.05047588119486499, 'lag_12': 0.38955599083866194, 'lag_13': 0.01623231896469329, 'lag_14': 0.6807453796968157, 'lag_15': 0.5749895719777515, 'lag_16': 0.05041992445097919, 'lag_17': 0.5415090974410747, 'lag_18': 0.916440032479756, 'lag_19': 0.3276398427635834, 'lag_20': 0.49586987215288153, 'lag_21': 0.5068925132805395, 'lag_22': 0.16120194428700702, 'lag_23': 0.18274852276385686, 'lag_24': 0.28233610772171, 'lag_25': 0.1606560803658727, 'lag_26': 0.1463587553341643, 'lag_27': 0.7400895085013511, 'lag_28': 0.6150989414299303}. Best is trial 3 with value: 0.006374540096937968.
[I 2025-09-29 13:06:49,483] Trial 8 finished with value: 0.007113136987896106 and parameters: {'lag_0': 0.3637888023550356, 'lag_1': 0.37232010087104583, 'lag_2': 0.5973120574919446, 'lag_3': 0.4149144151841905, 'lag_4': 0.03427590927086019, 'lag_5': 0.7558781135873929, 'lag_6': 0.8460140430040807, 'lag_7': 0.48881529227282644, 'lag_8': 0.856066370715178, 'lag_9': 0.10334106631748514, 'lag_10': 0.16151923561098208, 'lag_11': 0.6284550923500424, 'lag_12': 0.854035053437302, 'lag_13': 0.29630174423006994, 'lag_14': 0.7215189465463936, 'lag_15': 0.5480459038449588, 'lag_16': 0.11288426124508293, 'lag_17': 0.8629237414564824, 'lag_18': 0.7934890679437966, 'lag_19': 0.1421699916999526, 'lag_20': 0.846637110863215, 'lag_21': 0.5830546573676001, 'lag_22': 0.07872812303540706, 'lag_23': 0.9625302398301995, 'lag_24': 0.8918671740725033, 'lag_25': 0.20167870934615503, 'lag_26': 0.18962468819412, 'lag_27': 0.27593379192528017, 'lag_28': 0.8041258621510969}. Best is trial 3 with value: 0.006374540096937968.
[I 2025-09-29 13:06:51,921] Trial 9 finished with value: 0.007585193975504512 and parameters: {'lag_0': 0.44901058914848585, 'lag_1': 0.42174929990713983, 'lag_2': 0.46025118411579163, 'lag_3': 0.610730291299983, 'lag_4': 0.8060155003229975, 'lag_5': 0.40924408331901263, 'lag_6': 0.28134769915861785, 'lag_7': 0.8186338271172103, 'lag_8': 0.3987038092980027, 'lag_9': 0.9078552023224674, 'lag_10': 0.35520740560535213, 'lag_11': 0.45177954433227535, 'lag_12': 0.32417203957161794, 'lag_13': 0.810525815974355, 'lag_14': 0.13879957443728022, 'lag_15': 0.10344141053809588, 'lag_16': 0.7601072443586445, 'lag_17': 0.8709814961529057, 'lag_18': 0.578230030559217, 'lag_19': 0.6496501263145665, 'lag_20': 0.25714540793875557, 'lag_21': 0.8086848001425069, 'lag_22': 0.633290387739522, 'lag_23': 0.1986029762118556, 'lag_24': 0.7719109865729736, 'lag_25': 0.3497555220339962, 'lag_26': 0.22272746548939365, 'lag_27': 0.7301599246873508, 'lag_28': 0.9594280609994305}. Best is trial 3 with value: 0.006374540096937968.
[I 2025-09-29 13:06:54,518] Trial 10 finished with value: 0.006397853940552578 and parameters: {'lag_0': 0.3026632459647045, 'lag_1': 0.6778065721313103, 'lag_2': 0.9208375648841476, 'lag_3': 0.31795184569101115, 'lag_4': 0.9928292073023959, 'lag_5': 0.2725633937500383, 'lag_6': 0.011869638518856529, 'lag_7': 0.9703368312524288, 'lag_8': 0.0036117565285466724, 'lag_9': 0.9895145343887941, 'lag_10': 0.9918222923302983, 'lag_11': 0.9035330213116994, 'lag_12': 0.611767601173586, 'lag_13': 0.6083729060784371, 'lag_14': 0.2275664568799422, 'lag_15': 0.99325232290126, 'lag_16': 0.5416876914337803, 'lag_17': 0.9982994268252061, 'lag_18': 0.008301737695419531, 'lag_19': 0.7917544349588108, 'lag_20': 0.9827532818078235, 'lag_21': 0.29778637149708853, 'lag_22': 0.34532822309925715, 'lag_23': 0.39595155340230037, 'lag_24': 0.9238458691613285, 'lag_25': 0.9938387234848693, 'lag_26': 0.6687419166776524, 'lag_27': 0.02186037139722688, 'lag_28': 0.24343709903169441}. Best is trial 3 with value: 0.006374540096937968.
[I 2025-09-29 13:06:57,006] Trial 11 finished with value: 0.006882390022980897 and parameters: {'lag_0': 0.3067797010258579, 'lag_1': 0.6414157306944431, 'lag_2': 0.9181776407206189, 'lag_3': 0.27939163998885, 'lag_4': 0.9828298573370297, 'lag_5': 0.27674219088357643, 'lag_6': 0.014557112174930652, 'lag_7': 0.9839140658723629, 'lag_8': 0.052550009297842086, 'lag_9': 0.9959436109783333, 'lag_10': 0.9561953254077807, 'lag_11': 0.9713951642611266, 'lag_12': 0.6270160116738502, 'lag_13': 0.6079902936077387, 'lag_14': 0.2491183723763585, 'lag_15': 0.982310236541125, 'lag_16': 0.5507698278352161, 'lag_17': 0.9893027295385844, 'lag_18': 0.03140725232126791, 'lag_19': 0.8092852669501197, 'lag_20': 0.9764553614901915, 'lag_21': 0.32760357491880043, 'lag_22': 0.370026535846835, 'lag_23': 0.4026513230259807, 'lag_24': 0.9735285780526557, 'lag_25': 0.9671925137853796, 'lag_26': 0.7230272804646274, 'lag_27': 0.005204623034386173, 'lag_28': 0.19899991633274983}. Best is trial 3 with value: 0.006374540096937968.
[I 2025-09-29 13:06:59,498] Trial 12 finished with value: 0.007035426625365439 and parameters: {'lag_0': 0.5929736619628304, 'lag_1': 0.732432299887814, 'lag_2': 0.9121624912700085, 'lag_3': 0.2825381029707106, 'lag_4': 0.4588189867428387, 'lag_5': 0.23724099873612647, 'lag_6': 0.9945424501540634, 'lag_7': 0.7612532374986218, 'lag_8': 0.5987605707835038, 'lag_9': 0.718090203567499, 'lag_10': 0.7566326775621923, 'lag_11': 0.9788867836691004, 'lag_12': 0.5989936975009545, 'lag_13': 0.6571199778291845, 'lag_14': 0.2594035151021005, 'lag_15': 0.7699490958752867, 'lag_16': 0.48145218450288857, 'lag_17': 0.9728085455735029, 'lag_18': 0.22081428719954088, 'lag_19': 0.5551270991534294, 'lag_20': 0.978449275180334, 'lag_21': 0.3099598818156784, 'lag_22': 0.29668847307711577, 'lag_23': 0.39674325347502504, 'lag_24': 0.8345054595788235, 'lag_25': 0.7423703481162552, 'lag_26': 0.6255926274631081, 'lag_27': 0.006085600489519911, 'lag_28': 0.3591512338252675}. Best is trial 3 with value: 0.006374540096937968.
[I 2025-09-29 13:07:01,986] Trial 13 finished with value: 0.00783311948844958 and parameters: {'lag_0': 0.31378418708669764, 'lag_1': 0.651284974659161, 'lag_2': 0.7537973625615437, 'lag_3': 0.047834944428226056, 'lag_4': 0.967045448490178, 'lag_5': 0.3920880490541609, 'lag_6': 0.7495300408297145, 'lag_7': 0.5290620792778811, 'lag_8': 0.00534343661521899, 'lag_9': 0.7704874942611174, 'lag_10': 0.9975408366713366, 'lag_11': 0.8312624586282605, 'lag_12': 0.7943763888419765, 'lag_13': 0.9808512002118726, 'lag_14': 0.004740397151283049, 'lag_15': 0.7281165102482783, 'lag_16': 0.6240888746584523, 'lag_17': 0.4512839707391332, 'lag_18': 0.09929199439226805, 'lag_19': 0.8223268609551762, 'lag_20': 0.6989841946511491, 'lag_21': 0.6728931779266759, 'lag_22': 0.5324812600060516, 'lag_23': 0.4179433503461923, 'lag_24': 0.9949750886835534, 'lag_25': 0.7359961511145924, 'lag_26': 0.7699805149362713, 'lag_27': 0.2295282663790948, 'lag_28': 0.3168522558534909}. Best is trial 3 with value: 0.006374540096937968.
[I 2025-09-29 13:07:04,473] Trial 14 finished with value: 0.007386884407538988 and parameters: {'lag_0': 0.2499209509649566, 'lag_1': 0.9930783903627569, 'lag_2': 0.7222584199429964, 'lag_3': 0.2845159813531295, 'lag_4': 0.5186225822584118, 'lag_5': 0.16811200327024617, 'lag_6': 0.04528177540979189, 'lag_7': 0.8552584641283723, 'lag_8': 0.5423695831806042, 'lag_9': 0.5857333737959163, 'lag_10': 0.39036785522483675, 'lag_11': 0.8410332492724192, 'lag_12': 0.5325562129680064, 'lag_13': 0.3508689128216607, 'lag_14': 0.19156214274673306, 'lag_15': 0.952015917130479, 'lag_16': 0.36507732217236866, 'lag_17': 0.22250049166712882, 'lag_18': 0.007925895869588747, 'lag_19': 0.981722600981844, 'lag_20': 0.6477873391965376, 'lag_21': 0.3731875932224972, 'lag_22': 0.4735508236408663, 'lag_23': 0.3211356128788422, 'lag_24': 0.6728602069931933, 'lag_25': 0.9265418996063616, 'lag_26': 0.5619909471256608, 'lag_27': 0.4425314499530995, 'lag_28': 0.3738977866570013}. Best is trial 3 with value: 0.006374540096937968.
[I 2025-09-29 13:07:06,967] Trial 15 finished with value: 0.006970558194248415 and parameters: {'lag_0': 0.5037265042952312, 'lag_1': 0.0028611517597286196, 'lag_2': 0.9940586355613118, 'lag_3': 0.42637237720560583, 'lag_4': 0.8716315264806433, 'lag_5': 0.6289710162117066, 'lag_6': 0.722172475001443, 'lag_7': 0.6505654447770683, 'lag_8': 0.17339101182341815, 'lag_9': 0.9879986051495263, 'lag_10': 0.01256127993802153, 'lag_11': 0.8228428680785602, 'lag_12': 0.1806961974819184, 'lag_13': 0.6794428768086591, 'lag_14': 0.3507752649227529, 'lag_15': 0.7849718718163085, 'lag_16': 0.9877652076215981, 'lag_17': 0.5834235616773471, 'lag_18': 0.3938677720604584, 'lag_19': 0.5089000664426239, 'lag_20': 0.8257617122269716, 'lag_21': 0.0008317940839747684, 'lag_22': 0.19990718334790475, 'lag_23': 0.5652115521300419, 'lag_24': 0.47502569577974046, 'lag_25': 0.04838882423475316, 'lag_26': 0.8674662526625603, 'lag_27': 0.14278108976169612, 'lag_28': 0.7653972480093303}. Best is trial 3 with value: 0.006374540096937968.
[I 2025-09-29 13:07:09,461] Trial 16 finished with value: 0.007352339932440502 and parameters: {'lag_0': 0.8581352694152395, 'lag_1': 0.5990748695604833, 'lag_2': 0.7418804586896491, 'lag_3': 0.16139111887426635, 'lag_4': 0.36810781184251584, 'lag_5': 0.41576788889343314, 'lag_6': 0.9603548999691993, 'lag_7': 0.8931780446698315, 'lag_8': 0.7013553901116456, 'lag_9': 0.8697063817871029, 'lag_10': 0.6674002143397092, 'lag_11': 0.9958934183971039, 'lag_12': 0.7106455137244464, 'lag_13': 0.24527759475928557, 'lag_14': 0.5546978774040154, 'lag_15': 0.8365906596782304, 'lag_16': 0.4083048512858895, 'lag_17': 0.8772288598501191, 'lag_18': 0.18441624544759017, 'lag_19': 0.7755669487270147, 'lag_20': 0.9870419365673686, 'lag_21': 0.2547322357677906, 'lag_22': 0.7426254016225879, 'lag_23': 0.055157012398710625, 'lag_24': 0.7326410248790254, 'lag_25': 0.4162648872488755, 'lag_26': 0.6500808937296281, 'lag_27': 0.40820339944057604, 'lag_28': 0.21771003732199104}. Best is trial 3 with value: 0.006374540096937968.
[I 2025-09-29 13:07:11,951] Trial 17 finished with value: 0.006530638064628021 and parameters: {'lag_0': 0.23605641070176675, 'lag_1': 0.7798412192405808, 'lag_2': 0.8366151098290084, 'lag_3': 0.6541457799492617, 'lag_4': 0.6037327792158474, 'lag_5': 0.17613627795418368, 'lag_6': 0.1476132248387682, 'lag_7': 0.6849485346521607, 'lag_8': 0.45743906985016036, 'lag_9': 0.6056810220980526, 'lag_10': 0.8581909159727893, 'lag_11': 0.7014248092962083, 'lag_12': 0.9614309450032998, 'lag_13': 0.46711255769552235, 'lag_14': 0.11071700559196551, 'lag_15': 0.3958472134577969, 'lag_16': 0.6632391969429003, 'lag_17': 0.992406835604268, 'lag_18': 0.739713158574903, 'lag_19': 0.5902685651913724, 'lag_20': 0.8572195154438889, 'lag_21': 0.44099857875964577, 'lag_22': 0.31655873507340737, 'lag_23': 0.29489185891549596, 'lag_24': 0.5614435519493685, 'lag_25': 0.6597067460342968, 'lag_26': 0.5111812054079343, 'lag_27': 0.5753384977524286, 'lag_28': 0.6956419569682518}. Best is trial 3 with value: 0.006374540096937968.
[I 2025-09-29 13:07:14,442] Trial 18 finished with value: 0.007894397410476194 and parameters: {'lag_0': 0.4742366816048768, 'lag_1': 0.5569520605722899, 'lag_2': 0.6467396831233975, 'lag_3': 0.4291913446279291, 'lag_4': 0.9202298176647068, 'lag_5': 0.3219603196792121, 'lag_6': 0.6116444093902136, 'lag_7': 0.5242876001771809, 'lag_8': 0.2607641089228881, 'lag_9': 0.8028845995936411, 'lag_10': 0.42542608832121975, 'lag_11': 0.8607439293070958, 'lag_12': 0.891412775820964, 'lag_13': 0.6753662312117957, 'lag_14': 0.3005071813806593, 'lag_15': 0.6851868234725311, 'lag_16': 0.28327826786753063, 'lag_17': 0.40988887571377147, 'lag_18': 0.47137933116227887, 'lag_19': 0.41706781675694105, 'lag_20': 0.7914315270341472, 'lag_21': 0.6163369709407429, 'lag_22': 0.14267863620402882, 'lag_23': 0.6848848456884965, 'lag_24': 0.8945321274250393, 'lag_25': 0.8503203224319638, 'lag_26': 0.8436639320874921, 'lag_27': 0.14867994584090655, 'lag_28': 0.4518631367304681}. Best is trial 3 with value: 0.006374540096937968.
[I 2025-09-29 13:07:16,935] Trial 19 finished with value: 0.005713963476031139 and parameters: {'lag_0': 0.7275073894340387, 'lag_1': 0.7495381023233382, 'lag_2': 0.8453484996903308, 'lag_3': 0.19567705988786277, 'lag_4': 0.31207649017150385, 'lag_5': 0.5696061371415464, 'lag_6': 0.8573952085162145, 'lag_7': 0.9809431703207832, 'lag_8': 0.7132419495772512, 'lag_9': 0.9207128513416486, 'lag_10': 0.6428128010360821, 'lag_11': 0.5497150321173543, 'lag_12': 0.7166866038746069, 'lag_13': 0.5564015675268092, 'lag_14': 0.4291861549702387, 'lag_15': 0.9913282606959841, 'lag_16': 0.5240335707863708, 'lag_17': 0.8148035690710933, 'lag_18': 0.3053965888787866, 'lag_19': 0.8930841956696458, 'lag_20': 0.5779112846122645, 'lag_21': 0.7362354506420207, 'lag_22': 0.4607741850191953, 'lag_23': 0.4837006460995968, 'lag_24': 0.42243134313809894, 'lag_25': 0.5010966940210473, 'lag_26': 0.47388575599132293, 'lag_27': 0.11215170464134289, 'lag_28': 0.25332495854000175}. Best is trial 19 with value: 0.005713963476031139.
