[I 2025-09-29 11:59:35,559] Trial 87 finished with value: 0.0075768974832827645 and parameters: {'lag_0': 0.15005912802749216, 'lag_1': 0.5227817821685259, 'lag_2': 0.030788350911719144, 'lag_3': 0.37907953102814396, 'lag_4': 0.7242966525530321, 'lag_5': 0.07814336500456665, 'lag_6': 0.9596863402382185, 'lag_7': 0.022999090047208286, 'lag_8': 0.6072431780376952, 'lag_9': 0.7483346555549696, 'lag_10': 0.33103223586087094, 'lag_11': 0.057701042219347354, 'lag_12': 0.9744175330894487, 'lag_13': 0.14562967265534993, 'lag_14': 0.1731460110607865, 'lag_15': 0.6135427825357627, 'lag_16': 0.9032270684318275, 'lag_17': 0.6749138475708498, 'lag_18': 0.9568854429931772, 'lag_19': 0.3055887929783108, 'lag_20': 0.12308179367448469, 'lag_21': 0.24338381394458564, 'lag_22': 0.6348288271397239, 'lag_23': 0.22271307456296058, 'lag_24': 0.6106679808575375, 'lag_25': 0.759749103738503, 'lag_26': 0.04582742763980718, 'lag_27': 0.26603407467306844, 'lag_28': 0.4396255642631984}. Best is trial 17 with value: 0.0074903198892933755.
[I 2025-09-29 11:59:37,986] Trial 88 finished with value: 0.007618751712552131 and parameters: {'lag_0': 0.06600568492612724, 'lag_1': 0.4807595174768253, 'lag_2': 0.10857384406321635, 'lag_3': 0.3041866100518077, 'lag_4': 0.6979980843374056, 'lag_5': 0.03313388650671407, 'lag_6': 0.9119833021559454, 'lag_7': 0.0993212559399557, 'lag_8': 0.5476926889019482, 'lag_9': 0.516508412008853, 'lag_10': 0.24108243299895402, 'lag_11': 0.20695336600030279, 'lag_12': 0.4876380326049432, 'lag_13': 0.16494321791093966, 'lag_14': 0.07696863505128722, 'lag_15': 0.672803997335474, 'lag_16': 0.9714310793457079, 'lag_17': 0.7389943107267942, 'lag_18': 0.8668009508843977, 'lag_19': 0.4068432521688885, 'lag_20': 0.062329397170222234, 'lag_21': 0.12929634766205228, 'lag_22': 0.7977033685133935, 'lag_23': 0.48402884998571966, 'lag_24': 0.5059059566674562, 'lag_25': 0.6863093333119842, 'lag_26': 0.2508664942955413, 'lag_27': 0.36495334381934486, 'lag_28': 0.4147388070453909}. Best is trial 17 with value: 0.0074903198892933755.
[I 2025-09-29 11:59:40,402] Trial 89 finished with value: 0.0075493069179463105 and parameters: {'lag_0': 0.35458930932789623, 'lag_1': 0.5097730573273087, 'lag_2': 0.06633006310880638, 'lag_3': 0.2556147205736091, 'lag_4': 0.594843286390456, 'lag_5': 0.08728353059403134, 'lag_6': 0.8723829784004468, 'lag_7': 0.5200655751858684, 'lag_8': 0.6650375228884284, 'lag_9': 0.6764290865880169, 'lag_10': 0.3726449505979398, 'lag_11': 0.16165263832507934, 'lag_12': 0.14098447406816683, 'lag_13': 0.07862633652574331, 'lag_14': 0.14900981757339965, 'lag_15': 0.5146707388413853, 'lag_16': 0.8071057742660943, 'lag_17': 0.6406795535253107, 'lag_18': 0.9149257895307921, 'lag_19': 0.3325769262252429, 'lag_20': 0.01262692225922426, 'lag_21': 0.6514338159995728, 'lag_22': 0.30228592160685125, 'lag_23': 0.2660513008357489, 'lag_24': 0.6513542860793945, 'lag_25': 0.8332957238894061, 'lag_26': 0.14557915604595478, 'lag_27': 0.4050621401956411, 'lag_28': 0.3421619411739047}. Best is trial 17 with value: 0.0074903198892933755.
[I 2025-09-29 11:59:42,822] Trial 90 finished with value: 0.007541986524295668 and parameters: {'lag_0': 0.20264376449544022, 'lag_1': 0.6253855561481482, 'lag_2': 0.018871304464119276, 'lag_3': 0.10513318510141034, 'lag_4': 0.672675965861859, 'lag_5': 0.05656292083062335, 'lag_6': 0.8046243566705107, 'lag_7': 0.06090639032671321, 'lag_8': 0.8304689861681755, 'lag_9': 0.7036206566119652, 'lag_10': 0.46457389093042856, 'lag_11': 0.2488295952992145, 'lag_12': 0.5270429205060995, 'lag_13': 0.268877831039833, 'lag_14': 0.11561421857750612, 'lag_15': 0.7524185054583366, 'lag_16': 0.8622955627019617, 'lag_17': 0.8198871362105408, 'lag_18': 0.8763416139231035, 'lag_19': 0.24603266553404296, 'lag_20': 0.9525026104925672, 'lag_21': 0.33346764124762796, 'lag_22': 0.3597744419835208, 'lag_23': 0.13017785223556244, 'lag_24': 0.5652526788328933, 'lag_25': 0.6455410705663881, 'lag_26': 0.11086189933820906, 'lag_27': 0.2061850626721749, 'lag_28': 0.30908902941123295}. Best is trial 17 with value: 0.0074903198892933755.
[I 2025-09-29 11:59:45,239] Trial 91 finished with value: 0.007526140502693383 and parameters: {'lag_0': 0.05832608253919094, 'lag_1': 0.43374617350590766, 'lag_2': 0.1480992937965952, 'lag_3': 0.13632374295019767, 'lag_4': 0.778926473159007, 'lag_5': 0.3035252958833706, 'lag_6': 0.490623580838752, 'lag_7': 0.13615776004488342, 'lag_8': 0.6481419731499889, 'lag_9': 0.10962508434761564, 'lag_10': 0.1545513772341563, 'lag_11': 0.11125617790130332, 'lag_12': 0.4431271490107927, 'lag_13': 0.129558808087512, 'lag_14': 0.24575723419740053, 'lag_15': 0.6511547173580275, 'lag_16': 0.8852368181382879, 'lag_17': 0.7618902729789228, 'lag_18': 0.9230472182489619, 'lag_19': 0.5673915404265223, 'lag_20': 0.8621248067414403, 'lag_21': 0.8203839050343443, 'lag_22': 0.39417022690944714, 'lag_23': 0.1942190802760998, 'lag_24': 0.4607657604148437, 'lag_25': 0.7967136185966905, 'lag_26': 0.07896847192059447, 'lag_27': 0.933039419623249, 'lag_28': 0.3593386305053445}. Best is trial 17 with value: 0.0074903198892933755.
[I 2025-09-29 11:59:47,652] Trial 92 finished with value: 0.007607906931278043 and parameters: {'lag_0': 0.10071053182922254, 'lag_1': 0.46062263234521506, 'lag_2': 0.05522912754147137, 'lag_3': 0.8847932322668831, 'lag_4': 0.7322426754634003, 'lag_5': 0.11369547262998493, 'lag_6': 0.28194798960586526, 'lag_7': 0.7700978136219755, 'lag_8': 0.5799219607117045, 'lag_9': 0.7938003861570712, 'lag_10': 0.2621825358221461, 'lag_11': 0.08072920372260875, 'lag_12': 0.5693667247084393, 'lag_13': 0.4146056350121075, 'lag_14': 0.8225345221024444, 'lag_15': 0.7048486173687004, 'lag_16': 0.267002120023511, 'lag_17': 0.6021176610125147, 'lag_18': 0.8513599418910749, 'lag_19': 0.15808770039511794, 'lag_20': 0.8030524475779702, 'lag_21': 0.07497533904043285, 'lag_22': 0.38260675322372456, 'lag_23': 0.09489148483570917, 'lag_24': 0.3591009266502839, 'lag_25': 0.8643417345975865, 'lag_26': 0.03628309853566958, 'lag_27': 0.3274885027754246, 'lag_28': 0.377078218540935}. Best is trial 17 with value: 0.0074903198892933755.
[I 2025-09-29 11:59:50,050] Trial 93 finished with value: 0.0075281571704997425 and parameters: {'lag_0': 0.1736831055067261, 'lag_1': 0.40078752825656894, 'lag_2': 0.09348432576430492, 'lag_3': 0.1705721638182783, 'lag_4': 0.8083640759748476, 'lag_5': 0.15281977510461925, 'lag_6': 0.9999159326599425, 'lag_7': 0.26368320474133833, 'lag_8': 0.6345036820843925, 'lag_9': 0.5051214076532341, 'lag_10': 0.2999218559550616, 'lag_11': 0.18506120765592143, 'lag_12': 0.06353524694747043, 'lag_13': 0.36936013592263295, 'lag_14': 0.34161851506568747, 'lag_15': 0.6688495027777774, 'lag_16': 0.32954418329131013, 'lag_17': 0.6974525985576578, 'lag_18': 0.9652471086520575, 'lag_19': 0.5146733288796249, 'lag_20': 0.19962013682223534, 'lag_21': 0.7942595207231248, 'lag_22': 0.2535590570113951, 'lag_23': 0.15674922444725967, 'lag_24': 0.7424693204212109, 'lag_25': 0.9350841720476023, 'lag_26': 0.12383521882428278, 'lag_27': 0.10741154143110371, 'lag_28': 0.19389966398515185}. Best is trial 17 with value: 0.0074903198892933755.
[I 2025-09-29 11:59:52,444] Trial 94 finished with value: 0.007548137428071059 and parameters: {'lag_0': 0.003059169407435395, 'lag_1': 0.5444050942610069, 'lag_2': 0.031030749905617935, 'lag_3': 0.9733815426756707, 'lag_4': 0.33632160592835525, 'lag_5': 0.06136974597740341, 'lag_6': 0.9371683964942068, 'lag_7': 0.20121988951907707, 'lag_8': 0.7893347983987095, 'lag_9': 0.567196492844658, 'lag_10': 0.2093765951801429, 'lag_11': 0.005265617750966012, 'lag_12': 0.5203406791101274, 'lag_13': 0.1959760826071797, 'lag_14': 0.0229112359688515, 'lag_15': 0.7009836533016159, 'lag_16': 0.9631906435900114, 'lag_17': 0.08426431205037768, 'lag_18': 0.40810502333611726, 'lag_19': 0.47722313637171143, 'lag_20': 0.8501687264141422, 'lag_21': 0.8735082805345453, 'lag_22': 0.050318169623547515, 'lag_23': 0.412433665939677, 'lag_24': 0.27079783485835884, 'lag_25': 0.3463035606210614, 'lag_26': 0.024375411850043376, 'lag_27': 0.1557792864700263, 'lag_28': 0.29911800599437954}. Best is trial 17 with value: 0.0074903198892933755.
[I 2025-09-29 11:59:54,844] Trial 95 finished with value: 0.007538233013449633 and parameters: {'lag_0': 0.13959315832649158, 'lag_1': 0.6989477034862226, 'lag_2': 0.5532811689242976, 'lag_3': 0.9355320727627368, 'lag_4': 0.3877029065129696, 'lag_5': 0.02225204871998542, 'lag_6': 0.8289698227357185, 'lag_7': 0.061429278944548416, 'lag_8': 0.7416569687425821, 'lag_9': 0.7238404637131556, 'lag_10': 0.3339587329218089, 'lag_11': 0.9679435697364475, 'lag_12': 0.21392650646650402, 'lag_13': 0.08529486824923345, 'lag_14': 0.19469976591603722, 'lag_15': 0.6043638287752416, 'lag_16': 0.3667741036577014, 'lag_17': 0.6456732826190483, 'lag_18': 0.2762426919019799, 'lag_19': 0.6601372838417359, 'lag_20': 0.7149752923572001, 'lag_21': 0.8349957168798321, 'lag_22': 0.48639139335071735, 'lag_23': 0.3193753152231475, 'lag_24': 0.13345417875169052, 'lag_25': 0.8993502967397241, 'lag_26': 0.06976201554612099, 'lag_27': 0.2238749893538718, 'lag_28': 0.514920204285079}. Best is trial 17 with value: 0.0074903198892933755.
[I 2025-09-29 11:59:57,245] Trial 96 finished with value: 0.007523792456348928 and parameters: {'lag_0': 0.5872047509779529, 'lag_1': 0.484365286455522, 'lag_2': 0.4736682917390277, 'lag_3': 0.4831703938228264, 'lag_4': 0.6424161570094683, 'lag_5': 0.2177815460036834, 'lag_6': 0.3427621357455394, 'lag_7': 0.17271391929330143, 'lag_8': 0.6749672146119557, 'lag_9': 0.7642716832800222, 'lag_10': 0.1722925736121, 'lag_11': 0.14968621499536694, 'lag_12': 0.6062674294943675, 'lag_13': 0.03173612338411613, 'lag_14': 0.29089462444937825, 'lag_15': 0.8522695854018842, 'lag_16': 0.23649629066667616, 'lag_17': 0.036151944869644057, 'lag_18': 0.3198520230950167, 'lag_19': 0.355120347974853, 'lag_20': 0.9103769813623201, 'lag_21': 0.7501598256540253, 'lag_22': 0.4528550902653796, 'lag_23': 0.5379235650604848, 'lag_24': 0.6996487770215061, 'lag_25': 0.9737610019011923, 'lag_26': 0.09760582895772321, 'lag_27': 0.5487835880553749, 'lag_28': 0.5631977654355316}. Best is trial 17 with value: 0.0074903198892933755.
[I 2025-09-29 11:59:59,648] Trial 97 finished with value: 0.007579127108933234 and parameters: {'lag_0': 0.05138606831809546, 'lag_1': 0.5727565539807935, 'lag_2': 0.39946758672938026, 'lag_3': 0.0737723079277716, 'lag_4': 0.8492698378418002, 'lag_5': 0.6948814065810565, 'lag_6': 0.3038492441337967, 'lag_7': 0.9522033516970827, 'lag_8': 0.7078899637411522, 'lag_9': 0.3285489821289174, 'lag_10': 0.11368924289419716, 'lag_11': 0.32837000952565715, 'lag_12': 0.4777255752000446, 'lag_13': 0.2287875562854218, 'lag_14': 0.10581726543235354, 'lag_15': 0.6343612006165527, 'lag_16': 0.928304717159714, 'lag_17': 0.8425740591301732, 'lag_18': 0.02319881382387151, 'lag_19': 0.5823570340074045, 'lag_20': 0.8780147223045159, 'lag_21': 0.19753607330185088, 'lag_22': 0.6897407831723029, 'lag_23': 0.004697090183839819, 'lag_24': 0.42388685400093995, 'lag_25': 0.8419119491323729, 'lag_26': 0.4570104175895872, 'lag_27': 0.45596180943974884, 'lag_28': 0.25084641188991375}. Best is trial 17 with value: 0.0074903198892933755.
[I 2025-09-29 12:00:02,030] Trial 98 finished with value: 0.007608586056021398 and parameters: {'lag_0': 0.08248169081672403, 'lag_1': 0.5062451139484999, 'lag_2': 0.0002937731970607607, 'lag_3': 0.2004474845668094, 'lag_4': 0.7461066406072023, 'lag_5': 0.12966679746516524, 'lag_6': 0.8898618158456241, 'lag_7': 0.014341483300046975, 'lag_8': 0.331636911654215, 'lag_9': 0.17020267841691, 'lag_10': 0.27409090967093286, 'lag_11': 0.0686719477890277, 'lag_12': 0.9150494384342034, 'lag_13': 0.28674263352758006, 'lag_14': 0.8942886170505899, 'lag_15': 0.47907799771682297, 'lag_16': 0.7652297429868644, 'lag_17': 0.5268510251716321, 'lag_18': 0.15619032377495864, 'lag_19': 0.2772334665193912, 'lag_20': 0.6596834253633019, 'lag_21': 0.5258577493570288, 'lag_22': 0.2841076573007778, 'lag_23': 0.6487326609434106, 'lag_24': 0.9956720450695056, 'lag_25': 0.5832187430216262, 'lag_26': 0.1573562914741464, 'lag_27': 0.25350838474797305, 'lag_28': 0.3321435062964123}. Best is trial 17 with value: 0.0074903198892933755.
[I 2025-09-29 12:00:04,390] Trial 99 finished with value: 0.007543951180552147 and parameters: {'lag_0': 0.12116431692364965, 'lag_1': 0.9831358356642944, 'lag_2': 0.31490395447698716, 'lag_3': 0.08608271632461584, 'lag_4': 0.7706991008679274, 'lag_5': 0.33557941748157327, 'lag_6': 0.7375643556569295, 'lag_7': 0.09137867941880062, 'lag_8': 0.281693391505762, 'lag_9': 0.37668482604572545, 'lag_10': 0.23359451839791415, 'lag_11': 0.8724002960345361, 'lag_12': 0.33309614771313356, 'lag_13': 0.15535823241600905, 'lag_14': 0.554099844485711, 'lag_15': 0.7561054358479512, 'lag_16': 0.4334546734609967, 'lag_17': 0.8002085733941303, 'lag_18': 0.12158990923057812, 'lag_19': 0.42849336591361953, 'lag_20': 0.538525387014397, 'lag_21': 0.05957342673597986, 'lag_22': 0.4241155302787525, 'lag_23': 0.6030567137983374, 'lag_24': 0.38152824667707574, 'lag_25': 0.48729000014568935, 'lag_26': 0.1878943162780194, 'lag_27': 0.904742593036286, 'lag_28': 0.4286609220410814}. Best is trial 17 with value: 0.0074903198892933755.
2025-09-29 12:00:06,478 - distributed.worker - INFO - Stopping worker at tcp://192.168.86.108:33910. Reason: scheduler-remove-worker
2025-09-29 12:00:06,481 - distributed.nanny - INFO - Closing Nanny gracefully at 'tcp://192.168.86.108:38020'. Reason: scheduler-remove-worker
2025-09-29 12:00:06,486 - distributed.nanny - INFO - Worker closed
2025-09-29 12:00:06,486 - distributed.core - INFO - Connection to tcp://192.168.86.101:45699 has been closed.
slurmstepd: error: *** JOB 3081121 ON node08 CANCELLED AT 2025-09-29T12:00:06 ***
