[I 2025-09-29 13:11:41,383] Trial 25 finished with value: 0.008029226864811815 and parameters: {'lag_0': 0.6133391500552434, 'lag_1': 0.9416153141599217, 'lag_2': 0.3304692373094319, 'lag_3': 0.25053063120254604, 'lag_4': 0.23315301904163638, 'lag_5': 0.2354164419210009, 'lag_6': 0.09968858726855795, 'lag_7': 0.9293488276235791, 'lag_8': 0.34873741560601407, 'lag_9': 0.7584078295075757, 'lag_10': 0.5784466639733269, 'lag_11': 0.20621616025281153, 'lag_12': 0.26586582692280114, 'lag_13': 0.3540063356664661, 'lag_14': 0.323044001547973, 'lag_15': 0.7499178314360714, 'lag_16': 0.6710183820156724, 'lag_17': 0.12546039297752076, 'lag_18': 0.1488379216725889, 'lag_19': 0.680806141515691, 'lag_20': 0.77718636274084, 'lag_21': 0.6918848761226409, 'lag_22': 0.1226436597876993, 'lag_23': 0.3675297171346241, 'lag_24': 0.45654699030935886, 'lag_25': 0.7578082488169398, 'lag_26': 0.47688859746676104, 'lag_27': 0.9460263933573928, 'lag_28': 0.036725403520275784}. Best is trial 18 with value: 0.007330349777994105.
2025-09-29 13:11:42,360 - distributed.worker - INFO - Stopping worker at tcp://192.168.86.107:34673. Reason: scheduler-remove-worker
2025-09-29 13:11:42,372 - distributed.nanny - INFO - Closing Nanny gracefully at 'tcp://192.168.86.107:36329'. Reason: scheduler-remove-worker
2025-09-29 13:11:42,373 - distributed.worker.state_machine - WARNING - Async instruction for <Task cancelled name='execute(optimize_subject-1613776e-654e-4720-a577-b60848064b68)' coro=<Worker.execute() done, defined at /usr/global/miniconda/py310_23.1.0-1/envs/workshop_311/lib/python3.11/site-packages/distributed/worker_state_machine.py:3607>> ended with CancelledError
slurmstepd: error: *** JOB 3081201 ON node07 CANCELLED AT 2025-09-29T13:11:42 ***
