[I 2025-10-03 11:33:58,502] Trial 64 finished with values: [0.02778512396694215, 0.002924620919356034, 0.007582552207604176, 0.00043915716159580013, 0.00012703193250821013, 0.0029818247168689562, 0.00022956668231911893, 0.0041274926991429345, 0.001527272407096307, 0.0004847170584341568, 0.00017286189054745204, 0.00021497261498855708, 0.024332609490636974, 0.00551866704579376, 0.0, 0.0809371962290848, 0.002622943168518378, 0.00045901867507268493, 0.009467732239106214, 0.006126650748120498, 0.01715283021451782, 0.0010439356393219755, 0.0009419353776359562, 2.889272496808498e-05, 0.015384686716850454, 0.00048160472308694964, 0.0010753893846884954, 0.0013948781856376225, 0.001701893850077392] and parameters: {'lag_0': 0.1497195542812842, 'lag_1': 0.22360406616006764, 'lag_2': 0.6452197663405849, 'lag_3': 0.9382023739011044, 'lag_4': 0.3361439002474288, 'lag_5': 0.06886339154734185, 'lag_6': 0.33029963600281026, 'lag_7': 0.45293001128623334, 'lag_8': 0.7845247575287596, 'lag_9': 0.9401095151960577, 'lag_10': 0.09958136639064362, 'lag_11': 0.2713906447124937, 'lag_12': 0.26829189165243544, 'lag_13': 0.7344128725180687, 'lag_14': 0.208114563315103, 'lag_15': 0.7382766315596094, 'lag_16': 0.8003200042813418, 'lag_17': 0.5043925812430723, 'lag_18': 0.9711696145446781, 'lag_19': 0.0895305161033881, 'lag_20': 0.35913160189106075, 'lag_21': 0.8259253631648917, 'lag_22': 0.3703598795278721, 'lag_23': 0.9120721999034563, 'lag_24': 0.44007780502402066, 'lag_25': 0.05026904536515444, 'lag_26': 0.11712145042842015, 'lag_27': 0.7067591627927979, 'lag_28': 0.08002556680264045}.
[I 2025-10-03 11:34:01,162] Trial 65 finished with values: [0.03542755945353348, 0.0012145131207745529, 0.003977562877826712, 0.0014394169898628462, 0.00020402564674596672, 0.003334544745311547, 0.000905330570990488, 0.0044770369972054, 0.002210860260476435, 4.313685561356722e-05, 7.453011338292412e-05, 0.00044963891558401646, 0.022180214872201, 0.004262057272450189, 0.0, 0.08077460264459066, 0.002646502326911939, 0.0004099581911197666, 0.00962403355754601, 0.007255982860118698, 0.01631202790346028, 0.0011403647984134914, 0.0004965784295565137, 7.32812374306854e-05, 0.014682488436357147, 0.0006215262422100587, 0.0004892041699221209, 0.0006661688873821029, 0.00021982210165997053] and parameters: {'lag_0': 0.12447474348961574, 'lag_1': 0.7592113254493114, 'lag_2': 0.390108088622463, 'lag_3': 0.32219346177628916, 'lag_4': 0.023079386914534757, 'lag_5': 0.8908032447189986, 'lag_6': 0.907895683389789, 'lag_7': 0.9827718818203879, 'lag_8': 0.05000931879369059, 'lag_9': 0.4605200938748799, 'lag_10': 0.8900503374142777, 'lag_11': 0.5492174635820749, 'lag_12': 0.06842123833727129, 'lag_13': 0.5472471859852855, 'lag_14': 0.26597422479767047, 'lag_15': 0.41433316658030644, 'lag_16': 0.1065861467019453, 'lag_17': 0.4838130786587801, 'lag_18': 0.7884361097377456, 'lag_19': 0.865576583603019, 'lag_20': 0.5383276276135808, 'lag_21': 0.6446066757600695, 'lag_22': 0.9431718604994632, 'lag_23': 0.3907193517287137, 'lag_24': 0.8786834802477791, 'lag_25': 0.49965803902267664, 'lag_26': 0.04671053394856613, 'lag_27': 0.4073103094941304, 'lag_28': 0.35063954342326864}.
[I 2025-10-03 11:34:03,830] Trial 66 finished with values: [0.027446178961330482, 0.0021563435214168535, 0.0016879793188880482, 0.0003765803429117233, 0.0011165848703205685, 0.004282703028409561, 0.00040024728488924626, 0.0043365075955349944, 0.0008381404317517861, 0.0008000519938432213, 0.00024840093285133954, 0.00043349870250589844, 0.026868580136755055, 0.004900864962505531, 0.0, 0.0881964555552581, 0.0028936763299694866, 0.0007203871788706232, 0.009372341196085588, 0.007348446095905833, 0.016644487785491796, 0.0010871211943025202, 0.0006949775039194939, 0.00011920895162032008, 0.01626723526675066, 0.00045423919727941627, 0.0009962503156044104, 0.0008700033726865596, 0.002700663453681573] and parameters: {'lag_0': 0.01056743713494955, 'lag_1': 0.12903659049402472, 'lag_2': 0.4798823111662886, 'lag_3': 0.022742016577191587, 'lag_4': 0.6911611846224767, 'lag_5': 0.7764307665757775, 'lag_6': 0.360954976789374, 'lag_7': 0.3594244652066315, 'lag_8': 0.8292754406055514, 'lag_9': 0.9170975783999875, 'lag_10': 0.9366289561632919, 'lag_11': 0.7597388592284234, 'lag_12': 0.9827383308156908, 'lag_13': 0.09394527868780973, 'lag_14': 0.5202333386089885, 'lag_15': 0.9959834570649648, 'lag_16': 0.5191014889250997, 'lag_17': 0.3487997876773348, 'lag_18': 0.5010509739806408, 'lag_19': 0.6151763470061871, 'lag_20': 0.9627589429294184, 'lag_21': 0.5213683079101747, 'lag_22': 0.49629940903498826, 'lag_23': 0.09438437018496448, 'lag_24': 0.17963679002184205, 'lag_25': 0.41731295499868365, 'lag_26': 0.22524648633493607, 'lag_27': 0.3348939688345826, 'lag_28': 0.7235468908557282}.
[I 2025-10-03 11:34:06,511] Trial 67 finished with values: [0.026446280991735537, 9.310014312301149e-05, 0.0015782530296796643, 0.0003009751321200005, 0.0012161882220315162, 0.00389624714663689, 0.0005178347490869771, 0.004517359140129374, 0.0005773604146445775, 0.00018829148184151522, 0.00024244090771314815, 9.294580471781406e-05, 0.02849111852665116, 0.0032878077315672814, 0.0, 0.08050540536289483, 0.003009863764240306, 0.0005486781039709529, 0.009099941387017493, 0.007041894136742591, 0.016827328523221097, 0.0012884533189582643, 0.00068588839965674, 5.148539378550109e-05, 0.01581046198415701, 0.00030049321713936284, 0.0012519134324585628, 0.0016032442177545362, 0.0007847424849972475] and parameters: {'lag_0': 0.07667758580449009, 'lag_1': 0.20218389228960384, 'lag_2': 0.8402990551040136, 'lag_3': 0.13475129935821561, 'lag_4': 0.6287578128531479, 'lag_5': 0.7188794907364202, 'lag_6': 0.25331296133128073, 'lag_7': 0.18410072762054208, 'lag_8': 0.15978175438097283, 'lag_9': 0.10816081071172624, 'lag_10': 0.847303078532113, 'lag_11': 0.6587868980556324, 'lag_12': 0.975716728612034, 'lag_13': 0.42748640587822956, 'lag_14': 0.20302787689808485, 'lag_15': 0.7674151474199885, 'lag_16': 0.39094603833492714, 'lag_17': 0.9832315433063756, 'lag_18': 0.5069345315315211, 'lag_19': 0.5566787562168124, 'lag_20': 0.3959946939619598, 'lag_21': 0.5211333485542501, 'lag_22': 0.6329949687466873, 'lag_23': 0.9379693350062919, 'lag_24': 0.07776809623797953, 'lag_25': 0.1089297824085995, 'lag_26': 0.0775723823787639, 'lag_27': 0.6862794401397531, 'lag_28': 0.0014981763412688785}.
[I 2025-10-03 11:34:09,178] Trial 68 finished with values: [0.028386134067952252, 0.0006157891531268153, 0.0004557893993597375, 0.00012761695665385698, 0.0002013028291623251, 0.003546544425411148, 0.00016163137175013743, 0.004634988423836526, 0.0007351326658599103, 4.4309346359232926e-05, 0.00027178580375703594, 0.0004106855547476178, 0.027315222059417988, 0.005058839734330832, 0.0, 0.08414766270310878, 0.0027373957285406108, 0.0005653000432876962, 0.009965778706861257, 0.006867268399229398, 0.01626137726882394, 0.0012127547149216355, 0.0004601380215125069, 3.798134890030111e-05, 0.01404651763023534, 0.0010152379348275398, 0.0006183894605664554, 0.0014541197005701447, 0.0010089219188421999] and parameters: {'lag_0': 0.7062477071344234, 'lag_1': 0.9901496223012826, 'lag_2': 0.7541767986086337, 'lag_3': 0.4174548756881559, 'lag_4': 0.344367961137765, 'lag_5': 0.9974045609854588, 'lag_6': 0.6502775100894088, 'lag_7': 0.6538580299280284, 'lag_8': 0.40429127131567727, 'lag_9': 0.47647407822219107, 'lag_10': 0.9530672429653932, 'lag_11': 0.748968489198481, 'lag_12': 0.7887977224911022, 'lag_13': 0.16665894661312208, 'lag_14': 0.2428408419935832, 'lag_15': 0.737235057200095, 'lag_16': 0.1165162161194449, 'lag_17': 0.06105013051025543, 'lag_18': 0.16770911496772722, 'lag_19': 0.05600088815692033, 'lag_20': 0.6717272894449402, 'lag_21': 0.832262960150301, 'lag_22': 0.4476583388256587, 'lag_23': 0.6336814344901394, 'lag_24': 0.8053264570440036, 'lag_25': 0.32881499557228444, 'lag_26': 0.11820371128083641, 'lag_27': 0.6504094897237174, 'lag_28': 0.9615801197780085}.
[I 2025-10-03 11:34:11,845] Trial 69 finished with values: [0.02400346782631165, 0.0010645158341192683, 0.0028203533539425457, 0.000571492407650521, 0.0012677411867886128, 0.0041067999644606185, 0.00027386372217978337, 0.004543896465480086, 0.001112321713924746, 0.0005228559947077627, 0.00010011853561361483, 0.00014328606314158347, 0.02990889801615554, 0.004128994581355818, 0.0, 0.08386288113937679, 0.0023782146796893977, 0.0004881135475113007, 0.008994888076743814, 0.00890985881957963, 0.016320616825701788, 0.000889445596746407, 0.0004962748829659512, 8.449323991803865e-05, 0.015825035528272427, 0.0004658626772018911, 0.0010373481811188838, 0.0011425266484519753, 0.0013649121411166525] and parameters: {'lag_0': 0.12447474348961574, 'lag_1': 0.8728792783337467, 'lag_2': 0.7444785565279833, 'lag_3': 0.22395713892912159, 'lag_4': 0.023079386914534757, 'lag_5': 0.8908032447189986, 'lag_6': 0.8718317563269117, 'lag_7': 0.6137783990986435, 'lag_8': 0.7736992833305453, 'lag_9': 0.3535099003620586, 'lag_10': 0.8900503374142777, 'lag_11': 0.6294978488200875, 'lag_12': 0.06048142173944175, 'lag_13': 0.29562525795042427, 'lag_14': 0.9106096537456735, 'lag_15': 0.26877608122797536, 'lag_16': 0.49159960261572894, 'lag_17': 0.11574393748434508, 'lag_18': 0.7884361097377456, 'lag_19': 0.07413806813553171, 'lag_20': 0.10774239227449213, 'lag_21': 0.6446066757600695, 'lag_22': 0.5211032853058043, 'lag_23': 0.25416884441385273, 'lag_24': 0.14946901331378706, 'lag_25': 0.69853140697576, 'lag_26': 0.07447587882909788, 'lag_27': 0.9377897263859024, 'lag_28': 0.6083892454710931}.
[I 2025-10-03 11:34:14,515] Trial 70 finished with values: [0.021480269870421387, 0.001605891397290202, 0.0005766563037834189, 0.0007767214192756958, 0.0013546468091842601, 0.0025752815401240753, 0.00010078024989774049, 0.0034851546941427358, 0.00045572193390619985, 0.00022824189647039557, 0.00018781088484691731, 0.0002878224067020552, 0.02545377606176502, 0.00617962596184514, 0.0, 0.08068542285235485, 0.001980813091877631, 0.0004625143189121053, 0.010483235559851561, 0.006342563718881368, 0.015756583834411794, 0.0013313940532025147, 0.0004263604886766553, 7.785319222345714e-05, 0.015680280429893334, 0.0004396864991309289, 0.0011591147257224372, 0.0007927023262553616, 9.960766599277273e-05] and parameters: {'lag_0': 0.45772400096656013, 'lag_1': 0.6504147671178815, 'lag_2': 0.14305196960846006, 'lag_3': 0.33330316907368013, 'lag_4': 0.1453376800209962, 'lag_5': 0.5851621805693439, 'lag_6': 0.09671444970859872, 'lag_7': 0.9528606309701435, 'lag_8': 0.9281701106533614, 'lag_9': 0.19766214588172853, 'lag_10': 0.4707430886749886, 'lag_11': 0.6098310291879557, 'lag_12': 0.8517680115566862, 'lag_13': 0.5520066283684403, 'lag_14': 0.9246477208140247, 'lag_15': 0.08417244131759506, 'lag_16': 0.13520956931005548, 'lag_17': 0.9873841942229, 'lag_18': 0.31356849726551345, 'lag_19': 0.5489181334065376, 'lag_20': 0.6437591151906019, 'lag_21': 0.8912188339879403, 'lag_22': 0.4375043553965229, 'lag_23': 0.03764674028597779, 'lag_24': 0.10500862988045648, 'lag_25': 0.9831088401407341, 'lag_26': 0.8928155402031781, 'lag_27': 0.6706294901014361, 'lag_28': 0.25499512227070936}.
[I 2025-10-03 11:34:17,182] Trial 71 finished with values: [0.02649219467401286, 0.0036016574652003876, 0.0021449604112022164, 0.0009539581237331125, 0.0010587369773677785, 0.005284364582692028, 0.0006734652560390345, 0.005265710130828143, 0.00044675696677081935, 0.0005790253359693795, 0.00013012739652693226, 0.0005164943160450397, 0.028517088866133522, 0.0032684209426065516, 0.0, 0.08072307454378892, 0.002588695664471643, 0.000388922491148986, 0.010700455989163315, 0.007431817951328456, 0.016557390833128932, 0.0010980119666267672, 0.0005632405655275226, 9.647896311624743e-05, 0.016131807778482877, 0.0003626325925117601, 0.0011515866897392126, 0.0009340231236656086, 0.00035115104291236134] and parameters: {'lag_0': 0.6612807842623485, 'lag_1': 0.24834906781717253, 'lag_2': 0.5302960615728821, 'lag_3': 0.05902258817528439, 'lag_4': 0.46486074002586625, 'lag_5': 0.10829546074561426, 'lag_6': 0.2928159270421095, 'lag_7': 0.5732108411285531, 'lag_8': 0.10349353777002918, 'lag_9': 0.45735009158741935, 'lag_10': 0.07473434234916089, 'lag_11': 0.5784640197971151, 'lag_12': 0.5164608549678379, 'lag_13': 0.3445984906397354, 'lag_14': 0.16621980680122891, 'lag_15': 0.26161907470927853, 'lag_16': 0.5285137398728228, 'lag_17': 0.09482295495489963, 'lag_18': 0.5690421346313335, 'lag_19': 0.5073798002425467, 'lag_20': 0.040749941850646516, 'lag_21': 0.6257697584856265, 'lag_22': 0.119490120767047, 'lag_23': 0.15488931457200683, 'lag_24': 0.6762914083990635, 'lag_25': 0.8028960223608054, 'lag_26': 0.9099316967939329, 'lag_27': 0.5916175102647057, 'lag_28': 0.7237450708983267}.
[I 2025-10-03 11:34:19,852] Trial 72 finished with values: [0.021533516988062443, 0.003894305870496346, 0.001596940413564742, 0.00016416084614565078, 0.0009803540542060493, 0.0020850693728383146, 0.0002505052316637132, 0.004159083003078212, 0.000964706577384657, 0.0008646327669556945, 0.0002855759393444572, 0.00037250883916410704, 0.024843791712901603, 0.004715765493993688, 0.0, 0.0747227753154742, 0.002023671322331046, 0.0005266641887541497, 0.009749032970213577, 0.007145169351717477, 0.01734378919357394, 0.0009230988863020796, 0.00044992902005192015, 7.6895950143865e-05, 0.013701812915352635, 0.0005341218902228807, 0.0014198698140180186, 0.0015158831036656876, 0.00197733116931549] and parameters: {'lag_0': 0.298194223734479, 'lag_1': 0.319012589041484, 'lag_2': 0.4026092629136861, 'lag_3': 0.16838269529610858, 'lag_4': 0.35550656727614366, 'lag_5': 0.8566251682457983, 'lag_6': 0.5314543326068494, 'lag_7': 0.7168331386407225, 'lag_8': 0.3182943749854866, 'lag_9': 0.6820941106700569, 'lag_10': 0.3211490155553873, 'lag_11': 0.27248666728869186, 'lag_12': 0.5184805830763115, 'lag_13': 0.23309272945912565, 'lag_14': 0.17737828297189018, 'lag_15': 0.15665948440100327, 'lag_16': 0.6829069338510808, 'lag_17': 0.5267936761911636, 'lag_18': 0.7702914308858816, 'lag_19': 0.599151049047918, 'lag_20': 0.11128434441960228, 'lag_21': 0.15511225943338916, 'lag_22': 0.7698143429179992, 'lag_23': 0.4144474053399825, 'lag_24': 0.06000482807158056, 'lag_25': 0.6626393735917555, 'lag_26': 0.33110078643507884, 'lag_27': 0.3372419525897782, 'lag_28': 0.8020823444567085}.
[I 2025-10-03 11:34:22,521] Trial 73 finished with values: [0.016351888551563876, 0.001932179332587293, 0.00165325675813816, 0.0009768682345360372, 0.0003539699468972267, 0.004043241536540884, 0.0005723163454038784, 0.0038825138263447407, 0.0011633058946640764, 0.000786711150026307, 0.0003067691083073984, 0.0002628270170301261, 0.02529363494548803, 0.003997191798076382, 0.0, 0.08603903559104076, 0.002714463334525873, 0.0005305353592670563, 0.009762726249983538, 0.007036781991291934, 0.017031552883716862, 0.0012543065463597196, 0.0008339053199657865, 2.4026045979712327e-05, 0.015101269920528088, 0.0006071019294851257, 0.0009032776929131104, 0.0010047475362910427, 0.0018520759667065509] and parameters: {'lag_0': 0.09207709656546759, 'lag_1': 0.47638690938046085, 'lag_2': 0.1522958865066831, 'lag_3': 0.12701514786795673, 'lag_4': 0.25077685060824473, 'lag_5': 0.9419209058654756, 'lag_6': 0.9731432326099434, 'lag_7': 0.6291487904863844, 'lag_8': 0.10796100325716189, 'lag_9': 0.43502907155572323, 'lag_10': 0.6296713145319401, 'lag_11': 0.6995928717955401, 'lag_12': 0.3005167185038701, 'lag_13': 0.17572535364792038, 'lag_14': 0.33765253398350725, 'lag_15': 0.6886994023796856, 'lag_16': 0.3228091990361426, 'lag_17': 0.9132926049839135, 'lag_18': 0.47377355056802833, 'lag_19': 0.9912622668854573, 'lag_20': 0.42353212258384954, 'lag_21': 0.6461503416053841, 'lag_22': 0.44783018149069276, 'lag_23': 0.05384005897997389, 'lag_24': 0.8704045197308551, 'lag_25': 0.5399577827085212, 'lag_26': 0.7552440446779923, 'lag_27': 0.4988030938628318, 'lag_28': 0.7182195848910747}.
[I 2025-10-03 11:34:25,189] Trial 74 finished with values: [0.027446178961330482, 0.0012796021346377733, 0.00030693443468688374, 0.0008886616328454796, 0.0006183368497007871, 0.0048723192463865275, 0.0012317000253431092, 0.004069277072514544, 0.0012381901612068113, 0.00016958921810024014, 0.0003784254189259484, 8.311974242869165e-05, 0.024312796321552706, 0.004671078455878795, 0.0, 0.08103328631314098, 0.0026680135666769028, 0.00038225907729618657, 0.009252554194466467, 0.007332584089226794, 0.01738313844220386, 0.0010220656997102268, 0.0007830048152162143, 1.8821603967663318e-05, 0.016565552641683183, 0.0005512382820718956, 0.0009684607011295771, 0.0011544901318087369, 0.00021844409745050772] and parameters: {'lag_0': 0.5643765187724069, 'lag_1': 0.17772504076297774, 'lag_2': 0.5563280731476934, 'lag_3': 0.6272578044279049, 'lag_4': 0.1453376800209962, 'lag_5': 0.5851621805693439, 'lag_6': 0.9058438728910767, 'lag_7': 0.9437772828256233, 'lag_8': 0.42117619350680885, 'lag_9': 0.6384676849797687, 'lag_10': 0.9425570113842321, 'lag_11': 0.4204862201854592, 'lag_12': 0.8517680115566862, 'lag_13': 0.5520066283684403, 'lag_14': 0.9246477208140247, 'lag_15': 0.9684840857109118, 'lag_16': 0.13520956931005548, 'lag_17': 0.8589786272392509, 'lag_18': 0.3004814365764355, 'lag_19': 0.1467885259388411, 'lag_20': 0.6437591151906019, 'lag_21': 0.22036875564279385, 'lag_22': 0.14057098673452337, 'lag_23': 0.11560670447089852, 'lag_24': 0.10500862988045648, 'lag_25': 0.6268623864867104, 'lag_26': 0.8928155402031781, 'lag_27': 0.6706294901014361, 'lag_28': 0.25499512227070936}.
[I 2025-10-03 11:34:27,857] Trial 75 finished with values: [0.03305785123966942, 0.004174487129235921, 0.00348319862237161, 0.0005350804970336365, 0.0009696357448098309, 0.003855545456035346, 0.0005522552605332483, 0.0037511562225583223, 0.0013755584867281723, 0.0002830824248012874, 0.00020925408149672582, 0.0007582520833128421, 0.029413102766107313, 0.00465404503538455, 0.0, 0.08056791312496607, 0.0028764021982426746, 0.00033003712482524534, 0.009828266914273211, 0.007161271850100989, 0.0170039848240292, 0.0005624774012354102, 0.00043565008766740555, 5.525863686842008e-05, 0.015574060645425348, 0.0005074330328767302, 0.0012728895855800809, 0.0012564526487355743, 0.0007463801426999821] and parameters: {'lag_0': 0.888600467813753, 'lag_1': 0.8993030303894604, 'lag_2': 0.36909992239548917, 'lag_3': 0.32219346177628916, 'lag_4': 0.25034699699944196, 'lag_5': 0.4945477157894679, 'lag_6': 0.8888586617459803, 'lag_7': 0.3431783739351713, 'lag_8': 0.9039115687005683, 'lag_9': 0.4605200938748799, 'lag_10': 0.505267902939608, 'lag_11': 0.7598554719184819, 'lag_12': 0.8998571233845586, 'lag_13': 0.0721899587818968, 'lag_14': 0.26597422479767047, 'lag_15': 0.8568256507190716, 'lag_16': 0.1065861467019453, 'lag_17': 0.5870401551378244, 'lag_18': 0.4165326893997335, 'lag_19': 0.2726896872420651, 'lag_20': 0.5383276276135808, 'lag_21': 0.41390882074549856, 'lag_22': 0.9431718604994632, 'lag_23': 0.20716055782294118, 'lag_24': 0.13592884072874775, 'lag_25': 0.7622177912050547, 'lag_26': 0.30519092037791884, 'lag_27': 0.4073103094941304, 'lag_28': 0.632757943494239}.
[I 2025-10-03 11:34:30,522] Trial 76 finished with values: [0.027091942148760328, 0.003902405314021945, 0.005491193528210259, 0.0013112928375110314, 0.00012236906320275376, 0.006041002364173603, 0.0002284970210388271, 0.004640548706673335, 0.0010911100264013923, 0.00025146346163677145, 0.00024206078488644162, 0.0002488593860331531, 0.028894777527903044, 0.004965272197324244, 0.0, 0.07285269088404096, 0.0015244382758882072, 0.0004963541695173026, 0.009818094111439132, 0.007219830036002987, 0.017445467834322735, 0.001197451479608734, 0.0005732352446692888, 0.00010477184603173317, 0.014644644831473189, 0.0002934040124215559, 0.0005455352615610224, 0.0012511810945873066, 0.0029074783737024225] and parameters: {'lag_0': 0.888600467813753, 'lag_1': 0.20218389228960384, 'lag_2': 0.945582408399363, 'lag_3': 0.13475129935821561, 'lag_4': 0.6234328527792222, 'lag_5': 0.4311346562517415, 'lag_6': 0.907895683389789, 'lag_7': 0.18410072762054208, 'lag_8': 0.20251359532253932, 'lag_9': 0.10816081071172624, 'lag_10': 0.847303078532113, 'lag_11': 0.5492174635820749, 'lag_12': 0.8998571233845586, 'lag_13': 0.42748640587822956, 'lag_14': 0.26597422479767047, 'lag_15': 0.41433316658030644, 'lag_16': 0.39094603833492714, 'lag_17': 0.9832315433063756, 'lag_18': 0.4165326893997335, 'lag_19': 0.2726896872420651, 'lag_20': 0.8949517545583973, 'lag_21': 0.5211333485542501, 'lag_22': 0.1463815945760842, 'lag_23': 0.9379693350062919, 'lag_24': 0.8786834802477791, 'lag_25': 0.49965803902267664, 'lag_26': 0.775646052616436, 'lag_27': 0.4073103094941304, 'lag_28': 0.35063954342326864}.
