[I 2025-09-29 11:56:01,857] Trial 3 finished with value: 0.02031606526487509 and parameters: {'lag_0': 0.12702799844722354, 'lag_1': 0.1766849126861893, 'lag_2': 0.4377618633865069, 'lag_3': 0.4684907371783097, 'lag_4': 0.28444039388433895, 'lag_5': 0.6038431705331011, 'lag_6': 0.1716750989469609, 'lag_7': 0.8937265483316036, 'lag_8': 0.8842821367650349, 'lag_9': 0.6551648108031227, 'lag_10': 0.38925182082944854, 'lag_11': 0.44000359730081634, 'lag_12': 0.7494640693239829, 'lag_13': 0.22778723448135235, 'lag_14': 0.9970336515776871, 'lag_15': 0.23119728334430537, 'lag_16': 0.30901120795160303, 'lag_17': 0.3236741955468779, 'lag_18': 0.022212737825565352, 'lag_19': 0.661134725855208, 'lag_20': 0.05955279650607606, 'lag_21': 0.5044080746020921, 'lag_22': 0.5306871757328986, 'lag_23': 0.07393040586833903, 'lag_24': 0.035682543871135564, 'lag_25': 0.6335096663099139, 'lag_26': 0.37306481828183713, 'lag_27': 0.7559384189933739, 'lag_28': 0.3332228491690041}. Best is trial 0 with value: 0.020152185343504943.
[I 2025-09-29 11:56:04,136] Trial 4 finished with value: 0.02057099956482996 and parameters: {'lag_0': 0.7940720528917995, 'lag_1': 0.568793651880379, 'lag_2': 0.4012255789302859, 'lag_3': 0.6855793120717805, 'lag_4': 0.025641085147958372, 'lag_5': 0.9584332321688076, 'lag_6': 0.8189991323228181, 'lag_7': 0.32961262772370115, 'lag_8': 0.5078619965958465, 'lag_9': 0.7839965046814381, 'lag_10': 0.5281279741092246, 'lag_11': 0.5357851072839988, 'lag_12': 0.8293835225063023, 'lag_13': 0.8008412708073468, 'lag_14': 0.9526542591692057, 'lag_15': 0.07881990216011248, 'lag_16': 0.8584897225853716, 'lag_17': 0.7640910737794326, 'lag_18': 0.5534850756798724, 'lag_19': 0.09803242036155073, 'lag_20': 0.4306276254855516, 'lag_21': 0.2923832231266605, 'lag_22': 0.5614902054137881, 'lag_23': 0.9154024703731, 'lag_24': 0.6229980868472481, 'lag_25': 0.27819929936972787, 'lag_26': 0.891004648372062, 'lag_27': 0.8155128777199215, 'lag_28': 0.2975234260108029}. Best is trial 0 with value: 0.020152185343504943.
[I 2025-09-29 11:56:06,404] Trial 5 finished with value: 0.020490796795196865 and parameters: {'lag_0': 0.3794399241538512, 'lag_1': 0.4939095849185379, 'lag_2': 0.6356376816874942, 'lag_3': 0.6481883358180608, 'lag_4': 0.30983789544751617, 'lag_5': 0.23607510064909243, 'lag_6': 0.53634297058659, 'lag_7': 0.6382137865264634, 'lag_8': 0.998293683496627, 'lag_9': 0.44186681101920605, 'lag_10': 0.9533378381111043, 'lag_11': 0.335711099095486, 'lag_12': 0.24907093304655004, 'lag_13': 0.9351080587048501, 'lag_14': 0.7383853294534692, 'lag_15': 0.2733135255213747, 'lag_16': 0.47329663214159534, 'lag_17': 0.7849604105418434, 'lag_18': 0.9182583285801463, 'lag_19': 0.8128268301287744, 'lag_20': 0.8571507984466118, 'lag_21': 0.5263625081505384, 'lag_22': 0.0313599948911346, 'lag_23': 0.43786500379140336, 'lag_24': 0.2001021750535132, 'lag_25': 0.08644303331357407, 'lag_26': 0.0791031240887914, 'lag_27': 0.7850354810954139, 'lag_28': 0.030514369497574013}. Best is trial 0 with value: 0.020152185343504943.
[I 2025-09-29 11:56:08,676] Trial 6 finished with value: 0.020507999134888703 and parameters: {'lag_0': 0.6563517957322481, 'lag_1': 0.03008410457417684, 'lag_2': 0.9030998098218046, 'lag_3': 0.8254421363069523, 'lag_4': 0.9629320562083815, 'lag_5': 0.6459410295948137, 'lag_6': 0.9919967416762013, 'lag_7': 0.4682597492235469, 'lag_8': 0.6623785167538113, 'lag_9': 0.6566360712082266, 'lag_10': 0.966722582685767, 'lag_11': 0.08078782329665829, 'lag_12': 0.10268013981728732, 'lag_13': 0.4710446607094655, 'lag_14': 0.7858290171082439, 'lag_15': 0.5828952307018123, 'lag_16': 0.8556268924437992, 'lag_17': 0.03164872444434859, 'lag_18': 0.5518482389249645, 'lag_19': 0.5270717608051748, 'lag_20': 0.7242424138229482, 'lag_21': 0.5255972320226782, 'lag_22': 0.5105608249589956, 'lag_23': 0.7326345228502952, 'lag_24': 0.2947418283298611, 'lag_25': 0.18487099550975147, 'lag_26': 0.47536169612527324, 'lag_27': 0.9848445292633995, 'lag_28': 0.12352664452984316}. Best is trial 0 with value: 0.020152185343504943.
[I 2025-09-29 11:56:10,942] Trial 7 finished with value: 0.020329457365589915 and parameters: {'lag_0': 0.10068467146124596, 'lag_1': 0.22622009456728043, 'lag_2': 0.45235100956203456, 'lag_3': 0.711482920280533, 'lag_4': 0.39355765905135826, 'lag_5': 0.33584302111174325, 'lag_6': 0.6526143714062047, 'lag_7': 0.42596399402135493, 'lag_8': 0.8069815684283685, 'lag_9': 0.5025304065333691, 'lag_10': 0.19372902553995647, 'lag_11': 0.28446764911859135, 'lag_12': 0.11499280167319333, 'lag_13': 0.05345986679977044, 'lag_14': 0.8653393478307048, 'lag_15': 0.6550530398772482, 'lag_16': 0.016336827256515474, 'lag_17': 0.12354971157497553, 'lag_18': 0.01547060578826905, 'lag_19': 0.7598955092656046, 'lag_20': 0.13046761500492257, 'lag_21': 0.26380094318333475, 'lag_22': 0.7566466114036642, 'lag_23': 0.014638430552146345, 'lag_24': 0.9667377696072057, 'lag_25': 0.8191519623316491, 'lag_26': 0.7056104859011197, 'lag_27': 0.11483787925303802, 'lag_28': 0.18547863468547734}. Best is trial 0 with value: 0.020152185343504943.
[I 2025-09-29 11:56:13,330] Trial 8 finished with value: 0.020382922526640153 and parameters: {'lag_0': 0.424822352703309, 'lag_1': 0.6375801032379416, 'lag_2': 0.8453812036747587, 'lag_3': 0.009983381166517048, 'lag_4': 0.8316150021543262, 'lag_5': 0.6330302835852467, 'lag_6': 0.8393769737027487, 'lag_7': 0.7516504844513715, 'lag_8': 0.8635115144697341, 'lag_9': 0.3048962153421657, 'lag_10': 0.5574702162456834, 'lag_11': 0.5777656562724668, 'lag_12': 0.5144274519171245, 'lag_13': 0.7839781450110678, 'lag_14': 0.6060912037629169, 'lag_15': 0.48328678478129805, 'lag_16': 0.6825956718352554, 'lag_17': 0.8954444524793399, 'lag_18': 0.831097214927406, 'lag_19': 0.05394138113828685, 'lag_20': 0.496251633611752, 'lag_21': 0.13032000211660213, 'lag_22': 0.22684336090619, 'lag_23': 0.31788087681905336, 'lag_24': 0.31052327406885594, 'lag_25': 0.10419885858323852, 'lag_26': 0.36294379292825024, 'lag_27': 0.4862445591331117, 'lag_28': 0.9809903059334177}. Best is trial 0 with value: 0.020152185343504943.
[I 2025-09-29 11:56:15,595] Trial 9 finished with value: 0.020800577952301565 and parameters: {'lag_0': 0.34456978484600514, 'lag_1': 0.6942538228729764, 'lag_2': 0.7389716562595672, 'lag_3': 0.9608626997770494, 'lag_4': 0.9727245996309825, 'lag_5': 0.5312561293009129, 'lag_6': 0.9140767214741722, 'lag_7': 0.4580405691792809, 'lag_8': 0.46949025652330745, 'lag_9': 0.3090127551983931, 'lag_10': 0.19376137196753968, 'lag_11': 0.9958655435946302, 'lag_12': 0.2740381845681395, 'lag_13': 0.7213612783913005, 'lag_14': 0.1839135638610785, 'lag_15': 0.8921268587208777, 'lag_16': 0.9350111127391524, 'lag_17': 0.29358883620842696, 'lag_18': 0.1881826333062912, 'lag_19': 0.7227666359031586, 'lag_20': 0.7443456709761023, 'lag_21': 0.5856422373717751, 'lag_22': 0.5689359261378185, 'lag_23': 0.7400760447430544, 'lag_24': 0.009841399940627613, 'lag_25': 0.647766080866654, 'lag_26': 0.1226401046663914, 'lag_27': 0.3552877758275398, 'lag_28': 0.9873249417587132}. Best is trial 0 with value: 0.020152185343504943.
[I 2025-09-29 11:56:17,910] Trial 10 finished with value: 0.020055745421222265 and parameters: {'lag_0': 0.994369695118618, 'lag_1': 0.9905173156194887, 'lag_2': 0.0527694803977824, 'lag_3': 0.2965769387419729, 'lag_4': 0.6436934950544466, 'lag_5': 0.9050881077639955, 'lag_6': 0.21305084250395268, 'lag_7': 0.01673958253180835, 'lag_8': 0.27503023861494713, 'lag_9': 0.9938039506883494, 'lag_10': 0.7253119963737664, 'lag_11': 0.025352421023666583, 'lag_12': 0.9741773405615055, 'lag_13': 0.9906032011254444, 'lag_14': 0.42467395481914494, 'lag_15': 0.0014349952603490979, 'lag_16': 0.6253831029642961, 'lag_17': 0.5390015081961845, 'lag_18': 0.7785804510259772, 'lag_19': 0.3491436927486474, 'lag_20': 0.27629355216626605, 'lag_21': 0.945756929824903, 'lag_22': 0.7610531112166725, 'lag_23': 0.3103364218523333, 'lag_24': 0.8622208147116652, 'lag_25': 0.9711897915319845, 'lag_26': 0.652822417414795, 'lag_27': 0.34201746314033477, 'lag_28': 0.7275660007489715}. Best is trial 10 with value: 0.020055745421222265.
[I 2025-09-29 11:56:20,223] Trial 11 finished with value: 0.020604853052492232 and parameters: {'lag_0': 0.9904739650375562, 'lag_1': 0.9535181667897996, 'lag_2': 0.0008479540298936689, 'lag_3': 0.2416803491836842, 'lag_4': 0.6300468584329351, 'lag_5': 0.9361101837646066, 'lag_6': 0.21417887629107019, 'lag_7': 0.026070118428647426, 'lag_8': 0.21638113493072703, 'lag_9': 0.9822933241338904, 'lag_10': 0.693907173447128, 'lag_11': 0.0034467621089789985, 'lag_12': 0.9758348463129076, 'lag_13': 0.9965784624455, 'lag_14': 0.41987347173571093, 'lag_15': 0.04859331689785355, 'lag_16': 0.6460625947666334, 'lag_17': 0.5492330820201415, 'lag_18': 0.7463836160360444, 'lag_19': 0.31330485374029265, 'lag_20': 0.2732165912914081, 'lag_21': 0.9529875871914864, 'lag_22': 0.8040471241474064, 'lag_23': 0.29915812171779765, 'lag_24': 0.9397217046347734, 'lag_25': 0.9949620665756264, 'lag_26': 0.6662305935398014, 'lag_27': 0.3303552933453732, 'lag_28': 0.7231605607843047}. Best is trial 10 with value: 0.020055745421222265.
[I 2025-09-29 11:56:22,541] Trial 12 finished with value: 0.020212092166351548 and parameters: {'lag_0': 0.6973289778606192, 'lag_1': 0.9980922658398409, 'lag_2': 0.03596849515116096, 'lag_3': 0.3464373630400825, 'lag_4': 0.5842753561467139, 'lag_5': 0.8015328629827314, 'lag_6': 0.3075432530571502, 'lag_7': 0.0069969619354079485, 'lag_8': 0.30181841819131366, 'lag_9': 0.09219469569959116, 'lag_10': 0.7486242259690827, 'lag_11': 0.1320560262124199, 'lag_12': 0.659310811523066, 'lag_13': 0.5075450429095688, 'lag_14': 0.38831810215034795, 'lag_15': 0.005652825862855149, 'lag_16': 0.7003972693881506, 'lag_17': 0.5274344796635922, 'lag_18': 0.9821346565259252, 'lag_19': 0.3028603122865716, 'lag_20': 0.34529034431903344, 'lag_21': 0.8025329699553068, 'lag_22': 0.7341289723300266, 'lag_23': 0.5573421518722568, 'lag_24': 0.7813904222313723, 'lag_25': 0.9941824839588822, 'lag_26': 0.6289602969633543, 'lag_27': 0.556367176996715, 'lag_28': 0.726655737677574}. Best is trial 10 with value: 0.020055745421222265.
[I 2025-09-29 11:56:24,846] Trial 13 finished with value: 0.02035911753519312 and parameters: {'lag_0': 0.9952957555423305, 'lag_1': 0.8412018002608139, 'lag_2': 0.20684008400723863, 'lag_3': 0.21709650568335803, 'lag_4': 0.4613021742848615, 'lag_5': 0.7610809496884092, 'lag_6': 0.012880735396749943, 'lag_7': 0.22976374861834914, 'lag_8': 0.3479900088526654, 'lag_9': 0.9892791915556193, 'lag_10': 0.7730800325869778, 'lag_11': 0.23930940209049478, 'lag_12': 0.3641737580503371, 'lag_13': 0.973880536680308, 'lag_14': 0.55799207323522, 'lag_15': 0.1816722103798871, 'lag_16': 0.49664406067554645, 'lag_17': 0.6459169223890723, 'lag_18': 0.719347510018316, 'lag_19': 0.9980439958422582, 'lag_20': 0.667994314652341, 'lag_21': 0.6961813108840686, 'lag_22': 0.9571006893364615, 'lag_23': 0.26724440881140743, 'lag_24': 0.46072396438258967, 'lag_25': 0.7934350250934078, 'lag_26': 0.9093238626463704, 'lag_27': 0.29359977882776345, 'lag_28': 0.6740908085800466}. Best is trial 10 with value: 0.020055745421222265.
[I 2025-09-29 11:56:27,165] Trial 14 finished with value: 0.02058416570995872 and parameters: {'lag_0': 0.2630004672108093, 'lag_1': 0.40599975964826696, 'lag_2': 0.6282047670732858, 'lag_3': 0.42091151304288865, 'lag_4': 0.7815952092826368, 'lag_5': 0.7634521557937125, 'lag_6': 0.3832027211866184, 'lag_7': 0.16211492543646328, 'lag_8': 0.0036968964962067474, 'lag_9': 0.8264674080938634, 'lag_10': 0.8099636529317038, 'lag_11': 0.1882973146850055, 'lag_12': 0.9917870002001852, 'lag_13': 0.5642251992584291, 'lag_14': 0.32213531427595044, 'lag_15': 0.36978798126933815, 'lag_16': 0.9735815764469655, 'lag_17': 0.43603419783662845, 'lag_18': 0.7019787451179949, 'lag_19': 0.2890687703189613, 'lag_20': 0.21269003255577038, 'lag_21': 0.9947925264496068, 'lag_22': 0.33645537753433363, 'lag_23': 0.48685989853647693, 'lag_24': 0.483768964167006, 'lag_25': 0.8459617835331903, 'lag_26': 0.5342095437898416, 'lag_27': 0.5461204449243925, 'lag_28': 0.5435039498762901}. Best is trial 10 with value: 0.020055745421222265.
[I 2025-09-29 11:56:29,476] Trial 15 finished with value: 0.021017880107891268 and parameters: {'lag_0': 0.5907057436001364, 'lag_1': 0.8549274130449865, 'lag_2': 0.23467592388842423, 'lag_3': 0.2309919712910799, 'lag_4': 0.18794242898581437, 'lag_5': 0.41658203329069593, 'lag_6': 0.435985403466528, 'lag_7': 0.15595086929897684, 'lag_8': 0.38786175080721513, 'lag_9': 0.848612636566189, 'lag_10': 0.6275268392813564, 'lag_11': 0.033288053817729125, 'lag_12': 0.5005254695761019, 'lag_13': 0.29685620232773746, 'lag_14': 0.6563628010343852, 'lag_15': 0.15671161310320497, 'lag_16': 0.7772074442588884, 'lag_17': 0.412859004190369, 'lag_18': 0.8507996198690579, 'lag_19': 0.42720791568400496, 'lag_20': 0.5664220599560132, 'lag_21': 0.006097815195876155, 'lag_22': 0.6818969564098867, 'lag_23': 0.6248022335297698, 'lag_24': 0.7777485041486938, 'lag_25': 0.4500196650632323, 'lag_26': 0.5167492874145106, 'lag_27': 0.2216442552163873, 'lag_28': 0.8520404894778661}. Best is trial 10 with value: 0.020055745421222265.
[I 2025-09-29 11:56:31,776] Trial 16 finished with value: 0.020795087814377104 and parameters: {'lag_0': 0.7607259502729828, 'lag_1': 0.912788416937018, 'lag_2': 0.9847607240685599, 'lag_3': 0.0026367295792178724, 'lag_4': 0.7305162237329301, 'lag_5': 0.8558573995635321, 'lag_6': 0.08285774311215777, 'lag_7': 0.27452519976938816, 'lag_8': 0.6892499940904989, 'lag_9': 0.7341498391906746, 'lag_10': 0.41227397713559755, 'lag_11': 0.37936133649835596, 'lag_12': 0.7375979233321099, 'lag_13': 0.860268688772157, 'lag_14': 0.5135736102979783, 'lag_15': 0.38993882335910907, 'lag_16': 0.37389347337196166, 'lag_17': 0.6505340977975127, 'lag_18': 0.9847572383869112, 'lag_19': 0.2016194800328437, 'lag_20': 0.354481964089958, 'lag_21': 0.7299944285210116, 'lag_22': 0.39350915022756283, 'lag_23': 0.18822267181307628, 'lag_24': 0.6256168330031979, 'lag_25': 0.6331981549944083, 'lag_26': 0.7845000375254805, 'lag_27': 0.4405423002221362, 'lag_28': 0.48320167829759714}. Best is trial 10 with value: 0.020055745421222265.
[I 2025-09-29 11:56:34,086] Trial 17 finished with value: 0.020330698141971366 and parameters: {'lag_0': 0.8619354608233217, 'lag_1': 0.8021319419257817, 'lag_2': 0.6052514428474711, 'lag_3': 0.3417803722500907, 'lag_4': 0.5212584805002868, 'lag_5': 0.12708369042997908, 'lag_6': 0.2567047285837861, 'lag_7': 0.10789161503004224, 'lag_8': 0.16652894675818591, 'lag_9': 0.49891916157218547, 'lag_10': 0.8420642072759758, 'lag_11': 0.14276042840262404, 'lag_12': 0.37153773120078093, 'lag_13': 0.6798667044609683, 'lag_14': 0.039296727339930004, 'lag_15': 0.12780504103292034, 'lag_16': 0.5980973173565813, 'lag_17': 0.6375428552696664, 'lag_18': 0.4031769656616929, 'lag_19': 0.49255751138398884, 'lag_20': 0.9865646937998048, 'lag_21': 0.861003128612966, 'lag_22': 0.856775145067877, 'lag_23': 0.40649605926540244, 'lag_24': 0.8198539571933425, 'lag_25': 0.9064149655776426, 'lag_26': 0.4188707916528883, 'lag_27': 0.6340785868548979, 'lag_28': 0.6160653563509364}. Best is trial 10 with value: 0.020055745421222265.
[I 2025-09-29 11:56:36,400] Trial 18 finished with value: 0.02078887155095931 and parameters: {'lag_0': 0.2554220779224542, 'lag_1': 0.4090648159711291, 'lag_2': 0.23458425092056684, 'lag_3': 0.1452788095717473, 'lag_4': 0.0027838485235396337, 'lag_5': 0.48120660666037063, 'lag_6': 0.5353798629052133, 'lag_7': 0.0884430339391847, 'lag_8': 0.4349134949585717, 'lag_9': 0.051686366949337315, 'lag_10': 0.6956227698534548, 'lag_11': 0.23390027222859022, 'lag_12': 0.8908889401096913, 'lag_13': 0.9027912772142106, 'lag_14': 0.29561817381284505, 'lag_15': 0.7717093670091428, 'lag_16': 0.7756039094545957, 'lag_17': 0.32894978416427223, 'lag_18': 0.6552604425251928, 'lag_19': 0.19798998807959955, 'lag_20': 0.5950542845447203, 'lag_21': 0.669417771269659, 'lag_22': 0.6515520268957916, 'lag_23': 0.38440915785539403, 'lag_24': 0.3841843022593951, 'lag_25': 0.694287691871, 'lag_26': 0.7826800392356824, 'lag_27': 0.40540205189747036, 'lag_28': 0.8182974412018131}. Best is trial 10 with value: 0.020055745421222265.
[I 2025-09-29 11:56:38,710] Trial 19 finished with value: 0.02053081654436637 and parameters: {'lag_0': 0.5639867016507258, 'lag_1': 0.7422791449534107, 'lag_2': 0.7486355992511008, 'lag_3': 0.5162131863905493, 'lag_4': 0.37735920217489566, 'lag_5': 0.6886668894619217, 'lag_6': 0.33571153335889214, 'lag_7': 0.2549881649284612, 'lag_8': 0.25655837683259214, 'lag_9': 0.9023203550645861, 'lag_10': 0.865299068786002, 'lag_11': 0.0020191845513367612, 'lag_12': 0.6188969596600805, 'lag_13': 0.42289323687958924, 'lag_14': 0.44477414585376873, 'lag_15': 0.4810889286110048, 'lag_16': 0.22125196415921727, 'lag_17': 0.4683157098669571, 'lag_18': 0.8313209517734262, 'lag_19': 0.41172297905780675, 'lag_20': 0.20268344857060122, 'lag_21': 0.3733367668284292, 'lag_22': 0.3599593210863581, 'lag_23': 0.22040722264848178, 'lag_24': 0.681723750935054, 'lag_25': 0.5162847330964232, 'lag_26': 0.5989445097232645, 'lag_27': 0.2021497854563377, 'lag_28': 0.4459559012134188}. Best is trial 10 with value: 0.020055745421222265.
[I 2025-09-29 11:56:41,028] Trial 20 finished with value: 0.020291727544322298 and parameters: {'lag_0': 0.004297137741450574, 'lag_1': 0.9978286139658689, 'lag_2': 0.10584791903930288, 'lag_3': 0.3163403010467588, 'lag_4': 0.1812232212394672, 'lag_5': 0.8861726816440428, 'lag_6': 0.1506452628941998, 'lag_7': 0.991788104605872, 'lag_8': 0.6571032824960253, 'lag_9': 0.189399848450582, 'lag_10': 0.4229829438717289, 'lag_11': 0.4186415080638302, 'lag_12': 0.7496462610865763, 'lag_13': 0.59139456635342, 'lag_14': 0.6740643333430708, 'lag_15': 0.22774640533377988, 'lag_16': 0.569172110288176, 'lag_17': 0.762109834227383, 'lag_18': 0.8858589115019015, 'lag_19': 0.20380659580857152, 'lag_20': 0.8448244799330712, 'lag_21': 0.16203719070020017, 'lag_22': 0.6514628954517621, 'lag_23': 0.5828355156608396, 'lag_24': 0.5451207646662135, 'lag_25': 0.7530775891929956, 'lag_26': 0.9722088784792513, 'lag_27': 0.6556971686386106, 'lag_28': 0.38785975098050995}. Best is trial 10 with value: 0.020055745421222265.
[I 2025-09-29 11:56:43,332] Trial 21 finished with value: 0.02032951641077905 and parameters: {'lag_0': 0.6973800875049215, 'lag_1': 0.9794915766916266, 'lag_2': 0.0013842963362815305, 'lag_3': 0.3602386469931937, 'lag_4': 0.5847416296967394, 'lag_5': 0.8000518924240142, 'lag_6': 0.2973592580536246, 'lag_7': 0.008666332459667914, 'lag_8': 0.2649148947429408, 'lag_9': 0.039753177476002544, 'lag_10': 0.7132537546314958, 'lag_11': 0.12320097465570144, 'lag_12': 0.6374199829749533, 'lag_13': 0.04133771848443957, 'lag_14': 0.3786846032358341, 'lag_15': 0.013353948004136402, 'lag_16': 0.7226961749506489, 'lag_17': 0.5244788608673026, 'lag_18': 0.9988053417390697, 'lag_19': 0.3312299874958685, 'lag_20': 0.3664836136533376, 'lag_21': 0.8307464376217029, 'lag_22': 0.735318219969668, 'lag_23': 0.5727310026145626, 'lag_24': 0.8411076381219245, 'lag_25': 0.998645365253355, 'lag_26': 0.5946251454807601, 'lag_27': 0.5553797811720838, 'lag_28': 0.7803985310391537}. Best is trial 10 with value: 0.020055745421222265.
[I 2025-09-29 11:56:45,650] Trial 22 finished with value: 0.02100881419695951 and parameters: {'lag_0': 0.8552931026265187, 'lag_1': 0.9061093143101445, 'lag_2': 0.108081450193766, 'lag_3': 0.5417933956276739, 'lag_4': 0.6912608544419562, 'lag_5': 0.8378345295516738, 'lag_6': 0.47282487662995853, 'lag_7': 0.009726364269837796, 'lag_8': 0.3424461390931026, 'lag_9': 0.1468539316691281, 'lag_10': 0.611617453630717, 'lag_11': 0.12353705589920216, 'lag_12': 0.6850497788703773, 'lag_13': 0.3666212565670659, 'lag_14': 0.4624187498216138, 'lag_15': 0.033514220400980545, 'lag_16': 0.8606421531087669, 'lag_17': 0.5717317458104113, 'lag_18': 0.9408312632249455, 'lag_19': 0.24895249680148643, 'lag_20': 0.3114545604525407, 'lag_21': 0.8542524870413911, 'lag_22': 0.8645915230392907, 'lag_23': 0.7008722536871652, 'lag_24': 0.7417535896181172, 'lag_25': 0.896103517292104, 'lag_26': 0.6659463152496039, 'lag_27': 0.6323581026165646, 'lag_28': 0.6088696493155167}. Best is trial 10 with value: 0.020055745421222265.
[I 2025-09-29 11:56:47,961] Trial 23 finished with value: 0.02091534707417008 and parameters: {'lag_0': 0.9063395230410976, 'lag_1': 0.863584486042345, 'lag_2': 0.13859120939992875, 'lag_3': 0.1147725720998361, 'lag_4': 0.8590775540011408, 'lag_5': 0.7354296570605076, 'lag_6': 0.34546522072191155, 'lag_7': 0.17338823316820742, 'lag_8': 0.538242620892975, 'lag_9': 0.4087131635308328, 'lag_10': 0.8730312554604492, 'lag_11': 0.31910923511444, 'lag_12': 0.4183475318008948, 'lag_13': 0.21757453130862636, 'lag_14': 0.3395734109601282, 'lag_15': 0.11196689597634772, 'lag_16': 0.7573515088732321, 'lag_17': 0.38703911406721175, 'lag_18': 0.7703982872017783, 'lag_19': 0.39476246349182487, 'lag_20': 0.4439538472955874, 'lag_21': 0.776127431651587, 'lag_22': 0.6365878352923848, 'lag_23': 0.4952500892017044, 'lag_24': 0.8987658725301679, 'lag_25': 0.9263511556963315, 'lag_26': 0.7973945365101331, 'lag_27': 0.4815861710672882, 'lag_28': 0.8695433637043191}. Best is trial 10 with value: 0.020055745421222265.
