[I 2025-09-29 12:54:47,146] Trial 4 finished with value: 0.00606612711035113 and parameters: {'lag_0': 0.11138856669052608, 'lag_1': 0.8062761873650514, 'lag_2': 0.24460489494776486, 'lag_3': 0.9005193884226343, 'lag_4': 0.6470304822356013, 'lag_5': 0.5827885192443721, 'lag_6': 0.9688894191661961, 'lag_7': 0.1814156208550326, 'lag_8': 0.5178540267481804, 'lag_9': 0.4346396638002523, 'lag_10': 0.04199391064585578, 'lag_11': 0.2719377796896622, 'lag_12': 0.43884363560680434, 'lag_13': 0.44134572794072985, 'lag_14': 0.707383611153892, 'lag_15': 0.5161404204141461, 'lag_16': 0.6355517705986029, 'lag_17': 0.8988825343062563, 'lag_18': 0.19067867695186397, 'lag_19': 0.5326451340454854, 'lag_20': 0.33164915275437556, 'lag_21': 0.7806226425023274, 'lag_22': 0.8585126114723506, 'lag_23': 0.5470965670005611, 'lag_24': 0.9596903393653317, 'lag_25': 0.24602473354385848, 'lag_26': 0.6227738127929442, 'lag_27': 0.6344015165958643, 'lag_28': 0.6074020907552314}. Best is trial 2 with value: 0.005859259623005597.
[I 2025-09-29 12:54:49,652] Trial 5 finished with value: 0.006006590586885703 and parameters: {'lag_0': 0.08669087782295504, 'lag_1': 0.064775287771168, 'lag_2': 0.44820966133261375, 'lag_3': 0.025149710870151654, 'lag_4': 0.6386222642655759, 'lag_5': 0.07108962517174353, 'lag_6': 0.10863657284723709, 'lag_7': 0.9842731945343556, 'lag_8': 0.9054146467305184, 'lag_9': 0.6050017568929844, 'lag_10': 0.8413396448852454, 'lag_11': 0.3306044025963196, 'lag_12': 0.3367445712043419, 'lag_13': 0.8644309420846641, 'lag_14': 0.9361531558634242, 'lag_15': 0.31651623446252025, 'lag_16': 0.6537410908659091, 'lag_17': 0.17549504758010764, 'lag_18': 0.7076850152857945, 'lag_19': 0.4756548160816289, 'lag_20': 0.4153819275273002, 'lag_21': 0.9863392919765195, 'lag_22': 0.1963885476236992, 'lag_23': 0.020784137978757958, 'lag_24': 0.21760141346462333, 'lag_25': 0.08238508642001717, 'lag_26': 0.3102398563191821, 'lag_27': 0.9244454414093062, 'lag_28': 0.2629450943026268}. Best is trial 2 with value: 0.005859259623005597.
[I 2025-09-29 12:54:52,156] Trial 6 finished with value: 0.006080837029106643 and parameters: {'lag_0': 0.6045381800680696, 'lag_1': 0.03997940177634573, 'lag_2': 0.5641639338772476, 'lag_3': 0.17598273789407717, 'lag_4': 0.911357841989857, 'lag_5': 0.635655798147733, 'lag_6': 0.298133250069564, 'lag_7': 0.8333191419461482, 'lag_8': 0.07206834837028399, 'lag_9': 0.5523379299476572, 'lag_10': 0.36822608466257417, 'lag_11': 0.6830434722903302, 'lag_12': 0.10641571258032771, 'lag_13': 0.6084850585830437, 'lag_14': 0.09710877063089882, 'lag_15': 0.9564432173008416, 'lag_16': 0.5758409365765914, 'lag_17': 0.9623856766618581, 'lag_18': 0.029940471349879764, 'lag_19': 0.36416877694163785, 'lag_20': 0.31323309580804404, 'lag_21': 0.35405257505546556, 'lag_22': 0.5410058086447965, 'lag_23': 0.2845174079337247, 'lag_24': 0.8331613461476938, 'lag_25': 0.6751626177519353, 'lag_26': 0.7453185052153002, 'lag_27': 0.24096054463922462, 'lag_28': 0.14413411104843998}. Best is trial 2 with value: 0.005859259623005597.
[I 2025-09-29 12:54:54,655] Trial 7 finished with value: 0.005686827867871654 and parameters: {'lag_0': 0.5898805030386304, 'lag_1': 0.8936293215255208, 'lag_2': 0.42001815509456586, 'lag_3': 0.24549173905279784, 'lag_4': 0.5679709409063067, 'lag_5': 0.33924763262482116, 'lag_6': 0.6062521795556118, 'lag_7': 0.87990700238704, 'lag_8': 0.6185740469791795, 'lag_9': 0.27782959264820223, 'lag_10': 0.9861524488293055, 'lag_11': 0.3702824022963353, 'lag_12': 0.3757478942615412, 'lag_13': 0.8461124588339717, 'lag_14': 0.5764960636652675, 'lag_15': 0.29932093827862943, 'lag_16': 0.28659240204550307, 'lag_17': 0.44819246347700864, 'lag_18': 0.5735902394291992, 'lag_19': 0.20480009813493205, 'lag_20': 0.12978621803813745, 'lag_21': 0.04351902299392546, 'lag_22': 0.9516867889489876, 'lag_23': 0.8271517624230988, 'lag_24': 0.09319967808318624, 'lag_25': 0.5642682792524099, 'lag_26': 0.9543330004604139, 'lag_27': 0.03246039449701959, 'lag_28': 0.34143941707985404}. Best is trial 7 with value: 0.005686827867871654.
[I 2025-09-29 12:54:57,153] Trial 8 finished with value: 0.0059467191677096305 and parameters: {'lag_0': 0.78061186945883, 'lag_1': 0.6416629124939011, 'lag_2': 0.21303473650386465, 'lag_3': 0.7728418533974315, 'lag_4': 0.18320575983155998, 'lag_5': 0.29035448774516165, 'lag_6': 0.18918502776563026, 'lag_7': 0.4969426869977988, 'lag_8': 0.6176684142197951, 'lag_9': 0.6378055044822181, 'lag_10': 0.3499838338702734, 'lag_11': 0.1404200073411563, 'lag_12': 0.028863337435285078, 'lag_13': 0.9797624398585599, 'lag_14': 0.41560982885740577, 'lag_15': 0.5605168501820154, 'lag_16': 0.11322287837130478, 'lag_17': 0.6252069335729076, 'lag_18': 0.09734230460318889, 'lag_19': 0.7731938318064535, 'lag_20': 0.8012034700810424, 'lag_21': 0.43568820548427184, 'lag_22': 0.661541074624233, 'lag_23': 0.7409881632266342, 'lag_24': 0.9374049023397507, 'lag_25': 0.773027887294869, 'lag_26': 0.6785286338422087, 'lag_27': 0.13624361629956422, 'lag_28': 0.225459408734022}. Best is trial 7 with value: 0.005686827867871654.
[I 2025-09-29 12:54:59,650] Trial 9 finished with value: 0.0064594761971143696 and parameters: {'lag_0': 0.0987686903462344, 'lag_1': 0.215445256447663, 'lag_2': 0.7526240445985313, 'lag_3': 0.20804182329414947, 'lag_4': 0.478688295376036, 'lag_5': 0.5633092083645566, 'lag_6': 0.26689602300958415, 'lag_7': 0.3960002991176577, 'lag_8': 0.3531283450198621, 'lag_9': 0.5908107309237134, 'lag_10': 0.3533861873531301, 'lag_11': 0.19791104133014062, 'lag_12': 0.09612867519356821, 'lag_13': 0.34213392602943066, 'lag_14': 0.4114636824272092, 'lag_15': 0.0201549235017025, 'lag_16': 0.6431812642364865, 'lag_17': 0.24111777522269015, 'lag_18': 0.449461756304962, 'lag_19': 0.2168704970656098, 'lag_20': 0.33076833423704605, 'lag_21': 0.482222075173512, 'lag_22': 0.2280543578222659, 'lag_23': 0.38834447819319995, 'lag_24': 0.6318566826684453, 'lag_25': 0.7972155346117049, 'lag_26': 0.04225102446043087, 'lag_27': 0.9030040754217223, 'lag_28': 0.6103067658022341}. Best is trial 7 with value: 0.005686827867871654.
[I 2025-09-29 12:55:02,218] Trial 10 finished with value: 0.005844554135717557 and parameters: {'lag_0': 0.39350055669624817, 'lag_1': 0.43435052393121276, 'lag_2': 0.9727612886595867, 'lag_3': 0.4292226056838806, 'lag_4': 0.3630828253998125, 'lag_5': 0.3200073165213625, 'lag_6': 0.45754289994513986, 'lag_7': 0.0048690117836579505, 'lag_8': 0.1975586468016295, 'lag_9': 0.027072447704915015, 'lag_10': 0.664784771763971, 'lag_11': 0.5178175111100356, 'lag_12': 0.882791358883945, 'lag_13': 0.019885984595320372, 'lag_14': 0.6386383537431843, 'lag_15': 0.2183131296735334, 'lag_16': 0.9238736507599011, 'lag_17': 0.7079962779242717, 'lag_18': 0.30658184241672864, 'lag_19': 0.9837627966268545, 'lag_20': 0.03595825599830843, 'lag_21': 0.0200340669973308, 'lag_22': 0.45133256224341467, 'lag_23': 0.9594129902405542, 'lag_24': 0.010234003678513626, 'lag_25': 0.46246810548939143, 'lag_26': 0.9650713362564469, 'lag_27': 0.009962488054039959, 'lag_28': 0.8817700094619592}. Best is trial 7 with value: 0.005686827867871654.
2025-09-29 12:55:02,557 - distributed.worker - INFO - Stopping worker at tcp://192.168.86.108:41297. Reason: scheduler-remove-worker
2025-09-29 12:55:02,564 - distributed.nanny - INFO - Closing Nanny gracefully at 'tcp://192.168.86.108:39241'. Reason: scheduler-remove-worker
2025-09-29 12:55:02,565 - distributed.worker.state_machine - WARNING - Async instruction for <Task cancelled name='execute(optimize_subject-e432f46a-1126-4e7d-9524-e56e2020e2d9)' coro=<Worker.execute() done, defined at /usr/global/miniconda/py310_23.1.0-1/envs/workshop_311/lib/python3.11/site-packages/distributed/worker_state_machine.py:3607>> ended with CancelledError
slurmstepd: error: *** JOB 3081190 ON node08 CANCELLED AT 2025-09-29T12:55:02 ***
