2025-09-29 11:51:53,960 - distributed.nanny - INFO -         Start Nanny at: 'tcp://192.168.86.107:33717'
2025-09-29 11:51:55,296 - distributed.worker - INFO -       Start worker at: tcp://192.168.86.107:33902
2025-09-29 11:51:55,296 - distributed.worker - INFO -          Listening to: tcp://192.168.86.107:33902
2025-09-29 11:51:55,296 - distributed.worker - INFO -           Worker name:             SLURMCluster-4
2025-09-29 11:51:55,296 - distributed.worker - INFO -          dashboard at:       192.168.86.107:39516
2025-09-29 11:51:55,296 - distributed.worker - INFO - Waiting to connect to: tcp://192.168.86.101:45699
2025-09-29 11:51:55,297 - distributed.worker - INFO - -------------------------------------------------
2025-09-29 11:51:55,297 - distributed.worker - INFO -               Threads:                          1
2025-09-29 11:51:55,297 - distributed.worker - INFO -                Memory:                   9.31 GiB
2025-09-29 11:51:55,297 - distributed.worker - INFO -       Local Directory: /home1/zrentala/dask-worker-space/dask-scratch-space/worker-o9jv2leo
2025-09-29 11:51:55,297 - distributed.worker - INFO - -------------------------------------------------
2025-09-29 11:51:55,593 - distributed.worker - INFO - Starting Worker plugin shuffle
2025-09-29 11:51:55,593 - distributed.worker - INFO -         Registered to: tcp://192.168.86.101:45699
2025-09-29 11:51:55,593 - distributed.worker - INFO - -------------------------------------------------
2025-09-29 11:51:55,594 - distributed.core - INFO - Starting established connection to tcp://192.168.86.101:45699
[I 2025-09-29 11:51:55,688] A new study created in memory with name: no-name-0de1c76f-b772-4562-aeb5-8343e65c47ea
[I 2025-09-29 11:51:58,184] Trial 0 finished with value: 0.012493344234298738 and parameters: {'lag_0': 0.32046825718428706, 'lag_1': 0.48888440632437924, 'lag_2': 0.76646911419784, 'lag_3': 0.6401804781246716, 'lag_4': 0.4307284959673924, 'lag_5': 0.9077153196227105, 'lag_6': 0.056660261838096734, 'lag_7': 0.49136850036177054, 'lag_8': 0.3691462075490738, 'lag_9': 0.5957224082216364, 'lag_10': 0.16604317527272636, 'lag_11': 0.6221188701721181, 'lag_12': 0.9354812580880932, 'lag_13': 0.20807421352662755, 'lag_14': 0.4556609409391649, 'lag_15': 0.7882415239474451, 'lag_16': 0.7936907128874047, 'lag_17': 0.4157020116708962, 'lag_18': 0.03456465482581033, 'lag_19': 0.6638966243258464, 'lag_20': 0.8518701072290192, 'lag_21': 0.17811329304327053, 'lag_22': 0.5852526309926523, 'lag_23': 0.7963639243286571, 'lag_24': 0.567865152250471, 'lag_25': 0.718620532372176, 'lag_26': 0.7877958661841549, 'lag_27': 0.6690640947935702, 'lag_28': 0.631283829925427}. Best is trial 0 with value: 0.012493344234298738.
[I 2025-09-29 11:52:00,652] Trial 1 finished with value: 0.012254496892715723 and parameters: {'lag_0': 0.4524017745727549, 'lag_1': 0.36069513230050376, 'lag_2': 0.17105791503865267, 'lag_3': 0.94505491247416, 'lag_4': 0.0282191162015523, 'lag_5': 0.28947163349761584, 'lag_6': 0.9743240733664832, 'lag_7': 0.702509315858604, 'lag_8': 0.5673483181462924, 'lag_9': 0.4312535330985557, 'lag_10': 0.7802601868676944, 'lag_11': 0.6989741960629797, 'lag_12': 0.8870767891003395, 'lag_13': 0.4473154970758009, 'lag_14': 0.34778045333090235, 'lag_15': 0.696133390214211, 'lag_16': 0.4764852591015898, 'lag_17': 0.8988746243169959, 'lag_18': 0.0031437990550559213, 'lag_19': 0.522409370532896, 'lag_20': 0.3367552367283231, 'lag_21': 0.7192795135035286, 'lag_22': 0.2676773460368167, 'lag_23': 0.15179017632573585, 'lag_24': 0.888307740688072, 'lag_25': 0.9999505674179296, 'lag_26': 0.6277860196028108, 'lag_27': 0.6333851303895004, 'lag_28': 0.6322328891181057}. Best is trial 1 with value: 0.012254496892715723.
[I 2025-09-29 11:52:03,126] Trial 2 finished with value: 0.012472053017786297 and parameters: {'lag_0': 0.23397266635895125, 'lag_1': 0.5671588665986035, 'lag_2': 0.9668190293797677, 'lag_3': 0.19483630005017796, 'lag_4': 0.942739914493108, 'lag_5': 0.924828141005473, 'lag_6': 0.9252536316402273, 'lag_7': 0.570989938787979, 'lag_8': 0.30515275836177674, 'lag_9': 0.641378928863952, 'lag_10': 0.101649176570058, 'lag_11': 0.5358448230946137, 'lag_12': 0.8424486425380873, 'lag_13': 0.09268380113267267, 'lag_14': 0.35949684686786404, 'lag_15': 0.9694720598080013, 'lag_16': 0.7501405099514138, 'lag_17': 0.48973729792514814, 'lag_18': 0.5579340410643397, 'lag_19': 0.20054278622227661, 'lag_20': 0.6381756297783624, 'lag_21': 0.016470539810483707, 'lag_22': 0.21173989058786769, 'lag_23': 0.8622974245216591, 'lag_24': 0.46229023467986735, 'lag_25': 0.07113173422789373, 'lag_26': 0.36116350753718957, 'lag_27': 0.2798734099975809, 'lag_28': 0.1707408892734748}. Best is trial 1 with value: 0.012254496892715723.
[I 2025-09-29 11:52:05,579] Trial 3 finished with value: 0.012385264018571802 and parameters: {'lag_0': 0.06682032958405007, 'lag_1': 0.337038227155848, 'lag_2': 0.9716501093443521, 'lag_3': 0.33868881038922866, 'lag_4': 0.8198034145107089, 'lag_5': 0.159759060868361, 'lag_6': 0.6391571074729904, 'lag_7': 0.8076395862290896, 'lag_8': 0.9104829033467644, 'lag_9': 0.7034954124116238, 'lag_10': 0.77863703806148, 'lag_11': 0.276507617266016, 'lag_12': 0.6762471438034109, 'lag_13': 0.6831680877881323, 'lag_14': 0.1385499998175764, 'lag_15': 0.6577404150129498, 'lag_16': 0.03774966078024772, 'lag_17': 0.15512662094708973, 'lag_18': 0.9715934166698766, 'lag_19': 0.6685520326546398, 'lag_20': 0.03487888432939244, 'lag_21': 0.4946552613479818, 'lag_22': 0.5625661726727351, 'lag_23': 0.4478570499343644, 'lag_24': 0.5270498916093812, 'lag_25': 0.5824071381613707, 'lag_26': 0.1692608683189906, 'lag_27': 0.8880261069410385, 'lag_28': 0.5757949818568284}. Best is trial 1 with value: 0.012254496892715723.
[I 2025-09-29 11:52:08,047] Trial 4 finished with value: 0.012407458950456631 and parameters: {'lag_0': 0.8336044055509381, 'lag_1': 0.41650063077826127, 'lag_2': 0.443311178991407, 'lag_3': 0.8687264721278259, 'lag_4': 0.36392679234113423, 'lag_5': 0.17980666317451885, 'lag_6': 0.5767623648979168, 'lag_7': 0.5084383074572252, 'lag_8': 0.39180069114570754, 'lag_9': 0.7519754987419012, 'lag_10': 0.34939158561888306, 'lag_11': 0.09023675282881342, 'lag_12': 0.43267765301433897, 'lag_13': 0.585855268487721, 'lag_14': 0.8855488770623747, 'lag_15': 0.6729335159810761, 'lag_16': 0.5525579430987194, 'lag_17': 0.24483609522538521, 'lag_18': 0.14675504784086896, 'lag_19': 0.19212247157466208, 'lag_20': 0.14935195890670824, 'lag_21': 0.7983078668556557, 'lag_22': 0.8335341797481081, 'lag_23': 0.45463951476810194, 'lag_24': 0.09118621300584492, 'lag_25': 0.4013347815307828, 'lag_26': 0.7034858061370393, 'lag_27': 0.3764304800800477, 'lag_28': 0.4589851372729571}. Best is trial 1 with value: 0.012254496892715723.
[I 2025-09-29 11:52:10,523] Trial 5 finished with value: 0.012537796882897518 and parameters: {'lag_0': 0.13666053924393093, 'lag_1': 0.7662977998843754, 'lag_2': 0.8266140160809919, 'lag_3': 0.11624633004123824, 'lag_4': 0.49191710017212514, 'lag_5': 0.22856429713435658, 'lag_6': 0.9138118554178711, 'lag_7': 0.055668668628402466, 'lag_8': 0.11091729651605291, 'lag_9': 0.38073558738368024, 'lag_10': 0.0712508723524785, 'lag_11': 0.24777983246896815, 'lag_12': 0.4981827646034998, 'lag_13': 0.5289822231875512, 'lag_14': 0.3932402665122563, 'lag_15': 0.2441695521716555, 'lag_16': 0.7466554461892378, 'lag_17': 0.7339624510165145, 'lag_18': 0.0601855515139056, 'lag_19': 0.4810733836143416, 'lag_20': 0.27202652418351864, 'lag_21': 0.4424500495916633, 'lag_22': 0.30294015428460064, 'lag_23': 0.220288657885305, 'lag_24': 0.7834418080578598, 'lag_25': 0.45430633420897154, 'lag_26': 0.3183241924514541, 'lag_27': 0.6820075364618221, 'lag_28': 0.7633435555773067}. Best is trial 1 with value: 0.012254496892715723.
[I 2025-09-29 11:52:12,989] Trial 6 finished with value: 0.012581178060104673 and parameters: {'lag_0': 0.8946681243510207, 'lag_1': 0.6796181943943798, 'lag_2': 0.5799490709973472, 'lag_3': 0.23224391923461382, 'lag_4': 0.3913137308613598, 'lag_5': 0.3603249775985347, 'lag_6': 0.11706788446369018, 'lag_7': 0.4899060631649188, 'lag_8': 0.7047554641047936, 'lag_9': 0.30010694692051776, 'lag_10': 0.10635749190626588, 'lag_11': 0.5607488093454239, 'lag_12': 0.16062056812851241, 'lag_13': 0.16373493646446485, 'lag_14': 0.8875796756174583, 'lag_15': 0.48116842304545115, 'lag_16': 0.19310420111473306, 'lag_17': 0.27286202272751126, 'lag_18': 0.351819045576745, 'lag_19': 0.5839356590743945, 'lag_20': 0.9668760133554878, 'lag_21': 0.2795601141316594, 'lag_22': 0.29638568453548286, 'lag_23': 0.1495770051652964, 'lag_24': 0.9708076399979596, 'lag_25': 0.2103794827790098, 'lag_26': 0.5985708559310862, 'lag_27': 0.07405117698728156, 'lag_28': 0.43481449873153166}. Best is trial 1 with value: 0.012254496892715723.
[I 2025-09-29 11:52:15,452] Trial 7 finished with value: 0.012759453597476909 and parameters: {'lag_0': 0.10406454565794782, 'lag_1': 0.8924412694390926, 'lag_2': 0.7728944924064122, 'lag_3': 0.2356484178393012, 'lag_4': 0.6395191484753284, 'lag_5': 0.17908927961506937, 'lag_6': 0.6292962289686691, 'lag_7': 0.4584275916200582, 'lag_8': 0.3953873586718918, 'lag_9': 0.0020786842927526653, 'lag_10': 0.6520277967537457, 'lag_11': 0.8744156375926393, 'lag_12': 0.18138798424492036, 'lag_13': 0.9736170920916611, 'lag_14': 0.9340463108954471, 'lag_15': 0.3454783325157706, 'lag_16': 0.028068676231480294, 'lag_17': 0.2908413905190239, 'lag_18': 0.918396321516295, 'lag_19': 0.15897677690680306, 'lag_20': 0.5703888427178124, 'lag_21': 0.45371831266767304, 'lag_22': 0.7786353917734169, 'lag_23': 0.524743728367905, 'lag_24': 0.5221822258837248, 'lag_25': 0.09122786867089433, 'lag_26': 0.989342764399541, 'lag_27': 0.2283956146886126, 'lag_28': 0.5913809538860155}. Best is trial 1 with value: 0.012254496892715723.
[I 2025-09-29 11:52:17,914] Trial 8 finished with value: 0.012602034173335361 and parameters: {'lag_0': 0.9529688363204274, 'lag_1': 0.3273154641903115, 'lag_2': 0.633217299720564, 'lag_3': 0.8672971631899211, 'lag_4': 0.5306107850993126, 'lag_5': 0.9114791435196898, 'lag_6': 0.16691911038711346, 'lag_7': 0.39725667296165645, 'lag_8': 0.17257060849537223, 'lag_9': 0.40520482889788567, 'lag_10': 0.5717959309199507, 'lag_11': 0.10726398964327535, 'lag_12': 0.6117297960987722, 'lag_13': 0.3184419649738969, 'lag_14': 0.294837918056543, 'lag_15': 0.5110809526211851, 'lag_16': 0.4243843146918349, 'lag_17': 0.5127730605866544, 'lag_18': 0.2090383567136699, 'lag_19': 0.7918924903382298, 'lag_20': 0.2674981951621279, 'lag_21': 0.4605792063032191, 'lag_22': 0.4012172264945341, 'lag_23': 0.532254597240916, 'lag_24': 0.8425147233260142, 'lag_25': 0.8987676478371643, 'lag_26': 0.03714041380168641, 'lag_27': 0.01880161974698871, 'lag_28': 0.719696600608104}. Best is trial 1 with value: 0.012254496892715723.
[I 2025-09-29 11:52:20,383] Trial 9 finished with value: 0.012299287320586966 and parameters: {'lag_0': 0.31027738988386044, 'lag_1': 0.7811687729672935, 'lag_2': 0.7170559275344282, 'lag_3': 0.9283557279782931, 'lag_4': 0.06214009988379597, 'lag_5': 0.5462270624007949, 'lag_6': 0.10846779942054795, 'lag_7': 0.5560551895367294, 'lag_8': 0.498026699814713, 'lag_9': 0.7062975083494077, 'lag_10': 0.4040341811557958, 'lag_11': 0.9162696498373072, 'lag_12': 0.29799316284092375, 'lag_13': 0.5634474012123092, 'lag_14': 0.22411376298440414, 'lag_15': 0.7584686377952177, 'lag_16': 0.2264191535416042, 'lag_17': 0.80855623917777, 'lag_18': 0.7496582977437454, 'lag_19': 0.8443421180459014, 'lag_20': 0.04972966887167081, 'lag_21': 0.5917605014968038, 'lag_22': 0.2622185388885134, 'lag_23': 0.9964407016481293, 'lag_24': 0.6106279064131507, 'lag_25': 0.7285107400251891, 'lag_26': 0.12373583090521195, 'lag_27': 0.4195507006748592, 'lag_28': 0.7054710479959974}. Best is trial 1 with value: 0.012254496892715723.
[I 2025-09-29 11:52:22,919] Trial 10 finished with value: 0.012556363860089955 and parameters: {'lag_0': 0.5962660808887927, 'lag_1': 0.045122128973562936, 'lag_2': 0.10006289765115539, 'lag_3': 0.6162793209742252, 'lag_4': 0.0757506638655233, 'lag_5': 0.600160811644159, 'lag_6': 0.36225740090838543, 'lag_7': 0.9359980166958637, 'lag_8': 0.7181479555618171, 'lag_9': 0.9277351968221852, 'lag_10': 0.990666831769494, 'lag_11': 0.74721712913724, 'lag_12': 0.9912397957864827, 'lag_13': 0.8462800275935006, 'lag_14': 0.6288968817441929, 'lag_15': 0.07807737272750426, 'lag_16': 0.9877320513051634, 'lag_17': 0.9767471761294575, 'lag_18': 0.46737507550693996, 'lag_19': 0.43348116529506076, 'lag_20': 0.3920886238696436, 'lag_21': 0.9842004904430033, 'lag_22': 0.011316820105821523, 'lag_23': 0.026387753932170743, 'lag_24': 0.21172524338054788, 'lag_25': 0.9818913579352765, 'lag_26': 0.4238909936903414, 'lag_27': 0.9749813831308011, 'lag_28': 0.999902848579235}. Best is trial 1 with value: 0.012254496892715723.
[I 2025-09-29 11:52:25,440] Trial 11 finished with value: 0.0125199115970917 and parameters: {'lag_0': 0.47396960367291574, 'lag_1': 0.9758938027722033, 'lag_2': 0.3168920818171649, 'lag_3': 0.9508166678121072, 'lag_4': 0.008516092232866923, 'lag_5': 0.5835378324887981, 'lag_6': 0.3602301508678635, 'lag_7': 0.7451845696365063, 'lag_8': 0.6096753247534874, 'lag_9': 0.22003306198866018, 'lag_10': 0.41193852543181947, 'lag_11': 0.9769933204836179, 'lag_12': 0.32321185764295296, 'lag_13': 0.3675840520126712, 'lag_14': 0.025505291376108685, 'lag_15': 0.9136225607329901, 'lag_16': 0.310929569368781, 'lag_17': 0.9632453934012737, 'lag_18': 0.6916219657133299, 'lag_19': 0.9806514393875172, 'lag_20': 0.014512285449078732, 'lag_21': 0.7337044229686647, 'lag_22': 0.09670231896496978, 'lag_23': 0.9923802107543825, 'lag_24': 0.7317246751763462, 'lag_25': 0.7845328768722301, 'lag_26': 0.018827226879674294, 'lag_27': 0.5279944577197782, 'lag_28': 0.8620326950589194}. Best is trial 1 with value: 0.012254496892715723.
[I 2025-09-29 11:52:28,045] Trial 12 finished with value: 0.012588075198179538 and parameters: {'lag_0': 0.47158904416034486, 'lag_1': 0.16440894160949365, 'lag_2': 0.04360615223224823, 'lag_3': 0.7297148558262005, 'lag_4': 0.1456716072646101, 'lag_5': 0.4059128318492058, 'lag_6': 0.8179243942959883, 'lag_7': 0.2734153296284709, 'lag_8': 0.5599747127869503, 'lag_9': 0.9388500547363532, 'lag_10': 0.8163391548352097, 'lag_11': 0.772045146155097, 'lag_12': 0.06512425257959087, 'lag_13': 0.40055235100707426, 'lag_14': 0.6168062839900963, 'lag_15': 0.7767981304504059, 'lag_16': 0.5039387806043476, 'lag_17': 0.7627238880123501, 'lag_18': 0.745515447731924, 'lag_19': 0.9772930810788636, 'lag_20': 0.41703908051128885, 'lag_21': 0.720303787715155, 'lag_22': 0.15966580405225128, 'lag_23': 0.680878948331687, 'lag_24': 0.9640966768657347, 'lag_25': 0.7118235379654976, 'lag_26': 0.5511242538831785, 'lag_27': 0.5374171521226679, 'lag_28': 0.33259429654186745}. Best is trial 1 with value: 0.012254496892715723.
[I 2025-09-29 11:52:30,560] Trial 13 finished with value: 0.012497895571241344 and parameters: {'lag_0': 0.6644572134024195, 'lag_1': 0.6874832807346394, 'lag_2': 0.2842137315952594, 'lag_3': 0.9756132329930268, 'lag_4': 0.2658586298749494, 'lag_5': 0.7180601596842254, 'lag_6': 0.35967681165780874, 'lag_7': 0.718790131701516, 'lag_8': 0.759257564031017, 'lag_9': 0.5333541973316813, 'lag_10': 0.34414640042317407, 'lag_11': 0.9713115640824799, 'lag_12': 0.7433839829717025, 'lag_13': 0.693935970456852, 'lag_14': 0.23900930030909256, 'lag_15': 0.6052708365938578, 'lag_16': 0.24807100294472617, 'lag_17': 0.7623847283635254, 'lag_18': 0.7758984828637425, 'lag_19': 0.3394775048727569, 'lag_20': 0.18534458149715327, 'lag_21': 0.8707354187610095, 'lag_22': 0.4310054231005948, 'lag_23': 0.3064882033258596, 'lag_24': 0.3126384475348855, 'lag_25': 0.8504387243176494, 'lag_26': 0.844983101851011, 'lag_27': 0.7105885224664709, 'lag_28': 0.8683723503466007}. Best is trial 1 with value: 0.012254496892715723.
[I 2025-09-29 11:52:33,081] Trial 14 finished with value: 0.01264114418704777 and parameters: {'lag_0': 0.3320039066173365, 'lag_1': 0.19639645074991513, 'lag_2': 0.2453695727841359, 'lag_3': 0.4463567087705398, 'lag_4': 0.19403921682754793, 'lag_5': 0.014305411189651507, 'lag_6': 0.7422210599620785, 'lag_7': 0.6782737464918076, 'lag_8': 0.5108461326525315, 'lag_9': 0.16469434520581283, 'lag_10': 0.7295933438997846, 'lag_11': 0.7261934730164243, 'lag_12': 0.3939204948209567, 'lag_13': 0.48649573745425045, 'lag_14': 0.14068724427064505, 'lag_15': 0.7959419281654763, 'lag_16': 0.40294679203962663, 'lag_17': 0.6529159642711644, 'lag_18': 0.3227440242087094, 'lag_19': 0.010466195690971014, 'lag_20': 0.4114287189526963, 'lag_21': 0.6475475096818886, 'lag_22': 0.29928564293992516, 'lag_23': 0.004631799447496088, 'lag_24': 0.6756810801239537, 'lag_25': 0.6228960996495687, 'lag_26': 0.20494069264368914, 'lag_27': 0.4078823616159181, 'lag_28': 0.005363159943534035}. Best is trial 1 with value: 0.012254496892715723.
[I 2025-09-29 11:52:35,616] Trial 15 finished with value: 0.012717352636791001 and parameters: {'lag_0': 0.35116864362689615, 'lag_1': 0.8153401394155104, 'lag_2': 0.428094813035987, 'lag_3': 0.7482177576211893, 'lag_4': 0.0033368014774917687, 'lag_5': 0.4345452017673229, 'lag_6': 0.27338291738766035, 'lag_7': 0.9989672714975932, 'lag_8': 0.9457976265666079, 'lag_9': 0.8225579480190719, 'lag_10': 0.9437855940904502, 'lag_11': 0.35688078890181996, 'lag_12': 0.2903053971076851, 'lag_13': 0.6998606623061319, 'lag_14': 0.5679766822720159, 'lag_15': 0.8610014044077147, 'lag_16': 0.6318137036512643, 'lag_17': 0.8432751852130423, 'lag_18': 0.5864451841212135, 'lag_19': 0.8224887729780854, 'lag_20': 0.7020005974191332, 'lag_21': 0.6370770171088401, 'lag_22': 0.6645629659396255, 'lag_23': 0.6490077412130685, 'lag_24': 0.3705363832721037, 'lag_25': 0.9987210507117895, 'lag_26': 0.6628480313749621, 'lag_27': 0.8298899940210283, 'lag_28': 0.31843321493650023}. Best is trial 1 with value: 0.012254496892715723.
[I 2025-09-29 11:52:38,143] Trial 16 finished with value: 0.012310386482521987 and parameters: {'lag_0': 0.7140958155756072, 'lag_1': 0.5875056821980711, 'lag_2': 0.635882662141365, 'lag_3': 0.010724084622825147, 'lag_4': 0.24270739177784856, 'lag_5': 0.712400948735382, 'lag_6': 0.999093100730529, 'lag_7': 0.24876782667432878, 'lag_8': 0.8216346115154989, 'lag_9': 0.46628601008172327, 'lag_10': 0.47941215597917153, 'lag_11': 0.8239652090627144, 'lag_12': 0.5198301521093093, 'lag_13': 0.27013097431552374, 'lag_14': 0.7221124008746109, 'lag_15': 0.4931057102972005, 'lag_16': 0.1527144054033421, 'lag_17': 0.8738441121416489, 'lag_18': 0.8302967395440156, 'lag_19': 0.8344515225425149, 'lag_20': 0.14907967362381058, 'lag_21': 0.5912589196756024, 'lag_22': 0.978211107762131, 'lag_23': 0.333098852165867, 'lag_24': 0.6492355592771073, 'lag_25': 0.8656327552804925, 'lag_26': 0.20411548309181188, 'lag_27': 0.5903240569105714, 'lag_28': 0.7281938144096871}. Best is trial 1 with value: 0.012254496892715723.
[I 2025-09-29 11:52:40,670] Trial 17 finished with value: 0.012345507752346694 and parameters: {'lag_0': 0.5156617797453835, 'lag_1': 0.3010861463013238, 'lag_2': 0.16959384536061295, 'lag_3': 0.7886386487951704, 'lag_4': 0.11814900200129896, 'lag_5': 0.3163363313780957, 'lag_6': 0.5060503987316751, 'lag_7': 0.8508474122426092, 'lag_8': 0.24005894299881875, 'lag_9': 0.7866181842619876, 'lag_10': 0.25322159202044814, 'lag_11': 0.6959963899138675, 'lag_12': 0.019637534800491907, 'lag_13': 0.44942058014759434, 'lag_14': 0.21334338543554823, 'lag_15': 0.3459858763681233, 'lag_16': 0.36846651642796435, 'lag_17': 0.6094807858065137, 'lag_18': 0.4403086859201141, 'lag_19': 0.3748247060198328, 'lag_20': 0.299746133133568, 'lag_21': 0.8975715488463606, 'lag_22': 0.422405707548277, 'lag_23': 0.9553319122130997, 'lag_24': 0.8495889898982808, 'lag_25': 0.3610623356357992, 'lag_26': 0.4884183743391829, 'lag_27': 0.3462646559952805, 'lag_28': 0.9972023670967259}. Best is trial 1 with value: 0.012254496892715723.
[I 2025-09-29 11:52:43,195] Trial 18 finished with value: 0.012472069256804141 and parameters: {'lag_0': 0.22910517578696543, 'lag_1': 0.47110462289146665, 'lag_2': 0.5410266379718836, 'lag_3': 0.5795591536633571, 'lag_4': 0.6567473703816923, 'lag_5': 0.5239187127025482, 'lag_6': 0.01970304488255073, 'lag_7': 0.6509169214967485, 'lag_8': 0.6278590726066818, 'lag_9': 0.5336179240669404, 'lag_10': 0.5918804480224281, 'lag_11': 0.4413939455227442, 'lag_12': 0.8667280336179777, 'lag_13': 0.6029198486378478, 'lag_14': 0.030679685939228762, 'lag_15': 0.6733598156292409, 'lag_16': 0.6241628775032423, 'lag_17': 0.8775686659182436, 'lag_18': 0.6428208153238495, 'lag_19': 0.605007198034716, 'lag_20': 0.5065625704597676, 'lag_21': 0.31389895873119034, 'lag_22': 0.026768754538257833, 'lag_23': 0.6759709850177857, 'lag_24': 0.9015313919137851, 'lag_25': 0.5716355561739105, 'lag_26': 0.9194607034859917, 'lag_27': 0.4376165070476159, 'lag_28': 0.8283341057179866}. Best is trial 1 with value: 0.012254496892715723.
[I 2025-09-29 11:52:45,724] Trial 19 finished with value: 0.012336430511785179 and parameters: {'lag_0': 0.41131425169954916, 'lag_1': 0.6219256579189242, 'lag_2': 0.39104760651752346, 'lag_3': 0.8632102651106964, 'lag_4': 0.31339158584743476, 'lag_5': 0.0008642994083278288, 'lag_6': 0.21320822484613094, 'lag_7': 0.35292609398882113, 'lag_8': 0.025552784054255706, 'lag_9': 0.8627072146518235, 'lag_10': 0.8700358394419048, 'lag_11': 0.8907943879003868, 'lag_12': 0.2298203311900321, 'lag_13': 0.8164418276641705, 'lag_14': 0.48207343405678127, 'lag_15': 0.5683219223474011, 'lag_16': 0.10621858107278387, 'lag_17': 0.6464545722000905, 'lag_18': 0.8785607560571549, 'lag_19': 0.7661705639741251, 'lag_20': 0.11341264313535661, 'lag_21': 0.5786449170129888, 'lag_22': 0.22754975737538313, 'lag_23': 0.14192930247831212, 'lag_24': 0.6579276174140715, 'lag_25': 0.6947694298451257, 'lag_26': 0.28910526746078397, 'lag_27': 0.16895404618068194, 'lag_28': 0.5071489934797104}. Best is trial 1 with value: 0.012254496892715723.
