[I 2025-09-29 11:58:25,391] Trial 46 finished with value: 0.005578125331141351 and parameters: {'lag_0': 0.5792438841139634, 'lag_1': 0.5604326504538172, 'lag_2': 0.616642767274677, 'lag_3': 0.8198605483116347, 'lag_4': 0.461869941482822, 'lag_5': 0.997728464228511, 'lag_6': 0.8543069437735468, 'lag_7': 0.24544782975461343, 'lag_8': 0.6568067043480073, 'lag_9': 0.9724120737343196, 'lag_10': 0.634315702094393, 'lag_11': 0.4416266189833875, 'lag_12': 0.12071773703061861, 'lag_13': 0.3652181546648134, 'lag_14': 0.7038484773419071, 'lag_15': 0.37868403644857285, 'lag_16': 0.2363691202760692, 'lag_17': 0.5468934622174473, 'lag_18': 0.6495899873528317, 'lag_19': 0.15167262655376607, 'lag_20': 0.2159355410826453, 'lag_21': 0.5756587448034984, 'lag_22': 0.4351223798766181, 'lag_23': 0.08248747022857059, 'lag_24': 0.8036985291638272, 'lag_25': 0.7063313846072554, 'lag_26': 0.097869590538151, 'lag_27': 0.520119586659932, 'lag_28': 0.7915684689028049}. Best is trial 36 with value: 0.005298312627960716.
[I 2025-09-29 11:58:28,019] Trial 47 finished with value: 0.005433447048212729 and parameters: {'lag_0': 0.9362700529108755, 'lag_1': 0.7374836786835036, 'lag_2': 0.19632930416799957, 'lag_3': 0.8547362622217762, 'lag_4': 0.7873220030206989, 'lag_5': 0.06599590164005154, 'lag_6': 0.7327354614123109, 'lag_7': 0.7960584018953444, 'lag_8': 0.2500109641668327, 'lag_9': 0.8289102069091359, 'lag_10': 0.3532140304387128, 'lag_11': 0.335426342878639, 'lag_12': 0.05604428707164759, 'lag_13': 0.06371712793602159, 'lag_14': 0.8492617300842196, 'lag_15': 0.3031034471305645, 'lag_16': 0.5620703486610269, 'lag_17': 0.8238010716030324, 'lag_18': 0.8236261572809217, 'lag_19': 0.9346434181031023, 'lag_20': 0.4489376538867394, 'lag_21': 0.6595265421580274, 'lag_22': 0.38533962525244725, 'lag_23': 0.4819899650415159, 'lag_24': 0.6747526764467676, 'lag_25': 0.5805847322642869, 'lag_26': 0.857058557735725, 'lag_27': 0.32884002682506186, 'lag_28': 0.6367872033747759}. Best is trial 36 with value: 0.005298312627960716.
[I 2025-09-29 11:58:30,653] Trial 48 finished with value: 0.005503079434842788 and parameters: {'lag_0': 0.8717070744327202, 'lag_1': 0.43905177264524897, 'lag_2': 0.13210794771803236, 'lag_3': 0.2777182517981298, 'lag_4': 0.06667571268931066, 'lag_5': 0.7673598701105232, 'lag_6': 0.8206512519017191, 'lag_7': 0.36906051931334527, 'lag_8': 0.5172008799398482, 'lag_9': 0.7367747121132407, 'lag_10': 0.9943908261892275, 'lag_11': 0.22207879092711688, 'lag_12': 0.31459339342265075, 'lag_13': 0.2374941474361284, 'lag_14': 0.986261072177014, 'lag_15': 0.7107944362301911, 'lag_16': 0.6670621640623007, 'lag_17': 0.6253070700466344, 'lag_18': 0.5520369545985777, 'lag_19': 0.4999405211052381, 'lag_20': 0.014038787432966037, 'lag_21': 0.16082630023254083, 'lag_22': 0.2375504048310557, 'lag_23': 0.31678313547433734, 'lag_24': 0.7020205495368047, 'lag_25': 0.37638296218205924, 'lag_26': 0.0009925609745606856, 'lag_27': 0.18438906064709215, 'lag_28': 0.7268704634892114}. Best is trial 36 with value: 0.005298312627960716.
[I 2025-09-29 11:58:33,285] Trial 49 finished with value: 0.005381171209188492 and parameters: {'lag_0': 0.7117144702121818, 'lag_1': 0.9534887142281695, 'lag_2': 0.37833327513793213, 'lag_3': 0.9696255096708812, 'lag_4': 0.29703528914066785, 'lag_5': 0.8758114556566482, 'lag_6': 0.519720926815282, 'lag_7': 0.8686645269502292, 'lag_8': 0.16828649256141262, 'lag_9': 0.5691404500780717, 'lag_10': 0.7000648846820319, 'lag_11': 0.4056165077814484, 'lag_12': 0.5266633831743962, 'lag_13': 0.1565414024358053, 'lag_14': 0.09295749652872065, 'lag_15': 0.10785978230086163, 'lag_16': 0.3153958373155526, 'lag_17': 0.4402030849036635, 'lag_18': 0.5772632977495364, 'lag_19': 0.8564842463065702, 'lag_20': 0.1503753325913627, 'lag_21': 0.03926144286814376, 'lag_22': 0.3563213465090139, 'lag_23': 0.5390188867401446, 'lag_24': 0.5038540381688309, 'lag_25': 0.3060071407937215, 'lag_26': 0.503801435238735, 'lag_27': 0.7230349503776907, 'lag_28': 0.9073798602574983}. Best is trial 36 with value: 0.005298312627960716.
[I 2025-09-29 11:58:35,911] Trial 50 finished with value: 0.0055436890203914195 and parameters: {'lag_0': 0.17565814614097308, 'lag_1': 0.6710293973430111, 'lag_2': 0.917615166836111, 'lag_3': 0.6014758088571126, 'lag_4': 0.382089857297805, 'lag_5': 0.9450845742312772, 'lag_6': 0.3191713132589877, 'lag_7': 0.2977389794052169, 'lag_8': 0.6098932871206932, 'lag_9': 0.6404554034053469, 'lag_10': 0.7567777173659976, 'lag_11': 0.28001201344546284, 'lag_12': 0.4456205035682874, 'lag_13': 0.004432362408113344, 'lag_14': 0.45473443894533067, 'lag_15': 0.2219606027467095, 'lag_16': 0.11974000472904556, 'lag_17': 0.6499088557383211, 'lag_18': 0.7458274509758919, 'lag_19': 0.25698262606296723, 'lag_20': 0.7043070443556458, 'lag_21': 0.34299661690510364, 'lag_22': 0.6728852958547042, 'lag_23': 0.6086750290955693, 'lag_24': 0.33551230776261154, 'lag_25': 0.4473841253551175, 'lag_26': 0.623034678763519, 'lag_27': 0.4743156156752757, 'lag_28': 0.5381000226184692}. Best is trial 36 with value: 0.005298312627960716.
[I 2025-09-29 11:58:38,532] Trial 51 finished with value: 0.005565949123662763 and parameters: {'lag_0': 0.022399648297630616, 'lag_1': 0.6304465331698851, 'lag_2': 0.530654037352586, 'lag_3': 0.7646161313690796, 'lag_4': 0.7845555419910102, 'lag_5': 0.5834243847235819, 'lag_6': 0.2853264335996275, 'lag_7': 0.15100782570955856, 'lag_8': 0.389418123631633, 'lag_9': 0.3234059987812089, 'lag_10': 0.7974794850591128, 'lag_11': 0.471850009174605, 'lag_12': 0.5856169431609687, 'lag_13': 0.4741365124894747, 'lag_14': 0.14370268038412193, 'lag_15': 0.1595675336027155, 'lag_16': 0.7502898559272597, 'lag_17': 0.5892829453859554, 'lag_18': 0.6831340883390359, 'lag_19': 0.38785633624907373, 'lag_20': 0.546356641720503, 'lag_21': 0.10264945362645647, 'lag_22': 0.2584965788696735, 'lag_23': 0.4011539333507217, 'lag_24': 0.4397325556337483, 'lag_25': 0.6822073425139552, 'lag_26': 0.1681380416150885, 'lag_27': 0.3746718307026094, 'lag_28': 0.254100663496183}. Best is trial 36 with value: 0.005298312627960716.
[I 2025-09-29 11:58:41,162] Trial 52 finished with value: 0.005481247381300393 and parameters: {'lag_0': 0.06145210507315449, 'lag_1': 0.7928213440509129, 'lag_2': 0.3507477404747882, 'lag_3': 0.14690986493915292, 'lag_4': 0.8346130501070902, 'lag_5': 0.8214486760820852, 'lag_6': 0.9144686768698571, 'lag_7': 0.01240825874681925, 'lag_8': 0.4539138941734989, 'lag_9': 0.2577459753815574, 'lag_10': 0.9026388435393339, 'lag_11': 0.5484123657485274, 'lag_12': 0.5120214819022566, 'lag_13': 0.3182585190348167, 'lag_14': 0.7835679709617897, 'lag_15': 0.45963775273171026, 'lag_16': 0.9241903428900486, 'lag_17': 0.0788333897493617, 'lag_18': 0.414571051867927, 'lag_19': 0.207230576957604, 'lag_20': 0.6021515326542503, 'lag_21': 0.2713162821982576, 'lag_22': 0.17046501364733596, 'lag_23': 0.44594150210903594, 'lag_24': 0.5952646033115618, 'lag_25': 0.6139797120437865, 'lag_26': 0.180879279727708, 'lag_27': 0.5841025220969399, 'lag_28': 0.6683056148807329}. Best is trial 36 with value: 0.005298312627960716.
[I 2025-09-29 11:58:43,812] Trial 53 finished with value: 0.005373404163532293 and parameters: {'lag_0': 0.09733011737276856, 'lag_1': 0.5404179461331358, 'lag_2': 0.4392951451025023, 'lag_3': 0.5514977210155256, 'lag_4': 0.125307418113406, 'lag_5': 0.6278167482506516, 'lag_6': 0.42170759759859244, 'lag_7': 0.05373117516748867, 'lag_8': 0.5465846591083892, 'lag_9': 0.8880935137904894, 'lag_10': 0.8525608819652095, 'lag_11': 0.0023101666820765643, 'lag_12': 0.6470281773630872, 'lag_13': 0.6423172391769597, 'lag_14': 0.23473237597196356, 'lag_15': 0.3411097543756765, 'lag_16': 0.8260112574515337, 'lag_17': 0.34433925087798495, 'lag_18': 0.01793635740733021, 'lag_19': 0.7184345435715918, 'lag_20': 0.3856433192579607, 'lag_21': 0.1371600348726429, 'lag_22': 0.8241541179873799, 'lag_23': 0.3533728975597099, 'lag_24': 0.48147774705608026, 'lag_25': 0.8061242353143133, 'lag_26': 0.23847425457629723, 'lag_27': 0.4205164332250224, 'lag_28': 0.4209345336412085}. Best is trial 36 with value: 0.005298312627960716.
[I 2025-09-29 11:58:46,435] Trial 54 finished with value: 0.005274526973429889 and parameters: {'lag_0': 0.13436686457584743, 'lag_1': 0.8385478645291893, 'lag_2': 0.9967457919672704, 'lag_3': 0.19175599187286696, 'lag_4': 0.6029656110877384, 'lag_5': 0.7233346222178929, 'lag_6': 0.957326963828886, 'lag_7': 0.1238926066264699, 'lag_8': 0.9047559900169124, 'lag_9': 0.4778648164428288, 'lag_10': 0.7945932416941692, 'lag_11': 0.3701341587422067, 'lag_12': 0.3879262190668016, 'lag_13': 0.4004967933679652, 'lag_14': 0.18511722192494928, 'lag_15': 0.12652206118700127, 'lag_16': 0.670007245117693, 'lag_17': 0.048892489045011506, 'lag_18': 0.9641673403963618, 'lag_19': 0.024189629021644156, 'lag_20': 0.6500970167161125, 'lag_21': 0.19557354635052587, 'lag_22': 0.527837161287349, 'lag_23': 0.4659391852316424, 'lag_24': 0.43068237255693387, 'lag_25': 0.7403438601688214, 'lag_26': 0.38351312598894993, 'lag_27': 0.29357693772359356, 'lag_28': 0.5013389443037237}. Best is trial 54 with value: 0.005274526973429889.
[I 2025-09-29 11:58:49,050] Trial 55 finished with value: 0.0054535377588181486 and parameters: {'lag_0': 0.13168458062969607, 'lag_1': 0.8438143279299393, 'lag_2': 0.9894120104612327, 'lag_3': 0.20516594414887282, 'lag_4': 0.5834277292591573, 'lag_5': 0.5471578384219, 'lag_6': 0.9679699504608735, 'lag_7': 0.09636719286700042, 'lag_8': 0.7725461128135499, 'lag_9': 0.4680683293460139, 'lag_10': 0.6720447475373023, 'lag_11': 0.3634112328066075, 'lag_12': 0.3962419960835744, 'lag_13': 0.39357928614693544, 'lag_14': 0.1826604329680655, 'lag_15': 0.004267976875126214, 'lag_16': 0.6877602217219079, 'lag_17': 0.7294862187425448, 'lag_18': 0.9519734862203093, 'lag_19': 0.01894616875093219, 'lag_20': 0.7430924569400005, 'lag_21': 0.18136400839541839, 'lag_22': 0.5556145226082789, 'lag_23': 0.46520441569021903, 'lag_24': 0.27035118195221325, 'lag_25': 0.7453230164517144, 'lag_26': 0.40530440490858677, 'lag_27': 0.28126838757038913, 'lag_28': 0.6195034192029035}. Best is trial 54 with value: 0.005274526973429889.
[I 2025-09-29 11:58:51,683] Trial 56 finished with value: 0.00560127637152703 and parameters: {'lag_0': 0.9574896112432325, 'lag_1': 0.9361006865178428, 'lag_2': 0.8725940696087839, 'lag_3': 0.03112915798688022, 'lag_4': 0.6796411536641824, 'lag_5': 0.7177427287475979, 'lag_6': 0.8788077498016074, 'lag_7': 0.18129425249677633, 'lag_8': 0.8504163295439348, 'lag_9': 0.9539840902586948, 'lag_10': 0.9633476256439119, 'lag_11': 0.30614460323445936, 'lag_12': 0.3366284618919828, 'lag_13': 0.5579066639065449, 'lag_14': 0.0903039179403234, 'lag_15': 0.12335068953333256, 'lag_16': 0.390856874000693, 'lag_17': 0.06438915247313036, 'lag_18': 0.8062040320982549, 'lag_19': 0.08694948664204015, 'lag_20': 0.6490294156558647, 'lag_21': 0.25395023159567526, 'lag_22': 0.5056617513023532, 'lag_23': 0.5244681841330827, 'lag_24': 0.35892864568732497, 'lag_25': 0.6629052620722283, 'lag_26': 0.3133509774359013, 'lag_27': 0.18443312704429024, 'lag_28': 0.49850176773709043}. Best is trial 54 with value: 0.005274526973429889.
[I 2025-09-29 11:58:54,317] Trial 57 finished with value: 0.0054185377962380895 and parameters: {'lag_0': 0.1937944393518025, 'lag_1': 0.8870589780367127, 'lag_2': 0.9522851503172612, 'lag_3': 0.0760227140340063, 'lag_4': 0.5150470102014271, 'lag_5': 0.009706463812338584, 'lag_6': 0.9965604315069538, 'lag_7': 0.036455390339117204, 'lag_8': 0.6495592700874836, 'lag_9': 0.5312663634958231, 'lag_10': 0.8944095751304366, 'lag_11': 0.25367490031731754, 'lag_12': 0.3965708206675479, 'lag_13': 0.20717347142712728, 'lag_14': 0.5575638730392123, 'lag_15': 0.05691719317682238, 'lag_16': 0.8024360277351352, 'lag_17': 0.5014042323313859, 'lag_18': 0.9898696372432951, 'lag_19': 0.12810035907495376, 'lag_20': 0.8217757015744828, 'lag_21': 0.05452322505299049, 'lag_22': 0.8940027782444473, 'lag_23': 0.3908634008207988, 'lag_24': 0.42115077583064103, 'lag_25': 0.9165250904456416, 'lag_26': 0.4575413471206938, 'lag_27': 0.5349445426298272, 'lag_28': 0.5790585189285669}. Best is trial 54 with value: 0.005274526973429889.
[I 2025-09-29 11:58:56,947] Trial 58 finished with value: 0.005375025803252364 and parameters: {'lag_0': 0.8071621749924976, 'lag_1': 0.7618694459840267, 'lag_2': 0.6672376926835037, 'lag_3': 0.8965559223427846, 'lag_4': 0.5359145879557854, 'lag_5': 0.8872709082467852, 'lag_6': 0.36434698178951697, 'lag_7': 0.11416568684540951, 'lag_8': 0.24198890549162727, 'lag_9': 0.8003545538602976, 'lag_10': 0.585635761521351, 'lag_11': 0.41344494433391643, 'lag_12': 0.30381928089089905, 'lag_13': 0.7140123313751379, 'lag_14': 0.6714885578413619, 'lag_15': 0.29930533012649607, 'lag_16': 0.49195474689379, 'lag_17': 0.5821106667170143, 'lag_18': 0.8651883147228646, 'lag_19': 0.17636012420473487, 'lag_20': 0.08742004981669982, 'lag_21': 0.21237978156460952, 'lag_22': 0.7342504076076714, 'lag_23': 0.2920399714452723, 'lag_24': 0.5378776211183091, 'lag_25': 0.11112769070502088, 'lag_26': 0.5527618954232852, 'lag_27': 0.19892358021785667, 'lag_28': 0.72697376153509}. Best is trial 54 with value: 0.005274526973429889.
[I 2025-09-29 11:58:59,575] Trial 59 finished with value: 0.005395613921270486 and parameters: {'lag_0': 0.5815593300887556, 'lag_1': 0.8075575843186655, 'lag_2': 0.5721712113808715, 'lag_3': 0.24359127882285425, 'lag_4': 0.6111123519386802, 'lag_5': 0.4115694838656369, 'lag_6': 0.952240190652219, 'lag_7': 0.6486886656032887, 'lag_8': 0.33467740746489844, 'lag_9': 0.4106024710724224, 'lag_10': 0.7250200955148338, 'lag_11': 0.0843018006014239, 'lag_12': 0.44283974581909646, 'lag_13': 0.46073810260377485, 'lag_14': 0.32465600938559425, 'lag_15': 0.2540247556522757, 'lag_16': 0.9453779391500169, 'lag_17': 0.9758271767358817, 'lag_18': 0.917380565806434, 'lag_19': 0.9139403143311196, 'lag_20': 0.4721187518169392, 'lag_21': 0.48765734177714504, 'lag_22': 0.45144949514815114, 'lag_23': 0.20981378156583563, 'lag_24': 0.18536725074522503, 'lag_25': 0.5315718127113765, 'lag_26': 0.3896957183525365, 'lag_27': 0.08789925685506877, 'lag_28': 0.8362638755634675}. Best is trial 54 with value: 0.005274526973429889.
[I 2025-09-29 11:59:02,213] Trial 60 finished with value: 0.0053912582625620644 and parameters: {'lag_0': 0.3907026307848046, 'lag_1': 0.9786942969695274, 'lag_2': 0.7891712224027557, 'lag_3': 0.645962485916596, 'lag_4': 0.399368025619116, 'lag_5': 0.6858753849210426, 'lag_6': 0.8907470034258396, 'lag_7': 0.6881436530864528, 'lag_8': 0.12249858761906807, 'lag_9': 0.648774619883532, 'lag_10': 0.8126340116265512, 'lag_11': 0.15180801880053854, 'lag_12': 0.49537640867211263, 'lag_13': 0.12350199715362525, 'lag_14': 0.9455808606786227, 'lag_15': 0.19361626976865423, 'lag_16': 0.33274108027023575, 'lag_17': 0.7789942584159726, 'lag_18': 0.9625161484221871, 'lag_19': 0.03577583981786629, 'lag_20': 0.11382337230132986, 'lag_21': 0.7363382237966997, 'lag_22': 0.5093008523571546, 'lag_23': 0.9512930877167856, 'lag_24': 0.6304773269174688, 'lag_25': 0.6019007127106243, 'lag_26': 0.7065467544527475, 'lag_27': 0.6470834291443968, 'lag_28': 0.799064941297764}. Best is trial 54 with value: 0.005274526973429889.
[I 2025-09-29 11:59:04,845] Trial 61 finished with value: 0.005456365406563735 and parameters: {'lag_0': 0.0044616965819985754, 'lag_1': 0.6975200336977733, 'lag_2': 0.24075539846758545, 'lag_3': 0.39823899873446367, 'lag_4': 0.4533013365788692, 'lag_5': 0.5455361142538419, 'lag_6': 0.8419549136506588, 'lag_7': 0.16947421990333822, 'lag_8': 0.9283076796533021, 'lag_9': 0.07923088154767904, 'lag_10': 0.7710829776057773, 'lag_11': 0.593272581787265, 'lag_12': 0.219857536347339, 'lag_13': 0.4909456261538275, 'lag_14': 0.21699247587626394, 'lag_15': 0.15401665339330622, 'lag_16': 0.5937622425590274, 'lag_17': 0.17180331919244418, 'lag_18': 0.4998477861065497, 'lag_19': 0.30684657985202524, 'lag_20': 0.6673863557418461, 'lag_21': 0.11944600732018135, 'lag_22': 0.2752814147622499, 'lag_23': 0.47562865824022277, 'lag_24': 0.5679791015980042, 'lag_25': 0.7066744511690101, 'lag_26': 0.3484398404605762, 'lag_27': 0.3065163826169236, 'lag_28': 0.39513203609555525}. Best is trial 54 with value: 0.005274526973429889.
[I 2025-09-29 11:59:07,475] Trial 62 finished with value: 0.005377588776608913 and parameters: {'lag_0': 0.13344145581808387, 'lag_1': 0.8671763099702684, 'lag_2': 0.27951761698788746, 'lag_3': 0.11413573026532502, 'lag_4': 0.7616636037796549, 'lag_5': 0.6265868870498622, 'lag_6': 0.06977924452547823, 'lag_7': 0.22989205913319855, 'lag_8': 0.9168957358174364, 'lag_9': 0.1421887118166701, 'lag_10': 0.8763307971958616, 'lag_11': 0.4893103841694518, 'lag_12': 0.16640558510544323, 'lag_13': 0.3584983258430849, 'lag_14': 0.27937523968119277, 'lag_15': 0.08534709706035996, 'lag_16': 0.6307706669562985, 'lag_17': 0.05640843370138875, 'lag_18': 0.35340936756895824, 'lag_19': 0.5622694374567385, 'lag_20': 0.5911174187459085, 'lag_21': 0.029134426388894727, 'lag_22': 0.11106836653834837, 'lag_23': 0.6235577156366119, 'lag_24': 0.8824987627401902, 'lag_25': 0.7642708996072198, 'lag_26': 0.12556391925517407, 'lag_27': 0.3488694752470426, 'lag_28': 0.478015580159126}. Best is trial 54 with value: 0.005274526973429889.
[I 2025-09-29 11:59:10,109] Trial 63 finished with value: 0.0055144975993323695 and parameters: {'lag_0': 0.06878410540605537, 'lag_1': 0.7301351429061955, 'lag_2': 0.9477160118525021, 'lag_3': 0.8385128471056982, 'lag_4': 0.48749572151306214, 'lag_5': 0.48335530926319514, 'lag_6': 0.5642199456973062, 'lag_7': 0.10034033606025511, 'lag_8': 0.8460898661440469, 'lag_9': 0.39849018590007146, 'lag_10': 0.4625657541470877, 'lag_11': 0.38055937479221186, 'lag_12': 0.41074042306593006, 'lag_13': 0.6207688313599116, 'lag_14': 0.16628483859708307, 'lag_15': 0.22358785417460952, 'lag_16': 0.7660645738679114, 'lag_17': 0.13070413682526522, 'lag_18': 0.24921612224499745, 'lag_19': 0.19363474688043986, 'lag_20': 0.5662813957154993, 'lag_21': 0.20742507767765606, 'lag_22': 0.9571684736967655, 'lag_23': 0.7071338853081122, 'lag_24': 0.469090689681282, 'lag_25': 0.8349838719281185, 'lag_26': 0.04014832797393461, 'lag_27': 0.5100531222945943, 'lag_28': 0.5402636706934989}. Best is trial 54 with value: 0.005274526973429889.
[I 2025-09-29 11:59:12,751] Trial 64 finished with value: 0.005445310398187646 and parameters: {'lag_0': 0.9948407570333831, 'lag_1': 0.9289485031503789, 'lag_2': 0.3346728445325042, 'lag_3': 0.7854268547872485, 'lag_4': 0.1522041911197764, 'lag_5': 0.773121384216736, 'lag_6': 0.4506641507475543, 'lag_7': 0.7338814313965074, 'lag_8': 0.8973675716282528, 'lag_9': 0.3396949482933096, 'lag_10': 0.831903782216033, 'lag_11': 0.4275066014951777, 'lag_12': 0.28562907103412527, 'lag_13': 0.39555827831895607, 'lag_14': 0.102386206877708, 'lag_15': 0.14041737401983906, 'lag_16': 0.7127803764590208, 'lag_17': 0.00887511331137443, 'lag_18': 0.1713900969395391, 'lag_19': 0.10329098484277346, 'lag_20': 0.5152687076229523, 'lag_21': 0.30485212963346475, 'lag_22': 0.5966155896838112, 'lag_23': 0.5757401063631975, 'lag_24': 0.7849716361213722, 'lag_25': 0.6525648219324022, 'lag_26': 0.3025877286123102, 'lag_27': 0.45072774163526647, 'lag_28': 0.1701260293798057}. Best is trial 54 with value: 0.005274526973429889.
[I 2025-09-29 11:59:15,368] Trial 65 finished with value: 0.005507286456878657 and parameters: {'lag_0': 0.22393487252034308, 'lag_1': 0.8285985626854253, 'lag_2': 0.4576718333217904, 'lag_3': 0.1983969218143014, 'lag_4': 0.8346429422530529, 'lag_5': 0.9678527860548545, 'lag_6': 0.2775495271659428, 'lag_7': 0.501779517960028, 'lag_8': 0.7097566714267263, 'lag_9': 0.9002618732852854, 'lag_10': 0.9196302762902763, 'lag_11': 0.32144401965768354, 'lag_12': 0.5894280751955974, 'lag_13': 0.7753957498470618, 'lag_14': 0.3933662945980517, 'lag_15': 0.276604879995738, 'lag_16': 0.4301434863760185, 'lag_17': 0.10118340549943118, 'lag_18': 0.0696653731249259, 'lag_19': 0.06192701408281043, 'lag_20': 0.6938218036204731, 'lag_21': 0.0804334506704616, 'lag_22': 0.7114488790278299, 'lag_23': 0.40802430189799066, 'lag_24': 0.7284765636655784, 'lag_25': 0.7252188759831812, 'lag_26': 0.08261380045767275, 'lag_27': 0.3676121574134171, 'lag_28': 0.05659421755282143}. Best is trial 54 with value: 0.005274526973429889.
[I 2025-09-29 11:59:17,992] Trial 66 finished with value: 0.00542835753466654 and parameters: {'lag_0': 0.7481939128872928, 'lag_1': 0.6717324406979825, 'lag_2': 0.4984895833741526, 'lag_3': 0.3271416666189467, 'lag_4': 0.5536755327690072, 'lag_5': 0.3023086194136041, 'lag_6': 0.769253524898742, 'lag_7': 0.20958351188751545, 'lag_8': 0.9973137980105817, 'lag_9': 0.247942246791074, 'lag_10': 0.7854394151526856, 'lag_11': 0.18940442315584285, 'lag_12': 0.46317577150887396, 'lag_13': 0.5437305077222967, 'lag_14': 0.8813561605774104, 'lag_15': 0.1835609735012865, 'lag_16': 0.36787160715487294, 'lag_17': 0.18253422490900673, 'lag_18': 0.5978973384207977, 'lag_19': 0.13525720577382372, 'lag_20': 0.025383369450282828, 'lag_21': 0.4177757245533661, 'lag_22': 0.31340053805961265, 'lag_23': 0.2515431895356781, 'lag_24': 0.5089314558226592, 'lag_25': 0.5645247049320464, 'lag_26': 0.19060537535483, 'lag_27': 0.6110724029590456, 'lag_28': 0.6020254140014748}. Best is trial 54 with value: 0.005274526973429889.
