[I 2025-09-29 12:51:53,163] Trial 40 finished with value: 0.012061313582553449 and parameters: {'lag_0': 0.09002720361048513, 'lag_1': 0.8145719751511155, 'lag_2': 0.6099924325975952, 'lag_3': 0.7088234962228243, 'lag_4': 0.5744356044247497, 'lag_5': 0.002466160617408175, 'lag_6': 0.14492415342493647, 'lag_7': 0.10534453443117495, 'lag_8': 0.311227676004714, 'lag_9': 0.6962320998616859, 'lag_10': 0.8483826034251587, 'lag_11': 0.04226422651591766, 'lag_12': 0.22613217901547533, 'lag_13': 0.5289263626511175, 'lag_14': 0.4984422450386633, 'lag_15': 0.14937033193938076, 'lag_16': 0.8439715352580023, 'lag_17': 0.27469864773275166, 'lag_18': 0.8856315580373493, 'lag_19': 0.2666929702556163, 'lag_20': 0.828267512803472, 'lag_21': 0.55174936450598, 'lag_22': 0.9858824694409555, 'lag_23': 0.701913023965799, 'lag_24': 0.05679635180103923, 'lag_25': 0.793877702157324, 'lag_26': 0.13872881094173378, 'lag_27': 0.1614018579467037, 'lag_28': 0.19898845809150179}. Best is trial 31 with value: 0.010969197253906647.
[I 2025-09-29 12:51:55,701] Trial 41 finished with value: 0.01227717616426777 and parameters: {'lag_0': 0.17005284713078223, 'lag_1': 0.2122391711676747, 'lag_2': 0.09548454909974478, 'lag_3': 0.47609969739432156, 'lag_4': 0.3274250831852789, 'lag_5': 0.10108945562637345, 'lag_6': 0.20835328603894093, 'lag_7': 0.44648250609950113, 'lag_8': 0.4071046039628848, 'lag_9': 0.9342127948288935, 'lag_10': 0.7984737161599975, 'lag_11': 0.3075439136504905, 'lag_12': 0.7052111376376613, 'lag_13': 0.4263373607092721, 'lag_14': 0.012332957737014106, 'lag_15': 0.29026060108523943, 'lag_16': 0.4319640303200736, 'lag_17': 0.4219300633248977, 'lag_18': 0.3142095788589193, 'lag_19': 0.21053497497315388, 'lag_20': 0.9064595779354092, 'lag_21': 0.5990847766941961, 'lag_22': 0.7452472081390064, 'lag_23': 0.3424501908509108, 'lag_24': 0.20088218050318005, 'lag_25': 0.8716244957122059, 'lag_26': 0.9562378402167949, 'lag_27': 0.4113937469907821, 'lag_28': 0.5309249567649718}. Best is trial 31 with value: 0.010969197253906647.
[I 2025-09-29 12:51:58,234] Trial 42 finished with value: 0.011773369783757565 and parameters: {'lag_0': 0.008351207796895299, 'lag_1': 0.123555349532678, 'lag_2': 0.26402582441795086, 'lag_3': 0.6542936624108802, 'lag_4': 0.21013723692221567, 'lag_5': 0.19079188454632973, 'lag_6': 0.4451175779810824, 'lag_7': 0.3402504308705484, 'lag_8': 0.20784951466157828, 'lag_9': 0.8658031786787093, 'lag_10': 0.9359141103811988, 'lag_11': 0.26054007226051945, 'lag_12': 0.7772132652095638, 'lag_13': 0.22758521604747534, 'lag_14': 0.5428230451328704, 'lag_15': 0.36720067759163005, 'lag_16': 0.5843156300941286, 'lag_17': 0.3379335227676214, 'lag_18': 0.39822363474864775, 'lag_19': 0.35878076843616374, 'lag_20': 0.6940678593097864, 'lag_21': 0.741651365972224, 'lag_22': 0.9575556962340567, 'lag_23': 0.9347071814646125, 'lag_24': 0.15596531235975827, 'lag_25': 0.9619266913084423, 'lag_26': 0.06040079125116532, 'lag_27': 0.14142107727091352, 'lag_28': 0.00995937664160318}. Best is trial 31 with value: 0.010969197253906647.
[I 2025-09-29 12:52:00,766] Trial 43 finished with value: 0.011337962269649338 and parameters: {'lag_0': 0.26011545373365275, 'lag_1': 0.06132121339359185, 'lag_2': 0.31864009619876466, 'lag_3': 0.5056206879986299, 'lag_4': 0.3995539562482085, 'lag_5': 0.7148977674663898, 'lag_6': 0.5499416145647251, 'lag_7': 0.289640110757995, 'lag_8': 0.2821212280656757, 'lag_9': 0.7853800159913158, 'lag_10': 0.7823395873546991, 'lag_11': 0.3885649744498787, 'lag_12': 0.878813885619623, 'lag_13': 0.33286508151054783, 'lag_14': 0.16508025613805807, 'lag_15': 0.488716330867362, 'lag_16': 0.4789335580362659, 'lag_17': 0.19369561122778814, 'lag_18': 0.6145810195287933, 'lag_19': 0.1251168520104558, 'lag_20': 0.9638943809899957, 'lag_21': 0.5194812896145867, 'lag_22': 0.8135492427625319, 'lag_23': 0.8438819145237482, 'lag_24': 0.07789870309713309, 'lag_25': 0.23067252757499218, 'lag_26': 0.281973555980616, 'lag_27': 0.23910329975690955, 'lag_28': 0.47687158475034286}. Best is trial 31 with value: 0.010969197253906647.
[I 2025-09-29 12:52:03,313] Trial 44 finished with value: 0.011942419372383075 and parameters: {'lag_0': 0.2607971531640422, 'lag_1': 0.9986715301033714, 'lag_2': 0.3571084758732672, 'lag_3': 0.5187977424014206, 'lag_4': 0.42583771540458276, 'lag_5': 0.06572727620173635, 'lag_6': 0.5409951653773533, 'lag_7': 0.03956299818278666, 'lag_8': 0.05592709601660341, 'lag_9': 0.7828984961975588, 'lag_10': 0.996594330460826, 'lag_11': 0.376037837493457, 'lag_12': 0.8671820476760566, 'lag_13': 0.3373464405448762, 'lag_14': 0.17361749013392808, 'lag_15': 0.21563331508184316, 'lag_16': 0.5539641551194834, 'lag_17': 0.19066419660632883, 'lag_18': 0.6119369820958227, 'lag_19': 0.05299404599375809, 'lag_20': 0.9607896837073995, 'lag_21': 0.37355346570748416, 'lag_22': 0.8957814477520961, 'lag_23': 0.8397990739310801, 'lag_24': 0.08224042281186558, 'lag_25': 0.2176841364878056, 'lag_26': 0.2641188182995112, 'lag_27': 0.23989011498216045, 'lag_28': 0.47513274124567173}. Best is trial 31 with value: 0.010969197253906647.
[I 2025-09-29 12:52:05,848] Trial 45 finished with value: 0.011457925190569106 and parameters: {'lag_0': 0.09021387871142261, 'lag_1': 0.06796380285297227, 'lag_2': 0.32661193769448693, 'lag_3': 0.38792366228055036, 'lag_4': 0.4763060267215007, 'lag_5': 0.6285445442194162, 'lag_6': 0.3553115970442178, 'lag_7': 0.268976598458655, 'lag_8': 0.270459750953062, 'lag_9': 0.7646923666926572, 'lag_10': 0.7781739942667606, 'lag_11': 0.09934872379002804, 'lag_12': 0.9750802890918555, 'lag_13': 0.5101755556387677, 'lag_14': 0.2555508689293392, 'lag_15': 0.5043125828033772, 'lag_16': 0.4593954798264994, 'lag_17': 0.22056526273255914, 'lag_18': 0.5583074061701739, 'lag_19': 0.11498596465986713, 'lag_20': 0.822483992308703, 'lag_21': 0.5290431813722694, 'lag_22': 0.8207945255331719, 'lag_23': 0.9089114106371716, 'lag_24': 0.2260711230249841, 'lag_25': 0.006728992053715785, 'lag_26': 0.3378942820169192, 'lag_27': 0.011707509443798357, 'lag_28': 0.40959544585539676}. Best is trial 31 with value: 0.010969197253906647.
[I 2025-09-29 12:52:08,395] Trial 46 finished with value: 0.011369748086886355 and parameters: {'lag_0': 0.2906955260173026, 'lag_1': 0.18909561565173105, 'lag_2': 0.5163632043754777, 'lag_3': 0.5986220370653537, 'lag_4': 0.6224772701709262, 'lag_5': 0.7509206828613388, 'lag_6': 0.03223911825519121, 'lag_7': 0.5566911938990993, 'lag_8': 0.418941873993374, 'lag_9': 0.7068767905516007, 'lag_10': 0.7067997676470965, 'lag_11': 0.0043302484179840554, 'lag_12': 0.007731736309074283, 'lag_13': 0.46399597408159865, 'lag_14': 0.3159942811773349, 'lag_15': 0.3240520694667408, 'lag_16': 0.6449155601104346, 'lag_17': 0.2932079729780624, 'lag_18': 0.4716874283811658, 'lag_19': 0.9692211961863391, 'lag_20': 0.06043632052008574, 'lag_21': 0.4623232546911852, 'lag_22': 0.9343381984211184, 'lag_23': 0.6489937558472981, 'lag_24': 0.08600276964530601, 'lag_25': 0.28339047771442655, 'lag_26': 0.09370894061442207, 'lag_27': 0.07101302647065652, 'lag_28': 0.3077986443489517}. Best is trial 31 with value: 0.010969197253906647.
[I 2025-09-29 12:52:10,931] Trial 47 finished with value: 0.011895912907446852 and parameters: {'lag_0': 0.13478781789724198, 'lag_1': 0.9227858564369318, 'lag_2': 0.4630413713842788, 'lag_3': 0.7570003212702289, 'lag_4': 0.30615332703931747, 'lag_5': 0.11436911271823313, 'lag_6': 0.5828973026034583, 'lag_7': 0.22248314226398747, 'lag_8': 0.3014607978881249, 'lag_9': 0.8254884852666988, 'lag_10': 0.8696144239518974, 'lag_11': 0.470830445378717, 'lag_12': 0.8841412520607396, 'lag_13': 0.3963914452281046, 'lag_14': 0.6701781001504823, 'lag_15': 0.07546347782319385, 'lag_16': 0.35343926298181194, 'lag_17': 0.005201886707729586, 'lag_18': 0.7313681370045237, 'lag_19': 0.17801899321876777, 'lag_20': 0.8892815127963, 'lag_21': 0.3267064727378298, 'lag_22': 0.8576803477279809, 'lag_23': 0.7350871482540036, 'lag_24': 0.002290944154815233, 'lag_25': 0.08018376994751863, 'lag_26': 0.039083187678045334, 'lag_27': 0.2973475033822706, 'lag_28': 0.24233520821984694}. Best is trial 31 with value: 0.010969197253906647.
[I 2025-09-29 12:52:13,476] Trial 48 finished with value: 0.011956540618811403 and parameters: {'lag_0': 0.04696241755260447, 'lag_1': 0.43853211953558546, 'lag_2': 0.19265609041780019, 'lag_3': 0.44376170516906893, 'lag_4': 0.3827738208421134, 'lag_5': 0.24296584182950987, 'lag_6': 0.4230918284402969, 'lag_7': 0.7625260820719711, 'lag_8': 0.3584716323248693, 'lag_9': 0.8764203746102397, 'lag_10': 0.6028398828098699, 'lag_11': 0.30529603727813276, 'lag_12': 0.9436044370781875, 'lag_13': 0.8839454046648393, 'lag_14': 0.3676836536578122, 'lag_15': 0.17795726408240126, 'lag_16': 0.4958820672385488, 'lag_17': 0.07271720613864319, 'lag_18': 0.6471979315049711, 'lag_19': 0.04004509034851057, 'lag_20': 0.9529941597717302, 'lag_21': 0.7779644044490444, 'lag_22': 0.7949742120895092, 'lag_23': 0.29272329117844464, 'lag_24': 0.5276374387824666, 'lag_25': 0.182476679304702, 'lag_26': 0.18034278771818038, 'lag_27': 0.12846417732251808, 'lag_28': 0.13960547046968091}. Best is trial 31 with value: 0.010969197253906647.
[I 2025-09-29 12:52:16,017] Trial 49 finished with value: 0.011993180360074624 and parameters: {'lag_0': 0.19334729292338954, 'lag_1': 0.2717492751804532, 'lag_2': 0.30894090950902625, 'lag_3': 0.8203211312633734, 'lag_4': 0.5236128811190994, 'lag_5': 0.04416959189359672, 'lag_6': 0.5043892200807559, 'lag_7': 0.38588853444679566, 'lag_8': 0.17204732820337143, 'lag_9': 0.6223408518217524, 'lag_10': 0.8228905885346657, 'lag_11': 0.16517331826597173, 'lag_12': 0.8418770792216986, 'lag_13': 0.5901687812330787, 'lag_14': 0.2294980564164355, 'lag_15': 0.40468579422754253, 'lag_16': 0.4104511863883561, 'lag_17': 0.18505196670986873, 'lag_18': 0.5351486747423697, 'lag_19': 0.4286762940426719, 'lag_20': 0.7564026944381592, 'lag_21': 0.8320663514836567, 'lag_22': 0.6210282648423046, 'lag_23': 0.16401775713363176, 'lag_24': 0.2708056519065158, 'lag_25': 0.04890112041224511, 'lag_26': 0.5245579241255738, 'lag_27': 0.2192477820704227, 'lag_28': 0.5968279234558661}. Best is trial 31 with value: 0.010969197253906647.
[I 2025-09-29 12:52:18,546] Trial 50 finished with value: 0.011720457464022173 and parameters: {'lag_0': 0.24251304152832476, 'lag_1': 0.035052723677037434, 'lag_2': 0.229850126530471, 'lag_3': 0.5140279786240505, 'lag_4': 0.24828159299989852, 'lag_5': 0.29936329961371694, 'lag_6': 0.2793128982244811, 'lag_7': 0.11422812327541287, 'lag_8': 0.44727668573126633, 'lag_9': 0.9490465062214029, 'lag_10': 0.9547669234261138, 'lag_11': 0.44212503993608554, 'lag_12': 0.7762427982017803, 'lag_13': 0.6622766217486036, 'lag_14': 0.1688730665922326, 'lag_15': 0.25508728150920096, 'lag_16': 0.6233104656168367, 'lag_17': 0.23247920438577507, 'lag_18': 0.6069973550270986, 'lag_19': 0.34099182102204895, 'lag_20': 0.2242775195586974, 'lag_21': 0.6712600656805465, 'lag_22': 0.965661268296316, 'lag_23': 0.9634525562804066, 'lag_24': 0.1598138488415371, 'lag_25': 0.2494295503989017, 'lag_26': 0.37646823862444856, 'lag_27': 0.3452109531043867, 'lag_28': 0.6016519629631374}. Best is trial 31 with value: 0.010969197253906647.
[I 2025-09-29 12:52:21,083] Trial 51 finished with value: 0.01191513677166971 and parameters: {'lag_0': 0.31792872063110866, 'lag_1': 0.17849500347134845, 'lag_2': 0.5269433852509364, 'lag_3': 0.589316745826452, 'lag_4': 0.6552132268712905, 'lag_5': 0.7212389020767244, 'lag_6': 0.06284709390551338, 'lag_7': 0.5773223599611721, 'lag_8': 0.43866231847043446, 'lag_9': 0.7049625939668941, 'lag_10': 0.6937060167843618, 'lag_11': 0.004468908547395609, 'lag_12': 0.036619944247399165, 'lag_13': 0.46988471456755765, 'lag_14': 0.3145097834692333, 'lag_15': 0.3249496333100959, 'lag_16': 0.6505155993741358, 'lag_17': 0.29820471529714276, 'lag_18': 0.44989315546008213, 'lag_19': 0.9785487768676574, 'lag_20': 0.0020916346641804626, 'lag_21': 0.46699013000729067, 'lag_22': 0.9335539393812503, 'lag_23': 0.40119120627365346, 'lag_24': 0.08262761199014886, 'lag_25': 0.31947860220400054, 'lag_26': 0.09593370284345804, 'lag_27': 0.07405907158674278, 'lag_28': 0.3446847735054315}. Best is trial 31 with value: 0.010969197253906647.
[I 2025-09-29 12:52:23,621] Trial 52 finished with value: 0.010960479098595904 and parameters: {'lag_0': 0.5240466239237542, 'lag_1': 0.08013652915028242, 'lag_2': 0.40645790231629036, 'lag_3': 0.6195881096935568, 'lag_4': 0.3996209761099899, 'lag_5': 0.6362472605195992, 'lag_6': 0.012630085228726606, 'lag_7': 0.4442058780781559, 'lag_8': 0.20171013727294695, 'lag_9': 0.7501109317546629, 'lag_10': 0.7227632402814047, 'lag_11': 0.048896622862261194, 'lag_12': 0.0029278536454753097, 'lag_13': 0.44988416217417143, 'lag_14': 0.28948148614968083, 'lag_15': 0.469661421316771, 'lag_16': 0.589730894034893, 'lag_17': 0.3367006968846763, 'lag_18': 0.48869283997154433, 'lag_19': 0.874009823267579, 'lag_20': 0.07095150789725574, 'lag_21': 0.5201813962661431, 'lag_22': 0.9152944446443303, 'lag_23': 0.6438104747771842, 'lag_24': 0.11552463356920359, 'lag_25': 0.26934672763840534, 'lag_26': 0.27801017294462194, 'lag_27': 0.026531761596386427, 'lag_28': 0.29655378125849013}. Best is trial 52 with value: 0.010960479098595904.
[I 2025-09-29 12:52:26,162] Trial 53 finished with value: 0.01151252318452477 and parameters: {'lag_0': 0.5326661873419946, 'lag_1': 0.04645110258375098, 'lag_2': 0.39737573413683963, 'lag_3': 0.626855288446243, 'lag_4': 0.4149710663528572, 'lag_5': 0.6189181668558061, 'lag_6': 0.12776459281737745, 'lag_7': 0.44919299601997964, 'lag_8': 0.2126773402518089, 'lag_9': 0.7560544472121659, 'lag_10': 0.7372331896883157, 'lag_11': 0.05991446866057819, 'lag_12': 0.11859910479136443, 'lag_13': 0.33234112970645585, 'lag_14': 0.06570445187691144, 'lag_15': 0.5376042738805531, 'lag_16': 0.5574624578966044, 'lag_17': 0.37068738153016295, 'lag_18': 0.39956443967470767, 'lag_19': 0.65580080997376, 'lag_20': 0.09308898867751458, 'lag_21': 0.5792804680317657, 'lag_22': 0.8970130997192851, 'lag_23': 0.5006541192443807, 'lag_24': 0.21419261465349737, 'lag_25': 0.381377639771187, 'lag_26': 0.4656246656439638, 'lag_27': 0.03803909024975316, 'lag_28': 0.2493483579377145}. Best is trial 52 with value: 0.010960479098595904.
[I 2025-09-29 12:52:28,695] Trial 54 finished with value: 0.01129881703808835 and parameters: {'lag_0': 0.4777011976932083, 'lag_1': 0.11145248417087175, 'lag_2': 0.4433492982744868, 'lag_3': 0.691881083050685, 'lag_4': 0.34399558298786853, 'lag_5': 0.8459845171036972, 'lag_6': 0.01630454905752235, 'lag_7': 0.3054502355024536, 'lag_8': 0.12825973653993586, 'lag_9': 0.7914800019016263, 'lag_10': 0.3104925400642741, 'lag_11': 0.12535580676276872, 'lag_12': 0.3311598067627959, 'lag_13': 0.2685616741349961, 'lag_14': 0.2792348872378275, 'lag_15': 0.4703623602796439, 'lag_16': 0.6966932990142842, 'lag_17': 0.1601280926654951, 'lag_18': 0.4909479042332776, 'lag_19': 0.8817521376898393, 'lag_20': 0.0814437394576769, 'lag_21': 0.5242850337799323, 'lag_22': 0.9941020451653332, 'lag_23': 0.8750772503301989, 'lag_24': 0.13110015398246652, 'lag_25': 0.16700203891080506, 'lag_26': 0.27013334337297756, 'lag_27': 0.0006626357499434216, 'lag_28': 0.38280628038756226}. Best is trial 52 with value: 0.010960479098595904.
[I 2025-09-29 12:52:31,230] Trial 55 finished with value: 0.012042219101776459 and parameters: {'lag_0': 0.44948942901170724, 'lag_1': 0.27358438996791656, 'lag_2': 0.42707205763722417, 'lag_3': 0.6765885236327989, 'lag_4': 0.3376474101020828, 'lag_5': 0.8611920595905784, 'lag_6': 0.004965031982353041, 'lag_7': 0.44424400574880735, 'lag_8': 0.12885713275934904, 'lag_9': 0.829524572981384, 'lag_10': 0.28758373086049677, 'lag_11': 0.12060481602558305, 'lag_12': 0.33272690877476757, 'lag_13': 0.26964602794897097, 'lag_14': 0.40261872805428545, 'lag_15': 0.4387715083282727, 'lag_16': 0.6932629824143949, 'lag_17': 0.4017764902209392, 'lag_18': 0.36243842848847785, 'lag_19': 0.9298993020819875, 'lag_20': 0.11159029926291267, 'lag_21': 0.40758333181986006, 'lag_22': 0.9965086229893058, 'lag_23': 0.8849960458602217, 'lag_24': 0.6083721218641968, 'lag_25': 0.162598692973973, 'lag_26': 0.6264128968121168, 'lag_27': 0.014902176914721732, 'lag_28': 0.3698918268367825}. Best is trial 52 with value: 0.010960479098595904.
[I 2025-09-29 12:52:33,767] Trial 56 finished with value: 0.011760198865916732 and parameters: {'lag_0': 0.4084176262476732, 'lag_1': 0.11143459932188167, 'lag_2': 0.5613450844592172, 'lag_3': 0.7176854263848258, 'lag_4': 0.45125826699032123, 'lag_5': 0.46990811339139016, 'lag_6': 0.09903595494658726, 'lag_7': 0.04345258571047996, 'lag_8': 0.07049986028771048, 'lag_9': 0.8914675706233087, 'lag_10': 0.04836717653174816, 'lag_11': 0.2098426314176977, 'lag_12': 0.18411516866692637, 'lag_13': 0.8026370975970999, 'lag_14': 0.2939278425281478, 'lag_15': 0.47701999030118347, 'lag_16': 0.7967009826749637, 'lag_17': 0.4579459840473764, 'lag_18': 0.5084507341280327, 'lag_19': 0.8661636101490824, 'lag_20': 0.17521760296193528, 'lag_21': 0.6272333073019251, 'lag_22': 0.9575008555925332, 'lag_23': 0.7504072312513179, 'lag_24': 0.13282711102397332, 'lag_25': 0.12317289626829289, 'lag_26': 0.027894605913196424, 'lag_27': 0.1179913188306802, 'lag_28': 0.4209816323043922}. Best is trial 52 with value: 0.010960479098595904.
[I 2025-09-29 12:52:36,311] Trial 57 finished with value: 0.011965467425026396 and parameters: {'lag_0': 0.6528114324246432, 'lag_1': 0.3107632708095056, 'lag_2': 0.3563853409614549, 'lag_3': 0.7963172319094504, 'lag_4': 0.15526794841836514, 'lag_5': 0.9446427795917893, 'lag_6': 0.0421504173654616, 'lag_7': 0.15803673009593552, 'lag_8': 0.04643934317628644, 'lag_9': 0.6744787488854179, 'lag_10': 0.4221512982666442, 'lag_11': 0.0752362670377618, 'lag_12': 0.37705148032129565, 'lag_13': 0.37266686397533205, 'lag_14': 0.5439284801052124, 'lag_15': 0.4214460865582871, 'lag_16': 0.6029082171618672, 'lag_17': 0.1479296846983475, 'lag_18': 0.5537428927669691, 'lag_19': 0.8016362601695586, 'lag_20': 0.04019255529102736, 'lag_21': 0.0608174649216528, 'lag_22': 0.8691341544794455, 'lag_23': 0.8010980209458791, 'lag_24': 0.3091062322851197, 'lag_25': 0.07106597672432986, 'lag_26': 0.20635816470596074, 'lag_27': 0.1529856943521682, 'lag_28': 0.19926707383365805}. Best is trial 52 with value: 0.010960479098595904.
[I 2025-09-29 12:52:38,862] Trial 58 finished with value: 0.011327877056731061 and parameters: {'lag_0': 0.5464737762131491, 'lag_1': 0.007080731191887429, 'lag_2': 0.46897742797784825, 'lag_3': 0.038037261498532926, 'lag_4': 0.4962863707268849, 'lag_5': 0.5547940395745188, 'lag_6': 0.17695000864220414, 'lag_7': 0.3719694236059224, 'lag_8': 0.18328670277002682, 'lag_9': 0.2488149761608487, 'lag_10': 0.28448751670690076, 'lag_11': 0.03454551997126855, 'lag_12': 0.24403551365971166, 'lag_13': 0.4226461503305264, 'lag_14': 0.47230592501767465, 'lag_15': 0.6066245760315004, 'lag_16': 0.7200808221428707, 'lag_17': 0.9752218389313445, 'lag_18': 0.4199870006065178, 'lag_19': 0.8642727857049364, 'lag_20': 0.12449298878662339, 'lag_21': 0.6931864733530588, 'lag_22': 0.999477891506889, 'lag_23': 0.9679679132773502, 'lag_24': 0.5332153734211377, 'lag_25': 0.5649198943771238, 'lag_26': 0.1600333523936432, 'lag_27': 0.035756388408516256, 'lag_28': 0.2989707450212746}. Best is trial 52 with value: 0.010960479098595904.
[I 2025-09-29 12:52:41,405] Trial 59 finished with value: 0.012323652495848823 and parameters: {'lag_0': 0.4816998039530058, 'lag_1': 0.9343826950804848, 'lag_2': 0.5577077911373407, 'lag_3': 0.9117641872376177, 'lag_4': 0.27849892616191874, 'lag_5': 0.16578399853810538, 'lag_6': 0.23035608451227205, 'lag_7': 0.49817798543001235, 'lag_8': 0.3451295959150153, 'lag_9': 0.439196652154374, 'lag_10': 0.5046153443839339, 'lag_11': 0.12844016397936156, 'lag_12': 0.08256572323542569, 'lag_13': 0.4938361300845655, 'lag_14': 0.3464115437503802, 'lag_15': 0.359299162719506, 'lag_16': 0.799619634078679, 'lag_17': 0.6031832541219891, 'lag_18': 0.48232226528875904, 'lag_19': 0.6100816854949397, 'lag_20': 0.19143640629342243, 'lag_21': 0.5568275994672942, 'lag_22': 0.9173900493843639, 'lag_23': 0.6486588444539306, 'lag_24': 0.4396489701740506, 'lag_25': 0.8279752453134734, 'lag_26': 0.5847970264954458, 'lag_27': 0.09728970979591889, 'lag_28': 0.2663190067639843}. Best is trial 52 with value: 0.010960479098595904.
[I 2025-09-29 12:52:43,960] Trial 60 finished with value: 0.011830544214023212 and parameters: {'lag_0': 0.6051257705089086, 'lag_1': 0.13998408229060863, 'lag_2': 0.49447750611211355, 'lag_3': 0.6643256077211219, 'lag_4': 0.5498350268653426, 'lag_5': 0.8575361718839803, 'lag_6': 0.13109074749292154, 'lag_7': 0.22979003971945955, 'lag_8': 0.23856793859642958, 'lag_9': 0.03387367385247242, 'lag_10': 0.12602385751535525, 'lag_11': 0.18941401658355023, 'lag_12': 0.458112454698977, 'lag_13': 0.5749825968973044, 'lag_14': 0.6291367840990464, 'lag_15': 0.565678067092925, 'lag_16': 0.7616407640185576, 'lag_17': 0.33239428797369003, 'lag_18': 0.3048370468064911, 'lag_19': 0.8728547622354834, 'lag_20': 0.26951942371249465, 'lag_21': 0.3584671799658908, 'lag_22': 0.844973622084855, 'lag_23': 0.5210646796590154, 'lag_24': 0.18645800713603106, 'lag_25': 0.034870289505901354, 'lag_26': 0.43966109873452364, 'lag_27': 0.17314311302762825, 'lag_28': 0.5174868873855059}. Best is trial 52 with value: 0.010960479098595904.
