[I 2025-09-29 13:20:37,351] Trial 61 finished with value: 0.007648734717147901 and parameters: {'lag_0': 0.3402513145645625, 'lag_1': 0.01582408852260958, 'lag_2': 0.08171593212635124, 'lag_3': 0.13723524281160115, 'lag_4': 0.41324526248302224, 'lag_5': 0.05544930621027886, 'lag_6': 0.076071818806478, 'lag_7': 0.37625850270788386, 'lag_8': 0.26287925065770484, 'lag_9': 0.745693549088359, 'lag_10': 0.9825655244730582, 'lag_11': 0.46197125446244386, 'lag_12': 0.747768138273284, 'lag_13': 0.0050426202692882005, 'lag_14': 0.9811296851568869, 'lag_15': 0.08261112442295032, 'lag_16': 0.0026046002947591714, 'lag_17': 0.9992135878834058, 'lag_18': 0.5901039824810386, 'lag_19': 0.2755953899365202, 'lag_20': 0.9274932743909531, 'lag_21': 0.9446232150604984, 'lag_22': 0.0030358756020110733, 'lag_23': 0.9617361889100918, 'lag_24': 0.9470887666753457, 'lag_25': 0.17181576727619274, 'lag_26': 0.8196776444034328, 'lag_27': 0.8631265734115161, 'lag_28': 0.28781310802451954}. Best is trial 16 with value: 0.006140212903580585.
[I 2025-09-29 13:20:39,883] Trial 62 finished with value: 0.00669697983137438 and parameters: {'lag_0': 0.44215683293183383, 'lag_1': 0.29879159242733766, 'lag_2': 0.05771773745618947, 'lag_3': 0.1756780808803709, 'lag_4': 0.5055974501123061, 'lag_5': 0.17858657303738262, 'lag_6': 0.10950067059068215, 'lag_7': 0.550327854334275, 'lag_8': 0.30934158897675845, 'lag_9': 0.5274508726170086, 'lag_10': 0.8171295289532564, 'lag_11': 0.5471507385794477, 'lag_12': 0.43711146933213985, 'lag_13': 0.045456017746419206, 'lag_14': 0.8661647654839073, 'lag_15': 0.0034750789877707744, 'lag_16': 0.040207328470779624, 'lag_17': 0.8246309757119142, 'lag_18': 0.5254541492233642, 'lag_19': 0.3564079674579413, 'lag_20': 0.8288881452120345, 'lag_21': 0.7921594454601217, 'lag_22': 0.10226249661263791, 'lag_23': 0.9305189174512277, 'lag_24': 0.46115251803391016, 'lag_25': 0.3707996508282063, 'lag_26': 0.9275865007285367, 'lag_27': 0.7845233223278095, 'lag_28': 0.19876160234339155}. Best is trial 16 with value: 0.006140212903580585.
[I 2025-09-29 13:20:42,442] Trial 63 finished with value: 0.006755659495234989 and parameters: {'lag_0': 0.27410636830423546, 'lag_1': 0.06197862838679437, 'lag_2': 0.01884701918001469, 'lag_3': 0.04413047767790823, 'lag_4': 0.3734321379465582, 'lag_5': 0.11585987272153585, 'lag_6': 0.0014698674311722586, 'lag_7': 0.640174000630885, 'lag_8': 0.35437588431760236, 'lag_9': 0.7051660271969442, 'lag_10': 0.8768949789174012, 'lag_11': 0.423211830469484, 'lag_12': 0.6144937213018621, 'lag_13': 0.10175078857571829, 'lag_14': 0.9152098805125602, 'lag_15': 0.17631264194310958, 'lag_16': 0.15080823649046923, 'lag_17': 0.8116916723647294, 'lag_18': 0.5991986317080726, 'lag_19': 0.19884985507858854, 'lag_20': 0.973429009011803, 'lag_21': 0.7026621663446924, 'lag_22': 0.2062130972713377, 'lag_23': 0.8919904172136313, 'lag_24': 0.7734474550467948, 'lag_25': 0.006964091914741899, 'lag_26': 0.7112202332477368, 'lag_27': 0.9722160976007574, 'lag_28': 0.1430322795296805}. Best is trial 16 with value: 0.006140212903580585.
[I 2025-09-29 13:20:44,997] Trial 64 finished with value: 0.007441860109880997 and parameters: {'lag_0': 0.7861924852750517, 'lag_1': 0.3995580250092454, 'lag_2': 0.2000863678926348, 'lag_3': 0.2753857170625608, 'lag_4': 0.09918051667176105, 'lag_5': 0.07586444604773837, 'lag_6': 0.33640132234228803, 'lag_7': 0.7693400849730099, 'lag_8': 0.045424183728002526, 'lag_9': 0.3478921762934406, 'lag_10': 0.6723129020600829, 'lag_11': 0.5902627569578003, 'lag_12': 0.8505571655933966, 'lag_13': 0.08006602510871744, 'lag_14': 0.9635391024360209, 'lag_15': 0.05467363761217196, 'lag_16': 0.406250370914091, 'lag_17': 0.6900984039538578, 'lag_18': 0.47981368467512636, 'lag_19': 0.3013835661316002, 'lag_20': 0.614764564330802, 'lag_21': 0.9011941381383982, 'lag_22': 0.6151082333060107, 'lag_23': 0.8082123570339432, 'lag_24': 0.9893133787587277, 'lag_25': 0.2654030446572146, 'lag_26': 0.8440309051009436, 'lag_27': 0.8469292649327776, 'lag_28': 0.4500874806500759}. Best is trial 16 with value: 0.006140212903580585.
[I 2025-09-29 13:20:47,534] Trial 65 finished with value: 0.007129719210751907 and parameters: {'lag_0': 0.2296081962825443, 'lag_1': 0.1543461475411137, 'lag_2': 0.0017457925780535472, 'lag_3': 0.2257249572899491, 'lag_4': 0.32356299628515545, 'lag_5': 0.03433854579043386, 'lag_6': 0.048138861849997217, 'lag_7': 0.23670156581535104, 'lag_8': 0.45595154212512606, 'lag_9': 0.8040857825358502, 'lag_10': 0.4541964908929165, 'lag_11': 0.6380359158084924, 'lag_12': 0.07025317861768776, 'lag_13': 0.4032074653750862, 'lag_14': 0.9287831494270727, 'lag_15': 0.14582010979665222, 'lag_16': 0.7834643772297586, 'lag_17': 0.2553159277790351, 'lag_18': 0.5613392011818448, 'lag_19': 0.4283663270368303, 'lag_20': 0.9945948451154913, 'lag_21': 0.8379700110532406, 'lag_22': 0.051860496133129486, 'lag_23': 0.9701627343876396, 'lag_24': 0.2710466204369562, 'lag_25': 0.059112475124467274, 'lag_26': 0.5764986435798449, 'lag_27': 0.7766900080508384, 'lag_28': 0.3740711543728667}. Best is trial 16 with value: 0.006140212903580585.
[I 2025-09-29 13:20:50,149] Trial 66 finished with value: 0.0068051607912352746 and parameters: {'lag_0': 0.5480940386134768, 'lag_1': 0.6954730331575362, 'lag_2': 0.36479012466860133, 'lag_3': 0.12028567837324, 'lag_4': 0.46099388513163875, 'lag_5': 0.3555841793669494, 'lag_6': 0.5076978307836366, 'lag_7': 0.34396085382675634, 'lag_8': 0.9024267335734162, 'lag_9': 0.6542366145573353, 'lag_10': 0.9363873496926844, 'lag_11': 0.5024069967717718, 'lag_12': 0.22522393422996825, 'lag_13': 0.15066791047637135, 'lag_14': 0.8657269133262601, 'lag_15': 0.22004382611550627, 'lag_16': 0.6687155382797103, 'lag_17': 0.5219216722447542, 'lag_18': 0.03591660900170263, 'lag_19': 0.12784879079792105, 'lag_20': 0.5032295031245044, 'lag_21': 0.9799760452058977, 'lag_22': 0.13522873638975605, 'lag_23': 0.3996893031813926, 'lag_24': 0.6628202283296694, 'lag_25': 0.6580743114702604, 'lag_26': 0.9885469337131443, 'lag_27': 0.19455479008079954, 'lag_28': 0.1020279754406183}. Best is trial 16 with value: 0.006140212903580585.
[I 2025-09-29 13:20:52,679] Trial 67 finished with value: 0.007375553840762761 and parameters: {'lag_0': 0.8321602863028458, 'lag_1': 0.6378535225188838, 'lag_2': 0.426753437570325, 'lag_3': 0.18907168590435028, 'lag_4': 0.2789882252911049, 'lag_5': 0.23932791513452742, 'lag_6': 0.17264025220700185, 'lag_7': 0.0860129871409206, 'lag_8': 0.7034523758037425, 'lag_9': 0.7343945987919502, 'lag_10': 0.634105138116624, 'lag_11': 0.25802719716051303, 'lag_12': 0.32538476957486356, 'lag_13': 0.23596698768599417, 'lag_14': 0.6863206790845972, 'lag_15': 0.30980639413014693, 'lag_16': 0.269649474274794, 'lag_17': 0.1207229448690581, 'lag_18': 0.6443697234184393, 'lag_19': 0.501384569590429, 'lag_20': 0.747153169516401, 'lag_21': 0.5204562552350925, 'lag_22': 0.6889271444509927, 'lag_23': 0.6190019099515931, 'lag_24': 0.04086644629586409, 'lag_25': 0.5360112238793407, 'lag_26': 0.6159986631180219, 'lag_27': 0.6657209034503134, 'lag_28': 0.3242901854534797}. Best is trial 16 with value: 0.006140212903580585.
[I 2025-09-29 13:20:55,204] Trial 68 finished with value: 0.007318926388429038 and parameters: {'lag_0': 0.638336129395871, 'lag_1': 0.9526207813095338, 'lag_2': 0.09779226801529986, 'lag_3': 0.8630323752369332, 'lag_4': 0.37690103177617196, 'lag_5': 0.08967769774690852, 'lag_6': 0.6832917050217993, 'lag_7': 0.8747653808564237, 'lag_8': 0.7393642469185763, 'lag_9': 0.19713675915323053, 'lag_10': 0.959764127668427, 'lag_11': 0.5119241692173228, 'lag_12': 0.7005545076164928, 'lag_13': 0.2010902565606136, 'lag_14': 0.5532400875776542, 'lag_15': 0.12302018378024876, 'lag_16': 0.49748051123748604, 'lag_17': 0.006904463297607882, 'lag_18': 0.41243520882918205, 'lag_19': 0.23048223427250128, 'lag_20': 0.89340974587313, 'lag_21': 0.5838496435136143, 'lag_22': 0.177528703020983, 'lag_23': 0.8429525354052287, 'lag_24': 0.3142472158377499, 'lag_25': 0.8557133268800206, 'lag_26': 0.40207795659161905, 'lag_27': 0.7206359939927203, 'lag_28': 0.5534437312419331}. Best is trial 16 with value: 0.006140212903580585.
[I 2025-09-29 13:20:57,743] Trial 69 finished with value: 0.007219061701926046 and parameters: {'lag_0': 0.4905489523917183, 'lag_1': 0.8629368389334036, 'lag_2': 0.15569239111260497, 'lag_3': 0.6341352240235039, 'lag_4': 0.14569831842733316, 'lag_5': 0.5037963545424242, 'lag_6': 0.39035904905750435, 'lag_7': 0.4681749808327267, 'lag_8': 0.8104588975792307, 'lag_9': 0.9426692862967114, 'lag_10': 0.8361334676348571, 'lag_11': 0.6939295904748563, 'lag_12': 0.5028720982030889, 'lag_13': 0.2811176911893307, 'lag_14': 0.630608247366106, 'lag_15': 0.36941880196790045, 'lag_16': 0.5481544676274595, 'lag_17': 0.4796075770924203, 'lag_18': 0.0824055380250172, 'lag_19': 0.39107506092507727, 'lag_20': 0.5886683921779529, 'lag_21': 0.9562421345907182, 'lag_22': 0.3427439912383526, 'lag_23': 0.46916791335576585, 'lag_24': 0.20413884310706834, 'lag_25': 0.47002079121747176, 'lag_26': 0.7591885341378952, 'lag_27': 0.09043418293941312, 'lag_28': 0.2450827270973316}. Best is trial 16 with value: 0.006140212903580585.
[I 2025-09-29 13:21:00,290] Trial 70 finished with value: 0.006748322982612126 and parameters: {'lag_0': 0.8927742145478503, 'lag_1': 0.918311829294168, 'lag_2': 0.055021521674353584, 'lag_3': 0.9792252537105349, 'lag_4': 0.7132393153354328, 'lag_5': 0.1333735385906581, 'lag_6': 0.1018019214167987, 'lag_7': 0.41885272995192036, 'lag_8': 0.21195677193124843, 'lag_9': 0.8573950732308413, 'lag_10': 0.7495781277062057, 'lag_11': 0.820401565362445, 'lag_12': 0.03272591684369689, 'lag_13': 0.09601226320086921, 'lag_14': 0.8359457160238575, 'lag_15': 0.21424222346681834, 'lag_16': 0.8677471115148594, 'lag_17': 0.3421991257504208, 'lag_18': 0.7218133567410916, 'lag_19': 0.08034879445663762, 'lag_20': 0.5398189503619153, 'lag_21': 0.6657763921824855, 'lag_22': 0.29544288730167184, 'lag_23': 0.9261902479045403, 'lag_24': 0.10984574205079416, 'lag_25': 0.15947634005735803, 'lag_26': 0.5266232321704275, 'lag_27': 0.25630315961514666, 'lag_28': 0.18193898462449387}. Best is trial 16 with value: 0.006140212903580585.
[I 2025-09-29 13:21:02,848] Trial 71 finished with value: 0.006847760132461434 and parameters: {'lag_0': 0.9516672208396597, 'lag_1': 0.8091803217913285, 'lag_2': 0.7105254108922291, 'lag_3': 0.7790545439312222, 'lag_4': 0.5664990425818288, 'lag_5': 0.8398930104217098, 'lag_6': 0.8386860823202175, 'lag_7': 0.17432974964255438, 'lag_8': 0.8887094685769726, 'lag_9': 0.45130377763468194, 'lag_10': 0.42391141505872076, 'lag_11': 0.6049444140182089, 'lag_12': 0.551388342003716, 'lag_13': 0.1788148105188675, 'lag_14': 0.5049280682202789, 'lag_15': 0.5716804555000159, 'lag_16': 0.3884499811209506, 'lag_17': 0.3208099261003953, 'lag_18': 0.15272035120572097, 'lag_19': 0.23062308849207447, 'lag_20': 0.25112548016157216, 'lag_21': 0.05334742673079112, 'lag_22': 0.5076818254601101, 'lag_23': 0.517280700321363, 'lag_24': 0.02614889827739328, 'lag_25': 0.5914410050645366, 'lag_26': 0.37054456231344346, 'lag_27': 0.047120674924849504, 'lag_28': 0.21756288517819905}. Best is trial 16 with value: 0.006140212903580585.
[I 2025-09-29 13:21:05,398] Trial 72 finished with value: 0.006564914959624331 and parameters: {'lag_0': 0.9209207167150866, 'lag_1': 0.7458028073512932, 'lag_2': 0.8448604510159995, 'lag_3': 0.7165315269047805, 'lag_4': 0.5429318716792106, 'lag_5': 0.9879305383525288, 'lag_6': 0.7773319358107945, 'lag_7': 0.14725636941618275, 'lag_8': 0.844743011985412, 'lag_9': 0.4845772737661983, 'lag_10': 0.34041041365453484, 'lag_11': 0.6302092460267141, 'lag_12': 0.6551578654295955, 'lag_13': 0.16240485927395087, 'lag_14': 0.45942262107400683, 'lag_15': 0.4891970874300601, 'lag_16': 0.45259345190314443, 'lag_17': 0.40285774341802105, 'lag_18': 0.11187547882994814, 'lag_19': 0.16955961743475453, 'lag_20': 0.3237864221285779, 'lag_21': 0.03161984041717487, 'lag_22': 0.5308889305308641, 'lag_23': 0.6865737128394221, 'lag_24': 0.0651599699621678, 'lag_25': 0.6876861105524034, 'lag_26': 0.48726177655691083, 'lag_27': 0.03600445310959656, 'lag_28': 0.3024549494566098}. Best is trial 16 with value: 0.006140212903580585.
[I 2025-09-29 13:21:07,918] Trial 73 finished with value: 0.007355695261774517 and parameters: {'lag_0': 0.7774987543999407, 'lag_1': 0.7816991597830287, 'lag_2': 0.5504846261094045, 'lag_3': 0.9105189827782691, 'lag_4': 0.5265300081015504, 'lag_5': 0.814974696449084, 'lag_6': 0.8256810701297438, 'lag_7': 0.03750770947321583, 'lag_8': 0.8950546343022429, 'lag_9': 0.5664088619773827, 'lag_10': 0.6986096701864318, 'lag_11': 0.5692699172016744, 'lag_12': 0.9851254237352999, 'lag_13': 0.04034527572544965, 'lag_14': 0.37955472761553416, 'lag_15': 0.549813191540753, 'lag_16': 0.30773185725229635, 'lag_17': 0.44159550641384804, 'lag_18': 0.13278586120777153, 'lag_19': 0.31771199143860934, 'lag_20': 0.45625388035067116, 'lag_21': 0.010332963265363027, 'lag_22': 0.45452031578169005, 'lag_23': 0.37299373825781434, 'lag_24': 0.14968328064665842, 'lag_25': 0.6398931865136543, 'lag_26': 0.43613354146332844, 'lag_27': 0.1131256173152006, 'lag_28': 0.25081097232641003}. Best is trial 16 with value: 0.006140212903580585.
[I 2025-09-29 13:21:10,454] Trial 74 finished with value: 0.006793038080812021 and parameters: {'lag_0': 0.9097262245678347, 'lag_1': 0.7968777919771072, 'lag_2': 0.9136495363098653, 'lag_3': 0.5636165580625503, 'lag_4': 0.48407611204199763, 'lag_5': 0.7478148530028308, 'lag_6': 0.8722339878498465, 'lag_7': 0.18472970510197745, 'lag_8': 0.9539737582012642, 'lag_9': 0.6053802021662023, 'lag_10': 0.3978837130760218, 'lag_11': 0.3568768192371558, 'lag_12': 0.7626796673898052, 'lag_13': 0.3364531072020904, 'lag_14': 0.43690025192749005, 'lag_15': 0.40764105066120326, 'lag_16': 0.43664792242746225, 'lag_17': 0.21090364709087794, 'lag_18': 0.19904209501892733, 'lag_19': 0.13671974377751245, 'lag_20': 0.11849064115495109, 'lag_21': 0.1604158430409015, 'lag_22': 0.39333759004418206, 'lag_23': 0.5635597125922771, 'lag_24': 0.3577216461770289, 'lag_25': 0.7516322558511718, 'lag_26': 0.14174758781448824, 'lag_27': 0.0009526388792704954, 'lag_28': 0.15843053911747434}. Best is trial 16 with value: 0.006140212903580585.
[I 2025-09-29 13:21:12,988] Trial 75 finished with value: 0.0068002908653669565 and parameters: {'lag_0': 0.7998629515809215, 'lag_1': 0.7135385949853594, 'lag_2': 0.9827667906472572, 'lag_3': 0.6891815373811696, 'lag_4': 0.5980607318102041, 'lag_5': 0.29294913471954126, 'lag_6': 0.90430452222843, 'lag_7': 0.12435510754715115, 'lag_8': 0.9959489000509804, 'lag_9': 0.7648015179705883, 'lag_10': 0.5118799563892882, 'lag_11': 0.1504595061060085, 'lag_12': 0.598886462756079, 'lag_13': 0.1159761746391322, 'lag_14': 0.5317247738703056, 'lag_15': 0.335618980386192, 'lag_16': 0.35517274808063704, 'lag_17': 0.17115274216038745, 'lag_18': 0.02715635767893128, 'lag_19': 0.2506954893461959, 'lag_20': 0.16685845258419796, 'lag_21': 0.06662905558199947, 'lag_22': 0.5862221272606211, 'lag_23': 0.609070461130464, 'lag_24': 0.00031166697101527203, 'lag_25': 0.7202382281402057, 'lag_26': 0.04825238539321142, 'lag_27': 0.07744516498422407, 'lag_28': 0.48446983645270925}. Best is trial 16 with value: 0.006140212903580585.
[I 2025-09-29 13:21:15,516] Trial 76 finished with value: 0.006713599830644348 and parameters: {'lag_0': 0.8489766622379775, 'lag_1': 0.8442910490459182, 'lag_2': 0.3233421057899857, 'lag_3': 0.3240573191683177, 'lag_4': 0.39814349664738213, 'lag_5': 0.792883982817513, 'lag_6': 0.4612588350332628, 'lag_7': 0.07275836414577663, 'lag_8': 0.9257618238913157, 'lag_9': 0.6406825497494616, 'lag_10': 0.4745577022904651, 'lag_11': 0.3961907689934303, 'lag_12': 0.6871229237355786, 'lag_13': 0.07182866096003088, 'lag_14': 0.25989918834212367, 'lag_15': 0.08010904497770012, 'lag_16': 0.3951374853080297, 'lag_17': 0.2749648166644272, 'lag_18': 0.28644038707968533, 'lag_19': 0.21133995497163982, 'lag_20': 0.6554755796698706, 'lag_21': 0.3061629436558806, 'lag_22': 0.005370257436795415, 'lag_23': 0.530527704827155, 'lag_24': 0.4315996668173579, 'lag_25': 0.6719934164552672, 'lag_26': 0.38512033435522747, 'lag_27': 0.13927756072382197, 'lag_28': 0.4157305425880151}. Best is trial 16 with value: 0.006140212903580585.
[I 2025-09-29 13:21:18,051] Trial 77 finished with value: 0.006593288191077629 and parameters: {'lag_0': 0.7047123648397697, 'lag_1': 0.8960220228354171, 'lag_2': 0.7270202246922526, 'lag_3': 0.8051242321793339, 'lag_4': 0.43422606565228655, 'lag_5': 0.8807005037501296, 'lag_6': 0.423118116551683, 'lag_7': 0.2687861936230644, 'lag_8': 0.5231136794068014, 'lag_9': 0.3547775019363241, 'lag_10': 0.5993131854487439, 'lag_11': 0.7672400883723054, 'lag_12': 0.08198256239995648, 'lag_13': 0.47370530617434964, 'lag_14': 0.5817042375926793, 'lag_15': 0.7745717657137167, 'lag_16': 0.1945913484169259, 'lag_17': 0.9675894235088505, 'lag_18': 0.23641768175249636, 'lag_19': 0.34635521059863417, 'lag_20': 0.6944422605318765, 'lag_21': 0.7301021671147945, 'lag_22': 0.3619948128594489, 'lag_23': 0.47202652698991243, 'lag_24': 0.10485358108006344, 'lag_25': 0.7896700168370602, 'lag_26': 0.3318453188062281, 'lag_27': 0.5887665079945411, 'lag_28': 0.1268137367525875}. Best is trial 16 with value: 0.006140212903580585.
[I 2025-09-29 13:21:20,597] Trial 78 finished with value: 0.0072709542990694945 and parameters: {'lag_0': 0.7531091373714812, 'lag_1': 0.9795696154599731, 'lag_2': 0.6276752750044318, 'lag_3': 0.07867818842148776, 'lag_4': 0.04063065653668369, 'lag_5': 0.02724698257214825, 'lag_6': 0.9552395585987201, 'lag_7': 0.21713520961227528, 'lag_8': 0.866261469975021, 'lag_9': 0.046859832028388615, 'lag_10': 0.38820340963498257, 'lag_11': 0.4738612447304462, 'lag_12': 0.16766277134710167, 'lag_13': 0.29943806851517174, 'lag_14': 0.9468582410993288, 'lag_15': 0.02925618644864158, 'lag_16': 0.25539570365323105, 'lag_17': 0.370014878534785, 'lag_18': 0.34012253315931706, 'lag_19': 0.2627478073057867, 'lag_20': 0.054861622039739516, 'lag_21': 0.1435160885793214, 'lag_22': 0.22653139335696204, 'lag_23': 0.9949476499774744, 'lag_24': 0.40246543239295807, 'lag_25': 0.49176843529867376, 'lag_26': 0.2592837550676133, 'lag_27': 0.16706578447395087, 'lag_28': 0.2737409322097024}. Best is trial 16 with value: 0.006140212903580585.
[I 2025-09-29 13:21:23,137] Trial 79 finished with value: 0.006956529623399698 and parameters: {'lag_0': 0.3596802108049734, 'lag_1': 0.764041058714756, 'lag_2': 0.7679201146589075, 'lag_3': 0.40694463830509453, 'lag_4': 0.31118035168334, 'lag_5': 0.6682794400903117, 'lag_6': 0.7253884959467187, 'lag_7': 0.14519413234286574, 'lag_8': 0.7914226774748655, 'lag_9': 0.9111191847995834, 'lag_10': 0.5460735998985223, 'lag_11': 0.28289410064295784, 'lag_12': 0.4580025819377563, 'lag_13': 0.9361243791716028, 'lag_14': 0.48585525339858204, 'lag_15': 0.2858198796503174, 'lag_16': 0.4191165097908951, 'lag_17': 0.4987082402460379, 'lag_18': 0.061951779453998726, 'lag_19': 0.8259640138874992, 'lag_20': 0.5218563815954056, 'lag_21': 0.00910773518755828, 'lag_22': 0.5463379880600359, 'lag_23': 0.6460808790300793, 'lag_24': 0.14302411196651438, 'lag_25': 0.6202847615652716, 'lag_26': 0.559769819801823, 'lag_27': 0.9533020380251978, 'lag_28': 0.04205549490921084}. Best is trial 16 with value: 0.006140212903580585.
[I 2025-09-29 13:21:25,821] Trial 80 finished with value: 0.006587825987960745 and parameters: {'lag_0': 0.42068783830819556, 'lag_1': 0.7312525491173877, 'lag_2': 0.6765976746831885, 'lag_3': 0.9993649165097352, 'lag_4': 0.1580889953565243, 'lag_5': 0.482673796768115, 'lag_6': 0.88731820486735, 'lag_7': 0.11353606619808068, 'lag_8': 0.737274321176055, 'lag_9': 0.5315278648332129, 'lag_10': 0.6588502748471031, 'lag_11': 0.9941974106869956, 'lag_12': 0.1957056878163512, 'lag_13': 0.5352595270133396, 'lag_14': 0.7399647905281888, 'lag_15': 0.6528659029565119, 'lag_16': 0.4892488911642847, 'lag_17': 0.5889829734197654, 'lag_18': 0.45483580917344296, 'lag_19': 0.042399162139722224, 'lag_20': 0.7761375324702702, 'lag_21': 0.46830795122488245, 'lag_22': 0.07955907399865858, 'lag_23': 0.734649200259686, 'lag_24': 0.8898141303331272, 'lag_25': 0.8416353888596955, 'lag_26': 0.5083842222720047, 'lag_27': 0.6407593782365221, 'lag_28': 0.09658156566666322}. Best is trial 16 with value: 0.006140212903580585.
[I 2025-09-29 13:21:28,365] Trial 81 finished with value: 0.007104613567229678 and parameters: {'lag_0': 0.9218366334267191, 'lag_1': 0.748432644146171, 'lag_2': 0.80190649809666, 'lag_3': 0.7315108524584899, 'lag_4': 0.6209736372307619, 'lag_5': 0.9378890233175912, 'lag_6': 0.7807770606117611, 'lag_7': 0.14950347148337673, 'lag_8': 0.8403305057667073, 'lag_9': 0.47564790172395377, 'lag_10': 0.24072831208776949, 'lag_11': 0.6339127020860582, 'lag_12': 0.6592973895602512, 'lag_13': 0.1610594108753332, 'lag_14': 0.37795625767457114, 'lag_15': 0.43926839763173176, 'lag_16': 0.3926120003386486, 'lag_17': 0.41936952813768963, 'lag_18': 0.09804369015298997, 'lag_19': 0.19049823330822763, 'lag_20': 0.2751170074648085, 'lag_21': 0.12707278824471677, 'lag_22': 0.5413321624613769, 'lag_23': 0.6858261970166984, 'lag_24': 0.036999567041678505, 'lag_25': 0.6950289135169921, 'lag_26': 0.47441247916420537, 'lag_27': 0.043900374529054154, 'lag_28': 0.2958689035346449}. Best is trial 16 with value: 0.006140212903580585.
