[I 2025-09-29 12:54:29,529] Trial 3 finished with value: 0.005870532994592124 and parameters: {'lag_0': 0.062443560653108354, 'lag_1': 0.8626571965535206, 'lag_2': 0.7195031287999196, 'lag_3': 0.21499405009739997, 'lag_4': 0.5794372642620746, 'lag_5': 0.9706800149255264, 'lag_6': 0.30685588585182616, 'lag_7': 0.5267668576051444, 'lag_8': 0.24825692910245933, 'lag_9': 0.9856788185499343, 'lag_10': 0.807973635247219, 'lag_11': 0.5185096608479118, 'lag_12': 0.12251633665590779, 'lag_13': 0.42326626192003103, 'lag_14': 0.21813205713852155, 'lag_15': 0.06076177113556779, 'lag_16': 0.6855310354433822, 'lag_17': 0.462053896412752, 'lag_18': 0.766295708025111, 'lag_19': 0.6671403019293225, 'lag_20': 0.024010223505392662, 'lag_21': 0.8019743019700494, 'lag_22': 0.604643910876272, 'lag_23': 0.7345446468317999, 'lag_24': 0.4361808374927622, 'lag_25': 0.537660336377744, 'lag_26': 0.2779183982878935, 'lag_27': 0.7850408008368217, 'lag_28': 0.6511384014081311}. Best is trial 3 with value: 0.005870532994592124.
[I 2025-09-29 12:54:31,950] Trial 4 finished with value: 0.006017918504569281 and parameters: {'lag_0': 0.6542247538313641, 'lag_1': 0.8528631657579101, 'lag_2': 0.0659839627524777, 'lag_3': 0.3381581291532004, 'lag_4': 0.17241354910389683, 'lag_5': 0.2685093490757826, 'lag_6': 0.5099974942984887, 'lag_7': 0.32188318804952853, 'lag_8': 0.7924577440098394, 'lag_9': 0.5948644364119311, 'lag_10': 0.36202062025257453, 'lag_11': 0.2522968663138436, 'lag_12': 0.12298182438212749, 'lag_13': 0.36521443563137407, 'lag_14': 0.47709972870289835, 'lag_15': 0.7763455783223486, 'lag_16': 0.5755607141343888, 'lag_17': 0.8852873946372192, 'lag_18': 0.012544424688175543, 'lag_19': 0.660158118904101, 'lag_20': 0.8026018024345235, 'lag_21': 0.3917821947594966, 'lag_22': 0.36589717232124197, 'lag_23': 0.5539288131230483, 'lag_24': 0.5104543477460498, 'lag_25': 0.9704750331570559, 'lag_26': 0.9053984634446093, 'lag_27': 0.7963961059127205, 'lag_28': 0.3822227108326724}. Best is trial 3 with value: 0.005870532994592124.
[I 2025-09-29 12:54:34,350] Trial 5 finished with value: 0.005766366955905177 and parameters: {'lag_0': 0.7629487646657468, 'lag_1': 0.8625183973735667, 'lag_2': 0.6751220872029455, 'lag_3': 0.8216173877440603, 'lag_4': 0.30791379549672904, 'lag_5': 0.9868078437526365, 'lag_6': 0.8384128625495831, 'lag_7': 0.6397245091251679, 'lag_8': 0.18421340860430147, 'lag_9': 0.05143383757820665, 'lag_10': 0.9626508848394462, 'lag_11': 0.2721723161098463, 'lag_12': 0.4677766050568387, 'lag_13': 0.29220592785449007, 'lag_14': 0.9077281436939514, 'lag_15': 0.6694671590985178, 'lag_16': 0.06200803809412447, 'lag_17': 0.6351029148509634, 'lag_18': 0.9079921293763467, 'lag_19': 0.27589229465718323, 'lag_20': 0.011177643376725018, 'lag_21': 0.7098582863655326, 'lag_22': 0.8810921379388098, 'lag_23': 0.17765302287824475, 'lag_24': 0.17504543176907347, 'lag_25': 0.3767313248195282, 'lag_26': 0.7778014635289814, 'lag_27': 0.9166932805774507, 'lag_28': 0.3720186962028212}. Best is trial 5 with value: 0.005766366955905177.
[I 2025-09-29 12:54:36,758] Trial 6 finished with value: 0.005866242556038867 and parameters: {'lag_0': 0.3156529903316855, 'lag_1': 0.9450286639636625, 'lag_2': 0.2539564290001962, 'lag_3': 0.47954366188916836, 'lag_4': 0.5677255798403418, 'lag_5': 0.14604207792976898, 'lag_6': 0.10386134376955394, 'lag_7': 0.16341017948489914, 'lag_8': 0.7414787980406656, 'lag_9': 0.4415466624237132, 'lag_10': 0.26167613590142697, 'lag_11': 0.3031101863150829, 'lag_12': 0.08320552152870597, 'lag_13': 0.006569995167017418, 'lag_14': 0.2951705924537, 'lag_15': 0.5011962635206274, 'lag_16': 0.4268861532131856, 'lag_17': 0.3270929756430455, 'lag_18': 0.6228819749255113, 'lag_19': 0.9270839216964822, 'lag_20': 0.29919814871130207, 'lag_21': 0.6273050623831363, 'lag_22': 0.254343056655495, 'lag_23': 0.06792326234237603, 'lag_24': 0.29637953392219285, 'lag_25': 0.4991031886761915, 'lag_26': 0.05767892931029276, 'lag_27': 0.143766936427325, 'lag_28': 0.26063544036570196}. Best is trial 5 with value: 0.005766366955905177.
[I 2025-09-29 12:54:39,192] Trial 7 finished with value: 0.006087555430979081 and parameters: {'lag_0': 0.41293948585500284, 'lag_1': 0.8971423570132453, 'lag_2': 0.9223955699089542, 'lag_3': 0.31376948222801027, 'lag_4': 0.7065314643190939, 'lag_5': 0.8618286147793275, 'lag_6': 0.7776431222502763, 'lag_7': 0.37306644988764703, 'lag_8': 0.28686857693186235, 'lag_9': 0.3646200618314689, 'lag_10': 0.8770561768996354, 'lag_11': 0.1293640514039567, 'lag_12': 0.32778949277069336, 'lag_13': 0.33663734449254157, 'lag_14': 0.6304759480805137, 'lag_15': 0.5283915638490163, 'lag_16': 0.620890885589819, 'lag_17': 0.0023781621020485108, 'lag_18': 0.1728287106252395, 'lag_19': 0.5588116586836973, 'lag_20': 0.2554511525743733, 'lag_21': 0.1452148373150957, 'lag_22': 0.3249208323327727, 'lag_23': 0.8659406090177157, 'lag_24': 0.9558169998593586, 'lag_25': 0.6565916838533041, 'lag_26': 0.21951841677286418, 'lag_27': 0.6301455075347311, 'lag_28': 0.8332447719493117}. Best is trial 5 with value: 0.005766366955905177.
[I 2025-09-29 12:54:41,613] Trial 8 finished with value: 0.00615245553266186 and parameters: {'lag_0': 0.6942675970832196, 'lag_1': 0.9870915089193314, 'lag_2': 0.8111030293426382, 'lag_3': 0.42572989908005654, 'lag_4': 0.7925612885484813, 'lag_5': 0.9868792727808946, 'lag_6': 0.18784758049967695, 'lag_7': 0.9762279819943944, 'lag_8': 0.8668107429994487, 'lag_9': 0.16444192717734737, 'lag_10': 0.7847961732747671, 'lag_11': 0.6987196972573674, 'lag_12': 0.8624492770737839, 'lag_13': 0.54573279266492, 'lag_14': 0.03261145068359105, 'lag_15': 0.48254051926530767, 'lag_16': 0.4047885410363709, 'lag_17': 0.30551603736221683, 'lag_18': 0.8946832578710608, 'lag_19': 0.5559223215549692, 'lag_20': 0.28023039175332065, 'lag_21': 0.7261984053341982, 'lag_22': 0.4051179895959632, 'lag_23': 0.945435956764468, 'lag_24': 0.5369102565429366, 'lag_25': 0.5775974197822892, 'lag_26': 0.05416593022026636, 'lag_27': 0.2321537912753403, 'lag_28': 0.8125795332876361}. Best is trial 5 with value: 0.005766366955905177.
[I 2025-09-29 12:54:44,040] Trial 9 finished with value: 0.00580693944920968 and parameters: {'lag_0': 0.10118771699087398, 'lag_1': 0.3203113570726648, 'lag_2': 0.43462218929807345, 'lag_3': 0.28376063251551964, 'lag_4': 0.43109938781928936, 'lag_5': 0.9814996866430923, 'lag_6': 0.8034010332317144, 'lag_7': 0.3251345216866471, 'lag_8': 0.224061399350238, 'lag_9': 0.3372721233966559, 'lag_10': 0.31086430325525194, 'lag_11': 0.13196521832058175, 'lag_12': 0.9727478865627116, 'lag_13': 0.8385523709615759, 'lag_14': 0.9716312478612316, 'lag_15': 0.3723295765310471, 'lag_16': 0.8078212266453532, 'lag_17': 0.16003678950363368, 'lag_18': 0.23770646955432811, 'lag_19': 0.2741126712540481, 'lag_20': 0.526735598257999, 'lag_21': 0.0180802898216318, 'lag_22': 0.035141293015846474, 'lag_23': 0.0981451081049564, 'lag_24': 0.28118932560864685, 'lag_25': 0.3752701626714131, 'lag_26': 0.6709720182959472, 'lag_27': 0.7131034002649931, 'lag_28': 0.7597601310141948}. Best is trial 5 with value: 0.005766366955905177.
[I 2025-09-29 12:54:46,481] Trial 10 finished with value: 0.006349265411844124 and parameters: {'lag_0': 0.9966112344355911, 'lag_1': 0.040613404980130496, 'lag_2': 0.6152569248765773, 'lag_3': 0.9930082855980851, 'lag_4': 0.2502851579336709, 'lag_5': 0.6413214306972863, 'lag_6': 0.9655166301476855, 'lag_7': 0.8201225513768453, 'lag_8': 0.49253497881048547, 'lag_9': 0.7581993769016264, 'lag_10': 0.9653391585436326, 'lag_11': 0.5857130829964311, 'lag_12': 0.5677071582259915, 'lag_13': 0.7682952993019072, 'lag_14': 0.7955993514369579, 'lag_15': 0.9899581116524432, 'lag_16': 0.013872850417691818, 'lag_17': 0.6364955377021956, 'lag_18': 0.9804486448743781, 'lag_19': 0.33248844505543895, 'lag_20': 0.020118826970328706, 'lag_21': 0.40726455747052254, 'lag_22': 0.7036259151841501, 'lag_23': 0.35030150545955774, 'lag_24': 0.809852962343594, 'lag_25': 0.27047208093406383, 'lag_26': 0.9788365178491905, 'lag_27': 0.9714269930960693, 'lag_28': 0.011693331769212945}. Best is trial 5 with value: 0.005766366955905177.
[I 2025-09-29 12:54:48,930] Trial 11 finished with value: 0.006344145498567937 and parameters: {'lag_0': 0.20321485180007992, 'lag_1': 0.23752517970656384, 'lag_2': 0.493090183470371, 'lag_3': 0.04721388307298846, 'lag_4': 0.9854229581142331, 'lag_5': 0.6689881679701033, 'lag_6': 0.9988269133279656, 'lag_7': 0.17883599215950752, 'lag_8': 0.01734072821723201, 'lag_9': 0.015743570142671637, 'lag_10': 0.0026037197067706463, 'lag_11': 0.04147292104189079, 'lag_12': 0.574201844301604, 'lag_13': 0.9883129386058456, 'lag_14': 0.9648855389565547, 'lag_15': 0.34063271992278943, 'lag_16': 0.9581640197365361, 'lag_17': 0.06527756547408253, 'lag_18': 0.5879838249118308, 'lag_19': 0.32772177382046463, 'lag_20': 0.5419716311730008, 'lag_21': 0.010699066922122807, 'lag_22': 0.053900461661580135, 'lag_23': 0.01146430776510049, 'lag_24': 0.20404755123660034, 'lag_25': 0.3053047115517223, 'lag_26': 0.6864071989148774, 'lag_27': 0.9605037839741213, 'lag_28': 0.9737711490220341}. Best is trial 5 with value: 0.005766366955905177.
[I 2025-09-29 12:54:51,391] Trial 12 finished with value: 0.005893465587789949 and parameters: {'lag_0': 0.6139751382555166, 'lag_1': 0.33163034797525626, 'lag_2': 0.48875316272833524, 'lag_3': 0.699690610008905, 'lag_4': 0.3945253535256845, 'lag_5': 0.7386244804580938, 'lag_6': 0.63253950237903, 'lag_7': 0.014577511796442899, 'lag_8': 0.25279439485004607, 'lag_9': 0.29327593730327206, 'lag_10': 0.19162048574597257, 'lag_11': 0.28852219678235747, 'lag_12': 0.4067439251714816, 'lag_13': 0.7485513189383876, 'lag_14': 0.8234657525239415, 'lag_15': 0.690730250632601, 'lag_16': 0.22749463945260298, 'lag_17': 0.19482264986491482, 'lag_18': 0.42242911600642824, 'lag_19': 0.2796750249554338, 'lag_20': 0.5903199898363127, 'lag_21': 0.2506031734502516, 'lag_22': 0.029578305286661832, 'lag_23': 0.24085363389808817, 'lag_24': 0.262108457936862, 'lag_25': 0.34292534650529055, 'lag_26': 0.7718936468438508, 'lag_27': 0.7971523011874145, 'lag_28': 0.4664501257937675}. Best is trial 5 with value: 0.005766366955905177.
[I 2025-09-29 12:54:53,854] Trial 13 finished with value: 0.006283238169754084 and parameters: {'lag_0': 0.8210858235662875, 'lag_1': 0.31354486093462586, 'lag_2': 0.619941917524411, 'lag_3': 0.699191776983438, 'lag_4': 0.3104256982349888, 'lag_5': 0.45326741497254164, 'lag_6': 0.3745227791916341, 'lag_7': 0.737448109889702, 'lag_8': 0.419915309745333, 'lag_9': 0.18862879510878494, 'lag_10': 0.5512147248306056, 'lag_11': 0.0013112077966006552, 'lag_12': 0.9969934028324808, 'lag_13': 0.6994405207351936, 'lag_14': 0.8053164922848646, 'lag_15': 0.3122490315831307, 'lag_16': 0.8122783387503015, 'lag_17': 0.5767819966142337, 'lag_18': 0.7477049996262047, 'lag_19': 0.0007415072517538701, 'lag_20': 0.4041481465103222, 'lag_21': 0.5492678336204642, 'lag_22': 0.759359065252224, 'lag_23': 0.45286910839013106, 'lag_24': 0.14968456357965218, 'lag_25': 0.40080994015195776, 'lag_26': 0.5842177992721798, 'lag_27': 0.37320339622031345, 'lag_28': 0.3155377070769599}. Best is trial 5 with value: 0.005766366955905177.
[I 2025-09-29 12:54:56,320] Trial 14 finished with value: 0.006420282834304293 and parameters: {'lag_0': 0.18284521703797602, 'lag_1': 0.653318071478734, 'lag_2': 0.38602142173349047, 'lag_3': 0.10918826060466352, 'lag_4': 0.11739026607847575, 'lag_5': 0.7883537873562877, 'lag_6': 0.8783748246207784, 'lag_7': 0.3508122300633595, 'lag_8': 0.13862733137885705, 'lag_9': 0.6695866498346812, 'lag_10': 0.36995846987814973, 'lag_11': 0.38131455769010947, 'lag_12': 0.7170096518618345, 'lag_13': 0.9239074475606677, 'lag_14': 0.8803461946717679, 'lag_15': 0.6275080779765776, 'lag_16': 0.9929211555678866, 'lag_17': 0.9494950907870618, 'lag_18': 0.2550659496267338, 'lag_19': 0.42940393793183285, 'lag_20': 0.16558332307849558, 'lag_21': 0.27376641841044796, 'lag_22': 0.5484022129670039, 'lag_23': 0.1283358213628902, 'lag_24': 0.3589159295960548, 'lag_25': 0.1811564048460142, 'lag_26': 0.8295768792986398, 'lag_27': 0.7477047939311303, 'lag_28': 0.5672760272450328}. Best is trial 5 with value: 0.005766366955905177.
[I 2025-09-29 12:54:58,776] Trial 15 finished with value: 0.0060588893042511265 and parameters: {'lag_0': 0.5384459016035762, 'lag_1': 0.14279552623187897, 'lag_2': 0.994397125176667, 'lag_3': 0.9760341461712068, 'lag_4': 0.3462297099601057, 'lag_5': 0.5496605403833414, 'lag_6': 0.6940371365468192, 'lag_7': 0.6539868172709716, 'lag_8': 0.3793743749357964, 'lag_9': 0.3122647898261587, 'lag_10': 0.08828781812647463, 'lag_11': 0.17053495881874278, 'lag_12': 0.4139409481306722, 'lag_13': 0.14458884308752656, 'lag_14': 0.6795597641990343, 'lag_15': 0.9239823213050335, 'lag_16': 0.2772752918474002, 'lag_17': 0.16874750263414065, 'lag_18': 0.06088143070341365, 'lag_19': 0.20959317634831562, 'lag_20': 0.4100858184856834, 'lag_21': 0.030218547745942737, 'lag_22': 0.15878510470285934, 'lag_23': 0.22519083851498056, 'lag_24': 0.15778628403791078, 'lag_25': 0.7114111062582608, 'lag_26': 0.4757028477535939, 'lag_27': 0.9089052183836794, 'lag_28': 0.986607734442905}. Best is trial 5 with value: 0.005766366955905177.
[I 2025-09-29 12:55:01,245] Trial 16 finished with value: 0.005909523985045304 and parameters: {'lag_0': 0.8438779399025111, 'lag_1': 0.46955766860713855, 'lag_2': 0.6798400636375901, 'lag_3': 0.6900601782814675, 'lag_4': 0.49859275518155133, 'lag_5': 0.8068762220514786, 'lag_6': 0.42759652880239557, 'lag_7': 0.8878913664767878, 'lag_8': 0.6028731355645914, 'lag_9': 0.10265149133374553, 'lag_10': 0.4045912601042021, 'lag_11': 0.21417435963207201, 'lag_12': 0.6507387221804979, 'lag_13': 0.6381647943169602, 'lag_14': 0.4105661525405963, 'lag_15': 0.37546291438866625, 'lag_16': 0.7821396667277288, 'lag_17': 0.6597022881591379, 'lag_18': 0.5647801773660146, 'lag_19': 0.42976920024746423, 'lag_20': 0.6558396635415109, 'lag_21': 0.9683900427327203, 'lag_22': 0.6714958547668599, 'lag_23': 0.4308407240978955, 'lag_24': 0.6465517275224854, 'lag_25': 0.42133130609035213, 'lag_26': 0.764296659916606, 'lag_27': 0.4587253285558808, 'lag_28': 0.21667241358591036}. Best is trial 5 with value: 0.005766366955905177.
2025-09-29 12:55:02,557 - distributed.worker - INFO - Stopping worker at tcp://192.168.86.140:44271. Reason: scheduler-remove-worker
2025-09-29 12:55:02,563 - distributed.nanny - INFO - Closing Nanny gracefully at 'tcp://192.168.86.140:38658'. Reason: scheduler-remove-worker
2025-09-29 12:55:02,564 - distributed.worker.state_machine - WARNING - Async instruction for <Task cancelled name='execute(optimize_subject-2b8c81f1-70bf-4a69-aede-cf5ba4fd6410)' coro=<Worker.execute() done, defined at /usr/global/miniconda/py310_23.1.0-1/envs/workshop_311/lib/python3.11/site-packages/distributed/worker_state_machine.py:3607>> ended with CancelledError
slurmstepd: error: *** JOB 3081174 ON node40 CANCELLED AT 2025-09-29T12:55:02 ***
