2025-09-29 11:51:57,582 - distributed.nanny - INFO -         Start Nanny at: 'tcp://192.168.86.108:44784'
2025-09-29 11:51:58,910 - distributed.worker - INFO -       Start worker at: tcp://192.168.86.108:33743
2025-09-29 11:51:58,910 - distributed.worker - INFO -          Listening to: tcp://192.168.86.108:33743
2025-09-29 11:51:58,911 - distributed.worker - INFO -           Worker name:            SLURMCluster-14
2025-09-29 11:51:58,911 - distributed.worker - INFO -          dashboard at:       192.168.86.108:35781
2025-09-29 11:51:58,911 - distributed.worker - INFO - Waiting to connect to: tcp://192.168.86.101:45699
2025-09-29 11:51:58,911 - distributed.worker - INFO - -------------------------------------------------
2025-09-29 11:51:58,911 - distributed.worker - INFO -               Threads:                          1
2025-09-29 11:51:58,911 - distributed.worker - INFO -                Memory:                   9.31 GiB
2025-09-29 11:51:58,911 - distributed.worker - INFO -       Local Directory: /home1/zrentala/dask-worker-space/dask-scratch-space/worker-7vlczq8y
2025-09-29 11:51:58,911 - distributed.worker - INFO - -------------------------------------------------
2025-09-29 11:51:59,353 - distributed.worker - INFO - Starting Worker plugin shuffle
2025-09-29 11:51:59,354 - distributed.worker - INFO -         Registered to: tcp://192.168.86.101:45699
2025-09-29 11:51:59,354 - distributed.worker - INFO - -------------------------------------------------
2025-09-29 11:51:59,354 - distributed.core - INFO - Starting established connection to tcp://192.168.86.101:45699
[I 2025-09-29 11:51:59,503] A new study created in memory with name: no-name-065e367a-5e50-4119-bfba-11a7ece081e7
[I 2025-09-29 11:52:02,114] Trial 0 finished with value: 0.010072259797975502 and parameters: {'lag_0': 0.353253425726924, 'lag_1': 0.9574152396369515, 'lag_2': 0.008889772276262269, 'lag_3': 0.48900642327214044, 'lag_4': 0.2435569329087251, 'lag_5': 0.9118614537320924, 'lag_6': 0.0734703837267044, 'lag_7': 0.6272939893796143, 'lag_8': 0.23648927775561018, 'lag_9': 0.2632205172099937, 'lag_10': 0.03447582153938814, 'lag_11': 0.2333009298081284, 'lag_12': 0.40964513217389803, 'lag_13': 0.7610879564381431, 'lag_14': 0.8633499760304437, 'lag_15': 0.34349948439690325, 'lag_16': 0.14817513581618041, 'lag_17': 0.38653129779849466, 'lag_18': 0.8760198580476117, 'lag_19': 0.8945509184543708, 'lag_20': 0.08192666646703316, 'lag_21': 0.2545909115085794, 'lag_22': 0.9998453632173129, 'lag_23': 0.6649809918082311, 'lag_24': 0.46198716252425415, 'lag_25': 0.9168624100180027, 'lag_26': 0.5029194839167166, 'lag_27': 0.413396019081988, 'lag_28': 0.8941500741149131}. Best is trial 0 with value: 0.010072259797975502.
[I 2025-09-29 11:52:04,692] Trial 1 finished with value: 0.009820303371744802 and parameters: {'lag_0': 0.9527086297113256, 'lag_1': 0.3326329845368413, 'lag_2': 0.8358367807603596, 'lag_3': 0.21916584108880846, 'lag_4': 0.04614392489633627, 'lag_5': 0.7533085764216357, 'lag_6': 0.5443037248790035, 'lag_7': 0.3973297647201164, 'lag_8': 0.3334681164758486, 'lag_9': 0.08931914189444902, 'lag_10': 0.5076556588225828, 'lag_11': 0.8977838952685752, 'lag_12': 0.7618100033455086, 'lag_13': 0.6889719118721588, 'lag_14': 0.9709421058836301, 'lag_15': 0.5846604099230606, 'lag_16': 0.3164803099954265, 'lag_17': 0.22174060337150261, 'lag_18': 0.9543043697946753, 'lag_19': 0.8429893646131272, 'lag_20': 0.8469498092867391, 'lag_21': 0.9459139397833021, 'lag_22': 0.6091202699486119, 'lag_23': 0.6133122042161873, 'lag_24': 0.8432558553533387, 'lag_25': 0.10291893869208679, 'lag_26': 0.2677791244371079, 'lag_27': 0.5015264746932252, 'lag_28': 0.021191415794598326}. Best is trial 1 with value: 0.009820303371744802.
[I 2025-09-29 11:52:07,258] Trial 2 finished with value: 0.010116691252306964 and parameters: {'lag_0': 0.6983021218127944, 'lag_1': 0.5373775181579372, 'lag_2': 0.0499876582516376, 'lag_3': 0.8631480746897368, 'lag_4': 0.8129207101787956, 'lag_5': 0.8778690765572498, 'lag_6': 0.18814390359554256, 'lag_7': 0.5921736165233772, 'lag_8': 0.5932784827422144, 'lag_9': 0.02752558786720588, 'lag_10': 0.22187005935275242, 'lag_11': 0.8554078579079722, 'lag_12': 0.2157111821943845, 'lag_13': 0.2186818215662003, 'lag_14': 0.08633383633276615, 'lag_15': 0.6183530519942195, 'lag_16': 0.7403077970441602, 'lag_17': 0.7752313442907515, 'lag_18': 0.8405008070121174, 'lag_19': 0.08130326213527467, 'lag_20': 0.5833265602183468, 'lag_21': 0.576138509987204, 'lag_22': 0.3787301470598463, 'lag_23': 0.5577695228043312, 'lag_24': 0.4553096037940085, 'lag_25': 0.1701430094600644, 'lag_26': 0.5545518063867138, 'lag_27': 0.8420105589296027, 'lag_28': 0.45544811875740926}. Best is trial 1 with value: 0.009820303371744802.
[I 2025-09-29 11:52:09,814] Trial 3 finished with value: 0.009971774517035393 and parameters: {'lag_0': 0.21825836460190906, 'lag_1': 0.2323297352082559, 'lag_2': 0.4879216666206754, 'lag_3': 0.5023655226272368, 'lag_4': 0.1944289435180367, 'lag_5': 0.7303451687261752, 'lag_6': 0.019675585359632534, 'lag_7': 0.3479218236570939, 'lag_8': 0.4534401209689904, 'lag_9': 0.7232269584008807, 'lag_10': 0.5846223830852657, 'lag_11': 0.5358881923772075, 'lag_12': 0.2881760726976647, 'lag_13': 0.03492569116785193, 'lag_14': 0.27934584833612947, 'lag_15': 0.9107226751066252, 'lag_16': 0.8861549536796314, 'lag_17': 0.7718813719884055, 'lag_18': 0.7214887229362923, 'lag_19': 0.12264149256568423, 'lag_20': 0.9398187010899246, 'lag_21': 0.5009168282623284, 'lag_22': 0.6448169266622082, 'lag_23': 0.547489878555728, 'lag_24': 0.44640385483449474, 'lag_25': 0.5512498294648204, 'lag_26': 0.06499755316221235, 'lag_27': 0.5421614138995284, 'lag_28': 0.38899698784725134}. Best is trial 1 with value: 0.009820303371744802.
[I 2025-09-29 11:52:12,362] Trial 4 finished with value: 0.009915006780397698 and parameters: {'lag_0': 0.1832617003823004, 'lag_1': 0.9871482011018258, 'lag_2': 0.8923156550081562, 'lag_3': 0.3989676127300211, 'lag_4': 0.690904772175034, 'lag_5': 0.5202061495025067, 'lag_6': 0.6805239845916748, 'lag_7': 0.7211784100888956, 'lag_8': 0.289554985656252, 'lag_9': 0.7010304664643906, 'lag_10': 0.943878672492138, 'lag_11': 0.5034684396692823, 'lag_12': 0.8694226951540003, 'lag_13': 0.18849882238407495, 'lag_14': 0.6148742508968229, 'lag_15': 0.4372543097648742, 'lag_16': 0.7212013031611507, 'lag_17': 0.46549141076453776, 'lag_18': 0.8772469400350279, 'lag_19': 0.754236333997596, 'lag_20': 0.49748896493299094, 'lag_21': 0.21585148743362548, 'lag_22': 0.19463109650158245, 'lag_23': 0.4773597093236438, 'lag_24': 0.8954271898991767, 'lag_25': 0.36049070271571704, 'lag_26': 0.9170504375625657, 'lag_27': 0.7515081455973959, 'lag_28': 0.9406666575616731}. Best is trial 1 with value: 0.009820303371744802.
[I 2025-09-29 11:52:14,910] Trial 5 finished with value: 0.0099529742320877 and parameters: {'lag_0': 0.9353159898694813, 'lag_1': 0.8645496323308778, 'lag_2': 0.6716762014078326, 'lag_3': 0.2673657294607629, 'lag_4': 0.7893322961973753, 'lag_5': 0.7754005622102408, 'lag_6': 0.720418874023469, 'lag_7': 0.7434262775981096, 'lag_8': 0.30469963766723285, 'lag_9': 0.5269903974301143, 'lag_10': 0.03753290984515637, 'lag_11': 0.22039431428158912, 'lag_12': 0.29728569700372004, 'lag_13': 0.6520630964514562, 'lag_14': 0.11351770450280729, 'lag_15': 0.06647331877867567, 'lag_16': 0.16972388845758962, 'lag_17': 0.11239094851635421, 'lag_18': 0.2751229470190949, 'lag_19': 0.22245812772583407, 'lag_20': 0.6766389944231715, 'lag_21': 0.8038831030802602, 'lag_22': 0.12799469844488437, 'lag_23': 0.2825540606084039, 'lag_24': 0.8722369789123171, 'lag_25': 0.8172477080120539, 'lag_26': 0.37542467275448205, 'lag_27': 0.5624427995945184, 'lag_28': 0.18164704782146135}. Best is trial 1 with value: 0.009820303371744802.
[I 2025-09-29 11:52:17,468] Trial 6 finished with value: 0.01020273738801882 and parameters: {'lag_0': 0.10047466869679043, 'lag_1': 0.8758657677767112, 'lag_2': 0.13813136181877134, 'lag_3': 0.5669137360596713, 'lag_4': 0.4128725539286994, 'lag_5': 0.578030522400257, 'lag_6': 0.7317783837413134, 'lag_7': 0.546414848498064, 'lag_8': 0.9832821825675568, 'lag_9': 0.08803528447169132, 'lag_10': 0.8392498093268462, 'lag_11': 0.07158344788460144, 'lag_12': 0.24741737552342047, 'lag_13': 0.6555791303514231, 'lag_14': 0.31285493224345495, 'lag_15': 0.0913304564349743, 'lag_16': 0.45037213671512255, 'lag_17': 0.8714126755703775, 'lag_18': 0.8991687520842699, 'lag_19': 0.5022553952633406, 'lag_20': 0.5781243088793013, 'lag_21': 0.2670119190916279, 'lag_22': 0.5001813908668526, 'lag_23': 0.1567748054602096, 'lag_24': 0.8044402977518114, 'lag_25': 0.9903543356369859, 'lag_26': 0.5513823821545664, 'lag_27': 0.26921227863470404, 'lag_28': 0.0499702300380276}. Best is trial 1 with value: 0.009820303371744802.
[I 2025-09-29 11:52:20,018] Trial 7 finished with value: 0.009793920554715209 and parameters: {'lag_0': 0.711814941068799, 'lag_1': 0.4496811971015119, 'lag_2': 0.5460935440021606, 'lag_3': 0.14435263021867978, 'lag_4': 0.3869368303325426, 'lag_5': 0.9860708959878106, 'lag_6': 0.7689410438909785, 'lag_7': 0.2733843167003915, 'lag_8': 0.5484071826483882, 'lag_9': 0.8764728217145598, 'lag_10': 0.5086882656424127, 'lag_11': 0.30329100095553896, 'lag_12': 0.6217360819668983, 'lag_13': 0.6151616013096888, 'lag_14': 0.31925277754649994, 'lag_15': 0.6500130503597001, 'lag_16': 0.37613039243441176, 'lag_17': 0.7704702324561771, 'lag_18': 0.5915369836267911, 'lag_19': 0.4832312319626037, 'lag_20': 0.0735549495166643, 'lag_21': 0.48012048543207014, 'lag_22': 0.8022623486952971, 'lag_23': 0.09752339754725844, 'lag_24': 0.04920944755079097, 'lag_25': 0.9880170680200077, 'lag_26': 0.11379131194504143, 'lag_27': 0.9092064668789462, 'lag_28': 0.3383203722741764}. Best is trial 7 with value: 0.009793920554715209.
[I 2025-09-29 11:52:22,581] Trial 8 finished with value: 0.010086152324929185 and parameters: {'lag_0': 0.9054900626500612, 'lag_1': 0.2485900735519056, 'lag_2': 0.20769687550924718, 'lag_3': 0.23745662078162247, 'lag_4': 0.8966242904422963, 'lag_5': 0.9189645477055016, 'lag_6': 0.2336212757452498, 'lag_7': 0.007545513914917276, 'lag_8': 0.9711017597584322, 'lag_9': 0.5671055725989591, 'lag_10': 0.11083032641805159, 'lag_11': 0.17146476669173136, 'lag_12': 0.2053092071460958, 'lag_13': 0.7277722692698538, 'lag_14': 0.41203240251158507, 'lag_15': 0.32308378201207866, 'lag_16': 0.3193301433080455, 'lag_17': 0.8861556859413697, 'lag_18': 0.5292100686102386, 'lag_19': 0.9720906960116532, 'lag_20': 0.47193665677904656, 'lag_21': 0.102875726822424, 'lag_22': 0.28814544951330145, 'lag_23': 0.7170583744012528, 'lag_24': 0.48608748236755767, 'lag_25': 0.15677391695173248, 'lag_26': 0.29940610295552633, 'lag_27': 0.35376645158346287, 'lag_28': 0.4448678587743123}. Best is trial 7 with value: 0.009793920554715209.
[I 2025-09-29 11:52:25,144] Trial 9 finished with value: 0.010113050709545827 and parameters: {'lag_0': 0.30294900958288756, 'lag_1': 0.34918916496341335, 'lag_2': 0.804927423550434, 'lag_3': 0.32665783252474584, 'lag_4': 0.10996989151635178, 'lag_5': 0.33616703580686497, 'lag_6': 0.0024973959471600907, 'lag_7': 0.9784512476993612, 'lag_8': 0.25847337505330686, 'lag_9': 0.23023232649677655, 'lag_10': 0.6453206129830215, 'lag_11': 0.015205394271046394, 'lag_12': 0.3071351700331359, 'lag_13': 0.7795040993139289, 'lag_14': 0.6163872761013445, 'lag_15': 0.6110370401178138, 'lag_16': 0.36524753751960415, 'lag_17': 0.401411817195025, 'lag_18': 0.6676388128345218, 'lag_19': 0.7448544313943397, 'lag_20': 0.6286617382267019, 'lag_21': 0.07830970193073336, 'lag_22': 0.9194122329811855, 'lag_23': 0.7863568378000539, 'lag_24': 0.05268261765308579, 'lag_25': 0.6062589901496624, 'lag_26': 0.7602055616929656, 'lag_27': 0.4841507877114502, 'lag_28': 0.7371141801576379}. Best is trial 7 with value: 0.009793920554715209.
[I 2025-09-29 11:52:27,778] Trial 10 finished with value: 0.009960061107416329 and parameters: {'lag_0': 0.6146612577952723, 'lag_1': 0.010916882836160657, 'lag_2': 0.4182428963221232, 'lag_3': 0.079273749688061, 'lag_4': 0.5358449977737263, 'lag_5': 0.02009708538129651, 'lag_6': 0.9707234457320663, 'lag_7': 0.13506650790730587, 'lag_8': 0.7009110625998187, 'lag_9': 0.9958019081954119, 'lag_10': 0.33859568250932215, 'lag_11': 0.3821889692383141, 'lag_12': 0.6501561662137665, 'lag_13': 0.9825598818481784, 'lag_14': 0.5625316975855812, 'lag_15': 0.880011668689165, 'lag_16': 0.009681798885378734, 'lag_17': 0.6086609216951159, 'lag_18': 0.020955150417198087, 'lag_19': 0.4237400862579021, 'lag_20': 0.004455001072989115, 'lag_21': 0.6869697181203782, 'lag_22': 0.7838899048160453, 'lag_23': 0.02554520041045888, 'lag_24': 0.003097045964372852, 'lag_25': 0.7741115543060504, 'lag_26': 0.0020815157796845174, 'lag_27': 0.99056937620675, 'lag_28': 0.66592797537952}. Best is trial 7 with value: 0.009793920554715209.
[I 2025-09-29 11:52:30,473] Trial 11 finished with value: 0.009918986061738105 and parameters: {'lag_0': 0.8097467380519477, 'lag_1': 0.5557151423165219, 'lag_2': 0.9949993966119293, 'lag_3': 0.041517205097475834, 'lag_4': 0.015305577394376553, 'lag_5': 0.6956196273381563, 'lag_6': 0.46023638881000023, 'lag_7': 0.3245685395653687, 'lag_8': 0.06211652214131763, 'lag_9': 0.9398102037605477, 'lag_10': 0.4092788172013841, 'lag_11': 0.7540340561158849, 'lag_12': 0.668458853206983, 'lag_13': 0.41550366025551044, 'lag_14': 0.9617414779283633, 'lag_15': 0.7372279879160204, 'lag_16': 0.6123152927197342, 'lag_17': 0.10128646214270542, 'lag_18': 0.40141348836654916, 'lag_19': 0.496187315791735, 'lag_20': 0.2629020480997655, 'lag_21': 0.929429881982383, 'lag_22': 0.6842712732817928, 'lag_23': 0.9975169380782608, 'lag_24': 0.6828295960881458, 'lag_25': 0.04304335735413785, 'lag_26': 0.2060175856990851, 'lag_27': 0.003737031178971284, 'lag_28': 0.22898837362467261}. Best is trial 7 with value: 0.009793920554715209.
[I 2025-09-29 11:52:33,090] Trial 12 finished with value: 0.009801906048292255 and parameters: {'lag_0': 0.5230494016116375, 'lag_1': 0.6767336057417017, 'lag_2': 0.680119091338655, 'lag_3': 0.1489344226914428, 'lag_4': 0.3688964881737609, 'lag_5': 0.9941073344547475, 'lag_6': 0.5121821957184418, 'lag_7': 0.3257683954528138, 'lag_8': 0.7514412966545043, 'lag_9': 0.39250808566445444, 'lag_10': 0.6920732400931771, 'lag_11': 0.9914404192035254, 'lag_12': 0.985808434145468, 'lag_13': 0.4711806574577689, 'lag_14': 0.7908349577985797, 'lag_15': 0.7216065108926275, 'lag_16': 0.23093696222679733, 'lag_17': 0.2810296114291031, 'lag_18': 0.5966855433697713, 'lag_19': 0.6500428056321796, 'lag_20': 0.9972770091401274, 'lag_21': 0.9909206014518948, 'lag_22': 0.5360053350430117, 'lag_23': 0.3499830960355719, 'lag_24': 0.25197847696591114, 'lag_25': 0.364511578299489, 'lag_26': 0.17173390130988997, 'lag_27': 0.7248479703469017, 'lag_28': 0.2523990705949107}. Best is trial 7 with value: 0.009793920554715209.
[I 2025-09-29 11:52:35,718] Trial 13 finished with value: 0.010019134035748467 and parameters: {'lag_0': 0.49087663797650505, 'lag_1': 0.7019849045548888, 'lag_2': 0.6422033043985469, 'lag_3': 0.7355875668014269, 'lag_4': 0.402494703675463, 'lag_5': 0.9920303351437488, 'lag_6': 0.9458545926401147, 'lag_7': 0.2287136714502215, 'lag_8': 0.7571128400484988, 'lag_9': 0.3410837307341237, 'lag_10': 0.7209729355596848, 'lag_11': 0.6472304990480092, 'lag_12': 0.9887592055745229, 'lag_13': 0.45404284507667786, 'lag_14': 0.7585349553464709, 'lag_15': 0.7657134531171546, 'lag_16': 0.5305383626961799, 'lag_17': 0.5835864708951307, 'lag_18': 0.5068962454632887, 'lag_19': 0.6189385927159637, 'lag_20': 0.2998569456289135, 'lag_21': 0.4266488696656907, 'lag_22': 0.79305444215378, 'lag_23': 0.3451360837142943, 'lag_24': 0.22569463027556042, 'lag_25': 0.361100584407318, 'lag_26': 0.12612112708762652, 'lag_27': 0.7489850446725212, 'lag_28': 0.26867026817327605}. Best is trial 7 with value: 0.009793920554715209.
[I 2025-09-29 11:52:38,330] Trial 14 finished with value: 0.010001883688033475 and parameters: {'lag_0': 0.4973885540250644, 'lag_1': 0.7101375141475906, 'lag_2': 0.3268770737329064, 'lag_3': 0.11237236337339396, 'lag_4': 0.5424930136962348, 'lag_5': 0.3505732348524281, 'lag_6': 0.41857533299035743, 'lag_7': 0.1707762649926883, 'lag_8': 0.7689993714831047, 'lag_9': 0.8028649947619256, 'lag_10': 0.7754122549862932, 'lag_11': 0.9912554744144569, 'lag_12': 0.5969132753644911, 'lag_13': 0.3439579449237047, 'lag_14': 0.7061508178322917, 'lag_15': 0.9940748417597951, 'lag_16': 0.1925246311121195, 'lag_17': 0.3246197953421839, 'lag_18': 0.6542286497409205, 'lag_19': 0.30622714279619734, 'lag_20': 0.7944680802053112, 'lag_21': 0.6878156288549209, 'lag_22': 0.4691657095403435, 'lag_23': 0.025544002357830067, 'lag_24': 0.22210267994424604, 'lag_25': 0.3593471976544125, 'lag_26': 0.3806116485046402, 'lag_27': 0.9995100388456608, 'lag_28': 0.5753163593496982}. Best is trial 7 with value: 0.009793920554715209.
[I 2025-09-29 11:52:40,950] Trial 15 finished with value: 0.010031480477882269 and parameters: {'lag_0': 0.6825700221760436, 'lag_1': 0.7009583589883357, 'lag_2': 0.6241866632110328, 'lag_3': 0.005666691347310404, 'lag_4': 0.31683110502983197, 'lag_5': 0.9908098569079569, 'lag_6': 0.8711341357600542, 'lag_7': 0.44485546377235874, 'lag_8': 0.530128422437017, 'lag_9': 0.40649179114327894, 'lag_10': 0.4322182742653927, 'lag_11': 0.3574207749063437, 'lag_12': 0.981226573869828, 'lag_13': 0.5503370860935406, 'lag_14': 0.4091481808729398, 'lag_15': 0.7941043241382207, 'lag_16': 0.02462980939491813, 'lag_17': 0.6183313184332244, 'lag_18': 0.33246123924893733, 'lag_19': 0.6352340976927169, 'lag_20': 0.2956063398893186, 'lag_21': 0.3934477509281703, 'lag_22': 0.8197282342684507, 'lag_23': 0.20496240619951972, 'lag_24': 0.21153250624498687, 'lag_25': 0.7543555530298627, 'lag_26': 0.15503534303072875, 'lag_27': 0.6847975021270237, 'lag_28': 0.32401638041761116}. Best is trial 7 with value: 0.009793920554715209.
[I 2025-09-29 11:52:43,552] Trial 16 finished with value: 0.01007966407969794 and parameters: {'lag_0': 0.5866576416828277, 'lag_1': 0.43554682953472473, 'lag_2': 0.5639514189070993, 'lag_3': 0.17016245306208908, 'lag_4': 0.6079223644474948, 'lag_5': 0.015353450853252182, 'lag_6': 0.5843273446043015, 'lag_7': 0.007873516641381695, 'lag_8': 0.8815637312699433, 'lag_9': 0.607480569562133, 'lag_10': 0.9802413707438503, 'lag_11': 0.6445126451421119, 'lag_12': 0.05091454597423706, 'lag_13': 0.8993944169501882, 'lag_14': 0.17714268921876403, 'lag_15': 0.47760700999780936, 'lag_16': 0.4149678765226251, 'lag_17': 0.982067831252082, 'lag_18': 0.14773986990974952, 'lag_19': 0.3614959007881125, 'lag_20': 0.9970195956207274, 'lag_21': 0.7652342803148309, 'lag_22': 0.519346578762184, 'lag_23': 0.4005001483038909, 'lag_24': 0.32909125658849386, 'lag_25': 0.4567007605687945, 'lag_26': 0.7009665649516463, 'lag_27': 0.8607018491042713, 'lag_28': 0.09236626675740833}. Best is trial 7 with value: 0.009793920554715209.
[I 2025-09-29 11:52:46,173] Trial 17 finished with value: 0.009755368697770796 and parameters: {'lag_0': 0.7840653001533442, 'lag_1': 0.5989205028306162, 'lag_2': 0.7132847214562853, 'lag_3': 0.3449711976289364, 'lag_4': 0.40243353975531915, 'lag_5': 0.6230195297602867, 'lag_6': 0.3476355434584181, 'lag_7': 0.25084581786548577, 'lag_8': 0.6433692394381214, 'lag_9': 0.8411281824040076, 'lag_10': 0.5891234867046302, 'lag_11': 0.38601889318148774, 'lag_12': 0.49075563438005865, 'lag_13': 0.5571021536159967, 'lag_14': 0.4645777520782073, 'lag_15': 0.6614227992925233, 'lag_16': 0.24883801084577134, 'lag_17': 0.01299465740431116, 'lag_18': 0.5925273364130638, 'lag_19': 0.612307102375253, 'lag_20': 0.1287319230379933, 'lag_21': 0.5611121076141883, 'lag_22': 0.048829595907759316, 'lag_23': 0.13893176281814124, 'lag_24': 0.11265931988864072, 'lag_25': 0.6493964706407767, 'lag_26': 0.01594574075231278, 'lag_27': 0.8790859999056659, 'lag_28': 0.1629092067373422}. Best is trial 17 with value: 0.009755368697770796.
[I 2025-09-29 11:52:48,793] Trial 18 finished with value: 0.010034292548501451 and parameters: {'lag_0': 0.8039251548659287, 'lag_1': 0.09769184968482775, 'lag_2': 0.3703130879159968, 'lag_3': 0.6846745998465238, 'lag_4': 0.4614219039226872, 'lag_5': 0.3799612296637546, 'lag_6': 0.2776834087233019, 'lag_7': 0.23131920947281834, 'lag_8': 0.620063039945997, 'lag_9': 0.8801748194462969, 'lag_10': 0.28176767716436635, 'lag_11': 0.3610172090053848, 'lag_12': 0.4482415225543937, 'lag_13': 0.5890413862699009, 'lag_14': 0.44537402134965093, 'lag_15': 0.29286413360726143, 'lag_16': 0.5126854302061903, 'lag_17': 0.045898167314918886, 'lag_18': 0.7528688520843789, 'lag_19': 0.5168745250293999, 'lag_20': 0.15332125308540745, 'lag_21': 0.5636850206940287, 'lag_22': 0.04295768594427663, 'lag_23': 0.13959288936475542, 'lag_24': 0.09788426499178371, 'lag_25': 0.658444348955698, 'lag_26': 0.019603821050310867, 'lag_27': 0.8588806872290209, 'lag_28': 0.15014236045218934}. Best is trial 17 with value: 0.009755368697770796.
[I 2025-09-29 11:52:51,400] Trial 19 finished with value: 0.009928335805475433 and parameters: {'lag_0': 0.7907282044814172, 'lag_1': 0.5819989294752295, 'lag_2': 0.7450530545342618, 'lag_3': 0.3686138783220809, 'lag_4': 0.2581540694789344, 'lag_5': 0.19474375421984458, 'lag_6': 0.3867857410696192, 'lag_7': 0.1058540005384255, 'lag_8': 0.4154549570418593, 'lag_9': 0.8252493728544903, 'lag_10': 0.5320528586446749, 'lag_11': 0.433185637797054, 'lag_12': 0.5419936557468014, 'lag_13': 0.31730120946466855, 'lag_14': 0.24398078228956657, 'lag_15': 0.1978424444666267, 'lag_16': 0.6032924387687154, 'lag_17': 0.7296631245038974, 'lag_18': 0.4246447944285424, 'lag_19': 0.2484298482380464, 'lag_20': 0.2090151144092916, 'lag_21': 0.34601700836932936, 'lag_22': 0.3350132354129853, 'lag_23': 0.09633783841274701, 'lag_24': 0.6551141253024024, 'lag_25': 0.8932241725052874, 'lag_26': 0.28799176800267684, 'lag_27': 0.14867723340953426, 'lag_28': 0.5474139264077308}. Best is trial 17 with value: 0.009755368697770796.
