2025-09-29 12:50:16,057 - distributed.nanny - INFO -         Start Nanny at: 'tcp://192.168.86.108:40255'
2025-09-29 12:50:17,364 - distributed.worker - INFO -       Start worker at: tcp://192.168.86.108:34680
2025-09-29 12:50:17,364 - distributed.worker - INFO -          Listening to: tcp://192.168.86.108:34680
2025-09-29 12:50:17,364 - distributed.worker - INFO -           Worker name:            SLURMCluster-13
2025-09-29 12:50:17,364 - distributed.worker - INFO -          dashboard at:       192.168.86.108:44575
2025-09-29 12:50:17,364 - distributed.worker - INFO - Waiting to connect to: tcp://192.168.86.101:39990
2025-09-29 12:50:17,365 - distributed.worker - INFO - -------------------------------------------------
2025-09-29 12:50:17,365 - distributed.worker - INFO -               Threads:                          1
2025-09-29 12:50:17,365 - distributed.worker - INFO -                Memory:                   9.31 GiB
2025-09-29 12:50:17,365 - distributed.worker - INFO -       Local Directory: /home1/zrentala/dask-worker-space/dask-scratch-space/worker-f3mtynln
2025-09-29 12:50:17,365 - distributed.worker - INFO - -------------------------------------------------
2025-09-29 12:50:17,654 - distributed.worker - INFO - Starting Worker plugin shuffle
2025-09-29 12:50:17,655 - distributed.worker - INFO -         Registered to: tcp://192.168.86.101:39990
2025-09-29 12:50:17,655 - distributed.worker - INFO - -------------------------------------------------
2025-09-29 12:50:17,655 - distributed.core - INFO - Starting established connection to tcp://192.168.86.101:39990
[I 2025-09-29 12:50:17,724] A new study created in memory with name: no-name-e5e5ea16-2ca2-49e3-b069-b57207a1d17d
[I 2025-09-29 12:50:20,117] Trial 0 finished with value: 0.001607231896937189 and parameters: {'lag_0': 0.8525224304803581, 'lag_1': 0.6031547870509112, 'lag_2': 0.009737793639975468, 'lag_3': 0.238956091727919, 'lag_4': 0.20560327693394545, 'lag_5': 0.7391160277105024, 'lag_6': 0.9194902958289897, 'lag_7': 0.011786033141444536, 'lag_8': 0.579243518432663, 'lag_9': 0.8637765617123926, 'lag_10': 0.3332396496346084, 'lag_11': 0.568184879388298, 'lag_12': 0.6432673252025196, 'lag_13': 0.8162501115783444, 'lag_14': 0.5363265166062807, 'lag_15': 0.06520686717281068, 'lag_16': 0.9515171913897696, 'lag_17': 0.2981986963948706, 'lag_18': 0.5048469935066253, 'lag_19': 0.1802945650230692, 'lag_20': 0.4451786022341771, 'lag_21': 0.5709602812804134, 'lag_22': 0.7180841206640249, 'lag_23': 0.9931498726156485, 'lag_24': 0.4406613705213704, 'lag_25': 0.7171700347264268, 'lag_26': 0.46600334509281766, 'lag_27': 0.9449822465632058, 'lag_28': 0.9083110870736227}. Best is trial 0 with value: 0.001607231896937189.
[I 2025-09-29 12:50:22,493] Trial 1 finished with value: 0.001929872499629942 and parameters: {'lag_0': 0.5612318663022043, 'lag_1': 0.3516116851718374, 'lag_2': 0.6242123535987486, 'lag_3': 0.22792635058101093, 'lag_4': 0.232399317813841, 'lag_5': 0.10822678095266296, 'lag_6': 0.8306162000164349, 'lag_7': 0.5310878811567855, 'lag_8': 0.4437229735948556, 'lag_9': 0.5498324670862006, 'lag_10': 0.2601346619553569, 'lag_11': 0.6379633806379463, 'lag_12': 0.8053795851563743, 'lag_13': 0.34672500317990745, 'lag_14': 0.18643774082613934, 'lag_15': 0.38000690878483256, 'lag_16': 0.37163449531758375, 'lag_17': 0.029771517473750373, 'lag_18': 0.03292317294342291, 'lag_19': 0.3118354207247694, 'lag_20': 0.6889150933048146, 'lag_21': 0.5024017296308306, 'lag_22': 0.9459034907107615, 'lag_23': 0.2613387904340449, 'lag_24': 0.04130525385901164, 'lag_25': 0.6813865761720488, 'lag_26': 0.8197803920484773, 'lag_27': 0.48692789878921944, 'lag_28': 0.922451249811665}. Best is trial 0 with value: 0.001607231896937189.
[I 2025-09-29 12:50:24,870] Trial 2 finished with value: 0.0032135132900673385 and parameters: {'lag_0': 0.26595794404002027, 'lag_1': 0.47018228132224354, 'lag_2': 0.9013196744667652, 'lag_3': 0.24671803083604818, 'lag_4': 0.20417759761598495, 'lag_5': 0.8133735014805513, 'lag_6': 0.29238424422194026, 'lag_7': 0.6214402428946404, 'lag_8': 0.9584959920651881, 'lag_9': 0.1840960944719486, 'lag_10': 0.004077497392317636, 'lag_11': 0.5229949871159908, 'lag_12': 0.8057801639084822, 'lag_13': 0.1657011712365141, 'lag_14': 0.8642706888281182, 'lag_15': 0.9742714971223895, 'lag_16': 0.7867154395053773, 'lag_17': 0.2714893010583922, 'lag_18': 0.12027004986690006, 'lag_19': 0.9058742549954045, 'lag_20': 0.8668543186421235, 'lag_21': 0.17335655876999762, 'lag_22': 0.6726591609022534, 'lag_23': 0.2276763412468965, 'lag_24': 0.6543872365223303, 'lag_25': 0.2818125014656625, 'lag_26': 0.8208136212020545, 'lag_27': 0.16222903622048684, 'lag_28': 0.7692323727907393}. Best is trial 0 with value: 0.001607231896937189.
[I 2025-09-29 12:50:27,239] Trial 3 finished with value: 0.0023385935701487927 and parameters: {'lag_0': 0.05079877656941855, 'lag_1': 0.2945141688315688, 'lag_2': 0.9747342267659507, 'lag_3': 0.30331810476418813, 'lag_4': 0.5431094757877135, 'lag_5': 0.49250748174809444, 'lag_6': 0.7867547481577137, 'lag_7': 0.3609806290050778, 'lag_8': 0.2814473001816823, 'lag_9': 0.04155684443029222, 'lag_10': 0.6070565159387783, 'lag_11': 0.20234223042209912, 'lag_12': 0.46876599461980883, 'lag_13': 0.9806962870265059, 'lag_14': 0.7699181928993368, 'lag_15': 0.7127811036910747, 'lag_16': 0.7046856827450269, 'lag_17': 0.6996867394879455, 'lag_18': 0.4647483679129735, 'lag_19': 0.06472279395006625, 'lag_20': 0.5908159365505706, 'lag_21': 0.06511034996641238, 'lag_22': 0.03919399277019991, 'lag_23': 0.2823304605608374, 'lag_24': 0.2716793585105076, 'lag_25': 0.1140565133369353, 'lag_26': 0.3778409432072896, 'lag_27': 0.6854060487894412, 'lag_28': 0.6131270443746519}. Best is trial 0 with value: 0.001607231896937189.
[I 2025-09-29 12:50:29,606] Trial 4 finished with value: 0.0012404286628142998 and parameters: {'lag_0': 0.7315058964813526, 'lag_1': 0.8207865415084991, 'lag_2': 0.12031735645744432, 'lag_3': 0.04156738378630723, 'lag_4': 0.11591492797925884, 'lag_5': 0.8818544783914367, 'lag_6': 0.42123242342763745, 'lag_7': 0.38686029044363385, 'lag_8': 0.19351138505991278, 'lag_9': 0.3836624947197241, 'lag_10': 0.4256657376354431, 'lag_11': 0.17060151631599482, 'lag_12': 0.7554241903588355, 'lag_13': 0.33105573708295605, 'lag_14': 0.9837013339493175, 'lag_15': 0.7982733280081997, 'lag_16': 0.751349422761459, 'lag_17': 0.8157800513630796, 'lag_18': 0.7589581366735781, 'lag_19': 0.025397488816494933, 'lag_20': 0.855415448216869, 'lag_21': 0.07376207123344686, 'lag_22': 0.5805974944198324, 'lag_23': 0.7893421787250988, 'lag_24': 0.9644811863244886, 'lag_25': 0.2976992880216963, 'lag_26': 0.065097551183539, 'lag_27': 0.7689052672335415, 'lag_28': 0.417150018081564}. Best is trial 4 with value: 0.0012404286628142998.
[I 2025-09-29 12:50:31,979] Trial 5 finished with value: 0.003437025408334712 and parameters: {'lag_0': 0.6822003635762937, 'lag_1': 0.35610980914106233, 'lag_2': 0.10839183092040493, 'lag_3': 0.003260618227323876, 'lag_4': 0.9061560050380811, 'lag_5': 0.8179713004380135, 'lag_6': 0.5313938434970984, 'lag_7': 0.8383089779525015, 'lag_8': 0.43012125855389305, 'lag_9': 0.14825832509220885, 'lag_10': 0.47594539138424374, 'lag_11': 0.20292739174777846, 'lag_12': 0.09122174912611719, 'lag_13': 0.3558165721783123, 'lag_14': 0.9282936524918776, 'lag_15': 0.4303280100444534, 'lag_16': 0.2662225707790254, 'lag_17': 0.11214200771398347, 'lag_18': 0.2295514259490919, 'lag_19': 0.2516460731609467, 'lag_20': 0.5861008398659081, 'lag_21': 0.7002022763511383, 'lag_22': 0.4265590325756221, 'lag_23': 0.894602066972664, 'lag_24': 0.9331332897631289, 'lag_25': 0.8738109814625941, 'lag_26': 0.043427535451750134, 'lag_27': 0.7896844627715464, 'lag_28': 0.14986146709778572}. Best is trial 4 with value: 0.0012404286628142998.
[I 2025-09-29 12:50:34,345] Trial 6 finished with value: 0.0013236249091345207 and parameters: {'lag_0': 0.26208587075053064, 'lag_1': 0.2779268537856797, 'lag_2': 0.35491276019316115, 'lag_3': 0.6767089919996142, 'lag_4': 0.20292363800900326, 'lag_5': 0.9511980117480696, 'lag_6': 0.26917574475163636, 'lag_7': 0.21249248726630054, 'lag_8': 0.6776891177446142, 'lag_9': 0.16655475614114293, 'lag_10': 0.3862676873921365, 'lag_11': 0.1314531974489764, 'lag_12': 0.9731769171911261, 'lag_13': 0.46342199854926797, 'lag_14': 0.38224844151066106, 'lag_15': 0.7601735495357539, 'lag_16': 0.3287109052701608, 'lag_17': 0.7454316772891398, 'lag_18': 0.7405340229286826, 'lag_19': 0.7272441366661553, 'lag_20': 0.24080916339439004, 'lag_21': 0.3520679949718129, 'lag_22': 0.39363435942555003, 'lag_23': 0.6132558546638035, 'lag_24': 0.35174117405183153, 'lag_25': 0.37166413135699583, 'lag_26': 0.04543279671832312, 'lag_27': 0.26610626544454175, 'lag_28': 0.4260759686847232}. Best is trial 4 with value: 0.0012404286628142998.
[I 2025-09-29 12:50:36,713] Trial 7 finished with value: 0.001747127800731532 and parameters: {'lag_0': 0.22309094615643804, 'lag_1': 0.6703290212759128, 'lag_2': 0.046731095421389666, 'lag_3': 0.7229865651424313, 'lag_4': 0.21138168190081577, 'lag_5': 0.6564770774703967, 'lag_6': 0.9620339031156556, 'lag_7': 0.9956972486246526, 'lag_8': 0.15149544856989006, 'lag_9': 0.06849146206349244, 'lag_10': 0.7267314498547762, 'lag_11': 0.7154782862117252, 'lag_12': 0.17960131878326607, 'lag_13': 0.5096891311972611, 'lag_14': 0.11013004235063846, 'lag_15': 0.18544411070713537, 'lag_16': 0.7621633589113744, 'lag_17': 0.33430078292173787, 'lag_18': 0.46142593519705377, 'lag_19': 0.06229631795339965, 'lag_20': 0.6369716535031632, 'lag_21': 0.4399402855262736, 'lag_22': 0.4213966526080672, 'lag_23': 0.28035411857665576, 'lag_24': 0.2968196545130428, 'lag_25': 0.9117553188765435, 'lag_26': 0.09353184901864495, 'lag_27': 0.07797558360370262, 'lag_28': 0.8873436953667198}. Best is trial 4 with value: 0.0012404286628142998.
[I 2025-09-29 12:50:39,066] Trial 8 finished with value: 0.001505912596137495 and parameters: {'lag_0': 0.5002260475834551, 'lag_1': 0.30921132493842685, 'lag_2': 0.5948721990978567, 'lag_3': 0.18796718792739806, 'lag_4': 0.6389969454942418, 'lag_5': 0.2358678598736885, 'lag_6': 0.8025114594720592, 'lag_7': 0.5536677978628518, 'lag_8': 0.30282069704885467, 'lag_9': 0.727543264117035, 'lag_10': 0.8468463633248571, 'lag_11': 0.29172620016415723, 'lag_12': 0.189677042329955, 'lag_13': 0.9000682169037475, 'lag_14': 0.33291875474038995, 'lag_15': 0.03748519949263211, 'lag_16': 0.5947826739477114, 'lag_17': 0.14903482448622668, 'lag_18': 0.6453768439494081, 'lag_19': 0.7098807232587847, 'lag_20': 0.01221657335349241, 'lag_21': 0.1547309261624366, 'lag_22': 0.7246752469307324, 'lag_23': 0.6318320225386345, 'lag_24': 0.511595561808461, 'lag_25': 0.6394013977260105, 'lag_26': 0.6318526409720735, 'lag_27': 0.1068901739943718, 'lag_28': 0.7158867241718123}. Best is trial 4 with value: 0.0012404286628142998.
[I 2025-09-29 12:50:41,441] Trial 9 finished with value: 0.001808748243377334 and parameters: {'lag_0': 0.2487066421706252, 'lag_1': 0.5640576205901539, 'lag_2': 0.29020261903733635, 'lag_3': 0.6454379668947656, 'lag_4': 0.19736108089077348, 'lag_5': 0.44172347837363685, 'lag_6': 0.6473711219861187, 'lag_7': 0.5738354588977809, 'lag_8': 0.36845216664425406, 'lag_9': 0.723891470866281, 'lag_10': 0.6729771913003221, 'lag_11': 0.47237789814469927, 'lag_12': 0.7292024085709653, 'lag_13': 0.5794565862734854, 'lag_14': 0.3989701762906987, 'lag_15': 0.5310169733168719, 'lag_16': 0.5345130868928011, 'lag_17': 0.2960348942654525, 'lag_18': 0.48297687283446894, 'lag_19': 0.620480741861031, 'lag_20': 0.49839158081840496, 'lag_21': 0.8621778127039226, 'lag_22': 0.7811740204761948, 'lag_23': 0.7387188362990788, 'lag_24': 0.14964031129817376, 'lag_25': 0.213651366090037, 'lag_26': 0.734042793393939, 'lag_27': 0.33549139504724695, 'lag_28': 0.11602243984623052}. Best is trial 4 with value: 0.0012404286628142998.
[I 2025-09-29 12:50:43,875] Trial 10 finished with value: 0.0018725840944099378 and parameters: {'lag_0': 0.9767415665903527, 'lag_1': 0.9766678427341373, 'lag_2': 0.29048165123017644, 'lag_3': 0.9911418449070339, 'lag_4': 0.03464139012093481, 'lag_5': 0.9833919931942534, 'lag_6': 0.0013506584940584654, 'lag_7': 0.2011937477670311, 'lag_8': 0.028318277937313785, 'lag_9': 0.3534346254270331, 'lag_10': 0.04702321418040184, 'lag_11': 0.9448889988947781, 'lag_12': 0.48175903946596904, 'lag_13': 0.021320477717381103, 'lag_14': 0.6539457345655522, 'lag_15': 0.9604132478361358, 'lag_16': 0.06457238864107301, 'lag_17': 0.9524773830324927, 'lag_18': 0.9842939267655375, 'lag_19': 0.3561086325352504, 'lag_20': 0.8592408689420672, 'lag_21': 0.2795529580779351, 'lag_22': 0.1418316677938492, 'lag_23': 0.45220313741136586, 'lag_24': 0.9912823194830354, 'lag_25': 0.026397857559387616, 'lag_26': 0.28197971963528945, 'lag_27': 0.5813903096745737, 'lag_28': 0.45328923275737826}. Best is trial 4 with value: 0.0012404286628142998.
[I 2025-09-29 12:50:46,382] Trial 11 finished with value: 0.0014518908475376635 and parameters: {'lag_0': 0.754566829157461, 'lag_1': 0.10178722579111943, 'lag_2': 0.30425482912218627, 'lag_3': 0.5283701453039198, 'lag_4': 0.006368911290421456, 'lag_5': 0.9911740662787174, 'lag_6': 0.22990762139265153, 'lag_7': 0.2887546576296659, 'lag_8': 0.6971787189433858, 'lag_9': 0.41655212480053566, 'lag_10': 0.3645663993932276, 'lag_11': 0.002762281960992291, 'lag_12': 0.9859733409537469, 'lag_13': 0.6342043222488808, 'lag_14': 0.5738355592567006, 'lag_15': 0.7458636130725527, 'lag_16': 0.33972286987891287, 'lag_17': 0.7250439925712314, 'lag_18': 0.8460403327054592, 'lag_19': 0.8890333151231654, 'lag_20': 0.23155039206204314, 'lag_21': 0.32747784486352655, 'lag_22': 0.32711888140589074, 'lag_23': 0.694665106579328, 'lag_24': 0.7424472641289224, 'lag_25': 0.3691698322490292, 'lag_26': 0.21706324281219225, 'lag_27': 0.36265208576626057, 'lag_28': 0.375730188759121}. Best is trial 4 with value: 0.0012404286628142998.
[I 2025-09-29 12:50:48,801] Trial 12 finished with value: 0.0017939457502560315 and parameters: {'lag_0': 0.38252200806512543, 'lag_1': 0.8592315342082733, 'lag_2': 0.42071974879532525, 'lag_3': 0.8093173499349772, 'lag_4': 0.39773103662678605, 'lag_5': 0.6379485436550274, 'lag_6': 0.33053893204975915, 'lag_7': 0.06387083394173718, 'lag_8': 0.8201655916275711, 'lag_9': 0.2843336886946643, 'lag_10': 0.2029587046784629, 'lag_11': 0.0067753662834562495, 'lag_12': 0.9012001910463052, 'lag_13': 0.3082298349459248, 'lag_14': 0.28870816262103755, 'lag_15': 0.7121483534406834, 'lag_16': 0.12483655808092547, 'lag_17': 0.7540613812252493, 'lag_18': 0.7436440754967372, 'lag_19': 0.5100800720692964, 'lag_20': 0.2969369760578819, 'lag_21': 0.011573163019529403, 'lag_22': 0.25266701506778955, 'lag_23': 0.5117392521014422, 'lag_24': 0.7337003876280659, 'lag_25': 0.4387605026468302, 'lag_26': 0.15376336779442323, 'lag_27': 0.9678850889084315, 'lag_28': 0.2826238547680292}. Best is trial 4 with value: 0.0012404286628142998.
[I 2025-09-29 12:50:51,213] Trial 13 finished with value: 0.0014280353359267949 and parameters: {'lag_0': 0.007858407749743501, 'lag_1': 0.016399373173081877, 'lag_2': 0.1800634492712626, 'lag_3': 0.427237108284077, 'lag_4': 0.411432781494078, 'lag_5': 0.9009519977118433, 'lag_6': 0.14218556194613827, 'lag_7': 0.37585756609312704, 'lag_8': 0.621734771708941, 'lag_9': 0.5372269697230588, 'lag_10': 0.4886658721104366, 'lag_11': 0.33194862187153584, 'lag_12': 0.6382685739588918, 'lag_13': 0.22190637904399094, 'lag_14': 0.7376563199940265, 'lag_15': 0.8145008322710954, 'lag_16': 0.44396739079318376, 'lag_17': 0.9694678989504406, 'lag_18': 0.8967912727029178, 'lag_19': 0.733198086770455, 'lag_20': 0.1123665882522171, 'lag_21': 0.32055283329165357, 'lag_22': 0.5747734182325291, 'lag_23': 0.8359959277707978, 'lag_24': 0.4913388388355917, 'lag_25': 0.5310124420084602, 'lag_26': 0.04975838086937731, 'lag_27': 0.28837780633939186, 'lag_28': 0.5563574660247717}. Best is trial 4 with value: 0.0012404286628142998.
[I 2025-09-29 12:50:53,630] Trial 14 finished with value: 0.0015777188799529353 and parameters: {'lag_0': 0.6154138282339825, 'lag_1': 0.7662640324239312, 'lag_2': 0.4675074716376557, 'lag_3': 0.03610051267105779, 'lag_4': 0.35728654800940746, 'lag_5': 0.36004213612123526, 'lag_6': 0.486878762925585, 'lag_7': 0.17854606026907632, 'lag_8': 0.7936980085015233, 'lag_9': 0.20659491058426013, 'lag_10': 0.9852194336382151, 'lag_11': 0.1352636895735686, 'lag_12': 0.9990377518291685, 'lag_13': 0.7041516718234375, 'lag_14': 0.9941134300963419, 'lag_15': 0.5927488203535949, 'lag_16': 0.21955051345917007, 'lag_17': 0.5475574044254761, 'lag_18': 0.6647432481128165, 'lag_19': 0.4130683252566726, 'lag_20': 0.9907944640979457, 'lag_21': 0.19161510115048414, 'lag_22': 0.5482619631433372, 'lag_23': 0.03738054003272839, 'lag_24': 0.3653287564406043, 'lag_25': 0.28263580556169665, 'lag_26': 0.32379870426118856, 'lag_27': 0.8067495685318694, 'lag_28': 0.29962985362534905}. Best is trial 4 with value: 0.0012404286628142998.
[I 2025-09-29 12:50:56,052] Trial 15 finished with value: 0.0019991089940889035 and parameters: {'lag_0': 0.4132930909832147, 'lag_1': 0.1852306510619442, 'lag_2': 0.17911399618601015, 'lag_3': 0.501075254853957, 'lag_4': 0.8010253938502947, 'lag_5': 0.6112912904515168, 'lag_6': 0.47450186271910844, 'lag_7': 0.4362127245536186, 'lag_8': 0.18133750274039867, 'lag_9': 0.45802148099210627, 'lag_10': 0.17225385786177794, 'lag_11': 0.3776819949263729, 'lag_12': 0.6385164328007679, 'lag_13': 0.43434271208641795, 'lag_14': 0.023802840390962643, 'lag_15': 0.8414727423039664, 'lag_16': 0.9750205413607719, 'lag_17': 0.8477641970614566, 'lag_18': 0.7611054934710678, 'lag_19': 0.5401691951193522, 'lag_20': 0.2914952149305307, 'lag_21': 0.6349547500074977, 'lag_22': 0.31637912219410125, 'lag_23': 0.5538134994936607, 'lag_24': 0.8609893667247017, 'lag_25': 0.5161426904204911, 'lag_26': 0.5599080208022924, 'lag_27': 0.5849729066061927, 'lag_28': 0.008251001698912241}. Best is trial 4 with value: 0.0012404286628142998.
[I 2025-09-29 12:50:58,508] Trial 16 finished with value: 0.0014441085394244228 and parameters: {'lag_0': 0.8075822458776655, 'lag_1': 0.9700448979618914, 'lag_2': 0.6672370251363169, 'lag_3': 0.8774394459428768, 'lag_4': 0.06958771713887496, 'lag_5': 0.8550166531834617, 'lag_6': 0.39674491806752105, 'lag_7': 0.7135010236537771, 'lag_8': 0.5484222157415878, 'lag_9': 0.2770072566612391, 'lag_10': 0.429145852762669, 'lag_11': 0.11686441886538446, 'lag_12': 0.3305309800004012, 'lag_13': 0.10713666530297594, 'lag_14': 0.44033676859656257, 'lag_15': 0.5999225715219082, 'lag_16': 0.6489973315388962, 'lag_17': 0.5616627731803541, 'lag_18': 0.6091552371298985, 'lag_19': 0.7450237676675822, 'lag_20': 0.40042926114665967, 'lag_21': 0.3875586397380153, 'lag_22': 0.9040439409982866, 'lag_23': 0.788719388675628, 'lag_24': 0.6196879567459022, 'lag_25': 0.1702128376528196, 'lag_26': 0.015163482772671877, 'lag_27': 0.4634030542392933, 'lag_28': 0.45991094344727484}. Best is trial 4 with value: 0.0012404286628142998.
[I 2025-09-29 12:51:00,925] Trial 17 finished with value: 0.0016851038978931727 and parameters: {'lag_0': 0.12423453736545625, 'lag_1': 0.4649708067183408, 'lag_2': 0.3826298500355965, 'lag_3': 0.6220397702651029, 'lag_4': 0.31933266131674715, 'lag_5': 0.7182757995675776, 'lag_6': 0.15516794077029616, 'lag_7': 0.19699306490280036, 'lag_8': 0.054247804881334294, 'lag_9': 0.5943288069951437, 'lag_10': 0.5696263709740181, 'lag_11': 0.43378794709690116, 'lag_12': 0.8669092518836078, 'lag_13': 0.44355400806497847, 'lag_14': 0.24201711693027073, 'lag_15': 0.8978688181195652, 'lag_16': 0.8554492706697813, 'lag_17': 0.6201611403832294, 'lag_18': 0.29816321006446567, 'lag_19': 0.9936992099445359, 'lag_20': 0.7345798202493526, 'lag_21': 0.95464413061004, 'lag_22': 0.47140947494428814, 'lag_23': 0.9858062120770882, 'lag_24': 0.20400319626639019, 'lag_25': 0.3728372664622502, 'lag_26': 0.16531530151786017, 'lag_27': 0.0032296721977405074, 'lag_28': 0.6567826824430119}. Best is trial 4 with value: 0.0012404286628142998.
[I 2025-09-29 12:51:03,348] Trial 18 finished with value: 0.0013727999018826578 and parameters: {'lag_0': 0.41436665213836943, 'lag_1': 0.7520676423771041, 'lag_2': 0.7607428981583009, 'lag_3': 0.4128569010261526, 'lag_4': 0.5464942508987067, 'lag_5': 0.9272577693300745, 'lag_6': 0.006218994372800712, 'lag_7': 0.2854182843802213, 'lag_8': 0.9857113387952018, 'lag_9': 0.010161319202956154, 'lag_10': 0.31815236986433254, 'lag_11': 0.832700276241712, 'lag_12': 0.7302262658286026, 'lag_13': 0.7353279416770555, 'lag_14': 0.6674552179554305, 'lag_15': 0.33520217482941794, 'lag_16': 0.45324416119072447, 'lag_17': 0.86170430583009, 'lag_18': 0.994874029794759, 'lag_19': 0.007389738757520581, 'lag_20': 0.8260334206940576, 'lag_21': 0.08655371357325042, 'lag_22': 0.5918070035443519, 'lag_23': 0.4175616272245817, 'lag_24': 0.8335617766488596, 'lag_25': 0.0936051690707232, 'lag_26': 0.4102206956615442, 'lag_27': 0.22403102803140787, 'lag_28': 0.26107617337988376}. Best is trial 4 with value: 0.0012404286628142998.
