[I 2025-09-29 12:51:05,445] Trial 19 finished with value: 0.0021166910877357366 and parameters: {'lag_0': 0.29717978905724396, 'lag_1': 0.8673734957592368, 'lag_2': 0.42034409935209716, 'lag_3': 0.22847343549473245, 'lag_4': 0.4281446691778899, 'lag_5': 0.5833293751101227, 'lag_6': 0.8593728681864761, 'lag_7': 0.3738353652158125, 'lag_8': 0.829348531042965, 'lag_9': 0.7715903918337326, 'lag_10': 0.7122382770776948, 'lag_11': 0.35833472473493005, 'lag_12': 0.45369386020722785, 'lag_13': 0.862075516868711, 'lag_14': 0.39874933904286, 'lag_15': 0.23496263827108135, 'lag_16': 0.3202536468735091, 'lag_17': 0.7293769518262294, 'lag_18': 0.1264622568463019, 'lag_19': 0.09549013906887074, 'lag_20': 0.3448429852594007, 'lag_21': 0.6271446288200992, 'lag_22': 0.8312821985133092, 'lag_23': 0.0005591735388723214, 'lag_24': 0.6066335614074414, 'lag_25': 0.22983893429941837, 'lag_26': 0.9796181110356122, 'lag_27': 0.41306832843802377, 'lag_28': 0.5839421279373802}. Best is trial 19 with value: 0.0021166910877357366.
[I 2025-09-29 12:51:07,857] Trial 20 finished with value: 0.0025128610295303707 and parameters: {'lag_0': 0.31499885414981516, 'lag_1': 0.8836848836646379, 'lag_2': 0.4825567312066398, 'lag_3': 0.23561379110793026, 'lag_4': 0.4337572659527372, 'lag_5': 0.5738175271767211, 'lag_6': 0.6222392642592784, 'lag_7': 0.6103727531151538, 'lag_8': 0.7820411095238262, 'lag_9': 0.8104554737291666, 'lag_10': 0.274446390685372, 'lag_11': 0.5401398507768707, 'lag_12': 0.23721124643828423, 'lag_13': 0.7951969509444659, 'lag_14': 0.5596386474796379, 'lag_15': 0.24624859420333534, 'lag_16': 0.27087943850068436, 'lag_17': 0.7458369273477556, 'lag_18': 0.24666249080208594, 'lag_19': 0.27375608072563457, 'lag_20': 0.34122407254407516, 'lag_21': 0.6036642571209775, 'lag_22': 0.6873627455453879, 'lag_23': 0.013415882276542175, 'lag_24': 0.5770086395105255, 'lag_25': 0.07557982891336482, 'lag_26': 0.9881716909450287, 'lag_27': 0.5524082042356766, 'lag_28': 0.7933176015161899}. Best is trial 19 with value: 0.0021166910877357366.
[I 2025-09-29 12:51:10,254] Trial 21 finished with value: 0.0024598947336656194 and parameters: {'lag_0': 0.26135703026278556, 'lag_1': 0.9791203475515302, 'lag_2': 0.21629965798251688, 'lag_3': 0.0788909924147848, 'lag_4': 0.5078603686678369, 'lag_5': 0.6689251950657156, 'lag_6': 0.8922818762544703, 'lag_7': 0.3477789308942456, 'lag_8': 0.8669529159991604, 'lag_9': 0.9850179993627288, 'lag_10': 0.7093597582937642, 'lag_11': 0.3714117895812833, 'lag_12': 0.43066548984882635, 'lag_13': 0.8905636297914112, 'lag_14': 0.4089276015687936, 'lag_15': 0.10286208824670567, 'lag_16': 0.09674078550999027, 'lag_17': 0.5419839026250504, 'lag_18': 0.10648340306067873, 'lag_19': 0.08627801827093695, 'lag_20': 0.2432409661803585, 'lag_21': 0.6308943195897535, 'lag_22': 0.8681726956484566, 'lag_23': 0.19618742616184853, 'lag_24': 0.6627381146802289, 'lag_25': 0.22534336334882374, 'lag_26': 0.9074351963204055, 'lag_27': 0.4190868507203718, 'lag_28': 0.5646695805743731}. Best is trial 19 with value: 0.0021166910877357366.
[I 2025-09-29 12:51:12,669] Trial 22 finished with value: 0.0025660845252078817 and parameters: {'lag_0': 0.10654472416375868, 'lag_1': 0.8036981780321446, 'lag_2': 0.07410451437429832, 'lag_3': 0.24654141504267546, 'lag_4': 0.37002654402819213, 'lag_5': 0.5891111676919986, 'lag_6': 0.7513433293613125, 'lag_7': 0.17244265617356566, 'lag_8': 0.993846941793184, 'lag_9': 0.6995949704980498, 'lag_10': 0.8094416016870544, 'lag_11': 0.29562729993827447, 'lag_12': 0.591273534353566, 'lag_13': 0.9032174801629939, 'lag_14': 0.28690745593638867, 'lag_15': 0.052761374077398886, 'lag_16': 0.3345327970843346, 'lag_17': 0.4723832870369761, 'lag_18': 0.10272697882227261, 'lag_19': 0.08342688984730731, 'lag_20': 0.13116827518167895, 'lag_21': 0.8778649948818879, 'lag_22': 0.806679427614482, 'lag_23': 0.2210883934037361, 'lag_24': 0.4656362862702842, 'lag_25': 0.44625749796741104, 'lag_26': 0.7606571140580899, 'lag_27': 0.39894504121052404, 'lag_28': 0.6304655391742949}. Best is trial 19 with value: 0.0021166910877357366.
[I 2025-09-29 12:51:15,071] Trial 23 finished with value: 0.002372550683312776 and parameters: {'lag_0': 0.3525804776118585, 'lag_1': 0.6414812601549773, 'lag_2': 0.4223104578230822, 'lag_3': 0.3857205198898527, 'lag_4': 0.5706491290431205, 'lag_5': 0.8541728051328278, 'lag_6': 0.8641960571712888, 'lag_7': 0.3933581613783901, 'lag_8': 0.6430768189234373, 'lag_9': 0.7837763634270927, 'lag_10': 0.7277825557906138, 'lag_11': 0.1347860841199569, 'lag_12': 0.4759818366082023, 'lag_13': 0.9991851617252911, 'lag_14': 0.44025175041084963, 'lag_15': 0.2088300168732875, 'lag_16': 0.12343409771609201, 'lag_17': 0.770987022168055, 'lag_18': 0.30994477935387793, 'lag_19': 0.2775442713761901, 'lag_20': 0.4549430534572433, 'lag_21': 0.41324234954528716, 'lag_22': 0.5630058375644924, 'lag_23': 0.3966205106914896, 'lag_24': 0.824471718652423, 'lag_25': 0.3241532553544204, 'lag_26': 0.9273891161882097, 'lag_27': 0.7426012690184484, 'lag_28': 0.3690742964231004}. Best is trial 19 with value: 0.0021166910877357366.
[I 2025-09-29 12:51:17,483] Trial 24 finished with value: 0.0024712017397650436 and parameters: {'lag_0': 0.21180405664229207, 'lag_1': 0.7553225921107026, 'lag_2': 0.24531309237271287, 'lag_3': 0.1136595415005685, 'lag_4': 0.9406455424820266, 'lag_5': 0.5619932744381659, 'lag_6': 0.6837250675203913, 'lag_7': 0.15781780228945663, 'lag_8': 0.5801415386825025, 'lag_9': 0.8826371753148936, 'lag_10': 0.5743009440654431, 'lag_11': 0.47408320071665744, 'lag_12': 0.5494531738079693, 'lag_13': 0.7782335992784215, 'lag_14': 0.3900825327061375, 'lag_15': 0.38242646443550227, 'lag_16': 0.437094388131527, 'lag_17': 0.6396216788124378, 'lag_18': 0.12843139605236184, 'lag_19': 0.0854899063968158, 'lag_20': 0.5308074713041314, 'lag_21': 0.2793928044053514, 'lag_22': 0.8742175466062092, 'lag_23': 0.019382312578314465, 'lag_24': 0.3347456964611778, 'lag_25': 0.18940998767374262, 'lag_26': 0.512365572489558, 'lag_27': 0.5330793296535639, 'lag_28': 0.18365078962120795}. Best is trial 19 with value: 0.0021166910877357366.
[I 2025-09-29 12:51:19,896] Trial 25 finished with value: 0.0024546626708158653 and parameters: {'lag_0': 0.11546656890823302, 'lag_1': 0.9024346046814198, 'lag_2': 0.36548883212707817, 'lag_3': 0.21615914781359147, 'lag_4': 0.40990017518837424, 'lag_5': 0.7150881702338964, 'lag_6': 0.8113478535851824, 'lag_7': 0.7828209007847065, 'lag_8': 0.771083384954048, 'lag_9': 0.6389681424292716, 'lag_10': 0.46132689430084783, 'lag_11': 0.30081565220596773, 'lag_12': 0.6419537209618358, 'lag_13': 0.6572192974514927, 'lag_14': 0.7208078207106989, 'lag_15': 0.08687940688876467, 'lag_16': 0.27741016868870505, 'lag_17': 0.30052511957524086, 'lag_18': 0.4345766396926129, 'lag_19': 0.008507018987371263, 'lag_20': 0.40075973737960896, 'lag_21': 0.6466122779355955, 'lag_22': 0.7304937657831304, 'lag_23': 0.6256064593755742, 'lag_24': 0.6319666690596699, 'lag_25': 0.0015793201978186178, 'lag_26': 0.6877299128564829, 'lag_27': 0.25077288133244713, 'lag_28': 0.7401748328329005}. Best is trial 19 with value: 0.0021166910877357366.
[I 2025-09-29 12:51:22,306] Trial 26 finished with value: 0.002253306071143613 and parameters: {'lag_0': 0.5138503145669913, 'lag_1': 0.5717145407257406, 'lag_2': 0.10199313720427627, 'lag_3': 0.013627724495340166, 'lag_4': 0.6878513729652547, 'lag_5': 0.33369104953963447, 'lag_6': 0.46970641501442073, 'lag_7': 0.36293895683660193, 'lag_8': 0.8465077354319788, 'lag_9': 0.49334930209135736, 'lag_10': 0.8932310066189952, 'lag_11': 0.09098812022191728, 'lag_12': 0.7932975447496071, 'lag_13': 0.8549081297955298, 'lag_14': 0.5534127294373333, 'lag_15': 0.16757924559130577, 'lag_16': 0.034765458498818805, 'lag_17': 0.46708934428462856, 'lag_18': 0.05927593766532595, 'lag_19': 0.14763551480717169, 'lag_20': 0.2569336114036655, 'lag_21': 0.8843586976706252, 'lag_22': 0.6348449400087077, 'lag_23': 0.22006182054582168, 'lag_24': 0.7633081296651556, 'lag_25': 0.5439674640589138, 'lag_26': 0.8044462573035165, 'lag_27': 0.847713500203587, 'lag_28': 0.9616607002592903}. Best is trial 19 with value: 0.0021166910877357366.
[I 2025-09-29 12:51:24,716] Trial 27 finished with value: 0.002504076146105029 and parameters: {'lag_0': 0.533357692155435, 'lag_1': 0.5392828907020553, 'lag_2': 0.06872013221102535, 'lag_3': 0.42232110110562937, 'lag_4': 0.6327648679656604, 'lag_5': 0.309295381826829, 'lag_6': 0.49196981420751373, 'lag_7': 0.351537973734983, 'lag_8': 0.7152992723548892, 'lag_9': 0.4956749253924852, 'lag_10': 0.9671818177191578, 'lag_11': 0.11360949765325835, 'lag_12': 0.9548939608422415, 'lag_13': 0.8089093375543696, 'lag_14': 0.8237383387359749, 'lag_15': 0.4217427500128655, 'lag_16': 0.17309150619945624, 'lag_17': 0.7522138139588562, 'lag_18': 0.18639069220198512, 'lag_19': 0.20991908905540313, 'lag_20': 0.2815316523567658, 'lag_21': 0.8999139152072015, 'lag_22': 0.6172994718821528, 'lag_23': 0.20921920382778145, 'lag_24': 0.7382029013211617, 'lag_25': 0.3794388539797887, 'lag_26': 0.5977424800960771, 'lag_27': 0.9012619384411636, 'lag_28': 0.8698060438173025}. Best is trial 19 with value: 0.0021166910877357366.
[I 2025-09-29 12:51:27,126] Trial 28 finished with value: 0.002643797005897852 and parameters: {'lag_0': 0.5981901820214082, 'lag_1': 0.6930439409154272, 'lag_2': 0.4551388430008053, 'lag_3': 0.09773034531501017, 'lag_4': 0.26161452741212454, 'lag_5': 0.1072497688469872, 'lag_6': 0.30724720418248835, 'lag_7': 0.5516088323899999, 'lag_8': 0.6102627731182532, 'lag_9': 0.7482701068725935, 'lag_10': 0.8909210043716479, 'lag_11': 0.07275992367147766, 'lag_12': 0.8008528030732378, 'lag_13': 0.41846656406392957, 'lag_14': 0.6325458297103087, 'lag_15': 0.27801025342581265, 'lag_16': 0.016397194976015717, 'lag_17': 0.5232987815457657, 'lag_18': 0.2980852250684591, 'lag_19': 0.1279655693264241, 'lag_20': 0.21257217041274967, 'lag_21': 0.8241037698250208, 'lag_22': 0.26808778655559773, 'lag_23': 0.1438825125173577, 'lag_24': 0.5476338154523799, 'lag_25': 0.5918291751060232, 'lag_26': 0.9243938863341153, 'lag_27': 0.8387319123478214, 'lag_28': 0.988601937214557}. Best is trial 19 with value: 0.0021166910877357366.
[I 2025-09-29 12:51:29,543] Trial 29 finished with value: 0.0023559129769255413 and parameters: {'lag_0': 0.4156978963184703, 'lag_1': 0.8596241250131004, 'lag_2': 0.1860960915838802, 'lag_3': 0.5936960879332617, 'lag_4': 0.5016025261076678, 'lag_5': 0.375759293544736, 'lag_6': 0.4633613537869068, 'lag_7': 0.3598481941449499, 'lag_8': 0.8334319944014507, 'lag_9': 0.5623418245491453, 'lag_10': 0.6658617108190491, 'lag_11': 0.4245101579660969, 'lag_12': 0.8530564934542945, 'lag_13': 0.5733220574503983, 'lag_14': 0.5353086266790491, 'lag_15': 0.16848200184107714, 'lag_16': 0.9898176923160977, 'lag_17': 0.8218212726710661, 'lag_18': 0.13767609423557908, 'lag_19': 0.34967493624970236, 'lag_20': 0.6365071303896753, 'lag_21': 0.9338127258080439, 'lag_22': 0.4643397999202417, 'lag_23': 0.057252121850275145, 'lag_24': 0.5209620892170809, 'lag_25': 0.2740985400712447, 'lag_26': 0.7740703874874507, 'lag_27': 0.7067134118088767, 'lag_28': 0.8580295671871031}. Best is trial 19 with value: 0.0021166910877357366.
[I 2025-09-29 12:51:31,954] Trial 30 finished with value: 0.0026122391749912295 and parameters: {'lag_0': 0.6049154385558704, 'lag_1': 0.6811835044469012, 'lag_2': 0.34148950329895245, 'lag_3': 0.23692230171785128, 'lag_4': 0.555573459944551, 'lag_5': 0.5322282530508864, 'lag_6': 0.07226265421384742, 'lag_7': 0.45256654281659736, 'lag_8': 0.9145135474487149, 'lag_9': 0.8585713239157322, 'lag_10': 0.20782465654552212, 'lag_11': 0.571297611028368, 'lag_12': 0.668522908715915, 'lag_13': 0.7256473794540501, 'lag_14': 0.551344723327964, 'lag_15': 0.42330393249403325, 'lag_16': 0.1530288190042874, 'lag_17': 0.43941250529764747, 'lag_18': 0.06309446363324601, 'lag_19': 0.23617074510455047, 'lag_20': 0.33357919457980945, 'lag_21': 0.7667287079564213, 'lag_22': 0.4302383132393578, 'lag_23': 0.007537536327497152, 'lag_24': 0.6109244026706685, 'lag_25': 0.12647539695924723, 'lag_26': 0.9952497284849662, 'lag_27': 0.9898998712860592, 'lag_28': 0.6121924686363034}. Best is trial 19 with value: 0.0021166910877357366.
[I 2025-09-29 12:51:34,367] Trial 31 finished with value: 0.00221711161717186 and parameters: {'lag_0': 0.34362622781990987, 'lag_1': 0.5685265598567036, 'lag_2': 0.10940986854126954, 'lag_3': 0.029631956092147915, 'lag_4': 0.7093814973340948, 'lag_5': 0.47683597860412924, 'lag_6': 0.9126529840106417, 'lag_7': 0.22767951610687753, 'lag_8': 0.947088021144523, 'lag_9': 0.4688920875888498, 'lag_10': 0.7738407125708574, 'lag_11': 0.29912395424652455, 'lag_12': 0.9991019367659937, 'lag_13': 0.942612397738503, 'lag_14': 0.2558235773470404, 'lag_15': 0.048423800959307005, 'lag_16': 0.06981926452852688, 'lag_17': 0.6313901528719128, 'lag_18': 0.04556756886687814, 'lag_19': 0.0702105223545263, 'lag_20': 0.08358494884059665, 'lag_21': 0.9583999744276606, 'lag_22': 0.5227589499110987, 'lag_23': 0.45602528432583006, 'lag_24': 0.8699791393703067, 'lag_25': 0.5026027138043748, 'lag_26': 0.827258319431197, 'lag_27': 0.5949983004696642, 'lag_28': 0.09471680825916674}. Best is trial 19 with value: 0.0021166910877357366.
[I 2025-09-29 12:51:36,777] Trial 32 finished with value: 0.0022559567138387506 and parameters: {'lag_0': 0.3411018963793151, 'lag_1': 0.42973675654033777, 'lag_2': 0.06081548288956251, 'lag_3': 0.06853651231280566, 'lag_4': 0.8187868157765483, 'lag_5': 0.48417148600075194, 'lag_6': 0.9280420089849333, 'lag_7': 0.23215327269771008, 'lag_8': 0.9585498969529496, 'lag_9': 0.4247413271343808, 'lag_10': 0.8868345454050104, 'lag_11': 0.31391753626706687, 'lag_12': 0.9640369842095436, 'lag_13': 0.9371641767256218, 'lag_14': 0.23670511051481927, 'lag_15': 0.16369642141288113, 'lag_16': 0.06812442820891826, 'lag_17': 0.6585395805736984, 'lag_18': 0.003377471767774448, 'lag_19': 0.11735795430043378, 'lag_20': 0.0659993290656318, 'lag_21': 0.9991852556559792, 'lag_22': 0.5153781027286433, 'lag_23': 0.4572117228264609, 'lag_24': 0.8054164967441789, 'lag_25': 0.5423060157267183, 'lag_26': 0.8924428462242985, 'lag_27': 0.610263404338991, 'lag_28': 0.026190110406717926}. Best is trial 19 with value: 0.0021166910877357366.
[I 2025-09-29 12:51:39,188] Trial 33 finished with value: 0.0023177666071101935 and parameters: {'lag_0': 0.3875236548476891, 'lag_1': 0.4209193646147826, 'lag_2': 0.04191277013304251, 'lag_3': 0.061178589220068504, 'lag_4': 0.8551100100557155, 'lag_5': 0.4937808724370047, 'lag_6': 0.9318173830049065, 'lag_7': 0.21465911148442224, 'lag_8': 0.9499009829563478, 'lag_9': 0.46704458702176027, 'lag_10': 0.9125013205660479, 'lag_11': 0.2970502974043875, 'lag_12': 0.9988413308109066, 'lag_13': 0.9443385056619086, 'lag_14': 0.14816236246470357, 'lag_15': 0.17531297272597696, 'lag_16': 0.0528710076205639, 'lag_17': 0.9483283874062983, 'lag_18': 0.00744059802891172, 'lag_19': 0.08707746869681651, 'lag_20': 0.060776024396446526, 'lag_21': 0.8225054338394937, 'lag_22': 0.5319780898473049, 'lag_23': 0.4708665948102785, 'lag_24': 0.8395171691282816, 'lag_25': 0.5654849648959992, 'lag_26': 0.8889701837709141, 'lag_27': 0.5867986843414493, 'lag_28': 0.0068749532139011915}. Best is trial 19 with value: 0.0021166910877357366.
[I 2025-09-29 12:51:41,602] Trial 34 finished with value: 0.0026069861451579837 and parameters: {'lag_0': 0.48710762478042646, 'lag_1': 0.3404966295294929, 'lag_2': 0.09768588495803564, 'lag_3': 0.0030073314803716195, 'lag_4': 0.8718035147563297, 'lag_5': 0.3473431291869749, 'lag_6': 0.9929648569418421, 'lag_7': 0.30673932272325544, 'lag_8': 0.829330239532218, 'lag_9': 0.35445917689155404, 'lag_10': 0.7994070052982867, 'lag_11': 0.250680658047006, 'lag_12': 0.9435215629971847, 'lag_13': 0.8462477348138782, 'lag_14': 0.26771336840545895, 'lag_15': 0.2725156912110272, 'lag_16': 0.2519821680626839, 'lag_17': 0.7108219406576184, 'lag_18': 0.07443968688438515, 'lag_19': 0.10951997741143445, 'lag_20': 0.07291672963942739, 'lag_21': 0.9031471892600152, 'lag_22': 0.6571699818161929, 'lag_23': 0.47298998634816736, 'lag_24': 0.9879164730727066, 'lag_25': 0.6466181529350812, 'lag_26': 0.8116379145827819, 'lag_27': 0.6241679814062182, 'lag_28': 0.08703587812767626}. Best is trial 19 with value: 0.0021166910877357366.
[I 2025-09-29 12:51:44,016] Trial 35 finished with value: 0.0024170748031428634 and parameters: {'lag_0': 0.3338873707523269, 'lag_1': 0.3341077691607245, 'lag_2': 0.7489765268500885, 'lag_3': 0.10226762860273239, 'lag_4': 0.6878477398062658, 'lag_5': 0.24916184800365285, 'lag_6': 0.7741841332656879, 'lag_7': 0.22022411389137916, 'lag_8': 0.9574322539101353, 'lag_9': 0.41930012095289065, 'lag_10': 0.8589399047514232, 'lag_11': 0.34364316452439025, 'lag_12': 0.998059993420284, 'lag_13': 0.9136945865804673, 'lag_14': 0.03428644474511372, 'lag_15': 0.15423547578987967, 'lag_16': 0.428991838249708, 'lag_17': 0.6036688673231734, 'lag_18': 0.00014930376249060878, 'lag_19': 0.3411912316888751, 'lag_20': 0.08633737037964812, 'lag_21': 0.9414941246491023, 'lag_22': 0.5250781778918108, 'lag_23': 0.40662146438638297, 'lag_24': 0.7731984266385005, 'lag_25': 0.38074936697037964, 'lag_26': 0.9320832290597159, 'lag_27': 0.412810764669706, 'lag_28': 0.12202923853715114}. Best is trial 19 with value: 0.0021166910877357366.
[I 2025-09-29 12:51:46,430] Trial 36 finished with value: 0.0025977145310628552 and parameters: {'lag_0': 0.46143150645765224, 'lag_1': 0.2514664614069253, 'lag_2': 0.21839475416655887, 'lag_3': 0.053531502989040095, 'lag_4': 0.7819175547062299, 'lag_5': 0.421307149606986, 'lag_6': 0.9058760612650071, 'lag_7': 0.10029244920207378, 'lag_8': 0.8486046082059753, 'lag_9': 0.527315219319225, 'lag_10': 0.7445067739454998, 'lag_11': 0.23523881774346525, 'lag_12': 0.9284118384259527, 'lag_13': 0.7305736894787804, 'lag_14': 0.2460396249241656, 'lag_15': 0.6134744034027089, 'lag_16': 0.04976559572318502, 'lag_17': 0.8038032638133858, 'lag_18': 0.16024825799972148, 'lag_19': 0.16058794828926864, 'lag_20': 0.18962907308216592, 'lag_21': 0.6770582286511763, 'lag_22': 0.6224934983554437, 'lag_23': 0.24976927173627667, 'lag_24': 0.9274375111192805, 'lag_25': 0.5437272213709022, 'lag_26': 0.8728363851460393, 'lag_27': 0.6388616878682282, 'lag_28': 0.050525215643156596}. Best is trial 19 with value: 0.0021166910877357366.
[I 2025-09-29 12:51:48,848] Trial 37 finished with value: 0.002296739389995043 and parameters: {'lag_0': 0.5800424276647531, 'lag_1': 0.13090150579386933, 'lag_2': 0.10753265239011964, 'lag_3': 0.12225292840311164, 'lag_4': 0.8402238644786648, 'lag_5': 0.17725620236812212, 'lag_6': 0.5680248518657658, 'lag_7': 0.024390878050487258, 'lag_8': 0.7532424782679012, 'lag_9': 0.1844601252243629, 'lag_10': 0.6329782192478164, 'lag_11': 0.0755680216786842, 'lag_12': 0.8301678939787389, 'lag_13': 0.8435686335132968, 'lag_14': 0.3688227552426804, 'lag_15': 0.07140184242684193, 'lag_16': 0.1413938524375699, 'lag_17': 0.5456362440978891, 'lag_18': 0.04037183705109194, 'lag_19': 0.5139757036395991, 'lag_20': 0.27905454574929356, 'lag_21': 0.8018114661910631, 'lag_22': 0.7512224618010246, 'lag_23': 0.6152042561836135, 'lag_24': 0.8861991166707675, 'lag_25': 0.6972793798473393, 'lag_26': 0.8057113756030666, 'lag_27': 0.5754058962491397, 'lag_28': 0.7286223029212844}. Best is trial 19 with value: 0.0021166910877357366.
[I 2025-09-29 12:51:51,262] Trial 38 finished with value: 0.0023780691021271284 and parameters: {'lag_0': 0.4544771520717816, 'lag_1': 0.5511274832020658, 'lag_2': 0.529473764807809, 'lag_3': 0.28879778709298753, 'lag_4': 0.723781919553957, 'lag_5': 0.5243743372252759, 'lag_6': 0.6870998794473171, 'lag_7': 0.30553944560728497, 'lag_8': 0.9082730313011139, 'lag_9': 0.6261893105216421, 'lag_10': 0.693950243770874, 'lag_11': 0.32153344787225946, 'lag_12': 0.907898890140967, 'lag_13': 0.6852830506627189, 'lag_14': 0.48869195189247616, 'lag_15': 0.19978404460471802, 'lag_16': 0.3180585225898995, 'lag_17': 0.6580311616818155, 'lag_18': 0.06434225837163915, 'lag_19': 0.22985467007848887, 'lag_20': 0.10761699284175381, 'lag_21': 0.876995022622661, 'lag_22': 0.6741730184679432, 'lag_23': 0.2745316564566404, 'lag_24': 0.7177143882367752, 'lag_25': 0.49790253565159415, 'lag_26': 0.03838312117592374, 'lag_27': 0.46586746135364865, 'lag_28': 0.6821171518393232}. Best is trial 19 with value: 0.0021166910877357366.
[I 2025-09-29 12:51:53,674] Trial 39 finished with value: 0.0026260671262152346 and parameters: {'lag_0': 0.35665317003633096, 'lag_1': 0.44578660218758737, 'lag_2': 0.13397877729102187, 'lag_3': 0.051012704218033944, 'lag_4': 0.6502988745867883, 'lag_5': 0.3516997179920279, 'lag_6': 0.8073607930200787, 'lag_7': 0.5476150716435777, 'lag_8': 0.8005362018903099, 'lag_9': 0.37801507522672223, 'lag_10': 0.9555227036492675, 'lag_11': 0.5150389393488523, 'lag_12': 0.7414233772701703, 'lag_13': 0.905333881817761, 'lag_14': 0.1893775810921553, 'lag_15': 0.13176138479271896, 'lag_16': 0.7960495546955302, 'lag_17': 0.4127755296304857, 'lag_18': 0.18159280218020216, 'lag_19': 0.7689240579419995, 'lag_20': 0.2067088814842512, 'lag_21': 0.9872519405485403, 'lag_22': 0.5832976677729694, 'lag_23': 0.15351221729756442, 'lag_24': 0.8102667342792826, 'lag_25': 0.613527745814941, 'lag_26': 0.6974251480255282, 'lag_27': 0.5225284837032198, 'lag_28': 0.4802137386797648}. Best is trial 19 with value: 0.0021166910877357366.
