[I 2025-09-29 12:54:33,668] Trial 3 finished with value: 0.0074720882431930855 and parameters: {'lag_0': 0.24929138282120533, 'lag_1': 0.628586936300435, 'lag_2': 0.4941602143244435, 'lag_3': 0.7560484803393778, 'lag_4': 0.4603823758282443, 'lag_5': 0.6779823634819246, 'lag_6': 0.9421910572613229, 'lag_7': 0.9321238526900547, 'lag_8': 0.8938598279653166, 'lag_9': 0.09520683371916534, 'lag_10': 0.4083993719749708, 'lag_11': 0.2561805650762761, 'lag_12': 0.5560428021199952, 'lag_13': 0.7616166409653183, 'lag_14': 0.40481996773991374, 'lag_15': 0.04777596362244537, 'lag_16': 0.5880064634163333, 'lag_17': 0.9607758579774203, 'lag_18': 0.05749273937878272, 'lag_19': 0.5208125521909004, 'lag_20': 0.5088004735562888, 'lag_21': 0.49493015472896673, 'lag_22': 0.2897875014546772, 'lag_23': 0.5667939644905845, 'lag_24': 0.742769299403201, 'lag_25': 0.11310977569419087, 'lag_26': 0.8577817996635513, 'lag_27': 0.9350977865085613, 'lag_28': 0.1236575536499227}. Best is trial 0 with value: 0.0062026862012995055.
[I 2025-09-29 12:54:36,198] Trial 4 finished with value: 0.00737144716656751 and parameters: {'lag_0': 0.07539514720350017, 'lag_1': 0.033418517887324924, 'lag_2': 0.009451880659711406, 'lag_3': 0.42119325757225445, 'lag_4': 0.6514732205510682, 'lag_5': 0.43283891521619583, 'lag_6': 0.05645470274975272, 'lag_7': 0.16723182472536663, 'lag_8': 0.9832808880795768, 'lag_9': 0.08077673935299877, 'lag_10': 0.25980271548469164, 'lag_11': 0.3602689371021731, 'lag_12': 0.4596886876663362, 'lag_13': 0.012143672088682875, 'lag_14': 0.8201197178686765, 'lag_15': 0.2595240256518068, 'lag_16': 0.5563164429262147, 'lag_17': 0.4709154935876283, 'lag_18': 0.8036578541378142, 'lag_19': 0.2021939894487784, 'lag_20': 0.5476124166821448, 'lag_21': 0.6812199919466221, 'lag_22': 0.44733596751193183, 'lag_23': 0.6258072079474746, 'lag_24': 0.5194728160864727, 'lag_25': 0.9650960941100012, 'lag_26': 0.3325923840224872, 'lag_27': 0.7114592290071611, 'lag_28': 0.05828993072474157}. Best is trial 0 with value: 0.0062026862012995055.
[I 2025-09-29 12:54:38,732] Trial 5 finished with value: 0.007119355020583547 and parameters: {'lag_0': 0.3021047414252898, 'lag_1': 0.10348222872880224, 'lag_2': 0.3288120371162722, 'lag_3': 0.07147545236396445, 'lag_4': 0.814259409027471, 'lag_5': 0.3099407146577242, 'lag_6': 0.43532237450820294, 'lag_7': 0.7238848434416545, 'lag_8': 0.9004531220218877, 'lag_9': 0.09118532461329529, 'lag_10': 0.571008483968489, 'lag_11': 0.1432764990965814, 'lag_12': 0.48370400433374433, 'lag_13': 0.6637261467800659, 'lag_14': 0.5085029698649856, 'lag_15': 0.2711753978702937, 'lag_16': 0.5852532606461215, 'lag_17': 0.8520623562984071, 'lag_18': 0.6520709677202539, 'lag_19': 0.9543529864578287, 'lag_20': 0.8778327765878798, 'lag_21': 0.5514832856990382, 'lag_22': 0.40878185063793726, 'lag_23': 0.946510420298101, 'lag_24': 0.8392471415999901, 'lag_25': 0.2540354363967551, 'lag_26': 0.4781874776927188, 'lag_27': 0.8094971442559897, 'lag_28': 0.35848693665689213}. Best is trial 0 with value: 0.0062026862012995055.
[I 2025-09-29 12:54:41,262] Trial 6 finished with value: 0.006855207223512757 and parameters: {'lag_0': 0.14507707009852183, 'lag_1': 0.9042172571875553, 'lag_2': 0.17041445958922813, 'lag_3': 0.14411023456055655, 'lag_4': 0.3927821656499154, 'lag_5': 0.09539686529636844, 'lag_6': 0.9225453731724637, 'lag_7': 0.6865799432709491, 'lag_8': 0.5622992402423883, 'lag_9': 0.7091186896644319, 'lag_10': 0.9965187713597098, 'lag_11': 0.0737614019046822, 'lag_12': 0.052787498725677375, 'lag_13': 0.1561394562038122, 'lag_14': 0.9309024091068675, 'lag_15': 0.4853633262017123, 'lag_16': 0.7013334343870669, 'lag_17': 0.9863867132313839, 'lag_18': 0.48805378763672097, 'lag_19': 0.27047805896984933, 'lag_20': 0.6882545367947975, 'lag_21': 0.4969696145279198, 'lag_22': 0.7402016892071901, 'lag_23': 0.911038336753623, 'lag_24': 0.8048385784355347, 'lag_25': 0.9886645598656839, 'lag_26': 0.2785676372404151, 'lag_27': 0.1307880092659868, 'lag_28': 0.6946847311061517}. Best is trial 0 with value: 0.0062026862012995055.
[I 2025-09-29 12:54:43,787] Trial 7 finished with value: 0.0074530091858830945 and parameters: {'lag_0': 0.8954066266062707, 'lag_1': 0.876293153021423, 'lag_2': 0.01860523851388528, 'lag_3': 0.770307975189282, 'lag_4': 0.26476358451530063, 'lag_5': 0.1481082140326064, 'lag_6': 0.616811909773991, 'lag_7': 0.3425654334619609, 'lag_8': 0.43586820426516437, 'lag_9': 0.914904835764366, 'lag_10': 0.4189269998535275, 'lag_11': 0.657449191565804, 'lag_12': 0.8006565353404372, 'lag_13': 0.4170920136760675, 'lag_14': 0.8977066490255378, 'lag_15': 0.1362010287744986, 'lag_16': 0.33462567289441925, 'lag_17': 0.020043831189865198, 'lag_18': 0.6543434266888155, 'lag_19': 0.16666361077333292, 'lag_20': 0.5389338818405016, 'lag_21': 0.22255646338996804, 'lag_22': 0.9160871963137138, 'lag_23': 0.675360384320143, 'lag_24': 0.47058140763983525, 'lag_25': 0.4573230432079161, 'lag_26': 0.48337047143045103, 'lag_27': 0.5468777901440651, 'lag_28': 0.03522660239430684}. Best is trial 0 with value: 0.0062026862012995055.
[I 2025-09-29 12:54:46,314] Trial 8 finished with value: 0.006755127443231075 and parameters: {'lag_0': 0.3827319492572284, 'lag_1': 0.6847150472311996, 'lag_2': 0.2783280324956201, 'lag_3': 0.11369154577750612, 'lag_4': 0.4214769507905445, 'lag_5': 0.8422936839536793, 'lag_6': 0.680644064735408, 'lag_7': 0.8147512880813923, 'lag_8': 0.5148805714949161, 'lag_9': 0.010916713109005154, 'lag_10': 0.36216106355462474, 'lag_11': 0.8724034284890446, 'lag_12': 0.8835915284562272, 'lag_13': 0.6634467605379744, 'lag_14': 0.23709144134757149, 'lag_15': 0.673386428029441, 'lag_16': 0.43579857763604973, 'lag_17': 0.0024380462332807855, 'lag_18': 0.9294331833084575, 'lag_19': 0.1464592388039733, 'lag_20': 0.4947856523729069, 'lag_21': 0.039312797261640456, 'lag_22': 0.7259220676343927, 'lag_23': 0.08223473551592106, 'lag_24': 0.38419964842144916, 'lag_25': 0.10120676163378599, 'lag_26': 0.5126178276129737, 'lag_27': 0.567960202811524, 'lag_28': 0.7077140767212385}. Best is trial 0 with value: 0.0062026862012995055.
[I 2025-09-29 12:54:48,839] Trial 9 finished with value: 0.006911965708915252 and parameters: {'lag_0': 0.9204249979216179, 'lag_1': 0.8407178889929016, 'lag_2': 0.6522656835296362, 'lag_3': 0.5929627646990843, 'lag_4': 0.19687440405132253, 'lag_5': 0.36141806914032704, 'lag_6': 0.13173696169457486, 'lag_7': 0.10686799014121265, 'lag_8': 0.3415112499385375, 'lag_9': 0.40675374364112077, 'lag_10': 0.9842813470222253, 'lag_11': 0.05595724344002734, 'lag_12': 0.37022715855741856, 'lag_13': 0.5921992940485333, 'lag_14': 0.6422706228853509, 'lag_15': 0.4592281816424426, 'lag_16': 0.41702331546547045, 'lag_17': 0.21130174055340498, 'lag_18': 0.8476652783768017, 'lag_19': 0.6436100259255413, 'lag_20': 0.20352434858193333, 'lag_21': 0.31242839726665433, 'lag_22': 0.17297318654799232, 'lag_23': 0.4404547413796197, 'lag_24': 0.5161813604736818, 'lag_25': 0.3972019700265384, 'lag_26': 0.5055189222218172, 'lag_27': 0.8085673666973889, 'lag_28': 0.811069919890881}. Best is trial 0 with value: 0.0062026862012995055.
[I 2025-09-29 12:54:51,410] Trial 10 finished with value: 0.006868440324618067 and parameters: {'lag_0': 0.6718019414589907, 'lag_1': 0.38222312804675024, 'lag_2': 0.6547313260745882, 'lag_3': 0.3232633872610483, 'lag_4': 0.04188127863483443, 'lag_5': 0.004901711048021229, 'lag_6': 0.3130438990859785, 'lag_7': 0.5228779426792064, 'lag_8': 0.09751730936134745, 'lag_9': 0.47829520960405, 'lag_10': 0.04116099872098583, 'lag_11': 0.9683230933879736, 'lag_12': 0.6366600797337819, 'lag_13': 0.9647360095248892, 'lag_14': 0.02267787965898138, 'lag_15': 0.9550358749019608, 'lag_16': 0.99755117454627, 'lag_17': 0.6839833419439002, 'lag_18': 0.41103356277396186, 'lag_19': 0.361427493754057, 'lag_20': 0.0757085280016162, 'lag_21': 0.9984373790912915, 'lag_22': 0.09785412206251076, 'lag_23': 0.23950240331467265, 'lag_24': 0.018761467180694602, 'lag_25': 0.7223900250703468, 'lag_26': 0.981743981937144, 'lag_27': 0.3003973772580878, 'lag_28': 0.9765475140533083}. Best is trial 0 with value: 0.0062026862012995055.
[I 2025-09-29 12:54:53,979] Trial 11 finished with value: 0.006874086399059304 and parameters: {'lag_0': 0.41433835616649706, 'lag_1': 0.37444804894778677, 'lag_2': 0.2533260643378927, 'lag_3': 0.21253751328262377, 'lag_4': 0.6469904522360617, 'lag_5': 0.9770289893165436, 'lag_6': 0.7713252289080581, 'lag_7': 0.9414005737570557, 'lag_8': 0.2537721063009003, 'lag_9': 0.30043478602358176, 'lag_10': 0.25656556468531233, 'lag_11': 0.9864377977948082, 'lag_12': 0.968098108933225, 'lag_13': 0.32635297821020776, 'lag_14': 0.20339278698808927, 'lag_15': 0.7681444626759804, 'lag_16': 0.874364532801101, 'lag_17': 0.26024314469330795, 'lag_18': 0.2637767212336156, 'lag_19': 0.012295238444737427, 'lag_20': 0.2983974852239262, 'lag_21': 0.9966272730705404, 'lag_22': 0.599683416610342, 'lag_23': 0.04581089234582656, 'lag_24': 0.03211850125453928, 'lag_25': 0.012107328813716622, 'lag_26': 0.7454999223453125, 'lag_27': 0.37840231523346546, 'lag_28': 0.5564027557444051}. Best is trial 0 with value: 0.0062026862012995055.
[I 2025-09-29 12:54:56,552] Trial 12 finished with value: 0.006685357509316345 and parameters: {'lag_0': 0.4710655737517091, 'lag_1': 0.6284211194910412, 'lag_2': 0.45747514765378167, 'lag_3': 0.021087693231179316, 'lag_4': 0.28858171738722127, 'lag_5': 0.8304172865703257, 'lag_6': 0.38262936117152496, 'lag_7': 0.9959959707020241, 'lag_8': 0.6250748100981847, 'lag_9': 0.6865725601762691, 'lag_10': 0.7792712255143791, 'lag_11': 0.7112040151060881, 'lag_12': 0.9890046011502365, 'lag_13': 0.3527148505493267, 'lag_14': 0.23882515507240953, 'lag_15': 0.7111717876447206, 'lag_16': 0.0027685485039580793, 'lag_17': 0.7088488575395889, 'lag_18': 0.9035408053603596, 'lag_19': 0.36981835418448944, 'lag_20': 0.36806766314611716, 'lag_21': 0.786073973061252, 'lag_22': 0.00589280574297224, 'lag_23': 0.02198202921714955, 'lag_24': 0.24919865565152374, 'lag_25': 0.00035027364208185807, 'lag_26': 0.6958600649956818, 'lag_27': 0.5089375364434026, 'lag_28': 0.547320522500991}. Best is trial 0 with value: 0.0062026862012995055.
[I 2025-09-29 12:54:59,118] Trial 13 finished with value: 0.006800560418439584 and parameters: {'lag_0': 0.5318134217755355, 'lag_1': 0.9958399095578927, 'lag_2': 0.5164900005290758, 'lag_3': 0.032692002120188274, 'lag_4': 0.256532287577272, 'lag_5': 0.6450560362797872, 'lag_6': 0.3197935179340786, 'lag_7': 0.985625889347304, 'lag_8': 0.6718477821460234, 'lag_9': 0.6638673645066422, 'lag_10': 0.7832603947470177, 'lag_11': 0.7168929473673438, 'lag_12': 0.700464363952047, 'lag_13': 0.29904104861386394, 'lag_14': 0.16195828775088394, 'lag_15': 0.7095688397530623, 'lag_16': 0.06414902704002401, 'lag_17': 0.7384044317428186, 'lag_18': 0.96822447327149, 'lag_19': 0.40624570358318574, 'lag_20': 0.32216187795770157, 'lag_21': 0.808345207256191, 'lag_22': 0.020026688370957824, 'lag_23': 0.2898762521479126, 'lag_24': 0.22532453518275858, 'lag_25': 0.23461875399110485, 'lag_26': 0.7064466617407484, 'lag_27': 0.38803558959549034, 'lag_28': 0.4557397850502547}. Best is trial 0 with value: 0.0062026862012995055.
[I 2025-09-29 12:55:01,694] Trial 14 finished with value: 0.006939238727343947 and parameters: {'lag_0': 0.842601237230955, 'lag_1': 0.5164899250074261, 'lag_2': 0.997566645619487, 'lag_3': 0.2984608433565849, 'lag_4': 0.05121174415602514, 'lag_5': 0.23546813728956506, 'lag_6': 0.43344238611243363, 'lag_7': 0.525904642772072, 'lag_8': 0.23638100205090512, 'lag_9': 0.7326442411509805, 'lag_10': 0.8162389850416806, 'lag_11': 0.6463037866668941, 'lag_12': 0.30168107625813506, 'lag_13': 0.43748103211026584, 'lag_14': 0.3480637520072156, 'lag_15': 0.881483711577655, 'lag_16': 0.776827198127605, 'lag_17': 0.7144964036103838, 'lag_18': 0.5625206008908125, 'lag_19': 0.7406385592722956, 'lag_20': 0.7025028749527638, 'lag_21': 0.8175400218773271, 'lag_22': 0.23846861343627967, 'lag_23': 0.23184771183149472, 'lag_24': 0.20961577518885047, 'lag_25': 0.0035895207691334615, 'lag_26': 0.9486446518813796, 'lag_27': 0.08192998051605305, 'lag_28': 0.5544270062413608}. Best is trial 0 with value: 0.0062026862012995055.
2025-09-29 12:55:02,558 - distributed.worker - INFO - Stopping worker at tcp://192.168.86.107:43954. Reason: scheduler-remove-worker
2025-09-29 12:55:02,563 - distributed.nanny - INFO - Closing Nanny gracefully at 'tcp://192.168.86.107:38464'. Reason: scheduler-remove-worker
2025-09-29 12:55:02,564 - distributed.worker.state_machine - WARNING - Async instruction for <Task cancelled name='execute(optimize_subject-17ca9254-c107-47d6-9c02-0f751b250d8b)' coro=<Worker.execute() done, defined at /usr/global/miniconda/py310_23.1.0-1/envs/workshop_311/lib/python3.11/site-packages/distributed/worker_state_machine.py:3607>> ended with CancelledError
slurmstepd: error: *** JOB 3081177 ON node07 CANCELLED AT 2025-09-29T12:55:02 ***
