[I 2025-09-29 11:55:15,373] Trial 83 finished with value: 0.011395478357226643 and parameters: {'lag_0': 0.7401151854097092, 'lag_1': 0.8561029617778374, 'lag_2': 0.9091208886849288, 'lag_3': 0.13888776305274972, 'lag_4': 0.8420906068293905, 'lag_5': 0.04781330157649888, 'lag_6': 0.69847503044024, 'lag_7': 0.12609555452106935, 'lag_8': 0.43393152697361154, 'lag_9': 0.6865128435614113, 'lag_10': 0.9422963843378853, 'lag_11': 0.042764852500953465, 'lag_12': 0.7809904090362849, 'lag_13': 0.22692676047611726, 'lag_14': 0.6726699937890562, 'lag_15': 0.9982493537109273, 'lag_16': 0.23516123645395798, 'lag_17': 0.6995714882858849, 'lag_18': 0.6393807420972967, 'lag_19': 0.7590674030537472, 'lag_20': 0.6691057323837539, 'lag_21': 0.22133156323331993, 'lag_22': 0.2318127911673106, 'lag_23': 0.7886805724914352, 'lag_24': 0.2544216807832502, 'lag_25': 0.3888388693968012, 'lag_26': 0.27277986609892335, 'lag_27': 0.7780236046845816, 'lag_28': 0.7321671490852152}. Best is trial 58 with value: 0.010976742506279497.
[I 2025-09-29 11:55:17,716] Trial 84 finished with value: 0.01118957893282942 and parameters: {'lag_0': 0.8184458595668627, 'lag_1': 0.9108792453177941, 'lag_2': 0.5714721886449332, 'lag_3': 0.3573385953389077, 'lag_4': 0.701052765061722, 'lag_5': 0.17273446674960924, 'lag_6': 0.6148113769366221, 'lag_7': 0.23422154200357181, 'lag_8': 0.6444573905663784, 'lag_9': 0.495321705519663, 'lag_10': 0.10646073116795539, 'lag_11': 0.0797936568684181, 'lag_12': 0.8758018153110116, 'lag_13': 0.4208857153312901, 'lag_14': 0.6000033468951519, 'lag_15': 0.48344815981674016, 'lag_16': 0.3647585811587945, 'lag_17': 0.6276123390372015, 'lag_18': 0.6862316020742709, 'lag_19': 0.9000371563056639, 'lag_20': 0.6236556130822386, 'lag_21': 0.2742009767580135, 'lag_22': 0.09840390529601475, 'lag_23': 0.6912552188551796, 'lag_24': 0.3278736376880585, 'lag_25': 0.48487019273382814, 'lag_26': 0.37264548701760447, 'lag_27': 0.44306550100582853, 'lag_28': 0.8673424003882156}. Best is trial 58 with value: 0.010976742506279497.
[I 2025-09-29 11:55:20,056] Trial 85 finished with value: 0.011029662093710738 and parameters: {'lag_0': 0.7740110836459912, 'lag_1': 0.6684791020317937, 'lag_2': 0.5152746513235456, 'lag_3': 0.24571734870872863, 'lag_4': 0.7687060976020329, 'lag_5': 0.127227481671106, 'lag_6': 0.5197642289320389, 'lag_7': 0.03401927485024209, 'lag_8': 0.4822738218910083, 'lag_9': 0.5806929946640105, 'lag_10': 0.5795566603942099, 'lag_11': 0.1405709385505967, 'lag_12': 0.8987653037115788, 'lag_13': 0.2751870484041415, 'lag_14': 0.7018869354400838, 'lag_15': 0.08566329518474325, 'lag_16': 0.4869821743065738, 'lag_17': 0.09038374147019711, 'lag_18': 0.7239504329745234, 'lag_19': 0.42616076773377815, 'lag_20': 0.7643764438842888, 'lag_21': 0.3382657950313149, 'lag_22': 0.18095210993733024, 'lag_23': 0.8266144327926286, 'lag_24': 0.3970329217158092, 'lag_25': 0.3656377870544462, 'lag_26': 0.5022298040657233, 'lag_27': 0.8298256970048197, 'lag_28': 0.596522992062944}. Best is trial 58 with value: 0.010976742506279497.
[I 2025-09-29 11:55:22,395] Trial 86 finished with value: 0.011173490942932022 and parameters: {'lag_0': 0.48477235724259005, 'lag_1': 0.6643655486044933, 'lag_2': 0.43573137929692135, 'lag_3': 0.20612988075496866, 'lag_4': 0.7523117284893145, 'lag_5': 0.13040765950828664, 'lag_6': 0.4988615935966917, 'lag_7': 0.04733687419804917, 'lag_8': 0.4777305465017805, 'lag_9': 0.5782314660109239, 'lag_10': 0.5495617135966321, 'lag_11': 0.14953465047723916, 'lag_12': 0.9804041829168505, 'lag_13': 0.2785407099671469, 'lag_14': 0.7798897953549123, 'lag_15': 0.13612709983723476, 'lag_16': 0.4239063316411664, 'lag_17': 0.09917553483591232, 'lag_18': 0.7551215068583584, 'lag_19': 0.39091567059653076, 'lag_20': 0.9041536727624578, 'lag_21': 0.42072366482917023, 'lag_22': 0.25391559137088615, 'lag_23': 0.6373621307097249, 'lag_24': 0.3937398646080059, 'lag_25': 0.35966543916771004, 'lag_26': 0.5046165669631159, 'lag_27': 0.830836719345951, 'lag_28': 0.6131838689476088}. Best is trial 58 with value: 0.010976742506279497.
[I 2025-09-29 11:55:24,732] Trial 87 finished with value: 0.01128797307770357 and parameters: {'lag_0': 0.4461336261235918, 'lag_1': 0.7261882502688419, 'lag_2': 0.48858310356597967, 'lag_3': 0.24504906449304414, 'lag_4': 0.8722214226719261, 'lag_5': 0.09243215411789232, 'lag_6': 0.4506511090252713, 'lag_7': 0.09730440920591925, 'lag_8': 0.059935001855779824, 'lag_9': 0.9272683295955387, 'lag_10': 0.5261005449071385, 'lag_11': 0.16468523234023336, 'lag_12': 0.8956965094040595, 'lag_13': 0.1856736825550292, 'lag_14': 0.851534660788525, 'lag_15': 0.0940380303880339, 'lag_16': 0.4537450083028727, 'lag_17': 0.12966987772104346, 'lag_18': 0.7280384424352535, 'lag_19': 0.5642301515673723, 'lag_20': 0.763423626534635, 'lag_21': 0.34194451011515087, 'lag_22': 0.18458799058914746, 'lag_23': 0.38940076485152686, 'lag_24': 0.438587230119902, 'lag_25': 0.4496132159071734, 'lag_26': 0.6336572590712763, 'lag_27': 0.6000578885010065, 'lag_28': 0.5484562493953697}. Best is trial 58 with value: 0.010976742506279497.
[I 2025-09-29 11:55:27,076] Trial 88 finished with value: 0.011199797264390732 and parameters: {'lag_0': 0.7688662071435074, 'lag_1': 0.6276964499153146, 'lag_2': 0.08217971235598602, 'lag_3': 0.30105440347770723, 'lag_4': 0.4547861428847522, 'lag_5': 0.07346582133506732, 'lag_6': 0.5222874422555672, 'lag_7': 0.01174070680679649, 'lag_8': 0.5996057023411066, 'lag_9': 0.510586221478061, 'lag_10': 0.7931006858457539, 'lag_11': 0.09794564383448594, 'lag_12': 0.9250191760741334, 'lag_13': 0.3447754533817625, 'lag_14': 0.738068037233673, 'lag_15': 0.5311129709358147, 'lag_16': 0.4869851892194668, 'lag_17': 0.03608564855559214, 'lag_18': 0.8076507273775284, 'lag_19': 0.1505858906134628, 'lag_20': 0.23364576491318573, 'lag_21': 0.39010124210806996, 'lag_22': 0.06720194537457821, 'lag_23': 0.996492146925783, 'lag_24': 0.5450802013795613, 'lag_25': 0.520976970667517, 'lag_26': 0.5871678988205151, 'lag_27': 0.5416476053724562, 'lag_28': 0.9110378302690393}. Best is trial 58 with value: 0.010976742506279497.
[I 2025-09-29 11:55:29,421] Trial 89 finished with value: 0.011194070856685386 and parameters: {'lag_0': 0.6809005846860176, 'lag_1': 0.5997740059247161, 'lag_2': 0.689703230186777, 'lag_3': 0.27907075238184176, 'lag_4': 0.5906771299339869, 'lag_5': 0.05864022924840395, 'lag_6': 0.5625475388288596, 'lag_7': 0.0018647859954060916, 'lag_8': 0.44694006302902967, 'lag_9': 0.5679436162165625, 'lag_10': 0.8813743090493084, 'lag_11': 0.9955387522059425, 'lag_12': 0.5182895903201757, 'lag_13': 0.31807176637335227, 'lag_14': 0.7073064610866164, 'lag_15': 0.7146107687743413, 'lag_16': 0.4043834441487044, 'lag_17': 0.9129985535212204, 'lag_18': 0.5748841326741204, 'lag_19': 0.4448170752249244, 'lag_20': 0.18500033022120896, 'lag_21': 0.4455801269007602, 'lag_22': 0.02536238740437763, 'lag_23': 0.941149885446146, 'lag_24': 0.07789113054564933, 'lag_25': 0.3086820835860228, 'lag_26': 0.45214228005863916, 'lag_27': 0.370200846947884, 'lag_28': 0.4607601871050768}. Best is trial 58 with value: 0.010976742506279497.
[I 2025-09-29 11:55:31,761] Trial 90 finished with value: 0.011245350829234122 and parameters: {'lag_0': 0.586895532868677, 'lag_1': 0.5196754677917061, 'lag_2': 0.5357956590277155, 'lag_3': 0.3304678197677481, 'lag_4': 0.9343129949364427, 'lag_5': 0.02124306058714709, 'lag_6': 0.8248078759736901, 'lag_7': 0.07965075191571916, 'lag_8': 0.719649390245715, 'lag_9': 0.4181760723549226, 'lag_10': 0.6190545617879291, 'lag_11': 0.34198759270821866, 'lag_12': 0.4063043121037609, 'lag_13': 0.05848331066531953, 'lag_14': 0.8136298249674561, 'lag_15': 0.5988764526598107, 'lag_16': 0.5259889995324867, 'lag_17': 0.07168546754408836, 'lag_18': 0.5097113658577026, 'lag_19': 0.19757677166350074, 'lag_20': 0.10207737820209944, 'lag_21': 0.32893486013371753, 'lag_22': 0.498440916809876, 'lag_23': 0.5906373464631857, 'lag_24': 0.4599743459730459, 'lag_25': 0.6508221746257854, 'lag_26': 0.5350763982548844, 'lag_27': 0.4968642967026386, 'lag_28': 0.7543244522972296}. Best is trial 58 with value: 0.010976742506279497.
[I 2025-09-29 11:55:34,107] Trial 91 finished with value: 0.01103312325796247 and parameters: {'lag_0': 0.7195043098428228, 'lag_1': 0.6819746698729346, 'lag_2': 0.5222651779390738, 'lag_3': 0.38242130139282743, 'lag_4': 0.827184485746633, 'lag_5': 0.22736583422269718, 'lag_6': 0.5922689099783898, 'lag_7': 0.12277767658097113, 'lag_8': 0.49535649354069405, 'lag_9': 0.620130097855953, 'lag_10': 0.2546150790259988, 'lag_11': 0.06400453397029893, 'lag_12': 0.840899413633183, 'lag_13': 0.23223172052770966, 'lag_14': 0.65923657710878, 'lag_15': 0.01989354400119418, 'lag_16': 0.2871231995155373, 'lag_17': 0.08779553920235827, 'lag_18': 0.6741535430642488, 'lag_19': 0.6845906808528189, 'lag_20': 0.7207330116369309, 'lag_21': 0.35840841095096465, 'lag_22': 0.15267681850250944, 'lag_23': 0.8302801689679735, 'lag_24': 0.31477924253030676, 'lag_25': 0.4290161104427836, 'lag_26': 0.003496621847124015, 'lag_27': 0.9135176965251108, 'lag_28': 0.5837377454549051}. Best is trial 58 with value: 0.010976742506279497.
[I 2025-09-29 11:55:36,449] Trial 92 finished with value: 0.011273737611394429 and parameters: {'lag_0': 0.7135578877942444, 'lag_1': 0.6734916338133591, 'lag_2': 0.48240775543448655, 'lag_3': 0.3834223561798322, 'lag_4': 0.9010889414925034, 'lag_5': 0.14307766799923718, 'lag_6': 0.540147074385151, 'lag_7': 0.04314231906862308, 'lag_8': 0.4932396600587111, 'lag_9': 0.30566265243880886, 'lag_10': 0.25928016121742525, 'lag_11': 0.056774003967883666, 'lag_12': 0.8119014222928503, 'lag_13': 0.2432794759088073, 'lag_14': 0.69669204802528, 'lag_15': 0.08028325950664508, 'lag_16': 0.27936939466847693, 'lag_17': 0.07854974487661846, 'lag_18': 0.6748153138639471, 'lag_19': 0.7052770813667839, 'lag_20': 0.8777846825639074, 'lag_21': 0.3661775316132218, 'lag_22': 0.12168838766592094, 'lag_23': 0.8378864546918577, 'lag_24': 0.3488565300865498, 'lag_25': 0.4320720056455139, 'lag_26': 0.0004909374161814473, 'lag_27': 0.7922392052448878, 'lag_28': 0.5715493637610379}. Best is trial 58 with value: 0.010976742506279497.
[I 2025-09-29 11:55:38,786] Trial 93 finished with value: 0.01097046586925159 and parameters: {'lag_0': 0.6466067213609471, 'lag_1': 0.5655306528114481, 'lag_2': 0.5273117768845021, 'lag_3': 0.45614614120046515, 'lag_4': 0.8167027447588073, 'lag_5': 0.000328464322935651, 'lag_6': 0.4975289227255353, 'lag_7': 0.1934060762885302, 'lag_8': 0.40118509031707056, 'lag_9': 0.5371499583992241, 'lag_10': 0.3484575027398953, 'lag_11': 0.13588274011488213, 'lag_12': 0.46935631818049534, 'lag_13': 0.1571115234638124, 'lag_14': 0.7707446815908634, 'lag_15': 0.05264713497445868, 'lag_16': 0.3186346721696881, 'lag_17': 0.3613862513246583, 'lag_18': 0.7087253062333269, 'lag_19': 0.6828755908079701, 'lag_20': 0.7851827119854843, 'lag_21': 0.40106612689209814, 'lag_22': 0.2063167411444329, 'lag_23': 0.8172405112690501, 'lag_24': 0.30899734109458027, 'lag_25': 0.32829424363199144, 'lag_26': 0.1159306581534453, 'lag_27': 0.8766222839983185, 'lag_28': 0.4937823401069722}. Best is trial 93 with value: 0.01097046586925159.
[I 2025-09-29 11:55:41,124] Trial 94 finished with value: 0.011163842718207685 and parameters: {'lag_0': 0.6333200284968041, 'lag_1': 0.658727071223106, 'lag_2': 0.5996933920299866, 'lag_3': 0.48572722471053154, 'lag_4': 0.8183965218202299, 'lag_5': 0.09672569007684831, 'lag_6': 0.49469741304343523, 'lag_7': 0.2839637019344713, 'lag_8': 0.4069976377286957, 'lag_9': 0.5371523550247045, 'lag_10': 0.34743207362556916, 'lag_11': 0.13039266959560514, 'lag_12': 0.46830942215461335, 'lag_13': 0.16701669969521613, 'lag_14': 0.772085575312736, 'lag_15': 0.1194874516065465, 'lag_16': 0.37114574786269516, 'lag_17': 0.361655035386481, 'lag_18': 0.71272670452291, 'lag_19': 0.6358928025563331, 'lag_20': 0.8200181988946876, 'lag_21': 0.3997400118623736, 'lag_22': 0.20772639699508516, 'lag_23': 0.8635102310088613, 'lag_24': 0.3141801240572089, 'lag_25': 0.3194329039032228, 'lag_26': 0.03364894633837981, 'lag_27': 0.9735091123340607, 'lag_28': 0.5205571915086411}. Best is trial 93 with value: 0.01097046586925159.
[I 2025-09-29 11:55:43,470] Trial 95 finished with value: 0.011113609254099308 and parameters: {'lag_0': 0.6595419774769531, 'lag_1': 0.558419312285297, 'lag_2': 0.1359847042386862, 'lag_3': 0.4518156942447039, 'lag_4': 0.5146551950277516, 'lag_5': 0.2942268391791583, 'lag_6': 0.46467251147862904, 'lag_7': 0.1924830215846265, 'lag_8': 0.34834018026619873, 'lag_9': 0.45413184192259515, 'lag_10': 0.31882999239089965, 'lag_11': 0.10048282170974578, 'lag_12': 0.5542154613282886, 'lag_13': 0.12263340127484783, 'lag_14': 0.6614673987235932, 'lag_15': 0.023235835040508877, 'lag_16': 0.29481468642638053, 'lag_17': 0.17159860448392597, 'lag_18': 0.7702351417597357, 'lag_19': 0.6970414544973556, 'lag_20': 0.7835391104242198, 'lag_21': 0.4738157972294545, 'lag_22': 0.8592309474561551, 'lag_23': 0.81771615482807, 'lag_24': 0.41954620638127343, 'lag_25': 0.2717528025064587, 'lag_26': 0.10865328685318974, 'lag_27': 0.8768067638938997, 'lag_28': 0.3882186305188866}. Best is trial 93 with value: 0.01097046586925159.
[I 2025-09-29 11:55:45,809] Trial 96 finished with value: 0.011291121151283914 and parameters: {'lag_0': 0.5637437698577217, 'lag_1': 0.5959357957361847, 'lag_2': 0.406123506352886, 'lag_3': 0.4126159256135473, 'lag_4': 0.7700026459618575, 'lag_5': 0.11682140873568994, 'lag_6': 0.40456886873070325, 'lag_7': 0.8512051946764475, 'lag_8': 0.9228838792719125, 'lag_9': 0.483401654881236, 'lag_10': 0.3852677405845734, 'lag_11': 0.13739910942549033, 'lag_12': 0.4630789960128166, 'lag_13': 0.07043803774243279, 'lag_14': 0.9234753804817285, 'lag_15': 0.14574948853333025, 'lag_16': 0.44552662604428384, 'lag_17': 0.4930589870486712, 'lag_18': 0.6966558846711449, 'lag_19': 0.6780991503499422, 'lag_20': 0.012386062559262168, 'lag_21': 0.5106611233314344, 'lag_22': 0.23985248276497084, 'lag_23': 0.9179848306023327, 'lag_24': 0.2177249131789114, 'lag_25': 0.2524407957814259, 'lag_26': 0.13139873116721817, 'lag_27': 0.9460165148946689, 'lag_28': 0.48662665124131743}. Best is trial 93 with value: 0.01097046586925159.
[I 2025-09-29 11:55:48,152] Trial 97 finished with value: 0.011201370488171119 and parameters: {'lag_0': 0.26344064546099377, 'lag_1': 0.6911336012581768, 'lag_2': 0.5192809729038931, 'lag_3': 0.5765227105827446, 'lag_4': 0.6470536599088447, 'lag_5': 0.1837510264374661, 'lag_6': 0.4290949608296192, 'lag_7': 0.21584954835067827, 'lag_8': 0.5412746857783045, 'lag_9': 0.6368942846200999, 'lag_10': 0.28885260102875043, 'lag_11': 0.08306041693663707, 'lag_12': 0.7650020266051654, 'lag_13': 0.18675439173056282, 'lag_14': 0.5641635449641121, 'lag_15': 0.07783178999024808, 'lag_16': 0.5006860278543249, 'lag_17': 0.2940575270502423, 'lag_18': 0.8452729748312158, 'lag_19': 0.5269176206859041, 'lag_20': 0.9943598312787396, 'lag_21': 0.4154756594631572, 'lag_22': 0.7243205943956815, 'lag_23': 0.9739948335844669, 'lag_24': 0.9123720750342419, 'lag_25': 0.5818060133115796, 'lag_26': 0.06179209841280234, 'lag_27': 0.7549093190385091, 'lag_28': 0.5996343979793862}. Best is trial 93 with value: 0.01097046586925159.
[I 2025-09-29 11:55:50,493] Trial 98 finished with value: 0.011111115125619849 and parameters: {'lag_0': 0.36723806090731653, 'lag_1': 0.6213383721027542, 'lag_2': 0.033964620297168846, 'lag_3': 0.3670288536209054, 'lag_4': 0.6828725379017252, 'lag_5': 0.002428194220313514, 'lag_6': 0.527334092167067, 'lag_7': 0.700346273997994, 'lag_8': 0.20611131200315191, 'lag_9': 0.6866950728796315, 'lag_10': 0.28677147048997553, 'lag_11': 0.2745658249035657, 'lag_12': 0.5702867523942777, 'lag_13': 0.14813938206510763, 'lag_14': 0.7577726500159578, 'lag_15': 0.04213926182519911, 'lag_16': 0.26908601482394423, 'lag_17': 0.5359525511049081, 'lag_18': 0.6000901737264983, 'lag_19': 0.6073627315039107, 'lag_20': 0.44227344287259, 'lag_21': 0.34373667617502, 'lag_22': 0.10260986327966246, 'lag_23': 0.7374190077120353, 'lag_24': 0.38329816467424604, 'lag_25': 0.3690660034011406, 'lag_26': 0.15338463510055755, 'lag_27': 0.6507365871856503, 'lag_28': 0.40193668709137276}. Best is trial 93 with value: 0.01097046586925159.
[I 2025-09-29 11:55:52,828] Trial 99 finished with value: 0.011133038580509349 and parameters: {'lag_0': 0.5997343254053503, 'lag_1': 0.39051890679995327, 'lag_2': 0.43701310017276335, 'lag_3': 0.43060673365339175, 'lag_4': 0.7158200270333923, 'lag_5': 0.6019961590702667, 'lag_6': 0.5940767285931704, 'lag_7': 0.9687888380648665, 'lag_8': 0.31177114520967675, 'lag_9': 0.04023007685474872, 'lag_10': 0.5876008616269576, 'lag_11': 0.24361687823566494, 'lag_12': 0.8882300165723858, 'lag_13': 0.11460927383988294, 'lag_14': 0.7974427834643084, 'lag_15': 0.5658696731654107, 'lag_16': 0.0852982172138067, 'lag_17': 0.3926239088011367, 'lag_18': 0.7933750067938223, 'lag_19': 0.7422352341506967, 'lag_20': 0.16365586088690448, 'lag_21': 0.3684335293415303, 'lag_22': 0.16355971236236888, 'lag_23': 0.7570757466179515, 'lag_24': 0.24885678596565503, 'lag_25': 0.5495594831910118, 'lag_26': 0.2165757542892801, 'lag_27': 0.47896810654633726, 'lag_28': 0.5668252578724513}. Best is trial 93 with value: 0.01097046586925159.
[I 2025-09-29 11:55:52,842] A new study created in memory with name: no-name-1f6dd5d1-c797-4f74-9e68-e9c8a768fe86
[I 2025-09-29 11:55:55,147] Trial 0 finished with value: 0.0027207494803164855 and parameters: {'lag_0': 0.7223524617628062, 'lag_1': 0.4283435501241978, 'lag_2': 0.86890988752094, 'lag_3': 0.5014253098124161, 'lag_4': 0.7526386631609571, 'lag_5': 0.5427846316140301, 'lag_6': 0.8637754485087372, 'lag_7': 0.03520056480958164, 'lag_8': 0.6020112787126415, 'lag_9': 0.21385683958293827, 'lag_10': 0.5185932052702636, 'lag_11': 0.9629315985559993, 'lag_12': 0.26106770081412245, 'lag_13': 0.6310375813835825, 'lag_14': 0.3222545271110607, 'lag_15': 0.025916502103467864, 'lag_16': 0.029679846511088598, 'lag_17': 0.5294432027750297, 'lag_18': 0.07437667220302287, 'lag_19': 0.7811949598660323, 'lag_20': 0.41958708386493604, 'lag_21': 0.3482779681209703, 'lag_22': 0.4573850673307708, 'lag_23': 0.6437144673179143, 'lag_24': 0.799312482410654, 'lag_25': 0.08931110253999144, 'lag_26': 0.14563497393776276, 'lag_27': 0.8791182439506018, 'lag_28': 0.2943515105273654}. Best is trial 0 with value: 0.0027207494803164855.
[I 2025-09-29 11:55:57,445] Trial 1 finished with value: 0.0027040172834734344 and parameters: {'lag_0': 0.009178285726103677, 'lag_1': 0.3390807657546385, 'lag_2': 0.4007320949344812, 'lag_3': 0.9666340708284918, 'lag_4': 0.48295696880261785, 'lag_5': 0.31593071525279215, 'lag_6': 0.5866925741190028, 'lag_7': 0.43040992937372397, 'lag_8': 0.8809594989207243, 'lag_9': 0.6062647676475079, 'lag_10': 0.960280476601714, 'lag_11': 0.12565098724787777, 'lag_12': 0.4334884364405395, 'lag_13': 0.8825378020060833, 'lag_14': 0.8648812403204239, 'lag_15': 0.5109821495913902, 'lag_16': 0.12017740881925057, 'lag_17': 0.38783893974000566, 'lag_18': 0.8061651728611335, 'lag_19': 0.8117558311830708, 'lag_20': 0.1371889092962548, 'lag_21': 0.8022150435156327, 'lag_22': 0.22368331759365018, 'lag_23': 0.31760356201138074, 'lag_24': 0.7301967714630383, 'lag_25': 0.16690973827113212, 'lag_26': 0.25520161948966147, 'lag_27': 0.8903147425483425, 'lag_28': 0.9816826381981566}. Best is trial 1 with value: 0.0027040172834734344.
[I 2025-09-29 11:55:59,743] Trial 2 finished with value: 0.002707807821799948 and parameters: {'lag_0': 0.20299195893494207, 'lag_1': 0.8053619208964594, 'lag_2': 0.8037322054457526, 'lag_3': 0.57847646143619, 'lag_4': 0.7396850109138259, 'lag_5': 0.7222375938896893, 'lag_6': 0.24726292376441672, 'lag_7': 0.4026389144365209, 'lag_8': 0.09333884533839565, 'lag_9': 0.48282896929460817, 'lag_10': 0.7201917015033196, 'lag_11': 0.2679835579366126, 'lag_12': 0.3554597898900657, 'lag_13': 0.8529769873072133, 'lag_14': 0.4918564034135069, 'lag_15': 0.6232982753988191, 'lag_16': 0.43470468173029087, 'lag_17': 0.621529291247907, 'lag_18': 0.47936754158857803, 'lag_19': 0.041681219575101805, 'lag_20': 0.6191332065206173, 'lag_21': 0.2917014487784316, 'lag_22': 0.25503912342499535, 'lag_23': 0.0728808053000122, 'lag_24': 0.12260468885597359, 'lag_25': 0.3705224218624187, 'lag_26': 0.9758835248626264, 'lag_27': 0.20213315012679733, 'lag_28': 0.9857909715574966}. Best is trial 1 with value: 0.0027040172834734344.
[I 2025-09-29 11:56:02,051] Trial 3 finished with value: 0.002693370557867764 and parameters: {'lag_0': 0.7545532535393468, 'lag_1': 0.9051883743854356, 'lag_2': 0.3603332727724645, 'lag_3': 0.6933653715201427, 'lag_4': 0.9204379478362534, 'lag_5': 0.7603310525932778, 'lag_6': 0.7786764285425246, 'lag_7': 0.9477001548030899, 'lag_8': 0.9213030050520951, 'lag_9': 0.15493671110054902, 'lag_10': 0.027646940487910072, 'lag_11': 0.8296591591096064, 'lag_12': 0.3775990026584771, 'lag_13': 0.37959889998600754, 'lag_14': 0.45048359882767436, 'lag_15': 0.8317039618274663, 'lag_16': 0.671404687146932, 'lag_17': 0.040665519310595415, 'lag_18': 0.06933135906188856, 'lag_19': 0.9492617926411503, 'lag_20': 0.8164862273112884, 'lag_21': 0.6646979777527862, 'lag_22': 0.8892171780661325, 'lag_23': 0.46343429895266985, 'lag_24': 0.406265914013972, 'lag_25': 0.5655892465997308, 'lag_26': 0.2810542683083953, 'lag_27': 0.3569121984387611, 'lag_28': 0.233695822002735}. Best is trial 3 with value: 0.002693370557867764.
