[I 2025-09-29 13:25:45,909] Trial 87 finished with value: 0.002982595644259603 and parameters: {'lag_0': 0.5030816752500705, 'lag_1': 0.4627878033240644, 'lag_2': 0.9673605443267993, 'lag_3': 0.9461421945908175, 'lag_4': 0.414439474139522, 'lag_5': 0.46320619575198096, 'lag_6': 0.4167202180784205, 'lag_7': 0.11069899462241092, 'lag_8': 0.9693127712296308, 'lag_9': 0.962279070714933, 'lag_10': 0.32778008211514054, 'lag_11': 0.029603938653838563, 'lag_12': 0.9328479711268634, 'lag_13': 0.533200347441486, 'lag_14': 0.0014800115654960977, 'lag_15': 0.2324232009353163, 'lag_16': 0.626755985709524, 'lag_17': 0.9366663059972906, 'lag_18': 0.7356965389113206, 'lag_19': 0.4871926785397086, 'lag_20': 0.45348969462976796, 'lag_21': 0.3028931051789837, 'lag_22': 0.9967157302553465, 'lag_23': 0.7515469770968504, 'lag_24': 0.4750849194682326, 'lag_25': 0.8606874296930218, 'lag_26': 0.30880319266356937, 'lag_27': 0.6011145976318767, 'lag_28': 0.3033612010346283}. Best is trial 81 with value: 0.002614161177842629.
[I 2025-09-29 13:25:48,410] Trial 88 finished with value: 0.003000743225137461 and parameters: {'lag_0': 0.5798905520968669, 'lag_1': 0.25528236193280274, 'lag_2': 0.3787313255059601, 'lag_3': 0.8044890295800167, 'lag_4': 0.8339497780619983, 'lag_5': 0.9633787752160552, 'lag_6': 0.30233278655474266, 'lag_7': 0.24707912991015263, 'lag_8': 0.8785675504813262, 'lag_9': 0.5885127517340513, 'lag_10': 0.42619107822076124, 'lag_11': 0.6033630715983541, 'lag_12': 0.8799381693797589, 'lag_13': 0.2840681541785786, 'lag_14': 0.145242671363098, 'lag_15': 0.589952505276839, 'lag_16': 0.20206736730738029, 'lag_17': 0.7327155148244254, 'lag_18': 0.40919389603855905, 'lag_19': 0.7718596110903716, 'lag_20': 0.151589740794555, 'lag_21': 0.23187554209449274, 'lag_22': 0.5143726409479911, 'lag_23': 0.4304608457423621, 'lag_24': 0.5413824429292002, 'lag_25': 0.6371155589178172, 'lag_26': 0.5259365738028103, 'lag_27': 0.5447989844962022, 'lag_28': 0.9970958217225083}. Best is trial 81 with value: 0.002614161177842629.
[I 2025-09-29 13:25:50,913] Trial 89 finished with value: 0.0028057387905524272 and parameters: {'lag_0': 0.40496441955032625, 'lag_1': 0.29546379553875535, 'lag_2': 0.8703763367340792, 'lag_3': 0.8825170468450138, 'lag_4': 0.5721470048325749, 'lag_5': 0.6877259035667688, 'lag_6': 0.3881225091083487, 'lag_7': 0.42374031762747993, 'lag_8': 0.770345566463185, 'lag_9': 0.6229297203235376, 'lag_10': 0.5988447616932548, 'lag_11': 0.4008295027548973, 'lag_12': 0.7224505892286873, 'lag_13': 0.6054416758581487, 'lag_14': 0.12049908966372842, 'lag_15': 0.2697713363616435, 'lag_16': 0.2858305643207929, 'lag_17': 0.8262542719712556, 'lag_18': 0.34881230098471233, 'lag_19': 0.5444621546046975, 'lag_20': 0.02511461642715092, 'lag_21': 0.17411222204313798, 'lag_22': 0.4416617989792822, 'lag_23': 0.028084551226779192, 'lag_24': 0.8523985459039148, 'lag_25': 0.19672196328214336, 'lag_26': 0.20397263038762237, 'lag_27': 0.6394339318981063, 'lag_28': 0.9155212214718363}. Best is trial 81 with value: 0.002614161177842629.
[I 2025-09-29 13:25:53,418] Trial 90 finished with value: 0.0030484175254083005 and parameters: {'lag_0': 0.33354833148534324, 'lag_1': 0.4298696742697148, 'lag_2': 0.7446095059146575, 'lag_3': 0.8328072004538613, 'lag_4': 0.6695102913560101, 'lag_5': 0.8218718670298978, 'lag_6': 0.33503065031546136, 'lag_7': 0.32475229374095316, 'lag_8': 0.8585495906776939, 'lag_9': 0.4659337894189392, 'lag_10': 0.3014259448389932, 'lag_11': 0.06560216316121892, 'lag_12': 0.27386132909972455, 'lag_13': 0.34619803755717293, 'lag_14': 0.038307010301380465, 'lag_15': 0.07795346135518785, 'lag_16': 0.8500859308718313, 'lag_17': 0.9742715443632762, 'lag_18': 0.6749407124984095, 'lag_19': 0.2544902352118099, 'lag_20': 0.0759589748514462, 'lag_21': 0.4111639320851297, 'lag_22': 0.6834175149152644, 'lag_23': 0.7151936831951566, 'lag_24': 0.8254920785665969, 'lag_25': 0.8027425838347058, 'lag_26': 0.16319876210699033, 'lag_27': 0.9315668359729296, 'lag_28': 0.1316479747160339}. Best is trial 81 with value: 0.002614161177842629.
[I 2025-09-29 13:25:55,921] Trial 91 finished with value: 0.0030588914019670384 and parameters: {'lag_0': 0.47280315464294376, 'lag_1': 0.41789687866115477, 'lag_2': 0.3069259938898774, 'lag_3': 0.9233335076198155, 'lag_4': 0.5199621568706037, 'lag_5': 0.25528501182434266, 'lag_6': 0.26141145151107226, 'lag_7': 0.3494932516992413, 'lag_8': 0.9150320193551156, 'lag_9': 0.13993773917768534, 'lag_10': 0.37287840348749346, 'lag_11': 0.9997497020306134, 'lag_12': 0.8590191945523697, 'lag_13': 0.5899692385915476, 'lag_14': 0.10627338325834824, 'lag_15': 0.41961287531384206, 'lag_16': 0.4938761019002061, 'lag_17': 0.8491383604912337, 'lag_18': 0.3985487973702183, 'lag_19': 0.700861286712191, 'lag_20': 0.3550228760882134, 'lag_21': 0.48485864486830255, 'lag_22': 0.6930547134179872, 'lag_23': 0.6729538986019756, 'lag_24': 0.45643272831529136, 'lag_25': 0.4134261380273692, 'lag_26': 0.23633120251891054, 'lag_27': 0.6826332444968384, 'lag_28': 0.8926099087058624}. Best is trial 81 with value: 0.002614161177842629.
[I 2025-09-29 13:25:58,424] Trial 92 finished with value: 0.0031579374328560388 and parameters: {'lag_0': 0.3954132155191723, 'lag_1': 0.5025286317668413, 'lag_2': 0.28524421670285227, 'lag_3': 0.9335401190811476, 'lag_4': 0.5411024835687344, 'lag_5': 0.29763084315591026, 'lag_6': 0.27673559353031507, 'lag_7': 0.29704779182512686, 'lag_8': 0.9297794064458098, 'lag_9': 0.0806516255835863, 'lag_10': 0.38517397680397963, 'lag_11': 0.8926521042534534, 'lag_12': 0.7895581148522299, 'lag_13': 0.5587109207025256, 'lag_14': 0.09040927174439109, 'lag_15': 0.4385802123797393, 'lag_16': 0.655820815075246, 'lag_17': 0.8574748578491385, 'lag_18': 0.9058282881081012, 'lag_19': 0.7324484163737339, 'lag_20': 0.43114622281135323, 'lag_21': 0.32895369343824804, 'lag_22': 0.7207866321693814, 'lag_23': 0.6476132991555552, 'lag_24': 0.41067017924650606, 'lag_25': 0.3526375127702054, 'lag_26': 0.081501417257094, 'lag_27': 0.5943259958758247, 'lag_28': 0.9525622585926916}. Best is trial 81 with value: 0.002614161177842629.
[I 2025-09-29 13:26:00,925] Trial 93 finished with value: 0.003755516619032441 and parameters: {'lag_0': 0.4205223072659056, 'lag_1': 0.3700648361361121, 'lag_2': 0.9510876061006157, 'lag_3': 0.8570357406501707, 'lag_4': 0.48642043090956977, 'lag_5': 0.38493354711301897, 'lag_6': 0.1859806253643411, 'lag_7': 0.40970921050211806, 'lag_8': 0.9717976839588843, 'lag_9': 0.23023809352990887, 'lag_10': 0.34566293193134834, 'lag_11': 0.7383576155799548, 'lag_12': 0.8992795429722912, 'lag_13': 0.654845322854314, 'lag_14': 0.06719678940847276, 'lag_15': 0.5036295736570222, 'lag_16': 0.5594877340895905, 'lag_17': 0.8877622724026565, 'lag_18': 0.28380018026934306, 'lag_19': 0.44776701290689985, 'lag_20': 0.2697926994308716, 'lag_21': 0.410510130161298, 'lag_22': 0.6578019908916123, 'lag_23': 0.6887295472519714, 'lag_24': 0.35568757575146004, 'lag_25': 0.28164506653809857, 'lag_26': 0.24363627380071765, 'lag_27': 0.40512498274321584, 'lag_28': 0.974476817916724}. Best is trial 81 with value: 0.002614161177842629.
[I 2025-09-29 13:26:03,426] Trial 94 finished with value: 0.002904934963893712 and parameters: {'lag_0': 0.8719507503067234, 'lag_1': 0.4626534590544239, 'lag_2': 0.47996582279871475, 'lag_3': 0.8948100528545117, 'lag_4': 0.6032859926994419, 'lag_5': 0.21629032868168852, 'lag_6': 0.23807915442126196, 'lag_7': 0.27514418913820105, 'lag_8': 0.8971337663282336, 'lag_9': 0.3906152982155743, 'lag_10': 0.43607642521368173, 'lag_11': 0.444374140420225, 'lag_12': 0.965540235838547, 'lag_13': 0.3860929204629602, 'lag_14': 0.2094382925292113, 'lag_15': 0.39727099580944236, 'lag_16': 0.3907732047510553, 'lag_17': 0.7540831732953721, 'lag_18': 0.4210385558067323, 'lag_19': 0.6887112301732288, 'lag_20': 0.05470223925570542, 'lag_21': 0.376191126033574, 'lag_22': 0.5925527884320289, 'lag_23': 0.5661579989599499, 'lag_24': 0.32472252004826174, 'lag_25': 0.4508525267796783, 'lag_26': 0.13113438421312998, 'lag_27': 0.6527516414812995, 'lag_28': 0.8385812685451548}. Best is trial 81 with value: 0.002614161177842629.
[I 2025-09-29 13:26:05,931] Trial 95 finished with value: 0.002876002246528017 and parameters: {'lag_0': 0.3586235147181732, 'lag_1': 0.3939884561187058, 'lag_2': 0.19838955283244092, 'lag_3': 0.9513615752018421, 'lag_4': 0.5531071470549318, 'lag_5': 0.15025699250671262, 'lag_6': 0.29077910922139394, 'lag_7': 0.3406014910090081, 'lag_8': 0.3360188440699953, 'lag_9': 0.16090396041738836, 'lag_10': 0.19128754172230367, 'lag_11': 0.9637582451075158, 'lag_12': 0.8736689247732549, 'lag_13': 0.6830061760063851, 'lag_14': 0.14896976924978886, 'lag_15': 0.7122016966308786, 'lag_16': 0.4672407350291363, 'lag_17': 0.7931412287898641, 'lag_18': 0.25332252212463174, 'lag_19': 0.6151914252172784, 'lag_20': 0.6525983705319347, 'lag_21': 0.09981234023722654, 'lag_22': 0.7654267716435948, 'lag_23': 0.5153796705624211, 'lag_24': 0.4310675898061589, 'lag_25': 0.4898567214211188, 'lag_26': 0.017962632263879372, 'lag_27': 0.7750314668773073, 'lag_28': 0.5140397356001144}. Best is trial 81 with value: 0.002614161177842629.
[I 2025-09-29 13:26:08,432] Trial 96 finished with value: 0.0029038988675417756 and parameters: {'lag_0': 0.5486186632983234, 'lag_1': 0.28023051212809685, 'lag_2': 0.34583115887497196, 'lag_3': 0.9930867358792206, 'lag_4': 0.5031377606129562, 'lag_5': 0.3336031148249447, 'lag_6': 0.12958622483622945, 'lag_7': 0.5878059383539663, 'lag_8': 0.8498435578819572, 'lag_9': 0.1791397051495448, 'lag_10': 0.4774331491570785, 'lag_11': 0.7979196064561249, 'lag_12': 0.44485618729971715, 'lag_13': 0.4855544337807182, 'lag_14': 0.45885518425980315, 'lag_15': 0.35226848265117566, 'lag_16': 0.07894687426346547, 'lag_17': 0.5056507126670486, 'lag_18': 0.35665553634466696, 'lag_19': 0.822661883229016, 'lag_20': 0.47770673666267816, 'lag_21': 0.7470015734472686, 'lag_22': 0.6345242605222957, 'lag_23': 0.6078266653864423, 'lag_24': 0.3631880101139026, 'lag_25': 0.7069327750530076, 'lag_26': 0.8862046090724949, 'lag_27': 0.7070323040934523, 'lag_28': 0.8718820462887129}. Best is trial 81 with value: 0.002614161177842629.
[I 2025-09-29 13:26:10,933] Trial 97 finished with value: 0.002924233976849981 and parameters: {'lag_0': 0.40515413219725266, 'lag_1': 0.4926325835914211, 'lag_2': 0.9999587377162394, 'lag_3': 0.7667655091900625, 'lag_4': 0.5856701639559108, 'lag_5': 0.10252088160815799, 'lag_6': 0.457870553940019, 'lag_7': 0.4889916858850878, 'lag_8': 0.38038431621971114, 'lag_9': 0.9073571608183821, 'lag_10': 0.24638979221050922, 'lag_11': 0.020439221968490757, 'lag_12': 0.9469258983370116, 'lag_13': 0.5727097801519798, 'lag_14': 0.02068481036798843, 'lag_15': 0.5459668864411475, 'lag_16': 0.24882619798600275, 'lag_17': 0.9216742278373851, 'lag_18': 0.4542624471751532, 'lag_19': 0.49476491856081234, 'lag_20': 0.12663708156824136, 'lag_21': 0.4666938735992159, 'lag_22': 0.8435932919761293, 'lag_23': 0.5978294756081227, 'lag_24': 0.2882236414304559, 'lag_25': 0.6510172326168383, 'lag_26': 0.3015943783481084, 'lag_27': 0.4713764732006892, 'lag_28': 0.9291059062072016}. Best is trial 81 with value: 0.002614161177842629.
[I 2025-09-29 13:26:13,447] Trial 98 finished with value: 0.002652547666342697 and parameters: {'lag_0': 0.45279722983484927, 'lag_1': 0.34075495016981106, 'lag_2': 0.5987781759264885, 'lag_3': 0.689963440898647, 'lag_4': 0.6252215619182669, 'lag_5': 0.5284554821969552, 'lag_6': 0.3178011230342883, 'lag_7': 0.5589473610634919, 'lag_8': 0.48016992897698074, 'lag_9': 0.8306339571325914, 'lag_10': 0.1552544325931275, 'lag_11': 0.6340702801912579, 'lag_12': 0.8386865734435912, 'lag_13': 0.4427906561524187, 'lag_14': 0.05560700071243838, 'lag_15': 0.4807648275869846, 'lag_16': 0.5209820407187784, 'lag_17': 0.9469763971025489, 'lag_18': 0.3828250658200772, 'lag_19': 0.5736346013654579, 'lag_20': 0.5579752326489358, 'lag_21': 0.5129642338675283, 'lag_22': 0.7989083374934451, 'lag_23': 0.9621028311326527, 'lag_24': 0.4864903786980234, 'lag_25': 0.6150240697323782, 'lag_26': 0.04835973770623283, 'lag_27': 0.8809473153913563, 'lag_28': 0.17158632619201725}. Best is trial 81 with value: 0.002614161177842629.
[I 2025-09-29 13:26:16,116] Trial 99 finished with value: 0.0028618987896823498 and parameters: {'lag_0': 0.3745416260207556, 'lag_1': 0.32375341616654457, 'lag_2': 0.5542791437961049, 'lag_3': 0.6857337537881317, 'lag_4': 0.6392903747732129, 'lag_5': 0.5196983740404654, 'lag_6': 0.35120395481724437, 'lag_7': 0.5556559813351646, 'lag_8': 0.48078856547193766, 'lag_9': 0.854606699019304, 'lag_10': 0.09310094536816449, 'lag_11': 0.710008684517808, 'lag_12': 0.827350913215987, 'lag_13': 0.4392400760080292, 'lag_14': 0.3827103552270306, 'lag_15': 0.46610781350014396, 'lag_16': 0.43873635286198825, 'lag_17': 0.9748276091070103, 'lag_18': 0.306288462814884, 'lag_19': 0.5251697208917955, 'lag_20': 0.5736314252249629, 'lag_21': 0.5721804880446538, 'lag_22': 0.9218378455272191, 'lag_23': 0.9787413511883383, 'lag_24': 0.5827951346198177, 'lag_25': 0.6124045721370572, 'lag_26': 0.06092999712461344, 'lag_27': 0.8895283293241368, 'lag_28': 0.1746882295279135}. Best is trial 81 with value: 0.002614161177842629.
2025-09-29 13:26:18,753 - distributed.worker - INFO - Stopping worker at tcp://192.168.86.107:38422. Reason: scheduler-remove-worker
2025-09-29 13:26:18,757 - distributed.nanny - INFO - Closing Nanny gracefully at 'tcp://192.168.86.107:44075'. Reason: scheduler-remove-worker
2025-09-29 13:26:18,763 - distributed.nanny - INFO - Worker closed
2025-09-29 13:26:18,763 - distributed.core - INFO - Connection to tcp://192.168.86.101:42031 has been closed.
slurmstepd: error: *** JOB 3081223 ON node07 CANCELLED AT 2025-09-29T13:26:18 ***
