[I 2025-09-29 13:10:42,193] Trial 4 finished with value: 0.0030710956963909686 and parameters: {'lag_0': 0.20625026823735756, 'lag_1': 0.20138703752815298, 'lag_2': 0.07029226866959036, 'lag_3': 0.5218564234116967, 'lag_4': 0.7254488038541174, 'lag_5': 0.9974377504413043, 'lag_6': 0.31105254152273526, 'lag_7': 0.6740940833288575, 'lag_8': 0.22959277295723618, 'lag_9': 0.24027429601516456, 'lag_10': 0.43632918316499403, 'lag_11': 0.45524935134644406, 'lag_12': 0.7285716897592067, 'lag_13': 0.011907948418834531, 'lag_14': 0.3752337081399087, 'lag_15': 0.573445070891033, 'lag_16': 0.12498868519130868, 'lag_17': 0.2948445013256595, 'lag_18': 0.4554392560031728, 'lag_19': 0.0496083597473679, 'lag_20': 0.8964055124568017, 'lag_21': 0.398519087268303, 'lag_22': 0.8811247829362946, 'lag_23': 0.9506875608366718, 'lag_24': 0.5119884273266977, 'lag_25': 0.025902656453221734, 'lag_26': 0.024267487437915247, 'lag_27': 0.9280220854902334, 'lag_28': 0.2613280017520655}. Best is trial 4 with value: 0.0030710956963909686.
[I 2025-09-29 13:10:44,611] Trial 5 finished with value: 0.005191664732616526 and parameters: {'lag_0': 0.3668456397014196, 'lag_1': 0.7344246549072861, 'lag_2': 0.06180734116875996, 'lag_3': 0.5521951120315488, 'lag_4': 0.07763793923773801, 'lag_5': 0.8289966716879513, 'lag_6': 0.193398809511244, 'lag_7': 0.2931856405668212, 'lag_8': 0.1020271558677995, 'lag_9': 0.6215231835919337, 'lag_10': 0.9864521085634057, 'lag_11': 0.37628578387762823, 'lag_12': 0.925631736593399, 'lag_13': 0.3919106643251108, 'lag_14': 0.42963360654641825, 'lag_15': 0.2773441988896318, 'lag_16': 0.07974125239573532, 'lag_17': 0.4791711223901447, 'lag_18': 0.2887649223022973, 'lag_19': 0.24446525598875063, 'lag_20': 0.9268144389728715, 'lag_21': 0.90383417858581, 'lag_22': 0.5007343373582908, 'lag_23': 0.9515884042313598, 'lag_24': 0.12720270114174395, 'lag_25': 0.42200089110747513, 'lag_26': 0.18896995714638984, 'lag_27': 0.7200725707087933, 'lag_28': 0.31707483632283995}. Best is trial 4 with value: 0.0030710956963909686.
[I 2025-09-29 13:10:47,033] Trial 6 finished with value: 0.00361163900217761 and parameters: {'lag_0': 0.970331605158689, 'lag_1': 0.06679599205509228, 'lag_2': 0.8836565701949748, 'lag_3': 0.9313129834518316, 'lag_4': 0.002908412182105437, 'lag_5': 0.5049377474021899, 'lag_6': 0.33939826317325567, 'lag_7': 0.7457328309116857, 'lag_8': 0.13600194561964438, 'lag_9': 0.9489536759027275, 'lag_10': 0.7791944841462107, 'lag_11': 0.6190511132543532, 'lag_12': 0.5406222293245528, 'lag_13': 0.026495388730122547, 'lag_14': 0.11941036513542197, 'lag_15': 0.5246068755507717, 'lag_16': 0.22805311405852588, 'lag_17': 0.3006187541148011, 'lag_18': 0.2432670568460163, 'lag_19': 0.5789554243031907, 'lag_20': 0.3118260389209399, 'lag_21': 0.9962641727719103, 'lag_22': 0.02446735268376229, 'lag_23': 0.9680409093867467, 'lag_24': 0.19148415647366665, 'lag_25': 0.15323564286221952, 'lag_26': 0.942834264484108, 'lag_27': 0.45968969309649854, 'lag_28': 0.4514633099250734}. Best is trial 4 with value: 0.0030710956963909686.
[I 2025-09-29 13:10:49,443] Trial 7 finished with value: 0.0036838382053644312 and parameters: {'lag_0': 0.1475201171124915, 'lag_1': 0.20851486343468542, 'lag_2': 0.03475302613076346, 'lag_3': 0.028660478020539008, 'lag_4': 0.8391335594102524, 'lag_5': 0.4703836982077375, 'lag_6': 0.43903850826622076, 'lag_7': 0.7562629906649232, 'lag_8': 0.29923887697962254, 'lag_9': 0.2319903282168132, 'lag_10': 0.7009443083612262, 'lag_11': 0.3329023840898774, 'lag_12': 0.6380279931851844, 'lag_13': 0.7865873963387173, 'lag_14': 0.9811955753155206, 'lag_15': 0.2850755626728073, 'lag_16': 0.10807826171218206, 'lag_17': 0.08104001204204901, 'lag_18': 0.35009273432560833, 'lag_19': 0.6769144848676555, 'lag_20': 0.5328288435991918, 'lag_21': 0.1409823773433173, 'lag_22': 0.9089559764270603, 'lag_23': 0.8110316597166803, 'lag_24': 0.7295521675883095, 'lag_25': 0.20324351835023993, 'lag_26': 0.31258678978096455, 'lag_27': 0.03400306212682134, 'lag_28': 0.13112821942756608}. Best is trial 4 with value: 0.0030710956963909686.
[I 2025-09-29 13:10:51,856] Trial 8 finished with value: 0.004280309003549619 and parameters: {'lag_0': 0.5406798994143407, 'lag_1': 0.037032383064670965, 'lag_2': 0.5096354525225598, 'lag_3': 0.2599098738874862, 'lag_4': 0.39733592065080175, 'lag_5': 0.3601788309667158, 'lag_6': 0.9496364562978183, 'lag_7': 0.09556975472455016, 'lag_8': 0.19470312744475446, 'lag_9': 0.5492182498080574, 'lag_10': 0.20312606397259006, 'lag_11': 0.47360077453338073, 'lag_12': 0.39194781500681, 'lag_13': 0.7794701991214438, 'lag_14': 0.04455918256409659, 'lag_15': 0.9371431176776825, 'lag_16': 0.33542004451779445, 'lag_17': 0.6169356631797798, 'lag_18': 0.39228318020140307, 'lag_19': 0.27045988807089777, 'lag_20': 0.6450339653451226, 'lag_21': 0.2984401500840512, 'lag_22': 0.5328901458655302, 'lag_23': 0.05307936243718737, 'lag_24': 0.9575678845077942, 'lag_25': 0.6756241343263873, 'lag_26': 0.5505509103746823, 'lag_27': 0.22782142176257197, 'lag_28': 0.7872486805586693}. Best is trial 4 with value: 0.0030710956963909686.
[I 2025-09-29 13:10:54,274] Trial 9 finished with value: 0.0035911612964930916 and parameters: {'lag_0': 0.23491153692396435, 'lag_1': 0.6430641853605972, 'lag_2': 0.2933258901064003, 'lag_3': 0.29786454110290994, 'lag_4': 0.2086191167754554, 'lag_5': 0.04372309580433389, 'lag_6': 0.29086967056742435, 'lag_7': 0.1511418388793505, 'lag_8': 0.16001218156940866, 'lag_9': 0.2571072638662662, 'lag_10': 0.4961424739294658, 'lag_11': 0.36056259852992023, 'lag_12': 0.12059929984779505, 'lag_13': 0.9102638244047451, 'lag_14': 0.13815945714739963, 'lag_15': 0.926136966666735, 'lag_16': 0.9861997061104337, 'lag_17': 0.8192437061015541, 'lag_18': 0.44487990472643457, 'lag_19': 0.6668944914428513, 'lag_20': 0.00016534157208680512, 'lag_21': 0.506139324193846, 'lag_22': 0.2612248050225742, 'lag_23': 0.24696802044554442, 'lag_24': 0.06526494302831819, 'lag_25': 0.23682872419602105, 'lag_26': 0.037679601618899265, 'lag_27': 0.4934283496653138, 'lag_28': 0.9964904556329807}. Best is trial 4 with value: 0.0030710956963909686.
[I 2025-09-29 13:10:56,745] Trial 10 finished with value: 0.0038555565168769566 and parameters: {'lag_0': 0.11673074099109737, 'lag_1': 0.49979480642453383, 'lag_2': 0.6511856221945305, 'lag_3': 0.8098567080183021, 'lag_4': 0.666666778115445, 'lag_5': 0.9408888356476809, 'lag_6': 0.09242081689495954, 'lag_7': 0.45817863685096183, 'lag_8': 0.48287105930043983, 'lag_9': 0.38701719415878844, 'lag_10': 0.016242333511745755, 'lag_11': 0.02165121763716471, 'lag_12': 0.20955052428784848, 'lag_13': 0.5671934566515383, 'lag_14': 0.6244247709619482, 'lag_15': 0.7078801001182673, 'lag_16': 0.6719449847301926, 'lag_17': 0.005310142862173295, 'lag_18': 0.0386253152749495, 'lag_19': 0.9007097697239844, 'lag_20': 0.9602201680936541, 'lag_21': 0.009606205137253077, 'lag_22': 0.9869359401046274, 'lag_23': 0.5926291425984844, 'lag_24': 0.5317663409898244, 'lag_25': 0.0607127705533093, 'lag_26': 0.3853737962410567, 'lag_27': 0.8666442737162954, 'lag_28': 0.015721716216359205}. Best is trial 4 with value: 0.0030710956963909686.
[I 2025-09-29 13:10:59,217] Trial 11 finished with value: 0.003999130285634494 and parameters: {'lag_0': 0.6328611924585348, 'lag_1': 0.4640031863075358, 'lag_2': 0.9712571096513992, 'lag_3': 0.0024902811267449466, 'lag_4': 0.6143395950188894, 'lag_5': 0.6777081973861373, 'lag_6': 0.6480452803579994, 'lag_7': 0.42352349718985016, 'lag_8': 0.9769278266123425, 'lag_9': 0.7688922385041826, 'lag_10': 0.3520635677768884, 'lag_11': 0.9855970060700864, 'lag_12': 0.7341413888185403, 'lag_13': 0.26762306341407033, 'lag_14': 0.6689699449504555, 'lag_15': 0.020482522127658498, 'lag_16': 0.9386553021848458, 'lag_17': 0.30754874860758746, 'lag_18': 0.8933521569925016, 'lag_19': 0.10670945319455205, 'lag_20': 0.2555899702517481, 'lag_21': 0.716976353670101, 'lag_22': 0.6809065244515627, 'lag_23': 0.725496831590426, 'lag_24': 0.406988229439675, 'lag_25': 0.9377951426175586, 'lag_26': 0.6912651478258635, 'lag_27': 0.9587660760660964, 'lag_28': 0.5345642650857226}. Best is trial 4 with value: 0.0030710956963909686.
[I 2025-09-29 13:11:01,686] Trial 12 finished with value: 0.004114132923484939 and parameters: {'lag_0': 0.02337716314582461, 'lag_1': 0.9934417009063838, 'lag_2': 0.6679629455482848, 'lag_3': 0.3063782887247412, 'lag_4': 0.7160796921714316, 'lag_5': 0.6795605057270259, 'lag_6': 0.9361885082916767, 'lag_7': 0.006418610897867216, 'lag_8': 0.6322076855229233, 'lag_9': 0.4823771243019899, 'lag_10': 0.45989228517789427, 'lag_11': 0.772228530015804, 'lag_12': 0.7943864925607214, 'lag_13': 0.23282455137019273, 'lag_14': 0.3220391177542004, 'lag_15': 0.10086979576098465, 'lag_16': 0.6732432131512794, 'lag_17': 0.26497216994244466, 'lag_18': 0.7065740090784036, 'lag_19': 0.0033448897001091757, 'lag_20': 0.7345984510049324, 'lag_21': 0.6988014373130833, 'lag_22': 0.36799239525667277, 'lag_23': 0.7638942734219344, 'lag_24': 0.41039615336124885, 'lag_25': 0.9948540048381165, 'lag_26': 0.8259495730872145, 'lag_27': 0.7553344137942436, 'lag_28': 0.2954339691708495}. Best is trial 4 with value: 0.0030710956963909686.
[I 2025-09-29 13:11:04,156] Trial 13 finished with value: 0.004055154311750101 and parameters: {'lag_0': 0.7420667274328415, 'lag_1': 0.19821314557926278, 'lag_2': 0.8047551135002153, 'lag_3': 0.7357079165716567, 'lag_4': 0.5031492730654514, 'lag_5': 0.6780928794733087, 'lag_6': 0.5905053519621043, 'lag_7': 0.3070317445602446, 'lag_8': 0.4885924055484207, 'lag_9': 0.7113829233658189, 'lag_10': 0.3415061107785269, 'lag_11': 0.15343699895766938, 'lag_12': 0.9873004765196304, 'lag_13': 0.22547609372263633, 'lag_14': 0.5940146660469098, 'lag_15': 0.6312675626863332, 'lag_16': 0.010271625730610412, 'lag_17': 0.4707518667922519, 'lag_18': 0.96797149348186, 'lag_19': 0.42697061213981446, 'lag_20': 0.1908610103596452, 'lag_21': 0.34362721752267206, 'lag_22': 0.7162766506181824, 'lag_23': 0.36459410943898046, 'lag_24': 0.5805684698464542, 'lag_25': 0.7773307345138076, 'lag_26': 0.4751831831277761, 'lag_27': 0.9709832129443373, 'lag_28': 0.05317295010686607}. Best is trial 4 with value: 0.0030710956963909686.
[I 2025-09-29 13:11:06,622] Trial 14 finished with value: 0.003598591688654034 and parameters: {'lag_0': 0.3394566030969615, 'lag_1': 0.20466728244037952, 'lag_2': 0.4663499403022943, 'lag_3': 0.19482362531552178, 'lag_4': 0.8223929625396827, 'lag_5': 0.21903392376663283, 'lag_6': 0.7812945001960712, 'lag_7': 0.5843763147845759, 'lag_8': 0.010572020992704295, 'lag_9': 0.9366627451209888, 'lag_10': 0.5526390139207361, 'lag_11': 0.611911901212681, 'lag_12': 0.3299373817075088, 'lag_13': 0.4946425703348554, 'lag_14': 0.7313059297728349, 'lag_15': 0.356853776129636, 'lag_16': 0.8423683605122569, 'lag_17': 0.16697250319939205, 'lag_18': 0.6556847964864793, 'lag_19': 0.8570997775156363, 'lag_20': 0.5492687269681422, 'lag_21': 0.7084091138676744, 'lag_22': 0.8524808908200853, 'lag_23': 0.7003132953874982, 'lag_24': 0.35160614638584176, 'lag_25': 0.5088078496596862, 'lag_26': 0.03096072510904152, 'lag_27': 0.6952530655563117, 'lag_28': 0.46298878737143767}. Best is trial 4 with value: 0.0030710956963909686.
[I 2025-09-29 13:11:09,087] Trial 15 finished with value: 0.0036101212988944005 and parameters: {'lag_0': 0.5408710105755898, 'lag_1': 0.34817812420850375, 'lag_2': 0.7384357953055963, 'lag_3': 0.41075276858855797, 'lag_4': 0.22485541112690696, 'lag_5': 0.5403652743794773, 'lag_6': 0.02234855191578372, 'lag_7': 0.9046332698335087, 'lag_8': 0.9931640671962817, 'lag_9': 0.440277486680168, 'lag_10': 0.3035125237120709, 'lag_11': 0.8255062488387698, 'lag_12': 0.5135670371097631, 'lag_13': 0.16131641610876327, 'lag_14': 0.24592226917281731, 'lag_15': 0.42429357046816274, 'lag_16': 0.24908531756359842, 'lag_17': 0.4283401015525693, 'lag_18': 0.7860338968847065, 'lag_19': 0.42115857509710997, 'lag_20': 0.4092110825711241, 'lag_21': 0.8223255993139571, 'lag_22': 0.6025445539865608, 'lag_23': 0.8641935326297824, 'lag_24': 0.3022145506940191, 'lag_25': 0.8014845418482117, 'lag_26': 0.983868285472268, 'lag_27': 0.8601192888235076, 'lag_28': 0.18694818403605457}. Best is trial 4 with value: 0.0030710956963909686.
[I 2025-09-29 13:11:11,551] Trial 16 finished with value: 0.0037110595218512177 and parameters: {'lag_0': 0.7882488550805438, 'lag_1': 0.12152091392870468, 'lag_2': 0.16532019817371613, 'lag_3': 0.13979518229261717, 'lag_4': 0.5231886022343185, 'lag_5': 0.9795943852496797, 'lag_6': 0.5318804972540109, 'lag_7': 0.37057767702297395, 'lag_8': 0.6538247466891633, 'lag_9': 0.33317345762947115, 'lag_10': 0.8961680447901972, 'lag_11': 0.5225884719185543, 'lag_12': 0.6051398138918487, 'lag_13': 0.37989958258062867, 'lag_14': 0.4719066533104474, 'lag_15': 0.14176827159732247, 'lag_16': 0.5392033207734379, 'lag_17': 0.19369256273374846, 'lag_18': 0.5845885974919613, 'lag_19': 0.7985054346557382, 'lag_20': 0.7623439515187815, 'lag_21': 0.331653467958632, 'lag_22': 0.3757411659318314, 'lag_23': 0.6542568072899162, 'lag_24': 0.6693566144284027, 'lag_25': 0.4174685640883755, 'lag_26': 0.7039203847837289, 'lag_27': 0.620505811916024, 'lag_28': 0.40260206475143084}. Best is trial 4 with value: 0.0030710956963909686.
[I 2025-09-29 13:11:14,016] Trial 17 finished with value: 0.0034738444880569167 and parameters: {'lag_0': 0.26287730239644524, 'lag_1': 0.39347727925169823, 'lag_2': 0.9971633729107575, 'lag_3': 0.678041450982094, 'lag_4': 0.8198821507850909, 'lag_5': 0.3352075564028042, 'lag_6': 0.8482753492857711, 'lag_7': 0.5694675334695029, 'lag_8': 0.35982475963486904, 'lag_9': 0.09306820351259848, 'lag_10': 0.11171298800097962, 'lag_11': 0.19036028801900945, 'lag_12': 0.001638597658252583, 'lag_13': 0.13239400019149467, 'lag_14': 0.7738190601299502, 'lag_15': 0.6885052067906268, 'lag_16': 0.7761050740268706, 'lag_17': 0.3894292087070348, 'lag_18': 0.12936450036592162, 'lag_19': 0.14254747133061593, 'lag_20': 0.8546185121685212, 'lag_21': 0.6009250640040973, 'lag_22': 0.9858366743687185, 'lag_23': 0.8398426570048325, 'lag_24': 0.8590575872856143, 'lag_25': 0.8119518790236114, 'lag_26': 0.39953151599872694, 'lag_27': 0.31048012801489944, 'lag_28': 0.6990805595878412}. Best is trial 4 with value: 0.0030710956963909686.
[I 2025-09-29 13:11:16,485] Trial 18 finished with value: 0.0035494905629617863 and parameters: {'lag_0': 0.6348128075021815, 'lag_1': 0.5916367710616094, 'lag_2': 0.5762091302992594, 'lag_3': 0.4068672199236808, 'lag_4': 0.3674673911754006, 'lag_5': 0.7752993421380598, 'lag_6': 0.31804526396295457, 'lag_7': 0.23693203664104923, 'lag_8': 0.7975119209626359, 'lag_9': 0.6414649260877832, 'lag_10': 0.4274701506661939, 'lag_11': 0.9936245317032291, 'lag_12': 0.8220713893441759, 'lag_13': 0.5919707126938771, 'lag_14': 0.9861107796130472, 'lag_15': 0.44292353675367907, 'lag_16': 0.5576389046721566, 'lag_17': 0.5763787371199214, 'lag_18': 0.8181269352782328, 'lag_19': 0.989292605054858, 'lag_20': 0.634210952483606, 'lag_21': 0.1415295310609449, 'lag_22': 0.8026812314738712, 'lag_23': 0.9944253244320413, 'lag_24': 0.5297889407958326, 'lag_25': 0.6159599798879903, 'lag_26': 0.22686773481670366, 'lag_27': 0.8532610217952521, 'lag_28': 0.6527260877340003}. Best is trial 4 with value: 0.0030710956963909686.
[I 2025-09-29 13:11:18,948] Trial 19 finished with value: 0.0033572048188114496 and parameters: {'lag_0': 0.4679962141743439, 'lag_1': 0.24908373162938746, 'lag_2': 0.35215132242268976, 'lag_3': 0.6744255559186264, 'lag_4': 0.17620707834693666, 'lag_5': 0.5867565080290316, 'lag_6': 0.18103829093933166, 'lag_7': 0.8519609174511142, 'lag_8': 0.8653345152278543, 'lag_9': 0.8750967723143284, 'lag_10': 0.5751580760613391, 'lag_11': 0.517569493395914, 'lag_12': 0.7333214424745322, 'lag_13': 0.3611886858585592, 'lag_14': 0.23722191776229798, 'lag_15': 0.15489148545336978, 'lag_16': 0.3592596654335113, 'lag_17': 0.14392671075152424, 'lag_18': 0.495561945227707, 'lag_19': 0.5014513769927448, 'lag_20': 0.18207047194454676, 'lag_21': 0.4111021390074773, 'lag_22': 0.5959377455792331, 'lag_23': 0.4592945407624911, 'lag_24': 0.44428799512883743, 'lag_25': 0.02992461156432563, 'lag_26': 0.8530810289813189, 'lag_27': 0.5948911946761299, 'lag_28': 0.27906060010228567}. Best is trial 4 with value: 0.0030710956963909686.
[I 2025-09-29 13:11:21,412] Trial 20 finished with value: 0.003508531277806543 and parameters: {'lag_0': 0.6364389031749151, 'lag_1': 0.004364533353729161, 'lag_2': 0.11992086769227611, 'lag_3': 0.9796503740685016, 'lag_4': 0.9992764536580527, 'lag_5': 0.431771888991731, 'lag_6': 0.4573056868832136, 'lag_7': 0.5366496032197269, 'lag_8': 0.5554769891746949, 'lag_9': 0.5639830913052085, 'lag_10': 0.23632853269676055, 'lag_11': 0.72776366729923, 'lag_12': 0.5894392673872733, 'lag_13': 0.12403045996514947, 'lag_14': 0.5500227336237298, 'lag_15': 0.6261911384488732, 'lag_16': 0.18140101558678318, 'lag_17': 0.35935084954963764, 'lag_18': 0.17428430774187353, 'lag_19': 0.7484032754168382, 'lag_20': 0.406650896600951, 'lag_21': 0.6030163600734999, 'lag_22': 0.3813067830068262, 'lag_23': 0.8709338996996199, 'lag_24': 0.5990828493167497, 'lag_25': 0.34774097401947546, 'lag_26': 0.6372035469685015, 'lag_27': 0.9933157319194805, 'lag_28': 0.10312856665554129}. Best is trial 4 with value: 0.0030710956963909686.
[I 2025-09-29 13:11:23,876] Trial 21 finished with value: 0.0036445013760907793 and parameters: {'lag_0': 0.8333638348302105, 'lag_1': 0.32300479691596606, 'lag_2': 0.2024345766150762, 'lag_3': 0.5511919429851261, 'lag_4': 0.026349162362318268, 'lag_5': 0.2813965353102386, 'lag_6': 0.7857304445932197, 'lag_7': 0.9916373296367564, 'lag_8': 0.6967058253786755, 'lag_9': 0.012951579424457293, 'lag_10': 0.16611911843467303, 'lag_11': 0.8843532737714499, 'lag_12': 0.8556240793256327, 'lag_13': 0.003120734872804995, 'lag_14': 0.027295714175340213, 'lag_15': 0.31543062137664163, 'lag_16': 0.38431799219358026, 'lag_17': 0.7416080477852198, 'lag_18': 0.42555616100024296, 'lag_19': 0.5454995210785175, 'lag_20': 0.41828335115102405, 'lag_21': 0.5676733739141206, 'lag_22': 0.6924078001575369, 'lag_23': 0.5958518161419519, 'lag_24': 0.752558307398473, 'lag_25': 0.28849213932358253, 'lag_26': 0.5903464187768552, 'lag_27': 0.3908333815754792, 'lag_28': 0.198838266771954}. Best is trial 4 with value: 0.0030710956963909686.
[I 2025-09-29 13:11:26,333] Trial 22 finished with value: 0.0038145584622585743 and parameters: {'lag_0': 0.7602645426547772, 'lag_1': 0.2777953094564483, 'lag_2': 0.3493270497444543, 'lag_3': 0.6322378314066405, 'lag_4': 0.13219044222247, 'lag_5': 0.38210421161547115, 'lag_6': 0.7067471465319214, 'lag_7': 0.9839756313333263, 'lag_8': 0.7090657352874757, 'lag_9': 0.18356735487155582, 'lag_10': 0.40281365676488945, 'lag_11': 0.8896470400456991, 'lag_12': 0.884522760060287, 'lag_13': 0.08432309313086947, 'lag_14': 0.3915775166486408, 'lag_15': 0.20893596834773775, 'lag_16': 0.4898260611501782, 'lag_17': 0.7421879917405766, 'lag_18': 0.5609121515434108, 'lag_19': 0.4028132109386768, 'lag_20': 0.3355971798268381, 'lag_21': 0.22640374146612835, 'lag_22': 0.736573326917854, 'lag_23': 0.28813174040310907, 'lag_24': 0.8213141780410631, 'lag_25': 0.5074318429609539, 'lag_26': 0.48508997356400196, 'lag_27': 0.5853327183030075, 'lag_28': 0.21371801087064976}. Best is trial 4 with value: 0.0030710956963909686.
[I 2025-09-29 13:11:28,807] Trial 23 finished with value: 0.0033153887627542095 and parameters: {'lag_0': 0.8871990378556638, 'lag_1': 0.13129153488450648, 'lag_2': 0.1240011294928163, 'lag_3': 0.8338456246615449, 'lag_4': 0.28080727144951523, 'lag_5': 0.6011966550259707, 'lag_6': 0.6093684309751506, 'lag_7': 0.8553018990810954, 'lag_8': 0.9019612806107946, 'lag_9': 0.029450321758190273, 'lag_10': 0.06127865272447419, 'lag_11': 0.8876167715136078, 'lag_12': 0.7709257927022127, 'lag_13': 0.2918327232882189, 'lag_14': 0.2760456514462817, 'lag_15': 0.0220053039306716, 'lag_16': 0.861220626390899, 'lag_17': 0.5153000328184145, 'lag_18': 0.684831274242123, 'lag_19': 0.5902981275560371, 'lag_20': 0.4776526814625312, 'lag_21': 0.8130764091004241, 'lag_22': 0.6034334135760837, 'lag_23': 0.5668982241423558, 'lag_24': 0.683245141711714, 'lag_25': 0.010378297479741894, 'lag_26': 0.7300384093670523, 'lag_27': 0.19678408567211936, 'lag_28': 0.3928558419223299}. Best is trial 4 with value: 0.0030710956963909686.
[I 2025-09-29 13:11:31,272] Trial 24 finished with value: 0.003464610077354096 and parameters: {'lag_0': 0.6872429647040291, 'lag_1': 0.4428112495344255, 'lag_2': 0.0010550500912780703, 'lag_3': 0.3999488965766915, 'lag_4': 0.06142388864299469, 'lag_5': 0.23112755770420207, 'lag_6': 0.528578712711761, 'lag_7': 0.1920589507341387, 'lag_8': 0.7637736820160176, 'lag_9': 0.30440801988856825, 'lag_10': 0.25851121605836774, 'lag_11': 0.6416347651890886, 'lag_12': 0.9852804986602756, 'lag_13': 0.19133122030200764, 'lag_14': 0.14198658415046864, 'lag_15': 0.40416095777803507, 'lag_16': 0.5455361455282545, 'lag_17': 0.9469608794242452, 'lag_18': 0.4863827850755247, 'lag_19': 0.7539212624306201, 'lag_20': 0.6290453547740623, 'lag_21': 0.41468159528167947, 'lag_22': 0.8673389820893221, 'lag_23': 0.13224850757118417, 'lag_24': 0.27205158709997845, 'lag_25': 0.33087013312736846, 'lag_26': 0.6093036581141497, 'lag_27': 0.38356090770449086, 'lag_28': 0.24107490198669373}. Best is trial 4 with value: 0.0030710956963909686.
