[I 2025-09-29 13:09:04,059] Trial 61 finished with value: 0.0025920536750615028 and parameters: {'lag_0': 0.11837487436323244, 'lag_1': 0.2811573470320942, 'lag_2': 0.6483137459051963, 'lag_3': 0.8059022944531483, 'lag_4': 0.9077927387333767, 'lag_5': 0.19349864832485414, 'lag_6': 0.9088727350877978, 'lag_7': 0.38638063894138586, 'lag_8': 0.862521922679385, 'lag_9': 0.6327810237005664, 'lag_10': 0.5551541657691322, 'lag_11': 0.6795626622365075, 'lag_12': 0.12199422513906544, 'lag_13': 0.062430594426718826, 'lag_14': 0.8645457451881855, 'lag_15': 0.4854332216351492, 'lag_16': 0.5015065245468243, 'lag_17': 0.4635092137652339, 'lag_18': 0.6640444968476792, 'lag_19': 0.6201747204477834, 'lag_20': 0.09148056284158729, 'lag_21': 0.6250682341521678, 'lag_22': 0.7490718423001467, 'lag_23': 0.2791907361602657, 'lag_24': 0.5281300103059064, 'lag_25': 0.9456052817784433, 'lag_26': 0.3427663415113043, 'lag_27': 0.9993676701997141, 'lag_28': 0.3708543990587176}. Best is trial 29 with value: 0.0025397196559897714.
[I 2025-09-29 13:09:06,541] Trial 62 finished with value: 0.002772462081417043 and parameters: {'lag_0': 0.1450017183698611, 'lag_1': 0.2523241177290814, 'lag_2': 0.6623091584429466, 'lag_3': 0.8535530171118562, 'lag_4': 0.9043136890946782, 'lag_5': 0.1986679162903899, 'lag_6': 0.9139371392926283, 'lag_7': 0.39670989768622344, 'lag_8': 0.329554830680396, 'lag_9': 0.6317590124719998, 'lag_10': 0.4681454137943224, 'lag_11': 0.6710230249670618, 'lag_12': 0.0939247748256013, 'lag_13': 0.04987090450915949, 'lag_14': 0.9990123421314001, 'lag_15': 0.5017791205792289, 'lag_16': 0.4936491340357459, 'lag_17': 0.47452012372102864, 'lag_18': 0.10756943411210046, 'lag_19': 0.6464728642416983, 'lag_20': 0.14569730398739725, 'lag_21': 0.7218572713635811, 'lag_22': 0.7384247634842461, 'lag_23': 0.30324903642915013, 'lag_24': 0.5279664450689758, 'lag_25': 0.9928889934881078, 'lag_26': 0.34763981382407155, 'lag_27': 0.9895608519565846, 'lag_28': 0.380933575228892}. Best is trial 29 with value: 0.0025397196559897714.
[I 2025-09-29 13:09:09,014] Trial 63 finished with value: 0.0028482427160232216 and parameters: {'lag_0': 0.1253457957408567, 'lag_1': 0.4317034412418255, 'lag_2': 0.766702335864127, 'lag_3': 0.8123333972517308, 'lag_4': 0.9587916708484947, 'lag_5': 0.10081387012250786, 'lag_6': 0.8819049941896432, 'lag_7': 0.4675182173660945, 'lag_8': 0.16387986806687377, 'lag_9': 0.8347907133646757, 'lag_10': 0.5533161768948248, 'lag_11': 0.8089051141232756, 'lag_12': 0.10425829087739055, 'lag_13': 0.12439854549380545, 'lag_14': 0.8533322335621047, 'lag_15': 0.4428758943282016, 'lag_16': 0.39113721976018534, 'lag_17': 0.5246374276062874, 'lag_18': 0.4754303453116302, 'lag_19': 0.728435723166069, 'lag_20': 0.03389145638546817, 'lag_21': 0.22868417084762038, 'lag_22': 0.8191428337804433, 'lag_23': 0.08160006391478385, 'lag_24': 0.45220163464907537, 'lag_25': 0.9445398060427488, 'lag_26': 0.27025867746390403, 'lag_27': 0.9293240528692503, 'lag_28': 0.579520506728219}. Best is trial 29 with value: 0.0025397196559897714.
[I 2025-09-29 13:09:11,490] Trial 64 finished with value: 0.0029162050728690127 and parameters: {'lag_0': 0.9428816526098027, 'lag_1': 0.3270082232631462, 'lag_2': 0.6424727671927934, 'lag_3': 0.770320941562579, 'lag_4': 0.8042708399127937, 'lag_5': 0.16194456327817247, 'lag_6': 0.7785526564790128, 'lag_7': 0.9894329413791902, 'lag_8': 0.7375471511560865, 'lag_9': 0.7400229594148249, 'lag_10': 0.5125405038555167, 'lag_11': 0.7111376945909744, 'lag_12': 0.03702150393123105, 'lag_13': 0.07620916202448387, 'lag_14': 0.8994937517809961, 'lag_15': 0.47450076422904425, 'lag_16': 0.6990824740717476, 'lag_17': 0.5548519450767873, 'lag_18': 0.5308052396189078, 'lag_19': 0.6027114332816408, 'lag_20': 0.0910902589680057, 'lag_21': 0.6155263102854861, 'lag_22': 0.6271302485603957, 'lag_23': 0.17486568060884666, 'lag_24': 0.40495262941871685, 'lag_25': 0.7788547745128375, 'lag_26': 0.1930861667950009, 'lag_27': 0.8671779660517576, 'lag_28': 0.4757080177292402}. Best is trial 29 with value: 0.0025397196559897714.
[I 2025-09-29 13:09:13,968] Trial 65 finished with value: 0.0029911002678848645 and parameters: {'lag_0': 0.4116904467740833, 'lag_1': 0.7146825316992368, 'lag_2': 0.5261724587717492, 'lag_3': 0.9232881575912542, 'lag_4': 0.8577324734122191, 'lag_5': 0.24858308316433814, 'lag_6': 0.0006496329986682703, 'lag_7': 0.6506247585397287, 'lag_8': 0.8993879377531606, 'lag_9': 0.7835450505398621, 'lag_10': 0.6954403239529825, 'lag_11': 0.7659838086866069, 'lag_12': 0.12333763034409076, 'lag_13': 0.21400791517949713, 'lag_14': 0.8086875213733814, 'lag_15': 0.5893724671711926, 'lag_16': 0.5790561655226449, 'lag_17': 0.45733411584779676, 'lag_18': 0.5964764755718465, 'lag_19': 0.6875129981349213, 'lag_20': 0.12320139611026737, 'lag_21': 0.6455665204948402, 'lag_22': 0.7020796495665018, 'lag_23': 0.35668385938096586, 'lag_24': 0.5841903135341913, 'lag_25': 0.8960986528680378, 'lag_26': 0.235712955469848, 'lag_27': 0.913015262914837, 'lag_28': 0.9960074586333527}. Best is trial 29 with value: 0.0025397196559897714.
[I 2025-09-29 13:09:16,446] Trial 66 finished with value: 0.002879247504555851 and parameters: {'lag_0': 0.29393695881839327, 'lag_1': 0.392441099570277, 'lag_2': 0.706823322898863, 'lag_3': 0.9703029996542873, 'lag_4': 0.7620583159348007, 'lag_5': 0.3002346419586183, 'lag_6': 0.5031970796337152, 'lag_7': 0.5095887497415196, 'lag_8': 0.8566477596539137, 'lag_9': 0.6980622520654163, 'lag_10': 0.601440464917143, 'lag_11': 0.8880845345443464, 'lag_12': 0.34418090396478623, 'lag_13': 0.10078957505146502, 'lag_14': 0.9701195046855796, 'lag_15': 0.5114957601085885, 'lag_16': 0.628993712439445, 'lag_17': 0.3895982999560416, 'lag_18': 0.6351132475926952, 'lag_19': 0.5500962480105119, 'lag_20': 0.10028592061360533, 'lag_21': 0.5526596995780477, 'lag_22': 0.7706194283263998, 'lag_23': 0.2527826387128529, 'lag_24': 0.5502063769374967, 'lag_25': 0.8474712087514773, 'lag_26': 0.2974377108609592, 'lag_27': 0.9572219613676005, 'lag_28': 0.8138705533503692}. Best is trial 29 with value: 0.0025397196559897714.
[I 2025-09-29 13:09:18,927] Trial 67 finished with value: 0.002716419760731884 and parameters: {'lag_0': 0.2277333935023109, 'lag_1': 0.5383567455546331, 'lag_2': 0.5751907916448611, 'lag_3': 0.8713553295341291, 'lag_4': 0.8901799066316505, 'lag_5': 0.19699920286941616, 'lag_6': 0.9210820921424474, 'lag_7': 0.42879400274107826, 'lag_8': 0.9621318056153709, 'lag_9': 0.6038006974180912, 'lag_10': 0.6470920021614791, 'lag_11': 0.8233590367661391, 'lag_12': 0.25016185999230495, 'lag_13': 0.02122541482053246, 'lag_14': 0.7095564543112851, 'lag_15': 0.6480564458982133, 'lag_16': 0.43935577140418136, 'lag_17': 0.6017991258060411, 'lag_18': 0.6778362404102841, 'lag_19': 0.6415360635453579, 'lag_20': 0.9223839931825122, 'lag_21': 0.5791468993998087, 'lag_22': 0.6634022042260732, 'lag_23': 0.028757935727078857, 'lag_24': 0.6176596755877013, 'lag_25': 0.9241729331760263, 'lag_26': 0.1203401502223872, 'lag_27': 0.08512357996807918, 'lag_28': 0.9022325381047003}. Best is trial 29 with value: 0.0025397196559897714.
[I 2025-09-29 13:09:21,413] Trial 68 finished with value: 0.0031839279057685388 and parameters: {'lag_0': 0.4366169523783501, 'lag_1': 0.28142564869227604, 'lag_2': 0.47219368271031753, 'lag_3': 0.7106431361014066, 'lag_4': 0.9268071440662269, 'lag_5': 0.4142944169556675, 'lag_6': 0.6685585622253467, 'lag_7': 0.37406193744292043, 'lag_8': 0.7907795132071409, 'lag_9': 0.5589187108635169, 'lag_10': 0.5564818391485707, 'lag_11': 0.9629216065333873, 'lag_12': 0.2989917274117421, 'lag_13': 0.030230616363292235, 'lag_14': 0.8675876643354183, 'lag_15': 0.18651896036060056, 'lag_16': 0.5462108584254763, 'lag_17': 0.4121343634311764, 'lag_18': 0.2653100014215021, 'lag_19': 0.9279009007052487, 'lag_20': 0.009390438716644155, 'lag_21': 0.999175583019388, 'lag_22': 0.518928623158056, 'lag_23': 0.09095382827439263, 'lag_24': 0.4790081448822221, 'lag_25': 0.8049712535380873, 'lag_26': 0.15648976986807261, 'lag_27': 0.788076987532625, 'lag_28': 0.7306799362225906}. Best is trial 29 with value: 0.0025397196559897714.
[I 2025-09-29 13:09:23,890] Trial 69 finished with value: 0.0025799571678027907 and parameters: {'lag_0': 0.03239188862468441, 'lag_1': 0.22198400642442695, 'lag_2': 0.557585307594269, 'lag_3': 0.8183515815531046, 'lag_4': 0.828256878561265, 'lag_5': 0.13997145509658954, 'lag_6': 0.16731378718848589, 'lag_7': 0.6165429857748818, 'lag_8': 0.7048399252104771, 'lag_9': 0.6540212347128641, 'lag_10': 0.7414216906273458, 'lag_11': 0.6762544136568587, 'lag_12': 0.20544505248695535, 'lag_13': 0.15422153913430686, 'lag_14': 0.7549385809276262, 'lag_15': 0.3586104012237607, 'lag_16': 0.7503061661806212, 'lag_17': 0.5139574453183029, 'lag_18': 0.7320162257689506, 'lag_19': 0.7384291964502134, 'lag_20': 0.21095518372241862, 'lag_21': 0.8106136233931251, 'lag_22': 0.4695346665565333, 'lag_23': 0.156768712498411, 'lag_24': 0.22672104670982918, 'lag_25': 0.9557189061581461, 'lag_26': 0.08139119318069139, 'lag_27': 0.8693908067663427, 'lag_28': 0.27098594517054464}. Best is trial 29 with value: 0.0025397196559897714.
[I 2025-09-29 13:09:26,371] Trial 70 finished with value: 0.0030408967140757638 and parameters: {'lag_0': 0.016238953705463913, 'lag_1': 0.1101442726440546, 'lag_2': 0.5709636098972362, 'lag_3': 0.7898659926551502, 'lag_4': 0.7066332213324917, 'lag_5': 0.020558472648085135, 'lag_6': 0.16207794973199924, 'lag_7': 0.6138731586984443, 'lag_8': 0.46596777050080884, 'lag_9': 0.6441934919136533, 'lag_10': 0.7597212084688554, 'lag_11': 0.6704138524282722, 'lag_12': 0.20238297243387704, 'lag_13': 0.2518866899179214, 'lag_14': 0.7436115853382682, 'lag_15': 0.26294351334466093, 'lag_16': 0.7403292696593904, 'lag_17': 0.653850693437037, 'lag_18': 0.7879216314544992, 'lag_19': 0.7376790315226252, 'lag_20': 0.20317656801603837, 'lag_21': 0.8111802181739213, 'lag_22': 0.46122124464258096, 'lag_23': 0.04637364217761396, 'lag_24': 0.14387629800345622, 'lag_25': 0.9671220063143229, 'lag_26': 0.07977329146275866, 'lag_27': 0.8847428094904164, 'lag_28': 0.3197249496698439}. Best is trial 29 with value: 0.0025397196559897714.
[I 2025-09-29 13:09:28,853] Trial 71 finished with value: 0.003059981067296232 and parameters: {'lag_0': 0.09393053345606814, 'lag_1': 0.21464760269125277, 'lag_2': 0.6167978183653057, 'lag_3': 0.8354979749599487, 'lag_4': 0.8060073657748016, 'lag_5': 0.143957996088122, 'lag_6': 0.3938623099700371, 'lag_7': 0.5651169926806067, 'lag_8': 0.6420344926102497, 'lag_9': 0.7198312885809197, 'lag_10': 0.7913897892477187, 'lag_11': 0.7863725937528978, 'lag_12': 0.16105856085475487, 'lag_13': 0.153386140709982, 'lag_14': 0.8221594720398042, 'lag_15': 0.34746169070875577, 'lag_16': 0.7745605466393098, 'lag_17': 0.5132749962603048, 'lag_18': 0.7397969511687125, 'lag_19': 0.7014757190255531, 'lag_20': 0.05803473374251653, 'lag_21': 0.7635089705513922, 'lag_22': 0.4033595555999629, 'lag_23': 0.16730791388475932, 'lag_24': 0.23964085166488236, 'lag_25': 0.8798499578323979, 'lag_26': 0.037923715738650735, 'lag_27': 0.754432662407386, 'lag_28': 0.27765245743021144}. Best is trial 29 with value: 0.0025397196559897714.
[I 2025-09-29 13:09:31,345] Trial 72 finished with value: 0.0027419316657404554 and parameters: {'lag_0': 0.03210430181569002, 'lag_1': 0.34400728052114343, 'lag_2': 0.6992012305362706, 'lag_3': 0.9025656121843983, 'lag_4': 0.9694189522246168, 'lag_5': 0.077753597460599, 'lag_6': 0.2539554257010176, 'lag_7': 0.6546949482060176, 'lag_8': 0.6931802786899948, 'lag_9': 0.6657903281346519, 'lag_10': 0.7242233810981696, 'lag_11': 0.5663842251776752, 'lag_12': 0.004235907626702798, 'lag_13': 0.05137000981399815, 'lag_14': 0.7813650288518661, 'lag_15': 0.4268746251048354, 'lag_16': 0.6514891590027578, 'lag_17': 0.4555743719676912, 'lag_18': 0.6603043301661797, 'lag_19': 0.7858523886670594, 'lag_20': 0.20552403104522318, 'lag_21': 0.9494644042294824, 'lag_22': 0.4884864166189891, 'lag_23': 0.12231996944949396, 'lag_24': 0.11847454817268409, 'lag_25': 0.9196491540446113, 'lag_26': 0.3309802613660881, 'lag_27': 0.8538858514566257, 'lag_28': 0.24265860097151964}. Best is trial 29 with value: 0.0025397196559897714.
[I 2025-09-29 13:09:33,836] Trial 73 finished with value: 0.0029075459452167184 and parameters: {'lag_0': 0.08358536680574774, 'lag_1': 0.15562309069269478, 'lag_2': 0.03314038489849071, 'lag_3': 0.7475110909263287, 'lag_4': 0.8362903909973638, 'lag_5': 0.12073652031230722, 'lag_6': 0.9618647073764469, 'lag_7': 0.5991283503763674, 'lag_8': 0.7289500091333576, 'lag_9': 0.5070882702516855, 'lag_10': 0.6830448591133569, 'lag_11': 0.7322974069357915, 'lag_12': 0.06589696281970531, 'lag_13': 0.0745794823442458, 'lag_14': 0.9113419706084138, 'lag_15': 0.37996165901455164, 'lag_16': 0.8063810776102751, 'lag_17': 0.5622528973766099, 'lag_18': 0.5557505638507061, 'lag_19': 0.6702510988540009, 'lag_20': 0.12601525788445317, 'lag_21': 0.8641347268250086, 'lag_22': 0.8077940411873272, 'lag_23': 0.21075643280304726, 'lag_24': 0.3366793824279011, 'lag_25': 0.9712786472904017, 'lag_26': 0.11895950926729704, 'lag_27': 0.9737973195469359, 'lag_28': 0.3762962336825277}. Best is trial 29 with value: 0.0025397196559897714.
[I 2025-09-29 13:09:36,439] Trial 74 finished with value: 0.002806071229565221 and parameters: {'lag_0': 0.160935524765781, 'lag_1': 0.2650316642084821, 'lag_2': 0.5388330214746214, 'lag_3': 0.9358384504137653, 'lag_4': 0.747606474520951, 'lag_5': 0.17949327466033388, 'lag_6': 0.8388322742566903, 'lag_7': 0.5434278313029782, 'lag_8': 0.6601555375092457, 'lag_9': 0.6892366607614192, 'lag_10': 0.6536185989217723, 'lag_11': 0.6891341410539943, 'lag_12': 0.18713262660769553, 'lag_13': 0.17702467583862047, 'lag_14': 0.6734097033991254, 'lag_15': 0.3152581723990048, 'lag_16': 0.8515121455549631, 'lag_17': 0.9320159881503335, 'lag_18': 0.7093946377040828, 'lag_19': 0.846590405159909, 'lag_20': 0.037968296161596936, 'lag_21': 0.6950256901835709, 'lag_22': 0.5704088970520397, 'lag_23': 0.4034263438679876, 'lag_24': 0.6664570982120646, 'lag_25': 0.8584079824471458, 'lag_26': 0.17246323974054545, 'lag_27': 0.506871122445901, 'lag_28': 0.42323646660523345}. Best is trial 29 with value: 0.0025397196559897714.
[I 2025-09-29 13:09:38,930] Trial 75 finished with value: 0.003241519455240537 and parameters: {'lag_0': 0.06152684532221574, 'lag_1': 0.2193762100918695, 'lag_2': 0.12563910595813085, 'lag_3': 0.8129210951472947, 'lag_4': 0.912738493514795, 'lag_5': 0.22177669998104405, 'lag_6': 0.13125863649067615, 'lag_7': 0.49111959712185077, 'lag_8': 0.7903684690161787, 'lag_9': 0.7733896505302582, 'lag_10': 0.5198476259922737, 'lag_11': 0.6135431731984435, 'lag_12': 0.22910679439501955, 'lag_13': 0.3417730712487739, 'lag_14': 0.9413502850533522, 'lag_15': 0.4704685893062927, 'lag_16': 0.1261510008452908, 'lag_17': 0.5458825487287908, 'lag_18': 0.036333121373436916, 'lag_19': 0.5937814321818311, 'lag_20': 0.0006342913762625163, 'lag_21': 0.5208249675678113, 'lag_22': 0.7511103607706172, 'lag_23': 0.25559904550203155, 'lag_24': 0.3119674548853671, 'lag_25': 0.9455091373474419, 'lag_26': 0.3741104619773898, 'lag_27': 0.9963856431083796, 'lag_28': 0.5124178333365451}. Best is trial 29 with value: 0.0025397196559897714.
[I 2025-09-29 13:09:41,411] Trial 76 finished with value: 0.002817114059282407 and parameters: {'lag_0': 0.5009926841295727, 'lag_1': 0.4214919276771865, 'lag_2': 0.8642160837001466, 'lag_3': 0.8613026982068898, 'lag_4': 0.861792420373392, 'lag_5': 0.34572380595849606, 'lag_6': 0.9747392173393103, 'lag_7': 0.46908685327118954, 'lag_8': 0.5583511698665884, 'lag_9': 0.6070959253448012, 'lag_10': 0.8383923145341708, 'lag_11': 0.8710646028862753, 'lag_12': 0.12162711426419964, 'lag_13': 0.1357893063666156, 'lag_14': 0.8774719495431859, 'lag_15': 0.5633428120950985, 'lag_16': 0.6092726211025612, 'lag_17': 0.33275816771024846, 'lag_18': 0.6179405543411864, 'lag_19': 0.5155784130233753, 'lag_20': 0.8867266486314971, 'lag_21': 0.6555812272683041, 'lag_22': 0.615156708977151, 'lag_23': 0.30759726517654956, 'lag_24': 0.15458978820027097, 'lag_25': 0.900640837329933, 'lag_26': 0.20656759379967957, 'lag_27': 0.7115997562171332, 'lag_28': 0.318595492261689}. Best is trial 29 with value: 0.0025397196559897714.
[I 2025-09-29 13:09:43,901] Trial 77 finished with value: 0.0031239093404379337 and parameters: {'lag_0': 0.1873930478296824, 'lag_1': 0.4667083500703903, 'lag_2': 0.6329460772017088, 'lag_3': 0.11033541487244264, 'lag_4': 0.816767700585344, 'lag_5': 0.6476957433406849, 'lag_6': 0.8916339472915996, 'lag_7': 0.34290743358916037, 'lag_8': 0.693956975032205, 'lag_9': 0.5787259366881352, 'lag_10': 0.6118196496786464, 'lag_11': 0.9065529467409117, 'lag_12': 0.28889994439469174, 'lag_13': 0.10104915486335339, 'lag_14': 0.7905898560270918, 'lag_15': 0.27270743477635234, 'lag_16': 0.7125626697380271, 'lag_17': 0.4284163268742239, 'lag_18': 0.17756389413740908, 'lag_19': 0.621580139174574, 'lag_20': 0.8238640943971267, 'lag_21': 0.6257523967736244, 'lag_22': 0.4341083830965636, 'lag_23': 0.14935989842185718, 'lag_24': 0.2580385956397624, 'lag_25': 0.9999208639157654, 'lag_26': 0.28359978305974165, 'lag_27': 0.35669045179091224, 'lag_28': 0.45694954256898745}. Best is trial 29 with value: 0.0025397196559897714.
[I 2025-09-29 13:09:46,388] Trial 78 finished with value: 0.0026529495041113516 and parameters: {'lag_0': 0.11538589476268618, 'lag_1': 0.052348014943497695, 'lag_2': 0.46731821600532963, 'lag_3': 0.888615926185313, 'lag_4': 0.9755008601903058, 'lag_5': 0.06516564685702014, 'lag_6': 0.0776100959574515, 'lag_7': 0.5558422784101874, 'lag_8': 0.8407677375575398, 'lag_9': 0.6422532589108285, 'lag_10': 0.46426269760633093, 'lag_11': 0.5341162502747526, 'lag_12': 0.42843699226544196, 'lag_13': 0.21122127521527728, 'lag_14': 0.3457278412775039, 'lag_15': 0.3660283687273254, 'lag_16': 0.660579081148741, 'lag_17': 0.5072605935334349, 'lag_18': 0.12139287031749112, 'lag_19': 0.9994145479975372, 'lag_20': 0.4382230530482245, 'lag_21': 0.48097801337367063, 'lag_22': 0.5303370116952376, 'lag_23': 0.34188420433263383, 'lag_24': 0.5202281086435171, 'lag_25': 0.8259581568862244, 'lag_26': 0.999608833029764, 'lag_27': 0.7983815191437906, 'lag_28': 0.17962860721098087}. Best is trial 29 with value: 0.0025397196559897714.
[I 2025-09-29 13:09:48,878] Trial 79 finished with value: 0.003559883277125814 and parameters: {'lag_0': 0.24696178805020869, 'lag_1': 0.31803638102937837, 'lag_2': 0.1613361038419287, 'lag_3': 0.9985634794486971, 'lag_4': 0.9376627554659608, 'lag_5': 0.1235709675337585, 'lag_6': 0.6320008130915455, 'lag_7': 0.7427077068821111, 'lag_8': 0.9015667174862732, 'lag_9': 0.7484044827263658, 'lag_10': 0.3923165052456823, 'lag_11': 0.7931607516417374, 'lag_12': 0.9171881302329623, 'lag_13': 0.1644841895110749, 'lag_14': 0.14511382403999432, 'lag_15': 0.5188782676379768, 'lag_16': 0.5221664538615566, 'lag_17': 0.6066929427606258, 'lag_18': 0.8398999361315616, 'lag_19': 0.7175734062139929, 'lag_20': 0.4661834802737757, 'lag_21': 0.7486437805536871, 'lag_22': 0.7045095297136014, 'lag_23': 0.09143872104034463, 'lag_24': 0.5671437478170237, 'lag_25': 0.871211901505367, 'lag_26': 0.23960938599887813, 'lag_27': 0.9148328574606187, 'lag_28': 0.39627883052787666}. Best is trial 29 with value: 0.0025397196559897714.
[I 2025-09-29 13:09:51,367] Trial 80 finished with value: 0.0028873335489662012 and parameters: {'lag_0': 0.3966805669152726, 'lag_1': 0.37641701423731194, 'lag_2': 0.2107033513138721, 'lag_3': 0.7135131384288511, 'lag_4': 0.6287956504103737, 'lag_5': 0.28370670921183805, 'lag_6': 0.24423933356256944, 'lag_7': 0.5051604180739437, 'lag_8': 0.6323501152569732, 'lag_9': 0.822251293202514, 'lag_10': 0.7082934272672577, 'lag_11': 0.7541369553210642, 'lag_12': 0.04298333535813724, 'lag_13': 0.27146385499475406, 'lag_14': 0.5072829604626026, 'lag_15': 0.40465422864236605, 'lag_16': 0.5862406859121193, 'lag_17': 0.38483703459074825, 'lag_18': 0.531938350851797, 'lag_19': 0.5817065155036092, 'lag_20': 0.3359285857511308, 'lag_21': 0.8940065340525956, 'lag_22': 0.5955787280214113, 'lag_23': 0.28677200146166104, 'lag_24': 0.43354999765908087, 'lag_25': 0.7788388425309374, 'lag_26': 0.416851576358253, 'lag_27': 0.8314519556396401, 'lag_28': 0.08044838085758294}. Best is trial 29 with value: 0.0025397196559897714.
[I 2025-09-29 13:09:53,862] Trial 81 finished with value: 0.0023393550371796587 and parameters: {'lag_0': 0.34954735760973127, 'lag_1': 0.29555486122085783, 'lag_2': 0.41957724441341426, 'lag_3': 0.6365963337398746, 'lag_4': 0.2572043855791837, 'lag_5': 0.9413864215687382, 'lag_6': 0.9315185874379128, 'lag_7': 0.38834775472643485, 'lag_8': 0.8124993411097811, 'lag_9': 0.56194306221911, 'lag_10': 0.7509417934912519, 'lag_11': 0.6166495083937712, 'lag_12': 0.48243250684708416, 'lag_13': 0.5028770792346011, 'lag_14': 0.9610269991109083, 'lag_15': 0.22906037404817198, 'lag_16': 0.5117413024874219, 'lag_17': 0.44402141062518086, 'lag_18': 0.7536041903574155, 'lag_19': 0.20554015469919562, 'lag_20': 0.1658443396632508, 'lag_21': 0.5563263736058857, 'lag_22': 0.2021802224201252, 'lag_23': 0.42060062316920754, 'lag_24': 0.6217865933322355, 'lag_25': 0.9214835275503055, 'lag_26': 0.311118690566911, 'lag_27': 0.6581421663868632, 'lag_28': 0.24973482964597016}. Best is trial 81 with value: 0.0023393550371796587.
