[I 2025-10-03 11:31:43,968] Trial 12 finished with values: [0.10045826130038793, 0.0014864574877289502, 0.0011942116483341645, 0.00039621341336897953, 0.0022150607745396677, 0.00022959299891732427, 0.00027639102417148726, 0.0004595834373078405, 0.00293129388722812, 0.0004227600637447552, 0.00020136368941961114, 0.0001055882501075529, 0.009133067564944492, 0.011873549726790543, 0.0, 0.005692604136915926, 0.0066003794961096585, 0.001018732651386331, 0.00015501616694661583, 0.0014944820550140032, 0.0012017442323975932, 0.0003802407669608087, 0.0007353818894332014, 0.0019378404476286758, 0.0023160744512947147, 4.321573190329426e-05, 0.00025725822224821404, 0.001054625887351071, 0.007282055019511746] and parameters: {'lag_0': 0.4140573765560805, 'lag_1': 0.19246591210308298, 'lag_2': 0.44392138314113677, 'lag_3': 0.7589836020802025, 'lag_4': 0.05990769568327208, 'lag_5': 0.24730800657850857, 'lag_6': 0.8779119486529151, 'lag_7': 0.6585949751428563, 'lag_8': 0.1362442089896041, 'lag_9': 0.6938318003238841, 'lag_10': 0.5963565390649298, 'lag_11': 0.554044656446808, 'lag_12': 0.29091218753994447, 'lag_13': 0.21815839027140957, 'lag_14': 0.9745611231055994, 'lag_15': 0.5712452350249315, 'lag_16': 0.7041668547820097, 'lag_17': 0.8676073802673907, 'lag_18': 0.5327222587451045, 'lag_19': 0.652392830593177, 'lag_20': 0.4728859744315434, 'lag_21': 0.634449030768708, 'lag_22': 0.8536034455926198, 'lag_23': 0.996045898956256, 'lag_24': 0.67453939029981, 'lag_25': 0.315238961819473, 'lag_26': 0.02362849340030981, 'lag_27': 0.35377748836686024, 'lag_28': 0.6280115232273232}.
[I 2025-10-03 11:31:46,609] Trial 13 finished with values: [0.11983576862697742, 0.0025112970146483984, 0.0007471132745711459, 0.0002519287003757549, 0.002431893283464504, 0.00018334213048150843, 0.00014227725921759984, 0.00047001248414954306, 0.002068070272629196, 0.0001951770416347424, 0.0002514778201440683, 7.318379704965756e-05, 0.009122718843857793, 0.009265679242121136, 0.0, 0.00587197040142293, 0.005194769531630795, 0.0012811271733877596, 7.301033577693654e-05, 0.002165066410774822, 0.0006767583739598174, 0.00024102548186763595, 0.0005040574157989596, 0.0023919345347454685, 0.0022371453752982546, 0.00019154367434665568, 0.000973959748051561, 0.0022036215906591793, 0.004162188968074061] and parameters: {'lag_0': 0.0725764858035544, 'lag_1': 0.31017896125375766, 'lag_2': 0.34152052385645454, 'lag_3': 0.5760072690535919, 'lag_4': 0.25178096497035485, 'lag_5': 0.8951336003341478, 'lag_6': 0.36738725806554057, 'lag_7': 0.04879305811712506, 'lag_8': 0.19139040865289234, 'lag_9': 0.09236824676328165, 'lag_10': 0.006003948707044076, 'lag_11': 0.8763557619347889, 'lag_12': 0.45610115583748595, 'lag_13': 0.8694536698833938, 'lag_14': 0.5894974728741371, 'lag_15': 0.19922844430934086, 'lag_16': 0.06113279185165911, 'lag_17': 0.14876130020920558, 'lag_18': 0.11249667649296713, 'lag_19': 0.23191647269479065, 'lag_20': 0.5847470500267116, 'lag_21': 0.08280035302757549, 'lag_22': 0.6084339060509704, 'lag_23': 0.25724456936694895, 'lag_24': 0.03019196637699217, 'lag_25': 0.8736443898072943, 'lag_26': 0.4224609400235729, 'lag_27': 0.7345142749821876, 'lag_28': 0.5403826798681866}.
[I 2025-10-03 11:31:49,259] Trial 14 finished with values: [0.1379591836734694, 0.0037293658145167137, 0.0017283240113380206, 0.0011326199860467547, 0.0015108334578799805, 0.0003399720944860389, 0.00027177477493775277, 0.00024216304404249875, 0.0028273326550754827, 0.0003689276012168889, 0.00022533539502495847, 0.0001698806904060868, 0.007874196045699706, 0.011758476117840233, 0.0, 0.0048692547173792245, 0.006753743562827407, 0.000958319778353491, 0.00017553209536964764, 0.001896141583948071, 0.0007172135674079335, 0.00026641713345191377, 0.0009093039465284467, 0.0024400498747734877, 0.001615455208688127, 0.0001241632789277997, 0.0007085769627788626, 0.002155127341042502, 0.00825126237707725] and parameters: {'lag_0': 0.8136290519028583, 'lag_1': 0.33923055781859474, 'lag_2': 0.017101920898948325, 'lag_3': 0.36320341875702894, 'lag_4': 0.7511540629267077, 'lag_5': 0.7506308702546955, 'lag_6': 0.9817176618570504, 'lag_7': 0.4259911074144325, 'lag_8': 0.6355320047473458, 'lag_9': 0.0579475658122202, 'lag_10': 0.4965355882303031, 'lag_11': 0.023270868903988697, 'lag_12': 0.8146227692756395, 'lag_13': 0.821786702582579, 'lag_14': 0.5461158140158409, 'lag_15': 0.7456805272173463, 'lag_16': 0.26934871101913377, 'lag_17': 0.4774294520960435, 'lag_18': 0.8108771719056358, 'lag_19': 0.7074872951606931, 'lag_20': 0.7455093550278467, 'lag_21': 0.7984948236829504, 'lag_22': 0.011135566460668347, 'lag_23': 0.9758546485504875, 'lag_24': 0.776720291851571, 'lag_25': 0.8584709298005374, 'lag_26': 0.7669231953799855, 'lag_27': 0.723708714374579, 'lag_28': 0.33237016549420306}.
[I 2025-10-03 11:31:51,914] Trial 15 finished with values: [0.11485690134041784, 0.007336271334315877, 0.0009720806736114879, 0.0008673106030204592, 0.0016649263944478881, 0.00018071439634924211, 0.00023944911914287778, 0.00018061826768317086, 0.002195128488745348, 0.0002583441068743579, 0.0003533467557743716, 0.00031287588132231087, 0.008476909182477715, 0.010847097678833868, 0.0, 0.002667487343845633, 0.007380831218798682, 0.0012926666762295446, 0.00013968881538460007, 0.0021491633108251056, 0.0005354527977727331, 0.0002806362995818097, 0.0008789331513722291, 0.0020686550583110678, 0.002297659959312373, 0.0001706695890598384, 0.0005358155923372663, 0.002851960851731043, 0.008382864983775606] and parameters: {'lag_0': 0.11897650611716537, 'lag_1': 0.6970413832076596, 'lag_2': 0.00978029564615681, 'lag_3': 0.48711594249184953, 'lag_4': 0.9827186875516876, 'lag_5': 0.9483813504693512, 'lag_6': 0.5176394696601053, 'lag_7': 0.5125348710801649, 'lag_8': 0.6795607122731331, 'lag_9': 0.19446390018304532, 'lag_10': 0.21434844118412205, 'lag_11': 0.9233888022564455, 'lag_12': 0.5444278136440692, 'lag_13': 0.8804782355755079, 'lag_14': 0.6592192951107047, 'lag_15': 0.028875096041643546, 'lag_16': 0.4559479212315935, 'lag_17': 0.13188486411235914, 'lag_18': 0.2714508093533763, 'lag_19': 0.11063791071825473, 'lag_20': 0.6636579538619143, 'lag_21': 0.04116327727551381, 'lag_22': 0.1727194351331298, 'lag_23': 0.030126400495516348, 'lag_24': 0.9095200210568141, 'lag_25': 0.34211873804964826, 'lag_26': 0.6724645350846172, 'lag_27': 0.7859102151992489, 'lag_28': 0.8263601073084578}.
[I 2025-10-03 11:31:54,555] Trial 16 finished with values: [0.1106591541575308, 0.0006498374287019056, 0.001743673288798437, 0.002116446224142022, 0.003886890233975351, 0.00023179940841698828, 0.00046821947276311834, 0.0005698876014855632, 0.002118791707268963, 0.0002188232074277843, 0.00013314567630969167, 7.191355753745306e-05, 0.006460187169791773, 0.010464795111597331, 0.0, 0.005609490315423686, 0.006307572746040613, 0.001130853477356168, 0.00026240520627074897, 0.0013263185571766299, 0.0008685654295730816, 0.0002953913680572741, 0.0006748017725790666, 0.002460050634907459, 0.00230472421727002, 0.00015102927175120843, 0.000393804709245432, 0.0026250896293656166, 0.006179969321733111] and parameters: {'lag_0': 0.11420293520442197, 'lag_1': 0.6930604745463046, 'lag_2': 0.8435598595855338, 'lag_3': 0.46327151166723934, 'lag_4': 0.2211925868156201, 'lag_5': 0.004034302058802521, 'lag_6': 0.9626597136046772, 'lag_7': 0.37360700100399785, 'lag_8': 0.41396650591127077, 'lag_9': 0.5093176998178999, 'lag_10': 0.29061603591452045, 'lag_11': 0.48991489301378816, 'lag_12': 0.3919416743132473, 'lag_13': 0.464276159726435, 'lag_14': 0.06208625527967453, 'lag_15': 0.7049828542521532, 'lag_16': 0.41030323403789415, 'lag_17': 0.5976926809978677, 'lag_18': 0.05202561015210887, 'lag_19': 0.5944980307343939, 'lag_20': 0.6001831767375194, 'lag_21': 0.5317820353303552, 'lag_22': 0.03684555304892191, 'lag_23': 0.5314730330633388, 'lag_24': 0.9781912168848382, 'lag_25': 0.7055603805933452, 'lag_26': 0.04058317215343004, 'lag_27': 0.9353078010443459, 'lag_28': 0.7540322067242695}.
[I 2025-10-03 11:31:57,204] Trial 17 finished with values: [0.1379591836734694, 0.004844651770154947, 0.00043870147716372607, 0.0005838436736768495, 0.003407914400485121, 0.0008928459531817899, 0.00022652523994834694, 0.00018365108301968792, 0.0011984573985182726, 0.0007924579770314875, 0.00022171272428113428, 0.00010492123036637897, 0.008962396276246487, 0.012090008334417122, 0.0, 0.008136017713680128, 0.008165747852618307, 0.0010054772384379027, 0.0002142749035803319, 0.0025002786741427164, 0.0007465413819527672, 0.00038740376358729065, 0.0010688778958796092, 0.001985410257757648, 0.0016919715844573417, 0.0001956185982147951, 0.00041856600193126503, 0.002647452201432006, 0.006500152494052308] and parameters: {'lag_0': 0.6566263558096659, 'lag_1': 0.3510672879272659, 'lag_2': 0.4591013836588885, 'lag_3': 0.038413313299677676, 'lag_4': 0.062302420320999405, 'lag_5': 0.9846667269533236, 'lag_6': 0.9730654392196249, 'lag_7': 0.9033766385310179, 'lag_8': 0.8707572669533596, 'lag_9': 0.3375920243699086, 'lag_10': 0.2599836832660358, 'lag_11': 0.8460242319046801, 'lag_12': 0.7257102549737064, 'lag_13': 0.49517738239792414, 'lag_14': 0.6756372089010045, 'lag_15': 0.19335734209100638, 'lag_16': 0.1634574843306446, 'lag_17': 0.9650828300948671, 'lag_18': 0.4273336179862852, 'lag_19': 0.3689158491369728, 'lag_20': 0.293112009645011, 'lag_21': 0.5863207964281881, 'lag_22': 0.08412059094123817, 'lag_23': 0.888178574135291, 'lag_24': 0.1307578571954722, 'lag_25': 0.04649916367962744, 'lag_26': 0.21461690240478276, 'lag_27': 0.09081437051930391, 'lag_28': 0.6827936732319722}.
[I 2025-10-03 11:31:59,868] Trial 18 finished with values: [0.11331632653061226, 0.0013354024610968658, 0.002554200056715018, 0.0007326321612284713, 0.001418824787745912, 0.0003460377657236681, 7.167563295158728e-05, 0.00032869806643562365, 0.0037179350555925097, 0.000525585603940144, 0.0001900523542725848, 0.00016757487954353092, 0.009124762923764188, 0.012385929828099954, 0.0, 0.008414179736232421, 0.007922132406076494, 0.001076323688952156, 0.0001281332101176663, 0.002697756079691512, 0.0009764889997043054, 0.000465247966922059, 0.0008269310706731671, 0.0028285849370664113, 0.0019823327767755443, 7.246465385532961e-05, 0.0002641389048449676, 0.0027705565184149863, 0.007475994513031549] and parameters: {'lag_0': 0.9990152174901819, 'lag_1': 0.10666862092832077, 'lag_2': 0.9236902338829097, 'lag_3': 0.18405661753721234, 'lag_4': 0.8511253673551585, 'lag_5': 0.46987496662664796, 'lag_6': 0.11124274454244346, 'lag_7': 0.5715374035094339, 'lag_8': 0.9698622096679188, 'lag_9': 0.5585243299351847, 'lag_10': 0.9099751569754497, 'lag_11': 0.45744164292225886, 'lag_12': 0.8554766649805032, 'lag_13': 0.18401086146547732, 'lag_14': 0.37566881744457564, 'lag_15': 0.2189100129323349, 'lag_16': 0.3671702123781637, 'lag_17': 0.9203392861177117, 'lag_18': 0.8589893069889492, 'lag_19': 0.4291849403962757, 'lag_20': 0.8752622068429678, 'lag_21': 0.5377533765495919, 'lag_22': 0.7456847225910033, 'lag_23': 0.7344935919976692, 'lag_24': 0.2030293622063695, 'lag_25': 0.7390947496458619, 'lag_26': 0.8434386609070447, 'lag_27': 0.1279414176458131, 'lag_28': 0.5508309750228413}.
[I 2025-10-03 11:32:02,531] Trial 19 finished with values: [0.12610558272895936, 0.00219924725861191, 0.00016657436156043188, 0.00048535120565987267, 0.002480731466695561, 0.0005072199516291196, 0.00032590016358133213, 0.00044388509845748645, 0.0023798050344871883, 0.0005288854784030385, 0.0004347201880525732, 9.726218287584273e-05, 0.009868010580322033, 0.0108829012614977, 0.0, 0.004856270094414718, 0.007978778131389575, 0.001068416726028433, 0.00011244172990742293, 0.0018277997340129296, 0.0007231018846478715, 0.0005844313847800778, 0.0006641666601304936, 0.00231973428322735, 0.00212797331498976, 0.00028347192270890075, 0.0004891818128611127, 0.0013900523558631683, 0.007479887058000821] and parameters: {'lag_0': 0.5634303485171701, 'lag_1': 0.29451163014818876, 'lag_2': 0.6051222769076331, 'lag_3': 0.5535263600262857, 'lag_4': 0.8457022051914808, 'lag_5': 0.8317110135041503, 'lag_6': 0.09968992439679528, 'lag_7': 0.6196013109318079, 'lag_8': 0.5923957296884361, 'lag_9': 0.8895713960765455, 'lag_10': 0.604244929080573, 'lag_11': 0.23692031618749404, 'lag_12': 0.7828664537052183, 'lag_13': 0.8417445037725736, 'lag_14': 0.14536326567621352, 'lag_15': 0.3728864921736486, 'lag_16': 0.5044635345761644, 'lag_17': 0.9910211493570025, 'lag_18': 0.9852076204221616, 'lag_19': 0.8138290235074765, 'lag_20': 0.7845566459675182, 'lag_21': 0.07812635435818155, 'lag_22': 0.46578980283227345, 'lag_23': 0.6459347935950325, 'lag_24': 0.88114530893868, 'lag_25': 0.21719527800638777, 'lag_26': 0.5156731380891191, 'lag_27': 0.017302665517360278, 'lag_28': 0.3770795953744966}.
[I 2025-10-03 11:32:05,179] Trial 20 finished with values: [0.12510204081632653, 0.003400758686467908, 0.0008849770388010206, 0.00010628677151467046, 0.0018373078954813712, 0.00039028390464006284, 0.00021904546945873145, 0.0003729329505155961, 0.002640303865298948, 0.00021490226457425988, 0.0002218278580497067, 0.00017011611182715598, 0.008652092443725803, 0.012200591650920408, 0.0, 0.007303411209319826, 0.008664413377918172, 0.000729401079070891, 0.00020867730043270448, 0.002480655781495311, 0.0005506706738662982, 0.0004071181744338609, 0.0011385960420671251, 0.0023063967128893444, 0.001838391248866619, 7.692946863613692e-05, 6.645867770586612e-05, 0.002691238236689714, 0.0068290121649892096] and parameters: {'lag_0': 0.5592031244324055, 'lag_1': 0.128772161559706, 'lag_2': 0.43123475396593547, 'lag_3': 0.8910027539868752, 'lag_4': 0.927751535292496, 'lag_5': 0.3149717989283901, 'lag_6': 0.741641374090873, 'lag_7': 0.6606093119696692, 'lag_8': 0.35290662321216454, 'lag_9': 0.18146120250468706, 'lag_10': 0.6907330792240957, 'lag_11': 0.42065449120664633, 'lag_12': 0.8678806583562773, 'lag_13': 0.9016066764119794, 'lag_14': 0.570472296494046, 'lag_15': 0.7654178291212351, 'lag_16': 0.887223393763554, 'lag_17': 0.45102245335092, 'lag_18': 0.7308549810669541, 'lag_19': 0.7919332912194317, 'lag_20': 0.797335724160486, 'lag_21': 0.33358348637196256, 'lag_22': 0.8550903408948183, 'lag_23': 0.8925873737334483, 'lag_24': 0.4771237112003007, 'lag_25': 0.633623684565473, 'lag_26': 0.7486258631072583, 'lag_27': 0.6322006301984059, 'lag_28': 0.7655872165717684}.
[I 2025-10-03 11:32:07,835] Trial 21 finished with values: [0.12610558272895936, 0.0013586838963260777, 0.001633547329350598, 0.0019380126050963266, 0.0020237681724304397, 0.00017636622671830647, 0.00021196750434013893, 0.00019989037026100928, 0.002256457647483641, 0.00017299546578716666, 9.771260121895018e-05, 0.00028656853687717673, 0.008091655514114334, 0.011311814046545559, 0.0, 0.006648948359557984, 0.004815957113091157, 0.0011254074260324957, 0.00012795098389144487, 0.0025514160627194494, 0.0005433098214399515, 0.0003046734704786394, 0.0009366058068084248, 0.0024805355121440163, 0.0016869390779576485, 0.0001422139316321746, 0.00015389022648754032, 0.0036810033366528037, 0.009736707146284307] and parameters: {'lag_0': 0.62269582885434, 'lag_1': 0.5893918705787116, 'lag_2': 0.9675817433357745, 'lag_3': 0.5608452057787066, 'lag_4': 0.023338580125653954, 'lag_5': 0.8654549008685245, 'lag_6': 0.1777227909566584, 'lag_7': 0.5612777088373381, 'lag_8': 0.04308700152212484, 'lag_9': 0.48864010113738604, 'lag_10': 0.1337946391404725, 'lag_11': 0.09989126859792564, 'lag_12': 0.8723816662307309, 'lag_13': 0.7305883381444175, 'lag_14': 0.2294617274249213, 'lag_15': 0.17734386889651996, 'lag_16': 0.5853211941982049, 'lag_17': 0.9035507047587684, 'lag_18': 0.21886048200064037, 'lag_19': 0.02479659695971547, 'lag_20': 0.704924326467723, 'lag_21': 0.3939491669248087, 'lag_22': 0.6619000032645619, 'lag_23': 0.4259149879875479, 'lag_24': 0.08090743610715223, 'lag_25': 0.8096574260160383, 'lag_26': 0.8233122363851823, 'lag_27': 0.511508588945709, 'lag_28': 0.7924148381524572}.
[I 2025-10-03 11:32:10,474] Trial 22 finished with values: [0.1379591836734694, 0.003012192088812705, 0.0020421321104924055, 0.0004148883310153407, 0.0027783395705220392, 0.00045189113050026625, 0.00013498160200986739, 0.0003289854435175048, 0.0031022752738563914, 0.000151703188198176, 4.716925415117695e-05, 0.00016698265586559752, 0.008075713218832192, 0.010840890829816163, 0.0, 0.005548607419305617, 0.008429803913944062, 0.001469892380192047, 0.00022508159385926127, 0.002318093045485527, 0.0005878864012289154, 0.00041742149514415833, 0.0009759574961856522, 0.002063370866133003, 0.00206830566492623, 0.00010595622878829399, 0.0001964479341426711, 0.002994047750382711, 0.007968506060860556] and parameters: {'lag_0': 0.9554648779963916, 'lag_1': 0.4933741261095033, 'lag_2': 0.2519274163437973, 'lag_3': 0.12549717939211455, 'lag_4': 0.46073939845627077, 'lag_5': 0.5597398802871385, 'lag_6': 0.13999032193734912, 'lag_7': 0.14628670273041494, 'lag_8': 0.960359867596935, 'lag_9': 0.06494277212791635, 'lag_10': 0.699078043540756, 'lag_11': 0.01546205023590378, 'lag_12': 0.3715228801505924, 'lag_13': 0.12121391678116525, 'lag_14': 0.6234543149928672, 'lag_15': 0.48578860002936286, 'lag_16': 0.9233804870349055, 'lag_17': 0.43578338174997433, 'lag_18': 0.9957605061754627, 'lag_19': 0.6367618329093315, 'lag_20': 0.28551763745795794, 'lag_21': 0.14465866024694865, 'lag_22': 0.016744372844470005, 'lag_23': 0.6930446510109524, 'lag_24': 0.7028893783546862, 'lag_25': 0.4028514387995244, 'lag_26': 0.32663451437104063, 'lag_27': 0.7971091747495662, 'lag_28': 0.2620695644333871}.
[I 2025-10-03 11:32:13,120] Trial 23 finished with values: [0.1379591836734694, 0.0027430044570205736, 0.0019117991073466672, 0.0012741583593446886, 0.0028556883539891135, 0.0003212669552564391, 0.00019798656560485927, 0.00042691759943956544, 0.0017835559777034699, 0.00031130728663145716, 9.625776229602319e-05, 1.2103049310392257e-05, 0.00800062767965768, 0.01090827900171053, 0.0, 0.00728775059112671, 0.006033643477880905, 0.0008700391664914532, 6.296113104110028e-05, 0.0024748898775469857, 0.0010300490808115962, 0.0004632795902349345, 0.0004942652528717945, 0.0025362183397855814, 0.0022861478877815393, 4.164566657511433e-05, 0.0007187097383864635, 0.002064723275195932, 0.008793341727871232] and parameters: {'lag_0': 0.3918321777898461, 'lag_1': 0.48724422466742995, 'lag_2': 0.020758919257695563, 'lag_3': 0.4923694541235956, 'lag_4': 0.14710631303392138, 'lag_5': 0.9770417534623957, 'lag_6': 0.3446640377644049, 'lag_7': 0.2973265987775166, 'lag_8': 0.3606637570051178, 'lag_9': 0.6054798014893304, 'lag_10': 0.9649063234022571, 'lag_11': 0.12532458021693033, 'lag_12': 0.2527680715541465, 'lag_13': 0.5573035035157198, 'lag_14': 0.9511279627413406, 'lag_15': 0.10764383649549986, 'lag_16': 0.21472435074291604, 'lag_17': 0.8016192202135811, 'lag_18': 0.27973408401139277, 'lag_19': 0.20431110498566563, 'lag_20': 0.48768496026831953, 'lag_21': 0.9497463522589139, 'lag_22': 0.7968238494686689, 'lag_23': 0.43703264437325823, 'lag_24': 0.2623755843691638, 'lag_25': 0.3314522799630598, 'lag_26': 0.7017982249617408, 'lag_27': 0.0684376092158839, 'lag_28': 0.46568737446419195}.
[I 2025-10-03 11:32:15,769] Trial 24 finished with values: [0.1379591836734694, 0.00260277861139506, 0.001385399104869195, 0.00019216706372933074, 0.002065353568631466, 0.0008499664523453309, 0.00020815857451369842, 0.00045992154054379697, 0.0018299967378568, 0.0004058104984172887, 3.9071822053594425e-05, 0.0001328157076505853, 0.008542823965188434, 0.012225598147957267, 0.0, 0.008848817697943523, 0.007635100876283765, 0.0005055880020370997, 0.00010841159512497438, 0.001857043518752898, 0.0007540976048810266, 0.0005670713722148099, 0.0007547299659704523, 0.0026468628328104424, 0.0027556135383079673, 0.0002079350040892068, 0.00048382895580963956, 0.002719078802981627, 0.0058300562401706404] and parameters: {'lag_0': 0.9043840074150368, 'lag_1': 0.5938536069762953, 'lag_2': 0.7589121365086614, 'lag_3': 0.7446905095511384, 'lag_4': 0.3977192281004975, 'lag_5': 0.42932864004479354, 'lag_6': 0.3565778614895388, 'lag_7': 0.9147735107805852, 'lag_8': 0.8955764620116444, 'lag_9': 0.6830338631454054, 'lag_10': 0.9784004542605247, 'lag_11': 0.0692526920781382, 'lag_12': 0.5345914089209073, 'lag_13': 0.5392651446003762, 'lag_14': 0.0956157911662486, 'lag_15': 0.035403456826539906, 'lag_16': 0.06301386522571001, 'lag_17': 0.744062964329991, 'lag_18': 0.32597929185327734, 'lag_19': 0.1826504508606995, 'lag_20': 0.14093096846868816, 'lag_21': 0.8244414263722245, 'lag_22': 0.6146913200262132, 'lag_23': 0.5265376217738764, 'lag_24': 0.7532806284993994, 'lag_25': 0.6446617091689378, 'lag_26': 0.6243136810262004, 'lag_27': 0.8980733626917318, 'lag_28': 0.5912881481280612}.
