[I 2025-09-29 11:53:37,066] Trial 41 finished with value: 0.011312861444783863 and parameters: {'lag_0': 0.8550463002685644, 'lag_1': 0.256741062187862, 'lag_2': 0.2985710549571393, 'lag_3': 0.32032213106147056, 'lag_4': 0.5122956239605585, 'lag_5': 0.34824500395399777, 'lag_6': 0.880630235618082, 'lag_7': 0.5467709539561815, 'lag_8': 0.3729833631588182, 'lag_9': 0.4114945318745572, 'lag_10': 0.7148072449683485, 'lag_11': 0.5325493858613108, 'lag_12': 0.4376772829583386, 'lag_13': 0.2955011176911865, 'lag_14': 0.9964202703080207, 'lag_15': 0.7720320553528994, 'lag_16': 0.26233883841855526, 'lag_17': 0.22701231892469304, 'lag_18': 0.9228653502148108, 'lag_19': 0.6004717683794061, 'lag_20': 0.3577876415947184, 'lag_21': 0.3700024237182564, 'lag_22': 0.8964348976416889, 'lag_23': 0.3068797186143418, 'lag_24': 0.1697398012355961, 'lag_25': 0.27882182504979325, 'lag_26': 0.3002789818525229, 'lag_27': 0.6047666242365263, 'lag_28': 0.6374326846392295}. Best is trial 30 with value: 0.011000623352952592.
[I 2025-09-29 11:53:39,412] Trial 42 finished with value: 0.011167843685978321 and parameters: {'lag_0': 0.47113034062752757, 'lag_1': 0.15556064916136958, 'lag_2': 0.23649133552655335, 'lag_3': 0.4109205224094985, 'lag_4': 0.4797202080509813, 'lag_5': 0.1827399322074051, 'lag_6': 0.9102854642132019, 'lag_7': 0.4867221946536755, 'lag_8': 0.17154124771575463, 'lag_9': 0.35342722150019185, 'lag_10': 0.7876438823733826, 'lag_11': 0.4427219823522939, 'lag_12': 0.37328248413874604, 'lag_13': 0.3386106335278706, 'lag_14': 0.8422483531403251, 'lag_15': 0.6268642926695661, 'lag_16': 0.38277045759485057, 'lag_17': 0.21748718737736789, 'lag_18': 0.7497522115177981, 'lag_19': 0.5093121081501221, 'lag_20': 0.3884515129883491, 'lag_21': 0.4573518307513159, 'lag_22': 0.7874736103649235, 'lag_23': 0.35368202484368205, 'lag_24': 0.04660685512413505, 'lag_25': 0.3453784629938938, 'lag_26': 0.39921112586435986, 'lag_27': 0.41031133768848294, 'lag_28': 0.7781990297946708}. Best is trial 30 with value: 0.011000623352952592.
[I 2025-09-29 11:53:41,753] Trial 43 finished with value: 0.011108789189386693 and parameters: {'lag_0': 0.9429021599198679, 'lag_1': 0.39477153276917587, 'lag_2': 0.37267846723348197, 'lag_3': 0.2676316353622235, 'lag_4': 0.39689085076468383, 'lag_5': 0.45265552748222526, 'lag_6': 0.9188517915114862, 'lag_7': 0.5692410539399879, 'lag_8': 0.19101577719544616, 'lag_9': 0.2773506881999981, 'lag_10': 0.8619233252291084, 'lag_11': 0.3055584240489603, 'lag_12': 0.5354287033218725, 'lag_13': 0.44977666442289876, 'lag_14': 0.9601177202980608, 'lag_15': 0.6869924322615346, 'lag_16': 0.6528277416984332, 'lag_17': 0.06064100047933574, 'lag_18': 0.9498853730677851, 'lag_19': 0.9142432210387867, 'lag_20': 0.30878263183912624, 'lag_21': 0.5932114725144202, 'lag_22': 0.8866459619306124, 'lag_23': 0.2860664563023445, 'lag_24': 0.13320392730806568, 'lag_25': 0.09134674135476156, 'lag_26': 0.3259799544201516, 'lag_27': 0.5193096762826337, 'lag_28': 0.6717557460427701}. Best is trial 30 with value: 0.011000623352952592.
[I 2025-09-29 11:53:44,096] Trial 44 finished with value: 0.011042150970785754 and parameters: {'lag_0': 0.6097655748597688, 'lag_1': 0.32201599173123013, 'lag_2': 0.09407026968355692, 'lag_3': 0.33658360704182866, 'lag_4': 0.5746028138962277, 'lag_5': 0.07743661577644259, 'lag_6': 0.7563258833198091, 'lag_7': 0.3524428010811598, 'lag_8': 0.2538198929223223, 'lag_9': 0.5068361059657371, 'lag_10': 0.9158375876112139, 'lag_11': 0.3640490053639053, 'lag_12': 0.6605480797970003, 'lag_13': 0.16930336370488946, 'lag_14': 0.7822321760183572, 'lag_15': 0.582925087439114, 'lag_16': 0.3770067596592404, 'lag_17': 0.011777782565982014, 'lag_18': 0.8604799691253446, 'lag_19': 0.09721126295929473, 'lag_20': 0.4484189952337363, 'lag_21': 0.3436537668598417, 'lag_22': 0.9580530741603656, 'lag_23': 0.5548560998049653, 'lag_24': 0.25919891813266266, 'lag_25': 0.48909490003750206, 'lag_26': 0.45780804865531, 'lag_27': 0.5637277430852312, 'lag_28': 0.728931251733464}. Best is trial 30 with value: 0.011000623352952592.
[I 2025-09-29 11:53:46,437] Trial 45 finished with value: 0.011167436601168555 and parameters: {'lag_0': 0.5791300538975552, 'lag_1': 0.33600464352786963, 'lag_2': 0.07130380822949595, 'lag_3': 0.5007259978474388, 'lag_4': 0.6182176590408089, 'lag_5': 0.09061842751727874, 'lag_6': 0.6679328156188432, 'lag_7': 0.37474506778211775, 'lag_8': 0.2633269005494704, 'lag_9': 0.7165809319863095, 'lag_10': 0.9107517983780977, 'lag_11': 0.38026198925708193, 'lag_12': 0.6622381209781639, 'lag_13': 0.13457378434341627, 'lag_14': 0.770208053777624, 'lag_15': 0.5153534583341078, 'lag_16': 0.5146578371951125, 'lag_17': 0.018500932606504424, 'lag_18': 0.853037380555987, 'lag_19': 0.10075789830481005, 'lag_20': 0.45251365757554296, 'lag_21': 0.22922821534486074, 'lag_22': 0.9994625443788759, 'lag_23': 0.6749222330146444, 'lag_24': 0.2619657688332349, 'lag_25': 0.4803873343630324, 'lag_26': 0.48438328514542645, 'lag_27': 0.8337565888648333, 'lag_28': 0.7421008302587032}. Best is trial 30 with value: 0.011000623352952592.
[I 2025-09-29 11:53:48,761] Trial 46 finished with value: 0.01102898456158698 and parameters: {'lag_0': 0.6682302906170825, 'lag_1': 0.64141934835508, 'lag_2': 0.0180779282706129, 'lag_3': 0.38444594619850214, 'lag_4': 0.7341889384342674, 'lag_5': 0.09972146814703889, 'lag_6': 0.5798621147736782, 'lag_7': 0.34746902797298485, 'lag_8': 0.5305218199980741, 'lag_9': 0.5147475077627959, 'lag_10': 0.9390424578436768, 'lag_11': 0.2778613249515458, 'lag_12': 0.8813445955132093, 'lag_13': 0.16685453133047828, 'lag_14': 0.6832518445377687, 'lag_15': 0.5759543146824793, 'lag_16': 0.272534052247098, 'lag_17': 0.7602711078408447, 'lag_18': 0.7136446342566847, 'lag_19': 0.04500670800368634, 'lag_20': 0.06382394913532383, 'lag_21': 0.31570797587396077, 'lag_22': 0.5556963183579, 'lag_23': 0.9765344819965056, 'lag_24': 0.34028624108885297, 'lag_25': 0.6217832223824832, 'lag_26': 0.5212087423268459, 'lag_27': 0.5639102505364779, 'lag_28': 0.9439280932102782}. Best is trial 30 with value: 0.011000623352952592.
[I 2025-09-29 11:53:51,093] Trial 47 finished with value: 0.011076281489033427 and parameters: {'lag_0': 0.6525381994210485, 'lag_1': 0.6624553070658356, 'lag_2': 0.03611319636736965, 'lag_3': 0.1748551951822767, 'lag_4': 0.7735768341309993, 'lag_5': 0.23384843952957726, 'lag_6': 0.627607695180951, 'lag_7': 0.29240727181267656, 'lag_8': 0.5348109468073854, 'lag_9': 0.7866602500874885, 'lag_10': 0.9629453976247011, 'lag_11': 0.3383487840354962, 'lag_12': 0.981069308295974, 'lag_13': 0.15527333626690795, 'lag_14': 0.7179404675215976, 'lag_15': 0.5805499014253228, 'lag_16': 0.16170956323299135, 'lag_17': 0.7886093601129168, 'lag_18': 0.5227130205669559, 'lag_19': 0.03731284496907681, 'lag_20': 0.06675955068188329, 'lag_21': 0.31544199652483695, 'lag_22': 0.5409203714584664, 'lag_23': 0.9945353339940668, 'lag_24': 0.3075655402721261, 'lag_25': 0.838335796466611, 'lag_26': 0.6351291360015777, 'lag_27': 0.5859435869633614, 'lag_28': 0.9418266607605504}. Best is trial 30 with value: 0.011000623352952592.
[I 2025-09-29 11:53:53,426] Trial 48 finished with value: 0.011157734178784748 and parameters: {'lag_0': 0.7006776648173312, 'lag_1': 0.616052945130192, 'lag_2': 0.047617831982716914, 'lag_3': 0.09923165468114123, 'lag_4': 0.7497018352182871, 'lag_5': 0.10528445140681933, 'lag_6': 0.7640658619761229, 'lag_7': 0.34811733527879773, 'lag_8': 0.9574707381165757, 'lag_9': 0.49690302032284644, 'lag_10': 0.998873417487645, 'lag_11': 0.25889384864902637, 'lag_12': 0.9007900646515459, 'lag_13': 0.03932704078430277, 'lag_14': 0.6893504308332353, 'lag_15': 0.8530395920767772, 'lag_16': 0.27634116870703096, 'lag_17': 0.892735337236905, 'lag_18': 0.6686060787639301, 'lag_19': 0.13989081891058552, 'lag_20': 0.13677027093419689, 'lag_21': 0.16188975410571244, 'lag_22': 0.6508400496817065, 'lag_23': 0.9236070927985165, 'lag_24': 0.36485454983489507, 'lag_25': 0.6262789951012994, 'lag_26': 0.522979878737558, 'lag_27': 0.7360687279784617, 'lag_28': 0.8942561142934967}. Best is trial 30 with value: 0.011000623352952592.
[I 2025-09-29 11:53:55,756] Trial 49 finished with value: 0.011326531668772278 and parameters: {'lag_0': 0.5442425887510943, 'lag_1': 0.7812070456113815, 'lag_2': 0.10993936232606945, 'lag_3': 0.37365817954818936, 'lag_4': 0.819767875502799, 'lag_5': 0.08461990732586674, 'lag_6': 0.43520388766877555, 'lag_7': 0.056868238732017365, 'lag_8': 0.4559698526122254, 'lag_9': 0.6157630285327447, 'lag_10': 0.6824423861782084, 'lag_11': 0.19098851128582436, 'lag_12': 0.8815654234176226, 'lag_13': 0.25858762833236626, 'lag_14': 0.6537355433483174, 'lag_15': 0.44825039664849886, 'lag_16': 0.3882316410932301, 'lag_17': 0.7312752753910825, 'lag_18': 0.7296605526008365, 'lag_19': 0.048165347882794626, 'lag_20': 0.03381061898103854, 'lag_21': 0.4367703244832337, 'lag_22': 0.7658381487178848, 'lag_23': 0.5735312593870917, 'lag_24': 0.22357390736491844, 'lag_25': 0.7555056548023719, 'lag_26': 0.7853400468907017, 'lag_27': 0.8102055106918026, 'lag_28': 0.9654579049451069}. Best is trial 30 with value: 0.011000623352952592.
[I 2025-09-29 11:53:58,102] Trial 50 finished with value: 0.011431585802491031 and parameters: {'lag_0': 0.6623034777324539, 'lag_1': 0.4413975877078311, 'lag_2': 0.02889139195708959, 'lag_3': 0.26995914515890845, 'lag_4': 0.6707190106913369, 'lag_5': 0.9438013117331591, 'lag_6': 0.7198321722252643, 'lag_7': 0.4510417358401403, 'lag_8': 0.657976930565837, 'lag_9': 0.5694253741721051, 'lag_10': 0.4180479636654796, 'lag_11': 0.29018411203542704, 'lag_12': 0.7557714525759689, 'lag_13': 0.20816359520943112, 'lag_14': 0.5257607767886642, 'lag_15': 0.5646356027343021, 'lag_16': 0.11854207496596295, 'lag_17': 0.968184264466017, 'lag_18': 0.8351295414596596, 'lag_19': 0.09575386394711893, 'lag_20': 0.5732220200498459, 'lag_21': 0.070711913570213, 'lag_22': 0.8479635669505327, 'lag_23': 0.8437744653245848, 'lag_24': 0.7286755141348955, 'lag_25': 0.6150710232682906, 'lag_26': 0.6292986665281336, 'lag_27': 0.6580048013311752, 'lag_28': 0.800181673610448}. Best is trial 30 with value: 0.011000623352952592.
[I 2025-09-29 11:54:00,441] Trial 51 finished with value: 0.011112482756596955 and parameters: {'lag_0': 0.7567181330735602, 'lag_1': 0.5008586040783443, 'lag_2': 0.15496008871175376, 'lag_3': 0.40227841541228926, 'lag_4': 0.7087553294143696, 'lag_5': 0.031137702832646903, 'lag_6': 0.5850818605389609, 'lag_7': 0.43376798559475865, 'lag_8': 0.31864315982688296, 'lag_9': 0.49169286932427303, 'lag_10': 0.9264627970029933, 'lag_11': 0.47767542857433243, 'lag_12': 0.7952715043471966, 'lag_13': 0.12121065010246758, 'lag_14': 0.7880049927769551, 'lag_15': 0.5064029975532252, 'lag_16': 0.4304828563591292, 'lag_17': 0.008454465771454608, 'lag_18': 0.7749951214472452, 'lag_19': 0.03914313622233902, 'lag_20': 0.6381934727074203, 'lag_21': 0.3310638793698392, 'lag_22': 0.9441378220906975, 'lag_23': 0.7652027464659948, 'lag_24': 0.15768762370982056, 'lag_25': 0.5405715818419654, 'lag_26': 0.543612963737415, 'lag_27': 0.464920568364929, 'lag_28': 0.995525497075497}. Best is trial 30 with value: 0.011000623352952592.
[I 2025-09-29 11:54:02,774] Trial 52 finished with value: 0.01115948250469508 and parameters: {'lag_0': 0.4249226630368565, 'lag_1': 0.2344093113263479, 'lag_2': 0.006963936676100513, 'lag_3': 0.5131457083842995, 'lag_4': 0.5580704239361267, 'lag_5': 0.04368489230347561, 'lag_6': 0.5042051111949728, 'lag_7': 0.3713209839042245, 'lag_8': 0.382378225305631, 'lag_9': 0.664984551971874, 'lag_10': 0.8590302914430783, 'lag_11': 0.37485104728156227, 'lag_12': 0.6840145726484053, 'lag_13': 0.16800176232068448, 'lag_14': 0.8394621682077148, 'lag_15': 0.2544187785367687, 'lag_16': 0.6023329432760567, 'lag_17': 0.15390390774606905, 'lag_18': 0.8920736051013363, 'lag_19': 0.2505478405380421, 'lag_20': 0.06881542952847586, 'lag_21': 0.5256825902248414, 'lag_22': 0.5284135384067603, 'lag_23': 0.9427916185655123, 'lag_24': 0.26198091455586536, 'lag_25': 0.4410815859907502, 'lag_26': 0.4476916765710808, 'lag_27': 0.6299854595026481, 'lag_28': 0.8764876266193545}. Best is trial 30 with value: 0.011000623352952592.
[I 2025-09-29 11:54:05,110] Trial 53 finished with value: 0.011038427111953946 and parameters: {'lag_0': 0.5207704225117745, 'lag_1': 0.5764452678660011, 'lag_2': 0.12029877270426659, 'lag_3': 0.3502364855483078, 'lag_4': 0.9241490501305891, 'lag_5': 0.13304848163032967, 'lag_6': 0.5560846702679368, 'lag_7': 0.2558963251760727, 'lag_8': 0.5855694604040974, 'lag_9': 0.525372821897621, 'lag_10': 0.7853534748067006, 'lag_11': 0.08394695261781066, 'lag_12': 0.8533167128610563, 'lag_13': 0.2879380650855561, 'lag_14': 0.7617471948603378, 'lag_15': 0.0596906640972214, 'lag_16': 0.45549194670247456, 'lag_17': 0.08380812217805415, 'lag_18': 0.6020793884098148, 'lag_19': 0.7620486165067877, 'lag_20': 0.22688264183345846, 'lag_21': 0.4005472488866326, 'lag_22': 0.06981489981468648, 'lag_23': 0.826615853588898, 'lag_24': 0.19946763605173876, 'lag_25': 0.42202233671370354, 'lag_26': 0.2237395097278067, 'lag_27': 0.5144474421398681, 'lag_28': 0.8447657041320622}. Best is trial 30 with value: 0.011000623352952592.
[I 2025-09-29 11:54:07,446] Trial 54 finished with value: 0.010980607989021302 and parameters: {'lag_0': 0.5497034059440552, 'lag_1': 0.5757008183828802, 'lag_2': 0.10929481480030313, 'lag_3': 0.34199455597842915, 'lag_4': 0.8510580514294817, 'lag_5': 0.21154429313270073, 'lag_6': 0.5494241057602058, 'lag_7': 0.13979651533046836, 'lag_8': 0.7938235676537604, 'lag_9': 0.4494323196265286, 'lag_10': 0.301973077993854, 'lag_11': 0.07626395208064835, 'lag_12': 0.8781224561225026, 'lag_13': 0.22195478435564525, 'lag_14': 0.7540851138802951, 'lag_15': 0.05576653495941347, 'lag_16': 0.06340458799642337, 'lag_17': 0.0941775006625047, 'lag_18': 0.5990204919795431, 'lag_19': 0.789966297076102, 'lag_20': 0.15667263914216933, 'lag_21': 0.27837969506812177, 'lag_22': 0.11173577354605442, 'lag_23': 0.8360653874104454, 'lag_24': 0.4194840064852645, 'lag_25': 0.40970714067117875, 'lag_26': 0.7267195095865816, 'lag_27': 0.5184833137013185, 'lag_28': 0.8446058748288219}. Best is trial 54 with value: 0.010980607989021302.
[I 2025-09-29 11:54:09,774] Trial 55 finished with value: 0.011153100218408603 and parameters: {'lag_0': 0.5176987129688856, 'lag_1': 0.6335173530716259, 'lag_2': 0.1010612604768932, 'lag_3': 0.346282695922886, 'lag_4': 0.9249147970455741, 'lag_5': 0.19968922016883975, 'lag_6': 0.5768735693439878, 'lag_7': 0.14868034993648982, 'lag_8': 0.8301144107317266, 'lag_9': 0.5238609183504052, 'lag_10': 0.22691703049497314, 'lag_11': 0.07560674616539736, 'lag_12': 0.9541943653800629, 'lag_13': 0.27083591170837196, 'lag_14': 0.75552510778106, 'lag_15': 0.1005342160462345, 'lag_16': 0.04550556601763474, 'lag_17': 0.06382215982434515, 'lag_18': 0.6029367076516331, 'lag_19': 0.7564778793141955, 'lag_20': 0.14617852224388464, 'lag_21': 0.38770713652190547, 'lag_22': 0.1059736898594898, 'lag_23': 0.839880081376345, 'lag_24': 0.4469607130116302, 'lag_25': 0.535046870852316, 'lag_26': 0.8753050767240848, 'lag_27': 0.5175370345563695, 'lag_28': 0.8452767117184284}. Best is trial 54 with value: 0.010980607989021302.
[I 2025-09-29 11:54:12,113] Trial 56 finished with value: 0.01110009626698896 and parameters: {'lag_0': 0.6050936604049268, 'lag_1': 0.7070657038171313, 'lag_2': 0.0019811413571400316, 'lag_3': 0.3971441677001032, 'lag_4': 0.9151466440994401, 'lag_5': 0.13613076739337965, 'lag_6': 0.5275386342450329, 'lag_7': 0.25871432215548507, 'lag_8': 0.8725448086672678, 'lag_9': 0.43182201009052945, 'lag_10': 0.32688551763473306, 'lag_11': 0.13432161169091, 'lag_12': 0.8668468582700288, 'lag_13': 0.2019126055736698, 'lag_14': 0.6852516880804373, 'lag_15': 0.16709588017521343, 'lag_16': 0.007083247152363898, 'lag_17': 0.10508172812074418, 'lag_18': 0.5269215847825007, 'lag_19': 0.8178093554951199, 'lag_20': 0.27208732502469163, 'lag_21': 0.42616429205970885, 'lag_22': 0.05346770875630603, 'lag_23': 0.951233457691032, 'lag_24': 0.41896966831285354, 'lag_25': 0.41454649253670556, 'lag_26': 0.7294057978821603, 'lag_27': 0.554924010042863, 'lag_28': 0.9080747587376559}. Best is trial 54 with value: 0.010980607989021302.
[I 2025-09-29 11:54:14,456] Trial 57 finished with value: 0.01113943793811652 and parameters: {'lag_0': 0.5505360296427888, 'lag_1': 0.6101608629440439, 'lag_2': 0.12729998631072614, 'lag_3': 0.43775173075534307, 'lag_4': 0.8691784311351273, 'lag_5': 0.29676231400571523, 'lag_6': 0.5524293148984069, 'lag_7': 0.15424657126496505, 'lag_8': 0.759585267012601, 'lag_9': 0.4425732848210103, 'lag_10': 0.2873788559504531, 'lag_11': 0.04760354845133616, 'lag_12': 0.9221440273778825, 'lag_13': 0.3786199069642932, 'lag_14': 0.46092543681677534, 'lag_15': 0.039599741727651606, 'lag_16': 0.07059804988484272, 'lag_17': 0.04440329863941805, 'lag_18': 0.4731638416142999, 'lag_19': 0.7275026897157133, 'lag_20': 0.2101404349413803, 'lag_21': 0.25725186095047103, 'lag_22': 0.1251776498311782, 'lag_23': 0.8146190275324712, 'lag_24': 0.5194905789320281, 'lag_25': 0.49386932847474796, 'lag_26': 0.987882687136153, 'lag_27': 0.6812408218443917, 'lag_28': 0.9600675496972633}. Best is trial 54 with value: 0.010980607989021302.
[I 2025-09-29 11:54:16,794] Trial 58 finished with value: 0.010976742506279497 and parameters: {'lag_0': 0.4778761581456017, 'lag_1': 0.5892688398558482, 'lag_2': 0.6198217047736363, 'lag_3': 0.21138372503397138, 'lag_4': 0.9681944788604501, 'lag_5': 0.07361203372526802, 'lag_6': 0.6157143481270556, 'lag_7': 0.09582248002012744, 'lag_8': 0.6048286240633166, 'lag_9': 0.5688067829988529, 'lag_10': 0.1392073756883522, 'lag_11': 0.10478967898081631, 'lag_12': 0.8426859412351623, 'lag_13': 0.23044920609637784, 'lag_14': 0.5330481907033993, 'lag_15': 0.09385384231130736, 'lag_16': 0.2078505231128032, 'lag_17': 0.8394368500701304, 'lag_18': 0.6441209399972199, 'lag_19': 0.8668903495513004, 'lag_20': 0.005440987366135297, 'lag_21': 0.3487925336402891, 'lag_22': 0.19554847322320745, 'lag_23': 0.8859844422386929, 'lag_24': 0.33410951022246305, 'lag_25': 0.6537606545058725, 'lag_26': 0.07239540383879654, 'lag_27': 0.9137414373532093, 'lag_28': 0.8425958299384427}. Best is trial 58 with value: 0.010976742506279497.
[I 2025-09-29 11:54:19,122] Trial 59 finished with value: 0.01106247163974404 and parameters: {'lag_0': 0.6464521750577551, 'lag_1': 0.5784083777583127, 'lag_2': 0.618869248917415, 'lag_3': 0.22009216696302744, 'lag_4': 0.9758677972731833, 'lag_5': 0.00021925500663198816, 'lag_6': 0.6140815127821891, 'lag_7': 0.03128223473961389, 'lag_8': 0.6273270190873016, 'lag_9': 0.6617170796886459, 'lag_10': 0.1193262923864803, 'lag_11': 0.111554406998087, 'lag_12': 0.8558363877728377, 'lag_13': 0.301173583436008, 'lag_14': 0.5307131536544848, 'lag_15': 0.08006864563295392, 'lag_16': 0.18657898583693344, 'lag_17': 0.8517290331118986, 'lag_18': 0.5476105993886653, 'lag_19': 0.8383705009836071, 'lag_20': 0.004667602060217352, 'lag_21': 0.35272103655564657, 'lag_22': 0.19281398497242944, 'lag_23': 0.8959658109096696, 'lag_24': 0.33638840786826757, 'lag_25': 0.6498000577826561, 'lag_26': 0.07610772310919468, 'lag_27': 0.8998054448879361, 'lag_28': 0.8548983561590289}. Best is trial 58 with value: 0.010976742506279497.
[I 2025-09-29 11:54:21,455] Trial 60 finished with value: 0.01101788280260658 and parameters: {'lag_0': 0.7094005504480854, 'lag_1': 0.6808943410115988, 'lag_2': 0.7671916044626723, 'lag_3': 0.19746387279005218, 'lag_4': 0.7948436442364073, 'lag_5': 0.06304269501859107, 'lag_6': 0.6715154778132921, 'lag_7': 0.2445037192726376, 'lag_8': 0.580607763254813, 'lag_9': 0.7554805556233892, 'lag_10': 0.06382128244614405, 'lag_11': 0.03845406916099898, 'lag_12': 0.9438185207574035, 'lag_13': 0.4568520396373037, 'lag_14': 0.5879238142803594, 'lag_15': 0.038320938505436164, 'lag_16': 0.26977517277497204, 'lag_17': 0.8297134135292616, 'lag_18': 0.35500378190350773, 'lag_19': 0.9026847105155473, 'lag_20': 0.8217774180513865, 'lag_21': 0.2941130206553937, 'lag_22': 0.0625169397671261, 'lag_23': 0.8754549020289533, 'lag_24': 0.38425740655207175, 'lag_25': 0.5948399241962858, 'lag_26': 0.23453925195903763, 'lag_27': 0.984968972450135, 'lag_28': 0.8229267739345386}. Best is trial 58 with value: 0.010976742506279497.
[I 2025-09-29 11:54:23,780] Trial 61 finished with value: 0.011173780041335171 and parameters: {'lag_0': 0.7015159544197797, 'lag_1': 0.696420702421246, 'lag_2': 0.8212008332125029, 'lag_3': 0.20139676338091644, 'lag_4': 0.8202102091414916, 'lag_5': 0.07113807527978053, 'lag_6': 0.6738212441133311, 'lag_7': 0.24568645023473912, 'lag_8': 0.6149885388278329, 'lag_9': 0.8813874821979066, 'lag_10': 0.04511097594900802, 'lag_11': 0.041186111800278424, 'lag_12': 0.9341276977262706, 'lag_13': 0.43847172096690457, 'lag_14': 0.5873684406601826, 'lag_15': 0.03129150902000678, 'lag_16': 0.29529423971971613, 'lag_17': 0.7814367229741285, 'lag_18': 0.41601007567700793, 'lag_19': 0.9262194901905476, 'lag_20': 0.8077593859332078, 'lag_21': 0.22892238418709956, 'lag_22': 0.07357300835941136, 'lag_23': 0.8792630123200413, 'lag_24': 0.38238571020373213, 'lag_25': 0.5861094480337672, 'lag_26': 0.19566671171455516, 'lag_27': 0.9544004449775989, 'lag_28': 0.8345758941543977}. Best is trial 58 with value: 0.010976742506279497.
