[I 2025-09-29 13:25:01,848] Trial 67 finished with value: 0.00487433949364324 and parameters: {'lag_0': 0.12979267091707003, 'lag_1': 0.9063582762618458, 'lag_2': 0.16923826787828772, 'lag_3': 0.5649731125734369, 'lag_4': 0.16392707434945356, 'lag_5': 0.2260523931209879, 'lag_6': 0.6390054025990904, 'lag_7': 0.1657712881613188, 'lag_8': 0.22907809496620152, 'lag_9': 0.09710967439385251, 'lag_10': 0.03131655257358747, 'lag_11': 0.7315105673009428, 'lag_12': 0.34653716637345483, 'lag_13': 0.7546450323918669, 'lag_14': 0.03270275363466546, 'lag_15': 0.8787226000298056, 'lag_16': 0.5590743165328576, 'lag_17': 0.05259329439930865, 'lag_18': 0.028346041174178237, 'lag_19': 0.08426438722202373, 'lag_20': 0.4266019039402521, 'lag_21': 0.3940981207563723, 'lag_22': 0.4514170143359417, 'lag_23': 0.8340884257707442, 'lag_24': 0.8835986324702315, 'lag_25': 0.6677977191005253, 'lag_26': 0.27430287593633007, 'lag_27': 0.1674215632863192, 'lag_28': 0.8340343478394139}. Best is trial 41 with value: 0.004597142821365375.
[I 2025-09-29 13:25:04,322] Trial 68 finished with value: 0.004759313512234583 and parameters: {'lag_0': 0.01529876679625708, 'lag_1': 0.8991075005992479, 'lag_2': 0.17740747087683284, 'lag_3': 0.42316728624851824, 'lag_4': 0.7761995915304982, 'lag_5': 0.21871081885810922, 'lag_6': 0.6456799536445768, 'lag_7': 0.18222603282429722, 'lag_8': 0.210292365888464, 'lag_9': 0.24544174430985793, 'lag_10': 0.0148395183959482, 'lag_11': 0.7367535810078871, 'lag_12': 0.34756227999237393, 'lag_13': 0.7493333192997805, 'lag_14': 0.030350945895379206, 'lag_15': 0.8656699890592857, 'lag_16': 0.6466575680009281, 'lag_17': 0.05112725507828291, 'lag_18': 0.015071084992440621, 'lag_19': 0.0987517805877326, 'lag_20': 0.502971696344871, 'lag_21': 0.3700769934842092, 'lag_22': 0.4556864473028511, 'lag_23': 0.7461665045575413, 'lag_24': 0.8244482027447715, 'lag_25': 0.6697037867736284, 'lag_26': 0.21882927139062608, 'lag_27': 0.10183754817782129, 'lag_28': 0.9557257595782342}. Best is trial 41 with value: 0.004597142821365375.
[I 2025-09-29 13:25:06,791] Trial 69 finished with value: 0.005367730617835192 and parameters: {'lag_0': 0.012750110428390388, 'lag_1': 0.890454771949571, 'lag_2': 0.19288254153589462, 'lag_3': 0.44732894154892927, 'lag_4': 0.16683735798284988, 'lag_5': 0.22387400927110795, 'lag_6': 0.6041105251231653, 'lag_7': 0.16140223094579703, 'lag_8': 0.19561191440180786, 'lag_9': 0.09557659182169895, 'lag_10': 0.01762201099994873, 'lag_11': 0.7304350049745095, 'lag_12': 0.3698234656969182, 'lag_13': 0.7558657995739634, 'lag_14': 0.02267948657664779, 'lag_15': 0.890225197194414, 'lag_16': 0.8320308033280105, 'lag_17': 0.03591927584778228, 'lag_18': 0.026412623152758774, 'lag_19': 0.08853579761225408, 'lag_20': 0.5107884921536732, 'lag_21': 0.35617532779744565, 'lag_22': 0.45331701271842517, 'lag_23': 0.7769228240714927, 'lag_24': 0.8244269711427569, 'lag_25': 0.695940382824014, 'lag_26': 0.21472490143201803, 'lag_27': 0.12364782159987082, 'lag_28': 0.8313650868423857}. Best is trial 41 with value: 0.004597142821365375.
[I 2025-09-29 13:25:09,270] Trial 70 finished with value: 0.00536913210459956 and parameters: {'lag_0': 0.1276938207129218, 'lag_1': 0.956776475648604, 'lag_2': 0.27680763432970407, 'lag_3': 0.15390565103869847, 'lag_4': 0.10564167169308858, 'lag_5': 0.1868955925431147, 'lag_6': 0.8014457661630894, 'lag_7': 0.3480625994658146, 'lag_8': 0.11485453990795362, 'lag_9': 0.25342705343733013, 'lag_10': 0.06302941866727402, 'lag_11': 0.7454423274945087, 'lag_12': 0.2971881461366091, 'lag_13': 0.8089878139556581, 'lag_14': 0.08195044108184112, 'lag_15': 0.8218933722156648, 'lag_16': 0.7148065331560511, 'lag_17': 0.27687626282923616, 'lag_18': 0.02864360095588755, 'lag_19': 0.12849330381660187, 'lag_20': 0.4289048811634287, 'lag_21': 0.4136373839837811, 'lag_22': 0.36589150088709377, 'lag_23': 0.8626351013248463, 'lag_24': 0.8806767675214189, 'lag_25': 0.6633406650991025, 'lag_26': 0.27538679655925374, 'lag_27': 0.1759744288198164, 'lag_28': 0.0016558930854246173}. Best is trial 41 with value: 0.004597142821365375.
[I 2025-09-29 13:25:11,742] Trial 71 finished with value: 0.005126157856773073 and parameters: {'lag_0': 0.03630634324963706, 'lag_1': 0.877457340873332, 'lag_2': 0.07250425854960738, 'lag_3': 0.4978059192162107, 'lag_4': 0.6965388356447173, 'lag_5': 0.29595029338139967, 'lag_6': 0.6485220754374973, 'lag_7': 0.0030309680364122155, 'lag_8': 0.14220066204736387, 'lag_9': 0.20589862411261928, 'lag_10': 0.03510969600351803, 'lag_11': 0.6237113982128956, 'lag_12': 0.35009261460013613, 'lag_13': 0.7142816486908198, 'lag_14': 0.03115027821272663, 'lag_15': 0.8618944767789037, 'lag_16': 0.6361144622024102, 'lag_17': 0.07051091354366103, 'lag_18': 0.0804636587267668, 'lag_19': 0.041362746370678244, 'lag_20': 0.4679753486297591, 'lag_21': 0.3083433836669175, 'lag_22': 0.49825529621948583, 'lag_23': 0.642951151226012, 'lag_24': 0.7847333683283826, 'lag_25': 0.7534251173961192, 'lag_26': 0.33111779111751893, 'lag_27': 0.07246704695821748, 'lag_28': 0.9623807016646412}. Best is trial 41 with value: 0.004597142821365375.
[I 2025-09-29 13:25:14,225] Trial 72 finished with value: 0.005268379260996725 and parameters: {'lag_0': 3.5175200337415197e-06, 'lag_1': 0.9228929874916234, 'lag_2': 0.16121957274720802, 'lag_3': 0.570239909111716, 'lag_4': 0.860183312081966, 'lag_5': 0.16151900724438986, 'lag_6': 0.6874429829506447, 'lag_7': 0.2158418150210708, 'lag_8': 0.021220311202551773, 'lag_9': 0.8388292853802082, 'lag_10': 0.029430651640962938, 'lag_11': 0.7091595715263034, 'lag_12': 0.4710574575217864, 'lag_13': 0.7416271186446243, 'lag_14': 0.07172815056561871, 'lag_15': 0.8894620270967218, 'lag_16': 0.6568928586368029, 'lag_17': 0.14300571171448356, 'lag_18': 0.014990664289952025, 'lag_19': 0.030742831245459123, 'lag_20': 0.48811061389462834, 'lag_21': 0.3739103461361641, 'lag_22': 0.4127800166393123, 'lag_23': 0.8314312100911737, 'lag_24': 0.7337644105828847, 'lag_25': 0.9657953651579431, 'lag_26': 0.04226659755594242, 'lag_27': 0.03926408700869269, 'lag_28': 0.7885390608475846}. Best is trial 41 with value: 0.004597142821365375.
[I 2025-09-29 13:25:16,867] Trial 73 finished with value: 0.005185395644633058 and parameters: {'lag_0': 0.08174255367760982, 'lag_1': 0.7985087716406158, 'lag_2': 0.04365311458990509, 'lag_3': 0.40088244870894485, 'lag_4': 0.7940692043358085, 'lag_5': 0.250747862109567, 'lag_6': 0.5605370648485528, 'lag_7': 0.07567051174066272, 'lag_8': 0.24263941392372035, 'lag_9': 0.03216059654981694, 'lag_10': 0.6748200363829042, 'lag_11': 0.6566735875059269, 'lag_12': 0.4235090854459427, 'lag_13': 0.9096794731517025, 'lag_14': 0.1267912676462596, 'lag_15': 0.12225164404403377, 'lag_16': 0.5834285918964418, 'lag_17': 0.008459249338269276, 'lag_18': 0.1997732390073451, 'lag_19': 0.07958997558672815, 'lag_20': 0.35524280343853903, 'lag_21': 0.21442930278972464, 'lag_22': 0.542777257656691, 'lag_23': 0.9506090453713795, 'lag_24': 0.9341945950475076, 'lag_25': 0.6098787968716737, 'lag_26': 0.40597501892525706, 'lag_27': 0.11004526480887103, 'lag_28': 0.9421845944119194}. Best is trial 41 with value: 0.004597142821365375.
[I 2025-09-29 13:25:19,350] Trial 74 finished with value: 0.005707440071822596 and parameters: {'lag_0': 0.1906932491044961, 'lag_1': 0.9560218226480307, 'lag_2': 0.1291967830164253, 'lag_3': 0.5219193708155498, 'lag_4': 0.7462235429025904, 'lag_5': 0.21065574238993495, 'lag_6': 0.7534269603192867, 'lag_7': 0.1504986204610957, 'lag_8': 0.2505381159551423, 'lag_9': 0.10685394347282766, 'lag_10': 0.06545047797283755, 'lag_11': 0.5679658052376101, 'lag_12': 0.2865318711787592, 'lag_13': 0.6642739651489227, 'lag_14': 0.04468742543170762, 'lag_15': 0.8120563109374996, 'lag_16': 0.5980565278306793, 'lag_17': 0.1889742744006977, 'lag_18': 0.31094762303760015, 'lag_19': 0.14863884958407003, 'lag_20': 0.42383141654922435, 'lag_21': 0.41524182089817807, 'lag_22': 0.4487864581857119, 'lag_23': 0.7823714834981766, 'lag_24': 0.8483898726026122, 'lag_25': 0.6423374362641835, 'lag_26': 0.10260169973085008, 'lag_27': 0.00038186318635984734, 'lag_28': 0.98918860750509}. Best is trial 41 with value: 0.004597142821365375.
[I 2025-09-29 13:25:21,828] Trial 75 finished with value: 0.005304003316524903 and parameters: {'lag_0': 0.0811334631885183, 'lag_1': 0.9025333230108503, 'lag_2': 0.22426272450931184, 'lag_3': 0.32656239655826497, 'lag_4': 0.7816503101892622, 'lag_5': 0.4586275381869718, 'lag_6': 0.6969817123261133, 'lag_7': 0.05040346101331006, 'lag_8': 0.3528050395658013, 'lag_9': 0.14629756730916288, 'lag_10': 0.10650366320452306, 'lag_11': 0.46216558345835745, 'lag_12': 0.19634212432829357, 'lag_13': 0.59738207445687, 'lag_14': 0.15953581255050103, 'lag_15': 0.9694248408594713, 'lag_16': 0.5435478525209742, 'lag_17': 0.0978733594594941, 'lag_18': 0.0018031147120237262, 'lag_19': 0.4686408464913379, 'lag_20': 0.563779147271837, 'lag_21': 0.45012686941206254, 'lag_22': 0.503663639119363, 'lag_23': 0.5895201420647491, 'lag_24': 0.39045929182625505, 'lag_25': 0.7622633359273373, 'lag_26': 0.22185278500170688, 'lag_27': 0.1579535679862922, 'lag_28': 0.7609769626687679}. Best is trial 41 with value: 0.004597142821365375.
[I 2025-09-29 13:25:24,312] Trial 76 finished with value: 0.005289557489978057 and parameters: {'lag_0': 0.15532081354379482, 'lag_1': 0.8468025554510555, 'lag_2': 0.41665494055560104, 'lag_3': 0.638211719674713, 'lag_4': 0.08200506264455126, 'lag_5': 0.2796190249927433, 'lag_6': 0.6330805458125139, 'lag_7': 0.11174454535412112, 'lag_8': 0.30466000878414173, 'lag_9': 0.3653177522984829, 'lag_10': 0.7767744862398763, 'lag_11': 0.7889401802266978, 'lag_12': 0.5814289167962828, 'lag_13': 0.8477890076267183, 'lag_14': 0.09700999269570884, 'lag_15': 0.8441941860831563, 'lag_16': 0.49966807655725803, 'lag_17': 0.034689828455136414, 'lag_18': 0.044269022763926254, 'lag_19': 0.42099454774981876, 'lag_20': 0.32484678745736223, 'lag_21': 0.3259152802587573, 'lag_22': 0.3950838927581879, 'lag_23': 0.4370110782249905, 'lag_24': 0.22637116237573685, 'lag_25': 0.7184946474292414, 'lag_26': 0.27372139642920135, 'lag_27': 0.425442815131133, 'lag_28': 0.7197661237222812}. Best is trial 41 with value: 0.004597142821365375.
[I 2025-09-29 13:25:26,796] Trial 77 finished with value: 0.005673625869900587 and parameters: {'lag_0': 0.18036521591093174, 'lag_1': 0.7001345157441113, 'lag_2': 0.17473245120024766, 'lag_3': 0.3697400837844941, 'lag_4': 0.7168949884195526, 'lag_5': 0.6384412978720662, 'lag_6': 0.5250728664074169, 'lag_7': 0.27139537451175444, 'lag_8': 0.5717887673368686, 'lag_9': 0.3176847366204956, 'lag_10': 0.5262672261574973, 'lag_11': 0.6826041785793195, 'lag_12': 0.5105126592172043, 'lag_13': 0.5438677724218848, 'lag_14': 0.7814310590581557, 'lag_15': 0.7675303742142323, 'lag_16': 0.49122631893075425, 'lag_17': 0.138787782161921, 'lag_18': 0.5851327985819672, 'lag_19': 0.26275677107667594, 'lag_20': 0.6043114465700014, 'lag_21': 0.9073305228161299, 'lag_22': 0.6467784988008317, 'lag_23': 0.9018952724833573, 'lag_24': 0.9653412628484311, 'lag_25': 0.7962927034334605, 'lag_26': 0.3623855750942732, 'lag_27': 0.20636654901871254, 'lag_28': 0.20377654031373757}. Best is trial 41 with value: 0.004597142821365375.
[I 2025-09-29 13:25:29,282] Trial 78 finished with value: 0.005168774427228782 and parameters: {'lag_0': 0.12852325143813234, 'lag_1': 0.7423977667125757, 'lag_2': 0.0018815631594596878, 'lag_3': 0.43197791211550624, 'lag_4': 0.6528593741080083, 'lag_5': 0.40341076436472556, 'lag_6': 0.6096562684865482, 'lag_7': 0.2292150658400543, 'lag_8': 0.062047539987783284, 'lag_9': 0.2623012179080304, 'lag_10': 0.2073802868588998, 'lag_11': 0.7816932993848457, 'lag_12': 0.2399699901502102, 'lag_13': 0.6894277066428544, 'lag_14': 0.19049406340363553, 'lag_15': 0.7051503904963697, 'lag_16': 0.7390756587138386, 'lag_17': 0.3326341931767811, 'lag_18': 0.1402437320645096, 'lag_19': 0.07198293288575862, 'lag_20': 0.3776259931515409, 'lag_21': 0.38468631859289537, 'lag_22': 0.5543749658723747, 'lag_23': 0.7239917053002997, 'lag_24': 0.8925012504341481, 'lag_25': 0.6717397269354821, 'lag_26': 0.16280037082309445, 'lag_27': 0.31782679939010433, 'lag_28': 0.610854226844188}. Best is trial 41 with value: 0.004597142821365375.
[I 2025-09-29 13:25:31,765] Trial 79 finished with value: 0.005462683860540997 and parameters: {'lag_0': 0.22693463836618544, 'lag_1': 0.7862305707526002, 'lag_2': 0.4629719359525853, 'lag_3': 0.07440555374565533, 'lag_4': 0.8440487995324192, 'lag_5': 0.375770126971974, 'lag_6': 0.7076045969813318, 'lag_7': 0.029652899447244918, 'lag_8': 0.21979922155000375, 'lag_9': 0.23174333135165395, 'lag_10': 0.3916883133643091, 'lag_11': 0.7285889860666968, 'lag_12': 0.4504459426904293, 'lag_13': 0.9626334961090933, 'lag_14': 0.14380103537559868, 'lag_15': 0.9345582839980894, 'lag_16': 0.6447588544553573, 'lag_17': 0.11343807124531562, 'lag_18': 0.07789767950393983, 'lag_19': 0.10992339899004344, 'lag_20': 0.4072362910167462, 'lag_21': 0.49336101092952156, 'lag_22': 0.0027173012663050666, 'lag_23': 0.2152506868088085, 'lag_24': 0.44425093599204424, 'lag_25': 0.29826048055209636, 'lag_26': 0.1229395217667475, 'lag_27': 0.2405580111329137, 'lag_28': 0.11633097491473232}. Best is trial 41 with value: 0.004597142821365375.
[I 2025-09-29 13:25:34,244] Trial 80 finished with value: 0.005546903608323095 and parameters: {'lag_0': 0.6899510949940209, 'lag_1': 0.8297374433194414, 'lag_2': 0.5542289168632766, 'lag_3': 0.6068015055486882, 'lag_4': 0.5417824207861559, 'lag_5': 0.1086394840010813, 'lag_6': 0.8899777305948201, 'lag_7': 0.4289033957861612, 'lag_8': 0.16727161867858442, 'lag_9': 0.05471375453590968, 'lag_10': 0.15629727262881593, 'lag_11': 0.8316690316319731, 'lag_12': 0.12283847802651329, 'lag_13': 0.7873295134117366, 'lag_14': 0.0005683651250136569, 'lag_15': 0.39006260703412393, 'lag_16': 0.5693350667496644, 'lag_17': 0.4044747447548902, 'lag_18': 0.5210154040603123, 'lag_19': 0.17779177446950892, 'lag_20': 0.528596661256693, 'lag_21': 0.9522404532684747, 'lag_22': 0.1842335640634794, 'lag_23': 0.5309573602741013, 'lag_24': 0.601458396335676, 'lag_25': 0.35185390904880665, 'lag_26': 0.4717211439808659, 'lag_27': 0.3679467378031384, 'lag_28': 0.8877828348454424}. Best is trial 41 with value: 0.004597142821365375.
[I 2025-09-29 13:25:36,729] Trial 81 finished with value: 0.005316098977101641 and parameters: {'lag_0': 0.26133307791387983, 'lag_1': 0.48825941496858427, 'lag_2': 0.6749082088565455, 'lag_3': 0.8375068749758854, 'lag_4': 0.9309035349314332, 'lag_5': 0.31306901113708974, 'lag_6': 0.585290273501637, 'lag_7': 0.9002721024413111, 'lag_8': 0.5120259121043661, 'lag_9': 0.17250621149678733, 'lag_10': 0.16336051063715928, 'lag_11': 0.4948991522351802, 'lag_12': 0.6169284308776796, 'lag_13': 0.7567829935700597, 'lag_14': 0.2563572476369608, 'lag_15': 0.544980000409047, 'lag_16': 0.4261340208885119, 'lag_17': 0.0629774240646077, 'lag_18': 0.11691897342217157, 'lag_19': 0.21415307395877078, 'lag_20': 0.4794227361658335, 'lag_21': 0.598857152962227, 'lag_22': 0.4794704803470781, 'lag_23': 0.8257427096736893, 'lag_24': 0.9221042434177011, 'lag_25': 0.5327645758165329, 'lag_26': 0.29918154976186745, 'lag_27': 0.4845080418450192, 'lag_28': 0.699558011627258}. Best is trial 41 with value: 0.004597142821365375.
[I 2025-09-29 13:25:39,216] Trial 82 finished with value: 0.005061448943290035 and parameters: {'lag_0': 0.05251154288161309, 'lag_1': 0.9386947269699978, 'lag_2': 0.806346978830816, 'lag_3': 0.5424605471333204, 'lag_4': 0.9538349396348826, 'lag_5': 0.9993372002909696, 'lag_6': 0.4822324025699769, 'lag_7': 0.3319478714032738, 'lag_8': 0.2746108990120898, 'lag_9': 0.1895461558443062, 'lag_10': 0.24709994708657768, 'lag_11': 0.40284947760948464, 'lag_12': 0.3432801662401853, 'lag_13': 0.21450102856551573, 'lag_14': 0.4768687670441726, 'lag_15': 0.43365848475739677, 'lag_16': 0.5301551773316883, 'lag_17': 0.2595756839415475, 'lag_18': 0.23915098236923443, 'lag_19': 0.15868528026160156, 'lag_20': 0.2539133401563357, 'lag_21': 0.9247957975000132, 'lag_22': 0.5845090164778594, 'lag_23': 0.15493890899944576, 'lag_24': 0.8171762986810217, 'lag_25': 0.57908087006179, 'lag_26': 0.556181859086979, 'lag_27': 0.09986051705377047, 'lag_28': 0.8451147935017801}. Best is trial 41 with value: 0.004597142821365375.
[I 2025-09-29 13:25:41,705] Trial 83 finished with value: 0.005278086346087257 and parameters: {'lag_0': 0.05158799086921828, 'lag_1': 0.935115450072089, 'lag_2': 0.0961703373504702, 'lag_3': 0.5500465598982488, 'lag_4': 0.970734695289141, 'lag_5': 0.9332920136205941, 'lag_6': 0.5522093975025432, 'lag_7': 0.48897616909848957, 'lag_8': 0.2652336055100355, 'lag_9': 0.33956042361272454, 'lag_10': 0.28446017437735827, 'lag_11': 0.40749162014943996, 'lag_12': 0.3615885812496923, 'lag_13': 0.0020539769857053636, 'lag_14': 0.6041970060463775, 'lag_15': 0.4310355105160041, 'lag_16': 0.5470748125036157, 'lag_17': 0.23636608303102843, 'lag_18': 0.8784254223571109, 'lag_19': 0.16124705467111522, 'lag_20': 0.2517973810309926, 'lag_21': 0.9136222230912212, 'lag_22': 0.5825295367139919, 'lag_23': 0.12216837007970335, 'lag_24': 0.8256857182213226, 'lag_25': 0.5762677119555699, 'lag_26': 0.5523570575507273, 'lag_27': 0.08584514329755408, 'lag_28': 0.8223969591718586}. Best is trial 41 with value: 0.004597142821365375.
[I 2025-09-29 13:25:44,196] Trial 84 finished with value: 0.005425666329052434 and parameters: {'lag_0': 0.02967722008921425, 'lag_1': 0.9982665892124944, 'lag_2': 0.8531246021769842, 'lag_3': 0.4729216873696846, 'lag_4': 0.8811021086579656, 'lag_5': 0.5168426187997364, 'lag_6': 0.4476467814087397, 'lag_7': 0.3091182156767217, 'lag_8': 0.36585343496951006, 'lag_9': 0.19186044114727338, 'lag_10': 0.23684506552489515, 'lag_11': 0.7519737400199829, 'lag_12': 0.33403946753139047, 'lag_13': 0.812246203272469, 'lag_14': 0.4944005253806344, 'lag_15': 0.9978452982621167, 'lag_16': 0.6084953895723134, 'lag_17': 0.28820900573125924, 'lag_18': 0.3523614479093707, 'lag_19': 0.5125166571962613, 'lag_20': 0.6517511872205247, 'lag_21': 0.9363750790215186, 'lag_22': 0.5020721596547795, 'lag_23': 0.20438726515022254, 'lag_24': 0.8620947506204721, 'lag_25': 0.6345273264933379, 'lag_26': 0.6711582863957207, 'lag_27': 0.06454572928698823, 'lag_28': 0.9168748194384507}. Best is trial 41 with value: 0.004597142821365375.
[I 2025-09-29 13:25:46,680] Trial 85 finished with value: 0.005660565681197296 and parameters: {'lag_0': 0.08440108238164444, 'lag_1': 0.8803032702260689, 'lag_2': 0.8991962074395672, 'lag_3': 0.5513304978492933, 'lag_4': 0.6261765581213747, 'lag_5': 0.2569433904479672, 'lag_6': 0.6496289807661466, 'lag_7': 0.17733748944197253, 'lag_8': 0.3119571717628577, 'lag_9': 0.23853040935369985, 'lag_10': 0.33497156451017335, 'lag_11': 0.5537832020727169, 'lag_12': 0.30148554348912987, 'lag_13': 0.19766133800868269, 'lag_14': 0.4761370906409803, 'lag_15': 0.34690041993388737, 'lag_16': 0.19389552677081123, 'lag_17': 0.2023465624654474, 'lag_18': 0.23459935265156046, 'lag_19': 0.6025325417871913, 'lag_20': 0.2719117582833929, 'lag_21': 0.9708537396077601, 'lag_22': 0.4363568259677531, 'lag_23': 0.16217501758212088, 'lag_24': 0.6567652198891415, 'lag_25': 0.38597278292008436, 'lag_26': 0.19156330742405348, 'lag_27': 0.031727359008045464, 'lag_28': 0.8449515484834589}. Best is trial 41 with value: 0.004597142821365375.
[I 2025-09-29 13:25:49,166] Trial 86 finished with value: 0.005967907094498741 and parameters: {'lag_0': 0.11029697947887666, 'lag_1': 0.9374317181469274, 'lag_2': 0.6251209887040476, 'lag_3': 0.998381216207735, 'lag_4': 0.3095514972089922, 'lag_5': 0.34274792496772977, 'lag_6': 0.3534418661081455, 'lag_7': 0.2527194811501044, 'lag_8': 0.22285667148760066, 'lag_9': 0.41419728951508117, 'lag_10': 0.10860280507793424, 'lag_11': 0.6030753488693349, 'lag_12': 0.4153496520922963, 'lag_13': 0.5092067207752153, 'lag_14': 0.7259701909237368, 'lag_15': 0.40982790255863655, 'lag_16': 0.0901130475476591, 'lag_17': 0.1545255983373185, 'lag_18': 0.18051383401030396, 'lag_19': 0.0377859329501934, 'lag_20': 0.12009661084552758, 'lag_21': 0.5416721132668918, 'lag_22': 0.5556946844689352, 'lag_23': 0.982617105793119, 'lag_24': 0.7974386899118538, 'lag_25': 0.5130031129297292, 'lag_26': 0.6152126928219745, 'lag_27': 0.14185728600676503, 'lag_28': 0.7692813242475531}. Best is trial 41 with value: 0.004597142821365375.
[I 2025-09-29 13:25:51,652] Trial 87 finished with value: 0.004990173093095994 and parameters: {'lag_0': 0.06614139636947569, 'lag_1': 0.7399037689056197, 'lag_2': 0.3593390874273141, 'lag_3': 0.5735543685177181, 'lag_4': 0.5793077344501418, 'lag_5': 0.22862218265495746, 'lag_6': 0.7509542575456465, 'lag_7': 0.13296526417459034, 'lag_8': 0.3251632771810649, 'lag_9': 0.0028893282525015995, 'lag_10': 0.04017761116835239, 'lag_11': 0.4305216479554004, 'lag_12': 0.4884408605635906, 'lag_13': 0.9014391764511495, 'lag_14': 0.5290741935576954, 'lag_15': 0.44939037752002203, 'lag_16': 0.5296096032325079, 'lag_17': 0.33098585195507924, 'lag_18': 0.09415169622876787, 'lag_19': 0.12504851830557667, 'lag_20': 0.7525588663644636, 'lag_21': 0.8567744622019127, 'lag_22': 0.31653565521787275, 'lag_23': 0.07070222463419143, 'lag_24': 0.7105900599742152, 'lag_25': 0.88490249502922, 'lag_26': 0.6172199538533814, 'lag_27': 0.17184509883934562, 'lag_28': 0.8086049116060727}. Best is trial 41 with value: 0.004597142821365375.
