[I 2025-09-29 11:55:28,167] Trial 83 finished with value: 0.012557026413888703 and parameters: {'lag_0': 0.08059693668689197, 'lag_1': 0.6175383624316638, 'lag_2': 0.18899914876877535, 'lag_3': 0.8143195344656112, 'lag_4': 0.5135656263521736, 'lag_5': 0.301863842738209, 'lag_6': 0.9291849651733721, 'lag_7': 0.7752406594721166, 'lag_8': 0.29339272377293496, 'lag_9': 0.23724922297128245, 'lag_10': 0.6863452756517702, 'lag_11': 0.6928361450993822, 'lag_12': 0.8588187155526401, 'lag_13': 0.6142618522121116, 'lag_14': 0.4729556419896707, 'lag_15': 0.725564085601701, 'lag_16': 0.6112997664332533, 'lag_17': 0.3312401509706543, 'lag_18': 0.05811945072234716, 'lag_19': 0.10260476080312936, 'lag_20': 0.3821683883275686, 'lag_21': 0.19305876903577007, 'lag_22': 0.379877372481567, 'lag_23': 0.30775535156347444, 'lag_24': 0.3038646181171839, 'lag_25': 0.07133431549163316, 'lag_26': 0.7017769549975806, 'lag_27': 0.9637166579104508, 'lag_28': 0.7948640088996153}. Best is trial 25 with value: 0.012083311946002465.
[I 2025-09-29 11:55:30,708] Trial 84 finished with value: 0.012095460404805242 and parameters: {'lag_0': 0.15122337822721166, 'lag_1': 0.5041057519425449, 'lag_2': 0.2256333079778322, 'lag_3': 0.8444863376632893, 'lag_4': 0.4739542426180155, 'lag_5': 0.3369546295738284, 'lag_6': 0.8511516993118262, 'lag_7': 0.9176778016643246, 'lag_8': 0.9946387094796965, 'lag_9': 0.2564042585452356, 'lag_10': 0.655295176311879, 'lag_11': 0.7297535801983033, 'lag_12': 0.9704194683698761, 'lag_13': 0.5433463899079773, 'lag_14': 0.42475726950086606, 'lag_15': 0.8244330817212456, 'lag_16': 0.5649502134309787, 'lag_17': 0.817880708102294, 'lag_18': 0.024670231333020154, 'lag_19': 0.04753765012288476, 'lag_20': 0.24185251861606447, 'lag_21': 0.3042297816989714, 'lag_22': 0.3486561393831229, 'lag_23': 0.4704186395964866, 'lag_24': 0.14714884604232475, 'lag_25': 0.32008040300033536, 'lag_26': 0.7503007153731495, 'lag_27': 0.9992456135600967, 'lag_28': 0.6717659824462625}. Best is trial 25 with value: 0.012083311946002465.
[I 2025-09-29 11:55:33,247] Trial 85 finished with value: 0.012381384390454397 and parameters: {'lag_0': 0.11588806243328326, 'lag_1': 0.5031758823530127, 'lag_2': 0.2667424901714925, 'lag_3': 0.6569310652170309, 'lag_4': 0.45246096701175936, 'lag_5': 0.34825807818686466, 'lag_6': 0.8672504754353249, 'lag_7': 0.9804238571338655, 'lag_8': 0.8705643086379151, 'lag_9': 0.25709936128071464, 'lag_10': 0.6311976121704674, 'lag_11': 0.8384154633926999, 'lag_12': 0.9760930006282801, 'lag_13': 0.4986328403468306, 'lag_14': 0.41315591406659086, 'lag_15': 0.8830368910497514, 'lag_16': 0.6885922747360995, 'lag_17': 0.8593303475155772, 'lag_18': 0.0298922448551386, 'lag_19': 0.06015510653101054, 'lag_20': 0.22494303145008077, 'lag_21': 0.40560771776166815, 'lag_22': 0.3423995644865612, 'lag_23': 0.47428436610519353, 'lag_24': 0.1484147074417971, 'lag_25': 0.2771858990935266, 'lag_26': 0.7784350685703135, 'lag_27': 0.9957861905725828, 'lag_28': 0.7147727023648478}. Best is trial 25 with value: 0.012083311946002465.
[I 2025-09-29 11:55:35,781] Trial 86 finished with value: 0.012514762000957353 and parameters: {'lag_0': 0.15108152386591645, 'lag_1': 0.9892292414393619, 'lag_2': 0.3375442855494015, 'lag_3': 0.8418779645116338, 'lag_4': 0.6264546984134369, 'lag_5': 0.2725442845340558, 'lag_6': 0.8436640511831093, 'lag_7': 0.9181863713600285, 'lag_8': 0.9215960462408498, 'lag_9': 0.1959045747054979, 'lag_10': 0.6554760061483207, 'lag_11': 0.7425055540850608, 'lag_12': 0.9044958803028009, 'lag_13': 0.09387545962844747, 'lag_14': 0.3816806221668434, 'lag_15': 0.8540626001804492, 'lag_16': 0.5249985618999736, 'lag_17': 0.8175136263128789, 'lag_18': 0.06489253337864692, 'lag_19': 0.026330762458224934, 'lag_20': 0.2773706699843568, 'lag_21': 0.3037627374040094, 'lag_22': 0.43241961404312584, 'lag_23': 0.5390092085101845, 'lag_24': 0.08989452935793102, 'lag_25': 0.315190035807268, 'lag_26': 0.7449014653575786, 'lag_27': 0.9102894731519805, 'lag_28': 0.6844224043043863}. Best is trial 25 with value: 0.012083311946002465.
[I 2025-09-29 11:55:38,326] Trial 87 finished with value: 0.012201168435696637 and parameters: {'lag_0': 0.19135420348120744, 'lag_1': 0.9078059177613469, 'lag_2': 0.2164213336983824, 'lag_3': 0.46976874385105527, 'lag_4': 0.554335551202531, 'lag_5': 0.3204810328219261, 'lag_6': 0.9038283941229618, 'lag_7': 0.8747569549526804, 'lag_8': 0.2770714259871419, 'lag_9': 0.12086731869989896, 'lag_10': 0.7374362529781575, 'lag_11': 0.7900249840888613, 'lag_12': 0.9310935646636113, 'lag_13': 0.5344883347443897, 'lag_14': 0.4446534436639191, 'lag_15': 0.8215819433644083, 'lag_16': 0.5553908120690764, 'lag_17': 0.7584359366419584, 'lag_18': 0.01853288287794018, 'lag_19': 0.06487607124851202, 'lag_20': 0.08614598644636279, 'lag_21': 0.2813890782151972, 'lag_22': 0.36184352153449806, 'lag_23': 0.6110561908940284, 'lag_24': 0.23947413309657875, 'lag_25': 1.9000039581384964e-05, 'lag_26': 0.6680002342827654, 'lag_27': 0.9503346474005595, 'lag_28': 0.751243946021888}. Best is trial 25 with value: 0.012083311946002465.
[I 2025-09-29 11:55:40,861] Trial 88 finished with value: 0.012369180556131558 and parameters: {'lag_0': 0.1921897804278773, 'lag_1': 0.9580189789468246, 'lag_2': 0.218180443604318, 'lag_3': 0.46597467158035527, 'lag_4': 0.5884767274547076, 'lag_5': 0.32200828565520384, 'lag_6': 0.8082871577869044, 'lag_7': 0.8658684190001436, 'lag_8': 0.2701940777447237, 'lag_9': 0.11540111347440998, 'lag_10': 0.7140665461300629, 'lag_11': 0.7922656548502646, 'lag_12': 0.9987041198438147, 'lag_13': 0.6681983048140586, 'lag_14': 0.44086690936955086, 'lag_15': 0.8223640926404977, 'lag_16': 0.5687135171857872, 'lag_17': 0.7337376110133161, 'lag_18': 0.0915692740910944, 'lag_19': 0.07040317985028995, 'lag_20': 0.01008063242423185, 'lag_21': 0.277731885090655, 'lag_22': 0.35296945429562937, 'lag_23': 0.6109912187080202, 'lag_24': 0.2062244114692264, 'lag_25': 0.002032328215009433, 'lag_26': 0.6742901885654757, 'lag_27': 0.9575266744178683, 'lag_28': 0.7516652925871917}. Best is trial 25 with value: 0.012083311946002465.
[I 2025-09-29 11:55:43,408] Trial 89 finished with value: 0.012284356775275666 and parameters: {'lag_0': 0.051321427108091025, 'lag_1': 0.9081941463596269, 'lag_2': 0.23426960851282225, 'lag_3': 0.3716798863437035, 'lag_4': 0.6619505988392745, 'lag_5': 0.44766520729674897, 'lag_6': 0.9032957921062232, 'lag_7': 0.9621110003966016, 'lag_8': 0.9956515036861634, 'lag_9': 0.07999446855441533, 'lag_10': 0.5932524747491563, 'lag_11': 0.7821320017086806, 'lag_12': 0.9272141378228654, 'lag_13': 0.5421388778316732, 'lag_14': 0.5194387342975945, 'lag_15': 0.9506702796445884, 'lag_16': 0.5946545167422912, 'lag_17': 0.7506563137144742, 'lag_18': 0.019287867505724764, 'lag_19': 0.10217953700607058, 'lag_20': 0.09176005185245953, 'lag_21': 0.31877291104782696, 'lag_22': 0.49297207564897283, 'lag_23': 0.7273843482867802, 'lag_24': 0.2378631700370999, 'lag_25': 0.03657769851487389, 'lag_26': 0.7134206045448144, 'lag_27': 0.9401085240496994, 'lag_28': 0.7986999503367869}. Best is trial 25 with value: 0.012083311946002465.
[I 2025-09-29 11:55:45,953] Trial 90 finished with value: 0.012233864205881167 and parameters: {'lag_0': 0.09965330541181411, 'lag_1': 0.8478913236106472, 'lag_2': 0.3790113222321442, 'lag_3': 0.4146278896750698, 'lag_4': 0.5627606688378061, 'lag_5': 0.2324830982379636, 'lag_6': 0.8633548762771837, 'lag_7': 0.910123075001606, 'lag_8': 0.2331854993550986, 'lag_9': 0.2940944889508478, 'lag_10': 0.0830063063372049, 'lag_11': 0.8218473490596123, 'lag_12': 0.9585718197363587, 'lag_13': 0.6309795688738212, 'lag_14': 0.8097211498630852, 'lag_15': 0.8059028711135792, 'lag_16': 0.5602980084409769, 'lag_17': 0.8192656280476395, 'lag_18': 0.04882482313041279, 'lag_19': 0.025639707941045878, 'lag_20': 0.15075534745455324, 'lag_21': 0.3862370232356612, 'lag_22': 0.46019918081661243, 'lag_23': 0.5687495580513858, 'lag_24': 0.16656873573059505, 'lag_25': 0.12306069030479025, 'lag_26': 0.7558699171523271, 'lag_27': 0.9790881109031162, 'lag_28': 0.7147145854086607}. Best is trial 25 with value: 0.012083311946002465.
[I 2025-09-29 11:55:48,498] Trial 91 finished with value: 0.012842339058336339 and parameters: {'lag_0': 0.09799657747882393, 'lag_1': 0.8475222545429468, 'lag_2': 0.37771600351182233, 'lag_3': 0.5363137386110043, 'lag_4': 0.5542058687023949, 'lag_5': 0.20360472087200737, 'lag_6': 0.8682522554283301, 'lag_7': 0.9185668207735902, 'lag_8': 0.18303915827372882, 'lag_9': 0.035227166705358484, 'lag_10': 0.06402139235037492, 'lag_11': 0.861613804791343, 'lag_12': 0.9590447358351187, 'lag_13': 0.5929898498580739, 'lag_14': 0.8199997942002017, 'lag_15': 0.8215653168834418, 'lag_16': 0.6666542365132605, 'lag_17': 0.8224515508851917, 'lag_18': 0.0429194908102038, 'lag_19': 0.03273731004151653, 'lag_20': 0.08249794232793946, 'lag_21': 0.36194051705359837, 'lag_22': 0.4652584187896527, 'lag_23': 0.5839836455221236, 'lag_24': 0.17717268702343125, 'lag_25': 0.10623873438204237, 'lag_26': 0.7549085961569035, 'lag_27': 0.9818027888386712, 'lag_28': 0.7125641951195484}. Best is trial 25 with value: 0.012083311946002465.
[I 2025-09-29 11:55:51,046] Trial 92 finished with value: 0.012305900069505393 and parameters: {'lag_0': 0.14367224648456992, 'lag_1': 0.8864635298514889, 'lag_2': 0.19065777802118405, 'lag_3': 0.2769142014854482, 'lag_4': 0.5997581671771927, 'lag_5': 0.3841257339319383, 'lag_6': 0.9360016294525395, 'lag_7': 0.9036487566737129, 'lag_8': 0.2365960407790153, 'lag_9': 0.3032824675888531, 'lag_10': 0.5575357396589845, 'lag_11': 0.8377239526817178, 'lag_12': 0.8896767440187889, 'lag_13': 0.6182841255153394, 'lag_14': 0.9125924090057147, 'lag_15': 0.8077725952194927, 'lag_16': 0.5512322257778569, 'lag_17': 0.7848166377538109, 'lag_18': 0.11046654130210636, 'lag_19': 0.15575964168093026, 'lag_20': 0.16114632979946306, 'lag_21': 0.2366136990382096, 'lag_22': 0.41176026541937005, 'lag_23': 0.6222939823730236, 'lag_24': 0.047137681675522916, 'lag_25': 0.22919689805136667, 'lag_26': 0.7827864545296401, 'lag_27': 0.9261700407574512, 'lag_28': 0.6641353035804283}. Best is trial 25 with value: 0.012083311946002465.
[I 2025-09-29 11:55:53,581] Trial 93 finished with value: 0.01219764777669248 and parameters: {'lag_0': 0.2221889333913785, 'lag_1': 0.9933427743522807, 'lag_2': 0.2691248533788011, 'lag_3': 0.462143559068886, 'lag_4': 0.542190176062072, 'lag_5': 0.31454692381460203, 'lag_6': 0.8249539060740767, 'lag_7': 0.8841330856135778, 'lag_8': 0.13656605956830808, 'lag_9': 0.26857218516899356, 'lag_10': 0.3253784130110963, 'lag_11': 0.8120423187872124, 'lag_12': 0.9384370624035168, 'lag_13': 0.7134324598643181, 'lag_14': 0.7706860486546325, 'lag_15': 0.8496789016859647, 'lag_16': 0.6186173187103464, 'lag_17': 0.7833293807198395, 'lag_18': 0.0009438802498308459, 'lag_19': 0.075533867375109, 'lag_20': 0.12643668543820494, 'lag_21': 0.3758628881209504, 'lag_22': 0.4450534883343811, 'lag_23': 0.6819434505970647, 'lag_24': 0.14794352427004287, 'lag_25': 0.38068583759514, 'lag_26': 0.8452680707578605, 'lag_27': 0.8881656375063064, 'lag_28': 0.7555183081709907}. Best is trial 25 with value: 0.012083311946002465.
[I 2025-09-29 11:55:56,127] Trial 94 finished with value: 0.01228772732492632 and parameters: {'lag_0': 0.2773862424122182, 'lag_1': 0.9874991807799828, 'lag_2': 0.2587339097592438, 'lag_3': 0.48249924908716063, 'lag_4': 0.5047681275196626, 'lag_5': 0.32408380644835416, 'lag_6': 0.834472417055319, 'lag_7': 0.8645325483898643, 'lag_8': 0.01999040161654074, 'lag_9': 0.17371079785059168, 'lag_10': 0.3255599761200974, 'lag_11': 0.7469772111823785, 'lag_12': 0.9167971799294589, 'lag_13': 0.770597826961083, 'lag_14': 0.4566210862625615, 'lag_15': 0.9925907317041033, 'lag_16': 0.7333932898334978, 'lag_17': 0.7740359083720513, 'lag_18': 0.001783813589218009, 'lag_19': 0.11111601680393607, 'lag_20': 0.12741198287985167, 'lag_21': 0.4778164452816605, 'lag_22': 0.3837999234143494, 'lag_23': 0.430835731495112, 'lag_24': 0.14973960730817593, 'lag_25': 0.3830122776785564, 'lag_26': 0.8190482189816746, 'lag_27': 0.89128827073506, 'lag_28': 0.7572597486978325}. Best is trial 25 with value: 0.012083311946002465.
[I 2025-09-29 11:55:58,677] Trial 95 finished with value: 0.012271765239080717 and parameters: {'lag_0': 0.2191508024077728, 'lag_1': 0.9331690921980431, 'lag_2': 0.22230202448267478, 'lag_3': 0.45476250781293664, 'lag_4': 0.4740447854800306, 'lag_5': 0.4061159577230342, 'lag_6': 0.7903273758597815, 'lag_7': 0.32982974039954016, 'lag_8': 0.1287208743577279, 'lag_9': 0.20970738234165878, 'lag_10': 0.2812380750114295, 'lag_11': 0.6681778880074066, 'lag_12': 0.8280318135476779, 'lag_13': 0.72991995249774, 'lag_14': 0.5511342909218242, 'lag_15': 0.8946135245241733, 'lag_16': 0.5219651529879764, 'lag_17': 0.7223071662435395, 'lag_18': 0.023486988502743316, 'lag_19': 0.08214134118160349, 'lag_20': 0.20805414993156268, 'lag_21': 0.4365750459111428, 'lag_22': 0.32302656750841924, 'lag_23': 0.7239868564974459, 'lag_24': 0.11091076160955107, 'lag_25': 0.306818530306136, 'lag_26': 0.9101141849538561, 'lag_27': 0.9514616195881574, 'lag_28': 0.8449895941058239}. Best is trial 25 with value: 0.012083311946002465.
[I 2025-09-29 11:56:01,223] Trial 96 finished with value: 0.012482588487731403 and parameters: {'lag_0': 0.18053383125271166, 'lag_1': 0.9939031059742458, 'lag_2': 0.17066635125361668, 'lag_3': 0.4152110083958679, 'lag_4': 0.533081848725759, 'lag_5': 0.27942869893904004, 'lag_6': 0.7153049913246319, 'lag_7': 0.8748038525411551, 'lag_8': 0.06967577441554705, 'lag_9': 0.26949259534217074, 'lag_10': 0.38125967099744523, 'lag_11': 0.5949868711727442, 'lag_12': 0.9427962694293148, 'lag_13': 0.5848413231359118, 'lag_14': 0.4207913766949715, 'lag_15': 0.8724881660993016, 'lag_16': 0.6218582664132362, 'lag_17': 0.7493800100283221, 'lag_18': 0.07520134482510837, 'lag_19': 0.17396750694969293, 'lag_20': 0.29260000714141565, 'lag_21': 0.2755013672809354, 'lag_22': 0.43731805231784093, 'lag_23': 0.6892926214972656, 'lag_24': 0.25256293584649975, 'lag_25': 0.168852827242084, 'lag_26': 0.8470162091805221, 'lag_27': 0.9996550905941188, 'lag_28': 0.774999260767677}. Best is trial 25 with value: 0.012083311946002465.
[I 2025-09-29 11:56:03,763] Trial 97 finished with value: 0.012339947968681445 and parameters: {'lag_0': 0.26592355821372915, 'lag_1': 0.9525730882859215, 'lag_2': 0.2862350253971084, 'lag_3': 0.3834482145910423, 'lag_4': 0.7468619881193574, 'lag_5': 0.30681189144274607, 'lag_6': 0.7593359803129348, 'lag_7': 0.8524829850121388, 'lag_8': 0.319897663323937, 'lag_9': 0.1434775991787579, 'lag_10': 0.42736728276197256, 'lag_11': 0.8873014672662564, 'lag_12': 0.8655778055591635, 'lag_13': 0.23456316814318784, 'lag_14': 0.5928691298184717, 'lag_15': 0.8406900779309501, 'lag_16': 0.8382017631058929, 'lag_17': 0.6826502673193351, 'lag_18': 0.12090843765466851, 'lag_19': 0.21210123628532124, 'lag_20': 0.08191750767032566, 'lag_21': 0.3837191644735819, 'lag_22': 0.5270758348765382, 'lag_23': 0.7762933932399824, 'lag_24': 0.21013787615623924, 'lag_25': 0.47522697789239027, 'lag_26': 0.8684430574516565, 'lag_27': 0.21575256242493623, 'lag_28': 0.6845288716910609}. Best is trial 25 with value: 0.012083311946002465.
[I 2025-09-29 11:56:06,305] Trial 98 finished with value: 0.012446669431600523 and parameters: {'lag_0': 0.06462919059506667, 'lag_1': 0.9988638874118047, 'lag_2': 0.32250510178138614, 'lag_3': 0.48543579338596404, 'lag_4': 0.37070323796770954, 'lag_5': 0.3541335463590922, 'lag_6': 0.6059361937132439, 'lag_7': 0.004455112589150212, 'lag_8': 0.3399334754880613, 'lag_9': 0.2389220340905076, 'lag_10': 0.15735465707415403, 'lag_11': 0.7254908310361459, 'lag_12': 0.9751093047994566, 'lag_13': 0.710817061110185, 'lag_14': 0.3998086107497796, 'lag_15': 0.7593237979988927, 'lag_16': 0.6000856503314134, 'lag_17': 0.8034171913071925, 'lag_18': 0.05493757313230886, 'lag_19': 0.1334909658562527, 'lag_20': 0.362888558350294, 'lag_21': 0.34480420784667254, 'lag_22': 0.375109519744292, 'lag_23': 0.5215776122033692, 'lag_24': 0.2713439384107772, 'lag_25': 0.2678582392444283, 'lag_26': 0.6594258406971262, 'lag_27': 0.932415773260473, 'lag_28': 0.8274825582360859}. Best is trial 25 with value: 0.012083311946002465.
[I 2025-09-29 11:56:08,855] Trial 99 finished with value: 0.012481729823737872 and parameters: {'lag_0': 0.2435620152297707, 'lag_1': 0.9203006502652331, 'lag_2': 0.07761087470544967, 'lag_3': 0.30910738380732666, 'lag_4': 0.3397894203131158, 'lag_5': 0.13465159243958985, 'lag_6': 0.8840505340688724, 'lag_7': 0.17854113292669693, 'lag_8': 0.08089786560761908, 'lag_9': 0.3700990615335187, 'lag_10': 0.19708100124293101, 'lag_11': 0.9152917442832436, 'lag_12': 0.13001311565493873, 'lag_13': 0.6710180961146818, 'lag_14': 0.6851316896060424, 'lag_15': 0.4596863453257489, 'lag_16': 0.6732886711811295, 'lag_17': 0.6540429031356052, 'lag_18': 0.018998076154570775, 'lag_19': 0.04515107992325504, 'lag_20': 0.17971972859821525, 'lag_21': 0.1908341665629042, 'lag_22': 0.29462282054690736, 'lag_23': 0.3937632328137846, 'lag_24': 0.1164536595612479, 'lag_25': 0.4173852840133122, 'lag_26': 0.8098667444923346, 'lag_27': 0.9048487729977002, 'lag_28': 0.5707932495746612}. Best is trial 25 with value: 0.012083311946002465.
[I 2025-09-29 11:56:08,868] A new study created in memory with name: no-name-9b15edda-0b63-4783-be3d-11844c7d07fb
[I 2025-09-29 11:56:11,364] Trial 0 finished with value: 0.00504971350504334 and parameters: {'lag_0': 0.8743609624227796, 'lag_1': 0.8735811005665935, 'lag_2': 0.18273817906288822, 'lag_3': 0.2293954517181559, 'lag_4': 0.32853606268528107, 'lag_5': 0.09929611789850327, 'lag_6': 0.10758723116109054, 'lag_7': 0.2928240771900213, 'lag_8': 0.4983445683270356, 'lag_9': 0.9015229219432773, 'lag_10': 0.9232536423669166, 'lag_11': 0.5537286057113932, 'lag_12': 0.4165019167220012, 'lag_13': 0.21633757532705844, 'lag_14': 0.7297425218211535, 'lag_15': 0.2442469299334936, 'lag_16': 0.9971076952027265, 'lag_17': 0.6070344090276573, 'lag_18': 0.6322901756296325, 'lag_19': 0.28250780538299436, 'lag_20': 0.24864680281672805, 'lag_21': 0.156388914825516, 'lag_22': 0.4595481090166526, 'lag_23': 0.4492692150123225, 'lag_24': 0.6057130196120899, 'lag_25': 0.7141421130978071, 'lag_26': 0.9391284588321145, 'lag_27': 0.5585067463370416, 'lag_28': 0.8100080471706381}. Best is trial 0 with value: 0.00504971350504334.
[I 2025-09-29 11:56:13,862] Trial 1 finished with value: 0.0050033008495003325 and parameters: {'lag_0': 0.6366653582151969, 'lag_1': 0.0840349675732259, 'lag_2': 0.038091363493810926, 'lag_3': 0.47101462875285716, 'lag_4': 0.5333603400178426, 'lag_5': 0.5293536608284315, 'lag_6': 0.5929851572134804, 'lag_7': 0.6826321479109174, 'lag_8': 0.9333979772229684, 'lag_9': 0.3453948880764818, 'lag_10': 0.3701517804204282, 'lag_11': 0.3463544046196557, 'lag_12': 0.5024841833062961, 'lag_13': 0.018914723200794223, 'lag_14': 0.6724577937632907, 'lag_15': 0.36159760549272224, 'lag_16': 0.7853614206884788, 'lag_17': 0.9147336108416877, 'lag_18': 0.5604825451825307, 'lag_19': 0.2425784824665133, 'lag_20': 0.36643411386302427, 'lag_21': 0.41691815480213257, 'lag_22': 0.9612619128592866, 'lag_23': 0.22018150232985834, 'lag_24': 0.5477775565062225, 'lag_25': 0.41300979428431456, 'lag_26': 0.045525060215442496, 'lag_27': 0.16749657552219854, 'lag_28': 0.8124510576379544}. Best is trial 1 with value: 0.0050033008495003325.
[I 2025-09-29 11:56:16,353] Trial 2 finished with value: 0.005005040770029665 and parameters: {'lag_0': 0.18442064351135834, 'lag_1': 0.7079662424053577, 'lag_2': 0.7543106584426172, 'lag_3': 0.0885417090053614, 'lag_4': 0.9954268245177431, 'lag_5': 0.07264708376435101, 'lag_6': 0.44397623784479656, 'lag_7': 0.07563879768272247, 'lag_8': 0.3238757726256079, 'lag_9': 0.45459072314023746, 'lag_10': 0.4578497053284013, 'lag_11': 0.8459016434210198, 'lag_12': 0.3006413812872115, 'lag_13': 0.08994874575354173, 'lag_14': 0.37077636105500367, 'lag_15': 0.09569690597313926, 'lag_16': 0.28972212614960463, 'lag_17': 0.571868453536412, 'lag_18': 0.7073856661168949, 'lag_19': 0.7724629335588232, 'lag_20': 0.09280357913138085, 'lag_21': 0.6182224495193186, 'lag_22': 0.3560113930601552, 'lag_23': 0.7386630159137586, 'lag_24': 0.460682548247068, 'lag_25': 0.7079492815803239, 'lag_26': 0.6871119435787233, 'lag_27': 0.941809341116578, 'lag_28': 0.6718727736050868}. Best is trial 1 with value: 0.0050033008495003325.
[I 2025-09-29 11:56:18,844] Trial 3 finished with value: 0.004985268705087956 and parameters: {'lag_0': 0.5440660270870769, 'lag_1': 0.3013488191900368, 'lag_2': 0.19142718915451165, 'lag_3': 0.2260350656930816, 'lag_4': 0.2652403329016006, 'lag_5': 0.006949000403348127, 'lag_6': 0.22212963221332865, 'lag_7': 0.2830420903499088, 'lag_8': 0.45394894882517434, 'lag_9': 0.613541838545235, 'lag_10': 0.5901270307443157, 'lag_11': 0.31339918600850725, 'lag_12': 0.5292686047513202, 'lag_13': 0.07065289171589395, 'lag_14': 0.8132000714497295, 'lag_15': 0.7858694965422698, 'lag_16': 0.7905473556689063, 'lag_17': 0.5634642616426966, 'lag_18': 0.5033562327918064, 'lag_19': 0.9432915173814865, 'lag_20': 0.6561335326898409, 'lag_21': 0.2775982353815328, 'lag_22': 0.9798050092048605, 'lag_23': 0.8162606378124647, 'lag_24': 0.8637210097842215, 'lag_25': 0.24241991879990382, 'lag_26': 0.6930347316737058, 'lag_27': 0.07535453345544803, 'lag_28': 0.7236961386896639}. Best is trial 3 with value: 0.004985268705087956.
