[I 2025-10-03 11:38:33,575] Trial 68 finished with values: [0.005295138888888888, 0.0015615037863111153, 0.0030177676280828025, 0.0035920535958488898, 0.0006639811639733899, 0.005206189567000903, 0.0013548101434627674, 0.0019263477676690842, 0.0009275873646386861, 0.00017410631435386677, 0.000611225012387128, 0.0008724379080808751, 0.003925698505047625, 0.006699582434549911, 0.0, 0.009999373864491574, 0.005192611624757069, 0.0014875552593532596, 0.0005765751719390628, 0.001213162068367133, 1.8125826466031964e-05, 0.0006371548023029223, 0.0008964114916023109, 0.0011288536676107104, 0.0024416792811659165, 0.00047107161511231725, 0.0067874127939557575, 0.0017961374102437773, 0.0002010858835962864] and parameters: {'lag_0': 0.7536308983834046, 'lag_1': 0.6749368268250402, 'lag_2': 0.863072264331654, 'lag_3': 0.11422652274934803, 'lag_4': 0.04392408071541723, 'lag_5': 0.8788635441754328, 'lag_6': 0.5548356486094673, 'lag_7': 0.22856522237848081, 'lag_8': 0.4528844856512267, 'lag_9': 0.329442529892595, 'lag_10': 0.8447386683779803, 'lag_11': 0.4265358770426977, 'lag_12': 0.32665762575014723, 'lag_13': 0.350656196669327, 'lag_14': 0.900847705756982, 'lag_15': 0.060456278830837346, 'lag_16': 0.4361272556039068, 'lag_17': 0.9908293678373853, 'lag_18': 0.47264056467059606, 'lag_19': 0.8358356153451741, 'lag_20': 0.5879041880739904, 'lag_21': 0.22221714581908317, 'lag_22': 0.19065708131271142, 'lag_23': 0.9665675887051587, 'lag_24': 0.8345297847497297, 'lag_25': 0.6768842536761107, 'lag_26': 0.5921572076388306, 'lag_27': 0.41095305944403077, 'lag_28': 0.6564260570483854}.
[I 2025-10-03 11:38:36,215] Trial 69 finished with values: [0.00390625, 0.0010385490898697964, 0.003789501440502405, 0.002581899802191857, 0.00040729629858948026, 0.00557761504598667, 0.0016414859861188316, 0.0013658563228125104, 0.0021991314783391374, 0.00035937706275531356, 0.0007503292680829546, 0.0002537756274121422, 0.0033349297887396725, 0.007078511166705164, 0.0, 0.007842773921051616, 0.0071267375872502425, 0.00214523697575705, 0.0009821047100349101, 0.0007065838409150436, 0.00019365576163809001, 0.0005128997067870057, 0.001628324769945929, 0.0009089497825509135, 0.0014929837526819901, 0.0002879384218963432, 0.007176300443017704, 0.002208583364591021, 0.003009725272151273] and parameters: {'lag_0': 0.6481458873678064, 'lag_1': 0.9776546194020705, 'lag_2': 0.014043995477137066, 'lag_3': 0.08746288120392784, 'lag_4': 0.7255978788483659, 'lag_5': 0.6327908749216359, 'lag_6': 0.09090986238881697, 'lag_7': 0.9495758090145249, 'lag_8': 0.4555754630794126, 'lag_9': 0.7528003023511123, 'lag_10': 0.8681857458348116, 'lag_11': 0.8460689618361512, 'lag_12': 0.5362294947689885, 'lag_13': 0.8617907693375383, 'lag_14': 0.8774094953227215, 'lag_15': 0.49577930521387664, 'lag_16': 0.300615435125648, 'lag_17': 0.6809356684073847, 'lag_18': 0.08950304873711877, 'lag_19': 0.19357839108187463, 'lag_20': 0.26036144883926876, 'lag_21': 0.7299612416655906, 'lag_22': 0.9049350865979499, 'lag_23': 0.5332292282044188, 'lag_24': 0.2358714015195951, 'lag_25': 0.5095677275541055, 'lag_26': 0.8282792611599071, 'lag_27': 0.6717254838673111, 'lag_28': 0.0159036548760542}.
[I 2025-10-03 11:38:38,859] Trial 70 finished with values: [0.005295138888888888, 0.0006430802103879027, 0.004063919145702935, 0.0026624689917088456, 0.0009475860151928944, 0.003128722819669332, 0.001644251912932933, 0.0023138689077133443, 0.0010875427290730994, 0.00017298083588123848, 0.0007608879201339038, 0.00023635846513871394, 0.0038577252090350985, 0.005723801255951918, 0.0, 0.008127870378126362, 0.008027489469752278, 0.0013056271951756861, 0.000596224454604566, 0.000997361553977754, 0.00010677421905940113, 0.0004939513233134882, 0.0018958905759587357, 0.001103714152639273, 0.0016917743097856768, 0.00024213638015010882, 0.00604447698303482, 0.0022235549000619173, 0.0009126984126984128] and parameters: {'lag_0': 0.11152827386170418, 'lag_1': 0.6874658691586228, 'lag_2': 0.9056620764422606, 'lag_3': 0.020160761528670763, 'lag_4': 0.12851624555509158, 'lag_5': 0.31255985541296, 'lag_6': 0.5025301885968175, 'lag_7': 0.6705848648639694, 'lag_8': 0.2992006813936837, 'lag_9': 0.48421940829203586, 'lag_10': 0.31534961659877686, 'lag_11': 0.5195743069919231, 'lag_12': 0.17001463944075124, 'lag_13': 0.9145822394583031, 'lag_14': 0.43158331674634426, 'lag_15': 0.7514707959848254, 'lag_16': 0.6241046558236002, 'lag_17': 0.9461540795347305, 'lag_18': 0.9834353065879295, 'lag_19': 0.7382812397485596, 'lag_20': 0.20358345002358633, 'lag_21': 0.6437752432835917, 'lag_22': 0.23051283645806284, 'lag_23': 0.7809072824338301, 'lag_24': 0.005292285596628354, 'lag_25': 0.9470636222514466, 'lag_26': 0.6042037881732332, 'lag_27': 0.6052331951183212, 'lag_28': 0.5192485664587978}.
[I 2025-10-03 11:38:41,500] Trial 71 finished with values: [0.004416454081632653, 0.004340578909181602, 0.0013147368809831173, 0.004149583403609378, 0.00109950874400951, 0.007831744606813695, 0.0016287477974856128, 0.0013915984694850545, 0.0015141859310742682, 0.0003264402454654793, 0.00029900709423463925, 0.00034251222908402416, 0.0036627803202552737, 0.005660761982987246, 0.0, 0.00598954456748476, 0.00927345649796599, 0.0015810021211560103, 0.0007305337614189832, 0.0010909001280363356, 6.820983439307287e-05, 0.0006241450144292265, 0.0013754527687073336, 0.0011659329823493396, 0.001644688489084631, 0.0003960874370289691, 0.008191706007127358, 0.0019052599893313181, 0.0004712317228308248] and parameters: {'lag_0': 0.03899624117769254, 'lag_1': 0.641306766523167, 'lag_2': 0.550782748725168, 'lag_3': 0.9866169548961023, 'lag_4': 0.7549323943667949, 'lag_5': 0.03700329821114685, 'lag_6': 0.3881381874828939, 'lag_7': 0.13829766882299652, 'lag_8': 0.851762693285845, 'lag_9': 0.198662664225166, 'lag_10': 0.11383094976007366, 'lag_11': 0.8875962636607866, 'lag_12': 0.32665762575014723, 'lag_13': 0.01802299730678, 'lag_14': 0.9835362206930073, 'lag_15': 0.31568103264463554, 'lag_16': 0.9178969818552757, 'lag_17': 0.9908293678373853, 'lag_18': 0.47264056467059606, 'lag_19': 0.16495528059718198, 'lag_20': 0.9502372457819209, 'lag_21': 0.8818932017414445, 'lag_22': 0.05630067945305526, 'lag_23': 0.2729841618740801, 'lag_24': 0.8102723554816349, 'lag_25': 0.13308607773353587, 'lag_26': 0.5921572076388306, 'lag_27': 0.41095305944403077, 'lag_28': 0.44369025901311077}.
[I 2025-10-03 11:38:44,142] Trial 72 finished with values: [0.00659760802469136, 0.00023781212841854932, 0.003598019343791938, 0.002795644887128993, 0.001640345583698541, 0.0052437020864789475, 0.001010191285609434, 0.0023872032731857263, 0.000533431100925322, 0.0003827974696326425, 0.0006573131953089309, 0.0004898657528109747, 0.00480192317370572, 0.005210272707172158, 0.0, 0.013157365004776673, 0.004739987422978968, 0.0005760274826507622, 0.0008531726600712445, 0.000929816837120679, 0.0002156230787426717, 0.0007187057071577613, 0.0006936671891078678, 0.001601209510268379, 0.0017340665652520765, 0.00016615026078554482, 0.008611563413735144, 0.001940421841004147, 0.00047384634119956815] and parameters: {'lag_0': 0.041643494708772974, 'lag_1': 0.28443369133748553, 'lag_2': 0.5088164068654563, 'lag_3': 0.44563768365597195, 'lag_4': 0.615627792054557, 'lag_5': 0.7654752055416206, 'lag_6': 0.9824922567755451, 'lag_7': 0.6282110743418221, 'lag_8': 0.619088135995216, 'lag_9': 0.8591514570479148, 'lag_10': 0.11990797601440648, 'lag_11': 0.7379932297537747, 'lag_12': 0.646075530972278, 'lag_13': 0.5538288696535179, 'lag_14': 0.5974290222219467, 'lag_15': 0.5898008716108811, 'lag_16': 0.6003265402389233, 'lag_17': 0.8274376023986179, 'lag_18': 0.12932120301517921, 'lag_19': 0.7008009254749212, 'lag_20': 0.6443742946490281, 'lag_21': 0.739489686033347, 'lag_22': 0.7599657312634557, 'lag_23': 0.2723348045998926, 'lag_24': 0.6722737131146643, 'lag_25': 0.5175383135696815, 'lag_26': 0.22579094490962054, 'lag_27': 0.8865944355182264, 'lag_28': 0.6064931607273375}.
[I 2025-10-03 11:38:46,782] Trial 73 finished with values: [0.004416454081632653, 0.0010917159763313613, 0.005302988788107836, 0.0031527093853101194, 0.0005507897725322454, 0.0045946845163261675, 0.001374266353446836, 0.001259675376925658, 0.001152553393390635, 0.0002528332832658555, 0.0005355933051553934, 0.0002071786921411704, 0.003670920881895013, 0.004559308202374156, 0.0, 0.010242360761260406, 0.006630018528747228, 0.0013664557806474405, 0.0004031656731786383, 0.0012347288208131376, 0.0002278520930990422, 0.000775990535750219, 0.0014116350775402425, 0.0016663536993966027, 0.0014880279061964708, 0.000200541331935805, 0.003927328514173696, 0.0016931218117627992, 0.0006204193328437942] and parameters: {'lag_0': 0.7727401755858603, 'lag_1': 0.641306766523167, 'lag_2': 0.8584703537105897, 'lag_3': 0.7366085509085518, 'lag_4': 0.22413016471282038, 'lag_5': 0.03700329821114685, 'lag_6': 0.7658396052928446, 'lag_7': 0.13829766882299652, 'lag_8': 0.851762693285845, 'lag_9': 0.4501923439548721, 'lag_10': 0.11383094976007366, 'lag_11': 0.8875962636607866, 'lag_12': 0.28414367904643867, 'lag_13': 0.01802299730678, 'lag_14': 0.9835362206930073, 'lag_15': 0.31568103264463554, 'lag_16': 0.9178969818552757, 'lag_17': 0.16733928148497493, 'lag_18': 0.45712696907792827, 'lag_19': 0.16495528059718198, 'lag_20': 0.3220952240948425, 'lag_21': 0.8818932017414445, 'lag_22': 0.14052974160821077, 'lag_23': 0.2729841618740801, 'lag_24': 0.8019779576499013, 'lag_25': 0.5404212984145607, 'lag_26': 0.3017698243986122, 'lag_27': 0.2173367952349681, 'lag_28': 0.47559865866706397}.
[I 2025-10-03 11:38:49,419] Trial 74 finished with values: [0.0034062500000000004, 0.004074578316375213, 0.005278085197628968, 0.004310108217164387, 0.0003300141737798096, 0.005140029148896922, 0.0017729044725646563, 0.00187171420828247, 0.0002769321239740705, 0.0006256577035536654, 0.0005370168182154669, 0.00025789005576329696, 0.004800309237985997, 0.00513486535590244, 0.0, 0.01051803363402196, 0.007631388275553824, 0.0010281278577220338, 0.0005782560307422931, 0.0017379580195208202, 0.00013928889679439054, 0.0008528086689111533, 0.0007191365468617057, 0.0014970665084048055, 0.0019100003179355729, 0.00028746694133600215, 0.004986069952888579, 0.0020882042782888748, 0.000504631028882141] and parameters: {'lag_0': 0.8406763693838731, 'lag_1': 0.9412553909150116, 'lag_2': 0.8208756279636007, 'lag_3': 0.6865060332385159, 'lag_4': 0.6465356018709917, 'lag_5': 0.7685553285913396, 'lag_6': 0.1742047101323379, 'lag_7': 0.8790869648181165, 'lag_8': 0.41354600588523366, 'lag_9': 0.12663105293894836, 'lag_10': 0.9924076578280374, 'lag_11': 0.4145715142912433, 'lag_12': 0.3166305796562762, 'lag_13': 0.7465930617727187, 'lag_14': 0.8043138326657997, 'lag_15': 0.7178758146002517, 'lag_16': 0.8919044578421819, 'lag_17': 0.11640808555919589, 'lag_18': 0.014082225114529117, 'lag_19': 0.3427473002221965, 'lag_20': 0.29089210491387096, 'lag_21': 0.9524055447878038, 'lag_22': 0.9199276083310782, 'lag_23': 0.3822639503918059, 'lag_24': 0.5030903435857117, 'lag_25': 0.23233967308386394, 'lag_26': 0.40041930746018517, 'lag_27': 0.9074091651254319, 'lag_28': 0.2678381171204497}.
[I 2025-10-03 11:38:52,065] Trial 75 finished with values: [0.00390625, 0.005244740628761793, 0.004716248469254722, 0.004501128587024136, 0.0001004390674129098, 0.005766242157125348, 0.0014735188884111591, 0.0007425520504121873, 0.0010259322953256264, 0.0002327209306778944, 0.0008605594702227033, 0.0003246889109711714, 0.004878360379023313, 0.005439689943303015, 0.0, 0.01116105064262588, 0.004886110115313492, 0.0008347169774092146, 0.0007404791188571353, 0.0012368785040684927, 0.00013740631363111264, 0.0004798312079880373, 0.0013150715129422019, 0.0011596124918383033, 0.0015265946365078543, 0.00013002669806299818, 0.005463869470598447, 0.0020289997143819456, 0.0017621685835755708] and parameters: {'lag_0': 0.2577285780165896, 'lag_1': 0.6913063383260419, 'lag_2': 0.10772708832282918, 'lag_3': 0.15942971333535802, 'lag_4': 0.825488322521996, 'lag_5': 0.09634673413133757, 'lag_6': 0.27696651125097516, 'lag_7': 0.670398538567329, 'lag_8': 0.6181260593055765, 'lag_9': 0.05338047448469564, 'lag_10': 0.23608306420563924, 'lag_11': 0.9819120910327592, 'lag_12': 0.5356908546689543, 'lag_13': 0.8990438870958268, 'lag_14': 0.07227432018919266, 'lag_15': 0.273695696092151, 'lag_16': 0.24281747976112855, 'lag_17': 0.8509828272244646, 'lag_18': 0.8859569168085785, 'lag_19': 0.8845058472322169, 'lag_20': 0.6242514393553463, 'lag_21': 0.5464975503492213, 'lag_22': 0.763391468719457, 'lag_23': 0.21153454611157146, 'lag_24': 0.7782684774381082, 'lag_25': 0.7630012211956774, 'lag_26': 0.7554845302221868, 'lag_27': 0.2805348410363085, 'lag_28': 0.7717571981464665}.
[I 2025-10-03 11:38:54,701] Trial 76 finished with values: [0.005295138888888888, 0.0017326242488180925, 0.0042444636714954855, 0.004635263261360049, 0.0007687604757480365, 0.006837554173933859, 0.0010814826755386284, 0.000993197236054626, 0.0011707261945773826, 0.00032501053442866303, 0.0007180728763634158, 0.0006581542516976335, 0.003938204877237389, 0.00555638239854282, 0.0, 0.008754365261414722, 0.006607527745761639, 0.001049317290853603, 0.0006215591455312394, 0.0007936284658340967, 0.00027991771182134045, 0.00037934116382971146, 0.0009230058466525515, 0.0013041272811834986, 0.0016538974289403157, 0.0002474228701066194, 0.005161362434703538, 0.0022107898355012046, 0.00039355303182869684] and parameters: {'lag_0': 0.1077568574074353, 'lag_1': 0.3774784021429711, 'lag_2': 0.8033515254506635, 'lag_3': 0.4786766618878211, 'lag_4': 0.11327054520478845, 'lag_5': 0.09634673413133757, 'lag_6': 0.8603937286364696, 'lag_7': 0.48407868982159175, 'lag_8': 0.2400175061907489, 'lag_9': 0.05338047448469564, 'lag_10': 0.47614299938715726, 'lag_11': 0.9975058972775854, 'lag_12': 0.27368662070007327, 'lag_13': 0.05908801327348008, 'lag_14': 0.07227432018919266, 'lag_15': 0.8446343934101925, 'lag_16': 0.24281747976112855, 'lag_17': 0.8809845032340295, 'lag_18': 0.8859569168085785, 'lag_19': 0.34633527121841484, 'lag_20': 0.6269251200307525, 'lag_21': 0.5464975503492213, 'lag_22': 0.35451657084191907, 'lag_23': 0.21382634226763123, 'lag_24': 0.11362183920038817, 'lag_25': 0.1658745344051882, 'lag_26': 0.27236328613497346, 'lag_27': 0.34823088447552775, 'lag_28': 0.8256444325586433}.
[I 2025-10-03 11:38:57,348] Trial 77 finished with values: [0.00390625, 0.009512287334593575, 0.005256474925914355, 0.003456304950813294, 0.0011283666401339324, 0.004503717132638736, 0.0008370812646604873, 0.0021504292074373413, 0.0009777155121867475, 0.00020412842208995726, 0.0009210229204778568, 0.0005028886048793907, 0.004098205596905096, 0.00612275654775112, 0.0, 0.006504797129034441, 0.008926389940070157, 0.0013487060966760743, 0.0009635190721603893, 0.0007059733783909856, 9.506773239477336e-05, 0.0006149583598566284, 0.0014685939820056108, 0.0016188875075898706, 0.0014413481594029568, 0.00017164817893261693, 0.006932351132260378, 0.0016911934905680698, 0.0004883786848072562] and parameters: {'lag_0': 0.6954361573186356, 'lag_1': 0.681460153610733, 'lag_2': 0.8033515254506635, 'lag_3': 0.7282568244365397, 'lag_4': 0.585832100845023, 'lag_5': 0.4518640627849584, 'lag_6': 0.13964664466127524, 'lag_7': 0.8803473137242682, 'lag_8': 0.5337114202007893, 'lag_9': 0.04807663972461101, 'lag_10': 0.9216138563878201, 'lag_11': 0.7358610027500697, 'lag_12': 0.5937950225071149, 'lag_13': 0.4438610337138677, 'lag_14': 0.5110465755189532, 'lag_15': 0.19819102137735242, 'lag_16': 0.29743211746881404, 'lag_17': 0.9154598919096373, 'lag_18': 0.6943561465432907, 'lag_19': 0.34633527121841484, 'lag_20': 0.07024554162047882, 'lag_21': 0.1250249097431767, 'lag_22': 0.35451657084191907, 'lag_23': 0.21382634226763123, 'lag_24': 0.9914400608324582, 'lag_25': 0.1658745344051882, 'lag_26': 0.8768392561976499, 'lag_27': 0.34823088447552775, 'lag_28': 0.5932742950842265}.
[I 2025-10-03 11:38:59,994] Trial 78 finished with values: [0.003597608024691358, 0.003931035268914417, 0.0033740112988710396, 0.0036996583382921445, 0.001349737608931993, 0.006760216619237781, 0.001078714981825825, 0.0015646269225896247, 0.0005672656655216115, 9.484247827560365e-05, 0.0006824992761725066, 0.0002792720269355357, 0.005155490422141787, 0.006550901036171309, 0.0, 0.008911771007516752, 0.006026632886869729, 0.002590557136097529, 0.0009345931632150993, 0.0007165143466981716, 9.050941604310136e-05, 0.000696577101781972, 0.0014887346154853851, 0.0011471818286333125, 0.002246008836928288, 5.378361524955098e-05, 0.006280254004466984, 0.0020348207748932053, 0.00042441482839417744] and parameters: {'lag_0': 0.12367076559933812, 'lag_1': 0.5662205971045386, 'lag_2': 0.03309655456913598, 'lag_3': 0.6865060332385159, 'lag_4': 0.12851624555509158, 'lag_5': 0.7024092329146555, 'lag_6': 0.5025301885968175, 'lag_7': 0.828373337279493, 'lag_8': 0.2992006813936837, 'lag_9': 0.48421940829203586, 'lag_10': 0.31534961659877686, 'lag_11': 0.5195743069919231, 'lag_12': 0.3166305796562762, 'lag_13': 0.2759294900976042, 'lag_14': 0.8043138326657997, 'lag_15': 0.41734709623761906, 'lag_16': 0.6241046558236002, 'lag_17': 0.4762295936130693, 'lag_18': 0.014082225114529117, 'lag_19': 0.3427473002221965, 'lag_20': 0.29089210491387096, 'lag_21': 0.9524055447878038, 'lag_22': 0.6640229084763561, 'lag_23': 0.9121957703405214, 'lag_24': 0.005292285596628354, 'lag_25': 0.23233967308386394, 'lag_26': 0.6042037881732332, 'lag_27': 0.10432697807228021, 'lag_28': 0.5192485664587978}.
[I 2025-10-03 11:39:02,634] Trial 79 finished with values: [0.00390625, 0.0029633136726528097, 0.003787660007263312, 0.005707418641664793, 0.0011565571825830866, 0.006539526757362263, 0.0014569593355344406, 0.001653703314174379, 0.000511099484591983, 0.00034653421161197877, 0.0010514677941431156, 3.401981105078195e-05, 0.004503020747724787, 0.006293951253521843, 0.0, 0.009689295312764868, 0.009174892025725506, 0.0007682482122967824, 0.001070022682507571, 0.0013808502617899485, 0.0002997634348817739, 0.000522763383914081, 0.000948564161386436, 0.001616753073686664, 0.001689754088628391, 0.00020460935082158423, 0.008307063334271263, 0.0018666290585521294, 0.00040464569946168673] and parameters: {'lag_0': 0.4639638467520525, 'lag_1': 0.236423834094162, 'lag_2': 0.9670820614608271, 'lag_3': 0.39880318322114217, 'lag_4': 0.4982410144174977, 'lag_5': 0.34591713692220305, 'lag_6': 0.5704424970949434, 'lag_7': 0.738631811411391, 'lag_8': 0.16773247138858902, 'lag_9': 0.21811846687788994, 'lag_10': 0.8201990421263176, 'lag_11': 0.6481488367897359, 'lag_12': 0.16352055821360068, 'lag_13': 0.7206361817102989, 'lag_14': 0.1714888426263894, 'lag_15': 0.1266959844407396, 'lag_16': 0.5710285106290058, 'lag_17': 0.5256827925794602, 'lag_18': 0.11743270991474752, 'lag_19': 0.6845201521626798, 'lag_20': 0.9179950451632989, 'lag_21': 0.7777179579062238, 'lag_22': 0.8913957343564552, 'lag_23': 0.07636655829439344, 'lag_24': 0.9086946110460955, 'lag_25': 0.32749309913866503, 'lag_26': 0.791216828691727, 'lag_27': 0.18428756010544478, 'lag_28': 0.8736479234737984}.
[I 2025-10-03 11:39:05,450] Trial 80 finished with values: [0.00390625, 0.004960205818404832, 0.004714311058834631, 0.004699574539956558, 0.00018646691749024352, 0.006812744809585566, 0.000822811664447385, 0.00231835168142236, 0.0009043737931278588, 0.0004687682931358053, 0.0004931210903516829, 0.00012733491695450391, 0.003995041027238763, 0.006027704725482395, 0.0, 0.01133282872186663, 0.005487918145479166, 0.0019361194824970983, 0.00047871285898445063, 0.001454524037156068, 0.00010717082720460721, 0.00035660947223402275, 0.0016430726063444117, 0.0012252625399723834, 0.00159298545781187, 0.0004160319998163289, 0.006292421527304111, 0.0021280691599094943, 0.0001314974340810659] and parameters: {'lag_0': 0.6481458873678064, 'lag_1': 0.9776546194020705, 'lag_2': 0.35487352033099556, 'lag_3': 0.04973555850133543, 'lag_4': 0.24147759275528005, 'lag_5': 0.352954496347503, 'lag_6': 0.09090986238881697, 'lag_7': 0.253859450517724, 'lag_8': 0.15035911684481734, 'lag_9': 0.9838295138392229, 'lag_10': 0.30926440884668915, 'lag_11': 0.7539909330362118, 'lag_12': 0.5362294947689885, 'lag_13': 0.8617907693375383, 'lag_14': 0.8774094953227215, 'lag_15': 0.07636678152735236, 'lag_16': 0.300615435125648, 'lag_17': 0.8410512273837161, 'lag_18': 0.29007569935679756, 'lag_19': 0.8687235304919747, 'lag_20': 0.3433140062168348, 'lag_21': 0.01410590067479776, 'lag_22': 0.11987883990344436, 'lag_23': 0.5332292282044188, 'lag_24': 0.7271212917799474, 'lag_25': 0.762762246872878, 'lag_26': 0.14808550966815334, 'lag_27': 0.8462378436486991, 'lag_28': 0.8897173033788688}.
