[I 2025-09-29 11:53:27,842] Trial 40 finished with value: 0.002645906564695729 and parameters: {'lag_0': 0.8882754803922579, 'lag_1': 0.48272519463756985, 'lag_2': 0.4487168138339191, 'lag_3': 0.13824884906228385, 'lag_4': 0.6216457561712115, 'lag_5': 0.5185150888770799, 'lag_6': 0.12082111502761878, 'lag_7': 0.3005144843982891, 'lag_8': 0.6211030252996819, 'lag_9': 0.5803505354132148, 'lag_10': 0.24264409484124122, 'lag_11': 0.49778150168926616, 'lag_12': 0.7606497272222448, 'lag_13': 0.7740565222873217, 'lag_14': 0.7453261607743644, 'lag_15': 0.38430151670563817, 'lag_16': 0.6547577769121468, 'lag_17': 0.2622673787015798, 'lag_18': 0.18820986146835073, 'lag_19': 0.06968550233939665, 'lag_20': 0.8710284301269989, 'lag_21': 0.1329743551850562, 'lag_22': 0.6277801794295212, 'lag_23': 0.4659417961242077, 'lag_24': 0.782413769780468, 'lag_25': 0.8706377476617428, 'lag_26': 0.13196005345367706, 'lag_27': 0.18815796284585995, 'lag_28': 0.3468834658126542}. Best is trial 36 with value: 0.0025968198297100543.
[I 2025-09-29 11:53:30,223] Trial 41 finished with value: 0.0026403446396373108 and parameters: {'lag_0': 0.49004134433729096, 'lag_1': 0.4060952369210356, 'lag_2': 0.36952248984179953, 'lag_3': 0.3813795149204809, 'lag_4': 0.417838939965609, 'lag_5': 0.25697111921332894, 'lag_6': 0.49287046678038426, 'lag_7': 0.6682387065677738, 'lag_8': 0.7342686158677751, 'lag_9': 0.1506569691782099, 'lag_10': 0.7053015548074872, 'lag_11': 0.41425493095724475, 'lag_12': 0.169014346618387, 'lag_13': 0.5512187779350793, 'lag_14': 0.3879932522669708, 'lag_15': 0.5494607262898191, 'lag_16': 0.5198813440378187, 'lag_17': 0.6508925800722237, 'lag_18': 0.09024232254877025, 'lag_19': 0.6837644849495811, 'lag_20': 0.9195250523020284, 'lag_21': 0.4641717945666908, 'lag_22': 0.8079672458478593, 'lag_23': 0.2593866530049425, 'lag_24': 0.5598967711188985, 'lag_25': 0.7613730744889514, 'lag_26': 0.840126383284106, 'lag_27': 0.33765840755182036, 'lag_28': 0.45646104732479875}. Best is trial 36 with value: 0.0025968198297100543.
[I 2025-09-29 11:53:32,597] Trial 42 finished with value: 0.0026267963115932337 and parameters: {'lag_0': 0.6490300112055194, 'lag_1': 0.5394949283206907, 'lag_2': 0.11529002705478655, 'lag_3': 0.48958547287121934, 'lag_4': 0.8007596454557433, 'lag_5': 0.05825641293321042, 'lag_6': 0.6703116941842199, 'lag_7': 0.747606954067812, 'lag_8': 0.9418577336118149, 'lag_9': 0.010913473241327147, 'lag_10': 0.8503030639258703, 'lag_11': 0.7161318300107509, 'lag_12': 0.3705729058915914, 'lag_13': 0.8946729409974326, 'lag_14': 0.4751028169335458, 'lag_15': 0.653139709790378, 'lag_16': 0.4765425526528332, 'lag_17': 0.07224553879819959, 'lag_18': 0.06738873260410966, 'lag_19': 0.8191344418658923, 'lag_20': 0.9059600959016778, 'lag_21': 0.3753423027786391, 'lag_22': 0.7838042346258396, 'lag_23': 0.2826205144653191, 'lag_24': 0.8806380289601654, 'lag_25': 0.9210646268321088, 'lag_26': 0.7715958106660039, 'lag_27': 0.3815371073450023, 'lag_28': 0.251148290977073}. Best is trial 36 with value: 0.0025968198297100543.
[I 2025-09-29 11:53:34,965] Trial 43 finished with value: 0.0026503587911216454 and parameters: {'lag_0': 0.6934038954880636, 'lag_1': 0.5502262284875139, 'lag_2': 0.09578153136623654, 'lag_3': 0.8209570069793127, 'lag_4': 0.7950983833241897, 'lag_5': 0.06633980626303153, 'lag_6': 0.5663892387099236, 'lag_7': 0.747917133271444, 'lag_8': 0.9887578872878472, 'lag_9': 0.030719947643658742, 'lag_10': 0.8571977831937163, 'lag_11': 0.7382249892592576, 'lag_12': 0.36912952365507545, 'lag_13': 0.9373337077302444, 'lag_14': 0.6691881146387038, 'lag_15': 0.7139144048911158, 'lag_16': 0.3098269412446828, 'lag_17': 0.08602716632132115, 'lag_18': 0.05949645169774561, 'lag_19': 0.8386017409266491, 'lag_20': 0.8324431062192643, 'lag_21': 0.4014048784634425, 'lag_22': 0.730587010794809, 'lag_23': 0.35724980259369987, 'lag_24': 0.9108288330254704, 'lag_25': 0.9052960667878629, 'lag_26': 0.7898332455379131, 'lag_27': 0.4099520353884799, 'lag_28': 0.2503412997852418}. Best is trial 36 with value: 0.0025968198297100543.
[I 2025-09-29 11:53:37,343] Trial 44 finished with value: 0.0026403898339520835 and parameters: {'lag_0': 0.6262469015138143, 'lag_1': 0.6502741194336745, 'lag_2': 0.137437910884058, 'lag_3': 0.7427621806279595, 'lag_4': 0.7076712054028894, 'lag_5': 0.15918441235904066, 'lag_6': 0.6663329506087703, 'lag_7': 0.8241237932173878, 'lag_8': 0.9424404880826718, 'lag_9': 0.11303095895940826, 'lag_10': 0.754007116580143, 'lag_11': 0.2503549954832971, 'lag_12': 0.2516505818053761, 'lag_13': 0.8485497148669939, 'lag_14': 0.6022760233438839, 'lag_15': 0.4895979823755715, 'lag_16': 0.4825890959379873, 'lag_17': 0.1501173971930731, 'lag_18': 0.22610686547336892, 'lag_19': 0.7821856302159418, 'lag_20': 0.7407934127161222, 'lag_21': 0.3629565450437004, 'lag_22': 0.695878323790095, 'lag_23': 0.20571191121735705, 'lag_24': 0.8486313697063416, 'lag_25': 0.9403700522200761, 'lag_26': 0.7285947071020954, 'lag_27': 0.38251573983619985, 'lag_28': 0.1910074685596715}. Best is trial 36 with value: 0.0025968198297100543.
[I 2025-09-29 11:53:39,717] Trial 45 finished with value: 0.002666170221166383 and parameters: {'lag_0': 0.4408635309556957, 'lag_1': 0.5261121196760278, 'lag_2': 0.06143886027681389, 'lag_3': 0.08844819069556431, 'lag_4': 0.9035757784374867, 'lag_5': 0.0599776968423861, 'lag_6': 0.4519763739570699, 'lag_7': 0.6205552619966651, 'lag_8': 0.9239166150826768, 'lag_9': 0.06823238356016612, 'lag_10': 0.9881286041402583, 'lag_11': 0.6865609524244526, 'lag_12': 0.3277692767148338, 'lag_13': 0.8888089414637343, 'lag_14': 0.5312047733015646, 'lag_15': 0.6790543151777116, 'lag_16': 0.4103191627041464, 'lag_17': 0.044723464623372, 'lag_18': 0.703707754954944, 'lag_19': 0.9208936786563908, 'lag_20': 0.9742731200856329, 'lag_21': 0.18158934273880875, 'lag_22': 0.5358336294204583, 'lag_23': 0.2957525347474926, 'lag_24': 0.8925515254830491, 'lag_25': 0.3428409347975242, 'lag_26': 0.6476579665270262, 'lag_27': 0.45067459544428473, 'lag_28': 0.5938507983002244}. Best is trial 36 with value: 0.0025968198297100543.
[I 2025-09-29 11:53:42,079] Trial 46 finished with value: 0.0026457515353505096 and parameters: {'lag_0': 0.6651466812919651, 'lag_1': 0.8528576581769411, 'lag_2': 0.253161537827213, 'lag_3': 0.933218248762959, 'lag_4': 0.8011019985839429, 'lag_5': 0.002333554372627975, 'lag_6': 0.6241527509421521, 'lag_7': 0.6747144606242338, 'lag_8': 0.8360164239235783, 'lag_9': 0.0008503363876723458, 'lag_10': 0.8426271083843694, 'lag_11': 0.1714646566922075, 'lag_12': 0.4121096350111657, 'lag_13': 0.7800980736558857, 'lag_14': 0.7897158059435354, 'lag_15': 0.5242030167117193, 'lag_16': 0.7112052640414849, 'lag_17': 0.08439504338663509, 'lag_18': 0.15397500822717908, 'lag_19': 0.12904442497182855, 'lag_20': 0.8629933107934237, 'lag_21': 0.2728356838674987, 'lag_22': 0.4705221774863837, 'lag_23': 0.1295156356179168, 'lag_24': 0.8066475634932715, 'lag_25': 0.8195490485572016, 'lag_26': 0.9191402287598653, 'lag_27': 0.16514842344943975, 'lag_28': 0.5051932542190777}. Best is trial 36 with value: 0.0025968198297100543.
[I 2025-09-29 11:53:44,449] Trial 47 finished with value: 0.002620874095980298 and parameters: {'lag_0': 0.7211402275754382, 'lag_1': 0.7154787917718574, 'lag_2': 0.17371918021156627, 'lag_3': 0.778797952089195, 'lag_4': 0.698005942578478, 'lag_5': 0.11426066950467788, 'lag_6': 0.7676829740279637, 'lag_7': 0.5442328312401726, 'lag_8': 0.5189473114372638, 'lag_9': 0.28256778813199623, 'lag_10': 0.6726734337831914, 'lag_11': 0.31637048014968017, 'lag_12': 0.5557834498635925, 'lag_13': 0.990498928540817, 'lag_14': 0.6535474383432218, 'lag_15': 0.6276173605959914, 'lag_16': 0.45999923075459787, 'lag_17': 0.1478251079470153, 'lag_18': 0.009187731426469656, 'lag_19': 0.040532457255253417, 'lag_20': 0.39695029427789796, 'lag_21': 0.5101442374698958, 'lag_22': 0.23840528885402143, 'lag_23': 0.3803229670788286, 'lag_24': 0.4703725999241327, 'lag_25': 0.9191433955510392, 'lag_26': 0.9916052531249572, 'lag_27': 0.23179570777548195, 'lag_28': 0.3446775614765021}. Best is trial 36 with value: 0.0025968198297100543.
[I 2025-09-29 11:53:46,817] Trial 48 finished with value: 0.002675690377275732 and parameters: {'lag_0': 0.7186593080326585, 'lag_1': 0.7474714913871808, 'lag_2': 0.1817041792424139, 'lag_3': 0.7722758231237339, 'lag_4': 0.591566430775236, 'lag_5': 0.842439874640174, 'lag_6': 0.7713376483375407, 'lag_7': 0.48115530040206667, 'lag_8': 0.5431619853290186, 'lag_9': 0.24000012196711068, 'lag_10': 0.6031940648722529, 'lag_11': 0.2866465086022936, 'lag_12': 0.6414663890580486, 'lag_13': 0.9836464197197403, 'lag_14': 0.6410266386920187, 'lag_15': 0.46584732921781163, 'lag_16': 0.5749332027007757, 'lag_17': 0.3075449584566072, 'lag_18': 0.017795112140692293, 'lag_19': 0.03484817695727867, 'lag_20': 0.39677388197580765, 'lag_21': 0.5102454668022733, 'lag_22': 0.2090861125996224, 'lag_23': 0.3979462630536723, 'lag_24': 0.46738818503376, 'lag_25': 0.6921245756359744, 'lag_26': 0.9922577047218287, 'lag_27': 0.23522647616844738, 'lag_28': 0.32886433592379305}. Best is trial 36 with value: 0.0025968198297100543.
[I 2025-09-29 11:53:49,198] Trial 49 finished with value: 0.0026284229816813556 and parameters: {'lag_0': 0.9885798433603774, 'lag_1': 0.6142828169390422, 'lag_2': 0.2747433466742113, 'lag_3': 0.8709436165724721, 'lag_4': 0.7119818679639994, 'lag_5': 0.13311967362378022, 'lag_6': 0.3480399733041478, 'lag_7': 0.5468576394939356, 'lag_8': 0.29808469199605825, 'lag_9': 0.30287253072036047, 'lag_10': 0.6671002397874601, 'lag_11': 0.3399217444634197, 'lag_12': 0.5602746735036519, 'lag_13': 0.025253889705096663, 'lag_14': 0.11250111503869648, 'lag_15': 0.5878504986592012, 'lag_16': 0.3124913125779051, 'lag_17': 0.22466858743108398, 'lag_18': 0.3557859604657053, 'lag_19': 0.16676223792701422, 'lag_20': 0.2875675258079518, 'lag_21': 0.4407137341523723, 'lag_22': 0.28169710397715453, 'lag_23': 0.4438575705156742, 'lag_24': 0.2510264191679729, 'lag_25': 0.5751294552320227, 'lag_26': 0.43364645626075543, 'lag_27': 0.07718921855084401, 'lag_28': 0.5468183345201214}. Best is trial 36 with value: 0.0025968198297100543.
[I 2025-09-29 11:53:51,563] Trial 50 finished with value: 0.0026362752518447373 and parameters: {'lag_0': 0.5810197281738453, 'lag_1': 0.7154900504961096, 'lag_2': 0.22158863323161015, 'lag_3': 0.9129362557288908, 'lag_4': 0.6525714390525953, 'lag_5': 0.31935471147352446, 'lag_6': 0.23861494148342427, 'lag_7': 0.43528255460005577, 'lag_8': 0.6041820380016625, 'lag_9': 0.7956181399407622, 'lag_10': 0.7686528921985359, 'lag_11': 0.48801693084385767, 'lag_12': 0.49192853871029935, 'lag_13': 0.9465967094232501, 'lag_14': 0.6784492598125109, 'lag_15': 0.7274420795585667, 'lag_16': 0.9209208563679521, 'lag_17': 0.14358224129575803, 'lag_18': 0.8255795856643264, 'lag_19': 0.06864033891157957, 'lag_20': 0.5118539230901766, 'lag_21': 0.7760107177828783, 'lag_22': 0.12969180546765896, 'lag_23': 0.5198163432937187, 'lag_24': 0.38045850251948665, 'lag_25': 0.08709571434264247, 'lag_26': 0.5157615827531292, 'lag_27': 0.0063321113656452654, 'lag_28': 0.4084881757689357}. Best is trial 36 with value: 0.0025968198297100543.
[I 2025-09-29 11:53:53,937] Trial 51 finished with value: 0.0026229837358081346 and parameters: {'lag_0': 0.7386714518815644, 'lag_1': 0.6666198134030047, 'lag_2': 0.04165783921604645, 'lag_3': 0.3325018060906767, 'lag_4': 0.8600508679659946, 'lag_5': 0.04062469312247952, 'lag_6': 0.7950067704979347, 'lag_7': 0.5881070998270913, 'lag_8': 0.5201950499372322, 'lag_9': 0.9463028900628851, 'lag_10': 0.6701777471469006, 'lag_11': 0.4092014706908826, 'lag_12': 0.3948432203905147, 'lag_13': 0.8922764705524512, 'lag_14': 0.4978862985756946, 'lag_15': 0.6552413444615859, 'lag_16': 0.46311486756547393, 'lag_17': 0.0580303468120701, 'lag_18': 0.058710355952530685, 'lag_19': 0.04810271928929297, 'lag_20': 0.14307725680816652, 'lag_21': 0.3908823917876299, 'lag_22': 0.4127484377739366, 'lag_23': 0.35735297937568433, 'lag_24': 0.335357617402846, 'lag_25': 0.8849247685344338, 'lag_26': 0.9333811851565503, 'lag_27': 0.28847072679815133, 'lag_28': 0.240076973644967}. Best is trial 36 with value: 0.0025968198297100543.
[I 2025-09-29 11:53:56,306] Trial 52 finished with value: 0.0026317517120526086 and parameters: {'lag_0': 0.7415749253234277, 'lag_1': 0.680470019268474, 'lag_2': 0.0394983308786494, 'lag_3': 0.3042532536805484, 'lag_4': 0.8691852300210328, 'lag_5': 0.001633984914141559, 'lag_6': 0.7200665430928826, 'lag_7': 0.5845580064912751, 'lag_8': 0.5200787116743316, 'lag_9': 0.9599706079022706, 'lag_10': 0.6752679364651247, 'lag_11': 0.42288705969557694, 'lag_12': 0.8615485078186915, 'lag_13': 0.8226352806345573, 'lag_14': 0.5454963455984431, 'lag_15': 0.5715907976576078, 'lag_16': 0.3840040210019633, 'lag_17': 0.9385608940355986, 'lag_18': 0.12382534170113507, 'lag_19': 0.04814118885621296, 'lag_20': 0.17034126740997527, 'lag_21': 0.5135937086606506, 'lag_22': 0.40432231286094467, 'lag_23': 0.3357999920976916, 'lag_24': 0.3356701418186767, 'lag_25': 0.8702255664592636, 'lag_26': 0.9256132638685459, 'lag_27': 0.29518117810965777, 'lag_28': 0.2097186689763707}. Best is trial 36 with value: 0.0025968198297100543.
[I 2025-09-29 11:53:58,679] Trial 53 finished with value: 0.002686531726277508 and parameters: {'lag_0': 0.8144093507360685, 'lag_1': 0.8317895433699429, 'lag_2': 0.0642495253985353, 'lag_3': 0.7981916071971269, 'lag_4': 0.9811991016794318, 'lag_5': 0.1164535653047681, 'lag_6': 0.8054702420339929, 'lag_7': 0.5212787870936995, 'lag_8': 0.3592544847653478, 'lag_9': 0.9422633039196099, 'lag_10': 0.5777942417203707, 'lag_11': 0.37681214385213435, 'lag_12': 0.6036467870301414, 'lag_13': 0.9161732187369491, 'lag_14': 0.6405031771467936, 'lag_15': 0.6255657994598451, 'lag_16': 0.4714279373932599, 'lag_17': 0.011810310365222898, 'lag_18': 0.04351891439572716, 'lag_19': 0.0008118985394085093, 'lag_20': 0.10309972018580577, 'lag_21': 0.7028098329319798, 'lag_22': 0.31991678406085405, 'lag_23': 0.38084447934329824, 'lag_24': 0.4843554694145626, 'lag_25': 0.9501873372178496, 'lag_26': 0.8415651167760598, 'lag_27': 0.32702086683984594, 'lag_28': 0.36369996161776386}. Best is trial 36 with value: 0.0025968198297100543.
[I 2025-09-29 11:54:01,045] Trial 54 finished with value: 0.0026296732245349227 and parameters: {'lag_0': 0.8458823253585266, 'lag_1': 0.7449007385535044, 'lag_2': 0.1644273692321257, 'lag_3': 0.17671488794553097, 'lag_4': 0.7282926069011484, 'lag_5': 0.7137487141781091, 'lag_6': 0.9076534881183327, 'lag_7': 0.687420098918127, 'lag_8': 0.44974771015582404, 'lag_9': 0.8329034349274316, 'lag_10': 0.4518751478110262, 'lag_11': 0.3032127920831167, 'lag_12': 0.5094106760575664, 'lag_13': 0.75357863823575, 'lag_14': 0.5022319100357976, 'lag_15': 0.5420175500005083, 'lag_16': 0.2782294419970016, 'lag_17': 0.19008338723898272, 'lag_18': 0.19031336946267557, 'lag_19': 0.09658678355235473, 'lag_20': 0.06246831586668526, 'lag_21': 0.3168335288594966, 'lag_22': 0.4365885600159238, 'lag_23': 0.24190177111317826, 'lag_24': 0.16345092114638704, 'lag_25': 0.9002295018186008, 'lag_26': 0.9560191677405488, 'lag_27': 0.2582803191532013, 'lag_28': 0.2804458963390563}. Best is trial 36 with value: 0.0025968198297100543.
[I 2025-09-29 11:54:03,422] Trial 55 finished with value: 0.0026589329447169003 and parameters: {'lag_0': 0.32334403222934827, 'lag_1': 0.5911275885587169, 'lag_2': 0.01695168851541079, 'lag_3': 0.4189728066748709, 'lag_4': 0.6827020391086016, 'lag_5': 0.17786082790937163, 'lag_6': 0.813353707511623, 'lag_7': 0.6249752944369515, 'lag_8': 0.5156435385064365, 'lag_9': 0.6739851141217714, 'lag_10': 0.6321419604137402, 'lag_11': 0.19856960057967246, 'lag_12': 0.46988450585022007, 'lag_13': 0.48479408375828026, 'lag_14': 0.6009271519565883, 'lag_15': 0.6825889977823628, 'lag_16': 0.5772573947808533, 'lag_17': 0.4799962438266996, 'lag_18': 0.2476215324221837, 'lag_19': 0.15059775430258027, 'lag_20': 0.006930399313972354, 'lag_21': 0.44410582741475435, 'lag_22': 0.25172110979175005, 'lag_23': 0.5544138744146646, 'lag_24': 0.2823754538955213, 'lag_25': 0.808925854840036, 'lag_26': 0.9975794945225662, 'lag_27': 0.9861125110489499, 'lag_28': 0.042276669195237204}. Best is trial 36 with value: 0.0025968198297100543.
[I 2025-09-29 11:54:05,796] Trial 56 finished with value: 0.002635041480500834 and parameters: {'lag_0': 0.7638361832174212, 'lag_1': 0.6246307032982058, 'lag_2': 0.32266371988043685, 'lag_3': 0.040598925066568384, 'lag_4': 0.5259218348972929, 'lag_5': 0.027529875095496734, 'lag_6': 0.990761044586405, 'lag_7': 0.5714161667464068, 'lag_8': 0.691153181942898, 'lag_9': 0.8179019395070835, 'lag_10': 0.5223735446570751, 'lag_11': 0.2566757138841965, 'lag_12': 0.5398177959001403, 'lag_13': 0.9983959928117935, 'lag_14': 0.9569187194836732, 'lag_15': 0.38764426202954555, 'lag_16': 0.4556197365628176, 'lag_17': 0.8082653465995859, 'lag_18': 0.0055654310815045835, 'lag_19': 0.2810670022394752, 'lag_20': 0.205925664632612, 'lag_21': 0.9328279619924444, 'lag_22': 0.35155251233700197, 'lag_23': 0.4999160095601878, 'lag_24': 0.600692501997199, 'lag_25': 0.6652413584298783, 'lag_26': 0.1610792211271967, 'lag_27': 0.20936342433792077, 'lag_28': 0.4866681634614016}. Best is trial 36 with value: 0.0025968198297100543.
[I 2025-09-29 11:54:08,170] Trial 57 finished with value: 0.0026549298357731455 and parameters: {'lag_0': 0.8974987200306636, 'lag_1': 0.9043560662960338, 'lag_2': 0.7327341669620684, 'lag_3': 0.23315246558196714, 'lag_4': 0.9462918901923224, 'lag_5': 0.642274406637604, 'lag_6': 0.5237911657881735, 'lag_7': 0.3805166294359459, 'lag_8': 0.3730960871968394, 'lag_9': 0.8782875319565475, 'lag_10': 0.6830209418156277, 'lag_11': 0.33707621169430985, 'lag_12': 0.04825231319499709, 'lag_13': 0.6463409633018455, 'lag_14': 0.7695393631522798, 'lag_15': 0.6029387627285732, 'lag_16': 0.3524878946035175, 'lag_17': 0.1349455689942528, 'lag_18': 0.963946100800329, 'lag_19': 0.18891187144573726, 'lag_20': 0.13681626361688756, 'lag_21': 0.5979781734225151, 'lag_22': 0.624707612187211, 'lag_23': 0.43226084857561353, 'lag_24': 0.7387875770390243, 'lag_25': 0.3353940473237648, 'lag_26': 0.9059707688559191, 'lag_27': 0.15888332638458713, 'lag_28': 0.4163967127759139}. Best is trial 36 with value: 0.0025968198297100543.
[I 2025-09-29 11:54:10,537] Trial 58 finished with value: 0.0026932883600553044 and parameters: {'lag_0': 0.4237662142157712, 'lag_1': 0.6744342348004377, 'lag_2': 0.9394571119350692, 'lag_3': 0.5941979214363501, 'lag_4': 0.8498466119495639, 'lag_5': 0.09761935038621587, 'lag_6': 0.26891954570586, 'lag_7': 0.45836881249951306, 'lag_8': 0.30132244907790606, 'lag_9': 0.7069707491373403, 'lag_10': 0.134483689074003, 'lag_11': 0.12648786175915752, 'lag_12': 0.721611817931496, 'lag_13': 0.9656537672362492, 'lag_14': 0.4074251105037841, 'lag_15': 0.5039144313943945, 'lag_16': 0.6320202245930915, 'lag_17': 0.04956498722076473, 'lag_18': 0.1605831918931299, 'lag_19': 0.08391358871481591, 'lag_20': 0.2663846657222871, 'lag_21': 0.03026282474156483, 'lag_22': 0.1503942321911032, 'lag_23': 0.3222560290341829, 'lag_24': 0.35719613923811244, 'lag_25': 0.20115054090177983, 'lag_26': 0.8343084434120102, 'lag_27': 0.2697216133777014, 'lag_28': 0.5659902382643294}. Best is trial 36 with value: 0.0025968198297100543.
[I 2025-09-29 11:54:12,913] Trial 59 finished with value: 0.0026463329748600073 and parameters: {'lag_0': 0.4675582638194557, 'lag_1': 0.7926810095878055, 'lag_2': 0.13748439507350402, 'lag_3': 0.7004611638331301, 'lag_4': 0.5819366446184605, 'lag_5': 0.9404668780591556, 'lag_6': 0.7382554090275273, 'lag_7': 0.6410526861536889, 'lag_8': 0.1806683934878765, 'lag_9': 0.7736716413344369, 'lag_10': 0.8121018815110852, 'lag_11': 0.5448912707984386, 'lag_12': 0.10614595956072975, 'lag_13': 0.3611985121856065, 'lag_14': 0.2971293696796296, 'lag_15': 0.07475007271466522, 'lag_16': 0.5118526846490404, 'lag_17': 0.26268985728946614, 'lag_18': 0.11442159881494103, 'lag_19': 0.037689556890042386, 'lag_20': 0.380065630419696, 'lag_21': 0.4692632274531905, 'lag_22': 0.4995278424137438, 'lag_23': 0.35626329674255464, 'lag_24': 0.6712789461116038, 'lag_25': 0.4221420743020727, 'lag_26': 0.6200743437678149, 'lag_27': 0.5451390191971048, 'lag_28': 0.6298124603064688}. Best is trial 36 with value: 0.0025968198297100543.
[I 2025-09-29 11:54:15,290] Trial 60 finished with value: 0.002632262255613457 and parameters: {'lag_0': 0.5603229117403643, 'lag_1': 0.45928690175967785, 'lag_2': 0.09009006440212862, 'lag_3': 0.33080105154152, 'lag_4': 0.7697547192883185, 'lag_5': 0.5892751487638532, 'lag_6': 0.049217439843609934, 'lag_7': 0.5313911896984111, 'lag_8': 0.6498437077898785, 'lag_9': 0.20030360488809698, 'lag_10': 0.7319374363557027, 'lag_11': 0.464204479624138, 'lag_12': 0.307974223058153, 'lag_13': 0.1740936282548961, 'lag_14': 0.8644358597398039, 'lag_15': 0.7426801455547981, 'lag_16': 0.5553762058473356, 'lag_17': 0.34704461526635855, 'lag_18': 0.3030049503137746, 'lag_19': 0.14624597196804826, 'lag_20': 0.1904047080423326, 'lag_21': 0.6004087581892531, 'lag_22': 0.06980755604425079, 'lag_23': 0.16248777513502463, 'lag_24': 0.43473630318249085, 'lag_25': 0.7401167082857782, 'lag_26': 0.276721891957538, 'lag_27': 0.2982030235368527, 'lag_28': 0.18032793309473322}. Best is trial 36 with value: 0.0025968198297100543.
