[I 2025-09-29 12:54:28,957] Trial 3 finished with value: 0.001557901129197102 and parameters: {'lag_0': 0.13582027321262757, 'lag_1': 0.37756637813821836, 'lag_2': 0.5833614526735946, 'lag_3': 0.18146361361438657, 'lag_4': 0.6340726544176353, 'lag_5': 0.39994386050329644, 'lag_6': 0.6214323879139213, 'lag_7': 0.12137498102056012, 'lag_8': 0.9554429634787226, 'lag_9': 0.45795538444716144, 'lag_10': 0.760792516382455, 'lag_11': 0.9645225023650448, 'lag_12': 0.3911885804220939, 'lag_13': 0.19083950214555961, 'lag_14': 0.9198802387380686, 'lag_15': 0.5687667375163299, 'lag_16': 0.16317857531867877, 'lag_17': 0.8105734775399537, 'lag_18': 0.6498570383245504, 'lag_19': 0.6482884614730184, 'lag_20': 0.5537657962356282, 'lag_21': 0.6761065611585896, 'lag_22': 0.39189174093548873, 'lag_23': 0.9219060357266116, 'lag_24': 0.32664367429259866, 'lag_25': 0.26263136004163706, 'lag_26': 0.25404643535317795, 'lag_27': 0.287413845481017, 'lag_28': 0.40781796257468755}. Best is trial 3 with value: 0.001557901129197102.
[I 2025-09-29 12:54:31,368] Trial 4 finished with value: 0.001842826567368194 and parameters: {'lag_0': 0.9366538275342299, 'lag_1': 0.7810897892201597, 'lag_2': 0.20910554509375118, 'lag_3': 0.8120743628160483, 'lag_4': 0.947158612185858, 'lag_5': 0.6338886513217968, 'lag_6': 0.6720152040913908, 'lag_7': 0.6234496126491599, 'lag_8': 0.08896567304534882, 'lag_9': 0.13215275150002356, 'lag_10': 0.9351673672062338, 'lag_11': 0.4604817420744963, 'lag_12': 0.9548040252471044, 'lag_13': 0.894608623630294, 'lag_14': 0.2668883977771561, 'lag_15': 0.44333521966155087, 'lag_16': 0.30957459598522974, 'lag_17': 0.6696347736986304, 'lag_18': 0.06490555702064132, 'lag_19': 0.8469299543762587, 'lag_20': 0.16422885514688834, 'lag_21': 0.674657426610934, 'lag_22': 0.731643001425433, 'lag_23': 0.5252653385946174, 'lag_24': 0.014421662866151987, 'lag_25': 0.877831383580122, 'lag_26': 0.6029515211322746, 'lag_27': 0.3932987639985145, 'lag_28': 0.6464329123255441}. Best is trial 3 with value: 0.001557901129197102.
[I 2025-09-29 12:54:33,777] Trial 5 finished with value: 0.0015822098709898415 and parameters: {'lag_0': 0.2726882132573768, 'lag_1': 0.03655851900661694, 'lag_2': 0.12327850425035013, 'lag_3': 0.8811185273746488, 'lag_4': 0.7153697510850672, 'lag_5': 0.775131694540933, 'lag_6': 0.8039585582934221, 'lag_7': 0.5180105873125014, 'lag_8': 0.8591521597103069, 'lag_9': 0.8513374811215473, 'lag_10': 0.6799051392435228, 'lag_11': 0.739239316899335, 'lag_12': 0.7410045172867862, 'lag_13': 0.7140175392053264, 'lag_14': 0.9707314293517404, 'lag_15': 0.4564279208726015, 'lag_16': 0.8087592929776215, 'lag_17': 0.305245676569387, 'lag_18': 0.9832926373411215, 'lag_19': 0.0973642091084759, 'lag_20': 0.85144709737219, 'lag_21': 0.7564307153624005, 'lag_22': 0.05745184175944564, 'lag_23': 0.42188900753476716, 'lag_24': 0.3146803336858369, 'lag_25': 0.7401708412821495, 'lag_26': 0.30709295340254145, 'lag_27': 0.7494897157513137, 'lag_28': 0.8700522295247081}. Best is trial 3 with value: 0.001557901129197102.
[I 2025-09-29 12:54:36,190] Trial 6 finished with value: 0.0018979304491770327 and parameters: {'lag_0': 0.5690120723055092, 'lag_1': 0.0867334392173544, 'lag_2': 0.04613034974150805, 'lag_3': 0.6526058319532165, 'lag_4': 0.49909136559628187, 'lag_5': 0.8355693117489257, 'lag_6': 0.8313339550112694, 'lag_7': 0.6224752464214912, 'lag_8': 0.7783320474152358, 'lag_9': 0.7460278443024544, 'lag_10': 0.3826487793214618, 'lag_11': 0.44759142602952506, 'lag_12': 0.43897756375360625, 'lag_13': 0.6743962060389366, 'lag_14': 0.36640245132786275, 'lag_15': 0.13962563495147642, 'lag_16': 0.15126864136122473, 'lag_17': 0.17459265412706718, 'lag_18': 0.7251224799118212, 'lag_19': 0.5730503796005316, 'lag_20': 0.5790179155683223, 'lag_21': 0.8111186004373168, 'lag_22': 0.27585026435823184, 'lag_23': 0.8190853048894153, 'lag_24': 0.965827157296272, 'lag_25': 0.5960386366680341, 'lag_26': 0.14246114826607795, 'lag_27': 0.005241763369657606, 'lag_28': 0.2986531067821744}. Best is trial 3 with value: 0.001557901129197102.
[I 2025-09-29 12:54:38,597] Trial 7 finished with value: 0.0019395516056552528 and parameters: {'lag_0': 0.9803650983592965, 'lag_1': 0.6772404377976288, 'lag_2': 0.6100872713589811, 'lag_3': 0.46022818977995306, 'lag_4': 0.9810588856979223, 'lag_5': 0.9807216045367912, 'lag_6': 0.7902795859030575, 'lag_7': 0.052096758797730645, 'lag_8': 0.5421919363105072, 'lag_9': 0.3411762742839468, 'lag_10': 0.6402666537757542, 'lag_11': 0.7266138025473283, 'lag_12': 0.7536035216556753, 'lag_13': 0.8290954896871525, 'lag_14': 0.5040283951787385, 'lag_15': 0.3634394308808425, 'lag_16': 0.8617431329896835, 'lag_17': 0.27444822244584577, 'lag_18': 0.21748016442040663, 'lag_19': 0.5418840716657399, 'lag_20': 0.6068959898334423, 'lag_21': 0.33694912796512017, 'lag_22': 0.847436506748619, 'lag_23': 0.15099829064919165, 'lag_24': 0.3982823682535472, 'lag_25': 0.5093871183641866, 'lag_26': 0.009120549329114843, 'lag_27': 0.015377238322704198, 'lag_28': 0.5387403448197549}. Best is trial 3 with value: 0.001557901129197102.
[I 2025-09-29 12:54:41,010] Trial 8 finished with value: 0.0017283849082576717 and parameters: {'lag_0': 0.6342449634838968, 'lag_1': 0.5083579383026308, 'lag_2': 0.24042353394740928, 'lag_3': 0.614601821393207, 'lag_4': 0.25284190320060995, 'lag_5': 0.3850194050246542, 'lag_6': 0.5823842954251459, 'lag_7': 0.09425813915605076, 'lag_8': 0.024913723185762418, 'lag_9': 0.5006240366902908, 'lag_10': 0.5083702295538755, 'lag_11': 0.7690374623538614, 'lag_12': 0.3746653363728019, 'lag_13': 0.039092816468642766, 'lag_14': 0.27409251017227504, 'lag_15': 0.0989078678252679, 'lag_16': 0.9699416023730754, 'lag_17': 0.41489236109851546, 'lag_18': 0.43086087067262363, 'lag_19': 0.0006560778925309413, 'lag_20': 0.35298468743364725, 'lag_21': 0.49456832411357593, 'lag_22': 0.3224366671378998, 'lag_23': 0.9362493400369748, 'lag_24': 0.07606843517888508, 'lag_25': 0.5488826819908922, 'lag_26': 0.4743422987786633, 'lag_27': 0.22243988414398494, 'lag_28': 0.538553736529913}. Best is trial 3 with value: 0.001557901129197102.
[I 2025-09-29 12:54:43,413] Trial 9 finished with value: 0.001728465674842095 and parameters: {'lag_0': 0.1778725749994645, 'lag_1': 0.14524730180251377, 'lag_2': 0.4899324792122899, 'lag_3': 0.797342650460187, 'lag_4': 0.2896234535279322, 'lag_5': 0.006848856056794093, 'lag_6': 0.09293074740734476, 'lag_7': 0.024654947632422035, 'lag_8': 0.76513837782249, 'lag_9': 0.5349989032979923, 'lag_10': 0.6786887895192049, 'lag_11': 0.2865028930942468, 'lag_12': 0.7023523091740582, 'lag_13': 0.9451148143840029, 'lag_14': 0.05945433218894967, 'lag_15': 0.44174197810387106, 'lag_16': 0.9637227993739316, 'lag_17': 0.13506649696277456, 'lag_18': 0.043430029720956935, 'lag_19': 0.9330976198202767, 'lag_20': 0.5242393257965704, 'lag_21': 0.6462384431454538, 'lag_22': 0.8308364345953008, 'lag_23': 0.11330458314043029, 'lag_24': 0.9820641154376412, 'lag_25': 0.9340632290624548, 'lag_26': 0.8301301834495692, 'lag_27': 0.08929921704600723, 'lag_28': 0.38453185975769305}. Best is trial 3 with value: 0.001557901129197102.
[I 2025-09-29 12:54:45,876] Trial 10 finished with value: 0.0019204273622640898 and parameters: {'lag_0': 0.09004638998969518, 'lag_1': 0.3798926117102466, 'lag_2': 0.8957820803977494, 'lag_3': 0.06400415352045727, 'lag_4': 0.07641823859020269, 'lag_5': 0.3062812734803422, 'lag_6': 0.38807454801694696, 'lag_7': 0.2866667511847941, 'lag_8': 0.9920683501594807, 'lag_9': 0.6188889405151161, 'lag_10': 0.029661754846252497, 'lag_11': 0.9722599257384515, 'lag_12': 0.10279460605418494, 'lag_13': 0.23010128358646512, 'lag_14': 0.7091430157052185, 'lag_15': 0.9104426570830133, 'lag_16': 0.021283313985422242, 'lag_17': 0.9711996510068664, 'lag_18': 0.7192316639949645, 'lag_19': 0.28194739231603627, 'lag_20': 0.35295300610816327, 'lag_21': 0.3397341409786512, 'lag_22': 0.5451892613842221, 'lag_23': 0.6515672252912259, 'lag_24': 0.6581333717592959, 'lag_25': 0.3188517268425418, 'lag_26': 0.9914874059774774, 'lag_27': 0.6548893800898963, 'lag_28': 0.009592033109886211}. Best is trial 3 with value: 0.001557901129197102.
[I 2025-09-29 12:54:48,336] Trial 11 finished with value: 0.001841761537377006 and parameters: {'lag_0': 0.035313600288202934, 'lag_1': 0.5107171717527612, 'lag_2': 0.32970082214327484, 'lag_3': 0.2966898827346679, 'lag_4': 0.7092096960642196, 'lag_5': 0.632106311060037, 'lag_6': 0.9957339737615332, 'lag_7': 0.9782423889119369, 'lag_8': 0.9545134420785366, 'lag_9': 0.9673424188661994, 'lag_10': 0.7777394613365377, 'lag_11': 0.9687574678267691, 'lag_12': 0.5496054800924961, 'lag_13': 0.4266195713636387, 'lag_14': 0.9906628300576561, 'lag_15': 0.7199181586763008, 'lag_16': 0.5526037879232507, 'lag_17': 0.3941769329271253, 'lag_18': 0.956282509079263, 'lag_19': 0.2935310568070797, 'lag_20': 0.9906221044144763, 'lag_21': 0.9202728788856024, 'lag_22': 0.0034039030535626957, 'lag_23': 0.4174428159997617, 'lag_24': 0.568785101940219, 'lag_25': 0.6973918560024485, 'lag_26': 0.24682938796143167, 'lag_27': 0.6990416156540585, 'lag_28': 0.8379320573286247}. Best is trial 3 with value: 0.001557901129197102.
[I 2025-09-29 12:54:50,790] Trial 12 finished with value: 0.0015023935742412647 and parameters: {'lag_0': 0.37010936670820616, 'lag_1': 0.2880869018255978, 'lag_2': 0.011529058109375087, 'lag_3': 0.0031482979845697256, 'lag_4': 0.7062173073361067, 'lag_5': 0.6152313180721021, 'lag_6': 0.457883324853795, 'lag_7': 0.34455957557750794, 'lag_8': 0.9454130663664776, 'lag_9': 0.3333548570702388, 'lag_10': 0.7677564280688564, 'lag_11': 0.6193422527233413, 'lag_12': 0.5939481888182321, 'lag_13': 0.47267996269727175, 'lag_14': 0.975401136002102, 'lag_15': 0.7014103241522572, 'lag_16': 0.36999472441919107, 'lag_17': 0.4941506617268801, 'lag_18': 0.9830173702528905, 'lag_19': 0.08035800943977088, 'lag_20': 0.7973384244772425, 'lag_21': 0.7827944329857197, 'lag_22': 0.1613080975715085, 'lag_23': 0.9969217484397854, 'lag_24': 0.3190787995241897, 'lag_25': 0.7560185077013859, 'lag_26': 0.2601407817325508, 'lag_27': 0.8835003768725115, 'lag_28': 0.7092498097740121}. Best is trial 12 with value: 0.0015023935742412647.
[I 2025-09-29 12:54:53,245] Trial 13 finished with value: 0.001823949889439843 and parameters: {'lag_0': 0.44486954317322663, 'lag_1': 0.33892054282863615, 'lag_2': 0.3941044976878079, 'lag_3': 0.0034901189670927257, 'lag_4': 0.5356455457200032, 'lag_5': 0.5512455132042624, 'lag_6': 0.4311734053263148, 'lag_7': 0.2995184242199723, 'lag_8': 0.5318894470974591, 'lag_9': 0.3358309601050067, 'lag_10': 0.8259669979844819, 'lag_11': 0.5859554416435381, 'lag_12': 0.24249903293789374, 'lag_13': 0.3996209927939355, 'lag_14': 0.7048334321805306, 'lag_15': 0.7793175964518418, 'lag_16': 0.33447864396230376, 'lag_17': 0.5232706730669385, 'lag_18': 0.7463639152500886, 'lag_19': 0.29870621271687126, 'lag_20': 0.7733659416227977, 'lag_21': 0.5566931565401858, 'lag_22': 0.22782930259043763, 'lag_23': 0.9994065739953406, 'lag_24': 0.48550969710100045, 'lag_25': 0.3541299197023082, 'lag_26': 0.6268380537885079, 'lag_27': 0.9876310036407026, 'lag_28': 0.7499284185925027}. Best is trial 12 with value: 0.0015023935742412647.
[I 2025-09-29 12:54:55,700] Trial 14 finished with value: 0.0017208928633195507 and parameters: {'lag_0': 0.7419229355986876, 'lag_1': 0.985805777977823, 'lag_2': 0.8212876669917066, 'lag_3': 0.18477629744902435, 'lag_4': 0.8596372007853496, 'lag_5': 0.3913081058593774, 'lag_6': 0.26875706602242067, 'lag_7': 0.256958597494435, 'lag_8': 0.2469291791074371, 'lag_9': 0.38774329581828626, 'lag_10': 0.5563466393561283, 'lag_11': 0.6082628472263083, 'lag_12': 0.5698717894959145, 'lag_13': 0.2452644908999893, 'lag_14': 0.7924128749783466, 'lag_15': 0.9962693977470238, 'lag_16': 0.3148515457459161, 'lag_17': 0.9616673562320779, 'lag_18': 0.8258916817544748, 'lag_19': 0.7308959678699136, 'lag_20': 0.7375498103764876, 'lag_21': 0.8305246309047156, 'lag_22': 0.4102058312820577, 'lag_23': 0.8490299321439858, 'lag_24': 0.22459760758396768, 'lag_25': 0.7856299930007222, 'lag_26': 0.20470606923252738, 'lag_27': 0.2569921867941532, 'lag_28': 0.20796247540676632}. Best is trial 12 with value: 0.0015023935742412647.
[I 2025-09-29 12:54:58,150] Trial 15 finished with value: 0.001801306638884945 and parameters: {'lag_0': 0.3776324497138459, 'lag_1': 0.2671734120920067, 'lag_2': 0.0055097291148543505, 'lag_3': 0.3645774104001254, 'lag_4': 0.5159535147419717, 'lag_5': 0.27426116785566385, 'lag_6': 0.5008025989732084, 'lag_7': 0.21955458790317933, 'lag_8': 0.8922630650927297, 'lag_9': 0.18546875721688852, 'lag_10': 0.806534668087549, 'lag_11': 0.03231369686786678, 'lag_12': 0.2972916950899985, 'lag_13': 0.5606389794182595, 'lag_14': 0.569269030085256, 'lag_15': 0.6914604222375842, 'lag_16': 0.16266854713715456, 'lag_17': 0.519428750139183, 'lag_18': 0.5847355202730262, 'lag_19': 0.4142017684454993, 'lag_20': 0.41934634753196165, 'lag_21': 0.4323424641574148, 'lag_22': 0.17472131047058004, 'lag_23': 0.6659099431047766, 'lag_24': 0.7192781700047409, 'lag_25': 0.4102223732309672, 'lag_26': 0.2945085490627911, 'lag_27': 0.5457582273746109, 'lag_28': 0.6469175399931986}. Best is trial 12 with value: 0.0015023935742412647.
[I 2025-09-29 12:55:00,604] Trial 16 finished with value: 0.001599455203451943 and parameters: {'lag_0': 0.3194598766253628, 'lag_1': 0.4456124315867186, 'lag_2': 0.7169887223389795, 'lag_3': 0.12645877987787257, 'lag_4': 0.820539200992872, 'lag_5': 0.6842804234441238, 'lag_6': 0.3371374217715067, 'lag_7': 0.4539050467963487, 'lag_8': 0.6276134476498659, 'lag_9': 0.64009794993936, 'lag_10': 0.22262096735971498, 'lag_11': 0.8724722084209077, 'lag_12': 0.6225673680198996, 'lag_13': 0.05051408712760039, 'lag_14': 0.8780083408096861, 'lag_15': 0.8347877894494332, 'lag_16': 0.41843778774731594, 'lag_17': 0.8145456098039305, 'lag_18': 0.8507633468305791, 'lag_19': 0.6777110311503778, 'lag_20': 0.058967788778493235, 'lag_21': 0.06711319336785743, 'lag_22': 0.4373011046327166, 'lag_23': 0.9026973412890344, 'lag_24': 0.4312349328245328, 'lag_25': 0.011994797947754599, 'lag_26': 0.13003372899756852, 'lag_27': 0.9734842130785537, 'lag_28': 0.43199040240363024}. Best is trial 12 with value: 0.0015023935742412647.
2025-09-29 12:55:02,560 - distributed.worker - INFO - Stopping worker at tcp://192.168.86.108:43694. Reason: scheduler-remove-worker
2025-09-29 12:55:02,567 - distributed.nanny - INFO - Closing Nanny gracefully at 'tcp://192.168.86.108:36296'. Reason: scheduler-remove-worker
2025-09-29 12:55:02,570 - distributed.worker.state_machine - WARNING - Async instruction for <Task cancelled name='execute(optimize_subject-629b21ab-2381-4a5a-bd89-00d204ae52ad)' coro=<Worker.execute() done, defined at /usr/global/miniconda/py310_23.1.0-1/envs/workshop_311/lib/python3.11/site-packages/distributed/worker_state_machine.py:3607>> ended with CancelledError
slurmstepd: error: *** JOB 3081183 ON node08 CANCELLED AT 2025-09-29T12:55:02 ***
