[I 2025-09-29 13:25:57,307] Trial 87 finished with value: 0.004256354135536973 and parameters: {'lag_0': 0.21758913072240466, 'lag_1': 0.6360747215062845, 'lag_2': 0.7743216042980041, 'lag_3': 0.9089830079598439, 'lag_4': 0.4215436598436647, 'lag_5': 0.7960643137235792, 'lag_6': 0.603586794533845, 'lag_7': 0.7421862963419816, 'lag_8': 0.07557349389203902, 'lag_9': 0.8505649784430939, 'lag_10': 0.8341491636303755, 'lag_11': 0.9237647201499903, 'lag_12': 0.053474679154093735, 'lag_13': 0.8485809780606111, 'lag_14': 0.06548929040922646, 'lag_15': 0.591511188314693, 'lag_16': 0.366402327750179, 'lag_17': 0.03751970211268171, 'lag_18': 0.163997770012913, 'lag_19': 0.6979866432281185, 'lag_20': 0.4892513855099547, 'lag_21': 0.7951403459579952, 'lag_22': 0.10174017692131161, 'lag_23': 0.37109213712456013, 'lag_24': 0.41538301683566825, 'lag_25': 0.6800865054355967, 'lag_26': 0.6418999521589168, 'lag_27': 0.4204076155317519, 'lag_28': 0.22277506485769855}. Best is trial 38 with value: 0.0036369749490562176.
[I 2025-09-29 13:25:59,875] Trial 88 finished with value: 0.0040377242380186555 and parameters: {'lag_0': 0.5795174863922998, 'lag_1': 0.48071835177333383, 'lag_2': 0.4785051663070321, 'lag_3': 0.86472857753324, 'lag_4': 0.8061514078598252, 'lag_5': 0.9295693213350443, 'lag_6': 0.5213137445081206, 'lag_7': 0.8438600254032692, 'lag_8': 0.20216991161517694, 'lag_9': 0.3495832570030347, 'lag_10': 0.7340475577557152, 'lag_11': 0.7796703275505341, 'lag_12': 0.6519760226491097, 'lag_13': 0.9780810702243646, 'lag_14': 0.47462735633975717, 'lag_15': 0.5393037988479997, 'lag_16': 0.34052633331152793, 'lag_17': 0.4050073316741503, 'lag_18': 0.2557201271909731, 'lag_19': 0.4959227944434312, 'lag_20': 0.4471445822823811, 'lag_21': 0.029135240104823906, 'lag_22': 0.19835249291380047, 'lag_23': 0.34920882993157376, 'lag_24': 0.6750396524957959, 'lag_25': 0.9669325769171062, 'lag_26': 0.16346573330963718, 'lag_27': 0.46904832261296503, 'lag_28': 0.31336820414198896}. Best is trial 38 with value: 0.0036369749490562176.
[I 2025-09-29 13:26:02,464] Trial 89 finished with value: 0.004414666477250241 and parameters: {'lag_0': 0.6402325851119017, 'lag_1': 0.6736688372970712, 'lag_2': 0.976027283283465, 'lag_3': 0.7931491392841931, 'lag_4': 0.3110846307920988, 'lag_5': 0.9529692700857588, 'lag_6': 0.6364401702955907, 'lag_7': 0.9748397569518554, 'lag_8': 0.38521738696011393, 'lag_9': 0.3015440631784623, 'lag_10': 0.8772684695643991, 'lag_11': 0.03778422576711449, 'lag_12': 0.34791371290320733, 'lag_13': 0.7653500566460247, 'lag_14': 0.3121373990324505, 'lag_15': 0.05811629044692243, 'lag_16': 0.4436767983272842, 'lag_17': 0.6398924544201344, 'lag_18': 0.4292112215563508, 'lag_19': 0.7536246693480154, 'lag_20': 0.6752622244739147, 'lag_21': 0.4868511766944683, 'lag_22': 0.24906148360757002, 'lag_23': 0.42229628634142385, 'lag_24': 0.31987673590557125, 'lag_25': 0.926545552548816, 'lag_26': 0.49968159568191467, 'lag_27': 0.5713438988443237, 'lag_28': 0.10322098882724692}. Best is trial 38 with value: 0.0036369749490562176.
[I 2025-09-29 13:26:05,024] Trial 90 finished with value: 0.004297877608158159 and parameters: {'lag_0': 0.09435137971841101, 'lag_1': 0.8304661888903556, 'lag_2': 0.8966325858705801, 'lag_3': 0.8328047915081241, 'lag_4': 0.888073904151633, 'lag_5': 0.8709005137742964, 'lag_6': 0.4870121038462025, 'lag_7': 0.8911247887710815, 'lag_8': 0.3245680553572836, 'lag_9': 0.0555365978933135, 'lag_10': 0.9414789727472287, 'lag_11': 0.8933340458839498, 'lag_12': 0.8373203268322371, 'lag_13': 0.5269022099275397, 'lag_14': 0.4336350796831895, 'lag_15': 0.6296717962337377, 'lag_16': 0.4052412167832845, 'lag_17': 0.9436539738420996, 'lag_18': 0.28096683812375317, 'lag_19': 0.7312727307070255, 'lag_20': 0.41162748981978114, 'lag_21': 0.8784451518039428, 'lag_22': 0.6541081427685862, 'lag_23': 0.270041660100784, 'lag_24': 0.5660840784974361, 'lag_25': 0.899107962418835, 'lag_26': 0.44571629952082814, 'lag_27': 0.7783043913247328, 'lag_28': 0.2575153642249404}. Best is trial 38 with value: 0.0036369749490562176.
[I 2025-09-29 13:26:07,598] Trial 91 finished with value: 0.003734230212040788 and parameters: {'lag_0': 0.7217418550832723, 'lag_1': 0.5168384726826252, 'lag_2': 0.7579446093713856, 'lag_3': 0.8534064925153141, 'lag_4': 0.7676986245470884, 'lag_5': 0.6719098426419992, 'lag_6': 0.4833244238662847, 'lag_7': 0.3827791392352595, 'lag_8': 0.2592688669502453, 'lag_9': 0.3915765476641183, 'lag_10': 0.33902929728874354, 'lag_11': 0.8099765018744693, 'lag_12': 0.16900265378095475, 'lag_13': 0.18652910030462794, 'lag_14': 0.5325691501025278, 'lag_15': 0.07530235427861759, 'lag_16': 0.24621635550242385, 'lag_17': 0.4628684038299288, 'lag_18': 0.3459765045364184, 'lag_19': 0.8582573374745737, 'lag_20': 0.48752726627615656, 'lag_21': 0.451034935482108, 'lag_22': 0.03141260954749027, 'lag_23': 0.328167651593672, 'lag_24': 0.6241079604099027, 'lag_25': 0.9357362779172634, 'lag_26': 0.7344211335897332, 'lag_27': 0.49881187261816656, 'lag_28': 0.09299765049767153}. Best is trial 38 with value: 0.0036369749490562176.
[I 2025-09-29 13:26:10,147] Trial 92 finished with value: 0.004172989523559127 and parameters: {'lag_0': 0.7328158408109754, 'lag_1': 0.5411187983589909, 'lag_2': 0.8149056518682467, 'lag_3': 0.8664579366818564, 'lag_4': 0.6722227625274085, 'lag_5': 0.5317559979971375, 'lag_6': 0.4375289498251554, 'lag_7': 0.3625865567530617, 'lag_8': 0.25290707496446824, 'lag_9': 0.26808479625088794, 'lag_10': 0.3398616552438519, 'lag_11': 0.8550998185855156, 'lag_12': 0.14241769345641214, 'lag_13': 0.18578030727837663, 'lag_14': 0.545476591361317, 'lag_15': 0.15401362387357448, 'lag_16': 0.24619585137318328, 'lag_17': 0.5033346935692184, 'lag_18': 0.3494179670524218, 'lag_19': 0.9236868655051887, 'lag_20': 0.5639401301504985, 'lag_21': 0.4360763539779847, 'lag_22': 0.021118312623575206, 'lag_23': 0.3106010678208222, 'lag_24': 0.6302005518631362, 'lag_25': 0.8351237052154025, 'lag_26': 0.7467889285740976, 'lag_27': 0.5423010462612714, 'lag_28': 0.14153417307872757}. Best is trial 38 with value: 0.0036369749490562176.
[I 2025-09-29 13:26:12,702] Trial 93 finished with value: 0.003931892895321967 and parameters: {'lag_0': 0.37708505713536933, 'lag_1': 0.5097524912798186, 'lag_2': 0.6842530610972534, 'lag_3': 0.93781868854209, 'lag_4': 0.7720440651179703, 'lag_5': 0.7262823002774856, 'lag_6': 0.6726095068805354, 'lag_7': 0.32201499095576125, 'lag_8': 0.29196546931377704, 'lag_9': 0.7750742018532438, 'lag_10': 0.19669957426564205, 'lag_11': 0.8232508975639307, 'lag_12': 0.10214407916386047, 'lag_13': 0.1968054890338136, 'lag_14': 0.4870900437337139, 'lag_15': 0.027151273000850837, 'lag_16': 0.209596052824027, 'lag_17': 0.45416874565526866, 'lag_18': 0.009762061120210917, 'lag_19': 0.8472574534278164, 'lag_20': 0.6343147108744305, 'lag_21': 0.6168346641865047, 'lag_22': 0.15266832217925674, 'lag_23': 0.3979196943551197, 'lag_24': 0.7508802843619986, 'lag_25': 0.8692973995175727, 'lag_26': 0.5926868454016683, 'lag_27': 0.4335116829404313, 'lag_28': 0.06788984593667245}. Best is trial 38 with value: 0.0036369749490562176.
[I 2025-09-29 13:26:15,271] Trial 94 finished with value: 0.0032683552334877705 and parameters: {'lag_0': 0.36593419840288843, 'lag_1': 0.5067784452056798, 'lag_2': 0.6911400843662737, 'lag_3': 0.9874653605457273, 'lag_4': 0.7666144030645757, 'lag_5': 0.6596689007288334, 'lag_6': 0.6626864580021862, 'lag_7': 0.26030753412669905, 'lag_8': 0.35926065288680153, 'lag_9': 0.7738044307001899, 'lag_10': 0.30668146539432073, 'lag_11': 0.8158210704102737, 'lag_12': 0.19309707603269916, 'lag_13': 0.233856659126334, 'lag_14': 0.4075855396307133, 'lag_15': 0.017728076468319934, 'lag_16': 0.17997915131349332, 'lag_17': 0.4643317683144439, 'lag_18': 0.6453707195807779, 'lag_19': 0.8493584332827544, 'lag_20': 0.6225668796866776, 'lag_21': 0.6123280277265775, 'lag_22': 0.14975059338320298, 'lag_23': 0.3372376975264794, 'lag_24': 0.7579865099661967, 'lag_25': 0.9773953835286439, 'lag_26': 0.031583937088479286, 'lag_27': 0.4460634540241193, 'lag_28': 0.06133393478912483}. Best is trial 94 with value: 0.0032683552334877705.
[I 2025-09-29 13:26:17,833] Trial 95 finished with value: 0.004719023434835613 and parameters: {'lag_0': 0.5325571754210591, 'lag_1': 0.5925677746658915, 'lag_2': 0.7452936778138434, 'lag_3': 0.990767814963441, 'lag_4': 0.7238305549672843, 'lag_5': 0.6452672514832123, 'lag_6': 0.5714857577724662, 'lag_7': 0.39407298973466776, 'lag_8': 0.35596180730722465, 'lag_9': 0.38161985866636555, 'lag_10': 0.30663973637056, 'lag_11': 0.8106371484477285, 'lag_12': 0.197111098065487, 'lag_13': 0.2314892276633776, 'lag_14': 0.19673325767962666, 'lag_15': 0.05927105304848726, 'lag_16': 0.17512348275403, 'lag_17': 0.4219429016942196, 'lag_18': 0.6785523849769236, 'lag_19': 0.960770323319327, 'lag_20': 0.5922414051984135, 'lag_21': 0.9596356459500854, 'lag_22': 0.1270223503726094, 'lag_23': 0.3373686573008218, 'lag_24': 0.7213599161666643, 'lag_25': 0.9303488249725324, 'lag_26': 0.03380632578700986, 'lag_27': 0.3917366965630718, 'lag_28': 0.08459169262552133}. Best is trial 94 with value: 0.0032683552334877705.
[I 2025-09-29 13:26:20,589] Trial 96 finished with value: 0.004801594726946845 and parameters: {'lag_0': 0.4447940897721599, 'lag_1': 0.44909247156271487, 'lag_2': 0.7111371814948063, 'lag_3': 0.9628482633087324, 'lag_4': 0.7974548840764435, 'lag_5': 0.6598939197999862, 'lag_6': 0.741188833321961, 'lag_7': 0.2633239811174024, 'lag_8': 0.40574790448334175, 'lag_9': 0.2202279933661782, 'lag_10': 0.26525345288556124, 'lag_11': 0.7496463308133171, 'lag_12': 0.2306548854199529, 'lag_13': 0.27130562479453185, 'lag_14': 0.4137488368945478, 'lag_15': 0.10988772959789618, 'lag_16': 0.25814294171403596, 'lag_17': 0.6155225514581776, 'lag_18': 0.5813214760797396, 'lag_19': 0.8570750069761164, 'lag_20': 0.7002572334791074, 'lag_21': 0.5831402343069986, 'lag_22': 0.08177318364558661, 'lag_23': 0.30085057468779597, 'lag_24': 0.7847839638219127, 'lag_25': 0.979583032208299, 'lag_26': 0.008025147680161049, 'lag_27': 0.4439550012753841, 'lag_28': 0.11173494464022098}. Best is trial 94 with value: 0.0032683552334877705.
[I 2025-09-29 13:26:23,182] Trial 97 finished with value: 0.0039886040960883645 and parameters: {'lag_0': 0.2997949790468091, 'lag_1': 0.5687926967467324, 'lag_2': 0.9285360530698795, 'lag_3': 0.915138261949114, 'lag_4': 0.869513671118123, 'lag_5': 0.7558929339127131, 'lag_6': 0.6326115040872945, 'lag_7': 0.21815931818386813, 'lag_8': 0.5007907996880592, 'lag_9': 0.4004712043884703, 'lag_10': 0.3678417793100648, 'lag_11': 0.7648911885981622, 'lag_12': 0.16969901059373532, 'lag_13': 0.3053914648603329, 'lag_14': 0.3681717674312617, 'lag_15': 0.08246134299484112, 'lag_16': 0.18291630344268997, 'lag_17': 0.5387217408341104, 'lag_18': 0.6472250796203564, 'lag_19': 0.7976483504388086, 'lag_20': 0.5758084213880439, 'lag_21': 0.5296365821543725, 'lag_22': 0.050310996420616275, 'lag_23': 0.23158530147338058, 'lag_24': 0.6553687072265817, 'lag_25': 0.8962085687575376, 'lag_26': 0.07891276878117655, 'lag_27': 0.5204903248662569, 'lag_28': 0.02800866181516387}. Best is trial 94 with value: 0.0032683552334877705.
[I 2025-09-29 13:26:25,767] Trial 98 finished with value: 0.004594513933215438 and parameters: {'lag_0': 0.8111469530310258, 'lag_1': 0.4998326897638695, 'lag_2': 0.6276078505716741, 'lag_3': 0.4745695989046599, 'lag_4': 0.8356162057553909, 'lag_5': 0.5285539363611466, 'lag_6': 0.5062112977506952, 'lag_7': 0.42649302572625925, 'lag_8': 0.31711414305413876, 'lag_9': 0.45309637504311323, 'lag_10': 0.4073964981393129, 'lag_11': 0.7281010606182933, 'lag_12': 0.45814841415697777, 'lag_13': 0.27594902943344707, 'lag_14': 0.826905978368824, 'lag_15': 0.03665120447164338, 'lag_16': 0.3092347015943458, 'lag_17': 0.34151324421528184, 'lag_18': 0.7097355510677529, 'lag_19': 0.8995843488227657, 'lag_20': 0.02999597322926495, 'lag_21': 0.5513747898524941, 'lag_22': 0.18054939961760533, 'lag_23': 0.33953003938151627, 'lag_24': 0.7627533472339685, 'lag_25': 0.2905248433051857, 'lag_26': 0.1382205611069401, 'lag_27': 0.3692459805536289, 'lag_28': 0.062289099163739425}. Best is trial 94 with value: 0.0032683552334877705.
[I 2025-09-29 13:26:28,353] Trial 99 finished with value: 0.004147874080379037 and parameters: {'lag_0': 0.4924112619917641, 'lag_1': 0.5236238010738852, 'lag_2': 0.780007083750134, 'lag_3': 0.04065537830078941, 'lag_4': 0.7586740211398804, 'lag_5': 0.698172604289823, 'lag_6': 0.7690700573330407, 'lag_7': 0.14131661616292904, 'lag_8': 0.667318447407847, 'lag_9': 0.4937111056893351, 'lag_10': 0.23866029261729338, 'lag_11': 0.6986290895521317, 'lag_12': 0.13528168393925052, 'lag_13': 0.17102186658122304, 'lag_14': 0.29728125130820426, 'lag_15': 0.17254487673127702, 'lag_16': 0.21980816179029639, 'lag_17': 0.5148266060896042, 'lag_18': 0.7720132573465766, 'lag_19': 0.875339669785631, 'lag_20': 0.6243932451593028, 'lag_21': 0.458010410851051, 'lag_22': 0.09221176214916398, 'lag_23': 0.15909610745137373, 'lag_24': 0.7256335217688443, 'lag_25': 0.5324960689795308, 'lag_26': 0.1909718219873787, 'lag_27': 0.46734482121911813, 'lag_28': 0.04964984331893823}. Best is trial 94 with value: 0.0032683552334877705.
2025-09-29 13:26:30,752 - distributed.worker - INFO - Stopping worker at tcp://192.168.86.140:32794. Reason: scheduler-remove-worker
2025-09-29 13:26:30,756 - distributed.nanny - INFO - Closing Nanny gracefully at 'tcp://192.168.86.140:34192'. Reason: scheduler-remove-worker
2025-09-29 13:26:30,762 - distributed.nanny - INFO - Worker closed
2025-09-29 13:26:30,763 - distributed.core - INFO - Connection to tcp://192.168.86.101:42031 has been closed.
slurmstepd: error: *** JOB 3081218 ON node40 CANCELLED AT 2025-09-29T13:26:30 ***
