[I 2025-09-29 11:55:13,345] Trial 82 finished with value: 0.007053786096787503 and parameters: {'lag_0': 0.8506235217396969, 'lag_1': 0.4563612083083788, 'lag_2': 0.13613907886454393, 'lag_3': 0.30544575795326767, 'lag_4': 0.43681115833972406, 'lag_5': 0.9460395629946621, 'lag_6': 0.06137361286277864, 'lag_7': 0.6071204602413961, 'lag_8': 0.2853209455169144, 'lag_9': 0.14796428304175274, 'lag_10': 0.2140204234164135, 'lag_11': 0.5169176775141027, 'lag_12': 0.2355198782076018, 'lag_13': 0.24997591093716243, 'lag_14': 0.20987180506821382, 'lag_15': 0.7293409695784254, 'lag_16': 0.8996089624455901, 'lag_17': 0.48955664725545767, 'lag_18': 0.945891852496202, 'lag_19': 0.2970542610510922, 'lag_20': 0.32614135114685844, 'lag_21': 0.025492600694012612, 'lag_22': 0.8059541170270588, 'lag_23': 0.7535065161614656, 'lag_24': 0.002322103989516107, 'lag_25': 0.9392053643322832, 'lag_26': 0.44242092015675455, 'lag_27': 0.9622572266610431, 'lag_28': 0.21769713021071385}. Best is trial 60 with value: 0.006883536467104186.
[I 2025-09-29 11:55:15,667] Trial 83 finished with value: 0.007240018929098429 and parameters: {'lag_0': 0.6909675679649459, 'lag_1': 0.35399942521295186, 'lag_2': 0.17546204491072337, 'lag_3': 0.20245344689944142, 'lag_4': 0.34393606871310256, 'lag_5': 0.8343451708216282, 'lag_6': 5.830582147070551e-05, 'lag_7': 0.5537128537892984, 'lag_8': 0.2923782467056291, 'lag_9': 0.07097385874148027, 'lag_10': 0.3994361728966615, 'lag_11': 0.4698968868485568, 'lag_12': 0.09613688211210397, 'lag_13': 0.4151989955124784, 'lag_14': 0.1683050843463263, 'lag_15': 0.6187592295995396, 'lag_16': 0.863449239965943, 'lag_17': 0.5653195033414651, 'lag_18': 0.8859226745212391, 'lag_19': 0.34275641839918813, 'lag_20': 0.40309194217901023, 'lag_21': 0.08953893931063067, 'lag_22': 0.8731165398436853, 'lag_23': 0.8309915910760617, 'lag_24': 0.005811575234972116, 'lag_25': 0.991103026536384, 'lag_26': 0.3832081681762365, 'lag_27': 0.8440123913994653, 'lag_28': 0.26103256977319367}. Best is trial 60 with value: 0.006883536467104186.
[I 2025-09-29 11:55:17,990] Trial 84 finished with value: 0.007299834626537568 and parameters: {'lag_0': 0.8321470085339684, 'lag_1': 0.5870807236734846, 'lag_2': 0.2133701238518425, 'lag_3': 0.2842814038314264, 'lag_4': 0.5891058946367788, 'lag_5': 0.9141338506025367, 'lag_6': 0.04360021076351296, 'lag_7': 0.4614959466242603, 'lag_8': 0.3860850788862043, 'lag_9': 0.18321003181216733, 'lag_10': 0.15162232181831375, 'lag_11': 0.7805557039566762, 'lag_12': 0.13895543266322377, 'lag_13': 0.15005325082501655, 'lag_14': 0.27339528467624896, 'lag_15': 0.6227606870149216, 'lag_16': 0.944562730604072, 'lag_17': 0.527821780214314, 'lag_18': 0.9652469557300369, 'lag_19': 0.2684037749545656, 'lag_20': 0.4355031659539221, 'lag_21': 0.04500460887087669, 'lag_22': 0.8468134892675476, 'lag_23': 0.6805267669085204, 'lag_24': 0.07782761738360269, 'lag_25': 0.7350883441692175, 'lag_26': 0.41846960102174147, 'lag_27': 0.7900271748302037, 'lag_28': 0.3352001993558462}. Best is trial 60 with value: 0.006883536467104186.
[I 2025-09-29 11:55:20,303] Trial 85 finished with value: 0.007330005209172127 and parameters: {'lag_0': 0.6976925915805866, 'lag_1': 0.41252721037042406, 'lag_2': 0.050444963935305176, 'lag_3': 0.3634156062371628, 'lag_4': 0.4295439652075161, 'lag_5': 0.7812188968840513, 'lag_6': 0.022447814720713666, 'lag_7': 0.6371295417351394, 'lag_8': 0.3543968580766868, 'lag_9': 0.023856910821101418, 'lag_10': 0.31291754541259686, 'lag_11': 0.48830356490550314, 'lag_12': 0.2790345163644458, 'lag_13': 0.14792510441352702, 'lag_14': 0.29506221263530463, 'lag_15': 0.5903810435896293, 'lag_16': 0.8193556873513944, 'lag_17': 0.6214848123330753, 'lag_18': 0.9209774406433507, 'lag_19': 0.21152588754855112, 'lag_20': 0.47158134696977827, 'lag_21': 0.002429411542794066, 'lag_22': 0.6949095776747437, 'lag_23': 0.7299983554119307, 'lag_24': 0.11181957515163421, 'lag_25': 0.764163966635695, 'lag_26': 0.551102300690999, 'lag_27': 0.9084012026034352, 'lag_28': 0.0920506257063293}. Best is trial 60 with value: 0.006883536467104186.
[I 2025-09-29 11:55:22,617] Trial 86 finished with value: 0.007055576115852796 and parameters: {'lag_0': 0.7522582773989853, 'lag_1': 0.4527084168521588, 'lag_2': 0.09408832715062335, 'lag_3': 0.21477442965664012, 'lag_4': 0.501915788418271, 'lag_5': 0.8805154179653817, 'lag_6': 0.07142559951771678, 'lag_7': 0.6520291572309185, 'lag_8': 0.23658574596559057, 'lag_9': 0.23022319429042462, 'lag_10': 0.19533008737577834, 'lag_11': 0.6286660340381534, 'lag_12': 0.9984915142451847, 'lag_13': 0.09635617320863725, 'lag_14': 0.32664638547624386, 'lag_15': 0.5177058141555955, 'lag_16': 0.8516894429103373, 'lag_17': 0.5616255961522023, 'lag_18': 0.8369466114747147, 'lag_19': 0.31078211969984293, 'lag_20': 0.28003022035743375, 'lag_21': 0.07059653718044637, 'lag_22': 0.7917476330157535, 'lag_23': 0.6529748646600392, 'lag_24': 0.11628341363013864, 'lag_25': 0.8713960854557413, 'lag_26': 0.2899856567360407, 'lag_27': 0.8643491674644266, 'lag_28': 0.23125815515948783}. Best is trial 60 with value: 0.006883536467104186.
[I 2025-09-29 11:55:24,938] Trial 87 finished with value: 0.007249229159104541 and parameters: {'lag_0': 0.8987836133801461, 'lag_1': 0.6408188157550873, 'lag_2': 0.1334673197590616, 'lag_3': 0.15697612480604606, 'lag_4': 0.5528927862293932, 'lag_5': 0.7549581523016125, 'lag_6': 0.13650193297214425, 'lag_7': 0.5192598398897895, 'lag_8': 0.33325932875806324, 'lag_9': 0.14182637117373703, 'lag_10': 0.23525903554496844, 'lag_11': 0.4171646717428342, 'lag_12': 0.16622428622497237, 'lag_13': 0.21649595558927015, 'lag_14': 0.2285503181535839, 'lag_15': 0.7129101994390816, 'lag_16': 0.803023206923281, 'lag_17': 0.45929087524437057, 'lag_18': 0.8022579983055101, 'lag_19': 0.2392126557544913, 'lag_20': 0.30462122738422465, 'lag_21': 0.09617861177113729, 'lag_22': 0.7398877777865334, 'lag_23': 0.9994024272684374, 'lag_24': 0.029724939509573056, 'lag_25': 0.7081261196741915, 'lag_26': 0.34188642926343865, 'lag_27': 0.8105108023473857, 'lag_28': 0.16845034357967398}. Best is trial 60 with value: 0.006883536467104186.
[I 2025-09-29 11:55:27,257] Trial 88 finished with value: 0.0076361221191858005 and parameters: {'lag_0': 0.7966919575463262, 'lag_1': 0.48510159771783884, 'lag_2': 0.23402598215812132, 'lag_3': 0.23599928932826336, 'lag_4': 0.4840878949502331, 'lag_5': 0.6450313281952192, 'lag_6': 0.0008403963350208654, 'lag_7': 0.5896010862240153, 'lag_8': 0.2088763965508583, 'lag_9': 0.10566682593821407, 'lag_10': 0.2666080914003071, 'lag_11': 0.5490885534566868, 'lag_12': 0.20245516439109293, 'lag_13': 0.053144050748765465, 'lag_14': 0.1837867922279105, 'lag_15': 0.5484767621871265, 'lag_16': 0.9937840195249167, 'lag_17': 0.5868122599440957, 'lag_18': 0.9813284797462198, 'lag_19': 0.267753235237003, 'lag_20': 0.3677527704526553, 'lag_21': 0.15723844270493978, 'lag_22': 0.962655416703907, 'lag_23': 0.7648876105078499, 'lag_24': 0.07976280009788078, 'lag_25': 0.8111984759860458, 'lag_26': 0.510736147011815, 'lag_27': 0.7627016198034728, 'lag_28': 0.0715403824092819}. Best is trial 60 with value: 0.006883536467104186.
[I 2025-09-29 11:55:29,574] Trial 89 finished with value: 0.0072573450453899705 and parameters: {'lag_0': 0.2768288557980765, 'lag_1': 0.5197024896884161, 'lag_2': 0.19917445488168348, 'lag_3': 0.2771427669069354, 'lag_4': 0.6786400498766142, 'lag_5': 0.822844666231135, 'lag_6': 0.053571933229159666, 'lag_7': 0.6897905964055258, 'lag_8': 0.29857425068427124, 'lag_9': 0.0777839133144251, 'lag_10': 0.16209052014195138, 'lag_11': 0.7167789912997553, 'lag_12': 0.33697067547503157, 'lag_13': 0.2762113840714976, 'lag_14': 0.34248830941141495, 'lag_15': 0.6558365549095213, 'lag_16': 0.9152485060758052, 'lag_17': 0.5237842497318071, 'lag_18': 0.7644241558086126, 'lag_19': 0.22320871471116713, 'lag_20': 0.5125097624331492, 'lag_21': 0.03463575707547645, 'lag_22': 0.9242340132555209, 'lag_23': 0.7942543734677455, 'lag_24': 0.14100831819743515, 'lag_25': 0.9333397357354991, 'lag_26': 0.6011942738074805, 'lag_27': 0.9321246579892472, 'lag_28': 0.1900894869510145}. Best is trial 60 with value: 0.006883536467104186.
[I 2025-09-29 11:55:31,897] Trial 90 finished with value: 0.007414037540890607 and parameters: {'lag_0': 0.7233439668606083, 'lag_1': 0.43096274749262364, 'lag_2': 0.11828767654267058, 'lag_3': 0.3234856073936291, 'lag_4': 0.6183221908573636, 'lag_5': 0.8532000389340472, 'lag_6': 0.1763965896981468, 'lag_7': 0.6289206922569937, 'lag_8': 0.4081161968065875, 'lag_9': 0.051329881187543704, 'lag_10': 0.3809654466375372, 'lag_11': 0.5771977084842137, 'lag_12': 0.11536522433874473, 'lag_13': 0.30828297548189043, 'lag_14': 0.5270231814457282, 'lag_15': 0.5910874599640552, 'lag_16': 0.9321116724065167, 'lag_17': 0.6909825276066003, 'lag_18': 0.5133538394493868, 'lag_19': 0.17558784917057638, 'lag_20': 0.3368370663795661, 'lag_21': 0.15682138269771503, 'lag_22': 0.8914168259379509, 'lag_23': 0.5884445760943331, 'lag_24': 0.03076240445622362, 'lag_25': 0.9017103396418127, 'lag_26': 0.25806460986806534, 'lag_27': 0.9583951851003455, 'lag_28': 0.2816001480606918}. Best is trial 60 with value: 0.006883536467104186.
[I 2025-09-29 11:55:34,214] Trial 91 finished with value: 0.007317937800932234 and parameters: {'lag_0': 0.33974971002097865, 'lag_1': 0.5632204993902733, 'lag_2': 0.25645099203773913, 'lag_3': 0.09509168800021733, 'lag_4': 0.36774599102458067, 'lag_5': 0.03589145195513863, 'lag_6': 0.10995264711732183, 'lag_7': 0.5135152114262672, 'lag_8': 0.4584653599569486, 'lag_9': 0.16148288837773306, 'lag_10': 0.22344979262704007, 'lag_11': 0.44579444415444247, 'lag_12': 0.016984633799147025, 'lag_13': 0.18122992320866488, 'lag_14': 0.44179280572226476, 'lag_15': 0.15026607392016808, 'lag_16': 0.7572572873258668, 'lag_17': 0.6208035432128438, 'lag_18': 0.7858282043129227, 'lag_19': 0.18506651605085, 'lag_20': 0.3915232774112272, 'lag_21': 0.07349221484854929, 'lag_22': 0.7874386210676997, 'lag_23': 0.8218158079784184, 'lag_24': 0.08832969494364261, 'lag_25': 0.6903116287339837, 'lag_26': 0.36486291669246046, 'lag_27': 0.8812013398577697, 'lag_28': 0.36552758543561226}. Best is trial 60 with value: 0.006883536467104186.
[I 2025-09-29 11:55:36,530] Trial 92 finished with value: 0.007059008116107418 and parameters: {'lag_0': 0.8360669163537013, 'lag_1': 0.37387100246834243, 'lag_2': 0.30411871495262527, 'lag_3': 0.12233675347826634, 'lag_4': 0.38729438383800996, 'lag_5': 0.6134271602734963, 'lag_6': 0.08621386019854431, 'lag_7': 0.5668170772348471, 'lag_8': 0.24573095942008094, 'lag_9': 0.22140156477865164, 'lag_10': 0.12234583353567773, 'lag_11': 0.41545099039727945, 'lag_12': 0.06987228944471745, 'lag_13': 0.22958072283138964, 'lag_14': 0.25057731470375405, 'lag_15': 0.18432323319238947, 'lag_16': 0.7310886438148214, 'lag_17': 0.654611247326706, 'lag_18': 0.7535630774440625, 'lag_19': 0.20586529651432361, 'lag_20': 0.4548675962750781, 'lag_21': 0.4134163230576863, 'lag_22': 0.4672815375573819, 'lag_23': 0.8546583485670147, 'lag_24': 0.8613105894437599, 'lag_25': 0.4531585735230156, 'lag_26': 0.43211147886748613, 'lag_27': 0.9711402038451505, 'lag_28': 0.4414321321033997}. Best is trial 60 with value: 0.006883536467104186.
[I 2025-09-29 11:55:38,841] Trial 93 finished with value: 0.007312514101481514 and parameters: {'lag_0': 0.7709516955179332, 'lag_1': 0.46368694113210634, 'lag_2': 0.040697659940408054, 'lag_3': 0.031727996688974434, 'lag_4': 0.34550982244798123, 'lag_5': 0.6766598850231023, 'lag_6': 0.030798723277423626, 'lag_7': 0.4933255916781829, 'lag_8': 0.36397678652661325, 'lag_9': 0.12333081787028395, 'lag_10': 0.4496130534894196, 'lag_11': 0.5307572938986749, 'lag_12': 0.057373284227764096, 'lag_13': 0.16279828551885095, 'lag_14': 0.2974545495227708, 'lag_15': 0.2106245065564934, 'lag_16': 0.8799633433490459, 'lag_17': 0.6736763712581789, 'lag_18': 0.5701962579740419, 'lag_19': 0.13634281660308703, 'lag_20': 0.2838631803455692, 'lag_21': 0.7757125715677284, 'lag_22': 0.498156622700285, 'lag_23': 0.9581974736101732, 'lag_24': 0.064576167471738, 'lag_25': 0.8439200435094495, 'lag_26': 0.4007228181181449, 'lag_27': 0.16756068012734082, 'lag_28': 0.31782116522144044}. Best is trial 60 with value: 0.006883536467104186.
[I 2025-09-29 11:55:41,159] Trial 94 finished with value: 0.007495159828593297 and parameters: {'lag_0': 0.36915917423600125, 'lag_1': 0.6024731090403042, 'lag_2': 0.17185067319332703, 'lag_3': 0.25310181713235014, 'lag_4': 0.2804389102074387, 'lag_5': 0.9579696720780005, 'lag_6': 0.21637095522304128, 'lag_7': 0.44949029580367306, 'lag_8': 0.5805601823804583, 'lag_9': 0.25919603015318204, 'lag_10': 0.1687228149518974, 'lag_11': 0.45878906031933314, 'lag_12': 0.02510253492139375, 'lag_13': 0.1233780561472283, 'lag_14': 0.4806001919709618, 'lag_15': 0.25671045083251504, 'lag_16': 0.6946121991560458, 'lag_17': 0.4271009866187603, 'lag_18': 0.8183231633215664, 'lag_19': 0.0971165602798375, 'lag_20': 0.22656982319710767, 'lag_21': 0.10537228607963517, 'lag_22': 0.06962958182377486, 'lag_23': 0.7435794971760485, 'lag_24': 0.22108749608535483, 'lag_25': 0.5911114865912837, 'lag_26': 0.30606288154815736, 'lag_27': 0.9230404814061685, 'lag_28': 0.9995044344400404}. Best is trial 60 with value: 0.006883536467104186.
[I 2025-09-29 11:55:43,477] Trial 95 finished with value: 0.007291066652601846 and parameters: {'lag_0': 0.6584175111897017, 'lag_1': 0.8058193285948593, 'lag_2': 0.27580145764473873, 'lag_3': 0.4182843504149817, 'lag_4': 0.4093825324700443, 'lag_5': 0.9001967644759138, 'lag_6': 0.1427614815962055, 'lag_7': 0.531396306474528, 'lag_8': 0.512831368766932, 'lag_9': 0.0027996184546224684, 'lag_10': 0.06594322401277171, 'lag_11': 0.3897947245771308, 'lag_12': 0.09256081213740107, 'lag_13': 0.20018014098935477, 'lag_14': 0.5571458098285115, 'lag_15': 0.6305726846899918, 'lag_16': 0.6516870792161162, 'lag_17': 0.5951396283800202, 'lag_18': 0.9043212699576886, 'lag_19': 0.2393951552762349, 'lag_20': 0.364385556830393, 'lag_21': 0.6601897715447624, 'lag_22': 0.8313980871589766, 'lag_23': 0.7899545206361207, 'lag_24': 0.5768243303047353, 'lag_25': 0.47997610546948793, 'lag_26': 0.040277156863170446, 'lag_27': 0.8535883536129899, 'lag_28': 0.5075111748739529}. Best is trial 60 with value: 0.006883536467104186.
[I 2025-09-29 11:55:45,794] Trial 96 finished with value: 0.007349920996020001 and parameters: {'lag_0': 0.5677236796023425, 'lag_1': 0.774060944550994, 'lag_2': 0.3453008694330389, 'lag_3': 0.0016325407207122555, 'lag_4': 0.4662477822232471, 'lag_5': 0.5109411346275498, 'lag_6': 0.06256669367199674, 'lag_7': 0.5436629517249905, 'lag_8': 0.31239626126928477, 'lag_9': 0.38855009380682115, 'lag_10': 0.47878413210551657, 'lag_11': 0.9277000031033219, 'lag_12': 0.12754721771384622, 'lag_13': 0.9173373501055859, 'lag_14': 0.3645237146452743, 'lag_15': 0.4675237727934075, 'lag_16': 0.8014989447756494, 'lag_17': 0.5081209949514734, 'lag_18': 0.7147922531684463, 'lag_19': 0.3039089503215481, 'lag_20': 0.4257735378220002, 'lag_21': 0.19305793972319632, 'lag_22': 0.7512244862878305, 'lag_23': 0.882723622615605, 'lag_24': 0.035011090967559826, 'lag_25': 0.5555161792173451, 'lag_26': 0.216356545181038, 'lag_27': 0.14279499906571927, 'lag_28': 0.41903673301373023}. Best is trial 60 with value: 0.006883536467104186.
[I 2025-09-29 11:55:48,117] Trial 97 finished with value: 0.007109180709794831 and parameters: {'lag_0': 0.3030245942856328, 'lag_1': 0.660940985141056, 'lag_2': 0.7795498762012577, 'lag_3': 0.055934308840632926, 'lag_4': 0.232490375098083, 'lag_5': 0.8057422876534527, 'lag_6': 0.11857038939469938, 'lag_7': 0.6048438247738941, 'lag_8': 0.617841639655242, 'lag_9': 0.18034046460909675, 'lag_10': 0.19989008324844318, 'lag_11': 0.4812428673026801, 'lag_12': 0.2321490861919247, 'lag_13': 0.9947698434562019, 'lag_14': 0.31178847969000584, 'lag_15': 0.3176477540249049, 'lag_16': 0.47074131264185326, 'lag_17': 0.708100193876232, 'lag_18': 0.8407005739276003, 'lag_19': 0.06444278439860378, 'lag_20': 0.12982458239052214, 'lag_21': 0.048397692786656274, 'lag_22': 0.23161382232367708, 'lag_23': 0.6388695864110473, 'lag_24': 0.8621290127506026, 'lag_25': 0.6649389638913011, 'lag_26': 0.24093080132589764, 'lag_27': 0.9952126996760575, 'lag_28': 0.3564665053437583}. Best is trial 60 with value: 0.006883536467104186.
[I 2025-09-29 11:55:50,440] Trial 98 finished with value: 0.007402421947903195 and parameters: {'lag_0': 0.8856058869377527, 'lag_1': 0.5174695094579551, 'lag_2': 0.19053615415453726, 'lag_3': 0.30404165788848947, 'lag_4': 0.598121194242226, 'lag_5': 0.45031388320772553, 'lag_6': 0.08530036466767522, 'lag_7': 0.6592611969450206, 'lag_8': 0.6667222892079941, 'lag_9': 0.038766074426693595, 'lag_10': 0.5298930867388019, 'lag_11': 0.4278252697208604, 'lag_12': 0.00020351483623434058, 'lag_13': 0.7691488262798434, 'lag_14': 0.6311544481774604, 'lag_15': 0.10705126704745455, 'lag_16': 0.5679754989338308, 'lag_17': 0.5448808412919913, 'lag_18': 0.6481126862195692, 'lag_19': 0.3302358540650696, 'lag_20': 0.1674135749436077, 'lag_21': 0.24861227809274516, 'lag_22': 0.42871938518831254, 'lag_23': 0.9340829850932205, 'lag_24': 0.31611002575484304, 'lag_25': 0.5186045524232687, 'lag_26': 0.1308418217550848, 'lag_27': 0.20148279715760697, 'lag_28': 0.48837115280522625}. Best is trial 60 with value: 0.006883536467104186.
[I 2025-09-29 11:55:52,758] Trial 99 finished with value: 0.007306684332180588 and parameters: {'lag_0': 0.442241508434817, 'lag_1': 0.396580169457784, 'lag_2': 0.15342958067622803, 'lag_3': 0.1787376294526321, 'lag_4': 0.42534177441608306, 'lag_5': 0.126837640810882, 'lag_6': 0.026165817560085868, 'lag_7': 0.4186563280057648, 'lag_8': 0.5558789032178598, 'lag_9': 0.4704372815737958, 'lag_10': 0.30918928070064056, 'lag_11': 0.25807547177163087, 'lag_12': 0.05858588948808376, 'lag_13': 0.38762249861278175, 'lag_14': 0.42353616179448567, 'lag_15': 0.06610496074484204, 'lag_16': 0.8481354686286339, 'lag_17': 0.744462088839134, 'lag_18': 0.8905392428971758, 'lag_19': 0.18794650908983868, 'lag_20': 0.08358524777993098, 'lag_21': 0.14485967192314883, 'lag_22': 0.3815943368272483, 'lag_23': 0.688462912557214, 'lag_24': 0.18576459068503304, 'lag_25': 0.7267023897879381, 'lag_26': 0.46770741810862726, 'lag_27': 0.8881568794643507, 'lag_28': 0.10247609093787557}. Best is trial 60 with value: 0.006883536467104186.
[I 2025-09-29 11:55:52,771] A new study created in memory with name: no-name-418a0eca-85ff-4e3f-ab18-e9be9707bedd
[I 2025-09-29 11:55:55,049] Trial 0 finished with value: 0.020152185343504943 and parameters: {'lag_0': 0.38033516965677616, 'lag_1': 0.9675786250792924, 'lag_2': 0.7533541446006629, 'lag_3': 0.12687538308447935, 'lag_4': 0.07195606858559217, 'lag_5': 0.5699769396484896, 'lag_6': 0.40211032821244774, 'lag_7': 0.14173329512885047, 'lag_8': 0.5707195962286568, 'lag_9': 0.612743574836965, 'lag_10': 0.8248990031247618, 'lag_11': 0.1978385694313419, 'lag_12': 0.611813124443335, 'lag_13': 0.944974836349433, 'lag_14': 0.5418252531525098, 'lag_15': 0.2172506477959464, 'lag_16': 0.8744634254709224, 'lag_17': 0.4909007352836726, 'lag_18': 0.9412005423065781, 'lag_19': 0.20930397419993466, 'lag_20': 0.932642621010259, 'lag_21': 0.4015235887095334, 'lag_22': 0.5833961507803279, 'lag_23': 0.41105373900118664, 'lag_24': 0.4948355478016542, 'lag_25': 0.8090029128427432, 'lag_26': 0.4390033361454745, 'lag_27': 0.5085958155377774, 'lag_28': 0.5881203641746511}. Best is trial 0 with value: 0.020152185343504943.
[I 2025-09-29 11:55:57,316] Trial 1 finished with value: 0.020707594795785312 and parameters: {'lag_0': 0.48516345658720983, 'lag_1': 0.7892560724552278, 'lag_2': 0.38737923224325316, 'lag_3': 0.7293508902134096, 'lag_4': 0.13382347484664722, 'lag_5': 0.05385641305186277, 'lag_6': 0.6638032240621391, 'lag_7': 0.6684412650776426, 'lag_8': 0.1112709700000228, 'lag_9': 0.2660722941049263, 'lag_10': 0.04814919057125464, 'lag_11': 0.7780498508562693, 'lag_12': 0.8593806308835117, 'lag_13': 0.8064146072537327, 'lag_14': 0.22038030925718982, 'lag_15': 0.9603162812546444, 'lag_16': 0.07715621112651723, 'lag_17': 0.19118130952807025, 'lag_18': 0.5164418848664171, 'lag_19': 0.055152047290509924, 'lag_20': 0.931141215168519, 'lag_21': 0.36971340982937095, 'lag_22': 0.9207599817001499, 'lag_23': 0.12206919822939256, 'lag_24': 0.6387974691545143, 'lag_25': 0.3236353159297587, 'lag_26': 0.22749460678672095, 'lag_27': 0.037156510894668766, 'lag_28': 0.24545811663773895}. Best is trial 0 with value: 0.020152185343504943.
[I 2025-09-29 11:55:59,586] Trial 2 finished with value: 0.02076172953631636 and parameters: {'lag_0': 0.12862367721863407, 'lag_1': 0.6560695776266521, 'lag_2': 0.8720715355322547, 'lag_3': 0.10431199130881641, 'lag_4': 0.621802447525589, 'lag_5': 0.3277398819064192, 'lag_6': 0.9012435466002986, 'lag_7': 0.39883918579514255, 'lag_8': 0.5774841767042089, 'lag_9': 0.6044161257683507, 'lag_10': 0.9468091165858483, 'lag_11': 0.6482494123262582, 'lag_12': 0.6062508278458852, 'lag_13': 0.6465904739628027, 'lag_14': 0.1252204856023455, 'lag_15': 0.31847983850183537, 'lag_16': 0.07756580766418367, 'lag_17': 0.9027088102057828, 'lag_18': 0.288050552136575, 'lag_19': 0.04885544399276034, 'lag_20': 0.07076503387401979, 'lag_21': 0.45830472905973746, 'lag_22': 0.22188383262701566, 'lag_23': 0.9593574178107309, 'lag_24': 0.1357425517479051, 'lag_25': 0.23953865140959604, 'lag_26': 0.2700381928380433, 'lag_27': 0.08828718609006203, 'lag_28': 0.49629783430334584}. Best is trial 0 with value: 0.020152185343504943.
