[I 2025-10-03 11:39:04,952] Trial 81 finished with values: [0.004081632653061224, 0.003024596382792241, 0.0003523142814032698, 0.005240441505112132, 0.002993115289770492, 0.0007955942101337656, 0.00047809264892706264, 0.0004049452511753715, 0.00013126171169068151, 0.001128730909509845, 0.0008366331269293937, 0.002925920843299577, 0.0031365773159332576, 0.022543752652074443, 0.0, 0.04592781913571821, 0.000313322258040534, 0.0005040814415717093, 0.0018180819265353042, 0.0017998618626370849, 0.0015336989141459519, 0.00012089731858692986, 8.953969459630308e-05, 0.0016659390316112396, 0.0014160445892163853, 0.00018887984093732805, 0.0003693850626540679, 0.00034385248718705536, 0.00020104765141279956] and parameters: {'lag_0': 0.6980440035013864, 'lag_1': 0.32525214890697474, 'lag_2': 0.10520684739146734, 'lag_3': 0.354374623797218, 'lag_4': 0.23654241249633176, 'lag_5': 0.829493360377503, 'lag_6': 0.5324964070857235, 'lag_7': 0.041979676924516665, 'lag_8': 0.42287302237543306, 'lag_9': 0.8977784597056965, 'lag_10': 0.44251484170615657, 'lag_11': 0.47893978699508566, 'lag_12': 0.4044410970102408, 'lag_13': 0.8409050887937002, 'lag_14': 0.2799457627463891, 'lag_15': 0.6209120118358297, 'lag_16': 0.522556932421208, 'lag_17': 0.6458180215043091, 'lag_18': 0.41237296757958564, 'lag_19': 0.48692212736034546, 'lag_20': 0.5636625710601286, 'lag_21': 0.5478246046809255, 'lag_22': 0.23422126465325196, 'lag_23': 0.269179786967145, 'lag_24': 0.9255986442670426, 'lag_25': 0.631294127865566, 'lag_26': 0.9077356180313384, 'lag_27': 0.22973115225431442, 'lag_28': 0.37400095905982567}.
[I 2025-10-03 11:39:07,613] Trial 82 finished with values: [0.014969135802469136, 0.0022289901686046087, 0.00040779587935371487, 0.0013931578411852741, 0.00041254280980074394, 0.000678689700831854, 0.00038413559160458625, 0.00045105999941025146, 0.00022480576605072986, 0.001080262846773877, 0.001163678092748662, 0.003928105472624592, 0.004097910285580887, 0.028740696457159938, 0.0, 0.045928215870021896, 0.00011392696835460926, 0.0006736511427002245, 0.001960188373666189, 0.0026405665022791237, 0.0014975715157426964, 5.901271454058631e-05, 0.00011001237255446424, 0.0011656437041873216, 0.001478460530791635, 0.0003273123378554843, 0.0007162234162193964, 0.00016104649008980807, 0.0006073043312753233] and parameters: {'lag_0': 0.6859126472776356, 'lag_1': 0.46868144630812514, 'lag_2': 0.6202032621055328, 'lag_3': 0.8873806090628481, 'lag_4': 0.8975125549899451, 'lag_5': 0.5855052517002447, 'lag_6': 0.15011571515018843, 'lag_7': 0.28631493734363994, 'lag_8': 0.795411350753567, 'lag_9': 0.006039048869710193, 'lag_10': 0.8897012733635119, 'lag_11': 0.9144685805658336, 'lag_12': 0.5360658980910004, 'lag_13': 0.5252588279824156, 'lag_14': 0.4788323766152266, 'lag_15': 0.10229313402465645, 'lag_16': 0.8501839672191002, 'lag_17': 0.2712379847172595, 'lag_18': 0.5214505213920134, 'lag_19': 0.5762964921525784, 'lag_20': 0.26180150419074366, 'lag_21': 0.8343838780047552, 'lag_22': 0.7145631919091405, 'lag_23': 0.7908081267933726, 'lag_24': 0.6445530046387085, 'lag_25': 0.5399290089902002, 'lag_26': 0.6730704789134005, 'lag_27': 0.61032222530885, 'lag_28': 0.207189163098123}.
[I 2025-10-03 11:39:10,263] Trial 83 finished with values: [0.018055555555555554, 0.007513749746960949, 0.0018182629010570558, 0.0011180679256113225, 0.0014375945970477502, 0.0005468757688479305, 0.0007096974510463956, 0.00031771355639184716, 0.0002868528843561548, 0.0003348795463476175, 0.001591716951796046, 0.004406360181341764, 0.0026425507265612977, 0.024368006913398483, 0.0, 0.04395894859483885, 0.00011316331075030014, 0.0004370134220362011, 0.0015705771881278211, 0.002091395271037557, 0.0009927470369258695, 4.4101291023011215e-05, 4.1511486681572575e-05, 0.0011214023011341377, 0.0015598778707311878, 0.0001800173831237103, 0.0001875937089071951, 2.4691891557769632e-05, 0.00015863861154670627] and parameters: {'lag_0': 0.8843102591698837, 'lag_1': 0.39630081492727576, 'lag_2': 0.4634548559498842, 'lag_3': 0.35197587940206115, 'lag_4': 0.4041723999358297, 'lag_5': 0.8519602773051064, 'lag_6': 0.9204162970240134, 'lag_7': 0.5804934611226317, 'lag_8': 0.3351527557590499, 'lag_9': 0.5706833548401801, 'lag_10': 0.6845074143610982, 'lag_11': 0.6443870573019952, 'lag_12': 0.04523908722378597, 'lag_13': 0.8640181855474554, 'lag_14': 0.5639955048288954, 'lag_15': 0.4390826086427199, 'lag_16': 0.7119903776988799, 'lag_17': 0.9778498310916627, 'lag_18': 0.4743161608453105, 'lag_19': 0.3887126963236305, 'lag_20': 0.12977378220341926, 'lag_21': 0.8043354071400293, 'lag_22': 0.24425587505382762, 'lag_23': 0.16742087636466274, 'lag_24': 0.2540846511016165, 'lag_25': 0.6400559207915616, 'lag_26': 0.7179122933674319, 'lag_27': 0.05065076489742058, 'lag_28': 0.6365236216057776}.
[I 2025-10-03 11:39:12,916] Trial 84 finished with values: [0.009019904257999495, 0.0016270593433078309, 0.0007795353114108325, 0.0008879034607204772, 0.0027260552316169698, 0.00018274495544756678, 4.721655667255069e-05, 0.0007555155915869602, 0.0001690429131546071, 0.000567522008361375, 0.0011478864530262342, 0.0034591062465404764, 0.0031248170035006254, 0.02756512779729083, 0.0, 0.04383036710284528, 0.00015733757922115155, 0.0005959998438957576, 0.0013648660303955684, 0.0022901545197793584, 0.0015188815951748687, 5.344188149644347e-05, 8.987778588452352e-05, 0.0012482715677621873, 0.001251473487190458, 0.0002173514689103223, 0.0002723155303258184, 0.0002765575000932887, 0.0003873103546554851] and parameters: {'lag_0': 0.5702496274217712, 'lag_1': 0.8397817902317203, 'lag_2': 0.34128681969727465, 'lag_3': 0.7502228381793007, 'lag_4': 0.13939679779472827, 'lag_5': 0.8879343019861639, 'lag_6': 0.8331330705160007, 'lag_7': 0.924652198143415, 'lag_8': 0.5201641460605778, 'lag_9': 0.615720973094967, 'lag_10': 0.8851952561317037, 'lag_11': 0.39889997157129686, 'lag_12': 0.13742200504646626, 'lag_13': 0.9318770587132483, 'lag_14': 0.9623981365408213, 'lag_15': 0.34547072581057126, 'lag_16': 0.6284208162014462, 'lag_17': 0.22057201404030366, 'lag_18': 0.5952311682635324, 'lag_19': 0.4325638732096819, 'lag_20': 0.6700481260167684, 'lag_21': 0.2207216231765211, 'lag_22': 0.8250296758225968, 'lag_23': 0.9156304319167927, 'lag_24': 0.5766824693660704, 'lag_25': 0.4898317951360108, 'lag_26': 0.8960448886860168, 'lag_27': 0.3505987926740611, 'lag_28': 0.20761453788449535}.
[I 2025-10-03 11:39:15,569] Trial 85 finished with values: [0.016581632653061222, 0.004423604593208978, 0.0008704619462887649, 0.002017880113278054, 0.0010371555159696185, 0.0006629549833029291, 0.00035235484703636643, 0.0011341305571270592, 0.00014974580088634673, 0.0009982535649954018, 0.0006200522054008545, 0.004201939612537073, 0.0026322315282267814, 0.02407303503133666, 0.0, 0.04526094812022753, 0.00040850185103593565, 0.000507749093415191, 0.0017530898181218409, 0.002579897173810218, 0.001028962123243242, 7.05719747463183e-05, 1.3492153577611e-05, 0.001671900550940111, 0.0015365193024274412, 0.00042378501593074954, 0.00011380973872710337, 0.00030378670201600133, 0.0008003870289693382] and parameters: {'lag_0': 0.7306471933589483, 'lag_1': 0.777592910305778, 'lag_2': 0.7003299456775832, 'lag_3': 0.701107836217227, 'lag_4': 0.588972836296488, 'lag_5': 0.5982026053364986, 'lag_6': 0.29182408528006426, 'lag_7': 0.3875448212598889, 'lag_8': 0.4447897074545222, 'lag_9': 0.7050854943986309, 'lag_10': 0.692671354838569, 'lag_11': 0.8513900860994746, 'lag_12': 0.7873071543382716, 'lag_13': 0.2470453989944833, 'lag_14': 0.49453214930149186, 'lag_15': 0.7810911061227681, 'lag_16': 0.11366561883765013, 'lag_17': 0.5249543210538254, 'lag_18': 0.02551110603565342, 'lag_19': 0.6127469796729305, 'lag_20': 0.2183077388829731, 'lag_21': 0.9978565549029677, 'lag_22': 0.6735985022083025, 'lag_23': 0.2595601890394896, 'lag_24': 0.2575214058888269, 'lag_25': 0.8562741036664543, 'lag_26': 0.7765902738508716, 'lag_27': 0.6161526849863448, 'lag_28': 0.5636439525868577}.
[I 2025-10-03 11:39:18,222] Trial 86 finished with values: [0.0, 0.0018636539932221786, 0.0013795755019825103, 0.0005453767936029509, 0.001420459889554613, 0.00028504633016355465, 0.00040656394308299205, 0.0009677213287374141, 0.00016822513561594028, 0.0012934184095768808, 0.0003303882132315069, 0.003965310002013477, 0.004348385693422928, 0.0244696423287264, 0.0, 0.04523124263034865, 0.00018287151491394658, 0.0005547963508439285, 0.0016717589743645675, 0.002597370313508085, 0.0012115853968241357, 7.765693596491708e-05, 8.846618423240864e-05, 0.0014681898065136544, 0.001720938655073673, 0.0004073909078076619, 0.0006128280778593441, 0.00037915007645884953, 0.0006133402108570252] and parameters: {'lag_0': 0.9613184562566444, 'lag_1': 0.8898901054436704, 'lag_2': 0.5451357359756764, 'lag_3': 0.355936650623438, 'lag_4': 0.35886372806086747, 'lag_5': 0.8059324651563323, 'lag_6': 0.27789576918454323, 'lag_7': 0.7572035389074561, 'lag_8': 0.17831846623473907, 'lag_9': 0.5809993561897034, 'lag_10': 0.33234442091119243, 'lag_11': 0.06438853270841828, 'lag_12': 0.12699107502246373, 'lag_13': 0.15689468192263198, 'lag_14': 0.0639654066993666, 'lag_15': 0.3561250726285139, 'lag_16': 0.4689947207108261, 'lag_17': 0.5282897765529952, 'lag_18': 0.7368055304356873, 'lag_19': 0.08733095310551083, 'lag_20': 0.597416077701494, 'lag_21': 0.16586095250683877, 'lag_22': 0.6462933302739196, 'lag_23': 0.6045174693344678, 'lag_24': 0.3523870478316512, 'lag_25': 0.7862442489721656, 'lag_26': 0.9474751873705899, 'lag_27': 0.24895388728038975, 'lag_28': 0.22123405297022639}.
[I 2025-10-03 11:39:20,871] Trial 87 finished with values: [0.02222222222222222, 0.0004642209179690429, 0.0014515634686102696, 0.0007797713665532462, 0.0030689939997860087, 0.0002379095670724678, 0.0002336190445452739, 0.00037426581417294465, 0.00010492128817461313, 0.0005699430314850486, 0.0007502349202433286, 0.0034873844412241285, 0.004294695697743896, 0.023077462302266958, 0.0, 0.040963679796759384, 0.000200401279822235, 0.0005879964241623973, 0.0013990066993373892, 0.002345256189933336, 0.001201639263656447, 1.5673301106076593e-05, 6.003002703051037e-05, 0.0013586950995868419, 0.0012189592249782493, 0.00029041691234881026, 0.0003338236132353212, 0.00023271131315897065, 0.00014809941279685107] and parameters: {'lag_0': 0.015420816253104694, 'lag_1': 0.7062662705578427, 'lag_2': 0.5965952504770595, 'lag_3': 0.32622936162995403, 'lag_4': 0.7297878320272096, 'lag_5': 0.7643724373391879, 'lag_6': 0.9598495687579034, 'lag_7': 0.3711834151076909, 'lag_8': 0.3727873511189704, 'lag_9': 0.7245691672466246, 'lag_10': 0.9012854031345144, 'lag_11': 0.8786155202624542, 'lag_12': 0.6452137997089062, 'lag_13': 0.2196485424978151, 'lag_14': 0.41211123425925583, 'lag_15': 0.7885523279209856, 'lag_16': 0.828435190607311, 'lag_17': 0.043345838722092335, 'lag_18': 0.9063202661904938, 'lag_19': 0.21394554171270586, 'lag_20': 0.5935229310717698, 'lag_21': 0.7002129921073507, 'lag_22': 0.6216016713524651, 'lag_23': 0.645153673931731, 'lag_24': 0.12778608164821487, 'lag_25': 0.4198054939925205, 'lag_26': 0.7043797355862498, 'lag_27': 0.08656541192286277, 'lag_28': 0.834372047804924}.
[I 2025-10-03 11:39:23,516] Trial 88 finished with values: [0.00510204081632653, 0.00170687280633006, 0.0014602802426249258, 0.0026399882144613586, 0.001126192856111229, 0.0006315533700922927, 0.0006560903791962139, 0.0007060626973231206, 0.00035362251614379355, 0.0009109663706740989, 0.001356796338963022, 0.0037166271396797588, 0.0044031738790087415, 0.02277152896561677, 0.0, 0.045961925619598304, 0.0001816973384012555, 0.0007098161691259147, 0.001393075928943557, 0.0027555815020478985, 0.0010991796072149316, 9.74866510583098e-05, 5.4696331769814644e-05, 0.0018794167792378132, 0.0009853994983046893, 0.000214528404218199, 0.00020102515578626325, 0.00012859319968300454, 0.00032476717376827543] and parameters: {'lag_0': 0.1941016319019942, 'lag_1': 0.29482137489310145, 'lag_2': 0.42379633656253674, 'lag_3': 0.615778400250296, 'lag_4': 0.2408488037782967, 'lag_5': 0.6731617063065688, 'lag_6': 0.1401162980077407, 'lag_7': 0.9268652208341748, 'lag_8': 0.8843557427827599, 'lag_9': 0.029867617700510943, 'lag_10': 0.5830666830124919, 'lag_11': 0.6487510552356696, 'lag_12': 0.8818920327280101, 'lag_13': 0.8043930106489158, 'lag_14': 0.9960264821851248, 'lag_15': 0.7571939138280076, 'lag_16': 0.8663073355462715, 'lag_17': 0.604543634636285, 'lag_18': 0.7499017185509104, 'lag_19': 0.5086568216417384, 'lag_20': 0.3010651958085026, 'lag_21': 0.26305279791838, 'lag_22': 0.8740959444557879, 'lag_23': 0.013772614419357015, 'lag_24': 0.4243092963765012, 'lag_25': 0.39199562405209887, 'lag_26': 0.5307828590544551, 'lag_27': 0.6543375933859958, 'lag_28': 0.6660829217314463}.
[I 2025-10-03 11:39:26,166] Trial 89 finished with values: [0.0, 0.0011112120751633086, 0.0005464717902032495, 0.001878108314354467, 0.0025547557816726118, 0.0005004006234754483, 0.00031977480045588586, 0.00037086417192662294, 0.00010566472717389924, 0.0007810483364567763, 0.0005577593479213266, 0.004436260359322278, 0.0034973691766142915, 0.023657837488887407, 0.0, 0.050854322684708055, 2.8890900573951553e-05, 0.0005227617256578733, 0.0018069504920766657, 0.0030135997111124047, 0.0010285528746168868, 1.9885404598767857e-05, 7.669328594266705e-05, 0.0012085944190106644, 0.0017608436055176874, 0.0005103037580751963, 0.0002995276297581848, 0.00019360414853458171, 0.0003669217074088642] and parameters: {'lag_0': 0.6859126472776356, 'lag_1': 0.8898901054436704, 'lag_2': 0.4741778262918964, 'lag_3': 0.9351390457667268, 'lag_4': 0.35886372806086747, 'lag_5': 0.8059324651563323, 'lag_6': 0.27789576918454323, 'lag_7': 0.28631493734363994, 'lag_8': 0.795411350753567, 'lag_9': 0.5623774024595622, 'lag_10': 0.33234442091119243, 'lag_11': 0.059835772607110434, 'lag_12': 0.6429692220073463, 'lag_13': 0.5314360239121143, 'lag_14': 0.5008171261878993, 'lag_15': 0.4200184181474483, 'lag_16': 0.3112162506078747, 'lag_17': 0.6995453151130794, 'lag_18': 0.6393466561113837, 'lag_19': 0.11538718891945472, 'lag_20': 0.08472242424705304, 'lag_21': 0.8343838780047552, 'lag_22': 0.6462933302739196, 'lag_23': 0.8227273805088552, 'lag_24': 0.656846581306392, 'lag_25': 0.7862442489721656, 'lag_26': 0.9185720320161502, 'lag_27': 0.24895388728038975, 'lag_28': 0.22123405297022639}.
[I 2025-10-03 11:39:28,813] Trial 90 finished with values: [0.0, 0.00241797887257892, 0.0012825210171961716, 0.0005335116025883514, 0.001329267036284164, 0.0002509968645372057, 0.00010264618441931522, 0.0006338964869983517, 9.95403118882827e-05, 0.0005195265470959575, 0.0010075615801244564, 0.0034395300150450447, 0.003790287116116927, 0.020502341530053605, 0.0, 0.04966123807599955, 0.00016623636484635362, 0.000605531477211944, 0.0014630384856259794, 0.002444255269245083, 0.0015390135278926878, 5.884419581836085e-05, 8.757456986926156e-05, 0.0017411768917223263, 0.0015557944192101834, 0.00014165780269364387, 0.00011251875707615673, 0.000207736595388137, 0.001092861771511852] and parameters: {'lag_0': 0.6859126472776356, 'lag_1': 0.46868144630812514, 'lag_2': 0.07844520798014204, 'lag_3': 0.9351390457667268, 'lag_4': 0.004519467413002101, 'lag_5': 0.5855052517002447, 'lag_6': 0.7728162353768021, 'lag_7': 0.9366741829835146, 'lag_8': 0.795411350753567, 'lag_9': 0.5623774024595622, 'lag_10': 0.06892248667167383, 'lag_11': 0.059835772607110434, 'lag_12': 0.7906371593858874, 'lag_13': 0.4389187018849799, 'lag_14': 0.1853113885185156, 'lag_15': 0.9417020190059713, 'lag_16': 0.3112162506078747, 'lag_17': 0.6995453151130794, 'lag_18': 0.6393466561113837, 'lag_19': 0.9168634338886957, 'lag_20': 0.3780649928780696, 'lag_21': 0.7100702674597557, 'lag_22': 0.22545188912529074, 'lag_23': 0.7380915557428527, 'lag_24': 0.6394720471869294, 'lag_25': 0.4681614871324038, 'lag_26': 0.9185720320161502, 'lag_27': 0.5717480476007591, 'lag_28': 0.6149471867724614}.
[I 2025-10-03 11:39:31,459] Trial 91 finished with values: [0.0, 0.0004295720050060763, 0.001977064107407347, 0.0021814998248183876, 0.0011842539788394126, 0.0006745002366297488, 0.0005548005431193834, 0.00035263586994343425, 0.00035605343703278653, 0.0009536190639375623, 0.0007183512834288222, 0.0035976753712100907, 0.0035137895289837503, 0.025802078847951028, 0.0, 0.04930347086347658, 0.00015735449000988866, 0.000826097357505866, 0.0017417508266599918, 0.002261111907620089, 0.0011211047438781686, 3.252669652432975e-05, 3.229407804815464e-05, 0.000933295702278063, 0.0018264987928444897, 0.00013436970467878984, 0.0006856296494817096, 0.0008731639599347998, 6.263610475843088e-05] and parameters: {'lag_0': 0.05534853834728116, 'lag_1': 0.5964950621120897, 'lag_2': 0.581922795315407, 'lag_3': 0.8942100718873788, 'lag_4': 0.016223294069802115, 'lag_5': 0.7345034945196851, 'lag_6': 0.7104372236670171, 'lag_7': 0.9672257670273604, 'lag_8': 0.8117120127774285, 'lag_9': 0.7050854943986309, 'lag_10': 0.9265102819210524, 'lag_11': 0.2510896213328101, 'lag_12': 0.15578075520017184, 'lag_13': 0.9767602698629169, 'lag_14': 0.17220017716252617, 'lag_15': 0.7810911061227681, 'lag_16': 0.5984440117696289, 'lag_17': 0.5492903696224363, 'lag_18': 0.02551110603565342, 'lag_19': 0.49821477977645134, 'lag_20': 0.7112577495489961, 'lag_21': 0.4307760027880815, 'lag_22': 0.6735985022083025, 'lag_23': 0.6486123348805325, 'lag_24': 0.25763956622311945, 'lag_25': 0.8562741036664543, 'lag_26': 0.5541947577500898, 'lag_27': 0.028620519462148896, 'lag_28': 0.5636439525868577}.
[I 2025-10-03 11:39:34,104] Trial 92 finished with values: [0.010469135802469137, 0.002627861009293043, 0.0007700374439977939, 0.0020961489223447274, 0.0012390229910562917, 0.0005235795258001279, 0.00040005379009355095, 0.001082699062481203, 0.0002150530940372551, 0.001790666245641647, 0.0010347611994787366, 0.0031049061165759817, 0.0031194622703535177, 0.021928296699203972, 0.0, 0.05273131975061135, 0.0001751610500132583, 0.00042253660918079375, 0.0019560550938749616, 0.0020797961896471145, 0.0012936050580300582, 3.8085598490792914e-05, 2.2518659069008743e-05, 0.0015511974785077614, 0.0014680521667858057, 0.0001957598798462968, 0.00022215296134927897, 0.0001486791928627347, 0.00042252807761998133] and parameters: {'lag_0': 0.5500057924558289, 'lag_1': 0.7663117035875913, 'lag_2': 0.8267518857010941, 'lag_3': 0.5618574244073113, 'lag_4': 0.13939679779472827, 'lag_5': 0.0529639920516496, 'lag_6': 0.08963233836102316, 'lag_7': 0.28771975976924197, 'lag_8': 0.5201641460605778, 'lag_9': 0.21638626440602218, 'lag_10': 0.5914191375909379, 'lag_11': 0.9404220786625783, 'lag_12': 0.7698960007387848, 'lag_13': 0.22757454023674792, 'lag_14': 0.7161397207863498, 'lag_15': 0.8586722030089922, 'lag_16': 0.6284208162014462, 'lag_17': 0.9328470704734622, 'lag_18': 0.6929471168640813, 'lag_19': 0.4325638732096819, 'lag_20': 0.05771353270468763, 'lag_21': 0.04079769751355864, 'lag_22': 0.8250296758225968, 'lag_23': 0.500478228351878, 'lag_24': 0.3832680076919446, 'lag_25': 0.4898317951360108, 'lag_26': 0.6530603716618602, 'lag_27': 0.32571040183503974, 'lag_28': 0.6464160074085412}.
[I 2025-10-03 11:39:36,746] Trial 93 finished with values: [0.0125, 0.00644680573804191, 0.0014441587691862794, 0.0023140586650024493, 0.001580226725876718, 0.0004772891873395732, 0.00033092922323229223, 0.0001504418916704178, 0.0004990891896741625, 0.0005071032569461654, 0.0014836367922198732, 0.0032449727898688926, 0.00350544821400259, 0.02525699124953601, 0.0, 0.0475101490523661, 0.0004771184741999197, 0.0005471098802771135, 0.0011482528525541362, 0.0021649613398753, 0.0010490173277695478, 5.811989827379117e-05, 3.8997732629332e-05, 0.0011426908829893542, 0.0018576796624881723, 0.0003041549743676195, 0.0008425386284788521, 0.0011594247804558588, 3.473675976909759e-05] and parameters: {'lag_0': 0.7306563514384098, 'lag_1': 0.1853711715254908, 'lag_2': 0.3419289387852278, 'lag_3': 0.12224777460128705, 'lag_4': 0.33698427959869187, 'lag_5': 0.9407056681823429, 'lag_6': 0.23447395650104028, 'lag_7': 0.6619090236986103, 'lag_8': 0.8269816855434151, 'lag_9': 0.4799457405715677, 'lag_10': 0.5784191829565939, 'lag_11': 0.24403430090112405, 'lag_12': 0.9363169824505058, 'lag_13': 0.24630646909575, 'lag_14': 0.5707404045284931, 'lag_15': 0.26819087936104297, 'lag_16': 0.4605788958506621, 'lag_17': 0.08187649613700193, 'lag_18': 0.9540679577002703, 'lag_19': 0.5137534537410255, 'lag_20': 0.200591734971646, 'lag_21': 0.556948062920003, 'lag_22': 0.3345342891101286, 'lag_23': 0.21148576741162645, 'lag_24': 0.7330987418680631, 'lag_25': 0.5282735666651391, 'lag_26': 0.8396813972442033, 'lag_27': 0.7508214230872958, 'lag_28': 0.6196568991951841}.
