[I 2025-10-03 11:39:36,596] Trial 94 finished with values: [0.003321376764600208, 0.0006523300764810505, 0.001532368205236947, 0.0037428855306198745, 0.0004959875772105156, 0.0003705388399589971, 0.0029142720147638124, 0.00016800505644544352, 0.00040921516321575395, 0.0007707502747609129, 0.0002327794525451541, 0.003606324674969425, 0.004200455592561223, 0.009031338680165837, 0.0, 0.13171831404654197, 0.00017907015071178, 0.00587919509120174, 0.006544486272290942, 0.0013247399189465208, 0.0019224820032510107, 0.012851285591012396, 0.001825193895722027, 0.002331973193237716, 0.004447432516130766, 0.0062970787491282085, 0.00018473512885778192, 0.0030197469629004194, 0.0016164888364695919] and parameters: {'lag_0': 0.7653629619050281, 'lag_1': 0.18622663666250033, 'lag_2': 0.19109257387412745, 'lag_3': 0.7529858958616589, 'lag_4': 0.7853612852572661, 'lag_5': 0.6958363588241809, 'lag_6': 0.6286685841319479, 'lag_7': 0.13591665817033977, 'lag_8': 0.4151491686865632, 'lag_9': 0.18248570616695678, 'lag_10': 0.9758426112576515, 'lag_11': 0.6164601727665415, 'lag_12': 0.805148657359082, 'lag_13': 0.9355018681068296, 'lag_14': 0.839299885858376, 'lag_15': 0.8526767705055139, 'lag_16': 0.9586493081760988, 'lag_17': 0.9560511844728282, 'lag_18': 0.8178070600889595, 'lag_19': 0.40762090116650607, 'lag_20': 0.26525461653190474, 'lag_21': 0.28825686049348065, 'lag_22': 0.9539603098744314, 'lag_23': 0.7474624057809278, 'lag_24': 0.4448776841706473, 'lag_25': 0.39819455651768304, 'lag_26': 0.30056465603096044, 'lag_27': 0.2595432230153423, 'lag_28': 0.03949110759548661}.
[I 2025-10-03 11:39:39,198] Trial 95 finished with values: [0.008975294756180537, 0.0006587460435075587, 0.001298694964840463, 0.001094310927810994, 0.0011327093189971349, 0.0009287703645178416, 0.002116299778003551, 7.154080034823214e-05, 0.0004233009843405605, 0.0005168004518960585, 0.00034614247700741053, 0.0021728387152156526, 0.0035827009181476363, 0.009259187757419676, 0.0, 0.12411996092150016, 0.000529450539174626, 0.005194845494012313, 0.006688975239547923, 0.0009488700946424439, 0.0013423442132410811, 0.01419831720744188, 0.0014735453161076751, 0.002329863945111563, 0.004324540114840023, 0.003978019629998719, 0.00033836244976575555, 0.0012583406944665049, 0.0016436875707304586] and parameters: {'lag_0': 0.5454627645233683, 'lag_1': 0.8149459663577852, 'lag_2': 0.058873228843594104, 'lag_3': 0.19199326617559992, 'lag_4': 0.13256691650300848, 'lag_5': 0.8008015264936179, 'lag_6': 0.8762463698750611, 'lag_7': 0.9133788150351756, 'lag_8': 0.7329739064646287, 'lag_9': 0.41567113598920696, 'lag_10': 0.10830787841821905, 'lag_11': 0.7127277139893934, 'lag_12': 0.054738652903381674, 'lag_13': 0.8526803765791138, 'lag_14': 0.9257614403794475, 'lag_15': 0.4793591638773063, 'lag_16': 0.27925255418182, 'lag_17': 0.9579777037020167, 'lag_18': 0.9331956875586628, 'lag_19': 0.9228113196261438, 'lag_20': 0.016188893982601184, 'lag_21': 0.4662822791836878, 'lag_22': 0.934824022370543, 'lag_23': 0.2731186275462809, 'lag_24': 0.5225676314140132, 'lag_25': 0.830009444093021, 'lag_26': 0.27888095172641736, 'lag_27': 0.6941249230553529, 'lag_28': 0.06700090631872169}.
[I 2025-10-03 11:39:41,802] Trial 96 finished with values: [0.005890324571643253, 0.0031234182257428326, 0.002835909545400808, 0.002108227027646886, 0.000911342342082861, 0.0009983902176354, 0.003664821442458165, 0.00021906724171214908, 0.0001491763822165854, 0.0007227569868473593, 0.000858690752458207, 0.0016610723045979042, 0.0036175277009863572, 0.008647334865292415, 0.0, 0.11585875312163521, 0.00010460491013757302, 0.005815990754784199, 0.005495748197523907, 0.001051439161438556, 0.0020526767467158465, 0.01314225547392272, 0.0009462989779409065, 0.0024996106170995743, 0.004457989470249911, 0.004306550284915235, 8.843995257735934e-05, 0.0022310743648439437, 0.0028028717011495978] and parameters: {'lag_0': 0.8832796251524258, 'lag_1': 0.939089181637251, 'lag_2': 0.15591924675235938, 'lag_3': 0.5906629637212045, 'lag_4': 0.5545802993642412, 'lag_5': 0.5435287701199086, 'lag_6': 0.23661793765230854, 'lag_7': 0.3134392008707112, 'lag_8': 0.8356913518801277, 'lag_9': 0.8125198381272352, 'lag_10': 0.6130606572260542, 'lag_11': 0.15492129295557144, 'lag_12': 0.04870825759617322, 'lag_13': 0.7772239581025226, 'lag_14': 0.49310151998595875, 'lag_15': 0.051490816482682646, 'lag_16': 0.6192326993531251, 'lag_17': 0.9067460219689617, 'lag_18': 0.4081617150337808, 'lag_19': 0.2908427948301642, 'lag_20': 0.2333509229298022, 'lag_21': 0.8677001601741144, 'lag_22': 0.0901979109134346, 'lag_23': 0.5894960707982457, 'lag_24': 0.07145620067268298, 'lag_25': 0.6622955477984405, 'lag_26': 0.0405441731671004, 'lag_27': 0.6425885194945814, 'lag_28': 0.4722640872053519}.
[I 2025-10-03 11:39:44,398] Trial 97 finished with values: [0.007000657462195925, 0.0020882083587378643, 0.0009215099571297854, 0.0015128706895050355, 0.0009945175326409956, 0.0003715568470020629, 0.0023020760352265328, 0.000255129834934833, 0.00043589990418681034, 0.00041887391089196716, 0.0006019895308861066, 0.0028740238299408936, 0.004130126584121941, 0.009290445849062481, 0.0, 0.12237743117425845, 0.0006278830439011489, 0.005337721645991037, 0.005758242697881726, 0.0009169849657424557, 0.0015510280552196542, 0.013878303589740881, 0.001233291060434607, 0.0024086760448020425, 0.004436793909082206, 0.0034514106450656314, 7.927252887404122e-05, 0.0014120761484623088, 0.0017791841421280312] and parameters: {'lag_0': 0.5326731772406907, 'lag_1': 0.7449164410898064, 'lag_2': 0.6848825014421631, 'lag_3': 0.5680773248232108, 'lag_4': 0.24850289022537753, 'lag_5': 0.8250603056133565, 'lag_6': 0.07437927744021174, 'lag_7': 0.06554334863497809, 'lag_8': 0.6824970813673121, 'lag_9': 0.39162133746377925, 'lag_10': 0.4871965478223397, 'lag_11': 0.7436866662305975, 'lag_12': 0.04168967611450634, 'lag_13': 0.34185449135596274, 'lag_14': 0.4341482415776057, 'lag_15': 0.48785681875077247, 'lag_16': 0.23979133931542165, 'lag_17': 0.9110826195856074, 'lag_18': 0.8715647980186276, 'lag_19': 0.657288617850119, 'lag_20': 0.1791029078401116, 'lag_21': 0.6836586321394326, 'lag_22': 0.28670094476283586, 'lag_23': 0.9043828948828173, 'lag_24': 0.20410323552732063, 'lag_25': 0.17155057523507558, 'lag_26': 0.008971893690612683, 'lag_27': 0.6413515798602855, 'lag_28': 0.04302546413181418}.
[I 2025-10-03 11:39:46,996] Trial 98 finished with values: [0.006446376764600208, 0.0007697081447700196, 0.0029932145227580193, 0.0020649875752383425, 0.0008410890323179001, 0.0008885103338699593, 0.002682397072409997, 0.00024532390643825793, 0.00014899401986165705, 0.0013289932277784867, 0.0003094554679120826, 0.0016890680934343687, 0.004625897202919528, 0.010538641232559437, 0.0, 0.12546402372752713, 0.00039586548344410047, 0.0059517240645436936, 0.006552471081459581, 0.0011171375878666662, 0.0016654887879964087, 0.013781420178311516, 0.0012811773792088463, 0.0026906714338972492, 0.004690897898893678, 0.00714586076370311, 9.886984153409792e-05, 0.0013106740336752028, 0.003230140808210306] and parameters: {'lag_0': 0.907967714117309, 'lag_1': 0.20763392067788766, 'lag_2': 0.7465675122501083, 'lag_3': 0.9809822810225723, 'lag_4': 0.8820418900086366, 'lag_5': 0.9438701004376561, 'lag_6': 0.03345269233633309, 'lag_7': 0.9925401653965001, 'lag_8': 0.03118433456542502, 'lag_9': 0.8452447820956606, 'lag_10': 0.8095767164131312, 'lag_11': 0.4902393791095619, 'lag_12': 0.013286687376699649, 'lag_13': 0.766658918084809, 'lag_14': 0.03165894317751976, 'lag_15': 0.7500099459148296, 'lag_16': 0.9829311814797297, 'lag_17': 0.8491053465182303, 'lag_18': 0.45240308756311326, 'lag_19': 0.1195581345355908, 'lag_20': 0.2889070082384113, 'lag_21': 0.22059942507504002, 'lag_22': 0.5190316265879531, 'lag_23': 0.32482721057739095, 'lag_24': 0.9608318343803822, 'lag_25': 0.9491623846739152, 'lag_26': 0.7677032882033292, 'lag_27': 0.13502588865148157, 'lag_28': 0.24541828325767415}.
[I 2025-10-03 11:39:49,595] Trial 99 finished with values: [0.0045036160420775795, 0.0034312482275598334, 0.00026419942174142326, 0.0025126256365091523, 0.0014753793676506393, 0.0005411647709684404, 0.0019718383312683136, 0.00022255541192748722, 0.0006610285790597701, 0.00036763695226493896, 0.0009198096695131948, 0.002790894003935233, 0.003717395002410968, 0.010206153031563137, 0.0, 0.11717575022681714, 0.00022526182580645489, 0.005450586181122726, 0.005629918958039604, 0.0011991292013363078, 0.002174727164877749, 0.013538414944339517, 0.0012414119427623556, 0.0015802932628128478, 0.004105892314830085, 0.004922893468875608, 0.00024203013975098, 0.0018873107682551484, 0.0025460768748213924] and parameters: {'lag_0': 0.9701023379825477, 'lag_1': 0.183287969461995, 'lag_2': 0.10242139598647534, 'lag_3': 0.07463455209207523, 'lag_4': 0.9323272626259358, 'lag_5': 0.5556048991096281, 'lag_6': 0.0038462956353369077, 'lag_7': 0.13591665817033977, 'lag_8': 0.15818028699123132, 'lag_9': 0.18248570616695678, 'lag_10': 0.9758426112576515, 'lag_11': 0.29348397517551467, 'lag_12': 0.18127384464311222, 'lag_13': 0.9355018681068296, 'lag_14': 0.5549525762304016, 'lag_15': 0.3647428736992495, 'lag_16': 0.6136644980785537, 'lag_17': 0.1306996249597864, 'lag_18': 0.9344615432875434, 'lag_19': 0.40762090116650607, 'lag_20': 0.2676951516022414, 'lag_21': 0.28825686049348065, 'lag_22': 0.35436899921258436, 'lag_23': 0.7474624057809278, 'lag_24': 0.4448776841706473, 'lag_25': 0.6085827276649708, 'lag_26': 0.9209484473407044, 'lag_27': 0.2595432230153423, 'lag_28': 0.6657230008001744}.
2025-10-03 11:39:51,715 - distributed.worker - INFO - Stopping worker at tcp://192.168.86.108:38825. Reason: scheduler-remove-worker
2025-10-03 11:39:51,718 - distributed.nanny - INFO - Closing Nanny gracefully at 'tcp://192.168.86.108:37463'. Reason: scheduler-remove-worker
2025-10-03 11:39:51,722 - distributed.nanny - INFO - Worker closed
2025-10-03 11:39:51,723 - distributed.core - INFO - Connection to tcp://192.168.86.108:45752 has been closed.
slurmstepd: error: *** JOB 3081528 ON node08 CANCELLED AT 2025-10-03T11:39:51 ***
