[I 2025-09-29 11:53:25,558] Trial 40 finished with value: 0.016783073688486153 and parameters: {'lag_0': 0.9867753289094428, 'lag_1': 0.8963486881861427, 'lag_2': 0.7015090422716859, 'lag_3': 0.15105491587615388, 'lag_4': 0.1367686095090491, 'lag_5': 0.5486067344530257, 'lag_6': 0.34743827539429983, 'lag_7': 0.7377199505856008, 'lag_8': 0.600852682859748, 'lag_9': 0.28687431918320666, 'lag_10': 0.4195891800976661, 'lag_11': 0.9276661110380447, 'lag_12': 0.4000648387271116, 'lag_13': 0.21847070273580066, 'lag_14': 0.002426558071449869, 'lag_15': 0.863258588557831, 'lag_16': 0.1296407018853484, 'lag_17': 0.39185539026877586, 'lag_18': 0.39400748500540317, 'lag_19': 0.5552583117268808, 'lag_20': 0.7118147711704843, 'lag_21': 0.8460257424556785, 'lag_22': 0.32947554891351305, 'lag_23': 0.755202290567588, 'lag_24': 0.004541234658157395, 'lag_25': 0.0699751489723817, 'lag_26': 0.0776245571548991, 'lag_27': 0.4494911950293815, 'lag_28': 0.25665938863369087}. Best is trial 33 with value: 0.01646927969340959.
[I 2025-09-29 11:53:27,885] Trial 41 finished with value: 0.016646627847766236 and parameters: {'lag_0': 0.26173948698888505, 'lag_1': 0.8603398072367723, 'lag_2': 0.6297588005241243, 'lag_3': 0.9959902239532311, 'lag_4': 0.4163332176544887, 'lag_5': 0.00010411427783288407, 'lag_6': 0.7645644187304388, 'lag_7': 0.6811156468441574, 'lag_8': 0.811872461030035, 'lag_9': 0.16621936145757613, 'lag_10': 0.44354665077162625, 'lag_11': 0.5432765129308179, 'lag_12': 0.2366783200679321, 'lag_13': 0.31409074455832714, 'lag_14': 0.2106987767144989, 'lag_15': 0.24442770925393034, 'lag_16': 0.0698792061555974, 'lag_17': 0.6783676231619254, 'lag_18': 0.7491838798972837, 'lag_19': 0.9953048320081033, 'lag_20': 0.9128929792363103, 'lag_21': 0.7107328986321035, 'lag_22': 0.2058906412906328, 'lag_23': 0.22462268148824688, 'lag_24': 0.663996991689769, 'lag_25': 0.18564019584765587, 'lag_26': 0.1856570520974554, 'lag_27': 0.21359340424437662, 'lag_28': 0.9834822682789128}. Best is trial 33 with value: 0.01646927969340959.
[I 2025-09-29 11:53:30,197] Trial 42 finished with value: 0.01721506206903486 and parameters: {'lag_0': 0.1822721261054211, 'lag_1': 0.7558587426280109, 'lag_2': 0.6311051827571459, 'lag_3': 0.9828530662836942, 'lag_4': 0.377130735665852, 'lag_5': 0.0098292860545049, 'lag_6': 0.7912011261931797, 'lag_7': 0.6309514396929081, 'lag_8': 0.9436039592708942, 'lag_9': 0.14637508254758358, 'lag_10': 0.5168042598933974, 'lag_11': 0.3211687448883482, 'lag_12': 0.2372985647640262, 'lag_13': 0.32469771564962896, 'lag_14': 0.21490456894187662, 'lag_15': 0.24515682816184398, 'lag_16': 0.05336308201487937, 'lag_17': 0.7052865519038114, 'lag_18': 0.8937862682433267, 'lag_19': 0.9446100569247802, 'lag_20': 0.9427999441633943, 'lag_21': 0.6719282285133115, 'lag_22': 0.0433674983988324, 'lag_23': 0.3437334472664467, 'lag_24': 0.6986473044758971, 'lag_25': 0.17827871245513793, 'lag_26': 0.13751762784582308, 'lag_27': 0.2941776226844413, 'lag_28': 0.9428437819772898}. Best is trial 33 with value: 0.01646927969340959.
[I 2025-09-29 11:53:32,510] Trial 43 finished with value: 0.016807343746776667 and parameters: {'lag_0': 0.30845925092371757, 'lag_1': 0.9479973574735214, 'lag_2': 0.49933667441464114, 'lag_3': 0.8578346749485644, 'lag_4': 0.25126914967057784, 'lag_5': 0.13549817537286538, 'lag_6': 0.439389598659421, 'lag_7': 0.8290708944656509, 'lag_8': 0.7950950057187873, 'lag_9': 0.2141577020942045, 'lag_10': 0.28779028281407193, 'lag_11': 0.7634595716271231, 'lag_12': 0.3462040300180165, 'lag_13': 0.1747502465840258, 'lag_14': 0.11315659802312347, 'lag_15': 0.19247482494220713, 'lag_16': 0.0057392400040347374, 'lag_17': 0.5716410120100515, 'lag_18': 0.7720232872534225, 'lag_19': 0.8920881545419079, 'lag_20': 0.9250975450781473, 'lag_21': 0.9178477876676272, 'lag_22': 0.1576084441327612, 'lag_23': 0.22957024329671125, 'lag_24': 0.6427237384738499, 'lag_25': 0.2894803261031323, 'lag_26': 0.1756524022675166, 'lag_27': 0.121920650568798, 'lag_28': 0.8306052540048484}. Best is trial 33 with value: 0.01646927969340959.
[I 2025-09-29 11:53:34,834] Trial 44 finished with value: 0.016925334869454457 and parameters: {'lag_0': 0.08398491090020246, 'lag_1': 0.865098704229783, 'lag_2': 0.5481229286963563, 'lag_3': 0.7014844086819367, 'lag_4': 0.4717066485147313, 'lag_5': 0.027908650820307607, 'lag_6': 0.8305841848580674, 'lag_7': 0.7425870125855096, 'lag_8': 0.719073370870151, 'lag_9': 0.3871981875376322, 'lag_10': 0.6670377208622229, 'lag_11': 0.7128008048305138, 'lag_12': 0.0555810675544596, 'lag_13': 0.25670126113116754, 'lag_14': 0.2761177669449321, 'lag_15': 0.4665470480990343, 'lag_16': 0.2833272762808937, 'lag_17': 0.8036592327155129, 'lag_18': 0.05668668732103563, 'lag_19': 0.30855236158720745, 'lag_20': 0.7963435843682486, 'lag_21': 0.6314914904478323, 'lag_22': 0.24782793984112297, 'lag_23': 0.09870910084801413, 'lag_24': 0.7873328949543835, 'lag_25': 0.25764445788189694, 'lag_26': 0.29015160740662316, 'lag_27': 0.22480545368372135, 'lag_28': 0.8774560443917403}. Best is trial 33 with value: 0.01646927969340959.
[I 2025-09-29 11:53:37,150] Trial 45 finished with value: 0.016647171640165364 and parameters: {'lag_0': 0.3757963520024693, 'lag_1': 0.725152682047582, 'lag_2': 0.7540720439234341, 'lag_3': 0.9954285922238088, 'lag_4': 0.7799343264602163, 'lag_5': 0.20533285830138698, 'lag_6': 0.6886748308669997, 'lag_7': 0.9786107786088208, 'lag_8': 0.8662140721774382, 'lag_9': 0.0603573726923681, 'lag_10': 0.5936745381897561, 'lag_11': 0.4078906795179809, 'lag_12': 0.15841356628965003, 'lag_13': 0.43417796436548106, 'lag_14': 0.36798894120010267, 'lag_15': 0.4022815479409462, 'lag_16': 0.07452321385645086, 'lag_17': 0.6340736136738829, 'lag_18': 0.25808785309026905, 'lag_19': 0.9784189341794436, 'lag_20': 0.9830005890095518, 'lag_21': 0.8182898611214576, 'lag_22': 0.3729063326777979, 'lag_23': 0.18768365934117018, 'lag_24': 0.5225160950772731, 'lag_25': 0.20267274008291553, 'lag_26': 0.3846494329671968, 'lag_27': 0.1881041577985386, 'lag_28': 0.7307296380435278}. Best is trial 33 with value: 0.01646927969340959.
[I 2025-09-29 11:53:39,458] Trial 46 finished with value: 0.01677457563518257 and parameters: {'lag_0': 0.376399534490526, 'lag_1': 0.7256098357453993, 'lag_2': 0.7500719024322292, 'lag_3': 0.9798757422318054, 'lag_4': 0.8470315530068978, 'lag_5': 0.21316565304678287, 'lag_6': 0.6733648197399067, 'lag_7': 0.998770463706607, 'lag_8': 0.8570374324795476, 'lag_9': 0.037071619174724096, 'lag_10': 0.5954060408507008, 'lag_11': 0.3635881803245182, 'lag_12': 0.17135564368588743, 'lag_13': 0.44480035042834865, 'lag_14': 0.36989972551606576, 'lag_15': 0.34770605868054355, 'lag_16': 0.9724415483965687, 'lag_17': 0.5102158345462764, 'lag_18': 0.23459578447247675, 'lag_19': 0.9517905922755547, 'lag_20': 0.9973507803774423, 'lag_21': 0.8218544298804351, 'lag_22': 0.38772595829659834, 'lag_23': 0.18414482279817015, 'lag_24': 0.07656251786756893, 'lag_25': 0.21323254429626318, 'lag_26': 0.37324083520808815, 'lag_27': 0.19925056047481715, 'lag_28': 0.7226527297459494}. Best is trial 33 with value: 0.01646927969340959.
[I 2025-09-29 11:53:41,770] Trial 47 finished with value: 0.01688251287582937 and parameters: {'lag_0': 0.4571848701265479, 'lag_1': 0.8067353193456739, 'lag_2': 0.8649597410610591, 'lag_3': 0.8980697468187049, 'lag_4': 0.839102210052546, 'lag_5': 0.08214116260988827, 'lag_6': 0.6192203281039481, 'lag_7': 0.8664744623726021, 'lag_8': 0.9267275290615485, 'lag_9': 0.045016617226393905, 'lag_10': 0.7444857428387641, 'lag_11': 0.20287826650659196, 'lag_12': 0.271131532937339, 'lag_13': 0.5789194992904643, 'lag_14': 0.1779792719722995, 'lag_15': 0.4979329208998762, 'lag_16': 0.053127331509949804, 'lag_17': 0.2930928836005826, 'lag_18': 0.28655358538155085, 'lag_19': 0.9920641519757355, 'lag_20': 0.8748545788158698, 'lag_21': 0.719024690270112, 'lag_22': 0.5194075364093218, 'lag_23': 0.1488954229335047, 'lag_24': 0.49985246347311546, 'lag_25': 0.03621855787531619, 'lag_26': 0.427019689426861, 'lag_27': 0.16087724251262858, 'lag_28': 0.5871889811571802}. Best is trial 33 with value: 0.01646927969340959.
[I 2025-09-29 11:53:44,081] Trial 48 finished with value: 0.016965260902522393 and parameters: {'lag_0': 0.28856421279672867, 'lag_1': 0.6627894928395677, 'lag_2': 0.6751581530677128, 'lag_3': 0.8011522739177294, 'lag_4': 0.767560299795113, 'lag_5': 0.05585927057903958, 'lag_6': 0.9373527197226328, 'lag_7': 0.4636369217573434, 'lag_8': 0.874709681567394, 'lag_9': 0.15941031440370668, 'lag_10': 0.4846590405312529, 'lag_11': 0.5271256059179353, 'lag_12': 0.032029606604465466, 'lag_13': 0.3874759636688166, 'lag_14': 0.2796721295006431, 'lag_15': 0.1863825394933596, 'lag_16': 0.003279473907295938, 'lag_17': 0.6459596727896967, 'lag_18': 0.02549857820552176, 'lag_19': 0.9938002161235236, 'lag_20': 0.9409973242644429, 'lag_21': 0.8979573388259277, 'lag_22': 0.3077507304636385, 'lag_23': 0.07485767892649231, 'lag_24': 0.39684390930621866, 'lag_25': 0.10348525164763822, 'lag_26': 0.4462318081228558, 'lag_27': 0.28173251922666737, 'lag_28': 0.7516331434153485}. Best is trial 33 with value: 0.01646927969340959.
[I 2025-09-29 11:53:46,377] Trial 49 finished with value: 0.01704628279255429 and parameters: {'lag_0': 0.34525635280994427, 'lag_1': 0.6059917042463885, 'lag_2': 0.9511606636118819, 'lag_3': 0.9549320285480817, 'lag_4': 0.5884036483239723, 'lag_5': 0.13471291033711125, 'lag_6': 0.7093927343263612, 'lag_7': 0.6558422648128925, 'lag_8': 0.8051753181443176, 'lag_9': 0.16406914309382806, 'lag_10': 0.8601659302742004, 'lag_11': 0.42131903133217086, 'lag_12': 0.14357170718250425, 'lag_13': 0.7805468420962451, 'lag_14': 0.4542816934527725, 'lag_15': 0.40340095135674114, 'lag_16': 0.13202600796957487, 'lag_17': 0.7005372354522338, 'lag_18': 0.12398163100199289, 'lag_19': 0.8778146379397995, 'lag_20': 0.822750583478568, 'lag_21': 0.6286312739543929, 'lag_22': 0.35589432600125964, 'lag_23': 0.3031023585669055, 'lag_24': 0.5699003494142354, 'lag_25': 0.3314111640191192, 'lag_26': 0.5164385710731952, 'lag_27': 0.10951001485728797, 'lag_28': 0.6662908023964061}. Best is trial 33 with value: 0.01646927969340959.
[I 2025-09-29 11:53:48,681] Trial 50 finished with value: 0.01702133567656864 and parameters: {'lag_0': 0.20438685830254164, 'lag_1': 0.6697554722631236, 'lag_2': 0.8931028545344929, 'lag_3': 0.902137605179246, 'lag_4': 0.5204605419592336, 'lag_5': 0.24284868875838178, 'lag_6': 0.7889893499497856, 'lag_7': 0.5476863095661018, 'lag_8': 0.665889119680137, 'lag_9': 0.9812306632455289, 'lag_10': 0.33400571267015755, 'lag_11': 0.23448836233362863, 'lag_12': 0.0932985599020893, 'lag_13': 0.4833739576903944, 'lag_14': 0.3562917725617689, 'lag_15': 0.04131101789858911, 'lag_16': 0.45779257948429003, 'lag_17': 0.15110599133516112, 'lag_18': 0.3925160002081858, 'lag_19': 0.22700371325946747, 'lag_20': 0.761035781988996, 'lag_21': 0.7890267643808195, 'lag_22': 0.6338604197578643, 'lag_23': 0.011691769876680885, 'lag_24': 0.513195647861401, 'lag_25': 0.147472189923399, 'lag_26': 0.3636289472926823, 'lag_27': 0.33930318650560387, 'lag_28': 0.8093400250609509}. Best is trial 33 with value: 0.01646927969340959.
[I 2025-09-29 11:53:50,999] Trial 51 finished with value: 0.017052133412908305 and parameters: {'lag_0': 0.7416597955397801, 'lag_1': 0.8000155281397838, 'lag_2': 0.8218201302756893, 'lag_3': 0.9854623643473549, 'lag_4': 0.04140159644610153, 'lag_5': 0.6422252472697164, 'lag_6': 0.5820817032808007, 'lag_7': 0.953174077913704, 'lag_8': 0.4023170696842863, 'lag_9': 0.2284471427616365, 'lag_10': 0.6557132330371056, 'lag_11': 0.12740982819483226, 'lag_12': 0.31935196289777346, 'lag_13': 0.28587277536227296, 'lag_14': 0.9084540161825987, 'lag_15': 0.6088777168751079, 'lag_16': 0.08926503425968726, 'lag_17': 0.6089785577606674, 'lag_18': 0.09600870120424485, 'lag_19': 0.6348349685523456, 'lag_20': 0.9932057080160756, 'lag_21': 0.7556282310076406, 'lag_22': 0.19762959811609945, 'lag_23': 0.2130070017297772, 'lag_24': 0.8733017986983469, 'lag_25': 0.4401395314224486, 'lag_26': 0.25174891265475813, 'lag_27': 0.3866627125394071, 'lag_28': 0.9610418719855489}. Best is trial 33 with value: 0.01646927969340959.
[I 2025-09-29 11:53:53,316] Trial 52 finished with value: 0.016592099963543473 and parameters: {'lag_0': 0.4129898244732687, 'lag_1': 0.09600464993783914, 'lag_2': 0.7534297461341248, 'lag_3': 0.809098693840418, 'lag_4': 0.2840468777764687, 'lag_5': 0.17282046921701094, 'lag_6': 0.6595762333582219, 'lag_7': 0.011455154596353712, 'lag_8': 0.7420670806464775, 'lag_9': 0.35562465724132475, 'lag_10': 0.4174190061643208, 'lag_11': 0.6533106426604579, 'lag_12': 0.0017664096068522595, 'lag_13': 0.33961286139074315, 'lag_14': 0.23073505545393325, 'lag_15': 0.2628263514429484, 'lag_16': 0.20147466159622582, 'lag_17': 0.016790715675728096, 'lag_18': 0.8355473998422952, 'lag_19': 0.0533965263388751, 'lag_20': 0.3168071068381021, 'lag_21': 0.8532752893274582, 'lag_22': 0.16845803725941397, 'lag_23': 0.3573872618967681, 'lag_24': 0.7649241086891254, 'lag_25': 0.6474115837726068, 'lag_26': 0.19879057663068303, 'lag_27': 0.08035057416422409, 'lag_28': 0.897220376905246}. Best is trial 33 with value: 0.01646927969340959.
[I 2025-09-29 11:53:55,628] Trial 53 finished with value: 0.016593541803916433 and parameters: {'lag_0': 0.3966277710076787, 'lag_1': 0.001067501258680048, 'lag_2': 0.7617630182186408, 'lag_3': 0.8081764476600002, 'lag_4': 0.2926369181349498, 'lag_5': 0.19044349686217205, 'lag_6': 0.6442325446316269, 'lag_7': 0.10429716824265628, 'lag_8': 0.7415122791470563, 'lag_9': 0.348018000414451, 'lag_10': 0.43438917172350694, 'lag_11': 0.4685943791265409, 'lag_12': 0.0057192231863999465, 'lag_13': 0.39021977116576795, 'lag_14': 0.23289297255210964, 'lag_15': 0.2602676745043778, 'lag_16': 0.1815160721264465, 'lag_17': 0.007497108669719055, 'lag_18': 0.827121225799627, 'lag_19': 0.06532673281615568, 'lag_20': 0.30488867722364266, 'lag_21': 0.8712762659634703, 'lag_22': 0.2749395660602576, 'lag_23': 0.33264712387410955, 'lag_24': 0.9377789403118376, 'lag_25': 0.71092262538802, 'lag_26': 0.19636152794095083, 'lag_27': 0.03748839846289684, 'lag_28': 0.9024680613015014}. Best is trial 33 with value: 0.01646927969340959.
[I 2025-09-29 11:53:57,942] Trial 54 finished with value: 0.016866154724672733 and parameters: {'lag_0': 0.557812887886791, 'lag_1': 0.10713276355995371, 'lag_2': 0.7757988915037992, 'lag_3': 0.8187543579090751, 'lag_4': 0.36016971235168127, 'lag_5': 0.15983407937602645, 'lag_6': 0.646521619716634, 'lag_7': 0.010163797992304746, 'lag_8': 0.7451279359288042, 'lag_9': 0.34985158988380494, 'lag_10': 0.40765937965862503, 'lag_11': 0.5361647432406974, 'lag_12': 0.004185605467497253, 'lag_13': 0.34041662097082576, 'lag_14': 0.23146993519779432, 'lag_15': 0.25166807312844824, 'lag_16': 0.3436850118949565, 'lag_17': 0.0018659301427086461, 'lag_18': 0.8264366449917742, 'lag_19': 0.060676693753588, 'lag_20': 0.3047961156458745, 'lag_21': 0.9614571248888816, 'lag_22': 0.26634355282722666, 'lag_23': 0.3329432610545896, 'lag_24': 0.9576414867875189, 'lag_25': 0.7236535529038453, 'lag_26': 0.19576514213391852, 'lag_27': 0.04102555924381138, 'lag_28': 0.894601218236903}. Best is trial 33 with value: 0.01646927969340959.
[I 2025-09-29 11:54:00,234] Trial 55 finished with value: 0.017221140003244297 and parameters: {'lag_0': 0.46527452905417077, 'lag_1': 0.0015477933788804882, 'lag_2': 0.7265608883553684, 'lag_3': 0.7702776523724206, 'lag_4': 0.29952028774427786, 'lag_5': 0.11335211525840552, 'lag_6': 0.7518348580342904, 'lag_7': 0.04047486001014865, 'lag_8': 0.6682611849755019, 'lag_9': 0.4849762051536604, 'lag_10': 0.3606824971150594, 'lag_11': 0.4792457586659761, 'lag_12': 0.055543234100704254, 'lag_13': 0.3062669820895267, 'lag_14': 0.17129500643284126, 'lag_15': 0.11261398490918821, 'lag_16': 0.2028315989827061, 'lag_17': 0.05308110344215596, 'lag_18': 0.7179871397632769, 'lag_19': 0.1307200101601528, 'lag_20': 0.17424372435040486, 'lag_21': 0.9029514175740264, 'lag_22': 0.17308559831298703, 'lag_23': 0.43960297069460413, 'lag_24': 0.926585429454788, 'lag_25': 0.792041649045377, 'lag_26': 0.05994167899452167, 'lag_27': 0.07970005003203329, 'lag_28': 0.967579654310939}. Best is trial 33 with value: 0.01646927969340959.
[I 2025-09-29 11:54:02,542] Trial 56 finished with value: 0.01725543320057362 and parameters: {'lag_0': 0.407110070390877, 'lag_1': 0.14358899228338035, 'lag_2': 0.8331333380091261, 'lag_3': 0.6685916556608256, 'lag_4': 0.45638096034988385, 'lag_5': 0.04649937441684249, 'lag_6': 0.012719103027082457, 'lag_7': 0.10322663536186795, 'lag_8': 0.5918652509181999, 'lag_9': 0.41636713030490363, 'lag_10': 0.444911282213974, 'lag_11': 0.6527097606777685, 'lag_12': 0.048255603937934696, 'lag_13': 0.39438313952582627, 'lag_14': 0.12808685010481236, 'lag_15': 0.33198052316773013, 'lag_16': 0.26348981292035306, 'lag_17': 0.12679780766598722, 'lag_18': 0.9051546243370948, 'lag_19': 0.07384889260313904, 'lag_20': 0.3554119777136921, 'lag_21': 0.8751153154762293, 'lag_22': 0.1076579195101734, 'lag_23': 0.28466885941754155, 'lag_24': 0.8818070660095818, 'lag_25': 0.6688494030112436, 'lag_26': 0.3109574862393919, 'lag_27': 0.023459047022575265, 'lag_28': 0.8522019108872887}. Best is trial 33 with value: 0.01646927969340959.
[I 2025-09-29 11:54:04,860] Trial 57 finished with value: 0.016994558159364227 and parameters: {'lag_0': 0.34315603836967323, 'lag_1': 0.044236220139619066, 'lag_2': 0.6849282685023246, 'lag_3': 0.8834237188386421, 'lag_4': 0.2198938393093957, 'lag_5': 0.3503337208357604, 'lag_6': 0.8121028292362746, 'lag_7': 0.17875630837796516, 'lag_8': 0.7496780463018202, 'lag_9': 0.33481923059677116, 'lag_10': 0.0793607860047692, 'lag_11': 0.6368327936180718, 'lag_12': 0.2208206301927369, 'lag_13': 0.5268645949355815, 'lag_14': 0.07538851884591573, 'lag_15': 0.15078922995052416, 'lag_16': 0.13913119190287826, 'lag_17': 0.03520772629343093, 'lag_18': 0.9632500416633081, 'lag_19': 0.0033465045384668615, 'lag_20': 0.2186072800414243, 'lag_21': 0.8503501557546461, 'lag_22': 0.15093024702758645, 'lag_23': 0.3875648474326845, 'lag_24': 0.7823055117351447, 'lag_25': 0.5583974819918943, 'lag_26': 0.11241935752901318, 'lag_27': 0.13649751362391738, 'lag_28': 0.9032304906612229}. Best is trial 33 with value: 0.01646927969340959.
[I 2025-09-29 11:54:07,166] Trial 58 finished with value: 0.017388481292958745 and parameters: {'lag_0': 0.49888532586895445, 'lag_1': 0.2325258358787529, 'lag_2': 0.5318623223637815, 'lag_3': 0.6038369135212747, 'lag_4': 0.3868473413624953, 'lag_5': 0.2684301400096036, 'lag_6': 0.7594897660200394, 'lag_7': 0.08431639327297012, 'lag_8': 0.7960094025414881, 'lag_9': 0.2810333144710785, 'lag_10': 0.34524422468204136, 'lag_11': 0.9634008028229175, 'lag_12': 0.002441406812598344, 'lag_13': 0.36697657827967395, 'lag_14': 0.05372789720629953, 'lag_15': 0.26305659808652715, 'lag_16': 0.2082363881411765, 'lag_17': 0.21578534208959715, 'lag_18': 0.7800048289316407, 'lag_19': 0.17824715595051954, 'lag_20': 0.3028985822285666, 'lag_21': 0.7586801009694879, 'lag_22': 0.45293607103803324, 'lag_23': 0.4912362104472964, 'lag_24': 0.9426443767668506, 'lag_25': 0.7500301195150351, 'lag_26': 0.7634646404676104, 'lag_27': 0.08175264848906219, 'lag_28': 0.7820782935191571}. Best is trial 33 with value: 0.01646927969340959.
[I 2025-09-29 11:54:09,484] Trial 59 finished with value: 0.016799892346636352 and parameters: {'lag_0': 0.4148343825835168, 'lag_1': 0.07200333773303001, 'lag_2': 0.6142300365469768, 'lag_3': 0.7408447560299375, 'lag_4': 0.28632361848056254, 'lag_5': 0.1826551929979171, 'lag_6': 0.5334858257957414, 'lag_7': 0.23676058275802456, 'lag_8': 0.4894129968913034, 'lag_9': 0.37200682503607213, 'lag_10': 0.2716188125625666, 'lag_11': 0.4657788541122423, 'lag_12': 0.10489104260320486, 'lag_13': 0.2455484792770264, 'lag_14': 0.27367105572522055, 'lag_15': 0.6962834611115105, 'lag_16': 0.8616615186672838, 'lag_17': 0.08733971681282415, 'lag_18': 0.6307359903151258, 'lag_19': 0.055517654264760644, 'lag_20': 0.13922866403806378, 'lag_21': 0.690248290515071, 'lag_22': 0.2286906805982009, 'lag_23': 0.5365022081469929, 'lag_24': 0.8405645235504773, 'lag_25': 0.8715607189794217, 'lag_26': 0.21418309456132906, 'lag_27': 0.219618960836572, 'lag_28': 0.4654100488794597}. Best is trial 33 with value: 0.01646927969340959.
[I 2025-09-29 11:54:11,790] Trial 60 finished with value: 0.016750072735408163 and parameters: {'lag_0': 0.16267412909286744, 'lag_1': 0.10329846417515356, 'lag_2': 0.9984857326325879, 'lag_3': 0.8097475312771508, 'lag_4': 0.3301056048293302, 'lag_5': 0.0015849826746284525, 'lag_6': 0.8789487548806919, 'lag_7': 0.15427506569709867, 'lag_8': 0.838491642815366, 'lag_9': 0.5587789704473207, 'lag_10': 0.19112009726653453, 'lag_11': 0.7975010187541893, 'lag_12': 0.07243152307168149, 'lag_13': 0.9782426288176946, 'lag_14': 0.1873358078458634, 'lag_15': 0.21699024868602895, 'lag_16': 0.1693298102713809, 'lag_17': 0.11858557090232853, 'lag_18': 0.8447463459550325, 'lag_19': 0.11721427536025783, 'lag_20': 0.581744034041745, 'lag_21': 0.40263577480776225, 'lag_22': 0.27303015105355094, 'lag_23': 0.2422335131409103, 'lag_24': 0.9994909612126162, 'lag_25': 0.6112632949280313, 'lag_26': 0.16472364093677314, 'lag_27': 0.27131255882607824, 'lag_28': 0.1859548572759237}. Best is trial 33 with value: 0.01646927969340959.
