[I 2025-09-29 11:54:34,665] Trial 62 finished with value: 0.012329786492985752 and parameters: {'lag_0': 0.9641363432447603, 'lag_1': 0.952604361692959, 'lag_2': 0.6634782947486152, 'lag_3': 0.9990019211277162, 'lag_4': 0.2613445713572059, 'lag_5': 0.7687945714761197, 'lag_6': 0.7386778863511471, 'lag_7': 0.8248023109558531, 'lag_8': 0.5007011071340358, 'lag_9': 0.5525484480520786, 'lag_10': 0.8133557703907782, 'lag_11': 0.5635662885116332, 'lag_12': 0.626092002233475, 'lag_13': 0.8890649216878869, 'lag_14': 0.46919651429637643, 'lag_15': 0.8219068137619971, 'lag_16': 0.3067672106428062, 'lag_17': 0.9099056650686895, 'lag_18': 0.24354134683300374, 'lag_19': 0.1200232288284579, 'lag_20': 0.7300505925930161, 'lag_21': 0.8203406408853154, 'lag_22': 0.11152884196657534, 'lag_23': 0.3108230618733191, 'lag_24': 0.3499432124268284, 'lag_25': 0.7774396397163923, 'lag_26': 0.4307755851927206, 'lag_27': 0.8002935483619666, 'lag_28': 0.6160546160164193}. Best is trial 25 with value: 0.012083311946002465.
[I 2025-09-29 11:54:37,200] Trial 63 finished with value: 0.01249510619181341 and parameters: {'lag_0': 0.8140357983238072, 'lag_1': 0.8767351548855704, 'lag_2': 0.5451624286576764, 'lag_3': 0.9389423840594749, 'lag_4': 0.098475841970261, 'lag_5': 0.5424981586834636, 'lag_6': 0.9671160411963654, 'lag_7': 0.5218134688386886, 'lag_8': 0.37371571089886135, 'lag_9': 0.8191413870625248, 'lag_10': 0.6769184803855856, 'lag_11': 0.6260763140305561, 'lag_12': 0.5903985616537588, 'lag_13': 0.6446913503967246, 'lag_14': 0.328087221997718, 'lag_15': 0.6000191246032751, 'lag_16': 0.2446557507121646, 'lag_17': 0.9918474415341955, 'lag_18': 0.49763563143498557, 'lag_19': 0.4023053732412161, 'lag_20': 0.6040840895693383, 'lag_21': 0.9300059690906537, 'lag_22': 0.0013374533403056055, 'lag_23': 0.17871098370444774, 'lag_24': 0.39853984441733414, 'lag_25': 0.9708924229774017, 'lag_26': 0.5122065783491897, 'lag_27': 0.6292994371773692, 'lag_28': 0.5895025900039925}. Best is trial 25 with value: 0.012083311946002465.
[I 2025-09-29 11:54:39,737] Trial 64 finished with value: 0.012683394675011722 and parameters: {'lag_0': 0.04127488459294212, 'lag_1': 0.37550372454036307, 'lag_2': 0.6063166221753825, 'lag_3': 0.8504440199237138, 'lag_4': 0.05626216555579652, 'lag_5': 0.636144860072535, 'lag_6': 0.9115646467846571, 'lag_7': 0.7109498514824417, 'lag_8': 0.5819452871763754, 'lag_9': 0.8860438505020318, 'lag_10': 0.7965963692278294, 'lag_11': 0.752913053155106, 'lag_12': 0.5424579961839688, 'lag_13': 0.5772687593188331, 'lag_14': 0.4313400262003828, 'lag_15': 0.7831095219882754, 'lag_16': 0.00929436693454707, 'lag_17': 0.8724215488591013, 'lag_18': 0.13239346536708552, 'lag_19': 0.05380683175274062, 'lag_20': 0.6958609899706888, 'lag_21': 0.7340190255452087, 'lag_22': 0.3642225150433309, 'lag_23': 0.480042707197767, 'lag_24': 0.2820755756811148, 'lag_25': 0.9986024245642692, 'lag_26': 0.7318085630264471, 'lag_27': 0.9433540118240538, 'lag_28': 0.6445197744758582}. Best is trial 25 with value: 0.012083311946002465.
[I 2025-09-29 11:54:42,266] Trial 65 finished with value: 0.012373655148979658 and parameters: {'lag_0': 0.07130929564833179, 'lag_1': 0.4212678844015326, 'lag_2': 0.7552163562574408, 'lag_3': 0.16095505636600244, 'lag_4': 0.29725147727911627, 'lag_5': 0.7913481176310107, 'lag_6': 0.48335768353854713, 'lag_7': 0.7515749929352621, 'lag_8': 0.3096085230014747, 'lag_9': 0.987591648220638, 'lag_10': 0.8561216384015004, 'lag_11': 0.7938957357914154, 'lag_12': 0.7633085700005608, 'lag_13': 0.7110932175330151, 'lag_14': 0.3757809706458528, 'lag_15': 0.6971992775240655, 'lag_16': 0.48287412003660657, 'lag_17': 0.9383450476892506, 'lag_18': 0.21044320561179214, 'lag_19': 0.2901026718344374, 'lag_20': 0.7724421248767899, 'lag_21': 0.6085338044987826, 'lag_22': 0.06933060516394446, 'lag_23': 0.372845823879681, 'lag_24': 0.23326128577588306, 'lag_25': 0.8229834584300658, 'lag_26': 0.6844328395122553, 'lag_27': 0.6800272949193136, 'lag_28': 0.5568759820480073}. Best is trial 25 with value: 0.012083311946002465.
[I 2025-09-29 11:54:44,808] Trial 66 finished with value: 0.012811664333676923 and parameters: {'lag_0': 0.30184002309388996, 'lag_1': 0.22318551600347059, 'lag_2': 0.7053645294807096, 'lag_3': 0.7958539434213351, 'lag_4': 0.22484230545073633, 'lag_5': 0.6741740274083814, 'lag_6': 0.6487881052085666, 'lag_7': 0.5839516294763412, 'lag_8': 0.48190604258156056, 'lag_9': 0.36690947663853823, 'lag_10': 0.38051330302761377, 'lag_11': 0.5839717528446711, 'lag_12': 0.6347496783836071, 'lag_13': 0.06278233001226338, 'lag_14': 0.236646528932364, 'lag_15': 0.5579665778414309, 'lag_16': 0.3315453083101082, 'lag_17': 0.5267113794795149, 'lag_18': 0.3715572229823054, 'lag_19': 0.4916653030317454, 'lag_20': 0.8402938056863569, 'lag_21': 0.5421549648205273, 'lag_22': 0.20562358349674723, 'lag_23': 0.40877499293400166, 'lag_24': 0.16756501152359443, 'lag_25': 0.878537144400481, 'lag_26': 0.537232616916646, 'lag_27': 0.7486927502879357, 'lag_28': 0.7365719622444495}. Best is trial 25 with value: 0.012083311946002465.
[I 2025-09-29 11:54:47,350] Trial 67 finished with value: 0.012407774253552125 and parameters: {'lag_0': 0.5494303083965597, 'lag_1': 0.5106848640839438, 'lag_2': 0.1065017592071133, 'lag_3': 0.9563407145667019, 'lag_4': 0.36572135710604997, 'lag_5': 0.6991481444582366, 'lag_6': 0.5934928624796075, 'lag_7': 0.8909240077652051, 'lag_8': 0.6334711955440676, 'lag_9': 0.19467756472772732, 'lag_10': 0.149370091427031, 'lag_11': 0.7075284303132546, 'lag_12': 0.9645236389454059, 'lag_13': 0.9479117147435816, 'lag_14': 0.5281878195207644, 'lag_15': 0.6611971391131567, 'lag_16': 0.08664360985437286, 'lag_17': 0.3963749794975917, 'lag_18': 6.687409027744153e-05, 'lag_19': 0.0010145025368715754, 'lag_20': 0.9512756293534644, 'lag_21': 0.2892582093549793, 'lag_22': 0.24011999594674732, 'lag_23': 0.24522690505839942, 'lag_24': 0.5019832176984989, 'lag_25': 0.9510392373643209, 'lag_26': 0.7918826199101386, 'lag_27': 0.5935800106493976, 'lag_28': 0.8925870294173043}. Best is trial 25 with value: 0.012083311946002465.
[I 2025-09-29 11:54:49,903] Trial 68 finished with value: 0.012684044295967103 and parameters: {'lag_0': 0.01882405607303707, 'lag_1': 0.29023007966196257, 'lag_2': 0.4905281989676583, 'lag_3': 0.8728500825369778, 'lag_4': 0.5845867213819566, 'lag_5': 0.6163204166741653, 'lag_6': 0.5385629541405879, 'lag_7': 0.7939452052729334, 'lag_8': 0.25126340767910893, 'lag_9': 0.7632333778557404, 'lag_10': 0.9077499451117423, 'lag_11': 0.6856862299340167, 'lag_12': 0.6857654796505436, 'lag_13': 0.002645713398338967, 'lag_14': 0.3468375837435182, 'lag_15': 0.7433213565204515, 'lag_16': 0.4444293065012513, 'lag_17': 0.4779210022980578, 'lag_18': 0.07704726693304052, 'lag_19': 0.528606370311952, 'lag_20': 0.9094640146381733, 'lag_21': 0.06780902450918416, 'lag_22': 0.15001592649620404, 'lag_23': 0.2063712852640964, 'lag_24': 0.4130801211584396, 'lag_25': 0.9225778034455477, 'lag_26': 0.38777030628054787, 'lag_27': 0.5194256946357283, 'lag_28': 0.694498685810852}. Best is trial 25 with value: 0.012083311946002465.
[I 2025-09-29 11:54:52,443] Trial 69 finished with value: 0.012144058745749269 and parameters: {'lag_0': 0.19820243503320095, 'lag_1': 0.5868390232824972, 'lag_2': 0.23555463579857833, 'lag_3': 0.9176854720949618, 'lag_4': 0.15267278116470884, 'lag_5': 0.22968436825091607, 'lag_6': 0.8301689066530951, 'lag_7': 0.6613757383339194, 'lag_8': 0.38906859443047054, 'lag_9': 0.6841400569452276, 'lag_10': 0.9770699817364235, 'lag_11': 0.4904213848241359, 'lag_12': 0.8051880796110061, 'lag_13': 0.6169253694749824, 'lag_14': 0.4559231156368133, 'lag_15': 0.8910662152067546, 'lag_16': 0.1308560170458671, 'lag_17': 0.6892955308307704, 'lag_18': 0.03197807393722027, 'lag_19': 0.591392565360908, 'lag_20': 0.225008064890664, 'lag_21': 0.2174987135951261, 'lag_22': 0.304099898633408, 'lag_23': 0.29762376971251603, 'lag_24': 0.4675144865553109, 'lag_25': 0.7643350439233837, 'lag_26': 0.45956772068397334, 'lag_27': 0.8413094587274793, 'lag_28': 0.47762690367942806}. Best is trial 25 with value: 0.012083311946002465.
[I 2025-09-29 11:54:54,984] Trial 70 finished with value: 0.012335469137977586 and parameters: {'lag_0': 0.2163447485581288, 'lag_1': 0.5774360143777683, 'lag_2': 0.2925450468672126, 'lag_3': 0.7337593386982275, 'lag_4': 0.17200992580115143, 'lag_5': 0.2027472416166312, 'lag_6': 0.8628108761011981, 'lag_7': 0.6955824529715895, 'lag_8': 0.32005872338998764, 'lag_9': 0.3142650334575288, 'lag_10': 0.9693311715777602, 'lag_11': 0.481711671103169, 'lag_12': 0.8045655329875017, 'lag_13': 0.6084276482939519, 'lag_14': 0.5658132205160491, 'lag_15': 0.008520208956122377, 'lag_16': 0.12230450329557488, 'lag_17': 0.6988168019178794, 'lag_18': 0.036195673679220296, 'lag_19': 0.5923053055096152, 'lag_20': 0.20137915649138852, 'lag_21': 0.11051459083071871, 'lag_22': 0.4126321081882327, 'lag_23': 0.1282831643579006, 'lag_24': 0.5556763636346079, 'lag_25': 0.761368435612828, 'lag_26': 0.33134089112619364, 'lag_27': 0.8146503375703539, 'lag_28': 0.2616645343265802}. Best is trial 25 with value: 0.012083311946002465.
[I 2025-09-29 11:54:57,522] Trial 71 finished with value: 0.012353610704579215 and parameters: {'lag_0': 0.26159076921166313, 'lag_1': 0.6237382674318781, 'lag_2': 0.2328767529528872, 'lag_3': 0.9219517469669279, 'lag_4': 0.026862201548780183, 'lag_5': 0.25302970010054143, 'lag_6': 0.8160204232462687, 'lag_7': 0.603579046654577, 'lag_8': 0.3892557455725437, 'lag_9': 0.673548771334601, 'lag_10': 0.5343710753502876, 'lag_11': 0.6441555663150795, 'lag_12': 0.8876956300272028, 'lag_13': 0.6879815831041128, 'lag_14': 0.46352522960893333, 'lag_15': 0.8929271965362354, 'lag_16': 0.19207719104120619, 'lag_17': 0.5978351208631579, 'lag_18': 0.09917832828053702, 'lag_19': 0.6346584136339006, 'lag_20': 0.12355156404352963, 'lag_21': 0.20726362244396462, 'lag_22': 0.29840579874906675, 'lag_23': 0.3067473110002319, 'lag_24': 0.4470555857923096, 'lag_25': 0.7977693295506825, 'lag_26': 0.4593426855065877, 'lag_27': 0.8569879682281907, 'lag_28': 0.01852948848118957}. Best is trial 25 with value: 0.012083311946002465.
[I 2025-09-29 11:55:00,186] Trial 72 finished with value: 0.012385797067083324 and parameters: {'lag_0': 0.17004028956851008, 'lag_1': 0.4821163261697015, 'lag_2': 0.187296229217284, 'lag_3': 0.9648507946287185, 'lag_4': 0.15567268831447356, 'lag_5': 0.28910089323670013, 'lag_6': 0.7613984685764927, 'lag_7': 0.7250765595996218, 'lag_8': 0.417644231904337, 'lag_9': 0.5617560685913825, 'lag_10': 0.4709354122905647, 'lag_11': 0.5313481153679399, 'lag_12': 0.9303975132372256, 'lag_13': 0.5580216808093835, 'lag_14': 0.4066896716461954, 'lag_15': 0.9582759122149475, 'lag_16': 0.28431473480400343, 'lag_17': 0.7656180053081183, 'lag_18': 0.06504290884746669, 'lag_19': 0.5657738044135915, 'lag_20': 0.31694119698065604, 'lag_21': 0.170866137886723, 'lag_22': 0.2664429691218043, 'lag_23': 0.26656681796500914, 'lag_24': 0.4744156945820108, 'lag_25': 0.6283890304541679, 'lag_26': 0.5590499976865247, 'lag_27': 0.7686374085030557, 'lag_28': 0.4827548942436148}. Best is trial 25 with value: 0.012083311946002465.
[I 2025-09-29 11:55:02,739] Trial 73 finished with value: 0.012423684932353225 and parameters: {'lag_0': 0.8914019061074179, 'lag_1': 0.3408294412667382, 'lag_2': 0.02007767551132761, 'lag_3': 0.8301846447884217, 'lag_4': 0.12196238811975456, 'lag_5': 0.15463663524576893, 'lag_6': 0.7002144436584141, 'lag_7': 0.6678376590466862, 'lag_8': 0.36447972399595113, 'lag_9': 0.614115756904767, 'lag_10': 0.9909674505135637, 'lag_11': 0.6012837229643311, 'lag_12': 0.8462421813315013, 'lag_13': 0.6599276008578113, 'lag_14': 0.28511511566715275, 'lag_15': 0.525364343202643, 'lag_16': 0.3686286237433989, 'lag_17': 0.9690215145512776, 'lag_18': 0.02193594674160235, 'lag_19': 0.24015859186136887, 'lag_20': 0.1740532961986733, 'lag_21': 0.23103977166313563, 'lag_22': 0.3464957889091472, 'lag_23': 0.3746444824575208, 'lag_24': 0.30816758194318306, 'lag_25': 0.33079100597066535, 'lag_26': 0.4182014000616869, 'lag_27': 0.8988498780008786, 'lag_28': 0.5403938377461566}. Best is trial 25 with value: 0.012083311946002465.
[I 2025-09-29 11:55:05,285] Trial 74 finished with value: 0.012572959318351415 and parameters: {'lag_0': 0.12694033769165602, 'lag_1': 0.4026309526452776, 'lag_2': 0.29446867279107863, 'lag_3': 0.9995332786921003, 'lag_4': 0.20047844054784442, 'lag_5': 0.22371259509792374, 'lag_6': 0.8988024628287828, 'lag_7': 0.6472581409026834, 'lag_8': 0.2820946198076334, 'lag_9': 0.2788145366476725, 'lag_10': 0.6089173456962222, 'lag_11': 0.40796304992893506, 'lag_12': 0.7146901594365548, 'lag_13': 0.5028846066293197, 'lag_14': 0.49258381036899657, 'lag_15': 0.6300071445700663, 'lag_16': 0.2075386494194883, 'lag_17': 0.568776182197422, 'lag_18': 0.15173726533226567, 'lag_19': 0.9377662756388192, 'lag_20': 0.2582658102631622, 'lag_21': 0.45337370965973095, 'lag_22': 0.19116518031174387, 'lag_23': 0.07618252976012785, 'lag_24': 0.5316960299712025, 'lag_25': 0.7156526246618505, 'lag_26': 0.49155018593150546, 'lag_27': 0.06447974874924994, 'lag_28': 0.41249490839002056}. Best is trial 25 with value: 0.012083311946002465.
[I 2025-09-29 11:55:07,832] Trial 75 finished with value: 0.012417981746260635 and parameters: {'lag_0': 0.08010361014720228, 'lag_1': 0.919523113994094, 'lag_2': 0.16906479194410007, 'lag_3': 0.6053802168590777, 'lag_4': 0.10004652068376568, 'lag_5': 0.3285532596590401, 'lag_6': 0.9964610987039796, 'lag_7': 0.7755168972487296, 'lag_8': 0.4695242407284121, 'lag_9': 0.41327880828689867, 'lag_10': 0.2215886700074015, 'lag_11': 0.31952565001999295, 'lag_12': 0.9700159752574473, 'lag_13': 0.8661407284915722, 'lag_14': 0.44787821380942866, 'lag_15': 0.5802811212057292, 'lag_16': 0.6528681404255878, 'lag_17': 0.6758048624409667, 'lag_18': 0.1146307886435916, 'lag_19': 0.46487395355787436, 'lag_20': 0.8155765300716278, 'lag_21': 0.26156243638847604, 'lag_22': 0.08951157088303957, 'lag_23': 0.2137813329050854, 'lag_24': 0.34373607409312845, 'lag_25': 0.5508067378482596, 'lag_26': 0.24057792961112157, 'lag_27': 0.7029916110194857, 'lag_28': 0.6037296753569261}. Best is trial 25 with value: 0.012083311946002465.
[I 2025-09-29 11:55:10,378] Trial 76 finished with value: 0.012512945864020936 and parameters: {'lag_0': 0.33805497845334587, 'lag_1': 0.8498509832735746, 'lag_2': 0.07066356343804908, 'lag_3': 0.8792229686230052, 'lag_4': 0.4122714443092341, 'lag_5': 0.06806007628724631, 'lag_6': 0.8252931833534666, 'lag_7': 0.829613704631625, 'lag_8': 0.531649819662098, 'lag_9': 0.8269639597323494, 'lag_10': 0.7068678062727602, 'lag_11': 0.5554753102984171, 'lag_12': 0.5635727858968077, 'lag_13': 0.8092542464473975, 'lag_14': 0.38902857821085524, 'lag_15': 0.8568875326783684, 'lag_16': 0.2503031876847227, 'lag_17': 0.8322354986433608, 'lag_18': 0.04778198891475848, 'lag_19': 0.3849600324264163, 'lag_20': 0.9770344606407837, 'lag_21': 0.04196628807670076, 'lag_22': 0.043857055904558434, 'lag_23': 0.3595656546940499, 'lag_24': 0.39632757331117935, 'lag_25': 0.4275849482472675, 'lag_26': 0.7294643299915011, 'lag_27': 0.9613892711556883, 'lag_28': 0.5167244301182822}. Best is trial 25 with value: 0.012083311946002465.
[I 2025-09-29 11:55:12,929] Trial 77 finished with value: 0.0123631304302252 and parameters: {'lag_0': 0.1956354269772584, 'lag_1': 0.4629854630668156, 'lag_2': 0.11990397756269389, 'lag_3': 0.9111151243974726, 'lag_4': 0.04037848333621391, 'lag_5': 0.37768179413692415, 'lag_6': 0.9590079660391301, 'lag_7': 0.5659145525120269, 'lag_8': 0.43216863436500363, 'lag_9': 0.6986977092585219, 'lag_10': 0.8410522376976982, 'lag_11': 0.5038906538067455, 'lag_12': 0.8145411639160413, 'lag_13': 0.14536546092276126, 'lag_14': 0.32548864033555014, 'lag_15': 0.7068955514788289, 'lag_16': 0.1617059531526355, 'lag_17': 0.6311492740095846, 'lag_18': 0.18708297998478457, 'lag_19': 0.4984348697849955, 'lag_20': 0.5729377995485968, 'lag_21': 0.15721981943469862, 'lag_22': 0.6829523318136929, 'lag_23': 0.17603926953326765, 'lag_24': 0.6233337224437049, 'lag_25': 0.8669479155377566, 'lag_26': 0.8301505520505372, 'lag_27': 0.6631920669519894, 'lag_28': 0.44855409064769625}. Best is trial 25 with value: 0.012083311946002465.
[I 2025-09-29 11:55:15,471] Trial 78 finished with value: 0.012105670579612404 and parameters: {'lag_0': 0.029853655255820368, 'lag_1': 0.9801776454069224, 'lag_2': 0.25307363627550583, 'lag_3': 0.8004469067898665, 'lag_4': 0.615109151369547, 'lag_5': 0.2732601771384555, 'lag_6': 0.6715645534990399, 'lag_7': 0.6849195273721166, 'lag_8': 0.3460508266887872, 'lag_9': 0.24474239175360446, 'lag_10': 0.7421091335367711, 'lag_11': 0.6609919597026286, 'lag_12': 0.9270336801310212, 'lag_13': 0.4302021790000535, 'lag_14': 0.42106173198748864, 'lag_15': 0.7697842865904908, 'lag_16': 0.7624992341428336, 'lag_17': 0.8757477431044579, 'lag_18': 0.00487337068529093, 'lag_19': 0.18338339979372742, 'lag_20': 0.38269544855538407, 'lag_21': 0.3229831828988117, 'lag_22': 0.2460223798893319, 'lag_23': 0.4147140206255901, 'lag_24': 0.26365884820934393, 'lag_25': 0.06747096424109977, 'lag_26': 0.6259998256365298, 'lag_27': 0.9169445978128671, 'lag_28': 0.647151007283422}. Best is trial 25 with value: 0.012083311946002465.
[I 2025-09-29 11:55:18,016] Trial 79 finished with value: 0.012396959173524411 and parameters: {'lag_0': 0.2406598172193437, 'lag_1': 0.7176006451602414, 'lag_2': 0.2491813399768026, 'lag_3': 0.7059536537165702, 'lag_4': 0.6977442414602201, 'lag_5': 0.266903947365494, 'lag_6': 0.7207069857337121, 'lag_7': 0.7366611157424436, 'lag_8': 0.3486700068780181, 'lag_9': 0.3480671496430985, 'lag_10': 0.7353326053556865, 'lag_11': 0.7319226652475574, 'lag_12': 0.9279752058981434, 'lag_13': 0.4443604805617656, 'lag_14': 0.4240795444828525, 'lag_15': 0.9212445943181166, 'lag_16': 0.9458694673929146, 'lag_17': 0.8847790729369599, 'lag_18': 0.02238234829459213, 'lag_19': 0.13266676243095224, 'lag_20': 0.38773029188811226, 'lag_21': 0.1349240394982629, 'lag_22': 0.31008605350271595, 'lag_23': 0.5039242540028817, 'lag_24': 0.25376630079110507, 'lag_25': 0.13098715484402457, 'lag_26': 0.6337570134121668, 'lag_27': 0.9197980734153771, 'lag_28': 0.631448318761323}. Best is trial 25 with value: 0.012083311946002465.
[I 2025-09-29 11:55:20,550] Trial 80 finished with value: 0.01252164845683707 and parameters: {'lag_0': 0.16260309342775978, 'lag_1': 0.5461698140239987, 'lag_2': 0.3085193533073287, 'lag_3': 0.7626727753482583, 'lag_4': 0.6364285267427187, 'lag_5': 0.18302094311837885, 'lag_6': 0.6601690117858791, 'lag_7': 0.6803980557761125, 'lag_8': 0.21069694009099385, 'lag_9': 0.1561491549919029, 'lag_10': 0.9032375502576877, 'lag_11': 0.6630488866598471, 'lag_12': 0.8854171968805694, 'lag_13': 0.3124384243714725, 'lag_14': 0.503019750099662, 'lag_15': 0.6715478962036289, 'lag_16': 0.7639946682550773, 'lag_17': 0.4302398199894011, 'lag_18': 0.002190690066743001, 'lag_19': 0.18631137020019528, 'lag_20': 0.04967024981902368, 'lag_21': 0.0037650470180147777, 'lag_22': 0.25033542341103016, 'lag_23': 0.04409606407664794, 'lag_24': 0.2154291314860633, 'lag_25': 0.05358527819930393, 'lag_26': 0.6502061391792227, 'lag_27': 0.8454888174569241, 'lag_28': 0.5722769743211422}. Best is trial 25 with value: 0.012083311946002465.
[I 2025-09-29 11:55:23,090] Trial 81 finished with value: 0.012536199820376407 and parameters: {'lag_0': 0.03152882144283021, 'lag_1': 0.9673135346128411, 'lag_2': 0.14930373586051268, 'lag_3': 0.7892613395688243, 'lag_4': 0.5393277072186962, 'lag_5': 0.23244317376461657, 'lag_6': 0.7840901959581347, 'lag_7': 0.6202942036064365, 'lag_8': 0.3953129769446756, 'lag_9': 0.4535699961841271, 'lag_10': 0.7669463200501137, 'lag_11': 0.620439540559084, 'lag_12': 0.7631168479280462, 'lag_13': 0.415443569039874, 'lag_14': 0.3626283131901884, 'lag_15': 0.7742640585061175, 'lag_16': 0.8971905993387137, 'lag_17': 0.9177285187442341, 'lag_18': 0.08426917621653748, 'lag_19': 0.346922689858154, 'lag_20': 0.45987211835028274, 'lag_21': 0.33706957404808136, 'lag_22': 0.2144277347374891, 'lag_23': 0.4122788407301473, 'lag_24': 0.28600762434698923, 'lag_25': 0.1952968351911608, 'lag_26': 0.6063113667880085, 'lag_27': 0.8744691506753937, 'lag_28': 0.6351292395579744}. Best is trial 25 with value: 0.012083311946002465.
[I 2025-09-29 11:55:25,630] Trial 82 finished with value: 0.012197554458245472 and parameters: {'lag_0': 0.07926387979963563, 'lag_1': 0.9985021340532576, 'lag_2': 0.1946533480678666, 'lag_3': 0.9452477287280461, 'lag_4': 0.4614052794761297, 'lag_5': 0.29323105284220363, 'lag_6': 0.866248990483612, 'lag_7': 0.7762725078746114, 'lag_8': 0.2733783493945965, 'lag_9': 0.23363446634981802, 'lag_10': 0.6402591371954356, 'lag_11': 0.7000219126288524, 'lag_12': 0.8633012548385859, 'lag_13': 0.6217878836929658, 'lag_14': 0.4187207895522789, 'lag_15': 0.7264060632775039, 'lag_16': 0.592831235910211, 'lag_17': 0.8706741002304963, 'lag_18': 0.057522407331257415, 'lag_19': 0.08948829234119073, 'lag_20': 0.2244668387246711, 'lag_21': 0.37177893277608354, 'lag_22': 0.38208650059272176, 'lag_23': 0.3187311125265576, 'lag_24': 0.3002686902170459, 'lag_25': 0.29563541928484266, 'lag_26': 0.7047312260694344, 'lag_27': 0.9599512079273897, 'lag_28': 0.6675088363493688}. Best is trial 25 with value: 0.012083311946002465.
