[I 2025-09-29 11:53:31,478] Trial 40 finished with value: 0.010282765476014474 and parameters: {'lag_0': 0.46018452448599095, 'lag_1': 0.43467659624388655, 'lag_2': 0.5738745568777717, 'lag_3': 0.09916854939296864, 'lag_4': 0.46864544772638134, 'lag_5': 0.8867175633482459, 'lag_6': 0.8913792663030523, 'lag_7': 0.44909692460561634, 'lag_8': 0.15432283824456922, 'lag_9': 0.1869386437504712, 'lag_10': 0.7764893659087277, 'lag_11': 0.5243404496932151, 'lag_12': 0.15178700341805412, 'lag_13': 0.5470045687949552, 'lag_14': 0.7637967308157529, 'lag_15': 0.7001209293999111, 'lag_16': 0.771864894958755, 'lag_17': 0.932405096195883, 'lag_18': 0.33882987350087607, 'lag_19': 0.8170777662205476, 'lag_20': 0.3155232677215182, 'lag_21': 0.6370786835887358, 'lag_22': 0.30776517278853777, 'lag_23': 0.359504425680741, 'lag_24': 0.32385158134977177, 'lag_25': 0.8078966861130373, 'lag_26': 0.5136938592682763, 'lag_27': 0.5670094617524579, 'lag_28': 0.4705063646777091}. Best is trial 1 with value: 0.010060723097495226.
[I 2025-09-29 11:53:33,845] Trial 41 finished with value: 0.01052317913470179 and parameters: {'lag_0': 0.1641065112507994, 'lag_1': 0.9218267477622454, 'lag_2': 0.7345283569624178, 'lag_3': 0.9447179276394253, 'lag_4': 0.8545616407258081, 'lag_5': 0.46178065840334087, 'lag_6': 0.7403774630079574, 'lag_7': 0.19979729443896183, 'lag_8': 0.9126190476897288, 'lag_9': 0.047060831478411766, 'lag_10': 0.506468152570563, 'lag_11': 0.26307051435188344, 'lag_12': 0.4248915198553134, 'lag_13': 0.23779952379509633, 'lag_14': 0.955472962136605, 'lag_15': 0.9592369269289047, 'lag_16': 0.5523873184886573, 'lag_17': 0.7100007906955543, 'lag_18': 0.007840120157080254, 'lag_19': 0.5697392721982664, 'lag_20': 0.5628720435112982, 'lag_21': 0.44699429046518463, 'lag_22': 0.4848966833434568, 'lag_23': 0.9412299083651157, 'lag_24': 0.2074349036557498, 'lag_25': 0.28517124192224486, 'lag_26': 0.4712106467022178, 'lag_27': 0.1237333368564645, 'lag_28': 0.533846256339074}. Best is trial 1 with value: 0.010060723097495226.
[I 2025-09-29 11:53:36,204] Trial 42 finished with value: 0.01026169509585225 and parameters: {'lag_0': 0.043769871517889775, 'lag_1': 0.8604883577707052, 'lag_2': 0.7875598811730842, 'lag_3': 0.9498826661426366, 'lag_4': 0.9124036441696699, 'lag_5': 0.002224039466307254, 'lag_6': 0.7944895004641183, 'lag_7': 0.14044612496978365, 'lag_8': 0.5533486476113014, 'lag_9': 0.08216176645754364, 'lag_10': 0.5605692294662336, 'lag_11': 0.058014179837044294, 'lag_12': 0.6024424245909893, 'lag_13': 0.1430613381396692, 'lag_14': 0.8874464286275536, 'lag_15': 0.936433069918209, 'lag_16': 0.43655351767854145, 'lag_17': 0.7479201794355871, 'lag_18': 0.057296317994992796, 'lag_19': 0.650868675459152, 'lag_20': 0.6385083975142299, 'lag_21': 0.3717816594362313, 'lag_22': 0.598142227047921, 'lag_23': 0.8069118750625874, 'lag_24': 0.7656628864742564, 'lag_25': 0.3894804705282817, 'lag_26': 0.3570599620889249, 'lag_27': 0.20110225169887747, 'lag_28': 0.38279791718653566}. Best is trial 1 with value: 0.010060723097495226.
[I 2025-09-29 11:53:38,552] Trial 43 finished with value: 0.01041546990843995 and parameters: {'lag_0': 0.2511486903201031, 'lag_1': 0.7684129742257936, 'lag_2': 0.6900355388375413, 'lag_3': 0.9031345358755056, 'lag_4': 0.7959421773788715, 'lag_5': 0.3397729319953663, 'lag_6': 0.7152075359795965, 'lag_7': 0.019099434725714293, 'lag_8': 0.7088730541020376, 'lag_9': 0.06846935356437628, 'lag_10': 0.7118868143172151, 'lag_11': 0.32625910411798803, 'lag_12': 0.28541361679677146, 'lag_13': 0.32437109320112867, 'lag_14': 0.9608151818163709, 'lag_15': 0.8840390746868988, 'lag_16': 0.7165968822433942, 'lag_17': 0.8618447354299824, 'lag_18': 0.21505136383880202, 'lag_19': 0.3411345250532929, 'lag_20': 0.7062762445832085, 'lag_21': 0.4946186908210467, 'lag_22': 0.7014933095458127, 'lag_23': 0.8465768495286039, 'lag_24': 0.5140161826196286, 'lag_25': 0.4789768772106663, 'lag_26': 0.5567948189632097, 'lag_27': 0.3127021638526365, 'lag_28': 0.627505102704479}. Best is trial 1 with value: 0.010060723097495226.
[I 2025-09-29 11:53:40,914] Trial 44 finished with value: 0.010425234157986202 and parameters: {'lag_0': 0.20118007991465303, 'lag_1': 0.11550921422469865, 'lag_2': 0.4523532852782729, 'lag_3': 0.7502772991189984, 'lag_4': 0.718781519295901, 'lag_5': 0.6515928833459443, 'lag_6': 0.009319653495876046, 'lag_7': 0.3489856926016443, 'lag_8': 0.980984489802728, 'lag_9': 0.01398853638836152, 'lag_10': 0.4818371848888293, 'lag_11': 0.22572942112363908, 'lag_12': 0.46673104269003457, 'lag_13': 0.37695764538907495, 'lag_14': 0.8109915791718921, 'lag_15': 0.8683623779348622, 'lag_16': 0.47542711522499315, 'lag_17': 0.9452612652504041, 'lag_18': 0.11631153203708974, 'lag_19': 0.25766200862955513, 'lag_20': 0.6175624827032, 'lag_21': 0.26135990540404563, 'lag_22': 0.3851532127161589, 'lag_23': 0.9294623290787756, 'lag_24': 0.3295471399100448, 'lag_25': 0.6648966712251565, 'lag_26': 0.40470702106422224, 'lag_27': 0.05122498710112647, 'lag_28': 0.7243632060668069}. Best is trial 1 with value: 0.010060723097495226.
[I 2025-09-29 11:53:43,273] Trial 45 finished with value: 0.010300436280829378 and parameters: {'lag_0': 0.151940109306371, 'lag_1': 0.22850715815269232, 'lag_2': 0.6170280361909988, 'lag_3': 0.8146249197554778, 'lag_4': 0.8126014488011049, 'lag_5': 0.057362763357462085, 'lag_6': 0.7625289332011217, 'lag_7': 0.25432767415406776, 'lag_8': 0.8181426798779887, 'lag_9': 0.1322887660454402, 'lag_10': 0.23460739975330908, 'lag_11': 0.19427354467115632, 'lag_12': 0.21470073595536424, 'lag_13': 0.10019418059892762, 'lag_14': 0.2967436501521915, 'lag_15': 0.7884542941474839, 'lag_16': 0.655241187671699, 'lag_17': 0.7782098494177461, 'lag_18': 0.04718234457645047, 'lag_19': 0.36691706588217887, 'lag_20': 0.7511707218767907, 'lag_21': 0.40685863160244606, 'lag_22': 0.5200855733976978, 'lag_23': 0.9940225304314402, 'lag_24': 0.6688507161825108, 'lag_25': 0.4241606941337972, 'lag_26': 0.627511208176148, 'lag_27': 0.27452179420522504, 'lag_28': 0.3945184328757689}. Best is trial 1 with value: 0.010060723097495226.
[I 2025-09-29 11:53:45,627] Trial 46 finished with value: 0.010339481683072327 and parameters: {'lag_0': 0.33135004155576603, 'lag_1': 0.96569763273262, 'lag_2': 0.8294561470378883, 'lag_3': 0.9199524242246809, 'lag_4': 0.39342489149755944, 'lag_5': 0.19583892402832953, 'lag_6': 0.15011838284533852, 'lag_7': 0.8937276499461386, 'lag_8': 0.7547947297368324, 'lag_9': 0.32880844719253816, 'lag_10': 0.6251164270723714, 'lag_11': 0.9757907575240319, 'lag_12': 0.37611381751635314, 'lag_13': 0.2672217644314638, 'lag_14': 0.00042391703874977704, 'lag_15': 0.23053600300368604, 'lag_16': 0.9672860819601493, 'lag_17': 0.1111391590834316, 'lag_18': 0.6214784174892153, 'lag_19': 0.7646241166879382, 'lag_20': 0.6619179261985723, 'lag_21': 0.5697507159932669, 'lag_22': 0.1029745123273203, 'lag_23': 0.28139428569596836, 'lag_24': 0.4035620427316116, 'lag_25': 0.5223157854284604, 'lag_26': 0.13728385461608944, 'lag_27': 0.3903126846392173, 'lag_28': 0.550693053310506}. Best is trial 1 with value: 0.010060723097495226.
[I 2025-09-29 11:53:47,973] Trial 47 finished with value: 0.010408959593725918 and parameters: {'lag_0': 0.05573222613169482, 'lag_1': 0.8092855403380066, 'lag_2': 0.3722188950404898, 'lag_3': 0.9863447486026204, 'lag_4': 0.9940035335479376, 'lag_5': 0.16100631647301406, 'lag_6': 0.6417114234014699, 'lag_7': 0.20192081905857057, 'lag_8': 0.14827744312605698, 'lag_9': 0.17476503897041568, 'lag_10': 0.9071097559401858, 'lag_11': 0.5719950014780482, 'lag_12': 0.5649103085633377, 'lag_13': 0.046346231924098424, 'lag_14': 0.17671440236014435, 'lag_15': 0.9478787543702737, 'lag_16': 0.38035417857098786, 'lag_17': 0.6013427453365454, 'lag_18': 0.9853461815822109, 'lag_19': 0.4732705005415422, 'lag_20': 0.934025976916862, 'lag_21': 0.2981936490721091, 'lag_22': 0.016025162748293804, 'lag_23': 0.8793604809413539, 'lag_24': 0.22231520338802546, 'lag_25': 0.19434723150127123, 'lag_26': 0.9867020248565919, 'lag_27': 0.16524432508967163, 'lag_28': 0.4669181144834703}. Best is trial 1 with value: 0.010060723097495226.
[I 2025-09-29 11:53:50,325] Trial 48 finished with value: 0.010377227230908514 and parameters: {'lag_0': 0.40310250386521984, 'lag_1': 0.05892910577538732, 'lag_2': 0.9472291082092263, 'lag_3': 0.848347853152275, 'lag_4': 0.6776743408975793, 'lag_5': 0.22589400770242818, 'lag_6': 0.5522116179691834, 'lag_7': 0.669131081700826, 'lag_8': 0.2995902840656446, 'lag_9': 0.5378829244130201, 'lag_10': 0.4124395442613227, 'lag_11': 0.09000141549319474, 'lag_12': 0.3055593566930597, 'lag_13': 0.42663499182382075, 'lag_14': 0.9258733547258562, 'lag_15': 0.7245802875268208, 'lag_16': 0.8593202819959129, 'lag_17': 0.96279664599768, 'lag_18': 0.006738262646064315, 'lag_19': 0.13303895624263332, 'lag_20': 0.05538413516467333, 'lag_21': 0.20959951650130473, 'lag_22': 0.4095273804643561, 'lag_23': 0.6861903418425996, 'lag_24': 0.5725401485460068, 'lag_25': 0.3124521306049715, 'lag_26': 0.5436084064906531, 'lag_27': 0.22990820264487294, 'lag_28': 0.07291182068401685}. Best is trial 1 with value: 0.010060723097495226.
[I 2025-09-29 11:53:52,684] Trial 49 finished with value: 0.010333267157437667 and parameters: {'lag_0': 0.8416387496962464, 'lag_1': 0.72748430809267, 'lag_2': 0.5553029958578863, 'lag_3': 0.6562930670871221, 'lag_4': 0.7521924669011364, 'lag_5': 0.69004185040594, 'lag_6': 0.4728117238784067, 'lag_7': 0.07116210433871897, 'lag_8': 0.8764368162097269, 'lag_9': 0.6737761543066392, 'lag_10': 0.3420141547785819, 'lag_11': 0.03714664101182303, 'lag_12': 0.0922865908998945, 'lag_13': 0.21503729875905475, 'lag_14': 0.8380602489085718, 'lag_15': 0.8339742911096847, 'lag_16': 0.6020079247670149, 'lag_17': 0.8747957270404193, 'lag_18': 0.49235658536768107, 'lag_19': 0.6141021581818713, 'lag_20': 0.8265295262404804, 'lag_21': 0.3569764197148113, 'lag_22': 0.5747321188635333, 'lag_23': 0.42862477690651046, 'lag_24': 0.6070672260482526, 'lag_25': 0.6986672146829147, 'lag_26': 0.06286270588716453, 'lag_27': 0.09123928159253829, 'lag_28': 0.4967173513969293}. Best is trial 1 with value: 0.010060723097495226.
[I 2025-09-29 11:53:55,040] Trial 50 finished with value: 0.01019736155798763 and parameters: {'lag_0': 0.9693352623819113, 'lag_1': 0.8867596927509553, 'lag_2': 0.1827698208386862, 'lag_3': 0.7250670076719357, 'lag_4': 0.8470761803918382, 'lag_5': 0.8273346263511179, 'lag_6': 0.6165561031600263, 'lag_7': 0.5615004487737816, 'lag_8': 0.38315272321961763, 'lag_9': 0.84049678117386, 'lag_10': 0.9812904586007433, 'lag_11': 0.15491994323017153, 'lag_12': 0.366565058053832, 'lag_13': 0.35618812422877044, 'lag_14': 0.05920648485186586, 'lag_15': 0.5982916644665827, 'lag_16': 0.7237225459430845, 'lag_17': 0.04631807445658328, 'lag_18': 0.20618151327657358, 'lag_19': 0.5357815112205594, 'lag_20': 0.5326716987101587, 'lag_21': 0.4373987318235637, 'lag_22': 0.8432863765309184, 'lag_23': 0.1122881742013686, 'lag_24': 0.8498755313324877, 'lag_25': 0.6332225665791672, 'lag_26': 0.47853971599642253, 'lag_27': 0.34768497634392703, 'lag_28': 0.8239643957377256}. Best is trial 1 with value: 0.010060723097495226.
[I 2025-09-29 11:53:57,396] Trial 51 finished with value: 0.010344056403664975 and parameters: {'lag_0': 0.9591622156974435, 'lag_1': 0.8841256962630497, 'lag_2': 0.15928060912418157, 'lag_3': 0.7144083937377739, 'lag_4': 0.8382031634534634, 'lag_5': 0.8646768239888039, 'lag_6': 0.6813029989013716, 'lag_7': 0.5521564477768148, 'lag_8': 0.403217435878694, 'lag_9': 0.826507599885491, 'lag_10': 0.7612683916667451, 'lag_11': 0.1301107141203185, 'lag_12': 0.3780270005840388, 'lag_13': 0.3416837840135973, 'lag_14': 0.06665010613167233, 'lag_15': 0.6269880790436457, 'lag_16': 0.7244461641369958, 'lag_17': 0.05330912644986896, 'lag_18': 0.20793140749297834, 'lag_19': 0.5361280104137695, 'lag_20': 0.5312697036647362, 'lag_21': 0.4641175164726218, 'lag_22': 0.8296483870671914, 'lag_23': 0.05532397790206184, 'lag_24': 0.8736879723745571, 'lag_25': 0.6559612855391455, 'lag_26': 0.48435481604075675, 'lag_27': 0.35958466335418604, 'lag_28': 0.8387604077757722}. Best is trial 1 with value: 0.010060723097495226.
[I 2025-09-29 11:53:59,755] Trial 52 finished with value: 0.010627086655715686 and parameters: {'lag_0': 0.9201684395700352, 'lag_1': 0.93017254555182, 'lag_2': 0.05329454885114243, 'lag_3': 0.8381363611362512, 'lag_4': 0.9232982977580195, 'lag_5': 0.814256168004679, 'lag_6': 0.6042642081838348, 'lag_7': 0.5878926997013956, 'lag_8': 0.31930007197573834, 'lag_9': 0.9633835806131289, 'lag_10': 0.8008568950967718, 'lag_11': 0.15220786751694132, 'lag_12': 0.42541534951821663, 'lag_13': 0.2814543387951228, 'lag_14': 0.2469162267053909, 'lag_15': 0.6802569899773061, 'lag_16': 0.801465234343695, 'lag_17': 0.15713408090109093, 'lag_18': 0.2561228379472739, 'lag_19': 0.3914758541752006, 'lag_20': 0.20659893876140834, 'lag_21': 0.5346375929358933, 'lag_22': 0.9924689365371899, 'lag_23': 0.15001671077301337, 'lag_24': 0.9996830058114838, 'lag_25': 0.6318648638377109, 'lag_26': 0.4330974003327498, 'lag_27': 0.4582075451425856, 'lag_28': 0.9308927801760827}. Best is trial 1 with value: 0.010060723097495226.
[I 2025-09-29 11:54:02,110] Trial 53 finished with value: 0.010183694815323264 and parameters: {'lag_0': 0.9825640885259576, 'lag_1': 0.8257980335035181, 'lag_2': 0.002442188848679361, 'lag_3': 0.7480100579072387, 'lag_4': 0.6253918712151061, 'lag_5': 0.9321686705526582, 'lag_6': 0.7984970307224268, 'lag_7': 0.6394525044823884, 'lag_8': 0.011021746662020493, 'lag_9': 0.9031524154599451, 'lag_10': 0.989978075752886, 'lag_11': 0.24700780613061565, 'lag_12': 0.6494578426225421, 'lag_13': 0.15489745139256966, 'lag_14': 0.051600600154654036, 'lag_15': 0.5415292568923019, 'lag_16': 0.6876758151448079, 'lag_17': 0.06639995215047173, 'lag_18': 0.15453437206567863, 'lag_19': 0.22003842844461446, 'lag_20': 0.4527743826412103, 'lag_21': 0.4264866336625603, 'lag_22': 0.8521332315832737, 'lag_23': 0.11598527672504239, 'lag_24': 0.8758800891391014, 'lag_25': 0.6026165241527962, 'lag_26': 0.36284112345543645, 'lag_27': 0.42267501132412655, 'lag_28': 0.8663276900469512}. Best is trial 1 with value: 0.010060723097495226.
[I 2025-09-29 11:54:04,458] Trial 54 finished with value: 0.010161945239170567 and parameters: {'lag_0': 0.910094115515874, 'lag_1': 0.8267857254953335, 'lag_2': 0.2608049313572038, 'lag_3': 0.9185823789721526, 'lag_4': 0.6171613137883806, 'lag_5': 0.9047844982725222, 'lag_6': 0.8603551224466048, 'lag_7': 0.6580062147246794, 'lag_8': 0.0006697405725880588, 'lag_9': 0.6491018707013994, 'lag_10': 0.5212896837255441, 'lag_11': 0.38980669451132466, 'lag_12': 0.7984169406180271, 'lag_13': 0.14926385090553349, 'lag_14': 0.17245498533409526, 'lag_15': 0.5623344566840305, 'lag_16': 0.620104753017296, 'lag_17': 0.0913332526935346, 'lag_18': 0.1377173121551112, 'lag_19': 0.18621785866581106, 'lag_20': 0.3244378457404239, 'lag_21': 0.40082493236614847, 'lag_22': 0.9106858923341815, 'lag_23': 0.0029603618137513665, 'lag_24': 0.943802454082286, 'lag_25': 0.5802209168250693, 'lag_26': 0.18759586369991132, 'lag_27': 0.28318269032291987, 'lag_28': 0.7799848784842094}. Best is trial 1 with value: 0.010060723097495226.
[I 2025-09-29 11:54:06,819] Trial 55 finished with value: 0.010240736216510341 and parameters: {'lag_0': 0.703705012224785, 'lag_1': 0.7696971269712338, 'lag_2': 0.2530301345987701, 'lag_3': 0.9306142754176902, 'lag_4': 0.525386252448652, 'lag_5': 0.9940455798206926, 'lag_6': 0.8564138926284692, 'lag_7': 0.7556574570096208, 'lag_8': 0.06202807018627789, 'lag_9': 0.6444407898380331, 'lag_10': 0.5134441846465738, 'lag_11': 0.3643268691707501, 'lag_12': 0.8690911347035691, 'lag_13': 0.11684713278486894, 'lag_14': 0.18019619318497404, 'lag_15': 0.4709977374978326, 'lag_16': 0.5119086142180446, 'lag_17': 0.008902611518575729, 'lag_18': 0.9100374614542807, 'lag_19': 0.3161478753973468, 'lag_20': 0.3519207931936428, 'lag_21': 0.391057820822136, 'lag_22': 0.05858289366850966, 'lag_23': 0.59050426099702, 'lag_24': 0.9684256081692962, 'lag_25': 0.5097009179084471, 'lag_26': 0.18426120141728008, 'lag_27': 0.03033045005177898, 'lag_28': 0.6886845962813213}. Best is trial 1 with value: 0.010060723097495226.
[I 2025-09-29 11:54:09,173] Trial 56 finished with value: 0.01030765613952218 and parameters: {'lag_0': 0.8448049446266317, 'lag_1': 0.5660346645086817, 'lag_2': 0.743248281284124, 'lag_3': 0.9952219897177355, 'lag_4': 0.5987042795031601, 'lag_5': 0.9257781565239949, 'lag_6': 0.9367292699646265, 'lag_7': 0.28464426441610147, 'lag_8': 0.08922813472305018, 'lag_9': 0.765651044687688, 'lag_10': 0.5727717642890324, 'lag_11': 0.3148435291432241, 'lag_12': 0.752116206965215, 'lag_13': 0.17585580817322033, 'lag_14': 0.41383469270185913, 'lag_15': 0.5698198950938393, 'lag_16': 0.609373981184747, 'lag_17': 0.32715506554633483, 'lag_18': 0.06733612982640565, 'lag_19': 0.17317112715787591, 'lag_20': 0.1666472957442907, 'lag_21': 0.4894947967305774, 'lag_22': 0.4527653345417374, 'lag_23': 0.005498179122390923, 'lag_24': 0.9232772025441551, 'lag_25': 0.5680693648733103, 'lag_26': 0.16000563281559105, 'lag_27': 0.3064661246404739, 'lag_28': 0.9924719475796057}. Best is trial 1 with value: 0.010060723097495226.
[I 2025-09-29 11:54:11,523] Trial 57 finished with value: 0.010499700267270068 and parameters: {'lag_0': 0.9104472038965971, 'lag_1': 0.671011943588319, 'lag_2': 0.9963071793757261, 'lag_3': 0.38484876318582395, 'lag_4': 0.7028854700926339, 'lag_5': 0.7446822138521584, 'lag_6': 0.8996987552186433, 'lag_7': 0.39222719669227346, 'lag_8': 0.0498161339524848, 'lag_9': 0.5783887702591312, 'lag_10': 0.601971639442272, 'lag_11': 0.40252412908694063, 'lag_12': 0.7911409812219738, 'lag_13': 0.23409994543233822, 'lag_14': 0.16386683105519012, 'lag_15': 0.7574943014879024, 'lag_16': 0.537022005146061, 'lag_17': 0.12962000721436479, 'lag_18': 0.13327143529628777, 'lag_19': 0.2508072045702161, 'lag_20': 0.0784718140715204, 'lag_21': 0.29990057273928217, 'lag_22': 0.7622212942736251, 'lag_23': 0.23290621940078204, 'lag_24': 0.36898542095389275, 'lag_25': 0.4349091621868485, 'lag_26': 0.002674373403465685, 'lag_27': 0.1409632610915182, 'lag_28': 0.7680683896581192}. Best is trial 1 with value: 0.010060723097495226.
[I 2025-09-29 11:54:13,886] Trial 58 finished with value: 0.010310215531436493 and parameters: {'lag_0': 0.7767530164287306, 'lag_1': 0.5016874435810774, 'lag_2': 0.3335514098432706, 'lag_3': 0.5400502276409189, 'lag_4': 0.5669169649744914, 'lag_5': 0.604508498329103, 'lag_6': 0.7295580774031213, 'lag_7': 0.4723129916004266, 'lag_8': 0.17316971923442026, 'lag_9': 0.045886990174032194, 'lag_10': 0.44117891976894913, 'lag_11': 0.4525898776300813, 'lag_12': 0.48396701474124804, 'lag_13': 0.05597220362146235, 'lag_14': 0.24433183789414692, 'lag_15': 0.3955566226247013, 'lag_16': 0.9494033364565608, 'lag_17': 0.7961880785933666, 'lag_18': 0.03390608868356286, 'lag_19': 0.0923180694354675, 'lag_20': 0.24652739568116655, 'lag_21': 0.5978262977008129, 'lag_22': 0.249661982346227, 'lag_23': 0.5034660831426406, 'lag_24': 0.7799512424032463, 'lag_25': 0.7043779141844988, 'lag_26': 0.27490760023775973, 'lag_27': 0.9229954061027432, 'lag_28': 0.14492112958895137}. Best is trial 1 with value: 0.010060723097495226.
[I 2025-09-29 11:54:16,242] Trial 59 finished with value: 0.010403873092071149 and parameters: {'lag_0': 0.8314464853063546, 'lag_1': 0.3234770039890428, 'lag_2': 0.5069330451130704, 'lag_3': 0.9044793263555276, 'lag_4': 0.6490496194868307, 'lag_5': 0.2851704175904867, 'lag_6': 0.7957247198506008, 'lag_7': 0.7724743790774509, 'lag_8': 0.9481836197851847, 'lag_9': 0.002722477249751415, 'lag_10': 0.5276675668504316, 'lag_11': 0.004943143098377872, 'lag_12': 0.543321484496158, 'lag_13': 0.5097064098756621, 'lag_14': 0.5407004904142213, 'lag_15': 0.5100664430736196, 'lag_16': 0.474847576525213, 'lag_17': 0.24746740239833404, 'lag_18': 0.09613071682001992, 'lag_19': 0.2871183709498406, 'lag_20': 0.7424789126872993, 'lag_21': 0.10768910283838573, 'lag_22': 0.8912997393018476, 'lag_23': 0.31692494425328144, 'lag_24': 0.4346686889627198, 'lag_25': 0.7601887796427284, 'lag_26': 0.3270580932809557, 'lag_27': 0.27207278119803757, 'lag_28': 0.05675769132560682}. Best is trial 1 with value: 0.010060723097495226.
[I 2025-09-29 11:54:18,596] Trial 60 finished with value: 0.010464938374488275 and parameters: {'lag_0': 0.3039074295320824, 'lag_1': 0.263043619954562, 'lag_2': 0.23032139080744293, 'lag_3': 0.041349828513691844, 'lag_4': 0.3558388197719093, 'lag_5': 0.38187344724012373, 'lag_6': 0.964179359072203, 'lag_7': 0.8680538214578987, 'lag_8': 0.1879186565040184, 'lag_9': 0.556924854682548, 'lag_10': 0.6639442600691008, 'lag_11': 0.46740375039555154, 'lag_12': 0.6728993951765108, 'lag_13': 0.30158802510064786, 'lag_14': 0.9607611148668916, 'lag_15': 0.9948170648921939, 'lag_16': 0.5836220402190448, 'lag_17': 0.43463319101605363, 'lag_18': 0.17522376757081098, 'lag_19': 0.05783086453748551, 'lag_20': 0.00034689988699491275, 'lag_21': 0.7116389902646136, 'lag_22': 0.950319053954416, 'lag_23': 0.7489774072585947, 'lag_24': 0.2996544568915909, 'lag_25': 0.3416044516512856, 'lag_26': 0.08763407729865312, 'lag_27': 0.21414754473449427, 'lag_28': 0.6097741225115959}. Best is trial 1 with value: 0.010060723097495226.
