[I 2025-10-03 11:39:50,224] Trial 94 finished with values: [0.008163265306122448, 0.01055138323383315, 0.005383728790903318, 0.00789887170744451, 0.0014689089888541937, 0.006837692748610569, 0.001111571234694382, 0.0009602475095997307, 0.009550564906527998, 0.0006825936587053171, 0.003040412346305102, 0.005351531114109039, 0.002208028458428867, 0.1031170768461706, 0.0, 0.005572676398036627, 0.01292851188771629, 0.0018081383166305253, 0.0002449120267334915, 0.001178804735732371, 0.0073891754095114694, 0.0010555758067947037, 0.0015637942848821592, 0.011716245329825061, 0.0013225201839327755, 0.0007683652525141699, 0.0007832130203457536, 0.0, 0.0] and parameters: {'lag_0': 0.9588695394380264, 'lag_1': 0.45619061486516493, 'lag_2': 0.6525348589843202, 'lag_3': 0.6596444059569806, 'lag_4': 0.9153545998192292, 'lag_5': 0.7439597766988113, 'lag_6': 0.18829171921562526, 'lag_7': 0.5429749084978628, 'lag_8': 0.9910781992485939, 'lag_9': 0.013576726502720328, 'lag_10': 0.3266680933626117, 'lag_11': 0.6762632321672144, 'lag_12': 0.874574534099978, 'lag_13': 0.6864467255122991, 'lag_14': 0.49569490622058876, 'lag_15': 0.7686839036932915, 'lag_16': 0.26806512882814754, 'lag_17': 0.13317962170914066, 'lag_18': 0.2269850604362438, 'lag_19': 0.7276173577679291, 'lag_20': 0.42794245790841245, 'lag_21': 0.45364888434469347, 'lag_22': 0.08707937822069356, 'lag_23': 0.6435580446454261, 'lag_24': 0.21493939655229005, 'lag_25': 0.4863422354923631, 'lag_26': 0.8114816192781719, 'lag_27': 0.3970049532366384, 'lag_28': 0.7745045457947072}.
[I 2025-10-03 11:39:52,911] Trial 95 finished with values: [0.018, 0.012300588936848197, 0.01202084479862824, 0.004913177742729519, 0.003206590250427919, 0.00644555727824791, 0.0010593020036000582, 0.001769236281083645, 0.007896254603501044, 0.00034774817573036563, 0.003593605872172645, 0.0050563355704734275, 0.0036491289231663964, 0.09960987678330843, 0.0, 0.00801820247811592, 0.013430857635075085, 0.0014346578777076284, 0.0004574898639871026, 0.0009138436544662865, 0.007077401578280457, 0.0010924877543624137, 0.0012586672958092293, 0.012847797266802349, 0.0011956087475784587, 0.0014896624922848527, 0.0005499328070258339, 0.0, 0.0] and parameters: {'lag_0': 0.9660034208346048, 'lag_1': 0.5587908351984967, 'lag_2': 0.2742743951142196, 'lag_3': 0.18920314496937432, 'lag_4': 0.4496798024828547, 'lag_5': 0.09924406172914103, 'lag_6': 0.8886278966534412, 'lag_7': 0.8772314234370512, 'lag_8': 0.23797917887736772, 'lag_9': 0.5176827000053882, 'lag_10': 0.28772272454741254, 'lag_11': 0.1664901982058169, 'lag_12': 0.6070670859442807, 'lag_13': 0.01817062802961467, 'lag_14': 0.5735515589232882, 'lag_15': 0.05905463649084855, 'lag_16': 0.08375015382536516, 'lag_17': 0.6528360063345849, 'lag_18': 0.8818413857611425, 'lag_19': 0.05523656829125186, 'lag_20': 0.8676704310849254, 'lag_21': 0.1561322754663192, 'lag_22': 0.4313214235000033, 'lag_23': 0.04969588812085034, 'lag_24': 0.7746982623927168, 'lag_25': 0.5906952803569063, 'lag_26': 0.8157680368989092, 'lag_27': 0.7163201688464893, 'lag_28': 0.10753227575133455}.
[I 2025-10-03 11:39:55,598] Trial 96 finished with values: [0.02222222222222222, 0.013949289659953268, 0.00872308400390562, 0.008247495935728412, 0.0014443004408486071, 0.006991388340895152, 0.0005267553356007754, 0.0015722840584482603, 0.005993725966246673, 0.00055379078052023, 0.002424987040856642, 0.0070862925332565024, 0.0021535473166611188, 0.10226748546112938, 0.0, 0.008283048536983627, 0.012326992975616518, 0.0016343812762098426, 0.00020605809268791812, 0.0007380382024161873, 0.0076650691226582395, 0.0012527648832835422, 0.001110830721088554, 0.012353169378265826, 0.001456904458633888, 0.001134140481593579, 0.0009989705687713868, 0.0, 0.0] and parameters: {'lag_0': 0.27663158442808333, 'lag_1': 0.7095390256735941, 'lag_2': 0.468484679384529, 'lag_3': 0.9205462843614033, 'lag_4': 0.6355709743049198, 'lag_5': 0.5135975161078411, 'lag_6': 0.09665415531025186, 'lag_7': 0.33934873257492704, 'lag_8': 0.6175066732486281, 'lag_9': 0.12062844714513056, 'lag_10': 0.4950037092448215, 'lag_11': 0.4181598919443946, 'lag_12': 0.5787916984901056, 'lag_13': 0.17036118712338996, 'lag_14': 0.9553212463261201, 'lag_15': 0.16722198983764375, 'lag_16': 0.9945068202133408, 'lag_17': 0.08974099937294544, 'lag_18': 0.9088279046824433, 'lag_19': 0.1579163191392418, 'lag_20': 0.8400956939728076, 'lag_21': 0.014592377185659488, 'lag_22': 0.2870278194999975, 'lag_23': 0.5873329261425866, 'lag_24': 0.4154677742217727, 'lag_25': 0.8364721211795564, 'lag_26': 0.038591773780696816, 'lag_27': 0.6200870068702689, 'lag_28': 0.05549540253547444}.
[I 2025-10-03 11:39:58,268] Trial 97 finished with values: [0.009652892561983473, 0.0173141431581235, 0.011651431286184372, 0.011614008141630319, 0.002735336068586423, 0.010683163478799449, 0.00019761252160081316, 0.0008471879825980805, 0.004499374555791532, 0.0005591136094775717, 0.002109497495895751, 0.004899835325775915, 0.0028762381975490315, 0.10148630771954929, 0.0, 0.010708728349215206, 0.014096223122989793, 0.0017113631466807114, 0.00036827182066931396, 0.00105734745155169, 0.00747518711447374, 0.001021455461075953, 0.000759220773756198, 0.012547118139115212, 0.0007930040655255769, 0.001164002445447772, 0.0011451283319819513, 0.0, 0.0] and parameters: {'lag_0': 0.942563829559931, 'lag_1': 0.5161055558998023, 'lag_2': 0.943750463773722, 'lag_3': 0.5059707353639836, 'lag_4': 0.8800251989535174, 'lag_5': 0.643176827980153, 'lag_6': 0.7431555252612188, 'lag_7': 0.8807889185114384, 'lag_8': 0.9027252919130903, 'lag_9': 0.16923304478131515, 'lag_10': 0.6383715611694646, 'lag_11': 0.1982222653907187, 'lag_12': 0.7976035055686651, 'lag_13': 0.1837721629897877, 'lag_14': 0.8696113644282912, 'lag_15': 0.2314241847888475, 'lag_16': 0.8153492350959722, 'lag_17': 0.35152846982969954, 'lag_18': 0.02057568425626707, 'lag_19': 0.8544292948762215, 'lag_20': 0.9027259639063119, 'lag_21': 0.5748708528053832, 'lag_22': 0.764969455920951, 'lag_23': 0.28919038919589224, 'lag_24': 0.6205470638835062, 'lag_25': 0.05559127771823158, 'lag_26': 0.22160157066440997, 'lag_27': 0.5827683840962228, 'lag_28': 0.17767060744994428}.
[I 2025-10-03 11:40:00,884] Trial 98 finished with values: [0.00454178145087236, 0.0056942191367691415, 0.00712019691640132, 0.0053545676089330465, 0.00223499040681304, 0.007747341917419506, 0.0005781835195390435, 0.0012563707127401396, 0.005225872663930683, 0.000568991987364392, 0.002004327386157477, 0.00529890411165351, 0.0015572047340508273, 0.10225471974763907, 0.0, 0.006945989980281619, 0.011470307824013337, 0.001603534082032687, 0.00043981883255902316, 0.0013128874429541016, 0.007378340920530737, 0.001236662564850132, 0.0006270703800436473, 0.011988107297818773, 0.0011226942447151633, 0.0011382146865815386, 0.0010922089931307778, 0.0, 0.0] and parameters: {'lag_0': 0.180875158685211, 'lag_1': 0.1814238735958987, 'lag_2': 0.4111871933031568, 'lag_3': 0.22646427086500368, 'lag_4': 0.3615300095226789, 'lag_5': 0.6816725863378293, 'lag_6': 0.5914420315109068, 'lag_7': 0.6396076368339102, 'lag_8': 0.3752203119032774, 'lag_9': 0.1981343631657858, 'lag_10': 0.5711120027603653, 'lag_11': 0.5673217291513538, 'lag_12': 0.6259703115720272, 'lag_13': 0.7960486567584673, 'lag_14': 0.5334401359259959, 'lag_15': 0.6542423521210377, 'lag_16': 0.5003108007596176, 'lag_17': 0.9209785551272669, 'lag_18': 0.38148118829152505, 'lag_19': 0.1012833586429668, 'lag_20': 0.07704834704505191, 'lag_21': 0.21984821797404114, 'lag_22': 0.5202855841011643, 'lag_23': 0.8904118332156836, 'lag_24': 0.9796154177532598, 'lag_25': 0.8910135901688273, 'lag_26': 0.9569063041812567, 'lag_27': 0.36908551072894646, 'lag_28': 0.051524908474773604}.
[I 2025-10-03 11:40:03,457] Trial 99 finished with values: [0.012762188208616779, 0.009856824358982141, 0.0074064423678821215, 0.01592153742911146, 0.0020250787212975968, 0.007571686920468957, 0.00025405915180016863, 0.0017974589278121622, 0.008196140858093962, 0.0002598464661445029, 0.002241040148601127, 0.005518098999274542, 0.002838447786481918, 0.10199679329352958, 0.0, 0.005688520805391257, 0.012265427029041282, 0.001657073127993594, 0.00044182410931588214, 0.0012142814466757576, 0.007554217259724544, 0.000964198132526879, 0.001461620315762064, 0.013178393285178855, 0.0009152062379398156, 0.0010168209637297645, 0.0015496150171276566, 0.0, 0.0] and parameters: {'lag_0': 0.9390606826157075, 'lag_1': 0.8563160465919059, 'lag_2': 0.15779985633448126, 'lag_3': 0.6687971549033388, 'lag_4': 0.6084439257873303, 'lag_5': 0.04441493573747155, 'lag_6': 0.09309548393568066, 'lag_7': 0.9254541268156539, 'lag_8': 0.915439074060142, 'lag_9': 0.4578862201798982, 'lag_10': 0.6284013739019694, 'lag_11': 0.05078301001914771, 'lag_12': 0.6535074277775703, 'lag_13': 0.19571032248198864, 'lag_14': 0.11111946651867188, 'lag_15': 0.9626742469274295, 'lag_16': 0.05164453271038874, 'lag_17': 0.42468613188438076, 'lag_18': 0.6710751123519872, 'lag_19': 0.4712212314573529, 'lag_20': 0.05660687416105951, 'lag_21': 0.7938270542076399, 'lag_22': 0.4646601514640733, 'lag_23': 0.4463399096578356, 'lag_24': 0.07758572050358528, 'lag_25': 0.6506811681678409, 'lag_26': 0.25800617343783355, 'lag_27': 0.7235780993574743, 'lag_28': 0.4330603531470105}.
2025-10-03 11:40:05,747 - distributed.worker - INFO - Stopping worker at tcp://192.168.86.108:39097. Reason: scheduler-remove-worker
2025-10-03 11:40:05,751 - distributed.nanny - INFO - Closing Nanny gracefully at 'tcp://192.168.86.108:43642'. Reason: scheduler-remove-worker
2025-10-03 11:40:05,756 - distributed.nanny - INFO - Worker closed
2025-10-03 11:40:05,756 - distributed.core - INFO - Connection to tcp://192.168.86.108:45752 has been closed.
slurmstepd: error: *** JOB 3081530 ON node08 CANCELLED AT 2025-10-03T11:40:05 ***
