[I 2025-09-29 12:00:14,947] Trial 88 finished with value: 0.005553351053154536 and parameters: {'lag_0': 0.2373724192109311, 'lag_1': 0.08286032218054876, 'lag_2': 0.2626221470722589, 'lag_3': 0.914046204512918, 'lag_4': 0.810941483514918, 'lag_5': 0.1119968790584856, 'lag_6': 0.8723743196853679, 'lag_7': 0.4631637154812698, 'lag_8': 0.019177282280219476, 'lag_9': 0.6692993265316283, 'lag_10': 0.40784275172963735, 'lag_11': 0.29576925601311477, 'lag_12': 0.4761863106173214, 'lag_13': 0.1524615101890823, 'lag_14': 0.5395564588399016, 'lag_15': 0.4362650068692455, 'lag_16': 0.5859195440700355, 'lag_17': 0.4703850500516934, 'lag_18': 0.8409716731354864, 'lag_19': 0.2344930803745754, 'lag_20': 0.5329430016651026, 'lag_21': 0.5849384767360775, 'lag_22': 0.924607571457097, 'lag_23': 0.920868715326484, 'lag_24': 0.1711206213499374, 'lag_25': 0.24185666712702214, 'lag_26': 0.5992661063407609, 'lag_27': 0.5961950113438134, 'lag_28': 0.8969621039221685}. Best is trial 70 with value: 0.005156360509209499.
[I 2025-09-29 12:00:17,335] Trial 89 finished with value: 0.005312763353658842 and parameters: {'lag_0': 0.11389342704401396, 'lag_1': 0.04454471675567251, 'lag_2': 0.30365325926476394, 'lag_3': 0.960348924874439, 'lag_4': 0.9174947504199875, 'lag_5': 0.005900253702662478, 'lag_6': 0.904949353559309, 'lag_7': 0.2877007642723877, 'lag_8': 0.05244871260140943, 'lag_9': 0.6720918390951018, 'lag_10': 0.48773872161846027, 'lag_11': 0.4249449986675934, 'lag_12': 0.28568489139505093, 'lag_13': 3.5114056327611998e-06, 'lag_14': 0.7502335355152535, 'lag_15': 0.47814026082242533, 'lag_16': 0.5210320525655623, 'lag_17': 0.6318945714866178, 'lag_18': 0.7314249928575783, 'lag_19': 0.2710709274321502, 'lag_20': 0.40515216000659204, 'lag_21': 0.614997134998228, 'lag_22': 0.9924882026429372, 'lag_23': 0.6661718674192001, 'lag_24': 0.21574397876561327, 'lag_25': 0.4968397941256537, 'lag_26': 0.14437266459296394, 'lag_27': 0.6262375962014388, 'lag_28': 0.9346199338238026}. Best is trial 70 with value: 0.005156360509209499.
[I 2025-09-29 12:00:19,737] Trial 90 finished with value: 0.005332452408508331 and parameters: {'lag_0': 0.11331081754638761, 'lag_1': 0.0577531433056381, 'lag_2': 0.326248349327559, 'lag_3': 0.9233501778657226, 'lag_4': 0.9175712827928777, 'lag_5': 0.14107364010859133, 'lag_6': 0.9309006787526108, 'lag_7': 0.27884155906228586, 'lag_8': 0.11943352691165515, 'lag_9': 0.7228305355156228, 'lag_10': 0.36832357983011227, 'lag_11': 0.4643542550185427, 'lag_12': 0.29247076882370204, 'lag_13': 0.03865480526272258, 'lag_14': 0.8151411540345777, 'lag_15': 0.4714829054469002, 'lag_16': 0.5505122889847737, 'lag_17': 0.6386808782214144, 'lag_18': 0.7576741298792598, 'lag_19': 0.33852033504637186, 'lag_20': 0.41368561820031563, 'lag_21': 0.6870645506148914, 'lag_22': 0.9688747795028144, 'lag_23': 0.9657514112343637, 'lag_24': 0.10883930008525355, 'lag_25': 0.6301860873840002, 'lag_26': 0.14994758682147863, 'lag_27': 0.6287005145195327, 'lag_28': 0.9246264107402008}. Best is trial 70 with value: 0.005156360509209499.
[I 2025-09-29 12:00:22,148] Trial 91 finished with value: 0.005460347414271563 and parameters: {'lag_0': 0.14905324097390188, 'lag_1': 0.11766666455981632, 'lag_2': 0.37652855481308645, 'lag_3': 0.9685058380794592, 'lag_4': 0.8817513706129306, 'lag_5': 0.04592347278915838, 'lag_6': 0.8958994755784173, 'lag_7': 0.2251665570184019, 'lag_8': 0.05860214159581646, 'lag_9': 0.6666169393861622, 'lag_10': 0.4861113421179728, 'lag_11': 0.42077872282241313, 'lag_12': 0.4273076349975719, 'lag_13': 0.0015613115218285761, 'lag_14': 0.7511406077485298, 'lag_15': 0.5033753433980701, 'lag_16': 0.5220072047443782, 'lag_17': 0.5196072739904471, 'lag_18': 0.879399224053482, 'lag_19': 0.38877068407478893, 'lag_20': 0.4960334282583846, 'lag_21': 0.634877681817957, 'lag_22': 0.8854937431902832, 'lag_23': 0.6612813246525464, 'lag_24': 0.18492566974039623, 'lag_25': 0.4253513841697553, 'lag_26': 0.06231316856560168, 'lag_27': 0.6538097125035431, 'lag_28': 0.9947098958071791}. Best is trial 70 with value: 0.005156360509209499.
[I 2025-09-29 12:00:24,598] Trial 92 finished with value: 0.005544553181369936 and parameters: {'lag_0': 0.1914339040406588, 'lag_1': 0.006147151695128396, 'lag_2': 0.3004438337959172, 'lag_3': 0.9533328589211996, 'lag_4': 0.8584021966066919, 'lag_5': 0.034008721220792744, 'lag_6': 0.8617099291693183, 'lag_7': 0.2990381161756237, 'lag_8': 0.09014078231754853, 'lag_9': 0.5164782164045918, 'lag_10': 0.5335633175317085, 'lag_11': 0.3920012004920367, 'lag_12': 0.26968413156738685, 'lag_13': 0.08500289777359196, 'lag_14': 0.6835855724641294, 'lag_15': 0.314822034057042, 'lag_16': 0.43394054390703546, 'lag_17': 0.5760047992102054, 'lag_18': 0.7146978811401784, 'lag_19': 0.27178009664976377, 'lag_20': 0.46246126787128805, 'lag_21': 0.5362091255734192, 'lag_22': 0.9997146958512416, 'lag_23': 0.7843570499881306, 'lag_24': 0.2089141092510443, 'lag_25': 0.491092698094687, 'lag_26': 0.09489282206700515, 'lag_27': 0.7278094944285799, 'lag_28': 0.9483806021386394}. Best is trial 70 with value: 0.005156360509209499.
[I 2025-09-29 12:00:26,988] Trial 93 finished with value: 0.005421041099528097 and parameters: {'lag_0': 0.2973081412069369, 'lag_1': 0.04425158643317957, 'lag_2': 0.1715515036850945, 'lag_3': 0.9789905592322556, 'lag_4': 0.9506375079905139, 'lag_5': 0.012148273305011729, 'lag_6': 0.7864599513414724, 'lag_7': 0.3332171640001963, 'lag_8': 0.00037117718876245043, 'lag_9': 0.570608825244069, 'lag_10': 0.4423773655271292, 'lag_11': 0.3182563289916293, 'lag_12': 0.5262979924807397, 'lag_13': 0.05175849300522104, 'lag_14': 0.7808365436306408, 'lag_15': 0.3547075906044411, 'lag_16': 0.4762285836329895, 'lag_17': 0.7213359705045939, 'lag_18': 0.7863205709975238, 'lag_19': 0.16718964457357371, 'lag_20': 0.5612055235389802, 'lag_21': 0.5017921682765434, 'lag_22': 0.9453145616162905, 'lag_23': 0.8273255553539809, 'lag_24': 0.24212134930811216, 'lag_25': 0.2654118340427424, 'lag_26': 0.11439463735398256, 'lag_27': 0.6104705547379444, 'lag_28': 0.8698646609453012}. Best is trial 70 with value: 0.005156360509209499.
[I 2025-09-29 12:00:29,362] Trial 94 finished with value: 0.005319947320998958 and parameters: {'lag_0': 0.20742448124232057, 'lag_1': 0.1000490722992412, 'lag_2': 0.27049841633156274, 'lag_3': 0.9227259127661578, 'lag_4': 0.8968067127487691, 'lag_5': 0.0851178614988385, 'lag_6': 0.9079473190984526, 'lag_7': 0.2382821221668132, 'lag_8': 0.5767514843958804, 'lag_9': 0.6933291318853483, 'lag_10': 0.48638214205993313, 'lag_11': 0.23330729587958007, 'lag_12': 0.3320393126044974, 'lag_13': 0.10396442896268951, 'lag_14': 0.7194856067006584, 'lag_15': 0.42108971545723367, 'lag_16': 0.41021496855532846, 'lag_17': 0.44900441628049226, 'lag_18': 0.8290899634403648, 'lag_19': 0.11506568316583221, 'lag_20': 0.6467843343575382, 'lag_21': 0.6071975206378767, 'lag_22': 0.9074407969709186, 'lag_23': 0.7304617163585494, 'lag_24': 0.26989809903096645, 'lag_25': 0.3743123008761624, 'lag_26': 0.3212059552725201, 'lag_27': 0.5798821687258313, 'lag_28': 0.9704721372931822}. Best is trial 70 with value: 0.005156360509209499.
[I 2025-09-29 12:00:31,717] Trial 95 finished with value: 0.005366710919322197 and parameters: {'lag_0': 0.25152160176297694, 'lag_1': 0.19827868460747422, 'lag_2': 0.19322450896374144, 'lag_3': 0.850956594832859, 'lag_4': 0.7451383060337328, 'lag_5': 0.07546228217612223, 'lag_6': 0.974320991500344, 'lag_7': 0.26406639852040203, 'lag_8': 0.030150654135790413, 'lag_9': 0.47997871720819574, 'lag_10': 0.5777521187501805, 'lag_11': 0.44532693942426205, 'lag_12': 0.3671840428883259, 'lag_13': 0.023520112801616578, 'lag_14': 0.5790268721543913, 'lag_15': 0.5887656513551907, 'lag_16': 0.3706687199826085, 'lag_17': 0.6060946592771991, 'lag_18': 0.8702706177225544, 'lag_19': 0.21341736111585524, 'lag_20': 0.7166226117290475, 'lag_21': 0.7273904753276497, 'lag_22': 0.9984510734575961, 'lag_23': 0.6936847871462585, 'lag_24': 0.07573712521814027, 'lag_25': 0.5880577612192047, 'lag_26': 0.2612850573968983, 'lag_27': 0.5455774867355689, 'lag_28': 0.9068988825862373}. Best is trial 70 with value: 0.005156360509209499.
[I 2025-09-29 12:00:34,084] Trial 96 finished with value: 0.005407818772965171 and parameters: {'lag_0': 0.3302546782337509, 'lag_1': 0.16213946984038702, 'lag_2': 0.15685541552301716, 'lag_3': 0.9513183104033228, 'lag_4': 0.8096477007259093, 'lag_5': 0.024903163350258065, 'lag_6': 0.9520985494749612, 'lag_7': 0.374945738994254, 'lag_8': 0.6268344188793775, 'lag_9': 0.6281159356258372, 'lag_10': 0.6733345640120963, 'lag_11': 0.3522734470454722, 'lag_12': 0.4543195581981292, 'lag_13': 0.06988854279311613, 'lag_14': 0.26128525387419677, 'lag_15': 0.9599550962979051, 'lag_16': 0.45054557969297976, 'lag_17': 0.5463933836825863, 'lag_18': 0.7323729148555406, 'lag_19': 0.31449858879016773, 'lag_20': 0.622887239526671, 'lag_21': 0.6518972965105111, 'lag_22': 0.8380108411083501, 'lag_23': 0.8644391798668701, 'lag_24': 0.019373628509010088, 'lag_25': 0.5228515418022673, 'lag_26': 0.21091481044704988, 'lag_27': 0.6700773768268277, 'lag_28': 0.8246673174354089}. Best is trial 70 with value: 0.005156360509209499.
[I 2025-09-29 12:00:36,445] Trial 97 finished with value: 0.005501092148328931 and parameters: {'lag_0': 0.17762988521604278, 'lag_1': 0.13564402200829898, 'lag_2': 0.20739427455496381, 'lag_3': 0.8068723234824162, 'lag_4': 0.8470986673142762, 'lag_5': 0.17750776068140606, 'lag_6': 0.8247603004664467, 'lag_7': 0.1994797095811589, 'lag_8': 0.16858957820635412, 'lag_9': 0.8405682150637496, 'lag_10': 0.5502793212953478, 'lag_11': 0.26956388411609944, 'lag_12': 0.40842330862106285, 'lag_13': 0.020862638721818146, 'lag_14': 0.12609159754946658, 'lag_15': 0.4763036888045069, 'lag_16': 0.33047592365469625, 'lag_17': 0.7451507908130595, 'lag_18': 0.9036539849040544, 'lag_19': 0.1814879917774444, 'lag_20': 0.5976145396008231, 'lag_21': 0.47236027411661236, 'lag_22': 0.7867182155288421, 'lag_23': 0.7727548366673526, 'lag_24': 0.41227717074935927, 'lag_25': 0.46321000288234754, 'lag_26': 0.15995406268951212, 'lag_27': 0.5170893952021576, 'lag_28': 0.9347953843843365}. Best is trial 70 with value: 0.005156360509209499.
[I 2025-09-29 12:00:38,793] Trial 98 finished with value: 0.005418981658689403 and parameters: {'lag_0': 0.22322909354879586, 'lag_1': 0.2650128703260916, 'lag_2': 0.11837358854003545, 'lag_3': 0.8851914886133829, 'lag_4': 0.7031671197672642, 'lag_5': 0.22305285989890086, 'lag_6': 0.8834424172003418, 'lag_7': 0.12909688173223127, 'lag_8': 0.2123526453184601, 'lag_9': 0.41916717354919636, 'lag_10': 0.7089523469465713, 'lag_11': 0.32146704620928185, 'lag_12': 0.8179909572449948, 'lag_13': 0.19113222783400033, 'lag_14': 0.2059636962058974, 'lag_15': 0.2819501497428782, 'lag_16': 0.5043629377095028, 'lag_17': 0.6543121572739726, 'lag_18': 0.813801195078389, 'lag_19': 0.03147227602975669, 'lag_20': 0.3639397415084465, 'lag_21': 0.8037526098955563, 'lag_22': 0.9712770671253964, 'lag_23': 0.7948534625859304, 'lag_24': 0.3499925407388187, 'lag_25': 0.188312948415291, 'lag_26': 0.2851977649374677, 'lag_27': 0.6907539170550591, 'lag_28': 0.7823503934911838}. Best is trial 70 with value: 0.005156360509209499.
[I 2025-09-29 12:00:41,157] Trial 99 finished with value: 0.005557419577506921 and parameters: {'lag_0': 0.3690147127881845, 'lag_1': 0.09812698625141392, 'lag_2': 0.3012286800329784, 'lag_3': 0.9804709043498212, 'lag_4': 0.7737219507415406, 'lag_5': 0.1281294502152729, 'lag_6': 0.9998470145162988, 'lag_7': 0.3039738550897809, 'lag_8': 0.685852880194914, 'lag_9': 0.6539626403292329, 'lag_10': 0.4741740449912717, 'lag_11': 0.3743681542354579, 'lag_12': 0.22594607323437374, 'lag_13': 0.21768990595177315, 'lag_14': 0.6575755318877937, 'lag_15': 0.5384847004853635, 'lag_16': 0.5695239083265938, 'lag_17': 0.6947532595040431, 'lag_18': 0.9340312106489372, 'lag_19': 0.07002800155897361, 'lag_20': 0.6642839834778276, 'lag_21': 0.5206818215285687, 'lag_22': 0.07086796283493524, 'lag_23': 0.8968330100413029, 'lag_24': 0.14796668488184386, 'lag_25': 0.43838193082808813, 'lag_26': 0.028222684163244582, 'lag_27': 0.5650863274239392, 'lag_28': 0.9837019103869653}. Best is trial 70 with value: 0.005156360509209499.
slurmstepd: error: *** JOB 3081120 ON node08 CANCELLED AT 2025-09-29T12:00:43 ***
