[I 2025-10-03 11:34:48,946] Trial 82 finished with values: [0.0, 0.002776569029815783, 0.003344249602436805, 0.001919087484816718, 0.0016951361242965091, 0.00399794283329181, 0.0028695045778666557, 0.00179431784351076, 0.0024894599794436185, 0.0023868663011172714, 0.01569250986663521, 0.04526917956206257, 0.00018892660869263212, 0.0198003054096761, 0.0, 0.01941226053508079, 0.0013639833885844502, 0.00501760951348929, 0.0025514204399024014, 0.00228863167704134, 0.00025600882364508915, 0.0013210794430765036, 0.0009601371643559682, 0.0019049173806197743, 0.0014770932906592884, 0.0037646309003119644, 0.005967070930435548, 0.0007688835855280113, 0.0026359213226175493] and parameters: {'lag_0': 0.8167429286347583, 'lag_1': 0.3883361241194837, 'lag_2': 0.20005255760856813, 'lag_3': 0.9885874293863564, 'lag_4': 0.7749302547700422, 'lag_5': 0.8529937862944549, 'lag_6': 0.9502891301448535, 'lag_7': 0.11506036881118713, 'lag_8': 0.22399369182897147, 'lag_9': 0.655843116787798, 'lag_10': 0.7835202282805697, 'lag_11': 0.2823759617847394, 'lag_12': 0.9140832723399213, 'lag_13': 0.9376027909484808, 'lag_14': 0.006942465527592267, 'lag_15': 0.6863391570420596, 'lag_16': 0.1048300233245599, 'lag_17': 0.7176863203586427, 'lag_18': 0.6805800784915064, 'lag_19': 0.7269341984829986, 'lag_20': 0.8640969919099813, 'lag_21': 0.1504359696002928, 'lag_22': 0.05004169304369554, 'lag_23': 0.8473710159804783, 'lag_24': 0.7494256180281487, 'lag_25': 0.22215220448111475, 'lag_26': 0.811239675180207, 'lag_27': 0.3510323890552514, 'lag_28': 0.3776817420235193}.
[I 2025-10-03 11:34:51,590] Trial 83 finished with values: [0.0, 0.004586432506887053, 0.004284135255209416, 0.0019430735893939672, 0.0039575119483048335, 0.0033547223415809737, 0.0027050214300051592, 0.0024500137166127917, 0.004140474004496844, 0.001480883074620298, 0.017881954054608455, 0.04706522022058474, 8.981045268822214e-05, 0.019071487702729848, 0.0, 0.025527914625253483, 0.0005894912942665823, 0.0064882380346682565, 0.0013491046529450037, 0.002008066306609691, 0.0004203508689911502, 0.0011486400400000515, 0.0010201479477101115, 0.002660621647820791, 0.0009073253853513006, 0.0037396077416840577, 0.005111000462095001, 0.0011713563784411817, 0.005293898771993791] and parameters: {'lag_0': 0.8726240131014896, 'lag_1': 0.5827681895707706, 'lag_2': 0.43411497329367416, 'lag_3': 0.844698393679355, 'lag_4': 0.849893271996907, 'lag_5': 0.365047433624815, 'lag_6': 0.7930818953164364, 'lag_7': 0.9869983174317387, 'lag_8': 0.47829088419154897, 'lag_9': 0.623495847144608, 'lag_10': 0.5131515596571155, 'lag_11': 0.06332337118763173, 'lag_12': 0.7623683935238256, 'lag_13': 0.5506810109085472, 'lag_14': 0.44341478528334655, 'lag_15': 0.1514520591145234, 'lag_16': 0.6041340219639756, 'lag_17': 0.1718239753388053, 'lag_18': 0.03861502984882804, 'lag_19': 0.23216911298619905, 'lag_20': 0.10717604627540926, 'lag_21': 0.6956878207841578, 'lag_22': 0.23773345827689932, 'lag_23': 0.7746419693092044, 'lag_24': 0.8762306340598751, 'lag_25': 0.00650124583915065, 'lag_26': 0.4973327685429868, 'lag_27': 0.6478165249884039, 'lag_28': 0.3835762100874127}.
[I 2025-10-03 11:34:54,363] Trial 84 finished with values: [0.0, 0.002029384756657484, 0.0027660909552390334, 0.002475891799798238, 0.004335817530864512, 0.0021911107200226184, 0.003796742941941173, 0.0021332421041674147, 0.0011892049280248108, 0.0021054090233887258, 0.01468100804608254, 0.05075339453854318, 0.0002588386050558336, 0.01822010303765626, 0.0, 0.024927179392299437, 0.0008413653018503996, 0.005660069204985808, 0.00158234718054791, 0.00253404798478599, 0.0006888472691353362, 0.0012343294946706126, 0.0011504019504281963, 0.0023062867460568646, 0.0008065405211715841, 0.004726304291860351, 0.006804104531879471, 0.002032468446421281, 0.000998954486475] and parameters: {'lag_0': 0.6492734920565603, 'lag_1': 0.14656977288090464, 'lag_2': 0.5984959541042802, 'lag_3': 0.3029254254880441, 'lag_4': 0.35443737340523945, 'lag_5': 0.2929872719941525, 'lag_6': 0.15066863474957728, 'lag_7': 0.9287705822624408, 'lag_8': 0.7262021474889461, 'lag_9': 0.6632425524586402, 'lag_10': 0.48689534795965267, 'lag_11': 0.6581460786521014, 'lag_12': 0.6431040343065496, 'lag_13': 0.4916027748085507, 'lag_14': 0.7288053825517294, 'lag_15': 0.17717669391955332, 'lag_16': 0.601044576749195, 'lag_17': 0.4743266766594681, 'lag_18': 0.5638777290402637, 'lag_19': 0.6607467099718634, 'lag_20': 0.6579789077611582, 'lag_21': 0.04988884079395583, 'lag_22': 0.5904355390770323, 'lag_23': 0.8333020457734241, 'lag_24': 0.8069653688569277, 'lag_25': 0.8757867945491868, 'lag_26': 0.8774597952361031, 'lag_27': 0.07561808439933153, 'lag_28': 0.9041279010852576}.
[I 2025-10-03 11:34:57,017] Trial 85 finished with values: [0.0, 0.0031336937668379273, 0.0014716204814150945, 0.003814826212905674, 0.0016307960245867364, 0.004166775540500309, 0.0025081616433325687, 0.002070112659538975, 0.0012090837971356248, 0.0023708589901252275, 0.017116807344699933, 0.04557928720279196, 8.521915592194305e-05, 0.017004392408816963, 0.0, 0.02764696939901226, 0.00039643652277942686, 0.006104795279395307, 0.001623026023554762, 0.002826106356086241, 0.0008785715121218095, 0.001034976066528921, 0.0015637537951916276, 0.002902248761442863, 0.0009059140928997988, 0.005851250611725141, 0.005869940769266782, 0.0009854706777062655, 0.0011337868480725624] and parameters: {'lag_0': 0.39723057004286655, 'lag_1': 0.9859909983656402, 'lag_2': 0.5984959541042802, 'lag_3': 0.844698393679355, 'lag_4': 0.849893271996907, 'lag_5': 0.21487707821379307, 'lag_6': 0.49602306741808727, 'lag_7': 0.824835700599664, 'lag_8': 0.6592422445695332, 'lag_9': 0.9093939135219141, 'lag_10': 0.9923993059178082, 'lag_11': 0.2916453282611418, 'lag_12': 0.14766804222721408, 'lag_13': 0.5506810109085472, 'lag_14': 0.15995038435874293, 'lag_15': 0.17717669391955332, 'lag_16': 0.4191508531799365, 'lag_17': 0.15174198984822987, 'lag_18': 0.3846544834622112, 'lag_19': 0.3304466590028497, 'lag_20': 0.10717604627540926, 'lag_21': 0.002059872711737736, 'lag_22': 0.8283097630474399, 'lag_23': 0.8463874500188223, 'lag_24': 0.009906385757035651, 'lag_25': 0.7449596860715252, 'lag_26': 0.22440808220311612, 'lag_27': 0.6478165249884039, 'lag_28': 0.10987339158902248}.
[I 2025-10-03 11:34:59,665] Trial 86 finished with values: [0.0, 0.003629111838479045, 0.004083400988536134, 0.0031918540636674347, 0.0024354941969235064, 0.004446765814178881, 0.0025867418247985906, 0.002742421218524526, 0.0014676679914557976, 0.002044427087684848, 0.016644264201853685, 0.04843758830559232, 2.4905644169234318e-05, 0.016555488713619684, 0.0, 0.0252205260055478, 0.0006979449627707124, 0.006720535705298706, 0.0012476772102318534, 0.0025936351111741545, 0.0006111058688173509, 0.001291288436189517, 0.0010605261197368572, 0.0027981219958528496, 0.0013986835926693838, 0.006133748295082348, 0.006606165352349742, 0.0015231525423032746, 0.0013727302475751886] and parameters: {'lag_0': 0.8707578569392341, 'lag_1': 0.12210413033720317, 'lag_2': 0.9085812875477166, 'lag_3': 0.021445172651369877, 'lag_4': 0.7839942373962483, 'lag_5': 0.6694985188351652, 'lag_6': 0.6329604338168646, 'lag_7': 0.4821855672436162, 'lag_8': 0.39591376231023506, 'lag_9': 0.6120458097801534, 'lag_10': 0.7109609730516836, 'lag_11': 0.7013113933869627, 'lag_12': 0.36404692400296745, 'lag_13': 0.7115571312543326, 'lag_14': 0.5906017542599957, 'lag_15': 0.08496291947604658, 'lag_16': 0.9518389476070559, 'lag_17': 0.24592928692476387, 'lag_18': 0.5498872599012509, 'lag_19': 0.9901240458818303, 'lag_20': 0.3452837818795982, 'lag_21': 0.6073632942806992, 'lag_22': 0.8929230466543696, 'lag_23': 0.3119090381569304, 'lag_24': 0.3543447526105897, 'lag_25': 0.3172144796737076, 'lag_26': 0.29555025298376914, 'lag_27': 0.7477033963861344, 'lag_28': 0.23511540610157283}.
[I 2025-10-03 11:35:02,316] Trial 87 finished with values: [0.0, 0.007483407650433002, 0.005065045228735297, 0.0034655867244366353, 0.001959189262115883, 0.002936901477500188, 0.0015680066796509282, 0.0024058045544377623, 0.0012230468675240986, 0.002489068317953498, 0.01720270636255664, 0.046655063191822735, 4.3600202049598247e-05, 0.01909207779663998, 0.0, 0.02862814300378717, 0.0005733654197760743, 0.009066715094567804, 0.001570794788220841, 0.002372519746679901, 0.0003015674063766465, 0.0015639306045814392, 0.0009837199152917264, 0.0026278585568459867, 0.001401216513658795, 0.00461325774395312, 0.005741545533683305, 0.0006842040000671828, 0.0015682270324758843] and parameters: {'lag_0': 0.8750711213384291, 'lag_1': 0.2820640028090824, 'lag_2': 0.8224321688183647, 'lag_3': 0.5060032714173069, 'lag_4': 0.9254895584852568, 'lag_5': 0.12765208242655351, 'lag_6': 0.8771639371779724, 'lag_7': 0.6680010393499045, 'lag_8': 0.16148792481082744, 'lag_9': 0.38835328932516705, 'lag_10': 0.0149824837807431, 'lag_11': 0.44398347540595035, 'lag_12': 0.29189179288213374, 'lag_13': 0.3346544775148391, 'lag_14': 0.11910466995979636, 'lag_15': 0.999929150074918, 'lag_16': 0.13266666332547372, 'lag_17': 0.7557078436749693, 'lag_18': 0.6849240447128981, 'lag_19': 0.9592154572649957, 'lag_20': 0.38025450714033476, 'lag_21': 0.9881422695800364, 'lag_22': 0.163215426851794, 'lag_23': 0.6883906594320396, 'lag_24': 0.05574799710708365, 'lag_25': 0.6950121519046227, 'lag_26': 0.3042855290863582, 'lag_27': 0.06255489680462907, 'lag_28': 0.15311905987594174}.
[I 2025-10-03 11:35:04,976] Trial 88 finished with values: [0.0, 0.003370838438756473, 0.001691173051570688, 0.005253428364750848, 0.0026961583185996984, 0.0028513895133919073, 0.0011939976640139435, 0.00171097310898325, 0.0038133860997042308, 0.002904526839270417, 0.015446570737668804, 0.04711840094088686, 3.771257915048483e-05, 0.01803027406852711, 0.0, 0.022442625849148006, 0.0014257707113127637, 0.008316720940301685, 0.0013696978236170342, 0.0026732723090609057, 0.00043610899622193334, 0.0016632710642935935, 0.0011153861522918377, 0.0016579090057968198, 0.0007737344646227014, 0.006268112020178042, 0.007628854680276647, 0.0007135849560638612, 0.002631862244897959] and parameters: {'lag_0': 0.27946432454067877, 'lag_1': 0.7964446983944182, 'lag_2': 0.9085812875477166, 'lag_3': 0.9768080245927141, 'lag_4': 0.40142282955276537, 'lag_5': 0.7398755868412686, 'lag_6': 0.16262163933890889, 'lag_7': 0.3635173106338466, 'lag_8': 0.6301627523227783, 'lag_9': 0.6120458097801534, 'lag_10': 0.33075492944857193, 'lag_11': 0.5342681534863973, 'lag_12': 0.7439679296981171, 'lag_13': 0.5807679524592191, 'lag_14': 0.9230651000898829, 'lag_15': 0.9943130101831991, 'lag_16': 0.9518389476070559, 'lag_17': 0.1472791510272735, 'lag_18': 0.30937124629878876, 'lag_19': 0.2962418585050084, 'lag_20': 0.775365639482821, 'lag_21': 0.8364325614943783, 'lag_22': 0.5959187908592308, 'lag_23': 0.2779628760410684, 'lag_24': 0.3543447526105897, 'lag_25': 0.9333366174008578, 'lag_26': 0.29555025298376914, 'lag_27': 0.2612872297360238, 'lag_28': 0.23511540610157283}.
[I 2025-10-03 11:35:07,623] Trial 89 finished with values: [0.0, 0.0030179124636326954, 0.002063173104596075, 0.003242575910190084, 0.0008562793528625604, 0.0019042800086615072, 0.0022535507538134977, 0.002558652751000036, 0.0021761519577526123, 0.0023462976593937187, 0.01837281374979558, 0.0477368697764717, 0.00017907338505943868, 0.018473696518789964, 0.0, 0.02011282929633649, 0.0013821949044710302, 0.007970039200082307, 0.0017663583150752961, 0.0031336862773974107, 0.0006158861636046213, 0.0016219091185794346, 0.0016864521160688238, 0.001636114470494332, 0.0011986391729887236, 0.004289508649751548, 0.005920252520345821, 0.0016517257855638505, 0.0013645039181125105] and parameters: {'lag_0': 0.9787072442863803, 'lag_1': 0.14656977288090464, 'lag_2': 0.8742439637640156, 'lag_3': 0.5646406124074973, 'lag_4': 0.35443737340523945, 'lag_5': 0.004822104785485602, 'lag_6': 0.40643344749536675, 'lag_7': 0.6266680336839558, 'lag_8': 0.7214357423840646, 'lag_9': 0.6380353038305001, 'lag_10': 0.642537472679137, 'lag_11': 0.08417662514535446, 'lag_12': 0.5120087798495544, 'lag_13': 0.6687191707586163, 'lag_14': 0.45440013149477954, 'lag_15': 0.9006854206646657, 'lag_16': 0.09008492399933779, 'lag_17': 0.18942601192086664, 'lag_18': 0.40946923530626017, 'lag_19': 0.6607467099718634, 'lag_20': 0.6579789077611582, 'lag_21': 0.40465568135379343, 'lag_22': 0.2786271542290727, 'lag_23': 0.8333020457734241, 'lag_24': 0.3174058629619239, 'lag_25': 0.05240936028346799, 'lag_26': 0.8774597952361031, 'lag_27': 0.5981480976000166, 'lag_28': 0.844854107644999}.
[I 2025-10-03 11:35:10,269] Trial 90 finished with values: [0.0, 0.0008063455165103516, 0.00213439043237832, 0.003404455605267305, 0.001988385323036307, 0.002773337433083937, 0.003112225122814596, 0.0027841954569256928, 0.0027790981323210914, 0.0032788770142961445, 0.019362845972629668, 0.04818049859305534, 0.00014835940058799578, 0.018196956374700042, 0.0, 0.023018608432990705, 0.0008690336426402946, 0.006798334041537022, 0.00151012682606956, 0.0024497761752068983, 0.00043406484002072725, 0.0013320894738667668, 0.0010733901739006563, 0.0017474270072177795, 0.0009607891192109863, 0.004495448314896371, 0.0058232098448673456, 0.002703308301912675, 0.001602873676257114] and parameters: {'lag_0': 0.2764277860971225, 'lag_1': 0.5282449797288746, 'lag_2': 0.7223541661692144, 'lag_3': 0.6406350385835432, 'lag_4': 0.2510504567304331, 'lag_5': 0.5344997978568724, 'lag_6': 0.10528843256957468, 'lag_7': 0.9390370969500725, 'lag_8': 0.15811564062844732, 'lag_9': 0.24906407821104848, 'lag_10': 0.7067373398626751, 'lag_11': 0.48803875240552563, 'lag_12': 0.587297341498461, 'lag_13': 0.4109365282474978, 'lag_14': 0.9747305125960564, 'lag_15': 0.1262252759378932, 'lag_16': 0.39650183871749567, 'lag_17': 0.3101542044054787, 'lag_18': 0.5037096622373705, 'lag_19': 0.18818727575182703, 'lag_20': 0.7946847131626519, 'lag_21': 0.4609349931956002, 'lag_22': 0.13821053536358252, 'lag_23': 0.028610735769307765, 'lag_24': 0.7271405940857539, 'lag_25': 0.6788637103506671, 'lag_26': 0.7540097790851866, 'lag_27': 0.4064125733817321, 'lag_28': 0.9447407163361474}.
[I 2025-10-03 11:35:12,921] Trial 91 finished with values: [0.0, 0.0015868609979280703, 0.0067323564785291045, 0.003370072890814285, 0.0014901970504469899, 0.0031195317957236194, 0.002166442704167922, 0.002443346950586614, 0.002941189486920633, 0.0018175032902563927, 0.01799757781503043, 0.04547130820937188, 0.00011303126355711015, 0.018183407277145413, 0.0, 0.025951218285361195, 0.0008551876054633742, 0.007098538249945894, 0.0017873473641463796, 0.0020337702432245705, 0.00044695109575087794, 0.0013041815101405968, 0.0013911413276802734, 0.0013102310510154386, 0.00116864329372316, 0.005102188123520352, 0.006040560477491515, 0.0018274917955448892, 0.0009046346014070049] and parameters: {'lag_0': 0.8707578569392341, 'lag_1': 0.12210413033720317, 'lag_2': 0.07128367946859263, 'lag_3': 0.49560656858511304, 'lag_4': 0.40142282955276537, 'lag_5': 0.4577156802428849, 'lag_6': 0.6329604338168646, 'lag_7': 0.4821855672436162, 'lag_8': 0.5743751386593248, 'lag_9': 0.5959964934510196, 'lag_10': 0.22104928053623552, 'lag_11': 0.187239579908501, 'lag_12': 0.1310581609757449, 'lag_13': 0.4740504789221494, 'lag_14': 0.9230651000898829, 'lag_15': 0.8417143989658668, 'lag_16': 0.9388152224787621, 'lag_17': 0.46581608238436534, 'lag_18': 0.5167893710530883, 'lag_19': 0.9901240458818303, 'lag_20': 0.775365639482821, 'lag_21': 0.7787813252484286, 'lag_22': 0.5959187908592308, 'lag_23': 0.7796275801295308, 'lag_24': 0.3543447526105897, 'lag_25': 0.9673065690865756, 'lag_26': 0.7178972514676066, 'lag_27': 0.9732573982220877, 'lag_28': 0.5489286196304551}.
[I 2025-10-03 11:35:15,564] Trial 92 finished with values: [0.0, 0.003749868725057761, 0.0021434727592985806, 0.001147983743611402, 0.0019188818873629465, 0.002426292167833692, 0.002227852279605989, 0.004317537994817894, 0.0020508944463684896, 0.003015647266917399, 0.015453724350562628, 0.04793671931514504, 0.0002258332797427353, 0.020452831131956284, 0.0, 0.025232217449794314, 0.0004376684675418373, 0.007705600105263302, 0.0011244630930431466, 0.002683481306334472, 0.00040911112741235474, 0.0010879562693908696, 0.0016419694520869953, 0.0026865601914800277, 0.00185116045011573, 0.003953635427979773, 0.00766165742162109, 0.0007661896885608471, 0.0005247144544301641] and parameters: {'lag_0': 0.25195209872778374, 'lag_1': 0.4850727095168924, 'lag_2': 0.04055331715671502, 'lag_3': 0.3491243589956554, 'lag_4': 0.891780192249531, 'lag_5': 0.3449174667989343, 'lag_6': 0.1290026053240863, 'lag_7': 0.8515195068802847, 'lag_8': 0.34437199414134, 'lag_9': 0.20737166805806273, 'lag_10': 0.6503044284568634, 'lag_11': 0.6014911096236756, 'lag_12': 0.59323781199894, 'lag_13': 0.6609552613339249, 'lag_14': 0.5500469386190259, 'lag_15': 0.9578391003664856, 'lag_16': 0.2681923294228232, 'lag_17': 0.33513161924539314, 'lag_18': 0.651636451390717, 'lag_19': 0.35546979088098324, 'lag_20': 0.9650093161192752, 'lag_21': 0.5363123789606213, 'lag_22': 0.7954097184631982, 'lag_23': 0.8465693109098817, 'lag_24': 0.6424963551897691, 'lag_25': 0.29549865526811386, 'lag_26': 0.6318213426899139, 'lag_27': 0.15840491663593925, 'lag_28': 0.19342967497662458}.
[I 2025-10-03 11:35:18,206] Trial 93 finished with values: [0.0, 0.0020852253738280675, 0.0019784210895113803, 0.0025916247707901334, 0.002176771024878135, 0.004087061160047861, 0.00149331515494223, 0.0022941383919582725, 0.002327600860078776, 0.0028594026391910135, 0.017542211704683237, 0.04838240754497391, 0.00012293459810211354, 0.01796391075141595, 0.0, 0.029170468856598446, 0.0006463732468950506, 0.008139198545119849, 0.0005802994029086583, 0.002452591569389897, 0.00045910838086989927, 0.0011647564384093926, 0.0010268852867187002, 0.0020006053350159272, 0.0007324732090546336, 0.006084552286724756, 0.007785673490481347, 0.000868224972275142, 0.0021763496053208253] and parameters: {'lag_0': 0.9422470696708912, 'lag_1': 0.9769028721655437, 'lag_2': 0.6128714324971074, 'lag_3': 0.4959157961674784, 'lag_4': 0.9691094195496038, 'lag_5': 0.3556370752300055, 'lag_6': 0.03734947079990847, 'lag_7': 0.4334628547599474, 'lag_8': 0.641634619488219, 'lag_9': 0.9163173569459847, 'lag_10': 0.9606636257267301, 'lag_11': 0.8926422060046001, 'lag_12': 0.7326903961752409, 'lag_13': 0.23955417481877542, 'lag_14': 0.9093826552179999, 'lag_15': 0.2507515414336703, 'lag_16': 0.3735638222525201, 'lag_17': 0.0874694483635966, 'lag_18': 0.7282292412988018, 'lag_19': 0.8272931863798135, 'lag_20': 0.5135845002005679, 'lag_21': 0.1624223752651192, 'lag_22': 0.2646904728771678, 'lag_23': 0.39834921860709177, 'lag_24': 0.8446056451169878, 'lag_25': 0.32431695795160925, 'lag_26': 0.9522374938038922, 'lag_27': 0.4403548508253292, 'lag_28': 0.2808486399048904}.
[I 2025-10-03 11:35:20,860] Trial 94 finished with values: [0.0, 0.0013828456961849755, 0.0009219467129757977, 0.0023893469058460927, 0.001974564664025572, 0.0024336803000142336, 0.0033866007150223734, 0.002425368176996867, 0.002012634148644685, 0.0015610980330916715, 0.017376392404759432, 0.04685615947882613, 0.0001358006386899724, 0.015747256684644113, 0.0, 0.025600294558317815, 0.00040252692937745347, 0.008595840658866477, 0.0014977363502074973, 0.0034139664800203148, 0.0004370825930285672, 0.0009940831414275036, 0.002265604348373982, 0.0023914937071051706, 0.001719971862555152, 0.004047060134035868, 0.005974548608327447, 0.0016097390262802239, 0.002607274670597049] and parameters: {'lag_0': 0.08981448879836078, 'lag_1': 0.5798405551491862, 'lag_2': 0.08828654660134605, 'lag_3': 0.3701035958858133, 'lag_4': 0.9763085110533748, 'lag_5': 0.14805201421956862, 'lag_6': 0.8723915346318776, 'lag_7': 0.1751294819166152, 'lag_8': 0.22903088276968667, 'lag_9': 0.5240166320573331, 'lag_10': 0.19187983328065075, 'lag_11': 0.02996298530251009, 'lag_12': 0.3142774462975757, 'lag_13': 0.6953464771773099, 'lag_14': 0.3520304433910881, 'lag_15': 0.5428497474815102, 'lag_16': 0.9809219260054092, 'lag_17': 0.24565599795188414, 'lag_18': 0.8961243059870927, 'lag_19': 0.8463517700137693, 'lag_20': 0.24739966046729792, 'lag_21': 0.08252141956909861, 'lag_22': 0.06792070535515421, 'lag_23': 0.333134339686194, 'lag_24': 0.7546386614576445, 'lag_25': 0.5416944343107989, 'lag_26': 0.7536189792067703, 'lag_27': 0.17933716330610727, 'lag_28': 0.4685940090827329}.
[I 2025-10-03 11:35:23,504] Trial 95 finished with values: [0.0, 0.0021459029426063084, 0.0015843220552178392, 0.0045743098681748215, 0.0029420862657637053, 0.0033632918752671973, 0.002781426680937703, 0.002483811611317083, 0.003277431519090586, 0.0024718029853844983, 0.014832125954274727, 0.04451204524520724, 0.00012414462330239515, 0.018187226571929872, 0.0, 0.02480715894471245, 0.0006783093364970371, 0.008240512050149867, 0.0020077856413966556, 0.001975660422314189, 0.0003953860767327206, 0.00150947369231093, 0.0013179198598668122, 0.0019002979032536396, 0.0010322499078796797, 0.005035127971423692, 0.004361388495932966, 0.0011059260376276138, 0.0023432504866733603] and parameters: {'lag_0': 0.05921641498176241, 'lag_1': 0.7964446983944182, 'lag_2': 0.7397339083707849, 'lag_3': 0.06617879205034309, 'lag_4': 0.07762045433920621, 'lag_5': 0.3846592739674929, 'lag_6': 0.16262163933890889, 'lag_7': 0.8526803615692208, 'lag_8': 0.2176034816379441, 'lag_9': 0.14515379374686174, 'lag_10': 0.21233369534944765, 'lag_11': 0.5342681534863973, 'lag_12': 0.1308546548255802, 'lag_13': 0.9097031062253649, 'lag_14': 0.9203981442552752, 'lag_15': 0.39767115921704965, 'lag_16': 0.6485281507958346, 'lag_17': 0.1472791510272735, 'lag_18': 0.23287454236427108, 'lag_19': 0.6847716757043907, 'lag_20': 0.6228752809620539, 'lag_21': 0.8666196510483861, 'lag_22': 0.46919070383458156, 'lag_23': 0.2779628760410684, 'lag_24': 0.3335208900928267, 'lag_25': 0.5463535683420556, 'lag_26': 0.38794485476147217, 'lag_27': 0.2612872297360238, 'lag_28': 0.15341906469808217}.
