[I 2025-09-29 13:23:18,405] Trial 25 finished with value: 0.005175440838243955 and parameters: {'lag_0': 0.44464229780232206, 'lag_1': 0.5734518117108472, 'lag_2': 0.8297502125264631, 'lag_3': 0.7499443352576641, 'lag_4': 0.9958691976823328, 'lag_5': 0.5986623102500792, 'lag_6': 0.4730658429606308, 'lag_7': 0.594680740189334, 'lag_8': 0.8720409683204848, 'lag_9': 0.28894846209033653, 'lag_10': 0.35597829708424256, 'lag_11': 0.14865814007335493, 'lag_12': 0.5517911736869076, 'lag_13': 0.12882969311000322, 'lag_14': 0.3592149187962378, 'lag_15': 0.9594518221108917, 'lag_16': 0.5619360461109479, 'lag_17': 0.5662468214961773, 'lag_18': 0.7289898809053381, 'lag_19': 0.0012603280091252334, 'lag_20': 0.6431053354553259, 'lag_21': 0.7652288514400498, 'lag_22': 0.7409481324788267, 'lag_23': 0.27112086559859155, 'lag_24': 0.6867834168207289, 'lag_25': 0.1780666933359974, 'lag_26': 0.5032656494912209, 'lag_27': 0.8357464694426842, 'lag_28': 0.9070919324547853}. Best is trial 7 with value: 0.004984843034241536.
[I 2025-09-29 13:23:20,841] Trial 26 finished with value: 0.005510604614338517 and parameters: {'lag_0': 0.42710918383643787, 'lag_1': 0.5405043567377548, 'lag_2': 0.8424191995934288, 'lag_3': 0.7100168735522701, 'lag_4': 0.9924666533198883, 'lag_5': 0.599551767102295, 'lag_6': 0.4741103159542033, 'lag_7': 0.5909234686133359, 'lag_8': 0.20764095809958966, 'lag_9': 0.28362994516882484, 'lag_10': 0.3538640610034031, 'lag_11': 0.35592058298288953, 'lag_12': 0.852527580222533, 'lag_13': 0.08245474583021657, 'lag_14': 0.3668086588005093, 'lag_15': 0.9764985806807044, 'lag_16': 0.7798225390543789, 'lag_17': 0.5716293802385277, 'lag_18': 0.8687589695127707, 'lag_19': 0.7254909349246996, 'lag_20': 0.6199425189003486, 'lag_21': 0.7509975240647397, 'lag_22': 0.779521695894613, 'lag_23': 0.40743476461805994, 'lag_24': 0.6314308688296683, 'lag_25': 0.16441770257415733, 'lag_26': 0.4977168597348536, 'lag_27': 0.8773539691716862, 'lag_28': 0.554454440388131}. Best is trial 7 with value: 0.004984843034241536.
[I 2025-09-29 13:23:23,283] Trial 27 finished with value: 0.0055390503992116145 and parameters: {'lag_0': 0.29529378826104485, 'lag_1': 0.8583386376775926, 'lag_2': 0.7294535166675353, 'lag_3': 0.7716349219579126, 'lag_4': 0.9108886533212543, 'lag_5': 0.3936978610696381, 'lag_6': 0.6226828309784938, 'lag_7': 0.2811431056269339, 'lag_8': 0.9013146036646247, 'lag_9': 0.12361444150068199, 'lag_10': 0.4892377444923065, 'lag_11': 0.5661276655877445, 'lag_12': 0.31542768134263477, 'lag_13': 0.2611234987075203, 'lag_14': 0.44934736579390644, 'lag_15': 0.8693091060091018, 'lag_16': 0.6322415444120137, 'lag_17': 0.1410798747728489, 'lag_18': 0.7059970024572259, 'lag_19': 0.4058068148081853, 'lag_20': 0.7989463930444551, 'lag_21': 0.9152863031970696, 'lag_22': 0.9323509162629077, 'lag_23': 0.2810784806679635, 'lag_24': 0.8474101384991024, 'lag_25': 0.0785957755396346, 'lag_26': 0.4107300088569026, 'lag_27': 0.23634125666466665, 'lag_28': 0.934673012069888}. Best is trial 7 with value: 0.004984843034241536.
[I 2025-09-29 13:23:25,731] Trial 28 finished with value: 0.005484165798067199 and parameters: {'lag_0': 0.5077761594939262, 'lag_1': 0.616704839643072, 'lag_2': 0.5370619579333341, 'lag_3': 0.5746299924592049, 'lag_4': 0.5548771485521774, 'lag_5': 0.6453059957443446, 'lag_6': 0.7289713676976285, 'lag_7': 0.4415353609484777, 'lag_8': 0.5281189417210068, 'lag_9': 0.377433116540042, 'lag_10': 0.3952221471088183, 'lag_11': 0.7057969315002541, 'lag_12': 0.6031150839606313, 'lag_13': 0.1212579601924196, 'lag_14': 0.31092591649376994, 'lag_15': 0.7839678674521036, 'lag_16': 0.4043662513224555, 'lag_17': 0.4361979757223881, 'lag_18': 0.7370641960741298, 'lag_19': 0.0013446357534331876, 'lag_20': 0.4609413863272711, 'lag_21': 0.8243552874727792, 'lag_22': 0.8623895023565993, 'lag_23': 0.5531668841559909, 'lag_24': 0.5554334311917927, 'lag_25': 0.23599820247402398, 'lag_26': 0.30451932088536915, 'lag_27': 0.09760497087879538, 'lag_28': 0.6892807760266293}. Best is trial 7 with value: 0.004984843034241536.
[I 2025-09-29 13:23:28,317] Trial 29 finished with value: 0.005617622935944841 and parameters: {'lag_0': 0.3946364482554985, 'lag_1': 0.5807196205650611, 'lag_2': 0.6422287122649811, 'lag_3': 0.13855368795540185, 'lag_4': 0.6377430563931198, 'lag_5': 0.504957803974516, 'lag_6': 0.5394943093911715, 'lag_7': 0.9173690379381507, 'lag_8': 0.42916759482079614, 'lag_9': 0.2571349554616154, 'lag_10': 0.19683350360300433, 'lag_11': 0.5309574330345529, 'lag_12': 0.4606295099031237, 'lag_13': 0.39434886356028054, 'lag_14': 0.8787992384879212, 'lag_15': 0.909939437113822, 'lag_16': 0.5192270280236482, 'lag_17': 0.20745464292784088, 'lag_18': 0.569567919233065, 'lag_19': 0.6339047934201207, 'lag_20': 0.6302908373983858, 'lag_21': 0.9234614187191466, 'lag_22': 0.7555861291281102, 'lag_23': 0.9616476166452592, 'lag_24': 0.40614754521508406, 'lag_25': 0.3128855115975519, 'lag_26': 0.18419322398290636, 'lag_27': 0.9753441319988655, 'lag_28': 0.6239920780299042}. Best is trial 7 with value: 0.004984843034241536.
[I 2025-09-29 13:23:30,767] Trial 30 finished with value: 0.0053017442797787485 and parameters: {'lag_0': 0.2097871429683879, 'lag_1': 0.4523609563559246, 'lag_2': 0.42375922742690697, 'lag_3': 0.39255222563169756, 'lag_4': 0.5109144981682381, 'lag_5': 0.2577433115018135, 'lag_6': 0.865787208331253, 'lag_7': 0.5700104340305403, 'lag_8': 0.7155725599279243, 'lag_9': 0.06478666612252143, 'lag_10': 0.30301001219895835, 'lag_11': 0.866852462943319, 'lag_12': 0.33290148606723535, 'lag_13': 0.9167876034007443, 'lag_14': 0.14259340331122933, 'lag_15': 0.838377351631783, 'lag_16': 0.46647141080437216, 'lag_17': 0.32868774881459034, 'lag_18': 0.8724052757602817, 'lag_19': 0.608606985329715, 'lag_20': 0.9291333461599491, 'lag_21': 0.7119548851171976, 'lag_22': 0.8599253683893142, 'lag_23': 0.29775698537485423, 'lag_24': 0.6788981434152999, 'lag_25': 0.06075723768982355, 'lag_26': 0.5271623229567346, 'lag_27': 0.8536268651296653, 'lag_28': 0.37739856547986006}. Best is trial 7 with value: 0.004984843034241536.
[I 2025-09-29 13:23:33,226] Trial 31 finished with value: 0.005239717815519237 and parameters: {'lag_0': 0.8680199252740309, 'lag_1': 0.6861960252228563, 'lag_2': 0.993639249409222, 'lag_3': 0.8456003684495291, 'lag_4': 0.8427031711872116, 'lag_5': 0.9121560221076426, 'lag_6': 0.18319854387656404, 'lag_7': 0.6797941690720826, 'lag_8': 0.874178631203936, 'lag_9': 0.4557208820056085, 'lag_10': 0.0844067863994501, 'lag_11': 0.13687209576504678, 'lag_12': 0.544044792028607, 'lag_13': 0.11641792410243469, 'lag_14': 0.007418501777308389, 'lag_15': 0.7173278246269641, 'lag_16': 0.5940822757206103, 'lag_17': 0.7289288665385626, 'lag_18': 0.23623734849516392, 'lag_19': 0.11686777620857207, 'lag_20': 0.3549643724729803, 'lag_21': 0.47135085455070846, 'lag_22': 0.4786464433772574, 'lag_23': 0.19542633062681186, 'lag_24': 0.7628346230885502, 'lag_25': 0.3856518769022645, 'lag_26': 0.8378635729947713, 'lag_27': 0.8022686387653682, 'lag_28': 0.8744657401646455}. Best is trial 7 with value: 0.004984843034241536.
[I 2025-09-29 13:23:35,675] Trial 32 finished with value: 0.005599128173304981 and parameters: {'lag_0': 0.572599806793395, 'lag_1': 0.11109398780783153, 'lag_2': 0.9270722831854858, 'lag_3': 0.9277137382715221, 'lag_4': 0.9952799956584418, 'lag_5': 0.7700924128484116, 'lag_6': 0.33883741207576856, 'lag_7': 0.6855466218148129, 'lag_8': 0.7625477706154087, 'lag_9': 0.5130933540191968, 'lag_10': 0.05442092755652946, 'lag_11': 0.11843076000494385, 'lag_12': 0.49491440641906925, 'lag_13': 0.18291510157748728, 'lag_14': 0.5464451705945749, 'lag_15': 0.9260970764821715, 'lag_16': 0.7395893167157765, 'lag_17': 0.8717243260336455, 'lag_18': 0.42066403845469835, 'lag_19': 0.27231619546022484, 'lag_20': 0.4585627456163018, 'lag_21': 0.7965145368568043, 'lag_22': 0.37685778629481737, 'lag_23': 0.06741407329163446, 'lag_24': 0.6910366068166456, 'lag_25': 0.17061914739529613, 'lag_26': 0.6599076838061518, 'lag_27': 0.6479065042420629, 'lag_28': 0.7838928293247585}. Best is trial 7 with value: 0.004984843034241536.
[I 2025-09-29 13:23:38,129] Trial 33 finished with value: 0.005104331265911309 and parameters: {'lag_0': 0.2799998513336788, 'lag_1': 0.3743340409506696, 'lag_2': 0.8319136623266021, 'lag_3': 0.7350731858884925, 'lag_4': 0.9228709145541065, 'lag_5': 0.8383606560602233, 'lag_6': 0.48918723584260065, 'lag_7': 0.8035410936203923, 'lag_8': 0.9175231836451228, 'lag_9': 0.16081202790915325, 'lag_10': 0.15317138510176043, 'lag_11': 0.19757677602873291, 'lag_12': 0.6546624232424377, 'lag_13': 0.27845988917577713, 'lag_14': 0.3103613278080768, 'lag_15': 0.6391777297517561, 'lag_16': 0.5471795259986211, 'lag_17': 0.8247877513053813, 'lag_18': 0.11777175416621039, 'lag_19': 0.2119839525094363, 'lag_20': 0.21184870894720637, 'lag_21': 0.5634257355607593, 'lag_22': 0.6100057263705315, 'lag_23': 0.15040430423090484, 'lag_24': 0.9044719366147725, 'lag_25': 0.5729332195430443, 'lag_26': 0.8104595765966017, 'lag_27': 0.9296981067345886, 'lag_28': 0.8633215889168585}. Best is trial 7 with value: 0.004984843034241536.
[I 2025-09-29 13:23:40,567] Trial 34 finished with value: 0.0052391085163401244 and parameters: {'lag_0': 0.08099053801513362, 'lag_1': 0.3822691092602338, 'lag_2': 0.8081721187469003, 'lag_3': 0.7144510782539051, 'lag_4': 0.9164938935047432, 'lag_5': 0.11412052176510053, 'lag_6': 0.4740522321956925, 'lag_7': 0.8027597571090918, 'lag_8': 0.8995386971798539, 'lag_9': 0.16013586671338273, 'lag_10': 0.16710712630127686, 'lag_11': 0.3316164563393632, 'lag_12': 0.6692196574642654, 'lag_13': 0.3048086072228302, 'lag_14': 0.30432507820002, 'lag_15': 0.6512954824976779, 'lag_16': 0.5115187025788793, 'lag_17': 0.7866543295775312, 'lag_18': 0.11657325902154256, 'lag_19': 0.00021806724342197654, 'lag_20': 0.10932110523917288, 'lag_21': 0.6751060436942984, 'lag_22': 0.72682983112334, 'lag_23': 0.2109094164329652, 'lag_24': 0.9267950369890892, 'lag_25': 0.49574939160043685, 'lag_26': 0.7721180456280459, 'lag_27': 0.9829438812848984, 'lag_28': 0.9214975773914964}. Best is trial 7 with value: 0.004984843034241536.
[I 2025-09-29 13:23:43,005] Trial 35 finished with value: 0.005837832719854765 and parameters: {'lag_0': 0.28378531964771275, 'lag_1': 0.5022248974661319, 'lag_2': 0.33214449645133187, 'lag_3': 0.5919856260595614, 'lag_4': 0.761331215103073, 'lag_5': 0.527607209031266, 'lag_6': 0.5878230879213515, 'lag_7': 0.9249389572297877, 'lag_8': 0.9880052712273968, 'lag_9': 0.0828414142048024, 'lag_10': 0.23797458237721564, 'lag_11': 0.49018679745036553, 'lag_12': 0.5923793184852378, 'lag_13': 0.25696852853534835, 'lag_14': 0.39841190046663283, 'lag_15': 0.8386249861697342, 'lag_16': 0.23680648837047552, 'lag_17': 0.623219352798853, 'lag_18': 0.10354919960566777, 'lag_19': 0.3279594280394114, 'lag_20': 0.23975703130003687, 'lag_21': 0.25646531884566387, 'lag_22': 0.6236736877092289, 'lag_23': 0.17147142123598758, 'lag_24': 0.9447948531988171, 'lag_25': 0.32793507664622895, 'lag_26': 0.13551887327505163, 'lag_27': 0.928355156368126, 'lag_28': 0.7390866054149826}. Best is trial 7 with value: 0.004984843034241536.
[I 2025-09-29 13:23:45,443] Trial 36 finished with value: 0.005201503319471498 and parameters: {'lag_0': 0.11559437398112346, 'lag_1': 0.9950780413954777, 'lag_2': 0.7066665680701562, 'lag_3': 0.4823086827631702, 'lag_4': 0.0035946224746228883, 'lag_5': 0.4171137739840588, 'lag_6': 0.658376300646207, 'lag_7': 0.13028246176993677, 'lag_8': 0.5852047743028561, 'lag_9': 0.27582149568401765, 'lag_10': 0.33374518325976094, 'lag_11': 0.25074593520314375, 'lag_12': 0.7329420958559771, 'lag_13': 0.3862618802005664, 'lag_14': 0.24907171258959138, 'lag_15': 0.6224508372412896, 'lag_16': 0.9901721570120123, 'lag_17': 0.2618470468398509, 'lag_18': 0.2857277143984047, 'lag_19': 0.06094125928495317, 'lag_20': 0.1783862314921757, 'lag_21': 0.7148903665799287, 'lag_22': 0.22248513037085893, 'lag_23': 0.27549765277662663, 'lag_24': 0.8892843191878034, 'lag_25': 0.13116164767589558, 'lag_26': 0.3051266919504082, 'lag_27': 0.4535985346067267, 'lag_28': 0.22673941975200518}. Best is trial 7 with value: 0.004984843034241536.
[I 2025-09-29 13:23:47,883] Trial 37 finished with value: 0.005540413263272462 and parameters: {'lag_0': 0.25126094856028436, 'lag_1': 0.7987774119661131, 'lag_2': 0.4618235890263821, 'lag_3': 0.6749292459714616, 'lag_4': 0.8970222671665777, 'lag_5': 0.7371147257166437, 'lag_6': 0.7272490227470089, 'lag_7': 0.9327677689123484, 'lag_8': 0.4940314182070589, 'lag_9': 0.17165263568863584, 'lag_10': 0.5304592523600551, 'lag_11': 0.08535582439533704, 'lag_12': 0.808950290846546, 'lag_13': 0.08782144074767839, 'lag_14': 0.5873316571825439, 'lag_15': 0.9271934435989386, 'lag_16': 0.37816177136993845, 'lag_17': 0.5468035203075182, 'lag_18': 0.16790222766233806, 'lag_19': 0.5715860292168162, 'lag_20': 0.7099603939186339, 'lag_21': 0.9258878759586778, 'lag_22': 0.10690731034673417, 'lag_23': 0.3865763934124891, 'lag_24': 0.8203458918885203, 'lag_25': 0.28191555321228334, 'lag_26': 0.812069547407006, 'lag_27': 0.33031301498997334, 'lag_28': 0.8827277196147351}. Best is trial 7 with value: 0.004984843034241536.
[I 2025-09-29 13:23:50,327] Trial 38 finished with value: 0.005527523761402697 and parameters: {'lag_0': 0.3888050743472189, 'lag_1': 0.918587446647519, 'lag_2': 0.6076175697012907, 'lag_3': 0.777453811967429, 'lag_4': 0.8057661242783312, 'lag_5': 0.5913297324850235, 'lag_6': 0.5317033910706854, 'lag_7': 0.614589324926397, 'lag_8': 0.09663152686283882, 'lag_9': 0.07617715169926281, 'lag_10': 0.43946379907334615, 'lag_11': 0.3705778971774396, 'lag_12': 0.6580527449110526, 'lag_13': 0.03355923788795731, 'lag_14': 0.31349323683350405, 'lag_15': 0.7887146720856392, 'lag_16': 0.2792516220503084, 'lag_17': 0.8683269488576635, 'lag_18': 0.9989106268056563, 'lag_19': 0.10224936393388917, 'lag_20': 0.5758993603259301, 'lag_21': 0.6115874567297803, 'lag_22': 0.41956485459783144, 'lag_23': 0.25024298230698805, 'lag_24': 0.1041784343279421, 'lag_25': 0.19459460127308253, 'lag_26': 0.4688565338092912, 'lag_27': 0.5792239265440102, 'lag_28': 0.019034584284481626}. Best is trial 7 with value: 0.004984843034241536.
[I 2025-09-29 13:23:52,773] Trial 39 finished with value: 0.00497388002284351 and parameters: {'lag_0': 0.34290033854527757, 'lag_1': 0.6441126539580274, 'lag_2': 0.03015806101547952, 'lag_3': 0.604531615347035, 'lag_4': 0.5929796340035838, 'lag_5': 0.31681232449818036, 'lag_6': 0.3771235122853257, 'lag_7': 0.9984514298203182, 'lag_8': 0.6469179137972086, 'lag_9': 0.2907621761845684, 'lag_10': 0.12622364183892332, 'lag_11': 0.8238199946129979, 'lag_12': 0.5835736432772167, 'lag_13': 0.6297067910738807, 'lag_14': 0.19917107653179605, 'lag_15': 0.7266270565817985, 'lag_16': 0.1283588172344976, 'lag_17': 0.7975998923109539, 'lag_18': 0.07377271072756744, 'lag_19': 0.23792903338589386, 'lag_20': 0.9936736051909327, 'lag_21': 0.9939498253526662, 'lag_22': 0.5067126635916173, 'lag_23': 0.0988016955151595, 'lag_24': 0.9964442084215361, 'lag_25': 0.4423302784682303, 'lag_26': 0.2448886297373024, 'lag_27': 0.4768786042624831, 'lag_28': 0.1087597896371676}. Best is trial 39 with value: 0.00497388002284351.
[I 2025-09-29 13:23:55,226] Trial 40 finished with value: 0.005149668730366713 and parameters: {'lag_0': 0.3249883013784813, 'lag_1': 0.636511792862284, 'lag_2': 0.13685058848834913, 'lag_3': 0.03346922149108156, 'lag_4': 0.5892317263089475, 'lag_5': 0.32748583007604837, 'lag_6': 0.38963790983493096, 'lag_7': 0.9868636970303923, 'lag_8': 0.6465873621344228, 'lag_9': 0.39602694955772383, 'lag_10': 0.13382750518192663, 'lag_11': 0.8153861914591828, 'lag_12': 0.07538692379548051, 'lag_13': 0.6393291306210303, 'lag_14': 0.21242866089811915, 'lag_15': 0.5768305407633642, 'lag_16': 0.12260079348212671, 'lag_17': 0.8050189830841408, 'lag_18': 0.066206488054137, 'lag_19': 0.3509567457481537, 'lag_20': 0.9822959486722846, 'lag_21': 0.998347947355885, 'lag_22': 0.5272189812519585, 'lag_23': 0.09157854574197333, 'lag_24': 0.9814567071116537, 'lag_25': 0.4301964735777654, 'lag_26': 0.01344250407050901, 'lag_27': 0.4544825768294483, 'lag_28': 0.08351361162667768}. Best is trial 39 with value: 0.00497388002284351.
[I 2025-09-29 13:23:57,684] Trial 41 finished with value: 0.004597142821365375 and parameters: {'lag_0': 0.31847809951138584, 'lag_1': 0.7290630607366573, 'lag_2': 0.03265743169900147, 'lag_3': 0.1352263954104101, 'lag_4': 0.5867233815626961, 'lag_5': 0.32019322682954254, 'lag_6': 0.38512880535601, 'lag_7': 0.9897929064954843, 'lag_8': 0.6423760129884009, 'lag_9': 0.40363877612101073, 'lag_10': 0.1736325332216724, 'lag_11': 0.8100569889500746, 'lag_12': 0.04853179759295548, 'lag_13': 0.6473317312408143, 'lag_14': 0.15837833506933682, 'lag_15': 0.5412910921344554, 'lag_16': 0.0790949852914784, 'lag_17': 0.7881296859762132, 'lag_18': 0.06642794446908824, 'lag_19': 0.43238245224188576, 'lag_20': 0.9991544165550071, 'lag_21': 0.9888236863450467, 'lag_22': 0.4850130536479339, 'lag_23': 0.09167023525131517, 'lag_24': 0.9840392601667171, 'lag_25': 0.4355608818728577, 'lag_26': 0.014576111004984271, 'lag_27': 0.4626455343396182, 'lag_28': 0.1168656218830879}. Best is trial 41 with value: 0.004597142821365375.
[I 2025-09-29 13:24:00,139] Trial 42 finished with value: 0.005532816110553214 and parameters: {'lag_0': 0.15243664342756094, 'lag_1': 0.7270853617576863, 'lag_2': 0.14227560122296756, 'lag_3': 0.2459785698486387, 'lag_4': 0.6715805409702201, 'lag_5': 0.13463063564346556, 'lag_6': 0.2227198583989493, 'lag_7': 0.9184962172780087, 'lag_8': 0.5190305655921081, 'lag_9': 0.345834042448979, 'lag_10': 0.19605881337853268, 'lag_11': 0.7697618435800668, 'lag_12': 0.2592897292809132, 'lag_13': 0.7840491570322979, 'lag_14': 0.15597513476501237, 'lag_15': 0.7038440620102437, 'lag_16': 0.05265758691683679, 'lag_17': 0.9120936349866098, 'lag_18': 0.16898991266996166, 'lag_19': 0.44719489256462086, 'lag_20': 0.9952798524267257, 'lag_21': 0.9427637206920988, 'lag_22': 0.34111926227423894, 'lag_23': 0.16956694126540128, 'lag_24': 0.9490835289797365, 'lag_25': 0.5129254211434064, 'lag_26': 0.06386820032594981, 'lag_27': 0.47123521067094715, 'lag_28': 0.11343672627904733}. Best is trial 41 with value: 0.004597142821365375.
[I 2025-09-29 13:24:02,601] Trial 43 finished with value: 0.005303172502559659 and parameters: {'lag_0': 0.3816333958066642, 'lag_1': 0.7671712972411203, 'lag_2': 0.019719420892486128, 'lag_3': 0.11359892529785531, 'lag_4': 0.432838572149024, 'lag_5': 0.25023533325729863, 'lag_6': 0.35665202753123326, 'lag_7': 0.8298812202180835, 'lag_8': 0.3910856309022881, 'lag_9': 0.30965802542297294, 'lag_10': 0.08218592297957045, 'lag_11': 0.8932536841956197, 'lag_12': 0.14187467780630914, 'lag_13': 0.5369718431379193, 'lag_14': 0.2631567146409756, 'lag_15': 0.5633478831720253, 'lag_16': 0.13418791553523343, 'lag_17': 0.7230608356089016, 'lag_18': 0.005721736710181141, 'lag_19': 0.22956589625460547, 'lag_20': 0.8696082161923668, 'lag_21': 0.9573440650968452, 'lag_22': 0.4934694061767827, 'lag_23': 0.0838165886447323, 'lag_24': 0.9099861627109161, 'lag_25': 0.5913215278718469, 'lag_26': 0.19968730711436283, 'lag_27': 0.33954163704383744, 'lag_28': 0.20715339864735416}. Best is trial 41 with value: 0.004597142821365375.
[I 2025-09-29 13:24:05,048] Trial 44 finished with value: 0.005178133495545046 and parameters: {'lag_0': 0.2052473374872667, 'lag_1': 0.7166683069449311, 'lag_2': 0.09226984341266375, 'lag_3': 0.8163460889289591, 'lag_4': 0.5073496611050202, 'lag_5': 0.4320191793977409, 'lag_6': 0.4328877809456124, 'lag_7': 0.8819606865184029, 'lag_8': 0.643811575542632, 'lag_9': 0.2054417208871279, 'lag_10': 0.26476524846720667, 'lag_11': 0.6794172017249898, 'lag_12': 0.8601947646476615, 'lag_13': 0.6538062619658861, 'lag_14': 0.10852163690992689, 'lag_15': 0.4815104907393033, 'lag_16': 0.07035435959318359, 'lag_17': 0.6776066791443427, 'lag_18': 0.060775004481792426, 'lag_19': 0.5223353385091798, 'lag_20': 0.9256895329604524, 'lag_21': 0.8879919695957901, 'lag_22': 0.4374025786235606, 'lag_23': 0.13095854006985672, 'lag_24': 0.9841838823977545, 'lag_25': 0.424608215685533, 'lag_26': 0.14461683599358888, 'lag_27': 0.5125767782708638, 'lag_28': 0.14536871856424582}. Best is trial 41 with value: 0.004597142821365375.
[I 2025-09-29 13:24:07,499] Trial 45 finished with value: 0.005604939948715372 and parameters: {'lag_0': 0.31694869317436447, 'lag_1': 0.8210710382924018, 'lag_2': 0.013438856783826204, 'lag_3': 0.6120215066608777, 'lag_4': 0.6060118439329363, 'lag_5': 0.3318595760237353, 'lag_6': 0.09029700160569548, 'lag_7': 0.9888768313878495, 'lag_8': 0.550836864066723, 'lag_9': 0.2491456496770919, 'lag_10': 0.7692780296712926, 'lag_11': 0.9181490731709596, 'lag_12': 0.6221945852134347, 'lag_13': 0.8243399598388989, 'lag_14': 0.42661694070220246, 'lag_15': 0.3303973090763789, 'lag_16': 0.24277983657750243, 'lag_17': 0.8307899076126842, 'lag_18': 0.21743627936245044, 'lag_19': 0.4349580492636876, 'lag_20': 0.0648533823625004, 'lag_21': 0.8216326923564965, 'lag_22': 0.23978553903254915, 'lag_23': 0.05715260625100646, 'lag_24': 0.9433988945364901, 'lag_25': 0.8207799796852784, 'lag_26': 0.2580720203883867, 'lag_27': 0.06644839155477032, 'lag_28': 0.06289259114924373}. Best is trial 41 with value: 0.004597142821365375.
