[I 2025-09-29 12:51:56,698] Trial 40 finished with value: 0.0016250226261359472 and parameters: {'lag_0': 0.2596677290492186, 'lag_1': 0.8092536372469384, 'lag_2': 0.8403904343190144, 'lag_3': 0.4692320007819008, 'lag_4': 0.7677971484134648, 'lag_5': 0.8880114041508976, 'lag_6': 0.11154556539842225, 'lag_7': 0.4054721155711967, 'lag_8': 0.08965448079912341, 'lag_9': 0.0015909351764084017, 'lag_10': 0.5163866573968261, 'lag_11': 0.75400788797303, 'lag_12': 0.7591728469016477, 'lag_13': 0.36886115582440016, 'lag_14': 0.2845398799318089, 'lag_15': 0.19605953621106548, 'lag_16': 0.2856056592748685, 'lag_17': 0.8895767963996407, 'lag_18': 0.8895722011430223, 'lag_19': 0.1684973558154892, 'lag_20': 0.7232599651282581, 'lag_21': 0.27557917132279175, 'lag_22': 0.5756435694888756, 'lag_23': 0.3212352353703909, 'lag_24': 0.20882635032895758, 'lag_25': 0.4131486519768536, 'lag_26': 0.8695730426641664, 'lag_27': 0.7471620834631979, 'lag_28': 0.6968590903519154}. Best is trial 4 with value: 0.0012404286628142998.
[I 2025-09-29 12:51:59,124] Trial 41 finished with value: 0.0016761636618749947 and parameters: {'lag_0': 0.9736342128995265, 'lag_1': 0.18346986591014747, 'lag_2': 0.2045793090917113, 'lag_3': 0.6126767266523802, 'lag_4': 0.0765687789584934, 'lag_5': 0.944710685656794, 'lag_6': 0.6402078805556608, 'lag_7': 0.06795180002852327, 'lag_8': 0.7755079035353499, 'lag_9': 0.9506339598254677, 'lag_10': 0.8095855278191311, 'lag_11': 0.28416639246083625, 'lag_12': 0.8912316131124076, 'lag_13': 0.5598796723543105, 'lag_14': 0.4826508114041316, 'lag_15': 0.6915814234516008, 'lag_16': 0.5667612503069555, 'lag_17': 0.4656414052386226, 'lag_18': 0.7978685486931935, 'lag_19': 0.6394493968530308, 'lag_20': 0.9866440386507549, 'lag_21': 0.24531451551102224, 'lag_22': 0.12510075977924598, 'lag_23': 0.583651228556342, 'lag_24': 0.1197720481261243, 'lag_25': 0.6065246451742075, 'lag_26': 0.15777873596841518, 'lag_27': 0.8313802278071507, 'lag_28': 0.3884968463965609}. Best is trial 4 with value: 0.0012404286628142998.
[I 2025-09-29 12:52:01,555] Trial 42 finished with value: 0.0016628959922498417 and parameters: {'lag_0': 0.9079714117792673, 'lag_1': 0.23299616172368934, 'lag_2': 0.0822622821828665, 'lag_3': 0.6693126631709738, 'lag_4': 0.09894475059700121, 'lag_5': 0.5820426352442521, 'lag_6': 0.5715898171723531, 'lag_7': 0.13609243849377467, 'lag_8': 0.6815525179059322, 'lag_9': 0.8080644007323878, 'lag_10': 0.88218830589876, 'lag_11': 0.23301373183637655, 'lag_12': 0.9197959047379379, 'lag_13': 0.5184587309001508, 'lag_14': 0.34611817928319166, 'lag_15': 0.6650816896646831, 'lag_16': 0.5420345722450561, 'lag_17': 0.4186262018946585, 'lag_18': 0.7519675229810979, 'lag_19': 0.6316184735314371, 'lag_20': 0.9359212269979176, 'lag_21': 0.1294823638702862, 'lag_22': 0.0197398108698828, 'lag_23': 0.7532083375205573, 'lag_24': 0.9642810997637501, 'lag_25': 0.5157812433061644, 'lag_26': 0.24634222851218487, 'lag_27': 0.8802484507628401, 'lag_28': 0.48901296754532353}. Best is trial 4 with value: 0.0012404286628142998.
[I 2025-09-29 12:52:03,991] Trial 43 finished with value: 0.001807667412827303 and parameters: {'lag_0': 0.8494653415590797, 'lag_1': 0.11045106262829442, 'lag_2': 0.12678988334380073, 'lag_3': 0.7819704489127433, 'lag_4': 0.19070730538061426, 'lag_5': 0.16947076275933703, 'lag_6': 0.7106604397690296, 'lag_7': 0.2283606107499613, 'lag_8': 0.803231798458121, 'lag_9': 0.9393355787542428, 'lag_10': 0.6922002277530939, 'lag_11': 0.15199415480255454, 'lag_12': 0.8294938217847233, 'lag_13': 0.7441028726319788, 'lag_14': 0.4344808221886868, 'lag_15': 0.7633540948345279, 'lag_16': 0.48992238971465074, 'lag_17': 0.38330388546299804, 'lag_18': 0.7939510646671921, 'lag_19': 0.5507448185918664, 'lag_20': 0.9985436745628479, 'lag_21': 0.2174189965493718, 'lag_22': 0.23545677918867225, 'lag_23': 0.6412523317826396, 'lag_24': 0.011197057783820276, 'lag_25': 0.5684874920282942, 'lag_26': 0.20180866469356395, 'lag_27': 0.7435564640942965, 'lag_28': 0.2985056081136738}. Best is trial 4 with value: 0.0012404286628142998.
[I 2025-09-29 12:52:06,524] Trial 44 finished with value: 0.0017383290968263302 and parameters: {'lag_0': 0.9303660331566709, 'lag_1': 0.3376350581136591, 'lag_2': 0.29938557005409444, 'lag_3': 0.5376740665022003, 'lag_4': 0.17395063384061651, 'lag_5': 0.5023153032740637, 'lag_6': 0.6181213933036904, 'lag_7': 0.0472111615108222, 'lag_8': 0.9293520916427793, 'lag_9': 0.39292060077596036, 'lag_10': 0.9345279686757455, 'lag_11': 0.04956940653992804, 'lag_12': 0.9803825276487538, 'lag_13': 0.2891472116468922, 'lag_14': 0.6011189714235163, 'lag_15': 0.6623563674287894, 'lag_16': 0.7270847287990736, 'lag_17': 0.22915623720166367, 'lag_18': 0.6364270567876246, 'lag_19': 0.6888847663281392, 'lag_20': 0.877159123020952, 'lag_21': 0.3828010696939715, 'lag_22': 0.28155510913662246, 'lag_23': 0.7116214919661877, 'lag_24': 0.07508385305744797, 'lag_25': 0.7030321525546674, 'lag_26': 0.3538323807410408, 'lag_27': 0.9246374048488696, 'lag_28': 0.4164349310821886}. Best is trial 4 with value: 0.0012404286628142998.
[I 2025-09-29 12:52:08,966] Trial 45 finished with value: 0.0018676505395533512 and parameters: {'lag_0': 0.8006649022211523, 'lag_1': 0.16849516361197633, 'lag_2': 0.15820283272368657, 'lag_3': 0.5020613554780203, 'lag_4': 0.22608286029342906, 'lag_5': 0.6725237603837309, 'lag_6': 0.4686095640448741, 'lag_7': 0.14122927656273573, 'lag_8': 0.727092477698706, 'lag_9': 0.7120513925451271, 'lag_10': 0.7615132643725895, 'lag_11': 0.3143713228476256, 'lag_12': 0.04834885600980593, 'lag_13': 0.6561885283464324, 'lag_14': 0.799591782951237, 'lag_15': 0.8879472279273436, 'lag_16': 0.6125501375191497, 'lag_17': 0.24995738507926032, 'lag_18': 0.4210657006470865, 'lag_19': 0.4451288564696534, 'lag_20': 0.8398064040519604, 'lag_21': 0.005858844973738799, 'lag_22': 0.14588252219541883, 'lag_23': 0.47102450830245696, 'lag_24': 0.7763393603874243, 'lag_25': 0.6591119625202569, 'lag_26': 0.429886230832277, 'lag_27': 0.9896255373363982, 'lag_28': 0.367625076060482}. Best is trial 4 with value: 0.0012404286628142998.
[I 2025-09-29 12:52:11,409] Trial 46 finished with value: 0.0015305822345252499 and parameters: {'lag_0': 0.6828434980815159, 'lag_1': 0.049490246387921405, 'lag_2': 0.26435995566954923, 'lag_3': 0.8285463737813259, 'lag_4': 0.010410584964513026, 'lag_5': 0.7732889084540722, 'lag_6': 0.0496436309540884, 'lag_7': 0.18844775385146426, 'lag_8': 0.76886479867528, 'lag_9': 0.8903182768186879, 'lag_10': 0.6092439983115706, 'lag_11': 0.18427167606802058, 'lag_12': 0.8452938854769388, 'lag_13': 0.6127498759621105, 'lag_14': 0.48048196277819216, 'lag_15': 0.5480824263023459, 'lag_16': 0.40353884387293665, 'lag_17': 0.3564228476255229, 'lag_18': 0.7158141869406986, 'lag_19': 0.7789263748858855, 'lag_20': 0.9091578100825402, 'lag_21': 0.3154398354556116, 'lag_22': 0.394087369947905, 'lag_23': 0.4013864408883418, 'lag_24': 0.8824506262530742, 'lag_25': 0.001851402120338061, 'lag_26': 0.05335173705604622, 'lag_27': 0.7780085624066039, 'lag_28': 0.530387301522767}. Best is trial 4 with value: 0.0012404286628142998.
[I 2025-09-29 12:52:13,845] Trial 47 finished with value: 0.0020265273082296065 and parameters: {'lag_0': 0.8830753534943659, 'lag_1': 0.26338536388773687, 'lag_2': 0.33318619427422075, 'lag_3': 0.6671272897139479, 'lag_4': 0.6467514351954685, 'lag_5': 0.49711327364949076, 'lag_6': 0.7114023444341901, 'lag_7': 0.8763793598190874, 'lag_8': 0.3197668311529153, 'lag_9': 0.2408961667109571, 'lag_10': 0.7216247277319703, 'lag_11': 0.07761544969249169, 'lag_12': 0.6509833448540386, 'lag_13': 0.46243485310869986, 'lag_14': 0.7119175525604107, 'lag_15': 0.7930013171683788, 'lag_16': 0.6850991686684662, 'lag_17': 0.5635699595342398, 'lag_18': 0.9983586645386705, 'lag_19': 0.3578467799502248, 'lag_20': 0.948495752766095, 'lag_21': 0.16282911563947422, 'lag_22': 0.4579426863795131, 'lag_23': 0.6006322342621926, 'lag_24': 0.18012571459718463, 'lag_25': 0.572904250396201, 'lag_26': 0.28851570019485306, 'lag_27': 0.5408214687211919, 'lag_28': 0.5733542405668082}. Best is trial 4 with value: 0.0012404286628142998.
[I 2025-09-29 12:52:16,282] Trial 48 finished with value: 0.0017828706124419942 and parameters: {'lag_0': 0.010298550092636749, 'lag_1': 0.715079882447521, 'lag_2': 0.06415189432054927, 'lag_3': 0.39189120421236734, 'lag_4': 0.044471869500521115, 'lag_5': 0.30932535201964256, 'lag_6': 0.35294744200425215, 'lag_7': 0.3251726914842704, 'lag_8': 0.8255127863896541, 'lag_9': 0.9951328718506681, 'lag_10': 0.24389857819409555, 'lag_11': 0.2137494754053435, 'lag_12': 0.8985559268991778, 'lag_13': 0.3815020274587205, 'lag_14': 0.5784198457363814, 'lag_15': 0.7179886528902637, 'lag_16': 0.8013056791928499, 'lag_17': 0.5132721473646216, 'lag_18': 0.8708201799639799, 'lag_19': 0.0457304242216935, 'lag_20': 0.1992644574601432, 'lag_21': 0.45198465372074265, 'lag_22': 0.09706968680814104, 'lag_23': 0.29765709559946885, 'lag_24': 0.25050888737428767, 'lag_25': 0.7305922874820078, 'lag_26': 0.5232846585486566, 'lag_27': 0.6066971882161043, 'lag_28': 0.45318268668577744}. Best is trial 4 with value: 0.0012404286628142998.
[I 2025-09-29 12:52:18,713] Trial 49 finished with value: 0.0017646854067877985 and parameters: {'lag_0': 0.7635306575463069, 'lag_1': 0.541827006041891, 'lag_2': 0.4718742717775826, 'lag_3': 0.7323816653356112, 'lag_4': 0.3708973333173694, 'lag_5': 0.9590461461954651, 'lag_6': 0.4471890843277926, 'lag_7': 0.5998268411111923, 'lag_8': 0.5794940116487493, 'lag_9': 0.673367075614675, 'lag_10': 0.46652312001508456, 'lag_11': 0.35716599903256263, 'lag_12': 0.9714868944487477, 'lag_13': 0.9987175762879661, 'lag_14': 0.2841911689801381, 'lag_15': 0.8650267678486261, 'lag_16': 0.34553002394734533, 'lag_17': 0.9478634629873878, 'lag_18': 0.9317832050730481, 'lag_19': 0.5561792859701475, 'lag_20': 0.7760241055037558, 'lag_21': 0.06548661391704517, 'lag_22': 0.529912302807369, 'lag_23': 0.5287008076457472, 'lag_24': 0.33362858853108, 'lag_25': 0.3826863142855051, 'lag_26': 0.1829079435070064, 'lag_27': 0.36204735100868857, 'lag_28': 0.293690313439399}. Best is trial 4 with value: 0.0012404286628142998.
[I 2025-09-29 12:52:21,144] Trial 50 finished with value: 0.0013297113784942304 and parameters: {'lag_0': 0.4429111855232103, 'lag_1': 0.3856897454179169, 'lag_2': 0.009031260546922715, 'lag_3': 0.19014990173632668, 'lag_4': 0.7083755450291335, 'lag_5': 0.8741059497192297, 'lag_6': 0.5061031574234043, 'lag_7': 0.08896918629720296, 'lag_8': 0.24585860933036618, 'lag_9': 0.46206090873150374, 'lag_10': 0.6157811262034028, 'lag_11': 0.47989600328714743, 'lag_12': 0.20960695430719906, 'lag_13': 0.3199689874697571, 'lag_14': 0.35683071357701035, 'lag_15': 0.6322705546821152, 'lag_16': 0.5448424593819875, 'lag_17': 0.7271153782871576, 'lag_18': 0.8181369979617302, 'lag_19': 0.6588730200075856, 'lag_20': 0.6594696257627937, 'lag_21': 0.30211074957276784, 'lag_22': 0.7591732721840989, 'lag_23': 0.901314960699814, 'lag_24': 0.4949779573431339, 'lag_25': 0.07166855010388917, 'lag_26': 0.6142571199950072, 'lag_27': 0.23890948778901105, 'lag_28': 0.6400029118841105}. Best is trial 4 with value: 0.0012404286628142998.
[I 2025-09-29 12:52:23,578] Trial 51 finished with value: 0.0021337201864087448 and parameters: {'lag_0': 0.43118820866808405, 'lag_1': 0.3613108226008314, 'lag_2': 0.15797850642960634, 'lag_3': 0.16640431878361878, 'lag_4': 0.7022229214421881, 'lag_5': 0.8845440690171247, 'lag_6': 0.5208511670060296, 'lag_7': 0.09080469461827857, 'lag_8': 0.24562096145320023, 'lag_9': 0.4527787116156781, 'lag_10': 0.6243551880784095, 'lag_11': 0.46981992620032814, 'lag_12': 0.19201156309865625, 'lag_13': 0.2436377079285274, 'lag_14': 0.361791695327188, 'lag_15': 0.6314581418256567, 'lag_16': 0.5371972020629254, 'lag_17': 0.7547786752174617, 'lag_18': 0.8356621856926928, 'lag_19': 0.6606798877354803, 'lag_20': 0.5550883064011279, 'lag_21': 0.30226687298994886, 'lag_22': 0.7537247171453921, 'lag_23': 0.914436397465537, 'lag_24': 0.6384704530314211, 'lag_25': 0.06907364442180343, 'lag_26': 0.6198915207056984, 'lag_27': 0.24979095832829054, 'lag_28': 0.661921190178175}. Best is trial 4 with value: 0.0012404286628142998.
[I 2025-09-29 12:52:26,015] Trial 52 finished with value: 0.00225643944237941 and parameters: {'lag_0': 0.3874335860760465, 'lag_1': 0.3029766225810386, 'lag_2': 0.006696649112452935, 'lag_3': 0.031360953926602375, 'lag_4': 0.8506081360467916, 'lag_5': 0.8106232611628749, 'lag_6': 0.5612363497837457, 'lag_7': 0.034322228507651466, 'lag_8': 0.14996913338418316, 'lag_9': 0.5327234961402947, 'lag_10': 0.5742356097139755, 'lag_11': 0.27659061321974154, 'lag_12': 0.29639214735265823, 'lag_13': 0.3363841667700418, 'lag_14': 0.4322237569545186, 'lag_15': 0.7431947395234962, 'lag_16': 0.6069177297594838, 'lag_17': 0.815029590254163, 'lag_18': 0.6495891991483698, 'lag_19': 0.5839342959100855, 'lag_20': 0.841147362699808, 'lag_21': 0.369446103418356, 'lag_22': 0.8291168052768763, 'lag_23': 0.9649306676383215, 'lag_24': 0.4779900179323358, 'lag_25': 0.23032216735112715, 'lag_26': 0.6287756833950023, 'lag_27': 0.10547152538408586, 'lag_28': 0.7880880979497168}. Best is trial 4 with value: 0.0012404286628142998.
[I 2025-09-29 12:52:28,456] Trial 53 finished with value: 0.0020988758166012706 and parameters: {'lag_0': 0.5427547779141871, 'lag_1': 0.4088696653882825, 'lag_2': 0.02369504147891427, 'lag_3': 0.21417852607750665, 'lag_4': 0.5577882456271024, 'lag_5': 0.8831760796397333, 'lag_6': 0.7674460752327702, 'lag_7': 0.1572826005823889, 'lag_8': 0.0025344629265056373, 'lag_9': 0.4774184450239283, 'lag_10': 0.35473738003851396, 'lag_11': 0.4211814203796455, 'lag_12': 0.2602815799276919, 'lag_13': 0.11845780784595927, 'lag_14': 0.39837615660634906, 'lag_15': 0.576237467645713, 'lag_16': 0.5036424582091124, 'lag_17': 0.7197592379579807, 'lag_18': 0.772251284152617, 'lag_19': 0.6827431836531416, 'lag_20': 0.9625038952333158, 'lag_21': 0.21072365768727783, 'lag_22': 0.6086300613617008, 'lag_23': 0.24818529894652913, 'lag_24': 0.7028031760947122, 'lag_25': 0.468761673707841, 'lag_26': 0.7345465323955661, 'lag_27': 0.19667268361840912, 'lag_28': 0.8503107262400567}. Best is trial 4 with value: 0.0012404286628142998.
[I 2025-09-29 12:52:30,894] Trial 54 finished with value: 0.0016246675290845307 and parameters: {'lag_0': 0.3474048098423317, 'lag_1': 0.22929664633697314, 'lag_2': 0.05852882899447267, 'lag_3': 0.34398955304436774, 'lag_4': 0.7193167945095293, 'lag_5': 0.9447586647049688, 'lag_6': 0.597001810503422, 'lag_7': 0.10157918780541296, 'lag_8': 0.21585925659595145, 'lag_9': 0.3372742280972288, 'lag_10': 0.7113596733203496, 'lag_11': 0.8179638260498189, 'lag_12': 0.12704276392447533, 'lag_13': 0.28134458093786985, 'lag_14': 0.3204520042268123, 'lag_15': 0.9523491160456217, 'lag_16': 0.29819405770483975, 'lag_17': 0.8711294926866757, 'lag_18': 0.8299194414311988, 'lag_19': 0.49289705749499013, 'lag_20': 0.6663842488195264, 'lag_21': 0.14170746472125922, 'lag_22': 0.6818610170077991, 'lag_23': 0.8624137196073096, 'lag_24': 0.5398176492897186, 'lag_25': 0.1702975700157605, 'lag_26': 0.12203717599866015, 'lag_27': 0.32722614999393335, 'lag_28': 0.6526037316732302}. Best is trial 4 with value: 0.0012404286628142998.
[I 2025-09-29 12:52:33,331] Trial 55 finished with value: 0.0017713726655012815 and parameters: {'lag_0': 0.5905705591752103, 'lag_1': 0.12308265125827395, 'lag_2': 0.12838141575974935, 'lag_3': 0.01675185808171384, 'lag_4': 0.46966609632696293, 'lag_5': 0.7568363367224482, 'lag_6': 0.2766306549799171, 'lag_7': 0.25526798159898945, 'lag_8': 0.1259177061037448, 'lag_9': 0.7867051663278891, 'lag_10': 0.4302705294023942, 'lag_11': 0.6610762665714709, 'lag_12': 0.6004822462610679, 'lag_13': 0.5199920942794817, 'lag_14': 0.47710417843488684, 'lag_15': 0.6505061416196491, 'lag_16': 0.576741511560576, 'lag_17': 0.611387833923176, 'lag_18': 0.9657290960367302, 'lag_19': 0.831301987278859, 'lag_20': 0.6172471818532465, 'lag_21': 0.274399777584177, 'lag_22': 0.3346987767820291, 'lag_23': 0.7984559941081921, 'lag_24': 0.8128994977831843, 'lag_25': 0.10170137090313586, 'lag_26': 0.03619461536669047, 'lag_27': 0.20061187556701704, 'lag_28': 0.4720858775708679}. Best is trial 4 with value: 0.0012404286628142998.
[I 2025-09-29 12:52:35,763] Trial 56 finished with value: 0.0015242529671949715 and parameters: {'lag_0': 0.2219515817006897, 'lag_1': 0.3369507039933038, 'lag_2': 0.21770641751529807, 'lag_3': 0.16251639601931211, 'lag_4': 0.6277778988605044, 'lag_5': 0.9695778105590591, 'lag_6': 0.49754872788445403, 'lag_7': 0.3987726774893407, 'lag_8': 0.34838057888878265, 'lag_9': 0.5916181488027941, 'lag_10': 0.7614274869395122, 'lag_11': 0.7325758424582223, 'lag_12': 0.528227576181422, 'lag_13': 0.41781865104429416, 'lag_14': 0.21075476940059962, 'lag_15': 0.7066694867796246, 'lag_16': 0.6417752739711671, 'lag_17': 0.6703702423849681, 'lag_18': 0.9060628718514896, 'lag_19': 0.7406278815269394, 'lag_20': 0.9034954297924943, 'lag_21': 0.4522464733062189, 'lag_22': 0.8628822835170468, 'lag_23': 0.7802317374404616, 'lag_24': 0.48030913382365603, 'lag_25': 0.04673329244232746, 'lag_26': 0.5920265726997439, 'lag_27': 0.26665720364691664, 'lag_28': 0.551893318861604}. Best is trial 4 with value: 0.0012404286628142998.
[I 2025-09-29 12:52:38,197] Trial 57 finished with value: 0.0016068792362221695 and parameters: {'lag_0': 0.46287470816078213, 'lag_1': 0.9940932046994178, 'lag_2': 0.2685332881889422, 'lag_3': 0.31636393825922404, 'lag_4': 0.6754118767100971, 'lag_5': 0.8362127139656551, 'lag_6': 0.40293291230394657, 'lag_7': 0.22624278411936202, 'lag_8': 0.4564186787392709, 'lag_9': 0.17687985456039232, 'lag_10': 0.5035020143049929, 'lag_11': 0.10808000079075203, 'lag_12': 0.4394870077648355, 'lag_13': 0.32187879793881646, 'lag_14': 0.5246990845508729, 'lag_15': 0.13511839581468824, 'lag_16': 0.4704689749769091, 'lag_17': 0.12917548221124542, 'lag_18': 0.6873643370666452, 'lag_19': 0.9621267535023716, 'lag_20': 0.7577534325088535, 'lag_21': 0.0377988330403752, 'lag_22': 0.7429406337490252, 'lag_23': 0.9489720943811726, 'lag_24': 0.3903584695719727, 'lag_25': 0.15732570114907374, 'lag_26': 0.682419874784735, 'lag_27': 0.3981951387509902, 'lag_28': 0.3340653006755489}. Best is trial 4 with value: 0.0012404286628142998.
[I 2025-09-29 12:52:40,628] Trial 58 finished with value: 0.0015706748000678297 and parameters: {'lag_0': 0.6544166070632725, 'lag_1': 0.4585460436642495, 'lag_2': 0.3988439097439952, 'lag_3': 0.07540664097201744, 'lag_4': 0.762880532607989, 'lag_5': 0.6963027031724636, 'lag_6': 0.003735277708739348, 'lag_7': 0.5360038613376942, 'lag_8': 0.6525724178710731, 'lag_9': 0.42790556558069937, 'lag_10': 0.3110149382143619, 'lag_11': 0.5356342453721606, 'lag_12': 0.7220834162083495, 'lag_13': 0.18147048079906905, 'lag_14': 0.30061462701737435, 'lag_15': 0.812912904483819, 'lag_16': 0.19565395855871437, 'lag_17': 0.19710625972055323, 'lag_18': 0.7419962570323786, 'lag_19': 0.49171288120857304, 'lag_20': 0.8049762115681062, 'lag_21': 0.09812871024730525, 'lag_22': 0.7970356986182147, 'lag_23': 0.8703786438597559, 'lag_24': 0.727905390416184, 'lag_25': 0.7672967821332198, 'lag_26': 0.46104876051357213, 'lag_27': 0.7832136805559299, 'lag_28': 0.4340824927847663}. Best is trial 4 with value: 0.0012404286628142998.
[I 2025-09-29 12:52:43,067] Trial 59 finished with value: 0.001705044061244209 and parameters: {'lag_0': 0.1736324881520339, 'lag_1': 0.7968988054432671, 'lag_2': 0.6401278272867903, 'lag_3': 0.4170077429688787, 'lag_4': 0.26512424753676, 'lag_5': 0.9238648974707951, 'lag_6': 0.17895902054062912, 'lag_7': 0.2946406677885265, 'lag_8': 0.41955097626516347, 'lag_9': 0.07943653864780653, 'lag_10': 0.5503495726462109, 'lag_11': 0.14342773762589162, 'lag_12': 0.7664364133048784, 'lag_13': 0.6917659124224118, 'lag_14': 0.14410211571034032, 'lag_15': 0.46664127459449856, 'lag_16': 0.7439316705028456, 'lag_17': 0.950999666379097, 'lag_18': 0.8904078133758478, 'lag_19': 0.5905947216153276, 'lag_20': 0.3820678991487692, 'lag_21': 0.23137429943254112, 'lag_22': 0.6094450795257634, 'lag_23': 0.6860800163651273, 'lag_24': 0.8543030002468959, 'lag_25': 0.2804219194225963, 'lag_26': 0.2307039723092129, 'lag_27': 0.6402272685743047, 'lag_28': 0.37995430161876453}. Best is trial 4 with value: 0.0012404286628142998.
[I 2025-09-29 12:52:45,509] Trial 60 finished with value: 0.001600654618367068 and parameters: {'lag_0': 0.5254347571895516, 'lag_1': 0.5863239901136538, 'lag_2': 0.5499385419523354, 'lag_3': 0.5715754881091009, 'lag_4': 0.10595046698220169, 'lag_5': 0.6361918566103533, 'lag_6': 0.13279218811646537, 'lag_7': 0.46804356046922685, 'lag_8': 0.9521083091029646, 'lag_9': 0.3802183303155155, 'lag_10': 0.869223203633464, 'lag_11': 0.24393878147168574, 'lag_12': 0.886721203543243, 'lag_13': 0.6026611200805524, 'lag_14': 0.9561219279564593, 'lag_15': 0.5527515117347592, 'lag_16': 0.43436330403624246, 'lag_17': 0.8619578771155507, 'lag_18': 0.25792478046124684, 'lag_19': 0.1096068839562215, 'lag_20': 0.11226804364394877, 'lag_21': 0.7748207102082327, 'lag_22': 0.289227993647053, 'lag_23': 0.440544347751929, 'lag_24': 0.5984157578093966, 'lag_25': 0.028220927486167224, 'lag_26': 0.0630593556387899, 'lag_27': 0.559385826863007, 'lag_28': 0.7422794851637109}. Best is trial 4 with value: 0.0012404286628142998.
