[I 2025-10-03 11:36:41,586] Trial 24 finished with values: [0.0, 0.011609680648374882, 0.005734234953008677, 0.009402297109734423, 0.0022517852777732108, 0.00796680823404406, 0.0017804683457484955, 0.0007323642888810281, 0.006638922131103267, 0.00028839244344342635, 0.003079269260614692, 0.005567125132373353, 0.0020806446514262562, 0.0936987889362837, 0.0, 0.005822474928023797, 0.013735703531660676, 0.0018203774152150774, 0.0002265396727283697, 0.0014033713526429628, 0.00748560948052838, 0.0011452682693224299, 0.0011043646683987136, 0.011769161881929557, 0.0011119128364575587, 0.0008850471221301902, 0.0008342067739897695, 0.0, 0.0] and parameters: {'lag_0': 0.3876170723750524, 'lag_1': 0.23859314535503226, 'lag_2': 0.9796539374468217, 'lag_3': 0.8755351417566795, 'lag_4': 0.9240608777113793, 'lag_5': 0.7204386218395288, 'lag_6': 0.46283971647892413, 'lag_7': 0.6684947924467248, 'lag_8': 0.19592220407430913, 'lag_9': 0.5030845425951218, 'lag_10': 0.9618693208511071, 'lag_11': 0.9273915888177616, 'lag_12': 0.8936361394535735, 'lag_13': 0.5723169504428847, 'lag_14': 0.26415556408392277, 'lag_15': 0.6884042522415839, 'lag_16': 0.8354718975072263, 'lag_17': 0.8119128194784785, 'lag_18': 0.6138112505671368, 'lag_19': 0.9224043042148954, 'lag_20': 0.10486183040928485, 'lag_21': 0.7259280516833744, 'lag_22': 0.6075803322930456, 'lag_23': 0.6042195813107633, 'lag_24': 0.5840921746201109, 'lag_25': 0.8088532183366177, 'lag_26': 0.6570271320034899, 'lag_27': 0.6070459442074627, 'lag_28': 0.5150422614813842}.
[I 2025-10-03 11:36:44,281] Trial 25 finished with values: [0.022340419501133784, 0.003147761376474309, 0.006740226990999185, 0.006828628850838563, 0.0018308432722420748, 0.011172339766244543, 0.0006065448008252203, 0.0009844402326428035, 0.0051679775444293755, 0.0005393276161346169, 0.0034356010066069476, 0.005686396338052334, 0.003556765314842159, 0.10023787818709992, 0.0, 0.008274483180563832, 0.014409733250778272, 0.0015966908071805234, 0.0004158363336811558, 0.0011014395112157057, 0.006934977252953051, 0.0009726748586621755, 0.0012706065104554321, 0.012848623772632434, 0.0014162672165955092, 0.0018295004891078688, 0.001355423958532878, 0.0, 0.0] and parameters: {'lag_0': 0.9454519842420503, 'lag_1': 0.8744957643230584, 'lag_2': 0.7168335469133847, 'lag_3': 0.005606532300278732, 'lag_4': 0.6484086177922248, 'lag_5': 0.3350830939444755, 'lag_6': 0.26086831964135465, 'lag_7': 0.6030318056778037, 'lag_8': 0.2595716009275073, 'lag_9': 0.5002022638142173, 'lag_10': 0.44079525765195926, 'lag_11': 0.34330243243923375, 'lag_12': 0.7067589488063463, 'lag_13': 0.3469113737305972, 'lag_14': 0.4877873382678544, 'lag_15': 0.7853453523980983, 'lag_16': 0.21571633987945849, 'lag_17': 0.029533641437854172, 'lag_18': 0.3051475098049674, 'lag_19': 0.2953726640336505, 'lag_20': 0.3299354801111282, 'lag_21': 0.6615724308340319, 'lag_22': 0.6470087861682353, 'lag_23': 0.37279997300779394, 'lag_24': 0.050093012724425776, 'lag_25': 0.9863687888623299, 'lag_26': 0.7781903475586052, 'lag_27': 0.5736261366639641, 'lag_28': 0.9343964133330811}.
[I 2025-10-03 11:36:46,969] Trial 26 finished with values: [0.014654435771860014, 0.01403800223551177, 0.01212841374927059, 0.00878820509118785, 0.0021331017433874927, 0.006841591833652794, 0.0002736489201835617, 0.0014369161547114959, 0.0060291141277581065, 0.0002146461295565526, 0.0028868664100337067, 0.006004507732916615, 0.002057894627393298, 0.0955689686145091, 0.0, 0.007942055786950421, 0.013209746331952044, 0.001628291871928711, 0.0003494217983397095, 0.0007783172775017814, 0.007143154054923033, 0.0009021923260680433, 0.0008166469788761911, 0.011495461628101536, 0.0008215480310355903, 0.0007724369688853784, 0.0011680718333669793, 0.0, 0.0] and parameters: {'lag_0': 0.5850606461898656, 'lag_1': 0.20680309618164566, 'lag_2': 0.9012151009386639, 'lag_3': 0.6608586954080621, 'lag_4': 0.19888543853810922, 'lag_5': 0.5892574799877438, 'lag_6': 0.8759559810079894, 'lag_7': 0.9940683694233652, 'lag_8': 0.5690794020916352, 'lag_9': 0.8839611919353901, 'lag_10': 0.8664970980532654, 'lag_11': 0.013386311594443983, 'lag_12': 0.4241307058254141, 'lag_13': 0.820140774783852, 'lag_14': 0.9616490260993065, 'lag_15': 0.4635146699543389, 'lag_16': 0.19319465019139076, 'lag_17': 0.13737951888424532, 'lag_18': 0.842028711127328, 'lag_19': 0.3644417469631072, 'lag_20': 0.1968252754522027, 'lag_21': 0.8005973873112101, 'lag_22': 0.3563974046063458, 'lag_23': 0.2505043020929447, 'lag_24': 0.14582003407670988, 'lag_25': 0.7384180537734248, 'lag_26': 0.8351167392874173, 'lag_27': 0.6374128396439545, 'lag_28': 0.7071337127863391}.
[I 2025-10-03 11:36:49,658] Trial 27 finished with values: [0.12609413580246914, 0.007301527442610233, 0.01180339740774013, 0.0074176939695412124, 0.0016138842780823305, 0.009032013569886695, 0.0005151154613925915, 0.0013427725621135513, 0.007106377129275325, 0.00019302741287936914, 0.0024492934407251404, 0.0056040356763342675, 0.002257219356229276, 0.10535755407215561, 0.0, 0.007647018498445549, 0.012482720172784451, 0.001547961723642555, 0.0003101266637034004, 0.0011409177403435284, 0.007067071742603239, 0.0008942953947249236, 0.0007775851423427593, 0.011709406580671055, 0.0011824961273563324, 0.0010862804982114849, 0.0008695079095551554, 0.0, 0.0] and parameters: {'lag_0': 0.1714195170382373, 'lag_1': 0.7439776037900373, 'lag_2': 0.25681517317932623, 'lag_3': 0.15432732372669916, 'lag_4': 0.27663107292646494, 'lag_5': 0.2318543125581725, 'lag_6': 0.4754305043356887, 'lag_7': 0.04222636689452499, 'lag_8': 0.34417721544861446, 'lag_9': 0.0034671173247799044, 'lag_10': 0.5994980182470698, 'lag_11': 0.13545494649746045, 'lag_12': 0.8846912833818827, 'lag_13': 0.11545725165373909, 'lag_14': 0.3962667449989081, 'lag_15': 0.6241726479178434, 'lag_16': 0.5213920558997407, 'lag_17': 0.011291472087297335, 'lag_18': 0.6231332414328727, 'lag_19': 0.8724193802317737, 'lag_20': 0.6732161565115006, 'lag_21': 0.8460644609079446, 'lag_22': 0.45630775192908063, 'lag_23': 0.8587161692814987, 'lag_24': 0.6911475324667553, 'lag_25': 0.9169905312868668, 'lag_26': 0.14350457049803333, 'lag_27': 0.42508575468650434, 'lag_28': 0.9780329556939263}.
[I 2025-10-03 11:36:52,350] Trial 28 finished with values: [0.022877299067775254, 0.005045307840172757, 0.013016209133907719, 0.01144661229073472, 0.0026627671021318858, 0.009951180395592629, 0.0006383310521059565, 0.0008905853913745206, 0.005695311309097841, 0.0002093040443739648, 0.0024528953775293156, 0.005751748822086235, 0.002201036700809061, 0.1044845420881068, 0.0, 0.0068443875546970205, 0.012328537516884359, 0.0012733471395979686, 0.000318781303355874, 0.0011228834222736066, 0.007362028606607169, 0.000908049637920369, 0.0009324728764210745, 0.011052816278194679, 0.0011911047036578348, 0.0014386101674948855, 0.0008742279080163663, 0.0, 0.0] and parameters: {'lag_0': 0.11720166601312093, 'lag_1': 0.114116322127293, 'lag_2': 0.6393923852058183, 'lag_3': 0.3360405140744763, 'lag_4': 0.9431416616700543, 'lag_5': 0.25590421497161303, 'lag_6': 0.30848540817774356, 'lag_7': 0.9119268837517803, 'lag_8': 0.05983254099346251, 'lag_9': 0.0273250619326784, 'lag_10': 0.19228874312881183, 'lag_11': 0.6324253026490947, 'lag_12': 0.8647955119188593, 'lag_13': 0.2693550264266642, 'lag_14': 0.29870090531675636, 'lag_15': 0.6912747567807661, 'lag_16': 0.6209625657154408, 'lag_17': 0.5043539766389472, 'lag_18': 0.8154469109058763, 'lag_19': 0.28797590655667094, 'lag_20': 0.4316196435048983, 'lag_21': 0.039709982212321145, 'lag_22': 0.3917044944257553, 'lag_23': 0.36922348931209437, 'lag_24': 0.8381115447285862, 'lag_25': 0.2176724838135539, 'lag_26': 0.9040456292862472, 'lag_27': 0.8004729345928647, 'lag_28': 0.789125757961875}.
[I 2025-10-03 11:36:55,036] Trial 29 finished with values: [0.019706632653061225, 0.006203157657928571, 0.011679142891070065, 0.00903870289795053, 0.0001647932611593789, 0.008991543406560528, 8.8103270971983e-05, 0.0006246908695105012, 0.005994469975051302, 0.0003195498513622236, 0.002033735097278608, 0.004659148287047152, 0.002173195988589948, 0.10003693478925542, 0.0, 0.00788447092261238, 0.013840022037826768, 0.0013739804844086344, 0.0002593424728305055, 0.001128650887979228, 0.006786212821219467, 0.0009189226733523216, 0.0007843219056907633, 0.012130762357590048, 0.0011506734076120546, 0.0011860756648105532, 0.0009447218591853172, 0.0, 0.0] and parameters: {'lag_0': 0.01604260766596884, 'lag_1': 0.06107218228396384, 'lag_2': 0.7983376979904465, 'lag_3': 0.1542675472425454, 'lag_4': 0.4005241698474452, 'lag_5': 0.9568188542004582, 'lag_6': 0.6448815970607475, 'lag_7': 0.14225287811086873, 'lag_8': 0.7632810796099226, 'lag_9': 0.00511754132516789, 'lag_10': 0.6033789973765272, 'lag_11': 0.8320549574934237, 'lag_12': 0.1963477043378409, 'lag_13': 0.46543842150017145, 'lag_14': 0.08293741407943574, 'lag_15': 0.5245623765964016, 'lag_16': 0.4820671946696262, 'lag_17': 0.5727493867365184, 'lag_18': 0.003117832819266744, 'lag_19': 0.8429503044014753, 'lag_20': 0.9298912340620877, 'lag_21': 0.17023779793818591, 'lag_22': 0.6630802697066389, 'lag_23': 0.6004803698796362, 'lag_24': 0.3037976949565712, 'lag_25': 0.9761852348847269, 'lag_26': 0.5441234785604508, 'lag_27': 0.9521603581672191, 'lag_28': 0.6081001179318319}.
[I 2025-10-03 11:36:57,731] Trial 30 finished with values: [0.019018572134736244, 0.008416372832247599, 0.008507174656832412, 0.014790606589765836, 0.002746911616414445, 0.00814641228111788, 0.000207304056476044, 0.0007975268342584012, 0.006859441864324592, 0.00026375252712866886, 0.002259127208749849, 0.005184128295570746, 0.003260412467526788, 0.09563428893653932, 0.0, 0.00812042308261068, 0.014361370890084827, 0.001929462462247434, 0.00020188994221243586, 0.0012100735062674786, 0.007329364239819426, 0.000874883747640285, 0.000961467197438388, 0.013106312233647424, 0.001022832780573741, 0.0008298396226738043, 0.0018480751806938835, 0.0, 0.0] and parameters: {'lag_0': 0.0741103861854017, 'lag_1': 0.9656487784786413, 'lag_2': 0.08295445387245666, 'lag_3': 0.5273026104076225, 'lag_4': 0.27245832487868726, 'lag_5': 0.10109319006686147, 'lag_6': 0.010828744451826739, 'lag_7': 0.7906915563556777, 'lag_8': 0.28803184497436995, 'lag_9': 0.008709541713240216, 'lag_10': 0.6603717872100316, 'lag_11': 0.847734261590573, 'lag_12': 0.3633855397583074, 'lag_13': 0.38273792542266055, 'lag_14': 0.35390414213133264, 'lag_15': 0.8371431598938436, 'lag_16': 0.9862601582826352, 'lag_17': 0.3551025986411143, 'lag_18': 0.5786132297924402, 'lag_19': 0.2501723069863627, 'lag_20': 0.11338387610279536, 'lag_21': 0.42152063207378143, 'lag_22': 0.779380830929348, 'lag_23': 0.48597849006089144, 'lag_24': 0.8476966450077863, 'lag_25': 0.28821421348108833, 'lag_26': 0.17072517498932074, 'lag_27': 0.3724010908361412, 'lag_28': 0.3150109311457102}.
[I 2025-10-03 11:37:00,423] Trial 31 finished with values: [0.005555555555555555, 0.003572037694516102, 0.013707397424355772, 0.008626864361508928, 0.0026896194296029898, 0.009838526331699602, 0.0003045984743004119, 0.0009635110307772176, 0.008479749205346514, 0.0002891397551860151, 0.0035744902145167087, 0.004993182629572156, 0.003629784292164173, 0.10926843670295838, 0.0, 0.007212420715111166, 0.01340729495398348, 0.0017294872866099372, 0.00037025945267435, 0.0011605822954542675, 0.007353016144828979, 0.0009813040481669694, 0.0009100641064305259, 0.011670302791834689, 0.0019778736359775963, 0.001058635474203011, 0.0009995122566154166, 0.0, 0.0] and parameters: {'lag_0': 0.35540241414521395, 'lag_1': 0.6699613747796493, 'lag_2': 0.25501578653147633, 'lag_3': 0.3347869887019518, 'lag_4': 0.29198962200383083, 'lag_5': 0.6708246986302968, 'lag_6': 0.8643979175619921, 'lag_7': 0.23072000104092485, 'lag_8': 0.8458482109321005, 'lag_9': 0.6878380895718262, 'lag_10': 0.7294477950088208, 'lag_11': 0.13103125805259327, 'lag_12': 0.7929934664124336, 'lag_13': 0.4508515114846035, 'lag_14': 0.8923896799384529, 'lag_15': 0.41898082773671846, 'lag_16': 0.32505901694646927, 'lag_17': 0.3946926845324222, 'lag_18': 0.7258032727401846, 'lag_19': 0.8055205846499022, 'lag_20': 0.9848478878111631, 'lag_21': 0.12880865733631633, 'lag_22': 0.7262282845835578, 'lag_23': 0.10340938434227197, 'lag_24': 0.025141607825154424, 'lag_25': 0.9322911271279648, 'lag_26': 0.0793439672253797, 'lag_27': 0.3378477964199655, 'lag_28': 0.09385155278681492}.
[I 2025-10-03 11:37:03,110] Trial 32 finished with values: [0.0024691358024691358, 0.011432786955942253, 0.009564312282566345, 0.0062689817394992855, 0.0010267917617300683, 0.010300303855822871, 0.00022630428787561002, 0.001285984727881607, 0.008056787126189175, 0.00028521461011041173, 0.003539217842533348, 0.005477033837647379, 0.003825847109716664, 0.10191742359081976, 0.0, 0.008308554689124384, 0.012150192292467327, 0.001710079233156546, 0.0004780086641942813, 0.0010236991332155398, 0.007471294846170928, 0.0008135428550740384, 0.0009720723485205467, 0.013112380948720807, 0.0009174820168854986, 0.0015978617192265645, 0.0007256104552345287, 0.0, 0.0] and parameters: {'lag_0': 0.6862223105687721, 'lag_1': 0.8449033192702555, 'lag_2': 0.9207688817096424, 'lag_3': 0.2344528887430515, 'lag_4': 0.40245122333486005, 'lag_5': 0.5764232243997179, 'lag_6': 0.11517692854903377, 'lag_7': 0.7125170367411702, 'lag_8': 0.2576305321044335, 'lag_9': 0.21244295592735274, 'lag_10': 0.9780349517178153, 'lag_11': 0.46185794886584336, 'lag_12': 0.5702230907084122, 'lag_13': 0.4889580312757604, 'lag_14': 0.4340895111816536, 'lag_15': 0.013144775753223833, 'lag_16': 0.6059039073429252, 'lag_17': 0.9330520653437973, 'lag_18': 0.9336000001063662, 'lag_19': 0.07271662361389886, 'lag_20': 0.268675972862633, 'lag_21': 0.778945070843868, 'lag_22': 0.5579164290717431, 'lag_23': 0.6108489402148011, 'lag_24': 0.6146346034911739, 'lag_25': 0.639286792337617, 'lag_26': 0.07975094881064713, 'lag_27': 0.2238977931547333, 'lag_28': 0.23294417194158043}.
[I 2025-10-03 11:37:05,811] Trial 33 finished with values: [0.010526077097505668, 0.021739292233757018, 0.005547841903428265, 0.006893915160225891, 0.0020402242546529786, 0.010765033167391313, 0.00029312826563850157, 0.001222842616148277, 0.006422025745258866, 0.0007492268006509677, 0.0040475282416948906, 0.0052191371526078756, 0.003622775083686891, 0.0995469862039384, 0.0, 0.007729848977026568, 0.012691689998458832, 0.0017478727186779868, 0.00043604971040441117, 0.0009510756938950074, 0.007206185410329744, 0.000975532462777664, 0.0009569084182440912, 0.011992244587840243, 0.0008817876077450611, 0.0011208477146396121, 0.0010980776068054514, 0.0, 0.0] and parameters: {'lag_0': 0.42140064404435584, 'lag_1': 0.4373892257968249, 'lag_2': 0.08148441732066158, 'lag_3': 0.497667194764832, 'lag_4': 0.29148939449842326, 'lag_5': 0.26506590535341634, 'lag_6': 0.36365289206189355, 'lag_7': 0.1371568881148575, 'lag_8': 0.1632902617919104, 'lag_9': 0.8805396747270692, 'lag_10': 0.728263890134557, 'lag_11': 0.3637380511088855, 'lag_12': 0.2950974555730161, 'lag_13': 0.3695485583362895, 'lag_14': 0.8574986563937154, 'lag_15': 0.5230839374541166, 'lag_16': 0.35355013757880455, 'lag_17': 0.5948913160187377, 'lag_18': 0.826204023338639, 'lag_19': 0.6990850501137736, 'lag_20': 0.032974146407496185, 'lag_21': 0.8251092415818955, 'lag_22': 0.5864483010263833, 'lag_23': 0.17703126315068404, 'lag_24': 0.10862861586860946, 'lag_25': 0.687265858843316, 'lag_26': 0.7713744804285894, 'lag_27': 0.516280108406872, 'lag_28': 0.13509044631410447}.
[I 2025-10-03 11:37:08,496] Trial 34 finished with values: [0.003125, 0.02077962363972536, 0.007154488360579224, 0.0038228646436181575, 0.0018694936062935575, 0.00743197507380888, 0.00047152216929478646, 0.002041549359521766, 0.00609197324856797, 0.0006387234341124441, 0.002496612887738319, 0.0038383753530998425, 0.002719405265775858, 0.10036090382547616, 0.0, 0.01000784615800566, 0.013509036927860488, 0.001390956064556293, 0.0003922965838072224, 0.0012513117812761908, 0.005823016876915114, 0.0007474282195483056, 0.001108729327630206, 0.013734118564308905, 0.0008364911327223247, 0.000684013164474765, 0.0015707659599691706, 0.0, 0.0] and parameters: {'lag_0': 0.4413635535762956, 'lag_1': 0.8996595501344886, 'lag_2': 0.9365660848021695, 'lag_3': 0.3550916343241185, 'lag_4': 0.13747062090360745, 'lag_5': 0.7116523325608228, 'lag_6': 0.668638435785352, 'lag_7': 0.8382836791595619, 'lag_8': 0.5127023592742735, 'lag_9': 0.5599728443374978, 'lag_10': 0.36360962064023744, 'lag_11': 0.47105561248621197, 'lag_12': 0.1379157264686217, 'lag_13': 0.6125816208314927, 'lag_14': 0.5965084633046189, 'lag_15': 0.30000361151670824, 'lag_16': 0.9877363719713989, 'lag_17': 0.38732554304424893, 'lag_18': 0.4996650718878174, 'lag_19': 0.2238585278579526, 'lag_20': 0.9630370794404418, 'lag_21': 0.6977272504559833, 'lag_22': 0.42047494044631606, 'lag_23': 0.19024039606917706, 'lag_24': 0.8885162011619746, 'lag_25': 0.7471712361348606, 'lag_26': 0.0903577540269918, 'lag_27': 0.3192587009756463, 'lag_28': 0.7915938057751702}.
[I 2025-10-03 11:37:11,181] Trial 35 finished with values: [0.03608163265306123, 0.008122174427567836, 0.009641415085997867, 0.009902561641623444, 0.004540005281856726, 0.008201927641443842, 0.0002547780592481821, 0.0003672140232636093, 0.007136418190250557, 0.00025852961751988344, 0.002270918140046028, 0.006863607080105735, 0.0027218809752717213, 0.10001400312666527, 0.0, 0.007944841574280517, 0.013076203350261223, 0.0014084231883337542, 0.00029540953796921394, 0.0009132076756112417, 0.006415418028789352, 0.0008321409289792688, 0.0010898262754428796, 0.011569103431574357, 0.0007317621743600105, 0.0007914499609104487, 0.001392364415124709, 0.0, 0.0] and parameters: {'lag_0': 0.38795222033828686, 'lag_1': 0.4766662613423289, 'lag_2': 0.9920645082854049, 'lag_3': 0.05572049399595614, 'lag_4': 0.5601803439469646, 'lag_5': 0.9469192642549044, 'lag_6': 0.06398168732564127, 'lag_7': 0.14726189914337043, 'lag_8': 0.7783291327309669, 'lag_9': 0.7790816082939558, 'lag_10': 0.384740762921592, 'lag_11': 0.08588977807836554, 'lag_12': 0.3767901429746465, 'lag_13': 0.5778817166050084, 'lag_14': 0.36486568994099916, 'lag_15': 0.9765446359144024, 'lag_16': 0.6340035986898438, 'lag_17': 0.2737107085887156, 'lag_18': 0.6625421863375505, 'lag_19': 0.7833094950885058, 'lag_20': 0.2712873236818372, 'lag_21': 0.1603861369531543, 'lag_22': 0.8085466098376541, 'lag_23': 0.9444994106755972, 'lag_24': 0.9627980778708377, 'lag_25': 0.6649250625913108, 'lag_26': 0.9129173793644307, 'lag_27': 0.05604745236559527, 'lag_28': 0.8606853204031006}.
[I 2025-10-03 11:37:13,873] Trial 36 finished with values: [0.002673300725248777, 0.01152901643521308, 0.0037752298654202855, 0.014597528447499208, 0.000605043998811654, 0.0071403950512247735, 0.0007391986284638618, 0.0009921912297810467, 0.006136297237568542, 0.0007429223162865926, 0.0036734782900083606, 0.006236851515109667, 0.0017608222216563946, 0.09382883338429551, 0.0, 0.010045757906696522, 0.015071324942059833, 0.001966452455041582, 0.00024769527220344883, 0.0007626114354749042, 0.006507351944724427, 0.0010069808000913337, 0.0010747245138042459, 0.012498507887560958, 0.0006811029824986176, 0.0010589791414542457, 0.00048734432592622174, 0.0, 0.0] and parameters: {'lag_0': 0.4730832583037372, 'lag_1': 0.1814238735958987, 'lag_2': 0.24805811265834488, 'lag_3': 0.22646427086500368, 'lag_4': 0.3615300095226789, 'lag_5': 0.6816725863378293, 'lag_6': 0.5914420315109068, 'lag_7': 0.28128634446459544, 'lag_8': 0.3752203119032774, 'lag_9': 0.1981343631657858, 'lag_10': 0.32950653555960374, 'lag_11': 0.5173546910557419, 'lag_12': 0.11061990304175866, 'lag_13': 0.7960486567584673, 'lag_14': 0.14745126770872, 'lag_15': 0.6542423521210377, 'lag_16': 0.5003108007596176, 'lag_17': 0.9209785551272669, 'lag_18': 0.06751200140445159, 'lag_19': 0.23562085296437124, 'lag_20': 0.07704834704505191, 'lag_21': 0.21984821797404114, 'lag_22': 0.8714748698676502, 'lag_23': 0.8904118332156836, 'lag_24': 0.7748592735337827, 'lag_25': 0.8910135901688273, 'lag_26': 0.20314188130282287, 'lag_27': 0.3916074232830741, 'lag_28': 0.052272119295425544}.
[I 2025-10-03 11:37:16,568] Trial 37 finished with values: [0.014500000000000002, 0.009393857003161605, 0.003023490546375364, 0.005678930477386044, 0.001973929769316977, 0.010020627469369667, 0.0005514987997270307, 0.002112553230524263, 0.009177484088818372, 0.000572012609279328, 0.002936125605386965, 0.004306921903729574, 0.0022342642449399274, 0.10062911033229613, 0.0, 0.007779350863872955, 0.01388593683733945, 0.0017004196030491181, 0.0003519432976938451, 0.0011499883431872321, 0.006785085440221242, 0.0009559988915025547, 0.0010854412986166274, 0.012112856792728617, 0.0011368282827395398, 0.0011378325464804064, 0.0010636471021465024, 0.0, 0.0] and parameters: {'lag_0': 0.0013421767416153542, 'lag_1': 0.25662287258227695, 'lag_2': 0.9658639251103615, 'lag_3': 0.09356326032761958, 'lag_4': 0.1585423213491073, 'lag_5': 0.9166390471211923, 'lag_6': 0.7147147673778315, 'lag_7': 0.8206288759891035, 'lag_8': 0.690097652702225, 'lag_9': 0.23948969661985228, 'lag_10': 0.5236100133825484, 'lag_11': 0.396469248012194, 'lag_12': 0.6895539814705919, 'lag_13': 0.09792529944329273, 'lag_14': 0.3504373543643189, 'lag_15': 0.2778310513435924, 'lag_16': 0.39291220506949853, 'lag_17': 0.2900436472097485, 'lag_18': 0.18409965465799877, 'lag_19': 0.4378084300186718, 'lag_20': 0.5533577136567512, 'lag_21': 0.5411508495223819, 'lag_22': 0.10732453084778315, 'lag_23': 0.7927158669126814, 'lag_24': 0.45915257173753266, 'lag_25': 0.5649586761358375, 'lag_26': 0.18828066446162645, 'lag_27': 0.6683372683620338, 'lag_28': 0.7002505555296142}.
