2025-09-29 11:51:57,581 - distributed.nanny - INFO -         Start Nanny at: 'tcp://192.168.86.108:40404'
2025-09-29 11:51:58,910 - distributed.worker - INFO -       Start worker at: tcp://192.168.86.108:39215
2025-09-29 11:51:58,911 - distributed.worker - INFO -          Listening to: tcp://192.168.86.108:39215
2025-09-29 11:51:58,911 - distributed.worker - INFO -           Worker name:            SLURMCluster-11
2025-09-29 11:51:58,911 - distributed.worker - INFO -          dashboard at:       192.168.86.108:46093
2025-09-29 11:51:58,911 - distributed.worker - INFO - Waiting to connect to: tcp://192.168.86.101:45699
2025-09-29 11:51:58,911 - distributed.worker - INFO - -------------------------------------------------
2025-09-29 11:51:58,911 - distributed.worker - INFO -               Threads:                          1
2025-09-29 11:51:58,911 - distributed.worker - INFO -                Memory:                   9.31 GiB
2025-09-29 11:51:58,911 - distributed.worker - INFO -       Local Directory: /home1/zrentala/dask-worker-space/dask-scratch-space/worker-dugsqm7h
2025-09-29 11:51:58,911 - distributed.worker - INFO - -------------------------------------------------
2025-09-29 11:51:59,357 - distributed.worker - INFO - Starting Worker plugin shuffle
2025-09-29 11:51:59,357 - distributed.worker - INFO -         Registered to: tcp://192.168.86.101:45699
2025-09-29 11:51:59,357 - distributed.worker - INFO - -------------------------------------------------
2025-09-29 11:51:59,358 - distributed.core - INFO - Starting established connection to tcp://192.168.86.101:45699
[I 2025-09-29 11:51:59,509] A new study created in memory with name: no-name-fc462bcb-65c6-454c-b09a-48fbae7a0267
[I 2025-09-29 11:52:01,818] Trial 0 finished with value: 0.004592228555215737 and parameters: {'lag_0': 0.5159261029858577, 'lag_1': 0.9469188923735632, 'lag_2': 0.9087187741807908, 'lag_3': 0.2947028530566337, 'lag_4': 0.6332349365596724, 'lag_5': 0.4898630592556409, 'lag_6': 0.04406545497731538, 'lag_7': 0.685978260150437, 'lag_8': 0.8981390207249879, 'lag_9': 0.07825756164416421, 'lag_10': 0.1634680651686886, 'lag_11': 0.9832651412592892, 'lag_12': 0.266466665793178, 'lag_13': 0.09667669485534638, 'lag_14': 0.1875625887573232, 'lag_15': 0.2659953999215472, 'lag_16': 0.3328255242111958, 'lag_17': 0.08745633368540635, 'lag_18': 0.9568198568641041, 'lag_19': 0.3042322241844801, 'lag_20': 0.29038817907384207, 'lag_21': 0.8029297503902475, 'lag_22': 0.2195314610413566, 'lag_23': 0.700992951069991, 'lag_24': 0.8669972891162916, 'lag_25': 0.6933649089882973, 'lag_26': 0.7456310439884312, 'lag_27': 0.25192835378506817, 'lag_28': 0.7531946573103269}. Best is trial 0 with value: 0.004592228555215737.
[I 2025-09-29 11:52:04,107] Trial 1 finished with value: 0.004477486810048173 and parameters: {'lag_0': 0.052402428945829804, 'lag_1': 0.37216939726833426, 'lag_2': 0.505912967527404, 'lag_3': 0.9232195337679626, 'lag_4': 0.34016531632165825, 'lag_5': 0.5987717798705151, 'lag_6': 0.08581231292295577, 'lag_7': 0.23289649459595457, 'lag_8': 0.5083375296116819, 'lag_9': 0.07783918973134697, 'lag_10': 0.9114734350223256, 'lag_11': 0.13790559369757205, 'lag_12': 0.2042632698693876, 'lag_13': 0.14191415753787315, 'lag_14': 0.6134440527072395, 'lag_15': 0.055345022076977314, 'lag_16': 0.008299671904615957, 'lag_17': 0.7607346684312686, 'lag_18': 0.5832912850772722, 'lag_19': 0.24225822176654835, 'lag_20': 0.24324116443850274, 'lag_21': 0.8993897426377487, 'lag_22': 0.7060907678467127, 'lag_23': 0.3485585106642179, 'lag_24': 0.77489512652686, 'lag_25': 0.8182090973382945, 'lag_26': 0.16127694810024212, 'lag_27': 0.6885994150530421, 'lag_28': 0.08572314768997723}. Best is trial 1 with value: 0.004477486810048173.
[I 2025-09-29 11:52:06,387] Trial 2 finished with value: 0.004451746711549676 and parameters: {'lag_0': 0.4718174521505815, 'lag_1': 0.06510090290829522, 'lag_2': 0.8020273095402571, 'lag_3': 0.8317515318468817, 'lag_4': 0.2738870877142647, 'lag_5': 0.8212424242890242, 'lag_6': 0.752370499558347, 'lag_7': 0.9816446489037874, 'lag_8': 0.7334599063405205, 'lag_9': 0.4699855873505271, 'lag_10': 0.6067770362148425, 'lag_11': 0.23235766304655042, 'lag_12': 0.3628857371830873, 'lag_13': 0.41613711614886306, 'lag_14': 0.8879794614216114, 'lag_15': 0.9561217246638963, 'lag_16': 0.904328228825326, 'lag_17': 0.7718643463914706, 'lag_18': 0.2723752746178591, 'lag_19': 0.48042209002996095, 'lag_20': 0.9758410233491728, 'lag_21': 0.4589035768615141, 'lag_22': 0.8490438798627918, 'lag_23': 0.31209082967638513, 'lag_24': 0.7067958508680615, 'lag_25': 0.7797221368143988, 'lag_26': 0.7557071020277845, 'lag_27': 0.07151839952109161, 'lag_28': 0.8055072318773155}. Best is trial 2 with value: 0.004451746711549676.
[I 2025-09-29 11:52:08,672] Trial 3 finished with value: 0.004791339794720078 and parameters: {'lag_0': 0.32711399640989297, 'lag_1': 0.14238930694587126, 'lag_2': 0.22367849835360948, 'lag_3': 0.24299429550562154, 'lag_4': 0.5358389356997577, 'lag_5': 0.5017290252841929, 'lag_6': 0.13604139657983602, 'lag_7': 0.32237292240344667, 'lag_8': 0.8034655614757228, 'lag_9': 0.5432097240895968, 'lag_10': 0.5898835402837342, 'lag_11': 0.1420356009747691, 'lag_12': 0.41637957822560406, 'lag_13': 0.8576368960387649, 'lag_14': 0.6694646642394467, 'lag_15': 0.5821930831385177, 'lag_16': 0.9570963288400546, 'lag_17': 0.3947779305672209, 'lag_18': 0.6124228074751138, 'lag_19': 0.7870516846242432, 'lag_20': 0.022114833572753265, 'lag_21': 0.5570282215215231, 'lag_22': 0.6362683392440612, 'lag_23': 0.03223713196247753, 'lag_24': 0.6797195315812095, 'lag_25': 0.10681626141805774, 'lag_26': 0.6173821645083878, 'lag_27': 0.02849297905162114, 'lag_28': 0.34109149950304185}. Best is trial 2 with value: 0.004451746711549676.
[I 2025-09-29 11:52:10,954] Trial 4 finished with value: 0.004361046838754152 and parameters: {'lag_0': 0.9737526884147821, 'lag_1': 0.05799378219537663, 'lag_2': 0.11119619804813198, 'lag_3': 0.38095129746934514, 'lag_4': 0.7255541025909035, 'lag_5': 0.7429367905966398, 'lag_6': 0.18316301612093897, 'lag_7': 0.017978622743208456, 'lag_8': 0.5408987338184249, 'lag_9': 0.2667478414030137, 'lag_10': 0.5604827183096911, 'lag_11': 0.8149505654831215, 'lag_12': 0.7593606736494014, 'lag_13': 0.5783948764788309, 'lag_14': 0.5023783130977654, 'lag_15': 0.7036255842672264, 'lag_16': 0.2289044242151096, 'lag_17': 0.2370280378041248, 'lag_18': 0.16651734139154414, 'lag_19': 0.9057185461331828, 'lag_20': 0.44712593750045126, 'lag_21': 0.0337330725589854, 'lag_22': 0.6597227714997181, 'lag_23': 0.2632182432685397, 'lag_24': 0.7211465177364006, 'lag_25': 0.489733730754659, 'lag_26': 0.14621219009718137, 'lag_27': 0.16212708439397028, 'lag_28': 0.9241011681847139}. Best is trial 4 with value: 0.004361046838754152.
[I 2025-09-29 11:52:13,231] Trial 5 finished with value: 0.004453779062843915 and parameters: {'lag_0': 0.6841776898141945, 'lag_1': 0.4699796190506129, 'lag_2': 0.09983831974608387, 'lag_3': 0.7389063826785833, 'lag_4': 0.21645114447074054, 'lag_5': 0.6842225170607799, 'lag_6': 0.5741621941736691, 'lag_7': 0.09046731375310058, 'lag_8': 0.0966086449479242, 'lag_9': 0.3314058441060949, 'lag_10': 0.8538319187698618, 'lag_11': 0.4696245315885386, 'lag_12': 0.130748887146742, 'lag_13': 0.04869713370023864, 'lag_14': 0.7222479466756248, 'lag_15': 0.7982600340928709, 'lag_16': 0.5757622772932541, 'lag_17': 0.8811329078201309, 'lag_18': 0.2567702992201969, 'lag_19': 0.42664903541184895, 'lag_20': 0.5707210860478444, 'lag_21': 0.9170855598591776, 'lag_22': 0.17126459813396094, 'lag_23': 0.010102503254285428, 'lag_24': 0.24640995146702752, 'lag_25': 0.9720971051688283, 'lag_26': 0.6715557258350464, 'lag_27': 0.05205736768865117, 'lag_28': 0.016759568444887307}. Best is trial 4 with value: 0.004361046838754152.
[I 2025-09-29 11:52:15,515] Trial 6 finished with value: 0.004522199425799782 and parameters: {'lag_0': 0.44100472899901855, 'lag_1': 0.19164104817306754, 'lag_2': 0.4708562619900985, 'lag_3': 0.018799802446719086, 'lag_4': 0.8436051489029898, 'lag_5': 0.3228822873236134, 'lag_6': 0.10588912224075211, 'lag_7': 0.13274384244425236, 'lag_8': 0.40554064001513884, 'lag_9': 0.27905503122875186, 'lag_10': 0.5087589495179856, 'lag_11': 0.44618515837138084, 'lag_12': 0.9416231757035788, 'lag_13': 0.03637701808803529, 'lag_14': 0.9482047813428836, 'lag_15': 0.10329561848007748, 'lag_16': 0.7218585207540361, 'lag_17': 0.6821264750896472, 'lag_18': 0.5519870723586662, 'lag_19': 0.04414272465206601, 'lag_20': 0.16903052196263446, 'lag_21': 0.30923677065424804, 'lag_22': 0.290033964509497, 'lag_23': 0.18972820860833092, 'lag_24': 0.27285853133185767, 'lag_25': 0.13624074590205867, 'lag_26': 0.37691869227761016, 'lag_27': 0.7339676639002062, 'lag_28': 0.398358192143619}. Best is trial 4 with value: 0.004361046838754152.
[I 2025-09-29 11:52:17,789] Trial 7 finished with value: 0.0044080392032975115 and parameters: {'lag_0': 0.24125192105318463, 'lag_1': 0.2506577463514432, 'lag_2': 0.6227791317789299, 'lag_3': 0.6091573613477105, 'lag_4': 0.5925514949038457, 'lag_5': 0.7426312919712563, 'lag_6': 0.24338934018266314, 'lag_7': 0.06181814679203828, 'lag_8': 0.9032610023616731, 'lag_9': 0.04033961644814148, 'lag_10': 0.3041069070266078, 'lag_11': 0.8338340164650295, 'lag_12': 0.10970929343908394, 'lag_13': 0.7381319561472531, 'lag_14': 0.9259146847528514, 'lag_15': 0.7158217095314269, 'lag_16': 0.8272837332789387, 'lag_17': 0.6321071938006275, 'lag_18': 0.7298377352531453, 'lag_19': 0.8411640995963223, 'lag_20': 0.5053569066845048, 'lag_21': 0.2997240618697841, 'lag_22': 0.4735261722748841, 'lag_23': 0.7629277871634262, 'lag_24': 0.15969617925890886, 'lag_25': 0.5871686881367685, 'lag_26': 0.6709923051587073, 'lag_27': 0.7277983952545702, 'lag_28': 0.13873334438252674}. Best is trial 4 with value: 0.004361046838754152.
[I 2025-09-29 11:52:20,079] Trial 8 finished with value: 0.00435093537195893 and parameters: {'lag_0': 0.6566490127831164, 'lag_1': 0.4656401221579053, 'lag_2': 0.1553228541315982, 'lag_3': 0.7058525641100002, 'lag_4': 0.9469576305677869, 'lag_5': 0.29121079398365, 'lag_6': 0.395773829966331, 'lag_7': 0.6628996780238423, 'lag_8': 0.2393072330698791, 'lag_9': 0.4897811160102866, 'lag_10': 0.12641819526661258, 'lag_11': 0.6638117034036018, 'lag_12': 0.5122408802538128, 'lag_13': 0.4190198054519948, 'lag_14': 0.7546716404340287, 'lag_15': 0.23592671303151314, 'lag_16': 0.9485524385360952, 'lag_17': 0.25939097560490265, 'lag_18': 0.22831906195091053, 'lag_19': 0.5985304645589291, 'lag_20': 0.8469802384468755, 'lag_21': 0.08596620635441451, 'lag_22': 0.4163805956735305, 'lag_23': 0.6857015532849844, 'lag_24': 0.8187269065165322, 'lag_25': 0.37418725419669396, 'lag_26': 0.9289612363976903, 'lag_27': 0.23212272246113055, 'lag_28': 0.6752168396143865}. Best is trial 8 with value: 0.00435093537195893.
[I 2025-09-29 11:52:22,360] Trial 9 finished with value: 0.004165319824189095 and parameters: {'lag_0': 0.4488566274830693, 'lag_1': 0.46611294562568967, 'lag_2': 0.2830357997267069, 'lag_3': 0.8364895245913627, 'lag_4': 0.541886692575881, 'lag_5': 0.08353102353054438, 'lag_6': 0.038123585948813, 'lag_7': 0.6676729733019349, 'lag_8': 0.7501212486842326, 'lag_9': 0.5701349691775436, 'lag_10': 0.7570925569842315, 'lag_11': 0.2497401506036545, 'lag_12': 0.2968601881486889, 'lag_13': 0.26682104896029457, 'lag_14': 0.37387453336447096, 'lag_15': 0.4588388571310608, 'lag_16': 0.41757047411824155, 'lag_17': 0.19353865123080466, 'lag_18': 0.8142858593053656, 'lag_19': 0.6943758252482393, 'lag_20': 0.19744510238578677, 'lag_21': 0.8215988006654424, 'lag_22': 0.39164780872412674, 'lag_23': 0.6329698489876145, 'lag_24': 0.12754109382041512, 'lag_25': 0.4372078812703958, 'lag_26': 0.1251047211309543, 'lag_27': 0.764932459999262, 'lag_28': 0.19324634558818424}. Best is trial 9 with value: 0.004165319824189095.
[I 2025-09-29 11:52:24,703] Trial 10 finished with value: 0.004296733658165471 and parameters: {'lag_0': 0.9046926817967724, 'lag_1': 0.7572380746376812, 'lag_2': 0.33414345298212994, 'lag_3': 0.9933580291208349, 'lag_4': 0.12151307839763875, 'lag_5': 0.10261063391342305, 'lag_6': 0.9528699665050688, 'lag_7': 0.9282105300082926, 'lag_8': 0.6340490399384399, 'lag_9': 0.9003036274052214, 'lag_10': 0.764162675229515, 'lag_11': 0.30753403176267324, 'lag_12': 0.5831604542191844, 'lag_13': 0.29231840664943853, 'lag_14': 0.21501714782644962, 'lag_15': 0.4092990299660626, 'lag_16': 0.44885264870956987, 'lag_17': 0.022293819358091244, 'lag_18': 0.9767519929141715, 'lag_19': 0.6738700268732853, 'lag_20': 0.000999056402734455, 'lag_21': 0.6972776387786191, 'lag_22': 0.006675601133357301, 'lag_23': 0.9976072213247011, 'lag_24': 0.011130239087128568, 'lag_25': 0.3001015726955402, 'lag_26': 0.0045274842152345784, 'lag_27': 0.9902978184592782, 'lag_28': 0.2561467904103483}. Best is trial 9 with value: 0.004165319824189095.
[I 2025-09-29 11:52:27,045] Trial 11 finished with value: 0.0044361123068712 and parameters: {'lag_0': 0.9738107315671007, 'lag_1': 0.7468351445774464, 'lag_2': 0.34507419555146684, 'lag_3': 0.9891710619573826, 'lag_4': 0.04608232136929348, 'lag_5': 0.016339567137043418, 'lag_6': 0.9475240918085357, 'lag_7': 0.9766101183356201, 'lag_8': 0.6637814049015862, 'lag_9': 0.9236881268708987, 'lag_10': 0.7587491047024891, 'lag_11': 0.3268911518204635, 'lag_12': 0.6013342127660082, 'lag_13': 0.2794748224260204, 'lag_14': 0.16512684723970705, 'lag_15': 0.4223623416182263, 'lag_16': 0.45555558098130966, 'lag_17': 0.028425875629638858, 'lag_18': 0.9973013484137246, 'lag_19': 0.674575908454572, 'lag_20': 0.004005624636148758, 'lag_21': 0.6927121730810774, 'lag_22': 0.011861670852309977, 'lag_23': 0.924424930258585, 'lag_24': 0.03247188346207433, 'lag_25': 0.37031459395261634, 'lag_26': 0.013091073112987253, 'lag_27': 0.9906010266526766, 'lag_28': 0.2747824189942597}. Best is trial 9 with value: 0.004165319824189095.
[I 2025-09-29 11:52:29,479] Trial 12 finished with value: 0.0043952807158879606 and parameters: {'lag_0': 0.735926377946875, 'lag_1': 0.7204517759163527, 'lag_2': 0.34875774389524794, 'lag_3': 0.8557072637087636, 'lag_4': 0.0015356104803272985, 'lag_5': 0.028733229800296148, 'lag_6': 0.9805581986662374, 'lag_7': 0.7672996781122449, 'lag_8': 0.5949132942015714, 'lag_9': 0.8667611342875753, 'lag_10': 0.7379777389651012, 'lag_11': 0.03430542257559438, 'lag_12': 0.7029622920007281, 'lag_13': 0.2750692418610842, 'lag_14': 0.0030948717181662477, 'lag_15': 0.41738460556056756, 'lag_16': 0.5146720025422277, 'lag_17': 0.20169029879901876, 'lag_18': 0.8189923565554595, 'lag_19': 0.9830445809565873, 'lag_20': 0.124959926024191, 'lag_21': 0.6869865678212307, 'lag_22': 0.057261647239235505, 'lag_23': 0.9940358453265343, 'lag_24': 0.4709454427135439, 'lag_25': 0.293418774556489, 'lag_26': 0.2832985709654914, 'lag_27': 0.9905377804860829, 'lag_28': 0.542057622761674}. Best is trial 9 with value: 0.004165319824189095.
[I 2025-09-29 11:52:31,811] Trial 13 finished with value: 0.004412042666876106 and parameters: {'lag_0': 0.8346783388816927, 'lag_1': 0.6597839984899563, 'lag_2': 0.3028343165063539, 'lag_3': 0.5822814205753336, 'lag_4': 0.4074842186175051, 'lag_5': 0.22143547641447264, 'lag_6': 0.5682891525982454, 'lag_7': 0.5167944095474583, 'lag_8': 0.34669717085890983, 'lag_9': 0.730701369482619, 'lag_10': 0.9716144942313443, 'lag_11': 0.33787768420975156, 'lag_12': 0.032381546772669745, 'lag_13': 0.25286721620724084, 'lag_14': 0.3216203026052913, 'lag_15': 0.514386863133296, 'lag_16': 0.30935005635023416, 'lag_17': 0.45149600687188646, 'lag_18': 0.8196111727910662, 'lag_19': 0.6977977714669932, 'lag_20': 0.34424585382653694, 'lag_21': 0.7364832406214528, 'lag_22': 0.3485635028019525, 'lag_23': 0.49132068166478576, 'lag_24': 0.02964727272581223, 'lag_25': 0.24986114210499127, 'lag_26': 0.025899825425629838, 'lag_27': 0.8532991940428267, 'lag_28': 0.2183283563923077}. Best is trial 9 with value: 0.004165319824189095.
[I 2025-09-29 11:52:34,145] Trial 14 finished with value: 0.004598081851159547 and parameters: {'lag_0': 0.1836106132081125, 'lag_1': 0.9304895963835849, 'lag_2': 0.016521451364144513, 'lag_3': 0.9942344271033352, 'lag_4': 0.1818411942830793, 'lag_5': 0.16979446444902713, 'lag_6': 0.7592814551694792, 'lag_7': 0.8491962317155167, 'lag_8': 0.9778031825962121, 'lag_9': 0.7383229724762272, 'lag_10': 0.3482532335361076, 'lag_11': 0.5548903974195087, 'lag_12': 0.37236123656040254, 'lag_13': 0.5598023224058329, 'lag_14': 0.35583876509031587, 'lag_15': 0.33814703983338945, 'lag_16': 0.6669464454163854, 'lag_17': 0.017838905879814838, 'lag_18': 0.40327919005655066, 'lag_19': 0.5803653884913287, 'lag_20': 0.6499301160435904, 'lag_21': 0.5559389949615664, 'lag_22': 0.12248226003384155, 'lag_23': 0.5216643899209283, 'lag_24': 0.40343957245780215, 'lag_25': 0.017264531750654066, 'lag_26': 0.3994075600066652, 'lag_27': 0.4252993479678324, 'lag_28': 0.5373926808360943}. Best is trial 9 with value: 0.004165319824189095.
[I 2025-09-29 11:52:36,483] Trial 15 finished with value: 0.004462543955049902 and parameters: {'lag_0': 0.5836923643531449, 'lag_1': 0.6189963452764504, 'lag_2': 0.5028310309820484, 'lag_3': 0.7746337546501558, 'lag_4': 0.47452190248418774, 'lag_5': 0.12554883784829657, 'lag_6': 0.35468283015967955, 'lag_7': 0.5706777303159302, 'lag_8': 0.7700484319715699, 'lag_9': 0.6925903412670719, 'lag_10': 0.7428242560742953, 'lag_11': 0.2631325788282999, 'lag_12': 0.5735061635450311, 'lag_13': 0.41125932352253297, 'lag_14': 0.38418673869620323, 'lag_15': 0.5767433154605157, 'lag_16': 0.1578742481725829, 'lag_17': 0.3593191943150099, 'lag_18': 0.011475507622202508, 'lag_19': 0.74833947416697, 'lag_20': 0.14049958423242534, 'lag_21': 0.9875338043505754, 'lag_22': 0.9259056893939527, 'lag_23': 0.8116721748188633, 'lag_24': 0.14960429068368877, 'lag_25': 0.5112658254319611, 'lag_26': 0.15765622500327225, 'lag_27': 0.49054127473392134, 'lag_28': 0.1997770009629367}. Best is trial 9 with value: 0.004165319824189095.
[I 2025-09-29 11:52:38,814] Trial 16 finished with value: 0.00471052939018113 and parameters: {'lag_0': 0.8195172343107785, 'lag_1': 0.8548713290497119, 'lag_2': 0.5800933680183423, 'lag_3': 0.4923457969127033, 'lag_4': 0.12507904053573782, 'lag_5': 0.38929953192064826, 'lag_6': 0.8040498825969958, 'lag_7': 0.39518123434721597, 'lag_8': 0.6359503515512258, 'lag_9': 0.9813818332537694, 'lag_10': 0.8187659230350919, 'lag_11': 0.0657706296520498, 'lag_12': 0.7842370540146595, 'lag_13': 0.21196738736727727, 'lag_14': 0.1862547179078622, 'lag_15': 0.22476685545159059, 'lag_16': 0.41153478589578807, 'lag_17': 0.1440684482532533, 'lag_18': 0.8666677779208839, 'lag_19': 0.39005172644123365, 'lag_20': 0.008370210638838442, 'lag_21': 0.8275356229495316, 'lag_22': 0.5512231747212045, 'lag_23': 0.5543091668372148, 'lag_24': 0.3476299927337229, 'lag_25': 0.4354493767472001, 'lag_26': 0.27191725888753804, 'lag_27': 0.8755912764573839, 'lag_28': 0.42820939192344476}. Best is trial 9 with value: 0.004165319824189095.
[I 2025-09-29 11:52:41,155] Trial 17 finished with value: 0.004404787113413066 and parameters: {'lag_0': 0.3621176096941382, 'lag_1': 0.58562848191477, 'lag_2': 0.7303999014255466, 'lag_3': 0.9030913639917248, 'lag_4': 0.6847906164468994, 'lag_5': 0.10521650941456401, 'lag_6': 0.4421476399837095, 'lag_7': 0.8544289364322396, 'lag_8': 0.428971775275071, 'lag_9': 0.6205771074324546, 'lag_10': 0.6560635762645592, 'lag_11': 0.4025579912632858, 'lag_12': 0.2655232813129206, 'lag_13': 0.6850125284849522, 'lag_14': 0.045276941790642816, 'lag_15': 0.3898178788751866, 'lag_16': 0.6038959126979861, 'lag_17': 0.5560849654689123, 'lag_18': 0.7455834611131147, 'lag_19': 0.5636792652020965, 'lag_20': 0.3233735359172215, 'lag_21': 0.6272994666114767, 'lag_22': 0.28748410269840824, 'lag_23': 0.8762622411122303, 'lag_24': 0.5762604185988296, 'lag_25': 0.1983867013088509, 'lag_26': 0.5027062768430973, 'lag_27': 0.5659842892886594, 'lag_28': 0.30788350572035617}. Best is trial 9 with value: 0.004165319824189095.
[I 2025-09-29 11:52:43,486] Trial 18 finished with value: 0.004827038658075263 and parameters: {'lag_0': 0.8619420767196746, 'lag_1': 0.3349852553113627, 'lag_2': 0.255571411332341, 'lag_3': 0.664591567472037, 'lag_4': 0.40057300676811025, 'lag_5': 0.9953083234383662, 'lag_6': 0.6464996498833916, 'lag_7': 0.8357300801022015, 'lag_8': 0.7148303492572836, 'lag_9': 0.8485239818860102, 'lag_10': 0.3783767371962068, 'lag_11': 0.5774203408676548, 'lag_12': 0.9997884036754907, 'lag_13': 0.9799960450716088, 'lag_14': 0.48834119006027144, 'lag_15': 0.6082357121726288, 'lag_16': 0.15063512550394514, 'lag_17': 0.32058491641485953, 'lag_18': 0.7019542810414434, 'lag_19': 0.8744302174241679, 'lag_20': 0.12496620308892491, 'lag_21': 0.40975182679020233, 'lag_22': 0.7864187698784862, 'lag_23': 0.6530321239051111, 'lag_24': 0.12281099055135866, 'lag_25': 0.613494708397885, 'lag_26': 0.05681278913789337, 'lag_27': 0.8827227643500889, 'lag_28': 0.06782662551803148}. Best is trial 9 with value: 0.004165319824189095.
