[I 2025-10-03 11:32:52,988] Trial 38 finished with values: [0.005298438934802572, 0.0024847289244209264, 0.0031463288829196565, 0.0013264792737605945, 0.0001736022517960668, 0.0006965844445806913, 0.0029928824839195907, 0.000892991095722762, 0.0003122185064821017, 0.0019281839293923387, 0.00020908045971435528, 0.0031200814293412316, 0.007957856628414611, 0.019006617138933476, 0.0, 0.0377841936196797, 0.002258451504446327, 0.0002079506306614899, 0.0002987514697785019, 0.0019152820103691792, 8.332073250049978e-06, 0.00039334984763811435, 0.0010182811938214454, 0.0002120772944381423, 0.00019249339432901775, 0.0045428369535551, 0.00017688663044791654, 0.00048763410897751465, 0.002036678252035338] and parameters: {'lag_0': 0.8006333877374833, 'lag_1': 0.015839039102626084, 'lag_2': 0.4479387202391577, 'lag_3': 0.63460187084346, 'lag_4': 0.0829863949173395, 'lag_5': 0.45343007650347505, 'lag_6': 0.4579928666527948, 'lag_7': 0.520802764213432, 'lag_8': 0.523027878821312, 'lag_9': 0.08062994165352759, 'lag_10': 0.14892043717137535, 'lag_11': 0.7581620557098755, 'lag_12': 0.294895026253914, 'lag_13': 0.013880140945188494, 'lag_14': 0.646917627458529, 'lag_15': 0.34667193133990676, 'lag_16': 0.692133365848497, 'lag_17': 0.6472588662324563, 'lag_18': 0.39838985243183084, 'lag_19': 0.6714216951739177, 'lag_20': 0.48637077795644934, 'lag_21': 0.16135103300871748, 'lag_22': 0.23528811424052845, 'lag_23': 0.4953712075475548, 'lag_24': 0.8157637546266177, 'lag_25': 0.24809972383477347, 'lag_26': 0.3845562693828063, 'lag_27': 0.8712364809407337, 'lag_28': 0.30909848389144046}.
[I 2025-10-03 11:32:55,640] Trial 39 finished with values: [0.0011111111111111111, 0.0037986731810785495, 0.0023663322273915744, 0.0008138278357426523, 0.0012268649129965601, 0.00029505943384906385, 0.0015956555035763855, 0.0004293713678592861, 0.000577211338850291, 0.0018664194529057255, 0.00041309463241984606, 0.004591862417914086, 0.007299586827581223, 0.016851877079913667, 0.0, 0.03562539795656354, 0.0021265843680290534, 0.0005060662103372589, 0.00015877147180086483, 0.0020331717399824202, 7.092235650967272e-05, 0.0011089611564829782, 0.0006527785408666064, 0.0001031573575463603, 0.0003126928573071943, 0.004074565399959751, 9.202186729171305e-05, 0.0011377708399344152, 0.002669733645550723] and parameters: {'lag_0': 0.43347723967910146, 'lag_1': 0.08801344397088554, 'lag_2': 0.8558568881754252, 'lag_3': 0.08132252774110983, 'lag_4': 0.45985644508150225, 'lag_5': 0.4651789837737554, 'lag_6': 0.9366259825536087, 'lag_7': 0.12794076670301913, 'lag_8': 0.6027668162378853, 'lag_9': 0.7825357252787408, 'lag_10': 0.22769941242167613, 'lag_11': 0.5932294072022554, 'lag_12': 0.47468269458045176, 'lag_13': 0.8477642522163534, 'lag_14': 0.28186356875254376, 'lag_15': 0.35596046463181746, 'lag_16': 0.07686277007735967, 'lag_17': 0.21917165130345467, 'lag_18': 0.3454736948552378, 'lag_19': 0.7527928585693395, 'lag_20': 0.9137524202469287, 'lag_21': 0.4686478137289848, 'lag_22': 0.6078604695361094, 'lag_23': 0.05576164690958998, 'lag_24': 0.8574907153289089, 'lag_25': 0.0235488349703259, 'lag_26': 0.9160269439351822, 'lag_27': 0.315264688201979, 'lag_28': 0.6611171499074293}.
[I 2025-10-03 11:32:58,281] Trial 40 finished with values: [0.0011111111111111111, 0.005481066030644996, 0.0027898541337659723, 0.0008917074846714849, 0.0006815870557298018, 0.0007709778988903699, 0.002479760800132532, 0.0003770883854406705, 0.00041723707842208305, 0.0011903839299885414, 0.0004638103836101088, 0.0042599710576834504, 0.0067226864034607954, 0.016317174018354794, 0.0, 0.032362889462975365, 0.003261168290897633, 0.00012028506918531007, 8.085067431403388e-05, 0.001629798873291686, 0.0001369824458706791, 0.0007270806450886088, 0.0008101030813123346, 0.00019597910225765836, 0.0002990053983620146, 0.0036002670008683894, 0.0003806741852802753, 0.0010449604831710274, 0.0014180132862142611] and parameters: {'lag_0': 0.5611113796301976, 'lag_1': 0.7602451415866187, 'lag_2': 0.2231098029496395, 'lag_3': 0.31302996761618496, 'lag_4': 0.536584809022422, 'lag_5': 0.8238996263487305, 'lag_6': 0.11837506400516999, 'lag_7': 0.5080013848760563, 'lag_8': 0.797230553171378, 'lag_9': 0.5252002147748729, 'lag_10': 0.5561967371455161, 'lag_11': 0.8846525128202561, 'lag_12': 0.16940071527035136, 'lag_13': 0.8375131385756233, 'lag_14': 0.23089825536669567, 'lag_15': 0.6621831819817231, 'lag_16': 0.38396008352439104, 'lag_17': 0.8188433116241254, 'lag_18': 0.32757172109317767, 'lag_19': 0.3011098004445551, 'lag_20': 0.9806209014632323, 'lag_21': 0.5415290301239879, 'lag_22': 0.7347644434158892, 'lag_23': 0.44304999580832594, 'lag_24': 0.06237953546642213, 'lag_25': 0.5274519702719752, 'lag_26': 0.06954007454134914, 'lag_27': 0.32776283081896695, 'lag_28': 0.18325385027511695}.
[I 2025-10-03 11:33:00,930] Trial 41 finished with values: [0.01578798185941043, 0.005213432903209724, 0.0026803002999658604, 0.0018736980528601226, 0.0004902974988807365, 0.0001920049244611013, 0.0011038339597757322, 0.0005471447619414983, 0.00022359911928261335, 0.0013399461431385852, 0.00040179355238543975, 0.004093376394144995, 0.007617506145954564, 0.016428580851266354, 0.0, 0.03222071150506653, 0.0024018397406840057, 0.0001991160742603115, 0.0002370018781457283, 0.0020612973467168754, 0.00017193486660037588, 0.0007412712994010461, 0.0006138532854574196, 0.00014630983941265043, 0.0001315676744257634, 0.004000708418513463, 0.0003502274196171563, 0.001495131464850379, 0.0031197394302888808] and parameters: {'lag_0': 0.14129977789986803, 'lag_1': 0.5813849640785967, 'lag_2': 0.11584503590845223, 'lag_3': 0.9152418279199347, 'lag_4': 0.11167041623349608, 'lag_5': 0.3073508589395288, 'lag_6': 0.3035390949975259, 'lag_7': 0.20158945894434863, 'lag_8': 0.3248360818201182, 'lag_9': 0.5671042015679485, 'lag_10': 0.11870660224045332, 'lag_11': 0.8321814864352118, 'lag_12': 0.4846755643544465, 'lag_13': 0.579657040831575, 'lag_14': 0.7563782924831379, 'lag_15': 0.7430592034180162, 'lag_16': 0.4553650064680319, 'lag_17': 0.9116616560736519, 'lag_18': 0.23648386689864467, 'lag_19': 0.16825714914904033, 'lag_20': 0.3630976213465202, 'lag_21': 0.573127547857279, 'lag_22': 0.7738713907862745, 'lag_23': 0.16799572262525742, 'lag_24': 0.92337646002048, 'lag_25': 0.42288822647809765, 'lag_26': 0.3845373645587313, 'lag_27': 0.6179741774462366, 'lag_28': 0.024089767329288317}.
[I 2025-10-03 11:33:03,582] Trial 42 finished with values: [0.0028472222222222223, 0.0019750772678026308, 0.0030531783235834297, 0.0011175366493324066, 0.001312015262110834, 0.00023652102070643912, 0.0017127622680198165, 0.0003124503338324528, 0.0005181978300294419, 0.0016161849960121596, 0.0003311515938657806, 0.0042018742768442545, 0.007787727695492808, 0.017774631633844046, 0.0, 0.033593310451596615, 0.002475384280248604, 0.00044919818686971083, 0.00040645583723215547, 0.0017995088395986701, 0.0001393291224303116, 0.0009622918317330337, 0.0006482791276584429, 0.00037623768519932704, 8.719312616466501e-05, 0.003434992896621542, 0.0003329734282304323, 0.001238573554392725, 0.0010158538007778936] and parameters: {'lag_0': 0.05752451107898965, 'lag_1': 0.4399524059080743, 'lag_2': 0.5114768480255381, 'lag_3': 0.7729086228886285, 'lag_4': 0.0960137814743074, 'lag_5': 0.12192295061676969, 'lag_6': 0.7872817600527611, 'lag_7': 0.16637515685165177, 'lag_8': 0.5606240369856056, 'lag_9': 0.30036288296487507, 'lag_10': 0.5831970065899634, 'lag_11': 0.3389240871198165, 'lag_12': 0.5756378511889083, 'lag_13': 0.8645611045653684, 'lag_14': 0.5093006293454839, 'lag_15': 0.0035814969979834463, 'lag_16': 0.9626573883347913, 'lag_17': 0.6619609906418575, 'lag_18': 0.8490369304658864, 'lag_19': 0.13165120697608865, 'lag_20': 0.09844555691457317, 'lag_21': 0.8015746245418128, 'lag_22': 0.3266403930267405, 'lag_23': 0.01239888264530317, 'lag_24': 0.844287570040801, 'lag_25': 0.7497530160252881, 'lag_26': 0.5949231116429761, 'lag_27': 0.24788963275843987, 'lag_28': 0.9403093486585822}.
[I 2025-10-03 11:33:06,226] Trial 43 finished with values: [0.0011111111111111111, 0.004692940834075661, 0.0010572054697078124, 0.0009629266445945181, 0.0008725000051476785, 8.336466721094571e-05, 0.0010329187831085978, 0.0004076414435475342, 0.000571663799697523, 0.0013784479571881125, 0.0005359250420138706, 0.0039802981038540635, 0.009063786276811283, 0.018078831096205197, 0.0, 0.03474623874783912, 0.0030993996297856655, 0.0002518736912001376, 0.0003258471410017537, 0.0010601123094854468, 0.0001419818478638279, 0.001059362946745465, 0.0007769601801578221, 0.00019212994866667853, 0.00031683818872418445, 0.00318879206732944, 0.0003219464825258313, 0.0014267605190224238, 0.0011487056015315924] and parameters: {'lag_0': 0.6918777930443052, 'lag_1': 0.1897970040092303, 'lag_2': 0.4638610976070483, 'lag_3': 0.5412286413508238, 'lag_4': 0.8364446612078037, 'lag_5': 0.9660170267084737, 'lag_6': 0.12451007555090962, 'lag_7': 0.5338756181753591, 'lag_8': 0.580412407001016, 'lag_9': 0.6984253497494081, 'lag_10': 0.9678693488342545, 'lag_11': 0.4605568529139169, 'lag_12': 0.8770955366723078, 'lag_13': 0.35610714795184134, 'lag_14': 0.843995244900324, 'lag_15': 0.45193314326634765, 'lag_16': 0.05969999234883157, 'lag_17': 0.040286448966621036, 'lag_18': 0.5287088991266065, 'lag_19': 0.8788018229176842, 'lag_20': 0.29649233441231876, 'lag_21': 0.04854733775785915, 'lag_22': 0.6025357435695213, 'lag_23': 0.7469560800289726, 'lag_24': 0.38794652255844936, 'lag_25': 0.6914917494324775, 'lag_26': 0.7627651017191911, 'lag_27': 0.6797750037385037, 'lag_28': 0.9294542671653566}.
[I 2025-10-03 11:33:08,881] Trial 44 finished with values: [0.008180555555555557, 0.0015512851145968029, 0.00289477004934551, 9.686375752383366e-05, 0.00038176162983666415, 0.00028788227577505394, 0.002287556460552509, 0.0005347733853497122, 0.0006799564008042446, 0.0012755518475352939, 0.00027026100900456635, 0.005000058521744403, 0.007141303706077814, 0.017197796238765606, 0.0, 0.030098021582702777, 0.0030753890098516364, 0.0003176286548627957, 7.050269134577702e-05, 0.0012740234369571334, 0.0002347478837026789, 0.0009302459192196799, 0.001091894772107452, 0.0001595077605675235, 0.0002303057055505792, 0.004645635143153187, 0.0001266835022838003, 0.001028626953276508, 0.0002312144901533598] and parameters: {'lag_0': 0.04994994556170802, 'lag_1': 0.3178560435253554, 'lag_2': 0.3742728752066691, 'lag_3': 0.014996706858519506, 'lag_4': 0.9016435572412298, 'lag_5': 0.8503706837566024, 'lag_6': 0.547511467502924, 'lag_7': 0.05956084494022366, 'lag_8': 0.279059977500317, 'lag_9': 0.8867717861003995, 'lag_10': 0.8396245567414319, 'lag_11': 0.9931977280287575, 'lag_12': 0.20150217637471057, 'lag_13': 0.8269180209190935, 'lag_14': 0.765874073604102, 'lag_15': 0.9421978593171021, 'lag_16': 0.4572484247758639, 'lag_17': 0.18522810064428213, 'lag_18': 0.5480912090191336, 'lag_19': 0.8187570852833779, 'lag_20': 0.4584296815308842, 'lag_21': 0.772334584968928, 'lag_22': 0.26471017933001645, 'lag_23': 0.6555984217286287, 'lag_24': 0.7743807729728731, 'lag_25': 0.9714606971223313, 'lag_26': 0.33344941170247505, 'lag_27': 0.8703611580349628, 'lag_28': 0.7887007189868651}.
[I 2025-10-03 11:33:11,532] Trial 45 finished with values: [0.012454648526077099, 0.004372613773087205, 0.0035590665676329806, 0.0010686094021253594, 0.0013386847345982962, 0.0003238452593691652, 0.002079503233432704, 0.0007804641431084806, 0.0003184080598932937, 0.0013171477990078172, 0.00045150498282262236, 0.0039615781081507135, 0.006696198001885504, 0.01797381646091872, 0.0, 0.03695189152154887, 0.0018920976109896043, 0.00022286320141953796, 0.00010746968556809356, 0.0012778497318448776, 6.224921456383592e-05, 0.0009277748745891337, 0.0012828651229922264, 9.048404225290027e-05, 0.0001544622309171161, 0.0052589445065687425, 0.00026417127213073505, 0.0014144253914141552, 0.0014676871787659292] and parameters: {'lag_0': 0.5555846250031411, 'lag_1': 0.49791602172412763, 'lag_2': 0.4985401684767986, 'lag_3': 0.20429600521707522, 'lag_4': 0.4847192800103458, 'lag_5': 0.7777739225524222, 'lag_6': 0.7952941302262493, 'lag_7': 0.8139851117433381, 'lag_8': 0.003983923552095293, 'lag_9': 0.34038544588288633, 'lag_10': 0.7806193966977063, 'lag_11': 0.6396917996654345, 'lag_12': 0.030712729910611507, 'lag_13': 0.324052842884884, 'lag_14': 0.21416909432181175, 'lag_15': 0.6833223002253084, 'lag_16': 0.5326068827962, 'lag_17': 0.7344855598784717, 'lag_18': 0.1728468126207169, 'lag_19': 0.19895983353461072, 'lag_20': 0.8441137975319261, 'lag_21': 0.7064163641902287, 'lag_22': 0.2506469605040149, 'lag_23': 0.27065581071067185, 'lag_24': 0.819789606890935, 'lag_25': 0.9942153324227688, 'lag_26': 0.7067178812259022, 'lag_27': 0.289057218408169, 'lag_28': 0.5685322183160689}.
[I 2025-10-03 11:33:14,181] Trial 46 finished with values: [0.0020987654320987655, 0.0019011127707612107, 0.002918245229896583, 0.001074702953615076, 0.000905953301619865, 0.000329724566228072, 0.0016538194191351538, 0.00016202576891267522, 0.0006020089344284786, 0.0014706172484677603, 0.0003988688295574809, 0.0037985949135532606, 0.006641609943422419, 0.018086591981444904, 0.0, 0.03201786457029082, 0.002644876307584257, 0.0001962085797389493, 8.923401509160519e-05, 0.0011645088434256864, 8.382371871662158e-05, 0.000670419020476496, 0.0007717206635075434, 0.00042233348642588324, 0.00011555696111423138, 0.004381115063637057, 0.00029621523569460956, 0.001819900227734581, 0.001611716525942736] and parameters: {'lag_0': 0.28796848984188933, 'lag_1': 0.36211375799537837, 'lag_2': 0.12000623120767748, 'lag_3': 0.13493447752175694, 'lag_4': 0.15750104165707204, 'lag_5': 0.5622519214330416, 'lag_6': 0.3156594069810492, 'lag_7': 0.3222989767890809, 'lag_8': 0.9158892066195727, 'lag_9': 0.2579859216773734, 'lag_10': 0.6183972864238332, 'lag_11': 0.7052498465372569, 'lag_12': 0.7113729485277702, 'lag_13': 0.20687206498153088, 'lag_14': 0.0001644713815495094, 'lag_15': 0.03003667360041144, 'lag_16': 0.5256919495732094, 'lag_17': 0.609329000063303, 'lag_18': 0.7778849877973435, 'lag_19': 0.9200945259500805, 'lag_20': 0.7395412735113484, 'lag_21': 0.2972322411204638, 'lag_22': 0.23786825711238116, 'lag_23': 0.7324035830221651, 'lag_24': 0.6787641205760251, 'lag_25': 0.05545358402712028, 'lag_26': 0.9154911998993426, 'lag_27': 0.30278274083341616, 'lag_28': 0.4911363530553951}.
[I 2025-10-03 11:33:16,827] Trial 47 finished with values: [0.002569444444444445, 0.0031504838544150586, 0.001098605619491096, 0.0017728428372113393, 0.0005859686225610715, 8.725680350735187e-05, 0.0016214748500478697, 0.0010752685790860988, 0.00016736380566075766, 0.0011642634491824014, 0.00044420041218204567, 0.004156243860153737, 0.006434576197774125, 0.016993473945018742, 0.0, 0.03770667264956947, 0.002929227219835922, 0.0002838171101603142, 0.0005138482516527427, 0.000955382439824023, 0.0002842458358898495, 0.0009741764043111271, 0.000715747271286668, 6.3822864415875e-05, 0.0002836348105511782, 0.004003211448699114, 0.00019221442471414389, 0.0014663913693183405, 0.0017797057310593178] and parameters: {'lag_0': 0.8791307563988364, 'lag_1': 0.15490270650072083, 'lag_2': 0.27142806088986426, 'lag_3': 0.8093111902760294, 'lag_4': 0.20313499001467433, 'lag_5': 0.9596745746603874, 'lag_6': 0.13041551313398897, 'lag_7': 0.5690552363977477, 'lag_8': 0.12146775455555886, 'lag_9': 0.07341051019608924, 'lag_10': 0.7748936092319116, 'lag_11': 0.9735069097124466, 'lag_12': 0.9563661097045423, 'lag_13': 0.9417132148332558, 'lag_14': 0.8874726776345185, 'lag_15': 0.17100383438874422, 'lag_16': 0.733937723452774, 'lag_17': 0.395435101889406, 'lag_18': 0.2766993603714649, 'lag_19': 0.31799038748453873, 'lag_20': 0.3114274234192272, 'lag_21': 0.3732992132541322, 'lag_22': 0.6153999783908025, 'lag_23': 0.036560753629228705, 'lag_24': 0.17955596219931777, 'lag_25': 0.6385476983531706, 'lag_26': 0.9221538206900367, 'lag_27': 0.5405775146618473, 'lag_28': 0.4370075927449442}.
[I 2025-10-03 11:33:19,470] Trial 48 finished with values: [0.0034457727864321275, 0.0011609098912798673, 0.003050283972238282, 0.0021035816239830373, 0.00026083073384897273, 0.0002961729279203666, 0.0013531371511946544, 0.0006607579792049093, 0.0005046640512081193, 0.0014885680320500024, 0.00043350036132062746, 0.004798341329133905, 0.007606167188118414, 0.018909888815256785, 0.0, 0.0322154778976095, 0.003495569478884893, 0.0005842714544543944, 0.0003960704381866912, 0.0009517438112011973, 0.00018093232477156632, 0.0006633106939824447, 0.0009509545165614621, 0.0003149432365994184, 0.00016506371654166437, 0.0033218129584423315, 0.00012341794573621416, 0.0006249377820084767, 0.0014490811865078162] and parameters: {'lag_0': 0.36803012301987115, 'lag_1': 0.6954774483299689, 'lag_2': 0.7359462629186134, 'lag_3': 0.5851755102867724, 'lag_4': 0.48973070527417106, 'lag_5': 0.4686913079734951, 'lag_6': 0.22882055051122638, 'lag_7': 0.941630441822053, 'lag_8': 0.9757910362289423, 'lag_9': 0.943077475912859, 'lag_10': 0.7207408998597727, 'lag_11': 0.24477382150323407, 'lag_12': 0.8258601641166001, 'lag_13': 0.3491261113741917, 'lag_14': 0.22600633662702746, 'lag_15': 0.13547051930663814, 'lag_16': 0.5756220779887934, 'lag_17': 0.5961517322206246, 'lag_18': 0.9356459760782755, 'lag_19': 0.10049133429115614, 'lag_20': 0.3179621202843722, 'lag_21': 0.7807464282085383, 'lag_22': 0.15302687297161915, 'lag_23': 0.097126097164853, 'lag_24': 0.9261645641645099, 'lag_25': 0.5521006517156066, 'lag_26': 0.4555204362843261, 'lag_27': 0.5387752510697745, 'lag_28': 0.86346186140142}.
[I 2025-10-03 11:33:22,120] Trial 49 finished with values: [0.0015518824609733702, 0.00528693337231434, 0.0030172021508163894, 0.0023528835118260295, 0.0017231317724557076, 0.00015945637252103378, 0.0012353800287165026, 0.00042918645010894834, 0.00014698739355476517, 0.0011463989670035108, 0.0002984361344364448, 0.003120782955641696, 0.00862424732710167, 0.020459425158555193, 0.0, 0.03518979553487197, 0.0022285817111680284, 0.00024712406078776473, 0.00015547976810484102, 0.0018828407906650631, 4.996789814901757e-05, 0.0006529856490402703, 0.0005862264905205958, 0.0002278752868308396, 0.00036488376133510665, 0.0035794119236731647, 0.0004497480871239991, 0.001806982048865044, 0.0028173806681002648] and parameters: {'lag_0': 0.27264791969344715, 'lag_1': 0.07785331459275985, 'lag_2': 0.5350412989640392, 'lag_3': 0.8819915473112968, 'lag_4': 0.5446760437804026, 'lag_5': 0.3071742497923565, 'lag_6': 0.5005938846105511, 'lag_7': 0.27925305923822646, 'lag_8': 0.7999635044900538, 'lag_9': 0.8806439508728112, 'lag_10': 0.05864163645185834, 'lag_11': 0.6190981604175352, 'lag_12': 0.6370328158328028, 'lag_13': 0.41614236636367863, 'lag_14': 0.2060933171812017, 'lag_15': 0.7471634990204605, 'lag_16': 0.3032871778325807, 'lag_17': 0.882355773156123, 'lag_18': 0.2079390170080324, 'lag_19': 0.2814551940550359, 'lag_20': 0.3624251644601617, 'lag_21': 0.6168962996617293, 'lag_22': 0.48495470237264154, 'lag_23': 0.24748111884835283, 'lag_24': 0.8254713199940408, 'lag_25': 0.6022353534819249, 'lag_26': 0.33692742501188894, 'lag_27': 0.1785995127346838, 'lag_28': 0.16593834372389918}.
[I 2025-10-03 11:33:24,764] Trial 50 finished with values: [0.0044444444444444444, 0.0008133142602061522, 0.0032013636093595997, 0.00027196968873443363, 0.0005096774167821302, 0.0005948280197893478, 0.0014382086214310523, 0.0006382499416482332, 5.289449605811959e-05, 0.0018802598743782235, 0.0006069299623399917, 0.0036132384123940308, 0.006640133150744939, 0.018450673241798544, 0.0, 0.03718967713369349, 0.003347887348224103, 0.0004600930704884513, 0.00032465494979629555, 0.000973418247982564, 0.00013277554387605171, 0.000709972698988038, 0.0009472523469283882, 0.0002489820899053613, 0.0002969869635451208, 0.00348479264940301, 0.0006187952483639036, 0.001195714061207351, 0.0023347459617551686] and parameters: {'lag_0': 0.09537661840690677, 'lag_1': 0.9528644055982998, 'lag_2': 0.5114768480255381, 'lag_3': 0.3989464193310089, 'lag_4': 0.6060435290550563, 'lag_5': 0.12192295061676969, 'lag_6': 0.7872817600527611, 'lag_7': 0.3062350033613764, 'lag_8': 0.5606240369856056, 'lag_9': 0.8447328172835221, 'lag_10': 0.7893565884351654, 'lag_11': 0.21056831217574754, 'lag_12': 0.5756378511889083, 'lag_13': 0.6656996707279229, 'lag_14': 0.5344070623199203, 'lag_15': 0.5081696938344132, 'lag_16': 0.667951407432161, 'lag_17': 0.3730088710153051, 'lag_18': 0.33298001540028166, 'lag_19': 0.20105413965758678, 'lag_20': 0.09844555691457317, 'lag_21': 0.8542291424720303, 'lag_22': 0.3266403930267405, 'lag_23': 0.01239888264530317, 'lag_24': 0.7623960315067908, 'lag_25': 0.2542484223998992, 'lag_26': 0.8866748580088086, 'lag_27': 0.9708769728375544, 'lag_28': 0.9403093486585822}.
