[I 2025-10-03 11:32:18,417] Trial 25 finished with values: [0.1379591836734694, 0.0021243109423234596, 0.0012125711108758091, 0.0008229959302261947, 0.0008696219240104415, 0.0004982241482733059, 0.00032253237022703766, 0.0002842004716352646, 0.0018489894761650472, 0.00034989011118603683, 0.00012703490556884326, 0.0001939665383791745, 0.008759906569272531, 0.011527163185865098, 0.0, 0.007858192545414838, 0.008101173766270148, 0.0007828540687897483, 0.00015522008785247117, 0.0022336044539885123, 0.000598287008652144, 0.0005755836080305011, 0.0008008097212350917, 0.0019742780174449594, 0.0017733934845012293, 0.00020466202950266272, 7.827250084161338e-05, 0.0024515636729671385, 0.004223917709577817] and parameters: {'lag_0': 0.6954334907409031, 'lag_1': 0.9322451901268478, 'lag_2': 0.2518374425282837, 'lag_3': 0.9884893382367108, 'lag_4': 0.9332171046659463, 'lag_5': 0.3202557101774518, 'lag_6': 0.6519975387942881, 'lag_7': 0.7777832635466713, 'lag_8': 0.1041919995072902, 'lag_9': 0.4823455672473197, 'lag_10': 0.9404797559879722, 'lag_11': 0.32940339213525743, 'lag_12': 0.8619402373601787, 'lag_13': 0.9376640226535929, 'lag_14': 0.5807017373874628, 'lag_15': 0.45915078124212855, 'lag_16': 0.6333992257083879, 'lag_17': 0.48998579486735727, 'lag_18': 0.9991552371621701, 'lag_19': 0.2300948479841315, 'lag_20': 0.44426167656662385, 'lag_21': 0.42727678510401007, 'lag_22': 0.9932091925157609, 'lag_23': 0.7726673899838039, 'lag_24': 0.9084502701377912, 'lag_25': 0.7155584569135749, 'lag_26': 0.30008761357645725, 'lag_27': 0.16083048802295913, 'lag_28': 0.44159080270459783}.
[I 2025-10-03 11:32:21,049] Trial 26 finished with values: [0.10988158226253467, 0.0016052834203385724, 0.0020071344493094298, 0.0008726199992851614, 0.0036145524597314474, 0.00039797404774652813, 0.00027188900409187824, 0.000515323002857316, 0.002219903002703243, 0.00030029168222289016, 8.957902744595014e-05, 6.609936220979774e-05, 0.008098548022840203, 0.01243170003164577, 0.0, 0.0041132746041215, 0.007400272598144039, 0.001101609036315772, 0.00018293870009742494, 0.0018494673771478076, 0.0009885712316107492, 0.0003096546636277806, 0.0006529721388020028, 0.0019646747257161252, 0.001382297552890693, 0.00011531929571047687, 0.00028415490295591566, 0.002656953037707255, 0.0059336139047971425] and parameters: {'lag_0': 0.34745619802391126, 'lag_1': 0.5371276612484868, 'lag_2': 0.5887903767279118, 'lag_3': 0.8283014291649573, 'lag_4': 0.9426150601939344, 'lag_5': 0.24596873731646507, 'lag_6': 0.5674334040273311, 'lag_7': 0.8621189568296471, 'lag_8': 0.6318137717881098, 'lag_9': 0.5179879953948408, 'lag_10': 0.6575050145111716, 'lag_11': 0.350194327663262, 'lag_12': 0.4358225110539716, 'lag_13': 0.37817434674133665, 'lag_14': 0.43502628006189276, 'lag_15': 0.5446111069107203, 'lag_16': 0.7325656933494743, 'lag_17': 0.47677164706786124, 'lag_18': 0.8292691660241037, 'lag_19': 0.046761652045819425, 'lag_20': 0.12436938678171758, 'lag_21': 0.7151025163531236, 'lag_22': 0.928726370300975, 'lag_23': 0.09724990930502324, 'lag_24': 0.7665978249632678, 'lag_25': 0.48862026582594703, 'lag_26': 0.030878341117094612, 'lag_27': 0.625242689467318, 'lag_28': 0.5751772131857292}.
[I 2025-10-03 11:32:23,688] Trial 27 finished with values: [0.12610558272895936, 0.003914647770436337, 0.0015936452611417795, 0.0012546055942428888, 0.0020664300450307974, 0.00029428094334551293, 0.0002707527382366158, 0.0005671300970463856, 0.0013643952402370469, 8.873645030843907e-05, 6.512788978051889e-05, 0.00022361056505829715, 0.007749563082634803, 0.011993503924411175, 0.0, 0.005433270194257645, 0.006875249052682035, 0.0009921170130956975, 0.00038053763287057427, 0.0015862874576225397, 0.0007860924107480474, 0.00032515757931303034, 0.0003618049852298638, 0.0016116171303262265, 0.0026649490900727607, 0.00019420575351059967, 0.00022121964181282975, 0.002936404282640968, 0.006974711986605183] and parameters: {'lag_0': 0.9656462559743704, 'lag_1': 0.07108553301102791, 'lag_2': 0.5841482506794714, 'lag_3': 0.00961734256624597, 'lag_4': 0.2804498992740667, 'lag_5': 0.11855699995394635, 'lag_6': 0.7003846986285698, 'lag_7': 0.9593805644999707, 'lag_8': 0.882870402907656, 'lag_9': 0.4357066587250576, 'lag_10': 0.478664140484049, 'lag_11': 0.9395463572707987, 'lag_12': 0.6385955899237807, 'lag_13': 0.9981244846509009, 'lag_14': 0.543530241412293, 'lag_15': 0.8717925791403751, 'lag_16': 0.7732950157905119, 'lag_17': 0.34244240601533416, 'lag_18': 0.12428119152894987, 'lag_19': 0.06678037208125273, 'lag_20': 0.13528086766116432, 'lag_21': 0.8665537819907608, 'lag_22': 0.0295228437028148, 'lag_23': 0.07832868969105267, 'lag_24': 0.012236183247701714, 'lag_25': 0.1895555701572539, 'lag_26': 0.3118813961741547, 'lag_27': 0.8804124812315416, 'lag_28': 0.7740945166588691}.
[I 2025-10-03 11:32:26,325] Trial 28 finished with values: [0.12081632653061228, 0.003425954669812794, 0.0004946720878005105, 0.00027792989970319644, 0.0025886617064179414, 0.0008357957820187255, 0.00014313349375644533, 0.00025786645165545293, 0.003779916779302196, 8.703739652682972e-05, 0.00023668884217071265, 0.00013633018667685663, 0.008696812748881611, 0.011760070063901815, 0.0, 0.0062976884446183335, 0.008512059310412734, 0.0008164972232667567, 0.00035939364794389787, 0.001515508340019813, 0.0005657955221747316, 0.00025463170695580136, 0.0004965462517906008, 0.002473093858676819, 0.002293459156955562, 0.0001914492897551504, 0.000622809974740406, 0.004054632521882384, 0.005271171448108379] and parameters: {'lag_0': 0.7159878065011342, 'lag_1': 0.021329601744066274, 'lag_2': 0.25039939801540323, 'lag_3': 0.868895074591965, 'lag_4': 0.6108777871532679, 'lag_5': 0.3445542523506683, 'lag_6': 0.9686823352975116, 'lag_7': 0.3648591739906868, 'lag_8': 0.19517924556058427, 'lag_9': 0.004813609430188861, 'lag_10': 0.5463207064679204, 'lag_11': 0.7710831708297491, 'lag_12': 0.4716156970876377, 'lag_13': 0.15689672894158377, 'lag_14': 0.865894850700997, 'lag_15': 0.45612854751170906, 'lag_16': 0.6132593169757842, 'lag_17': 0.3763499354661311, 'lag_18': 0.502667681857711, 'lag_19': 0.724583550789089, 'lag_20': 0.07366137615120606, 'lag_21': 0.8830161420837279, 'lag_22': 0.0003561266022182292, 'lag_23': 0.4361474817609266, 'lag_24': 0.26184415429486735, 'lag_25': 0.8392716356203703, 'lag_26': 0.039223298436665964, 'lag_27': 0.1807049859394813, 'lag_28': 0.8900000182779663}.
[I 2025-10-03 11:32:28,979] Trial 29 finished with values: [0.12392038296800204, 0.0023795249156187146, 0.0012704188864708552, 0.00047235931610229364, 0.0026733344170728124, 0.000431368149689596, 0.0004364454695779626, 0.0005751509579007754, 0.002747453301483939, 0.0002611502765154266, 0.00016107098921830837, 0.0002258277727020744, 0.008789867563959582, 0.013344432179585964, 0.0, 0.005757322331290042, 0.006822444194798027, 0.001804577892593636, 7.98227403460119e-05, 0.0015241793160853522, 0.0010534019980687867, 0.0005478344427392135, 0.0007479364259500269, 0.0022143203536608004, 0.002191098948998688, 0.0002708602623294276, 0.0014247223733409385, 0.0014276631602882935, 0.006736851251636822] and parameters: {'lag_0': 0.2579711880549259, 'lag_1': 0.4349471217823949, 'lag_2': 0.15369723434060778, 'lag_3': 0.05099350226410227, 'lag_4': 0.8918344979144008, 'lag_5': 0.07052499377111236, 'lag_6': 0.8628218098597868, 'lag_7': 0.02685321106221843, 'lag_8': 0.07598158568261999, 'lag_9': 0.6058723479763726, 'lag_10': 0.5337002902512693, 'lag_11': 0.1847266196133051, 'lag_12': 0.5169735489457435, 'lag_13': 0.9789510508643731, 'lag_14': 0.07564069257049898, 'lag_15': 0.30954719459777413, 'lag_16': 0.18485854423736237, 'lag_17': 0.20825203256667751, 'lag_18': 0.10917357121798413, 'lag_19': 0.20986740102086138, 'lag_20': 0.9550671004425353, 'lag_21': 0.3134342733387717, 'lag_22': 0.021153507211280845, 'lag_23': 0.2573771865064278, 'lag_24': 0.7910437913355925, 'lag_25': 0.10076872506799806, 'lag_26': 0.0623227011236383, 'lag_27': 0.21844144057184997, 'lag_28': 0.8064338341579261}.
[I 2025-10-03 11:32:31,624] Trial 30 finished with values: [0.12081632653061225, 0.0030746837522699923, 0.0014451737376602295, 0.0008039094213333594, 0.0019137528681749272, 0.00018477708368114883, 0.00038631939033518766, 0.0001398253005236061, 0.0028666286582430213, 0.00011505190698658308, 9.537131925192469e-05, 0.0004547090257092859, 0.009445902635060843, 0.010892521408882166, 0.0, 0.005792068537330274, 0.007634728064799265, 0.0009669579850573497, 7.628716871557573e-05, 0.0014637763510439692, 0.0011191870088019687, 0.0005964680749798624, 0.0006778743779901289, 0.0015366277545159823, 0.0017565812042762501, 0.00042900771440399724, 0.000448615361206026, 0.00240482322254077, 0.0057418267616435705] and parameters: {'lag_0': 0.1893275323572923, 'lag_1': 0.2708552769321531, 'lag_2': 0.7852786420843703, 'lag_3': 0.21681664846450438, 'lag_4': 0.3331793527223643, 'lag_5': 0.01098071039116961, 'lag_6': 0.027724941898212088, 'lag_7': 0.059345088182150604, 'lag_8': 0.9666942684219499, 'lag_9': 0.3482651579549731, 'lag_10': 0.43016930334227016, 'lag_11': 0.5140828646296193, 'lag_12': 0.39306927388215923, 'lag_13': 0.07566119970134642, 'lag_14': 0.7288070927743397, 'lag_15': 0.35091466077220435, 'lag_16': 0.7184059089662332, 'lag_17': 0.10640869883129296, 'lag_18': 0.7120975399307045, 'lag_19': 0.40824634336123977, 'lag_20': 0.8006890512161278, 'lag_21': 0.6596267914581121, 'lag_22': 0.5315198569773174, 'lag_23': 0.4797691998465108, 'lag_24': 0.579498182250646, 'lag_25': 0.09998059928471459, 'lag_26': 0.04679062880838942, 'lag_27': 0.8609494350694548, 'lag_28': 0.9143101133863359}.
[I 2025-10-03 11:32:34,379] Trial 31 finished with values: [0.12081632653061225, 0.002093638706680325, 0.0010717989690686085, 0.0016772842800980826, 0.000914276100919473, 0.00011333652362909478, 0.00025137966748357653, 0.0004887966771837519, 0.0024348773747574913, 0.0001719815716429526, 5.128889382727219e-05, 0.0002509883261906351, 0.009308584666058196, 0.012384327256880493, 0.0, 0.005650791931306751, 0.007700126955449385, 0.0005486812037446165, 4.5927549954485376e-05, 0.0024503271860649586, 0.0006186234656330549, 0.0002040404267695002, 0.0006243008133008102, 0.002257781992941033, 0.001785093083531358, 0.00025652972581244397, 0.00014423203001641725, 0.002525597330940518, 0.007190268145855392] and parameters: {'lag_0': 0.7287346217121053, 'lag_1': 0.06529746188650673, 'lag_2': 0.6870559244170469, 'lag_3': 0.5562623237248732, 'lag_4': 0.007229137278992317, 'lag_5': 0.5559109697272322, 'lag_6': 0.42389938606499766, 'lag_7': 0.47980744780943146, 'lag_8': 0.4492522175012386, 'lag_9': 0.33533939577919175, 'lag_10': 0.9668188244489747, 'lag_11': 0.8073961198737286, 'lag_12': 0.6759070934772905, 'lag_13': 0.41252091976120986, 'lag_14': 0.5896003056998856, 'lag_15': 0.8944392509220891, 'lag_16': 0.8010163888381906, 'lag_17': 0.05241947232379526, 'lag_18': 0.5824905830887628, 'lag_19': 0.8700708337469805, 'lag_20': 0.6234154949130533, 'lag_21': 0.8523909058894188, 'lag_22': 0.1843001709103673, 'lag_23': 0.05070033755196487, 'lag_24': 0.9879465889377391, 'lag_25': 0.6650853201402304, 'lag_26': 0.7076558911025801, 'lag_27': 0.23261652994729481, 'lag_28': 0.1577678093682653}.
[I 2025-10-03 11:32:37,045] Trial 32 finished with values: [0.11331632653061226, 0.001277007212054107, 0.00048316296331298893, 0.0008642806136936324, 0.001478222195486639, 0.0001913814613084171, 0.0005323899195354302, 0.0002590545839596925, 0.002529774341530555, 0.00020246501447106335, 0.0002052270310564668, 0.00018020684978561577, 0.008562367102081647, 0.010050401220781203, 0.0, 0.004944672833006844, 0.006746981414605, 0.0009237765578403139, 0.00016931464065314818, 0.0016072844413223028, 0.0005398247862908204, 0.0004617510568756221, 0.0007170453691015303, 0.002231816194404934, 0.001457915292397738, 0.00018026902587501564, 0.00028941174628288043, 0.001764824968608096, 0.0064198233066588405] and parameters: {'lag_0': 0.9734175177066879, 'lag_1': 0.09433700983062428, 'lag_2': 0.4153051598903529, 'lag_3': 0.9331439593850391, 'lag_4': 0.6585418699965023, 'lag_5': 0.9710566238738143, 'lag_6': 0.6156233990985095, 'lag_7': 0.38607555295570667, 'lag_8': 0.6162202462300496, 'lag_9': 0.4106792397295897, 'lag_10': 0.17236454243740254, 'lag_11': 0.3082268080628701, 'lag_12': 0.737970570492513, 'lag_13': 0.9873284132199206, 'lag_14': 0.4320293457773833, 'lag_15': 0.6289398705724657, 'lag_16': 0.19412017724321992, 'lag_17': 0.8753166314410894, 'lag_18': 0.9944982394740669, 'lag_19': 0.6595397977822303, 'lag_20': 0.05837094619151019, 'lag_21': 0.7712234108074117, 'lag_22': 0.4988578430248692, 'lag_23': 0.37125040940565746, 'lag_24': 0.3863178281609312, 'lag_25': 0.3709839215983013, 'lag_26': 0.4001358688341393, 'lag_27': 0.4265504684575774, 'lag_28': 0.18900081799091945}.
[I 2025-10-03 11:32:39,707] Trial 33 finished with values: [0.11481985386747293, 0.0019321231469410325, 0.0003744662284040942, 0.0023871760020845938, 0.001573466133384087, 0.0005196772442211969, 0.00047824349730030396, 0.00036894896260177777, 0.0025483095625145557, 0.0005664327033534332, 0.00011453702239626082, 0.00010242141831015423, 0.00727395896293605, 0.010889360353912442, 0.0, 0.007647762994913913, 0.004464393022148458, 0.0009344899728519976, 0.0001890527503277782, 0.0013778358480862972, 0.0005197063550691322, 0.00036954644204495874, 0.00046027687636875786, 0.0021215289457936657, 0.0023337744673055864, 3.538491212074425e-05, 0.00036189801257218167, 0.001975352745410776, 0.005504302414755765] and parameters: {'lag_0': 0.7671567702593849, 'lag_1': 0.49352095594373013, 'lag_2': 0.031339007396395904, 'lag_3': 0.1300963799960281, 'lag_4': 0.8380850332708609, 'lag_5': 0.8994923520032272, 'lag_6': 0.9473418282099998, 'lag_7': 0.369911027113512, 'lag_8': 0.3884940229360972, 'lag_9': 0.31095372782061154, 'lag_10': 0.8992708086836662, 'lag_11': 0.5916480122183835, 'lag_12': 0.28354339578519655, 'lag_13': 0.26509117905012985, 'lag_14': 0.4350068949866597, 'lag_15': 0.5245466454327803, 'lag_16': 0.28804878496038366, 'lag_17': 0.01312272766631105, 'lag_18': 0.8641895268767599, 'lag_19': 0.42944242705352204, 'lag_20': 0.7180443408480386, 'lag_21': 0.8778828853313047, 'lag_22': 0.39660745761871025, 'lag_23': 0.7172215809341359, 'lag_24': 0.3984412429150708, 'lag_25': 0.996328165732444, 'lag_26': 0.5687895225727869, 'lag_27': 0.5405359355350375, 'lag_28': 0.6927167592015472}.
[I 2025-10-03 11:32:42,367] Trial 34 finished with values: [0.12392038296800204, 0.003000982516199049, 0.0016673274845438418, 0.0015371632660144542, 0.0031954327836277475, 0.0007868507527895658, 0.00040882135662390767, 0.0002240040613227409, 0.0032685522874674176, 0.0001928054630562278, 0.00015387848444629434, 0.0001097833903553831, 0.008855292623759631, 0.011403833203823576, 0.0, 0.006903736901821567, 0.005561429505255772, 0.0010606289549251907, 0.00016303439436479047, 0.0021350287302363837, 0.0007921091694543453, 0.000292942467214832, 0.0005659108554664429, 0.0016825774624517741, 0.0018418950172395397, 6.87900586713997e-05, 0.0009269222221115652, 0.002813490172899057, 0.005598585869649635] and parameters: {'lag_0': 0.07639854131278905, 'lag_1': 0.48061275925007235, 'lag_2': 0.25363382581844574, 'lag_3': 0.5248915794442942, 'lag_4': 0.3031695151937461, 'lag_5': 0.5117181324068533, 'lag_6': 0.546714659109017, 'lag_7': 0.276903877224145, 'lag_8': 0.6144546751585432, 'lag_9': 0.6774527569406101, 'lag_10': 0.606644731971955, 'lag_11': 0.8575011695497605, 'lag_12': 0.9257982862430892, 'lag_13': 0.03777094314807147, 'lag_14': 0.6979970188503973, 'lag_15': 0.6818858310071129, 'lag_16': 0.9417651923152343, 'lag_17': 0.24666564052160952, 'lag_18': 0.4757685692157637, 'lag_19': 0.28358655218514894, 'lag_20': 0.6028418413715726, 'lag_21': 0.3224213463693728, 'lag_22': 0.9194685271263233, 'lag_23': 0.408930626562427, 'lag_24': 0.0818511313095632, 'lag_25': 0.07722501286064755, 'lag_26': 0.10553619543771192, 'lag_27': 0.07798905199586798, 'lag_28': 0.618030180762772}.
[I 2025-10-03 11:32:45,011] Trial 35 finished with values: [0.11624489795918369, 0.0019750506739437445, 0.001092119559315451, 0.0001069791789952461, 0.0027866990790688276, 0.0010079894511423131, 0.00033486855617484884, 0.0005442968953538083, 0.0027233753657766426, 0.00013288194927091974, 0.0002114003264652835, 0.0001385490877765648, 0.008640593871006052, 0.012238654818869765, 0.0, 0.006229783459509348, 0.006358331286963098, 0.0012459794528740774, 9.239598599316567e-05, 0.0018919885530014977, 0.0008536429581676268, 0.0002660110749126778, 0.0012482800918467742, 0.002334698320149014, 0.001852725364034119, 0.00014805106238653768, 0.0009844681947542466, 0.0022691084555527883, 0.006118054019228404] and parameters: {'lag_0': 0.3551074052165583, 'lag_1': 0.7653411998305201, 'lag_2': 0.4857912844652002, 'lag_3': 0.9725869854044642, 'lag_4': 0.6645007324663402, 'lag_5': 0.8977314457265506, 'lag_6': 0.7365887903323831, 'lag_7': 0.5416172250469083, 'lag_8': 0.8290052284377734, 'lag_9': 0.09882997608715624, 'lag_10': 0.451072026166373, 'lag_11': 0.3833932701285114, 'lag_12': 0.6602049037656516, 'lag_13': 0.19003179509340917, 'lag_14': 0.4462563309327255, 'lag_15': 0.3060436790107108, 'lag_16': 0.08165315027762189, 'lag_17': 0.4221862170690749, 'lag_18': 0.22933879656916886, 'lag_19': 0.283604634067318, 'lag_20': 0.8339642711643718, 'lag_21': 0.3979126500831618, 'lag_22': 0.6831307775436134, 'lag_23': 0.09853528993826435, 'lag_24': 0.13800458718656317, 'lag_25': 0.05681754602560884, 'lag_26': 0.18944963643983206, 'lag_27': 0.3792109067303557, 'lag_28': 0.23216095914117413}.
[I 2025-10-03 11:32:47,667] Trial 36 finished with values: [0.0914512471655329, 0.004596380350474002, 0.0011522167958137233, 0.0010046233782099567, 0.0031778316319832933, 0.00035140791230064, 0.00012569747382813745, 0.00038403547887181977, 0.003587136847477697, 0.00043368721751005785, 0.00022383457284060274, 0.00010900429008181165, 0.007687468513922072, 0.012569254150249532, 0.0, 0.003653302021671135, 0.011280972956262462, 0.0010786948550729131, 0.00026229591805897656, 0.0020074690290935913, 0.0010721078726825435, 0.00026916615082169155, 0.0005378329811849778, 0.0022856948427086047, 0.00176278838044116, 7.18944294306029e-05, 0.00010535576512673039, 0.002684619617594868, 0.008109532077363977] and parameters: {'lag_0': 0.8422659999448613, 'lag_1': 0.07312904155737161, 'lag_2': 0.8495186308909366, 'lag_3': 0.7251767440270813, 'lag_4': 0.9165035522462626, 'lag_5': 0.8453884293541382, 'lag_6': 0.6401823534779439, 'lag_7': 0.6663038421084165, 'lag_8': 0.7506200516564868, 'lag_9': 0.04106939866782954, 'lag_10': 0.7686401252386865, 'lag_11': 0.8248914455774082, 'lag_12': 0.3761001764517866, 'lag_13': 0.5788206277881867, 'lag_14': 0.7096651663807413, 'lag_15': 0.5574346562608857, 'lag_16': 0.2184723963730544, 'lag_17': 0.5029700709491322, 'lag_18': 0.8931759578610482, 'lag_19': 0.46224960499507267, 'lag_20': 0.7858280002339558, 'lag_21': 0.49566544474035473, 'lag_22': 0.04036498135975834, 'lag_23': 0.22544401831532462, 'lag_24': 0.7548585225032242, 'lag_25': 0.19852012930882024, 'lag_26': 0.22463083381850654, 'lag_27': 0.2279563683779018, 'lag_28': 0.7901993934067666}.
[I 2025-10-03 11:32:50,314] Trial 37 finished with values: [0.12510204081632653, 0.0039505781571183155, 0.0007174397188408278, 0.00013659633502071045, 0.003772581058860959, 0.0002652620299395878, 0.0001244800053891078, 0.0005662580398819232, 0.0031959811085332315, 0.0002541562264537124, 0.00010660556108028534, 8.446491953291217e-05, 0.008774130595681861, 0.011308346730344686, 0.0, 0.005305685284867421, 0.006593682919557063, 0.0014441753707413343, 6.398874393508228e-05, 0.0018332337280501977, 0.0006908509823499323, 0.00024512912162575956, 0.0007425533486572372, 0.0029176775409537324, 0.0020659748758699525, 2.0970091755165136e-05, 0.0005238448282396948, 0.0028393711880489755, 0.00832168885765793] and parameters: {'lag_0': 0.6982676314585827, 'lag_1': 0.5574967788858117, 'lag_2': 0.8239165227506103, 'lag_3': 0.267903984505786, 'lag_4': 0.5959718526930766, 'lag_5': 0.5693675065757382, 'lag_6': 0.1642517202011635, 'lag_7': 0.8233427044560818, 'lag_8': 0.011856214607625511, 'lag_9': 0.6775939603438348, 'lag_10': 0.5961424040129714, 'lag_11': 0.9418801718844383, 'lag_12': 0.7346767181183439, 'lag_13': 0.24152649659145567, 'lag_14': 0.752250666169391, 'lag_15': 0.063598886619026, 'lag_16': 0.15418129046671397, 'lag_17': 0.21287857139213215, 'lag_18': 0.07349445364055494, 'lag_19': 0.7968874180675535, 'lag_20': 0.16003999402561314, 'lag_21': 0.42329463803694195, 'lag_22': 0.645827141923195, 'lag_23': 0.21388940524907993, 'lag_24': 0.4087965033152358, 'lag_25': 0.33742563336374953, 'lag_26': 0.6973588867846333, 'lag_27': 0.09972091858676237, 'lag_28': 0.7948264689771174}.
