[I 2025-09-29 11:52:49,381] Trial 20 finished with value: 0.023430287342527615 and parameters: {'lag_0': 0.04133809707781144, 'lag_1': 0.9954596306493577, 'lag_2': 0.8199598370930077, 'lag_3': 0.5600082368699206, 'lag_4': 0.6347849712146889, 'lag_5': 0.6255240683725739, 'lag_6': 0.0021150237434852115, 'lag_7': 0.5490963715178955, 'lag_8': 0.3947897866511075, 'lag_9': 0.8733847921326713, 'lag_10': 0.22529340887160307, 'lag_11': 0.7390970151763434, 'lag_12': 0.8355390440839652, 'lag_13': 0.054100206148823715, 'lag_14': 0.38155413507783964, 'lag_15': 0.5183842970221778, 'lag_16': 0.6598419701208921, 'lag_17': 0.9901172720239069, 'lag_18': 0.44704433463588134, 'lag_19': 0.6870728165397533, 'lag_20': 0.5748286812717831, 'lag_21': 0.007451776345357097, 'lag_22': 0.9745906971385803, 'lag_23': 0.3657102580902646, 'lag_24': 0.6951616461701788, 'lag_25': 0.7883671536815993, 'lag_26': 0.4683444936336138, 'lag_27': 0.5191069983137405, 'lag_28': 0.8085009662506388}. Best is trial 18 with value: 0.02288732968665783.
[I 2025-09-29 11:52:51,777] Trial 21 finished with value: 0.022966023975079575 and parameters: {'lag_0': 0.3928724208919903, 'lag_1': 0.7362232636586747, 'lag_2': 0.9971985628577649, 'lag_3': 0.6711460985343196, 'lag_4': 0.12002935697900077, 'lag_5': 0.2499571209237547, 'lag_6': 0.5539778258113474, 'lag_7': 0.9016133928385566, 'lag_8': 0.2791562456735985, 'lag_9': 0.526913248437378, 'lag_10': 0.30138939134327924, 'lag_11': 0.5691933363533072, 'lag_12': 0.1410051240027944, 'lag_13': 0.4377611827017057, 'lag_14': 0.7411221615183018, 'lag_15': 0.4265091311211614, 'lag_16': 0.4702190172915528, 'lag_17': 0.7617559969460005, 'lag_18': 0.8760727648803709, 'lag_19': 0.9542571147605468, 'lag_20': 0.3620403399203505, 'lag_21': 0.3411123056397442, 'lag_22': 0.5838070236818619, 'lag_23': 0.13081667308405914, 'lag_24': 0.9158891876862796, 'lag_25': 0.3080146020173515, 'lag_26': 0.5415039871975307, 'lag_27': 0.8676338743916922, 'lag_28': 0.4418482997622153}. Best is trial 18 with value: 0.02288732968665783.
[I 2025-09-29 11:52:54,177] Trial 22 finished with value: 0.023396083678573307 and parameters: {'lag_0': 0.256535459260477, 'lag_1': 0.87708216123502, 'lag_2': 0.8452102928085006, 'lag_3': 0.8710406360845403, 'lag_4': 0.1902278790967019, 'lag_5': 0.028418076501845385, 'lag_6': 0.32551159006711894, 'lag_7': 0.7679905311781663, 'lag_8': 0.857911252343318, 'lag_9': 0.6955668938834594, 'lag_10': 0.1670373603896022, 'lag_11': 0.2836525492213525, 'lag_12': 0.4313666747628295, 'lag_13': 0.2918741770336023, 'lag_14': 0.8795673619714207, 'lag_15': 0.7215035759038055, 'lag_16': 0.3877775364227911, 'lag_17': 0.6217868609458359, 'lag_18': 0.7125366752518166, 'lag_19': 0.7619640106664596, 'lag_20': 0.13601441381440418, 'lag_21': 0.2497494687184877, 'lag_22': 0.8532465212888428, 'lag_23': 0.27322727709465944, 'lag_24': 0.4542988982013793, 'lag_25': 0.11818688831458568, 'lag_26': 0.6847815857634163, 'lag_27': 0.8899648930567631, 'lag_28': 0.9752702489551313}. Best is trial 18 with value: 0.02288732968665783.
[I 2025-09-29 11:52:56,583] Trial 23 finished with value: 0.023588294505773072 and parameters: {'lag_0': 0.5578657999129643, 'lag_1': 0.6533268810143701, 'lag_2': 0.625683529332465, 'lag_3': 0.37926096250557056, 'lag_4': 0.07084413910974136, 'lag_5': 0.4204624051203206, 'lag_6': 0.7773893150561796, 'lag_7': 0.5919341787329802, 'lag_8': 0.01750171660955091, 'lag_9': 0.805823103545465, 'lag_10': 0.38945749838185956, 'lag_11': 0.4184527047358729, 'lag_12': 0.2143352937571952, 'lag_13': 0.12910914435348145, 'lag_14': 0.996929066161386, 'lag_15': 0.23988771923359903, 'lag_16': 0.23492302198845694, 'lag_17': 0.8397973380274008, 'lag_18': 0.6711874655081895, 'lag_19': 0.17143614095973242, 'lag_20': 0.5331811781492226, 'lag_21': 0.42124955059171587, 'lag_22': 0.45778618849380054, 'lag_23': 0.11882395362657255, 'lag_24': 0.652206397118911, 'lag_25': 0.6111022995697936, 'lag_26': 0.5449516676136604, 'lag_27': 0.7685600700706152, 'lag_28': 0.7584023089981454}. Best is trial 18 with value: 0.02288732968665783.
[I 2025-09-29 11:52:58,975] Trial 24 finished with value: 0.02340446308132339 and parameters: {'lag_0': 0.10088465783375622, 'lag_1': 0.5454308389567004, 'lag_2': 0.4147288848299174, 'lag_3': 0.21346648505966306, 'lag_4': 0.2914074354117961, 'lag_5': 0.2588104633458387, 'lag_6': 0.6714510097187087, 'lag_7': 0.9030906113741597, 'lag_8': 0.5951455645781955, 'lag_9': 0.596236812335164, 'lag_10': 0.5029520425190459, 'lag_11': 0.14646483380736114, 'lag_12': 0.47797863594504014, 'lag_13': 0.5696639644378685, 'lag_14': 0.5837432714462838, 'lag_15': 0.8193204421944223, 'lag_16': 0.5324267176044916, 'lag_17': 0.5575798155242353, 'lag_18': 0.8230642266660463, 'lag_19': 0.6350750221858977, 'lag_20': 0.9936801042659038, 'lag_21': 0.5853593080778601, 'lag_22': 0.6907398811232773, 'lag_23': 0.002952710583465362, 'lag_24': 0.9081479511243539, 'lag_25': 0.3158368773186966, 'lag_26': 0.31330199985204743, 'lag_27': 0.714754052379161, 'lag_28': 0.6279972907071664}. Best is trial 18 with value: 0.02288732968665783.
[I 2025-09-29 11:53:01,375] Trial 25 finished with value: 0.023574874710505345 and parameters: {'lag_0': 0.42855525833873787, 'lag_1': 0.7939725954463008, 'lag_2': 0.8920722041958876, 'lag_3': 0.0002039961788368183, 'lag_4': 0.9728591592161027, 'lag_5': 0.4457150195071315, 'lag_6': 0.5015268335129595, 'lag_7': 0.7509039319664752, 'lag_8': 0.7678187804953926, 'lag_9': 0.23297292219816274, 'lag_10': 0.08960117497950526, 'lag_11': 0.5279228135169349, 'lag_12': 0.038182592753002814, 'lag_13': 0.4489625546157724, 'lag_14': 0.7691754619021998, 'lag_15': 0.5650610062683209, 'lag_16': 0.6776881765407189, 'lag_17': 0.30011222542432925, 'lag_18': 0.9285868048024847, 'lag_19': 0.8646432729091155, 'lag_20': 0.351189215263598, 'lag_21': 0.1600810378533305, 'lag_22': 0.29909921065272427, 'lag_23': 0.16012925119336724, 'lag_24': 0.7788338448640907, 'lag_25': 0.1721263357830838, 'lag_26': 0.4431519171346054, 'lag_27': 0.9339737299262967, 'lag_28': 0.8847060131692766}. Best is trial 18 with value: 0.02288732968665783.
[I 2025-09-29 11:53:03,774] Trial 26 finished with value: 0.02369277156305168 and parameters: {'lag_0': 0.28657555925945366, 'lag_1': 0.9135960755229255, 'lag_2': 0.7927746727571069, 'lag_3': 0.5154570155896584, 'lag_4': 0.21491548498907298, 'lag_5': 0.5944525631146327, 'lag_6': 0.6162422129538876, 'lag_7': 0.9316093872921749, 'lag_8': 0.9025641090543404, 'lag_9': 0.47018926339885486, 'lag_10': 0.7577635657446853, 'lag_11': 0.687583335909592, 'lag_12': 0.21355448577422717, 'lag_13': 0.9629184736132317, 'lag_14': 0.8751841347441308, 'lag_15': 0.6723447558452874, 'lag_16': 0.572860229547874, 'lag_17': 0.9859216197006175, 'lag_18': 0.7301290564059809, 'lag_19': 0.47227336428830896, 'lag_20': 0.6693003638755237, 'lag_21': 0.3565162234244024, 'lag_22': 0.7645216455885419, 'lag_23': 0.30372401757835243, 'lag_24': 0.3297366829716456, 'lag_25': 0.7252032395864463, 'lag_26': 0.5837227616208102, 'lag_27': 0.5957003733861965, 'lag_28': 0.581678490054141}. Best is trial 18 with value: 0.02288732968665783.
[I 2025-09-29 11:53:06,173] Trial 27 finished with value: 0.023278075288673768 and parameters: {'lag_0': 0.8026621743864529, 'lag_1': 0.6897810933789517, 'lag_2': 0.7012730110001417, 'lag_3': 0.6736700876783901, 'lag_4': 0.3260435353666542, 'lag_5': 0.09769473596530087, 'lag_6': 0.38353305869361465, 'lag_7': 0.19233871997328233, 'lag_8': 0.30565327231135764, 'lag_9': 0.9327214952219253, 'lag_10': 0.5599822229513014, 'lag_11': 0.2966885898165419, 'lag_12': 0.6432217411946983, 'lag_13': 0.20030350496086502, 'lag_14': 0.6790165671859165, 'lag_15': 0.3744404031215235, 'lag_16': 0.07875131492898722, 'lag_17': 0.11561599418306395, 'lag_18': 0.5435397599620198, 'lag_19': 0.26330224597711815, 'lag_20': 0.19900930672655698, 'lag_21': 0.5410491564676918, 'lag_22': 0.5994421084556831, 'lag_23': 0.06885790941827188, 'lag_24': 0.5520061673796979, 'lag_25': 0.03257296967851907, 'lag_26': 0.7277768641544149, 'lag_27': 0.10114607875074677, 'lag_28': 0.46677031702986505}. Best is trial 18 with value: 0.02288732968665783.
[I 2025-09-29 11:53:08,581] Trial 28 finished with value: 0.02354764564385905 and parameters: {'lag_0': 0.2002532674291696, 'lag_1': 0.4617496474987619, 'lag_2': 0.9059200883601635, 'lag_3': 0.848545922114445, 'lag_4': 0.42996345849106876, 'lag_5': 0.24870050865168414, 'lag_6': 0.8732646665822309, 'lag_7': 0.4250753582951077, 'lag_8': 0.42786601721494555, 'lag_9': 0.14860007756721705, 'lag_10': 0.9285224208045264, 'lag_11': 0.8170642262264862, 'lag_12': 0.38061131194319586, 'lag_13': 0.32355503910962446, 'lag_14': 0.5610253615395249, 'lag_15': 0.8462407403898567, 'lag_16': 0.3544278902973711, 'lag_17': 0.674066934682052, 'lag_18': 0.9890557600773624, 'lag_19': 0.09881685077828845, 'lag_20': 0.8705671127641125, 'lag_21': 0.6255872623042555, 'lag_22': 0.381226442761484, 'lag_23': 0.9805505396592857, 'lag_24': 0.0974941697617363, 'lag_25': 0.5476399650227118, 'lag_26': 0.37985863005878845, 'lag_27': 0.3754211324188843, 'lag_28': 0.33328704725428826}. Best is trial 18 with value: 0.02288732968665783.
[I 2025-09-29 11:53:10,979] Trial 29 finished with value: 0.02319393671612101 and parameters: {'lag_0': 0.5852513496019812, 'lag_1': 0.11934546612116875, 'lag_2': 0.9982576290189432, 'lag_3': 0.8066562946474553, 'lag_4': 0.06848130380729414, 'lag_5': 0.331226586057578, 'lag_6': 0.5079144110496768, 'lag_7': 0.7469254997040033, 'lag_8': 0.15437491425682187, 'lag_9': 0.303735975893575, 'lag_10': 0.43332440073649936, 'lag_11': 0.6915768975053901, 'lag_12': 0.49461572594665754, 'lag_13': 0.7387686581503324, 'lag_14': 0.7004722698569916, 'lag_15': 0.20959364004561948, 'lag_16': 0.2699465269055476, 'lag_17': 0.8603618665685363, 'lag_18': 0.8132216239642791, 'lag_19': 0.13603800999556717, 'lag_20': 0.30428483128618156, 'lag_21': 0.11004070341390737, 'lag_22': 0.18077471201865092, 'lag_23': 0.0858305568484541, 'lag_24': 0.7814881770522493, 'lag_25': 0.8424953525668414, 'lag_26': 0.5015170901749563, 'lag_27': 0.8308528577432752, 'lag_28': 0.14958079598920487}. Best is trial 18 with value: 0.02288732968665783.
[I 2025-09-29 11:53:13,375] Trial 30 finished with value: 0.023138289460582585 and parameters: {'lag_0': 0.3454421499043071, 'lag_1': 0.594456280546926, 'lag_2': 0.8131368446150751, 'lag_3': 0.8784224421916433, 'lag_4': 0.4769799353740727, 'lag_5': 0.8522111138857295, 'lag_6': 0.5965003380437157, 'lag_7': 0.6386560685098115, 'lag_8': 0.5900285962319172, 'lag_9': 0.7869730265975906, 'lag_10': 0.3363823603302778, 'lag_11': 0.09943952062726781, 'lag_12': 0.34034043695782235, 'lag_13': 0.46898770642998383, 'lag_14': 0.9370778490156806, 'lag_15': 0.43750859123731684, 'lag_16': 0.48482281611202593, 'lag_17': 0.9392465787626197, 'lag_18': 0.1513680728917577, 'lag_19': 0.010052383401616294, 'lag_20': 0.4424516409207983, 'lag_21': 0.7660267450725327, 'lag_22': 0.8279114199180446, 'lag_23': 0.20469327249083497, 'lag_24': 0.8238009192323077, 'lag_25': 0.2646292053174616, 'lag_26': 0.7736501718936435, 'lag_27': 0.8432427515013478, 'lag_28': 0.6867677594755548}. Best is trial 18 with value: 0.02288732968665783.
[I 2025-09-29 11:53:15,775] Trial 31 finished with value: 0.023620089582467377 and parameters: {'lag_0': 0.40335305962068196, 'lag_1': 0.7338704140170846, 'lag_2': 0.9911531887315226, 'lag_3': 0.6817795836440771, 'lag_4': 0.13910705357595332, 'lag_5': 0.3000929378336514, 'lag_6': 0.5500751518417575, 'lag_7': 0.8765511324391388, 'lag_8': 0.280543141902494, 'lag_9': 0.5452221456288906, 'lag_10': 0.2812036338298195, 'lag_11': 0.579401313296674, 'lag_12': 0.11197166872536327, 'lag_13': 0.4374093073538693, 'lag_14': 0.7510936545767679, 'lag_15': 0.4480032643436618, 'lag_16': 0.47219935035581817, 'lag_17': 0.7670152854258506, 'lag_18': 0.888588451753519, 'lag_19': 0.9618394720558044, 'lag_20': 0.3520754884545907, 'lag_21': 0.3263112236866677, 'lag_22': 0.5847444029734112, 'lag_23': 0.1252553973697438, 'lag_24': 0.9324469089588222, 'lag_25': 0.34484449252545646, 'lag_26': 0.5639768262856448, 'lag_27': 0.8920362307004325, 'lag_28': 0.22855813206164788}. Best is trial 18 with value: 0.02288732968665783.
[I 2025-09-29 11:53:18,180] Trial 32 finished with value: 0.023039068342217327 and parameters: {'lag_0': 0.4354264173844474, 'lag_1': 0.7349730227694999, 'lag_2': 0.917768255878928, 'lag_3': 0.6262601366205582, 'lag_4': 0.07808137575604923, 'lag_5': 0.22037662341241226, 'lag_6': 0.459059980769817, 'lag_7': 0.998145853709671, 'lag_8': 0.33272435237996306, 'lag_9': 0.4462338965339281, 'lag_10': 0.2170332277601127, 'lag_11': 0.5469353264595876, 'lag_12': 0.18962917343586558, 'lag_13': 0.41863563757512967, 'lag_14': 0.8207041030573416, 'lag_15': 0.3505800707057567, 'lag_16': 0.7400302741454579, 'lag_17': 0.7242343458087144, 'lag_18': 0.8734970049500694, 'lag_19': 0.8998471259270107, 'lag_20': 0.39753052447294945, 'lag_21': 0.4730705370687824, 'lag_22': 0.004576578117286456, 'lag_23': 0.0782318118810631, 'lag_24': 0.9363320590190796, 'lag_25': 0.17362122500367952, 'lag_26': 0.4798606767837759, 'lag_27': 0.9987697644683531, 'lag_28': 0.010351192506317261}. Best is trial 18 with value: 0.02288732968665783.
[I 2025-09-29 11:53:20,580] Trial 33 finished with value: 0.02312178134380833 and parameters: {'lag_0': 0.49288445391615787, 'lag_1': 0.9079065285957446, 'lag_2': 0.8862863803292833, 'lag_3': 0.2960297364256149, 'lag_4': 0.18533617881378656, 'lag_5': 0.36531062317493723, 'lag_6': 0.7002139796519777, 'lag_7': 0.8066451406961611, 'lag_8': 0.24813991296495524, 'lag_9': 0.6991799549804425, 'lag_10': 0.3195961838769289, 'lag_11': 0.7610256964783397, 'lag_12': 0.07126640943243089, 'lag_13': 0.5271028118926362, 'lag_14': 0.7496302153702905, 'lag_15': 0.47115841865402275, 'lag_16': 0.5934838797818167, 'lag_17': 0.8127871855620337, 'lag_18': 0.7773064953553688, 'lag_19': 0.820719298433166, 'lag_20': 0.20012010820759213, 'lag_21': 0.3513641794584859, 'lag_22': 0.6751397119936015, 'lag_23': 0.1715412911659353, 'lag_24': 0.8552635689240236, 'lag_25': 0.4379111434724691, 'lag_26': 0.6356019990553108, 'lag_27': 0.8772157367502514, 'lag_28': 0.4226853225807814}. Best is trial 18 with value: 0.02288732968665783.
[I 2025-09-29 11:53:22,976] Trial 34 finished with value: 0.02343667099155874 and parameters: {'lag_0': 0.3123839779541884, 'lag_1': 0.7951256562901925, 'lag_2': 0.6812547188482669, 'lag_3': 0.7411124793836331, 'lag_4': 0.11197975635912549, 'lag_5': 0.4941420799407429, 'lag_6': 0.3746697329666185, 'lag_7': 0.9015063354861835, 'lag_8': 0.19515210271674055, 'lag_9': 0.3638371221726292, 'lag_10': 0.1633820478821334, 'lag_11': 0.6379784989686583, 'lag_12': 0.16948346851194968, 'lag_13': 0.10878080444747384, 'lag_14': 0.5471306841373575, 'lag_15': 0.09427081698882916, 'lag_16': 0.3992150628190836, 'lag_17': 0.9100545646708293, 'lag_18': 0.34754772726563726, 'lag_19': 0.9923674459752603, 'lag_20': 0.5211366094667824, 'lag_21': 0.26375130867049923, 'lag_22': 0.5062889214339702, 'lag_23': 0.34745746327938987, 'lag_24': 0.7255905803150245, 'lag_25': 0.286232505751149, 'lag_26': 0.40934494574679336, 'lag_27': 0.9379539298529078, 'lag_28': 0.5166828024137047}. Best is trial 18 with value: 0.02288732968665783.
[I 2025-09-29 11:53:25,376] Trial 35 finished with value: 0.023163575192770666 and parameters: {'lag_0': 0.1800364945797014, 'lag_1': 0.8464227276935791, 'lag_2': 0.946338141747115, 'lag_3': 0.5175936137068806, 'lag_4': 0.2090507372615549, 'lag_5': 0.09738816363035901, 'lag_6': 0.48172363671685514, 'lag_7': 0.7122122386666347, 'lag_8': 0.09659515539628905, 'lag_9': 0.5437583355299253, 'lag_10': 0.0877107124181154, 'lag_11': 0.21347560106161934, 'lag_12': 0.2738056930047613, 'lag_13': 0.25218347685861175, 'lag_14': 0.26713250496129787, 'lag_15': 0.6595666943601561, 'lag_16': 0.3110047973222416, 'lag_17': 0.43579949813004015, 'lag_18': 0.8525214906446431, 'lag_19': 0.32480111468676304, 'lag_20': 0.2681477237982907, 'lag_21': 0.40761362102515347, 'lag_22': 0.5693674639919928, 'lag_23': 0.25293245196224423, 'lag_24': 0.4417004949901381, 'lag_25': 0.383632804388866, 'lag_26': 0.20359297570597612, 'lag_27': 0.78940403547214, 'lag_28': 0.276360531324105}. Best is trial 18 with value: 0.02288732968665783.
[I 2025-09-29 11:53:27,776] Trial 36 finished with value: 0.02301630441509409 and parameters: {'lag_0': 0.2629191049269451, 'lag_1': 0.9326164275019232, 'lag_2': 0.8030430237390326, 'lag_3': 0.6932519207298298, 'lag_4': 0.24098884037863316, 'lag_5': 0.6864309550418063, 'lag_6': 0.7735524855470893, 'lag_7': 0.5356871164022062, 'lag_8': 0.9204355057067339, 'lag_9': 0.8442130673088759, 'lag_10': 0.2796067830035929, 'lag_11': 0.9233608880693585, 'lag_12': 0.3670822355332194, 'lag_13': 0.8161946949983304, 'lag_14': 0.8491138138249266, 'lag_15': 0.5431121655735913, 'lag_16': 0.500879340742593, 'lag_17': 0.09097187354618706, 'lag_18': 0.6287043679428774, 'lag_19': 0.43954625804636294, 'lag_20': 0.38898817281886167, 'lag_21': 0.1927644416628112, 'lag_22': 0.19147057324030708, 'lag_23': 0.6375310556108619, 'lag_24': 0.8956170011598805, 'lag_25': 0.12025150001538627, 'lag_26': 0.5203644141082496, 'lag_27': 0.7081565814002734, 'lag_28': 0.7900813471415498}. Best is trial 18 with value: 0.02288732968665783.
[I 2025-09-29 11:53:30,171] Trial 37 finished with value: 0.023244415269125556 and parameters: {'lag_0': 0.10222609593630214, 'lag_1': 0.7089451437432757, 'lag_2': 0.2635246813519223, 'lag_3': 0.46679308445709256, 'lag_4': 0.5644076674873053, 'lag_5': 0.21396877033852577, 'lag_6': 0.4246036922944716, 'lag_7': 0.8607148846276375, 'lag_8': 0.02428355819311795, 'lag_9': 0.6528458786253283, 'lag_10': 0.6099979985974674, 'lag_11': 0.3435936364486436, 'lag_12': 0.7882506717703223, 'lag_13': 0.6570296384406791, 'lag_14': 0.9430751171344525, 'lag_15': 0.4103535102660927, 'lag_16': 0.602312345625546, 'lag_17': 0.6938587362445944, 'lag_18': 0.9212428983209235, 'lag_19': 0.6098462320210973, 'lag_20': 0.23976175669397873, 'lag_21': 0.6635065017108398, 'lag_22': 0.9165804656228573, 'lag_23': 0.12072624833826344, 'lag_24': 0.8108055070861488, 'lag_25': 0.47507546160019104, 'lag_26': 0.14012547144123433, 'lag_27': 0.4450264972936646, 'lag_28': 0.5624702215416186}. Best is trial 18 with value: 0.02288732968665783.
[I 2025-09-29 11:53:32,570] Trial 38 finished with value: 0.023441669107590227 and parameters: {'lag_0': 0.524530187224154, 'lag_1': 0.7768738061351922, 'lag_2': 0.9542151196123577, 'lag_3': 0.8232529701455956, 'lag_4': 0.7838317076711623, 'lag_5': 0.28400148900706745, 'lag_6': 0.223174655455587, 'lag_7': 0.7892992972803721, 'lag_8': 0.4698056545152283, 'lag_9': 0.3138443784693729, 'lag_10': 0.5203755991983816, 'lag_11': 0.44520640945953455, 'lag_12': 0.25545774092131185, 'lag_13': 0.5979741179473983, 'lag_14': 0.6684512737815809, 'lag_15': 0.7797010779315474, 'lag_16': 0.24539430194036763, 'lag_17': 0.8955925005317333, 'lag_18': 0.7772267043125363, 'lag_19': 0.06863850038945152, 'lag_20': 0.13743098128266185, 'lag_21': 0.5214080551845972, 'lag_22': 0.25797868167323773, 'lag_23': 0.024118267444025437, 'lag_24': 0.9661458943479604, 'lag_25': 0.42403250790795916, 'lag_26': 0.339327111082126, 'lag_27': 0.32845897838998617, 'lag_28': 0.08988383824728191}. Best is trial 18 with value: 0.02288732968665783.
[I 2025-09-29 11:53:34,967] Trial 39 finished with value: 0.023276155852335934 and parameters: {'lag_0': 0.7242124770394551, 'lag_1': 0.5870022150356005, 'lag_2': 0.8754374060256185, 'lag_3': 0.8967269320041829, 'lag_4': 0.3194318283215435, 'lag_5': 0.3672598394751242, 'lag_6': 0.5824274077409886, 'lag_7': 0.9474117565761869, 'lag_8': 0.2288284168332176, 'lag_9': 0.9945059276921557, 'lag_10': 0.6681251613480405, 'lag_11': 0.18465339321469243, 'lag_12': 0.4304009567333046, 'lag_13': 0.3288373858673106, 'lag_14': 0.5168758340508817, 'lag_15': 0.8892592024398811, 'lag_16': 0.8137620793902822, 'lag_17': 0.33836474398317656, 'lag_18': 0.2906983760432079, 'lag_19': 0.272342602922328, 'lag_20': 0.4834905160631138, 'lag_21': 0.29120673401043107, 'lag_22': 0.1082443120332082, 'lag_23': 0.05915222650042931, 'lag_24': 0.16608820880423136, 'lag_25': 0.35120942196982036, 'lag_26': 0.6279931541477548, 'lag_27': 0.5551853138877523, 'lag_28': 0.9391177722077197}. Best is trial 18 with value: 0.02288732968665783.
[I 2025-09-29 11:53:37,364] Trial 40 finished with value: 0.022930932299651673 and parameters: {'lag_0': 0.606251065851103, 'lag_1': 0.6463152703641003, 'lag_2': 0.763061614677657, 'lag_3': 0.419119697566555, 'lag_4': 0.38999896461136535, 'lag_5': 0.9973475550425384, 'lag_6': 0.7157166453567498, 'lag_7': 0.682605402660808, 'lag_8': 0.34168965422540193, 'lag_9': 0.0651639984411308, 'lag_10': 0.13616870158278396, 'lag_11': 0.48780189255144096, 'lag_12': 0.32179419901776907, 'lag_13': 0.3993809326488912, 'lag_14': 0.6168274849774973, 'lag_15': 0.5742221308119105, 'lag_16': 0.3525094099616346, 'lag_17': 0.8131073710406795, 'lag_18': 0.020585403234705996, 'lag_19': 0.7615533756825313, 'lag_20': 0.31074333923628317, 'lag_21': 0.43896099461158933, 'lag_22': 0.7990275399867893, 'lag_23': 0.4697573580433368, 'lag_24': 0.2734489703977196, 'lag_25': 0.5344609531464669, 'lag_26': 0.2806163454051196, 'lag_27': 0.9665880643374696, 'lag_28': 0.7276854550411179}. Best is trial 18 with value: 0.02288732968665783.
