[I 2025-09-29 11:53:49,213] Trial 41 finished with value: 0.010030355085468321 and parameters: {'lag_0': 0.9201890743076291, 'lag_1': 0.5239435744334396, 'lag_2': 0.13951539028709511, 'lag_3': 0.3478496398555541, 'lag_4': 0.5123919011295777, 'lag_5': 0.7112092534505752, 'lag_6': 0.5953204734897707, 'lag_7': 0.19777794357384262, 'lag_8': 0.4989053022357916, 'lag_9': 0.8840014895931293, 'lag_10': 0.6601043633462099, 'lag_11': 0.324892059122562, 'lag_12': 0.7280081466664278, 'lag_13': 0.6856623351375705, 'lag_14': 0.14661517298719617, 'lag_15': 0.5157764927631885, 'lag_16': 0.04138968822191164, 'lag_17': 0.32986801469659505, 'lag_18': 0.3066687297007726, 'lag_19': 0.40134958930377035, 'lag_20': 0.1927865896883122, 'lag_21': 0.6232565969722526, 'lag_22': 0.8986011579448736, 'lag_23': 0.3155062226041312, 'lag_24': 0.1130127956876794, 'lag_25': 0.593181337443341, 'lag_26': 0.4487709021056072, 'lag_27': 0.8800419670271861, 'lag_28': 0.2926944888327257}. Best is trial 17 with value: 0.009755368697770796.
[I 2025-09-29 11:53:51,845] Trial 42 finished with value: 0.009946171192380827 and parameters: {'lag_0': 0.9760575613237106, 'lag_1': 0.46728107341286734, 'lag_2': 0.08892820023281349, 'lag_3': 0.42895435641045204, 'lag_4': 0.5831998314130207, 'lag_5': 0.4845559395008697, 'lag_6': 0.7622567322077782, 'lag_7': 0.11646979391602015, 'lag_8': 0.5568445698585043, 'lag_9': 0.9480330348073432, 'lag_10': 0.6302177364606913, 'lag_11': 0.5592805093356055, 'lag_12': 0.7927563098432036, 'lag_13': 0.7682909961627362, 'lag_14': 0.2832880794914251, 'lag_15': 0.44981836986082546, 'lag_16': 0.0034972829828062713, 'lag_17': 0.11048576409826262, 'lag_18': 0.4589855803507619, 'lag_19': 0.5293037425833135, 'lag_20': 0.1263234555707019, 'lag_21': 0.5277837021542191, 'lag_22': 0.9209397310793329, 'lag_23': 0.1419386209400513, 'lag_24': 0.016076296300009285, 'lag_25': 0.524469451112602, 'lag_26': 0.5471834314091503, 'lag_27': 0.777347815431395, 'lag_28': 0.47108209893985903}. Best is trial 17 with value: 0.009755368697770796.
[I 2025-09-29 11:53:54,472] Trial 43 finished with value: 0.009855499280136733 and parameters: {'lag_0': 0.8342351671021386, 'lag_1': 0.5604954413530903, 'lag_2': 0.22631800006863767, 'lag_3': 0.4900049320943807, 'lag_4': 0.21845220658981665, 'lag_5': 0.5704759369020418, 'lag_6': 0.45827306168987825, 'lag_7': 0.009057251498918908, 'lag_8': 0.6383119361973684, 'lag_9': 0.20376771804209948, 'lag_10': 0.47855290237621295, 'lag_11': 0.20291441670688232, 'lag_12': 0.9035699875538443, 'lag_13': 0.5649293708663266, 'lag_14': 0.09077665507266428, 'lag_15': 0.5823816898551156, 'lag_16': 0.129440181207977, 'lag_17': 0.5116612747752247, 'lag_18': 0.39326036319615254, 'lag_19': 0.4664891348063155, 'lag_20': 0.22880474737071718, 'lag_21': 0.7441448581019015, 'lag_22': 0.9447996393468461, 'lag_23': 0.26672391305543175, 'lag_24': 0.11156713450703541, 'lag_25': 0.6110036784366747, 'lag_26': 0.6177849138067102, 'lag_27': 0.6966018135509835, 'lag_28': 0.3580808766179181}. Best is trial 17 with value: 0.009755368697770796.
[I 2025-09-29 11:53:57,099] Trial 44 finished with value: 0.009951269511987335 and parameters: {'lag_0': 0.6622894485610741, 'lag_1': 0.3917871689739115, 'lag_2': 0.025945981263039194, 'lag_3': 0.29479252842624937, 'lag_4': 0.7845980927425656, 'lag_5': 0.6414773994636118, 'lag_6': 0.5586622705575943, 'lag_7': 0.2782224169771636, 'lag_8': 0.43530129276458285, 'lag_9': 0.7631274110002734, 'lag_10': 0.7076748164859855, 'lag_11': 0.4221492992540071, 'lag_12': 0.6554440602862251, 'lag_13': 0.6632277699658417, 'lag_14': 0.029317465610649615, 'lag_15': 0.35291122806423086, 'lag_16': 0.3530089679950849, 'lag_17': 0.004278640719193904, 'lag_18': 0.4793191270274374, 'lag_19': 0.38075097905424626, 'lag_20': 0.2699352352494424, 'lag_21': 0.2315645820694562, 'lag_22': 0.8287830250952152, 'lag_23': 0.05272181674295076, 'lag_24': 0.1926444518365071, 'lag_25': 0.4146536551825198, 'lag_26': 0.8328248255155526, 'lag_27': 0.9918023921310397, 'lag_28': 0.08654962794275889}. Best is trial 17 with value: 0.009755368697770796.
[I 2025-09-29 11:53:59,750] Trial 45 finished with value: 0.01019180069037776 and parameters: {'lag_0': 0.9516792199133493, 'lag_1': 0.5527334315686453, 'lag_2': 0.6837305122275406, 'lag_3': 0.5266593200398548, 'lag_4': 0.41156450199262373, 'lag_5': 0.8966683500842596, 'lag_6': 0.9135205885681412, 'lag_7': 0.1931758761934717, 'lag_8': 0.6994288598580666, 'lag_9': 0.8133770349848348, 'lag_10': 0.5546104687774303, 'lag_11': 0.11149937198926835, 'lag_12': 0.5788067931201042, 'lag_13': 0.5271566228385236, 'lag_14': 0.22100082692911013, 'lag_15': 0.6639185148780423, 'lag_16': 0.18031166227489392, 'lag_17': 0.25419511626471286, 'lag_18': 0.5521003855662685, 'lag_19': 0.6148043732663127, 'lag_20': 0.04988463450545419, 'lag_21': 0.46104071237783784, 'lag_22': 0.6556239694708544, 'lag_23': 0.12278739069740882, 'lag_24': 0.30948648670782275, 'lag_25': 0.717979810376489, 'lag_26': 0.3208762136673484, 'lag_27': 0.7880999234193872, 'lag_28': 0.19880558664495196}. Best is trial 17 with value: 0.009755368697770796.
[I 2025-09-29 11:54:02,365] Trial 46 finished with value: 0.009829323872704028 and parameters: {'lag_0': 0.5534160069783172, 'lag_1': 0.6437061481321534, 'lag_2': 0.44945747142888426, 'lag_3': 0.2608960566175515, 'lag_4': 0.49309451692956774, 'lag_5': 0.9660944008649714, 'lag_6': 0.10620219505606804, 'lag_7': 0.12463903617489372, 'lag_8': 0.6201602928643731, 'lag_9': 0.7027100131692169, 'lag_10': 0.8264245634574223, 'lag_11': 0.4909743773250335, 'lag_12': 0.7668416428094151, 'lag_13': 0.4275036840626555, 'lag_14': 0.3285524115962464, 'lag_15': 0.7403339537068772, 'lag_16': 0.06532030653200062, 'lag_17': 0.4387193907176225, 'lag_18': 0.634653218018716, 'lag_19': 0.20212348369641536, 'lag_20': 0.8076524472372697, 'lag_21': 0.6502662310008183, 'lag_22': 0.7671288564236182, 'lag_23': 0.38616891102296164, 'lag_24': 0.2346409540571459, 'lag_25': 0.8181528419762938, 'lag_26': 0.2534941863450511, 'lag_27': 0.956838317273359, 'lag_28': 0.41313316998733507}. Best is trial 17 with value: 0.009755368697770796.
[I 2025-09-29 11:54:04,986] Trial 47 finished with value: 0.009452045785893207 and parameters: {'lag_0': 0.4080660229797387, 'lag_1': 0.29911098423637716, 'lag_2': 0.8416735993341227, 'lag_3': 0.10254594200284746, 'lag_4': 0.34882279141724803, 'lag_5': 0.7367715065692007, 'lag_6': 0.7046197992529154, 'lag_7': 0.3698615018953756, 'lag_8': 0.5054255378375492, 'lag_9': 0.9627242210330792, 'lag_10': 0.11986696766486293, 'lag_11': 0.4070375771223448, 'lag_12': 0.9419343978561706, 'lag_13': 0.48081784317613574, 'lag_14': 0.6397910576853332, 'lag_15': 0.5256864681383716, 'lag_16': 0.28392976166026573, 'lag_17': 0.09238193191976073, 'lag_18': 0.7135769913071682, 'lag_19': 0.29091897226383634, 'lag_20': 0.0005058704573823319, 'lag_21': 0.36984366897409243, 'lag_22': 0.0034132041276283553, 'lag_23': 0.21369768712815862, 'lag_24': 0.5078924226863869, 'lag_25': 0.5587573751860921, 'lag_26': 0.14081617368637067, 'lag_27': 0.74595509248502, 'lag_28': 0.275407536497464}. Best is trial 47 with value: 0.009452045785893207.
[I 2025-09-29 11:54:07,621] Trial 48 finished with value: 0.009911851544806305 and parameters: {'lag_0': 0.43874696571777727, 'lag_1': 0.27847057204910697, 'lag_2': 0.9430648596470744, 'lag_3': 0.07108027626941521, 'lag_4': 0.10988440062102983, 'lag_5': 0.677086715626579, 'lag_6': 0.7233984087875405, 'lag_7': 0.3599121174121943, 'lag_8': 0.3246037964669261, 'lag_9': 0.9621572697478096, 'lag_10': 0.17617788824721628, 'lag_11': 0.39328246100129344, 'lag_12': 0.9468782904954969, 'lag_13': 0.34533730676289964, 'lag_14': 0.5917669752686007, 'lag_15': 0.5160244287618189, 'lag_16': 0.10952220973645999, 'lag_17': 0.11159829528089608, 'lag_18': 0.8057038387181206, 'lag_19': 0.30835348969659504, 'lag_20': 0.010805988316802491, 'lag_21': 0.3716547483973045, 'lag_22': 0.09939432941839532, 'lag_23': 0.300389305653306, 'lag_24': 0.5406125177324042, 'lag_25': 0.6345967520157029, 'lag_26': 0.04591306439501125, 'lag_27': 0.7392984218481874, 'lag_28': 0.04914565011370292}. Best is trial 47 with value: 0.009452045785893207.
[I 2025-09-29 11:54:10,253] Trial 49 finished with value: 0.00985444028463368 and parameters: {'lag_0': 0.2278650058429053, 'lag_1': 0.18266014538006756, 'lag_2': 0.8556506858194667, 'lag_3': 0.18944960830132815, 'lag_4': 0.5551943992528257, 'lag_5': 0.6046818433385913, 'lag_6': 0.6359168967798736, 'lag_7': 0.038194737592277296, 'lag_8': 0.4882130813415524, 'lag_9': 0.902717276268125, 'lag_10': 0.09487319047633044, 'lag_11': 0.4813313114480278, 'lag_12': 0.8497162152160671, 'lag_13': 0.46646464163875323, 'lag_14': 0.6506730301589188, 'lag_15': 0.44371532731596497, 'lag_16': 0.2721202569355259, 'lag_17': 0.19393523323566147, 'lag_18': 0.689263572222509, 'lag_19': 0.25020112678606987, 'lag_20': 0.12307729292896176, 'lag_21': 0.40855679801747685, 'lag_22': 0.21135856601902286, 'lag_23': 0.21311272012753063, 'lag_24': 0.727015270540358, 'lag_25': 0.5467289922655394, 'lag_26': 0.1513054703466335, 'lag_27': 0.4780983004340174, 'lag_28': 0.25545565798855113}. Best is trial 47 with value: 0.009452045785893207.
[I 2025-09-29 11:54:12,865] Trial 50 finished with value: 0.009851000688263514 and parameters: {'lag_0': 0.15207724032935627, 'lag_1': 0.8999122221207563, 'lag_2': 0.7714560578671682, 'lag_3': 0.11530418649855971, 'lag_4': 0.3630237966497015, 'lag_5': 0.7220422120736263, 'lag_6': 0.535896020326778, 'lag_7': 0.2591243430774212, 'lag_8': 0.704838969607982, 'lag_9': 0.8461188697939939, 'lag_10': 0.01573848551581497, 'lag_11': 0.6678484503990405, 'lag_12': 0.9451364193916678, 'lag_13': 0.2912666019460204, 'lag_14': 0.7044680554070684, 'lag_15': 0.5579893142284487, 'lag_16': 0.1707267640089803, 'lag_17': 0.34048759246380234, 'lag_18': 0.19603520099639454, 'lag_19': 0.3357190966441551, 'lag_20': 0.5547679272273294, 'lag_21': 0.277410040563197, 'lag_22': 0.0038027098154359827, 'lag_23': 0.3433846436103788, 'lag_24': 0.47428603243115847, 'lag_25': 0.4123393118013728, 'lag_26': 0.13228518045944726, 'lag_27': 0.5819096078421574, 'lag_28': 0.29304431836406875}. Best is trial 47 with value: 0.009452045785893207.
[I 2025-09-29 11:54:15,492] Trial 51 finished with value: 0.00989542450731884 and parameters: {'lag_0': 0.3958069950988475, 'lag_1': 0.4612441668675693, 'lag_2': 0.8104790476863943, 'lag_3': 0.0035406890745930397, 'lag_4': 0.4355516603787196, 'lag_5': 0.7628449762990746, 'lag_6': 0.710415725051692, 'lag_7': 0.1710126957683935, 'lag_8': 0.5615066287297654, 'lag_9': 0.9597169490789516, 'lag_10': 0.377264087381325, 'lag_11': 0.341525478957002, 'lag_12': 0.6354318100200963, 'lag_13': 0.6301796542522528, 'lag_14': 0.47725128673337003, 'lag_15': 0.6259617542181233, 'lag_16': 0.442466274322186, 'lag_17': 0.07826563794789293, 'lag_18': 0.7294803674177351, 'lag_19': 0.541068045681857, 'lag_20': 0.0019020586169975035, 'lag_21': 0.598729195730471, 'lag_22': 0.09523029866580514, 'lag_23': 0.161139137066581, 'lag_24': 0.0525022284177232, 'lag_25': 0.5864611833937643, 'lag_26': 0.05318834850397252, 'lag_27': 0.8579266199056351, 'lag_28': 0.21660943073040154}. Best is trial 47 with value: 0.009452045785893207.
[I 2025-09-29 11:54:18,130] Trial 52 finished with value: 0.010065297286820823 and parameters: {'lag_0': 0.27242339329290405, 'lag_1': 0.32017863206882713, 'lag_2': 0.9883438092806032, 'lag_3': 0.12176605623409406, 'lag_4': 0.37600187781729233, 'lag_5': 0.8817538154280631, 'lag_6': 0.7752381621621537, 'lag_7': 0.29139652672668587, 'lag_8': 0.5066666368917911, 'lag_9': 0.823450027387233, 'lag_10': 0.26166273627096304, 'lag_11': 0.26452325835902807, 'lag_12': 0.6899762683614209, 'lag_13': 0.7281974681571924, 'lag_14': 0.529005293089245, 'lag_15': 0.5984628464379425, 'lag_16': 0.2266122191820378, 'lag_17': 0.032735143396926666, 'lag_18': 0.6303478116230049, 'lag_19': 0.48323922519093054, 'lag_20': 0.08175557826576198, 'lag_21': 0.5403571398800213, 'lag_22': 0.17120979066849246, 'lag_23': 0.45581976274827, 'lag_24': 0.5149231645563853, 'lag_25': 0.7648260094331536, 'lag_26': 0.342746105505074, 'lag_27': 0.8184350573052872, 'lag_28': 0.3475880780885666}. Best is trial 47 with value: 0.009452045785893207.
[I 2025-09-29 11:54:20,766] Trial 53 finished with value: 0.009987022227677531 and parameters: {'lag_0': 0.8976262737326937, 'lag_1': 0.36514880844753467, 'lag_2': 0.8458599629312636, 'lag_3': 0.38079718544861885, 'lag_4': 0.3313315252162331, 'lag_5': 0.7996443368824633, 'lag_6': 0.8370302735088506, 'lag_7': 0.3176800911601524, 'lag_8': 0.4490403570051977, 'lag_9': 0.9080771841125952, 'lag_10': 0.9518521026318418, 'lag_11': 0.38520870268179935, 'lag_12': 0.43094570298604307, 'lag_13': 0.49063329456337296, 'lag_14': 0.4110303309211718, 'lag_15': 0.4934857423456871, 'lag_16': 0.3903340101487809, 'lag_17': 0.9890723989582159, 'lag_18': 0.9074682165076667, 'lag_19': 0.42383608053941324, 'lag_20': 0.7164748100914866, 'lag_21': 0.48690111032705935, 'lag_22': 0.3348412914837098, 'lag_23': 0.10515143079283511, 'lag_24': 0.13824467625308726, 'lag_25': 0.6724450154483821, 'lag_26': 0.0031117089594636348, 'lag_27': 0.25730687292126564, 'lag_28': 0.27473762843386024}. Best is trial 47 with value: 0.009452045785893207.
[I 2025-09-29 11:54:23,387] Trial 54 finished with value: 0.009937325950059533 and parameters: {'lag_0': 0.46925182949603705, 'lag_1': 0.40066883192669, 'lag_2': 0.7295820988428162, 'lag_3': 0.23855018146750157, 'lag_4': 0.6479520136314696, 'lag_5': 0.9568455460360019, 'lag_6': 0.7476200578048295, 'lag_7': 0.235627701906386, 'lag_8': 0.6144724332977625, 'lag_9': 0.9705158603960734, 'lag_10': 0.748779135502066, 'lag_11': 0.2971579836928729, 'lag_12': 0.7469554395821881, 'lag_13': 0.5850989282764008, 'lag_14': 0.6412849964182757, 'lag_15': 0.696227199040538, 'lag_16': 0.5596271374320868, 'lag_17': 0.08415453116925645, 'lag_18': 0.2875119190976047, 'lag_19': 0.6062188908247376, 'lag_20': 0.15576270090876893, 'lag_21': 0.7060153172751717, 'lag_22': 0.036813696356241175, 'lag_23': 0.0403230448199872, 'lag_24': 0.6023776974716227, 'lag_25': 0.313879341606602, 'lag_26': 0.1906204400238551, 'lag_27': 0.6920764900323648, 'lag_28': 0.13297684458044937}. Best is trial 47 with value: 0.009452045785893207.
[I 2025-09-29 11:54:26,014] Trial 55 finished with value: 0.010093730109888498 and parameters: {'lag_0': 0.6953427965369194, 'lag_1': 0.6042185581613035, 'lag_2': 0.6334786628729353, 'lag_3': 0.038818339038880226, 'lag_4': 0.293537239774468, 'lag_5': 0.6705378349880163, 'lag_6': 0.4537471304710432, 'lag_7': 0.39508412875449395, 'lag_8': 0.39189666014361213, 'lag_9': 0.5259007673951624, 'lag_10': 0.6655153899563392, 'lag_11': 0.7778755746513772, 'lag_12': 0.5238365727788193, 'lag_13': 0.8025189384019336, 'lag_14': 0.5827724621762612, 'lag_15': 0.5535273630344903, 'lag_16': 0.33060587719896833, 'lag_17': 0.911047862687218, 'lag_18': 0.41814905045688444, 'lag_19': 0.664506508590621, 'lag_20': 0.04556582137543662, 'lag_21': 0.35499163907916836, 'lag_22': 0.5851012682566157, 'lag_23': 0.22725354457181518, 'lag_24': 0.40254676400738026, 'lag_25': 0.4766616602924112, 'lag_26': 0.11480208449238898, 'lag_27': 0.90445117584723, 'lag_28': 0.6095281479947432}. Best is trial 47 with value: 0.009452045785893207.
[I 2025-09-29 11:54:28,653] Trial 56 finished with value: 0.009909125659655184 and parameters: {'lag_0': 0.7684616699134537, 'lag_1': 0.5417417795736783, 'lag_2': 0.5387893232459345, 'lag_3': 0.33997266499932627, 'lag_4': 0.4153624179306079, 'lag_5': 0.500554326292343, 'lag_6': 0.8010097951335505, 'lag_7': 0.11540492652706796, 'lag_8': 0.5169491894069537, 'lag_9': 0.03637999717961499, 'lag_10': 0.5554506977728565, 'lag_11': 0.5374057175119884, 'lag_12': 0.11019222305663473, 'lag_13': 0.7018867475920985, 'lag_14': 0.16872644137500806, 'lag_15': 0.9357190572903569, 'lag_16': 0.2671750853207823, 'lag_17': 0.7389491715599765, 'lag_18': 0.5216584730833949, 'lag_19': 0.518637747859456, 'lag_20': 0.09285930641126536, 'lag_21': 0.08729221235454812, 'lag_22': 0.8037733003983749, 'lag_23': 0.1818797334747267, 'lag_24': 0.3442359833086934, 'lag_25': 0.6482386112431595, 'lag_26': 0.44412294490263704, 'lag_27': 0.8632102479953423, 'lag_28': 0.43047346818320853}. Best is trial 47 with value: 0.009452045785893207.
[I 2025-09-29 11:54:31,290] Trial 57 finished with value: 0.010066322888450266 and parameters: {'lag_0': 0.3398839867818222, 'lag_1': 0.44052856202978147, 'lag_2': 0.3816960544801301, 'lag_3': 0.17902496739302554, 'lag_4': 0.5214718931053985, 'lag_5': 0.8466911299653984, 'lag_6': 0.33316842439906513, 'lag_7': 0.5907950917018452, 'lag_8': 0.8087758536078794, 'lag_9': 0.8898977211167634, 'lag_10': 0.4604500029110342, 'lag_11': 0.17391678877519337, 'lag_12': 0.869485575226707, 'lag_13': 0.37747529068258445, 'lag_14': 0.7910894114587501, 'lag_15': 0.758395059456054, 'lag_16': 0.06975425364878254, 'lag_17': 0.27899789374902717, 'lag_18': 0.7755467616809282, 'lag_19': 0.2662204197241245, 'lag_20': 0.19245153617185884, 'lag_21': 0.4437145426585052, 'lag_22': 0.44133626300520357, 'lag_23': 0.2804510513879553, 'lag_24': 0.25746329366041626, 'lag_25': 0.518893672926709, 'lag_26': 0.04307104529603636, 'lag_27': 0.7488518026396795, 'lag_28': 0.177260518496845}. Best is trial 47 with value: 0.009452045785893207.
[I 2025-09-29 11:54:33,908] Trial 58 finished with value: 0.009988398953178634 and parameters: {'lag_0': 0.8043382547286395, 'lag_1': 0.22162621522383735, 'lag_2': 0.6823224377427887, 'lag_3': 0.6480399400457528, 'lag_4': 0.18493504176389347, 'lag_5': 0.6169061985766089, 'lag_6': 0.8775443548451739, 'lag_7': 0.4976963320206609, 'lag_8': 0.9353986292528762, 'lag_9': 0.8442958419875131, 'lag_10': 0.6924023832179074, 'lag_11': 0.40470788261088153, 'lag_12': 0.8144275567286469, 'lag_13': 0.43406584660458486, 'lag_14': 0.2816103174525578, 'lag_15': 0.30995612912964654, 'lag_16': 0.037049945019816344, 'lag_17': 0.11633795498168595, 'lag_18': 0.3731305252074639, 'lag_19': 0.20650309552242008, 'lag_20': 0.27544263227467086, 'lag_21': 0.3071587811193148, 'lag_22': 0.9698261501084768, 'lag_23': 0.08437563940030213, 'lag_24': 0.000898129113267615, 'lag_25': 0.8557472351803144, 'lag_26': 0.21432007868788677, 'lag_27': 0.9729764127575431, 'lag_28': 0.5034042040196129}. Best is trial 47 with value: 0.009452045785893207.
[I 2025-09-29 11:54:36,531] Trial 59 finished with value: 0.009994250877397814 and parameters: {'lag_0': 0.5803249720534283, 'lag_1': 0.7554938169452677, 'lag_2': 0.9201598572837211, 'lag_3': 0.3227806340228352, 'lag_4': 0.4800985237273651, 'lag_5': 0.7280926009357372, 'lag_6': 0.9400110923043307, 'lag_7': 0.08878508899304222, 'lag_8': 0.5614270247942994, 'lag_9': 0.7773805173662756, 'lag_10': 0.5055671006741128, 'lag_11': 0.3409113560083414, 'lag_12': 0.9688835249134601, 'lag_13': 0.18601935709580492, 'lag_14': 0.43791380976519384, 'lag_15': 0.4111894691041862, 'lag_16': 0.23099748944207193, 'lag_17': 0.3574237066356298, 'lag_18': 0.7038044347854506, 'lag_19': 0.37644241992674016, 'lag_20': 0.31534211316818295, 'lag_21': 0.029455072638817498, 'lag_22': 0.9022132267223197, 'lag_23': 0.2470749912135002, 'lag_24': 0.2049480421468664, 'lag_25': 0.5663280492389792, 'lag_26': 0.16027267244494792, 'lag_27': 0.783446568742033, 'lag_28': 0.2302592767249672}. Best is trial 47 with value: 0.009452045785893207.
[I 2025-09-29 11:54:39,164] Trial 60 finished with value: 0.009856922153452186 and parameters: {'lag_0': 0.6392500376070123, 'lag_1': 0.42042405581892617, 'lag_2': 0.8871662457174466, 'lag_3': 0.8310321143644115, 'lag_4': 0.5723694578553559, 'lag_5': 0.9989676969845016, 'lag_6': 0.2453378704615931, 'lag_7': 0.17766723845606797, 'lag_8': 0.6741500441076487, 'lag_9': 0.929499306549132, 'lag_10': 0.6343760860285048, 'lag_11': 0.4661174411875855, 'lag_12': 0.3506130630502209, 'lag_13': 0.5413023365290772, 'lag_14': 0.05178654363693194, 'lag_15': 0.03525584243446089, 'lag_16': 0.30427860378294314, 'lag_17': 0.19617489276267483, 'lag_18': 0.007239291167198736, 'lag_19': 0.4548228858000696, 'lag_20': 0.10931243870058077, 'lag_21': 0.4086262336295792, 'lag_22': 0.8528715100575484, 'lag_23': 0.6895798286611624, 'lag_24': 0.09070902207060755, 'lag_25': 0.033349289813246585, 'lag_26': 0.09923682722643033, 'lag_27': 0.6583265753131514, 'lag_28': 0.11799689197016852}. Best is trial 47 with value: 0.009452045785893207.
[I 2025-09-29 11:54:41,805] Trial 61 finished with value: 0.009864739722816804 and parameters: {'lag_0': 0.39272242236225524, 'lag_1': 0.4817348902175477, 'lag_2': 0.6586047643443341, 'lag_3': 0.1301404765128724, 'lag_4': 0.3674976220169688, 'lag_5': 0.9998778290150672, 'lag_6': 0.4299780488334978, 'lag_7': 0.32325818684223073, 'lag_8': 0.7843635501726999, 'lag_9': 0.368911840986527, 'lag_10': 0.5771309054911702, 'lag_11': 0.9912180953995239, 'lag_12': 0.9736191226792702, 'lag_13': 0.007894659095166567, 'lag_14': 0.8796236679025976, 'lag_15': 0.7149028938736127, 'lag_16': 0.16663544630866953, 'lag_17': 0.2814417248995499, 'lag_18': 0.582685406926258, 'lag_19': 0.7101800929075831, 'lag_20': 0.8961121848625728, 'lag_21': 0.8799238185341894, 'lag_22': 0.4957539201451752, 'lag_23': 0.34453548379488846, 'lag_24': 0.45046070052272064, 'lag_25': 0.3893147658504975, 'lag_26': 0.18532526484599002, 'lag_27': 0.7173149897783466, 'lag_28': 0.26421147759071373}. Best is trial 47 with value: 0.009452045785893207.
