[I 2025-09-29 12:52:05,681] Trial 41 finished with value: 0.00906051877007374 and parameters: {'lag_0': 0.3175163672903438, 'lag_1': 0.5024704441886638, 'lag_2': 0.28195383923825085, 'lag_3': 0.17662009622446978, 'lag_4': 0.1539979996740362, 'lag_5': 0.12088314243809585, 'lag_6': 0.941953242308917, 'lag_7': 0.5126126315944928, 'lag_8': 0.13329626259680352, 'lag_9': 0.7424495739148813, 'lag_10': 0.18077178687022888, 'lag_11': 0.8921949662605454, 'lag_12': 0.3268504066878516, 'lag_13': 0.7820676650085627, 'lag_14': 0.908330236311724, 'lag_15': 0.3082670238694687, 'lag_16': 0.8965285733265179, 'lag_17': 0.10486663099622698, 'lag_18': 0.9409852211892549, 'lag_19': 0.4441194886854388, 'lag_20': 0.6639167095239884, 'lag_21': 0.5860212880093186, 'lag_22': 0.3636940251566837, 'lag_23': 0.5327704006437274, 'lag_24': 0.6120771669633975, 'lag_25': 0.00657856879105353, 'lag_26': 0.5620405919895264, 'lag_27': 0.4126764506940785, 'lag_28': 0.45054121492855675}. Best is trial 31 with value: 0.008723042743463893.
[I 2025-09-29 12:52:08,238] Trial 42 finished with value: 0.01064754156792517 and parameters: {'lag_0': 0.3477574075999166, 'lag_1': 0.26724486663435487, 'lag_2': 0.2853185251452263, 'lag_3': 0.15978000483302252, 'lag_4': 0.1359954432144409, 'lag_5': 0.01895698798236497, 'lag_6': 0.9124555775651271, 'lag_7': 0.5264169343334476, 'lag_8': 0.07519595372099908, 'lag_9': 0.7766859796542254, 'lag_10': 0.4032118068639965, 'lag_11': 0.9131819796497834, 'lag_12': 0.3292889942547924, 'lag_13': 0.8432974002056856, 'lag_14': 0.6135345995954106, 'lag_15': 0.1651714895747871, 'lag_16': 0.8941281489103315, 'lag_17': 0.1127260743106367, 'lag_18': 0.9570828482675122, 'lag_19': 0.28842775335223914, 'lag_20': 0.6705168294725414, 'lag_21': 0.5683433911022113, 'lag_22': 0.16252261557930497, 'lag_23': 0.5355460992326967, 'lag_24': 0.47699337986674345, 'lag_25': 0.005313788669512967, 'lag_26': 0.5588066036896426, 'lag_27': 0.4165218805317835, 'lag_28': 0.3657525789598635}. Best is trial 31 with value: 0.008723042743463893.
[I 2025-09-29 12:52:10,800] Trial 43 finished with value: 0.00919937927897219 and parameters: {'lag_0': 0.21953196028366126, 'lag_1': 0.45738427968076467, 'lag_2': 0.3520713823660764, 'lag_3': 0.10764515406117665, 'lag_4': 0.25281379358862516, 'lag_5': 0.09772064198653069, 'lag_6': 0.7508332570958943, 'lag_7': 0.4558097025041613, 'lag_8': 0.14826099123755954, 'lag_9': 0.589083994777633, 'lag_10': 0.2080230150274707, 'lag_11': 0.7311150211366682, 'lag_12': 0.1983128291826695, 'lag_13': 0.767547795733697, 'lag_14': 0.9171185542851744, 'lag_15': 0.3155310849777136, 'lag_16': 0.867572990317331, 'lag_17': 0.05720035302615789, 'lag_18': 0.8891128996733275, 'lag_19': 0.4361212570047745, 'lag_20': 0.5958524251184077, 'lag_21': 0.6866186706645828, 'lag_22': 0.3512899678509127, 'lag_23': 0.48066385712922977, 'lag_24': 0.604411405146835, 'lag_25': 0.06858419049471036, 'lag_26': 0.5142774973524754, 'lag_27': 0.4930614607621902, 'lag_28': 0.679682601176235}. Best is trial 31 with value: 0.008723042743463893.
[I 2025-09-29 12:52:13,364] Trial 44 finished with value: 0.009538975159794036 and parameters: {'lag_0': 0.18849675217764011, 'lag_1': 0.5099039096215172, 'lag_2': 0.34230779461782135, 'lag_3': 0.07554397924520662, 'lag_4': 0.2773944171384093, 'lag_5': 0.8807598574998361, 'lag_6': 0.7427541211023684, 'lag_7': 0.6080613888969164, 'lag_8': 0.13411003754329864, 'lag_9': 0.5875881196343318, 'lag_10': 0.1795526586166184, 'lag_11': 0.6600615267417558, 'lag_12': 0.24989765810522413, 'lag_13': 0.7594737700741457, 'lag_14': 0.908324027666924, 'lag_15': 0.3007493538817352, 'lag_16': 0.9899493737844798, 'lag_17': 0.06402515315507312, 'lag_18': 0.8985636527941736, 'lag_19': 0.42330213334414646, 'lag_20': 0.5771354714636773, 'lag_21': 0.7484507658341606, 'lag_22': 0.3509701833846568, 'lag_23': 0.47476064540041585, 'lag_24': 0.6214225567320955, 'lag_25': 0.06510967906391296, 'lag_26': 0.6271561695587449, 'lag_27': 0.5082929319525892, 'lag_28': 0.6736349118732297}. Best is trial 31 with value: 0.008723042743463893.
[I 2025-09-29 12:52:15,929] Trial 45 finished with value: 0.009460327855014005 and parameters: {'lag_0': 0.11744830113664734, 'lag_1': 0.4187611608681643, 'lag_2': 0.23428192983289625, 'lag_3': 0.1760243528692852, 'lag_4': 0.07113025604598146, 'lag_5': 0.2460735792666821, 'lag_6': 0.939954235125062, 'lag_7': 0.4713011410092162, 'lag_8': 0.17660314344035388, 'lag_9': 0.7007329998252547, 'lag_10': 0.1404943787905497, 'lag_11': 0.5520225153161324, 'lag_12': 0.20262183864833955, 'lag_13': 0.6441402643802001, 'lag_14': 0.8517154400486926, 'lag_15': 0.4112267666926651, 'lag_16': 0.9283568203722337, 'lag_17': 0.13984380719676962, 'lag_18': 0.9330528514250226, 'lag_19': 0.32018875784987466, 'lag_20': 0.019344090952843344, 'lag_21': 0.6914542184464374, 'lag_22': 0.3660289034153429, 'lag_23': 0.6390853951139258, 'lag_24': 0.5005736372678337, 'lag_25': 0.1681664580122713, 'lag_26': 0.4413790007878676, 'lag_27': 0.26108132228997144, 'lag_28': 0.8115635661308207}. Best is trial 31 with value: 0.008723042743463893.
[I 2025-09-29 12:52:18,491] Trial 46 finished with value: 0.00911589594824044 and parameters: {'lag_0': 0.2325024522781351, 'lag_1': 0.47255668107836146, 'lag_2': 0.2767458528834197, 'lag_3': 0.29902567865595164, 'lag_4': 0.5404151273636024, 'lag_5': 0.11871925197958483, 'lag_6': 0.436694038490062, 'lag_7': 0.6480129939811341, 'lag_8': 0.2785138450361766, 'lag_9': 0.8214785895731797, 'lag_10': 0.33039078933398647, 'lag_11': 0.7297072945519488, 'lag_12': 0.15560820866299913, 'lag_13': 0.8100290966218078, 'lag_14': 0.9235583785760414, 'lag_15': 0.16187075587514366, 'lag_16': 0.8634862835191088, 'lag_17': 0.1795440739730072, 'lag_18': 0.9579433552583357, 'lag_19': 0.5134943949339984, 'lag_20': 0.4926990284703157, 'lag_21': 0.7768097592604766, 'lag_22': 0.8274731700030316, 'lag_23': 0.41967744375886895, 'lag_24': 0.3935083944111793, 'lag_25': 0.2663519427095891, 'lag_26': 0.8428156428879485, 'lag_27': 0.6901004805170499, 'lag_28': 0.579319606478478}. Best is trial 31 with value: 0.008723042743463893.
[I 2025-09-29 12:52:21,053] Trial 47 finished with value: 0.009897049512318542 and parameters: {'lag_0': 0.3177869429189294, 'lag_1': 0.5182927239559231, 'lag_2': 0.07246175478239103, 'lag_3': 0.3502687510231865, 'lag_4': 0.5813825394765424, 'lag_5': 0.15016816175243566, 'lag_6': 0.4390197597578471, 'lag_7': 0.6561525142336087, 'lag_8': 0.35290490199968844, 'lag_9': 0.8741121367312125, 'lag_10': 0.33826615887726186, 'lag_11': 0.6645150812803535, 'lag_12': 0.13297105897137307, 'lag_13': 0.47150205942413004, 'lag_14': 0.751151704452257, 'lag_15': 0.14317219284947025, 'lag_16': 0.8063908508910174, 'lag_17': 0.25867030646490885, 'lag_18': 0.966267151794027, 'lag_19': 0.49652798428209327, 'lag_20': 0.29064252890878794, 'lag_21': 0.01294938754080649, 'lag_22': 0.933173481920591, 'lag_23': 0.31086152490911456, 'lag_24': 0.2690447205985947, 'lag_25': 0.2623155900833186, 'lag_26': 0.8554639274735116, 'lag_27': 0.7152792553509033, 'lag_28': 0.5683691400935271}. Best is trial 31 with value: 0.008723042743463893.
[I 2025-09-29 12:52:23,608] Trial 48 finished with value: 0.008968972788227215 and parameters: {'lag_0': 0.2583991011536649, 'lag_1': 0.5927936047964052, 'lag_2': 0.14635783473731206, 'lag_3': 0.2919135694841384, 'lag_4': 0.522073341355865, 'lag_5': 0.7317365237222402, 'lag_6': 0.3818722050488054, 'lag_7': 0.5248762576066702, 'lag_8': 0.27273334974759933, 'lag_9': 0.8219039895477411, 'lag_10': 0.013213900431520542, 'lag_11': 0.9328289207646119, 'lag_12': 0.306675161378129, 'lag_13': 0.8110016983976777, 'lag_14': 0.514764849515317, 'lag_15': 0.23117179444552582, 'lag_16': 0.9497868072494706, 'lag_17': 0.19275521174624335, 'lag_18': 0.8237230688443022, 'lag_19': 0.6197391878267119, 'lag_20': 0.093212269467837, 'lag_21': 0.7606138822970734, 'lag_22': 0.8293540334231695, 'lag_23': 0.42406479172657696, 'lag_24': 0.3958759988391388, 'lag_25': 0.3346328224874713, 'lag_26': 0.9583033709195614, 'lag_27': 0.8450973832642144, 'lag_28': 0.4763366238379572}. Best is trial 31 with value: 0.008723042743463893.
[I 2025-09-29 12:52:26,165] Trial 49 finished with value: 0.009259370612812559 and parameters: {'lag_0': 0.14436400629532953, 'lag_1': 0.5898378132095667, 'lag_2': 0.004627949744235832, 'lag_3': 0.3774715174458071, 'lag_4': 0.6910892130008508, 'lag_5': 0.6979005046694664, 'lag_6': 0.08254725072543379, 'lag_7': 0.5221954034249248, 'lag_8': 0.44416450759050596, 'lag_9': 0.7504987382639945, 'lag_10': 0.003794824563277153, 'lag_11': 0.945412662107274, 'lag_12': 0.4246466107510138, 'lag_13': 0.5792775203179716, 'lag_14': 0.5303969515229966, 'lag_15': 0.21841078755055615, 'lag_16': 0.948462548177564, 'lag_17': 0.3129805834971496, 'lag_18': 0.7847587918104509, 'lag_19': 0.1786994097319718, 'lag_20': 0.09964079659847458, 'lag_21': 0.6329451337906562, 'lag_22': 0.6709642995197128, 'lag_23': 0.9990236076739822, 'lag_24': 0.18829067594517712, 'lag_25': 0.32719243358261085, 'lag_26': 0.9602457192003246, 'lag_27': 0.8893769782279557, 'lag_28': 0.45488248332823555}. Best is trial 31 with value: 0.008723042743463893.
[I 2025-09-29 12:52:28,728] Trial 50 finished with value: 0.009258132302859618 and parameters: {'lag_0': 0.0344724720602943, 'lag_1': 0.7319833114791428, 'lag_2': 0.16468381766675907, 'lag_3': 0.21407807949549754, 'lag_4': 0.4534967743627854, 'lag_5': 0.7329251509338526, 'lag_6': 0.39363925145268847, 'lag_7': 0.3862261485199997, 'lag_8': 0.5272276275683274, 'lag_9': 0.9453161506810674, 'lag_10': 0.08327630685289661, 'lag_11': 0.9029653849047048, 'lag_12': 0.3004679904959465, 'lag_13': 0.32885405474757823, 'lag_14': 0.5712744815960954, 'lag_15': 0.08790807218654506, 'lag_16': 0.9912143500055908, 'lag_17': 0.9996875095739226, 'lag_18': 0.6386519587563895, 'lag_19': 0.6188672950755456, 'lag_20': 0.07939581618187747, 'lag_21': 0.2893184086144358, 'lag_22': 0.7948046636839574, 'lag_23': 0.3529871337396644, 'lag_24': 0.3596843913120677, 'lag_25': 0.1223136031593976, 'lag_26': 0.946808593323389, 'lag_27': 0.004180707837591946, 'lag_28': 0.5039788887565643}. Best is trial 31 with value: 0.008723042743463893.
[I 2025-09-29 12:52:31,285] Trial 51 finished with value: 0.009365241904910409 and parameters: {'lag_0': 0.3136958640940573, 'lag_1': 0.5682464563419666, 'lag_2': 0.2679640611698221, 'lag_3': 0.2762452608791372, 'lag_4': 0.5273237329777456, 'lag_5': 0.9906172606745876, 'lag_6': 0.4957011867394904, 'lag_7': 0.6614785638225702, 'lag_8': 0.3990084272921094, 'lag_9': 0.8149312301814999, 'lag_10': 0.27127510501658, 'lag_11': 0.8079708734500687, 'lag_12': 0.34446048632174797, 'lag_13': 0.7998864399353287, 'lag_14': 0.9851021616668678, 'lag_15': 0.113993991168748, 'lag_16': 0.8771563153269095, 'lag_17': 0.1847951171180336, 'lag_18': 0.830947249009411, 'lag_19': 0.5032076408924143, 'lag_20': 0.06698114708848363, 'lag_21': 0.7833170907128729, 'lag_22': 0.828326629042254, 'lag_23': 0.41276549937384294, 'lag_24': 0.3938684282677334, 'lag_25': 0.37883856833032636, 'lag_26': 0.891662514002915, 'lag_27': 0.8185509704571952, 'lag_28': 0.5887566083168538}. Best is trial 31 with value: 0.008723042743463893.
[I 2025-09-29 12:52:33,839] Trial 52 finished with value: 0.009194859937920965 and parameters: {'lag_0': 0.24396252112810796, 'lag_1': 0.4807538333395185, 'lag_2': 0.12856824781166032, 'lag_3': 0.3023327650067105, 'lag_4': 0.644076050708191, 'lag_5': 0.21873920688240536, 'lag_6': 0.3774006880274025, 'lag_7': 0.564292181903666, 'lag_8': 0.26392796003487, 'lag_9': 0.8764094020192927, 'lag_10': 0.04956917767755278, 'lag_11': 0.9544506680262628, 'lag_12': 0.1524458395527146, 'lag_13': 0.8519875870206206, 'lag_14': 0.9214841526764239, 'lag_15': 0.1908601226423376, 'lag_16': 0.8380064715123907, 'lag_17': 0.10217005702682998, 'lag_18': 0.9477145985906749, 'lag_19': 0.5678671329305804, 'lag_20': 0.1256878790627416, 'lag_21': 0.8954326740308153, 'lag_22': 0.9626170138779231, 'lag_23': 0.5438012463190358, 'lag_24': 0.3749577846762917, 'lag_25': 0.2052020040822247, 'lag_26': 0.7908733763213036, 'lag_27': 0.6598280615147661, 'lag_28': 0.6353516158697903}. Best is trial 31 with value: 0.008723042743463893.
[I 2025-09-29 12:52:36,400] Trial 53 finished with value: 0.009088889311390968 and parameters: {'lag_0': 0.28098413514821813, 'lag_1': 0.9321681814198421, 'lag_2': 0.2166139658160528, 'lag_3': 0.4484791662149653, 'lag_4': 0.4826353972794267, 'lag_5': 0.8274203696172566, 'lag_6': 0.24404029213754316, 'lag_7': 0.589981418816041, 'lag_8': 0.30686540813509217, 'lag_9': 0.8414060932532664, 'lag_10': 0.11704130549581082, 'lag_11': 0.7398897284286137, 'lag_12': 0.27174614827546595, 'lag_13': 0.8048584153746091, 'lag_14': 0.7389358950806919, 'lag_15': 0.26883584303932534, 'lag_16': 0.9368356411320127, 'lag_17': 0.15833847485830016, 'lag_18': 0.8618759243162577, 'lag_19': 0.6342553357520027, 'lag_20': 0.17954197771223707, 'lag_21': 0.7840565151957466, 'lag_22': 0.8519805475552804, 'lag_23': 0.2901716428901184, 'lag_24': 0.45446763040452504, 'lag_25': 0.4302916023190289, 'lag_26': 0.9957643966265173, 'lag_27': 0.7663604939785036, 'lag_28': 0.4869674912544212}. Best is trial 31 with value: 0.008723042743463893.
[I 2025-09-29 12:52:38,967] Trial 54 finished with value: 0.009435615894749443 and parameters: {'lag_0': 0.4060848478103146, 'lag_1': 0.923408316967829, 'lag_2': 0.1979685039817792, 'lag_3': 0.4336068395285984, 'lag_4': 0.8490157859708264, 'lag_5': 0.815032707714405, 'lag_6': 0.2865687157848847, 'lag_7': 0.71588764908402, 'lag_8': 0.34587060749764703, 'lag_9': 0.7271675192948585, 'lag_10': 0.04462795309227083, 'lag_11': 0.4834902883332306, 'lag_12': 0.29683326139754473, 'lag_13': 0.9180363251146421, 'lag_14': 0.7142060142090756, 'lag_15': 0.3946592908275498, 'lag_16': 0.9168969954025934, 'lag_17': 0.24697855682027992, 'lag_18': 0.8171904494725477, 'lag_19': 0.660737143928323, 'lag_20': 0.16657670304689373, 'lag_21': 0.40161841471966886, 'lag_22': 0.8932680652668844, 'lag_23': 0.29915375142289086, 'lag_24': 0.447362990371049, 'lag_25': 0.42842094483160537, 'lag_26': 0.9854385005538543, 'lag_27': 0.8663898199346345, 'lag_28': 0.4841697383841151}. Best is trial 31 with value: 0.008723042743463893.
[I 2025-09-29 12:52:41,521] Trial 55 finished with value: 0.009482874814873785 and parameters: {'lag_0': 0.5069726906326125, 'lag_1': 0.0018181277453667155, 'lag_2': 0.2025175973224435, 'lag_3': 0.47428115051887054, 'lag_4': 0.8147693746670945, 'lag_5': 0.7878761326806888, 'lag_6': 0.21772038432990756, 'lag_7': 0.5092900820402473, 'lag_8': 0.07246092758059991, 'lag_9': 0.8525148601127492, 'lag_10': 0.11735322266736274, 'lag_11': 0.7653992016426734, 'lag_12': 0.2587094994376928, 'lag_13': 0.731707806409247, 'lag_14': 0.44825765156587927, 'lag_15': 0.2723724956816033, 'lag_16': 0.9447808860017956, 'lag_17': 0.6474040670046581, 'lag_18': 0.8631312925849656, 'lag_19': 0.7218229714005787, 'lag_20': 0.007220848343594172, 'lag_21': 0.7489774295417296, 'lag_22': 0.2022019225611295, 'lag_23': 0.2051585624129964, 'lag_24': 0.5211207061316426, 'lag_25': 0.5312244041469597, 'lag_26': 0.9312618812712941, 'lag_27': 0.979469048450341, 'lag_28': 0.4360969839460035}. Best is trial 31 with value: 0.008723042743463893.
[I 2025-09-29 12:52:44,082] Trial 56 finished with value: 0.009402874623064553 and parameters: {'lag_0': 0.29307633087339136, 'lag_1': 0.9602284775680214, 'lag_2': 0.0630356194940701, 'lag_3': 0.5546405677917691, 'lag_4': 0.4355792603755965, 'lag_5': 0.5800722775244471, 'lag_6': 0.09949451299303208, 'lag_7': 0.5976741986416199, 'lag_8': 0.309881132755759, 'lag_9': 0.9167069319054061, 'lag_10': 0.13800784292092674, 'lag_11': 0.900529166268424, 'lag_12': 0.531845592943845, 'lag_13': 0.2515552416856295, 'lag_14': 0.6625940334323935, 'lag_15': 0.33744334522591346, 'lag_16': 0.2846737972864475, 'lag_17': 0.1403161360879671, 'lag_18': 0.9115805720206378, 'lag_19': 0.6257154842525665, 'lag_20': 0.05201807458005009, 'lag_21': 0.49374407687336686, 'lag_22': 0.7170931586335085, 'lag_23': 0.28411965924382604, 'lag_24': 0.2978582147457297, 'lag_25': 0.40294648684958123, 'lag_26': 0.394199275386227, 'lag_27': 0.9383012588924016, 'lag_28': 0.7520932782702419}. Best is trial 31 with value: 0.008723042743463893.
[I 2025-09-29 12:52:46,636] Trial 57 finished with value: 0.00907301784308506 and parameters: {'lag_0': 0.35387308034105125, 'lag_1': 0.6452156642805905, 'lag_2': 0.1083805570402808, 'lag_3': 0.3620653185008671, 'lag_4': 0.9717792179922908, 'lag_5': 0.8803631499855187, 'lag_6': 0.02679391274265807, 'lag_7': 0.00042149593948931363, 'lag_8': 0.6996525045560231, 'lag_9': 0.8017041430460355, 'lag_10': 0.20450971265354273, 'lag_11': 0.8286966911638182, 'lag_12': 0.4303168340177217, 'lag_13': 0.6650508258551546, 'lag_14': 0.5088151702980995, 'lag_15': 0.20601488528641632, 'lag_16': 0.010292010769473003, 'lag_17': 0.34898910102509895, 'lag_18': 0.23806403990007502, 'lag_19': 0.1248606277450314, 'lag_20': 0.14810347851059083, 'lag_21': 0.8221312536715636, 'lag_22': 0.28848673487283566, 'lag_23': 0.37304249014246604, 'lag_24': 0.44694054651867465, 'lag_25': 0.4815632312295317, 'lag_26': 0.9039865098988964, 'lag_27': 0.7548949068764249, 'lag_28': 0.3810342853125508}. Best is trial 31 with value: 0.008723042743463893.
[I 2025-09-29 12:52:49,200] Trial 58 finished with value: 0.008933384467977637 and parameters: {'lag_0': 0.46882396100777846, 'lag_1': 0.64701438370686, 'lag_2': 0.03804421533087318, 'lag_3': 0.3929902155871766, 'lag_4': 0.9085588177306279, 'lag_5': 0.9433507424744869, 'lag_6': 0.02435946716710764, 'lag_7': 0.2598920934850612, 'lag_8': 0.756869393306496, 'lag_9': 0.7757211813231049, 'lag_10': 0.5267412501258439, 'lag_11': 0.8238348835522832, 'lag_12': 0.35739968994234983, 'lag_13': 0.7122557967795504, 'lag_14': 0.5201166905734471, 'lag_15': 0.0008838792175409615, 'lag_16': 0.0917094685915917, 'lag_17': 0.3528212065410135, 'lag_18': 0.04190966783504069, 'lag_19': 0.11379699668527299, 'lag_20': 0.2337435350888668, 'lag_21': 0.9279433129653785, 'lag_22': 0.2875080340311359, 'lag_23': 0.38531932178661626, 'lag_24': 0.5296111085272092, 'lag_25': 0.6123721603703403, 'lag_26': 0.8870841476741582, 'lag_27': 0.59574347909251, 'lag_28': 0.3865339997558181}. Best is trial 31 with value: 0.008723042743463893.
[I 2025-09-29 12:52:51,756] Trial 59 finished with value: 0.010350424875530366 and parameters: {'lag_0': 0.47750830242120323, 'lag_1': 0.6448254841640394, 'lag_2': 0.044396500736609, 'lag_3': 0.5170376590733868, 'lag_4': 0.9716669006013972, 'lag_5': 0.9060170268204706, 'lag_6': 0.005860410556463375, 'lag_7': 0.09582397067925777, 'lag_8': 0.7550508684857583, 'lag_9': 0.7769001502900801, 'lag_10': 0.5501697360167515, 'lag_11': 0.8246419689368232, 'lag_12': 0.4305038266605954, 'lag_13': 0.6666378832237784, 'lag_14': 0.5158549703459829, 'lag_15': 0.025050270475705183, 'lag_16': 0.026006161601724212, 'lag_17': 0.36249942812011304, 'lag_18': 0.29418870884502824, 'lag_19': 0.09658661926549628, 'lag_20': 0.22827883110849145, 'lag_21': 0.9521008444984314, 'lag_22': 0.40834987286392094, 'lag_23': 0.3790919286078801, 'lag_24': 0.5423007383634882, 'lag_25': 0.6210583528942002, 'lag_26': 0.8240821514190171, 'lag_27': 0.7529424532485951, 'lag_28': 0.3987507137900323}. Best is trial 31 with value: 0.008723042743463893.
[I 2025-09-29 12:52:54,316] Trial 60 finished with value: 0.009967547182914652 and parameters: {'lag_0': 0.6369862920089036, 'lag_1': 0.7190899527960757, 'lag_2': 0.08562745468108629, 'lag_3': 0.3958768091178553, 'lag_4': 0.9171314512729104, 'lag_5': 0.9857626017352633, 'lag_6': 0.04864558446593875, 'lag_7': 0.05721713879758997, 'lag_8': 0.8111034373553366, 'lag_9': 0.2208255563517273, 'lag_10': 0.6041574028893113, 'lag_11': 0.2711055636746336, 'lag_12': 0.3682554170237932, 'lag_13': 0.7098121170049938, 'lag_14': 0.006774446714851112, 'lag_15': 0.21367186094041532, 'lag_16': 0.09461480056405126, 'lag_17': 0.49289903983183425, 'lag_18': 0.05551284545366875, 'lag_19': 0.009883587942832062, 'lag_20': 0.12686034085352482, 'lag_21': 0.9055840888294167, 'lag_22': 0.3090274119146796, 'lag_23': 0.4470521651816161, 'lag_24': 0.6378433125732954, 'lag_25': 0.48377161130756985, 'lag_26': 0.8906368165331714, 'lag_27': 0.607043779913084, 'lag_28': 0.31235988550084814}. Best is trial 31 with value: 0.008723042743463893.
[I 2025-09-29 12:52:56,886] Trial 61 finished with value: 0.009036074920525695 and parameters: {'lag_0': 0.3805328963888316, 'lag_1': 0.6783855606071775, 'lag_2': 0.11464499609753781, 'lag_3': 0.35081949325130907, 'lag_4': 0.7716709918945718, 'lag_5': 0.9555452651482772, 'lag_6': 0.05004952410581033, 'lag_7': 0.2701069368065476, 'lag_8': 0.6637027126050208, 'lag_9': 0.6629677161712099, 'lag_10': 0.5060406451528632, 'lag_11': 0.022681553522526838, 'lag_12': 0.49466231617933837, 'lag_13': 0.5590271377730605, 'lag_14': 0.5799473208524972, 'lag_15': 0.5011085008749192, 'lag_16': 0.1068106911390353, 'lag_17': 0.3927198422708452, 'lag_18': 0.16989834496752945, 'lag_19': 0.14859992385931609, 'lag_20': 0.12790706979753874, 'lag_21': 0.8371855424154413, 'lag_22': 0.29086412934156897, 'lag_23': 0.4940232506256888, 'lag_24': 0.4878421684637752, 'lag_25': 0.7496841277478183, 'lag_26': 0.7334169533390598, 'lag_27': 0.5831563403989706, 'lag_28': 0.37698140546140585}. Best is trial 31 with value: 0.008723042743463893.
