[I 2025-10-03 11:35:41,565] Trial 3 finished with values: [0.00390625, 0.004247630385487528, 0.004593966338462771, 0.002735138349293527, 0.0005110790666658014, 0.008201229514569256, 0.0017174973970935515, 0.0019010756534794302, 0.0006432058741535295, 0.000488611000559121, 0.0005366665028235705, 0.00011536017559619453, 0.0042047155464628476, 0.005295458954130108, 0.0, 0.006837756047837956, 0.0093765232259309, 0.001770687904851302, 0.0003775994573414765, 0.001335562239954484, 3.110724657442751e-05, 0.0003833547675866395, 0.001773356486942331, 0.001191799400125901, 0.0014105587260987353, 0.0003041947557554077, 0.007612598849514068, 0.0024012513657835828, 0.00037869370982726477] and parameters: {'lag_0': 0.2577285780165896, 'lag_1': 0.5224640401148445, 'lag_2': 0.6953324628931504, 'lag_3': 0.3320409179492848, 'lag_4': 0.825488322521996, 'lag_5': 0.55517587307536, 'lag_6': 0.27696651125097516, 'lag_7': 0.8879568792045481, 'lag_8': 0.6181260593055765, 'lag_9': 0.572088272835399, 'lag_10': 0.23608306420563924, 'lag_11': 0.9819120910327592, 'lag_12': 0.5356908546689543, 'lag_13': 0.21403605401010126, 'lag_14': 0.7311444683681655, 'lag_15': 0.273695696092151, 'lag_16': 0.07832033320720362, 'lag_17': 0.8509828272244646, 'lag_18': 0.8099890696855923, 'lag_19': 0.8845058472322169, 'lag_20': 0.6242514393553463, 'lag_21': 0.3763676396869312, 'lag_22': 0.045092689851756115, 'lag_23': 0.5439525863472127, 'lag_24': 0.7782684774381082, 'lag_25': 0.013735971435290434, 'lag_26': 0.7554845302221868, 'lag_27': 0.2805348410363085, 'lag_28': 0.7717571981464665}.
[I 2025-10-03 11:35:44,206] Trial 4 finished with values: [0.08932291666666665, 0.004986149584487534, 0.006065830498866212, 0.00497524525902402, 0.0011026796952415582, 0.007318255643054411, 0.0014747059995776246, 0.0021219072112742465, 0.0015529722575778626, 0.0003815512448551165, 0.000599882895383675, 0.00040806984349303486, 0.0032635262910741666, 0.005857906006580202, 0.0, 0.008019015336690805, 0.007041105395330415, 0.0012496450189713197, 0.0007777170045274427, 0.0011619472670157571, 4.5794516803637986e-05, 0.0004255978462782034, 0.001833499245700472, 0.0016599823435682923, 0.0019327786428374315, 0.00016505731724524388, 0.004939279383845166, 0.0021005360729359295, 0.0004192119588479513] and parameters: {'lag_0': 0.9891334832512547, 'lag_1': 0.8321977106753216, 'lag_2': 0.41681829014072724, 'lag_3': 0.2878819573948526, 'lag_4': 0.9110745813022664, 'lag_5': 0.09486833501445335, 'lag_6': 0.38499831497079884, 'lag_7': 0.08073384311804811, 'lag_8': 0.12936657301534102, 'lag_9': 0.602259687489203, 'lag_10': 0.009056111524855014, 'lag_11': 0.8618308008687606, 'lag_12': 0.8196790363486032, 'lag_13': 0.3714895687130343, 'lag_14': 0.25786435952178965, 'lag_15': 0.49540035887654943, 'lag_16': 0.6926756828660828, 'lag_17': 0.33399432540415236, 'lag_18': 0.7391703889734188, 'lag_19': 0.46241613751689076, 'lag_20': 0.09368631186428918, 'lag_21': 0.5285030577850371, 'lag_22': 0.21470356133114704, 'lag_23': 0.6644947886037722, 'lag_24': 0.5923481148283813, 'lag_25': 0.3461680799086657, 'lag_26': 0.8910901668731542, 'lag_27': 0.2574672534426204, 'lag_28': 0.1422970663506478}.
[I 2025-10-03 11:35:46,847] Trial 5 finished with values: [0.00390625, 0.0026688888888888886, 0.0029253957782717868, 0.002519357527454608, 0.0004412763990017561, 0.005599768889214837, 0.0013819020994356329, 0.0013849721781418842, 0.0007386221673459691, 0.0002562589921419365, 0.0008131812110879379, 0.000540666177736047, 0.005318843330422862, 0.006527002356354977, 0.0, 0.010259872350259486, 0.00604049611085561, 0.0008292941190562095, 0.00035626152397399193, 0.0008566405543945235, 9.686162341829617e-05, 0.0005364100585011918, 0.0009288802248768903, 0.001409053962579903, 0.0019919757009078014, 0.0001054443822843074, 0.005474209934963179, 0.0015826780142821745, 0.00040817842410915994] and parameters: {'lag_0': 0.1523269362406026, 'lag_1': 0.2905594558270436, 'lag_2': 0.7529126574947274, 'lag_3': 0.9940649320043, 'lag_4': 0.24194226697452126, 'lag_5': 0.47667773053590734, 'lag_6': 0.31045594333840254, 'lag_7': 0.14947127222504183, 'lag_8': 0.5921904557404879, 'lag_9': 0.8178937281512498, 'lag_10': 0.43347971897496834, 'lag_11': 0.20742910049576083, 'lag_12': 0.8741015928217124, 'lag_13': 0.930262499260991, 'lag_14': 0.7398063097967567, 'lag_15': 0.8495277201860469, 'lag_16': 0.04874036753629971, 'lag_17': 0.9156463099868535, 'lag_18': 0.8783186930188779, 'lag_19': 0.638684505647057, 'lag_20': 0.4711325839534227, 'lag_21': 0.22333003975677443, 'lag_22': 0.5428618437659881, 'lag_23': 0.11255162216795299, 'lag_24': 0.6693998871614292, 'lag_25': 0.6896337017485578, 'lag_26': 0.19390304463592437, 'lag_27': 0.39798482532665747, 'lag_28': 0.7377680305272224}.
[I 2025-10-03 11:35:49,488] Trial 6 finished with values: [0.003597608024691358, 0.002939365058939546, 0.0039555180570283255, 0.005496662582472733, 0.0006030664574882199, 0.006547921910267826, 0.000840331944904852, 0.0012648319295183812, 0.0006421223841746278, 0.00034590077224058686, 0.0008066725238371735, 0.00020645259148565335, 0.004080644378444215, 0.006650828647544524, 0.0, 0.01069460629134637, 0.0069181743192042126, 0.0018213654025239262, 0.00044736787537873104, 0.001178740240247544, 0.0003759709768459801, 0.0006062120841314144, 0.0016236420342567396, 0.0014763757986316142, 0.0018856779787719089, 5.938424070024149e-05, 0.006246363510711862, 0.0028328076339042088, 0.0007759168617143925] and parameters: {'lag_0': 0.4639638467520525, 'lag_1': 0.236423834094162, 'lag_2': 0.9670820614608271, 'lag_3': 0.39880318322114217, 'lag_4': 0.48549799950469624, 'lag_5': 0.5732375151623099, 'lag_6': 0.06323097438865233, 'lag_7': 0.25321522716225425, 'lag_8': 0.16773247138858902, 'lag_9': 0.7780688009384749, 'lag_10': 0.8201990421263176, 'lag_11': 0.3462434252410629, 'lag_12': 0.16352055821360068, 'lag_13': 0.6468568988892908, 'lag_14': 0.26378891447399766, 'lag_15': 0.7311102685337656, 'lag_16': 0.5710285106290058, 'lag_17': 0.49598065331068125, 'lag_18': 0.46653102494301785, 'lag_19': 0.6845201521626798, 'lag_20': 0.9179950451632989, 'lag_21': 0.7777179579062238, 'lag_22': 0.8913957343564552, 'lag_23': 0.2115362261950378, 'lag_24': 0.0725652932952829, 'lag_25': 0.2061078132643202, 'lag_26': 0.3969993351788451, 'lag_27': 0.18428756010544478, 'lag_28': 0.8736479234737984}.
[I 2025-10-03 11:35:52,121] Trial 7 finished with values: [0.004416454081632653, 0.0013717421124828531, 0.0044308004439708925, 0.0036990891195408915, 0.0008200485501715669, 0.0071473608831338605, 0.0015703902959445406, 0.0018305497554763027, 0.0005674988410569444, 0.0003418672859411322, 0.0004325885776996825, 0.0001217085460248676, 0.004495901852184123, 0.005498043880661789, 0.0, 0.009506836533402929, 0.00766066991171867, 0.0015739751969901985, 0.0007381123522408058, 0.0005673288445948559, 7.841666926592944e-05, 0.0008148068756391824, 0.001179796768998088, 0.001250785361161677, 0.0020379251967708096, 5.031085901601951e-05, 0.0068256143472557925, 0.0013394072965279163, 0.0006317825076627491] and parameters: {'lag_0': 0.03899624117769254, 'lag_1': 0.5573751939602583, 'lag_2': 0.550782748725168, 'lag_3': 0.9866169548961023, 'lag_4': 0.7549323943667949, 'lag_5': 0.8788635441754328, 'lag_6': 0.3881381874828939, 'lag_7': 0.16870569113945985, 'lag_8': 0.4528844856512267, 'lag_9': 0.706961875465386, 'lag_10': 0.8447386683779803, 'lag_11': 0.4265358770426977, 'lag_12': 0.32665762575014723, 'lag_13': 0.1407360865166871, 'lag_14': 0.5168266207236973, 'lag_15': 0.060456278830837346, 'lag_16': 0.09832642760165021, 'lag_17': 0.9908293678373853, 'lag_18': 0.47264056467059606, 'lag_19': 0.5622633596361244, 'lag_20': 0.9502372457819209, 'lag_21': 0.36533681659120687, 'lag_22': 0.05630067945305526, 'lag_23': 0.7761419894337869, 'lag_24': 0.8102723554816349, 'lag_25': 0.6768842536761107, 'lag_26': 0.5921572076388306, 'lag_27': 0.41095305944403077, 'lag_28': 0.6564260570483854}.
[I 2025-10-03 11:35:54,756] Trial 8 finished with values: [0.011545138888888888, 0.001378744452662722, 0.0015416730012107632, 0.002612812174029889, 0.0002476390815695703, 0.007278455370576172, 0.00117136066567269, 0.0020654798079664917, 0.0010794373065277875, 0.00010737985421859877, 0.0007414967931487318, 5.6492037875012805e-05, 0.004200240250754287, 0.00557987486612755, 0.0, 0.009276877545071702, 0.0063127112364203845, 0.001702469919291579, 0.00046183308052128136, 0.00076378423401364, 9.832466509086452e-05, 0.0005725682191139478, 0.0010289834479013892, 0.0007386593717823466, 0.001690667997271003, 0.00020710470171516428, 0.007976161571590788, 0.0021710348912092514, 0.0008355722921654108] and parameters: {'lag_0': 0.041643494708772974, 'lag_1': 0.28443369133748553, 'lag_2': 0.5088164068654563, 'lag_3': 0.595813135782963, 'lag_4': 0.615627792054557, 'lag_5': 0.7654752055416206, 'lag_6': 0.9824922567755451, 'lag_7': 0.7104411908218948, 'lag_8': 0.1016309777840292, 'lag_9': 0.9014361527005057, 'lag_10': 0.11990797601440648, 'lag_11': 0.7379932297537747, 'lag_12': 0.7073118776556622, 'lag_13': 0.6325439589343798, 'lag_14': 0.43597256791315553, 'lag_15': 0.830095758358961, 'lag_16': 0.6003265402389233, 'lag_17': 0.8274376023986179, 'lag_18': 0.8486402456029122, 'lag_19': 0.8935764032683391, 'lag_20': 0.6443742946490281, 'lag_21': 0.24987210817812497, 'lag_22': 0.5089830224203378, 'lag_23': 0.2723348045998926, 'lag_24': 0.7394398994659074, 'lag_25': 0.5175383135696815, 'lag_26': 0.8996443327227296, 'lag_27': 0.9609766536972516, 'lag_28': 0.6064931607273375}.
[I 2025-10-03 11:35:57,388] Trial 9 finished with values: [0.003796619370888851, 0.0016608312240565797, 0.005903527632192743, 0.0026443348009707636, 9.507432774975838e-05, 0.005917658732966667, 0.0008188539404651843, 0.0016811071332970009, 0.0005790486397836442, 0.00031983100943693915, 0.0015303803234692868, 0.00024256889627313947, 0.004524876577802499, 0.005449342751510637, 0.0, 0.006808573027354789, 0.007784514786967381, 0.0012331067407325184, 0.0008695110262307775, 0.0005117555348353962, 0.00013601439434670688, 0.000423252216210163, 0.0014021515575649121, 0.001095150952680218, 0.0020063394381813478, 0.0003170614161168911, 0.006460724272048207, 0.001849473398782176, 0.0003902124706597246] and parameters: {'lag_0': 0.8856245807194204, 'lag_1': 0.851732294075451, 'lag_2': 0.9212380431259408, 'lag_3': 0.4502765705845806, 'lag_4': 0.968706762444277, 'lag_5': 0.3935388489695306, 'lag_6': 0.4977909212798431, 'lag_7': 0.44934835705704007, 'lag_8': 0.03504449387239741, 'lag_9': 0.7717666127495728, 'lag_10': 0.34300947522034303, 'lag_11': 0.1374043660493612, 'lag_12': 0.3099856893554152, 'lag_13': 0.444387361248611, 'lag_14': 0.5332345061775212, 'lag_15': 0.8243186272476636, 'lag_16': 0.3988757501757433, 'lag_17': 0.3059904108079747, 'lag_18': 0.5156788058854418, 'lag_19': 0.5429766027726367, 'lag_20': 0.126608649548801, 'lag_21': 0.9642013168507702, 'lag_22': 0.6173080441435744, 'lag_23': 0.07941765398032406, 'lag_24': 0.8476914396071605, 'lag_25': 0.6638063742312733, 'lag_26': 0.027186176476009027, 'lag_27': 0.27958294460363564, 'lag_28': 0.31922013310967373}.
[I 2025-10-03 11:36:00,026] Trial 10 finished with values: [0.00390625, 0.0009535147392290249, 0.004300137146973954, 0.003927259372548908, 0.000692925232459054, 0.006093260699116732, 0.0014241935654388924, 0.001445107155856783, 0.0010859406470426758, 0.00039828728830599766, 0.00043158084480381185, 0.00022438748097031373, 0.004663323392302428, 0.006285951628454271, 0.0, 0.00744992312852705, 0.0071150764933199575, 0.0020029940803550743, 0.0010410905384561134, 0.001098599015939171, 0.00017186300952052916, 0.0005867345551655639, 0.0014484215797213, 0.0013165657598619332, 0.0022078185424379295, 0.00016398594159284293, 0.0068804514712815885, 0.0019189664957186448, 0.0009244148283941774] and parameters: {'lag_0': 0.1140588169054626, 'lag_1': 0.5889994078577857, 'lag_2': 0.997490914211947, 'lag_3': 0.07798293337195185, 'lag_4': 0.8500492705153089, 'lag_5': 0.9917903464894043, 'lag_6': 0.9433797985307701, 'lag_7': 0.931679173265938, 'lag_8': 0.6880223982439455, 'lag_9': 0.7500275874181678, 'lag_10': 0.9228720844371724, 'lag_11': 0.6295652535345472, 'lag_12': 0.6108330463826217, 'lag_13': 0.47899745843578173, 'lag_14': 0.762962676245538, 'lag_15': 0.580703839830184, 'lag_16': 0.5658214268613777, 'lag_17': 0.5250065412383841, 'lag_18': 0.5524892713636324, 'lag_19': 0.8808252922504078, 'lag_20': 0.3400777894516952, 'lag_21': 0.5756659008628234, 'lag_22': 0.25873314626394694, 'lag_23': 0.33458298642539697, 'lag_24': 0.8835686826491668, 'lag_25': 0.28596168270957095, 'lag_26': 0.3873987250519169, 'lag_27': 0.8707314510083528, 'lag_28': 0.21255414370110823}.
[I 2025-10-03 11:36:02,817] Trial 11 finished with values: [0.005295138888888888, 0.0035771690434663653, 0.0035386038673626205, 0.003654474285206144, 0.0008679969125548921, 0.005688432890121855, 0.0007316591155562709, 0.0011556122467124802, 0.0012524633028502042, 0.0003877472988001998, 0.0010139413990757494, 6.932772748528924e-05, 0.004580480313405522, 0.006246523065932762, 0.0, 0.007536642940710134, 0.006498120663862311, 0.0018139676674260867, 0.000927551824913148, 0.0014378318559333512, 9.041893620156695e-06, 0.0007415777772571505, 0.0013623973229649846, 0.001747672653120089, 0.0016929204400477405, 0.0002999638421092404, 0.0062429558811581565, 0.003127280342835755, 0.0004072491900956955] and parameters: {'lag_0': 0.1356006625580066, 'lag_1': 0.46750038483109535, 'lag_2': 0.6981584574455423, 'lag_3': 0.33301674851024354, 'lag_4': 0.9156336290058542, 'lag_5': 0.8912133247825504, 'lag_6': 0.8676497995160777, 'lag_7': 0.752678683328635, 'lag_8': 0.5620840156777818, 'lag_9': 0.2649457936195077, 'lag_10': 0.7920277311780015, 'lag_11': 0.8038868473879418, 'lag_12': 0.679668192035613, 'lag_13': 0.041144508876708695, 'lag_14': 0.7347921292570385, 'lag_15': 0.9141965857481015, 'lag_16': 0.6067353956683046, 'lag_17': 0.20267514796482475, 'lag_18': 0.8624271432116366, 'lag_19': 0.726347360429726, 'lag_20': 0.038194002137849216, 'lag_21': 0.5861746764245968, 'lag_22': 0.23765888546834538, 'lag_23': 0.9698874238657798, 'lag_24': 0.27390512140414125, 'lag_25': 0.17383354228502632, 'lag_26': 0.8758370541096452, 'lag_27': 0.4029243631832509, 'lag_28': 0.8430720399277938}.
[I 2025-10-03 11:36:05,469] Trial 12 finished with values: [0.00390625, 0.0007493727273947053, 0.0041518458605226, 0.001355741924528066, 0.0003902653986500537, 0.007004803776203735, 0.001875886494296705, 0.001544782982073917, 0.0016170292803371928, 0.00021577678238948993, 0.0007838496957533584, 0.0003498102900462476, 0.0035580015064032486, 0.006443123838408738, 0.0, 0.009035986271059473, 0.008245365697584463, 0.001403550423938454, 0.0009990197639649725, 0.0012178124619049934, 9.352959541783963e-05, 0.00051839744838132, 0.0015915902223311088, 0.0016204231709125994, 0.002131456443483147, 9.324702178036894e-05, 0.004511413998810472, 0.002967994648558792, 0.00045548841382809043] and parameters: {'lag_0': 0.7130165421393254, 'lag_1': 0.045323765934003994, 'lag_2': 0.050510719840436744, 'lag_3': 0.6637640324265023, 'lag_4': 0.5428991607292079, 'lag_5': 0.28169295722184406, 'lag_6': 0.7313796611095174, 'lag_7': 0.04086206827135208, 'lag_8': 0.5664937056227767, 'lag_9': 0.6464506539582466, 'lag_10': 0.5211608016975328, 'lag_11': 0.8714189250667613, 'lag_12': 0.22977003964813675, 'lag_13': 0.7607083406010368, 'lag_14': 0.1341687461381791, 'lag_15': 0.016738713777774573, 'lag_16': 0.2942184196571194, 'lag_17': 0.251252345161838, 'lag_18': 0.38811728722169153, 'lag_19': 0.45240142690685287, 'lag_20': 0.4007127172472045, 'lag_21': 0.9589473838240049, 'lag_22': 0.8271308009934077, 'lag_23': 0.1171021073631976, 'lag_24': 0.1496988430543017, 'lag_25': 0.18560250708196888, 'lag_26': 0.5628894867165583, 'lag_27': 0.9661282675063936, 'lag_28': 0.5854598947861303}.
[I 2025-10-03 11:36:08,111] Trial 13 finished with values: [0.00390625, 0.006299039780521262, 0.0034375104795322407, 0.0026032711545649696, 0.0002370716066166728, 0.004930808369825604, 0.00219534152019438, 0.0017677511584092045, 0.0005368084148643818, 0.00021070334511759788, 0.0003155275896942117, 0.00018234356984178458, 0.004893657596687914, 0.0066422315067639045, 0.0, 0.007337838551039641, 0.006552956761434162, 0.0011748942461069845, 0.0009642090156306331, 0.0010616522522471801, 6.844361176758227e-05, 0.0007279928557959918, 0.00039011701410671725, 0.0013608494408129284, 0.0017252779814450712, 0.0001518077188428253, 0.006222165942456823, 0.0015589774206998565, 0.00042413252444734473] and parameters: {'lag_0': 0.5650470986332897, 'lag_1': 0.0533980766844852, 'lag_2': 0.9927701084034006, 'lag_3': 0.46058564286941683, 'lag_4': 0.4055421672800994, 'lag_5': 0.5814823362103605, 'lag_6': 0.7842544302672233, 'lag_7': 0.7296853095903627, 'lag_8': 0.9204046193755588, 'lag_9': 0.30302360682261226, 'lag_10': 0.0779173763371066, 'lag_11': 0.707012636950575, 'lag_12': 0.3163440572503398, 'lag_13': 0.8595837787997158, 'lag_14': 0.5850201118213879, 'lag_15': 0.32376148745520306, 'lag_16': 0.547473308986119, 'lag_17': 0.6604624478951411, 'lag_18': 0.7387750940855495, 'lag_19': 0.25100456149016853, 'lag_20': 0.5439811774792825, 'lag_21': 0.31924607096492125, 'lag_22': 0.05761174716466931, 'lag_23': 0.41949344484467105, 'lag_24': 0.857147146597129, 'lag_25': 0.17620828848373227, 'lag_26': 0.463187558880596, 'lag_27': 0.004610027146218537, 'lag_28': 0.9611578509338431}.
[I 2025-10-03 11:36:10,758] Trial 14 finished with values: [0.004416454081632653, 0.006137609711245327, 0.002879791894045328, 0.0025824138349906066, 0.001095973034783932, 0.006003356071847947, 0.001331842628874033, 0.0019170873120935013, 0.0005295134525193992, 0.0005515127137953725, 0.0008580183991739063, 0.0002883105625382209, 0.0029376861351938814, 0.006259815627102759, 0.0, 0.008267095492792276, 0.00632783051445524, 0.0008202527182148254, 0.0006535502415410114, 0.0009951607171683262, 2.7543418887683285e-05, 0.0004603766568344166, 0.0010883496905777965, 0.000373603471161575, 0.0017884670431944718, 0.0002570005348565231, 0.006308012712164625, 0.0015167194664013092, 0.0009285807771152399] and parameters: {'lag_0': 0.9859613173065642, 'lag_1': 0.8858277293260932, 'lag_2': 0.7414098398262796, 'lag_3': 0.0406465817563405, 'lag_4': 0.9852895137887114, 'lag_5': 0.7009877829927373, 'lag_6': 0.6508692911013532, 'lag_7': 0.9807163959260924, 'lag_8': 0.808634646068379, 'lag_9': 0.4407285279700268, 'lag_10': 0.3185385867732585, 'lag_11': 0.77141567011658, 'lag_12': 0.3792283167723724, 'lag_13': 0.3356927019093782, 'lag_14': 0.36062487773457824, 'lag_15': 0.20174178132193726, 'lag_16': 0.28110070231144085, 'lag_17': 0.6664442971220463, 'lag_18': 0.12298330726607982, 'lag_19': 0.7935839943509186, 'lag_20': 0.4829254688251462, 'lag_21': 0.2764034305537801, 'lag_22': 0.6870369866509657, 'lag_23': 0.47043267449296844, 'lag_24': 0.45663513162850183, 'lag_25': 0.3351118062410624, 'lag_26': 0.6193899043288915, 'lag_27': 0.27375895267973566, 'lag_28': 0.999618078343511}.
[I 2025-10-03 11:36:13,395] Trial 15 finished with values: [0.0406666050295858, 0.0029007475706098436, 0.0034317971066607235, 0.0031664325169385764, 0.0006044933717474913, 0.004832378645072859, 0.0021727395059515956, 0.0021476355127244525, 0.0012884484236470972, 0.0004959533384496739, 0.0007981350469532403, 0.00014720565159434155, 0.004613954933343224, 0.006272427986679411, 0.0, 0.009851761230549741, 0.0066810595718489975, 0.001926870768603823, 0.0006960003311878122, 0.0010090967933365678, 0.0001237704207296772, 0.0004749547481866909, 0.0012883076848598373, 0.0013312359592492073, 0.0016546648744230543, 0.0001140839246828879, 0.005999092052346935, 0.0029885389892467815, 0.0008345348034156245] and parameters: {'lag_0': 0.8680568277290005, 'lag_1': 0.25462769779511324, 'lag_2': 0.3358902310935211, 'lag_3': 0.15165704278547124, 'lag_4': 0.5786277805118377, 'lag_5': 0.15780186138553257, 'lag_6': 0.45175311709336885, 'lag_7': 0.35471530268893053, 'lag_8': 0.5285679197116553, 'lag_9': 0.7955559648559881, 'lag_10': 0.05721492550566201, 'lag_11': 0.6235136542787755, 'lag_12': 0.5033334555064358, 'lag_13': 0.35198423887483377, 'lag_14': 0.7184607761592366, 'lag_15': 0.24127387949548906, 'lag_16': 0.7735221539942434, 'lag_17': 0.8880175406031461, 'lag_18': 0.7001450407338946, 'lag_19': 0.79338493940806, 'lag_20': 0.24203590589050192, 'lag_21': 0.4449887244157455, 'lag_22': 0.3548841699891046, 'lag_23': 0.214787004741289, 'lag_24': 0.7469560498018144, 'lag_25': 0.6639981503658957, 'lag_26': 0.3689987642028447, 'lag_27': 0.19982172305191015, 'lag_28': 0.044313371147279984}.
