2025-09-29 12:50:12,851 - distributed.nanny - INFO -         Start Nanny at: 'tcp://192.168.86.107:38020'
2025-09-29 12:50:14,160 - distributed.worker - INFO -       Start worker at: tcp://192.168.86.107:33199
2025-09-29 12:50:14,161 - distributed.worker - INFO -          Listening to: tcp://192.168.86.107:33199
2025-09-29 12:50:14,161 - distributed.worker - INFO -           Worker name:             SLURMCluster-6
2025-09-29 12:50:14,161 - distributed.worker - INFO -          dashboard at:       192.168.86.107:42454
2025-09-29 12:50:14,161 - distributed.worker - INFO - Waiting to connect to: tcp://192.168.86.101:39990
2025-09-29 12:50:14,161 - distributed.worker - INFO - -------------------------------------------------
2025-09-29 12:50:14,161 - distributed.worker - INFO -               Threads:                          1
2025-09-29 12:50:14,161 - distributed.worker - INFO -                Memory:                   9.31 GiB
2025-09-29 12:50:14,161 - distributed.worker - INFO -       Local Directory: /home1/zrentala/dask-worker-space/dask-scratch-space/worker-6g7wexix
2025-09-29 12:50:14,161 - distributed.worker - INFO - -------------------------------------------------
2025-09-29 12:50:14,468 - distributed.worker - INFO - Starting Worker plugin shuffle
2025-09-29 12:50:14,468 - distributed.worker - INFO -         Registered to: tcp://192.168.86.101:39990
2025-09-29 12:50:14,468 - distributed.worker - INFO - -------------------------------------------------
2025-09-29 12:50:14,469 - distributed.core - INFO - Starting established connection to tcp://192.168.86.101:39990
[I 2025-09-29 12:50:14,546] A new study created in memory with name: no-name-7aabe018-deeb-4be2-b2cd-afb862ec8edb
[I 2025-09-29 12:50:17,014] Trial 0 finished with value: 0.007159108210008348 and parameters: {'lag_0': 0.6638506036769212, 'lag_1': 0.31454525128912897, 'lag_2': 0.4723137690770282, 'lag_3': 0.3223819174048583, 'lag_4': 0.5693088778258124, 'lag_5': 0.7018454821734518, 'lag_6': 0.8414529290466884, 'lag_7': 0.04499860682394472, 'lag_8': 0.10142997518035152, 'lag_9': 0.4061449557225839, 'lag_10': 0.43023750160678237, 'lag_11': 0.7130528569214476, 'lag_12': 0.11074787159973375, 'lag_13': 0.7395697507530412, 'lag_14': 0.9780368796624488, 'lag_15': 0.41268683027844083, 'lag_16': 0.40258542280213405, 'lag_17': 0.28594780020498867, 'lag_18': 0.1478080698903385, 'lag_19': 0.5523111418297423, 'lag_20': 0.4546130956654782, 'lag_21': 0.7306604119549636, 'lag_22': 0.1954544825433765, 'lag_23': 0.22169976396094984, 'lag_24': 0.017128200154692075, 'lag_25': 0.5392220417912501, 'lag_26': 0.48719236529536775, 'lag_27': 0.1371032449374861, 'lag_28': 0.2328881397326062}. Best is trial 0 with value: 0.007159108210008348.
[I 2025-09-29 12:50:19,443] Trial 1 finished with value: 0.006890155788234098 and parameters: {'lag_0': 0.035152623815557095, 'lag_1': 0.13963755902231473, 'lag_2': 0.09349317940411395, 'lag_3': 0.5574123793340003, 'lag_4': 0.7910924944037159, 'lag_5': 0.5631454385819188, 'lag_6': 0.10422671106635727, 'lag_7': 0.03204195532986245, 'lag_8': 0.47058524789379286, 'lag_9': 0.7476847971411092, 'lag_10': 0.08041442615355102, 'lag_11': 0.4219808555238757, 'lag_12': 0.7414477421431944, 'lag_13': 0.8098635623475835, 'lag_14': 0.9661602291823295, 'lag_15': 0.2541885705171507, 'lag_16': 0.9444650502233232, 'lag_17': 0.2479837601131707, 'lag_18': 0.9614011333951483, 'lag_19': 0.915580467610463, 'lag_20': 0.5517738223717745, 'lag_21': 0.7286838842737148, 'lag_22': 0.6357300566862585, 'lag_23': 0.06015617143381531, 'lag_24': 0.3522240837525265, 'lag_25': 0.38833945127004793, 'lag_26': 0.05989415411441581, 'lag_27': 0.6780138490766536, 'lag_28': 0.9528438155357436}. Best is trial 1 with value: 0.006890155788234098.
[I 2025-09-29 12:50:21,881] Trial 2 finished with value: 0.00748362968937665 and parameters: {'lag_0': 0.4435749037747441, 'lag_1': 0.17338965563582756, 'lag_2': 0.5320345864651562, 'lag_3': 0.11762368717006766, 'lag_4': 0.19126937962432417, 'lag_5': 0.03419468867593118, 'lag_6': 0.7071189964880914, 'lag_7': 0.7310309379613361, 'lag_8': 0.1332844579234377, 'lag_9': 0.15932271412288612, 'lag_10': 0.5435461802781609, 'lag_11': 0.6242877786604187, 'lag_12': 0.35002257575088364, 'lag_13': 0.5384484094159243, 'lag_14': 0.43136668795925215, 'lag_15': 0.35562432465042065, 'lag_16': 0.05798633708225026, 'lag_17': 0.15404841037234632, 'lag_18': 0.21077273038342975, 'lag_19': 0.5696136244795035, 'lag_20': 0.3114144132411758, 'lag_21': 0.9671210290592465, 'lag_22': 0.7187521262777431, 'lag_23': 0.707115773319767, 'lag_24': 0.6298370317198342, 'lag_25': 0.7700880678182889, 'lag_26': 0.7230692831961649, 'lag_27': 0.9374906843834444, 'lag_28': 0.6662010212375936}. Best is trial 1 with value: 0.006890155788234098.
[I 2025-09-29 12:50:24,322] Trial 3 finished with value: 0.0074874773350242785 and parameters: {'lag_0': 0.7205464596440996, 'lag_1': 0.09135365876253532, 'lag_2': 0.25023881222139616, 'lag_3': 0.4488056274559191, 'lag_4': 0.9653895734102443, 'lag_5': 0.0476089773647714, 'lag_6': 0.6374823568565166, 'lag_7': 0.5394668984522751, 'lag_8': 0.6307864265107122, 'lag_9': 0.09016124317943147, 'lag_10': 0.667868385963427, 'lag_11': 0.713081536263075, 'lag_12': 0.007243805175799159, 'lag_13': 0.7576499550078246, 'lag_14': 0.30066351623461574, 'lag_15': 0.8555866238623687, 'lag_16': 0.8141719979554942, 'lag_17': 0.027778259075104485, 'lag_18': 0.33444301579981545, 'lag_19': 0.14107127777632925, 'lag_20': 0.9087427806918614, 'lag_21': 0.5596026114611069, 'lag_22': 0.36789103209607577, 'lag_23': 0.11072445149896744, 'lag_24': 0.3102985404060209, 'lag_25': 0.7003950990486751, 'lag_26': 0.3554074701343774, 'lag_27': 0.09466212688945602, 'lag_28': 0.025350073869365403}. Best is trial 1 with value: 0.006890155788234098.
[I 2025-09-29 12:50:26,754] Trial 4 finished with value: 0.0061784149899820175 and parameters: {'lag_0': 0.5580035672557556, 'lag_1': 0.8857445329673164, 'lag_2': 0.36758065281970814, 'lag_3': 0.028752768767143673, 'lag_4': 0.5755625546438398, 'lag_5': 0.10770316795334409, 'lag_6': 0.7569998308094873, 'lag_7': 0.9067220867010973, 'lag_8': 0.6425623446796235, 'lag_9': 0.28359127678496715, 'lag_10': 0.7644924029075779, 'lag_11': 0.32419134132363187, 'lag_12': 0.017541447446588542, 'lag_13': 0.526656759302991, 'lag_14': 0.14915030055960715, 'lag_15': 0.43225226637683095, 'lag_16': 0.3390634204516361, 'lag_17': 0.6967895658795926, 'lag_18': 0.038649524275594156, 'lag_19': 0.8273895235520972, 'lag_20': 0.7433900703748795, 'lag_21': 0.9025389470723789, 'lag_22': 0.1317238779985392, 'lag_23': 0.7163206646310694, 'lag_24': 0.7802685004505492, 'lag_25': 0.5247046342674209, 'lag_26': 0.7983213400649533, 'lag_27': 0.5611710744260342, 'lag_28': 0.09414148406212162}. Best is trial 4 with value: 0.0061784149899820175.
[I 2025-09-29 12:50:29,185] Trial 5 finished with value: 0.0072487835785753196 and parameters: {'lag_0': 0.6276449224059958, 'lag_1': 0.2744353203911804, 'lag_2': 0.4905957184339971, 'lag_3': 0.9254356660424142, 'lag_4': 0.1702433289440759, 'lag_5': 0.5630399941405485, 'lag_6': 0.2546247832892248, 'lag_7': 0.9536357622175728, 'lag_8': 0.7317369741588838, 'lag_9': 0.8062411130575825, 'lag_10': 0.7902179114408211, 'lag_11': 0.7574923177863044, 'lag_12': 0.25795517674793117, 'lag_13': 0.5394822607974993, 'lag_14': 0.24403928871496164, 'lag_15': 0.3232097764189802, 'lag_16': 0.09182671678163555, 'lag_17': 0.9048864637370108, 'lag_18': 0.43346029973134265, 'lag_19': 0.055942918194346825, 'lag_20': 0.877451876390864, 'lag_21': 0.773704782222026, 'lag_22': 0.6416932272558629, 'lag_23': 0.133977881375142, 'lag_24': 0.8369764881109031, 'lag_25': 0.9849698122661303, 'lag_26': 0.37445989917173006, 'lag_27': 0.7579383990334634, 'lag_28': 0.08262276131061815}. Best is trial 4 with value: 0.0061784149899820175.
[I 2025-09-29 12:50:31,595] Trial 6 finished with value: 0.006282863995764244 and parameters: {'lag_0': 0.7655833009769405, 'lag_1': 0.08749972799738814, 'lag_2': 0.8493856026743328, 'lag_3': 0.17014720884849585, 'lag_4': 0.5212485462591535, 'lag_5': 0.11443291422496576, 'lag_6': 0.7089722992656529, 'lag_7': 0.40543773704112207, 'lag_8': 0.6859946698620726, 'lag_9': 0.44869470249416277, 'lag_10': 0.5675482371032111, 'lag_11': 0.4621960502300407, 'lag_12': 0.5189632110433148, 'lag_13': 0.7807706072569788, 'lag_14': 0.9421331702272018, 'lag_15': 0.6904420585357925, 'lag_16': 0.7971162732328326, 'lag_17': 0.4859028063824162, 'lag_18': 0.028351192479924882, 'lag_19': 0.10954525083623384, 'lag_20': 0.853011656463857, 'lag_21': 0.9308384497601828, 'lag_22': 0.21277530065210104, 'lag_23': 0.2879034150550257, 'lag_24': 0.46355906022155885, 'lag_25': 0.4776141324679856, 'lag_26': 0.8921605600137914, 'lag_27': 0.2802267836240525, 'lag_28': 0.0175514171563164}. Best is trial 4 with value: 0.0061784149899820175.
[I 2025-09-29 12:50:34,019] Trial 7 finished with value: 0.0073353894995675396 and parameters: {'lag_0': 0.10041875748414451, 'lag_1': 0.9474499334740695, 'lag_2': 0.8747226955848917, 'lag_3': 0.8859113936277722, 'lag_4': 0.46219485333361265, 'lag_5': 0.30721924006513607, 'lag_6': 0.6309147831878748, 'lag_7': 0.5113271882100627, 'lag_8': 0.45670347335797534, 'lag_9': 0.9288844915192472, 'lag_10': 0.5673308701644615, 'lag_11': 0.08913997727445978, 'lag_12': 0.943681292997865, 'lag_13': 0.7028336307781835, 'lag_14': 0.802725118084551, 'lag_15': 0.5666871839919796, 'lag_16': 0.4598011497014276, 'lag_17': 0.14893377148736187, 'lag_18': 0.7367343281749262, 'lag_19': 0.20597702256464573, 'lag_20': 0.8065494894236379, 'lag_21': 0.0981281449019506, 'lag_22': 0.46476723024358285, 'lag_23': 0.11027448138015696, 'lag_24': 0.4663947388524942, 'lag_25': 0.8095476244994229, 'lag_26': 0.3293120777781441, 'lag_27': 0.3354447379645233, 'lag_28': 0.04418273010323518}. Best is trial 4 with value: 0.0061784149899820175.
[I 2025-09-29 12:50:36,441] Trial 8 finished with value: 0.008141948691736099 and parameters: {'lag_0': 0.5540104100390194, 'lag_1': 0.11402700018644837, 'lag_2': 0.020868720747663775, 'lag_3': 0.17744897367678883, 'lag_4': 0.22563313133554377, 'lag_5': 0.12028838263611852, 'lag_6': 0.25259822574667684, 'lag_7': 0.34862243038743673, 'lag_8': 0.8071927562781442, 'lag_9': 0.9027708387335351, 'lag_10': 0.3850571002176173, 'lag_11': 0.6873918322304255, 'lag_12': 0.7965980925943994, 'lag_13': 0.8243461345485058, 'lag_14': 0.7113325589036613, 'lag_15': 0.9276564708368116, 'lag_16': 0.3268980039690131, 'lag_17': 0.5418752740447494, 'lag_18': 0.11854670111232637, 'lag_19': 0.9339112009256729, 'lag_20': 0.9318179823086309, 'lag_21': 0.2382307341108413, 'lag_22': 0.0063560107291868555, 'lag_23': 0.021769893670975017, 'lag_24': 0.9591579911876023, 'lag_25': 0.8909508773459377, 'lag_26': 0.5790722766530807, 'lag_27': 0.459906663486296, 'lag_28': 0.04449973632077867}. Best is trial 4 with value: 0.0061784149899820175.
[I 2025-09-29 12:50:38,869] Trial 9 finished with value: 0.005506058293127046 and parameters: {'lag_0': 0.9881000690607596, 'lag_1': 0.8060416607640678, 'lag_2': 0.029446269201866628, 'lag_3': 0.17276117306529554, 'lag_4': 0.8518805726105065, 'lag_5': 0.7004516086821727, 'lag_6': 0.49321156516845965, 'lag_7': 0.4675498418299801, 'lag_8': 0.55312099689028, 'lag_9': 0.5019044299536042, 'lag_10': 0.5171498200466315, 'lag_11': 0.16456441376580694, 'lag_12': 0.43721147967875057, 'lag_13': 0.40257975356682907, 'lag_14': 0.46223448472432405, 'lag_15': 0.03153199591603804, 'lag_16': 0.980622583277019, 'lag_17': 0.28554822323161233, 'lag_18': 0.8766570469726901, 'lag_19': 0.7097869998985857, 'lag_20': 0.027221197668951747, 'lag_21': 0.2030183055141274, 'lag_22': 0.3773020886781637, 'lag_23': 0.16240390721258346, 'lag_24': 0.8902813646971185, 'lag_25': 0.7896561908549422, 'lag_26': 0.6339665452425463, 'lag_27': 0.683764027843418, 'lag_28': 0.2981246482973939}. Best is trial 9 with value: 0.005506058293127046.
[I 2025-09-29 12:50:41,452] Trial 10 finished with value: 0.0063200263167377145 and parameters: {'lag_0': 0.9632714576570314, 'lag_1': 0.7047927706609423, 'lag_2': 0.7067551048141348, 'lag_3': 0.6487929128082834, 'lag_4': 0.9743485885581984, 'lag_5': 0.9810453442469627, 'lag_6': 0.4295839829755416, 'lag_7': 0.22706048690817665, 'lag_8': 0.9930419583720022, 'lag_9': 0.6290233769139587, 'lag_10': 0.9563518330445493, 'lag_11': 0.9827003401729191, 'lag_12': 0.5577357351814476, 'lag_13': 0.011371184192274508, 'lag_14': 0.016726713524755132, 'lag_15': 0.01317812907514504, 'lag_16': 0.6760657002634396, 'lag_17': 0.4454935777696536, 'lag_18': 0.695094394147111, 'lag_19': 0.7275356836979519, 'lag_20': 0.022090491097346066, 'lag_21': 0.35593368952759696, 'lag_22': 0.932209947027005, 'lag_23': 0.40590011581201535, 'lag_24': 0.9693207130062932, 'lag_25': 0.04676693800114495, 'lag_26': 0.04202384214320232, 'lag_27': 0.8110829573543189, 'lag_28': 0.4285632452967259}. Best is trial 9 with value: 0.005506058293127046.
[I 2025-09-29 12:50:43,929] Trial 11 finished with value: 0.006710476312055795 and parameters: {'lag_0': 0.33122316835826615, 'lag_1': 0.9555413870753817, 'lag_2': 0.2565969066265249, 'lag_3': 0.0048615508567675485, 'lag_4': 0.7227790217253747, 'lag_5': 0.8022000682406015, 'lag_6': 0.9712059366255961, 'lag_7': 0.9836563089281949, 'lag_8': 0.3400329150261032, 'lag_9': 0.27513093426183455, 'lag_10': 0.21670641504258875, 'lag_11': 0.15778528695779936, 'lag_12': 0.29054928615050146, 'lag_13': 0.26330129359450083, 'lag_14': 0.048602437577095536, 'lag_15': 0.1044202940429863, 'lag_16': 0.29299434456977397, 'lag_17': 0.7992736597343575, 'lag_18': 0.9705344981486511, 'lag_19': 0.7440268303111707, 'lag_20': 0.04761943976267441, 'lag_21': 0.038195633200132306, 'lag_22': 0.212175770027268, 'lag_23': 0.9628665244671479, 'lag_24': 0.7244103759052254, 'lag_25': 0.21505328325894474, 'lag_26': 0.9970187129720465, 'lag_27': 0.5540179412806023, 'lag_28': 0.33161580811496594}. Best is trial 9 with value: 0.005506058293127046.
[I 2025-09-29 12:50:46,405] Trial 12 finished with value: 0.006598857299577253 and parameters: {'lag_0': 0.9952208377861655, 'lag_1': 0.6927590229264322, 'lag_2': 0.24856183201882504, 'lag_3': 0.011169966222489836, 'lag_4': 0.8080938948558044, 'lag_5': 0.33717848611273826, 'lag_6': 0.46355670687146094, 'lag_7': 0.6892979636498305, 'lag_8': 0.30346083527198087, 'lag_9': 0.2933789836334174, 'lag_10': 0.8301298685112615, 'lag_11': 0.24850137821087623, 'lag_12': 0.14656260061798865, 'lag_13': 0.34345324179935066, 'lag_14': 0.5518555912244105, 'lag_15': 0.16279469105532768, 'lag_16': 0.594526373733193, 'lag_17': 0.6413347084722917, 'lag_18': 0.6398235438203851, 'lag_19': 0.7538275792960332, 'lag_20': 0.6701888194739559, 'lag_21': 0.45938792012504553, 'lag_22': 0.01358651580932449, 'lag_23': 0.6342721413313608, 'lag_24': 0.7441030126397439, 'lag_25': 0.6630635806641626, 'lag_26': 0.7591947676565444, 'lag_27': 0.5702922976694352, 'lag_28': 0.6157978704255326}. Best is trial 9 with value: 0.005506058293127046.
[I 2025-09-29 12:50:48,872] Trial 13 finished with value: 0.007015193012451117 and parameters: {'lag_0': 0.25322649024071503, 'lag_1': 0.7536804403203841, 'lag_2': 0.1385677270614494, 'lag_3': 0.33393478958177064, 'lag_4': 0.34804407860645525, 'lag_5': 0.3612098684890862, 'lag_6': 0.8718020563465461, 'lag_7': 0.7355318255242853, 'lag_8': 0.8726094216209273, 'lag_9': 0.587263385711202, 'lag_10': 0.7501532387373256, 'lag_11': 0.27553135114267047, 'lag_12': 0.4459075709198297, 'lag_13': 0.33245611691034166, 'lag_14': 0.19212323482523225, 'lag_15': 0.5911043114537016, 'lag_16': 0.21214183421049618, 'lag_17': 0.7315863853088097, 'lag_18': 0.8252973364542266, 'lag_19': 0.3599470642088762, 'lag_20': 0.2530924574632831, 'lag_21': 0.22207303439903625, 'lag_22': 0.35387079358962403, 'lag_23': 0.7708417644940143, 'lag_24': 0.839555575505009, 'lag_25': 0.3528781723605714, 'lag_26': 0.699415283866658, 'lag_27': 0.9303106694006619, 'lag_28': 0.23179895136299378}. Best is trial 9 with value: 0.005506058293127046.
[I 2025-09-29 12:50:51,346] Trial 14 finished with value: 0.006165846008417139 and parameters: {'lag_0': 0.835656560227214, 'lag_1': 0.5225294823452015, 'lag_2': 0.3537718157076742, 'lag_3': 0.29590762949974836, 'lag_4': 0.6312107696613644, 'lag_5': 0.7553716321164181, 'lag_6': 0.5401466985097552, 'lag_7': 0.837263072061292, 'lag_8': 0.5633922024166372, 'lag_9': 0.008329997817596302, 'lag_10': 0.3139956269171, 'lag_11': 0.02708610192085739, 'lag_12': 0.5729917880961685, 'lag_13': 0.14896521117172035, 'lag_14': 0.4635698756819958, 'lag_15': 0.733271604821151, 'lag_16': 0.9897549351041474, 'lag_17': 0.9663923328070468, 'lag_18': 0.5542266387724227, 'lag_19': 0.829319399855844, 'lag_20': 0.6577704230365995, 'lag_21': 0.5721555335657046, 'lag_22': 0.13495446813770537, 'lag_23': 0.5079471006745367, 'lag_24': 0.5983607833723801, 'lag_25': 0.5944148578968333, 'lag_26': 0.846443532280341, 'lag_27': 0.4173928730537426, 'lag_28': 0.30002476954797475}. Best is trial 9 with value: 0.005506058293127046.
[I 2025-09-29 12:50:53,824] Trial 15 finished with value: 0.007455726932731346 and parameters: {'lag_0': 0.849723307449341, 'lag_1': 0.6231418920926931, 'lag_2': 0.6586781142736129, 'lag_3': 0.3188076262958764, 'lag_4': 0.6934167928632581, 'lag_5': 0.7931108746635995, 'lag_6': 0.3631654796808802, 'lag_7': 0.6211974994311259, 'lag_8': 0.5446533881583498, 'lag_9': 1.8497608554645176e-05, 'lag_10': 0.21042658808559178, 'lag_11': 0.0018481541881455073, 'lag_12': 0.6497701137205565, 'lag_13': 0.07378651464254082, 'lag_14': 0.5053603565893797, 'lag_15': 0.789354718992868, 'lag_16': 0.9700650174466602, 'lag_17': 0.9815259355186279, 'lag_18': 0.536468808458402, 'lag_19': 0.6356595203463372, 'lag_20': 0.5705820782484803, 'lag_21': 0.5572409664997983, 'lag_22': 0.3506631958734481, 'lag_23': 0.5017308601678876, 'lag_24': 0.6025813029110201, 'lag_25': 0.6169198401051896, 'lag_26': 0.6206559241628611, 'lag_27': 0.33466259499494333, 'lag_28': 0.5162649799179244}. Best is trial 9 with value: 0.005506058293127046.
[I 2025-09-29 12:50:56,314] Trial 16 finished with value: 0.00639160180495645 and parameters: {'lag_0': 0.8566719595520566, 'lag_1': 0.4911396716455295, 'lag_2': 0.3934701390835269, 'lag_3': 0.4305557081960215, 'lag_4': 0.8590413181098497, 'lag_5': 0.9881388994504471, 'lag_6': 0.5494233290652253, 'lag_7': 0.8021975402934238, 'lag_8': 0.3208170784184242, 'lag_9': 0.5679974640109963, 'lag_10': 0.3274775446439656, 'lag_11': 0.010728823000028642, 'lag_12': 0.4198117519290599, 'lag_13': 0.19760807402296515, 'lag_14': 0.37610213410722626, 'lag_15': 0.999875755158658, 'lag_16': 0.828750602118173, 'lag_17': 0.37192181691298676, 'lag_18': 0.5632260138942058, 'lag_19': 0.4300088162786414, 'lag_20': 0.17442642654133614, 'lag_21': 0.4114058544307501, 'lag_22': 0.5119116955374284, 'lag_23': 0.4394750914702963, 'lag_24': 0.2114902438570449, 'lag_25': 0.8652268654664287, 'lag_26': 0.8973345618638626, 'lag_27': 0.4471216153441326, 'lag_28': 0.2656525535359321}. Best is trial 9 with value: 0.005506058293127046.
[I 2025-09-29 12:50:58,792] Trial 17 finished with value: 0.007880800725911843 and parameters: {'lag_0': 0.8494971271297006, 'lag_1': 0.5033097089592535, 'lag_2': 0.01913773715619515, 'lag_3': 0.23839288247102433, 'lag_4': 0.019284964059830934, 'lag_5': 0.7054809102803511, 'lag_6': 0.31569804824065884, 'lag_7': 0.236669933322475, 'lag_8': 0.5075915472535493, 'lag_9': 0.7044577542788137, 'lag_10': 0.006129709481628831, 'lag_11': 0.16499803397110946, 'lag_12': 0.6126390149935924, 'lag_13': 0.15308901829905586, 'lag_14': 0.6137601597741219, 'lag_15': 0.6764453447314148, 'lag_16': 0.645106375482127, 'lag_17': 0.5816989752359448, 'lag_18': 0.8247429397275476, 'lag_19': 0.9997322285329246, 'lag_20': 0.3915983353175496, 'lag_21': 0.27592996181419416, 'lag_22': 0.12525417216036983, 'lag_23': 0.3193656639936468, 'lag_24': 0.6019314592059027, 'lag_25': 0.993926383757079, 'lag_26': 0.5123129822086453, 'lag_27': 0.6830107427254005, 'lag_28': 0.4174986589317097}. Best is trial 9 with value: 0.005506058293127046.
[I 2025-09-29 12:51:01,269] Trial 18 finished with value: 0.006962811908215317 and parameters: {'lag_0': 0.9416180699138266, 'lag_1': 0.49679334559774196, 'lag_2': 0.17759490721196286, 'lag_3': 0.6396251074280842, 'lag_4': 0.6474912321516834, 'lag_5': 0.8780002628265523, 'lag_6': 0.08484423812529163, 'lag_7': 0.8508553482267496, 'lag_8': 0.21461261327475817, 'lag_9': 0.39473115700233863, 'lag_10': 0.20797099800552932, 'lag_11': 0.3807488121317493, 'lag_12': 0.782172380321188, 'lag_13': 0.3910778347909561, 'lag_14': 0.6922930905815476, 'lag_15': 0.7540736765943353, 'lag_16': 0.9802618339616028, 'lag_17': 0.8123047271323054, 'lag_18': 0.3815881863408319, 'lag_19': 0.6452534915644285, 'lag_20': 0.6743863369235366, 'lag_21': 0.1446884682186809, 'lag_22': 0.449867942759829, 'lag_23': 0.5701248387207836, 'lag_24': 0.9987921920876085, 'lag_25': 0.7077991208098914, 'lag_26': 0.1819033970746301, 'lag_27': 0.2599949075761169, 'lag_28': 0.8502564728947177}. Best is trial 9 with value: 0.005506058293127046.
