[I 2025-09-29 13:19:38,315] Trial 40 finished with value: 0.0036826056932884343 and parameters: {'lag_0': 0.35676057355763846, 'lag_1': 0.2835319462839653, 'lag_2': 0.9579590631919133, 'lag_3': 0.39771436473426625, 'lag_4': 0.4651252748783794, 'lag_5': 0.4584381105278361, 'lag_6': 0.7862300946142147, 'lag_7': 0.7496099115780256, 'lag_8': 0.5755092810000334, 'lag_9': 0.903990852989859, 'lag_10': 0.49656670490487037, 'lag_11': 0.2887658521829013, 'lag_12': 0.09521371597561368, 'lag_13': 0.06308517495794735, 'lag_14': 0.7900752287629305, 'lag_15': 0.7109864952669372, 'lag_16': 0.16810588055294406, 'lag_17': 0.9282470825385033, 'lag_18': 0.5336874967972585, 'lag_19': 0.17617512677592173, 'lag_20': 0.5452160826469207, 'lag_21': 0.9484805203302146, 'lag_22': 0.12800379529632125, 'lag_23': 0.44743694952084656, 'lag_24': 0.36566604421910776, 'lag_25': 0.5864900342929835, 'lag_26': 0.5502568957610863, 'lag_27': 0.9409125132789651, 'lag_28': 0.2704105534335078}. Best is trial 23 with value: 0.003017660357681709.
[I 2025-09-29 13:19:40,713] Trial 41 finished with value: 0.003283727118169952 and parameters: {'lag_0': 0.3844284573281885, 'lag_1': 0.1473774000947591, 'lag_2': 0.765052384514162, 'lag_3': 0.6976823700804065, 'lag_4': 0.5253512382258613, 'lag_5': 0.5364773059453114, 'lag_6': 0.5393720775239771, 'lag_7': 0.5789431383984517, 'lag_8': 0.7174076208014918, 'lag_9': 0.5919422115843745, 'lag_10': 0.1613281977478455, 'lag_11': 0.17386814330789266, 'lag_12': 0.24506406270700015, 'lag_13': 0.1550319021682445, 'lag_14': 0.5431466395822162, 'lag_15': 0.058498168159736796, 'lag_16': 0.49737158300791434, 'lag_17': 0.7074856361518527, 'lag_18': 0.6651124787083887, 'lag_19': 0.9653029311099005, 'lag_20': 0.5947887137628872, 'lag_21': 0.572891542223765, 'lag_22': 0.2599757386274706, 'lag_23': 0.5839616106788075, 'lag_24': 0.7873658284200884, 'lag_25': 0.619343277679026, 'lag_26': 0.3984093881403523, 'lag_27': 0.5639966340824742, 'lag_28': 0.3653668286656238}. Best is trial 23 with value: 0.003017660357681709.
[I 2025-09-29 13:19:43,114] Trial 42 finished with value: 0.0031293247828634908 and parameters: {'lag_0': 0.5054553375845774, 'lag_1': 0.09223107886228356, 'lag_2': 0.5585431573439288, 'lag_3': 0.770779814937055, 'lag_4': 0.6961731942102336, 'lag_5': 0.6538214518996708, 'lag_6': 0.4876666900448383, 'lag_7': 0.662677562604174, 'lag_8': 0.7051396820532495, 'lag_9': 0.47452623322044235, 'lag_10': 0.1550719215864007, 'lag_11': 0.18362502280452164, 'lag_12': 0.1841234836975457, 'lag_13': 0.19137851939958625, 'lag_14': 0.6198062760136636, 'lag_15': 0.003153788864001106, 'lag_16': 0.9439840776771934, 'lag_17': 0.7700611319238388, 'lag_18': 0.7410553157497611, 'lag_19': 0.8371016751501072, 'lag_20': 0.6599449091182221, 'lag_21': 0.5183721685439218, 'lag_22': 0.2130842467786064, 'lag_23': 0.5509808505983996, 'lag_24': 0.8196663181545248, 'lag_25': 0.4648519892282143, 'lag_26': 0.36333103904761765, 'lag_27': 0.4327643163467868, 'lag_28': 0.23131821257674912}. Best is trial 23 with value: 0.003017660357681709.
[I 2025-09-29 13:19:45,510] Trial 43 finished with value: 0.0036273474962624313 and parameters: {'lag_0': 0.5557496908899786, 'lag_1': 0.024400161948337676, 'lag_2': 0.5473307467904526, 'lag_3': 0.7930965750708986, 'lag_4': 0.7739357534168695, 'lag_5': 0.7839220783616578, 'lag_6': 0.47609560136381385, 'lag_7': 0.6668916871156694, 'lag_8': 0.7775639259889775, 'lag_9': 0.1794219370857335, 'lag_10': 0.11651600319329464, 'lag_11': 0.36688516978520175, 'lag_12': 0.20950979542194437, 'lag_13': 0.19689011716883764, 'lag_14': 0.5617013824409623, 'lag_15': 0.08590014871537864, 'lag_16': 0.949642737151583, 'lag_17': 0.8688538641417108, 'lag_18': 0.8234998801289607, 'lag_19': 0.8191399322487449, 'lag_20': 0.6945858576844527, 'lag_21': 0.5045530292824693, 'lag_22': 0.21224910183587653, 'lag_23': 0.393284797629177, 'lag_24': 0.9115156386649995, 'lag_25': 0.47250960940842235, 'lag_26': 0.32795894445670026, 'lag_27': 0.4356174407442569, 'lag_28': 0.08810944279365665}. Best is trial 23 with value: 0.003017660357681709.
[I 2025-09-29 13:19:47,901] Trial 44 finished with value: 0.0033025783074767633 and parameters: {'lag_0': 0.5041477001921, 'lag_1': 0.07896048709965624, 'lag_2': 0.6385581977063676, 'lag_3': 0.8614565906898353, 'lag_4': 0.6237065099640402, 'lag_5': 0.6167688259958671, 'lag_6': 0.4163503150020155, 'lag_7': 0.8360778327346734, 'lag_8': 0.6426814571885211, 'lag_9': 0.4888242803341767, 'lag_10': 0.32140108641436815, 'lag_11': 0.053365940254694606, 'lag_12': 0.37986948812816307, 'lag_13': 0.25282212749224264, 'lag_14': 0.6218828119005964, 'lag_15': 0.21864635861794063, 'lag_16': 0.9575387925325057, 'lag_17': 0.798314609547792, 'lag_18': 0.7284841161328274, 'lag_19': 0.8819846478927333, 'lag_20': 0.8031350672373987, 'lag_21': 0.4031466629340709, 'lag_22': 0.9707818304861001, 'lag_23': 0.292582477801005, 'lag_24': 0.7160850075624473, 'lag_25': 0.42048000979146716, 'lag_26': 0.6359783686659776, 'lag_27': 0.22789457733792728, 'lag_28': 0.21541255475201992}. Best is trial 23 with value: 0.003017660357681709.
[I 2025-09-29 13:19:50,302] Trial 45 finished with value: 0.003193709729620389 and parameters: {'lag_0': 0.7490251705199819, 'lag_1': 0.2253341551564768, 'lag_2': 0.886058428565151, 'lag_3': 0.9999465415665119, 'lag_4': 0.8339642125807799, 'lag_5': 0.6453458408061603, 'lag_6': 0.6242511208202766, 'lag_7': 0.6492030765000874, 'lag_8': 0.8606247338909447, 'lag_9': 0.08075374908505176, 'lag_10': 0.17298262908379955, 'lag_11': 0.7994760887424865, 'lag_12': 0.17405581860032296, 'lag_13': 0.9676185649455251, 'lag_14': 0.6167893909823898, 'lag_15': 0.29186619128733293, 'lag_16': 0.8753092710513982, 'lag_17': 0.560282172686152, 'lag_18': 0.8788085364111328, 'lag_19': 0.6520026126813747, 'lag_20': 0.4274069024786477, 'lag_21': 0.5383423562629452, 'lag_22': 0.04587071337458515, 'lag_23': 0.5427150273123813, 'lag_24': 0.6481420210623088, 'lag_25': 0.5596309272851021, 'lag_26': 0.4465184348485465, 'lag_27': 0.33502818471450146, 'lag_28': 0.005241372150417978}. Best is trial 23 with value: 0.003017660357681709.
[I 2025-09-29 13:19:52,701] Trial 46 finished with value: 0.003935699725334516 and parameters: {'lag_0': 0.7978199269712157, 'lag_1': 0.22376757157217336, 'lag_2': 0.6025438324387143, 'lag_3': 0.7541707686534211, 'lag_4': 0.8377214602475467, 'lag_5': 0.6680992399879787, 'lag_6': 0.6257917528543852, 'lag_7': 0.732233736426942, 'lag_8': 0.8803464707458314, 'lag_9': 0.07204452066646122, 'lag_10': 0.1781810001456209, 'lag_11': 0.7658593883459104, 'lag_12': 0.0822700430598769, 'lag_13': 0.9881903039781574, 'lag_14': 0.7371605325261482, 'lag_15': 0.3786475411745873, 'lag_16': 0.8798667937973024, 'lag_17': 0.5298448238836482, 'lag_18': 0.012032336293863355, 'lag_19': 0.6293611644176518, 'lag_20': 0.6704486758359128, 'lag_21': 0.11162933376565348, 'lag_22': 0.09752236380436721, 'lag_23': 0.5321560578273198, 'lag_24': 0.6550261605615637, 'lag_25': 0.3675994162694038, 'lag_26': 0.3610942219651354, 'lag_27': 0.3709440609476212, 'lag_28': 0.008575454514051478}. Best is trial 23 with value: 0.003017660357681709.
[I 2025-09-29 13:19:55,103] Trial 47 finished with value: 0.003513184530729287 and parameters: {'lag_0': 0.7415427560280523, 'lag_1': 0.10123107143506918, 'lag_2': 0.43083392825481437, 'lag_3': 0.9044959268418877, 'lag_4': 0.9806518374098027, 'lag_5': 0.6482205093460283, 'lag_6': 0.3481263360827865, 'lag_7': 0.6635899426513971, 'lag_8': 0.8185754970961662, 'lag_9': 0.18812084452255792, 'lag_10': 0.06294994456059158, 'lag_11': 0.8610718833551969, 'lag_12': 0.15477852581974524, 'lag_13': 0.7048344347530535, 'lag_14': 0.6160210063787278, 'lag_15': 0.0025199720274484976, 'lag_16': 0.9606172037429398, 'lag_17': 0.23973004431373268, 'lag_18': 0.873103260140472, 'lag_19': 0.6738027445036633, 'lag_20': 0.8814329774347277, 'lag_21': 0.3129538215521116, 'lag_22': 0.004340578353216024, 'lag_23': 0.6403437204868254, 'lag_24': 0.5780138277118761, 'lag_25': 0.47847508230780145, 'lag_26': 0.4432112923993576, 'lag_27': 0.29331674397377033, 'lag_28': 0.045217337552529185}. Best is trial 23 with value: 0.003017660357681709.
[I 2025-09-29 13:19:57,505] Trial 48 finished with value: 0.0036695782719656906 and parameters: {'lag_0': 0.8559965804156952, 'lag_1': 0.190102726229814, 'lag_2': 0.34100994025085546, 'lag_3': 0.8323501250978088, 'lag_4': 0.8511636720209325, 'lag_5': 0.5727737817016445, 'lag_6': 0.27749820330380776, 'lag_7': 0.9416335039872972, 'lag_8': 0.5549630564567766, 'lag_9': 0.09743728818496422, 'lag_10': 0.1036406790229758, 'lag_11': 0.957547982080035, 'lag_12': 0.31233792467587207, 'lag_13': 0.7622318067785959, 'lag_14': 0.6955170474712221, 'lag_15': 0.12715293100889954, 'lag_16': 0.793932911739836, 'lag_17': 0.4393600219520979, 'lag_18': 0.12342671546719947, 'lag_19': 0.8121386334049004, 'lag_20': 0.5390389735020348, 'lag_21': 0.540020301689262, 'lag_22': 0.056858478977493715, 'lag_23': 0.46761597385445264, 'lag_24': 0.9541942966078774, 'lag_25': 0.5671548806792862, 'lag_26': 0.5163152318316435, 'lag_27': 0.12629285040672472, 'lag_28': 0.15512749629491454}. Best is trial 23 with value: 0.003017660357681709.
[I 2025-09-29 13:19:59,899] Trial 49 finished with value: 0.0037083723128522373 and parameters: {'lag_0': 0.9244498287590746, 'lag_1': 0.259910752253464, 'lag_2': 0.08559845216615669, 'lag_3': 0.6232036062202801, 'lag_4': 0.9113671030526516, 'lag_5': 0.8553384733172091, 'lag_6': 0.46126274014702917, 'lag_7': 0.6205346770099158, 'lag_8': 0.992764476507754, 'lag_9': 0.15066857623421598, 'lag_10': 0.011195757408377027, 'lag_11': 0.5479047493157132, 'lag_12': 0.045966670175184465, 'lag_13': 0.8763748239187896, 'lag_14': 0.7889250591470492, 'lag_15': 0.9193041232781141, 'lag_16': 0.7515913081212968, 'lag_17': 0.5455531015704348, 'lag_18': 0.9992580058268029, 'lag_19': 0.7306892053066704, 'lag_20': 0.0355307991148454, 'lag_21': 0.2711453901950506, 'lag_22': 0.30827174206854696, 'lag_23': 0.32815049508191385, 'lag_24': 0.44190075685692753, 'lag_25': 0.5594957894939918, 'lag_26': 0.23187615615248258, 'lag_27': 0.46730898561666595, 'lag_28': 0.2675432772425706}. Best is trial 23 with value: 0.003017660357681709.
[I 2025-09-29 13:20:02,303] Trial 50 finished with value: 0.003411499358181661 and parameters: {'lag_0': 0.7466437456727456, 'lag_1': 0.02612316142890428, 'lag_2': 0.8732641333246114, 'lag_3': 0.8725518906941525, 'lag_4': 0.665678491170486, 'lag_5': 0.8275983935692708, 'lag_6': 0.3168120298764928, 'lag_7': 0.7878384132058728, 'lag_8': 0.9262258855276729, 'lag_9': 0.31254738192287657, 'lag_10': 0.205776417860465, 'lag_11': 0.6528862413509635, 'lag_12': 0.1902452473618061, 'lag_13': 0.03327096130323335, 'lag_14': 0.6074403656875528, 'lag_15': 0.2827022551111374, 'lag_16': 0.8883201289664102, 'lag_17': 0.5994535379531006, 'lag_18': 0.9446115031263507, 'lag_19': 0.5806280229261565, 'lag_20': 0.7778620337373644, 'lag_21': 0.8635538349272859, 'lag_22': 0.3508042488010106, 'lag_23': 0.3997459325978501, 'lag_24': 0.8185304464618834, 'lag_25': 0.702644903117008, 'lag_26': 0.9998728732759767, 'lag_27': 0.3839844227053667, 'lag_28': 0.11596776912139993}. Best is trial 23 with value: 0.003017660357681709.
[I 2025-09-29 13:20:04,705] Trial 51 finished with value: 0.004076882037386953 and parameters: {'lag_0': 0.5095411728133501, 'lag_1': 0.08820349175369495, 'lag_2': 0.7939095816030928, 'lag_3': 0.9593904369050366, 'lag_4': 0.5863460752506576, 'lag_5': 0.9660186264433382, 'lag_6': 0.5077254716429228, 'lag_7': 0.6986964307964516, 'lag_8': 0.18250763580243204, 'lag_9': 0.06647472728123689, 'lag_10': 0.40174336055399534, 'lag_11': 0.25633678968049, 'lag_12': 0.15469091707403507, 'lag_13': 0.540978619825672, 'lag_14': 0.2788760053635485, 'lag_15': 0.3245084859517062, 'lag_16': 0.8635616350092766, 'lag_17': 0.6588582730454275, 'lag_18': 0.7653651566569392, 'lag_19': 0.5217530790008307, 'lag_20': 0.4549967961271916, 'lag_21': 0.49933550097763113, 'lag_22': 0.1848099604330166, 'lag_23': 0.8126440044249839, 'lag_24': 0.6752268003937378, 'lag_25': 0.42723160896687984, 'lag_26': 0.5785925486190636, 'lag_27': 0.5183464040393102, 'lag_28': 0.051913427342476975}. Best is trial 23 with value: 0.003017660357681709.
[I 2025-09-29 13:20:07,222] Trial 52 finished with value: 0.0038523336569852074 and parameters: {'lag_0': 0.4596094706284697, 'lag_1': 0.5354153046821378, 'lag_2': 0.9009904054650479, 'lag_3': 0.9936227012102025, 'lag_4': 0.4375771785626126, 'lag_5': 0.6247059405374261, 'lag_6': 0.5695294124575339, 'lag_7': 0.5052908443001042, 'lag_8': 0.34053478132978326, 'lag_9': 0.6674990347000921, 'lag_10': 0.48911545935806056, 'lag_11': 0.7436357788950616, 'lag_12': 0.48232823136224856, 'lag_13': 0.8399974503946323, 'lag_14': 0.2047610487672164, 'lag_15': 0.22234140254422688, 'lag_16': 0.9133985379123928, 'lag_17': 0.7391419915268882, 'lag_18': 0.8735671024038447, 'lag_19': 0.9178748005526273, 'lag_20': 0.3878164833242956, 'lag_21': 0.7735621061984946, 'lag_22': 0.0508099593335916, 'lag_23': 0.9278315165890283, 'lag_24': 0.7342724838641859, 'lag_25': 0.3189100668232724, 'lag_26': 0.4841665748282019, 'lag_27': 0.4103103561754228, 'lag_28': 0.9304232246053497}. Best is trial 23 with value: 0.003017660357681709.
[I 2025-09-29 13:20:09,633] Trial 53 finished with value: 0.0034408578053975584 and parameters: {'lag_0': 0.6526481972256959, 'lag_1': 0.7355799967336129, 'lag_2': 0.9801559438222197, 'lag_3': 0.9485819896832645, 'lag_4': 0.5271758077929789, 'lag_5': 0.7350314639958754, 'lag_6': 0.6582754458857047, 'lag_7': 0.33220428692465287, 'lag_8': 0.2845828255977335, 'lag_9': 0.4575781731492009, 'lag_10': 0.6017367230058973, 'lag_11': 0.10816963208335784, 'lag_12': 0.23364318857392594, 'lag_13': 0.3323011690979259, 'lag_14': 0.13235498298686266, 'lag_15': 0.36426505847092605, 'lag_16': 0.855616884958219, 'lag_17': 0.8331345606048949, 'lag_18': 0.8271402197310466, 'lag_19': 0.2884574894794873, 'lag_20': 0.43255376631704756, 'lag_21': 0.6068896442839271, 'lag_22': 0.11562295717971544, 'lag_23': 0.5563737021656883, 'lag_24': 0.014211175099982543, 'lag_25': 0.7616326832161721, 'lag_26': 0.37264600813025095, 'lag_27': 0.32715432562868235, 'lag_28': 0.45241091546377654}. Best is trial 23 with value: 0.003017660357681709.
[I 2025-09-29 13:20:12,040] Trial 54 finished with value: 0.0038518474416243858 and parameters: {'lag_0': 0.0340269934636237, 'lag_1': 0.5725445770058016, 'lag_2': 0.7123418628616145, 'lag_3': 0.9128425985051138, 'lag_4': 0.9085076478121328, 'lag_5': 0.4760128662512062, 'lag_6': 0.6082504579517132, 'lag_7': 0.547918857186031, 'lag_8': 0.7260677134651319, 'lag_9': 0.5354264553152973, 'lag_10': 0.3331562369184552, 'lag_11': 0.8442739935096448, 'lag_12': 0.33558457088143995, 'lag_13': 0.3983646573508367, 'lag_14': 0.3943284324477963, 'lag_15': 0.16610184325769992, 'lag_16': 0.0013044642412831653, 'lag_17': 0.9621738347952453, 'lag_18': 0.8936551105481279, 'lag_19': 0.3582620309046096, 'lag_20': 0.37010954052982825, 'lag_21': 0.9953317690718413, 'lag_22': 0.8964653580239341, 'lag_23': 0.6400252153894743, 'lag_24': 0.6170254609041598, 'lag_25': 0.4557134046165541, 'lag_26': 0.5417253375962715, 'lag_27': 0.2395063092716099, 'lag_28': 0.16888424717166176}. Best is trial 23 with value: 0.003017660357681709.
[I 2025-09-29 13:20:14,445] Trial 55 finished with value: 0.0036305458222635006 and parameters: {'lag_0': 0.15110346275880254, 'lag_1': 0.12209538682100979, 'lag_2': 0.8864014746172766, 'lag_3': 0.9949689010522362, 'lag_4': 0.486444409891157, 'lag_5': 0.2509426618746296, 'lag_6': 0.7529889104048005, 'lag_7': 0.38857452308065504, 'lag_8': 0.4218896000425344, 'lag_9': 0.24270544620004614, 'lag_10': 0.5223048084985904, 'lag_11': 0.20937491021903187, 'lag_12': 0.9140188051693715, 'lag_13': 0.1318456188134394, 'lag_14': 0.657651817258179, 'lag_15': 0.5824124426275095, 'lag_16': 0.9585866640749285, 'lag_17': 0.8915157561188719, 'lag_18': 0.84274626013369, 'lag_19': 0.4673975715954596, 'lag_20': 0.5375375761325969, 'lag_21': 0.6727291574464482, 'lag_22': 0.19950847722819043, 'lag_23': 0.7762287509105468, 'lag_24': 0.8748366777405581, 'lag_25': 0.846040677848449, 'lag_26': 0.4583414773866338, 'lag_27': 0.7958702817639876, 'lag_28': 0.3327276386646101}. Best is trial 23 with value: 0.003017660357681709.
[I 2025-09-29 13:20:16,848] Trial 56 finished with value: 0.003495530904494411 and parameters: {'lag_0': 0.6035981112078457, 'lag_1': 0.4019004458128643, 'lag_2': 0.6730010830766584, 'lag_3': 0.7644696212475184, 'lag_4': 0.8113001712281773, 'lag_5': 0.04570071349697785, 'lag_6': 0.3897404884122707, 'lag_7': 0.6380755386648309, 'lag_8': 0.772581616169201, 'lag_9': 0.3847978573057308, 'lag_10': 0.2673249630291123, 'lag_11': 0.04019710655841602, 'lag_12': 0.07092185021682472, 'lag_13': 0.5026941030262471, 'lag_14': 0.14373287374139135, 'lag_15': 0.4260651899229162, 'lag_16': 0.9996118149442391, 'lag_17': 0.7069499635139322, 'lag_18': 0.735105084153197, 'lag_19': 0.6431486699982122, 'lag_20': 0.13435739432602015, 'lag_21': 0.478814680451793, 'lag_22': 0.1529995604488898, 'lag_23': 0.8777306404718824, 'lag_24': 0.9936468757093948, 'lag_25': 0.5280573666954125, 'lag_26': 0.6539556924804405, 'lag_27': 0.8753185033795868, 'lag_28': 0.2798404619602837}. Best is trial 23 with value: 0.003017660357681709.
[I 2025-09-29 13:20:19,256] Trial 57 finished with value: 0.0033883756993874025 and parameters: {'lag_0': 0.7108831571319378, 'lag_1': 0.2015691911165387, 'lag_2': 0.8329320971439317, 'lag_3': 0.30549126484193884, 'lag_4': 0.7288422469638369, 'lag_5': 0.3930787085399603, 'lag_6': 0.8930458625946012, 'lag_7': 0.8357159009349882, 'lag_8': 0.8454576145008565, 'lag_9': 0.631335723727699, 'lag_10': 0.467060405190274, 'lag_11': 0.4769627748277901, 'lag_12': 0.1808722185248075, 'lag_13': 0.287602026745071, 'lag_14': 0.3173423577962529, 'lag_15': 0.2889342790563418, 'lag_16': 0.628413158654646, 'lag_17': 0.6423354519302332, 'lag_18': 0.9590587957637219, 'lag_19': 0.11787840703388167, 'lag_20': 0.1860812180823565, 'lag_21': 0.39288524788753726, 'lag_22': 0.7418379107512865, 'lag_23': 0.5048247731036909, 'lag_24': 0.7733522210781723, 'lag_25': 0.928206647004049, 'lag_26': 0.5682868515707692, 'lag_27': 0.4850098224310788, 'lag_28': 0.6914555265693654}. Best is trial 23 with value: 0.003017660357681709.
[I 2025-09-29 13:20:21,664] Trial 58 finished with value: 0.0036199046887709697 and parameters: {'lag_0': 0.09497042892832276, 'lag_1': 0.6558388675949854, 'lag_2': 0.5312684862384012, 'lag_3': 0.8439673482432959, 'lag_4': 0.3969177732458896, 'lag_5': 0.35529609786561456, 'lag_6': 0.5671809247017675, 'lag_7': 0.46999507800599255, 'lag_8': 0.24899925765323713, 'lag_9': 0.03807577005041113, 'lag_10': 0.37739145964151083, 'lag_11': 0.12156645628685894, 'lag_12': 0.13008949950329984, 'lag_13': 0.03631413262710067, 'lag_14': 0.4975127928651764, 'lag_15': 0.23735660319968324, 'lag_16': 0.7111097377188031, 'lag_17': 0.8076779398401523, 'lag_18': 0.7820724358273488, 'lag_19': 0.40700901123585387, 'lag_20': 0.2675997954266759, 'lag_21': 0.5254366728375421, 'lag_22': 0.6336512643821897, 'lag_23': 0.7163393806206474, 'lag_24': 0.9343821688992849, 'lag_25': 0.9898780734030926, 'lag_26': 0.5008763648091202, 'lag_27': 0.9638076694038193, 'lag_28': 0.8068404339371986}. Best is trial 23 with value: 0.003017660357681709.
[I 2025-09-29 13:20:24,079] Trial 59 finished with value: 0.003570287268968405 and parameters: {'lag_0': 0.18869613665226095, 'lag_1': 0.3222064401717927, 'lag_2': 0.733744730890163, 'lag_3': 0.8868045854893529, 'lag_4': 0.6567869369494157, 'lag_5': 0.7707130563427544, 'lag_6': 0.44905745785287704, 'lag_7': 0.6830097225783289, 'lag_8': 0.45283623751840707, 'lag_9': 0.5479064131293838, 'lag_10': 0.690526442860678, 'lag_11': 0.4298118589719071, 'lag_12': 0.38566425075276645, 'lag_13': 0.2133314803379739, 'lag_14': 0.274671378028284, 'lag_15': 0.49587867808240216, 'lag_16': 0.8182363705194925, 'lag_17': 0.5671056024380061, 'lag_18': 0.25844924260645447, 'lag_19': 0.2142491110450376, 'lag_20': 0.09037802961636132, 'lag_21': 0.7901087201850793, 'lag_22': 0.28089502256976706, 'lag_23': 0.9745777973600172, 'lag_24': 0.8541679147759946, 'lag_25': 0.7122854658193566, 'lag_26': 0.00659215613744818, 'lag_27': 0.7398526686853379, 'lag_28': 0.4090663568712943}. Best is trial 23 with value: 0.003017660357681709.
[I 2025-09-29 13:20:26,484] Trial 60 finished with value: 0.00345801101219792 and parameters: {'lag_0': 0.4207522246238023, 'lag_1': 0.4562009704533098, 'lag_2': 0.7930615648177974, 'lag_3': 0.728422761334742, 'lag_4': 0.2625999183492569, 'lag_5': 0.6922649543536439, 'lag_6': 0.533625113113105, 'lag_7': 0.5178864007439851, 'lag_8': 0.6826032862839461, 'lag_9': 0.7474265827905525, 'lag_10': 0.5830183533937614, 'lag_11': 0.594720357314285, 'lag_12': 0.2834840381985697, 'lag_13': 0.10828928877437681, 'lag_14': 0.3521777381544176, 'lag_15': 0.3471311949840702, 'lag_16': 0.2919051576900664, 'lag_17': 0.8440938796913886, 'lag_18': 0.3824894372211012, 'lag_19': 0.7113385426275554, 'lag_20': 0.046574271924091706, 'lag_21': 0.7443121266968664, 'lag_22': 0.23609944425858323, 'lag_23': 0.35776245057180095, 'lag_24': 0.5427543990108435, 'lag_25': 0.6531693113565719, 'lag_26': 0.8036042809723699, 'lag_27': 0.6092176993001464, 'lag_28': 0.11963576760040223}. Best is trial 23 with value: 0.003017660357681709.
