[I 2025-09-29 12:50:59,858] Trial 19 finished with value: 0.011507490568853336 and parameters: {'lag_0': 0.4249694231465842, 'lag_1': 0.5110035418592607, 'lag_2': 0.3749141664260539, 'lag_3': 0.5532080229976107, 'lag_4': 0.5482388653761565, 'lag_5': 0.8310236059252071, 'lag_6': 0.39222836852125587, 'lag_7': 0.3645355085078781, 'lag_8': 0.6349786599509705, 'lag_9': 0.9140774664293239, 'lag_10': 0.23902202272432538, 'lag_11': 0.24459047909178827, 'lag_12': 0.3622636744069539, 'lag_13': 0.15547168471484935, 'lag_14': 0.7949643213115551, 'lag_15': 0.7956125163825517, 'lag_16': 0.37325572765326753, 'lag_17': 0.7479961052741162, 'lag_18': 0.8347334230956794, 'lag_19': 0.29612183030109734, 'lag_20': 0.48473534562636866, 'lag_21': 0.6672501271734277, 'lag_22': 0.6812451083706417, 'lag_23': 0.32833168737180096, 'lag_24': 0.344669122917277, 'lag_25': 0.852632649378528, 'lag_26': 0.16007725918768473, 'lag_27': 0.9305920107023262, 'lag_28': 0.8500343634721983}. Best is trial 1 with value: 0.011240115992759477.
[I 2025-09-29 12:51:02,392] Trial 20 finished with value: 0.01147511834719433 and parameters: {'lag_0': 0.5886867329522251, 'lag_1': 0.8617796797697225, 'lag_2': 0.13157695056749347, 'lag_3': 0.21049425950240283, 'lag_4': 0.2912243470005538, 'lag_5': 0.5519111717921605, 'lag_6': 0.6850951983246156, 'lag_7': 0.5419282146338756, 'lag_8': 0.3774655014654873, 'lag_9': 0.686910992417129, 'lag_10': 0.8753725578250553, 'lag_11': 0.41383078432119813, 'lag_12': 0.6449506714977935, 'lag_13': 0.8560381418608228, 'lag_14': 0.13941116237194578, 'lag_15': 0.21309317822407126, 'lag_16': 0.26933164504374707, 'lag_17': 0.3785805497974262, 'lag_18': 0.32213928349875026, 'lag_19': 0.7597702419389802, 'lag_20': 0.15365005902105847, 'lag_21': 0.4482601769633985, 'lag_22': 0.012589840250648552, 'lag_23': 0.5987172691084239, 'lag_24': 0.9824500562879029, 'lag_25': 0.6334736299206787, 'lag_26': 0.7386465844231979, 'lag_27': 0.10359110515926356, 'lag_28': 0.46497703674036117}. Best is trial 1 with value: 0.011240115992759477.
[I 2025-09-29 12:51:04,926] Trial 21 finished with value: 0.011988987840332543 and parameters: {'lag_0': 0.6928082086802483, 'lag_1': 0.7879343535908632, 'lag_2': 0.8324304528662978, 'lag_3': 0.6868595605041555, 'lag_4': 0.37401568869928037, 'lag_5': 0.2595493649560194, 'lag_6': 0.3790863231786254, 'lag_7': 0.19168137140196378, 'lag_8': 0.8609825728809446, 'lag_9': 0.5782066419388189, 'lag_10': 0.5392365517823999, 'lag_11': 0.34116982457063005, 'lag_12': 0.8262513630228377, 'lag_13': 0.03349699988875726, 'lag_14': 0.8931806891008388, 'lag_15': 0.7296228187150287, 'lag_16': 0.48586393411262035, 'lag_17': 0.49679647930875376, 'lag_18': 0.49236598121801833, 'lag_19': 0.0002801920299651296, 'lag_20': 0.4759139198465516, 'lag_21': 0.9772482245528852, 'lag_22': 0.9987511338047325, 'lag_23': 0.5706767086694943, 'lag_24': 0.36442932779092535, 'lag_25': 0.47099095553839576, 'lag_26': 0.18267284289990648, 'lag_27': 0.953916255588222, 'lag_28': 0.7569449889876423}. Best is trial 1 with value: 0.011240115992759477.
[I 2025-09-29 12:51:07,457] Trial 22 finished with value: 0.011594669750610145 and parameters: {'lag_0': 0.7792432464150547, 'lag_1': 0.7224619234459324, 'lag_2': 0.9245791104534739, 'lag_3': 0.7325363776274099, 'lag_4': 0.43465561527387486, 'lag_5': 0.15906905650256095, 'lag_6': 0.16540918514830158, 'lag_7': 0.28002874824284535, 'lag_8': 0.8155311727097898, 'lag_9': 0.5520564564372984, 'lag_10': 0.5720319006102002, 'lag_11': 0.10370566130477052, 'lag_12': 0.7402714872815612, 'lag_13': 0.17754269935408123, 'lag_14': 0.9115565393285576, 'lag_15': 0.44181706453948555, 'lag_16': 0.5344751758784253, 'lag_17': 0.41920630755078264, 'lag_18': 0.5767017236099895, 'lag_19': 0.09651962697130655, 'lag_20': 0.5296095125924758, 'lag_21': 0.8679458727232847, 'lag_22': 0.8539105297359416, 'lag_23': 0.5420234613767917, 'lag_24': 0.4003209677060857, 'lag_25': 0.5231517445377932, 'lag_26': 0.420526972559193, 'lag_27': 0.8152963510912392, 'lag_28': 0.8583838261479892}. Best is trial 1 with value: 0.011240115992759477.
[I 2025-09-29 12:51:09,998] Trial 23 finished with value: 0.012061346440583678 and parameters: {'lag_0': 0.612014234240626, 'lag_1': 0.9622357810216338, 'lag_2': 0.801241005206514, 'lag_3': 0.5449198205798211, 'lag_4': 0.11346268100301901, 'lag_5': 0.3600452567980084, 'lag_6': 0.3923421304594482, 'lag_7': 0.15533691747722111, 'lag_8': 0.6970423180648064, 'lag_9': 0.40456411558459165, 'lag_10': 0.7390731537864599, 'lag_11': 0.31853649055625494, 'lag_12': 0.7629517295958136, 'lag_13': 0.28984938690793516, 'lag_14': 0.30710800655203707, 'lag_15': 0.8375701981102106, 'lag_16': 0.6733820420180402, 'lag_17': 0.5371000050231372, 'lag_18': 0.4677026125838999, 'lag_19': 0.09376757662053214, 'lag_20': 0.7285036604987395, 'lag_21': 0.6364183807988789, 'lag_22': 0.8664461111770598, 'lag_23': 0.6939202881325025, 'lag_24': 0.23829241034904267, 'lag_25': 0.6277990786770837, 'lag_26': 0.20954212107935838, 'lag_27': 0.5672266524685854, 'lag_28': 0.7678371383584198}. Best is trial 1 with value: 0.011240115992759477.
[I 2025-09-29 12:51:12,532] Trial 24 finished with value: 0.011655690054411284 and parameters: {'lag_0': 0.8909609486640122, 'lag_1': 0.8789922378373536, 'lag_2': 0.5613091718960608, 'lag_3': 0.8719854109098277, 'lag_4': 0.2814142454980448, 'lag_5': 0.20025601499671633, 'lag_6': 0.07163195606983758, 'lag_7': 0.4926645582669304, 'lag_8': 0.8443561119093463, 'lag_9': 0.8029080566273554, 'lag_10': 0.44992791735826365, 'lag_11': 0.4627370405246838, 'lag_12': 0.5641139045156334, 'lag_13': 0.4084368607082698, 'lag_14': 0.4217829063127774, 'lag_15': 0.6506403717255079, 'lag_16': 0.4650289239744854, 'lag_17': 0.2709015278255381, 'lag_18': 0.1708064868874966, 'lag_19': 0.1905035075719927, 'lag_20': 0.43084916408442975, 'lag_21': 0.9150982570813753, 'lag_22': 0.7134505926408612, 'lag_23': 0.4334599051281369, 'lag_24': 0.44228095473141155, 'lag_25': 0.45194967999271807, 'lag_26': 0.5671680258194977, 'lag_27': 0.6389295433780366, 'lag_28': 0.9093930554371424}. Best is trial 1 with value: 0.011240115992759477.
[I 2025-09-29 12:51:15,061] Trial 25 finished with value: 0.01191728097613266 and parameters: {'lag_0': 0.7132330271927811, 'lag_1': 0.6494002681785764, 'lag_2': 0.6697186963835672, 'lag_3': 0.6421523930098513, 'lag_4': 0.5930600197210869, 'lag_5': 0.011540675197017125, 'lag_6': 0.4947280474823801, 'lag_7': 0.3274863187980003, 'lag_8': 0.5087557994790355, 'lag_9': 0.6547505008550536, 'lag_10': 0.6438080995698441, 'lag_11': 0.17587984231254897, 'lag_12': 0.6818194368576007, 'lag_13': 0.09731705115699579, 'lag_14': 0.6084281634624944, 'lag_15': 0.9727394722054317, 'lag_16': 0.41560409408506294, 'lag_17': 0.11328169361594423, 'lag_18': 0.8121567417298646, 'lag_19': 0.30508959554461573, 'lag_20': 0.2985192645727509, 'lag_21': 0.7495113427039617, 'lag_22': 0.6252570068498207, 'lag_23': 0.22516578139415497, 'lag_24': 0.5744729699983546, 'lag_25': 0.29610988836353025, 'lag_26': 0.11497191214071517, 'lag_27': 0.8653784470954884, 'lag_28': 0.6456678552950561}. Best is trial 1 with value: 0.011240115992759477.
[I 2025-09-29 12:51:17,590] Trial 26 finished with value: 0.011828252266231857 and parameters: {'lag_0': 0.3363781687490419, 'lag_1': 0.9893318771737206, 'lag_2': 0.42560064582261126, 'lag_3': 0.41193112765973233, 'lag_4': 0.3608292625388885, 'lag_5': 0.31781136292988565, 'lag_6': 0.596479191247727, 'lag_7': 0.014196236869543188, 'lag_8': 0.012212675553874869, 'lag_9': 0.9077239087614443, 'lag_10': 0.9184251649903425, 'lag_11': 0.6668504531826451, 'lag_12': 0.8114390496290862, 'lag_13': 0.20440876799090607, 'lag_14': 0.9892408413995318, 'lag_15': 0.5672947381477619, 'lag_16': 0.753866046942193, 'lag_17': 0.788665744689166, 'lag_18': 0.6128735879625052, 'lag_19': 0.06712349604344137, 'lag_20': 0.5876075043023578, 'lag_21': 0.6268223426695404, 'lag_22': 0.9074462258611052, 'lag_23': 0.8711685073315486, 'lag_24': 0.7434717316544489, 'lag_25': 0.8348980304996585, 'lag_26': 0.26666195775908497, 'lag_27': 0.26643607987557383, 'lag_28': 0.8073510002120795}. Best is trial 1 with value: 0.011240115992759477.
[I 2025-09-29 12:51:20,134] Trial 27 finished with value: 0.011811360933648589 and parameters: {'lag_0': 0.5067936714153909, 'lag_1': 0.7767768895280746, 'lag_2': 0.8583606290137314, 'lag_3': 0.28548281345546744, 'lag_4': 0.11800925765338166, 'lag_5': 0.4312067826357314, 'lag_6': 0.34696358132284333, 'lag_7': 0.1278482317991051, 'lag_8': 0.7705577586113627, 'lag_9': 0.7635897958812026, 'lag_10': 0.813308556243998, 'lag_11': 0.4874843382588909, 'lag_12': 0.5006990169546748, 'lag_13': 0.5486013681321449, 'lag_14': 0.7828772447381238, 'lag_15': 0.7008699487729119, 'lag_16': 0.6456860250030547, 'lag_17': 0.3747489330153519, 'lag_18': 0.34964577967108085, 'lag_19': 0.2408956619208913, 'lag_20': 0.6664489569074614, 'lag_21': 0.9013984674165019, 'lag_22': 0.7661273352776381, 'lag_23': 0.6798633182693354, 'lag_24': 0.09952607111506484, 'lag_25': 0.7234258098129425, 'lag_26': 0.39711286378132704, 'lag_27': 0.7023999877723613, 'lag_28': 0.9163781577676251}. Best is trial 1 with value: 0.011240115992759477.
[I 2025-09-29 12:51:22,669] Trial 28 finished with value: 0.011769075708525752 and parameters: {'lag_0': 0.20485006094022984, 'lag_1': 0.5214513309449064, 'lag_2': 0.6021750439749234, 'lag_3': 0.5656268422602228, 'lag_4': 0.4701223136827417, 'lag_5': 0.908882720370492, 'lag_6': 0.15660386821880085, 'lag_7': 0.20284011149278927, 'lag_8': 0.5675589372915519, 'lag_9': 0.5381820580024359, 'lag_10': 0.7362751520743193, 'lag_11': 0.0859420900542454, 'lag_12': 0.5386382220683474, 'lag_13': 0.23633453032953744, 'lag_14': 0.10337029862294045, 'lag_15': 0.5155040287380118, 'lag_16': 0.20702988681995615, 'lag_17': 0.4740327758792673, 'lag_18': 0.5367707455247092, 'lag_19': 0.3802083293029508, 'lag_20': 0.7836705533028493, 'lag_21': 0.7306085713152478, 'lag_22': 0.13544945338562075, 'lag_23': 0.7829739301038577, 'lag_24': 0.8700868923367611, 'lag_25': 0.11633988942853252, 'lag_26': 0.8682380825353925, 'lag_27': 0.8481075688514883, 'lag_28': 0.7211164123454404}. Best is trial 1 with value: 0.011240115992759477.
[I 2025-09-29 12:51:25,207] Trial 29 finished with value: 0.011289857145052415 and parameters: {'lag_0': 0.602229544984521, 'lag_1': 0.8878621077644281, 'lag_2': 0.7513502654482316, 'lag_3': 0.6828091867245553, 'lag_4': 0.3611549055036711, 'lag_5': 0.06910497202960822, 'lag_6': 0.314295135544965, 'lag_7': 0.07362041902546693, 'lag_8': 0.165188721182551, 'lag_9': 0.8635355615305715, 'lag_10': 0.902414595556879, 'lag_11': 0.3762492468538416, 'lag_12': 0.9161515026420032, 'lag_13': 0.3910900231490472, 'lag_14': 0.2480663211735214, 'lag_15': 0.38522588582226197, 'lag_16': 0.5178717618973081, 'lag_17': 0.23847957362858868, 'lag_18': 0.62362680448173, 'lag_19': 0.1597810908677048, 'lag_20': 0.8821167423085665, 'lag_21': 0.7134700413900175, 'lag_22': 0.9952786640466706, 'lag_23': 0.9501619498961567, 'lag_24': 0.26135210876506054, 'lag_25': 0.9145362716215761, 'lag_26': 0.0191385530670021, 'lag_27': 0.18763216445755587, 'lag_28': 0.5551420457359224}. Best is trial 1 with value: 0.011240115992759477.
[I 2025-09-29 12:51:27,737] Trial 30 finished with value: 0.011705499556482968 and parameters: {'lag_0': 0.6467513937917103, 'lag_1': 0.9049740173748304, 'lag_2': 0.7464972316760484, 'lag_3': 0.46447398610844504, 'lag_4': 0.8020575948419704, 'lag_5': 0.06012383901323207, 'lag_6': 0.3135582481467762, 'lag_7': 0.0002629696702627915, 'lag_8': 0.15843663793799972, 'lag_9': 0.8628337828923379, 'lag_10': 0.9328375271531114, 'lag_11': 0.7335604307720452, 'lag_12': 0.9194424002333949, 'lag_13': 0.3695504853525422, 'lag_14': 0.12803256798592552, 'lag_15': 0.37824792500897203, 'lag_16': 0.5393702788954421, 'lag_17': 0.21844806788520618, 'lag_18': 0.7787459458063068, 'lag_19': 0.5249743324398666, 'lag_20': 0.8680560907932543, 'lag_21': 0.4880150068590565, 'lag_22': 0.9867415406870955, 'lag_23': 0.9083910526137116, 'lag_24': 0.28233693260436377, 'lag_25': 0.8995847531330925, 'lag_26': 0.7448837713820062, 'lag_27': 0.05965554143478666, 'lag_28': 0.5611619188899886}. Best is trial 1 with value: 0.011240115992759477.
[I 2025-09-29 12:51:30,261] Trial 31 finished with value: 0.010969197253906647 and parameters: {'lag_0': 0.5727935789059551, 'lag_1': 0.909304556806802, 'lag_2': 0.9092386017898914, 'lag_3': 0.632770352954031, 'lag_4': 0.4006550986846527, 'lag_5': 0.11776755539044614, 'lag_6': 0.2191161455071927, 'lag_7': 0.08013660560053232, 'lag_8': 0.11693512785044763, 'lag_9': 0.9435364929864499, 'lag_10': 0.8822421983548833, 'lag_11': 0.36312213211391403, 'lag_12': 0.9083190688869466, 'lag_13': 0.3469805184604402, 'lag_14': 0.2539843163838878, 'lag_15': 0.2710772068566311, 'lag_16': 0.32881745030966986, 'lag_17': 0.3170885768698486, 'lag_18': 0.6464627223679135, 'lag_19': 0.15220109397730322, 'lag_20': 0.9146697016781642, 'lag_21': 0.7162644764399043, 'lag_22': 0.9090031058367382, 'lag_23': 0.9930493090929658, 'lag_24': 0.13910201732356678, 'lag_25': 0.9814998558393482, 'lag_26': 0.0009606020118588486, 'lag_27': 0.18742217297332583, 'lag_28': 0.5100171501539984}. Best is trial 31 with value: 0.010969197253906647.
[I 2025-09-29 12:51:32,787] Trial 32 finished with value: 0.011495592361991495 and parameters: {'lag_0': 0.5727454845528921, 'lag_1': 0.8611840333897863, 'lag_2': 0.9277348559960852, 'lag_3': 0.6981205232601357, 'lag_4': 0.42018582211504535, 'lag_5': 0.13327948942532652, 'lag_6': 0.18969615754292665, 'lag_7': 0.09003023541239391, 'lag_8': 0.11031790846321683, 'lag_9': 0.9608772318842105, 'lag_10': 0.8563070811474588, 'lag_11': 0.40109198368995724, 'lag_12': 0.9239440388594231, 'lag_13': 0.34427169826354104, 'lag_14': 0.2530796023160826, 'lag_15': 0.2601232085049291, 'lag_16': 0.30818059709697315, 'lag_17': 0.31913207038242897, 'lag_18': 0.6441818039936568, 'lag_19': 0.14441278761496024, 'lag_20': 0.9961873504712281, 'lag_21': 0.6098900113984597, 'lag_22': 0.9027621443333037, 'lag_23': 0.9976211964419102, 'lag_24': 0.125417293819601, 'lag_25': 0.9925022210226987, 'lag_26': 0.05533390867649243, 'lag_27': 0.1961515960522365, 'lag_28': 0.4220523631595061}. Best is trial 31 with value: 0.010969197253906647.
[I 2025-09-29 12:51:35,321] Trial 33 finished with value: 0.011940321377446697 and parameters: {'lag_0': 0.4720012159857492, 'lag_1': 0.9516054948045408, 'lag_2': 0.9919727421952691, 'lag_3': 0.8204492823558864, 'lag_4': 0.2451498886605106, 'lag_5': 0.06776202240015328, 'lag_6': 0.24116247617748715, 'lag_7': 0.06953849519117063, 'lag_8': 0.01317140135502945, 'lag_9': 0.8604398388326657, 'lag_10': 0.9813667416507831, 'lag_11': 0.27271440469029457, 'lag_12': 0.8090636000392726, 'lag_13': 0.46556014560097175, 'lag_14': 0.45581290430995264, 'lag_15': 0.10512212661512282, 'lag_16': 0.43230625164995984, 'lag_17': 0.1300370726088071, 'lag_18': 0.4353250601421723, 'lag_19': 0.2512845524784594, 'lag_20': 0.919094953298595, 'lag_21': 0.7193443821940084, 'lag_22': 0.8299252739358333, 'lag_23': 0.9290667311115328, 'lag_24': 0.025817649362010392, 'lag_25': 0.9317348845841369, 'lag_26': 0.04714248991504222, 'lag_27': 0.3329916629332461, 'lag_28': 0.538454034338643}. Best is trial 31 with value: 0.010969197253906647.
[I 2025-09-29 12:51:37,848] Trial 34 finished with value: 0.011691353705979058 and parameters: {'lag_0': 0.7428497130007458, 'lag_1': 0.8398331684674012, 'lag_2': 0.7700542472065308, 'lag_3': 0.6265402976157097, 'lag_4': 0.5882389648871408, 'lag_5': 0.192866450269228, 'lag_6': 0.08667873800245268, 'lag_7': 0.8533303413251926, 'lag_8': 0.25198190767873063, 'lag_9': 0.9700952329550225, 'lag_10': 0.8954585440033189, 'lag_11': 0.5457007746374474, 'lag_12': 0.896280964626379, 'lag_13': 0.5398496922141068, 'lag_14': 0.3172258717252694, 'lag_15': 0.46398428301962874, 'lag_16': 0.3365465207335966, 'lag_17': 0.24695991666676145, 'lag_18': 0.6855231628373766, 'lag_19': 0.17944147552448428, 'lag_20': 0.8710473916143645, 'lag_21': 0.795885572365813, 'lag_22': 0.9287531728862758, 'lag_23': 0.8038117982407901, 'lag_24': 0.13137879702880018, 'lag_25': 0.9148977294594365, 'lag_26': 0.22881620586972365, 'lag_27': 0.18477087810785878, 'lag_28': 0.640779739587298}. Best is trial 31 with value: 0.010969197253906647.
[I 2025-09-29 12:51:40,381] Trial 35 finished with value: 0.011981794169281393 and parameters: {'lag_0': 0.6176368505863598, 'lag_1': 0.9146111303540054, 'lag_2': 0.6931006867215057, 'lag_3': 0.9669802474684672, 'lag_4': 0.3839875266742273, 'lag_5': 0.08860887439182474, 'lag_6': 0.29030837325579006, 'lag_7': 0.13305103147236264, 'lag_8': 0.10221727045437373, 'lag_9': 0.9112234849228695, 'lag_10': 0.7945799895267966, 'lag_11': 0.42827390891410166, 'lag_12': 0.9992351834679952, 'lag_13': 0.9918818597038486, 'lag_14': 0.19882136746771856, 'lag_15': 0.283339050825495, 'lag_16': 0.22982421609073964, 'lag_17': 0.35212407109071703, 'lag_18': 0.7695620141957946, 'lag_19': 0.3052645745966168, 'lag_20': 0.9256104068585569, 'lag_21': 0.7009700061021055, 'lag_22': 0.774375267652536, 'lag_23': 0.95171379005439, 'lag_24': 0.2562613963750714, 'lag_25': 0.7858361894668545, 'lag_26': 0.000273274095162479, 'lag_27': 0.09178347555591342, 'lag_28': 0.38294278421670325}. Best is trial 31 with value: 0.010969197253906647.
[I 2025-09-29 12:51:43,012] Trial 36 finished with value: 0.01187898653144764 and parameters: {'lag_0': 0.3714715034751292, 'lag_1': 0.737126159861309, 'lag_2': 0.8937073071039177, 'lag_3': 0.5822072641507976, 'lag_4': 0.735582221830724, 'lag_5': 0.7651367531464364, 'lag_6': 0.33388844738843537, 'lag_7': 0.06776553435457909, 'lag_8': 0.23533778540643197, 'lag_9': 0.8300390033953888, 'lag_10': 0.903056694213342, 'lag_11': 0.3572253493430736, 'lag_12': 0.855229360369258, 'lag_13': 0.6993101105458079, 'lag_14': 0.08031841458961783, 'lag_15': 0.3857902985946863, 'lag_16': 0.09832694753563948, 'lag_17': 0.08419868819019372, 'lag_18': 0.5846697968902348, 'lag_19': 0.06245322846723095, 'lag_20': 0.7536955454727211, 'lag_21': 0.5003474020918656, 'lag_22': 0.9448656793447827, 'lag_23': 0.9059448509183075, 'lag_24': 0.4129527401095938, 'lag_25': 0.864439138233667, 'lag_26': 0.11444994393870594, 'lag_27': 0.41282038476508903, 'lag_28': 0.3470749236464695}. Best is trial 31 with value: 0.010969197253906647.
[I 2025-09-29 12:51:45,552] Trial 37 finished with value: 0.011008309147232007 and parameters: {'lag_0': 0.10629887415658171, 'lag_1': 0.0878985812672973, 'lag_2': 0.29913185843906026, 'lag_3': 0.5233186583542062, 'lag_4': 0.46044572046727145, 'lag_5': 0.15790901330065202, 'lag_6': 0.45586595224228893, 'lag_7': 0.29072648866792994, 'lag_8': 0.3200528105453213, 'lag_9': 0.7573023852236542, 'lag_10': 0.6999355143712573, 'lag_11': 0.1922514003308267, 'lag_12': 0.6830003562640763, 'lag_13': 0.399935093209053, 'lag_14': 0.5609861212566113, 'lag_15': 0.12907760164202053, 'lag_16': 0.4934186445496378, 'lag_17': 0.43985493723474306, 'lag_18': 0.42094372089589344, 'lag_19': 0.21023008300963997, 'lag_20': 0.838247705869152, 'lag_21': 0.5749748462516713, 'lag_22': 0.8723988395182939, 'lag_23': 0.8253209855542339, 'lag_24': 0.19976235501141337, 'lag_25': 0.9608683539405022, 'lag_26': 0.10360620138255747, 'lag_27': 0.31434718868489636, 'lag_28': 0.28228463774533463}. Best is trial 31 with value: 0.010969197253906647.
[I 2025-09-29 12:51:48,087] Trial 38 finished with value: 0.011659685735933316 and parameters: {'lag_0': 0.22120630513375017, 'lag_1': 0.08569900313278683, 'lag_2': 0.2874834346881897, 'lag_3': 0.5124135079205985, 'lag_4': 0.46023103017813616, 'lag_5': 0.2650904229550662, 'lag_6': 0.4557322665602156, 'lag_7': 0.26490607983981673, 'lag_8': 0.32525818195281675, 'lag_9': 0.738159273196888, 'lag_10': 0.7052698501857235, 'lag_11': 0.22011779105759352, 'lag_12': 0.9437460562950253, 'lag_13': 0.39305344418333155, 'lag_14': 0.5769023756836864, 'lag_15': 0.003945253301019858, 'lag_16': 0.5122252545659263, 'lag_17': 0.5427306622081427, 'lag_18': 0.4266161991178915, 'lag_19': 0.21561233961357765, 'lag_20': 0.8497865431166696, 'lag_21': 0.5715070804637226, 'lag_22': 0.8770169648082405, 'lag_23': 0.8218430325339869, 'lag_24': 0.17796721892401124, 'lag_25': 0.9699966170522821, 'lag_26': 0.09091900415929974, 'lag_27': 0.3027632669579191, 'lag_28': 0.15229996529666912}. Best is trial 31 with value: 0.010969197253906647.
[I 2025-09-29 12:51:50,627] Trial 39 finished with value: 0.011894567017790472 and parameters: {'lag_0': 0.09989123066194244, 'lag_1': 0.6808225905859082, 'lag_2': 0.39750439621229444, 'lag_3': 0.6002546599288585, 'lag_4': 0.5138090257835641, 'lag_5': 0.15616078653036597, 'lag_6': 0.25288544303113136, 'lag_7': 0.18957183926011067, 'lag_8': 0.14297113250284263, 'lag_9': 0.6331032667936898, 'lag_10': 0.6161540307652618, 'lag_11': 0.15167509547439387, 'lag_12': 0.6827619511859047, 'lag_13': 0.31473632294845977, 'lag_14': 0.4590712110823127, 'lag_15': 0.10563486644831677, 'lag_16': 0.7264075020841066, 'lag_17': 0.4468570260971333, 'lag_18': 0.5120601297311242, 'lag_19': 0.1320510222102983, 'lag_20': 0.9367743028569614, 'lag_21': 0.6555017391931145, 'lag_22': 0.8205485262842227, 'lag_23': 0.9898043033167141, 'lag_24': 0.31130137477145103, 'lag_25': 0.9190612313700389, 'lag_26': 0.006776075043157112, 'lag_27': 0.2260488018104022, 'lag_28': 0.27725716482627755}. Best is trial 31 with value: 0.010969197253906647.
