2025-09-29 13:06:28,775 - distributed.nanny - INFO -         Start Nanny at: 'tcp://192.168.86.107:44928'
2025-09-29 13:06:30,085 - distributed.worker - INFO -       Start worker at: tcp://192.168.86.107:33956
2025-09-29 13:06:30,085 - distributed.worker - INFO -          Listening to: tcp://192.168.86.107:33956
2025-09-29 13:06:30,085 - distributed.worker - INFO -           Worker name:             SLURMCluster-6
2025-09-29 13:06:30,085 - distributed.worker - INFO -          dashboard at:       192.168.86.107:43109
2025-09-29 13:06:30,085 - distributed.worker - INFO - Waiting to connect to: tcp://192.168.86.101:46695
2025-09-29 13:06:30,086 - distributed.worker - INFO - -------------------------------------------------
2025-09-29 13:06:30,086 - distributed.worker - INFO -               Threads:                          1
2025-09-29 13:06:30,086 - distributed.worker - INFO -                Memory:                   9.31 GiB
2025-09-29 13:06:30,086 - distributed.worker - INFO -       Local Directory: /home1/zrentala/dask-worker-space/dask-scratch-space/worker-3p1fq3rh
2025-09-29 13:06:30,086 - distributed.worker - INFO - -------------------------------------------------
2025-09-29 13:06:30,388 - distributed.worker - INFO - Starting Worker plugin shuffle
2025-09-29 13:06:30,389 - distributed.worker - INFO -         Registered to: tcp://192.168.86.101:46695
2025-09-29 13:06:30,389 - distributed.worker - INFO - -------------------------------------------------
2025-09-29 13:06:30,389 - distributed.core - INFO - Starting established connection to tcp://192.168.86.101:46695
[I 2025-09-29 13:06:30,461] A new study created in memory with name: no-name-f00876cd-11b7-4750-92c8-ec549240be9d
[I 2025-09-29 13:06:32,899] Trial 0 finished with value: 0.006359876456338181 and parameters: {'lag_0': 0.21454741657757823, 'lag_1': 0.5620588486076846, 'lag_2': 0.23520134599145004, 'lag_3': 0.8400690286408963, 'lag_4': 0.6809325100692629, 'lag_5': 0.6175311804009809, 'lag_6': 0.8608254831909424, 'lag_7': 0.6939376547660165, 'lag_8': 0.9245049317830759, 'lag_9': 0.37767930639676367, 'lag_10': 0.6243375282940615, 'lag_11': 0.6512420993422117, 'lag_12': 0.13223679126882404, 'lag_13': 0.18400514731975778, 'lag_14': 0.3146528067824101, 'lag_15': 0.24893360023073066, 'lag_16': 0.6195041738363953, 'lag_17': 0.4212329116765236, 'lag_18': 0.6812517324500089, 'lag_19': 0.6215169203892432, 'lag_20': 0.8928846750452649, 'lag_21': 0.9469767958532342, 'lag_22': 0.3862983655448107, 'lag_23': 0.7339802897764675, 'lag_24': 0.22078183162251497, 'lag_25': 0.26209590107447667, 'lag_26': 0.8533555870577663, 'lag_27': 0.05078738868736176, 'lag_28': 0.9134722197662419}. Best is trial 0 with value: 0.006359876456338181.
[I 2025-09-29 13:06:35,309] Trial 1 finished with value: 0.006089906309569955 and parameters: {'lag_0': 0.019691337043802687, 'lag_1': 0.20538377401969318, 'lag_2': 0.5865714247785705, 'lag_3': 0.9311637190226009, 'lag_4': 0.7774927924163392, 'lag_5': 0.4269047367402504, 'lag_6': 0.3880045601174267, 'lag_7': 0.7405059032294161, 'lag_8': 0.47500453923783453, 'lag_9': 0.015203723868972584, 'lag_10': 0.7694825468382919, 'lag_11': 0.7490771518391065, 'lag_12': 0.49995045587269393, 'lag_13': 0.3904713009802398, 'lag_14': 0.5839318001784591, 'lag_15': 0.5447920948124105, 'lag_16': 0.2552964434557923, 'lag_17': 0.24193876026617173, 'lag_18': 0.9761296837340985, 'lag_19': 0.6829594617218425, 'lag_20': 0.7925229791273704, 'lag_21': 0.970565746059464, 'lag_22': 0.7892858821087603, 'lag_23': 0.890962842775883, 'lag_24': 0.6033231496177849, 'lag_25': 0.022152209425548762, 'lag_26': 0.6270634793118842, 'lag_27': 0.8833696777791868, 'lag_28': 0.6558072799294766}. Best is trial 1 with value: 0.006089906309569955.
[I 2025-09-29 13:06:37,737] Trial 2 finished with value: 0.00595127944317254 and parameters: {'lag_0': 0.754954007207113, 'lag_1': 0.04044317626607525, 'lag_2': 0.3008408681380497, 'lag_3': 0.09413193265292889, 'lag_4': 0.4798036232374675, 'lag_5': 0.16045348996354264, 'lag_6': 0.1918309493344558, 'lag_7': 0.7791958573409627, 'lag_8': 0.9591901021003352, 'lag_9': 0.12150700734253189, 'lag_10': 0.4233366661433006, 'lag_11': 0.16257556883288318, 'lag_12': 0.05161721048150983, 'lag_13': 0.597427253676148, 'lag_14': 0.051208109264551896, 'lag_15': 0.08967991987995357, 'lag_16': 0.560812082497344, 'lag_17': 0.07725585196047167, 'lag_18': 0.41328367458382126, 'lag_19': 0.8882941743521898, 'lag_20': 0.3473936630749534, 'lag_21': 0.8600463050862457, 'lag_22': 0.01016041715756428, 'lag_23': 0.5822434377154027, 'lag_24': 0.2916816277206253, 'lag_25': 0.027247295158278048, 'lag_26': 0.848364182274897, 'lag_27': 0.1817710234560592, 'lag_28': 0.22749979306310522}. Best is trial 2 with value: 0.00595127944317254.
[I 2025-09-29 13:06:40,136] Trial 3 finished with value: 0.006598454949794304 and parameters: {'lag_0': 0.7684223943197277, 'lag_1': 0.7739959773485793, 'lag_2': 0.735325882182686, 'lag_3': 0.8969448070595141, 'lag_4': 0.11156885664351397, 'lag_5': 0.4714419671145052, 'lag_6': 0.9290635881769006, 'lag_7': 0.8158999962633013, 'lag_8': 0.3828033909219304, 'lag_9': 0.8496258936827852, 'lag_10': 0.435520007396009, 'lag_11': 0.6941853890394747, 'lag_12': 0.2701812368587071, 'lag_13': 0.563306454979914, 'lag_14': 0.6594383610038473, 'lag_15': 0.8910469866883847, 'lag_16': 0.4539806885942645, 'lag_17': 0.6741798109349696, 'lag_18': 0.08967741928862127, 'lag_19': 0.3067199054285879, 'lag_20': 0.2366117660580733, 'lag_21': 0.17948981057268967, 'lag_22': 0.12478404969767992, 'lag_23': 0.020542718065103667, 'lag_24': 0.3374007384905063, 'lag_25': 0.25954960280481365, 'lag_26': 0.4203366543546559, 'lag_27': 0.7368442151780993, 'lag_28': 0.19157045794538743}. Best is trial 2 with value: 0.00595127944317254.
[I 2025-09-29 13:06:42,541] Trial 4 finished with value: 0.006115213624093291 and parameters: {'lag_0': 0.7137635238389971, 'lag_1': 0.4068072271056627, 'lag_2': 0.5518422418960583, 'lag_3': 0.31088023283675714, 'lag_4': 0.623000132858306, 'lag_5': 0.2743259850583762, 'lag_6': 0.6803495640386283, 'lag_7': 0.8750919706520386, 'lag_8': 0.554238964300422, 'lag_9': 0.03850450732377502, 'lag_10': 0.07364598108797944, 'lag_11': 0.7053311668114997, 'lag_12': 0.7390098232593855, 'lag_13': 0.46623470443744175, 'lag_14': 0.7988197000861458, 'lag_15': 0.6680299831549461, 'lag_16': 0.3594895078617902, 'lag_17': 0.9271475071003124, 'lag_18': 0.188000476240322, 'lag_19': 0.983664903497967, 'lag_20': 0.1866934518886057, 'lag_21': 0.583789773456739, 'lag_22': 0.525002501033801, 'lag_23': 0.7954922741122431, 'lag_24': 0.22080763548277885, 'lag_25': 0.1984674997521229, 'lag_26': 0.7984337061941613, 'lag_27': 0.5418944496861142, 'lag_28': 0.8271023144462907}. Best is trial 2 with value: 0.00595127944317254.
[I 2025-09-29 13:06:44,952] Trial 5 finished with value: 0.0061802749025573495 and parameters: {'lag_0': 0.3019043575931471, 'lag_1': 0.3200849525615616, 'lag_2': 0.42211362626725507, 'lag_3': 0.6598387675485584, 'lag_4': 0.6525699452494056, 'lag_5': 0.18406478656844721, 'lag_6': 0.1955614098429243, 'lag_7': 0.20999193335142774, 'lag_8': 0.07051515456394432, 'lag_9': 0.7072923693414028, 'lag_10': 0.8461180846054898, 'lag_11': 0.9780612883299621, 'lag_12': 0.38648278143486486, 'lag_13': 0.9875179258268457, 'lag_14': 0.3261432315564641, 'lag_15': 0.5184465527497298, 'lag_16': 0.8672260503095583, 'lag_17': 0.008887030522760318, 'lag_18': 0.4109892121457855, 'lag_19': 0.25533805295927164, 'lag_20': 0.4225254077267102, 'lag_21': 0.814042365775972, 'lag_22': 0.5675122298838327, 'lag_23': 0.4010391870380858, 'lag_24': 0.2872947010211305, 'lag_25': 0.7771655225658974, 'lag_26': 0.8317197724346278, 'lag_27': 0.18645574727182884, 'lag_28': 0.6256634612095855}. Best is trial 2 with value: 0.00595127944317254.
[I 2025-09-29 13:06:47,350] Trial 6 finished with value: 0.006507593299020742 and parameters: {'lag_0': 0.019218642963151154, 'lag_1': 0.19905138391269586, 'lag_2': 0.9757199752896822, 'lag_3': 0.9307592515978126, 'lag_4': 0.29753075978525656, 'lag_5': 0.16832836104411114, 'lag_6': 0.42933237895585713, 'lag_7': 0.5689371358502304, 'lag_8': 0.886285695438891, 'lag_9': 0.6171428305919866, 'lag_10': 0.8130493900514979, 'lag_11': 0.7680082779819338, 'lag_12': 0.9421569705261349, 'lag_13': 0.5858011576400532, 'lag_14': 0.7100426881055594, 'lag_15': 0.4889974660825066, 'lag_16': 0.17439414320259045, 'lag_17': 0.6355006199353478, 'lag_18': 0.11219867228484937, 'lag_19': 0.056151426543073354, 'lag_20': 0.15305142211090497, 'lag_21': 0.5005172079049593, 'lag_22': 0.04162119588472396, 'lag_23': 0.24555910345004456, 'lag_24': 0.8384826815652818, 'lag_25': 0.05078109398854787, 'lag_26': 0.005044891015067545, 'lag_27': 0.5745589804200208, 'lag_28': 0.494012929470336}. Best is trial 2 with value: 0.00595127944317254.
[I 2025-09-29 13:06:49,751] Trial 7 finished with value: 0.006578685021719316 and parameters: {'lag_0': 0.7769187445095972, 'lag_1': 0.04352084487286994, 'lag_2': 0.9500089463899399, 'lag_3': 0.2582926736542957, 'lag_4': 0.2603327752071649, 'lag_5': 0.6397542374500811, 'lag_6': 0.2510081853442979, 'lag_7': 0.290123865858644, 'lag_8': 0.3802508376364263, 'lag_9': 0.39391197409382295, 'lag_10': 0.9604987978293432, 'lag_11': 0.1679554385141146, 'lag_12': 0.4227385528366502, 'lag_13': 0.19232471366325066, 'lag_14': 0.02352059346396087, 'lag_15': 0.5889097788723171, 'lag_16': 0.09900097241837005, 'lag_17': 0.43000539083742667, 'lag_18': 0.7069645500246134, 'lag_19': 0.9929279174816688, 'lag_20': 0.8397160181307435, 'lag_21': 0.9138731759702975, 'lag_22': 0.3634020923184203, 'lag_23': 0.322572828532342, 'lag_24': 0.24741456141533416, 'lag_25': 0.1425643744440837, 'lag_26': 0.7104768580447236, 'lag_27': 0.5100918080193599, 'lag_28': 0.20849669080962804}. Best is trial 2 with value: 0.00595127944317254.
[I 2025-09-29 13:06:52,146] Trial 8 finished with value: 0.006300855732839386 and parameters: {'lag_0': 0.5468253226385172, 'lag_1': 0.6340947546029246, 'lag_2': 0.5760794975790018, 'lag_3': 0.8993640555291373, 'lag_4': 0.5568439530052757, 'lag_5': 0.027847753114163102, 'lag_6': 0.1360001204077161, 'lag_7': 0.4181995476466108, 'lag_8': 0.8604283257373243, 'lag_9': 0.08230585489426487, 'lag_10': 0.1550067741105285, 'lag_11': 0.07898028809585406, 'lag_12': 0.2877354340623645, 'lag_13': 0.29688827988356037, 'lag_14': 0.985168883745457, 'lag_15': 0.3817378587327403, 'lag_16': 0.4980380946706619, 'lag_17': 0.22791507941416206, 'lag_18': 0.7719775443478519, 'lag_19': 0.8307197625719795, 'lag_20': 0.8781228741383695, 'lag_21': 0.49156726906939857, 'lag_22': 0.07502679580387471, 'lag_23': 0.4399286392708151, 'lag_24': 0.41579472971366394, 'lag_25': 0.3682145894977056, 'lag_26': 0.03451921714402718, 'lag_27': 0.31494863820231905, 'lag_28': 0.9897629695323162}. Best is trial 2 with value: 0.00595127944317254.
[I 2025-09-29 13:06:54,551] Trial 9 finished with value: 0.005905883295626356 and parameters: {'lag_0': 0.8892636256782513, 'lag_1': 0.9750690898402288, 'lag_2': 0.3035963745233085, 'lag_3': 0.13442282638688513, 'lag_4': 0.794498268123897, 'lag_5': 0.9220486639741894, 'lag_6': 0.6076788245036318, 'lag_7': 0.3432246367986051, 'lag_8': 0.7029497248889051, 'lag_9': 0.20157178630848005, 'lag_10': 0.6149295276474022, 'lag_11': 0.7262536296175401, 'lag_12': 0.391143505593539, 'lag_13': 0.965426285062673, 'lag_14': 0.6296417913289608, 'lag_15': 0.96384204870188, 'lag_16': 0.2447157817245571, 'lag_17': 0.2907798247666871, 'lag_18': 0.34256355849504977, 'lag_19': 0.892727162238566, 'lag_20': 0.13858575157480782, 'lag_21': 0.6575407219584964, 'lag_22': 0.8522936027696852, 'lag_23': 0.6789004535857386, 'lag_24': 0.30460435413179804, 'lag_25': 0.11507955362563091, 'lag_26': 0.37618017676910437, 'lag_27': 0.9309932949047938, 'lag_28': 0.44266053691159396}. Best is trial 9 with value: 0.005905883295626356.
[I 2025-09-29 13:06:57,103] Trial 10 finished with value: 0.006357801996157412 and parameters: {'lag_0': 0.9674889177773625, 'lag_1': 0.9730997492892831, 'lag_2': 0.014677237927716635, 'lag_3': 0.0031958009893011396, 'lag_4': 0.909194326967129, 'lag_5': 0.9624891481166475, 'lag_6': 0.6779709945537132, 'lag_7': 0.016125382037437186, 'lag_8': 0.6514279717873515, 'lag_9': 0.2499172393097005, 'lag_10': 0.31509910032484534, 'lag_11': 0.38211064673489664, 'lag_12': 0.6730212947271099, 'lag_13': 0.9576079451602001, 'lag_14': 0.40876150268856826, 'lag_15': 0.9924643064818492, 'lag_16': 0.008625148125719406, 'lag_17': 0.8736807223445477, 'lag_18': 0.22763678417960348, 'lag_19': 0.464237394841654, 'lag_20': 0.026237706184010612, 'lag_21': 0.05394172028931449, 'lag_22': 0.9714651887070668, 'lag_23': 0.6434770961350742, 'lag_24': 0.03715707421143927, 'lag_25': 0.6073499575332315, 'lag_26': 0.3603159963262589, 'lag_27': 0.9678364981198981, 'lag_28': 0.4633104244065723}. Best is trial 9 with value: 0.005905883295626356.
[I 2025-09-29 13:06:59,561] Trial 11 finished with value: 0.006014822705584929 and parameters: {'lag_0': 0.9918823946490276, 'lag_1': 0.9860197452132073, 'lag_2': 0.2595779113161656, 'lag_3': 0.05406785513375641, 'lag_4': 0.4065477531038074, 'lag_5': 0.9648312252969786, 'lag_6': 0.01366442640002527, 'lag_7': 0.9864726438348725, 'lag_8': 0.7428448607076953, 'lag_9': 0.22364409865871532, 'lag_10': 0.5624349221893818, 'lag_11': 0.3615596578364292, 'lag_12': 0.006804207176752876, 'lag_13': 0.7725008657037497, 'lag_14': 0.020870142487525573, 'lag_15': 0.015957876537408447, 'lag_16': 0.6774925098944642, 'lag_17': 0.01334856110385707, 'lag_18': 0.4368412930152088, 'lag_19': 0.8033912749370069, 'lag_20': 0.4477852095945695, 'lag_21': 0.6692815769343454, 'lag_22': 0.7406394432713044, 'lag_23': 0.628073906945549, 'lag_24': 0.6118645306297238, 'lag_25': 0.47899882279192785, 'lag_26': 0.26335897489368487, 'lag_27': 0.2632288418555193, 'lag_28': 0.0650435725894514}. Best is trial 9 with value: 0.005905883295626356.
[I 2025-09-29 13:07:02,023] Trial 12 finished with value: 0.0062532723753557255 and parameters: {'lag_0': 0.6135428054749728, 'lag_1': 0.7674799193855639, 'lag_2': 0.24208974736162478, 'lag_3': 0.20847483524670235, 'lag_4': 0.9740615992047402, 'lag_5': 0.7256673614308811, 'lag_6': 0.6230590179324763, 'lag_7': 0.5154358058621609, 'lag_8': 0.9914206268210328, 'lag_9': 0.21310446023634072, 'lag_10': 0.37629047359206097, 'lag_11': 0.4924027749170745, 'lag_12': 0.04186704174882727, 'lag_13': 0.7483481726932835, 'lag_14': 0.17483557693105706, 'lag_15': 0.10174405232090716, 'lag_16': 0.7212603600011525, 'lag_17': 0.19630860118510096, 'lag_18': 0.3032909733314021, 'lag_19': 0.8177756410174957, 'lag_20': 0.602224985370148, 'lag_21': 0.6935533900804007, 'lag_22': 0.9973430331752776, 'lag_23': 0.9770736374446152, 'lag_24': 0.02580459316646555, 'lag_25': 0.431910998646631, 'lag_26': 0.970132356791789, 'lag_27': 0.7876788194225158, 'lag_28': 0.3073591251144811}. Best is trial 9 with value: 0.005905883295626356.
[I 2025-09-29 13:07:04,475] Trial 13 finished with value: 0.006160464774057464 and parameters: {'lag_0': 0.8631726288566897, 'lag_1': 0.04176057369793603, 'lag_2': 0.053655741672031076, 'lag_3': 0.45274474102238, 'lag_4': 0.4355599894187658, 'lag_5': 0.8045718596244481, 'lag_6': 0.5355942693356001, 'lag_7': 0.33057768211820315, 'lag_8': 0.7352928686385486, 'lag_9': 0.4428400551103716, 'lag_10': 0.639932021031259, 'lag_11': 0.20764846160274203, 'lag_12': 0.20353987492784328, 'lag_13': 0.783677716766765, 'lag_14': 0.4588489853466805, 'lag_15': 0.7401132095972733, 'lag_16': 0.999685168392032, 'lag_17': 0.14935093034202235, 'lag_18': 0.5582344403404433, 'lag_19': 0.5956538310079105, 'lag_20': 0.3308964890904672, 'lag_21': 0.33665508918248593, 'lag_22': 0.23595604680633106, 'lag_23': 0.5766599552508173, 'lag_24': 0.5328180694206325, 'lag_25': 0.9554926559691745, 'lag_26': 0.5650127322892378, 'lag_27': 0.010715577582785962, 'lag_28': 0.34525701958602106}. Best is trial 9 with value: 0.005905883295626356.
[I 2025-09-29 13:07:06,934] Trial 14 finished with value: 0.005689529826481654 and parameters: {'lag_0': 0.4211300325485312, 'lag_1': 0.7652462237880896, 'lag_2': 0.3723323410873208, 'lag_3': 0.12511308444875519, 'lag_4': 0.8239859017187257, 'lag_5': 0.3356701697323451, 'lag_6': 0.31695592043818505, 'lag_7': 0.06427600420756063, 'lag_8': 0.7935741746577059, 'lag_9': 0.9980235773065973, 'lag_10': 0.30697195174961733, 'lag_11': 0.9745148697868354, 'lag_12': 0.6443927996047057, 'lag_13': 0.6627756166346876, 'lag_14': 0.8669438883560634, 'lag_15': 0.25734673140977243, 'lag_16': 0.3300817240846161, 'lag_17': 0.33246192995677326, 'lag_18': 0.31899696028647906, 'lag_19': 0.9046207015608854, 'lag_20': 0.6064107452295336, 'lag_21': 0.7804437689463815, 'lag_22': 0.7074048204081513, 'lag_23': 0.5095681595987578, 'lag_24': 0.757859332343139, 'lag_25': 0.04916433474016089, 'lag_26': 0.2766031327907305, 'lag_27': 0.37553421436279416, 'lag_28': 0.011592246468538625}. Best is trial 14 with value: 0.005689529826481654.
[I 2025-09-29 13:07:09,392] Trial 15 finished with value: 0.006162066815878277 and parameters: {'lag_0': 0.345707350310801, 'lag_1': 0.8195960688317458, 'lag_2': 0.4243105096855354, 'lag_3': 0.4161227747846457, 'lag_4': 0.8558868286650922, 'lag_5': 0.3549456461515234, 'lag_6': 0.3448740452223029, 'lag_7': 0.0567240479386063, 'lag_8': 0.7529766785593194, 'lag_9': 0.7712085464181413, 'lag_10': 0.2349243078835519, 'lag_11': 0.9997137225516213, 'lag_12': 0.6804457668782703, 'lag_13': 0.035345003489341775, 'lag_14': 0.90429783460873, 'lag_15': 0.2946947236543609, 'lag_16': 0.283552891791911, 'lag_17': 0.3358842242417197, 'lag_18': 0.014103566705786386, 'lag_19': 0.6921420293429775, 'lag_20': 0.6200884510001258, 'lag_21': 0.6891529465651745, 'lag_22': 0.7410698473773416, 'lag_23': 0.19908980260509795, 'lag_24': 0.9944410218987202, 'lag_25': 0.14619201895396705, 'lag_26': 0.1978633521216952, 'lag_27': 0.38410202654443043, 'lag_28': 0.007471347368812553}. Best is trial 14 with value: 0.005689529826481654.
[I 2025-09-29 13:07:11,855] Trial 16 finished with value: 0.005965840454665529 and parameters: {'lag_0': 0.41745293688332313, 'lag_1': 0.8932343222558337, 'lag_2': 0.13198506602195603, 'lag_3': 0.6063265931176754, 'lag_4': 0.7863490111370913, 'lag_5': 0.5315343283544962, 'lag_6': 0.7902428751055878, 'lag_7': 0.15150511882062753, 'lag_8': 0.5914003885608813, 'lag_9': 0.9842261873469642, 'lag_10': 0.008330267775043143, 'lag_11': 0.8797396500357708, 'lag_12': 0.8419143433853051, 'lag_13': 0.8251008708460936, 'lag_14': 0.7870129185266194, 'lag_15': 0.8216817065802324, 'lag_16': 0.3924319787196956, 'lag_17': 0.5611785446705928, 'lag_18': 0.3059065882682158, 'lag_19': 0.4923790012397641, 'lag_20': 0.5973712851821742, 'lag_21': 0.7714079308416697, 'lag_22': 0.8710947124106188, 'lag_23': 0.48356603927772324, 'lag_24': 0.687806428658379, 'lag_25': 0.637300869221529, 'lag_26': 0.18865762096568467, 'lag_27': 0.6847401864137892, 'lag_28': 0.6637365635803397}. Best is trial 14 with value: 0.005689529826481654.
[I 2025-09-29 13:07:14,318] Trial 17 finished with value: 0.006472369553041977 and parameters: {'lag_0': 0.47993844432658883, 'lag_1': 0.6381595445387361, 'lag_2': 0.39470453510531117, 'lag_3': 0.155346019523112, 'lag_4': 0.9894538737067211, 'lag_5': 0.832535260649087, 'lag_6': 0.5322926879296047, 'lag_7': 0.14726554156175528, 'lag_8': 0.15417457861265382, 'lag_9': 0.5509182940014177, 'lag_10': 0.5326863529625107, 'lag_11': 0.8339467458605645, 'lag_12': 0.5954664522178816, 'lag_13': 0.6791291332147348, 'lag_14': 0.5711713769251757, 'lag_15': 0.23953159044690825, 'lag_16': 0.2008196535609143, 'lag_17': 0.3718802623554996, 'lag_18': 0.5145761144556502, 'lag_19': 0.8963554313713812, 'lag_20': 0.7208010774282116, 'lag_21': 0.34396609751218926, 'lag_22': 0.5836043686946031, 'lag_23': 0.7558558746472149, 'lag_24': 0.7876057179323186, 'lag_25': 0.2597422724510762, 'lag_26': 0.4725174082028889, 'lag_27': 0.4275298265149865, 'lag_28': 0.10388300807225193}. Best is trial 14 with value: 0.005689529826481654.
[I 2025-09-29 13:07:16,777] Trial 18 finished with value: 0.006261182778125188 and parameters: {'lag_0': 0.18195342223541697, 'lag_1': 0.6908773489621949, 'lag_2': 0.7226486465991556, 'lag_3': 0.33778656986132843, 'lag_4': 0.7443458613813985, 'lag_5': 0.369949949860399, 'lag_6': 0.28083044610375774, 'lag_7': 0.3633825228708022, 'lag_8': 0.8067021175755772, 'lag_9': 0.9550425471611582, 'lag_10': 0.2771085381941484, 'lag_11': 0.6038190505607042, 'lag_12': 0.5232248835029579, 'lag_13': 0.9013787836256825, 'lag_14': 0.8155995544747581, 'lag_15': 0.3896811430420183, 'lag_16': 0.3386349261292947, 'lag_17': 0.5160329174405068, 'lag_18': 0.5968000364298702, 'lag_19': 0.7556271854663819, 'lag_20': 0.7085971732502322, 'lag_21': 0.5256460247139356, 'lag_22': 0.6410386878372438, 'lag_23': 0.045243193111079716, 'lag_24': 0.9513219994222322, 'lag_25': 0.30831512912922987, 'lag_26': 0.3166048695408227, 'lag_27': 0.6244518727386452, 'lag_28': 0.7784610091691657}. Best is trial 14 with value: 0.005689529826481654.
[I 2025-09-29 13:07:19,236] Trial 19 finished with value: 0.006009519965731307 and parameters: {'lag_0': 0.6324598939859751, 'lag_1': 0.4995051736203437, 'lag_2': 0.13670665390088957, 'lag_3': 0.1308586182326957, 'lag_4': 0.8705633009509017, 'lag_5': 0.04360606935836053, 'lag_6': 0.45747436542709274, 'lag_7': 0.6110669456524203, 'lag_8': 0.668297812102026, 'lag_9': 0.3049389871924218, 'lag_10': 0.6988116410916073, 'lag_11': 0.8909451083570648, 'lag_12': 0.805694405069746, 'lag_13': 0.8798791060110019, 'lag_14': 0.9659633894910972, 'lag_15': 0.978191559253293, 'lag_16': 0.11838638095858137, 'lag_17': 0.8034929889230396, 'lag_18': 0.31168752374425257, 'lag_19': 0.3643003396277851, 'lag_20': 0.0316862778600058, 'lag_21': 0.7627125862443535, 'lag_22': 0.8682324746698084, 'lag_23': 0.8606653666467772, 'lag_24': 0.4695632686200478, 'lag_25': 0.140745924025253, 'lag_26': 0.11164129821720378, 'lag_27': 0.911986203442843, 'lag_28': 0.3912253968250551}. Best is trial 14 with value: 0.005689529826481654.
