[I 2025-09-29 11:59:05,432] Trial 87 finished with value: 0.009660414484303704 and parameters: {'lag_0': 0.17031671618433888, 'lag_1': 0.10552280827971133, 'lag_2': 0.27010290669027087, 'lag_3': 0.7260933478691055, 'lag_4': 0.41670034437823344, 'lag_5': 0.3826976593483718, 'lag_6': 0.1668508887009017, 'lag_7': 0.006683692191612189, 'lag_8': 0.46495111663256405, 'lag_9': 0.28578931765304516, 'lag_10': 0.43276479912127735, 'lag_11': 0.6923322568552697, 'lag_12': 0.4322285800496098, 'lag_13': 0.5755816016699048, 'lag_14': 0.3538433290757117, 'lag_15': 0.21318231613689842, 'lag_16': 0.15706207136251904, 'lag_17': 0.38886090338371393, 'lag_18': 0.8433127658852283, 'lag_19': 0.2703772665273041, 'lag_20': 0.9654646700697098, 'lag_21': 0.6856254503253763, 'lag_22': 0.3819949284448254, 'lag_23': 0.6209271205227821, 'lag_24': 0.8571567657975678, 'lag_25': 0.5568805194066871, 'lag_26': 0.9853961822755344, 'lag_27': 0.6778285240109984, 'lag_28': 0.7064125920677029}. Best is trial 65 with value: 0.009316512343948544.
[I 2025-09-29 11:59:07,752] Trial 88 finished with value: 0.0097259427736569 and parameters: {'lag_0': 0.04403074583953959, 'lag_1': 0.03818975472861083, 'lag_2': 0.19997332363886144, 'lag_3': 0.8398165328885383, 'lag_4': 0.2823207126228897, 'lag_5': 0.43437320853552847, 'lag_6': 0.19318259613039088, 'lag_7': 0.14480726558846574, 'lag_8': 0.5500771422972517, 'lag_9': 0.12423270173115622, 'lag_10': 0.2557824739786311, 'lag_11': 0.5780622749978441, 'lag_12': 0.13085324299725123, 'lag_13': 0.7875876363453023, 'lag_14': 0.6684318071198432, 'lag_15': 0.5746381383346292, 'lag_16': 0.05324554082401911, 'lag_17': 0.2882807292402581, 'lag_18': 0.979357038191633, 'lag_19': 0.4024600032692419, 'lag_20': 0.925592763998752, 'lag_21': 0.7761907516449368, 'lag_22': 0.9432026243120443, 'lag_23': 0.4098120443098733, 'lag_24': 0.6036595704400678, 'lag_25': 0.7047076530335883, 'lag_26': 0.06260512504997587, 'lag_27': 0.636216103876915, 'lag_28': 0.4267745810090989}. Best is trial 65 with value: 0.009316512343948544.
[I 2025-09-29 11:59:10,061] Trial 89 finished with value: 0.009691873078728494 and parameters: {'lag_0': 0.6593364466016214, 'lag_1': 0.513976313097877, 'lag_2': 0.3248094618701581, 'lag_3': 0.9198083476008515, 'lag_4': 0.4896564994130581, 'lag_5': 0.4881517735071062, 'lag_6': 0.2410588432725736, 'lag_7': 0.026894760612005342, 'lag_8': 0.4794289306767704, 'lag_9': 0.9960026729017274, 'lag_10': 0.9754134272217053, 'lag_11': 0.6287425890581333, 'lag_12': 0.5937994358195495, 'lag_13': 0.9268772930046563, 'lag_14': 0.4450355325700477, 'lag_15': 0.14957390452507813, 'lag_16': 0.6485481734116249, 'lag_17': 0.21011393236401044, 'lag_18': 0.38063222810499797, 'lag_19': 0.18488825635832146, 'lag_20': 0.4240631848334371, 'lag_21': 0.877743895933142, 'lag_22': 0.8823857908575519, 'lag_23': 0.3697421968051466, 'lag_24': 0.9231095882345337, 'lag_25': 0.44864767395829525, 'lag_26': 0.13262629544571625, 'lag_27': 0.761381578038633, 'lag_28': 0.35434677754260757}. Best is trial 65 with value: 0.009316512343948544.
[I 2025-09-29 11:59:12,370] Trial 90 finished with value: 0.009756536045374034 and parameters: {'lag_0': 0.23252765197208547, 'lag_1': 0.2560775531243866, 'lag_2': 0.39144677077434675, 'lag_3': 0.9699555976164094, 'lag_4': 0.33297102736841666, 'lag_5': 0.45599228163957717, 'lag_6': 0.291058404854524, 'lag_7': 0.12182582938434772, 'lag_8': 0.5051973207350353, 'lag_9': 0.01031643850192121, 'lag_10': 0.873946344771072, 'lag_11': 0.6679895340895521, 'lag_12': 0.17124811852986083, 'lag_13': 0.8586425626400234, 'lag_14': 0.7944825421589365, 'lag_15': 0.19213633890121457, 'lag_16': 0.2563499364857584, 'lag_17': 0.16559510972846095, 'lag_18': 0.7932726851278911, 'lag_19': 0.24676584818858055, 'lag_20': 0.7942445519788142, 'lag_21': 0.8543143220629226, 'lag_22': 0.45389772176648835, 'lag_23': 0.5484312272824148, 'lag_24': 0.11043586556848688, 'lag_25': 0.5825205755878944, 'lag_26': 0.458383461780723, 'lag_27': 0.3296581643750596, 'lag_28': 0.3981393361071574}. Best is trial 65 with value: 0.009316512343948544.
[I 2025-09-29 11:59:14,665] Trial 91 finished with value: 0.009606068273904287 and parameters: {'lag_0': 0.11225881364215021, 'lag_1': 0.3087181607863042, 'lag_2': 0.4472709566436572, 'lag_3': 0.7931601564791018, 'lag_4': 0.9941187667490149, 'lag_5': 0.31617107250384496, 'lag_6': 0.10223503684673599, 'lag_7': 0.8489860056110548, 'lag_8': 0.5769805310762025, 'lag_9': 0.5725728508521337, 'lag_10': 0.3773817354886491, 'lag_11': 0.5608631222214061, 'lag_12': 0.40691381593952247, 'lag_13': 0.9709150817909641, 'lag_14': 0.6875733902341274, 'lag_15': 0.9913887992580598, 'lag_16': 0.23152518272653655, 'lag_17': 0.830020225726548, 'lag_18': 0.9920486485698714, 'lag_19': 0.5602324914404402, 'lag_20': 0.5890437918124267, 'lag_21': 0.7988905427674385, 'lag_22': 0.6379817441642307, 'lag_23': 0.3823794459126897, 'lag_24': 0.050018889143061615, 'lag_25': 0.5022684265488639, 'lag_26': 0.03649496192876539, 'lag_27': 0.706222079799917, 'lag_28': 0.3160529584954517}. Best is trial 65 with value: 0.009316512343948544.
[I 2025-09-29 11:59:16,990] Trial 92 finished with value: 0.009725726455931382 and parameters: {'lag_0': 0.1502005071564132, 'lag_1': 0.3382174872489966, 'lag_2': 0.3657796664866218, 'lag_3': 0.879188388966113, 'lag_4': 0.5340938634380246, 'lag_5': 0.3681539960923159, 'lag_6': 0.13161137458488753, 'lag_7': 0.3584199701505242, 'lag_8': 0.4293486233125361, 'lag_9': 0.3335021537179316, 'lag_10': 0.3021526364864649, 'lag_11': 0.07119492514190606, 'lag_12': 0.4836571564683229, 'lag_13': 0.887665732922884, 'lag_14': 0.12699064384969416, 'lag_15': 0.09385286557397202, 'lag_16': 0.4280598712661362, 'lag_17': 0.925986600457705, 'lag_18': 0.9606860445514732, 'lag_19': 0.3253115807785913, 'lag_20': 0.6465263503640601, 'lag_21': 0.7600064733255519, 'lag_22': 0.7550385857920434, 'lag_23': 0.33457444286165844, 'lag_24': 0.02420040640131807, 'lag_25': 0.26964554212298036, 'lag_26': 0.06954158403393047, 'lag_27': 0.14213467791461398, 'lag_28': 0.06682387752279878}. Best is trial 65 with value: 0.009316512343948544.
[I 2025-09-29 11:59:19,318] Trial 93 finished with value: 0.009765243034239268 and parameters: {'lag_0': 0.08019878879466108, 'lag_1': 0.41893349405796654, 'lag_2': 0.5049445496156707, 'lag_3': 0.6859831823404738, 'lag_4': 0.4563879439169479, 'lag_5': 0.2761657735046968, 'lag_6': 0.027775014060341274, 'lag_7': 0.9287866277323571, 'lag_8': 0.6238485916365337, 'lag_9': 0.4364584133439159, 'lag_10': 0.4215307369255849, 'lag_11': 0.5988377330627607, 'lag_12': 0.3646880973885784, 'lag_13': 0.949471576057012, 'lag_14': 0.7405733716587665, 'lag_15': 0.12837725555145502, 'lag_16': 0.20581179918414666, 'lag_17': 0.8984781363717362, 'lag_18': 0.8908273896825682, 'lag_19': 0.3549898155742183, 'lag_20': 0.9642475990799496, 'lag_21': 0.6422121958011445, 'lag_22': 0.8213608620223651, 'lag_23': 0.25034041343470353, 'lag_24': 0.06684150455334989, 'lag_25': 0.12943453332231963, 'lag_26': 0.10541147810304713, 'lag_27': 0.5673374933485807, 'lag_28': 0.23499188659964762}. Best is trial 65 with value: 0.009316512343948544.
[I 2025-09-29 11:59:21,628] Trial 94 finished with value: 0.00968009549404385 and parameters: {'lag_0': 0.04590449182857832, 'lag_1': 0.1861840879917064, 'lag_2': 0.5749044703265866, 'lag_3': 0.7543496016436889, 'lag_4': 0.2606077757994447, 'lag_5': 0.752399964736536, 'lag_6': 0.08041736370848113, 'lag_7': 0.9656181781433831, 'lag_8': 0.7274945161763942, 'lag_9': 0.055110810957933964, 'lag_10': 0.19476976650442349, 'lag_11': 0.5126791827401184, 'lag_12': 0.06208240932147884, 'lag_13': 0.9785273244482314, 'lag_14': 0.6034996360101952, 'lag_15': 0.2825358314151589, 'lag_16': 0.3742938772656157, 'lag_17': 0.8607646256964285, 'lag_18': 0.922942842151538, 'lag_19': 0.9567274738006666, 'lag_20': 0.7190472999605525, 'lag_21': 0.7359703005948003, 'lag_22': 0.7917227997265976, 'lag_23': 0.44203581581813933, 'lag_24': 0.028442375856892153, 'lag_25': 0.32419967214993806, 'lag_26': 0.39393333470532554, 'lag_27': 0.5945444265737796, 'lag_28': 0.8145261324289701}. Best is trial 65 with value: 0.009316512343948544.
[I 2025-09-29 11:59:23,954] Trial 95 finished with value: 0.00954610404700681 and parameters: {'lag_0': 0.7611452696103744, 'lag_1': 0.2145007022991115, 'lag_2': 0.6489773663171232, 'lag_3': 0.6352674933620962, 'lag_4': 0.4418973734697056, 'lag_5': 0.3448429879790639, 'lag_6': 0.16395881917409533, 'lag_7': 0.06120487517491033, 'lag_8': 0.8613367409988301, 'lag_9': 0.3548062854321755, 'lag_10': 0.3248748501708607, 'lag_11': 0.3695494511141209, 'lag_12': 0.024440478554290268, 'lag_13': 0.9151662942828335, 'lag_14': 0.27341027527890827, 'lag_15': 0.1690765193328443, 'lag_16': 0.5832754080988529, 'lag_17': 0.9554980558220435, 'lag_18': 0.9472774480856779, 'lag_19': 0.21395487789922749, 'lag_20': 0.7571150442063146, 'lag_21': 0.7080737107966075, 'lag_22': 0.40392217234276523, 'lag_23': 0.18012127466097722, 'lag_24': 0.22657673912100756, 'lag_25': 0.23448135946324158, 'lag_26': 0.21931159664744457, 'lag_27': 0.661783654326565, 'lag_28': 0.26111305696505543}. Best is trial 65 with value: 0.009316512343948544.
[I 2025-09-29 11:59:26,267] Trial 96 finished with value: 0.009511858916708877 and parameters: {'lag_0': 0.5402253093607856, 'lag_1': 0.26510964775884843, 'lag_2': 0.4178810617911811, 'lag_3': 0.3871950253924069, 'lag_4': 0.3724975518050429, 'lag_5': 0.8082090247113225, 'lag_6': 0.5249869481130764, 'lag_7': 0.08801908651495975, 'lag_8': 0.5244233329581198, 'lag_9': 0.320205966755144, 'lag_10': 0.4830776336898909, 'lag_11': 0.668972817210049, 'lag_12': 0.5084243775684839, 'lag_13': 0.8271287976182036, 'lag_14': 0.8484088697782421, 'lag_15': 0.36866989784608767, 'lag_16': 0.7184626686453929, 'lag_17': 0.8001421356884176, 'lag_18': 0.8605059949082615, 'lag_19': 0.06367585069085639, 'lag_20': 0.608471902200734, 'lag_21': 0.9704789645578074, 'lag_22': 0.8458662569746469, 'lag_23': 0.5211467332097584, 'lag_24': 0.16862377140847346, 'lag_25': 0.4792870200449484, 'lag_26': 0.1546166577320355, 'lag_27': 0.5215741871631255, 'lag_28': 0.08784842703757824}. Best is trial 65 with value: 0.009316512343948544.
[I 2025-09-29 11:59:28,572] Trial 97 finished with value: 0.009910623911184538 and parameters: {'lag_0': 0.0215291202805436, 'lag_1': 0.12504598523463745, 'lag_2': 0.3533927023998209, 'lag_3': 0.8371880680085442, 'lag_4': 0.6666835598536569, 'lag_5': 0.3861849492736998, 'lag_6': 0.057120964094187945, 'lag_7': 0.7962048821730879, 'lag_8': 0.8054762841332022, 'lag_9': 0.4182452582611377, 'lag_10': 0.16133051041183183, 'lag_11': 0.6387165864810013, 'lag_12': 0.3084849284441835, 'lag_13': 0.45268474987916846, 'lag_14': 0.7182680494923164, 'lag_15': 0.24007553674693433, 'lag_16': 0.31306714764172827, 'lag_17': 0.3119291534332927, 'lag_18': 0.998865175301078, 'lag_19': 0.09899889973358969, 'lag_20': 0.5153217085467987, 'lag_21': 0.12990144802073156, 'lag_22': 0.5248795470528282, 'lag_23': 0.0011305471432155778, 'lag_24': 0.9767346207857104, 'lag_25': 0.5310221221370276, 'lag_26': 0.04517612773765975, 'lag_27': 0.41852668790132275, 'lag_28': 0.1581365949185673}. Best is trial 65 with value: 0.009316512343948544.
[I 2025-09-29 11:59:30,894] Trial 98 finished with value: 0.009553188589187469 and parameters: {'lag_0': 0.33709555655232454, 'lag_1': 0.1536362233177755, 'lag_2': 0.3143053326360213, 'lag_3': 0.9467104472503581, 'lag_4': 0.3235416997642121, 'lag_5': 0.31149588923337335, 'lag_6': 0.12108904375006646, 'lag_7': 0.1609847989089157, 'lag_8': 0.9446362999059336, 'lag_9': 0.4816549623932655, 'lag_10': 0.229906200069507, 'lag_11': 0.8608964320289685, 'lag_12': 0.3984629908399129, 'lag_13': 0.7577683417555613, 'lag_14': 0.6315657299619677, 'lag_15': 0.3014696619512379, 'lag_16': 0.5355638884447324, 'lag_17': 0.23965013312063344, 'lag_18': 0.48284232275386874, 'lag_19': 0.002847658490866864, 'lag_20': 0.6842097640857836, 'lag_21': 0.3499419891982919, 'lag_22': 0.7101123966841028, 'lag_23': 0.47180823707613734, 'lag_24': 0.5393727424471061, 'lag_25': 0.18079183891255518, 'lag_26': 0.18990153585847322, 'lag_27': 0.4807680741854705, 'lag_28': 0.2844202318648123}. Best is trial 65 with value: 0.009316512343948544.
[I 2025-09-29 11:59:33,212] Trial 99 finished with value: 0.0096654938208669 and parameters: {'lag_0': 0.3661023397276516, 'lag_1': 0.4607031413643234, 'lag_2': 0.4893456236494675, 'lag_3': 0.8224237393415272, 'lag_4': 0.39222555547798543, 'lag_5': 0.7250580291129689, 'lag_6': 0.8879618810495524, 'lag_7': 0.4994782442954858, 'lag_8': 0.6729355697057718, 'lag_9': 0.16752548261132832, 'lag_10': 0.3502650542593848, 'lag_11': 0.5332208942280566, 'lag_12': 0.2702749177991528, 'lag_13': 0.9996569639438309, 'lag_14': 0.49478748496043123, 'lag_15': 0.4367999359176676, 'lag_16': 0.6196630324448483, 'lag_17': 0.980867907841, 'lag_18': 0.5493309117185781, 'lag_19': 0.2565698079477411, 'lag_20': 0.8620459775169952, 'lag_21': 0.23748241780600238, 'lag_22': 0.976568346533017, 'lag_23': 0.7841735385728337, 'lag_24': 0.10287582194500064, 'lag_25': 0.4016916545791452, 'lag_26': 0.017838902019319147, 'lag_27': 0.6294299493533713, 'lag_28': 0.6439645311546383}. Best is trial 65 with value: 0.009316512343948544.
2025-09-29 11:59:35,489 - distributed.worker - INFO - Stopping worker at tcp://192.168.86.140:45679. Reason: scheduler-remove-worker
2025-09-29 11:59:35,493 - distributed.nanny - INFO - Closing Nanny gracefully at 'tcp://192.168.86.140:38988'. Reason: scheduler-remove-worker
2025-09-29 11:59:35,505 - distributed.nanny - INFO - Worker closed
2025-09-29 11:59:35,505 - distributed.core - INFO - Connection to tcp://192.168.86.101:45699 has been closed.
slurmstepd: error: *** JOB 3081105 ON node40 CANCELLED AT 2025-09-29T11:59:35 ***
