[I 2025-10-03 11:39:42,473] Trial 94 finished with values: [0.00390625, 0.0013984799969136992, 0.0027028656537184045, 0.005852268988603943, 0.0005333138101749721, 0.008825839316782904, 0.000736526046849708, 0.0013991997486302854, 0.0009623764281200875, 7.928178315577752e-05, 0.0006466919723943766, 0.0001336774395192291, 0.004795621685238597, 0.007347349426438848, 0.0, 0.00723301917328706, 0.010553095906174283, 0.0011385124469605365, 0.0008641967403561534, 0.001156674617400673, 8.052049101888139e-05, 0.0003222391374697135, 0.0018956857735807759, 0.0016337523757889373, 0.0012238706797216379, 0.00029166504617274784, 0.008044914851746762, 0.002608161608205516, 0.00036026709974957524] and parameters: {'lag_0': 0.8303998444319055, 'lag_1': 0.6913063383260419, 'lag_2': 0.10772708832282918, 'lag_3': 0.15942971333535802, 'lag_4': 0.11327054520478845, 'lag_5': 0.09634673413133757, 'lag_6': 0.8603937286364696, 'lag_7': 0.670398538567329, 'lag_8': 0.2400175061907489, 'lag_9': 0.05338047448469564, 'lag_10': 0.42293041237631845, 'lag_11': 0.9975058972775854, 'lag_12': 0.27368662070007327, 'lag_13': 0.05908801327348008, 'lag_14': 0.07227432018919266, 'lag_15': 0.3350534570071028, 'lag_16': 0.24281747976112855, 'lag_17': 0.396995915271316, 'lag_18': 0.8859569168085785, 'lag_19': 0.02355351655882254, 'lag_20': 0.6269251200307525, 'lag_21': 0.5464975503492213, 'lag_22': 0.763391468719457, 'lag_23': 0.21153454611157146, 'lag_24': 0.36854065942001746, 'lag_25': 0.7630012211956774, 'lag_26': 0.16324787573420904, 'lag_27': 0.8327836375877065, 'lag_28': 0.8256444325586433}.
[I 2025-10-03 11:39:45,110] Trial 95 finished with values: [0.00390625, 0.0053338786104130086, 0.00426985913101091, 0.00228659542625445, 0.00043428369228138965, 0.003954532449619498, 0.00228500974139446, 0.002868615753669296, 0.0008863817083244307, 0.0003194648287835356, 0.0013102867482474826, 0.0007267973696735531, 0.003801795328102854, 0.007397345791027151, 0.0, 0.010660903487621285, 0.007678512438193716, 0.001731020714492806, 0.0006262459188857211, 0.001271565915259888, 0.00022737841287051317, 0.0005532934379752243, 0.001524749550227403, 0.0016218032145978705, 0.002826420018041498, 0.00047994893497615434, 0.00694315124961546, 0.0016300914886796033, 0.0009067469881655696] and parameters: {'lag_0': 0.09575312198382863, 'lag_1': 0.5224640401148445, 'lag_2': 0.1916407107688693, 'lag_3': 0.3320409179492848, 'lag_4': 0.787677417286282, 'lag_5': 0.55517587307536, 'lag_6': 0.27696651125097516, 'lag_7': 0.8879568792045481, 'lag_8': 0.6181260593055765, 'lag_9': 0.8628812382568061, 'lag_10': 0.13990503927785305, 'lag_11': 0.10184623377032871, 'lag_12': 0.4196314442954064, 'lag_13': 0.9324833392112934, 'lag_14': 0.2978844281068052, 'lag_15': 0.23298966449754, 'lag_16': 0.7784722868198428, 'lag_17': 0.0690156614292421, 'lag_18': 0.8099890696855923, 'lag_19': 0.178417508160735, 'lag_20': 0.45557414940732743, 'lag_21': 0.3763676396869312, 'lag_22': 0.045092689851756115, 'lag_23': 0.06863544460224427, 'lag_24': 0.46434908467018626, 'lag_25': 0.7461765848959088, 'lag_26': 0.7554845302221868, 'lag_27': 0.2805348410363085, 'lag_28': 0.7717571981464665}.
[I 2025-10-03 11:39:47,741] Trial 96 finished with values: [0.013600127551020408, 0.003207310635068063, 0.003067696617173086, 0.0033706491716744766, 0.00037237311073658435, 0.0076576691967022575, 0.0012960775990553935, 0.0016221510566915634, 0.0011537683743852555, 0.00020427473516357406, 0.0008204775594027778, 0.0003708729130148144, 0.003002901809191124, 0.004636983677550553, 0.0, 0.007628901978795362, 0.007907685273349122, 0.0013757802881537956, 0.0005503410191239635, 0.0007242956888245431, 0.0001265116013381806, 0.0005660433624912959, 0.0014947467390473092, 0.0010778170216044407, 0.0013436908251056407, 0.00013045640245425778, 0.007998693268018352, 0.0022917664823245117, 0.0005496796847224689] and parameters: {'lag_0': 0.9454545476839539, 'lag_1': 0.03892925027930851, 'lag_2': 0.3731084500031143, 'lag_3': 0.8684627983550792, 'lag_4': 0.8156084510749063, 'lag_5': 0.5622669506032385, 'lag_6': 0.9595907414220398, 'lag_7': 0.05224092444993385, 'lag_8': 0.5937017261955486, 'lag_9': 0.07239607627593232, 'lag_10': 0.15065403725784862, 'lag_11': 0.4997901567728901, 'lag_12': 0.5004375753294571, 'lag_13': 0.6319089266338491, 'lag_14': 0.8045826433380211, 'lag_15': 0.7168607149852446, 'lag_16': 0.06544093737424096, 'lag_17': 0.6758625697104904, 'lag_18': 0.21183125271017503, 'lag_19': 0.4893162406514958, 'lag_20': 0.9787188779098669, 'lag_21': 0.9291080315792221, 'lag_22': 0.14873810418644595, 'lag_23': 0.45418379028629025, 'lag_24': 0.9502689794681749, 'lag_25': 0.07378507546356546, 'lag_26': 0.8996556242544531, 'lag_27': 0.6268806933762587, 'lag_28': 0.19694306602939154}.
[I 2025-10-03 11:39:50,388] Trial 97 finished with values: [0.003597608024691358, 0.0008549898604562981, 0.00516635699739316, 0.003251594223118934, 0.00011998675843864373, 0.004881314915159019, 0.00200176933421081, 0.002082157939714924, 0.0006122144051415234, 0.00010973389453455648, 0.0006267610211699304, 0.000123481586138204, 0.003186789658906856, 0.003979369361547093, 0.0, 0.007905310059558052, 0.007920430153699318, 0.0023026120282854403, 0.0003904443572126192, 0.0015488800980562405, 0.00027122588299147317, 0.00030654274096583126, 0.000942161523835973, 0.0009662359543516968, 0.0012815947516881727, 0.00020327358879951413, 0.004875651352508663, 0.003207527408384595, 0.0003224400259032294] and parameters: {'lag_0': 0.1356006625580066, 'lag_1': 0.4315757772184559, 'lag_2': 0.7812141282276591, 'lag_3': 0.42505143638209186, 'lag_4': 0.49231792846362366, 'lag_5': 0.30460241321966924, 'lag_6': 0.8676497995160777, 'lag_7': 0.08092432468775768, 'lag_8': 0.9771579920772631, 'lag_9': 0.6785448531451926, 'lag_10': 0.42344712386373884, 'lag_11': 0.8038868473879418, 'lag_12': 0.6849837397615042, 'lag_13': 0.041144508876708695, 'lag_14': 0.7347921292570385, 'lag_15': 0.9141965857481015, 'lag_16': 0.6067353956683046, 'lag_17': 0.20267514796482475, 'lag_18': 0.9408103107571835, 'lag_19': 0.33540787276193296, 'lag_20': 0.038194002137849216, 'lag_21': 0.5325427054612836, 'lag_22': 0.2184210456355875, 'lag_23': 0.9698874238657798, 'lag_24': 0.3293376134226046, 'lag_25': 0.17383354228502632, 'lag_26': 0.8758370541096452, 'lag_27': 0.4029243631832509, 'lag_28': 0.963719802330875}.
[I 2025-10-03 11:39:53,032] Trial 98 finished with values: [0.004675304178145087, 0.005490405078813697, 0.00464107668446108, 0.0027926066222150785, 0.0003554196888582752, 0.007079909576400883, 0.0017707483494598746, 0.0013526866747678732, 0.0010402986829630976, 0.00025366475413267153, 0.0006555973512735639, 0.00020430315096337594, 0.002407165224958759, 0.0050740583549608006, 0.0, 0.009171205596441011, 0.0065234095097477145, 0.001498360778391597, 0.0008395085455286689, 0.001608784805970201, 9.457895742797225e-05, 0.0005898204583339418, 0.0010991960324588173, 0.0006371836462779783, 0.0016977018622307473, 0.0001572885139044889, 0.0062183369171972995, 0.0022390501935992133, 0.001281454053376456] and parameters: {'lag_0': 0.25811360537500105, 'lag_1': 0.5706547444372672, 'lag_2': 0.05006369189186751, 'lag_3': 0.36748437669593154, 'lag_4': 0.0950039499167558, 'lag_5': 0.7540552144439857, 'lag_6': 0.7473895742415666, 'lag_7': 0.17865369227941127, 'lag_8': 0.5507665254796368, 'lag_9': 0.37359234945818154, 'lag_10': 0.36488947830050533, 'lag_11': 0.3144684527621634, 'lag_12': 0.29212887949904004, 'lag_13': 0.14795987953205741, 'lag_14': 0.7866435523664748, 'lag_15': 0.3350593988272586, 'lag_16': 0.8697051970183828, 'lag_17': 0.7229267479828252, 'lag_18': 0.5220867582260857, 'lag_19': 0.62509110913318, 'lag_20': 0.7089960280799343, 'lag_21': 0.845922887814201, 'lag_22': 0.7112560879887234, 'lag_23': 0.35034301359694964, 'lag_24': 0.925150318993727, 'lag_25': 0.6469148341217139, 'lag_26': 0.564004100398793, 'lag_27': 0.20649505655318307, 'lag_28': 0.4566505788393085}.
[I 2025-10-03 11:39:55,670] Trial 99 finished with values: [0.007416454081632653, 0.0043823490347249024, 0.006017109386282529, 0.00257194505782942, 0.0010527275444081792, 0.006914971722582054, 0.0012606282947712124, 0.0006415080593513104, 0.0005821985511605238, 0.0001911250885636015, 0.0008102048734435995, 0.000328722155279934, 0.003867412165826449, 0.007101980793626453, 0.0, 0.010513549285463239, 0.006418600383465924, 0.001746506880135217, 0.00028084312353276314, 0.001249248027915921, 0.00018204710539305096, 0.00037921512973112967, 0.0018297891471441708, 0.0012633153511550815, 0.0023871694045851277, 5.652252510911613e-05, 0.006680749694589002, 0.0015293792561089459, 0.0006735225420332612] and parameters: {'lag_0': 0.9951892982105046, 'lag_1': 0.29906302554696895, 'lag_2': 0.8299975812962894, 'lag_3': 0.3135927204790627, 'lag_4': 0.34524096958698935, 'lag_5': 0.2274796701801816, 'lag_6': 0.6339487459019943, 'lag_7': 0.14811484861780697, 'lag_8': 0.499396585076838, 'lag_9': 0.11875221559001331, 'lag_10': 0.6502176159706857, 'lag_11': 0.1073773653383586, 'lag_12': 0.7001578998714414, 'lag_13': 0.6646642328069691, 'lag_14': 0.1015329145332933, 'lag_15': 0.2163452266735971, 'lag_16': 0.3202991307459707, 'lag_17': 0.09476323022407715, 'lag_18': 0.3575160759481902, 'lag_19': 0.04743592006291784, 'lag_20': 0.4667878390966655, 'lag_21': 0.3211458460879521, 'lag_22': 0.4891124499803896, 'lag_23': 0.7015735063231929, 'lag_24': 0.49433990391814653, 'lag_25': 0.9201511619118257, 'lag_26': 0.51923303532139, 'lag_27': 0.31278649360769073, 'lag_28': 0.8903216954889479}.
2025-10-03 11:39:58,914 - distributed.worker - INFO - Stopping worker at tcp://192.168.86.108:36447. Reason: scheduler-remove-worker
2025-10-03 11:39:58,919 - distributed.nanny - INFO - Closing Nanny gracefully at 'tcp://192.168.86.108:43027'. Reason: scheduler-remove-worker
2025-10-03 11:39:58,925 - distributed.nanny - INFO - Worker closed
2025-10-03 11:39:58,926 - distributed.core - INFO - Connection to tcp://192.168.86.108:45752 has been closed.
slurmstepd: error: *** JOB 3081529 ON node08 CANCELLED AT 2025-10-03T11:39:58 ***
