[I 2025-09-29 12:52:48,488] Trial 61 finished with value: 0.005449075995213528 and parameters: {'lag_0': 0.8036625251364223, 'lag_1': 0.5616312296802443, 'lag_2': 0.13188837210987364, 'lag_3': 0.22080751325381628, 'lag_4': 0.3456181576832312, 'lag_5': 0.6929948626564721, 'lag_6': 0.47411625284409886, 'lag_7': 0.5612742959894972, 'lag_8': 0.44570097920409485, 'lag_9': 0.04973312644830532, 'lag_10': 0.6110848310087371, 'lag_11': 0.6263764419347011, 'lag_12': 0.7366501395275489, 'lag_13': 0.5053917318949563, 'lag_14': 0.3869179730766202, 'lag_15': 0.08430139699603949, 'lag_16': 0.7008586568361722, 'lag_17': 0.8531383418000302, 'lag_18': 0.7243426436383408, 'lag_19': 0.8453415882901923, 'lag_20': 0.5251874906924928, 'lag_21': 0.3711074956883209, 'lag_22': 0.21507237243201266, 'lag_23': 0.2506837197696074, 'lag_24': 0.20111480917905955, 'lag_25': 0.7526235172456044, 'lag_26': 0.7340158742127568, 'lag_27': 0.7775917251538869, 'lag_28': 0.3920956758529693}. Best is trial 34 with value: 0.0053505542652776536.
[I 2025-09-29 12:52:50,988] Trial 62 finished with value: 0.006852332860735039 and parameters: {'lag_0': 0.8220527166844156, 'lag_1': 0.5687858258217557, 'lag_2': 0.10315555810042673, 'lag_3': 0.13566089971005765, 'lag_4': 0.42061324617813545, 'lag_5': 0.004337156682334753, 'lag_6': 0.9954983870914111, 'lag_7': 0.6827183430682549, 'lag_8': 0.4437263269321189, 'lag_9': 0.03836314958510313, 'lag_10': 0.6374156553701902, 'lag_11': 0.8570253883667308, 'lag_12': 0.6559188015929501, 'lag_13': 0.4847556077019204, 'lag_14': 0.36798270524452587, 'lag_15': 0.11207171502183048, 'lag_16': 0.7163881434165915, 'lag_17': 0.8967855544043383, 'lag_18': 0.7994339207546564, 'lag_19': 0.8048686355557504, 'lag_20': 0.3971525309324218, 'lag_21': 0.41747446045574166, 'lag_22': 0.19989831500711303, 'lag_23': 0.16724228964238427, 'lag_24': 0.3221742323662832, 'lag_25': 0.8351015602618201, 'lag_26': 0.7991932633604181, 'lag_27': 0.7841024262384899, 'lag_28': 0.3948358839634025}. Best is trial 34 with value: 0.0053505542652776536.
[I 2025-09-29 12:52:53,498] Trial 63 finished with value: 0.006447771281316274 and parameters: {'lag_0': 0.7800486964755976, 'lag_1': 0.5477140288260406, 'lag_2': 0.06267941153935777, 'lag_3': 0.08577267985857409, 'lag_4': 0.28440833596141896, 'lag_5': 0.7090997593339258, 'lag_6': 0.5331899152082273, 'lag_7': 0.5754484798585194, 'lag_8': 0.5370107401056156, 'lag_9': 0.11453853069964748, 'lag_10': 0.5600043953923612, 'lag_11': 0.703424775680701, 'lag_12': 0.6091403430301464, 'lag_13': 0.5383377655270174, 'lag_14': 0.5066045872671006, 'lag_15': 0.06307052290176807, 'lag_16': 0.6595492972905136, 'lag_17': 0.8511168320660134, 'lag_18': 0.6494578840845263, 'lag_19': 0.7583803466116735, 'lag_20': 0.4495302317238394, 'lag_21': 0.29022394354018244, 'lag_22': 0.09735120593500637, 'lag_23': 0.04676405004183187, 'lag_24': 0.15084577526092116, 'lag_25': 0.7159437673790996, 'lag_26': 0.6837331668143299, 'lag_27': 0.8436263203212928, 'lag_28': 0.43453136215626054}. Best is trial 34 with value: 0.0053505542652776536.
[I 2025-09-29 12:52:55,997] Trial 64 finished with value: 0.00735323128174907 and parameters: {'lag_0': 0.8732376123240182, 'lag_1': 0.4294730846405951, 'lag_2': 0.21162875009707235, 'lag_3': 0.45469578023952456, 'lag_4': 0.35933780836913354, 'lag_5': 0.6134523423056989, 'lag_6': 0.45614369250557946, 'lag_7': 0.3951246992821733, 'lag_8': 0.8521519585766457, 'lag_9': 0.20487412060872479, 'lag_10': 0.7730210236272199, 'lag_11': 0.4702432497005169, 'lag_12': 0.8398278157246877, 'lag_13': 0.4518557963435271, 'lag_14': 0.8318744227512131, 'lag_15': 0.18914158535159914, 'lag_16': 0.45718402449141987, 'lag_17': 0.8040704141490848, 'lag_18': 0.7068315759269338, 'lag_19': 0.6435007913651921, 'lag_20': 0.7050995598986677, 'lag_21': 0.5211314434006927, 'lag_22': 0.22955804857893908, 'lag_23': 0.10733464858942193, 'lag_24': 0.21304488518277065, 'lag_25': 0.7994887789185662, 'lag_26': 0.7406971993759026, 'lag_27': 0.7380160794396703, 'lag_28': 0.6728549493207847}. Best is trial 34 with value: 0.0053505542652776536.
[I 2025-09-29 12:52:58,501] Trial 65 finished with value: 0.006845569989063174 and parameters: {'lag_0': 0.7312304279418842, 'lag_1': 0.5994504202970392, 'lag_2': 0.3401473704365938, 'lag_3': 0.21340499866618517, 'lag_4': 0.651633756973041, 'lag_5': 0.5398221405394059, 'lag_6': 0.597615031977333, 'lag_7': 0.5068190144270988, 'lag_8': 0.3838063742629024, 'lag_9': 0.17452556738320912, 'lag_10': 0.5292222308695851, 'lag_11': 0.7583784253953356, 'lag_12': 0.9052092152142475, 'lag_13': 0.3530819747356031, 'lag_14': 0.3984693049236423, 'lag_15': 0.3845301977486344, 'lag_16': 0.7652914948403154, 'lag_17': 0.7486690143580952, 'lag_18': 0.8973861126393792, 'lag_19': 0.8809102955082413, 'lag_20': 0.6281845382217102, 'lag_21': 0.33850164340654515, 'lag_22': 0.2822967879060047, 'lag_23': 0.8605214209274459, 'lag_24': 0.11496565131096215, 'lag_25': 0.8592723459181353, 'lag_26': 0.6156033622289221, 'lag_27': 0.9483099494899697, 'lag_28': 0.3546128987651548}. Best is trial 34 with value: 0.0053505542652776536.
[I 2025-09-29 12:53:01,003] Trial 66 finished with value: 0.006875259835698434 and parameters: {'lag_0': 0.6579347721081915, 'lag_1': 0.16791533451471313, 'lag_2': 0.2791029581536227, 'lag_3': 0.6148599177819589, 'lag_4': 0.2555841245161054, 'lag_5': 0.6683049863592085, 'lag_6': 0.7454362091411584, 'lag_7': 0.4276201757175081, 'lag_8': 0.4244998404590409, 'lag_9': 0.07097342988576393, 'lag_10': 0.4802370187407368, 'lag_11': 0.5399635067303795, 'lag_12': 0.5404163921638316, 'lag_13': 0.24497335948025026, 'lag_14': 0.9981502555368323, 'lag_15': 0.22792381808154688, 'lag_16': 0.8901397628169142, 'lag_17': 0.31924407632757157, 'lag_18': 0.8461489876875493, 'lag_19': 0.9486439190177426, 'lag_20': 0.5710431163633438, 'lag_21': 0.3686681565478898, 'lag_22': 0.3827105572166722, 'lag_23': 0.27001268305424386, 'lag_24': 0.05899125782795561, 'lag_25': 0.6631876870949407, 'lag_26': 0.9273904087917733, 'lag_27': 0.4120199949701225, 'lag_28': 0.2878698373854992}. Best is trial 34 with value: 0.0053505542652776536.
[I 2025-09-29 12:53:03,503] Trial 67 finished with value: 0.007272702733332875 and parameters: {'lag_0': 0.9832823748518884, 'lag_1': 0.4679933444057016, 'lag_2': 0.1802078988134539, 'lag_3': 0.286255677169282, 'lag_4': 0.426286518038392, 'lag_5': 0.5748303222490371, 'lag_6': 0.7927677313145032, 'lag_7': 0.31567684652099703, 'lag_8': 0.33234129776860233, 'lag_9': 0.36444165873129697, 'lag_10': 0.7240103460577979, 'lag_11': 0.574770824613302, 'lag_12': 0.7860315708933452, 'lag_13': 0.20091688033051475, 'lag_14': 0.44645190148052005, 'lag_15': 0.4752124414882618, 'lag_16': 0.9571997651958122, 'lag_17': 0.96699243175895, 'lag_18': 0.780056560540447, 'lag_19': 0.683967767213731, 'lag_20': 0.3008173957988775, 'lag_21': 0.8644831611788713, 'lag_22': 0.037163145797464006, 'lag_23': 0.7987566119259198, 'lag_24': 0.252672163005891, 'lag_25': 0.5802747267827458, 'lag_26': 0.5151036551421492, 'lag_27': 0.6585242369818953, 'lag_28': 0.22229364446743669}. Best is trial 34 with value: 0.0053505542652776536.
[I 2025-09-29 12:53:05,997] Trial 68 finished with value: 0.00684154142909584 and parameters: {'lag_0': 0.9215395656919995, 'lag_1': 0.9450958591490523, 'lag_2': 0.5689582769490826, 'lag_3': 0.11520657057172334, 'lag_4': 0.5643907921954974, 'lag_5': 0.4732877246851086, 'lag_6': 0.33642661621031916, 'lag_7': 0.4861177580854854, 'lag_8': 0.7340750725732044, 'lag_9': 0.5403829574193619, 'lag_10': 0.43375200219010834, 'lag_11': 0.22566225421752434, 'lag_12': 0.46737774515911723, 'lag_13': 0.5624277580387189, 'lag_14': 0.719828630094863, 'lag_15': 0.08903384432968245, 'lag_16': 0.36105122833448855, 'lag_17': 0.7047457504510046, 'lag_18': 0.8818578335988665, 'lag_19': 0.8255148522286726, 'lag_20': 0.23649761652781043, 'lag_21': 0.7009671983735288, 'lag_22': 0.3311660734520382, 'lag_23': 0.24793847322701165, 'lag_24': 0.39688570103740906, 'lag_25': 0.7764338941876876, 'lag_26': 0.5619651590920288, 'lag_27': 0.31082994139460685, 'lag_28': 0.17762044265706975}. Best is trial 34 with value: 0.0053505542652776536.
[I 2025-09-29 12:53:08,611] Trial 69 finished with value: 0.007354698434008086 and parameters: {'lag_0': 0.8582661868502401, 'lag_1': 0.8617446437247194, 'lag_2': 0.12498334928991986, 'lag_3': 0.7252635306040827, 'lag_4': 0.1528740812683166, 'lag_5': 0.8375228479682972, 'lag_6': 0.48912546248758243, 'lag_7': 0.6029769639780016, 'lag_8': 0.4803139803729869, 'lag_9': 0.12652042544619388, 'lag_10': 0.6086555209925107, 'lag_11': 0.6578682480249114, 'lag_12': 0.57486086738222, 'lag_13': 0.6322115742827066, 'lag_14': 0.9548449419164876, 'lag_15': 0.2811509217009606, 'lag_16': 0.730527981259877, 'lag_17': 0.7882324839165931, 'lag_18': 0.39498478268654724, 'lag_19': 0.7253594217744302, 'lag_20': 0.46745847662585654, 'lag_21': 0.19934980913665007, 'lag_22': 0.1814122407576285, 'lag_23': 0.40830708585813624, 'lag_24': 0.5343437004168822, 'lag_25': 0.5456799077136556, 'lag_26': 0.7613258876637046, 'lag_27': 0.37571558994568327, 'lag_28': 0.46592492859886436}. Best is trial 34 with value: 0.0053505542652776536.
[I 2025-09-29 12:53:11,122] Trial 70 finished with value: 0.006875473619239972 and parameters: {'lag_0': 0.7793861592556137, 'lag_1': 0.3483463974989679, 'lag_2': 0.07710764455128492, 'lag_3': 0.021036039183917665, 'lag_4': 0.6181003420811441, 'lag_5': 0.7591150224712142, 'lag_6': 0.549896672399161, 'lag_7': 0.21780535563687142, 'lag_8': 0.7657995757816793, 'lag_9': 0.6112425444239534, 'lag_10': 0.6574044371564508, 'lag_11': 0.05575871439540356, 'lag_12': 0.7172372536359749, 'lag_13': 0.5063658749301521, 'lag_14': 0.8803496145045943, 'lag_15': 0.027736939747056266, 'lag_16': 0.8142544462397457, 'lag_17': 0.8808898099959204, 'lag_18': 0.1870438323728439, 'lag_19': 0.7887336558058778, 'lag_20': 0.9625404774879576, 'lag_21': 0.24980320423495078, 'lag_22': 0.10813086507908609, 'lag_23': 0.5305772913443608, 'lag_24': 0.006844494572457199, 'lag_25': 0.38288708633341384, 'lag_26': 0.39675869946945114, 'lag_27': 0.44621932572134504, 'lag_28': 0.07166797108528987}. Best is trial 34 with value: 0.0053505542652776536.
[I 2025-09-29 12:53:13,626] Trial 71 finished with value: 0.006639657965304099 and parameters: {'lag_0': 0.7985305214745697, 'lag_1': 0.663807890362771, 'lag_2': 0.11250828971235809, 'lag_3': 0.20304171788243877, 'lag_4': 0.4884089153906697, 'lag_5': 0.6975110716786184, 'lag_6': 0.3865215129787185, 'lag_7': 0.5553815536126865, 'lag_8': 0.5114288527953028, 'lag_9': 0.04996466982231044, 'lag_10': 0.576029007960862, 'lag_11': 0.5855283863028047, 'lag_12': 0.7440253768322449, 'lag_13': 0.43370999679153366, 'lag_14': 0.33247373107322786, 'lag_15': 0.011324537442034446, 'lag_16': 0.6747862712120994, 'lag_17': 0.8525573347078896, 'lag_18': 0.7415821914181951, 'lag_19': 0.8518940514661825, 'lag_20': 0.5182550806860767, 'lag_21': 0.40376009112661715, 'lag_22': 0.24608267463223024, 'lag_23': 0.09464459986141956, 'lag_24': 0.1671703530220427, 'lag_25': 0.6889890789653378, 'lag_26': 0.7315764966063704, 'lag_27': 0.7824855785310196, 'lag_28': 0.3123124398085999}. Best is trial 34 with value: 0.0053505542652776536.
[I 2025-09-29 12:53:16,134] Trial 72 finished with value: 0.00701587251401805 and parameters: {'lag_0': 0.8331744472292953, 'lag_1': 0.5996152844844413, 'lag_2': 0.03951449850637208, 'lag_3': 0.17971428536064468, 'lag_4': 0.3312773429561797, 'lag_5': 0.6462867164187044, 'lag_6': 0.4967651030854806, 'lag_7': 0.5247800284800441, 'lag_8': 0.5671159823282667, 'lag_9': 0.029438886029522403, 'lag_10': 0.627308880980628, 'lag_11': 0.5150084902309326, 'lag_12': 0.6821000933173077, 'lag_13': 0.5154944163018288, 'lag_14': 0.3634977116205531, 'lag_15': 0.13034023286488847, 'lag_16': 0.6973834213917864, 'lag_17': 0.8391361321610521, 'lag_18': 0.7206865739276298, 'lag_19': 0.9159941552938944, 'lag_20': 0.5534892849523736, 'lag_21': 0.39074275008960335, 'lag_22': 0.22800375819158, 'lag_23': 0.16495287277869944, 'lag_24': 0.1920632030854842, 'lag_25': 0.7686590431444583, 'lag_26': 0.6705659143838757, 'lag_27': 0.7505921021255367, 'lag_28': 0.13236505003980592}. Best is trial 34 with value: 0.0053505542652776536.
[I 2025-09-29 12:53:18,629] Trial 73 finished with value: 0.006616501241948164 and parameters: {'lag_0': 0.885407331579114, 'lag_1': 0.5322064291560018, 'lag_2': 0.14911917677422326, 'lag_3': 0.27022493474513265, 'lag_4': 0.3809740076920967, 'lag_5': 0.5970509550824505, 'lag_6': 0.5690735428140964, 'lag_7': 0.17558162343051195, 'lag_8': 0.440410393647142, 'lag_9': 0.0658811689613333, 'lag_10': 0.6726703896625712, 'lag_11': 0.6237333384805273, 'lag_12': 0.9676620636306377, 'lag_13': 0.4028916183119472, 'lag_14': 0.4060666360192228, 'lag_15': 0.001956180806707175, 'lag_16': 0.8604798340755607, 'lag_17': 0.9137062325556089, 'lag_18': 0.6757576827945904, 'lag_19': 0.8523620586754758, 'lag_20': 0.5029309544210151, 'lag_21': 0.4701114435227578, 'lag_22': 0.14178256423173485, 'lag_23': 0.1485963790877676, 'lag_24': 0.2753235353917658, 'lag_25': 0.7470933883209143, 'lag_26': 0.8417912922255784, 'lag_27': 0.6245702353480644, 'lag_28': 0.32602185861902133}. Best is trial 34 with value: 0.0053505542652776536.
[I 2025-09-29 12:53:21,121] Trial 74 finished with value: 0.007430838150414805 and parameters: {'lag_0': 0.20883256024245478, 'lag_1': 0.9948034311162933, 'lag_2': 0.10209856966248333, 'lag_3': 0.34321695553985565, 'lag_4': 0.346083269859792, 'lag_5': 0.5108953209584025, 'lag_6': 0.2527556780695064, 'lag_7': 0.6528144652899653, 'lag_8': 0.2449712255502394, 'lag_9': 0.0006417386705080963, 'lag_10': 0.4658411096574204, 'lag_11': 0.4367670054537988, 'lag_12': 0.8533418168501055, 'lag_13': 0.7360479884357034, 'lag_14': 0.5052357694712528, 'lag_15': 0.035892063867354475, 'lag_16': 0.5566695178950125, 'lag_17': 0.8835718568895412, 'lag_18': 0.8164517044336819, 'lag_19': 0.5658380906306681, 'lag_20': 0.5319074579733067, 'lag_21': 0.3203397599696286, 'lag_22': 0.19629815458979005, 'lag_23': 0.1927131921132707, 'lag_24': 0.8004484252492134, 'lag_25': 0.6003052638401569, 'lag_26': 0.7819409038951708, 'lag_27': 0.8074944587661933, 'lag_28': 0.41320415009263456}. Best is trial 34 with value: 0.0053505542652776536.
[I 2025-09-29 12:53:23,616] Trial 75 finished with value: 0.006081452082169704 and parameters: {'lag_0': 0.8020897459603351, 'lag_1': 0.6829643064158063, 'lag_2': 0.26355826039002717, 'lag_3': 0.5295737612496684, 'lag_4': 0.5258533950159138, 'lag_5': 0.7211394398695163, 'lag_6': 0.5142616746226074, 'lag_7': 0.5744189317537942, 'lag_8': 0.4707541156673065, 'lag_9': 0.17157991403341366, 'lag_10': 0.5563215725748845, 'lag_11': 0.3819337655420899, 'lag_12': 0.7463458191940266, 'lag_13': 0.4940043600135299, 'lag_14': 0.25834885654938167, 'lag_15': 0.175958217930645, 'lag_16': 0.7129054031905874, 'lag_17': 0.7852602534529941, 'lag_18': 0.7531361517141919, 'lag_19': 0.7403457435139075, 'lag_20': 0.7682344185456824, 'lag_21': 0.35662371197716614, 'lag_22': 0.15227731697040048, 'lag_23': 0.6418056877414844, 'lag_24': 0.13810891321662577, 'lag_25': 0.7311827125458464, 'lag_26': 0.7096248921797054, 'lag_27': 0.7170804090987483, 'lag_28': 0.38265681043160155}. Best is trial 34 with value: 0.0053505542652776536.
[I 2025-09-29 12:53:26,116] Trial 76 finished with value: 0.005866280300473368 and parameters: {'lag_0': 0.3808200171701138, 'lag_1': 0.6456551491785089, 'lag_2': 0.18334949182935606, 'lag_3': 0.07627757678429181, 'lag_4': 0.2752856461719337, 'lag_5': 0.9613730013169259, 'lag_6': 0.42571505271438037, 'lag_7': 0.43871794694624794, 'lag_8': 0.30799323159461856, 'lag_9': 0.09618360431482814, 'lag_10': 0.5052178698855383, 'lag_11': 0.6492580537807479, 'lag_12': 0.8926488641109186, 'lag_13': 0.5923335636828507, 'lag_14': 0.2138345559883691, 'lag_15': 0.43377050083631297, 'lag_16': 0.6023547667108683, 'lag_17': 0.8666602580106467, 'lag_18': 0.9412205175116247, 'lag_19': 0.8787415231672991, 'lag_20': 0.3659558107042582, 'lag_21': 0.4444990616375343, 'lag_22': 0.26182629811360764, 'lag_23': 0.6086509718372383, 'lag_24': 0.45142704031193565, 'lag_25': 0.6318066211592507, 'lag_26': 0.4306586896684802, 'lag_27': 0.8994581341131827, 'lag_28': 0.2760190672775343}. Best is trial 34 with value: 0.0053505542652776536.
[I 2025-09-29 12:53:28,611] Trial 77 finished with value: 0.007604405560447723 and parameters: {'lag_0': 0.40103995602970355, 'lag_1': 0.7867192109462282, 'lag_2': 0.23159119348457063, 'lag_3': 0.07098669428935235, 'lag_4': 0.26544420795540147, 'lag_5': 0.976561533400221, 'lag_6': 0.44307291394356285, 'lag_7': 0.44903527873291543, 'lag_8': 0.31531941495520194, 'lag_9': 0.21500403299643012, 'lag_10': 0.49682617541712043, 'lag_11': 0.1429748010367758, 'lag_12': 0.9091654777929186, 'lag_13': 0.5883508087265668, 'lag_14': 0.10701518754283851, 'lag_15': 0.4383990010832594, 'lag_16': 0.5946079646075458, 'lag_17': 0.9917105945072475, 'lag_18': 0.9320267276876077, 'lag_19': 0.7563511381673083, 'lag_20': 0.36244713110545007, 'lag_21': 0.4579082891075321, 'lag_22': 0.6484508906951265, 'lag_23': 0.6066389734484388, 'lag_24': 0.6309932776698565, 'lag_25': 0.5052139202987814, 'lag_26': 0.3495484385655989, 'lag_27': 0.8873368906587037, 'lag_28': 0.26644066591833415}. Best is trial 34 with value: 0.0053505542652776536.
[I 2025-09-29 12:53:31,105] Trial 78 finished with value: 0.005471904171890621 and parameters: {'lag_0': 0.3930902242302531, 'lag_1': 0.6333819886154719, 'lag_2': 0.19821469758397142, 'lag_3': 0.09925672314982813, 'lag_4': 0.6753390115736703, 'lag_5': 0.9341781809793743, 'lag_6': 0.30012622048242465, 'lag_7': 0.3671382944802267, 'lag_8': 0.1669630945743244, 'lag_9': 0.27625885350090146, 'lag_10': 0.5305763439499761, 'lag_11': 0.3440822477693979, 'lag_12': 0.8036561225271716, 'lag_13': 0.6298526062909631, 'lag_14': 0.19972236297487345, 'lag_15': 0.5222002915348289, 'lag_16': 0.6161923123289028, 'lag_17': 0.1149388117331609, 'lag_18': 0.9689898448730221, 'lag_19': 0.6276197702807539, 'lag_20': 0.3177140737751121, 'lag_21': 0.4352669154703447, 'lag_22': 0.26117954225568757, 'lag_23': 0.47621047499657443, 'lag_24': 0.4500957434106822, 'lag_25': 0.6475184978367415, 'lag_26': 0.416563385447306, 'lag_27': 0.9432345255631354, 'lag_28': 0.19827054500512234}. Best is trial 34 with value: 0.0053505542652776536.
[I 2025-09-29 12:53:33,598] Trial 79 finished with value: 0.007786021100632146 and parameters: {'lag_0': 0.3522232847426406, 'lag_1': 0.47612503444334986, 'lag_2': 0.1819718979506502, 'lag_3': 0.14443941570503002, 'lag_4': 0.2018809857163618, 'lag_5': 0.8962799235825785, 'lag_6': 0.16438756986785752, 'lag_7': 0.3967377257357363, 'lag_8': 0.15266209277553577, 'lag_9': 0.44682225072560117, 'lag_10': 0.9070485333701697, 'lag_11': 0.3315653908992333, 'lag_12': 0.8877407405014505, 'lag_13': 0.7177013315049835, 'lag_14': 0.1774727248531002, 'lag_15': 0.5229347826254351, 'lag_16': 0.42976494789143177, 'lag_17': 0.39046395438538106, 'lag_18': 0.9805726130475767, 'lag_19': 0.6210272172696382, 'lag_20': 0.3004133768610794, 'lag_21': 0.43484233660296845, 'lag_22': 0.2661054086264752, 'lag_23': 0.48976232344651455, 'lag_24': 0.49997367547192884, 'lag_25': 0.6223498980166294, 'lag_26': 0.4286424905294287, 'lag_27': 0.9558435012099649, 'lag_28': 0.16128985835580517}. Best is trial 34 with value: 0.0053505542652776536.
[I 2025-09-29 12:53:36,085] Trial 80 finished with value: 0.007170895311837471 and parameters: {'lag_0': 0.26496392795355034, 'lag_1': 0.5935381757084094, 'lag_2': 0.33331528146713707, 'lag_3': 0.10467126278892569, 'lag_4': 0.07134613178239174, 'lag_5': 0.9780151943920594, 'lag_6': 0.28476618549728117, 'lag_7': 0.364625832037445, 'lag_8': 0.004518795255209873, 'lag_9': 0.2604732801814222, 'lag_10': 0.4069602028129456, 'lag_11': 0.6490964400523249, 'lag_12': 0.8066735158342226, 'lag_13': 0.6248910426271654, 'lag_14': 0.2175834554739197, 'lag_15': 0.597582718672358, 'lag_16': 0.59039498444076, 'lag_17': 0.9487052486271804, 'lag_18': 0.9407295840621991, 'lag_19': 0.6498340543754861, 'lag_20': 0.4194860443184742, 'lag_21': 0.6022358183894068, 'lag_22': 0.3111316729329654, 'lag_23': 0.7088670003219264, 'lag_24': 0.5675733825474016, 'lag_25': 0.6689496928820005, 'lag_26': 0.430524419605451, 'lag_27': 0.9372453530851844, 'lag_28': 0.19674157500194256}. Best is trial 34 with value: 0.0053505542652776536.
[I 2025-09-29 12:53:38,588] Trial 81 finished with value: 0.00741650385023247 and parameters: {'lag_0': 0.3952494190000446, 'lag_1': 0.635587205005335, 'lag_2': 0.3837976169143868, 'lag_3': 0.034565686520766845, 'lag_4': 0.68453678668345, 'lag_5': 0.9415206139973199, 'lag_6': 0.4154763287996188, 'lag_7': 0.439190731584998, 'lag_8': 0.18106436098511397, 'lag_9': 0.33985671125468736, 'lag_10': 0.5095974422703645, 'lag_11': 0.3708375043447539, 'lag_12': 0.8518827564311076, 'lag_13': 0.5446837349490581, 'lag_14': 0.21666865983635947, 'lag_15': 0.32957333636055275, 'lag_16': 0.6104308307481897, 'lag_17': 0.042949043302655684, 'lag_18': 0.9096804627198352, 'lag_19': 0.7030525216072387, 'lag_20': 0.322044785618006, 'lag_21': 0.5393352903268347, 'lag_22': 0.35845643978259495, 'lag_23': 0.7352381836123361, 'lag_24': 0.4519223520179938, 'lag_25': 0.5286231783693321, 'lag_26': 0.48910309955613934, 'lag_27': 0.9151786283479606, 'lag_28': 0.2555950636381364}. Best is trial 34 with value: 0.0053505542652776536.
