[I 2025-10-03 11:32:18,449] Trial 25 finished with values: [0.0011111111111111111, 0.0032546685438881438, 0.002405279680394584, 0.001327871484371284, 0.0012901231742710035, 0.0001842570339266727, 0.0012384663595946227, 0.0004941285671131968, 0.00011759413180272042, 0.0023935402310622, 0.00016942068830070662, 0.00443596192651563, 0.008561362617564251, 0.018678203503569135, 0.0, 0.03222295601906091, 0.002434517717406115, 0.0006746686238907338, 0.0005243882856654323, 0.001578109660802011, 0.0001992119212567859, 0.0005289507889170596, 0.0006827780307001527, 0.00030944768111281575, 0.00011109795961187481, 0.003698551565917775, 8.337304341573997e-05, 0.0011226948253270108, 0.0004892698629804344] and parameters: {'lag_0': 0.22302656771196766, 'lag_1': 0.36843358591361636, 'lag_2': 0.2873641277143713, 'lag_3': 0.7882388957805112, 'lag_4': 0.25247872625767925, 'lag_5': 0.33132365861299945, 'lag_6': 0.7301978011219995, 'lag_7': 0.48765491582802334, 'lag_8': 0.019395789138978856, 'lag_9': 0.138593425064481, 'lag_10': 0.6720906132095651, 'lag_11': 0.755574134259889, 'lag_12': 0.5302195675656446, 'lag_13': 0.31707473117143753, 'lag_14': 0.6895451879855776, 'lag_15': 0.15971383708514697, 'lag_16': 0.9507099887668828, 'lag_17': 0.7333817875171691, 'lag_18': 0.10394018878386932, 'lag_19': 0.29044405345052016, 'lag_20': 0.9469292429769611, 'lag_21': 0.6999027107793708, 'lag_22': 0.4277591269271885, 'lag_23': 0.9298003712473646, 'lag_24': 0.9141717119193153, 'lag_25': 0.0837033076090369, 'lag_26': 0.27909647496874107, 'lag_27': 0.7293008678541179, 'lag_28': 0.4530218237384146}.
[I 2025-10-03 11:32:21,099] Trial 26 finished with values: [0.0011111111111111111, 0.001256171007202112, 0.001806920359116982, 0.0009909981387023921, 0.0008558947015083959, 0.0003785137128496207, 0.001585477738029338, 0.0007018053845972191, 0.00035655867170222865, 0.0015895434061185907, 0.00022486401500375263, 0.004089324942415895, 0.00932252837477988, 0.017714717062866564, 0.0, 0.031709510986984046, 0.002417685586261438, 0.0010520654837542867, 0.00023651241789659437, 0.0019190181239130796, 0.00011755664633137015, 0.0014095203944091738, 0.0009530026981282972, 0.00026658541425301835, 0.0002942198922734362, 0.003118086003563702, 0.0005487767753205921, 0.001651348546393927, 0.00046483713261025346] and parameters: {'lag_0': 0.33414620644727433, 'lag_1': 0.5127634934830937, 'lag_2': 0.3344408615673231, 'lag_3': 0.2414025987062484, 'lag_4': 0.28921184674409817, 'lag_5': 0.49445924506597927, 'lag_6': 0.5318775952260393, 'lag_7': 0.911879464700606, 'lag_8': 0.833590080072387, 'lag_9': 0.10879450800310526, 'lag_10': 0.4440389064030895, 'lag_11': 0.5269585279808232, 'lag_12': 0.6051953039063598, 'lag_13': 0.38987988182486, 'lag_14': 0.7974573156718966, 'lag_15': 0.350343211636269, 'lag_16': 0.15449534983248397, 'lag_17': 0.628413074465022, 'lag_18': 0.5246918864049194, 'lag_19': 0.3863680270606089, 'lag_20': 0.5778249448050816, 'lag_21': 0.47773018263479144, 'lag_22': 0.5409418266639564, 'lag_23': 0.6656621131087508, 'lag_24': 0.27567759503005607, 'lag_25': 0.3240311739873021, 'lag_26': 0.141562938196849, 'lag_27': 0.9981970906642676, 'lag_28': 0.543194574380606}.
[I 2025-10-03 11:32:23,737] Trial 27 finished with values: [0.0020987654320987655, 0.00525085156481901, 0.0029337328707012373, 0.0008647507102722673, 0.0003484322476502425, 0.00017461735707040028, 0.0015179309489600926, 0.0007553216150614763, 3.029196112790622e-05, 0.0008092537542729497, 0.0003156397479551412, 0.004233857377181073, 0.009211651240840666, 0.017250806310450825, 0.0, 0.03513531889338371, 0.002653898610180289, 0.00040882269750466046, 0.00016800359437032023, 0.001313268731486325, 0.00013875753700058534, 0.000685330035574791, 0.0006470143063270156, 4.6550585403485994e-05, 0.00022140279215499564, 0.005208352804341131, 0.0005628550196306715, 0.0014582631594849227, 0.0009465229731217765] and parameters: {'lag_0': 0.2866944321643203, 'lag_1': 0.3782652480872848, 'lag_2': 0.04484275946564058, 'lag_3': 0.8522679063681539, 'lag_4': 0.22594651337524926, 'lag_5': 0.00962596454016469, 'lag_6': 0.3127649971842851, 'lag_7': 0.4727943991101677, 'lag_8': 0.11940493442166701, 'lag_9': 0.42146834639471387, 'lag_10': 0.7594805914733749, 'lag_11': 0.9879271192933373, 'lag_12': 0.2621212750514314, 'lag_13': 0.0661763341707503, 'lag_14': 0.45170489967925265, 'lag_15': 0.43923700279026523, 'lag_16': 0.7947917408480282, 'lag_17': 0.18763926915865164, 'lag_18': 0.514099107678709, 'lag_19': 0.7446096778412066, 'lag_20': 0.8117081331106958, 'lag_21': 0.2991128484730255, 'lag_22': 0.8782288410727703, 'lag_23': 0.9799720973811642, 'lag_24': 0.6281869375593729, 'lag_25': 0.46157795863380646, 'lag_26': 0.1717000399099081, 'lag_27': 0.7759688757270604, 'lag_28': 0.8562909736061475}.
[I 2025-10-03 11:32:26,377] Trial 28 finished with values: [0.0024444444444444453, 0.0015685324642914812, 0.003299413208190883, 0.000642433860714093, 0.0005812970333766568, 0.0001857900990775517, 0.0018839798991355336, 0.0009881038523698732, 0.0003278602973619348, 0.0012194029270407797, 0.0004089103030584057, 0.005100752829489465, 0.007654337350331356, 0.017009794706490187, 0.0, 0.03330519284979032, 0.002550185060109441, 0.00021011733602907995, 0.00019673720658884425, 0.0011076531135443854, 0.0002560348151716131, 0.0004104410781521582, 0.0006942317473578671, 0.00018285487521645352, 8.967231549868878e-05, 0.004207051030195007, 0.00011409366590699347, 0.0008951570412335704, 0.0007382043638624939] and parameters: {'lag_0': 0.2711144817887227, 'lag_1': 0.6250480076011341, 'lag_2': 0.3567453052708796, 'lag_3': 0.7089538193964074, 'lag_4': 0.3520250712415047, 'lag_5': 0.11203023594215945, 'lag_6': 0.861866470717642, 'lag_7': 0.020469391919942008, 'lag_8': 0.6521922784250981, 'lag_9': 0.11471618487436638, 'lag_10': 0.4246064841513146, 'lag_11': 0.16580557230943507, 'lag_12': 0.9339108095340577, 'lag_13': 0.18953375155884822, 'lag_14': 0.5761965161389904, 'lag_15': 0.13140812200271143, 'lag_16': 0.8947102534735518, 'lag_17': 0.7037535338112019, 'lag_18': 0.529395285923906, 'lag_19': 0.2061148390313898, 'lag_20': 0.5414168931363963, 'lag_21': 0.5151620439352078, 'lag_22': 0.9090560155921871, 'lag_23': 0.3552506296094042, 'lag_24': 0.6849482031026418, 'lag_25': 0.25744045122858755, 'lag_26': 0.04785729907871864, 'lag_27': 0.2855506045150606, 'lag_28': 0.3986020568338625}.
[I 2025-10-03 11:32:29,025] Trial 29 finished with values: [0.010277777777777778, 0.0009531738744647196, 0.003421486104083507, 7.284408486573908e-05, 0.00022110464313593393, 0.00030723151085393423, 0.002222273237776335, 0.0005679168696043004, 9.941384168824328e-05, 0.001561188936134349, 0.0004579352554291803, 0.0035914869463825076, 0.00863124462914638, 0.016149857286685172, 0.0, 0.031127831794589278, 0.0017588903719379944, 0.0001717894460424505, 9.409747696741132e-05, 0.0016110106589390864, 7.986019196886494e-05, 0.0006551681610948571, 0.0006523912371747955, 0.00047388312017962914, 7.224992698162363e-05, 0.004370842639441859, 0.00020027130727635775, 0.00152292967084901, 0.0008375733641208907] and parameters: {'lag_0': 0.3068097980581775, 'lag_1': 0.1492891192328468, 'lag_2': 0.12399610934014697, 'lag_3': 0.8292215762839227, 'lag_4': 0.4005232959169646, 'lag_5': 0.48528996786155304, 'lag_6': 0.4975265042061158, 'lag_7': 0.730976470233994, 'lag_8': 0.17308446020706592, 'lag_9': 0.043349522879451076, 'lag_10': 0.8043003858884943, 'lag_11': 0.053284569425606554, 'lag_12': 0.4909022614424327, 'lag_13': 0.9927622396085274, 'lag_14': 0.5032990130495237, 'lag_15': 0.36279200104785797, 'lag_16': 0.3023230887489775, 'lag_17': 0.44219873182017544, 'lag_18': 0.9763416525832758, 'lag_19': 0.3737112566412819, 'lag_20': 0.8620700493334853, 'lag_21': 0.9228561135155682, 'lag_22': 0.08184119316982481, 'lag_23': 0.9664733268209625, 'lag_24': 0.17201571860506593, 'lag_25': 0.49759046959994263, 'lag_26': 0.4569222795798936, 'lag_27': 0.4315716898434345, 'lag_28': 0.6372505167468193}.
[I 2025-10-03 11:32:31,674] Trial 30 finished with values: [0.0024217066789781476, 0.000673469387755102, 0.002331570429458371, 0.000779639161697032, 0.0009177331522348434, 0.00014822148724607048, 0.001024250289911821, 0.0005418413595431592, 0.00037681561239691027, 0.0022144657167550326, 6.39607759116292e-05, 0.0034918252942141214, 0.007329602467898974, 0.019845076939931216, 0.0, 0.039232923392339566, 0.000834566622764784, 0.00030380247694261083, 0.00020969312127568467, 0.0010033514422851156, 0.00016146071083627717, 0.00041651264133263117, 0.0006827600277118295, 4.145968668063916e-05, 0.00022490905127963893, 0.0030889532212702705, 0.0004702658694882841, 0.001268600973234869, 0.00047842212481457745] and parameters: {'lag_0': 0.5749880574456614, 'lag_1': 0.6557879955112239, 'lag_2': 0.4856355192811669, 'lag_3': 0.6319549938773843, 'lag_4': 0.9122710005792127, 'lag_5': 0.046556849892911305, 'lag_6': 0.7686103766670627, 'lag_7': 0.6358626171078438, 'lag_8': 0.22279430477772114, 'lag_9': 0.9913149795518245, 'lag_10': 0.18513268717793868, 'lag_11': 0.6197311149099366, 'lag_12': 0.24914132289028945, 'lag_13': 0.8857366727600763, 'lag_14': 0.7859542387831514, 'lag_15': 0.9534127788423163, 'lag_16': 0.008621209636182767, 'lag_17': 0.36968073651162653, 'lag_18': 0.9183223289420421, 'lag_19': 0.5797036385274917, 'lag_20': 0.482520424987407, 'lag_21': 0.1423865841890824, 'lag_22': 0.7405516469781602, 'lag_23': 0.2494355130673532, 'lag_24': 0.8102699927734328, 'lag_25': 0.20175602704637544, 'lag_26': 0.6358319388233873, 'lag_27': 0.7453252249873838, 'lag_28': 0.5924769298572578}.
[I 2025-10-03 11:32:34,325] Trial 31 finished with values: [0.002569444444444445, 0.001486119696871194, 0.0026664919034507214, 0.0012065806366082358, 0.0008523726726588669, 0.0002047367655618814, 0.0014591295302261943, 0.0010471907472705633, 0.00029399055110284646, 0.002113263252805824, 0.0003234251516994463, 0.004036664826478963, 0.00622994991146246, 0.017841165592118086, 0.0, 0.03526257894446693, 0.002410282262165767, 0.0003977489170425107, 0.00014365543676183397, 0.0018425759333510362, 0.00015885202658803574, 0.0006475991961066802, 0.0005028825975931303, 0.000362472545999325, 0.00016836946838555793, 0.004039952918416523, 0.0003490279083496964, 0.0006513491099014267, 0.0021672917771329053] and parameters: {'lag_0': 0.1860894796959387, 'lag_1': 0.4044672927853909, 'lag_2': 0.8037885193275841, 'lag_3': 0.8228714432117286, 'lag_4': 0.21509217505945907, 'lag_5': 0.5469849345634048, 'lag_6': 0.9484563374588779, 'lag_7': 0.4610416616265086, 'lag_8': 0.8373326089663584, 'lag_9': 0.9286178163068581, 'lag_10': 0.2534011623757682, 'lag_11': 0.06386536005722478, 'lag_12': 0.47389942685890735, 'lag_13': 0.4895897914665539, 'lag_14': 0.06510448064837826, 'lag_15': 0.6154334113712264, 'lag_16': 0.23935063916879853, 'lag_17': 0.3777818891702129, 'lag_18': 0.4124428839360913, 'lag_19': 0.4863113253745742, 'lag_20': 0.3445086741822927, 'lag_21': 0.8424957074558435, 'lag_22': 0.6731960740321203, 'lag_23': 0.40186615417358224, 'lag_24': 0.16077841130801832, 'lag_25': 0.8776814278916554, 'lag_26': 0.6470800194033794, 'lag_27': 0.9752921730093016, 'lag_28': 0.9066232837670184}.
[I 2025-10-03 11:32:37,085] Trial 32 finished with values: [0.0011111111111111111, 0.0037335356404958678, 0.002775622398082912, 0.002465396008213763, 0.00034006698315042287, 0.00012565392204338949, 0.0010994446704670172, 0.0014101121751926304, 0.00015073201487910418, 0.001824115971286313, 0.0003053852056362587, 0.004466774300912213, 0.0070289625503725086, 0.017595550304145502, 0.0, 0.0327552486451272, 0.002865296295845223, 0.0008789949367948021, 0.0003793007217767192, 0.0012563235963538488, 0.00010759926936102076, 0.0007456915825057665, 0.0007656018544448837, 0.00022881627863460545, 0.000159237416023983, 0.005659050820336843, 0.00015028406526097744, 0.0020489161385541478, 0.001888537413939378] and parameters: {'lag_0': 0.8564396831384928, 'lag_1': 0.6307991602951436, 'lag_2': 0.5593534575553436, 'lag_3': 0.043093330533930954, 'lag_4': 0.9661164552932718, 'lag_5': 0.017954631326331943, 'lag_6': 0.5535325671564377, 'lag_7': 0.8628642138430315, 'lag_8': 0.4492164699118996, 'lag_9': 0.6844849735210735, 'lag_10': 0.7138819886273606, 'lag_11': 0.9409304942055864, 'lag_12': 0.30566820887049767, 'lag_13': 0.1379813019044442, 'lag_14': 0.14711307997262818, 'lag_15': 0.6707451421142452, 'lag_16': 0.1730362363891893, 'lag_17': 0.20470918976815028, 'lag_18': 0.6029438565914067, 'lag_19': 0.06479882337839245, 'lag_20': 0.9692317625875904, 'lag_21': 0.9703949940766738, 'lag_22': 0.8228727702612905, 'lag_23': 0.14185684613673527, 'lag_24': 0.15468485142904712, 'lag_25': 0.5052780132434737, 'lag_26': 0.3991550849496683, 'lag_27': 0.3443460803991732, 'lag_28': 0.3792530131898365}.
[I 2025-10-03 11:32:39,742] Trial 33 finished with values: [0.0032879818594104306, 0.0025635339934790484, 0.00337740586435447, 0.0010593863881030198, 0.002755440308347613, 2.2488826642788494e-05, 0.0016201146046695958, 0.000309671479533892, 0.00025529084111189924, 0.0016049176215834314, 0.0004746486528475357, 0.00445385005800975, 0.006870517218276822, 0.01806911559090584, 0.0, 0.04015664769470097, 0.0015058678591111587, 0.00024957905211662497, 0.00019201143239295203, 0.0017347148478374691, 4.31188549845693e-05, 0.0007949698557098173, 0.0010025067094943528, 0.00010631359606924241, 0.0003554289779564105, 0.002945222664469345, 0.0003545535732163543, 0.0008423490084733375, 0.0018589531648805287] and parameters: {'lag_0': 0.14718249582675552, 'lag_1': 0.411276352686002, 'lag_2': 0.4141266272884242, 'lag_3': 0.11159605761312638, 'lag_4': 0.16478372026690494, 'lag_5': 0.7474197042648457, 'lag_6': 0.2739664347005349, 'lag_7': 0.3713566031740753, 'lag_8': 0.13264567688473852, 'lag_9': 0.614464079209376, 'lag_10': 0.33970774040256263, 'lag_11': 0.5471251576608115, 'lag_12': 0.559183669009885, 'lag_13': 0.7958504149151934, 'lag_14': 0.967328651996738, 'lag_15': 0.6884350193898885, 'lag_16': 0.2569415049358102, 'lag_17': 0.48843005680504287, 'lag_18': 0.17064986011937244, 'lag_19': 0.2978533210153818, 'lag_20': 0.6802026434753401, 'lag_21': 0.7612278989460025, 'lag_22': 0.30231329438455623, 'lag_23': 0.658194179831729, 'lag_24': 0.39279999591151293, 'lag_25': 0.8687996053601189, 'lag_26': 0.47377452319895164, 'lag_27': 0.8650075802620326, 'lag_28': 0.7004504924256512}.
[I 2025-10-03 11:32:42,391] Trial 34 finished with values: [0.0011111111111111111, 0.002839653638659321, 0.003521611789167282, 0.0012511584652329674, 0.0001736087143292003, 0.0004061283776845731, 0.0006165904288589768, 0.0005750369747848209, 0.000758886047027696, 0.0014499966051554217, 0.00017665475038194283, 0.004616834939024902, 0.006918296118258711, 0.019760124613368835, 0.0, 0.04036283792439254, 0.002636073139568441, 6.280627713590046e-05, 0.00033602050409499006, 0.0012159235952346596, 0.0001476969742924343, 0.0010272643969558666, 0.0008529406628367054, 0.0007482066225084078, 0.00021763305232541278, 0.0035718473029408234, 0.000640725329063721, 0.0003294100741079579, 0.0005559993116065383] and parameters: {'lag_0': 0.8398109702868624, 'lag_1': 0.8219794594350196, 'lag_2': 0.3280405635096361, 'lag_3': 0.118941262039121, 'lag_4': 0.3201752509001538, 'lag_5': 0.040027152077157464, 'lag_6': 0.8802964946721676, 'lag_7': 0.7560792330598849, 'lag_8': 0.2683836614914246, 'lag_9': 0.3174577353027845, 'lag_10': 0.5025223668549215, 'lag_11': 0.854673232032587, 'lag_12': 0.16426637777475392, 'lag_13': 0.002082045414541521, 'lag_14': 0.6806153109558405, 'lag_15': 0.5026258138245991, 'lag_16': 0.021405852063146647, 'lag_17': 0.055511705002447065, 'lag_18': 0.015487268841483668, 'lag_19': 0.9196195661915014, 'lag_20': 0.4554272624011535, 'lag_21': 0.5280734500146854, 'lag_22': 0.3320813349571362, 'lag_23': 0.004832224083452658, 'lag_24': 0.9186475262310131, 'lag_25': 0.9701841995157023, 'lag_26': 0.0813709476818247, 'lag_27': 0.5227787803742261, 'lag_28': 0.5072813541291764}.
[I 2025-10-03 11:32:45,047] Trial 35 finished with values: [0.0012689020381328076, 0.0070003978520484875, 0.003449892939912388, 0.0008895701602830578, 0.0007419553748404773, 0.00021326500097299802, 0.001097949268163716, 0.00024894263359779976, 0.000387137485994955, 0.0016894840760974781, 0.00023954104840764653, 0.004042732876941476, 0.0069630188020245775, 0.01859665298665799, 0.0, 0.0361416329674563, 0.003239627313249403, 0.00014509560631323625, 0.00020698853078566444, 0.0016241358262287086, 0.00014658171098746396, 0.0008142377016811971, 0.000915952674482453, 0.0003017304846860525, 0.00021792895172976736, 0.003724906879712775, 0.0008779962904198271, 0.0010442335375444557, 0.001349898515429343] and parameters: {'lag_0': 0.5440853054152187, 'lag_1': 0.6155159168235783, 'lag_2': 0.43178771769919694, 'lag_3': 0.07686111846434392, 'lag_4': 0.8236542097145091, 'lag_5': 0.2520497057660723, 'lag_6': 0.5005776586968668, 'lag_7': 0.10602270744601577, 'lag_8': 0.9733548649398183, 'lag_9': 0.19812335392568264, 'lag_10': 0.24253661167022994, 'lag_11': 0.29942649302766533, 'lag_12': 0.04869306732181341, 'lag_13': 0.820042627954335, 'lag_14': 0.16047733922376764, 'lag_15': 0.027974715308088826, 'lag_16': 0.4475931789653207, 'lag_17': 0.9778458369292606, 'lag_18': 0.5539834605228025, 'lag_19': 0.37432550790532126, 'lag_20': 0.5480044545001614, 'lag_21': 0.13577349511468972, 'lag_22': 0.7174635171733078, 'lag_23': 0.3533294725345259, 'lag_24': 0.7734776905990304, 'lag_25': 0.028619319044458913, 'lag_26': 0.7983741498100924, 'lag_27': 0.6481648052237619, 'lag_28': 0.5945139611257022}.
[I 2025-10-03 11:32:47,698] Trial 36 finished with values: [0.02777777777777779, 0.0002551020408163265, 0.0021428364576720725, 0.0007326002695881074, 0.0004736582612845577, 0.00011790269262022877, 0.0022197035845163923, 0.00047395409622332587, 0.0002972606171723523, 0.0010498834342172647, 0.00044199063792809594, 0.003716768786976475, 0.00678614544194345, 0.01745744240089386, 0.0, 0.03461726756356877, 0.0020371626708980428, 0.0001783411113367434, 0.00020502843946416013, 0.0016065473367385362, 8.609575488346702e-05, 0.0004866392275667176, 0.0005885312655266857, 0.00011051446732368583, 0.00019179976762714502, 0.004253894106637968, 0.00035749692380338395, 0.0004776636898902099, 0.0006142920201280837] and parameters: {'lag_0': 0.8226295108682575, 'lag_1': 0.8704906111187609, 'lag_2': 0.2377997768920996, 'lag_3': 0.7461370394746911, 'lag_4': 0.26019328657662966, 'lag_5': 0.7567044692281822, 'lag_6': 0.055055379102581674, 'lag_7': 0.038985533683427706, 'lag_8': 0.41231496914333676, 'lag_9': 0.48864618681109645, 'lag_10': 0.03591471146177884, 'lag_11': 0.9686921387939565, 'lag_12': 0.7471146527834417, 'lag_13': 0.04066200590089535, 'lag_14': 0.1858891725465233, 'lag_15': 0.26840190369076433, 'lag_16': 0.1653557025555594, 'lag_17': 0.38990834216175957, 'lag_18': 0.442271109464704, 'lag_19': 0.4951436651388714, 'lag_20': 0.3243664360279609, 'lag_21': 0.40006710888289254, 'lag_22': 0.5477588408839309, 'lag_23': 0.5793227782749777, 'lag_24': 0.7256345464674565, 'lag_25': 0.48544455681646287, 'lag_26': 0.9530582365008989, 'lag_27': 0.43136351391805305, 'lag_28': 0.8229662015268246}.
[I 2025-10-03 11:32:50,341] Trial 37 finished with values: [0.002569444444444445, 0.0033571663379355693, 0.0038373419501941076, 0.0014197346716626478, 0.0005045421918077077, 0.00023634794569116525, 0.001147595376917977, 0.0006169995508696747, 0.00045572600324095486, 0.001159385773496582, 0.00014582910400102854, 0.003807333079566354, 0.0067905865980660935, 0.018813324933376237, 0.0, 0.03242858295502947, 0.002938845330434537, 0.00019798879824837125, 0.00038223729342338705, 0.0013153595032890332, 5.6442051069206955e-05, 0.000629073634663859, 0.0008101756078377594, 0.00019910476175776377, 0.00024392133546900639, 0.0033567519149367655, 0.00034403986353320423, 0.0009092253264226365, 0.0005406127759512403] and parameters: {'lag_0': 0.17183276223274171, 'lag_1': 0.8997619171625046, 'lag_2': 0.9609884041126976, 'lag_3': 0.033889231765496367, 'lag_4': 0.7522038962007424, 'lag_5': 0.8490738406648692, 'lag_6': 0.6076526329062852, 'lag_7': 0.8098727286654414, 'lag_8': 0.6609078400174395, 'lag_9': 0.4453892049514472, 'lag_10': 0.34248696483695223, 'lag_11': 0.11538991379262643, 'lag_12': 0.8028998096251521, 'lag_13': 0.8289869579195632, 'lag_14': 0.9629267453896163, 'lag_15': 0.9442057518076105, 'lag_16': 0.8531181362317946, 'lag_17': 0.5230418408576036, 'lag_18': 0.631470604458894, 'lag_19': 0.6328022506661127, 'lag_20': 0.26346366216252115, 'lag_21': 0.8452629970287513, 'lag_22': 0.4149153033965378, 'lag_23': 0.633077480341353, 'lag_24': 0.6602349171250093, 'lag_25': 0.8968998164366777, 'lag_26': 0.5708089276819253, 'lag_27': 0.10066284685236927, 'lag_28': 0.2637902615104996}.
