[I 2025-10-03 11:33:30,880] Trial 51 finished with values: [0.0037810785063532313, 0.00498270150847629, 0.006666369675185339, 0.0028172442964110615, 0.0028203381789685573, 0.0017559864875363485, 0.0015672359655618424, 0.0002824603352929009, 9.988702992186396e-05, 0.00011588296884254838, 0.00030387422490821937, 0.0002876147146191382, 0.012095483870161457, 0.054891421316036235, 0.0, 0.06354207722038736, 0.003235065559845177, 0.0027957674285110632, 0.0004803171112035618, 0.012907223145302724, 0.0003436877824776096, 0.0012138876968967914, 0.0002143341303475576, 6.685534173820682e-05, 0.00043205365671441067, 0.001815834194447229, 0.0006015931150133687, 0.0011845628679685578, 0.001410144822633955] and parameters: {'lag_0': 0.14658648736191535, 'lag_1': 0.5593236762764874, 'lag_2': 0.013322238101864486, 'lag_3': 0.343747098003318, 'lag_4': 0.9232523475715471, 'lag_5': 0.6591667938165339, 'lag_6': 0.8949802461857804, 'lag_7': 0.7596554386930092, 'lag_8': 0.6609580631173407, 'lag_9': 0.845180082651541, 'lag_10': 0.8562406233026927, 'lag_11': 0.44997034784000534, 'lag_12': 0.5519832850122763, 'lag_13': 0.5746425824322778, 'lag_14': 0.8782695884442542, 'lag_15': 0.2916921094302238, 'lag_16': 0.9918409711745074, 'lag_17': 0.24304843047040847, 'lag_18': 0.27759279019042976, 'lag_19': 0.4945013398146063, 'lag_20': 0.36354275152247445, 'lag_21': 0.19250130884943978, 'lag_22': 0.3865683493660373, 'lag_23': 0.15626904596268687, 'lag_24': 0.35756862391779287, 'lag_25': 0.4526890991252571, 'lag_26': 0.9698368095629, 'lag_27': 0.7990686815345018, 'lag_28': 0.7435814820528254}.
[I 2025-10-03 11:33:33,580] Trial 52 finished with values: [0.004766600920447073, 0.00347749217491114, 0.0009672161440788486, 0.003383597206801238, 0.003193379154959066, 0.0010441489720675874, 0.0023275738635715804, 0.0003693540950540894, 0.00045722504468316566, 0.00015409370869368192, 0.0002543196161034248, 0.000795407824628162, 0.009291634746496658, 0.06272234745337138, 0.0, 0.06522216314376447, 0.002780278290577385, 0.0031021778594673157, 0.00028187652160511183, 0.013106766768010125, 0.000262562870081311, 0.0011541474240977067, 0.0002341143658447144, 0.00023244397741191593, 0.000185488977858072, 0.0021673576621568298, 0.0009288165589025172, 0.0016639170971962263, 0.0005406684327519253] and parameters: {'lag_0': 0.9270930250200216, 'lag_1': 0.8549944619427886, 'lag_2': 0.2983957146813382, 'lag_3': 0.18742652815122918, 'lag_4': 0.9461702052712863, 'lag_5': 0.7232443850615227, 'lag_6': 0.31417181477137623, 'lag_7': 0.8629158810961547, 'lag_8': 0.3226349152806277, 'lag_9': 0.8920667539116676, 'lag_10': 0.3433998548036215, 'lag_11': 0.061332702728528886, 'lag_12': 0.31111732162662564, 'lag_13': 0.6072180544083293, 'lag_14': 0.6772240221588849, 'lag_15': 0.41177070399161037, 'lag_16': 0.8804143791161554, 'lag_17': 0.7954432892863385, 'lag_18': 0.3027824311561428, 'lag_19': 0.12237446386871863, 'lag_20': 0.05199579905006825, 'lag_21': 0.4727485826788813, 'lag_22': 0.9636180853207428, 'lag_23': 0.9688874610861375, 'lag_24': 0.7110047465338531, 'lag_25': 0.90263899139657, 'lag_26': 0.035652353875844596, 'lag_27': 0.637449428262888, 'lag_28': 0.002235947824384991}.
[I 2025-10-03 11:33:36,303] Trial 53 finished with values: [0.0026078730041434, 0.001552010471512161, 0.000908052744787744, 0.0018390859160024049, 0.0026975175843851557, 0.0010267975944395432, 0.0033228206804735345, 0.0005762975524293584, 0.00016354395677488414, 0.0004503281173354213, 0.00029997089992773887, 0.0004961844182272059, 0.009268390542638566, 0.05961494524575341, 0.0, 0.07060705772174558, 0.0029854111603035416, 0.0034423195393376836, 0.00045878098167689754, 0.013338766973841959, 0.00029032678637716465, 0.00112037681589344, 0.00022257751213233915, 0.0001999655209977076, 0.00019608501321354048, 0.002028544232511586, 0.0011809602713719343, 0.000566721178256926, 0.0018452425787722354] and parameters: {'lag_0': 0.9441652088799152, 'lag_1': 0.4426930678453716, 'lag_2': 0.13604103916349652, 'lag_3': 0.9609749602054607, 'lag_4': 0.8344528864639819, 'lag_5': 0.4202048748228308, 'lag_6': 0.22301312707506718, 'lag_7': 0.030523347591901045, 'lag_8': 0.2627261305612194, 'lag_9': 0.7350136920316321, 'lag_10': 0.8803633998295817, 'lag_11': 0.6055505889578583, 'lag_12': 0.7935892287898212, 'lag_13': 0.286107446896928, 'lag_14': 0.9797746664778546, 'lag_15': 0.22730762855805464, 'lag_16': 0.1031477395303835, 'lag_17': 0.04934681471887944, 'lag_18': 0.1692964325067167, 'lag_19': 0.5913459970433065, 'lag_20': 0.023103627019280457, 'lag_21': 0.3384231868824245, 'lag_22': 0.0907686281513716, 'lag_23': 0.7375445204201404, 'lag_24': 0.2090368328772094, 'lag_25': 0.3290451211039503, 'lag_26': 0.43503485435019135, 'lag_27': 0.660983995525675, 'lag_28': 0.5168684258008686}.
[I 2025-10-03 11:33:39,022] Trial 54 finished with values: [0.00299212387124475, 0.0028565177140948707, 0.0015212721612372089, 0.004059164480930276, 0.005143334363942034, 0.0008810890712783242, 0.001422546949256376, 0.0006371432520449851, 0.0006997382094093842, 4.267999195788304e-05, 0.00022342787721328568, 0.0007547126989840846, 0.01338543646709455, 0.05871223890636319, 0.0, 0.06284910652955315, 0.0021201521227588163, 0.0027077922167386245, 0.0006172830793919628, 0.012775820677243472, 0.0002955425524916434, 0.0010178176866751808, 0.00035350239678749913, 0.0001569825037646508, 0.0001599648931675351, 0.001548840336249734, 0.0013072510789735336, 0.0007703483710763844, 0.002412596450617284] and parameters: {'lag_0': 0.14026158916217915, 'lag_1': 0.5992680784347261, 'lag_2': 0.4103645628222202, 'lag_3': 0.6688952753680988, 'lag_4': 0.9737472807264757, 'lag_5': 0.7040850309978077, 'lag_6': 0.3144979538432375, 'lag_7': 0.857527732259311, 'lag_8': 0.41186123141936304, 'lag_9': 0.13810794324572356, 'lag_10': 0.5150953803150373, 'lag_11': 0.7354057333479601, 'lag_12': 0.12823956528236546, 'lag_13': 0.6398345760618064, 'lag_14': 0.8239732264008188, 'lag_15': 0.11863930282400174, 'lag_16': 0.7111791146785408, 'lag_17': 0.7099448106130134, 'lag_18': 0.3588836034913513, 'lag_19': 0.8080009460537069, 'lag_20': 0.8896883984825833, 'lag_21': 0.8748983662072354, 'lag_22': 0.8989858235082044, 'lag_23': 0.061737881212638256, 'lag_24': 0.29855333356993996, 'lag_25': 0.2511096412687981, 'lag_26': 0.21346563907380978, 'lag_27': 0.7416039790152513, 'lag_28': 0.633439881146861}.
[I 2025-10-03 11:33:41,731] Trial 55 finished with values: [0.005917830643105367, 0.0003249236343557681, 0.0012226656602368443, 0.0010401188274533355, 0.0016225422804370417, 0.0005829480103470752, 0.002376456854754107, 0.0002653142902067062, 0.0005699845201879491, 0.0003371708662128583, 0.0003161078428943303, 0.0002835712712487261, 0.009865767532328578, 0.055724125246979464, 0.0, 0.06254594676030023, 0.002965847415135282, 0.003063380273158336, 0.0002870465619630559, 0.013950243132648556, 0.0003655005577313039, 0.0008482153339120533, 0.0003212373266292763, 0.00019403323079438648, 0.00020745400266677038, 0.001895635838386239, 0.0006971345424440082, 0.001132838919947234, 0.0018010999925552802] and parameters: {'lag_0': 0.5133181087188803, 'lag_1': 0.1796647660295415, 'lag_2': 0.2732491936723065, 'lag_3': 0.9609749602054607, 'lag_4': 0.8344528864639819, 'lag_5': 0.9743388922875762, 'lag_6': 0.687319626679116, 'lag_7': 0.7969730387523934, 'lag_8': 0.2627261305612194, 'lag_9': 0.8081781627347544, 'lag_10': 0.7076550847271476, 'lag_11': 0.19889752186411466, 'lag_12': 0.11495009483307661, 'lag_13': 0.2028493298699514, 'lag_14': 0.2833929854792741, 'lag_15': 0.314184493777036, 'lag_16': 0.1031477395303835, 'lag_17': 0.5293085810905102, 'lag_18': 0.35064757772891714, 'lag_19': 0.6834002714285641, 'lag_20': 0.1991459227855293, 'lag_21': 0.3384231868824245, 'lag_22': 0.1689063438860818, 'lag_23': 0.864186586748902, 'lag_24': 0.5211516791206704, 'lag_25': 0.39635480437884196, 'lag_26': 0.5861272219193191, 'lag_27': 0.7461114520829344, 'lag_28': 0.8544785333384631}.
[I 2025-10-03 11:33:44,453] Trial 56 finished with values: [0.0028197823069617935, 0.0048318968050547785, 0.0012661331197552426, 0.0013110273556376228, 0.0016560976225987029, 0.001232273601911672, 0.0020332271695800495, 0.000737007648594102, 0.0001948174426348001, 0.0002357412740814524, 0.00020143858091546777, 0.0008368808201433345, 0.011333945191614212, 0.05615500334817471, 0.0, 0.05891224744746966, 0.0028485192879459534, 0.002614379844593099, 0.0006375236680999838, 0.013105229994157613, 0.00030379218946784473, 0.0008118819111405197, 0.00016542472500759205, 0.00011832123190957449, 0.00014368213805470649, 0.002005475050663976, 0.0008143812253400459, 0.0011734122680131947, 0.0016120990487115544] and parameters: {'lag_0': 0.00035323471100360735, 'lag_1': 0.5992680784347261, 'lag_2': 0.29242109378737907, 'lag_3': 0.6688952753680988, 'lag_4': 0.38347296758451027, 'lag_5': 0.35836683603274994, 'lag_6': 0.038903143091028276, 'lag_7': 0.18757572544908163, 'lag_8': 0.0741095137573115, 'lag_9': 0.9192063685748422, 'lag_10': 0.6160768674989755, 'lag_11': 0.41099589536745584, 'lag_12': 0.7440498417497363, 'lag_13': 0.18916030896730854, 'lag_14': 0.8239732264008188, 'lag_15': 0.15884248274974655, 'lag_16': 0.6548709459488651, 'lag_17': 0.6689223493957877, 'lag_18': 0.6205465320556078, 'lag_19': 0.7686983508417885, 'lag_20': 0.8896883984825833, 'lag_21': 0.03720494687862553, 'lag_22': 0.9256873561036714, 'lag_23': 0.1220850041321978, 'lag_24': 0.29855333356993996, 'lag_25': 0.25952857090707065, 'lag_26': 0.10655592268625066, 'lag_27': 0.7416039790152513, 'lag_28': 0.633439881146861}.
[I 2025-10-03 11:33:47,169] Trial 57 finished with values: [0.004341975942250667, 0.0024774431461260468, 0.0017165060592648502, 0.0020948908945195837, 0.0029577797583922503, 0.0003109969260674045, 0.0021864496678992438, 0.0008027356087785626, 3.5059575387183216e-05, 0.00020379139327330884, 0.00015833057336927698, 0.00040102475370690476, 0.012044913299135842, 0.052185347515843514, 0.0, 0.06439776786411619, 0.0032387804701462285, 0.0023517253719216352, 0.0005908856748328869, 0.013246184227024832, 0.0002007305944957515, 0.0011750733097835348, 0.0002922450155734546, 0.00016043204677761413, 0.0001712952590649639, 0.0023145959589653217, 0.001461837200824747, 0.00135175048909024, 0.0006361264738938486] and parameters: {'lag_0': 0.12822052433887052, 'lag_1': 0.3835775588434783, 'lag_2': 0.1366411911371839, 'lag_3': 0.013713875359077476, 'lag_4': 0.4256988906183302, 'lag_5': 0.3311419894469982, 'lag_6': 0.7607430817531758, 'lag_7': 0.06587424155197742, 'lag_8': 0.5115127035524428, 'lag_9': 0.0985705474635115, 'lag_10': 0.5601755685003578, 'lag_11': 0.6094995528232113, 'lag_12': 0.11910811596168167, 'lag_13': 0.08469998541260765, 'lag_14': 0.6292418282520564, 'lag_15': 0.3676950602794943, 'lag_16': 0.33755266562277286, 'lag_17': 0.938428365013162, 'lag_18': 0.7261475059119787, 'lag_19': 0.010010563142525785, 'lag_20': 0.5803149328296316, 'lag_21': 0.7075170251663174, 'lag_22': 0.055029953787296755, 'lag_23': 0.25144718429118207, 'lag_24': 0.6689270562382038, 'lag_25': 0.5782783665539935, 'lag_26': 0.6945076228622307, 'lag_27': 0.42533623975473656, 'lag_28': 0.12100613805458121}.
[I 2025-10-03 11:33:49,885] Trial 58 finished with values: [0.003380679742859229, 0.006971750082600726, 0.0030312162376947586, 0.002924225552093487, 0.004359404020104047, 0.0003651965388811509, 0.002897986324706405, 0.0007127656477216224, 0.00031673517648369307, 0.0001221686809232657, 0.00031326473034540487, 0.0003048073492357598, 0.013963743835932043, 0.054366414828517215, 0.0, 0.06221960136444733, 0.003896093233814721, 0.0027562653035148187, 0.0004088427099684632, 0.013277367696120946, 0.0003369272601051906, 0.0007534009958448174, 0.0001465571213898782, 0.00016254774481776064, 3.409091684467907e-05, 0.0017416419113738767, 0.0011911634320437947, 0.001089684791398448, 0.0007252234662215033] and parameters: {'lag_0': 0.9270930250200216, 'lag_1': 0.8549944619427886, 'lag_2': 0.03751210636682074, 'lag_3': 0.4258616849569607, 'lag_4': 0.48966353518368677, 'lag_5': 0.030256449831422845, 'lag_6': 0.3516857848386604, 'lag_7': 0.11444805610289326, 'lag_8': 0.17943283574666294, 'lag_9': 0.9785740013319078, 'lag_10': 0.0699493428168149, 'lag_11': 0.7183202902434694, 'lag_12': 0.23811708304677673, 'lag_13': 0.8989011263983808, 'lag_14': 0.7756905317925454, 'lag_15': 0.20633512062083445, 'lag_16': 0.8804143791161554, 'lag_17': 0.2905107863872614, 'lag_18': 0.4563551041960317, 'lag_19': 0.12237446386871863, 'lag_20': 0.4070763865229951, 'lag_21': 0.7966707769094128, 'lag_22': 0.6035494537825612, 'lag_23': 0.43268583358187535, 'lag_24': 0.0016289399333556357, 'lag_25': 0.17825098012117158, 'lag_26': 0.2219241656903597, 'lag_27': 0.7889808870646979, 'lag_28': 0.36744218330306283}.
[I 2025-10-03 11:33:52,601] Trial 59 finished with values: [0.0037516436554898094, 0.009390756512421522, 0.001997706261774839, 0.0019367386287111432, 0.002379190900088853, 0.0008492304531076026, 0.0011291562541875767, 0.0005142456486363116, 6.164035448185031e-05, 0.0006442627739163219, 0.00035882819710942465, 0.0003325861833493382, 0.009603562918816014, 0.05496200417094408, 0.0, 0.06167129921753064, 0.0034314194254571654, 0.0023683827255712264, 0.0004186671518558307, 0.013140626358291751, 0.00039926214476619144, 0.0013572584604381079, 0.00018592900975842854, 0.0001439364003344638, 0.00019494604761042, 0.0013934855915473633, 0.000921409835645388, 0.0008500309792068616, 0.0004827649980659288] and parameters: {'lag_0': 0.40708847796807796, 'lag_1': 0.6329382306398055, 'lag_2': 0.20211102541635229, 'lag_3': 0.08247103562164487, 'lag_4': 0.752356523611748, 'lag_5': 0.9605180863407028, 'lag_6': 0.14317505905942118, 'lag_7': 0.34109759957740554, 'lag_8': 0.1940907898529144, 'lag_9': 0.7678837376010025, 'lag_10': 0.6077024784122943, 'lag_11': 0.8830598558424649, 'lag_12': 0.04036542577439033, 'lag_13': 0.023480761755825325, 'lag_14': 0.14708362124196878, 'lag_15': 0.08898019426880643, 'lag_16': 0.05049382493103814, 'lag_17': 0.7485715795684841, 'lag_18': 0.5933188618399589, 'lag_19': 0.41105888247668776, 'lag_20': 0.9158925110985298, 'lag_21': 0.19876192764968936, 'lag_22': 0.9464540075688305, 'lag_23': 0.4418429026707479, 'lag_24': 0.7459497985613004, 'lag_25': 0.8444599314286395, 'lag_26': 0.9784369969994586, 'lag_27': 0.37397063144539605, 'lag_28': 0.07539777948600719}.
[I 2025-10-03 11:33:55,322] Trial 60 finished with values: [0.0021042432719398413, 0.0016857756304049947, 0.0014699056325138534, 0.0014492092277026104, 0.0028403750645210587, 0.0015034982124312317, 0.001991728894552413, 0.0005470177686270487, 0.0002620704533019175, 0.00031460408576414254, 0.00013961412195829186, 0.0008427088569693385, 0.01031119892716202, 0.06549082492817446, 0.0, 0.06438557017904803, 0.0026620701173390134, 0.0031076374768242484, 0.0002888338670524574, 0.012682786338232587, 0.00024107079704937937, 0.001426192571916786, 0.00020863265056726555, 0.00024964402221425586, 0.0001519834704172859, 0.0018118097285295845, 0.0014131910514318742, 0.0012546154692846122, 0.0006699128993501287] and parameters: {'lag_0': 0.826634863987484, 'lag_1': 0.08702974236360056, 'lag_2': 0.2089918027161369, 'lag_3': 0.4105794503755642, 'lag_4': 0.2224004792293126, 'lag_5': 0.5558383522284271, 'lag_6': 0.9742633745597523, 'lag_7': 0.2038564055498407, 'lag_8': 0.6016205160247609, 'lag_9': 0.8782295776788762, 'lag_10': 0.09219524141774024, 'lag_11': 0.05817164510695266, 'lag_12': 0.8322292774258258, 'lag_13': 0.3735800964066519, 'lag_14': 0.7822701807127324, 'lag_15': 0.9272603233054875, 'lag_16': 0.4432663692485846, 'lag_17': 0.28336073010681545, 'lag_18': 0.6434690316334786, 'lag_19': 0.2186710072507901, 'lag_20': 0.508570755984904, 'lag_21': 0.14121644990582166, 'lag_22': 0.6767878366984672, 'lag_23': 0.9945201709861319, 'lag_24': 0.6180534863275521, 'lag_25': 0.296709405715495, 'lag_26': 0.9207705655280335, 'lag_27': 0.7542321613039185, 'lag_28': 0.13194124656386383}.
[I 2025-10-03 11:33:58,161] Trial 61 finished with values: [0.0037810785063532313, 0.006307345900222106, 0.0005308253259091392, 0.0014144971833940862, 0.0031585478135663174, 0.0005404213845604164, 0.0027165871994810167, 0.0010808508991007862, 0.00030612050004438096, 0.00026231367674395164, 0.0003118172093917981, 0.0009039436065771674, 0.011256627277847379, 0.058743795156278644, 0.0, 0.05681730472787785, 0.0018202970067027944, 0.002351468567691463, 0.000331177926537585, 0.013169885684671478, 0.0004116646330817234, 0.0011052137687094462, 0.00022310064036570537, 0.00011193361479502006, 0.00012085496120653031, 0.0028205205569498135, 0.001066102962780778, 0.0009147376200111335, 0.0016179659535990707] and parameters: {'lag_0': 0.13859836901090855, 'lag_1': 0.5593236762764874, 'lag_2': 0.09930373298892367, 'lag_3': 0.7247692246969496, 'lag_4': 0.24423755796090107, 'lag_5': 0.5308749226827891, 'lag_6': 0.8949802461857804, 'lag_7': 0.8117206057556761, 'lag_8': 0.8426564194348856, 'lag_9': 0.987060755141564, 'lag_10': 0.8562406233026927, 'lag_11': 0.8127484434499208, 'lag_12': 0.9224922503642834, 'lag_13': 0.5746425824322778, 'lag_14': 0.8447021667984546, 'lag_15': 0.2916921094302238, 'lag_16': 0.4355456911741567, 'lag_17': 0.06399201034398579, 'lag_18': 0.06169608004208505, 'lag_19': 0.393159858006846, 'lag_20': 0.568458545322233, 'lag_21': 0.058532188149323844, 'lag_22': 0.808577484147763, 'lag_23': 0.9417686050144033, 'lag_24': 0.33936344027010773, 'lag_25': 0.619695452934092, 'lag_26': 0.6641868417900885, 'lag_27': 0.27353922982380885, 'lag_28': 0.7435814820528254}.
[I 2025-10-03 11:34:00,895] Trial 62 finished with values: [0.004554691617628679, 0.00683047156691301, 0.001034113195515508, 0.002497181383531814, 0.00427196940918778, 0.0013925515124333751, 0.0023768912025316415, 0.00020835753051116242, 0.00014628616063475206, 0.00011136110205656058, 8.956185748953053e-05, 0.0005168564510095106, 0.012191059893502897, 0.05473170186209244, 0.0, 0.06159792557169032, 0.002722019210256183, 0.0029848757759476314, 0.0005924599401720526, 0.013060254421401013, 9.622767230572497e-05, 0.000952474030229505, 0.00035909602832684493, 0.0002817106712832427, 0.00015663566963157384, 0.001271374403625815, 0.001134798763512694, 0.0012787366971776213, 0.0023408450363512786] and parameters: {'lag_0': 0.5298516517164299, 'lag_1': 0.3993394176701775, 'lag_2': 0.8071957080181584, 'lag_3': 0.12421131946374542, 'lag_4': 0.5141573282566981, 'lag_5': 0.6177738794050996, 'lag_6': 0.8253733416891541, 'lag_7': 0.27752962540712317, 'lag_8': 0.014645526957957568, 'lag_9': 0.16382644198955032, 'lag_10': 0.05770270498092643, 'lag_11': 0.49170508699900534, 'lag_12': 0.942163563797744, 'lag_13': 0.33204018826964216, 'lag_14': 0.9511666985499234, 'lag_15': 0.5470239557485005, 'lag_16': 0.8581350920213262, 'lag_17': 0.4500604030563409, 'lag_18': 0.03602180207555713, 'lag_19': 0.49048424926377304, 'lag_20': 0.4232457617485135, 'lag_21': 0.3651470221762129, 'lag_22': 0.864207845072583, 'lag_23': 0.3297156776281228, 'lag_24': 0.7363443493769567, 'lag_25': 0.10214268537168485, 'lag_26': 0.9249506197839481, 'lag_27': 0.5068020021049107, 'lag_28': 0.11725542665460312}.
[I 2025-10-03 11:34:03,628] Trial 63 finished with values: [0.004389682024047657, 0.0034960526228272693, 0.004654412152883697, 0.00220810455614392, 0.002511793035556758, 0.0013419711328059697, 0.002926064866584451, 0.00024063866509586705, 0.0005252577709085811, 0.0003064568276246921, 9.138527361162875e-05, 0.000754674537094397, 0.010503217369027502, 0.058316117751116316, 0.0, 0.06481175016813434, 0.003461613339671277, 0.0031198408981811857, 0.0004453948063763453, 0.01238982141872788, 0.00014733277798788458, 0.0008361803451837312, 0.00040744852487499745, 0.00023492758950087504, 0.00012243134063736694, 0.0022011102106758917, 0.0009662271739240815, 0.0007935714296127896, 0.002167174122289804] and parameters: {'lag_0': 0.8453424800577385, 'lag_1': 0.9453649041131299, 'lag_2': 0.605236966580496, 'lag_3': 0.7363097613881359, 'lag_4': 0.552788719094214, 'lag_5': 0.4180352412719061, 'lag_6': 0.9342694694537835, 'lag_7': 0.4830601266518183, 'lag_8': 0.6352175923722652, 'lag_9': 0.8246383442745843, 'lag_10': 0.6831251486338397, 'lag_11': 0.20693531574580873, 'lag_12': 0.8233839214090217, 'lag_13': 0.40463962422508815, 'lag_14': 0.16456928476747174, 'lag_15': 0.08972830981515949, 'lag_16': 0.6334298600258707, 'lag_17': 0.6925132443427523, 'lag_18': 0.5881068297911505, 'lag_19': 0.5172486413501949, 'lag_20': 0.6265536528275968, 'lag_21': 0.5160638676616593, 'lag_22': 0.5344543306290451, 'lag_23': 0.7624034548125421, 'lag_24': 0.2900477790204665, 'lag_25': 0.8770607992758463, 'lag_26': 0.4777084795592897, 'lag_27': 0.06423248060491127, 'lag_28': 0.41763323333757785}.
