[I 2025-09-29 13:22:59,973] Trial 24 finished with value: 0.0028368535069243695 and parameters: {'lag_0': 0.7265272890997221, 'lag_1': 0.08896266191393022, 'lag_2': 0.6428653783649813, 'lag_3': 0.10198857392819008, 'lag_4': 0.242998167667818, 'lag_5': 0.10213047644571072, 'lag_6': 0.4273250920659039, 'lag_7': 0.3317674125360424, 'lag_8': 0.3673687993807063, 'lag_9': 0.7970515001349594, 'lag_10': 0.4153530690584456, 'lag_11': 0.897288970373715, 'lag_12': 0.851119655872158, 'lag_13': 0.5753671533522345, 'lag_14': 0.10625775144583344, 'lag_15': 0.3257695924807691, 'lag_16': 0.5373080806066354, 'lag_17': 0.0006074634917380556, 'lag_18': 0.09580164398530816, 'lag_19': 0.7343595078320142, 'lag_20': 0.1722471318802761, 'lag_21': 0.028628907273872906, 'lag_22': 0.31510119679811527, 'lag_23': 0.5842731227701622, 'lag_24': 0.5656633241481577, 'lag_25': 0.5551062802686572, 'lag_26': 0.6907089644706453, 'lag_27': 0.3219163324927874, 'lag_28': 0.20065709666551482}. Best is trial 18 with value: 0.002536411266885424.
[I 2025-09-29 13:23:02,326] Trial 25 finished with value: 0.00301787438683994 and parameters: {'lag_0': 0.6204322863770406, 'lag_1': 0.2885017326657716, 'lag_2': 0.7951222143333123, 'lag_3': 0.2310879845108859, 'lag_4': 0.5281895141392491, 'lag_5': 0.24854667577202985, 'lag_6': 0.6449224123050125, 'lag_7': 0.6233297859016973, 'lag_8': 0.6762046586861932, 'lag_9': 0.8601916274309215, 'lag_10': 0.12716921116189747, 'lag_11': 0.7492205175944433, 'lag_12': 0.012430094026448013, 'lag_13': 0.7039562236493151, 'lag_14': 0.29856932509945483, 'lag_15': 0.5481317148278079, 'lag_16': 0.7050732325930521, 'lag_17': 0.22449334120770748, 'lag_18': 0.3320926511908577, 'lag_19': 0.5824123803309591, 'lag_20': 0.5637389986200517, 'lag_21': 0.3899928936032734, 'lag_22': 0.19025621785328145, 'lag_23': 0.2066146073210771, 'lag_24': 0.9957803898901743, 'lag_25': 0.4506031289248672, 'lag_26': 0.510228541925867, 'lag_27': 0.6817361676947573, 'lag_28': 0.9981260694559378}. Best is trial 18 with value: 0.002536411266885424.
[I 2025-09-29 13:23:04,689] Trial 26 finished with value: 0.0030619395831215845 and parameters: {'lag_0': 0.4418851511674723, 'lag_1': 0.16877866034887778, 'lag_2': 0.43679067824806894, 'lag_3': 0.15077087283058146, 'lag_4': 0.12332906731312293, 'lag_5': 0.39066260983817014, 'lag_6': 0.8871738619736477, 'lag_7': 0.49622191487028533, 'lag_8': 0.5487634960248915, 'lag_9': 0.9871566970309499, 'lag_10': 0.2918293094853378, 'lag_11': 0.8601154491696961, 'lag_12': 0.9984235318943877, 'lag_13': 0.8052187443183672, 'lag_14': 0.037429929578681354, 'lag_15': 0.1552066239367259, 'lag_16': 0.3811271861431127, 'lag_17': 0.153255365836548, 'lag_18': 0.0002640269809002782, 'lag_19': 0.902137665418344, 'lag_20': 0.40026733315458984, 'lag_21': 0.7890514253936662, 'lag_22': 0.4635489612409214, 'lag_23': 0.7058580035718821, 'lag_24': 0.3159040353687431, 'lag_25': 0.12087692166212083, 'lag_26': 0.9060009215210925, 'lag_27': 0.033167411006130465, 'lag_28': 0.8621936284454543}. Best is trial 18 with value: 0.002536411266885424.
[I 2025-09-29 13:23:07,049] Trial 27 finished with value: 0.0027483437454204397 and parameters: {'lag_0': 0.8076100056241424, 'lag_1': 0.03895375181129109, 'lag_2': 0.8797178337130922, 'lag_3': 0.5745783303246659, 'lag_4': 0.18810507223321404, 'lag_5': 0.06171174545510481, 'lag_6': 0.8057802535127971, 'lag_7': 0.23877299298331894, 'lag_8': 0.4169592861580367, 'lag_9': 0.7299252046786349, 'lag_10': 0.5112367434388024, 'lag_11': 0.2813172075195183, 'lag_12': 0.11088936495816737, 'lag_13': 0.901308429493401, 'lag_14': 0.18023094962956981, 'lag_15': 0.6536146911860421, 'lag_16': 0.5656257436325816, 'lag_17': 0.06332025065337346, 'lag_18': 0.4679006973348172, 'lag_19': 0.4696097449814703, 'lag_20': 0.7540891050094449, 'lag_21': 0.5974440833912358, 'lag_22': 0.7201156026117105, 'lag_23': 0.26775477470515124, 'lag_24': 0.1566180193259475, 'lag_25': 0.22992599071608044, 'lag_26': 0.778549305281995, 'lag_27': 0.1302619821318471, 'lag_28': 0.33445767555046646}. Best is trial 18 with value: 0.002536411266885424.
[I 2025-09-29 13:23:09,403] Trial 28 finished with value: 0.0029669014281507077 and parameters: {'lag_0': 0.16858333244061313, 'lag_1': 0.9848302819484, 'lag_2': 0.7009904254566288, 'lag_3': 0.8373654720451091, 'lag_4': 0.3149469691645409, 'lag_5': 0.1780220265440438, 'lag_6': 0.2590390525645685, 'lag_7': 0.7306594053709036, 'lag_8': 0.2541996779876071, 'lag_9': 0.17919465349746772, 'lag_10': 0.3149824682843237, 'lag_11': 0.704964999903024, 'lag_12': 0.3446267260780642, 'lag_13': 0.8052628029491532, 'lag_14': 0.3586921919494535, 'lag_15': 0.4802903491363343, 'lag_16': 0.8307079565488646, 'lag_17': 0.48828383963612176, 'lag_18': 0.837607005135959, 'lag_19': 0.3049177623536912, 'lag_20': 0.9256109572121753, 'lag_21': 0.4461727387189806, 'lag_22': 0.4197565246526035, 'lag_23': 0.5427086299339301, 'lag_24': 0.7250723511801979, 'lag_25': 0.09982920023375058, 'lag_26': 0.9970853126752501, 'lag_27': 0.2620058596756812, 'lag_28': 0.6924077392603556}. Best is trial 18 with value: 0.002536411266885424.
[I 2025-09-29 13:23:11,767] Trial 29 finished with value: 0.0028535839665428915 and parameters: {'lag_0': 0.11715338448940982, 'lag_1': 0.28797212193023314, 'lag_2': 0.5350589316262577, 'lag_3': 0.26074087961150993, 'lag_4': 0.33506092354218675, 'lag_5': 0.48527172113298533, 'lag_6': 0.9295213922639669, 'lag_7': 0.3789905545154262, 'lag_8': 0.8801593501224254, 'lag_9': 0.13087114120374693, 'lag_10': 0.040210851988245117, 'lag_11': 0.5336299153693046, 'lag_12': 0.5697660399172672, 'lag_13': 0.23645407043195132, 'lag_14': 0.5280084964264963, 'lag_15': 0.17370404266792955, 'lag_16': 0.5508872781743708, 'lag_17': 0.12897039801983518, 'lag_18': 0.6359898343431549, 'lag_19': 0.34541738993205784, 'lag_20': 0.18099988856611388, 'lag_21': 0.24310643883684058, 'lag_22': 0.5728297013410472, 'lag_23': 0.1072333678819879, 'lag_24': 0.8096281250397379, 'lag_25': 0.2880225983698845, 'lag_26': 0.5794359677222567, 'lag_27': 0.4715459086869973, 'lag_28': 0.5546677394598302}. Best is trial 18 with value: 0.002536411266885424.
[I 2025-09-29 13:23:14,129] Trial 30 finished with value: 0.0024556310327573253 and parameters: {'lag_0': 0.30713698297345216, 'lag_1': 0.4413704041274275, 'lag_2': 0.7601351224156352, 'lag_3': 0.07834234992242568, 'lag_4': 0.06143969801265248, 'lag_5': 0.5068317115116114, 'lag_6': 0.6240152787527639, 'lag_7': 0.26233053241427495, 'lag_8': 0.733023093992311, 'lag_9': 0.5805795252664169, 'lag_10': 0.8301298775238256, 'lag_11': 0.5857443486815751, 'lag_12': 0.23523996308263467, 'lag_13': 0.4704915289625618, 'lag_14': 0.1621772521977367, 'lag_15': 0.3764683125429036, 'lag_16': 0.8617270763401602, 'lag_17': 0.34517711602492795, 'lag_18': 0.1033545763853104, 'lag_19': 0.19912769629956234, 'lag_20': 0.5968301065969923, 'lag_21': 0.44510201317967113, 'lag_22': 0.6963087402490777, 'lag_23': 0.8909809779772662, 'lag_24': 0.8914415541466133, 'lag_25': 0.8016994694949731, 'lag_26': 0.8970069228107593, 'lag_27': 0.5242644613085932, 'lag_28': 0.15694096351615658}. Best is trial 30 with value: 0.0024556310327573253.
[I 2025-09-29 13:23:16,488] Trial 31 finished with value: 0.00317825681837385 and parameters: {'lag_0': 0.3227726135297387, 'lag_1': 0.6605322235556017, 'lag_2': 0.7781690818523421, 'lag_3': 0.09226441985965775, 'lag_4': 0.05245325998907535, 'lag_5': 0.6697545249524472, 'lag_6': 0.6189236217579641, 'lag_7': 0.08144523659750647, 'lag_8': 0.764202599188119, 'lag_9': 0.5096549534101892, 'lag_10': 0.8078311350468048, 'lag_11': 0.600778205563201, 'lag_12': 0.22150121938655676, 'lag_13': 0.43522604398379217, 'lag_14': 0.1513015529677174, 'lag_15': 0.3684182685414845, 'lag_16': 0.8655740291950103, 'lag_17': 0.37107238915870666, 'lag_18': 0.10963544376205568, 'lag_19': 0.18899301850424544, 'lag_20': 0.5880171403027614, 'lag_21': 0.44572827836339324, 'lag_22': 0.658403083435692, 'lag_23': 0.9117040265532536, 'lag_24': 0.9099678184440039, 'lag_25': 0.830913378629479, 'lag_26': 0.900757982426055, 'lag_27': 0.5019345663302288, 'lag_28': 0.16508728075598159}. Best is trial 30 with value: 0.0024556310327573253.
[I 2025-09-29 13:23:18,841] Trial 32 finished with value: 0.0028982204296674648 and parameters: {'lag_0': 0.2847679740770488, 'lag_1': 0.453419245452127, 'lag_2': 0.8828439563546304, 'lag_3': 0.051033025856757924, 'lag_4': 0.07567078508794636, 'lag_5': 0.514203325275505, 'lag_6': 0.725192758482095, 'lag_7': 0.2616299693810601, 'lag_8': 0.575269427599212, 'lag_9': 0.3859476500684057, 'lag_10': 0.8718418959519323, 'lag_11': 0.7545563733135834, 'lag_12': 0.10033168772785371, 'lag_13': 0.5529392827558133, 'lag_14': 0.23773736747334745, 'lag_15': 0.4614234967304118, 'lag_16': 0.6899704164986645, 'lag_17': 0.2766917387055343, 'lag_18': 0.10883312472524045, 'lag_19': 0.2576871704805733, 'lag_20': 0.6689332715228995, 'lag_21': 0.537256695659554, 'lag_22': 0.8388593389022992, 'lag_23': 0.8482537855519974, 'lag_24': 0.8625015911692692, 'lag_25': 0.9158926051332473, 'lag_26': 0.8713181984700595, 'lag_27': 0.3911937673002232, 'lag_28': 0.029489077450539136}. Best is trial 30 with value: 0.0024556310327573253.
[I 2025-09-29 13:23:21,345] Trial 33 finished with value: 0.002678932000401578 and parameters: {'lag_0': 0.4058047532463105, 'lag_1': 0.5842110384484429, 'lag_2': 0.6398707557306612, 'lag_3': 0.1801782403230404, 'lag_4': 0.16270496662926026, 'lag_5': 0.2986276385095189, 'lag_6': 0.4503769476086738, 'lag_7': 0.5440255339923504, 'lag_8': 0.6653253139415471, 'lag_9': 0.5873282337684647, 'lag_10': 0.9862515279807981, 'lag_11': 0.6730202904184245, 'lag_12': 0.0008853022674713863, 'lag_13': 0.6502776599220909, 'lag_14': 0.064296172667961, 'lag_15': 0.5910197118125017, 'lag_16': 0.4442240369336125, 'lag_17': 0.421310389726273, 'lag_18': 0.2422495338689403, 'lag_19': 0.4630891113081637, 'lag_20': 0.7490502577164835, 'lag_21': 0.3988548748742246, 'lag_22': 0.7351599108281426, 'lag_23': 0.975048833211219, 'lag_24': 0.783386363274549, 'lag_25': 0.6534996150404584, 'lag_26': 0.926475328435359, 'lag_27': 0.6757068682070103, 'lag_28': 0.24877250623002534}. Best is trial 30 with value: 0.0024556310327573253.
[I 2025-09-29 13:23:23,721] Trial 34 finished with value: 0.00283761510254336 and parameters: {'lag_0': 0.9221215166454662, 'lag_1': 0.8416937021123692, 'lag_2': 0.7435401060375911, 'lag_3': 0.33003537486283185, 'lag_4': 0.27059383536382403, 'lag_5': 0.4296025182514641, 'lag_6': 0.6161249733328339, 'lag_7': 0.26377817253737856, 'lag_8': 0.7400667862753081, 'lag_9': 0.450426385551317, 'lag_10': 0.846866191743134, 'lag_11': 0.6041381642069374, 'lag_12': 0.22528942853175796, 'lag_13': 0.33406222994714163, 'lag_14': 0.20027665439026632, 'lag_15': 0.7991767243299666, 'lag_16': 0.9031333561127184, 'lag_17': 0.17589070073074245, 'lag_18': 0.08625522691575571, 'lag_19': 0.10578063105497093, 'lag_20': 0.40780423207667327, 'lag_21': 0.6570861227815858, 'lag_22': 0.921293279609874, 'lag_23': 0.6679237599010399, 'lag_24': 0.9409394086674646, 'lag_25': 0.7207759682032839, 'lag_26': 0.6985771361318192, 'lag_27': 0.5321409116897308, 'lag_28': 0.39457351424130277}. Best is trial 30 with value: 0.0024556310327573253.
[I 2025-09-29 13:23:26,094] Trial 35 finished with value: 0.0027720336167638923 and parameters: {'lag_0': 0.5411977472640703, 'lag_1': 0.36223305947388007, 'lag_2': 0.8962884624191108, 'lag_3': 0.07714547224277696, 'lag_4': 0.06749814018670547, 'lag_5': 0.533068244156566, 'lag_6': 0.7684492944387058, 'lag_7': 0.7838240795832783, 'lag_8': 0.8314594399064271, 'lag_9': 0.919435826381171, 'lag_10': 0.7250224511453408, 'lag_11': 0.4861829357794991, 'lag_12': 0.09200665704122124, 'lag_13': 0.48925929840871674, 'lag_14': 0.13204965084116993, 'lag_15': 0.33470922194221964, 'lag_16': 0.27370077133866505, 'lag_17': 0.051474552215124494, 'lag_18': 0.32159221660726534, 'lag_19': 0.5548248664827123, 'lag_20': 0.5202809117880226, 'lag_21': 0.8341145905374346, 'lag_22': 0.6113462484031889, 'lag_23': 0.7868716625282954, 'lag_24': 0.8352150869083512, 'lag_25': 0.3935337225261808, 'lag_26': 0.7986781414096814, 'lag_27': 0.37526706341448685, 'lag_28': 0.13387094730850396}. Best is trial 30 with value: 0.0024556310327573253.
[I 2025-09-29 13:23:28,455] Trial 36 finished with value: 0.002629965766781538 and parameters: {'lag_0': 0.34061003815945895, 'lag_1': 0.07427768993407723, 'lag_2': 0.03198236080839617, 'lag_3': 0.017507729673140737, 'lag_4': 0.008229632176918411, 'lag_5': 0.2937950452358972, 'lag_6': 0.5153581257943548, 'lag_7': 0.4972725006566858, 'lag_8': 0.6589146453212633, 'lag_9': 0.322462201895614, 'lag_10': 0.9335530648936615, 'lag_11': 0.9274266150457756, 'lag_12': 0.3708135933561344, 'lag_13': 0.9510117324118215, 'lag_14': 0.06665181595162041, 'lag_15': 0.5206993579865568, 'lag_16': 0.5286792128061187, 'lag_17': 0.5484539768171822, 'lag_18': 0.487299594167687, 'lag_19': 0.9187817643011348, 'lag_20': 0.8799175421889752, 'lag_21': 0.7722144863408856, 'lag_22': 0.5030782995784344, 'lag_23': 0.4265233856170829, 'lag_24': 0.6771572096582897, 'lag_25': 0.5714304551543515, 'lag_26': 0.949987708737217, 'lag_27': 0.7977908474719773, 'lag_28': 0.3933430736880777}. Best is trial 30 with value: 0.0024556310327573253.
[I 2025-09-29 13:23:30,820] Trial 37 finished with value: 0.002653082152890246 and parameters: {'lag_0': 0.06292902286932939, 'lag_1': 0.00253353856585755, 'lag_2': 0.5801552091436781, 'lag_3': 0.4385587252080559, 'lag_4': 0.14437400360108385, 'lag_5': 0.4650106815735502, 'lag_6': 0.833975723459944, 'lag_7': 0.6098506812324224, 'lag_8': 0.4464074620382106, 'lag_9': 0.7323670111772802, 'lag_10': 0.25549854531680366, 'lag_11': 0.6514177964915233, 'lag_12': 0.12355139532306479, 'lag_13': 0.37979533383162456, 'lag_14': 0.3849356151149135, 'lag_15': 0.21242963720540026, 'lag_16': 0.6808159339439235, 'lag_17': 0.3428044606626749, 'lag_18': 0.04805705419860201, 'lag_19': 0.23576174019985047, 'lag_20': 0.03738233204687791, 'lag_21': 0.9333611838591227, 'lag_22': 0.7090613555705685, 'lag_23': 0.8463019566008476, 'lag_24': 0.08651152059191614, 'lag_25': 0.8153806162231724, 'lag_26': 0.8705142116652478, 'lag_27': 0.5214279834136699, 'lag_28': 0.021335170094322425}. Best is trial 30 with value: 0.0024556310327573253.
[I 2025-09-29 13:23:33,194] Trial 38 finished with value: 0.002744400025327117 and parameters: {'lag_0': 0.19188411076304102, 'lag_1': 0.18283187735843254, 'lag_2': 0.8277540720691144, 'lag_3': 0.3110615743197911, 'lag_4': 0.4136191282410883, 'lag_5': 0.6283093558575593, 'lag_6': 0.5826759664246428, 'lag_7': 0.8611791924947629, 'lag_8': 0.8547249461360769, 'lag_9': 0.9570207938241092, 'lag_10': 0.11295284077358536, 'lag_11': 0.8018097104376674, 'lag_12': 0.24462799254311146, 'lag_13': 0.15620935718297613, 'lag_14': 0.4695231950803818, 'lag_15': 0.4296599326568234, 'lag_16': 0.4793699692345574, 'lag_17': 0.09352060072952789, 'lag_18': 0.8564261173652952, 'lag_19': 0.8492052919492918, 'lag_20': 0.7085768691952067, 'lag_21': 0.16508969052136602, 'lag_22': 0.3421734744906202, 'lag_23': 0.5472219589738756, 'lag_24': 0.5136143857408848, 'lag_25': 0.3436369467165347, 'lag_26': 0.6394208605408417, 'lag_27': 0.2770047398138671, 'lag_28': 0.23746887295461555}. Best is trial 30 with value: 0.0024556310327573253.
[I 2025-09-29 13:23:35,562] Trial 39 finished with value: 0.002819456037025473 and parameters: {'lag_0': 0.9460981980158677, 'lag_1': 0.6814917635753792, 'lag_2': 0.6766742774138779, 'lag_3': 0.21326910260854415, 'lag_4': 0.8881216921560771, 'lag_5': 0.7466452860977073, 'lag_6': 0.6735458087570161, 'lag_7': 0.38729245972035214, 'lag_8': 0.7757198968379885, 'lag_9': 0.9988365150242855, 'lag_10': 0.6684753209815394, 'lag_11': 0.6945413278178395, 'lag_12': 0.04590759827770724, 'lag_13': 0.5876212585427795, 'lag_14': 0.28501571973948214, 'lag_15': 0.7420431631521796, 'lag_16': 0.12627017583079747, 'lag_17': 0.037001757060577165, 'lag_18': 0.9927194131236836, 'lag_19': 0.10611467167735994, 'lag_20': 0.11025178485804449, 'lag_21': 0.710502941156898, 'lag_22': 0.8669713845340565, 'lag_23': 0.4842384637138517, 'lag_24': 0.1792846524833998, 'lag_25': 0.6299401469678093, 'lag_26': 0.45947252473563116, 'lag_27': 0.4582500889021467, 'lag_28': 0.9242408989720847}. Best is trial 30 with value: 0.0024556310327573253.
[I 2025-09-29 13:23:37,919] Trial 40 finished with value: 0.003253635623342728 and parameters: {'lag_0': 0.8472425877374057, 'lag_1': 0.4773198322622788, 'lag_2': 0.9907857201111933, 'lag_3': 0.10634862455521799, 'lag_4': 0.20021281889459663, 'lag_5': 0.3607303463457452, 'lag_6': 0.351167727953657, 'lag_7': 0.15100303365048795, 'lag_8': 0.003918606924261936, 'lag_9': 0.8380613211577022, 'lag_10': 0.14985678261763857, 'lag_11': 0.017769364282224864, 'lag_12': 0.48928343146833525, 'lag_13': 0.2682385739404147, 'lag_14': 0.10446080876404826, 'lag_15': 0.6438554694805093, 'lag_16': 0.9969677878195298, 'lag_17': 0.8339380608097355, 'lag_18': 0.20933332073459573, 'lag_19': 0.48572744130466533, 'lag_20': 0.2420116455443428, 'lag_21': 0.46990498023505767, 'lag_22': 0.45748970976041303, 'lag_23': 0.12628866889277124, 'lag_24': 0.7631887287827859, 'lag_25': 0.7582816468692042, 'lag_26': 0.358309824132933, 'lag_27': 0.6345254934367596, 'lag_28': 0.5257782245127737}. Best is trial 30 with value: 0.0024556310327573253.
[I 2025-09-29 13:23:40,288] Trial 41 finished with value: 0.002447916567557647 and parameters: {'lag_0': 0.3396288751636398, 'lag_1': 0.0790589186393605, 'lag_2': 0.008834004015733796, 'lag_3': 0.017438181298976174, 'lag_4': 0.029439164918170023, 'lag_5': 0.30286966538740534, 'lag_6': 0.5061105479920189, 'lag_7': 0.474267298614651, 'lag_8': 0.6468281430931736, 'lag_9': 0.31316675380295034, 'lag_10': 0.9261258493684048, 'lag_11': 0.8424229683536045, 'lag_12': 0.3996312043034872, 'lag_13': 0.929544159627259, 'lag_14': 0.07271221877455589, 'lag_15': 0.5377858769095691, 'lag_16': 0.41513928448266774, 'lag_17': 0.5306598000137323, 'lag_18': 0.5145691968630535, 'lag_19': 0.922074512599657, 'lag_20': 0.8985771040118797, 'lag_21': 0.7739691495939246, 'lag_22': 0.5443828964096429, 'lag_23': 0.4066262166564433, 'lag_24': 0.6682174471691291, 'lag_25': 0.5352954584025184, 'lag_26': 0.9628607027635201, 'lag_27': 0.8006629712330898, 'lag_28': 0.40223280269481976}. Best is trial 41 with value: 0.002447916567557647.
[I 2025-09-29 13:23:42,656] Trial 42 finished with value: 0.0029321092758282075 and parameters: {'lag_0': 0.2843740839809152, 'lag_1': 0.13469019783857028, 'lag_2': 0.17121767477510236, 'lag_3': 0.0021224525281467455, 'lag_4': 0.08322725577982842, 'lag_5': 0.2370097538427214, 'lag_6': 0.4737564167855244, 'lag_7': 0.4547743908711311, 'lag_8': 0.4795914738863353, 'lag_9': 0.43455324267100603, 'lag_10': 0.9117048920303357, 'lag_11': 0.838684940740319, 'lag_12': 0.31279597515854357, 'lag_13': 0.8141350255088406, 'lag_14': 0.05053945198175601, 'lag_15': 0.5743811276700977, 'lag_16': 0.3971535865867409, 'lag_17': 0.5503495100886115, 'lag_18': 0.5488014141868229, 'lag_19': 0.9226061972738303, 'lag_20': 0.919924915301431, 'lag_21': 0.742616571756223, 'lag_22': 0.24186291434253626, 'lag_23': 0.37817030117520495, 'lag_24': 0.5890792616962187, 'lag_25': 0.5376820988342408, 'lag_26': 0.9452806106293774, 'lag_27': 0.7382673291380846, 'lag_28': 0.08299456803530858}. Best is trial 41 with value: 0.002447916567557647.
[I 2025-09-29 13:23:45,029] Trial 43 finished with value: 0.002829025001924777 and parameters: {'lag_0': 0.23792263670856373, 'lag_1': 0.059054871077510895, 'lag_2': 0.3346332073105668, 'lag_3': 0.05594869395896035, 'lag_4': 0.05673604063689691, 'lag_5': 0.2953178451597809, 'lag_6': 0.5171760172815523, 'lag_7': 0.5252826902480114, 'lag_8': 0.6105256148663472, 'lag_9': 0.33599958553614934, 'lag_10': 0.8228853147433814, 'lag_11': 0.9435728609276841, 'lag_12': 0.05874747407231157, 'lag_13': 0.9188599443359389, 'lag_14': 0.004270088128356941, 'lag_15': 0.5143400375840891, 'lag_16': 0.497080810628138, 'lag_17': 0.6233959544492699, 'lag_18': 0.3463949584413527, 'lag_19': 0.794420667989915, 'lag_20': 0.8463817532034357, 'lag_21': 0.9335687809006831, 'lag_22': 0.5338378456800065, 'lag_23': 0.2878604026733078, 'lag_24': 0.8743476856512008, 'lag_25': 0.44096700743363115, 'lag_26': 0.9952787466889599, 'lag_27': 0.753591726144658, 'lag_28': 0.45008293867938165}. Best is trial 41 with value: 0.002447916567557647.
[I 2025-09-29 13:23:47,397] Trial 44 finished with value: 0.0027804865266021 and parameters: {'lag_0': 0.11772644304531371, 'lag_1': 0.11995155928584225, 'lag_2': 0.7910653455026817, 'lag_3': 0.12669717012059606, 'lag_4': 0.13322021169594989, 'lag_5': 0.33978755065605537, 'lag_6': 0.5583068669883289, 'lag_7': 0.578533316567576, 'lag_8': 0.5607750887039824, 'lag_9': 0.011917262606235768, 'lag_10': 0.8735224830625088, 'lag_11': 0.7669053676207185, 'lag_12': 0.43903866181898105, 'lag_13': 0.6947304425846853, 'lag_14': 0.21958221782805998, 'lag_15': 0.34785294472677913, 'lag_16': 0.7882450597017605, 'lag_17': 0.47405355222491286, 'lag_18': 0.5979886947734622, 'lag_19': 0.9511215373933743, 'lag_20': 0.9529453966698401, 'lag_21': 0.5492033932841263, 'lag_22': 0.6260955501064743, 'lag_23': 0.24150229355385774, 'lag_24': 0.7093041904222512, 'lag_25': 0.9847160281167724, 'lag_26': 0.8822671986367102, 'lag_27': 0.8674239541426428, 'lag_28': 0.27509462865102247}. Best is trial 41 with value: 0.002447916567557647.
