[I 2025-10-03 11:32:14,249] Trial 25 finished with values: [0.0024897051321293743, 0.003607688254556958, 0.0008434924952099229, 0.00033619425425677693, 0.00036357122742574483, 0.0004626792093466706, 0.0005502560655873961, 0.0006102053900234584, 0.0005777238716803363, 0.0012990806463327458, 0.000663948678086821, 0.0013701215651178607, 0.003964061757124406, 0.019871736817583006, 0.0, 0.03954854205018952, 0.007457707964111474, 0.0006141696933504741, 0.007758669578260141, 0.0001031087460141531, 0.005093659696044817, 0.003162298511886901, 0.004328358032392369, 0.005837843127692695, 0.0048941966896308055, 0.001633255181888778, 0.0005165056841632864, 0.0016961244998770879, 0.23614475254578596] and parameters: {'lag_0': 0.9578437260086959, 'lag_1': 0.6093450898828542, 'lag_2': 0.757471150823904, 'lag_3': 0.9652007670962126, 'lag_4': 0.022044694326991198, 'lag_5': 0.28032722224641154, 'lag_6': 0.938127217474861, 'lag_7': 0.9978241059328021, 'lag_8': 0.48733529385640645, 'lag_9': 0.3767325547691354, 'lag_10': 0.5820479764553568, 'lag_11': 0.8779972568227965, 'lag_12': 0.2892220643081396, 'lag_13': 0.6479683447098691, 'lag_14': 0.450904831017582, 'lag_15': 0.31537688199271113, 'lag_16': 0.03124233086902053, 'lag_17': 0.16863878904812946, 'lag_18': 0.4233668578785595, 'lag_19': 0.1536776842537174, 'lag_20': 0.3021259398770427, 'lag_21': 0.28035386334207685, 'lag_22': 0.003673826452800563, 'lag_23': 0.45958604232284905, 'lag_24': 0.7619244937286245, 'lag_25': 0.9973814716179592, 'lag_26': 0.4864708922813569, 'lag_27': 0.12297453640690055, 'lag_28': 0.8325694985747637}.
[I 2025-10-03 11:32:16,907] Trial 26 finished with values: [0.0016, 0.0023475279438066655, 0.00023213177055610965, 0.0010943291765434496, 0.00025254793211945193, 0.0014308074376021675, 0.001379069442395481, 0.0004843259813946652, 0.0015605918872870727, 0.0018859707777799926, 0.0006876542803950905, 0.0008241119302156138, 0.003402539603362608, 0.02092506464669166, 0.0, 0.03336164189619864, 0.006765020750793399, 0.0014066346921189532, 0.0076675737889245685, 7.301765502183307e-05, 0.005202153986171624, 0.0030036730416361655, 0.004252847489489351, 0.0057526820523471816, 0.004761120668224333, 0.0021260867111528394, 0.00022934290588174982, 0.0006567020791746214, 0.23040680641747407] and parameters: {'lag_0': 0.19106201895421707, 'lag_1': 0.1603685636007759, 'lag_2': 0.17535887236374892, 'lag_3': 0.5371880554571318, 'lag_4': 0.15827277055795277, 'lag_5': 0.7143663022477179, 'lag_6': 0.7138775116487475, 'lag_7': 0.5725596926245243, 'lag_8': 0.9470814537509253, 'lag_9': 0.9962855609338457, 'lag_10': 0.7138379104027133, 'lag_11': 0.842616279592759, 'lag_12': 0.9275483573077138, 'lag_13': 0.17912542388957464, 'lag_14': 0.7256265354195947, 'lag_15': 0.01057304131613888, 'lag_16': 0.14099598213358464, 'lag_17': 0.8826732095344807, 'lag_18': 0.9870460574265765, 'lag_19': 0.686113321401852, 'lag_20': 0.6613476695761724, 'lag_21': 0.7739118644764761, 'lag_22': 0.41145591993985575, 'lag_23': 0.45396526108645624, 'lag_24': 0.791616414093906, 'lag_25': 0.11131098207573248, 'lag_26': 0.1868615717219594, 'lag_27': 0.3647529737683904, 'lag_28': 0.6791030309661813}.
[I 2025-10-03 11:32:19,558] Trial 27 finished with values: [0.0016, 0.0016787163177031036, 0.00033510475423304274, 0.0010213211523140316, 0.00029018897649075494, 0.0013980736878968932, 0.0017699356394275626, 0.0002380999251454052, 0.0008117350065877324, 0.0008656720006978031, 0.0005246137415454888, 0.0016607431308537871, 0.004030480798939697, 0.020530502140514863, 0.0, 0.04140476672388692, 0.004991718261440283, 0.000733919087626002, 0.00690820699793786, 3.3395122982976275e-05, 0.005113105478772207, 0.0038169465774488586, 0.0037470672635869853, 0.004877304952072085, 0.005643706798950658, 0.001905522082394787, 0.0003203249737562289, 0.0028338809619677125, 0.21748629395209768] and parameters: {'lag_0': 0.908863487284395, 'lag_1': 0.8772956788130781, 'lag_2': 0.15528327777385514, 'lag_3': 0.131677079419418, 'lag_4': 0.3432683240981918, 'lag_5': 0.30384149766838325, 'lag_6': 0.3232217612732933, 'lag_7': 0.03253241233714896, 'lag_8': 0.030590251922753452, 'lag_9': 0.3147563410123702, 'lag_10': 0.4823854485330572, 'lag_11': 0.9917896923168285, 'lag_12': 0.48580287251540505, 'lag_13': 0.4671942635273273, 'lag_14': 0.8195474625587307, 'lag_15': 0.09803774570061784, 'lag_16': 0.7181234894533401, 'lag_17': 0.9585416453997272, 'lag_18': 0.9960458915633592, 'lag_19': 0.3845221452622173, 'lag_20': 0.07432659654025547, 'lag_21': 0.6732329624392285, 'lag_22': 0.2750994729487185, 'lag_23': 0.7242597109545618, 'lag_24': 0.10555000818018381, 'lag_25': 0.8030580406951068, 'lag_26': 0.14142317205221558, 'lag_27': 0.14114178207244313, 'lag_28': 0.9863212727191979}.
[I 2025-10-03 11:32:22,208] Trial 28 finished with values: [0.006511111111111112, 0.005878876538665125, 0.000362719039630789, 0.0005439052768819641, 0.00047880007366738283, 0.0005587722182483765, 0.0006378343617398253, 0.0007233025904301684, 0.0004328499881890378, 0.0015423359666921475, 0.0004747896309120491, 0.001165166322465768, 0.0047302677901683, 0.020459878385562996, 0.0, 0.03379169204203233, 0.005682417250377867, 0.0008200499971179126, 0.00679849863636275, 2.2244194981684853e-05, 0.004498078337394303, 0.0033930341912843864, 0.004098485896380054, 0.0053890035959185505, 0.005300098846586367, 0.0018380552819161542, 0.000492193132512215, 0.0020209853159934748, 0.22053038534266428] and parameters: {'lag_0': 0.11350169747682544, 'lag_1': 0.7870618904392047, 'lag_2': 0.7874942389362279, 'lag_3': 0.5722154133579599, 'lag_4': 0.19743241214780183, 'lag_5': 0.6915893279509822, 'lag_6': 0.9733299572839943, 'lag_7': 0.2294758380181737, 'lag_8': 0.13042699725332293, 'lag_9': 0.47156759229828116, 'lag_10': 0.4810529075435706, 'lag_11': 0.8955313514099263, 'lag_12': 0.9276856623057534, 'lag_13': 0.39945566414805356, 'lag_14': 0.5315222165008804, 'lag_15': 0.24397582961735617, 'lag_16': 0.5964768691855772, 'lag_17': 0.35871274692397714, 'lag_18': 0.16175585721760058, 'lag_19': 0.7533193953945669, 'lag_20': 0.9477058017978254, 'lag_21': 0.7502310137513664, 'lag_22': 0.44906623858677586, 'lag_23': 0.18933406405899342, 'lag_24': 0.40621160127733463, 'lag_25': 0.042477805975580485, 'lag_26': 0.1846674968608915, 'lag_27': 0.03530396271528994, 'lag_28': 0.5619527308432349}.
[I 2025-10-03 11:32:24,866] Trial 29 finished with values: [0.006147165532879819, 0.002579803656819304, 0.0012508679188875094, 0.0006837239879221649, 0.0005391162009347444, 0.0017486864274165923, 0.0007155928489792943, 0.00019789720995802424, 0.0012561960520906356, 0.0006868964612886462, 0.0006053933450038323, 0.001072511836126461, 0.0043173244941734, 0.019442978020271548, 0.0, 0.036666226305825916, 0.006974080326632391, 0.0004006322218076658, 0.006475250227660741, 5.949499569156589e-05, 0.005718185605724865, 0.0030261906817255473, 0.004192242810003777, 0.005313820676993926, 0.004329708027855831, 0.001992419493471474, 0.0010731711120674117, 0.0023211932745259506, 0.20839023703090512] and parameters: {'lag_0': 0.26629924493007157, 'lag_1': 0.8785349741386447, 'lag_2': 0.7819068773465119, 'lag_3': 0.22496330053179367, 'lag_4': 0.19406830145137363, 'lag_5': 0.6063653448720837, 'lag_6': 0.3553408202127577, 'lag_7': 0.3325004702720919, 'lag_8': 0.7289188462049618, 'lag_9': 0.25094993978240526, 'lag_10': 0.29894191825852984, 'lag_11': 0.031240554941766627, 'lag_12': 0.7479205651663855, 'lag_13': 0.5278523154195257, 'lag_14': 0.7578060467215162, 'lag_15': 0.8387252695090098, 'lag_16': 0.6101043398426228, 'lag_17': 0.9998739265360745, 'lag_18': 0.505160512877377, 'lag_19': 0.4889388445208635, 'lag_20': 0.28436998382145917, 'lag_21': 0.9729844102278988, 'lag_22': 0.35242359853333305, 'lag_23': 0.24106899185920358, 'lag_24': 0.4599230749412967, 'lag_25': 0.9488475449551252, 'lag_26': 0.5132181819243494, 'lag_27': 0.0019852983955749126, 'lag_28': 0.34994185702168523}.
[I 2025-10-03 11:32:27,520] Trial 30 finished with values: [0.0017983471074380167, 0.0006669808837170561, 0.0019360396474842286, 0.0006013413596197277, 0.00016780914446602903, 0.0008325447410159918, 0.001303551598858224, 0.0004215465684872858, 0.0012045211688429679, 0.0012997103845003976, 0.00045700906561075536, 0.001810163833801301, 0.004410820395136927, 0.020369799872705617, 0.0, 0.04058641594502909, 0.005799113566087715, 0.0007526216864066134, 0.007144369418697877, 5.7066289654649894e-05, 0.004933356690258349, 0.003425025109106813, 0.00431524766591813, 0.005120582699920003, 0.003510886435727302, 0.00228091092785196, 0.00027624175592548533, 0.0014350507521178526, 0.21246528830706363] and parameters: {'lag_0': 0.04046722956864151, 'lag_1': 0.8277826356638542, 'lag_2': 0.5947489459566419, 'lag_3': 0.11887260812251531, 'lag_4': 0.294925936001569, 'lag_5': 0.07108103912081444, 'lag_6': 0.4104769244329766, 'lag_7': 0.971379940441489, 'lag_8': 0.047294088344061534, 'lag_9': 0.5826853367775074, 'lag_10': 0.8384352053716286, 'lag_11': 0.7805164152860128, 'lag_12': 0.4393677413536959, 'lag_13': 0.42453368039426587, 'lag_14': 0.7422436160063189, 'lag_15': 0.21806168708222756, 'lag_16': 0.33272094212970643, 'lag_17': 0.22973692266518786, 'lag_18': 0.13043012346598706, 'lag_19': 0.9416901031815804, 'lag_20': 0.6792775405531426, 'lag_21': 0.42221289792174044, 'lag_22': 0.9735989493947463, 'lag_23': 0.7795938837052176, 'lag_24': 0.4233715863040652, 'lag_25': 0.3439243873061518, 'lag_26': 0.6616828793030181, 'lag_27': 0.22577713364992139, 'lag_28': 0.8234962775906443}.
[I 2025-10-03 11:32:30,256] Trial 31 finished with values: [0.002677662721893491, 0.0020507714610402987, 0.0006342825050229768, 0.0001877142434935269, 0.0004729651715483233, 0.00011799914878225903, 0.0007925314969005314, 0.0007541180234023926, 0.0009962947841215752, 0.001348932571851938, 0.0009285146857747238, 0.0009876715064456201, 0.0044081501127934426, 0.018801533104287733, 0.0, 0.03674313138669083, 0.004807729442927701, 0.0017025299316530186, 0.00669860194168605, 0.00018280078092646807, 0.005522835101344353, 0.0026496119331359063, 0.0036639927589571207, 0.005654206590902699, 0.005196796139223195, 0.0016210747225525034, 0.0006440665156928056, 0.0023424541492191127, 0.22750062154665646] and parameters: {'lag_0': 0.3932215894831933, 'lag_1': 0.7211055217631549, 'lag_2': 0.5987219487571891, 'lag_3': 0.13849856189787257, 'lag_4': 0.07825201443526231, 'lag_5': 0.6628202813096875, 'lag_6': 0.5473490607370174, 'lag_7': 0.09601332283921762, 'lag_8': 0.8456627063416813, 'lag_9': 0.032901404010408745, 'lag_10': 0.6474602531681719, 'lag_11': 0.40295451725182957, 'lag_12': 0.024516481529018083, 'lag_13': 0.649637451573569, 'lag_14': 0.8609317590773728, 'lag_15': 0.9473225639824394, 'lag_16': 0.5196222122664902, 'lag_17': 0.32956995578734516, 'lag_18': 0.37833708403036287, 'lag_19': 0.8822959630375864, 'lag_20': 0.17168833037200382, 'lag_21': 0.16193756500344098, 'lag_22': 0.24193479086392997, 'lag_23': 0.015822675814010492, 'lag_24': 0.4145832721093158, 'lag_25': 0.7774851290449769, 'lag_26': 0.8555785564100339, 'lag_27': 0.9151064015468287, 'lag_28': 0.1341691615902361}.
[I 2025-10-03 11:32:32,915] Trial 32 finished with values: [0.011224999999999997, 0.0015115733899995285, 0.00012998807376263488, 0.00036641616750772676, 0.0003458298426386729, 0.0019002225597882008, 0.0005539309130861043, 0.00031675290879050764, 0.0010706000508045985, 0.002121836777950594, 0.0003968789858971635, 0.0015253636137335731, 0.0040082556143606965, 0.020138734163491857, 0.0, 0.03796397626567796, 0.0062228229386524095, 0.0008927584869980607, 0.005642855175213351, 6.230215763305909e-05, 0.006011735437148953, 0.003130843045535764, 0.0036876395588413867, 0.006593910371116335, 0.004301299923371461, 0.002626114106637551, 0.00036861509201434214, 0.000623697345204252, 0.20802201210287868] and parameters: {'lag_0': 0.6607948438275021, 'lag_1': 0.3444866461262855, 'lag_2': 0.4923834760602127, 'lag_3': 0.4778940809254179, 'lag_4': 0.1917369893418996, 'lag_5': 0.17201862385005606, 'lag_6': 0.23177629550566503, 'lag_7': 0.6805966127821366, 'lag_8': 0.7851888705097924, 'lag_9': 0.7738512867617439, 'lag_10': 0.5467558044050967, 'lag_11': 0.21007269161921652, 'lag_12': 0.25757260531922366, 'lag_13': 0.7497193906637242, 'lag_14': 0.827600317530415, 'lag_15': 0.46851857594184715, 'lag_16': 0.8138098890319779, 'lag_17': 0.05443919411366837, 'lag_18': 0.9026780547794481, 'lag_19': 0.4650789393140339, 'lag_20': 0.5241820416061846, 'lag_21': 0.1670979658426655, 'lag_22': 0.2792004759595501, 'lag_23': 0.2724457016034867, 'lag_24': 0.23445174496917837, 'lag_25': 0.9977435580367793, 'lag_26': 0.970881651096547, 'lag_27': 0.7807588523325342, 'lag_28': 0.45561427119791675}.
[I 2025-10-03 11:32:35,575] Trial 33 finished with values: [0.0022913580246913577, 0.002425191137845671, 0.0004289746281127136, 0.0009007331153934445, 0.0002992322142271922, 0.00040706392042458306, 0.0015808471478845816, 0.0001157208059064563, 0.0011589393613668693, 0.0015274122424905553, 0.0006353046557037044, 0.0015306255782603635, 0.0036985275899529256, 0.019159055890268423, 0.0, 0.034766653675634335, 0.003972883521832825, 0.0011263406626777312, 0.007672755033395523, 0.00012590592049809953, 0.004284949092239646, 0.0029430451553504092, 0.004058474705215132, 0.004738124490416836, 0.003865446303278834, 0.0011725944561316172, 0.00023378975258573942, 0.0014405694661430853, 0.23210806056955557] and parameters: {'lag_0': 0.3636527532081855, 'lag_1': 0.02527257948081199, 'lag_2': 0.5139736101612054, 'lag_3': 0.6166159063757225, 'lag_4': 0.8166368719541305, 'lag_5': 0.11780863892020633, 'lag_6': 0.8332969589610547, 'lag_7': 0.19167625405088615, 'lag_8': 0.35197512930397545, 'lag_9': 0.542954058452116, 'lag_10': 0.8116425895735531, 'lag_11': 0.72206292729592, 'lag_12': 0.18485717291286838, 'lag_13': 0.014183064251508552, 'lag_14': 0.1298422432892528, 'lag_15': 0.8738802500686371, 'lag_16': 0.4619234273578516, 'lag_17': 0.18095251884363675, 'lag_18': 0.5267817739472164, 'lag_19': 0.9071411026067011, 'lag_20': 0.8638469472603828, 'lag_21': 0.9587686636498608, 'lag_22': 0.1410810889087533, 'lag_23': 0.19854142609721254, 'lag_24': 0.7835282081624727, 'lag_25': 0.8410426288661284, 'lag_26': 0.05933692443892634, 'lag_27': 0.2625080216526988, 'lag_28': 0.4249120615262623}.
[I 2025-10-03 11:32:38,232] Trial 34 finished with values: [0.0016, 0.0006833832784676946, 0.002323985986555234, 0.0013020636866617106, 0.0003421781436156955, 0.0009996016944901604, 0.0014661984382620301, 0.00024084935907397006, 0.0010436233272957732, 0.0007754087433117014, 0.00031979062588987554, 0.0009549037220214047, 0.004123625571356488, 0.019120194629824224, 0.0, 0.0355660168582089, 0.003828750193403048, 0.00045908692841237784, 0.006821097186595434, 0.00017457856603320278, 0.005274609535383441, 0.002661514881361773, 0.0030622755791025248, 0.004651288457807376, 0.004783234246973588, 0.0015383691190390496, 0.0002374052005413753, 0.0009008777439162251, 0.20978464573036182] and parameters: {'lag_0': 0.9660246155945469, 'lag_1': 0.9465698735272041, 'lag_2': 0.19312817197415974, 'lag_3': 0.7500497846490469, 'lag_4': 0.14636047304156852, 'lag_5': 0.8531396936191968, 'lag_6': 0.17848248358361365, 'lag_7': 0.8794579749107063, 'lag_8': 0.7142813608398134, 'lag_9': 0.368353153734443, 'lag_10': 0.30659218150789774, 'lag_11': 0.2153024864022925, 'lag_12': 0.99225209203252, 'lag_13': 0.7306250877509488, 'lag_14': 0.6063888515027092, 'lag_15': 0.6587475328922553, 'lag_16': 0.6021668713829196, 'lag_17': 0.1341733460989158, 'lag_18': 0.485720386767187, 'lag_19': 0.5869312438208968, 'lag_20': 0.6857442911391659, 'lag_21': 0.11861542765961729, 'lag_22': 0.3908835898824273, 'lag_23': 0.5900438644442076, 'lag_24': 0.2637578962770116, 'lag_25': 0.12076902938132936, 'lag_26': 0.567839385724397, 'lag_27': 0.753626640890137, 'lag_28': 0.634310007714165}.
[I 2025-10-03 11:32:40,890] Trial 35 finished with values: [0.0064, 0.000645586306800093, 0.001966849989161981, 0.0015381912360726436, 0.0007194875026269545, 0.0010308594905871864, 0.0011876653659020036, 0.0003527896233281811, 0.0006404657277356487, 0.0013817345372473797, 0.0005686315226244431, 0.0017386189718965803, 0.00420726280341248, 0.020583614545085012, 0.0, 0.0349417478239144, 0.005665933397493221, 0.0009432010829687088, 0.006935709834121585, 5.2506154208244456e-05, 0.005655572886692693, 0.0027733707102225074, 0.0031751418294918565, 0.005485718189809169, 0.004781813801682056, 0.002251344833530279, 0.00014674921813240263, 0.0006735160420602357, 0.22011813210486011] and parameters: {'lag_0': 0.4764521998041623, 'lag_1': 0.6736823224622938, 'lag_2': 0.3944898809409951, 'lag_3': 0.7073522321844548, 'lag_4': 0.625651574680762, 'lag_5': 0.30645713925304396, 'lag_6': 0.42749278119304446, 'lag_7': 0.8021162526849518, 'lag_8': 0.02092840203360838, 'lag_9': 0.36975926948711285, 'lag_10': 0.7128230244603868, 'lag_11': 0.8015185383916538, 'lag_12': 0.5143251590118656, 'lag_13': 0.28767567887568224, 'lag_14': 0.9465328868767151, 'lag_15': 0.2723391685680005, 'lag_16': 0.42283340566000344, 'lag_17': 0.658677425589054, 'lag_18': 0.31604169263536, 'lag_19': 0.9930413404830678, 'lag_20': 0.38732400579688503, 'lag_21': 0.01638331254281454, 'lag_22': 0.00994582401360963, 'lag_23': 0.8112506393004095, 'lag_24': 0.6026744729285858, 'lag_25': 0.8940868708196719, 'lag_26': 0.9773571403549856, 'lag_27': 0.6869657333676789, 'lag_28': 0.7280771980101213}.
[I 2025-10-03 11:32:43,546] Trial 36 finished with values: [0.003395918367346938, 0.0006007187865092923, 0.0009281781717181351, 0.0012100947328611885, 0.00020976033569824115, 0.0011855461036518692, 0.0008262763068714602, 0.0003718302820867129, 0.00084880528167044, 0.0011719100935384673, 0.0005767153448534426, 0.0008589147216110949, 0.003428144413884311, 0.018589236444737884, 0.0, 0.03928807005861233, 0.004786198949561173, 0.0012488742586979878, 0.007693158119769098, 8.857513580397417e-05, 0.005742276133073297, 0.0022043151433832524, 0.0036101081568317302, 0.00562985842062764, 0.004439550608751068, 0.0010348811576952764, 0.00017331626753211397, 0.000706419297548042, 0.2198632544467205] and parameters: {'lag_0': 0.18385298907649125, 'lag_1': 0.7527033443167213, 'lag_2': 0.505095302205619, 'lag_3': 0.47208100994748253, 'lag_4': 0.7102521995329849, 'lag_5': 0.12846326605549224, 'lag_6': 0.37029427095088896, 'lag_7': 0.2459502502457723, 'lag_8': 0.03415499611628678, 'lag_9': 0.5398032502126782, 'lag_10': 0.6479678266477101, 'lag_11': 0.7545255955099763, 'lag_12': 0.8890527992670516, 'lag_13': 0.689904096169294, 'lag_14': 0.5696540041356895, 'lag_15': 0.6671811854856572, 'lag_16': 0.8468610395486066, 'lag_17': 0.15952714168499596, 'lag_18': 0.778292872424827, 'lag_19': 0.35833521541028424, 'lag_20': 0.3194990355461229, 'lag_21': 0.3371795938736317, 'lag_22': 0.526906789793019, 'lag_23': 0.9497078990041291, 'lag_24': 0.4360238013091997, 'lag_25': 0.1596683895164379, 'lag_26': 0.6978030860910989, 'lag_27': 0.047121160429847424, 'lag_28': 0.1377354305185509}.
[I 2025-10-03 11:32:46,193] Trial 37 finished with values: [0.014046460065507683, 0.005374523143634033, 0.0004816782361148811, 0.0005043402060425653, 0.0004362708862172951, 0.0005358258443605903, 0.0016926509500524698, 0.00012907246859793334, 0.0005334558549292274, 0.001418289831716262, 0.00018422161622870604, 0.0019250499341642087, 0.004478004735052776, 0.01926342654934898, 0.0, 0.03637463681912119, 0.004594883881034641, 0.0010411219869062593, 0.006668247677154371, 2.7170057525614473e-05, 0.004765693051830241, 0.0032688074798248277, 0.0043881197638398935, 0.0058324495031903, 0.0049567346095783695, 0.0016916818093378493, 0.000238134005678014, 0.0017890467418875573, 0.2139867146907226] and parameters: {'lag_0': 0.295767521047474, 'lag_1': 0.7382500561115867, 'lag_2': 0.8964869744651476, 'lag_3': 0.5771407236324932, 'lag_4': 0.526715993142364, 'lag_5': 0.00026683123095211164, 'lag_6': 0.45848050945872154, 'lag_7': 0.07629758493393018, 'lag_8': 0.1296089906284222, 'lag_9': 0.009593156527447544, 'lag_10': 0.8838766765642376, 'lag_11': 0.18036807693331827, 'lag_12': 0.9514019042433839, 'lag_13': 0.5198428553230379, 'lag_14': 0.27818049155388347, 'lag_15': 0.5357379593332691, 'lag_16': 0.5850907952911361, 'lag_17': 0.8905546186726314, 'lag_18': 0.4744300780832255, 'lag_19': 0.14990429807119585, 'lag_20': 0.2843536644163561, 'lag_21': 0.25679929608677293, 'lag_22': 0.4104421097394055, 'lag_23': 0.04202422321476544, 'lag_24': 0.9323178562936527, 'lag_25': 0.4445236997278469, 'lag_26': 0.48638307790634705, 'lag_27': 0.6825642050530358, 'lag_28': 0.6584360672045086}.
