[I 2025-09-29 13:24:09,228] Trial 45 finished with value: 0.011806097320433829 and parameters: {'lag_0': 0.9263723130237305, 'lag_1': 0.30954405266866963, 'lag_2': 0.7682115613755345, 'lag_3': 0.22109709025527763, 'lag_4': 0.8895032674446792, 'lag_5': 0.5384669830197257, 'lag_6': 0.30232450491302365, 'lag_7': 0.3436853325495251, 'lag_8': 0.12420473802685444, 'lag_9': 0.417383413310867, 'lag_10': 0.01831757439449916, 'lag_11': 0.8469874452580071, 'lag_12': 0.9771279590945638, 'lag_13': 0.1335961872395633, 'lag_14': 0.7839577035462967, 'lag_15': 0.24986489226751624, 'lag_16': 0.5615877828782913, 'lag_17': 0.05390220046620382, 'lag_18': 0.6178129474889467, 'lag_19': 0.5237460450902143, 'lag_20': 0.18072523632056967, 'lag_21': 0.05006338747709414, 'lag_22': 0.6951406545244185, 'lag_23': 0.24004440212956435, 'lag_24': 0.559266239851291, 'lag_25': 0.554039410905405, 'lag_26': 0.47991561572407515, 'lag_27': 0.6615728118229239, 'lag_28': 0.7178224526028583}. Best is trial 3 with value: 0.010916847763339243.
[I 2025-09-29 13:24:11,745] Trial 46 finished with value: 0.011948564969444311 and parameters: {'lag_0': 0.8506791996085756, 'lag_1': 0.43363847322973637, 'lag_2': 0.5825754197816516, 'lag_3': 0.48451536640835563, 'lag_4': 0.9674529275552546, 'lag_5': 0.911341191437791, 'lag_6': 0.9270889297259758, 'lag_7': 0.9771653334764399, 'lag_8': 0.3021347434948502, 'lag_9': 0.4413779513340138, 'lag_10': 0.8751693018449327, 'lag_11': 0.628475275611698, 'lag_12': 0.2758192978384793, 'lag_13': 0.2319808200113143, 'lag_14': 0.9405690854418435, 'lag_15': 0.5405172316131783, 'lag_16': 0.6242356716109104, 'lag_17': 0.8422381174897038, 'lag_18': 0.26911393312066234, 'lag_19': 0.018469971889848936, 'lag_20': 0.6186940271456693, 'lag_21': 0.30461076851011937, 'lag_22': 0.595107686092585, 'lag_23': 0.49336521002294886, 'lag_24': 0.7892564303776278, 'lag_25': 0.6371414482725458, 'lag_26': 0.5427445291725341, 'lag_27': 0.4988114185809107, 'lag_28': 0.783401107444849}. Best is trial 3 with value: 0.010916847763339243.
[I 2025-09-29 13:24:14,246] Trial 47 finished with value: 0.010740174285171072 and parameters: {'lag_0': 0.5055711349021976, 'lag_1': 0.35486075547578283, 'lag_2': 0.8660660635551386, 'lag_3': 0.5723703824733792, 'lag_4': 0.6850296257601743, 'lag_5': 0.8301850100678755, 'lag_6': 0.7194886747359713, 'lag_7': 0.49735758751252435, 'lag_8': 0.07845555124939388, 'lag_9': 0.3378430809298099, 'lag_10': 0.1559039923506193, 'lag_11': 0.734083838749448, 'lag_12': 0.03827136306082117, 'lag_13': 0.0009396092735370898, 'lag_14': 0.3440691920531287, 'lag_15': 0.13652657618313463, 'lag_16': 0.5005957303617481, 'lag_17': 0.12324589422920057, 'lag_18': 0.3518935055542145, 'lag_19': 0.6872034531235276, 'lag_20': 0.4179109456098603, 'lag_21': 0.12672729959973503, 'lag_22': 0.4474235106475374, 'lag_23': 0.14113675176718837, 'lag_24': 0.6245402961215728, 'lag_25': 0.4385794825378967, 'lag_26': 0.7464030138483402, 'lag_27': 0.2133577129300675, 'lag_28': 0.09124256426010618}. Best is trial 47 with value: 0.010740174285171072.
[I 2025-09-29 13:24:16,744] Trial 48 finished with value: 0.011927956403770725 and parameters: {'lag_0': 0.509093480113989, 'lag_1': 0.5325368072894262, 'lag_2': 0.8834642181499697, 'lag_3': 0.5586409337094321, 'lag_4': 0.6806997704079948, 'lag_5': 0.9521310834502716, 'lag_6': 0.47024452681220846, 'lag_7': 0.5076456583536871, 'lag_8': 0.01441643898089244, 'lag_9': 0.3075378599516849, 'lag_10': 0.09004941674421768, 'lag_11': 0.571765344801588, 'lag_12': 0.046915759164569526, 'lag_13': 0.006592521000207121, 'lag_14': 0.34508000890535684, 'lag_15': 0.06660116066226025, 'lag_16': 0.9920302489798158, 'lag_17': 0.18309520610454844, 'lag_18': 0.3601736002362643, 'lag_19': 0.9993630032235206, 'lag_20': 0.4899898673480294, 'lag_21': 0.2198424182671418, 'lag_22': 0.5174860466574976, 'lag_23': 0.10906830776870721, 'lag_24': 0.23391993413524312, 'lag_25': 0.4604451114739875, 'lag_26': 0.5830678485856571, 'lag_27': 0.13047529359958548, 'lag_28': 0.025137771507134726}. Best is trial 47 with value: 0.010740174285171072.
[I 2025-09-29 13:24:19,249] Trial 49 finished with value: 0.011723779832615914 and parameters: {'lag_0': 0.34003915578418414, 'lag_1': 0.26325810362088964, 'lag_2': 0.8509238718951555, 'lag_3': 0.7187401874018622, 'lag_4': 0.7309397685089244, 'lag_5': 0.8434117624672243, 'lag_6': 0.7202048042509323, 'lag_7': 0.700309464557718, 'lag_8': 0.08723336372098235, 'lag_9': 0.15819320957695573, 'lag_10': 0.22095398129135618, 'lag_11': 0.8089960405826787, 'lag_12': 0.013917080296471693, 'lag_13': 0.037901196820747926, 'lag_14': 0.3112998185295265, 'lag_15': 0.1390117791852318, 'lag_16': 0.34243214192274724, 'lag_17': 0.11810250719868876, 'lag_18': 0.5041050840333992, 'lag_19': 0.7840366390831393, 'lag_20': 0.5885511285045989, 'lag_21': 0.548266571736099, 'lag_22': 0.33206419193325654, 'lag_23': 0.04942986461489257, 'lag_24': 0.39453988418246017, 'lag_25': 0.4382970328162642, 'lag_26': 0.7253302897940859, 'lag_27': 0.2135901430792011, 'lag_28': 0.2175521371553549}. Best is trial 47 with value: 0.010740174285171072.
[I 2025-09-29 13:24:21,757] Trial 50 finished with value: 0.012498910436863075 and parameters: {'lag_0': 0.4371740799232888, 'lag_1': 0.2108921038563458, 'lag_2': 0.9450605402433682, 'lag_3': 0.5895216674941013, 'lag_4': 0.01530213285448756, 'lag_5': 0.6921148803184825, 'lag_6': 0.5319786882284933, 'lag_7': 0.5986045128557803, 'lag_8': 0.6983930934699256, 'lag_9': 0.20623666231668736, 'lag_10': 0.1447897950048808, 'lag_11': 0.7192557201986822, 'lag_12': 0.10179714439978305, 'lag_13': 0.0647630386183532, 'lag_14': 0.18969348302619982, 'lag_15': 0.038722135912553746, 'lag_16': 0.5006615219671924, 'lag_17': 0.2407969271934971, 'lag_18': 0.6808578635663578, 'lag_19': 0.4806250280232947, 'lag_20': 0.7610373246169668, 'lag_21': 0.7348917031220703, 'lag_22': 0.9611725761969449, 'lag_23': 0.7426432865786693, 'lag_24': 0.48519759551385644, 'lag_25': 0.5257911774994392, 'lag_26': 0.6375008868518183, 'lag_27': 0.06941524594692106, 'lag_28': 0.2978154356939453}. Best is trial 47 with value: 0.010740174285171072.
[I 2025-09-29 13:24:24,413] Trial 51 finished with value: 0.011140171863150809 and parameters: {'lag_0': 0.5821772395322045, 'lag_1': 0.3469035436015444, 'lag_2': 0.6589822665037759, 'lag_3': 0.6577317075812875, 'lag_4': 0.5149406056381727, 'lag_5': 0.7849382478282382, 'lag_6': 0.841939954708772, 'lag_7': 0.43012427523628405, 'lag_8': 0.20337929892375528, 'lag_9': 0.34800387291304463, 'lag_10': 0.3135936292480928, 'lag_11': 0.7454487559395998, 'lag_12': 0.15912586035668452, 'lag_13': 0.4330491116784808, 'lag_14': 0.3809706953492339, 'lag_15': 0.16833138860917463, 'lag_16': 0.4466267693898119, 'lag_17': 0.05422745199213754, 'lag_18': 0.1793350573756449, 'lag_19': 0.6838615337173669, 'lag_20': 0.40305930908223886, 'lag_21': 0.13331605733506402, 'lag_22': 0.44792981672982934, 'lag_23': 0.17011512119338207, 'lag_24': 0.6210110625898653, 'lag_25': 0.35546703830353504, 'lag_26': 0.8296531348306135, 'lag_27': 0.21171181138352993, 'lag_28': 0.14892604548564642}. Best is trial 47 with value: 0.010740174285171072.
[I 2025-09-29 13:24:26,929] Trial 52 finished with value: 0.011391954890827597 and parameters: {'lag_0': 0.5771950418664518, 'lag_1': 0.3751985337724275, 'lag_2': 0.7244500633950102, 'lag_3': 0.6511271316827437, 'lag_4': 0.509871057005862, 'lag_5': 0.7430209694505469, 'lag_6': 0.6742308253952937, 'lag_7': 0.43190966079728565, 'lag_8': 0.04148612813335523, 'lag_9': 0.3578074117266335, 'lag_10': 0.3272627665321219, 'lag_11': 0.8838604859412884, 'lag_12': 0.16303632971721566, 'lag_13': 0.4242724876262291, 'lag_14': 0.3995166133689732, 'lag_15': 0.15222524411140945, 'lag_16': 0.15470762275041267, 'lag_17': 0.14266956188919866, 'lag_18': 0.17253169435205495, 'lag_19': 0.6316082113487714, 'lag_20': 0.31651668111559617, 'lag_21': 0.10269024945461072, 'lag_22': 0.5513952556749213, 'lag_23': 0.18346909610653658, 'lag_24': 0.611954878637115, 'lag_25': 0.383085054564856, 'lag_26': 0.8553711636484725, 'lag_27': 0.23623365350102424, 'lag_28': 0.06191366625447031}. Best is trial 47 with value: 0.010740174285171072.
[I 2025-09-29 13:24:29,444] Trial 53 finished with value: 0.011638700812544263 and parameters: {'lag_0': 0.532804527543142, 'lag_1': 0.28307926406329875, 'lag_2': 0.7944063062877222, 'lag_3': 0.6563316181325602, 'lag_4': 0.40989425353457076, 'lag_5': 0.44369751401491886, 'lag_6': 0.7821461712369778, 'lag_7': 0.4866118572870908, 'lag_8': 0.20297205081343117, 'lag_9': 0.46637516499333403, 'lag_10': 0.05056073238260095, 'lag_11': 0.8416909460988506, 'lag_12': 0.03507523590719386, 'lag_13': 0.30600687773720064, 'lag_14': 0.3513666116619836, 'lag_15': 0.1866957780489568, 'lag_16': 0.2132887425080902, 'lag_17': 0.07996263773577231, 'lag_18': 0.23421942075770338, 'lag_19': 0.5511156721079203, 'lag_20': 0.42588400778621616, 'lag_21': 0.12355930716393869, 'lag_22': 0.4630461287297144, 'lag_23': 0.01975079186990905, 'lag_24': 0.5168856702206274, 'lag_25': 0.6276743155899258, 'lag_26': 0.9364168699237037, 'lag_27': 0.32413028525036824, 'lag_28': 0.05735730185279225}. Best is trial 47 with value: 0.010740174285171072.
[I 2025-09-29 13:24:31,957] Trial 54 finished with value: 0.012059045749347146 and parameters: {'lag_0': 0.4891221380009504, 'lag_1': 0.15515981055924938, 'lag_2': 0.6898839756292314, 'lag_3': 0.8061439078903372, 'lag_4': 0.48003492811485504, 'lag_5': 0.014108397786873617, 'lag_6': 0.7064353347734832, 'lag_7': 0.37471314847492576, 'lag_8': 0.11067766018213883, 'lag_9': 0.2694941530702867, 'lag_10': 0.3889645130020135, 'lag_11': 0.784720497373246, 'lag_12': 0.1384603635833637, 'lag_13': 0.6115298537019879, 'lag_14': 0.2730677326618531, 'lag_15': 0.2545853846596567, 'lag_16': 0.4344568436109137, 'lag_17': 0.03391317393671091, 'lag_18': 0.10988690953482416, 'lag_19': 0.6710816217432842, 'lag_20': 0.6415894142393758, 'lag_21': 0.023590273689116315, 'lag_22': 0.3825201769473805, 'lag_23': 0.13108572977654498, 'lag_24': 0.6625348030691582, 'lag_25': 0.2817813865835348, 'lag_26': 0.8259178790148161, 'lag_27': 0.2035520454963886, 'lag_28': 0.13330205844112258}. Best is trial 47 with value: 0.010740174285171072.
[I 2025-09-29 13:24:34,470] Trial 55 finished with value: 0.01235358995862899 and parameters: {'lag_0': 0.5964276526835963, 'lag_1': 0.5639857140584507, 'lag_2': 0.6477646220628548, 'lag_3': 0.9728190615547934, 'lag_4': 0.5900935733442023, 'lag_5': 0.823087533819811, 'lag_6': 0.8536492654316227, 'lag_7': 0.5426216380633326, 'lag_8': 0.23043319992017242, 'lag_9': 0.13498590026387097, 'lag_10': 0.18332324456139046, 'lag_11': 0.6984058534462605, 'lag_12': 0.3324673120427352, 'lag_13': 0.12136378932548172, 'lag_14': 0.4445395816542218, 'lag_15': 0.12100313396654092, 'lag_16': 0.3859310295970554, 'lag_17': 0.1826930269310974, 'lag_18': 0.47788449779298936, 'lag_19': 0.7000595033236177, 'lag_20': 0.34590125864499843, 'lag_21': 0.07711215077762307, 'lag_22': 0.6467007350706085, 'lag_23': 0.23155247127800177, 'lag_24': 0.6298319134633369, 'lag_25': 0.678550532663686, 'lag_26': 0.7436611400500726, 'lag_27': 0.17498007985580194, 'lag_28': 0.12300827843699966}. Best is trial 47 with value: 0.010740174285171072.
[I 2025-09-29 13:24:36,977] Trial 56 finished with value: 0.011940973519115055 and parameters: {'lag_0': 0.6497350729374469, 'lag_1': 0.4690066348280106, 'lag_2': 0.5455069262381718, 'lag_3': 0.5148392390144976, 'lag_4': 0.543761483178876, 'lag_5': 0.5864641921831991, 'lag_6': 0.9692263772382166, 'lag_7': 0.41939699566015165, 'lag_8': 0.3753133259527615, 'lag_9': 0.06899882378661232, 'lag_10': 0.14062119874703738, 'lag_11': 0.9572219196386906, 'lag_12': 0.7015104953578132, 'lag_13': 0.9691014480139053, 'lag_14': 0.531021513162339, 'lag_15': 0.05754636264508026, 'lag_16': 0.4828548356646536, 'lag_17': 0.325470644530636, 'lag_18': 0.04729127149189326, 'lag_19': 0.874590273141435, 'lag_20': 0.5538476018185313, 'lag_21': 0.249253752247107, 'lag_22': 0.2899362827489521, 'lag_23': 0.5339409752970831, 'lag_24': 0.5871719687588446, 'lag_25': 0.36033151214489384, 'lag_26': 0.9976240495154112, 'lag_27': 0.27403299444075885, 'lag_28': 0.10567783160917338}. Best is trial 47 with value: 0.010740174285171072.
[I 2025-09-29 13:24:39,486] Trial 57 finished with value: 0.012273744670951332 and parameters: {'lag_0': 0.4067218439290171, 'lag_1': 0.35755281556441365, 'lag_2': 0.7695919606965766, 'lag_3': 0.5777594308055516, 'lag_4': 0.639952536500331, 'lag_5': 0.8913346988942804, 'lag_6': 0.7592331689859331, 'lag_7': 0.48404532431198416, 'lag_8': 0.06666960597822608, 'lag_9': 0.033336077821682825, 'lag_10': 0.3166915169055089, 'lag_11': 0.4296853418820328, 'lag_12': 0.082239175005492, 'lag_13': 0.8535726758268732, 'lag_14': 0.26564335516063586, 'lag_15': 0.9567218094575406, 'lag_16': 0.06603824297431857, 'lag_17': 0.39512101221459217, 'lag_18': 0.5577702925201299, 'lag_19': 0.8231196622265065, 'lag_20': 0.41073299057776685, 'lag_21': 0.006272381412892186, 'lag_22': 0.6010382911762988, 'lag_23': 0.15312407984343876, 'lag_24': 0.5352131575692121, 'lag_25': 0.4404876740669669, 'lag_26': 0.8966825401132497, 'lag_27': 0.018568243854288263, 'lag_28': 0.19520801444569777}. Best is trial 47 with value: 0.010740174285171072.
[I 2025-09-29 13:24:41,988] Trial 58 finished with value: 0.011615224197710338 and parameters: {'lag_0': 0.7850179558175876, 'lag_1': 0.42301548084765744, 'lag_2': 0.25281765114152344, 'lag_3': 0.9265470250727962, 'lag_4': 0.3566342055797997, 'lag_5': 0.6853672159952616, 'lag_6': 0.9092851667826153, 'lag_7': 0.6304278745243401, 'lag_8': 0.16872211553523303, 'lag_9': 0.30600500959159727, 'lag_10': 0.26783673729000795, 'lag_11': 0.7380671340447923, 'lag_12': 0.3910299354424418, 'lag_13': 0.7127679426934481, 'lag_14': 0.3810913481994713, 'lag_15': 0.4964060910984495, 'lag_16': 0.528587201314511, 'lag_17': 0.11068673915013139, 'lag_18': 0.4160349542568527, 'lag_19': 0.49539742395937814, 'lag_20': 0.5146832634438816, 'lag_21': 0.17830480683025937, 'lag_22': 0.23117710712424006, 'lag_23': 0.07341337826542149, 'lag_24': 0.8236700185056797, 'lag_25': 0.22028467317174832, 'lag_26': 0.376334895209377, 'lag_27': 0.1091084193009268, 'lag_28': 0.0009390972552210802}. Best is trial 47 with value: 0.010740174285171072.
[I 2025-09-29 13:24:44,494] Trial 59 finished with value: 0.011722039080955562 and parameters: {'lag_0': 0.16116284488934324, 'lag_1': 0.6678729021114136, 'lag_2': 0.4745488563199368, 'lag_3': 0.703417402672997, 'lag_4': 0.7468022907297205, 'lag_5': 0.9842881329302591, 'lag_6': 0.6166661401408026, 'lag_7': 0.7228821513612185, 'lag_8': 0.5748697832632471, 'lag_9': 0.5611523073218856, 'lag_10': 0.4227765038814149, 'lag_11': 0.6646162102773837, 'lag_12': 0.4446494023275859, 'lag_13': 0.20245958208723608, 'lag_14': 0.46002225607086755, 'lag_15': 0.17718373966517104, 'lag_16': 0.34392528118873256, 'lag_17': 0.025977397390395146, 'lag_18': 0.17265496832959532, 'lag_19': 0.6796217744337857, 'lag_20': 0.458755985122936, 'lag_21': 0.19829167646048607, 'lag_22': 0.4280918514499871, 'lag_23': 0.6540104226430977, 'lag_24': 0.7268585015962183, 'lag_25': 0.3076293577038191, 'lag_26': 0.0976802137109713, 'lag_27': 0.4438533461411479, 'lag_28': 0.40496407699365095}. Best is trial 47 with value: 0.010740174285171072.
[I 2025-09-29 13:24:47,003] Trial 60 finished with value: 0.011704969368547997 and parameters: {'lag_0': 0.37455010114763143, 'lag_1': 0.19694278004890287, 'lag_2': 0.3519811257820221, 'lag_3': 0.6272665606820584, 'lag_4': 0.9423959496995266, 'lag_5': 0.6200859829278965, 'lag_6': 0.8155255947188083, 'lag_7': 0.8632340694159079, 'lag_8': 0.6382021661183066, 'lag_9': 0.775606273736283, 'lag_10': 0.05267094681489425, 'lag_11': 0.6271513342613212, 'lag_12': 0.8589370639997421, 'lag_13': 0.487132993837536, 'lag_14': 0.5778825289129185, 'lag_15': 0.02959746727666296, 'lag_16': 0.24703521191805694, 'lag_17': 0.1286679587884521, 'lag_18': 0.0860042003624267, 'lag_19': 0.6104843157049764, 'lag_20': 0.9243460960393135, 'lag_21': 0.13596702329173485, 'lag_22': 0.5199572201088188, 'lag_23': 0.3725382783102425, 'lag_24': 0.34979882918793886, 'lag_25': 0.5264999296623902, 'lag_26': 0.8036125305133268, 'lag_27': 0.3295761587104422, 'lag_28': 0.2584075675907365}. Best is trial 47 with value: 0.010740174285171072.
[I 2025-09-29 13:24:49,513] Trial 61 finished with value: 0.012061138825548304 and parameters: {'lag_0': 0.7270739791710072, 'lag_1': 0.3487676104647378, 'lag_2': 0.6327316721765078, 'lag_3': 0.12394512395835494, 'lag_4': 0.8277160872851993, 'lag_5': 0.7925783839767382, 'lag_6': 0.8399840549147661, 'lag_7': 0.14886698317445876, 'lag_8': 0.32202027602336375, 'lag_9': 0.39435741513303596, 'lag_10': 0.7076181502187662, 'lag_11': 0.760323644189669, 'lag_12': 0.21925920624642348, 'lag_13': 0.4442817868287111, 'lag_14': 0.755445476677417, 'lag_15': 0.348061271424152, 'lag_16': 0.6604940782912292, 'lag_17': 0.0760264264738081, 'lag_18': 0.2827156625971593, 'lag_19': 0.75262188040173, 'lag_20': 0.3966586825951614, 'lag_21': 0.15706762785922193, 'lag_22': 0.4622901713987551, 'lag_23': 0.2907120579880934, 'lag_24': 0.6891393652019938, 'lag_25': 0.33016729090093105, 'lag_26': 0.8723192689544549, 'lag_27': 0.7609460769254363, 'lag_28': 0.6505636606848758}. Best is trial 47 with value: 0.010740174285171072.
[I 2025-09-29 13:24:52,029] Trial 62 finished with value: 0.011743298821846552 and parameters: {'lag_0': 0.6794666096290366, 'lag_1': 0.31718926840851097, 'lag_2': 0.6104160672705977, 'lag_3': 0.4229894519808318, 'lag_4': 0.8917724459306199, 'lag_5': 0.7594656136655931, 'lag_6': 0.8771559847245773, 'lag_7': 0.22172765947775852, 'lag_8': 0.13743626619730323, 'lag_9': 0.36056047629046484, 'lag_10': 0.10308758507754563, 'lag_11': 0.8752288221633358, 'lag_12': 0.17737286129461963, 'lag_13': 0.37081365429427243, 'lag_14': 0.6564752669484321, 'lag_15': 0.08538529294863895, 'lag_16': 0.5800456569316739, 'lag_17': 0.03189913355088467, 'lag_18': 0.2095133634224254, 'lag_19': 0.38367729629213715, 'lag_20': 0.3469207529223922, 'lag_21': 0.07973701311568634, 'lag_22': 0.557938488981293, 'lag_23': 0.4366758839921415, 'lag_24': 0.5828434423280592, 'lag_25': 0.3905941654829732, 'lag_26': 0.7585642344253223, 'lag_27': 0.8447379946204023, 'lag_28': 0.48999026692244046}. Best is trial 47 with value: 0.010740174285171072.
[I 2025-09-29 13:24:54,540] Trial 63 finished with value: 0.011471543245684336 and parameters: {'lag_0': 0.6328913689853272, 'lag_1': 0.23703430212142096, 'lag_2': 0.43656057428915584, 'lag_3': 0.2513598795691291, 'lag_4': 0.44817503968815653, 'lag_5': 0.8111094727033256, 'lag_6': 0.3707681562009465, 'lag_7': 0.0010347267422007034, 'lag_8': 0.45474994704993044, 'lag_9': 0.3363770392998571, 'lag_10': 0.5799408674798899, 'lag_11': 0.8043768376352861, 'lag_12': 0.27148471799901625, 'lag_13': 0.4136167282075718, 'lag_14': 0.4203652505928785, 'lag_15': 0.45081400978120345, 'lag_16': 0.7641458371027073, 'lag_17': 0.0920668457725427, 'lag_18': 0.1348805137583222, 'lag_19': 0.9384615621940253, 'lag_20': 0.8216711633698749, 'lag_21': 0.2788029377520723, 'lag_22': 0.4761471924179755, 'lag_23': 0.472523753514476, 'lag_24': 0.9386451981233657, 'lag_25': 0.2571815430967109, 'lag_26': 0.704703188554469, 'lag_27': 0.8918087944846456, 'lag_28': 0.5592954879601261}. Best is trial 47 with value: 0.010740174285171072.
[I 2025-09-29 13:24:57,057] Trial 64 finished with value: 0.012227369344330585 and parameters: {'lag_0': 0.7411102531893468, 'lag_1': 0.285412400820801, 'lag_2': 0.5696205649190801, 'lag_3': 0.1987705723092457, 'lag_4': 0.7722951849654354, 'lag_5': 0.8633230775566633, 'lag_6': 0.7581797119655791, 'lag_7': 0.17467756023375575, 'lag_8': 0.20084541698913438, 'lag_9': 0.22385627841859143, 'lag_10': 0.8239262481489548, 'lag_11': 0.7311176950343886, 'lag_12': 0.1123434615751815, 'lag_13': 0.3271119162538297, 'lag_14': 0.816166714292444, 'lag_15': 0.2507950262137459, 'lag_16': 0.6366937713442455, 'lag_17': 0.006293680855939843, 'lag_18': 0.34411564120860244, 'lag_19': 0.303164848868192, 'lag_20': 0.471115165226261, 'lag_21': 0.22049346705693793, 'lag_22': 0.42718862618148146, 'lag_23': 0.24105690885935305, 'lag_24': 0.6316727114980472, 'lag_25': 0.41636895744538743, 'lag_26': 0.6339472827356941, 'lag_27': 0.9752605319665214, 'lag_28': 0.6763145385704707}. Best is trial 47 with value: 0.010740174285171072.
[I 2025-09-29 13:24:59,574] Trial 65 finished with value: 0.011801358707923159 and parameters: {'lag_0': 0.823437676667574, 'lag_1': 0.31998115426386176, 'lag_2': 0.6638395841822822, 'lag_3': 0.32380888130330243, 'lag_4': 0.9983030182415943, 'lag_5': 0.3283915470427513, 'lag_6': 0.9474870725741708, 'lag_7': 0.09579165515358885, 'lag_8': 0.5133480943704629, 'lag_9': 0.43268718548533847, 'lag_10': 0.19940300153469637, 'lag_11': 0.6924060975130258, 'lag_12': 0.4614680602232898, 'lag_13': 0.275350959684534, 'lag_14': 0.509039964229185, 'lag_15': 0.32337228437457594, 'lag_16': 0.5141028859019232, 'lag_17': 0.14992414421538425, 'lag_18': 0.29507215500858486, 'lag_19': 0.7521061839357555, 'lag_20': 0.28271442816803, 'lag_21': 0.12916160001678378, 'lag_22': 0.18163099308606, 'lag_23': 0.2152004943048086, 'lag_24': 0.6603096284650817, 'lag_25': 0.15373957534097232, 'lag_26': 0.9658493419159226, 'lag_27': 0.909766939698535, 'lag_28': 0.5208737160764659}. Best is trial 47 with value: 0.010740174285171072.
