[I 2025-09-29 11:52:47,535] Trial 19 finished with value: 0.007153908730024129 and parameters: {'lag_0': 0.7406598535765558, 'lag_1': 0.7043793289482689, 'lag_2': 0.49180209472094377, 'lag_3': 0.18639755958811544, 'lag_4': 0.3749131228812885, 'lag_5': 0.8424520585834843, 'lag_6': 0.11058235873077432, 'lag_7': 0.45245839207471084, 'lag_8': 0.13820377771600528, 'lag_9': 0.8685243797732178, 'lag_10': 0.8606517949355678, 'lag_11': 0.7439360172177347, 'lag_12': 0.4022333880399933, 'lag_13': 0.45594081569435085, 'lag_14': 0.42609904574784163, 'lag_15': 0.11492574212893769, 'lag_16': 0.5431095214389187, 'lag_17': 0.2662367197579325, 'lag_18': 0.8176011531748999, 'lag_19': 0.6446891486820405, 'lag_20': 0.13851131874900902, 'lag_21': 0.7782916679477305, 'lag_22': 0.6072161597663458, 'lag_23': 0.8853696098734427, 'lag_24': 0.3220885787438096, 'lag_25': 0.478399743258847, 'lag_26': 0.4445346216851893, 'lag_27': 0.07370592477378596, 'lag_28': 0.19485195087798968}. Best is trial 14 with value: 0.007029674103239446.
[I 2025-09-29 11:52:49,836] Trial 20 finished with value: 0.007216039524946526 and parameters: {'lag_0': 0.4646646705512, 'lag_1': 0.8099684108681245, 'lag_2': 0.3628053584900599, 'lag_3': 0.3973710943596583, 'lag_4': 0.15377990519188256, 'lag_5': 0.6445089134242145, 'lag_6': 0.6485040129134776, 'lag_7': 0.23123462112797666, 'lag_8': 0.81697277268556, 'lag_9': 0.8988246870700567, 'lag_10': 0.5265079842561542, 'lag_11': 0.41170893646972695, 'lag_12': 0.5354234067748936, 'lag_13': 0.31993800962059543, 'lag_14': 0.6093973365041687, 'lag_15': 0.8064977969749408, 'lag_16': 0.7974618479642787, 'lag_17': 0.8867550546152743, 'lag_18': 0.3839945383221132, 'lag_19': 0.32238003150784394, 'lag_20': 0.3116120025038593, 'lag_21': 0.17642556188360126, 'lag_22': 0.4320905350577403, 'lag_23': 0.6006425250211318, 'lag_24': 0.7496698567792451, 'lag_25': 0.6454552823352624, 'lag_26': 0.30310216405326834, 'lag_27': 0.23642732718982762, 'lag_28': 0.7273223953009615}. Best is trial 14 with value: 0.007029674103239446.
[I 2025-09-29 11:52:52,143] Trial 21 finished with value: 0.007104121204730587 and parameters: {'lag_0': 0.35511500069838564, 'lag_1': 0.6135303104113917, 'lag_2': 0.3627250837433248, 'lag_3': 0.17285426622106223, 'lag_4': 0.2882652246973178, 'lag_5': 0.0176714584055621, 'lag_6': 0.1032524899560826, 'lag_7': 0.5155501519258305, 'lag_8': 0.36864009148634613, 'lag_9': 0.712024773285046, 'lag_10': 0.6872749069727866, 'lag_11': 0.4050960568766637, 'lag_12': 0.008875976156716047, 'lag_13': 0.46011378934015523, 'lag_14': 0.394858687937668, 'lag_15': 0.22655378686893807, 'lag_16': 0.6585956101143065, 'lag_17': 0.6451364483410522, 'lag_18': 0.6872323629215347, 'lag_19': 0.14375822269905833, 'lag_20': 0.48113593891923245, 'lag_21': 0.5858504815458229, 'lag_22': 0.32979272649477237, 'lag_23': 0.6933054716950606, 'lag_24': 0.4447499064629921, 'lag_25': 0.5848894545165763, 'lag_26': 0.3773437098038324, 'lag_27': 0.1966486150660652, 'lag_28': 0.3426354782603405}. Best is trial 14 with value: 0.007029674103239446.
[I 2025-09-29 11:52:54,444] Trial 22 finished with value: 0.007527011671606468 and parameters: {'lag_0': 0.3744330254991766, 'lag_1': 0.9952449363819158, 'lag_2': 0.10453402097349779, 'lag_3': 0.13951746706824406, 'lag_4': 0.24414023130639584, 'lag_5': 0.21745080490047286, 'lag_6': 0.19131030332768176, 'lag_7': 0.5814027246494797, 'lag_8': 0.2702414791047256, 'lag_9': 0.8292568098711299, 'lag_10': 0.7727664608545297, 'lag_11': 0.2942457085863749, 'lag_12': 0.12720620406392774, 'lag_13': 0.4059427200967298, 'lag_14': 0.16999516642035234, 'lag_15': 0.22882513555453518, 'lag_16': 0.6688865154509632, 'lag_17': 0.6949332131374176, 'lag_18': 0.6855778158896721, 'lag_19': 0.1737371435633573, 'lag_20': 0.425340789063105, 'lag_21': 0.7467652440111243, 'lag_22': 0.4087490385866379, 'lag_23': 0.7333121179778046, 'lag_24': 0.5003044183238453, 'lag_25': 0.5396185305707851, 'lag_26': 0.31552840639104734, 'lag_27': 0.3995645193247964, 'lag_28': 0.4568992411450742}. Best is trial 14 with value: 0.007029674103239446.
[I 2025-09-29 11:52:56,743] Trial 23 finished with value: 0.007380996111328438 and parameters: {'lag_0': 0.18815915900513652, 'lag_1': 0.7061700327753373, 'lag_2': 0.2829877065036084, 'lag_3': 0.2669646748405211, 'lag_4': 0.3560408359969982, 'lag_5': 0.1457008022402837, 'lag_6': 0.2991203372766902, 'lag_7': 0.4910795928827774, 'lag_8': 0.48673612749680895, 'lag_9': 0.6436827922031244, 'lag_10': 0.8879271763028068, 'lag_11': 0.46943334670243436, 'lag_12': 0.06310452568636221, 'lag_13': 0.6669166542364962, 'lag_14': 0.38526027256372586, 'lag_15': 0.3517911229930119, 'lag_16': 0.7306366454015977, 'lag_17': 0.5848128178299508, 'lag_18': 0.5408589676918725, 'lag_19': 0.10205832028705802, 'lag_20': 0.29310557713174573, 'lag_21': 0.44296534052228814, 'lag_22': 0.19213721108047366, 'lag_23': 0.8401197384345462, 'lag_24': 0.3155887338161092, 'lag_25': 0.3496559067389454, 'lag_26': 0.4630446660286094, 'lag_27': 0.15695345666738061, 'lag_28': 0.3145015209164866}. Best is trial 14 with value: 0.007029674103239446.
[I 2025-09-29 11:52:59,048] Trial 24 finished with value: 0.007289484722953638 and parameters: {'lag_0': 0.2777371128756698, 'lag_1': 0.9084123292347459, 'lag_2': 0.17453016160475499, 'lag_3': 0.10933776298157172, 'lag_4': 0.47732310805004363, 'lag_5': 0.10008487959980569, 'lag_6': 0.07078934826617259, 'lag_7': 0.4359603817090189, 'lag_8': 0.09754078169374192, 'lag_9': 0.9407966554694652, 'lag_10': 0.5910806459898013, 'lag_11': 0.25708570285069987, 'lag_12': 0.1858116660369798, 'lag_13': 0.12906137906527732, 'lag_14': 0.25097077310469823, 'lag_15': 0.004150487437463268, 'lag_16': 0.5904723831676923, 'lag_17': 0.7701912905673441, 'lag_18': 0.6777492467953515, 'lag_19': 0.2555335182036806, 'lag_20': 0.10136739454161889, 'lag_21': 0.6796456426721154, 'lag_22': 0.39571835954463985, 'lag_23': 0.6079248507976976, 'lag_24': 0.5995275403534148, 'lag_25': 0.638058955217634, 'lag_26': 0.10456729210771293, 'lag_27': 0.2847455222363457, 'lag_28': 0.5549020861283698}. Best is trial 14 with value: 0.007029674103239446.
[I 2025-09-29 11:53:01,345] Trial 25 finished with value: 0.007486154104526817 and parameters: {'lag_0': 0.5226112038363124, 'lag_1': 0.5277528264789187, 'lag_2': 0.5963512352641421, 'lag_3': 0.0027577362250458815, 'lag_4': 0.18278311944071046, 'lag_5': 0.2614181045150934, 'lag_6': 0.44381132880823293, 'lag_7': 0.6403905707205276, 'lag_8': 0.5786062555237989, 'lag_9': 0.4987308046094038, 'lag_10': 0.404102423783159, 'lag_11': 0.5771525031397515, 'lag_12': 0.32115950112575453, 'lag_13': 0.3782642419382062, 'lag_14': 0.6405522156132567, 'lag_15': 0.19213723745689892, 'lag_16': 0.9926997569148724, 'lag_17': 0.9051944759513532, 'lag_18': 0.8981237812358737, 'lag_19': 0.389931417685102, 'lag_20': 0.5050882599689449, 'lag_21': 0.5540413031608249, 'lag_22': 0.5834237597289686, 'lag_23': 0.4528215421321123, 'lag_24': 0.4450676931639849, 'lag_25': 0.7324434547354663, 'lag_26': 0.23204955384193954, 'lag_27': 0.5472000838333657, 'lag_28': 0.11552798692875654}. Best is trial 14 with value: 0.007029674103239446.
[I 2025-09-29 11:53:03,652] Trial 26 finished with value: 0.0071891531244729495 and parameters: {'lag_0': 0.4077126299222771, 'lag_1': 0.625377646587666, 'lag_2': 0.4127576586385195, 'lag_3': 0.3895511648957316, 'lag_4': 0.6101660544379375, 'lag_5': 0.428016365778262, 'lag_6': 0.1664347805411436, 'lag_7': 0.29952647066240556, 'lag_8': 0.2067503177836454, 'lag_9': 0.8029573572648973, 'lag_10': 0.2507312726226816, 'lag_11': 0.11701414996579207, 'lag_12': 0.1734852103173774, 'lag_13': 0.5082207698350437, 'lag_14': 0.4531674722760862, 'lag_15': 0.11499356730743748, 'lag_16': 0.45847065837565604, 'lag_17': 0.7273643833740325, 'lag_18': 0.1462364538096679, 'lag_19': 0.12007899145084833, 'lag_20': 0.25712024047097803, 'lag_21': 0.8698391607357934, 'lag_22': 0.46307966094366093, 'lag_23': 0.8907859276318386, 'lag_24': 0.2811675118432506, 'lag_25': 0.40186540781389346, 'lag_26': 0.48911729609600574, 'lag_27': 0.08877809944538025, 'lag_28': 0.23265904327758336}. Best is trial 14 with value: 0.007029674103239446.
[I 2025-09-29 11:53:05,953] Trial 27 finished with value: 0.007184982669477351 and parameters: {'lag_0': 0.10955553379011901, 'lag_1': 0.7708337579781032, 'lag_2': 0.026593980580248575, 'lag_3': 0.22717693318760063, 'lag_4': 0.27755906209604386, 'lag_5': 0.9917378441738064, 'lag_6': 0.2489068239033799, 'lag_7': 0.695002617087185, 'lag_8': 0.37488526078380546, 'lag_9': 0.6923968195921699, 'lag_10': 0.06922862446207571, 'lag_11': 0.351450489988437, 'lag_12': 0.048872455316526675, 'lag_13': 0.22800611140553956, 'lag_14': 0.5362548128327974, 'lag_15': 0.26635329928542095, 'lag_16': 0.3505496984349063, 'lag_17': 0.441332764881452, 'lag_18': 0.34730841507592136, 'lag_19': 0.49533397578199734, 'lag_20': 0.1505776630065423, 'lag_21': 0.4359389627955751, 'lag_22': 0.31966391414654804, 'lag_23': 0.9979617062892372, 'lag_24': 0.05063472505002542, 'lag_25': 0.2434570794690205, 'lag_26': 0.7066943028807351, 'lag_27': 0.42978779021749114, 'lag_28': 0.3978677835960412}. Best is trial 14 with value: 0.007029674103239446.
[I 2025-09-29 11:53:08,257] Trial 28 finished with value: 0.007000361018162167 and parameters: {'lag_0': 0.315192863213267, 'lag_1': 0.41499529143248653, 'lag_2': 0.24277247998013007, 'lag_3': 0.11815992264684651, 'lag_4': 0.400972894502702, 'lag_5': 0.009886115900577142, 'lag_6': 0.06369344063549352, 'lag_7': 0.5377398793608664, 'lag_8': 0.6329032104445108, 'lag_9': 0.5550257061168259, 'lag_10': 0.9100028179501103, 'lag_11': 0.4522145786834851, 'lag_12': 0.09167445091351083, 'lag_13': 0.875648994022881, 'lag_14': 0.7772649142274263, 'lag_15': 0.06667514706261427, 'lag_16': 0.495685415519714, 'lag_17': 0.572635878256994, 'lag_18': 0.6325780098897801, 'lag_19': 0.2757131544700844, 'lag_20': 0.3602145033826551, 'lag_21': 0.6968851944541836, 'lag_22': 0.1350079708388195, 'lag_23': 0.6585976130748399, 'lag_24': 0.6263961440649334, 'lag_25': 0.5061093267923069, 'lag_26': 0.1615829694984522, 'lag_27': 0.1964666195743322, 'lag_28': 0.10877853671431598}. Best is trial 28 with value: 0.007000361018162167.
[I 2025-09-29 11:53:10,564] Trial 29 finished with value: 0.007231638391352454 and parameters: {'lag_0': 0.6430547716414736, 'lag_1': 0.25906099230126, 'lag_2': 0.22011210820744215, 'lag_3': 0.6044561318224306, 'lag_4': 0.4164206971816815, 'lag_5': 0.038886314667268884, 'lag_6': 0.04647426428276291, 'lag_7': 0.38824700454015976, 'lag_8': 0.672444909145753, 'lag_9': 0.49460601337982363, 'lag_10': 0.7957693539536476, 'lag_11': 0.11263857260624385, 'lag_12': 0.3546642688473895, 'lag_13': 0.9536166686234542, 'lag_14': 0.7861968298305454, 'lag_15': 0.06105149677152516, 'lag_16': 0.5289656561655082, 'lag_17': 0.5725266840062693, 'lag_18': 0.4826246804038842, 'lag_19': 0.5631055238138619, 'lag_20': 0.5338432141927221, 'lag_21': 0.8148042873328043, 'lag_22': 0.1519406769525524, 'lag_23': 0.8175154927345125, 'lag_24': 0.6606135927079649, 'lag_25': 0.459806378421022, 'lag_26': 0.16436197061877794, 'lag_27': 0.017727262170168956, 'lag_28': 0.09446963957399801}. Best is trial 28 with value: 0.007000361018162167.
[I 2025-09-29 11:53:12,870] Trial 30 finished with value: 0.007141861839347281 and parameters: {'lag_0': 0.2961860956702933, 'lag_1': 0.0010917943530122654, 'lag_2': 0.11262704593870707, 'lag_3': 0.8945648106276456, 'lag_4': 0.5328829437194833, 'lag_5': 0.8106737065676506, 'lag_6': 0.0016346412621987272, 'lag_7': 0.5645010803615094, 'lag_8': 0.6339924620125785, 'lag_9': 0.3531679822097559, 'lag_10': 0.930208136279613, 'lag_11': 0.2333815910472103, 'lag_12': 0.4622833912358616, 'lag_13': 0.8690519643597829, 'lag_14': 0.7926163302426041, 'lag_15': 0.3825957086059888, 'lag_16': 0.4837206031815793, 'lag_17': 0.37246618793517333, 'lag_18': 0.7660348130486696, 'lag_19': 0.27440472021178186, 'lag_20': 0.06061386967740311, 'lag_21': 0.9752391575364979, 'lag_22': 0.07034923786885672, 'lag_23': 0.6214937981104712, 'lag_24': 0.7594716189282723, 'lag_25': 0.5101918244335559, 'lag_26': 0.059536466915751, 'lag_27': 0.31345012452520277, 'lag_28': 0.1970672746307402}. Best is trial 28 with value: 0.007000361018162167.
[I 2025-09-29 11:53:15,173] Trial 31 finished with value: 0.0073635531999563355 and parameters: {'lag_0': 0.4711110877852679, 'lag_1': 0.39536514994206584, 'lag_2': 0.3177123560641293, 'lag_3': 0.15587611481576838, 'lag_4': 0.2218956237601808, 'lag_5': 0.09637913587356214, 'lag_6': 0.15040377904986774, 'lag_7': 0.4713269775528757, 'lag_8': 0.08765928302065651, 'lag_9': 0.5852409151007665, 'lag_10': 0.8261449509655692, 'lag_11': 0.45629978263523374, 'lag_12': 0.0811243517254549, 'lag_13': 0.511701644574158, 'lag_14': 0.8584650723020282, 'lag_15': 0.16132233402368076, 'lag_16': 0.6129913305100768, 'lag_17': 0.6190477727164111, 'lag_18': 0.625096692919416, 'lag_19': 0.3600356311729514, 'lag_20': 0.40259909371755964, 'lag_21': 0.6909558010057283, 'lag_22': 0.26676920123790593, 'lag_23': 0.7168360489495353, 'lag_24': 0.44168207403182624, 'lag_25': 0.6364542247404501, 'lag_26': 0.15680785928623625, 'lag_27': 0.20196511138694567, 'lag_28': 0.013037477790952434}. Best is trial 28 with value: 0.007000361018162167.
[I 2025-09-29 11:53:17,486] Trial 32 finished with value: 0.007118198487826288 and parameters: {'lag_0': 0.19653971426418, 'lag_1': 0.2787987315561687, 'lag_2': 0.5428063533929642, 'lag_3': 0.07398443874069807, 'lag_4': 0.35557640443046457, 'lag_5': 0.1704290608841955, 'lag_6': 0.10382939832909506, 'lag_7': 0.528032546252459, 'lag_8': 0.5085720025365291, 'lag_9': 0.9325165096940471, 'lag_10': 0.8940496826749234, 'lag_11': 0.6041716769095892, 'lag_12': 0.1810707339314015, 'lag_13': 0.6602941539595718, 'lag_14': 0.3607950730141825, 'lag_15': 0.08810232527427503, 'lag_16': 0.728686745290838, 'lag_17': 0.6845611641322562, 'lag_18': 0.7471435465996498, 'lag_19': 0.21740464275039537, 'lag_20': 0.3422549326914565, 'lag_21': 0.6092503058606181, 'lag_22': 0.7409348968461149, 'lag_23': 0.8971234934211713, 'lag_24': 0.6383766117318842, 'lag_25': 0.3892293449550577, 'lag_26': 0.2481867729575107, 'lag_27': 0.13810104099328302, 'lag_28': 0.08222478258201844}. Best is trial 28 with value: 0.007000361018162167.
[I 2025-09-29 11:53:19,789] Trial 33 finished with value: 0.007098443756589923 and parameters: {'lag_0': 0.3112752243989252, 'lag_1': 0.9355478823297559, 'lag_2': 0.1962233265383866, 'lag_3': 0.2857199054039746, 'lag_4': 0.10133254029595082, 'lag_5': 0.009914437445509777, 'lag_6': 0.19411630002544517, 'lag_7': 0.4235799973963704, 'lag_8': 0.4445153091732612, 'lag_9': 0.7017871680555383, 'lag_10': 0.7309039154314446, 'lag_11': 0.3569339893549978, 'lag_12': 0.014283916624165678, 'lag_13': 0.6709191812804567, 'lag_14': 0.6465163194608909, 'lag_15': 0.05833948456287368, 'lag_16': 0.8347441407595083, 'lag_17': 0.8085921408015608, 'lag_18': 0.5996537485789101, 'lag_19': 0.14913822915616542, 'lag_20': 0.1754602982337014, 'lag_21': 0.6936426304994017, 'lag_22': 0.1753712959900089, 'lag_23': 0.6536032588369445, 'lag_24': 0.4924550982451983, 'lag_25': 0.5010205000011538, 'lag_26': 0.393584167184885, 'lag_27': 0.22356836148930165, 'lag_28': 0.27609748572286763}. Best is trial 28 with value: 0.007000361018162167.
[I 2025-09-29 11:53:22,103] Trial 34 finished with value: 0.007108905106385031 and parameters: {'lag_0': 0.606043054969266, 'lag_1': 0.466715684082479, 'lag_2': 0.06500070023800358, 'lag_3': 0.039120453867640584, 'lag_4': 0.32712658631327063, 'lag_5': 0.2809177955329364, 'lag_6': 0.29093665617639647, 'lag_7': 0.7886163278046052, 'lag_8': 0.7454665894879332, 'lag_9': 0.8234914935863512, 'lag_10': 0.9947688971497844, 'lag_11': 0.3217569338085746, 'lag_12': 0.07674202164903864, 'lag_13': 0.3070598347669077, 'lag_14': 0.8496355771550946, 'lag_15': 0.006868757250911545, 'lag_16': 0.6393256766407526, 'lag_17': 0.5118947674152999, 'lag_18': 0.3265251149529727, 'lag_19': 0.28778733492556224, 'lag_20': 0.5608178693873818, 'lag_21': 0.33578337513476253, 'lag_22': 0.37514924512343006, 'lag_23': 0.773699393984428, 'lag_24': 0.6888370967873193, 'lag_25': 0.7901223039735363, 'lag_26': 0.20698307303311553, 'lag_27': 0.2491623589213218, 'lag_28': 0.3319585766870083}. Best is trial 28 with value: 0.007000361018162167.
[I 2025-09-29 11:53:24,414] Trial 35 finished with value: 0.00757287686430317 and parameters: {'lag_0': 0.508082419621059, 'lag_1': 0.5385504778091337, 'lag_2': 0.24849203322829969, 'lag_3': 0.2200978483448664, 'lag_4': 0.21533202352329986, 'lag_5': 0.06774803839649526, 'lag_6': 0.5343493086237882, 'lag_7': 0.6475039777167466, 'lag_8': 0.6084729990975788, 'lag_9': 0.5697553978522711, 'lag_10': 0.818074449375436, 'lag_11': 0.45174074319965857, 'lag_12': 0.3011300084125675, 'lag_13': 0.8457245443237456, 'lag_14': 0.9118884517774067, 'lag_15': 0.6099768662462492, 'lag_16': 0.2990035509124584, 'lag_17': 0.6121271339264687, 'lag_18': 0.4877530213299877, 'lag_19': 0.45643858166018325, 'lag_20': 0.46145046368330805, 'lag_21': 0.837642798050042, 'lag_22': 0.5409762046294552, 'lag_23': 0.9296168715932015, 'lag_24': 0.5816164619512256, 'lag_25': 0.8805969580740703, 'lag_26': 0.30579551099278035, 'lag_27': 0.3411041962343011, 'lag_28': 0.004806865149526805}. Best is trial 28 with value: 0.007000361018162167.
[I 2025-09-29 11:53:26,724] Trial 36 finished with value: 0.007394776130741623 and parameters: {'lag_0': 0.4239307809387872, 'lag_1': 0.3477954073299574, 'lag_2': 0.4175596801639287, 'lag_3': 0.11127065957526677, 'lag_4': 0.6820216384207123, 'lag_5': 0.6508408672162124, 'lag_6': 0.07352359113004009, 'lag_7': 0.577599411095715, 'lag_8': 0.8492292305237517, 'lag_9': 0.7283031294720537, 'lag_10': 0.6334982444787653, 'lag_11': 0.6768434560885344, 'lag_12': 0.13105302911006309, 'lag_13': 0.01602834259307956, 'lag_14': 0.5555312344512957, 'lag_15': 0.27574867662007396, 'lag_16': 0.5067752944778551, 'lag_17': 0.0016144257781546822, 'lag_18': 0.1856519450937168, 'lag_19': 0.08320512432913742, 'lag_20': 0.09415247114197794, 'lag_21': 0.48830993573363474, 'lag_22': 0.6663990419273493, 'lag_23': 0.500663127523737, 'lag_24': 0.5318799807262867, 'lag_25': 0.5906617742362721, 'lag_26': 0.06585774188042048, 'lag_27': 0.12072617101282201, 'lag_28': 0.15875108407203717}. Best is trial 28 with value: 0.007000361018162167.
[I 2025-09-29 11:53:29,034] Trial 37 finished with value: 0.007155681159438319 and parameters: {'lag_0': 0.22862804005238424, 'lag_1': 0.6732267270621175, 'lag_2': 0.2964210061562871, 'lag_3': 0.4601846446320057, 'lag_4': 0.4086457317164283, 'lag_5': 0.14097887497931522, 'lag_6': 0.4133945105895771, 'lag_7': 0.307751796947705, 'lag_8': 0.7130271418323566, 'lag_9': 0.945782935821781, 'lag_10': 0.457051665934138, 'lag_11': 0.5542080356369576, 'lag_12': 0.8882539392614863, 'lag_13': 0.4454306955172136, 'lag_14': 0.19892283663677798, 'lag_15': 0.18131915930990553, 'lag_16': 0.8782483198402222, 'lag_17': 0.45196652985843805, 'lag_18': 0.870013498480756, 'lag_19': 0.36110468413374097, 'lag_20': 0.28413530244976404, 'lag_21': 0.7356086833770936, 'lag_22': 0.8284459257271379, 'lag_23': 0.745314894135804, 'lag_24': 0.6362152435634179, 'lag_25': 0.4419655939883307, 'lag_26': 0.013334522880303873, 'lag_27': 0.5206395329716214, 'lag_28': 0.516997346215877}. Best is trial 28 with value: 0.007000361018162167.
[I 2025-09-29 11:53:31,343] Trial 38 finished with value: 0.007322998950607515 and parameters: {'lag_0': 0.15556608132751898, 'lag_1': 0.8227081235838184, 'lag_2': 0.1470803029279756, 'lag_3': 0.07881060950705465, 'lag_4': 0.4896089158070843, 'lag_5': 0.4808723788353594, 'lag_6': 0.9817893815859016, 'lag_7': 0.7135130599895306, 'lag_8': 0.31871992636947855, 'lag_9': 0.7668564806360009, 'lag_10': 0.28844017785360965, 'lag_11': 0.3064948522854243, 'lag_12': 0.38367701377167884, 'lag_13': 0.9884013647179795, 'lag_14': 0.017212463652217902, 'lag_15': 0.4277462950401484, 'lag_16': 0.7091458840797953, 'lag_17': 0.16017639217883067, 'lag_18': 0.6467681059711421, 'lag_19': 0.23718094539582238, 'lag_20': 0.37020222787183626, 'lag_21': 0.9203722043292664, 'lag_22': 0.5227779334792146, 'lag_23': 0.5647830151302816, 'lag_24': 0.7413788783273223, 'lag_25': 0.7477014359658488, 'lag_26': 0.27759016463348746, 'lag_27': 0.7885154708077345, 'lag_28': 0.6418815517145411}. Best is trial 28 with value: 0.007000361018162167.
[I 2025-09-29 11:53:33,649] Trial 39 finished with value: 0.00706206587718496 and parameters: {'lag_0': 0.043630102925035275, 'lag_1': 0.5668811511817016, 'lag_2': 0.4753365305561458, 'lag_3': 0.7082423512183045, 'lag_4': 0.5830400313713422, 'lag_5': 0.19840788257231048, 'lag_6': 0.36673462031956927, 'lag_7': 0.840196370399747, 'lag_8': 0.4263671112526922, 'lag_9': 0.322963767347246, 'lag_10': 0.6651546762624878, 'lag_11': 0.0026430676314904145, 'lag_12': 0.10744498042708678, 'lag_13': 0.5753783672254558, 'lag_14': 0.0945141975858706, 'lag_15': 0.3385736311098141, 'lag_16': 0.43258746182502966, 'lag_17': 0.7188038506215643, 'lag_18': 0.5293738887416525, 'lag_19': 0.1929928631400239, 'lag_20': 0.9347659810682435, 'lag_21': 0.5682240712422554, 'lag_22': 0.8968784267420067, 'lag_23': 0.783211126864027, 'lag_24': 0.3982674608923439, 'lag_25': 0.6707733080407127, 'lag_26': 0.18188017686292657, 'lag_27': 0.05847169474696168, 'lag_28': 0.06516770010544148}. Best is trial 28 with value: 0.007000361018162167.
