[I 2025-09-29 13:21:36,287] Trial 83 finished with value: 0.005118526630356418 and parameters: {'lag_0': 0.9460944370518061, 'lag_1': 0.8486826306990595, 'lag_2': 0.6980941055970276, 'lag_3': 0.545783737810946, 'lag_4': 0.9709016711252183, 'lag_5': 0.46780867928386405, 'lag_6': 0.8021095946465848, 'lag_7': 0.2623441080831672, 'lag_8': 0.7070406149958857, 'lag_9': 0.9578561470523461, 'lag_10': 0.2339638031873125, 'lag_11': 0.06598863925725383, 'lag_12': 0.15798985500471097, 'lag_13': 0.07925896740074119, 'lag_14': 0.4983983380072133, 'lag_15': 0.8944621403357522, 'lag_16': 0.5789896890485375, 'lag_17': 0.6318996967715704, 'lag_18': 0.8085593081921536, 'lag_19': 0.5293532742692189, 'lag_20': 0.15471320890099777, 'lag_21': 0.3365112602532738, 'lag_22': 0.5177461895709787, 'lag_23': 0.8452982901037893, 'lag_24': 0.42556126414013035, 'lag_25': 0.2686080357363287, 'lag_26': 0.6106753948691254, 'lag_27': 0.41464902857568187, 'lag_28': 0.560543926164289}. Best is trial 32 with value: 0.004493081913821384.
[I 2025-09-29 13:21:38,796] Trial 84 finished with value: 0.004871698173076154 and parameters: {'lag_0': 0.8035164524975805, 'lag_1': 0.12516815717999263, 'lag_2': 0.7340553152275109, 'lag_3': 0.6335230559964505, 'lag_4': 0.8211898842836471, 'lag_5': 0.8824729457256766, 'lag_6': 0.8873628804574254, 'lag_7': 0.12805223603234106, 'lag_8': 0.8552746734170261, 'lag_9': 0.36042454449049754, 'lag_10': 0.0466237376770184, 'lag_11': 0.17098857848838425, 'lag_12': 0.25692701988462496, 'lag_13': 0.17697386940491228, 'lag_14': 0.36892074540256103, 'lag_15': 0.9680560318956319, 'lag_16': 0.5246776175839316, 'lag_17': 0.7656043907537099, 'lag_18': 0.853704420675619, 'lag_19': 0.8144647588912814, 'lag_20': 0.0868828293990433, 'lag_21': 0.2312066115004805, 'lag_22': 0.5974029668037559, 'lag_23': 0.8954301591697775, 'lag_24': 0.8087687188040228, 'lag_25': 0.3459955701614436, 'lag_26': 0.6861864345590201, 'lag_27': 0.23331585771049243, 'lag_28': 0.32173395344278183}. Best is trial 32 with value: 0.004493081913821384.
[I 2025-09-29 13:21:41,302] Trial 85 finished with value: 0.004728278094959444 and parameters: {'lag_0': 0.6404082584111437, 'lag_1': 0.16224332018852747, 'lag_2': 0.6673072309750235, 'lag_3': 0.8903553884551229, 'lag_4': 0.8796415075072311, 'lag_5': 0.8279581533990846, 'lag_6': 0.7632292435481611, 'lag_7': 0.3167091171236296, 'lag_8': 0.08446515210936141, 'lag_9': 0.7338908832656961, 'lag_10': 0.42124144416267445, 'lag_11': 0.12911370549778667, 'lag_12': 0.6311723539906197, 'lag_13': 0.8860089099655788, 'lag_14': 0.6646174774097295, 'lag_15': 0.12226925681502693, 'lag_16': 0.3705177850420775, 'lag_17': 0.6536173880412558, 'lag_18': 0.22609969945691705, 'lag_19': 0.46539040431402723, 'lag_20': 0.13939062980005074, 'lag_21': 0.9659700402063649, 'lag_22': 0.42912196843735734, 'lag_23': 0.8048352195626001, 'lag_24': 0.47858648009466537, 'lag_25': 0.2836709738321309, 'lag_26': 0.8087852343875581, 'lag_27': 0.16535155504150653, 'lag_28': 0.3630263099390955}. Best is trial 32 with value: 0.004493081913821384.
[I 2025-09-29 13:21:43,808] Trial 86 finished with value: 0.00483588786530483 and parameters: {'lag_0': 0.974262556506474, 'lag_1': 0.07121089867647634, 'lag_2': 0.8466096969081364, 'lag_3': 0.412119028761937, 'lag_4': 0.8529053852819406, 'lag_5': 0.9077023460916808, 'lag_6': 0.7063696573206071, 'lag_7': 0.22514527193526684, 'lag_8': 0.027777463883042447, 'lag_9': 0.6039854821566883, 'lag_10': 0.08689783156638753, 'lag_11': 0.6409981114108486, 'lag_12': 0.5369174930394438, 'lag_13': 0.3952648679114529, 'lag_14': 0.16510559256089927, 'lag_15': 0.23845529047723424, 'lag_16': 0.41315240310185497, 'lag_17': 0.8037732217115359, 'lag_18': 0.7763274999366869, 'lag_19': 0.9705319525284819, 'lag_20': 0.27957748595618254, 'lag_21': 0.3053829047945207, 'lag_22': 0.689936282056138, 'lag_23': 0.9230172999691385, 'lag_24': 0.1336010706274603, 'lag_25': 0.24786432238092063, 'lag_26': 0.5491232574941504, 'lag_27': 0.6013875099899816, 'lag_28': 0.5407934394161101}. Best is trial 32 with value: 0.004493081913821384.
[I 2025-09-29 13:21:46,315] Trial 87 finished with value: 0.004494352526407657 and parameters: {'lag_0': 0.8981051992976805, 'lag_1': 0.23366651008610018, 'lag_2': 0.9233780708364405, 'lag_3': 0.49972262499542963, 'lag_4': 0.9472372263757951, 'lag_5': 0.9445031911799501, 'lag_6': 0.8251245347740056, 'lag_7': 0.5028519179752019, 'lag_8': 0.46452760500096696, 'lag_9': 0.9145089536244688, 'lag_10': 0.019036625448789226, 'lag_11': 0.5788659721249443, 'lag_12': 0.03556775617562936, 'lag_13': 0.33809481088653426, 'lag_14': 0.5657925344614367, 'lag_15': 0.508178999306157, 'lag_16': 0.8673943643984786, 'lag_17': 0.5144708502719997, 'lag_18': 0.880654603433571, 'lag_19': 0.7751883006268496, 'lag_20': 0.03366808405234184, 'lag_21': 0.27800859475355966, 'lag_22': 0.5591004069202329, 'lag_23': 0.9831898200898465, 'lag_24': 0.5901170248062164, 'lag_25': 0.6686935672293097, 'lag_26': 0.6499881184094973, 'lag_27': 0.09405604846074496, 'lag_28': 0.46941802179462144}. Best is trial 32 with value: 0.004493081913821384.
[I 2025-09-29 13:21:48,827] Trial 88 finished with value: 0.0045414035739325615 and parameters: {'lag_0': 0.8356186414087341, 'lag_1': 0.2230295937319783, 'lag_2': 0.9187057612873788, 'lag_3': 0.4945763304724846, 'lag_4': 0.9676030053483029, 'lag_5': 0.9458425351671853, 'lag_6': 0.8320636073745806, 'lag_7': 0.4884417833232293, 'lag_8': 0.4558529648573332, 'lag_9': 0.9829847631870637, 'lag_10': 0.361631777337986, 'lag_11': 0.5865413341280851, 'lag_12': 0.04579087973908025, 'lag_13': 0.6708462856324402, 'lag_14': 0.5885424118903235, 'lag_15': 0.6567779065168905, 'lag_16': 0.8814903164827679, 'lag_17': 0.5161464924112951, 'lag_18': 0.9027705734481369, 'lag_19': 0.7749735862482289, 'lag_20': 0.0013048040282036184, 'lag_21': 0.20527321256694364, 'lag_22': 0.5628718171219335, 'lag_23': 0.9987946376678335, 'lag_24': 0.5979393244173936, 'lag_25': 0.7128131878513673, 'lag_26': 0.6515601717343275, 'lag_27': 0.002788610173211248, 'lag_28': 0.5974627041975973}. Best is trial 32 with value: 0.004493081913821384.
[I 2025-09-29 13:21:51,342] Trial 89 finished with value: 0.005063787903006036 and parameters: {'lag_0': 0.6690736661280077, 'lag_1': 0.22858726639664223, 'lag_2': 0.9740135011065045, 'lag_3': 0.30921034614018283, 'lag_4': 0.9658189764279436, 'lag_5': 0.9995883779918163, 'lag_6': 0.8676921763988645, 'lag_7': 0.5000501117206292, 'lag_8': 0.4468414027059673, 'lag_9': 0.9861318534642112, 'lag_10': 0.36441541042375103, 'lag_11': 0.5804521147859276, 'lag_12': 0.04271622546160999, 'lag_13': 0.7358121739281854, 'lag_14': 0.5964996497136571, 'lag_15': 0.1777124357382952, 'lag_16': 0.8827797202138068, 'lag_17': 0.525074007781252, 'lag_18': 0.8858246124303081, 'lag_19': 0.7775513445882553, 'lag_20': 0.0008886672420321006, 'lag_21': 0.1002820634934061, 'lag_22': 0.6451850013266016, 'lag_23': 0.9643725984538897, 'lag_24': 0.5907273174661463, 'lag_25': 0.7196782600832564, 'lag_26': 0.4906873329071851, 'lag_27': 0.020038649210492795, 'lag_28': 0.6388654653382392}. Best is trial 32 with value: 0.004493081913821384.
[I 2025-09-29 13:21:53,855] Trial 90 finished with value: 0.0051303157875732626 and parameters: {'lag_0': 0.8263847774675448, 'lag_1': 0.21250413664771223, 'lag_2': 0.9149246632167252, 'lag_3': 0.4522734621747231, 'lag_4': 0.9469590244991687, 'lag_5': 0.9438866450809962, 'lag_6': 0.47249353383823506, 'lag_7': 0.44766077789737396, 'lag_8': 0.34933868606470764, 'lag_9': 0.9629090349268488, 'lag_10': 0.014534252351780314, 'lag_11': 0.619757289968841, 'lag_12': 0.11396634727773361, 'lag_13': 0.6459911939720766, 'lag_14': 0.5696709140921125, 'lag_15': 0.8369670265120586, 'lag_16': 0.9502696925752852, 'lag_17': 0.4866399214383535, 'lag_18': 0.9129978010190299, 'lag_19': 0.7286637514894678, 'lag_20': 0.04314841225839014, 'lag_21': 0.1664277205383242, 'lag_22': 0.857767997428067, 'lag_23': 0.9999968373549821, 'lag_24': 0.5531340948571876, 'lag_25': 0.6835499067574222, 'lag_26': 0.4554624162523242, 'lag_27': 0.08603499299453746, 'lag_28': 0.6055452351102644}. Best is trial 32 with value: 0.004493081913821384.
[I 2025-09-29 13:21:56,364] Trial 91 finished with value: 0.004845771093004029 and parameters: {'lag_0': 0.8983381051544935, 'lag_1': 0.2946216950562164, 'lag_2': 0.949821109903271, 'lag_3': 0.48016078851261523, 'lag_4': 0.9196859792165859, 'lag_5': 0.9699216543131911, 'lag_6': 0.8324896793547096, 'lag_7': 0.510209366658007, 'lag_8': 0.4011737131913039, 'lag_9': 0.8998907903943969, 'lag_10': 0.06080166930789106, 'lag_11': 0.6794874893029865, 'lag_12': 0.028815782587197827, 'lag_13': 0.6768366201060295, 'lag_14': 0.6126219680137722, 'lag_15': 0.6312597185080407, 'lag_16': 0.9732172957468329, 'lag_17': 0.6086407124129166, 'lag_18': 0.9728876310719498, 'lag_19': 0.6498080739971915, 'lag_20': 0.05588792593128003, 'lag_21': 0.1386261158792969, 'lag_22': 0.5657351061170828, 'lag_23': 0.978015954645103, 'lag_24': 0.6818993365218804, 'lag_25': 0.7840952443887057, 'lag_26': 0.6444903607183652, 'lag_27': 7.714460855484662e-06, 'lag_28': 0.47139864665842884}. Best is trial 32 with value: 0.004493081913821384.
[I 2025-09-29 13:21:58,880] Trial 92 finished with value: 0.005229108522205211 and parameters: {'lag_0': 0.7554478338316086, 'lag_1': 0.19690532570817584, 'lag_2': 0.8908513762508524, 'lag_3': 0.5247595710409373, 'lag_4': 0.9814115382766343, 'lag_5': 0.9400802164141908, 'lag_6': 0.907081152416974, 'lag_7': 0.36523195357623084, 'lag_8': 0.4728584696935982, 'lag_9': 0.9177041196363103, 'lag_10': 0.481219764097206, 'lag_11': 0.5073008834886845, 'lag_12': 0.010039379000004033, 'lag_13': 0.7993296738872957, 'lag_14': 0.6574905055175678, 'lag_15': 0.7171742095245096, 'lag_16': 0.8653480781038443, 'lag_17': 0.5742032755607028, 'lag_18': 0.9304215264578604, 'lag_19': 0.7681533373524128, 'lag_20': 0.021583875317802315, 'lag_21': 0.19967339612187066, 'lag_22': 0.5986024775021312, 'lag_23': 0.9462918594317965, 'lag_24': 0.3274722016442405, 'lag_25': 0.6548118566796887, 'lag_26': 0.5813368597199694, 'lag_27': 0.06001976814169855, 'lag_28': 0.5882406263782958}. Best is trial 32 with value: 0.004493081913821384.
[I 2025-09-29 13:22:01,503] Trial 93 finished with value: 0.0047285669255589715 and parameters: {'lag_0': 0.7950107410971714, 'lag_1': 0.25213399831276384, 'lag_2': 0.9993499706538784, 'lag_3': 0.5020178816210752, 'lag_4': 0.8941320388265676, 'lag_5': 0.8645541738180159, 'lag_6': 0.8121458555148677, 'lag_7': 0.4256933611093298, 'lag_8': 0.5331994114710444, 'lag_9': 0.8547014197480268, 'lag_10': 0.3157106316030181, 'lag_11': 0.5453551764697182, 'lag_12': 0.06939484369191687, 'lag_13': 0.7428310655193608, 'lag_14': 0.542553382992819, 'lag_15': 0.6648086342003252, 'lag_16': 0.8231987610044481, 'lag_17': 0.5627589819121005, 'lag_18': 0.6469667983295733, 'lag_19': 0.8494251276379021, 'lag_20': 0.10106007760038078, 'lag_21': 0.23237642882382925, 'lag_22': 0.529486869111427, 'lag_23': 0.9793499984933363, 'lag_24': 0.6194702640464963, 'lag_25': 0.7087820201848217, 'lag_26': 0.6739975841456189, 'lag_27': 0.04219371766866155, 'lag_28': 0.28946060550610747}. Best is trial 32 with value: 0.004493081913821384.
[I 2025-09-29 13:22:04,030] Trial 94 finished with value: 0.005122102837056923 and parameters: {'lag_0': 0.2158196135576198, 'lag_1': 0.3440874005144332, 'lag_2': 0.9254731424694727, 'lag_3': 0.3839758978428659, 'lag_4': 0.9401807320432474, 'lag_5': 0.9814939957957539, 'lag_6': 0.9501187237676969, 'lag_7': 0.4623911122771488, 'lag_8': 0.5663706669364413, 'lag_9': 0.9777260308343595, 'lag_10': 0.39244791070622853, 'lag_11': 0.6094844578823087, 'lag_12': 0.05554247219611996, 'lag_13': 0.3417307320593989, 'lag_14': 0.5231798527625751, 'lag_15': 0.503595913880626, 'lag_16': 0.9231960248787169, 'lag_17': 0.5104743871590719, 'lag_18': 0.8305272017774588, 'lag_19': 0.7865362802034547, 'lag_20': 0.06633065558443832, 'lag_21': 0.8403274048027115, 'lag_22': 0.551272180307171, 'lag_23': 0.8829899897751717, 'lag_24': 0.7062061904157485, 'lag_25': 0.5393150585186832, 'lag_26': 0.619339271649789, 'lag_27': 0.11932078867601166, 'lag_28': 0.5394300390907234}. Best is trial 32 with value: 0.004493081913821384.
[I 2025-09-29 13:22:06,556] Trial 95 finished with value: 0.006431694969471309 and parameters: {'lag_0': 0.6110191577098023, 'lag_1': 0.28455231917785845, 'lag_2': 0.8537910450980876, 'lag_3': 0.4367283882344848, 'lag_4': 0.9696365154697442, 'lag_5': 0.9432174038513735, 'lag_6': 0.8412773185049204, 'lag_7': 0.8933182877876757, 'lag_8': 0.4915129108049001, 'lag_9': 0.8444237168488048, 'lag_10': 0.44066577749905406, 'lag_11': 0.6667800143094081, 'lag_12': 0.08834339486229216, 'lag_13': 0.11045637934694363, 'lag_14': 0.5619148236537336, 'lag_15': 0.6036879380624818, 'lag_16': 0.4961657499704401, 'lag_17': 0.6806163596193565, 'lag_18': 0.8769366642817048, 'lag_19': 0.7245892835973525, 'lag_20': 0.0239472903278628, 'lag_21': 0.2596334471966962, 'lag_22': 0.6250586483487987, 'lag_23': 0.8552439560370424, 'lag_24': 0.27769836507730655, 'lag_25': 0.7424036643516081, 'lag_26': 0.7237393667805356, 'lag_27': 0.0908529547015581, 'lag_28': 0.3866502475098112}. Best is trial 32 with value: 0.004493081913821384.
[I 2025-09-29 13:22:09,092] Trial 96 finished with value: 0.00503444320936988 and parameters: {'lag_0': 0.27523598981714503, 'lag_1': 0.7662654508345929, 'lag_2': 0.0362157142002128, 'lag_3': 0.5662529531137254, 'lag_4': 0.9112695373082372, 'lag_5': 0.8884439619291086, 'lag_6': 0.7776338971990668, 'lag_7': 0.3940546302650697, 'lag_8': 0.5116945351878547, 'lag_9': 0.7978063044558255, 'lag_10': 0.16684658794434987, 'lag_11': 0.5424511540103091, 'lag_12': 2.610822441470595e-05, 'lag_13': 0.598838492606276, 'lag_14': 0.32710623799717115, 'lag_15': 0.5412223511682951, 'lag_16': 0.3430705879298917, 'lag_17': 0.7483249879044838, 'lag_18': 0.70552453243194, 'lag_19': 0.811918266771095, 'lag_20': 0.6032563315564311, 'lag_21': 0.6753443175159815, 'lag_22': 0.4881049901066624, 'lag_23': 0.9304529381459418, 'lag_24': 0.10644815625735216, 'lag_25': 0.4112265098560248, 'lag_26': 0.587375893419685, 'lag_27': 0.13107598410009363, 'lag_28': 0.4143031001877553}. Best is trial 32 with value: 0.004493081913821384.
[I 2025-09-29 13:22:11,625] Trial 97 finished with value: 0.005223577306130416 and parameters: {'lag_0': 0.8647314116643745, 'lag_1': 0.8769307207433085, 'lag_2': 0.8298902786075149, 'lag_3': 0.543249313037227, 'lag_4': 0.8682429618556933, 'lag_5': 0.2821974954722672, 'lag_6': 0.5850281351542768, 'lag_7': 0.019533229055429757, 'lag_8': 0.5943973442619197, 'lag_9': 0.9058324824234176, 'lag_10': 0.21051565686659096, 'lag_11': 0.5718538729148555, 'lag_12': 0.024281071897254206, 'lag_13': 0.19278160990806267, 'lag_14': 0.4682211497991472, 'lag_15': 0.8134631857935886, 'lag_16': 0.388388492817802, 'lag_17': 0.43279967930072316, 'lag_18': 0.5610149908790331, 'lag_19': 0.007019298214860192, 'lag_20': 0.22833968358617387, 'lag_21': 0.34663087283010563, 'lag_22': 0.3723074553240273, 'lag_23': 0.9531995532310142, 'lag_24': 0.5952485680654285, 'lag_25': 0.5659876780647194, 'lag_26': 0.6565764315179358, 'lag_27': 0.042309670195294136, 'lag_28': 0.5049621901958815}. Best is trial 32 with value: 0.004493081913821384.
[I 2025-09-29 13:22:14,149] Trial 98 finished with value: 0.0048165655180589075 and parameters: {'lag_0': 0.8428958247796691, 'lag_1': 0.39616901290691325, 'lag_2': 0.9063255269997098, 'lag_3': 0.1490546058852446, 'lag_4': 0.942125318306734, 'lag_5': 0.8358847008522755, 'lag_6': 0.9744381030644621, 'lag_7': 0.971361689032841, 'lag_8': 0.31309619740484906, 'lag_9': 0.882860363402377, 'lag_10': 0.9152453329288017, 'lag_11': 0.47281385253413927, 'lag_12': 0.4758918752126091, 'lag_13': 0.13870108445009388, 'lag_14': 0.28692084930919365, 'lag_15': 0.7547150723603192, 'lag_16': 0.7460148192155484, 'lag_17': 0.7150993818906664, 'lag_18': 0.8586067895123562, 'lag_19': 0.89774894748731, 'lag_20': 0.9852148054046064, 'lag_21': 0.0593326949961859, 'lag_22': 0.5861075232234284, 'lag_23': 0.349501579784646, 'lag_24': 0.5637101785899321, 'lag_25': 0.6154911618244931, 'lag_26': 0.5365977119074367, 'lag_27': 0.5520750733146931, 'lag_28': 0.674397632407805}. Best is trial 32 with value: 0.004493081913821384.
[I 2025-09-29 13:22:16,669] Trial 99 finished with value: 0.005391792279671809 and parameters: {'lag_0': 0.9149626091552924, 'lag_1': 0.17625495956402654, 'lag_2': 0.3519189678428879, 'lag_3': 0.9287940948167438, 'lag_4': 0.9802189343006856, 'lag_5': 0.9169141885757667, 'lag_6': 0.7308652061464181, 'lag_7': 0.5565656219541537, 'lag_8': 0.4230476818882265, 'lag_9': 0.6734102581684746, 'lag_10': 0.2869805764591548, 'lag_11': 0.42689550661039755, 'lag_12': 0.12328595117248196, 'lag_13': 0.02149349663828983, 'lag_14': 0.6765177165568151, 'lag_15': 0.4364062315591058, 'lag_16': 0.9919161615484483, 'lag_17': 0.6102493488154278, 'lag_18': 0.39708159138249705, 'lag_19': 0.6989952980363028, 'lag_20': 0.47615939800611917, 'lag_21': 0.6284812912934743, 'lag_22': 0.6490030887956019, 'lag_23': 0.8290926756276985, 'lag_24': 0.18140215939864868, 'lag_25': 0.870048243827495, 'lag_26': 0.6900474954588178, 'lag_27': 0.48093688376452043, 'lag_28': 0.08624219246612355}. Best is trial 32 with value: 0.004493081913821384.
[I 2025-09-29 13:22:16,740] A new study created in memory with name: no-name-f607d675-f720-4b93-97ae-cf1a012e6ef9
[I 2025-09-29 13:22:19,175] Trial 0 finished with value: 0.006130785319757923 and parameters: {'lag_0': 0.2021349128742511, 'lag_1': 0.4345635443757096, 'lag_2': 0.8825464635547515, 'lag_3': 0.011803786870454726, 'lag_4': 0.09722368247361012, 'lag_5': 0.7547553240604891, 'lag_6': 0.05679708157008651, 'lag_7': 0.24736414553981995, 'lag_8': 0.5395208975714626, 'lag_9': 0.1009684296682275, 'lag_10': 0.03432695782664772, 'lag_11': 0.19183350568984942, 'lag_12': 0.9258174840790044, 'lag_13': 0.8948938538727143, 'lag_14': 0.49700656284064343, 'lag_15': 0.4783555096392559, 'lag_16': 0.5405151591523245, 'lag_17': 0.22470418444897092, 'lag_18': 0.58828747869373, 'lag_19': 0.3732708968647031, 'lag_20': 0.8458230317123646, 'lag_21': 0.3357973668791539, 'lag_22': 0.3005351310575123, 'lag_23': 0.7854818441799547, 'lag_24': 0.5141801298545247, 'lag_25': 0.7341544950128233, 'lag_26': 0.9202290869065293, 'lag_27': 0.28576928518612954, 'lag_28': 0.18732836889740134}. Best is trial 0 with value: 0.006130785319757923.
[I 2025-09-29 13:22:21,608] Trial 1 finished with value: 0.006094386824780905 and parameters: {'lag_0': 0.21483122623509665, 'lag_1': 0.8660312118145147, 'lag_2': 0.3084265694723668, 'lag_3': 0.9984779357663134, 'lag_4': 0.44655760292040503, 'lag_5': 0.4484285712912767, 'lag_6': 0.3312763943220178, 'lag_7': 0.7277936668300361, 'lag_8': 0.004341886634367829, 'lag_9': 0.8430007398677728, 'lag_10': 0.8623666032551853, 'lag_11': 0.019230506079642686, 'lag_12': 0.4696416604421984, 'lag_13': 0.8433792364424837, 'lag_14': 0.4901061910083267, 'lag_15': 0.6079835921062048, 'lag_16': 0.8800290343743492, 'lag_17': 0.11230476984159533, 'lag_18': 0.573391094775657, 'lag_19': 0.353825340169819, 'lag_20': 0.4239212323448812, 'lag_21': 0.09974771054620561, 'lag_22': 0.8429784566154658, 'lag_23': 0.010069701779682125, 'lag_24': 0.7993848180726426, 'lag_25': 0.7695621202798919, 'lag_26': 0.8527591053076075, 'lag_27': 0.26641109829371723, 'lag_28': 0.7894988448950682}. Best is trial 1 with value: 0.006094386824780905.
[I 2025-09-29 13:22:24,032] Trial 2 finished with value: 0.006123750386535225 and parameters: {'lag_0': 0.572825619645091, 'lag_1': 0.527749160122185, 'lag_2': 0.5383782401668725, 'lag_3': 0.35761961935598, 'lag_4': 0.7635650456318833, 'lag_5': 0.7084472070243101, 'lag_6': 0.8385378995918567, 'lag_7': 0.4023363963595412, 'lag_8': 0.15869670460779717, 'lag_9': 0.7348276937536999, 'lag_10': 0.2219973093739873, 'lag_11': 0.7675992674735476, 'lag_12': 0.6459752246418241, 'lag_13': 0.6544151038418152, 'lag_14': 0.8431246334925558, 'lag_15': 0.8792699605434445, 'lag_16': 0.9516164575185276, 'lag_17': 0.0014173693785692633, 'lag_18': 0.0921333657237241, 'lag_19': 0.7809774673538633, 'lag_20': 0.9649611774675618, 'lag_21': 0.6542282377258243, 'lag_22': 0.5988478348082037, 'lag_23': 0.039938475929926116, 'lag_24': 0.1613952265544811, 'lag_25': 0.7708779340311127, 'lag_26': 0.841889788961997, 'lag_27': 0.18212775035217446, 'lag_28': 0.9395234239029251}. Best is trial 1 with value: 0.006094386824780905.
[I 2025-09-29 13:22:26,464] Trial 3 finished with value: 0.003896264794124915 and parameters: {'lag_0': 0.9679244727763752, 'lag_1': 0.9597302163078332, 'lag_2': 0.5736609899117932, 'lag_3': 0.1297607016969275, 'lag_4': 0.14401023455113476, 'lag_5': 0.3609823726512999, 'lag_6': 0.09034223614519722, 'lag_7': 0.7596673148638265, 'lag_8': 0.27739970183507995, 'lag_9': 0.3908926161737149, 'lag_10': 0.5415722166275928, 'lag_11': 0.6004487053391273, 'lag_12': 0.19051632156910517, 'lag_13': 0.5861280523805139, 'lag_14': 0.37453323524936827, 'lag_15': 0.8010133858063373, 'lag_16': 0.681542487389389, 'lag_17': 0.5021627031785829, 'lag_18': 0.1056953390107125, 'lag_19': 0.43442321822612795, 'lag_20': 0.05095686098483373, 'lag_21': 0.3935948625962961, 'lag_22': 0.8645721575117876, 'lag_23': 0.43933994468786086, 'lag_24': 0.35834637584661083, 'lag_25': 0.39305081523370405, 'lag_26': 0.15000359705941993, 'lag_27': 0.58540014785628, 'lag_28': 0.26709779246237936}. Best is trial 3 with value: 0.003896264794124915.
