[I 2025-10-03 11:31:43,215] Trial 12 finished with values: [0.0, 0.00399692212988612, 0.0007209161584005089, 0.0023074593181463664, 0.00364820578169203, 0.004295396027493806, 0.0038279553182224715, 0.001985800368044435, 0.0025444447272003215, 0.0023874711081764395, 0.01557671751811419, 0.04379171422149009, 8.349988075080385e-05, 0.020607461567050716, 0.0, 0.025926703636053185, 0.0016333682115454245, 0.007728399295240863, 0.0009394780124988773, 0.0019039753657835677, 0.0012949485111068033, 0.0014081712255759314, 0.0008287760307072241, 0.00157005175066312, 0.0009663029694173129, 0.0052248988272540365, 0.007251412146869733, 0.0012944371100642009, 0.0010017370801573035] and parameters: {'lag_0': 0.25295077876494393, 'lag_1': 0.20812465226275118, 'lag_2': 0.5946322725612211, 'lag_3': 0.14924492675913364, 'lag_4': 0.36896732463622184, 'lag_5': 0.596134279612579, 'lag_6': 0.6460519684746094, 'lag_7': 0.19662963214231807, 'lag_8': 0.3235125989032216, 'lag_9': 0.5946820192889195, 'lag_10': 0.36570080803997385, 'lag_11': 0.12027178528427539, 'lag_12': 0.47804943772359504, 'lag_13': 0.6014239564089032, 'lag_14': 0.7285991586940739, 'lag_15': 0.8452251537558456, 'lag_16': 0.8273813092857132, 'lag_17': 0.7730077676247136, 'lag_18': 0.6091193474590946, 'lag_19': 0.33545235883880503, 'lag_20': 0.3354627748080984, 'lag_21': 0.1491223177307785, 'lag_22': 0.47492614264327715, 'lag_23': 0.10067788293724911, 'lag_24': 0.7656093697680247, 'lag_25': 0.6183987191428584, 'lag_26': 0.9514641208836606, 'lag_27': 0.07101580687687764, 'lag_28': 0.4551593187977663}.
[I 2025-10-03 11:31:45,862] Trial 13 finished with values: [0.0, 0.0025897209572534247, 0.001973038705296514, 0.002132711227160906, 0.0034464534038762588, 0.0024745987736669263, 0.0020687259901910207, 0.0020009911770443234, 0.003405183177679649, 0.002424108743529419, 0.016295981646418774, 0.04507375653698209, 6.881969073234809e-05, 0.019181891605770347, 0.0, 0.030081296278584902, 4.7560853018995126e-05, 0.006103546159037547, 0.0014141340942232516, 0.0027842147087109737, 0.000653302102567481, 0.001294380209719768, 0.0009904804954335303, 0.002252447552926954, 0.0010807960271420705, 0.00459156758860999, 0.008448731430853153, 0.0012036893540801278, 0.00024659725114535607] and parameters: {'lag_0': 0.8710510231113209, 'lag_1': 0.7989056888732798, 'lag_2': 0.04610709326761126, 'lag_3': 0.5665977862646027, 'lag_4': 0.5969459768965171, 'lag_5': 0.21925278163430825, 'lag_6': 0.3618788631921962, 'lag_7': 0.5054748042351025, 'lag_8': 0.2818844678173963, 'lag_9': 0.33555988559508737, 'lag_10': 0.9194218441870246, 'lag_11': 0.7535267831897721, 'lag_12': 0.5687969988264572, 'lag_13': 0.2534603648433617, 'lag_14': 0.559495854220573, 'lag_15': 0.09634169963728334, 'lag_16': 0.7460794761794906, 'lag_17': 0.09815029702409746, 'lag_18': 0.999370199675666, 'lag_19': 0.9403600470821546, 'lag_20': 0.6982200052388948, 'lag_21': 0.4121929492286267, 'lag_22': 0.12681417178416865, 'lag_23': 0.6270747903355393, 'lag_24': 0.2893492109585216, 'lag_25': 0.561311121951097, 'lag_26': 0.32133333535438896, 'lag_27': 0.3498626570255397, 'lag_28': 0.9443846189784812}.
[I 2025-10-03 11:31:48,515] Trial 14 finished with values: [0.0, 0.004849934987845554, 0.004409431325327316, 0.0016756325842930784, 0.003425137767985027, 0.0023932237745116713, 0.0018648287997152292, 0.0023093800578727983, 0.0021123444400600517, 0.002163356298756833, 0.018119793237389364, 0.04649118372599241, 8.762131174007534e-05, 0.017313446770881237, 0.0, 0.026581066173428064, 0.0006600704858123631, 0.008087016795657603, 0.001219333573012225, 0.00244539280288623, 0.0005612999742426556, 0.0014417659696129514, 0.0015751475107181026, 0.0026064983678220736, 0.000496661318191555, 0.005472880974996005, 0.005438653032871751, 0.000938513597154453, 0.0033675702025870377] and parameters: {'lag_0': 0.08981448879836078, 'lag_1': 0.5600804491806449, 'lag_2': 0.08828654660134605, 'lag_3': 0.3701035958858133, 'lag_4': 0.766426300652197, 'lag_5': 0.14805201421956862, 'lag_6': 0.8693751637599243, 'lag_7': 0.1751294819166152, 'lag_8': 0.42736645442680427, 'lag_9': 0.25363724965073475, 'lag_10': 0.6127853926460384, 'lag_11': 0.02996298530251009, 'lag_12': 0.3142774462975757, 'lag_13': 0.6953464771773099, 'lag_14': 0.3520304433910881, 'lag_15': 0.5428497474815102, 'lag_16': 0.3247517649658137, 'lag_17': 0.24565599795188414, 'lag_18': 0.8961243059870927, 'lag_19': 0.8463517700137693, 'lag_20': 0.24739966046729792, 'lag_21': 0.9291157226970748, 'lag_22': 0.8122104750882676, 'lag_23': 0.333134339686194, 'lag_24': 0.7546386614576445, 'lag_25': 0.7886640076762347, 'lag_26': 0.7536189792067703, 'lag_27': 0.17933716330610727, 'lag_28': 0.4685940090827329}.
[I 2025-10-03 11:31:51,163] Trial 15 finished with values: [0.0, 0.008278521801057384, 0.0004454325216959939, 0.0013964627347419062, 0.0018241863443891125, 0.0035330436297166543, 0.0027145457244251553, 0.002692694792207199, 0.0019334257476783714, 0.0030920692850374427, 0.01845830848775435, 0.04719542545395135, 0.00020146817824467597, 0.01815759275511996, 0.0, 0.022053385420532614, 0.0008204941871679409, 0.008285411346514126, 0.0013576429876438435, 0.0025549723890268042, 0.000489138860390801, 0.0019345034732827318, 0.001151829293692919, 0.0017404212871834034, 0.000685371339502079, 0.003965153540696076, 0.005409008744105189, 0.001574806926543857, 0.0012247621862335706] and parameters: {'lag_0': 0.9443295087063414, 'lag_1': 0.7245213811869339, 'lag_2': 0.07128367946859263, 'lag_3': 0.49560656858511304, 'lag_4': 0.23484857295887143, 'lag_5': 0.4577156802428849, 'lag_6': 0.2827022161661173, 'lag_7': 0.5792051517558446, 'lag_8': 0.08662799592101526, 'lag_9': 0.5959964934510196, 'lag_10': 0.22104928053623552, 'lag_11': 0.187239579908501, 'lag_12': 0.1310581609757449, 'lag_13': 0.4740504789221494, 'lag_14': 0.8375014179159033, 'lag_15': 0.8417143989658668, 'lag_16': 0.9388152224787621, 'lag_17': 0.29809837170023035, 'lag_18': 0.5167893710530883, 'lag_19': 0.2907071695307825, 'lag_20': 0.19306519697403998, 'lag_21': 0.7787813252484286, 'lag_22': 0.11232976524930864, 'lag_23': 0.029480938930407513, 'lag_24': 0.8483336495210141, 'lag_25': 0.9673065690865756, 'lag_26': 0.7178972514676066, 'lag_27': 0.9732573982220877, 'lag_28': 0.5489286196304551}.
[I 2025-10-03 11:31:53,811] Trial 16 finished with values: [0.0, 0.0013888888888888887, 0.002380617299734363, 0.002205427459319768, 0.0021063879549943674, 0.002173618720892249, 0.0027119155415563563, 0.0022336589259765198, 0.0020042020620612212, 0.0024763896365923408, 0.01852607102708877, 0.04627290457499512, 0.00022804860336195625, 0.017512908887080424, 0.0, 0.029123771144325305, 0.0004674966024642726, 0.007190008918735852, 0.0017947690376692985, 0.003000527383118478, 0.0009096267429656184, 0.0009052198586428741, 0.0011752602878222253, 0.0020588059451075807, 0.0015942663566450338, 0.0053575025532180565, 0.004513182556956923, 0.001597451646502571, 0.0011205897357412509] and parameters: {'lag_0': 0.05921641498176241, 'lag_1': 0.35677997535346717, 'lag_2': 0.7397339083707849, 'lag_3': 0.2666795630319254, 'lag_4': 0.7906454825393685, 'lag_5': 0.3846592739674929, 'lag_6': 0.848375108911243, 'lag_7': 0.8526803615692208, 'lag_8': 0.2176034816379441, 'lag_9': 0.14515379374686174, 'lag_10': 0.560189303523001, 'lag_11': 0.26410533168788775, 'lag_12': 0.1308546548255802, 'lag_13': 0.9097031062253649, 'lag_14': 0.7757482782298761, 'lag_15': 0.3717599706574421, 'lag_16': 0.8404875284030318, 'lag_17': 0.35727626769379045, 'lag_18': 0.24633124006602317, 'lag_19': 0.1675008640827853, 'lag_20': 0.17194425517392298, 'lag_21': 0.8666196510483861, 'lag_22': 0.5076502108724953, 'lag_23': 0.5503749528226146, 'lag_24': 0.3335208900928267, 'lag_25': 0.5463535683420556, 'lag_26': 0.06622322115473214, 'lag_27': 0.9628608235905526, 'lag_28': 0.15341906469808217}.
[I 2025-10-03 11:31:56,460] Trial 17 finished with values: [0.0, 0.0033863672987569085, 0.0012957113235915526, 0.0005991256267410568, 0.003035442598523462, 0.0028742707314721623, 0.002257782476940625, 0.0026529267834982254, 0.0015385041078296916, 0.002892965644204426, 0.015213185571734577, 0.04559717143094133, 9.35367805914974e-05, 0.017196946315744054, 0.0, 0.022072160855915065, 0.00023055143241622672, 0.007060633861152539, 0.0009437938434462987, 0.002525804919875054, 0.0004287691151383286, 0.0014030837656024851, 0.0011662136699927088, 0.0022806797747118505, 0.0015463874762259326, 0.0035312107980888115, 0.006303399672064841, 0.002553211255056806, 0.0008586387736367055] and parameters: {'lag_0': 0.9787072442863803, 'lag_1': 0.17042448940639587, 'lag_2': 0.1493499122667357, 'lag_3': 0.5646406124074973, 'lag_4': 0.32159110638939814, 'lag_5': 0.004822104785485602, 'lag_6': 0.40643344749536675, 'lag_7': 0.10248751530703751, 'lag_8': 0.7214357423840646, 'lag_9': 0.6380353038305001, 'lag_10': 0.9715056720704092, 'lag_11': 0.08417662514535446, 'lag_12': 0.5120087798495544, 'lag_13': 0.6687191707586163, 'lag_14': 0.45440013149477954, 'lag_15': 0.06712357184837014, 'lag_16': 0.09008492399933779, 'lag_17': 0.18942601192086664, 'lag_18': 0.30242372389443706, 'lag_19': 0.15239002044868086, 'lag_20': 0.9528489675330122, 'lag_21': 0.40465568135379343, 'lag_22': 0.2786271542290727, 'lag_23': 0.6386895515275213, 'lag_24': 0.3174058629619239, 'lag_25': 0.38159138310485774, 'lag_26': 0.14932844564979403, 'lag_27': 0.5981480976000166, 'lag_28': 0.844854107644999}.
[I 2025-10-03 11:31:59,106] Trial 18 finished with values: [0.0, 0.0010277786810613944, 0.001308729236270445, 0.001841644904046779, 0.002682531643221666, 0.0034120345505952903, 0.002159652818482097, 0.0029262426483789854, 0.0025317678401513737, 0.0025480968313254275, 0.01677082368697888, 0.04538220514847988, 3.6574929180695276e-05, 0.018125189950467357, 0.0, 0.02168314843498754, 0.001337209305108912, 0.005685962760650533, 0.0022241396049113476, 0.0028407885619655807, 0.0004782336717948991, 0.001077328810297783, 0.0015738428328951237, 0.0027876987682999, 0.000824206778373043, 0.0042194842263909415, 0.0060038262350444755, 0.00047324128832520643, 0.0006865885569363169] and parameters: {'lag_0': 0.4498410267351042, 'lag_1': 0.26589302693929856, 'lag_2': 0.3673828458484584, 'lag_3': 0.37383972051564857, 'lag_4': 0.48255153347717844, 'lag_5': 0.6920693504123693, 'lag_6': 0.9320116323233154, 'lag_7': 0.6769536387554752, 'lag_8': 0.6369452789440402, 'lag_9': 0.10606334813932797, 'lag_10': 0.6636904228190709, 'lag_11': 0.9225363291676885, 'lag_12': 0.5482163292068316, 'lag_13': 0.17178605695774601, 'lag_14': 0.5255734941866584, 'lag_15': 0.11752284545849849, 'lag_16': 0.8755492224742173, 'lag_17': 0.12207436686606733, 'lag_18': 0.7424205457046781, 'lag_19': 0.7228099463379363, 'lag_20': 0.4651627634131884, 'lag_21': 0.06183352224301403, 'lag_22': 0.15264597655013765, 'lag_23': 0.09533684133532849, 'lag_24': 0.5976237350068807, 'lag_25': 0.5750207368235632, 'lag_26': 0.021485860564880572, 'lag_27': 0.3804580522179732, 'lag_28': 0.995099907591139}.
[I 2025-10-03 11:32:01,754] Trial 19 finished with values: [0.0, 0.006584479664885211, 0.00131798781582014, 0.004416351943106581, 0.0022755818638741277, 0.002511062547653528, 0.0025763861855941524, 0.002450343946455667, 0.003155289995648915, 0.004037577955289024, 0.01687031426604957, 0.04682571667562677, 0.0001434033584917764, 0.019160273346418837, 0.0, 0.023999993481114715, 0.0006322308986836345, 0.007585891210505846, 0.001489663879083896, 0.0025965055463680964, 0.0004765155334674186, 0.0013445503632500437, 0.0016397434871327891, 0.0024702759783304883, 0.0010526804298063494, 0.004348078452742479, 0.007176932946908035, 0.0018419255079620042, 0.000980148184281326] and parameters: {'lag_0': 0.25195209872778374, 'lag_1': 0.4850727095168924, 'lag_2': 0.04055331715671502, 'lag_3': 0.3491243589956554, 'lag_4': 0.891780192249531, 'lag_5': 0.3449174667989343, 'lag_6': 0.5091206860007015, 'lag_7': 0.4802443849992842, 'lag_8': 0.34437199414134, 'lag_9': 0.20737166805806273, 'lag_10': 0.39957398757274115, 'lag_11': 0.6014911096236756, 'lag_12': 0.9116845833861617, 'lag_13': 0.6609552613339249, 'lag_14': 0.5500469386190259, 'lag_15': 0.9578391003664856, 'lag_16': 0.2681923294228232, 'lag_17': 0.33214549275086336, 'lag_18': 0.651636451390717, 'lag_19': 0.31855382389831466, 'lag_20': 0.9650093161192752, 'lag_21': 0.5363123789606213, 'lag_22': 0.4157520826298262, 'lag_23': 0.8465693109098817, 'lag_24': 0.6124809316638761, 'lag_25': 0.29549865526811386, 'lag_26': 0.6318213426899139, 'lag_27': 0.15840491663593925, 'lag_28': 0.19342967497662458}.
[I 2025-10-03 11:32:04,403] Trial 20 finished with values: [0.0, 0.0020481868443267, 0.007164270863615453, 0.0022261582966608805, 0.0019150165505910823, 0.0036113420721524472, 0.001977461565271091, 0.00407323292923466, 0.002707214049894624, 0.001789431260866899, 0.016523901248012573, 0.045535592533930844, 0.00014508498533494593, 0.019998344184128186, 0.0, 0.021044690241431713, 0.0003282331349817408, 0.0069364928316945195, 0.001140241156357247, 0.0024593697195459162, 0.00022456732325935386, 0.0012592936023801042, 0.0007031352951177416, 0.00183054854537854, 0.00143179080784772, 0.005801675805023705, 0.006097399670998543, 0.0015785693982437986, 0.0015267930101395954] and parameters: {'lag_0': 0.6114848667743055, 'lag_1': 0.11544300031007013, 'lag_2': 0.86018866636966, 'lag_3': 0.22578354213425286, 'lag_4': 0.7374044123116347, 'lag_5': 0.5998046636887548, 'lag_6': 0.12512248582483262, 'lag_7': 0.342698330288766, 'lag_8': 0.13386368688106826, 'lag_9': 0.416505060774087, 'lag_10': 0.9718576380336488, 'lag_11': 0.6814787038208571, 'lag_12': 0.23862506944993742, 'lag_13': 0.1550784714701537, 'lag_14': 0.8120239489073893, 'lag_15': 0.1941112225805293, 'lag_16': 0.5126267707798962, 'lag_17': 0.3033784319332248, 'lag_18': 0.38362363137044814, 'lag_19': 0.2529653623084753, 'lag_20': 0.005480731569218164, 'lag_21': 0.70141719700261, 'lag_22': 0.9297020184691748, 'lag_23': 0.49815607395359013, 'lag_24': 0.4096644438030762, 'lag_25': 0.5376878875162195, 'lag_26': 0.029114933054467707, 'lag_27': 0.773971176346577, 'lag_28': 0.6581177186677399}.
[I 2025-10-03 11:32:07,046] Trial 21 finished with values: [0.0, 0.0015599273679156758, 0.0015008106683499032, 0.005042928318613119, 0.0022135899580453884, 0.0027681746702212565, 0.0029088981739289364, 0.002376747887949079, 0.002428562724938327, 0.0025169118523289077, 0.01577644646880217, 0.049889440244808916, 2.4738977370336806e-05, 0.019104920863467528, 0.0, 0.02029526011503769, 0.0012767353281660533, 0.007648860403763703, 0.0010448956210748026, 0.0018768910802953842, 0.00018835927001570367, 0.0014510262151301292, 0.0011846337513315207, 0.001958250419483751, 0.0007561399603905111, 0.004554010597250321, 0.004863968678277295, 0.004140355928816646, 0.0004800015152138696] and parameters: {'lag_0': 0.6492734920565603, 'lag_1': 0.14656977288090464, 'lag_2': 0.8742439637640156, 'lag_3': 0.6668657685645814, 'lag_4': 0.35443737340523945, 'lag_5': 0.2929872719941525, 'lag_6': 0.8839555087735305, 'lag_7': 0.6266680336839558, 'lag_8': 0.7262021474889461, 'lag_9': 0.6632425524586402, 'lag_10': 0.642537472679137, 'lag_11': 0.6581460786521014, 'lag_12': 0.7022027954820199, 'lag_13': 0.2810960996600906, 'lag_14': 0.7288053825517294, 'lag_15': 0.9006854206646657, 'lag_16': 0.601044576749195, 'lag_17': 0.4743266766594681, 'lag_18': 0.40946923530626017, 'lag_19': 0.6607467099718634, 'lag_20': 0.6579789077611582, 'lag_21': 0.150905585347581, 'lag_22': 0.5904355390770323, 'lag_23': 0.8333020457734241, 'lag_24': 0.7428527126187403, 'lag_25': 0.05240936028346799, 'lag_26': 0.8774597952361031, 'lag_27': 0.07561808439933153, 'lag_28': 0.9041279010852576}.
[I 2025-10-03 11:32:09,689] Trial 22 finished with values: [0.0, 0.0007240245646935333, 0.0013191324153823839, 0.002991317645325539, 0.0030057229299715717, 0.0036688121124565853, 0.002487543612361746, 0.002416120913486105, 0.004379239542980187, 0.0025767039508548936, 0.01745015453269239, 0.042808709493479966, 6.659311327496646e-05, 0.019683382388959187, 0.0, 0.020014106329032794, 0.0006881080908630367, 0.007371476554955621, 0.00164650021898542, 0.0028384070482567274, 0.00018694275631081698, 0.0009031147973539089, 0.001618982259307586, 0.0018162674396590434, 0.0012240164877047965, 0.004067595651604095, 0.0053863517750308895, 0.0020123652773457864, 0.0018174485731613371] and parameters: {'lag_0': 0.030316748763322354, 'lag_1': 0.5454225054538153, 'lag_2': 0.42000281421335145, 'lag_3': 0.02729265630651629, 'lag_4': 0.377003117290751, 'lag_5': 0.7640754462659884, 'lag_6': 0.10879629187306826, 'lag_7': 0.4814278125087297, 'lag_8': 0.8601619024510253, 'lag_9': 0.07593468950748153, 'lag_10': 0.7370639151367602, 'lag_11': 0.11199641863177054, 'lag_12': 0.276739426003388, 'lag_13': 0.6305414519832024, 'lag_14': 0.7306075598379914, 'lag_15': 0.5016397393426256, 'lag_16': 0.4738588355048254, 'lag_17': 0.03386381834669123, 'lag_18': 0.33776656045107906, 'lag_19': 0.6585787588620224, 'lag_20': 0.6481767907880233, 'lag_21': 0.4181460032258146, 'lag_22': 0.21427924094245104, 'lag_23': 0.9397329395499006, 'lag_24': 0.21897912215724852, 'lag_25': 0.3018204905084303, 'lag_26': 0.9042954371229062, 'lag_27': 0.14441874480896716, 'lag_28': 0.6065295022565245}.
[I 2025-10-03 11:32:12,346] Trial 23 finished with values: [0.0, 0.0022071365583270345, 0.0025104372577130713, 0.004015916404094611, 0.0019498833121657055, 0.0036146281515936443, 0.0028905749408328794, 0.0022161736695618032, 0.00142597359404343, 0.0021868956965005537, 0.015007206160823303, 0.04679658746631582, 0.00025773304359177516, 0.016081118169288214, 0.0, 0.02301948583594645, 0.00036466613731337956, 0.0062936615191725494, 0.0015056222956930693, 0.002402557470654501, 0.00042459046438688395, 0.0013548055296808636, 0.0012013038261818672, 0.0030349951267743722, 0.0010217362826046084, 0.004282317295055034, 0.006768633994079122, 0.0008401738046191732, 0.003117127931964155] and parameters: {'lag_0': 0.24180397528048003, 'lag_1': 0.8088335657338046, 'lag_2': 0.7339753096043293, 'lag_3': 0.6014809902893291, 'lag_4': 0.37787988143607004, 'lag_5': 0.45614655486160227, 'lag_6': 0.5740452380283902, 'lag_7': 0.5264647445780499, 'lag_8': 0.8690010938247377, 'lag_9': 0.5244660822993726, 'lag_10': 0.3138445075399427, 'lag_11': 0.42823588549226693, 'lag_12': 0.18813347988232226, 'lag_13': 0.8216378399501206, 'lag_14': 0.3024836836197147, 'lag_15': 0.7997813632444598, 'lag_16': 0.7633195979975854, 'lag_17': 0.5593307832866123, 'lag_18': 0.9424933817965828, 'lag_19': 0.6992311918681815, 'lag_20': 0.4772860459850886, 'lag_21': 0.5567149833531955, 'lag_22': 0.4752272993965255, 'lag_23': 0.36315900247269794, 'lag_24': 0.26957739254626717, 'lag_25': 0.4863627891035252, 'lag_26': 0.23759050804619217, 'lag_27': 0.8917841655071207, 'lag_28': 0.46206371773276994}.
[I 2025-10-03 11:32:15,002] Trial 24 finished with values: [0.0, 0.00510204081632653, 0.000859962229467724, 0.002164733361320164, 0.0029610741422567513, 0.004836459216336582, 0.002524364985344912, 0.0027194090788064725, 0.002204911845590948, 0.0023228832772509084, 0.016586313431434407, 0.04769916983078154, 0.0002325260853936295, 0.016632951439186555, 0.0, 0.027561098743414468, 0.00039187471252861625, 0.006211180116694711, 0.0012590186216059323, 0.0025867210618998565, 0.0005947315339311243, 0.0012238571023196422, 0.0007210388015202576, 0.0023360201414711636, 0.0011649795896491295, 0.00422960173263485, 0.006206474013850797, 0.0010332394013803728, 0.0017099861202425307] and parameters: {'lag_0': 0.33870555688831794, 'lag_1': 0.5105465149762087, 'lag_2': 0.18921519072621815, 'lag_3': 0.4550343683991088, 'lag_4': 0.025051576389389388, 'lag_5': 0.7682506186929062, 'lag_6': 0.7223886471542058, 'lag_7': 0.1426609745958456, 'lag_8': 0.4280356771650954, 'lag_9': 0.03385269846469459, 'lag_10': 0.05063901574516926, 'lag_11': 0.06470612240144964, 'lag_12': 0.45329294213425086, 'lag_13': 0.9690925186647917, 'lag_14': 0.7402827235044772, 'lag_15': 0.12086252480099757, 'lag_16': 0.7699400162504191, 'lag_17': 0.5837241038107863, 'lag_18': 0.9234380769576602, 'lag_19': 0.20171637560467115, 'lag_20': 0.877032197343088, 'lag_21': 0.37020713483750767, 'lag_22': 0.7124211523221521, 'lag_23': 0.8442994517962178, 'lag_24': 0.9454634832287024, 'lag_25': 0.34413051029100017, 'lag_26': 0.04087454850445115, 'lag_27': 0.6356352054133582, 'lag_28': 0.4030825570640411}.
[I 2025-10-03 11:32:17,657] Trial 25 finished with values: [0.0, 0.0008472222222222223, 0.0012256885771036454, 0.004365038646616114, 0.0010488150841473703, 0.002781171518212578, 0.0016933358583190975, 0.0023665580992531833, 0.002293261581481796, 0.00202616778289079, 0.015270971437208122, 0.0480001403349461, 0.0001076101324763704, 0.017009378258867183, 0.0, 0.02790390270325787, 0.0005667364244237551, 0.007100347657700981, 0.0016030787158238774, 0.002346587740452125, 0.0006673471197761464, 0.001900007243107829, 0.0015171661625835843, 0.0021210028868101144, 0.0002927720483706678, 0.005516562803394155, 0.006976448734738387, 0.001406732904559799, 0.0014951455729885939] and parameters: {'lag_0': 0.4341077485795861, 'lag_1': 0.16656871827025094, 'lag_2': 0.03528366092101496, 'lag_3': 0.919635607065132, 'lag_4': 0.8359623522520402, 'lag_5': 0.3088160835005458, 'lag_6': 0.26186509061881513, 'lag_7': 0.013270883458927995, 'lag_8': 0.2614157757645755, 'lag_9': 0.2058826355203555, 'lag_10': 0.655513057065275, 'lag_11': 0.7830846988447089, 'lag_12': 0.7668013803691746, 'lag_13': 0.7600125100537826, 'lag_14': 0.6241158516040061, 'lag_15': 0.49044631519851384, 'lag_16': 0.8304652244221424, 'lag_17': 0.1495081296973968, 'lag_18': 0.5725750477086369, 'lag_19': 0.5403428877487889, 'lag_20': 0.10873277429671702, 'lag_21': 0.8552695719901726, 'lag_22': 0.8694260761571468, 'lag_23': 0.521728274936648, 'lag_24': 0.5140130774991621, 'lag_25': 0.825224939101584, 'lag_26': 0.6576849586618423, 'lag_27': 0.9796117938350652, 'lag_28': 0.7721715636590007}.
