[I 2025-09-29 12:52:55,675] Trial 61 finished with value: 0.00784476109404928 and parameters: {'lag_0': 0.38640470802054366, 'lag_1': 0.6964995082814516, 'lag_2': 0.5080528529772543, 'lag_3': 0.8243075952380557, 'lag_4': 0.571606555047455, 'lag_5': 0.9754942493561544, 'lag_6': 0.22165192725966978, 'lag_7': 0.5050862792291458, 'lag_8': 0.0939950833291805, 'lag_9': 0.2038971013002008, 'lag_10': 0.6155922249544609, 'lag_11': 0.05100547252751479, 'lag_12': 0.447805931047798, 'lag_13': 0.3972732459091409, 'lag_14': 0.4613493878998824, 'lag_15': 0.5532942789741365, 'lag_16': 0.05032844793498334, 'lag_17': 0.41638287205179597, 'lag_18': 0.28630872110623895, 'lag_19': 0.16126878035814785, 'lag_20': 0.8358905353319981, 'lag_21': 0.7308161306507802, 'lag_22': 0.8873287297624567, 'lag_23': 0.9287645581054731, 'lag_24': 0.1940109322641925, 'lag_25': 0.0780594931201493, 'lag_26': 0.43022686733831944, 'lag_27': 0.06406648279135385, 'lag_28': 0.08970025976445625}. Best is trial 1 with value: 0.00713404537643055.
[I 2025-09-29 12:52:58,232] Trial 62 finished with value: 0.0076399323155713 and parameters: {'lag_0': 0.25150707072139744, 'lag_1': 0.3552306642364881, 'lag_2': 0.4237218170883309, 'lag_3': 0.9736932961426125, 'lag_4': 0.5338434878469663, 'lag_5': 0.8528488939777678, 'lag_6': 0.34069022293725554, 'lag_7': 0.48664750213489244, 'lag_8': 0.15998905630078153, 'lag_9': 0.2932811648027708, 'lag_10': 0.3131798615179488, 'lag_11': 0.10670482404848958, 'lag_12': 0.3140010786866824, 'lag_13': 0.4974554033437469, 'lag_14': 0.5332042968521762, 'lag_15': 0.6808321690859594, 'lag_16': 0.15722680723479038, 'lag_17': 0.5642565835329634, 'lag_18': 0.4854399876175985, 'lag_19': 0.25031597889857565, 'lag_20': 0.7383742816513986, 'lag_21': 0.8123235643865031, 'lag_22': 0.8066259188967044, 'lag_23': 0.7966588784027867, 'lag_24': 0.11407396458681637, 'lag_25': 0.04580477837664962, 'lag_26': 0.476224137595133, 'lag_27': 0.011499263076759442, 'lag_28': 0.0011531099956654817}. Best is trial 1 with value: 0.00713404537643055.
[I 2025-09-29 12:53:00,781] Trial 63 finished with value: 0.008467413513636434 and parameters: {'lag_0': 0.3140444608330891, 'lag_1': 0.5768261501816835, 'lag_2': 0.3395141276808071, 'lag_3': 0.9997511333977029, 'lag_4': 0.6576670915759629, 'lag_5': 0.09065665836641086, 'lag_6': 0.11108917962016986, 'lag_7': 0.6362940318615892, 'lag_8': 0.005970651478966209, 'lag_9': 0.3481119450052267, 'lag_10': 0.47215403377514453, 'lag_11': 0.0020841056747662456, 'lag_12': 0.015215048612418569, 'lag_13': 0.4505428253898197, 'lag_14': 0.9229758468297039, 'lag_15': 0.6024147169305267, 'lag_16': 0.0036043069629412283, 'lag_17': 0.6500368812338806, 'lag_18': 0.18130984358493002, 'lag_19': 0.09966047176363418, 'lag_20': 0.6332089374227805, 'lag_21': 0.7781037300364473, 'lag_22': 0.6886990021265355, 'lag_23': 0.7511118138400598, 'lag_24': 0.24069844379998073, 'lag_25': 0.16158761454870074, 'lag_26': 0.5619498824402944, 'lag_27': 0.1807665889977012, 'lag_28': 0.7257596512132711}. Best is trial 1 with value: 0.00713404537643055.
[I 2025-09-29 12:53:03,330] Trial 64 finished with value: 0.007969472798994617 and parameters: {'lag_0': 0.3800579222322549, 'lag_1': 0.8395611447687022, 'lag_2': 0.46474244431451206, 'lag_3': 0.05810645467742151, 'lag_4': 0.5857606252009231, 'lag_5': 0.5629642268171373, 'lag_6': 0.9292947416591143, 'lag_7': 0.42688270931658856, 'lag_8': 0.25278179743879864, 'lag_9': 0.2440068077935419, 'lag_10': 0.6915934887489505, 'lag_11': 0.17855965540573807, 'lag_12': 0.5904205312623546, 'lag_13': 0.29997434211235413, 'lag_14': 0.3229604269896238, 'lag_15': 0.6442485457067186, 'lag_16': 0.041560357437093826, 'lag_17': 0.4798381898745117, 'lag_18': 0.23405806226061793, 'lag_19': 0.2713266537850005, 'lag_20': 0.5685580984751528, 'lag_21': 0.5759500009982591, 'lag_22': 0.8596228708667222, 'lag_23': 0.850110307506768, 'lag_24': 0.15130615211398124, 'lag_25': 0.09940593438538395, 'lag_26': 0.3703814451742819, 'lag_27': 0.05884039843500732, 'lag_28': 0.06125898746496844}. Best is trial 1 with value: 0.00713404537643055.
[I 2025-09-29 12:53:05,879] Trial 65 finished with value: 0.00803299453965166 and parameters: {'lag_0': 0.2169012729036109, 'lag_1': 0.47584969270115, 'lag_2': 0.540427450807902, 'lag_3': 0.247867049741541, 'lag_4': 0.49289527598541855, 'lag_5': 0.7453944487226591, 'lag_6': 0.14724417109561064, 'lag_7': 0.39721588257008605, 'lag_8': 0.10757047297219896, 'lag_9': 0.16712256898905853, 'lag_10': 0.5837220157108642, 'lag_11': 0.22607587268089252, 'lag_12': 0.2532648199156574, 'lag_13': 0.3517220343572092, 'lag_14': 0.38922549930058414, 'lag_15': 0.7814181980664158, 'lag_16': 0.08441920501452072, 'lag_17': 0.3109051817980182, 'lag_18': 0.3980806295837687, 'lag_19': 0.31597567832504536, 'lag_20': 0.8063094848765616, 'lag_21': 0.852540995795207, 'lag_22': 0.5322712362555919, 'lag_23': 0.8980620243780516, 'lag_24': 0.20865061593960674, 'lag_25': 0.22614226555365538, 'lag_26': 0.1674753407025566, 'lag_27': 0.1147515200971656, 'lag_28': 0.1578273697846843}. Best is trial 1 with value: 0.00713404537643055.
[I 2025-09-29 12:53:08,432] Trial 66 finished with value: 0.007650485794342092 and parameters: {'lag_0': 0.13343462222803282, 'lag_1': 0.05260697138741058, 'lag_2': 0.37295041155221853, 'lag_3': 0.8595716308200065, 'lag_4': 0.40380482064263945, 'lag_5': 0.3283982005327873, 'lag_6': 0.8254981898858677, 'lag_7': 0.752397168065642, 'lag_8': 0.037680405355200994, 'lag_9': 0.125707816960502, 'lag_10': 0.13938675275060183, 'lag_11': 0.5560502890472445, 'lag_12': 0.1741989150528218, 'lag_13': 0.9676817740903821, 'lag_14': 0.4879485134540583, 'lag_15': 0.46994668391660016, 'lag_16': 0.8479186925397769, 'lag_17': 0.24784891110422874, 'lag_18': 0.7813512381454865, 'lag_19': 0.19468873777677606, 'lag_20': 0.9564661857242267, 'lag_21': 0.6872459133694415, 'lag_22': 0.9468364717590491, 'lag_23': 0.5706082276457133, 'lag_24': 0.6277666219518582, 'lag_25': 0.31132874356492923, 'lag_26': 0.48434033990223613, 'lag_27': 0.4167288097486766, 'lag_28': 0.1324644161228697}. Best is trial 1 with value: 0.00713404537643055.
[I 2025-09-29 12:53:11,122] Trial 67 finished with value: 0.007498725670187353 and parameters: {'lag_0': 0.42687261384080977, 'lag_1': 0.6221928823269867, 'lag_2': 0.26108256310156863, 'lag_3': 0.11350921279065362, 'lag_4': 0.6024860761600921, 'lag_5': 0.818843244486597, 'lag_6': 0.2634457217655272, 'lag_7': 0.5381175825687696, 'lag_8': 0.35924913447683016, 'lag_9': 0.40402125626595564, 'lag_10': 0.6497109911686333, 'lag_11': 0.3975987748407429, 'lag_12': 0.5323729841456311, 'lag_13': 0.4051367978991321, 'lag_14': 0.16806667362036193, 'lag_15': 0.8621256873242134, 'lag_16': 0.16568756379200364, 'lag_17': 0.8217984083981258, 'lag_18': 0.36832824390669777, 'lag_19': 0.9447091110038358, 'lag_20': 0.7005307955565653, 'lag_21': 0.6546733836400324, 'lag_22': 0.6172968918907195, 'lag_23': 0.6434948779017118, 'lag_24': 0.8430606899797218, 'lag_25': 0.19433206600284786, 'lag_26': 0.32939284698849763, 'lag_27': 0.2169305625662989, 'lag_28': 0.03366917692764131}. Best is trial 1 with value: 0.00713404537643055.
[I 2025-09-29 12:53:13,686] Trial 68 finished with value: 0.007608531770613684 and parameters: {'lag_0': 0.42804140225300324, 'lag_1': 0.6520204723081264, 'lag_2': 0.28248273867517903, 'lag_3': 0.3407861726734037, 'lag_4': 0.5175262537917021, 'lag_5': 0.8198538457865152, 'lag_6': 0.26914129373800705, 'lag_7': 0.8697546310621739, 'lag_8': 0.3722528730403291, 'lag_9': 0.41032262182793267, 'lag_10': 0.6567807987654576, 'lag_11': 0.3846063886644189, 'lag_12': 0.5379535807849715, 'lag_13': 0.4095893977860494, 'lag_14': 0.16403720268198846, 'lag_15': 0.8743821070372599, 'lag_16': 0.3048768711323323, 'lag_17': 0.8938035344480127, 'lag_18': 0.1260508653765456, 'lag_19': 0.9481525779240495, 'lag_20': 0.6957386547316289, 'lag_21': 0.8853806037253782, 'lag_22': 0.6123645206574194, 'lag_23': 0.6297401438993797, 'lag_24': 0.8437656731272446, 'lag_25': 0.1907980985031043, 'lag_26': 0.26617217689957007, 'lag_27': 0.23721880869115747, 'lag_28': 0.027945131837176545}. Best is trial 1 with value: 0.00713404537643055.
[I 2025-09-29 12:53:16,249] Trial 69 finished with value: 0.007994516625353991 and parameters: {'lag_0': 0.48809862127996956, 'lag_1': 0.6155973396969203, 'lag_2': 0.2603074980603049, 'lag_3': 0.1175964157064836, 'lag_4': 0.7213399304696271, 'lag_5': 0.9086178308106925, 'lag_6': 0.36915193608197083, 'lag_7': 0.6001803567420769, 'lag_8': 0.44242023703508165, 'lag_9': 0.4901756185536863, 'lag_10': 0.7308205370779244, 'lag_11': 0.19618334072576007, 'lag_12': 0.3761834497177957, 'lag_13': 0.22716811344402463, 'lag_14': 0.0443815561375627, 'lag_15': 0.7506520124555768, 'lag_16': 0.2501781875053326, 'lag_17': 0.4472796999212427, 'lag_18': 0.2870407752257889, 'lag_19': 0.8964598594413952, 'lag_20': 0.8393305611843607, 'lag_21': 0.8058538755349952, 'lag_22': 0.6600175440275655, 'lag_23': 0.6963584360896333, 'lag_24': 0.9470039566432948, 'lag_25': 0.2752403446699251, 'lag_26': 0.3390573235107198, 'lag_27': 0.3215280108031214, 'lag_28': 0.3279343903447582}. Best is trial 1 with value: 0.00713404537643055.
[I 2025-09-29 12:53:18,820] Trial 70 finished with value: 0.008320256401174602 and parameters: {'lag_0': 0.5237606035577261, 'lag_1': 0.5629876385845731, 'lag_2': 0.31345669790793235, 'lag_3': 0.4607163282121093, 'lag_4': 0.6098152501792277, 'lag_5': 0.8761757186214434, 'lag_6': 0.4299425383939471, 'lag_7': 0.15196262097786656, 'lag_8': 0.23488573432396048, 'lag_9': 0.3377206908573119, 'lag_10': 0.3035688927664934, 'lag_11': 0.14490232630715244, 'lag_12': 0.5064386618591612, 'lag_13': 0.4744083223248552, 'lag_14': 0.2807404976997502, 'lag_15': 0.8103155693023775, 'lag_16': 0.16779508382813257, 'lag_17': 0.7916259445440071, 'lag_18': 0.5627227362230067, 'lag_19': 0.9928972012156554, 'lag_20': 0.7455034861245898, 'lag_21': 0.6642797764635427, 'lag_22': 0.7894086169844065, 'lag_23': 0.4333501942596032, 'lag_24': 0.586259854543563, 'lag_25': 0.4328730759519328, 'lag_26': 0.31390433535511986, 'lag_27': 0.20724019857394194, 'lag_28': 0.21719197537545573}. Best is trial 1 with value: 0.00713404537643055.
[I 2025-09-29 12:53:21,374] Trial 71 finished with value: 0.007847663397834919 and parameters: {'lag_0': 0.2928516862518643, 'lag_1': 0.6116173921352566, 'lag_2': 0.5663806212850279, 'lag_3': 0.1660730366267445, 'lag_4': 0.5576304062514269, 'lag_5': 0.9620116219769758, 'lag_6': 0.21223411954017934, 'lag_7': 0.5383998584303552, 'lag_8': 0.1475235585284099, 'lag_9': 0.460004156883609, 'lag_10': 0.6118759386546166, 'lag_11': 0.4867181024069318, 'lag_12': 0.4473473493128339, 'lag_13': 0.3708911773114079, 'lag_14': 0.12117974453963433, 'lag_15': 0.970863895880087, 'lag_16': 0.11240944033114073, 'lag_17': 0.8199823647679253, 'lag_18': 0.3653623632911372, 'lag_19': 0.8648536648888296, 'lag_20': 0.6645573556295329, 'lag_21': 0.6309076170719139, 'lag_22': 0.7142839620379431, 'lag_23': 0.9520213213346354, 'lag_24': 0.852651301392659, 'lag_25': 0.1448695411404868, 'lag_26': 0.3870763163894114, 'lag_27': 0.37586293554264405, 'lag_28': 0.08862960670759923}. Best is trial 1 with value: 0.00713404537643055.
[I 2025-09-29 12:53:23,933] Trial 72 finished with value: 0.008141288380380996 and parameters: {'lag_0': 0.10953495535892507, 'lag_1': 0.43570434724834056, 'lag_2': 0.18155513042349763, 'lag_3': 0.9165527507342068, 'lag_4': 0.4554571066148317, 'lag_5': 0.20150963563761365, 'lag_6': 0.3320431498229969, 'lag_7': 0.48723989262138967, 'lag_8': 0.6899383096865117, 'lag_9': 0.31332792600215514, 'lag_10': 0.7936445688978606, 'lag_11': 0.611525578104582, 'lag_12': 0.555452638306533, 'lag_13': 0.8739359780172606, 'lag_14': 0.19144772342293057, 'lag_15': 0.6950665110288445, 'lag_16': 0.22124296349582667, 'lag_17': 0.9435258968928592, 'lag_18': 0.4490847800750988, 'lag_19': 0.3713631200604388, 'lag_20': 0.503136451870097, 'lag_21': 0.6066886393747312, 'lag_22': 0.6006045077624036, 'lag_23': 0.6488261083842439, 'lag_24': 0.7811340636794925, 'lag_25': 0.08477046605730199, 'lag_26': 0.42127200060329073, 'lag_27': 0.15805825348431415, 'lag_28': 0.06532659875552786}. Best is trial 1 with value: 0.00713404537643055.
[I 2025-09-29 12:53:26,486] Trial 73 finished with value: 0.011240314702753136 and parameters: {'lag_0': 0.3704731018821297, 'lag_1': 0.5012910781429611, 'lag_2': 0.4875353363705184, 'lag_3': 0.12545375050730292, 'lag_4': 0.6426820320995251, 'lag_5': 0.9984215249482378, 'lag_6': 0.1620152438342533, 'lag_7': 0.6602809964241327, 'lag_8': 0.7587986093782028, 'lag_9': 0.2731706061157318, 'lag_10': 0.5529988497455545, 'lag_11': 0.06816489952303144, 'lag_12': 0.6091827450306243, 'lag_13': 0.754688009745904, 'lag_14': 0.34008403078628613, 'lag_15': 0.9067909233258571, 'lag_16': 0.18951253552625297, 'lag_17': 0.5861251812895777, 'lag_18': 0.32529678324172395, 'lag_19': 0.9548756892012837, 'lag_20': 0.38909528277958394, 'lag_21': 0.7457644509636853, 'lag_22': 0.5720404715357197, 'lag_23': 0.3590116366627808, 'lag_24': 0.04931085608634028, 'lag_25': 0.2395158549785033, 'lag_26': 0.1970090008961093, 'lag_27': 0.26225676840299045, 'lag_28': 0.1065566700011622}. Best is trial 1 with value: 0.00713404537643055.
[I 2025-09-29 12:53:29,038] Trial 74 finished with value: 0.007891416446876253 and parameters: {'lag_0': 0.47339006439933595, 'lag_1': 0.7514171455581801, 'lag_2': 0.3880620541491491, 'lag_3': 0.05498975445659973, 'lag_4': 0.02104173400163315, 'lag_5': 0.9137485955740106, 'lag_6': 0.20286723806520304, 'lag_7': 0.3162715006353905, 'lag_8': 0.0962898223218801, 'lag_9': 0.3840401369704697, 'lag_10': 0.5092293125641941, 'lag_11': 0.11505732822341298, 'lag_12': 0.1258565872964962, 'lag_13': 0.9945808807220564, 'lag_14': 0.4336857664906066, 'lag_15': 0.8462991802191475, 'lag_16': 0.05982442718991522, 'lag_17': 0.7040885546128219, 'lag_18': 0.07745840979130444, 'lag_19': 0.0069388052147977275, 'lag_20': 0.7861592033270169, 'lag_21': 0.7021879719736739, 'lag_22': 0.5056767564143065, 'lag_23': 0.4858382611164387, 'lag_24': 0.7808110058819171, 'lag_25': 0.6384061081816115, 'lag_26': 0.1467247591225332, 'lag_27': 0.2927886392503152, 'lag_28': 0.028717325234828228}. Best is trial 1 with value: 0.00713404537643055.
[I 2025-09-29 12:53:31,595] Trial 75 finished with value: 0.00781760454290346 and parameters: {'lag_0': 0.3332021247942672, 'lag_1': 0.6655698681329671, 'lag_2': 0.4521765328784796, 'lag_3': 0.19750853398980578, 'lag_4': 0.588579699321278, 'lag_5': 0.5185242247378229, 'lag_6': 0.07117103399477537, 'lag_7': 0.25283523853870715, 'lag_8': 0.20637457152174193, 'lag_9': 0.08812146654697209, 'lag_10': 0.3617399724866516, 'lag_11': 0.29310517286842463, 'lag_12': 0.4742720488503154, 'lag_13': 0.5267762415584554, 'lag_14': 0.2347226087152584, 'lag_15': 0.9551241894301548, 'lag_16': 0.5437527010719608, 'lag_17': 0.6367503713949453, 'lag_18': 0.19723372746677995, 'lag_19': 0.6053284383916516, 'lag_20': 0.6917228745069695, 'lag_21': 0.764108540441421, 'lag_22': 0.9299400733972626, 'lag_23': 0.061554541245199344, 'lag_24': 0.7351322779917615, 'lag_25': 0.3343120732369858, 'lag_26': 0.24461662748195032, 'lag_27': 0.3534407987566244, 'lag_28': 0.8067560940472479}. Best is trial 1 with value: 0.00713404537643055.
[I 2025-09-29 12:53:34,148] Trial 76 finished with value: 0.008087395197342135 and parameters: {'lag_0': 0.4165277972177108, 'lag_1': 0.873986234959974, 'lag_2': 0.5962083689498869, 'lag_3': 0.012540641669252475, 'lag_4': 0.9807790612067455, 'lag_5': 0.7964472505337711, 'lag_6': 0.2508162078012145, 'lag_7': 0.5252868912528064, 'lag_8': 0.8319494456326455, 'lag_9': 0.2102455994731429, 'lag_10': 0.1954020870378946, 'lag_11': 0.16001426523349527, 'lag_12': 0.9730531676321441, 'lag_13': 0.4587501719822532, 'lag_14': 0.37312377183306644, 'lag_15': 0.803339237884023, 'lag_16': 0.272481225673757, 'lag_17': 0.3876691252329464, 'lag_18': 0.2734362609421037, 'lag_19': 0.8286449340678912, 'lag_20': 0.8860012291821866, 'lag_21': 0.32496719865647505, 'lag_22': 0.752129665833249, 'lag_23': 0.11997541240142442, 'lag_24': 0.12320087517277392, 'lag_25': 0.027272142424651938, 'lag_26': 0.4603183547233974, 'lag_27': 0.4381960664824586, 'lag_28': 0.14903974327943073}. Best is trial 1 with value: 0.00713404537643055.
[I 2025-09-29 12:53:36,696] Trial 77 finished with value: 0.008422759927406131 and parameters: {'lag_0': 0.2373811668779056, 'lag_1': 0.9362420817004001, 'lag_2': 0.419032528156556, 'lag_3': 0.7720837276294192, 'lag_4': 0.35870511414449824, 'lag_5': 0.361450198710491, 'lag_6': 0.6567955278150011, 'lag_7': 0.8049436465159912, 'lag_8': 0.32742400360609997, 'lag_9': 0.36135665879926204, 'lag_10': 0.6416792112806058, 'lag_11': 0.2526912603208733, 'lag_12': 0.19088771959803416, 'lag_13': 0.8255971921337568, 'lag_14': 0.41287055172488585, 'lag_15': 0.9063112636001229, 'lag_16': 0.15684121219903044, 'lag_17': 0.5391364891484379, 'lag_18': 0.23250173048365486, 'lag_19': 0.7671774701621135, 'lag_20': 0.5771456283359727, 'lag_21': 0.5008036811611817, 'lag_22': 0.6352256328206705, 'lag_23': 0.7285800489693484, 'lag_24': 0.6785920451852012, 'lag_25': 0.2078104074646352, 'lag_26': 0.10403609780425127, 'lag_27': 0.7624788407608194, 'lag_28': 0.06368884770869204}. Best is trial 1 with value: 0.00713404537643055.
[I 2025-09-29 12:53:39,252] Trial 78 finished with value: 0.00837795838820486 and parameters: {'lag_0': 0.04778539537961851, 'lag_1': 0.2941589810496489, 'lag_2': 0.5001214471741499, 'lag_3': 0.7167984120222337, 'lag_4': 0.5193231291800646, 'lag_5': 0.6738871707705567, 'lag_6': 0.03176831883839594, 'lag_7': 0.5603960462177164, 'lag_8': 0.03154220945461558, 'lag_9': 0.2905212735788063, 'lag_10': 0.4483631293527285, 'lag_11': 0.4107821529616341, 'lag_12': 0.8797042235456466, 'lag_13': 0.5654253249121399, 'lag_14': 0.07720513414320568, 'lag_15': 0.6357305395087561, 'lag_16': 0.0878027314959328, 'lag_17': 0.8749019968752709, 'lag_18': 0.15823170475682025, 'lag_19': 0.4543686523137105, 'lag_20': 0.3578761425246455, 'lag_21': 0.5598246259541232, 'lag_22': 0.8978365494627488, 'lag_23': 0.8076818186837821, 'lag_24': 0.9192804165403958, 'lag_25': 0.11755566925222011, 'lag_26': 0.7901364671572584, 'lag_27': 0.40345584968948667, 'lag_28': 0.0003495776326163519}. Best is trial 1 with value: 0.00713404537643055.
[I 2025-09-29 12:53:41,808] Trial 79 finished with value: 0.008252959186527836 and parameters: {'lag_0': 0.18912435303849714, 'lag_1': 0.9763343805280267, 'lag_2': 0.8833850633550899, 'lag_3': 0.9584637539538113, 'lag_4': 0.5552723822745872, 'lag_5': 0.12482681680122099, 'lag_6': 0.5253456623580292, 'lag_7': 0.6179387328835336, 'lag_8': 0.40937224510883924, 'lag_9': 0.1779653265031866, 'lag_10': 0.250910026457771, 'lag_11': 0.026506807517665126, 'lag_12': 0.40617558714046986, 'lag_13': 0.4179193309884337, 'lag_14': 0.6064785286794823, 'lag_15': 0.019805056097354, 'lag_16': 0.12373378502806595, 'lag_17': 0.7563731416150969, 'lag_18': 0.37749808612314, 'lag_19': 0.9220732545955148, 'lag_20': 0.6359252140744307, 'lag_21': 0.6541785193688452, 'lag_22': 0.8489106036044433, 'lag_23': 0.5431953553678723, 'lag_24': 0.3428426689434593, 'lag_25': 0.06702587186747735, 'lag_26': 0.506189935913913, 'lag_27': 0.5260998090869353, 'lag_28': 0.565922933736002}. Best is trial 1 with value: 0.00713404537643055.
[I 2025-09-29 12:53:44,351] Trial 80 finished with value: 0.007727154663329948 and parameters: {'lag_0': 0.2670483006210308, 'lag_1': 0.8065470885634948, 'lag_2': 0.4384121144523899, 'lag_3': 0.8899755569974844, 'lag_4': 0.42014924029841627, 'lag_5': 0.5938713923708574, 'lag_6': 0.16934668689436205, 'lag_7': 0.8986139888069077, 'lag_8': 0.47423922902143617, 'lag_9': 0.14318280194700944, 'lag_10': 0.7558951719594683, 'lag_11': 0.060052365039454894, 'lag_12': 0.3052868921559928, 'lag_13': 0.28541535846999594, 'lag_14': 0.1536217275326982, 'lag_15': 0.16878509067451972, 'lag_16': 0.02539441858081365, 'lag_17': 0.8286657439306326, 'lag_18': 0.3454706138358485, 'lag_19': 0.38588733485220517, 'lag_20': 0.7591044495691529, 'lag_21': 0.8387237166258342, 'lag_22': 0.38037026593330636, 'lag_23': 0.9153854454283051, 'lag_24': 0.8074266230272213, 'lag_25': 0.1557299134531306, 'lag_26': 0.2965450510183302, 'lag_27': 0.09956275335423852, 'lag_28': 0.4458124353155254}. Best is trial 1 with value: 0.00713404537643055.
[I 2025-09-29 12:53:46,912] Trial 81 finished with value: 0.008250944588420309 and parameters: {'lag_0': 0.8065326641138375, 'lag_1': 0.1943851949334799, 'lag_2': 0.24331775169280911, 'lag_3': 0.9117099591749616, 'lag_4': 0.205574499414498, 'lag_5': 0.8631929033301534, 'lag_6': 0.7593715785863401, 'lag_7': 0.04677739022485092, 'lag_8': 0.5208201058360977, 'lag_9': 0.41416479036743636, 'lag_10': 0.1952320334888607, 'lag_11': 0.8459803816015415, 'lag_12': 0.9255651552901788, 'lag_13': 0.9017793659802312, 'lag_14': 0.2869755892722528, 'lag_15': 0.03665314882297316, 'lag_16': 0.8879373354402853, 'lag_17': 0.07710196819787402, 'lag_18': 0.08403497466630781, 'lag_19': 0.2597881253721666, 'lag_20': 0.009338743012018473, 'lag_21': 0.7309350122293067, 'lag_22': 0.03295551241750572, 'lag_23': 0.6705006770655123, 'lag_24': 0.4940854968726621, 'lag_25': 0.7575842053991916, 'lag_26': 0.6271767310487881, 'lag_27': 0.31474640443306096, 'lag_28': 0.416704648390409}. Best is trial 1 with value: 0.00713404537643055.
