2025-09-29 11:51:53,972 - distributed.nanny - INFO -         Start Nanny at: 'tcp://192.168.86.107:43263'
2025-09-29 11:51:55,296 - distributed.worker - INFO -       Start worker at: tcp://192.168.86.107:44301
2025-09-29 11:51:55,296 - distributed.worker - INFO -          Listening to: tcp://192.168.86.107:44301
2025-09-29 11:51:55,296 - distributed.worker - INFO -           Worker name:             SLURMCluster-5
2025-09-29 11:51:55,296 - distributed.worker - INFO -          dashboard at:       192.168.86.107:43784
2025-09-29 11:51:55,296 - distributed.worker - INFO - Waiting to connect to: tcp://192.168.86.101:45699
2025-09-29 11:51:55,297 - distributed.worker - INFO - -------------------------------------------------
2025-09-29 11:51:55,297 - distributed.worker - INFO -               Threads:                          1
2025-09-29 11:51:55,297 - distributed.worker - INFO -                Memory:                   9.31 GiB
2025-09-29 11:51:55,297 - distributed.worker - INFO -       Local Directory: /home1/zrentala/dask-worker-space/dask-scratch-space/worker-3_xjf9zp
2025-09-29 11:51:55,297 - distributed.worker - INFO - -------------------------------------------------
2025-09-29 11:51:55,590 - distributed.worker - INFO - Starting Worker plugin shuffle
2025-09-29 11:51:55,590 - distributed.worker - INFO -         Registered to: tcp://192.168.86.101:45699
2025-09-29 11:51:55,590 - distributed.worker - INFO - -------------------------------------------------
2025-09-29 11:51:55,591 - distributed.core - INFO - Starting established connection to tcp://192.168.86.101:45699
[I 2025-09-29 11:51:55,669] A new study created in memory with name: no-name-468523e0-fbf8-4c24-b7fe-22f1d5d5d793
[I 2025-09-29 11:51:57,975] Trial 0 finished with value: 0.010170487176313931 and parameters: {'lag_0': 0.9372475956099874, 'lag_1': 0.6434975221212965, 'lag_2': 0.53234212264823, 'lag_3': 0.834979619310894, 'lag_4': 0.38304279912877087, 'lag_5': 0.9661121214453504, 'lag_6': 0.5490690821967488, 'lag_7': 0.6576634934294245, 'lag_8': 0.09832967142043393, 'lag_9': 0.21367327661471686, 'lag_10': 0.09836116730343582, 'lag_11': 0.02627547325542458, 'lag_12': 0.6525740549799037, 'lag_13': 0.13415619056404415, 'lag_14': 0.05110648065945568, 'lag_15': 0.9503561391489295, 'lag_16': 0.43060912839298854, 'lag_17': 0.8860546817462375, 'lag_18': 0.03117566137590091, 'lag_19': 0.2915367295039156, 'lag_20': 0.04090646503397567, 'lag_21': 0.4343977969178997, 'lag_22': 0.02929335451120465, 'lag_23': 0.41987314040968743, 'lag_24': 0.7080574339677463, 'lag_25': 0.7184992749007278, 'lag_26': 0.5302010059901849, 'lag_27': 0.20862743027767175, 'lag_28': 0.22008835636938373}. Best is trial 0 with value: 0.010170487176313931.
[I 2025-09-29 11:52:00,266] Trial 1 finished with value: 0.010060723097495226 and parameters: {'lag_0': 0.0491238871352153, 'lag_1': 0.1848677532515463, 'lag_2': 0.9554216996288267, 'lag_3': 0.06786834286762648, 'lag_4': 0.6549832907905023, 'lag_5': 0.3685523204191098, 'lag_6': 0.8503975747117363, 'lag_7': 0.28307043941992505, 'lag_8': 0.9572629393631547, 'lag_9': 0.001826061378415213, 'lag_10': 0.727454976224547, 'lag_11': 0.04171672618919765, 'lag_12': 0.47245102273128997, 'lag_13': 0.2765973215985173, 'lag_14': 0.9499516412794896, 'lag_15': 0.6603824463483605, 'lag_16': 0.9561044469804768, 'lag_17': 0.09363973628681439, 'lag_18': 0.16310657316736238, 'lag_19': 0.2874468464085521, 'lag_20': 0.8648174738781231, 'lag_21': 0.38890156281965715, 'lag_22': 0.07201071999221285, 'lag_23': 0.8007285773438524, 'lag_24': 0.4051635737630647, 'lag_25': 0.631616678575816, 'lag_26': 0.1114647007494745, 'lag_27': 0.43766832622847446, 'lag_28': 0.5433556431233839}. Best is trial 1 with value: 0.010060723097495226.
[I 2025-09-29 11:52:02,551] Trial 2 finished with value: 0.010536411217177293 and parameters: {'lag_0': 0.36518049650961376, 'lag_1': 0.6271179310857196, 'lag_2': 0.9561888442413966, 'lag_3': 0.23464522069586796, 'lag_4': 0.19925159797192188, 'lag_5': 0.9472009051303523, 'lag_6': 0.5772571646003437, 'lag_7': 0.8168148797490226, 'lag_8': 0.3535723524507241, 'lag_9': 0.0866870010916359, 'lag_10': 0.730331216761062, 'lag_11': 0.5054753330961356, 'lag_12': 0.8975445138623264, 'lag_13': 0.3888372081973583, 'lag_14': 0.7123976856739596, 'lag_15': 0.5286419449116048, 'lag_16': 0.9712319985569451, 'lag_17': 0.20424849824627556, 'lag_18': 0.5866195180345216, 'lag_19': 0.3579347674727372, 'lag_20': 0.9955290670895178, 'lag_21': 0.7440099908691759, 'lag_22': 0.2808053243139332, 'lag_23': 0.09156551205689104, 'lag_24': 0.6381283229015409, 'lag_25': 0.9098196933034556, 'lag_26': 0.23368983388495285, 'lag_27': 0.7612887182504835, 'lag_28': 0.5049259124129031}. Best is trial 1 with value: 0.010060723097495226.
[I 2025-09-29 11:52:04,846] Trial 3 finished with value: 0.01054865979840308 and parameters: {'lag_0': 0.4025136734366002, 'lag_1': 0.2751115648033141, 'lag_2': 0.6195601214670899, 'lag_3': 0.3521998655786281, 'lag_4': 0.4389284158131725, 'lag_5': 0.30993165870864087, 'lag_6': 0.8740267228673776, 'lag_7': 0.299735782414592, 'lag_8': 0.9832715598816708, 'lag_9': 0.46473041379204294, 'lag_10': 0.09916780354224636, 'lag_11': 0.8445777732963179, 'lag_12': 0.145978103210122, 'lag_13': 0.7052886447370283, 'lag_14': 0.7453528059301661, 'lag_15': 0.3276712373728128, 'lag_16': 0.8723691520081259, 'lag_17': 0.07384926609385725, 'lag_18': 0.09172887378041962, 'lag_19': 0.7477571402735423, 'lag_20': 0.2384090154741818, 'lag_21': 0.5374299525308588, 'lag_22': 0.10625852731508098, 'lag_23': 0.7683333916773802, 'lag_24': 0.023518945669345006, 'lag_25': 0.8338046395176203, 'lag_26': 0.972243233500321, 'lag_27': 0.3903882249956654, 'lag_28': 0.7832180998202029}. Best is trial 1 with value: 0.010060723097495226.
[I 2025-09-29 11:52:07,125] Trial 4 finished with value: 0.010654400360826282 and parameters: {'lag_0': 0.3269001893532628, 'lag_1': 0.7143512890443462, 'lag_2': 0.27028887264382895, 'lag_3': 0.5235973485353079, 'lag_4': 0.045964937675930524, 'lag_5': 0.6444770201772685, 'lag_6': 0.4059102235720127, 'lag_7': 0.12248962781613518, 'lag_8': 0.5945632587025802, 'lag_9': 0.5984211921352587, 'lag_10': 0.614415417154226, 'lag_11': 0.5844870139998585, 'lag_12': 0.1912963820312337, 'lag_13': 0.3772620953305537, 'lag_14': 0.23107894296586337, 'lag_15': 0.45278684847755957, 'lag_16': 0.609098870106609, 'lag_17': 0.22718136928753102, 'lag_18': 0.5670836485610842, 'lag_19': 0.9845736415807593, 'lag_20': 0.8151695390341462, 'lag_21': 0.4914093256398286, 'lag_22': 0.9796914016484413, 'lag_23': 0.871242789696582, 'lag_24': 0.16180054465381535, 'lag_25': 0.02996217905209611, 'lag_26': 0.2627000576036345, 'lag_27': 0.315682932649107, 'lag_28': 0.37964727382449537}. Best is trial 1 with value: 0.010060723097495226.
[I 2025-09-29 11:52:09,419] Trial 5 finished with value: 0.010431857471134651 and parameters: {'lag_0': 0.5827686290928077, 'lag_1': 0.1314329617833386, 'lag_2': 0.5745368121757821, 'lag_3': 0.29121500350741425, 'lag_4': 0.4823853518537743, 'lag_5': 0.8658715594896769, 'lag_6': 0.22162402412185897, 'lag_7': 0.8839558275882633, 'lag_8': 0.13742058082808506, 'lag_9': 0.2447588607324355, 'lag_10': 0.24623789170498536, 'lag_11': 0.6331543625648939, 'lag_12': 0.24668383712349384, 'lag_13': 0.6118994462499332, 'lag_14': 0.3646025309781971, 'lag_15': 0.3133597541821159, 'lag_16': 0.2462426640731818, 'lag_17': 0.5551464175108024, 'lag_18': 0.13508796284163938, 'lag_19': 0.721530403164507, 'lag_20': 0.9054031977127872, 'lag_21': 0.6840407585992112, 'lag_22': 0.8293872275268773, 'lag_23': 0.4184159689411605, 'lag_24': 0.3346127090241345, 'lag_25': 0.25490758527264085, 'lag_26': 0.16185216079717057, 'lag_27': 0.3025928818426206, 'lag_28': 0.3117644318870153}. Best is trial 1 with value: 0.010060723097495226.
[I 2025-09-29 11:52:11,698] Trial 6 finished with value: 0.010472739938042543 and parameters: {'lag_0': 0.014683062266948174, 'lag_1': 0.9222160688343539, 'lag_2': 0.8221000552454634, 'lag_3': 0.5522595934379271, 'lag_4': 0.40974188772077064, 'lag_5': 0.6932493253757249, 'lag_6': 0.9941451330565279, 'lag_7': 0.42555130507651534, 'lag_8': 0.6449745395965151, 'lag_9': 0.61957302498981, 'lag_10': 0.33241257954004455, 'lag_11': 0.4992648513395121, 'lag_12': 0.9962982149268236, 'lag_13': 0.15429268120637663, 'lag_14': 0.0061432903053173235, 'lag_15': 0.5528877271853838, 'lag_16': 0.5143676065257957, 'lag_17': 0.7093152155578963, 'lag_18': 0.8842711427853183, 'lag_19': 0.056584274137724426, 'lag_20': 0.5318062239689607, 'lag_21': 0.276553620671907, 'lag_22': 0.27656995758361874, 'lag_23': 0.33414944410658576, 'lag_24': 0.2837180114154436, 'lag_25': 0.9730993070412411, 'lag_26': 0.12519476711751856, 'lag_27': 0.27249806185504216, 'lag_28': 0.37694219433006654}. Best is trial 1 with value: 0.010060723097495226.
[I 2025-09-29 11:52:13,970] Trial 7 finished with value: 0.010493642302878189 and parameters: {'lag_0': 0.9973574927082034, 'lag_1': 0.5101962581122661, 'lag_2': 0.40878423939202035, 'lag_3': 0.794591209410712, 'lag_4': 0.2943362841346329, 'lag_5': 0.062033753412538105, 'lag_6': 0.5235201862303165, 'lag_7': 0.614573420650293, 'lag_8': 0.0232633837816885, 'lag_9': 0.9591626006659875, 'lag_10': 0.744244458950966, 'lag_11': 0.5037423919407622, 'lag_12': 0.36386947227861005, 'lag_13': 0.14378467710201676, 'lag_14': 0.42886775744145217, 'lag_15': 0.22341749631012445, 'lag_16': 0.9741494474979445, 'lag_17': 0.09436116267959803, 'lag_18': 0.4691017674918015, 'lag_19': 0.6337783056530123, 'lag_20': 0.7905095432480591, 'lag_21': 0.17612011438114322, 'lag_22': 0.5691668032206428, 'lag_23': 0.8672871329811034, 'lag_24': 0.820801848447633, 'lag_25': 0.4732327746341971, 'lag_26': 0.8586049915984917, 'lag_27': 0.5929405880454156, 'lag_28': 0.9584465734274515}. Best is trial 1 with value: 0.010060723097495226.
[I 2025-09-29 11:52:16,242] Trial 8 finished with value: 0.010643675658344478 and parameters: {'lag_0': 0.9405294098040681, 'lag_1': 0.12300419174704066, 'lag_2': 0.8759099832770414, 'lag_3': 0.7850698374792718, 'lag_4': 0.43628638627901445, 'lag_5': 0.8049590692954924, 'lag_6': 0.659802119210026, 'lag_7': 0.8059152967914436, 'lag_8': 0.7629210258680078, 'lag_9': 0.30770630095254575, 'lag_10': 0.017074998217010633, 'lag_11': 0.5167505106312478, 'lag_12': 0.0842623417699162, 'lag_13': 0.9964769937702631, 'lag_14': 0.8055202489398088, 'lag_15': 0.8469937664144163, 'lag_16': 0.8801043141488736, 'lag_17': 0.12117630189829358, 'lag_18': 0.5107026382955888, 'lag_19': 0.051954569312430365, 'lag_20': 0.2446457523566984, 'lag_21': 0.6605793594262592, 'lag_22': 0.7202317346593191, 'lag_23': 0.27776300818160565, 'lag_24': 0.14494218776714105, 'lag_25': 0.6675549759466204, 'lag_26': 0.16967577242550355, 'lag_27': 0.5725463263886889, 'lag_28': 0.6624704249971528}. Best is trial 1 with value: 0.010060723097495226.
[I 2025-09-29 11:52:18,522] Trial 9 finished with value: 0.010223733483772878 and parameters: {'lag_0': 0.12527053753197095, 'lag_1': 0.7371492889464867, 'lag_2': 0.7055718530532675, 'lag_3': 0.9978319337677263, 'lag_4': 0.517761998514903, 'lag_5': 0.8447170945322419, 'lag_6': 0.9418959674697606, 'lag_7': 0.6193461494845165, 'lag_8': 0.8640313376838538, 'lag_9': 0.8682773844625807, 'lag_10': 0.6463702893194416, 'lag_11': 0.9015466322368504, 'lag_12': 0.8492583077565851, 'lag_13': 0.9799970522073125, 'lag_14': 0.024192470963561766, 'lag_15': 0.1738607304792632, 'lag_16': 0.34672456798629836, 'lag_17': 0.05406388829258031, 'lag_18': 0.3651492016943994, 'lag_19': 0.7269416338423579, 'lag_20': 0.3937567452572282, 'lag_21': 0.15604001244783244, 'lag_22': 0.08423223369032515, 'lag_23': 0.6225755526984359, 'lag_24': 0.2642743615264237, 'lag_25': 0.8433260296392654, 'lag_26': 0.5028182487791236, 'lag_27': 0.6190690898812331, 'lag_28': 0.7323319533051431}. Best is trial 1 with value: 0.010060723097495226.
[I 2025-09-29 11:52:20,864] Trial 10 finished with value: 0.010566267093560603 and parameters: {'lag_0': 0.6664098015035121, 'lag_1': 0.29873373080299137, 'lag_2': 0.054127157220693334, 'lag_3': 0.022210974609189305, 'lag_4': 0.8287693442855515, 'lag_5': 0.39315832155280767, 'lag_6': 0.011608576665237014, 'lag_7': 0.05938906554567841, 'lag_8': 0.35621329140906854, 'lag_9': 0.032751889508440296, 'lag_10': 0.9447785010864684, 'lag_11': 0.0052499881146497035, 'lag_12': 0.5819378783730323, 'lag_13': 0.3673424279483436, 'lag_14': 0.9275613447390151, 'lag_15': 0.7081157040452213, 'lag_16': 0.006552869400431427, 'lag_17': 0.4006459741477564, 'lag_18': 0.26947617513684774, 'lag_19': 0.2824355570520796, 'lag_20': 0.6494419232928474, 'lag_21': 0.8479544026069014, 'lag_22': 0.36435190829984404, 'lag_23': 0.6388220134300422, 'lag_24': 0.9801362118724739, 'lag_25': 0.4656684997333114, 'lag_26': 0.02489589876197837, 'lag_27': 0.0649476486458822, 'lag_28': 0.07685727117194563}. Best is trial 1 with value: 0.010060723097495226.
[I 2025-09-29 11:52:23,295] Trial 11 finished with value: 0.010612285686257031 and parameters: {'lag_0': 0.7185571197486891, 'lag_1': 0.3737578411439934, 'lag_2': 0.36437175196995053, 'lag_3': 0.013446063593772595, 'lag_4': 0.7322321462352959, 'lag_5': 0.19390783492288166, 'lag_6': 0.7648818335429848, 'lag_7': 0.35183282445149394, 'lag_8': 0.3855901260354199, 'lag_9': 0.19248642490165127, 'lag_10': 0.4255901280548023, 'lag_11': 0.018704283939809482, 'lag_12': 0.6250907291888643, 'lag_13': 0.029913325928614176, 'lag_14': 0.5853754318085496, 'lag_15': 0.9847464453814492, 'lag_16': 0.7017932770910382, 'lag_17': 0.9047034041996922, 'lag_18': 0.008648943902130724, 'lag_19': 0.34599112009387395, 'lag_20': 0.02643641991047626, 'lag_21': 0.38121425564795075, 'lag_22': 0.0031021129737065986, 'lag_23': 0.543754887802588, 'lag_24': 0.5584053355447327, 'lag_25': 0.6621271285231669, 'lag_26': 0.5193632121170424, 'lag_27': 0.9860999783038645, 'lag_28': 0.07580903198211258}. Best is trial 1 with value: 0.010060723097495226.
[I 2025-09-29 11:52:25,634] Trial 12 finished with value: 0.010222025943390996 and parameters: {'lag_0': 0.812841762945722, 'lag_1': 0.017721070291639662, 'lag_2': 0.14924272565893704, 'lag_3': 0.7187556986957065, 'lag_4': 0.663026905253019, 'lag_5': 0.5191986500896562, 'lag_6': 0.408030689991985, 'lag_7': 0.6161682645549605, 'lag_8': 0.22993128757573228, 'lag_9': 0.3629228946839702, 'lag_10': 0.9462934207836857, 'lag_11': 0.20683534641570134, 'lag_12': 0.7160065774075494, 'lag_13': 0.21674472436708614, 'lag_14': 0.22107214854194257, 'lag_15': 0.7446081868441158, 'lag_16': 0.3601634410553931, 'lag_17': 0.9944127513645171, 'lag_18': 0.22119356233305681, 'lag_19': 0.25625814192718493, 'lag_20': 0.006179411321705783, 'lag_21': 0.006756783743036787, 'lag_22': 0.17548803975104046, 'lag_23': 0.17351369484488147, 'lag_24': 0.7078176970893235, 'lag_25': 0.6465150044193694, 'lag_26': 0.6857967866094977, 'lag_27': 0.01243824587676759, 'lag_28': 0.21737430182675638}. Best is trial 1 with value: 0.010060723097495226.
[I 2025-09-29 11:52:27,978] Trial 13 finished with value: 0.010175764418432633 and parameters: {'lag_0': 0.2365735420640922, 'lag_1': 0.9625361586982458, 'lag_2': 0.7146529929108193, 'lag_3': 0.9306380507349332, 'lag_4': 0.9340817804863961, 'lag_5': 0.5005637488704432, 'lag_6': 0.7380176758537109, 'lag_7': 0.21984381448500406, 'lag_8': 0.5160706547305627, 'lag_9': 0.05165556517591313, 'lag_10': 0.5069795464675585, 'lag_11': 0.22799033727919554, 'lag_12': 0.4236919119253388, 'lag_13': 0.2420977974753757, 'lag_14': 0.9888552088328709, 'lag_15': 0.9987880694207664, 'lag_16': 0.7207817322236096, 'lag_17': 0.7489589073244898, 'lag_18': 0.029931578503417454, 'lag_19': 0.4624335758937913, 'lag_20': 0.6151851368014705, 'lag_21': 0.44132402503393203, 'lag_22': 0.49242996360892133, 'lag_23': 0.9802176349705387, 'lag_24': 0.447834078870639, 'lag_25': 0.376643312324719, 'lag_26': 0.39830129576233164, 'lag_27': 0.15603407194108676, 'lag_28': 0.5311397540528011}. Best is trial 1 with value: 0.010060723097495226.
[I 2025-09-29 11:52:30,334] Trial 14 finished with value: 0.010493783975078427 and parameters: {'lag_0': 0.4993663988092857, 'lag_1': 0.48301340702398654, 'lag_2': 0.49055991812475785, 'lag_3': 0.6517965887497825, 'lag_4': 0.5844396004962489, 'lag_5': 0.3104885264361068, 'lag_6': 0.258343907057504, 'lag_7': 0.9995441469345845, 'lag_8': 0.795946529457005, 'lag_9': 0.15607610994612653, 'lag_10': 0.14567247798946492, 'lag_11': 0.2178976475685775, 'lag_12': 0.5122319741447043, 'lag_13': 0.018914556306872138, 'lag_14': 0.5714740582509796, 'lag_15': 0.8066496571344732, 'lag_16': 0.1708842942037722, 'lag_17': 0.3946118322694173, 'lag_18': 0.8358219503318158, 'lag_19': 0.1831913472691789, 'lag_20': 0.37171119766786614, 'lag_21': 0.3203409561349728, 'lag_22': 0.013222275977487277, 'lag_23': 0.46359107174883896, 'lag_24': 0.45594445273691553, 'lag_25': 0.7084625821607602, 'lag_26': 0.6701313621725438, 'lag_27': 0.4511829547064605, 'lag_28': 0.18408491590478065}. Best is trial 1 with value: 0.010060723097495226.
[I 2025-09-29 11:52:32,673] Trial 15 finished with value: 0.01041499380141384 and parameters: {'lag_0': 0.0011610293973815036, 'lag_1': 0.5454679745126566, 'lag_2': 0.9527541304635075, 'lag_3': 0.1575777970101856, 'lag_4': 0.3170848465518018, 'lag_5': 0.6454853695023439, 'lag_6': 0.8232149670081015, 'lag_7': 0.487374804794649, 'lag_8': 0.031451352559760073, 'lag_9': 0.005429523870936759, 'lag_10': 0.7704910875276026, 'lag_11': 0.1243943991333842, 'lag_12': 0.7189167070750345, 'lag_13': 0.5145222856841002, 'lag_14': 0.20384569756698295, 'lag_15': 0.023569066850534726, 'lag_16': 0.4273180558162438, 'lag_17': 0.5979948789476022, 'lag_18': 0.23409724689003697, 'lag_19': 0.5283161105908516, 'lag_20': 0.14750448354643309, 'lag_21': 0.9418342892769109, 'lag_22': 0.21991381772796414, 'lag_23': 0.717844832380057, 'lag_24': 0.8197976333299337, 'lag_25': 0.31938796045228013, 'lag_26': 0.3930849497678605, 'lag_27': 0.2130679899893268, 'lag_28': 0.5906453366557151}. Best is trial 1 with value: 0.010060723097495226.
[I 2025-09-29 11:52:35,010] Trial 16 finished with value: 0.010157839592927634 and parameters: {'lag_0': 0.8423563119079197, 'lag_1': 0.8188241841114549, 'lag_2': 0.791162199020196, 'lag_3': 0.35752798821893833, 'lag_4': 0.7390300639051868, 'lag_5': 0.01224592851383488, 'lag_6': 0.6495624523069841, 'lag_7': 0.21854329057220728, 'lag_8': 0.9569440210083572, 'lag_9': 0.427637009765118, 'lag_10': 0.4910502080018888, 'lag_11': 0.26665527767587266, 'lag_12': 0.3382751382251804, 'lag_13': 0.31425353952465396, 'lag_14': 0.35129439680366115, 'lag_15': 0.6548425790661666, 'lag_16': 0.5565603238303158, 'lag_17': 0.35227369960624433, 'lag_18': 0.7164357090952918, 'lag_19': 0.45178685993173695, 'lag_20': 0.7064843870318775, 'lag_21': 0.497252342375851, 'lag_22': 0.42443028204277655, 'lag_23': 0.27365121092172096, 'lag_24': 0.7242993619404833, 'lag_25': 0.5824615070477608, 'lag_26': 0.625787553094399, 'lag_27': 0.8127823264797094, 'lag_28': 0.005367939997574067}. Best is trial 1 with value: 0.010060723097495226.
[I 2025-09-29 11:52:37,361] Trial 17 finished with value: 0.010236048328447881 and parameters: {'lag_0': 0.7995133699887845, 'lag_1': 0.8411701231461679, 'lag_2': 0.8153218694788024, 'lag_3': 0.3930942609304605, 'lag_4': 0.9736233862892991, 'lag_5': 0.010926642053301343, 'lag_6': 0.6756676364950964, 'lag_7': 0.19865352783250945, 'lag_8': 0.973368170861742, 'lag_9': 0.7668614028299233, 'lag_10': 0.5056255201896402, 'lag_11': 0.3630058847575693, 'lag_12': 0.3321277117070765, 'lag_13': 0.3007260297210154, 'lag_14': 0.3515708848084085, 'lag_15': 0.6516247519978501, 'lag_16': 0.7083967653525695, 'lag_17': 0.3288744634637383, 'lag_18': 0.7128637877259818, 'lag_19': 0.48908881502493795, 'lag_20': 0.7483516813547626, 'lag_21': 0.6076135206035784, 'lag_22': 0.4464873434566729, 'lag_23': 0.17308438258439868, 'lag_24': 0.9377322178185393, 'lag_25': 0.5458007347635851, 'lag_26': 0.7031556012589175, 'lag_27': 0.7951670092770289, 'lag_28': 0.9233315025844744}. Best is trial 1 with value: 0.010060723097495226.
[I 2025-09-29 11:52:39,707] Trial 18 finished with value: 0.010471848712201522 and parameters: {'lag_0': 0.4990284619966975, 'lag_1': 0.7924879763064152, 'lag_2': 0.7500001351556809, 'lag_3': 0.15540438036792395, 'lag_4': 0.7948853835212676, 'lag_5': 0.1472268555576207, 'lag_6': 0.8872891000551199, 'lag_7': 0.3079515102146724, 'lag_8': 0.8740153394971054, 'lag_9': 0.4237090106867157, 'lag_10': 0.8308335103741893, 'lag_11': 0.36532562262141555, 'lag_12': 0.03329025571977051, 'lag_13': 0.5426489542160963, 'lag_14': 0.5087866295641399, 'lag_15': 0.6124737712284626, 'lag_16': 0.5855412053430726, 'lag_17': 0.26701901888792556, 'lag_18': 0.9834352109339043, 'lag_19': 0.1549677758282864, 'lag_20': 0.6885087563944517, 'lag_21': 0.5557762192619395, 'lag_22': 0.6423417555376603, 'lag_23': 0.305214258420154, 'lag_24': 0.5510688603985955, 'lag_25': 0.21313891158446385, 'lag_26': 0.35910481538851186, 'lag_27': 0.7716149251283773, 'lag_28': 0.014478966197684906}. Best is trial 1 with value: 0.010060723097495226.
