[I 2025-09-29 11:55:39,813] Trial 83 finished with value: 0.009940269279568634 and parameters: {'lag_0': 0.8810722916737148, 'lag_1': 0.586663366363427, 'lag_2': 0.9070431678772342, 'lag_3': 0.49346772625599133, 'lag_4': 0.2079411095834469, 'lag_5': 0.7139802635563481, 'lag_6': 0.7284964660536732, 'lag_7': 0.9644550146567945, 'lag_8': 0.6398657514399566, 'lag_9': 0.6378248085944505, 'lag_10': 0.1453394059959246, 'lag_11': 0.7630512630890879, 'lag_12': 0.772134997147964, 'lag_13': 0.5353367528466096, 'lag_14': 0.11692292054401948, 'lag_15': 0.6122575118288, 'lag_16': 0.08877144178287297, 'lag_17': 0.030498080607491547, 'lag_18': 0.8183695825875874, 'lag_19': 0.38836882602596434, 'lag_20': 0.11288257968129459, 'lag_21': 0.5582055320528266, 'lag_22': 0.8172898419609319, 'lag_23': 0.11694363024082144, 'lag_24': 0.7322219929669372, 'lag_25': 0.7860245190158464, 'lag_26': 0.12983415822946082, 'lag_27': 0.8903017424492097, 'lag_28': 0.2383399627850697}. Best is trial 47 with value: 0.009452045785893207.
[I 2025-09-29 11:55:42,440] Trial 84 finished with value: 0.01005844112901701 and parameters: {'lag_0': 0.7418091585926673, 'lag_1': 0.4315801581035967, 'lag_2': 0.8724827116608906, 'lag_3': 0.5424485253064626, 'lag_4': 0.08604855530878612, 'lag_5': 0.6287141883398163, 'lag_6': 0.6958418497567335, 'lag_7': 0.781210328923004, 'lag_8': 0.5976240730159286, 'lag_9': 0.8810586108530469, 'lag_10': 0.04633881142731999, 'lag_11': 0.8453068473489407, 'lag_12': 0.9550561968084512, 'lag_13': 0.5000996761514416, 'lag_14': 0.07129945537268395, 'lag_15': 0.5422224345814607, 'lag_16': 0.046908365732594964, 'lag_17': 0.09644180555251412, 'lag_18': 0.9344726993335782, 'lag_19': 0.1674755871916374, 'lag_20': 0.06422460903738544, 'lag_21': 0.4606961996181998, 'lag_22': 0.7121514658675832, 'lag_23': 0.17694741064730593, 'lag_24': 0.5716003141724371, 'lag_25': 0.8300775173438691, 'lag_26': 0.09358550171785451, 'lag_27': 0.9975918158221847, 'lag_28': 0.14437719132359808}. Best is trial 47 with value: 0.009452045785893207.
[I 2025-09-29 11:55:45,063] Trial 85 finished with value: 0.010178324322607261 and parameters: {'lag_0': 0.8336195883304949, 'lag_1': 0.3331260083307705, 'lag_2': 0.9525036306134183, 'lag_3': 0.43707817965701135, 'lag_4': 0.08404347112774707, 'lag_5': 0.6632727556268767, 'lag_6': 0.7567380457197197, 'lag_7': 0.8056428690441422, 'lag_8': 0.49030002772334724, 'lag_9': 0.7757726028343584, 'lag_10': 0.8472111625071941, 'lag_11': 0.6859229633870606, 'lag_12': 0.8857296623510963, 'lag_13': 0.6402661831168123, 'lag_14': 0.3364964900168741, 'lag_15': 0.6803784611932981, 'lag_16': 0.14602232879227584, 'lag_17': 0.13825274056377762, 'lag_18': 0.7890799894513468, 'lag_19': 0.5451966565512809, 'lag_20': 0.2535651706467311, 'lag_21': 0.6239539155627618, 'lag_22': 0.8396799764290488, 'lag_23': 0.0007481810910767717, 'lag_24': 0.5064518282591809, 'lag_25': 0.6887949844501908, 'lag_26': 0.0017582261082186683, 'lag_27': 0.836964340761829, 'lag_28': 0.1857917349227361}. Best is trial 47 with value: 0.009452045785893207.
[I 2025-09-29 11:55:47,720] Trial 86 finished with value: 0.00981447679263179 and parameters: {'lag_0': 0.9716515569613953, 'lag_1': 0.4946267244496707, 'lag_2': 0.9964399567034171, 'lag_3': 0.6037311280366202, 'lag_4': 0.1571506786039964, 'lag_5': 0.4305388289611389, 'lag_6': 0.8303110579883912, 'lag_7': 0.9237017402642625, 'lag_8': 0.2813148584480285, 'lag_9': 0.9039509212410793, 'lag_10': 0.778243046495966, 'lag_11': 0.6171049098369216, 'lag_12': 0.6693608291560538, 'lag_13': 0.9874195713589191, 'lag_14': 0.18444639973596905, 'lag_15': 0.647883207818298, 'lag_16': 0.02010105449843109, 'lag_17': 0.06151125633534234, 'lag_18': 0.8447872380032072, 'lag_19': 0.37275944605663414, 'lag_20': 0.4911752646435274, 'lag_21': 0.5809067690913938, 'lag_22': 0.9326332335733669, 'lag_23': 0.13085696547046385, 'lag_24': 0.6369601204882731, 'lag_25': 0.7601461675475049, 'lag_26': 0.05583791489650963, 'lag_27': 0.8062569898754942, 'lag_28': 0.2673425598463157}. Best is trial 47 with value: 0.009452045785893207.
[I 2025-09-29 11:55:50,350] Trial 87 finished with value: 0.01003579557513684 and parameters: {'lag_0': 0.7939911796618916, 'lag_1': 0.41981926137357917, 'lag_2': 0.86374223920484, 'lag_3': 0.4084052966380236, 'lag_4': 0.2374189447709246, 'lag_5': 0.5640031139031974, 'lag_6': 0.6099099459471222, 'lag_7': 0.9946137202233263, 'lag_8': 0.6921275204269293, 'lag_9': 0.9742329051626611, 'lag_10': 0.20326560670428923, 'lag_11': 0.41778036811142355, 'lag_12': 0.5357253324079476, 'lag_13': 0.5944101737859131, 'lag_14': 0.1471336971070094, 'lag_15': 0.4724655647939071, 'lag_16': 0.27675330063066167, 'lag_17': 0.09885353932343273, 'lag_18': 0.8787268507353219, 'lag_19': 0.3357327041052398, 'lag_20': 0.026908295307208063, 'lag_21': 0.5143421874726961, 'lag_22': 0.6828355339413694, 'lag_23': 0.32063025398739387, 'lag_24': 0.7860696843312682, 'lag_25': 0.6519884222363816, 'lag_26': 0.13136322254974436, 'lag_27': 0.9618239633431961, 'lag_28': 0.291433906149564}. Best is trial 47 with value: 0.009452045785893207.
[I 2025-09-29 11:55:52,980] Trial 88 finished with value: 0.010085756993934705 and parameters: {'lag_0': 0.7235024449453068, 'lag_1': 0.26169308114997736, 'lag_2': 0.3352967742141017, 'lag_3': 0.3510907727934847, 'lag_4': 0.5906591041845126, 'lag_5': 0.5990784664742255, 'lag_6': 0.9025587856919911, 'lag_7': 0.9594479503690831, 'lag_8': 0.6570251011920657, 'lag_9': 0.8625921498127135, 'lag_10': 0.4593478744675671, 'lag_11': 0.8057097181094415, 'lag_12': 0.9172025575750106, 'lag_13': 0.46287862686439596, 'lag_14': 0.26390250950740546, 'lag_15': 0.13125756065133742, 'lag_16': 0.00559533344270375, 'lag_17': 0.018789958495037132, 'lag_18': 0.9141336071232735, 'lag_19': 0.454871728142423, 'lag_20': 0.6041255439203337, 'lag_21': 0.4223905358344385, 'lag_22': 0.809490428524787, 'lag_23': 0.07949494278421426, 'lag_24': 0.61089582298228, 'lag_25': 0.5910656422030642, 'lag_26': 0.6599046524001888, 'lag_27': 0.9147151151348473, 'lag_28': 0.6726507233229841}. Best is trial 47 with value: 0.009452045785893207.
[I 2025-09-29 11:55:55,630] Trial 89 finished with value: 0.01026495586532478 and parameters: {'lag_0': 0.8554085933485485, 'lag_1': 0.4550807789138078, 'lag_2': 0.9731947825728083, 'lag_3': 0.4758855851329885, 'lag_4': 0.08495542133029786, 'lag_5': 0.688660297080993, 'lag_6': 0.7972290185106088, 'lag_7': 0.9007503480042485, 'lag_8': 0.5712347732529607, 'lag_9': 0.8329165466331475, 'lag_10': 0.6002622164252666, 'lag_11': 0.2760985505209771, 'lag_12': 0.4519105956792493, 'lag_13': 0.10903730597767752, 'lag_14': 0.19765641181960264, 'lag_15': 0.4216755247446674, 'lag_16': 0.11438905848993125, 'lag_17': 0.04943453704395244, 'lag_18': 0.7522736907369425, 'lag_19': 0.40837081277123766, 'lag_20': 0.35946220376052385, 'lag_21': 0.3860595194760052, 'lag_22': 0.8974764988381632, 'lag_23': 0.20531416473763836, 'lag_24': 0.7010361053332643, 'lag_25': 0.8961197903228022, 'lag_26': 0.021312668963176004, 'lag_27': 0.8526457522573909, 'lag_28': 0.5978877244175985}. Best is trial 47 with value: 0.009452045785893207.
[I 2025-09-29 11:55:58,279] Trial 90 finished with value: 0.009756896206040732 and parameters: {'lag_0': 0.8154182431603766, 'lag_1': 0.3130279660052653, 'lag_2': 0.9420112407523634, 'lag_3': 0.9956080640257785, 'lag_4': 0.7080279348222511, 'lag_5': 0.7734718709005882, 'lag_6': 0.7119567666392695, 'lag_7': 0.6412997773664637, 'lag_8': 0.545445847262148, 'lag_9': 0.808280632867197, 'lag_10': 0.49265946047785436, 'lag_11': 0.7433276630142357, 'lag_12': 0.5632417075938477, 'lag_13': 0.19245380929192776, 'lag_14': 0.2996174339942615, 'lag_15': 0.590618643845611, 'lag_16': 0.17797147065821964, 'lag_17': 0.07736202388797842, 'lag_18': 0.1982643978861292, 'lag_19': 0.47190092857158483, 'lag_20': 0.13772598708320427, 'lag_21': 0.48728107829722905, 'lag_22': 0.9990346953843442, 'lag_23': 0.14739426729909844, 'lag_24': 0.5481557901921967, 'lag_25': 0.7324876560393552, 'lag_26': 0.10210249345335304, 'lag_27': 0.7630368991351996, 'lag_28': 0.6453765283577895}. Best is trial 47 with value: 0.009452045785893207.
[I 2025-09-29 11:56:00,920] Trial 91 finished with value: 0.009949151755527252 and parameters: {'lag_0': 0.8153700177135306, 'lag_1': 0.3117262713582311, 'lag_2': 0.9433369335837898, 'lag_3': 0.7596494768432338, 'lag_4': 0.396371237188325, 'lag_5': 0.7321217784792784, 'lag_6': 0.6416319616118433, 'lag_7': 0.7034613354299225, 'lag_8': 0.5463162471262247, 'lag_9': 0.7966166733805697, 'lag_10': 0.060213819023608936, 'lag_11': 0.7363836942573784, 'lag_12': 0.5529475997234481, 'lag_13': 0.1845409462594992, 'lag_14': 0.2329561144936957, 'lag_15': 0.5629229203775159, 'lag_16': 0.17813102590824043, 'lag_17': 0.13008426030871467, 'lag_18': 0.20508062291294796, 'lag_19': 0.47991082010143166, 'lag_20': 0.19382591982066166, 'lag_21': 0.5531146735467123, 'lag_22': 0.99878304052785, 'lag_23': 0.16562143958858452, 'lag_24': 0.4989461249464825, 'lag_25': 0.7438484835033264, 'lag_26': 0.11376630823082369, 'lag_27': 0.7900417515404783, 'lag_28': 0.20344884198826724}. Best is trial 47 with value: 0.009452045785893207.
[I 2025-09-29 11:56:03,548] Trial 92 finished with value: 0.010039272352815456 and parameters: {'lag_0': 0.7597041600860477, 'lag_1': 0.3837845847442256, 'lag_2': 0.8950875963941212, 'lag_3': 0.4432165149531943, 'lag_4': 0.7445308494215913, 'lag_5': 0.8044339002749952, 'lag_6': 0.6737903465843276, 'lag_7': 0.5812895726991238, 'lag_8': 0.5128783741258116, 'lag_9': 0.7591126317607072, 'lag_10': 0.8115044868773871, 'lag_11': 0.7231994914400413, 'lag_12': 0.6009016926171967, 'lag_13': 0.15624968502081527, 'lag_14': 0.38405150542923594, 'lag_15': 0.6051290084457883, 'lag_16': 0.21121025248107084, 'lag_17': 0.0017828934891523374, 'lag_18': 0.6663095563637456, 'lag_19': 0.5018819019388607, 'lag_20': 0.15485497147452915, 'lag_21': 0.48892012897911463, 'lag_22': 0.9434381761156924, 'lag_23': 0.24004841637411892, 'lag_24': 0.5501857646775623, 'lag_25': 0.7104711490221631, 'lag_26': 0.07413058883787862, 'lag_27': 0.7623780991201445, 'lag_28': 0.7842374265901835}. Best is trial 47 with value: 0.009452045785893207.
[I 2025-09-29 11:56:06,196] Trial 93 finished with value: 0.010048227062784795 and parameters: {'lag_0': 0.669226939799467, 'lag_1': 0.21097586887804787, 'lag_2': 0.9155030976261125, 'lag_3': 0.9525228351611481, 'lag_4': 0.9204114346251551, 'lag_5': 0.7730472810976445, 'lag_6': 0.7788340759729308, 'lag_7': 0.820225224343417, 'lag_8': 0.5971132027218229, 'lag_9': 0.7302573640574808, 'lag_10': 0.11839439090053772, 'lag_11': 0.7634860543701757, 'lag_12': 0.49938254585819036, 'lag_13': 0.3255943372358351, 'lag_14': 0.14834723126416474, 'lag_15': 0.5897009143039197, 'lag_16': 0.09775640183332429, 'lag_17': 0.07943462829618017, 'lag_18': 0.16115628646131366, 'lag_19': 0.23426708890150574, 'lag_20': 0.10357461312645413, 'lag_21': 0.4657915629016898, 'lag_22': 0.9691179650348762, 'lag_23': 0.1450587632785021, 'lag_24': 0.5342618767020854, 'lag_25': 0.8430867550840061, 'lag_26': 0.038673440980069224, 'lag_27': 0.7154147238905413, 'lag_28': 0.6920421887732866}. Best is trial 47 with value: 0.009452045785893207.
[I 2025-09-29 11:56:08,837] Trial 94 finished with value: 0.009858841392080167 and parameters: {'lag_0': 0.9246436042360946, 'lag_1': 0.3437907809735687, 'lag_2': 0.8273352185419829, 'lag_3': 0.5084567136376164, 'lag_4': 0.7525419074146439, 'lag_5': 0.7192362986689278, 'lag_6': 0.706527886644656, 'lag_7': 0.6322033586330138, 'lag_8': 0.4665911521992777, 'lag_9': 0.6719088849753911, 'lag_10': 0.4850856411817611, 'lag_11': 0.37077968843435827, 'lag_12': 0.5746161974667306, 'lag_13': 0.5725930970287889, 'lag_14': 0.31543904688489066, 'lag_15': 0.5173231137989758, 'lag_16': 0.15001706539357168, 'lag_17': 0.1757290516247845, 'lag_18': 0.9903823137156786, 'lag_19': 0.3642716077156566, 'lag_20': 0.004127567595593226, 'lag_21': 0.5937172884933621, 'lag_22': 0.8705078109246044, 'lag_23': 0.11089118026620047, 'lag_24': 0.46221250092138666, 'lag_25': 0.6232737769524059, 'lag_26': 0.5823356000408593, 'lag_27': 0.8183353411651557, 'lag_28': 0.6343720987431067}. Best is trial 47 with value: 0.009452045785893207.
[I 2025-09-29 11:56:11,479] Trial 95 finished with value: 0.009892872838307875 and parameters: {'lag_0': 0.8890492911228092, 'lag_1': 0.26707402173792455, 'lag_2': 0.17080587586820362, 'lag_3': 0.6250590894358774, 'lag_4': 0.6810641600710452, 'lag_5': 0.6789106793905869, 'lag_6': 0.8850690861344972, 'lag_7': 0.9426289116633164, 'lag_8': 0.41717663434135466, 'lag_9': 0.9462537899186194, 'lag_10': 0.5217700533580495, 'lag_11': 0.3384200962015634, 'lag_12': 0.6300776341831777, 'lag_13': 0.4793905647049875, 'lag_14': 0.2984293448513667, 'lag_15': 0.5439962913708135, 'lag_16': 0.1828792346047624, 'lag_17': 0.8103235427076749, 'lag_18': 0.2899351847952457, 'lag_19': 0.5318130836741729, 'lag_20': 0.07026598448793496, 'lag_21': 0.4326226090367067, 'lag_22': 0.9091938837445023, 'lag_23': 0.04992609890627199, 'lag_24': 0.6670424167156608, 'lag_25': 0.7710707934733129, 'lag_26': 0.15097243469577953, 'lag_27': 0.8890705377976689, 'lag_28': 0.5698242592946343}. Best is trial 47 with value: 0.009452045785893207.
[I 2025-09-29 11:56:14,125] Trial 96 finished with value: 0.010051480391839559 and parameters: {'lag_0': 0.7052386172453725, 'lag_1': 0.3710234241050397, 'lag_2': 0.9704633559603136, 'lag_3': 0.3237210007455849, 'lag_4': 0.3529306284236317, 'lag_5': 0.8621886844188948, 'lag_6': 0.7404543389900999, 'lag_7': 0.09882827158720356, 'lag_8': 0.720582138262694, 'lag_9': 0.8115512835811811, 'lag_10': 0.5567575760102651, 'lag_11': 0.670887732084671, 'lag_12': 0.5205613849578452, 'lag_13': 0.2522786196209639, 'lag_14': 0.46991200341690564, 'lag_15': 0.6304938768811216, 'lag_16': 0.25264391124861485, 'lag_17': 0.035968907113245296, 'lag_18': 0.0923950592804082, 'lag_19': 0.4437410350389736, 'lag_20': 0.14301961817274647, 'lag_21': 0.5160705315805812, 'lag_22': 0.06115713928102906, 'lag_23': 0.19496358500192768, 'lag_24': 0.5700299002225688, 'lag_25': 0.730196281256577, 'lag_26': 0.1026855646989875, 'lag_27': 0.951563330195022, 'lag_28': 0.8579603623369942}. Best is trial 47 with value: 0.009452045785893207.
[I 2025-09-29 11:56:16,779] Trial 97 finished with value: 0.009676810246272888 and parameters: {'lag_0': 0.7871417089828024, 'lag_1': 0.5909252982165115, 'lag_2': 0.9387547004953634, 'lag_3': 0.3683842299963226, 'lag_4': 0.45951080546638295, 'lag_5': 0.628595140192405, 'lag_6': 0.8527066227125488, 'lag_7': 0.554150419438585, 'lag_8': 0.5314597133826052, 'lag_9': 0.8939891635823608, 'lag_10': 0.7120378701545708, 'lag_11': 0.4516221283499976, 'lag_12': 0.930385873341995, 'lag_13': 0.05432006542727691, 'lag_14': 0.25984605434781205, 'lag_15': 0.4954045547288097, 'lag_16': 0.2968077430458558, 'lag_17': 0.9350699138933178, 'lag_18': 0.8814930650147993, 'lag_19': 0.5603779448639481, 'lag_20': 0.6575452651416689, 'lag_21': 0.6380922873511435, 'lag_22': 0.7847036243731808, 'lag_23': 0.26855174347848587, 'lag_24': 0.42935113219429855, 'lag_25': 0.6970357495392802, 'lag_26': 0.05662594784444038, 'lag_27': 0.8587529243930285, 'lag_28': 0.37598731031861543}. Best is trial 47 with value: 0.009452045785893207.
[I 2025-09-29 11:56:19,408] Trial 98 finished with value: 0.010103374730069923 and parameters: {'lag_0': 0.7737033762969985, 'lag_1': 0.2979227928658638, 'lag_2': 0.08038633160979707, 'lag_3': 0.28406925971744745, 'lag_4': 0.4558074508282909, 'lag_5': 0.548810564265379, 'lag_6': 0.8191543656264116, 'lag_7': 0.5679284117559282, 'lag_8': 0.44424818010574746, 'lag_9': 0.8965763800371489, 'lag_10': 0.6217302279173428, 'lag_11': 0.44613209078889865, 'lag_12': 0.8247016845165414, 'lag_13': 0.12052105371809124, 'lag_14': 0.25303794835228266, 'lag_15': 0.3780731753159241, 'lag_16': 0.2951357810662124, 'lag_17': 0.8904426057282909, 'lag_18': 0.8855332655156177, 'lag_19': 0.5882647317841879, 'lag_20': 0.7396289632110903, 'lag_21': 0.652168082688227, 'lag_22': 0.7851519057474753, 'lag_23': 0.2784169858708518, 'lag_24': 0.42115694672575604, 'lag_25': 0.6623716832978068, 'lag_26': 0.05523940586267539, 'lag_27': 0.7362943477892742, 'lag_28': 0.3190142930636632}. Best is trial 47 with value: 0.009452045785893207.
[I 2025-09-29 11:56:22,045] Trial 99 finished with value: 0.009821330476695252 and parameters: {'lag_0': 0.7956193471022838, 'lag_1': 0.39879195014009167, 'lag_2': 0.8856016874591469, 'lag_3': 0.3686278198938681, 'lag_4': 0.711729827346439, 'lag_5': 0.5198997281332775, 'lag_6': 0.8576352733924992, 'lag_7': 0.5315249735090408, 'lag_8': 0.09990966666373846, 'lag_9': 0.8563346702027197, 'lag_10': 0.6622206755019384, 'lag_11': 0.525068204705964, 'lag_12': 0.6658407252415269, 'lag_13': 0.1560857315363823, 'lag_14': 0.4228272274925066, 'lag_15': 0.4975709015218688, 'lag_16': 0.33752797044857014, 'lag_17': 0.9271829202757953, 'lag_18': 0.4344424656700137, 'lag_19': 0.5546938859604958, 'lag_20': 0.7766207630796733, 'lag_21': 0.6852934718744953, 'lag_22': 0.9831772564031602, 'lag_23': 0.3080924044139382, 'lag_24': 0.3498783184971439, 'lag_25': 0.5736267437875782, 'lag_26': 0.09266324473243037, 'lag_27': 0.8479690521608081, 'lag_28': 0.42089072298112173}. Best is trial 47 with value: 0.009452045785893207.
[I 2025-09-29 11:56:22,058] A new study created in memory with name: no-name-4526e713-8277-4466-8936-7565dad9d203
[I 2025-09-29 11:56:24,662] Trial 0 finished with value: 0.0054689385519818695 and parameters: {'lag_0': 0.08739748648109975, 'lag_1': 0.6487621920563107, 'lag_2': 0.8240103783393247, 'lag_3': 0.6197600936156535, 'lag_4': 0.20952512702607815, 'lag_5': 0.4670685119783548, 'lag_6': 0.21722464081820086, 'lag_7': 0.9818243491638016, 'lag_8': 0.5172934119467324, 'lag_9': 0.4392148316442349, 'lag_10': 0.6074251928892997, 'lag_11': 0.21259897005379183, 'lag_12': 0.6857546874116018, 'lag_13': 0.5633191952660839, 'lag_14': 0.12112672429744821, 'lag_15': 0.5982031206830583, 'lag_16': 0.4916447712573636, 'lag_17': 0.24936490725492066, 'lag_18': 0.11196699127252709, 'lag_19': 0.8707818656125069, 'lag_20': 0.2701808904155804, 'lag_21': 0.4030710781568197, 'lag_22': 0.5790967497634806, 'lag_23': 0.6770317432433155, 'lag_24': 0.9299812573913526, 'lag_25': 0.2890079577957238, 'lag_26': 0.7101217741028181, 'lag_27': 0.41056966097360925, 'lag_28': 0.6261110516561904}. Best is trial 0 with value: 0.0054689385519818695.
[I 2025-09-29 11:56:27,254] Trial 1 finished with value: 0.005476544717139948 and parameters: {'lag_0': 0.3770949024432412, 'lag_1': 0.14616878138774309, 'lag_2': 0.012313643085664872, 'lag_3': 0.0726409479214581, 'lag_4': 0.7330436999422902, 'lag_5': 0.8061463258786421, 'lag_6': 0.24302951125399289, 'lag_7': 0.5964222107635383, 'lag_8': 0.023973021303470277, 'lag_9': 0.4623521855629783, 'lag_10': 0.07536249454290783, 'lag_11': 0.18136472063688644, 'lag_12': 0.3093433354298839, 'lag_13': 0.13764173599063148, 'lag_14': 0.0512937467484093, 'lag_15': 0.6574817579370262, 'lag_16': 0.9629140898233666, 'lag_17': 0.16718548455455576, 'lag_18': 0.824549496912265, 'lag_19': 0.9331729034611413, 'lag_20': 0.25898512760738396, 'lag_21': 0.10421910584104518, 'lag_22': 0.6359455395622919, 'lag_23': 0.8129761548641466, 'lag_24': 0.06154732505138352, 'lag_25': 0.12134352391858791, 'lag_26': 0.487868786260822, 'lag_27': 0.641245615877156, 'lag_28': 0.8419129966349521}. Best is trial 0 with value: 0.0054689385519818695.
[I 2025-09-29 11:56:29,841] Trial 2 finished with value: 0.005474804981910548 and parameters: {'lag_0': 0.0524477620575782, 'lag_1': 0.5841333562572194, 'lag_2': 0.8260661735078108, 'lag_3': 0.738058802059392, 'lag_4': 0.1886629567598217, 'lag_5': 0.0555545777474509, 'lag_6': 0.8597442178660198, 'lag_7': 0.07511845499036679, 'lag_8': 0.4441666532324605, 'lag_9': 0.9119498309482874, 'lag_10': 0.17334550255112016, 'lag_11': 0.6737277897782888, 'lag_12': 0.10219663632693697, 'lag_13': 0.3257845402356553, 'lag_14': 0.8577955477308482, 'lag_15': 0.5693474071048827, 'lag_16': 0.2788486654940202, 'lag_17': 0.5849206311251054, 'lag_18': 0.6185869222610023, 'lag_19': 0.8855837746350237, 'lag_20': 0.6848371272209935, 'lag_21': 0.015591080401048367, 'lag_22': 0.8469809873820627, 'lag_23': 0.34809569620571823, 'lag_24': 0.08694506810511317, 'lag_25': 0.9333471906491407, 'lag_26': 0.7847879056706625, 'lag_27': 0.33847731773819123, 'lag_28': 0.17285935071123526}. Best is trial 0 with value: 0.0054689385519818695.
[I 2025-09-29 11:56:32,421] Trial 3 finished with value: 0.005344182126092409 and parameters: {'lag_0': 0.9865046459002194, 'lag_1': 0.9481722453717341, 'lag_2': 0.2093566127753959, 'lag_3': 0.8273699043849753, 'lag_4': 0.5219657729488036, 'lag_5': 0.14121384724876088, 'lag_6': 0.26690660619121476, 'lag_7': 0.6443900117083667, 'lag_8': 0.17902626226041043, 'lag_9': 0.33102974309702743, 'lag_10': 0.890320760170144, 'lag_11': 0.35797985895680723, 'lag_12': 0.4119023570991715, 'lag_13': 0.4744525757351303, 'lag_14': 0.7298295912583735, 'lag_15': 0.20538079857643332, 'lag_16': 0.3643562894978822, 'lag_17': 0.5560610207296333, 'lag_18': 0.9312429483676313, 'lag_19': 0.8323821762430161, 'lag_20': 0.7489879929839619, 'lag_21': 0.5275966040900845, 'lag_22': 0.7558639747261048, 'lag_23': 0.9064239051517078, 'lag_24': 0.6909815423330049, 'lag_25': 0.6084121985696952, 'lag_26': 0.9951161421949248, 'lag_27': 0.3801480083010484, 'lag_28': 0.02523937290820497}. Best is trial 3 with value: 0.005344182126092409.
