[I 2025-09-29 13:23:11,169] Trial 24 finished with value: 0.004663849755874577 and parameters: {'lag_0': 0.18095581942110464, 'lag_1': 0.13572392290501045, 'lag_2': 0.945645391230033, 'lag_3': 0.8925567127844871, 'lag_4': 0.8286499739246279, 'lag_5': 0.07788471130340154, 'lag_6': 0.6026450446206891, 'lag_7': 0.0039812842150018235, 'lag_8': 0.5910510307985883, 'lag_9': 0.24908642012081067, 'lag_10': 0.15384914105035785, 'lag_11': 0.5197558585849866, 'lag_12': 0.8346955334334402, 'lag_13': 0.7690118229099081, 'lag_14': 0.6686810467890137, 'lag_15': 0.5911177429905882, 'lag_16': 0.34248175294004973, 'lag_17': 0.31139934875635367, 'lag_18': 0.5949123026605984, 'lag_19': 0.903392605002939, 'lag_20': 0.004111923287969915, 'lag_21': 0.23015588970284656, 'lag_22': 0.991784272736257, 'lag_23': 0.8235386516039946, 'lag_24': 0.11063964764903704, 'lag_25': 0.011663533089017436, 'lag_26': 0.10421529168307853, 'lag_27': 0.4102160442289751, 'lag_28': 0.7537914901976912}. Best is trial 15 with value: 0.004257252981542745.
[I 2025-09-29 13:23:13,662] Trial 25 finished with value: 0.00522147880746895 and parameters: {'lag_0': 0.9362811054975617, 'lag_1': 0.4811924833069977, 'lag_2': 0.6457183589231927, 'lag_3': 0.2347482302074792, 'lag_4': 0.616624662463769, 'lag_5': 0.22597095097019676, 'lag_6': 0.1752059491187462, 'lag_7': 0.2487873163102733, 'lag_8': 0.43993544004036966, 'lag_9': 0.4795823601487621, 'lag_10': 0.8284426512098534, 'lag_11': 0.780134167598846, 'lag_12': 0.7059743114511732, 'lag_13': 0.38111573703552215, 'lag_14': 0.42440932476160365, 'lag_15': 0.44872342554899436, 'lag_16': 0.4805497013115547, 'lag_17': 0.19388024658036357, 'lag_18': 0.9290656840870212, 'lag_19': 0.41799589778075763, 'lag_20': 0.7279807896950165, 'lag_21': 0.09023357558924211, 'lag_22': 0.7391681990418502, 'lag_23': 0.992662552442862, 'lag_24': 0.6353030289352879, 'lag_25': 0.2657823930888822, 'lag_26': 0.6323639448990068, 'lag_27': 0.5549121895428595, 'lag_28': 0.792130034541453}. Best is trial 15 with value: 0.004257252981542745.
[I 2025-09-29 13:23:16,152] Trial 26 finished with value: 0.004274495407854984 and parameters: {'lag_0': 0.48427444741481573, 'lag_1': 0.30265659702165376, 'lag_2': 0.8101632460640842, 'lag_3': 0.46213185593881256, 'lag_4': 0.05982187915985793, 'lag_5': 0.49966571175196217, 'lag_6': 0.7783551284799233, 'lag_7': 0.3559478014853972, 'lag_8': 0.8439057802667459, 'lag_9': 0.13182678060833602, 'lag_10': 0.6879630926122126, 'lag_11': 0.6272502162774464, 'lag_12': 0.595674136657865, 'lag_13': 0.5062397229450835, 'lag_14': 0.5489898981249166, 'lag_15': 0.2772479972638068, 'lag_16': 0.6016985683976301, 'lag_17': 0.3632523626204375, 'lag_18': 0.7371020661425565, 'lag_19': 0.573407992906346, 'lag_20': 0.32433425876045135, 'lag_21': 0.2743339418173833, 'lag_22': 0.12510896473898464, 'lag_23': 0.446312838125671, 'lag_24': 0.23070887211202556, 'lag_25': 0.5070962660845066, 'lag_26': 0.8377357412551396, 'lag_27': 0.7668193116193653, 'lag_28': 0.9967720401350224}. Best is trial 15 with value: 0.004257252981542745.
[I 2025-09-29 13:23:18,653] Trial 27 finished with value: 0.004454218186107362 and parameters: {'lag_0': 0.30789004346652915, 'lag_1': 0.653095984502896, 'lag_2': 0.8104116945564706, 'lag_3': 0.4922231458822922, 'lag_4': 0.09667484913968755, 'lag_5': 0.4963917561161203, 'lag_6': 0.7541002622572409, 'lag_7': 0.38164543751177954, 'lag_8': 0.6701761498231382, 'lag_9': 0.9869207524416139, 'lag_10': 0.7028201305861543, 'lag_11': 0.6344568023334021, 'lag_12': 0.5835207745445707, 'lag_13': 0.2661329078333234, 'lag_14': 0.3223811219039322, 'lag_15': 0.27173197742989896, 'lag_16': 0.7921095401375903, 'lag_17': 0.36491751264058553, 'lag_18': 0.7638321410810995, 'lag_19': 0.5558121684985341, 'lag_20': 0.32532605494295774, 'lag_21': 0.17838975935723955, 'lag_22': 0.11142089127994598, 'lag_23': 0.44771627539126013, 'lag_24': 0.5152017597465604, 'lag_25': 0.5253846039721216, 'lag_26': 0.8064171104258897, 'lag_27': 0.9412313668400173, 'lag_28': 0.9405822393904395}. Best is trial 15 with value: 0.004257252981542745.
[I 2025-09-29 13:23:21,146] Trial 28 finished with value: 0.004498396512491299 and parameters: {'lag_0': 0.6313147715247658, 'lag_1': 0.3056917039923461, 'lag_2': 0.9030167648284412, 'lag_3': 0.583657018780807, 'lag_4': 0.06486599844670707, 'lag_5': 0.7613900508330362, 'lag_6': 0.6357434303328411, 'lag_7': 0.5539785505637985, 'lag_8': 0.822625484394025, 'lag_9': 0.6028564602546008, 'lag_10': 0.8879990383637995, 'lag_11': 0.48263044522630955, 'lag_12': 0.47888860697287694, 'lag_13': 0.534026089890312, 'lag_14': 0.8928486046113664, 'lag_15': 0.0037334923896494843, 'lag_16': 0.5949196143978261, 'lag_17': 0.4743972317663613, 'lag_18': 0.6468723061897399, 'lag_19': 0.43146247141839955, 'lag_20': 0.3759406810137655, 'lag_21': 0.5506835649743833, 'lag_22': 0.34736576823308674, 'lag_23': 0.35030175088989335, 'lag_24': 0.38241141971592424, 'lag_25': 0.3658168821475378, 'lag_26': 0.8332050881412595, 'lag_27': 0.7665151355132012, 'lag_28': 0.8630027305294539}. Best is trial 15 with value: 0.004257252981542745.
[I 2025-09-29 13:23:23,640] Trial 29 finished with value: 0.004419853540691866 and parameters: {'lag_0': 0.06505662805779686, 'lag_1': 0.8221312423875644, 'lag_2': 0.76341414596994, 'lag_3': 0.31054902158231834, 'lag_4': 0.2039817206760587, 'lag_5': 0.571254975380513, 'lag_6': 0.9307406519514223, 'lag_7': 0.37072831378380006, 'lag_8': 0.2960191169251254, 'lag_9': 0.1832574757844419, 'lag_10': 0.5890846935479497, 'lag_11': 0.35619305825816094, 'lag_12': 0.3294764567157526, 'lag_13': 0.4339571598365295, 'lag_14': 0.7725718204395882, 'lag_15': 0.15925609589302175, 'lag_16': 0.7088390464907017, 'lag_17': 0.4031986307853719, 'lag_18': 0.7730799365873207, 'lag_19': 0.31375967226966106, 'lag_20': 0.5389601460670103, 'lag_21': 0.10193554560596471, 'lag_22': 0.4642596334802828, 'lag_23': 0.04962231375348081, 'lag_24': 0.27432256058059856, 'lag_25': 0.48043959095296895, 'lag_26': 0.999932678776478, 'lag_27': 0.8393864599687354, 'lag_28': 0.1836950086862541}. Best is trial 15 with value: 0.004257252981542745.
[I 2025-09-29 13:23:26,138] Trial 30 finished with value: 0.0046934304433644885 and parameters: {'lag_0': 0.8372665390955373, 'lag_1': 0.4332224409843251, 'lag_2': 0.36948294096045203, 'lag_3': 0.46857740719054575, 'lag_4': 0.3816185066791772, 'lag_5': 0.433982256472095, 'lag_6': 0.4968844793551445, 'lag_7': 0.2526962669759125, 'lag_8': 0.7282487205485447, 'lag_9': 0.553370723856411, 'lag_10': 0.500752497865609, 'lag_11': 0.542155652803966, 'lag_12': 0.0009081481334322627, 'lag_13': 0.12773371568544578, 'lag_14': 0.6293559046563437, 'lag_15': 0.3946116605334768, 'lag_16': 0.32301454633603227, 'lag_17': 0.8118124927297461, 'lag_18': 0.9674926666909717, 'lag_19': 0.6352598101150829, 'lag_20': 0.656168079714442, 'lag_21': 0.39592402806085697, 'lag_22': 0.12107517087149978, 'lag_23': 0.470641781051235, 'lag_24': 0.5782474063166464, 'lag_25': 0.6235325981684682, 'lag_26': 0.8791809433461201, 'lag_27': 0.6784455739826394, 'lag_28': 0.26240587436222557}. Best is trial 15 with value: 0.004257252981542745.
[I 2025-09-29 13:23:28,630] Trial 31 finished with value: 0.00511241316690564 and parameters: {'lag_0': 0.4423872482067419, 'lag_1': 0.14137862679421756, 'lag_2': 0.7170709065179759, 'lag_3': 0.35113383072758897, 'lag_4': 0.06904966638407578, 'lag_5': 0.18859143978194948, 'lag_6': 0.7729354227092692, 'lag_7': 0.11662886954467942, 'lag_8': 0.9963477479219544, 'lag_9': 0.09534231359407744, 'lag_10': 0.656111946472471, 'lag_11': 0.7436285463788045, 'lag_12': 0.8153958288509905, 'lag_13': 0.482560154155265, 'lag_14': 0.5451684889733406, 'lag_15': 0.3119084123486861, 'lag_16': 0.4470731394852746, 'lag_17': 0.07646198758109729, 'lag_18': 0.05953617579624926, 'lag_19': 0.7693969228238027, 'lag_20': 0.15218962104173855, 'lag_21': 0.29981615198601935, 'lag_22': 0.012267086524542017, 'lag_23': 0.58831539899554, 'lag_24': 0.1948454741134284, 'lag_25': 0.17104709325431847, 'lag_26': 0.22748187217977034, 'lag_27': 0.6310686028942396, 'lag_28': 0.9846649553711045}. Best is trial 15 with value: 0.004257252981542745.
[I 2025-09-29 13:23:31,123] Trial 32 finished with value: 0.004806214106413462 and parameters: {'lag_0': 0.5565037035161317, 'lag_1': 0.26417348354606257, 'lag_2': 0.8468413479660268, 'lag_3': 0.14859439845745304, 'lag_4': 0.013302938973612101, 'lag_5': 0.06181931938623143, 'lag_6': 0.981005977708374, 'lag_7': 0.07231143680951646, 'lag_8': 0.8938429028601543, 'lag_9': 0.27836979602915546, 'lag_10': 0.07389310840183394, 'lag_11': 0.6309866849900182, 'lag_12': 0.7204696918471951, 'lag_13': 0.40816763058285904, 'lag_14': 0.3497278831355742, 'lag_15': 0.496292669148952, 'lag_16': 0.5936383751960116, 'lag_17': 0.24328776869426194, 'lag_18': 0.4034673782348944, 'lag_19': 0.7029699985114157, 'lag_20': 0.25536767465090215, 'lag_21': 0.24925343043924114, 'lag_22': 0.09288486275708846, 'lag_23': 0.6712929389363909, 'lag_24': 0.2646830330574256, 'lag_25': 0.2648369228872934, 'lag_26': 0.4646338636654048, 'lag_27': 0.7807466331165405, 'lag_28': 0.6222610232417393}. Best is trial 15 with value: 0.004257252981542745.
[I 2025-09-29 13:23:33,613] Trial 33 finished with value: 0.0048572211630262055 and parameters: {'lag_0': 0.24694167376873036, 'lag_1': 0.16859428629869808, 'lag_2': 0.6059609184997505, 'lag_3': 0.39781818676870856, 'lag_4': 0.7135733967275368, 'lag_5': 0.15773809879912762, 'lag_6': 0.20538555057536229, 'lag_7': 0.3016787226975537, 'lag_8': 0.8064713946387395, 'lag_9': 0.004279745359221904, 'lag_10': 0.7684898411531765, 'lag_11': 0.4469924117713552, 'lag_12': 0.9220666852165834, 'lag_13': 0.4962341456019595, 'lag_14': 0.5466341998844518, 'lag_15': 0.5511469536834729, 'lag_16': 0.5106046730848293, 'lag_17': 0.14099955697759875, 'lag_18': 0.5589826151511833, 'lag_19': 0.5914360472309192, 'lag_20': 0.06804616804723657, 'lag_21': 0.049951154874341236, 'lag_22': 0.19394301829980376, 'lag_23': 0.7558593981296733, 'lag_24': 0.05543133971009914, 'lag_25': 0.39388978348851234, 'lag_26': 0.5968139413242873, 'lag_27': 0.4425191924939396, 'lag_28': 0.0773212679908038}. Best is trial 15 with value: 0.004257252981542745.
[I 2025-09-29 13:23:36,109] Trial 34 finished with value: 0.004718655848196345 and parameters: {'lag_0': 0.469888574404699, 'lag_1': 0.06757455368641258, 'lag_2': 0.5479391408317951, 'lag_3': 0.7314872355613427, 'lag_4': 0.21817867679415393, 'lag_5': 0.3327749419897803, 'lag_6': 0.9164984411191338, 'lag_7': 0.20278118104949125, 'lag_8': 0.9106965039077246, 'lag_9': 0.35190114219363317, 'lag_10': 0.4340177399378655, 'lag_11': 0.008406928419499193, 'lag_12': 0.6307225744365419, 'lag_13': 0.600875079451151, 'lag_14': 0.27741356705302195, 'lag_15': 0.12221730482940008, 'lag_16': 0.4110173048029333, 'lag_17': 0.04589794383895748, 'lag_18': 0.20687119002371923, 'lag_19': 0.7712352304550042, 'lag_20': 0.4621225232002899, 'lag_21': 0.3639928985721757, 'lag_22': 0.048654012420236495, 'lag_23': 0.5406418273298653, 'lag_24': 0.1240157501567712, 'lag_25': 0.12224139665748984, 'lag_26': 0.7855713307277704, 'lag_27': 0.7250627939686602, 'lag_28': 0.7175144352881642}. Best is trial 15 with value: 0.004257252981542745.
[I 2025-09-29 13:23:38,608] Trial 35 finished with value: 0.005080403785681559 and parameters: {'lag_0': 0.1760561632069378, 'lag_1': 0.3626453538735289, 'lag_2': 0.700694055508324, 'lag_3': 0.3097629563536076, 'lag_4': 0.2910122015004103, 'lag_5': 0.5108050827368295, 'lag_6': 0.5336864221712049, 'lag_7': 0.4762256693922201, 'lag_8': 0.962826789336956, 'lag_9': 0.14198255955673267, 'lag_10': 0.3460183200669309, 'lag_11': 0.8946122208055205, 'lag_12': 0.8064521742970225, 'lag_13': 0.8199941788919785, 'lag_14': 0.4373639642317458, 'lag_15': 0.280404758195835, 'lag_16': 0.6778849819783709, 'lag_17': 0.1850242232058682, 'lag_18': 0.0807279194933942, 'lag_19': 0.3658362389430857, 'lag_20': 0.18298989623806172, 'lag_21': 0.15760604176855614, 'lag_22': 0.1669435620960946, 'lag_23': 0.8670868798311333, 'lag_24': 0.4659868904734647, 'lag_25': 0.7211384968556933, 'lag_26': 0.3565824224929481, 'lag_27': 0.5644605987989284, 'lag_28': 0.40485673238870035}. Best is trial 15 with value: 0.004257252981542745.
[I 2025-09-29 13:23:41,098] Trial 36 finished with value: 0.004702356781490257 and parameters: {'lag_0': 0.6688962547081603, 'lag_1': 0.5272483066115454, 'lag_2': 0.49198785616887497, 'lag_3': 0.8808511745137668, 'lag_4': 0.0013089044913319886, 'lag_5': 0.8695345065944255, 'lag_6': 0.8316816764216368, 'lag_7': 0.339164286726902, 'lag_8': 0.7718933828467895, 'lag_9': 0.39512484390844405, 'lag_10': 0.9178814103104972, 'lag_11': 0.6809996325677147, 'lag_12': 0.11125423603227419, 'lag_13': 0.5532790163792727, 'lag_14': 0.5168099222530107, 'lag_15': 0.3819354393711491, 'lag_16': 0.5627888236538476, 'lag_17': 0.2302809572244984, 'lag_18': 0.40401231498708645, 'lag_19': 0.4902219333103578, 'lag_20': 0.8117514208432915, 'lag_21': 0.24864283459795938, 'lag_22': 0.8694921236421077, 'lag_23': 0.9331469959980232, 'lag_24': 0.7155435435911288, 'lag_25': 0.18609388544649452, 'lag_26': 0.6647203583218909, 'lag_27': 0.6518750066894635, 'lag_28': 0.8245717126035423}. Best is trial 15 with value: 0.004257252981542745.
[I 2025-09-29 13:23:43,594] Trial 37 finished with value: 0.0046398931213592525 and parameters: {'lag_0': 0.3424330063719353, 'lag_1': 0.37273420272625674, 'lag_2': 0.9861338644010977, 'lag_3': 0.5586781080839176, 'lag_4': 0.09362051547407732, 'lag_5': 0.0987205447277543, 'lag_6': 0.6980237612172501, 'lag_7': 0.4269169689507151, 'lag_8': 0.45214512114918337, 'lag_9': 0.08118084026907074, 'lag_10': 0.5553071161220806, 'lag_11': 0.4464760391634242, 'lag_12': 0.2867213639459555, 'lag_13': 0.6720225527194351, 'lag_14': 0.7253648864085008, 'lag_15': 0.9007825021323729, 'lag_16': 0.4824442552596775, 'lag_17': 0.9732309156093006, 'lag_18': 0.9054361636340972, 'lag_19': 0.8917142639476713, 'lag_20': 0.27497956921063904, 'lag_21': 0.047048834056876765, 'lag_22': 0.259519349855445, 'lag_23': 0.6920591109594763, 'lag_24': 0.8572935401939403, 'lag_25': 0.5430105884110672, 'lag_26': 0.5253758311587188, 'lag_27': 0.7573261316555046, 'lag_28': 0.4824417726069816}. Best is trial 15 with value: 0.004257252981542745.
[I 2025-09-29 13:23:46,084] Trial 38 finished with value: 0.004905201627747039 and parameters: {'lag_0': 0.5308553561646587, 'lag_1': 0.2132977759746414, 'lag_2': 0.6139886636203473, 'lag_3': 0.9398037115573912, 'lag_4': 0.5495181449891318, 'lag_5': 0.24552324998061636, 'lag_6': 0.45594041216285486, 'lag_7': 0.26014448194293005, 'lag_8': 0.93064126933103, 'lag_9': 0.3155595553617354, 'lag_10': 0.023568767727577766, 'lag_11': 0.2788658790754176, 'lag_12': 0.7419267750199832, 'lag_13': 0.5369137535380268, 'lag_14': 0.45977819234490425, 'lag_15': 0.7158544648116845, 'lag_16': 0.8603857107201789, 'lag_17': 0.4451572539034666, 'lag_18': 0.48818108409355127, 'lag_19': 0.6052195417633784, 'lag_20': 0.21706554377742665, 'lag_21': 0.433388125146816, 'lag_22': 0.07112847349317714, 'lag_23': 0.7519227722327826, 'lag_24': 0.09447813825346293, 'lag_25': 0.6776710157071635, 'lag_26': 0.9513486585458512, 'lag_27': 0.8357436135218423, 'lag_28': 0.9279936976993722}. Best is trial 15 with value: 0.004257252981542745.
[I 2025-09-29 13:23:48,727] Trial 39 finished with value: 0.005816982703160644 and parameters: {'lag_0': 0.23667022065240678, 'lag_1': 0.0859459593505526, 'lag_2': 0.9196518834193543, 'lag_3': 0.15277945535192272, 'lag_4': 0.3667297616256982, 'lag_5': 0.14706313159235193, 'lag_6': 0.643087799611277, 'lag_7': 0.04408237489886789, 'lag_8': 0.34915653811318054, 'lag_9': 0.22220286172465542, 'lag_10': 0.6878748524797068, 'lag_11': 0.8161904807228384, 'lag_12': 0.9679063597025481, 'lag_13': 0.8963567845919034, 'lag_14': 0.22234826882637082, 'lag_15': 0.46028377516574676, 'lag_16': 0.27797461896379216, 'lag_17': 0.5272600899974264, 'lag_18': 0.8671027743298281, 'lag_19': 0.003588087940591511, 'lag_20': 0.4454220321908693, 'lag_21': 0.630587631509213, 'lag_22': 0.5311776107146398, 'lag_23': 0.3772744490375279, 'lag_24': 0.6069329737991485, 'lag_25': 0.09998549919464071, 'lag_26': 0.48885111343677207, 'lag_27': 0.9125704720639968, 'lag_28': 0.3110600304309714}. Best is trial 15 with value: 0.004257252981542745.
[I 2025-09-29 13:23:51,235] Trial 40 finished with value: 0.00446723311275239 and parameters: {'lag_0': 0.15377659204294872, 'lag_1': 0.2559994372485337, 'lag_2': 0.5180366385354451, 'lag_3': 0.46666335351921917, 'lag_4': 0.4417003232254846, 'lag_5': 0.4455792230554876, 'lag_6': 0.7952746304483971, 'lag_7': 0.14163819828279497, 'lag_8': 0.08799045999224032, 'lag_9': 0.13084518066639708, 'lag_10': 0.5861574751222075, 'lag_11': 0.6555123885880277, 'lag_12': 0.5258857925714476, 'lag_13': 0.38562097167072673, 'lag_14': 0.6699650253325683, 'lag_15': 0.5202399935984026, 'lag_16': 0.7377986898103315, 'lag_17': 0.3397165132631206, 'lag_18': 0.7718128086608387, 'lag_19': 0.9907597513779909, 'lag_20': 0.5911886520793262, 'lag_21': 0.9021326672823085, 'lag_22': 0.4169094590393564, 'lag_23': 0.26258921912339706, 'lag_24': 0.22090226028381235, 'lag_25': 0.2837480955923782, 'lag_26': 0.21750647769202586, 'lag_27': 0.2632455607108072, 'lag_28': 0.6747103103380319}. Best is trial 15 with value: 0.004257252981542745.
[I 2025-09-29 13:23:53,745] Trial 41 finished with value: 0.004576004169355543 and parameters: {'lag_0': 0.787653862456663, 'lag_1': 0.19230446461183326, 'lag_2': 0.7643735480343811, 'lag_3': 0.8180979684728402, 'lag_4': 0.2178375607821334, 'lag_5': 0.6320142224961137, 'lag_6': 0.7220247275653376, 'lag_7': 0.5824398171291247, 'lag_8': 0.5219052277565297, 'lag_9': 0.25521917494276336, 'lag_10': 0.13936220078627382, 'lag_11': 0.3684885300812511, 'lag_12': 0.9782889664337713, 'lag_13': 0.30306705576450743, 'lag_14': 0.594002824488661, 'lag_15': 0.30240418816316983, 'lag_16': 0.013691232640676725, 'lag_17': 0.2908505531637332, 'lag_18': 0.7072718821062562, 'lag_19': 0.806504860810755, 'lag_20': 0.08156631677460509, 'lag_21': 0.17531232913070605, 'lag_22': 0.5819527969778938, 'lag_23': 0.8175305779608889, 'lag_24': 0.20418971904696917, 'lag_25': 0.21740503791733815, 'lag_26': 0.14513896489640155, 'lag_27': 0.587791593628473, 'lag_28': 0.7442955205806102}. Best is trial 15 with value: 0.004257252981542745.
[I 2025-09-29 13:23:56,258] Trial 42 finished with value: 0.004358835275935979 and parameters: {'lag_0': 0.8608137690648623, 'lag_1': 0.3437908854719022, 'lag_2': 0.7904773193261994, 'lag_3': 0.8068352668123595, 'lag_4': 0.26570931756318644, 'lag_5': 0.5990531824756, 'lag_6': 0.6892050046610473, 'lag_7': 0.6957029045538577, 'lag_8': 0.6037936294317354, 'lag_9': 0.17074201562621852, 'lag_10': 0.09571593297849668, 'lag_11': 0.5393525747033167, 'lag_12': 0.910181699371457, 'lag_13': 0.3417637265272503, 'lag_14': 0.563834328730195, 'lag_15': 0.355320623735491, 'lag_16': 0.09578825273373967, 'lag_17': 0.35535840793323475, 'lag_18': 0.6834980038068597, 'lag_19': 0.7165827291234419, 'lag_20': 0.1240338714472951, 'lag_21': 0.18001484230990872, 'lag_22': 0.6164439026754541, 'lag_23': 0.8616435870159935, 'lag_24': 0.301349893904729, 'lag_25': 0.22175673976825755, 'lag_26': 0.03319259663924661, 'lag_27': 0.6293510797982294, 'lag_28': 0.5734733624654736}. Best is trial 15 with value: 0.004257252981542745.
[I 2025-09-29 13:23:58,762] Trial 43 finished with value: 0.0042833040356694465 and parameters: {'lag_0': 0.7192026930964361, 'lag_1': 0.2524753336257982, 'lag_2': 0.8652085758495838, 'lag_3': 0.9445377603981633, 'lag_4': 0.32082122916539924, 'lag_5': 0.7067247617670602, 'lag_6': 0.6496273742471972, 'lag_7': 0.5342465094459318, 'lag_8': 0.4902704290766932, 'lag_9': 0.053313373916625606, 'lag_10': 0.18744110511693102, 'lag_11': 0.24904550649587726, 'lag_12': 0.8571612377475935, 'lag_13': 0.48790683237086235, 'lag_14': 0.4852749124254189, 'lag_15': 0.23098533659643783, 'lag_16': 0.17377718470557935, 'lag_17': 0.1217897835444815, 'lag_18': 0.7340189427768592, 'lag_19': 0.8615138326703211, 'lag_20': 0.08544267908089226, 'lag_21': 0.06754036120092739, 'lag_22': 0.6865115648390467, 'lag_23': 0.776348289909482, 'lag_24': 0.23131847982078885, 'lag_25': 0.06139785800689934, 'lag_26': 0.03816115967303668, 'lag_27': 0.530850531317398, 'lag_28': 0.6987760780645924}. Best is trial 15 with value: 0.004257252981542745.
[I 2025-09-29 13:24:01,276] Trial 44 finished with value: 0.004956242191071264 and parameters: {'lag_0': 0.7015436799342165, 'lag_1': 0.41258655900524943, 'lag_2': 0.8776300897101774, 'lag_3': 0.970647426028698, 'lag_4': 0.31858974191633416, 'lag_5': 0.7727960748963322, 'lag_6': 0.8827551839213534, 'lag_7': 0.5105826891790164, 'lag_8': 0.17531483739417886, 'lag_9': 0.06497040780976329, 'lag_10': 0.24158870180226652, 'lag_11': 0.08566845589302685, 'lag_12': 0.8402784939579229, 'lag_13': 0.656527422327845, 'lag_14': 0.39835794162659693, 'lag_15': 0.246316896299344, 'lag_16': 0.6246178937996226, 'lag_17': 0.12690933894858192, 'lag_18': 0.945540524187933, 'lag_19': 0.9387945072101838, 'lag_20': 0.03410386769139536, 'lag_21': 0.06457253333692814, 'lag_22': 0.6914076050992898, 'lag_23': 0.7295437975119705, 'lag_24': 0.38284111470873616, 'lag_25': 0.06761823830223723, 'lag_26': 0.08600498826917466, 'lag_27': 0.5343384878716638, 'lag_28': 0.8556720119467365}. Best is trial 15 with value: 0.004257252981542745.
