[I 2025-10-03 11:38:40,567] Trial 68 finished with values: [0.065503915734756, 0.007534783114814604, 0.007620977160882514, 0.0016297235021553436, 0.0024396728741325363, 0.005671215038874364, 0.0007857997127308707, 0.0014224593356921423, 0.000238046504212164, 0.0007248405438148881, 0.00028307162540807675, 0.0001733245736006324, 0.00227913002710341, 0.03379378628581461, 0.0, 0.010209777931630989, 0.010199774208709116, 0.004333550279117578, 0.00048287687057890294, 0.0004895119551326891, 7.453932706226032e-05, 0.0002701732776876342, 0.0002555788083516577, 0.0002706618344847302, 0.00023237517742848951, 0.00021843467599545969, 0.00022534448066410272, 0.000998140322344643, 0.0006687257046347427] and parameters: {'lag_0': 0.6804450469035596, 'lag_1': 0.8257695264721371, 'lag_2': 0.667264903474443, 'lag_3': 0.3006480396919488, 'lag_4': 0.3152436334572255, 'lag_5': 0.46476101152641186, 'lag_6': 0.26294751785815157, 'lag_7': 0.9980838510958452, 'lag_8': 0.9698763251034036, 'lag_9': 0.21919030682065502, 'lag_10': 0.2687528705706869, 'lag_11': 0.5395733938846999, 'lag_12': 0.8221929772120019, 'lag_13': 0.9878978692251635, 'lag_14': 0.699611494896347, 'lag_15': 0.22531551552106066, 'lag_16': 0.705882136319634, 'lag_17': 0.4723941113221821, 'lag_18': 0.261050671496666, 'lag_19': 0.9576495004927321, 'lag_20': 0.7159590186634446, 'lag_21': 0.3904297741746309, 'lag_22': 0.21366899306977674, 'lag_23': 0.6082392874515247, 'lag_24': 0.23437914744097607, 'lag_25': 0.49507501345602967, 'lag_26': 0.8708546075195743, 'lag_27': 0.38915222681617045, 'lag_28': 0.3835156426335929}.
[I 2025-10-03 11:38:43,259] Trial 69 finished with values: [0.055736534318251776, 0.0015968290445468544, 0.01030576080394536, 0.011163712097475544, 0.004018695586802677, 0.004111336971931931, 0.0007177205874668409, 0.0013920109527725969, 0.0004617317136692147, 0.0009141203698457511, 0.00043246623701686615, 0.00028191845433610523, 0.002657024811424339, 0.0325089276905898, 0.0, 0.010979400967403075, 0.012724863060253591, 0.0036872796834724413, 0.0007700694203392918, 0.0003975746471581382, 0.000212901085995276, 0.00023628611331944264, 0.00014258887012966415, 0.000300485768234829, 0.00013502028955402422, 0.00010945547673706413, 0.001028474541432713, 0.0012249179074801165, 0.0024033556793870807] and parameters: {'lag_0': 0.9331409652615872, 'lag_1': 0.34391697441277197, 'lag_2': 0.6637738794756267, 'lag_3': 0.9906189875671575, 'lag_4': 0.5415329427933948, 'lag_5': 0.39534052647627216, 'lag_6': 0.8906550329894224, 'lag_7': 0.8513042002758471, 'lag_8': 0.773508707602832, 'lag_9': 0.9001219140761043, 'lag_10': 0.5132867564202797, 'lag_11': 0.5138250379051712, 'lag_12': 0.8392643356326555, 'lag_13': 0.4746387251090846, 'lag_14': 0.8848824117906325, 'lag_15': 0.2869136177500859, 'lag_16': 0.949103436314326, 'lag_17': 0.21410479888562356, 'lag_18': 0.9094382647227139, 'lag_19': 0.29092767075892423, 'lag_20': 0.1650342889780073, 'lag_21': 0.36775251270012177, 'lag_22': 0.6252450119250534, 'lag_23': 0.10719851448014268, 'lag_24': 0.5248838890891547, 'lag_25': 0.2035803373576919, 'lag_26': 0.2243683888994031, 'lag_27': 0.3879435640607005, 'lag_28': 0.571876660035871}.
[I 2025-10-03 11:38:45,950] Trial 70 finished with values: [0.059019314670388054, 0.001681786306718926, 0.012084330915563109, 0.003361499086147674, 0.003765382217921511, 0.0034152271589885084, 0.0005704321821131816, 0.0012572661519810284, 0.00013943592115614277, 0.0007460617470782756, 0.0004698415916799664, 0.00013082078260603995, 0.002092532198576444, 0.03052384544898361, 0.0, 0.012672704015551239, 0.011241857506133802, 0.0031919071498001396, 0.0007960955313104099, 0.000590839640434378, 0.00011095509722551205, 0.00026211887402943914, 0.00019157125896289074, 0.00040511376344135275, 0.00013650493380195752, 0.0002467433537259356, 0.0008581767869491582, 0.0012072686691117014, 0.001492927639516805] and parameters: {'lag_0': 0.26582712728605623, 'lag_1': 0.5077507284486034, 'lag_2': 0.36607851103700223, 'lag_3': 0.3096541448902144, 'lag_4': 0.09076642792594551, 'lag_5': 0.5723181003576772, 'lag_6': 0.7385971653344117, 'lag_7': 0.44067704465753943, 'lag_8': 0.9533050961549535, 'lag_9': 0.06338623898534629, 'lag_10': 0.15243912430838358, 'lag_11': 0.43553633176494283, 'lag_12': 0.14081909177244123, 'lag_13': 0.3954606232655438, 'lag_14': 0.9794986024086701, 'lag_15': 0.5852830751660247, 'lag_16': 0.5619205360644528, 'lag_17': 0.36264607668186416, 'lag_18': 0.01795747167761038, 'lag_19': 0.9469616356842134, 'lag_20': 0.04088257101896314, 'lag_21': 0.1660394980201056, 'lag_22': 0.8421471824783336, 'lag_23': 0.6614156473987873, 'lag_24': 0.6578943576850383, 'lag_25': 0.8440561262743558, 'lag_26': 0.4375280611885013, 'lag_27': 0.38611557604063307, 'lag_28': 0.5832231780073552}.
[I 2025-10-03 11:38:48,629] Trial 71 finished with values: [0.03892567905509388, 0.0021836671915997996, 0.007130748988998237, 0.0036467233001445656, 0.0022772038059554753, 0.0030356199545941084, 0.00022214161481250768, 0.0020047008604937083, 0.0007303858930805897, 0.0007741240485432279, 0.00010467874500316908, 0.0002432635682318628, 0.0018353758948989611, 0.03450775840535922, 0.0, 0.00892750468876102, 0.01117214998681004, 0.00357100840264809, 0.00041739123018290304, 0.0003246562564489884, 7.723736658825272e-05, 0.00015935348142134416, 0.000112527389260835, 0.0004442047950964402, 4.484894062262313e-05, 0.00018921902551170385, 0.0006410587034662019, 0.0021862581341339565, 0.0012014185263110998] and parameters: {'lag_0': 0.8799223791577209, 'lag_1': 0.9980601017102498, 'lag_2': 0.6637738794756267, 'lag_3': 0.7967359257484338, 'lag_4': 0.9260869205314979, 'lag_5': 0.39534052647627216, 'lag_6': 0.6128077629606642, 'lag_7': 0.9242224354387499, 'lag_8': 0.773508707602832, 'lag_9': 0.9001219140761043, 'lag_10': 0.5132867564202797, 'lag_11': 0.808512306773523, 'lag_12': 0.5723086606600797, 'lag_13': 0.33576076349664125, 'lag_14': 0.8848824117906325, 'lag_15': 0.2869136177500859, 'lag_16': 0.9844050126931706, 'lag_17': 0.030861050803152067, 'lag_18': 0.3045853716877734, 'lag_19': 0.9416059136253808, 'lag_20': 0.6839222246697877, 'lag_21': 0.42824324249252826, 'lag_22': 0.7201637829230175, 'lag_23': 0.2826101476986767, 'lag_24': 0.5248838890891547, 'lag_25': 0.2035803373576919, 'lag_26': 0.4878410523115522, 'lag_27': 0.8252798501661925, 'lag_28': 0.9921902949184873}.
[I 2025-10-03 11:38:51,491] Trial 72 finished with values: [0.07607156321198512, 0.006585019103516822, 0.008771221305663228, 0.004021290323810545, 0.0045539092055323915, 0.005580405213341868, 8.491547182774309e-05, 0.0015463765392847236, 0.001060547069426719, 0.00036890245790457987, 0.0001545745209502443, 0.00027730084041920907, 0.0028854359000092403, 0.031129809812411945, 0.0, 0.011995265898439893, 0.010160135966288477, 0.0035200012113154938, 0.0008328418865870185, 0.0005238930361013133, 0.00010585220970070305, 0.0002822838941840375, 0.0002999146122303792, 0.00036242636102987646, 7.159961578374942e-05, 0.00012577076243972145, 0.0007192650626566415, 0.0004235228124163149, 0.00225919467658039] and parameters: {'lag_0': 0.2103995615038489, 'lag_1': 0.7478310221086767, 'lag_2': 0.5610601614565486, 'lag_3': 0.2547714468462125, 'lag_4': 0.448758315629698, 'lag_5': 0.6245197653676653, 'lag_6': 0.08393795192403218, 'lag_7': 0.35997894381557627, 'lag_8': 0.15166945209067828, 'lag_9': 0.4877934006851299, 'lag_10': 0.6839198880374948, 'lag_11': 0.8606807599970872, 'lag_12': 0.1695405410982705, 'lag_13': 0.7808430234444387, 'lag_14': 0.7650011044764145, 'lag_15': 0.7017263406421906, 'lag_16': 0.5328571137477501, 'lag_17': 0.8869185634966646, 'lag_18': 0.06061618138291582, 'lag_19': 0.7146065126460726, 'lag_20': 0.5471436203154865, 'lag_21': 0.8977623635567258, 'lag_22': 0.94039099237319, 'lag_23': 0.515614336591749, 'lag_24': 0.9284482898770601, 'lag_25': 0.6060772512961105, 'lag_26': 0.6675925496515815, 'lag_27': 0.8584714694137257, 'lag_28': 0.6447372861443869}.
[I 2025-10-03 11:38:54,181] Trial 73 finished with values: [0.05496102411417013, 0.0057754144531441615, 0.005563034384311863, 0.0059883565196029, 0.001797935864688262, 0.004562350025542995, 0.0012629081572962022, 0.0010680260194162853, 0.00023874943645368468, 0.0008851957176640148, 0.00028556359779411354, 0.00023600594989564536, 0.0022682216890293223, 0.03313235585503128, 0.0, 0.011914649190635906, 0.012254985055482866, 0.0035282586680020606, 0.0005017420678939589, 0.0005405090118512601, 0.00011485260680734696, 0.00035235238964759804, 0.00011395504024750669, 0.0002986079923597673, 0.00015875296843279908, 0.00030775855428420896, 0.0008454535727898746, 0.0008691053492560448, 0.001691490063048542] and parameters: {'lag_0': 0.13636149564470465, 'lag_1': 0.5765198928153401, 'lag_2': 0.19082499519893298, 'lag_3': 0.1519298888791109, 'lag_4': 0.39638659435466195, 'lag_5': 0.03811074170493327, 'lag_6': 0.2050301956742519, 'lag_7': 0.5359995617835299, 'lag_8': 0.9946439261567658, 'lag_9': 0.3748030825365204, 'lag_10': 0.8144332819024592, 'lag_11': 0.7598293834682122, 'lag_12': 0.5351285312355737, 'lag_13': 0.09323827639698107, 'lag_14': 0.9605946298178317, 'lag_15': 0.7701219939007429, 'lag_16': 0.35765651816804933, 'lag_17': 0.22650966033687603, 'lag_18': 0.9540386928138351, 'lag_19': 0.1871850120973641, 'lag_20': 0.9734962386957282, 'lag_21': 0.11275492687432287, 'lag_22': 0.8002849125398307, 'lag_23': 0.3100869260716611, 'lag_24': 0.7603164859123458, 'lag_25': 0.4427147796585636, 'lag_26': 0.5083844813215673, 'lag_27': 0.5353904821223492, 'lag_28': 0.8884915861510598}.
[I 2025-10-03 11:38:56,879] Trial 74 finished with values: [0.0713352931200181, 0.003779351327144801, 0.003891973540294754, 0.005370115625976706, 0.002206472870130286, 0.004583858091012609, 0.0004941352500677902, 0.0015435288025168067, 0.0004380690328497644, 0.0013367159675912186, 0.0001093091821166796, 0.00017512396446726146, 0.002826416126646165, 0.030825013616611725, 0.0, 0.012689902305861703, 0.013154182303329182, 0.0038196713539308453, 0.0006956980351955708, 0.0003972705194403726, 0.00028285008845453023, 0.00014246632097036194, 0.000101311833050872, 0.00017243958972427306, 0.000173348517321629, 0.00010767526456435712, 0.0009178795894887088, 0.0014139287936532992, 0.0011468704793086513] and parameters: {'lag_0': 0.10439243431504609, 'lag_1': 0.2674924927365455, 'lag_2': 0.1425171989057546, 'lag_3': 0.6464688132713491, 'lag_4': 0.9021146234907255, 'lag_5': 0.11300199263554714, 'lag_6': 0.5708840570947407, 'lag_7': 0.6217239539803547, 'lag_8': 0.7731074374809215, 'lag_9': 0.7192123920446201, 'lag_10': 0.869991719454097, 'lag_11': 0.5146281485719251, 'lag_12': 0.09617592262109066, 'lag_13': 0.5979471269445017, 'lag_14': 0.35107401835014307, 'lag_15': 0.622935960132718, 'lag_16': 0.8029480043922942, 'lag_17': 0.0040623810191135, 'lag_18': 0.40908044619863615, 'lag_19': 0.41893288346816243, 'lag_20': 0.722778633569423, 'lag_21': 0.685740471967723, 'lag_22': 0.47510651695684075, 'lag_23': 0.2503054985017898, 'lag_24': 0.720427538455724, 'lag_25': 0.3125756274315831, 'lag_26': 0.7478621555607532, 'lag_27': 0.540779526841807, 'lag_28': 0.4794472314487261}.
[I 2025-10-03 11:38:59,563] Trial 75 finished with values: [0.07421606648199446, 0.010765618800249978, 0.005963828763848479, 0.003117594017492404, 0.0014243084371572529, 0.004537776536969334, 0.0010271704675192887, 0.001458796958426405, 0.0005975401271641341, 0.0014974680667463062, 0.0005349423204324291, 8.512092697982847e-05, 0.0023658815121163686, 0.03247289575196424, 0.0, 0.013116258017657048, 0.01183577017465481, 0.0035070916405619086, 0.0009453622320642777, 0.0005598945849277425, 6.431524959309626e-05, 0.00037652723438718185, 8.198775705068279e-05, 0.0001771491811308281, 8.159420038933622e-05, 0.00020692963922219662, 0.001072947093411642, 0.0008147329327143314, 0.0011671838101984368] and parameters: {'lag_0': 0.7558835420951148, 'lag_1': 0.3026688627103554, 'lag_2': 0.7037120059412982, 'lag_3': 0.6943250216875111, 'lag_4': 0.5950305936200587, 'lag_5': 0.7092016549608464, 'lag_6': 0.012974353269728286, 'lag_7': 0.864586687528837, 'lag_8': 0.27604510503357826, 'lag_9': 0.08220505837081027, 'lag_10': 0.8228985185993285, 'lag_11': 0.9379195060342144, 'lag_12': 0.11925445005980785, 'lag_13': 0.8590472287152572, 'lag_14': 0.7000408780568198, 'lag_15': 0.852662557598802, 'lag_16': 0.12442477797808923, 'lag_17': 0.7819485981717533, 'lag_18': 0.5175877740650451, 'lag_19': 0.7608589956290295, 'lag_20': 0.2692802575786706, 'lag_21': 0.09187871844074859, 'lag_22': 0.33696091365489134, 'lag_23': 0.820538831101178, 'lag_24': 0.6958507116081666, 'lag_25': 0.09982277823819807, 'lag_26': 0.9743529215553447, 'lag_27': 0.6159759379723233, 'lag_28': 0.8376731315430112}.
[I 2025-10-03 11:39:02,251] Trial 76 finished with values: [0.07421606648199446, 0.0005653322315758095, 0.009703355279474092, 0.004032016581524035, 0.003713085297502223, 0.0029796903954752616, 0.001039504759560856, 0.0008012459675842607, 0.0007931805490863965, 0.0006839046770053261, 0.00021711854488122435, 0.0001805986685493982, 0.002387025987995254, 0.03051996415329674, 0.0, 0.010088011087677342, 0.010362798465875286, 0.0034238697909229057, 0.0006350029216904871, 0.00048185766570650634, 0.0001515760462769276, 0.00022352757381659786, 0.00022525915233814262, 0.0003542452772776352, 0.00012070194941923565, 0.00028334954080849403, 0.00085244435092609, 0.0009477116742742309, 0.000963861842862431] and parameters: {'lag_0': 0.8667121155003149, 'lag_1': 0.001969722926431864, 'lag_2': 0.24832441304967157, 'lag_3': 0.26576521592940694, 'lag_4': 0.1139962861487987, 'lag_5': 0.5395290471014446, 'lag_6': 0.2975963026073215, 'lag_7': 0.41534807210944025, 'lag_8': 0.20052847096719212, 'lag_9': 0.8824276597054794, 'lag_10': 0.7135766396415577, 'lag_11': 0.9701808823487792, 'lag_12': 0.3362695466056106, 'lag_13': 0.9634916544421883, 'lag_14': 0.6188907108818271, 'lag_15': 0.009669421317860789, 'lag_16': 0.27819707119900566, 'lag_17': 0.15823908012100052, 'lag_18': 0.0023732587536552494, 'lag_19': 0.30134090751293496, 'lag_20': 0.11979192317817908, 'lag_21': 0.8752398881145184, 'lag_22': 0.25810619797987505, 'lag_23': 0.2020941970246631, 'lag_24': 0.679137416759786, 'lag_25': 0.6634007071893465, 'lag_26': 0.37988997472374036, 'lag_27': 0.7877490032584411, 'lag_28': 0.6460670463629138}.
[I 2025-10-03 11:39:04,938] Trial 77 finished with values: [0.04863792469896546, 0.0017370907591686812, 0.015130091400484122, 0.004735448586169021, 0.0012688929703810518, 0.004288190101201292, 0.0012470409636671036, 0.0013605111893952048, 0.0005475935738287383, 0.0007680984840311561, 8.240743249064731e-05, 0.00047768332760295666, 0.0018522168484596732, 0.03337508930110541, 0.0, 0.013473827439697075, 0.01045415540303549, 0.003622749544481686, 0.0007129194760462116, 0.0005643196684240784, 0.00014945485450376759, 0.00024489101398166344, 0.0004022684352542903, 0.00044164257773035234, 0.00013576092231796393, 7.46763948200916e-05, 0.0018189327950698445, 0.0018460742996533406, 0.0021535960360994453] and parameters: {'lag_0': 0.1918568372552513, 'lag_1': 0.2674924927365455, 'lag_2': 0.3050978780580293, 'lag_3': 0.0697632903905167, 'lag_4': 0.9926990381297152, 'lag_5': 0.5136502183055907, 'lag_6': 0.6492330303793947, 'lag_7': 0.4236253129180869, 'lag_8': 0.7731074374809215, 'lag_9': 0.7549608012225877, 'lag_10': 0.07016644062375668, 'lag_11': 0.7490301656392957, 'lag_12': 0.5448290403596507, 'lag_13': 0.5979471269445017, 'lag_14': 0.35107401835014307, 'lag_15': 0.622935960132718, 'lag_16': 0.5333796900558886, 'lag_17': 0.0040623810191135, 'lag_18': 0.36112603389146863, 'lag_19': 0.7348196810355534, 'lag_20': 0.2555417984944014, 'lag_21': 0.4772508164948863, 'lag_22': 0.6027280514742797, 'lag_23': 0.41144196501892916, 'lag_24': 0.9367796434459287, 'lag_25': 0.3125756274315831, 'lag_26': 0.85506385199097, 'lag_27': 0.4637856257470648, 'lag_28': 0.1362641927310634}.
[I 2025-10-03 11:39:07,623] Trial 78 finished with values: [0.04392496836633494, 0.004839201187196151, 0.00985616654069035, 0.005412955203484083, 0.00391361987623897, 0.005455445403470398, 0.0007420330705160119, 0.0007810736487130307, 0.00046342464019707476, 0.0006740238676480944, 0.00010255791168841683, 0.00015851144064502442, 0.0024198140712739214, 0.03376008981037973, 0.0, 0.011768797235690399, 0.01072772405955621, 0.003395666272569057, 0.0008130192938994515, 0.0003471930495119983, 0.00017084771461712813, 0.0003584014249099255, 0.00017214390000505842, 0.0004569282211490221, 0.00016875081982001418, 0.00017689616878524108, 0.0008392024548160463, 0.0012858296600050398, 0.0007109087370314282] and parameters: {'lag_0': 0.9320000332374191, 'lag_1': 0.5125133837627892, 'lag_2': 0.7124564069475373, 'lag_3': 0.11238729682822372, 'lag_4': 0.5835706561495243, 'lag_5': 0.1853288538257037, 'lag_6': 0.6307648395017976, 'lag_7': 0.5904377231028203, 'lag_8': 0.33996183774953537, 'lag_9': 0.5340752827765926, 'lag_10': 0.12544297951214728, 'lag_11': 0.4218526296933517, 'lag_12': 0.3976879859631943, 'lag_13': 0.8243351105985722, 'lag_14': 0.7411285935672288, 'lag_15': 0.580360821463621, 'lag_16': 0.09773287950133394, 'lag_17': 0.775230357944734, 'lag_18': 0.022039666663657784, 'lag_19': 0.7645532211208415, 'lag_20': 0.31825305005581417, 'lag_21': 0.05472698785887706, 'lag_22': 0.32101405631656216, 'lag_23': 0.8454801431517944, 'lag_24': 0.9042038119554492, 'lag_25': 0.6469263058289845, 'lag_26': 0.33389587406085464, 'lag_27': 0.8325630347485983, 'lag_28': 0.6681286056868229}.
[I 2025-10-03 11:39:10,308] Trial 79 finished with values: [0.059058171745152356, 0.002757375407803498, 0.011536790074778357, 0.0033209276246267882, 0.004197278221832278, 0.005342701601888646, 0.0005484737793201667, 0.0012935314424093428, 0.00014306141945980634, 0.0018404711534296119, 0.00018756760020761728, 0.00014335366362184886, 0.0016799797171788886, 0.030997090476059974, 0.0, 0.010241129280186778, 0.010578138957152868, 0.003459807937972008, 0.00048166445803201843, 0.0005054076705904161, 7.097072864175722e-05, 0.000257158286162094, 0.00021915001109316592, 0.00033918034108814624, 0.00019492722331082685, 0.00017838343716809288, 0.0005514452222915425, 0.00081416108277381, 0.0017483223574172781] and parameters: {'lag_0': 0.24933186432736326, 'lag_1': 0.3026688627103554, 'lag_2': 0.12124331863033229, 'lag_3': 0.6635126941747292, 'lag_4': 0.7487937769249223, 'lag_5': 0.7092016549608464, 'lag_6': 0.5556291430711056, 'lag_7': 0.864586687528837, 'lag_8': 0.03532705315317552, 'lag_9': 0.08220505837081027, 'lag_10': 0.20283663788360987, 'lag_11': 0.40924982916940733, 'lag_12': 0.35238527748522386, 'lag_13': 0.34176412870043327, 'lag_14': 0.14280701121813938, 'lag_15': 0.09893286494386104, 'lag_16': 0.6297365122800491, 'lag_17': 0.155232999185046, 'lag_18': 0.9648336217641719, 'lag_19': 0.925393906366258, 'lag_20': 0.3031579956359494, 'lag_21': 0.38881285287330547, 'lag_22': 0.1941190200619553, 'lag_23': 0.3290001285930233, 'lag_24': 0.6958507116081666, 'lag_25': 0.40659129917076536, 'lag_26': 0.6313660893703638, 'lag_27': 0.9609399817223258, 'lag_28': 0.45310568402900075}.
[I 2025-10-03 11:39:12,998] Trial 80 finished with values: [0.07492159062292532, 0.006949368087142966, 0.0029500643017090844, 0.0072247361573145085, 0.0026607727129202, 0.0051520273445653745, 0.0019830768335464036, 0.0014778906509179258, 0.00012467154600040925, 0.00044527304876878815, 7.49708972478837e-05, 6.5395298303202e-05, 0.0020300744252059987, 0.03280459999686454, 0.0, 0.013076470916848038, 0.011780352645674837, 0.003470569410446436, 0.0008295055341966534, 0.0003830511040370577, 0.00012126703151365383, 0.0004815109606669197, 0.00025990592801720757, 0.0004541371278968356, 0.0002281170924177699, 0.00015456246146534441, 0.0009380241473727499, 0.0009252320132181258, 0.0016127507843413512] and parameters: {'lag_0': 0.24933186432736326, 'lag_1': 0.8751146790472196, 'lag_2': 0.12124331863033229, 'lag_3': 0.3006480396919488, 'lag_4': 0.7487937769249223, 'lag_5': 0.6477633734507264, 'lag_6': 0.6203457746390704, 'lag_7': 0.9133759865844827, 'lag_8': 0.03532705315317552, 'lag_9': 0.21919030682065502, 'lag_10': 0.20283663788360987, 'lag_11': 0.14786487350631633, 'lag_12': 0.35238527748522386, 'lag_13': 0.9878978692251635, 'lag_14': 0.8877207391387726, 'lag_15': 0.8737209818299174, 'lag_16': 0.6297365122800491, 'lag_17': 0.4723941113221821, 'lag_18': 0.19822205637808055, 'lag_19': 0.05158670238079511, 'lag_20': 0.05930323095529967, 'lag_21': 0.43777410672394107, 'lag_22': 0.544548853010907, 'lag_23': 0.5176632406774747, 'lag_24': 0.6303354006043755, 'lag_25': 0.49507501345602967, 'lag_26': 0.8708546075195743, 'lag_27': 0.38915222681617045, 'lag_28': 0.044263380067612136}.
