[I 2025-09-29 11:54:24,287] Trial 61 finished with value: 0.004644871277576908 and parameters: {'lag_0': 0.08345929162558063, 'lag_1': 0.2667106519365078, 'lag_2': 0.22549745910002814, 'lag_3': 0.31381032178107393, 'lag_4': 0.15137305691141129, 'lag_5': 0.051432458100109456, 'lag_6': 0.12322528250663613, 'lag_7': 0.5639773498135051, 'lag_8': 0.659782598225451, 'lag_9': 0.8648657919369225, 'lag_10': 0.836675257920068, 'lag_11': 0.19561739250449478, 'lag_12': 0.6492459221160709, 'lag_13': 0.20548823326576737, 'lag_14': 0.21133149635461382, 'lag_15': 0.4537401373626556, 'lag_16': 0.896255152256949, 'lag_17': 0.142467618427738, 'lag_18': 0.9274398522337314, 'lag_19': 0.4370085826656552, 'lag_20': 0.27837549670347567, 'lag_21': 0.8590978760023997, 'lag_22': 0.15277818959250394, 'lag_23': 0.9038244797961243, 'lag_24': 0.07400598537503071, 'lag_25': 0.5748853246528101, 'lag_26': 0.36493821931724346, 'lag_27': 0.9076246976828654, 'lag_28': 0.5068967450515177}. Best is trial 57 with value: 0.00412202200791082.
[I 2025-09-29 11:54:26,636] Trial 62 finished with value: 0.0043100037995264726 and parameters: {'lag_0': 0.03847386131235317, 'lag_1': 0.33825175066364943, 'lag_2': 0.28069678573693013, 'lag_3': 0.36140752280735655, 'lag_4': 0.05354310431278207, 'lag_5': 0.09057217077926887, 'lag_6': 0.03209325131820352, 'lag_7': 0.6559181804888813, 'lag_8': 0.781665506959785, 'lag_9': 0.9095375073171933, 'lag_10': 0.8769687063658754, 'lag_11': 0.3531199948791202, 'lag_12': 0.5374036406601526, 'lag_13': 0.2916440140964957, 'lag_14': 0.25769842641858226, 'lag_15': 0.5248958131490983, 'lag_16': 0.9980629453280179, 'lag_17': 0.19664932559128198, 'lag_18': 0.8264381405052342, 'lag_19': 0.5797353666108752, 'lag_20': 0.21333799488467853, 'lag_21': 0.7825407693631625, 'lag_22': 0.07005180683046713, 'lag_23': 0.9986191697198943, 'lag_24': 0.03679625266766689, 'lag_25': 0.5480665606211622, 'lag_26': 0.47930241543583413, 'lag_27': 0.9349479551692704, 'lag_28': 0.6658573508910484}. Best is trial 57 with value: 0.00412202200791082.
[I 2025-09-29 11:54:28,977] Trial 63 finished with value: 0.0040782509641623535 and parameters: {'lag_0': 0.15676877222279034, 'lag_1': 0.2246906212654744, 'lag_2': 0.16926571482171154, 'lag_3': 0.5114278668680219, 'lag_4': 0.0009444820956080874, 'lag_5': 0.03219224847324455, 'lag_6': 0.18017022362839596, 'lag_7': 0.4893573624088012, 'lag_8': 0.8740039926908354, 'lag_9': 0.9772918046948754, 'lag_10': 0.7702001201013038, 'lag_11': 0.24257916978282656, 'lag_12': 0.8155225221671033, 'lag_13': 0.6812265144264165, 'lag_14': 0.3176353888741407, 'lag_15': 0.6694140052515156, 'lag_16': 0.9594631713338183, 'lag_17': 0.04070041232681499, 'lag_18': 0.7568149203946073, 'lag_19': 0.6011383641882002, 'lag_20': 0.43079224711507597, 'lag_21': 0.5078097085088912, 'lag_22': 0.7422791327682678, 'lag_23': 0.9368477443367224, 'lag_24': 0.07431295531105817, 'lag_25': 0.7430440442127657, 'lag_26': 0.3289918545539777, 'lag_27': 0.8395561088434104, 'lag_28': 0.5932521487440405}. Best is trial 63 with value: 0.0040782509641623535.
[I 2025-09-29 11:54:31,319] Trial 64 finished with value: 0.004474010401890094 and parameters: {'lag_0': 0.10666302360733518, 'lag_1': 0.17886479463318172, 'lag_2': 0.13497112161254043, 'lag_3': 0.5275749249537651, 'lag_4': 0.0048777963441508365, 'lag_5': 0.0387297608271438, 'lag_6': 0.16246471171549742, 'lag_7': 0.5316530547185432, 'lag_8': 0.8824017566871019, 'lag_9': 0.964252283814246, 'lag_10': 0.7698541476046358, 'lag_11': 0.23869248141985833, 'lag_12': 0.8511276561786874, 'lag_13': 0.17195352197685027, 'lag_14': 0.32293747138223733, 'lag_15': 0.9856939975414294, 'lag_16': 0.9485155510514524, 'lag_17': 0.03575902872741424, 'lag_18': 0.7571460072686921, 'lag_19': 0.7189708237261057, 'lag_20': 0.15094071053496894, 'lag_21': 0.6974248154015293, 'lag_22': 0.1834530831628797, 'lag_23': 0.9525524982075595, 'lag_24': 0.17074312654629747, 'lag_25': 0.7246765428403285, 'lag_26': 0.2845918421090511, 'lag_27': 0.7377537662627964, 'lag_28': 0.5672383180528711}. Best is trial 63 with value: 0.0040782509641623535.
[I 2025-09-29 11:54:33,671] Trial 65 finished with value: 0.004438379388034546 and parameters: {'lag_0': 0.16171880927753068, 'lag_1': 0.3148937313862521, 'lag_2': 0.18776300386559824, 'lag_3': 0.21056281246565745, 'lag_4': 0.08331426860380595, 'lag_5': 0.07968127672887079, 'lag_6': 0.0479190613372964, 'lag_7': 0.4946448468998834, 'lag_8': 0.8309387672292332, 'lag_9': 0.9893188752606525, 'lag_10': 0.8192536209450784, 'lag_11': 0.15610468974552116, 'lag_12': 0.7178850802256375, 'lag_13': 0.6842347205146766, 'lag_14': 0.29359901064537325, 'lag_15': 0.6800042232449921, 'lag_16': 0.7836118222695254, 'lag_17': 0.1303214394832054, 'lag_18': 0.9977804688319958, 'lag_19': 0.6032488215875322, 'lag_20': 0.44453268530569234, 'lag_21': 0.7093052715893534, 'lag_22': 0.7505468433488592, 'lag_23': 0.9378691663162035, 'lag_24': 0.12706102922502216, 'lag_25': 0.7798354055927704, 'lag_26': 0.39767621577957973, 'lag_27': 0.8434051134905753, 'lag_28': 0.15181680371332834}. Best is trial 63 with value: 0.0040782509641623535.
[I 2025-09-29 11:54:36,018] Trial 66 finished with value: 0.004472999880063292 and parameters: {'lag_0': 0.17926584226606312, 'lag_1': 0.2095692990359627, 'lag_2': 0.331637839374067, 'lag_3': 0.47242873726913515, 'lag_4': 0.13580856527606466, 'lag_5': 0.24993285798012915, 'lag_6': 0.1964008928536366, 'lag_7': 0.49032042266754383, 'lag_8': 0.8692582636840658, 'lag_9': 0.8403134460710777, 'lag_10': 0.7144026591741487, 'lag_11': 0.001994049896624911, 'lag_12': 0.8145889871552734, 'lag_13': 0.4160289364320676, 'lag_14': 0.3848400847566336, 'lag_15': 0.5948571724869733, 'lag_16': 0.916534702545622, 'lag_17': 0.0017103711532291052, 'lag_18': 0.8793421418120198, 'lag_19': 0.7679390390583305, 'lag_20': 0.3513357338879295, 'lag_21': 0.6008251583617125, 'lag_22': 0.9493331187856582, 'lag_23': 0.8326708092505003, 'lag_24': 0.012520040931516263, 'lag_25': 0.8347164903338538, 'lag_26': 0.04868099310651882, 'lag_27': 0.8017137438425829, 'lag_28': 0.49489589530488076}. Best is trial 63 with value: 0.0040782509641623535.
[I 2025-09-29 11:54:38,360] Trial 67 finished with value: 0.004471786968021632 and parameters: {'lag_0': 0.8039637628899394, 'lag_1': 0.3747099460968117, 'lag_2': 0.2707677698266878, 'lag_3': 0.5225541336227855, 'lag_4': 0.04689332244593317, 'lag_5': 0.1893130322572989, 'lag_6': 0.0010061970029936612, 'lag_7': 0.41600611421072997, 'lag_8': 0.9246202842120448, 'lag_9': 0.7385397480546039, 'lag_10': 0.8417101000054937, 'lag_11': 0.5256575405674033, 'lag_12': 0.5763762996513246, 'lag_13': 0.5937411080377913, 'lag_14': 0.34593271904796463, 'lag_15': 0.6539273955678102, 'lag_16': 0.8592941134327574, 'lag_17': 0.24162466285411444, 'lag_18': 0.8262079009185312, 'lag_19': 0.6857408518806578, 'lag_20': 0.39553394122554714, 'lag_21': 0.958632427099373, 'lag_22': 0.04106521468358149, 'lag_23': 0.8903636308858429, 'lag_24': 0.057427429923947046, 'lag_25': 0.9913214690844734, 'lag_26': 0.3156615780198764, 'lag_27': 0.8849688215675687, 'lag_28': 0.6258614131791318}. Best is trial 63 with value: 0.0040782509641623535.
[I 2025-09-29 11:54:40,710] Trial 68 finished with value: 0.0047276649149205815 and parameters: {'lag_0': 0.0478029468334725, 'lag_1': 0.2546118941454283, 'lag_2': 0.383670043979748, 'lag_3': 0.4443371916107818, 'lag_4': 0.17469597159774364, 'lag_5': 0.09706517270935941, 'lag_6': 0.22483717337701703, 'lag_7': 0.7084250404194323, 'lag_8': 0.7501841674241114, 'lag_9': 0.928047975985621, 'lag_10': 0.9000759047367656, 'lag_11': 0.622698381166402, 'lag_12': 0.9503745760715114, 'lag_13': 0.13763236691322522, 'lag_14': 0.4707175679224134, 'lag_15': 0.876591961845246, 'lag_16': 0.986087998589393, 'lag_17': 0.048577563770546034, 'lag_18': 0.9147347579144425, 'lag_19': 0.5354749592180125, 'lag_20': 0.2963987426137906, 'lag_21': 0.8698817171420212, 'lag_22': 0.11719879661831559, 'lag_23': 0.7913197326150126, 'lag_24': 0.10136960629255087, 'lag_25': 0.9380420997793186, 'lag_26': 0.3794747989087581, 'lag_27': 0.7723746605875852, 'lag_28': 0.45861510263342964}. Best is trial 63 with value: 0.0040782509641623535.
[I 2025-09-29 11:54:43,060] Trial 69 finished with value: 0.004633648589898487 and parameters: {'lag_0': 0.13182192703711257, 'lag_1': 0.0965645406741284, 'lag_2': 0.21086111168229793, 'lag_3': 0.40984007096015584, 'lag_4': 0.00865292700935634, 'lag_5': 0.7695020465187846, 'lag_6': 0.09820276547246487, 'lag_7': 0.5944182099100215, 'lag_8': 0.9563218853328035, 'lag_9': 0.8756372201602404, 'lag_10': 0.9364587119481682, 'lag_11': 0.2391699526314689, 'lag_12': 0.5643149659119139, 'lag_13': 0.31184387861753354, 'lag_14': 0.23790785648829976, 'lag_15': 0.5046911486427511, 'lag_16': 0.8658798891993462, 'lag_17': 0.13155810209925117, 'lag_18': 0.782390687727158, 'lag_19': 0.6418168518527576, 'lag_20': 0.10721429765768718, 'lag_21': 0.6415677287761609, 'lag_22': 0.3124199485255042, 'lag_23': 0.15538969212174164, 'lag_24': 0.07754104312096498, 'lag_25': 0.6444629388618335, 'lag_26': 0.19409293088865914, 'lag_27': 0.003506315524685444, 'lag_28': 0.2188088313493003}. Best is trial 63 with value: 0.0040782509641623535.
[I 2025-09-29 11:54:45,407] Trial 70 finished with value: 0.0046670129756491985 and parameters: {'lag_0': 0.9495427292689954, 'lag_1': 0.4332527083719657, 'lag_2': 0.12818022824275316, 'lag_3': 0.5602376365755265, 'lag_4': 0.10190686580472513, 'lag_5': 0.1489209444744046, 'lag_6': 0.05724569990887323, 'lag_7': 0.9385022480283672, 'lag_8': 0.7008776655419207, 'lag_9': 0.9685606403607911, 'lag_10': 0.7302678476977226, 'lag_11': 0.2924762122164391, 'lag_12': 0.6567001531783886, 'lag_13': 0.6758133067553912, 'lag_14': 0.16895118661857988, 'lag_15': 0.7389383174150325, 'lag_16': 0.9289128148545251, 'lag_17': 0.19019568867424125, 'lag_18': 0.9499180146319909, 'lag_19': 0.731479889323348, 'lag_20': 0.8537732829471951, 'lag_21': 0.469359784082959, 'lag_22': 0.826631211877229, 'lag_23': 0.4648625806456348, 'lag_24': 0.022935102919677083, 'lag_25': 0.5997141263249888, 'lag_26': 0.07563781482804627, 'lag_27': 0.9693323885627788, 'lag_28': 0.278047570280091}. Best is trial 63 with value: 0.0040782509641623535.
[I 2025-09-29 11:54:47,751] Trial 71 finished with value: 0.004012206790276492 and parameters: {'lag_0': 0.2084424010898943, 'lag_1': 0.6872619131063147, 'lag_2': 0.18245757450120165, 'lag_3': 0.3404442706660569, 'lag_4': 0.5068084204528335, 'lag_5': 0.04536565017647004, 'lag_6': 0.6006939290157891, 'lag_7': 0.5448658022374243, 'lag_8': 0.6250320470603565, 'lag_9': 0.9199744063736218, 'lag_10': 0.6801018023622569, 'lag_11': 0.3508171373926339, 'lag_12': 0.5136747270266085, 'lag_13': 0.7466431428081145, 'lag_14': 0.2196978142865696, 'lag_15': 0.39751771918781326, 'lag_16': 0.1240496296771641, 'lag_17': 0.07693432116163952, 'lag_18': 0.681348255151357, 'lag_19': 0.5085669647310841, 'lag_20': 0.4243206084276403, 'lag_21': 0.34588803689600245, 'lag_22': 0.7728401364573306, 'lag_23': 0.9210277337765571, 'lag_24': 0.08377322368419081, 'lag_25': 0.40622697404521857, 'lag_26': 0.34528169915644064, 'lag_27': 0.9342667186132555, 'lag_28': 0.5885187990491866}. Best is trial 71 with value: 0.004012206790276492.
[I 2025-09-29 11:54:50,106] Trial 72 finished with value: 0.0043535062010378964 and parameters: {'lag_0': 0.0949934903316664, 'lag_1': 0.8271597477721608, 'lag_2': 0.17185541891988232, 'lag_3': 0.3578880371030242, 'lag_4': 0.5082489082518145, 'lag_5': 0.036813284705473515, 'lag_6': 0.14594839563859308, 'lag_7': 0.4781790677600164, 'lag_8': 0.6222437511322779, 'lag_9': 0.9982372227328676, 'lag_10': 0.683580142383017, 'lag_11': 0.4925912232823471, 'lag_12': 0.509872875987319, 'lag_13': 0.8371652548285106, 'lag_14': 0.2684492193267213, 'lag_15': 0.3960990881006966, 'lag_16': 0.9691922206527619, 'lag_17': 0.08078203271550041, 'lag_18': 0.6838974893332495, 'lag_19': 0.57544426007995, 'lag_20': 0.4241420004239003, 'lag_21': 0.330611435665586, 'lag_22': 0.2645275858184875, 'lag_23': 0.9676603252839243, 'lag_24': 0.13983944832293088, 'lag_25': 0.46480400039178416, 'lag_26': 0.4247389663457568, 'lag_27': 0.8436309058763997, 'lag_28': 0.5785128432333533}. Best is trial 71 with value: 0.004012206790276492.
[I 2025-09-29 11:54:52,567] Trial 73 finished with value: 0.004433935352171572 and parameters: {'lag_0': 0.20056433727566764, 'lag_1': 0.7433969371559007, 'lag_2': 0.23703561296233355, 'lag_3': 0.23597483367242367, 'lag_4': 0.06334303623258676, 'lag_5': 0.029922637357588863, 'lag_6': 0.6080701927788096, 'lag_7': 0.5439009691664979, 'lag_8': 0.6687907582408723, 'lag_9': 0.9306145086939605, 'lag_10': 0.7768569227981003, 'lag_11': 0.36122905092878865, 'lag_12': 0.6399374847583966, 'lag_13': 0.7542706617920555, 'lag_14': 0.30915974479661634, 'lag_15': 0.47100428962707797, 'lag_16': 0.11747970130506202, 'lag_17': 0.04440931057194545, 'lag_18': 0.7198873497939522, 'lag_19': 0.41807970219556934, 'lag_20': 0.3509713635078486, 'lag_21': 0.5053817582987957, 'lag_22': 0.7890267049698505, 'lag_23': 0.8719330567403782, 'lag_24': 0.09136208654279229, 'lag_25': 0.5293238282600334, 'lag_26': 0.4818699746286975, 'lag_27': 0.9049493253628199, 'lag_28': 0.11551561890757836}. Best is trial 71 with value: 0.004012206790276492.
[I 2025-09-29 11:54:54,929] Trial 74 finished with value: 0.004676671845568163 and parameters: {'lag_0': 0.99958318246565, 'lag_1': 0.8924337065902779, 'lag_2': 0.3059325460526375, 'lag_3': 0.35231626480819744, 'lag_4': 0.5518324347105781, 'lag_5': 0.0838124302365785, 'lag_6': 0.10834819494727017, 'lag_7': 0.543154373582337, 'lag_8': 0.5964840984649253, 'lag_9': 0.8290791257248854, 'lag_10': 0.9923097402652994, 'lag_11': 0.43383743759764004, 'lag_12': 0.6909675547373106, 'lag_13': 0.7054936420667246, 'lag_14': 0.19884948111163547, 'lag_15': 0.5507061532511036, 'lag_16': 0.42973029906047655, 'lag_17': 0.11540851827650958, 'lag_18': 0.753231623386692, 'lag_19': 0.45956509409407975, 'lag_20': 0.4616270646292128, 'lag_21': 0.36279449034914607, 'lag_22': 0.8888164625995902, 'lag_23': 0.9299465647571576, 'lag_24': 0.05248256383078094, 'lag_25': 0.4006202633417284, 'lag_26': 0.2739750338226793, 'lag_27': 0.9650238218018482, 'lag_28': 0.6582709145597312}. Best is trial 71 with value: 0.004012206790276492.
[I 2025-09-29 11:54:57,281] Trial 75 finished with value: 0.004261177014802858 and parameters: {'lag_0': 0.14953652649732407, 'lag_1': 0.5159444918603999, 'lag_2': 0.3595254233525266, 'lag_3': 0.4573457429914016, 'lag_4': 0.5842553831598567, 'lag_5': 0.5597830678386667, 'lag_6': 0.6668846867736722, 'lag_7': 0.8643901595813063, 'lag_8': 0.47312684584462195, 'lag_9': 0.9097349492223468, 'lag_10': 0.8087640902694602, 'lag_11': 0.3223476787624321, 'lag_12': 0.5747302546155582, 'lag_13': 0.7295862577992986, 'lag_14': 0.22141659679858666, 'lag_15': 0.3505366439124959, 'lag_16': 0.001856146654446847, 'lag_17': 0.16585746047840924, 'lag_18': 0.8596380606335826, 'lag_19': 0.5012546651136838, 'lag_20': 0.5185354408774192, 'lag_21': 0.2501151623516232, 'lag_22': 0.744631792460346, 'lag_23': 0.848709903555269, 'lag_24': 0.19083637214376903, 'lag_25': 0.4228682164367663, 'lag_26': 0.2946563128815094, 'lag_27': 0.44843218871478285, 'lag_28': 0.6069803631724426}. Best is trial 71 with value: 0.004012206790276492.
[I 2025-09-29 11:54:59,647] Trial 76 finished with value: 0.004509911215791892 and parameters: {'lag_0': 0.16271507928999818, 'lag_1': 0.6793849917488223, 'lag_2': 0.36405791853291725, 'lag_3': 0.4570252577665005, 'lag_4': 0.6445376268980495, 'lag_5': 0.5437794081862226, 'lag_6': 0.6947016933490804, 'lag_7': 0.01961764536006283, 'lag_8': 0.517209207778469, 'lag_9': 0.8594937042740222, 'lag_10': 0.8614040357345076, 'lag_11': 0.3352079932520803, 'lag_12': 0.4359165231499544, 'lag_13': 0.790573517498716, 'lag_14': 0.23318057837995765, 'lag_15': 0.35704068836320335, 'lag_16': 0.030504348480535882, 'lag_17': 0.22682306130444213, 'lag_18': 0.7962472389632138, 'lag_19': 0.5093961526656945, 'lag_20': 0.5140683804006354, 'lag_21': 0.2478315541919848, 'lag_22': 0.7683530464517325, 'lag_23': 0.8384437936887288, 'lag_24': 0.17697379433184407, 'lag_25': 0.42655286330943815, 'lag_26': 0.3803794418871222, 'lag_27': 0.4609178510739776, 'lag_28': 0.7200302329930616}. Best is trial 71 with value: 0.004012206790276492.
[I 2025-09-29 11:55:02,002] Trial 77 finished with value: 0.004361846825737962 and parameters: {'lag_0': 0.26258794866335233, 'lag_1': 0.4955166851660243, 'lag_2': 0.472393701698808, 'lag_3': 0.28450438310665893, 'lag_4': 0.5686230155389161, 'lag_5': 0.6221540479040465, 'lag_6': 0.6432937284714465, 'lag_7': 0.4186350752532389, 'lag_8': 0.4912333953836825, 'lag_9': 0.6701474239735875, 'lag_10': 0.8135114712640698, 'lag_11': 0.26271790188470945, 'lag_12': 0.7779402591623111, 'lag_13': 0.721744918094668, 'lag_14': 0.36252823340319384, 'lag_15': 0.44431435155772553, 'lag_16': 0.005428891383986024, 'lag_17': 0.16330507035494946, 'lag_18': 0.8540475199124568, 'lag_19': 0.373215430526143, 'lag_20': 0.3190460829803976, 'lag_21': 0.17664759510491385, 'lag_22': 0.8306898071152743, 'lag_23': 0.8651503208096625, 'lag_24': 0.12263081247425295, 'lag_25': 0.35138400456626606, 'lag_26': 0.3012933532628886, 'lag_27': 0.32493545693629766, 'lag_28': 0.5126935657980276}. Best is trial 71 with value: 0.004012206790276492.
[I 2025-09-29 11:55:04,349] Trial 78 finished with value: 0.004232576385424719 and parameters: {'lag_0': 0.22527439116642667, 'lag_1': 0.5299837344844004, 'lag_2': 0.17219369533437537, 'lag_3': 0.3876552629459336, 'lag_4': 0.529396773492834, 'lag_5': 0.6473090324145843, 'lag_6': 0.07031104543352462, 'lag_7': 0.6042926431642222, 'lag_8': 0.44536150805058516, 'lag_9': 0.9468467723293782, 'lag_10': 0.9028943578710582, 'lag_11': 0.20836375553738964, 'lag_12': 0.7361004365298923, 'lag_13': 0.8668802977082801, 'lag_14': 0.18760612679989325, 'lag_15': 0.2612592511395382, 'lag_16': 0.07273789203746037, 'lag_17': 0.11821161864392923, 'lag_18': 0.7250531263813509, 'lag_19': 0.540042115212321, 'lag_20': 0.23929960493975944, 'lag_21': 0.11368129784391817, 'lag_22': 0.7465600050815955, 'lag_23': 0.7950454219486564, 'lag_24': 0.1996352077611231, 'lag_25': 0.456907201358345, 'lag_26': 0.33826734134337866, 'lag_27': 0.38684040252055774, 'lag_28': 0.6063243588000871}. Best is trial 71 with value: 0.004012206790276492.
[I 2025-09-29 11:55:06,698] Trial 79 finished with value: 0.004484245532297444 and parameters: {'lag_0': 0.23292662231561997, 'lag_1': 0.5283408395622855, 'lag_2': 0.15884992783854252, 'lag_3': 0.3296740653224789, 'lag_4': 0.6018456883868031, 'lag_5': 0.5768080130554633, 'lag_6': 0.5938245050120127, 'lag_7': 0.8287765233605884, 'lag_8': 0.45344689816669737, 'lag_9': 0.8880061785717244, 'lag_10': 0.8983526399587062, 'lag_11': 0.18838427311265177, 'lag_12': 0.8709837295863784, 'lag_13': 0.8571301064263452, 'lag_14': 0.142595706184824, 'lag_15': 0.25608885267889314, 'lag_16': 0.06702107223525199, 'lag_17': 0.3369243820615905, 'lag_18': 0.6255277746786946, 'lag_19': 0.47897646271988314, 'lag_20': 0.23020173956952622, 'lag_21': 0.10025623190086719, 'lag_22': 0.7329251624884194, 'lag_23': 0.7839894516856134, 'lag_24': 0.20232284786727495, 'lag_25': 0.3289312465543245, 'lag_26': 0.34043989301146826, 'lag_27': 0.4175026335887084, 'lag_28': 0.5889923846930576}. Best is trial 71 with value: 0.004012206790276492.
[I 2025-09-29 11:55:09,045] Trial 80 finished with value: 0.004736152747851549 and parameters: {'lag_0': 0.27396149795706487, 'lag_1': 0.5756619545533415, 'lag_2': 0.11876909613674015, 'lag_3': 0.4988304328855897, 'lag_4': 0.6922175135145179, 'lag_5': 0.6529004355325467, 'lag_6': 0.029369907311209528, 'lag_7': 0.8729868225109818, 'lag_8': 0.4099161509806739, 'lag_9': 0.5497267137793571, 'lag_10': 0.7358227526043177, 'lag_11': 0.1254053298950679, 'lag_12': 0.7268847326195714, 'lag_13': 0.8038020775245539, 'lag_14': 0.21377702158491924, 'lag_15': 0.2935040451336941, 'lag_16': 0.12799433129834792, 'lag_17': 0.07125782290776356, 'lag_18': 0.7257770386228569, 'lag_19': 0.6136300520537641, 'lag_20': 0.46169553161500987, 'lag_21': 0.12256190277935977, 'lag_22': 0.3798088819627425, 'lag_23': 0.616755099198589, 'lag_24': 0.2905410170188738, 'lag_25': 0.26857681606752554, 'lag_26': 0.2500429333183597, 'lag_27': 0.5025967096256606, 'lag_28': 0.6095555499141475}. Best is trial 71 with value: 0.004012206790276492.
[I 2025-09-29 11:55:11,396] Trial 81 finished with value: 0.004531719916981022 and parameters: {'lag_0': 0.13593304135509682, 'lag_1': 0.5189855940715709, 'lag_2': 0.2481942139715819, 'lag_3': 0.38253944920386573, 'lag_4': 0.49247714684379096, 'lag_5': 0.5345333330923551, 'lag_6': 0.6774115870964417, 'lag_7': 0.6437758899644764, 'lag_8': 0.4732078799612568, 'lag_9': 0.9424200116797475, 'lag_10': 0.8087452477787207, 'lag_11': 0.295754474902563, 'lag_12': 0.8066617024394227, 'lag_13': 0.9125330859809304, 'lag_14': 0.2792806972864149, 'lag_15': 0.6099912249034807, 'lag_16': 0.07975292150570439, 'lag_17': 0.12176337129040889, 'lag_18': 0.7644820073914175, 'lag_19': 0.5387052310897986, 'lag_20': 0.26887216146726933, 'lag_21': 0.05233591684327369, 'lag_22': 0.7353195893961599, 'lag_23': 0.7477222163951531, 'lag_24': 0.21903777326922408, 'lag_25': 0.5146763698300607, 'lag_26': 0.38879097877476104, 'lag_27': 0.34932492493774137, 'lag_28': 0.6304620206958949}. Best is trial 71 with value: 0.004012206790276492.
