[I 2025-09-29 11:52:49,619] Trial 19 finished with value: 0.00575709494794696 and parameters: {'lag_0': 0.695986345938322, 'lag_1': 0.46264647966664607, 'lag_2': 0.6187599432951073, 'lag_3': 0.8711856555951736, 'lag_4': 0.8777684735840041, 'lag_5': 0.6411079058783264, 'lag_6': 0.30809588169644, 'lag_7': 0.7426369880189625, 'lag_8': 0.7938144085577721, 'lag_9': 0.40220066705689805, 'lag_10': 0.6318772162142988, 'lag_11': 0.3292484988877812, 'lag_12': 0.5650644925480559, 'lag_13': 0.022847220964347992, 'lag_14': 0.6620396167726027, 'lag_15': 0.4216241551916584, 'lag_16': 0.13508860085939758, 'lag_17': 0.86069645262108, 'lag_18': 0.3326927135946434, 'lag_19': 0.8050230473054214, 'lag_20': 0.366578478262222, 'lag_21': 0.09174071605539777, 'lag_22': 0.6795876078597614, 'lag_23': 0.2790977124310824, 'lag_24': 0.00025386827878590146, 'lag_25': 0.7026698865212045, 'lag_26': 0.027438048952917737, 'lag_27': 0.003242714616837783, 'lag_28': 0.7108842070535402}. Best is trial 15 with value: 0.005600697229332017.
[I 2025-09-29 11:52:52,030] Trial 20 finished with value: 0.005700858841323236 and parameters: {'lag_0': 0.03341532671083092, 'lag_1': 0.23610099083435224, 'lag_2': 0.7942284990629593, 'lag_3': 0.6826157953698286, 'lag_4': 0.3377686966020318, 'lag_5': 0.7981692707365826, 'lag_6': 0.6081285791510078, 'lag_7': 0.3841771680399571, 'lag_8': 0.38577317122976995, 'lag_9': 0.5073081420952671, 'lag_10': 0.8572698072581508, 'lag_11': 0.0685123712752162, 'lag_12': 0.7513832436720086, 'lag_13': 0.849662205569137, 'lag_14': 0.8864725157141062, 'lag_15': 0.2850197811694356, 'lag_16': 0.3637719678574688, 'lag_17': 0.9802401111348314, 'lag_18': 0.10419316723741254, 'lag_19': 0.5794155245076467, 'lag_20': 0.16711122131496325, 'lag_21': 0.21585920194302943, 'lag_22': 0.3769901468718369, 'lag_23': 0.5230447980539158, 'lag_24': 0.14058281550635252, 'lag_25': 0.8705606347229065, 'lag_26': 0.14674387831736993, 'lag_27': 0.1726127538412156, 'lag_28': 0.1318796077700985}. Best is trial 15 with value: 0.005600697229332017.
[I 2025-09-29 11:52:54,436] Trial 21 finished with value: 0.005688940430435491 and parameters: {'lag_0': 0.5315474172893218, 'lag_1': 0.254105173423695, 'lag_2': 0.9459254199117146, 'lag_3': 0.8031901862574025, 'lag_4': 0.9033033910520885, 'lag_5': 0.8785628030033076, 'lag_6': 0.1857939619373143, 'lag_7': 0.5120750528887041, 'lag_8': 0.006124759516410089, 'lag_9': 0.21633519176105098, 'lag_10': 0.7041098147506901, 'lag_11': 0.29863318551102525, 'lag_12': 0.5504857966059674, 'lag_13': 0.5472140304494552, 'lag_14': 0.8958364792628158, 'lag_15': 0.6214742115284909, 'lag_16': 0.5902961370184966, 'lag_17': 0.616320594260573, 'lag_18': 0.17500219628797584, 'lag_19': 0.7456088102169817, 'lag_20': 0.6050262823613225, 'lag_21': 0.036263869055013935, 'lag_22': 0.19183320850150498, 'lag_23': 0.11535967394150057, 'lag_24': 0.2636742602528159, 'lag_25': 0.9315622351656879, 'lag_26': 0.13438130538051815, 'lag_27': 0.3577879396005175, 'lag_28': 0.40053266471879917}. Best is trial 15 with value: 0.005600697229332017.
[I 2025-09-29 11:52:56,837] Trial 22 finished with value: 0.005839493896510238 and parameters: {'lag_0': 0.4644480880061893, 'lag_1': 0.01029833708235224, 'lag_2': 0.007961502467729864, 'lag_3': 0.887505147764811, 'lag_4': 0.7495554408578109, 'lag_5': 0.9922316429516493, 'lag_6': 0.011993976361265535, 'lag_7': 0.5210824524137535, 'lag_8': 0.13231888690131238, 'lag_9': 0.33335529922526014, 'lag_10': 0.996174236695865, 'lag_11': 0.10263059372593623, 'lag_12': 0.41054365675630233, 'lag_13': 0.6532250486222511, 'lag_14': 0.6515362827829367, 'lag_15': 0.804614531347358, 'lag_16': 0.22969776045028414, 'lag_17': 0.8102606333286358, 'lag_18': 0.3390783301885111, 'lag_19': 0.6411364995980539, 'lag_20': 0.525153205041613, 'lag_21': 0.028565986734994248, 'lag_22': 0.2016527981460302, 'lag_23': 0.2223517489304959, 'lag_24': 0.20565015640730036, 'lag_25': 0.770891457416723, 'lag_26': 0.219395951496553, 'lag_27': 0.6808180132835975, 'lag_28': 0.32361120546272826}. Best is trial 15 with value: 0.005600697229332017.
[I 2025-09-29 11:52:59,247] Trial 23 finished with value: 0.005771853533949462 and parameters: {'lag_0': 0.6194251098445785, 'lag_1': 0.9922510062755225, 'lag_2': 0.7623706436718467, 'lag_3': 0.9968951437472138, 'lag_4': 0.859002743859777, 'lag_5': 0.71580110614203, 'lag_6': 0.46492159064354904, 'lag_7': 0.4157581573575184, 'lag_8': 0.212896946561979, 'lag_9': 0.16042328928162364, 'lag_10': 0.7582676516153789, 'lag_11': 0.4490467383214901, 'lag_12': 0.34065463656869316, 'lag_13': 0.9599721142120876, 'lag_14': 0.8923863374200125, 'lag_15': 0.44459237655182815, 'lag_16': 0.39555135017552623, 'lag_17': 0.7081067324668613, 'lag_18': 0.11184370091006604, 'lag_19': 0.8459300869663626, 'lag_20': 0.6732648478185624, 'lag_21': 0.09357205634625956, 'lag_22': 0.30863921435318803, 'lag_23': 0.11325770470970911, 'lag_24': 0.34497955006810693, 'lag_25': 0.562125316185878, 'lag_26': 0.10026446122443783, 'lag_27': 0.7878808793651365, 'lag_28': 0.43762966184763924}. Best is trial 15 with value: 0.005600697229332017.
[I 2025-09-29 11:53:01,656] Trial 24 finished with value: 0.0057734885764589555 and parameters: {'lag_0': 0.5663088179357532, 'lag_1': 0.17755249969306183, 'lag_2': 0.5865955236404361, 'lag_3': 0.619982779194878, 'lag_4': 0.6192671803598411, 'lag_5': 0.875177394217059, 'lag_6': 0.36108894862072793, 'lag_7': 0.5613125573320061, 'lag_8': 0.27452415754633935, 'lag_9': 0.3890082204647368, 'lag_10': 0.4915530239224243, 'lag_11': 0.24474999001262288, 'lag_12': 0.5912702664386407, 'lag_13': 0.3536091181334121, 'lag_14': 0.7651288282461818, 'lag_15': 0.5822275016012729, 'lag_16': 0.06386386984376641, 'lag_17': 0.5912164090434825, 'lag_18': 0.573618182227342, 'lag_19': 0.17022399509261593, 'lag_20': 0.42568810115263395, 'lag_21': 0.29579170596545523, 'lag_22': 0.45954831024769033, 'lag_23': 0.21872702151473977, 'lag_24': 0.2012380088301089, 'lag_25': 0.34150996267520817, 'lag_26': 0.35934327573125346, 'lag_27': 0.24476557412389113, 'lag_28': 0.47187786822800437}. Best is trial 15 with value: 0.005600697229332017.
[I 2025-09-29 11:53:04,067] Trial 25 finished with value: 0.005678901343480218 and parameters: {'lag_0': 0.31847628462471866, 'lag_1': 0.31101174886724214, 'lag_2': 0.45070123787180455, 'lag_3': 0.7317614173516327, 'lag_4': 0.9367873734960657, 'lag_5': 0.42484806273623366, 'lag_6': 0.5405593143030817, 'lag_7': 0.22388853318669552, 'lag_8': 0.11562392212162512, 'lag_9': 0.5450588032093884, 'lag_10': 0.8948413766391073, 'lag_11': 0.10044435665408591, 'lag_12': 0.7359611751280939, 'lag_13': 0.46839970738177616, 'lag_14': 0.5479416305279433, 'lag_15': 0.4621552732975234, 'lag_16': 0.4904593826189298, 'lag_17': 0.3007260590735785, 'lag_18': 0.2913639148336815, 'lag_19': 0.37684819768694183, 'lag_20': 0.21657387932886074, 'lag_21': 0.011400958123643935, 'lag_22': 0.13334842898093374, 'lag_23': 0.060704118456188116, 'lag_24': 0.6380327560125567, 'lag_25': 0.14043005258802455, 'lag_26': 0.20315564096137056, 'lag_27': 0.3749571540071366, 'lag_28': 0.1955365657031856}. Best is trial 15 with value: 0.005600697229332017.
[I 2025-09-29 11:53:06,475] Trial 26 finished with value: 0.005728685666076377 and parameters: {'lag_0': 0.4540212094514561, 'lag_1': 0.45186160079726534, 'lag_2': 0.2183322889512767, 'lag_3': 0.8567480089706376, 'lag_4': 0.7296191679796546, 'lag_5': 0.9491353432442536, 'lag_6': 0.010098092778337953, 'lag_7': 0.6783603131151652, 'lag_8': 0.43458884361875716, 'lag_9': 0.6492521609489283, 'lag_10': 0.48957137536427603, 'lag_11': 0.40910213926393024, 'lag_12': 0.5978263879554744, 'lag_13': 0.12196220275262376, 'lag_14': 0.9499561662896806, 'lag_15': 0.6452580092100191, 'lag_16': 0.3054956410675816, 'lag_17': 0.8321466046345266, 'lag_18': 0.19375747866427545, 'lag_19': 0.538608897188933, 'lag_20': 0.6875620201066968, 'lag_21': 0.14138438556325383, 'lag_22': 0.3543641129391942, 'lag_23': 0.3074911673445621, 'lag_24': 0.4378815672254104, 'lag_25': 0.6744513508574568, 'lag_26': 0.45829299596783907, 'lag_27': 0.6252140629528387, 'lag_28': 0.3656723665953423}. Best is trial 15 with value: 0.005600697229332017.
[I 2025-09-29 11:53:08,882] Trial 27 finished with value: 0.0057461293892394835 and parameters: {'lag_0': 0.730989503686263, 'lag_1': 0.0869451861683566, 'lag_2': 0.829767198217918, 'lag_3': 0.5868642939180823, 'lag_4': 0.8377036405868109, 'lag_5': 0.5561353078079663, 'lag_6': 0.6883768849490624, 'lag_7': 0.43385646529693767, 'lag_8': 0.05994533614169989, 'lag_9': 0.4938912339055423, 'lag_10': 0.689437443341617, 'lag_11': 0.28565071032556594, 'lag_12': 0.931841903374891, 'lag_13': 0.665219923618768, 'lag_14': 0.7094325988129583, 'lag_15': 0.7438385292374965, 'lag_16': 0.08752438435233728, 'lag_17': 0.9334332713671614, 'lag_18': 0.38659100374128336, 'lag_19': 0.7567470996721066, 'lag_20': 0.5347968881429603, 'lag_21': 0.22255135886956254, 'lag_22': 0.2379123236978723, 'lag_23': 0.46948673652947276, 'lag_24': 0.11588063895753298, 'lag_25': 0.013268309176107745, 'lag_26': 0.060069782239101754, 'lag_27': 0.10170138030730719, 'lag_28': 0.27860778957408183}. Best is trial 15 with value: 0.005600697229332017.
[I 2025-09-29 11:53:11,294] Trial 28 finished with value: 0.005663462216366298 and parameters: {'lag_0': 0.6271638912252796, 'lag_1': 0.21467878221397096, 'lag_2': 0.4557684472020147, 'lag_3': 0.4507991864096013, 'lag_4': 0.946876414757209, 'lag_5': 0.7003291682458608, 'lag_6': 0.9943045901265597, 'lag_7': 0.8225703407396594, 'lag_8': 0.270763232893414, 'lag_9': 0.28405798536531235, 'lag_10': 0.8325875619533399, 'lag_11': 0.5764254515954153, 'lag_12': 0.39345230764976824, 'lag_13': 0.2798979755757541, 'lag_14': 0.83128203357053, 'lag_15': 0.8486295208675096, 'lag_16': 0.5532063930860716, 'lag_17': 0.49393852015376016, 'lag_18': 0.04957289422791424, 'lag_19': 0.12627510148731724, 'lag_20': 0.4208083596998109, 'lag_21': 0.0921587568490706, 'lag_22': 0.003093760995673489, 'lag_23': 0.20675102075835516, 'lag_24': 0.35517005356273, 'lag_25': 0.9431122127899538, 'lag_26': 0.2857255460703185, 'lag_27': 0.1920291658871185, 'lag_28': 0.6780447531446533}. Best is trial 15 with value: 0.005600697229332017.
[I 2025-09-29 11:53:13,701] Trial 29 finished with value: 0.005591888602095481 and parameters: {'lag_0': 0.8507310730688162, 'lag_1': 0.27964586011151704, 'lag_2': 0.6380058754796535, 'lag_3': 0.8182094586813821, 'lag_4': 0.5827838930187005, 'lag_5': 0.3309500934730696, 'lag_6': 0.11361060730882999, 'lag_7': 0.2732595464240849, 'lag_8': 0.10507979448058569, 'lag_9': 0.711797640820929, 'lag_10': 0.5616929058861911, 'lag_11': 0.8331790911612009, 'lag_12': 0.8786155707397734, 'lag_13': 0.8801584231606657, 'lag_14': 0.4558125918491631, 'lag_15': 0.6836121691432239, 'lag_16': 0.7104220744864784, 'lag_17': 0.04419503645146822, 'lag_18': 0.13506480865669723, 'lag_19': 0.8579490270251304, 'lag_20': 0.215136070144753, 'lag_21': 0.4127648178266651, 'lag_22': 0.08329112079843898, 'lag_23': 0.082199868878593, 'lag_24': 0.2394598215889824, 'lag_25': 0.8170983849410363, 'lag_26': 0.08834368245767607, 'lag_27': 0.9680494505308747, 'lag_28': 0.5091866069169969}. Best is trial 29 with value: 0.005591888602095481.
[I 2025-09-29 11:53:16,110] Trial 30 finished with value: 0.005675684044951635 and parameters: {'lag_0': 0.9552662200702136, 'lag_1': 0.34899031106010747, 'lag_2': 0.6925463914534079, 'lag_3': 0.6834800495189081, 'lag_4': 0.4527556835655108, 'lag_5': 0.33148063004782796, 'lag_6': 0.14099630320972067, 'lag_7': 0.1440534693008251, 'lag_8': 0.9919864626696712, 'lag_9': 0.7847010518711871, 'lag_10': 0.39974807661572365, 'lag_11': 0.13923038358609993, 'lag_12': 0.8836434251789808, 'lag_13': 0.8831091290513908, 'lag_14': 0.42173110021289256, 'lag_15': 0.5223036006002516, 'lag_16': 0.6739106526819462, 'lag_17': 0.029752313357534817, 'lag_18': 0.1285338798194583, 'lag_19': 0.9790420983496619, 'lag_20': 0.21485385121828354, 'lag_21': 0.46718335914924014, 'lag_22': 0.10258269994771016, 'lag_23': 0.17554301569986755, 'lag_24': 0.39661102794334596, 'lag_25': 0.8508178327614657, 'lag_26': 0.07646213425795878, 'lag_27': 0.981718376215808, 'lag_28': 0.5125325537296481}. Best is trial 29 with value: 0.005591888602095481.
[I 2025-09-29 11:53:18,518] Trial 31 finished with value: 0.0056510065362835385 and parameters: {'lag_0': 0.8743210817324382, 'lag_1': 0.28625528052199073, 'lag_2': 0.6161813797985732, 'lag_3': 0.9284258645958222, 'lag_4': 0.5922939251783397, 'lag_5': 0.3028644550488994, 'lag_6': 0.04479908500629361, 'lag_7': 0.27527562821554497, 'lag_8': 0.10425040926953272, 'lag_9': 0.683268913976633, 'lag_10': 0.5511134816825198, 'lag_11': 0.8338768608305621, 'lag_12': 0.7740798214800507, 'lag_13': 0.7931879516439334, 'lag_14': 0.4755408448886729, 'lag_15': 0.6886554174549463, 'lag_16': 0.9141806442267371, 'lag_17': 0.1381973600927487, 'lag_18': 0.26217927668389307, 'lag_19': 0.8536104722583578, 'lag_20': 0.1305255204148012, 'lag_21': 0.4128216373588827, 'lag_22': 0.06444737274726697, 'lag_23': 0.07873637677029034, 'lag_24': 0.23973646159448084, 'lag_25': 0.7659543778258966, 'lag_26': 0.004806698361537423, 'lag_27': 0.8654594106691389, 'lag_28': 0.4924016054579232}. Best is trial 29 with value: 0.005591888602095481.
[I 2025-09-29 11:53:20,929] Trial 32 finished with value: 0.00560274407777788 and parameters: {'lag_0': 0.3699593123223372, 'lag_1': 0.1773158645023606, 'lag_2': 0.6568642035508019, 'lag_3': 0.8237894812763631, 'lag_4': 0.7933177855540092, 'lag_5': 0.23679116047512216, 'lag_6': 0.07920901465564772, 'lag_7': 0.35995760642592467, 'lag_8': 0.03388132946643145, 'lag_9': 0.8123800505823683, 'lag_10': 0.42860510891985476, 'lag_11': 0.9039678809043823, 'lag_12': 0.7052100922422111, 'lag_13': 0.9039689815508803, 'lag_14': 0.3510815029646164, 'lag_15': 0.6135817143323752, 'lag_16': 0.6783898061586464, 'lag_17': 0.18835880966850976, 'lag_18': 0.15865307705895285, 'lag_19': 0.6680977091920547, 'lag_20': 0.3477135592857371, 'lag_21': 0.33152202292930516, 'lag_22': 0.25046784578184655, 'lag_23': 0.1557362164388318, 'lag_24': 0.1617991230987154, 'lag_25': 0.9375245301381302, 'lag_26': 0.16646334699386278, 'lag_27': 0.566039157386271, 'lag_28': 0.6282655288775216}. Best is trial 29 with value: 0.005591888602095481.
[I 2025-09-29 11:53:23,337] Trial 33 finished with value: 0.005792566084011995 and parameters: {'lag_0': 0.38969341910740596, 'lag_1': 0.16292340413136214, 'lag_2': 0.683578902181372, 'lag_3': 0.7549276601005056, 'lag_4': 0.6732298954280559, 'lag_5': 0.209251642272215, 'lag_6': 0.15197860654487783, 'lag_7': 0.339512871046366, 'lag_8': 0.15948384734306242, 'lag_9': 0.829080586300803, 'lag_10': 0.4532973290692367, 'lag_11': 0.9065249181780075, 'lag_12': 0.7169777644434983, 'lag_13': 0.9100268570067782, 'lag_14': 0.2583903043420052, 'lag_15': 0.6075957446962323, 'lag_16': 0.7033766907056924, 'lag_17': 0.12878318986280998, 'lag_18': 0.060641589710763236, 'lag_19': 0.9086450235792842, 'lag_20': 0.37249726959409507, 'lag_21': 0.30960496788123026, 'lag_22': 0.15698297504297373, 'lag_23': 0.06450969205387497, 'lag_24': 0.156958745731395, 'lag_25': 0.9687283943490552, 'lag_26': 0.21769990298750494, 'lag_27': 0.7282555893106448, 'lag_28': 0.6388099906545224}. Best is trial 29 with value: 0.005591888602095481.
[I 2025-09-29 11:53:25,745] Trial 34 finished with value: 0.005692303272966354 and parameters: {'lag_0': 0.8478804452130542, 'lag_1': 0.06592060654580653, 'lag_2': 0.5675818601948424, 'lag_3': 0.8014654523590063, 'lag_4': 0.8061734786947952, 'lag_5': 0.37651310086004525, 'lag_6': 0.27458690880504755, 'lag_7': 0.25690852787319995, 'lag_8': 0.005612373181633906, 'lag_9': 0.7254145950164025, 'lag_10': 0.3939198642978592, 'lag_11': 0.7326494843554716, 'lag_12': 0.9977176032674463, 'lag_13': 0.7423376741075436, 'lag_14': 0.3168113934034479, 'lag_15': 0.7373301677233204, 'lag_16': 0.8875275590762333, 'lag_17': 0.09830834886537096, 'lag_18': 0.15635316111726277, 'lag_19': 0.6774900988258942, 'lag_20': 0.254586140510129, 'lag_21': 0.3684485365355083, 'lag_22': 0.34502156876561385, 'lag_23': 0.002427740802820072, 'lag_24': 0.06345363267727125, 'lag_25': 0.9124284480821788, 'lag_26': 0.0826589579885606, 'lag_27': 0.8567306821792261, 'lag_28': 0.6196270884751482}. Best is trial 29 with value: 0.005591888602095481.
[I 2025-09-29 11:53:28,152] Trial 35 finished with value: 0.00563131792886025 and parameters: {'lag_0': 0.12239499336654058, 'lag_1': 0.13097661281214612, 'lag_2': 0.478753151277065, 'lag_3': 0.9233808653263442, 'lag_4': 0.5974944643662594, 'lag_5': 0.20482827260018266, 'lag_6': 0.08972631415452025, 'lag_7': 0.35341579394022316, 'lag_8': 0.23352490441941623, 'lag_9': 0.8846118125513837, 'lag_10': 0.17265639186037995, 'lag_11': 0.9888925634197318, 'lag_12': 0.6437412530957212, 'lag_13': 0.9278371674526826, 'lag_14': 0.3818488021872348, 'lag_15': 0.5620305800400729, 'lag_16': 0.8581086171738476, 'lag_17': 0.2650696954773556, 'lag_18': 0.003628386549144602, 'lag_19': 0.7744057540505367, 'lag_20': 0.46562236713274774, 'lag_21': 0.5053514068215447, 'lag_22': 0.2826037187867238, 'lag_23': 0.25892870096462084, 'lag_24': 0.49165692279583195, 'lag_25': 0.8155360883339713, 'lag_26': 0.14590530263823787, 'lag_27': 0.9895962227120556, 'lag_28': 0.8718988904004519}. Best is trial 29 with value: 0.005591888602095481.
[I 2025-09-29 11:53:30,561] Trial 36 finished with value: 0.005617600661989757 and parameters: {'lag_0': 0.36498146658001607, 'lag_1': 0.1939423961878229, 'lag_2': 0.725253115748, 'lag_3': 0.7142887122854318, 'lag_4': 0.770744139972252, 'lag_5': 0.5507302925304862, 'lag_6': 0.8137212789049453, 'lag_7': 0.15602242292506324, 'lag_8': 0.5491392235309853, 'lag_9': 0.7759867393708632, 'lag_10': 0.5779279874956154, 'lag_11': 0.6553514057964777, 'lag_12': 0.8564939737800303, 'lag_13': 0.853693866859624, 'lag_14': 0.11056026301224631, 'lag_15': 0.48849196636253495, 'lag_16': 0.8201040858784793, 'lag_17': 0.36666544759034114, 'lag_18': 0.22440862198512104, 'lag_19': 0.8961340160221538, 'lag_20': 0.32917258951381667, 'lag_21': 0.3730163091173925, 'lag_22': 0.5241239357696328, 'lag_23': 0.33874812251575426, 'lag_24': 0.0017275243259372297, 'lag_25': 0.8174540196927037, 'lag_26': 0.04814783791576005, 'lag_27': 0.40919440500202364, 'lag_28': 0.744023969243205}. Best is trial 29 with value: 0.005591888602095481.
[I 2025-09-29 11:53:32,967] Trial 37 finished with value: 0.005784725714451483 and parameters: {'lag_0': 0.29207404159774597, 'lag_1': 0.6133977512703801, 'lag_2': 0.63172742609028, 'lag_3': 0.8061090091882552, 'lag_4': 0.49374322712209107, 'lag_5': 0.2413343146673872, 'lag_6': 0.08198156244038488, 'lag_7': 0.012050342997893593, 'lag_8': 0.450982976222943, 'lag_9': 0.9311932423651028, 'lag_10': 0.23573647108553386, 'lag_11': 0.9016908176560899, 'lag_12': 0.9110601877860709, 'lag_13': 0.8169062233748171, 'lag_14': 0.5010814078933472, 'lag_15': 0.7093421333997694, 'lag_16': 0.6699943039959271, 'lag_17': 0.21489980348341675, 'lag_18': 0.38558690546326263, 'lag_19': 0.6706545886309223, 'lag_20': 0.060297010191626976, 'lag_21': 0.2891275065828484, 'lag_22': 0.4403719778679685, 'lag_23': 0.17016535495392512, 'lag_24': 0.30971058604469515, 'lag_25': 0.4427238045543291, 'lag_26': 0.6038106370960505, 'lag_27': 0.5757892575357483, 'lag_28': 0.5302389392572529}. Best is trial 29 with value: 0.005591888602095481.
[I 2025-09-29 11:53:35,377] Trial 38 finished with value: 0.005603181305178425 and parameters: {'lag_0': 0.8917492516438992, 'lag_1': 0.07492560621327515, 'lag_2': 0.3853473884747097, 'lag_3': 0.6545733619577258, 'lag_4': 0.7190969355725535, 'lag_5': 0.12002704988876915, 'lag_6': 0.20235409196435328, 'lag_7': 0.30580182885752394, 'lag_8': 0.08656207090640641, 'lag_9': 0.8119013926904012, 'lag_10': 0.6518053621552944, 'lag_11': 0.9914153018958138, 'lag_12': 0.7813691163747567, 'lag_13': 0.07927036869879511, 'lag_14': 0.3632028018070726, 'lag_15': 0.7960262528423206, 'lag_16': 0.5363607915643264, 'lag_17': 0.05793355596557895, 'lag_18': 0.07211917888375363, 'lag_19': 0.576976047278729, 'lag_20': 0.18671266653782248, 'lag_21': 0.5179468623150766, 'lag_22': 0.10630072636168542, 'lag_23': 0.11200943767506441, 'lag_24': 0.09639592174119938, 'lag_25': 0.54545272878454, 'lag_26': 0.17479322121641577, 'lag_27': 0.3045869582226115, 'lag_28': 0.6378717918326358}. Best is trial 29 with value: 0.005591888602095481.
[I 2025-09-29 11:53:37,781] Trial 39 finished with value: 0.005674584467584861 and parameters: {'lag_0': 0.7423336627068438, 'lag_1': 0.06316340225757028, 'lag_2': 0.38547730823007764, 'lag_3': 0.6369635190976028, 'lag_4': 0.006017344025569582, 'lag_5': 0.012287594107812161, 'lag_6': 0.22338248162393845, 'lag_7': 0.10015813293411047, 'lag_8': 0.07979348565345429, 'lag_9': 0.9991096911187244, 'lag_10': 0.4381957562190475, 'lag_11': 0.7737488152712727, 'lag_12': 0.8116824029055796, 'lag_13': 0.6985265765342622, 'lag_14': 0.337616827332765, 'lag_15': 0.9005760143778492, 'lag_16': 0.5250487347553561, 'lag_17': 0.1843218283601452, 'lag_18': 0.7696628728281413, 'lag_19': 0.575929730066915, 'lag_20': 0.18761727204492062, 'lag_21': 0.5284302164166672, 'lag_22': 0.094356517223602, 'lag_23': 0.6873691249870924, 'lag_24': 0.08631823922840598, 'lag_25': 0.5283181959879811, 'lag_26': 0.31866252196079653, 'lag_27': 0.6872618657520266, 'lag_28': 0.8615674459063262}. Best is trial 29 with value: 0.005591888602095481.
