[I 2025-10-03 11:38:05,666] Trial 55 finished with values: [0.07421606648199446, 0.00010344649147750584, 0.011741010686366843, 0.0014885028370963266, 0.002990660680608809, 0.0037008994711813827, 0.0006224759751440829, 0.0027828549957597377, 0.001158417928970591, 0.0007891949734462865, 0.000346011277082971, 0.00029203814295320017, 0.0025186218982083076, 0.03136812937101315, 0.0, 0.010618070747901812, 0.011045418651087463, 0.003756501988665254, 0.0004570410353084995, 0.0003070890918057892, 6.391904703093787e-05, 0.00022063581790809846, 8.385179845853575e-05, 0.00033365458413321956, 0.00010780611480222603, 0.0002469378623989456, 0.0012002001523192143, 0.0009588495396111653, 0.0005979796810488798] and parameters: {'lag_0': 0.8916098802112808, 'lag_1': 0.9483087918328978, 'lag_2': 0.44489295712019566, 'lag_3': 0.026470024017002373, 'lag_4': 0.042370614651160945, 'lag_5': 0.511348035215567, 'lag_6': 0.4163533827776404, 'lag_7': 0.04612394286528084, 'lag_8': 0.06149166680843483, 'lag_9': 0.4507317333781644, 'lag_10': 0.9820407373552994, 'lag_11': 0.5888202018122208, 'lag_12': 0.31552485379917966, 'lag_13': 0.7909348921383639, 'lag_14': 0.706468692448946, 'lag_15': 0.6163064704510289, 'lag_16': 0.6068949721724751, 'lag_17': 0.3370629291585869, 'lag_18': 0.25934045550851326, 'lag_19': 0.4526308464315678, 'lag_20': 0.426205566036278, 'lag_21': 0.3495890217745015, 'lag_22': 0.37770567826723384, 'lag_23': 0.12625174246591675, 'lag_24': 0.08875923064865301, 'lag_25': 0.9330263704322797, 'lag_26': 0.03779436823421568, 'lag_27': 0.8934808987746734, 'lag_28': 0.5240957901313652}.
[I 2025-10-03 11:38:08,357] Trial 56 finished with values: [0.0546071483533395, 0.0018949367978757553, 0.0065954624378947325, 0.0035883048856405453, 0.004144206453239601, 0.003653742121561487, 0.0003969302446625982, 0.0014373954948427943, 0.0005768376551237746, 0.001457881189762728, 0.00020181835183021623, 0.00028330573487154326, 0.003005422219674617, 0.031015659035134906, 0.0, 0.012507207604002434, 0.010973501102799071, 0.003932903753825557, 0.0004994359251081016, 0.0006290798666351022, 0.00019586904097774948, 0.0002208430205296449, 0.0002602471770380608, 0.00023541007104577912, 0.000280653973472317, 0.00016000347970605115, 0.0011983395974863333, 0.0006719246992006713, 0.000981595374354188] and parameters: {'lag_0': 0.14777017039835874, 'lag_1': 0.16026250951321966, 'lag_2': 0.43478986928764524, 'lag_3': 0.017469119218706752, 'lag_4': 0.2890631413395169, 'lag_5': 0.9365999241362889, 'lag_6': 0.8793898616059876, 'lag_7': 0.9366102800314413, 'lag_8': 0.2904795443226553, 'lag_9': 0.18895133128117622, 'lag_10': 0.8552305718403783, 'lag_11': 0.8326321309537751, 'lag_12': 0.5351285312355737, 'lag_13': 0.09323827639698107, 'lag_14': 0.9705301881592401, 'lag_15': 0.06478791142866434, 'lag_16': 0.6170653372844577, 'lag_17': 0.8963566397115532, 'lag_18': 0.9123306668967848, 'lag_19': 0.1871850120973641, 'lag_20': 0.9734962386957282, 'lag_21': 0.55692574536225, 'lag_22': 0.8002849125398307, 'lag_23': 0.05946165180689128, 'lag_24': 0.06668742460703325, 'lag_25': 0.8647952092088218, 'lag_26': 0.5083844813215673, 'lag_27': 0.03833654947682438, 'lag_28': 0.9300811593332947}.
[I 2025-10-03 11:38:11,034] Trial 57 finished with values: [0.07339865257686126, 0.001499322868574946, 0.007266075234972512, 0.005102908160114878, 0.002112867715091652, 0.0034022307576661364, 0.0017237237901362612, 0.0023635207062752467, 0.001147622271164023, 0.0013724819041439121, 0.0001317157208519587, 0.00040849878947151125, 0.0025647995291841414, 0.03283911724306702, 0.0, 0.0130119405309152, 0.011856316536399517, 0.004001485759217878, 0.0006278831176325328, 0.000460110027401737, 0.00010320840687467561, 0.0003771838875186114, 0.00019036661416003443, 0.00031773644194094916, 0.00024173220681994733, 5.0540777328958194e-05, 0.0012706028469768407, 0.0007035790289193489, 0.000588165443414627] and parameters: {'lag_0': 0.8857949463227046, 'lag_1': 0.6102004963078423, 'lag_2': 0.9132184420286559, 'lag_3': 0.058375105995316805, 'lag_4': 0.042370614651160945, 'lag_5': 0.2935629586709495, 'lag_6': 0.799325540766529, 'lag_7': 0.04612394286528084, 'lag_8': 0.06149166680843483, 'lag_9': 0.5225691497132497, 'lag_10': 0.3545695255234361, 'lag_11': 0.768393039388508, 'lag_12': 0.7500862398338477, 'lag_13': 0.7909348921383639, 'lag_14': 0.9754988259567519, 'lag_15': 0.7683844027646154, 'lag_16': 0.6068949721724751, 'lag_17': 0.3370629291585869, 'lag_18': 0.8048834209771502, 'lag_19': 0.09045783540703917, 'lag_20': 0.8750514329593018, 'lag_21': 0.38516635257246196, 'lag_22': 0.062108837982422095, 'lag_23': 0.7490075864342483, 'lag_24': 0.08875923064865301, 'lag_25': 0.9409442825603088, 'lag_26': 0.09517227464044337, 'lag_27': 0.2868996809993945, 'lag_28': 0.37007053577350585}.
[I 2025-10-03 11:38:13,714] Trial 58 finished with values: [0.0724463296398892, 0.0030410684794596886, 0.009361029492033894, 0.004618675618437018, 0.001979088782367762, 0.0050994884804160395, 0.0008475253203378561, 0.0017678437965626622, 0.00022095005066574968, 0.0008059359101281938, 0.000504076207914435, 7.327755709734182e-05, 0.0018232501375508054, 0.03183556129594454, 0.0, 0.011986047155675349, 0.00961207757313563, 0.0037518958619395847, 0.0005556765301327819, 0.0006290433042103505, 0.00011797267569345595, 0.0003632775934143176, 0.00011461521270104897, 0.00015992214765257246, 8.88799303884724e-06, 0.00017747286059429136, 0.0010021095100693762, 0.0008387861154633619, 0.001104132455905482] and parameters: {'lag_0': 0.19320668834708635, 'lag_1': 0.07258983954142523, 'lag_2': 0.9680642123167061, 'lag_3': 0.4708891232537772, 'lag_4': 0.028952542616320066, 'lag_5': 0.23668990661305594, 'lag_6': 0.4498060148390673, 'lag_7': 0.9313731672847978, 'lag_8': 0.2694164430313154, 'lag_9': 0.8795107956284384, 'lag_10': 0.5750251972110038, 'lag_11': 0.9851599696518855, 'lag_12': 0.11472140350836861, 'lag_13': 0.9032513087184276, 'lag_14': 0.18636312685151213, 'lag_15': 0.44491864898273553, 'lag_16': 0.6536367490269636, 'lag_17': 0.02121469255450924, 'lag_18': 0.9925235387645603, 'lag_19': 0.5478784402418466, 'lag_20': 0.6673792585261914, 'lag_21': 0.7307178164094961, 'lag_22': 0.6138572276123374, 'lag_23': 0.6038188522896863, 'lag_24': 0.9069146175700555, 'lag_25': 0.022878150740038582, 'lag_26': 0.42897408130655984, 'lag_27': 0.3612531409253944, 'lag_28': 0.0064865527282701035}.
[I 2025-10-03 11:38:16,408] Trial 59 finished with values: [0.06863711911357342, 0.0016621397288277035, 0.00490309230661937, 0.004161278877357903, 0.001753670822685504, 0.0027327942977605152, 0.0013402996794803748, 0.001851681089729961, 0.00047699252637714053, 0.0011188748360551996, 0.0002829280494106136, 0.00028147649852130455, 0.00245753855665213, 0.029790923241884065, 0.0, 0.012238510010104245, 0.01106333582578112, 0.0035742654375790035, 0.0007357730124960545, 0.0006600510938683815, 0.0001545736790011227, 0.00019797308308564781, 8.840971598947195e-05, 0.00014382208807613194, 0.0002985930739458411, 0.00017652905809211958, 0.0006212720526156475, 0.00046329094850647756, 0.0008694761644546698] and parameters: {'lag_0': 0.8799223791577209, 'lag_1': 0.8070271584809612, 'lag_2': 0.8204401730254062, 'lag_3': 0.7967359257484338, 'lag_4': 0.9260869205314979, 'lag_5': 0.46043355820065746, 'lag_6': 0.33361868899680863, 'lag_7': 0.0622365822211524, 'lag_8': 0.45403241316853, 'lag_9': 0.008123255010655616, 'lag_10': 0.8389760093564501, 'lag_11': 0.808512306773523, 'lag_12': 0.5723086606600797, 'lag_13': 0.7063769878087924, 'lag_14': 0.8627721545227899, 'lag_15': 0.9295203693052799, 'lag_16': 0.0023965780948046393, 'lag_17': 0.2476018397592308, 'lag_18': 0.9420570520419896, 'lag_19': 0.9416059136253808, 'lag_20': 0.1101784957809106, 'lag_21': 0.42824324249252826, 'lag_22': 0.1752878677692098, 'lag_23': 0.9012824241697481, 'lag_24': 0.3344546920121452, 'lag_25': 0.22706118184342702, 'lag_26': 0.6379919221938452, 'lag_27': 0.8252798501661925, 'lag_28': 0.045813428005799316}.
[I 2025-10-03 11:38:19,087] Trial 60 finished with values: [0.06935395251940203, 0.002421811316131991, 0.007615579914603268, 0.001691036551456151, 0.0040536668516427, 0.003646930479189929, 0.0007703127846097328, 0.0009800684009468755, 0.0003730546549279695, 0.00041781347885150934, 0.00029178348034967805, 0.00014818083661933434, 0.0013702198486035618, 0.0294417862632114, 0.0, 0.014727667248743966, 0.01057147411160785, 0.004015768772385104, 0.0005663239982824174, 0.0006068343417707259, 8.008766267815079e-05, 0.0004324217901199031, 0.00029346982690412783, 0.0004096949862086697, 0.00022016910944623263, 8.158043603207667e-05, 0.00048698781694164045, 0.0004284252012241063, 0.0014574661810613943] and parameters: {'lag_0': 0.4974571216959933, 'lag_1': 0.3048812715997228, 'lag_2': 0.6304733332087692, 'lag_3': 0.6635126941747292, 'lag_4': 0.7487937769249223, 'lag_5': 0.6758576310098032, 'lag_6': 0.14895033859925494, 'lag_7': 0.9133759865844827, 'lag_8': 0.8482814864558685, 'lag_9': 0.458024953404329, 'lag_10': 0.20283663788360987, 'lag_11': 0.3677421890029536, 'lag_12': 0.35238527748522386, 'lag_13': 0.9728212195194653, 'lag_14': 0.693852044497225, 'lag_15': 0.09893286494386104, 'lag_16': 0.6297365122800491, 'lag_17': 0.5585353673213777, 'lag_18': 0.3102401477667634, 'lag_19': 0.9175003840373271, 'lag_20': 0.11820090420449769, 'lag_21': 0.16014432746291568, 'lag_22': 0.10588002567742881, 'lag_23': 0.5176632406774747, 'lag_24': 0.6303354006043755, 'lag_25': 0.00559362102283006, 'lag_26': 0.049578658089555326, 'lag_27': 0.21267067634924738, 'lag_28': 0.45310568402900075}.
[I 2025-10-03 11:38:21,775] Trial 61 finished with values: [0.05776869806094183, 0.003721108604627822, 0.007825690309204643, 0.008149628942666822, 0.0036926574017678883, 0.005708552125295573, 0.0007058946774417716, 0.000700554429996663, 0.000511329595936958, 0.0010017601545461783, 0.0003221095014469723, 0.00016756789121234652, 0.00289854774040185, 0.03224653242669269, 0.0, 0.011162288980134522, 0.012475918903880565, 0.00352546803505149, 0.0006128047021531906, 0.0006113535122105886, 0.0002458996269788195, 0.0005311300371364804, 0.00026055289939782764, 0.0001719895131378195, 0.00026433431363954816, 0.00012143569129641999, 0.0011466782731501047, 0.0013420083063229232, 0.0020316654711500055] and parameters: {'lag_0': 0.15841375102352262, 'lag_1': 0.8257695264721371, 'lag_2': 0.3910591335504452, 'lag_3': 0.29811326761373863, 'lag_4': 0.8796899630570478, 'lag_5': 0.747183270590279, 'lag_6': 0.7545899792143854, 'lag_7': 0.4853359516879679, 'lag_8': 0.8704310862495307, 'lag_9': 0.6806240733568099, 'lag_10': 0.12069245085081332, 'lag_11': 0.37806294781735533, 'lag_12': 0.5404635847959005, 'lag_13': 0.002722397960470307, 'lag_14': 0.5864639746032887, 'lag_15': 0.22531551552106066, 'lag_16': 0.3129743603018768, 'lag_17': 0.8336474231301849, 'lag_18': 0.261050671496666, 'lag_19': 0.9576495004927321, 'lag_20': 0.5429958078272488, 'lag_21': 0.8397290791527828, 'lag_22': 0.14661067382221932, 'lag_23': 0.6082392874515247, 'lag_24': 0.09856468129152787, 'lag_25': 0.7359210310867783, 'lag_26': 0.014407946995637268, 'lag_27': 0.4429018298650667, 'lag_28': 0.3835156426335929}.
[I 2025-10-03 11:38:24,461] Trial 62 finished with values: [0.06357290641239899, 0.00333992818241059, 0.010098705688158724, 0.009872455208846057, 0.002371971656703134, 0.0053961752697811475, 0.0008175094874666204, 0.0012071329451685433, 0.00022723761946579992, 0.0013877430212218907, 8.456008659121672e-05, 9.113065171600105e-05, 0.0016432474441227065, 0.03323288487363235, 0.0, 0.0120142257280693, 0.011725372127460592, 0.0038756127680674665, 0.00042166826964990607, 0.0006029184735690885, 0.0001778983650916295, 0.00013449731421576256, 0.00020809571760863622, 0.00011243966353185947, 0.00012980861733323043, 0.00015465653866830146, 0.0009175308888914326, 0.0013026084989784862, 0.000709509152336463] and parameters: {'lag_0': 0.39567518243850536, 'lag_1': 0.4707249006127176, 'lag_2': 0.7767590214400552, 'lag_3': 0.2547714468462125, 'lag_4': 0.448758315629698, 'lag_5': 0.5395290471014446, 'lag_6': 0.011201961932169255, 'lag_7': 0.878348061381573, 'lag_8': 0.8015463465057051, 'lag_9': 0.8678182366558593, 'lag_10': 0.024340574553574492, 'lag_11': 0.4656667495722154, 'lag_12': 0.1695405410982705, 'lag_13': 0.9835152712181405, 'lag_14': 0.7650011044764145, 'lag_15': 0.009669421317860789, 'lag_16': 0.30453172576431337, 'lag_17': 0.1744326936227337, 'lag_18': 0.12453905670653613, 'lag_19': 0.07876915292719476, 'lag_20': 0.11979192317817908, 'lag_21': 0.9815869876780046, 'lag_22': 0.8682766752277791, 'lag_23': 0.2020941970246631, 'lag_24': 0.679137416759786, 'lag_25': 0.8242656361411308, 'lag_26': 0.32427645082444984, 'lag_27': 0.07729662141239267, 'lag_28': 0.6460670463629138}.
[I 2025-10-03 11:38:27,142] Trial 63 finished with values: [0.07492159062292532, 0.000822808256456721, 0.013315168451255705, 0.001992421691187625, 0.0033412340744156804, 0.0056619567318368005, 0.0007175517807024262, 0.0015817225203628028, 0.0006074161842769117, 0.0009564007097471168, 0.0004642193238926005, 0.000265995017254337, 0.0020662589807744027, 0.03302129654333538, 0.0, 0.012773158380999322, 0.011280116999044274, 0.0036052090115764935, 0.0007802318224410883, 0.00042419309947942823, 0.00018240274614380212, 0.00048739489692565765, 0.00020949775307340025, 0.0003358690172637552, 8.573536060253091e-05, 0.00013739250919740442, 0.0007661609027296989, 0.0008763795295344649, 0.0010848175224453522] and parameters: {'lag_0': 0.30797562497304776, 'lag_1': 0.3460397226729353, 'lag_2': 0.7242904078241993, 'lag_3': 0.5299077763554685, 'lag_4': 0.15058376120518224, 'lag_5': 0.7602657698554038, 'lag_6': 0.8491132031148195, 'lag_7': 0.3993926473495238, 'lag_8': 0.9594410342512649, 'lag_9': 0.6822965769016581, 'lag_10': 0.7778334581122431, 'lag_11': 0.020381073735495494, 'lag_12': 0.5658325443301404, 'lag_13': 0.6513579546734845, 'lag_14': 0.9202049026677882, 'lag_15': 0.2546443087515635, 'lag_16': 0.73296906906111, 'lag_17': 0.5979673874829304, 'lag_18': 0.7470239943977254, 'lag_19': 0.012223341149261551, 'lag_20': 0.1476664631006342, 'lag_21': 0.09391465757112531, 'lag_22': 0.1880553633355732, 'lag_23': 0.580532323720091, 'lag_24': 0.10350034216457248, 'lag_25': 0.6946995583424694, 'lag_26': 0.7326961618537666, 'lag_27': 0.5283260951935352, 'lag_28': 0.5948763322688049}.
[I 2025-10-03 11:38:29,829] Trial 64 finished with values: [0.08379501385041552, 0.00041724222854089857, 0.00686628493639486, 0.005191655639533823, 0.0012895998019091502, 0.0060444570566339255, 0.00039012373759978076, 0.001401783789759034, 0.0003860775194072199, 0.0007570002589806152, 0.0004176651940127777, 0.00021233754494291357, 0.0018894201095888351, 0.03245456970505974, 0.0, 0.014119262682833575, 0.011931313644742429, 0.0036884443401555807, 0.0006136600285499536, 0.0004677063380696321, 5.624382587114115e-05, 0.00020054110165396329, 0.0002720679385776181, 0.00041329491516067, 2.6404855001397634e-05, 6.531700517310954e-05, 0.0008591349880699778, 0.001051668232924404, 0.0008602475364812264] and parameters: {'lag_0': 0.31750156873850294, 'lag_1': 0.2897410112375392, 'lag_2': 0.9669126314729625, 'lag_3': 0.712919299227659, 'lag_4': 0.15027392816541668, 'lag_5': 0.03811074170493327, 'lag_6': 0.8793898616059876, 'lag_7': 0.44067704465753943, 'lag_8': 0.9533050961549535, 'lag_9': 0.8763595613249293, 'lag_10': 0.6945652565339373, 'lag_11': 0.23893909981014194, 'lag_12': 0.5351285312355737, 'lag_13': 0.09323827639698107, 'lag_14': 0.35432725365002393, 'lag_15': 0.37340830870890535, 'lag_16': 0.468702686814287, 'lag_17': 0.873177663152922, 'lag_18': 0.9123306668967848, 'lag_19': 0.19041325682875518, 'lag_20': 0.9734962386957282, 'lag_21': 0.10623080548665433, 'lag_22': 0.8002849125398307, 'lag_23': 0.6614156473987873, 'lag_24': 0.7603164859123458, 'lag_25': 0.6562402661291589, 'lag_26': 0.5083844813215673, 'lag_27': 0.03833654947682438, 'lag_28': 0.471656787974421}.
[I 2025-10-03 11:38:32,510] Trial 65 finished with values: [0.07421606648199446, 0.00627283810298257, 0.006306248179187407, 0.0037871286932852077, 0.0020486755019546864, 0.0037839932120266014, 0.0009499301447814671, 0.0026795001960524074, 0.0006023049050872137, 0.0003969994500886944, 0.00048085712335002557, 6.109175023159721e-05, 0.002941262027741128, 0.030560932491119124, 0.0, 0.013402816682884011, 0.012555427487198956, 0.004090899391667954, 0.0005927533011242157, 0.00031722436918858537, 0.00018287446553410394, 0.00035104066767349, 0.0001846611441833797, 0.00013825546996209124, 0.00020188362248542663, 0.00019106732205506006, 0.0007337841062585995, 0.0006765566533098663, 0.00029858300156907413] and parameters: {'lag_0': 0.10439243431504609, 'lag_1': 0.7672064740964287, 'lag_2': 0.1425171989057546, 'lag_3': 0.6464688132713491, 'lag_4': 0.9021146234907255, 'lag_5': 0.11300199263554714, 'lag_6': 0.5708840570947407, 'lag_7': 0.15981494986736455, 'lag_8': 0.2105932511323299, 'lag_9': 0.796870635606368, 'lag_10': 0.3430223313453586, 'lag_11': 0.05302613746728762, 'lag_12': 0.15922114544828694, 'lag_13': 0.5118998524917192, 'lag_14': 0.21852700609138678, 'lag_15': 0.3670832391527301, 'lag_16': 0.41567528395717185, 'lag_17': 0.7543507059554315, 'lag_18': 0.24967034912215008, 'lag_19': 0.4495717421029246, 'lag_20': 0.33850241957636457, 'lag_21': 0.23645912653663423, 'lag_22': 0.8304742923787954, 'lag_23': 0.4831643471700757, 'lag_24': 0.8150265914901811, 'lag_25': 0.014812526517754743, 'lag_26': 0.7478621555607532, 'lag_27': 0.7224354910071834, 'lag_28': 0.9904236661156612}.
[I 2025-10-03 11:38:35,196] Trial 66 finished with values: [0.058957591245847776, 0.002386769687298787, 0.005355617283950618, 0.004941460150371933, 0.0027763054839534547, 0.002598964576150048, 0.0011338393014430517, 0.0015085264908154398, 0.00014096042367746112, 0.001268617384958604, 0.00047769799715152077, 0.00013726747313840457, 0.002437315311347874, 0.029361242117914417, 0.0, 0.012413004711113364, 0.011387081059434739, 0.0036293226377758607, 0.0005575676871354782, 0.00046635006179333686, 0.00014279282351825487, 0.0003142379680865193, 0.00035079010097319033, 0.00042834691185332665, 0.0002496167541031347, 0.00011915790898345182, 0.0008690355639954129, 0.0012832051840806786, 0.0004947700641316791] and parameters: {'lag_0': 0.284850703268234, 'lag_1': 0.9475294578534118, 'lag_2': 0.35705624875012987, 'lag_3': 0.46342273276257623, 'lag_4': 0.7442261861283177, 'lag_5': 0.5828492514300898, 'lag_6': 0.4607558257700919, 'lag_7': 0.20196671116286952, 'lag_8': 0.0454992946308958, 'lag_9': 0.401133972891181, 'lag_10': 0.1434898208763595, 'lag_11': 0.3881220720079902, 'lag_12': 0.5404635847959005, 'lag_13': 0.5271511712645898, 'lag_14': 0.14956166042268432, 'lag_15': 0.3822695269442693, 'lag_16': 0.5326441611662828, 'lag_17': 0.31581873838528907, 'lag_18': 0.13887341682037163, 'lag_19': 0.1347762700370314, 'lag_20': 0.19305858198593576, 'lag_21': 0.05917764320923681, 'lag_22': 0.1753763644187694, 'lag_23': 0.12112511306577065, 'lag_24': 0.09856468129152787, 'lag_25': 0.05047316196452706, 'lag_26': 0.7780162205847081, 'lag_27': 0.6551690660100414, 'lag_28': 0.5911981367128565}.
[I 2025-10-03 11:38:37,885] Trial 67 finished with values: [0.0765447453219515, 0.0017607846622519452, 0.005661439622231533, 0.0038815647283147194, 0.0046424671278466586, 0.008673150170736084, 0.001486307912114429, 0.001357574587921064, 0.0007139999010258478, 0.0009228688135838241, 0.00018307278043440867, 0.0003900455365211357, 0.003526891759130566, 0.032390816645221206, 0.0, 0.012101821340989301, 0.009812356443547016, 0.0030020144812208252, 0.000854375572292565, 0.0007594978895244677, 4.421588661363293e-05, 0.00018386297595412472, 0.0001979289428444464, 0.0003501975180214208, 0.00013161422784529968, 0.00011512709138956972, 0.0006421663449698445, 0.0006976671540813564, 0.0011417284749346097] and parameters: {'lag_0': 0.5717482723367071, 'lag_1': 0.3026688627103554, 'lag_2': 0.034913209326681564, 'lag_3': 0.12802936115962696, 'lag_4': 0.8579918235220615, 'lag_5': 0.9699473520308942, 'lag_6': 0.4436208981360162, 'lag_7': 0.7112902040860576, 'lag_8': 0.23383755202823844, 'lag_9': 0.4267895908214123, 'lag_10': 0.33582932688286693, 'lag_11': 0.05430796266527071, 'lag_12': 0.2052911596847871, 'lag_13': 0.9871873065266875, 'lag_14': 0.14280701121813938, 'lag_15': 0.13056441954954673, 'lag_16': 0.22879872654963093, 'lag_17': 0.10399697119167114, 'lag_18': 0.9648336217641719, 'lag_19': 0.925393906366258, 'lag_20': 0.9043655176316682, 'lag_21': 0.7520167432785939, 'lag_22': 0.021856641687142894, 'lag_23': 0.3290001285930233, 'lag_24': 0.7795818533118669, 'lag_25': 0.40659129917076536, 'lag_26': 0.6313660893703638, 'lag_27': 0.6411443824179107, 'lag_28': 0.8376731315430112}.
