[I 2025-09-29 11:53:34,902] Trial 40 finished with value: 0.00449582401326042 and parameters: {'lag_0': 0.30423140287071715, 'lag_1': 0.303723188524881, 'lag_2': 0.5599318753344136, 'lag_3': 0.27026718853226617, 'lag_4': 0.5447888212645764, 'lag_5': 0.9136212964962933, 'lag_6': 0.07996695556007599, 'lag_7': 0.6258212476781255, 'lag_8': 0.5209562893187806, 'lag_9': 0.43701996363246787, 'lag_10': 0.8091915761388045, 'lag_11': 0.9189929887992297, 'lag_12': 0.07745889617765502, 'lag_13': 0.7153468467440056, 'lag_14': 0.2074834772754039, 'lag_15': 0.10852599642782879, 'lag_16': 0.09163919767840917, 'lag_17': 0.059650760652315796, 'lag_18': 0.8565664347651684, 'lag_19': 0.23406006362162685, 'lag_20': 0.1896414431870622, 'lag_21': 0.9205844796434007, 'lag_22': 0.6234597130504648, 'lag_23': 0.8842532915030321, 'lag_24': 0.18242223260593654, 'lag_25': 0.06401207049152735, 'lag_26': 0.2203554198520933, 'lag_27': 0.6712693317519907, 'lag_28': 0.015004800753266795}. Best is trial 9 with value: 0.004165319824189095.
[I 2025-09-29 11:53:37,241] Trial 41 finished with value: 0.004627804043951128 and parameters: {'lag_0': 0.4557152184214186, 'lag_1': 0.527054651348475, 'lag_2': 0.4552896299147241, 'lag_3': 0.9547561565843241, 'lag_4': 0.23819758424108317, 'lag_5': 0.0034634462884831343, 'lag_6': 0.7343019646666711, 'lag_7': 0.3712443155727672, 'lag_8': 0.573894857360818, 'lag_9': 0.13076764178000103, 'lag_10': 0.8789999032565776, 'lag_11': 0.7546932717219389, 'lag_12': 0.33480465025607153, 'lag_13': 0.46782781861031114, 'lag_14': 0.12286271381313185, 'lag_15': 0.5502942329258433, 'lag_16': 0.3597857783297034, 'lag_17': 0.15636700042706958, 'lag_18': 0.6549880686320014, 'lag_19': 0.6524875326653328, 'lag_20': 0.7588724207044731, 'lag_21': 0.2002589377313452, 'lag_22': 0.6024694365082582, 'lag_23': 0.6145176586436218, 'lag_24': 0.6734877469158883, 'lag_25': 0.21587084190725153, 'lag_26': 0.4511281941529815, 'lag_27': 0.8254432609645791, 'lag_28': 0.6376070464673282}. Best is trial 9 with value: 0.004165319824189095.
[I 2025-09-29 11:53:39,693] Trial 42 finished with value: 0.004365066250342933 and parameters: {'lag_0': 0.25754841483986657, 'lag_1': 0.5770094937566017, 'lag_2': 0.37989510870142973, 'lag_3': 0.9419700448795567, 'lag_4': 0.47123471810496687, 'lag_5': 0.06560265975908212, 'lag_6': 0.936062305476044, 'lag_7': 0.46269292604734125, 'lag_8': 0.6276740648502362, 'lag_9': 0.25050567535336643, 'lag_10': 0.5717993398678078, 'lag_11': 0.8688316555347838, 'lag_12': 0.2631506120697503, 'lag_13': 0.24017312705621932, 'lag_14': 0.05721668625485616, 'lag_15': 0.42848649108962933, 'lag_16': 0.45519437281531067, 'lag_17': 0.10724044095580482, 'lag_18': 0.5486901050626718, 'lag_19': 0.7255313532802535, 'lag_20': 0.9969652678325172, 'lag_21': 0.27343187170983974, 'lag_22': 0.6529192980752339, 'lag_23': 0.6767158330935155, 'lag_24': 0.10312466970855069, 'lag_25': 0.12956089787352054, 'lag_26': 0.5865000090225445, 'lag_27': 0.9489915713038333, 'lag_28': 0.7491750294086357}. Best is trial 9 with value: 0.004165319824189095.
[I 2025-09-29 11:53:42,055] Trial 43 finished with value: 0.0045344189956293265 and parameters: {'lag_0': 0.3346382015856801, 'lag_1': 0.008217693596741849, 'lag_2': 0.27871707733419315, 'lag_3': 0.8174112163412888, 'lag_4': 0.645106241948114, 'lag_5': 0.06352646938093515, 'lag_6': 0.8515527628216799, 'lag_7': 0.3172695287759209, 'lag_8': 0.43483881517772166, 'lag_9': 0.3212040045237196, 'lag_10': 0.7591464066555965, 'lag_11': 0.7433893663185157, 'lag_12': 0.41576098315551224, 'lag_13': 0.3225606826764757, 'lag_14': 0.15084705248187757, 'lag_15': 0.7781906403326018, 'lag_16': 0.5672298775040502, 'lag_17': 0.22238883650030647, 'lag_18': 0.6321853443600381, 'lag_19': 0.450226920062099, 'lag_20': 0.7865311164407062, 'lag_21': 0.15049582484501622, 'lag_22': 0.44855280958892385, 'lag_23': 0.30280299051930604, 'lag_24': 0.7726618395543735, 'lag_25': 0.24032642791252817, 'lag_26': 0.6650510425255656, 'lag_27': 0.8658271528563363, 'lag_28': 0.3102908046666183}. Best is trial 9 with value: 0.004165319824189095.
[I 2025-09-29 11:53:44,406] Trial 44 finished with value: 0.004640108757906321 and parameters: {'lag_0': 0.40888758605360853, 'lag_1': 0.48471803990205947, 'lag_2': 0.5267029168253673, 'lag_3': 0.8823291746584807, 'lag_4': 0.08151152608372503, 'lag_5': 0.04165448224978868, 'lag_6': 0.9420983183855093, 'lag_7': 0.4431864628966805, 'lag_8': 0.5513047708023868, 'lag_9': 0.047202874276539186, 'lag_10': 0.7082946527225591, 'lag_11': 0.8397282587456024, 'lag_12': 0.18278611092214125, 'lag_13': 0.37566536393851824, 'lag_14': 0.27779589395692994, 'lag_15': 0.30794686544019634, 'lag_16': 0.20719670682448277, 'lag_17': 0.7460171718240027, 'lag_18': 0.7817115870806677, 'lag_19': 0.4874986561841546, 'lag_20': 0.6677530905182953, 'lag_21': 0.012327271032951531, 'lag_22': 0.5305629404984639, 'lag_23': 0.7728866278648816, 'lag_24': 0.04604812837555103, 'lag_25': 0.3340393799664902, 'lag_26': 0.29872160785119994, 'lag_27': 0.7556644900279701, 'lag_28': 0.8969992632413972}. Best is trial 9 with value: 0.004165319824189095.
[I 2025-09-29 11:53:46,755] Trial 45 finished with value: 0.004445317922630574 and parameters: {'lag_0': 0.5431631956635494, 'lag_1': 0.40999417022062107, 'lag_2': 0.8141844198409296, 'lag_3': 0.9987670660748474, 'lag_4': 0.8841957800481878, 'lag_5': 0.2560825703600582, 'lag_6': 0.7664134237497384, 'lag_7': 0.6857133965383375, 'lag_8': 0.7635970630423776, 'lag_9': 0.403663631854949, 'lag_10': 0.5022285268677434, 'lag_11': 0.933040711099562, 'lag_12': 0.6147389149172153, 'lag_13': 0.45248254755474715, 'lag_14': 0.10525229147280674, 'lag_15': 0.3745938201084732, 'lag_16': 0.38242386081247826, 'lag_17': 0.04738590158055889, 'lag_18': 0.9868505306331073, 'lag_19': 0.8193492907341213, 'lag_20': 0.04841885431538439, 'lag_21': 0.3739242560069728, 'lag_22': 0.32847582227905525, 'lag_23': 0.9838458828445769, 'lag_24': 0.2958762756789282, 'lag_25': 0.0019784186152932842, 'lag_26': 0.11820595400207348, 'lag_27': 0.7084538756714391, 'lag_28': 0.4570708853917553}. Best is trial 9 with value: 0.004165319824189095.
[I 2025-09-29 11:53:49,105] Trial 46 finished with value: 0.004368733728637152 and parameters: {'lag_0': 0.6680673993539065, 'lag_1': 0.7405519727674269, 'lag_2': 0.3487137444573087, 'lag_3': 0.7550982321380022, 'lag_4': 0.4089450500582831, 'lag_5': 0.002872889403743681, 'lag_6': 0.4778364427819237, 'lag_7': 0.5169820401975052, 'lag_8': 0.8403299807576107, 'lag_9': 0.21101259037878362, 'lag_10': 0.8349381669385636, 'lag_11': 0.2714511981470097, 'lag_12': 0.48516769768119383, 'lag_13': 0.5781555274590615, 'lag_14': 0.33292697532836835, 'lag_15': 0.4299068068394273, 'lag_16': 0.2701063082959878, 'lag_17': 0.1622839761778882, 'lag_18': 0.7324245995373033, 'lag_19': 0.3518533055529884, 'lag_20': 0.9241047799663067, 'lag_21': 0.1761481998288389, 'lag_22': 0.025964224126903378, 'lag_23': 0.5501181432527719, 'lag_24': 0.43590853328140133, 'lag_25': 0.16563131755727062, 'lag_26': 0.7609031325012363, 'lag_27': 0.12728900790504383, 'lag_28': 0.5310919614068321}. Best is trial 9 with value: 0.004165319824189095.
[I 2025-09-29 11:53:51,455] Trial 47 finished with value: 0.004373195043620972 and parameters: {'lag_0': 0.1398092755154468, 'lag_1': 0.6479571708883242, 'lag_2': 0.20617209501986034, 'lag_3': 0.9562218578672372, 'lag_4': 0.20168230112136287, 'lag_5': 0.11055353315505306, 'lag_6': 0.5438397523002201, 'lag_7': 0.5992750108482762, 'lag_8': 0.38074787281659084, 'lag_9': 0.6710255509480689, 'lag_10': 0.9246380407484209, 'lag_11': 0.5963838742361383, 'lag_12': 0.10962721249782578, 'lag_13': 0.15476248729018754, 'lag_14': 0.17249034385769735, 'lag_15': 0.19084184946787466, 'lag_16': 0.868927422483006, 'lag_17': 0.3515525904148882, 'lag_18': 0.5047239994402503, 'lag_19': 0.6121024397881587, 'lag_20': 0.5155231114763396, 'lag_21': 0.06624919101408117, 'lag_22': 0.5876477987357934, 'lag_23': 0.8255021899892776, 'lag_24': 0.1292194679417798, 'lag_25': 0.3852118371848099, 'lag_26': 0.17370164863122872, 'lag_27': 0.6585927313909095, 'lag_28': 0.127222088023088}. Best is trial 9 with value: 0.004165319824189095.
[I 2025-09-29 11:53:53,790] Trial 48 finished with value: 0.0044782048608483956 and parameters: {'lag_0': 0.9110487789809391, 'lag_1': 0.5957202940306261, 'lag_2': 0.6487822044010874, 'lag_3': 0.16099030916292817, 'lag_4': 0.15060294095997329, 'lag_5': 0.16325204433798127, 'lag_6': 0.26851037383873594, 'lag_7': 0.7991697763702039, 'lag_8': 0.2966114116669969, 'lag_9': 0.4647472116962786, 'lag_10': 0.7520942138283071, 'lag_11': 0.4548877918452989, 'lag_12': 0.29459357150737125, 'lag_13': 0.017891708864952005, 'lag_14': 0.03654149333143993, 'lag_15': 0.5373595947665409, 'lag_16': 0.48410846980572775, 'lag_17': 0.2622996418052521, 'lag_18': 0.7024348219111274, 'lag_19': 0.17747470200952226, 'lag_20': 0.6289772844465099, 'lag_21': 0.5103481011519714, 'lag_22': 0.761779575732056, 'lag_23': 0.9105011723803011, 'lag_24': 0.3842824041271439, 'lag_25': 0.2947157272513794, 'lag_26': 0.04687907489467327, 'lag_27': 0.5583511325168231, 'lag_28': 0.27109793563084195}. Best is trial 9 with value: 0.004165319824189095.
[I 2025-09-29 11:53:56,136] Trial 49 finished with value: 0.00431193833609546 and parameters: {'lag_0': 0.4854927796863052, 'lag_1': 0.455395146124334, 'lag_2': 0.08537382847991265, 'lag_3': 0.8771582355754689, 'lag_4': 0.27241555790745187, 'lag_5': 0.12508348763364727, 'lag_6': 0.3313170000786231, 'lag_7': 0.3667247022148147, 'lag_8': 0.9238023331598415, 'lag_9': 0.7986486816402507, 'lag_10': 0.6522589871703125, 'lag_11': 0.38864658244094913, 'lag_12': 0.38450320144174077, 'lag_13': 0.2388694732428862, 'lag_14': 0.4082588760336438, 'lag_15': 0.634226834656458, 'lag_16': 0.6153371219718624, 'lag_17': 0.09907838899689558, 'lag_18': 0.6068763852897348, 'lag_19': 0.2734342459814463, 'lag_20': 0.5534521965760462, 'lag_21': 0.2839438350543466, 'lag_22': 0.6926304617986891, 'lag_23': 0.7245919621355902, 'lag_24': 0.23644421914548605, 'lag_25': 0.4904014808978644, 'lag_26': 0.2346053778417635, 'lag_27': 0.8612537657179009, 'lag_28': 0.4187621376644775}. Best is trial 9 with value: 0.004165319824189095.
[I 2025-09-29 11:53:58,495] Trial 50 finished with value: 0.004600230934608128 and parameters: {'lag_0': 0.47994086446973816, 'lag_1': 0.28745075715778295, 'lag_2': 0.05316995812180053, 'lag_3': 0.8558042287630692, 'lag_4': 0.29359613990366956, 'lag_5': 0.3429385642265367, 'lag_6': 0.3528576088604725, 'lag_7': 0.19160745580112806, 'lag_8': 0.9621532242535676, 'lag_9': 0.8967909694481907, 'lag_10': 0.6303022544962816, 'lag_11': 0.39684647240154725, 'lag_12': 0.375186685060892, 'lag_13': 0.24587549624118213, 'lag_14': 0.4023314157761939, 'lag_15': 0.7651602218309433, 'lag_16': 0.6237530742843209, 'lag_17': 0.5609843495840727, 'lag_18': 0.5947357926512005, 'lag_19': 0.21148661389864942, 'lag_20': 0.48300851178982374, 'lag_21': 0.2682163615204992, 'lag_22': 0.666970820977472, 'lag_23': 0.721211273938783, 'lag_24': 0.24116951855071408, 'lag_25': 0.48018721472071857, 'lag_26': 0.25111547543711743, 'lag_27': 0.9696485443232575, 'lag_28': 0.36650082460533717}. Best is trial 9 with value: 0.004165319824189095.
[I 2025-09-29 11:54:00,841] Trial 51 finished with value: 0.004169598491712284 and parameters: {'lag_0': 0.6193563685043744, 'lag_1': 0.46241695437711383, 'lag_2': 0.16156058851183916, 'lag_3': 0.8013734425118083, 'lag_4': 0.04536881938003247, 'lag_5': 0.11821330779508095, 'lag_6': 0.21934856947908388, 'lag_7': 0.3563350735600267, 'lag_8': 0.9147797027814684, 'lag_9': 0.9149217339993467, 'lag_10': 0.7935646503683231, 'lag_11': 0.4935853472063585, 'lag_12': 0.4344442444657263, 'lag_13': 0.3399664969900622, 'lag_14': 0.32777033332673133, 'lag_15': 0.6203187320300974, 'lag_16': 0.9594988745924238, 'lag_17': 0.09956726989291559, 'lag_18': 0.8182975888461935, 'lag_19': 0.09565682765859396, 'lag_20': 0.6999213650326849, 'lag_21': 0.32066981000496303, 'lag_22': 0.7265125528266811, 'lag_23': 0.6693511414432286, 'lag_24': 0.029169464078959442, 'lag_25': 0.41311058205326406, 'lag_26': 0.32246690233391745, 'lag_27': 0.8485477247211617, 'lag_28': 0.3046580934294918}. Best is trial 9 with value: 0.004165319824189095.
[I 2025-09-29 11:54:03,185] Trial 52 finished with value: 0.004450370371847014 and parameters: {'lag_0': 0.6272127730749935, 'lag_1': 0.21137026428543093, 'lag_2': 0.0986617993102247, 'lag_3': 0.8079423095802054, 'lag_4': 0.02668065432998049, 'lag_5': 0.12402145886019258, 'lag_6': 0.13456416333852655, 'lag_7': 0.3613957066043386, 'lag_8': 0.9065566621018774, 'lag_9': 0.7884306224599664, 'lag_10': 0.7938441931238035, 'lag_11': 0.3186023823028581, 'lag_12': 0.44671502764403626, 'lag_13': 0.1939127285312514, 'lag_14': 0.5317331506260844, 'lag_15': 0.6237834976870802, 'lag_16': 0.9862559847366205, 'lag_17': 0.03140529287884322, 'lag_18': 0.8412449593310598, 'lag_19': 0.09314880300581886, 'lag_20': 0.5503316928174578, 'lag_21': 0.3334552157166791, 'lag_22': 0.7311375718334844, 'lag_23': 0.6535758439270127, 'lag_24': 0.03593754754694323, 'lag_25': 0.5469746146787314, 'lag_26': 0.3194573584819793, 'lag_27': 0.8921924202550265, 'lag_28': 0.4113819216925228}. Best is trial 9 with value: 0.004165319824189095.
[I 2025-09-29 11:54:05,530] Trial 53 finished with value: 0.004590126931992834 and parameters: {'lag_0': 0.369280968384784, 'lag_1': 0.4526629454171045, 'lag_2': 0.15048215551869112, 'lag_3': 0.7418697955075123, 'lag_4': 0.06131993085106677, 'lag_5': 0.22510669641922348, 'lag_6': 0.21392694773438814, 'lag_7': 0.41427986210684153, 'lag_8': 0.943139098847411, 'lag_9': 0.9474777684179266, 'lag_10': 0.7148181642615326, 'lag_11': 0.42476255616706454, 'lag_12': 0.751128484862743, 'lag_13': 0.10623809730350081, 'lag_14': 0.44376880619500914, 'lag_15': 0.7004531735711692, 'lag_16': 0.7540832138923956, 'lag_17': 0.10030243686540272, 'lag_18': 0.7832899007838506, 'lag_19': 0.26895636700849196, 'lag_20': 0.7073022712583183, 'lag_21': 0.39589258433254215, 'lag_22': 0.7954869722051249, 'lag_23': 0.7768031221617012, 'lag_24': 0.16836729544521176, 'lag_25': 0.40645621439459745, 'lag_26': 0.35607601737405004, 'lag_27': 0.8477344487379985, 'lag_28': 0.3227139586802165}. Best is trial 9 with value: 0.004165319824189095.
[I 2025-09-29 11:54:07,878] Trial 54 finished with value: 0.004389475548046203 and parameters: {'lag_0': 0.7086852457622542, 'lag_1': 0.41271096912477523, 'lag_2': 0.08803516754761104, 'lag_3': 0.6506253976296731, 'lag_4': 0.11319688539043124, 'lag_5': 0.10422521632717366, 'lag_6': 0.2929111860843823, 'lag_7': 0.2955772494668729, 'lag_8': 0.8893633097780225, 'lag_9': 0.8276281313007221, 'lag_10': 0.7852122527980052, 'lag_11': 0.47650651672943145, 'lag_12': 0.53667160030015, 'lag_13': 0.25407964913727676, 'lag_14': 0.36890410178547456, 'lag_15': 0.7334735237287604, 'lag_16': 0.3265421359328714, 'lag_17': 0.016420191790647253, 'lag_18': 0.9009187267828694, 'lag_19': 0.10494491118972606, 'lag_20': 0.5842066313039662, 'lag_21': 0.4363487106464745, 'lag_22': 0.8949055375192536, 'lag_23': 0.6765515681709168, 'lag_24': 0.10653606382651148, 'lag_25': 0.44219433982514766, 'lag_26': 0.16883331917877376, 'lag_27': 0.8813919055792823, 'lag_28': 0.2317718682645848}. Best is trial 9 with value: 0.004165319824189095.
[I 2025-09-29 11:54:10,223] Trial 55 finished with value: 0.004536667482138914 and parameters: {'lag_0': 0.2243382319135132, 'lag_1': 0.37993443051467, 'lag_2': 0.17894259072910854, 'lag_3': 0.8761314356964522, 'lag_4': 0.4473706938450236, 'lag_5': 0.17893978123148468, 'lag_6': 0.38937789831475267, 'lag_7': 0.2508063221588167, 'lag_8': 0.9957511417715917, 'lag_9': 0.8889854727293257, 'lag_10': 0.951545738318512, 'lag_11': 0.3722695955813401, 'lag_12': 0.36066258724953915, 'lag_13': 0.4010654392048295, 'lag_14': 0.3307072281272488, 'lag_15': 0.6534173791050482, 'lag_16': 0.6848651273888645, 'lag_17': 0.08919943665537725, 'lag_18': 0.7034050511749332, 'lag_19': 0.07266003773134838, 'lag_20': 0.6786762893986492, 'lag_21': 0.29211320618126585, 'lag_22': 0.6854078569149615, 'lag_23': 0.8538261913541179, 'lag_24': 0.046404954782164394, 'lag_25': 0.4819531060976844, 'lag_26': 0.24965596892912886, 'lag_27': 0.9562252737722314, 'lag_28': 0.1887959945760605}. Best is trial 9 with value: 0.004165319824189095.
[I 2025-09-29 11:54:12,575] Trial 56 finished with value: 0.0044089144267694695 and parameters: {'lag_0': 0.4478721686757283, 'lag_1': 0.5044143647995251, 'lag_2': 0.054148756320933134, 'lag_3': 0.7026121063111697, 'lag_4': 0.37050179564339925, 'lag_5': 0.13637730190564867, 'lag_6': 0.09771323062884266, 'lag_7': 0.34954569556237103, 'lag_8': 0.815867761217247, 'lag_9': 0.77126467002649, 'lag_10': 0.6419965436410915, 'lag_11': 0.23154001776635613, 'lag_12': 0.4655099456698586, 'lag_13': 0.5328715429492189, 'lag_14': 0.9910862259596699, 'lag_15': 0.8421174013941036, 'lag_16': 0.19458297046845188, 'lag_17': 0.20371145041243494, 'lag_18': 0.8072991938302287, 'lag_19': 0.2732124106463881, 'lag_20': 0.6194309580644983, 'lag_21': 0.7611687235130724, 'lag_22': 0.8191077718843276, 'lag_23': 0.7336915213765858, 'lag_24': 0.006953039595329339, 'lag_25': 0.3552130732907598, 'lag_26': 0.13173457665998486, 'lag_27': 0.7957736201792316, 'lag_28': 0.43752859701007585}. Best is trial 9 with value: 0.004165319824189095.
[I 2025-09-29 11:54:14,922] Trial 57 finished with value: 0.00412202200791082 and parameters: {'lag_0': 0.0756749698242941, 'lag_1': 0.3559127484865281, 'lag_2': 0.23921043886649662, 'lag_3': 0.36766564067581586, 'lag_4': 0.142756715856033, 'lag_5': 0.0419664294810372, 'lag_6': 0.04511328599030903, 'lag_7': 0.553019973979504, 'lag_8': 0.9077065402150807, 'lag_9': 0.942204635252754, 'lag_10': 0.8457437451902347, 'lag_11': 0.2993309844505933, 'lag_12': 0.6499307332121945, 'lag_13': 0.21594954000864974, 'lag_14': 0.3019302054587237, 'lag_15': 0.5944217377693045, 'lag_16': 0.923216172634511, 'lag_17': 0.13963215770193763, 'lag_18': 0.619188770362109, 'lag_19': 0.5445543102482158, 'lag_20': 0.4513713087437465, 'lag_21': 0.3453000543884581, 'lag_22': 0.7504803891677734, 'lag_23': 0.9649779429052998, 'lag_24': 0.07213671982315674, 'lag_25': 0.5454968921705515, 'lag_26': 0.3967139045242637, 'lag_27': 0.8511019935236864, 'lag_28': 0.515403831227986}. Best is trial 57 with value: 0.00412202200791082.
[I 2025-09-29 11:54:17,260] Trial 58 finished with value: 0.004295829573548707 and parameters: {'lag_0': 0.06533137407348623, 'lag_1': 0.350881335556772, 'lag_2': 0.2927182358473918, 'lag_3': 0.39875844756293183, 'lag_4': 0.005643124120571441, 'lag_5': 0.03714061226861334, 'lag_6': 0.06224406610969763, 'lag_7': 0.560210808842702, 'lag_8': 0.7408588370977311, 'lag_9': 0.9613231853684399, 'lag_10': 0.8653998168725225, 'lag_11': 0.2981469975934776, 'lag_12': 0.6248497324398683, 'lag_13': 0.2881624896135909, 'lag_14': 0.24259741639739976, 'lag_15': 0.5458582365566904, 'lag_16': 0.9372570382762941, 'lag_17': 0.14563491230070624, 'lag_18': 0.8807497263591885, 'lag_19': 0.5451579374985909, 'lag_20': 0.2972250669070092, 'lag_21': 0.8537227510996382, 'lag_22': 0.09813219475875229, 'lag_23': 0.9570097880097393, 'lag_24': 0.08132482620417308, 'lag_25': 0.5975320602418233, 'lag_26': 0.41124169887667084, 'lag_27': 0.9141362690664008, 'lag_28': 0.5138236953540866}. Best is trial 57 with value: 0.00412202200791082.
[I 2025-09-29 11:54:19,608] Trial 59 finished with value: 0.004404240038718738 and parameters: {'lag_0': 0.0019370969452503495, 'lag_1': 0.10743290960344246, 'lag_2': 0.2416876620222296, 'lag_3': 0.3174274968859194, 'lag_4': 0.022731713101345807, 'lag_5': 0.04399475082043533, 'lag_6': 0.012933460274579155, 'lag_7': 0.6331246326697164, 'lag_8': 0.7347089153294766, 'lag_9': 0.9539073460679418, 'lag_10': 0.8720764742766499, 'lag_11': 0.11231465776881655, 'lag_12': 0.695248705395287, 'lag_13': 0.28377035372370973, 'lag_14': 0.29783639133259765, 'lag_15': 0.5909922266013318, 'lag_16': 0.9047118610569213, 'lag_17': 0.2924025230170074, 'lag_18': 0.8832044488886124, 'lag_19': 0.5506894055173508, 'lag_20': 0.31810518955058875, 'lag_21': 0.8475820739830588, 'lag_22': 0.0826229883052785, 'lag_23': 0.956604441205094, 'lag_24': 0.14112229332326026, 'lag_25': 0.681205553177888, 'lag_26': 0.4140773179553803, 'lag_27': 0.9911626491089068, 'lag_28': 0.5279215966411853}. Best is trial 57 with value: 0.00412202200791082.
[I 2025-09-29 11:54:21,950] Trial 60 finished with value: 0.004357391803508789 and parameters: {'lag_0': 0.07389806555035468, 'lag_1': 0.36608844757174397, 'lag_2': 0.29758752127658866, 'lag_3': 0.42911140468345665, 'lag_4': 0.08966207704182935, 'lag_5': 0.46198063996819566, 'lag_6': 0.06534281401493396, 'lag_7': 0.9873950450942117, 'lag_8': 0.8089604636153837, 'lag_9': 0.9286223547650103, 'lag_10': 0.9585926215317165, 'lag_11': 0.3086518358757218, 'lag_12': 0.6058415246594878, 'lag_13': 0.3501811840717567, 'lag_14': 0.24973060977328537, 'lag_15': 0.5633580943421914, 'lag_16': 0.9400472295221189, 'lag_17': 0.1618069934938414, 'lag_18': 0.958403423184672, 'lag_19': 0.6699640756235352, 'lag_20': 0.3801385373263876, 'lag_21': 0.9461546642593024, 'lag_22': 0.007180034216012685, 'lag_23': 0.9823463743100506, 'lag_24': 0.10031397413721048, 'lag_25': 0.6386978744912917, 'lag_26': 0.44561549746641904, 'lag_27': 0.811110070159629, 'lag_28': 0.5633497290613513}. Best is trial 57 with value: 0.00412202200791082.
