[I 2025-09-29 13:20:42,671] Trial 62 finished with value: 0.012770322985073013 and parameters: {'lag_0': 0.569387085912841, 'lag_1': 0.4760351369753616, 'lag_2': 0.08288640996162842, 'lag_3': 0.566116943999971, 'lag_4': 0.7775876466883426, 'lag_5': 0.04728338302208405, 'lag_6': 0.9286474984644485, 'lag_7': 0.7032155576576782, 'lag_8': 0.028828757437127154, 'lag_9': 0.08271060735323635, 'lag_10': 0.2785871929664692, 'lag_11': 0.9575417973432121, 'lag_12': 0.8117996584206997, 'lag_13': 0.5410371025116589, 'lag_14': 0.9703237365041215, 'lag_15': 0.8886604785360923, 'lag_16': 0.1758955693343846, 'lag_17': 0.46469179636259184, 'lag_18': 0.8820804146322527, 'lag_19': 0.9203520806357898, 'lag_20': 0.9744808087229615, 'lag_21': 0.27034310950939405, 'lag_22': 0.6126379709041573, 'lag_23': 0.987933629355802, 'lag_24': 0.759090554564985, 'lag_25': 0.9991167738400256, 'lag_26': 0.0017074609365255872, 'lag_27': 0.22831580271828247, 'lag_28': 0.944574334128881}. Best is trial 60 with value: 0.009151790288209316.
[I 2025-09-29 13:20:45,151] Trial 63 finished with value: 0.012825102392459663 and parameters: {'lag_0': 0.5307709703745327, 'lag_1': 0.35657555274665365, 'lag_2': 0.13664746812109613, 'lag_3': 0.6125377861367589, 'lag_4': 0.7015146463015379, 'lag_5': 0.05516259523685235, 'lag_6': 0.9320735301291019, 'lag_7': 0.7457053374584235, 'lag_8': 0.002166382654655248, 'lag_9': 0.0006451143507542195, 'lag_10': 0.23355974495507179, 'lag_11': 0.9124452712388332, 'lag_12': 0.10040432630224744, 'lag_13': 0.45739451623599214, 'lag_14': 0.9270604358799052, 'lag_15': 0.7932575227136864, 'lag_16': 0.13550599023200913, 'lag_17': 0.5216135775316767, 'lag_18': 0.8917482004469913, 'lag_19': 0.901349955497188, 'lag_20': 0.9029918065765191, 'lag_21': 0.19194521709276965, 'lag_22': 0.6652686054613915, 'lag_23': 0.95580044710297, 'lag_24': 0.7060184214935754, 'lag_25': 0.9616584607989092, 'lag_26': 0.030996104073180875, 'lag_27': 0.31166476837458645, 'lag_28': 0.9552971060363342}. Best is trial 60 with value: 0.009151790288209316.
[I 2025-09-29 13:20:47,630] Trial 64 finished with value: 0.013121580085729414 and parameters: {'lag_0': 0.46141900261427216, 'lag_1': 0.44181989818699674, 'lag_2': 0.2146547335286147, 'lag_3': 0.4720650321294607, 'lag_4': 0.7517577268985871, 'lag_5': 0.10823992601021974, 'lag_6': 0.8829627163692305, 'lag_7': 0.6552715496186943, 'lag_8': 0.07781448332870375, 'lag_9': 0.08982950571888347, 'lag_10': 0.29683767928870763, 'lag_11': 0.7656270995742185, 'lag_12': 0.8631195110345515, 'lag_13': 0.38945361390188343, 'lag_14': 0.9763308171700573, 'lag_15': 0.845248521517112, 'lag_16': 0.25286595126444666, 'lag_17': 0.31043215664692797, 'lag_18': 0.8286486709332773, 'lag_19': 0.867336965534518, 'lag_20': 0.8601840341006088, 'lag_21': 0.28398648437979634, 'lag_22': 0.5740231955145643, 'lag_23': 0.915842755671795, 'lag_24': 0.7930995396572804, 'lag_25': 0.9150032621922858, 'lag_26': 0.06881765891317339, 'lag_27': 0.19624478000697096, 'lag_28': 0.8993769025121385}. Best is trial 60 with value: 0.009151790288209316.
[I 2025-09-29 13:20:50,218] Trial 65 finished with value: 0.013494934273040923 and parameters: {'lag_0': 0.591076091769397, 'lag_1': 0.5442960892732616, 'lag_2': 0.013763116402718989, 'lag_3': 0.65584272652113, 'lag_4': 0.6233531536299062, 'lag_5': 0.016444234148512038, 'lag_6': 0.9655634880624036, 'lag_7': 0.6058635212672105, 'lag_8': 0.06400525159242332, 'lag_9': 0.0002692744212148407, 'lag_10': 0.25022846480201366, 'lag_11': 0.9466113525432801, 'lag_12': 0.7854788111177586, 'lag_13': 0.6427468752361603, 'lag_14': 0.8298115017095801, 'lag_15': 0.950905891595411, 'lag_16': 0.2914062310258133, 'lag_17': 0.4223881790454978, 'lag_18': 0.9470837758815749, 'lag_19': 0.9962486948533816, 'lag_20': 0.9804432975286775, 'lag_21': 0.37400209048790883, 'lag_22': 0.6347978729993979, 'lag_23': 0.9598149275833912, 'lag_24': 0.6492681916099274, 'lag_25': 0.9630114741672003, 'lag_26': 0.1239157891475467, 'lag_27': 0.11618995198841445, 'lag_28': 0.9078078749992868}. Best is trial 60 with value: 0.009151790288209316.
[I 2025-09-29 13:20:52,724] Trial 66 finished with value: 0.012387964843019109 and parameters: {'lag_0': 0.4905066809390226, 'lag_1': 0.514275777003956, 'lag_2': 0.1010352784843454, 'lag_3': 0.6233577941045728, 'lag_4': 0.5913825835706791, 'lag_5': 0.00033814371796958564, 'lag_6': 0.8332122001134349, 'lag_7': 0.7513806198690052, 'lag_8': 0.0013742043255990516, 'lag_9': 0.05093664519603268, 'lag_10': 0.1786049894414597, 'lag_11': 0.8577786317076487, 'lag_12': 0.9136799577591248, 'lag_13': 0.521203765687894, 'lag_14': 0.9418763511279076, 'lag_15': 0.7192550051611746, 'lag_16': 0.03858527578442575, 'lag_17': 0.5648996591959656, 'lag_18': 0.8937807561296962, 'lag_19': 0.7671998800393038, 'lag_20': 0.8011094619847192, 'lag_21': 0.4341004324764895, 'lag_22': 0.6825065267223751, 'lag_23': 0.9928808326072466, 'lag_24': 0.8300638627867656, 'lag_25': 0.9287615613124846, 'lag_26': 0.12099576685622407, 'lag_27': 0.2729814254539997, 'lag_28': 0.7981236552798621}. Best is trial 60 with value: 0.009151790288209316.
[I 2025-09-29 13:20:55,214] Trial 67 finished with value: 0.013170263492458936 and parameters: {'lag_0': 0.42561009405433997, 'lag_1': 0.39860298311234665, 'lag_2': 0.25069508007264096, 'lag_3': 0.5200688269929306, 'lag_4': 0.6749151836688834, 'lag_5': 0.1316629381783233, 'lag_6': 0.7761163130769165, 'lag_7': 0.8647769661396835, 'lag_8': 0.037987144721147954, 'lag_9': 0.13566911388069317, 'lag_10': 0.0833397582292118, 'lag_11': 0.9886676050955284, 'lag_12': 0.3818540703774827, 'lag_13': 0.4118591198348372, 'lag_14': 0.7212872259343934, 'lag_15': 0.8276940685113933, 'lag_16': 0.18401856170636732, 'lag_17': 0.5076314822475788, 'lag_18': 0.9280429145658222, 'lag_19': 0.9498269669225298, 'lag_20': 0.8778529218837062, 'lag_21': 0.46154140233963137, 'lag_22': 0.586364950391062, 'lag_23': 0.8039353927869624, 'lag_24': 0.7074406926169436, 'lag_25': 0.8760792788764837, 'lag_26': 0.18223453562746944, 'lag_27': 0.22876429200802537, 'lag_28': 0.9715998753095435}. Best is trial 60 with value: 0.009151790288209316.
[I 2025-09-29 13:20:57,705] Trial 68 finished with value: 0.013585261801696622 and parameters: {'lag_0': 0.33314065587221336, 'lag_1': 0.6480299095702968, 'lag_2': 0.1642275984851066, 'lag_3': 0.5485949828377924, 'lag_4': 0.7731296007307721, 'lag_5': 0.07125920843060679, 'lag_6': 0.8703155741878812, 'lag_7': 0.9452138852634113, 'lag_8': 0.06831059183212093, 'lag_9': 0.031907820886815534, 'lag_10': 0.08946778837624579, 'lag_11': 0.8154764014462355, 'lag_12': 0.5118146123427171, 'lag_13': 0.9696337392648262, 'lag_14': 0.8005005875318919, 'lag_15': 0.9233530947405244, 'lag_16': 0.10809480753127854, 'lag_17': 0.4153644716842189, 'lag_18': 0.8366905891760787, 'lag_19': 0.8479398081765096, 'lag_20': 0.9311323631603832, 'lag_21': 0.2064421377640696, 'lag_22': 0.7178668764178662, 'lag_23': 0.908634312085301, 'lag_24': 0.8848594417578086, 'lag_25': 0.9823242793266289, 'lag_26': 0.2898040830312914, 'lag_27': 0.19506837337339247, 'lag_28': 0.9198130258180438}. Best is trial 60 with value: 0.009151790288209316.
[I 2025-09-29 13:21:00,194] Trial 69 finished with value: 0.012856370424584939 and parameters: {'lag_0': 0.5070183520465907, 'lag_1': 0.2625890778856682, 'lag_2': 0.03087732738383467, 'lag_3': 0.720198175820968, 'lag_4': 0.8795982474333046, 'lag_5': 0.9907272378968237, 'lag_6': 0.9099485927167021, 'lag_7': 0.7903444196229961, 'lag_8': 0.5910274717201685, 'lag_9': 0.2003580069809102, 'lag_10': 0.9980963177926849, 'lag_11': 0.6344415392599452, 'lag_12': 0.8503734933428939, 'lag_13': 0.5634119668177545, 'lag_14': 0.8778345061769546, 'lag_15': 0.867599762481313, 'lag_16': 0.27807877551672816, 'lag_17': 0.5407544624761177, 'lag_18': 0.47147277387442654, 'lag_19': 0.8954180408349723, 'lag_20': 0.30227170843105, 'lag_21': 0.13937152762954425, 'lag_22': 0.540462935768006, 'lag_23': 0.8648438658440242, 'lag_24': 0.6455669247876882, 'lag_25': 0.5239770751819383, 'lag_26': 0.03022121093593657, 'lag_27': 0.359658656791725, 'lag_28': 0.8346851900274007}. Best is trial 60 with value: 0.009151790288209316.
[I 2025-09-29 13:21:02,684] Trial 70 finished with value: 0.013504353775248723 and parameters: {'lag_0': 0.5535519277530498, 'lag_1': 0.5830869244650974, 'lag_2': 0.05308193497651997, 'lag_3': 0.8047442908728388, 'lag_4': 0.4229255330044914, 'lag_5': 0.5389789603903364, 'lag_6': 0.8188139090751889, 'lag_7': 0.6256001705822687, 'lag_8': 0.12452410142935963, 'lag_9': 0.12068957324559787, 'lag_10': 0.11492708817939695, 'lag_11': 0.8940554718707333, 'lag_12': 0.7409837732518062, 'lag_13': 0.7365615452820751, 'lag_14': 0.9668538097320032, 'lag_15': 0.9747180077842561, 'lag_16': 0.1496258751709825, 'lag_17': 0.4799597171919283, 'lag_18': 0.9551348230696766, 'lag_19': 0.9606400813018765, 'lag_20': 0.8387302569792585, 'lag_21': 0.6000988946857233, 'lag_22': 0.6143784148828467, 'lag_23': 0.9338798115419716, 'lag_24': 0.7225609768694257, 'lag_25': 0.9585765000775912, 'lag_26': 0.22322092143817926, 'lag_27': 0.13096743770738173, 'lag_28': 0.5964252517856445}. Best is trial 60 with value: 0.009151790288209316.
[I 2025-09-29 13:21:05,178] Trial 71 finished with value: 0.014175633533872061 and parameters: {'lag_0': 0.6624071602854277, 'lag_1': 0.19156169592518713, 'lag_2': 0.3126699476455225, 'lag_3': 0.6030928447092754, 'lag_4': 0.05389108207541665, 'lag_5': 0.10174075218826834, 'lag_6': 0.7728655611925606, 'lag_7': 0.7170888815434925, 'lag_8': 0.03605312711653724, 'lag_9': 0.09811827506136982, 'lag_10': 0.2580652933130036, 'lag_11': 0.7873153391015092, 'lag_12': 0.8058540374163609, 'lag_13': 0.8104066321886196, 'lag_14': 0.4252654084855341, 'lag_15': 0.7178089152870754, 'lag_16': 0.8001291189580758, 'lag_17': 0.06426259044737659, 'lag_18': 0.884921637540502, 'lag_19': 0.9304968851288973, 'lag_20': 0.7768802973775822, 'lag_21': 0.41539511992322375, 'lag_22': 0.49800297730564735, 'lag_23': 0.9570975903495094, 'lag_24': 0.6655588160764248, 'lag_25': 0.21893897997992715, 'lag_26': 0.5066953994141417, 'lag_27': 0.2037237460671611, 'lag_28': 0.8775816683382162}. Best is trial 60 with value: 0.009151790288209316.
[I 2025-09-29 13:21:07,675] Trial 72 finished with value: 0.011678040376233236 and parameters: {'lag_0': 0.40875500468821174, 'lag_1': 0.0772949111081277, 'lag_2': 0.12543420420474682, 'lag_3': 0.654938081320599, 'lag_4': 0.10793207020823788, 'lag_5': 0.042234120079861034, 'lag_6': 0.9750052857673582, 'lag_7': 0.5067066266992098, 'lag_8': 0.16763803984019457, 'lag_9': 0.4681849060186316, 'lag_10': 0.3081874912742222, 'lag_11': 0.7214480326032201, 'lag_12': 0.8865864795592527, 'lag_13': 0.487918721142678, 'lag_14': 0.9999082055754538, 'lag_15': 0.7481620022899025, 'lag_16': 0.965225992384275, 'lag_17': 0.2967053732588458, 'lag_18': 0.39022992900215087, 'lag_19': 0.15039407258398907, 'lag_20': 0.9561316183913643, 'lag_21': 0.31792249872285616, 'lag_22': 0.4619069013922171, 'lag_23': 0.8998024611876261, 'lag_24': 0.07754880835875849, 'lag_25': 0.07853600157977231, 'lag_26': 0.055604598852040776, 'lag_27': 0.5249953383383545, 'lag_28': 0.9393297665351907}. Best is trial 60 with value: 0.009151790288209316.
[I 2025-09-29 13:21:10,171] Trial 73 finished with value: 0.013906012169610798 and parameters: {'lag_0': 0.5652222233518966, 'lag_1': 0.15613956195978027, 'lag_2': 0.4086569200086672, 'lag_3': 0.4354505331566402, 'lag_4': 0.8284051924606766, 'lag_5': 0.05049595304189622, 'lag_6': 0.6666749850413072, 'lag_7': 0.293021151900569, 'lag_8': 0.02838403903289968, 'lag_9': 0.560809873523504, 'lag_10': 0.1865245284292047, 'lag_11': 0.7660431945614524, 'lag_12': 0.6882665587438549, 'lag_13': 0.6236059918021483, 'lag_14': 0.8406710193242748, 'lag_15': 0.3099072055325716, 'lag_16': 0.8478223020381572, 'lag_17': 0.33023932697264885, 'lag_18': 0.2462353192094789, 'lag_19': 0.3476911207140604, 'lag_20': 0.20976854061194683, 'lag_21': 0.36320837467302264, 'lag_22': 0.420773757838238, 'lag_23': 0.8363010855195241, 'lag_24': 0.5686075462941385, 'lag_25': 0.0075180007868044935, 'lag_26': 0.013114478845635817, 'lag_27': 0.04345473808634945, 'lag_28': 0.7801391555875565}. Best is trial 60 with value: 0.009151790288209316.
[I 2025-09-29 13:21:12,670] Trial 74 finished with value: 0.013037610377037285 and parameters: {'lag_0': 0.5966040904382168, 'lag_1': 0.03267255428514755, 'lag_2': 0.07503837701466762, 'lag_3': 0.4892504705079003, 'lag_4': 0.7345316509165589, 'lag_5': 0.08734886411118852, 'lag_6': 0.7212318312273776, 'lag_7': 0.5741669401774152, 'lag_8': 0.08101511588240103, 'lag_9': 0.041895366383660586, 'lag_10': 0.8914977804600419, 'lag_11': 0.6618378459729892, 'lag_12': 0.7503730455373072, 'lag_13': 0.5842089133213049, 'lag_14': 0.9102957949030499, 'lag_15': 0.6508928759141325, 'lag_16': 0.32322485355863745, 'lag_17': 0.44590235870299255, 'lag_18': 0.3081456884255649, 'lag_19': 0.25993243402543365, 'lag_20': 0.7340571551661309, 'lag_21': 0.3944681345216524, 'lag_22': 0.5761905716339331, 'lag_23': 0.9988977206786381, 'lag_24': 0.5396726818092759, 'lag_25': 0.9074194045188063, 'lag_26': 0.6284534918857505, 'lag_27': 0.27156542381569504, 'lag_28': 0.8777491073598228}. Best is trial 60 with value: 0.009151790288209316.
[I 2025-09-29 13:21:15,167] Trial 75 finished with value: 0.013260074764401783 and parameters: {'lag_0': 0.5152423221620366, 'lag_1': 0.08368546963780525, 'lag_2': 0.5579395595976534, 'lag_3': 0.7607497084128065, 'lag_4': 0.5275660174884993, 'lag_5': 0.14223839499382238, 'lag_6': 0.9282094916531248, 'lag_7': 0.8223270995589281, 'lag_8': 0.12106278426091921, 'lag_9': 0.6802688350557526, 'lag_10': 0.711722121114426, 'lag_11': 0.7424642100843336, 'lag_12': 0.8289858482772889, 'lag_13': 0.4788505686568756, 'lag_14': 0.8858506865391047, 'lag_15': 0.7676698744729429, 'lag_16': 0.1974257140354328, 'lag_17': 0.9531421797559589, 'lag_18': 0.5464180973637681, 'lag_19': 0.9884510601764578, 'lag_20': 0.8877434521179871, 'lag_21': 0.5618348419834164, 'lag_22': 0.5309580056715433, 'lag_23': 0.924586002516548, 'lag_24': 0.022669634222421298, 'lag_25': 0.428182393937399, 'lag_26': 0.12259572597343109, 'lag_27': 0.4121623707642526, 'lag_28': 0.9909390329106752}. Best is trial 60 with value: 0.009151790288209316.
[I 2025-09-29 13:21:17,658] Trial 76 finished with value: 0.011008935044728944 and parameters: {'lag_0': 0.7669947852284048, 'lag_1': 0.32282832671547323, 'lag_2': 0.8163934164118352, 'lag_3': 0.7095898332062743, 'lag_4': 0.3645469956043773, 'lag_5': 0.02915041885823195, 'lag_6': 0.8234664433740295, 'lag_7': 0.6591992721849362, 'lag_8': 0.05617583020892188, 'lag_9': 0.42347512139362853, 'lag_10': 0.7832213500575016, 'lag_11': 0.8058865360980271, 'lag_12': 0.30091528624852854, 'lag_13': 0.8622215885806515, 'lag_14': 0.2779415853225672, 'lag_15': 0.4291747200534688, 'lag_16': 0.5269693605552936, 'lag_17': 0.2219495656814385, 'lag_18': 0.6680144477661236, 'lag_19': 0.04278636154934711, 'lag_20': 0.6311637589943189, 'lag_21': 0.7050367634297467, 'lag_22': 0.3788891032603582, 'lag_23': 0.7704178347766564, 'lag_24': 0.7724921085825347, 'lag_25': 0.31095170783340836, 'lag_26': 0.5577302206192818, 'lag_27': 0.07096041768450012, 'lag_28': 0.8225392766873502}. Best is trial 60 with value: 0.009151790288209316.
[I 2025-09-29 13:21:20,273] Trial 77 finished with value: 0.01243224498941296 and parameters: {'lag_0': 0.45062934776507757, 'lag_1': 0.3585477799619877, 'lag_2': 0.19883370332216793, 'lag_3': 0.7097051176231041, 'lag_4': 0.44026298806669706, 'lag_5': 0.6778374854848419, 'lag_6': 0.1989911253640475, 'lag_7': 0.6550007388777812, 'lag_8': 0.054597083449481915, 'lag_9': 0.1507394477515442, 'lag_10': 0.9553905982221381, 'lag_11': 0.8715792137807014, 'lag_12': 0.31857448544884936, 'lag_13': 0.8069512649512548, 'lag_14': 0.562276980945381, 'lag_15': 0.4308943771733579, 'lag_16': 0.561072189752288, 'lag_17': 0.2086713332549806, 'lag_18': 0.6908549103721191, 'lag_19': 0.8627437135777505, 'lag_20': 0.47736789764526644, 'lag_21': 0.6926145205582372, 'lag_22': 0.36482754380200366, 'lag_23': 0.8690110836629403, 'lag_24': 0.7635312907540388, 'lag_25': 0.35274189613298346, 'lag_26': 0.6483747044947628, 'lag_27': 0.06799825767594375, 'lag_28': 0.1476472737318876}. Best is trial 60 with value: 0.009151790288209316.
[I 2025-09-29 13:21:22,780] Trial 78 finished with value: 0.013387501070012006 and parameters: {'lag_0': 0.7855516831268449, 'lag_1': 0.3154209815585971, 'lag_2': 0.0004000224137594155, 'lag_3': 0.8331577205712083, 'lag_4': 0.3848515812660318, 'lag_5': 0.7761701883278165, 'lag_6': 0.8211814610658348, 'lag_7': 0.7786661834030214, 'lag_8': 0.0010920092482874927, 'lag_9': 0.7594836867088348, 'lag_10': 0.7917530053855163, 'lag_11': 0.7021873509949048, 'lag_12': 0.28856989657986354, 'lag_13': 0.8736941674289868, 'lag_14': 0.3750863276942674, 'lag_15': 0.5064451951819595, 'lag_16': 0.43506934943412845, 'lag_17': 0.11661273651155002, 'lag_18': 0.71866931597788, 'lag_19': 0.7696793736796607, 'lag_20': 0.8208363140530769, 'lag_21': 0.6510173066915164, 'lag_22': 0.965284703377163, 'lag_23': 0.7755314704872887, 'lag_24': 0.1329856928707065, 'lag_25': 0.1275894605242214, 'lag_26': 0.18069101172747087, 'lag_27': 0.13860149469325128, 'lag_28': 0.8107349403540045}. Best is trial 60 with value: 0.009151790288209316.
[I 2025-09-29 13:21:25,290] Trial 79 finished with value: 0.013141590957132882 and parameters: {'lag_0': 0.698632682013932, 'lag_1': 0.4178033518090256, 'lag_2': 0.26925593142871085, 'lag_3': 0.7500907658719775, 'lag_4': 0.7987227970568903, 'lag_5': 0.4690162417467981, 'lag_6': 0.8680313387126837, 'lag_7': 0.7361451372561436, 'lag_8': 0.09637313146288085, 'lag_9': 0.02376028460276377, 'lag_10': 0.37165032764636596, 'lag_11': 0.8201721008988757, 'lag_12': 0.44761886045926386, 'lag_13': 0.8340364496847769, 'lag_14': 0.06429148532621265, 'lag_15': 0.6040282244107651, 'lag_16': 0.06329173331608065, 'lag_17': 0.260494381062765, 'lag_18': 0.6227714839099538, 'lag_19': 0.8120326563512852, 'lag_20': 0.6272360419476111, 'lag_21': 0.29616289932998885, 'lag_22': 0.2685940370713319, 'lag_23': 0.9706922540998127, 'lag_24': 0.8325393297106232, 'lag_25': 0.9320604405844739, 'lag_26': 0.5523169479732892, 'lag_27': 0.11030224562047844, 'lag_28': 0.039630249366877424}. Best is trial 60 with value: 0.009151790288209316.
[I 2025-09-29 13:21:27,797] Trial 80 finished with value: 0.010512594470508521 and parameters: {'lag_0': 0.6396149837914253, 'lag_1': 0.9992995972919074, 'lag_2': 0.8115854070787082, 'lag_3': 0.5525119899645163, 'lag_4': 0.33140236731196, 'lag_5': 0.036683015092547594, 'lag_6': 0.8969429704268688, 'lag_7': 0.893488782517128, 'lag_8': 0.22351880200886518, 'lag_9': 0.07110511891243226, 'lag_10': 0.8485106255125057, 'lag_11': 0.9568744390137128, 'lag_12': 0.4015304979396854, 'lag_13': 0.35462040544529516, 'lag_14': 0.18456939438180175, 'lag_15': 0.8451314894731655, 'lag_16': 0.7383640490317969, 'lag_17': 0.16224137733329494, 'lag_18': 0.6690369793060178, 'lag_19': 0.03865047372990271, 'lag_20': 0.5492952056144685, 'lag_21': 0.728734354298599, 'lag_22': 0.21146440100882113, 'lag_23': 0.9436908696778652, 'lag_24': 0.7987096484012811, 'lag_25': 0.1953874902892942, 'lag_26': 0.06941538208015942, 'lag_27': 0.015926307638085002, 'lag_28': 0.7524036296301679}. Best is trial 60 with value: 0.009151790288209316.
[I 2025-09-29 13:21:30,305] Trial 81 finished with value: 0.012303453091800517 and parameters: {'lag_0': 0.744016748529395, 'lag_1': 0.9428432948775448, 'lag_2': 0.8221843305125551, 'lag_3': 0.5381945514869287, 'lag_4': 0.3399498422034043, 'lag_5': 0.0243974834199783, 'lag_6': 0.8984055534331273, 'lag_7': 0.8977515227004361, 'lag_8': 0.06560695896558619, 'lag_9': 0.06877041386091744, 'lag_10': 0.8538804657217924, 'lag_11': 0.9684498325498335, 'lag_12': 0.3557335529074386, 'lag_13': 0.3576328829549158, 'lag_14': 0.18101318786156934, 'lag_15': 0.9106263440169784, 'lag_16': 0.6869965927099544, 'lag_17': 0.1855664014418087, 'lag_18': 0.6500261924471871, 'lag_19': 0.04301898321208608, 'lag_20': 0.562218816441073, 'lag_21': 0.7370746212250326, 'lag_22': 0.1746832594070541, 'lag_23': 0.936255345035536, 'lag_24': 0.9144625731782445, 'lag_25': 0.16703267465098162, 'lag_26': 0.08007779343183292, 'lag_27': 0.029202574657817504, 'lag_28': 0.7223190501641473}. Best is trial 60 with value: 0.009151790288209316.
[I 2025-09-29 13:21:32,792] Trial 82 finished with value: 0.012693696220051509 and parameters: {'lag_0': 0.6137889781277704, 'lag_1': 0.99886215582588, 'lag_2': 0.6792117090413006, 'lag_3': 0.5855653554007273, 'lag_4': 0.2785543041415883, 'lag_5': 0.06601131631615585, 'lag_6': 0.9468285874226728, 'lag_7': 0.9790419331705528, 'lag_8': 0.21808150674892934, 'lag_9': 0.10607450092287846, 'lag_10': 0.8083574926894569, 'lag_11': 0.9267900338985555, 'lag_12': 0.33735722975379073, 'lag_13': 0.9135669911802502, 'lag_14': 0.1878161609612752, 'lag_15': 0.8226711276535618, 'lag_16': 0.7500872005546312, 'lag_17': 0.1142755034331344, 'lag_18': 0.7805941290112928, 'lag_19': 0.09691134587063498, 'lag_20': 0.5359725794295116, 'lag_21': 0.6895058433137241, 'lag_22': 0.6503428556759406, 'lag_23': 0.9016254711599345, 'lag_24': 0.8172501528114351, 'lag_25': 0.20967644701818863, 'lag_26': 0.03327404325577526, 'lag_27': 0.007571747816630281, 'lag_28': 0.666852198098479}. Best is trial 60 with value: 0.009151790288209316.
