[I 2025-09-29 13:10:02,380] Trial 83 finished with value: 0.0101309065576217 and parameters: {'lag_0': 0.6050676393594975, 'lag_1': 0.9231104703374886, 'lag_2': 0.7939908685960455, 'lag_3': 0.2550097965236082, 'lag_4': 0.526821653528928, 'lag_5': 0.03237175231516996, 'lag_6': 0.16860675906981418, 'lag_7': 0.4064196157057471, 'lag_8': 0.7763306427520645, 'lag_9': 0.4853838116665704, 'lag_10': 0.4516063096153752, 'lag_11': 0.5076178626621926, 'lag_12': 0.647943746606678, 'lag_13': 0.3084233113113142, 'lag_14': 0.8114496469124374, 'lag_15': 0.8741475392904932, 'lag_16': 0.07358550729336008, 'lag_17': 0.1112726290854859, 'lag_18': 0.3740215317376701, 'lag_19': 0.2714794882736681, 'lag_20': 0.25504303450785704, 'lag_21': 0.06883993282708216, 'lag_22': 0.8435406370273035, 'lag_23': 0.9426710978862708, 'lag_24': 0.9423504187979164, 'lag_25': 0.7040600796261426, 'lag_26': 0.651046369159735, 'lag_27': 0.29737920201804163, 'lag_28': 0.8001694901136445}. Best is trial 50 with value: 0.009225110034907438.
[I 2025-09-29 13:10:04,884] Trial 84 finished with value: 0.010075650529080183 and parameters: {'lag_0': 0.6437295821227047, 'lag_1': 0.06354887370085266, 'lag_2': 0.8775919270508987, 'lag_3': 0.15482611990110964, 'lag_4': 0.15993031027534824, 'lag_5': 0.18443120843045913, 'lag_6': 0.9649795226994766, 'lag_7': 0.6216730443351774, 'lag_8': 0.606549252232137, 'lag_9': 0.5156039876418395, 'lag_10': 0.6107072159989247, 'lag_11': 0.07196102629654332, 'lag_12': 0.47160409742640674, 'lag_13': 0.2612645419524306, 'lag_14': 0.9558553832457413, 'lag_15': 0.9417849091651027, 'lag_16': 0.19369705015904076, 'lag_17': 0.1595548453999272, 'lag_18': 0.2914186046632984, 'lag_19': 0.16748811134723113, 'lag_20': 0.5310207762520982, 'lag_21': 0.1683869937469985, 'lag_22': 0.6382892496263707, 'lag_23': 0.847960826467269, 'lag_24': 0.7183515760656637, 'lag_25': 0.8185691529579705, 'lag_26': 0.5135397640077124, 'lag_27': 0.3767237839091789, 'lag_28': 0.1632944756485701}. Best is trial 50 with value: 0.009225110034907438.
[I 2025-09-29 13:10:07,378] Trial 85 finished with value: 0.009864279511492144 and parameters: {'lag_0': 0.7910070300614243, 'lag_1': 0.5508089983979672, 'lag_2': 0.9749724364596121, 'lag_3': 0.358277072667851, 'lag_4': 0.4231885098636737, 'lag_5': 0.05658208520213208, 'lag_6': 0.1192877532518122, 'lag_7': 0.5470976955540887, 'lag_8': 0.3446264716408676, 'lag_9': 0.46550809357050177, 'lag_10': 0.2156615330351968, 'lag_11': 0.7054621498590135, 'lag_12': 0.4001966680083545, 'lag_13': 0.5361373601436029, 'lag_14': 0.16964923122389897, 'lag_15': 0.9085355377156771, 'lag_16': 0.11313846564754963, 'lag_17': 0.06681235378058382, 'lag_18': 0.4124642078904843, 'lag_19': 0.3557923141067393, 'lag_20': 0.07005197252679357, 'lag_21': 0.8977333282971482, 'lag_22': 0.5956288276509403, 'lag_23': 0.997911615553171, 'lag_24': 0.8170753788502053, 'lag_25': 0.7839857934304517, 'lag_26': 0.1353760673259546, 'lag_27': 0.21450815064970677, 'lag_28': 0.24887452067095828}. Best is trial 50 with value: 0.009225110034907438.
[I 2025-09-29 13:10:09,881] Trial 86 finished with value: 0.010430797953026977 and parameters: {'lag_0': 0.5487086888238187, 'lag_1': 0.7130695103983152, 'lag_2': 0.7363252820781309, 'lag_3': 0.4721487401589987, 'lag_4': 0.5839945346330002, 'lag_5': 0.46855896920037576, 'lag_6': 0.667952271546719, 'lag_7': 0.4953364275328647, 'lag_8': 0.7423191525722083, 'lag_9': 0.3700478293548687, 'lag_10': 0.532703199868559, 'lag_11': 0.03454435466684307, 'lag_12': 0.16083706177692875, 'lag_13': 0.36660813492691674, 'lag_14': 0.8924369849934258, 'lag_15': 0.8123170921997628, 'lag_16': 0.3978634090621037, 'lag_17': 0.20423383119089597, 'lag_18': 0.18285612636959958, 'lag_19': 0.6830547751189284, 'lag_20': 0.7352080260699254, 'lag_21': 0.015302002599284895, 'lag_22': 0.7153447153792077, 'lag_23': 0.9318158776299578, 'lag_24': 0.7847610383481328, 'lag_25': 0.4053506139307838, 'lag_26': 0.6132728241793193, 'lag_27': 0.26976351871611925, 'lag_28': 0.11132187902697671}. Best is trial 50 with value: 0.009225110034907438.
[I 2025-09-29 13:10:12,385] Trial 87 finished with value: 0.009285877832332604 and parameters: {'lag_0': 0.8614576465573531, 'lag_1': 0.8240783654124407, 'lag_2': 0.8171528543647909, 'lag_3': 0.5174196451923992, 'lag_4': 0.12901156309137707, 'lag_5': 0.13920077736866632, 'lag_6': 0.9001325393536302, 'lag_7': 0.7811283809048634, 'lag_8': 0.804804089564247, 'lag_9': 0.7381881156067032, 'lag_10': 0.4205369876876518, 'lag_11': 0.38997804757510157, 'lag_12': 0.29530130038535596, 'lag_13': 0.63012235396256, 'lag_14': 0.577682537129389, 'lag_15': 0.9965105752239181, 'lag_16': 0.647646351238646, 'lag_17': 0.4637748767002867, 'lag_18': 0.13544397298429556, 'lag_19': 0.4431294190758769, 'lag_20': 0.6088132966460371, 'lag_21': 0.1869955999434056, 'lag_22': 0.4216440648882817, 'lag_23': 0.18427325176979537, 'lag_24': 0.0734250774190307, 'lag_25': 0.5781152655121062, 'lag_26': 0.41019351137812515, 'lag_27': 0.12341156620574245, 'lag_28': 0.9286291050761616}. Best is trial 50 with value: 0.009225110034907438.
[I 2025-09-29 13:10:14,885] Trial 88 finished with value: 0.009967530245656313 and parameters: {'lag_0': 0.8745371266623944, 'lag_1': 0.8973387623511075, 'lag_2': 0.8528977164874377, 'lag_3': 0.5167280147267389, 'lag_4': 0.028774196964002907, 'lag_5': 0.12335631820618037, 'lag_6': 0.22593868418950608, 'lag_7': 0.7789584473868769, 'lag_8': 0.8128405130487704, 'lag_9': 0.7770635759664941, 'lag_10': 0.4715636986009329, 'lag_11': 0.4462622269355648, 'lag_12': 0.2713424033099166, 'lag_13': 0.7283147430889803, 'lag_14': 0.5684055211017011, 'lag_15': 0.9973972441206712, 'lag_16': 0.665679712009472, 'lag_17': 0.5234749025489415, 'lag_18': 0.04547670123421901, 'lag_19': 0.15066808283961738, 'lag_20': 0.6086737915676245, 'lag_21': 0.5786017000320054, 'lag_22': 0.3397791352329712, 'lag_23': 0.07924119993597305, 'lag_24': 0.15774867951825072, 'lag_25': 0.5770746223306026, 'lag_26': 0.3505307048041101, 'lag_27': 0.12278189000014833, 'lag_28': 0.058196548653010924}. Best is trial 50 with value: 0.009225110034907438.
[I 2025-09-29 13:10:17,385] Trial 89 finished with value: 0.009933975999653566 and parameters: {'lag_0': 0.9618109334923757, 'lag_1': 0.8712809461815798, 'lag_2': 0.8284129371816602, 'lag_3': 0.5577743667764388, 'lag_4': 0.49404190972693146, 'lag_5': 0.14644843004767108, 'lag_6': 0.13647967787309692, 'lag_7': 0.8315509135695286, 'lag_8': 0.9433945241698081, 'lag_9': 0.7388390190437704, 'lag_10': 0.41693461969131584, 'lag_11': 0.4076278439892774, 'lag_12': 0.1930905982238025, 'lag_13': 0.6531847613349757, 'lag_14': 0.5881694956118244, 'lag_15': 0.9706893719905975, 'lag_16': 0.6298299600213217, 'lag_17': 0.46514460629498283, 'lag_18': 0.14547438656234565, 'lag_19': 0.3392560109513595, 'lag_20': 0.652159097215693, 'lag_21': 0.23766443930655692, 'lag_22': 0.4149219123276421, 'lag_23': 0.1878366094124342, 'lag_24': 0.5225514363726842, 'lag_25': 0.6564768960155165, 'lag_26': 0.41544795159282144, 'lag_27': 0.08190624753035186, 'lag_28': 0.4541214109876702}. Best is trial 50 with value: 0.009225110034907438.
[I 2025-09-29 13:10:19,888] Trial 90 finished with value: 0.00995154136531242 and parameters: {'lag_0': 0.8621620706521442, 'lag_1': 0.8313160443215181, 'lag_2': 0.9186305198212341, 'lag_3': 0.6766266285350158, 'lag_4': 0.18252787260617995, 'lag_5': 0.09378064173808065, 'lag_6': 0.863118172731684, 'lag_7': 0.666561323499616, 'lag_8': 0.8535378949357972, 'lag_9': 0.8244994268829863, 'lag_10': 0.3666856239826721, 'lag_11': 0.33662944780355963, 'lag_12': 0.35552025777281476, 'lag_13': 0.6372994136413891, 'lag_14': 0.6840525037532271, 'lag_15': 0.8486193342725521, 'lag_16': 0.6965113547624563, 'lag_17': 0.351837534383711, 'lag_18': 0.4806285876077767, 'lag_19': 0.4770458554055585, 'lag_20': 0.5682694952390901, 'lag_21': 0.30072197812167273, 'lag_22': 0.44207963461281174, 'lag_23': 0.24271960382144986, 'lag_24': 0.09882449118218645, 'lag_25': 0.6096848761386038, 'lag_26': 0.2987138323525509, 'lag_27': 0.646378389157367, 'lag_28': 0.9923085715941804}. Best is trial 50 with value: 0.009225110034907438.
[I 2025-09-29 13:10:22,385] Trial 91 finished with value: 0.01020332534410812 and parameters: {'lag_0': 0.49080312502258405, 'lag_1': 0.6736830708166036, 'lag_2': 0.6572687865499498, 'lag_3': 0.6217435003999576, 'lag_4': 0.1232003689439145, 'lag_5': 0.21373487903754718, 'lag_6': 0.9040991649550836, 'lag_7': 0.45921793793577237, 'lag_8': 0.787447848920605, 'lag_9': 0.6695435006136911, 'lag_10': 0.0958357065674529, 'lag_11': 0.2881052945073852, 'lag_12': 0.24343704769360028, 'lag_13': 0.5506121317931458, 'lag_14': 0.5492373196744746, 'lag_15': 0.9367463499784836, 'lag_16': 0.5605441192513663, 'lag_17': 0.6074316301677712, 'lag_18': 0.09116937947713621, 'lag_19': 0.4473781169553583, 'lag_20': 0.4669814514779256, 'lag_21': 0.5203010883060744, 'lag_22': 0.5322760192541688, 'lag_23': 0.9718284056232275, 'lag_24': 0.0345301195958403, 'lag_25': 0.5346003036222806, 'lag_26': 0.47630233240216285, 'lag_27': 0.17936789976484596, 'lag_28': 0.937802833049796}. Best is trial 50 with value: 0.009225110034907438.
[I 2025-09-29 13:10:24,884] Trial 92 finished with value: 0.009628278119896392 and parameters: {'lag_0': 0.7299202529019715, 'lag_1': 0.27375594007135917, 'lag_2': 0.8730194290550939, 'lag_3': 0.5276590732628913, 'lag_4': 0.10105781061686168, 'lag_5': 0.23849315637601204, 'lag_6': 0.9925935404678705, 'lag_7': 0.4190897742787132, 'lag_8': 0.6369798688759265, 'lag_9': 0.7282764532412527, 'lag_10': 0.2610058922375168, 'lag_11': 0.36648226239772347, 'lag_12': 0.2940669515314171, 'lag_13': 0.6124186605692542, 'lag_14': 0.631512268857386, 'lag_15': 0.9121872294438208, 'lag_16': 0.5933339046470079, 'lag_17': 0.4331526476663487, 'lag_18': 0.1226524985561604, 'lag_19': 0.5409864257400773, 'lag_20': 0.4971251513660013, 'lag_21': 0.15078194032865228, 'lag_22': 0.7538686050856082, 'lag_23': 0.9072709524721678, 'lag_24': 0.31004160605298053, 'lag_25': 0.4784363556392941, 'lag_26': 0.5464280561983555, 'lag_27': 0.134778018439024, 'lag_28': 0.9031074558017801}. Best is trial 50 with value: 0.009225110034907438.
[I 2025-09-29 13:10:27,387] Trial 93 finished with value: 0.009861998664743275 and parameters: {'lag_0': 0.8415026718423619, 'lag_1': 0.21140987188695126, 'lag_2': 0.6974923708014447, 'lag_3': 0.4105571513438068, 'lag_4': 0.21354818721049582, 'lag_5': 0.3716058291986406, 'lag_6': 0.7455299843240768, 'lag_7': 0.702150770734776, 'lag_8': 0.8816485299040364, 'lag_9': 0.6991284372397695, 'lag_10': 0.1776835334394833, 'lag_11': 0.47846563484629506, 'lag_12': 0.3055759996891215, 'lag_13': 0.6986475319618944, 'lag_14': 0.7551697151644324, 'lag_15': 0.955455512932445, 'lag_16': 0.05425198033289137, 'lag_17': 0.3933935689610431, 'lag_18': 0.44665352843996475, 'lag_19': 0.4077234436541687, 'lag_20': 0.4019226094431788, 'lag_21': 0.20112924612789754, 'lag_22': 0.4940053177478984, 'lag_23': 0.8730598627778571, 'lag_24': 0.7622518133515265, 'lag_25': 0.5537810076540187, 'lag_26': 0.43771268742838737, 'lag_27': 0.21555989315086932, 'lag_28': 0.9575703823379635}. Best is trial 50 with value: 0.009225110034907438.
[I 2025-09-29 13:10:29,888] Trial 94 finished with value: 0.010860528304965974 and parameters: {'lag_0': 0.5822159063979122, 'lag_1': 0.7848064872362644, 'lag_2': 0.11699267828388538, 'lag_3': 0.4477262984419456, 'lag_4': 0.062290116367481344, 'lag_5': 0.30415339879120706, 'lag_6': 0.9056269226003184, 'lag_7': 0.3140977695304014, 'lag_8': 0.8303446502623324, 'lag_9': 0.6324299810282726, 'lag_10': 0.4411700541453028, 'lag_11': 0.3884688652564872, 'lag_12': 0.42349638933257777, 'lag_13': 0.38414266596846147, 'lag_14': 0.5056868436731969, 'lag_15': 0.8706147226901778, 'lag_16': 0.5157145814015222, 'lag_17': 0.3087366200385174, 'lag_18': 0.1625904483966432, 'lag_19': 0.38663844502743516, 'lag_20': 0.8032790015091422, 'lag_21': 0.08270294272733589, 'lag_22': 0.8189549636213864, 'lag_23': 0.8133699809163792, 'lag_24': 0.9267182619721256, 'lag_25': 0.449196925923336, 'lag_26': 0.3870951578691906, 'lag_27': 0.5820034365986614, 'lag_28': 0.8304460095476095}. Best is trial 50 with value: 0.009225110034907438.
[I 2025-09-29 13:10:32,523] Trial 95 finished with value: 0.010288015467826006 and parameters: {'lag_0': 0.6811015805519538, 'lag_1': 0.8130247893509995, 'lag_2': 0.5489479299412031, 'lag_3': 0.3049907732040379, 'lag_4': 0.9286784925979412, 'lag_5': 0.4071207508472248, 'lag_6': 0.7912427207835933, 'lag_7': 0.36828120865531944, 'lag_8': 0.7592342905113478, 'lag_9': 0.6013556196223035, 'lag_10': 0.14520756027150236, 'lag_11': 0.5666157360750833, 'lag_12': 0.7669163968028729, 'lag_13': 0.5800249504425626, 'lag_14': 0.9365464904028311, 'lag_15': 0.9783511799382381, 'lag_16': 0.4582425221179712, 'lag_17': 0.09252207711974218, 'lag_18': 0.2000874648261842, 'lag_19': 0.3109968401625232, 'lag_20': 0.3590518193762776, 'lag_21': 0.4467377920857791, 'lag_22': 0.5644510709064015, 'lag_23': 0.7011864776967548, 'lag_24': 0.4454026395257371, 'lag_25': 0.5115257805037076, 'lag_26': 0.6753187426594727, 'lag_27': 0.5323493279735078, 'lag_28': 0.8665916100670998}. Best is trial 50 with value: 0.009225110034907438.
[I 2025-09-29 13:10:35,042] Trial 96 finished with value: 0.009913634869334364 and parameters: {'lag_0': 0.6292526783936241, 'lag_1': 0.7334335586099059, 'lag_2': 0.7557003485090531, 'lag_3': 0.47947900826382556, 'lag_4': 0.14072459690832212, 'lag_5': 0.18814417825941568, 'lag_6': 0.9323648536709612, 'lag_7': 0.8909836491650185, 'lag_8': 0.9090795306574628, 'lag_9': 0.3272481392964969, 'lag_10': 0.4959854918436473, 'lag_11': 0.4338484629684841, 'lag_12': 0.3814222746222809, 'lag_13': 0.49320262220367583, 'lag_14': 0.025262537283778586, 'lag_15': 0.8988809103446261, 'lag_16': 0.5484723744812052, 'lag_17': 0.4750105841559804, 'lag_18': 0.23622691743910576, 'lag_19': 0.27863308728159103, 'lag_20': 0.6969771550236361, 'lag_21': 0.1909216756524063, 'lag_22': 0.6547733469534434, 'lag_23': 0.9548328817694177, 'lag_24': 0.8845180517129689, 'lag_25': 0.6888633508707436, 'lag_26': 0.2631563188603655, 'lag_27': 0.10413284013600108, 'lag_28': 0.0336890203645049}. Best is trial 50 with value: 0.009225110034907438.
[I 2025-09-29 13:10:37,549] Trial 97 finished with value: 0.009595473343756088 and parameters: {'lag_0': 0.7027198906464814, 'lag_1': 0.7623365311137109, 'lag_2': 0.7823255467807362, 'lag_3': 0.05449691160640407, 'lag_4': 0.29427723879061807, 'lag_5': 0.1629292444904825, 'lag_6': 0.9605983071812312, 'lag_7': 0.14782086458964017, 'lag_8': 0.7082169915861436, 'lag_9': 0.5810194816633091, 'lag_10': 0.5438497028711324, 'lag_11': 0.09814756609982796, 'lag_12': 0.8088239531977159, 'lag_13': 0.42136884382546264, 'lag_14': 0.9799733081692532, 'lag_15': 0.8319505663044822, 'lag_16': 0.6282374032058702, 'lag_17': 0.13768525245127117, 'lag_18': 0.3168997458141235, 'lag_19': 0.4363092508786744, 'lag_20': 0.5226176945687288, 'lag_21': 0.22371678509669665, 'lag_22': 0.7651410633065948, 'lag_23': 0.8368184624235371, 'lag_24': 0.9727126350070538, 'lag_25': 0.37563242467108066, 'lag_26': 0.49282777351692375, 'lag_27': 0.4675589618875545, 'lag_28': 0.3707382126566825}. Best is trial 50 with value: 0.009225110034907438.
[I 2025-09-29 13:10:40,054] Trial 98 finished with value: 0.011074412729589672 and parameters: {'lag_0': 0.79511190733646, 'lag_1': 0.7489762664381546, 'lag_2': 0.9037386617377456, 'lag_3': 0.5788101343565677, 'lag_4': 0.2639090404172586, 'lag_5': 0.06655490473875265, 'lag_6': 0.4770120735159799, 'lag_7': 0.03570878576606623, 'lag_8': 0.9712584045527772, 'lag_9': 0.5295661247707877, 'lag_10': 0.02128678799405542, 'lag_11': 0.6014998881198301, 'lag_12': 0.48863962644705855, 'lag_13': 0.4482998506128031, 'lag_14': 0.6331187118042584, 'lag_15': 0.3883875405167859, 'lag_16': 0.1370652672977099, 'lag_17': 0.01863338708263909, 'lag_18': 0.844221077654437, 'lag_19': 0.1949850795052224, 'lag_20': 0.8572770358288703, 'lag_21': 0.16228033210688553, 'lag_22': 0.8787919710083665, 'lag_23': 0.8894764335522092, 'lag_24': 0.6369506084345321, 'lag_25': 0.7245877973407931, 'lag_26': 0.3156055320159493, 'lag_27': 0.0355398393741819, 'lag_28': 0.9205530893058341}. Best is trial 50 with value: 0.009225110034907438.
[I 2025-09-29 13:10:42,552] Trial 99 finished with value: 0.010639418233749313 and parameters: {'lag_0': 0.4509355534579386, 'lag_1': 0.11444407060208553, 'lag_2': 0.49423640784556, 'lag_3': 0.33835839855859823, 'lag_4': 0.08808372617156303, 'lag_5': 0.2726284446190109, 'lag_6': 0.8877011260172145, 'lag_7': 0.3410094516205052, 'lag_8': 0.681618826385534, 'lag_9': 0.6892576458693641, 'lag_10': 0.7264687884506447, 'lag_11': 0.3146728229387513, 'lag_12': 0.6980095516755684, 'lag_13': 0.23411430959684787, 'lag_14': 0.7880688176306963, 'lag_15': 0.9473950264314033, 'lag_16': 0.016322354873560187, 'lag_17': 0.04971341876339269, 'lag_18': 0.2703204306315941, 'lag_19': 0.8882740847669073, 'lag_20': 0.7560053934783547, 'lag_21': 0.11412755597252913, 'lag_22': 0.3009540411606981, 'lag_23': 0.9783072631108288, 'lag_24': 0.48409879352644775, 'lag_25': 0.6255514445545953, 'lag_26': 0.07435891820954038, 'lag_27': 0.7179582113484498, 'lag_28': 0.28463604390975705}. Best is trial 50 with value: 0.009225110034907438.
[I 2025-09-29 13:10:42,566] A new study created in memory with name: no-name-8270e8eb-fd7f-45d4-8e55-4e4eab01b7fd
[I 2025-09-29 13:10:45,015] Trial 0 finished with value: 0.009089968849187766 and parameters: {'lag_0': 0.7290495726382699, 'lag_1': 0.7059718278025111, 'lag_2': 0.5739323429682915, 'lag_3': 0.0026322355121565773, 'lag_4': 0.7526381795388183, 'lag_5': 0.8241239782955277, 'lag_6': 0.3323786813126419, 'lag_7': 0.2507216875770345, 'lag_8': 0.728191914450034, 'lag_9': 0.21547016575638275, 'lag_10': 0.4936063331280464, 'lag_11': 0.18616883022645428, 'lag_12': 0.0095689581877458, 'lag_13': 0.7608540254797019, 'lag_14': 0.789468068184276, 'lag_15': 0.24957114886536336, 'lag_16': 0.15580147265374214, 'lag_17': 0.88800341555315, 'lag_18': 0.8123617703185102, 'lag_19': 0.3378263995968983, 'lag_20': 0.8177595184013461, 'lag_21': 0.7114982115695966, 'lag_22': 0.2361145295785643, 'lag_23': 0.03153101625082176, 'lag_24': 0.256360941866111, 'lag_25': 0.6802115634855137, 'lag_26': 0.5743828681645462, 'lag_27': 0.39399348773967774, 'lag_28': 0.23087000560661408}. Best is trial 0 with value: 0.009089968849187766.
[I 2025-09-29 13:10:47,462] Trial 1 finished with value: 0.009623836457995345 and parameters: {'lag_0': 0.2466275159506009, 'lag_1': 0.5791190404599182, 'lag_2': 0.3818365348539765, 'lag_3': 0.6904941507288864, 'lag_4': 0.21473098092791404, 'lag_5': 0.51395573159658, 'lag_6': 0.6156770923505693, 'lag_7': 0.8522905052197293, 'lag_8': 0.4534199029631841, 'lag_9': 0.49696280983346086, 'lag_10': 0.40499563238532915, 'lag_11': 0.3779783613058665, 'lag_12': 0.1637292514336651, 'lag_13': 0.042139070972924325, 'lag_14': 0.5556825324137875, 'lag_15': 0.6296192760916144, 'lag_16': 0.4397770588205111, 'lag_17': 0.28849140775693816, 'lag_18': 0.013200676281812925, 'lag_19': 0.8028723347930742, 'lag_20': 0.2703247287866217, 'lag_21': 0.5519865235974185, 'lag_22': 0.7717651630053813, 'lag_23': 0.2668679355080934, 'lag_24': 0.7151848557137312, 'lag_25': 0.33309122453718665, 'lag_26': 0.7587144836216316, 'lag_27': 0.5903880503181983, 'lag_28': 0.8033460917335243}. Best is trial 0 with value: 0.009089968849187766.
[I 2025-09-29 13:10:49,916] Trial 2 finished with value: 0.009387886944164764 and parameters: {'lag_0': 0.8018351926672235, 'lag_1': 0.6244833433655819, 'lag_2': 0.7253200431789175, 'lag_3': 0.8003510062795113, 'lag_4': 0.33516490348870576, 'lag_5': 0.2171122291573959, 'lag_6': 0.9813401038710059, 'lag_7': 0.8827146077653438, 'lag_8': 0.5200730500050851, 'lag_9': 0.6364355213468788, 'lag_10': 0.3440131916190945, 'lag_11': 0.6809881116416672, 'lag_12': 0.994679918082045, 'lag_13': 0.928772117257697, 'lag_14': 0.042836305420191886, 'lag_15': 0.4399717697654657, 'lag_16': 0.36629022770106895, 'lag_17': 0.8512905505082468, 'lag_18': 0.455656358085412, 'lag_19': 0.531709777857645, 'lag_20': 0.23348281002593113, 'lag_21': 0.34939265643518125, 'lag_22': 0.7736411822963316, 'lag_23': 0.27194039748162485, 'lag_24': 0.8873375985838081, 'lag_25': 0.2107732393697944, 'lag_26': 0.8930241955531928, 'lag_27': 0.9786837516423683, 'lag_28': 0.4072614744585631}. Best is trial 0 with value: 0.009089968849187766.
[I 2025-09-29 13:10:52,373] Trial 3 finished with value: 0.01013078449546767 and parameters: {'lag_0': 0.9219645982876811, 'lag_1': 0.09010455007030528, 'lag_2': 0.4001532879630001, 'lag_3': 0.9592459696621818, 'lag_4': 0.7429862885688027, 'lag_5': 0.5896591465683039, 'lag_6': 0.3480599142677828, 'lag_7': 0.37367559782438936, 'lag_8': 0.2671521259730691, 'lag_9': 0.46645996916650917, 'lag_10': 0.9985869211079825, 'lag_11': 0.029473514695896305, 'lag_12': 0.8451081338632265, 'lag_13': 0.4635774334181078, 'lag_14': 0.9930860116613454, 'lag_15': 0.3900634705450602, 'lag_16': 0.16877480649489135, 'lag_17': 0.0763613394452564, 'lag_18': 0.006998397471645592, 'lag_19': 0.6316112478590137, 'lag_20': 0.6026721850795398, 'lag_21': 0.06517841612732153, 'lag_22': 0.16693363478400364, 'lag_23': 0.08630574567729492, 'lag_24': 0.599735811819794, 'lag_25': 0.3846216851233933, 'lag_26': 0.7651342389761077, 'lag_27': 0.0577374495734997, 'lag_28': 0.5914297291331221}. Best is trial 0 with value: 0.009089968849187766.
