[I 2025-09-29 13:08:11,981] Trial 40 finished with value: 0.0027718360505783603 and parameters: {'lag_0': 0.37781718359300465, 'lag_1': 0.6233277741176081, 'lag_2': 0.1775513374139726, 'lag_3': 0.8918671260546673, 'lag_4': 0.9328513275350094, 'lag_5': 0.32152567629764517, 'lag_6': 0.9381591991058306, 'lag_7': 0.6806485666865183, 'lag_8': 0.6814622167413033, 'lag_9': 0.42645198873483964, 'lag_10': 0.9170680333636172, 'lag_11': 0.9925977585250166, 'lag_12': 0.38421571891287126, 'lag_13': 0.8011609943078628, 'lag_14': 0.9414416428905766, 'lag_15': 0.41079665570544666, 'lag_16': 0.8680900090847166, 'lag_17': 0.5826643596409965, 'lag_18': 0.3198550484412933, 'lag_19': 0.9156429528132083, 'lag_20': 0.5568642722394304, 'lag_21': 0.5762290184813446, 'lag_22': 0.7324404483056798, 'lag_23': 0.4420952336917212, 'lag_24': 0.6104122261835939, 'lag_25': 0.8600386044225714, 'lag_26': 0.5806436139909863, 'lag_27': 0.7212196476179793, 'lag_28': 0.23831808129680707}. Best is trial 29 with value: 0.0025397196559897714.
[I 2025-09-29 13:08:14,548] Trial 41 finished with value: 0.002811507608539353 and parameters: {'lag_0': 0.16304159153937295, 'lag_1': 0.30998891422166736, 'lag_2': 0.29333476787209967, 'lag_3': 0.674779888937277, 'lag_4': 0.4176777271909843, 'lag_5': 0.9168985503548868, 'lag_6': 0.9811125387552502, 'lag_7': 0.27252530788125, 'lag_8': 0.8089376181383086, 'lag_9': 0.5345069853945025, 'lag_10': 0.6515883315456368, 'lag_11': 0.631058438870955, 'lag_12': 0.6903006165692084, 'lag_13': 0.6303756120098196, 'lag_14': 0.8511589646163834, 'lag_15': 0.30135892257448893, 'lag_16': 0.5341270620115962, 'lag_17': 0.3937731806635806, 'lag_18': 0.7669598717343015, 'lag_19': 0.4842656517277025, 'lag_20': 0.370506069878883, 'lag_21': 0.6754398018360677, 'lag_22': 0.36913160498388975, 'lag_23': 0.3649061350145382, 'lag_24': 0.7083930297277654, 'lag_25': 0.6778614931434677, 'lag_26': 0.3884299307476708, 'lag_27': 0.5380961953376331, 'lag_28': 0.3556484521053527}. Best is trial 29 with value: 0.0025397196559897714.
[I 2025-09-29 13:08:17,031] Trial 42 finished with value: 0.004436202934597874 and parameters: {'lag_0': 0.17925377954920904, 'lag_1': 0.2805597711342712, 'lag_2': 0.40067679070052403, 'lag_3': 0.809105679526947, 'lag_4': 0.326046890505616, 'lag_5': 0.9904025532708012, 'lag_6': 0.9942107490101001, 'lag_7': 0.3501225660681596, 'lag_8': 0.8368686625233703, 'lag_9': 0.0034426866461347294, 'lag_10': 0.7241259115187663, 'lag_11': 0.5886418115231397, 'lag_12': 0.7883229111757162, 'lag_13': 0.5387389430770068, 'lag_14': 0.9193427996005299, 'lag_15': 0.2928464215658221, 'lag_16': 0.036932981975516754, 'lag_17': 0.3106922704687735, 'lag_18': 0.39505271632259675, 'lag_19': 0.4305399540631824, 'lag_20': 0.7509359482175064, 'lag_21': 0.6144941074946816, 'lag_22': 0.3011725680237262, 'lag_23': 0.2821941848264292, 'lag_24': 0.7881152973091183, 'lag_25': 0.5260222207399646, 'lag_26': 0.2841208861577484, 'lag_27': 0.41135060183015676, 'lag_28': 0.44743364471899666}. Best is trial 29 with value: 0.0025397196559897714.
[I 2025-09-29 13:08:19,509] Trial 43 finished with value: 0.0028383131600012933 and parameters: {'lag_0': 0.06327998327855348, 'lag_1': 0.986913675321585, 'lag_2': 0.3378603266213589, 'lag_3': 0.8862086761078267, 'lag_4': 0.48265733104631936, 'lag_5': 0.8153942075491355, 'lag_6': 0.8710161277073676, 'lag_7': 0.36114216951564904, 'lag_8': 0.7650071682605853, 'lag_9': 0.7466088571904612, 'lag_10': 0.8260635039282919, 'lag_11': 0.7375103604824425, 'lag_12': 0.4624322720221833, 'lag_13': 0.4726938551179061, 'lag_14': 0.7563243818527472, 'lag_15': 0.9971329894970088, 'lag_16': 0.5513384865774612, 'lag_17': 0.354731947916912, 'lag_18': 0.643410528166696, 'lag_19': 0.5348018507236294, 'lag_20': 0.12110000848229482, 'lag_21': 0.4901408690426228, 'lag_22': 0.603175168526547, 'lag_23': 0.19577089954589164, 'lag_24': 0.6897055608830149, 'lag_25': 0.7542236048593365, 'lag_26': 0.20847020921925327, 'lag_27': 0.5465641738901879, 'lag_28': 0.27383371166823234}. Best is trial 29 with value: 0.0025397196559897714.
[I 2025-09-29 13:08:21,979] Trial 44 finished with value: 0.0029096218435410827 and parameters: {'lag_0': 0.6995194205253628, 'lag_1': 0.3527460703696419, 'lag_2': 0.14310518604372302, 'lag_3': 0.7929808292113266, 'lag_4': 0.19096056822829333, 'lag_5': 0.6393833331162135, 'lag_6': 0.9419492783070688, 'lag_7': 0.5350857930175945, 'lag_8': 0.9517747768560955, 'lag_9': 0.4981191442769416, 'lag_10': 0.7700640863066948, 'lag_11': 0.6472657110144647, 'lag_12': 0.3161603160476003, 'lag_13': 0.7025394311766859, 'lag_14': 0.9560127597962991, 'lag_15': 0.3901917185789784, 'lag_16': 0.48733460194656697, 'lag_17': 0.5220233969171013, 'lag_18': 0.7009830503681276, 'lag_19': 0.5954597502200394, 'lag_20': 0.4354673852271772, 'lag_21': 0.8209595888965182, 'lag_22': 0.818048604174888, 'lag_23': 0.4481970157128399, 'lag_24': 0.6361621862002536, 'lag_25': 0.9956181597444121, 'lag_26': 0.3922271325315393, 'lag_27': 0.2939286909702176, 'lag_28': 0.5026957660994522}. Best is trial 29 with value: 0.0025397196559897714.
[I 2025-09-29 13:08:24,452] Trial 45 finished with value: 0.0029192675391063265 and parameters: {'lag_0': 0.26560851137802677, 'lag_1': 0.18975527104898787, 'lag_2': 0.2515000614467878, 'lag_3': 0.7374631496022748, 'lag_4': 0.2717712350532132, 'lag_5': 0.8739473473409044, 'lag_6': 0.825914187226878, 'lag_7': 0.40730552427709393, 'lag_8': 0.596382169328433, 'lag_9': 0.5838238287865983, 'lag_10': 0.5869546966575658, 'lag_11': 0.43088268134016944, 'lag_12': 0.606046436454656, 'lag_13': 0.117018102476449, 'lag_14': 0.03354215699151536, 'lag_15': 0.49446176017285876, 'lag_16': 0.3659439782816267, 'lag_17': 0.25804422985264897, 'lag_18': 0.5799383784965391, 'lag_19': 0.37399039253259003, 'lag_20': 0.9514351570234255, 'lag_21': 0.6850717280609777, 'lag_22': 0.9141747396888829, 'lag_23': 0.3627869629458275, 'lag_24': 0.5491577778929425, 'lag_25': 0.8278092495322792, 'lag_26': 0.44937432359765683, 'lag_27': 0.9878800637969914, 'lag_28': 0.34018153270818924}. Best is trial 29 with value: 0.0025397196559897714.
[I 2025-09-29 13:08:26,925] Trial 46 finished with value: 0.003064839233409183 and parameters: {'lag_0': 0.599286449905462, 'lag_1': 0.4612601199976052, 'lag_2': 0.1021338443307774, 'lag_3': 0.3681552758146216, 'lag_4': 0.8429860682238014, 'lag_5': 0.9068730347022322, 'lag_6': 0.7380815032808428, 'lag_7': 0.7719784396329552, 'lag_8': 0.8892406663035659, 'lag_9': 0.7998400540583186, 'lag_10': 0.667700045583364, 'lag_11': 0.5309100703192642, 'lag_12': 0.7530322921963569, 'lag_13': 0.0013095555243822776, 'lag_14': 0.6542024543141639, 'lag_15': 0.5823674186114305, 'lag_16': 0.6284054534199301, 'lag_17': 0.15593937909371508, 'lag_18': 0.7230256532457515, 'lag_19': 0.3062540854224496, 'lag_20': 0.7428543935011066, 'lag_21': 0.7410865066172825, 'lag_22': 0.4364236737570831, 'lag_23': 0.9655498196582811, 'lag_24': 0.5084657647723598, 'lag_25': 0.7511701676358927, 'lag_26': 0.8043418729578695, 'lag_27': 0.6357002566503687, 'lag_28': 0.9488005964009023}. Best is trial 29 with value: 0.0025397196559897714.
[I 2025-09-29 13:08:29,398] Trial 47 finished with value: 0.002978457742935851 and parameters: {'lag_0': 0.21311797687567197, 'lag_1': 0.34928699357111254, 'lag_2': 0.19115858467534408, 'lag_3': 0.6008344922604283, 'lag_4': 0.9996529954001205, 'lag_5': 0.7583727867315693, 'lag_6': 0.9480615540217728, 'lag_7': 0.09817657794490481, 'lag_8': 0.7666097412674755, 'lag_9': 0.36105767689687285, 'lag_10': 0.537985599364821, 'lag_11': 0.6958034739720396, 'lag_12': 0.552834818457745, 'lag_13': 0.179376021247725, 'lag_14': 0.8398054526391872, 'lag_15': 0.346258758240344, 'lag_16': 0.7128924072608744, 'lag_17': 0.6723832348880877, 'lag_18': 0.4059218050021558, 'lag_19': 0.8122448807530459, 'lag_20': 0.24554388994694293, 'lag_21': 0.9319017011908846, 'lag_22': 0.1668987019132922, 'lag_23': 0.5623397124801365, 'lag_24': 0.7612935432125589, 'lag_25': 0.955853603627428, 'lag_26': 0.33327500643547786, 'lag_27': 0.8283135260031164, 'lag_28': 0.12200847813804394}. Best is trial 29 with value: 0.0025397196559897714.
[I 2025-09-29 13:08:31,884] Trial 48 finished with value: 0.0030084395761810706 and parameters: {'lag_0': 0.3447199446062835, 'lag_1': 0.27537543960193206, 'lag_2': 0.7451251033886507, 'lag_3': 0.9405044242405451, 'lag_4': 0.5308959422178269, 'lag_5': 0.4853106506238538, 'lag_6': 0.7976442595773896, 'lag_7': 0.8298870128139769, 'lag_8': 0.37016666970539436, 'lag_9': 0.6604902021012862, 'lag_10': 0.633824428445894, 'lag_11': 0.7735192797083258, 'lag_12': 0.36733568606874833, 'lag_13': 0.37500824755808965, 'lag_14': 0.7908746125700561, 'lag_15': 0.14309339074182315, 'lag_16': 0.9937659584390097, 'lag_17': 0.40198912644564205, 'lag_18': 0.8036335506591753, 'lag_19': 0.6880441873058764, 'lag_20': 0.8416806330485092, 'lag_21': 0.5636142118189421, 'lag_22': 0.6794302979958425, 'lag_23': 0.2729664680302388, 'lag_24': 0.9472770965713471, 'lag_25': 0.5523555858770424, 'lag_26': 0.008162789818779687, 'lag_27': 0.5860905885676542, 'lag_28': 0.3854311402342174}. Best is trial 29 with value: 0.0025397196559897714.
[I 2025-09-29 13:08:34,359] Trial 49 finished with value: 0.002758002504708425 and parameters: {'lag_0': 0.04163427561027727, 'lag_1': 0.1221347432195046, 'lag_2': 0.4504036400921345, 'lag_3': 0.6838531983468442, 'lag_4': 0.43760566875368234, 'lag_5': 0.8626566293506279, 'lag_6': 0.8585238820610489, 'lag_7': 0.23764298259088779, 'lag_8': 0.7043749321755993, 'lag_9': 0.445649561565276, 'lag_10': 0.7371970894982011, 'lag_11': 0.8510785362172983, 'lag_12': 0.6455562651456528, 'lag_13': 0.5797673651911321, 'lag_14': 0.5791723550884426, 'lag_15': 0.417170847495139, 'lag_16': 0.5169765469910736, 'lag_17': 0.35159635808703854, 'lag_18': 0.07604325808639212, 'lag_19': 0.4658734383227438, 'lag_20': 0.871848600276748, 'lag_21': 0.525738752617418, 'lag_22': 0.32418891283774853, 'lag_23': 0.05875618016518563, 'lag_24': 0.34978537729491355, 'lag_25': 0.6565624893774851, 'lag_26': 0.21567480551396875, 'lag_27': 0.4276620893527111, 'lag_28': 0.29823409617804253}. Best is trial 29 with value: 0.0025397196559897714.
[I 2025-09-29 13:08:36,831] Trial 50 finished with value: 0.0032733348984671498 and parameters: {'lag_0': 0.7832561149517542, 'lag_1': 0.41039435097100163, 'lag_2': 0.030755668538839487, 'lag_3': 0.48379354520064755, 'lag_4': 0.1085986343777453, 'lag_5': 0.35141366657384715, 'lag_6': 0.907938686193803, 'lag_7': 0.30889049797033985, 'lag_8': 0.6167057306359195, 'lag_9': 0.5246726103096278, 'lag_10': 0.8006366133337128, 'lag_11': 0.3046854250616994, 'lag_12': 0.4457387116341419, 'lag_13': 0.42740511312515095, 'lag_14': 0.8875273184695278, 'lag_15': 0.6327307752797534, 'lag_16': 0.4576767841893717, 'lag_17': 0.2780684690130219, 'lag_18': 0.9140428376920573, 'lag_19': 0.5173286107152435, 'lag_20': 0.5496948117987637, 'lag_21': 0.6498136565305785, 'lag_22': 0.4892232599030488, 'lag_23': 0.539140560079197, 'lag_24': 0.6445231310804314, 'lag_25': 0.40587036929651704, 'lag_26': 0.4762769956616654, 'lag_27': 0.6800639864123347, 'lag_28': 0.5050131305990865}. Best is trial 29 with value: 0.0025397196559897714.
[I 2025-09-29 13:08:39,304] Trial 51 finished with value: 0.002562073467739974 and parameters: {'lag_0': 0.5927928219418865, 'lag_1': 0.3733859796788531, 'lag_2': 0.5413979151427247, 'lag_3': 0.8868733692572328, 'lag_4': 0.9077583693078298, 'lag_5': 0.08540572084498252, 'lag_6': 0.9037871615243802, 'lag_7': 0.5858257059339822, 'lag_8': 0.6663661647715733, 'lag_9': 0.8933256976127624, 'lag_10': 0.48025718218836505, 'lag_11': 0.8857538524640696, 'lag_12': 0.015713552351580583, 'lag_13': 0.10204215089242882, 'lag_14': 0.703713701066567, 'lag_15': 0.5528757329077184, 'lag_16': 0.642740622585859, 'lag_17': 0.8550297146840704, 'lag_18': 0.15476329446386464, 'lag_19': 0.7482598291182987, 'lag_20': 0.011560726574514513, 'lag_21': 0.47937772816374824, 'lag_22': 0.4785092547843679, 'lag_23': 0.03287097508968459, 'lag_24': 0.478917377124886, 'lag_25': 0.9982969859199545, 'lag_26': 0.10205110237481083, 'lag_27': 0.9237057830966606, 'lag_28': 0.7714047758700296}. Best is trial 29 with value: 0.0025397196559897714.
[I 2025-09-29 13:08:41,776] Trial 52 finished with value: 0.0031234549444254796 and parameters: {'lag_0': 0.4748372737508191, 'lag_1': 0.5030627631342485, 'lag_2': 0.5876739515056388, 'lag_3': 0.9994513383937493, 'lag_4': 0.9261460169940711, 'lag_5': 5.777244366239609e-05, 'lag_6': 0.9553572961456628, 'lag_7': 0.4853844930371911, 'lag_8': 0.6687767899762873, 'lag_9': 0.9868145092215765, 'lag_10': 0.42697052852812134, 'lag_11': 0.9320094614302892, 'lag_12': 0.0011168697330128548, 'lag_13': 0.0924823578250953, 'lag_14': 0.8995548119896698, 'lag_15': 0.5260868063509946, 'lag_16': 0.683471339229662, 'lag_17': 0.8751721955988272, 'lag_18': 0.2886233595972926, 'lag_19': 0.7487086579488353, 'lag_20': 0.006720327165511519, 'lag_21': 0.4388271418528051, 'lag_22': 0.3682867631191723, 'lag_23': 0.04252943330118018, 'lag_24': 0.5654526733713687, 'lag_25': 0.8949558266568538, 'lag_26': 0.1541977566887694, 'lag_27': 0.9519297533641694, 'lag_28': 0.8415665294112343}. Best is trial 29 with value: 0.0025397196559897714.
[I 2025-09-29 13:08:44,250] Trial 53 finished with value: 0.003082652331927753 and parameters: {'lag_0': 0.5801361046254412, 'lag_1': 0.43804877196622505, 'lag_2': 0.5355278442710328, 'lag_3': 0.8298662926130211, 'lag_4': 0.7758549879083889, 'lag_5': 0.05222891164533719, 'lag_6': 0.9973362599924731, 'lag_7': 0.650293911530345, 'lag_8': 0.8279455678012998, 'lag_9': 0.7201036408076221, 'lag_10': 0.5077375376701431, 'lag_11': 0.6494145272129512, 'lag_12': 0.0724093300028465, 'lag_13': 0.04126103788408467, 'lag_14': 0.9717610673678804, 'lag_15': 0.4477603195487275, 'lag_16': 0.5732826809334567, 'lag_17': 0.4693348723276565, 'lag_18': 0.08262309530630951, 'lag_19': 0.6573671449217293, 'lag_20': 0.08117173229929801, 'lag_21': 0.28516932264458794, 'lag_22': 0.26920695761924585, 'lag_23': 0.10566038058236069, 'lag_24': 0.7105546679441833, 'lag_25': 0.969593818360742, 'lag_26': 0.061077164001619735, 'lag_27': 0.9262536440525313, 'lag_28': 0.8743108521662545}. Best is trial 29 with value: 0.0025397196559897714.
[I 2025-09-29 13:08:46,719] Trial 54 finished with value: 0.0026796707676221563 and parameters: {'lag_0': 0.6660338779066826, 'lag_1': 0.38059751744452175, 'lag_2': 0.9854349510173064, 'lag_3': 0.903609017535673, 'lag_4': 0.3614994950494392, 'lag_5': 0.10107907206400388, 'lag_6': 0.8792033098837841, 'lag_7': 0.5781536893881896, 'lag_8': 0.7605903341222093, 'lag_9': 0.8650743738821631, 'lag_10': 0.5797805652684819, 'lag_11': 0.8126187702072213, 'lag_12': 0.1821444911170635, 'lag_13': 0.20091300545989055, 'lag_14': 0.7324022607786912, 'lag_15': 0.7767481709261491, 'lag_16': 0.7527787297245068, 'lag_17': 0.8571268466114295, 'lag_18': 0.21328402657231904, 'lag_19': 0.8737495515541289, 'lag_20': 0.2685421863093465, 'lag_21': 0.3451349864076787, 'lag_22': 0.5683118037586276, 'lag_23': 0.22384670264511236, 'lag_24': 0.593137099950532, 'lag_25': 0.8730637473911604, 'lag_26': 0.31003340903231086, 'lag_27': 0.8470255724396605, 'lag_28': 0.43327863312565484}. Best is trial 29 with value: 0.0025397196559897714.
[I 2025-09-29 13:08:49,198] Trial 55 finished with value: 0.0026551923620446137 and parameters: {'lag_0': 0.5276394817205339, 'lag_1': 0.30079973957406236, 'lag_2': 0.6606037594984642, 'lag_3': 0.957928651815901, 'lag_4': 0.9546477894960604, 'lag_5': 0.2314509556437072, 'lag_6': 0.9529041214745314, 'lag_7': 0.44234094711308336, 'lag_8': 0.9981342566594245, 'lag_9': 0.5591696393341488, 'lag_10': 0.2970172886724494, 'lag_11': 0.5920799039579165, 'lag_12': 0.49520473468628823, 'lag_13': 0.12459216035273259, 'lag_14': 0.8370560817731515, 'lag_15': 0.376428771860566, 'lag_16': 0.8171900767798678, 'lag_17': 0.9969617057535658, 'lag_18': 0.6152278274269013, 'lag_19': 0.6771915711291261, 'lag_20': 0.16557945779981015, 'lag_21': 0.5010861293287047, 'lag_22': 0.04433091084068558, 'lag_23': 0.716638863326196, 'lag_24': 0.44147217544488704, 'lag_25': 0.8382679138068598, 'lag_26': 0.4157473727413671, 'lag_27': 0.8074418359879081, 'lag_28': 0.688566563563824}. Best is trial 29 with value: 0.0025397196559897714.
[I 2025-09-29 13:08:51,681] Trial 56 finished with value: 0.0025904767047109046 and parameters: {'lag_0': 0.9157309020985558, 'lag_1': 0.3371827427359227, 'lag_2': 0.5371234014678035, 'lag_3': 0.8752147797850887, 'lag_4': 0.8752368744686614, 'lag_5': 0.16273665925178388, 'lag_6': 0.7934776624577045, 'lag_7': 0.5093041285436386, 'lag_8': 0.024327966788677047, 'lag_9': 0.6249317409670182, 'lag_10': 0.7060489301721791, 'lag_11': 0.7332276456632056, 'lag_12': 0.11185327127683309, 'lag_13': 0.27723314084276046, 'lag_14': 0.99838125985777, 'lag_15': 0.3032409971233909, 'lag_16': 0.6226227319230256, 'lag_17': 0.5164597872045849, 'lag_18': 0.004681524342721677, 'lag_19': 0.6056107915057509, 'lag_20': 0.04923559742099702, 'lag_21': 0.5924780667936791, 'lag_22': 0.6307236074374795, 'lag_23': 0.16112972992295505, 'lag_24': 0.5049713995597069, 'lag_25': 0.9411308562116917, 'lag_26': 0.24112367100676788, 'lag_27': 0.007929019729688791, 'lag_28': 0.9985957851422139}. Best is trial 29 with value: 0.0025397196559897714.
[I 2025-09-29 13:08:54,149] Trial 57 finished with value: 0.0031781428068424393 and parameters: {'lag_0': 0.8436609110257216, 'lag_1': 0.21713966228602036, 'lag_2': 0.5450677397147086, 'lag_3': 0.8688362164176708, 'lag_4': 0.8810307796542324, 'lag_5': 0.15979014774990663, 'lag_6': 0.8052427189956256, 'lag_7': 0.5366840014019074, 'lag_8': 0.2482585030508744, 'lag_9': 0.6748521150125204, 'lag_10': 0.6982751305258352, 'lag_11': 0.7213932320373996, 'lag_12': 0.08463892693863531, 'lag_13': 0.25308886975926265, 'lag_14': 0.9854929101380845, 'lag_15': 0.6067031370766867, 'lag_16': 0.6097213675409523, 'lag_17': 0.739736521499893, 'lag_18': 0.015476120968904453, 'lag_19': 0.6152170106970545, 'lag_20': 0.054459000297953475, 'lag_21': 0.38869976177239257, 'lag_22': 0.6416129970091325, 'lag_23': 0.1371841570445506, 'lag_24': 0.2862932879189817, 'lag_25': 0.9515755178277838, 'lag_26': 0.12771086948116386, 'lag_27': 0.028233572286033848, 'lag_28': 0.9824093075088823}. Best is trial 29 with value: 0.0025397196559897714.
[I 2025-09-29 13:08:56,620] Trial 58 finished with value: 0.003451698389453071 and parameters: {'lag_0': 0.9702754851627158, 'lag_1': 0.3306021135065184, 'lag_2': 0.6121721766832455, 'lag_3': 0.9142935071487293, 'lag_4': 0.8389342289120838, 'lag_5': 0.07208347790903913, 'lag_6': 0.37656824674920386, 'lag_7': 0.5171036566784596, 'lag_8': 0.02594932408487549, 'lag_9': 0.6204997527797146, 'lag_10': 0.6150750313250261, 'lag_11': 0.770415709019315, 'lag_12': 0.032331062878986724, 'lag_13': 0.3222593666687814, 'lag_14': 0.9348597934233274, 'lag_15': 0.6993310326993725, 'lag_16': 0.6711637711772682, 'lag_17': 0.5891100782977164, 'lag_18': 0.15754286083790286, 'lag_19': 0.7753012917687441, 'lag_20': 0.8164621597825736, 'lag_21': 0.5846149387277636, 'lag_22': 0.515517080426157, 'lag_23': 0.1507612572072464, 'lag_24': 0.00012275257459853917, 'lag_25': 0.9345844096500355, 'lag_26': 0.05123922077430123, 'lag_27': 0.08021460599026854, 'lag_28': 0.8543500085926046}. Best is trial 29 with value: 0.0025397196559897714.
[I 2025-09-29 13:08:59,100] Trial 59 finished with value: 0.002940876351329116 and parameters: {'lag_0': 0.8902698602115939, 'lag_1': 0.46586030218628405, 'lag_2': 0.4264928597436319, 'lag_3': 0.23003013283334212, 'lag_4': 0.6829830158101569, 'lag_5': 0.12762086535653855, 'lag_6': 0.7051876638226293, 'lag_7': 0.7162762634600655, 'lag_8': 0.5911880982974371, 'lag_9': 0.9195663102971499, 'lag_10': 0.4137892612167276, 'lag_11': 0.8582798277927679, 'lag_12': 0.24031435442149562, 'lag_13': 0.16993237596011324, 'lag_14': 0.3993792122046144, 'lag_15': 0.29917491462607015, 'lag_16': 0.5639208153631271, 'lag_17': 0.5034493259007946, 'lag_18': 0.059510075460911555, 'lag_19': 0.813321799862073, 'lag_20': 0.03552019119107009, 'lag_21': 0.45187291660240686, 'lag_22': 0.5834218317640136, 'lag_23': 0.21182710085153195, 'lag_24': 0.49089990047636567, 'lag_25': 0.886950891152106, 'lag_26': 0.24127415815461967, 'lag_27': 0.16655293997926554, 'lag_28': 0.8941849280160571}. Best is trial 29 with value: 0.0025397196559897714.
[I 2025-09-29 13:09:01,579] Trial 60 finished with value: 0.0030111268228797915 and parameters: {'lag_0': 0.7292294608270562, 'lag_1': 0.3696306213873112, 'lag_2': 0.4998009518894826, 'lag_3': 0.9613847981304747, 'lag_4': 0.6105205575358751, 'lag_5': 0.25567199099569177, 'lag_6': 0.8544923689348024, 'lag_7': 0.5882289662282253, 'lag_8': 0.11750071041279415, 'lag_9': 0.9695309942516837, 'lag_10': 0.1465961559780405, 'lag_11': 0.9208057083500524, 'lag_12': 0.16074546823799227, 'lag_13': 0.2861335582106423, 'lag_14': 0.6029033630291797, 'lag_15': 0.5530929624921892, 'lag_16': 0.6280921714583978, 'lag_17': 0.6707530843759583, 'lag_18': 0.1500332391520175, 'lag_19': 0.5660950431374295, 'lag_20': 0.944315130008284, 'lag_21': 0.5051495566375743, 'lag_22': 0.7177056821078172, 'lag_23': 0.0012756856316291643, 'lag_24': 0.37499715615884166, 'lag_25': 0.01496834256023355, 'lag_26': 0.17882445681665887, 'lag_27': 0.2103578440407796, 'lag_28': 0.7692072505505314}. Best is trial 29 with value: 0.0025397196559897714.
