[I 2025-09-29 13:20:43,457] Trial 62 finished with value: 0.006802251792654227 and parameters: {'lag_0': 0.04749624195413718, 'lag_1': 0.793342156959516, 'lag_2': 0.9623922675341505, 'lag_3': 0.49816131965610183, 'lag_4': 0.8959071545299253, 'lag_5': 0.9964587377179137, 'lag_6': 0.8520505236115254, 'lag_7': 0.6904989223528932, 'lag_8': 0.048725148379120176, 'lag_9': 0.6904575305372914, 'lag_10': 0.5145706676179975, 'lag_11': 0.3398071979452314, 'lag_12': 0.09666282237834357, 'lag_13': 0.7864986067271278, 'lag_14': 0.34549102758927397, 'lag_15': 0.3759696899405197, 'lag_16': 0.8804740566230553, 'lag_17': 0.3765031544245433, 'lag_18': 0.7671816987591111, 'lag_19': 0.8034995906555823, 'lag_20': 0.49593120187025375, 'lag_21': 0.48055518530429914, 'lag_22': 0.6573110130707148, 'lag_23': 0.6916193548891604, 'lag_24': 0.170406517634332, 'lag_25': 0.45218198061413006, 'lag_26': 0.6281289297949921, 'lag_27': 0.3812867783902534, 'lag_28': 0.5090434889003791}. Best is trial 32 with value: 0.004493081913821384.
[I 2025-09-29 13:20:45,950] Trial 63 finished with value: 0.004845120694748689 and parameters: {'lag_0': 0.15597962300673715, 'lag_1': 0.8262660356760811, 'lag_2': 0.6446640347093422, 'lag_3': 0.5801475512937848, 'lag_4': 0.9649749421524676, 'lag_5': 0.963586674660154, 'lag_6': 0.7339767466842407, 'lag_7': 0.7905088143441247, 'lag_8': 0.15932800217438386, 'lag_9': 0.6407202500295335, 'lag_10': 0.5700938897847432, 'lag_11': 0.16071825075128154, 'lag_12': 0.03983042103986023, 'lag_13': 0.6239251383359775, 'lag_14': 0.4114530747091452, 'lag_15': 0.26126296626236656, 'lag_16': 0.7710398450015372, 'lag_17': 0.6945063268690549, 'lag_18': 0.8356462949128886, 'lag_19': 0.6275221887975299, 'lag_20': 0.5802405118949815, 'lag_21': 0.2592509852006363, 'lag_22': 0.6024277443421865, 'lag_23': 0.917883067558869, 'lag_24': 0.23254576196612486, 'lag_25': 0.4998370212552743, 'lag_26': 0.6569214183859182, 'lag_27': 0.2728494265574936, 'lag_28': 0.40342008328508333}. Best is trial 32 with value: 0.004493081913821384.
[I 2025-09-29 13:20:48,451] Trial 64 finished with value: 0.00477656899600747 and parameters: {'lag_0': 0.06867130551333782, 'lag_1': 0.903343236829967, 'lag_2': 0.8924826753484696, 'lag_3': 0.8499640914925288, 'lag_4': 0.9977941204634608, 'lag_5': 0.9303419580986847, 'lag_6': 0.6701111873110374, 'lag_7': 0.08134050092835948, 'lag_8': 0.2206629153334153, 'lag_9': 0.5598632162688032, 'lag_10': 0.11060198621243625, 'lag_11': 0.4114304152111273, 'lag_12': 0.11284557573636181, 'lag_13': 0.3389972279522611, 'lag_14': 0.32129587118695746, 'lag_15': 0.5966136830774763, 'lag_16': 0.9442370703024986, 'lag_17': 0.7306816622492661, 'lag_18': 0.9432194423753515, 'lag_19': 0.7095842704384023, 'lag_20': 0.6585150186531918, 'lag_21': 0.41658611829004455, 'lag_22': 0.5715788551502476, 'lag_23': 0.9713685684702259, 'lag_24': 0.13109873059419905, 'lag_25': 0.36233662921236925, 'lag_26': 0.7345827286517942, 'lag_27': 0.3518562404486977, 'lag_28': 0.2328837267329229}. Best is trial 32 with value: 0.004493081913821384.
[I 2025-09-29 13:20:50,952] Trial 65 finished with value: 0.005211474554915295 and parameters: {'lag_0': 0.24364813185425588, 'lag_1': 0.7470217851656008, 'lag_2': 0.5056587336073646, 'lag_3': 0.9313249774462389, 'lag_4': 0.22060052145115894, 'lag_5': 0.8214855013825179, 'lag_6': 0.7528720251911842, 'lag_7': 0.606715753657481, 'lag_8': 0.004512677503927448, 'lag_9': 0.4997646189163845, 'lag_10': 0.47465071482411214, 'lag_11': 0.23210282284058512, 'lag_12': 0.35251415563089894, 'lag_13': 0.037339013952176245, 'lag_14': 0.2193816048534277, 'lag_15': 0.42333347239580954, 'lag_16': 0.8197711821618336, 'lag_17': 0.8003112909594365, 'lag_18': 0.794637748971814, 'lag_19': 0.7497167858424939, 'lag_20': 0.3994456530733068, 'lag_21': 0.21073699483170724, 'lag_22': 0.514439666565736, 'lag_23': 0.6401654975146541, 'lag_24': 0.3003215311342221, 'lag_25': 0.4299199745674756, 'lag_26': 0.7067053660816801, 'lag_27': 0.15298550200461358, 'lag_28': 0.4737304172846498}. Best is trial 32 with value: 0.004493081913821384.
[I 2025-09-29 13:20:53,450] Trial 66 finished with value: 0.004604736930998729 and parameters: {'lag_0': 0.47996968307620524, 'lag_1': 0.9754575643765045, 'lag_2': 0.7834160163390758, 'lag_3': 0.6222180434233062, 'lag_4': 0.9259475710022068, 'lag_5': 0.8716093866339076, 'lag_6': 0.9293689563736578, 'lag_7': 0.14997658788933077, 'lag_8': 0.12294708696236739, 'lag_9': 0.7406647626561936, 'lag_10': 0.025959511564548662, 'lag_11': 0.29870276611042146, 'lag_12': 0.16711812341216284, 'lag_13': 0.22105808228139623, 'lag_14': 0.37022658153867266, 'lag_15': 0.4799561549192574, 'lag_16': 0.45768636975665816, 'lag_17': 0.5895578501909059, 'lag_18': 0.6649531567877983, 'lag_19': 0.847895651860429, 'lag_20': 0.48906568331984124, 'lag_21': 0.3314084055802178, 'lag_22': 0.7256524334653152, 'lag_23': 0.8440261094307862, 'lag_24': 0.17490576005191394, 'lag_25': 0.3170594986162232, 'lag_26': 0.5955810272851308, 'lag_27': 0.2263265870472213, 'lag_28': 0.5660156289640061}. Best is trial 32 with value: 0.004493081913821384.
[I 2025-09-29 13:20:56,043] Trial 67 finished with value: 0.004855319880980876 and parameters: {'lag_0': 0.4946087055785526, 'lag_1': 0.9538991230352083, 'lag_2': 0.7748073604588623, 'lag_3': 0.625777103622605, 'lag_4': 0.7361327496311582, 'lag_5': 0.013414013617637721, 'lag_6': 0.8499479204753255, 'lag_7': 0.15763849499483645, 'lag_8': 0.12475962770540037, 'lag_9': 0.8029475218778231, 'lag_10': 0.07895491271557314, 'lag_11': 0.010763557270378914, 'lag_12': 0.08459326374134614, 'lag_13': 0.26720813622337236, 'lag_14': 0.30105191187093033, 'lag_15': 0.649152974580796, 'lag_16': 0.3160252391362938, 'lag_17': 0.5924119619625964, 'lag_18': 0.6278869604353864, 'lag_19': 0.8611857779299378, 'lag_20': 0.4725489662455306, 'lag_21': 0.33371329943341266, 'lag_22': 0.8219820117969028, 'lag_23': 0.8143306530460152, 'lag_24': 0.1608475706087642, 'lag_25': 0.3941758237222659, 'lag_26': 0.5707072986356165, 'lag_27': 0.21122817308631955, 'lag_28': 0.6619835283430897}. Best is trial 32 with value: 0.004493081913821384.
[I 2025-09-29 13:20:58,552] Trial 68 finished with value: 0.004935414794528407 and parameters: {'lag_0': 0.3367735985274118, 'lag_1': 0.9503779077270816, 'lag_2': 0.8444253601619637, 'lag_3': 0.6641073018057397, 'lag_4': 0.9217090531911426, 'lag_5': 0.8596408074765594, 'lag_6': 0.9315797847632925, 'lag_7': 0.22920812519110445, 'lag_8': 0.1867957038162385, 'lag_9': 0.7526831885207286, 'lag_10': 0.027622801415504022, 'lag_11': 0.293692160106825, 'lag_12': 0.2813466472775949, 'lag_13': 0.21514089160540245, 'lag_14': 0.9538387637407586, 'lag_15': 0.18874106374551702, 'lag_16': 0.46943028146160093, 'lag_17': 0.518740540463269, 'lag_18': 0.6699272168116662, 'lag_19': 0.917835385421032, 'lag_20': 0.05111049266990737, 'lag_21': 0.174272091628343, 'lag_22': 0.7705865541420593, 'lag_23': 0.7023442132557612, 'lag_24': 0.0619160126280819, 'lag_25': 0.32151241071587083, 'lag_26': 0.6075961671499606, 'lag_27': 0.44651407435020235, 'lag_28': 0.5569834861150236}. Best is trial 32 with value: 0.004493081913821384.
[I 2025-09-29 13:21:01,061] Trial 69 finished with value: 0.004962883850759237 and parameters: {'lag_0': 0.4118223479148123, 'lag_1': 0.9980374581532191, 'lag_2': 0.9043330117662433, 'lag_3': 0.42471939362246625, 'lag_4': 0.8272042619558702, 'lag_5': 0.9581747763922567, 'lag_6': 0.9084414043471902, 'lag_7': 0.03541298888772925, 'lag_8': 0.2917803937293945, 'lag_9': 0.6843178495807452, 'lag_10': 0.0011939535437309242, 'lag_11': 0.5905753339970266, 'lag_12': 0.027478808056958015, 'lag_13': 0.15570186827852223, 'lag_14': 0.3652691746259529, 'lag_15': 0.4890815804407254, 'lag_16': 0.4454262765705776, 'lag_17': 0.6724672899938384, 'lag_18': 0.7220775541170297, 'lag_19': 0.8478599223569003, 'lag_20': 0.35161488988967765, 'lag_21': 0.29096687844389163, 'lag_22': 0.7296396859856845, 'lag_23': 0.8970449078846034, 'lag_24': 0.2773753014799177, 'lag_25': 0.29188204677278123, 'lag_26': 0.4201760511346234, 'lag_27': 0.28986937961938414, 'lag_28': 0.6073899856944782}. Best is trial 32 with value: 0.004493081913821384.
[I 2025-09-29 13:21:03,562] Trial 70 finished with value: 0.004592105985646756 and parameters: {'lag_0': 0.6407256114086993, 'lag_1': 0.8459199013192578, 'lag_2': 0.7340491716350757, 'lag_3': 0.7904186339598436, 'lag_4': 0.8652833764226266, 'lag_5': 0.9083068502072589, 'lag_6': 0.7976595155305342, 'lag_7': 0.12831349005173504, 'lag_8': 0.5203543937726562, 'lag_9': 0.9109817833443282, 'lag_10': 0.13210774567622832, 'lag_11': 0.47769032863429034, 'lag_12': 0.11789204229013356, 'lag_13': 0.21129392662581953, 'lag_14': 0.8014289448543566, 'lag_15': 0.46505497227951353, 'lag_16': 0.3597918734202806, 'lag_17': 0.7544649548007626, 'lag_18': 0.3185265357388542, 'lag_19': 0.7830328125773283, 'lag_20': 0.4170833030689816, 'lag_21': 0.1958733740590259, 'lag_22': 0.6669828279971208, 'lag_23': 0.4783425320305908, 'lag_24': 0.6822624011577801, 'lag_25': 0.2558030714589684, 'lag_26': 0.47795681428013564, 'lag_27': 0.10112154069390848, 'lag_28': 0.524829656707508}. Best is trial 32 with value: 0.004493081913821384.
[I 2025-09-29 13:21:06,071] Trial 71 finished with value: 0.005617067488798859 and parameters: {'lag_0': 0.5902321401871262, 'lag_1': 0.8569749977998294, 'lag_2': 0.7268825506145468, 'lag_3': 0.7767044640937396, 'lag_4': 0.8765582602320764, 'lag_5': 0.9133966631362149, 'lag_6': 0.8056281313506183, 'lag_7': 0.1279036748217003, 'lag_8': 0.4978152475199019, 'lag_9': 0.9382337263217408, 'lag_10': 0.11493106216206145, 'lag_11': 0.47522415888509595, 'lag_12': 0.13542019233987296, 'lag_13': 0.21365761615064274, 'lag_14': 0.7972877075172776, 'lag_15': 0.5463914494635957, 'lag_16': 0.3609885467527104, 'lag_17': 0.8451207732074042, 'lag_18': 0.34070889690530637, 'lag_19': 0.8253924396373484, 'lag_20': 0.4365324109165886, 'lag_21': 0.08756167690003047, 'lag_22': 0.6692822228379605, 'lag_23': 0.48189866640552076, 'lag_24': 0.8879372160970966, 'lag_25': 0.24818842683479303, 'lag_26': 0.49417223199758203, 'lag_27': 0.07931961669579277, 'lag_28': 0.5291201544859947}. Best is trial 32 with value: 0.004493081913821384.
[I 2025-09-29 13:21:08,581] Trial 72 finished with value: 0.004755589172834084 and parameters: {'lag_0': 0.6575336127719881, 'lag_1': 0.9050356805372042, 'lag_2': 0.7633247833992467, 'lag_3': 0.8602170669215885, 'lag_4': 0.93451170765163, 'lag_5': 0.8753637362403196, 'lag_6': 0.9564566824316568, 'lag_7': 0.09975988067998737, 'lag_8': 0.6035820280614653, 'lag_9': 0.8602125203184606, 'lag_10': 0.02781713085628006, 'lag_11': 0.5287650610056418, 'lag_12': 0.0747490817686214, 'lag_13': 0.9877184642816856, 'lag_14': 0.7206148815705461, 'lag_15': 0.3572540448784972, 'lag_16': 0.2584537694072319, 'lag_17': 0.7447317731297636, 'lag_18': 0.15894428330435462, 'lag_19': 0.7920780369641359, 'lag_20': 0.4078126115680605, 'lag_21': 0.19264986461358988, 'lag_22': 0.8285645408937982, 'lag_23': 0.3674577028472875, 'lag_24': 0.8275713795436106, 'lag_25': 0.3751023592753547, 'lag_26': 0.4474933846778272, 'lag_27': 0.11076605847811923, 'lag_28': 0.6774902112333527}. Best is trial 32 with value: 0.004493081913821384.
[I 2025-09-29 13:21:11,081] Trial 73 finished with value: 0.004796936604885438 and parameters: {'lag_0': 0.5250859877642178, 'lag_1': 0.8344234974611897, 'lag_2': 0.8698188737366284, 'lag_3': 0.9624401510893515, 'lag_4': 0.7934235610415761, 'lag_5': 0.944166438927996, 'lag_6': 0.8819080272274181, 'lag_7': 0.1741198513755757, 'lag_8': 0.4582960125574554, 'lag_9': 0.6157445609912018, 'lag_10': 0.18353917311948886, 'lag_11': 0.3575694902858042, 'lag_12': 0.16615682875858756, 'lag_13': 0.31586449477635714, 'lag_14': 0.8653768748855835, 'lag_15': 0.46047549272247584, 'lag_16': 0.5188656037255995, 'lag_17': 0.6243776708361746, 'lag_18': 0.29669368250990125, 'lag_19': 0.42656120218858745, 'lag_20': 0.5430280714083153, 'lag_21': 0.09068888316149089, 'lag_22': 0.6272988969803959, 'lag_23': 0.5516142283187487, 'lag_24': 0.9483127132530226, 'lag_25': 0.21807392592387004, 'lag_26': 0.5462204588237707, 'lag_27': 0.2346332552389543, 'lag_28': 0.5784853021131389}. Best is trial 32 with value: 0.004493081913821384.
[I 2025-09-29 13:21:13,589] Trial 74 finished with value: 0.005202816572278416 and parameters: {'lag_0': 0.779802719421554, 'lag_1': 0.7807918021844875, 'lag_2': 0.2652551855831857, 'lag_3': 0.8127895644401675, 'lag_4': 0.9060290690693873, 'lag_5': 0.9015843673277562, 'lag_6': 0.9981672524170083, 'lag_7': 0.04861873077509108, 'lag_8': 0.6745258607572074, 'lag_9': 0.9414513074393734, 'lag_10': 0.14545466040312685, 'lag_11': 0.41912178202851097, 'lag_12': 0.22581545451571883, 'lag_13': 0.27132360578103004, 'lag_14': 0.7643814468353283, 'lag_15': 0.5201465396445821, 'lag_16': 0.42349340976701677, 'lag_17': 0.7846476489701203, 'lag_18': 0.4509577731732657, 'lag_19': 0.9322854689733465, 'lag_20': 0.4978362164454797, 'lag_21': 0.39168724383564374, 'lag_22': 0.7181285702543331, 'lag_23': 0.4493798917680238, 'lag_24': 0.6774119834176253, 'lag_25': 0.31550790662065087, 'lag_26': 0.5887272747258336, 'lag_27': 0.17706582408859828, 'lag_28': 0.6272187912270833}. Best is trial 32 with value: 0.004493081913821384.
[I 2025-09-29 13:21:16,093] Trial 75 finished with value: 0.00510163707036612 and parameters: {'lag_0': 0.9778347112185024, 'lag_1': 0.6989637920617379, 'lag_2': 0.9677594046354313, 'lag_3': 0.7463439934014644, 'lag_4': 0.8408704706599742, 'lag_5': 0.980607070354416, 'lag_6': 0.7799262020041725, 'lag_7': 0.14240202280987546, 'lag_8': 0.5255947329559052, 'lag_9': 0.573882261230947, 'lag_10': 0.2694140734706443, 'lag_11': 0.4973455872421594, 'lag_12': 0.11211271648570914, 'lag_13': 0.05729841346462233, 'lag_14': 0.2627690219506812, 'lag_15': 0.44840005340720746, 'lag_16': 0.27989491087527607, 'lag_17': 0.7075764383744355, 'lag_18': 0.749373352554584, 'lag_19': 0.6897240526028952, 'lag_20': 0.24267679715024582, 'lag_21': 0.32738216996895864, 'lag_22': 0.7004216646466047, 'lag_23': 0.5928068876101481, 'lag_24': 0.3868982884633746, 'lag_25': 0.4844496292153335, 'lag_26': 0.6685028164000587, 'lag_27': 0.33300094840809924, 'lag_28': 0.7510388040355581}. Best is trial 32 with value: 0.004493081913821384.
[I 2025-09-29 13:21:18,598] Trial 76 finished with value: 0.004614440081952954 and parameters: {'lag_0': 0.9127268049741168, 'lag_1': 0.8707078680377329, 'lag_2': 0.8095632994361933, 'lag_3': 0.5234545659782608, 'lag_4': 0.8738610356336252, 'lag_5': 0.8463417056154158, 'lag_6': 0.8355828474592758, 'lag_7': 0.21008425277371873, 'lag_8': 0.5697779352699915, 'lag_9': 0.8949666430789064, 'lag_10': 0.21252976759695955, 'lag_11': 0.07207252502322507, 'lag_12': 0.014611692668988683, 'lag_13': 0.15855428286179493, 'lag_14': 0.44345769325585754, 'lag_15': 0.7328408568692075, 'lag_16': 0.3518076888871291, 'lag_17': 0.6630816183347885, 'lag_18': 0.5799884822778422, 'lag_19': 0.34800011353405624, 'lag_20': 0.19090612592347864, 'lag_21': 0.2468942246643132, 'lag_22': 0.5794497079530992, 'lag_23': 0.9850574747925811, 'lag_24': 0.2356418379302987, 'lag_25': 0.5311239237994797, 'lag_26': 0.6292953179239487, 'lag_27': 0.13843128196766202, 'lag_28': 0.4284964655126719}. Best is trial 32 with value: 0.004493081913821384.
[I 2025-09-29 13:21:21,114] Trial 77 finished with value: 0.0048905844921870185 and parameters: {'lag_0': 0.9250280597035293, 'lag_1': 0.8740640582463434, 'lag_2': 0.7939447139968271, 'lag_3': 0.5273056373543418, 'lag_4': 0.7548814713731302, 'lag_5': 0.6901116570638238, 'lag_6': 0.8299056673207926, 'lag_7': 0.203317640131421, 'lag_8': 0.5498566323485157, 'lag_9': 0.8799318642570944, 'lag_10': 0.20141711800803921, 'lag_11': 0.31871182142798893, 'lag_12': 0.001722161110230075, 'lag_13': 0.15790564356934678, 'lag_14': 0.697321934744971, 'lag_15': 0.7448564417879971, 'lag_16': 0.352986373650511, 'lag_17': 0.6653742159841903, 'lag_18': 0.5673601967831314, 'lag_19': 0.32948670124710433, 'lag_20': 0.36810691108037363, 'lag_21': 0.2457267404193263, 'lag_22': 0.5785247758156958, 'lag_23': 0.9963189946045462, 'lag_24': 0.22274867649798039, 'lag_25': 0.4467718222748783, 'lag_26': 0.6392515762583671, 'lag_27': 0.02973474020188574, 'lag_28': 0.42432596879009365}. Best is trial 32 with value: 0.004493081913821384.
[I 2025-09-29 13:21:23,617] Trial 78 finished with value: 0.004923524393569294 and parameters: {'lag_0': 0.8549238704863998, 'lag_1': 0.9303443946931279, 'lag_2': 0.17348169259931195, 'lag_3': 0.36728426500916417, 'lag_4': 0.7001838740305786, 'lag_5': 0.7862899365268308, 'lag_6': 0.9142906814954406, 'lag_7': 0.2892296885987472, 'lag_8': 0.5442792577790575, 'lag_9': 0.8946179190677017, 'lag_10': 0.2393179550164144, 'lag_11': 0.3834511751553349, 'lag_12': 0.024910764422703936, 'lag_13': 0.2084640259810725, 'lag_14': 0.9498282283093119, 'lag_15': 0.9128011415270515, 'lag_16': 0.21845299563063164, 'lag_17': 0.5824351460069702, 'lag_18': 0.5209746378446828, 'lag_19': 0.5399203239358074, 'lag_20': 0.32485851181430686, 'lag_21': 0.18210299489706666, 'lag_22': 0.7494627056072162, 'lag_23': 0.507013612822806, 'lag_24': 0.2373610889919779, 'lag_25': 0.3904397658963237, 'lag_26': 0.37554588744545436, 'lag_27': 0.13232398071671733, 'lag_28': 0.3916219730294181}. Best is trial 32 with value: 0.004493081913821384.
[I 2025-09-29 13:21:26,126] Trial 79 finished with value: 0.005035402489497026 and parameters: {'lag_0': 0.7109246761167374, 'lag_1': 0.9718417104433333, 'lag_2': 0.9333290457655932, 'lag_3': 0.48356626941538006, 'lag_4': 0.5357489682959257, 'lag_5': 0.7459734924633744, 'lag_6': 0.8525445465466047, 'lag_7': 0.0007317879083769442, 'lag_8': 0.3923313100687532, 'lag_9': 0.8161298032210585, 'lag_10': 0.29735975501797934, 'lag_11': 0.4516130847646908, 'lag_12': 0.057067243870675737, 'lag_13': 0.5449801282964295, 'lag_14': 0.45343719496340196, 'lag_15': 0.7950360445269554, 'lag_16': 0.45998000384918564, 'lag_17': 0.9021696297717493, 'lag_18': 0.5939740693301704, 'lag_19': 0.364058323290088, 'lag_20': 0.18450891389458923, 'lag_21': 0.2635033423591498, 'lag_22': 0.7985532127836551, 'lag_23': 0.973806484728382, 'lag_24': 0.19309753777369715, 'lag_25': 0.538842252175822, 'lag_26': 0.5146608936020259, 'lag_27': 0.10221727351870258, 'lag_28': 0.5160530512471686}. Best is trial 32 with value: 0.004493081913821384.
[I 2025-09-29 13:21:28,638] Trial 80 finished with value: 0.005223634178212186 and parameters: {'lag_0': 0.47387148623831865, 'lag_1': 0.7373932234079634, 'lag_2': 0.876099701240454, 'lag_3': 0.4532786795553929, 'lag_4': 0.8733576828661009, 'lag_5': 0.8482895967024258, 'lag_6': 0.7092425489315538, 'lag_7': 0.07395498705615028, 'lag_8': 0.6454332198189178, 'lag_9': 0.7772206685264192, 'lag_10': 0.3362591532312366, 'lag_11': 0.21041424627797412, 'lag_12': 0.07748041240679214, 'lag_13': 0.12596393503399345, 'lag_14': 0.6258223419171116, 'lag_15': 0.2885477540452278, 'lag_16': 0.410128401504409, 'lag_17': 0.6949383058583222, 'lag_18': 0.6201857864907058, 'lag_19': 0.1472201923294847, 'lag_20': 0.5305522225170299, 'lag_21': 0.29416930634570104, 'lag_22': 0.5460558593357965, 'lag_23': 0.9440818550537001, 'lag_24': 0.7351766366644363, 'lag_25': 0.60138454865344, 'lag_26': 0.30214497777736493, 'lag_27': 0.06479822917210996, 'lag_28': 0.492549389220815}. Best is trial 32 with value: 0.004493081913821384.
[I 2025-09-29 13:21:31,271] Trial 81 finished with value: 0.005102907476899533 and parameters: {'lag_0': 0.8728445731405087, 'lag_1': 0.9024142327207078, 'lag_2': 0.8201066182704477, 'lag_3': 0.6838846975885225, 'lag_4': 0.9480901341485274, 'lag_5': 0.9207189670760351, 'lag_6': 0.7831550687490886, 'lag_7': 0.09929959280926433, 'lag_8': 0.1343973478777007, 'lag_9': 0.5178886931588318, 'lag_10': 0.07840562160203204, 'lag_11': 0.1146983259213359, 'lag_12': 0.1296856593749912, 'lag_13': 0.25351251550529, 'lag_14': 0.9006906118182907, 'lag_15': 0.5757810550716813, 'lag_16': 0.2056281448832074, 'lag_17': 0.5458605022413997, 'lag_18': 0.6885600254084011, 'lag_19': 0.8782454383806367, 'lag_20': 0.11060366845773328, 'lag_21': 0.3692959585856646, 'lag_22': 0.6248229538514085, 'lag_23': 0.9288527591911762, 'lag_24': 0.6397610751549767, 'lag_25': 0.18404751026193555, 'lag_26': 0.7717536688589619, 'lag_27': 0.14647192070984263, 'lag_28': 0.43931148911090745}. Best is trial 32 with value: 0.004493081913821384.
[I 2025-09-29 13:21:33,784] Trial 82 finished with value: 0.005082990015668814 and parameters: {'lag_0': 0.9146691591982082, 'lag_1': 0.8086255860357969, 'lag_2': 0.7906437266843129, 'lag_3': 0.5931238807886904, 'lag_4': 0.9157772040861221, 'lag_5': 0.9733159751061794, 'lag_6': 0.740484751065967, 'lag_7': 0.18020949149918192, 'lag_8': 0.6076499789837586, 'lag_9': 0.5474778996283511, 'lag_10': 0.1285718188331034, 'lag_11': 0.06740543902062107, 'lag_12': 0.20022504249146178, 'lag_13': 0.22811408667759456, 'lag_14': 0.43295090758703436, 'lag_15': 0.471984856008235, 'lag_16': 0.6565553784517879, 'lag_17': 0.7272604754655809, 'lag_18': 0.6632961314881839, 'lag_19': 0.2551547005125271, 'lag_20': 0.2033624858292538, 'lag_21': 0.42470720996988887, 'lag_22': 0.663415068708664, 'lag_23': 0.7557712369050726, 'lag_24': 0.5290776694739643, 'lag_25': 0.4253018203337463, 'lag_26': 0.7069804283109105, 'lag_27': 0.18713848537686084, 'lag_28': 0.45871674703767035}. Best is trial 32 with value: 0.004493081913821384.
