[I 2025-09-29 11:59:16,785] Trial 87 finished with value: 0.006573684168873203 and parameters: {'lag_0': 0.2956128355308302, 'lag_1': 0.061505042351143735, 'lag_2': 0.22307888180179886, 'lag_3': 0.9356719588642838, 'lag_4': 0.24601595498681061, 'lag_5': 0.5557568565509339, 'lag_6': 0.2292503593254246, 'lag_7': 0.6658876275544695, 'lag_8': 0.26155048396163355, 'lag_9': 0.973059397644463, 'lag_10': 0.23310193193644715, 'lag_11': 0.6603099388035784, 'lag_12': 0.9376672716560456, 'lag_13': 0.5952934276307329, 'lag_14': 0.39865406108835566, 'lag_15': 0.35768851675748636, 'lag_16': 0.6511111674578263, 'lag_17': 0.5510250155703117, 'lag_18': 0.02613108433244203, 'lag_19': 0.31947573190962636, 'lag_20': 0.9109457766797466, 'lag_21': 0.028937473147947267, 'lag_22': 0.0706486624121303, 'lag_23': 0.593348359898492, 'lag_24': 0.39601008197178544, 'lag_25': 0.013118492074665589, 'lag_26': 0.6776999102186912, 'lag_27': 0.5709644682930469, 'lag_28': 0.7976194817863401}. Best is trial 11 with value: 0.006173762671136109.
[I 2025-09-29 11:59:19,162] Trial 88 finished with value: 0.006609924729541352 and parameters: {'lag_0': 0.7941616896693189, 'lag_1': 0.5364217082783201, 'lag_2': 0.18896688540060852, 'lag_3': 0.03827298437060759, 'lag_4': 0.3880159972569249, 'lag_5': 0.5907580249065985, 'lag_6': 0.16169789732811127, 'lag_7': 0.6389099734766778, 'lag_8': 0.02837590977444705, 'lag_9': 0.910645850216405, 'lag_10': 0.37549497208951926, 'lag_11': 0.977387878527784, 'lag_12': 0.7890282983657432, 'lag_13': 0.8623616917656188, 'lag_14': 0.35078439603673384, 'lag_15': 0.22605561408830332, 'lag_16': 0.5695155815985237, 'lag_17': 0.489295899581744, 'lag_18': 0.08221355287444337, 'lag_19': 0.8218005813226656, 'lag_20': 0.967983455534144, 'lag_21': 0.33275342411015274, 'lag_22': 0.9679706845134735, 'lag_23': 0.1300338789626791, 'lag_24': 0.4333148438533869, 'lag_25': 0.04292094523418094, 'lag_26': 0.8564822747702615, 'lag_27': 0.4580510653948067, 'lag_28': 0.835630172704791}. Best is trial 11 with value: 0.006173762671136109.
[I 2025-09-29 11:59:21,537] Trial 89 finished with value: 0.0068409671344147925 and parameters: {'lag_0': 0.6880728088681342, 'lag_1': 0.23767268061982982, 'lag_2': 0.0004729144193312204, 'lag_3': 0.19133519831727153, 'lag_4': 0.11542652419446486, 'lag_5': 0.48946916132523743, 'lag_6': 0.24515921863846804, 'lag_7': 0.7813461199855585, 'lag_8': 0.2868214737836285, 'lag_9': 0.8376995289708993, 'lag_10': 0.6904495226212635, 'lag_11': 0.8743202794179078, 'lag_12': 0.8611988731742403, 'lag_13': 0.9710617898550192, 'lag_14': 0.08733497882248244, 'lag_15': 0.29929431238040194, 'lag_16': 0.47270553974714913, 'lag_17': 0.45283837981549824, 'lag_18': 0.24879024523235194, 'lag_19': 0.9771692778875155, 'lag_20': 0.9359978977626621, 'lag_21': 0.6647209692378535, 'lag_22': 0.7488807500036021, 'lag_23': 0.6629345575169686, 'lag_24': 0.545203386245871, 'lag_25': 0.13347774794577405, 'lag_26': 0.8075831868533101, 'lag_27': 0.832452977172025, 'lag_28': 0.6195868846695147}. Best is trial 11 with value: 0.006173762671136109.
[I 2025-09-29 11:59:23,911] Trial 90 finished with value: 0.006350973519368174 and parameters: {'lag_0': 0.8792882666528199, 'lag_1': 0.0344503452688044, 'lag_2': 0.055717303946228425, 'lag_3': 0.22597730773220456, 'lag_4': 0.607750422686555, 'lag_5': 0.8776006220144674, 'lag_6': 0.061297693862316316, 'lag_7': 0.8577961037528786, 'lag_8': 0.15745355845768683, 'lag_9': 0.7673975865741631, 'lag_10': 0.877478435474999, 'lag_11': 0.8349372197161193, 'lag_12': 0.7464461001902757, 'lag_13': 0.9974909512837049, 'lag_14': 0.5523746563959356, 'lag_15': 0.047382331203099246, 'lag_16': 0.33106258173129244, 'lag_17': 0.12433348263970759, 'lag_18': 0.6121773166974471, 'lag_19': 0.18100834671825156, 'lag_20': 0.8083502095026143, 'lag_21': 0.4952673443550796, 'lag_22': 0.5971591627121513, 'lag_23': 0.9691852886198576, 'lag_24': 0.24283699406209774, 'lag_25': 0.15383648215068535, 'lag_26': 0.9079603799464048, 'lag_27': 0.5155136415090217, 'lag_28': 0.997746521491804}. Best is trial 11 with value: 0.006173762671136109.
[I 2025-09-29 11:59:26,297] Trial 91 finished with value: 0.00654359402062997 and parameters: {'lag_0': 0.9442750704874081, 'lag_1': 0.9297787811068757, 'lag_2': 0.09183757499947913, 'lag_3': 0.09114544735014918, 'lag_4': 0.5101873901300019, 'lag_5': 0.10972536673200241, 'lag_6': 0.2667258925740776, 'lag_7': 0.5987244722122558, 'lag_8': 0.10209416954088482, 'lag_9': 0.12092295061039297, 'lag_10': 0.9033357780050505, 'lag_11': 0.9072949202462481, 'lag_12': 0.4851220446158387, 'lag_13': 0.4638476802436506, 'lag_14': 0.45455102097838224, 'lag_15': 0.48034940759641476, 'lag_16': 0.38178596312337654, 'lag_17': 0.34223508076797016, 'lag_18': 0.5630788093212223, 'lag_19': 0.9105831672270748, 'lag_20': 0.789041386901252, 'lag_21': 0.465731316740434, 'lag_22': 0.7004853080526009, 'lag_23': 0.9296996337571912, 'lag_24': 0.21068006461618358, 'lag_25': 0.2732246997145892, 'lag_26': 0.8827414960767862, 'lag_27': 0.0991252831593139, 'lag_28': 0.5732926954142711}. Best is trial 11 with value: 0.006173762671136109.
[I 2025-09-29 11:59:28,678] Trial 92 finished with value: 0.00649533281797081 and parameters: {'lag_0': 0.8615571888177295, 'lag_1': 0.8688327583807517, 'lag_2': 0.12195412104695615, 'lag_3': 0.07599426051823321, 'lag_4': 0.5705745758711117, 'lag_5': 0.036798336303422885, 'lag_6': 0.564546458773985, 'lag_7': 0.8104202905351402, 'lag_8': 0.35180378230418163, 'lag_9': 0.17436752162894634, 'lag_10': 0.9274302655903516, 'lag_11': 0.4444618065387743, 'lag_12': 0.7261286228489499, 'lag_13': 0.1335172274726678, 'lag_14': 0.4725180637860087, 'lag_15': 0.42394914387244387, 'lag_16': 0.44622928753984153, 'lag_17': 0.19921804925363296, 'lag_18': 0.4718895866326124, 'lag_19': 0.8580877833788619, 'lag_20': 0.7451177836588404, 'lag_21': 0.36780566441434337, 'lag_22': 0.8061535567142771, 'lag_23': 0.8894514151859166, 'lag_24': 0.8155260745491825, 'lag_25': 0.20668061386941303, 'lag_26': 0.5404688589611718, 'lag_27': 0.05315757903322633, 'lag_28': 0.8860608327125529}. Best is trial 11 with value: 0.006173762671136109.
[I 2025-09-29 11:59:31,053] Trial 93 finished with value: 0.0065139940774989235 and parameters: {'lag_0': 0.9770482419254389, 'lag_1': 0.8993715242593379, 'lag_2': 0.4928070955254108, 'lag_3': 0.10741664109965601, 'lag_4': 0.5431950463207816, 'lag_5': 0.07914098621680318, 'lag_6': 0.4196323822300178, 'lag_7': 0.18315523851781235, 'lag_8': 0.3099251048533245, 'lag_9': 0.20969361170974943, 'lag_10': 0.7859563096012849, 'lag_11': 0.36193615817600316, 'lag_12': 0.602270792720531, 'lag_13': 0.4144694496481649, 'lag_14': 0.28511495051009605, 'lag_15': 0.5523317038365005, 'lag_16': 0.41588052204292647, 'lag_17': 0.40734468984101996, 'lag_18': 0.40743956953187466, 'lag_19': 0.483493816639651, 'lag_20': 0.840218972065026, 'lag_21': 0.5388195317303721, 'lag_22': 0.5495001911178672, 'lag_23': 0.7755491496994708, 'lag_24': 0.7576270334294618, 'lag_25': 0.30461227692379617, 'lag_26': 0.23567315642902398, 'lag_27': 0.7480096701648534, 'lag_28': 0.9715674595918539}. Best is trial 11 with value: 0.006173762671136109.
[I 2025-09-29 11:59:33,430] Trial 94 finished with value: 0.006676509763329083 and parameters: {'lag_0': 0.21401784462502765, 'lag_1': 0.9744871492632964, 'lag_2': 0.778971178110123, 'lag_3': 0.022237962322871035, 'lag_4': 0.4930300429878477, 'lag_5': 0.006776381532081564, 'lag_6': 0.46747792953076034, 'lag_7': 0.5198190379171064, 'lag_8': 0.2488498413059935, 'lag_9': 0.7022184516810794, 'lag_10': 0.8505997727416303, 'lag_11': 0.9473416237585565, 'lag_12': 0.8209203136238717, 'lag_13': 0.8351432603429647, 'lag_14': 0.42403046367633535, 'lag_15': 0.4640735030251767, 'lag_16': 0.3556316131704981, 'lag_17': 0.5261700829241883, 'lag_18': 0.4683802102921921, 'lag_19': 0.948131747815104, 'lag_20': 0.6887503990378112, 'lag_21': 0.4226959355043114, 'lag_22': 0.7127342441019222, 'lag_23': 0.836659471886543, 'lag_24': 0.16869264002359735, 'lag_25': 0.43207004372168717, 'lag_26': 0.6278024986031274, 'lag_27': 0.16171471199636933, 'lag_28': 0.3599914801720233}. Best is trial 11 with value: 0.006173762671136109.
[I 2025-09-29 11:59:35,812] Trial 95 finished with value: 0.006423780657583455 and parameters: {'lag_0': 0.8179887575228993, 'lag_1': 0.1478488975309209, 'lag_2': 0.09622287599458557, 'lag_3': 0.8612699622680375, 'lag_4': 0.4504574341914841, 'lag_5': 0.15825384284709015, 'lag_6': 0.5072001833990092, 'lag_7': 0.7437827977645397, 'lag_8': 0.17427911747273697, 'lag_9': 0.9279053130677278, 'lag_10': 0.9702877775975158, 'lag_11': 0.032061434601332206, 'lag_12': 0.6882452389472362, 'lag_13': 0.32766383324297155, 'lag_14': 0.14438583629362806, 'lag_15': 0.2754746456801304, 'lag_16': 0.540457407065337, 'lag_17': 0.3040361544539445, 'lag_18': 0.34476724185799673, 'lag_19': 0.9298800706728884, 'lag_20': 0.8596603522885838, 'lag_21': 0.5900377027245445, 'lag_22': 0.6718032499074195, 'lag_23': 0.9273094503981134, 'lag_24': 0.7850043642837928, 'lag_25': 0.2408324314569948, 'lag_26': 0.8508128381820564, 'lag_27': 0.1339546214029714, 'lag_28': 0.9288525120012251}. Best is trial 11 with value: 0.006173762671136109.
[I 2025-09-29 11:59:38,190] Trial 96 finished with value: 0.006564159437289868 and parameters: {'lag_0': 0.46391967321660565, 'lag_1': 0.8397705641906232, 'lag_2': 0.06530497756568002, 'lag_3': 0.06610336668226723, 'lag_4': 0.41635656918655983, 'lag_5': 0.19543370656153858, 'lag_6': 0.32750870173377944, 'lag_7': 0.6869608746548402, 'lag_8': 0.3582193780842229, 'lag_9': 0.879025089343415, 'lag_10': 0.8825062075414652, 'lag_11': 0.241878360704131, 'lag_12': 0.9088517158919416, 'lag_13': 0.8708385672035202, 'lag_14': 0.2328575333580353, 'lag_15': 0.4099667060677349, 'lag_16': 0.28875422403287954, 'lag_17': 0.4284939265264325, 'lag_18': 0.7236631730124473, 'lag_19': 0.9837031507290362, 'lag_20': 0.8772866557240446, 'lag_21': 0.07650181073649676, 'lag_22': 0.8768649494812625, 'lag_23': 0.8152598828774922, 'lag_24': 0.3497351856164006, 'lag_25': 0.17578382586825608, 'lag_26': 0.4181039538953932, 'lag_27': 0.20883898695538164, 'lag_28': 0.995932823560223}. Best is trial 11 with value: 0.006173762671136109.
[I 2025-09-29 11:59:40,566] Trial 97 finished with value: 0.00669994386547481 and parameters: {'lag_0': 0.9124498471663834, 'lag_1': 0.7684709570094327, 'lag_2': 0.15312956116204024, 'lag_3': 0.8152013512051166, 'lag_4': 0.17547599328607777, 'lag_5': 0.6631469773628267, 'lag_6': 0.20032672540576657, 'lag_7': 0.9287675470735276, 'lag_8': 0.21194619277189902, 'lag_9': 0.31927890491276434, 'lag_10': 0.8288825450448335, 'lag_11': 0.979531177480335, 'lag_12': 0.9600961949961481, 'lag_13': 0.04935338414864654, 'lag_14': 0.5649084569635642, 'lag_15': 0.1338329309211573, 'lag_16': 0.4943341562309451, 'lag_17': 0.35888794874009167, 'lag_18': 0.7726293764071955, 'lag_19': 0.5674901818467862, 'lag_20': 0.7691640875562471, 'lag_21': 0.5733239479548893, 'lag_22': 0.39959874348307134, 'lag_23': 0.8682335135680491, 'lag_24': 0.7139226170392339, 'lag_25': 0.10407847952368557, 'lag_26': 0.34743978620646654, 'lag_27': 0.6173940464275397, 'lag_28': 0.5050446497236255}. Best is trial 11 with value: 0.006173762671136109.
[I 2025-09-29 11:59:42,954] Trial 98 finished with value: 0.006573062533761538 and parameters: {'lag_0': 0.12907773861502192, 'lag_1': 0.7361643280853971, 'lag_2': 0.02466784975330916, 'lag_3': 0.9200350946468862, 'lag_4': 0.6912509566320968, 'lag_5': 0.2536360111139083, 'lag_6': 0.3589791729063828, 'lag_7': 0.5890399245788506, 'lag_8': 0.3217593458339747, 'lag_9': 0.9634234527460441, 'lag_10': 0.811983125313636, 'lag_11': 0.5727786106786046, 'lag_12': 0.7951630969582719, 'lag_13': 0.7474215458863245, 'lag_14': 0.4957401977436901, 'lag_15': 0.08204431349241054, 'lag_16': 0.4470960606445534, 'lag_17': 0.5904045595316153, 'lag_18': 0.6770732027423229, 'lag_19': 0.7320562865830547, 'lag_20': 0.6571460298785737, 'lag_21': 0.17523480140144193, 'lag_22': 0.8336817681672333, 'lag_23': 0.973553434928658, 'lag_24': 0.9687583690614144, 'lag_25': 0.2742783377322266, 'lag_26': 0.5724977138525015, 'lag_27': 0.2724213284002829, 'lag_28': 0.8516214109427966}. Best is trial 11 with value: 0.006173762671136109.
[I 2025-09-29 11:59:45,341] Trial 99 finished with value: 0.006401867337329054 and parameters: {'lag_0': 0.7363633912207669, 'lag_1': 0.817145817457459, 'lag_2': 0.25485224829664127, 'lag_3': 0.020597265223033314, 'lag_4': 0.591221199022119, 'lag_5': 0.8137973817525341, 'lag_6': 0.6033723325853043, 'lag_7': 0.717357208380616, 'lag_8': 0.1334130836845322, 'lag_9': 0.2453170608003393, 'lag_10': 0.7667290359997885, 'lag_11': 0.32168381486434333, 'lag_12': 0.7073693904286865, 'lag_13': 0.9276321423059861, 'lag_14': 0.5368273995299908, 'lag_15': 0.16052493815926125, 'lag_16': 0.3950202952286057, 'lag_17': 0.15882221250873013, 'lag_18': 0.3769064905759789, 'lag_19': 0.7687110084675948, 'lag_20': 0.8163761394351741, 'lag_21': 0.12220377075654795, 'lag_22': 0.7921053448129588, 'lag_23': 0.9024565854858764, 'lag_24': 0.8964833696919889, 'lag_25': 0.3354822454346069, 'lag_26': 0.7368036886275425, 'lag_27': 0.08829767083217832, 'lag_28': 0.4371630715210366}. Best is trial 11 with value: 0.006173762671136109.
2025-09-29 11:59:47,477 - distributed.worker - INFO - Stopping worker at tcp://192.168.86.107:38004. Reason: scheduler-remove-worker
2025-09-29 11:59:47,482 - distributed.nanny - INFO - Closing Nanny gracefully at 'tcp://192.168.86.107:44341'. Reason: scheduler-remove-worker
2025-09-29 11:59:47,487 - distributed.nanny - INFO - Worker closed
2025-09-29 11:59:47,488 - distributed.core - INFO - Connection to tcp://192.168.86.101:45699 has been closed.
slurmstepd: error: *** JOB 3081108 ON node07 CANCELLED AT 2025-09-29T11:59:47 ***
