[I 2025-09-29 12:53:37,190] Trial 82 finished with value: 0.0037643238585207675 and parameters: {'lag_0': 0.05096967024943583, 'lag_1': 0.31753432641169305, 'lag_2': 0.6296621127632718, 'lag_3': 0.7849272833018128, 'lag_4': 0.2574669435238878, 'lag_5': 0.1225714050097215, 'lag_6': 0.5628843034198293, 'lag_7': 0.8685837189389447, 'lag_8': 0.8464220988310114, 'lag_9': 0.7068813261656676, 'lag_10': 0.5632842182980977, 'lag_11': 0.20994814538467352, 'lag_12': 0.35390923960151177, 'lag_13': 0.1202816930930507, 'lag_14': 0.2891549524884041, 'lag_15': 0.3636426629555285, 'lag_16': 0.8062537084013807, 'lag_17': 0.39390823077601933, 'lag_18': 0.704154949035401, 'lag_19': 0.4254655821629884, 'lag_20': 0.6352474916897561, 'lag_21': 0.8519606874418195, 'lag_22': 0.40896433826578693, 'lag_23': 0.36625327079496683, 'lag_24': 0.4168472301693854, 'lag_25': 0.0531723049124041, 'lag_26': 0.18818609235404934, 'lag_27': 0.5130832980089352, 'lag_28': 0.8629459685692019}. Best is trial 12 with value: 0.0034459599961916875.
[I 2025-09-29 12:53:39,683] Trial 83 finished with value: 0.0042979888635950505 and parameters: {'lag_0': 0.06104796318950333, 'lag_1': 0.37224694846553696, 'lag_2': 0.6543134713920141, 'lag_3': 0.6134055566710177, 'lag_4': 0.31551889513713227, 'lag_5': 0.0651896124571183, 'lag_6': 0.5598902882955579, 'lag_7': 0.8660091440259855, 'lag_8': 0.9264971967790199, 'lag_9': 0.6872862810504141, 'lag_10': 0.5747112377215337, 'lag_11': 0.2510714037297324, 'lag_12': 0.33582872737428826, 'lag_13': 0.06319666343329121, 'lag_14': 0.27368853490262296, 'lag_15': 0.35483856291532095, 'lag_16': 0.8103173685790469, 'lag_17': 0.43360364609269575, 'lag_18': 0.7111650806934399, 'lag_19': 0.43797158887827703, 'lag_20': 0.6515793645276468, 'lag_21': 0.8768631148107415, 'lag_22': 0.35224313722275546, 'lag_23': 0.37432054721722474, 'lag_24': 0.5146329230078119, 'lag_25': 0.32006093400584024, 'lag_26': 0.19097474378698148, 'lag_27': 0.5197400623720952, 'lag_28': 0.8705768991478338}. Best is trial 12 with value: 0.0034459599961916875.
[I 2025-09-29 12:53:42,163] Trial 84 finished with value: 0.003913639092522006 and parameters: {'lag_0': 0.1116624061290287, 'lag_1': 0.31063036245066267, 'lag_2': 0.4745040612731841, 'lag_3': 0.6638744443678269, 'lag_4': 0.35661465816221194, 'lag_5': 0.031137157483169725, 'lag_6': 0.49583457033983336, 'lag_7': 0.9207795678886967, 'lag_8': 0.8317947576352092, 'lag_9': 0.6119282683231735, 'lag_10': 0.5600166684516321, 'lag_11': 0.16673564239743052, 'lag_12': 0.3783849060545967, 'lag_13': 0.11756234645877048, 'lag_14': 0.30701706400227036, 'lag_15': 0.4447412427281309, 'lag_16': 0.815820133850264, 'lag_17': 0.3295953737484031, 'lag_18': 0.6706639485580861, 'lag_19': 0.4217117342268658, 'lag_20': 0.6931358960558264, 'lag_21': 0.9215408061416587, 'lag_22': 0.4884975099687735, 'lag_23': 0.43083280610036057, 'lag_24': 0.36485551946647254, 'lag_25': 0.05359819520527204, 'lag_26': 0.03549126975976607, 'lag_27': 0.48720770401355584, 'lag_28': 0.897521893689112}. Best is trial 12 with value: 0.0034459599961916875.
[I 2025-09-29 12:53:44,667] Trial 85 finished with value: 0.0040445402947791535 and parameters: {'lag_0': 0.11649462082663953, 'lag_1': 0.42352331652447067, 'lag_2': 0.4749893245710659, 'lag_3': 0.7057255715851202, 'lag_4': 0.35221480076595074, 'lag_5': 0.027695788964188613, 'lag_6': 0.5041410038917169, 'lag_7': 0.9272145771922353, 'lag_8': 0.7558430373460316, 'lag_9': 0.6221142847042316, 'lag_10': 0.37878807291924466, 'lag_11': 0.20614506612280606, 'lag_12': 0.47274100854070483, 'lag_13': 0.1065531872699368, 'lag_14': 0.298084174214994, 'lag_15': 0.4643367547958722, 'lag_16': 0.7503013072126643, 'lag_17': 0.3954159225371246, 'lag_18': 0.6221137569325915, 'lag_19': 0.335995443570522, 'lag_20': 0.673314532495562, 'lag_21': 0.9148849916121973, 'lag_22': 0.4983464321470543, 'lag_23': 0.4937642985617122, 'lag_24': 0.3016574789473436, 'lag_25': 0.02804737576262463, 'lag_26': 0.02870812413913254, 'lag_27': 0.3643916557681809, 'lag_28': 0.9115556469073454}. Best is trial 12 with value: 0.0034459599961916875.
[I 2025-09-29 12:53:47,175] Trial 86 finished with value: 0.0041290398483965745 and parameters: {'lag_0': 0.10534262517551098, 'lag_1': 0.3768050418098013, 'lag_2': 0.45517492663429376, 'lag_3': 0.6480392704126585, 'lag_4': 0.4654583409583866, 'lag_5': 0.046572858119512436, 'lag_6': 0.4715304310586536, 'lag_7': 0.9930843872292494, 'lag_8': 0.824650623964533, 'lag_9': 0.5369834208315654, 'lag_10': 0.45736861713840415, 'lag_11': 0.3476398603546461, 'lag_12': 0.3743403875059051, 'lag_13': 0.06803970132028685, 'lag_14': 0.22421422486700715, 'lag_15': 0.4358582169252866, 'lag_16': 0.8949283106431358, 'lag_17': 0.34727250739456206, 'lag_18': 0.671872456803619, 'lag_19': 0.3673025799630882, 'lag_20': 0.7378789560441504, 'lag_21': 0.9818666455577009, 'lag_22': 0.4561496430686737, 'lag_23': 0.45078788441068046, 'lag_24': 0.4227521046248711, 'lag_25': 0.10941535419372611, 'lag_26': 0.09361303162061275, 'lag_27': 0.6069683185547642, 'lag_28': 0.5462278308718145}. Best is trial 12 with value: 0.0034459599961916875.
[I 2025-09-29 12:53:49,680] Trial 87 finished with value: 0.0043857027910387866 and parameters: {'lag_0': 0.028849914509203784, 'lag_1': 0.25936219890945844, 'lag_2': 0.39887100079856025, 'lag_3': 0.7878336246632511, 'lag_4': 0.24069665651952957, 'lag_5': 0.07965957288411618, 'lag_6': 0.378281476419449, 'lag_7': 0.9664762920855859, 'lag_8': 0.9140043592994981, 'lag_9': 0.5873270691397877, 'lag_10': 0.6168331700053121, 'lag_11': 0.15632525652027213, 'lag_12': 0.4264942801733458, 'lag_13': 0.029009155566771222, 'lag_14': 0.41466710858704103, 'lag_15': 0.3396135631246947, 'lag_16': 0.8481978327638358, 'lag_17': 0.4675353539963413, 'lag_18': 0.7593198685367825, 'lag_19': 0.41455399738086085, 'lag_20': 0.6827351959018131, 'lag_21': 0.8639354100314531, 'lag_22': 0.09916833356084592, 'lag_23': 0.4353263823617042, 'lag_24': 0.36040482118634787, 'lag_25': 0.05320724985658288, 'lag_26': 0.023414165270441017, 'lag_27': 0.6626437532286965, 'lag_28': 0.8988172904568559}. Best is trial 12 with value: 0.0034459599961916875.
[I 2025-09-29 12:53:52,178] Trial 88 finished with value: 0.004091341732650773 and parameters: {'lag_0': 0.6478575935679969, 'lag_1': 0.4841666660601059, 'lag_2': 0.5403568981384554, 'lag_3': 0.7336210556267935, 'lag_4': 0.281752399030615, 'lag_5': 0.639441554907586, 'lag_6': 0.44383713502828487, 'lag_7': 0.8177550376250797, 'lag_8': 0.8878699190870306, 'lag_9': 0.47246767304796566, 'lag_10': 0.5245244719535266, 'lag_11': 0.30250735291654307, 'lag_12': 0.5143418864959448, 'lag_13': 0.1660729628056427, 'lag_14': 0.25164937573760104, 'lag_15': 0.517751635950605, 'lag_16': 0.7038307779376045, 'lag_17': 0.38427352425778655, 'lag_18': 0.6682410773972484, 'lag_19': 0.4772220649505654, 'lag_20': 0.369202949696451, 'lag_21': 0.9352001757494532, 'lag_22': 0.27225716947287787, 'lag_23': 0.522152056197981, 'lag_24': 0.46797634453516446, 'lag_25': 0.09365612537297424, 'lag_26': 0.2535946571174448, 'lag_27': 0.3045505048554834, 'lag_28': 0.7870886294151413}. Best is trial 12 with value: 0.0034459599961916875.
[I 2025-09-29 12:53:54,654] Trial 89 finished with value: 0.0047690793987654745 and parameters: {'lag_0': 0.1816330010395125, 'lag_1': 0.17786384371474787, 'lag_2': 0.3622520393418299, 'lag_3': 0.6661205363707681, 'lag_4': 0.024638125853770728, 'lag_5': 0.1294504902888679, 'lag_6': 0.27660823408429824, 'lag_7': 0.8859672069878379, 'lag_8': 0.9693392610526805, 'lag_9': 0.7507023471106892, 'lag_10': 0.5471662174982627, 'lag_11': 0.21733321855085333, 'lag_12': 0.29586481027919254, 'lag_13': 0.10227370130867225, 'lag_14': 0.3096940828174222, 'lag_15': 0.38894146446685995, 'lag_16': 0.7789446535723447, 'lag_17': 0.44778095634803156, 'lag_18': 0.026741886657300998, 'lag_19': 0.30465105780530366, 'lag_20': 0.7165906794096392, 'lag_21': 0.9625872405188656, 'lag_22': 0.47728480917646554, 'lag_23': 0.03835269864012206, 'lag_24': 0.25450490086467153, 'lag_25': 0.22114114237352586, 'lag_26': 0.1219034438350213, 'lag_27': 0.47451576590561867, 'lag_28': 0.22041834214641426}. Best is trial 12 with value: 0.0034459599961916875.
[I 2025-09-29 12:53:57,140] Trial 90 finished with value: 0.004357516976655358 and parameters: {'lag_0': 0.15384376308517764, 'lag_1': 0.29415469662566923, 'lag_2': 0.5128657755317293, 'lag_3': 0.780137233208222, 'lag_4': 0.5226209245762036, 'lag_5': 0.08169619642688623, 'lag_6': 0.5296191905902327, 'lag_7': 0.8477095699284395, 'lag_8': 0.7889378152370596, 'lag_9': 0.6631318779113039, 'lag_10': 0.48874443150831015, 'lag_11': 0.27096265090842675, 'lag_12': 0.32150809864716157, 'lag_13': 0.5900873692962416, 'lag_14': 0.2739454293067109, 'lag_15': 0.14548373164939116, 'lag_16': 0.7910430786860881, 'lag_17': 0.9754082241919297, 'lag_18': 0.8110663937136245, 'lag_19': 0.4494120388554487, 'lag_20': 0.7990324802521835, 'lag_21': 0.24743967276576428, 'lag_22': 0.04543035702972034, 'lag_23': 0.409513707591753, 'lag_24': 0.37054418169622216, 'lag_25': 0.019969118892200557, 'lag_26': 0.16489319585958007, 'lag_27': 0.5354530426379891, 'lag_28': 0.8575823655440759}. Best is trial 12 with value: 0.0034459599961916875.
[I 2025-09-29 12:53:59,807] Trial 91 finished with value: 0.004705067446516052 and parameters: {'lag_0': 0.07518332112076179, 'lag_1': 0.3201123052903376, 'lag_2': 0.6352971744987768, 'lag_3': 0.409149152861374, 'lag_4': 0.34398186785585094, 'lag_5': 0.09414890342994901, 'lag_6': 0.6674766254606302, 'lag_7': 0.7615122182140548, 'lag_8': 0.8366786053887401, 'lag_9': 0.7783265423189956, 'lag_10': 0.5925382345944836, 'lag_11': 0.17686162429005792, 'lag_12': 0.4599929347677729, 'lag_13': 0.126397145022224, 'lag_14': 0.34793592727413525, 'lag_15': 0.37910006354538467, 'lag_16': 0.8804495620865004, 'lag_17': 0.26191865958368743, 'lag_18': 0.7043884353194294, 'lag_19': 0.8414250488116777, 'lag_20': 0.6264241998764056, 'lag_21': 0.8496791496641483, 'lag_22': 0.4045191709946744, 'lag_23': 0.37039983601659937, 'lag_24': 0.5333394712799726, 'lag_25': 0.05997086787536636, 'lag_26': 0.18079687380695458, 'lag_27': 0.4237175237242231, 'lag_28': 0.9427734397732226}. Best is trial 12 with value: 0.0034459599961916875.
[I 2025-09-29 12:54:02,332] Trial 92 finished with value: 0.004249039276763251 and parameters: {'lag_0': 0.024538447797010504, 'lag_1': 0.32506459701341434, 'lag_2': 0.586008875327108, 'lag_3': 0.5744646416945948, 'lag_4': 0.28998424028273484, 'lag_5': 0.11941064278360142, 'lag_6': 0.5728938299610199, 'lag_7': 0.9217069481599708, 'lag_8': 0.308389076301426, 'lag_9': 0.6962813780718438, 'lag_10': 0.5811126487933943, 'lag_11': 0.13424816635558207, 'lag_12': 0.4172027395274611, 'lag_13': 0.1310643634955761, 'lag_14': 0.3423712835564563, 'lag_15': 0.4226488623767452, 'lag_16': 0.8333399661879544, 'lag_17': 0.2780574524752031, 'lag_18': 0.722330426860164, 'lag_19': 0.647759162208935, 'lag_20': 0.63998726640991, 'lag_21': 0.7853022358953607, 'lag_22': 0.3979772688143597, 'lag_23': 0.315207684925944, 'lag_24': 0.4935508105777172, 'lag_25': 0.07280009376006848, 'lag_26': 0.21298637683517113, 'lag_27': 0.4984983300243552, 'lag_28': 0.9832608910839427}. Best is trial 12 with value: 0.0034459599961916875.
[I 2025-09-29 12:54:04,845] Trial 93 finished with value: 0.0046163788906936135 and parameters: {'lag_0': 0.007308164039053246, 'lag_1': 0.20748475464137847, 'lag_2': 0.4394491040269921, 'lag_3': 0.5399130195184934, 'lag_4': 0.37147457501665493, 'lag_5': 0.0337244443160612, 'lag_6': 0.6411954614121496, 'lag_7': 0.7175193632051093, 'lag_8': 0.9486193318675384, 'lag_9': 0.7278933038096473, 'lag_10': 0.6842313109925997, 'lag_11': 0.10353004632091789, 'lag_12': 0.35165277568341263, 'lag_13': 0.05989977484083086, 'lag_14': 0.33233841427120386, 'lag_15': 0.3188915121732887, 'lag_16': 0.8094633407777488, 'lag_17': 0.24685563336996735, 'lag_18': 0.734864468237321, 'lag_19': 0.7014498118095406, 'lag_20': 0.54574540319307, 'lag_21': 0.8922145418198566, 'lag_22': 0.3157527420741307, 'lag_23': 0.07930960630932381, 'lag_24': 0.5628471482005777, 'lag_25': 0.10070936590579975, 'lag_26': 0.0772649835887058, 'lag_27': 0.4954731290153115, 'lag_28': 0.9266612401617137}. Best is trial 12 with value: 0.0034459599961916875.
[I 2025-09-29 12:54:07,332] Trial 94 finished with value: 0.00399734721755974 and parameters: {'lag_0': 0.050692383001525905, 'lag_1': 0.39070687202849547, 'lag_2': 0.557983044558956, 'lag_3': 0.3281608091479049, 'lag_4': 0.26582336910334714, 'lag_5': 0.15356151254220576, 'lag_6': 0.5483580180836223, 'lag_7': 0.9446720082999672, 'lag_8': 0.888287595665683, 'lag_9': 0.5647404194968824, 'lag_10': 0.5611337111333995, 'lag_11': 0.17037094970981612, 'lag_12': 0.33511591762789306, 'lag_13': 0.08791322151235244, 'lag_14': 0.456557612742726, 'lag_15': 0.27624849983435407, 'lag_16': 0.8286230732177902, 'lag_17': 0.34509156127837437, 'lag_18': 0.734764152799053, 'lag_19': 0.5215090628428926, 'lag_20': 0.6045395118581918, 'lag_21': 0.7533516786078059, 'lag_22': 0.3805990535212728, 'lag_23': 0.3582936022805496, 'lag_24': 0.6274474669980714, 'lag_25': 0.051775485641505956, 'lag_26': 0.051179929146899755, 'lag_27': 0.5629005664977785, 'lag_28': 0.07230830280027244}. Best is trial 12 with value: 0.0034459599961916875.
[I 2025-09-29 12:54:09,826] Trial 95 finished with value: 0.004105724725749241 and parameters: {'lag_0': 0.09501806620811193, 'lag_1': 0.23653421920617107, 'lag_2': 0.6190082900798746, 'lag_3': 0.9064943510004054, 'lag_4': 0.401854022839363, 'lag_5': 0.18184053642913295, 'lag_6': 0.7064741300717295, 'lag_7': 0.9996809172098663, 'lag_8': 0.9160034265210897, 'lag_9': 0.6443325495091985, 'lag_10': 0.6317598766749796, 'lag_11': 0.2049161415879901, 'lag_12': 0.232853837993711, 'lag_13': 0.3270009192950228, 'lag_14': 0.522537177300701, 'lag_15': 0.45812675369660794, 'lag_16': 0.6165795381839566, 'lag_17': 0.3253002919967013, 'lag_18': 0.6084380407378457, 'lag_19': 0.41781268414990924, 'lag_20': 0.2097927269006189, 'lag_21': 0.8284582321415508, 'lag_22': 0.4290215511853817, 'lag_23': 0.1399389667943195, 'lag_24': 0.6842537563066906, 'lag_25': 0.15955239150419404, 'lag_26': 0.24263140990910595, 'lag_27': 0.3897830427623384, 'lag_28': 0.8357448835967273}. Best is trial 12 with value: 0.0034459599961916875.
[I 2025-09-29 12:54:12,343] Trial 96 finished with value: 0.0038892217686320833 and parameters: {'lag_0': 0.7362177602455173, 'lag_1': 0.6113458308707951, 'lag_2': 0.9949375428269772, 'lag_3': 0.6994045613045488, 'lag_4': 0.46000519173464116, 'lag_5': 0.7469535028764935, 'lag_6': 0.6031607532947624, 'lag_7': 0.9638012821498279, 'lag_8': 0.8110252003246365, 'lag_9': 0.6162759357089718, 'lag_10': 0.7514377951695268, 'lag_11': 0.04665368753988411, 'lag_12': 0.3744750251614296, 'lag_13': 0.017189425811852704, 'lag_14': 0.2052937417888247, 'lag_15': 0.0897671612003377, 'lag_16': 0.662890468987096, 'lag_17': 0.20950846538905368, 'lag_18': 0.5112457234600127, 'lag_19': 0.46297702475718056, 'lag_20': 0.6969592864448613, 'lag_21': 0.7106822975402998, 'lag_22': 0.6256061334684999, 'lag_23': 0.4182025317320674, 'lag_24': 0.4469038808296016, 'lag_25': 0.01870279367885995, 'lag_26': 0.12210542467208499, 'lag_27': 0.46059403836358603, 'lag_28': 0.9567469383170834}. Best is trial 12 with value: 0.0034459599961916875.
[I 2025-09-29 12:54:14,834] Trial 97 finished with value: 0.0038157928798069106 and parameters: {'lag_0': 0.7978262143822716, 'lag_1': 0.6067275195815368, 'lag_2': 0.93618305637857, 'lag_3': 0.6920815100857194, 'lag_4': 0.590517255334368, 'lag_5': 0.7513367948497082, 'lag_6': 0.5895184802237297, 'lag_7': 0.9682499215097132, 'lag_8': 0.7699097693840451, 'lag_9': 0.5978681880026634, 'lag_10': 0.7478234316636196, 'lag_11': 0.05929622437638038, 'lag_12': 0.38756087365040115, 'lag_13': 0.023509478148113883, 'lag_14': 0.2067008129678915, 'lag_15': 0.06379609404612435, 'lag_16': 0.6520096391424457, 'lag_17': 0.19200197138847483, 'lag_18': 0.2776370604594285, 'lag_19': 0.4914212705754279, 'lag_20': 0.6922887288068431, 'lag_21': 0.5876214866239367, 'lag_22': 0.538102585447489, 'lag_23': 0.47782015752565743, 'lag_24': 0.43763268681496414, 'lag_25': 0.019505916381410304, 'lag_26': 0.15987134474789835, 'lag_27': 0.46580949414530176, 'lag_28': 0.8900280179110899}. Best is trial 12 with value: 0.0034459599961916875.
[I 2025-09-29 12:54:17,343] Trial 98 finished with value: 0.004197750153677496 and parameters: {'lag_0': 0.74577310583438, 'lag_1': 0.6142451719863727, 'lag_2': 0.9847391923294733, 'lag_3': 0.7478251650721629, 'lag_4': 0.5898310260214131, 'lag_5': 0.704192123491385, 'lag_6': 0.6495308667163818, 'lag_7': 0.9648259754267332, 'lag_8': 0.7749418360848759, 'lag_9': 0.5288261239575374, 'lag_10': 0.7606945699587179, 'lag_11': 0.1011868093578152, 'lag_12': 0.4470075770287106, 'lag_13': 0.0009587438337357798, 'lag_14': 0.14334593018419775, 'lag_15': 0.037410176681162824, 'lag_16': 0.6525473891714056, 'lag_17': 0.19956401005773622, 'lag_18': 0.35047300074430676, 'lag_19': 0.4873061331398426, 'lag_20': 0.12685144877123888, 'lag_21': 0.604662138370828, 'lag_22': 0.6361684975533652, 'lag_23': 0.4766660242723378, 'lag_24': 0.44518225343858997, 'lag_25': 0.018243952259913872, 'lag_26': 0.13354718941952665, 'lag_27': 0.2579884416061143, 'lag_28': 0.8640454642746122}. Best is trial 12 with value: 0.0034459599961916875.
[I 2025-09-29 12:54:19,823] Trial 99 finished with value: 0.0036801503354981385 and parameters: {'lag_0': 0.7233223645322174, 'lag_1': 0.5747157575479581, 'lag_2': 0.93862001361672, 'lag_3': 0.6894853273143302, 'lag_4': 0.448467700025245, 'lag_5': 0.7451661921372246, 'lag_6': 0.5884187262526686, 'lag_7': 0.8892115736758452, 'lag_8': 0.8088296117292768, 'lag_9': 0.6678774574254276, 'lag_10': 0.7304980243596609, 'lag_11': 0.04832172622758957, 'lag_12': 0.3957894640459227, 'lag_13': 0.025511242274174728, 'lag_14': 0.20506543319787568, 'lag_15': 0.07665694110778865, 'lag_16': 0.6707355424752226, 'lag_17': 0.14535025818145517, 'lag_18': 0.5108861840368535, 'lag_19': 0.5366017026713649, 'lag_20': 0.30141595163374746, 'lag_21': 0.5570987569638194, 'lag_22': 0.6633885285203185, 'lag_23': 0.550321618505023, 'lag_24': 0.38918879840766696, 'lag_25': 0.5183184499633439, 'lag_26': 0.15488885216080903, 'lag_27': 0.46120092377917343, 'lag_28': 0.8882384627390224}. Best is trial 12 with value: 0.0034459599961916875.
[I 2025-09-29 12:54:19,838] A new study created in memory with name: no-name-f1f9b046-3e33-48f7-9e7e-165465a62ccd
[I 2025-09-29 12:54:22,252] Trial 0 finished with value: 0.005940273085812391 and parameters: {'lag_0': 0.8500425238690615, 'lag_1': 0.5030390588379103, 'lag_2': 0.2498158167507543, 'lag_3': 0.5089015679274077, 'lag_4': 0.4342954089544385, 'lag_5': 0.31504340728085795, 'lag_6': 0.7937238944820383, 'lag_7': 0.6708515644375534, 'lag_8': 0.9498239088956943, 'lag_9': 0.20067594949676065, 'lag_10': 0.5399218694940497, 'lag_11': 0.11698330843565348, 'lag_12': 0.1841276991739151, 'lag_13': 0.32634918952692943, 'lag_14': 0.9930397326521584, 'lag_15': 0.8046753515847167, 'lag_16': 0.12213031032327767, 'lag_17': 0.433098405393824, 'lag_18': 0.4504033153133156, 'lag_19': 0.0803302788709656, 'lag_20': 0.508690949404843, 'lag_21': 0.9833564812791088, 'lag_22': 0.9413586309727093, 'lag_23': 0.8779219652165002, 'lag_24': 0.0015069024227229995, 'lag_25': 0.045435675066077055, 'lag_26': 0.38735723172552666, 'lag_27': 0.634373568733667, 'lag_28': 0.10336382221070911}. Best is trial 0 with value: 0.005940273085812391.
[I 2025-09-29 12:54:24,674] Trial 1 finished with value: 0.0062216688340443905 and parameters: {'lag_0': 0.4045237894657644, 'lag_1': 0.6147494344597716, 'lag_2': 0.2920879367935121, 'lag_3': 0.8423722921014916, 'lag_4': 0.007694792597385091, 'lag_5': 0.9841253965939918, 'lag_6': 0.7858089964314833, 'lag_7': 0.5102827957372426, 'lag_8': 0.03041747006210497, 'lag_9': 0.5242171908242453, 'lag_10': 0.7860491853738493, 'lag_11': 0.4434465201761468, 'lag_12': 0.7780520809552393, 'lag_13': 0.2015728875468887, 'lag_14': 0.6259865739657701, 'lag_15': 0.2232398466315021, 'lag_16': 0.4370812396095449, 'lag_17': 0.7611266014112372, 'lag_18': 0.2043621747137448, 'lag_19': 0.17084691798880844, 'lag_20': 0.881548531991055, 'lag_21': 0.8255467736854317, 'lag_22': 0.8622616297159665, 'lag_23': 0.22066768202703071, 'lag_24': 0.050670592475727555, 'lag_25': 0.12916581863589363, 'lag_26': 0.6208741703326549, 'lag_27': 0.3930574938712608, 'lag_28': 0.5819221966877135}. Best is trial 0 with value: 0.005940273085812391.
[I 2025-09-29 12:54:27,104] Trial 2 finished with value: 0.006197777542807223 and parameters: {'lag_0': 0.023230805326080715, 'lag_1': 0.7594573086805343, 'lag_2': 0.09483838879139393, 'lag_3': 0.5623791134315889, 'lag_4': 0.20023220649871334, 'lag_5': 0.9135669430780521, 'lag_6': 0.5758762824706906, 'lag_7': 0.5588928920331339, 'lag_8': 0.7153229967531025, 'lag_9': 0.05911135154062097, 'lag_10': 0.7037655710956469, 'lag_11': 0.8416211057294609, 'lag_12': 0.014856133885785223, 'lag_13': 0.5188664290227099, 'lag_14': 0.5618006095598992, 'lag_15': 0.035622272514771416, 'lag_16': 0.5469676114948643, 'lag_17': 0.763346070009051, 'lag_18': 0.33209059591525264, 'lag_19': 0.6107281555269027, 'lag_20': 0.7405249790688916, 'lag_21': 0.6750909353804081, 'lag_22': 0.3883954512447168, 'lag_23': 0.9658153568212643, 'lag_24': 0.5963541567460028, 'lag_25': 0.8057878970133646, 'lag_26': 0.2211113331923654, 'lag_27': 0.558048493918007, 'lag_28': 0.7508714217157373}. Best is trial 0 with value: 0.005940273085812391.
