[I 2025-09-29 11:56:11,648] Trial 4 finished with value: 0.012118314638659682 and parameters: {'lag_0': 0.0736074468526618, 'lag_1': 0.7456032057191263, 'lag_2': 0.43923300601473436, 'lag_3': 0.26471848077664123, 'lag_4': 0.5770586269212663, 'lag_5': 0.5393643921719008, 'lag_6': 0.9336939762256563, 'lag_7': 0.5551935374480778, 'lag_8': 0.4591809790401031, 'lag_9': 0.0732872949462469, 'lag_10': 0.968752327990812, 'lag_11': 0.3322119267627762, 'lag_12': 0.9393508750615768, 'lag_13': 0.171081858598895, 'lag_14': 0.558235043360582, 'lag_15': 0.9847928484159517, 'lag_16': 0.9344526770275747, 'lag_17': 0.9806077877217434, 'lag_18': 0.4033922119432411, 'lag_19': 0.13892861229858516, 'lag_20': 0.2205551237300332, 'lag_21': 0.012297800806058015, 'lag_22': 0.8771870128876569, 'lag_23': 0.028368313094951567, 'lag_24': 0.3315928962538468, 'lag_25': 0.899830198338875, 'lag_26': 0.7469819359535765, 'lag_27': 0.2929423302690404, 'lag_28': 0.8392212238400024}. Best is trial 0 with value: 0.011797640994475894.
[I 2025-09-29 11:56:14,015] Trial 5 finished with value: 0.01227995255425177 and parameters: {'lag_0': 0.8560363233407313, 'lag_1': 0.35977026892408426, 'lag_2': 0.4027336961455757, 'lag_3': 0.7350296484689978, 'lag_4': 0.8917333852291414, 'lag_5': 0.8355755329047874, 'lag_6': 0.3646226749254841, 'lag_7': 0.29783640323021415, 'lag_8': 0.10588397915139748, 'lag_9': 0.2581224590998797, 'lag_10': 0.19161274495298303, 'lag_11': 0.33878241456330394, 'lag_12': 0.09950680798534582, 'lag_13': 0.7772784336565739, 'lag_14': 0.7647835613419917, 'lag_15': 0.38573678280563534, 'lag_16': 0.8524253881865788, 'lag_17': 0.907434895255255, 'lag_18': 0.6375779909457883, 'lag_19': 0.664856990502988, 'lag_20': 0.9915331151284548, 'lag_21': 0.37482742379474465, 'lag_22': 0.6439632176771829, 'lag_23': 0.1424848871480874, 'lag_24': 0.5195306156509809, 'lag_25': 0.23154670824679582, 'lag_26': 0.4312425111177352, 'lag_27': 0.41762930912806373, 'lag_28': 0.21724940587308245}. Best is trial 0 with value: 0.011797640994475894.
[I 2025-09-29 11:56:16,376] Trial 6 finished with value: 0.012061217835553173 and parameters: {'lag_0': 0.8382724403058516, 'lag_1': 0.47413921700775674, 'lag_2': 0.6423474786582911, 'lag_3': 0.055165225111209866, 'lag_4': 0.4767260525301849, 'lag_5': 0.5123975190729511, 'lag_6': 0.10663046009063946, 'lag_7': 0.23435114357800138, 'lag_8': 0.6064413280111982, 'lag_9': 0.41449508879628666, 'lag_10': 0.34179118101415795, 'lag_11': 0.902274772968949, 'lag_12': 0.7260931418224598, 'lag_13': 0.14803980666468178, 'lag_14': 0.964771991395982, 'lag_15': 0.00028428589994851567, 'lag_16': 0.052329234905645, 'lag_17': 0.42705762571034445, 'lag_18': 0.47015313826016686, 'lag_19': 0.37650941863449366, 'lag_20': 0.8278085610728839, 'lag_21': 0.6973451922551231, 'lag_22': 0.16288653319271124, 'lag_23': 0.25285058007192485, 'lag_24': 0.9172372775540261, 'lag_25': 0.3656706874186458, 'lag_26': 0.1821283321557645, 'lag_27': 0.13483887568845873, 'lag_28': 0.14030536566746277}. Best is trial 0 with value: 0.011797640994475894.
[I 2025-09-29 11:56:18,734] Trial 7 finished with value: 0.012073591416195883 and parameters: {'lag_0': 0.8424246852757888, 'lag_1': 0.47242485219782865, 'lag_2': 0.96864755950659, 'lag_3': 0.7361488140728991, 'lag_4': 0.21240321205323504, 'lag_5': 0.9320146834233505, 'lag_6': 0.33017937319619944, 'lag_7': 0.30971060276410406, 'lag_8': 0.8347297291480058, 'lag_9': 0.09895457754456055, 'lag_10': 0.9265141209840227, 'lag_11': 0.3240348295613547, 'lag_12': 0.014177995241625004, 'lag_13': 0.144696587370826, 'lag_14': 0.6096269725030976, 'lag_15': 0.0005964274648649415, 'lag_16': 0.03295749344733064, 'lag_17': 0.6819933838380016, 'lag_18': 0.2980142663590703, 'lag_19': 0.8936977057860181, 'lag_20': 0.6786902001159433, 'lag_21': 0.932082578652557, 'lag_22': 0.29626998616223993, 'lag_23': 0.6460344893233955, 'lag_24': 0.6176278555174809, 'lag_25': 0.9079075755734213, 'lag_26': 0.36285248806699055, 'lag_27': 0.6320510437694292, 'lag_28': 0.3735608627058549}. Best is trial 0 with value: 0.011797640994475894.
[I 2025-09-29 11:56:21,094] Trial 8 finished with value: 0.01198799478550746 and parameters: {'lag_0': 0.15998860496901185, 'lag_1': 0.28114813521825727, 'lag_2': 0.843998805718901, 'lag_3': 0.07824166884854121, 'lag_4': 0.5036296086981922, 'lag_5': 0.7232409537688316, 'lag_6': 0.5058654019432378, 'lag_7': 0.7034567673820791, 'lag_8': 0.21997206640362554, 'lag_9': 0.7302103280814363, 'lag_10': 0.6805799034772734, 'lag_11': 0.12695818313594384, 'lag_12': 0.48889490075484504, 'lag_13': 0.32374283211443616, 'lag_14': 0.9665781442243632, 'lag_15': 0.03964485353823828, 'lag_16': 0.9429830969081321, 'lag_17': 0.21240922635702145, 'lag_18': 0.8892768092052367, 'lag_19': 0.2798053822285692, 'lag_20': 0.57620973191923, 'lag_21': 0.8969953588006021, 'lag_22': 0.3002693082912832, 'lag_23': 0.7789301917591991, 'lag_24': 0.934731634057155, 'lag_25': 0.15795539048248983, 'lag_26': 0.02379378764350696, 'lag_27': 0.33649778053439433, 'lag_28': 0.5884967365252998}. Best is trial 0 with value: 0.011797640994475894.
[I 2025-09-29 11:56:23,586] Trial 9 finished with value: 0.012057994190523327 and parameters: {'lag_0': 0.39256823484204356, 'lag_1': 0.8138789187822906, 'lag_2': 0.1341277627635965, 'lag_3': 0.981261846511967, 'lag_4': 0.42670988013940947, 'lag_5': 0.29737770564919047, 'lag_6': 0.17716451567273056, 'lag_7': 0.24347777786361396, 'lag_8': 0.574510568977041, 'lag_9': 0.5683785080201037, 'lag_10': 0.1358875525024356, 'lag_11': 0.8514428836941585, 'lag_12': 0.5125670811462747, 'lag_13': 0.8778575219732151, 'lag_14': 0.9293193473866098, 'lag_15': 0.6987810740799076, 'lag_16': 0.7301036464655776, 'lag_17': 0.9085280685990466, 'lag_18': 0.5618618407745029, 'lag_19': 0.31403996144797813, 'lag_20': 0.6878475262619665, 'lag_21': 0.7807277241460391, 'lag_22': 0.9079074289551935, 'lag_23': 0.8282143414637964, 'lag_24': 0.8717603874179467, 'lag_25': 0.22954210218941568, 'lag_26': 0.5154278511333606, 'lag_27': 0.2619478512498104, 'lag_28': 0.8890786750950425}. Best is trial 0 with value: 0.011797640994475894.
[I 2025-09-29 11:56:26,000] Trial 10 finished with value: 0.011919029388091636 and parameters: {'lag_0': 0.636029731170791, 'lag_1': 0.9875808250151126, 'lag_2': 0.269931379634943, 'lag_3': 0.3923775347955671, 'lag_4': 0.018156124438464427, 'lag_5': 0.053400097507562305, 'lag_6': 0.7953301498222707, 'lag_7': 0.054690895229573266, 'lag_8': 0.96584102834456, 'lag_9': 0.990138932453222, 'lag_10': 0.5395078365383872, 'lag_11': 0.6521795212872917, 'lag_12': 0.9564189639897482, 'lag_13': 0.5671877307920282, 'lag_14': 0.330251074495752, 'lag_15': 0.27836077948793525, 'lag_16': 0.2978684192201586, 'lag_17': 0.01816282544171162, 'lag_18': 0.0027681853295124237, 'lag_19': 0.03601922188853221, 'lag_20': 0.2835206277265532, 'lag_21': 0.521145662395275, 'lag_22': 0.5573407222069933, 'lag_23': 0.9873019859967598, 'lag_24': 0.2788019268962665, 'lag_25': 0.0343899550966881, 'lag_26': 0.9668162907570945, 'lag_27': 0.9589443976152993, 'lag_28': 0.026028710254133114}. Best is trial 0 with value: 0.011797640994475894.
[I 2025-09-29 11:56:28,409] Trial 11 finished with value: 0.012241884881512809 and parameters: {'lag_0': 0.6501788610268701, 'lag_1': 0.964761332475094, 'lag_2': 0.29297071519215706, 'lag_3': 0.4296260313160037, 'lag_4': 0.0032221256570115764, 'lag_5': 0.0005687188521351708, 'lag_6': 0.7733589733872968, 'lag_7': 0.015589971688755144, 'lag_8': 0.9913476150003034, 'lag_9': 0.9999710336579347, 'lag_10': 0.5424485820465937, 'lag_11': 0.681973076301656, 'lag_12': 0.8939960052967147, 'lag_13': 0.5645183681911646, 'lag_14': 0.2904066628668382, 'lag_15': 0.27118144539712236, 'lag_16': 0.294440353690861, 'lag_17': 0.05884728151239932, 'lag_18': 0.04042671829850815, 'lag_19': 0.010154474649339273, 'lag_20': 0.26747501541468277, 'lag_21': 0.5416444478192805, 'lag_22': 0.5883620123615099, 'lag_23': 0.9842053779975588, 'lag_24': 0.28439184736636614, 'lag_25': 0.019691116402613666, 'lag_26': 0.9845459645658602, 'lag_27': 0.927623630376876, 'lag_28': 0.03490896048577191}. Best is trial 0 with value: 0.011797640994475894.
[I 2025-09-29 11:56:30,815] Trial 12 finished with value: 0.012100677335313914 and parameters: {'lag_0': 0.6376616988478481, 'lag_1': 0.9508889233656043, 'lag_2': 0.2630766465765057, 'lag_3': 0.38912935002892546, 'lag_4': 0.6291934957111807, 'lag_5': 0.013215990870093397, 'lag_6': 0.965358493669284, 'lag_7': 0.08121765501220785, 'lag_8': 0.9791161249137363, 'lag_9': 0.983044715026561, 'lag_10': 0.4723676279516379, 'lag_11': 0.6803270024085742, 'lag_12': 0.7674813926506188, 'lag_13': 0.5563547018975632, 'lag_14': 0.3658246302841353, 'lag_15': 0.21046986458261835, 'lag_16': 0.3167115655922357, 'lag_17': 0.007399686633718705, 'lag_18': 0.010095326157259495, 'lag_19': 0.05731494367931966, 'lag_20': 0.06318928566875076, 'lag_21': 0.45030053432242406, 'lag_22': 0.49267722016658233, 'lag_23': 0.9363710411590506, 'lag_24': 0.012511608487677073, 'lag_25': 0.0054566868091222714, 'lag_26': 0.9873570399252, 'lag_27': 0.6923202821160366, 'lag_28': 0.6140385527394033}. Best is trial 0 with value: 0.011797640994475894.
[I 2025-09-29 11:56:33,215] Trial 13 finished with value: 0.011771676818445622 and parameters: {'lag_0': 0.9626854622459767, 'lag_1': 0.6538257066840731, 'lag_2': 0.6094859232375106, 'lag_3': 0.5267563793761147, 'lag_4': 0.3144752639650305, 'lag_5': 0.2615390230452269, 'lag_6': 0.7226597272412606, 'lag_7': 0.463055786878305, 'lag_8': 0.7965090748160851, 'lag_9': 0.87367958914488, 'lag_10': 0.00267442896980169, 'lag_11': 0.6605429515002703, 'lag_12': 0.7736290084691038, 'lag_13': 0.4066495753174318, 'lag_14': 0.018219000392663498, 'lag_15': 0.2845630936866279, 'lag_16': 0.3331282693710459, 'lag_17': 0.22950430345219214, 'lag_18': 0.16542977540701403, 'lag_19': 0.23675669792019155, 'lag_20': 0.3646863657032514, 'lag_21': 0.5722222516834351, 'lag_22': 0.7043800308437881, 'lag_23': 0.6738728643821434, 'lag_24': 0.2597224505356236, 'lag_25': 0.5793910473622114, 'lag_26': 0.8018695508099372, 'lag_27': 0.5956027904762495, 'lag_28': 0.059269259565036314}. Best is trial 13 with value: 0.011771676818445622.
[I 2025-09-29 11:56:35,621] Trial 14 finished with value: 0.01168104527612803 and parameters: {'lag_0': 0.9363717742681344, 'lag_1': 0.6075068574339887, 'lag_2': 0.6031624134507031, 'lag_3': 0.5858902561991954, 'lag_4': 0.305641950847856, 'lag_5': 0.3058121127969552, 'lag_6': 0.647532973410609, 'lag_7': 0.4996826443172231, 'lag_8': 0.7594575439056457, 'lag_9': 0.8382298094923752, 'lag_10': 0.01630120928324024, 'lag_11': 0.6214469811335628, 'lag_12': 0.7411567054246485, 'lag_13': 0.37033843308037573, 'lag_14': 0.05388579142523634, 'lag_15': 0.1657465319239461, 'lag_16': 0.4287538510585641, 'lag_17': 0.23505096137792453, 'lag_18': 0.17868227209262302, 'lag_19': 0.20176490839009714, 'lag_20': 0.4112299660735689, 'lag_21': 0.6240146795040529, 'lag_22': 0.7545149480909193, 'lag_23': 0.6136258000506947, 'lag_24': 0.685993119674747, 'lag_25': 0.5596230961396949, 'lag_26': 0.7521203683966029, 'lag_27': 0.547956716323697, 'lag_28': 0.32977009210714986}. Best is trial 14 with value: 0.01168104527612803.
[I 2025-09-29 11:56:38,021] Trial 15 finished with value: 0.011897983810132733 and parameters: {'lag_0': 0.9638891391572776, 'lag_1': 0.5992341031195504, 'lag_2': 0.7476916270809159, 'lag_3': 0.5887413550796289, 'lag_4': 0.31333331820640486, 'lag_5': 0.19818954510016729, 'lag_6': 0.6689323581387324, 'lag_7': 0.5662345917391387, 'lag_8': 0.7698784894698903, 'lag_9': 0.6152182434858238, 'lag_10': 0.017874167539769004, 'lag_11': 0.549694220088449, 'lag_12': 0.8319418508503491, 'lag_13': 0.3080591234096204, 'lag_14': 0.019912086028028075, 'lag_15': 0.40749195193582866, 'lag_16': 0.4672750964015866, 'lag_17': 0.2911854636691912, 'lag_18': 0.24844415412124274, 'lag_19': 0.19183153583482615, 'lag_20': 0.3957444036710901, 'lag_21': 0.2569577991666928, 'lag_22': 0.7589515981101164, 'lag_23': 0.4768421721242564, 'lag_24': 0.7621649763567013, 'lag_25': 0.5853432676644738, 'lag_26': 0.8102359404227695, 'lag_27': 0.6096275420516775, 'lag_28': 0.1736956350319531}. Best is trial 14 with value: 0.01168104527612803.
[I 2025-09-29 11:56:40,412] Trial 16 finished with value: 0.01208080771829366 and parameters: {'lag_0': 0.9851799794694214, 'lag_1': 0.6387279826222402, 'lag_2': 0.5349339904988863, 'lag_3': 0.9592205243063626, 'lag_4': 0.30081598432128387, 'lag_5': 0.3532531008065849, 'lag_6': 0.8035068299213994, 'lag_7': 0.6488407086829213, 'lag_8': 0.7391138810367766, 'lag_9': 0.8474126142407499, 'lag_10': 0.04467545664028583, 'lag_11': 0.7621726747392786, 'lag_12': 0.5974632824545582, 'lag_13': 0.685076512640622, 'lag_14': 0.16892397536542822, 'lag_15': 0.1411700232477346, 'lag_16': 0.440484949710034, 'lag_17': 0.3171621755881544, 'lag_18': 0.7613046891999777, 'lag_19': 0.5177286110124127, 'lag_20': 0.40999907798636054, 'lag_21': 0.6351299710978912, 'lag_22': 0.7728290415247275, 'lag_23': 0.5944438883950974, 'lag_24': 0.6885546629829249, 'lag_25': 0.5762503192128914, 'lag_26': 0.8268353469421039, 'lag_27': 0.7335020440723465, 'lag_28': 0.5532670827450147}. Best is trial 14 with value: 0.01168104527612803.
[I 2025-09-29 11:56:42,809] Trial 17 finished with value: 0.01174353758763103 and parameters: {'lag_0': 0.7125371661511438, 'lag_1': 0.5584433146857515, 'lag_2': 0.777111018924992, 'lag_3': 0.5843089842449256, 'lag_4': 0.14099911783739258, 'lag_5': 0.16070995204997504, 'lag_6': 0.6720304224630669, 'lag_7': 0.4386690051043462, 'lag_8': 0.8723843865293838, 'lag_9': 0.6714562053121578, 'lag_10': 0.09539370388370336, 'lag_11': 0.5488979238901887, 'lag_12': 0.4011852613002175, 'lag_13': 0.4041532071503137, 'lag_14': 0.15600089975818196, 'lag_15': 0.3918825315519997, 'lag_16': 0.14549998187880941, 'lag_17': 0.6076154252001675, 'lag_18': 0.39013327177224, 'lag_19': 0.5677113116067932, 'lag_20': 0.10478928828859696, 'lag_21': 0.594686680980879, 'lag_22': 0.746126000168698, 'lag_23': 0.4001753022957802, 'lag_24': 0.45709098944446996, 'lag_25': 0.468114019513377, 'lag_26': 0.6893973864269416, 'lag_27': 0.5247018603534753, 'lag_28': 0.6876325426903916}. Best is trial 14 with value: 0.01168104527612803.
[I 2025-09-29 11:56:45,212] Trial 18 finished with value: 0.011983812779106446 and parameters: {'lag_0': 0.7171418910904509, 'lag_1': 0.21695692749340245, 'lag_2': 0.8176598506835381, 'lag_3': 0.8390546341049064, 'lag_4': 0.10692702536578039, 'lag_5': 0.13679926967774686, 'lag_6': 0.5838407508671334, 'lag_7': 0.39573997005461004, 'lag_8': 0.8837197276563014, 'lag_9': 0.6493643381988065, 'lag_10': 0.12807990075083958, 'lag_11': 0.48802525300532834, 'lag_12': 0.33854243120074956, 'lag_13': 0.019519151609154572, 'lag_14': 0.15889836347109954, 'lag_15': 0.44608954418750846, 'lag_16': 0.13184666632292041, 'lag_17': 0.6247451797149791, 'lag_18': 0.43242387018077266, 'lag_19': 0.5455251551622115, 'lag_20': 0.0016473645805838016, 'lag_21': 0.42025337352315195, 'lag_22': 0.999931258431945, 'lag_23': 0.34944403335947427, 'lag_24': 0.4698802799840506, 'lag_25': 0.4689095546070201, 'lag_26': 0.6533920075359569, 'lag_27': 0.48575625456463145, 'lag_28': 0.7335109288748615}. Best is trial 14 with value: 0.01168104527612803.
[I 2025-09-29 11:56:47,617] Trial 19 finished with value: 0.011911323642871646 and parameters: {'lag_0': 0.5004745360134395, 'lag_1': 0.5761581742316542, 'lag_2': 0.8114846971958807, 'lag_3': 0.6590874877479193, 'lag_4': 0.15604489117217824, 'lag_5': 0.3970790647025408, 'lag_6': 0.4369825578609363, 'lag_7': 0.6351376490632923, 'lag_8': 0.6951646963402118, 'lag_9': 0.515122924130347, 'lag_10': 0.7109904307786116, 'lag_11': 0.15990201764832968, 'lag_12': 0.41915186029680773, 'lag_13': 0.2701382210185969, 'lag_14': 0.4581872102946766, 'lag_15': 0.569310023452782, 'lag_16': 0.1355813466107738, 'lag_17': 0.5907902257859698, 'lag_18': 0.6388151784105572, 'lag_19': 0.6745340113697633, 'lag_20': 0.15859402048286958, 'lag_21': 0.8508191810192411, 'lag_22': 0.4495335792514176, 'lag_23': 0.30524718312730337, 'lag_24': 0.5895433305393103, 'lag_25': 0.7233638904575277, 'lag_26': 0.7156750190096424, 'lag_27': 0.7934257240314908, 'lag_28': 0.7218602215928189}. Best is trial 14 with value: 0.01168104527612803.
[I 2025-09-29 11:56:50,015] Trial 20 finished with value: 0.012031280776559534 and parameters: {'lag_0': 0.7465336273355111, 'lag_1': 0.008306314661334413, 'lag_2': 0.7146852272802132, 'lag_3': 0.8554542338398398, 'lag_4': 0.37682442829323815, 'lag_5': 0.6631858972553206, 'lag_6': 0.8748963905725815, 'lag_7': 0.8210404539044424, 'lag_8': 0.5336493976180388, 'lag_9': 0.688261698127169, 'lag_10': 0.12267441355795555, 'lag_11': 0.5773989352351786, 'lag_12': 0.14267493463656483, 'lag_13': 0.4426938850537421, 'lag_14': 0.15585623335750912, 'lag_15': 0.737681097649842, 'lag_16': 0.1780970292437602, 'lag_17': 0.6984704066937157, 'lag_18': 0.30917926312827704, 'lag_19': 0.8765022666120544, 'lag_20': 0.1267508339930435, 'lag_21': 0.1426378519506774, 'lag_22': 0.8445778866535794, 'lag_23': 0.5186470771456033, 'lag_24': 0.7926349913044396, 'lag_25': 0.4534920125528347, 'lag_26': 0.5392427238631335, 'lag_27': 0.5116465243259057, 'lag_28': 0.9906332702224141}. Best is trial 14 with value: 0.01168104527612803.
[I 2025-09-29 11:56:52,419] Trial 21 finished with value: 0.012112089886163363 and parameters: {'lag_0': 0.9286787952704132, 'lag_1': 0.6727776177214976, 'lag_2': 0.6046942626182131, 'lag_3': 0.5338424056541833, 'lag_4': 0.2901251283698161, 'lag_5': 0.23612792721151238, 'lag_6': 0.7093068084959927, 'lag_7': 0.45331940907162216, 'lag_8': 0.8801766255760429, 'lag_9': 0.8346823960199106, 'lag_10': 0.008928625216369843, 'lag_11': 0.7813581255499211, 'lag_12': 0.6202183535554516, 'lag_13': 0.3846143345686548, 'lag_14': 0.010856604370597885, 'lag_15': 0.33973382678420905, 'lag_16': 0.39569936113249016, 'lag_17': 0.37285575865733384, 'lag_18': 0.1540424520394576, 'lag_19': 0.22415939495702764, 'lag_20': 0.38927652320018374, 'lag_21': 0.5732384890989398, 'lag_22': 0.6594751006601836, 'lag_23': 0.7094730613742593, 'lag_24': 0.39628128944942426, 'lag_25': 0.6635366183623057, 'lag_26': 0.8568498805136624, 'lag_27': 0.5807653836944057, 'lag_28': 0.4681041377046376}. Best is trial 14 with value: 0.01168104527612803.
[I 2025-09-29 11:56:54,819] Trial 22 finished with value: 0.011998908498258883 and parameters: {'lag_0': 0.7484166756228888, 'lag_1': 0.7064827488529304, 'lag_2': 0.46312618257024685, 'lag_3': 0.6098710674628043, 'lag_4': 0.10171304962623243, 'lag_5': 0.42007675272917017, 'lag_6': 0.7072081656564112, 'lag_7': 0.503676675948459, 'lag_8': 0.6970475887084461, 'lag_9': 0.9143644985155366, 'lag_10': 0.07535259501989225, 'lag_11': 0.45652839325956845, 'lag_12': 0.8209918884763514, 'lag_13': 0.2454782006561206, 'lag_14': 0.21551112694303107, 'lag_15': 0.10873633591744059, 'lag_16': 0.5654542120845439, 'lag_17': 0.19492583744584804, 'lag_18': 0.23321307521085952, 'lag_19': 0.588282395480305, 'lag_20': 0.3382911239802707, 'lag_21': 0.5784897543305193, 'lag_22': 0.724393315144034, 'lag_23': 0.5627234402881077, 'lag_24': 0.1609836533724745, 'lag_25': 0.563679304913488, 'lag_26': 0.7459417443134774, 'lag_27': 0.5697989776928936, 'lag_28': 0.31250845736036637}. Best is trial 14 with value: 0.01168104527612803.
[I 2025-09-29 11:56:57,225] Trial 23 finished with value: 0.012001716051402095 and parameters: {'lag_0': 0.9152311143080787, 'lag_1': 0.5496944043965645, 'lag_2': 0.614377570088248, 'lag_3': 0.478223970933026, 'lag_4': 0.24746003848445597, 'lag_5': 0.14380695005024607, 'lag_6': 0.5667026828668942, 'lag_7': 0.3767977315986139, 'lag_8': 0.35198702770369905, 'lag_9': 0.7777064204547138, 'lag_10': 0.2011045279596566, 'lag_11': 0.5794253926930565, 'lag_12': 0.6727105848386221, 'lag_13': 0.46328052104276696, 'lag_14': 0.05903861360782249, 'lag_15': 0.2926319913875279, 'lag_16': 0.2157705500360359, 'lag_17': 0.5314723067018461, 'lag_18': 0.3757406468361528, 'lag_19': 0.4383072953632305, 'lag_20': 0.18635250836988987, 'lag_21': 0.3508387702053059, 'lag_22': 0.6887904753652639, 'lag_23': 0.4393192028066484, 'lag_24': 0.640604843693122, 'lag_25': 0.394049514737984, 'lag_26': 0.8866153102368827, 'lag_27': 0.6872225862433883, 'lag_28': 0.11078677507290699}. Best is trial 14 with value: 0.01168104527612803.
[I 2025-09-29 11:56:59,639] Trial 24 finished with value: 0.011938965695716276 and parameters: {'lag_0': 0.5734264169238007, 'lag_1': 0.8685448053909206, 'lag_2': 0.8852518969482895, 'lag_3': 0.8045812643587945, 'lag_4': 0.36293761854999823, 'lag_5': 0.11051552326568209, 'lag_6': 0.8828463279935154, 'lag_7': 0.17647962605506157, 'lag_8': 0.9017929403605757, 'lag_9': 0.8953116063328227, 'lag_10': 0.01193288972430856, 'lag_11': 0.7936811633718392, 'lag_12': 0.5018345449397593, 'lag_13': 0.6616457930234996, 'lag_14': 0.10505315759305567, 'lag_15': 0.4618127847374906, 'lag_16': 0.3670237615871723, 'lag_17': 0.24242375827588847, 'lag_18': 0.10539687841854849, 'lag_19': 0.7877012717486152, 'lag_20': 0.518050825530845, 'lag_21': 0.624660332247331, 'lag_22': 0.8145834796912321, 'lag_23': 0.7254021738457543, 'lag_24': 0.5579953825291213, 'lag_25': 0.7956739334140615, 'lag_26': 0.7024955339211743, 'lag_27': 0.43014375841955227, 'lag_28': 0.7179225792963495}. Best is trial 14 with value: 0.01168104527612803.
