[I 2025-09-29 11:57:28,179] Trial 45 finished with value: 0.00968545340283719 and parameters: {'lag_0': 0.28045720410700903, 'lag_1': 0.5982335912442445, 'lag_2': 0.3266939325481603, 'lag_3': 0.030037700189946615, 'lag_4': 0.3378050892790885, 'lag_5': 0.6781588610432747, 'lag_6': 0.35611025354919545, 'lag_7': 0.22918332299192545, 'lag_8': 0.7865651413692624, 'lag_9': 0.3297114644140637, 'lag_10': 0.9333788112999055, 'lag_11': 0.3446529144146733, 'lag_12': 0.18430012487399972, 'lag_13': 0.620795975658635, 'lag_14': 0.33827313118133845, 'lag_15': 0.46558704606503476, 'lag_16': 0.7949786077384162, 'lag_17': 0.3114409770818475, 'lag_18': 0.6101301149208564, 'lag_19': 0.3908647072170678, 'lag_20': 0.6391451691771387, 'lag_21': 0.2946985154023843, 'lag_22': 0.47197008730344414, 'lag_23': 0.454588553377763, 'lag_24': 0.4510292923064042, 'lag_25': 0.3655069538706736, 'lag_26': 0.8106881653126126, 'lag_27': 0.06463484510655149, 'lag_28': 0.18807220569756694}. Best is trial 1 with value: 0.0093618590684119.
[I 2025-09-29 11:57:30,469] Trial 46 finished with value: 0.009702692368957832 and parameters: {'lag_0': 0.5240724105919885, 'lag_1': 0.542396666143536, 'lag_2': 0.5783483831321221, 'lag_3': 0.7017396509808721, 'lag_4': 0.4348148294190475, 'lag_5': 0.7982163511492424, 'lag_6': 0.12993815356522567, 'lag_7': 0.3271252754838605, 'lag_8': 0.7060303803952175, 'lag_9': 0.44938927262921174, 'lag_10': 0.9066429196143226, 'lag_11': 0.27398491979473455, 'lag_12': 0.02228812805390898, 'lag_13': 0.7036403872535845, 'lag_14': 0.07983697590737351, 'lag_15': 0.0023253599042900447, 'lag_16': 0.5948008891026542, 'lag_17': 0.15091960205404376, 'lag_18': 0.4447020378597559, 'lag_19': 0.5837627174491309, 'lag_20': 0.9428864538644239, 'lag_21': 0.19049174507405467, 'lag_22': 0.08358785434299137, 'lag_23': 0.20667859165159697, 'lag_24': 0.9970548074060581, 'lag_25': 0.055749287462051475, 'lag_26': 0.05006910466656353, 'lag_27': 0.49736266822317754, 'lag_28': 0.25009733487446956}. Best is trial 1 with value: 0.0093618590684119.
[I 2025-09-29 11:57:32,799] Trial 47 finished with value: 0.009602874735784037 and parameters: {'lag_0': 0.6925209787961346, 'lag_1': 0.3742866196445196, 'lag_2': 0.42879969559300996, 'lag_3': 0.7660552248913264, 'lag_4': 0.24911296531591273, 'lag_5': 0.5916330838150778, 'lag_6': 0.25269024281980657, 'lag_7': 0.26592230816321105, 'lag_8': 0.49267451406815954, 'lag_9': 0.6873794573063211, 'lag_10': 0.9577582378045423, 'lag_11': 0.48156268122884316, 'lag_12': 0.1301215084300811, 'lag_13': 0.8067287323085071, 'lag_14': 0.2983343269675509, 'lag_15': 0.163272411360391, 'lag_16': 0.6779366353222398, 'lag_17': 0.5029637827310627, 'lag_18': 0.37493782805554016, 'lag_19': 0.16030217418656972, 'lag_20': 0.6200605033746782, 'lag_21': 0.4211268382599097, 'lag_22': 0.25836127354430866, 'lag_23': 0.9364187770464962, 'lag_24': 0.9387166832450946, 'lag_25': 0.11314499016741306, 'lag_26': 0.2202635346457828, 'lag_27': 0.30014885832978555, 'lag_28': 0.061882890923081996}. Best is trial 1 with value: 0.0093618590684119.
[I 2025-09-29 11:57:35,101] Trial 48 finished with value: 0.009693057956423607 and parameters: {'lag_0': 0.11420604843081056, 'lag_1': 0.29307615461178166, 'lag_2': 0.24611863886142238, 'lag_3': 0.994882455574912, 'lag_4': 0.5096330873404058, 'lag_5': 0.7360045851554005, 'lag_6': 0.5172952129102885, 'lag_7': 0.8411054026553919, 'lag_8': 0.16501798213351448, 'lag_9': 0.8305313904641529, 'lag_10': 0.7523476785193963, 'lag_11': 0.5397905411806715, 'lag_12': 0.0723363258745153, 'lag_13': 0.8726710061518028, 'lag_14': 0.4725524394128737, 'lag_15': 0.25837588665556505, 'lag_16': 0.9104985824077619, 'lag_17': 0.103577403339876, 'lag_18': 0.22732508360048348, 'lag_19': 0.9430430773542833, 'lag_20': 0.7999907803095373, 'lag_21': 0.8702393675034813, 'lag_22': 0.564077237861283, 'lag_23': 0.28290170442511386, 'lag_24': 0.9049949514078357, 'lag_25': 0.25084046485747186, 'lag_26': 0.15544644524804252, 'lag_27': 0.6208095213574301, 'lag_28': 0.7020313223588499}. Best is trial 1 with value: 0.0093618590684119.
[I 2025-09-29 11:57:37,396] Trial 49 finished with value: 0.00966819545787908 and parameters: {'lag_0': 0.2392855013315229, 'lag_1': 0.8595719283449964, 'lag_2': 0.14531860431575705, 'lag_3': 0.8530999906616787, 'lag_4': 0.16978787547736773, 'lag_5': 0.4930447682461628, 'lag_6': 0.449478869503711, 'lag_7': 0.9450612815974827, 'lag_8': 0.6248179939523081, 'lag_9': 0.49027945431538517, 'lag_10': 0.8529916506853139, 'lag_11': 0.6143513695575121, 'lag_12': 0.21847177071409313, 'lag_13': 0.2170563498453581, 'lag_14': 0.38531925590482224, 'lag_15': 0.19894932598573978, 'lag_16': 0.41085996172625194, 'lag_17': 0.0004946143604327435, 'lag_18': 0.5306179341206846, 'lag_19': 0.2769676956741782, 'lag_20': 0.6768619388439525, 'lag_21': 0.9944392449476235, 'lag_22': 0.39577255875141076, 'lag_23': 0.6033476589986354, 'lag_24': 0.6169984030291787, 'lag_25': 0.6530562858285929, 'lag_26': 0.46044624811725376, 'lag_27': 0.5752550621006761, 'lag_28': 0.6002392123292533}. Best is trial 1 with value: 0.0093618590684119.
[I 2025-09-29 11:57:39,697] Trial 50 finished with value: 0.009725900603039427 and parameters: {'lag_0': 0.14989582779142008, 'lag_1': 0.2120721951147722, 'lag_2': 0.4790078280105856, 'lag_3': 0.9460579935032857, 'lag_4': 0.35921687586581486, 'lag_5': 0.8810589581458108, 'lag_6': 0.18091217947064436, 'lag_7': 0.46273319871705254, 'lag_8': 0.7965607531142074, 'lag_9': 0.6101675325574384, 'lag_10': 0.5466749841111479, 'lag_11': 0.1760162443886161, 'lag_12': 0.28199063496673255, 'lag_13': 0.5431933220148576, 'lag_14': 0.794805798036436, 'lag_15': 0.3322836481437635, 'lag_16': 0.4880095684842471, 'lag_17': 0.4150667362704592, 'lag_18': 0.43049907068941584, 'lag_19': 0.36731698452424866, 'lag_20': 0.7324279355702055, 'lag_21': 0.09345869009871799, 'lag_22': 0.6562229247991187, 'lag_23': 0.11594617708201016, 'lag_24': 0.2099558258858149, 'lag_25': 0.18340841069896863, 'lag_26': 0.6526518295803361, 'lag_27': 0.19332542879386277, 'lag_28': 0.3446837138264838}. Best is trial 1 with value: 0.0093618590684119.
[I 2025-09-29 11:57:41,991] Trial 51 finished with value: 0.009645770955877224 and parameters: {'lag_0': 0.002124358901516743, 'lag_1': 0.16571990696964037, 'lag_2': 0.5459838712144236, 'lag_3': 0.6130253361789066, 'lag_4': 0.5944421951929577, 'lag_5': 0.18453088535317974, 'lag_6': 0.09142523041262363, 'lag_7': 0.9207244395307492, 'lag_8': 0.7192477207946057, 'lag_9': 0.41821193994515815, 'lag_10': 0.3597058404540549, 'lag_11': 0.672131682593808, 'lag_12': 0.5192714768667523, 'lag_13': 0.9362809762200618, 'lag_14': 0.7053132270548029, 'lag_15': 0.05928299511864403, 'lag_16': 0.12194489298491534, 'lag_17': 0.9560384712263854, 'lag_18': 0.9608808537100076, 'lag_19': 0.07180585833976436, 'lag_20': 0.5363691644665347, 'lag_21': 0.995993113982446, 'lag_22': 0.5930166472584111, 'lag_23': 0.38952005989894456, 'lag_24': 0.05375784914975318, 'lag_25': 0.3018862021673398, 'lag_26': 0.09881518318387597, 'lag_27': 0.5219621946081714, 'lag_28': 0.12342735246455538}. Best is trial 1 with value: 0.0093618590684119.
[I 2025-09-29 11:57:44,311] Trial 52 finished with value: 0.00990939842979828 and parameters: {'lag_0': 0.47378755042318477, 'lag_1': 0.44006020916104954, 'lag_2': 0.6375064415741013, 'lag_3': 0.7414796672134057, 'lag_4': 0.7178694841991626, 'lag_5': 0.11081880247830067, 'lag_6': 0.031528256925903865, 'lag_7': 0.7879232303857076, 'lag_8': 0.6455808810839485, 'lag_9': 0.3434746970968913, 'lag_10': 0.4379665432551194, 'lag_11': 0.8178560786139948, 'lag_12': 0.19014512110558623, 'lag_13': 0.9872429335346963, 'lag_14': 0.6300957139328832, 'lag_15': 0.1366956502267777, 'lag_16': 0.5441768752879435, 'lag_17': 0.7809436481214109, 'lag_18': 0.8800177241739919, 'lag_19': 0.8526699198649297, 'lag_20': 0.604340997540586, 'lag_21': 0.698628318441503, 'lag_22': 0.6877827383490027, 'lag_23': 0.35329782295931034, 'lag_24': 0.05106317554278228, 'lag_25': 0.457686913455122, 'lag_26': 0.0160470357277945, 'lag_27': 0.7128239725628996, 'lag_28': 0.4755323336019687}. Best is trial 1 with value: 0.0093618590684119.
[I 2025-09-29 11:57:46,631] Trial 53 finished with value: 0.009946353686576537 and parameters: {'lag_0': 0.190403740578769, 'lag_1': 0.29775927045330475, 'lag_2': 0.37747308352451125, 'lag_3': 0.8101976403061124, 'lag_4': 0.30557105848541266, 'lag_5': 0.33386841534333855, 'lag_6': 0.15353551143986643, 'lag_7': 0.7276941273868368, 'lag_8': 0.7279637813499404, 'lag_9': 0.5625999362507768, 'lag_10': 0.38742253693912654, 'lag_11': 0.7144078510909184, 'lag_12': 0.4520719860863746, 'lag_13': 0.927568331737701, 'lag_14': 0.5434866101817063, 'lag_15': 0.08275830893693015, 'lag_16': 0.36371852028744067, 'lag_17': 0.8173079245935404, 'lag_18': 0.26648669724458773, 'lag_19': 0.21588612454054687, 'lag_20': 0.6739816861056809, 'lag_21': 0.7538385092734985, 'lag_22': 0.904546332385947, 'lag_23': 0.4274380083754077, 'lag_24': 0.1205417934325902, 'lag_25': 0.374816121719314, 'lag_26': 0.06379442908811699, 'lag_27': 0.6522128070882842, 'lag_28': 0.5515385774385047}. Best is trial 1 with value: 0.0093618590684119.
[I 2025-09-29 11:57:48,945] Trial 54 finished with value: 0.00961446092667904 and parameters: {'lag_0': 0.3345305452274405, 'lag_1': 0.3692381558088519, 'lag_2': 0.4950269194484761, 'lag_3': 0.7055243138618991, 'lag_4': 0.4601185747114832, 'lag_5': 0.23747356914519382, 'lag_6': 0.05743297447045742, 'lag_7': 0.9951138038774686, 'lag_8': 0.5647609396867939, 'lag_9': 0.4397774001378964, 'lag_10': 0.8089358783811189, 'lag_11': 0.7593904809518663, 'lag_12': 0.6357071658119927, 'lag_13': 0.7963357266523816, 'lag_14': 0.5857763999155655, 'lag_15': 0.3954980705757904, 'lag_16': 0.24735599808805198, 'lag_17': 0.8882431531362482, 'lag_18': 0.3882406299460438, 'lag_19': 0.16645427571978388, 'lag_20': 0.4722799524294169, 'lag_21': 0.6123931033780362, 'lag_22': 0.5172724033841147, 'lag_23': 0.4894332797632464, 'lag_24': 0.16991068023140768, 'lag_25': 0.04807934762469717, 'lag_26': 0.0442309070862273, 'lag_27': 0.7945123914624945, 'lag_28': 0.1641523854260925}. Best is trial 1 with value: 0.0093618590684119.
[I 2025-09-29 11:57:51,247] Trial 55 finished with value: 0.009493780077781587 and parameters: {'lag_0': 0.08983710973125972, 'lag_1': 0.10565325767196945, 'lag_2': 0.30828476629822055, 'lag_3': 0.8875876869461803, 'lag_4': 0.10155057944043241, 'lag_5': 0.44933861107273065, 'lag_6': 0.10384295940772839, 'lag_7': 0.9060663749191881, 'lag_8': 0.8731957080829412, 'lag_9': 0.37506267863226356, 'lag_10': 0.23380654161287306, 'lag_11': 0.6130721098443311, 'lag_12': 0.0042637201810051956, 'lag_13': 0.861839517549816, 'lag_14': 0.767724992464339, 'lag_15': 0.2599071346408804, 'lag_16': 0.44849719885074085, 'lag_17': 0.2314619237425431, 'lag_18': 0.4694906877300568, 'lag_19': 0.20186090299956877, 'lag_20': 0.7320953076645839, 'lag_21': 0.49238331501652477, 'lag_22': 0.4544409099059367, 'lag_23': 0.5609143653309765, 'lag_24': 0.2636777836427598, 'lag_25': 0.21667869851910426, 'lag_26': 0.3418550744941212, 'lag_27': 0.4398461097202129, 'lag_28': 0.39755974805651273}. Best is trial 1 with value: 0.0093618590684119.
[I 2025-09-29 11:57:53,554] Trial 56 finished with value: 0.009519376708987035 and parameters: {'lag_0': 0.09449146689072227, 'lag_1': 0.11237047248872914, 'lag_2': 0.2960876859595533, 'lag_3': 0.8969283098667258, 'lag_4': 0.015356422177302764, 'lag_5': 0.4148711218973466, 'lag_6': 0.22344373883416127, 'lag_7': 0.8837730989444552, 'lag_8': 0.9060561314184885, 'lag_9': 0.27649364098670204, 'lag_10': 0.18610726523895454, 'lag_11': 0.5190852046278274, 'lag_12': 0.007292301241729379, 'lag_13': 0.8436902887476565, 'lag_14': 0.8402584969597793, 'lag_15': 0.2704617001414171, 'lag_16': 0.4391527818307648, 'lag_17': 0.2191906048669146, 'lag_18': 0.46336800066457173, 'lag_19': 0.2391380756667078, 'lag_20': 0.7401183992121805, 'lag_21': 0.48384356510756954, 'lag_22': 0.4502462689794166, 'lag_23': 0.5572116038391707, 'lag_24': 0.25872099582335384, 'lag_25': 0.15202106073033086, 'lag_26': 0.25140123680062393, 'lag_27': 0.44649254639016134, 'lag_28': 0.28356225976820204}. Best is trial 1 with value: 0.0093618590684119.
[I 2025-09-29 11:57:55,872] Trial 57 finished with value: 0.009692223796300335 and parameters: {'lag_0': 0.0419346617598816, 'lag_1': 0.010918470362558275, 'lag_2': 0.9712478037056334, 'lag_3': 0.8594271957034787, 'lag_4': 0.12662625451207374, 'lag_5': 0.7096106510019476, 'lag_6': 0.12283838504323931, 'lag_7': 0.13055574122571423, 'lag_8': 0.8356475590755195, 'lag_9': 0.37071456495171357, 'lag_10': 0.0524192072866049, 'lag_11': 0.5994307341198624, 'lag_12': 0.08346000767979705, 'lag_13': 0.6433204380916473, 'lag_14': 0.7621642277396921, 'lag_15': 0.39091210632746287, 'lag_16': 0.5975002075053469, 'lag_17': 0.3118916575329852, 'lag_18': 0.6378362141096043, 'lag_19': 0.4713452177419667, 'lag_20': 0.8745995760042852, 'lag_21': 0.4426858492863557, 'lag_22': 0.33201368901129824, 'lag_23': 0.8211886041257304, 'lag_24': 0.3500347364013543, 'lag_25': 0.2150051076078327, 'lag_26': 0.34916609144825017, 'lag_27': 0.38352117097463156, 'lag_28': 0.2310990298491814}. Best is trial 1 with value: 0.0093618590684119.
[I 2025-09-29 11:57:58,186] Trial 58 finished with value: 0.00960814749737738 and parameters: {'lag_0': 0.5577646594271208, 'lag_1': 0.06657278714244981, 'lag_2': 0.4110601849488542, 'lag_3': 0.9022538528374744, 'lag_4': 0.4012533102337471, 'lag_5': 0.8131671354626885, 'lag_6': 0.20583545775282308, 'lag_7': 0.9466643929471009, 'lag_8': 0.6642640970785059, 'lag_9': 0.527666789599576, 'lag_10': 0.6414759414232772, 'lag_11': 0.8743005138619797, 'lag_12': 0.14264395698416776, 'lag_13': 0.7537431948362234, 'lag_14': 0.9679575749363836, 'lag_15': 0.4661255454671993, 'lag_16': 0.7688730676786268, 'lag_17': 0.10367328929214448, 'lag_18': 0.5429380081058981, 'lag_19': 0.19367000156989936, 'lag_20': 0.41027184447857795, 'lag_21': 0.5327480976854516, 'lag_22': 0.3918153279070542, 'lag_23': 0.74921291488217, 'lag_24': 0.9679485618597082, 'lag_25': 0.32270577088562274, 'lag_26': 0.29148833395282786, 'lag_27': 0.47731790259702334, 'lag_28': 0.42413235828367346}. Best is trial 1 with value: 0.0093618590684119.
[I 2025-09-29 11:58:00,481] Trial 59 finished with value: 0.009591105914687875 and parameters: {'lag_0': 0.15744306386976537, 'lag_1': 0.5735742121552706, 'lag_2': 0.30893144235569236, 'lag_3': 0.9638759591638569, 'lag_4': 0.07770205468621845, 'lag_5': 0.4616425449230257, 'lag_6': 0.1023078557144646, 'lag_7': 0.09405695989662005, 'lag_8': 0.9389266482438863, 'lag_9': 0.4806266821427868, 'lag_10': 0.6020605140038322, 'lag_11': 0.9965059981834019, 'lag_12': 0.037875283703915075, 'lag_13': 0.8816203807015526, 'lag_14': 0.4938497144419856, 'lag_15': 0.2537811686799656, 'lag_16': 0.6864348610623661, 'lag_17': 0.19454041639000852, 'lag_18': 0.502882438455615, 'lag_19': 0.2941853769793803, 'lag_20': 0.8108967749483312, 'lag_21': 0.14480464947497168, 'lag_22': 0.2777021620170579, 'lag_23': 0.5323308719138236, 'lag_24': 0.7145079784534062, 'lag_25': 0.7980698025377135, 'lag_26': 0.404078991266928, 'lag_27': 0.903810516050172, 'lag_28': 0.40572724978644337}. Best is trial 1 with value: 0.0093618590684119.
[I 2025-09-29 11:58:02,800] Trial 60 finished with value: 0.009699837847746815 and parameters: {'lag_0': 0.061490475947010445, 'lag_1': 0.6506954299068696, 'lag_2': 0.2504310602911916, 'lag_3': 0.3849194027537596, 'lag_4': 0.10424951455576076, 'lag_5': 0.9362369210262891, 'lag_6': 0.2912834790099369, 'lag_7': 0.04123879683392831, 'lag_8': 0.8574817214071111, 'lag_9': 0.30315192580444195, 'lag_10': 0.9581041626682603, 'lag_11': 0.47504288242692305, 'lag_12': 0.10985499036263402, 'lag_13': 0.41590611554683565, 'lag_14': 0.8210826087936454, 'lag_15': 0.31806427050023856, 'lag_16': 0.6383885800270748, 'lag_17': 0.5615787200069365, 'lag_18': 0.6833816934303222, 'lag_19': 0.12181605975621718, 'lag_20': 0.5690115677497114, 'lag_21': 0.22758128968189034, 'lag_22': 0.006382154254365169, 'lag_23': 0.5795760917174879, 'lag_24': 0.8533519239017252, 'lag_25': 0.12285703743711601, 'lag_26': 0.14369373510492958, 'lag_27': 0.3605842625075984, 'lag_28': 0.37772974283345995}. Best is trial 1 with value: 0.0093618590684119.
[I 2025-09-29 11:58:05,097] Trial 61 finished with value: 0.009519574238859668 and parameters: {'lag_0': 0.7765262710881681, 'lag_1': 0.23881021848622874, 'lag_2': 0.4369846232211317, 'lag_3': 0.7807386011920383, 'lag_4': 0.24327401387689457, 'lag_5': 0.058694885292177756, 'lag_6': 0.002923914202732872, 'lag_7': 0.8236476088927929, 'lag_8': 0.6104278151616964, 'lag_9': 0.4033850573871732, 'lag_10': 0.22631137511361302, 'lag_11': 0.5837681817723228, 'lag_12': 0.250665936171659, 'lag_13': 0.9631950930349978, 'lag_14': 0.6713803247436505, 'lag_15': 0.11156187471235987, 'lag_16': 0.542039659022451, 'lag_17': 0.9609611554018366, 'lag_18': 0.4222311973292408, 'lag_19': 0.05545553035701828, 'lag_20': 0.6565665202048335, 'lag_21': 0.6647520279042272, 'lag_22': 0.848130582274726, 'lag_23': 0.47688774548768703, 'lag_24': 0.0340323140040524, 'lag_25': 0.263051427420399, 'lag_26': 0.11517984115905823, 'lag_27': 0.5568657174366486, 'lag_28': 0.04317815768037212}. Best is trial 1 with value: 0.0093618590684119.
[I 2025-09-29 11:58:07,412] Trial 62 finished with value: 0.009757769057723267 and parameters: {'lag_0': 0.8808437846343566, 'lag_1': 0.13263648406926776, 'lag_2': 0.3676992675319425, 'lag_3': 0.6481371599155765, 'lag_4': 0.5292552864243982, 'lag_5': 0.29576709696373715, 'lag_6': 0.155057459806428, 'lag_7': 0.9136652616589673, 'lag_8': 0.7823097753344893, 'lag_9': 0.35909162363835906, 'lag_10': 0.4662875625968764, 'lag_11': 0.6540883203444393, 'lag_12': 0.34716608704729796, 'lag_13': 0.9042697719984328, 'lag_14': 0.7380135418786933, 'lag_15': 0.15687921775948116, 'lag_16': 0.2926817476196786, 'lag_17': 0.6932492729825552, 'lag_18': 0.35043560480188907, 'lag_19': 0.0929453881412543, 'lag_20': 0.5889357252098826, 'lag_21': 0.8555231428110663, 'lag_22': 0.4984888698513819, 'lag_23': 0.28284628014232815, 'lag_24': 0.2094008603092773, 'lag_25': 0.394821719701541, 'lag_26': 0.21304895465541487, 'lag_27': 0.6049542768508946, 'lag_28': 0.5341811039617563}. Best is trial 1 with value: 0.0093618590684119.
[I 2025-09-29 11:58:09,716] Trial 63 finished with value: 0.009522838056805902 and parameters: {'lag_0': 0.3971706412406146, 'lag_1': 0.20010549648508727, 'lag_2': 0.3976246461816832, 'lag_3': 0.831426469593272, 'lag_4': 0.47412141966141563, 'lag_5': 0.36434746250121025, 'lag_6': 0.05353727876400535, 'lag_7': 0.1800956686264441, 'lag_8': 0.6903979699322289, 'lag_9': 0.2529306341439532, 'lag_10': 0.4017087082990633, 'lag_11': 0.5528692497331517, 'lag_12': 0.5621683259734291, 'lag_13': 0.8304912441913732, 'lag_14': 0.7123826013831303, 'lag_15': 0.21140897346723211, 'lag_16': 0.38018568908983774, 'lag_17': 0.9196991234919161, 'lag_18': 0.5815238187838286, 'lag_19': 0.735923867239167, 'lag_20': 0.5027434944316761, 'lag_21': 0.9472283972900195, 'lag_22': 0.9785487114652476, 'lag_23': 0.6449535679416547, 'lag_24': 0.10717505181132202, 'lag_25': 0.43644528505473834, 'lag_26': 0.33844884117212826, 'lag_27': 0.6594682293394221, 'lag_28': 0.32622112557883953}. Best is trial 1 with value: 0.0093618590684119.
[I 2025-09-29 11:58:12,020] Trial 64 finished with value: 0.009746246713880694 and parameters: {'lag_0': 0.10624667924355274, 'lag_1': 0.41018032424654993, 'lag_2': 0.4803401312678696, 'lag_3': 0.5680453798457272, 'lag_4': 0.2039188216082244, 'lag_5': 0.5520562954027797, 'lag_6': 0.09113384917221069, 'lag_7': 0.9444602190190061, 'lag_8': 0.5441980713183536, 'lag_9': 0.46699240203525116, 'lag_10': 0.32071575615797315, 'lag_11': 0.6903669007935337, 'lag_12': 0.08864146657202218, 'lag_13': 0.9390965590100685, 'lag_14': 0.762999231009871, 'lag_15': 0.03773406773232463, 'lag_16': 0.46179563727123407, 'lag_17': 0.3994293002996205, 'lag_18': 0.9654559920605443, 'lag_19': 0.15322988201840648, 'lag_20': 0.020091772602621683, 'lag_21': 0.05463068790728437, 'lag_22': 0.7314840147834644, 'lag_23': 0.4328106937361801, 'lag_24': 0.2641685506950633, 'lag_25': 0.4995752636106666, 'lag_26': 0.1796144504454117, 'lag_27': 0.4237691304188689, 'lag_28': 0.615580165405456}. Best is trial 1 with value: 0.0093618590684119.
[I 2025-09-29 11:58:14,340] Trial 65 finished with value: 0.009316512343948544 and parameters: {'lag_0': 0.582050953449478, 'lag_1': 0.46933350835815757, 'lag_2': 0.1933729429731097, 'lag_3': 0.5271010027354184, 'lag_4': 0.26411613970244135, 'lag_5': 0.7668398737061923, 'lag_6': 0.2323631327220086, 'lag_7': 0.8613328631757945, 'lag_8': 0.8689367664004191, 'lag_9': 0.39308551312371237, 'lag_10': 0.23878693317299432, 'lag_11': 0.748445210047332, 'lag_12': 0.40436357087086305, 'lag_13': 0.879042818163474, 'lag_14': 0.9206267143799116, 'lag_15': 0.2779846394244253, 'lag_16': 0.3219809306080921, 'lag_17': 0.45264575679830527, 'lag_18': 0.8081961441911294, 'lag_19': 0.3217519166103467, 'lag_20': 0.7746796959077097, 'lag_21': 0.779758861116899, 'lag_22': 0.5438479073308933, 'lag_23': 0.0004572873441843761, 'lag_24': 0.0012786350575648264, 'lag_25': 0.19967545299687078, 'lag_26': 0.09713241340026706, 'lag_27': 0.5132904247405874, 'lag_28': 0.13587225581269047}. Best is trial 65 with value: 0.009316512343948544.
