[I 2025-09-29 11:58:07,749] Trial 46 finished with value: 0.004992847291683316 and parameters: {'lag_0': 0.9789329194802582, 'lag_1': 0.4752096035975512, 'lag_2': 0.7098884360527821, 'lag_3': 0.19222728377796414, 'lag_4': 0.04143226099077872, 'lag_5': 0.5672776970877551, 'lag_6': 0.7566109411478014, 'lag_7': 0.5266744863880771, 'lag_8': 0.616563765355342, 'lag_9': 0.8928143084355481, 'lag_10': 0.8454338241228468, 'lag_11': 0.8300624946064066, 'lag_12': 0.24368386091052746, 'lag_13': 0.8287453400775875, 'lag_14': 0.4362744462992051, 'lag_15': 0.825584811232523, 'lag_16': 0.4930215303032422, 'lag_17': 0.3841301650455544, 'lag_18': 0.3496692169608769, 'lag_19': 0.9121359103826508, 'lag_20': 0.9989582225773671, 'lag_21': 0.6904545117957513, 'lag_22': 0.649713421517198, 'lag_23': 0.9085939740190498, 'lag_24': 0.697582553496093, 'lag_25': 0.7612944529287076, 'lag_26': 0.3538449718968439, 'lag_27': 0.05450907797785956, 'lag_28': 0.18156108184822933}. Best is trial 38 with value: 0.0049520846481554155.
[I 2025-09-29 11:58:10,283] Trial 47 finished with value: 0.005082777461423945 and parameters: {'lag_0': 0.8938977422979406, 'lag_1': 0.4418476668170812, 'lag_2': 0.5840402480445412, 'lag_3': 0.1682246296726346, 'lag_4': 0.5067648891480865, 'lag_5': 0.743867575295045, 'lag_6': 0.704500900794542, 'lag_7': 0.40074757236782005, 'lag_8': 0.5334112270660253, 'lag_9': 0.8529309887157599, 'lag_10': 0.9184648777632833, 'lag_11': 0.9377877321787109, 'lag_12': 0.09191254115174113, 'lag_13': 0.9463778602036121, 'lag_14': 0.16583183745138336, 'lag_15': 0.8777120566956903, 'lag_16': 0.6417288350625113, 'lag_17': 0.41545567720396703, 'lag_18': 0.6495881537080245, 'lag_19': 0.7492425687659088, 'lag_20': 0.7277509375172342, 'lag_21': 0.6324430868003996, 'lag_22': 0.3298207423926549, 'lag_23': 0.8297897935433316, 'lag_24': 0.6368568283162683, 'lag_25': 0.6552186161467515, 'lag_26': 0.5111625284372847, 'lag_27': 0.19206919640289485, 'lag_28': 0.3603075279220095}. Best is trial 38 with value: 0.0049520846481554155.
[I 2025-09-29 11:58:12,821] Trial 48 finished with value: 0.005025072448417231 and parameters: {'lag_0': 0.9372955738859142, 'lag_1': 0.3808788514772664, 'lag_2': 0.7924964174403831, 'lag_3': 0.11305147870546728, 'lag_4': 0.21384987612936543, 'lag_5': 0.6508260172239629, 'lag_6': 0.6145889846595383, 'lag_7': 0.3084013107810524, 'lag_8': 0.47101194353528947, 'lag_9': 0.05398539217254161, 'lag_10': 0.753727032963425, 'lag_11': 0.8927566009096124, 'lag_12': 0.364436171841642, 'lag_13': 0.5881172811915807, 'lag_14': 0.3487639897242346, 'lag_15': 0.9371251195481882, 'lag_16': 0.7021554716371479, 'lag_17': 0.5045278797276925, 'lag_18': 0.5072622377156011, 'lag_19': 0.1729146164812041, 'lag_20': 0.8012485508068449, 'lag_21': 0.7563285347075751, 'lag_22': 0.7652973129386313, 'lag_23': 0.7540953289229541, 'lag_24': 0.7719108404895333, 'lag_25': 0.7334445807382202, 'lag_26': 0.8148220410036381, 'lag_27': 0.04439314614192719, 'lag_28': 0.12610479502201738}. Best is trial 38 with value: 0.0049520846481554155.
[I 2025-09-29 11:58:15,354] Trial 49 finished with value: 0.004998908112612199 and parameters: {'lag_0': 0.8308297454008033, 'lag_1': 0.5905173437904935, 'lag_2': 0.0030818669161292167, 'lag_3': 0.2691066876940261, 'lag_4': 0.08361216594765733, 'lag_5': 0.8179354790132359, 'lag_6': 0.5289251405059212, 'lag_7': 0.24501306524084698, 'lag_8': 0.552365011240076, 'lag_9': 0.5634318750228392, 'lag_10': 0.9739995690229668, 'lag_11': 0.8000379850006192, 'lag_12': 0.712471265152242, 'lag_13': 0.9133296657289324, 'lag_14': 0.45828718805782215, 'lag_15': 0.7972868611275714, 'lag_16': 0.4976351757372558, 'lag_17': 0.16327448541069517, 'lag_18': 0.43980240542686133, 'lag_19': 0.5244890297718671, 'lag_20': 0.8718180914329731, 'lag_21': 0.5452717412740156, 'lag_22': 0.591290392848977, 'lag_23': 0.4342173186526584, 'lag_24': 0.7447104426039478, 'lag_25': 0.8059106813679388, 'lag_26': 0.5697146687389659, 'lag_27': 0.12559643449101943, 'lag_28': 0.41071301996132703}. Best is trial 38 with value: 0.0049520846481554155.
[I 2025-09-29 11:58:17,890] Trial 50 finished with value: 0.004983458005319753 and parameters: {'lag_0': 0.930380050099712, 'lag_1': 0.49859443007463156, 'lag_2': 0.6538008398549094, 'lag_3': 0.3481531204635642, 'lag_4': 0.38599491559243004, 'lag_5': 0.7036454983737216, 'lag_6': 0.9428444370174301, 'lag_7': 0.37521887424192035, 'lag_8': 0.3745093326840663, 'lag_9': 0.9628561993776416, 'lag_10': 0.9255443384137265, 'lag_11': 0.3068624090771599, 'lag_12': 0.5501279539725163, 'lag_13': 0.8562538547701298, 'lag_14': 0.29549970772735534, 'lag_15': 0.9900249806694288, 'lag_16': 0.6201647621915737, 'lag_17': 0.6244439446193326, 'lag_18': 0.5903189631045932, 'lag_19': 0.8393170303389969, 'lag_20': 0.2027356750100791, 'lag_21': 0.44704864966256974, 'lag_22': 0.4847552587229069, 'lag_23': 0.8003433930931854, 'lag_24': 0.5490228426580699, 'lag_25': 0.6253831895893405, 'lag_26': 0.7476987527600156, 'lag_27': 0.0008105248264730913, 'lag_28': 0.2750975643509829}. Best is trial 38 with value: 0.0049520846481554155.
[I 2025-09-29 11:58:20,424] Trial 51 finished with value: 0.004985220797423089 and parameters: {'lag_0': 0.14775408131531212, 'lag_1': 0.6591844257950187, 'lag_2': 0.8186743531785398, 'lag_3': 0.39280717541624727, 'lag_4': 0.153852675300501, 'lag_5': 0.8657030011567496, 'lag_6': 0.4551766077059982, 'lag_7': 0.5720571671559502, 'lag_8': 0.47006904284761053, 'lag_9': 0.7703676708878698, 'lag_10': 0.7480397295941552, 'lag_11': 0.731712327044925, 'lag_12': 0.458118485697112, 'lag_13': 0.6998769756355107, 'lag_14': 0.5317165877090342, 'lag_15': 0.695429781476, 'lag_16': 0.35867234926385755, 'lag_17': 0.2456265989076514, 'lag_18': 0.3044624825007261, 'lag_19': 0.6347617126645323, 'lag_20': 0.9397119314373575, 'lag_21': 0.8306135008146063, 'lag_22': 0.6480992456359238, 'lag_23': 0.6445498211305788, 'lag_24': 0.6555476028366518, 'lag_25': 0.9372370757390049, 'lag_26': 0.4707914113432913, 'lag_27': 0.9869399488821227, 'lag_28': 0.563093718597772}. Best is trial 38 with value: 0.0049520846481554155.
[I 2025-09-29 11:58:22,953] Trial 52 finished with value: 0.004977420049523769 and parameters: {'lag_0': 0.3097262221818454, 'lag_1': 0.6191141062009002, 'lag_2': 0.7540014812517595, 'lag_3': 0.493211636870057, 'lag_4': 0.278949264575872, 'lag_5': 0.7615201035144009, 'lag_6': 0.7620411382537509, 'lag_7': 0.6344704160958974, 'lag_8': 0.3216202930201667, 'lag_9': 0.9003047281720775, 'lag_10': 0.6536289247195785, 'lag_11': 0.8683166437683907, 'lag_12': 0.36866956761505004, 'lag_13': 0.996979644971485, 'lag_14': 0.3794798215447699, 'lag_15': 0.6163455547529819, 'lag_16': 0.24298076651379746, 'lag_17': 0.378570645500946, 'lag_18': 0.37943416869278845, 'lag_19': 0.7441161804336379, 'lag_20': 0.9405261665303054, 'lag_21': 0.8821923371663432, 'lag_22': 0.5634166314147729, 'lag_23': 0.6926083165190019, 'lag_24': 0.8214369438970902, 'lag_25': 0.8487111617591122, 'lag_26': 0.6489398333506459, 'lag_27': 0.6170676921327392, 'lag_28': 0.3708506413899417}. Best is trial 38 with value: 0.0049520846481554155.
[I 2025-09-29 11:58:25,488] Trial 53 finished with value: 0.005050153633666914 and parameters: {'lag_0': 0.847475048333022, 'lag_1': 0.6187271562884145, 'lag_2': 0.7415850475800635, 'lag_3': 0.48678588979459775, 'lag_4': 0.275997756142637, 'lag_5': 0.7633772652726896, 'lag_6': 0.7776675654651793, 'lag_7': 0.6492111355418028, 'lag_8': 0.5990131278937071, 'lag_9': 0.8946026674323146, 'lag_10': 0.6292959840463745, 'lag_11': 0.945684311082623, 'lag_12': 0.38371467669632975, 'lag_13': 0.9898507355147755, 'lag_14': 0.3897350161865098, 'lag_15': 0.5639179349443783, 'lag_16': 0.24917112025296256, 'lag_17': 0.38306237864812553, 'lag_18': 0.37148667118264517, 'lag_19': 0.733806898968451, 'lag_20': 0.8548594886235042, 'lag_21': 0.7547635071406038, 'lag_22': 0.6911655143710542, 'lag_23': 0.7012523208710533, 'lag_24': 0.8285177428518697, 'lag_25': 0.5272069169926793, 'lag_26': 0.6973144296415609, 'lag_27': 0.5812022339308207, 'lag_28': 0.38241788653699316}. Best is trial 38 with value: 0.0049520846481554155.
[I 2025-09-29 11:58:28,024] Trial 54 finished with value: 0.005012161916024301 and parameters: {'lag_0': 0.3078031490414329, 'lag_1': 0.3545590344848982, 'lag_2': 0.595024452328728, 'lag_3': 0.5485556323110767, 'lag_4': 0.2606662004972244, 'lag_5': 0.6468062231707761, 'lag_6': 0.6851430244073639, 'lag_7': 0.4973376334212453, 'lag_8': 0.40211091089921225, 'lag_9': 0.8495042145727818, 'lag_10': 0.7014101710479341, 'lag_11': 0.8567017780687965, 'lag_12': 0.2765663102615876, 'lag_13': 0.8133130183502583, 'lag_14': 0.20492406470049712, 'lag_15': 0.5923266221307117, 'lag_16': 0.5498455550822771, 'lag_17': 0.3169452378323921, 'lag_18': 0.4686873285819124, 'lag_19': 0.7679003244572024, 'lag_20': 0.9465398815025262, 'lag_21': 0.8775532727585229, 'lag_22': 0.6249502183275617, 'lag_23': 0.5500721318237838, 'lag_24': 0.939308913892885, 'lag_25': 0.7129774922215547, 'lag_26': 0.5392773357224651, 'lag_27': 0.6640846581963482, 'lag_28': 0.28261605629694714}. Best is trial 38 with value: 0.0049520846481554155.
[I 2025-09-29 11:58:30,545] Trial 55 finished with value: 0.005056553250084454 and parameters: {'lag_0': 0.48233492389197163, 'lag_1': 0.5408900720973202, 'lag_2': 0.6904970110926085, 'lag_3': 0.6254984396733878, 'lag_4': 0.29795253995658777, 'lag_5': 0.9391524757340026, 'lag_6': 0.8464118223293714, 'lag_7': 0.5329792392728707, 'lag_8': 0.5156194110699328, 'lag_9': 0.37892687820072146, 'lag_10': 0.575334614635187, 'lag_11': 0.7704179455736637, 'lag_12': 0.40083679288935986, 'lag_13': 0.9961047331141681, 'lag_14': 0.4775399936837882, 'lag_15': 0.7018100176802922, 'lag_16': 0.43127382606006265, 'lag_17': 0.5427107652761836, 'lag_18': 0.4039655561918984, 'lag_19': 0.8652730100032603, 'lag_20': 0.7876356292481601, 'lag_21': 0.7127062655182039, 'lag_22': 0.40868660252807254, 'lag_23': 0.886977788774195, 'lag_24': 0.6980669972025929, 'lag_25': 0.8333991303750876, 'lag_26': 0.6497220216228041, 'lag_27': 0.7714659435899975, 'lag_28': 0.3317612812892796}. Best is trial 38 with value: 0.0049520846481554155.
[I 2025-09-29 11:58:33,070] Trial 56 finished with value: 0.005078491115976363 and parameters: {'lag_0': 0.4202298314501193, 'lag_1': 0.5787080534500673, 'lag_2': 0.5135610389111399, 'lag_3': 0.4445404180612367, 'lag_4': 0.3325316823038126, 'lag_5': 0.8202927264418576, 'lag_6': 0.7942515951818077, 'lag_7': 0.7091975947725909, 'lag_8': 0.2255810745220912, 'lag_9': 0.9109355285375789, 'lag_10': 0.80649898299249, 'lag_11': 0.11227381728877167, 'lag_12': 0.339787369489999, 'lag_13': 0.8705417736212304, 'lag_14': 0.3544593490713104, 'lag_15': 0.5236186850142004, 'lag_16': 0.5871446979863291, 'lag_17': 0.6852559612286702, 'lag_18': 0.31899525806579876, 'lag_19': 0.8249458858791171, 'lag_20': 0.8398400294622343, 'lag_21': 0.3250328842668467, 'lag_22': 0.7237478911879035, 'lag_23': 0.6852544815198226, 'lag_24': 0.7788673077899894, 'lag_25': 0.9584721383018961, 'lag_26': 0.5807871517744702, 'lag_27': 0.09926699146642008, 'lag_28': 0.3795360169878413}. Best is trial 38 with value: 0.0049520846481554155.
[I 2025-09-29 11:58:35,601] Trial 57 finished with value: 0.005008228323381792 and parameters: {'lag_0': 0.508284699638359, 'lag_1': 0.517403724196547, 'lag_2': 0.32040066150832774, 'lag_3': 0.2517826757821157, 'lag_4': 0.2044804383133797, 'lag_5': 0.727629084472552, 'lag_6': 0.6431395285165691, 'lag_7': 0.4696364718619449, 'lag_8': 0.8364380685675255, 'lag_9': 0.9719763167403812, 'lag_10': 0.6582124530335314, 'lag_11': 0.8670613098544626, 'lag_12': 0.5949580365477574, 'lag_13': 0.6558916057485993, 'lag_14': 0.4170413572247226, 'lag_15': 0.46265942018585526, 'lag_16': 0.10894497055216465, 'lag_17': 0.7935203267058412, 'lag_18': 0.2368978431833218, 'lag_19': 0.7231679979717758, 'lag_20': 0.9972261963806133, 'lag_21': 0.7812369255161602, 'lag_22': 0.5780306083051123, 'lag_23': 0.8724415822469008, 'lag_24': 0.922428007493921, 'lag_25': 0.7759728778993712, 'lag_26': 0.4098072878657224, 'lag_27': 0.7174358190077987, 'lag_28': 0.9198361833947128}. Best is trial 38 with value: 0.0049520846481554155.
[I 2025-09-29 11:58:38,130] Trial 58 finished with value: 0.005007930229453393 and parameters: {'lag_0': 0.9970507456237561, 'lag_1': 0.8014500974138616, 'lag_2': 0.6590976259035898, 'lag_3': 0.3251050683783081, 'lag_4': 0.08763320102885902, 'lag_5': 0.7629902352545542, 'lag_6': 0.9017986836293913, 'lag_7': 0.4201792252184461, 'lag_8': 0.4343244554028631, 'lag_9': 0.9978427080858012, 'lag_10': 0.5302945160824094, 'lag_11': 0.7916345648754111, 'lag_12': 0.17608003600148625, 'lag_13': 0.9352983265482644, 'lag_14': 0.2861328983595739, 'lag_15': 0.6148791056305681, 'lag_16': 0.6691822100714757, 'lag_17': 0.42275593270711453, 'lag_18': 0.5345196860975765, 'lag_19': 0.9232594121582466, 'lag_20': 0.7081607991652761, 'lag_21': 0.6349028457641779, 'lag_22': 0.4895073695993601, 'lag_23': 0.7758723517180293, 'lag_24': 0.9990600977277321, 'lag_25': 0.4107479025233505, 'lag_26': 0.7120121615863826, 'lag_27': 0.6174014995003605, 'lag_28': 0.44245519249245274}. Best is trial 38 with value: 0.0049520846481554155.
[I 2025-09-29 11:58:40,666] Trial 59 finished with value: 0.005051912437922919 and parameters: {'lag_0': 0.6996755969429838, 'lag_1': 0.6384792239201137, 'lag_2': 0.41196161560889444, 'lag_3': 0.03703770716975713, 'lag_4': 0.03890993617244201, 'lag_5': 0.5816884019049872, 'lag_6': 0.7222421511821949, 'lag_7': 0.16262734665491843, 'lag_8': 0.3525695244289223, 'lag_9': 0.68657669433861, 'lag_10': 0.736500845697625, 'lag_11': 0.6952806183006088, 'lag_12': 0.5386747722201142, 'lag_13': 0.514104411281973, 'lag_14': 0.25198100459881834, 'lag_15': 0.3827757563674157, 'lag_16': 0.48171738847836776, 'lag_17': 0.2050931329299208, 'lag_18': 0.38572982813668294, 'lag_19': 0.6322272881273286, 'lag_20': 0.958914714344778, 'lag_21': 0.8315713813494348, 'lag_22': 0.24611129403559084, 'lag_23': 0.6400361020021597, 'lag_24': 0.8371135760179593, 'lag_25': 0.8984435342196107, 'lag_26': 0.771486957072147, 'lag_27': 0.04285715197433601, 'lag_28': 0.6641634477805844}. Best is trial 38 with value: 0.0049520846481554155.
[I 2025-09-29 11:58:43,198] Trial 60 finished with value: 0.005007606689108532 and parameters: {'lag_0': 0.2633724502696392, 'lag_1': 0.46892110958810834, 'lag_2': 0.4802960541133984, 'lag_3': 0.572982682156914, 'lag_4': 0.692052058387522, 'lag_5': 0.4762549083579162, 'lag_6': 0.6704551114590631, 'lag_7': 0.10702401918392801, 'lag_8': 0.44948209843176784, 'lag_9': 0.7905421416646221, 'lag_10': 0.5959158530441442, 'lag_11': 0.9675753377682339, 'lag_12': 0.5157828117953703, 'lag_13': 0.7718494428462342, 'lag_14': 0.9472692345316328, 'lag_15': 0.7734311289910452, 'lag_16': 0.5250894041847883, 'lag_17': 0.3533930734270463, 'lag_18': 0.6687223133933198, 'lag_19': 0.7734035451034209, 'lag_20': 0.8986727070906751, 'lag_21': 0.4031025422828823, 'lag_22': 0.8001910784139294, 'lag_23': 0.580545151937299, 'lag_24': 0.7329544071920686, 'lag_25': 0.3240818573033126, 'lag_26': 0.8290626853362834, 'lag_27': 0.858244125837376, 'lag_28': 0.243631267355356}. Best is trial 38 with value: 0.0049520846481554155.
[I 2025-09-29 11:58:45,727] Trial 61 finished with value: 0.00495001720744123 and parameters: {'lag_0': 0.19992851784412988, 'lag_1': 0.6902830522696409, 'lag_2': 0.8288436339875057, 'lag_3': 0.7344956766652412, 'lag_4': 0.15258100670319502, 'lag_5': 0.8947551949408757, 'lag_6': 0.549542398261991, 'lag_7': 0.6095543560392248, 'lag_8': 0.28908802090068286, 'lag_9': 0.8048340791119717, 'lag_10': 0.41957793085379447, 'lag_11': 0.9015873736270462, 'lag_12': 0.4273330949103826, 'lag_13': 0.7352507609398691, 'lag_14': 0.5182628781916864, 'lag_15': 0.6107715564091126, 'lag_16': 0.31807736259847086, 'lag_17': 0.2666281874626239, 'lag_18': 0.1702579054226967, 'lag_19': 0.6750422088987981, 'lag_20': 0.9183485305677803, 'lag_21': 0.957251058807507, 'lag_22': 0.5498215707925354, 'lag_23': 0.46243718958209235, 'lag_24': 0.5898719325079635, 'lag_25': 0.8510977500005524, 'lag_26': 0.6429958935241021, 'lag_27': 0.29315428250381803, 'lag_28': 0.4898636097537423}. Best is trial 61 with value: 0.00495001720744123.
[I 2025-09-29 11:58:48,253] Trial 62 finished with value: 0.005053889824154538 and parameters: {'lag_0': 0.2133223038309439, 'lag_1': 0.6985845180228758, 'lag_2': 0.8134637462316077, 'lag_3': 0.7603521785336574, 'lag_4': 0.16842785247882436, 'lag_5': 0.9124088665567701, 'lag_6': 0.5653591936440403, 'lag_7': 0.6415176482694054, 'lag_8': 0.2849237598591263, 'lag_9': 0.7434109484358064, 'lag_10': 0.40684597665695077, 'lag_11': 0.8861535339914693, 'lag_12': 0.4392089440417371, 'lag_13': 0.739908329167091, 'lag_14': 0.4514354012115769, 'lag_15': 0.6102384710791982, 'lag_16': 0.22229495745607558, 'lag_17': 0.2916248104080913, 'lag_18': 0.1672736115636413, 'lag_19': 0.6730232381727217, 'lag_20': 0.9269522005209296, 'lag_21': 0.8827329944949944, 'lag_22': 0.5365425713570898, 'lag_23': 0.4120161862117171, 'lag_24': 0.576541114657646, 'lag_25': 0.8392424934720166, 'lag_26': 0.6303308333004588, 'lag_27': 0.22060880170655744, 'lag_28': 0.31017867523815346}. Best is trial 61 with value: 0.00495001720744123.
[I 2025-09-29 11:58:50,784] Trial 63 finished with value: 0.00501957601332305 and parameters: {'lag_0': 0.3370030510564198, 'lag_1': 0.7733003698630393, 'lag_2': 0.762687958833999, 'lag_3': 0.6450606087037659, 'lag_4': 0.22929002513757896, 'lag_5': 0.985796430447765, 'lag_6': 0.42919026159919915, 'lag_7': 0.6093800863788714, 'lag_8': 0.3294368928538955, 'lag_9': 0.6353371398874031, 'lag_10': 0.4596205451280902, 'lag_11': 0.9229540031271976, 'lag_12': 0.423437642144167, 'lag_13': 0.6195437742758875, 'lag_14': 0.5203369815791182, 'lag_15': 0.5554369063784668, 'lag_16': 0.3676558720452494, 'lag_17': 0.47944471412050366, 'lag_18': 0.1342935805819523, 'lag_19': 0.56505736412663, 'lag_20': 0.8686400899027612, 'lag_21': 0.9477193949171892, 'lag_22': 0.5831340686771005, 'lag_23': 0.46576637200317994, 'lag_24': 0.6388539360078692, 'lag_25': 0.9914226320072506, 'lag_26': 0.6631251355959155, 'lag_27': 0.14418074215896717, 'lag_28': 0.5022961366283876}. Best is trial 61 with value: 0.00495001720744123.
[I 2025-09-29 11:58:53,323] Trial 64 finished with value: 0.0049949630105525725 and parameters: {'lag_0': 0.39616201989887256, 'lag_1': 0.7497011194175076, 'lag_2': 0.9164141410367915, 'lag_3': 0.5244178695559552, 'lag_4': 0.0835419091465337, 'lag_5': 0.8398576963281997, 'lag_6': 0.7636727534415417, 'lag_7': 0.458800968584014, 'lag_8': 0.4019655397402626, 'lag_9': 0.8356131812588755, 'lag_10': 0.3518228478458457, 'lag_11': 0.9586965584851885, 'lag_12': 0.3344922933137412, 'lag_13': 0.5775323768765146, 'lag_14': 0.6106377036065256, 'lag_15': 0.7372522779187543, 'lag_16': 0.3038579878660654, 'lag_17': 0.37336784409334967, 'lag_18': 0.07956370460155082, 'lag_19': 0.4561035422673861, 'lag_20': 0.958637840198577, 'lag_21': 0.8520056556646148, 'lag_22': 0.6674034110373046, 'lag_23': 0.5230805584602195, 'lag_24': 0.6821072281229652, 'lag_25': 0.10918296382400292, 'lag_26': 0.5272772046204086, 'lag_27': 0.27046744601096495, 'lag_28': 0.6021823469258236}. Best is trial 61 with value: 0.00495001720744123.
[I 2025-09-29 11:58:55,873] Trial 65 finished with value: 0.004995639175528278 and parameters: {'lag_0': 0.2957847734625746, 'lag_1': 0.6363502116011895, 'lag_2': 0.7295572780828676, 'lag_3': 0.7222661197108873, 'lag_4': 0.10855561460135295, 'lag_5': 0.8041593394604349, 'lag_6': 0.4929810677649963, 'lag_7': 0.5377049780373939, 'lag_8': 0.4915183162700781, 'lag_9': 0.9368666159281238, 'lag_10': 0.2936603498972387, 'lag_11': 0.7822373698020153, 'lag_12': 0.2868312599958511, 'lag_13': 0.6897854672472351, 'lag_14': 0.40695147436636864, 'lag_15': 0.6717367302865719, 'lag_16': 0.14620849926068707, 'lag_17': 0.06970870516987171, 'lag_18': 0.9203835563648303, 'lag_19': 0.6535851864820846, 'lag_20': 0.8228677570306893, 'lag_21': 0.8980376499448961, 'lag_22': 0.5127088372816132, 'lag_23': 0.33886684883446927, 'lag_24': 0.6011880835204114, 'lag_25': 0.013933087438366704, 'lag_26': 0.5929059976575236, 'lag_27': 0.2995611933589859, 'lag_28': 0.4048535248388002}. Best is trial 61 with value: 0.00495001720744123.
[I 2025-09-29 11:58:58,409] Trial 66 finished with value: 0.005039580193356848 and parameters: {'lag_0': 0.5804404294124579, 'lag_1': 0.4299016058715736, 'lag_2': 0.611022912376771, 'lag_3': 0.10200766239240971, 'lag_4': 0.18927994739689527, 'lag_5': 0.9062615815777484, 'lag_6': 0.6099909217745892, 'lag_7': 0.7581667815772328, 'lag_8': 0.17132697866827618, 'lag_9': 0.80393419703783, 'lag_10': 0.8518674952417515, 'lag_11': 0.997256561682774, 'lag_12': 0.7869233059388395, 'lag_13': 0.7917743819730428, 'lag_14': 0.3453167488008798, 'lag_15': 0.5394643681499574, 'lag_16': 0.4004081478118763, 'lag_17': 0.2702856107139095, 'lag_18': 0.24765742309291033, 'lag_19': 0.6061530787918161, 'lag_20': 0.46048259380674106, 'lag_21': 0.1884441369283419, 'lag_22': 0.46283510483441564, 'lag_23': 0.49507689000505684, 'lag_24': 0.9051325923529869, 'lag_25': 0.7175685317542031, 'lag_26': 0.48407791888522755, 'lag_27': 0.08918913908832962, 'lag_28': 0.5674103132830379}. Best is trial 61 with value: 0.00495001720744123.
