[I 2025-09-29 13:08:49,553] Trial 61 finished with value: 0.007399304470541252 and parameters: {'lag_0': 0.9355816257504964, 'lag_1': 0.25286524666442256, 'lag_2': 0.7262926616184456, 'lag_3': 0.6579467519661418, 'lag_4': 0.7552807067934935, 'lag_5': 0.10075193006643933, 'lag_6': 0.3918126510687398, 'lag_7': 0.47244741428180387, 'lag_8': 0.757690776082504, 'lag_9': 0.516857843973103, 'lag_10': 0.7031821414391943, 'lag_11': 0.9587445727417521, 'lag_12': 0.7056770828080483, 'lag_13': 0.08975695690593624, 'lag_14': 0.7660562841928713, 'lag_15': 0.5889376804534237, 'lag_16': 0.5174667123409327, 'lag_17': 0.025417254930833556, 'lag_18': 0.334450583916333, 'lag_19': 0.7178872956813297, 'lag_20': 0.8510140476595038, 'lag_21': 0.8470096505293531, 'lag_22': 0.7304581344115296, 'lag_23': 0.6171134450680925, 'lag_24': 0.7702349503477885, 'lag_25': 0.29637756403632154, 'lag_26': 0.8817400603328871, 'lag_27': 0.4116129064097717, 'lag_28': 0.017665692250912714}. Best is trial 28 with value: 0.006548623969072112.
[I 2025-09-29 13:08:51,906] Trial 62 finished with value: 0.006933987326801806 and parameters: {'lag_0': 0.8597801148191284, 'lag_1': 0.23204163346711337, 'lag_2': 0.5397611146513909, 'lag_3': 0.8220624893621569, 'lag_4': 0.7325007521015953, 'lag_5': 0.04024975083082912, 'lag_6': 0.5066923170343755, 'lag_7': 0.5981956733426421, 'lag_8': 0.7194519055138118, 'lag_9': 0.5697611002970535, 'lag_10': 0.777252868708941, 'lag_11': 0.8658919597546649, 'lag_12': 0.5948190338702499, 'lag_13': 0.04760104540346343, 'lag_14': 0.5899791964637637, 'lag_15': 0.5349456040767276, 'lag_16': 0.4109315106232506, 'lag_17': 0.10504264851085168, 'lag_18': 0.578586418193156, 'lag_19': 0.8273816303855219, 'lag_20': 0.632478614853059, 'lag_21': 0.8931069384441107, 'lag_22': 0.5358330711539891, 'lag_23': 0.6871691539832337, 'lag_24': 0.830677561094273, 'lag_25': 0.43452862849694285, 'lag_26': 0.05091590978548689, 'lag_27': 0.3664374970753853, 'lag_28': 0.4723008125748897}. Best is trial 28 with value: 0.006548623969072112.
[I 2025-09-29 13:08:54,363] Trial 63 finished with value: 0.0069611151614813295 and parameters: {'lag_0': 0.6151482041019973, 'lag_1': 0.13081424512006956, 'lag_2': 0.47045558092139733, 'lag_3': 0.9679342140060402, 'lag_4': 0.6373115463477588, 'lag_5': 0.16717156578071904, 'lag_6': 0.4486921135958446, 'lag_7': 0.6873800739868801, 'lag_8': 0.8115581836929988, 'lag_9': 0.4255806062277389, 'lag_10': 0.6527166810410714, 'lag_11': 0.9997256388950382, 'lag_12': 0.6551435138857357, 'lag_13': 0.13642512231811438, 'lag_14': 0.6819011894254713, 'lag_15': 0.6867596886979207, 'lag_16': 0.35177935151702994, 'lag_17': 0.30353479327933225, 'lag_18': 0.22452805739931442, 'lag_19': 0.965474406425458, 'lag_20': 0.9519252575973411, 'lag_21': 0.9720103706316032, 'lag_22': 0.7933308097201668, 'lag_23': 0.5740277549873022, 'lag_24': 0.8888492036691833, 'lag_25': 0.15196784935723817, 'lag_26': 0.21334191307914852, 'lag_27': 0.5562501090463868, 'lag_28': 0.06106333390820029}. Best is trial 28 with value: 0.006548623969072112.
[I 2025-09-29 13:08:56,714] Trial 64 finished with value: 0.007221884978288022 and parameters: {'lag_0': 0.3687700494705752, 'lag_1': 0.28331878929070115, 'lag_2': 0.5832472406368906, 'lag_3': 0.9178693814643226, 'lag_4': 0.6923991443276117, 'lag_5': 0.10325818973431616, 'lag_6': 0.3608656073458263, 'lag_7': 0.6561340716681415, 'lag_8': 0.49566569236421476, 'lag_9': 0.38426009269005723, 'lag_10': 0.5851839100750315, 'lag_11': 0.8882695528690223, 'lag_12': 0.7805044870406179, 'lag_13': 0.08641309777172011, 'lag_14': 0.449331445701171, 'lag_15': 0.43546467382314247, 'lag_16': 0.4536147189599792, 'lag_17': 0.39128626647883, 'lag_18': 0.39144338429615105, 'lag_19': 0.6482572252148603, 'lag_20': 0.7977612351190306, 'lag_21': 0.0024528402611790345, 'lag_22': 0.7472994866480009, 'lag_23': 0.4988805240791305, 'lag_24': 0.7936380162899813, 'lag_25': 0.23406953674554698, 'lag_26': 0.2466400705377214, 'lag_27': 0.34419311829221827, 'lag_28': 0.5822675649849515}. Best is trial 28 with value: 0.006548623969072112.
[I 2025-09-29 13:08:59,072] Trial 65 finished with value: 0.007061798143508502 and parameters: {'lag_0': 0.7053326216920424, 'lag_1': 0.33742351832870954, 'lag_2': 0.6473870394197727, 'lag_3': 0.1975691793829365, 'lag_4': 0.5419311799692684, 'lag_5': 0.07115379759291382, 'lag_6': 0.09609361946259937, 'lag_7': 0.27659939845015913, 'lag_8': 0.6329718656162926, 'lag_9': 0.3220468592974666, 'lag_10': 0.8231835459221084, 'lag_11': 0.9544040446501134, 'lag_12': 0.7312423343673804, 'lag_13': 0.23015300196671892, 'lag_14': 0.6394525166688836, 'lag_15': 0.40999025945568063, 'lag_16': 0.25173538779155347, 'lag_17': 0.22359259146888688, 'lag_18': 0.3069583410758915, 'lag_19': 0.7751986230855719, 'lag_20': 0.8950513142114924, 'lag_21': 0.7849254494532392, 'lag_22': 0.6855196899991189, 'lag_23': 0.46074532083714737, 'lag_24': 0.9689123500117143, 'lag_25': 0.20784648452001914, 'lag_26': 0.3802552081714468, 'lag_27': 0.5438276878925811, 'lag_28': 0.7748864703363855}. Best is trial 28 with value: 0.006548623969072112.
[I 2025-09-29 13:09:01,428] Trial 66 finished with value: 0.00744442446123954 and parameters: {'lag_0': 0.4754652882560484, 'lag_1': 0.22351916062636898, 'lag_2': 0.5085844611611672, 'lag_3': 0.14620836880441884, 'lag_4': 0.17996087470917713, 'lag_5': 0.03835628259552578, 'lag_6': 0.31582511718157824, 'lag_7': 0.42208274942910073, 'lag_8': 0.8784915534243818, 'lag_9': 0.4656981044893699, 'lag_10': 0.003644339588579605, 'lag_11': 0.511282278071823, 'lag_12': 0.559297039822721, 'lag_13': 0.17617610375458062, 'lag_14': 0.8059219184100039, 'lag_15': 0.05890913408976738, 'lag_16': 0.3117193870341213, 'lag_17': 0.031248570652403204, 'lag_18': 0.46561830214659594, 'lag_19': 0.43129591641013293, 'lag_20': 0.9998951032215474, 'lag_21': 0.5940656842009848, 'lag_22': 0.8557794333070825, 'lag_23': 0.6587504654825416, 'lag_24': 0.7156880097789692, 'lag_25': 0.6696909013428036, 'lag_26': 0.5918843364453088, 'lag_27': 0.45519570234206275, 'lag_28': 0.14491643232003817}. Best is trial 28 with value: 0.006548623969072112.
[I 2025-09-29 13:09:03,791] Trial 67 finished with value: 0.006972580350007864 and parameters: {'lag_0': 0.9629059662174835, 'lag_1': 0.37627042056664284, 'lag_2': 0.7784081997242417, 'lag_3': 0.7493753158232329, 'lag_4': 0.4756678381508277, 'lag_5': 0.1268516710082933, 'lag_6': 0.19942668982087772, 'lag_7': 0.8452623182922147, 'lag_8': 0.825139303688572, 'lag_9': 0.18949999387918576, 'lag_10': 0.5474633770166433, 'lag_11': 0.7329720230642647, 'lag_12': 0.8522421554731918, 'lag_13': 0.11963817663546254, 'lag_14': 0.5778522884921372, 'lag_15': 0.8915225918670917, 'lag_16': 0.14112016654292103, 'lag_17': 0.20237762797198988, 'lag_18': 0.14701209901024304, 'lag_19': 0.5205134201023341, 'lag_20': 0.9561568198001509, 'lag_21': 0.6537253662336093, 'lag_22': 0.4653636005939105, 'lag_23': 0.3193311618603485, 'lag_24': 0.7474367469652887, 'lag_25': 0.8614759318600589, 'lag_26': 0.08536089115799661, 'lag_27': 0.2539213163219496, 'lag_28': 0.6333780738700263}. Best is trial 28 with value: 0.006548623969072112.
[I 2025-09-29 13:09:06,136] Trial 68 finished with value: 0.006593848339065941 and parameters: {'lag_0': 0.40570945205821807, 'lag_1': 0.30775257866991995, 'lag_2': 0.70846837508342, 'lag_3': 0.3904156012162343, 'lag_4': 0.8302807818488556, 'lag_5': 0.17995218277581645, 'lag_6': 0.2543926462303333, 'lag_7': 0.5796665377052431, 'lag_8': 0.7000190306289761, 'lag_9': 0.6197945052896652, 'lag_10': 0.7319533821801286, 'lag_11': 0.43922295700078173, 'lag_12': 0.9579480788925047, 'lag_13': 0.027258676023168244, 'lag_14': 0.5343037733294406, 'lag_15': 0.26184590178249495, 'lag_16': 0.18437631362414172, 'lag_17': 0.1604254591957102, 'lag_18': 0.24108701307159658, 'lag_19': 0.29679807554217136, 'lag_20': 0.87308479418388, 'lag_21': 0.47425840419864085, 'lag_22': 0.9452645780004043, 'lag_23': 0.413150209387186, 'lag_24': 0.6460504102474051, 'lag_25': 0.08024552009779468, 'lag_26': 0.14704921083503508, 'lag_27': 0.11512450887699227, 'lag_28': 0.10486807282278476}. Best is trial 28 with value: 0.006548623969072112.
[I 2025-09-29 13:09:08,503] Trial 69 finished with value: 0.006586203347225203 and parameters: {'lag_0': 0.2923456511732606, 'lag_1': 0.31370739809992065, 'lag_2': 0.6189543526447641, 'lag_3': 0.3490916783831113, 'lag_4': 0.8260599973335422, 'lag_5': 0.29623785584969664, 'lag_6': 0.26655905216569376, 'lag_7': 0.5670791439904619, 'lag_8': 0.7102909308657128, 'lag_9': 0.6406151929478117, 'lag_10': 0.728004481688318, 'lag_11': 0.4443472227164626, 'lag_12': 0.9733385317800792, 'lag_13': 0.027523958655401727, 'lag_14': 0.5495732913637615, 'lag_15': 0.256856980669855, 'lag_16': 0.19376592955761973, 'lag_17': 0.15969515567378578, 'lag_18': 0.028681710079501238, 'lag_19': 0.28492566223084226, 'lag_20': 0.8529013531432726, 'lag_21': 0.4874345317595494, 'lag_22': 0.9523989714788539, 'lag_23': 0.40496508623695104, 'lag_24': 0.6109850474863672, 'lag_25': 0.038957018430813665, 'lag_26': 0.17234736315840407, 'lag_27': 0.11465714199935055, 'lag_28': 0.24556666695280746}. Best is trial 28 with value: 0.006548623969072112.
[I 2025-09-29 13:09:10,858] Trial 70 finished with value: 0.00724047410968532 and parameters: {'lag_0': 0.31194040605857254, 'lag_1': 0.4369781007443801, 'lag_2': 0.8558608642355585, 'lag_3': 0.4089986708247989, 'lag_4': 0.905832782948283, 'lag_5': 0.3290595582298462, 'lag_6': 0.1552923593349763, 'lag_7': 0.573967413173254, 'lag_8': 0.7020863884305764, 'lag_9': 0.6409419737753745, 'lag_10': 0.7432646149805157, 'lag_11': 0.4432671342614717, 'lag_12': 0.9686671404629419, 'lag_13': 0.03345961059989802, 'lag_14': 0.533002718433403, 'lag_15': 0.2502881910838927, 'lag_16': 0.055477129459662516, 'lag_17': 0.14462620651461489, 'lag_18': 0.03596586785422802, 'lag_19': 0.2764771516996262, 'lag_20': 0.7488817091100028, 'lag_21': 0.44751240894238886, 'lag_22': 0.9396089629792759, 'lag_23': 0.40092751077617317, 'lag_24': 0.6044256430590016, 'lag_25': 0.0016817574873541283, 'lag_26': 0.17676238679822076, 'lag_27': 0.14427830777542847, 'lag_28': 0.25148651666109395}. Best is trial 28 with value: 0.006548623969072112.
[I 2025-09-29 13:09:13,219] Trial 71 finished with value: 0.0069114101964681375 and parameters: {'lag_0': 0.4122826429587325, 'lag_1': 0.2945982584333501, 'lag_2': 0.6949212312753377, 'lag_3': 0.3256246268520439, 'lag_4': 0.8245691849662624, 'lag_5': 0.2773837040148367, 'lag_6': 0.26303557713303993, 'lag_7': 0.516271343554181, 'lag_8': 0.77672864548818, 'lag_9': 0.6169722526044392, 'lag_10': 0.8758249363968502, 'lag_11': 0.359194161102161, 'lag_12': 0.9296485592558589, 'lag_13': 0.002937625266979619, 'lag_14': 0.46703133728412377, 'lag_15': 0.2968229859681112, 'lag_16': 0.17747049985083477, 'lag_17': 0.1709353664905489, 'lag_18': 0.10950583960576371, 'lag_19': 0.1985074062811693, 'lag_20': 0.8441627062056293, 'lag_21': 0.4824060512764009, 'lag_22': 0.9326101303060244, 'lag_23': 0.3548346042716871, 'lag_24': 0.5641961720428446, 'lag_25': 0.0755857479947297, 'lag_26': 0.009822470013356566, 'lag_27': 0.10588559151946234, 'lag_28': 0.2135275523769029}. Best is trial 28 with value: 0.006548623969072112.
[I 2025-09-29 13:09:15,568] Trial 72 finished with value: 0.006863229573194692 and parameters: {'lag_0': 0.24053974328250857, 'lag_1': 0.30730901446442827, 'lag_2': 0.613279467170157, 'lag_3': 0.37174359142666863, 'lag_4': 0.8649985970707188, 'lag_5': 0.23561187973131933, 'lag_6': 0.039921033277717566, 'lag_7': 0.6226329648785892, 'lag_8': 0.35674745393273866, 'lag_9': 0.7499261514217819, 'lag_10': 0.8027697438391367, 'lag_11': 0.41482375647333936, 'lag_12': 0.8943244846888587, 'lag_13': 0.0705582836636715, 'lag_14': 0.4091819589117552, 'lag_15': 0.20131932211879933, 'lag_16': 0.10993011006032866, 'lag_17': 0.253409841846743, 'lag_18': 0.01264570024133187, 'lag_19': 0.3001271817381469, 'lag_20': 0.9231491505206324, 'lag_21': 0.522412259877876, 'lag_22': 0.9786877145188073, 'lag_23': 0.49817222748317547, 'lag_24': 0.6501740714932519, 'lag_25': 0.06077443686719343, 'lag_26': 0.2951021942210329, 'lag_27': 0.18360660646682186, 'lag_28': 0.10698265011193975}. Best is trial 28 with value: 0.006548623969072112.
[I 2025-09-29 13:09:17,929] Trial 73 finished with value: 0.008084400905129279 and parameters: {'lag_0': 0.3272292291660359, 'lag_1': 0.3712425727458472, 'lag_2': 0.5566099454890191, 'lag_3': 0.2759008032025048, 'lag_4': 0.9515274678719104, 'lag_5': 0.19056183579489777, 'lag_6': 0.1409023498337763, 'lag_7': 0.5329652006514786, 'lag_8': 0.6683156425918745, 'lag_9': 0.8394644358431378, 'lag_10': 0.7413931376428511, 'lag_11': 0.4348504613115107, 'lag_12': 0.9997279146942225, 'lag_13': 0.0988538011486701, 'lag_14': 0.5599806653300455, 'lag_15': 0.26804753552397176, 'lag_16': 0.20149752178154817, 'lag_17': 0.10123559335733029, 'lag_18': 0.24975144140355846, 'lag_19': 0.3328855317145426, 'lag_20': 0.8801349562543338, 'lag_21': 0.4799268364693585, 'lag_22': 0.9648545475290068, 'lag_23': 0.4262121793008215, 'lag_24': 0.6720880102540829, 'lag_25': 0.03919890338672405, 'lag_26': 0.14039045597395028, 'lag_27': 0.06833611890630378, 'lag_28': 0.28793750132554086}. Best is trial 28 with value: 0.006548623969072112.
[I 2025-09-29 13:09:20,281] Trial 74 finished with value: 0.0067935267438882785 and parameters: {'lag_0': 0.37974733909109354, 'lag_1': 0.4818131179518379, 'lag_2': 0.6662669084970043, 'lag_3': 0.4377671371284908, 'lag_4': 0.7907143142682683, 'lag_5': 0.18873358873016985, 'lag_6': 0.26072672653839307, 'lag_7': 0.7178427383010251, 'lag_8': 0.42047642184904854, 'lag_9': 0.5724061954589612, 'lag_10': 0.6227139268522144, 'lag_11': 0.4734743537389704, 'lag_12': 0.9596760340296906, 'lag_13': 0.02809819789492095, 'lag_14': 0.6261990859568336, 'lag_15': 0.36958172545722684, 'lag_16': 0.23201100985529288, 'lag_17': 0.2921891795428443, 'lag_18': 0.1866515319576257, 'lag_19': 0.2486074073215281, 'lag_20': 0.7924478208574024, 'lag_21': 0.3787268545104373, 'lag_22': 0.84890026305582, 'lag_23': 0.2870130726879847, 'lag_24': 0.6302242529817272, 'lag_25': 0.10304728620845835, 'lag_26': 0.08356004239669407, 'lag_27': 0.025877862542640295, 'lag_28': 0.34981166638749805}. Best is trial 28 with value: 0.006548623969072112.
[I 2025-09-29 13:09:22,626] Trial 75 finished with value: 0.007274047597417531 and parameters: {'lag_0': 0.5345824703820061, 'lag_1': 0.3316416943544313, 'lag_2': 0.9326673479225036, 'lag_3': 0.24520662597096166, 'lag_4': 0.8983697327289805, 'lag_5': 0.2902309132004479, 'lag_6': 0.41283129313501776, 'lag_7': 0.4701023681685273, 'lag_8': 0.7321642392726917, 'lag_9': 0.6560974103535236, 'lag_10': 0.6718059663910675, 'lag_11': 0.38575718636551476, 'lag_12': 0.9241183868095619, 'lag_13': 0.6101685352454042, 'lag_14': 0.9932974615183203, 'lag_15': 0.3359080781447863, 'lag_16': 0.16138119807835438, 'lag_17': 0.2521947294333298, 'lag_18': 0.08003727689246792, 'lag_19': 0.11557477214516965, 'lag_20': 0.9716167515093803, 'lag_21': 0.5828683127130835, 'lag_22': 0.9522235419492858, 'lag_23': 0.5336765811108413, 'lag_24': 0.56277301420055, 'lag_25': 0.8186330807695691, 'lag_26': 0.24489278284983304, 'lag_27': 0.11587943665751861, 'lag_28': 0.17298728895320137}. Best is trial 28 with value: 0.006548623969072112.
[I 2025-09-29 13:09:25,001] Trial 76 finished with value: 0.006833029925450237 and parameters: {'lag_0': 0.15850949051719918, 'lag_1': 0.18485284974791955, 'lag_2': 0.6100502477127485, 'lag_3': 0.3007117531252853, 'lag_4': 0.7864225730505922, 'lag_5': 0.2565071804317775, 'lag_6': 0.22610460110987732, 'lag_7': 0.5878273472828034, 'lag_8': 0.6112907999094841, 'lag_9': 0.7019108107908534, 'lag_10': 0.9451458942552969, 'lag_11': 0.33957095212313315, 'lag_12': 0.8888132443525393, 'lag_13': 0.06764073670569269, 'lag_14': 0.15032074420491343, 'lag_15': 0.221373592062206, 'lag_16': 0.2871370829930703, 'lag_17': 0.19036732054521335, 'lag_18': 0.12950095910201243, 'lag_19': 0.41536197230572164, 'lag_20': 0.9063116408128882, 'lag_21': 0.3430020678713912, 'lag_22': 0.9959670952754013, 'lag_23': 0.455878814112182, 'lag_24': 0.5179704866632593, 'lag_25': 0.7739937627308451, 'lag_26': 0.16606634304450563, 'lag_27': 0.15888140545277218, 'lag_28': 0.5270014475649001}. Best is trial 28 with value: 0.006548623969072112.
[I 2025-09-29 13:09:27,372] Trial 77 finished with value: 0.0074288708479639184 and parameters: {'lag_0': 0.473106998818149, 'lag_1': 0.24975026052692145, 'lag_2': 0.7176048286562364, 'lag_3': 0.48650655092381917, 'lag_4': 0.2870513924646587, 'lag_5': 0.35465310259461813, 'lag_6': 0.3576756269599326, 'lag_7': 0.6705103359352533, 'lag_8': 0.5716038286625185, 'lag_9': 0.5985149237119631, 'lag_10': 0.7212773739479104, 'lag_11': 0.6239321659928244, 'lag_12': 0.8292205008417854, 'lag_13': 0.02852120077580491, 'lag_14': 0.2660140751878783, 'lag_15': 0.30380279671391724, 'lag_16': 0.1318896156305706, 'lag_17': 0.22604624588565025, 'lag_18': 0.16574486268560765, 'lag_19': 0.36786661981949204, 'lag_20': 0.8692907831736494, 'lag_21': 0.7241512414811414, 'lag_22': 0.9006229358913135, 'lag_23': 0.48725886083656866, 'lag_24': 0.4960856573941531, 'lag_25': 0.16355124487602327, 'lag_26': 0.42449796022859543, 'lag_27': 0.0733794649033053, 'lag_28': 0.08689900700927808}. Best is trial 28 with value: 0.006548623969072112.
[I 2025-09-29 13:09:29,720] Trial 78 finished with value: 0.007377109433868016 and parameters: {'lag_0': 0.28924201560413654, 'lag_1': 0.5976957354729681, 'lag_2': 0.7513123968517201, 'lag_3': 0.3451592838830094, 'lag_4': 0.10199958115146748, 'lag_5': 0.1526126635154126, 'lag_6': 0.00043131552936004347, 'lag_7': 0.9532192305280173, 'lag_8': 0.838878092778772, 'lag_9': 0.5452213698135412, 'lag_10': 0.8736887588792708, 'lag_11': 0.5305809781788944, 'lag_12': 0.16137073742715202, 'lag_13': 0.16011205227153258, 'lag_14': 0.36367576247919864, 'lag_15': 0.2459696589028127, 'lag_16': 0.25512582636349956, 'lag_17': 0.5044691572389208, 'lag_18': 0.19763853936763207, 'lag_19': 0.4634060086761915, 'lag_20': 0.9415436645352275, 'lag_21': 0.6771475071012807, 'lag_22': 0.8855586918760592, 'lag_23': 0.19250200459533742, 'lag_24': 0.9293002393725871, 'lag_25': 0.8935988372010845, 'lag_26': 0.8048103977578294, 'lag_27': 0.0969088112002868, 'lag_28': 0.12480744075630879}. Best is trial 28 with value: 0.006548623969072112.
[I 2025-09-29 13:09:32,078] Trial 79 finished with value: 0.006756755452123788 and parameters: {'lag_0': 0.437241835587807, 'lag_1': 0.2758279673989472, 'lag_2': 0.4236110373771701, 'lag_3': 0.3900011266894547, 'lag_4': 0.2038695552458265, 'lag_5': 0.08650092029398675, 'lag_6': 0.11392631439403095, 'lag_7': 0.49363109888025025, 'lag_8': 0.4700977887601071, 'lag_9': 0.3495975643236255, 'lag_10': 0.16457233869993665, 'lag_11': 0.3065060973996975, 'lag_12': 0.9602316314594226, 'lag_13': 0.9734277583987736, 'lag_14': 0.5193507376162149, 'lag_15': 0.13920455651023153, 'lag_16': 0.21054226513140123, 'lag_17': 0.16535162440541346, 'lag_18': 0.5631292529408174, 'lag_19': 0.29235502752418785, 'lag_20': 0.6953882731392955, 'lag_21': 0.5598444294966696, 'lag_22': 0.8393472805612762, 'lag_23': 0.2533264779505012, 'lag_24': 0.8418962894752234, 'lag_25': 0.6131507564397494, 'lag_26': 0.6859498111765814, 'lag_27': 0.19995283657082913, 'lag_28': 0.5645522356799367}. Best is trial 28 with value: 0.006548623969072112.
[I 2025-09-29 13:09:34,417] Trial 80 finished with value: 0.0076892999295429644 and parameters: {'lag_0': 0.4034489483954267, 'lag_1': 0.14852048996081818, 'lag_2': 0.5291503121483416, 'lag_3': 0.0909671326736336, 'lag_4': 0.8422217383143459, 'lag_5': 0.23006402297940853, 'lag_6': 0.2867725121004514, 'lag_7': 0.7679419476747211, 'lag_8': 0.9131140305067055, 'lag_9': 0.4312736845768716, 'lag_10': 0.03595982182745476, 'lag_11': 0.4961204130461968, 'lag_12': 0.44812636875555956, 'lag_13': 0.4432118777393886, 'lag_14': 0.48258536549520553, 'lag_15': 0.027061942233046615, 'lag_16': 0.38097356110946806, 'lag_17': 0.15040968262259544, 'lag_18': 0.26016485752464824, 'lag_19': 0.37211982086747636, 'lag_20': 0.8264422670200631, 'lag_21': 0.45879330001532126, 'lag_22': 0.06669034856747526, 'lag_23': 0.30575917880687553, 'lag_24': 0.9980984310319885, 'lag_25': 0.731893911089437, 'lag_26': 0.5395049848564613, 'lag_27': 0.0330065631522274, 'lag_28': 0.4363047085058068}. Best is trial 28 with value: 0.006548623969072112.
[I 2025-09-29 13:09:36,766] Trial 81 finished with value: 0.006917802410243033 and parameters: {'lag_0': 0.43779394823757056, 'lag_1': 0.27864235831479794, 'lag_2': 0.4213127632907918, 'lag_3': 0.39784786242137965, 'lag_4': 0.1669557072923714, 'lag_5': 0.0866400202635816, 'lag_6': 0.10187159176197699, 'lag_7': 0.4869027950225357, 'lag_8': 0.4499560507625671, 'lag_9': 0.3615340770820037, 'lag_10': 0.16131906275677724, 'lag_11': 0.28689179919832586, 'lag_12': 0.952311498782025, 'lag_13': 0.9956619530977757, 'lag_14': 0.5214731922697676, 'lag_15': 0.14051644814952632, 'lag_16': 0.051689681336808985, 'lag_17': 0.11079448943079126, 'lag_18': 0.599458229095074, 'lag_19': 0.2858258218694332, 'lag_20': 0.9229034464113679, 'lag_21': 0.6226274817468334, 'lag_22': 0.8493720271303016, 'lag_23': 0.3591542750825377, 'lag_24': 0.7996399888732391, 'lag_25': 0.6115938401767996, 'lag_26': 0.4676285141472325, 'lag_27': 0.20337265760403408, 'lag_28': 0.5754603344401384}. Best is trial 28 with value: 0.006548623969072112.
