[I 2025-09-29 13:23:55,507] Trial 45 finished with value: 0.006369370421421608 and parameters: {'lag_0': 0.5807191399939352, 'lag_1': 0.15172037977176134, 'lag_2': 0.9272773426212145, 'lag_3': 0.2766981403013239, 'lag_4': 0.7178608155793165, 'lag_5': 0.5089583411035603, 'lag_6': 0.48364185954699956, 'lag_7': 0.2689904035058469, 'lag_8': 0.6604356335113859, 'lag_9': 0.2379865245166338, 'lag_10': 0.14386460956048155, 'lag_11': 0.6834439301486306, 'lag_12': 0.37483952938586557, 'lag_13': 0.575191908817642, 'lag_14': 0.24394117533571164, 'lag_15': 0.7232171494490309, 'lag_16': 0.3623941257599659, 'lag_17': 0.9261528224904981, 'lag_18': 0.41592215679942013, 'lag_19': 0.19223687642541595, 'lag_20': 0.7054809079489047, 'lag_21': 0.3712223003683524, 'lag_22': 0.32417802903244614, 'lag_23': 0.9118015247566263, 'lag_24': 0.5802289319152666, 'lag_25': 0.4845397344846761, 'lag_26': 0.9400334473696483, 'lag_27': 0.18491989568509473, 'lag_28': 0.049458214524463355}. Best is trial 20 with value: 0.004898677599398006.
[I 2025-09-29 13:23:57,910] Trial 46 finished with value: 0.005221676725327206 and parameters: {'lag_0': 0.8082577259857241, 'lag_1': 0.341693955159337, 'lag_2': 0.19114423736391126, 'lag_3': 0.1073136532541963, 'lag_4': 0.8610623842041532, 'lag_5': 0.304845690314945, 'lag_6': 0.6703421758218477, 'lag_7': 0.12011258180232562, 'lag_8': 0.7697446505894031, 'lag_9': 0.978533460487406, 'lag_10': 0.40167425636155996, 'lag_11': 0.3097763168410692, 'lag_12': 0.47217928306800994, 'lag_13': 0.3819286100225887, 'lag_14': 0.9202394429452193, 'lag_15': 0.7859323091256334, 'lag_16': 0.05827333516663044, 'lag_17': 0.016373844255453684, 'lag_18': 0.037962435186240116, 'lag_19': 0.5562927450984302, 'lag_20': 0.5781736067125681, 'lag_21': 0.4338345704379618, 'lag_22': 0.03870866433065871, 'lag_23': 0.18643161297325553, 'lag_24': 0.3672923845572985, 'lag_25': 0.38769958837052915, 'lag_26': 0.055233440945365864, 'lag_27': 0.05250025925615004, 'lag_28': 0.1544178809443761}. Best is trial 20 with value: 0.004898677599398006.
[I 2025-09-29 13:24:00,321] Trial 47 finished with value: 0.005762171636587439 and parameters: {'lag_0': 0.898747408565095, 'lag_1': 0.20458883959082358, 'lag_2': 0.6815820956273928, 'lag_3': 0.41262196375502697, 'lag_4': 0.5749054027628417, 'lag_5': 0.4321292335995385, 'lag_6': 0.5665541629666825, 'lag_7': 0.05903411538628685, 'lag_8': 0.5367389516428354, 'lag_9': 0.1673162680170935, 'lag_10': 0.04638555734297911, 'lag_11': 0.9135928223465574, 'lag_12': 0.783572253120195, 'lag_13': 0.8893301923203368, 'lag_14': 0.8426544029739448, 'lag_15': 0.17002120919464855, 'lag_16': 0.4013851025115036, 'lag_17': 0.6844554384507687, 'lag_18': 0.1638147832391166, 'lag_19': 0.2977576717112571, 'lag_20': 0.8538612712243254, 'lag_21': 0.5029064825465386, 'lag_22': 0.26552846057851404, 'lag_23': 0.7690648882972516, 'lag_24': 0.9191624349729124, 'lag_25': 0.12416267905955629, 'lag_26': 0.7031236751810777, 'lag_27': 0.12346439609608799, 'lag_28': 0.0034167339703524147}. Best is trial 20 with value: 0.004898677599398006.
[I 2025-09-29 13:24:02,747] Trial 48 finished with value: 0.004985051339395854 and parameters: {'lag_0': 0.44028548341802376, 'lag_1': 0.02039200887945769, 'lag_2': 0.28709441184865525, 'lag_3': 0.03167816831216644, 'lag_4': 0.17118886707489622, 'lag_5': 0.7009665469468799, 'lag_6': 0.7100810026723473, 'lag_7': 0.2084018302159768, 'lag_8': 0.7085982085754046, 'lag_9': 0.005840862401064295, 'lag_10': 0.28140389902643054, 'lag_11': 0.23715841273387175, 'lag_12': 0.8606468557595044, 'lag_13': 0.27865225464018084, 'lag_14': 0.549318969817664, 'lag_15': 0.9347482573935254, 'lag_16': 0.6478556838985222, 'lag_17': 0.2568474792600198, 'lag_18': 0.0021562790926677976, 'lag_19': 0.6467516847959269, 'lag_20': 0.7553043436721509, 'lag_21': 0.7461808216148123, 'lag_22': 0.18077981943537505, 'lag_23': 0.5740985181101136, 'lag_24': 0.2887372899278679, 'lag_25': 0.5921448654387695, 'lag_26': 0.6030202665224554, 'lag_27': 0.3212179054672803, 'lag_28': 0.33093785936818687}. Best is trial 20 with value: 0.004898677599398006.
[I 2025-09-29 13:24:05,166] Trial 49 finished with value: 0.005210145783229531 and parameters: {'lag_0': 0.27836559538714, 'lag_1': 0.01096819042110841, 'lag_2': 0.29994548753589817, 'lag_3': 0.005359340441707633, 'lag_4': 0.32921721280155275, 'lag_5': 0.6852673797389512, 'lag_6': 0.718834582889021, 'lag_7': 0.21971525617975296, 'lag_8': 0.7084156897086872, 'lag_9': 0.07712630246675417, 'lag_10': 0.29288982235303307, 'lag_11': 0.24430814280568672, 'lag_12': 0.8604610433842248, 'lag_13': 0.21220017102647468, 'lag_14': 0.7343861154421334, 'lag_15': 0.40731043344322887, 'lag_16': 0.6643730368810445, 'lag_17': 0.27718814883394705, 'lag_18': 0.0984960899832883, 'lag_19': 0.6456927400160174, 'lag_20': 0.6729241446608527, 'lag_21': 0.9441258978615497, 'lag_22': 0.17957497061248406, 'lag_23': 0.5520821085475368, 'lag_24': 0.07053476420770993, 'lag_25': 0.6605420011529173, 'lag_26': 0.5849980684682345, 'lag_27': 0.3418146180645021, 'lag_28': 0.33657867055327195}. Best is trial 20 with value: 0.004898677599398006.
[I 2025-09-29 13:24:07,582] Trial 50 finished with value: 0.005062112907697612 and parameters: {'lag_0': 0.4037261460619863, 'lag_1': 0.0821792275611273, 'lag_2': 0.26154431081321733, 'lag_3': 0.05246590342849208, 'lag_4': 0.15643115668624785, 'lag_5': 0.7325152815408634, 'lag_6': 0.7764131751697163, 'lag_7': 0.3797734755474993, 'lag_8': 0.6345894413986077, 'lag_9': 0.6283824800488298, 'lag_10': 0.46611401289194654, 'lag_11': 0.08243929008740675, 'lag_12': 0.9983794530858313, 'lag_13': 0.1649955959160837, 'lag_14': 0.436211216594466, 'lag_15': 0.7085033827436933, 'lag_16': 0.7693551972614188, 'lag_17': 0.35270531238890807, 'lag_18': 0.3447420358366141, 'lag_19': 0.09253371764120207, 'lag_20': 0.7615165657815118, 'lag_21': 0.9240959424781285, 'lag_22': 0.34244115176382445, 'lag_23': 0.4981246715765519, 'lag_24': 0.28641232213377354, 'lag_25': 0.7050003989385636, 'lag_26': 0.5206380005442582, 'lag_27': 0.23391138047090582, 'lag_28': 0.399427964685011}. Best is trial 20 with value: 0.004898677599398006.
[I 2025-09-29 13:24:10,005] Trial 51 finished with value: 0.0053886323736756815 and parameters: {'lag_0': 0.1796689178243482, 'lag_1': 0.034772499028122114, 'lag_2': 0.09847277429451853, 'lag_3': 0.15496106061739626, 'lag_4': 0.05733538998572063, 'lag_5': 0.6042994222710334, 'lag_6': 0.2369767664322977, 'lag_7': 0.2001688981818177, 'lag_8': 0.8165204806125204, 'lag_9': 0.006625766603012273, 'lag_10': 0.08850374606967637, 'lag_11': 0.32600952816528234, 'lag_12': 0.955517848885045, 'lag_13': 0.2946033048568038, 'lag_14': 0.5347298950215097, 'lag_15': 0.9891328410116345, 'lag_16': 0.7259259036017911, 'lag_17': 0.42972512311308875, 'lag_18': 0.006012924780231563, 'lag_19': 0.586088104996521, 'lag_20': 0.7333394893377517, 'lag_21': 0.7186181959574628, 'lag_22': 0.053356763998394424, 'lag_23': 0.5920750355534096, 'lag_24': 0.32110761374949187, 'lag_25': 0.6185826363360936, 'lag_26': 0.44436657533351287, 'lag_27': 0.30908014319777316, 'lag_28': 0.3052337039040436}. Best is trial 20 with value: 0.004898677599398006.
[I 2025-09-29 13:24:12,435] Trial 52 finished with value: 0.005607529732635676 and parameters: {'lag_0': 0.7462043802325169, 'lag_1': 0.7525684514765814, 'lag_2': 0.18251830525823134, 'lag_3': 0.21034348661497726, 'lag_4': 0.16953032475513724, 'lag_5': 0.6574430315825487, 'lag_6': 0.6441034092616132, 'lag_7': 0.3092475247430321, 'lag_8': 0.9445776625658515, 'lag_9': 0.4053214022653911, 'lag_10': 0.19147680677787668, 'lag_11': 0.1976250011387547, 'lag_12': 0.7216727274661054, 'lag_13': 0.4159783564744776, 'lag_14': 0.653652273484475, 'lag_15': 0.9451050431171246, 'lag_16': 0.5975301656909855, 'lag_17': 0.2381738984348731, 'lag_18': 0.0374478473024833, 'lag_19': 0.46366268235964087, 'lag_20': 0.5915457989966018, 'lag_21': 0.8434986001193142, 'lag_22': 0.14827268467980473, 'lag_23': 0.6441588283194981, 'lag_24': 0.47960875044441365, 'lag_25': 0.5965359962968411, 'lag_26': 0.6531526773467382, 'lag_27': 0.43761193136318627, 'lag_28': 0.20917579832904687}. Best is trial 20 with value: 0.004898677599398006.
[I 2025-09-29 13:24:14,855] Trial 53 finished with value: 0.005512569077356947 and parameters: {'lag_0': 0.4337038087566209, 'lag_1': 0.10342695470831874, 'lag_2': 0.4208293534557863, 'lag_3': 0.10037912559880437, 'lag_4': 0.2960826905044919, 'lag_5': 0.8190463924622229, 'lag_6': 0.5273828724888436, 'lag_7': 0.13702951641670075, 'lag_8': 0.2988111003415103, 'lag_9': 0.12244052491231028, 'lag_10': 0.2339318890951897, 'lag_11': 0.404656568215318, 'lag_12': 0.9040363234498929, 'lag_13': 0.6838256520899111, 'lag_14': 0.3676333514506551, 'lag_15': 0.9185631107133101, 'lag_16': 0.518070584297154, 'lag_17': 0.14198685334813516, 'lag_18': 0.14885694905893812, 'lag_19': 0.7518492445790795, 'lag_20': 0.8112415205253984, 'lag_21': 0.6765643680162627, 'lag_22': 0.2051794141615845, 'lag_23': 0.41159423274629897, 'lag_24': 0.2110056089797921, 'lag_25': 0.5237480962279113, 'lag_26': 0.6188711767705524, 'lag_27': 0.1510968674210264, 'lag_28': 0.08637343555505038}. Best is trial 20 with value: 0.004898677599398006.
[I 2025-09-29 13:24:17,273] Trial 54 finished with value: 0.005187949210318911 and parameters: {'lag_0': 0.08485351159687654, 'lag_1': 0.28181777613763437, 'lag_2': 0.34501977500194536, 'lag_3': 0.04978702750349659, 'lag_4': 0.3640362943326362, 'lag_5': 0.531367898397261, 'lag_6': 0.5948131878010863, 'lag_7': 0.2577866642736774, 'lag_8': 0.751160344450164, 'lag_9': 0.05992161018102419, 'lag_10': 0.5391693871985809, 'lag_11': 0.2589587062704003, 'lag_12': 0.42976791589770835, 'lag_13': 0.7976588301625629, 'lag_14': 0.5429073701436028, 'lag_15': 0.879069319970766, 'lag_16': 0.46971222343212865, 'lag_17': 0.0972073146116138, 'lag_18': 0.244041205795295, 'lag_19': 0.5291087832628507, 'lag_20': 0.6500086244584525, 'lag_21': 0.7850981423449821, 'lag_22': 0.08366946968668616, 'lag_23': 0.6877416688691615, 'lag_24': 0.3805577334418815, 'lag_25': 0.769219532997129, 'lag_26': 0.8337036019612907, 'lag_27': 0.8814524998787648, 'lag_28': 0.14565017096733385}. Best is trial 20 with value: 0.004898677599398006.
[I 2025-09-29 13:24:19,692] Trial 55 finished with value: 0.005654419561600149 and parameters: {'lag_0': 0.21393541115559478, 'lag_1': 0.1599669623227347, 'lag_2': 0.0574271208970044, 'lag_3': 0.9655977755963281, 'lag_4': 0.4536955461962331, 'lag_5': 0.35897459795808817, 'lag_6': 0.8484282080308192, 'lag_7': 0.4578905852583918, 'lag_8': 0.45624240136427013, 'lag_9': 0.003294317597336671, 'lag_10': 0.37634838439507756, 'lag_11': 0.4594779989670271, 'lag_12': 0.8350680675344057, 'lag_13': 0.2982167879456696, 'lag_14': 0.5623257353904143, 'lag_15': 0.9602706476945845, 'lag_16': 0.5569120478266831, 'lag_17': 0.06010336727680943, 'lag_18': 0.10665836358548228, 'lag_19': 0.6544688381981477, 'lag_20': 0.8951005702953139, 'lag_21': 0.5649238943339403, 'lag_22': 0.8830297780123807, 'lag_23': 0.5065575463241263, 'lag_24': 0.25690557509888556, 'lag_25': 0.22066791541484035, 'lag_26': 0.9966583792979262, 'lag_27': 0.003920949941133546, 'lag_28': 0.2689295332125068}. Best is trial 20 with value: 0.004898677599398006.
[I 2025-09-29 13:24:22,119] Trial 56 finished with value: 0.005280963352240057 and parameters: {'lag_0': 0.9425040876414594, 'lag_1': 0.23842169088870788, 'lag_2': 0.11589349335258545, 'lag_3': 0.48225783835425085, 'lag_4': 0.266654533366317, 'lag_5': 0.9953821212221269, 'lag_6': 0.333968043881427, 'lag_7': 0.5511161043592188, 'lag_8': 0.8860983787927642, 'lag_9': 0.3303184587508572, 'lag_10': 0.13483481953901347, 'lag_11': 0.37638023645896257, 'lag_12': 0.522528931968628, 'lag_13': 0.38928388241605316, 'lag_14': 0.4848779540192281, 'lag_15': 0.5631254254775611, 'lag_16': 0.651925619449049, 'lag_17': 0.5602316649345205, 'lag_18': 0.005594286241535799, 'lag_19': 0.7090653203318222, 'lag_20': 0.8374157464303693, 'lag_21': 0.6298958107734782, 'lag_22': 0.2688475840918779, 'lag_23': 0.805483091965982, 'lag_24': 0.7202391687139551, 'lag_25': 0.31033351943230253, 'lag_26': 0.7733643578122503, 'lag_27': 0.061518719003257394, 'lag_28': 0.8060323837524804}. Best is trial 20 with value: 0.004898677599398006.
[I 2025-09-29 13:24:24,542] Trial 57 finished with value: 0.005126360672820912 and parameters: {'lag_0': 0.6953021641409585, 'lag_1': 0.42998454583407475, 'lag_2': 0.22658767040174554, 'lag_3': 0.1708232717694252, 'lag_4': 0.5031890582440669, 'lag_5': 0.9212773042776625, 'lag_6': 0.704441593844159, 'lag_7': 0.07936485310035912, 'lag_8': 0.5737618645049375, 'lag_9': 0.5374778376782456, 'lag_10': 0.3277984787114827, 'lag_11': 0.22310393978307155, 'lag_12': 0.6775058170911499, 'lag_13': 0.454710432641244, 'lag_14': 0.33806002333466395, 'lag_15': 0.7978492246220732, 'lag_16': 0.030389623178080374, 'lag_17': 0.8421428460774285, 'lag_18': 0.493627190547443, 'lag_19': 0.8210983741976887, 'lag_20': 0.5399733885264684, 'lag_21': 0.6104645463858988, 'lag_22': 0.11834358694113409, 'lag_23': 0.7355754761250872, 'lag_24': 0.4229850615874085, 'lag_25': 0.6883160224435897, 'lag_26': 0.14612000379068035, 'lag_27': 0.557177053346134, 'lag_28': 0.8729747426105066}. Best is trial 20 with value: 0.004898677599398006.
[I 2025-09-29 13:24:26,971] Trial 58 finished with value: 0.005941258654621287 and parameters: {'lag_0': 0.871912760531438, 'lag_1': 0.6551914408363735, 'lag_2': 0.5392013534853741, 'lag_3': 0.33611050615929583, 'lag_4': 0.19107664868993, 'lag_5': 0.5747887843730158, 'lag_6': 0.6504436121716584, 'lag_7': 0.6642787334294353, 'lag_8': 0.7017096296379354, 'lag_9': 0.26085858701701503, 'lag_10': 0.8722216812290267, 'lag_11': 0.12370730800264514, 'lag_12': 0.33686218794394807, 'lag_13': 0.5172564061746308, 'lag_14': 0.04263670494267592, 'lag_15': 0.2532574058004068, 'lag_16': 0.29174717638548076, 'lag_17': 0.7705482095851695, 'lag_18': 0.20063390846601112, 'lag_19': 0.3683524611666326, 'lag_20': 0.4673303033689567, 'lag_21': 0.761402193700068, 'lag_22': 0.031579169639221735, 'lag_23': 0.6232326436230049, 'lag_24': 0.6433742115350012, 'lag_25': 0.5601669286658082, 'lag_26': 0.37266017770288806, 'lag_27': 0.11324104342943601, 'lag_28': 0.19796006106863362}. Best is trial 20 with value: 0.004898677599398006.
[I 2025-09-29 13:24:29,395] Trial 59 finished with value: 0.007561319940864161 and parameters: {'lag_0': 0.4854349658600289, 'lag_1': 0.9257519259475144, 'lag_2': 0.17065874044889273, 'lag_3': 0.2887402501845343, 'lag_4': 0.010152583721006414, 'lag_5': 0.764456229533478, 'lag_6': 0.11404577549174982, 'lag_7': 0.7190017741194877, 'lag_8': 0.17196148176187354, 'lag_9': 0.20260354722575608, 'lag_10': 0.7923505477737773, 'lag_11': 0.543804954731878, 'lag_12': 0.9174894849557224, 'lag_13': 0.5824150373687256, 'lag_14': 0.6791643402342663, 'lag_15': 0.9992904363679208, 'lag_16': 0.8610455237155842, 'lag_17': 0.9562792678010167, 'lag_18': 0.08971502348448279, 'lag_19': 0.1922021907029028, 'lag_20': 0.9956270192184202, 'lag_21': 0.861250549259698, 'lag_22': 0.4635206228079493, 'lag_23': 0.3538245542270201, 'lag_24': 0.8321859591016152, 'lag_25': 0.492526976915257, 'lag_26': 0.23377490838478626, 'lag_27': 0.39157793417845477, 'lag_28': 0.43974101507747704}. Best is trial 20 with value: 0.004898677599398006.
[I 2025-09-29 13:24:31,823] Trial 60 finished with value: 0.0053327006823730635 and parameters: {'lag_0': 0.32524841051702313, 'lag_1': 0.8206781233312738, 'lag_2': 0.2843780684437781, 'lag_3': 0.5223279765225914, 'lag_4': 0.4066054894424434, 'lag_5': 0.25619578350249256, 'lag_6': 0.3952576909721871, 'lag_7': 0.4779731610019817, 'lag_8': 0.8209947616887622, 'lag_9': 0.4809429632215047, 'lag_10': 0.47746926286023067, 'lag_11': 0.7904263720092504, 'lag_12': 0.6380395191328646, 'lag_13': 0.7355090305108023, 'lag_14': 0.6197629243966962, 'lag_15': 0.4511315475284642, 'lag_16': 0.4333712804026335, 'lag_17': 0.3138797031978458, 'lag_18': 0.26948448330318336, 'lag_19': 0.9980838313387808, 'lag_20': 0.7022174560033464, 'lag_21': 0.5142422574394956, 'lag_22': 0.3059730070757334, 'lag_23': 0.5521358989851011, 'lag_24': 0.1105707571203832, 'lag_25': 0.43260067232115973, 'lag_26': 0.9012410342164638, 'lag_27': 0.17259682630049045, 'lag_28': 0.9937304312097113}. Best is trial 20 with value: 0.004898677599398006.
[I 2025-09-29 13:24:34,256] Trial 61 finished with value: 0.005071269841980292 and parameters: {'lag_0': 0.7637985450738786, 'lag_1': 0.1974151063969013, 'lag_2': 0.8580471695549541, 'lag_3': 0.2429427458952127, 'lag_4': 0.09257959644713021, 'lag_5': 0.4342611309520492, 'lag_6': 0.20696521288982994, 'lag_7': 0.11863561534350087, 'lag_8': 0.8028884953257714, 'lag_9': 0.12988913032096708, 'lag_10': 0.42437945375034203, 'lag_11': 0.9648451833231069, 'lag_12': 0.5571399301786903, 'lag_13': 0.5255466742849603, 'lag_14': 0.4910016415580537, 'lag_15': 0.8354618681626482, 'lag_16': 0.5264890879790375, 'lag_17': 0.7811191976656702, 'lag_18': 0.0027877493908951383, 'lag_19': 0.7095736410886376, 'lag_20': 0.6319124769199254, 'lag_21': 0.5563957838880803, 'lag_22': 0.17723380760549598, 'lag_23': 0.24394785954219414, 'lag_24': 0.44105865686794765, 'lag_25': 0.3698600719828516, 'lag_26': 0.30396889249396514, 'lag_27': 0.7569692395979905, 'lag_28': 0.1739926738012484}. Best is trial 20 with value: 0.004898677599398006.
[I 2025-09-29 13:24:36,840] Trial 62 finished with value: 0.0052617279458698 and parameters: {'lag_0': 0.8232451337541932, 'lag_1': 0.17891178747016515, 'lag_2': 0.8923325247874396, 'lag_3': 0.2973258587373327, 'lag_4': 0.08110008071830262, 'lag_5': 0.4109818797178125, 'lag_6': 0.1580494298175361, 'lag_7': 0.16918653271486606, 'lag_8': 0.3838609435981448, 'lag_9': 0.100927237636129, 'lag_10': 0.5930630930734206, 'lag_11': 0.9925119296832524, 'lag_12': 0.5884092852638028, 'lag_13': 0.5769612485188171, 'lag_14': 0.4322157159469477, 'lag_15': 0.8290332112517198, 'lag_16': 0.6216842247962655, 'lag_17': 0.8903989247764362, 'lag_18': 0.04447464433995646, 'lag_19': 0.6291314601135302, 'lag_20': 0.6122963672868508, 'lag_21': 0.4350180363612085, 'lag_22': 0.14667208968024403, 'lag_23': 0.1996071627714036, 'lag_24': 0.5855041238522861, 'lag_25': 0.4033146674370697, 'lag_26': 0.3942391016288103, 'lag_27': 0.7282480034924561, 'lag_28': 0.7189607150556976}. Best is trial 20 with value: 0.004898677599398006.
[I 2025-09-29 13:24:39,271] Trial 63 finished with value: 0.005052128706455829 and parameters: {'lag_0': 0.6035860447160171, 'lag_1': 0.06935277595347412, 'lag_2': 0.9953821691829714, 'lag_3': 0.14164796460105816, 'lag_4': 0.14361584087956925, 'lag_5': 0.4827747322507622, 'lag_6': 0.46355349932809925, 'lag_7': 0.045169252518818315, 'lag_8': 0.9638443129220424, 'lag_9': 0.054984001335148566, 'lag_10': 0.6879455703574279, 'lag_11': 0.8386563493108563, 'lag_12': 0.5853517853707717, 'lag_13': 0.638388575545865, 'lag_14': 0.5234501853198548, 'lag_15': 0.3310118733210479, 'lag_16': 0.5406503093381752, 'lag_17': 0.7421471318350579, 'lag_18': 0.07623760444505279, 'lag_19': 0.80275832652334, 'lag_20': 0.7721310630966897, 'lag_21': 0.4945177152130147, 'lag_22': 0.23602203352136175, 'lag_23': 0.010105476222655174, 'lag_24': 0.5043045327433838, 'lag_25': 0.2759948934188974, 'lag_26': 0.4631388566509762, 'lag_27': 0.8733235623712506, 'lag_28': 0.14265733768591474}. Best is trial 20 with value: 0.004898677599398006.
[I 2025-09-29 13:24:41,694] Trial 64 finished with value: 0.006790092557809093 and parameters: {'lag_0': 0.7889207908618234, 'lag_1': 0.12469025598174227, 'lag_2': 0.8282065004933292, 'lag_3': 0.3516077136218302, 'lag_4': 0.2403055924169017, 'lag_5': 0.608320018931068, 'lag_6': 0.5411551223658237, 'lag_7': 0.09856961037680702, 'lag_8': 0.6325376263628444, 'lag_9': 0.36134402350087724, 'lag_10': 0.24319758249808102, 'lag_11': 0.9211515952656477, 'lag_12': 0.47695761469408765, 'lag_13': 0.5480884193494733, 'lag_14': 0.12051814906288069, 'lag_15': 0.487368572997575, 'lag_16': 0.705812257752312, 'lag_17': 0.8544249847598426, 'lag_18': 0.0322463550014353, 'lag_19': 0.7298481811908484, 'lag_20': 0.6788683979578347, 'lag_21': 0.5335458717732999, 'lag_22': 0.09300979348523114, 'lag_23': 0.12679271770390144, 'lag_24': 0.45450487356171126, 'lag_25': 0.4726946623524835, 'lag_26': 0.6876693345969932, 'lag_27': 0.6886418050312866, 'lag_28': 0.24854421903276214}. Best is trial 20 with value: 0.004898677599398006.
[I 2025-09-29 13:24:44,129] Trial 65 finished with value: 0.0052687018982548834 and parameters: {'lag_0': 0.7307779221953677, 'lag_1': 0.7240878261940323, 'lag_2': 0.7463072561674273, 'lag_3': 0.41396523884943787, 'lag_4': 0.2143612359260587, 'lag_5': 0.3255105390254861, 'lag_6': 0.16568616794801755, 'lag_7': 0.0026120713631320736, 'lag_8': 0.7727253794097502, 'lag_9': 0.1562420221763871, 'lag_10': 0.3794962972222967, 'lag_11': 0.7529198358466636, 'lag_12': 0.41993609103868756, 'lag_13': 0.46449939645749233, 'lag_14': 0.5564529526229836, 'lag_15': 0.9197779659611711, 'lag_16': 0.5796334397929713, 'lag_17': 0.23449451341226826, 'lag_18': 0.1288655839949286, 'lag_19': 0.6744419888992614, 'lag_20': 0.5554840304390765, 'lag_21': 0.7251344580818266, 'lag_22': 0.2007050253952125, 'lag_23': 0.06463521030433261, 'lag_24': 0.3311141344458852, 'lag_25': 0.5356889326876878, 'lag_26': 0.5308525209073003, 'lag_27': 0.3232654306981887, 'lag_28': 0.06427636109056223}. Best is trial 20 with value: 0.004898677599398006.
