[I 2025-09-29 13:25:50,052] Trial 87 finished with value: 0.004775667179043819 and parameters: {'lag_0': 0.6577343241180117, 'lag_1': 0.4279918040500938, 'lag_2': 0.3535384021132874, 'lag_3': 0.3344719436601469, 'lag_4': 0.0811763417108278, 'lag_5': 0.4665663007423154, 'lag_6': 0.4503242426905836, 'lag_7': 0.4281215979617843, 'lag_8': 0.9183622482279907, 'lag_9': 0.2690183061300381, 'lag_10': 0.711640440455533, 'lag_11': 0.5084600569038223, 'lag_12': 0.9657833177912533, 'lag_13': 0.3710720455556083, 'lag_14': 0.03420089866719439, 'lag_15': 0.3471953599737777, 'lag_16': 0.6116371102122495, 'lag_17': 0.09527356950317906, 'lag_18': 0.36885120701412216, 'lag_19': 0.6669279620603493, 'lag_20': 0.14609543648196677, 'lag_21': 0.10462019613283426, 'lag_22': 0.1483434429273015, 'lag_23': 0.5441773674640401, 'lag_24': 0.6343573916606573, 'lag_25': 0.3402228188119515, 'lag_26': 0.5967337151522089, 'lag_27': 0.4650915382321844, 'lag_28': 0.602342618701641}. Best is trial 60 with value: 0.004197542443336509.
[I 2025-09-29 13:25:52,580] Trial 88 finished with value: 0.004462688392079537 and parameters: {'lag_0': 0.7324585418635026, 'lag_1': 0.20647846035340697, 'lag_2': 0.752580769572181, 'lag_3': 0.4200985573678364, 'lag_4': 0.0364159171397305, 'lag_5': 0.08264648895576444, 'lag_6': 0.6600121373460126, 'lag_7': 0.5360481994780288, 'lag_8': 0.5795222197876336, 'lag_9': 0.059488545238196563, 'lag_10': 0.1513903539247169, 'lag_11': 0.6330660767245679, 'lag_12': 0.9380844970999733, 'lag_13': 0.40435722099154225, 'lag_14': 0.43037242898178407, 'lag_15': 0.6950608065486246, 'lag_16': 0.252532174806416, 'lag_17': 0.05966613723063481, 'lag_18': 0.9589593837989782, 'lag_19': 0.7643859176841192, 'lag_20': 0.43561697834682805, 'lag_21': 0.13793706587794527, 'lag_22': 0.040578934173183846, 'lag_23': 0.8901252491108926, 'lag_24': 0.4316760123022346, 'lag_25': 0.4195560937751075, 'lag_26': 0.30656086253522047, 'lag_27': 0.8844577513157076, 'lag_28': 0.34118550136894843}. Best is trial 60 with value: 0.004197542443336509.
[I 2025-09-29 13:25:55,123] Trial 89 finished with value: 0.004867515539864751 and parameters: {'lag_0': 0.3161331062690921, 'lag_1': 0.5456122295909167, 'lag_2': 0.5579265319134842, 'lag_3': 0.9664388395836713, 'lag_4': 0.4822108423438386, 'lag_5': 0.13033165731798657, 'lag_6': 0.6139688906407637, 'lag_7': 0.6784110933149717, 'lag_8': 0.6888002123887257, 'lag_9': 0.1963989119268964, 'lag_10': 0.818078696723809, 'lag_11': 0.7601089194360134, 'lag_12': 0.45726997170470696, 'lag_13': 0.4968875036159114, 'lag_14': 0.6451117410110355, 'lag_15': 0.4773220615229307, 'lag_16': 0.030140496595590198, 'lag_17': 0.8952299117275597, 'lag_18': 0.4656641246463193, 'lag_19': 0.6922830189482405, 'lag_20': 0.3334372113569588, 'lag_21': 0.04325140231005742, 'lag_22': 0.5527638516977487, 'lag_23': 0.8153697383655347, 'lag_24': 0.5401496039643797, 'lag_25': 0.19084413834949537, 'lag_26': 0.18543549800980372, 'lag_27': 0.6652413134943056, 'lag_28': 0.22152939616049946}. Best is trial 60 with value: 0.004197542443336509.
[I 2025-09-29 13:25:57,659] Trial 90 finished with value: 0.00497742671263813 and parameters: {'lag_0': 0.13489670150746685, 'lag_1': 0.4623778261012286, 'lag_2': 0.7020319810238569, 'lag_3': 0.4905394862353231, 'lag_4': 0.25341959004949155, 'lag_5': 0.028257029828878313, 'lag_6': 0.958434298970559, 'lag_7': 0.10205055272626601, 'lag_8': 0.5525150121995579, 'lag_9': 0.7699822151788215, 'lag_10': 0.7398356876146529, 'lag_11': 0.39890471327036414, 'lag_12': 0.7900368714373562, 'lag_13': 0.4369267340648605, 'lag_14': 0.5003186191765366, 'lag_15': 0.18092314320475866, 'lag_16': 0.6615575060715759, 'lag_17': 0.9975329347942685, 'lag_18': 0.6908880231358315, 'lag_19': 0.5806400384234942, 'lag_20': 0.030683027122768644, 'lag_21': 0.9903008140906597, 'lag_22': 0.4883457955773856, 'lag_23': 0.9544768115686428, 'lag_24': 0.03163870096733418, 'lag_25': 0.5577933281660099, 'lag_26': 0.684789688532872, 'lag_27': 0.6992112796051067, 'lag_28': 0.14058837194552776}. Best is trial 60 with value: 0.004197542443336509.
[I 2025-09-29 13:26:00,207] Trial 91 finished with value: 0.0047603920164588625 and parameters: {'lag_0': 0.8805836039591475, 'lag_1': 0.3379198479714771, 'lag_2': 0.8058436095679624, 'lag_3': 0.8113525919984059, 'lag_4': 0.2705238412598424, 'lag_5': 0.6847184813005678, 'lag_6': 0.7580511905013232, 'lag_7': 0.6443751737304212, 'lag_8': 0.6297630673222349, 'lag_9': 0.17674836436619717, 'lag_10': 0.08233932222507429, 'lag_11': 0.556467271735705, 'lag_12': 0.9071130680848604, 'lag_13': 0.3615194790467066, 'lag_14': 0.5798747523866006, 'lag_15': 0.36767317481467093, 'lag_16': 0.08724208395777407, 'lag_17': 0.3895797616114781, 'lag_18': 0.6772098753261906, 'lag_19': 0.7176866522338892, 'lag_20': 0.14563139472576006, 'lag_21': 0.1800566399272411, 'lag_22': 0.6083522331536392, 'lag_23': 0.8547190332289666, 'lag_24': 0.28908955413908755, 'lag_25': 0.24196796568822748, 'lag_26': 0.03800228167002509, 'lag_27': 0.5710635578453216, 'lag_28': 0.5783094693805538}. Best is trial 60 with value: 0.004197542443336509.
[I 2025-09-29 13:26:02,756] Trial 92 finished with value: 0.005132692291738112 and parameters: {'lag_0': 0.9511752688512932, 'lag_1': 0.32744755232321693, 'lag_2': 0.8242138607502885, 'lag_3': 0.7782579376043921, 'lag_4': 0.28173025324441053, 'lag_5': 0.6504749217050279, 'lag_6': 0.7586011338763485, 'lag_7': 0.7104083635038938, 'lag_8': 0.6083827371032118, 'lag_9': 0.3039234666438101, 'lag_10': 0.07076196707098131, 'lag_11': 0.5824125458692024, 'lag_12': 0.9267569273787177, 'lag_13': 0.3955949440345074, 'lag_14': 0.5508103871738037, 'lag_15': 0.4038528462513734, 'lag_16': 0.09298244865741193, 'lag_17': 0.359750744728864, 'lag_18': 0.7269827837654768, 'lag_19': 0.7158200566949136, 'lag_20': 0.1013746133920439, 'lag_21': 0.1622292009698419, 'lag_22': 0.5906688144864014, 'lag_23': 0.8418071058686302, 'lag_24': 0.2520462231588949, 'lag_25': 0.2255541554670384, 'lag_26': 0.03892622152738849, 'lag_27': 0.6394382489658973, 'lag_28': 0.5624491202829651}. Best is trial 60 with value: 0.004197542443336509.
[I 2025-09-29 13:26:05,312] Trial 93 finished with value: 0.004789405884888032 and parameters: {'lag_0': 0.8608062833716467, 'lag_1': 0.4027898710856853, 'lag_2': 0.8494875641201212, 'lag_3': 0.8381881289756823, 'lag_4': 0.3782028091489043, 'lag_5': 0.6230283340238736, 'lag_6': 0.7305341619904859, 'lag_7': 0.6611290839372481, 'lag_8': 0.5090437422823364, 'lag_9': 0.19557791372563577, 'lag_10': 0.10455494292391482, 'lag_11': 0.5317294860816288, 'lag_12': 0.8805287702314568, 'lag_13': 0.34919457352593847, 'lag_14': 0.6929020532992625, 'lag_15': 0.3289184222673177, 'lag_16': 0.16797133476306433, 'lag_17': 0.3789090693242929, 'lag_18': 0.6409401124326506, 'lag_19': 0.7729568813356391, 'lag_20': 0.18330978272350137, 'lag_21': 0.25139161037088265, 'lag_22': 0.5210412388793577, 'lag_23': 0.9097734314439523, 'lag_24': 0.38335114179124097, 'lag_25': 0.28326680551698974, 'lag_26': 0.08817900515219154, 'lag_27': 0.6381032252024691, 'lag_28': 0.533462279624601}. Best is trial 60 with value: 0.004197542443336509.
[I 2025-09-29 13:26:07,855] Trial 94 finished with value: 0.004517075403579647 and parameters: {'lag_0': 0.4847792364359421, 'lag_1': 0.36823749782519943, 'lag_2': 0.8024196650133679, 'lag_3': 0.9988606624642725, 'lag_4': 0.3272178956641719, 'lag_5': 0.7488419679167824, 'lag_6': 0.7144077474346365, 'lag_7': 0.6146440518890193, 'lag_8': 0.65530039817307, 'lag_9': 0.14287306578471914, 'lag_10': 0.030681912597625302, 'lag_11': 0.6007381669111774, 'lag_12': 0.855092758375682, 'lag_13': 0.2793373882804363, 'lag_14': 0.6336366476964267, 'lag_15': 0.3693617980638884, 'lag_16': 0.20712471365040605, 'lag_17': 0.3245866652727949, 'lag_18': 0.5821106025095104, 'lag_19': 0.8327829767016963, 'lag_20': 0.13872066264012808, 'lag_21': 0.07977585326438631, 'lag_22': 0.6641232763976308, 'lag_23': 0.7004728041723093, 'lag_24': 0.08169639991558103, 'lag_25': 0.14674666256514143, 'lag_26': 0.8668501800977582, 'lag_27': 0.749630198845425, 'lag_28': 0.7097765981679394}. Best is trial 60 with value: 0.004197542443336509.
[I 2025-09-29 13:26:10,579] Trial 95 finished with value: 0.004518054324262137 and parameters: {'lag_0': 0.8889484698060581, 'lag_1': 0.24465676638163553, 'lag_2': 0.8944161951440954, 'lag_3': 0.7525956504374245, 'lag_4': 0.16080217693476967, 'lag_5': 0.17833781917932057, 'lag_6': 0.5265201795500613, 'lag_7': 0.027003979246316815, 'lag_8': 0.38197168384442143, 'lag_9': 0.09864510643763341, 'lag_10': 0.0636533179760084, 'lag_11': 0.49895891004669857, 'lag_12': 0.8184579226373989, 'lag_13': 0.3264112047340323, 'lag_14': 0.6693410223065563, 'lag_15': 0.30649282874341316, 'lag_16': 0.07450887979364403, 'lag_17': 0.4664925813795035, 'lag_18': 0.7416385290053424, 'lag_19': 0.806270128062174, 'lag_20': 0.5680333667788887, 'lag_21': 0.21327466964524885, 'lag_22': 0.6496792399993161, 'lag_23': 0.8017702816180541, 'lag_24': 0.17768199298012669, 'lag_25': 0.10569100282623015, 'lag_26': 0.12716380740107391, 'lag_27': 0.6091782199442255, 'lag_28': 0.5026953350308961}. Best is trial 60 with value: 0.004197542443336509.
[I 2025-09-29 13:26:13,112] Trial 96 finished with value: 0.004430219706650649 and parameters: {'lag_0': 0.5968717870614866, 'lag_1': 0.27553579909604975, 'lag_2': 0.6581917504355419, 'lag_3': 0.8641046140932083, 'lag_4': 0.238168772664887, 'lag_5': 0.548825105197204, 'lag_6': 0.7960978075636074, 'lag_7': 0.7308356903443445, 'lag_8': 0.45993384945667926, 'lag_9': 0.043077130325582885, 'lag_10': 0.18086852655875943, 'lag_11': 0.6613497856805799, 'lag_12': 0.9070734351115396, 'lag_13': 0.4769157157058539, 'lag_14': 0.5277321726136206, 'lag_15': 0.29254997457659815, 'lag_16': 0.057813103543166, 'lag_17': 0.2407144285512951, 'lag_18': 0.7615230429333935, 'lag_19': 0.9336769062060869, 'lag_20': 0.05129166044295663, 'lag_21': 0.11851585935236404, 'lag_22': 0.7139963199343756, 'lag_23': 0.833791261344229, 'lag_24': 0.31523027151830463, 'lag_25': 0.48429695861949057, 'lag_26': 0.06794224080423432, 'lag_27': 0.7083983960085571, 'lag_28': 0.7587722181864899}. Best is trial 60 with value: 0.004197542443336509.
[I 2025-09-29 13:26:15,648] Trial 97 finished with value: 0.004271280463707316 and parameters: {'lag_0': 0.7578272325059452, 'lag_1': 0.14203665586991687, 'lag_2': 0.6280054641706303, 'lag_3': 0.6894345938874122, 'lag_4': 0.3082145482403255, 'lag_5': 0.06116491155148429, 'lag_6': 0.5869484521331717, 'lag_7': 0.5888545594333985, 'lag_8': 0.6081014649980496, 'lag_9': 0.2071030627516272, 'lag_10': 0.8930214912473438, 'lag_11': 0.8737335515065283, 'lag_12': 0.9770453996290513, 'lag_13': 0.5190971389940858, 'lag_14': 0.601054377600204, 'lag_15': 0.13596321102531778, 'lag_16': 0.33664095385632564, 'lag_17': 0.35665758035304096, 'lag_18': 0.6586865718997293, 'lag_19': 0.6202138492491209, 'lag_20': 0.26506149607226526, 'lag_21': 0.2812464773090972, 'lag_22': 0.8115913215381177, 'lag_23': 0.7380438434236888, 'lag_24': 0.24075285091319176, 'lag_25': 0.2080170993957365, 'lag_26': 0.026236343177854986, 'lag_27': 0.8229641597264373, 'lag_28': 0.6636197814428273}. Best is trial 60 with value: 0.004197542443336509.
[I 2025-09-29 13:26:18,169] Trial 98 finished with value: 0.004409084121723109 and parameters: {'lag_0': 0.7669657688850466, 'lag_1': 0.10417066746947114, 'lag_2': 0.6234558323564136, 'lag_3': 0.6720411254042382, 'lag_4': 0.43617245970249263, 'lag_5': 0.05204390436479813, 'lag_6': 0.5743519018585771, 'lag_7': 0.5834389795180217, 'lag_8': 0.4993379040703146, 'lag_9': 0.2432972936895969, 'lag_10': 0.9442835584837177, 'lag_11': 0.8571563168202374, 'lag_12': 0.09402847804998118, 'lag_13': 0.5197340836306205, 'lag_14': 0.5944910594638319, 'lag_15': 0.06886998347000906, 'lag_16': 0.327164871998053, 'lag_17': 0.3495420520454748, 'lag_18': 0.6158712132980942, 'lag_19': 0.6209713809617898, 'lag_20': 0.3572633153969256, 'lag_21': 0.3273451329807032, 'lag_22': 0.8130392645293602, 'lag_23': 0.7405644398245261, 'lag_24': 0.9692393283350569, 'lag_25': 0.26544060282806453, 'lag_26': 0.6210919481420624, 'lag_27': 0.8336647522617662, 'lag_28': 0.6833249836262769}. Best is trial 60 with value: 0.004197542443336509.
[I 2025-09-29 13:26:20,638] Trial 99 finished with value: 0.004416341985588552 and parameters: {'lag_0': 0.8155408481473929, 'lag_1': 0.12680788826471923, 'lag_2': 0.5814194662249716, 'lag_3': 0.6230819903956067, 'lag_4': 0.3633473747689064, 'lag_5': 0.003536812045476339, 'lag_6': 0.5932904404617968, 'lag_7': 0.8272715870791304, 'lag_8': 0.3357761207560994, 'lag_9': 0.5746477123210715, 'lag_10': 0.8875599158840628, 'lag_11': 0.8847881989138597, 'lag_12': 0.986170340647632, 'lag_13': 0.5796099815597947, 'lag_14': 0.6142701738168201, 'lag_15': 0.019889706367262075, 'lag_16': 0.38355208655036555, 'lag_17': 0.2151996959419305, 'lag_18': 0.5313561096073158, 'lag_19': 0.5301275601171854, 'lag_20': 0.2662702446262757, 'lag_21': 0.41253928969221776, 'lag_22': 0.9315667273812555, 'lag_23': 0.4805878277621248, 'lag_24': 0.22585209797273537, 'lag_25': 0.19361920871945842, 'lag_26': 0.019332309829568285, 'lag_27': 0.8574409267284155, 'lag_28': 0.6644556935334128}. Best is trial 60 with value: 0.004197542443336509.
2025-09-29 13:26:22,786 - distributed.worker - INFO - Stopping worker at tcp://192.168.86.107:39066. Reason: scheduler-remove-worker
2025-09-29 13:26:22,790 - distributed.nanny - INFO - Closing Nanny gracefully at 'tcp://192.168.86.107:41212'. Reason: scheduler-remove-worker
2025-09-29 13:26:22,795 - distributed.nanny - INFO - Worker closed
2025-09-29 13:26:22,796 - distributed.core - INFO - Connection to tcp://192.168.86.101:42031 has been closed.
slurmstepd: error: *** JOB 3081219 ON node07 CANCELLED AT 2025-09-29T13:26:22 ***
