[I 2025-09-29 12:51:07,078] Trial 19 finished with value: 0.012649875345574376 and parameters: {'lag_0': 0.07062726262534663, 'lag_1': 0.7437456012629796, 'lag_2': 0.6521789048624453, 'lag_3': 0.3311921650199134, 'lag_4': 0.4254244099624933, 'lag_5': 0.3061019402739922, 'lag_6': 0.7812590888323402, 'lag_7': 0.14027219981653616, 'lag_8': 0.24830080893949114, 'lag_9': 0.8156526091708927, 'lag_10': 0.31838202507792357, 'lag_11': 0.6655393160277924, 'lag_12': 0.7959349823909296, 'lag_13': 0.6202609351382555, 'lag_14': 0.8485977382584671, 'lag_15': 0.13300304801450635, 'lag_16': 0.1698880752079242, 'lag_17': 0.32734244492853715, 'lag_18': 0.24358213780682997, 'lag_19': 0.5539964283575435, 'lag_20': 0.34826562493586954, 'lag_21': 0.11921114997401742, 'lag_22': 0.4735505000049587, 'lag_23': 0.20064298799519031, 'lag_24': 0.6019180908059505, 'lag_25': 0.13952472455105566, 'lag_26': 0.3764200449981283, 'lag_27': 0.8703331786793602, 'lag_28': 0.8915022994436209}. Best is trial 14 with value: 0.009985654583388757.
[I 2025-09-29 12:51:09,562] Trial 20 finished with value: 0.012607285439121652 and parameters: {'lag_0': 0.2461775357263104, 'lag_1': 0.48683924114754396, 'lag_2': 0.856858724739597, 'lag_3': 0.5954005311902237, 'lag_4': 0.18804035350846987, 'lag_5': 0.6418371923954382, 'lag_6': 0.18223369206013645, 'lag_7': 0.9929621980024232, 'lag_8': 0.14265085445568176, 'lag_9': 0.13843550179779174, 'lag_10': 0.25191642584797846, 'lag_11': 0.8732351787423556, 'lag_12': 0.45654033737591715, 'lag_13': 0.8081465860089054, 'lag_14': 0.3353108591851902, 'lag_15': 0.3849092618205267, 'lag_16': 0.2807605738350638, 'lag_17': 0.17675159849939212, 'lag_18': 0.0366263325865786, 'lag_19': 0.8047396773190049, 'lag_20': 0.0007307191155519754, 'lag_21': 0.45621155257551016, 'lag_22': 0.38268038355351836, 'lag_23': 0.5715551861583705, 'lag_24': 0.4198644950692179, 'lag_25': 0.34686914513972295, 'lag_26': 0.1802568693665349, 'lag_27': 0.5983285776053857, 'lag_28': 0.35097627051669966}. Best is trial 14 with value: 0.009985654583388757.
[I 2025-09-29 12:51:12,045] Trial 21 finished with value: 0.012308169110384275 and parameters: {'lag_0': 0.41993893337739396, 'lag_1': 0.11335348895234916, 'lag_2': 0.33186105868512794, 'lag_3': 0.991902974996152, 'lag_4': 0.20211688806162753, 'lag_5': 0.7577714970467488, 'lag_6': 0.6204471052641263, 'lag_7': 0.5873072083130032, 'lag_8': 0.5963917760836424, 'lag_9': 0.3513794186277421, 'lag_10': 0.42472409565841596, 'lag_11': 0.39989680221061474, 'lag_12': 0.1530297319059653, 'lag_13': 0.9916371612240656, 'lag_14': 0.18262632160332726, 'lag_15': 0.5318291516840753, 'lag_16': 0.42775254720101297, 'lag_17': 0.31329016005242083, 'lag_18': 0.8658259334026399, 'lag_19': 0.43347004641170883, 'lag_20': 0.3968649029801029, 'lag_21': 0.09612212630021746, 'lag_22': 0.19013084164730765, 'lag_23': 0.007295649453252756, 'lag_24': 0.11752611320121259, 'lag_25': 0.46542858684201815, 'lag_26': 0.8939361796941778, 'lag_27': 0.44025166447681663, 'lag_28': 0.3859079298511243}. Best is trial 14 with value: 0.009985654583388757.
[I 2025-09-29 12:51:14,522] Trial 22 finished with value: 0.011998958980770838 and parameters: {'lag_0': 0.5911675751238087, 'lag_1': 0.11728400681254617, 'lag_2': 0.4388424393320863, 'lag_3': 0.44658336291207823, 'lag_4': 0.5992108442479929, 'lag_5': 0.8903598752864169, 'lag_6': 0.4638054010036611, 'lag_7': 0.3890687187316477, 'lag_8': 0.465915893865119, 'lag_9': 0.44916774272768156, 'lag_10': 0.6177523434236482, 'lag_11': 0.3011018146440197, 'lag_12': 0.5852363741103647, 'lag_13': 0.8977725613144171, 'lag_14': 0.19043758094613594, 'lag_15': 0.5837555399326079, 'lag_16': 0.43397726878612913, 'lag_17': 0.34626666393046923, 'lag_18': 0.4707451084160986, 'lag_19': 0.3425126886431607, 'lag_20': 0.12760359984836256, 'lag_21': 0.25821045156164313, 'lag_22': 0.22811952013899683, 'lag_23': 0.11532121255702116, 'lag_24': 0.2649936676466713, 'lag_25': 0.37760726977475767, 'lag_26': 0.6230082610505701, 'lag_27': 0.30562987186574897, 'lag_28': 0.6550148368664331}. Best is trial 14 with value: 0.009985654583388757.
[I 2025-09-29 12:51:17,007] Trial 23 finished with value: 0.014141638849132953 and parameters: {'lag_0': 0.6803541004281605, 'lag_1': 0.37217088085833566, 'lag_2': 0.22488859075183742, 'lag_3': 0.7933791740448282, 'lag_4': 0.26418825676085655, 'lag_5': 0.6835977165435184, 'lag_6': 0.7386676479627623, 'lag_7': 0.6546323932879865, 'lag_8': 0.5341482967570573, 'lag_9': 0.6045208475587105, 'lag_10': 0.5489026174053823, 'lag_11': 0.1790179711033861, 'lag_12': 0.25808127320737145, 'lag_13': 0.6372248592195837, 'lag_14': 0.3865571685526601, 'lag_15': 0.46918055149037696, 'lag_16': 0.553146501642643, 'lag_17': 0.005253907225824911, 'lag_18': 0.8562999270520925, 'lag_19': 0.5094150592976329, 'lag_20': 0.23253075088617764, 'lag_21': 0.10925695194066662, 'lag_22': 0.3353460552042925, 'lag_23': 0.1238439845521222, 'lag_24': 0.14333359236016277, 'lag_25': 0.5830465373755389, 'lag_26': 0.7736703618307559, 'lag_27': 0.1817924671955563, 'lag_28': 0.5729428732745718}. Best is trial 14 with value: 0.009985654583388757.
[I 2025-09-29 12:51:19,495] Trial 24 finished with value: 0.013539453671786137 and parameters: {'lag_0': 0.481174363188078, 'lag_1': 0.16394589215636027, 'lag_2': 0.99657383762207, 'lag_3': 0.4575585284296363, 'lag_4': 0.0925857459026388, 'lag_5': 0.7605542639173949, 'lag_6': 0.5819766308844818, 'lag_7': 0.34226002985712395, 'lag_8': 0.29985774611174515, 'lag_9': 0.31910914910848803, 'lag_10': 0.3935087856189571, 'lag_11': 0.3481596786048757, 'lag_12': 0.08157309830870726, 'lag_13': 0.8874797369997772, 'lag_14': 0.23781181160180426, 'lag_15': 0.7512952074401549, 'lag_16': 0.4071400540649101, 'lag_17': 0.12683015247851342, 'lag_18': 0.6303099140778101, 'lag_19': 0.23708506350905062, 'lag_20': 0.3808381649557306, 'lag_21': 0.011249209775982552, 'lag_22': 0.07092459880216676, 'lag_23': 0.3803808395061917, 'lag_24': 0.3628916028614603, 'lag_25': 0.2672357366036905, 'lag_26': 0.8913641293579005, 'lag_27': 0.4581059617031436, 'lag_28': 0.424212952182956}. Best is trial 14 with value: 0.009985654583388757.
[I 2025-09-29 12:51:21,990] Trial 25 finished with value: 0.011895985461035114 and parameters: {'lag_0': 0.08685059157958705, 'lag_1': 0.3092182400022791, 'lag_2': 0.6411314098044028, 'lag_3': 0.6339032984482684, 'lag_4': 0.39479482407134864, 'lag_5': 0.45442723771914584, 'lag_6': 0.9514072262591657, 'lag_7': 0.20079851391531112, 'lag_8': 0.6744091846676703, 'lag_9': 0.12314578285407962, 'lag_10': 0.2589570390293715, 'lag_11': 0.13245926136266156, 'lag_12': 0.42555234729759067, 'lag_13': 0.7537049542063282, 'lag_14': 0.08496035872360519, 'lag_15': 0.3316637099320743, 'lag_16': 0.2790604736998308, 'lag_17': 0.29152770252628823, 'lag_18': 0.6928772874225213, 'lag_19': 0.40697578958570485, 'lag_20': 0.09359224230081373, 'lag_21': 0.3708803794105717, 'lag_22': 0.5572312306509797, 'lag_23': 0.23489491918407146, 'lag_24': 0.22920750309663884, 'lag_25': 0.4285498979108071, 'lag_26': 0.6182042313750203, 'lag_27': 0.5283142809323395, 'lag_28': 0.33475330040817985}. Best is trial 14 with value: 0.009985654583388757.
[I 2025-09-29 12:51:24,479] Trial 26 finished with value: 0.012627025836280356 and parameters: {'lag_0': 0.953186609469846, 'lag_1': 0.25427956973992927, 'lag_2': 0.7578627639187225, 'lag_3': 0.16414593287263674, 'lag_4': 0.001979038109860637, 'lag_5': 0.5929400717613765, 'lag_6': 0.8461001602590953, 'lag_7': 0.10713904529849044, 'lag_8': 0.38724787217102685, 'lag_9': 0.2553447452538834, 'lag_10': 0.4435501024784813, 'lag_11': 0.4829547059079322, 'lag_12': 0.23093425648237653, 'lag_13': 0.40143531611165284, 'lag_14': 0.5699069323323659, 'lag_15': 0.16124375242003602, 'lag_16': 0.14239422960787118, 'lag_17': 0.5774799939193039, 'lag_18': 0.9004729770521526, 'lag_19': 0.5839874253962503, 'lag_20': 0.19716020652500862, 'lag_21': 0.22832593041614713, 'lag_22': 0.4245093034280167, 'lag_23': 0.1125752275757275, 'lag_24': 0.4977174901234954, 'lag_25': 0.5497920044474043, 'lag_26': 0.9263416018972973, 'lag_27': 0.1281098103562509, 'lag_28': 0.14622922587949977}. Best is trial 14 with value: 0.009985654583388757.
[I 2025-09-29 12:51:26,974] Trial 27 finished with value: 0.012155832359067987 and parameters: {'lag_0': 0.2627047454378769, 'lag_1': 0.42401485197871824, 'lag_2': 0.899839930843898, 'lag_3': 0.38578926316054474, 'lag_4': 0.16366898199823307, 'lag_5': 0.9153113431992953, 'lag_6': 0.6512557593775476, 'lag_7': 0.4537595786752449, 'lag_8': 0.0016360143663093907, 'lag_9': 0.42290683453644146, 'lag_10': 0.08377383137782601, 'lag_11': 0.2077809813413219, 'lag_12': 0.7709919768478244, 'lag_13': 0.5470270782582594, 'lag_14': 0.3848315082280455, 'lag_15': 0.46658953295366545, 'lag_16': 0.7338494221733758, 'lag_17': 0.15364880301756545, 'lag_18': 0.2585956183867594, 'lag_19': 0.717762311025762, 'lag_20': 0.3289883313330909, 'lag_21': 0.10765398407191876, 'lag_22': 0.2732820878354895, 'lag_23': 0.037762247262405735, 'lag_24': 0.09059157496927434, 'lag_25': 0.09421374821301604, 'lag_26': 0.4553878249651348, 'lag_27': 0.3423581128160626, 'lag_28': 0.6399096387133104}. Best is trial 14 with value: 0.009985654583388757.
[I 2025-09-29 12:51:29,473] Trial 28 finished with value: 0.011076654597847837 and parameters: {'lag_0': 0.14933233806125779, 'lag_1': 0.5533686565903883, 'lag_2': 0.21724346430452313, 'lag_3': 0.27011034032678616, 'lag_4': 0.24175545440734225, 'lag_5': 0.7055168678818377, 'lag_6': 0.3327750914976268, 'lag_7': 0.6188548132040247, 'lag_8': 0.975707466326022, 'lag_9': 0.8506303994328437, 'lag_10': 0.553847482291314, 'lag_11': 0.5885998797285119, 'lag_12': 0.09788422858031649, 'lag_13': 0.6964007310942649, 'lag_14': 0.6892521016019106, 'lag_15': 0.3190461398109085, 'lag_16': 0.9802915267546884, 'lag_17': 0.38257357924183466, 'lag_18': 0.8110371767197532, 'lag_19': 0.5020776507786384, 'lag_20': 0.4662302652485615, 'lag_21': 0.0705564419868276, 'lag_22': 0.00028994314942659694, 'lag_23': 0.18613158016880238, 'lag_24': 0.49698561636171534, 'lag_25': 0.21294613094037118, 'lag_26': 0.8351761737423314, 'lag_27': 0.5962765300403087, 'lag_28': 0.24638123750262184}. Best is trial 14 with value: 0.009985654583388757.
[I 2025-09-29 12:51:31,965] Trial 29 finished with value: 0.013672919988852695 and parameters: {'lag_0': 0.6058846020933173, 'lag_1': 0.6781714177882358, 'lag_2': 0.7910042989915316, 'lag_3': 0.2966200658697167, 'lag_4': 0.554436119886083, 'lag_5': 0.8140788630361477, 'lag_6': 0.5364417315897607, 'lag_7': 0.23010552050181876, 'lag_8': 0.598897304320009, 'lag_9': 0.5670731664037437, 'lag_10': 0.23765565110208203, 'lag_11': 0.39620672122634676, 'lag_12': 0.5856802563541986, 'lag_13': 0.8250373215992474, 'lag_14': 0.016159482839995742, 'lag_15': 0.5669192125538158, 'lag_16': 0.8512389133736016, 'lag_17': 0.22692977191392377, 'lag_18': 0.16437266233687214, 'lag_19': 0.42436467322795096, 'lag_20': 0.7246996570760862, 'lag_21': 0.5639431598630797, 'lag_22': 0.10093357561328609, 'lag_23': 0.6989190656937757, 'lag_24': 0.1815579867282831, 'lag_25': 0.6735448467230435, 'lag_26': 0.6911879747753001, 'lag_27': 0.7664244390867132, 'lag_28': 0.8267488915913352}. Best is trial 14 with value: 0.009985654583388757.
[I 2025-09-29 12:51:34,454] Trial 30 finished with value: 0.013449803756344653 and parameters: {'lag_0': 0.3128836627224496, 'lag_1': 0.8623644482354138, 'lag_2': 0.008590722266209272, 'lag_3': 0.18637105462229298, 'lag_4': 0.3834015221096221, 'lag_5': 0.5001740541583093, 'lag_6': 0.127877721098064, 'lag_7': 0.3051128844918805, 'lag_8': 0.16686735117921686, 'lag_9': 0.6956546891286832, 'lag_10': 0.3175385058362591, 'lag_11': 0.07649014982027941, 'lag_12': 0.8785354479195702, 'lag_13': 0.925755852733437, 'lag_14': 0.11259454126100878, 'lag_15': 0.6626413791835343, 'lag_16': 0.2920889960538171, 'lag_17': 0.07764436553066095, 'lag_18': 0.9268145136255302, 'lag_19': 0.3742261703373556, 'lag_20': 0.06753796365846466, 'lag_21': 0.3083753297767301, 'lag_22': 0.13054111698974064, 'lag_23': 0.35405096877896547, 'lag_24': 0.31163203413306384, 'lag_25': 0.3156629052026772, 'lag_26': 0.7424635270115784, 'lag_27': 0.27762375850915105, 'lag_28': 0.5059796468130336}. Best is trial 14 with value: 0.009985654583388757.
[I 2025-09-29 12:51:36,944] Trial 31 finished with value: 0.01318270512250698 and parameters: {'lag_0': 0.4118235197189225, 'lag_1': 0.9800360560036611, 'lag_2': 0.11799632258349252, 'lag_3': 0.0732778963672806, 'lag_4': 0.13588790972369547, 'lag_5': 0.5965049350568737, 'lag_6': 0.8390342105940382, 'lag_7': 0.9601255392724487, 'lag_8': 0.7593292374142823, 'lag_9': 0.8506585104686724, 'lag_10': 0.6930286889511919, 'lag_11': 0.3755911249818969, 'lag_12': 0.4862783634932801, 'lag_13': 0.22923694927098576, 'lag_14': 0.16378015349527653, 'lag_15': 0.1839537548713091, 'lag_16': 0.5989179825037552, 'lag_17': 0.5104364129439237, 'lag_18': 0.5087764919513725, 'lag_19': 0.46732360632735814, 'lag_20': 0.04948068406702325, 'lag_21': 0.9629620711348276, 'lag_22': 0.5998422233285119, 'lag_23': 0.8909044940659074, 'lag_24': 0.5717508364609012, 'lag_25': 0.9048219273125198, 'lag_26': 0.194144498335519, 'lag_27': 0.6369533028542752, 'lag_28': 0.02111361878545604}. Best is trial 14 with value: 0.009985654583388757.
[I 2025-09-29 12:51:39,432] Trial 32 finished with value: 0.010843409236159831 and parameters: {'lag_0': 0.4857448984483319, 'lag_1': 0.8524860549537353, 'lag_2': 0.1770066760856148, 'lag_3': 0.09507168512507422, 'lag_4': 0.06844539118742576, 'lag_5': 0.5722978361777148, 'lag_6': 0.6936399431566891, 'lag_7': 0.7135984240831393, 'lag_8': 0.7664203417847165, 'lag_9': 0.7651498291953027, 'lag_10': 0.8212959969031228, 'lag_11': 0.48820160528422135, 'lag_12': 0.5478398831243357, 'lag_13': 0.07931360016973449, 'lag_14': 0.22966237981032722, 'lag_15': 0.27246191968005445, 'lag_16': 0.5256618308785346, 'lag_17': 0.41754400380116896, 'lag_18': 0.5647861633265056, 'lag_19': 0.6072580087111317, 'lag_20': 0.18987425392474272, 'lag_21': 0.8757887872043536, 'lag_22': 0.7172614967231866, 'lag_23': 0.7876137035443463, 'lag_24': 0.4623205706025735, 'lag_25': 0.908249870236384, 'lag_26': 0.42026809721060043, 'lag_27': 0.668522550593431, 'lag_28': 0.0414023995473754}. Best is trial 14 with value: 0.009985654583388757.
[I 2025-09-29 12:51:41,916] Trial 33 finished with value: 0.011247091270326953 and parameters: {'lag_0': 0.3963982295120953, 'lag_1': 0.8361375846470823, 'lag_2': 0.2859195239234471, 'lag_3': 0.04130031661275908, 'lag_4': 0.96531709993867, 'lag_5': 0.6354194992054075, 'lag_6': 0.7659089942633732, 'lag_7': 0.8566248710275784, 'lag_8': 0.6754761354901384, 'lag_9': 0.7473266288780335, 'lag_10': 0.649505101317494, 'lag_11': 0.4515068863069462, 'lag_12': 0.3328817577515703, 'lag_13': 0.23854141621594305, 'lag_14': 0.328890840888643, 'lag_15': 0.45106455644622395, 'lag_16': 0.6920701874283696, 'lag_17': 0.5726240247180252, 'lag_18': 0.4583945727342289, 'lag_19': 0.4695220941074779, 'lag_20': 0.06842837613134105, 'lag_21': 0.7850137257722575, 'lag_22': 0.558534187373464, 'lag_23': 0.7899921735385298, 'lag_24': 0.6209222109033568, 'lag_25': 0.6745709435306377, 'lag_26': 0.859464990152607, 'lag_27': 0.4767681872161569, 'lag_28': 0.09840097525424316}. Best is trial 14 with value: 0.009985654583388757.
[I 2025-09-29 12:51:44,405] Trial 34 finished with value: 0.013511054355768468 and parameters: {'lag_0': 0.7167484245118019, 'lag_1': 0.09055113085374623, 'lag_2': 0.7035291868552657, 'lag_3': 0.40222061888693506, 'lag_4': 0.08886204773239748, 'lag_5': 0.8168443400357246, 'lag_6': 0.996703844415591, 'lag_7': 0.06279214496028852, 'lag_8': 0.846876322848654, 'lag_9': 0.44532124506889637, 'lag_10': 0.7739459037659027, 'lag_11': 0.30061919674570825, 'lag_12': 0.7239296617453899, 'lag_13': 0.43920586909704085, 'lag_14': 0.1294679948304252, 'lag_15': 0.29977849190875033, 'lag_16': 0.8250236199296301, 'lag_17': 0.39896184699407444, 'lag_18': 0.5148153039652759, 'lag_19': 0.3049431599300301, 'lag_20': 0.5992372775305551, 'lag_21': 0.8377753602168901, 'lag_22': 0.7347616728481638, 'lag_23': 0.6293423611672126, 'lag_24': 0.6882822732427714, 'lag_25': 0.9846559744441103, 'lag_26': 0.5851312271006314, 'lag_27': 0.7356409489898679, 'lag_28': 0.12009532114546509}. Best is trial 14 with value: 0.009985654583388757.
[I 2025-09-29 12:51:46,895] Trial 35 finished with value: 0.012519508331967476 and parameters: {'lag_0': 0.1929762402371534, 'lag_1': 0.6789669602828051, 'lag_2': 0.08795770059924715, 'lag_3': 0.11229773156348202, 'lag_4': 0.1327369290796621, 'lag_5': 0.4493240191647929, 'lag_6': 0.44504834401533305, 'lag_7': 0.9163093995492213, 'lag_8': 0.729171643057856, 'lag_9': 0.6510930329262048, 'lag_10': 0.5250293261150693, 'lag_11': 0.431691369922622, 'lag_12': 0.6071371254678584, 'lag_13': 0.30098780353205, 'lag_14': 0.06415594517267421, 'lag_15': 0.2169306938741889, 'lag_16': 0.4848949440124739, 'lag_17': 0.26532139443358027, 'lag_18': 0.6910572583313737, 'lag_19': 0.010230872040686012, 'lag_20': 0.0014157334094950236, 'lag_21': 0.5100541142352204, 'lag_22': 0.5284250662222105, 'lag_23': 0.5149141101708714, 'lag_24': 0.7594380954375513, 'lag_25': 0.4809514220974499, 'lag_26': 0.9988640363337056, 'lag_27': 0.569158096762957, 'lag_28': 0.19565450997606937}. Best is trial 14 with value: 0.009985654583388757.
[I 2025-09-29 12:51:49,494] Trial 36 finished with value: 0.011991892346464316 and parameters: {'lag_0': 0.36700015082428594, 'lag_1': 0.9129943411324312, 'lag_2': 0.4114281400849251, 'lag_3': 0.0037509191433682393, 'lag_4': 0.05429086827739227, 'lag_5': 0.7433093702467701, 'lag_6': 0.0012339171096183432, 'lag_7': 0.7663936169737741, 'lag_8': 0.09344705381482148, 'lag_9': 0.5423928999856463, 'lag_10': 0.8926861562427016, 'lag_11': 0.5400321123607861, 'lag_12': 0.30555953675824443, 'lag_13': 0.47052160974439006, 'lag_14': 0.26106129101439834, 'lag_15': 0.23184249677218455, 'lag_16': 0.38647586065398926, 'lag_17': 0.4861212759499597, 'lag_18': 0.5802562387273235, 'lag_19': 0.19257212936695284, 'lag_20': 0.09136370209014849, 'lag_21': 0.14645970602601477, 'lag_22': 0.6282614580666274, 'lag_23': 0.9701837469968457, 'lag_24': 0.3745356319367311, 'lag_25': 0.5284149218748533, 'lag_26': 0.32032655522857456, 'lag_27': 0.8372005837263998, 'lag_28': 0.41378051861153475}. Best is trial 14 with value: 0.009985654583388757.
[I 2025-09-29 12:51:52,004] Trial 37 finished with value: 0.009052738628114503 and parameters: {'lag_0': 0.2936314691470683, 'lag_1': 0.4347842484355172, 'lag_2': 0.07789838370878098, 'lag_3': 0.7174453841721522, 'lag_4': 0.23301923987716172, 'lag_5': 0.5377195300846997, 'lag_6': 0.8418415999483182, 'lag_7': 0.4318169978133942, 'lag_8': 0.5905782797281501, 'lag_9': 0.20951235502294885, 'lag_10': 0.3956904382679482, 'lag_11': 0.2590368085094509, 'lag_12': 0.491536337821189, 'lag_13': 0.8006354852929165, 'lag_14': 0.42699387419434137, 'lag_15': 0.1295787876921769, 'lag_16': 0.004338806506334225, 'lag_17': 0.20134935722402247, 'lag_18': 0.3165794411356412, 'lag_19': 0.5308236520606309, 'lag_20': 0.18263428273310997, 'lag_21': 0.06697492182649689, 'lag_22': 0.3268365111080557, 'lag_23': 0.8628121635029234, 'lag_24': 0.27233215414992984, 'lag_25': 0.7658468705371425, 'lag_26': 0.2446233828749511, 'lag_27': 0.18311006064670612, 'lag_28': 0.47671810604709874}. Best is trial 37 with value: 0.009052738628114503.
[I 2025-09-29 12:51:54,506] Trial 38 finished with value: 0.01004315788141546 and parameters: {'lag_0': 0.2721326952974551, 'lag_1': 0.4432262721191209, 'lag_2': 0.05581118732424101, 'lag_3': 0.8719274060947078, 'lag_4': 0.2589363785365958, 'lag_5': 0.6471512340871791, 'lag_6': 0.8832785665169196, 'lag_7': 0.449145228113035, 'lag_8': 0.6002258579849061, 'lag_9': 0.1987308052261637, 'lag_10': 0.39201961833291726, 'lag_11': 0.25875207459906174, 'lag_12': 0.22616581771384825, 'lag_13': 0.8020746655785118, 'lag_14': 0.4349804914138246, 'lag_15': 0.12923554736852325, 'lag_16': 0.010444215062767603, 'lag_17': 0.17197630422755325, 'lag_18': 0.3616492370400354, 'lag_19': 0.5320977850681086, 'lag_20': 0.28403431330915363, 'lag_21': 0.15098063848654997, 'lag_22': 0.3220604411717938, 'lag_23': 0.7421584610219506, 'lag_24': 0.24939015867609657, 'lag_25': 0.8254971089255806, 'lag_26': 0.11274447854684039, 'lag_27': 0.09190920776357903, 'lag_28': 0.5022067196625365}. Best is trial 37 with value: 0.009052738628114503.
[I 2025-09-29 12:51:57,006] Trial 39 finished with value: 0.014066205784303194 and parameters: {'lag_0': 0.30679981104919146, 'lag_1': 0.4459837088095774, 'lag_2': 0.05548363697520093, 'lag_3': 0.7579428698640793, 'lag_4': 0.3124559934779755, 'lag_5': 0.5422317272130022, 'lag_6': 0.8788011350809473, 'lag_7': 0.4592533449975928, 'lag_8': 0.6340955458463834, 'lag_9': 0.0968029101706288, 'lag_10': 0.3843230471097967, 'lag_11': 0.25922941128347815, 'lag_12': 0.8854096906847699, 'lag_13': 0.7998124357750958, 'lag_14': 0.5510398785034984, 'lag_15': 0.007535319253649697, 'lag_16': 0.040900741970174785, 'lag_17': 0.1923969653817651, 'lag_18': 0.3955173132147819, 'lag_19': 0.7061356403926579, 'lag_20': 0.20312818849080405, 'lag_21': 0.054068921928539834, 'lag_22': 0.32923144990784836, 'lag_23': 0.7367101932080574, 'lag_24': 0.2326642296054488, 'lag_25': 0.7747706887239492, 'lag_26': 0.047863528265769284, 'lag_27': 0.0823054063684426, 'lag_28': 0.4921309682760025}. Best is trial 37 with value: 0.009052738628114503.
