[I 2025-10-03 11:39:09,459] Trial 81 finished with values: [0.01782645273721531, 0.0019068551373546607, 0.0016961790313853788, 0.001240131185604791, 0.001019765292878711, 0.00038423504516301474, 0.00011536854984148045, 7.845118197235165e-05, 0.002495524607065012, 0.0008711210028169528, 0.0009536775562865363, 0.0005375400490589929, 0.002505524429647303, 0.03039989863466406, 0.0, 0.01878552797520309, 0.001969637280647062, 0.0007047380156815924, 0.00011283026516787398, 0.002531497169915347, 0.005114695346967717, 0.00491401596464702, 0.000863853876453095, 0.0007497223672938683, 0.00023661521261239305, 0.0008017098298224539, 0.00035587798934969277, 0.0006198475023429077, 0.0005509600289820071] and parameters: {'lag_0': 0.36596597609702375, 'lag_1': 0.49259470443239883, 'lag_2': 0.9957502721152218, 'lag_3': 0.19596590275503317, 'lag_4': 0.8269114421510337, 'lag_5': 0.8618434856134801, 'lag_6': 0.5897261609683254, 'lag_7': 0.14108913631320327, 'lag_8': 0.783368454376797, 'lag_9': 0.7256431258688573, 'lag_10': 0.7309446697360693, 'lag_11': 0.36331248884589956, 'lag_12': 0.40625229420886655, 'lag_13': 0.0648885481822677, 'lag_14': 0.28181043798148625, 'lag_15': 0.5787300754724315, 'lag_16': 0.8711870775456599, 'lag_17': 0.022871841865346847, 'lag_18': 0.04819577203638968, 'lag_19': 0.7506925276784515, 'lag_20': 0.4280622498234818, 'lag_21': 0.9371039548328961, 'lag_22': 0.2938154701240843, 'lag_23': 0.1804225380571664, 'lag_24': 0.25842856579648626, 'lag_25': 0.0237050515989982, 'lag_26': 0.3864263703469559, 'lag_27': 0.5701750400404003, 'lag_28': 0.4167725796102886}.
[I 2025-10-03 11:39:12,072] Trial 82 finished with values: [0.007419344157349256, 0.001972974408040013, 0.0015572720185101357, 0.000710373270217136, 0.0018898930980999758, 0.002251048939117762, 0.0006361895058765569, 0.00021198151474968526, 0.003056530698988438, 0.0011277396474949609, 0.0003527298363618978, 0.0006515388381360022, 0.0032765026109112, 0.03047975055735508, 0.0, 0.01882316918466504, 0.00398658911904685, 0.0006064589459798093, 0.00034081223493067134, 0.0036226168391309916, 0.004780348745611343, 0.006492924646005807, 0.0003190045458514413, 0.0019148280276895559, 0.0004089108359265995, 0.00042018911453115947, 0.0004851956328354945, 0.001622389086694979, 0.001695942063702847] and parameters: {'lag_0': 0.39775038922858913, 'lag_1': 0.3805402220455158, 'lag_2': 0.8515061471040138, 'lag_3': 0.7366228368287172, 'lag_4': 0.5930076770117862, 'lag_5': 0.5405651930829866, 'lag_6': 0.12041747966010455, 'lag_7': 0.6076745855966287, 'lag_8': 0.6526646174602851, 'lag_9': 0.2152247941589361, 'lag_10': 0.8974110412815809, 'lag_11': 0.7998414813244036, 'lag_12': 0.27463085782619867, 'lag_13': 0.8715782629028891, 'lag_14': 0.16313467177263236, 'lag_15': 0.421592368280437, 'lag_16': 0.8109602966555961, 'lag_17': 0.21911372586630795, 'lag_18': 0.7372110376925008, 'lag_19': 0.9206447143876999, 'lag_20': 0.5507892445281749, 'lag_21': 0.4165048025376894, 'lag_22': 0.7603522118668553, 'lag_23': 0.9739729523786417, 'lag_24': 0.47458487748252964, 'lag_25': 0.08844313129387049, 'lag_26': 0.3071628964941943, 'lag_27': 0.08752075940912404, 'lag_28': 0.4941467177760534}.
[I 2025-10-03 11:39:14,683] Trial 83 finished with values: [0.00865332612222823, 0.002814993260812807, 0.0006211018057441777, 0.001052223805211521, 0.0008293396236190556, 0.0009759563281472995, 0.00044020646186073613, 0.0001426717597807675, 0.002772139335392051, 0.0006577484855074016, 0.0002881969692635256, 0.0005821581178645027, 0.0028145541814834072, 0.029133782891694805, 0.0, 0.02349540603468548, 0.0030177433917386964, 0.0005193795553689412, 0.0002723633876938311, 0.0029603183696003963, 0.006274205109167564, 0.007197378528386475, 0.0001599394206909909, 0.0018431462712719642, 0.0002776897872397946, 0.001791423294228414, 0.00041681608511175025, 0.0004560297160164692, 0.001939476343946873] and parameters: {'lag_0': 0.6442800834143921, 'lag_1': 0.739180538912476, 'lag_2': 0.1331717512421473, 'lag_3': 0.5637775703483351, 'lag_4': 0.17241688802659, 'lag_5': 0.4977709344251165, 'lag_6': 0.20975196196700574, 'lag_7': 0.5170365149231316, 'lag_8': 0.0064054843713785775, 'lag_9': 0.39356048547709477, 'lag_10': 0.06273170035569733, 'lag_11': 0.4924681955001438, 'lag_12': 0.8495909647975393, 'lag_13': 0.03080321084875922, 'lag_14': 0.19160465706002192, 'lag_15': 0.24460396939512294, 'lag_16': 0.6139406609551671, 'lag_17': 0.5047813063049277, 'lag_18': 0.21924378335462125, 'lag_19': 0.3259242800214879, 'lag_20': 0.35864198849800494, 'lag_21': 0.9600453714157025, 'lag_22': 0.827862596161564, 'lag_23': 0.34989478289263737, 'lag_24': 0.5668379432621153, 'lag_25': 0.5250064475473788, 'lag_26': 0.3376652057327221, 'lag_27': 0.9031082641501068, 'lag_28': 0.9264836119441614}.
[I 2025-10-03 11:39:17,295] Trial 84 finished with values: [0.00865332612222823, 0.0014402642498567645, 0.0008077891579900406, 0.0002503143757974765, 0.0019191267077239467, 0.001427538114519675, 0.0003668789663101319, 4.9343978356074444e-05, 0.0015968934126373469, 0.0006309480598596036, 0.00029143895277244724, 0.0006376042142486459, 0.0021412065322743306, 0.02511431127620912, 0.0, 0.018522845286111176, 0.002139160828470237, 0.0007150810984452739, 0.00039683672948081486, 0.003029544799851902, 0.004001401583460583, 0.006610072259345945, 0.00022550180765871548, 0.0015638771230963723, 0.00029645468574811105, 0.0012920714686814566, 0.0005837036465901489, 0.0008894862845631737, 0.002967858879629322] and parameters: {'lag_0': 0.876397311722553, 'lag_1': 0.1378221808124245, 'lag_2': 0.7049802988580436, 'lag_3': 0.32780164431390274, 'lag_4': 0.839912695550345, 'lag_5': 0.36100400448941183, 'lag_6': 0.7996038078226253, 'lag_7': 0.2774142258224195, 'lag_8': 0.12432314312162362, 'lag_9': 0.8597149451641376, 'lag_10': 0.5578531100658543, 'lag_11': 0.0036202635648735558, 'lag_12': 0.7467942971360283, 'lag_13': 0.9241048669038857, 'lag_14': 0.9475524977804299, 'lag_15': 0.4858292531916886, 'lag_16': 0.4959519967927755, 'lag_17': 0.4392543279745528, 'lag_18': 0.8802143707415124, 'lag_19': 0.8238854651113425, 'lag_20': 0.7035906083069833, 'lag_21': 0.07580264122163878, 'lag_22': 0.8803325313222198, 'lag_23': 0.5368305491394293, 'lag_24': 0.5097251454257969, 'lag_25': 0.5088487446841831, 'lag_26': 0.12745256630996535, 'lag_27': 0.6258375714769129, 'lag_28': 0.5092370831625219}.
[I 2025-10-03 11:39:19,910] Trial 85 finished with values: [0.00865332612222823, 0.002134562140619927, 0.0011440676681339144, 0.0008192372768531921, 0.0010361574246583929, 0.0010068549497956661, 0.0010225725204944026, 0.0001407207293942614, 0.0024766364811173976, 0.0010994417060128925, 0.0005381788188264145, 0.00037307796256063925, 0.00237055987043323, 0.03214615429153904, 0.0, 0.017543164265695334, 0.002434112834483372, 0.0010501762742427246, 0.00015467301782509297, 0.0017645153806847085, 0.005419077308662382, 0.004858590275053693, 0.0007193036122587388, 0.0010616433534809948, 0.0007802215285762522, 0.001689286957986849, 0.0006976240027487897, 0.0015809960643956484, 0.000758044731263609] and parameters: {'lag_0': 0.22242896318781413, 'lag_1': 0.06896070676966849, 'lag_2': 0.46158543913519173, 'lag_3': 0.5070829306366093, 'lag_4': 0.4716143593840047, 'lag_5': 0.014800458737988489, 'lag_6': 0.2016464962209871, 'lag_7': 0.06192942842852917, 'lag_8': 0.46135115364806445, 'lag_9': 0.24759414636871724, 'lag_10': 0.25648986574452703, 'lag_11': 0.30659230459859427, 'lag_12': 0.20763414136617833, 'lag_13': 0.179296814994587, 'lag_14': 0.3479170564823384, 'lag_15': 0.03527159360049877, 'lag_16': 0.701906971437543, 'lag_17': 0.2019307022077987, 'lag_18': 0.963551192162462, 'lag_19': 0.9776325241790979, 'lag_20': 0.6040799454468154, 'lag_21': 0.13962707307577923, 'lag_22': 0.16614314119579685, 'lag_23': 0.23125618102031859, 'lag_24': 0.3960791848896599, 'lag_25': 0.062147789370114344, 'lag_26': 0.11452358095589359, 'lag_27': 0.7310925573427316, 'lag_28': 0.03779707511963855}.
[I 2025-10-03 11:39:22,525] Trial 86 finished with values: [0.00865332612222823, 0.00280987303081724, 0.0006142518804110774, 0.0005243388874222329, 0.0018091355669438021, 0.0011408497901647958, 0.00041635677871071987, 0.00012077089365528557, 0.0023452820815727483, 0.0008091353296248559, 0.0005709423014710523, 0.000746795543847727, 0.002868261569184345, 0.030249205118226274, 0.0, 0.019639919581898792, 0.0017497036949431556, 0.0021859161208255618, 0.00040672027736275246, 0.0017727580875849867, 0.0037056495170829907, 0.006126075839856607, 0.00023542115965864268, 0.00123726506259599, 0.0009956116709616675, 0.001729644974653849, 0.0006897967416931962, 0.0009774529847294921, 0.0066633834344028905] and parameters: {'lag_0': 0.8142474772939804, 'lag_1': 0.8732656188335005, 'lag_2': 0.40974477220374206, 'lag_3': 0.4128141568743998, 'lag_4': 0.04252752518393052, 'lag_5': 0.6270533474400927, 'lag_6': 0.5814469995445204, 'lag_7': 0.7938096508908156, 'lag_8': 0.829516779275846, 'lag_9': 0.2522474223153674, 'lag_10': 0.794966416904867, 'lag_11': 0.14320639771467528, 'lag_12': 0.28410954934584215, 'lag_13': 0.5557202594174772, 'lag_14': 0.8281447818600947, 'lag_15': 0.3288674929765497, 'lag_16': 0.48315995995157107, 'lag_17': 0.14212628509743958, 'lag_18': 0.03049883707645192, 'lag_19': 0.6734970176631742, 'lag_20': 0.2609938891462751, 'lag_21': 0.9455479090180071, 'lag_22': 0.29691903486292154, 'lag_23': 0.4112779865696651, 'lag_24': 0.9559947544561995, 'lag_25': 0.1299162151431485, 'lag_26': 0.04304965013917112, 'lag_27': 0.34655720751870467, 'lag_28': 0.8436854183505273}.
[I 2025-10-03 11:39:25,141] Trial 87 finished with values: [0.00865332612222823, 0.002982572749336005, 0.0024048758334348935, 0.0012942985001010968, 0.0014326800070164753, 0.0003185769644905502, 0.0007733998761497139, 0.000711530644029737, 0.003074415938963168, 0.0006044452626258497, 0.0005297468630917414, 0.0003818483631015602, 0.0032096327974629737, 0.02795758879934105, 0.0, 0.017103553513846972, 0.002459512257385739, 0.001089235754485967, 0.0003443480763868912, 0.002474836595576145, 0.007745273615767797, 0.005134079902882014, 0.0002914568902247912, 0.001651082308101902, 0.00043066861645695546, 0.0003721389341314116, 0.00021743172139651067, 0.001344537657668741, 0.0022337752847350133] and parameters: {'lag_0': 0.6287630134911396, 'lag_1': 0.8732656188335005, 'lag_2': 0.21082052770230386, 'lag_3': 0.45284996982302905, 'lag_4': 0.4094021478068414, 'lag_5': 0.3749167292412556, 'lag_6': 0.9177702972712943, 'lag_7': 0.11326031292237933, 'lag_8': 0.829516779275846, 'lag_9': 0.2522474223153674, 'lag_10': 0.9357966897111591, 'lag_11': 0.14320639771467528, 'lag_12': 0.42699560102010764, 'lag_13': 0.7702797388673581, 'lag_14': 0.5459245217042339, 'lag_15': 0.3288674929765497, 'lag_16': 0.6513208359282491, 'lag_17': 0.885473378771232, 'lag_18': 0.03049883707645192, 'lag_19': 0.27649525473852155, 'lag_20': 0.2609938891462751, 'lag_21': 0.850570472477644, 'lag_22': 0.9135560320530723, 'lag_23': 0.44794447855478764, 'lag_24': 0.9559947544561995, 'lag_25': 0.348045783627975, 'lag_26': 0.7499248038551283, 'lag_27': 0.1305907166103875, 'lag_28': 0.7563407030305835}.
[I 2025-10-03 11:39:27,755] Trial 88 finished with values: [0.006342100167591423, 0.0007048133706341641, 0.001889553709854473, 0.0006628697568566034, 0.001019771787679815, 0.0011345593782972135, 0.00021141217270212475, 0.000402748424831515, 0.002973763941804643, 0.0012407669428474957, 0.00048100928283239565, 0.00045178776825743384, 0.0031548455893660294, 0.03253913738242693, 0.0, 0.01975458914400801, 0.001394895769843938, 0.0007018344272467457, 6.401895455325498e-05, 0.0014730282884166273, 0.006515820586334714, 0.004934116909034098, 0.0006440528267635365, 0.002759318203304829, 0.0008378482115603567, 0.0017626282612752471, 0.0005185367395931118, 0.0004478561842723869, 0.006837457810526776] and parameters: {'lag_0': 0.12936220880027993, 'lag_1': 0.4349310648905879, 'lag_2': 0.11168705328634408, 'lag_3': 0.986562160555134, 'lag_4': 0.9881908321537451, 'lag_5': 0.6446957048461676, 'lag_6': 0.7945898842628604, 'lag_7': 0.39550770464270973, 'lag_8': 0.21350553947450177, 'lag_9': 0.5801442325062705, 'lag_10': 0.9661885067309405, 'lag_11': 0.25276989803102673, 'lag_12': 0.33453233626709983, 'lag_13': 0.6271217409826256, 'lag_14': 0.824306966760654, 'lag_15': 0.2629281778543341, 'lag_16': 0.12574040650495782, 'lag_17': 0.8733227276604552, 'lag_18': 0.6272834436237462, 'lag_19': 0.3547693481787732, 'lag_20': 0.15240772454176002, 'lag_21': 0.07340496279705973, 'lag_22': 0.3194654714174764, 'lag_23': 0.6227188006921035, 'lag_24': 0.7783761792772391, 'lag_25': 0.4558024396345744, 'lag_26': 0.29443255208698793, 'lag_27': 0.23587210210894982, 'lag_28': 0.7817363911457904}.
[I 2025-10-03 11:39:30,562] Trial 89 finished with values: [0.009211465657111952, 0.0013114936128429604, 0.0032742901707148797, 0.0013405947382681537, 0.0027917231888053536, 0.0027591313979612717, 0.0005476635917312437, 0.00022981018288016907, 0.0016591455665404043, 0.0007985253083562183, 0.0003079569246442485, 0.0004653587603642165, 0.0032086847033105425, 0.030259873054672193, 0.0, 0.01717035562085616, 0.004512968286733342, 0.000655080433084548, 0.00038789121475069733, 0.0031307177086030867, 0.004936458922905372, 0.0054520331937292195, 0.0004153911700313862, 0.0012173563179980768, 0.0007999631238661332, 0.0009706474238714002, 0.0010057603849885416, 0.0009674913016956459, 0.0008403253288489709] and parameters: {'lag_0': 0.04044175344006354, 'lag_1': 0.2631357766628535, 'lag_2': 0.5330664853725994, 'lag_3': 0.2032562673807986, 'lag_4': 0.9662819513090518, 'lag_5': 0.8578323776235842, 'lag_6': 0.8550484038828216, 'lag_7': 0.6115836082568636, 'lag_8': 0.10957767406752603, 'lag_9': 0.1366924533799529, 'lag_10': 0.7859754989843684, 'lag_11': 0.07172807914822053, 'lag_12': 0.5717353710971191, 'lag_13': 0.841133651079525, 'lag_14': 0.7913664233225466, 'lag_15': 0.45699790191952977, 'lag_16': 0.6909247658981558, 'lag_17': 0.8756523204424176, 'lag_18': 0.7498554718242609, 'lag_19': 0.3962902348268384, 'lag_20': 0.6247449191390122, 'lag_21': 0.3172395861549503, 'lag_22': 0.5685621945193053, 'lag_23': 0.03189190534108551, 'lag_24': 0.0043090534089454385, 'lag_25': 0.858338648558381, 'lag_26': 0.5483138674387354, 'lag_27': 0.18905038881955702, 'lag_28': 0.1565759242540933}.
[I 2025-10-03 11:39:33,185] Trial 90 finished with values: [0.00865332612222823, 0.0017951034733840667, 0.00019587558127198658, 0.0010539507367872813, 0.0018786525935195878, 0.0021553902244112006, 0.0001801549980559438, 0.00018021912253848063, 0.002034575448842084, 0.000958704644023961, 0.0005460621276262977, 0.00028808186332555735, 0.0017792165563101266, 0.029728094766915496, 0.0, 0.01900124355983786, 0.0018929724656570619, 0.0006040330074428206, 0.0006013045707930764, 0.004563470628290758, 0.0038151949977824526, 0.0047752675195483225, 0.0005865928043832905, 0.0030940232629136566, 0.0004935439610799175, 0.0016409826938212327, 0.0004979989763897009, 0.0036623200450643786, 0.0005774211128686447] and parameters: {'lag_0': 0.5255063299070009, 'lag_1': 0.6375793091146601, 'lag_2': 0.18801110773273166, 'lag_3': 0.07638357811433984, 'lag_4': 0.1658264085328801, 'lag_5': 0.3180053874049782, 'lag_6': 0.536349011086294, 'lag_7': 0.015054528253927798, 'lag_8': 0.8890413654955251, 'lag_9': 0.09677824095780356, 'lag_10': 0.8468838810405672, 'lag_11': 0.4016898832988375, 'lag_12': 0.38993476005372885, 'lag_13': 0.09958712017319697, 'lag_14': 0.6258133152754931, 'lag_15': 0.9922942200345639, 'lag_16': 0.3724092877282616, 'lag_17': 0.7433101390553672, 'lag_18': 0.8931081586624018, 'lag_19': 0.40121750961242164, 'lag_20': 0.33370151443420437, 'lag_21': 0.5745315323362776, 'lag_22': 0.9332945012733839, 'lag_23': 0.8743845616176699, 'lag_24': 0.7774532430373057, 'lag_25': 0.5166772805646206, 'lag_26': 0.6142554143970841, 'lag_27': 0.40506409537744514, 'lag_28': 0.1929013186325541}.
[I 2025-10-03 11:39:35,802] Trial 91 finished with values: [0.008007331290186886, 0.0012774282519145475, 0.0005257007547249247, 0.0005092372701932465, 0.0009589311051500842, 0.0010947943335739506, 0.0015953118404640836, 9.91196427276901e-05, 0.0028580648406843446, 0.0006772205952259011, 0.0006323685756298457, 0.0002513823663850329, 0.0028356213517407797, 0.031215705610105532, 0.0, 0.02620477003578045, 0.0017617447481196615, 0.0006324837386112692, 0.0005892876255148969, 0.003255123002134775, 0.004711835848227779, 0.006722863638001284, 0.0004954352987424758, 0.0021737086821803516, 0.00039763937738667614, 0.0018908386882045187, 0.0005150365871069344, 0.0003561678305654934, 0.000911699520212878] and parameters: {'lag_0': 0.5399788136488043, 'lag_1': 0.19421254752395903, 'lag_2': 0.82834150893908, 'lag_3': 0.13997446108069383, 'lag_4': 0.958861541376297, 'lag_5': 0.14389658640147307, 'lag_6': 0.2016464962209871, 'lag_7': 0.3537313382168272, 'lag_8': 0.6246087177834445, 'lag_9': 0.6231534545955724, 'lag_10': 0.25648986574452703, 'lag_11': 0.9771724802073057, 'lag_12': 0.29528900620961096, 'lag_13': 0.19153996930502837, 'lag_14': 0.18287856589139653, 'lag_15': 0.5323474647742117, 'lag_16': 0.701906971437543, 'lag_17': 0.4554567667975314, 'lag_18': 0.35337391209718827, 'lag_19': 0.9776325241790979, 'lag_20': 0.6040799454468154, 'lag_21': 0.13962707307577923, 'lag_22': 0.17286613837702014, 'lag_23': 0.7939440578238258, 'lag_24': 0.005778921730323948, 'lag_25': 0.1309743121871818, 'lag_26': 0.5282268797971024, 'lag_27': 0.7310925573427316, 'lag_28': 0.03779707511963855}.
[I 2025-10-03 11:39:38,419] Trial 92 finished with values: [0.00865332612222823, 0.002541926287544627, 0.001847417535232471, 0.0011373065597967713, 0.0015383909012334322, 0.0010233079851358414, 0.0006748429579440019, 9.384814771374408e-05, 0.0030985259970636855, 0.00044265437273409566, 0.0010990387228982797, 0.0004201919870162792, 0.0030158124857707644, 0.0267709505300196, 0.0, 0.02411187486355287, 0.002155544665343996, 0.0011031955959253342, 0.00033171916440344286, 0.002563726508252007, 0.007337504140305982, 0.005184883217417952, 0.0007156531161248249, 0.001019995755584734, 0.000632014111115976, 0.000365578874803323, 0.00033891041195036005, 0.0021869163523352744, 0.0004303387674875708] and parameters: {'lag_0': 0.6442800834143921, 'lag_1': 0.6808931115967982, 'lag_2': 0.34147727040785897, 'lag_3': 0.453224832849857, 'lag_4': 0.8025758900367209, 'lag_5': 0.8694547655592956, 'lag_6': 0.2916015495334207, 'lag_7': 0.9930242455485261, 'lag_8': 0.1769308029554951, 'lag_9': 0.9043980292915951, 'lag_10': 0.3626496343766861, 'lag_11': 0.4924681955001438, 'lag_12': 0.9538380241198596, 'lag_13': 0.03080321084875922, 'lag_14': 0.17541684812375538, 'lag_15': 0.2541060002582712, 'lag_16': 0.5131406494919731, 'lag_17': 0.4408438017661406, 'lag_18': 0.307001810206669, 'lag_19': 0.22162601670526852, 'lag_20': 0.35864198849800494, 'lag_21': 0.7535502830158869, 'lag_22': 0.9896649667255794, 'lag_23': 0.6141328326856382, 'lag_24': 0.5668379432621153, 'lag_25': 0.3511510354660864, 'lag_26': 0.7920171680843244, 'lag_27': 0.9031082641501068, 'lag_28': 0.23832520288340492}.
[I 2025-10-03 11:39:41,038] Trial 93 finished with values: [0.00865332612222823, 0.001754427605643238, 0.0006241225569918793, 0.0003488326786878747, 0.0008803890762725426, 0.0004061618765797574, 0.00043469657877542417, 0.0002986948077068939, 0.002325523002112672, 0.0007023280532251561, 0.0004894038765777005, 0.0004546375691764213, 0.0024182051623347404, 0.029544543477610857, 0.0, 0.020316081212797328, 0.0012904772109181102, 0.0005770215123930998, 0.00020012536114840068, 0.002654550762739199, 0.007398911329755423, 0.0054603391808979935, 0.00013852569881914767, 0.00387961628489581, 0.0004828301657166036, 0.0008620310145903214, 0.000752533723814355, 0.001160289251613085, 0.006547285067346998] and parameters: {'lag_0': 0.4078735363918494, 'lag_1': 0.15209266759234383, 'lag_2': 0.6191282472160626, 'lag_3': 0.6644596269298884, 'lag_4': 0.14430613823628716, 'lag_5': 0.4342336324405959, 'lag_6': 0.1443002393194408, 'lag_7': 0.8703053869272441, 'lag_8': 0.1308816603191185, 'lag_9': 0.5638086785785651, 'lag_10': 0.8368813960211852, 'lag_11': 0.486646108712446, 'lag_12': 0.2778388612742775, 'lag_13': 0.39336261609423473, 'lag_14': 0.042904618634756087, 'lag_15': 0.010336149289109716, 'lag_16': 0.20702289784313088, 'lag_17': 0.05730162901481425, 'lag_18': 0.647905533441755, 'lag_19': 0.5990363774530804, 'lag_20': 0.064915273097196, 'lag_21': 0.8578702047857418, 'lag_22': 0.41863809451649103, 'lag_23': 0.16432879485685617, 'lag_24': 0.624891751791326, 'lag_25': 0.5389770219424804, 'lag_26': 0.1075925398516735, 'lag_27': 0.5143545004559265, 'lag_28': 0.8753456685986898}.
