[I 2025-09-29 11:53:33,766] Trial 41 finished with value: 0.010580862862561978 and parameters: {'lag_0': 0.013916362436994206, 'lag_1': 0.7062379822624982, 'lag_2': 0.39808008067177647, 'lag_3': 0.6266118701659212, 'lag_4': 0.6141739396203598, 'lag_5': 0.8082392267193278, 'lag_6': 0.08224250340041073, 'lag_7': 0.02673707347853717, 'lag_8': 0.05321622956797206, 'lag_9': 0.19022838108331955, 'lag_10': 0.23273199282532547, 'lag_11': 0.9878321419469732, 'lag_12': 0.722993885987808, 'lag_13': 0.9413511418121991, 'lag_14': 0.5596786756778184, 'lag_15': 0.3261734843104583, 'lag_16': 0.12737402479248777, 'lag_17': 0.23328429315613686, 'lag_18': 0.19424329019110376, 'lag_19': 0.8430383850823906, 'lag_20': 0.21977461646381788, 'lag_21': 0.46346045861399227, 'lag_22': 0.5577899781371115, 'lag_23': 0.5378836243521404, 'lag_24': 0.5888511493071029, 'lag_25': 0.3599582732097364, 'lag_26': 0.9087798458148331, 'lag_27': 0.6268217141554355, 'lag_28': 0.24681416304435216}. Best is trial 14 with value: 0.010213240992586036.
[I 2025-09-29 11:53:36,119] Trial 42 finished with value: 0.01042940176068513 and parameters: {'lag_0': 0.13326849413812303, 'lag_1': 0.6247635064735317, 'lag_2': 0.5394751302406345, 'lag_3': 0.7637510840045094, 'lag_4': 0.5908821561660236, 'lag_5': 0.8888685072848751, 'lag_6': 0.19644147826690933, 'lag_7': 0.15591438517593986, 'lag_8': 0.03518569106333749, 'lag_9': 0.04476294107666581, 'lag_10': 0.13869346918439274, 'lag_11': 0.9326271130206863, 'lag_12': 0.6925752856176454, 'lag_13': 0.9963466434731206, 'lag_14': 0.33837753871799864, 'lag_15': 0.40139406026939395, 'lag_16': 0.06969071592975577, 'lag_17': 0.23736570150035427, 'lag_18': 0.27184043819204173, 'lag_19': 0.7877402072199199, 'lag_20': 0.27322463183550666, 'lag_21': 0.5393994879509227, 'lag_22': 0.4350128569147434, 'lag_23': 0.3914873815356932, 'lag_24': 0.2695627289221948, 'lag_25': 0.13772048942638437, 'lag_26': 0.8485438639472014, 'lag_27': 0.7434082854870183, 'lag_28': 0.20831670088950158}. Best is trial 14 with value: 0.010213240992586036.
[I 2025-09-29 11:53:38,468] Trial 43 finished with value: 0.010516750059652531 and parameters: {'lag_0': 0.09277965592157306, 'lag_1': 0.46742602776847625, 'lag_2': 0.6018787448454378, 'lag_3': 0.47789251083099754, 'lag_4': 0.7346880363120531, 'lag_5': 0.8304314985792628, 'lag_6': 0.11303305439901806, 'lag_7': 0.004192550776895371, 'lag_8': 0.24705311278752545, 'lag_9': 0.47871501415726836, 'lag_10': 0.16437184071748567, 'lag_11': 0.8781672050269159, 'lag_12': 0.8427345850046817, 'lag_13': 0.9891626634262026, 'lag_14': 0.6821073948015672, 'lag_15': 0.2914365596008248, 'lag_16': 0.058312636820982096, 'lag_17': 0.3373601835520874, 'lag_18': 0.3468752883895479, 'lag_19': 0.9981245791080635, 'lag_20': 0.27765887499473896, 'lag_21': 0.6909875778657909, 'lag_22': 0.634652227531366, 'lag_23': 0.5908729069105687, 'lag_24': 0.3874471924280757, 'lag_25': 0.370298693690642, 'lag_26': 0.9945334706768764, 'lag_27': 0.6551730472528451, 'lag_28': 0.30485323864605}. Best is trial 14 with value: 0.010213240992586036.
[I 2025-09-29 11:53:40,824] Trial 44 finished with value: 0.010510996193203457 and parameters: {'lag_0': 0.71859927996177, 'lag_1': 0.5387869867137747, 'lag_2': 0.17822805733898905, 'lag_3': 0.6692022856795884, 'lag_4': 0.8436778206938655, 'lag_5': 0.9450942979458274, 'lag_6': 0.020933813833958648, 'lag_7': 0.08421925956954546, 'lag_8': 0.12148959307431663, 'lag_9': 0.3132519810260853, 'lag_10': 0.22862732013658366, 'lag_11': 0.6491357953630523, 'lag_12': 0.7470703848678827, 'lag_13': 0.92855045742938, 'lag_14': 0.5815492547083044, 'lag_15': 0.042371193522996516, 'lag_16': 0.1409716517867058, 'lag_17': 0.19067215629928308, 'lag_18': 0.4874729556683953, 'lag_19': 0.9130251862189961, 'lag_20': 0.13879747577836338, 'lag_21': 0.34733935384777725, 'lag_22': 0.5118697773988419, 'lag_23': 0.482410565336698, 'lag_24': 0.5776070154412964, 'lag_25': 0.48803609474113785, 'lag_26': 0.9008794374563236, 'lag_27': 0.5968131361616541, 'lag_28': 0.24380885748593528}. Best is trial 14 with value: 0.010213240992586036.
[I 2025-09-29 11:53:43,170] Trial 45 finished with value: 0.010380781188326691 and parameters: {'lag_0': 0.21571399040849476, 'lag_1': 0.8382349700356369, 'lag_2': 0.48729621802436285, 'lag_3': 0.3511014635008607, 'lag_4': 0.45206758694445176, 'lag_5': 0.22845386959940045, 'lag_6': 0.15811040899824044, 'lag_7': 0.26719271403513994, 'lag_8': 0.09022846467468411, 'lag_9': 0.13104817142061476, 'lag_10': 0.026895327513253686, 'lag_11': 0.8267260915496454, 'lag_12': 0.9122026230248358, 'lag_13': 0.10704450576661989, 'lag_14': 0.2194334651265607, 'lag_15': 0.23320996500309848, 'lag_16': 0.22427521751565993, 'lag_17': 0.05303525817769868, 'lag_18': 0.443393477622767, 'lag_19': 0.7200346456758805, 'lag_20': 0.25566949529093486, 'lag_21': 0.6118736299327298, 'lag_22': 0.5780568092904653, 'lag_23': 0.6721428343240011, 'lag_24': 0.13820890389686152, 'lag_25': 0.9135303489198404, 'lag_26': 0.8021701535769474, 'lag_27': 0.8356481469199292, 'lag_28': 0.05416933933886747}. Best is trial 14 with value: 0.010213240992586036.
[I 2025-09-29 11:53:45,516] Trial 46 finished with value: 0.010550130043014482 and parameters: {'lag_0': 0.3164022113285285, 'lag_1': 0.7276261633663454, 'lag_2': 0.3124837823877002, 'lag_3': 0.8007111916492635, 'lag_4': 0.3974198137399409, 'lag_5': 0.5445098926749401, 'lag_6': 0.31631870780303867, 'lag_7': 0.8403094305116015, 'lag_8': 0.001635294747157106, 'lag_9': 0.2445667395295246, 'lag_10': 0.4970124186983898, 'lag_11': 0.9967934363841707, 'lag_12': 0.6023281295245717, 'lag_13': 0.820111945314643, 'lag_14': 0.7741563651875721, 'lag_15': 0.4254573158109691, 'lag_16': 0.6923250059026665, 'lag_17': 0.2762587852191095, 'lag_18': 0.1384808703157788, 'lag_19': 0.9335282165601353, 'lag_20': 0.4821943564630591, 'lag_21': 0.5027599650585689, 'lag_22': 0.6424614225451608, 'lag_23': 0.7325202834062534, 'lag_24': 0.6543924679101613, 'lag_25': 0.2895113353479447, 'lag_26': 0.05828404084715316, 'lag_27': 0.42459924651818126, 'lag_28': 0.6452211149755865}. Best is trial 14 with value: 0.010213240992586036.
[I 2025-09-29 11:53:47,870] Trial 47 finished with value: 0.01057343081168418 and parameters: {'lag_0': 0.05315853059566933, 'lag_1': 0.6078121931421994, 'lag_2': 0.738605709725054, 'lag_3': 0.21859690586124958, 'lag_4': 0.6198172458705686, 'lag_5': 0.7669677604127922, 'lag_6': 0.6870720284382763, 'lag_7': 0.05723952971385325, 'lag_8': 0.18055831337141154, 'lag_9': 0.06784873196254598, 'lag_10': 0.6591519605277124, 'lag_11': 0.7565916220448521, 'lag_12': 0.8028869563499765, 'lag_13': 0.9009095935219993, 'lag_14': 0.12348442840775618, 'lag_15': 0.14286355618991814, 'lag_16': 0.221715740792372, 'lag_17': 0.14594774667461213, 'lag_18': 0.2586632855823911, 'lag_19': 0.5224436111069801, 'lag_20': 0.8321300619700667, 'lag_21': 0.14522509311821685, 'lag_22': 0.7153329222832915, 'lag_23': 0.5289253743481482, 'lag_24': 0.005686386836316004, 'lag_25': 0.6815857867566779, 'lag_26': 0.7171831501292403, 'lag_27': 0.49620827110579196, 'lag_28': 0.46004865297280495}. Best is trial 14 with value: 0.010213240992586036.
[I 2025-09-29 11:53:50,222] Trial 48 finished with value: 0.010512469912413667 and parameters: {'lag_0': 0.6013186617254158, 'lag_1': 0.3870523979192286, 'lag_2': 0.40871271625609074, 'lag_3': 0.9393354809706694, 'lag_4': 0.005595898877827965, 'lag_5': 0.8221735174606317, 'lag_6': 0.9586391520364355, 'lag_7': 0.2159676749267085, 'lag_8': 0.15210488463641894, 'lag_9': 0.2810194425211458, 'lag_10': 0.16863877927815055, 'lag_11': 0.9152192133342051, 'lag_12': 0.6579475755445328, 'lag_13': 0.6899813737781544, 'lag_14': 0.38490069055406456, 'lag_15': 0.2014508631348722, 'lag_16': 0.34369385442920236, 'lag_17': 0.26491377250991877, 'lag_18': 0.8440379866809369, 'lag_19': 0.5998012825968593, 'lag_20': 0.730818101703608, 'lag_21': 0.5805784735275846, 'lag_22': 0.9621194083011066, 'lag_23': 0.8553234553787393, 'lag_24': 0.48668128645555897, 'lag_25': 0.1886683434594178, 'lag_26': 0.6877434185921936, 'lag_27': 0.7132200436963265, 'lag_28': 0.15909269612562463}. Best is trial 14 with value: 0.010213240992586036.
[I 2025-09-29 11:53:52,570] Trial 49 finished with value: 0.010312487152395845 and parameters: {'lag_0': 0.6718019264129564, 'lag_1': 0.2363230069578095, 'lag_2': 0.5158656727499968, 'lag_3': 0.029551498757942857, 'lag_4': 0.5152318259473241, 'lag_5': 0.9044467881568637, 'lag_6': 0.05316594150367403, 'lag_7': 0.0032259047206287753, 'lag_8': 0.3248345728471822, 'lag_9': 0.1767603324948525, 'lag_10': 0.29678403648749485, 'lag_11': 0.4766062010032013, 'lag_12': 0.2157771027310938, 'lag_13': 0.550311949288274, 'lag_14': 0.4637983671866115, 'lag_15': 0.2638447152190086, 'lag_16': 0.045872183431896085, 'lag_17': 0.5219269749102053, 'lag_18': 0.9804250882885079, 'lag_19': 0.33454564172339774, 'lag_20': 0.3874287878241982, 'lag_21': 0.41718174514984424, 'lag_22': 0.810191710294537, 'lag_23': 0.45111321654358943, 'lag_24': 0.9483577682173945, 'lag_25': 0.4291595106759349, 'lag_26': 0.9317718988981982, 'lag_27': 0.6211169294348606, 'lag_28': 0.041115060832467076}. Best is trial 14 with value: 0.010213240992586036.
[I 2025-09-29 11:53:54,929] Trial 50 finished with value: 0.010641348210420894 and parameters: {'lag_0': 0.6679920064238293, 'lag_1': 0.09977913716982173, 'lag_2': 0.6622505393722585, 'lag_3': 0.04666794911597133, 'lag_4': 0.5437074091620306, 'lag_5': 0.911393257591014, 'lag_6': 0.848656499589685, 'lag_7': 0.10300870278450863, 'lag_8': 0.32520055827479416, 'lag_9': 0.8435286084376065, 'lag_10': 0.2904589291890217, 'lag_11': 0.3576026911040378, 'lag_12': 0.21612582806658173, 'lag_13': 0.019327589961852687, 'lag_14': 0.09007211442333894, 'lag_15': 0.3801543303609527, 'lag_16': 0.03348567577002834, 'lag_17': 0.5317444169233989, 'lag_18': 0.9683131169066012, 'lag_19': 0.32533901925476894, 'lag_20': 0.37432397165668113, 'lag_21': 0.17510265032631722, 'lag_22': 0.8200646159527023, 'lag_23': 0.34394303654253033, 'lag_24': 0.9640435125717817, 'lag_25': 0.4410821614367979, 'lag_26': 0.4580735931022363, 'lag_27': 0.5217350501236301, 'lag_28': 0.053026903057436015}. Best is trial 14 with value: 0.010213240992586036.
[I 2025-09-29 11:53:57,279] Trial 51 finished with value: 0.010398580693242778 and parameters: {'lag_0': 0.7701241731804482, 'lag_1': 0.2283566611185855, 'lag_2': 0.5092642957941544, 'lag_3': 0.06527862580573496, 'lag_4': 0.47015643581581956, 'lag_5': 0.8487163517903441, 'lag_6': 0.05089207313579771, 'lag_7': 0.005656498711377883, 'lag_8': 0.50510789488561, 'lag_9': 0.2051147163470325, 'lag_10': 0.39517860915358516, 'lag_11': 0.5985077538609498, 'lag_12': 0.016671670487995616, 'lag_13': 0.5365756495932434, 'lag_14': 0.4549883918380049, 'lag_15': 0.2580715787942713, 'lag_16': 0.11708083971740957, 'lag_17': 0.399093385882695, 'lag_18': 0.8883272803249513, 'lag_19': 0.44914382210648635, 'lag_20': 0.3003434302998573, 'lag_21': 0.36066900305257577, 'lag_22': 0.862526354719093, 'lag_23': 0.4483589088054333, 'lag_24': 0.8423209683069416, 'lag_25': 0.39514345781636345, 'lag_26': 0.9261537391117104, 'lag_27': 0.6269514188109627, 'lag_28': 0.11516253126162283}. Best is trial 14 with value: 0.010213240992586036.
[I 2025-09-29 11:53:59,622] Trial 52 finished with value: 0.010329284436463032 and parameters: {'lag_0': 0.4499601064404612, 'lag_1': 0.32080648401581824, 'lag_2': 0.4365782472860643, 'lag_3': 0.1364774852465808, 'lag_4': 0.5345014950818432, 'lag_5': 0.9471078321158892, 'lag_6': 0.14236997849262398, 'lag_7': 0.04579509515995828, 'lag_8': 0.40681381842228, 'lag_9': 0.16731693854725588, 'lag_10': 0.3258357499439137, 'lag_11': 0.4839552183937732, 'lag_12': 0.19937631075196616, 'lag_13': 0.6206854287617533, 'lag_14': 0.2738862600709534, 'lag_15': 0.31542366001627026, 'lag_16': 0.1559763015434545, 'lag_17': 0.5390052654587902, 'lag_18': 0.9448130476121037, 'lag_19': 0.39236129963701316, 'lag_20': 0.3645403652281569, 'lag_21': 0.4170247009619839, 'lag_22': 0.40233578288708705, 'lag_23': 0.39938662375818396, 'lag_24': 0.9346424651006106, 'lag_25': 0.5547169221169044, 'lag_26': 0.8180693736890723, 'lag_27': 0.7661990094636033, 'lag_28': 0.025972029505465663}. Best is trial 14 with value: 0.010213240992586036.
[I 2025-09-29 11:54:01,975] Trial 53 finished with value: 0.010652195589050529 and parameters: {'lag_0': 0.4591399579834207, 'lag_1': 0.33197764463681756, 'lag_2': 0.45436281324643396, 'lag_3': 0.246491810915909, 'lag_4': 0.4292805082985046, 'lag_5': 0.9683713845898815, 'lag_6': 0.0452626324425463, 'lag_7': 0.15989705635504872, 'lag_8': 0.4651011770461905, 'lag_9': 0.00197838772823844, 'lag_10': 0.3746368476031109, 'lag_11': 0.4601740273886396, 'lag_12': 0.18932675970861074, 'lag_13': 0.6327660014809021, 'lag_14': 0.29312031815385925, 'lag_15': 0.2674961201211171, 'lag_16': 0.18649897309080554, 'lag_17': 0.730376611211176, 'lag_18': 0.9354648405174061, 'lag_19': 0.39054989723788236, 'lag_20': 0.5548963968843542, 'lag_21': 0.28870112374613505, 'lag_22': 0.40498573980683483, 'lag_23': 0.39921161695951723, 'lag_24': 0.9978194139027807, 'lag_25': 0.5615793970632375, 'lag_26': 0.9456278972735673, 'lag_27': 0.9104953978274716, 'lag_28': 0.000432480120554829}. Best is trial 14 with value: 0.010213240992586036.
[I 2025-09-29 11:54:04,328] Trial 54 finished with value: 0.010506266709671554 and parameters: {'lag_0': 0.3805250280397362, 'lag_1': 0.1493815672854344, 'lag_2': 0.5632092167100806, 'lag_3': 0.15478549448248802, 'lag_4': 0.5193390173776139, 'lag_5': 0.9007752308903497, 'lag_6': 0.054444143710823706, 'lag_7': 0.04438343712202513, 'lag_8': 0.3885169916039962, 'lag_9': 0.32264459856491223, 'lag_10': 0.45566578200995356, 'lag_11': 0.4958101151760075, 'lag_12': 0.3153322079219207, 'lag_13': 0.5553339392034975, 'lag_14': 0.16682652383121643, 'lag_15': 0.053509155925555184, 'lag_16': 0.04394278217189248, 'lag_17': 0.5430380248647699, 'lag_18': 0.7958376964403926, 'lag_19': 0.38692273581898123, 'lag_20': 0.4230492965764804, 'lag_21': 0.4189404520564496, 'lag_22': 0.33578594762792213, 'lag_23': 0.32078336573126986, 'lag_24': 0.9387822092277939, 'lag_25': 0.757562103769463, 'lag_26': 0.7872527485239565, 'lag_27': 0.7861426956521933, 'lag_28': 0.040673797942040214}. Best is trial 14 with value: 0.010213240992586036.
[I 2025-09-29 11:54:06,685] Trial 55 finished with value: 0.01052486899155287 and parameters: {'lag_0': 0.5027411034422, 'lag_1': 0.24964572119407263, 'lag_2': 0.6151990884804348, 'lag_3': 0.039702410774411445, 'lag_4': 0.34555148164770766, 'lag_5': 0.9577964604968774, 'lag_6': 0.17575301246686514, 'lag_7': 0.11155023318679465, 'lag_8': 0.2884353790716194, 'lag_9': 0.2414390073292259, 'lag_10': 0.6006762410680222, 'lag_11': 0.243137766476855, 'lag_12': 0.1595487329787007, 'lag_13': 0.4722850636309748, 'lag_14': 0.04801062631883546, 'lag_15': 0.47995369902856544, 'lag_16': 0.006764077876974164, 'lag_17': 0.6335800277990884, 'lag_18': 0.9549132450118871, 'lag_19': 0.4801845462194883, 'lag_20': 0.367208632746855, 'lag_21': 0.3169666780254782, 'lag_22': 0.25921313243103633, 'lag_23': 0.3852883038875347, 'lag_24': 0.8741916339272097, 'lag_25': 0.5933696523175728, 'lag_26': 0.8285647459938931, 'lag_27': 0.7479021581853937, 'lag_28': 0.08550799729065665}. Best is trial 14 with value: 0.010213240992586036.
[I 2025-09-29 11:54:09,032] Trial 56 finished with value: 0.01043180329334201 and parameters: {'lag_0': 0.539316375259209, 'lag_1': 0.335832106944111, 'lag_2': 0.36797443724923556, 'lag_3': 0.100732306966855, 'lag_4': 0.5489448835659677, 'lag_5': 0.6167101145563688, 'lag_6': 0.25472011687649077, 'lag_7': 0.29087125314512374, 'lag_8': 0.3471869024278123, 'lag_9': 0.37111821316603816, 'lag_10': 0.32756782403331836, 'lag_11': 0.320674373892683, 'lag_12': 0.0904539063356255, 'lag_13': 0.714818805672935, 'lag_14': 0.23716388988354398, 'lag_15': 0.15989003891870132, 'lag_16': 0.10373934653452167, 'lag_17': 0.47016209571312695, 'lag_18': 0.9996260191942026, 'lag_19': 0.22279306112661137, 'lag_20': 0.4900070103868956, 'lag_21': 0.5492690278328871, 'lag_22': 0.37862352098581387, 'lag_23': 0.2167533536481842, 'lag_24': 0.7398029581530229, 'lag_25': 0.5121832063145099, 'lag_26': 0.9536868559065519, 'lag_27': 0.8185528334340668, 'lag_28': 0.14248301914411843}. Best is trial 14 with value: 0.010213240992586036.
[I 2025-09-29 11:54:11,386] Trial 57 finished with value: 0.010353644904861146 and parameters: {'lag_0': 0.4339038418215151, 'lag_1': 0.44275818698309066, 'lag_2': 0.5262867938179037, 'lag_3': 0.2100333784862527, 'lag_4': 0.7027330482135283, 'lag_5': 0.9767473357427399, 'lag_6': 0.8125889045155142, 'lag_7': 0.14196723542639555, 'lag_8': 0.5330807167633385, 'lag_9': 0.2221478735377747, 'lag_10': 0.5687047233556874, 'lag_11': 0.5464948973818389, 'lag_12': 0.2785289246210813, 'lag_13': 0.5722547822768002, 'lag_14': 0.27412743961837893, 'lag_15': 0.5332758925612279, 'lag_16': 0.2652432380495241, 'lag_17': 0.6887871724192257, 'lag_18': 0.9214124011751632, 'lag_19': 0.2964091759100085, 'lag_20': 0.6159483429833149, 'lag_21': 0.6462909935476239, 'lag_22': 0.4351684738031888, 'lag_23': 0.5144489873168756, 'lag_24': 0.9126850718801192, 'lag_25': 0.6617611185798401, 'lag_26': 0.3550997224175025, 'lag_27': 0.7094225333389184, 'lag_28': 0.5839957304176053}. Best is trial 14 with value: 0.010213240992586036.
[I 2025-09-29 11:54:13,743] Trial 58 finished with value: 0.010411919734870222 and parameters: {'lag_0': 0.3444768573752604, 'lag_1': 0.4522251106493384, 'lag_2': 0.5199989463906883, 'lag_3': 0.20414229644581638, 'lag_4': 0.7032067656987868, 'lag_5': 0.989264666943206, 'lag_6': 0.786776278019102, 'lag_7': 0.058189850088465125, 'lag_8': 0.5466190352361836, 'lag_9': 0.11536131518261046, 'lag_10': 0.5438357416786765, 'lag_11': 0.5117923609810653, 'lag_12': 0.2731640395802405, 'lag_13': 0.3992315732604894, 'lag_14': 0.17314730429777056, 'lag_15': 0.555735012492191, 'lag_16': 0.24606325399388512, 'lag_17': 0.7276831984150389, 'lag_18': 0.9308583243046024, 'lag_19': 0.29186344414764076, 'lag_20': 0.42983355732202866, 'lag_21': 0.6691916015004062, 'lag_22': 0.44446978616759025, 'lag_23': 0.5064694379544458, 'lag_24': 0.805769216602061, 'lag_25': 0.5971953250848856, 'lag_26': 0.5342821503339725, 'lag_27': 0.6826626322098588, 'lag_28': 0.5694767163128861}. Best is trial 14 with value: 0.010213240992586036.
[I 2025-09-29 11:54:16,086] Trial 59 finished with value: 0.010875328832322107 and parameters: {'lag_0': 0.6287692825659068, 'lag_1': 0.5177984527212132, 'lag_2': 0.4505220524580384, 'lag_3': 0.25505164126674773, 'lag_4': 0.8142568117822859, 'lag_5': 0.4707891618858691, 'lag_6': 0.6867009457501014, 'lag_7': 0.14139905950387233, 'lag_8': 0.4206690838052366, 'lag_9': 0.21296933602607393, 'lag_10': 0.5752658573334775, 'lag_11': 0.5462250990732096, 'lag_12': 0.14363328626875893, 'lag_13': 0.16782285027425087, 'lag_14': 0.28268622912066155, 'lag_15': 0.6542230515444696, 'lag_16': 0.1708744658928057, 'lag_17': 0.6813625485030238, 'lag_18': 0.8810158614190211, 'lag_19': 0.539409747512872, 'lag_20': 0.6151155753088039, 'lag_21': 0.7601991804274131, 'lag_22': 0.5000378446489193, 'lag_23': 0.6164505898847643, 'lag_24': 0.9687980607717974, 'lag_25': 0.4845900183518443, 'lag_26': 0.8638179949772817, 'lag_27': 0.7146467419389759, 'lag_28': 0.5955780745562331}. Best is trial 14 with value: 0.010213240992586036.
[I 2025-09-29 11:54:18,435] Trial 60 finished with value: 0.010374629924213138 and parameters: {'lag_0': 0.4457032041330548, 'lag_1': 0.38346659092683644, 'lag_2': 0.5166020023865359, 'lag_3': 0.14432478546939384, 'lag_4': 0.6574538365060548, 'lag_5': 0.6806540799446893, 'lag_6': 0.9624951480733961, 'lag_7': 0.0936983900770542, 'lag_8': 0.4535482290619014, 'lag_9': 0.1853654429790468, 'lag_10': 0.6329443989206278, 'lag_11': 0.4002946103010522, 'lag_12': 0.28495173156236353, 'lag_13': 0.5031302393311147, 'lag_14': 0.3745613757693413, 'lag_15': 0.5343430996925362, 'lag_16': 0.08348683819384639, 'lag_17': 0.79119532373871, 'lag_18': 0.8107893504720306, 'lag_19': 0.318053855473461, 'lag_20': 0.5545639942259524, 'lag_21': 0.6307587840384606, 'lag_22': 0.4073284807238753, 'lag_23': 0.9389813436995316, 'lag_24': 0.8595233597183506, 'lag_25': 0.5466060839378011, 'lag_26': 0.3436257539189661, 'lag_27': 0.8445794930462276, 'lag_28': 0.6981175018022822}. Best is trial 14 with value: 0.010213240992586036.
[I 2025-09-29 11:54:20,798] Trial 61 finished with value: 0.010654181449087146 and parameters: {'lag_0': 0.4124700886065407, 'lag_1': 0.27562757993366943, 'lag_2': 0.585914292602584, 'lag_3': 0.11983778574410509, 'lag_4': 0.5859837745710074, 'lag_5': 0.9440044586203911, 'lag_6': 0.7986871319742591, 'lag_7': 0.22535103383010696, 'lag_8': 0.8877560004261267, 'lag_9': 0.2632556747378991, 'lag_10': 0.5106361438065432, 'lag_11': 0.4689129534108387, 'lag_12': 0.20540630455469028, 'lag_13': 0.5730507159936817, 'lag_14': 0.31896329702902027, 'lag_15': 0.3700853416807646, 'lag_16': 0.15128545677510358, 'lag_17': 0.5383095513293568, 'lag_18': 0.9229586312417246, 'lag_19': 0.4081325512732569, 'lag_20': 0.35931114869341463, 'lag_21': 0.6951703470266919, 'lag_22': 0.9944460147664732, 'lag_23': 0.4207266863811804, 'lag_24': 0.9498790381539156, 'lag_25': 0.645305540411592, 'lag_26': 0.2917219945894848, 'lag_27': 0.5792890929078737, 'lag_28': 0.5638499219233288}. Best is trial 14 with value: 0.010213240992586036.
