[I 2025-10-03 11:39:39,387] Trial 94 finished with values: [0.0, 0.003388536061740726, 0.0012626304190121772, 0.000665197655711889, 0.0009475323342202468, 0.00017222934701778696, 0.00026813189228156917, 0.00016548743153617224, 0.00021214699568512823, 0.0008215863195024494, 0.0005419999219897316, 0.003631255660223548, 0.003135679515223905, 0.025149534233014404, 0.0, 0.045120467496532445, 0.00013803800617255506, 0.0003934706200969931, 0.0018818680769494684, 0.002591518122645806, 0.0012491846423062544, 0.00010399317769589923, 7.704277674151956e-06, 0.0014885844575700101, 0.000985079449601109, 0.00017687126224709152, 0.000256937578703763, 7.865196840370552e-05, 0.0002394350034203194] and parameters: {'lag_0': 0.8307198243058271, 'lag_1': 0.7663117035875913, 'lag_2': 0.7785691314586851, 'lag_3': 0.3291551478727799, 'lag_4': 0.13939679779472827, 'lag_5': 0.9124606757253239, 'lag_6': 0.1401162980077407, 'lag_7': 0.9268652208341748, 'lag_8': 0.5201641460605778, 'lag_9': 0.615720973094967, 'lag_10': 0.5830666830124919, 'lag_11': 0.013935530957990423, 'lag_12': 0.618445336278615, 'lag_13': 0.22757454023674792, 'lag_14': 0.9960264821851248, 'lag_15': 0.7571939138280076, 'lag_16': 0.6284208162014462, 'lag_17': 0.604543634636285, 'lag_18': 0.7499017185509104, 'lag_19': 0.03707488839301819, 'lag_20': 0.05771353270468763, 'lag_21': 0.04079769751355864, 'lag_22': 0.8250296758225968, 'lag_23': 0.1513154432846321, 'lag_24': 0.7666531275000389, 'lag_25': 0.4898317951360108, 'lag_26': 0.6530603716618602, 'lag_27': 0.6019514121988997, 'lag_28': 0.8888876565570754}.
[I 2025-10-03 11:39:42,033] Trial 95 finished with values: [0.014876033057851238, 0.005948857886304183, 0.00018263734848132266, 0.0009155007801866059, 0.0010578097122605368, 0.0005075462893211343, 0.0002444492277597883, 0.0006883007364090661, 0.00034544887941886525, 0.00079303918275004, 0.0004650437787245993, 0.003859143149224237, 0.0033193311535889016, 0.02400740799320752, 0.0, 0.04571845246512213, 8.634683986591984e-05, 0.00044726435996417593, 0.0015399432909762845, 0.0026268460652514427, 0.0009508899973460054, 4.057125702928369e-05, 1.7077866987485625e-05, 0.0015612309588592973, 0.0016780879956139962, 0.00040436582052124845, 0.0002531691413899083, 6.518594619419569e-05, 9.257213842376619e-05] and parameters: {'lag_0': 0.9873397472185895, 'lag_1': 0.8569967155928189, 'lag_2': 0.4446936632438039, 'lag_3': 0.8011174514433256, 'lag_4': 0.9229837388074754, 'lag_5': 0.8647727070097625, 'lag_6': 0.6054117932498962, 'lag_7': 0.6514652163490174, 'lag_8': 0.9467997802480898, 'lag_9': 0.07705941014778309, 'lag_10': 0.7217000735330502, 'lag_11': 0.018140897330806885, 'lag_12': 0.060067289769926174, 'lag_13': 0.8198933183513937, 'lag_14': 0.4564636433334077, 'lag_15': 0.7664676061924407, 'lag_16': 0.29916581047343016, 'lag_17': 0.2577998794567909, 'lag_18': 0.05688800251135758, 'lag_19': 0.9396335922420551, 'lag_20': 0.03239075724568027, 'lag_21': 0.5392154949123005, 'lag_22': 0.22305415613601687, 'lag_23': 0.27936516432658826, 'lag_24': 0.14437426209783616, 'lag_25': 0.7157036869134321, 'lag_26': 0.7010317433819699, 'lag_27': 0.49193743063947126, 'lag_28': 0.8031183079116574}.
[I 2025-10-03 11:39:44,685] Trial 96 finished with values: [0.004777777777777778, 0.0005847255694382966, 0.0009506037802777447, 0.0016847992327788807, 0.0012238529352976914, 0.0006216204306365979, 0.0005322221693163914, 0.0007376539056380721, 0.00017798462688147496, 0.0007888675760586331, 0.0005571724320735251, 0.0028160505547528297, 0.002866668736457903, 0.024806000450887555, 0.0, 0.04583606970237847, 0.00010439214147056298, 0.0006445359808479342, 0.0015851263516819182, 0.0022010796885891244, 0.0015310467296254817, 2.2310105592599282e-05, 0.00017766851655651945, 0.0017216035569070053, 0.00159590157253268, 0.00031012863255989716, 0.00024369218767672168, 0.00017643401553414274, 0.00031029409423319045] and parameters: {'lag_0': 0.99758088253734, 'lag_1': 0.39670374506466416, 'lag_2': 0.8463377687397051, 'lag_3': 0.31102385132126215, 'lag_4': 0.9381614964999119, 'lag_5': 0.7783237151526379, 'lag_6': 0.8816277083717184, 'lag_7': 0.8815693908055847, 'lag_8': 0.6482375954767293, 'lag_9': 0.999253603099946, 'lag_10': 0.06126372173290155, 'lag_11': 0.2308174343180464, 'lag_12': 0.936120869473324, 'lag_13': 0.7783459747147046, 'lag_14': 0.6258541679125981, 'lag_15': 0.29479584863764496, 'lag_16': 0.843048543473926, 'lag_17': 0.44557340117671995, 'lag_18': 0.8516733402547404, 'lag_19': 0.18227893501305964, 'lag_20': 0.6686464728125998, 'lag_21': 0.21201539296577585, 'lag_22': 0.6411096719817938, 'lag_23': 0.38454846576010565, 'lag_24': 0.07999151136163606, 'lag_25': 0.33998831140425934, 'lag_26': 0.4358257341226239, 'lag_27': 0.987060557931652, 'lag_28': 0.8406188709207773}.
[I 2025-10-03 11:39:47,323] Trial 97 finished with values: [0.00802469135802469, 0.0011752639247232894, 0.0012259920616341131, 0.003161235540243863, 0.002097716062329156, 0.0015371644524517422, 0.0006366329475964978, 0.00031428216871589877, 0.0001456196464781803, 0.0009772560624343504, 0.000706472601047352, 0.003604963854757285, 0.0039089562637282275, 0.023471074929913103, 0.0, 0.04860552784653624, 0.00010414357955544852, 0.0008594237269303233, 0.001865455336627755, 0.002332724799794113, 0.000823211867357151, 9.457392033855347e-05, 2.4556226101589e-05, 0.0011551334277452832, 0.0018772183976757026, 0.00027353377319272855, 0.00011999668878083431, 0.00017669729287980623, 0.00025843241202582644] and parameters: {'lag_0': 0.269188747139634, 'lag_1': 0.03882818893448378, 'lag_2': 0.5949614625024778, 'lag_3': 0.3237069608476966, 'lag_4': 0.08625529524325082, 'lag_5': 0.8647727070097625, 'lag_6': 0.09948102013022236, 'lag_7': 0.40302784984872403, 'lag_8': 0.44109606880638724, 'lag_9': 0.07705941014778309, 'lag_10': 0.7217000735330502, 'lag_11': 0.13086808240506806, 'lag_12': 0.060067289769926174, 'lag_13': 0.42740503882974096, 'lag_14': 0.016830146548931214, 'lag_15': 0.006727737790266646, 'lag_16': 0.29916581047343016, 'lag_17': 0.2577998794567909, 'lag_18': 0.003930772538989331, 'lag_19': 0.9396335922420551, 'lag_20': 0.2998218495222344, 'lag_21': 0.37621875429270174, 'lag_22': 0.4130008439504911, 'lag_23': 0.8359923662923145, 'lag_24': 0.14437426209783616, 'lag_25': 0.8385124421317249, 'lag_26': 0.7010317433819699, 'lag_27': 0.9277845077796525, 'lag_28': 0.538433250308258}.
[I 2025-10-03 11:39:49,971] Trial 98 finished with values: [0.005751771541950113, 0.003569529302875375, 0.0011590536965565257, 0.0013870535421383007, 0.00047122494611555093, 0.0004728041859496019, 0.0004608777202203266, 0.0003994303783339652, 9.805059637310576e-05, 0.0009920995387988044, 0.001120712126504838, 0.0018164537780736164, 0.0043331110479669244, 0.024422703530532913, 0.0, 0.04670345782040249, 0.00014727586661475483, 0.0005432766858991788, 0.0015894670372974102, 0.0025236518382241247, 0.001229993770655477, 0.0001091162056273758, 8.436900658267432e-05, 0.0012870960343785347, 0.000693008977102089, 0.0005287524336485902, 0.0003149865410449283, 0.00037989162952049106, 0.0014474988812133588] and parameters: {'lag_0': 0.13055917162182767, 'lag_1': 0.8898901054436704, 'lag_2': 0.33785518335664505, 'lag_3': 0.355936650623438, 'lag_4': 0.35886372806086747, 'lag_5': 0.45746927122125064, 'lag_6': 0.27789576918454323, 'lag_7': 0.9671594054428935, 'lag_8': 0.03232100992699475, 'lag_9': 0.874859876769199, 'lag_10': 0.33234442091119243, 'lag_11': 0.03354850068817265, 'lag_12': 0.326474210102186, 'lag_13': 0.5314360239121143, 'lag_14': 0.3210915053841685, 'lag_15': 0.6681211827597258, 'lag_16': 0.7288168160015236, 'lag_17': 0.055704947596707605, 'lag_18': 0.6407341255113137, 'lag_19': 0.6814347375787531, 'lag_20': 0.08472242424705304, 'lag_21': 0.572939159161937, 'lag_22': 0.14867870294077562, 'lag_23': 0.8227273805088552, 'lag_24': 0.656846581306392, 'lag_25': 0.7862442489721656, 'lag_26': 0.48039446933849367, 'lag_27': 0.247666404935891, 'lag_28': 0.7623946493079716}.
[I 2025-10-03 11:39:52,621] Trial 99 finished with values: [0.0254320987654321, 0.0004737154513221411, 0.0012677378372484883, 0.001515483661988767, 0.0017392756945362145, 0.000365250412979552, 0.0004937836464240239, 0.0004904500297738592, 0.00012083008887356043, 0.0007505609650035306, 0.0016450890192292195, 0.0031866691176791993, 0.0031406430026794723, 0.023350137002816063, 0.0, 0.042476808943184084, 8.063252577238494e-05, 0.0005094752363560698, 0.0017143625274936188, 0.0023435623038281085, 0.0014345186442346618, 1.653162321790562e-05, 0.00016052612755054546, 0.0020075592241615065, 0.001021431318277807, 0.00025273753925516705, 0.0004287480783245135, 0.0002807131863304414, 0.00014738103596015356] and parameters: {'lag_0': 0.1631150496580308, 'lag_1': 0.7062662705578427, 'lag_2': 0.047541191929108134, 'lag_3': 0.09679997631338172, 'lag_4': 0.16938377988199363, 'lag_5': 0.8746024556359794, 'lag_6': 0.6223422044699528, 'lag_7': 0.041979676924516665, 'lag_8': 0.2192445141944416, 'lag_9': 0.40341593370907475, 'lag_10': 0.5595787342874197, 'lag_11': 0.8786155202624542, 'lag_12': 0.9705244768954416, 'lag_13': 0.7050714412771325, 'lag_14': 0.2799457627463891, 'lag_15': 0.6209120118358297, 'lag_16': 0.5040785892766385, 'lag_17': 0.6458180215043091, 'lag_18': 0.41237296757958564, 'lag_19': 0.21394554171270586, 'lag_20': 0.5679913082380765, 'lag_21': 0.1840578640198392, 'lag_22': 0.6216016713524651, 'lag_23': 0.9591744600331177, 'lag_24': 0.12778608164821487, 'lag_25': 0.631294127865566, 'lag_26': 0.5559648687426375, 'lag_27': 0.5493579737172072, 'lag_28': 0.18059728673838513}.
2025-10-03 11:39:54,738 - distributed.worker - INFO - Stopping worker at tcp://192.168.86.108:44322. Reason: scheduler-remove-worker
2025-10-03 11:39:54,742 - distributed.nanny - INFO - Closing Nanny gracefully at 'tcp://192.168.86.108:46113'. Reason: scheduler-remove-worker
2025-10-03 11:39:54,748 - distributed.nanny - INFO - Worker closed
2025-10-03 11:39:54,749 - distributed.core - INFO - Connection to tcp://192.168.86.108:45752 has been closed.
slurmstepd: error: *** JOB 3081523 ON node08 CANCELLED AT 2025-10-03T11:39:54 ***
