[I 2025-09-29 12:52:47,948] Trial 61 finished with value: 0.0016109679802171542 and parameters: {'lag_0': 0.04212388064100457, 'lag_1': 0.006953083507024203, 'lag_2': 0.18466154456398687, 'lag_3': 0.46743834002677537, 'lag_4': 0.40141056053527424, 'lag_5': 0.907354182773313, 'lag_6': 0.04384207349432643, 'lag_7': 0.3798618708610106, 'lag_8': 0.5761702156404112, 'lag_9': 0.5651803858249735, 'lag_10': 0.3978685887495225, 'lag_11': 0.338751918678484, 'lag_12': 0.4977315330343478, 'lag_13': 0.239230693083703, 'lag_14': 0.7279437556983864, 'lag_15': 0.8272135621643218, 'lag_16': 0.4150955215880007, 'lag_17': 0.9665181444585251, 'lag_18': 0.9181502052087466, 'lag_19': 0.7731515645693248, 'lag_20': 0.1407126546386449, 'lag_21': 0.3594059208501027, 'lag_22': 0.5635913088820674, 'lag_23': 0.8153910011852694, 'lag_24': 0.448690741296508, 'lag_25': 0.5484818938504787, 'lag_26': 0.10487010864937596, 'lag_27': 0.26997615915172496, 'lag_28': 0.5348580518770275}. Best is trial 4 with value: 0.0012404286628142998.
[I 2025-09-29 12:52:50,385] Trial 62 finished with value: 0.0012392874255070948 and parameters: {'lag_0': 0.017021472211250388, 'lag_1': 0.03973886069290525, 'lag_2': 0.15424315700454846, 'lag_3': 0.27303451969117326, 'lag_4': 0.4352996547398277, 'lag_5': 0.8626973935924729, 'lag_6': 0.1430801514711792, 'lag_7': 0.4548958876671272, 'lag_8': 0.6984129456257393, 'lag_9': 0.2573788834732227, 'lag_10': 0.4978336717731283, 'lag_11': 0.31834141382684583, 'lag_12': 0.8113488648073786, 'lag_13': 0.21251949673332227, 'lag_14': 0.6162270030040514, 'lag_15': 0.9338534411093642, 'lag_16': 0.356194269343661, 'lag_17': 0.9180842172391557, 'lag_18': 0.8128090913223945, 'lag_19': 0.7198763463481684, 'lag_20': 0.2739228579150304, 'lag_21': 0.4181691582755106, 'lag_22': 0.5007295578822771, 'lag_23': 0.8530072130450477, 'lag_24': 0.5111174250773522, 'lag_25': 0.46024770697048817, 'lag_26': 0.038052341717125474, 'lag_27': 0.2999553472035152, 'lag_28': 0.6064166678463028}. Best is trial 62 with value: 0.0012392874255070948.
[I 2025-09-29 12:52:52,825] Trial 63 finished with value: 0.001545555288274662 and parameters: {'lag_0': 0.9971470806861166, 'lag_1': 0.07091490860518687, 'lag_2': 0.34370999531440993, 'lag_3': 0.2709407180190553, 'lag_4': 0.3520877391560814, 'lag_5': 0.794908756730613, 'lag_6': 0.20497714757194585, 'lag_7': 0.45191385044620846, 'lag_8': 0.8626603815463014, 'lag_9': 0.2862589383137498, 'lag_10': 0.4823154963000748, 'lag_11': 0.49025208477547993, 'lag_12': 0.8163580588963106, 'lag_13': 0.10557859715197544, 'lag_14': 0.38633946689433385, 'lag_15': 0.9350260673236462, 'lag_16': 0.3487227905371744, 'lag_17': 0.8191677902397358, 'lag_18': 0.809387862783563, 'lag_19': 0.6978182368910378, 'lag_20': 0.2641835645047035, 'lag_21': 0.4104401342461499, 'lag_22': 0.5090631626620554, 'lag_23': 0.8902394393591907, 'lag_24': 0.6554281877597312, 'lag_25': 0.4659794555075327, 'lag_26': 0.035534499163230315, 'lag_27': 0.23339689167840477, 'lag_28': 0.5971131850033119}. Best is trial 62 with value: 0.0012392874255070948.
[I 2025-09-29 12:52:55,258] Trial 64 finished with value: 0.002718229560499075 and parameters: {'lag_0': 0.11376252359829092, 'lag_1': 0.15579621485639722, 'lag_2': 0.44312034130847866, 'lag_3': 0.2280759894164239, 'lag_4': 0.04636593080126533, 'lag_5': 0.8719433154903132, 'lag_6': 0.09551199842953141, 'lag_7': 0.5099624581773287, 'lag_8': 0.7125962283321231, 'lag_9': 0.12237767865831503, 'lag_10': 0.6453018036169142, 'lag_11': 0.1884858110533891, 'lag_12': 0.9472733291868115, 'lag_13': 0.0014387410003813828, 'lag_14': 0.6574214177731449, 'lag_15': 0.7424815131388209, 'lag_16': 0.25932892738520164, 'lag_17': 0.909854078233697, 'lag_18': 0.7680143271649982, 'lag_19': 0.7312349536829875, 'lag_20': 0.3215852633924815, 'lag_21': 0.5676725431877566, 'lag_22': 0.4827113382875702, 'lag_23': 0.8509413005866605, 'lag_24': 0.24974256243930537, 'lag_25': 0.33489718867462154, 'lag_26': 0.08299383993979788, 'lag_27': 0.35954201610857983, 'lag_28': 0.6342445443330964}. Best is trial 62 with value: 0.0012392874255070948.
[I 2025-09-29 12:52:57,692] Trial 65 finished with value: 0.0015598951668160705 and parameters: {'lag_0': 0.4121001643486903, 'lag_1': 0.21870691901587885, 'lag_2': 0.14977425322355123, 'lag_3': 0.3963456333307766, 'lag_4': 0.5387206248982385, 'lag_5': 0.8369123644279807, 'lag_6': 0.3557931911606965, 'lag_7': 0.1752113573735936, 'lag_8': 0.7596034895374767, 'lag_9': 0.0343504531695481, 'lag_10': 0.4408804824757066, 'lag_11': 0.314709596754348, 'lag_12': 0.00795340937337613, 'lag_13': 0.3918173265558275, 'lag_14': 0.5190954344336555, 'lag_15': 0.9204715097173102, 'lag_16': 0.31562905555266935, 'lag_17': 0.30473247829710676, 'lag_18': 0.8665213333477898, 'lag_19': 0.04927274221329453, 'lag_20': 0.21606085154343246, 'lag_21': 0.32475878917151413, 'lag_22': 0.42231222013799274, 'lag_23': 0.7590321998857708, 'lag_24': 0.9166908115586113, 'lag_25': 0.386613090921329, 'lag_26': 0.13374557015429345, 'lag_27': 0.2991956205820901, 'lag_28': 0.7128758436889139}. Best is trial 62 with value: 0.0012392874255070948.
[I 2025-09-29 12:53:00,122] Trial 66 finished with value: 0.001555210358439218 and parameters: {'lag_0': 0.0425638180453842, 'lag_1': 0.8550149954057069, 'lag_2': 0.0400390242781961, 'lag_3': 0.33481238197983704, 'lag_4': 0.6119934207706408, 'lag_5': 0.7364221867529103, 'lag_6': 0.15124214151405255, 'lag_7': 0.26125846455701573, 'lag_8': 0.9206974341556772, 'lag_9': 0.21580856344229032, 'lag_10': 0.5884375826872518, 'lag_11': 0.4468521290465915, 'lag_12': 0.9189719643739414, 'lag_13': 0.14245359861117965, 'lag_14': 0.6140522915470599, 'lag_15': 0.8549242527799803, 'lag_16': 0.1306506993315908, 'lag_17': 0.7454000462044791, 'lag_18': 0.724643616559647, 'lag_19': 0.662352225993915, 'lag_20': 0.0875361773180636, 'lag_21': 0.41182299350485946, 'lag_22': 0.6526896808126659, 'lag_23': 0.7121412368683411, 'lag_24': 0.968235756647378, 'lag_25': 0.4384304163968141, 'lag_26': 0.023844614882129224, 'lag_27': 0.14550788489390631, 'lag_28': 0.26341551384343226}. Best is trial 62 with value: 0.0012392874255070948.
[I 2025-09-29 12:53:02,558] Trial 67 finished with value: 0.0014965794817504443 and parameters: {'lag_0': 0.7152495606931704, 'lag_1': 0.3775715356201449, 'lag_2': 0.26320936468151346, 'lag_3': 0.1492104834639773, 'lag_4': 0.1422070141425318, 'lag_5': 0.999104623854936, 'lag_6': 0.67036913543566, 'lag_7': 0.20470880703172684, 'lag_8': 0.6601073387164115, 'lag_9': 0.24905570385552492, 'lag_10': 0.192450072390643, 'lag_11': 0.9183244712793364, 'lag_12': 0.6698617241385836, 'lag_13': 0.44485336751692506, 'lag_14': 0.25719788619824463, 'lag_15': 0.07604547284768948, 'lag_16': 0.5497077992059604, 'lag_17': 0.777278284715627, 'lag_18': 0.6056339230520967, 'lag_19': 0.8350707326694323, 'lag_20': 0.7169838262969113, 'lag_21': 0.4754096742077008, 'lag_22': 0.38591713190686927, 'lag_23': 0.3739800319695949, 'lag_24': 0.3136581473263042, 'lag_25': 0.07450125705325895, 'lag_26': 0.0006214194575133863, 'lag_27': 0.46826796572308776, 'lag_28': 0.5079850422731242}. Best is trial 62 with value: 0.0012392874255070948.
[I 2025-09-29 12:53:05,001] Trial 68 finished with value: 0.001377154565504308 and parameters: {'lag_0': 0.5065544351998921, 'lag_1': 0.7298852442148763, 'lag_2': 0.07603515566285836, 'lag_3': 0.35930859175871704, 'lag_4': 0.4305454729197157, 'lag_5': 0.45257223712527805, 'lag_6': 0.058317004817333484, 'lag_7': 0.42016338820501137, 'lag_8': 0.8425162322009685, 'lag_9': 0.3661895253277172, 'lag_10': 0.3390931357336977, 'lag_11': 0.3902279352645879, 'lag_12': 0.6234749981785231, 'lag_13': 0.30844340356290556, 'lag_14': 0.5769063150007548, 'lag_15': 0.36522439854498806, 'lag_16': 0.6755171201954697, 'lag_17': 0.8955895884847718, 'lag_18': 0.9799833120530664, 'lag_19': 0.8892728714443701, 'lag_20': 0.25137645751627186, 'lag_21': 0.020950498612088905, 'lag_22': 0.5295663570399918, 'lag_23': 0.9264422016622942, 'lag_24': 0.5379777952633933, 'lag_25': 0.6112570218744988, 'lag_26': 0.18493084565425535, 'lag_27': 0.06169605995327898, 'lag_28': 0.2112687895928961}. Best is trial 62 with value: 0.0012392874255070948.
[I 2025-09-29 12:53:07,444] Trial 69 finished with value: 0.0015953038300464532 and parameters: {'lag_0': 0.2920583790871517, 'lag_1': 0.7233088151819604, 'lag_2': 0.09180782802763031, 'lag_3': 0.3657699798200224, 'lag_4': 0.45328070731862286, 'lag_5': 0.4462367382023718, 'lag_6': 0.05920925374111166, 'lag_7': 0.40699673819033744, 'lag_8': 0.9766178112438231, 'lag_9': 0.30849401181956004, 'lag_10': 0.3614212662472841, 'lag_11': 0.4006794672090678, 'lag_12': 0.6069780119112692, 'lag_13': 0.20733600376901873, 'lag_14': 0.5705424529368521, 'lag_15': 0.38206276629566865, 'lag_16': 0.8232971599597927, 'lag_17': 0.8833530379854895, 'lag_18': 0.9663529187130419, 'lag_19': 0.8873820705395394, 'lag_20': 0.2654824404684773, 'lag_21': 0.027853385361519836, 'lag_22': 0.529676334609813, 'lag_23': 0.9355479463527883, 'lag_24': 0.5214596883675396, 'lag_25': 0.4869890405462558, 'lag_26': 0.17510984767048302, 'lag_27': 0.06704834861134562, 'lag_28': 0.10888883231504715}. Best is trial 62 with value: 0.0012392874255070948.
[I 2025-09-29 12:53:09,888] Trial 70 finished with value: 0.001946206440791773 and parameters: {'lag_0': 0.5084622578618969, 'lag_1': 0.6196657973777397, 'lag_2': 0.5009008594779762, 'lag_3': 0.3056997313907993, 'lag_4': 0.42751485468256145, 'lag_5': 0.4434933384492935, 'lag_6': 0.11580019839724372, 'lag_7': 0.3554363768484482, 'lag_8': 0.8905280407222365, 'lag_9': 0.4306811147424234, 'lag_10': 0.32871472317908224, 'lag_11': 0.4517583475110685, 'lag_12': 0.7241257785745426, 'lag_13': 0.05138405480875574, 'lag_14': 0.6923826413804636, 'lag_15': 0.3178538470372918, 'lag_16': 0.6638680131151093, 'lag_17': 0.9280421080581583, 'lag_18': 0.9345103919270527, 'lag_19': 0.8987532425845749, 'lag_20': 0.3817244209428979, 'lag_21': 0.0783439464656813, 'lag_22': 0.5869329468507365, 'lag_23': 0.8941952799492543, 'lag_24': 0.5696888924157095, 'lag_25': 0.6145635246609222, 'lag_26': 0.10904791764882804, 'lag_27': 0.006106675413949596, 'lag_28': 0.21185595244386096}. Best is trial 62 with value: 0.0012392874255070948.
[I 2025-09-29 12:53:12,324] Trial 71 finished with value: 0.0018336944177089706 and parameters: {'lag_0': 0.36682146322634257, 'lag_1': 0.7527544294589426, 'lag_2': 0.000528151868337462, 'lag_3': 0.2620666060859388, 'lag_4': 0.3205250036659502, 'lag_5': 0.41464293280524633, 'lag_6': 0.027770176008660732, 'lag_7': 0.5014307257529297, 'lag_8': 0.8444259262770439, 'lag_9': 0.16356074556338693, 'lag_10': 0.2770879096401488, 'lag_11': 0.3715129341185602, 'lag_12': 0.7893264217352065, 'lag_13': 0.7966712349730989, 'lag_14': 0.6322489903740528, 'lag_15': 0.26173409528348457, 'lag_16': 0.7148191790864328, 'lag_17': 0.8496988480622724, 'lag_18': 0.8425550660383, 'lag_19': 0.9406510031670189, 'lag_20': 0.3407210772491758, 'lag_21': 0.002790359781721047, 'lag_22': 0.44651651491485395, 'lag_23': 0.9884269398849884, 'lag_24': 0.5572427532586421, 'lag_25': 0.631127772891114, 'lag_26': 0.06528201602550561, 'lag_27': 0.17478643794450377, 'lag_28': 0.13764056898681168}. Best is trial 62 with value: 0.0012392874255070948.
[I 2025-09-29 12:53:14,763] Trial 72 finished with value: 0.0015350581019920088 and parameters: {'lag_0': 0.4388794228101229, 'lag_1': 0.6690764429347054, 'lag_2': 0.06643106790732359, 'lag_3': 0.4561546760225254, 'lag_4': 0.4911437913528562, 'lag_5': 0.34471815662347627, 'lag_6': 0.2594364506241518, 'lag_7': 0.3265655739822814, 'lag_8': 0.7904991416665728, 'lag_9': 0.36175956061476067, 'lag_10': 0.5484136123452513, 'lag_11': 0.5703711130089847, 'lag_12': 0.7610994690713098, 'lag_13': 0.2997583992990285, 'lag_14': 0.45507190961006017, 'lag_15': 0.4252200733922068, 'lag_16': 0.607497140206388, 'lag_17': 0.8111520414742467, 'lag_18': 0.9703627219961654, 'lag_19': 0.7132488939109929, 'lag_20': 0.256073984850615, 'lag_21': 0.10327261773734368, 'lag_22': 0.49134971879978206, 'lag_23': 0.8220539858310189, 'lag_24': 0.45245472436930495, 'lag_25': 0.5436619641261143, 'lag_26': 0.3695020681640565, 'lag_27': 0.10787671172049806, 'lag_28': 0.31546365323323466}. Best is trial 62 with value: 0.0012392874255070948.
[I 2025-09-29 12:53:17,206] Trial 73 finished with value: 0.0018635937237353587 and parameters: {'lag_0': 0.5865036340433825, 'lag_1': 0.27936260156696263, 'lag_2': 0.12098178283281504, 'lag_3': 0.5181743446989386, 'lag_4': 0.5578397676992372, 'lag_5': 0.5297786109392608, 'lag_6': 0.08439910429153838, 'lag_7': 0.44739145282364307, 'lag_8': 0.8232519696774336, 'lag_9': 0.03141259476731234, 'lag_10': 0.4532592916686635, 'lag_11': 0.8519428983664566, 'lag_12': 0.863670389938774, 'lag_13': 0.2708711384467569, 'lag_14': 0.42449833828658573, 'lag_15': 0.49353864226536537, 'lag_16': 0.6870167344416886, 'lag_17': 0.905799873804293, 'lag_18': 0.8914840376640202, 'lag_19': 0.8011018694682499, 'lag_20': 0.9708015449958791, 'lag_21': 0.04698710363975411, 'lag_22': 0.5553124880401196, 'lag_23': 0.9285624718011997, 'lag_24': 0.5033022568379755, 'lag_25': 0.5843442513179199, 'lag_26': 0.21537035029550725, 'lag_27': 0.03646414135357608, 'lag_28': 0.04283180493269262}. Best is trial 62 with value: 0.0012392874255070948.
[I 2025-09-29 12:53:19,647] Trial 74 finished with value: 0.0016010015797241497 and parameters: {'lag_0': 0.32272531156762074, 'lag_1': 0.7826629038731001, 'lag_2': 0.03248510980952932, 'lag_3': 0.20716243978911364, 'lag_4': 0.7494943350670964, 'lag_5': 0.9210087549605009, 'lag_6': 0.019357600338055364, 'lag_7': 0.3856419857226993, 'lag_8': 0.7478461730240091, 'lag_9': 0.11576661448983672, 'lag_10': 0.40477370109802335, 'lag_11': 0.7797908892676257, 'lag_12': 0.8250233005752258, 'lag_13': 0.35555262620025335, 'lag_14': 0.5617272037942944, 'lag_15': 0.2229618477574476, 'lag_16': 0.5187863502492359, 'lag_17': 0.9858503456549991, 'lag_18': 0.8057145729407037, 'lag_19': 0.02267286201645298, 'lag_20': 0.1725811138594175, 'lag_21': 0.19520579684974287, 'lag_22': 0.699613070441404, 'lag_23': 0.4996168065065542, 'lag_24': 0.4078666388087433, 'lag_25': 0.4191026798638313, 'lag_26': 0.15436705839760612, 'lag_27': 0.43136635068875595, 'lag_28': 0.17190361612439825}. Best is trial 62 with value: 0.0012392874255070948.
[I 2025-09-29 12:53:22,084] Trial 75 finished with value: 0.00139619269258175 and parameters: {'lag_0': 0.1858155422978054, 'lag_1': 0.8231908590848491, 'lag_2': 0.20351254215377168, 'lag_3': 0.4165264732020711, 'lag_4': 0.8426592832793394, 'lag_5': 0.867647740300179, 'lag_6': 0.3062234763675096, 'lag_7': 0.12064509831685238, 'lag_8': 0.08309970488569554, 'lag_9': 0.4923650166305393, 'lag_10': 0.5032616347403127, 'lag_11': 0.20881013857529013, 'lag_12': 0.5405319787974874, 'lag_13': 0.7446304212695751, 'lag_14': 0.5051763401103404, 'lag_15': 0.6174087693153532, 'lag_16': 0.47885403150432093, 'lag_17': 0.8393952600013944, 'lag_18': 0.9931472813140616, 'lag_19': 0.6051290007464248, 'lag_20': 0.864501677671907, 'lag_21': 0.14927896820042938, 'lag_22': 0.6280495914225215, 'lag_23': 0.6232817565822533, 'lag_24': 0.755458986123031, 'lag_25': 0.35459820785574725, 'lag_26': 0.5512056845125489, 'lag_27': 0.3274661939569934, 'lag_28': 0.39425779155116597}. Best is trial 62 with value: 0.0012392874255070948.
[I 2025-09-29 12:53:24,526] Trial 76 finished with value: 0.0019683066100336113 and parameters: {'lag_0': 0.19333980193718367, 'lag_1': 0.8341862730671714, 'lag_2': 0.2163835080994828, 'lag_3': 0.4286868551923827, 'lag_4': 0.6705795718048498, 'lag_5': 0.8597775065235101, 'lag_6': 0.3093105414564078, 'lag_7': 0.12022902701635012, 'lag_8': 0.16697553173308494, 'lag_9': 0.5041977257666063, 'lag_10': 0.496434355908618, 'lag_11': 0.07846414846996966, 'lag_12': 0.6387706638729893, 'lag_13': 0.7300873183875868, 'lag_14': 0.7723923792764151, 'lag_15': 0.7913639444118463, 'lag_16': 0.37011053849735415, 'lag_17': 0.0767750202931689, 'lag_18': 0.9885902935699186, 'lag_19': 0.591576902955424, 'lag_20': 0.05503664253968271, 'lag_21': 0.9761506511369604, 'lag_22': 0.6379967322562401, 'lag_23': 0.6302342381342879, 'lag_24': 0.7607873323244975, 'lag_25': 0.2617881705124397, 'lag_26': 0.5340002267993137, 'lag_27': 0.21061041391021762, 'lag_28': 0.4829353810123273}. Best is trial 62 with value: 0.0012392874255070948.
[I 2025-09-29 12:53:26,959] Trial 77 finished with value: 0.002147575275765481 and parameters: {'lag_0': 0.12128244865871783, 'lag_1': 0.907805684409425, 'lag_2': 0.945061619895887, 'lag_3': 0.3606328539850854, 'lag_4': 0.9201174141364458, 'lag_5': 0.8171885428685023, 'lag_6': 0.21118527118512423, 'lag_7': 0.4341448667077645, 'lag_8': 0.07487966753900038, 'lag_9': 0.4107303864919402, 'lag_10': 0.37905984112974184, 'lag_11': 0.2127121670633761, 'lag_12': 0.539008752502105, 'lag_13': 0.8400298421877542, 'lag_14': 0.5110746537094008, 'lag_15': 0.6234520271359928, 'lag_16': 0.46562679160222936, 'lag_17': 0.7842091460121163, 'lag_18': 0.9189802474230563, 'lag_19': 0.06829829303988669, 'lag_20': 0.4578595545252542, 'lag_21': 0.15270287600577362, 'lag_22': 0.591852858581078, 'lag_23': 0.9696237132603917, 'lag_24': 0.7171468545331348, 'lag_25': 0.32430598970055236, 'lag_26': 0.5897629898429396, 'lag_27': 0.332456207438395, 'lag_28': 0.358148446844872}. Best is trial 62 with value: 0.0012392874255070948.
[I 2025-09-29 12:53:29,405] Trial 78 finished with value: 0.0015478798689874112 and parameters: {'lag_0': 0.15663645426471995, 'lag_1': 0.7331118888058894, 'lag_2': 0.701414176808096, 'lag_3': 0.401814629835301, 'lag_4': 0.8376996774313856, 'lag_5': 0.9613152533984042, 'lag_6': 0.3821486145153677, 'lag_7': 0.5436608696803116, 'lag_8': 0.09380837711769725, 'lag_9': 0.46861004740656076, 'lag_10': 0.5247323195753365, 'lag_11': 0.168900838841947, 'lag_12': 0.4485685891374419, 'lag_13': 0.8851339336082505, 'lag_14': 0.35422796497166714, 'lag_15': 0.33983960558971993, 'lag_16': 0.3664744038549274, 'lag_17': 0.8362060217886209, 'lag_18': 0.946648582164889, 'lag_19': 0.7581269628444955, 'lag_20': 0.8675913509189076, 'lag_21': 0.035565933369336576, 'lag_22': 0.678326833029229, 'lag_23': 0.5451720679117231, 'lag_24': 0.854177750193146, 'lag_25': 0.3537317069120706, 'lag_26': 0.6848833535580898, 'lag_27': 0.3917661211557572, 'lag_28': 0.26817598664180065}. Best is trial 62 with value: 0.0012392874255070948.
[I 2025-09-29 12:53:31,841] Trial 79 finished with value: 0.001338712454544754 and parameters: {'lag_0': 0.2559978721953511, 'lag_1': 0.8221223524867205, 'lag_2': 0.19022077901393478, 'lag_3': 0.3093018690799013, 'lag_4': 0.982880032874911, 'lag_5': 0.896850111806574, 'lag_6': 0.4260738150110362, 'lag_7': 0.30201251502673776, 'lag_8': 0.5005192222847168, 'lag_9': 0.19521320047741073, 'lag_10': 0.3062438605427871, 'lag_11': 0.27057993979689365, 'lag_12': 0.7052253030131169, 'lag_13': 0.6636547222472415, 'lag_14': 0.5893579227599132, 'lag_15': 0.40006935847895564, 'lag_16': 0.7680489344814481, 'lag_17': 0.9338536804078258, 'lag_18': 0.8783632500211915, 'lag_19': 0.5211911624357232, 'lag_20': 0.1828667700191703, 'lag_21': 0.12498863024525718, 'lag_22': 0.5108107171361429, 'lag_23': 0.8763125250031306, 'lag_24': 0.7823640627466287, 'lag_25': 0.39460476148891205, 'lag_26': 0.499802438908066, 'lag_27': 0.2919544448015897, 'lag_28': 0.5681959471884748}. Best is trial 62 with value: 0.0012392874255070948.
[I 2025-09-29 12:53:34,410] Trial 80 finished with value: 0.0013576966596117717 and parameters: {'lag_0': 0.2467142542883433, 'lag_1': 0.44154065314545987, 'lag_2': 0.1408059236198728, 'lag_3': 0.3144769503191437, 'lag_4': 0.9827104945467633, 'lag_5': 0.9349591836019504, 'lag_6': 0.4336060842202475, 'lag_7': 0.2836877612947923, 'lag_8': 0.4809357952040834, 'lag_9': 0.19961545440536743, 'lag_10': 0.2339953568559046, 'lag_11': 0.25713740851293465, 'lag_12': 0.69857991649454, 'lag_13': 0.6645739910947273, 'lag_14': 0.6286769950701057, 'lag_15': 0.38504844137194355, 'lag_16': 0.7783731743448405, 'lag_17': 0.9373433250720843, 'lag_18': 0.8616420907033244, 'lag_19': 0.523175661455581, 'lag_20': 0.1887791705940987, 'lag_21': 0.11510192221835652, 'lag_22': 0.5174647972342553, 'lag_23': 0.8618369685800885, 'lag_24': 0.7980981433657022, 'lag_25': 0.39637401352781115, 'lag_26': 0.49318160053170934, 'lag_27': 0.11277865768035389, 'lag_28': 0.5733511672443473}. Best is trial 62 with value: 0.0012392874255070948.
[I 2025-09-29 12:53:36,857] Trial 81 finished with value: 0.001464189728754842 and parameters: {'lag_0': 0.25045059292226834, 'lag_1': 0.4275033520691075, 'lag_2': 0.0893730395117115, 'lag_3': 0.31994497527329213, 'lag_4': 0.9970814329142673, 'lag_5': 0.9062749193888833, 'lag_6': 0.45024619098729163, 'lag_7': 0.2944564380550689, 'lag_8': 0.4841979264821626, 'lag_9': 0.2670114177726, 'lag_10': 0.22237651634725358, 'lag_11': 0.26783134473251186, 'lag_12': 0.7040065957624613, 'lag_13': 0.6359559588253367, 'lag_14': 0.637548296857656, 'lag_15': 0.38367993231173647, 'lag_16': 0.7587007377820989, 'lag_17': 0.9486190504443606, 'lag_18': 0.8717754872600323, 'lag_19': 0.45472943235195973, 'lag_20': 0.1893010618673879, 'lag_21': 0.11990160695125693, 'lag_22': 0.514378328155056, 'lag_23': 0.8735121213731791, 'lag_24': 0.7950353678242583, 'lag_25': 0.4422500495695167, 'lag_26': 0.4972358893048075, 'lag_27': 0.094447446216804, 'lag_28': 0.6642272279397519}. Best is trial 62 with value: 0.0012392874255070948.
