[I 2025-09-29 12:53:39,300] Trial 82 finished with value: 0.0014459887353703582 and parameters: {'lag_0': 0.28246887016138444, 'lag_1': 0.44238052414923057, 'lag_2': 0.15512914172521886, 'lag_3': 0.2514709085404886, 'lag_4': 0.9441454678846724, 'lag_5': 0.9364523069520806, 'lag_6': 0.4250302770190556, 'lag_7': 0.3480282962800427, 'lag_8': 0.5129617383225747, 'lag_9': 0.13830035016233883, 'lag_10': 0.1296981470122576, 'lag_11': 0.30641126595798707, 'lag_12': 0.6630767182423012, 'lag_13': 0.6695885561335656, 'lag_14': 0.590322400939883, 'lag_15': 0.4027407771379306, 'lag_16': 0.8942883713084899, 'lag_17': 0.8898851436795259, 'lag_18': 0.8275482379715259, 'lag_19': 0.38205248772040046, 'lag_20': 0.22944768000577936, 'lag_21': 0.09086606828167147, 'lag_22': 0.40523552804883084, 'lag_23': 0.8376646443430183, 'lag_24': 0.9035573645995454, 'lag_25': 0.39144823013703983, 'lag_26': 0.4456143477465013, 'lag_27': 0.17012390089234586, 'lag_28': 0.5726128799435962}. Best is trial 62 with value: 0.0012392874255070948.
[I 2025-09-29 12:53:41,743] Trial 83 finished with value: 0.0014290651149137588 and parameters: {'lag_0': 0.08159034413832499, 'lag_1': 0.9479931631601701, 'lag_2': 0.12988246466762993, 'lag_3': 0.2829448992179836, 'lag_4': 0.9052011142765217, 'lag_5': 0.975237528666757, 'lag_6': 0.539460916380295, 'lag_7': 0.27530204016097115, 'lag_8': 0.26735319556756476, 'lag_9': 0.20540627366761371, 'lag_10': 0.2975155782541748, 'lag_11': 0.39872598639008655, 'lag_12': 0.6072360373758506, 'lag_13': 0.7733591109747409, 'lag_14': 0.5509740758255643, 'lag_15': 0.36008505354223147, 'lag_16': 0.7798916145719323, 'lag_17': 0.9327304673424966, 'lag_18': 0.7782611520959315, 'lag_19': 0.5220536273776792, 'lag_20': 0.14362434414949332, 'lag_21': 0.062048651736740144, 'lag_22': 0.4761121873453029, 'lag_23': 0.9010199838800511, 'lag_24': 0.8361034320309644, 'lag_25': 0.3017453020089142, 'lag_26': 0.395343219345674, 'lag_27': 0.12832300542548816, 'lag_28': 0.6281514224174519}. Best is trial 62 with value: 0.0012392874255070948.
[I 2025-09-29 12:53:44,171] Trial 84 finished with value: 0.0015319870976476795 and parameters: {'lag_0': 0.2316067132921838, 'lag_1': 0.768928225661635, 'lag_2': 0.3170613293349994, 'lag_3': 0.3486342481633671, 'lag_4': 0.8070334849806516, 'lag_5': 0.8382697695728323, 'lag_6': 0.5178128882309434, 'lag_7': 0.2164576428410362, 'lag_8': 0.5740176447612507, 'lag_9': 0.3068610599514572, 'lag_10': 0.34027015532566746, 'lag_11': 0.3462809817632089, 'lag_12': 0.7362654174028097, 'lag_13': 0.3153587908934326, 'lag_14': 0.7045206665263977, 'lag_15': 0.45077103865427437, 'lag_16': 0.8074111173582109, 'lag_17': 0.9722508419533843, 'lag_18': 0.8513328453275263, 'lag_19': 0.3959986234344519, 'lag_20': 0.3179217480823304, 'lag_21': 0.2925844223853899, 'lag_22': 0.3642298655350771, 'lag_23': 0.7919096206881491, 'lag_24': 0.8817501442015053, 'lag_25': 0.02812788123647706, 'lag_26': 0.5021197735840691, 'lag_27': 0.23703533779132893, 'lag_28': 0.68545798577513}. Best is trial 62 with value: 0.0012392874255070948.
[I 2025-09-29 12:53:46,602] Trial 85 finished with value: 0.0015929555152427582 and parameters: {'lag_0': 0.4673339365690658, 'lag_1': 0.547249978900481, 'lag_2': 0.07269199871629456, 'lag_3': 0.2947454800450946, 'lag_4': 0.8931515024098861, 'lag_5': 0.8897230320689733, 'lag_6': 0.42821144025293933, 'lag_7': 0.32175204037195565, 'lag_8': 0.5304362480932644, 'lag_9': 0.09801833256957171, 'lag_10': 0.2499900025176238, 'lag_11': 0.2928864265124089, 'lag_12': 0.6970962855362718, 'lag_13': 0.706797143674016, 'lag_14': 0.6371093899318351, 'lag_15': 0.25930995255555794, 'lag_16': 0.724387860983861, 'lag_17': 0.8686418555654983, 'lag_18': 0.8872438025767249, 'lag_19': 0.001659674366457528, 'lag_20': 0.2900637297844108, 'lag_21': 0.5368581237142511, 'lag_22': 0.9343715669894057, 'lag_23': 0.003914686917273702, 'lag_24': 0.6635718261528627, 'lag_25': 0.8470552453354172, 'lag_26': 0.8018803828189217, 'lag_27': 0.27367431625084754, 'lag_28': 0.5780872697584162}. Best is trial 62 with value: 0.0012392874255070948.
[I 2025-09-29 12:53:49,041] Trial 86 finished with value: 0.0015119810237777622 and parameters: {'lag_0': 0.33161057259634474, 'lag_1': 0.5080852117471383, 'lag_2': 0.182611507917756, 'lag_3': 0.10164611916984799, 'lag_4': 0.8811316680713901, 'lag_5': 0.7913856467362463, 'lag_6': 0.4849491794875019, 'lag_7': 0.41685051758999353, 'lag_8': 0.6268443619429979, 'lag_9': 0.18750907264311867, 'lag_10': 0.1722285394201643, 'lag_11': 0.2308957123930845, 'lag_12': 0.7690360615498526, 'lag_13': 0.5833257338694547, 'lag_14': 0.8888781149295567, 'lag_15': 0.31486026620709917, 'lag_16': 0.8428420566686177, 'lag_17': 0.9032615726686876, 'lag_18': 0.7510697558722016, 'lag_19': 0.4778224469620344, 'lag_20': 0.21412269584552548, 'lag_21': 0.02157614830835422, 'lag_22': 0.5358897595782562, 'lag_23': 0.8466843416009688, 'lag_24': 0.6047211970374795, 'lag_25': 0.4915902345927199, 'lag_26': 0.47774876992206716, 'lag_27': 0.04314846588622731, 'lag_28': 0.6188583859562174}. Best is trial 62 with value: 0.0012392874255070948.
[I 2025-09-29 12:53:51,479] Trial 87 finished with value: 0.0018697723766714803 and parameters: {'lag_0': 0.36530650244170865, 'lag_1': 0.6909335670685017, 'lag_2': 0.36556010754424206, 'lag_3': 0.3189183990972706, 'lag_4': 0.9906819988266345, 'lag_5': 0.9511846921019231, 'lag_6': 0.07148402747292384, 'lag_7': 0.3712523177622908, 'lag_8': 0.2284345599638496, 'lag_9': 0.34145826728788076, 'lag_10': 0.2759027669691115, 'lag_11': 0.13293396137376517, 'lag_12': 0.8038669527866986, 'lag_13': 0.6740927012821923, 'lag_14': 0.6728344789926914, 'lag_15': 0.4088571236684143, 'lag_16': 0.6800591080856527, 'lag_17': 0.9964260933055549, 'lag_18': 0.35901988840517607, 'lag_19': 0.859672469950544, 'lag_20': 0.24048228388276385, 'lag_21': 0.33775843201841915, 'lag_22': 0.44331908537533726, 'lag_23': 0.9439811770377409, 'lag_24': 0.7895919128311308, 'lag_25': 0.12261229618894823, 'lag_26': 0.5716452970584057, 'lag_27': 0.21716481812727229, 'lag_28': 0.5273173627758261}. Best is trial 62 with value: 0.0012392874255070948.
[I 2025-09-29 12:53:53,912] Trial 88 finished with value: 0.0017863310518717718 and parameters: {'lag_0': 0.23558100820351682, 'lag_1': 0.8494801094522848, 'lag_2': 0.10684130975208128, 'lag_3': 0.24203079467414806, 'lag_4': 0.9552982984496745, 'lag_5': 0.46704267227666113, 'lag_6': 0.10975369365853274, 'lag_7': 0.47816596261574296, 'lag_8': 0.3216137699490449, 'lag_9': 0.06722575824974776, 'lag_10': 0.416003361240298, 'lag_11': 0.2624176984116792, 'lag_12': 0.6760545834590932, 'lag_13': 0.4881496284115264, 'lag_14': 0.4131401807995899, 'lag_15': 0.14810159509624668, 'lag_16': 0.9399969237602994, 'lag_17': 0.6848949497058624, 'lag_18': 0.5447375750513691, 'lag_19': 0.5661179465971795, 'lag_20': 0.17664746985083982, 'lag_21': 0.0006041830700239392, 'lag_22': 0.5097515182209893, 'lag_23': 0.42042122512854785, 'lag_24': 0.9434515465154296, 'lag_25': 0.4089178032691023, 'lag_26': 0.07921274387935001, 'lag_27': 0.29957945807599595, 'lag_28': 0.43109322193747857}. Best is trial 62 with value: 0.0012392874255070948.
[I 2025-09-29 12:53:56,350] Trial 89 finished with value: 0.001321327052945128 and parameters: {'lag_0': 0.3068040407606008, 'lag_1': 0.4817557794578658, 'lag_2': 0.2442471950290664, 'lag_3': 0.0011822541086729463, 'lag_4': 0.5044013564941656, 'lag_5': 0.9016927696331754, 'lag_6': 0.3360213399575655, 'lag_7': 0.31544670632900373, 'lag_8': 0.36975971352505527, 'lag_9': 0.23642561156280115, 'lag_10': 0.16501057515045284, 'lag_11': 0.4233259561310304, 'lag_12': 0.6314662524020535, 'lag_13': 0.2512384553484087, 'lag_14': 0.6005922268541147, 'lag_15': 0.5237926032863367, 'lag_16': 0.6273047961079202, 'lag_17': 0.735169941821566, 'lag_18': 0.9313558915292732, 'lag_19': 0.5181715459295697, 'lag_20': 0.11621325160608759, 'lag_21': 0.1847440272148042, 'lag_22': 0.5674324748289516, 'lag_23': 0.7682097537269736, 'lag_24': 0.3584753948081462, 'lag_25': 0.2278009707430615, 'lag_26': 0.04945830818303759, 'lag_27': 0.1250748270388547, 'lag_28': 0.5550301244871501}. Best is trial 62 with value: 0.0012392874255070948.
[I 2025-09-29 12:53:58,785] Trial 90 finished with value: 0.0015447392535614247 and parameters: {'lag_0': 0.30060276475425307, 'lag_1': 0.39483091878608917, 'lag_2': 0.24155462296456823, 'lag_3': 0.03701869645108867, 'lag_4': 0.4917194984260807, 'lag_5': 0.8982550550484155, 'lag_6': 0.34546050661428096, 'lag_7': 0.31002100508529007, 'lag_8': 0.4399084912011414, 'lag_9': 0.24183715979693993, 'lag_10': 0.06823603867348499, 'lag_11': 0.5480321397782089, 'lag_12': 0.8445628773964526, 'lag_13': 0.24104296575147896, 'lag_14': 0.8465539658253713, 'lag_15': 0.9819192536115742, 'lag_16': 0.771497897628513, 'lag_17': 0.726357787774278, 'lag_18': 0.021415129634830943, 'lag_19': 0.5278159595689792, 'lag_20': 0.10202447272012538, 'lag_21': 0.25142163183551214, 'lag_22': 0.5633142233383734, 'lag_23': 0.7675352075284894, 'lag_24': 0.34508382107531055, 'lag_25': 0.23559037024104532, 'lag_26': 0.993507347869488, 'lag_27': 0.17633467102574524, 'lag_28': 0.5529595915721601}. Best is trial 62 with value: 0.0012392874255070948.
[I 2025-09-29 12:54:01,217] Trial 91 finished with value: 0.0018078570964262617 and parameters: {'lag_0': 0.2692785288121728, 'lag_1': 0.5058562924766983, 'lag_2': 0.14267558699973895, 'lag_3': 0.0706541304102122, 'lag_4': 0.5180366214939989, 'lag_5': 0.9255633838663564, 'lag_6': 0.38086460401296746, 'lag_7': 0.242605726288055, 'lag_8': 0.4067118368286903, 'lag_9': 0.15767475615586002, 'lag_10': 0.22214681127950262, 'lag_11': 0.3752240995472192, 'lag_12': 0.6301616701751002, 'lag_13': 0.2547895153426784, 'lag_14': 0.7416062085370446, 'lag_15': 0.4682690622411684, 'lag_16': 0.6296667709050133, 'lag_17': 0.6540369091258981, 'lag_18': 0.9279912581746157, 'lag_19': 0.6555922597081232, 'lag_20': 0.06570418172928982, 'lag_21': 0.07266641577923136, 'lag_22': 0.6063928983808278, 'lag_23': 0.7337863298223023, 'lag_24': 0.3614161699502083, 'lag_25': 0.29441463242824134, 'lag_26': 0.04720065512104084, 'lag_27': 0.129107772269124, 'lag_28': 0.504683754908787}. Best is trial 62 with value: 0.0012392874255070948.
[I 2025-09-29 12:54:03,653] Trial 92 finished with value: 0.0014075057048210525 and parameters: {'lag_0': 0.20632926629456583, 'lag_1': 0.3199249122928199, 'lag_2': 0.2812201862343676, 'lag_3': 0.19004536214647347, 'lag_4': 0.4386038296259047, 'lag_5': 0.9781999934033097, 'lag_6': 0.4531189110421321, 'lag_7': 0.26510862747025415, 'lag_8': 0.3862713977369123, 'lag_9': 0.36873078947171106, 'lag_10': 0.1889465233673495, 'lag_11': 0.427804976276557, 'lag_12': 0.71910150445533, 'lag_13': 0.17881669973919767, 'lag_14': 0.6219256513600551, 'lag_15': 0.5895270922992102, 'lag_16': 0.6569778383295141, 'lag_17': 0.8048407808578902, 'lag_18': 0.9619527387726922, 'lag_19': 0.31980422814348675, 'lag_20': 0.03493410001704235, 'lag_21': 0.19299698357423087, 'lag_22': 0.5580101215498807, 'lag_23': 0.8153426587229013, 'lag_24': 0.9953640149471565, 'lag_25': 0.2109179209927658, 'lag_26': 0.024743097606805185, 'lag_27': 0.08271585363574246, 'lag_28': 0.46573034240499545}. Best is trial 62 with value: 0.0012392874255070948.
[I 2025-09-29 12:54:06,083] Trial 93 finished with value: 0.001325753766381784 and parameters: {'lag_0': 0.4084947427041251, 'lag_1': 0.8820232863381006, 'lag_2': 0.19164077050919798, 'lag_3': 0.003095262352147389, 'lag_4': 0.5844054853298533, 'lag_5': 0.8602385466027347, 'lag_6': 0.16527658077756777, 'lag_7': 0.338326795407448, 'lag_8': 0.5514065955358909, 'lag_9': 0.19634665035572757, 'lag_10': 0.17036001328219405, 'lag_11': 0.4789364462785143, 'lag_12': 0.5857718628638511, 'lag_13': 0.21108518189790265, 'lag_14': 0.5818905035883263, 'lag_15': 0.5265756404886586, 'lag_16': 0.7024700697666366, 'lag_17': 0.736030938202661, 'lag_18': 0.8749337820434512, 'lag_19': 0.8076276878017227, 'lag_20': 0.14526747521821032, 'lag_21': 0.1160846793964456, 'lag_22': 0.4669466335581855, 'lag_23': 0.875173930523697, 'lag_24': 0.41713494965443876, 'lag_25': 0.17947786229435014, 'lag_26': 0.09186154012329162, 'lag_27': 0.24612697439815387, 'lag_28': 0.5954910650616437}. Best is trial 62 with value: 0.0012392874255070948.
[I 2025-09-29 12:54:08,518] Trial 94 finished with value: 0.0018944312231496847 and parameters: {'lag_0': 0.4054572811702175, 'lag_1': 0.8788254847773308, 'lag_2': 0.19152048595439441, 'lag_3': 0.051705431367009565, 'lag_4': 0.6022133603975917, 'lag_5': 0.8467659180785068, 'lag_6': 0.17804860661075556, 'lag_7': 0.33140372389427586, 'lag_8': 0.4578147231660429, 'lag_9': 0.21414806342708467, 'lag_10': 0.07912246183324369, 'lag_11': 0.49710564709728156, 'lag_12': 0.747944146488068, 'lag_13': 0.19762925594621822, 'lag_14': 0.5967180262144002, 'lag_15': 0.5337471384047922, 'lag_16': 0.5657079775029622, 'lag_17': 0.7431122662391355, 'lag_18': 0.8212080177954606, 'lag_19': 0.42459169250151907, 'lag_20': 0.1610935418484121, 'lag_21': 0.1254798565251848, 'lag_22': 0.4637660476396933, 'lag_23': 0.37412574312526875, 'lag_24': 0.3954549709425985, 'lag_25': 0.1664873802079374, 'lag_26': 0.13008251188829137, 'lag_27': 0.23801796034931955, 'lag_28': 0.5961112285583041}. Best is trial 62 with value: 0.0012392874255070948.
[I 2025-09-29 12:54:10,950] Trial 95 finished with value: 0.001446011377164156 and parameters: {'lag_0': 0.2501979744420514, 'lag_1': 0.48476979878053794, 'lag_2': 0.24492477007851882, 'lag_3': 0.10450036521838355, 'lag_4': 0.5617519508071203, 'lag_5': 0.8804211782628356, 'lag_6': 0.3335451036966397, 'lag_7': 0.2989389227396191, 'lag_8': 0.48553952804140804, 'lag_9': 0.19629475464554494, 'lag_10': 0.00039574570906325546, 'lag_11': 0.46672123204835314, 'lag_12': 0.578786831546582, 'lag_13': 0.22647093844971505, 'lag_14': 0.5371231511649251, 'lag_15': 0.49944405673829073, 'lag_16': 0.7012019711015393, 'lag_17': 0.7005617858892156, 'lag_18': 0.8733466261547809, 'lag_19': 0.7903730417865177, 'lag_20': 0.14412069229267221, 'lag_21': 0.1543320237115738, 'lag_22': 0.4944735349936843, 'lag_23': 0.858704796415446, 'lag_24': 0.4216823005749026, 'lag_25': 0.18608429677342958, 'lag_26': 0.0884989217124956, 'lag_27': 0.2834810570655588, 'lag_28': 0.5652607455198138}. Best is trial 62 with value: 0.0012392874255070948.
[I 2025-09-29 12:54:13,386] Trial 96 finished with value: 0.0015033806972672326 and parameters: {'lag_0': 0.3726602241506805, 'lag_1': 0.9398790898945579, 'lag_2': 0.16906883599267866, 'lag_3': 0.0076984001925774845, 'lag_4': 0.5269867533340067, 'lag_5': 0.8145778393363605, 'lag_6': 0.3788576901508226, 'lag_7': 0.16883573227684728, 'lag_8': 0.5566264798360526, 'lag_9': 0.25881868982856915, 'lag_10': 0.16351803164939763, 'lag_11': 0.6053634079014352, 'lag_12': 0.6489473153106164, 'lag_13': 0.15622363610299145, 'lag_14': 0.31563357473473297, 'lag_15': 0.5761449197390563, 'lag_16': 0.7367990031742928, 'lag_17': 0.7745616853967294, 'lag_18': 0.7044698545973505, 'lag_19': 0.469707988203588, 'lag_20': 0.1365086430940338, 'lag_21': 0.12460064165906136, 'lag_22': 0.4191876820460948, 'lag_23': 0.8103048499724267, 'lag_24': 0.4636549260557913, 'lag_25': 0.05678722482192208, 'lag_26': 0.5000898735674628, 'lag_27': 0.1886500232629813, 'lag_28': 0.6391573269144893}. Best is trial 62 with value: 0.0012392874255070948.
[I 2025-09-29 12:54:15,818] Trial 97 finished with value: 0.0015964903209113202 and parameters: {'lag_0': 0.4335261975985911, 'lag_1': 0.903843681816427, 'lag_2': 0.3049959375508642, 'lag_3': 0.001283306597786138, 'lag_4': 0.6477756259378376, 'lag_5': 0.9315835439842617, 'lag_6': 0.2590735697821873, 'lag_7': 0.33978403504769705, 'lag_8': 0.3551733214131074, 'lag_9': 0.17488296808935785, 'lag_10': 0.15955690817245666, 'lag_11': 0.03238209264451618, 'lag_12': 0.7828550496828327, 'lag_13': 0.6173054178800639, 'lag_14': 0.6460035836784574, 'lag_15': 0.5261884862210491, 'lag_16': 0.4171989640425161, 'lag_17': 0.7236830928835626, 'lag_18': 0.8483558473995514, 'lag_19': 0.5116634328932527, 'lag_20': 0.08606049160568104, 'lag_21': 0.17931321827226893, 'lag_22': 0.3490930515956946, 'lag_23': 0.30441105817475933, 'lag_24': 0.31043511308189853, 'lag_25': 0.09879487351122838, 'lag_26': 0.6517891232966205, 'lag_27': 0.2514266477841728, 'lag_28': 0.5187921058693914}. Best is trial 62 with value: 0.0012392874255070948.
[I 2025-09-29 12:54:18,261] Trial 98 finished with value: 0.0017506407293450869 and parameters: {'lag_0': 0.31379882841693285, 'lag_1': 0.5163396968043575, 'lag_2': 0.21968210032414714, 'lag_3': 0.1304573251644989, 'lag_4': 0.5836424374083969, 'lag_5': 0.774049475325635, 'lag_6': 0.4142832691879373, 'lag_7': 0.3789961739617473, 'lag_8': 0.5901539579717616, 'lag_9': 0.024133186934330628, 'lag_10': 0.21918632411772748, 'lag_11': 0.5145898133276343, 'lag_12': 0.3469308665385663, 'lag_13': 0.3347909792443572, 'lag_14': 0.5993826157443135, 'lag_15': 0.43346440474078474, 'lag_16': 0.5894597998772662, 'lag_17': 0.6504664028411384, 'lag_18': 0.9093267708771874, 'lag_19': 0.10706088587136722, 'lag_20': 0.20165411006588443, 'lag_21': 0.09699266094663896, 'lag_22': 0.5854458080409936, 'lag_23': 0.8742608412446474, 'lag_24': 0.37782752903607153, 'lag_25': 0.36366762829814137, 'lag_26': 0.054772738370410676, 'lag_27': 0.31560348318590725, 'lag_28': 0.5912875105059235}. Best is trial 62 with value: 0.0012392874255070948.
[I 2025-09-29 12:54:20,704] Trial 99 finished with value: 0.0017587384706724302 and parameters: {'lag_0': 0.14711186746362856, 'lag_1': 0.4336131607368218, 'lag_2': 0.2572149876257882, 'lag_3': 0.04897437649598077, 'lag_4': 0.702840266756978, 'lag_5': 0.9059080796236025, 'lag_6': 0.23135798094161925, 'lag_7': 0.27544610297721767, 'lag_8': 0.5433642001256832, 'lag_9': 0.2895055455031308, 'lag_10': 0.1413076919059019, 'lag_11': 0.16819257644241342, 'lag_12': 0.6881791259967968, 'lag_13': 0.26682736566552884, 'lag_14': 0.3814186915928049, 'lag_15': 0.6801907997054979, 'lag_16': 0.6256102931987199, 'lag_17': 0.8586156874142309, 'lag_18': 0.7905408210297452, 'lag_19': 0.8173387855885345, 'lag_20': 0.12314973903389542, 'lag_21': 0.3894181083286538, 'lag_22': 0.6559844033446385, 'lag_23': 0.46341949907400065, 'lag_24': 0.8146908321002616, 'lag_25': 0.1423705855645432, 'lag_26': 0.0017663676998472683, 'lag_27': 0.34971116088207244, 'lag_28': 0.6882888943480602}. Best is trial 62 with value: 0.0012392874255070948.
[I 2025-09-29 12:54:20,718] A new study created in memory with name: no-name-3776c2b2-ff98-4a2a-9b30-37d76aea5bbd
[I 2025-09-29 12:54:23,082] Trial 0 finished with value: 0.0030050512888107695 and parameters: {'lag_0': 0.4793453780273835, 'lag_1': 0.4158178781913478, 'lag_2': 0.8703414843223178, 'lag_3': 0.4105581944615955, 'lag_4': 0.5052565622372237, 'lag_5': 0.4469047926763719, 'lag_6': 0.24082300772160348, 'lag_7': 0.6237942674961511, 'lag_8': 0.5845663749863012, 'lag_9': 0.8212328357138818, 'lag_10': 0.23532573186775335, 'lag_11': 0.9915780066093934, 'lag_12': 0.436729437934398, 'lag_13': 0.9081075191685266, 'lag_14': 0.551893325895741, 'lag_15': 0.7018025907471709, 'lag_16': 0.9057763690185853, 'lag_17': 0.19539426912415522, 'lag_18': 0.9624676425864446, 'lag_19': 0.9716044864512007, 'lag_20': 0.5098201322952062, 'lag_21': 0.09829294668075389, 'lag_22': 0.2523170932949676, 'lag_23': 0.763220038956372, 'lag_24': 0.47262941049591073, 'lag_25': 0.9861609201686073, 'lag_26': 0.7756467602330107, 'lag_27': 0.9478105703873201, 'lag_28': 0.06396133407957606}. Best is trial 0 with value: 0.0030050512888107695.
[I 2025-09-29 12:54:25,449] Trial 1 finished with value: 0.0026628352928410705 and parameters: {'lag_0': 0.3620444908847158, 'lag_1': 0.9322832170136219, 'lag_2': 0.9881683153835986, 'lag_3': 0.38122688111325415, 'lag_4': 0.13733594865530668, 'lag_5': 0.8980193732399733, 'lag_6': 0.8786477466049237, 'lag_7': 0.9894226922616965, 'lag_8': 0.7026089954349967, 'lag_9': 0.5379435812623847, 'lag_10': 0.15702395402951883, 'lag_11': 0.42571610427841855, 'lag_12': 0.8668041372251057, 'lag_13': 0.9289413527198073, 'lag_14': 0.9535503304952405, 'lag_15': 0.2954013341093186, 'lag_16': 0.1478341764055505, 'lag_17': 0.5411691873274134, 'lag_18': 0.02869167058719908, 'lag_19': 0.2170258418195024, 'lag_20': 0.6643756693867335, 'lag_21': 0.06450701269937378, 'lag_22': 0.8725849979313604, 'lag_23': 0.8094555775239968, 'lag_24': 0.5775047962558494, 'lag_25': 0.7059697859085744, 'lag_26': 0.465657881028782, 'lag_27': 0.0827514893252161, 'lag_28': 0.7304186486209728}. Best is trial 1 with value: 0.0026628352928410705.
[I 2025-09-29 12:54:27,813] Trial 2 finished with value: 0.0027028986126834175 and parameters: {'lag_0': 0.5440322341191002, 'lag_1': 0.19656098804227956, 'lag_2': 0.08473758540898563, 'lag_3': 0.24246902141445648, 'lag_4': 0.22542483825769746, 'lag_5': 0.44036161592187945, 'lag_6': 0.7665258045362983, 'lag_7': 0.5567781465594152, 'lag_8': 0.36995663763658054, 'lag_9': 0.9047669204826596, 'lag_10': 0.8857586434238169, 'lag_11': 0.5397985162863235, 'lag_12': 0.9136108238223284, 'lag_13': 0.10142131749235829, 'lag_14': 0.11252949628647671, 'lag_15': 0.7227550531993996, 'lag_16': 0.13470156534208474, 'lag_17': 0.024395506370922294, 'lag_18': 0.9637676654700444, 'lag_19': 0.44235561151125624, 'lag_20': 0.4846151750865448, 'lag_21': 0.7012724005715304, 'lag_22': 0.3943323350829434, 'lag_23': 0.4659490065754138, 'lag_24': 0.15390438549294808, 'lag_25': 0.3949230447310023, 'lag_26': 0.06485568947217, 'lag_27': 0.9489022248695138, 'lag_28': 0.15837100269036553}. Best is trial 1 with value: 0.0026628352928410705.
