[I 2025-09-29 12:53:40,074] Trial 82 finished with value: 0.011769455216838365 and parameters: {'lag_0': 0.5562590834435653, 'lag_1': 0.6058377983375837, 'lag_2': 0.34434850962774677, 'lag_3': 0.6891727193893, 'lag_4': 0.33082926747764024, 'lag_5': 0.0657765274859762, 'lag_6': 0.07801453127511396, 'lag_7': 0.4279862387465722, 'lag_8': 0.10564363090050409, 'lag_9': 0.8074561503390957, 'lag_10': 0.2835801630317991, 'lag_11': 0.052173873762269236, 'lag_12': 0.3242548811567634, 'lag_13': 0.28519411545346485, 'lag_14': 0.33472673546732584, 'lag_15': 0.39527498245978915, 'lag_16': 0.669270456951181, 'lag_17': 0.16803832955397963, 'lag_18': 0.522995763283661, 'lag_19': 0.8381393892606348, 'lag_20': 0.06351833189068024, 'lag_21': 0.545787844169613, 'lag_22': 0.9780425142362902, 'lag_23': 0.8217146522196379, 'lag_24': 0.16067938341732743, 'lag_25': 0.2606518329812597, 'lag_26': 0.00108036124191134, 'lag_27': 0.0273607568873766, 'lag_28': 0.8108887002441808}. Best is trial 52 with value: 0.010960479098595904.
[I 2025-09-29 12:53:42,614] Trial 83 finished with value: 0.011590681778620663 and parameters: {'lag_0': 0.11411070249772479, 'lag_1': 0.7008702581088552, 'lag_2': 0.4813906033013459, 'lag_3': 0.6673218324683968, 'lag_4': 0.40118288779604633, 'lag_5': 0.2769553161798983, 'lag_6': 0.03815376129369957, 'lag_7': 0.2566370617489388, 'lag_8': 0.28288810239858064, 'lag_9': 0.6671014887510063, 'lag_10': 0.17954744880817644, 'lag_11': 0.10795465212978733, 'lag_12': 0.12625075482591108, 'lag_13': 0.20897411696980592, 'lag_14': 0.19868743905059963, 'lag_15': 0.359031510628538, 'lag_16': 0.593611113874459, 'lag_17': 0.16846039858416276, 'lag_18': 0.5811793125606161, 'lag_19': 0.9490113810395032, 'lag_20': 0.4390027425909988, 'lag_21': 0.8513264934531457, 'lag_22': 0.9479804675858706, 'lag_23': 0.8692596543965918, 'lag_24': 0.5079235701347642, 'lag_25': 0.08966522931943152, 'lag_26': 0.43860775633693844, 'lag_27': 0.053042363107679326, 'lag_28': 0.44723953063335475}. Best is trial 52 with value: 0.010960479098595904.
[I 2025-09-29 12:53:45,162] Trial 84 finished with value: 0.011420679359344151 and parameters: {'lag_0': 0.6986202368040034, 'lag_1': 0.9219118057482136, 'lag_2': 0.5378711619148988, 'lag_3': 0.7270430267988076, 'lag_4': 0.27124146567045737, 'lag_5': 0.13390574041833567, 'lag_6': 0.13556381209648272, 'lag_7': 0.4680252621803287, 'lag_8': 0.15344920562808875, 'lag_9': 0.7524550815368876, 'lag_10': 0.9093567244250746, 'lag_11': 0.08492902441802444, 'lag_12': 0.20816974440453848, 'lag_13': 0.35149443521129325, 'lag_14': 0.2888620181103014, 'lag_15': 0.4553818176229413, 'lag_16': 0.7423120779738094, 'lag_17': 0.2182832384653389, 'lag_18': 0.7450409490200328, 'lag_19': 0.8050095970559804, 'lag_20': 0.09418107645000096, 'lag_21': 0.6971863886124683, 'lag_22': 0.9935803745239236, 'lag_23': 0.9722778824929965, 'lag_24': 0.5624802307290826, 'lag_25': 0.3418000177617282, 'lag_26': 0.24283027800331358, 'lag_27': 0.08482939846744353, 'lag_28': 0.5002988201544957}. Best is trial 52 with value: 0.010960479098595904.
[I 2025-09-29 12:53:47,707] Trial 85 finished with value: 0.011532191295778359 and parameters: {'lag_0': 0.9528938551971385, 'lag_1': 0.07615349571627045, 'lag_2': 0.963067404146726, 'lag_3': 0.6079190919638434, 'lag_4': 0.36555580514631403, 'lag_5': 0.2236645416756442, 'lag_6': 0.025345006323134738, 'lag_7': 0.3733774643649559, 'lag_8': 0.18991708877334795, 'lag_9': 0.6248380239756074, 'lag_10': 0.2101238666352134, 'lag_11': 0.15904020743547798, 'lag_12': 0.4799499023287121, 'lag_13': 0.14955964806690691, 'lag_14': 0.3727010753030381, 'lag_15': 0.5009239375501677, 'lag_16': 0.826007663026538, 'lag_17': 0.25797654790477226, 'lag_18': 0.9859825031027848, 'lag_19': 0.8948205096811762, 'lag_20': 0.8956029645628293, 'lag_21': 0.6450052917726409, 'lag_22': 0.9988313565390541, 'lag_23': 0.8375247621533964, 'lag_24': 0.23555109253661577, 'lag_25': 0.14557448836551834, 'lag_26': 0.31415581485582655, 'lag_27': 0.11346152678451103, 'lag_28': 0.21876059056503133}. Best is trial 52 with value: 0.010960479098595904.
[I 2025-09-29 12:53:50,253] Trial 86 finished with value: 0.011339270683735306 and parameters: {'lag_0': 0.029652209124888106, 'lag_1': 0.9613716955443269, 'lag_2': 0.3772843629872312, 'lag_3': 0.44317600375549726, 'lag_4': 0.42655034912862355, 'lag_5': 0.6383192960023623, 'lag_6': 0.4108744271951217, 'lag_7': 0.3239478970641488, 'lag_8': 0.11579100419374258, 'lag_9': 0.30510814816966353, 'lag_10': 0.5451242087425253, 'lag_11': 0.0037760670791876644, 'lag_12': 0.2677509668252986, 'lag_13': 0.3205597863739106, 'lag_14': 0.5780280618355584, 'lag_15': 0.03957649758872239, 'lag_16': 0.027685488906123434, 'lag_17': 0.35035382376363283, 'lag_18': 0.3817371120416341, 'lag_19': 0.9901383416372482, 'lag_20': 0.030527695825360402, 'lag_21': 0.611816963829634, 'lag_22': 0.8670640568957648, 'lag_23': 0.7840269460833009, 'lag_24': 0.12143166683502318, 'lag_25': 0.8349074865598076, 'lag_26': 0.6539109573051111, 'lag_27': 0.2983287745812975, 'lag_28': 0.3498415383412088}. Best is trial 52 with value: 0.010960479098595904.
[I 2025-09-29 12:53:52,794] Trial 87 finished with value: 0.011195972878033594 and parameters: {'lag_0': 0.7359290770930746, 'lag_1': 0.9942554950031042, 'lag_2': 0.4540700770510019, 'lag_3': 0.7720627236716275, 'lag_4': 0.5242982899350306, 'lag_5': 0.09380691771081945, 'lag_6': 0.0871314219371836, 'lag_7': 0.002226269937419728, 'lag_8': 0.20761486340662597, 'lag_9': 0.892622299179633, 'lag_10': 0.5796051638493451, 'lag_11': 0.2103809111740666, 'lag_12': 0.571032839886969, 'lag_13': 0.5250288711496615, 'lag_14': 0.246455055268348, 'lag_15': 0.3055048322050061, 'lag_16': 0.7743911192933491, 'lag_17': 0.020206146763504393, 'lag_18': 0.6768415653535955, 'lag_19': 0.19143797570724744, 'lag_20': 0.8332349211014758, 'lag_21': 0.48345880508577527, 'lag_22': 0.8357470693723531, 'lag_23': 0.6250644992009763, 'lag_24': 0.20065024535618547, 'lag_25': 0.17333357866206722, 'lag_26': 0.11991273148197557, 'lag_27': 0.05976601804891275, 'lag_28': 0.31803846977388384}. Best is trial 52 with value: 0.010960479098595904.
[I 2025-09-29 12:53:55,341] Trial 88 finished with value: 0.011444335655704472 and parameters: {'lag_0': 0.7388823341615927, 'lag_1': 0.9053209264975756, 'lag_2': 0.8006639098706165, 'lag_3': 0.7725939468116275, 'lag_4': 0.5348088645610791, 'lag_5': 0.10277606722524393, 'lag_6': 0.16548668214951928, 'lag_7': 0.01515411374131009, 'lag_8': 0.2439482058119431, 'lag_9': 0.9013692862216788, 'lag_10': 0.5615057672681655, 'lag_11': 0.2628483617574701, 'lag_12': 0.5246309444808588, 'lag_13': 0.5552562091333928, 'lag_14': 0.2593040680582318, 'lag_15': 0.30292391343423397, 'lag_16': 0.6378414773330119, 'lag_17': 0.06833489362999848, 'lag_18': 0.6717306457516523, 'lag_19': 0.1890729860361003, 'lag_20': 0.8303543341140881, 'lag_21': 0.48107828848498463, 'lag_22': 0.8403237832541757, 'lag_23': 0.6277525886889321, 'lag_24': 0.20053749056384576, 'lag_25': 0.97699330092071, 'lag_26': 0.1114174560084322, 'lag_27': 0.05974107563612424, 'lag_28': 0.316317565917399}. Best is trial 52 with value: 0.010960479098595904.
[I 2025-09-29 12:53:57,887] Trial 89 finished with value: 0.011850520385351953 and parameters: {'lag_0': 0.6288018272960499, 'lag_1': 0.9911431774389008, 'lag_2': 0.5900443404802366, 'lag_3': 0.8098000862102263, 'lag_4': 0.4768718043813565, 'lag_5': 0.02449274680361549, 'lag_6': 0.47914541935942107, 'lag_7': 0.0773538264451462, 'lag_8': 0.21295088338981766, 'lag_9': 0.9561363806622979, 'lag_10': 0.599491061517729, 'lag_11': 0.19771449676840838, 'lag_12': 0.535803184056524, 'lag_13': 0.7642530934860123, 'lag_14': 0.11973525633381168, 'lag_15': 0.2601293622569254, 'lag_16': 0.26255323178338286, 'lag_17': 0.027525112396205066, 'lag_18': 0.752713703239248, 'lag_19': 0.2302646828429289, 'lag_20': 0.8661555754383397, 'lag_21': 0.7270892056154464, 'lag_22': 0.9139966936158013, 'lag_23': 0.708885188497174, 'lag_24': 0.38440518816130725, 'lag_25': 0.0012717003909146068, 'lag_26': 0.05500930855640388, 'lag_27': 0.11914148332811257, 'lag_28': 0.9640285049160832}. Best is trial 52 with value: 0.010960479098595904.
[I 2025-09-29 12:54:00,441] Trial 90 finished with value: 0.011861089996578452 and parameters: {'lag_0': 0.8383217409214583, 'lag_1': 0.9563507402445157, 'lag_2': 0.654963817192411, 'lag_3': 0.5318189246981602, 'lag_4': 0.7084685106498374, 'lag_5': 0.6923351369006431, 'lag_6': 0.6562965096288329, 'lag_7': 0.9927555336968522, 'lag_8': 0.287207012315377, 'lag_9': 0.8770749645933895, 'lag_10': 0.504587119445962, 'lag_11': 0.3201451497375272, 'lag_12': 0.6650407366003992, 'lag_13': 0.5151922871170935, 'lag_14': 0.24600116116082588, 'lag_15': 0.3174545395533517, 'lag_16': 0.17550123725051225, 'lag_17': 0.02750074303943875, 'lag_18': 0.20995325535203746, 'lag_19': 0.27656137960256977, 'lag_20': 0.7796223954521161, 'lag_21': 0.8810712819856514, 'lag_22': 0.8822254097737089, 'lag_23': 0.47725204579509617, 'lag_24': 0.2710213252154174, 'lag_25': 0.5354295094117104, 'lag_26': 0.027148132413710696, 'lag_27': 0.08466932619057221, 'lag_28': 0.1824570560316197}. Best is trial 52 with value: 0.010960479098595904.
[I 2025-09-29 12:54:02,992] Trial 91 finished with value: 0.012238908195383421 and parameters: {'lag_0': 0.6751226631858149, 'lag_1': 0.8724419104377149, 'lag_2': 0.4563695548687001, 'lag_3': 0.5841519996737005, 'lag_4': 0.5732133376315431, 'lag_5': 0.05678505863165491, 'lag_6': 0.05839516184058413, 'lag_7': 0.05230076705569328, 'lag_8': 0.16789993625241006, 'lag_9': 0.8529701198401817, 'lag_10': 0.6683388952921528, 'lag_11': 0.11520355399393349, 'lag_12': 0.4083125375582939, 'lag_13': 0.47753313501060424, 'lag_14': 0.29754462387552816, 'lag_15': 0.37508079083039575, 'lag_16': 0.7784565192859043, 'lag_17': 0.08666742108985567, 'lag_18': 0.7040403494212045, 'lag_19': 0.11049525212455055, 'lag_20': 0.8106846303354911, 'lag_21': 0.44197009422709427, 'lag_22': 0.9469493571182417, 'lag_23': 0.38117869833845475, 'lag_24': 0.24904848961005643, 'lag_25': 0.19036969844508414, 'lag_26': 0.16695409151982346, 'lag_27': 0.02260079567059924, 'lag_28': 0.3258874483811613}. Best is trial 52 with value: 0.010960479098595904.
[I 2025-09-29 12:54:05,537] Trial 92 finished with value: 0.011529839078538797 and parameters: {'lag_0': 0.5963556367187723, 'lag_1': 0.11207683531605855, 'lag_2': 0.5124708265101788, 'lag_3': 0.8531700110916853, 'lag_4': 0.45001548306454275, 'lag_5': 0.18041887776960502, 'lag_6': 0.08772360716625197, 'lag_7': 0.031424552095568645, 'lag_8': 0.0312533399058736, 'lag_9': 0.7806385644830834, 'lag_10': 0.2631212680530192, 'lag_11': 0.21067765025822138, 'lag_12': 0.5684286271096434, 'lag_13': 0.6282406687719639, 'lag_14': 0.14868478737467727, 'lag_15': 0.41506059338558676, 'lag_16': 0.6112186509335916, 'lag_17': 0.11196225251386618, 'lag_18': 0.8088224851826011, 'lag_19': 0.4148276900033374, 'lag_20': 0.9370825073320194, 'lag_21': 0.5817226185911863, 'lag_22': 0.9775928467768827, 'lag_23': 0.9212314602941839, 'lag_24': 0.18220952594522483, 'lag_25': 0.16141832416918178, 'lag_26': 0.21099544088314615, 'lag_27': 0.39938462106852, 'lag_28': 0.24503895254509245}. Best is trial 52 with value: 0.010960479098595904.
[I 2025-09-29 12:54:08,085] Trial 93 finished with value: 0.012017738437044432 and parameters: {'lag_0': 0.06148114189303645, 'lag_1': 0.994016366026127, 'lag_2': 0.4129416045604879, 'lag_3': 0.7081739681450958, 'lag_4': 0.3124541231486094, 'lag_5': 0.14635925285243317, 'lag_6': 0.01502035211623387, 'lag_7': 0.0016589352444037891, 'lag_8': 0.1379295624521658, 'lag_9': 0.9349067494583848, 'lag_10': 0.6330107337818772, 'lag_11': 0.15249655030995607, 'lag_12': 0.7404768023913254, 'lag_13': 0.43853219841140123, 'lag_14': 0.19342151667022967, 'lag_15': 0.27507790752982353, 'lag_16': 0.7108136248405639, 'lag_17': 0.30163216245002655, 'lag_18': 0.48618310575926804, 'lag_19': 0.14418930533565233, 'lag_20': 0.8576323973410316, 'lag_21': 0.49494696746182826, 'lag_22': 0.9006776402781496, 'lag_23': 0.5508057704990713, 'lag_24': 0.16486674072656252, 'lag_25': 0.1209779631268953, 'lag_26': 0.553172509366704, 'lag_27': 0.02570979090576481, 'lag_28': 0.286291070834815}. Best is trial 52 with value: 0.010960479098595904.
[I 2025-09-29 12:54:10,646] Trial 94 finished with value: 0.011924063094781535 and parameters: {'lag_0': 0.7284055252843807, 'lag_1': 0.8022856505622602, 'lag_2': 0.4734726863487242, 'lag_3': 0.7566719486689688, 'lag_4': 0.33915730520139437, 'lag_5': 0.08585608171247247, 'lag_6': 0.2726095142549648, 'lag_7': 0.1383916815729274, 'lag_8': 0.07283962697904996, 'lag_9': 0.9734413085517252, 'lag_10': 0.5849859660604659, 'lag_11': 0.04633504057117885, 'lag_12': 0.5882266524570577, 'lag_13': 0.8311991430405872, 'lag_14': 0.4256309922094977, 'lag_15': 0.3460036639461386, 'lag_16': 0.66743835142932, 'lag_17': 0.00311360674143929, 'lag_18': 0.6366586957764041, 'lag_19': 0.24899635367306908, 'lag_20': 0.9795209458247691, 'lag_21': 0.5286197165421037, 'lag_22': 0.5445371029029216, 'lag_23': 0.666242005262919, 'lag_24': 0.10311207729544061, 'lag_25': 0.22558396480928639, 'lag_26': 0.11432438284612081, 'lag_27': 0.16305854669932615, 'lag_28': 0.40344731973862114}. Best is trial 52 with value: 0.010960479098595904.
[I 2025-09-29 12:54:13,198] Trial 95 finished with value: 0.01180958892968298 and parameters: {'lag_0': 0.16130158455294064, 'lag_1': 0.02194874853758195, 'lag_2': 0.42843688539746105, 'lag_3': 0.6375711543241669, 'lag_4': 0.9031598739828115, 'lag_5': 0.11903935771979862, 'lag_6': 0.11671326519245839, 'lag_7': 0.3378052988138821, 'lag_8': 0.1865097461383962, 'lag_9': 0.7232416801777786, 'lag_10': 0.8621759011802713, 'lag_11': 0.5161484685753884, 'lag_12': 0.02376231882576646, 'lag_13': 0.2842150744827473, 'lag_14': 0.5314566765002284, 'lag_15': 0.13851501141908878, 'lag_16': 0.5477712503730011, 'lag_17': 0.18131010466219843, 'lag_18': 0.4566095060047879, 'lag_19': 0.7606787143748857, 'lag_20': 0.15515383287397796, 'lag_21': 0.6825459009516582, 'lag_22': 0.07268222802165264, 'lag_23': 0.951170173108066, 'lag_24': 0.06130764122403104, 'lag_25': 0.27959800011046654, 'lag_26': 0.8058863658510399, 'lag_27': 0.06048519192901282, 'lag_28': 0.22321940489536368}. Best is trial 52 with value: 0.010960479098595904.
[I 2025-09-29 12:54:15,749] Trial 96 finished with value: 0.011457566078704975 and parameters: {'lag_0': 0.791215769162081, 'lag_1': 0.9436402574098967, 'lag_2': 0.6230734902958703, 'lag_3': 0.569538758360432, 'lag_4': 0.2480996481191222, 'lag_5': 0.8195885016700191, 'lag_6': 0.8838703590556738, 'lag_7': 0.2865649448844957, 'lag_8': 0.2616724758015312, 'lag_9': 0.5174965696507086, 'lag_10': 0.3197441294245088, 'lag_11': 0.23488605587184005, 'lag_12': 0.9131069955477569, 'lag_13': 0.6956293330128666, 'lag_14': 0.3186266669831333, 'lag_15': 0.5252926228291593, 'lag_16': 0.3140515897226732, 'lag_17': 0.20566960229619466, 'lag_18': 0.5469617581469866, 'lag_19': 0.15711624968208465, 'lag_20': 0.05771308131880149, 'lag_21': 0.8217885668830669, 'lag_22': 0.9244157850761474, 'lag_23': 0.6010081944177664, 'lag_24': 0.5897597771616665, 'lag_25': 0.9255498398487622, 'lag_26': 0.07558811281629374, 'lag_27': 0.008713618714208046, 'lag_28': 0.35534063165905366}. Best is trial 52 with value: 0.010960479098595904.
[I 2025-09-29 12:54:18,298] Trial 97 finished with value: 0.011730150185576013 and parameters: {'lag_0': 0.43852740544886043, 'lag_1': 0.7708877794323494, 'lag_2': 0.3719078032061548, 'lag_3': 0.6705490568255775, 'lag_4': 0.5112247142277452, 'lag_5': 0.5866676721619194, 'lag_6': 0.14732912930850264, 'lag_7': 0.09746371234931811, 'lag_8': 0.22273138375249457, 'lag_9': 0.8383401074917582, 'lag_10': 0.3893162305690775, 'lag_11': 0.2873144843724955, 'lag_12': 0.445810347466868, 'lag_13': 0.4041052747362312, 'lag_14': 0.2143439519014148, 'lag_15': 0.45631959224940954, 'lag_16': 0.5765815577206999, 'lag_17': 0.5696503355833769, 'lag_18': 0.5908809260707872, 'lag_19': 0.4691437900614886, 'lag_20': 0.07396572782884207, 'lag_21': 0.3869084446795496, 'lag_22': 0.9445911761404258, 'lag_23': 0.8888347415418681, 'lag_24': 0.14460678643879996, 'lag_25': 0.06855208309111058, 'lag_26': 0.13732720004748375, 'lag_27': 0.4438477531566537, 'lag_28': 0.2605337394837283}. Best is trial 52 with value: 0.010960479098595904.
[I 2025-09-29 12:54:20,851] Trial 98 finished with value: 0.011587464580307192 and parameters: {'lag_0': 0.6423497997776761, 'lag_1': 0.8363163662705385, 'lag_2': 0.7323618888105478, 'lag_3': 0.8360428828587327, 'lag_4': 0.41078527500446094, 'lag_5': 0.5208713937356855, 'lag_6': 0.056652627678859896, 'lag_7': 0.20980528170353874, 'lag_8': 0.3178740107584759, 'lag_9': 0.8150779018257778, 'lag_10': 0.46715815098989755, 'lag_11': 0.01933058977610705, 'lag_12': 0.34475973812452687, 'lag_13': 0.36892096754611453, 'lag_14': 0.48990798213453796, 'lag_15': 0.5692906590377064, 'lag_16': 0.8311198560599646, 'lag_17': 0.12946030385395535, 'lag_18': 0.42881589643772, 'lag_19': 0.2043038817635773, 'lag_20': 0.8891601570522835, 'lag_21': 0.7792649069656399, 'lag_22': 0.8099097369466097, 'lag_23': 0.9887732660677985, 'lag_24': 0.10801004131835551, 'lag_25': 0.03496691085299783, 'lag_26': 0.28628216635733594, 'lag_27': 0.6204259674239775, 'lag_28': 0.29505530783213424}. Best is trial 52 with value: 0.010960479098595904.
[I 2025-09-29 12:54:23,523] Trial 99 finished with value: 0.011314906418500333 and parameters: {'lag_0': 0.49298780708417306, 'lag_1': 0.4185728096236821, 'lag_2': 0.3371851550975393, 'lag_3': 0.7308037211645492, 'lag_4': 0.37388402964365813, 'lag_5': 0.3283259479972322, 'lag_6': 0.19026189496435603, 'lag_7': 0.07977175674519899, 'lag_8': 0.09560163851794184, 'lag_9': 0.8905339229653446, 'lag_10': 0.7644374482028311, 'lag_11': 0.07365613335677137, 'lag_12': 0.3115255188418471, 'lag_13': 0.9079763801452663, 'lag_14': 0.3309005125921249, 'lag_15': 0.5460525513581326, 'lag_16': 0.5002864067515939, 'lag_17': 0.47410155566504386, 'lag_18': 0.6711761786496107, 'lag_19': 0.34348219814670994, 'lag_20': 0.10709649822741128, 'lag_21': 0.7480713563800552, 'lag_22': 0.8602143914593681, 'lag_23': 0.7651775179958427, 'lag_24': 0.2887546145345007, 'lag_25': 0.24175897617617834, 'lag_26': 0.2077340510729596, 'lag_27': 0.13715126848015657, 'lag_28': 0.12603040739927765}. Best is trial 52 with value: 0.010960479098595904.
[I 2025-09-29 12:54:23,536] A new study created in memory with name: no-name-ffd63bcb-aeef-448a-9dbe-2b626f181cb2
[I 2025-09-29 12:54:26,072] Trial 0 finished with value: 0.0062026862012995055 and parameters: {'lag_0': 0.6663580554123546, 'lag_1': 0.9035803442282576, 'lag_2': 0.18923059595737174, 'lag_3': 0.200084678287704, 'lag_4': 0.5332699751948051, 'lag_5': 0.3118544161849261, 'lag_6': 0.47417367915045405, 'lag_7': 0.9058696263879279, 'lag_8': 0.2841730857557916, 'lag_9': 0.43316385375793465, 'lag_10': 0.5196781415715003, 'lag_11': 0.9089290199253033, 'lag_12': 0.5876533720495759, 'lag_13': 0.5546036655459338, 'lag_14': 0.40440406799731, 'lag_15': 0.6784960096038815, 'lag_16': 0.9006066024718342, 'lag_17': 0.7230168325320588, 'lag_18': 0.4969953859415741, 'lag_19': 0.4917486224860835, 'lag_20': 0.5054275604745402, 'lag_21': 0.9320153406788116, 'lag_22': 0.20231241101245612, 'lag_23': 0.3414687343485416, 'lag_24': 0.0011050090359845865, 'lag_25': 0.08629919278278339, 'lag_26': 0.936363513735479, 'lag_27': 0.8227933488208502, 'lag_28': 0.6065590632083814}. Best is trial 0 with value: 0.0062026862012995055.
[I 2025-09-29 12:54:28,602] Trial 1 finished with value: 0.006996149159489376 and parameters: {'lag_0': 0.6060826291261825, 'lag_1': 0.686553872459167, 'lag_2': 0.3420393369539466, 'lag_3': 0.5805103152583331, 'lag_4': 0.5580230919932718, 'lag_5': 0.6848584288615852, 'lag_6': 0.6113270734726638, 'lag_7': 0.6814017996530064, 'lag_8': 0.07845124826528053, 'lag_9': 0.04701195946357309, 'lag_10': 0.6858888497834928, 'lag_11': 0.2102007573444354, 'lag_12': 0.19587676489507286, 'lag_13': 0.7982372601675745, 'lag_14': 0.3764615021079702, 'lag_15': 0.38180471710200087, 'lag_16': 0.17710487637256092, 'lag_17': 0.4354941921158935, 'lag_18': 0.719704742830909, 'lag_19': 0.7832600808643223, 'lag_20': 0.9165631792659753, 'lag_21': 0.14453665531223825, 'lag_22': 0.8299365157799871, 'lag_23': 0.9106392989859152, 'lag_24': 0.21197776422566456, 'lag_25': 0.24165528267923111, 'lag_26': 0.026975936541775377, 'lag_27': 0.6530635824627857, 'lag_28': 0.21224025717810624}. Best is trial 0 with value: 0.0062026862012995055.
[I 2025-09-29 12:54:31,134] Trial 2 finished with value: 0.00713824344128092 and parameters: {'lag_0': 0.662898157751014, 'lag_1': 0.8348356691259307, 'lag_2': 0.910786212577454, 'lag_3': 0.9240445229657548, 'lag_4': 0.9945964771480762, 'lag_5': 0.4565863938446217, 'lag_6': 0.6703868659131097, 'lag_7': 0.27649421390995693, 'lag_8': 0.7805444092306767, 'lag_9': 0.9890437222986743, 'lag_10': 0.6429191609094644, 'lag_11': 0.340747327385277, 'lag_12': 0.8085225581781238, 'lag_13': 0.5467085664319679, 'lag_14': 0.6877268207553501, 'lag_15': 0.04340998187697715, 'lag_16': 0.4459941768305658, 'lag_17': 0.5557018515437322, 'lag_18': 0.27341785052407547, 'lag_19': 0.5580383720440639, 'lag_20': 0.9110253667843949, 'lag_21': 0.042412905525892705, 'lag_22': 0.6764464187598279, 'lag_23': 0.8643113791090962, 'lag_24': 0.4712412234026466, 'lag_25': 0.45878245638167303, 'lag_26': 0.11766489150407433, 'lag_27': 0.9448544532242648, 'lag_28': 0.0398772466414929}. Best is trial 0 with value: 0.0062026862012995055.
