[I 2025-09-29 12:53:42,016] Trial 82 finished with value: 0.003586434847776129 and parameters: {'lag_0': 0.9698001959646741, 'lag_1': 0.03874497361254975, 'lag_2': 0.10815818959572193, 'lag_3': 0.5880882838009216, 'lag_4': 0.42765181230655747, 'lag_5': 0.09422051176669533, 'lag_6': 0.653283875183163, 'lag_7': 0.06970815867367668, 'lag_8': 0.47203667934473253, 'lag_9': 0.5048790272291827, 'lag_10': 0.0831232811561748, 'lag_11': 0.3761750061373289, 'lag_12': 0.5410294820527468, 'lag_13': 0.691572060739099, 'lag_14': 0.2307960049774707, 'lag_15': 0.4836251796610532, 'lag_16': 0.8766318541050417, 'lag_17': 0.19657743724374954, 'lag_18': 0.8976682570178259, 'lag_19': 0.3267763230216772, 'lag_20': 0.9355865471981035, 'lag_21': 0.481855316722432, 'lag_22': 0.23154423651371456, 'lag_23': 0.804660782425736, 'lag_24': 0.1909610157521212, 'lag_25': 0.4737658135326908, 'lag_26': 0.8198158590125425, 'lag_27': 0.07728859276153732, 'lag_28': 0.533757529830029}. Best is trial 72 with value: 0.0031295569798044064.
[I 2025-09-29 12:53:44,520] Trial 83 finished with value: 0.003382587039859522 and parameters: {'lag_0': 0.8676898851269593, 'lag_1': 0.06158738458935331, 'lag_2': 0.6211743371415217, 'lag_3': 0.6826733606626836, 'lag_4': 0.9621161514502097, 'lag_5': 0.1735390557563954, 'lag_6': 0.6194161700985574, 'lag_7': 0.031742601726106504, 'lag_8': 0.36836177517464097, 'lag_9': 0.22885862399044285, 'lag_10': 0.13733657475789182, 'lag_11': 0.2931211563036167, 'lag_12': 0.4615354214690985, 'lag_13': 0.8766721801955083, 'lag_14': 0.36026197669021676, 'lag_15': 0.40606728702344175, 'lag_16': 0.9758830278270407, 'lag_17': 0.060455771038871786, 'lag_18': 0.954120421138526, 'lag_19': 0.28599347066460856, 'lag_20': 0.9995750235329145, 'lag_21': 0.36199011261039526, 'lag_22': 0.6879027204911248, 'lag_23': 0.6949705528507087, 'lag_24': 0.10019590040588071, 'lag_25': 0.5114037104123259, 'lag_26': 0.6927388472126906, 'lag_27': 0.04395673397819448, 'lag_28': 0.053563724582222305}. Best is trial 72 with value: 0.0031295569798044064.
[I 2025-09-29 12:53:47,034] Trial 84 finished with value: 0.0034219926373771693 and parameters: {'lag_0': 0.9502825393353703, 'lag_1': 0.40468185164447734, 'lag_2': 0.22319529745980676, 'lag_3': 0.6380169134943607, 'lag_4': 0.32475886247273816, 'lag_5': 0.13346835779040633, 'lag_6': 0.700501084208031, 'lag_7': 0.09694428694478484, 'lag_8': 0.27832001677173973, 'lag_9': 0.30905029197774864, 'lag_10': 0.049560590607742955, 'lag_11': 0.409199289224476, 'lag_12': 0.4839200752087781, 'lag_13': 0.5153986405149542, 'lag_14': 0.25130740112503747, 'lag_15': 0.03991036565791806, 'lag_16': 0.4408438027642702, 'lag_17': 0.1243664756169992, 'lag_18': 0.834380927992044, 'lag_19': 0.41803454644077365, 'lag_20': 0.8097576012258446, 'lag_21': 0.41405884826812484, 'lag_22': 0.43115209645075986, 'lag_23': 0.4620809666740947, 'lag_24': 0.14878451107989138, 'lag_25': 0.40361695755931, 'lag_26': 0.8494412858439317, 'lag_27': 0.33256494608434956, 'lag_28': 0.2650762196507618}. Best is trial 72 with value: 0.0031295569798044064.
[I 2025-09-29 12:53:49,535] Trial 85 finished with value: 0.0032547445037259906 and parameters: {'lag_0': 0.928236834619707, 'lag_1': 0.02571069063374395, 'lag_2': 0.41192690947042215, 'lag_3': 0.7403227613428799, 'lag_4': 0.533110234152672, 'lag_5': 0.882317963042638, 'lag_6': 0.9345077923231356, 'lag_7': 0.1561574585547091, 'lag_8': 0.3090542495735932, 'lag_9': 0.39875027121830275, 'lag_10': 0.2554159412814404, 'lag_11': 0.10152435436460894, 'lag_12': 0.381465552039135, 'lag_13': 0.8405216934811219, 'lag_14': 0.16039959721139052, 'lag_15': 0.929353310875318, 'lag_16': 0.509425821547179, 'lag_17': 0.2401666995240029, 'lag_18': 0.9778239190106756, 'lag_19': 0.23745946733787993, 'lag_20': 0.9588334363201866, 'lag_21': 0.4725553066470414, 'lag_22': 0.6623218727486517, 'lag_23': 0.7423161201536489, 'lag_24': 0.16740122530712642, 'lag_25': 0.5508297553064303, 'lag_26': 0.7721714921457975, 'lag_27': 0.059586489930742115, 'lag_28': 0.4507574757287631}. Best is trial 72 with value: 0.0031295569798044064.
[I 2025-09-29 12:53:52,040] Trial 86 finished with value: 0.0034628909628971936 and parameters: {'lag_0': 0.9771154995870016, 'lag_1': 0.018996816189916076, 'lag_2': 0.31238746761629116, 'lag_3': 0.6078849782333953, 'lag_4': 0.5647094319515908, 'lag_5': 0.8836090666513811, 'lag_6': 0.9252104316214659, 'lag_7': 0.17376377655280226, 'lag_8': 0.3233550898486127, 'lag_9': 0.3503283478416195, 'lag_10': 0.16598698181215324, 'lag_11': 0.11071130498189583, 'lag_12': 0.6013352949401718, 'lag_13': 0.8303825460652267, 'lag_14': 0.1627252178936613, 'lag_15': 0.9152495137481832, 'lag_16': 0.510284542559569, 'lag_17': 0.25693550927223174, 'lag_18': 0.39896277031375527, 'lag_19': 0.3761059285744429, 'lag_20': 0.9558841681598556, 'lag_21': 0.46218041170524443, 'lag_22': 0.7471852450918832, 'lag_23': 0.7324809644004587, 'lag_24': 0.23475246372012648, 'lag_25': 0.2486348008149606, 'lag_26': 0.7766870413316339, 'lag_27': 0.11235712865808178, 'lag_28': 0.32391994304141974}. Best is trial 72 with value: 0.0031295569798044064.
[I 2025-09-29 12:53:54,547] Trial 87 finished with value: 0.003832749776897219 and parameters: {'lag_0': 0.8857902073506613, 'lag_1': 0.03153023197235296, 'lag_2': 0.40737286262045935, 'lag_3': 0.702569443139066, 'lag_4': 0.4529122602986788, 'lag_5': 0.45920477924185155, 'lag_6': 0.684413747912132, 'lag_7': 0.9765505658468334, 'lag_8': 0.2933202000496683, 'lag_9': 0.4045343622899906, 'lag_10': 0.24868348767647505, 'lag_11': 0.22497518975029096, 'lag_12': 0.540584382877399, 'lag_13': 0.5788314819029012, 'lag_14': 0.2810485444073496, 'lag_15': 0.9958609540198908, 'lag_16': 0.3929773713725803, 'lag_17': 0.23590132941667044, 'lag_18': 0.9982032442652996, 'lag_19': 0.23008114602124752, 'lag_20': 0.8916109075142252, 'lag_21': 0.5422755746932062, 'lag_22': 0.6557430744768202, 'lag_23': 0.6284769369474899, 'lag_24': 0.1696965133142389, 'lag_25': 0.6989793975938526, 'lag_26': 0.940380918874627, 'lag_27': 0.06064712575796512, 'lag_28': 0.4662967681275188}. Best is trial 72 with value: 0.0031295569798044064.
[I 2025-09-29 12:53:57,050] Trial 88 finished with value: 0.003463330502764644 and parameters: {'lag_0': 0.7657805068087848, 'lag_1': 0.08076155743647057, 'lag_2': 0.3037935856833563, 'lag_3': 0.7386968128076221, 'lag_4': 0.535175259861826, 'lag_5': 0.9606329278637212, 'lag_6': 0.6062687127495415, 'lag_7': 0.021503802389160345, 'lag_8': 0.1538183040912368, 'lag_9': 0.2881139235047286, 'lag_10': 0.3218159067658566, 'lag_11': 0.052552304039108766, 'lag_12': 0.7783405892575204, 'lag_13': 0.9648365050543806, 'lag_14': 0.19347764662263245, 'lag_15': 0.8440397653121837, 'lag_16': 0.5523399044068645, 'lag_17': 0.1767931651105129, 'lag_18': 0.9653516112646353, 'lag_19': 0.24105755683855862, 'lag_20': 0.6461891520080262, 'lag_21': 0.506002790326866, 'lag_22': 0.7288999896850747, 'lag_23': 0.70000313117383, 'lag_24': 0.06196596468536594, 'lag_25': 0.6639016181738417, 'lag_26': 0.7479416200214122, 'lag_27': 0.006828113381084532, 'lag_28': 0.4381530033943721}. Best is trial 72 with value: 0.0031295569798044064.
[I 2025-09-29 12:53:59,551] Trial 89 finished with value: 0.0032731733845542317 and parameters: {'lag_0': 0.9279713258917583, 'lag_1': 0.150310077026601, 'lag_2': 0.3254718040479284, 'lag_3': 0.4470397006807804, 'lag_4': 0.49202853068418606, 'lag_5': 0.8568421739023824, 'lag_6': 0.7232021090768818, 'lag_7': 0.23331783209024973, 'lag_8': 0.22825228958232524, 'lag_9': 0.4427941108972129, 'lag_10': 0.218708606294316, 'lag_11': 0.3208330346440472, 'lag_12': 0.15756563976032206, 'lag_13': 0.9194417071219386, 'lag_14': 0.14201337000522543, 'lag_15': 0.8060346228235153, 'lag_16': 0.28965506248654665, 'lag_17': 0.39896234798940855, 'lag_18': 0.9296648358097678, 'lag_19': 0.16964262438893826, 'lag_20': 0.6750730580350162, 'lag_21': 0.6031923194005342, 'lag_22': 0.5966348199336834, 'lag_23': 0.6789066693698846, 'lag_24': 0.21335072332345867, 'lag_25': 0.7975596531059246, 'lag_26': 0.8028937963947942, 'lag_27': 0.2281094916691064, 'lag_28': 0.49235552738577193}. Best is trial 72 with value: 0.0031295569798044064.
[I 2025-09-29 12:54:02,054] Trial 90 finished with value: 0.0033685465746475427 and parameters: {'lag_0': 0.9168186983832026, 'lag_1': 0.14180292052790358, 'lag_2': 0.32706690657615345, 'lag_3': 0.5295573936801125, 'lag_4': 0.4936122768661031, 'lag_5': 0.8522877210047822, 'lag_6': 0.7208553229857885, 'lag_7': 0.23493172634358725, 'lag_8': 0.3885219636872551, 'lag_9': 0.44940493838025275, 'lag_10': 0.2236249138936909, 'lag_11': 0.3117571434669923, 'lag_12': 0.15116401141679403, 'lag_13': 0.9284653852486698, 'lag_14': 0.10354495934626647, 'lag_15': 0.8877344340797406, 'lag_16': 0.32183757250820716, 'lag_17': 0.3988908381365232, 'lag_18': 0.9384721779177341, 'lag_19': 0.1208703108648537, 'lag_20': 0.6788952065494361, 'lag_21': 0.6421815578037422, 'lag_22': 0.6023033699877257, 'lag_23': 0.6768473829541146, 'lag_24': 0.12188801023027293, 'lag_25': 0.9709995312267371, 'lag_26': 0.8135441790874289, 'lag_27': 0.16331281758292313, 'lag_28': 0.4977010298352023}. Best is trial 72 with value: 0.0031295569798044064.
[I 2025-09-29 12:54:04,557] Trial 91 finished with value: 0.0032374310835570344 and parameters: {'lag_0': 0.9312066166285795, 'lag_1': 0.1568696508882276, 'lag_2': 0.3644400020743357, 'lag_3': 0.4478843488615669, 'lag_4': 0.5095870734586496, 'lag_5': 0.8991703852083895, 'lag_6': 0.6652863809304933, 'lag_7': 0.1377920652611885, 'lag_8': 0.23110087428897183, 'lag_9': 0.5024300050733583, 'lag_10': 0.18578929056284613, 'lag_11': 0.5466017493992132, 'lag_12': 0.3903095026412022, 'lag_13': 0.8025481960546944, 'lag_14': 0.13562951411806312, 'lag_15': 0.7641694921205998, 'lag_16': 0.2780092833298034, 'lag_17': 0.3588424027404928, 'lag_18': 0.898848656114783, 'lag_19': 0.03126620128110891, 'lag_20': 0.5641579893543065, 'lag_21': 0.5930940938058257, 'lag_22': 0.6664943370448141, 'lag_23': 0.5366925406899533, 'lag_24': 0.1647280484179278, 'lag_25': 0.8135658443645867, 'lag_26': 0.8970016340400836, 'lag_27': 0.20680021608741778, 'lag_28': 0.37841543343354284}. Best is trial 72 with value: 0.0031295569798044064.
[I 2025-09-29 12:54:07,061] Trial 92 finished with value: 0.0032682623738661343 and parameters: {'lag_0': 0.9288821651600224, 'lag_1': 0.16759062075005854, 'lag_2': 0.37650047629724986, 'lag_3': 0.49417303874158586, 'lag_4': 0.5843291424028717, 'lag_5': 0.9293711338548322, 'lag_6': 0.5996303997139715, 'lag_7': 0.15818635904131648, 'lag_8': 0.22826752305292558, 'lag_9': 0.557714999961948, 'lag_10': 0.18640772674385883, 'lag_11': 0.1520202267155112, 'lag_12': 0.4020637270080667, 'lag_13': 0.7956108632524439, 'lag_14': 0.23306315780874481, 'lag_15': 0.7859354295214142, 'lag_16': 0.13569370947972614, 'lag_17': 0.44919035749678415, 'lag_18': 0.9785197075430605, 'lag_19': 0.04017253640534765, 'lag_20': 0.76754829382199, 'lag_21': 0.5691429070825871, 'lag_22': 0.6756604062520758, 'lag_23': 0.7697111367569919, 'lag_24': 0.2085756529993168, 'lag_25': 0.7875625271654266, 'lag_26': 0.899559603422615, 'lag_27': 0.22866893381529407, 'lag_28': 0.38228998674087705}. Best is trial 72 with value: 0.0031295569798044064.
[I 2025-09-29 12:54:09,559] Trial 93 finished with value: 0.003755462460661053 and parameters: {'lag_0': 0.9329949440404353, 'lag_1': 0.16381017981620843, 'lag_2': 0.3812673558518986, 'lag_3': 0.4930238177602838, 'lag_4': 0.5926185512951317, 'lag_5': 0.9314341457694305, 'lag_6': 0.5233991656971482, 'lag_7': 0.1692294795815815, 'lag_8': 0.23424294627570086, 'lag_9': 0.5164984774195294, 'lag_10': 0.1814350499024932, 'lag_11': 0.17239879498807786, 'lag_12': 0.3884352661172986, 'lag_13': 0.8047852278859151, 'lag_14': 0.21984950317688165, 'lag_15': 0.7925509752786415, 'lag_16': 0.2637625731016904, 'lag_17': 0.4512936362721884, 'lag_18': 0.016393918459098322, 'lag_19': 0.022051115087295174, 'lag_20': 0.7567517361174876, 'lag_21': 0.5956061585371374, 'lag_22': 0.6670303195211749, 'lag_23': 0.7644797070628104, 'lag_24': 0.2131406693129896, 'lag_25': 0.8021426998679303, 'lag_26': 0.8751514011678724, 'lag_27': 0.23917814734131204, 'lag_28': 0.36702223802154604}. Best is trial 72 with value: 0.0031295569798044064.
[I 2025-09-29 12:54:12,065] Trial 94 finished with value: 0.004219952654707163 and parameters: {'lag_0': 0.9105617871702345, 'lag_1': 0.09464169283589036, 'lag_2': 0.3431181893470631, 'lag_3': 0.34199883046108526, 'lag_4': 0.5701483551385937, 'lag_5': 0.9031222967390073, 'lag_6': 0.6515660736917411, 'lag_7': 0.20833354661152048, 'lag_8': 0.2638790458074921, 'lag_9': 0.5615910174066361, 'lag_10': 0.14981624232981605, 'lag_11': 0.5313836482406238, 'lag_12': 0.36698634661946855, 'lag_13': 0.8537580536840064, 'lag_14': 0.1825475984847933, 'lag_15': 0.7604917943401284, 'lag_16': 0.23997597769710488, 'lag_17': 0.3731603578275943, 'lag_18': 0.9783887793382596, 'lag_19': 0.059192982485342854, 'lag_20': 0.7094532725093015, 'lag_21': 0.5657068445123293, 'lag_22': 0.7568590883968688, 'lag_23': 0.684493361497448, 'lag_24': 0.25055512885392367, 'lag_25': 0.7807379487873387, 'lag_26': 0.9029046606608633, 'lag_27': 0.12881759172565543, 'lag_28': 0.32711325032469984}. Best is trial 72 with value: 0.0031295569798044064.
[I 2025-09-29 12:54:14,559] Trial 95 finished with value: 0.003472953359774372 and parameters: {'lag_0': 0.9811744899055633, 'lag_1': 0.22287493624126398, 'lag_2': 0.2819847613080502, 'lag_3': 0.4206460771909667, 'lag_4': 0.6468691015975878, 'lag_5': 0.8635538628005168, 'lag_6': 0.5530871965095229, 'lag_7': 0.27210942116232406, 'lag_8': 0.19903536713779382, 'lag_9': 0.4921487329947355, 'lag_10': 0.25792064582163843, 'lag_11': 0.15608687438789626, 'lag_12': 0.3279263202740884, 'lag_13': 0.7767614855267603, 'lag_14': 0.053536848734581005, 'lag_15': 0.7207603647092071, 'lag_16': 0.12034869274471524, 'lag_17': 0.4805966670695898, 'lag_18': 0.9462293506884514, 'lag_19': 0.04837396263942878, 'lag_20': 0.6723461956154321, 'lag_21': 0.5973356850265362, 'lag_22': 0.6397174010279771, 'lag_23': 0.7183457616543624, 'lag_24': 0.28022024816294056, 'lag_25': 0.8540353482728678, 'lag_26': 0.8472608344725692, 'lag_27': 0.02842237340844368, 'lag_28': 0.38326765840471094}. Best is trial 72 with value: 0.0031295569798044064.
[I 2025-09-29 12:54:17,070] Trial 96 finished with value: 0.0033181222475131096 and parameters: {'lag_0': 0.8511887130098302, 'lag_1': 0.1493225229003099, 'lag_2': 0.4259818184763246, 'lag_3': 0.5500332949418821, 'lag_4': 0.5031498264857224, 'lag_5': 0.9500913713348286, 'lag_6': 0.5895879734743763, 'lag_7': 0.15564129332326634, 'lag_8': 0.2983278698819284, 'lag_9': 0.46996279103967686, 'lag_10': 0.20352392598616756, 'lag_11': 0.26203211230766604, 'lag_12': 0.2741752230533817, 'lag_13': 0.8877732004836429, 'lag_14': 0.14915318912579606, 'lag_15': 0.8162257524714441, 'lag_16': 0.1451273885644414, 'lag_17': 0.5018577976841512, 'lag_18': 0.9020664494747422, 'lag_19': 0.17421076610513747, 'lag_20': 0.6066772517336553, 'lag_21': 0.42972330901438394, 'lag_22': 0.5853768354562294, 'lag_23': 0.8367272752504504, 'lag_24': 0.1665093861006764, 'lag_25': 0.8299029664516828, 'lag_26': 0.7866307869438877, 'lag_27': 0.07939708062444402, 'lag_28': 0.41126254029409154}. Best is trial 72 with value: 0.0031295569798044064.
[I 2025-09-29 12:54:19,577] Trial 97 finished with value: 0.0032113098458824126 and parameters: {'lag_0': 0.8836099081056773, 'lag_1': 0.06707434414481978, 'lag_2': 0.35207625982221846, 'lag_3': 0.472230022023963, 'lag_4': 0.5987966274511186, 'lag_5': 0.8923498345303991, 'lag_6': 0.7355896648223403, 'lag_7': 0.12981842542707644, 'lag_8': 0.2519833050669827, 'lag_9': 0.4291926575630838, 'lag_10': 0.1001115987777665, 'lag_11': 0.052051984559462416, 'lag_12': 0.4248612326467348, 'lag_13': 0.7348133474939029, 'lag_14': 0.23286093622913115, 'lag_15': 0.9450982822544052, 'lag_16': 0.09318508512200954, 'lag_17': 0.41265802271682284, 'lag_18': 0.979411633500629, 'lag_19': 0.0021480960804952307, 'lag_20': 0.6904521850189761, 'lag_21': 0.5531262895047339, 'lag_22': 0.7162476537991393, 'lag_23': 0.7891915644285711, 'lag_24': 0.20568853172837767, 'lag_25': 0.8049979192505441, 'lag_26': 0.9756335336640696, 'lag_27': 0.15563869005649, 'lag_28': 0.45537359617990397}. Best is trial 72 with value: 0.0031295569798044064.
[I 2025-09-29 12:54:22,221] Trial 98 finished with value: 0.003587396049878469 and parameters: {'lag_0': 0.8318285629623623, 'lag_1': 0.0617875675324749, 'lag_2': 0.35933082366574287, 'lag_3': 0.4851015344092704, 'lag_4': 0.5378331523726113, 'lag_5': 0.9183527423425363, 'lag_6': 0.6798099993893828, 'lag_7': 0.10181596646407462, 'lag_8': 0.21067215711181883, 'lag_9': 0.44076412384028274, 'lag_10': 0.09813694369953353, 'lag_11': 0.056363741501312334, 'lag_12': 0.40254772546117984, 'lag_13': 0.6604940647874431, 'lag_14': 0.028305647822067168, 'lag_15': 0.9452146168517281, 'lag_16': 0.04769000212688779, 'lag_17': 0.4129237034889976, 'lag_18': 0.9798512830663116, 'lag_19': 0.0021237095518268825, 'lag_20': 0.782891833937202, 'lag_21': 0.5451030381404611, 'lag_22': 0.6867048424254232, 'lag_23': 0.7828951716918893, 'lag_24': 0.3225560655686155, 'lag_25': 0.7391492623169734, 'lag_26': 0.9752119559075926, 'lag_27': 0.1477403324660238, 'lag_28': 0.44371297127321324}. Best is trial 72 with value: 0.0031295569798044064.
[I 2025-09-29 12:54:24,741] Trial 99 finished with value: 0.003872495749651038 and parameters: {'lag_0': 0.8885519874206464, 'lag_1': 0.10857559395002803, 'lag_2': 0.2479134728710402, 'lag_3': 0.45387604216722766, 'lag_4': 0.5977125251449917, 'lag_5': 0.9890636091652054, 'lag_6': 0.4975219335096379, 'lag_7': 0.0654528560803839, 'lag_8': 0.25511375092530575, 'lag_9': 0.42676231265953474, 'lag_10': 0.12742594334413476, 'lag_11': 0.09971153917864055, 'lag_12': 0.433888210973195, 'lag_13': 0.7321320263518604, 'lag_14': 0.07746335604496392, 'lag_15': 0.9388960126384492, 'lag_16': 0.19388727278145235, 'lag_17': 0.45129681211534894, 'lag_18': 0.9309718608807188, 'lag_19': 0.12903714211619188, 'lag_20': 0.7360121912233957, 'lag_21': 0.6776374497874986, 'lag_22': 0.8436600855721931, 'lag_23': 0.8099937413961554, 'lag_24': 0.21367615643529525, 'lag_25': 0.7631135659011566, 'lag_26': 0.9378985154071015, 'lag_27': 0.10003560692019176, 'lag_28': 0.49059348670447833}. Best is trial 72 with value: 0.0031295569798044064.
[I 2025-09-29 12:54:24,755] A new study created in memory with name: no-name-4af345fa-7ce9-485b-a23f-50e8b9e80c1e
[I 2025-09-29 12:54:27,203] Trial 0 finished with value: 0.005451289496209872 and parameters: {'lag_0': 0.8748779700424104, 'lag_1': 0.7928058348419991, 'lag_2': 0.44638545095815446, 'lag_3': 0.8619216372464262, 'lag_4': 0.6933020559151886, 'lag_5': 0.17994781168232374, 'lag_6': 0.13071018525079375, 'lag_7': 0.5538164910379997, 'lag_8': 0.3502871739871901, 'lag_9': 0.6214338662870502, 'lag_10': 0.617380303867347, 'lag_11': 0.5430644514327077, 'lag_12': 0.7241741866211333, 'lag_13': 0.2272144112701487, 'lag_14': 0.019834900887646924, 'lag_15': 0.7797224069033533, 'lag_16': 0.39441929005785376, 'lag_17': 0.4278664662942128, 'lag_18': 0.4225967403583573, 'lag_19': 0.8841229573915699, 'lag_20': 0.021346668286476467, 'lag_21': 0.8683153660255506, 'lag_22': 0.8498323372972403, 'lag_23': 0.9002173501590203, 'lag_24': 0.16727683594595447, 'lag_25': 0.7392646286157079, 'lag_26': 0.327165414416586, 'lag_27': 0.2688863745548249, 'lag_28': 0.6898085957719866}. Best is trial 0 with value: 0.005451289496209872.
[I 2025-09-29 12:54:29,650] Trial 1 finished with value: 0.005428976090683256 and parameters: {'lag_0': 0.7475864497803328, 'lag_1': 0.48263459174205264, 'lag_2': 0.10624294448639478, 'lag_3': 0.6749171852481933, 'lag_4': 0.8780120124251611, 'lag_5': 0.7657047464840802, 'lag_6': 0.1501929505255819, 'lag_7': 0.5392602363275433, 'lag_8': 0.48545577750509444, 'lag_9': 0.10431798760597623, 'lag_10': 0.8646383724237139, 'lag_11': 0.9771924923381236, 'lag_12': 0.18915904255942728, 'lag_13': 0.8691592322798452, 'lag_14': 0.15448837530187037, 'lag_15': 0.941788748800277, 'lag_16': 0.9850861969477755, 'lag_17': 0.6806095180389269, 'lag_18': 0.9811479255987391, 'lag_19': 0.8240929580450981, 'lag_20': 0.7375361633437452, 'lag_21': 0.8002812028025865, 'lag_22': 0.0844944483786964, 'lag_23': 0.7118939770593904, 'lag_24': 0.744811578275468, 'lag_25': 0.5105624885887786, 'lag_26': 0.7360103552831849, 'lag_27': 0.9495664368875948, 'lag_28': 0.3413139438804997}. Best is trial 1 with value: 0.005428976090683256.
[I 2025-09-29 12:54:32,101] Trial 2 finished with value: 0.005441042587981842 and parameters: {'lag_0': 0.8462979357302973, 'lag_1': 0.8172709548091227, 'lag_2': 0.8508111572259404, 'lag_3': 0.1296308495785275, 'lag_4': 0.6729719263590505, 'lag_5': 0.39509793187696723, 'lag_6': 0.8269236894598916, 'lag_7': 0.2289895418676609, 'lag_8': 0.6427852605933624, 'lag_9': 0.24948361412680592, 'lag_10': 0.3117132335759428, 'lag_11': 0.1403603469434839, 'lag_12': 0.282013920063117, 'lag_13': 0.9821009895533195, 'lag_14': 0.5976492449151078, 'lag_15': 0.41161313579491277, 'lag_16': 0.9602384008138587, 'lag_17': 0.059436493944855576, 'lag_18': 0.09370055392213023, 'lag_19': 0.8418857045209253, 'lag_20': 0.6961386584956889, 'lag_21': 0.02924696854802247, 'lag_22': 0.6319235460063355, 'lag_23': 0.6898210500705281, 'lag_24': 0.6750607104224855, 'lag_25': 0.8068932714555789, 'lag_26': 0.45077770008419926, 'lag_27': 0.25716548632892516, 'lag_28': 0.579436823168845}. Best is trial 1 with value: 0.005428976090683256.
