[I 2025-10-03 11:35:38,774] Trial 3 finished with values: [0.005404230579055754, 0.001996854205429255, 0.002060588249083727, 0.004152901881966607, 0.0015004833455703188, 0.0012251626176016477, 0.0023896814823684163, 0.00022964003235733497, 0.0003368999884911513, 0.0003002525544083108, 0.0006382988532532092, 0.0028234692559036953, 0.0052976666646457815, 0.009677685047752056, 0.0, 0.12983734334790625, 0.00023884663223456976, 0.006359416452555516, 0.0057426197662348135, 0.0012823073113771935, 0.00231436282057741, 0.012168452563389201, 0.0014975986569499978, 0.0024836695239832418, 0.004601370048416284, 0.004691051712910315, 0.0005119790359838375, 0.002507313773202805, 0.0028685621232271254] and parameters: {'lag_0': 0.7784537321199874, 'lag_1': 0.7249672156234248, 'lag_2': 0.0034388739940831247, 'lag_3': 0.13469434879950898, 'lag_4': 0.6008664249208033, 'lag_5': 0.6216542958405049, 'lag_6': 0.7440163814920836, 'lag_7': 0.6149852008438068, 'lag_8': 0.4273931763269843, 'lag_9': 0.10668954789648218, 'lag_10': 0.9600319516284126, 'lag_11': 0.009652131984541066, 'lag_12': 0.9539808662835463, 'lag_13': 0.5419082457247577, 'lag_14': 0.6137108998086872, 'lag_15': 0.9071492303483614, 'lag_16': 0.6672178327889445, 'lag_17': 0.23622979907044317, 'lag_18': 0.7956791660101089, 'lag_19': 0.8168136971314217, 'lag_20': 0.9190727664477972, 'lag_21': 0.9918915593606293, 'lag_22': 0.7660883436607154, 'lag_23': 0.6267428544471542, 'lag_24': 0.8067100055494965, 'lag_25': 0.3588538564184955, 'lag_26': 0.9965022123884328, 'lag_27': 0.866035102903117, 'lag_28': 0.047285345576645724}.
[I 2025-10-03 11:35:41,384] Trial 4 finished with values: [0.003994385013366032, 0.0038357076545367, 0.003594114904983392, 0.002536759222597063, 0.0011580206224089719, 0.00038249002748245726, 0.0017833240259613535, 0.0007173441939913152, 0.0004667144785803192, 0.0008586719081124879, 0.0007193881188351746, 0.0027492808165568926, 0.004668587947052045, 0.008040111316833114, 0.0, 0.1277082980296877, 0.00020344457851618399, 0.005809903736198327, 0.005803444284671061, 0.0009882342324906812, 0.0018157336941320903, 0.012834432117403996, 0.0011954288865778698, 0.0030520858957095377, 0.004523999917498864, 0.006610531670528663, 0.00010786934463674286, 0.0037558457519093176, 0.00210663719904284] and parameters: {'lag_0': 0.9958501571687207, 'lag_1': 0.8839535168926596, 'lag_2': 0.8041167398178133, 'lag_3': 0.14423990982851126, 'lag_4': 0.6326754192951214, 'lag_5': 0.1703781244076319, 'lag_6': 0.7901295774508127, 'lag_7': 0.7657537704196942, 'lag_8': 0.053068955601136406, 'lag_9': 0.3085310298390545, 'lag_10': 0.2835312113787768, 'lag_11': 0.16605837767527704, 'lag_12': 0.351747620779374, 'lag_13': 0.21324648685729938, 'lag_14': 0.7316812005559996, 'lag_15': 0.4590611083540365, 'lag_16': 0.29639479623343856, 'lag_17': 0.624956947897442, 'lag_18': 0.39704249971691075, 'lag_19': 0.9476168358923246, 'lag_20': 0.15991313727383902, 'lag_21': 0.47772807149499863, 'lag_22': 0.9010190214385729, 'lag_23': 0.8717860748612859, 'lag_24': 0.07204320058036967, 'lag_25': 0.5925284378404818, 'lag_26': 0.4150393830338765, 'lag_27': 0.6611638526043393, 'lag_28': 0.2627681209803239}.
[I 2025-10-03 11:35:43,997] Trial 5 finished with values: [0.002746790117419489, 0.003879970074704015, 0.0013967454061825759, 0.0013168527907944775, 0.0004672442709626577, 0.00026142489914415064, 0.0023612704122791513, 0.00016876284679039852, 0.00031429027224617526, 0.0005123279234761659, 0.0002823916014982138, 0.0022209303336641686, 0.0038754916423835045, 0.009176222288105851, 0.0, 0.1216993192128338, 0.00038359112477951785, 0.006500339734732333, 0.005456299437317415, 0.0011023017634214382, 0.001999099976661682, 0.013435571029532734, 0.00136616965833191, 0.0021693349986106913, 0.00428898898245088, 0.006417344675643638, 0.0001522724471197728, 0.0018444305526104966, 0.001056740186350193] and parameters: {'lag_0': 0.7653629619050281, 'lag_1': 0.18622663666250033, 'lag_2': 0.8344079419569872, 'lag_3': 0.7529858958616589, 'lag_4': 0.7853612852572661, 'lag_5': 0.5524633636156872, 'lag_6': 0.33128461439616863, 'lag_7': 0.22885127266619565, 'lag_8': 0.4151491686865632, 'lag_9': 0.030392220557114418, 'lag_10': 0.7742234452348005, 'lag_11': 0.6164601727665415, 'lag_12': 0.805148657359082, 'lag_13': 0.5536549736047736, 'lag_14': 0.9185547260413836, 'lag_15': 0.22910499512658378, 'lag_16': 0.9586493081760988, 'lag_17': 0.9560511844728282, 'lag_18': 0.8178070600889595, 'lag_19': 0.46663851785029126, 'lag_20': 0.26525461653190474, 'lag_21': 0.86244109102999, 'lag_22': 0.6523733808344515, 'lag_23': 0.9986274756621215, 'lag_24': 0.26621503600181873, 'lag_25': 0.17226449736184657, 'lag_26': 0.30056465603096044, 'lag_27': 0.19454688473473042, 'lag_28': 0.7171217374967799}.
[I 2025-10-03 11:35:46,608] Trial 6 finished with values: [0.0006574621959237343, 0.0038311194561100144, 0.0005387931731453159, 0.0020618187018883226, 0.000418587778390181, 0.0005991392906263911, 0.002823143202618385, 0.0002394426918554308, 0.000399101031683102, 0.0003413528587191877, 0.0005279196431911729, 0.0028109350764620156, 0.005197615249182246, 0.009879210644326493, 0.0, 0.12696229136602036, 0.0004081106689686545, 0.005713422361938628, 0.0067675705646768804, 0.0008786324860524332, 0.0018606556623827052, 0.013434387535270964, 0.0012521630080594287, 0.0021545699826769835, 0.004420465386747253, 0.004171085546087532, 0.00024374314805063738, 0.0020361550268869323, 0.002257524332953364] and parameters: {'lag_0': 0.13587352732871172, 'lag_1': 0.939089181637251, 'lag_2': 0.6605502685186324, 'lag_3': 0.6296727125135161, 'lag_4': 0.5545802993642412, 'lag_5': 0.9585534254331354, 'lag_6': 0.17258881017160999, 'lag_7': 0.3134392008707112, 'lag_8': 0.8433786043009993, 'lag_9': 0.130580400943463, 'lag_10': 0.6130606572260542, 'lag_11': 0.0006819236828585006, 'lag_12': 0.2504316136032377, 'lag_13': 0.010468514921618693, 'lag_14': 0.49310151998595875, 'lag_15': 0.9375858861324623, 'lag_16': 0.6192326993531251, 'lag_17': 0.9067460219689617, 'lag_18': 0.4081617150337808, 'lag_19': 0.2908427948301642, 'lag_20': 0.15082623103795884, 'lag_21': 0.9791419363249695, 'lag_22': 0.0901979109134346, 'lag_23': 0.5894960707982457, 'lag_24': 0.7322638351667129, 'lag_25': 0.6622955477984405, 'lag_26': 0.0405441731671004, 'lag_27': 0.6425885194945814, 'lag_28': 0.007986027343903798}.
[I 2025-10-03 11:35:49,215] Trial 7 finished with values: [0.024936308349769884, 0.0020702573221025936, 0.0018326056993994678, 0.0025941054090060727, 0.0007771148850246748, 7.490489040075486e-05, 0.0018192000557119927, 0.0003061333161790366, 0.0005698650540554651, 0.001300759665704475, 0.0005126323251655465, 0.0026903602234228294, 0.003807804606996349, 0.007833152764894378, 0.0, 0.12851443143919744, 0.00027410311807804256, 0.005729051385846076, 0.005854693028381615, 0.0009051134959809637, 0.0017525929061538586, 0.012936146487409785, 0.0016281764987568844, 0.002891386554562979, 0.003495781564382092, 0.004840552698950887, 0.0004604774400362085, 0.0018994694985801394, 0.00280066676364076] and parameters: {'lag_0': 0.6659434845139599, 'lag_1': 0.183287969461995, 'lag_2': 0.10242139598647534, 'lag_3': 0.4864938466007225, 'lag_4': 0.9323272626259358, 'lag_5': 0.5556048991096281, 'lag_6': 0.0038462956353369077, 'lag_7': 0.17973486035560446, 'lag_8': 0.15276521841606355, 'lag_9': 0.9398353383834216, 'lag_10': 0.24310128325480615, 'lag_11': 0.29348397517551467, 'lag_12': 0.032526461694940716, 'lag_13': 0.7020108531285251, 'lag_14': 0.5549525762304016, 'lag_15': 0.3647428736992495, 'lag_16': 0.6136644980785537, 'lag_17': 0.7859818296263823, 'lag_18': 0.9344615432875434, 'lag_19': 0.6189291581432236, 'lag_20': 0.2676951516022414, 'lag_21': 0.1184336853745987, 'lag_22': 0.35436899921258436, 'lag_23': 0.9300883639524506, 'lag_24': 0.21661579606473658, 'lag_25': 0.6085827276649708, 'lag_26': 0.9451732446130925, 'lag_27': 0.7936557301154961, 'lag_28': 0.6657230008001744}.
[I 2025-10-03 11:35:51,825] Trial 8 finished with values: [0.01974269244186826, 0.002444842740532375, 0.0013171316816163127, 0.0019076104244014059, 0.0009240200763355209, 0.0002693996513263396, 0.0027727787180165373, 0.0002255863774502315, 0.0006330830965092026, 0.0006033842436605223, 0.001030543768277316, 0.0023273144578383623, 0.003707772633493686, 0.010223297943390917, 0.0, 0.12158758934882245, 0.0002482383372450549, 0.005480247505450323, 0.005999551625724238, 0.0008467752124138754, 0.0021180743347252715, 0.012659414057019735, 0.0017206165535980419, 0.0029615932375447224, 0.0044908658996282245, 0.004455998833182094, 8.785801784107408e-05, 0.0019199375008894907, 0.0025186612566257902] and parameters: {'lag_0': 0.12750226842263337, 'lag_1': 0.9160998316770583, 'lag_2': 0.3907641663058809, 'lag_3': 0.33362293655944664, 'lag_4': 0.48990399485357633, 'lag_5': 0.809067721751675, 'lag_6': 0.5235248449784685, 'lag_7': 0.8704938112754098, 'lag_8': 0.4262093386977126, 'lag_9': 0.6084248569219168, 'lag_10': 0.5886935694568433, 'lag_11': 0.6536350449812428, 'lag_12': 0.09059071760415836, 'lag_13': 0.19514511532838938, 'lag_14': 0.9877932049617256, 'lag_15': 0.8938896015126663, 'lag_16': 0.26389291753357275, 'lag_17': 0.15613830755745828, 'lag_18': 0.3013465344234306, 'lag_19': 0.7956852505336285, 'lag_20': 0.6086732196340899, 'lag_21': 0.17090521690912155, 'lag_22': 0.10618462510301878, 'lag_23': 0.17374205326920614, 'lag_24': 0.9661068335690213, 'lag_25': 0.7282379052394403, 'lag_26': 0.8687856767571446, 'lag_27': 0.6361486522392299, 'lag_28': 0.6635801544576072}.
[I 2025-10-03 11:35:54,434] Trial 9 finished with values: [0.0033266717742242227, 0.004354439834753464, 0.0011161994563484389, 0.003919167269764089, 0.00016130040560017456, 0.00033583384985182255, 0.0014003397581903742, 0.0010798547385301727, 0.0004499670087875363, 0.000739317313343447, 0.000638462837963251, 0.002846219803537259, 0.002998645558130253, 0.008573286794601662, 0.0, 0.13124871429157617, 0.0003538626694964721, 0.005360929476670992, 0.005939178442659732, 0.0008185780591909054, 0.0015368208588444783, 0.013591111695141633, 0.0011840484212726782, 0.0032130012872097317, 0.004605256488450558, 0.0055967904173615775, 0.0003150923256661702, 0.0031638831011480935, 0.0022506725825458783] and parameters: {'lag_0': 0.49028183210078413, 'lag_1': 0.0032016606633667533, 'lag_2': 0.713930715642363, 'lag_3': 0.6415393117588785, 'lag_4': 0.7179150199017393, 'lag_5': 0.7288688811262569, 'lag_6': 0.8520269185870734, 'lag_7': 0.251028956519547, 'lag_8': 0.7315735680207426, 'lag_9': 0.2069109489959578, 'lag_10': 0.641264104693392, 'lag_11': 0.636074608163337, 'lag_12': 0.16500113247759876, 'lag_13': 0.8461098690050584, 'lag_14': 0.8959840320657474, 'lag_15': 0.5507603397705884, 'lag_16': 0.1258938879608014, 'lag_17': 0.11549458177960911, 'lag_18': 0.07046070994360279, 'lag_19': 0.7951834252872951, 'lag_20': 0.32142348298477974, 'lag_21': 0.24355245697717956, 'lag_22': 0.07520200900778674, 'lag_23': 0.5118596100770045, 'lag_24': 0.28443492719527524, 'lag_25': 0.9769997185216805, 'lag_26': 0.6552979294710182, 'lag_27': 0.2798266439921213, 'lag_28': 0.6526452940970572}.
[I 2025-10-03 11:35:57,188] Trial 10 finished with values: [0.0006574621959237343, 0.0018300377744143697, 0.0011729453192579312, 0.002456193786798432, 0.0008578541554496328, 0.0010851477852750588, 0.0020533022342002724, 0.00037137028789059926, 0.00012440042183325825, 0.00043606302835393925, 0.0005233481696527134, 0.0028582036633759975, 0.002527021560424195, 0.010219530065740124, 0.0, 0.11164910395461827, 0.00014077526495172966, 0.005213611191194993, 0.005221930195297297, 0.0008667872433926292, 0.0017927471388914813, 0.01344510151389218, 0.0012107015570476463, 0.0026852998584358024, 0.0038260328471384, 0.0037533241069967866, 0.00012433502765351882, 0.0015013444894776266, 0.0017053045756282505] and parameters: {'lag_0': 0.9701023379825477, 'lag_1': 0.9052930039562043, 'lag_2': 0.19109257387412745, 'lag_3': 0.07463455209207523, 'lag_4': 0.061550590632246494, 'lag_5': 0.6958363588241809, 'lag_6': 0.6286685841319479, 'lag_7': 0.13591665817033977, 'lag_8': 0.15818028699123132, 'lag_9': 0.18248570616695678, 'lag_10': 0.9758426112576515, 'lag_11': 0.5470107361904387, 'lag_12': 0.18127384464311222, 'lag_13': 0.9355018681068296, 'lag_14': 0.839299885858376, 'lag_15': 0.8526767705055139, 'lag_16': 0.010685460721459466, 'lag_17': 0.1306996249597864, 'lag_18': 0.7939610514603626, 'lag_19': 0.40762090116650607, 'lag_20': 0.8136016761214729, 'lag_21': 0.28825686049348065, 'lag_22': 0.9745379257564482, 'lag_23': 0.7474624057809278, 'lag_24': 0.4448776841706473, 'lag_25': 0.39819455651768304, 'lag_26': 0.9209484473407044, 'lag_27': 0.2595432230153423, 'lag_28': 0.03949110759548661}.
[I 2025-10-03 11:35:59,808] Trial 11 finished with values: [0.0006574621959237343, 0.000644733524338309, 0.001933214356356781, 0.00503942170230222, 0.0012253996991059676, 0.0007368210942409439, 0.004293525924754635, 0.00019626221962600006, 0.0001558138480724953, 0.0003237003217076948, 0.0003276951186056296, 0.0025637485672594246, 0.004015660358318621, 0.008736329827197914, 0.0, 0.13235707709630934, 0.0004187147875669172, 0.006703181260006029, 0.005913302414578936, 0.0008757624291441673, 0.0018731759719270344, 0.012610321819574805, 0.001004765488536685, 0.0028161011332321416, 0.004951871166164692, 0.005720944063776697, 0.00016481036126837293, 0.001841372441341161, 0.0019950141882500065] and parameters: {'lag_0': 0.37034074399191436, 'lag_1': 0.5667818151183309, 'lag_2': 0.7594391439921763, 'lag_3': 0.09615583651493974, 'lag_4': 0.5102983996380194, 'lag_5': 0.22844379401188653, 'lag_6': 0.06501563757134365, 'lag_7': 0.282729157444062, 'lag_8': 0.10110054644613961, 'lag_9': 0.40842123158865884, 'lag_10': 0.6641468147327658, 'lag_11': 0.7488849719033099, 'lag_12': 0.18544079822828308, 'lag_13': 0.524063876540807, 'lag_14': 0.5224676285510927, 'lag_15': 0.3971361593799982, 'lag_16': 0.5349315067985824, 'lag_17': 0.5793120471515172, 'lag_18': 0.45046181943564567, 'lag_19': 0.8579536168546825, 'lag_20': 0.865549079102637, 'lag_21': 0.05353024677192408, 'lag_22': 0.8262441865957535, 'lag_23': 0.29717748539212907, 'lag_24': 0.5811537741851254, 'lag_25': 0.5655844094525909, 'lag_26': 0.30077065914265416, 'lag_27': 0.1509666657487604, 'lag_28': 0.22915629998142312}.
[I 2025-10-03 11:36:02,424] Trial 12 finished with values: [0.002521184892979765, 0.0013126437212070124, 0.0023056973269951885, 0.004450377213473368, 0.0006600708613582097, 0.0007961243311053031, 0.0016804003291795346, 8.947830123437567e-05, 0.0005316738761797872, 0.00033589107158788037, 0.0004111999729852829, 0.0029188663799656583, 0.004639617111057402, 0.009728773564040245, 0.0, 0.12837228948025597, 0.00040647174644206006, 0.005761317730419952, 0.005772764835940362, 0.0015420972425679864, 0.001288554592770099, 0.013428897432416365, 0.0014800788874740714, 0.002295329493054535, 0.0028764830519899575, 0.005924959400739468, 0.00010126338276745751, 0.0023408116917543525, 0.002059754344396864] and parameters: {'lag_0': 0.0614813716642494, 'lag_1': 0.5065756620045386, 'lag_2': 0.6643438478883565, 'lag_3': 0.6184622751265169, 'lag_4': 0.036519911380240626, 'lag_5': 0.779248741281692, 'lag_6': 0.8470092543664338, 'lag_7': 0.18055909302945877, 'lag_8': 0.9021501224146965, 'lag_9': 0.7250515088316848, 'lag_10': 0.9479148104221891, 'lag_11': 0.9508346606798014, 'lag_12': 0.2495954160645111, 'lag_13': 0.00045604478626577266, 'lag_14': 0.817901873745361, 'lag_15': 0.42259630373352075, 'lag_16': 0.8160619930581797, 'lag_17': 0.5920239473542448, 'lag_18': 0.9560449919692391, 'lag_19': 0.7076835497012353, 'lag_20': 0.6669987420027442, 'lag_21': 0.9019335745699392, 'lag_22': 0.26043584840756673, 'lag_23': 0.2990315846580022, 'lag_24': 0.00640816565167494, 'lag_25': 0.9556581577020248, 'lag_26': 0.6593036244216341, 'lag_27': 0.7557783709625772, 'lag_28': 0.28150392204481167}.
[I 2025-10-03 11:36:05,042] Trial 13 finished with values: [0.015383124540633692, 0.0006158288321990866, 0.0013772986443740477, 0.0013588804156103962, 0.0017826360705970943, 0.000508741016426223, 0.0015762046745168296, 0.0007172518011750287, 0.0008397726779539949, 0.0001851127569597655, 0.0006174240522921004, 0.0028079509381926052, 0.004353488099876101, 0.007553721242708947, 0.0, 0.11573890459966871, 0.00015533748177177427, 0.00585923599485135, 0.005570509117635917, 0.0011044555135970506, 0.0021894190524628515, 0.013689905096841638, 0.001553545112384842, 0.002567753385921212, 0.003729625562699889, 0.004721099490633837, 0.0001192561757147419, 0.002134236165291907, 0.0009020610158005308] and parameters: {'lag_0': 0.9043706478933795, 'lag_1': 0.36309693135946147, 'lag_2': 0.1328314132554994, 'lag_3': 0.4844872868390733, 'lag_4': 0.6667230751842581, 'lag_5': 0.43353096643902866, 'lag_6': 0.308504520931165, 'lag_7': 0.7048539500131683, 'lag_8': 0.3418209024895889, 'lag_9': 0.43407421818940284, 'lag_10': 0.42574703375953543, 'lag_11': 0.4388447803311825, 'lag_12': 0.6035895011664558, 'lag_13': 0.6840913772903497, 'lag_14': 0.5965797107080468, 'lag_15': 0.023504380588136635, 'lag_16': 0.13102496646262124, 'lag_17': 0.7175235782528588, 'lag_18': 0.682538767973944, 'lag_19': 0.8794405041766048, 'lag_20': 0.40779945082742775, 'lag_21': 0.8981363083916047, 'lag_22': 0.5244061050888756, 'lag_23': 0.38449017133596936, 'lag_24': 0.3318901574855936, 'lag_25': 0.9812297838105795, 'lag_26': 0.20068900344409313, 'lag_27': 0.5276950187451562, 'lag_28': 0.9987509739467082}.
[I 2025-10-03 11:36:07,661] Trial 14 finished with values: [0.01059335963182117, 0.0030679846646582618, 0.0008282216503117211, 0.0021894855110541965, 0.0003712330675632311, 0.00031566462318623564, 0.002200549029135142, 0.0005362789890350737, 0.0001450919160569803, 0.0002946192010044108, 0.0006963500116195872, 0.0031839543696258127, 0.0037449200809128586, 0.007665538556093024, 0.0, 0.12814953797520462, 0.0005214649609470855, 0.005866966476644689, 0.005708123288464424, 0.0011407062828864025, 0.001950301907832522, 0.012992841495747065, 0.0016294315119138702, 0.003059306251615366, 0.005557424026631145, 0.005834752172915542, 0.0003120396481369567, 0.0020220539651736786, 0.0010536485276565538] and parameters: {'lag_0': 0.09776329779567108, 'lag_1': 0.30062548343710443, 'lag_2': 0.2246067332270881, 'lag_3': 0.025527626017273982, 'lag_4': 0.1679073957207443, 'lag_5': 0.5382686547755143, 'lag_6': 0.8221767500957602, 'lag_7': 0.3950269219771841, 'lag_8': 0.9908555354968794, 'lag_9': 0.7116929620459715, 'lag_10': 0.0486343282916251, 'lag_11': 0.987411701101809, 'lag_12': 0.24936650063385726, 'lag_13': 0.7390566910854292, 'lag_14': 0.5122164432466648, 'lag_15': 0.9057094145214257, 'lag_16': 0.8130888027849063, 'lag_17': 0.36995615410038407, 'lag_18': 0.5981669138795466, 'lag_19': 0.0503864387013645, 'lag_20': 0.3816608151362057, 'lag_21': 0.393408346128415, 'lag_22': 0.8390080410076618, 'lag_23': 0.8250835023813956, 'lag_24': 0.7230781480689022, 'lag_25': 0.47914744040153384, 'lag_26': 0.13100257489113754, 'lag_27': 0.5622952710276865, 'lag_28': 0.9888357938914918}.
[I 2025-10-03 11:36:10,279] Trial 15 finished with values: [0.006741042077580539, 0.0018233667495413807, 0.001888932657577345, 0.002201512381369645, 0.001006397684840013, 0.0003295247883006943, 0.0015182039840795905, 0.000419657055363754, 0.0002299531307414767, 0.0005044524878017544, 0.00023960906342779926, 0.0027284257885873825, 0.004805961180281233, 0.010333705995744027, 0.0, 0.12174455042993226, 4.4232658362074566e-05, 0.005888312881673547, 0.005631460052725847, 0.001195869718002512, 0.0020603900512450478, 0.012461722415801488, 0.0014670984521966853, 0.003036525016760419, 0.0039971833420261605, 0.0054938279110154295, 0.00013122262229707274, 0.001915942818326449, 0.003492607093887002] and parameters: {'lag_0': 0.43632771039428137, 'lag_1': 0.5395129854517943, 'lag_2': 0.3297335282441909, 'lag_3': 0.5010071671687966, 'lag_4': 0.7221319914858791, 'lag_5': 0.23063056925182224, 'lag_6': 0.6707104984428307, 'lag_7': 0.5899851020290559, 'lag_8': 0.34447861633515325, 'lag_9': 0.9049733181335332, 'lag_10': 0.3331165644615198, 'lag_11': 0.7378399327715216, 'lag_12': 0.12717108376293512, 'lag_13': 0.66677888038544, 'lag_14': 0.4894680852524226, 'lag_15': 0.42782288543844027, 'lag_16': 0.23699115254874278, 'lag_17': 0.3288756457798456, 'lag_18': 0.42334413458118525, 'lag_19': 0.8179638171672748, 'lag_20': 0.3964223468291831, 'lag_21': 0.5883753961052943, 'lag_22': 0.4036957289408391, 'lag_23': 0.028793312368554525, 'lag_24': 0.940230520156551, 'lag_25': 0.3408525121500253, 'lag_26': 0.4500164561759667, 'lag_27': 0.6264592636254407, 'lag_28': 0.8404178219012287}.
