[I 2025-09-29 12:51:16,723] Trial 20 finished with value: 0.00407099356328307 and parameters: {'lag_0': 0.893948033842257, 'lag_1': 0.7622825482851147, 'lag_2': 0.16719257066730708, 'lag_3': 0.7029662201241227, 'lag_4': 0.5389139834178215, 'lag_5': 0.539979552066812, 'lag_6': 0.25299324416065516, 'lag_7': 0.9671280053458062, 'lag_8': 0.5799517655024525, 'lag_9': 0.24888233477234448, 'lag_10': 0.8676352689489246, 'lag_11': 0.8502670919478573, 'lag_12': 0.7171516970152396, 'lag_13': 0.23400477910902073, 'lag_14': 0.4439649465795499, 'lag_15': 0.5410259841549554, 'lag_16': 0.3993308437451293, 'lag_17': 0.23952236260708215, 'lag_18': 0.6557119343684258, 'lag_19': 0.9972171995267605, 'lag_20': 0.1658334660076185, 'lag_21': 0.8919076685568099, 'lag_22': 0.9759308671696526, 'lag_23': 0.9870041344606211, 'lag_24': 0.4260942084439261, 'lag_25': 0.42457870042211854, 'lag_26': 0.01587139604399801, 'lag_27': 0.13667388907286332, 'lag_28': 0.8589619701358185}. Best is trial 7 with value: 0.003877258505285014.
[I 2025-09-29 12:51:19,560] Trial 21 finished with value: 0.004318308547940298 and parameters: {'lag_0': 0.891461860088794, 'lag_1': 0.4409543815357261, 'lag_2': 0.7410998971988517, 'lag_3': 0.846809761125445, 'lag_4': 0.4418661203870771, 'lag_5': 0.450858851190297, 'lag_6': 0.7838753015307256, 'lag_7': 0.7029950916971196, 'lag_8': 0.28343948997697355, 'lag_9': 0.6805970257604206, 'lag_10': 0.18408153795557586, 'lag_11': 0.5981748171361194, 'lag_12': 0.3531617376043603, 'lag_13': 0.44258539017276394, 'lag_14': 0.6732246843686395, 'lag_15': 0.9738606480583823, 'lag_16': 0.5551668480852487, 'lag_17': 0.06293991431704354, 'lag_18': 0.16068986906144972, 'lag_19': 0.34473062686348155, 'lag_20': 0.10996560666194452, 'lag_21': 0.8502085427214611, 'lag_22': 0.5453030086436053, 'lag_23': 0.03605455834214836, 'lag_24': 0.7929542696566878, 'lag_25': 0.7705426434114727, 'lag_26': 0.40063661925762917, 'lag_27': 0.3375148344953649, 'lag_28': 0.11266017212812132}. Best is trial 7 with value: 0.003877258505285014.
[I 2025-09-29 12:51:22,380] Trial 22 finished with value: 0.004515922635231125 and parameters: {'lag_0': 0.7893319901903395, 'lag_1': 0.35900641850320814, 'lag_2': 0.8553847746525765, 'lag_3': 0.7501545022588135, 'lag_4': 0.19412337321758644, 'lag_5': 0.7354822014766881, 'lag_6': 0.6578648261017096, 'lag_7': 0.11832724156109675, 'lag_8': 0.1362002478817021, 'lag_9': 0.8438158045369035, 'lag_10': 0.4495534460075318, 'lag_11': 0.4152549584647788, 'lag_12': 0.5642347297762265, 'lag_13': 0.532799126292507, 'lag_14': 0.8893369350014693, 'lag_15': 0.87731866209931, 'lag_16': 0.5254957041632622, 'lag_17': 0.10669236964183842, 'lag_18': 0.033080315082748224, 'lag_19': 0.36249886213544746, 'lag_20': 0.316686548815143, 'lag_21': 0.9350325093725298, 'lag_22': 0.37232742064940416, 'lag_23': 0.4556424224274087, 'lag_24': 0.5294545161678765, 'lag_25': 0.8627783512308109, 'lag_26': 0.6111715265248641, 'lag_27': 0.30887727967965634, 'lag_28': 0.0010011922026198078}. Best is trial 7 with value: 0.003877258505285014.
[I 2025-09-29 12:51:25,207] Trial 23 finished with value: 0.004071343667110873 and parameters: {'lag_0': 0.9045849810960842, 'lag_1': 0.16383151267211202, 'lag_2': 0.7244620375409833, 'lag_3': 0.9172838156609436, 'lag_4': 0.48540125164755316, 'lag_5': 0.019321942401880732, 'lag_6': 0.8268559262036747, 'lag_7': 0.7340442748704737, 'lag_8': 0.3784312637216942, 'lag_9': 0.6498764492902576, 'lag_10': 0.3271670812943196, 'lag_11': 0.7786020214357827, 'lag_12': 0.5408964627162378, 'lag_13': 0.3857804562028881, 'lag_14': 0.24835450832921854, 'lag_15': 0.741329012304667, 'lag_16': 0.8056055499605094, 'lag_17': 0.16191158103521364, 'lag_18': 0.20660883395141794, 'lag_19': 0.15811112811374534, 'lag_20': 0.0036812849217256888, 'lag_21': 0.8043229197785307, 'lag_22': 0.6328158431659541, 'lag_23': 0.18119038075053276, 'lag_24': 0.25612206113471914, 'lag_25': 0.6615585265740196, 'lag_26': 0.8222811880269036, 'lag_27': 0.0026310875043640547, 'lag_28': 0.012159205372575893}. Best is trial 7 with value: 0.003877258505285014.
[I 2025-09-29 12:51:28,042] Trial 24 finished with value: 0.004078549412000253 and parameters: {'lag_0': 0.7949348472742193, 'lag_1': 0.5045346727580611, 'lag_2': 0.9552798462038913, 'lag_3': 0.7678449850821397, 'lag_4': 0.32777483767735816, 'lag_5': 0.8731352642678761, 'lag_6': 0.11689494883166172, 'lag_7': 0.5260171459887627, 'lag_8': 0.24627557905846284, 'lag_9': 0.4558537689886468, 'lag_10': 0.17443655475750347, 'lag_11': 0.6802709259708637, 'lag_12': 0.6384168649544201, 'lag_13': 0.6238895611325996, 'lag_14': 0.6209457098036941, 'lag_15': 0.88383229090369, 'lag_16': 0.6499415363591607, 'lag_17': 0.27906596238466697, 'lag_18': 0.4166083359942235, 'lag_19': 0.4297249639088799, 'lag_20': 0.13286488732598392, 'lag_21': 0.648646085978702, 'lag_22': 0.7793484694782331, 'lag_23': 0.5731313932256291, 'lag_24': 0.973105485217606, 'lag_25': 0.54543083664947, 'lag_26': 0.5618041247937766, 'lag_27': 0.18973263830020665, 'lag_28': 0.2487099679518096}. Best is trial 7 with value: 0.003877258505285014.
[I 2025-09-29 12:51:30,880] Trial 25 finished with value: 0.0041397112567182984 and parameters: {'lag_0': 0.696622107452993, 'lag_1': 0.5698723509913641, 'lag_2': 0.7990894648817035, 'lag_3': 0.05071141970874657, 'lag_4': 0.653597477662828, 'lag_5': 0.6214640612169381, 'lag_6': 0.2575363950873, 'lag_7': 0.9877757394490578, 'lag_8': 0.2064048474475492, 'lag_9': 0.8264674447592967, 'lag_10': 0.5278458709626318, 'lag_11': 0.5097320834743779, 'lag_12': 0.8862951512817084, 'lag_13': 0.7467891403944804, 'lag_14': 0.45085664176959084, 'lag_15': 0.3830012478951993, 'lag_16': 0.37157804701212255, 'lag_17': 0.4141156196159377, 'lag_18': 0.0956626881143237, 'lag_19': 0.239173333204805, 'lag_20': 0.32552399815970406, 'lag_21': 0.7420493143494911, 'lag_22': 0.905375043292457, 'lag_23': 0.8457216355046397, 'lag_24': 0.33969482121518313, 'lag_25': 0.8616925243430531, 'lag_26': 0.4024916091349985, 'lag_27': 0.4269861663937482, 'lag_28': 0.4428256524953553}. Best is trial 7 with value: 0.003877258505285014.
[I 2025-09-29 12:51:33,712] Trial 26 finished with value: 0.004003238369516077 and parameters: {'lag_0': 0.9387370710215756, 'lag_1': 0.884223160549094, 'lag_2': 0.6536531234813706, 'lag_3': 0.6404305045105838, 'lag_4': 0.18659225842562666, 'lag_5': 0.4864163374851356, 'lag_6': 0.9882334014294919, 'lag_7': 0.27769556319034705, 'lag_8': 0.10998183586008622, 'lag_9': 0.332471786966814, 'lag_10': 0.10685130707519369, 'lag_11': 0.8903704531716347, 'lag_12': 0.14330293342461842, 'lag_13': 0.4781732006680086, 'lag_14': 0.0727077505580731, 'lag_15': 0.27172523812725063, 'lag_16': 0.21350371902034304, 'lag_17': 0.6041325379147815, 'lag_18': 0.22639620669374172, 'lag_19': 0.6185940258138288, 'lag_20': 0.5777539713930081, 'lag_21': 0.9989335840135851, 'lag_22': 0.31624414760433706, 'lag_23': 0.7585334835503056, 'lag_24': 0.3947758629326876, 'lag_25': 0.6753507589980736, 'lag_26': 0.8821083627160438, 'lag_27': 0.265886790489954, 'lag_28': 0.5941523748875751}. Best is trial 7 with value: 0.003877258505285014.
[I 2025-09-29 12:51:36,545] Trial 27 finished with value: 0.004286417538308178 and parameters: {'lag_0': 0.8319526784634999, 'lag_1': 0.4184584853318772, 'lag_2': 0.9075146838332389, 'lag_3': 0.47883847154324793, 'lag_4': 0.3843364073503166, 'lag_5': 0.25796871283808526, 'lag_6': 0.6264454942677553, 'lag_7': 0.8125822843727545, 'lag_8': 0.3374599647502443, 'lag_9': 0.7210409153932795, 'lag_10': 0.30000520244943724, 'lag_11': 0.6301904781923758, 'lag_12': 0.44568938334083574, 'lag_13': 0.9487083425301875, 'lag_14': 0.9203128941987984, 'lag_15': 0.7270158745026569, 'lag_16': 0.4872354364390089, 'lag_17': 0.14393279449510543, 'lag_18': 0.34483447220461294, 'lag_19': 0.7422560200166698, 'lag_20': 0.07950583529896174, 'lag_21': 0.46994372483359975, 'lag_22': 0.6095127544440297, 'lag_23': 0.15147273773730704, 'lag_24': 0.6017068709550562, 'lag_25': 0.5325545225872992, 'lag_26': 0.7503826421572279, 'lag_27': 0.5421128187581261, 'lag_28': 0.09077898996454276}. Best is trial 7 with value: 0.003877258505285014.
[I 2025-09-29 12:51:39,401] Trial 28 finished with value: 0.0037238074583694366 and parameters: {'lag_0': 0.6338828306837742, 'lag_1': 0.7154093058072717, 'lag_2': 0.7849832673509904, 'lag_3': 0.8993810055169854, 'lag_4': 0.48495887520952763, 'lag_5': 0.10040237762100768, 'lag_6': 0.4761570386583881, 'lag_7': 0.4535579483506003, 'lag_8': 0.5023529121740523, 'lag_9': 0.9561390839188741, 'lag_10': 0.6828407469010671, 'lag_11': 0.9996969701284781, 'lag_12': 0.27479103587339265, 'lag_13': 0.17364290943053817, 'lag_14': 0.8089782412205507, 'lag_15': 0.006341287594900963, 'lag_16': 0.001050585860057296, 'lag_17': 0.7667992256800225, 'lag_18': 0.4517203461689578, 'lag_19': 0.49311697075461347, 'lag_20': 0.7744938822950458, 'lag_21': 0.7947099490049541, 'lag_22': 0.4910728109520374, 'lag_23': 0.43690805586129244, 'lag_24': 0.5038359758474751, 'lag_25': 0.4194053411239512, 'lag_26': 0.0332473129839206, 'lag_27': 0.37108826363651043, 'lag_28': 0.71155782081316}. Best is trial 28 with value: 0.0037238074583694366.
[I 2025-09-29 12:51:42,253] Trial 29 finished with value: 0.004229141887909467 and parameters: {'lag_0': 0.5843134231706458, 'lag_1': 0.7172856834480221, 'lag_2': 0.2983494313539899, 'lag_3': 0.9263892199377741, 'lag_4': 0.5848773269651381, 'lag_5': 0.10994388866739668, 'lag_6': 0.43434617069030723, 'lag_7': 0.09433401822844167, 'lag_8': 0.012909743672841756, 'lag_9': 0.10534707983104596, 'lag_10': 0.6878484790813986, 'lag_11': 0.9903605491300607, 'lag_12': 0.2663752040758856, 'lag_13': 0.008984991783911572, 'lag_14': 0.3137144346385824, 'lag_15': 0.010421936726595681, 'lag_16': 0.1466518009583711, 'lag_17': 0.7417621678205462, 'lag_18': 0.6143074977696691, 'lag_19': 0.5877370990068973, 'lag_20': 0.8098580933092026, 'lag_21': 0.5394567578517927, 'lag_22': 0.5125847156468166, 'lag_23': 0.4476142667865265, 'lag_24': 0.48837707808074393, 'lag_25': 0.4177803444232828, 'lag_26': 0.9692348447180614, 'lag_27': 0.4014466086706517, 'lag_28': 0.7673471125443445}. Best is trial 28 with value: 0.0037238074583694366.
[I 2025-09-29 12:51:45,087] Trial 30 finished with value: 0.004074370593019387 and parameters: {'lag_0': 0.6565504367377109, 'lag_1': 0.6210052928594857, 'lag_2': 0.5714149674805225, 'lag_3': 0.5352132177234028, 'lag_4': 0.7036437492707223, 'lag_5': 0.06557650967046925, 'lag_6': 0.35594946375991887, 'lag_7': 0.43110513384275206, 'lag_8': 0.49688050414470264, 'lag_9': 0.9756460881326178, 'lag_10': 0.5902439503907247, 'lag_11': 0.8408250853871518, 'lag_12': 0.31800194933756865, 'lag_13': 0.2044373810362868, 'lag_14': 0.11319915565019961, 'lag_15': 0.1374872977834775, 'lag_16': 0.02654661462768509, 'lag_17': 0.8908709032824667, 'lag_18': 0.43281912760958924, 'lag_19': 0.4679679041237655, 'lag_20': 0.9606621447329486, 'lag_21': 0.6950136862605657, 'lag_22': 0.0224239006237541, 'lag_23': 0.39710284515827576, 'lag_24': 0.4590454617531975, 'lag_25': 0.1253922075301874, 'lag_26': 0.01322991328120661, 'lag_27': 0.7174911324159676, 'lag_28': 0.7075437817135349}. Best is trial 28 with value: 0.0037238074583694366.
[I 2025-09-29 12:51:47,930] Trial 31 finished with value: 0.003900097187881704 and parameters: {'lag_0': 0.7440653139820773, 'lag_1': 0.3296428166552043, 'lag_2': 0.7856207707327737, 'lag_3': 0.7998643044434547, 'lag_4': 0.469059292400278, 'lag_5': 0.11503606431289698, 'lag_6': 0.47062772123052166, 'lag_7': 0.6035638728022084, 'lag_8': 0.5545256799232458, 'lag_9': 0.8644466531407979, 'lag_10': 0.47413182657332353, 'lag_11': 0.9018781114628533, 'lag_12': 0.2328384304011218, 'lag_13': 0.3440716046191272, 'lag_14': 0.8266602108841878, 'lag_15': 0.05923662662290164, 'lag_16': 0.10097428563368654, 'lag_17': 0.5713144994915502, 'lag_18': 0.22456454487966182, 'lag_19': 0.306704967256882, 'lag_20': 0.684164756887774, 'lag_21': 0.791120205600867, 'lag_22': 0.7565660532303751, 'lag_23': 0.6163909056784085, 'lag_24': 0.683015677592802, 'lag_25': 0.28080202952635086, 'lag_26': 0.10092284611583496, 'lag_27': 0.37568470734228177, 'lag_28': 0.8512720177000436}. Best is trial 28 with value: 0.0037238074583694366.
[I 2025-09-29 12:51:50,780] Trial 32 finished with value: 0.0042656525188326435 and parameters: {'lag_0': 0.477206098621841, 'lag_1': 0.2995948583094117, 'lag_2': 0.8095112469450979, 'lag_3': 0.9306758797887112, 'lag_4': 0.5150361314776873, 'lag_5': 0.10505963548836918, 'lag_6': 0.4598320619667027, 'lag_7': 0.5813237675809548, 'lag_8': 0.5889296612433906, 'lag_9': 0.9032738287242408, 'lag_10': 0.49703957849119845, 'lag_11': 0.8983085302630428, 'lag_12': 0.22336224374057334, 'lag_13': 0.3249819198479865, 'lag_14': 0.8185689761562625, 'lag_15': 0.06212960151927517, 'lag_16': 0.0711302387620103, 'lag_17': 0.5596739728482837, 'lag_18': 0.44687538906740404, 'lag_19': 0.2422190049057681, 'lag_20': 0.6818447583690082, 'lag_21': 0.8036243602843866, 'lag_22': 0.7259890868826495, 'lag_23': 0.6084298544669431, 'lag_24': 0.7012789193574114, 'lag_25': 0.2540410245451445, 'lag_26': 0.07463040415621047, 'lag_27': 0.3990644446864952, 'lag_28': 0.8683326307805785}. Best is trial 28 with value: 0.0037238074583694366.
[I 2025-09-29 12:51:53,611] Trial 33 finished with value: 0.004425792537559487 and parameters: {'lag_0': 0.7401360225312819, 'lag_1': 0.32886261609186285, 'lag_2': 0.9192240458437904, 'lag_3': 0.8745492517585959, 'lag_4': 0.8342601005968886, 'lag_5': 0.1795379694598856, 'lag_6': 0.5862409262521495, 'lag_7': 0.6137968520432002, 'lag_8': 0.642751279388277, 'lag_9': 0.8872440721211662, 'lag_10': 0.42253764319852116, 'lag_11': 0.9440861335135291, 'lag_12': 0.10943036430916186, 'lag_13': 0.2667340265077952, 'lag_14': 0.9159743656145214, 'lag_15': 0.1858068832214694, 'lag_16': 0.2514704608837259, 'lag_17': 0.7439376769173999, 'lag_18': 0.25895081871626713, 'lag_19': 0.1478302278597335, 'lag_20': 0.5919657559630221, 'lag_21': 0.9073943298772613, 'lag_22': 0.8416610716427323, 'lag_23': 0.6962701280592601, 'lag_24': 0.5069775857599912, 'lag_25': 0.2673137197057908, 'lag_26': 0.21610750105918658, 'lag_27': 0.539976569912182, 'lag_28': 0.905103027292108}. Best is trial 28 with value: 0.0037238074583694366.
[I 2025-09-29 12:51:56,553] Trial 34 finished with value: 0.004295851732367135 and parameters: {'lag_0': 0.6147914678400936, 'lag_1': 0.20312491454142867, 'lag_2': 0.7751846178136308, 'lag_3': 0.7964929816274098, 'lag_4': 0.9957772365775124, 'lag_5': 0.24381513129797056, 'lag_6': 0.07471195276460194, 'lag_7': 0.19466322682611242, 'lag_8': 0.5361944553751931, 'lag_9': 0.7753269472912141, 'lag_10': 0.5402192165733914, 'lag_11': 0.8146703946419361, 'lag_12': 0.2828513809956933, 'lag_13': 0.1765007502178904, 'lag_14': 0.8378647831766838, 'lag_15': 0.06363168314314355, 'lag_16': 0.12115380083640587, 'lag_17': 0.5677523727401089, 'lag_18': 0.33188335695404914, 'lag_19': 0.3392136022615252, 'lag_20': 0.8190639013467308, 'lag_21': 0.7743836680194233, 'lag_22': 0.9089843650893876, 'lag_23': 0.5520210234259904, 'lag_24': 0.6496211296460431, 'lag_25': 0.4180713997009825, 'lag_26': 0.10629899325302629, 'lag_27': 0.3562898994991161, 'lag_28': 0.6966551560338976}. Best is trial 28 with value: 0.0037238074583694366.
[I 2025-09-29 12:51:59,397] Trial 35 finished with value: 0.004228777378012497 and parameters: {'lag_0': 0.7618941509428491, 'lag_1': 0.8310919189990631, 'lag_2': 0.6880009485373764, 'lag_3': 0.866489543285507, 'lag_4': 0.6157552031013516, 'lag_5': 0.06641660305421346, 'lag_6': 0.5132549017226032, 'lag_7': 0.4911081690007449, 'lag_8': 0.7340445101201261, 'lag_9': 0.9255695914396916, 'lag_10': 0.6989456972567881, 'lag_11': 0.7531437986158422, 'lag_12': 0.4033821439491332, 'lag_13': 0.36547256752706103, 'lag_14': 0.5777129179493969, 'lag_15': 0.18667176693675408, 'lag_16': 0.07906389704075613, 'lag_17': 0.8208425093709202, 'lag_18': 0.5927844320357474, 'lag_19': 0.7109417821111816, 'lag_20': 0.7667814591865847, 'lag_21': 0.0019077550471811588, 'lag_22': 0.6469114924827588, 'lag_23': 0.40274965129468043, 'lag_24': 0.5719148155724351, 'lag_25': 0.3130026283690595, 'lag_26': 0.29849448462063655, 'lag_27': 0.2647121137169677, 'lag_28': 0.9971510799236357}. Best is trial 28 with value: 0.0037238074583694366.
[I 2025-09-29 12:52:02,249] Trial 36 finished with value: 0.004320483205007952 and parameters: {'lag_0': 0.6333440481654713, 'lag_1': 0.4537760511088712, 'lag_2': 0.9860378777982579, 'lag_3': 0.2667257799180423, 'lag_4': 0.01583929989655622, 'lag_5': 0.14659559498447888, 'lag_6': 0.31489029836346694, 'lag_7': 0.7097117581403969, 'lag_8': 0.4571298641467867, 'lag_9': 0.15931808371889206, 'lag_10': 0.8642900378589272, 'lag_11': 0.8771147700184484, 'lag_12': 0.3289078167624691, 'lag_13': 0.07346966727749876, 'lag_14': 0.9849933571583107, 'lag_15': 0.26970777926478895, 'lag_16': 0.03380436776133009, 'lag_17': 0.9154446138889704, 'lag_18': 0.21190743675951365, 'lag_19': 0.2966302236237958, 'lag_20': 0.6491734615150474, 'lag_21': 0.5962292187049405, 'lag_22': 0.7771127454812096, 'lag_23': 0.6265618605583549, 'lag_24': 0.7566493543466708, 'lag_25': 0.1991641873627386, 'lag_26': 0.1679108856277638, 'lag_27': 0.09365267744734773, 'lag_28': 0.8030923498313566}. Best is trial 28 with value: 0.0037238074583694366.
[I 2025-09-29 12:52:05,094] Trial 37 finished with value: 0.004191935780948688 and parameters: {'lag_0': 0.5469563508173257, 'lag_1': 0.09602078740095032, 'lag_2': 0.8850576005712817, 'lag_3': 0.6686044431470368, 'lag_4': 0.47830117698238594, 'lag_5': 0.30572360204196747, 'lag_6': 0.7522637294105746, 'lag_7': 0.05566690709698155, 'lag_8': 0.3974065862098239, 'lag_9': 0.5172648262814179, 'lag_10': 0.6379244817546151, 'lag_11': 0.9862839484091441, 'lag_12': 0.06554079410303115, 'lag_13': 0.1365823681782397, 'lag_14': 0.638694722712236, 'lag_15': 0.07306773799696538, 'lag_16': 0.21207294768319804, 'lag_17': 0.4305431383883287, 'lag_18': 0.4489816081795498, 'lag_19': 0.9317830531463738, 'lag_20': 0.8921697869468929, 'lag_21': 0.6744065945992952, 'lag_22': 0.5505291500200136, 'lag_23': 0.31277980613378276, 'lag_24': 0.8630530378944482, 'lag_25': 0.09197115478871104, 'lag_26': 0.06020993664762453, 'lag_27': 0.787929150507114, 'lag_28': 0.43974330461769107}. Best is trial 28 with value: 0.0037238074583694366.
[I 2025-09-29 12:52:07,935] Trial 38 finished with value: 0.004435068294944072 and parameters: {'lag_0': 0.8289145444291651, 'lag_1': 0.7243241764651925, 'lag_2': 0.4515386014060961, 'lag_3': 0.8202754157268447, 'lag_4': 0.13553192033793604, 'lag_5': 0.003494232908878292, 'lag_6': 0.21340936452425802, 'lag_7': 0.35233187341029126, 'lag_8': 0.5370945944047469, 'lag_9': 0.5968855051400301, 'lag_10': 0.36348627709254444, 'lag_11': 0.9141219567763953, 'lag_12': 0.2223022392014508, 'lag_13': 0.24534018501260932, 'lag_14': 0.7257892565982232, 'lag_15': 0.22438250733445436, 'lag_16': 0.0886301974482309, 'lag_17': 0.7169833581646967, 'lag_18': 0.08357507504627049, 'lag_19': 0.017648962686264258, 'lag_20': 0.5461164313630168, 'lag_21': 0.8601093763604827, 'lag_22': 0.999882048728904, 'lag_23': 0.4906534201984619, 'lag_24': 0.37761464016781104, 'lag_25': 0.3526083013532838, 'lag_26': 0.19259302584239807, 'lag_27': 0.46543800106429833, 'lag_28': 0.5824152083397144}. Best is trial 28 with value: 0.0037238074583694366.
[I 2025-09-29 12:52:10,789] Trial 39 finished with value: 0.0043057165618169075 and parameters: {'lag_0': 0.708749766906431, 'lag_1': 0.6202471949742224, 'lag_2': 0.6169169386364626, 'lag_3': 0.9530834576563811, 'lag_4': 0.26100572057650634, 'lag_5': 0.2077238111607911, 'lag_6': 0.4011642046305959, 'lag_7': 0.2519658794761583, 'lag_8': 0.8394733897956321, 'lag_9': 0.28178213544452496, 'lag_10': 0.4908826766371751, 'lag_11': 0.8401801117035131, 'lag_12': 0.15742248411694965, 'lag_13': 0.7761480688091781, 'lag_14': 0.7752878154056733, 'lag_15': 0.33817226101241216, 'lag_16': 0.1678418680948387, 'lag_17': 0.6215151110476002, 'lag_18': 0.49010039061255734, 'lag_19': 0.5003798915435413, 'lag_20': 0.4520212808762669, 'lag_21': 0.9446282392060591, 'lag_22': 0.4592245565581201, 'lag_23': 0.9072548813103206, 'lag_24': 0.12630199995709485, 'lag_25': 0.4693264818989937, 'lag_26': 0.2943290891055096, 'lag_27': 0.203947473548351, 'lag_28': 0.9213195941110564}. Best is trial 28 with value: 0.0037238074583694366.
[I 2025-09-29 12:52:13,631] Trial 40 finished with value: 0.004348793952165515 and parameters: {'lag_0': 0.31439908403556294, 'lag_1': 0.9178268767564826, 'lag_2': 0.8383690727568595, 'lag_3': 0.7523382827963525, 'lag_4': 0.7202813752932059, 'lag_5': 0.3974057375853605, 'lag_6': 0.08491095313741479, 'lag_7': 0.5038761208614467, 'lag_8': 0.05519443307909169, 'lag_9': 0.784885803659627, 'lag_10': 0.910545778904176, 'lag_11': 0.3051477806452064, 'lag_12': 0.26692740557210215, 'lag_13': 0.29346676201789346, 'lag_14': 0.5232325404199658, 'lag_15': 0.012088848538320499, 'lag_16': 0.7033711925374513, 'lag_17': 0.7834171450482509, 'lag_18': 0.5530417056586007, 'lag_19': 0.8466819853859558, 'lag_20': 0.9018064350014723, 'lag_21': 0.27296831203213345, 'lag_22': 0.18610802756151373, 'lag_23': 0.8075132628678758, 'lag_24': 0.7409466636780694, 'lag_25': 0.3039760665258771, 'lag_26': 0.4615250037354051, 'lag_27': 0.5076077262961609, 'lag_28': 0.8255110033390989}. Best is trial 28 with value: 0.0037238074583694366.
