[I 2025-09-29 13:22:14,892] Trial 3 finished with value: 0.005530360573948829 and parameters: {'lag_0': 0.8921290193907306, 'lag_1': 0.8908057676407032, 'lag_2': 0.38048409101992237, 'lag_3': 0.6201688367013137, 'lag_4': 0.7725160269539448, 'lag_5': 0.3858927753835313, 'lag_6': 0.38575084528052206, 'lag_7': 0.05938987986293247, 'lag_8': 0.8228077728551367, 'lag_9': 0.07291808113825528, 'lag_10': 0.5022613152307095, 'lag_11': 0.29628618855761546, 'lag_12': 0.8080770912665289, 'lag_13': 0.23489173491284693, 'lag_14': 0.24962207924981164, 'lag_15': 0.5462112037057099, 'lag_16': 0.738694277476068, 'lag_17': 0.5284506113222324, 'lag_18': 0.6922763881445527, 'lag_19': 0.03625023587678454, 'lag_20': 0.38949121172457307, 'lag_21': 0.7446859431508523, 'lag_22': 0.8206956577494267, 'lag_23': 0.6028337278470999, 'lag_24': 0.8991377043366915, 'lag_25': 0.3608408788044446, 'lag_26': 0.9436968676194629, 'lag_27': 0.8765867947972934, 'lag_28': 0.5974591390915122}. Best is trial 0 with value: 0.005011840729886289.
[I 2025-09-29 13:22:17,235] Trial 4 finished with value: 0.005173734905320642 and parameters: {'lag_0': 0.2554461157163819, 'lag_1': 0.17549746291812263, 'lag_2': 0.5277586827673286, 'lag_3': 0.2530690120285776, 'lag_4': 0.16708398236782968, 'lag_5': 0.49382060068840417, 'lag_6': 0.9587581238021317, 'lag_7': 0.710352268873012, 'lag_8': 0.6332958627984842, 'lag_9': 0.23037019258493385, 'lag_10': 0.3729285018755219, 'lag_11': 0.10201392684755275, 'lag_12': 0.555291424407983, 'lag_13': 0.6458890589879351, 'lag_14': 0.8785893493618779, 'lag_15': 0.09209765399039971, 'lag_16': 0.5552285467081383, 'lag_17': 0.30057073193407285, 'lag_18': 0.3000380363190335, 'lag_19': 0.658666785110349, 'lag_20': 0.4502581501914553, 'lag_21': 0.46188325615319786, 'lag_22': 0.6253241405045281, 'lag_23': 0.6975493393688504, 'lag_24': 0.034959015424103554, 'lag_25': 0.05236455229294999, 'lag_26': 0.26884843332621977, 'lag_27': 0.4211356228584592, 'lag_28': 0.028545709746204993}. Best is trial 0 with value: 0.005011840729886289.
[I 2025-09-29 13:22:19,571] Trial 5 finished with value: 0.004986764725396569 and parameters: {'lag_0': 0.21721671463050565, 'lag_1': 0.2017338402411766, 'lag_2': 0.15728731339994742, 'lag_3': 0.5440637768142556, 'lag_4': 0.30785091528524666, 'lag_5': 0.6182380569589887, 'lag_6': 0.641341879889908, 'lag_7': 0.07914466682926946, 'lag_8': 0.4543129341800802, 'lag_9': 0.45438635830645646, 'lag_10': 0.6187499659536863, 'lag_11': 0.24628679198693484, 'lag_12': 0.46957759483719147, 'lag_13': 0.7777497885030389, 'lag_14': 0.12176893322942622, 'lag_15': 0.5002962887405326, 'lag_16': 0.5684212991365877, 'lag_17': 0.0801704928848953, 'lag_18': 0.046000736277593386, 'lag_19': 0.10356897905136377, 'lag_20': 0.6909215178594307, 'lag_21': 0.5716462154799098, 'lag_22': 0.07895957318743685, 'lag_23': 0.737976108905082, 'lag_24': 0.5421427051928019, 'lag_25': 0.5615373734933785, 'lag_26': 0.8055319897560628, 'lag_27': 0.02196557483111537, 'lag_28': 0.09111471029990609}. Best is trial 5 with value: 0.004986764725396569.
[I 2025-09-29 13:22:21,904] Trial 6 finished with value: 0.0052192908312552536 and parameters: {'lag_0': 0.5832066859209275, 'lag_1': 0.4711305631871489, 'lag_2': 0.6944773841998823, 'lag_3': 0.9657299335751043, 'lag_4': 0.2955843064432701, 'lag_5': 0.3362682876552838, 'lag_6': 0.30468805153056727, 'lag_7': 0.002686720352980475, 'lag_8': 0.1054721700424493, 'lag_9': 0.8461247741352863, 'lag_10': 0.16488002267455354, 'lag_11': 0.4499315723531565, 'lag_12': 0.7162808226599912, 'lag_13': 0.1293905610787164, 'lag_14': 0.13275986355764458, 'lag_15': 0.9808667660216723, 'lag_16': 0.7782417496345212, 'lag_17': 0.9833413734743807, 'lag_18': 0.35155983546634817, 'lag_19': 0.6304660886237743, 'lag_20': 0.22147426684311752, 'lag_21': 0.22834418109366156, 'lag_22': 0.6605094850670465, 'lag_23': 0.35338580302711486, 'lag_24': 0.7400755174985304, 'lag_25': 0.26986566008661733, 'lag_26': 0.4912755290866996, 'lag_27': 0.6126645638408876, 'lag_28': 0.9454815101739527}. Best is trial 5 with value: 0.004986764725396569.
[I 2025-09-29 13:22:24,241] Trial 7 finished with value: 0.0051020350640935495 and parameters: {'lag_0': 0.08881979945579638, 'lag_1': 0.05097247215708629, 'lag_2': 0.7711545351323984, 'lag_3': 0.7432480392931775, 'lag_4': 0.689126548728691, 'lag_5': 0.4192524803786252, 'lag_6': 0.4992769005071704, 'lag_7': 0.8122760124769002, 'lag_8': 0.351921172974464, 'lag_9': 0.03867155501280052, 'lag_10': 0.23120408376449048, 'lag_11': 0.5358036165209927, 'lag_12': 0.22165591527325218, 'lag_13': 0.015117505885686836, 'lag_14': 0.7991112916678461, 'lag_15': 0.18960111209271951, 'lag_16': 0.8188087742877012, 'lag_17': 0.05999034997218001, 'lag_18': 0.440159330519577, 'lag_19': 0.7617703090991055, 'lag_20': 0.6512006733368174, 'lag_21': 0.5951581554600641, 'lag_22': 0.5344554047171712, 'lag_23': 0.13824493856276113, 'lag_24': 0.7344393662616606, 'lag_25': 0.35703260091472544, 'lag_26': 0.40435950361701745, 'lag_27': 0.5801253420622617, 'lag_28': 0.0001240262313617461}. Best is trial 5 with value: 0.004986764725396569.
[I 2025-09-29 13:22:26,578] Trial 8 finished with value: 0.004989218057104103 and parameters: {'lag_0': 0.7480901952491347, 'lag_1': 0.20283038192148684, 'lag_2': 0.9464511122360195, 'lag_3': 0.27471537737665797, 'lag_4': 0.12684752474671324, 'lag_5': 0.34526617444342617, 'lag_6': 0.2594978121021861, 'lag_7': 0.08250937975414228, 'lag_8': 0.7776683693966115, 'lag_9': 0.13986322339835916, 'lag_10': 0.1488584875073486, 'lag_11': 0.951989629870944, 'lag_12': 0.5613088450053907, 'lag_13': 0.5470400777535076, 'lag_14': 0.5405617304867778, 'lag_15': 0.9888805140001573, 'lag_16': 0.4834178310459799, 'lag_17': 0.7497392724325425, 'lag_18': 0.018602330666205147, 'lag_19': 0.6798862552805651, 'lag_20': 0.7482334288234836, 'lag_21': 0.5372291384879242, 'lag_22': 0.14934513455350196, 'lag_23': 0.19034170580453633, 'lag_24': 0.4523601542951184, 'lag_25': 0.35212660930780826, 'lag_26': 0.3305167028203075, 'lag_27': 0.9521466208634792, 'lag_28': 0.11931004038137444}. Best is trial 5 with value: 0.004986764725396569.
[I 2025-09-29 13:22:28,911] Trial 9 finished with value: 0.005398233842294693 and parameters: {'lag_0': 0.590195442713117, 'lag_1': 0.5970692560651072, 'lag_2': 0.7901816245018488, 'lag_3': 0.03302781307345961, 'lag_4': 0.18962222357189684, 'lag_5': 0.10335205417024548, 'lag_6': 0.00920424521025192, 'lag_7': 0.8676676485305583, 'lag_8': 0.05399967401628203, 'lag_9': 0.9189720009915567, 'lag_10': 0.7392134609694414, 'lag_11': 0.22930132444896154, 'lag_12': 0.8825369490254563, 'lag_13': 0.9415357750270625, 'lag_14': 0.8817256900392052, 'lag_15': 0.20421036722580765, 'lag_16': 0.6328087906451669, 'lag_17': 0.2770500087216291, 'lag_18': 0.009221365867691634, 'lag_19': 0.9599022623097622, 'lag_20': 0.2578875959119582, 'lag_21': 0.3190022200197151, 'lag_22': 0.13182293263080513, 'lag_23': 0.32997648831794446, 'lag_24': 0.9498440811738058, 'lag_25': 0.10629682208010847, 'lag_26': 0.41624326352483426, 'lag_27': 0.16459289063229215, 'lag_28': 0.5682614678984846}. Best is trial 5 with value: 0.004986764725396569.
[I 2025-09-29 13:22:31,295] Trial 10 finished with value: 0.005114683887886252 and parameters: {'lag_0': 0.037854095432134416, 'lag_1': 0.32618185461602706, 'lag_2': 0.2578696878052828, 'lag_3': 0.8587467555400132, 'lag_4': 0.38294624606561284, 'lag_5': 0.7903759826739303, 'lag_6': 0.9831000767431304, 'lag_7': 0.26643279545953685, 'lag_8': 0.3825667353733954, 'lag_9': 0.4296115681470919, 'lag_10': 0.8577604935219444, 'lag_11': 0.013890787065825277, 'lag_12': 0.3297443994599025, 'lag_13': 0.8568149224162209, 'lag_14': 0.02815914337929082, 'lag_15': 0.5755214126188228, 'lag_16': 0.2634157615598241, 'lag_17': 0.020703635151973376, 'lag_18': 0.14827566078928323, 'lag_19': 0.03819557074837662, 'lag_20': 0.9620501883929182, 'lag_21': 0.884203457480918, 'lag_22': 0.30757165060340524, 'lag_23': 0.9678836125855864, 'lag_24': 0.238918275543005, 'lag_25': 0.7135681086210925, 'lag_26': 0.9261144836786754, 'lag_27': 0.013231272024785252, 'lag_28': 0.27284877805751484}. Best is trial 5 with value: 0.004986764725396569.
[I 2025-09-29 13:22:33,693] Trial 11 finished with value: 0.005347869279154813 and parameters: {'lag_0': 0.894307139912677, 'lag_1': 0.2109242276600269, 'lag_2': 0.8918292882958542, 'lag_3': 0.3717997123262804, 'lag_4': 0.4290205679460227, 'lag_5': 0.13080985603167863, 'lag_6': 0.15611757086496858, 'lag_7': 0.29779341473779425, 'lag_8': 0.6244003115815806, 'lag_9': 0.2559554412491802, 'lag_10': 0.585533827644618, 'lag_11': 0.9801038976686762, 'lag_12': 0.5313466092841297, 'lag_13': 0.6087772705287997, 'lag_14': 0.5189231266012928, 'lag_15': 0.7388695129067115, 'lag_16': 0.36912304333545615, 'lag_17': 0.7381829319931377, 'lag_18': 0.0032498148157076856, 'lag_19': 0.22047740279257688, 'lag_20': 0.7635939640851214, 'lag_21': 0.5217929914853917, 'lag_22': 0.009314140146948258, 'lag_23': 0.018076772725156537, 'lag_24': 0.4955839472723028, 'lag_25': 0.5702423515677921, 'lag_26': 0.09861521152424099, 'lag_27': 0.9318078164088877, 'lag_28': 0.22028696482941862}. Best is trial 5 with value: 0.004986764725396569.
[I 2025-09-29 13:22:36,087] Trial 12 finished with value: 0.00522789289498253 and parameters: {'lag_0': 0.7322820571534221, 'lag_1': 0.3043833178242689, 'lag_2': 0.9713608010326855, 'lag_3': 0.5745952444617451, 'lag_4': 0.011871265317509788, 'lag_5': 0.6588229417005395, 'lag_6': 0.7008477001700351, 'lag_7': 0.24545927836024597, 'lag_8': 0.9837609522249902, 'lag_9': 0.5871386763647459, 'lag_10': 0.6808396584691518, 'lag_11': 0.9559082853272227, 'lag_12': 0.3670832570260579, 'lag_13': 0.7629390782908623, 'lag_14': 0.6435667680959221, 'lag_15': 0.39951258023593794, 'lag_16': 0.4205910726620653, 'lag_17': 0.739056619580839, 'lag_18': 0.18023880639425507, 'lag_19': 0.26333061314704986, 'lag_20': 0.7434701298420354, 'lag_21': 0.4141427203125524, 'lag_22': 0.2758705917941807, 'lag_23': 0.8083080497842181, 'lag_24': 0.6140027125478968, 'lag_25': 0.5108351878602437, 'lag_26': 0.2127687245750597, 'lag_27': 0.3843161555056631, 'lag_28': 0.16436733068793022}. Best is trial 5 with value: 0.004986764725396569.
[I 2025-09-29 13:22:38,472] Trial 13 finished with value: 0.0058689624181676855 and parameters: {'lag_0': 0.22633895566292128, 'lag_1': 0.0007606546581198637, 'lag_2': 0.3342368121381405, 'lag_3': 0.24839183760681904, 'lag_4': 0.9779375428978777, 'lag_5': 0.26700602696668907, 'lag_6': 0.20258564844586352, 'lag_7': 0.429129862542786, 'lag_8': 0.5386079634370285, 'lag_9': 0.1640671967769556, 'lag_10': 0.3547888378889453, 'lag_11': 0.7785327828080046, 'lag_12': 0.6890144688330879, 'lag_13': 0.4276330613386474, 'lag_14': 0.37160277262084984, 'lag_15': 0.6856345703529403, 'lag_16': 0.9711272367601766, 'lag_17': 0.724413011026954, 'lag_18': 0.16914946924454188, 'lag_19': 0.7943318657069055, 'lag_20': 0.9877258606603943, 'lag_21': 0.6404343143868128, 'lag_22': 0.30946889288523977, 'lag_23': 0.18751751431854677, 'lag_24': 0.391425228574242, 'lag_25': 0.992343646341018, 'lag_26': 0.7716970152022147, 'lag_27': 0.8179467963939107, 'lag_28': 0.3791094686908133}. Best is trial 5 with value: 0.004986764725396569.
[I 2025-09-29 13:22:40,991] Trial 14 finished with value: 0.004963429673909187 and parameters: {'lag_0': 0.7740360892358501, 'lag_1': 0.7030415197366234, 'lag_2': 0.4267478805806526, 'lag_3': 0.28043779043996936, 'lag_4': 0.25760453556687496, 'lag_5': 0.6791032136035476, 'lag_6': 0.5612469315705162, 'lag_7': 0.17422288382579781, 'lag_8': 0.7436271798044026, 'lag_9': 0.4187052416940158, 'lag_10': 0.9140744650065336, 'lag_11': 0.34881139891461066, 'lag_12': 0.42339438590728584, 'lag_13': 0.5223073136536021, 'lag_14': 0.6781815966319389, 'lag_15': 0.3913267967742366, 'lag_16': 0.0054288339500703775, 'lag_17': 0.9816986913362251, 'lag_18': 0.1042902003316573, 'lag_19': 0.2754921018638786, 'lag_20': 0.6069746185071017, 'lag_21': 0.9628800432565366, 'lag_22': 0.05456264760128129, 'lag_23': 0.48535044851427034, 'lag_24': 0.3244383605172153, 'lag_25': 0.21848474955686875, 'lag_26': 0.03704854429061033, 'lag_27': 0.05783390038532295, 'lag_28': 0.8106806466966883}. Best is trial 14 with value: 0.004963429673909187.
[I 2025-09-29 13:22:43,379] Trial 15 finished with value: 0.006489895876332935 and parameters: {'lag_0': 0.9891278011825405, 'lag_1': 0.7683482866324807, 'lag_2': 0.03603363296671158, 'lag_3': 0.5283132696998082, 'lag_4': 0.3017509421775712, 'lag_5': 0.6758474900298629, 'lag_6': 0.5687264404789906, 'lag_7': 0.5129898605660521, 'lag_8': 0.3300283234956196, 'lag_9': 0.45845250232432727, 'lag_10': 0.9528286843800223, 'lag_11': 0.3430126187659981, 'lag_12': 0.38960319084331774, 'lag_13': 0.7354664809368607, 'lag_14': 0.6872769942222782, 'lag_15': 0.44275873932691134, 'lag_16': 0.06550068051098523, 'lag_17': 0.9880668464857816, 'lag_18': 0.2683243597649423, 'lag_19': 0.2580720283573791, 'lag_20': 0.5703444681240422, 'lag_21': 0.9928814575072276, 'lag_22': 0.042646893670360245, 'lag_23': 0.5031251888143385, 'lag_24': 0.25263199565367933, 'lag_25': 0.19619119058197731, 'lag_26': 0.09001537692038386, 'lag_27': 0.02302994521794427, 'lag_28': 0.8432754122870324}. Best is trial 14 with value: 0.004963429673909187.
[I 2025-09-29 13:22:45,768] Trial 16 finished with value: 0.005365835018201273 and parameters: {'lag_0': 0.16326739199316698, 'lag_1': 0.6877008682578262, 'lag_2': 0.38950771211831836, 'lag_3': 0.7093276929068604, 'lag_4': 0.4771418477900413, 'lag_5': 0.8740863573463298, 'lag_6': 0.8354696414172209, 'lag_7': 0.1824983851570589, 'lag_8': 0.6811790407225481, 'lag_9': 0.6732194304279803, 'lag_10': 0.8036768723554797, 'lag_11': 0.37204141243683325, 'lag_12': 0.24686509280002303, 'lag_13': 0.4293351209020226, 'lag_14': 0.3166242194645518, 'lag_15': 0.36339012016881866, 'lag_16': 0.015353578607622653, 'lag_17': 0.18149354153071473, 'lag_18': 0.5582251425277297, 'lag_19': 0.13288586132401473, 'lag_20': 0.35048379904836824, 'lag_21': 0.00718372700045633, 'lag_22': 0.981403880380036, 'lag_23': 0.7776197128789747, 'lag_24': 0.04132984760411468, 'lag_25': 0.45923393794680556, 'lag_26': 0.6477916588785999, 'lag_27': 0.1660225571331665, 'lag_28': 0.6995854118389105}. Best is trial 14 with value: 0.004963429673909187.
[I 2025-09-29 13:22:48,163] Trial 17 finished with value: 0.005736097135538265 and parameters: {'lag_0': 0.43914052833538436, 'lag_1': 0.8229358514405654, 'lag_2': 0.22093055688877494, 'lag_3': 0.39016828204700055, 'lag_4': 0.3008235522411389, 'lag_5': 0.7593673866670654, 'lag_6': 0.5307173854179827, 'lag_7': 0.4282845683032787, 'lag_8': 0.48581152116569576, 'lag_9': 0.35351895381253284, 'lag_10': 0.983797079344156, 'lag_11': 0.6295490323879018, 'lag_12': 0.4648302710156324, 'lag_13': 0.9971588773316009, 'lag_14': 0.6993197256172331, 'lag_15': 0.5737953739853594, 'lag_16': 0.18141714231739184, 'lag_17': 0.8760097448276348, 'lag_18': 0.11800103319207284, 'lag_19': 0.3606926105577829, 'lag_20': 0.6128206184587666, 'lag_21': 0.9732827476484822, 'lag_22': 0.18219607814424094, 'lag_23': 0.5302914335941004, 'lag_24': 0.3261445044925403, 'lag_25': 0.7404266745575167, 'lag_26': 0.8212593937160779, 'lag_27': 0.14390381114151773, 'lag_28': 0.7393987722626577}. Best is trial 14 with value: 0.004963429673909187.
[I 2025-09-29 13:22:50,554] Trial 18 finished with value: 0.005592648534111237 and parameters: {'lag_0': 0.695330596453194, 'lag_1': 0.9783525484136383, 'lag_2': 0.4635651237553069, 'lag_3': 0.1878034453169162, 'lag_4': 0.5455506734197164, 'lag_5': 0.5697584757380132, 'lag_6': 0.8053379621069414, 'lag_7': 0.13419241250076136, 'lag_8': 0.49062993942883554, 'lag_9': 0.7789307525008831, 'lag_10': 0.6317142145340626, 'lag_11': 0.24038065721581608, 'lag_12': 0.16862148579638492, 'lag_13': 0.7509946696947036, 'lag_14': 0.014160325547067698, 'lag_15': 0.04346805079730065, 'lag_16': 0.6179681896322347, 'lag_17': 0.6093611010849833, 'lag_18': 0.38643581980967356, 'lag_19': 0.15453238107620398, 'lag_20': 0.8400372727547872, 'lag_21': 0.7388451469255435, 'lag_22': 0.4188812128264228, 'lag_23': 0.756005293655086, 'lag_24': 0.678227957478393, 'lag_25': 0.1807217790725434, 'lag_26': 0.002252370731039635, 'lag_27': 0.2883853540372338, 'lag_28': 0.9887291704045253}. Best is trial 14 with value: 0.004963429673909187.
[I 2025-09-29 13:22:52,942] Trial 19 finished with value: 0.005287695801447589 and parameters: {'lag_0': 0.3177285220069667, 'lag_1': 0.3695925848927947, 'lag_2': 0.2607579183906221, 'lag_3': 0.4948215144279005, 'lag_4': 0.23018636025967723, 'lag_5': 0.776962852301401, 'lag_6': 0.606525966371209, 'lag_7': 0.3721985739362894, 'lag_8': 0.25937357111711357, 'lag_9': 0.5277669298054277, 'lag_10': 0.8681378772764391, 'lag_11': 0.1939313770126878, 'lag_12': 0.6631133549304673, 'lag_13': 0.446068995189634, 'lag_14': 0.39391696076224897, 'lag_15': 0.6634780529858912, 'lag_16': 0.320686577764014, 'lag_17': 0.13267818791877445, 'lag_18': 0.6958425714422273, 'lag_19': 0.345054788503246, 'lag_20': 0.4843657305538488, 'lag_21': 0.8325393778107215, 'lag_22': 0.08224613749715705, 'lag_23': 0.42358177628186006, 'lag_24': 0.13808730096943256, 'lag_25': 0.4610429032000329, 'lag_26': 0.9956087453174218, 'lag_27': 0.08112044130923401, 'lag_28': 0.42641702718613506}. Best is trial 14 with value: 0.004963429673909187.
[I 2025-09-29 13:22:55,330] Trial 20 finished with value: 0.004898677599398006 and parameters: {'lag_0': 0.843583933971002, 'lag_1': 0.6433648084584306, 'lag_2': 0.12203252277539961, 'lag_3': 0.14786941972734924, 'lag_4': 0.37157305842583, 'lag_5': 0.9928216058566322, 'lag_6': 0.4314220161684844, 'lag_7': 0.5855900234965306, 'lag_8': 0.7281562700678428, 'lag_9': 0.3469957623925307, 'lag_10': 0.5122818273698633, 'lag_11': 0.41221837087103763, 'lag_12': 0.9627724502091991, 'lag_13': 0.6461815322936366, 'lag_14': 0.9688447456218854, 'lag_15': 0.4776716187819659, 'lag_16': 0.1262933142975738, 'lag_17': 0.8768377723791922, 'lag_18': 0.2379601160212791, 'lag_19': 0.5311753497516745, 'lag_20': 0.6761365645925523, 'lag_21': 0.36979072007029745, 'lag_22': 0.20961103565323735, 'lag_23': 0.5645845053398219, 'lag_24': 0.8272807013445547, 'lag_25': 0.0027909763063238002, 'lag_26': 0.6055881842527564, 'lag_27': 0.2745570569720354, 'lag_28': 0.8133381384009752}. Best is trial 20 with value: 0.004898677599398006.
[I 2025-09-29 13:22:57,727] Trial 21 finished with value: 0.00521553066219544 and parameters: {'lag_0': 0.7994595166691835, 'lag_1': 0.617932517891449, 'lag_2': 0.14816307740211343, 'lag_3': 0.1440537861370886, 'lag_4': 0.37905089155697524, 'lag_5': 0.9430120554500954, 'lag_6': 0.45070487458606584, 'lag_7': 0.5346704512811292, 'lag_8': 0.7328266910666824, 'lag_9': 0.3424038935356888, 'lag_10': 0.5018381144328905, 'lag_11': 0.40301682116667953, 'lag_12': 0.4721625726560511, 'lag_13': 0.6548211759935152, 'lag_14': 0.9686914089898967, 'lag_15': 0.46870949090054514, 'lag_16': 0.10104194674467525, 'lag_17': 0.8677274807282593, 'lag_18': 0.24297418578926938, 'lag_19': 0.549781867833116, 'lag_20': 0.6682115193417303, 'lag_21': 0.335163593533934, 'lag_22': 0.22228148057914865, 'lag_23': 0.6090478438100441, 'lag_24': 0.8314147524478027, 'lag_25': 0.015319489379122656, 'lag_26': 0.5962119107103447, 'lag_27': 0.29317289934776114, 'lag_28': 0.8306721061029108}. Best is trial 20 with value: 0.004898677599398006.
[I 2025-09-29 13:23:00,120] Trial 22 finished with value: 0.005086426668566261 and parameters: {'lag_0': 0.8372924413387085, 'lag_1': 0.7049912861905732, 'lag_2': 0.017061911084132797, 'lag_3': 0.3219790079148483, 'lag_4': 0.5211317878752206, 'lag_5': 0.575640291558528, 'lag_6': 0.6141320599113289, 'lag_7': 0.6004104667611057, 'lag_8': 0.9304207374309142, 'lag_9': 0.42261216425937204, 'lag_10': 0.3344199868126514, 'lag_11': 0.5756633856540303, 'lag_12': 0.6093381410434683, 'lag_13': 0.5363245213540103, 'lag_14': 0.9961264844683326, 'lag_15': 0.2968258271303632, 'lag_16': 0.13442280973391074, 'lag_17': 0.8820311172455069, 'lag_18': 0.08935152112486137, 'lag_19': 0.5172194210517846, 'lag_20': 0.5229961365327277, 'lag_21': 0.6608998594281443, 'lag_22': 0.00539580734614678, 'lag_23': 0.5399987913043489, 'lag_24': 0.9992404545570436, 'lag_25': 0.1538491147122738, 'lag_26': 0.8400344520369641, 'lag_27': 0.21583213156486603, 'lag_28': 0.6738293059493352}. Best is trial 20 with value: 0.004898677599398006.
[I 2025-09-29 13:23:02,499] Trial 23 finished with value: 0.005328553030958574 and parameters: {'lag_0': 0.9658046253013572, 'lag_1': 0.5945727263391896, 'lag_2': 0.15491512088631804, 'lag_3': 0.13092127920655816, 'lag_4': 0.2687614346032231, 'lag_5': 0.8680357051272704, 'lag_6': 0.4449795141438995, 'lag_7': 0.9433477265825618, 'lag_8': 0.5510231845692446, 'lag_9': 0.27434741614322217, 'lag_10': 0.5708049769681014, 'lag_11': 0.2892872488496476, 'lag_12': 0.4251170273016935, 'lag_13': 0.8254383434530851, 'lag_14': 0.7837425691028199, 'lag_15': 0.4874090377584942, 'lag_16': 0.046156095103180125, 'lag_17': 0.6459453797745897, 'lag_18': 0.22906710608738867, 'lag_19': 0.14852066117645482, 'lag_20': 0.8695869875006205, 'lag_21': 0.3967683625245623, 'lag_22': 0.4035614787881414, 'lag_23': 0.4504284883290665, 'lag_24': 0.5999548909686544, 'lag_25': 0.00026787781815720835, 'lag_26': 0.6923429213607877, 'lag_27': 0.09745984389392812, 'lag_28': 0.8420904720168692}. Best is trial 20 with value: 0.004898677599398006.
