[I 2025-10-03 11:37:55,910] Trial 55 finished with values: [0.0, 0.0022994670432568043, 0.0003003047016673429, 0.00139043582603653, 0.002601425292991455, 0.00028274731829556826, 0.0007029036372560623, 0.0002816015825146025, 0.00014464990633055317, 0.0008514287337906932, 0.0009982506472147558, 0.003370482942870747, 0.004102764985915866, 0.022833638473542594, 0.0, 0.04910767644779497, 0.0001965902834737286, 0.0006016208401130444, 0.0016763033270698554, 0.0022092628264184077, 0.00124218878322329, 8.501044930744207e-05, 0.00011013028073838265, 0.0013909822735804483, 0.0017959041487260671, 0.0003750108713585797, 7.807585070959726e-05, 0.00012943738129207014, 0.000374913768555046] and parameters: {'lag_0': 0.16949268172408502, 'lag_1': 0.32525214890697474, 'lag_2': 0.3266136168754852, 'lag_3': 0.09679997631338172, 'lag_4': 0.23654241249633176, 'lag_5': 0.7345034945196851, 'lag_6': 0.5324964070857235, 'lag_7': 0.041979676924516665, 'lag_8': 0.8117120127774285, 'lag_9': 0.40341593370907475, 'lag_10': 0.5595787342874197, 'lag_11': 0.47893978699508566, 'lag_12': 0.15578075520017184, 'lag_13': 0.7050714412771325, 'lag_14': 0.17751968659412146, 'lag_15': 0.6209120118358297, 'lag_16': 0.5040785892766385, 'lag_17': 0.6458180215043091, 'lag_18': 0.41237296757958564, 'lag_19': 0.8347512898620926, 'lag_20': 0.5679913082380765, 'lag_21': 0.5478246046809255, 'lag_22': 0.23422126465325196, 'lag_23': 0.6486123348805325, 'lag_24': 0.8623126924428302, 'lag_25': 0.19076620602818037, 'lag_26': 0.5559648687426375, 'lag_27': 0.27696776973928566, 'lag_28': 0.18059728673838513}.
[I 2025-10-03 11:37:58,558] Trial 56 finished with values: [0.008000000000000002, 0.0027108054418817098, 0.0003594481302900113, 0.0010212651835289524, 0.0011943989400380046, 0.0003853244728911783, 0.0006053528838265532, 0.00016776675627455678, 0.00021309278523255152, 0.000375449719230574, 0.0005066129075176465, 0.0035817650546972244, 0.0033775068072774673, 0.02454217319788199, 0.0, 0.0477265207214248, 0.0001000482263926821, 0.0004434758968450846, 0.0020792066793054596, 0.0026646826294125943, 0.0012104184911964726, 1.4808385586873084e-05, 7.375190580808744e-05, 0.0015097191343618863, 0.0012901329846288906, 0.00034190852299456777, 0.000146216383563534, 0.00030296026432915157, 0.0006859193942381502] and parameters: {'lag_0': 0.015420816253104694, 'lag_1': 0.7062662705578427, 'lag_2': 0.13855597683092544, 'lag_3': 0.32622936162995403, 'lag_4': 0.09986426830696131, 'lag_5': 0.179675033433535, 'lag_6': 0.30535742543972405, 'lag_7': 0.39604330191359055, 'lag_8': 0.5359142274603264, 'lag_9': 0.7245691672466246, 'lag_10': 0.9012854031345144, 'lag_11': 0.8786155202624542, 'lag_12': 0.9365785532324888, 'lag_13': 0.2196485424978151, 'lag_14': 0.9042997995598933, 'lag_15': 0.5183929515412948, 'lag_16': 0.867407171961372, 'lag_17': 0.8477976790494759, 'lag_18': 0.8183240961641712, 'lag_19': 0.37220238122453403, 'lag_20': 0.28941934993231666, 'lag_21': 0.9420115820759762, 'lag_22': 0.6216016713524651, 'lag_23': 0.5951654325414123, 'lag_24': 0.8352100934818348, 'lag_25': 0.4198054939925205, 'lag_26': 0.7798265078358881, 'lag_27': 0.04197015450856573, 'lag_28': 0.16436664759542405}.
[I 2025-10-03 11:38:01,210] Trial 57 finished with values: [0.0047337278106508885, 0.0006440640799830908, 0.0013405107079117616, 0.001186304455763186, 0.001234690034229847, 0.0009020447626047643, 0.00026393124181249463, 0.0009669838048430709, 0.0001205967263066217, 0.001021325626133425, 0.000603567761191751, 0.002240276064461223, 0.0029661846432586744, 0.026162279158022512, 0.0, 0.05066647082642114, 0.0002807890985648357, 0.0007815947200432461, 0.0014772835920751483, 0.0023535724889059417, 0.0013462914805358857, 8.330687299589837e-05, 2.2647542061161028e-05, 0.001602184188778106, 0.0021958983078803032, 0.00043469990676222984, 4.409774232060549e-05, 0.00014802883794322552, 4.5568638372246233e-05] and parameters: {'lag_0': 0.818284766776469, 'lag_1': 0.7360607782394079, 'lag_2': 0.9052019165604392, 'lag_3': 0.5923922169156698, 'lag_4': 0.8157361152210252, 'lag_5': 0.45949234372253533, 'lag_6': 0.06652296231263258, 'lag_7': 0.6857815122046064, 'lag_8': 0.3364529216826771, 'lag_9': 0.5040617217269413, 'lag_10': 0.6333634754026808, 'lag_11': 0.37020401557343885, 'lag_12': 0.5448180212935143, 'lag_13': 0.4707887269281189, 'lag_14': 0.8173477628461316, 'lag_15': 0.2314601814133172, 'lag_16': 0.23954088350911662, 'lag_17': 0.31001082533282714, 'lag_18': 0.7200086007737373, 'lag_19': 0.20051045133523493, 'lag_20': 0.8082504912400452, 'lag_21': 0.2032097700622827, 'lag_22': 0.7024893923090306, 'lag_23': 0.22827317582572265, 'lag_24': 0.1539487700737088, 'lag_25': 0.41454609874196235, 'lag_26': 0.7354885539294365, 'lag_27': 0.457306274342953, 'lag_28': 0.5369650014067961}.
[I 2025-10-03 11:38:03,861] Trial 58 finished with values: [0.0, 0.001381164328001275, 0.0013961872360479673, 0.002449594225045434, 0.0016140201568891205, 0.000641434195545012, 0.0007439468493300937, 0.0004822482169575952, 0.00042990465887431746, 0.0008143235573273277, 0.0006240901186752926, 0.0035578353753726254, 0.003374634000077902, 0.02425154638941225, 0.0, 0.045523478480368494, 7.928898836383844e-05, 0.0002310299281352188, 0.0012470384988467601, 0.002116420898568202, 0.0011534620883123744, 8.394595339417608e-05, 7.379224257262743e-05, 0.0014695824311002086, 0.0017094631034441977, 0.0005660594335335105, 0.00011959734523563095, 0.0004318103352670804, 0.0003012396147539226] and parameters: {'lag_0': 0.8843102591698837, 'lag_1': 0.39630081492727576, 'lag_2': 0.4634548559498842, 'lag_3': 0.4169613978965691, 'lag_4': 0.49558554169180447, 'lag_5': 0.6274058822251416, 'lag_6': 0.6477586109740855, 'lag_7': 0.5804934611226317, 'lag_8': 0.7974263119638825, 'lag_9': 0.37036530961489966, 'lag_10': 0.6845074143610982, 'lag_11': 0.6443870573019952, 'lag_12': 0.6846561516163933, 'lag_13': 0.8640181855474554, 'lag_14': 0.5477422419375566, 'lag_15': 0.9365235656070481, 'lag_16': 0.7158000963356641, 'lag_17': 0.9689973917960604, 'lag_18': 0.4743161608453105, 'lag_19': 0.010985115177447574, 'lag_20': 0.12977378220341926, 'lag_21': 0.8043354071400293, 'lag_22': 0.8665007258975174, 'lag_23': 0.16742087636466274, 'lag_24': 0.47978195871519824, 'lag_25': 0.7216119877408754, 'lag_26': 0.7820626891838002, 'lag_27': 0.18882797819005123, 'lag_28': 0.21489631321014657}.
[I 2025-10-03 11:38:06,511] Trial 59 finished with values: [0.0055941358024691355, 0.00012609319588160453, 0.0015070618231150055, 0.002017008330904981, 0.001957010783266921, 0.00030950200744805727, 0.00019115510392334804, 0.0003226696412928738, 7.385633129804388e-05, 0.0012186791871061037, 0.0006977845288417769, 0.003446356148007709, 0.0031875529762244318, 0.02553661596203278, 0.0, 0.03999718529798535, 0.00013260929695422692, 0.0005511391719606399, 0.0012953119837511126, 0.002501780957734831, 0.0013560432042018177, 3.90971616589145e-05, 3.1143114499990825e-05, 0.0014670251298342725, 0.001278092942090451, 0.00011791350875875295, 0.00010982760547218293, 0.000386237550719029, 0.0005990396218271204] and parameters: {'lag_0': 0.13055917162182767, 'lag_1': 0.29482137489310145, 'lag_2': 0.34910656940985757, 'lag_3': 0.8633717695384, 'lag_4': 0.24899981520200956, 'lag_5': 0.6731617063065688, 'lag_6': 0.08648199231847278, 'lag_7': 0.06783100910604792, 'lag_8': 0.8843557427827599, 'lag_9': 0.029867617700510943, 'lag_10': 0.5830666830124919, 'lag_11': 0.7780937532039961, 'lag_12': 0.25079912241554614, 'lag_13': 0.22618064447389832, 'lag_14': 0.9960264821851248, 'lag_15': 0.6681211827597258, 'lag_16': 0.913422952802055, 'lag_17': 0.604543634636285, 'lag_18': 0.7499017185509104, 'lag_19': 0.360288587105691, 'lag_20': 0.3552798140764568, 'lag_21': 0.572939159161937, 'lag_22': 0.41693121547020984, 'lag_23': 0.4077397148528282, 'lag_24': 0.12432733679377003, 'lag_25': 0.2555651084263793, 'lag_26': 0.5307828590544551, 'lag_27': 0.6019514121988997, 'lag_28': 0.6660829217314463}.
[I 2025-10-03 11:38:09,164] Trial 60 finished with values: [0.005555555555555555, 0.0005067451644495902, 0.0003302853208727888, 0.0006627969381705414, 0.0027431188554470015, 0.0006135688373676764, 0.0006105780018449985, 0.0006544668104689207, 0.0004008154549700243, 0.0007275073968779634, 0.0007803127043157496, 0.00408411987948002, 0.004800613647735796, 0.0231987788854378, 0.0, 0.052666720043598084, 0.00016910965025465727, 0.0007086059327848914, 0.0014633375706987154, 0.0029873555456323524, 0.0009946555694166008, 7.637991068088696e-05, 5.543619372952206e-05, 0.000933135714221967, 0.001544379399127892, 0.0002727203355875537, 7.0059785354163e-05, 0.00011264387581671556, 0.00047940361771760156] and parameters: {'lag_0': 0.6032711722020326, 'lag_1': 0.6597355538333219, 'lag_2': 0.07844520798014204, 'lag_3': 0.3322341611777516, 'lag_4': 0.2731294904649351, 'lag_5': 0.227434742500685, 'lag_6': 0.09068161879572754, 'lag_7': 0.9366741829835146, 'lag_8': 0.8145362862531318, 'lag_9': 0.25328291090160593, 'lag_10': 0.06892248667167383, 'lag_11': 0.47827035121360334, 'lag_12': 0.12531731141893113, 'lag_13': 0.4389187018849799, 'lag_14': 0.1853113885185156, 'lag_15': 0.6908737324313566, 'lag_16': 0.35878836602559394, 'lag_17': 0.8285609786009643, 'lag_18': 0.250110365527762, 'lag_19': 0.8642034116683808, 'lag_20': 0.3780649928780696, 'lag_21': 0.7100702674597557, 'lag_22': 0.567815447708139, 'lag_23': 0.5821013329853358, 'lag_24': 0.16411266544934475, 'lag_25': 0.16926819741759921, 'lag_26': 0.2575065336147347, 'lag_27': 0.7827760531714204, 'lag_28': 0.9372261348478337}.
[I 2025-10-03 11:38:11,808] Trial 61 finished with values: [0.004970521541950114, 0.003259057112970692, 0.0007777654809852441, 0.002707116902179482, 0.0013123417102454485, 0.0006558441021201895, 0.00023311470297981886, 0.0007870578086939097, 0.00034114485401268564, 0.0008857076909873571, 0.0008086824980576508, 0.0030801987290423423, 0.0033412272285329807, 0.020383171761205236, 0.0, 0.04877830951628476, 0.0003290686059799272, 0.0006245340747423339, 0.0015706117341863202, 0.0025061259576585975, 0.0008467453355875006, 2.471486449820833e-05, 2.0043872538791278e-05, 0.0016810237448782084, 0.0017816055457995962, 0.0004797877789588543, 0.00015930878552571065, 0.00014344296380054122, 0.0005678436031193067] and parameters: {'lag_0': 0.5702496274217712, 'lag_1': 0.5449305971328502, 'lag_2': 0.7342854620310556, 'lag_3': 0.7502228381793007, 'lag_4': 0.8888436471364151, 'lag_5': 0.7726551137699857, 'lag_6': 0.8085947839663361, 'lag_7': 0.02150915043566242, 'lag_8': 0.3055229472571589, 'lag_9': 0.7501547641420679, 'lag_10': 0.5207153444549986, 'lag_11': 0.6451266589125251, 'lag_12': 0.13742200504646626, 'lag_13': 0.3428092129630755, 'lag_14': 0.038083251002230076, 'lag_15': 0.6271580779221504, 'lag_16': 0.5415253064801073, 'lag_17': 0.554461884166087, 'lag_18': 0.8507460247096378, 'lag_19': 0.8821830766194809, 'lag_20': 0.6689423068039162, 'lag_21': 0.2412653769237632, 'lag_22': 0.14014443009382851, 'lag_23': 0.42520126900183836, 'lag_24': 0.5766824693660704, 'lag_25': 0.7292610274965206, 'lag_26': 0.8960448886860168, 'lag_27': 0.7581779021012982, 'lag_28': 0.7344785737140227}.
[I 2025-10-03 11:38:14,458] Trial 62 finished with values: [0.01415289256198347, 0.0005210296841897049, 0.000711423307119374, 0.0012191542568769833, 0.0020152530155571613, 0.0005523726583632375, 0.00023117716729539073, 0.0007206206550311115, 0.0002609596412518055, 0.0006448342716208696, 0.0009248628564175515, 0.004015285031712305, 0.004007151936583671, 0.02310763425893478, 0.0, 0.04863884230016287, 3.9881061610092495e-05, 0.0006480529235690764, 0.0019518800175015675, 0.0024516066061553484, 0.00110589470640094, 6.434221216762909e-05, 3.686982109309361e-05, 0.0008210681888785578, 0.0015580618303413414, 0.00012665916539208346, 6.452857067101602e-05, 4.092595903957249e-05, 0.0003470299622064717] and parameters: {'lag_0': 0.45679219494897655, 'lag_1': 0.426825240837699, 'lag_2': 0.7205932030221911, 'lag_3': 0.3237069608476966, 'lag_4': 0.9598975187471832, 'lag_5': 0.152047491444627, 'lag_6': 0.7351554716278303, 'lag_7': 0.8767360024340136, 'lag_8': 0.44109606880638724, 'lag_9': 0.8318640811501828, 'lag_10': 0.7755658724982553, 'lag_11': 0.41444152339143914, 'lag_12': 0.10884292617281055, 'lag_13': 0.19429483642620304, 'lag_14': 0.8914326775588977, 'lag_15': 0.18005749019007908, 'lag_16': 0.7908896476099933, 'lag_17': 0.6301048444591223, 'lag_18': 0.003930772538989331, 'lag_19': 0.7096132037007941, 'lag_20': 0.2998218495222344, 'lag_21': 0.585648957074236, 'lag_22': 0.7810081861884763, 'lag_23': 0.8359923662923145, 'lag_24': 0.3686869618655963, 'lag_25': 0.8385124421317249, 'lag_26': 0.0072658451282418745, 'lag_27': 0.9277845077796525, 'lag_28': 0.538433250308258}.
[I 2025-10-03 11:38:17,100] Trial 63 finished with values: [0.011125000000000001, 0.002394314355245391, 0.000669257794557389, 0.0010117692613209736, 0.00227082712119872, 0.00043493283332634084, 0.00021211701654562905, 0.0008420555878644237, 0.00016744588969353145, 0.0005806762884144917, 0.0009816032846450184, 0.003944591625689473, 0.0037715106879007707, 0.022216974444021587, 0.0, 0.04911554824394569, 0.0005708962167297798, 0.0004863925953701272, 0.0017627235741094003, 0.002404961420984683, 0.001747593826765367, 6.359703658683638e-05, 4.178117297191316e-05, 0.0016854532880791946, 0.0014745938003895317, 0.00036800407908403165, 0.0002116754826510661, 0.00011316242905662634, 0.0003691899666667161] and parameters: {'lag_0': 0.202913660526324, 'lag_1': 0.8066008691191379, 'lag_2': 0.4431630068379022, 'lag_3': 0.26396508569046695, 'lag_4': 0.870436522932691, 'lag_5': 0.8177553488024111, 'lag_6': 0.7005283850908466, 'lag_7': 0.848133187869834, 'lag_8': 0.6437212270547447, 'lag_9': 0.5464041884838204, 'lag_10': 0.5502075526232574, 'lag_11': 0.010596024754509962, 'lag_12': 0.8885733665231756, 'lag_13': 0.0427106181393329, 'lag_14': 0.6964458685650531, 'lag_15': 0.9026960048616023, 'lag_16': 0.762287621719786, 'lag_17': 0.49270628292358604, 'lag_18': 0.2361812690441517, 'lag_19': 0.803787603898187, 'lag_20': 0.6828710386624761, 'lag_21': 0.7190856176299387, 'lag_22': 0.03326153308992489, 'lag_23': 0.23782760104797593, 'lag_24': 0.22562781361736495, 'lag_25': 0.22322270355758592, 'lag_26': 0.5450390363790326, 'lag_27': 0.7844200810605171, 'lag_28': 0.16501233696690376}.
[I 2025-10-03 11:38:19,750] Trial 64 finished with values: [0.006777892561983472, 0.001115932532743943, 0.0005570774531299111, 0.001913411873192471, 0.0022226931699281666, 0.0008732817706527936, 0.0001839842623556544, 0.0003045585514298424, 0.0005086334723976846, 0.001116287156754516, 0.0010756746205556216, 0.0033994257381213394, 0.003627452561199109, 0.02350666369506084, 0.0, 0.04766292664919067, 0.0002748311923980959, 0.00020226335934658254, 0.0020353489496271037, 0.0023462429256642095, 0.0013688196286494043, 9.811677305644093e-05, 3.54548035032543e-05, 0.0012999505200483896, 0.00099634984712909, 0.00020618885076468724, 4.013179398553611e-05, 0.00015377570596362614, 0.00038608416022918406] and parameters: {'lag_0': 0.6859126472776356, 'lag_1': 0.5964950621120897, 'lag_2': 0.4741778262918964, 'lag_3': 0.8942100718873788, 'lag_4': 0.004519467413002101, 'lag_5': 0.5855052517002447, 'lag_6': 0.7728162353768021, 'lag_7': 0.13073450556391344, 'lag_8': 0.4447897074545222, 'lag_9': 0.5623774024595622, 'lag_10': 0.26592910235169387, 'lag_11': 0.059835772607110434, 'lag_12': 0.2218363167171992, 'lag_13': 0.5252588279824156, 'lag_14': 0.3700644087399054, 'lag_15': 0.4200184181474483, 'lag_16': 0.3112162506078747, 'lag_17': 0.22401136677005287, 'lag_18': 0.02551110603565342, 'lag_19': 0.8647505703920625, 'lag_20': 0.2387419432223175, 'lag_21': 0.5204883206896239, 'lag_22': 0.6735985022083025, 'lag_23': 0.7644458093565399, 'lag_24': 0.6445530046387085, 'lag_25': 0.2514876093151226, 'lag_26': 0.5541947577500898, 'lag_27': 0.61032222530885, 'lag_28': 0.6149471867724614}.
[I 2025-10-03 11:38:22,394] Trial 65 finished with values: [0.0024691358024691358, 0.0007587639352753835, 0.0009104885870022773, 0.0011121148833512814, 0.0022561925615800895, 0.0005374360309933392, 0.00010852732151249069, 0.0008341392164477615, 0.000126922773768652, 0.0015861069396495384, 0.0007271526781834193, 0.0027797898444808246, 0.003464811941692624, 0.023178159826757076, 0.0, 0.050284329370481017, 0.000207260683077712, 0.00044713163580395357, 0.0015747785323731683, 0.0020230819933909827, 0.0014338045264819556, 4.513872141686296e-05, 9.903710982692695e-05, 0.001623223525971994, 0.0013707088866332221, 0.00013696071396914297, 0.0004276231186260904, 0.0004054348294551016, 0.00037617755873393667] and parameters: {'lag_0': 0.6436306167810739, 'lag_1': 0.5964950621120897, 'lag_2': 0.581922795315407, 'lag_3': 0.8942100718873788, 'lag_4': 0.8174507657776359, 'lag_5': 0.21327774555635126, 'lag_6': 0.9579372830613487, 'lag_7': 0.3508026313696837, 'lag_8': 0.29286290873808635, 'lag_9': 0.7050854943986309, 'lag_10': 0.692671354838569, 'lag_11': 0.723631241487226, 'lag_12': 0.8593455811863878, 'lag_13': 0.5144596120237056, 'lag_14': 0.17220017716252617, 'lag_15': 0.7810911061227681, 'lag_16': 0.11366561883765013, 'lag_17': 0.22401136677005287, 'lag_18': 0.02551110603565342, 'lag_19': 0.49821477977645134, 'lag_20': 0.9684199920802664, 'lag_21': 0.20809008300262044, 'lag_22': 0.6735985022083025, 'lag_23': 0.26797059804728585, 'lag_24': 0.2575214058888269, 'lag_25': 0.3479861157276115, 'lag_26': 0.26571670281810883, 'lag_27': 0.028620519462148896, 'lag_28': 0.5636439525868577}.
[I 2025-10-03 11:38:25,039] Trial 66 finished with values: [0.025574147311784673, 2.2715371601265853e-05, 0.00042536675170936787, 0.0009350334375995636, 0.0024834201532043998, 0.00030579774686422423, 0.000224252266921504, 0.0007273870234104368, 0.00021453074644043135, 0.00096435460504595, 0.0008955012625157438, 0.0030999381957461563, 0.004067097229128472, 0.0260014462200611, 0.0, 0.05355955856924538, 9.032028034222435e-05, 0.0004592678660124908, 0.0018209022938408443, 0.002906797153380805, 0.0010621810797270524, 3.346551828000104e-05, 0.00012636409693028702, 0.0017406148138684227, 0.0015060748265437582, 0.00028056591613390006, 6.303274254021266e-05, 0.00016392672987121517, 0.00032432763880269587] and parameters: {'lag_0': 0.6119389855758091, 'lag_1': 0.6153270697379996, 'lag_2': 0.27119008922800897, 'lag_3': 0.4169613978965691, 'lag_4': 0.49558554169180447, 'lag_5': 0.42548566086154777, 'lag_6': 0.3427709789715109, 'lag_7': 0.643646655133122, 'lag_8': 0.42287302237543306, 'lag_9': 0.40341593370907475, 'lag_10': 0.8200004760697664, 'lag_11': 0.7673942674658398, 'lag_12': 0.70032803168054, 'lag_13': 0.7702066414726816, 'lag_14': 0.11150481907596124, 'lag_15': 0.889687637959954, 'lag_16': 0.5040785892766385, 'lag_17': 0.9689973917960604, 'lag_18': 0.7614391113071699, 'lag_19': 0.010985115177447574, 'lag_20': 0.9778944412647219, 'lag_21': 0.4321673778329423, 'lag_22': 0.23422126465325196, 'lag_23': 0.9591744600331177, 'lag_24': 0.908449146335528, 'lag_25': 0.7216119877408754, 'lag_26': 0.7820626891838002, 'lag_27': 0.510227206392362, 'lag_28': 0.18059728673838513}.
[I 2025-10-03 11:38:27,688] Trial 67 finished with values: [0.006081632653061225, 0.0017606432653367778, 0.0003608415770560237, 0.0007254606595407899, 0.0013819323841354242, 0.0003531218401099384, 0.00015647933872048008, 0.0006018779030702225, 0.00015510995050725234, 0.0007964494345590286, 0.0008132762605592609, 0.003449022228739844, 0.0037344603794464163, 0.023642007311874887, 0.0, 0.04329582949179921, 0.000338442025731919, 0.000587688980414798, 0.001378034776437068, 0.0023130718839701452, 0.0009832834997655798, 5.1347148737165076e-05, 6.618185232055018e-05, 0.0015847721096272367, 0.0015154459043716603, 0.00016913256060061276, 0.00011456437522639605, 0.0003281757241219244, 0.000776327783191774] and parameters: {'lag_0': 0.9968640615054984, 'lag_1': 0.9051282607664939, 'lag_2': 0.6202032621055328, 'lag_3': 0.5618574244073113, 'lag_4': 0.13939679779472827, 'lag_5': 0.24099363753531186, 'lag_6': 0.15011571515018843, 'lag_7': 0.6021489546172484, 'lag_8': 0.5201641460605778, 'lag_9': 0.615720973094967, 'lag_10': 0.5914191375909379, 'lag_11': 0.013935530957990423, 'lag_12': 0.5360658980910004, 'lag_13': 0.22757454023674792, 'lag_14': 0.7161397207863498, 'lag_15': 0.8547010414567063, 'lag_16': 0.8501839672191002, 'lag_17': 0.2712379847172595, 'lag_18': 0.08609980701752394, 'lag_19': 0.4325638732096819, 'lag_20': 0.05771353270468763, 'lag_21': 0.04079769751355864, 'lag_22': 0.7145631919091405, 'lag_23': 0.7908081267933726, 'lag_24': 0.5960889992715417, 'lag_25': 0.4898317951360108, 'lag_26': 0.6530603716618602, 'lag_27': 0.7414948189549262, 'lag_28': 0.8888876565570754}.
