[I 2025-09-29 13:08:17,152] Trial 40 finished with value: 0.004747973143707748 and parameters: {'lag_0': 0.7802866256723062, 'lag_1': 0.3824293977499121, 'lag_2': 0.9790855836145875, 'lag_3': 0.4387137858212913, 'lag_4': 0.1537892762880862, 'lag_5': 0.4975287834373387, 'lag_6': 0.5516844262923866, 'lag_7': 0.631519959382248, 'lag_8': 0.21164699147970298, 'lag_9': 0.49933833685724954, 'lag_10': 0.7082122532488538, 'lag_11': 0.9290539589802406, 'lag_12': 0.08043260850909285, 'lag_13': 0.22825694261777518, 'lag_14': 0.7283220900909955, 'lag_15': 0.4145953197820546, 'lag_16': 0.12916147997382765, 'lag_17': 0.7212730179917537, 'lag_18': 0.007576780725654653, 'lag_19': 0.8411603117728579, 'lag_20': 0.6928385877991384, 'lag_21': 0.2819124390536689, 'lag_22': 0.7979277855838831, 'lag_23': 0.25291901590607574, 'lag_24': 0.5708882719355928, 'lag_25': 0.8227394223598797, 'lag_26': 0.42907190863072864, 'lag_27': 0.05247643621718079, 'lag_28': 0.04371097245787256}. Best is trial 28 with value: 0.0032896686685785644.
[I 2025-09-29 13:08:19,664] Trial 41 finished with value: 0.004586084475513346 and parameters: {'lag_0': 0.8214865648136678, 'lag_1': 0.33292110013468834, 'lag_2': 0.9967901898140763, 'lag_3': 0.4397379130706726, 'lag_4': 0.15677878629726977, 'lag_5': 0.4859918144277191, 'lag_6': 0.5428286485170984, 'lag_7': 0.7233366955915701, 'lag_8': 0.1925013491918006, 'lag_9': 0.5068522766603776, 'lag_10': 0.7130853163600711, 'lag_11': 0.9422330087376231, 'lag_12': 0.0655749081823846, 'lag_13': 0.2672896857535104, 'lag_14': 0.9280384234296511, 'lag_15': 0.41835418925481693, 'lag_16': 0.10045179039707394, 'lag_17': 0.7358495435916854, 'lag_18': 0.022844507949249915, 'lag_19': 0.9355726548277171, 'lag_20': 0.7058730605108146, 'lag_21': 0.22176407720112487, 'lag_22': 0.9835800265598624, 'lag_23': 0.23419604822486603, 'lag_24': 0.5706540488726712, 'lag_25': 0.8096737499008422, 'lag_26': 0.45096778762511247, 'lag_27': 0.05229462261009125, 'lag_28': 0.032151769659231916}. Best is trial 28 with value: 0.0032896686685785644.
[I 2025-09-29 13:08:22,176] Trial 42 finished with value: 0.004903630377782909 and parameters: {'lag_0': 0.842412860258089, 'lag_1': 0.32696344434659114, 'lag_2': 0.9704673748523958, 'lag_3': 0.44919099435316856, 'lag_4': 0.12602349359058368, 'lag_5': 0.444236040940507, 'lag_6': 0.5282523552762339, 'lag_7': 0.7411678020333405, 'lag_8': 0.20211077524757326, 'lag_9': 0.4950137991252317, 'lag_10': 0.7500824986277019, 'lag_11': 0.9645923597508268, 'lag_12': 0.08340929845430455, 'lag_13': 0.24778085214349968, 'lag_14': 0.9651186241545393, 'lag_15': 0.4149637287400632, 'lag_16': 0.12347515962847018, 'lag_17': 0.7426550145142897, 'lag_18': 0.008514098181065877, 'lag_19': 0.9645406166331874, 'lag_20': 0.6968827481697569, 'lag_21': 0.20210715748342145, 'lag_22': 0.9719200052262593, 'lag_23': 0.19249094019737, 'lag_24': 0.5883283518469962, 'lag_25': 0.8195464298351763, 'lag_26': 0.4440255409223377, 'lag_27': 0.022464428940423768, 'lag_28': 0.009721230535531731}. Best is trial 28 with value: 0.0032896686685785644.
[I 2025-09-29 13:08:24,688] Trial 43 finished with value: 0.005423364979826005 and parameters: {'lag_0': 0.9957904687799268, 'lag_1': 0.39419869725556733, 'lag_2': 0.9085391753211667, 'lag_3': 0.3024097531697237, 'lag_4': 0.015475123544863495, 'lag_5': 0.5037112419437074, 'lag_6': 0.3761168578024293, 'lag_7': 0.6517192435383534, 'lag_8': 0.09636828694018335, 'lag_9': 0.4426090682612504, 'lag_10': 0.605948826224855, 'lag_11': 0.8760069161411158, 'lag_12': 0.06090905849731884, 'lag_13': 0.2726969003101834, 'lag_14': 0.8430458100023313, 'lag_15': 0.5062953877283396, 'lag_16': 0.11623731701015794, 'lag_17': 0.8193723825448797, 'lag_18': 0.0830487799130138, 'lag_19': 0.8826671234803863, 'lag_20': 0.5111634278841253, 'lag_21': 0.2331638465115744, 'lag_22': 0.8221486871754562, 'lag_23': 0.27577420578116707, 'lag_24': 0.55515775381953, 'lag_25': 0.8825784468219703, 'lag_26': 0.3735469586530499, 'lag_27': 0.06711477310418329, 'lag_28': 0.06543728779036896}. Best is trial 28 with value: 0.0032896686685785644.
[I 2025-09-29 13:08:27,196] Trial 44 finished with value: 0.005857226379050682 and parameters: {'lag_0': 0.7653258216749494, 'lag_1': 0.4520606097876077, 'lag_2': 0.9968200983032346, 'lag_3': 0.4150737944595303, 'lag_4': 0.1578613539503063, 'lag_5': 0.4856745601491611, 'lag_6': 0.6147264688173052, 'lag_7': 0.8593305197514705, 'lag_8': 0.25217725845176464, 'lag_9': 0.5758053643614501, 'lag_10': 0.7866695827636163, 'lag_11': 0.5563284417789294, 'lag_12': 0.10353826392763786, 'lag_13': 0.1805089801895256, 'lag_14': 0.816188268661987, 'lag_15': 0.4034973247547318, 'lag_16': 0.1893853701883536, 'lag_17': 0.7369995561920542, 'lag_18': 0.007847008839186714, 'lag_19': 0.9009717040868797, 'lag_20': 0.6887610940587394, 'lag_21': 0.06242101052895588, 'lag_22': 0.736072916849982, 'lag_23': 0.1115145402062463, 'lag_24': 0.434287795048251, 'lag_25': 0.7379159923100406, 'lag_26': 0.30236028057654046, 'lag_27': 0.1580739334959576, 'lag_28': 0.05355488695471736}. Best is trial 28 with value: 0.0032896686685785644.
[I 2025-09-29 13:08:29,713] Trial 45 finished with value: 0.005190394172540482 and parameters: {'lag_0': 0.8867093109780737, 'lag_1': 0.3194606173242739, 'lag_2': 0.8819329801348694, 'lag_3': 0.3321754439328508, 'lag_4': 0.2909478786025736, 'lag_5': 0.6133684329785835, 'lag_6': 0.20434863088043786, 'lag_7': 0.6243712021232862, 'lag_8': 0.168387110852209, 'lag_9': 0.49591735135133974, 'lag_10': 0.818741757442557, 'lag_11': 0.8275842251062688, 'lag_12': 0.04174477431188335, 'lag_13': 0.12642541236053867, 'lag_14': 0.7792616679486527, 'lag_15': 0.6529924150895761, 'lag_16': 0.040413751794464714, 'lag_17': 0.01831505971660846, 'lag_18': 0.1402375672592989, 'lag_19': 0.8549902497050819, 'lag_20': 0.7888926279294296, 'lag_21': 0.2993552553763949, 'lag_22': 0.8801424329786056, 'lag_23': 0.4306604457313288, 'lag_24': 0.3681198498692892, 'lag_25': 0.825363483603274, 'lag_26': 0.43379801883932495, 'lag_27': 0.010506046765007146, 'lag_28': 0.16593479168477027}. Best is trial 28 with value: 0.0032896686685785644.
[I 2025-09-29 13:08:32,229] Trial 46 finished with value: 0.00487300745657931 and parameters: {'lag_0': 0.6478468529545206, 'lag_1': 0.39472308400345196, 'lag_2': 0.8449669933676588, 'lag_3': 0.5032211019725378, 'lag_4': 0.0797894135824172, 'lag_5': 0.3805366090116719, 'lag_6': 0.056955756408762104, 'lag_7': 0.733656425381772, 'lag_8': 0.037454443044034696, 'lag_9': 0.42050055319969193, 'lag_10': 0.5401561190894821, 'lag_11': 0.9324059302147626, 'lag_12': 0.13439119681466302, 'lag_13': 0.3258993388604823, 'lag_14': 0.6344584753936249, 'lag_15': 0.46247750808663396, 'lag_16': 0.07569601935270454, 'lag_17': 0.6907829087648063, 'lag_18': 0.1973688833683621, 'lag_19': 0.8186409155810939, 'lag_20': 0.6276439135989786, 'lag_21': 0.1599219502249754, 'lag_22': 0.92447089561059, 'lag_23': 0.3418678754758455, 'lag_24': 0.48458278699924495, 'lag_25': 0.7693777912590117, 'lag_26': 0.506552052225228, 'lag_27': 0.07661472327958815, 'lag_28': 0.17894390218956835}. Best is trial 28 with value: 0.0032896686685785644.
[I 2025-09-29 13:08:34,749] Trial 47 finished with value: 0.0057502043557665986 and parameters: {'lag_0': 0.7804535605032579, 'lag_1': 0.9954185643478622, 'lag_2': 0.7389648703181169, 'lag_3': 0.21499041754642795, 'lag_4': 0.23954948510711838, 'lag_5': 0.5530498243979081, 'lag_6': 0.5492157203232299, 'lag_7': 0.5217005606597137, 'lag_8': 0.31405527395434796, 'lag_9': 0.5361942381156871, 'lag_10': 0.71407918846799, 'lag_11': 0.05789524964369974, 'lag_12': 0.2408201663297034, 'lag_13': 0.21580225109608467, 'lag_14': 0.9046913699394015, 'lag_15': 0.5279100179556119, 'lag_16': 0.1755701595746228, 'lag_17': 0.9303679785930945, 'lag_18': 0.058332132866886974, 'lag_19': 0.9909236585573661, 'lag_20': 0.44927256784585984, 'lag_21': 0.2638169108144732, 'lag_22': 0.5768256918454081, 'lag_23': 0.21489138501544613, 'lag_24': 0.6524163283577387, 'lag_25': 0.6448855335130851, 'lag_26': 0.33570294773728304, 'lag_27': 0.7043563293798769, 'lag_28': 0.06585841952468685}. Best is trial 28 with value: 0.0032896686685785644.
[I 2025-09-29 13:08:37,269] Trial 48 finished with value: 0.005923728897114952 and parameters: {'lag_0': 0.8390528796855358, 'lag_1': 0.46232389513179684, 'lag_2': 0.9325536921655686, 'lag_3': 0.5581500731923437, 'lag_4': 0.08752204805611907, 'lag_5': 0.493626388395613, 'lag_6': 0.44894837499638746, 'lag_7': 0.9607317908552272, 'lag_8': 0.06943513172278468, 'lag_9': 0.31494496557587903, 'lag_10': 0.6324329541559482, 'lag_11': 0.9910308979714229, 'lag_12': 0.021155539253943166, 'lag_13': 0.14865007812243428, 'lag_14': 0.7364727015971384, 'lag_15': 0.3443986497552807, 'lag_16': 0.26626168793213645, 'lag_17': 0.7952551943661355, 'lag_18': 0.9389727552073871, 'lag_19': 0.6567850056484241, 'lag_20': 0.6439442404241117, 'lag_21': 0.45349052843284515, 'lag_22': 0.7397762823676676, 'lag_23': 0.14546106335748227, 'lag_24': 0.5374102157782832, 'lag_25': 0.9941885163506939, 'lag_26': 0.27181708359107426, 'lag_27': 0.8082905669106604, 'lag_28': 0.10236625533486787}. Best is trial 28 with value: 0.0032896686685785644.
[I 2025-09-29 13:08:39,792] Trial 49 finished with value: 0.004412661592987752 and parameters: {'lag_0': 0.9017015412746092, 'lag_1': 0.6401501046974905, 'lag_2': 0.7697613497843045, 'lag_3': 0.1313537659428125, 'lag_4': 0.16682702503693989, 'lag_5': 0.313506282450122, 'lag_6': 0.4817894970851877, 'lag_7': 0.9115896456008025, 'lag_8': 0.14192794992067476, 'lag_9': 0.6177437024047924, 'lag_10': 0.8912137406939651, 'lag_11': 0.851820619407844, 'lag_12': 0.00027589834958569037, 'lag_13': 0.24492318134742982, 'lag_14': 0.6714040471750552, 'lag_15': 0.44221056481103793, 'lag_16': 0.006715158934773535, 'lag_17': 0.849161841476362, 'lag_18': 0.07806836631644845, 'lag_19': 0.9186874756358671, 'lag_20': 0.7112045954873545, 'lag_21': 0.34757048947200014, 'lag_22': 0.8406658481803608, 'lag_23': 0.022216743312649445, 'lag_24': 0.5887801500720378, 'lag_25': 0.8762238395345054, 'lag_26': 0.6200515036846066, 'lag_27': 0.2878819451039356, 'lag_28': 0.0006110692928630868}. Best is trial 28 with value: 0.0032896686685785644.
[I 2025-09-29 13:08:42,311] Trial 50 finished with value: 0.004942628530301379 and parameters: {'lag_0': 0.9101869777061277, 'lag_1': 0.6496335772908728, 'lag_2': 0.7699643519305517, 'lag_3': 0.09392162568332521, 'lag_4': 0.34597298038027013, 'lag_5': 0.31068574984048036, 'lag_6': 0.6088179865568841, 'lag_7': 0.9131902979313359, 'lag_8': 0.13588191883490042, 'lag_9': 0.6245915608604922, 'lag_10': 0.926902273214853, 'lag_11': 0.8481918085112988, 'lag_12': 0.17613394355191153, 'lag_13': 0.08656447778613013, 'lag_14': 0.4790893888426605, 'lag_15': 0.7622044661101808, 'lag_16': 0.0012940078563631547, 'lag_17': 0.859468846618411, 'lag_18': 0.07863120541945226, 'lag_19': 0.9242487559954575, 'lag_20': 0.7209087203353961, 'lag_21': 0.37430989143244725, 'lag_22': 0.9950015535719853, 'lag_23': 0.0008233221563009319, 'lag_24': 0.37634034047959475, 'lag_25': 0.8767974276218553, 'lag_26': 0.645474864864382, 'lag_27': 0.2882817041958255, 'lag_28': 0.11032512722225402}. Best is trial 28 with value: 0.0032896686685785644.
[I 2025-09-29 13:08:44,829] Trial 51 finished with value: 0.005163605343805952 and parameters: {'lag_0': 0.8639185524136012, 'lag_1': 0.6859518680661588, 'lag_2': 0.8228305077519207, 'lag_3': 0.03707191829540682, 'lag_4': 0.16095930642829015, 'lag_5': 0.40443227541792287, 'lag_6': 0.4999401083746406, 'lag_7': 0.8175021605418733, 'lag_8': 0.20765586902144156, 'lag_9': 0.5284151458354146, 'lag_10': 0.8643462839732348, 'lag_11': 0.9366683819177973, 'lag_12': 0.006486312134215098, 'lag_13': 0.240546272084889, 'lag_14': 0.6841079590734281, 'lag_15': 0.41718160248595476, 'lag_16': 0.08447959555467129, 'lag_17': 0.7223709194514732, 'lag_18': 0.15277396052326403, 'lag_19': 0.8448033643315302, 'lag_20': 0.6000944658838465, 'lag_21': 0.30264200099812866, 'lag_22': 0.8461346339138471, 'lag_23': 0.34766895156441324, 'lag_24': 0.6005728199142, 'lag_25': 0.8655613577467794, 'lag_26': 0.707117010152243, 'lag_27': 0.16028572521296375, 'lag_28': 0.03346511530510861}. Best is trial 28 with value: 0.0032896686685785644.
[I 2025-09-29 13:08:47,348] Trial 52 finished with value: 0.004536827259673725 and parameters: {'lag_0': 0.8055829869495683, 'lag_1': 0.590510072049257, 'lag_2': 0.6715288134459318, 'lag_3': 0.13116330491845946, 'lag_4': 0.2263420061357232, 'lag_5': 0.3296738916865031, 'lag_6': 0.4780493567747904, 'lag_7': 0.7235025975173064, 'lag_8': 0.2598627967626012, 'lag_9': 0.6974012978540862, 'lag_10': 0.9585845727778166, 'lag_11': 0.8876198690262465, 'lag_12': 0.05205530922472845, 'lag_13': 0.3524502071363886, 'lag_14': 0.5528858655129045, 'lag_15': 0.6031960414113287, 'lag_16': 0.04169231048906963, 'lag_17': 0.8462855324505499, 'lag_18': 0.10627237689057817, 'lag_19': 0.37921014569651534, 'lag_20': 0.7903423792890448, 'lag_21': 0.35130215946320326, 'lag_22': 0.9379837999612467, 'lag_23': 0.005638425550099815, 'lag_24': 0.5776020571585276, 'lag_25': 0.7714328741111642, 'lag_26': 0.544869339167294, 'lag_27': 0.5093504812662824, 'lag_28': 0.008378064546191506}. Best is trial 28 with value: 0.0032896686685785644.
[I 2025-09-29 13:08:49,878] Trial 53 finished with value: 0.005419952247022156 and parameters: {'lag_0': 0.9289963788720492, 'lag_1': 0.601234926721155, 'lag_2': 0.6368058190255799, 'lag_3': 0.16488009673418436, 'lag_4': 0.21928462960176479, 'lag_5': 0.32863898925331236, 'lag_6': 0.4869245794074603, 'lag_7': 0.8778002412496925, 'lag_8': 0.2580464777324982, 'lag_9': 0.7995953617187523, 'lag_10': 0.9975468093924038, 'lag_11': 0.720486610355362, 'lag_12': 0.11719751511086599, 'lag_13': 0.35221949527433255, 'lag_14': 0.5505000286400994, 'lag_15': 0.6577664414802012, 'lag_16': 0.034681622471564616, 'lag_17': 0.9756805481071107, 'lag_18': 0.049164440998013925, 'lag_19': 0.3818610214361844, 'lag_20': 0.7777909719786344, 'lag_21': 0.3429591519385551, 'lag_22': 0.9497788546291056, 'lag_23': 0.015848118536934068, 'lag_24': 0.3033523974242492, 'lag_25': 0.9387156589181689, 'lag_26': 0.5456695706914907, 'lag_27': 0.39051916846280593, 'lag_28': 0.1264681716964331}. Best is trial 28 with value: 0.0032896686685785644.
[I 2025-09-29 13:08:52,389] Trial 54 finished with value: 0.005614575921713978 and parameters: {'lag_0': 0.7387592538507647, 'lag_1': 0.6794716034295406, 'lag_2': 0.6485299605801569, 'lag_3': 0.11409225370478705, 'lag_4': 0.385433411454954, 'lag_5': 0.256602310728839, 'lag_6': 0.3681668498330619, 'lag_7': 0.7284582173662313, 'lag_8': 0.35286271094376204, 'lag_9': 0.6808505268966047, 'lag_10': 0.9500051090044005, 'lag_11': 0.879350936910796, 'lag_12': 0.060250458011686846, 'lag_13': 0.2738648685837021, 'lag_14': 0.6281624832597326, 'lag_15': 0.4522190356065733, 'lag_16': 0.21748045604718821, 'lag_17': 0.8578328978785862, 'lag_18': 0.17872559629972615, 'lag_19': 0.5111662013582013, 'lag_20': 0.5257806061726708, 'lag_21': 0.15406316470615605, 'lag_22': 0.8910982301958111, 'lag_23': 0.061025876153879825, 'lag_24': 0.05680440101171443, 'lag_25': 0.7630060902473638, 'lag_26': 0.6090757834155709, 'lag_27': 0.5098653505300154, 'lag_28': 0.002560884908145808}. Best is trial 28 with value: 0.0032896686685785644.
[I 2025-09-29 13:08:54,909] Trial 55 finished with value: 0.005010821753307753 and parameters: {'lag_0': 0.6632931719288903, 'lag_1': 0.8313896145260595, 'lag_2': 0.7767350474442494, 'lag_3': 0.13304268673090894, 'lag_4': 0.4829780503625005, 'lag_5': 0.15780533289400842, 'lag_6': 0.4198026537131465, 'lag_7': 0.7762114860730703, 'lag_8': 0.06187445172551577, 'lag_9': 0.5878887492927397, 'lag_10': 0.8976943331388484, 'lag_11': 0.579757481073051, 'lag_12': 0.21495528835415573, 'lag_13': 0.43776254154637806, 'lag_14': 0.36627231593960385, 'lag_15': 0.552133769714838, 'lag_16': 0.1397383393068632, 'lag_17': 0.9176148241482048, 'lag_18': 0.12126372377276114, 'lag_19': 0.47688848204978473, 'lag_20': 0.8197150845178792, 'lag_21': 0.42369645978141873, 'lag_22': 0.9227937805833701, 'lag_23': 0.5081052546081555, 'lag_24': 0.5162726871175849, 'lag_25': 0.7127174647651087, 'lag_26': 0.7142366240686748, 'lag_27': 0.3100993341036159, 'lag_28': 0.19753134141896542}. Best is trial 28 with value: 0.0032896686685785644.
[I 2025-09-29 13:08:57,421] Trial 56 finished with value: 0.0055606079803820155 and parameters: {'lag_0': 0.8087282900760616, 'lag_1': 0.5785907200621426, 'lag_2': 0.10823833870868188, 'lag_3': 0.06795847587546167, 'lag_4': 0.30198624267269586, 'lag_5': 0.2350787833247998, 'lag_6': 0.45815768368172194, 'lag_7': 0.9381305368731137, 'lag_8': 0.13510343236926792, 'lag_9': 0.724724877270914, 'lag_10': 0.8457501895210444, 'lag_11': 0.8448061548805194, 'lag_12': 0.005171807237895013, 'lag_13': 0.19716634944640746, 'lag_14': 0.9039280551177482, 'lag_15': 0.6012521701284005, 'lag_16': 0.05485262873804866, 'lag_17': 0.6573135755219589, 'lag_18': 0.4202187332030243, 'lag_19': 0.56396217488812, 'lag_20': 0.35457914787346545, 'lag_21': 0.3441360807032997, 'lag_22': 0.49610692848989385, 'lag_23': 0.1361882444039223, 'lag_24': 0.46111499630655167, 'lag_25': 0.9545920914864965, 'lag_26': 0.4766924308917753, 'lag_27': 0.5058965575207779, 'lag_28': 0.28989736189456927}. Best is trial 28 with value: 0.0032896686685785644.
[I 2025-09-29 13:08:59,938] Trial 57 finished with value: 0.005901221145152832 and parameters: {'lag_0': 0.9550871112353553, 'lag_1': 0.23447734977594403, 'lag_2': 0.5726757270769132, 'lag_3': 0.2340694783688938, 'lag_4': 0.18862065711344064, 'lag_5': 0.4570679783311655, 'lag_6': 0.6834537454270808, 'lag_7': 0.8067729905796956, 'lag_8': 0.269446979714262, 'lag_9': 0.8314459914340672, 'lag_10': 0.760704822263652, 'lag_11': 0.9695865781743425, 'lag_12': 0.37327639293907705, 'lag_13': 0.36166261976415237, 'lag_14': 0.5884755821470159, 'lag_15': 0.5945293096844368, 'lag_16': 0.10105620461239312, 'lag_17': 0.1584584180420196, 'lag_18': 0.26956952982134985, 'lag_19': 0.3254856415402782, 'lag_20': 0.7353292151904656, 'lag_21': 0.5363742298818117, 'lag_22': 0.874481576852269, 'lag_23': 0.06021017311231549, 'lag_24': 0.7423649896435188, 'lag_25': 0.5585260523485043, 'lag_26': 0.6017639584586651, 'lag_27': 0.8853215543395716, 'lag_28': 0.07649178585000654}. Best is trial 28 with value: 0.0032896686685785644.
[I 2025-09-29 13:09:02,449] Trial 58 finished with value: 0.005301701202806772 and parameters: {'lag_0': 0.8681336211721358, 'lag_1': 0.48460976673663353, 'lag_2': 0.6679801601476352, 'lag_3': 0.007158337604211917, 'lag_4': 0.24806510139275995, 'lag_5': 0.28590095160632145, 'lag_6': 0.7775334791785359, 'lag_7': 0.8505807955844406, 'lag_8': 0.17471775037433418, 'lag_9': 0.46106354670804783, 'lag_10': 0.958973097947547, 'lag_11': 0.4904195548074742, 'lag_12': 0.0821388899332216, 'lag_13': 0.9978055885835018, 'lag_14': 0.5341698207332741, 'lag_15': 0.3698969832024428, 'lag_16': 0.02692816915096484, 'lag_17': 0.6490846506277903, 'lag_18': 0.805000915797144, 'lag_19': 0.36427746519636545, 'lag_20': 0.8203505655881744, 'lag_21': 0.203876019918841, 'lag_22': 0.9553419914961406, 'lag_23': 0.03424220429461449, 'lag_24': 0.6601368341589287, 'lag_25': 0.779806977320908, 'lag_26': 0.6516785271321519, 'lag_27': 0.5989307218572021, 'lag_28': 0.007451818154504495}. Best is trial 28 with value: 0.0032896686685785644.
[I 2025-09-29 13:09:04,972] Trial 59 finished with value: 0.00572092692195054 and parameters: {'lag_0': 0.8123483765452932, 'lag_1': 0.3197484018486158, 'lag_2': 0.8511798438712816, 'lag_3': 0.0632660754330785, 'lag_4': 0.05041656946390172, 'lag_5': 0.3471781926582314, 'lag_6': 0.6126064326169994, 'lag_7': 0.707552466457939, 'lag_8': 0.3591493590829343, 'lag_9': 0.5951918495819235, 'lag_10': 0.9050975798470059, 'lag_11': 0.6922920331977541, 'lag_12': 0.043839605589822125, 'lag_13': 0.29917216259281965, 'lag_14': 0.6755212063487629, 'lag_15': 0.48984434285609096, 'lag_16': 0.30503903120989867, 'lag_17': 0.833392616505342, 'lag_18': 0.6665196913102265, 'lag_19': 0.40031166586020744, 'lag_20': 0.6625344585559834, 'lag_21': 0.09423960459238312, 'lag_22': 0.7531252353687463, 'lag_23': 0.3971191880951734, 'lag_24': 0.6037352206234914, 'lag_25': 0.5367289563438435, 'lag_26': 0.8082445020428256, 'lag_27': 0.33338623397805434, 'lag_28': 0.6393558486171302}. Best is trial 28 with value: 0.0032896686685785644.
[I 2025-09-29 13:09:07,486] Trial 60 finished with value: 0.005339074315754419 and parameters: {'lag_0': 0.2671798736957167, 'lag_1': 0.5430420325337036, 'lag_2': 0.7294999108067419, 'lag_3': 0.34112889709244687, 'lag_4': 0.7078461051315099, 'lag_5': 0.3936094901879052, 'lag_6': 0.3285145509315136, 'lag_7': 0.7688128130130298, 'lag_8': 0.07820124903297929, 'lag_9': 0.6699024381868701, 'lag_10': 0.5435884890456417, 'lag_11': 0.7508019457362817, 'lag_12': 0.5499377569494593, 'lag_13': 0.25990776674083427, 'lag_14': 0.4822795780924756, 'lag_15': 0.29062758356790996, 'lag_16': 0.2230282863187121, 'lag_17': 0.7655832717415327, 'lag_18': 0.21577751209288892, 'lag_19': 0.9335605810242948, 'lag_20': 0.45685085388718966, 'lag_21': 0.46583421146691384, 'lag_22': 0.9983534700981291, 'lag_23': 0.102813136858295, 'lag_24': 0.46357708674423015, 'lag_25': 0.6499919191521097, 'lag_26': 0.39509928401371436, 'lag_27': 0.41063700231346967, 'lag_28': 0.08722177767755067}. Best is trial 28 with value: 0.0032896686685785644.
