[I 2025-09-29 13:25:55,402] Trial 87 finished with value: 0.011789151925957914 and parameters: {'lag_0': 0.4190764948787882, 'lag_1': 0.9407257942018497, 'lag_2': 0.6087004402955879, 'lag_3': 0.5043265689230414, 'lag_4': 0.2684373911955313, 'lag_5': 0.3620369222810102, 'lag_6': 0.5118802908797456, 'lag_7': 0.3831657572166395, 'lag_8': 0.6686005024255699, 'lag_9': 0.14771939729879247, 'lag_10': 0.7832797127010636, 'lag_11': 0.6663714364448486, 'lag_12': 0.063408842212108, 'lag_13': 0.2544363839108143, 'lag_14': 0.36929756762429483, 'lag_15': 0.7085032004612235, 'lag_16': 0.6646202579275153, 'lag_17': 0.723142238744811, 'lag_18': 0.8680638841797775, 'lag_19': 0.6151325763737336, 'lag_20': 0.7025453070117785, 'lag_21': 0.46807167640655317, 'lag_22': 0.4145136273975312, 'lag_23': 0.332902776856639, 'lag_24': 0.370998310915857, 'lag_25': 0.4329763549227299, 'lag_26': 0.12369024028312231, 'lag_27': 0.18211111960010706, 'lag_28': 0.3818301456544593}. Best is trial 47 with value: 0.010740174285171072.
[I 2025-09-29 13:25:57,951] Trial 88 finished with value: 0.011386400284751866 and parameters: {'lag_0': 0.5112442785320681, 'lag_1': 0.7662037195657433, 'lag_2': 0.9101682965664514, 'lag_3': 0.37187537026252926, 'lag_4': 0.13834584803333233, 'lag_5': 0.48541993484024804, 'lag_6': 0.5365239290478299, 'lag_7': 0.40873850314994015, 'lag_8': 0.6338130476491204, 'lag_9': 0.02385814787273812, 'lag_10': 0.9633036868399031, 'lag_11': 0.1479367772439079, 'lag_12': 0.09265601349817143, 'lag_13': 0.13210994665170261, 'lag_14': 0.4209342140779293, 'lag_15': 0.33315103362503207, 'lag_16': 0.44695783491741514, 'lag_17': 0.4826262508071447, 'lag_18': 0.8334931007753826, 'lag_19': 0.5769703651051791, 'lag_20': 0.044658926204918535, 'lag_21': 0.6359636983806153, 'lag_22': 0.6292570490108207, 'lag_23': 0.3833789971745971, 'lag_24': 0.41025555526059854, 'lag_25': 0.18116399586501483, 'lag_26': 0.034252230116972184, 'lag_27': 0.2549033882944333, 'lag_28': 0.5008606481759241}. Best is trial 47 with value: 0.010740174285171072.
[I 2025-09-29 13:26:00,492] Trial 89 finished with value: 0.012115602175727644 and parameters: {'lag_0': 0.470267817568986, 'lag_1': 0.8325056946061054, 'lag_2': 0.2743519014281402, 'lag_3': 0.5303077235854488, 'lag_4': 0.38482502548568553, 'lag_5': 0.28260508107305876, 'lag_6': 0.45262502071486427, 'lag_7': 0.5583355958703394, 'lag_8': 0.48341330783552544, 'lag_9': 0.1762982646870711, 'lag_10': 0.9210273460494014, 'lag_11': 0.5505323563890616, 'lag_12': 0.008045245661743111, 'lag_13': 0.35081463650985906, 'lag_14': 0.6057448349912633, 'lag_15': 0.30242217577253466, 'lag_16': 0.5539603084930805, 'lag_17': 0.6392607660842063, 'lag_18': 0.9505149905450937, 'lag_19': 0.4777344441029432, 'lag_20': 0.1349028966813365, 'lag_21': 0.5909515933590459, 'lag_22': 0.5089638426493981, 'lag_23': 0.6171595785238351, 'lag_24': 0.44955281041357736, 'lag_25': 0.2155226256558233, 'lag_26': 0.09222856893933304, 'lag_27': 0.3461854765456459, 'lag_28': 0.19235140983561025}. Best is trial 47 with value: 0.010740174285171072.
[I 2025-09-29 13:26:03,044] Trial 90 finished with value: 0.010988396790934152 and parameters: {'lag_0': 0.627758320746887, 'lag_1': 0.9943751019923649, 'lag_2': 0.7044117716597962, 'lag_3': 0.2410155939299279, 'lag_4': 0.12358220339162729, 'lag_5': 0.46986126887964863, 'lag_6': 0.39789899747021296, 'lag_7': 0.350117023933045, 'lag_8': 0.07332004190434144, 'lag_9': 0.2240728206906642, 'lag_10': 0.05053400858088844, 'lag_11': 0.5016834174008643, 'lag_12': 0.11674668628125903, 'lag_13': 0.2259867310453647, 'lag_14': 0.48302882458803303, 'lag_15': 0.2297579007280664, 'lag_16': 0.5761592491437753, 'lag_17': 0.5297411774762106, 'lag_18': 0.4703401399833932, 'lag_19': 0.44368019988056845, 'lag_20': 0.08253983138770449, 'lag_21': 0.42549014414889785, 'lag_22': 0.1233919881125353, 'lag_23': 0.16986120797544504, 'lag_24': 0.48995118061396453, 'lag_25': 0.4048820322055405, 'lag_26': 0.2554628567501564, 'lag_27': 0.1393472919529325, 'lag_28': 0.5505032699503063}. Best is trial 47 with value: 0.010740174285171072.
[I 2025-09-29 13:26:05,596] Trial 91 finished with value: 0.012139262599844556 and parameters: {'lag_0': 0.6667483385011967, 'lag_1': 0.9826697426060287, 'lag_2': 0.7145402924772912, 'lag_3': 0.2391029936062217, 'lag_4': 0.1837817974396195, 'lag_5': 0.21984963108342356, 'lag_6': 0.4065428804243624, 'lag_7': 0.2778203316240728, 'lag_8': 0.057382216020047706, 'lag_9': 0.11236511762870935, 'lag_10': 0.03418620510768616, 'lag_11': 0.5099816013528067, 'lag_12': 0.13995371198355983, 'lag_13': 0.2390265260734377, 'lag_14': 0.48588493987110287, 'lag_15': 0.230566916216215, 'lag_16': 0.5712193030356804, 'lag_17': 0.5509962544507996, 'lag_18': 0.46041373012260084, 'lag_19': 0.4072557591252329, 'lag_20': 0.06256917981689165, 'lag_21': 0.42401240013296876, 'lag_22': 0.08319790211108224, 'lag_23': 0.15887660268033144, 'lag_24': 0.4820603373287855, 'lag_25': 0.39387368105715365, 'lag_26': 0.2853287568577555, 'lag_27': 0.13028820898960392, 'lag_28': 0.45512872740497773}. Best is trial 47 with value: 0.010740174285171072.
[I 2025-09-29 13:26:08,137] Trial 92 finished with value: 0.011917465892944368 and parameters: {'lag_0': 0.629910459715718, 'lag_1': 0.9441214451438072, 'lag_2': 0.639171448581609, 'lag_3': 0.2954888803650747, 'lag_4': 0.09733913481317066, 'lag_5': 0.4650743093855936, 'lag_6': 0.31212583362782653, 'lag_7': 0.3599617972917548, 'lag_8': 0.005016794826643398, 'lag_9': 0.22217884048407244, 'lag_10': 0.06673604658092239, 'lag_11': 0.5986893944148359, 'lag_12': 0.03221991595884859, 'lag_13': 0.2893328694135352, 'lag_14': 0.5224859102522931, 'lag_15': 0.19646920354545233, 'lag_16': 0.5958170571299019, 'lag_17': 0.649183189004684, 'lag_18': 0.9989820365436884, 'lag_19': 0.45080549452160773, 'lag_20': 0.11666102628924496, 'lag_21': 0.5157437158952906, 'lag_22': 0.04976856285691375, 'lag_23': 0.10461040580386663, 'lag_24': 0.02126474930751937, 'lag_25': 0.45291648750603447, 'lag_26': 0.2434022947755297, 'lag_27': 0.1497318192447195, 'lag_28': 0.5423252811460162}. Best is trial 47 with value: 0.010740174285171072.
[I 2025-09-29 13:26:10,682] Trial 93 finished with value: 0.012205420125658341 and parameters: {'lag_0': 0.5306641992917822, 'lag_1': 0.8754709959403354, 'lag_2': 0.7032679384423812, 'lag_3': 0.35877783626566345, 'lag_4': 0.5319679594623922, 'lag_5': 0.4395642243863594, 'lag_6': 0.352728315543355, 'lag_7': 0.31322504527241124, 'lag_8': 0.11436115026620161, 'lag_9': 0.24620621516605457, 'lag_10': 0.11476755176262071, 'lag_11': 0.9969682372081451, 'lag_12': 0.11564921819409346, 'lag_13': 0.19405441042873822, 'lag_14': 0.6352266933606768, 'lag_15': 0.2559388778804191, 'lag_16': 0.6465905724029767, 'lag_17': 0.5085082425760281, 'lag_18': 0.5249740342283816, 'lag_19': 0.35562595260892166, 'lag_20': 0.2056137847614683, 'lag_21': 0.564512757839873, 'lag_22': 0.1118365818625256, 'lag_23': 0.08229860391767763, 'lag_24': 0.3729724399058163, 'lag_25': 0.5856645414341194, 'lag_26': 0.19038887262675072, 'lag_27': 0.1911251045442563, 'lag_28': 0.5680965040960391}. Best is trial 47 with value: 0.010740174285171072.
[I 2025-09-29 13:26:13,237] Trial 94 finished with value: 0.01170944976891119 and parameters: {'lag_0': 0.5757723525358155, 'lag_1': 0.9983161725779885, 'lag_2': 0.6787380096690814, 'lag_3': 0.18059901915191462, 'lag_4': 0.1743966590277003, 'lag_5': 0.6003188442070213, 'lag_6': 0.6127544757876517, 'lag_7': 0.42403208514913204, 'lag_8': 0.7171384757158229, 'lag_9': 0.16376474324416146, 'lag_10': 0.801125746438826, 'lag_11': 0.39602116144026844, 'lag_12': 0.17525247326868426, 'lag_13': 0.2147095476766199, 'lag_14': 0.4313775864557432, 'lag_15': 0.16739579929131915, 'lag_16': 0.4142707783509522, 'lag_17': 0.5691810617007087, 'lag_18': 0.5743693688994362, 'lag_19': 0.5155914708282755, 'lag_20': 0.013127078456305119, 'lag_21': 0.5107862966001294, 'lag_22': 0.30576091473677164, 'lag_23': 0.21153186430078585, 'lag_24': 0.5008115109628785, 'lag_25': 0.36258770745999047, 'lag_26': 0.3364409484781393, 'lag_27': 0.3018076787822658, 'lag_28': 0.5968790651498425}. Best is trial 47 with value: 0.010740174285171072.
[I 2025-09-29 13:26:15,780] Trial 95 finished with value: 0.012048070391682198 and parameters: {'lag_0': 0.6044979009966376, 'lag_1': 0.4747677254468404, 'lag_2': 0.7558714707499947, 'lag_3': 0.20358556116540094, 'lag_4': 0.03368559539270739, 'lag_5': 0.5397703119885461, 'lag_6': 0.4720297250536153, 'lag_7': 0.7539280193789203, 'lag_8': 0.08982208065153197, 'lag_9': 0.20468768985294156, 'lag_10': 0.22448771808243279, 'lag_11': 0.6519041233928973, 'lag_12': 0.07477969826707137, 'lag_13': 0.16881037484838302, 'lag_14': 0.4701342469219667, 'lag_15': 0.27650900474042983, 'lag_16': 0.5231293038028408, 'lag_17': 0.6216886615655266, 'lag_18': 0.5008867248242559, 'lag_19': 0.6709446960837735, 'lag_20': 0.08861202532292806, 'lag_21': 0.37819564639198056, 'lag_22': 0.48006268298419785, 'lag_23': 0.1365403298643925, 'lag_24': 0.42392538623521003, 'lag_25': 0.3011101443263479, 'lag_26': 0.38896303824383405, 'lag_27': 0.16252971361966337, 'lag_28': 0.31330599887978305}. Best is trial 47 with value: 0.010740174285171072.
[I 2025-09-29 13:26:18,319] Trial 96 finished with value: 0.011357105048165266 and parameters: {'lag_0': 0.7801357712915638, 'lag_1': 0.932470450207765, 'lag_2': 0.5962919816280784, 'lag_3': 0.5920430230521412, 'lag_4': 0.32221021121865634, 'lag_5': 0.5247403542263113, 'lag_6': 0.4943900196090974, 'lag_7': 0.46592958035971144, 'lag_8': 0.609718707241317, 'lag_9': 0.07587920350616083, 'lag_10': 0.8541812299719527, 'lag_11': 0.5314608952569471, 'lag_12': 0.13655738121390446, 'lag_13': 0.11172052633625822, 'lag_14': 0.557704020000494, 'lag_15': 0.8950568230724033, 'lag_16': 0.36062559266879585, 'lag_17': 0.46780336628888997, 'lag_18': 0.41800484542099625, 'lag_19': 0.5521593343619577, 'lag_20': 0.17052532736293358, 'lag_21': 0.42062218532553425, 'lag_22': 0.41320486044518256, 'lag_23': 0.038525232443562735, 'lag_24': 0.3101099660335447, 'lag_25': 0.4069867493246915, 'lag_26': 0.05276625656454741, 'lag_27': 0.09759238197367569, 'lag_28': 0.6635175570182156}. Best is trial 47 with value: 0.010740174285171072.
[I 2025-09-29 13:26:21,024] Trial 97 finished with value: 0.011615127489485354 and parameters: {'lag_0': 0.5002164353582574, 'lag_1': 0.5334358508314815, 'lag_2': 0.9573608414610834, 'lag_3': 0.40726042030947013, 'lag_4': 0.43266315708937886, 'lag_5': 0.09696271178216864, 'lag_6': 0.2744810841529223, 'lag_7': 0.358403917140573, 'lag_8': 0.04749540145108053, 'lag_9': 0.2906240050548528, 'lag_10': 0.03785071255720068, 'lag_11': 0.4975616657315, 'lag_12': 0.10921505569841855, 'lag_13': 0.4739448881853633, 'lag_14': 0.3008454619461959, 'lag_15': 0.1441742436112326, 'lag_16': 0.4881910688959587, 'lag_17': 0.6854869549107192, 'lag_18': 0.07431289598665936, 'lag_19': 0.4881044423478098, 'lag_20': 0.6107890128719482, 'lag_21': 0.4668647258445686, 'lag_22': 0.5460092794637744, 'lag_23': 0.16925049095150538, 'lag_24': 0.2666616879274092, 'lag_25': 0.33496688056065194, 'lag_26': 0.006431071443229658, 'lag_27': 0.2523235456670069, 'lag_28': 0.5352590502965324}. Best is trial 47 with value: 0.010740174285171072.
[I 2025-09-29 13:26:23,582] Trial 98 finished with value: 0.012045358946006609 and parameters: {'lag_0': 0.3712861099474016, 'lag_1': 0.8922020906859035, 'lag_2': 0.8236446094284195, 'lag_3': 0.2763752818916278, 'lag_4': 0.9761640519682178, 'lag_5': 0.896460118967692, 'lag_6': 0.4169743513518173, 'lag_7': 0.5019725061939007, 'lag_8': 0.14918560630415295, 'lag_9': 0.14160055356896084, 'lag_10': 0.15364780286417143, 'lag_11': 0.6984836795986917, 'lag_12': 0.050467730448242126, 'lag_13': 0.05004666867020166, 'lag_14': 0.39431277142838494, 'lag_15': 0.6625337544671841, 'lag_16': 0.7553595463446718, 'lag_17': 0.4106941550221388, 'lag_18': 0.4608092078019856, 'lag_19': 0.4452299044088319, 'lag_20': 0.6551451176661779, 'lag_21': 0.232758480342738, 'lag_22': 0.4486608391856516, 'lag_23': 0.3999386877901293, 'lag_24': 0.5191434574007109, 'lag_25': 0.5255365762567377, 'lag_26': 0.8466825626522666, 'lag_27': 0.2283724004425844, 'lag_28': 0.13737357686965126}. Best is trial 47 with value: 0.010740174285171072.
[I 2025-09-29 13:26:26,130] Trial 99 finished with value: 0.01200195313547164 and parameters: {'lag_0': 0.6282124015926791, 'lag_1': 0.8449183103385782, 'lag_2': 0.5703046930041176, 'lag_3': 0.14185885319089342, 'lag_4': 0.46651455790748086, 'lag_5': 0.3870852462880998, 'lag_6': 0.8983901974692426, 'lag_7': 0.23944677580870088, 'lag_8': 0.021635439679869528, 'lag_9': 0.25722926161160176, 'lag_10': 0.07055141059751616, 'lag_11': 0.6242313749883, 'lag_12': 0.08076805726062652, 'lag_13': 0.021041240764736305, 'lag_14': 0.5980743999565772, 'lag_15': 0.2274136603270326, 'lag_16': 0.5808971150333917, 'lag_17': 0.5485371509331045, 'lag_18': 0.6499020589189557, 'lag_19': 0.40160904913404827, 'lag_20': 0.7598992063638338, 'lag_21': 0.16885120552498945, 'lag_22': 0.24304434522954388, 'lag_23': 0.2030364438158463, 'lag_24': 0.2157027177380413, 'lag_25': 0.48298210734425123, 'lag_26': 0.10962896222721924, 'lag_27': 0.4725750623268833, 'lag_28': 0.09610311060032314}. Best is trial 47 with value: 0.010740174285171072.
2025-09-29 13:26:28,942 - distributed.worker - INFO - Stopping worker at tcp://192.168.86.108:33489. Reason: scheduler-remove-worker
2025-09-29 13:26:28,945 - distributed.nanny - INFO - Closing Nanny gracefully at 'tcp://192.168.86.108:42806'. Reason: scheduler-remove-worker
2025-09-29 13:26:28,949 - distributed.nanny - INFO - Worker closed
2025-09-29 13:26:28,949 - distributed.core - INFO - Connection to tcp://192.168.86.101:42031 has been closed.
slurmstepd: error: *** JOB 3081227 ON node08 CANCELLED AT 2025-09-29T13:26:28 ***
