[I 2025-09-29 11:59:34,219] Trial 88 finished with value: 0.011953533918062614 and parameters: {'lag_0': 0.9624980945218033, 'lag_1': 0.6646134619051762, 'lag_2': 0.6970161882120113, 'lag_3': 0.6895306504683064, 'lag_4': 0.3801355593451356, 'lag_5': 0.2618129684735569, 'lag_6': 0.734209182183344, 'lag_7': 0.6244758265779617, 'lag_8': 0.9786632572651212, 'lag_9': 0.6586436433689272, 'lag_10': 0.718800483489218, 'lag_11': 0.5767376161828549, 'lag_12': 0.6421564480372146, 'lag_13': 0.343666251166999, 'lag_14': 0.35816130138705515, 'lag_15': 0.16768024163974873, 'lag_16': 0.981519529022252, 'lag_17': 0.7649344206679942, 'lag_18': 0.5622627064416352, 'lag_19': 0.8340380105678797, 'lag_20': 0.013023426149146256, 'lag_21': 0.5902793255777357, 'lag_22': 0.6767707621964789, 'lag_23': 0.6438559134729074, 'lag_24': 0.49481706744122056, 'lag_25': 0.24848254205186507, 'lag_26': 0.5966580877281287, 'lag_27': 0.9962372481293778, 'lag_28': 0.5870720101274833}. Best is trial 84 with value: 0.0116082534683913.
[I 2025-09-29 11:59:36,637] Trial 89 finished with value: 0.011710681477574961 and parameters: {'lag_0': 0.7897420404592596, 'lag_1': 0.6222873064475208, 'lag_2': 0.6282414470723989, 'lag_3': 0.6045196389742115, 'lag_4': 0.699083235099576, 'lag_5': 0.39110064112122267, 'lag_6': 0.62347569402288, 'lag_7': 0.33915680057939573, 'lag_8': 0.7843066040481366, 'lag_9': 0.8512912852705334, 'lag_10': 0.7892819862888293, 'lag_11': 0.861185239141371, 'lag_12': 0.2857051329283297, 'lag_13': 0.0691175371914187, 'lag_14': 0.9360097663206582, 'lag_15': 0.5478159818000096, 'lag_16': 0.29316515931838943, 'lag_17': 0.20016361043952818, 'lag_18': 0.8642929351274786, 'lag_19': 0.9342099797775739, 'lag_20': 0.5237952871749276, 'lag_21': 0.08879263322698439, 'lag_22': 0.7095759807456854, 'lag_23': 0.582308548531069, 'lag_24': 0.8486755222232185, 'lag_25': 0.18174799116985796, 'lag_26': 0.5074480211442999, 'lag_27': 0.5704921452322836, 'lag_28': 0.12613662287249194}. Best is trial 84 with value: 0.0116082534683913.
[I 2025-09-29 11:59:39,058] Trial 90 finished with value: 0.011830161414841603 and parameters: {'lag_0': 0.6876402889757856, 'lag_1': 0.6181578496133521, 'lag_2': 0.634242991676744, 'lag_3': 0.599804284039132, 'lag_4': 0.7377447854373026, 'lag_5': 0.027394259272497112, 'lag_6': 0.558415790705214, 'lag_7': 0.21677077626445662, 'lag_8': 0.7441693219526095, 'lag_9': 0.8529618202117003, 'lag_10': 0.6785476984010381, 'lag_11': 0.8513713094844549, 'lag_12': 0.30940724079571047, 'lag_13': 0.06473366865372875, 'lag_14': 0.9118822103130304, 'lag_15': 0.5530953757938951, 'lag_16': 0.11629660455314803, 'lag_17': 0.20740842592297082, 'lag_18': 0.8770276615313245, 'lag_19': 0.8582049543499629, 'lag_20': 0.48327761896899013, 'lag_21': 0.042114691696265305, 'lag_22': 0.7041468330282815, 'lag_23': 0.581560186757595, 'lag_24': 0.7966694402035269, 'lag_25': 0.20152297900924504, 'lag_26': 0.5151130397805315, 'lag_27': 0.572342573195314, 'lag_28': 0.07871581924328659}. Best is trial 84 with value: 0.0116082534683913.
[I 2025-09-29 11:59:41,466] Trial 91 finished with value: 0.011832911842018248 and parameters: {'lag_0': 0.7971924563970302, 'lag_1': 0.0484676657680751, 'lag_2': 0.5236842461114498, 'lag_3': 0.9660934033298393, 'lag_4': 0.7040944630371431, 'lag_5': 0.38892845944302123, 'lag_6': 0.672084784940595, 'lag_7': 0.3828952035763006, 'lag_8': 0.7821545515183514, 'lag_9': 0.9116842992556009, 'lag_10': 0.8098603850106769, 'lag_11': 0.9023429590109384, 'lag_12': 0.8086583331512767, 'lag_13': 0.11631046550724977, 'lag_14': 0.9051316263983668, 'lag_15': 0.5856712712329377, 'lag_16': 0.2972540529236316, 'lag_17': 0.17913169765970247, 'lag_18': 0.7534642412745108, 'lag_19': 0.9409739695688744, 'lag_20': 0.06700505314170016, 'lag_21': 0.08778484938783379, 'lag_22': 0.6072318079546444, 'lag_23': 0.20168087488810738, 'lag_24': 0.8574718211162198, 'lag_25': 0.17995947659312192, 'lag_26': 0.5740660251944438, 'lag_27': 0.3789445712904804, 'lag_28': 0.10953845333368555}. Best is trial 84 with value: 0.0116082534683913.
[I 2025-09-29 11:59:43,882] Trial 92 finished with value: 0.012115336896004714 and parameters: {'lag_0': 0.8270390586885463, 'lag_1': 0.5904402035578995, 'lag_2': 0.5803376730458812, 'lag_3': 0.6711668237128754, 'lag_4': 0.814202936663496, 'lag_5': 0.36250608253562505, 'lag_6': 0.6286486876204948, 'lag_7': 0.3577249850892551, 'lag_8': 0.8140405502198341, 'lag_9': 0.877209033661949, 'lag_10': 0.7309526146699256, 'lag_11': 0.9497750273131148, 'lag_12': 0.7549523657833653, 'lag_13': 0.260447005090621, 'lag_14': 0.9662564911470576, 'lag_15': 0.6322463013693782, 'lag_16': 0.2851974656675122, 'lag_17': 0.29389644202579446, 'lag_18': 0.80669284129384, 'lag_19': 0.8973624705907667, 'lag_20': 0.5343040725258827, 'lag_21': 0.030242367376207946, 'lag_22': 0.6637975394258048, 'lag_23': 0.6164842944035304, 'lag_24': 0.6765844984937871, 'lag_25': 0.22784518799710915, 'lag_26': 0.3969371088230347, 'lag_27': 0.47592607042905366, 'lag_28': 0.1551376723796608}. Best is trial 84 with value: 0.0116082534683913.
[I 2025-09-29 11:59:46,293] Trial 93 finished with value: 0.011910751047716727 and parameters: {'lag_0': 0.7305162135806041, 'lag_1': 0.6396547896931553, 'lag_2': 0.7160176420974892, 'lag_3': 0.6200332453739104, 'lag_4': 0.6375467826981045, 'lag_5': 0.43423284900483244, 'lag_6': 0.6084136560587484, 'lag_7': 0.3108681090191291, 'lag_8': 0.8462348689384516, 'lag_9': 0.7823888962380915, 'lag_10': 0.7778795382946784, 'lag_11': 0.8773127524509621, 'lag_12': 0.271310417771626, 'lag_13': 0.006192173356263597, 'lag_14': 0.9976618454054678, 'lag_15': 0.41641047800755, 'lag_16': 0.32206475643357674, 'lag_17': 0.13521597898799936, 'lag_18': 0.7755015024544818, 'lag_19': 0.46222344195517756, 'lag_20': 0.09668441882537487, 'lag_21': 0.18662510057587026, 'lag_22': 0.7881168647434932, 'lag_23': 0.503272284755466, 'lag_24': 0.96217663731229, 'lag_25': 0.31363842898364175, 'lag_26': 0.7765642265284944, 'lag_27': 0.5089361630011245, 'lag_28': 0.5363683661514742}. Best is trial 84 with value: 0.0116082534683913.
[I 2025-09-29 11:59:48,707] Trial 94 finished with value: 0.012099564181401432 and parameters: {'lag_0': 0.7779756187050632, 'lag_1': 0.5492380746606058, 'lag_2': 0.46572733299536495, 'lag_3': 0.5040143912583549, 'lag_4': 0.6818463416148087, 'lag_5': 0.2985255913976644, 'lag_6': 0.7029074938808627, 'lag_7': 0.4276329464063643, 'lag_8': 0.6890301927791899, 'lag_9': 0.9447603107323129, 'lag_10': 0.8784959275131602, 'lag_11': 0.7312905647933389, 'lag_12': 0.7070229310809096, 'lag_13': 0.19043239714537186, 'lag_14': 0.9430476581970967, 'lag_15': 0.49598216259060185, 'lag_16': 0.23584789378227472, 'lag_17': 0.1037958132519397, 'lag_18': 0.4867228211450493, 'lag_19': 0.9981322061304256, 'lag_20': 0.6001397001629422, 'lag_21': 0.07206533050591901, 'lag_22': 0.5699687271386007, 'lag_23': 0.6617425305728377, 'lag_24': 0.9058205587950251, 'lag_25': 0.16347817690188537, 'lag_26': 0.6296415637234618, 'lag_27': 0.5916299229073464, 'lag_28': 0.03798598706879097}. Best is trial 84 with value: 0.0116082534683913.
[I 2025-09-29 11:59:51,123] Trial 95 finished with value: 0.01179716231724791 and parameters: {'lag_0': 0.9268438464967111, 'lag_1': 0.6865625900258788, 'lag_2': 0.6770291192601797, 'lag_3': 0.9974779896661647, 'lag_4': 0.5305907527754519, 'lag_5': 0.33550839862735393, 'lag_6': 0.6458944403988446, 'lag_7': 0.33294325821038023, 'lag_8': 0.9008830161810738, 'lag_9': 0.8469026018901328, 'lag_10': 0.23267860130797374, 'lag_11': 0.8166043089555292, 'lag_12': 0.5833937137554301, 'lag_13': 0.15199622427258425, 'lag_14': 0.8449154674591703, 'lag_15': 0.44504446141922616, 'lag_16': 0.02557407444507641, 'lag_17': 0.26166774503456514, 'lag_18': 0.9383375477011453, 'lag_19': 0.79851245545408, 'lag_20': 0.5197242280806408, 'lag_21': 0.66330593958399, 'lag_22': 0.7095810381457244, 'lag_23': 0.44971969334519496, 'lag_24': 0.2600722881666288, 'lag_25': 0.09522302872088934, 'lag_26': 0.4661021412039184, 'lag_27': 0.5615252833012673, 'lag_28': 0.1143688588006428}. Best is trial 84 with value: 0.0116082534683913.
[I 2025-09-29 11:59:53,527] Trial 96 finished with value: 0.012310806884625946 and parameters: {'lag_0': 0.9312806737176648, 'lag_1': 0.6875626187427064, 'lag_2': 0.6744716680058057, 'lag_3': 0.9205182782842725, 'lag_4': 0.5741987895707528, 'lag_5': 0.18710972482774169, 'lag_6': 0.6479195714683702, 'lag_7': 0.25904470805234725, 'lag_8': 0.9010198185789274, 'lag_9': 0.8161276494874764, 'lag_10': 0.029976631146705894, 'lag_11': 0.8026681725294221, 'lag_12': 0.46370346747582375, 'lag_13': 0.15540276777505016, 'lag_14': 0.8529060480399795, 'lag_15': 0.3903790849288604, 'lag_16': 0.3761325547162616, 'lag_17': 0.262228948131752, 'lag_18': 0.9471923737021875, 'lag_19': 0.7921719124256925, 'lag_20': 0.4528453523199149, 'lag_21': 0.21974436867201158, 'lag_22': 0.7181958666185417, 'lag_23': 0.4096247107049977, 'lag_24': 0.7752245359112724, 'lag_25': 0.34835930225940775, 'lag_26': 0.45588938097231224, 'lag_27': 0.5537864454913638, 'lag_28': 0.10500254413079445}. Best is trial 84 with value: 0.0116082534683913.
[I 2025-09-29 11:59:55,925] Trial 97 finished with value: 0.012155070929199404 and parameters: {'lag_0': 0.9771030417429933, 'lag_1': 0.7186511262378042, 'lag_2': 0.7640010165479162, 'lag_3': 0.9342687024634704, 'lag_4': 0.5336085076025752, 'lag_5': 0.3289679904496796, 'lag_6': 0.5465845283820335, 'lag_7': 0.33619970552920003, 'lag_8': 0.9990460001545531, 'lag_9': 0.8401155706761243, 'lag_10': 0.06920918308888527, 'lag_11': 0.7746807386186728, 'lag_12': 0.5926706367764025, 'lag_13': 0.10962914310699731, 'lag_14': 0.7934334959180833, 'lag_15': 0.45230206921380806, 'lag_16': 0.08960751797587312, 'lag_17': 0.23708895491933507, 'lag_18': 0.9159653155401145, 'lag_19': 0.7565460840315114, 'lag_20': 0.26677972529409943, 'lag_21': 0.15657512639391713, 'lag_22': 0.7588001141966337, 'lag_23': 0.4529592279530878, 'lag_24': 0.6093499430637075, 'lag_25': 0.021605613069784813, 'lag_26': 0.3577251225078611, 'lag_27': 0.6174556087438158, 'lag_28': 0.14729281367968713}. Best is trial 84 with value: 0.0116082534683913.
[I 2025-09-29 11:59:58,323] Trial 98 finished with value: 0.011884939787348534 and parameters: {'lag_0': 0.49001041397835726, 'lag_1': 0.6268138686845651, 'lag_2': 0.8432152727696708, 'lag_3': 0.9605225396453747, 'lag_4': 0.08585859491660541, 'lag_5': 0.2837420563591435, 'lag_6': 0.5960570553398302, 'lag_7': 0.5899410861368286, 'lag_8': 0.9497028305004741, 'lag_9': 0.742703331464452, 'lag_10': 0.23656285633536625, 'lag_11': 0.8617330374152626, 'lag_12': 0.9136816598791746, 'lag_13': 0.028163134732870437, 'lag_14': 0.881613805033999, 'lag_15': 0.5296071009444904, 'lag_16': 0.040716097075591734, 'lag_17': 0.30303141923130017, 'lag_18': 0.8788028943798869, 'lag_19': 0.8109890940664696, 'lag_20': 0.3975382875636473, 'lag_21': 0.6607744016400267, 'lag_22': 0.6849743382159068, 'lag_23': 0.37667268375318297, 'lag_24': 0.2639204290137146, 'lag_25': 0.0644319958579268, 'lag_26': 0.45832521707892615, 'lag_27': 0.6666749413679555, 'lag_28': 0.08920992918687824}. Best is trial 84 with value: 0.0116082534683913.
[I 2025-09-29 12:00:00,729] Trial 99 finished with value: 0.01172771073459563 and parameters: {'lag_0': 0.9131664816369718, 'lag_1': 0.6636879158435428, 'lag_2': 0.9061692515583712, 'lag_3': 0.8284671590423663, 'lag_4': 0.1313369270308267, 'lag_5': 0.4962360520594695, 'lag_6': 0.7443722346234581, 'lag_7': 0.5586795588785365, 'lag_8': 0.8710954512273897, 'lag_9': 0.8004020956693977, 'lag_10': 0.822839919633664, 'lag_11': 0.8234309903047373, 'lag_12': 0.24090785669201478, 'lag_13': 0.06210520811706467, 'lag_14': 0.02253542029145251, 'lag_15': 0.31241894820810423, 'lag_16': 0.016578792569551373, 'lag_17': 0.3353326539999828, 'lag_18': 0.9388612553641306, 'lag_19': 0.9084934302958856, 'lag_20': 0.4269985953900384, 'lag_21': 0.6184602180485503, 'lag_22': 0.6452357511351572, 'lag_23': 0.337063301966109, 'lag_24': 0.22288618880495453, 'lag_25': 0.0970413059995279, 'lag_26': 0.8435807929587291, 'lag_27': 0.5282982315545045, 'lag_28': 0.059722137729103064}. Best is trial 84 with value: 0.0116082534683913.
2025-09-29 12:00:03,466 - distributed.worker - INFO - Stopping worker at tcp://192.168.86.108:46558. Reason: scheduler-remove-worker
2025-09-29 12:00:03,470 - distributed.nanny - INFO - Closing Nanny gracefully at 'tcp://192.168.86.108:45070'. Reason: scheduler-remove-worker
2025-09-29 12:00:03,476 - distributed.nanny - INFO - Worker closed
2025-09-29 12:00:03,476 - distributed.core - INFO - Connection to tcp://192.168.86.101:45699 has been closed.
slurmstepd: error: *** JOB 3081119 ON node08 CANCELLED AT 2025-09-29T12:00:03 ***
