[I 2025-09-29 13:11:41,348] Trial 25 finished with value: 0.004635021658106572 and parameters: {'lag_0': 0.2843142906910604, 'lag_1': 0.02825465591266718, 'lag_2': 0.15424208693009803, 'lag_3': 0.7422151917322447, 'lag_4': 0.4425063585527818, 'lag_5': 0.8500838565936821, 'lag_6': 0.08714512617077674, 'lag_7': 0.7028243687006919, 'lag_8': 0.38806680088923673, 'lag_9': 0.7035190957293881, 'lag_10': 0.6790118894402635, 'lag_11': 0.3074776352177933, 'lag_12': 0.5814922522563796, 'lag_13': 0.785314790303995, 'lag_14': 0.07239761827313053, 'lag_15': 0.7158897563281473, 'lag_16': 0.19699346010311392, 'lag_17': 0.13723877465997653, 'lag_18': 0.7800481222335467, 'lag_19': 0.8070339356370304, 'lag_20': 0.6950120831766833, 'lag_21': 0.7112429357664233, 'lag_22': 0.5243871392901538, 'lag_23': 0.8500044455700542, 'lag_24': 0.02077427565643901, 'lag_25': 0.2002404688539322, 'lag_26': 0.09712127842133302, 'lag_27': 0.7705477355490353, 'lag_28': 0.8609963955769854}. Best is trial 0 with value: 0.0029568639448350046.
2025-09-29 13:11:42,371 - distributed.worker - INFO - Stopping worker at tcp://192.168.86.107:33956. Reason: scheduler-remove-worker
2025-09-29 13:11:42,377 - distributed.nanny - INFO - Closing Nanny gracefully at 'tcp://192.168.86.107:44928'. Reason: scheduler-remove-worker
2025-09-29 13:11:42,378 - distributed.worker.state_machine - WARNING - Async instruction for <Task cancelled name='execute(optimize_subject-20dd69d3-3cf1-4d03-8ab0-eb5d4e505339)' coro=<Worker.execute() done, defined at /usr/global/miniconda/py310_23.1.0-1/envs/workshop_311/lib/python3.11/site-packages/distributed/worker_state_machine.py:3607>> ended with CancelledError
slurmstepd: error: *** JOB 3081202 ON node07 CANCELLED AT 2025-09-29T13:11:42 ***
