2025-10-03 11:30:58,429 - distributed.nanny - INFO -         Start Nanny at: 'tcp://192.168.86.108:46113'
2025-10-03 11:30:59,777 - distributed.worker - INFO -       Start worker at: tcp://192.168.86.108:44322
2025-10-03 11:30:59,777 - distributed.worker - INFO -          Listening to: tcp://192.168.86.108:44322
2025-10-03 11:30:59,778 - distributed.worker - INFO -           Worker name:             SLURMCluster-4
2025-10-03 11:30:59,778 - distributed.worker - INFO -          dashboard at:       192.168.86.108:45898
2025-10-03 11:30:59,778 - distributed.worker - INFO - Waiting to connect to: tcp://192.168.86.108:45752
2025-10-03 11:30:59,778 - distributed.worker - INFO - -------------------------------------------------
2025-10-03 11:30:59,778 - distributed.worker - INFO -               Threads:                          1
2025-10-03 11:30:59,778 - distributed.worker - INFO -                Memory:                   9.31 GiB
2025-10-03 11:30:59,778 - distributed.worker - INFO -       Local Directory: /home1/zrentala/dask-worker-space/dask-scratch-space/worker-p6geww9a
2025-10-03 11:30:59,778 - distributed.worker - INFO - -------------------------------------------------
2025-10-03 11:31:00,119 - distributed.worker - INFO - Starting Worker plugin shuffle
2025-10-03 11:31:00,120 - distributed.worker - INFO -         Registered to: tcp://192.168.86.108:45752
2025-10-03 11:31:00,120 - distributed.worker - INFO - -------------------------------------------------
2025-10-03 11:31:00,120 - distributed.core - INFO - Starting established connection to tcp://192.168.86.108:45752
[I 2025-10-03 11:31:00,203] A new study created in memory with name: no-name-710b813f-e002-430f-8dd2-557b9b4115f7
[I 2025-10-03 11:31:02,901] Trial 0 finished with values: [0.02777777777777778, 0.0014172429668290018, 0.002440373738843987, 0.00047418034146860116, 3.174120204947336e-05, 0.0009601065258766875, 0.00128861126172507, 9.54445785668071e-05, 0.00030666530130063745, 0.0004343455019940758, 0.0006569254581225285, 0.00019626513577818795, 0.002460079933915308, 0.00446113253079592, 0.0, 0.11155494152673792, 0.000961777273501934, 0.019594781328300344, 0.01031754340106783, 0.00227378266057911, 0.004882189882944362, 0.0036895561304437336, 0.003756125905098952, 4.072755015079548e-05, 0.0012984340256832834, 0.0007848132488995259, 0.00035090675509615753, 0.00022223686096585048, 0.0006116280909759097] and parameters: {'lag_0': 0.09943582682414198, 'lag_1': 0.211641405639379, 'lag_2': 0.7166003218713335, 'lag_3': 0.389202801480297, 'lag_4': 0.8287991094058792, 'lag_5': 0.24651530876227457, 'lag_6': 0.21236841890917763, 'lag_7': 0.7810934255935977, 'lag_8': 0.45975569755110945, 'lag_9': 0.5591519516856749, 'lag_10': 0.32665006681081776, 'lag_11': 0.969851211715764, 'lag_12': 0.6635909829477957, 'lag_13': 0.7349207436621278, 'lag_14': 0.8320262394580411, 'lag_15': 0.3389843047457367, 'lag_16': 0.5601310576796527, 'lag_17': 0.7353779413423228, 'lag_18': 0.2579261982957309, 'lag_19': 0.2080132596708206, 'lag_20': 0.12653488428065637, 'lag_21': 0.30975034746815666, 'lag_22': 0.27411839614328226, 'lag_23': 0.6817818258458844, 'lag_24': 0.6591185927635232, 'lag_25': 0.8496931717700031, 'lag_26': 0.14488533381120275, 'lag_27': 0.4437514912589184, 'lag_28': 0.997362094758493}.
[I 2025-10-03 11:31:05,599] Trial 1 finished with values: [0.014969135802469136, 0.003610211826776048, 0.0010362895902132946, 0.0008317854128034568, 0.000690257392657935, 0.0005018279978073034, 0.0018118040399750686, 0.00014951641764810797, 0.0008217155779645557, 0.00047807216456171653, 0.0007521132358374919, 0.0009251924610027131, 0.0013289945672221078, 0.0051933965370043, 0.0, 0.1068997809271556, 0.0010898789397282486, 0.019578052478299413, 0.00848212320620692, 0.0022662995086816726, 0.004313549240478561, 0.0034839946628117077, 0.003328739112484577, 0.0001886530597225122, 0.0011161853221779195, 0.0009087649232545746, 0.0007781128027090814, 0.00010089220036562524, 0.0008470491773619289] and parameters: {'lag_0': 0.6179152025265694, 'lag_1': 0.7629490373385001, 'lag_2': 0.7446287157973853, 'lag_3': 0.7465817477531568, 'lag_4': 0.1764249804594569, 'lag_5': 0.8151045455133414, 'lag_6': 0.23526642093263367, 'lag_7': 0.27460362569186886, 'lag_8': 0.22242601621286218, 'lag_9': 0.39835986835886183, 'lag_10': 0.01993890018207961, 'lag_11': 0.6982750301085693, 'lag_12': 0.28170836589810344, 'lag_13': 0.2080843744350254, 'lag_14': 0.23512331801433975, 'lag_15': 0.018194176898501054, 'lag_16': 0.5700297685394804, 'lag_17': 0.7919251300264217, 'lag_18': 0.031216134012029138, 'lag_19': 0.8555139747610935, 'lag_20': 0.38639664362658627, 'lag_21': 0.9615815507436948, 'lag_22': 0.15381803585489134, 'lag_23': 0.7673341577544845, 'lag_24': 0.8993060737974551, 'lag_25': 0.7747097812684458, 'lag_26': 0.00687516240014012, 'lag_27': 0.38705778822902076, 'lag_28': 0.13634212010587557}.
[I 2025-10-03 11:31:08,269] Trial 2 finished with values: [0.018444444444444444, 0.004121800730342679, 0.0015997240429211086, 0.000913428235361065, 0.00010831950576033023, 0.0007163112871602457, 0.0016144221038951758, 0.000552496431881221, 0.0011360690573899105, 0.00046684992464662167, 0.0003237384882395238, 0.00048772381160699235, 0.002316672447663707, 0.005250637823772404, 0.0, 0.11413054491391379, 0.001065983445959799, 0.0207558850322878, 0.01038630129985595, 0.002449242304212941, 0.003501811382573395, 0.0034956661293350883, 0.005038619736599021, 0.00012229826625153345, 0.0009373058550040952, 0.0005708427999712605, 0.0005134450798833664, 0.0004555624201124907, 0.0004992786497059059] and parameters: {'lag_0': 0.4310295607016668, 'lag_1': 0.8351624594123547, 'lag_2': 0.8170440093892672, 'lag_3': 0.31661032440445325, 'lag_4': 0.028205165134582103, 'lag_5': 0.05302546688386329, 'lag_6': 0.26485773343496244, 'lag_7': 0.33793541940580973, 'lag_8': 0.28030603385451675, 'lag_9': 0.4430116909937573, 'lag_10': 0.3098929197087473, 'lag_11': 0.21648688401711752, 'lag_12': 0.7021615844086152, 'lag_13': 0.3043338617050738, 'lag_14': 0.22057529861415734, 'lag_15': 0.40389748952036975, 'lag_16': 0.38661432145745, 'lag_17': 0.7173657067999545, 'lag_18': 0.43973094786616307, 'lag_19': 0.3041287041466386, 'lag_20': 0.13349813921124237, 'lag_21': 0.517986085253014, 'lag_22': 0.16095888820670348, 'lag_23': 0.3517469933666715, 'lag_24': 0.5659452986254009, 'lag_25': 0.8395418114769989, 'lag_26': 0.5960612808866165, 'lag_27': 0.8703025655830423, 'lag_28': 0.654419123488765}.
[I 2025-10-03 11:31:10,940] Trial 3 finished with values: [0.023370064279155188, 0.001079763479168383, 0.0014149048919764348, 0.0004631823287360617, 0.0007243233851997006, 0.00014308785229059622, 0.0008311448087748522, 0.0005093198922958317, 0.0014973376202215844, 0.0002176813547804976, 0.001862795888561105, 0.0005410859255081354, 0.0015789302315663528, 0.005012273671810745, 0.0, 0.11436504669285097, 0.0005032650960229473, 0.018936740015963474, 0.010442097839010773, 0.002157996753458024, 0.004998520392841694, 0.0034082457802712086, 0.004774061956067578, 8.144013867194333e-05, 0.0008682589957928744, 0.0006127106912470443, 0.0007120168706178246, 0.00020561178370498084, 0.0005895007703168385] and parameters: {'lag_0': 0.9728693982407859, 'lag_1': 0.973330430439338, 'lag_2': 0.7757473777412502, 'lag_3': 0.40916109459328165, 'lag_4': 0.212847443391496, 'lag_5': 0.5298139443149209, 'lag_6': 0.9673969062456299, 'lag_7': 0.18164271655596073, 'lag_8': 0.14844522668312385, 'lag_9': 0.012553585488302878, 'lag_10': 0.4293334758960556, 'lag_11': 0.3355122078881693, 'lag_12': 0.6387894387145147, 'lag_13': 0.6691636819847311, 'lag_14': 0.5706661091370743, 'lag_15': 0.6372363500951385, 'lag_16': 0.004366206133289529, 'lag_17': 0.4863875248521704, 'lag_18': 0.6151642038441002, 'lag_19': 0.9282446732146861, 'lag_20': 0.48102065767094965, 'lag_21': 0.9142004212955627, 'lag_22': 0.7589158881097893, 'lag_23': 0.665482641476108, 'lag_24': 0.6420582209309755, 'lag_25': 0.07562831364658533, 'lag_26': 0.5277103099723446, 'lag_27': 0.4829070730348382, 'lag_28': 0.016616850867233916}.
[I 2025-10-03 11:31:13,609] Trial 4 finished with values: [0.017236111111111112, 0.0008693179844317771, 0.0019238059280651768, 0.000686743648410131, 0.0005558403486630979, 0.0007125693216001186, 0.0009810909901305108, 0.00011371012807569634, 0.0006411614501451907, 0.00042046708729236837, 0.0011507063458200517, 0.0006111176841886341, 0.0022348811985239436, 0.004731474674999673, 0.0, 0.10867507014103492, 0.0006203041373932178, 0.0163792128625537, 0.010205959578926506, 0.0026649640883125623, 0.00476543577481676, 0.0034450985886070444, 0.004620238916220385, 0.00014983000563643738, 0.0012677424122370033, 0.0007951084591258184, 0.0007186240888271838, 0.0005206324318637767, 0.0008284258798403096] and parameters: {'lag_0': 0.08229908113430588, 'lag_1': 0.3773947140669768, 'lag_2': 0.5517875623952575, 'lag_3': 0.028364180265078268, 'lag_4': 0.8018602831818493, 'lag_5': 0.3628630057181796, 'lag_6': 0.6979428118118989, 'lag_7': 0.9555160103526633, 'lag_8': 0.29415195014303297, 'lag_9': 0.816832157956407, 'lag_10': 0.13448863613089085, 'lag_11': 0.7831586542816895, 'lag_12': 0.6413061696702025, 'lag_13': 0.21388764078453656, 'lag_14': 0.2994853272313912, 'lag_15': 0.7133297271810128, 'lag_16': 0.8796032922255713, 'lag_17': 0.28678777792290133, 'lag_18': 0.28591435184513797, 'lag_19': 0.39410992292018576, 'lag_20': 0.9894236414117474, 'lag_21': 0.32199425789822483, 'lag_22': 0.7939225716907805, 'lag_23': 0.4358866533991438, 'lag_24': 0.11037811907323535, 'lag_25': 0.9548546143475823, 'lag_26': 0.5044418796604843, 'lag_27': 0.3628112366249759, 'lag_28': 0.4385988933150159}.
[I 2025-10-03 11:31:16,265] Trial 5 finished with values: [0.019869614512471656, 0.001320585538225557, 0.0010737258638887366, 0.0004359315452374038, 0.0005491227627314866, 0.0010227320092967187, 0.001227030903901172, 0.00031468588567344386, 0.0007724363973522637, 0.0009648484054431466, 0.0007910145199710089, 0.00040506490503977154, 0.002663348426070019, 0.006147379687286849, 0.0, 0.10358626126938901, 0.00034715941395613824, 0.018157871914907937, 0.010637169805873946, 0.002965366072426681, 0.004119110025901157, 0.003424675167850414, 0.004456913649427916, 8.88295659686176e-05, 0.0006560053441023894, 0.000412543305787975, 0.001019157882225365, 0.00024194349989880263, 0.0008297062841804669] and parameters: {'lag_0': 0.41500170983814766, 'lag_1': 0.37831794696788534, 'lag_2': 0.9913363175155493, 'lag_3': 0.2371663112646452, 'lag_4': 0.27136072021582797, 'lag_5': 0.5630298180861978, 'lag_6': 0.27958020193995214, 'lag_7': 0.3547294584178814, 'lag_8': 0.4775166239156698, 'lag_9': 0.3762034884726043, 'lag_10': 0.1523784797698019, 'lag_11': 0.1876093066769313, 'lag_12': 0.924283440723508, 'lag_13': 0.6101520923706767, 'lag_14': 0.18877699063945377, 'lag_15': 0.3118149446028569, 'lag_16': 0.2073970859117962, 'lag_17': 0.48647178123037244, 'lag_18': 0.30152146586272666, 'lag_19': 0.29856415541364417, 'lag_20': 0.007900194384525473, 'lag_21': 0.9015555248826306, 'lag_22': 0.9337668683040606, 'lag_23': 0.6058353385715642, 'lag_24': 0.4549769377944682, 'lag_25': 0.2558232729367198, 'lag_26': 0.7281512111386587, 'lag_27': 0.7361262398888883, 'lag_28': 0.7185655875900171}.
[I 2025-10-03 11:31:18,925] Trial 6 finished with values: [0.02777777777777778, 0.0018438613261879556, 0.0015706168504918774, 0.00043349025737364456, 0.0003505770613258314, 0.0003855652044144979, 0.0015063157292307693, 0.00027291882188568297, 0.0007136192273196225, 0.0002257536630661865, 0.0008676128328884772, 0.0004418075364928132, 0.002724313938560032, 0.0057175515134988645, 0.0, 0.11201600304440378, 0.00047020644064446756, 0.019413107140322166, 0.01038146264685314, 0.0024336347781880154, 0.003950353158850331, 0.0035653815507611965, 0.003973822096748325, 9.539654215382821e-05, 0.0019055174437753153, 0.0006312765558599274, 0.0005038957249581123, 0.00021616406363996426, 0.0005712354415291128] and parameters: {'lag_0': 0.3471881027413628, 'lag_1': 0.4740213733515872, 'lag_2': 0.9958360047871296, 'lag_3': 0.16521611641932799, 'lag_4': 0.4146775543560326, 'lag_5': 0.12332365683705172, 'lag_6': 0.5066506211474946, 'lag_7': 0.526180962564648, 'lag_8': 0.7707914744134172, 'lag_9': 0.0320797779618469, 'lag_10': 0.45827298597274746, 'lag_11': 0.759738735358779, 'lag_12': 0.71968918379323, 'lag_13': 0.8779320418344443, 'lag_14': 0.8537991820998961, 'lag_15': 0.7427874492518001, 'lag_16': 0.9406003796794059, 'lag_17': 0.1080429436820991, 'lag_18': 0.46145378321842334, 'lag_19': 0.9884504569688811, 'lag_20': 0.6412194046179658, 'lag_21': 0.2622592894053341, 'lag_22': 0.6904410142104678, 'lag_23': 0.26010518109757835, 'lag_24': 0.6546187307516521, 'lag_25': 0.2505207489702658, 'lag_26': 0.5264551076352638, 'lag_27': 0.9042021640007009, 'lag_28': 0.9111111262179328}.
[I 2025-10-03 11:31:21,589] Trial 7 finished with values: [0.024036281179138322, 0.004227456877694073, 0.0042193579815920255, 0.0005169422048687653, 0.0016824300320295994, 0.0012610464902259567, 0.0017521681149528935, 0.00033435358146535304, 0.0003287470834913692, 0.0007458080227941103, 0.00108292971678094, 0.0005745716171999504, 0.0023343728560991273, 0.005457878919855152, 0.0, 0.1096201793958739, 0.0008862337632669961, 0.020413386816360925, 0.009511780586681583, 0.002517350527328501, 0.003769679900351685, 0.0034657596595290634, 0.004321481166589933, 0.000109226486252943, 0.0011181847011415796, 0.00048724511977145033, 0.0004670213534455479, 0.00017922653169072278, 0.0003066215380812385] and parameters: {'lag_0': 0.16192823190180414, 'lag_1': 0.34236419601293394, 'lag_2': 0.5188217903820634, 'lag_3': 0.3862518297950345, 'lag_4': 0.08966711077909416, 'lag_5': 0.446670494752588, 'lag_6': 0.8817074923307588, 'lag_7': 0.5180059617341404, 'lag_8': 0.8230932328795865, 'lag_9': 0.7505415092928223, 'lag_10': 0.7475095094972599, 'lag_11': 0.8073928193426126, 'lag_12': 0.8708673645002538, 'lag_13': 0.8949719879762406, 'lag_14': 0.07142563657365232, 'lag_15': 0.8887904094648462, 'lag_16': 0.7385587692193771, 'lag_17': 0.2557943605647228, 'lag_18': 0.7696661536881739, 'lag_19': 0.9783709018102447, 'lag_20': 0.028065704973507938, 'lag_21': 0.27413037788349814, 'lag_22': 0.9508489329358092, 'lag_23': 0.3291489067117584, 'lag_24': 0.20283738217441752, 'lag_25': 0.5687421808269852, 'lag_26': 0.5160019532861294, 'lag_27': 0.6656256344587801, 'lag_28': 0.43448808643147485}.
[I 2025-10-03 11:31:24,253] Trial 8 finished with values: [0.022839506172839506, 0.0018473006678914917, 0.00016514081697906958, 0.0026454610469494808, 0.0004706991134496144, 0.00037611979339593284, 0.0005682651681130416, 0.00031427741987382946, 0.0007176590379113489, 0.00048055621025214673, 0.000899402726723399, 0.0011654625081702168, 0.0023380320598794715, 0.004097271847762782, 0.0, 0.11941606034293659, 0.0006750056387010442, 0.018908863523446683, 0.010340195064395747, 0.0027650301221582253, 0.0044841473127552565, 0.003566223097348885, 0.0047751503618738145, 7.22039404916386e-05, 0.0018776197298444816, 0.0010485779445785584, 0.00046898367988910505, 0.00016985009322328828, 0.000773371752367859] and parameters: {'lag_0': 0.6917195162729006, 'lag_1': 0.26978910307155984, 'lag_2': 0.3278978962703401, 'lag_3': 0.09634056192637237, 'lag_4': 0.4403310265060147, 'lag_5': 0.38417076275527734, 'lag_6': 0.19314256865400833, 'lag_7': 0.9363828355054113, 'lag_8': 0.3448003258856132, 'lag_9': 0.916682899603139, 'lag_10': 0.5897234802515123, 'lag_11': 0.9450066274589352, 'lag_12': 0.6985091779477671, 'lag_13': 0.28021563403029076, 'lag_14': 0.9183227947979972, 'lag_15': 0.06518747813143926, 'lag_16': 0.3547493975597138, 'lag_17': 0.43086694948539056, 'lag_18': 0.638777095478961, 'lag_19': 0.7381436478915552, 'lag_20': 0.9026563805680903, 'lag_21': 0.7299965921302282, 'lag_22': 0.6968515733476741, 'lag_23': 0.6512705938168295, 'lag_24': 0.4489432655724672, 'lag_25': 0.6543086341093574, 'lag_26': 0.8177704521910918, 'lag_27': 0.7340724625779816, 'lag_28': 0.117074953001995}.
[I 2025-10-03 11:31:27,000] Trial 9 finished with values: [0.02777777777777778, 0.003125060804048342, 0.00036219866770158146, 0.0006715668334286151, 0.00035475560053627837, 0.0004336785335278109, 0.0008748783827530624, 0.0017019446581796598, 0.00047430785271978447, 8.579157729382472e-05, 0.0015236620227916504, 0.0008303678655667936, 0.0020622639440102336, 0.0050802546603052915, 0.0, 0.11093371717949763, 0.0004771499342974664, 0.01976981771508838, 0.009692806924726134, 0.002353341947248361, 0.005043408272698775, 0.0030050682252256793, 0.0042517277590588, 6.0323207107312445e-05, 0.0009671330143196635, 0.0008162490148072224, 0.0011232103571140156, 0.0004820529352786816, 0.00041718529512024] and parameters: {'lag_0': 0.7859954248815928, 'lag_1': 0.011063499158443835, 'lag_2': 0.5247153680766347, 'lag_3': 0.7834416375982651, 'lag_4': 0.6351176355137537, 'lag_5': 0.8593550437895826, 'lag_6': 0.34421580079156155, 'lag_7': 0.9556870360472444, 'lag_8': 0.08399973078523945, 'lag_9': 0.47584065274357934, 'lag_10': 0.14062719494496553, 'lag_11': 0.7081218806603494, 'lag_12': 0.11223899393977747, 'lag_13': 0.47135463386368504, 'lag_14': 0.3836619993551865, 'lag_15': 0.4771534378561719, 'lag_16': 0.7874164002335879, 'lag_17': 0.7619845008967978, 'lag_18': 0.14814175574562702, 'lag_19': 0.2943277591426844, 'lag_20': 0.24097853420159984, 'lag_21': 0.7426418832167623, 'lag_22': 0.48042391570554843, 'lag_23': 0.6886143774489145, 'lag_24': 0.7220626500128767, 'lag_25': 0.004152295221898652, 'lag_26': 0.40857441975021996, 'lag_27': 0.46626504246577305, 'lag_28': 0.3649482300720193}.
[I 2025-10-03 11:31:29,671] Trial 10 finished with values: [0.02311111111111111, 0.0022184190946464384, 0.0015009878687287893, 0.0008093887169447691, 0.00036896435455614784, 0.0004989932713947818, 0.001541970986612949, 0.0005728106274500533, 0.0010017689411747288, 0.0005266166257440711, 0.000500440971196465, 0.0009505335600325264, 0.002737840227421022, 0.00508157762699038, 0.0, 0.11587421045068631, 0.000828635026153339, 0.018773542834838963, 0.01141979907619602, 0.0022234717325561072, 0.003983626222812148, 0.003740210583831808, 0.004656745574273574, 9.159810989316573e-05, 0.0007777412993309167, 0.0007859827094962646, 0.0004515699902521126, 0.0003368255599431834, 0.0004419323333726524] and parameters: {'lag_0': 0.64694882173978, 'lag_1': 0.25742912372787946, 'lag_2': 0.6841367795323394, 'lag_3': 0.3518614144844934, 'lag_4': 0.03803239562311832, 'lag_5': 0.07572127987389601, 'lag_6': 0.111964194054924, 'lag_7': 0.5288127368595067, 'lag_8': 0.2592561916721762, 'lag_9': 0.04696321932319157, 'lag_10': 0.6875101521176673, 'lag_11': 0.9507010778369712, 'lag_12': 0.37841173883912704, 'lag_13': 0.4118388046886657, 'lag_14': 0.5869452053458968, 'lag_15': 0.5927158109145387, 'lag_16': 0.19594407365781027, 'lag_17': 0.8532916860769256, 'lag_18': 0.6406402838320259, 'lag_19': 0.44689453624411174, 'lag_20': 0.979792843082771, 'lag_21': 0.8274605402985836, 'lag_22': 0.3631258542491361, 'lag_23': 0.7146865620213966, 'lag_24': 0.4486575967135817, 'lag_25': 0.3409704355648427, 'lag_26': 0.5684274594171908, 'lag_27': 0.7987984450140284, 'lag_28': 0.6508556492524313}.
[I 2025-10-03 11:31:32,341] Trial 11 finished with values: [0.00870339761248852, 0.00197569400551107, 0.00019720255292825494, 0.0005948639801197853, 0.00042000025852656064, 0.0008547355148173866, 0.0012228908718275612, 0.0002730638629797255, 0.0007965167766355001, 0.0005547326516491154, 0.0008921509693709584, 0.00036563849969099957, 0.0021415305921787193, 0.006246922001091127, 0.0, 0.11387235251268621, 0.0005564179257095441, 0.018982513402802843, 0.010004597480767364, 0.002076685248973752, 0.004245517631780164, 0.0037787990125539767, 0.004308662742718778, 1.6389694210727774e-05, 0.0015116798707159522, 0.000777617105700439, 0.0005199676957495887, 0.00033860328510310056, 0.0012514579163902112] and parameters: {'lag_0': 0.00885865670103182, 'lag_1': 0.7635039319879574, 'lag_2': 0.81084861686803, 'lag_3': 0.12386671080798461, 'lag_4': 0.04332901498851107, 'lag_5': 0.5159372639662124, 'lag_6': 0.601965011551849, 'lag_7': 0.2944348972766398, 'lag_8': 0.5565440183874484, 'lag_9': 0.7457454882055805, 'lag_10': 0.5650133319191787, 'lag_11': 0.38943976958810506, 'lag_12': 0.336150139809968, 'lag_13': 0.8374416813475419, 'lag_14': 0.6480365895712253, 'lag_15': 0.0032930500214537017, 'lag_16': 0.1343548118803838, 'lag_17': 0.7845997516486687, 'lag_18': 0.3568388382516831, 'lag_19': 0.8549907849308377, 'lag_20': 0.4732502497169913, 'lag_21': 0.433306560556375, 'lag_22': 0.11771569400846685, 'lag_23': 0.1550280533171279, 'lag_24': 0.7640715645323419, 'lag_25': 0.7456527726612047, 'lag_26': 0.6936701162341206, 'lag_27': 0.0001471840644921482, 'lag_28': 0.19733837390891917}.
