[I 2025-09-29 13:09:53,513] Trial 82 finished with value: 0.003497075040530234 and parameters: {'lag_0': 0.6141239138323589, 'lag_1': 0.5451131588626534, 'lag_2': 0.5448424106399363, 'lag_3': 0.1033708650521885, 'lag_4': 0.06306577911979616, 'lag_5': 0.6261442649865614, 'lag_6': 0.18180226774613978, 'lag_7': 0.6145995655885632, 'lag_8': 0.6314158967018993, 'lag_9': 0.8422184167968877, 'lag_10': 0.5597716199631873, 'lag_11': 0.5132718076256514, 'lag_12': 0.48630292692330357, 'lag_13': 0.2910002563924878, 'lag_14': 0.108253108129792, 'lag_15': 0.33760134079679605, 'lag_16': 0.19753043560369532, 'lag_17': 0.49636701401372346, 'lag_18': 0.5758876392304797, 'lag_19': 0.9007987844603458, 'lag_20': 0.8194446768281908, 'lag_21': 0.4843613553247874, 'lag_22': 0.44813507768176386, 'lag_23': 0.1017672132658408, 'lag_24': 0.434378794366323, 'lag_25': 0.974762838372386, 'lag_26': 0.41949431945562365, 'lag_27': 0.9452978394815935, 'lag_28': 0.5632828315188009}. Best is trial 61 with value: 0.0025555521088441455.
[I 2025-09-29 13:09:55,924] Trial 83 finished with value: 0.003804634992902005 and parameters: {'lag_0': 0.6668814874525788, 'lag_1': 0.31799809443334426, 'lag_2': 0.4811654011115837, 'lag_3': 0.042263573704283366, 'lag_4': 0.0023262484363871915, 'lag_5': 0.5960297852556375, 'lag_6': 0.08939746863537376, 'lag_7': 0.5149597901234135, 'lag_8': 0.08120158956843779, 'lag_9': 0.696131215338425, 'lag_10': 0.5228233791514811, 'lag_11': 0.7232945021224287, 'lag_12': 0.6425297504555724, 'lag_13': 0.21560791206064145, 'lag_14': 0.27790093296225704, 'lag_15': 0.3766904147073466, 'lag_16': 0.10250039478090159, 'lag_17': 0.6909965682713152, 'lag_18': 0.4304517119725649, 'lag_19': 0.7859946063488188, 'lag_20': 0.7812028727392566, 'lag_21': 0.5981574549347602, 'lag_22': 0.6384507671378943, 'lag_23': 0.000836657527559237, 'lag_24': 0.8449075635634022, 'lag_25': 0.9444734883166034, 'lag_26': 0.5648118323793463, 'lag_27': 0.9163381862682214, 'lag_28': 0.6375638390858921}. Best is trial 61 with value: 0.0025555521088441455.
[I 2025-09-29 13:09:58,343] Trial 84 finished with value: 0.00387878032956175 and parameters: {'lag_0': 0.5206185503429677, 'lag_1': 0.5032528786756447, 'lag_2': 0.6610700117861996, 'lag_3': 0.4550930075871585, 'lag_4': 0.14621625304277333, 'lag_5': 0.545396646844318, 'lag_6': 0.08164647161717103, 'lag_7': 0.4450389132625477, 'lag_8': 0.4813912418214817, 'lag_9': 0.5786713908861774, 'lag_10': 0.30407701996633246, 'lag_11': 0.376867796836694, 'lag_12': 0.6034795709344075, 'lag_13': 0.9352489266802243, 'lag_14': 0.21937285143218513, 'lag_15': 0.23264855646191468, 'lag_16': 0.05625000455877937, 'lag_17': 0.6274381705069687, 'lag_18': 0.3877047140805578, 'lag_19': 0.9857183721842478, 'lag_20': 0.7117412903756856, 'lag_21': 0.44281262601014226, 'lag_22': 0.2294215243824108, 'lag_23': 0.06007445058469929, 'lag_24': 0.5548236772892136, 'lag_25': 0.8221086734069399, 'lag_26': 0.7737231775870692, 'lag_27': 0.8446759585765016, 'lag_28': 0.3181117639640132}. Best is trial 61 with value: 0.0025555521088441455.
[I 2025-09-29 13:10:00,763] Trial 85 finished with value: 0.0029994938060683963 and parameters: {'lag_0': 0.14745954101842354, 'lag_1': 0.3558977415813826, 'lag_2': 0.26658834192430625, 'lag_3': 0.010499936335305654, 'lag_4': 0.7735517187925001, 'lag_5': 0.5827222636711146, 'lag_6': 0.1411045426385289, 'lag_7': 0.7606908852481069, 'lag_8': 0.2654478872662255, 'lag_9': 0.6218956493272647, 'lag_10': 0.6890462404183189, 'lag_11': 0.40863613273676924, 'lag_12': 0.7175141553204372, 'lag_13': 0.6914478250258894, 'lag_14': 0.5982570509450217, 'lag_15': 0.4389384190839028, 'lag_16': 0.17141154328767605, 'lag_17': 0.5365601003132252, 'lag_18': 0.5249810519199662, 'lag_19': 0.8725238225506522, 'lag_20': 0.9726482456756124, 'lag_21': 0.31836801473151966, 'lag_22': 0.816320070353663, 'lag_23': 0.35949486265600833, 'lag_24': 0.6862845949569657, 'lag_25': 0.2315125591293899, 'lag_26': 0.704048970594193, 'lag_27': 0.9991094448400129, 'lag_28': 0.7190290546981678}. Best is trial 61 with value: 0.0025555521088441455.
[I 2025-09-29 13:10:03,184] Trial 86 finished with value: 0.003398535331585275 and parameters: {'lag_0': 0.1449028861777108, 'lag_1': 0.3385887487664345, 'lag_2': 0.2502689021857297, 'lag_3': 0.02187519669464701, 'lag_4': 0.8853520857278807, 'lag_5': 0.49052658416462164, 'lag_6': 0.14003637361649468, 'lag_7': 0.6835525101101333, 'lag_8': 0.19057056988875404, 'lag_9': 0.6248907281812206, 'lag_10': 0.4321982000658022, 'lag_11': 0.40708568082843927, 'lag_12': 0.709705435609953, 'lag_13': 0.7042156260706646, 'lag_14': 0.6271884050388401, 'lag_15': 0.5302889391327599, 'lag_16': 0.31145860595325536, 'lag_17': 0.5285019619243184, 'lag_18': 0.6247699540563074, 'lag_19': 0.8230317912033949, 'lag_20': 0.97356365976422, 'lag_21': 0.3267944024080194, 'lag_22': 0.8593722468541987, 'lag_23': 0.364473905912141, 'lag_24': 0.12470231634615214, 'lag_25': 0.21047849761879014, 'lag_26': 0.6988989734526091, 'lag_27': 0.9919794328832106, 'lag_28': 0.7219967311056548}. Best is trial 61 with value: 0.0025555521088441455.
[I 2025-09-29 13:10:05,602] Trial 87 finished with value: 0.0032357687045087395 and parameters: {'lag_0': 0.20902629453223168, 'lag_1': 0.4454110487977837, 'lag_2': 0.1717344776643837, 'lag_3': 0.06487664703920461, 'lag_4': 0.7652739573617813, 'lag_5': 0.7220335849589509, 'lag_6': 0.17723888404693539, 'lag_7': 0.732851064043058, 'lag_8': 0.2632642757558055, 'lag_9': 0.6614381909398308, 'lag_10': 0.7025360674701889, 'lag_11': 0.17642222513364234, 'lag_12': 0.8291123577246474, 'lag_13': 0.4225420872423379, 'lag_14': 0.7343508029454933, 'lag_15': 0.4097449598851791, 'lag_16': 0.1532164561323087, 'lag_17': 0.5638217561605379, 'lag_18': 0.5400512249328124, 'lag_19': 0.870662699155924, 'lag_20': 0.9175106875761476, 'lag_21': 0.24847846049791172, 'lag_22': 0.8123905374246689, 'lag_23': 0.4585197484449463, 'lag_24': 0.6849877109256648, 'lag_25': 0.2411505201543149, 'lag_26': 0.630503275907801, 'lag_27': 0.974865815290981, 'lag_28': 0.7897592193535854}. Best is trial 61 with value: 0.0025555521088441455.
[I 2025-09-29 13:10:08,017] Trial 88 finished with value: 0.00374364793124225 and parameters: {'lag_0': 0.2068853779778314, 'lag_1': 0.45201045441943494, 'lag_2': 0.04861059552862637, 'lag_3': 0.0012017768031992067, 'lag_4': 0.7659271603652856, 'lag_5': 0.7321396595642283, 'lag_6': 0.25533210069955187, 'lag_7': 0.7552963229585006, 'lag_8': 0.714717293225451, 'lag_9': 0.5936716923524147, 'lag_10': 0.7068694483447935, 'lag_11': 0.0886412092580039, 'lag_12': 0.853980684238861, 'lag_13': 0.43488296034603624, 'lag_14': 0.7522948772457095, 'lag_15': 0.9927216756872099, 'lag_16': 0.1748890130778609, 'lag_17': 0.9511482134524721, 'lag_18': 0.5354494532659801, 'lag_19': 0.8694989384304443, 'lag_20': 0.9096938212359202, 'lag_21': 0.26218629314330744, 'lag_22': 0.905437604803831, 'lag_23': 0.4724264209468676, 'lag_24': 0.6886591971751582, 'lag_25': 0.23722078751682144, 'lag_26': 0.6136512612415133, 'lag_27': 0.9704950017869747, 'lag_28': 0.7763514089097742}. Best is trial 61 with value: 0.0025555521088441455.
[I 2025-09-29 13:10:10,430] Trial 89 finished with value: 0.00347074680831518 and parameters: {'lag_0': 0.023478896784823816, 'lag_1': 0.4841841785629054, 'lag_2': 0.14455226691103396, 'lag_3': 0.11781725425779235, 'lag_4': 0.7242610581221924, 'lag_5': 0.7080464002439284, 'lag_6': 0.28379221837806035, 'lag_7': 0.49442602236413596, 'lag_8': 0.3805493593496382, 'lag_9': 0.5408812776683025, 'lag_10': 0.6743027307672937, 'lag_11': 0.17395064737555063, 'lag_12': 0.7895534700608046, 'lag_13': 0.30861740698303053, 'lag_14': 0.7766886632399581, 'lag_15': 0.43984563187746684, 'lag_16': 0.37665540490345584, 'lag_17': 0.564590139127378, 'lag_18': 0.6538323593013673, 'lag_19': 0.7853017494912453, 'lag_20': 0.9569969831806746, 'lag_21': 0.2933949526319276, 'lag_22': 0.8187629549836947, 'lag_23': 0.5077385580374424, 'lag_24': 0.7730460655450917, 'lag_25': 0.3066146278294252, 'lag_26': 0.6529574542648827, 'lag_27': 0.3093576273719257, 'lag_28': 0.826063820432272}. Best is trial 61 with value: 0.0025555521088441455.
[I 2025-09-29 13:10:12,848] Trial 90 finished with value: 0.003847305546529604 and parameters: {'lag_0': 0.2517316147359125, 'lag_1': 0.3887973868405241, 'lag_2': 0.1720558568084276, 'lag_3': 0.06300217485166042, 'lag_4': 0.6793328723636042, 'lag_5': 0.7827424823076647, 'lag_6': 0.1759431717306693, 'lag_7': 0.8008274621152905, 'lag_8': 0.26822527062846074, 'lag_9': 0.4663251330564976, 'lag_10': 0.5912289492554099, 'lag_11': 0.21049241930242102, 'lag_12': 0.7394619211596885, 'lag_13': 0.3722700658541063, 'lag_14': 0.8346486154418599, 'lag_15': 0.48039678353874593, 'lag_16': 0.21485368801522162, 'lag_17': 0.45936596913736444, 'lag_18': 0.5786998812513142, 'lag_19': 0.8507997189584801, 'lag_20': 0.8574605992250884, 'lag_21': 0.1674581252312329, 'lag_22': 0.95235795551357, 'lag_23': 0.3342201380585462, 'lag_24': 0.6713099896421316, 'lag_25': 0.1827312360701705, 'lag_26': 0.5841093337026148, 'lag_27': 0.870785536970162, 'lag_28': 0.6932790953134976}. Best is trial 61 with value: 0.0025555521088441455.
[I 2025-09-29 13:10:15,267] Trial 91 finished with value: 0.0037566375126655864 and parameters: {'lag_0': 0.16684032005244387, 'lag_1': 0.3622404578054595, 'lag_2': 0.285645166144278, 'lag_3': 0.1954274009396268, 'lag_4': 0.7828071302770081, 'lag_5': 0.6782225558904267, 'lag_6': 0.1158843295748778, 'lag_7': 0.7453591733826119, 'lag_8': 0.33877634519064137, 'lag_9': 0.6376393337756747, 'lag_10': 0.6434619820499307, 'lag_11': 0.44570614946867426, 'lag_12': 0.563767387294719, 'lag_13': 0.48957011928981586, 'lag_14': 0.5724710112951086, 'lag_15': 0.4273075247373936, 'lag_16': 0.14841460004813153, 'lag_17': 0.6551997723989351, 'lag_18': 0.4495741449966434, 'lag_19': 0.8842283331818194, 'lag_20': 0.9857705701241104, 'lag_21': 0.20915972707808259, 'lag_22': 0.5679769768102092, 'lag_23': 0.42492888298859627, 'lag_24': 0.6086226684755198, 'lag_25': 0.14478554078433603, 'lag_26': 0.6846996809968091, 'lag_27': 0.9595911472889794, 'lag_28': 0.8780858664132596}. Best is trial 61 with value: 0.0025555521088441455.
[I 2025-09-29 13:10:17,683] Trial 92 finished with value: 0.0039239471111628685 and parameters: {'lag_0': 0.13019936813107472, 'lag_1': 0.2436147623075536, 'lag_2': 0.190955979996056, 'lag_3': 0.07542077937947646, 'lag_4': 0.8223526082142871, 'lag_5': 0.8493462288230118, 'lag_6': 0.20013051558745734, 'lag_7': 0.7105248540365012, 'lag_8': 0.03387588242321808, 'lag_9': 0.6675642938111509, 'lag_10': 0.6208955748443116, 'lag_11': 0.15344275968544524, 'lag_12': 0.6701631996318665, 'lag_13': 0.16397200559304026, 'lag_14': 0.6041622520132026, 'lag_15': 0.48711746614674517, 'lag_16': 0.0893220733575562, 'lag_17': 0.8905073085518806, 'lag_18': 0.5176587233423497, 'lag_19': 0.9413110289828692, 'lag_20': 0.9222810108689345, 'lag_21': 0.04061828061396336, 'lag_22': 0.6835260123299243, 'lag_23': 0.29389957840674513, 'lag_24': 0.6604256978424181, 'lag_25': 0.33407273260073317, 'lag_26': 0.6130643225785304, 'lag_27': 0.9969459311796245, 'lag_28': 0.7937545437987121}. Best is trial 61 with value: 0.0025555521088441455.
[I 2025-09-29 13:10:20,101] Trial 93 finished with value: 0.0037056770420148834 and parameters: {'lag_0': 0.22118494958293983, 'lag_1': 0.291428425004116, 'lag_2': 0.12887712046086164, 'lag_3': 0.03752722131607288, 'lag_4': 0.7489193672016027, 'lag_5': 0.57977833312149, 'lag_6': 0.038775829725619756, 'lag_7': 0.7276767910075091, 'lag_8': 0.24797805637851156, 'lag_9': 0.7067662906996244, 'lag_10': 0.23462114428907416, 'lag_11': 0.2552328395244719, 'lag_12': 0.9238816110712537, 'lag_13': 0.5937011630221657, 'lag_14': 0.6669616637210389, 'lag_15': 0.45806551228699094, 'lag_16': 0.24902473057412722, 'lag_17': 0.5714865730459288, 'lag_18': 0.48388360084980786, 'lag_19': 0.9678005089961229, 'lag_20': 0.8821039613469647, 'lag_21': 0.2579653425038878, 'lag_22': 0.48506552021076565, 'lag_23': 0.4635951956506686, 'lag_24': 0.7079296899383055, 'lag_25': 0.2767473719254807, 'lag_26': 0.5322688959983046, 'lag_27': 0.9143603373504656, 'lag_28': 0.7451327230441865}. Best is trial 61 with value: 0.0025555521088441455.
[I 2025-09-29 13:10:22,524] Trial 94 finished with value: 0.0038696385130904073 and parameters: {'lag_0': 0.38891681381953236, 'lag_1': 0.43188553930105167, 'lag_2': 0.25389403158376983, 'lag_3': 0.015435163149231886, 'lag_4': 0.6973719248836665, 'lag_5': 0.6405482840253883, 'lag_6': 0.15853778214892716, 'lag_7': 0.8901798538223917, 'lag_8': 0.2946513768715273, 'lag_9': 0.750138951235929, 'lag_10': 0.9165350735489409, 'lag_11': 0.3613887641412017, 'lag_12': 0.8235453191139179, 'lag_13': 0.537261669090511, 'lag_14': 0.5311372423287519, 'lag_15': 0.31602447827798186, 'lag_16': 0.42466363815673913, 'lag_17': 0.7230106394354576, 'lag_18': 0.5640808263615468, 'lag_19': 0.9272650872855931, 'lag_20': 0.9437541191378547, 'lag_21': 0.5383932024187984, 'lag_22': 0.19132792322941652, 'lag_23': 0.37933169463986677, 'lag_24': 0.623858632050639, 'lag_25': 0.10320197726592445, 'lag_26': 0.7272385691296395, 'lag_27': 0.9724261578996944, 'lag_28': 0.43711779999789757}. Best is trial 61 with value: 0.0025555521088441455.
[I 2025-09-29 13:10:24,936] Trial 95 finished with value: 0.003532073937066864 and parameters: {'lag_0': 0.4767645762240111, 'lag_1': 0.2095781284809994, 'lag_2': 0.07491967022566215, 'lag_3': 0.40391051122769056, 'lag_4': 0.6585329082954546, 'lag_5': 0.662144370766112, 'lag_6': 0.38929710280909974, 'lag_7': 0.6598402138477787, 'lag_8': 0.3238414221655854, 'lag_9': 0.7708276694472166, 'lag_10': 0.14074701360485148, 'lag_11': 0.32723494417139654, 'lag_12': 0.6125713361653311, 'lag_13': 0.41578347162835677, 'lag_14': 0.023491634140665463, 'lag_15': 0.35970735173908547, 'lag_16': 0.13698894819246485, 'lag_17': 0.5397343325894748, 'lag_18': 0.04007949579566419, 'lag_19': 0.9115917533246414, 'lag_20': 0.893692767944814, 'lag_21': 0.46430629830930176, 'lag_22': 0.7947936348213192, 'lag_23': 0.3544791912740214, 'lag_24': 0.8989238204899319, 'lag_25': 0.9674717080852622, 'lag_26': 0.5531060264438372, 'lag_27': 0.9425240434331335, 'lag_28': 0.6736852299871897}. Best is trial 61 with value: 0.0025555521088441455.
[I 2025-09-29 13:10:27,495] Trial 96 finished with value: 0.0042747194821468985 and parameters: {'lag_0': 0.06300758158226295, 'lag_1': 0.3919925491268595, 'lag_2': 0.229917094122898, 'lag_3': 0.17290687174701425, 'lag_4': 0.6211315544408212, 'lag_5': 0.20998212773227837, 'lag_6': 0.0685401829506585, 'lag_7': 0.6337181374068608, 'lag_8': 0.5467608908045711, 'lag_9': 0.6774241125406145, 'lag_10': 0.804643520065583, 'lag_11': 0.3923190930290025, 'lag_12': 0.7595121064524158, 'lag_13': 0.2334865299125657, 'lag_14': 0.6782218613882838, 'lag_15': 0.38444989168691485, 'lag_16': 0.1642771951785716, 'lag_17': 0.8258184193845526, 'lag_18': 0.4983604598688359, 'lag_19': 0.6240297995983877, 'lag_20': 0.9702417342005342, 'lag_21': 0.2393775482971391, 'lag_22': 0.32338833144997153, 'lag_23': 0.43779985100736163, 'lag_24': 0.7339557682546823, 'lag_25': 0.5635015347720927, 'lag_26': 0.4998477983179631, 'lag_27': 0.3719001082982223, 'lag_28': 0.8419707955467532}. Best is trial 61 with value: 0.0025555521088441455.
[I 2025-09-29 13:10:29,921] Trial 97 finished with value: 0.002216306089397111 and parameters: {'lag_0': 0.18721262388951798, 'lag_1': 0.0003983920110122337, 'lag_2': 0.5587331583662031, 'lag_3': 0.051116798189660084, 'lag_4': 0.23037245335124826, 'lag_5': 0.45059805767284977, 'lag_6': 0.024209430300275073, 'lag_7': 0.829460351007469, 'lag_8': 0.5832994105888091, 'lag_9': 0.7269005866166797, 'lag_10': 0.49206011847561915, 'lag_11': 0.6069043052567379, 'lag_12': 0.5113317946924909, 'lag_13': 0.3284769186366996, 'lag_14': 0.8248957969257589, 'lag_15': 0.4373927368583601, 'lag_16': 0.3525327283919526, 'lag_17': 0.491659275663173, 'lag_18': 0.5441453832361065, 'lag_19': 0.5689236936777702, 'lag_20': 0.8348346808820938, 'lag_21': 0.8122202691849428, 'lag_22': 0.5268157025612814, 'lag_23': 0.4070934030659668, 'lag_24': 0.1751786373062643, 'lag_25': 0.9242563521288676, 'lag_26': 0.1678342487554799, 'lag_27': 0.10747428995730002, 'lag_28': 0.7238457393933041}. Best is trial 97 with value: 0.002216306089397111.
[I 2025-09-29 13:10:32,352] Trial 98 finished with value: 0.0026897564222585855 and parameters: {'lag_0': 0.2657544068357084, 'lag_1': 0.013389969022187347, 'lag_2': 0.5992329993515465, 'lag_3': 0.11107128372270783, 'lag_4': 0.2255898374662769, 'lag_5': 0.3685240794117184, 'lag_6': 0.23715290141994355, 'lag_7': 0.8163934874961178, 'lag_8': 0.6002269702330613, 'lag_9': 0.36375818521161185, 'lag_10': 0.5518150344533892, 'lag_11': 0.6054991264799544, 'lag_12': 0.5169439551993076, 'lag_13': 0.3031352691148603, 'lag_14': 0.9417204959318979, 'lag_15': 0.41994812471906084, 'lag_16': 0.5319303334618746, 'lag_17': 0.4934477495082502, 'lag_18': 0.523794299358395, 'lag_19': 0.5480055494616664, 'lag_20': 0.8514610469197432, 'lag_21': 0.7608593468236504, 'lag_22': 0.722135201819666, 'lag_23': 0.4128218400721364, 'lag_24': 0.04818228379537336, 'lag_25': 0.42503558149485643, 'lag_26': 0.1497957458704761, 'lag_27': 0.20643614351943407, 'lag_28': 0.722300707246037}. Best is trial 97 with value: 0.002216306089397111.
[I 2025-09-29 13:10:34,788] Trial 99 finished with value: 0.004005677896950435 and parameters: {'lag_0': 0.3012826732671982, 'lag_1': 0.0009241254829872349, 'lag_2': 0.6059256773939995, 'lag_3': 0.1113221584507737, 'lag_4': 0.22574098198371972, 'lag_5': 0.42120724732248843, 'lag_6': 0.23095091518338587, 'lag_7': 0.8269898358813607, 'lag_8': 0.6101300697293329, 'lag_9': 0.33593988978818035, 'lag_10': 0.44699146271568274, 'lag_11': 0.5014739849496366, 'lag_12': 0.5152221358674338, 'lag_13': 0.33312636766709447, 'lag_14': 0.8813955229999451, 'lag_15': 0.433333365749373, 'lag_16': 0.5285311203746238, 'lag_17': 0.4975146568509948, 'lag_18': 0.6025064661941477, 'lag_19': 0.5471203560496788, 'lag_20': 0.8366644581479209, 'lag_21': 0.7987408340346535, 'lag_22': 0.36532908568819017, 'lag_23': 0.4030460379362497, 'lag_24': 0.08922390344593727, 'lag_25': 0.4023679789184338, 'lag_26': 0.15728772943987926, 'lag_27': 0.12801594281835585, 'lag_28': 0.7236278042285029}. Best is trial 97 with value: 0.002216306089397111.
[I 2025-09-29 13:10:34,803] A new study created in memory with name: no-name-d1ea0e18-4f07-4bb3-8af7-bcdc9aca29d6
[I 2025-09-29 13:10:37,143] Trial 0 finished with value: 0.001442115768155608 and parameters: {'lag_0': 0.1460298111123621, 'lag_1': 0.6089509982060597, 'lag_2': 0.07513267118213178, 'lag_3': 0.8597658943825128, 'lag_4': 0.225222297690873, 'lag_5': 0.1414987435726119, 'lag_6': 0.5104164842767085, 'lag_7': 0.5035791934536493, 'lag_8': 0.25788086813115924, 'lag_9': 0.34064361560361034, 'lag_10': 0.771518969338193, 'lag_11': 0.1074872455858105, 'lag_12': 0.29781171737523876, 'lag_13': 0.24761566893990325, 'lag_14': 0.33774540471209424, 'lag_15': 0.9254785635204699, 'lag_16': 0.008365479442860634, 'lag_17': 0.22926923856471537, 'lag_18': 0.27001056990084454, 'lag_19': 0.9784876005517663, 'lag_20': 0.7036417950536191, 'lag_21': 0.5127513749679314, 'lag_22': 0.2074632229130406, 'lag_23': 0.24274875832419632, 'lag_24': 0.7364866446175271, 'lag_25': 0.21741231572427427, 'lag_26': 0.2810418085699768, 'lag_27': 0.5163278826240287, 'lag_28': 0.14839680778981065}. Best is trial 0 with value: 0.001442115768155608.
[I 2025-09-29 13:10:39,481] Trial 1 finished with value: 0.0017162914229445023 and parameters: {'lag_0': 0.4725594579414155, 'lag_1': 0.2428795759413693, 'lag_2': 0.8612576643271922, 'lag_3': 0.09065175365805793, 'lag_4': 0.3115776255319688, 'lag_5': 0.21499406193004333, 'lag_6': 0.33036628969671483, 'lag_7': 0.45123543188897325, 'lag_8': 0.1664642963150826, 'lag_9': 0.7313512454519882, 'lag_10': 0.0851586001479986, 'lag_11': 0.10223989515203642, 'lag_12': 0.5037635522307484, 'lag_13': 0.06499920326866074, 'lag_14': 0.7087806044958582, 'lag_15': 0.021875022739293804, 'lag_16': 0.7514330782359862, 'lag_17': 0.3147628628253655, 'lag_18': 0.8643369867687245, 'lag_19': 0.8158346730877748, 'lag_20': 0.8879615976611748, 'lag_21': 0.023115120871973677, 'lag_22': 0.0022428090636817523, 'lag_23': 0.5746886668127198, 'lag_24': 0.3861700692315713, 'lag_25': 0.04176127246648149, 'lag_26': 0.012009385267229581, 'lag_27': 0.7918354853805798, 'lag_28': 0.18926952785940307}. Best is trial 0 with value: 0.001442115768155608.
[I 2025-09-29 13:10:41,814] Trial 2 finished with value: 0.001620663138453374 and parameters: {'lag_0': 0.33987158582102783, 'lag_1': 0.9642781591012801, 'lag_2': 0.16298155007543763, 'lag_3': 0.5307780009905251, 'lag_4': 0.8923544643825958, 'lag_5': 0.5721850145448467, 'lag_6': 0.15108378248583254, 'lag_7': 0.6784732501968955, 'lag_8': 0.12390373166987971, 'lag_9': 0.5257877134231257, 'lag_10': 0.5426165003534366, 'lag_11': 0.039844603923345025, 'lag_12': 0.8094136443218154, 'lag_13': 0.10073419664482082, 'lag_14': 0.9405885599476467, 'lag_15': 0.8999901855119922, 'lag_16': 0.9428177271743396, 'lag_17': 0.89780363091492, 'lag_18': 0.3950128759712261, 'lag_19': 0.14419863117484874, 'lag_20': 0.30387965571996245, 'lag_21': 0.9677412416789093, 'lag_22': 0.32770514956709607, 'lag_23': 0.6881920886367159, 'lag_24': 0.9478025869670693, 'lag_25': 0.8589691372586464, 'lag_26': 0.5040626653305601, 'lag_27': 0.7959098127821077, 'lag_28': 0.989522477964292}. Best is trial 0 with value: 0.001442115768155608.
