[I 2025-09-29 13:25:54,134] Trial 88 finished with value: 0.005338105976948002 and parameters: {'lag_0': 0.16049947230747083, 'lag_1': 0.7616425677775355, 'lag_2': 0.40133669430681046, 'lag_3': 0.6805559765650634, 'lag_4': 0.5780286895225714, 'lag_5': 0.14233573158899165, 'lag_6': 0.8499433462980066, 'lag_7': 0.11719504113327534, 'lag_8': 0.4008168899637129, 'lag_9': 0.022554498375353615, 'lag_10': 0.0751627454750857, 'lag_11': 0.3117006952473146, 'lag_12': 0.47697133114280627, 'lag_13': 0.8987611354094872, 'lag_14': 0.8542158605046144, 'lag_15': 0.8854624427617731, 'lag_16': 0.5819635354096528, 'lag_17': 0.4431096552980124, 'lag_18': 0.10042174551588337, 'lag_19': 0.12683273394268932, 'lag_20': 0.7451381340965039, 'lag_21': 0.847832000282637, 'lag_22': 0.3102489226688875, 'lag_23': 0.07569749101119902, 'lag_24': 0.5115380926018114, 'lag_25': 0.8682054544878328, 'lag_26': 0.7118637977993314, 'lag_27': 0.27205489989850695, 'lag_28': 0.5282598977314513}. Best is trial 41 with value: 0.004597142821365375.
[I 2025-09-29 13:25:56,758] Trial 89 finished with value: 0.005389729729569134 and parameters: {'lag_0': 0.020642424945314725, 'lag_1': 0.6065751509763208, 'lag_2': 0.36069746953089465, 'lag_3': 0.5048455055665423, 'lag_4': 0.6773631092106712, 'lag_5': 0.18469661925867858, 'lag_6': 0.7460564638802846, 'lag_7': 0.08214376349248392, 'lag_8': 0.319214247981502, 'lag_9': 0.07433304252862212, 'lag_10': 0.040641739273853575, 'lag_11': 0.5193262686469143, 'lag_12': 0.581868681131193, 'lag_13': 0.8421066263088618, 'lag_14': 0.6397342962871473, 'lag_15': 0.31205283744214446, 'lag_16': 0.6972036292831716, 'lag_17': 0.5084958331992113, 'lag_18': 0.7772689839241705, 'lag_19': 0.4524911892044795, 'lag_20': 0.5811037989139084, 'lag_21': 0.4343389894786812, 'lag_22': 0.2164753445799716, 'lag_23': 0.02370919387688271, 'lag_24': 0.7144389143940101, 'lag_25': 0.9501142864800628, 'lag_26': 0.25846660360744833, 'lag_27': 0.1794137313945494, 'lag_28': 0.04502373536869084}. Best is trial 41 with value: 0.004597142821365375.
[I 2025-09-29 13:25:59,258] Trial 90 finished with value: 0.005354257198731274 and parameters: {'lag_0': 0.21730058839999838, 'lag_1': 0.7021397705680412, 'lag_2': 0.3044323960259331, 'lag_3': 0.6374018852868157, 'lag_4': 0.19261736673248556, 'lag_5': 0.2361604216753129, 'lag_6': 0.788787073567292, 'lag_7': 0.1480310794794995, 'lag_8': 0.561298956581693, 'lag_9': 0.1455616527404885, 'lag_10': 0.01654400719523976, 'lag_11': 0.4421255003519937, 'lag_12': 0.5314287725047303, 'lag_13': 0.933427355199814, 'lag_14': 0.5509368921135844, 'lag_15': 0.9397319633505052, 'lag_16': 0.48679999653958406, 'lag_17': 0.32928155558862776, 'lag_18': 0.6674121153498245, 'lag_19': 0.09418154049153896, 'lag_20': 0.9257091103934889, 'lag_21': 0.7542406393279245, 'lag_22': 0.11442241545031943, 'lag_23': 0.11537096837939043, 'lag_24': 0.967524687714315, 'lag_25': 0.8287646365814788, 'lag_26': 0.3430329746443071, 'lag_27': 0.2123439488938105, 'lag_28': 0.5811840096689012}. Best is trial 41 with value: 0.004597142821365375.
[I 2025-09-29 13:26:01,764] Trial 91 finished with value: 0.0049841513930368635 and parameters: {'lag_0': 0.05558465808659881, 'lag_1': 0.7443189368103696, 'lag_2': 0.1269362011433757, 'lag_3': 0.5972508740539344, 'lag_4': 0.8177921075985936, 'lag_5': 0.2728223215171676, 'lag_6': 0.7226435653671469, 'lag_7': 0.04759019961868219, 'lag_8': 0.273635129567788, 'lag_9': 0.01110456156758168, 'lag_10': 0.17855456380544876, 'lag_11': 0.4812225265990369, 'lag_12': 0.49570617615987855, 'lag_13': 0.7054065634596913, 'lag_14': 0.07056825720698229, 'lag_15': 0.466429633201868, 'lag_16': 0.5160989635617083, 'lag_17': 0.3638677178872757, 'lag_18': 0.042526155220189155, 'lag_19': 0.05594580091558875, 'lag_20': 0.5109337010522134, 'lag_21': 0.8985294385652082, 'lag_22': 0.2705961411458095, 'lag_23': 0.05790520579802132, 'lag_24': 0.7528825056945098, 'lag_25': 0.45297112766044006, 'lag_26': 0.594562021531734, 'lag_27': 0.11182237178767619, 'lag_28': 0.8541263019541635}. Best is trial 41 with value: 0.004597142821365375.
[I 2025-09-29 13:26:04,255] Trial 92 finished with value: 0.005372277477798388 and parameters: {'lag_0': 0.09676921133208041, 'lag_1': 0.6559369391790607, 'lag_2': 0.12313944737852371, 'lag_3': 0.5916667218265812, 'lag_4': 0.7624480867722955, 'lag_5': 0.27087974855997166, 'lag_6': 0.6769979864732956, 'lag_7': 0.04392284846825829, 'lag_8': 0.44770166967039676, 'lag_9': 0.01821816370222657, 'lag_10': 0.13905451489535706, 'lag_11': 0.47925802418313107, 'lag_12': 0.3983678554179319, 'lag_13': 0.7367917162584771, 'lag_14': 0.10265713037877826, 'lag_15': 0.49393937814209954, 'lag_16': 0.4567934719820267, 'lag_17': 0.3707301599035915, 'lag_18': 0.03825784374404677, 'lag_19': 0.05326002219742065, 'lag_20': 0.5226022179920375, 'lag_21': 0.871278057467367, 'lag_22': 0.22832757390505093, 'lag_23': 0.07127270261943823, 'lag_24': 0.7569103750197842, 'lag_25': 0.4629442418307509, 'lag_26': 0.6277963344419859, 'lag_27': 0.431732840291982, 'lag_28': 0.7994833895213705}. Best is trial 41 with value: 0.004597142821365375.
[I 2025-09-29 13:26:06,753] Trial 93 finished with value: 0.004989011359449574 and parameters: {'lag_0': 0.06621190662151434, 'lag_1': 0.7249740433095425, 'lag_2': 0.08186740053965907, 'lag_3': 0.697171789013175, 'lag_4': 0.8215325200962883, 'lag_5': 0.21330009286626056, 'lag_6': 0.7139821952607046, 'lag_7': 0.1337705603146644, 'lag_8': 0.17254636524927053, 'lag_9': 0.05303870021939725, 'lag_10': 0.191446613557697, 'lag_11': 0.5357443239606058, 'lag_12': 0.4871064021600182, 'lag_13': 0.9905110168602369, 'lag_14': 0.0704522114461646, 'lag_15': 0.37669865479371323, 'lag_16': 0.5182512212183948, 'lag_17': 0.4072002267699652, 'lag_18': 0.12572189694051272, 'lag_19': 0.026909665832360458, 'lag_20': 0.5014142624662812, 'lag_21': 0.9030737977241713, 'lag_22': 0.27400736214070975, 'lag_23': 0.0046998252127811585, 'lag_24': 0.8921687179129051, 'lag_25': 0.9023617910036953, 'lag_26': 0.5242263701087577, 'lag_27': 0.12254128749435719, 'lag_28': 0.8784700752585197}. Best is trial 41 with value: 0.004597142821365375.
[I 2025-09-29 13:26:09,245] Trial 94 finished with value: 0.0054610460453107445 and parameters: {'lag_0': 0.057462043173264254, 'lag_1': 0.7181015634532014, 'lag_2': 0.0738733801583561, 'lag_3': 0.7062477279708563, 'lag_4': 0.8164621447564445, 'lag_5': 0.2066014975636724, 'lag_6': 0.7348467753999075, 'lag_7': 0.19580024862055237, 'lag_8': 0.1703790368276683, 'lag_9': 0.09282617838214766, 'lag_10': 0.11639882999153373, 'lag_11': 0.36780359321630723, 'lag_12': 0.47960362048979266, 'lag_13': 0.9981824331235366, 'lag_14': 0.06203160451857703, 'lag_15': 0.4626350490258318, 'lag_16': 0.513586323312255, 'lag_17': 0.35126093268436825, 'lag_18': 0.07319010394376976, 'lag_19': 0.0157389309056767, 'lag_20': 0.44438620543968427, 'lag_21': 0.9773228534257835, 'lag_22': 0.25624286359527226, 'lag_23': 0.010458226030359424, 'lag_24': 0.901161346595093, 'lag_25': 0.8968957883828921, 'lag_26': 0.5908118137189393, 'lag_27': 0.12099155764389814, 'lag_28': 0.9611792059278607}. Best is trial 41 with value: 0.004597142821365375.
[I 2025-09-29 13:26:11,732] Trial 95 finished with value: 0.005507566989958863 and parameters: {'lag_0': 0.13578022330483797, 'lag_1': 0.7418802443303977, 'lag_2': 0.03614697919560167, 'lag_3': 0.6553012615464846, 'lag_4': 0.7967139469689832, 'lag_5': 0.30431574723567445, 'lag_6': 0.7131287631786238, 'lag_7': 0.13192908757112987, 'lag_8': 0.14513335232514296, 'lag_9': 0.006838686207359224, 'lag_10': 0.18258063093966298, 'lag_11': 0.5386007454027844, 'lag_12': 0.4420140603169689, 'lag_13': 0.6983499976842256, 'lag_14': 0.030609973072470535, 'lag_15': 0.36591727488899245, 'lag_16': 0.41872098653364065, 'lag_17': 0.39642081872186063, 'lag_18': 0.1306434505406848, 'lag_19': 0.0654808349168614, 'lag_20': 0.5442600465536677, 'lag_21': 0.8962366400506493, 'lag_22': 0.27549157836667454, 'lag_23': 0.029554989292440527, 'lag_24': 0.8729787681726835, 'lag_25': 0.9402784388024911, 'lag_26': 0.6437702179962397, 'lag_27': 0.1651853234742128, 'lag_28': 0.8935172751607794}. Best is trial 41 with value: 0.004597142821365375.
[I 2025-09-29 13:26:14,235] Trial 96 finished with value: 0.004977813549099734 and parameters: {'lag_0': 0.00048826320064251916, 'lag_1': 0.5506837028753894, 'lag_2': 0.18435973232261024, 'lag_3': 0.6068927730514198, 'lag_4': 0.8470661762312564, 'lag_5': 0.1696593714832934, 'lag_6': 0.7556823593696061, 'lag_7': 0.08386868831153216, 'lag_8': 0.3361717476492355, 'lag_9': 0.05087070903586683, 'lag_10': 0.04446766082775082, 'lag_11': 0.8880879757357554, 'lag_12': 0.5034589699937934, 'lag_13': 0.7922934026213804, 'lag_14': 0.07730771166460529, 'lag_15': 0.3837424661905252, 'lag_16': 0.22468994153180102, 'lag_17': 0.4289942790826377, 'lag_18': 0.15694503450843938, 'lag_19': 0.10810230223844453, 'lag_20': 0.5056928260810267, 'lag_21': 0.7900346547809642, 'lag_22': 0.19580484256751374, 'lag_23': 0.041476283874288075, 'lag_24': 0.9423846521621017, 'lag_25': 0.40593688520503274, 'lag_26': 0.4972954024487688, 'lag_27': 0.3904582341366375, 'lag_28': 0.9389432822959903}. Best is trial 41 with value: 0.004597142821365375.
[I 2025-09-29 13:26:16,731] Trial 97 finished with value: 0.005686346648587023 and parameters: {'lag_0': 0.007257846244895505, 'lag_1': 0.5591691309546819, 'lag_2': 0.18365909120046936, 'lag_3': 0.6181561858682425, 'lag_4': 0.8621543411900422, 'lag_5': 0.12018593686061002, 'lag_6': 0.8029964131210692, 'lag_7': 0.09345755829998026, 'lag_8': 0.2335076232975248, 'lag_9': 0.0451348173713637, 'lag_10': 0.08994873261759656, 'lag_11': 0.8894506113648641, 'lag_12': 0.5533876173788571, 'lag_13': 0.6713770977545409, 'lag_14': 0.12106606328476371, 'lag_15': 0.24830536062320052, 'lag_16': 0.14646129500413815, 'lag_17': 0.4206525868494552, 'lag_18': 0.15571974995986057, 'lag_19': 0.019491205306622073, 'lag_20': 0.4678169335468678, 'lag_21': 0.9416663475244029, 'lag_22': 0.1944595445843128, 'lag_23': 0.004498877487978226, 'lag_24': 0.9345641673809506, 'lag_25': 0.4041330308481495, 'lag_26': 0.47615112035171797, 'lag_27': 0.3541514784990532, 'lag_28': 0.8659150629697847}. Best is trial 41 with value: 0.004597142821365375.
[I 2025-09-29 13:26:19,222] Trial 98 finished with value: 0.005520667648668838 and parameters: {'lag_0': 6.180073813022262e-05, 'lag_1': 0.5187329017842668, 'lag_2': 0.16153956408944836, 'lag_3': 0.5941253942901192, 'lag_4': 0.8280752202040677, 'lag_5': 0.16388315238015616, 'lag_6': 0.6717005020423078, 'lag_7': 0.020566779531990376, 'lag_8': 0.19168013404632922, 'lag_9': 0.06307541850738299, 'lag_10': 0.20469350766353375, 'lag_11': 0.9584667351361655, 'lag_12': 0.025333588493956994, 'lag_13': 0.6218122307936382, 'lag_14': 0.0629697297171019, 'lag_15': 0.3297154713664139, 'lag_16': 0.09031086180154158, 'lag_17': 0.4995340895647922, 'lag_18': 0.049941578625318034, 'lag_19': 0.10689604314334156, 'lag_20': 0.4955812690592547, 'lag_21': 0.6784587416586922, 'lag_22': 0.12946269985263592, 'lag_23': 0.037694040738041085, 'lag_24': 0.9673659414013726, 'lag_25': 0.4977555542911085, 'lag_26': 0.5187371661868884, 'lag_27': 0.3963938347895124, 'lag_28': 0.9367745470913631}. Best is trial 41 with value: 0.004597142821365375.
[I 2025-09-29 13:26:21,715] Trial 99 finished with value: 0.0052431158343699425 and parameters: {'lag_0': 0.03338235469375317, 'lag_1': 0.5950325753708162, 'lag_2': 0.14251067978181992, 'lag_3': 0.7483246042524796, 'lag_4': 0.9039193148953273, 'lag_5': 0.480056143170846, 'lag_6': 0.7781761571922472, 'lag_7': 0.06568744244125274, 'lag_8': 0.2715987863902968, 'lag_9': 0.1268093406617692, 'lag_10': 0.0008908881560049653, 'lag_11': 0.9242137219158829, 'lag_12': 0.4956164183825257, 'lag_13': 0.7981559685124812, 'lag_14': 0.08929764939151603, 'lag_15': 0.37566053994233967, 'lag_16': 0.25687157872008637, 'lag_17': 0.4768559792722583, 'lag_18': 0.019819060830749496, 'lag_19': 0.889593745926061, 'lag_20': 0.5059068321501254, 'lag_21': 0.7932346707044176, 'lag_22': 0.1477509086295148, 'lag_23': 0.050682872104428435, 'lag_24': 0.9325717324122795, 'lag_25': 0.4432469138971873, 'lag_26': 0.02519541817369102, 'lag_27': 0.4433128607827648, 'lag_28': 0.06744944631954597}. Best is trial 41 with value: 0.004597142821365375.
2025-09-29 13:26:24,775 - distributed.worker - INFO - Stopping worker at tcp://192.168.86.108:36368. Reason: scheduler-remove-worker
2025-09-29 13:26:24,779 - distributed.nanny - INFO - Closing Nanny gracefully at 'tcp://192.168.86.108:40532'. Reason: scheduler-remove-worker
2025-09-29 13:26:24,784 - distributed.nanny - INFO - Worker closed
2025-09-29 13:26:24,785 - distributed.core - INFO - Connection to tcp://192.168.86.101:42031 has been closed.
slurmstepd: error: *** JOB 3081231 ON node08 CANCELLED AT 2025-09-29T13:26:24 ***
