[I 2025-09-29 13:24:03,790] Trial 45 finished with value: 0.004789433260227288 and parameters: {'lag_0': 0.5924283525313536, 'lag_1': 0.261560882898325, 'lag_2': 0.8219913852497318, 'lag_3': 0.751815747722741, 'lag_4': 0.19161155042204936, 'lag_5': 0.6790968257693891, 'lag_6': 0.05360655615366039, 'lag_7': 0.5106873514888192, 'lag_8': 0.7651572428232105, 'lag_9': 0.05432884360592995, 'lag_10': 0.19959279667668436, 'lag_11': 0.2833993785219562, 'lag_12': 0.7876559213309201, 'lag_13': 0.4835200514631545, 'lag_14': 0.48426919618440334, 'lag_15': 0.16469279374103635, 'lag_16': 0.13296788967450163, 'lag_17': 0.03575489835579637, 'lag_18': 0.5552271130859272, 'lag_19': 0.8772837732121094, 'lag_20': 0.19754731394906694, 'lag_21': 0.13567422148268027, 'lag_22': 0.9153401860224493, 'lag_23': 0.9411920697830276, 'lag_24': 0.001190745686932504, 'lag_25': 0.00794511681034598, 'lag_26': 0.06166527433700407, 'lag_27': 0.44418649500466484, 'lag_28': 0.5202646651843595}. Best is trial 15 with value: 0.004257252981542745.
[I 2025-09-29 13:24:06,308] Trial 46 finished with value: 0.004689878953546324 and parameters: {'lag_0': 0.042974284735697026, 'lag_1': 0.5726780277851057, 'lag_2': 0.7233570049834397, 'lag_3': 0.9958038009195903, 'lag_4': 0.059278680603369716, 'lag_5': 0.8668687666638812, 'lag_6': 0.8232477628747801, 'lag_7': 0.4297078879367462, 'lag_8': 0.6994022606717756, 'lag_9': 0.801540233430709, 'lag_10': 0.015531078297520373, 'lag_11': 0.21624056907953026, 'lag_12': 0.8663030917862529, 'lag_13': 0.5904325056279381, 'lag_14': 0.649426890936079, 'lag_15': 0.18345198897434734, 'lag_16': 0.23414633464336165, 'lag_17': 0.22442326672305063, 'lag_18': 0.7398505902682873, 'lag_19': 0.7897348729982798, 'lag_20': 0.05425652406829086, 'lag_21': 0.006557511996402116, 'lag_22': 0.7338911097635833, 'lag_23': 0.5124590001743823, 'lag_24': 0.16787782299457452, 'lag_25': 0.4396700947467854, 'lag_26': 0.8892497700699996, 'lag_27': 0.06392091215018131, 'lag_28': 0.5944440157086844}. Best is trial 15 with value: 0.004257252981542745.
[I 2025-09-29 13:24:08,814] Trial 47 finished with value: 0.004520876598702959 and parameters: {'lag_0': 0.4331448580323068, 'lag_1': 0.05258383532348876, 'lag_2': 0.8674410198239645, 'lag_3': 0.9465134762216197, 'lag_4': 0.4316575499646731, 'lag_5': 0.0352864830722161, 'lag_6': 0.7441854081265087, 'lag_7': 0.10547764278621874, 'lag_8': 0.3514375828214587, 'lag_9': 0.15449640767645922, 'lag_10': 0.7269639876464943, 'lag_11': 0.727031353745049, 'lag_12': 0.597434860440902, 'lag_13': 0.7181438406154076, 'lag_14': 0.5101275296443755, 'lag_15': 0.9480328463516029, 'lag_16': 0.4511465037075937, 'lag_17': 0.15531753625761593, 'lag_18': 0.8476180209458307, 'lag_19': 0.6756800001068112, 'lag_20': 0.30253697430636795, 'lag_21': 0.21170925999228468, 'lag_22': 0.6584868589610176, 'lag_23': 0.5735123704873962, 'lag_24': 0.4425912666249747, 'lag_25': 0.3418735596369433, 'lag_26': 0.3072790881058862, 'lag_27': 0.46912103699421664, 'lag_28': 0.7707845658937628}. Best is trial 15 with value: 0.004257252981542745.
[I 2025-09-29 13:24:11,324] Trial 48 finished with value: 0.0049976853416984655 and parameters: {'lag_0': 0.3874837484473733, 'lag_1': 0.46494104182835483, 'lag_2': 0.16538637157359948, 'lag_3': 0.011221380667325087, 'lag_4': 0.26264357128413873, 'lag_5': 0.3328848169931178, 'lag_6': 0.9445668656517568, 'lag_7': 0.04030400610407325, 'lag_8': 0.2578281499574682, 'lag_9': 0.039870551898268464, 'lag_10': 0.32921340172473734, 'lag_11': 0.4733082474578908, 'lag_12': 0.673317977812341, 'lag_13': 0.5672902980407781, 'lag_14': 0.2971406514552515, 'lag_15': 0.11345431481846832, 'lag_16': 0.5323675671946493, 'lag_17': 0.1091362758858888, 'lag_18': 0.2681752522743729, 'lag_19': 0.8464509819494501, 'lag_20': 0.16005933911590964, 'lag_21': 0.07429105225336519, 'lag_22': 0.4590140049586864, 'lag_23': 0.7757772923122118, 'lag_24': 0.4948274152814736, 'lag_25': 0.08953177742785255, 'lag_26': 0.18746073563910276, 'lag_27': 0.3899986784698204, 'lag_28': 0.7076064797812489}. Best is trial 15 with value: 0.004257252981542745.
[I 2025-09-29 13:24:13,837] Trial 49 finished with value: 0.004551954287172376 and parameters: {'lag_0': 0.030250960414040656, 'lag_1': 0.2888178916551103, 'lag_2': 0.9541106180817004, 'lag_3': 0.8530102346554123, 'lag_4': 0.1068279015257701, 'lag_5': 0.7500118346917599, 'lag_6': 0.5571137870629945, 'lag_7': 0.7067041450892901, 'lag_8': 0.9525604534296676, 'lag_9': 0.46194689146849593, 'lag_10': 0.7946368525985843, 'lag_11': 0.41366992287305804, 'lag_12': 0.16053327185816507, 'lag_13': 0.44327205426328076, 'lag_14': 0.34777445134283635, 'lag_15': 0.394462912054399, 'lag_16': 0.3554190282257099, 'lag_17': 0.26409535146345653, 'lag_18': 0.8057013422766696, 'lag_19': 0.9997348289314198, 'lag_20': 0.22696527922069273, 'lag_21': 0.27654368755799613, 'lag_22': 0.7874326221646984, 'lag_23': 0.7176687878129197, 'lag_24': 0.2411255412902092, 'lag_25': 0.286571830467569, 'lag_26': 0.008197538194921892, 'lag_27': 0.8127332689149951, 'lag_28': 0.99394562790945}. Best is trial 15 with value: 0.004257252981542745.
[I 2025-09-29 13:24:16,348] Trial 50 finished with value: 0.00471585597588616 and parameters: {'lag_0': 0.4857300950756668, 'lag_1': 0.39299108988534287, 'lag_2': 0.6449544277855951, 'lag_3': 0.614174622722651, 'lag_4': 0.5049541359644689, 'lag_5': 0.12056394061537791, 'lag_6': 0.6266700240884955, 'lag_7': 0.15862650468547657, 'lag_8': 0.47813772403339594, 'lag_9': 0.12698084463049272, 'lag_10': 0.12653619899112922, 'lag_11': 0.9712446852517387, 'lag_12': 0.7707118247948026, 'lag_13': 0.5232500262711722, 'lag_14': 0.7632167898384264, 'lag_15': 0.242079116710494, 'lag_16': 0.274086941619373, 'lag_17': 0.03218614511109627, 'lag_18': 0.6687989057441, 'lag_19': 0.7445998042563037, 'lag_20': 0.4073586782383901, 'lag_21': 0.47095145958770745, 'lag_22': 0.8266663282436091, 'lag_23': 0.6193152883263559, 'lag_24': 0.3407295811601019, 'lag_25': 0.049695167496254855, 'lag_26': 0.7604386608538242, 'lag_27': 0.31160736224381613, 'lag_28': 0.24707224570395808}. Best is trial 15 with value: 0.004257252981542745.
[I 2025-09-29 13:24:18,859] Trial 51 finished with value: 0.00455431281857034 and parameters: {'lag_0': 0.7926208949853223, 'lag_1': 0.20143527654182625, 'lag_2': 0.7408595217477969, 'lag_3': 0.6831132828404295, 'lag_4': 0.17203032842132468, 'lag_5': 0.6600180258136114, 'lag_6': 0.6804875897294497, 'lag_7': 0.626254150271437, 'lag_8': 0.537437432582325, 'lag_9': 0.2218959666606648, 'lag_10': 0.17687628908219383, 'lag_11': 0.310904460042766, 'lag_12': 0.9541016262338715, 'lag_13': 0.9902654710248298, 'lag_14': 0.6277140145502695, 'lag_15': 0.353071950005225, 'lag_16': 0.006109130762380358, 'lag_17': 0.32932251331285955, 'lag_18': 0.7263898135851297, 'lag_19': 0.8252876774308997, 'lag_20': 0.09807335723788549, 'lag_21': 0.3492240913618114, 'lag_22': 0.5452750649756933, 'lag_23': 0.856906245072827, 'lag_24': 0.298448492158874, 'lag_25': 0.1894062582706575, 'lag_26': 0.10800736812269258, 'lag_27': 0.5846669096856874, 'lag_28': 0.6810485597482059}. Best is trial 15 with value: 0.004257252981542745.
[I 2025-09-29 13:24:21,369] Trial 52 finished with value: 0.004919821527251836 and parameters: {'lag_0': 0.6818821769234014, 'lag_1': 0.3378719700394959, 'lag_2': 0.7855910416698825, 'lag_3': 0.7860455974773846, 'lag_4': 0.3349005456685842, 'lag_5': 0.7281112142385453, 'lag_6': 0.6598802360960621, 'lag_7': 0.562878537276799, 'lag_8': 0.556001585024839, 'lag_9': 0.004497207132602751, 'lag_10': 0.08540770588820949, 'lag_11': 0.21813176503028975, 'lag_12': 0.9974595667083859, 'lag_13': 0.3446295611626467, 'lag_14': 0.5941699168171352, 'lag_15': 0.4780441211622569, 'lag_16': 0.07504383904664491, 'lag_17': 0.163844472006699, 'lag_18': 0.6118685882613741, 'lag_19': 0.9229673693546868, 'lag_20': 0.0021442037197490493, 'lag_21': 0.21267760255105375, 'lag_22': 0.7230845417706216, 'lag_23': 0.8293291981419302, 'lag_24': 0.0781262528588253, 'lag_25': 0.5862958260829019, 'lag_26': 0.05210360787457625, 'lag_27': 0.6583470162053258, 'lag_28': 0.3440608608091661}. Best is trial 15 with value: 0.004257252981542745.
[I 2025-09-29 13:24:23,872] Trial 53 finished with value: 0.004431064203996804 and parameters: {'lag_0': 0.9258153238524712, 'lag_1': 0.24208684569676084, 'lag_2': 0.8161110782230563, 'lag_3': 0.9148621075742087, 'lag_4': 0.2520596119878827, 'lag_5': 0.9798881453591373, 'lag_6': 0.36082321228217434, 'lag_7': 0.8148736968553756, 'lag_8': 0.6576388778845169, 'lag_9': 0.3143275584435198, 'lag_10': 0.2576276353472112, 'lag_11': 0.5598738189840909, 'lag_12': 0.8699556882633468, 'lag_13': 0.27884856026831684, 'lag_14': 0.44766240111912187, 'lag_15': 0.34099697713962407, 'lag_16': 0.1774760309877235, 'lag_17': 0.22018773681792675, 'lag_18': 0.4551605230622912, 'lag_19': 0.6775818630497911, 'lag_20': 0.09765419396046193, 'lag_21': 0.2713502550193855, 'lag_22': 0.6345464660647763, 'lag_23': 0.9518240955464551, 'lag_24': 0.1876313367729081, 'lag_25': 0.11685942071808494, 'lag_26': 0.019371186218871003, 'lag_27': 0.6057843403272644, 'lag_28': 0.9089200220166105}. Best is trial 15 with value: 0.004257252981542745.
[I 2025-09-29 13:24:26,380] Trial 54 finished with value: 0.004545412321252213 and parameters: {'lag_0': 0.7465836997815333, 'lag_1': 0.17658895402232397, 'lag_2': 0.6768005453349563, 'lag_3': 0.941631381382337, 'lag_4': 0.130496706827612, 'lag_5': 0.7964189904263912, 'lag_6': 0.808324581637589, 'lag_7': 0.6234706214636546, 'lag_8': 0.4849246742078566, 'lag_9': 0.22749167907974552, 'lag_10': 0.037778070895822635, 'lag_11': 0.14566616576979285, 'lag_12': 0.9187749681271697, 'lag_13': 0.3810319313987425, 'lag_14': 0.7093672833403923, 'lag_15': 0.296721091785535, 'lag_16': 0.05496344559575199, 'lag_17': 0.0031666778990429856, 'lag_18': 0.818989002696048, 'lag_19': 0.9550087996734486, 'lag_20': 0.6392075182584955, 'lag_21': 0.12868781868525409, 'lag_22': 0.5899661743560018, 'lag_23': 0.9042111141096628, 'lag_24': 0.16049923951413292, 'lag_25': 0.9702675770252788, 'lag_26': 0.26092366422953167, 'lag_27': 0.7428304023351534, 'lag_28': 0.635838700141599}. Best is trial 15 with value: 0.004257252981542745.
[I 2025-09-29 13:24:28,887] Trial 55 finished with value: 0.004797928018344908 and parameters: {'lag_0': 0.6032088886185435, 'lag_1': 0.9564326860591547, 'lag_2': 0.9049009657385504, 'lag_3': 0.8509724742742588, 'lag_4': 0.8453204012837877, 'lag_5': 0.5335306321970049, 'lag_6': 0.7213108345605049, 'lag_7': 0.6861845553732249, 'lag_8': 0.41190125137005246, 'lag_9': 0.11011381146224077, 'lag_10': 0.2099813127904143, 'lag_11': 0.3935703991205245, 'lag_12': 0.42587131513808907, 'lag_13': 0.45014523894048025, 'lag_14': 0.5128756324637799, 'lag_15': 0.4161008053025296, 'lag_16': 0.11131098301366579, 'lag_17': 0.2766330798184038, 'lag_18': 0.6489510069425336, 'lag_19': 0.168937024971609, 'lag_20': 0.12965124564003577, 'lag_21': 0.1176283742541654, 'lag_22': 0.4960572043048566, 'lag_23': 0.777832276485913, 'lag_24': 0.4115758272530745, 'lag_25': 0.14581589807137318, 'lag_26': 0.16735897462061364, 'lag_27': 0.5212449052341512, 'lag_28': 0.5508085170975137}. Best is trial 15 with value: 0.004257252981542745.
[I 2025-09-29 13:24:31,391] Trial 56 finished with value: 0.004769193894470837 and parameters: {'lag_0': 0.5308183399487848, 'lag_1': 0.5181747629944166, 'lag_2': 0.8595923170571805, 'lag_3': 0.6989235590444474, 'lag_4': 0.29712041118362664, 'lag_5': 0.6315267237433637, 'lag_6': 0.8623975972902791, 'lag_7': 0.9564763567305602, 'lag_8': 0.8553101836257165, 'lag_9': 0.19118082808750508, 'lag_10': 0.1113423630767997, 'lag_11': 0.6027207319254108, 'lag_12': 0.8423988182491817, 'lag_13': 0.41733843230800705, 'lag_14': 0.579618974806354, 'lag_15': 0.5677760705848964, 'lag_16': 0.6230990185697091, 'lag_17': 0.0859634087934108, 'lag_18': 0.3419294186056341, 'lag_19': 0.8682314066304523, 'lag_20': 0.04086882710485075, 'lag_21': 0.034170772324612526, 'lag_22': 0.6694052465726165, 'lag_23': 0.6804442933611305, 'lag_24': 0.131923742383661, 'lag_25': 0.40402192885377114, 'lag_26': 0.6847980880472004, 'lag_27': 0.702785119170636, 'lag_28': 0.4355468278240921}. Best is trial 15 with value: 0.004257252981542745.
[I 2025-09-29 13:24:33,888] Trial 57 finished with value: 0.005280603834364709 and parameters: {'lag_0': 0.1423901772579439, 'lag_1': 0.6276404947043198, 'lag_2': 0.9662779543438194, 'lag_3': 0.8664502697099464, 'lag_4': 0.03863148672354594, 'lag_5': 0.47474425280883453, 'lag_6': 0.5893831388321334, 'lag_7': 0.0355590172765515, 'lag_8': 0.6219829872881825, 'lag_9': 0.374646272446576, 'lag_10': 0.6198336047477585, 'lag_11': 0.9433733705936855, 'lag_12': 0.3817178671314568, 'lag_13': 0.18887600835431, 'lag_14': 0.3999649119005675, 'lag_15': 0.2621894986991299, 'lag_16': 0.19310824570872337, 'lag_17': 0.43669118759258135, 'lag_18': 0.9205686374043353, 'lag_19': 0.8122064044984258, 'lag_20': 0.4884645982584479, 'lag_21': 0.20101729035170568, 'lag_22': 0.33387750387774706, 'lag_23': 0.40204919948671725, 'lag_24': 0.24375471721539194, 'lag_25': 0.4778722282587189, 'lag_26': 0.08923637003151365, 'lag_27': 0.4826778661005099, 'lag_28': 0.7323469120174172}. Best is trial 15 with value: 0.004257252981542745.
[I 2025-09-29 13:24:36,404] Trial 58 finished with value: 0.004535794629345419 and parameters: {'lag_0': 0.6396466173658175, 'lag_1': 0.031315392399406144, 'lag_2': 0.7761900973343011, 'lag_3': 0.5158395146648375, 'lag_4': 0.9991143452163969, 'lag_5': 0.009598971853354496, 'lag_6': 0.7848126107066148, 'lag_7': 0.4728904441734543, 'lag_8': 0.3098150102527963, 'lag_9': 0.6884157901115187, 'lag_10': 0.7279727385557749, 'lag_11': 0.3127597659167205, 'lag_12': 0.643281903840073, 'lag_13': 0.6349300296301409, 'lag_14': 0.8551069081421412, 'lag_15': 0.7740742930756676, 'lag_16': 0.31044355960326986, 'lag_17': 0.37625786536428657, 'lag_18': 0.5097021701848999, 'lag_19': 0.5450704980619456, 'lag_20': 0.17165318601549248, 'lag_21': 0.1515822892634346, 'lag_22': 0.7617946864776057, 'lag_23': 0.46719969902451075, 'lag_24': 0.8114552619957887, 'lag_25': 0.24939736747636693, 'lag_26': 0.44092046805015167, 'lag_27': 0.5593601516610699, 'lag_28': 0.8267877099704707}. Best is trial 15 with value: 0.004257252981542745.
[I 2025-09-29 13:24:38,914] Trial 59 finished with value: 0.004425233539074045 and parameters: {'lag_0': 0.27622322172084146, 'lag_1': 0.10816862332852784, 'lag_2': 0.5904765704856467, 'lag_3': 0.2699972092877519, 'lag_4': 0.16798918948904754, 'lag_5': 0.5616916054256933, 'lag_6': 0.4943645105998025, 'lag_7': 0.7471324923123774, 'lag_8': 0.7222324487934155, 'lag_9': 0.278192904069703, 'lag_10': 0.8475428970266321, 'lag_11': 0.5117900628263163, 'lag_12': 0.4825666559312761, 'lag_13': 0.5136821319636381, 'lag_14': 0.6756509645421998, 'lag_15': 0.3290123165714168, 'lag_16': 0.39295892964607954, 'lag_17': 0.20787639388829868, 'lag_18': 0.5860560585280978, 'lag_19': 0.7436489962954943, 'lag_20': 0.7126071176411561, 'lag_21': 0.08127431697982455, 'lag_22': 0.4220438654167329, 'lag_23': 0.8989845128856815, 'lag_24': 0.5598789331022977, 'lag_25': 0.3215932355540421, 'lag_26': 0.931550425973659, 'lag_27': 0.6501604644329726, 'lag_28': 0.6547441938821285}. Best is trial 15 with value: 0.004257252981542745.
[I 2025-09-29 13:24:41,427] Trial 60 finished with value: 0.004197542443336509 and parameters: {'lag_0': 0.35319255891256673, 'lag_1': 0.4396415360937421, 'lag_2': 0.6936438765764241, 'lag_3': 0.7790008811961424, 'lag_4': 0.353765829924283, 'lag_5': 0.829582944678666, 'lag_6': 0.7553215103068874, 'lag_7': 0.3238776991674664, 'lag_8': 0.5584064757066747, 'lag_9': 0.5387339148935574, 'lag_10': 0.2870239025821756, 'lag_11': 0.8307225096632113, 'lag_12': 0.7427118327153754, 'lag_13': 0.46341464445261127, 'lag_14': 0.6105935512207498, 'lag_15': 0.6322436021243891, 'lag_16': 0.2336833082693052, 'lag_17': 0.3156654098174763, 'lag_18': 0.7369757972245761, 'lag_19': 0.6372658406507193, 'lag_20': 0.35473931038120643, 'lag_21': 0.3164538300793459, 'lag_22': 0.5400767345168955, 'lag_23': 0.9705258440020905, 'lag_24': 0.05224765179210153, 'lag_25': 0.1942359631298456, 'lag_26': 0.541365756283758, 'lag_27': 0.867606100877402, 'lag_28': 0.7737122717231756}. Best is trial 60 with value: 0.004197542443336509.
[I 2025-09-29 13:24:43,937] Trial 61 finished with value: 0.004568114450882629 and parameters: {'lag_0': 0.40806099691012954, 'lag_1': 0.4548083744090923, 'lag_2': 0.7020077282426841, 'lag_3': 0.766678978155339, 'lag_4': 0.40136845652553277, 'lag_5': 0.920587584509609, 'lag_6': 0.8726502228189782, 'lag_7': 0.3962631130774139, 'lag_8': 0.37593746092342184, 'lag_9': 0.6041542583808577, 'lag_10': 0.17204413793024337, 'lag_11': 0.841508523755023, 'lag_12': 0.7257738589033462, 'lag_13': 0.4677225641916557, 'lag_14': 0.6143225013547604, 'lag_15': 0.8836862720329798, 'lag_16': 0.2259331507100396, 'lag_17': 0.309942604523892, 'lag_18': 0.7397275801574424, 'lag_19': 0.6258894393924668, 'lag_20': 0.5435136568511583, 'lag_21': 0.3301442677829001, 'lag_22': 0.559578272347255, 'lag_23': 0.9657003648715421, 'lag_24': 0.0624572223939531, 'lag_25': 0.18155301138464072, 'lag_26': 0.5502521452523472, 'lag_27': 0.9775747398755248, 'lag_28': 0.775983592400061}. Best is trial 60 with value: 0.004197542443336509.
[I 2025-09-29 13:24:46,606] Trial 62 finished with value: 0.004441438377707547 and parameters: {'lag_0': 0.3510770242590172, 'lag_1': 0.3191226998606782, 'lag_2': 0.7466355354718607, 'lag_3': 0.8354994779787203, 'lag_4': 0.9344322221941821, 'lag_5': 0.7296886435323214, 'lag_6': 0.7444046546734892, 'lag_7': 0.3269843995481669, 'lag_8': 0.5687587892812037, 'lag_9': 0.5443705287597475, 'lag_10': 0.05039091931180996, 'lag_11': 0.7936898430155447, 'lag_12': 0.7804026229684494, 'lag_13': 0.38270674098016355, 'lag_14': 0.4876883372565185, 'lag_15': 0.641742092301748, 'lag_16': 0.15929137237591956, 'lag_17': 0.40798992463869665, 'lag_18': 0.8816376119945519, 'lag_19': 0.5673246244124808, 'lag_20': 0.36641294415507397, 'lag_21': 0.2628703060020094, 'lag_22': 0.5015144005036203, 'lag_23': 0.9915909113839427, 'lag_24': 0.03456930167786506, 'lag_25': 0.213741047872239, 'lag_26': 0.3444127399560423, 'lag_27': 0.8794472013393098, 'lag_28': 0.7015740905547235}. Best is trial 60 with value: 0.004197542443336509.
[I 2025-09-29 13:24:49,128] Trial 63 finished with value: 0.004534815925723514 and parameters: {'lag_0': 0.20101690914415354, 'lag_1': 0.38957345471317784, 'lag_2': 0.6439283426966584, 'lag_3': 0.639966282371263, 'lag_4': 0.23854723703983605, 'lag_5': 0.9139312206164383, 'lag_6': 0.6720994705631993, 'lag_7': 0.22812938028315327, 'lag_8': 0.4989921603751109, 'lag_9': 0.5242892611133034, 'lag_10': 0.3055463679821189, 'lag_11': 0.912519151077313, 'lag_12': 0.8811651548626694, 'lag_13': 0.31923200947713304, 'lag_14': 0.5370650878216141, 'lag_15': 0.7485170485143438, 'lag_16': 0.044762717467594235, 'lag_17': 0.25045191807358824, 'lag_18': 0.003992242046991001, 'lag_19': 0.48628022161662715, 'lag_20': 0.24644787068862428, 'lag_21': 0.39638355552430576, 'lag_22': 0.6028795109094296, 'lag_23': 0.7986910551029054, 'lag_24': 0.15162491059164257, 'lag_25': 0.3014992189373161, 'lag_26': 0.8379267639362954, 'lag_27': 0.8036667285306089, 'lag_28': 0.5934143529858223}. Best is trial 60 with value: 0.004197542443336509.
[I 2025-09-29 13:24:51,656] Trial 64 finished with value: 0.00447997996757884 and parameters: {'lag_0': 0.45708437599738905, 'lag_1': 0.14830301726459869, 'lag_2': 0.8098844795857241, 'lag_3': 0.6072878533684742, 'lag_4': 0.3439940099331741, 'lag_5': 0.8204050754673975, 'lag_6': 0.6153215819977226, 'lag_7': 0.3454065291464611, 'lag_8': 0.8862562351102301, 'lag_9': 0.41723353805134544, 'lag_10': 0.3786342370816279, 'lag_11': 0.8652037606706989, 'lag_12': 0.7024307490367734, 'lag_13': 0.5730079864115332, 'lag_14': 0.74814989593128, 'lag_15': 0.20607980627643246, 'lag_16': 0.5713603794597029, 'lag_17': 0.1086520088538594, 'lag_18': 0.7834357841620586, 'lag_19': 0.6934852146660284, 'lag_20': 0.31623348082175823, 'lag_21': 0.29431517871159646, 'lag_22': 0.7077073433954133, 'lag_23': 0.8398404673785596, 'lag_24': 0.6665160055175455, 'lag_25': 0.3576472094219677, 'lag_26': 0.0023485641048545045, 'lag_27': 0.7212678289217491, 'lag_28': 0.8477535843269712}. Best is trial 60 with value: 0.004197542443336509.
[I 2025-09-29 13:24:54,185] Trial 65 finished with value: 0.004483587232754337 and parameters: {'lag_0': 0.07845891340358019, 'lag_1': 0.5461595724599464, 'lag_2': 0.6841704573983277, 'lag_3': 0.9080541776393565, 'lag_4': 0.567542114302103, 'lag_5': 0.3893469039373647, 'lag_6': 0.8414426141485793, 'lag_7': 0.19595722683968328, 'lag_8': 0.4520407621774673, 'lag_9': 0.4495341588638144, 'lag_10': 0.2734160231287336, 'lag_11': 0.7386855769149634, 'lag_12': 0.5451684626142348, 'lag_13': 0.4617633368249465, 'lag_14': 0.8063313921794881, 'lag_15': 0.8165538592195, 'lag_16': 0.2662167400767292, 'lag_17': 0.5714130074796633, 'lag_18': 0.6543570247606085, 'lag_19': 0.6537691668936719, 'lag_20': 0.7919796133461627, 'lag_21': 0.521295763993232, 'lag_22': 0.3815236481031743, 'lag_23': 0.9284637785474339, 'lag_24': 0.35754030042771023, 'lag_25': 0.16038670332620242, 'lag_26': 0.9903477778960709, 'lag_27': 0.8621521397719571, 'lag_28': 0.7860377824263559}. Best is trial 60 with value: 0.004197542443336509.
