[I 2025-10-03 11:38:35,524] Trial 68 finished with values: [0.009211465657111952, 0.0010780528072538826, 0.0009679849864395185, 0.001244540688194337, 0.001277548453531144, 0.0016568128177178068, 0.0005368659973827375, 0.0002441976395905, 0.0036647206045981916, 0.000899664517772024, 0.0004968146901792604, 0.0002301199931050816, 0.003147827200926217, 0.028774380851190044, 0.0, 0.021160922832015427, 0.0024616553014707807, 0.0011184716326642812, 0.0005223470925718268, 0.0039473484511491595, 0.004891717797230033, 0.005508150091431699, 0.00034527723335326353, 0.001275036453029333, 0.0003012201893813096, 0.0008624362096962869, 0.00035178487697626874, 0.00335818982919771, 0.000921466857527824] and parameters: {'lag_0': 0.7255449233397323, 'lag_1': 0.49189404306784157, 'lag_2': 0.9952182537855341, 'lag_3': 0.8571657217206708, 'lag_4': 0.9144498571818434, 'lag_5': 0.2129856429177163, 'lag_6': 0.08358674243698903, 'lag_7': 0.8945650729730006, 'lag_8': 0.46076095606522066, 'lag_9': 0.20190435589761516, 'lag_10': 0.3880746280913967, 'lag_11': 0.957427869008373, 'lag_12': 0.7309571159930676, 'lag_13': 0.90612239458658, 'lag_14': 0.7893788958373231, 'lag_15': 0.4763731068695303, 'lag_16': 0.464709455130762, 'lag_17': 0.5540455756700722, 'lag_18': 0.130544631056774, 'lag_19': 0.924418743674139, 'lag_20': 0.7631039179919333, 'lag_21': 0.28845891672832574, 'lag_22': 0.1432462012257851, 'lag_23': 0.09997617966208, 'lag_24': 0.1999415432116589, 'lag_25': 0.36503490700736424, 'lag_26': 0.10332705736181293, 'lag_27': 0.579794420677796, 'lag_28': 0.18234594155700729}.
[I 2025-10-03 11:38:38,140] Trial 69 finished with values: [0.00865332612222823, 0.0022525719935530914, 0.0014709011922185706, 0.0012173022298520649, 0.0028510557674667346, 0.0004885414830206639, 0.0005182144218483361, 3.146012871842699e-05, 0.003567822566256902, 0.00017499605920497037, 7.548618238987439e-05, 0.0003338875954384059, 0.0020360068343795884, 0.029492117078185786, 0.0, 0.021248956330078235, 0.002287209932380485, 0.0008326018081393636, 0.00021229827194990734, 0.0024534126521016273, 0.005098958675691097, 0.00785226872497686, 0.0004859245447480281, 0.001416003700758597, 0.0003228735916737353, 0.0010977444661898431, 0.00013437610042854034, 0.0005915134651990662, 0.0021385041551246543] and parameters: {'lag_0': 0.575371814059023, 'lag_1': 0.49189404306784157, 'lag_2': 0.8470069999573505, 'lag_3': 0.9490335277346859, 'lag_4': 0.4719532266953169, 'lag_5': 0.23191905219012598, 'lag_6': 0.8985521148790855, 'lag_7': 0.8703053869272441, 'lag_8': 0.6778857851000092, 'lag_9': 0.20190435589761516, 'lag_10': 0.7247732700227189, 'lag_11': 0.486646108712446, 'lag_12': 0.7725076655875942, 'lag_13': 0.90612239458658, 'lag_14': 0.8184554225713647, 'lag_15': 0.4763731068695303, 'lag_16': 0.6350939027432443, 'lag_17': 0.3796997549731424, 'lag_18': 0.8819259682642941, 'lag_19': 0.028319320843325144, 'lag_20': 0.7631039179919333, 'lag_21': 0.28845891672832574, 'lag_22': 0.7023389956452011, 'lag_23': 0.16432879485685617, 'lag_24': 0.624891751791326, 'lag_25': 0.9852254081204398, 'lag_26': 0.9051823487364198, 'lag_27': 0.9722613302149666, 'lag_28': 0.8753456685986898}.
[I 2025-10-03 11:38:40,748] Trial 70 finished with values: [0.00865332612222823, 0.0025196062981460814, 0.0003028619405054067, 0.0013223534321802528, 0.0011169877021309123, 0.0006682908461130108, 0.00022690999357364438, 0.0001906389798550328, 0.0036194474951834676, 0.0008023513573841247, 0.00047958488097982877, 0.0001026151125106851, 0.0028444237360094565, 0.03107533692656202, 0.0, 0.02143372275365144, 0.0026911754448583395, 0.0006490597728810908, 0.00039251594839068843, 0.0022840828081288813, 0.006054568908002426, 0.0042539288543588264, 0.0003418702548894306, 0.0017926417759619672, 0.0003360231294045535, 0.0010521785174824009, 0.00016218947214073466, 0.0009040668733674533, 0.0006503346436613862] and parameters: {'lag_0': 0.5050364077336442, 'lag_1': 0.7736630495804683, 'lag_2': 0.156533837810471, 'lag_3': 0.5637775703483351, 'lag_4': 0.17241688802659, 'lag_5': 0.08435450698124489, 'lag_6': 0.5296041210417329, 'lag_7': 0.5170365149231316, 'lag_8': 0.8739234011355461, 'lag_9': 0.39356048547709477, 'lag_10': 0.0724752640502748, 'lag_11': 0.28331234611813294, 'lag_12': 0.39429606207941376, 'lag_13': 0.6988904301564602, 'lag_14': 0.9359090676390877, 'lag_15': 0.858127748818329, 'lag_16': 0.17766891908510452, 'lag_17': 0.5047813063049277, 'lag_18': 0.3320167860849661, 'lag_19': 0.3259242800214879, 'lag_20': 0.2833149216589878, 'lag_21': 0.701148942756802, 'lag_22': 0.5379395997874156, 'lag_23': 0.34989478289263737, 'lag_24': 0.44524267369966725, 'lag_25': 0.8552134364992748, 'lag_26': 0.4208023531748432, 'lag_27': 0.35766610685710987, 'lag_28': 0.9264836119441614}.
[I 2025-10-03 11:38:43,378] Trial 71 finished with values: [0.008007331290186886, 0.0065402503476550185, 0.0003554331485293357, 0.000886670184315802, 0.0012694288906689873, 0.0004463740866986943, 0.0007850610530694104, 0.0005600519808503388, 0.003008241842658328, 0.0007887412261495447, 0.0006491774499725743, 0.0004754604720056578, 0.0031489139080528375, 0.028737761351388467, 0.0, 0.018041291052816075, 0.0027120673985878987, 0.0006264383634791632, 0.0003231802779613808, 0.002064951247667266, 0.005723962475051475, 0.006175876390295081, 0.0004539776657802146, 0.001440491760762251, 0.0005537849305721665, 0.0006004309872806404, 0.00045751768117314746, 0.0017099823636866148, 0.003347365702479339] and parameters: {'lag_0': 0.575371814059023, 'lag_1': 0.23160092814162142, 'lag_2': 0.8470069999573505, 'lag_3': 0.9223358392487886, 'lag_4': 0.22881066295594088, 'lag_5': 0.900173316363922, 'lag_6': 0.678599320283487, 'lag_7': 0.7327157629432166, 'lag_8': 0.4505611405313682, 'lag_9': 0.625418930583604, 'lag_10': 0.7789252027169626, 'lag_11': 0.6531393413284021, 'lag_12': 0.742089429357886, 'lag_13': 0.989296391640608, 'lag_14': 0.4074892438359142, 'lag_15': 0.6721068210871772, 'lag_16': 0.519875767470925, 'lag_17': 0.7810042788519931, 'lag_18': 0.130544631056774, 'lag_19': 0.29805130785800005, 'lag_20': 0.03977915016585109, 'lag_21': 0.7848335043858942, 'lag_22': 0.08526365461835857, 'lag_23': 0.5972662488685336, 'lag_24': 0.2882717036800794, 'lag_25': 0.5803720842636593, 'lag_26': 0.9383132576672462, 'lag_27': 0.9722613302149666, 'lag_28': 0.7431948422870738}.
[I 2025-10-03 11:38:45,988] Trial 72 finished with values: [0.00865332612222823, 0.0014636311197122357, 0.0007400632049461391, 0.0013909093957020632, 0.0019379339662102715, 0.0006953578344903391, 0.00042880070701094557, 0.0001342764994610514, 0.0032764787224828, 0.0009493154809734952, 0.00044156726881339306, 0.0005206116148699497, 0.003260713619775794, 0.027091755581241696, 0.0, 0.021017441799085122, 0.0008896932964675355, 0.0007056806635743873, 0.0001713233467067926, 0.0016061684287446468, 0.004536468302931779, 0.005571091273263923, 0.000455064349904099, 0.0015018144603519035, 0.0005099259048334471, 0.00085955249239845, 0.00028191754295566607, 0.002123157896727241, 0.0004920707429303321] and parameters: {'lag_0': 0.5330854205328004, 'lag_1': 0.17258803839955655, 'lag_2': 0.9161926949548678, 'lag_3': 0.03755829799813581, 'lag_4': 0.5906744149357054, 'lag_5': 0.46756656955239034, 'lag_6': 0.1662415052640072, 'lag_7': 0.31182401917112623, 'lag_8': 0.01562700753142927, 'lag_9': 0.016082152032937756, 'lag_10': 0.2798329918852168, 'lag_11': 0.052395523255792886, 'lag_12': 0.39429606207941376, 'lag_13': 0.05175537250512331, 'lag_14': 0.9359090676390877, 'lag_15': 0.858127748818329, 'lag_16': 0.17766891908510452, 'lag_17': 0.9691142582039424, 'lag_18': 0.3320167860849661, 'lag_19': 0.3244744178189504, 'lag_20': 0.2833149216589878, 'lag_21': 0.2273729575397279, 'lag_22': 0.952381783181695, 'lag_23': 0.4041620574973792, 'lag_24': 0.26762243116260315, 'lag_25': 0.8552134364992748, 'lag_26': 0.1860270452633007, 'lag_27': 0.9339920491628607, 'lag_28': 0.4896144645509462}.
[I 2025-10-03 11:38:48,602] Trial 73 finished with values: [0.00865332612222823, 0.002541926287544627, 0.0006224282981527266, 0.001511074431750303, 0.0016059843536957255, 0.0013423342562442204, 0.0009147350046113785, 0.00038044768459546215, 0.002056864651640605, 0.0009174167216412482, 0.0002061442041311175, 0.00046202937157617253, 0.0025103984105026384, 0.02799017660899421, 0.0, 0.01918526942045993, 0.002582079347039295, 0.0002452636245576868, 3.811965889374349e-05, 0.0025855685143474105, 0.005517009044178659, 0.006184939049889445, 0.0003204736260075879, 0.0015115382419711241, 0.0004883035611910968, 0.0009652033397677935, 0.000687292667099931, 0.0021962950187653643, 0.0011267010173074382] and parameters: {'lag_0': 0.948783479714004, 'lag_1': 0.3477983720575622, 'lag_2': 0.4109267748289878, 'lag_3': 0.2538400499335987, 'lag_4': 0.5638912191449338, 'lag_5': 0.4150303124374624, 'lag_6': 0.18056331652583008, 'lag_7': 0.21799134497220202, 'lag_8': 0.7358132886910934, 'lag_9': 0.38601822220978993, 'lag_10': 0.6385662852461875, 'lag_11': 0.3787355325026749, 'lag_12': 0.6090811119375971, 'lag_13': 0.3442664754403682, 'lag_14': 0.47713595748790116, 'lag_15': 0.388739295174829, 'lag_16': 0.6269639776724732, 'lag_17': 0.4453057190339964, 'lag_18': 0.3675291661563613, 'lag_19': 0.8535383426672695, 'lag_20': 0.287650477411301, 'lag_21': 0.6559164968381003, 'lag_22': 0.44035257317108084, 'lag_23': 0.32070047885878805, 'lag_24': 0.6767635788259204, 'lag_25': 0.6121936402632506, 'lag_26': 0.36163869970116247, 'lag_27': 0.08454009714911163, 'lag_28': 0.9906993190866774}.
[I 2025-10-03 11:38:51,202] Trial 74 finished with values: [0.00865332612222823, 0.004293691727831779, 0.0015542016145343653, 0.0007860696259966115, 0.0026641338577198044, 0.0007448379092255483, 0.00033530534642915884, 0.0005046255885965644, 0.003269235192919502, 0.0005926980052747911, 0.0005144561418110932, 0.0005675324024763123, 0.00195962672827352, 0.031103515073478315, 0.0, 0.021474234664446413, 0.001149119871804239, 0.001553872249412829, 0.00014423605558557564, 0.00266624244968658, 0.005187648358933649, 0.005898566827209362, 0.0003669899673775164, 0.0008492012738764917, 0.0004585314783604969, 0.0013752722525874864, 0.0004234045444770424, 0.001220709721958035, 0.005351011761268172] and parameters: {'lag_0': 0.5731137667839185, 'lag_1': 0.9067794377767564, 'lag_2': 0.8671226368547349, 'lag_3': 0.00961073322482489, 'lag_4': 0.3939302882356439, 'lag_5': 0.30273322373439643, 'lag_6': 0.6989135822752992, 'lag_7': 0.8088782107898144, 'lag_8': 0.906098219108733, 'lag_9': 0.7068253167998263, 'lag_10': 0.766186883214733, 'lag_11': 0.16108637984930013, 'lag_12': 0.9792142337440661, 'lag_13': 0.04741999110366738, 'lag_14': 0.6803558473495612, 'lag_15': 0.6088297822561034, 'lag_16': 0.3350399754903816, 'lag_17': 0.7460237584240444, 'lag_18': 0.5442327672869655, 'lag_19': 0.955766388436009, 'lag_20': 0.8597316640175052, 'lag_21': 0.9972053160231569, 'lag_22': 0.41119225277971916, 'lag_23': 0.35426620762023936, 'lag_24': 0.5737743695234797, 'lag_25': 0.7615258512836224, 'lag_26': 0.6945301644936573, 'lag_27': 0.11617713017007616, 'lag_28': 0.10717605853716028}.
[I 2025-10-03 11:38:53,808] Trial 75 finished with values: [0.006342100167591423, 0.0019954738491310036, 0.0007886900209948172, 0.0004022231434271102, 0.0013001139644242062, 0.0012727883127534793, 0.0004804953615629771, 0.0005247916505680979, 0.0026826971613329114, 0.0011172083248805176, 0.0003948513229748866, 0.0001521169029728633, 0.0021162879869010102, 0.029660658902189385, 0.0, 0.013844543091081688, 0.0015719479817618356, 0.001859585444867025, 0.00013382786624578234, 0.0027539232763460785, 0.005302458669767095, 0.004983215132945917, 0.0003919970188759673, 0.0006870148062735776, 0.00031130907307246346, 0.0006379978786325006, 8.844356258647793e-05, 0.001560166844421554, 0.0019206349627893988] and parameters: {'lag_0': 0.1697671940873717, 'lag_1': 0.1967905214187578, 'lag_2': 0.40006821941584786, 'lag_3': 0.00961073322482489, 'lag_4': 0.5915086198824837, 'lag_5': 0.3014590186229234, 'lag_6': 0.41058413635394736, 'lag_7': 0.680871274098521, 'lag_8': 0.793887231995373, 'lag_9': 0.7068253167998263, 'lag_10': 0.43502605135422373, 'lag_11': 0.37458804805503493, 'lag_12': 0.1299101814360602, 'lag_13': 0.23635424244082479, 'lag_14': 0.9373979140219475, 'lag_15': 0.972403129819356, 'lag_16': 0.923790996380199, 'lag_17': 0.7460237584240444, 'lag_18': 0.7655172392543415, 'lag_19': 0.5034425893934532, 'lag_20': 0.2663521129885854, 'lag_21': 0.12000517757585705, 'lag_22': 0.3945932734200529, 'lag_23': 0.35426620762023936, 'lag_24': 0.33471514496894145, 'lag_25': 0.37062595086134975, 'lag_26': 0.5054821890868649, 'lag_27': 0.8754537078671203, 'lag_28': 0.10717605853716028}.
[I 2025-10-03 11:38:56,413] Trial 76 finished with values: [0.00865332612222823, 0.002603092511230396, 0.0004419141459110304, 0.0004466890801019145, 0.0015992933045973726, 0.0016242769100456276, 0.00037857420122117824, 5.174704378755427e-05, 0.004358227371380044, 0.0007634400466921126, 0.0002798199632421818, 0.00048622958371151236, 0.002878066580017397, 0.02979160129266383, 0.0, 0.01863126115404279, 0.0016086028770436838, 0.0007400166722967094, 0.00019670249562953892, 0.00250807146577591, 0.0048694000119487825, 0.006259293429375648, 0.0003861336806853492, 0.0011095193925025671, 0.0006376038939544229, 0.0012259210593779158, 0.00021266842948558856, 0.0011833602833246667, 0.004511085915847821] and parameters: {'lag_0': 0.7635541212951461, 'lag_1': 0.591273028233933, 'lag_2': 0.5573935704113915, 'lag_3': 0.7366228368287172, 'lag_4': 0.9697129750582255, 'lag_5': 0.5405651930829866, 'lag_6': 0.41030294593115435, 'lag_7': 0.3799892488255858, 'lag_8': 0.6526646174602851, 'lag_9': 0.3535864533580118, 'lag_10': 0.8974110412815809, 'lag_11': 0.847247237905356, 'lag_12': 0.1396694479761508, 'lag_13': 0.7926756808075175, 'lag_14': 0.49908664059914476, 'lag_15': 0.15687911205346525, 'lag_16': 0.6575517640775619, 'lag_17': 0.27393941315907877, 'lag_18': 0.7372110376925008, 'lag_19': 0.9206447143876999, 'lag_20': 0.8917302471464976, 'lag_21': 0.4165048025376894, 'lag_22': 0.7603522118668553, 'lag_23': 0.7320276842130653, 'lag_24': 0.046786983927531306, 'lag_25': 0.08844313129387049, 'lag_26': 0.21702152970165872, 'lag_27': 0.7833543793044089, 'lag_28': 0.31876508143651067}.
[I 2025-10-03 11:38:59,026] Trial 77 finished with values: [0.00865332612222823, 0.005497294768070015, 0.00017727671847179505, 0.0010891487764865045, 0.0017046043513284973, 0.0016918973415032718, 0.0004590409986833969, 0.0001782639544398974, 0.0018615632996497682, 0.0010421240378126779, 0.00030541609218864894, 0.0004629578167697801, 0.0019447650238457333, 0.03394846621245112, 0.0, 0.014537677422062759, 0.0020424854175754474, 0.0005419070700751676, 0.0005586408914920435, 0.002543770910842889, 0.005245201430055285, 0.007289417051484634, 0.0003006364704963139, 0.0022672057045625077, 0.0003783999898803559, 0.0011005987780238714, 0.0005211556529340248, 0.001018314074688336, 0.0009893665452653485] and parameters: {'lag_0': 0.948783479714004, 'lag_1': 0.9567532400372373, 'lag_2': 0.4109267748289878, 'lag_3': 0.8571657217206708, 'lag_4': 0.9144498571818434, 'lag_5': 0.17212075078616357, 'lag_6': 0.18056331652583008, 'lag_7': 0.8291957905035275, 'lag_8': 0.060179680299755775, 'lag_9': 0.24706581608472422, 'lag_10': 0.7165220335835707, 'lag_11': 0.957427869008373, 'lag_12': 0.7309571159930676, 'lag_13': 0.4456722559428749, 'lag_14': 0.7893788958373231, 'lag_15': 0.1737807632041509, 'lag_16': 0.6269639776724732, 'lag_17': 0.5540455756700722, 'lag_18': 0.9726823496239511, 'lag_19': 0.8535383426672695, 'lag_20': 0.4660576888306177, 'lag_21': 0.3285272522866923, 'lag_22': 0.1432462012257851, 'lag_23': 0.09997617966208, 'lag_24': 0.6767635788259204, 'lag_25': 0.6121936402632506, 'lag_26': 0.3439368367675767, 'lag_27': 0.08454009714911163, 'lag_28': 0.9568210758682113}.
[I 2025-10-03 11:39:01,636] Trial 78 finished with values: [0.007685302866414277, 0.0019046289561398997, 0.0006156077641559113, 0.0006250560783473955, 0.0008607009072199011, 0.000987181440507963, 0.0010267506413864748, 0.00011228052722384323, 0.003211460286174826, 0.001101596660757146, 0.0003958655861327486, 0.0003611458759607304, 0.00261760889434057, 0.028640097106002477, 0.0, 0.01610978087496022, 0.001966756462742873, 0.0010771449691341463, 0.0001003408701365578, 0.002415975480894621, 0.0060066249754630405, 0.004836128492289311, 0.0005662216891679777, 0.0018964627111220367, 0.00023445372429071093, 0.0008224455200873457, 0.0003793140794561023, 0.0001529676437873989, 0.0011524661810613942] and parameters: {'lag_0': 0.9119249277376051, 'lag_1': 0.2631357766628535, 'lag_2': 0.11232909984811998, 'lag_3': 0.2032562673807986, 'lag_4': 0.554208968941383, 'lag_5': 0.3034470142716161, 'lag_6': 0.6950059965028851, 'lag_7': 0.6115836082568636, 'lag_8': 0.7358132886910934, 'lag_9': 0.38601822220978993, 'lag_10': 0.6385662852461875, 'lag_11': 0.3787355325026749, 'lag_12': 0.6090811119375971, 'lag_13': 0.3442664754403682, 'lag_14': 0.8352940738004486, 'lag_15': 0.388739295174829, 'lag_16': 0.3211204795114146, 'lag_17': 0.4453057190339964, 'lag_18': 0.5455006341963863, 'lag_19': 0.4172708556162666, 'lag_20': 0.287650477411301, 'lag_21': 0.6559164968381003, 'lag_22': 0.44035257317108084, 'lag_23': 0.5420893340992078, 'lag_24': 0.0043090534089454385, 'lag_25': 0.7714556837643297, 'lag_26': 0.5483138674387354, 'lag_27': 0.76745025662124, 'lag_28': 0.7195763802088876}.
[I 2025-10-03 11:39:04,244] Trial 79 finished with values: [0.0069880949996327674, 0.0031739734179726245, 0.0016820558123410226, 0.0003755070188660254, 0.0019660232033822398, 0.0006784189554077805, 0.000629230298703379, 0.0003117299167383086, 0.0019912138470040337, 0.0005675363895657368, 0.00029102476962488116, 0.0004884216638218746, 0.0024328362280506537, 0.027938865742690368, 0.0, 0.021432428599048144, 0.0020339517925781238, 0.0008886806840874811, 9.159830379468944e-05, 0.0030154883396384382, 0.00635240444777594, 0.006278830233740221, 9.240911775664508e-05, 0.0016342444482856382, 0.0010674285156606965, 0.0009192698894112691, 0.0004824782605214842, 0.001165426134602984, 0.004186899269511726] and parameters: {'lag_0': 0.49257582951507145, 'lag_1': 0.08728907051979015, 'lag_2': 0.8983073133855453, 'lag_3': 0.6644596269298884, 'lag_4': 0.4719532266953169, 'lag_5': 0.22808264277641938, 'lag_6': 0.26995673550130966, 'lag_7': 0.8703053869272441, 'lag_8': 0.47310225397265593, 'lag_9': 0.9104785457620518, 'lag_10': 0.25478744565518774, 'lag_11': 0.5183082101870239, 'lag_12': 0.015364150988675964, 'lag_13': 0.5050540936768746, 'lag_14': 0.6038214909326183, 'lag_15': 0.8718531479816995, 'lag_16': 0.21429003669251456, 'lag_17': 0.05730162901481425, 'lag_18': 0.6684825027610269, 'lag_19': 0.41770498908799913, 'lag_20': 0.064915273097196, 'lag_21': 0.7915567419309071, 'lag_22': 0.22338391686200235, 'lag_23': 0.9875322441189014, 'lag_24': 0.40530275446300956, 'lag_25': 0.7699650328337871, 'lag_26': 0.1075925398516735, 'lag_27': 0.9269838513692107, 'lag_28': 0.8753456685986898}.
[I 2025-10-03 11:39:06,853] Trial 80 finished with values: [0.006923554836431575, 0.0019258426581047754, 0.0001564248675883218, 0.00036108842868550715, 0.0006742706011025444, 0.0006731620563368045, 0.0003917142125678603, 0.00010859056882532657, 0.00297043921854387, 0.0005235568302745275, 0.000696104400309772, 0.00039418434353659615, 0.002392914672826392, 0.029941858469734177, 0.0, 0.021160755352168974, 0.0027390896947786713, 0.0002164849608844479, 0.00022134923751824278, 0.0027233384195250107, 0.004528647850754635, 0.0046667889873269214, 0.0006572153534179323, 0.0013119587173146755, 0.00034225315717058616, 0.001383556936712637, 0.0009597041568224097, 0.002439818196574953, 0.0009043936286615484] and parameters: {'lag_0': 0.35784333689802006, 'lag_1': 0.1967905214187578, 'lag_2': 0.6675554418508339, 'lag_3': 0.2538400499335987, 'lag_4': 0.5638912191449338, 'lag_5': 0.2823189590195188, 'lag_6': 0.18056331652583008, 'lag_7': 0.8088782107898144, 'lag_8': 0.906098219108733, 'lag_9': 0.24706581608472422, 'lag_10': 0.766186883214733, 'lag_11': 0.014137233105099524, 'lag_12': 0.19895950567443782, 'lag_13': 0.23635424244082479, 'lag_14': 0.47713595748790116, 'lag_15': 0.972403129819356, 'lag_16': 0.923790996380199, 'lag_17': 0.04063918894939461, 'lag_18': 0.3675291661563613, 'lag_19': 0.7199581141874472, 'lag_20': 0.46337286003743977, 'lag_21': 0.9972053160231569, 'lag_22': 0.3945932734200529, 'lag_23': 0.8266957056659755, 'lag_24': 0.5629408150456763, 'lag_25': 0.3994206746710896, 'lag_26': 0.6051806025508439, 'lag_27': 0.8207758477620778, 'lag_28': 0.10717605853716028}.
