[I 2025-09-29 13:09:05,529] Trial 62 finished with value: 0.005725905957085604 and parameters: {'lag_0': 0.38571320843200574, 'lag_1': 0.0676530076893635, 'lag_2': 0.4138857016901165, 'lag_3': 0.21248694195257659, 'lag_4': 0.46499673270682396, 'lag_5': 0.2853795399453219, 'lag_6': 0.11020992221640524, 'lag_7': 0.925293448412627, 'lag_8': 0.9254619720598862, 'lag_9': 0.24828832518215016, 'lag_10': 0.39314582863477976, 'lag_11': 0.14223717933481284, 'lag_12': 0.03254988787478197, 'lag_13': 0.4569479238555296, 'lag_14': 0.20744342993727194, 'lag_15': 0.2058733056414916, 'lag_16': 0.6395578203671569, 'lag_17': 0.018084192206983485, 'lag_18': 0.32859173470413106, 'lag_19': 0.9406629008238842, 'lag_20': 0.2909787698435716, 'lag_21': 0.757335694321335, 'lag_22': 0.4195185180675035, 'lag_23': 0.004597858779479935, 'lag_24': 0.25062221498007026, 'lag_25': 0.07024210630020078, 'lag_26': 0.9243369616645085, 'lag_27': 0.003833874889376976, 'lag_28': 0.29778207989039907}. Best is trial 14 with value: 0.005689529826481654.
[I 2025-09-29 13:09:08,009] Trial 63 finished with value: 0.005984948449036675 and parameters: {'lag_0': 0.26837028094298576, 'lag_1': 0.06406583267023785, 'lag_2': 0.5653631459630701, 'lag_3': 0.21164797146039194, 'lag_4': 0.3388275353556376, 'lag_5': 0.3917571345521944, 'lag_6': 0.44613233982126355, 'lag_7': 0.8342550176148098, 'lag_8': 0.9267789417310415, 'lag_9': 0.2597232182401235, 'lag_10': 0.37255976775934185, 'lag_11': 0.013479768333323316, 'lag_12': 0.039023489994619916, 'lag_13': 0.5263591728472673, 'lag_14': 0.20149866712953965, 'lag_15': 0.28264293528545215, 'lag_16': 0.6387692643692061, 'lag_17': 0.000997617537729964, 'lag_18': 0.3297570667800912, 'lag_19': 0.9476224098301774, 'lag_20': 0.3014048344796504, 'lag_21': 0.7437260997531381, 'lag_22': 0.39821011046130106, 'lag_23': 0.0030401932471351865, 'lag_24': 0.34225262867916195, 'lag_25': 0.0834282953024267, 'lag_26': 0.8766517915843923, 'lag_27': 0.7092790793242665, 'lag_28': 0.35056653912479774}. Best is trial 14 with value: 0.005689529826481654.
[I 2025-09-29 13:09:10,478] Trial 64 finished with value: 0.006233187344088707 and parameters: {'lag_0': 0.4048348538035043, 'lag_1': 0.2253145329666103, 'lag_2': 0.41545265867656095, 'lag_3': 0.2752501453708245, 'lag_4': 0.46500027769086255, 'lag_5': 0.28809836087721363, 'lag_6': 0.13141538191620905, 'lag_7': 0.6584726747996699, 'lag_8': 0.811815898864793, 'lag_9': 0.18867874377674673, 'lag_10': 0.2653709871792482, 'lag_11': 0.14875402475428612, 'lag_12': 0.38172693414899367, 'lag_13': 0.4700285962744231, 'lag_14': 0.16376628896191686, 'lag_15': 0.3490677465287446, 'lag_16': 0.7249463358067663, 'lag_17': 0.041401087745414684, 'lag_18': 0.25966084399171774, 'lag_19': 0.8000146638040947, 'lag_20': 0.9541938392058217, 'lag_21': 0.7051109459827872, 'lag_22': 0.44513258714054504, 'lag_23': 0.2138593654612823, 'lag_24': 0.21139451572647994, 'lag_25': 0.22324669944429348, 'lag_26': 0.8885300530625606, 'lag_27': 0.277404567371651, 'lag_28': 0.28603019971670357}. Best is trial 14 with value: 0.005689529826481654.
[I 2025-09-29 13:09:12,953] Trial 65 finished with value: 0.006151090247587459 and parameters: {'lag_0': 0.5129063073131612, 'lag_1': 0.17725721436742858, 'lag_2': 0.34250949119342966, 'lag_3': 0.16189488934651772, 'lag_4': 0.5577902535944335, 'lag_5': 0.340827822334309, 'lag_6': 0.3035462732107278, 'lag_7': 0.13986894352265838, 'lag_8': 0.8834248116405451, 'lag_9': 0.4581268541075847, 'lag_10': 0.35128135337140215, 'lag_11': 0.2360368813547903, 'lag_12': 0.17536285738958873, 'lag_13': 0.3294548266681391, 'lag_14': 0.8718081423208041, 'lag_15': 0.12516140558562483, 'lag_16': 0.44725968081267353, 'lag_17': 0.22178339600881383, 'lag_18': 0.16420923563366266, 'lag_19': 0.9240384535489353, 'lag_20': 0.14828101860768544, 'lag_21': 0.5253687900487101, 'lag_22': 0.28488579043749923, 'lag_23': 0.0638636452532603, 'lag_24': 0.26190918318103396, 'lag_25': 0.13667165923764363, 'lag_26': 0.2883280739099241, 'lag_27': 0.09158455914084086, 'lag_28': 0.4092717261411085}. Best is trial 14 with value: 0.005689529826481654.
[I 2025-09-29 13:09:15,427] Trial 66 finished with value: 0.005996581982527415 and parameters: {'lag_0': 0.3640775100135042, 'lag_1': 0.013142236915344885, 'lag_2': 0.14214069108686012, 'lag_3': 0.07457798401916826, 'lag_4': 0.8871096488908266, 'lag_5': 0.9934977902246744, 'lag_6': 0.24134841947863375, 'lag_7': 0.723489589453731, 'lag_8': 0.8599718341065952, 'lag_9': 0.2620588162280627, 'lag_10': 0.40689087952492664, 'lag_11': 0.6719094352922925, 'lag_12': 0.10584277469148366, 'lag_13': 0.4424738006907747, 'lag_14': 0.7694611443557362, 'lag_15': 0.4250691971031336, 'lag_16': 0.7644439000793692, 'lag_17': 0.2612414460913616, 'lag_18': 0.22957906212049528, 'lag_19': 0.8564291278347067, 'lag_20': 0.2524151081472429, 'lag_21': 0.791979656675239, 'lag_22': 0.3024401737477882, 'lag_23': 0.35236268488571354, 'lag_24': 0.14774417954008634, 'lag_25': 0.06478449193161653, 'lag_26': 0.38708431391706744, 'lag_27': 0.023710280360816977, 'lag_28': 0.21784234476884984}. Best is trial 14 with value: 0.005689529826481654.
[I 2025-09-29 13:09:17,896] Trial 67 finished with value: 0.006002187942907062 and parameters: {'lag_0': 0.45319889966753607, 'lag_1': 0.607475936129148, 'lag_2': 0.45240069760427887, 'lag_3': 0.2149973246509781, 'lag_4': 0.7960224902243634, 'lag_5': 0.21277700845512232, 'lag_6': 0.8138872834569265, 'lag_7': 0.8908496674241924, 'lag_8': 0.7119385955228286, 'lag_9': 0.10464108243179332, 'lag_10': 0.5353547168244686, 'lag_11': 0.061388497279810134, 'lag_12': 0.07151732756560644, 'lag_13': 0.5878654972955238, 'lag_14': 0.5096398664432461, 'lag_15': 0.20785537051046965, 'lag_16': 0.5571908249182271, 'lag_17': 0.3889090085868716, 'lag_18': 0.3729045748463601, 'lag_19': 0.9642864150816685, 'lag_20': 0.29216440486249307, 'lag_21': 0.7556101943237676, 'lag_22': 0.9338588855104808, 'lag_23': 0.1603141383302466, 'lag_24': 0.48116456331600443, 'lag_25': 0.10485402729621146, 'lag_26': 0.5273188444358904, 'lag_27': 0.3792392583691672, 'lag_28': 0.0743541288691783}. Best is trial 14 with value: 0.005689529826481654.
[I 2025-09-29 13:09:20,361] Trial 68 finished with value: 0.007205183572043796 and parameters: {'lag_0': 0.39439482146614163, 'lag_1': 0.6795090019042607, 'lag_2': 0.5052836099540071, 'lag_3': 0.1319679427870734, 'lag_4': 0.2415697936669557, 'lag_5': 0.24247718980962232, 'lag_6': 0.48728507312397645, 'lag_7': 0.3466596643782777, 'lag_8': 0.42976852852164626, 'lag_9': 0.9566172912939659, 'lag_10': 0.48501074887887496, 'lag_11': 0.36081901078749506, 'lag_12': 0.22522847389867812, 'lag_13': 0.36609694344455895, 'lag_14': 0.43581218449506853, 'lag_15': 0.7168920918063618, 'lag_16': 0.6796549435029375, 'lag_17': 0.35331307664254497, 'lag_18': 0.44246502096627116, 'lag_19': 0.8983160143812061, 'lag_20': 0.004506070925794026, 'lag_21': 0.6612248633296284, 'lag_22': 0.33828616749355855, 'lag_23': 0.5042775451827994, 'lag_24': 0.5259240076225511, 'lag_25': 0.020521617532053935, 'lag_26': 0.9842179192714795, 'lag_27': 0.6499607486726033, 'lag_28': 0.319149597475156}. Best is trial 14 with value: 0.005689529826481654.
[I 2025-09-29 13:09:22,825] Trial 69 finished with value: 0.006222078721160882 and parameters: {'lag_0': 0.47385892858159145, 'lag_1': 0.3769834677704063, 'lag_2': 0.8808123346605532, 'lag_3': 0.33220676306413965, 'lag_4': 0.7336366349895413, 'lag_5': 0.2763011826332111, 'lag_6': 0.40215835867989913, 'lag_7': 0.26311492188782887, 'lag_8': 0.9955646288118959, 'lag_9': 0.9993581752764065, 'lag_10': 0.6900360301739977, 'lag_11': 0.24046650418276155, 'lag_12': 0.02456354800768657, 'lag_13': 0.8271485429574921, 'lag_14': 0.30016277909167044, 'lag_15': 0.9435377669955629, 'lag_16': 0.3233655819756558, 'lag_17': 0.30395281178648115, 'lag_18': 0.29100389763195517, 'lag_19': 0.8239992507010026, 'lag_20': 0.21991204537916942, 'lag_21': 0.5911282525344169, 'lag_22': 0.518553061411999, 'lag_23': 0.18591060024458492, 'lag_24': 0.33118146667596415, 'lag_25': 0.3290722731595583, 'lag_26': 0.9503441489659704, 'lag_27': 0.5539385822124026, 'lag_28': 0.09745911296844924}. Best is trial 14 with value: 0.005689529826481654.
[I 2025-09-29 13:09:25,302] Trial 70 finished with value: 0.00688863100600749 and parameters: {'lag_0': 0.33246094397220305, 'lag_1': 0.438410996339799, 'lag_2': 0.28531337510156163, 'lag_3': 0.4852719711567143, 'lag_4': 0.8319699240559776, 'lag_5': 0.45416271046591006, 'lag_6': 0.06748785293438392, 'lag_7': 0.18846088924305068, 'lag_8': 0.6686499666178513, 'lag_9': 0.8213465032034569, 'lag_10': 0.4349472729552613, 'lag_11': 0.6292503349570882, 'lag_12': 0.6247799622494686, 'lag_13': 0.7337743248686615, 'lag_14': 0.11437608071602186, 'lag_15': 0.03141224144159871, 'lag_16': 0.499973028383931, 'lag_17': 0.6057166018201748, 'lag_18': 0.10631947056274774, 'lag_19': 0.7237623653435672, 'lag_20': 0.08714234623680299, 'lag_21': 0.4502259385560642, 'lag_22': 0.9018814565112475, 'lag_23': 0.22336693403037122, 'lag_24': 0.7190053840332039, 'lag_25': 0.1954618422882528, 'lag_26': 0.7485475165549905, 'lag_27': 0.23674756683315568, 'lag_28': 0.16597380105164983}. Best is trial 14 with value: 0.005689529826481654.
[I 2025-09-29 13:09:27,775] Trial 71 finished with value: 0.006093249030722578 and parameters: {'lag_0': 0.8083819112790027, 'lag_1': 0.08672323629135104, 'lag_2': 0.4049685288604014, 'lag_3': 0.1076955358786717, 'lag_4': 0.43614956084573286, 'lag_5': 0.06763911584373246, 'lag_6': 0.15251110444470045, 'lag_7': 0.9174142449513074, 'lag_8': 0.9526542483800088, 'lag_9': 0.14935159379638577, 'lag_10': 0.3343428233194615, 'lag_11': 0.14883846638415466, 'lag_12': 0.06386699703702822, 'lag_13': 0.5050465584166853, 'lag_14': 0.056972334708438994, 'lag_15': 0.1493474740249691, 'lag_16': 0.613848517211866, 'lag_17': 0.09395583286964243, 'lag_18': 0.42044873566993535, 'lag_19': 0.9125876909381505, 'lag_20': 0.5210944717412216, 'lag_21': 0.9464645186761451, 'lag_22': 0.02203716838529301, 'lag_23': 0.6702312559596442, 'lag_24': 0.3662578689115833, 'lag_25': 0.03286299394867073, 'lag_26': 0.8979863907983043, 'lag_27': 0.14777614359952768, 'lag_28': 0.12624080555043546}. Best is trial 14 with value: 0.005689529826481654.
[I 2025-09-29 13:09:30,258] Trial 72 finished with value: 0.006651235822797953 and parameters: {'lag_0': 0.7596445300635547, 'lag_1': 0.000502227172836496, 'lag_2': 0.3593703340537008, 'lag_3': 0.1861583464258638, 'lag_4': 0.4725664229331417, 'lag_5': 0.327284226794407, 'lag_6': 0.18596608076376062, 'lag_7': 0.7986411635093947, 'lag_8': 0.9181737781848247, 'lag_9': 0.2208115881805772, 'lag_10': 0.29777543954553787, 'lag_11': 0.28069776230749066, 'lag_12': 0.11725869672675351, 'lag_13': 0.597146866823086, 'lag_14': 0.2115927569010959, 'lag_15': 0.08060170059654934, 'lag_16': 0.6625495286824792, 'lag_17': 0.03935434705155699, 'lag_18': 0.3459539626386895, 'lag_19': 0.8775396823590423, 'lag_20': 0.3564040861248058, 'lag_21': 0.9959706107935962, 'lag_22': 0.12737614456615023, 'lag_23': 0.562140199197363, 'lag_24': 0.30235982888299295, 'lag_25': 0.07609123569871613, 'lag_26': 0.9291445874421169, 'lag_27': 0.06650569343808582, 'lag_28': 0.3672478676155674}. Best is trial 14 with value: 0.005689529826481654.
[I 2025-09-29 13:09:32,746] Trial 73 finished with value: 0.006464164799697908 and parameters: {'lag_0': 0.9327592738338867, 'lag_1': 0.0730013624577755, 'lag_2': 0.3210981395386911, 'lag_3': 0.14056836496418007, 'lag_4': 0.5417941549416861, 'lag_5': 0.1482033601806958, 'lag_6': 0.5945834673389505, 'lag_7': 0.9492487726829374, 'lag_8': 0.8279232385952999, 'lag_9': 0.0546722891414308, 'lag_10': 0.3985274080107708, 'lag_11': 0.08871683081150847, 'lag_12': 0.30640806376027163, 'lag_13': 0.9006217785435939, 'lag_14': 0.9955871984781626, 'lag_15': 0.271880061409658, 'lag_16': 0.4071947403472978, 'lag_17': 0.162257919910205, 'lag_18': 0.38514459309501, 'lag_19': 0.9753288300509863, 'lag_20': 0.4257981014743065, 'lag_21': 0.8362562546924133, 'lag_22': 0.8567426643667193, 'lag_23': 0.5330589749251289, 'lag_24': 0.24875436950101193, 'lag_25': 0.10495066069421807, 'lag_26': 0.8256417926878775, 'lag_27': 0.3232329781092485, 'lag_28': 0.03354127294828861}. Best is trial 14 with value: 0.005689529826481654.
[I 2025-09-29 13:09:35,223] Trial 74 finished with value: 0.006556417206419647 and parameters: {'lag_0': 0.9696710568180659, 'lag_1': 0.11464029745501772, 'lag_2': 0.23674047020885586, 'lag_3': 0.0013940122948336853, 'lag_4': 0.37116341246928186, 'lag_5': 0.17283747037303565, 'lag_6': 0.08952378487667065, 'lag_7': 0.2232003874733904, 'lag_8': 0.9795104828316269, 'lag_9': 0.29254551451180877, 'lag_10': 0.5814322208301796, 'lag_11': 0.21671843921224132, 'lag_12': 0.00018122592358763706, 'lag_13': 0.6702130039222456, 'lag_14': 0.10439148659268557, 'lag_15': 0.18041924949880922, 'lag_16': 0.1360535772934342, 'lag_17': 0.4615440100780418, 'lag_18': 0.19543010886145867, 'lag_19': 0.16781195331288556, 'lag_20': 0.5537646853877513, 'lag_21': 0.740612020608856, 'lag_22': 0.07172546568849403, 'lag_23': 0.03579571047598757, 'lag_24': 0.4413549802672382, 'lag_25': 0.009049030993576276, 'lag_26': 0.43401383244085673, 'lag_27': 0.16465229090337916, 'lag_28': 0.25507933031272634}. Best is trial 14 with value: 0.005689529826481654.
[I 2025-09-29 13:09:37,701] Trial 75 finished with value: 0.0060795792975984605 and parameters: {'lag_0': 0.9181411399511301, 'lag_1': 0.8780471939286292, 'lag_2': 0.758864660744026, 'lag_3': 0.07704889765747108, 'lag_4': 0.4946408401678787, 'lag_5': 0.3676311704768036, 'lag_6': 0.6877833455985124, 'lag_7': 0.8260053280722612, 'lag_8': 0.7869196226318289, 'lag_9': 0.13019477206795366, 'lag_10': 0.4553044606122297, 'lag_11': 0.5738751607083299, 'lag_12': 0.07271742538736005, 'lag_13': 0.5685935331348587, 'lag_14': 0.1406102587799134, 'lag_15': 0.11996092680171311, 'lag_16': 0.535138703494942, 'lag_17': 0.06065931346979286, 'lag_18': 0.31259017617435986, 'lag_19': 0.8328164808071983, 'lag_20': 0.33197930127721664, 'lag_21': 0.7777283110439543, 'lag_22': 0.8330199355621202, 'lag_23': 0.4806588500967446, 'lag_24': 0.22461196128624755, 'lag_25': 0.5404619493320502, 'lag_26': 0.33687137850785664, 'lag_27': 0.04004205366477288, 'lag_28': 0.20079281821064507}. Best is trial 14 with value: 0.005689529826481654.
[I 2025-09-29 13:09:40,176] Trial 76 finished with value: 0.006550476785328249 and parameters: {'lag_0': 0.6814205953201087, 'lag_1': 0.025310522148453918, 'lag_2': 0.6492869560262406, 'lag_3': 0.248990637444831, 'lag_4': 0.6110313670785804, 'lag_5': 0.22346312037185284, 'lag_6': 0.11501503946936825, 'lag_7': 0.39428369004810354, 'lag_8': 0.9062069844837225, 'lag_9': 0.9073701437202879, 'lag_10': 0.6192888769175207, 'lag_11': 0.04004757934418286, 'lag_12': 0.35990055924373765, 'lag_13': 0.914395659100978, 'lag_14': 0.018639285198525972, 'lag_15': 0.222213888098725, 'lag_16': 0.2808648313305022, 'lag_17': 0.13679627112635748, 'lag_18': 0.4705315105232988, 'lag_19': 0.9280833956644022, 'lag_20': 0.3993004482337499, 'lag_21': 0.6214151011358906, 'lag_22': 0.9164346732384832, 'lag_23': 0.6019960526360358, 'lag_24': 0.5685293341045248, 'lag_25': 0.14701873930121934, 'lag_26': 0.4651026660536422, 'lag_27': 0.26384513273996923, 'lag_28': 0.2913515932307273}. Best is trial 14 with value: 0.005689529826481654.
[I 2025-09-29 13:09:42,668] Trial 77 finished with value: 0.00609250343479039 and parameters: {'lag_0': 0.8336040517580467, 'lag_1': 0.513381435137434, 'lag_2': 0.46807287875055414, 'lag_3': 0.7907155925441038, 'lag_4': 0.449063246886492, 'lag_5': 0.11668901251509171, 'lag_6': 0.018615415364332755, 'lag_7': 0.6028241213220181, 'lag_8': 0.5860700252369202, 'lag_9': 0.3612740229751026, 'lag_10': 0.11292322727082466, 'lag_11': 0.11687754643147014, 'lag_12': 0.5469200070489609, 'lag_13': 0.9704538345257062, 'lag_14': 0.2348127997806185, 'lag_15': 0.005750584643364587, 'lag_16': 0.5677893537870514, 'lag_17': 0.11393014568933424, 'lag_18': 0.27450637939423167, 'lag_19': 0.33305607174466706, 'lag_20': 0.44141355441705027, 'lag_21': 0.8505836353462102, 'lag_22': 0.9544118259808511, 'lag_23': 0.7359621557734382, 'lag_24': 0.6294021565925743, 'lag_25': 0.6424145693186436, 'lag_26': 0.6959321340172357, 'lag_27': 0.2964795678099584, 'lag_28': 0.49301018471007546}. Best is trial 14 with value: 0.005689529826481654.
[I 2025-09-29 13:09:45,152] Trial 78 finished with value: 0.006208511500130344 and parameters: {'lag_0': 0.641755328208953, 'lag_1': 0.28510097766131837, 'lag_2': 0.704387507554243, 'lag_3': 0.630321242733137, 'lag_4': 0.7566250999649013, 'lag_5': 0.27565801726217287, 'lag_6': 0.5277514807618917, 'lag_7': 0.3064569692930451, 'lag_8': 0.8508629692259161, 'lag_9': 0.1820676777701371, 'lag_10': 0.36082239564536833, 'lag_11': 0.17445137373410263, 'lag_12': 0.18030753737388053, 'lag_13': 0.2285355582936498, 'lag_14': 0.3591652867984877, 'lag_15': 0.7879335618548886, 'lag_16': 0.693936442084997, 'lag_17': 0.4081831928811712, 'lag_18': 0.3354833717723895, 'lag_19': 0.04147260748460838, 'lag_20': 0.15409509235411853, 'lag_21': 0.3831587044999525, 'lag_22': 0.7920333087223826, 'lag_23': 0.09584831058420114, 'lag_24': 0.9829391776022548, 'lag_25': 0.057840183807829924, 'lag_26': 0.25853780872487797, 'lag_27': 0.44722034088265766, 'lag_28': 0.42657836966685747}. Best is trial 14 with value: 0.005689529826481654.
[I 2025-09-29 13:09:47,633] Trial 79 finished with value: 0.00652271089376123 and parameters: {'lag_0': 0.8771337853361527, 'lag_1': 0.24310998975418566, 'lag_2': 0.9625792343609129, 'lag_3': 0.9540236181359162, 'lag_4': 0.6699056943600067, 'lag_5': 0.17599775338435175, 'lag_6': 0.1832860481763957, 'lag_7': 0.11637497374125934, 'lag_8': 0.7340915445007706, 'lag_9': 0.08065521115571822, 'lag_10': 0.5613262464519948, 'lag_11': 0.5160606764900502, 'lag_12': 0.13963582061702312, 'lag_13': 0.8613987491674974, 'lag_14': 0.5537334180803218, 'lag_15': 0.0449789559738657, 'lag_16': 0.08560855694719842, 'lag_17': 0.017676659135525963, 'lag_18': 0.2424843666788406, 'lag_19': 0.2835763856036314, 'lag_20': 0.49483178976077274, 'lag_21': 0.01641245663288865, 'lag_22': 0.6072624650760764, 'lag_23': 0.4401369610911158, 'lag_24': 0.6618653105869147, 'lag_25': 0.248733422716015, 'lag_26': 0.7961772389486061, 'lag_27': 0.2163853532914391, 'lag_28': 0.6647843479308501}. Best is trial 14 with value: 0.005689529826481654.
[I 2025-09-29 13:09:50,111] Trial 80 finished with value: 0.006109207731285258 and parameters: {'lag_0': 0.04522780004960458, 'lag_1': 0.16530163983039517, 'lag_2': 0.43200140772149576, 'lag_3': 0.5256697117818582, 'lag_4': 0.8567917279922191, 'lag_5': 0.0854603085588424, 'lag_6': 0.054949623241393825, 'lag_7': 0.4791455464934129, 'lag_8': 0.9375922274204694, 'lag_9': 0.7466864439824105, 'lag_10': 0.5189100421902263, 'lag_11': 0.4768823574541056, 'lag_12': 0.46462954437718074, 'lag_13': 0.7948423592121414, 'lag_14': 0.41157773434244965, 'lag_15': 0.8614397132446912, 'lag_16': 0.47152262546332385, 'lag_17': 0.18960485260047372, 'lag_18': 0.21207209334372545, 'lag_19': 0.788156033436199, 'lag_20': 0.541307577107879, 'lag_21': 0.8094151840464945, 'lag_22': 0.20952740427545208, 'lag_23': 0.33687309699957857, 'lag_24': 0.529130919729503, 'lag_25': 0.20554729229072136, 'lag_26': 0.2841077092333644, 'lag_27': 0.5933295548141908, 'lag_28': 0.1510102902190646}. Best is trial 14 with value: 0.005689529826481654.
[I 2025-09-29 13:09:52,584] Trial 81 finished with value: 0.006374748478261495 and parameters: {'lag_0': 0.1426263891160775, 'lag_1': 0.3443605752226559, 'lag_2': 0.6524055706419303, 'lag_3': 0.2632637590416024, 'lag_4': 0.7091972622525915, 'lag_5': 0.42820047613459317, 'lag_6': 0.3347489497912347, 'lag_7': 0.018151990940091095, 'lag_8': 0.44214943693506803, 'lag_9': 0.972749908473018, 'lag_10': 0.296027045553598, 'lag_11': 0.06460497111454543, 'lag_12': 0.4047444936031605, 'lag_13': 0.8845189456496166, 'lag_14': 0.4688562370949673, 'lag_15': 0.06679424602710622, 'lag_16': 0.3868715546102134, 'lag_17': 0.36957258440001434, 'lag_18': 0.5325584875424142, 'lag_19': 0.45107844057756796, 'lag_20': 0.6390725939809507, 'lag_21': 0.6529516525859778, 'lag_22': 0.882537396305985, 'lag_23': 0.45427464585253635, 'lag_24': 0.49112565443514095, 'lag_25': 0.1271755806613227, 'lag_26': 0.5114466142516791, 'lag_27': 0.23164050432572814, 'lag_28': 0.058510001653976795}. Best is trial 14 with value: 0.005689529826481654.
[I 2025-09-29 13:09:55,059] Trial 82 finished with value: 0.005977042892429456 and parameters: {'lag_0': 0.0495805530818597, 'lag_1': 0.2015748159749806, 'lag_2': 0.6100910580971262, 'lag_3': 0.3055084694987633, 'lag_4': 0.729387503143972, 'lag_5': 0.39482676959225543, 'lag_6': 0.32314713801117767, 'lag_7': 0.07600859168420587, 'lag_8': 0.5203097278418197, 'lag_9': 0.9009650057941262, 'lag_10': 0.21817983624846365, 'lag_11': 0.09268092358430638, 'lag_12': 0.44926027714685807, 'lag_13': 0.9238218604413129, 'lag_14': 0.38579089113199566, 'lag_15': 0.10717130622523513, 'lag_16': 0.21335315479525216, 'lag_17': 0.33796299461423457, 'lag_18': 0.5649121818552072, 'lag_19': 0.4646274501121266, 'lag_20': 0.5969380348633255, 'lag_21': 0.6887433151899071, 'lag_22': 0.7188414612182583, 'lag_23': 0.374028638764821, 'lag_24': 0.4021205175805566, 'lag_25': 0.17528227683665057, 'lag_26': 0.6782476902307308, 'lag_27': 0.17282269029646247, 'lag_28': 0.01052757648092074}. Best is trial 14 with value: 0.005689529826481654.
