[I 2025-10-03 11:35:04,741] Trial 90 finished with values: [0.10053316326530612, 0.0008882991696775342, 0.004209830405090915, 0.013081922901995377, 0.0005161765479681103, 0.005030865629745581, 0.002595506434892294, 0.0014415916234396821, 0.0028148177445819047, 0.000899340225327017, 0.001709198971708893, 0.0002715422017740476, 0.0029753295911488465, 0.023111660243559696, 0.0, 0.00046066976410530483, 0.002866828277625552, 0.0008910926121284245, 0.0010007041130956863, 0.00024583981925579556, 4.566903438855783e-05, 0.00011223375462499703, 0.00010946538233863778, 0.00015848159342364513, 0.00014200103200506017, 0.0006617622662178494, 0.00026936407450917353, 0.0015828790005284108, 0.0017847462808386835] and parameters: {'lag_0': 0.9389815844283489, 'lag_1': 0.7731035030389066, 'lag_2': 0.29185503266852286, 'lag_3': 0.8651517206552848, 'lag_4': 0.4720562010058893, 'lag_5': 0.7727989732755493, 'lag_6': 0.6983804991597956, 'lag_7': 0.47810358370647715, 'lag_8': 0.976283508977111, 'lag_9': 0.4422094506105611, 'lag_10': 0.4312651959554881, 'lag_11': 0.938026668583415, 'lag_12': 0.46556179218244814, 'lag_13': 0.5998777158407215, 'lag_14': 0.013131517911208958, 'lag_15': 0.2037303191592097, 'lag_16': 0.5023651791067798, 'lag_17': 0.24707553066576945, 'lag_18': 0.4375716733220007, 'lag_19': 0.19517179072317137, 'lag_20': 0.5344453219137074, 'lag_21': 0.8182719211672751, 'lag_22': 0.5547241569556208, 'lag_23': 0.8788883777786002, 'lag_24': 0.3010109672105261, 'lag_25': 0.681309747090203, 'lag_26': 0.7021909340080403, 'lag_27': 0.3751852797458236, 'lag_28': 0.43480560951639446}.
[I 2025-10-03 11:35:07,373] Trial 91 finished with values: [0.08580102040816326, 0.003212341573200804, 0.0023354872920697918, 0.00936560498192783, 0.0020240119429122874, 0.003001358977718585, 0.0031842548298878816, 0.00268068124738721, 0.002055127884017104, 0.001274630475653804, 0.0011516500828027826, 0.00034638213745329793, 0.0024678812473021812, 0.02477952923052369, 0.0, 0.00040538217266551944, 0.0036583981790203448, 0.0013148161986257928, 0.0006056809148566173, 0.00012024000571908924, 2.545130455553305e-05, 9.6054664380624e-05, 0.0001036689672484672, 0.0006705092174245759, 2.681398456600332e-05, 0.0004824395395754791, 0.00024230862971072123, 0.0015982250228621941, 0.001677662566069229] and parameters: {'lag_0': 0.7770341685592647, 'lag_1': 0.4863530555041544, 'lag_2': 0.7537603531385851, 'lag_3': 0.8916713248171263, 'lag_4': 0.6521173587754467, 'lag_5': 0.5572377147093788, 'lag_6': 0.5300463524486434, 'lag_7': 0.9320785857503953, 'lag_8': 0.1010184956040375, 'lag_9': 0.2605217610454281, 'lag_10': 0.2283162217948866, 'lag_11': 0.7461848550614927, 'lag_12': 0.8193428637368656, 'lag_13': 0.47275931629748524, 'lag_14': 0.6632583599844073, 'lag_15': 0.06831268045787532, 'lag_16': 0.026854329009637336, 'lag_17': 0.6608655560554018, 'lag_18': 0.9698184000559342, 'lag_19': 0.710353433861742, 'lag_20': 0.867614329898027, 'lag_21': 0.9674899696234567, 'lag_22': 0.6656475421995715, 'lag_23': 0.18392033565814359, 'lag_24': 0.4306608157979472, 'lag_25': 0.35180837139848764, 'lag_26': 0.8790947671819116, 'lag_27': 0.4481451611066144, 'lag_28': 0.17688782160672342}.
[I 2025-10-03 11:35:10,005] Trial 92 finished with values: [0.09649234693877551, 0.009694215421536864, 0.0012110577236406227, 0.007269747822072285, 0.00014144900786283309, 0.0030796792284547144, 0.0017304438820013735, 0.002449889734176603, 0.0024668024881985473, 0.0012359756493324362, 0.001827489319723446, 0.00018819649308754712, 0.001261491957400812, 0.02183378006248498, 0.0, 0.0006993740180302997, 0.003436500168806965, 0.001013310070157415, 0.0006469991314169432, 6.015259348249859e-05, 8.413417279901574e-05, 0.00014087259713490175, 0.00015014003004468305, 0.0002608873744786609, 8.016954910750199e-05, 0.0012347830079104988, 0.00019358438976822072, 0.0018731311582697503, 0.0008626423840842326] and parameters: {'lag_0': 0.6800132018229668, 'lag_1': 0.9854245326351164, 'lag_2': 0.4138607546613817, 'lag_3': 0.5494107529493786, 'lag_4': 0.42711600710824665, 'lag_5': 0.4425402150518077, 'lag_6': 0.25555397621996007, 'lag_7': 0.8546234895374226, 'lag_8': 0.5544900917659679, 'lag_9': 0.5191280704649263, 'lag_10': 0.04114804009510978, 'lag_11': 0.8983856749392503, 'lag_12': 0.10147300777046564, 'lag_13': 0.17499100844107096, 'lag_14': 0.6351200302795047, 'lag_15': 0.2907332988560355, 'lag_16': 0.903044561035553, 'lag_17': 0.5414166284128922, 'lag_18': 0.4906895512555695, 'lag_19': 0.604520618891713, 'lag_20': 0.21472025705666514, 'lag_21': 0.1594967903943125, 'lag_22': 0.3736470870036955, 'lag_23': 0.7007496868138143, 'lag_24': 0.8453319311408595, 'lag_25': 0.2335691166886005, 'lag_26': 0.011887466882262058, 'lag_27': 0.6389742104695062, 'lag_28': 0.28634528182456936}.
[I 2025-10-03 11:35:12,630] Trial 93 finished with values: [0.12755102040816327, 0.008763536723587088, 0.0018602465916122718, 0.00831091523827673, 0.0024255310785049273, 0.003063972254037242, 0.001874361485391157, 0.004503940750409075, 0.0030763260544269637, 0.0010332898325399746, 0.0015406423973038032, 0.00040701570047686037, 0.001635322810249995, 0.02257147144717543, 0.0, 0.0007994785737952433, 0.004295751132906115, 0.0012453184780810748, 0.0007241303840805151, 0.0002042199906725072, 0.0001297844633007491, 0.00021203700393120908, 0.0002719028048610494, 0.0005670184687392173, 9.642979106674737e-05, 0.0011235154311740139, 0.0001934043172679498, 0.0017804103800105556, 0.0012920340831188912] and parameters: {'lag_0': 0.6439671266427839, 'lag_1': 0.15421605535928562, 'lag_2': 0.973341219359386, 'lag_3': 0.6188436820197996, 'lag_4': 0.3173516727545048, 'lag_5': 0.11518820986661775, 'lag_6': 0.08452030425012516, 'lag_7': 0.8674394410584791, 'lag_8': 0.44602537257040836, 'lag_9': 0.0010915950819797245, 'lag_10': 0.5722719494856757, 'lag_11': 0.805937525662433, 'lag_12': 0.6084695130403031, 'lag_13': 0.8637120237708577, 'lag_14': 0.9350226441385155, 'lag_15': 0.9228710343008382, 'lag_16': 0.2321608134902819, 'lag_17': 0.055960312771208325, 'lag_18': 0.5091487962262701, 'lag_19': 0.5424626380548083, 'lag_20': 0.6678418398415804, 'lag_21': 0.9301021282677224, 'lag_22': 0.17161847063339422, 'lag_23': 0.5094905175208283, 'lag_24': 0.8462128975688732, 'lag_25': 0.4243697815101241, 'lag_26': 0.22926118350216948, 'lag_27': 0.22074188121386737, 'lag_28': 0.8026653648621417}.
[I 2025-10-03 11:35:15,247] Trial 94 finished with values: [0.11621689998313375, 0.006026972798923492, 0.005961544634543085, 0.006448603721678427, 0.0035241633317865603, 0.003693932382355533, 0.0017099498596375982, 0.0022647815952713847, 0.004011163992033163, 0.0008716527998223362, 0.0018244893293884045, 0.0003397085932743355, 0.0022106190423160114, 0.029337478672937612, 0.0, 0.0010668331579084197, 0.003789146410840622, 0.0012849903357297233, 0.0009500344147634756, 0.00011277168814922092, 6.044534459585231e-05, 0.0002520784951912238, 0.000407544197037304, 0.0003418585693371392, 1.571306858659148e-05, 0.0009214249949092609, 0.0001889556497629941, 0.0020045090481517593, 0.0009369736054320191] and parameters: {'lag_0': 0.4947631071793449, 'lag_1': 0.06170035795972272, 'lag_2': 0.19997512272176524, 'lag_3': 0.8762080394721207, 'lag_4': 0.7005888544878592, 'lag_5': 0.8080531524888915, 'lag_6': 0.08473574063966924, 'lag_7': 0.10024691995808346, 'lag_8': 0.4002945559112279, 'lag_9': 0.3995257214980251, 'lag_10': 0.6375406945091184, 'lag_11': 0.7874123352857275, 'lag_12': 0.5158911508414302, 'lag_13': 0.7717938390956326, 'lag_14': 0.2646159511305059, 'lag_15': 0.8585884311036576, 'lag_16': 0.7738452406263161, 'lag_17': 0.9916629633202406, 'lag_18': 0.34257171768526895, 'lag_19': 0.5560711340000392, 'lag_20': 0.3878121998587645, 'lag_21': 0.6043448626923204, 'lag_22': 0.36599598650639975, 'lag_23': 0.938908948708757, 'lag_24': 0.05032620608913382, 'lag_25': 0.9123080508430436, 'lag_26': 0.48695413271993404, 'lag_27': 0.043206184587758954, 'lag_28': 0.22610782124076614}.
[I 2025-10-03 11:35:17,863] Trial 95 finished with values: [0.07937528344671202, 0.0050988415831852586, 0.0006766177994993943, 0.0062152874119553985, 0.0025777583673056484, 0.005714050094858944, 0.00206280937951456, 0.0029728713125689605, 0.003754806967022628, 0.002614887967908937, 0.0005777130551713144, 0.0004909325867922884, 0.0023289061678152512, 0.02664390598461901, 0.0, 0.00032611843937355503, 0.0029180899826735983, 0.0016513545081595314, 0.0007324810009028415, 2.5844063723811247e-05, 1.1220408996170359e-05, 0.00036129957142944796, 0.00015743598137743308, 0.0002916999931713279, 4.607238243437718e-05, 0.0005316125631933579, 0.0001393787788305889, 0.0014203810579374297, 0.0004511792209781081] and parameters: {'lag_0': 0.3965117966102998, 'lag_1': 0.1382172874192293, 'lag_2': 0.6223599377787479, 'lag_3': 0.1229491811268749, 'lag_4': 0.24103181892698888, 'lag_5': 0.33175026496584303, 'lag_6': 0.4315585650775922, 'lag_7': 0.9705624781887241, 'lag_8': 0.15027128538781895, 'lag_9': 0.2472215711348353, 'lag_10': 0.6506565121267307, 'lag_11': 0.19177952927410272, 'lag_12': 0.906646307468476, 'lag_13': 0.40889771010591347, 'lag_14': 0.8566973637768396, 'lag_15': 0.639746845505424, 'lag_16': 0.1810663441700717, 'lag_17': 0.4160643172420164, 'lag_18': 0.2163389406362875, 'lag_19': 0.9071377676721551, 'lag_20': 0.19446459643830674, 'lag_21': 0.3410007220319031, 'lag_22': 0.5481258173512602, 'lag_23': 0.5155218290474504, 'lag_24': 0.823442927309099, 'lag_25': 0.3199224013825606, 'lag_26': 0.16097129361874518, 'lag_27': 0.22342778170835392, 'lag_28': 0.5524692866615759}.
[I 2025-10-03 11:35:20,475] Trial 96 finished with values: [0.08497427896778545, 0.0017898490294531752, 0.0019290466581726774, 0.008151778962253334, 0.001991457407317835, 0.004302549531296364, 0.0024702095416489944, 0.0038655050179100077, 0.006085234801250243, 0.002735193229303704, 0.0010164929898235225, 0.0005480117808838693, 0.0022290042944645306, 0.027498205696474997, 0.0, 0.0008626278475796844, 0.004437462534632125, 0.0015765553052468437, 0.0008101537909673915, 0.00014462739602588394, 1.818797872718522e-05, 0.0002298891710182957, 0.00025257331206048555, 0.000372415170584004, 0.00013254348383935017, 0.0005318726507901201, 0.00027965024025923915, 0.0014202657434208485, 0.0006667994648397198] and parameters: {'lag_0': 0.5685937790814144, 'lag_1': 0.3190946738668783, 'lag_2': 0.053693817588898525, 'lag_3': 0.6850195622756997, 'lag_4': 0.42711600710824665, 'lag_5': 0.5363109173437288, 'lag_6': 0.6164560303636617, 'lag_7': 0.4649015977297341, 'lag_8': 0.20689033083555783, 'lag_9': 0.39410103100335603, 'lag_10': 0.04114804009510978, 'lag_11': 0.9944378306709158, 'lag_12': 0.2783145418414973, 'lag_13': 0.1983562792724179, 'lag_14': 0.6351200302795047, 'lag_15': 0.42527813172214535, 'lag_16': 0.903044561035553, 'lag_17': 0.6647967293209315, 'lag_18': 0.4906895512555695, 'lag_19': 0.17895255939049576, 'lag_20': 0.1305357322546976, 'lag_21': 0.6074360367085732, 'lag_22': 0.1839464946501465, 'lag_23': 0.942529954036643, 'lag_24': 0.07827230211848919, 'lag_25': 0.49677311201565827, 'lag_26': 0.9952897641053061, 'lag_27': 0.9502328567889899, 'lag_28': 0.8309299841298676}.
[I 2025-10-03 11:35:23,095] Trial 97 finished with values: [0.07572448979591836, 0.005088103812777575, 0.0028141915765285135, 0.005512918266914482, 0.001410695435805556, 0.004458121794832242, 0.003107520203200682, 0.0017851043944918574, 0.0024196788293834636, 0.0011592745852039316, 0.001204565905462734, 0.000274197421257914, 0.0015910761786578694, 0.026738197010819514, 0.0, 0.00047888047577223465, 0.003020563581853183, 0.0008674992211546515, 0.000963691040023815, 6.429293037379508e-05, 7.389229547012153e-05, 0.00010532313508168008, 0.00015681660989751324, 0.0002327096187920954, 0.0002483218235568468, 0.0009624896208094136, 9.318703364347147e-05, 0.001897317601735895, 0.0017796359478177703] and parameters: {'lag_0': 0.3306198017509699, 'lag_1': 0.12185922037898848, 'lag_2': 0.6223599377787479, 'lag_3': 0.40223438730175654, 'lag_4': 0.7329525244928914, 'lag_5': 0.3228084776218836, 'lag_6': 0.8622370722710269, 'lag_7': 0.38259391642685275, 'lag_8': 0.8668542453759651, 'lag_9': 0.5147376725972996, 'lag_10': 0.6506565121267307, 'lag_11': 0.7674889119819891, 'lag_12': 0.13140727586368905, 'lag_13': 0.13042697957894234, 'lag_14': 0.3042816056446516, 'lag_15': 0.8799924391457703, 'lag_16': 0.4346780351416617, 'lag_17': 0.6710920091810274, 'lag_18': 0.12376395371099208, 'lag_19': 0.4880143772888185, 'lag_20': 0.7366401728233005, 'lag_21': 0.8268546637760118, 'lag_22': 0.967614503811786, 'lag_23': 0.5155218290474504, 'lag_24': 0.8393890586099225, 'lag_25': 0.3199224013825606, 'lag_26': 0.16097129361874518, 'lag_27': 0.22342778170835392, 'lag_28': 0.8114463325871787}.
[I 2025-10-03 11:35:25,701] Trial 98 finished with values: [0.10240816326530613, 0.004055857155646676, 0.002168441600689159, 0.008151235701841253, 0.000831519724651167, 0.004577471453310946, 0.0021457292799410307, 0.0022719493165398764, 0.0035807030358725165, 0.001850188227640459, 0.0006973877251292821, 0.00013385524795394614, 0.002776113580794471, 0.029067673116860388, 0.0, 0.0014823858056275368, 0.0046906253055106146, 0.0014363667815436294, 0.0007493738544712098, 9.014018618170836e-05, 5.079811387223968e-05, 0.0002710193446009236, 0.00021175643342836902, 0.00035263908027186226, 6.501459970433702e-05, 0.0006145357350611445, 0.0001636549528476514, 0.0018429369687292204, 0.0012726599559588368] and parameters: {'lag_0': 0.9389815844283489, 'lag_1': 0.3976077856204763, 'lag_2': 0.18280509059823785, 'lag_3': 0.6359865192418396, 'lag_4': 0.5744318918421952, 'lag_5': 0.6311382293148352, 'lag_6': 0.08406072845508829, 'lag_7': 0.4605579489768578, 'lag_8': 0.2826843901628048, 'lag_9': 0.8595163579463989, 'lag_10': 0.6333114425927312, 'lag_11': 0.917588401285804, 'lag_12': 0.6368398669612981, 'lag_13': 0.5056180598477067, 'lag_14': 0.5290337947131579, 'lag_15': 0.5365361871953794, 'lag_16': 0.018538436501860104, 'lag_17': 0.029162255668116005, 'lag_18': 0.4375716733220007, 'lag_19': 0.13520625470363107, 'lag_20': 0.5344453219137074, 'lag_21': 0.09648722619296102, 'lag_22': 0.8592288604164171, 'lag_23': 0.3960860726499214, 'lag_24': 0.1533880046079648, 'lag_25': 0.9979720956106161, 'lag_26': 0.8391278139565891, 'lag_27': 0.13032087590198901, 'lag_28': 0.4995907735191793}.
[I 2025-10-03 11:35:28,324] Trial 99 finished with values: [0.08012244897959182, 0.0008558896419813853, 0.0017173879270942778, 0.005438279233613234, 0.0022040907417434415, 0.005289642190379545, 0.0015570657431186025, 0.0028355662662472585, 0.002199248833034294, 0.0008171692666579728, 0.0008655747991255288, 0.0005471505009555115, 0.0024912434052465167, 0.026549505879515135, 0.0, 0.0010822823566566237, 0.0030259076730614846, 0.0012811113111376006, 0.0005692428810958559, 0.00012249111161238737, 2.8742877074176545e-05, 0.00018129190775114057, 0.00010072413230948338, 0.00024668370854969015, 3.670140930247169e-05, 0.0008222660400329368, 0.00014828163168389546, 0.0018220482946584443, 0.0009581427858379287] and parameters: {'lag_0': 0.8301367111975637, 'lag_1': 0.5689168696527677, 'lag_2': 0.9339775616223018, 'lag_3': 0.15563512528943463, 'lag_4': 0.6727754113291519, 'lag_5': 0.4285523368837435, 'lag_6': 0.3125491724004637, 'lag_7': 0.02148708989069241, 'lag_8': 0.07645390870611865, 'lag_9': 0.5158067563695462, 'lag_10': 0.8097000579599322, 'lag_11': 0.8492178179073773, 'lag_12': 0.3113241111003372, 'lag_13': 0.4114517597087328, 'lag_14': 0.6030632941185251, 'lag_15': 0.010437142773919973, 'lag_16': 0.7491178288220524, 'lag_17': 0.9040922818492918, 'lag_18': 0.9697920434870535, 'lag_19': 0.6256985855758124, 'lag_20': 0.6030943166950019, 'lag_21': 0.9933614625742672, 'lag_22': 0.9258566607463612, 'lag_23': 0.9057432729536158, 'lag_24': 0.561121674371779, 'lag_25': 0.5514579021724441, 'lag_26': 0.5223108835470626, 'lag_27': 0.20926471867965102, 'lag_28': 0.22746097320302602}.
[I 2025-10-03 11:35:28,336] A new study created in memory with name: no-name-08d6f7e1-9bab-4708-a4e6-1844fb98c718
[I 2025-10-03 11:35:30,946] Trial 0 finished with values: [0.016282462195923737, 0.004815977324755987, 0.00023859775492176532, 0.0015237022997208788, 0.0015662659271958742, 0.0008420791221381448, 0.0031199870261148887, 0.0004717479969196781, 0.00038685258292168984, 0.0008967386666710441, 0.00018165643135400277, 0.0018992298101778208, 0.00470376999445349, 0.009423994402735685, 0.0, 0.12292949863738359, 0.0002074654166198286, 0.0055321390125339385, 0.005555146318456428, 0.0011527242632732334, 0.002068951431411306, 0.012177665441210489, 0.0023521908266598045, 0.002640864458580746, 0.00489563367217466, 0.0038578509612157857, 4.735645724127777e-05, 0.002689221550077583, 0.0018704762418898485] and parameters: {'lag_0': 0.20850759657765486, 'lag_1': 0.4886918355186298, 'lag_2': 0.450340534782974, 'lag_3': 0.08121382159196135, 'lag_4': 0.9285938984164948, 'lag_5': 0.36781949239191125, 'lag_6': 0.5412086632903778, 'lag_7': 0.6136281008933844, 'lag_8': 0.6471348733428397, 'lag_9': 0.17047089479815689, 'lag_10': 0.8648348433103927, 'lag_11': 0.29689654541472477, 'lag_12': 0.09794918880424477, 'lag_13': 0.2126077170335841, 'lag_14': 0.8876751374938009, 'lag_15': 0.029751889880467355, 'lag_16': 0.5966162673315689, 'lag_17': 0.28959006353574923, 'lag_18': 0.21697474207489148, 'lag_19': 0.7407242561626205, 'lag_20': 0.9528701824916639, 'lag_21': 0.7074153457996526, 'lag_22': 0.23114811858401468, 'lag_23': 0.15536664260349942, 'lag_24': 0.8302195566375113, 'lag_25': 0.28908201633143693, 'lag_26': 0.34497647218486027, 'lag_27': 0.4593690535838201, 'lag_28': 0.7305289033470488}.
[I 2025-10-03 11:35:33,558] Trial 1 finished with values: [0.0025004109138724523, 0.0022822036045974273, 0.003097265916723796, 0.001170660807495625, 0.0020455961870611316, 0.00019627330987600057, 0.004040878176940753, 0.0001835659481941746, 0.00016208765993658893, 0.0003061773824359599, 0.0003669928929287765, 0.002927332716844659, 0.00401962417759943, 0.008463075176346872, 0.0, 0.12144092064951581, 0.00017982151806334267, 0.006063871824274647, 0.005665493906718785, 0.0011906213243195775, 0.0018435471879685924, 0.014466609980404919, 0.0011056478452764259, 0.0016565230936489363, 0.0047367851567626474, 0.005271001784782788, 3.3755890534452324e-05, 0.0009537705102570448, 0.0024326579252443785] and parameters: {'lag_0': 0.318326308847142, 'lag_1': 0.050578137948194095, 'lag_2': 0.2804547700586814, 'lag_3': 0.691848962652502, 'lag_4': 0.5063173193557235, 'lag_5': 0.3417259362285702, 'lag_6': 0.12820687616810308, 'lag_7': 0.010865139118442458, 'lag_8': 0.671820889990503, 'lag_9': 0.6917181545941254, 'lag_10': 0.8273522815223009, 'lag_11': 0.019408914088670584, 'lag_12': 0.4044424983020339, 'lag_13': 0.9891456416854327, 'lag_14': 0.7271388610872005, 'lag_15': 0.09135050256829996, 'lag_16': 0.2840785809812084, 'lag_17': 0.4541906758844773, 'lag_18': 0.6500362896508447, 'lag_19': 0.09857916191863028, 'lag_20': 0.19714260419130133, 'lag_21': 0.01643227357544193, 'lag_22': 0.05536130453404002, 'lag_23': 0.6378849727840618, 'lag_24': 0.03923463751992892, 'lag_25': 0.9894786845570291, 'lag_26': 0.5795694686541393, 'lag_27': 0.21697233805917104, 'lag_28': 0.43480673709794315}.
[I 2025-10-03 11:35:36,165] Trial 2 finished with values: [0.001986996858791731, 0.0029996565722572484, 0.00153435386183396, 0.0026662545238476604, 0.0007107806093455263, 0.0007855028595608847, 0.002109840027093189, 0.0010310952603491005, 0.00024623292295407773, 0.0008207034392289662, 0.0005646056471225256, 0.003594760634532622, 0.003586526628697819, 0.00797745484616583, 0.0, 0.129714032952651, 0.00047097372613754817, 0.004800701537346205, 0.005485644157100163, 0.001192469206353913, 0.0022933412757880764, 0.01350620772953907, 0.0013063269548668605, 0.003292659341576782, 0.004673447781758369, 0.00466471754025255, 0.00024292339098599584, 0.002647415962601834, 0.0021452435177166792] and parameters: {'lag_0': 0.03302878058520781, 'lag_1': 0.41939643251917164, 'lag_2': 0.7465675122501083, 'lag_3': 0.9809822810225723, 'lag_4': 0.8820418900086366, 'lag_5': 0.653091036599806, 'lag_6': 0.4346580662908226, 'lag_7': 0.6157816493700734, 'lag_8': 0.42582094416671346, 'lag_9': 0.1531384405699466, 'lag_10': 0.8095767164131312, 'lag_11': 0.4902393791095619, 'lag_12': 0.013286687376699649, 'lag_13': 0.3369426643789294, 'lag_14': 0.03165894317751976, 'lag_15': 0.006583081990149948, 'lag_16': 0.8888359728062942, 'lag_17': 0.8491053465182303, 'lag_18': 0.45240308756311326, 'lag_19': 0.9213458838870883, 'lag_20': 0.2889070082384113, 'lag_21': 0.8974089165727349, 'lag_22': 0.5817052075356993, 'lag_23': 0.3285436286939468, 'lag_24': 0.9608318343803822, 'lag_25': 0.599155569338117, 'lag_26': 0.07442551341239785, 'lag_27': 0.732523536046317, 'lag_28': 0.8093541116806585}.
