2025-09-29 11:51:58,138 - distributed.nanny - INFO -         Start Nanny at: 'tcp://192.168.86.108:41043'
2025-09-29 11:51:59,498 - distributed.worker - INFO -       Start worker at: tcp://192.168.86.108:35224
2025-09-29 11:51:59,498 - distributed.worker - INFO -          Listening to: tcp://192.168.86.108:35224
2025-09-29 11:51:59,498 - distributed.worker - INFO -           Worker name:             SLURMCluster-7
2025-09-29 11:51:59,498 - distributed.worker - INFO -          dashboard at:       192.168.86.108:34191
2025-09-29 11:51:59,498 - distributed.worker - INFO - Waiting to connect to: tcp://192.168.86.101:45699
2025-09-29 11:51:59,498 - distributed.worker - INFO - -------------------------------------------------
2025-09-29 11:51:59,498 - distributed.worker - INFO -               Threads:                          1
2025-09-29 11:51:59,498 - distributed.worker - INFO -                Memory:                   9.31 GiB
2025-09-29 11:51:59,498 - distributed.worker - INFO -       Local Directory: /home1/zrentala/dask-worker-space/dask-scratch-space/worker-kjqrgu77
2025-09-29 11:51:59,498 - distributed.worker - INFO - -------------------------------------------------
2025-09-29 11:51:59,770 - distributed.worker - INFO - Starting Worker plugin shuffle
2025-09-29 11:51:59,771 - distributed.worker - INFO -         Registered to: tcp://192.168.86.101:45699
2025-09-29 11:51:59,771 - distributed.worker - INFO - -------------------------------------------------
2025-09-29 11:51:59,771 - distributed.core - INFO - Starting established connection to tcp://192.168.86.101:45699
[I 2025-09-29 11:51:59,842] A new study created in memory with name: no-name-1cc349f5-c6d5-4e9b-a92e-0ef7eea87375
[I 2025-09-29 11:52:02,306] Trial 0 finished with value: 0.014688816067166207 and parameters: {'lag_0': 0.9491554276658577, 'lag_1': 0.6376635231528471, 'lag_2': 0.20455973928657314, 'lag_3': 0.5562330186164269, 'lag_4': 0.023055849080922022, 'lag_5': 0.36127522049287253, 'lag_6': 0.2892233025033437, 'lag_7': 0.9521884715032018, 'lag_8': 0.9549168128494161, 'lag_9': 0.09243599294931387, 'lag_10': 0.3034536704828306, 'lag_11': 0.15527076347085514, 'lag_12': 0.8149714413011782, 'lag_13': 0.12406595098194698, 'lag_14': 0.38296772548224617, 'lag_15': 0.35935750368556846, 'lag_16': 0.11409563069663836, 'lag_17': 0.01887211023016031, 'lag_18': 0.8589580782119219, 'lag_19': 0.12860167489067045, 'lag_20': 0.593242407180431, 'lag_21': 0.135119310246285, 'lag_22': 0.12956554147651603, 'lag_23': 0.8759636810380725, 'lag_24': 0.40287917663158074, 'lag_25': 0.8331628580666731, 'lag_26': 0.4559507849157634, 'lag_27': 0.15313926194985455, 'lag_28': 0.4319831322770618}. Best is trial 0 with value: 0.014688816067166207.
[I 2025-09-29 11:52:04,741] Trial 1 finished with value: 0.014939749839190598 and parameters: {'lag_0': 0.5897625415741328, 'lag_1': 0.4989583455445259, 'lag_2': 0.8484208500579792, 'lag_3': 0.27096099795433914, 'lag_4': 0.5378687369431515, 'lag_5': 0.8257903892783198, 'lag_6': 0.9630163968619054, 'lag_7': 0.2893392303622277, 'lag_8': 0.010679422457772064, 'lag_9': 0.3845145179348607, 'lag_10': 0.005366649495773953, 'lag_11': 0.8238975427879679, 'lag_12': 0.2535508551737117, 'lag_13': 0.34492235621369505, 'lag_14': 0.8566042962499825, 'lag_15': 0.27792553448044616, 'lag_16': 0.5590169479261333, 'lag_17': 0.6290665614857971, 'lag_18': 0.7953592365066516, 'lag_19': 0.7777644346413874, 'lag_20': 0.3492341628763577, 'lag_21': 0.583163871811475, 'lag_22': 0.7236563218995948, 'lag_23': 0.42239356077434964, 'lag_24': 0.23606638927586054, 'lag_25': 0.35967797778241123, 'lag_26': 0.3836486027920356, 'lag_27': 0.44300169869405814, 'lag_28': 0.8955558264688243}. Best is trial 0 with value: 0.014688816067166207.
[I 2025-09-29 11:52:07,188] Trial 2 finished with value: 0.01470582583931879 and parameters: {'lag_0': 0.5834956171225147, 'lag_1': 0.10727459464534958, 'lag_2': 0.6931429267385492, 'lag_3': 0.8090705883272595, 'lag_4': 0.5585721526852334, 'lag_5': 0.12144251640448077, 'lag_6': 0.45136600559224416, 'lag_7': 0.5011299986202565, 'lag_8': 0.27684838975997206, 'lag_9': 0.7390939868489284, 'lag_10': 0.1558114824681763, 'lag_11': 0.8049247989302467, 'lag_12': 0.966680697600405, 'lag_13': 0.40537345320483614, 'lag_14': 0.4393803743161453, 'lag_15': 0.8398807883531555, 'lag_16': 0.8629519781491825, 'lag_17': 0.9866488660242514, 'lag_18': 0.9449883999318367, 'lag_19': 0.05397596902833798, 'lag_20': 0.11059180516551467, 'lag_21': 0.2534940582140066, 'lag_22': 0.31396482281105703, 'lag_23': 0.969867517543346, 'lag_24': 0.26406037642557484, 'lag_25': 0.5556982542877029, 'lag_26': 0.8440193777965538, 'lag_27': 0.19150635669761293, 'lag_28': 0.34526816235096713}. Best is trial 0 with value: 0.014688816067166207.
[I 2025-09-29 11:52:09,620] Trial 3 finished with value: 0.015022531417532093 and parameters: {'lag_0': 0.9033453841337697, 'lag_1': 0.721528443806719, 'lag_2': 0.7181447492838045, 'lag_3': 0.5213571706663106, 'lag_4': 0.46649402011942037, 'lag_5': 0.9253004318868485, 'lag_6': 0.9631181165315084, 'lag_7': 0.19372566619297157, 'lag_8': 0.4663422073130703, 'lag_9': 0.36597069890798095, 'lag_10': 0.914577900890457, 'lag_11': 0.6974309120084674, 'lag_12': 0.6378465561670532, 'lag_13': 0.6940567888157213, 'lag_14': 0.3755035274072137, 'lag_15': 0.8171786971012717, 'lag_16': 0.8657189369612127, 'lag_17': 0.41371796325450905, 'lag_18': 0.37952364281786705, 'lag_19': 0.4171501635539492, 'lag_20': 0.97953419261575, 'lag_21': 0.2902244260749192, 'lag_22': 0.03419376310742543, 'lag_23': 0.5187423851078514, 'lag_24': 0.02330807505819085, 'lag_25': 0.06762622074271737, 'lag_26': 0.19748469327982232, 'lag_27': 0.7643078965245402, 'lag_28': 0.4250636448050675}. Best is trial 0 with value: 0.014688816067166207.
[I 2025-09-29 11:52:12,051] Trial 4 finished with value: 0.014803117440110694 and parameters: {'lag_0': 0.030469092272332667, 'lag_1': 0.5124157582551495, 'lag_2': 0.5344784234223604, 'lag_3': 0.802214823050743, 'lag_4': 0.12807416486547996, 'lag_5': 0.4954802105652845, 'lag_6': 0.3407400871102596, 'lag_7': 0.6441411608086799, 'lag_8': 0.7526842154087864, 'lag_9': 0.31955935568145644, 'lag_10': 0.7634448816008185, 'lag_11': 0.28042229261515483, 'lag_12': 0.2607675721369754, 'lag_13': 0.8834420059064785, 'lag_14': 0.820710074562771, 'lag_15': 0.46867725617670813, 'lag_16': 0.4909035473312109, 'lag_17': 0.16097895638066817, 'lag_18': 0.2986264406350378, 'lag_19': 0.23404643864929942, 'lag_20': 0.390133920677885, 'lag_21': 0.23390297066256027, 'lag_22': 0.12663028940812193, 'lag_23': 0.6282777795007997, 'lag_24': 0.5377871027105906, 'lag_25': 0.9120591675760582, 'lag_26': 0.10059991609607916, 'lag_27': 0.05195840691151587, 'lag_28': 0.7883890951880089}. Best is trial 0 with value: 0.014688816067166207.
[I 2025-09-29 11:52:14,498] Trial 5 finished with value: 0.01466605577469951 and parameters: {'lag_0': 0.42823906510876636, 'lag_1': 0.7338102962769327, 'lag_2': 0.16863991343516996, 'lag_3': 0.7705768951491959, 'lag_4': 0.7434734596007284, 'lag_5': 0.5949059519226866, 'lag_6': 0.6756693480842485, 'lag_7': 0.2660942933000778, 'lag_8': 0.2405945767941362, 'lag_9': 0.5875468069057217, 'lag_10': 0.9528627420701208, 'lag_11': 0.9073533029757243, 'lag_12': 0.8207819897119936, 'lag_13': 0.7283253200400999, 'lag_14': 0.13682703430917886, 'lag_15': 0.5112974979699307, 'lag_16': 0.5203778090888153, 'lag_17': 0.7177286154794519, 'lag_18': 0.4494333596181958, 'lag_19': 0.6085913413681245, 'lag_20': 0.023112718515757222, 'lag_21': 0.9511835932993052, 'lag_22': 0.12745303419803047, 'lag_23': 0.32119820607294236, 'lag_24': 0.951200377282377, 'lag_25': 0.5660394358951684, 'lag_26': 0.7465435909071173, 'lag_27': 0.6845030320115845, 'lag_28': 0.4552563861330844}. Best is trial 5 with value: 0.01466605577469951.
[I 2025-09-29 11:52:16,927] Trial 6 finished with value: 0.014781869583442252 and parameters: {'lag_0': 0.564057727615565, 'lag_1': 0.796890616987235, 'lag_2': 0.6195465221359285, 'lag_3': 0.48522839850956406, 'lag_4': 0.5624280089675904, 'lag_5': 0.18666179395497076, 'lag_6': 0.619334010071398, 'lag_7': 0.21644941290002348, 'lag_8': 0.3835004972407114, 'lag_9': 0.6845456173504855, 'lag_10': 0.15130237194221266, 'lag_11': 0.10326289462077413, 'lag_12': 0.566070140663491, 'lag_13': 0.005587526633894268, 'lag_14': 0.3052249055561946, 'lag_15': 0.6891583045992122, 'lag_16': 0.38045973127929994, 'lag_17': 0.03899641367009194, 'lag_18': 0.9432403347415287, 'lag_19': 0.49741266630730063, 'lag_20': 0.9292596726996489, 'lag_21': 0.9908419087350985, 'lag_22': 0.8407795488166083, 'lag_23': 0.08678789376312193, 'lag_24': 0.5884182906111913, 'lag_25': 0.6490317544356711, 'lag_26': 0.041977156557152125, 'lag_27': 0.0710113870089928, 'lag_28': 0.6024139590542015}. Best is trial 5 with value: 0.01466605577469951.
[I 2025-09-29 11:52:19,365] Trial 7 finished with value: 0.014850804163903655 and parameters: {'lag_0': 0.6219778317869701, 'lag_1': 0.5588483932668952, 'lag_2': 0.7679730039422323, 'lag_3': 0.6896669431670196, 'lag_4': 0.39326297821330125, 'lag_5': 0.6074217464604122, 'lag_6': 0.4367391556542602, 'lag_7': 0.08517336279464759, 'lag_8': 0.7040875719596145, 'lag_9': 0.7958491874595284, 'lag_10': 0.3280902738338097, 'lag_11': 0.6084276730039256, 'lag_12': 0.9977731732153028, 'lag_13': 0.6503533932053316, 'lag_14': 0.11727978441605832, 'lag_15': 0.26658260736591455, 'lag_16': 0.006165539643617249, 'lag_17': 0.3367507695471368, 'lag_18': 0.4239821807486428, 'lag_19': 0.06909809059804943, 'lag_20': 0.8162657177823774, 'lag_21': 0.5275793779349849, 'lag_22': 0.3227846521969155, 'lag_23': 0.5884067966620641, 'lag_24': 0.9948920932701958, 'lag_25': 0.8112743021276954, 'lag_26': 0.40701912273163626, 'lag_27': 0.14421337536308895, 'lag_28': 0.16880958189422549}. Best is trial 5 with value: 0.01466605577469951.
[I 2025-09-29 11:52:21,789] Trial 8 finished with value: 0.014574728474994294 and parameters: {'lag_0': 0.22571104962584587, 'lag_1': 0.8437381206071581, 'lag_2': 0.12341344876740162, 'lag_3': 0.08618237153504771, 'lag_4': 0.5276972208379024, 'lag_5': 0.9313390369468306, 'lag_6': 0.02530164946595657, 'lag_7': 0.40277356127299246, 'lag_8': 0.2609039183776944, 'lag_9': 0.021269162696503474, 'lag_10': 0.9731736720447324, 'lag_11': 0.4493331348306342, 'lag_12': 0.9932397068875176, 'lag_13': 0.867107179534939, 'lag_14': 0.5456577631967052, 'lag_15': 0.6609358044946595, 'lag_16': 0.4548092162052332, 'lag_17': 0.28451126129926463, 'lag_18': 0.792807930082576, 'lag_19': 0.21734485108003226, 'lag_20': 0.03928522080012193, 'lag_21': 0.13762814018798025, 'lag_22': 0.29458580097140735, 'lag_23': 0.02623107957977225, 'lag_24': 0.12062602608779628, 'lag_25': 0.6017959712580001, 'lag_26': 0.5913578504130859, 'lag_27': 0.8362350850660334, 'lag_28': 0.7227890293360401}. Best is trial 8 with value: 0.014574728474994294.
[I 2025-09-29 11:52:24,235] Trial 9 finished with value: 0.014766658581841171 and parameters: {'lag_0': 0.6557606689725992, 'lag_1': 0.18638464085916148, 'lag_2': 0.44242513352526797, 'lag_3': 0.9569554121199942, 'lag_4': 0.877173511374939, 'lag_5': 0.9395655574120548, 'lag_6': 0.5282371197707753, 'lag_7': 0.10144246275180129, 'lag_8': 0.14273986744999773, 'lag_9': 0.4365614204907289, 'lag_10': 0.5440764691105084, 'lag_11': 0.38332533090689025, 'lag_12': 0.3022755149016639, 'lag_13': 0.8404212964797074, 'lag_14': 0.6320711306395198, 'lag_15': 0.07417650082895576, 'lag_16': 0.8099404769642008, 'lag_17': 0.830865228089501, 'lag_18': 0.215268437364645, 'lag_19': 0.8267449514917857, 'lag_20': 0.1178478745859998, 'lag_21': 0.8739763042086574, 'lag_22': 0.6416183521875494, 'lag_23': 0.7749051129991482, 'lag_24': 0.9105995485695763, 'lag_25': 0.5006114508038435, 'lag_26': 0.2000116786135657, 'lag_27': 0.1801405589421311, 'lag_28': 0.8424050273897492}. Best is trial 8 with value: 0.014574728474994294.
[I 2025-09-29 11:52:26,735] Trial 10 finished with value: 0.014721659316659984 and parameters: {'lag_0': 0.1000125668519431, 'lag_1': 0.9717176275759163, 'lag_2': 0.014954025177016883, 'lag_3': 0.010628017618501032, 'lag_4': 0.2779932320611562, 'lag_5': 0.7664404294196427, 'lag_6': 0.0019972700879693495, 'lag_7': 0.6909854337568628, 'lag_8': 0.6125163441344428, 'lag_9': 0.004356322564221152, 'lag_10': 0.6656936294640832, 'lag_11': 0.4806007236846005, 'lag_12': 0.005952683695554961, 'lag_13': 0.9956731438723319, 'lag_14': 0.6171892170470876, 'lag_15': 0.9400167730447998, 'lag_16': 0.2597143855048081, 'lag_17': 0.2749903535559475, 'lag_18': 0.6545584533516604, 'lag_19': 0.31918840552047273, 'lag_20': 0.5983272696921057, 'lag_21': 0.4052345575391201, 'lag_22': 0.3891251861728037, 'lag_23': 0.0049211322477491146, 'lag_24': 0.11008359396141999, 'lag_25': 0.2200433989438884, 'lag_26': 0.6387459831100025, 'lag_27': 0.9270964273901036, 'lag_28': 0.6496407665178907}. Best is trial 8 with value: 0.014574728474994294.
[I 2025-09-29 11:52:29,323] Trial 11 finished with value: 0.014973795120553468 and parameters: {'lag_0': 0.27999043044647653, 'lag_1': 0.9506708017473915, 'lag_2': 0.25067234280055256, 'lag_3': 0.06684532833924112, 'lag_4': 0.8198245011899905, 'lag_5': 0.6288713180736667, 'lag_6': 0.7285754118282409, 'lag_7': 0.3966411739494912, 'lag_8': 0.23043339545936126, 'lag_9': 0.5587777384654183, 'lag_10': 0.9741322279792416, 'lag_11': 0.9708622848462236, 'lag_12': 0.840598025426148, 'lag_13': 0.6491029270395932, 'lag_14': 0.11979780914949101, 'lag_15': 0.6200797075425958, 'lag_16': 0.5718861980719137, 'lag_17': 0.6339322131405836, 'lag_18': 0.5950578071327887, 'lag_19': 0.6705831785763391, 'lag_20': 0.0025661789508454012, 'lag_21': 0.6800501636569412, 'lag_22': 0.49985870350859746, 'lag_23': 0.2596302061652413, 'lag_24': 0.6925384319746922, 'lag_25': 0.6611546207735624, 'lag_26': 0.7528933458343856, 'lag_27': 0.7038379827009651, 'lag_28': 0.02044666343924778}. Best is trial 8 with value: 0.014574728474994294.
[I 2025-09-29 11:52:31,820] Trial 12 finished with value: 0.014471559677559958 and parameters: {'lag_0': 0.31696667126434247, 'lag_1': 0.8240461727628213, 'lag_2': 0.020664420672705255, 'lag_3': 0.30968007118968016, 'lag_4': 0.7833592277803192, 'lag_5': 0.39234778667246817, 'lag_6': 0.06404462199157734, 'lag_7': 0.4374650941941549, 'lag_8': 0.07048048613256622, 'lag_9': 0.9278511970486407, 'lag_10': 0.7949328732314798, 'lag_11': 0.9995384560366152, 'lag_12': 0.7436195660189241, 'lag_13': 0.7681245819927044, 'lag_14': 0.005601410947071367, 'lag_15': 0.5766802466833343, 'lag_16': 0.6795434421149121, 'lag_17': 0.5978491328631533, 'lag_18': 0.047789200987977676, 'lag_19': 0.9810469040817211, 'lag_20': 0.2351195152443047, 'lag_21': 0.017627402863665598, 'lag_22': 0.21617949712221915, 'lag_23': 0.2094797801967881, 'lag_24': 0.788938826213509, 'lag_25': 0.37623323299197153, 'lag_26': 0.9827023500040835, 'lag_27': 0.5855075630721361, 'lag_28': 0.6905147769888211}. Best is trial 12 with value: 0.014471559677559958.
[I 2025-09-29 11:52:34,311] Trial 13 finished with value: 0.014622573473545591 and parameters: {'lag_0': 0.26166457241155117, 'lag_1': 0.3206790762392505, 'lag_2': 0.006378023542276642, 'lag_3': 0.2311256553737185, 'lag_4': 0.9847461593735185, 'lag_5': 0.3306871067984277, 'lag_6': 0.0037762315156713022, 'lag_7': 0.49457443170902504, 'lag_8': 0.06477394498693231, 'lag_9': 0.9274459704064671, 'lag_10': 0.781663303819264, 'lag_11': 0.5650368257752423, 'lag_12': 0.6643604361322741, 'lag_13': 0.5152169328205796, 'lag_14': 0.6217930333171036, 'lag_15': 0.7045447466333394, 'lag_16': 0.7107146875518696, 'lag_17': 0.503433691148029, 'lag_18': 0.10757815959150027, 'lag_19': 0.926361467921076, 'lag_20': 0.2832386336955849, 'lag_21': 0.006487551123229018, 'lag_22': 0.258451069048617, 'lag_23': 0.1687402026337598, 'lag_24': 0.7597525265905452, 'lag_25': 0.2537671804736815, 'lag_26': 0.9758863444389905, 'lag_27': 0.4965293727904298, 'lag_28': 0.9936647977753617}. Best is trial 12 with value: 0.014471559677559958.
[I 2025-09-29 11:52:36,808] Trial 14 finished with value: 0.01472084277200399 and parameters: {'lag_0': 0.2523279932432311, 'lag_1': 0.8549828362050131, 'lag_2': 0.3777996461936701, 'lag_3': 0.24686132505390068, 'lag_4': 0.6922169394291869, 'lag_5': 0.024622758205912032, 'lag_6': 0.13781196227420142, 'lag_7': 0.6816275499123413, 'lag_8': 0.3494892075273517, 'lag_9': 0.2260805882199356, 'lag_10': 0.7917393744415, 'lag_11': 0.3668173344696819, 'lag_12': 0.7346546932557371, 'lag_13': 0.9349617862853973, 'lag_14': 0.01224534409527526, 'lag_15': 0.5638462859329316, 'lag_16': 0.6948792479955094, 'lag_17': 0.49908145065587217, 'lag_18': 0.013289953580813994, 'lag_19': 0.9856630906553737, 'lag_20': 0.21550172963467384, 'lag_21': 0.004818723660929513, 'lag_22': 0.4845435879476806, 'lag_23': 0.19360333062238616, 'lag_24': 0.38029582490803054, 'lag_25': 0.3300025763337966, 'lag_26': 0.9743276985105557, 'lag_27': 0.9495905367255937, 'lag_28': 0.6693092292068307}. Best is trial 12 with value: 0.014471559677559958.
[I 2025-09-29 11:52:39,302] Trial 15 finished with value: 0.014931485598767613 and parameters: {'lag_0': 0.39923920540472024, 'lag_1': 0.32755380426545777, 'lag_2': 0.1159309325688884, 'lag_3': 0.34454802337603313, 'lag_4': 0.6491950624736833, 'lag_5': 0.39049073831519376, 'lag_6': 0.15745481200263273, 'lag_7': 0.44870102869708445, 'lag_8': 0.13297897885998397, 'lag_9': 0.9645040500403628, 'lag_10': 0.6068539785402395, 'lag_11': 0.003231969076522234, 'lag_12': 0.40202253564330837, 'lag_13': 0.8050313387363657, 'lag_14': 0.24848660562269798, 'lag_15': 0.3928060215789927, 'lag_16': 0.3349173282171659, 'lag_17': 0.23754165764023955, 'lag_18': 0.6826146527073829, 'lag_19': 0.2600500107327096, 'lag_20': 0.1885263078359166, 'lag_21': 0.15148976031415956, 'lag_22': 0.9677186206721129, 'lag_23': 0.3689662799231015, 'lag_24': 0.7796775388320442, 'lag_25': 0.3823668427440077, 'lag_26': 0.6174830423571245, 'lag_27': 0.35558228431701844, 'lag_28': 0.7345384567308391}. Best is trial 12 with value: 0.014471559677559958.
[I 2025-09-29 11:52:41,802] Trial 16 finished with value: 0.014612525233488721 and parameters: {'lag_0': 0.16806607738906937, 'lag_1': 0.8630644101216434, 'lag_2': 0.32730580602635784, 'lag_3': 0.11960983543011944, 'lag_4': 0.315599223604753, 'lag_5': 0.7432978087087015, 'lag_6': 0.15196610874006206, 'lag_7': 0.6072817143711012, 'lag_8': 0.5053670176012564, 'lag_9': 0.17869211207276875, 'lag_10': 0.8577040007262573, 'lag_11': 0.7189755364299864, 'lag_12': 0.9514802292535758, 'lag_13': 0.5391544244916466, 'lag_14': 0.9771832523039622, 'lag_15': 0.9772636287242935, 'lag_16': 0.9970153370642432, 'lag_17': 0.46042162214280896, 'lag_18': 0.5758649974925346, 'lag_19': 0.4237309771133071, 'lag_20': 0.4690754933370662, 'lag_21': 0.3640652616182307, 'lag_22': 0.22352891834868116, 'lag_23': 0.046197398203238704, 'lag_24': 0.633871244782295, 'lag_25': 0.03741894823937009, 'lag_26': 0.8455618602266933, 'lag_27': 0.82895321990441, 'lag_28': 0.5791903726586198}. Best is trial 12 with value: 0.014471559677559958.
[I 2025-09-29 11:52:44,305] Trial 17 finished with value: 0.014942402307672317 and parameters: {'lag_0': 0.7670655971378904, 'lag_1': 0.6385534798151867, 'lag_2': 0.9721120944388512, 'lag_3': 0.3597757949896174, 'lag_4': 0.9594621642759303, 'lag_5': 0.2465117491689306, 'lag_6': 0.27805818008452504, 'lag_7': 0.8762812265225224, 'lag_8': 0.13403610944411393, 'lag_9': 0.8837388072176696, 'lag_10': 0.45198226698960037, 'lag_11': 0.44206038907668854, 'lag_12': 0.48439123433017567, 'lag_13': 0.7865305411566954, 'lag_14': 0.554483791553569, 'lag_15': 0.7596027939462272, 'lag_16': 0.6758840260631274, 'lag_17': 0.783771602379133, 'lag_18': 0.7815248253817542, 'lag_19': 0.6304913536549805, 'lag_20': 0.12313422851125659, 'lag_21': 0.11053007204516019, 'lag_22': 0.4172956786339086, 'lag_23': 0.16626920854798627, 'lag_24': 0.4609384202949662, 'lag_25': 0.7200394984234777, 'lag_26': 0.6025372073832906, 'lag_27': 0.6037227842080524, 'lag_28': 0.28004115718049605}. Best is trial 12 with value: 0.014471559677559958.
[I 2025-09-29 11:52:46,801] Trial 18 finished with value: 0.014831668072954812 and parameters: {'lag_0': 0.37758862959581097, 'lag_1': 0.9897553381984917, 'lag_2': 0.08332175972817005, 'lag_3': 0.13452322675602374, 'lag_4': 0.7954611175025934, 'lag_5': 0.5048101796439626, 'lag_6': 0.09037214443963462, 'lag_7': 0.3568738493271012, 'lag_8': 0.3557258707803731, 'lag_9': 0.6540882750866035, 'lag_10': 0.708643048079127, 'lag_11': 0.2920458107412345, 'lag_12': 0.8836455210790508, 'lag_13': 0.9998551140305197, 'lag_14': 0.7660918814385576, 'lag_15': 0.03223597317190413, 'lag_16': 0.23657451767595256, 'lag_17': 0.15739095933208774, 'lag_18': 0.18466592247503033, 'lag_19': 0.7995997135918592, 'lag_20': 0.33352330247734285, 'lag_21': 0.7443300987920176, 'lag_22': 0.6081076881809951, 'lag_23': 0.2809007408137808, 'lag_24': 0.2514460909468828, 'lag_25': 0.437412216179322, 'lag_26': 0.3329965977623045, 'lag_27': 0.6013235026680894, 'lag_28': 0.9393249176938009}. Best is trial 12 with value: 0.014471559677559958.
