[I 2025-09-29 13:08:13,571] Trial 41 finished with value: 0.005779350878342034 and parameters: {'lag_0': 0.8974825076828679, 'lag_1': 0.5636253405559066, 'lag_2': 0.3725682729588491, 'lag_3': 0.9999734742718467, 'lag_4': 0.76185419543608, 'lag_5': 0.2367912196557482, 'lag_6': 0.49822635113941915, 'lag_7': 0.35173896028664536, 'lag_8': 0.9115038773580206, 'lag_9': 0.8452862278958954, 'lag_10': 0.5871656514996719, 'lag_11': 0.6430528494589339, 'lag_12': 0.3533008237018242, 'lag_13': 0.9345692024763121, 'lag_14': 0.4406757304693018, 'lag_15': 0.8381218243171471, 'lag_16': 0.22137303482784235, 'lag_17': 0.4371194963096132, 'lag_18': 0.2547834523116157, 'lag_19': 0.09301784449888739, 'lag_20': 0.45718197334609517, 'lag_21': 0.6336885145279832, 'lag_22': 0.8907418417938486, 'lag_23': 0.4142206099932706, 'lag_24': 0.2996619616871288, 'lag_25': 0.1216438928703212, 'lag_26': 0.3355264292786767, 'lag_27': 0.999620952866578, 'lag_28': 0.4359080926343882}. Best is trial 14 with value: 0.005689529826481654.
[I 2025-09-29 13:08:16,034] Trial 42 finished with value: 0.005959836145098971 and parameters: {'lag_0': 0.814711682410037, 'lag_1': 0.4366427029796278, 'lag_2': 0.36458770683169556, 'lag_3': 0.99653736967354, 'lag_4': 0.7348859640315908, 'lag_5': 0.22438938303989941, 'lag_6': 0.4577743320544826, 'lag_7': 0.28194929961391285, 'lag_8': 0.8991571452793081, 'lag_9': 0.8471649529731156, 'lag_10': 0.5433061104613647, 'lag_11': 0.663437187990528, 'lag_12': 0.3273261880349757, 'lag_13': 0.9269950719465451, 'lag_14': 0.38320892895661984, 'lag_15': 0.8116577034037973, 'lag_16': 0.19735086322527076, 'lag_17': 0.48703064625528547, 'lag_18': 0.2503657417307306, 'lag_19': 0.08118668884866877, 'lag_20': 0.4092780130491624, 'lag_21': 0.6257063577328056, 'lag_22': 0.8868336447163782, 'lag_23': 0.4150522785089227, 'lag_24': 0.42460665963693106, 'lag_25': 0.04306600192699714, 'lag_26': 0.296478983055114, 'lag_27': 0.8302437372622792, 'lag_28': 0.19759704863941632}. Best is trial 14 with value: 0.005689529826481654.
[I 2025-09-29 13:08:18,495] Trial 43 finished with value: 0.006290232746559532 and parameters: {'lag_0': 0.999009255763654, 'lag_1': 0.5579690183900853, 'lag_2': 0.5984506149714336, 'lag_3': 0.776783170566586, 'lag_4': 0.7659396591433534, 'lag_5': 0.3060674136218621, 'lag_6': 0.5027685815581711, 'lag_7': 0.37870736988408166, 'lag_8': 0.7883723413146873, 'lag_9': 0.9306797468593047, 'lag_10': 0.1922934103660364, 'lag_11': 0.6301470454638525, 'lag_12': 0.24818915045588327, 'lag_13': 0.8012030500992717, 'lag_14': 0.439001200466951, 'lag_15': 0.655859462964763, 'lag_16': 0.26389299221580426, 'lag_17': 0.421650232923908, 'lag_18': 0.20781970316024317, 'lag_19': 0.09318496716200474, 'lag_20': 0.45323553772630576, 'lag_21': 0.4771760637637204, 'lag_22': 0.9063993171178668, 'lag_23': 0.35123699636528005, 'lag_24': 0.3361187072789661, 'lag_25': 0.359239029639414, 'lag_26': 0.44751939944043867, 'lag_27': 0.9974587913942511, 'lag_28': 0.569796083027214}. Best is trial 14 with value: 0.005689529826481654.
[I 2025-09-29 13:08:20,957] Trial 44 finished with value: 0.006112825767830686 and parameters: {'lag_0': 0.2717836252089574, 'lag_1': 0.37010962502283506, 'lag_2': 0.38512349495461756, 'lag_3': 0.3832676504288337, 'lag_4': 0.8301110295387263, 'lag_5': 0.2488942683961224, 'lag_6': 0.4227962617419577, 'lag_7': 0.238897433298701, 'lag_8': 0.9441979378587189, 'lag_9': 0.9929051396423734, 'lag_10': 0.2923541273179959, 'lag_11': 0.5354644003053795, 'lag_12': 0.35595447323148877, 'lag_13': 0.8703104128036827, 'lag_14': 0.5393901212992581, 'lag_15': 0.5169377689434678, 'lag_16': 0.061574525703284866, 'lag_17': 0.9994138362931504, 'lag_18': 0.2648982257070965, 'lag_19': 0.02048348292718305, 'lag_20': 0.8586781742353976, 'lag_21': 0.7276908845212394, 'lag_22': 0.9911054405847721, 'lag_23': 0.2651404088368597, 'lag_24': 0.508356181642542, 'lag_25': 0.2805326112638671, 'lag_26': 0.3390426109356712, 'lag_27': 0.19494534439459402, 'lag_28': 0.9705511781895726}. Best is trial 14 with value: 0.005689529826481654.
[I 2025-09-29 13:08:23,433] Trial 45 finished with value: 0.006063402196770445 and parameters: {'lag_0': 0.9080367353034657, 'lag_1': 0.30222890209770137, 'lag_2': 0.4450512622260159, 'lag_3': 0.8527962020270645, 'lag_4': 0.6468308682455983, 'lag_5': 0.458960410036535, 'lag_6': 0.5658866498511728, 'lag_7': 0.293357782245476, 'lag_8': 0.8466906557433238, 'lag_9': 0.856021095197073, 'lag_10': 0.9267334881454288, 'lag_11': 0.19699532126034702, 'lag_12': 0.43548789267000637, 'lag_13': 0.7617665343840785, 'lag_14': 0.3629002268651945, 'lag_15': 0.7021138678527881, 'lag_16': 0.14201772725707124, 'lag_17': 0.5509311500701071, 'lag_18': 0.0723829208541786, 'lag_19': 0.19865320887435287, 'lag_20': 0.6670208297503855, 'lag_21': 0.797793420430087, 'lag_22': 0.8211924340421798, 'lag_23': 0.5196390698381932, 'lag_24': 0.735277180854758, 'lag_25': 0.15806908236188646, 'lag_26': 0.22651373400129377, 'lag_27': 0.3029911883121301, 'lag_28': 0.35662207329451456}. Best is trial 14 with value: 0.005689529826481654.
[I 2025-09-29 13:08:25,892] Trial 46 finished with value: 0.0074376709494432 and parameters: {'lag_0': 0.7593620485454409, 'lag_1': 0.17454110978445567, 'lag_2': 0.27193837098691026, 'lag_3': 0.2392010545960219, 'lag_4': 0.9086322941908969, 'lag_5': 0.1912267617969599, 'lag_6': 0.35860037598213057, 'lag_7': 0.12535211304652913, 'lag_8': 0.914102336955596, 'lag_9': 0.8018561104536603, 'lag_10': 0.5085624236259607, 'lag_11': 0.774336426431562, 'lag_12': 0.6792841654974618, 'lag_13': 0.9352610242893814, 'lag_14': 0.4524062720285331, 'lag_15': 0.7834810632974738, 'lag_16': 0.06821763165232705, 'lag_17': 0.5965316943350852, 'lag_18': 0.13680510580030408, 'lag_19': 0.13256781827489664, 'lag_20': 0.7469057664698125, 'lag_21': 0.7136678775085841, 'lag_22': 0.5981811992638021, 'lag_23': 0.17154341752638497, 'lag_24': 0.24129633660821193, 'lag_25': 0.08696351530334512, 'lag_26': 0.5932729269091044, 'lag_27': 0.7515885620785208, 'lag_28': 0.251126471810599}. Best is trial 14 with value: 0.005689529826481654.
[I 2025-09-29 13:08:28,356] Trial 47 finished with value: 0.006316891925262908 and parameters: {'lag_0': 0.9478168346608609, 'lag_1': 0.7261814113104517, 'lag_2': 0.2059190503841657, 'lag_3': 0.09070531754352179, 'lag_4': 0.5339924989077294, 'lag_5': 0.14184100279525894, 'lag_6': 0.6518627021846211, 'lag_7': 0.5013502611078863, 'lag_8': 0.6200752940259744, 'lag_9': 0.9293864115932414, 'lag_10': 0.5844746639160148, 'lag_11': 0.44594224630348034, 'lag_12': 0.5154620323341815, 'lag_13': 0.9996876419905876, 'lag_14': 0.3200016112222046, 'lag_15': 0.8892619513967186, 'lag_16': 0.4686825345202734, 'lag_17': 0.44253020129801585, 'lag_18': 0.3983103303722606, 'lag_19': 0.36815783110799205, 'lag_20': 0.5569590476527898, 'lag_21': 0.566592709097006, 'lag_22': 0.47516011708156, 'lag_23': 0.4390714257376727, 'lag_24': 0.5905288230740323, 'lag_25': 0.9569834682580733, 'lag_26': 0.15322337006933837, 'lag_27': 0.5249976156968963, 'lag_28': 0.8591830893230691}. Best is trial 14 with value: 0.005689529826481654.
[I 2025-09-29 13:08:30,824] Trial 48 finished with value: 0.006316985650836082 and parameters: {'lag_0': 0.8625576814903841, 'lag_1': 0.5970394801987586, 'lag_2': 0.6968421903898533, 'lag_3': 0.688832683228521, 'lag_4': 0.48582336501789375, 'lag_5': 0.06250584582587054, 'lag_6': 0.49450593023843153, 'lag_7': 0.055917534625391035, 'lag_8': 0.7480532205922614, 'lag_9': 0.6553088670625681, 'lag_10': 0.3402118805607847, 'lag_11': 0.38685529108891603, 'lag_12': 0.7431262954128408, 'lag_13': 0.41373173602972896, 'lag_14': 0.27424930933101677, 'lag_15': 0.5953050261287334, 'lag_16': 0.21832767468758418, 'lag_17': 0.39781807539713704, 'lag_18': 0.2894253699126411, 'lag_19': 0.12169502998567383, 'lag_20': 0.8186018837787026, 'lag_21': 0.483165763454696, 'lag_22': 0.9571066658636045, 'lag_23': 0.29634654754422496, 'lag_24': 0.19079864307132383, 'lag_25': 0.044746357186317934, 'lag_26': 0.505260417326632, 'lag_27': 0.6410690171674485, 'lag_28': 0.5162649020498856}. Best is trial 14 with value: 0.005689529826481654.
[I 2025-09-29 13:08:33,295] Trial 49 finished with value: 0.006278356006089303 and parameters: {'lag_0': 0.5115373583366444, 'lag_1': 0.5336779189085462, 'lag_2': 0.6041074023848207, 'lag_3': 0.038475920371489086, 'lag_4': 0.7920438928667243, 'lag_5': 0.010893305569564304, 'lag_6': 0.7393612141085029, 'lag_7': 0.45446529261531693, 'lag_8': 0.7668810435209162, 'lag_9': 0.7721018371543317, 'lag_10': 0.42861769264996397, 'lag_11': 0.5714538470479986, 'lag_12': 0.6395967993578701, 'lag_13': 0.8091337589427097, 'lag_14': 0.5703296340859808, 'lag_15': 0.05058136262815833, 'lag_16': 0.36831331393843314, 'lag_17': 0.6528116090014606, 'lag_18': 0.1812355096538656, 'lag_19': 0.04814562855928552, 'lag_20': 0.47262214980095724, 'lag_21': 0.6435163685471876, 'lag_22': 0.5422172135326778, 'lag_23': 0.3815899913656977, 'lag_24': 0.6382238783769425, 'lag_25': 0.8966932417823661, 'lag_26': 0.40169858221584076, 'lag_27': 0.20614098188970412, 'lag_28': 0.6175692930095438}. Best is trial 14 with value: 0.005689529826481654.
[I 2025-09-29 13:08:35,767] Trial 50 finished with value: 0.007308319651324576 and parameters: {'lag_0': 0.5982309560817521, 'lag_1': 0.6558366264607843, 'lag_2': 0.7666298230226585, 'lag_3': 0.18997448382639223, 'lag_4': 0.9620394565041446, 'lag_5': 0.3324988897375561, 'lag_6': 0.2891560461745511, 'lag_7': 0.17126148542097686, 'lag_8': 0.6998849251659747, 'lag_9': 0.8872641878273517, 'lag_10': 0.7069400061947798, 'lag_11': 0.11728941722955413, 'lag_12': 0.2656912942622619, 'lag_13': 0.30973175397713815, 'lag_14': 0.5025800716510086, 'lag_15': 0.3283783697989501, 'lag_16': 0.2934066331154817, 'lag_17': 0.513561786408673, 'lag_18': 0.48594020813000127, 'lag_19': 0.24623278767900836, 'lag_20': 0.3768800614508818, 'lag_21': 0.6935946099106465, 'lag_22': 0.7742830022433863, 'lag_23': 0.47150390187514624, 'lag_24': 0.8151965258869159, 'lag_25': 0.3895157069249468, 'lag_26': 0.268828051486989, 'lag_27': 0.4096812821679479, 'lag_28': 0.7131003398000485}. Best is trial 14 with value: 0.005689529826481654.
[I 2025-09-29 13:08:38,247] Trial 51 finished with value: 0.006040823208711586 and parameters: {'lag_0': 0.8815620735704308, 'lag_1': 0.7974034275246419, 'lag_2': 0.2738446048439927, 'lag_3': 0.11578300599328906, 'lag_4': 0.890721438776878, 'lag_5': 0.8670088747900571, 'lag_6': 0.948683897064269, 'lag_7': 0.3293997033038247, 'lag_8': 0.6493149577399067, 'lag_9': 0.9646335401781709, 'lag_10': 0.6535125978695822, 'lag_11': 0.719465684261607, 'lag_12': 0.39795476701213306, 'lag_13': 0.9518598018726806, 'lag_14': 0.6475207353568938, 'lag_15': 0.9523517540484272, 'lag_16': 0.24862045974794467, 'lag_17': 0.34542200042107285, 'lag_18': 0.3228456034163679, 'lag_19': 0.7780650584031459, 'lag_20': 0.191115172658762, 'lag_21': 0.15696527836801838, 'lag_22': 0.8372569419759498, 'lag_23': 0.5601011217310216, 'lag_24': 0.36883718596578496, 'lag_25': 0.108684657084663, 'lag_26': 0.3541211190299576, 'lag_27': 0.9299020498623198, 'lag_28': 0.393584342720954}. Best is trial 14 with value: 0.005689529826481654.
[I 2025-09-29 13:08:40,707] Trial 52 finished with value: 0.006249746475296801 and parameters: {'lag_0': 0.9997899216988475, 'lag_1': 0.9275190115359103, 'lag_2': 0.393003307777875, 'lag_3': 0.15742278429653947, 'lag_4': 0.7769686407308642, 'lag_5': 0.3744095644936064, 'lag_6': 0.4355099647973899, 'lag_7': 0.3551888106862844, 'lag_8': 0.8298999001452795, 'lag_9': 0.5240100320204818, 'lag_10': 0.6009236482444416, 'lag_11': 0.7388466292208985, 'lag_12': 0.47889829409554036, 'lag_13': 0.8751019300144839, 'lag_14': 0.7425437508202464, 'lag_15': 0.921125558241327, 'lag_16': 0.17063437866340186, 'lag_17': 0.2797246180837658, 'lag_18': 0.23942884393905053, 'lag_19': 0.9470894964480584, 'lag_20': 0.07648922416858009, 'lag_21': 0.5226529215043128, 'lag_22': 0.8986086821120433, 'lag_23': 0.7803649959971132, 'lag_24': 0.3119350377827051, 'lag_25': 0.1287782217266836, 'lag_26': 0.31699930069849835, 'lag_27': 0.8789421598913323, 'lag_28': 0.43522776070394587}. Best is trial 14 with value: 0.005689529826481654.
[I 2025-09-29 13:08:43,175] Trial 53 finished with value: 0.00613536414753862 and parameters: {'lag_0': 0.8501571358442619, 'lag_1': 0.7523673337524636, 'lag_2': 0.3176132994614368, 'lag_3': 0.04721843325212342, 'lag_4': 0.8210061665585051, 'lag_5': 0.735859707898191, 'lag_6': 0.5642532775618179, 'lag_7': 0.19982796922544838, 'lag_8': 0.6811082332406293, 'lag_9': 0.613388176285208, 'lag_10': 0.8262154239045303, 'lag_11': 0.6501847315570478, 'lag_12': 0.3491835965539853, 'lag_13': 0.9469826026903874, 'lag_14': 0.41271984505690407, 'lag_15': 0.8362540976491829, 'lag_16': 0.3517575961966124, 'lag_17': 0.039836242911355735, 'lag_18': 0.31344680490755655, 'lag_19': 0.8512829753876769, 'lag_20': 0.26027205029836875, 'lag_21': 0.6708356512495783, 'lag_22': 0.95839637163717, 'lag_23': 0.6061608711008883, 'lag_24': 0.2931803673635646, 'lag_25': 0.22660026220157106, 'lag_26': 0.40508073032784686, 'lag_27': 0.9631043146212268, 'lag_28': 0.47800934877190526}. Best is trial 14 with value: 0.005689529826481654.
[I 2025-09-29 13:08:45,648] Trial 54 finished with value: 0.006274908444443415 and parameters: {'lag_0': 0.9037997407935244, 'lag_1': 0.9525373729551618, 'lag_2': 0.42425095732228896, 'lag_3': 0.30458336521726875, 'lag_4': 0.7110477629506686, 'lag_5': 0.2915689646905496, 'lag_6': 0.5268019748039589, 'lag_7': 0.30412542929355624, 'lag_8': 0.5529982522161845, 'lag_9': 0.04446902819645307, 'lag_10': 0.6554986739770018, 'lag_11': 0.8507400872282191, 'lag_12': 0.5435397518756756, 'lag_13': 0.7681343015670465, 'lag_14': 0.935135356943797, 'lag_15': 0.8754042528568609, 'lag_16': 0.7322350244499036, 'lag_17': 0.21772362412430232, 'lag_18': 0.3967712057206608, 'lag_19': 0.9933760775597545, 'lag_20': 0.6287877244323461, 'lag_21': 0.7709337312147261, 'lag_22': 0.880700594186888, 'lag_23': 0.9014708063791694, 'lag_24': 0.46596667481552195, 'lag_25': 0.15707357307902728, 'lag_26': 0.4874602376209337, 'lag_27': 0.8919802832210513, 'lag_28': 0.3204247777288539}. Best is trial 14 with value: 0.005689529826481654.
[I 2025-09-29 13:08:48,118] Trial 55 finished with value: 0.006452093213697089 and parameters: {'lag_0': 0.788624391883463, 'lag_1': 0.8392052540453959, 'lag_2': 0.21110674477433472, 'lag_3': 0.43507086054111116, 'lag_4': 0.8495189589662959, 'lag_5': 0.5458163529073621, 'lag_6': 0.8635292565189879, 'lag_7': 0.548440795385744, 'lag_8': 0.7318553407207999, 'lag_9': 0.8378042395671993, 'lag_10': 0.2538381706090803, 'lag_11': 0.9598404670760603, 'lag_12': 0.4208612924765266, 'lag_13': 0.01829614221178616, 'lag_14': 0.8054011464148776, 'lag_15': 0.24632611062209192, 'lag_16': 0.04855004804310209, 'lag_17': 0.14193212510829994, 'lag_18': 0.45038463276093615, 'lag_19': 0.716922724509572, 'lag_20': 0.9009845701508746, 'lag_21': 0.6127032145874279, 'lag_22': 0.7458278313230765, 'lag_23': 0.7118547572450344, 'lag_24': 0.4321065789557255, 'lag_25': 0.28556261672126293, 'lag_26': 0.43500674689737984, 'lag_27': 0.8478564204412614, 'lag_28': 0.053218930557670865}. Best is trial 14 with value: 0.005689529826481654.
[I 2025-09-29 13:08:50,591] Trial 56 finished with value: 0.0062615905792925055 and parameters: {'lag_0': 0.4472670081171407, 'lag_1': 0.4809175671616974, 'lag_2': 0.4696817203013266, 'lag_3': 0.23620282420713198, 'lag_4': 0.5863491623422362, 'lag_5': 0.2004622835624867, 'lag_6': 0.6420369466642576, 'lag_7': 0.239901635059742, 'lag_8': 0.024822351485373595, 'lag_9': 0.9323727528900745, 'lag_10': 0.5044941414982551, 'lag_11': 0.912160526609044, 'lag_12': 0.8848357607840014, 'lag_13': 0.8952972858362938, 'lag_14': 0.683301446376559, 'lag_15': 0.9949906094975258, 'lag_16': 0.39038643191911715, 'lag_17': 0.3168406267770122, 'lag_18': 0.6419015525805385, 'lag_19': 0.5470253522938318, 'lag_20': 0.5828714107529999, 'lag_21': 0.8339645041264739, 'lag_22': 0.8067071131277302, 'lag_23': 0.6414757849035166, 'lag_24': 0.5605945098632299, 'lag_25': 0.04331280690707574, 'lag_26': 0.37532065800636266, 'lag_27': 0.7796312369801364, 'lag_28': 0.18164692935997528}. Best is trial 14 with value: 0.005689529826481654.
[I 2025-09-29 13:08:53,063] Trial 57 finished with value: 0.006516339775278478 and parameters: {'lag_0': 0.9520151143098554, 'lag_1': 0.264703583633893, 'lag_2': 0.5188924330357486, 'lag_3': 0.5755322178222856, 'lag_4': 0.9539961759313056, 'lag_5': 0.9130302298202249, 'lag_6': 0.22510446458238126, 'lag_7': 0.04398793027815308, 'lag_8': 0.878128704900773, 'lag_9': 0.3938206643247837, 'lag_10': 0.5628367363906295, 'lag_11': 0.5055508264624904, 'lag_12': 0.28820211341190816, 'lag_13': 0.97290893271426, 'lag_14': 0.30691652905765165, 'lag_15': 0.626393243909237, 'lag_16': 0.2413269344695094, 'lag_17': 0.4685842046026752, 'lag_18': 0.22015261561074212, 'lag_19': 0.417624528290366, 'lag_20': 0.7557243806917654, 'lag_21': 0.6845776585940554, 'lag_22': 0.6847288474195092, 'lag_23': 0.4219551168730451, 'lag_24': 0.5046335759955173, 'lag_25': 0.17135892176673193, 'lag_26': 0.15604489892265705, 'lag_27': 0.944566491165767, 'lag_28': 0.6032061051475684}. Best is trial 14 with value: 0.005689529826481654.
[I 2025-09-29 13:08:55,532] Trial 58 finished with value: 0.006151091956585763 and parameters: {'lag_0': 0.9631786269536289, 'lag_1': 0.9940971875880886, 'lag_2': 0.3733697723969933, 'lag_3': 0.36875456341482377, 'lag_4': 0.6551940058049632, 'lag_5': 0.12784268838045715, 'lag_6': 0.16576229003048376, 'lag_7': 0.37789209893478704, 'lag_8': 0.6304934909845936, 'lag_9': 0.7029771946489511, 'lag_10': 0.2031195459682702, 'lag_11': 0.8080321110445495, 'lag_12': 0.16733152377045787, 'lag_13': 0.6900944331154992, 'lag_14': 0.4671535916857757, 'lag_15': 0.7673457838194394, 'lag_16': 0.520612083075621, 'lag_17': 0.1775156917837596, 'lag_18': 0.3548226813551901, 'lag_19': 0.3229029742169975, 'lag_20': 0.19065038098549303, 'lag_21': 0.6384166720260803, 'lag_22': 0.8568030549720794, 'lag_23': 0.8480157079262622, 'lag_24': 0.2739888970199244, 'lag_25': 0.11512521969347161, 'lag_26': 0.3209027973299986, 'lag_27': 0.34811423035920525, 'lag_28': 0.4477289622000146}. Best is trial 14 with value: 0.005689529826481654.
[I 2025-09-29 13:08:58,000] Trial 59 finished with value: 0.006686350998760492 and parameters: {'lag_0': 0.7263913354791129, 'lag_1': 0.40988497599711987, 'lag_2': 0.3450098766366974, 'lag_3': 0.16921362913959148, 'lag_4': 0.7647171070745602, 'lag_5': 0.24975693900606494, 'lag_6': 0.7292307625868142, 'lag_7': 0.7567378238200022, 'lag_8': 0.7717165612743098, 'lag_9': 0.3387242981940058, 'lag_10': 0.7623853198813517, 'lag_11': 0.7607669183703989, 'lag_12': 0.03763044522748504, 'lag_13': 0.12737728001544424, 'lag_14': 0.37903637140391094, 'lag_15': 0.5417701434281745, 'lag_16': 0.19018809722840652, 'lag_17': 0.5384338243327863, 'lag_18': 0.7984955430025764, 'lag_19': 0.49391709783090193, 'lag_20': 0.679720887603, 'lag_21': 0.5712196746257076, 'lag_22': 0.994315132967825, 'lag_23': 0.2784849258274231, 'lag_24': 0.06534793642157574, 'lag_25': 0.440594704404457, 'lag_26': 0.5737069880537591, 'lag_27': 0.9997711347762063, 'lag_28': 0.5235070444324055}. Best is trial 14 with value: 0.005689529826481654.
[I 2025-09-29 13:09:00,463] Trial 60 finished with value: 0.007149236117092309 and parameters: {'lag_0': 0.8946684944813589, 'lag_1': 0.3309954409999961, 'lag_2': 0.2974704896167985, 'lag_3': 0.10978100615320978, 'lag_4': 0.6950286434942727, 'lag_5': 0.685975162890889, 'lag_6': 0.3710467424507493, 'lag_7': 0.4309379383843934, 'lag_8': 0.5653092223792704, 'lag_9': 0.8749611278955581, 'lag_10': 0.1543199254367975, 'lag_11': 0.6011883797559671, 'lag_12': 0.7546032284022725, 'lag_13': 0.8531158498419229, 'lag_14': 0.8353994264160678, 'lag_15': 0.1546359933772249, 'lag_16': 0.9733338094263063, 'lag_17': 0.12392328958209653, 'lag_18': 0.2847870358390406, 'lag_19': 0.639479795732931, 'lag_20': 0.37410610537609823, 'lag_21': 0.86675049031452, 'lag_22': 0.6369038689865231, 'lag_23': 0.09579494217377651, 'lag_24': 0.3987121794472599, 'lag_25': 0.48671360600225844, 'lag_26': 0.23390204634961684, 'lag_27': 0.4660974666189843, 'lag_28': 0.23478327207864047}. Best is trial 14 with value: 0.005689529826481654.
[I 2025-09-29 13:09:02,938] Trial 61 finished with value: 0.006109690253349624 and parameters: {'lag_0': 0.8494737108817814, 'lag_1': 0.13469409134914415, 'lag_2': 0.24550477102933563, 'lag_3': 0.03249905618616246, 'lag_4': 0.3835512414786639, 'lag_5': 0.18659641563016832, 'lag_6': 0.03454201341655197, 'lag_7': 0.9481476429688087, 'lag_8': 0.961953653585204, 'lag_9': 0.0001469554992977462, 'lag_10': 0.4591156617902966, 'lag_11': 0.18320805066866452, 'lag_12': 0.11165601253995168, 'lag_13': 0.6311251253252138, 'lag_14': 0.0778255709274776, 'lag_15': 0.08827900663515012, 'lag_16': 0.5893221806346359, 'lag_17': 0.08079478238632334, 'lag_18': 0.5332180285881841, 'lag_19': 0.8860311050766347, 'lag_20': 0.4793051277506394, 'lag_21': 0.8931303520129554, 'lag_22': 0.17076889855409672, 'lag_23': 0.6011365208870165, 'lag_24': 0.18221141456358037, 'lag_25': 0.015147677603146933, 'lag_26': 0.8254741766422231, 'lag_27': 0.12215356402864727, 'lag_28': 0.1219454223665912}. Best is trial 14 with value: 0.005689529826481654.
