[I 2025-09-29 13:20:28,886] Trial 61 finished with value: 0.0034948900063055113 and parameters: {'lag_0': 0.3380808650695954, 'lag_1': 0.15948902946042473, 'lag_2': 0.7504841203326529, 'lag_3': 0.6783587801661355, 'lag_4': 0.7036330043360411, 'lag_5': 0.5182080641156909, 'lag_6': 0.496592752424927, 'lag_7': 0.5839614656574228, 'lag_8': 0.6648312203532106, 'lag_9': 0.6013054642574588, 'lag_10': 0.20861575161572093, 'lag_11': 0.172977919809043, 'lag_12': 0.27075314384806337, 'lag_13': 0.1713915001494081, 'lag_14': 0.5936633167401292, 'lag_15': 0.03375852629875599, 'lag_16': 0.5750324884067103, 'lag_17': 0.7647063874048876, 'lag_18': 0.6651511128666738, 'lag_19': 0.9039336035634605, 'lag_20': 0.6164888475616274, 'lag_21': 0.5910140104434408, 'lag_22': 0.13636859684114475, 'lag_23': 0.4877537463067319, 'lag_24': 0.7299457985593105, 'lag_25': 0.6434673556278179, 'lag_26': 0.4234109076046464, 'lag_27': 0.5300901479927987, 'lag_28': 0.23151213621581238}. Best is trial 23 with value: 0.003017660357681709.
[I 2025-09-29 13:20:31,297] Trial 62 finished with value: 0.0034908593404925485 and parameters: {'lag_0': 0.2624056551387133, 'lag_1': 0.04517987255972146, 'lag_2': 0.8406153458696658, 'lag_3': 0.7065118923459592, 'lag_4': 0.5552838703366504, 'lag_5': 0.4332246271413617, 'lag_6': 0.3970168501731147, 'lag_7': 0.5864876449679232, 'lag_8': 0.6155693838306303, 'lag_9': 0.49672405626622274, 'lag_10': 0.14562736043881488, 'lag_11': 0.20028806451564965, 'lag_12': 0.22665431503999653, 'lag_13': 0.14067637601347435, 'lag_14': 0.521063898139472, 'lag_15': 0.09305561843325319, 'lag_16': 0.11290967852808509, 'lag_17': 0.7612627193155395, 'lag_18': 0.6768715681592811, 'lag_19': 0.9770932161509447, 'lag_20': 0.5879218274820512, 'lag_21': 0.5474158140190041, 'lag_22': 0.2522784079357708, 'lag_23': 0.5764505319146892, 'lag_24': 0.8071018830957797, 'lag_25': 0.610978115754961, 'lag_26': 0.262773812764931, 'lag_27': 0.5663371613232759, 'lag_28': 0.21406001812402006}. Best is trial 23 with value: 0.003017660357681709.
[I 2025-09-29 13:20:33,712] Trial 63 finished with value: 0.0038776459700710078 and parameters: {'lag_0': 0.414578575955475, 'lag_1': 0.23082416022136412, 'lag_2': 0.575841626983177, 'lag_3': 0.5761022309610949, 'lag_4': 0.5103597783177866, 'lag_5': 0.5947394229874953, 'lag_6': 0.5302424008182156, 'lag_7': 0.4344802554097725, 'lag_8': 0.7790267527796644, 'lag_9': 0.7096666924736384, 'lag_10': 0.17530048703398435, 'lag_11': 0.993914209485303, 'lag_12': 0.5783423529286312, 'lag_13': 0.17162712476286168, 'lag_14': 0.5669280831992963, 'lag_15': 0.014546547088842655, 'lag_16': 0.37797228180071296, 'lag_17': 0.6238882176368691, 'lag_18': 0.63623837390311, 'lag_19': 0.9457494775381339, 'lag_20': 0.5105686086848009, 'lag_21': 0.6520339517040431, 'lag_22': 0.35192884415889186, 'lag_23': 0.6111475566225054, 'lag_24': 0.8176937678472401, 'lag_25': 0.5150345429036226, 'lag_26': 0.3289391643726112, 'lag_27': 0.6693508740400949, 'lag_28': 0.34748502163411377}. Best is trial 23 with value: 0.003017660357681709.
[I 2025-09-29 13:20:36,126] Trial 64 finished with value: 0.0034871709660828074 and parameters: {'lag_0': 0.03854921718466627, 'lag_1': 0.11807783227416888, 'lag_2': 0.9131545578520368, 'lag_3': 0.657844657580837, 'lag_4': 0.949854716841699, 'lag_5': 0.4839721851871783, 'lag_6': 0.47977776059098676, 'lag_7': 0.7578502021676652, 'lag_8': 0.5346221492405145, 'lag_9': 0.5610060556554255, 'lag_10': 0.08008391522969749, 'lag_11': 0.32101606761347223, 'lag_12': 0.3268896846059415, 'lag_13': 0.4727301035009345, 'lag_14': 0.4450147191214712, 'lag_15': 0.16597942704201457, 'lag_16': 0.9196816337424671, 'lag_17': 0.7279553280474527, 'lag_18': 0.8109620120416337, 'lag_19': 0.8465076543623952, 'lag_20': 0.6608589791549873, 'lag_21': 0.7102962780680601, 'lag_22': 0.446060262899718, 'lag_23': 0.6861948300392167, 'lag_24': 0.6948606623682749, 'lag_25': 0.5613057134453259, 'lag_26': 0.39349036488788147, 'lag_27': 0.6363325857945037, 'lag_28': 0.6444347898088564}. Best is trial 23 with value: 0.003017660357681709.
[I 2025-09-29 13:20:38,539] Trial 65 finished with value: 0.0033873400810151845 and parameters: {'lag_0': 0.2098674866460969, 'lag_1': 0.18253438068114844, 'lag_2': 0.7808521648940961, 'lag_3': 0.9566948786702357, 'lag_4': 0.5799057228427721, 'lag_5': 0.571366388140992, 'lag_6': 0.647159911804945, 'lag_7': 0.7162104699822283, 'lag_8': 0.5990533221052347, 'lag_9': 0.8177459702998249, 'lag_10': 0.24854252902999804, 'lag_11': 0.032779476348264454, 'lag_12': 0.13016149408413213, 'lag_13': 0.26855834015908686, 'lag_14': 0.6568750277471902, 'lag_15': 0.05060207390412044, 'lag_16': 0.5388110621295155, 'lag_17': 0.9449570736520319, 'lag_18': 0.5939041082229537, 'lag_19': 0.7668388669407645, 'lag_20': 0.7414755550372796, 'lag_21': 0.431670817925158, 'lag_22': 0.06041303762993504, 'lag_23': 0.4200890915664954, 'lag_24': 0.8727791649721184, 'lag_25': 0.7740303473968658, 'lag_26': 0.5228114642327742, 'lag_27': 0.40225660907305283, 'lag_28': 0.24539354641740108}. Best is trial 23 with value: 0.003017660357681709.
[I 2025-09-29 13:20:40,946] Trial 66 finished with value: 0.003235253206640189 and parameters: {'lag_0': 0.3175584374357845, 'lag_1': 0.289213370062272, 'lag_2': 0.6930076800579806, 'lag_3': 0.8022605179083461, 'lag_4': 0.7819785429527836, 'lag_5': 0.16459219289629734, 'lag_6': 0.4268087833304573, 'lag_7': 0.6450225101335217, 'lag_8': 0.7447268104417881, 'lag_9': 0.6741396638909674, 'lag_10': 0.2851344151097978, 'lag_11': 0.06777310814124056, 'lag_12': 0.8054522617611574, 'lag_13': 0.3819811931257237, 'lag_14': 0.6869391684551337, 'lag_15': 0.11383105586375603, 'lag_16': 0.8966243298513772, 'lag_17': 0.8642596427806939, 'lag_18': 0.7474896581581405, 'lag_19': 0.3270346512145633, 'lag_20': 0.5773618338072329, 'lag_21': 0.5941060053932214, 'lag_22': 0.17374238098468506, 'lag_23': 0.5407668477177922, 'lag_24': 0.9154963848573398, 'lag_25': 0.4992466617193651, 'lag_26': 0.5951138181849298, 'lag_27': 0.5946098164865, 'lag_28': 0.14199618864444127}. Best is trial 23 with value: 0.003017660357681709.
[I 2025-09-29 13:20:43,446] Trial 67 finished with value: 0.0035736432533530994 and parameters: {'lag_0': 0.9879380299037224, 'lag_1': 0.3638477946076054, 'lag_2': 0.687166585127163, 'lag_3': 0.8108613400636414, 'lag_4': 0.7983343395959397, 'lag_5': 0.19346173889928325, 'lag_6': 0.4267963890806471, 'lag_7': 0.6391715203098023, 'lag_8': 0.8719487034775286, 'lag_9': 0.6798003587974778, 'lag_10': 0.2840667798619308, 'lag_11': 0.07578919152732022, 'lag_12': 0.8352312070592944, 'lag_13': 0.37776171443397316, 'lag_14': 0.8154178841719538, 'lag_15': 0.13294394816717792, 'lag_16': 0.8986018887088019, 'lag_17': 0.8590460944685379, 'lag_18': 0.8562646404039613, 'lag_19': 0.28965894550993826, 'lag_20': 0.42962035633778, 'lag_21': 0.6517311278310712, 'lag_22': 0.18160020731182247, 'lag_23': 0.23778252173082956, 'lag_24': 0.9128072700357787, 'lag_25': 0.3908380746579713, 'lag_26': 0.5882266007528227, 'lag_27': 0.6859663687311944, 'lag_28': 0.062079946991768775}. Best is trial 23 with value: 0.003017660357681709.
[I 2025-09-29 13:20:45,870] Trial 68 finished with value: 0.0036326425807667664 and parameters: {'lag_0': 0.0314619214926248, 'lag_1': 0.6316599773156163, 'lag_2': 0.6398273424464731, 'lag_3': 0.7817385955709886, 'lag_4': 0.7633661856447373, 'lag_5': 0.12115284518098099, 'lag_6': 0.6834828308107441, 'lag_7': 0.7693675818720759, 'lag_8': 0.7451654653060111, 'lag_9': 0.7779053476656868, 'lag_10': 0.45001828092695584, 'lag_11': 0.14465309471153315, 'lag_12': 0.9344081183856174, 'lag_13': 0.41081223031084024, 'lag_14': 0.7193341715371168, 'lag_15': 0.20640971788241275, 'lag_16': 0.8421481480978795, 'lag_17': 0.90076250357965, 'lag_18': 0.9136911255050547, 'lag_19': 0.3489117642527617, 'lag_20': 0.5647856615287441, 'lag_21': 0.48742532635924934, 'lag_22': 0.20736349161213788, 'lag_23': 0.10561548406414961, 'lag_24': 0.9815611164981406, 'lag_25': 0.44313141533951167, 'lag_26': 0.6625310869760381, 'lag_27': 0.593212769869276, 'lag_28': 0.1517387235557805}. Best is trial 23 with value: 0.003017660357681709.
[I 2025-09-29 13:20:48,284] Trial 69 finished with value: 0.004657900854392766 and parameters: {'lag_0': 0.275391403529758, 'lag_1': 0.2836589801770663, 'lag_2': 0.9755229973944651, 'lag_3': 0.15365407313472979, 'lag_4': 0.3718795120549542, 'lag_5': 0.09119669446990852, 'lag_6': 0.33500704092505196, 'lag_7': 0.8843061722662443, 'lag_8': 0.19661217174292675, 'lag_9': 0.00041458337034940007, 'lag_10': 0.3460635195423706, 'lag_11': 0.008493368356033093, 'lag_12': 0.8219401571930829, 'lag_13': 0.46431318567314617, 'lag_14': 0.2222228808712846, 'lag_15': 0.0933633299096219, 'lag_16': 0.9729337937723089, 'lag_17': 0.8137819286475563, 'lag_18': 0.7506172835800276, 'lag_19': 0.21515277206823685, 'lag_20': 0.6512714873464562, 'lag_21': 0.5962435817097207, 'lag_22': 0.13269290062329733, 'lag_23': 0.5524760892354772, 'lag_24': 0.9264444905796319, 'lag_25': 0.49886211646997947, 'lag_26': 0.6967726167453563, 'lag_27': 0.7914644020513351, 'lag_28': 0.02253179286116973}. Best is trial 23 with value: 0.003017660357681709.
[I 2025-09-29 13:20:50,709] Trial 70 finished with value: 0.0030737841184785173 and parameters: {'lag_0': 0.1627521123405774, 'lag_1': 0.9335131740344076, 'lag_2': 0.8166331778267935, 'lag_3': 0.9620848664897228, 'lag_4': 0.41367375730668826, 'lag_5': 0.01251790248845297, 'lag_6': 0.26674030616896693, 'lag_7': 0.3091481459060853, 'lag_8': 0.820795175283663, 'lag_9': 0.6323077567352093, 'lag_10': 0.5152927479076975, 'lag_11': 0.10000244033726162, 'lag_12': 0.7416794351522038, 'lag_13': 0.3501637484674917, 'lag_14': 0.8944949316695158, 'lag_15': 0.1909602391267662, 'lag_16': 0.9210500944789574, 'lag_17': 0.5069917599594066, 'lag_18': 0.5567184539942108, 'lag_19': 0.44437023073578896, 'lag_20': 0.3283335411602926, 'lag_21': 0.6919976615824139, 'lag_22': 0.0330090335650739, 'lag_23': 0.5159412949971521, 'lag_24': 0.4736082660552141, 'lag_25': 0.041306249948245555, 'lag_26': 0.6128282232814737, 'lag_27': 0.8649729711075034, 'lag_28': 0.09196151021689745}. Best is trial 23 with value: 0.003017660357681709.
[I 2025-09-29 13:20:53,137] Trial 71 finished with value: 0.0032573254486972397 and parameters: {'lag_0': 0.3275111236902647, 'lag_1': 0.8864004017473768, 'lag_2': 0.8244559046954665, 'lag_3': 0.9243112140040359, 'lag_4': 0.43031096476943165, 'lag_5': 0.012212924442342654, 'lag_6': 0.2705204826034468, 'lag_7': 0.3138820775220991, 'lag_8': 0.8252659643737636, 'lag_9': 0.6319851613747831, 'lag_10': 0.5288025043542987, 'lag_11': 0.08871754351801704, 'lag_12': 0.6672589356761818, 'lag_13': 0.543136860210764, 'lag_14': 0.9239377878846753, 'lag_15': 0.25651301588808995, 'lag_16': 0.9321319046482388, 'lag_17': 0.50665974342145, 'lag_18': 0.710225440619199, 'lag_19': 0.3927762847484515, 'lag_20': 0.326560392112789, 'lag_21': 0.7083111581254681, 'lag_22': 0.01966189176050246, 'lag_23': 0.5026789368204865, 'lag_24': 0.4674442482528982, 'lag_25': 0.21873915690271464, 'lag_26': 0.6155261828245614, 'lag_27': 0.8676543617604696, 'lag_28': 0.13068324890529529}. Best is trial 23 with value: 0.003017660357681709.
[I 2025-09-29 13:20:55,567] Trial 72 finished with value: 0.0032849983447669076 and parameters: {'lag_0': 0.08918808240234212, 'lag_1': 0.24179935108845435, 'lag_2': 0.7309119852729821, 'lag_3': 0.9549438410121813, 'lag_4': 0.3427508512303674, 'lag_5': 0.15940605352242176, 'lag_6': 0.2382799788064085, 'lag_7': 0.27150029777746426, 'lag_8': 0.9598933047892831, 'lag_9': 0.6579249030912196, 'lag_10': 0.3875393042168902, 'lag_11': 0.0586593276528838, 'lag_12': 0.7351296342287688, 'lag_13': 0.2263210260846606, 'lag_14': 0.8920859586768684, 'lag_15': 0.19220547235573224, 'lag_16': 0.8928387709461115, 'lag_17': 0.41016602158123805, 'lag_18': 0.539341111975007, 'lag_19': 0.4480212379872498, 'lag_20': 0.46073150025648685, 'lag_21': 0.6342531980804922, 'lag_22': 0.07724735930205742, 'lag_23': 0.4514095012891164, 'lag_24': 0.3970950433102186, 'lag_25': 0.07030929025135894, 'lag_26': 0.567610136784791, 'lag_27': 0.830049799782506, 'lag_28': 0.08708468780097982}. Best is trial 23 with value: 0.003017660357681709.
[I 2025-09-29 13:20:57,990] Trial 73 finished with value: 0.003469280887362922 and parameters: {'lag_0': 0.13310933817962817, 'lag_1': 0.8027796538543595, 'lag_2': 0.8568986662511234, 'lag_3': 0.9725974846345148, 'lag_4': 0.4510173865012224, 'lag_5': 0.22295557461262783, 'lag_6': 0.36975870906500036, 'lag_7': 0.3621903795625914, 'lag_8': 0.8968805993498642, 'lag_9': 0.6152135213753673, 'lag_10': 0.42488302313547377, 'lag_11': 0.14815276471227132, 'lag_12': 0.7842597846406182, 'lag_13': 0.3535384353623191, 'lag_14': 0.9920806610016955, 'lag_15': 0.3003804421797516, 'lag_16': 0.9722854221951239, 'lag_17': 0.011096381298123348, 'lag_18': 0.7840949855959387, 'lag_19': 0.4941720305981797, 'lag_20': 0.29358167632700194, 'lag_21': 0.5590272971984278, 'lag_22': 0.10663515089727099, 'lag_23': 0.6147989099628702, 'lag_24': 0.34767067929041057, 'lag_25': 0.255870166805885, 'lag_26': 0.6118172012031887, 'lag_27': 0.5295291843388911, 'lag_28': 0.19233956784105405}. Best is trial 23 with value: 0.003017660357681709.
[I 2025-09-29 13:21:00,409] Trial 74 finished with value: 0.0032254070890030836 and parameters: {'lag_0': 0.15553737974879167, 'lag_1': 0.98611265435835, 'lag_2': 0.9339627609722521, 'lag_3': 0.8873814024750072, 'lag_4': 0.4752827521876141, 'lag_5': 0.28191457818414134, 'lag_6': 0.32292773347519654, 'lag_7': 0.21737801990312391, 'lag_8': 0.804602525876225, 'lag_9': 0.7299240348901892, 'lag_10': 0.5107851031609095, 'lag_11': 0.0013287884370465981, 'lag_12': 0.8711903730967696, 'lag_13': 0.3190249228114276, 'lag_14': 0.8449339800736448, 'lag_15': 0.2426318227485172, 'lag_16': 0.7811174565362666, 'lag_17': 0.5908753770749753, 'lag_18': 0.8145035557506393, 'lag_19': 0.32815843490615376, 'lag_20': 0.12570783528513352, 'lag_21': 0.6732142476885008, 'lag_22': 0.02579531125695261, 'lag_23': 0.51902165075652, 'lag_24': 0.4875658853341555, 'lag_25': 0.5488577151198232, 'lag_26': 0.467133172988441, 'lag_27': 0.3305748625605379, 'lag_28': 0.08066674649350741}. Best is trial 23 with value: 0.003017660357681709.
[I 2025-09-29 13:21:02,825] Trial 75 finished with value: 0.0036628040110023206 and parameters: {'lag_0': 0.16892204669507224, 'lag_1': 0.9997610292296211, 'lag_2': 0.9494784643481671, 'lag_3': 0.8833664258933307, 'lag_4': 0.476657716558477, 'lag_5': 0.28115010082154246, 'lag_6': 0.1763475028994974, 'lag_7': 0.20094891832576964, 'lag_8': 0.2622866057654732, 'lag_9': 0.7269262839987477, 'lag_10': 0.6464466602176125, 'lag_11': 0.02851783788600019, 'lag_12': 0.9761100145662132, 'lag_13': 0.30828193382341706, 'lag_14': 0.8636384998589497, 'lag_15': 0.32300450877617776, 'lag_16': 0.7783350080934894, 'lag_17': 0.570474453154697, 'lag_18': 0.9290052964491292, 'lag_19': 0.5705506971119632, 'lag_20': 0.12220717439773902, 'lag_21': 0.6892040928574974, 'lag_22': 0.029594271064265543, 'lag_23': 0.83813265550187, 'lag_24': 0.4873459640329608, 'lag_25': 0.6013676253490764, 'lag_26': 0.4460641424200558, 'lag_27': 0.33616470320187974, 'lag_28': 0.07339959570930872}. Best is trial 23 with value: 0.003017660357681709.
[I 2025-09-29 13:21:05,246] Trial 76 finished with value: 0.0036677196410201266 and parameters: {'lag_0': 0.12341138974443744, 'lag_1': 0.96623557642416, 'lag_2': 0.9194661066106956, 'lag_3': 0.9128380325976659, 'lag_4': 0.5043672198112746, 'lag_5': 0.08227653273677359, 'lag_6': 0.30566126544775546, 'lag_7': 0.12701151950887213, 'lag_8': 0.8021830133032835, 'lag_9': 0.8496615839439767, 'lag_10': 0.5197428690995062, 'lag_11': 0.23320694791537533, 'lag_12': 0.883755737004927, 'lag_13': 0.32356031269366686, 'lag_14': 0.8478897558167018, 'lag_15': 0.24137256796739823, 'lag_16': 0.8205508393901448, 'lag_17': 0.45524062946393873, 'lag_18': 0.8330729168453979, 'lag_19': 0.2750403472060373, 'lag_20': 0.21763270520690375, 'lag_21': 0.86671679634083, 'lag_22': 0.07516818798652852, 'lag_23': 0.9343879027694644, 'lag_24': 0.5323398861695758, 'lag_25': 0.5492997811940544, 'lag_26': 0.4827899890752618, 'lag_27': 0.27518055134945507, 'lag_28': 0.029143871620971484}. Best is trial 23 with value: 0.003017660357681709.
[I 2025-09-29 13:21:07,668] Trial 77 finished with value: 0.003690884579847746 and parameters: {'lag_0': 0.20237313885302158, 'lag_1': 0.9052224608392713, 'lag_2': 0.9947877211620595, 'lag_3': 0.9340921250035376, 'lag_4': 0.4023970210370087, 'lag_5': 0.042298197078633186, 'lag_6': 0.3315708362618125, 'lag_7': 0.2413030120556572, 'lag_8': 0.11329735360765826, 'lag_9': 0.6935010692356885, 'lag_10': 0.5588719823027982, 'lag_11': 0.11569044536398204, 'lag_12': 0.8696119725584581, 'lag_13': 0.0585931125741621, 'lag_14': 0.9635148440722426, 'lag_15': 0.2733779712555011, 'lag_16': 0.9326679370823986, 'lag_17': 0.49007164999754077, 'lag_18': 0.4410041346782118, 'lag_19': 0.43535946866439135, 'lag_20': 0.07866601352413684, 'lag_21': 0.7695896399252143, 'lag_22': 0.03683336909408612, 'lag_23': 0.47652078043703583, 'lag_24': 0.264955362477963, 'lag_25': 0.1150825283441656, 'lag_26': 0.516522176511228, 'lag_27': 0.8914185065604592, 'lag_28': 0.10681324768058664}. Best is trial 23 with value: 0.003017660357681709.
[I 2025-09-29 13:21:10,090] Trial 78 finished with value: 0.003333448059823875 and parameters: {'lag_0': 0.005806248679604904, 'lag_1': 0.5265566269842162, 'lag_2': 0.8859021596665559, 'lag_3': 0.8482885817089711, 'lag_4': 0.42038845856103224, 'lag_5': 0.3198100366385451, 'lag_6': 0.1708228926549819, 'lag_7': 0.4010895478716825, 'lag_8': 0.8537457845912382, 'lag_9': 0.5275894022835337, 'lag_10': 0.601237569841293, 'lag_11': 0.008993941140556065, 'lag_12': 0.9043032838783776, 'lag_13': 0.6155377141046752, 'lag_14': 0.2584381205286048, 'lag_15': 0.39022127769782217, 'lag_16': 0.8615604641093221, 'lag_17': 0.6075056214319698, 'lag_18': 0.6915288142643108, 'lag_19': 0.4944400874979198, 'lag_20': 0.25171058412150565, 'lag_21': 0.9346647809040075, 'lag_22': 0.007134101026354322, 'lag_23': 0.5182295030420667, 'lag_24': 0.5746555827527465, 'lag_25': 0.04052866211921902, 'lag_26': 0.7410462404253739, 'lag_27': 0.1443716855560287, 'lag_28': 0.0009730101905587873}. Best is trial 23 with value: 0.003017660357681709.
[I 2025-09-29 13:21:12,519] Trial 79 finished with value: 0.0032922362607758966 and parameters: {'lag_0': 0.23384906654786408, 'lag_1': 0.9424231508907864, 'lag_2': 0.8155261663561599, 'lag_3': 0.8797633821045889, 'lag_4': 0.31110858680654463, 'lag_5': 0.26006461578928125, 'lag_6': 0.24365299298422807, 'lag_7': 0.0695186302544642, 'lag_8': 0.33701022272778963, 'lag_9': 0.4714212687916698, 'lag_10': 0.45751308505706173, 'lag_11': 0.19381829597647104, 'lag_12': 0.9507932804901407, 'lag_13': 0.0020555616549892686, 'lag_14': 0.760298622988249, 'lag_15': 0.1447039934700604, 'lag_16': 0.7747919654347438, 'lag_17': 0.3719915760550649, 'lag_18': 0.8887979131836777, 'lag_19': 0.537685603970067, 'lag_20': 0.175088711780159, 'lag_21': 0.7279842564651257, 'lag_22': 0.10340052900715307, 'lag_23': 0.7863320020563681, 'lag_24': 0.61981143653111, 'lag_25': 0.6873623255601592, 'lag_26': 0.3544781071486948, 'lag_27': 0.9560463039812768, 'lag_28': 0.5226818938708353}. Best is trial 23 with value: 0.003017660357681709.
[I 2025-09-29 13:21:15,061] Trial 80 finished with value: 0.0035104107409967876 and parameters: {'lag_0': 0.0841209994652392, 'lag_1': 0.6965487071259497, 'lag_2': 0.9439958783509869, 'lag_3': 0.9984088081097893, 'lag_4': 0.37454728759920863, 'lag_5': 0.3803545505484854, 'lag_6': 0.3711967909467653, 'lag_7': 0.30705507088885026, 'lag_8': 0.7974933004362434, 'lag_9': 0.7594379235923918, 'lag_10': 0.7888954026149079, 'lag_11': 0.27193962854582887, 'lag_12': 0.09443237230264237, 'lag_13': 0.27596750615226967, 'lag_14': 0.07272453897529088, 'lag_15': 0.3589931495713678, 'lag_16': 0.7004335797481395, 'lag_17': 0.5173047342883708, 'lag_18': 0.856814688689694, 'lag_19': 0.30852195165822216, 'lag_20': 0.14854361569018498, 'lag_21': 0.8204046825828976, 'lag_22': 0.529889102689708, 'lag_23': 0.6701298429738525, 'lag_24': 0.4918820104160043, 'lag_25': 0.13199074369035496, 'lag_26': 0.5435296756523035, 'lag_27': 0.35336855395739014, 'lag_28': 0.5718996330390889}. Best is trial 23 with value: 0.003017660357681709.
[I 2025-09-29 13:21:17,496] Trial 81 finished with value: 0.0034028879860199686 and parameters: {'lag_0': 0.14830490882345346, 'lag_1': 0.5896856291719301, 'lag_2': 0.775516759324974, 'lag_3': 0.9759687549675286, 'lag_4': 0.8252221768115844, 'lag_5': 0.13759007851120683, 'lag_6': 0.10210047817566309, 'lag_7': 0.4622135669977814, 'lag_8': 0.7353909985517081, 'lag_9': 0.5678407583962972, 'lag_10': 0.23772716851462797, 'lag_11': 0.08414876037489029, 'lag_12': 0.7737413598002746, 'lag_13': 0.3658504495714447, 'lag_14': 0.6713138611063477, 'lag_15': 0.17521759993065755, 'lag_16': 0.907879714566573, 'lag_17': 0.9361933755022751, 'lag_18': 0.7642504431006253, 'lag_19': 0.3190639293184291, 'lag_20': 0.033204481488058823, 'lag_21': 0.5880858481925952, 'lag_22': 0.14722947760985083, 'lag_23': 0.5662635028396259, 'lag_24': 0.8880018375401164, 'lag_25': 0.4936062625704066, 'lag_26': 0.6491632043872458, 'lag_27': 0.7313735336274683, 'lag_28': 0.1345475834626842}. Best is trial 23 with value: 0.003017660357681709.
