[I 2025-10-03 11:33:56,468] Trial 64 finished with values: [0.10929705215419502, 0.007486012725345441, 0.001270664257700915, 0.010145123142183316, 0.0008440640190299033, 0.00513051546750307, 0.0024069361631754876, 0.0016078998035996528, 0.005198168884931388, 0.0009501714007949927, 0.0013065824143139947, 0.0005539980172826359, 0.0017995258888133113, 0.030302100704609702, 0.0, 0.00019150971678613785, 0.002894381008339597, 0.0011286756656636097, 0.0008716862325045812, 6.95680624718315e-05, 0.00011419225061209587, 0.00015821145014282965, 0.00020132298497896897, 0.00037441400334474126, 3.24707301695562e-05, 0.00043110677270461785, 0.0002729070652291507, 0.0016728820894447254, 0.0010786671112052106] and parameters: {'lag_0': 0.8301367111975637, 'lag_1': 0.5689168696527677, 'lag_2': 0.6538034242022234, 'lag_3': 0.32752659507593246, 'lag_4': 0.6687694347800772, 'lag_5': 0.6344403039888291, 'lag_6': 0.3125491724004637, 'lag_7': 0.6384277525764077, 'lag_8': 0.09945347263430498, 'lag_9': 0.5158067563695462, 'lag_10': 0.16441079295314534, 'lag_11': 0.23076283971150596, 'lag_12': 0.48860219631641943, 'lag_13': 0.2454224714334115, 'lag_14': 0.06565342254189488, 'lag_15': 0.7872339496644212, 'lag_16': 0.30656546075533214, 'lag_17': 0.337024597435159, 'lag_18': 0.6325257061064747, 'lag_19': 0.7207279071846564, 'lag_20': 0.6030943166950019, 'lag_21': 0.3996608954442795, 'lag_22': 0.24676130024475823, 'lag_23': 0.16605435823595577, 'lag_24': 0.3210470834110261, 'lag_25': 0.36726097417641806, 'lag_26': 0.04343941963086901, 'lag_27': 0.20926471867965102, 'lag_28': 0.3950334250545073}.
[I 2025-10-03 11:33:59,094] Trial 65 finished with values: [0.0844167296548249, 0.0014955378072612335, 0.0012294855184830523, 0.009400352694810375, 0.0024424555835344, 0.004717820634983136, 0.002160737754822427, 0.0031563052422010204, 0.0035151203296856976, 0.0009138081197415353, 0.0013439123899494179, 0.00013559499489219096, 0.0017075687028168065, 0.02453604964377427, 0.0, 0.0005982310447804615, 0.0043639918475272665, 0.0010448378699012676, 0.0006498277520609021, 0.00013958642405781604, 0.00011419574920455399, 0.00020648676093136038, 0.0001421183364304944, 0.0002779255023710298, 0.00012033289119676324, 0.0005753688260545668, 6.566753158069375e-05, 0.002178495784355153, 0.001703502632004537] and parameters: {'lag_0': 0.7353314824334316, 'lag_1': 0.18174003844771658, 'lag_2': 0.5202123499035965, 'lag_3': 0.8884817623222148, 'lag_4': 0.34247678545106086, 'lag_5': 0.6940502032098004, 'lag_6': 0.7328986036364508, 'lag_7': 0.3590746262603299, 'lag_8': 0.481304555669798, 'lag_9': 0.667654839485091, 'lag_10': 0.4909401992012944, 'lag_11': 0.8210823473525801, 'lag_12': 0.32724891791684235, 'lag_13': 0.31053876645726924, 'lag_14': 0.5773620851538099, 'lag_15': 0.25910198415945174, 'lag_16': 0.5325608908022512, 'lag_17': 0.6447655389446785, 'lag_18': 0.5788534439257887, 'lag_19': 0.29813946750917136, 'lag_20': 0.9921663237392809, 'lag_21': 0.19748306947651428, 'lag_22': 0.9137960166919509, 'lag_23': 0.23231794522104002, 'lag_24': 0.34376413272152984, 'lag_25': 0.0893352399623017, 'lag_26': 0.6510968569484471, 'lag_27': 0.20148237889545528, 'lag_28': 0.3550140937368496}.
[I 2025-10-03 11:34:01,712] Trial 66 finished with values: [0.05770386944766733, 0.011170202073951127, 0.0021719251669481544, 0.007897840184550836, 0.004525386522578709, 0.0037184047641805004, 0.0018443147850903253, 0.005203325067510547, 0.003439795358280475, 0.0015615065801323623, 0.001747779706756466, 0.00022760380733292956, 0.00303929281123327, 0.026612464998788908, 0.0, 0.0006162622806340527, 0.003372938908493976, 0.0016750025515707503, 0.0007687236542891354, 0.00012104943221787469, 0.00014570867823253947, 0.00011154051151719109, 0.00013486209765853672, 0.00041210081593584134, 3.166372928863671e-05, 0.0005718710720643293, 0.00021453119185376284, 0.0022152447950916374, 0.0012236887083001903] and parameters: {'lag_0': 0.3306198017509699, 'lag_1': 0.8388705631384588, 'lag_2': 0.894593732027273, 'lag_3': 0.393833068612937, 'lag_4': 0.894633865154048, 'lag_5': 0.901941474535567, 'lag_6': 0.27036465285382877, 'lag_7': 0.469076255750386, 'lag_8': 0.25424340067419576, 'lag_9': 0.7972425385029609, 'lag_10': 0.3338398306137311, 'lag_11': 0.030028522667115254, 'lag_12': 0.13140727586368905, 'lag_13': 0.03358083018840261, 'lag_14': 0.6176940530079174, 'lag_15': 0.8799924391457703, 'lag_16': 0.4346780351416617, 'lag_17': 0.9150179515851925, 'lag_18': 0.2576468379587197, 'lag_19': 0.011721639507119434, 'lag_20': 0.7366401728233005, 'lag_21': 0.8268546637760118, 'lag_22': 0.967614503811786, 'lag_23': 0.8645963543540213, 'lag_24': 0.13652234171671915, 'lag_25': 0.1321337924826111, 'lag_26': 0.1366224803357803, 'lag_27': 0.01898393189878386, 'lag_28': 0.8852551460452686}.
[I 2025-10-03 11:34:04,329] Trial 67 finished with values: [0.10258956916099773, 0.004095648810530284, 0.002375502949751716, 0.002989422095282815, 0.0016602679884818398, 0.004830551823600049, 0.0013735954636384829, 0.0035151455898332503, 0.0012680548515455377, 0.002880282816752145, 0.0011994253596319536, 0.00024386571190094207, 0.0024322150626238303, 0.02609853263323763, 0.0, 0.000494701717074866, 0.0034021970417703546, 0.0014392499751132528, 0.0008833545647003768, 8.150006072001637e-05, 3.543286097112642e-05, 0.0003788398695726537, 0.00025473852412058776, 0.0007288765168905842, 2.1026426111233014e-05, 0.0004480011892888289, 0.0003839304027138139, 0.0020615546991754074, 0.002190179394095035] and parameters: {'lag_0': 0.27149323731014313, 'lag_1': 0.20497920773817607, 'lag_2': 0.13816504992307096, 'lag_3': 0.5494107529493786, 'lag_4': 0.9711544248946211, 'lag_5': 0.4425402150518077, 'lag_6': 0.6866785776095852, 'lag_7': 0.3943099924164558, 'lag_8': 0.09520951431542735, 'lag_9': 0.6764280008716816, 'lag_10': 0.07499430505575176, 'lag_11': 0.10972468097997977, 'lag_12': 0.8961825940003951, 'lag_13': 0.3292402481340338, 'lag_14': 0.5548969117368474, 'lag_15': 0.2907332988560355, 'lag_16': 0.06445105759411046, 'lag_17': 0.6100494684108303, 'lag_18': 0.5748656166759377, 'lag_19': 0.604520618891713, 'lag_20': 0.114556016853188, 'lag_21': 0.8617616258066068, 'lag_22': 0.379544747424153, 'lag_23': 0.31866537782535603, 'lag_24': 0.8453319311408595, 'lag_25': 0.4372219847844738, 'lag_26': 0.9451208792026699, 'lag_27': 0.10342417633352989, 'lag_28': 0.28634528182456936}.
[I 2025-10-03 11:34:06,954] Trial 68 finished with values: [0.04521204625100729, 0.005550895976733888, 0.003386961342451782, 0.0063432846393697544, 0.0022537468124518927, 0.0015062663947735422, 0.0023335177069557515, 0.003400214982134975, 0.0040454521169752825, 0.0008437851803817798, 0.0011044782444472206, 0.00015816305548018152, 0.0021105284034713297, 0.02542963092210404, 0.0, 0.00047686406235096913, 0.0037945339359872717, 0.0011965888904470442, 0.000899100386388666, 0.00016958950653913585, 6.341181446603747e-05, 0.00010485253016868695, 0.0002035996362471664, 0.0003489598529926199, 0.00014577623220925494, 0.0008503032762292442, 0.00020819178986520602, 0.0011435386649408792, 0.001961492492637482] and parameters: {'lag_0': 0.2844599905541591, 'lag_1': 0.09936946322493465, 'lag_2': 0.8654285031514642, 'lag_3': 0.09724498789957364, 'lag_4': 0.5379744050455577, 'lag_5': 0.964476115569801, 'lag_6': 0.13837012469756788, 'lag_7': 0.468216608701376, 'lag_8': 0.3318854574387147, 'lag_9': 0.1259473188669362, 'lag_10': 0.5592379402442665, 'lag_11': 0.9902692209800423, 'lag_12': 0.2447139765777169, 'lag_13': 0.1623883825715464, 'lag_14': 0.45900877582379934, 'lag_15': 0.3553855593273724, 'lag_16': 0.7716591691534258, 'lag_17': 0.4400405146403958, 'lag_18': 0.38268729256088535, 'lag_19': 0.31791716364205297, 'lag_20': 0.6935614975349857, 'lag_21': 0.990904053597548, 'lag_22': 0.1232685812234153, 'lag_23': 0.29417976050735667, 'lag_24': 0.9052407299103801, 'lag_25': 0.4660067921488176, 'lag_26': 0.5251514078794615, 'lag_27': 0.8746916500714882, 'lag_28': 0.033088574845681756}.
[I 2025-10-03 11:34:09,577] Trial 69 finished with values: [0.11281887755102041, 0.003725391192603864, 0.0034793345717624114, 0.005922176368132038, 0.0004118869478870649, 0.004544240311655802, 0.0021964091594959176, 0.001972145213330382, 0.004373957615370358, 0.0011898230396231342, 0.0012819508440646376, 0.0005113474399307402, 0.0026917708150956407, 0.025925363319235672, 0.0, 0.0004013281696935619, 0.003279984828855706, 0.001588429502593863, 0.0006679841642924892, 0.00014768782955459214, 0.00015473656264132423, 0.0001266891234146091, 0.00031235256543791465, 0.00031781868004912973, 7.280541563180137e-05, 0.0007973253390430304, 0.00017756863029854295, 0.0006433935781213908, 0.0013521410010201287] and parameters: {'lag_0': 0.9250162269016647, 'lag_1': 0.2920310840977214, 'lag_2': 0.968724340020146, 'lag_3': 0.6188436820197996, 'lag_4': 0.8866293470285922, 'lag_5': 0.7981557383440089, 'lag_6': 0.8676783395716028, 'lag_7': 0.23743376130149124, 'lag_8': 0.561478683304883, 'lag_9': 0.8254784000704009, 'lag_10': 0.5593236552751419, 'lag_11': 0.9704256837885126, 'lag_12': 0.3924802546140433, 'lag_13': 0.8637120237708577, 'lag_14': 0.11959381135859061, 'lag_15': 0.8445796575698714, 'lag_16': 0.8832207679654669, 'lag_17': 0.055960312771208325, 'lag_18': 0.14435775078788396, 'lag_19': 0.9384875245543951, 'lag_20': 0.6678418398415804, 'lag_21': 0.6841484687385534, 'lag_22': 0.17161847063339422, 'lag_23': 0.5094905175208283, 'lag_24': 0.936934596147888, 'lag_25': 0.0315508544729962, 'lag_26': 0.7375716575356559, 'lag_27': 0.3704917125505847, 'lag_28': 0.8026653648621417}.
[I 2025-10-03 11:34:12,193] Trial 70 finished with values: [0.07857142857142858, 0.005762951138953228, 0.007489410059785033, 0.008155988496798522, 0.0007480872419358534, 0.0046181458173374206, 0.003921705119572155, 0.003805535277227816, 0.00370251609438728, 0.0007289736210626735, 0.0009949281794246255, 6.622959476350104e-05, 0.0016564837121127774, 0.022249340964102228, 0.0, 0.0007746363128033229, 0.0038042259436061043, 0.001150863379976429, 0.0009502100884751695, 0.00011354964987050145, 2.689970544588181e-05, 0.00014726319771953006, 0.000205954097155569, 0.00034969311491839803, 0.00013036443187296672, 0.0005757429363561301, 0.0003059315739066708, 0.0018393899869013533, 0.0016998057614873254] and parameters: {'lag_0': 0.8301367111975637, 'lag_1': 0.6773566285324433, 'lag_2': 0.6538034242022234, 'lag_3': 0.15563512528943463, 'lag_4': 0.6687694347800772, 'lag_5': 0.6344403039888291, 'lag_6': 0.3125491724004637, 'lag_7': 0.6384277525764077, 'lag_8': 0.09945347263430498, 'lag_9': 0.5158067563695462, 'lag_10': 0.0744838069686498, 'lag_11': 0.8492178179073773, 'lag_12': 0.48860219631641943, 'lag_13': 0.4114517597087328, 'lag_14': 0.6030632941185251, 'lag_15': 0.20478285726014012, 'lag_16': 0.7491178288220524, 'lag_17': 0.4455481803396771, 'lag_18': 0.6325257061064747, 'lag_19': 0.6256985855758124, 'lag_20': 0.6030943166950019, 'lag_21': 0.47078516277667304, 'lag_22': 0.24676130024475823, 'lag_23': 0.9057432729536158, 'lag_24': 0.3210470834110261, 'lag_25': 0.7944657447365658, 'lag_26': 0.04343941963086901, 'lag_27': 0.20926471867965102, 'lag_28': 0.027437902473303587}.
[I 2025-10-03 11:34:14,818] Trial 71 finished with values: [0.11281887755102041, 0.002290115810065651, 0.00030692551127581324, 0.007603307716125935, 0.0008038414214039874, 0.00763160624682332, 0.0015475086412978525, 0.0017877167036909325, 0.003562714319594926, 0.0013658994243495276, 0.0010400837874935114, 8.711024584827629e-05, 0.0020080458084173964, 0.023971560742596484, 0.0, 0.0003370812279223652, 0.003527932880629428, 0.0009490889303512016, 0.0007934039258722882, 0.00010405819872681273, 5.576890468936013e-05, 8.99590562623294e-05, 0.00017023924407408132, 0.00021516699046435724, 8.789054952980102e-05, 0.00035891581494530673, 0.00014959560935154693, 0.0023874475178003616, 0.0006299135562705159] and parameters: {'lag_0': 0.9577055573764357, 'lag_1': 0.36771825779604717, 'lag_2': 0.8265860888339509, 'lag_3': 0.9107539987383662, 'lag_4': 0.2172246420151925, 'lag_5': 0.07884473908263818, 'lag_6': 0.643210202551406, 'lag_7': 0.468216608701376, 'lag_8': 0.3318854574387147, 'lag_9': 0.6017094234287355, 'lag_10': 0.5592379402442665, 'lag_11': 0.32283799704185284, 'lag_12': 0.18092619547451774, 'lag_13': 0.4821921742983099, 'lag_14': 0.6670188878130249, 'lag_15': 0.7835787884952761, 'lag_16': 0.3104705131250987, 'lag_17': 0.6804002283143856, 'lag_18': 0.1565818969716077, 'lag_19': 0.31791716364205297, 'lag_20': 0.6935614975349857, 'lag_21': 0.990904053597548, 'lag_22': 0.3188741464967685, 'lag_23': 0.23265759777887451, 'lag_24': 0.710110596396463, 'lag_25': 0.5017133102128946, 'lag_26': 0.7601963723709503, 'lag_27': 0.5848858035795773, 'lag_28': 0.08939486951963312}.
[I 2025-10-03 11:34:17,442] Trial 72 finished with values: [0.10306122448979593, 0.0019040248730844294, 0.001778925324417704, 0.010241186905171997, 0.001092040970705028, 0.0029740420796826516, 0.002189099696416154, 0.004054137182580219, 0.0043902686586390835, 0.0008224539428535375, 0.0007771102010960542, 0.00031871426716143663, 0.002266409797405405, 0.024746352149055635, 0.0, 0.0002811538968150448, 0.002249330848290042, 0.001303621826386864, 0.0006564257341238358, 0.00012139236850647216, 5.5090190016680805e-05, 0.00011966036939672179, 0.00020690669077128273, 0.00018603790497901358, 8.23589075190081e-05, 0.000497241482756696, 0.0004323490603884879, 0.0013910617597483938, 0.0022908296104859303] and parameters: {'lag_0': 0.023156442214444718, 'lag_1': 0.9854245326351164, 'lag_2': 0.13816504992307096, 'lag_3': 0.32940294729172376, 'lag_4': 0.11136862881052483, 'lag_5': 0.5797931583205382, 'lag_6': 0.25923321161153723, 'lag_7': 0.9099826374431593, 'lag_8': 0.5544900917659679, 'lag_9': 0.6764280008716816, 'lag_10': 0.07499430505575176, 'lag_11': 0.10972468097997977, 'lag_12': 0.03538717328773881, 'lag_13': 0.33436318976106155, 'lag_14': 0.813996966733369, 'lag_15': 0.16460461000947332, 'lag_16': 0.2737196493905998, 'lag_17': 0.5414166284128922, 'lag_18': 0.11047576750183509, 'lag_19': 0.604520618891713, 'lag_20': 0.0030800338743575562, 'lag_21': 0.8617616258066068, 'lag_22': 0.3736470870036955, 'lag_23': 0.7007496868138143, 'lag_24': 0.41521916008654997, 'lag_25': 0.33572172146856677, 'lag_26': 0.011887466882262058, 'lag_27': 0.9180333790221495, 'lag_28': 0.49924918744413965}.
[I 2025-10-03 11:34:20,059] Trial 73 finished with values: [0.11836734693877551, 0.009049829164141935, 0.0021066830741573797, 0.00743735838699903, 0.0010468074202777417, 0.005268681467067126, 0.003498509710046648, 0.004461900641367927, 0.004446203598097442, 0.001862913664667961, 0.002003799679310216, 0.00026530487732720216, 0.002328339071550283, 0.028339578775630897, 0.0, 0.00048382370313642634, 0.004908703805784783, 0.0015917655515400933, 0.0007475434141604937, 0.0001466824923871733, 6.653197764891857e-05, 0.0002372704004795951, 0.00021795569284672827, 0.00039455013158512693, 0.00018548187927515806, 0.0003209246626211729, 0.00021083006459436765, 0.001771663520568554, 0.00104814039604531] and parameters: {'lag_0': 0.6108520105510031, 'lag_1': 0.18174003844771658, 'lag_2': 0.5202123499035965, 'lag_3': 0.8884817623222148, 'lag_4': 0.7874943877512307, 'lag_5': 0.4285523368837435, 'lag_6': 0.4935308404964754, 'lag_7': 0.3590746262603299, 'lag_8': 0.481304555669798, 'lag_9': 0.32394844158459923, 'lag_10': 0.8097000579599322, 'lag_11': 0.6414887192702518, 'lag_12': 0.32724891791684235, 'lag_13': 0.40919508417889466, 'lag_14': 0.3017881930666985, 'lag_15': 0.010437142773919973, 'lag_16': 0.5325608908022512, 'lag_17': 0.9040922818492918, 'lag_18': 0.9697920434870535, 'lag_19': 0.8389995989387758, 'lag_20': 0.9921663237392809, 'lag_21': 0.4470479853103023, 'lag_22': 0.9137960166919509, 'lag_23': 0.6660615459926706, 'lag_24': 0.34376413272152984, 'lag_25': 0.5514579021724441, 'lag_26': 0.06625602360981937, 'lag_27': 0.5984310046117167, 'lag_28': 0.6302095380821764}.
[I 2025-10-03 11:34:22,675] Trial 74 finished with values: [0.08306377551020408, 0.005343570430043436, 0.0037526869805016502, 0.009963012079294087, 0.00012294082842261673, 0.006574213312432575, 0.002339619488284823, 0.002785800050331908, 0.004802186707742186, 0.0006860176441428975, 0.0011655120021052737, 0.00043939150542236793, 0.0018296997805473266, 0.02385169159108546, 0.0, 0.0007706675593946044, 0.0036679933749889488, 0.0013556395968776567, 0.0008172801851105731, 0.00011350744251494359, 1.8430170220603043e-05, 3.977189701034824e-05, 0.00021867163345427204, 0.0004565991003296156, 3.283137117687699e-05, 0.0006016073098554196, 0.0002623469428123374, 0.0014913482235908286, 0.0021229598599323937] and parameters: {'lag_0': 0.04337248285163942, 'lag_1': 0.7731035030389066, 'lag_2': 0.5987084904059601, 'lag_3': 0.3543866406062565, 'lag_4': 0.021240029476280117, 'lag_5': 0.6311382293148352, 'lag_6': 0.7367064447864602, 'lag_7': 0.221651011338763, 'lag_8': 0.2826843901628048, 'lag_9': 0.6121969132511883, 'lag_10': 0.531586215010192, 'lag_11': 0.36767464483620205, 'lag_12': 0.6368398669612981, 'lag_13': 0.06725631151938695, 'lag_14': 0.6457015332002061, 'lag_15': 0.2460628470306462, 'lag_16': 0.17352113133235694, 'lag_17': 0.24707553066576945, 'lag_18': 0.4375716733220007, 'lag_19': 0.642640543842093, 'lag_20': 0.8867665632922666, 'lag_21': 0.09648722619296102, 'lag_22': 0.75178384352472, 'lag_23': 0.9684847649379273, 'lag_24': 0.3010109672105261, 'lag_25': 0.7716274106279556, 'lag_26': 0.42769206123394266, 'lag_27': 0.13881584717149126, 'lag_28': 0.02751882783134158}.
[I 2025-10-03 11:34:25,290] Trial 75 finished with values: [0.07409464772102135, 0.009930120611180456, 0.004202808605313689, 0.006812522042260743, 0.0009605661415981759, 0.0021784196454715716, 0.0026754189996307737, 0.002041881909894446, 0.003969863669063371, 0.0012144069842959957, 0.0011217381698194703, 0.0007859704360550356, 0.0020240412384148264, 0.026303398895581243, 0.0, 0.0010143616460369972, 0.0034714616185482585, 0.0011614951402296896, 0.0008957690005103287, 0.0002319859627871317, 2.6942085372471144e-05, 0.00016675853101567726, 0.0001446193061621158, 0.0002547650710406678, 4.043604537545278e-05, 0.0007454504442304493, 7.568257925443368e-05, 0.0017859005771747878, 0.001351805591721933] and parameters: {'lag_0': 0.0054667906853899904, 'lag_1': 0.4366195203196894, 'lag_2': 0.4587224703471208, 'lag_3': 0.6359865192418396, 'lag_4': 0.9525884308894857, 'lag_5': 0.22066132237418057, 'lag_6': 0.2368052748039531, 'lag_7': 0.3414426198486762, 'lag_8': 0.8177591374613272, 'lag_9': 0.06693573434215844, 'lag_10': 0.6333114425927312, 'lag_11': 0.004063726757194766, 'lag_12': 0.7943627094895829, 'lag_13': 0.5056180598477067, 'lag_14': 0.8396144615139388, 'lag_15': 0.9734013636702826, 'lag_16': 0.08686761121778036, 'lag_17': 0.029162255668116005, 'lag_18': 0.48335905542080404, 'lag_19': 0.12371146981412316, 'lag_20': 0.11116103974913474, 'lag_21': 0.4908067632385827, 'lag_22': 0.968546507985811, 'lag_23': 0.042820953230466224, 'lag_24': 0.1533880046079648, 'lag_25': 0.8380522162600212, 'lag_26': 0.8391278139565891, 'lag_27': 0.8499884908910498, 'lag_28': 0.17120162958127522}.
[I 2025-10-03 11:34:27,899] Trial 76 finished with values: [0.09589317208364828, 0.0011477753706058947, 0.0015377890164507064, 0.005080597678471315, 0.0005965906722232736, 0.003180132044306322, 0.0046263230425436465, 0.00136006374141705, 0.0032368704551281138, 0.0013484822810419616, 0.0016637496000920782, 0.0005244940434812268, 0.0026474123437375116, 0.026303620772838415, 0.0, 0.000510470802064169, 0.0030761611084323135, 0.0012115584069307386, 0.0008878802034080686, 0.00016712601473460343, 6.929004806674233e-05, 0.0001835009637926502, 0.00019775293682887564, 0.00038731049490461195, 6.742272231516813e-05, 0.00034275774189169766, 0.0001245908621664644, 0.0009381357576207413, 0.0008186827653015512] and parameters: {'lag_0': 0.4930482034670497, 'lag_1': 0.5337556997634912, 'lag_2': 0.7575960566971981, 'lag_3': 0.674504846352534, 'lag_4': 0.5827702988206731, 'lag_5': 0.30628383899811545, 'lag_6': 0.5874763103632524, 'lag_7': 0.35405208018660017, 'lag_8': 0.09038656740540632, 'lag_9': 0.767864763570515, 'lag_10': 0.04957875129989382, 'lag_11': 0.7229195715636108, 'lag_12': 0.335488936683812, 'lag_13': 0.9048673933211625, 'lag_14': 0.7730724781954434, 'lag_15': 0.00242383917265884, 'lag_16': 0.08065637598049645, 'lag_17': 0.8864833087095437, 'lag_18': 0.9566186532351172, 'lag_19': 0.17274789866139592, 'lag_20': 0.8012551027528292, 'lag_21': 0.7252581769776194, 'lag_22': 0.17937358199736922, 'lag_23': 0.5248500508728433, 'lag_24': 0.8852573916747184, 'lag_25': 0.2565896734465244, 'lag_26': 0.35794856317296364, 'lag_27': 0.7571576165166175, 'lag_28': 0.2631995364383553}.
