[I 2025-09-29 12:53:41,081] Trial 82 finished with value: 0.007201314608628534 and parameters: {'lag_0': 0.4994069791724334, 'lag_1': 0.7616440453262281, 'lag_2': 0.19395382479704154, 'lag_3': 0.06268262538828837, 'lag_4': 0.5548034396854687, 'lag_5': 0.9476897089559126, 'lag_6': 0.3427527197082881, 'lag_7': 0.3114125590400416, 'lag_8': 0.24536289823189486, 'lag_9': 0.15714773886196287, 'lag_10': 0.4532510245509835, 'lag_11': 0.2868668199165173, 'lag_12': 0.9998941609150604, 'lag_13': 0.6681609366426025, 'lag_14': 0.0538348122832526, 'lag_15': 0.4751450081418118, 'lag_16': 0.63825738263048, 'lag_17': 0.17709357910734136, 'lag_18': 0.8572458619879353, 'lag_19': 0.6836073968737406, 'lag_20': 0.27871605666405, 'lag_21': 0.6556770383931677, 'lag_22': 0.20732710662764903, 'lag_23': 0.3409542373153669, 'lag_24': 0.36726204025858045, 'lag_25': 0.5658241543015838, 'lag_26': 0.5290276070921844, 'lag_27': 0.8285261464104846, 'lag_28': 0.23301608554201278}. Best is trial 34 with value: 0.0053505542652776536.
[I 2025-09-29 12:53:43,579] Trial 83 finished with value: 0.006657146301937039 and parameters: {'lag_0': 0.40810055741719503, 'lag_1': 0.7045791850452771, 'lag_2': 0.29426236628868274, 'lag_3': 0.11698459100525252, 'lag_4': 0.5794282676171147, 'lag_5': 0.8710926287120357, 'lag_6': 0.4777140134104577, 'lag_7': 0.47642885554293535, 'lag_8': 0.3070702939468787, 'lag_9': 0.09100043699299405, 'lag_10': 0.5320950985876998, 'lag_11': 0.4686616012064511, 'lag_12': 0.9374093756715535, 'lag_13': 0.3165171738793739, 'lag_14': 0.15683954312054205, 'lag_15': 0.41862052333890953, 'lag_16': 0.4949082008997494, 'lag_17': 0.12375275345924308, 'lag_18': 0.94703742298653, 'lag_19': 0.5813844337511525, 'lag_20': 0.8336887731433765, 'lag_21': 0.49414551290441444, 'lag_22': 0.2957361649107888, 'lag_23': 0.7519161694676062, 'lag_24': 0.4226319125303961, 'lag_25': 0.6094208958603547, 'lag_26': 0.46921774986975073, 'lag_27': 0.8645393163020543, 'lag_28': 0.35010748386996277}. Best is trial 34 with value: 0.0053505542652776536.
[I 2025-09-29 12:53:46,076] Trial 84 finished with value: 0.0073782549435751545 and parameters: {'lag_0': 0.30837887098516026, 'lag_1': 0.9069552225828269, 'lag_2': 0.14264459823667874, 'lag_3': 0.02126175765966127, 'lag_4': 0.81279870148476, 'lag_5': 0.9941899624063059, 'lag_6': 0.6111050704458179, 'lag_7': 0.2663758930246688, 'lag_8': 0.6958212778591745, 'lag_9': 0.2764626776769667, 'lag_10': 0.589007155263235, 'lag_11': 0.7422076509514208, 'lag_12': 0.7849502475887814, 'lag_13': 0.7982778556433361, 'lag_14': 0.12358368011604412, 'lag_15': 0.5323372388275489, 'lag_16': 0.9061841692501614, 'lag_17': 0.24270108860008222, 'lag_18': 0.9818502528079011, 'lag_19': 0.7982720959482461, 'lag_20': 0.3757230631181063, 'lag_21': 0.449507313189505, 'lag_22': 0.4357722940003648, 'lag_23': 0.5315866035902064, 'lag_24': 0.40056450980859126, 'lag_25': 0.648058824327183, 'lag_26': 0.3628588932785056, 'lag_27': 0.999156965152598, 'lag_28': 0.28916526820267896}. Best is trial 34 with value: 0.0053505542652776536.
[I 2025-09-29 12:53:48,573] Trial 85 finished with value: 0.007334529946653201 and parameters: {'lag_0': 0.4591815999149618, 'lag_1': 0.529801368276344, 'lag_2': 0.20684012809438979, 'lag_3': 0.5858662584278931, 'lag_4': 0.9321484266951641, 'lag_5': 0.8461120365700159, 'lag_6': 0.6470267299620982, 'lag_7': 0.37527714987321886, 'lag_8': 0.7928024867706206, 'lag_9': 0.24704845894526947, 'lag_10': 0.4723151588488051, 'lag_11': 0.24724646050694016, 'lag_12': 0.4189324085879134, 'lag_13': 0.5942777363389177, 'lag_14': 0.28650044051309176, 'lag_15': 0.38016532765045563, 'lag_16': 0.6688748129734762, 'lag_17': 0.047926526827487506, 'lag_18': 0.8958559952393947, 'lag_19': 0.5391529937597555, 'lag_20': 0.19313097501617546, 'lag_21': 0.3011286570927142, 'lag_22': 0.25298992464372244, 'lag_23': 0.7881952359153578, 'lag_24': 0.4856185185687362, 'lag_25': 0.46357738220665895, 'lag_26': 0.27250270424682677, 'lag_27': 0.5797352794835615, 'lag_28': 0.17122146999804072}. Best is trial 34 with value: 0.0053505542652776536.
[I 2025-09-29 12:53:51,068] Trial 86 finished with value: 0.007410746134832856 and parameters: {'lag_0': 0.36090831470629003, 'lag_1': 0.6247302178993556, 'lag_2': 0.16463560554494164, 'lag_3': 0.6428055628887643, 'lag_4': 0.6303224199202685, 'lag_5': 0.9218483860346587, 'lag_6': 0.19202810770712048, 'lag_7': 0.3452156653529448, 'lag_8': 0.3429536187886917, 'lag_9': 0.28992324982109163, 'lag_10': 0.33853427787395163, 'lag_11': 0.9886401550842929, 'lag_12': 0.9747920150081649, 'lag_13': 0.3611042562146647, 'lag_14': 0.5726034344979795, 'lag_15': 0.4903366308759317, 'lag_16': 0.7473363969202542, 'lag_17': 0.8178295676791992, 'lag_18': 0.7852601838274572, 'lag_19': 0.6117728212354495, 'lag_20': 0.3369990469639758, 'lag_21': 0.9323813232200456, 'lag_22': 0.39551960475208575, 'lag_23': 0.6084795814649143, 'lag_24': 0.3451020173984063, 'lag_25': 0.02303712903993571, 'lag_26': 0.3995892148946493, 'lag_27': 0.5124372738133778, 'lag_28': 0.12898299644081937}. Best is trial 34 with value: 0.0053505542652776536.
[I 2025-09-29 12:53:53,565] Trial 87 finished with value: 0.006708389702429271 and parameters: {'lag_0': 0.9715638524601704, 'lag_1': 0.8436330405130459, 'lag_2': 0.27055853449952944, 'lag_3': 0.18342949443664058, 'lag_4': 0.46157639861717725, 'lag_5': 0.8158154702607526, 'lag_6': 0.5742557861926555, 'lag_7': 0.4128423359888832, 'lag_8': 0.08195966464834395, 'lag_9': 0.21494998115707448, 'lag_10': 0.5235370414437863, 'lag_11': 0.4203909094363079, 'lag_12': 0.8165641897664926, 'lag_13': 0.4729244072904878, 'lag_14': 0.48071593355060566, 'lag_15': 0.5700937820898125, 'lag_16': 0.2390579731627283, 'lag_17': 0.17286671065922654, 'lag_18': 0.8757129739526016, 'lag_19': 0.4821622215178406, 'lag_20': 0.6504145768846631, 'lag_21': 0.7890303056897653, 'lag_22': 0.18452711602663507, 'lag_23': 0.8432221713574805, 'lag_24': 0.5183579945982304, 'lag_25': 0.7067027645442672, 'lag_26': 0.6304114993087384, 'lag_27': 0.9178564517185752, 'lag_28': 0.23997766270573456}. Best is trial 34 with value: 0.0053505542652776536.
[I 2025-09-29 12:53:56,064] Trial 88 finished with value: 0.006268747965666388 and parameters: {'lag_0': 0.9060972845163697, 'lag_1': 0.9374649577236402, 'lag_2': 0.055153903813021404, 'lag_3': 0.08706189554768062, 'lag_4': 0.7546495715644177, 'lag_5': 0.41963295557973584, 'lag_6': 0.6811399990258241, 'lag_7': 0.24756076352113748, 'lag_8': 0.2813392619126074, 'lag_9': 0.09235957799601785, 'lag_10': 0.5656933622750112, 'lag_11': 0.10126890104659378, 'lag_12': 0.9627230047908908, 'lag_13': 0.6906483907461454, 'lag_14': 0.9190576981842126, 'lag_15': 0.34249651172286344, 'lag_16': 0.5575052628863819, 'lag_17': 0.27905954528671184, 'lag_18': 0.8517923412990146, 'lag_19': 0.8887143206002004, 'lag_20': 0.4274854017637865, 'lag_21': 0.49987038387682614, 'lag_22': 0.33556963626751596, 'lag_23': 0.6875330151548633, 'lag_24': 0.22352542011863152, 'lag_25': 0.5468362461243927, 'lag_26': 0.594883597691462, 'lag_27': 0.8493902020424543, 'lag_28': 0.49307986119380753}. Best is trial 34 with value: 0.0053505542652776536.
[I 2025-09-29 12:53:58,560] Trial 89 finished with value: 0.006189975028090979 and parameters: {'lag_0': 0.9268612402680368, 'lag_1': 0.5916234744140141, 'lag_2': 0.02139316672264211, 'lag_3': 0.00037063465699690296, 'lag_4': 0.5933569409084278, 'lag_5': 0.5578710169950839, 'lag_6': 0.43427738793678405, 'lag_7': 0.11372514330387588, 'lag_8': 0.38163837504374865, 'lag_9': 0.47162808441472803, 'lag_10': 0.9967092363180907, 'lag_11': 0.5179527442076705, 'lag_12': 0.8929708437785381, 'lag_13': 0.2659916612957942, 'lag_14': 0.6472870783932216, 'lag_15': 0.44341363376333764, 'lag_16': 0.9644993667914733, 'lag_17': 0.11767990424734144, 'lag_18': 0.9194536816166807, 'lag_19': 0.7658364270603087, 'lag_20': 0.6994585925099954, 'lag_21': 0.9892108827222917, 'lag_22': 0.22225391428054256, 'lag_23': 0.4417742765302273, 'lag_24': 0.46292284961488733, 'lag_25': 0.4203685084895547, 'lag_26': 0.30500331897345523, 'lag_27': 0.2202265992599913, 'lag_28': 0.21130418670459852}. Best is trial 34 with value: 0.0053505542652776536.
[I 2025-09-29 12:54:01,057] Trial 90 finished with value: 0.005813622388377434 and parameters: {'lag_0': 0.5100136538875685, 'lag_1': 0.9725900886620207, 'lag_2': 0.23860631295075063, 'lag_3': 0.4651214767162588, 'lag_4': 0.5185995191509112, 'lag_5': 0.8833106331198098, 'lag_6': 0.5319039852952893, 'lag_7': 0.495679871140467, 'lag_8': 0.642993685812277, 'lag_9': 0.390820915223556, 'lag_10': 0.6018819729568977, 'lag_11': 0.3299153777079036, 'lag_12': 0.8574906375031994, 'lag_13': 0.38502330334267465, 'lag_14': 0.772424318229626, 'lag_15': 0.22120132011312593, 'lag_16': 0.7791879265897523, 'lag_17': 0.9032053148546145, 'lag_18': 0.8306157410116934, 'lag_19': 0.8387782917327776, 'lag_20': 0.23410360822990722, 'lag_21': 0.26908695357443024, 'lag_22': 0.12272427604159696, 'lag_23': 0.6589405305295, 'lag_24': 0.3097707271691854, 'lag_25': 0.8892882042063684, 'lag_26': 0.45437070671973345, 'lag_27': 0.8080362318861236, 'lag_28': 0.2770562652318562}. Best is trial 34 with value: 0.0053505542652776536.
[I 2025-09-29 12:54:03,551] Trial 91 finished with value: 0.006871544613388625 and parameters: {'lag_0': 0.5315017831990154, 'lag_1': 0.9685702046978603, 'lag_2': 0.22853848011065622, 'lag_3': 0.15433175222745077, 'lag_4': 0.5211982353065735, 'lag_5': 0.8798726653206465, 'lag_6': 0.53898243784586, 'lag_7': 0.4893130555451903, 'lag_8': 0.6164082957620843, 'lag_9': 0.4075744096665316, 'lag_10': 0.6110901216160148, 'lag_11': 0.35467208813669693, 'lag_12': 0.8636156746777958, 'lag_13': 0.4369941629729025, 'lag_14': 0.7912042933590555, 'lag_15': 0.21683861383130557, 'lag_16': 0.8040141744770737, 'lag_17': 0.9059022833851967, 'lag_18': 0.8277268778075549, 'lag_19': 0.8397498918985006, 'lag_20': 0.2316468501003482, 'lag_21': 0.26347365862230115, 'lag_22': 0.07706004602070735, 'lag_23': 0.6514895432622232, 'lag_24': 0.31422751037920066, 'lag_25': 0.9323844653784873, 'lag_26': 0.4493026438897986, 'lag_27': 0.8792040273541868, 'lag_28': 0.335831855310931}. Best is trial 34 with value: 0.0053505542652776536.
[I 2025-09-29 12:54:06,047] Trial 92 finished with value: 0.007165737663063616 and parameters: {'lag_0': 0.37475827170656195, 'lag_1': 0.9041809808447503, 'lag_2': 0.23637253192405983, 'lag_3': 0.45698135279529645, 'lag_4': 0.49270027847321934, 'lag_5': 0.9302511504651745, 'lag_6': 0.39304219082608166, 'lag_7': 0.45623872039625346, 'lag_8': 0.5717918965607787, 'lag_9': 0.34227095353119275, 'lag_10': 0.5438572693291496, 'lag_11': 0.18540076505387462, 'lag_12': 0.9205663909968714, 'lag_13': 0.3807351141218399, 'lag_14': 0.761246998330308, 'lag_15': 0.25131808532008837, 'lag_16': 0.7734670165702765, 'lag_17': 0.9358848688048607, 'lag_18': 0.9666982232358711, 'lag_19': 0.6672298504021336, 'lag_20': 0.24874908073729568, 'lag_21': 0.341857378891055, 'lag_22': 0.16679627862927388, 'lag_23': 0.569086561635386, 'lag_24': 0.3770898118906248, 'lag_25': 0.8529663151288781, 'lag_26': 0.382464615064188, 'lag_27': 0.9658145255142945, 'lag_28': 0.27774703835513415}. Best is trial 34 with value: 0.0053505542652776536.
[I 2025-09-29 12:54:08,543] Trial 93 finished with value: 0.006625270443933214 and parameters: {'lag_0': 0.5925713044822603, 'lag_1': 0.9984015575773787, 'lag_2': 0.31804765730821655, 'lag_3': 0.5486810588666646, 'lag_4': 0.6651777471774871, 'lag_5': 0.9529286164833082, 'lag_6': 0.46902642330822514, 'lag_7': 0.5166537418442211, 'lag_8': 0.6519736943171107, 'lag_9': 0.1363409855601001, 'lag_10': 0.48708242436936855, 'lag_11': 0.3223292413326488, 'lag_12': 0.7721857347294053, 'lag_13': 0.3981727884957413, 'lag_14': 0.8244564421804507, 'lag_15': 0.24097174913762986, 'lag_16': 0.7415154430937384, 'lag_17': 0.007920737100536285, 'lag_18': 0.9972341426080374, 'lag_19': 0.9153305124450015, 'lag_20': 0.28358163028774797, 'lag_21': 0.223184611509972, 'lag_22': 0.1351920941701431, 'lag_23': 0.7184566069892371, 'lag_24': 0.4277710286250719, 'lag_25': 0.9523556342702924, 'lag_26': 0.4883091763738789, 'lag_27': 0.8081756764162316, 'lag_28': 0.37235063705769583}. Best is trial 34 with value: 0.0053505542652776536.
[I 2025-09-29 12:54:11,034] Trial 94 finished with value: 0.006115477884360175 and parameters: {'lag_0': 0.43650431067396933, 'lag_1': 0.9544902347526656, 'lag_2': 0.09231584735622211, 'lag_3': 0.5068993644097158, 'lag_4': 0.4335005698083302, 'lag_5': 0.9002927977695093, 'lag_6': 0.6135721207269496, 'lag_7': 0.3939453885349522, 'lag_8': 0.8500663202984386, 'lag_9': 0.3810005678068076, 'lag_10': 0.5777897923800323, 'lag_11': 0.2687025662172917, 'lag_12': 0.7131509537497677, 'lag_13': 0.2905697026193833, 'lag_14': 0.8638891435083993, 'lag_15': 0.28563691302834604, 'lag_16': 0.6966961457531703, 'lag_17': 0.8729574629454633, 'lag_18': 0.7997949263637553, 'lag_19': 0.7167501389183222, 'lag_20': 0.20835594489839662, 'lag_21': 0.2799064680419947, 'lag_22': 0.27759084603937223, 'lag_23': 0.6914214565581185, 'lag_24': 0.2940557166711873, 'lag_25': 0.8235900067280222, 'lag_26': 0.4315815229847749, 'lag_27': 0.11473418527361873, 'lag_28': 0.30124300009943805}. Best is trial 34 with value: 0.0053505542652776536.
[I 2025-09-29 12:54:13,530] Trial 95 finished with value: 0.006822897658793231 and parameters: {'lag_0': 0.2069948210031493, 'lag_1': 0.8144738446008277, 'lag_2': 0.2035805864397031, 'lag_3': 0.05344063665274243, 'lag_4': 0.5548323249529197, 'lag_5': 0.9576758231903983, 'lag_6': 0.5130302958569504, 'lag_7': 0.5400121685715221, 'lag_8': 0.9065828686805913, 'lag_9': 0.3054733062914756, 'lag_10': 0.6437088622595033, 'lag_11': 0.39341017549658025, 'lag_12': 0.8328184006584904, 'lag_13': 0.34674060599174605, 'lag_14': 0.0001989931123816957, 'lag_15': 0.6258965504686791, 'lag_16': 0.8229009145505374, 'lag_17': 0.8364690336675853, 'lag_18': 0.8390965119291312, 'lag_19': 0.8103252755016812, 'lag_20': 0.16607379345711615, 'lag_21': 0.16606087206612957, 'lag_22': 0.12480650036144808, 'lag_23': 0.7598808156593883, 'lag_24': 0.25881351034238437, 'lag_25': 0.8940915902963072, 'lag_26': 0.5316159178139358, 'lag_27': 0.47619912086787275, 'lag_28': 0.24559722495679842}. Best is trial 34 with value: 0.0053505542652776536.
[I 2025-09-29 12:54:16,041] Trial 96 finished with value: 0.006597264137123401 and parameters: {'lag_0': 0.9422164532107781, 'lag_1': 0.5065278941219129, 'lag_2': 0.13344013334721364, 'lag_3': 0.42158527169044213, 'lag_4': 0.6999459312749778, 'lag_5': 0.6502818675303557, 'lag_6': 0.36250233190426995, 'lag_7': 0.29520311051582854, 'lag_8': 0.5284818992931448, 'lag_9': 0.4176066108165146, 'lag_10': 0.5977868790605154, 'lag_11': 0.8232269434655861, 'lag_12': 0.8747850766826513, 'lag_13': 0.46657372263512287, 'lag_14': 0.9714487267441181, 'lag_15': 0.5012411698333169, 'lag_16': 0.4685009761764458, 'lag_17': 0.8978391971761195, 'lag_18': 0.766358247088334, 'lag_19': 0.9665411153471983, 'lag_20': 0.34172911862856226, 'lag_21': 0.3733278052703401, 'lag_22': 0.2557983581203725, 'lag_23': 0.8973128692275381, 'lag_24': 0.34523293067538746, 'lag_25': 0.8804005258849359, 'lag_26': 0.564707455505584, 'lag_27': 0.6686910165752198, 'lag_28': 0.3940176819806843}. Best is trial 34 with value: 0.0053505542652776536.
[I 2025-09-29 12:54:18,540] Trial 97 finished with value: 0.007461444779891237 and parameters: {'lag_0': 0.49711861203012064, 'lag_1': 0.6465800711748841, 'lag_2': 0.17009257867246957, 'lag_3': 0.8486082445886386, 'lag_4': 0.3116062963824862, 'lag_5': 0.7360218994321642, 'lag_6': 0.5514966094788896, 'lag_7': 0.42371310896280995, 'lag_8': 0.7158758700864034, 'lag_9': 0.1769902048525418, 'lag_10': 0.6968287727930454, 'lag_11': 0.2943219892868544, 'lag_12': 0.9316804951227311, 'lag_13': 0.5441785441699216, 'lag_14': 0.06048825624575155, 'lag_15': 0.1584369338835439, 'lag_16': 0.934766544604775, 'lag_17': 0.4839556339197719, 'lag_18': 0.8924813228841614, 'lag_19': 0.6317652793184866, 'lag_20': 0.4544898327960901, 'lag_21': 0.043549586783883217, 'lag_22': 0.2991908337563421, 'lag_23': 0.6266837658072063, 'lag_24': 0.3292199616037697, 'lag_25': 0.7884612813295248, 'lag_26': 0.4183309095156212, 'lag_27': 0.5296473357780603, 'lag_28': 0.18925610851994973}. Best is trial 34 with value: 0.0053505542652776536.
[I 2025-09-29 12:54:21,041] Trial 98 finished with value: 0.006593762377299939 and parameters: {'lag_0': 0.3186522719837043, 'lag_1': 0.8900435768514421, 'lag_2': 0.2722330010733498, 'lag_3': 0.3926823299166509, 'lag_4': 0.5819463146415242, 'lag_5': 0.7979437395187233, 'lag_6': 0.3164871739874782, 'lag_7': 0.352865795418942, 'lag_8': 0.22508183250614683, 'lag_9': 0.7460113678679641, 'lag_10': 0.4326424705230562, 'lag_11': 0.4477450546136041, 'lag_12': 0.6377041758118067, 'lag_13': 0.5728747404100664, 'lag_14': 0.7770196165501809, 'lag_15': 0.30348693641098157, 'lag_16': 0.6458400999693394, 'lag_17': 0.965054927263885, 'lag_18': 0.923775893229179, 'lag_19': 0.5953833898986286, 'lag_20': 0.48714244036050536, 'lag_21': 0.42867482079368047, 'lag_22': 0.014584647584016064, 'lag_23': 0.5528234456388825, 'lag_24': 0.9979071101174148, 'lag_25': 0.450432901305883, 'lag_26': 0.46799667259847855, 'lag_27': 0.4410283519559312, 'lag_28': 0.43358063013793097}. Best is trial 34 with value: 0.0053505542652776536.
[I 2025-09-29 12:54:23,536] Trial 99 finished with value: 0.006708689751712721 and parameters: {'lag_0': 0.6916811210765488, 'lag_1': 0.9247782165628912, 'lag_2': 0.07584829895260722, 'lag_3': 0.13761313334385872, 'lag_4': 0.4000912816150912, 'lag_5': 0.6197426749183179, 'lag_6': 0.23018233366602492, 'lag_7': 0.23100559424252937, 'lag_8': 0.42440600763198977, 'lag_9': 0.23694654882425828, 'lag_10': 0.37730939753414344, 'lag_11': 0.8983014275798563, 'lag_12': 0.807584267104208, 'lag_13': 0.3348132341872609, 'lag_14': 0.708649729737677, 'lag_15': 0.20356065768112924, 'lag_16': 0.8481231218260448, 'lag_17': 0.7453375443987416, 'lag_18': 0.6204227644429364, 'lag_19': 0.7827627548952123, 'lag_20': 0.8894390818865022, 'lag_21': 0.8287758495649247, 'lag_22': 0.2151276534604331, 'lag_23': 0.6006203985308255, 'lag_24': 0.4082509060278674, 'lag_25': 0.6415953408660069, 'lag_26': 0.3396607297891142, 'lag_27': 0.6912212552894177, 'lag_28': 0.14457251369088614}. Best is trial 34 with value: 0.0053505542652776536.
[I 2025-09-29 12:54:23,550] A new study created in memory with name: no-name-d94d4b3f-caba-463a-953c-f159fe713a14
[I 2025-09-29 12:54:26,024] Trial 0 finished with value: 0.005638486031872834 and parameters: {'lag_0': 0.6477453032849272, 'lag_1': 0.17213715665712784, 'lag_2': 0.07332469982521526, 'lag_3': 0.7578728171492043, 'lag_4': 0.015297287661581907, 'lag_5': 0.8934723066775717, 'lag_6': 0.2664332144222978, 'lag_7': 0.4383253737069537, 'lag_8': 0.08731106566942702, 'lag_9': 0.18367835014201728, 'lag_10': 0.19603348807761728, 'lag_11': 0.7200047453010103, 'lag_12': 0.8761551046923923, 'lag_13': 0.9717226647928185, 'lag_14': 0.2844131232096581, 'lag_15': 0.08081302015501769, 'lag_16': 0.04717076707793333, 'lag_17': 0.8217530183852435, 'lag_18': 0.8618421326358408, 'lag_19': 0.8494696082396465, 'lag_20': 0.961001498591227, 'lag_21': 0.32627689073563665, 'lag_22': 0.5453344650372466, 'lag_23': 0.5402443116662005, 'lag_24': 0.4214456737360047, 'lag_25': 0.668329104775096, 'lag_26': 0.6071281762214942, 'lag_27': 0.8002883492431182, 'lag_28': 0.8797530214279826}. Best is trial 0 with value: 0.005638486031872834.
[I 2025-09-29 12:54:28,490] Trial 1 finished with value: 0.0069776033242327975 and parameters: {'lag_0': 0.3050493065060832, 'lag_1': 0.5282108110925611, 'lag_2': 0.18721879908361205, 'lag_3': 0.4481897722554151, 'lag_4': 0.307197423499388, 'lag_5': 0.5588737387581643, 'lag_6': 0.09580567047592595, 'lag_7': 0.08390007084875202, 'lag_8': 0.7701722578067951, 'lag_9': 0.6017435567773901, 'lag_10': 0.9014777924346465, 'lag_11': 0.8741105685543236, 'lag_12': 0.4669493388736495, 'lag_13': 0.6923351362109348, 'lag_14': 0.10725959706101242, 'lag_15': 0.012040408915339671, 'lag_16': 0.8408490245160819, 'lag_17': 0.9865576352425031, 'lag_18': 0.9438187005216139, 'lag_19': 0.44863209753289035, 'lag_20': 0.32975022472286064, 'lag_21': 0.7220387212938625, 'lag_22': 0.21837228280337462, 'lag_23': 0.5340290003017045, 'lag_24': 0.9927579103194437, 'lag_25': 0.6107373415575097, 'lag_26': 0.5617917759461355, 'lag_27': 0.9733437982352362, 'lag_28': 0.04291611160732744}. Best is trial 0 with value: 0.005638486031872834.
[I 2025-09-29 12:54:30,959] Trial 2 finished with value: 0.005755039772344673 and parameters: {'lag_0': 0.7861747264283981, 'lag_1': 0.5466995823383652, 'lag_2': 0.03481055210376265, 'lag_3': 0.005172803260375579, 'lag_4': 0.18876185697695372, 'lag_5': 0.060751490155159446, 'lag_6': 0.32801736825107797, 'lag_7': 0.09998818073734642, 'lag_8': 0.19425178261725834, 'lag_9': 0.7313131699124077, 'lag_10': 0.7264488409779729, 'lag_11': 0.18416365645647903, 'lag_12': 0.1645777775210599, 'lag_13': 0.6128914534785771, 'lag_14': 0.7936731009636937, 'lag_15': 0.8054602248269143, 'lag_16': 0.7426297693001098, 'lag_17': 0.37145415593217873, 'lag_18': 0.014299643095965153, 'lag_19': 0.2034209279424043, 'lag_20': 0.7650053718125821, 'lag_21': 0.023942522750737407, 'lag_22': 0.028199966169619138, 'lag_23': 0.019606459566561967, 'lag_24': 0.7286615486753003, 'lag_25': 0.35892137531289475, 'lag_26': 0.09749569376003982, 'lag_27': 0.7962950066886887, 'lag_28': 0.834153486360752}. Best is trial 0 with value: 0.005638486031872834.
