[I 2025-10-03 11:32:49,066] Trial 38 finished with values: [0.01992653810835629, 0.001565481177108839, 0.005012450407940615, 0.0003833879571520947, 0.0003289019032950061, 0.004849444390738859, 0.0007429643060532417, 0.004342017378185664, 0.0004304648427124368, 0.00031036895234961946, 0.00022082927505986412, 0.00022919191042432372, 0.026806971620510506, 0.004059979174155155, 0.0, 0.08540904610089749, 0.0021656630827912985, 0.0005952925759504224, 0.010195848305394183, 0.007776194106770341, 0.01720015290352924, 0.0012295098918255003, 0.0005032375994386913, 9.700380155837225e-05, 0.015827590330958586, 0.00041302094078099336, 0.0009568742425745695, 0.0010050589787330435, 0.0008924631523266828] and parameters: {'lag_0': 0.12195015807409122, 'lag_1': 0.803984282893221, 'lag_2': 0.48454134607993826, 'lag_3': 0.990760165712361, 'lag_4': 0.9472009225979463, 'lag_5': 0.013350481190616931, 'lag_6': 0.30190066920979625, 'lag_7': 0.31496980687123854, 'lag_8': 0.011631491055265576, 'lag_9': 0.40707685453563924, 'lag_10': 0.4253008734344453, 'lag_11': 0.11168945307180961, 'lag_12': 0.49175151056615307, 'lag_13': 0.44014808599297683, 'lag_14': 0.015717134330276078, 'lag_15': 0.33422234707989434, 'lag_16': 0.6031201511947168, 'lag_17': 0.3077847169285715, 'lag_18': 0.22563448963277585, 'lag_19': 0.5418973950884582, 'lag_20': 0.9513169626778826, 'lag_21': 0.259819839784609, 'lag_22': 0.9906151776901956, 'lag_23': 0.8231682184918835, 'lag_24': 0.4886898963270122, 'lag_25': 0.46538877490242797, 'lag_26': 0.6204703815967126, 'lag_27': 0.23849508317340254, 'lag_28': 0.09898189496921714}.
[I 2025-10-03 11:32:51,729] Trial 39 finished with values: [0.02649219467401286, 0.0057128608120320615, 0.002793552010177367, 0.002887120598482667, 0.0008159736948062269, 0.00343711596629441, 0.0004779589142977827, 0.004149724880120396, 0.001508170168475554, 0.0001715354178072872, 0.0002947538511795285, 0.0004109894715353075, 0.026412531982391962, 0.0032582095962848737, 0.0, 0.08032867933669319, 0.0023167124650947204, 0.0005800975266563926, 0.010006279435376445, 0.00728929745485672, 0.017175486007724793, 0.0011844605487023145, 0.000621306349965818, 4.764604538673315e-05, 0.015218080693854713, 0.0005666130664224025, 0.0009845121814313384, 0.0015338353778621232, 0.0013675655289307248] and parameters: {'lag_0': 0.47124564940743996, 'lag_1': 0.7937780911520108, 'lag_2': 0.002844458166313052, 'lag_3': 0.6130644617497764, 'lag_4': 0.32573710051063404, 'lag_5': 0.6393044025116255, 'lag_6': 0.8562645815899705, 'lag_7': 0.6324176117883795, 'lag_8': 0.2712284247904171, 'lag_9': 0.31945509866526817, 'lag_10': 0.6966856661892372, 'lag_11': 0.2786732855349119, 'lag_12': 0.12189106180813103, 'lag_13': 0.35499786534155675, 'lag_14': 0.23362310289106006, 'lag_15': 0.4044729735412967, 'lag_16': 0.6022556946075039, 'lag_17': 0.27455250015580923, 'lag_18': 0.8428415507760529, 'lag_19': 0.5814119023638483, 'lag_20': 0.22569131237106005, 'lag_21': 0.38733060317517326, 'lag_22': 0.8473920369803248, 'lag_23': 0.8257866489215115, 'lag_24': 0.45057171988365957, 'lag_25': 0.31444733070856173, 'lag_26': 0.8272636724544628, 'lag_27': 0.6381998861013367, 'lag_28': 0.9360177698528145}.
[I 2025-10-03 11:32:54,388] Trial 40 finished with values: [0.03305785123966942, 0.002062839566387007, 0.0008123767859922963, 0.0003309092361696969, 0.0007926608636142729, 0.0042799159996413805, 0.0006707301444927059, 0.0028681163462641024, 0.00038480018893063343, 0.0005390408384592357, 0.0002279731577571107, 0.00023132949569571316, 0.02550420028070745, 0.0026396326757783185, 0.0, 0.0808115056745422, 0.0029564726483561204, 0.000336072190342657, 0.009437757178366743, 0.007850300385758523, 0.01696738657168368, 0.0016107197164573518, 0.000424546606077302, 9.172371635877219e-05, 0.01529717306835116, 0.0004823204786796229, 0.0009917210666905904, 0.0012446873679310294, 0.0018978166661593597] and parameters: {'lag_0': 0.48246131357625477, 'lag_1': 0.21478691332330999, 'lag_2': 0.16797686509061358, 'lag_3': 0.21559259915196544, 'lag_4': 0.9943826981784615, 'lag_5': 0.22648294193445784, 'lag_6': 0.6151820561788016, 'lag_7': 0.8525853556103056, 'lag_8': 0.9725563737816202, 'lag_9': 0.05925145231700481, 'lag_10': 0.6201377254867695, 'lag_11': 0.5642517819761472, 'lag_12': 0.9359426964472846, 'lag_13': 0.1243788153801914, 'lag_14': 0.757713545517239, 'lag_15': 0.13098934736096893, 'lag_16': 0.0688791825961506, 'lag_17': 0.017544982142313464, 'lag_18': 0.8176243118942004, 'lag_19': 0.32343744869538854, 'lag_20': 0.38497841163001995, 'lag_21': 0.1318015436286161, 'lag_22': 0.10526708778485296, 'lag_23': 0.0753159217495262, 'lag_24': 0.5608672170808092, 'lag_25': 0.8591033902513331, 'lag_26': 0.5695931090482679, 'lag_27': 0.3977964530751811, 'lag_28': 0.0058913763607663224}.
[I 2025-10-03 11:32:57,048] Trial 41 finished with values: [0.02651239669421488, 0.00039891255860118236, 0.003321325681567712, 0.0008336275335498258, 0.000752897290289303, 0.004332914246356234, 0.00023902281103799534, 0.004341011656288833, 0.0005466405790610187, 0.00040849186898297036, 0.00016760109259314254, 0.00019928722646666243, 0.025303992923486375, 0.003840673148203804, 0.0, 0.07577266640557342, 0.0023463816686848274, 0.00037835153316406956, 0.009348271755062879, 0.007558216348740106, 0.01710265405328592, 0.0010613879785860204, 0.0007995625198480751, 0.00016985065996743724, 0.014607148421870164, 0.0005690822238857882, 0.0012673521841988036, 0.0005920938528401228, 0.001898669670672861] and parameters: {'lag_0': 0.888600467813753, 'lag_1': 0.8993030303894604, 'lag_2': 0.390108088622463, 'lag_3': 0.32219346177628916, 'lag_4': 0.7257997988447101, 'lag_5': 0.17007813179287168, 'lag_6': 0.907895683389789, 'lag_7': 0.9827718818203879, 'lag_8': 0.05000931879369059, 'lag_9': 0.4605200938748799, 'lag_10': 0.5803198016728104, 'lag_11': 0.5492174635820749, 'lag_12': 0.8998571233845586, 'lag_13': 0.6551960909067401, 'lag_14': 0.26597422479767047, 'lag_15': 0.41433316658030644, 'lag_16': 0.1065861467019453, 'lag_17': 0.6202252217572218, 'lag_18': 0.4165326893997335, 'lag_19': 0.2726896872420651, 'lag_20': 0.5383276276135808, 'lag_21': 0.41390882074549856, 'lag_22': 0.9431718604994632, 'lag_23': 0.3907193517287137, 'lag_24': 0.8786834802477791, 'lag_25': 0.49965803902267664, 'lag_26': 0.775646052616436, 'lag_27': 0.4073103094941304, 'lag_28': 0.35063954342326864}.
[I 2025-10-03 11:32:59,707] Trial 42 finished with values: [0.026749873503120258, 0.004075723883994305, 0.0034593690679700618, 0.0012266238581429962, 0.0015136127647665438, 0.003578916766547195, 0.00014898796055495706, 0.00445285488437764, 0.000373134272510453, 0.0003774252597684471, 0.00026779306240638264, 0.00024789085540731216, 0.02892866179765775, 0.005205103178874734, 0.0, 0.08387546467488527, 0.0021599990747019557, 0.0006029959032704181, 0.01019250147365869, 0.006950548846677364, 0.0170341578535474, 0.0013483910549850053, 0.0006557043021862653, 2.880707443734513e-05, 0.01585265525554726, 0.0005108655875204892, 0.0009294400084702076, 0.0008924546384134395, 0.0003173942034996044] and parameters: {'lag_0': 0.9909989910158739, 'lag_1': 0.19216738647932072, 'lag_2': 0.184036598243945, 'lag_3': 0.6146653140980116, 'lag_4': 0.21837571551527601, 'lag_5': 0.09078034094796016, 'lag_6': 0.16146527876874017, 'lag_7': 0.1986009750003318, 'lag_8': 0.15023067768238038, 'lag_9': 0.3050408598953539, 'lag_10': 0.37533104454306476, 'lag_11': 0.19207496570374083, 'lag_12': 0.13502031945056292, 'lag_13': 0.912412236234818, 'lag_14': 0.007584571765744727, 'lag_15': 0.21826569118272698, 'lag_16': 0.7675247792236181, 'lag_17': 0.020056846861290743, 'lag_18': 0.44580049429872504, 'lag_19': 0.3908109601336118, 'lag_20': 0.7886397454433415, 'lag_21': 0.33489341094794794, 'lag_22': 0.8045810528094729, 'lag_23': 0.008639467394528793, 'lag_24': 0.042344270123916755, 'lag_25': 0.6741494342735257, 'lag_26': 0.6453632456813108, 'lag_27': 0.03067369165620582, 'lag_28': 0.07081000300565675}.
[I 2025-10-03 11:33:02,369] Trial 43 finished with values: [0.02649219467401286, 0.002192897301216025, 0.003893457645902003, 0.0014540677347033898, 0.0004046288922262873, 0.003913925176937653, 0.00013490389320104657, 0.004251698168257363, 0.0007646575854827334, 0.0004756543909956765, 0.0003568541993662419, 0.00044876939919101077, 0.028794000602430602, 0.004563744125525488, 0.0, 0.07503899324910998, 0.001606660029920825, 0.00046644460947743526, 0.010367257566387358, 0.00728571891356614, 0.017141225631706388, 0.0011078697949693077, 0.0005750943507391946, 5.1148765758821904e-05, 0.015310352315295631, 0.00039926081163655925, 0.001736150939451346, 0.0008926489705556626, 0.00019614437258054905] and parameters: {'lag_0': 0.5859655412335709, 'lag_1': 0.22360406616006764, 'lag_2': 0.7300946635222081, 'lag_3': 0.511172489658674, 'lag_4': 0.5750976006289199, 'lag_5': 0.8887557833139847, 'lag_6': 0.39518042490756294, 'lag_7': 0.9869179525467974, 'lag_8': 0.7845247575287596, 'lag_9': 0.9401095151960577, 'lag_10': 0.2601286147645174, 'lag_11': 0.2713906447124937, 'lag_12': 0.08291731704302638, 'lag_13': 0.7344128725180687, 'lag_14': 0.208114563315103, 'lag_15': 0.7382766315596094, 'lag_16': 0.8003200042813418, 'lag_17': 0.5043925812430723, 'lag_18': 0.7943940795235623, 'lag_19': 0.14414264686410963, 'lag_20': 0.37000931556963207, 'lag_21': 0.2635125346800883, 'lag_22': 0.7036555025933742, 'lag_23': 0.3990561347180265, 'lag_24': 0.44007780502402066, 'lag_25': 0.8426786476726826, 'lag_26': 0.8562466602917808, 'lag_27': 0.7067591627927979, 'lag_28': 0.08002556680264045}.
[I 2025-10-03 11:33:05,037] Trial 44 finished with values: [0.015853305785123967, 0.0018167819532005347, 0.002147158134751832, 0.0002809096135573073, 0.00038411674033319394, 0.0032270963122365, 0.000363711229385256, 0.004752798248947629, 0.0008870956123617045, 0.00044735730632737634, 5.926681502294034e-05, 6.116402943187828e-05, 0.02834096055417649, 0.005268451323782505, 0.0, 0.07948509854453267, 0.001729675824074579, 0.00019354264705005996, 0.009869210947183085, 0.007428768247631769, 0.017545370466136835, 0.0012532737195622846, 0.0008074853071366034, 4.680840302747117e-05, 0.015884972286481523, 0.0003914615117335623, 0.0011928555555009374, 0.000974662086791649, 0.0015444700706139433] and parameters: {'lag_0': 0.5643765187724069, 'lag_1': 0.17772504076297774, 'lag_2': 0.8922923830729537, 'lag_3': 0.6272578044279049, 'lag_4': 0.28568971886889866, 'lag_5': 0.4932468928859042, 'lag_6': 0.9058438728910767, 'lag_7': 0.9437772828256233, 'lag_8': 0.7834337130402373, 'lag_9': 0.6384676849797687, 'lag_10': 0.6511385321404127, 'lag_11': 0.4204862201854592, 'lag_12': 0.8646395866300196, 'lag_13': 0.503275504780664, 'lag_14': 0.8713373728286511, 'lag_15': 0.1574917829537307, 'lag_16': 0.43409657258182316, 'lag_17': 0.8589786272392509, 'lag_18': 0.910932864598274, 'lag_19': 0.8631473377363956, 'lag_20': 0.973134276080068, 'lag_21': 0.22036875564279385, 'lag_22': 0.14057098673452337, 'lag_23': 0.11560670447089852, 'lag_24': 0.9443847332148189, 'lag_25': 0.6268623864867104, 'lag_26': 0.2172208228524217, 'lag_27': 0.8273656604335345, 'lag_28': 0.4065147581227669}.
[I 2025-10-03 11:33:07,707] Trial 45 finished with values: [0.03305785123966942, 0.0026808421065379453, 0.0024054553462562267, 0.0008512693925235061, 0.0011736674635694252, 0.005031745738311441, 0.0003271644197744275, 0.0048480549510228925, 0.00040823193164513376, 0.00040896941184190023, 0.0002489643452440454, 0.00027727470839944846, 0.02799530446218159, 0.0037637834964702544, 0.0, 0.08164969510987097, 0.0026933436890088625, 0.0006026138717003815, 0.010432897450143747, 0.007062758369654214, 0.01692267949019393, 0.0012496428684295332, 0.0003850900668930688, 5.7856967596398576e-05, 0.015903350147892174, 0.0003091406350598103, 0.0007986887394334059, 0.0013395146666356557, 0.0002412685618006229] and parameters: {'lag_0': 0.1497195542812842, 'lag_1': 0.05081362594702782, 'lag_2': 0.6452197663405849, 'lag_3': 0.9382023739011044, 'lag_4': 0.3361439002474288, 'lag_5': 0.06886339154734185, 'lag_6': 0.33029963600281026, 'lag_7': 0.4230715586141422, 'lag_8': 0.36090874667032924, 'lag_9': 0.26230911824598163, 'lag_10': 0.09958136639064362, 'lag_11': 0.8633119580262677, 'lag_12': 0.26829189165243544, 'lag_13': 0.2380527617645142, 'lag_14': 0.23811058061828183, 'lag_15': 0.28198511041924673, 'lag_16': 0.2757319485938231, 'lag_17': 0.47594615790737627, 'lag_18': 0.9711696145446781, 'lag_19': 0.0895305161033881, 'lag_20': 0.35913160189106075, 'lag_21': 0.8259253631648917, 'lag_22': 0.3703598795278721, 'lag_23': 0.9120721999034563, 'lag_24': 0.5827230961233183, 'lag_25': 0.05026904536515444, 'lag_26': 0.11712145042842015, 'lag_27': 0.745875027586218, 'lag_28': 0.12201481527418576}.
[I 2025-10-03 11:33:10,386] Trial 46 finished with values: [0.01690072441587593, 0.001839287416634698, 0.002324489030026644, 0.0007255385040224672, 0.0005433981757109308, 0.005437302090247984, 0.00041311286673933795, 0.0051581201709578715, 0.0006056299121859505, 0.0006118847794731063, 0.00046359719668080955, 0.0004055743669415421, 0.024135909859376824, 0.004352236808384017, 0.0, 0.0763555954905768, 0.0019722425409926247, 0.0006300492693152651, 0.00922679018110679, 0.006658685218951939, 0.016198040890568623, 0.0012042947656033549, 0.0007040485909138065, 6.263800099075214e-05, 0.016010080871812563, 0.0003431103347276312, 0.0007143609978577654, 0.0020875141063377645, 0.002170264321499458] and parameters: {'lag_0': 0.30401875251442045, 'lag_1': 0.5761439659952015, 'lag_2': 0.731349963492058, 'lag_3': 0.05191266486442792, 'lag_4': 0.5284319163534941, 'lag_5': 0.2822343232794785, 'lag_6': 0.041348883989983536, 'lag_7': 0.011989708618812923, 'lag_8': 0.9213142198138435, 'lag_9': 0.4342654111749541, 'lag_10': 0.3230288311708914, 'lag_11': 0.9249021439417726, 'lag_12': 0.583040018459531, 'lag_13': 0.4667684405428912, 'lag_14': 0.11841386726880891, 'lag_15': 0.210713020310013, 'lag_16': 0.5070675082445126, 'lag_17': 0.9343002663661033, 'lag_18': 0.5677970776785853, 'lag_19': 0.7609158210399218, 'lag_20': 0.6841364314765565, 'lag_21': 0.6770561956348503, 'lag_22': 0.5115170845694554, 'lag_23': 0.02624606428973018, 'lag_24': 0.4905745241400355, 'lag_25': 0.037161654706027905, 'lag_26': 0.002289443462595395, 'lag_27': 0.41861433168273904, 'lag_28': 0.03772461487486236}.
[I 2025-10-03 11:33:13,050] Trial 47 finished with values: [0.028883454208129534, 0.0018638927464476912, 0.006452514021801771, 0.00041265149477885644, 0.00028290867383593633, 0.003981732306831514, 0.0002668918861788275, 0.004571986880052823, 0.001018288786705199, 0.0003184103737491859, 0.00013968170442053604, 0.00018827015130085359, 0.027387142669511567, 0.0043783432455225075, 0.0, 0.07822394586702514, 0.0018822821622030065, 0.00044154515207752196, 0.01080367773543079, 0.006486150922637694, 0.01654707832104286, 0.0006350259847013709, 0.0007054451174616585, 8.472179074197101e-05, 0.01471909984829208, 0.0006315873421824728, 0.00047717275148591515, 0.0014739601064295061, 0.0009514923890070468] and parameters: {'lag_0': 0.069832533862065, 'lag_1': 0.8721678384101414, 'lag_2': 0.11081520769623861, 'lag_3': 0.7683527760849673, 'lag_4': 0.018874338233048814, 'lag_5': 0.9916056305102654, 'lag_6': 0.8637940431784412, 'lag_7': 0.0726419976498121, 'lag_8': 0.8099737282638139, 'lag_9': 0.7426413341687246, 'lag_10': 0.9649092011228868, 'lag_11': 0.7915378487826255, 'lag_12': 0.8928978226456946, 'lag_13': 0.8755341102799675, 'lag_14': 0.869479568454444, 'lag_15': 0.6709457324051754, 'lag_16': 0.6011508672601288, 'lag_17': 0.40048084027326386, 'lag_18': 0.6776605852604254, 'lag_19': 0.917819716359173, 'lag_20': 0.7245872034137375, 'lag_21': 0.3810225686343734, 'lag_22': 0.7588299337891309, 'lag_23': 0.8431790417915824, 'lag_24': 0.7773023077868, 'lag_25': 0.7213863807099122, 'lag_26': 0.3103301059208829, 'lag_27': 0.643219399386326, 'lag_28': 0.9139721872661257}.
[I 2025-10-03 11:33:15,716] Trial 48 finished with values: [0.022103305785123966, 0.0027305096990442035, 0.003725616949354906, 0.00022281638167677642, 0.0006428505913123365, 0.0046555668014228785, 0.0003678327511916982, 0.004718907130197331, 0.000792438638730402, 0.000368861631365447, 5.148832268552411e-05, 0.00020135618470745108, 0.027990802680518134, 0.003492056233572708, 0.0, 0.07756262987460345, 0.0025476784775956595, 0.00024412649506890858, 0.009815411135240867, 0.007020350957039069, 0.016826424251395744, 0.0011346423480872172, 0.0007635808641965663, 3.358479170333992e-05, 0.01570930734360996, 0.00015731339870419088, 0.0012893123863960093, 0.0011546833701235998, 0.0016549172664625227] and parameters: {'lag_0': 0.6163338992601246, 'lag_1': 0.3806113839628687, 'lag_2': 0.36909992239548917, 'lag_3': 0.7086707750130181, 'lag_4': 0.25034699699944196, 'lag_5': 0.4945477157894679, 'lag_6': 0.8888586617459803, 'lag_7': 0.3431783739351713, 'lag_8': 0.9039115687005683, 'lag_9': 0.7218736503656248, 'lag_10': 0.505267902939608, 'lag_11': 0.7598554719184819, 'lag_12': 0.6931843659438758, 'lag_13': 0.0721899587818968, 'lag_14': 0.2819888814268866, 'lag_15': 0.19292701748871388, 'lag_16': 0.22023504116602527, 'lag_17': 0.5870401551378244, 'lag_18': 0.3537467237358938, 'lag_19': 0.7979971083189805, 'lag_20': 0.770463558821951, 'lag_21': 0.9576253880356268, 'lag_22': 0.9805886286643644, 'lag_23': 0.20716055782294118, 'lag_24': 0.13592884072874775, 'lag_25': 0.7622177912050547, 'lag_26': 0.30519092037791884, 'lag_27': 0.7016132522814494, 'lag_28': 0.632757943494239}.
[I 2025-10-03 11:33:18,387] Trial 49 finished with values: [0.02864687759792655, 0.0007709211899429392, 0.0016176155751578027, 0.000730221799830709, 0.0011929743828999566, 0.0019199280057921782, 4.724516704621513e-05, 0.0030515693344009076, 0.001841933613318458, 0.0002528871899195676, 0.00013065722242272705, 0.0005290950625983747, 0.026441407198472995, 0.0031708968743596145, 0.0, 0.07191323038057695, 0.0018325239633739012, 0.0001939736019030169, 0.009296199859813135, 0.006862235832221652, 0.017625333366591892, 0.0012386635896338358, 0.0007564287500617468, 9.125107183008224e-05, 0.015410423674554006, 0.0004065442149101821, 0.0010734843381534815, 0.0008709804608465401, 0.0012693789981000647] and parameters: {'lag_0': 0.09207709656546759, 'lag_1': 0.47638690938046085, 'lag_2': 0.1522958865066831, 'lag_3': 0.12701514786795673, 'lag_4': 0.25077685060824473, 'lag_5': 0.9419209058654756, 'lag_6': 0.9731432326099434, 'lag_7': 0.6291487904863844, 'lag_8': 0.10796100325716189, 'lag_9': 0.43502907155572323, 'lag_10': 0.6296713145319401, 'lag_11': 0.6995928717955401, 'lag_12': 0.3005167185038701, 'lag_13': 0.17572535364792038, 'lag_14': 0.33765253398350725, 'lag_15': 0.28247213609510397, 'lag_16': 0.3228091990361426, 'lag_17': 0.9132926049839135, 'lag_18': 0.47377355056802833, 'lag_19': 0.9912622668854573, 'lag_20': 0.42353212258384954, 'lag_21': 0.6461503416053841, 'lag_22': 0.44783018149069276, 'lag_23': 0.05384005897997389, 'lag_24': 0.8704045197308551, 'lag_25': 0.5399577827085212, 'lag_26': 0.7552440446779923, 'lag_27': 0.4988030938628318, 'lag_28': 0.7182195848910747}.
[I 2025-10-03 11:33:21,061] Trial 50 finished with values: [0.02649219467401286, 0.0024306171718446942, 0.0028503701538661317, 0.0006686405348077985, 0.0008942776080509186, 0.0025980955755397226, 0.0005737496929475165, 0.0041234836444724535, 0.0014079341340366635, 0.0004812256727318335, 0.00021013857578002344, 0.00018696550159132786, 0.030524035328700495, 0.0027927256246923467, 0.0, 0.08130138149930966, 0.002760017727872951, 0.00031517674349786643, 0.010366423280178477, 0.007699256291334064, 0.01814331022722378, 0.0010357391216126248, 0.0006079849158528151, 5.6087867007434705e-05, 0.01582262698978112, 0.0004978551806141885, 0.0012903521696938807, 0.0007360773013956555, 0.0011871455913321227] and parameters: {'lag_0': 0.5617674013766003, 'lag_1': 0.4135441015543327, 'lag_2': 0.6160295946917452, 'lag_3': 0.3646351548803026, 'lag_4': 0.19320210369655635, 'lag_5': 0.19064360307205122, 'lag_6': 0.5705499102261002, 'lag_7': 0.025077831016814624, 'lag_8': 0.28792324922319484, 'lag_9': 0.665964737489347, 'lag_10': 0.8623875119544077, 'lag_11': 0.5175128137857294, 'lag_12': 0.42511370404635873, 'lag_13': 0.29804499137227514, 'lag_14': 0.002221929457849001, 'lag_15': 0.8830937725333776, 'lag_16': 0.5685543525660351, 'lag_17': 0.978856078238356, 'lag_18': 0.3465379672825614, 'lag_19': 0.4689918121518905, 'lag_20': 0.11336630870691616, 'lag_21': 0.40345559362569056, 'lag_22': 0.4458512402410708, 'lag_23': 0.3065872450617093, 'lag_24': 0.9113958822863611, 'lag_25': 0.5372241770642087, 'lag_26': 0.6349557122931074, 'lag_27': 0.5416070825618856, 'lag_28': 0.724915612854234}.
