[I 2025-09-29 12:54:41,440] Trial 4 finished with value: 0.0026253974612481974 and parameters: {'lag_0': 0.7099854948081337, 'lag_1': 0.9910917186441236, 'lag_2': 0.2281409672943429, 'lag_3': 0.21276798234869548, 'lag_4': 0.8670113899446722, 'lag_5': 0.3384784545698525, 'lag_6': 0.2904730821088319, 'lag_7': 0.5369885268332631, 'lag_8': 0.4189720989073852, 'lag_9': 0.19151997449563343, 'lag_10': 0.7288976370856509, 'lag_11': 0.25732092196569617, 'lag_12': 0.7038611207878731, 'lag_13': 0.8389155474048839, 'lag_14': 0.8816362925710828, 'lag_15': 0.9812841711781216, 'lag_16': 0.29427562872308316, 'lag_17': 0.5524571256826938, 'lag_18': 0.6728410687002188, 'lag_19': 0.0355325273226105, 'lag_20': 0.8407926515875509, 'lag_21': 0.8872373164414739, 'lag_22': 0.27664858412849147, 'lag_23': 0.47739858046867417, 'lag_24': 0.7667229536625114, 'lag_25': 0.7492780337157323, 'lag_26': 0.199512327442772, 'lag_27': 0.8668275846525966, 'lag_28': 0.6165071050012285}. Best is trial 3 with value: 0.0025566269407457072.
[I 2025-09-29 12:54:43,881] Trial 5 finished with value: 0.002752321442754939 and parameters: {'lag_0': 0.22010661897644146, 'lag_1': 0.8816074379954516, 'lag_2': 0.008159056304626386, 'lag_3': 0.41190172218227844, 'lag_4': 0.7226120762268777, 'lag_5': 0.039189028137474595, 'lag_6': 0.4054946746043217, 'lag_7': 0.9620851364386077, 'lag_8': 0.8181180889251972, 'lag_9': 0.222989689823684, 'lag_10': 0.18767091164514293, 'lag_11': 0.9863193465879343, 'lag_12': 0.9885241533858692, 'lag_13': 0.2548206528103794, 'lag_14': 0.4147013788208982, 'lag_15': 0.5312483933024515, 'lag_16': 0.7666906306130828, 'lag_17': 0.4607721146389781, 'lag_18': 0.5569691983360591, 'lag_19': 0.5871948037978292, 'lag_20': 0.65357630178229, 'lag_21': 0.9352061169103788, 'lag_22': 0.13477772086894002, 'lag_23': 0.3731293018259811, 'lag_24': 0.5201914120412666, 'lag_25': 0.7939917340800163, 'lag_26': 0.5116927661318944, 'lag_27': 0.33330140745522313, 'lag_28': 0.8882415876201284}. Best is trial 3 with value: 0.0025566269407457072.
[I 2025-09-29 12:54:46,316] Trial 6 finished with value: 0.002530203369126775 and parameters: {'lag_0': 0.33941035963629707, 'lag_1': 0.04000415696290547, 'lag_2': 0.01436993639699825, 'lag_3': 0.11922481570290154, 'lag_4': 0.5687022738176197, 'lag_5': 0.36446614713788916, 'lag_6': 0.050448115993164094, 'lag_7': 0.04291996226723762, 'lag_8': 0.4463059523394885, 'lag_9': 0.03766438195138251, 'lag_10': 0.4867925469494788, 'lag_11': 0.18006854846608394, 'lag_12': 0.23432140616802524, 'lag_13': 0.857182982690821, 'lag_14': 0.8794998727616089, 'lag_15': 0.19346507026896903, 'lag_16': 0.7943247441864049, 'lag_17': 0.27619240497923264, 'lag_18': 0.028748726992924262, 'lag_19': 0.8510395774173954, 'lag_20': 0.8617752392790619, 'lag_21': 0.7933852603181343, 'lag_22': 0.4547306835119216, 'lag_23': 0.5576899348072183, 'lag_24': 0.019717089677815592, 'lag_25': 0.9435170167464172, 'lag_26': 0.3118891131238556, 'lag_27': 0.5300017637260205, 'lag_28': 0.04768114515802283}. Best is trial 6 with value: 0.002530203369126775.
[I 2025-09-29 12:54:48,750] Trial 7 finished with value: 0.0027781049445110865 and parameters: {'lag_0': 0.43728701299337797, 'lag_1': 0.7146098496744719, 'lag_2': 0.23722844906737844, 'lag_3': 0.10974520693403127, 'lag_4': 0.6609990960232998, 'lag_5': 0.19669520200939308, 'lag_6': 0.45825572543560017, 'lag_7': 0.6924879645547027, 'lag_8': 0.9406244030937592, 'lag_9': 0.3788994069113981, 'lag_10': 0.7732693069468358, 'lag_11': 0.8607076476430453, 'lag_12': 0.7809770880656635, 'lag_13': 0.6752238355754463, 'lag_14': 0.7279674771226967, 'lag_15': 0.4704471612131716, 'lag_16': 0.7074384474005906, 'lag_17': 0.8253838603359164, 'lag_18': 0.1797418491542925, 'lag_19': 0.4054039149430168, 'lag_20': 0.6351232074150205, 'lag_21': 0.7097833385484622, 'lag_22': 0.8252357097235158, 'lag_23': 0.215677057827061, 'lag_24': 0.21347922557260562, 'lag_25': 0.23788232228893638, 'lag_26': 0.947381028722492, 'lag_27': 0.8070609277728644, 'lag_28': 0.7998340859277588}. Best is trial 6 with value: 0.002530203369126775.
[I 2025-09-29 12:54:51,184] Trial 8 finished with value: 0.0027071470993436696 and parameters: {'lag_0': 0.3146500017677696, 'lag_1': 0.32057654443357175, 'lag_2': 0.5974938709347429, 'lag_3': 0.7217107232285446, 'lag_4': 0.6999327767206288, 'lag_5': 0.9569215455606662, 'lag_6': 0.8812013291534304, 'lag_7': 0.5628299250027315, 'lag_8': 0.18328553389874555, 'lag_9': 0.8276950263971302, 'lag_10': 0.3273384359998565, 'lag_11': 0.4972767755532756, 'lag_12': 0.22186459762833532, 'lag_13': 0.5404758956780553, 'lag_14': 0.9082145954615344, 'lag_15': 0.9611647379428148, 'lag_16': 0.33788485630531667, 'lag_17': 0.7961137359111886, 'lag_18': 0.5041423337543743, 'lag_19': 0.8309126248715648, 'lag_20': 0.6226721386336511, 'lag_21': 0.4451077337512918, 'lag_22': 0.8033104631761094, 'lag_23': 0.5477894463797797, 'lag_24': 0.654862043523602, 'lag_25': 0.8739972847470845, 'lag_26': 0.4612926931530253, 'lag_27': 0.297195633007547, 'lag_28': 0.14184913004744257}. Best is trial 6 with value: 0.002530203369126775.
[I 2025-09-29 12:54:53,611] Trial 9 finished with value: 0.002678915834792623 and parameters: {'lag_0': 0.2802402080245097, 'lag_1': 0.15115315441459895, 'lag_2': 0.46088260792734587, 'lag_3': 0.7633780955908677, 'lag_4': 0.7821890889783929, 'lag_5': 0.7380639246769091, 'lag_6': 0.9118252042720809, 'lag_7': 0.029866496959325615, 'lag_8': 0.9790270829756768, 'lag_9': 0.9064612749744304, 'lag_10': 0.7060177158120966, 'lag_11': 0.5246632415444792, 'lag_12': 0.28085877117716135, 'lag_13': 0.4088660203500055, 'lag_14': 0.21770305769771248, 'lag_15': 0.21457200336985208, 'lag_16': 0.03251522288643724, 'lag_17': 0.30358774758079593, 'lag_18': 0.544539102493812, 'lag_19': 0.12799992412684666, 'lag_20': 0.5584988868332919, 'lag_21': 0.45429278624638925, 'lag_22': 0.9680510394660825, 'lag_23': 0.8372930334822033, 'lag_24': 0.6432445998437221, 'lag_25': 0.7881018825327124, 'lag_26': 0.5652668985172405, 'lag_27': 0.2612914261263874, 'lag_28': 0.8840364484662163}. Best is trial 6 with value: 0.002530203369126775.
[I 2025-09-29 12:54:56,098] Trial 10 finished with value: 0.002817528958289973 and parameters: {'lag_0': 0.9562509843631171, 'lag_1': 0.011684722559041905, 'lag_2': 0.5054359010099969, 'lag_3': 0.0566001255085493, 'lag_4': 0.04141767744825986, 'lag_5': 0.530269284130367, 'lag_6': 0.03360470901480825, 'lag_7': 0.28362094694390444, 'lag_8': 0.041560068340684375, 'lag_9': 0.023177471522653537, 'lag_10': 0.9614992639424029, 'lag_11': 0.04282836799910017, 'lag_12': 0.11451393472719745, 'lag_13': 0.9326351475005991, 'lag_14': 0.6504735348420607, 'lag_15': 0.002699479376651104, 'lag_16': 0.5836395308961261, 'lag_17': 0.264740802781678, 'lag_18': 0.018156625798837388, 'lag_19': 0.6448817581749059, 'lag_20': 0.9963946905396744, 'lag_21': 0.6908785030277831, 'lag_22': 0.5876602320487716, 'lag_23': 0.8882923669197202, 'lag_24': 0.06598419402657361, 'lag_25': 0.4900871964250627, 'lag_26': 0.25638271189415157, 'lag_27': 0.5113227680992971, 'lag_28': 0.0365613223565904}. Best is trial 6 with value: 0.002530203369126775.
[I 2025-09-29 12:54:58,587] Trial 11 finished with value: 0.002422101542663784 and parameters: {'lag_0': 0.060475775885528715, 'lag_1': 0.5527368720604229, 'lag_2': 0.9699823004713677, 'lag_3': 0.2601709435693017, 'lag_4': 0.21431454727342897, 'lag_5': 0.6250554828932933, 'lag_6': 0.6915037118297365, 'lag_7': 0.8118773116606028, 'lag_8': 0.5354517990940597, 'lag_9': 0.6442828358294145, 'lag_10': 0.35236923655001834, 'lag_11': 0.17332506226560046, 'lag_12': 0.009970077958695228, 'lag_13': 0.023570950517979, 'lag_14': 0.9904604915139832, 'lag_15': 0.07171396095798348, 'lag_16': 0.9995319293819764, 'lag_17': 0.0072325277340219984, 'lag_18': 0.012683371003774702, 'lag_19': 0.6860663836532715, 'lag_20': 0.17338810716748418, 'lag_21': 0.017006478346454273, 'lag_22': 0.5696276080508162, 'lag_23': 0.706001700692262, 'lag_24': 0.3642340598605356, 'lag_25': 0.9916577198977311, 'lag_26': 0.3462526375652024, 'lag_27': 0.01188052031393072, 'lag_28': 0.4897702037407741}. Best is trial 11 with value: 0.002422101542663784.
[I 2025-09-29 12:55:01,077] Trial 12 finished with value: 0.0025125417362340183 and parameters: {'lag_0': 0.0014714314107008852, 'lag_1': 0.6040022266449926, 'lag_2': 0.9754207431752364, 'lag_3': 0.0016566223422463389, 'lag_4': 0.22478703811108308, 'lag_5': 0.5377499495615083, 'lag_6': 0.054170643140611596, 'lag_7': 0.29524930063704136, 'lag_8': 0.3880433098533684, 'lag_9': 0.6684038645908689, 'lag_10': 0.005102624677626066, 'lag_11': 0.026567280096026546, 'lag_12': 0.09629242669366461, 'lag_13': 0.02200759581253392, 'lag_14': 0.6798124585923739, 'lag_15': 0.23700590979892278, 'lag_16': 0.9990991002804053, 'lag_17': 0.00881875180804927, 'lag_18': 0.008679336766421093, 'lag_19': 0.9590061897761979, 'lag_20': 0.3438349267435887, 'lag_21': 0.03903904539083003, 'lag_22': 0.5806002803618397, 'lag_23': 0.7565224628448957, 'lag_24': 0.30435896229573056, 'lag_25': 0.999669245349254, 'lag_26': 0.2830063566559874, 'lag_27': 0.008861234790285555, 'lag_28': 0.35676534789252673}. Best is trial 11 with value: 0.002422101542663784.
2025-09-29 12:55:02,558 - distributed.worker - INFO - Stopping worker at tcp://192.168.86.108:37783. Reason: scheduler-remove-worker
2025-09-29 12:55:02,576 - distributed.nanny - INFO - Closing Nanny gracefully at 'tcp://192.168.86.108:43722'. Reason: scheduler-remove-worker
2025-09-29 12:55:02,578 - distributed.worker.state_machine - WARNING - Async instruction for <Task cancelled name='execute(optimize_subject-68fa13fd-ac47-417d-81df-b9f7e515bc0f)' coro=<Worker.execute() done, defined at /usr/global/miniconda/py310_23.1.0-1/envs/workshop_311/lib/python3.11/site-packages/distributed/worker_state_machine.py:3607>> ended with CancelledError
slurmstepd: error: *** JOB 3081184 ON node08 CANCELLED AT 2025-09-29T12:55:02 ***
