2025-09-29 13:06:22,920 - distributed.nanny - INFO -         Start Nanny at: 'tcp://192.168.86.140:32906'
2025-09-29 13:06:24,321 - distributed.worker - INFO -       Start worker at: tcp://192.168.86.140:39863
2025-09-29 13:06:24,321 - distributed.worker - INFO -          Listening to: tcp://192.168.86.140:39863
2025-09-29 13:06:24,321 - distributed.worker - INFO -           Worker name:             SLURMCluster-2
2025-09-29 13:06:24,321 - distributed.worker - INFO -          dashboard at:       192.168.86.140:41321
2025-09-29 13:06:24,322 - distributed.worker - INFO - Waiting to connect to: tcp://192.168.86.101:46695
2025-09-29 13:06:24,322 - distributed.worker - INFO - -------------------------------------------------
2025-09-29 13:06:24,322 - distributed.worker - INFO -               Threads:                          1
2025-09-29 13:06:24,322 - distributed.worker - INFO -                Memory:                   9.31 GiB
2025-09-29 13:06:24,322 - distributed.worker - INFO -       Local Directory: /home1/zrentala/dask-worker-space/dask-scratch-space/worker-m0ynlytg
2025-09-29 13:06:24,322 - distributed.worker - INFO - -------------------------------------------------
2025-09-29 13:06:24,638 - distributed.worker - INFO - Starting Worker plugin shuffle
2025-09-29 13:06:24,639 - distributed.worker - INFO -         Registered to: tcp://192.168.86.101:46695
2025-09-29 13:06:24,639 - distributed.worker - INFO - -------------------------------------------------
2025-09-29 13:06:24,639 - distributed.core - INFO - Starting established connection to tcp://192.168.86.101:46695
[I 2025-09-29 13:06:24,727] A new study created in memory with name: no-name-297c74fb-9929-4aff-876b-db8d914c632f
[I 2025-09-29 13:06:27,049] Trial 0 finished with value: 0.006792152041762688 and parameters: {'lag_0': 0.9069545686451753, 'lag_1': 0.21128816667838993, 'lag_2': 0.6481072447437218, 'lag_3': 0.9929273259458399, 'lag_4': 0.7610490744946746, 'lag_5': 0.029569627752076895, 'lag_6': 0.38453176233148, 'lag_7': 0.5869208844713155, 'lag_8': 0.7304508964066837, 'lag_9': 0.5243881018669859, 'lag_10': 0.6070039249750822, 'lag_11': 0.9876316554532848, 'lag_12': 0.7080694065819179, 'lag_13': 0.06404683365672677, 'lag_14': 0.6802416504947827, 'lag_15': 0.5289015466956124, 'lag_16': 0.4471397539101485, 'lag_17': 0.01297592707459798, 'lag_18': 0.33081492133490276, 'lag_19': 0.7272846299024925, 'lag_20': 0.6556680723477352, 'lag_21': 0.9463940665835494, 'lag_22': 0.7185082183709899, 'lag_23': 0.5843439488378728, 'lag_24': 0.77180733934963, 'lag_25': 0.32820040132437023, 'lag_26': 0.12950518243287998, 'lag_27': 0.3996477789156923, 'lag_28': 0.03992764287068342}. Best is trial 0 with value: 0.006792152041762688.
[I 2025-09-29 13:06:29,338] Trial 1 finished with value: 0.007245229776392204 and parameters: {'lag_0': 0.0260825592776493, 'lag_1': 0.9296403861307532, 'lag_2': 0.5371408196067028, 'lag_3': 0.32761275080486196, 'lag_4': 0.6460299890944059, 'lag_5': 0.9971271584962005, 'lag_6': 0.7999375979883016, 'lag_7': 0.5217613832886202, 'lag_8': 0.1490606423682332, 'lag_9': 0.3839355414373404, 'lag_10': 0.2679923246515874, 'lag_11': 0.5193633569670659, 'lag_12': 0.5327664392238951, 'lag_13': 0.6760439622016652, 'lag_14': 0.2662454804876956, 'lag_15': 0.9572927083392508, 'lag_16': 0.7174372784928018, 'lag_17': 0.27845315928660314, 'lag_18': 0.34903189643359306, 'lag_19': 0.9228765515222241, 'lag_20': 0.7398393605851911, 'lag_21': 0.552003748405656, 'lag_22': 0.4015511359648426, 'lag_23': 0.1362219386257538, 'lag_24': 0.23298658441405326, 'lag_25': 0.5794093131960124, 'lag_26': 0.4150802064396758, 'lag_27': 0.9842548389241075, 'lag_28': 0.7460211973962592}. Best is trial 0 with value: 0.006792152041762688.
[I 2025-09-29 13:06:31,608] Trial 2 finished with value: 0.007552539104092794 and parameters: {'lag_0': 0.8220537312773059, 'lag_1': 0.9421923470468296, 'lag_2': 0.1244689921670065, 'lag_3': 0.1728090183565787, 'lag_4': 0.0679970974348554, 'lag_5': 0.6680631870119711, 'lag_6': 0.2325835885148497, 'lag_7': 0.6886444007327058, 'lag_8': 0.2768536956253629, 'lag_9': 0.2327107712511119, 'lag_10': 0.07987438607783556, 'lag_11': 0.8567753249751169, 'lag_12': 0.14430456263094285, 'lag_13': 0.6392255118074799, 'lag_14': 0.9984655753385737, 'lag_15': 0.1589384525615027, 'lag_16': 0.896126972170588, 'lag_17': 0.16396898578039015, 'lag_18': 0.5007734656140539, 'lag_19': 0.16341398008513802, 'lag_20': 0.7663548074328177, 'lag_21': 0.6181114648246702, 'lag_22': 0.5078294286825134, 'lag_23': 0.47381610935111496, 'lag_24': 0.8877380650608044, 'lag_25': 0.24343428316321994, 'lag_26': 0.02593923133117395, 'lag_27': 0.28298026832444856, 'lag_28': 0.46550128208667824}. Best is trial 0 with value: 0.006792152041762688.
[I 2025-09-29 13:06:33,880] Trial 3 finished with value: 0.007338569153472708 and parameters: {'lag_0': 0.33418608510835557, 'lag_1': 0.36913339600795875, 'lag_2': 0.33453596926232804, 'lag_3': 0.2925842277051866, 'lag_4': 0.057114476367243046, 'lag_5': 0.004592071857293087, 'lag_6': 0.7843023014399783, 'lag_7': 0.8547291621054967, 'lag_8': 0.4236003678020176, 'lag_9': 0.669411922550708, 'lag_10': 0.31773752354134704, 'lag_11': 0.5195402947312421, 'lag_12': 0.6451471734459893, 'lag_13': 0.179986098581384, 'lag_14': 0.7605234756322905, 'lag_15': 0.3288440556666951, 'lag_16': 0.6032850057368385, 'lag_17': 0.7205702303902455, 'lag_18': 0.17253370930294698, 'lag_19': 0.6671186679215253, 'lag_20': 0.06952758057713812, 'lag_21': 0.04872720793100172, 'lag_22': 0.042022668247023755, 'lag_23': 0.35624671352169596, 'lag_24': 0.5981730342707756, 'lag_25': 0.25447864546980253, 'lag_26': 0.7844761777343782, 'lag_27': 0.006559573885869236, 'lag_28': 0.835917078619382}. Best is trial 0 with value: 0.006792152041762688.
[I 2025-09-29 13:06:36,138] Trial 4 finished with value: 0.008137782616166824 and parameters: {'lag_0': 0.04603937872165737, 'lag_1': 0.15680916837324232, 'lag_2': 0.2545985074814356, 'lag_3': 0.15845759427022674, 'lag_4': 0.41522865714540463, 'lag_5': 0.37363289816751705, 'lag_6': 0.5928889235226611, 'lag_7': 0.1279264914639463, 'lag_8': 0.17932900431270724, 'lag_9': 0.3324595180600042, 'lag_10': 0.7906563310408535, 'lag_11': 0.6933617148747546, 'lag_12': 0.055605757717267126, 'lag_13': 0.7683044431976969, 'lag_14': 0.7933750961037236, 'lag_15': 0.6288823535296647, 'lag_16': 0.7554678618602954, 'lag_17': 0.6838781858757698, 'lag_18': 0.21931571419223517, 'lag_19': 0.37354729917341073, 'lag_20': 0.37699687546478244, 'lag_21': 0.42170533127948967, 'lag_22': 0.5712082351580654, 'lag_23': 0.31259232232753714, 'lag_24': 0.5843388014788797, 'lag_25': 0.2458364041747656, 'lag_26': 0.8952801953742404, 'lag_27': 0.5936645632873098, 'lag_28': 0.9348623133418552}. Best is trial 0 with value: 0.006792152041762688.
[I 2025-09-29 13:06:38,436] Trial 5 finished with value: 0.006915695686720268 and parameters: {'lag_0': 0.3457791376290809, 'lag_1': 0.6295263331807601, 'lag_2': 0.45187529837854196, 'lag_3': 0.9484530007614208, 'lag_4': 0.6379756816707141, 'lag_5': 0.5073191749351322, 'lag_6': 0.35756670782268735, 'lag_7': 0.5804943859349234, 'lag_8': 0.23074856570798946, 'lag_9': 0.4959748389619208, 'lag_10': 0.11334234347057563, 'lag_11': 0.7663693316072737, 'lag_12': 0.913279252757484, 'lag_13': 0.8887123604367563, 'lag_14': 0.2938820627417804, 'lag_15': 0.12411169658109734, 'lag_16': 0.8196326660655483, 'lag_17': 0.28843783341926105, 'lag_18': 0.9789586841290281, 'lag_19': 0.7898034541738445, 'lag_20': 0.1500653616759236, 'lag_21': 0.5073728945705615, 'lag_22': 0.7717331646289671, 'lag_23': 0.0018688280031228153, 'lag_24': 0.02433659050820945, 'lag_25': 0.6894445968902246, 'lag_26': 0.8108127860448492, 'lag_27': 0.036671383264757676, 'lag_28': 0.3465789616274424}. Best is trial 0 with value: 0.006792152041762688.
[I 2025-09-29 13:06:40,735] Trial 6 finished with value: 0.007112069967667424 and parameters: {'lag_0': 0.7456770903859368, 'lag_1': 0.25243933534022317, 'lag_2': 0.37696465337368185, 'lag_3': 0.8150141460530695, 'lag_4': 0.5584441894593837, 'lag_5': 0.15540097499886518, 'lag_6': 0.3779863042732211, 'lag_7': 0.11604491889932685, 'lag_8': 0.936888336452788, 'lag_9': 0.8433144476234413, 'lag_10': 0.7203826850719841, 'lag_11': 0.8617272386849655, 'lag_12': 0.6453368684830877, 'lag_13': 0.3616967671720026, 'lag_14': 0.03970756592100867, 'lag_15': 0.9340544892445901, 'lag_16': 0.8819549163017866, 'lag_17': 0.28261223738958063, 'lag_18': 0.9188375824019854, 'lag_19': 0.190342819850732, 'lag_20': 0.7415547834713099, 'lag_21': 0.3015431919712341, 'lag_22': 0.9130882986464894, 'lag_23': 0.021728496848869974, 'lag_24': 0.2993727007955587, 'lag_25': 0.018623820190964854, 'lag_26': 0.9378290241627761, 'lag_27': 0.8668948188400163, 'lag_28': 0.9619567282283853}. Best is trial 0 with value: 0.006792152041762688.
[I 2025-09-29 13:06:43,024] Trial 7 finished with value: 0.007541643983659191 and parameters: {'lag_0': 0.007704320195082652, 'lag_1': 0.12040768501676354, 'lag_2': 0.8925073743549395, 'lag_3': 0.47553237320472386, 'lag_4': 0.37836556859346737, 'lag_5': 0.23822722332417098, 'lag_6': 0.7274141088911942, 'lag_7': 0.10798906685052587, 'lag_8': 0.22865926032109, 'lag_9': 0.7743894860020794, 'lag_10': 0.13797847101214664, 'lag_11': 0.6368719622411951, 'lag_12': 0.06059352813209437, 'lag_13': 0.06941022724315589, 'lag_14': 0.011924807950303845, 'lag_15': 0.9858297261456775, 'lag_16': 0.7972890788836803, 'lag_17': 0.3121470151037453, 'lag_18': 0.2137291819648758, 'lag_19': 0.008948277029502755, 'lag_20': 0.4976341524905227, 'lag_21': 0.07884525842758915, 'lag_22': 0.9928853514469433, 'lag_23': 0.8947587611950281, 'lag_24': 0.11547492820716837, 'lag_25': 0.10834789266453615, 'lag_26': 0.033199735062859115, 'lag_27': 0.4270461226686055, 'lag_28': 0.8635975057034411}. Best is trial 0 with value: 0.006792152041762688.
[I 2025-09-29 13:06:45,316] Trial 8 finished with value: 0.006662766316034777 and parameters: {'lag_0': 0.4579594676639831, 'lag_1': 0.3722158822243339, 'lag_2': 0.9438419894856465, 'lag_3': 0.20330291086889735, 'lag_4': 0.6599966411146646, 'lag_5': 0.09205676746522101, 'lag_6': 0.08190839324680227, 'lag_7': 0.9617273213194274, 'lag_8': 0.6373655927567721, 'lag_9': 0.45567551996745165, 'lag_10': 0.8024466653951011, 'lag_11': 0.4529579948978522, 'lag_12': 0.9318915755953269, 'lag_13': 0.052214920495991704, 'lag_14': 0.6408876113294689, 'lag_15': 0.06029404068811389, 'lag_16': 0.2403808762544947, 'lag_17': 0.42753927039500705, 'lag_18': 0.14393987565942165, 'lag_19': 0.3837276682240133, 'lag_20': 0.8710803182720452, 'lag_21': 0.9179304905636753, 'lag_22': 0.7838197534054607, 'lag_23': 0.2452423604684067, 'lag_24': 0.9972671321090345, 'lag_25': 0.6393059504492627, 'lag_26': 0.6478472804756419, 'lag_27': 0.2088442308213408, 'lag_28': 0.5705964850743556}. Best is trial 8 with value: 0.006662766316034777.
[I 2025-09-29 13:06:47,612] Trial 9 finished with value: 0.007011346007582307 and parameters: {'lag_0': 0.4780289784323272, 'lag_1': 0.026014746228906625, 'lag_2': 0.3544252411560408, 'lag_3': 0.1311637223930756, 'lag_4': 0.3973669202209321, 'lag_5': 0.7089170676396428, 'lag_6': 0.1710233184734072, 'lag_7': 0.3408380061614397, 'lag_8': 0.5525040478394986, 'lag_9': 0.23196220562018266, 'lag_10': 0.551783118387322, 'lag_11': 0.13448247433914773, 'lag_12': 0.6617073452864789, 'lag_13': 0.4352338542755971, 'lag_14': 0.01505720719092595, 'lag_15': 0.9696635256627284, 'lag_16': 0.9161079860929489, 'lag_17': 0.8302239518991662, 'lag_18': 0.8848138135946879, 'lag_19': 0.6246370533328888, 'lag_20': 0.5788133984019448, 'lag_21': 0.7357343810573308, 'lag_22': 0.14854456189346463, 'lag_23': 0.4339931059079876, 'lag_24': 0.21882670845988322, 'lag_25': 0.3902040420243282, 'lag_26': 0.8559370718514354, 'lag_27': 0.9476449088682627, 'lag_28': 0.48987603331503116}. Best is trial 8 with value: 0.006662766316034777.
[I 2025-09-29 13:06:50,048] Trial 10 finished with value: 0.006837259860636391 and parameters: {'lag_0': 0.6447044996132644, 'lag_1': 0.5690102834666814, 'lag_2': 0.9810521124823335, 'lag_3': 0.011279183592087239, 'lag_4': 0.9834822464854235, 'lag_5': 0.3503985221876494, 'lag_6': 0.037261770771661144, 'lag_7': 0.9774466401345548, 'lag_8': 0.7020403891098899, 'lag_9': 0.0029576061912602314, 'lag_10': 0.9830328727710758, 'lag_11': 0.17867895685434826, 'lag_12': 0.9409953259205524, 'lag_13': 0.25984293150813487, 'lag_14': 0.47147143774280065, 'lag_15': 0.05039450303670126, 'lag_16': 0.14849036896990736, 'lag_17': 0.523818710008215, 'lag_18': 0.629304961431156, 'lag_19': 0.45068306035028477, 'lag_20': 0.9132994272897561, 'lag_21': 0.968566505232481, 'lag_22': 0.34769817663182156, 'lag_23': 0.7087781334734824, 'lag_24': 0.9355270192174732, 'lag_25': 0.9972008401841991, 'lag_26': 0.5604312863782397, 'lag_27': 0.2107741667914949, 'lag_28': 0.1933638935313468}. Best is trial 8 with value: 0.006662766316034777.
[I 2025-09-29 13:06:52,369] Trial 11 finished with value: 0.0070980736945894145 and parameters: {'lag_0': 0.9029656521992835, 'lag_1': 0.4103734292127765, 'lag_2': 0.7269128791871263, 'lag_3': 0.6706047504227527, 'lag_4': 0.8696466510281256, 'lag_5': 0.00900996665857184, 'lag_6': 0.990930329072083, 'lag_7': 0.779345714443199, 'lag_8': 0.7401578730803591, 'lag_9': 0.5679890953457124, 'lag_10': 0.6046374683292475, 'lag_11': 0.29131103636871314, 'lag_12': 0.792798510001483, 'lag_13': 0.03487738025875668, 'lag_14': 0.6589169355610184, 'lag_15': 0.5569940911684063, 'lag_16': 0.30124355076190945, 'lag_17': 0.005995114420031576, 'lag_18': 0.012874453949470621, 'lag_19': 0.9885309562847431, 'lag_20': 0.9547570293645199, 'lag_21': 0.9722478164455699, 'lag_22': 0.7118729049447515, 'lag_23': 0.6463038270448487, 'lag_24': 0.7917930497689849, 'lag_25': 0.7802703131960608, 'lag_26': 0.28423534476013024, 'lag_27': 0.5955257903936402, 'lag_28': 0.08234131372189907}. Best is trial 8 with value: 0.006662766316034777.
[I 2025-09-29 13:06:54,696] Trial 12 finished with value: 0.007044872348575554 and parameters: {'lag_0': 0.9788775707265822, 'lag_1': 0.286291271958905, 'lag_2': 0.7276976260339195, 'lag_3': 0.591496726773209, 'lag_4': 0.788812884461526, 'lag_5': 0.16959659114104686, 'lag_6': 0.010233915173777253, 'lag_7': 0.3170571623353588, 'lag_8': 0.8678927181574603, 'lag_9': 0.5384445251740343, 'lag_10': 0.9008151509617882, 'lag_11': 0.37174362782142045, 'lag_12': 0.298678508689595, 'lag_13': 0.012575264233802647, 'lag_14': 0.5605541585828522, 'lag_15': 0.70177667273062, 'lag_16': 0.35633459761313, 'lag_17': 0.003396030549784934, 'lag_18': 0.4365408010167036, 'lag_19': 0.6091932493957742, 'lag_20': 0.5935961388739754, 'lag_21': 0.7935916028466109, 'lag_22': 0.7657314886537557, 'lag_23': 0.6534665948290788, 'lag_24': 0.7384907885421297, 'lag_25': 0.4651867465654831, 'lag_26': 0.6080627377317829, 'lag_27': 0.35140896975286606, 'lag_28': 0.6627930173354973}. Best is trial 8 with value: 0.006662766316034777.
[I 2025-09-29 13:06:57,018] Trial 13 finished with value: 0.007778427149255219 and parameters: {'lag_0': 0.573843725829785, 'lag_1': 0.4847832917599627, 'lag_2': 0.6692596344854659, 'lag_3': 0.9701590075261297, 'lag_4': 0.7688704741888902, 'lag_5': 0.11708174723192011, 'lag_6': 0.4912510123711245, 'lag_7': 0.9765955353891662, 'lag_8': 0.584744062028453, 'lag_9': 0.9360820476537665, 'lag_10': 0.41843475401584995, 'lag_11': 0.9946864603575105, 'lag_12': 0.9964883731517473, 'lag_13': 0.22580751141103594, 'lag_14': 0.9178757064362766, 'lag_15': 0.36193757465145127, 'lag_16': 0.06246830443689258, 'lag_17': 0.9710888658711048, 'lag_18': 0.035763114577200605, 'lag_19': 0.3416935087862245, 'lag_20': 0.8308026672618187, 'lag_21': 0.8668334154084685, 'lag_22': 0.6544252196834597, 'lag_23': 0.23662990768908737, 'lag_24': 0.991845014658425, 'lag_25': 0.8218515106760849, 'lag_26': 0.22904034522912203, 'lag_27': 0.1652016415151733, 'lag_28': 0.2927108662337453}. Best is trial 8 with value: 0.006662766316034777.
[I 2025-09-29 13:06:59,345] Trial 14 finished with value: 0.007017863555891736 and parameters: {'lag_0': 0.3847742324615173, 'lag_1': 0.6866168435478269, 'lag_2': 0.8816454062089538, 'lag_3': 0.37698689829574406, 'lag_4': 0.9833495038980664, 'lag_5': 0.3138934107376704, 'lag_6': 0.1780218449801834, 'lag_7': 0.37581346548830297, 'lag_8': 0.7617258604749443, 'lag_9': 0.685418484281986, 'lag_10': 0.6867876418966555, 'lag_11': 0.3556770478565114, 'lag_12': 0.7670481074912012, 'lag_13': 0.5288678952114508, 'lag_14': 0.44133978014168007, 'lag_15': 0.3964066824095119, 'lag_16': 0.4261888584791847, 'lag_17': 0.46940704422062923, 'lag_18': 0.6614753903896239, 'lag_19': 0.7794117794218429, 'lag_20': 0.35379914844377036, 'lag_21': 0.7053694464924841, 'lag_22': 0.8173249624854153, 'lag_23': 0.9608244338710457, 'lag_24': 0.7507505982946303, 'lag_25': 0.5924649970191805, 'lag_26': 0.6612492188653971, 'lag_27': 0.5195035573787572, 'lag_28': 0.6561638356059244}. Best is trial 8 with value: 0.006662766316034777.
[I 2025-09-29 13:07:01,677] Trial 15 finished with value: 0.007402178639552981 and parameters: {'lag_0': 0.15758816332111986, 'lag_1': 0.7622941304688037, 'lag_2': 0.610733309574068, 'lag_3': 0.7023028131525451, 'lag_4': 0.7081019671226801, 'lag_5': 0.5516491041390842, 'lag_6': 0.3337784548337218, 'lag_7': 0.6578856125959531, 'lag_8': 0.4572146134309825, 'lag_9': 0.41045393519815077, 'lag_10': 0.840940885889435, 'lag_11': 0.01954664745432738, 'lag_12': 0.40247824471267474, 'lag_13': 0.13523608385919988, 'lag_14': 0.6646559367498062, 'lag_15': 0.23525173701226462, 'lag_16': 0.24542060819479694, 'lag_17': 0.4632940065938307, 'lag_18': 0.32698543972440863, 'lag_19': 0.5197366125419264, 'lag_20': 0.9975478681402644, 'lag_21': 0.8657223182721403, 'lag_22': 0.6325413178302207, 'lag_23': 0.5950835947353326, 'lag_24': 0.42836905293764316, 'lag_25': 0.4417736964182005, 'lag_26': 0.40854866202718176, 'lag_27': 0.7230808701397767, 'lag_28': 0.002181879587238922}. Best is trial 8 with value: 0.006662766316034777.
[I 2025-09-29 13:07:04,004] Trial 16 finished with value: 0.007439470338207059 and parameters: {'lag_0': 0.7070321540394291, 'lag_1': 0.31920542979134225, 'lag_2': 0.8265668766524988, 'lag_3': 0.8640955716205851, 'lag_4': 0.5015975217615074, 'lag_5': 0.06938226767637941, 'lag_6': 0.5398992601665242, 'lag_7': 0.8190120826055373, 'lag_8': 0.004418528508203734, 'lag_9': 0.09054536754567805, 'lag_10': 0.46748897121129923, 'lag_11': 0.6076556431468638, 'lag_12': 0.7613131489667148, 'lag_13': 0.31813404650823823, 'lag_14': 0.7992080588692382, 'lag_15': 0.7697504157867252, 'lag_16': 0.540068500106948, 'lag_17': 0.13480785921562632, 'lag_18': 0.1269934859502665, 'lag_19': 0.7946841061920823, 'lag_20': 0.6477868711699238, 'lag_21': 0.9970670547309721, 'lag_22': 0.8688760359381689, 'lag_23': 0.799707322881988, 'lag_24': 0.8620663326899893, 'lag_25': 0.3364445073906721, 'lag_26': 0.20111179325323353, 'lag_27': 0.1377153630413404, 'lag_28': 0.6098835151957314}. Best is trial 8 with value: 0.006662766316034777.
[I 2025-09-29 13:07:06,364] Trial 17 finished with value: 0.007227913873181005 and parameters: {'lag_0': 0.4831042661613204, 'lag_1': 0.16031957787788725, 'lag_2': 0.01697134188010435, 'lag_3': 0.4449397979279851, 'lag_4': 0.21286190217727474, 'lag_5': 0.2432373223070632, 'lag_6': 0.10765297782647834, 'lag_7': 0.45134479363701463, 'lag_8': 0.6314151183483923, 'lag_9': 0.6382257371847186, 'lag_10': 0.6543783206111117, 'lag_11': 0.45552295271166576, 'lag_12': 0.8532862098033724, 'lag_13': 0.9797888936229151, 'lag_14': 0.6077226933730395, 'lag_15': 0.5238484717342853, 'lag_16': 0.00583507564773994, 'lag_17': 0.5934172357823875, 'lag_18': 0.3186682896526343, 'lag_19': 0.27855316528656804, 'lag_20': 0.4585409371535609, 'lag_21': 0.3660004518675408, 'lag_22': 0.39455543187424225, 'lag_23': 0.15834012084876925, 'lag_24': 0.6353934063197009, 'lag_25': 0.6300612618491338, 'lag_26': 0.4501473113892157, 'lag_27': 0.3665078649411355, 'lag_28': 0.37142822990395225}. Best is trial 8 with value: 0.006662766316034777.
[I 2025-09-29 13:07:08,711] Trial 18 finished with value: 0.007396799476433719 and parameters: {'lag_0': 0.20151327014607207, 'lag_1': 0.00919029172704594, 'lag_2': 0.967423537830013, 'lag_3': 0.5621886608706597, 'lag_4': 0.8640452995458291, 'lag_5': 0.9348791389405691, 'lag_6': 0.27924656581898566, 'lag_7': 0.6862438243263916, 'lag_8': 0.9783619880518272, 'lag_9': 0.45025505415813183, 'lag_10': 0.7831379298381705, 'lag_11': 0.9113964621055901, 'lag_12': 0.5024504473455967, 'lag_13': 0.14142945752629515, 'lag_14': 0.34556863353349343, 'lag_15': 0.4236748722511395, 'lag_16': 0.19266584032965173, 'lag_17': 0.39209067787700425, 'lag_18': 0.5057660115663399, 'lag_19': 0.5205095366778619, 'lag_20': 0.8505829483872921, 'lag_21': 0.6454508349389069, 'lag_22': 0.9908336104044921, 'lag_23': 0.5029009536342144, 'lag_24': 0.45898934833369553, 'lag_25': 0.899947715579683, 'lag_26': 0.65656201506526, 'lag_27': 0.27321063253803385, 'lag_28': 0.19220432808145177}. Best is trial 8 with value: 0.006662766316034777.
