[I 2025-09-29 13:23:20,801] Trial 25 finished with value: 0.006180500393279035 and parameters: {'lag_0': 0.33177799801534424, 'lag_1': 0.28804397506723245, 'lag_2': 0.5192261523250271, 'lag_3': 0.2011611880460356, 'lag_4': 0.23270288356534413, 'lag_5': 0.32955573473672684, 'lag_6': 0.2829772113990091, 'lag_7': 0.7913755075104069, 'lag_8': 0.5713116747263497, 'lag_9': 0.25801589457926155, 'lag_10': 0.7163606970131441, 'lag_11': 0.5702020458328148, 'lag_12': 0.3654315835915666, 'lag_13': 0.32061475750446317, 'lag_14': 0.5314258744085345, 'lag_15': 0.8960248306117392, 'lag_16': 0.3717068308821323, 'lag_17': 0.9087748897603377, 'lag_18': 0.7073568574447381, 'lag_19': 0.9882826165406894, 'lag_20': 0.29780875299242116, 'lag_21': 0.3769165014417432, 'lag_22': 0.5421112547293607, 'lag_23': 0.3506086952580847, 'lag_24': 0.6402854310895463, 'lag_25': 0.6292701399965084, 'lag_26': 0.36327045647031697, 'lag_27': 0.5617394358299849, 'lag_28': 0.1620708328694217}. Best is trial 3 with value: 0.003896264794124915.
[I 2025-09-29 13:23:23,292] Trial 26 finished with value: 0.006085179877671405 and parameters: {'lag_0': 0.5883849004952871, 'lag_1': 0.8135872172900359, 'lag_2': 0.7438562477901653, 'lag_3': 0.4085522051296242, 'lag_4': 0.0021261560873359004, 'lag_5': 0.6456726161838126, 'lag_6': 0.9989296772721246, 'lag_7': 0.48134048891075776, 'lag_8': 0.22111902219847557, 'lag_9': 0.3890145765646982, 'lag_10': 0.16479520596023903, 'lag_11': 0.27406669077367896, 'lag_12': 0.2529920763224789, 'lag_13': 0.6082877407437396, 'lag_14': 0.772368549636379, 'lag_15': 0.12387991706982326, 'lag_16': 0.6263203914064601, 'lag_17': 0.6960267787776742, 'lag_18': 0.08175589469567039, 'lag_19': 0.6317071664644849, 'lag_20': 0.06353661178435956, 'lag_21': 0.31825349263628067, 'lag_22': 0.9273801658339896, 'lag_23': 0.14145446972064324, 'lag_24': 0.47835146468580114, 'lag_25': 0.088570215968461, 'lag_26': 0.08947242279978015, 'lag_27': 0.6612427388784786, 'lag_28': 0.2549788600037073}. Best is trial 3 with value: 0.003896264794124915.
[I 2025-09-29 13:23:25,768] Trial 27 finished with value: 0.0055665616211441424 and parameters: {'lag_0': 0.996213971955926, 'lag_1': 0.614713813720791, 'lag_2': 0.5883731992420289, 'lag_3': 0.08624731288845736, 'lag_4': 0.4930079273684871, 'lag_5': 0.4855952164117112, 'lag_6': 0.14323488747549268, 'lag_7': 0.8414758872521899, 'lag_8': 0.4730358813957965, 'lag_9': 0.4617287521413575, 'lag_10': 0.02743267686505907, 'lag_11': 0.7041834092773518, 'lag_12': 0.5438789964541155, 'lag_13': 0.7518747316718717, 'lag_14': 0.29529455805756233, 'lag_15': 0.5571258035848399, 'lag_16': 0.10856105783578802, 'lag_17': 0.4034607173303041, 'lag_18': 0.23728932480255832, 'lag_19': 0.28555032352020493, 'lag_20': 0.6019802333552313, 'lag_21': 0.468902786405934, 'lag_22': 0.7289867067460668, 'lag_23': 0.9110961055420753, 'lag_24': 0.2657444689063557, 'lag_25': 0.2254781882167343, 'lag_26': 0.0010958179145861002, 'lag_27': 0.7609660354615462, 'lag_28': 0.4528594878554318}. Best is trial 3 with value: 0.003896264794124915.
[I 2025-09-29 13:23:28,252] Trial 28 finished with value: 0.00683668315216128 and parameters: {'lag_0': 0.7324567417137846, 'lag_1': 0.9175922944226644, 'lag_2': 0.8125930164870452, 'lag_3': 0.16390015002413533, 'lag_4': 0.6353365792002944, 'lag_5': 0.8873076406378568, 'lag_6': 0.8773737701382135, 'lag_7': 0.723985656526123, 'lag_8': 0.22919789188616993, 'lag_9': 0.6618523459801775, 'lag_10': 0.28172831491504147, 'lag_11': 0.5204536519835937, 'lag_12': 0.7597421658783889, 'lag_13': 0.5002416367949696, 'lag_14': 0.09291072516517795, 'lag_15': 0.6756270074580231, 'lag_16': 0.911331209857742, 'lag_17': 0.5409127810500574, 'lag_18': 0.8352164953033918, 'lag_19': 0.8146041400519213, 'lag_20': 0.0745286937138086, 'lag_21': 0.2738688446911546, 'lag_22': 0.9923745810942397, 'lag_23': 0.5049612261541245, 'lag_24': 0.12604209660146937, 'lag_25': 0.4060017449370144, 'lag_26': 0.21942409263080132, 'lag_27': 0.39254498651799713, 'lag_28': 0.6265108775726365}. Best is trial 3 with value: 0.003896264794124915.
[I 2025-09-29 13:23:30,737] Trial 29 finished with value: 0.005945165592518497 and parameters: {'lag_0': 0.14384478954653396, 'lag_1': 0.43173335873647833, 'lag_2': 0.7007770922475332, 'lag_3': 0.0055361747199555444, 'lag_4': 0.09003616673706476, 'lag_5': 0.8007171618246811, 'lag_6': 0.06536311903542316, 'lag_7': 0.26040486663395235, 'lag_8': 0.550998459756773, 'lag_9': 0.1757559736353638, 'lag_10': 0.47032963038180325, 'lag_11': 0.21852661172074206, 'lag_12': 0.0772382688398897, 'lag_13': 0.9181601568353353, 'lag_14': 0.5045253365437055, 'lag_15': 0.552597518858448, 'lag_16': 0.558857396818941, 'lag_17': 0.9530810237039955, 'lag_18': 0.4552069528107405, 'lag_19': 0.3734300792767484, 'lag_20': 0.8020865961051193, 'lag_21': 0.6143427414518785, 'lag_22': 0.8351334279072415, 'lag_23': 0.7328777756430744, 'lag_24': 0.5166774013555445, 'lag_25': 0.5602705746723983, 'lag_26': 0.9980482261909926, 'lag_27': 0.28441479835360217, 'lag_28': 0.1428619337316235}. Best is trial 3 with value: 0.003896264794124915.
[I 2025-09-29 13:23:33,226] Trial 30 finished with value: 0.0050585308400332065 and parameters: {'lag_0': 0.002167874022709626, 'lag_1': 0.7352392373483985, 'lag_2': 0.5663816227941193, 'lag_3': 0.30504910219185605, 'lag_4': 0.9944436879184291, 'lag_5': 0.27275184066635894, 'lag_6': 0.2078120593163602, 'lag_7': 0.5477201624429093, 'lag_8': 0.34861004102864696, 'lag_9': 0.11084767397406892, 'lag_10': 0.322812868704437, 'lag_11': 0.1393211730659868, 'lag_12': 0.4046453913010672, 'lag_13': 0.2451077691329293, 'lag_14': 0.9038454153851622, 'lag_15': 0.43004576397776006, 'lag_16': 0.7388347933457446, 'lag_17': 0.8008291424847026, 'lag_18': 0.3043387109187388, 'lag_19': 0.11282274673369297, 'lag_20': 0.42356308910284285, 'lag_21': 0.1671270343996602, 'lag_22': 0.6680442512476602, 'lag_23': 0.6361119326350988, 'lag_24': 0.8060227359422787, 'lag_25': 0.834285079548825, 'lag_26': 0.333055374086732, 'lag_27': 0.5193617427061535, 'lag_28': 0.3287271929111092}. Best is trial 3 with value: 0.003896264794124915.
[I 2025-09-29 13:23:35,713] Trial 31 finished with value: 0.006472799058934595 and parameters: {'lag_0': 0.012661208886935227, 'lag_1': 0.7138900805498977, 'lag_2': 0.5375666129346931, 'lag_3': 0.3070117239531001, 'lag_4': 0.8747439691018073, 'lag_5': 0.23184264737362364, 'lag_6': 0.23187585267291283, 'lag_7': 0.5510268642960617, 'lag_8': 0.34241138126718085, 'lag_9': 0.1336746535634334, 'lag_10': 0.3667175102668224, 'lag_11': 0.08555610959427762, 'lag_12': 0.4034612086629928, 'lag_13': 0.26135299555380065, 'lag_14': 0.8552237180860738, 'lag_15': 0.42740172215321864, 'lag_16': 0.7635094292098282, 'lag_17': 0.7858362655982639, 'lag_18': 0.29411589769190083, 'lag_19': 0.13478413664133537, 'lag_20': 0.409149394073476, 'lag_21': 0.16468747303033776, 'lag_22': 0.530109354368809, 'lag_23': 0.6291017530846815, 'lag_24': 0.8068982261594032, 'lag_25': 0.8539303822715304, 'lag_26': 0.42210908776395617, 'lag_27': 0.5182951197688892, 'lag_28': 0.3162925430734969}. Best is trial 3 with value: 0.003896264794124915.
[I 2025-09-29 13:23:38,200] Trial 32 finished with value: 0.006949475779290813 and parameters: {'lag_0': 0.2282286659809255, 'lag_1': 0.8320211603066261, 'lag_2': 0.4457889532096177, 'lag_3': 0.21164330301229595, 'lag_4': 0.9924495935526556, 'lag_5': 0.12825652323975173, 'lag_6': 0.3424095651048742, 'lag_7': 0.3997654058890787, 'lag_8': 0.5062465217190454, 'lag_9': 0.0577232176073339, 'lag_10': 0.3097382118914225, 'lag_11': 0.2124664693474627, 'lag_12': 0.32215888698815953, 'lag_13': 0.08965618211262998, 'lag_14': 0.9078881762374774, 'lag_15': 0.313191342613931, 'lag_16': 0.8621287173801686, 'lag_17': 0.6164969524014663, 'lag_18': 0.38926556267667217, 'lag_19': 0.0029690625264844756, 'lag_20': 0.26530417438664844, 'lag_21': 0.004037281449157715, 'lag_22': 0.9322429464960253, 'lag_23': 0.814666741958845, 'lag_24': 0.9814185822334613, 'lag_25': 0.9918721344520423, 'lag_26': 0.30005801499840745, 'lag_27': 0.45562773147058167, 'lag_28': 0.4212342617738215}. Best is trial 3 with value: 0.003896264794124915.
[I 2025-09-29 13:23:40,695] Trial 33 finished with value: 0.004031325187220729 and parameters: {'lag_0': 0.3265251762117115, 'lag_1': 0.7216107343931532, 'lag_2': 0.35980901914712893, 'lag_3': 0.06507767393579861, 'lag_4': 0.6623514334331924, 'lag_5': 0.30464204133015715, 'lag_6': 0.0599740350676457, 'lag_7': 0.6494342251581748, 'lag_8': 0.15585421531932903, 'lag_9': 0.3579720420571895, 'lag_10': 0.19329076237513165, 'lag_11': 0.013191155580099978, 'lag_12': 0.4611651579610189, 'lag_13': 0.18406815648882138, 'lag_14': 0.8943873712049065, 'lag_15': 0.931849227716261, 'lag_16': 0.6910570722260352, 'lag_17': 0.8465878385249057, 'lag_18': 0.0706843522612049, 'lag_19': 0.11242709837965476, 'lag_20': 0.46330181900789774, 'lag_21': 0.13536370104792583, 'lag_22': 0.6408081456582001, 'lag_23': 0.6963126443992953, 'lag_24': 0.7360066921600299, 'lag_25': 0.7158646242454452, 'lag_26': 0.5317946072505382, 'lag_27': 0.33072308835801706, 'lag_28': 0.5602590076027884}. Best is trial 3 with value: 0.003896264794124915.
[I 2025-09-29 13:23:43,181] Trial 34 finished with value: 0.005384277142277375 and parameters: {'lag_0': 0.28047198509509674, 'lag_1': 0.4198700917157385, 'lag_2': 0.33983597305771934, 'lag_3': 0.05808852930502055, 'lag_4': 0.6491709329197859, 'lag_5': 0.41406447330423796, 'lag_6': 0.038133341291259795, 'lag_7': 0.6743632789405305, 'lag_8': 0.054414409919132545, 'lag_9': 0.34572264974883593, 'lag_10': 0.0820639034259833, 'lag_11': 0.011482998083044203, 'lag_12': 0.5619914118494999, 'lag_13': 0.8513096281972093, 'lag_14': 0.45063814761021886, 'lag_15': 0.9320914853821872, 'lag_16': 0.4303082094244314, 'lag_17': 0.9184657212985916, 'lag_18': 0.0793160525427313, 'lag_19': 0.21586338912583047, 'lag_20': 0.545133280287718, 'lag_21': 0.07607174006620385, 'lag_22': 0.5729718658401503, 'lag_23': 0.7130579889166759, 'lag_24': 0.7337058968797765, 'lag_25': 0.6833818199635061, 'lag_26': 0.5356871351604415, 'lag_27': 0.3252136937396792, 'lag_28': 0.7289131937355801}. Best is trial 3 with value: 0.003896264794124915.
[I 2025-09-29 13:23:45,663] Trial 35 finished with value: 0.0059118026273892125 and parameters: {'lag_0': 0.4122444606588269, 'lag_1': 0.5931392702723874, 'lag_2': 0.1257816267407339, 'lag_3': 0.08460205731638115, 'lag_4': 0.567456240481567, 'lag_5': 0.31045537727869044, 'lag_6': 0.10617184658079037, 'lag_7': 0.7633790010733461, 'lag_8': 0.1860474555011462, 'lag_9': 0.7970720184329245, 'lag_10': 0.21552644655667874, 'lag_11': 0.7472640218776954, 'lag_12': 0.4744911887074782, 'lag_13': 0.05156257617541374, 'lag_14': 0.756954117505815, 'lag_15': 0.802518898727997, 'lag_16': 0.6807120280718343, 'lag_17': 0.046289427815751516, 'lag_18': 0.6065362189652206, 'lag_19': 0.4237722198813558, 'lag_20': 0.1754381502209143, 'lag_21': 0.3980606427884781, 'lag_22': 0.7476611201572823, 'lag_23': 0.8731803792744548, 'lag_24': 0.8789527426811004, 'lag_25': 0.7623698766640155, 'lag_26': 0.7926143082791485, 'lag_27': 0.23492500002202998, 'lag_28': 0.5606117625994738}. Best is trial 3 with value: 0.003896264794124915.
[I 2025-09-29 13:23:48,154] Trial 36 finished with value: 0.0043191390735256045 and parameters: {'lag_0': 0.4553241563830614, 'lag_1': 0.09916637832395855, 'lag_2': 0.2748472488452468, 'lag_3': 0.050414246979206, 'lag_4': 0.7821105472195161, 'lag_5': 0.3904541186656626, 'lag_6': 0.06271131999266669, 'lag_7': 0.610938452536371, 'lag_8': 0.1500759103865883, 'lag_9': 0.22862310090000704, 'lag_10': 0.007941125815881467, 'lag_11': 0.08063601744705079, 'lag_12': 0.211259097944971, 'lag_13': 0.6911365463477179, 'lag_14': 0.9237711730500707, 'lag_15': 0.9305965852776671, 'lag_16': 0.2715995625477265, 'lag_17': 0.7316112692214172, 'lag_18': 0.18625250624637227, 'lag_19': 0.25412214897612895, 'lag_20': 0.313642611709686, 'lag_21': 0.2826806097484573, 'lag_22': 0.04182818838076019, 'lag_23': 0.4599852238812999, 'lag_24': 0.6504829519315282, 'lag_25': 0.6842413798563789, 'lag_26': 0.6369251492857808, 'lag_27': 0.05564292763929907, 'lag_28': 0.7105919578475981}. Best is trial 3 with value: 0.003896264794124915.
[I 2025-09-29 13:23:50,640] Trial 37 finished with value: 0.006794934914712554 and parameters: {'lag_0': 0.4605024263408832, 'lag_1': 0.49607531337858, 'lag_2': 0.2524356888577788, 'lag_3': 0.04854892741501114, 'lag_4': 0.7092503942240374, 'lag_5': 0.3959892094335011, 'lag_6': 0.054522930603584874, 'lag_7': 0.5919574444526849, 'lag_8': 0.00843366878877938, 'lag_9': 0.22255708888947376, 'lag_10': 0.012017469423783957, 'lag_11': 0.07078250483973636, 'lag_12': 0.19354328855672537, 'lag_13': 0.1680551150573468, 'lag_14': 0.6228322366116101, 'lag_15': 0.9594237010580273, 'lag_16': 0.29632526773506784, 'lag_17': 0.8316090167089187, 'lag_18': 0.1914609014201621, 'lag_19': 0.5449878673788333, 'lag_20': 0.3222199879541477, 'lag_21': 0.12655951496431053, 'lag_22': 0.1130658855585647, 'lag_23': 0.3969105270374841, 'lag_24': 0.5687543744350845, 'lag_25': 0.7232367450017675, 'lag_26': 0.6869589409627052, 'lag_27': 3.8796304633437195e-05, 'lag_28': 0.8834128340511664}. Best is trial 3 with value: 0.003896264794124915.
[I 2025-09-29 13:23:53,133] Trial 38 finished with value: 0.005196625615482113 and parameters: {'lag_0': 0.32292744855651695, 'lag_1': 0.9481758735806312, 'lag_2': 0.3938700659427505, 'lag_3': 0.1777414207111505, 'lag_4': 0.8034371641413989, 'lag_5': 0.48532113683677325, 'lag_6': 0.14503410440081316, 'lag_7': 0.40885923860691636, 'lag_8': 0.13737824212264935, 'lag_9': 0.25040641565455946, 'lag_10': 0.0675285520902129, 'lag_11': 0.13169337873653542, 'lag_12': 0.2508759155010759, 'lag_13': 0.6804897850950015, 'lag_14': 0.5683227042527912, 'lag_15': 0.8548826146366676, 'lag_16': 0.18484788274868524, 'lag_17': 0.9292288625998332, 'lag_18': 0.09999400909896204, 'lag_19': 0.32537129004796816, 'lag_20': 0.4806140410856831, 'lag_21': 0.2864279606252279, 'lag_22': 0.008189568260324, 'lag_23': 0.492469257409037, 'lag_24': 0.638996710484711, 'lag_25': 0.8108131793201249, 'lag_26': 0.6305352744431937, 'lag_27': 0.02995827921531624, 'lag_28': 0.7225594444322887}. Best is trial 3 with value: 0.003896264794124915.
[I 2025-09-29 13:23:55,623] Trial 39 finished with value: 0.005625898201446306 and parameters: {'lag_0': 0.3812355828780045, 'lag_1': 0.8742074177702586, 'lag_2': 0.19471958600785616, 'lag_3': 0.01361086967549377, 'lag_4': 0.7560257643146454, 'lag_5': 0.18595714010732545, 'lag_6': 0.06908601611110671, 'lag_7': 0.6153246905355769, 'lag_8': 0.15173168913846774, 'lag_9': 0.9863212517293787, 'lag_10': 0.5679626292897587, 'lag_11': 0.022751377219492785, 'lag_12': 0.09756957312768541, 'lag_13': 0.7160604499990899, 'lag_14': 0.34956987551246743, 'lag_15': 0.7811261106591926, 'lag_16': 0.1049631267022325, 'lag_17': 0.6547917375047605, 'lag_18': 0.07045842474897002, 'lag_19': 0.2992927244612634, 'lag_20': 0.9616581856258284, 'lag_21': 0.330816731026131, 'lag_22': 0.2804203238946105, 'lag_23': 0.24822721902990807, 'lag_24': 0.8853819215371473, 'lag_25': 0.5760625654110051, 'lag_26': 0.5050712182896907, 'lag_27': 0.08791995979979889, 'lag_28': 0.7100775597245176}. Best is trial 3 with value: 0.003896264794124915.
[I 2025-09-29 13:23:58,125] Trial 40 finished with value: 0.005899303227545842 and parameters: {'lag_0': 0.5048479213704433, 'lag_1': 0.7840643032702368, 'lag_2': 0.30168622405931744, 'lag_3': 0.36850200767176, 'lag_4': 0.7012615562082835, 'lag_5': 0.07366592018784829, 'lag_6': 0.1360091521904898, 'lag_7': 0.6872733078954483, 'lag_8': 0.2760398877861209, 'lag_9': 0.42584979799280365, 'lag_10': 0.6538955594071721, 'lag_11': 0.16580918496163552, 'lag_12': 0.14932364128400438, 'lag_13': 0.8474761840996463, 'lag_14': 0.25190573544773615, 'lag_15': 0.9112996847037684, 'lag_16': 0.24928532788596602, 'lag_17': 0.48900560717636465, 'lag_18': 0.004334725747262886, 'lag_19': 0.1727615939033939, 'lag_20': 0.6702358540960951, 'lag_21': 0.227179144986202, 'lag_22': 0.3927761148838792, 'lag_23': 0.5282383833658744, 'lag_24': 0.44535007592770365, 'lag_25': 0.45015279751780113, 'lag_26': 0.8367540112382793, 'lag_27': 0.20067948966998111, 'lag_28': 0.845168461022998}. Best is trial 3 with value: 0.003896264794124915.
[I 2025-09-29 13:24:00,624] Trial 41 finished with value: 0.006171969914150304 and parameters: {'lag_0': 0.2669529421818373, 'lag_1': 0.09784683930072252, 'lag_2': 0.07939577560894845, 'lag_3': 0.15181383564846984, 'lag_4': 0.8857614854272996, 'lag_5': 0.5373441933185092, 'lag_6': 0.0020540463626874186, 'lag_7': 0.18587646225887164, 'lag_8': 0.057460132196358704, 'lag_9': 0.341764406989689, 'lag_10': 0.1588017428860934, 'lag_11': 0.596492060901538, 'lag_12': 0.32038866859839715, 'lag_13': 0.6355686003297171, 'lag_14': 0.9249367268087109, 'lag_15': 0.870616461431897, 'lag_16': 0.34106917465104863, 'lag_17': 0.7294501379020085, 'lag_18': 0.5597247404631848, 'lag_19': 0.07242552195881954, 'lag_20': 0.4717064693528493, 'lag_21': 0.4209376880525936, 'lag_22': 0.625178587163649, 'lag_23': 0.4462503988665754, 'lag_24': 0.6905531029273089, 'lag_25': 0.6491719701444704, 'lag_26': 0.728885289875629, 'lag_27': 0.3234851250907856, 'lag_28': 0.5152740013935863}. Best is trial 3 with value: 0.003896264794124915.
[I 2025-09-29 13:24:03,275] Trial 42 finished with value: 0.005676171127775557 and parameters: {'lag_0': 0.526954060551784, 'lag_1': 0.13100711766302403, 'lag_2': 0.47847599064179414, 'lag_3': 0.08312397490594628, 'lag_4': 0.41923072473978584, 'lag_5': 0.4087997519893732, 'lag_6': 0.5259434367065904, 'lag_7': 0.9386833831248028, 'lag_8': 0.26888007558521687, 'lag_9': 0.5302565591452512, 'lag_10': 0.2537771533285519, 'lag_11': 0.0709819463027852, 'lag_12': 0.886035805242045, 'lag_13': 0.5760205979426386, 'lag_14': 0.9710703598458097, 'lag_15': 0.9234727110873336, 'lag_16': 0.5377004489369492, 'lag_17': 0.7472360385548854, 'lag_18': 0.1392320023950278, 'lag_19': 0.24299557083347137, 'lag_20': 0.3584223113084333, 'lag_21': 0.33733856471030954, 'lag_22': 0.4859600235109117, 'lag_23': 0.7761314753591282, 'lag_24': 0.7639138086190116, 'lag_25': 0.7244799360632073, 'lag_26': 0.5975977839529723, 'lag_27': 0.12036057054800786, 'lag_28': 0.9970437818472897}. Best is trial 3 with value: 0.003896264794124915.
[I 2025-09-29 13:24:05,784] Trial 43 finished with value: 0.005916400762521296 and parameters: {'lag_0': 0.44301436781528714, 'lag_1': 0.06216062838260052, 'lag_2': 0.6728364866239033, 'lag_3': 0.23705759885478517, 'lag_4': 0.607761678339679, 'lag_5': 0.4592829587580298, 'lag_6': 0.3675336314347623, 'lag_7': 0.8549844281255241, 'lag_8': 0.18965898774540194, 'lag_9': 0.30540703724294105, 'lag_10': 0.15469587050359215, 'lag_11': 0.8292747155279293, 'lag_12': 0.20829865658034297, 'lag_13': 0.783386837947436, 'lag_14': 0.8291736245641249, 'lag_15': 0.7152227719163794, 'lag_16': 0.22903771124391661, 'lag_17': 0.9886082816311593, 'lag_18': 0.19313544678992395, 'lag_19': 0.09463968590773161, 'lag_20': 0.07862299503239475, 'lag_21': 0.5172291989154245, 'lag_22': 0.23443589467194828, 'lag_23': 0.5928033807138721, 'lag_24': 0.6612827120572942, 'lag_25': 0.794204567633267, 'lag_26': 0.515768861598956, 'lag_27': 0.6677020971418722, 'lag_28': 0.59480477505632}. Best is trial 3 with value: 0.003896264794124915.
[I 2025-09-29 13:24:08,280] Trial 44 finished with value: 0.006211329178477613 and parameters: {'lag_0': 0.165398421406368, 'lag_1': 0.22197184342997958, 'lag_2': 0.6470758459704005, 'lag_3': 0.9376692328984788, 'lag_4': 0.05561166841675316, 'lag_5': 0.6479466551183399, 'lag_6': 0.41208477743308064, 'lag_7': 0.32263696349381976, 'lag_8': 0.42106339740039556, 'lag_9': 0.4169100339702614, 'lag_10': 0.00851931673889983, 'lag_11': 0.4005065023245121, 'lag_12': 0.053025597616951414, 'lag_13': 0.46408841938808154, 'lag_14': 0.8728165369740571, 'lag_15': 0.9604655438652382, 'lag_16': 0.9055579944470681, 'lag_17': 0.8294822602705147, 'lag_18': 0.05806518304158123, 'lag_19': 0.17544160038063705, 'lag_20': 0.1873542139548564, 'lag_21': 0.2697584234791016, 'lag_22': 0.10977107354903265, 'lag_23': 0.38317431402060276, 'lag_24': 0.5467302828238664, 'lag_25': 0.5144601358773127, 'lag_26': 0.43022282784514365, 'lag_27': 0.35485425543489135, 'lag_28': 0.7751675973015655}. Best is trial 3 with value: 0.003896264794124915.
[I 2025-09-29 13:24:10,785] Trial 45 finished with value: 0.006276104761465877 and parameters: {'lag_0': 0.941697945715684, 'lag_1': 0.4992667997230334, 'lag_2': 0.35293432292419324, 'lag_3': 0.05868455586414645, 'lag_4': 0.470967082481902, 'lag_5': 0.29577788260969234, 'lag_6': 0.24824940789293298, 'lag_7': 0.6055112041288098, 'lag_8': 0.08050650294320558, 'lag_9': 0.5777187301725675, 'lag_10': 0.4224956674348902, 'lag_11': 0.28942927384441697, 'lag_12': 0.6300916227776969, 'lag_13': 0.35906513206278357, 'lag_14': 0.7745392004501817, 'lag_15': 0.8701957688705624, 'lag_16': 0.07938152810340307, 'lag_17': 0.5736364831744477, 'lag_18': 0.12018357782919303, 'lag_19': 0.5545147787596998, 'lag_20': 0.2756473472595042, 'lag_21': 0.1262495459067871, 'lag_22': 0.8336846129293399, 'lag_23': 0.8220043077001116, 'lag_24': 0.7597035169020975, 'lag_25': 0.6932463789829753, 'lag_26': 0.05684405939088866, 'lag_27': 0.7732215689156974, 'lag_28': 0.4354983022548585}. Best is trial 3 with value: 0.003896264794124915.
