[I 2025-10-03 11:34:01,976] Trial 64 finished with values: [0.12696712018140593, 0.0013038453152244365, 0.0008801704310877383, 0.001497416985217696, 0.0017344089210870682, 0.0005020923546800869, 0.000273614732567303, 0.0001500691224179739, 0.0030004880142657717, 0.00018827810386136374, 0.00014010712050875602, 1.0552371851447066e-05, 0.010441294417897406, 0.011662955751273834, 0.0, 0.0041394329136182195, 0.008782528343829605, 0.0010963339051536234, 0.0001042512274680953, 0.002412056222194408, 0.0009097579886179032, 0.00033497127267580206, 0.0002882086550296004, 0.0022748720811212745, 0.002184662240027338, 0.00015085030033824644, 0.000422416643190325, 0.002676609759025595, 0.01074222393096672] and parameters: {'lag_0': 0.8186344920984632, 'lag_1': 0.11495821199601908, 'lag_2': 0.23277540721319076, 'lag_3': 0.1300963799960281, 'lag_4': 0.791645534952172, 'lag_5': 0.49102845815104373, 'lag_6': 0.07362428322331369, 'lag_7': 0.013277226368135542, 'lag_8': 0.3884940229360972, 'lag_9': 0.31095372782061154, 'lag_10': 0.8992708086836662, 'lag_11': 0.18789134806091448, 'lag_12': 0.17012015937756694, 'lag_13': 0.26509117905012985, 'lag_14': 0.9905132603849586, 'lag_15': 0.5245466454327803, 'lag_16': 0.28804878496038366, 'lag_17': 0.01312272766631105, 'lag_18': 0.8641895268767599, 'lag_19': 0.42944242705352204, 'lag_20': 0.7180443408480386, 'lag_21': 0.8778828853313047, 'lag_22': 0.9509342296126263, 'lag_23': 0.9128247577756519, 'lag_24': 0.48071850244805986, 'lag_25': 0.8315432272873586, 'lag_26': 0.5687895225727869, 'lag_27': 0.5496734859117887, 'lag_28': 0.6927167592015472}.
[I 2025-10-03 11:34:04,647] Trial 65 finished with values: [0.06680839002267576, 0.0012447185883179448, 0.001232460834362245, 0.0012157393317205982, 0.0038265385895728055, 0.00032595972796952045, 0.0003491216444433242, 0.00034735917392684595, 0.0025270702442496623, 0.0003136357122640863, 2.4444774748651123e-05, 0.00018494355375056729, 0.008016069586010777, 0.010528091213992239, 0.0, 0.006343634119268822, 0.005452419372802562, 0.0009294744969116815, 4.749305278607353e-05, 0.002274196362069803, 0.0004880002367338019, 0.0002769041683094803, 0.0007167336311461003, 0.0023940115303266846, 0.0022417766089972624, 2.2320214650712437e-06, 0.0012700228144053873, 0.002186089525756089, 0.00567565849374865] and parameters: {'lag_0': 0.1893275323572923, 'lag_1': 0.7653411998305201, 'lag_2': 0.7852786420843703, 'lag_3': 0.9725869854044642, 'lag_4': 0.3331793527223643, 'lag_5': 0.01098071039116961, 'lag_6': 0.7365887903323831, 'lag_7': 0.059345088182150604, 'lag_8': 0.9666942684219499, 'lag_9': 0.09882997608715624, 'lag_10': 0.451072026166373, 'lag_11': 0.5140828646296193, 'lag_12': 0.6602049037656516, 'lag_13': 0.19003179509340917, 'lag_14': 0.7288070927743397, 'lag_15': 0.3060436790107108, 'lag_16': 0.7184059089662332, 'lag_17': 0.10640869883129296, 'lag_18': 0.22933879656916886, 'lag_19': 0.40824634336123977, 'lag_20': 0.8006890512161278, 'lag_21': 0.6596267914581121, 'lag_22': 0.6831307775436134, 'lag_23': 0.4797691998465108, 'lag_24': 0.579498182250646, 'lag_25': 0.09998059928471459, 'lag_26': 0.47033058934062627, 'lag_27': 0.8609494350694548, 'lag_28': 0.9143101133863359}.
[I 2025-10-03 11:34:07,302] Trial 66 finished with values: [0.1379591836734694, 0.005948492606865436, 0.0004634658745469842, 0.001608040514861914, 0.0014277192642059018, 0.0003797063684283105, 0.0004696545434857458, 0.0004530444403185544, 0.0025390735326181035, 0.00042016309855385126, 0.0003593009304821801, 0.00014837358353008285, 0.00847901690363291, 0.013438610675622797, 0.0, 0.007110873310419125, 0.009787694609059523, 0.0004728427968222499, 0.0002525034433624564, 0.002419209751727839, 0.0007928434249457998, 0.0003550520058698539, 0.00025813359526325505, 0.001967046201407918, 0.0020528441076951625, 0.0002145304042155697, 0.00036248269748372157, 0.0023109734488196932, 0.009259963906744209] and parameters: {'lag_0': 0.7311744119594467, 'lag_1': 0.050855251798664874, 'lag_2': 0.006675217476450273, 'lag_3': 0.9725869854044642, 'lag_4': 0.6645007324663402, 'lag_5': 0.8977314457265506, 'lag_6': 0.7365887903323831, 'lag_7': 0.5416172250469083, 'lag_8': 0.5674827885536021, 'lag_9': 0.8506662940249355, 'lag_10': 0.09480208087575746, 'lag_11': 0.3833932701285114, 'lag_12': 0.6170423123491221, 'lag_13': 0.19003179509340917, 'lag_14': 0.30803377120124203, 'lag_15': 0.3060436790107108, 'lag_16': 0.8058862737911721, 'lag_17': 0.4221862170690749, 'lag_18': 0.38524298550162545, 'lag_19': 0.283604634067318, 'lag_20': 0.8339642711643718, 'lag_21': 0.3979126500831618, 'lag_22': 0.04405924201446146, 'lag_23': 0.09853528993826435, 'lag_24': 0.13800458718656317, 'lag_25': 0.6723629656188225, 'lag_26': 0.9831724585487925, 'lag_27': 0.3792109067303557, 'lag_28': 0.23216095914117413}.
[I 2025-10-03 11:34:09,955] Trial 67 finished with values: [0.11624489795918369, 0.0025411456475017678, 0.0013460999811689641, 0.0023913968110649267, 0.0019860029499464194, 0.0003983925361856843, 0.0005958058151870505, 0.00033705896613233516, 0.002301166332884651, 0.0005929559293481727, 0.0002267335386022592, 0.00017598978687018637, 0.008324008849237504, 0.011698586465355487, 0.0, 0.008176562438736323, 0.005469095121670451, 0.0006220231895227164, 8.175684117527098e-05, 0.0019255706209364732, 0.0008760656062256067, 0.0003398860053671962, 0.00033431452791371773, 0.0028930064520362635, 0.0018620453722261788, 8.945436370364806e-05, 0.00038434044419716635, 0.0012699105463402243, 0.005859310754265697] and parameters: {'lag_0': 0.9656462559743704, 'lag_1': 0.07312904155737161, 'lag_2': 0.8495186308909366, 'lag_3': 0.00961734256624597, 'lag_4': 0.2804498992740667, 'lag_5': 0.11855699995394635, 'lag_6': 0.6401823534779439, 'lag_7': 0.6663038421084165, 'lag_8': 0.882870402907656, 'lag_9': 0.04106939866782954, 'lag_10': 0.478664140484049, 'lag_11': 0.9395463572707987, 'lag_12': 0.3761001764517866, 'lag_13': 0.9981244846509009, 'lag_14': 0.7096651663807413, 'lag_15': 0.8717925791403751, 'lag_16': 0.2184723963730544, 'lag_17': 0.5029700709491322, 'lag_18': 0.12428119152894987, 'lag_19': 0.06678037208125273, 'lag_20': 0.7858280002339558, 'lag_21': 0.8665537819907608, 'lag_22': 0.0295228437028148, 'lag_23': 0.07832868969105267, 'lag_24': 0.012236183247701714, 'lag_25': 0.19852012930882024, 'lag_26': 0.22463083381850654, 'lag_27': 0.8804124812315416, 'lag_28': 0.7740945166588691}.
[I 2025-10-03 11:34:12,606] Trial 68 finished with values: [0.10795918367346939, 0.0003190291565988956, 0.0005931970859674513, 0.0005049310179948954, 0.005009184116789142, 0.0004285591243267441, 0.0001769086589447541, 0.0002992636800909556, 0.00300257300397352, 0.0002532992089713074, 9.242608624318231e-05, 0.0003736944272855967, 0.009796983740432627, 0.010077219633796108, 0.0, 0.009342798108243197, 0.007396473710579559, 0.0007568856239746284, 0.00014505172650399264, 0.0020999850155434267, 0.0010149218536761816, 0.00035748028020238037, 0.0008111911293354887, 0.002259151133481271, 0.0019761791130294753, 6.882731809261887e-05, 0.0005423003448455137, 0.0016838626322880784, 0.008345043117593619] and parameters: {'lag_0': 0.9725815247243937, 'lag_1': 0.48724422466742995, 'lag_2': 0.020758919257695563, 'lag_3': 0.3626236824961954, 'lag_4': 0.937643034404989, 'lag_5': 0.3363387777911621, 'lag_6': 0.3446640377644049, 'lag_7': 0.2973265987775166, 'lag_8': 0.37424397118237945, 'lag_9': 0.6054798014893304, 'lag_10': 0.9649063234022571, 'lag_11': 0.736811233191337, 'lag_12': 0.2527680715541465, 'lag_13': 0.6008541100674403, 'lag_14': 0.9511279627413406, 'lag_15': 0.10764383649549986, 'lag_16': 0.08157005969247381, 'lag_17': 0.8016192202135811, 'lag_18': 0.27973408401139277, 'lag_19': 0.9711257251623794, 'lag_20': 0.48768496026831953, 'lag_21': 0.5057178975836405, 'lag_22': 0.14526098407838728, 'lag_23': 0.6757923249035429, 'lag_24': 0.4979585140634592, 'lag_25': 0.3314522799630598, 'lag_26': 0.8621169935635744, 'lag_27': 0.0684376092158839, 'lag_28': 0.46568737446419195}.
[I 2025-10-03 11:34:15,248] Trial 69 finished with values: [0.12081632653061228, 0.0023275381462583584, 0.0010036550489223965, 0.0011072131650009755, 0.001175017859995068, 0.0004440991173790645, 0.0001896289367355058, 0.0001208245867824013, 0.003049477832079585, 0.0003758792900376973, 0.0003240060190745958, 0.00016010246838702794, 0.009852931297236859, 0.011511685603193317, 0.0, 0.005899451327417779, 0.00834823493088865, 0.000952807307675584, 0.0003590133825037546, 0.0024488340925564534, 0.0006121157001120817, 0.0002828346253450463, 0.0007895412289455901, 0.001907411953733052, 0.0021348037586555275, 0.00024887775866499844, 0.00016205835806364902, 0.0030794670466354817, 0.009065830156946555] and parameters: {'lag_0': 0.7311744119594467, 'lag_1': 0.35140205307072425, 'lag_2': 0.7296968208214809, 'lag_3': 0.3263613151297167, 'lag_4': 0.9782453323234394, 'lag_5': 0.8753529325888294, 'lag_6': 0.7822959813210987, 'lag_7': 0.11152302863305974, 'lag_8': 0.5674827885536021, 'lag_9': 0.8506662940249355, 'lag_10': 0.09480208087575746, 'lag_11': 0.8181091428621479, 'lag_12': 0.7326163930042465, 'lag_13': 0.5672070743390506, 'lag_14': 0.08464720222947127, 'lag_15': 0.29330023236304975, 'lag_16': 0.8058862737911721, 'lag_17': 0.5691671958737088, 'lag_18': 0.38524298550162545, 'lag_19': 0.8611735171488477, 'lag_20': 0.39185664852720276, 'lag_21': 0.014594738521909683, 'lag_22': 0.669575209767172, 'lag_23': 0.8110605433122705, 'lag_24': 0.4029320256580231, 'lag_25': 0.6723629656188225, 'lag_26': 0.9410936573954787, 'lag_27': 0.5323392801035894, 'lag_28': 0.1165050399137909}.
[I 2025-10-03 11:34:17,897] Trial 70 finished with values: [0.11226761562613212, 0.002266703848302799, 0.0010748390453770686, 0.001379932504986148, 0.0025961852607713737, 0.00020366075191186628, 0.00010939826790986919, 0.0005873634756510078, 0.0031212782367442066, 0.00022081581520887522, 0.00021133031393638576, 0.00024868901329556687, 0.007290071152939445, 0.012323982757856605, 0.0, 0.005701177042034176, 0.007995487900927151, 0.0008724768771933222, 0.0001489678241026895, 0.0024755019707701333, 0.0005487561931569818, 0.00030745665208755643, 0.0005499417438694061, 0.0023603368310852863, 0.001980139838314437, 5.88153389332303e-05, 0.0008725845454875972, 0.002256954746571662, 0.007575683813764128] and parameters: {'lag_0': 0.6982676314585827, 'lag_1': 0.587424488193694, 'lag_2': 0.8239165227506103, 'lag_3': 0.4777995126749813, 'lag_4': 0.5959718526930766, 'lag_5': 0.4915166328147161, 'lag_6': 0.1642517202011635, 'lag_7': 0.9319067171203766, 'lag_8': 0.011856214607625511, 'lag_9': 0.9428022126352508, 'lag_10': 0.5961424040129714, 'lag_11': 0.9418801718844383, 'lag_12': 0.7346767181183439, 'lag_13': 0.24152649659145567, 'lag_14': 0.752250666169391, 'lag_15': 0.063598886619026, 'lag_16': 0.48306868510814915, 'lag_17': 0.749429921627854, 'lag_18': 0.7097600408356984, 'lag_19': 0.3742402644798652, 'lag_20': 0.37598909226782234, 'lag_21': 0.5293087761024915, 'lag_22': 0.645827141923195, 'lag_23': 0.728716394749174, 'lag_24': 0.893163562655611, 'lag_25': 0.26065988938063306, 'lag_26': 0.856811994481229, 'lag_27': 0.9757018699042653, 'lag_28': 0.6491404197114113}.
[I 2025-10-03 11:34:20,540] Trial 71 finished with values: [0.11331632653061226, 0.002558283658164003, 0.001657370596807858, 0.0007751051171490176, 0.0025000425798231054, 0.00039896472678086934, 0.0002421154310780732, 0.0002575628821481514, 0.003120825822611982, 0.0005612441504712481, 0.00017660580478870002, 6.753457436180419e-05, 0.008061829647769286, 0.010721669854015911, 0.0, 0.004827221905067762, 0.008644868729270937, 0.0007541580042246517, 0.00013236544602875596, 0.001506789997431659, 0.0003366064663874669, 0.00046411043154322916, 0.0010063844199858962, 0.0022082828598218064, 0.0017792810749625789, 0.0002794892530280869, 0.0003907438943331921, 0.003526072837161735, 0.008436278329611743] and parameters: {'lag_0': 0.4140573765560805, 'lag_1': 0.19246591210308298, 'lag_2': 0.44392138314113677, 'lag_3': 0.7589836020802025, 'lag_4': 0.05990769568327208, 'lag_5': 0.004034302058802521, 'lag_6': 0.9626597136046772, 'lag_7': 0.37360700100399785, 'lag_8': 0.41396650591127077, 'lag_9': 0.5093176998178999, 'lag_10': 0.29061603591452045, 'lag_11': 0.554044656446808, 'lag_12': 0.4208523562502556, 'lag_13': 0.464276159726435, 'lag_14': 0.06208625527967453, 'lag_15': 0.5712452350249315, 'lag_16': 0.41030323403789415, 'lag_17': 0.8676073802673907, 'lag_18': 0.5327222587451045, 'lag_19': 0.5944980307343939, 'lag_20': 0.6001831767375194, 'lag_21': 0.5317820353303552, 'lag_22': 0.8536034455926198, 'lag_23': 0.5314730330633388, 'lag_24': 0.9781912168848382, 'lag_25': 0.7055603805933452, 'lag_26': 0.04058317215343004, 'lag_27': 0.35377748836686024, 'lag_28': 0.7540322067242695}.
[I 2025-10-03 11:34:23,181] Trial 72 finished with values: [0.1379591836734694, 0.003222819232506552, 0.001249621858923283, 0.00031632929414144185, 0.002066276865585213, 0.0005459895006647371, 8.795342076072905e-05, 0.00033877361894119366, 0.00263236673150584, 0.0006568014566122125, 3.575961950295831e-05, 8.357467627407157e-05, 0.0073026995438699085, 0.011396593042669045, 0.0, 0.005774664300356194, 0.007654420929029865, 0.0006826588586028256, 0.00017531379932366012, 0.00215586273805065, 0.0004625497042415553, 0.0004106501601167167, 0.0010514207518950928, 0.0027458724540558514, 0.0026901198170487675, 8.993265459921189e-05, 0.0006208404038353803, 0.003192794292110143, 0.003931615840856892] and parameters: {'lag_0': 0.5906961406714509, 'lag_1': 0.044260865861758175, 'lag_2': 0.5492881687335488, 'lag_3': 0.26744209166940136, 'lag_4': 0.2689594000357623, 'lag_5': 0.01627449566623608, 'lag_6': 0.3682041297666878, 'lag_7': 0.4743131756081023, 'lag_8': 0.911636931311246, 'lag_9': 0.1255180326290703, 'lag_10': 0.5337153837061014, 'lag_11': 0.040474969861228116, 'lag_12': 0.5954703370091136, 'lag_13': 0.025786998643552796, 'lag_14': 0.3601499280741818, 'lag_15': 0.6607925903666015, 'lag_16': 0.15288304971738348, 'lag_17': 0.18040344400120195, 'lag_18': 0.7106609728844078, 'lag_19': 0.7796056722716315, 'lag_20': 0.12464558659664265, 'lag_21': 0.8527385302093081, 'lag_22': 0.833353425816078, 'lag_23': 0.6092700888700713, 'lag_24': 0.6681729830737684, 'lag_25': 0.631626589203317, 'lag_26': 0.4935169901224609, 'lag_27': 0.9734690374716287, 'lag_28': 0.8579524198312314}.
[I 2025-10-03 11:34:25,826] Trial 73 finished with values: [0.12392038296800204, 0.0021764042887778374, 0.00045385179984906536, 0.001494959399281787, 0.0038475207149873793, 0.00047713082139518086, 0.00087042293530135, 0.0004898125299904301, 0.0023808685959169225, 2.685147461589086e-05, 0.00020553429924301185, 0.0001509806018061194, 0.00842282509935108, 0.011446204682310111, 0.0, 0.002857722609540965, 0.007796531480002757, 0.0011374742691257727, 7.989369114689228e-05, 0.0015182130064281426, 0.0003254277445683158, 0.0003269402167515367, 0.0005691797695493694, 0.00270089057077605, 0.0013425261795847279, 0.0002983652472696477, 0.0002884077642102756, 0.0024288983460765126, 0.010846772961447298] and parameters: {'lag_0': 0.6566263558096659, 'lag_1': 0.29451163014818876, 'lag_2': 0.6051222769076331, 'lag_3': 0.5535263600262857, 'lag_4': 0.062302420320999405, 'lag_5': 0.8317110135041503, 'lag_6': 0.9730654392196249, 'lag_7': 0.6196013109318079, 'lag_8': 0.8707572669533596, 'lag_9': 0.8895713960765455, 'lag_10': 0.5330565659787454, 'lag_11': 0.23692031618749404, 'lag_12': 0.7257102549737064, 'lag_13': 0.49517738239792414, 'lag_14': 0.14536326567621352, 'lag_15': 0.3728864921736486, 'lag_16': 0.5044635345761644, 'lag_17': 0.9910211493570025, 'lag_18': 0.4273336179862852, 'lag_19': 0.8138290235074765, 'lag_20': 0.293112009645011, 'lag_21': 0.07812635435818155, 'lag_22': 0.08412059094123817, 'lag_23': 0.6459347935950325, 'lag_24': 0.1307578571954722, 'lag_25': 0.24327729569324832, 'lag_26': 0.5156731380891191, 'lag_27': 0.09081437051930391, 'lag_28': 0.3770795953744966}.
[I 2025-10-03 11:34:28,479] Trial 74 finished with values: [0.12392038296800204, 0.0018053311172135096, 0.0014114841762325257, 0.0006723163724192381, 0.0023489164431337367, 0.00034389521455101106, 4.344605914290125e-05, 0.0003912643045762121, 0.00222188505953085, 7.55035549499065e-05, 4.5936271326707326e-05, 8.010696414659826e-05, 0.007102449888134741, 0.01160679949707386, 0.0, 0.005246267339994232, 0.007996836057776352, 0.001185443405944114, 0.00015307278095261844, 0.0018842193154038692, 0.0006733314884805078, 0.00026514686584325556, 0.0005182610062725308, 0.0031270434256109917, 0.0022959525534270507, 0.0001389351167807393, 0.0004367028705254231, 0.002572214493426307, 0.007485971564855904] and parameters: {'lag_0': 0.4003085410698044, 'lag_1': 0.07312904155737161, 'lag_2': 0.8495186308909366, 'lag_3': 0.7251767440270813, 'lag_4': 0.9165035522462626, 'lag_5': 0.8453884293541382, 'lag_6': 0.6401823534779439, 'lag_7': 0.6663038421084165, 'lag_8': 0.14031696968123433, 'lag_9': 0.04106939866782954, 'lag_10': 0.7686401252386865, 'lag_11': 0.6747435125140442, 'lag_12': 0.4822374445514277, 'lag_13': 0.5788206277881867, 'lag_14': 0.9723903038873792, 'lag_15': 0.04727361985040986, 'lag_16': 0.2184723963730544, 'lag_17': 0.5029700709491322, 'lag_18': 0.8931759578610482, 'lag_19': 0.46224960499507267, 'lag_20': 0.7858280002339558, 'lag_21': 0.6331361133507917, 'lag_22': 0.04036498135975834, 'lag_23': 0.22544401831532462, 'lag_24': 0.6406584696744597, 'lag_25': 0.19852012930882024, 'lag_26': 0.22463083381850654, 'lag_27': 0.2279563683779018, 'lag_28': 0.7901993934067666}.
[I 2025-10-03 11:34:31,122] Trial 75 finished with values: [0.1379591836734694, 0.0007306614133151415, 0.0005352239827659038, 0.001388643760246336, 0.0017348346114661717, 5.9659529846361236e-05, 0.00027802513204446585, 0.0002176873824420831, 0.0025501014492268835, 0.0003758691413265047, 0.00013097516799441365, 9.226382491868396e-05, 0.009549711685604732, 0.010543783683448845, 0.0, 0.0049577556249929145, 0.006769764297857939, 0.0012552956361988983, 0.00017491360043694684, 0.0014768719962595135, 0.0007187881420959274, 0.00037625659303176394, 0.0004970758926591448, 0.002197428064186313, 0.0020075183944637935, 0.00020646422495788127, 0.000201859018550814, 0.003252527311406726, 0.007401034340043406] and parameters: {'lag_0': 0.7311744119594467, 'lag_1': 0.050855251798664874, 'lag_2': 0.006675217476450273, 'lag_3': 0.2923124447729394, 'lag_4': 0.5004130289154585, 'lag_5': 0.13016902653689608, 'lag_6': 0.7822959813210987, 'lag_7': 0.43378344570693866, 'lag_8': 0.5674827885536021, 'lag_9': 0.16257404313141693, 'lag_10': 0.09480208087575746, 'lag_11': 0.1235100574322118, 'lag_12': 0.6170423123491221, 'lag_13': 0.6074571240394468, 'lag_14': 0.6153713895755754, 'lag_15': 0.8484161871791358, 'lag_16': 0.5486156499068312, 'lag_17': 0.019669599055115432, 'lag_18': 0.27332444539069867, 'lag_19': 0.4800374630675861, 'lag_20': 0.39185664852720276, 'lag_21': 0.014594738521909683, 'lag_22': 0.04405924201446146, 'lag_23': 0.40239905639760887, 'lag_24': 0.4029320256580231, 'lag_25': 0.6723629656188225, 'lag_26': 0.9410936573954787, 'lag_27': 0.7688084943278708, 'lag_28': 0.1165050399137909}.
[I 2025-10-03 11:34:33,773] Trial 76 finished with values: [0.1034283299118464, 0.0021958855259170858, 0.0009891386348167635, 0.002158861916441767, 0.0012977154763134037, 0.00027401603522190154, 0.00038922421089657275, 0.000523776065792127, 0.0026426532172457292, 0.0005610587131363905, 0.00025300916895361467, 1.3580402460909907e-05, 0.007535115581075623, 0.01210831239960522, 0.0, 0.006162856860146243, 0.0055188106546421225, 0.001351706661308538, 0.00020224740803990172, 0.0016084134444116888, 0.0004023804819493789, 0.0004778333183241653, 0.0008452417269593943, 0.0020311938557151217, 0.002118033207333232, 0.00016855400133322385, 0.0003068383148437676, 0.002615728480886796, 0.0069094234646052185] and parameters: {'lag_0': 0.7287346217121053, 'lag_1': 0.06529746188650673, 'lag_2': 0.6870559244170469, 'lag_3': 0.5562623237248732, 'lag_4': 0.007229137278992317, 'lag_5': 0.5559109697272322, 'lag_6': 0.8231305178342154, 'lag_7': 0.2012583943944876, 'lag_8': 0.674063643812762, 'lag_9': 0.5159491308796266, 'lag_10': 0.9668188244489747, 'lag_11': 0.15946403885039304, 'lag_12': 0.6759070934772905, 'lag_13': 0.41252091976120986, 'lag_14': 0.5896003056998856, 'lag_15': 0.44446235970697145, 'lag_16': 0.8010163888381906, 'lag_17': 0.05241947232379526, 'lag_18': 0.5824905830887628, 'lag_19': 0.2442044378044126, 'lag_20': 0.6234154949130533, 'lag_21': 0.8523909058894188, 'lag_22': 0.6225349286934406, 'lag_23': 0.49994463098942343, 'lag_24': 0.8449121653811525, 'lag_25': 0.6650853201402304, 'lag_26': 0.7076558911025801, 'lag_27': 0.23261652994729481, 'lag_28': 0.9706133040576961}.
