[I 2025-09-29 12:51:56,658] Trial 40 finished with value: 0.0033769813299748493 and parameters: {'lag_0': 0.12040915634774879, 'lag_1': 0.04686516370725696, 'lag_2': 0.7534142838814206, 'lag_3': 0.529792703844439, 'lag_4': 0.27264993634442497, 'lag_5': 0.6374563099422972, 'lag_6': 0.6428082906589271, 'lag_7': 0.0034271564617262273, 'lag_8': 0.3909578836740265, 'lag_9': 0.3004080857514449, 'lag_10': 0.3395764330289268, 'lag_11': 0.601739149290869, 'lag_12': 0.6235358974685994, 'lag_13': 0.9559704604264784, 'lag_14': 0.06539221640090113, 'lag_15': 0.3861040547660679, 'lag_16': 0.012285661157779126, 'lag_17': 0.3206302150355421, 'lag_18': 0.42001953027634026, 'lag_19': 0.2301258115963907, 'lag_20': 0.8289454145449583, 'lag_21': 0.9087488717198309, 'lag_22': 0.8939541997604202, 'lag_23': 0.3852158968164675, 'lag_24': 0.06942750908802615, 'lag_25': 0.7565923363595679, 'lag_26': 0.17371566353620388, 'lag_27': 0.30445336863650885, 'lag_28': 0.3485598308897323}. Best is trial 30 with value: 0.0032206298976667942.
[I 2025-09-29 12:51:59,154] Trial 41 finished with value: 0.0034269387229613293 and parameters: {'lag_0': 0.933878677763921, 'lag_1': 0.8761326717238935, 'lag_2': 0.48780689385156695, 'lag_3': 0.6915857439529403, 'lag_4': 0.9172796858554708, 'lag_5': 0.012543118572497007, 'lag_6': 0.8848476646955555, 'lag_7': 0.45856618802154464, 'lag_8': 0.7837376329506209, 'lag_9': 0.9129671836749842, 'lag_10': 0.5957684437007449, 'lag_11': 0.7707377126825424, 'lag_12': 0.44654823611040606, 'lag_13': 0.10260722781515069, 'lag_14': 0.5873908164511865, 'lag_15': 0.42986486264003054, 'lag_16': 0.857544380953537, 'lag_17': 0.07679152206718828, 'lag_18': 0.8078811677194192, 'lag_19': 0.9179445938090044, 'lag_20': 0.9274499611927292, 'lag_21': 0.879310871417557, 'lag_22': 0.7925564992869174, 'lag_23': 0.35162706166085034, 'lag_24': 0.5592381778671892, 'lag_25': 0.5369584991590646, 'lag_26': 0.6928181066351083, 'lag_27': 0.2471688419540884, 'lag_28': 0.4972345124387037}. Best is trial 30 with value: 0.0032206298976667942.
[I 2025-09-29 12:52:01,639] Trial 42 finished with value: 0.003743940807578622 and parameters: {'lag_0': 0.9384368733271478, 'lag_1': 0.8185125154867976, 'lag_2': 0.5256891627871548, 'lag_3': 0.7543492828386287, 'lag_4': 0.9469369123738778, 'lag_5': 0.05941880590649326, 'lag_6': 0.8507545716389181, 'lag_7': 0.33407043885563364, 'lag_8': 0.6833953284115843, 'lag_9': 0.8904377458000341, 'lag_10': 0.5474336191125313, 'lag_11': 0.7357808739922407, 'lag_12': 0.3863044030780347, 'lag_13': 0.1812500472567899, 'lag_14': 0.9159479722526045, 'lag_15': 0.5142200002844823, 'lag_16': 0.8108755408952835, 'lag_17': 0.13713846325543172, 'lag_18': 0.8986541244459813, 'lag_19': 0.9944959321672635, 'lag_20': 0.9371327988366661, 'lag_21': 0.7244056634267142, 'lag_22': 0.6312643504636042, 'lag_23': 0.2904230660116864, 'lag_24': 0.4638956569335276, 'lag_25': 0.6797189008807528, 'lag_26': 0.7752561429203095, 'lag_27': 0.41722561243368617, 'lag_28': 0.5805471366917614}. Best is trial 30 with value: 0.0032206298976667942.
[I 2025-09-29 12:52:04,140] Trial 43 finished with value: 0.003441978486277528 and parameters: {'lag_0': 0.8729173015905547, 'lag_1': 0.681599825148423, 'lag_2': 0.6234550297727748, 'lag_3': 0.4617858759606445, 'lag_4': 0.870013832230685, 'lag_5': 0.19364838554533254, 'lag_6': 0.9564186243670649, 'lag_7': 0.4187762247953016, 'lag_8': 0.9165350079671817, 'lag_9': 0.9257124685349549, 'lag_10': 0.6767443937674541, 'lag_11': 0.850207524026519, 'lag_12': 0.5244260034493199, 'lag_13': 0.07658958940805105, 'lag_14': 0.8064684603824157, 'lag_15': 0.39611405822029, 'lag_16': 0.9650620221907544, 'lag_17': 0.16332150302245696, 'lag_18': 0.7950759417740969, 'lag_19': 0.7649363711893533, 'lag_20': 0.8609397161120745, 'lag_21': 0.8122232788860072, 'lag_22': 0.49893364237636795, 'lag_23': 0.20315412606570488, 'lag_24': 0.5554485692075386, 'lag_25': 0.021457160473053516, 'lag_26': 0.8574522399581181, 'lag_27': 0.050469908885595965, 'lag_28': 0.4514915018201754}. Best is trial 30 with value: 0.0032206298976667942.
[I 2025-09-29 12:52:06,631] Trial 44 finished with value: 0.0036641186669435126 and parameters: {'lag_0': 0.7513715800024926, 'lag_1': 0.4559228834946822, 'lag_2': 0.6899410714289617, 'lag_3': 0.5389979479596285, 'lag_4': 0.5157420240641342, 'lag_5': 0.09547821824871466, 'lag_6': 0.9050183184686653, 'lag_7': 0.2941222228692286, 'lag_8': 0.8551772976160892, 'lag_9': 0.9983119569477289, 'lag_10': 0.5435740172533576, 'lag_11': 0.9004908196606671, 'lag_12': 0.44629494031539296, 'lag_13': 0.28341316150894746, 'lag_14': 0.6628804112761935, 'lag_15': 0.6568735043440589, 'lag_16': 0.6987176697568881, 'lag_17': 0.04595662766571254, 'lag_18': 0.6976188093873783, 'lag_19': 0.7446797040392942, 'lag_20': 0.9667072877844751, 'lag_21': 0.42261969298986896, 'lag_22': 0.18120734347501805, 'lag_23': 0.4863558590716034, 'lag_24': 0.6684951043703291, 'lag_25': 0.5371253158349308, 'lag_26': 0.6664811772519733, 'lag_27': 0.9893277683267199, 'lag_28': 0.9807464501524923}. Best is trial 30 with value: 0.0032206298976667942.
[I 2025-09-29 12:52:09,130] Trial 45 finished with value: 0.0037334140155493726 and parameters: {'lag_0': 0.9421460520456008, 'lag_1': 0.3585440620527181, 'lag_2': 0.36064927083226594, 'lag_3': 0.6290029864881161, 'lag_4': 0.7013630121071741, 'lag_5': 0.49587884361936824, 'lag_6': 0.8071458931894644, 'lag_7': 0.21831104659339645, 'lag_8': 0.5140651192364813, 'lag_9': 0.6542611935757359, 'lag_10': 0.055373445043640744, 'lag_11': 0.7520327623319698, 'lag_12': 0.7435975641467631, 'lag_13': 0.8737407555196917, 'lag_14': 0.9697676967203346, 'lag_15': 0.2981510222589212, 'lag_16': 0.8589852607765677, 'lag_17': 0.2529068495777495, 'lag_18': 0.8438937093542718, 'lag_19': 0.621738499046632, 'lag_20': 0.6600801164039627, 'lag_21': 0.8399779884505989, 'lag_22': 0.5756908205013511, 'lag_23': 0.5638431279085441, 'lag_24': 0.40709630908332683, 'lag_25': 0.437373571395799, 'lag_26': 0.7628638504273932, 'lag_27': 0.3370281410259789, 'lag_28': 0.5276893750948367}. Best is trial 30 with value: 0.0032206298976667942.
[I 2025-09-29 12:52:11,629] Trial 46 finished with value: 0.0035890815409847115 and parameters: {'lag_0': 0.8155631697983685, 'lag_1': 0.771503367463515, 'lag_2': 0.5619406733704019, 'lag_3': 0.7896507857045183, 'lag_4': 0.9982305911994387, 'lag_5': 0.31213208907739315, 'lag_6': 0.7033480166381894, 'lag_7': 0.1444739888402752, 'lag_8': 0.6594733451281032, 'lag_9': 0.8826095984347024, 'lag_10': 0.4731234280667148, 'lag_11': 0.236362017186657, 'lag_12': 0.35422019714127595, 'lag_13': 0.2018464225544084, 'lag_14': 0.470251414021978, 'lag_15': 0.45528824929432543, 'lag_16': 0.7844770560110833, 'lag_17': 0.21399773303092917, 'lag_18': 0.17217495100368985, 'lag_19': 0.8234672395815862, 'lag_20': 0.8836992224163973, 'lag_21': 0.7705903925766406, 'lag_22': 0.4414125081993926, 'lag_23': 0.37618242061992285, 'lag_24': 0.7571918083301619, 'lag_25': 0.606332359791655, 'lag_26': 0.6144780494579986, 'lag_27': 0.4044361855696743, 'lag_28': 0.6494015369668764}. Best is trial 30 with value: 0.0032206298976667942.
[I 2025-09-29 12:52:14,140] Trial 47 finished with value: 0.0033413132146359542 and parameters: {'lag_0': 0.9912353172676788, 'lag_1': 0.5202164157355895, 'lag_2': 0.42888071424601415, 'lag_3': 0.9315382171667491, 'lag_4': 0.7923388398673785, 'lag_5': 0.23812313151381218, 'lag_6': 0.7634711300396853, 'lag_7': 0.37379247522648623, 'lag_8': 0.6118628803442969, 'lag_9': 0.16476732774550223, 'lag_10': 0.5265237803748042, 'lag_11': 0.9800036359115344, 'lag_12': 0.4160689422212273, 'lag_13': 0.341112753840929, 'lag_14': 0.20278736384297452, 'lag_15': 0.5561346420324615, 'lag_16': 0.08065197474536867, 'lag_17': 0.658318116958317, 'lag_18': 0.5442667039585172, 'lag_19': 0.5029904146159166, 'lag_20': 0.4757165352898338, 'lag_21': 0.4678774529429923, 'lag_22': 0.33366887162679026, 'lag_23': 0.2453653987414304, 'lag_24': 0.5481896920047071, 'lag_25': 0.2944837870446334, 'lag_26': 0.705011146225742, 'lag_27': 0.5835110909544017, 'lag_28': 0.6942590252840011}. Best is trial 30 with value: 0.0032206298976667942.
[I 2025-09-29 12:52:16,641] Trial 48 finished with value: 0.0034699164800535143 and parameters: {'lag_0': 0.8956337539287982, 'lag_1': 0.3127201204142609, 'lag_2': 0.268246162685551, 'lag_3': 0.6747887953393953, 'lag_4': 0.6158374170239898, 'lag_5': 0.16328797895342798, 'lag_6': 0.8602347552309629, 'lag_7': 0.047232850589136254, 'lag_8': 0.9865292251117233, 'lag_9': 0.5325949747204274, 'lag_10': 0.6687092125668328, 'lag_11': 0.8313604485749946, 'lag_12': 0.06671884312516818, 'lag_13': 0.7647755954988243, 'lag_14': 0.2665882562993944, 'lag_15': 0.8292763679968275, 'lag_16': 0.9478902538749976, 'lag_17': 0.04408579564553797, 'lag_18': 0.9366630158014037, 'lag_19': 0.34465737119050904, 'lag_20': 0.7188223590652373, 'lag_21': 0.3091660796241392, 'lag_22': 0.12316067504650954, 'lag_23': 0.8207275371795747, 'lag_24': 0.14948759208290813, 'lag_25': 0.6384000746087575, 'lag_26': 0.8323909709580751, 'lag_27': 0.21388419791236518, 'lag_28': 0.40792524479792813}. Best is trial 30 with value: 0.0032206298976667942.
[I 2025-09-29 12:52:19,139] Trial 49 finished with value: 0.0036071999888980964 and parameters: {'lag_0': 0.9050595429700986, 'lag_1': 0.4650524991974401, 'lag_2': 0.6640540358259072, 'lag_3': 0.38637907139490557, 'lag_4': 0.9365376777004049, 'lag_5': 0.057942192247334115, 'lag_6': 0.957707946426541, 'lag_7': 0.8619704031063395, 'lag_8': 0.03459374002592136, 'lag_9': 0.9448935029007719, 'lag_10': 0.13975325851030573, 'lag_11': 0.9489921604795867, 'lag_12': 0.4723507150520414, 'lag_13': 0.1004031422218142, 'lag_14': 0.5485668553662988, 'lag_15': 0.07805012805088973, 'lag_16': 0.7547377375539366, 'lag_17': 0.5433841591334888, 'lag_18': 0.6313037122521167, 'lag_19': 0.7064755785306357, 'lag_20': 0.8164139606436538, 'lag_21': 0.9941971599642645, 'lag_22': 0.7008204442825965, 'lag_23': 0.1553569459987992, 'lag_24': 0.23582493378885128, 'lag_25': 0.8342017898430372, 'lag_26': 0.8806529072782208, 'lag_27': 0.8538242331156678, 'lag_28': 0.8446770014122507}. Best is trial 30 with value: 0.0032206298976667942.
[I 2025-09-29 12:52:21,644] Trial 50 finished with value: 0.0035315566001343146 and parameters: {'lag_0': 0.22734633937680543, 'lag_1': 0.9921615026435285, 'lag_2': 0.8671814876099758, 'lag_3': 0.7311895185697161, 'lag_4': 0.8924843514405698, 'lag_5': 0.6033379425923063, 'lag_6': 0.5383615342222342, 'lag_7': 0.6006765661698059, 'lag_8': 0.7684840935475626, 'lag_9': 0.4180235510842647, 'lag_10': 0.3804044987777431, 'lag_11': 0.47415579852002654, 'lag_12': 0.32310188093424996, 'lag_13': 0.004693621417230093, 'lag_14': 0.1580303818788521, 'lag_15': 0.18412981440469586, 'lag_16': 0.8837836760655067, 'lag_17': 0.17496788852840606, 'lag_18': 0.4029044584797425, 'lag_19': 0.19900658517922215, 'lag_20': 0.5830411599477202, 'lag_21': 0.13792795646786887, 'lag_22': 0.9978860816704971, 'lag_23': 0.8447439147260491, 'lag_24': 0.45217659262768534, 'lag_25': 0.7485449234288726, 'lag_26': 0.5818902694235785, 'lag_27': 0.4511384611471918, 'lag_28': 0.7372257181236085}. Best is trial 30 with value: 0.0032206298976667942.
[I 2025-09-29 12:52:24,153] Trial 51 finished with value: 0.003409208180296216 and parameters: {'lag_0': 0.886400719091489, 'lag_1': 0.34999884926067265, 'lag_2': 0.520859678774536, 'lag_3': 0.8465738649337473, 'lag_4': 0.452806519331983, 'lag_5': 0.7882073089306942, 'lag_6': 0.9565899039466732, 'lag_7': 0.4487251614092502, 'lag_8': 0.24184155065740404, 'lag_9': 0.21303685047135074, 'lag_10': 0.044292487653711896, 'lag_11': 0.787808312654902, 'lag_12': 0.0037064113131965726, 'lag_13': 0.9884520661413914, 'lag_14': 0.2253981516600172, 'lag_15': 0.31325885297513034, 'lag_16': 0.9382307996850178, 'lag_17': 0.27197706750474593, 'lag_18': 0.7517787791672033, 'lag_19': 0.581400826829303, 'lag_20': 0.9013764197417262, 'lag_21': 0.4395936594848672, 'lag_22': 0.40889930326841845, 'lag_23': 0.49370954036948367, 'lag_24': 0.04762777126265142, 'lag_25': 0.9755891448292061, 'lag_26': 0.7304333472663931, 'lag_27': 0.3675527056154362, 'lag_28': 0.6283434236436071}. Best is trial 30 with value: 0.0032206298976667942.
[I 2025-09-29 12:52:26,655] Trial 52 finished with value: 0.003909789514996697 and parameters: {'lag_0': 0.8482772606296275, 'lag_1': 0.4226238759518669, 'lag_2': 0.5584433645027208, 'lag_3': 0.8819804258152402, 'lag_4': 0.39973065293518306, 'lag_5': 0.6833654716320898, 'lag_6': 0.8286941718739957, 'lag_7': 0.5284843979701018, 'lag_8': 0.2085001118695324, 'lag_9': 0.05686756736385809, 'lag_10': 0.1919157613169487, 'lag_11': 0.7082446626004612, 'lag_12': 0.010262733247665013, 'lag_13': 0.9802700230535604, 'lag_14': 0.009864443245787759, 'lag_15': 0.4165410715054231, 'lag_16': 0.9480018139335523, 'lag_17': 0.121347505732391, 'lag_18': 0.46781903596645735, 'lag_19': 0.4454127554364484, 'lag_20': 0.9446629015264144, 'lag_21': 0.40612113256356874, 'lag_22': 0.3905923917202649, 'lag_23': 0.4607692816054163, 'lag_24': 0.3033801470229718, 'lag_25': 0.998791448908018, 'lag_26': 0.7211262808129453, 'lag_27': 0.30418345155711257, 'lag_28': 0.5937117806931386}. Best is trial 30 with value: 0.0032206298976667942.
[I 2025-09-29 12:52:29,162] Trial 53 finished with value: 0.0039551907609140305 and parameters: {'lag_0': 0.9673078072394861, 'lag_1': 0.3820324370311631, 'lag_2': 0.5683782185419216, 'lag_3': 0.9981737272935504, 'lag_4': 0.5069078807630736, 'lag_5': 0.8389842763038544, 'lag_6': 0.9278468423787191, 'lag_7': 0.4115867783239398, 'lag_8': 0.1750544640655834, 'lag_9': 0.14695200765106162, 'lag_10': 0.12396795820436343, 'lag_11': 0.8723104150030776, 'lag_12': 0.14685507382587326, 'lag_13': 0.9116100710312751, 'lag_14': 0.3315288566751846, 'lag_15': 0.2549802418013498, 'lag_16': 0.9924202545777854, 'lag_17': 0.9363606888847648, 'lag_18': 0.7710641345131515, 'lag_19': 0.6559183600991695, 'lag_20': 0.9144314955061333, 'lag_21': 0.36188386846062637, 'lag_22': 0.2939738591947421, 'lag_23': 0.40689332074856754, 'lag_24': 0.16633719108145995, 'lag_25': 0.87169825289376, 'lag_26': 0.955441298561506, 'lag_27': 0.14822180805400212, 'lag_28': 0.5483110789607544}. Best is trial 30 with value: 0.0032206298976667942.
[I 2025-09-29 12:52:31,668] Trial 54 finished with value: 0.0034893027557869744 and parameters: {'lag_0': 0.77855127481402, 'lag_1': 0.3297518271620717, 'lag_2': 0.4604852899810164, 'lag_3': 0.9429798108320337, 'lag_4': 0.3008569502095423, 'lag_5': 0.9564637123587177, 'lag_6': 0.8762272419255028, 'lag_7': 0.5129587467062265, 'lag_8': 0.1121870536261419, 'lag_9': 0.22048076333568883, 'lag_10': 0.07819921478128529, 'lag_11': 0.8223866391832091, 'lag_12': 0.11329138368875828, 'lag_13': 0.8447381333047537, 'lag_14': 0.05173680213890669, 'lag_15': 0.3351513784217578, 'lag_16': 0.8261932127330114, 'lag_17': 0.38279221718515904, 'lag_18': 0.7070834550399225, 'lag_19': 0.5107330680371349, 'lag_20': 0.8556947270412474, 'lag_21': 0.5705879089924975, 'lag_22': 0.2341972606707439, 'lag_23': 0.34943958257592644, 'lag_24': 0.2501027394173605, 'lag_25': 0.9280162462266845, 'lag_26': 0.6610771700326861, 'lag_27': 0.512155664077069, 'lag_28': 0.6646608065735525}. Best is trial 30 with value: 0.0032206298976667942.
[I 2025-09-29 12:52:34,172] Trial 55 finished with value: 0.003913633508811312 and parameters: {'lag_0': 0.9041761794299239, 'lag_1': 0.26649501757157107, 'lag_2': 0.7094016919422691, 'lag_3': 0.576083855436628, 'lag_4': 0.5863376056003923, 'lag_5': 0.7727541562484757, 'lag_6': 0.9562593496379345, 'lag_7': 0.3009761787896016, 'lag_8': 0.45334900661120064, 'lag_9': 0.2697351570529301, 'lag_10': 0.24277253650704475, 'lag_11': 0.6416901609952543, 'lag_12': 0.24227796644986277, 'lag_13': 0.4264368560864812, 'lag_14': 0.12010136233484633, 'lag_15': 0.11000397328868619, 'lag_16': 0.4578164503263287, 'lag_17': 0.31414827537770973, 'lag_18': 0.5867284403611626, 'lag_19': 0.2622287160703116, 'lag_20': 0.7658198979077246, 'lag_21': 0.6127393312697431, 'lag_22': 0.4495081113901719, 'lag_23': 0.5511468271587988, 'lag_24': 0.07428057611254743, 'lag_25': 0.7020564408165118, 'lag_26': 0.37310732821293235, 'lag_27': 0.3592114837278082, 'lag_28': 0.6231116247776856}. Best is trial 30 with value: 0.0032206298976667942.
[I 2025-09-29 12:52:36,678] Trial 56 finished with value: 0.003340852076172339 and parameters: {'lag_0': 0.740409596379145, 'lag_1': 0.6479319853049119, 'lag_2': 0.594905195653837, 'lag_3': 0.8458538565752824, 'lag_4': 0.8265414710831955, 'lag_5': 0.915729964185412, 'lag_6': 0.9987825246527721, 'lag_7': 0.7132422890986279, 'lag_8': 0.3166076945032795, 'lag_9': 0.10889831994141963, 'lag_10': 0.01719963668251223, 'lag_11': 0.02105407983853258, 'lag_12': 0.07041116206716777, 'lag_13': 0.9472064819300222, 'lag_14': 0.20898335708547994, 'lag_15': 0.3741330484844567, 'lag_16': 0.905506715045446, 'lag_17': 0.4545313146344929, 'lag_18': 0.6651661771457698, 'lag_19': 0.407402763395003, 'lag_20': 0.6440566665874514, 'lag_21': 0.2573484410196328, 'lag_22': 0.3524351374491628, 'lag_23': 0.8954916491260854, 'lag_24': 0.5975466145875786, 'lag_25': 0.20487218139366248, 'lag_26': 0.7887219060447297, 'lag_27': 0.2207945008627097, 'lag_28': 0.46836526214509594}. Best is trial 30 with value: 0.0032206298976667942.
[I 2025-09-29 12:52:39,183] Trial 57 finished with value: 0.003839389868318694 and parameters: {'lag_0': 0.8325415028645818, 'lag_1': 0.22164640946388658, 'lag_2': 0.3932872702271511, 'lag_3': 0.5015668020329546, 'lag_4': 0.3652883939408439, 'lag_5': 0.8525596904173897, 'lag_6': 0.9249359610219259, 'lag_7': 0.21401859302813434, 'lag_8': 0.36960008572994024, 'lag_9': 0.18614333253363746, 'lag_10': 0.16413971593440302, 'lag_11': 0.9000454133163301, 'lag_12': 0.5650352194103402, 'lag_13': 0.7824592081927888, 'lag_14': 0.38660552349789495, 'lag_15': 0.2396767873953261, 'lag_16': 0.9665877842980568, 'lag_17': 0.084721116734574, 'lag_18': 0.49310961713659984, 'lag_19': 0.34671725563503164, 'lag_20': 0.9942646842604448, 'lag_21': 0.4918149810824731, 'lag_22': 0.20466386260656405, 'lag_23': 0.6550670385303349, 'lag_24': 0.3570483671087795, 'lag_25': 0.8249551619988582, 'lag_26': 0.8824875336963468, 'lag_27': 0.32254552328730124, 'lag_28': 0.24435975674048235}. Best is trial 30 with value: 0.0032206298976667942.
[I 2025-09-29 12:52:41,691] Trial 58 finished with value: 0.0031634007888550605 and parameters: {'lag_0': 0.6318159947095133, 'lag_1': 0.5852944344025729, 'lag_2': 0.5186144314379026, 'lag_3': 0.6182187707568054, 'lag_4': 0.47105663066126474, 'lag_5': 0.9140316500689849, 'lag_6': 0.668556722355982, 'lag_7': 0.07217489971306557, 'lag_8': 0.2145214181495571, 'lag_9': 0.37963314466214104, 'lag_10': 0.4311965675943558, 'lag_11': 0.9648711638493942, 'lag_12': 0.930281475771397, 'lag_13': 0.8507633585647667, 'lag_14': 0.2960967520121214, 'lag_15': 0.28473868543748526, 'lag_16': 0.865714558280504, 'lag_17': 0.23883400637378682, 'lag_18': 0.8771613355507556, 'lag_19': 0.5573196393174706, 'lag_20': 0.700805603742275, 'lag_21': 0.3210147117550741, 'lag_22': 0.4863092031658944, 'lag_23': 0.4519676135288655, 'lag_24': 0.1252797517233285, 'lag_25': 0.5691149982958343, 'lag_26': 0.03726244523891581, 'lag_27': 0.11812600843640975, 'lag_28': 0.523236644834882}. Best is trial 58 with value: 0.0031634007888550605.
[I 2025-09-29 12:52:44,194] Trial 59 finished with value: 0.0034619253580812186 and parameters: {'lag_0': 0.6261389118474742, 'lag_1': 0.5781615659004725, 'lag_2': 0.6297807902210306, 'lag_3': 0.6212222388155767, 'lag_4': 0.7382294976947174, 'lag_5': 0.9735570954420454, 'lag_6': 0.6318748424838965, 'lag_7': 0.11785561063277172, 'lag_8': 8.967531811922887e-05, 'lag_9': 0.3701420811346165, 'lag_10': 0.44165224548285914, 'lag_11': 0.9629635862942753, 'lag_12': 0.8740484262388509, 'lag_13': 0.7477430618351131, 'lag_14': 0.44137498293023714, 'lag_15': 0.19838786289916951, 'lag_16': 0.7425594750046142, 'lag_17': 0.21431476669697946, 'lag_18': 0.8736969593401407, 'lag_19': 0.4781595446231507, 'lag_20': 0.5478487874955534, 'lag_21': 0.3217263001181373, 'lag_22': 0.004193414467987766, 'lag_23': 0.9815061979475959, 'lag_24': 0.19955323146687876, 'lag_25': 0.5784226527068717, 'lag_26': 0.02292854472499223, 'lag_27': 0.02921281513237608, 'lag_28': 0.5240226803879802}. Best is trial 58 with value: 0.0031634007888550605.
[I 2025-09-29 12:52:46,693] Trial 60 finished with value: 0.0035079520388957308 and parameters: {'lag_0': 0.6788284231113298, 'lag_1': 0.7303442307607444, 'lag_2': 0.5114974329781643, 'lag_3': 0.5535684484291515, 'lag_4': 0.9493581358428197, 'lag_5': 0.5022214803658165, 'lag_6': 0.6861826323019915, 'lag_7': 0.05161318464587469, 'lag_8': 0.13533969452177264, 'lag_9': 0.4610537774982066, 'lag_10': 0.5031779445592385, 'lag_11': 0.9242304316952613, 'lag_12': 0.7642042625218751, 'lag_13': 0.82907010835015, 'lag_14': 0.30869018695306905, 'lag_15': 0.28310510802730493, 'lag_16': 0.8587453875484048, 'lag_17': 0.18862112657767988, 'lag_18': 0.9148176049519865, 'lag_19': 0.8339787384303081, 'lag_20': 0.7008937784874203, 'lag_21': 0.6576819481595446, 'lag_22': 0.48546979078277763, 'lag_23': 0.3070209190919708, 'lag_24': 0.11154447657069362, 'lag_25': 0.6297030527267203, 'lag_26': 0.11264484009120028, 'lag_27': 0.12884682703529102, 'lag_28': 0.35454531207294737}. Best is trial 58 with value: 0.0031634007888550605.
