[I 2025-10-03 11:37:57,093] Trial 52 finished with values: [0.005555555555555555, 0.005689421635419446, 0.015385659617524744, 0.007741255341776077, 0.001958949997509358, 0.00904924055043781, 0.0004052695979459382, 0.0015181875815650924, 0.00806335255309957, 0.0006637176679702804, 0.0036348250130742326, 0.005285598262289489, 0.0021981581807487436, 0.10297543472865382, 0.0, 0.009008155907886558, 0.012649393207753415, 0.0012890909474520833, 0.00035655643439184726, 0.0009961468914982553, 0.007084605720059728, 0.0009812841945789292, 0.0012143454231598656, 0.012883134026371933, 0.0008475541233942396, 0.0008421033347584348, 0.0008501745889462873, 0.0, 0.0] and parameters: {'lag_0': 0.6590204420246285, 'lag_1': 0.4929654440828144, 'lag_2': 0.8568719281585595, 'lag_3': 0.04288696667050367, 'lag_4': 0.7487809911905586, 'lag_5': 0.3518560547746853, 'lag_6': 0.37574706655993045, 'lag_7': 0.8807889185114384, 'lag_8': 0.7180763035728097, 'lag_9': 0.12715830604791545, 'lag_10': 0.8733498217541243, 'lag_11': 0.6491729457547126, 'lag_12': 0.2395115546572989, 'lag_13': 0.7406345857431657, 'lag_14': 0.7855105731202585, 'lag_15': 0.2314241847888475, 'lag_16': 0.20639691515086317, 'lag_17': 0.7363449376919715, 'lag_18': 0.9095155087938841, 'lag_19': 0.8544292948762215, 'lag_20': 0.047161879792975106, 'lag_21': 0.6376611849193031, 'lag_22': 0.7606958430241958, 'lag_23': 0.48850864445169295, 'lag_24': 0.873488028220921, 'lag_25': 0.5497554438359632, 'lag_26': 0.5889792507041008, 'lag_27': 0.5827683840962228, 'lag_28': 0.5917345435381917}.
[I 2025-10-03 11:37:59,783] Trial 53 finished with values: [0.018581632653061224, 0.007670066463366955, 0.007958610888303177, 0.011533817334733154, 0.004212484637962093, 0.010693519028499309, 0.0008950188207527571, 0.0012784979961034388, 0.007023081185030565, 0.0003155726506787461, 0.0017128076138697187, 0.004151678404211559, 0.002730638257223929, 0.09848198048630463, 0.0, 0.007956633308616934, 0.012573065045834112, 0.0015381365431358092, 0.00034915191738684815, 0.001064539262340678, 0.007659729048382501, 0.0009113802178751972, 0.0009890836472525053, 0.01300152937128354, 0.0006846046926008785, 0.001213246405710795, 0.0013383584844439919, 0.0, 0.0] and parameters: {'lag_0': 0.34466163956624996, 'lag_1': 0.6699613747796493, 'lag_2': 0.22384872098648564, 'lag_3': 0.3347869887019518, 'lag_4': 0.29198962200383083, 'lag_5': 0.6708246986302968, 'lag_6': 0.8643979175619921, 'lag_7': 0.7155555337519112, 'lag_8': 0.8458482109321005, 'lag_9': 0.5176827000053882, 'lag_10': 0.7294477950088208, 'lag_11': 0.1664901982058169, 'lag_12': 0.7929934664124336, 'lag_13': 0.4508515114846035, 'lag_14': 0.8923896799384529, 'lag_15': 0.5597482138555516, 'lag_16': 0.32505901694646927, 'lag_17': 0.3946926845324222, 'lag_18': 0.9294648282299535, 'lag_19': 0.8055205846499022, 'lag_20': 0.8676704310849254, 'lag_21': 0.12880865733631633, 'lag_22': 0.11916760081163329, 'lag_23': 0.7621811116827745, 'lag_24': 0.4035771999666515, 'lag_25': 0.3704232019411979, 'lag_26': 0.9209026432281312, 'lag_27': 0.3378477964199655, 'lag_28': 0.09385155278681492}.
[I 2025-10-03 11:38:02,475] Trial 54 finished with values: [0.008000000000000002, 0.0052633751396536374, 0.004969590717853862, 0.01028643556832244, 0.003832182839603783, 0.006293595977137342, 0.0014629339942989143, 0.001731533313966281, 0.006987522696594643, 0.0006007418523173501, 0.0024254170293912638, 0.004408715613469763, 0.002183998199775216, 0.09640958808039181, 0.0, 0.008513551251909378, 0.014968203602000962, 0.0017253491164685622, 0.00022789987605693527, 0.0013399518850729583, 0.007763395511817467, 0.0015400662440454068, 0.0008616832460583918, 0.01382809436863475, 0.0006062142323079963, 0.0011300912753720543, 0.0005567367024505107, 0.0, 0.0] and parameters: {'lag_0': 0.44533910642687546, 'lag_1': 0.25564976899172354, 'lag_2': 0.6272307412721726, 'lag_3': 0.35411548640746615, 'lag_4': 0.5851148771028256, 'lag_5': 0.42493566945094197, 'lag_6': 0.9514099531943832, 'lag_7': 0.5716722139834659, 'lag_8': 0.44805617647976337, 'lag_9': 0.9146745880728268, 'lag_10': 0.2134092439382209, 'lag_11': 0.7793443884520175, 'lag_12': 0.16379306181433298, 'lag_13': 0.06332314068450384, 'lag_14': 0.9186364788931927, 'lag_15': 0.609069102699142, 'lag_16': 0.6349219862015069, 'lag_17': 0.3009803515196307, 'lag_18': 0.3790292909049243, 'lag_19': 0.24529929889312077, 'lag_20': 0.08934841692001415, 'lag_21': 0.3700164522390019, 'lag_22': 0.07978502021790808, 'lag_23': 0.8324580303775139, 'lag_24': 0.3482285504639706, 'lag_25': 0.3805716467558033, 'lag_26': 0.6088295116455688, 'lag_27': 0.12475121363675165, 'lag_28': 0.9696048024990513}.
[I 2025-10-03 11:38:05,158] Trial 55 finished with values: [0.013555555555555557, 0.005113750153745438, 0.015049264076647126, 0.009801784146093834, 0.0013431289417702083, 0.010328801550065672, 0.00020205796195309369, 0.0009294361297361532, 0.007737612154154773, 0.000915342293094603, 0.004083565927043976, 0.0048674562835941595, 0.0024270672024651143, 0.10250884597335896, 0.0, 0.008601359040469039, 0.014519895043102193, 0.0011862017837006079, 0.0003918030267307471, 0.0012363800661451788, 0.007821782100029616, 0.0012887921195405753, 0.001080869050371979, 0.013869282755933382, 0.0010016374644020842, 0.0010479733982558391, 0.0012612811518102251, 0.0, 0.0] and parameters: {'lag_0': 0.22510985590273458, 'lag_1': 0.7750420573685353, 'lag_2': 0.5395185448839596, 'lag_3': 0.954906488339376, 'lag_4': 0.058202264075248325, 'lag_5': 0.9166390471211923, 'lag_6': 0.10295221401830859, 'lag_7': 0.8206288759891035, 'lag_8': 0.690097652702225, 'lag_9': 0.3986417646725882, 'lag_10': 0.8821364525033035, 'lag_11': 0.396469248012194, 'lag_12': 0.6895539814705919, 'lag_13': 0.09792529944329273, 'lag_14': 0.3504373543643189, 'lag_15': 0.2778310513435924, 'lag_16': 0.09914412472060193, 'lag_17': 0.9062579054298043, 'lag_18': 0.18409965465799877, 'lag_19': 0.6260199567623786, 'lag_20': 0.26528747147003295, 'lag_21': 0.4273470034897864, 'lag_22': 0.21272657823111185, 'lag_23': 0.7927158669126814, 'lag_24': 0.45915257173753266, 'lag_25': 0.9476654212761715, 'lag_26': 0.18828066446162645, 'lag_27': 0.7981577784833428, 'lag_28': 0.4850363781494951}.
[I 2025-10-03 11:38:07,862] Trial 56 finished with values: [0.0020809304113802384, 0.008409444472706518, 0.004766956489770262, 0.006985605119753607, 0.0015092583026019147, 0.009904806925408096, 0.0003492497195908699, 0.003623300138090034, 0.007910940846731667, 0.0003864233778910978, 0.004753097324427029, 0.007128625851862488, 0.0018173214866239451, 0.10167689697412823, 0.0, 0.009869696319368843, 0.014135077000017583, 0.0013191290581525755, 0.00023086629325534948, 0.0010134044632566358, 0.007498544494214293, 0.0013878484143630234, 0.0008083840684817093, 0.01292496517669572, 0.001226950029533337, 0.001085555441849042, 0.0010385254032540129, 0.0, 0.0] and parameters: {'lag_0': 0.5850606461898656, 'lag_1': 0.20680309618164566, 'lag_2': 0.9012151009386639, 'lag_3': 0.6608586954080621, 'lag_4': 0.19888543853810922, 'lag_5': 0.5892574799877438, 'lag_6': 0.8759559810079894, 'lag_7': 0.9940683694233652, 'lag_8': 0.5690794020916352, 'lag_9': 0.8839611919353901, 'lag_10': 0.8664970980532654, 'lag_11': 0.013386311594443983, 'lag_12': 0.4241307058254141, 'lag_13': 0.820140774783852, 'lag_14': 0.9616490260993065, 'lag_15': 0.4635146699543389, 'lag_16': 0.19319465019139076, 'lag_17': 0.13737951888424532, 'lag_18': 0.842028711127328, 'lag_19': 0.3644417469631072, 'lag_20': 0.1968252754522027, 'lag_21': 0.8005973873112101, 'lag_22': 0.3563974046063458, 'lag_23': 0.2505043020929447, 'lag_24': 0.14582003407670988, 'lag_25': 0.7384180537734248, 'lag_26': 0.8351167392874173, 'lag_27': 0.6374128396439545, 'lag_28': 0.7071337127863391}.
[I 2025-10-03 11:38:10,552] Trial 57 finished with values: [0.0011834319526627221, 0.006554634398342879, 0.008768904366362249, 0.005162048848854631, 0.002882291992273093, 0.010375937026134433, 0.00010187596463861985, 0.0010302391210682685, 0.008206908102778352, 0.00031776176966346475, 0.003299232040340708, 0.0052143856404736014, 0.002708826930963526, 0.09957051663824121, 0.0, 0.008515651382374381, 0.014607534881430262, 0.0016505256527975958, 0.00041820354450251856, 0.0011274208754792291, 0.0067077541864797585, 0.0008890491100911853, 0.0009240950903571917, 0.011644427037286614, 0.001248794326497439, 0.0008891783012249452, 0.0011974788441559744, 0.0, 0.0] and parameters: {'lag_0': 0.3383034736663199, 'lag_1': 0.7086849373767591, 'lag_2': 0.5769129250132837, 'lag_3': 0.16024508980061816, 'lag_4': 0.19213168763354513, 'lag_5': 0.8192695065958197, 'lag_6': 0.6268106676762234, 'lag_7': 0.4316209570207194, 'lag_8': 0.5743158278883346, 'lag_9': 0.3547641798803403, 'lag_10': 0.633755815129733, 'lag_11': 0.3842031863168855, 'lag_12': 0.332764011240316, 'lag_13': 0.9660331267447584, 'lag_14': 0.12461016695302381, 'lag_15': 0.33856760242944883, 'lag_16': 0.01851695053925862, 'lag_17': 0.8410626094284271, 'lag_18': 0.2176538042933329, 'lag_19': 0.15250277672572204, 'lag_20': 0.6585007884320343, 'lag_21': 0.33955224342450246, 'lag_22': 0.8060908979258986, 'lag_23': 0.3821096237787374, 'lag_24': 0.24043922675864773, 'lag_25': 0.2836525720302378, 'lag_26': 0.05962615212302479, 'lag_27': 0.8765811319704445, 'lag_28': 0.6468297780206078}.
[I 2025-10-03 11:38:13,242] Trial 58 finished with values: [0.0013888888888888887, 0.011691284364985663, 0.009206604796010591, 0.010543788939755725, 0.001134499207915942, 0.0075297096863453485, 0.001361418368627196, 0.0011987886994204613, 0.006882099214253905, 0.00010952204441207489, 0.002943987681817926, 0.0059978463889872645, 0.003527334403978308, 0.1001509643817616, 0.0, 0.00746076197295701, 0.01412652889341166, 0.0015878507439285386, 0.0003125699031436368, 0.0008606596671868166, 0.006975816706982893, 0.0008273612036488246, 0.001245162581202267, 0.011967949152930054, 0.0014626687761731302, 0.0011054297585141042, 0.0011516967877858888, 0.0, 0.0] and parameters: {'lag_0': 0.5190902166088174, 'lag_1': 0.45619061486516493, 'lag_2': 0.15779985633448126, 'lag_3': 0.6687971549033388, 'lag_4': 0.6055950749399684, 'lag_5': 0.7070112766719339, 'lag_6': 0.8070875763164402, 'lag_7': 0.9254541268156539, 'lag_8': 0.11717057452168433, 'lag_9': 0.8998209296476437, 'lag_10': 0.3266680933626117, 'lag_11': 0.05078301001914771, 'lag_12': 0.9203012027458402, 'lag_13': 0.19571032248198864, 'lag_14': 0.6299022531440243, 'lag_15': 0.9626742469274295, 'lag_16': 0.8670994214958903, 'lag_17': 0.7998763436571714, 'lag_18': 0.6061662763665477, 'lag_19': 0.5834311062187868, 'lag_20': 0.42794245790841245, 'lag_21': 0.490472709894089, 'lag_22': 0.08707937822069356, 'lag_23': 0.6435580446454261, 'lag_24': 0.21493939655229005, 'lag_25': 0.4863422354923631, 'lag_26': 0.25800617343783355, 'lag_27': 0.5554429905605054, 'lag_28': 0.07346741289625541}.
[I 2025-10-03 11:38:15,935] Trial 59 finished with values: [0.009206632653061226, 0.014687852837417604, 0.00894158240767824, 0.008087306138606554, 0.0021465178143672413, 0.006144141000408394, 0.00027993180064432024, 0.0021352310984198196, 0.007806010245069606, 0.0004734196940469864, 0.002930064039954349, 0.006221353517355097, 0.0019752120512280926, 0.09543984524920147, 0.0, 0.006696712100591776, 0.01284940265194165, 0.0017288519287800765, 0.00018856818523212173, 0.0009304745745095953, 0.00751101957880035, 0.0008226660736358442, 0.00164776841189339, 0.013389274895784519, 0.0005530261022829262, 0.001035831124093856, 0.0005134182948232015, 0.0, 0.0] and parameters: {'lag_0': 0.9588695394380264, 'lag_1': 0.7375588871623636, 'lag_2': 0.9920645082854049, 'lag_3': 0.8994971959376441, 'lag_4': 0.9153545998192292, 'lag_5': 0.7439597766988113, 'lag_6': 0.18829171921562526, 'lag_7': 0.14726189914337043, 'lag_8': 0.7322300282344875, 'lag_9': 0.013576726502720328, 'lag_10': 0.384740762921592, 'lag_11': 0.08588977807836554, 'lag_12': 0.3767901429746465, 'lag_13': 0.5778817166050084, 'lag_14': 0.49569490622058876, 'lag_15': 0.7686839036932915, 'lag_16': 0.26806512882814754, 'lag_17': 0.2737107085887156, 'lag_18': 0.2269850604362438, 'lag_19': 0.7276173577679291, 'lag_20': 0.6116768511989891, 'lag_21': 0.45364888434469347, 'lag_22': 0.9813291632330233, 'lag_23': 0.9444994106755972, 'lag_24': 0.9627980778708377, 'lag_25': 0.6649250625913108, 'lag_26': 0.9129173793644307, 'lag_27': 0.05604745236559527, 'lag_28': 0.7745045457947072}.
[I 2025-10-03 11:38:18,624] Trial 60 finished with values: [0.21750996256490765, 0.021039256437232028, 0.011963004193419873, 0.00597403124724308, 0.002918187591653237, 0.006824171237319872, 0.00018011346711091118, 0.0012565614095305987, 0.007713299898184462, 0.000811774685547462, 0.0025997034739557263, 0.0047590286757299965, 0.0017645462113741518, 0.10094986542805066, 0.0, 0.004645860805343222, 0.012749358402203901, 0.0016119894710118327, 0.00022893659293072685, 0.0011635148499702782, 0.006491768501836558, 0.0012856561637246515, 0.0009796444321653604, 0.01309905293796127, 0.0009088232548411347, 0.0010826638107046347, 0.0009660988980560925, 0.0, 0.0] and parameters: {'lag_0': 0.3876170723750524, 'lag_1': 0.23859314535503226, 'lag_2': 0.9381790350488997, 'lag_3': 0.8755351417566795, 'lag_4': 0.058202264075248325, 'lag_5': 0.9458164657661317, 'lag_6': 0.10295221401830859, 'lag_7': 0.46482796563849593, 'lag_8': 0.4344905173946824, 'lag_9': 0.5030845425951218, 'lag_10': 0.9618693208511071, 'lag_11': 0.5390800386005071, 'lag_12': 0.8936361394535735, 'lag_13': 0.46860639072717664, 'lag_14': 0.9149211513022483, 'lag_15': 0.8192816570900628, 'lag_16': 0.8354718975072263, 'lag_17': 0.8119128194784785, 'lag_18': 0.6138112505671368, 'lag_19': 0.9224043042148954, 'lag_20': 0.10486183040928485, 'lag_21': 0.7259280516833744, 'lag_22': 0.6075803322930456, 'lag_23': 0.6042195813107633, 'lag_24': 0.12744045521516043, 'lag_25': 0.8088532183366177, 'lag_26': 0.5846362886911622, 'lag_27': 0.6070459442074627, 'lag_28': 0.11974800056982858}.
[I 2025-10-03 11:38:21,310] Trial 61 finished with values: [0.0013888888888888887, 0.014400062631678678, 0.010479286687380778, 0.008717977046323915, 0.0011852176057183278, 0.012395484457957079, 0.00022672353322470296, 0.002425470590165684, 0.009442355320002096, 0.00017213077770784573, 0.0022367581111489435, 0.005077241787645901, 0.0022284790574031107, 0.10282195552254766, 0.0, 0.006897152236343714, 0.012579292571452433, 0.0011737884496440757, 0.0003085844767717487, 0.0013848597559700828, 0.007173391843637296, 0.0009243576546783228, 0.0009914780253334034, 0.011938820948008503, 0.0008948406198518855, 0.0010616160261227776, 0.0011213091426108064, 0.0, 0.0] and parameters: {'lag_0': 0.11720166601312093, 'lag_1': 0.8563160465919059, 'lag_2': 0.15779985633448126, 'lag_3': 0.3360405140744763, 'lag_4': 0.7075371540890121, 'lag_5': 0.2972914540270844, 'lag_6': 0.09309548393568066, 'lag_7': 0.9254541268156539, 'lag_8': 0.05983254099346251, 'lag_9': 0.0273250619326784, 'lag_10': 0.19228874312881183, 'lag_11': 0.05078301001914771, 'lag_12': 0.02325704236746615, 'lag_13': 0.2693550264266642, 'lag_14': 0.6299022531440243, 'lag_15': 0.6912747567807661, 'lag_16': 0.6156336697833354, 'lag_17': 0.4626597319764349, 'lag_18': 0.5120621771707371, 'lag_19': 0.7267424712586392, 'lag_20': 0.6083365209918346, 'lag_21': 0.7938270542076399, 'lag_22': 0.24301287400452526, 'lag_23': 0.4463399096578356, 'lag_24': 0.8381115447285862, 'lag_25': 0.6506811681678409, 'lag_26': 0.25800617343783355, 'lag_27': 0.8004729345928647, 'lag_28': 0.789125757961875}.
[I 2025-10-03 11:38:23,993] Trial 62 finished with values: [0.021124999999999998, 0.009814777862344606, 0.006232927198142358, 0.004908292205638064, 0.002315726851765044, 0.00665277130107345, 0.0002955288156313859, 0.0015711396174393662, 0.00586573536990664, 0.0008762436275630578, 0.0023356236413861003, 0.005009010791300684, 0.00258135121971398, 0.098487790213685, 0.0, 0.008198369489378122, 0.012518586031616239, 0.00196474289153123, 0.0003228667162314651, 0.001264988028199774, 0.008686153593516443, 0.0012975139816312083, 0.0010286897626194604, 0.012647279579703944, 0.0006971722692720105, 0.001041207742889597, 0.0009034550109383567, 0.0, 0.0] and parameters: {'lag_0': 0.4623767190619836, 'lag_1': 0.6610051175751258, 'lag_2': 0.30388919386632585, 'lag_3': 0.9717753057104693, 'lag_4': 0.1637970698126467, 'lag_5': 0.30968349565322206, 'lag_6': 0.862748010873877, 'lag_7': 0.05624293003819978, 'lag_8': 0.7731453335085192, 'lag_9': 0.7721021266051179, 'lag_10': 0.9391599406650077, 'lag_11': 0.3842031863168855, 'lag_12': 0.31145009460988365, 'lag_13': 0.9660331267447584, 'lag_14': 0.09019383421188579, 'lag_15': 0.33856760242944883, 'lag_16': 0.22043948396432153, 'lag_17': 0.13243252627275118, 'lag_18': 0.10175988317979727, 'lag_19': 0.028110644853057407, 'lag_20': 0.6585007884320343, 'lag_21': 0.5208544609933655, 'lag_22': 0.36318913942347036, 'lag_23': 0.5229795581339644, 'lag_24': 0.5159393681576854, 'lag_25': 0.6000751445687115, 'lag_26': 0.993978110879372, 'lag_27': 0.916522204003851, 'lag_28': 0.6468297780206078}.
[I 2025-10-03 11:38:26,686] Trial 63 finished with values: [0.005555555555555555, 0.00916628353707329, 0.007208337305771718, 0.009379820225484978, 0.00437545677130717, 0.006271236309466676, 0.0003545721531344275, 0.0008070825053401818, 0.008416242520212842, 0.0005090848296576274, 0.00257097280020272, 0.004926779493998503, 0.001955838575600953, 0.10611533237823681, 0.0, 0.007252662933967066, 0.012554418709591692, 0.0015778812156119649, 0.000302889728483647, 0.0009809653105875397, 0.007825440877443584, 0.000743207585285451, 0.0011081984397883374, 0.011809399021318156, 0.0006781302176455, 0.0009939657994359234, 0.0016221550585507627, 0.0, 0.0] and parameters: {'lag_0': 0.5850606461898656, 'lag_1': 0.8996595501344886, 'lag_2': 0.9365660848021695, 'lag_3': 0.6608586954080621, 'lag_4': 0.13747062090360745, 'lag_5': 0.7116523325608228, 'lag_6': 0.668638435785352, 'lag_7': 0.8382836791595619, 'lag_8': 0.5127023592742735, 'lag_9': 0.5599728443374978, 'lag_10': 0.36360962064023744, 'lag_11': 0.47105561248621197, 'lag_12': 0.1379157264686217, 'lag_13': 0.820140774783852, 'lag_14': 0.5965084633046189, 'lag_15': 0.4635146699543389, 'lag_16': 0.19319465019139076, 'lag_17': 0.38732554304424893, 'lag_18': 0.4996650718878174, 'lag_19': 0.2238585278579526, 'lag_20': 0.1968252754522027, 'lag_21': 0.6977272504559833, 'lag_22': 0.3563974046063458, 'lag_23': 0.19024039606917706, 'lag_24': 0.8885162011619746, 'lag_25': 0.7384180537734248, 'lag_26': 0.8351167392874173, 'lag_27': 0.6374128396439545, 'lag_28': 0.7915938057751702}.
[I 2025-10-03 11:38:29,379] Trial 64 finished with values: [0.008000000000000002, 0.010389901546154752, 0.005737682868710561, 0.011451874179826316, 0.003923026441681495, 0.008205689160587077, 0.0006289918259720195, 0.0013350811990023312, 0.007945872165308277, 0.0003727403236006424, 0.001785983854811115, 0.005074822039726574, 0.0020251730143976436, 0.10019578492207841, 0.0, 0.006358034639610846, 0.012024485732430205, 0.0015374861655833947, 0.0003255476791516142, 0.0013353837744799863, 0.007592420303641827, 0.001014848912854325, 0.0010582121071679592, 0.013642312982877556, 0.0014068633824339855, 0.0006930954264924389, 0.0016731053516747152, 0.0, 0.0] and parameters: {'lag_0': 0.7874361159992351, 'lag_1': 0.8218623627406074, 'lag_2': 0.22634008137092765, 'lag_3': 0.14449280180614707, 'lag_4': 0.874795425095584, 'lag_5': 0.19374294966481742, 'lag_6': 0.6565069921274337, 'lag_7': 0.3872243827580466, 'lag_8': 0.1447690127588506, 'lag_9': 0.4578862201798982, 'lag_10': 0.26596750112826273, 'lag_11': 0.43809831847522174, 'lag_12': 0.878648158660497, 'lag_13': 0.7556142788122888, 'lag_14': 0.11111946651867188, 'lag_15': 0.907020884534806, 'lag_16': 0.05164453271038874, 'lag_17': 0.07822062989076352, 'lag_18': 0.039252603390960636, 'lag_19': 0.4712212314573529, 'lag_20': 0.566952697310453, 'lag_21': 0.1730979625903777, 'lag_22': 0.4939677542413358, 'lag_23': 0.7867551542444273, 'lag_24': 0.5266953118423471, 'lag_25': 0.8732212972581832, 'lag_26': 0.7342734503717376, 'lag_27': 0.9405892887016001, 'lag_28': 0.36545131514541934}.
[I 2025-10-03 11:38:32,059] Trial 65 finished with values: [0.0, 0.012058719825250901, 0.007918152618236043, 0.010513261475894495, 0.0008745029650679608, 0.011577900051176888, 0.0006206724601299113, 0.0015283106359742537, 0.008627429163841708, 0.001325111198050169, 0.004304217585975183, 0.005346624519365126, 0.0013351177461074471, 0.10718776581338056, 0.0, 0.00556645979566506, 0.0123124374155737, 0.001575428554252515, 0.0002292612147661295, 0.0011608958482202318, 0.006658510590505396, 0.001126873233873202, 0.0012730408184338186, 0.013218726043640754, 0.0009650254822121798, 0.0012931214544585749, 0.0006111224270581632, 0.0, 0.0] and parameters: {'lag_0': 0.6658508257949004, 'lag_1': 0.544724830467186, 'lag_2': 0.468484679384529, 'lag_3': 0.584865909672615, 'lag_4': 0.8184529192752373, 'lag_5': 0.5135975161078411, 'lag_6': 0.19414979272877528, 'lag_7': 0.7170059465944827, 'lag_8': 0.8221988573568745, 'lag_9': 0.475147903635367, 'lag_10': 0.05207292999136267, 'lag_11': 0.9089744627175862, 'lag_12': 0.6623617667415006, 'lag_13': 0.17036118712338996, 'lag_14': 0.9553212463261201, 'lag_15': 0.16722198983764375, 'lag_16': 0.9945068202133408, 'lag_17': 0.19110586968368487, 'lag_18': 0.6080061328406356, 'lag_19': 0.1579163191392418, 'lag_20': 0.7231371358793863, 'lag_21': 0.014592377185659488, 'lag_22': 0.2870278194999975, 'lag_23': 0.5873329261425866, 'lag_24': 0.01590166460131117, 'lag_25': 0.8029207832765723, 'lag_26': 0.038591773780696816, 'lag_27': 0.6200870068702689, 'lag_28': 0.05549540253547444}.
