[I 2025-10-03 11:37:26,995] Trial 42 finished with values: [0.014746146106447514, 0.001360784398351005, 0.002379853629127898, 0.0008098811628792158, 0.003216984808899133, 0.004332703648516694, 0.0018295233632504046, 0.0032398095772790624, 0.0017384232407261766, 0.00016762434473005077, 0.0007928808548113633, 0.00018845137910737311, 0.009196021347075724, 0.022496501223984253, 0.0, 0.027108425431506378, 0.015526503493056584, 0.005029974757858635, 0.0006985909322584456, 0.00010677806343473864, 0.000743983884041401, 0.0012144607904112155, 0.0009264818885814586, 0.0017669391564008635, 7.176756563209211e-05, 0.0002477690305540094, 0.0010196564892906395, 0.001247661542137943, 0.003745993539367719] and parameters: {'lag_0': 0.1970266878367582, 'lag_1': 0.5075714857697361, 'lag_2': 0.4890608054946332, 'lag_3': 0.34639548945565457, 'lag_4': 0.9352854910946624, 'lag_5': 0.3230617305871891, 'lag_6': 0.2164630443987522, 'lag_7': 0.6115581315989833, 'lag_8': 0.4981703743173034, 'lag_9': 0.8512001415613142, 'lag_10': 0.78585271506527, 'lag_11': 0.48298154555044837, 'lag_12': 0.3536130583034804, 'lag_13': 0.33041000353009076, 'lag_14': 0.4013092815707465, 'lag_15': 0.5317077004107601, 'lag_16': 0.432757789225391, 'lag_17': 0.9499141432017721, 'lag_18': 0.8405562820815237, 'lag_19': 0.9546227266757001, 'lag_20': 0.19936444931047037, 'lag_21': 0.48935229638798744, 'lag_22': 0.7753196690386408, 'lag_23': 0.7551286311833412, 'lag_24': 0.9802446619754157, 'lag_25': 0.231677186343057, 'lag_26': 0.39592301945676905, 'lag_27': 0.6265306990559963, 'lag_28': 0.06511562102184923}.
[I 2025-10-03 11:37:29,655] Trial 43 finished with values: [0.013677061568035557, 0.004461861673254667, 0.0016705639811729206, 0.0020271391903985136, 0.0036194673734209044, 0.0027930515034361022, 0.0011971473099025545, 0.0017889165860987166, 0.002296363286390167, 0.0011128510745157464, 0.0005275463290446764, 0.00015311638093974957, 0.010548526209230658, 0.01966937571465478, 0.0, 0.02562089363251533, 0.015214529248922614, 0.003958690470475397, 0.0007955791472791657, 0.00013723520552063394, 0.0007712068858048058, 0.0011553910932043247, 0.0010612134322967074, 0.0015597756944709356, 0.00019694745171267795, 0.00024100086792903206, 0.0009284687715837043, 0.0011710562514365664, 0.0009424699130680784] and parameters: {'lag_0': 0.8867326766237716, 'lag_1': 0.027743619369859845, 'lag_2': 0.9232408666085845, 'lag_3': 0.13632346746191087, 'lag_4': 0.13131290899750003, 'lag_5': 0.9428086091837011, 'lag_6': 0.9312020455378952, 'lag_7': 0.18032230157557885, 'lag_8': 0.08022689526689553, 'lag_9': 0.384364105302674, 'lag_10': 0.44428782471806283, 'lag_11': 0.6040375586646206, 'lag_12': 0.2451211164932892, 'lag_13': 0.944661916554006, 'lag_14': 0.23452313460735133, 'lag_15': 0.5120201320246124, 'lag_16': 0.8141743831938467, 'lag_17': 0.8489133898471509, 'lag_18': 0.33698854906640746, 'lag_19': 0.5220498601964062, 'lag_20': 0.5788952587971613, 'lag_21': 0.4222839081921944, 'lag_22': 0.0336587751616573, 'lag_23': 0.7212599788517121, 'lag_24': 0.027991511832400486, 'lag_25': 0.44686494692990003, 'lag_26': 0.278476906386461, 'lag_27': 0.2811763723619061, 'lag_28': 0.89220405094603}.
[I 2025-10-03 11:37:32,484] Trial 44 finished with values: [0.014427826409538925, 0.000677557829084851, 0.0012650648234657728, 0.0007981785302099006, 0.0022432792267557547, 0.0044759424489544414, 0.001435396967819087, 0.002263936231083795, 0.002603417314007599, 0.0003198921077760404, 0.0006109984908638951, 0.00017523111424764564, 0.008249199991714955, 0.021507283609928533, 0.0, 0.02225473525254258, 0.013347078013843248, 0.004309492648034758, 0.0008405645656163818, 5.522692464946651e-05, 0.0008445549486797149, 0.0009316124703619575, 0.0007498499029671353, 0.0015512312940226156, 0.0001232459320042876, 0.00011884344249271973, 0.001130047050807274, 0.0021773095464574666, 0.0009891456182938778] and parameters: {'lag_0': 0.9015932151170718, 'lag_1': 0.7764510447888754, 'lag_2': 0.8531523773238087, 'lag_3': 0.9058956903934424, 'lag_4': 0.35086977621458254, 'lag_5': 0.9287052266304803, 'lag_6': 0.28426890002125654, 'lag_7': 0.049304021520812695, 'lag_8': 0.2542771118965946, 'lag_9': 0.6911630161108118, 'lag_10': 0.12734962528271265, 'lag_11': 0.023150732898183292, 'lag_12': 0.8616702753251153, 'lag_13': 0.35255017087752033, 'lag_14': 0.34519918128399907, 'lag_15': 0.9639749662407819, 'lag_16': 0.06185569432063598, 'lag_17': 0.3647310076609195, 'lag_18': 0.07186209001173118, 'lag_19': 0.2529646788529775, 'lag_20': 0.4103698325279837, 'lag_21': 0.9191269595555539, 'lag_22': 0.11689943300561813, 'lag_23': 0.997891722331397, 'lag_24': 0.8632301288936819, 'lag_25': 0.8779768700972009, 'lag_26': 0.6813312341376998, 'lag_27': 0.48671023820298875, 'lag_28': 0.9574813890750484}.
[I 2025-10-03 11:37:35,157] Trial 45 finished with values: [0.017926664022737786, 0.0039303200208546845, 0.002422094161260367, 0.0007392310970804582, 0.003487170788297211, 0.0033505147477107832, 0.0023127958203139755, 0.002294266520253054, 0.002160911857446405, 0.0009144168665005364, 0.0004295277610285667, 0.00018455275647716915, 0.009455512110600604, 0.022030843371949483, 0.0, 0.026004477408990777, 0.016065835357481302, 0.0039983938923391265, 0.000902810074508656, 0.0001433988647608202, 0.0009736643079083826, 0.0010280112972283772, 0.0006965951621884444, 0.002233123095718236, 7.304026677940639e-05, 0.00015513947822097028, 0.0016660306177330767, 0.0023777612004380966, 0.0013780811182079957] and parameters: {'lag_0': 0.7332290609400846, 'lag_1': 0.39918482016439266, 'lag_2': 0.3494727502936362, 'lag_3': 0.7254844181135692, 'lag_4': 0.6308216558174682, 'lag_5': 0.2773952472182799, 'lag_6': 0.22080346186221023, 'lag_7': 0.7726916743018858, 'lag_8': 0.13987702255674203, 'lag_9': 0.90513894346692, 'lag_10': 0.3769808772389081, 'lag_11': 0.728800604088082, 'lag_12': 0.9413146653592155, 'lag_13': 0.08416456102608533, 'lag_14': 0.2505198034602145, 'lag_15': 0.2185559329118905, 'lag_16': 0.26018046184188004, 'lag_17': 0.6009717433455007, 'lag_18': 0.6260056060828888, 'lag_19': 0.01276831160683513, 'lag_20': 0.564895257402661, 'lag_21': 0.9854150153348126, 'lag_22': 0.18437844860633004, 'lag_23': 0.7785712698324198, 'lag_24': 0.22571504054376643, 'lag_25': 0.5827410972555648, 'lag_26': 0.5496133823538962, 'lag_27': 0.5727841412501916, 'lag_28': 0.7225844902261601}.
[I 2025-10-03 11:37:37,828] Trial 46 finished with values: [0.012943014058687124, 0.0011721378166377424, 0.0007894234075740313, 0.0009020020434792492, 0.002289562334841464, 0.0017223367928467781, 0.0034980810450489313, 0.0015171376928773124, 0.0028530964127219194, 0.0009768768521464459, 0.0004651451463295938, 0.00026470974594066385, 0.009656133391942396, 0.022342184745471685, 0.0, 0.02206973601436573, 0.013891021292445016, 0.004394628361420859, 0.0008417930207705069, 0.00011639896422942624, 0.0007575613221638218, 0.0010550268928365188, 0.0007398818155666896, 0.001895273546319885, 6.603303103565005e-05, 0.00013672037718545906, 0.0012428041670280317, 0.001833718260057972, 0.0018533245944945987] and parameters: {'lag_0': 0.9362022678173777, 'lag_1': 0.49621352510026967, 'lag_2': 0.3396931437670961, 'lag_3': 0.8610977798903561, 'lag_4': 0.8233005544633057, 'lag_5': 0.6847953053168951, 'lag_6': 0.4095190928714001, 'lag_7': 0.6276132651718728, 'lag_8': 0.620406347489682, 'lag_9': 0.7538428330864086, 'lag_10': 0.637661471355089, 'lag_11': 0.6653003234192412, 'lag_12': 0.11568088640156095, 'lag_13': 0.5261218893957452, 'lag_14': 0.7562034353966609, 'lag_15': 0.6792006953522557, 'lag_16': 0.012599358187564944, 'lag_17': 0.45084969747845555, 'lag_18': 0.9655413459893176, 'lag_19': 0.5611453032969301, 'lag_20': 0.4039250160366009, 'lag_21': 0.27143215345434496, 'lag_22': 0.17861047124337778, 'lag_23': 0.29339340642320805, 'lag_24': 0.564897856075355, 'lag_25': 0.23500228986846805, 'lag_26': 0.3409950649837912, 'lag_27': 0.00896873712900523, 'lag_28': 0.32825640351681795}.
[I 2025-10-03 11:37:40,507] Trial 47 finished with values: [0.016854848304580606, 0.0015451576216446183, 0.005553118296753821, 0.00034518053803038343, 0.0026543130740411, 0.002202016671254622, 0.0020678504803894916, 0.0021583065614033613, 0.0032029708252080255, 0.000773421027390116, 0.0005875457057960122, 0.000298354468663282, 0.00960986660382885, 0.020324519883918396, 0.0, 0.028194715404689173, 0.015556721188300534, 0.00449249808941055, 0.0007533263871255485, 0.0001077452881175415, 0.0009322140370354327, 0.0012592573226575562, 0.0012111938050721218, 0.0014374324346874052, 0.0003351621554882678, 0.00012297785559986252, 0.0009254153040166401, 0.0013784864710438649, 0.0012273064871687138] and parameters: {'lag_0': 0.6082509379356846, 'lag_1': 0.16997473846903569, 'lag_2': 0.5999867834323791, 'lag_3': 0.26536359617403893, 'lag_4': 0.9657829341586933, 'lag_5': 0.864153591057305, 'lag_6': 0.4543667860206408, 'lag_7': 0.24773968518558395, 'lag_8': 0.04974914299811729, 'lag_9': 0.920597314097689, 'lag_10': 0.29260633077812953, 'lag_11': 0.4633399149369028, 'lag_12': 0.4068219512139634, 'lag_13': 0.8435273926106562, 'lag_14': 0.3787816153882587, 'lag_15': 0.9968650237272609, 'lag_16': 0.8446449241208103, 'lag_17': 0.9092536889561639, 'lag_18': 0.7905565329926605, 'lag_19': 0.4834093934593129, 'lag_20': 0.5870206449940336, 'lag_21': 0.31878981412673457, 'lag_22': 0.5195618117567479, 'lag_23': 0.3860126282068535, 'lag_24': 0.7416899324476119, 'lag_25': 0.13646710020976255, 'lag_26': 0.39005697161210734, 'lag_27': 0.22600634438998607, 'lag_28': 0.5267260183399965}.
[I 2025-10-03 11:37:43,178] Trial 48 finished with values: [0.033666252541071945, 0.002475316297694049, 0.0024314054222622115, 0.0007177077897861405, 0.0021090953765928915, 0.001629719177308086, 0.0018147830788476798, 0.0015670092976344135, 0.00297542289453347, 0.0008869950681505527, 0.0004984887895020715, 0.00023660194947370096, 0.009357017970231432, 0.019281227578919174, 0.0, 0.0257177590772106, 0.015939083319189584, 0.0044306446177384985, 0.0007758971359201691, 4.7390279254360174e-05, 0.0005666120426573771, 0.0014772625147577562, 0.0010046125277274494, 0.002053109580164001, 0.0002216787377835912, 3.407943785818233e-05, 0.0011214414922125777, 0.0012154237553990252, 0.0007356405409098601] and parameters: {'lag_0': 0.4166895127668138, 'lag_1': 0.6398301820726828, 'lag_2': 0.6548759063573237, 'lag_3': 0.6761276072006301, 'lag_4': 0.6070070743408179, 'lag_5': 0.9951142935571111, 'lag_6': 0.07632871441178145, 'lag_7': 0.8053156419624331, 'lag_8': 0.5441059710762933, 'lag_9': 0.8804040087504794, 'lag_10': 0.1264246802521372, 'lag_11': 0.9389555975898164, 'lag_12': 0.09420266530148011, 'lag_13': 0.6869413639388317, 'lag_14': 0.7531058831940212, 'lag_15': 0.2574664417366443, 'lag_16': 0.980942667501797, 'lag_17': 0.4640433716283088, 'lag_18': 0.7165351304796477, 'lag_19': 0.6585798516606952, 'lag_20': 0.5992434347855378, 'lag_21': 0.13345448089770606, 'lag_22': 0.001439418526008541, 'lag_23': 0.5427994428565017, 'lag_24': 0.140111214917127, 'lag_25': 0.46371756179834084, 'lag_26': 0.876447091301381, 'lag_27': 0.11776472930200158, 'lag_28': 0.5170303627534908}.
[I 2025-10-03 11:37:45,852] Trial 49 finished with values: [0.009691192779136461, 0.0009706626891931204, 0.002458855087458061, 0.0005764913352525262, 0.0005948754590972406, 0.002075010576812638, 0.001399826547775718, 0.003929540739446791, 0.002237343957716909, 0.0002323732228883168, 0.0008941868088926403, 3.817561289365298e-05, 0.008888030744839539, 0.022205948031365264, 0.0, 0.023335370066163326, 0.014841552709802424, 0.004857845806578756, 0.0005416905826034586, 6.464139662994827e-05, 0.0008890326194973765, 0.0013642757676372503, 0.0006037234932960213, 0.0013523979816711326, 0.00012601004164299566, 6.78059261677681e-05, 0.001102956123803794, 0.001833778878269874, 0.0012125346229825225] and parameters: {'lag_0': 0.2848668741472173, 'lag_1': 0.630137278439914, 'lag_2': 0.9068830946021587, 'lag_3': 0.2955425506928217, 'lag_4': 0.34854920940267786, 'lag_5': 0.03448445260805971, 'lag_6': 0.1469344347377644, 'lag_7': 0.6389197829593125, 'lag_8': 0.5455452339077307, 'lag_9': 0.5273718631041582, 'lag_10': 0.04788989712115576, 'lag_11': 0.03332670520519326, 'lag_12': 0.03917302798684559, 'lag_13': 0.5132617852752096, 'lag_14': 0.08821376782740625, 'lag_15': 0.8984662616053649, 'lag_16': 0.7616785357518685, 'lag_17': 0.3095680165240749, 'lag_18': 0.46479519732877894, 'lag_19': 0.44105334225295184, 'lag_20': 0.0004792477819320205, 'lag_21': 0.7854445024724844, 'lag_22': 0.3433806889422423, 'lag_23': 0.18041027273294694, 'lag_24': 0.7524687176051942, 'lag_25': 0.740551304993463, 'lag_26': 0.2981834251009135, 'lag_27': 0.5836389521737666, 'lag_28': 0.31862767506134587}.
[I 2025-10-03 11:37:48,520] Trial 50 finished with values: [0.015574360499702558, 0.0019518677301803185, 0.0011551092165978855, 0.0004948017555718795, 0.006446331219317762, 0.002156894048182335, 0.001973617674706963, 0.0014821331770770822, 0.0020171177660400163, 0.00017728975891104364, 0.0009673507435602333, 0.00034850152666750337, 0.008369908897856222, 0.021557612622553117, 0.0, 0.022441844619660412, 0.014215688190329387, 0.004480762178416956, 0.0004822921400526945, 8.466097111794544e-05, 0.0008193777706993179, 0.0012839326096374258, 0.0010348273049466494, 0.0013813986227837693, 4.3218645561920725e-05, 7.429276844514709e-05, 0.0009109677397187618, 0.001431318478513913, 0.0016450315353016593] and parameters: {'lag_0': 0.6910836922470586, 'lag_1': 0.494265091202256, 'lag_2': 0.9844991107360561, 'lag_3': 0.43856648086496425, 'lag_4': 0.11905160307647879, 'lag_5': 0.05976053553800281, 'lag_6': 0.50189291101125, 'lag_7': 0.3752996514186973, 'lag_8': 0.5433751967011242, 'lag_9': 0.23582462860010553, 'lag_10': 0.407817270999971, 'lag_11': 0.4035273571030994, 'lag_12': 0.5737314947234217, 'lag_13': 0.432674309142767, 'lag_14': 0.09198972598774591, 'lag_15': 0.18038245843678535, 'lag_16': 0.03003998674552912, 'lag_17': 0.5650509246597698, 'lag_18': 0.9924466663087211, 'lag_19': 0.11133722995040335, 'lag_20': 0.814273386424624, 'lag_21': 0.12059311651704391, 'lag_22': 0.7792925175553029, 'lag_23': 0.8150599196311532, 'lag_24': 0.5174730909806035, 'lag_25': 0.10656148773899755, 'lag_26': 0.8231581055217603, 'lag_27': 0.8617781607241194, 'lag_28': 0.22292994540192232}.
[I 2025-10-03 11:37:51,178] Trial 51 finished with values: [0.009691192779136461, 0.00220651531693917, 0.004538994586200717, 0.0003825108593184371, 0.004986032281301483, 0.0037839608731553885, 0.0017561135733622738, 0.0022650367133001596, 0.0018283650760095647, 0.0005965009580510546, 0.000756231573841004, 7.815408009330339e-05, 0.009608400170567254, 0.01994076276992431, 0.0, 0.022332917692159972, 0.015948660550309565, 0.003878978324194495, 0.0007151676344108061, 0.0001239628275940801, 0.0009962075674462335, 0.0011224006883346143, 0.0008283146643727872, 0.0014747703567190248, 0.00011024583196680031, 0.00019408014987200658, 0.0013332391955331155, 0.0015373955107274993, 0.0010639576563426319] and parameters: {'lag_0': 0.4166895127668138, 'lag_1': 0.7116399796199336, 'lag_2': 0.6548759063573237, 'lag_3': 0.6761276072006301, 'lag_4': 0.9261673345830723, 'lag_5': 0.34282785920975684, 'lag_6': 0.36339165678706303, 'lag_7': 0.8813399336321358, 'lag_8': 0.7661899980568524, 'lag_9': 0.8804040087504794, 'lag_10': 0.8817881668404078, 'lag_11': 0.9389555975898164, 'lag_12': 0.09420266530148011, 'lag_13': 0.8360993177731446, 'lag_14': 0.3028094918795588, 'lag_15': 0.6279743922328118, 'lag_16': 0.7748730546668746, 'lag_17': 0.4416774554356463, 'lag_18': 0.3181200754422834, 'lag_19': 0.6585798516606952, 'lag_20': 0.5992434347855378, 'lag_21': 0.43545063429512604, 'lag_22': 0.001439418526008541, 'lag_23': 0.5427994428565017, 'lag_24': 0.6725620319271475, 'lag_25': 0.46371756179834084, 'lag_26': 0.876447091301381, 'lag_27': 0.8848469177280501, 'lag_28': 0.43759869509109417}.
[I 2025-10-03 11:37:53,845] Trial 52 finished with values: [0.018096441608087606, 0.0022627276152174676, 0.0014509480309932508, 0.0005927674710803067, 0.0030128930386113134, 0.002205214140751524, 0.0014120972083129725, 0.0020223145693319586, 0.0030900851392887214, 0.0001434217745535963, 0.00042731698667892884, 0.00047560488893421386, 0.009156985717097724, 0.017942186990719373, 0.0, 0.027183032707705983, 0.014830186248493082, 0.004057186033066049, 0.0007063750029873993, 8.831943921778265e-05, 0.0011982871310255753, 0.0015459455274883006, 0.0004144393440388288, 0.0019772988520714812, 0.00035718516857828977, 6.554944268843629e-05, 0.0007883714527296742, 0.0019054814151948057, 0.0014969627952739904] and parameters: {'lag_0': 0.11814075614887455, 'lag_1': 0.19203069700430556, 'lag_2': 0.066628199549363, 'lag_3': 0.7162114657992493, 'lag_4': 0.048599963932138536, 'lag_5': 0.2086503872541201, 'lag_6': 0.30617690122769264, 'lag_7': 0.005830702669233878, 'lag_8': 0.3522834494653161, 'lag_9': 0.18046705329861362, 'lag_10': 0.38150799219179904, 'lag_11': 0.23096999088777645, 'lag_12': 0.21673177489669876, 'lag_13': 0.9198307490208768, 'lag_14': 0.5986565037084797, 'lag_15': 0.05813057510495052, 'lag_16': 0.9579470900227706, 'lag_17': 0.7791653612928507, 'lag_18': 0.4486313246701205, 'lag_19': 0.3479267197195107, 'lag_20': 0.43954040255942517, 'lag_21': 0.760212634282186, 'lag_22': 0.5382155534908498, 'lag_23': 0.7693638180936011, 'lag_24': 0.861941307707768, 'lag_25': 0.6507227688954325, 'lag_26': 0.34973453060244386, 'lag_27': 0.06539213735410311, 'lag_28': 0.5771735620744411}.
[I 2025-10-03 11:37:56,506] Trial 53 finished with values: [0.042147531231409865, 0.0009479603985604742, 0.0020044147011778874, 0.0019582036278440744, 0.002605765851797372, 0.004873065285508552, 0.0018550580978081307, 0.002365230820075043, 0.0027007005284921766, 0.0006718951227582846, 0.0005766126449339553, 0.0004686233676592465, 0.00850900615404383, 0.022664461255819265, 0.0, 0.028812946903460895, 0.016788456330001488, 0.004464967047068988, 0.0006450623758934833, 0.00022430297561418529, 0.0009861847247585043, 0.0013728735513956181, 0.0007742511986926979, 0.001737942327083428, 0.00034460634449980587, 7.510241591308263e-05, 0.0008486253915386593, 0.0016490295591541234, 0.0004657747070163661] and parameters: {'lag_0': 0.682247827665116, 'lag_1': 0.02133486131412164, 'lag_2': 0.35560808030794094, 'lag_3': 0.7980666100012102, 'lag_4': 0.4207738709118731, 'lag_5': 0.639026597895356, 'lag_6': 0.9527337438101157, 'lag_7': 0.3759187319112866, 'lag_8': 0.3407429558193833, 'lag_9': 0.4106052172199131, 'lag_10': 0.34134931241487737, 'lag_11': 0.041803085968259726, 'lag_12': 0.7516926918009371, 'lag_13': 0.5483626710560021, 'lag_14': 0.3196813788329329, 'lag_15': 0.5898595035284853, 'lag_16': 0.34458058935207553, 'lag_17': 0.9535182512217186, 'lag_18': 0.5276826021927489, 'lag_19': 0.5050229158689762, 'lag_20': 0.1274394047968838, 'lag_21': 0.6160404612574916, 'lag_22': 0.3080467966640363, 'lag_23': 0.3045503625470818, 'lag_24': 0.6986965547893643, 'lag_25': 0.8045440166070469, 'lag_26': 0.1228278324395847, 'lag_27': 0.6330044862777116, 'lag_28': 0.6552833384482495}.
[I 2025-10-03 11:37:59,167] Trial 54 finished with values: [0.019281677572873288, 0.0006349016013405678, 0.003914624413400096, 0.0007032588375396875, 0.001838585047471324, 0.00383307099213834, 0.0007548620267105276, 0.0027460643263611823, 0.003041489868301753, 0.00024497990184544586, 0.0004693952789716874, 0.00029567005624324714, 0.009953173678592601, 0.018290828787641537, 0.0, 0.026300756889821024, 0.014119433825102052, 0.004216456817358714, 0.0006397329790460733, 0.00012190157566886648, 0.0010224608174247418, 0.001190309204462106, 0.0010190931843685588, 0.002190785636214572, 0.00029822587273233, 6.68874554168211e-05, 0.0007279861752580055, 0.0020810651148091552, 0.0016083878320591605] and parameters: {'lag_0': 0.4908637791713398, 'lag_1': 0.191363325147117, 'lag_2': 0.6696850848145917, 'lag_3': 0.33818880990240907, 'lag_4': 0.47492006222963973, 'lag_5': 0.15830004214117482, 'lag_6': 0.2808785261366821, 'lag_7': 0.9399530390941493, 'lag_8': 0.03403234123823637, 'lag_9': 0.8101397274446362, 'lag_10': 0.8232235356327516, 'lag_11': 0.003562833141832238, 'lag_12': 0.7765098821087811, 'lag_13': 0.9641841454836511, 'lag_14': 0.5554184591965554, 'lag_15': 0.9944489134899955, 'lag_16': 0.22175521219259237, 'lag_17': 0.4071233873607875, 'lag_18': 0.4346774652015551, 'lag_19': 0.14845959523121002, 'lag_20': 0.05643182945411478, 'lag_21': 0.12202254438128912, 'lag_22': 0.4908535602441308, 'lag_23': 0.24192204011644952, 'lag_24': 0.6008821178820829, 'lag_25': 0.997413218299207, 'lag_26': 0.5680896049823102, 'lag_27': 0.9641600928770092, 'lag_28': 0.8911622845809524}.
