[I 2025-10-03 11:39:59,435] Trial 94 finished with values: [0.004784205693296602, 0.0006065285851694071, 0.0016968126306830117, 0.001518671364110786, 6.222338240566457e-05, 0.0015303381454553253, 0.001807204911716307, 0.002915068076564964, 0.0013438315716528585, 0.002027326946518733, 0.001767371479863147, 0.0007942147552926085, 0.0004154042993772999, 0.01993026502548951, 0.0, 0.0008936385678725617, 0.00048500659426141326, 0.0003911920538206137, 0.0007806143884155814, 3.6359952653190446e-05, 6.430071256776577e-05, 2.8088323088587676e-05, 0.0003637146552548856, 0.0003049401029649643, 0.00048169633885999827, 0.00028463486263041336, 0.00048468784939588113, 0.0022755352360165327, 0.0007055895292234054] and parameters: {'lag_0': 0.9281164279375465, 'lag_1': 0.05407571849264365, 'lag_2': 0.742656379570847, 'lag_3': 0.0469738273288746, 'lag_4': 0.5088980795522691, 'lag_5': 0.06250932000912349, 'lag_6': 0.47549980454327473, 'lag_7': 0.21866922370590186, 'lag_8': 0.026341256373819, 'lag_9': 0.877810779491426, 'lag_10': 0.34937804636922587, 'lag_11': 0.9733516902921036, 'lag_12': 0.6020532561211449, 'lag_13': 0.9096330251312936, 'lag_14': 0.03875217835982546, 'lag_15': 0.31265048737061835, 'lag_16': 0.4063669327167162, 'lag_17': 0.12913217443735953, 'lag_18': 0.8990244825022236, 'lag_19': 0.25161367427974257, 'lag_20': 0.6561968521462773, 'lag_21': 0.5535258470900937, 'lag_22': 0.10147788830269133, 'lag_23': 0.7021978649942742, 'lag_24': 0.6391592133458618, 'lag_25': 0.5501142251320353, 'lag_26': 0.33627900116899234, 'lag_27': 0.8909595308383444, 'lag_28': 0.39002689787413997}.
[I 2025-10-03 11:40:02,129] Trial 95 finished with values: [0.01027777777777778, 0.0005082373898874573, 0.0005589301776455898, 0.0012077748262054792, 0.00043033945344113557, 0.00043345621454484167, 0.0012075956622205092, 0.001621055971195284, 0.0017943019426266194, 0.002167902191583804, 0.001846249450484086, 0.0006932962713800583, 0.0006005734826766178, 0.019559058972584517, 0.0, 0.0006899694605181434, 3.465898121932151e-05, 0.00042325175526952794, 0.0007964799694374703, 5.426779815594488e-05, 5.218373042883476e-05, 0.00011363260480870077, 0.00043830829848662733, 0.00028597575829977865, 0.0006463316212363862, 0.00013390826570624977, 0.00026899692044290497, 0.0015225730807368683, 0.00042706512924064083] and parameters: {'lag_0': 0.7204733406928234, 'lag_1': 0.7319447276900422, 'lag_2': 0.44075416600189143, 'lag_3': 0.15164737453899202, 'lag_4': 0.14147596962833914, 'lag_5': 0.6021179078657867, 'lag_6': 0.49837862212607675, 'lag_7': 0.3316075992172497, 'lag_8': 0.8753887207543452, 'lag_9': 0.9681829594082092, 'lag_10': 0.4963922087959068, 'lag_11': 0.7492921541434695, 'lag_12': 0.5325701131072628, 'lag_13': 0.7636772621496442, 'lag_14': 0.7448164184152736, 'lag_15': 0.2190365189055287, 'lag_16': 0.06528493431864936, 'lag_17': 0.6406888331554161, 'lag_18': 0.6595671932255376, 'lag_19': 0.42813510141065547, 'lag_20': 0.8993911806990307, 'lag_21': 0.49420047871621503, 'lag_22': 0.8425101423441758, 'lag_23': 0.34591893653957, 'lag_24': 0.9281015630836198, 'lag_25': 0.2746072142822495, 'lag_26': 0.612868316726569, 'lag_27': 0.827027157396608, 'lag_28': 0.0066714070796540775}.
[I 2025-10-03 11:40:04,829] Trial 96 finished with values: [0.004508219954648526, 0.0012868230090790482, 0.0010381171414985475, 0.0004751923151167182, 0.0007107450327127608, 0.001197734752284164, 0.002287558685907601, 0.0024820220298396225, 0.0010072882860865577, 0.0025848670412213274, 0.0020605188467855756, 0.0009733130991267412, 0.0003372625125350842, 0.018199468650655394, 0.0, 0.0004988660745554625, 3.999961659371747e-05, 0.0004823520895378502, 0.0006343397662041924, 2.144308666956494e-05, 0.00013339118653948485, 0.0001286562924378781, 0.00020927899656794142, 0.000542535488371447, 0.0011324321968524287, 0.00017742734008814874, 0.0003759886829071247, 0.001740699268047694, 0.00037435182647778024] and parameters: {'lag_0': 0.1616749026349378, 'lag_1': 0.1218589771932784, 'lag_2': 0.4091833354923851, 'lag_3': 0.8665369875457222, 'lag_4': 0.3219890881728709, 'lag_5': 0.5486603867682888, 'lag_6': 0.4275907060466371, 'lag_7': 0.3523824435284806, 'lag_8': 0.2550293861205877, 'lag_9': 0.17331929584004685, 'lag_10': 0.32941570435340195, 'lag_11': 0.06989385469380832, 'lag_12': 0.24463991537000107, 'lag_13': 0.023708649368987807, 'lag_14': 0.03754397366038411, 'lag_15': 0.9813769312312202, 'lag_16': 0.3903607396224787, 'lag_17': 0.45146701936852, 'lag_18': 0.4775782676016219, 'lag_19': 0.8522689865373506, 'lag_20': 0.5504700657376044, 'lag_21': 0.2576435794667534, 'lag_22': 0.3580604349629854, 'lag_23': 0.264040516043737, 'lag_24': 0.9680541676509561, 'lag_25': 0.8590998878136262, 'lag_26': 0.6599678656490963, 'lag_27': 0.9365180470409951, 'lag_28': 0.1367000849610446}.
[I 2025-10-03 11:40:07,530] Trial 97 finished with values: [0.003278536759056239, 0.003805731858910405, 0.0001894546934570078, 0.0009890129497944118, 0.0008469887255512313, 0.0009586298369816355, 0.0013399022580752292, 0.0010175354754959189, 0.002099384129970331, 0.0009261908493471916, 0.0020596990391265795, 0.0005323788006197178, 0.0006565565187474044, 0.016069683562039694, 0.0, 0.0004944455958174036, 0.0004159491856260529, 0.0004035382757984527, 0.0007143602312275948, 4.717902400157644e-05, 0.00010848299923866063, 7.564260972681418e-05, 0.00036789775758349936, 0.0004360761986199201, 0.0007573850339151864, 0.0002607217740755776, 0.0008953748314775637, 0.0018071681135966085, 0.0006975355230849736] and parameters: {'lag_0': 0.3513849994064846, 'lag_1': 0.5755195472422836, 'lag_2': 0.24484382117386927, 'lag_3': 0.2890317139275206, 'lag_4': 0.3969106258642735, 'lag_5': 0.7035674256429905, 'lag_6': 0.04273011570846882, 'lag_7': 0.18574790453892237, 'lag_8': 0.35510680640787473, 'lag_9': 0.8682898887460606, 'lag_10': 0.18557424504767225, 'lag_11': 0.643624713848835, 'lag_12': 0.6194577780984212, 'lag_13': 0.3688662772325395, 'lag_14': 0.08719122528216852, 'lag_15': 0.9634230667377254, 'lag_16': 0.8926805666064823, 'lag_17': 0.5569952784921537, 'lag_18': 0.6610463129698096, 'lag_19': 0.978155703820412, 'lag_20': 0.2993748544887298, 'lag_21': 0.2663292027883043, 'lag_22': 0.26007728658692375, 'lag_23': 0.012112837997860388, 'lag_24': 0.46205399376369066, 'lag_25': 0.7429608037734818, 'lag_26': 0.9126739429907554, 'lag_27': 0.6722436121072216, 'lag_28': 0.3713109532706225}.
[I 2025-10-03 11:40:10,213] Trial 98 finished with values: [0.0036730945821854912, 0.004073276581350618, 0.0002001326837089682, 0.0003485860112883937, 0.0010917461728106434, 0.0017730333535622388, 0.0005775246278614962, 0.0022955203966854728, 0.0025296617568642743, 0.0016889214103893372, 0.0019178736497084369, 0.0008599840172677691, 0.00030721074654794806, 0.02024567233583817, 0.0, 0.0003298107270236471, 0.00010438693789326111, 0.0005961726248604721, 0.0008073522961008393, 7.455653980557934e-05, 1.798809391300911e-05, 4.1002081896224744e-05, 0.0005067158905282301, 0.0003477136493086865, 0.0005241842767649181, 0.0003115315765961778, 0.0003153031474284548, 0.0012504022584814889, 0.0009515285219962088] and parameters: {'lag_0': 0.1616749026349378, 'lag_1': 0.32437573216605053, 'lag_2': 0.7764467649935898, 'lag_3': 0.8665369875457222, 'lag_4': 0.3219890881728709, 'lag_5': 0.5486603867682888, 'lag_6': 0.7239071997889938, 'lag_7': 0.3523824435284806, 'lag_8': 0.5913138589715232, 'lag_9': 0.7670213203417513, 'lag_10': 0.13809272815312967, 'lag_11': 0.433647202811058, 'lag_12': 0.28521559549164194, 'lag_13': 0.7480900289219008, 'lag_14': 0.06348790321798709, 'lag_15': 0.32781919196163517, 'lag_16': 0.22132722657778459, 'lag_17': 0.45146701936852, 'lag_18': 0.7274590293151884, 'lag_19': 0.8522689865373506, 'lag_20': 0.059774420104681626, 'lag_21': 0.5801083911712273, 'lag_22': 0.3580604349629854, 'lag_23': 0.5463857518043995, 'lag_24': 0.5659533968661946, 'lag_25': 0.8590998878136262, 'lag_26': 0.6599678656490963, 'lag_27': 0.17802323862254324, 'lag_28': 0.3929386212211873}.
[I 2025-10-03 11:40:12,887] Trial 99 finished with values: [0.0028888888888888888, 0.0011159987575240847, 0.0012491732512292688, 0.0015357308176202444, 0.0009316975092218246, 0.002256925774880026, 0.0021537249012332244, 0.001977381816112653, 0.0038374323649634336, 0.0027155379105344123, 0.0008065533075290347, 0.0007317734260708636, 0.00016300394040066437, 0.02085521080554075, 0.0, 0.0004237791205859803, 7.546941251841182e-05, 0.0005392100865034444, 0.0009172420125271221, 8.162748676531246e-05, 6.754267173821827e-05, 9.6144225376631e-05, 0.0001840400514319265, 0.00019706295202743035, 0.0006012764604302527, 9.616569355682551e-05, 0.0008286727272074086, 0.000962741518281972, 0.002073209147833326] and parameters: {'lag_0': 0.7222505164417873, 'lag_1': 0.9927703306551087, 'lag_2': 0.03612451791921497, 'lag_3': 0.3145256274328095, 'lag_4': 0.07778857011163581, 'lag_5': 0.8677876714909655, 'lag_6': 0.14167750644402258, 'lag_7': 0.13726421002440595, 'lag_8': 0.9002863313301928, 'lag_9': 0.3487774117099716, 'lag_10': 0.21209460067002833, 'lag_11': 0.7080405138338776, 'lag_12': 0.5456520117654565, 'lag_13': 0.13248381715773233, 'lag_14': 0.614863124316075, 'lag_15': 0.3517134973344422, 'lag_16': 0.047845862958913, 'lag_17': 0.8309500648973607, 'lag_18': 0.6152599059483799, 'lag_19': 0.1802353667128702, 'lag_20': 0.46918537904555946, 'lag_21': 0.8631235535461549, 'lag_22': 0.31008557184403096, 'lag_23': 0.1694850887614431, 'lag_24': 0.4237677633611224, 'lag_25': 0.39520261771286624, 'lag_26': 0.12932458425922977, 'lag_27': 0.5228706615032523, 'lag_28': 0.6181560830848727}.
2025-10-03 11:40:15,742 - distributed.worker - INFO - Stopping worker at tcp://192.168.86.140:45608. Reason: scheduler-remove-worker
2025-10-03 11:40:15,745 - distributed.nanny - INFO - Closing Nanny gracefully at 'tcp://192.168.86.140:32982'. Reason: scheduler-remove-worker
2025-10-03 11:40:15,750 - distributed.nanny - INFO - Worker closed
2025-10-03 11:40:15,750 - distributed.core - INFO - Connection to tcp://192.168.86.108:45752 has been closed.
slurmstepd: error: *** JOB 3081537 ON node40 CANCELLED AT 2025-10-03T11:40:15 ***
