[I 2025-09-29 13:10:55,604] Trial 3 finished with value: 0.0029617406628096336 and parameters: {'lag_0': 0.25621395138072867, 'lag_1': 0.11707839221010745, 'lag_2': 0.386061181567739, 'lag_3': 0.22182250256962444, 'lag_4': 0.22894994793360804, 'lag_5': 0.5970409253055282, 'lag_6': 0.2831240164448903, 'lag_7': 0.5763379433228921, 'lag_8': 0.6643753127989218, 'lag_9': 0.6772326506872004, 'lag_10': 0.2620951854360569, 'lag_11': 0.71336385212869, 'lag_12': 0.6553487713344337, 'lag_13': 0.44658262716586944, 'lag_14': 0.6499120325152837, 'lag_15': 0.5013897359210857, 'lag_16': 0.3092656038797339, 'lag_17': 0.20687414027805545, 'lag_18': 0.2066400830452135, 'lag_19': 0.8310701440724011, 'lag_20': 0.1275457372809821, 'lag_21': 0.5211016233704464, 'lag_22': 0.5862931001133822, 'lag_23': 0.5494110447997462, 'lag_24': 0.38248574749656533, 'lag_25': 0.5657868709519184, 'lag_26': 0.16976092471874063, 'lag_27': 0.9120400024955879, 'lag_28': 0.7108227577365392}. Best is trial 2 with value: 0.0027409807621352916.
[I 2025-09-29 13:10:58,022] Trial 4 finished with value: 0.002859196629364989 and parameters: {'lag_0': 0.6091340610457597, 'lag_1': 0.6877523599083257, 'lag_2': 0.14728137597535013, 'lag_3': 0.22463245030536144, 'lag_4': 0.9363970586858344, 'lag_5': 0.3213175120274065, 'lag_6': 0.4940843315142535, 'lag_7': 0.5656407556578159, 'lag_8': 0.721674239724119, 'lag_9': 0.26255054073192796, 'lag_10': 0.11456101208511087, 'lag_11': 0.46699830994378366, 'lag_12': 0.5070225595791161, 'lag_13': 0.5757144287710722, 'lag_14': 0.31578802746388185, 'lag_15': 0.6365971046041705, 'lag_16': 0.30926686187007124, 'lag_17': 0.7817638082035585, 'lag_18': 0.5218062613210659, 'lag_19': 0.5973137354955033, 'lag_20': 0.02327161235226304, 'lag_21': 0.6982193529795674, 'lag_22': 0.3538064278225852, 'lag_23': 0.2431492711749844, 'lag_24': 0.6249189839039195, 'lag_25': 0.18309523417366214, 'lag_26': 0.4233094506813945, 'lag_27': 0.6578620364831097, 'lag_28': 0.6248525768779492}. Best is trial 2 with value: 0.0027409807621352916.
[I 2025-09-29 13:11:00,429] Trial 5 finished with value: 0.0029285963185156994 and parameters: {'lag_0': 0.8175499965378245, 'lag_1': 0.8213284642358412, 'lag_2': 0.03930277762118835, 'lag_3': 0.44156938009677027, 'lag_4': 0.1228848225114662, 'lag_5': 0.5715272252197191, 'lag_6': 0.9678099642612834, 'lag_7': 0.15915868324042506, 'lag_8': 0.8496914868132968, 'lag_9': 0.40030870697258036, 'lag_10': 0.02381703883934149, 'lag_11': 0.8250687438594925, 'lag_12': 0.2825828140117927, 'lag_13': 0.3567924646141471, 'lag_14': 0.5555059453328037, 'lag_15': 0.6092783334436618, 'lag_16': 0.39948498639947944, 'lag_17': 0.07863838964240077, 'lag_18': 0.4449232995913374, 'lag_19': 0.23330689524529274, 'lag_20': 0.9871102086676705, 'lag_21': 0.43121406373856785, 'lag_22': 0.41873632574164277, 'lag_23': 0.5021285561336686, 'lag_24': 0.15915264388863926, 'lag_25': 0.3806725945247652, 'lag_26': 0.2687682739302223, 'lag_27': 0.018784326449837137, 'lag_28': 0.5201060544091172}. Best is trial 2 with value: 0.0027409807621352916.
[I 2025-09-29 13:11:02,851] Trial 6 finished with value: 0.0027011387710469707 and parameters: {'lag_0': 0.24544729180283867, 'lag_1': 0.8764738316484105, 'lag_2': 0.6442497783835838, 'lag_3': 0.8592349695277715, 'lag_4': 0.6711866860620547, 'lag_5': 0.6408496473535645, 'lag_6': 0.4161664019065884, 'lag_7': 0.9109718042182885, 'lag_8': 0.6926436543252694, 'lag_9': 0.9446112994492135, 'lag_10': 0.3594957287221489, 'lag_11': 0.6850679958725356, 'lag_12': 0.8124158649734284, 'lag_13': 0.9451942670011624, 'lag_14': 0.3472344881861501, 'lag_15': 0.321476220815265, 'lag_16': 0.06142156664026848, 'lag_17': 0.7144780329296518, 'lag_18': 0.01887402951455268, 'lag_19': 0.07927626644408735, 'lag_20': 0.6722598340784525, 'lag_21': 0.4153858208910579, 'lag_22': 0.9618221937601409, 'lag_23': 0.9974441403148919, 'lag_24': 0.4861234701300813, 'lag_25': 0.006902037591261171, 'lag_26': 0.5567789204756035, 'lag_27': 0.6952992854467283, 'lag_28': 0.9710009990886758}. Best is trial 6 with value: 0.0027011387710469707.
[I 2025-09-29 13:11:05,277] Trial 7 finished with value: 0.003041603388125052 and parameters: {'lag_0': 0.1479590080959817, 'lag_1': 0.07664656178004296, 'lag_2': 0.033630203881118335, 'lag_3': 0.7382341821960019, 'lag_4': 0.6472049864729712, 'lag_5': 0.7257900375158512, 'lag_6': 0.5253934950377673, 'lag_7': 0.30724063490082026, 'lag_8': 0.9128041996894942, 'lag_9': 0.022187489244491713, 'lag_10': 0.3265850127463, 'lag_11': 0.7109564764393168, 'lag_12': 0.9262110102476347, 'lag_13': 0.062419013992345, 'lag_14': 0.3501627169757321, 'lag_15': 0.9306705341039774, 'lag_16': 0.14228828267091662, 'lag_17': 0.3891976170865246, 'lag_18': 0.4413559399406205, 'lag_19': 0.8733635031225401, 'lag_20': 0.2301733137170211, 'lag_21': 0.4460473109058581, 'lag_22': 0.6580487594167492, 'lag_23': 0.0647182940123409, 'lag_24': 0.29389059990915956, 'lag_25': 0.2777310424694592, 'lag_26': 0.8548743536282608, 'lag_27': 0.4164119987457877, 'lag_28': 0.7887878838924711}. Best is trial 6 with value: 0.0027011387710469707.
[I 2025-09-29 13:11:07,691] Trial 8 finished with value: 0.00275273559952304 and parameters: {'lag_0': 0.9418431470034118, 'lag_1': 0.753574254839251, 'lag_2': 0.17215923913420614, 'lag_3': 0.7207053412057455, 'lag_4': 0.00412218807378911, 'lag_5': 0.19457879721658056, 'lag_6': 0.38550567182432577, 'lag_7': 0.11824340826473091, 'lag_8': 0.5526534968726138, 'lag_9': 0.18712343664190295, 'lag_10': 0.6982756747561508, 'lag_11': 0.17955371056546474, 'lag_12': 0.7188300306897071, 'lag_13': 0.4499302621431681, 'lag_14': 0.9874806771874923, 'lag_15': 0.299487219858301, 'lag_16': 0.193130517836272, 'lag_17': 0.597665412288286, 'lag_18': 0.6860822794189735, 'lag_19': 0.8630108205579363, 'lag_20': 0.386925842108223, 'lag_21': 0.41775294225432175, 'lag_22': 0.6802733023129177, 'lag_23': 0.3813021734637328, 'lag_24': 0.2979764724974934, 'lag_25': 0.4642052720053594, 'lag_26': 0.2842765583059169, 'lag_27': 0.3812512254511369, 'lag_28': 0.043723127484358006}. Best is trial 6 with value: 0.0027011387710469707.
[I 2025-09-29 13:11:10,101] Trial 9 finished with value: 0.002621772302199675 and parameters: {'lag_0': 0.5566651081403439, 'lag_1': 0.32268741458588834, 'lag_2': 0.509557256589774, 'lag_3': 0.4493592106408839, 'lag_4': 0.2787103793136018, 'lag_5': 0.7061286958900383, 'lag_6': 0.6423088728935124, 'lag_7': 0.7854605448419794, 'lag_8': 0.5562049824258206, 'lag_9': 0.6311569786905286, 'lag_10': 0.9785065931538066, 'lag_11': 0.7150520348460871, 'lag_12': 0.47235803677500243, 'lag_13': 0.01324555805893412, 'lag_14': 0.9200244492725292, 'lag_15': 0.48665769809710185, 'lag_16': 0.0800062543012289, 'lag_17': 0.529891158455944, 'lag_18': 0.8368030953973479, 'lag_19': 0.8285970004472504, 'lag_20': 0.012446610022161332, 'lag_21': 0.8252725469017776, 'lag_22': 0.11629014451824765, 'lag_23': 0.5688828289918729, 'lag_24': 0.5498095332564062, 'lag_25': 0.1573580091686668, 'lag_26': 0.7608483231856865, 'lag_27': 0.6068611182996836, 'lag_28': 0.5274524699550039}. Best is trial 9 with value: 0.002621772302199675.
[I 2025-09-29 13:11:12,564] Trial 10 finished with value: 0.002828321896408472 and parameters: {'lag_0': 0.007540016271817718, 'lag_1': 0.4044585940070867, 'lag_2': 0.6133634311655008, 'lag_3': 0.45798844971671054, 'lag_4': 0.41216709530719836, 'lag_5': 0.9804091349414368, 'lag_6': 0.010789422815903449, 'lag_7': 0.7840330024897393, 'lag_8': 0.3276192189787147, 'lag_9': 0.6112933153419841, 'lag_10': 0.5953531964382481, 'lag_11': 0.006890070571620388, 'lag_12': 0.0012545041156731829, 'lag_13': 0.00874734303796781, 'lag_14': 0.036431798744467225, 'lag_15': 0.0045716215400702365, 'lag_16': 0.9179420961092757, 'lag_17': 0.5368879231208198, 'lag_18': 0.9753725995956086, 'lag_19': 0.6104908222303477, 'lag_20': 0.46541915503563935, 'lag_21': 0.9977012712068296, 'lag_22': 0.0015091636359574057, 'lag_23': 0.8930866719549448, 'lag_24': 0.9828315457322074, 'lag_25': 0.028327759904575506, 'lag_26': 0.9616529547812849, 'lag_27': 0.6381484889273996, 'lag_28': 0.3363522924987288}. Best is trial 9 with value: 0.002621772302199675.
[I 2025-09-29 13:11:15,029] Trial 11 finished with value: 0.002750184449848591 and parameters: {'lag_0': 0.6877027205671093, 'lag_1': 0.9852938297232241, 'lag_2': 0.6114088696288377, 'lag_3': 0.9825425910139196, 'lag_4': 0.5573342086714088, 'lag_5': 0.45208930810270725, 'lag_6': 0.6486040668873785, 'lag_7': 0.9837434864869499, 'lag_8': 0.29583507288485095, 'lag_9': 0.9520545086323284, 'lag_10': 0.48053030209319003, 'lag_11': 0.6312572476186153, 'lag_12': 0.5500731182739866, 'lag_13': 0.9478545213856174, 'lag_14': 0.7629761471116465, 'lag_15': 0.29165870582890047, 'lag_16': 0.0015085862915706766, 'lag_17': 0.716848154796502, 'lag_18': 0.04732557644907383, 'lag_19': 0.13971810662650236, 'lag_20': 0.7104516677681088, 'lag_21': 0.051350799290415694, 'lag_22': 0.8793731455537598, 'lag_23': 0.9117465488515494, 'lag_24': 0.539351145145953, 'lag_25': 0.031404130933869956, 'lag_26': 0.6766853794482343, 'lag_27': 0.7188451703779769, 'lag_28': 0.33070899180873803}. Best is trial 9 with value: 0.002621772302199675.
[I 2025-09-29 13:11:17,485] Trial 12 finished with value: 0.0028956141548683637 and parameters: {'lag_0': 0.42417652166507835, 'lag_1': 0.3129877304776534, 'lag_2': 0.7354035616906943, 'lag_3': 0.5632445488816404, 'lag_4': 0.8425191752963356, 'lag_5': 0.8262881551525061, 'lag_6': 0.22833972812474973, 'lag_7': 0.9819850656617276, 'lag_8': 0.7498041634687406, 'lag_9': 0.7678635010965311, 'lag_10': 0.45838124780391787, 'lag_11': 0.9521438258809917, 'lag_12': 0.7606110035762794, 'lag_13': 0.9838686788776951, 'lag_14': 0.33906031610961074, 'lag_15': 0.315178231997872, 'lag_16': 0.552030236058535, 'lag_17': 0.7782499975803618, 'lag_18': 0.26639815351597135, 'lag_19': 0.030419828424712095, 'lag_20': 0.6073937978811087, 'lag_21': 0.19504901137543929, 'lag_22': 0.9644607019405385, 'lag_23': 0.7710339122036248, 'lag_24': 0.7246385722088375, 'lag_25': 0.19187117599902376, 'lag_26': 0.6358891034194463, 'lag_27': 0.7834870227160143, 'lag_28': 0.9772819090867539}. Best is trial 9 with value: 0.002621772302199675.
[I 2025-09-29 13:11:19,946] Trial 13 finished with value: 0.0028040119850968274 and parameters: {'lag_0': 0.32488003695495443, 'lag_1': 0.5408381949780718, 'lag_2': 0.43179855006266904, 'lag_3': 0.9800221611373842, 'lag_4': 0.4628787156261417, 'lag_5': 0.4609353259389994, 'lag_6': 0.4459852733271018, 'lag_7': 0.7560190739067172, 'lag_8': 0.9703769201496428, 'lag_9': 0.5336609834947625, 'lag_10': 0.9722425588281589, 'lag_11': 0.5840180622392274, 'lag_12': 0.4421482915233324, 'lag_13': 0.7450460958503367, 'lag_14': 0.09831737828459591, 'lag_15': 0.7323189527691467, 'lag_16': 0.13203423513567675, 'lag_17': 0.9342453047565548, 'lag_18': 0.7761813836361945, 'lag_19': 0.39169896066562326, 'lag_20': 0.3399293245749007, 'lag_21': 0.2731353800647304, 'lag_22': 0.036612445034877095, 'lag_23': 0.9809840822131906, 'lag_24': 0.008698990538361207, 'lag_25': 0.671929037627213, 'lag_26': 0.623294394236153, 'lag_27': 0.5682303797137801, 'lag_28': 0.37562963646612374}. Best is trial 9 with value: 0.002621772302199675.
[I 2025-09-29 13:11:22,405] Trial 14 finished with value: 0.002848691498651219 and parameters: {'lag_0': 0.7035147955952892, 'lag_1': 0.9789957451963552, 'lag_2': 0.7642570834531895, 'lag_3': 0.3420951602902568, 'lag_4': 0.3459341062337479, 'lag_5': 0.020802348468270726, 'lag_6': 0.6219540972393478, 'lag_7': 0.4155703271204232, 'lag_8': 0.43861743543169274, 'lag_9': 0.7868158708711283, 'lag_10': 0.690987781652187, 'lag_11': 0.35429545709772725, 'lag_12': 0.8197801855168628, 'lag_13': 0.7571673763989274, 'lag_14': 0.7857426436081556, 'lag_15': 0.4600581513488632, 'lag_16': 0.47319326558326846, 'lag_17': 0.632325940524262, 'lag_18': 0.010488708364608254, 'lag_19': 0.6763057896967974, 'lag_20': 0.5878747004327053, 'lag_21': 0.6411051011897675, 'lag_22': 0.20587703325212248, 'lag_23': 0.7161544792367768, 'lag_24': 0.4589696844563974, 'lag_25': 0.007285719078126807, 'lag_26': 0.008000319731541694, 'lag_27': 0.46547179959202, 'lag_28': 0.18666560600433613}. Best is trial 9 with value: 0.002621772302199675.
[I 2025-09-29 13:11:24,861] Trial 15 finished with value: 0.0030041119515888436 and parameters: {'lag_0': 0.08435691590407152, 'lag_1': 0.6081570664702481, 'lag_2': 0.5611604813248232, 'lag_3': 0.8570158571709896, 'lag_4': 0.5607629080892838, 'lag_5': 0.8496165540269917, 'lag_6': 0.1293320711122266, 'lag_7': 0.8354456002634698, 'lag_8': 0.7984450195210752, 'lag_9': 0.8577262470724495, 'lag_10': 0.4265646057574735, 'lag_11': 0.7920094052750322, 'lag_12': 0.38269983477189284, 'lag_13': 0.7202522846697295, 'lag_14': 0.2124887245867947, 'lag_15': 0.17846814372113515, 'lag_16': 0.6526243192226348, 'lag_17': 0.41282786466227406, 'lag_18': 0.8087749408165061, 'lag_19': 0.32842190608979305, 'lag_20': 0.8562665763336785, 'lag_21': 0.992750815878625, 'lag_22': 0.8310898421589634, 'lag_23': 0.31369369269876135, 'lag_24': 0.7960771561734084, 'lag_25': 0.15219340453274152, 'lag_26': 0.7770382252356032, 'lag_27': 0.8432587839976089, 'lag_28': 0.5010658983379964}. Best is trial 9 with value: 0.002621772302199675.
[I 2025-09-29 13:11:27,320] Trial 16 finished with value: 0.003034680640859761 and parameters: {'lag_0': 0.4917337650746004, 'lag_1': 0.26475480479622543, 'lag_2': 0.7450842248387262, 'lag_3': 0.593766396845135, 'lag_4': 0.8155670261741585, 'lag_5': 0.30280036026250956, 'lag_6': 0.3497252732855245, 'lag_7': 0.6990365435961278, 'lag_8': 0.6361368134286536, 'lag_9': 0.6675125447296771, 'lag_10': 0.7806426062203939, 'lag_11': 0.5646579094394353, 'lag_12': 0.5989423195860664, 'lag_13': 0.1619173813055696, 'lag_14': 0.44600798968744243, 'lag_15': 0.38388226242544504, 'lag_16': 0.09919939585111084, 'lag_17': 0.2525731399952109, 'lag_18': 0.2344674828738047, 'lag_19': 0.021226520914683834, 'lag_20': 0.5495390758289596, 'lag_21': 0.2945213180949164, 'lag_22': 0.27008996739783653, 'lag_23': 0.814006643416965, 'lag_24': 0.5045115079622075, 'lag_25': 0.8363136682586959, 'lag_26': 0.4665290040400092, 'lag_27': 0.33141259146644153, 'lag_28': 0.9851735717982864}. Best is trial 9 with value: 0.002621772302199675.
[I 2025-09-29 13:11:29,788] Trial 17 finished with value: 0.0028616794830750537 and parameters: {'lag_0': 0.2591924559284309, 'lag_1': 0.3508641658800547, 'lag_2': 0.44116676771339547, 'lag_3': 0.33264190195280224, 'lag_4': 0.6477591304692493, 'lag_5': 0.5746077166439644, 'lag_6': 0.598892492581329, 'lag_7': 0.898058120461928, 'lag_8': 0.006483692118332107, 'lag_9': 0.5035068168383283, 'lag_10': 0.3565025290519861, 'lag_11': 0.8456701032914984, 'lag_12': 0.9930236701204449, 'lag_13': 0.8477197261619113, 'lag_14': 0.7404506262530283, 'lag_15': 0.5949521479489471, 'lag_16': 0.8115318077815734, 'lag_17': 0.47318617998855933, 'lag_18': 0.8728280171326024, 'lag_19': 0.7128011843089189, 'lag_20': 0.7258962998715607, 'lag_21': 0.8406959393481471, 'lag_22': 0.5415575145095999, 'lag_23': 0.6070977234043693, 'lag_24': 0.598343162487103, 'lag_25': 0.14356046263289224, 'lag_26': 0.5493084592533377, 'lag_27': 0.5400572350421246, 'lag_28': 0.6233642006146252}. Best is trial 9 with value: 0.002621772302199675.
[I 2025-09-29 13:11:32,250] Trial 18 finished with value: 0.002683613601589538 and parameters: {'lag_0': 0.5772328267249158, 'lag_1': 0.17531135201827241, 'lag_2': 0.32486428198611866, 'lag_3': 0.8421650836276285, 'lag_4': 0.21178926879059068, 'lag_5': 0.8450791324399392, 'lag_6': 0.7441019298556859, 'lag_7': 0.6818032152531043, 'lag_8': 0.49452623936661444, 'lag_9': 0.909613561798653, 'lag_10': 0.5661762708892073, 'lag_11': 0.7059373532652544, 'lag_12': 0.027478427975844877, 'lag_13': 0.6294647414528876, 'lag_14': 0.45454993043762854, 'lag_15': 0.1986384083545255, 'lag_16': 0.24952673123859997, 'lag_17': 0.6903241947836993, 'lag_18': 0.3732317032883897, 'lag_19': 0.9904596382920912, 'lag_20': 0.29740902207215586, 'lag_21': 0.5868370378535025, 'lag_22': 0.09433713623946993, 'lag_23': 0.4189281272593365, 'lag_24': 0.8905703263483999, 'lag_25': 0.29083281747267553, 'lag_26': 0.7864172130812994, 'lag_27': 0.7677546480466662, 'lag_28': 0.8646404196565667}. Best is trial 9 with value: 0.002621772302199675.
[I 2025-09-29 13:11:34,712] Trial 19 finished with value: 0.0030698642514654186 and parameters: {'lag_0': 0.8204118169201486, 'lag_1': 0.18107799982363101, 'lag_2': 0.3022838984844275, 'lag_3': 0.5807389443440782, 'lag_4': 0.19355487958340528, 'lag_5': 0.8599449415968178, 'lag_6': 0.7840807164490519, 'lag_7': 0.43463075140429497, 'lag_8': 0.2744249315806531, 'lag_9': 0.6886113447760817, 'lag_10': 0.8912161068777373, 'lag_11': 0.3474721201864728, 'lag_12': 0.009587498888676549, 'lag_13': 0.61378325328446, 'lag_14': 0.454028059633372, 'lag_15': 0.16927993546632894, 'lag_16': 0.22432351577146273, 'lag_17': 0.8266718563905004, 'lag_18': 0.3676379642236332, 'lag_19': 0.9978225705830811, 'lag_20': 0.2757166451624641, 'lag_21': 0.5899440306544405, 'lag_22': 0.11526467347758829, 'lag_23': 0.386343427463867, 'lag_24': 0.997487844431465, 'lag_25': 0.29794051592645787, 'lag_26': 0.9670031398875881, 'lag_27': 0.9866953293931511, 'lag_28': 0.8260543683110186}. Best is trial 9 with value: 0.002621772302199675.
[I 2025-09-29 13:11:37,180] Trial 20 finished with value: 0.0029115494928742295 and parameters: {'lag_0': 0.6014655761177939, 'lag_1': 0.004272613857170537, 'lag_2': 0.31030405214074963, 'lag_3': 0.8332279395143483, 'lag_4': 0.3060424065672625, 'lag_5': 0.7782031858582219, 'lag_6': 0.8736226558484881, 'lag_7': 0.677573846824065, 'lag_8': 0.47441766150498793, 'lag_9': 0.391462165937652, 'lag_10': 0.5653957036792413, 'lag_11': 0.7687942668826485, 'lag_12': 0.13568047909948272, 'lag_13': 0.30839950540171746, 'lag_14': 0.8947582948443906, 'lag_15': 0.7374958202592787, 'lag_16': 0.42426335441620744, 'lag_17': 0.6221301377941602, 'lag_18': 0.34515083846276023, 'lag_19': 0.9931457883781928, 'lag_20': 0.029319335107338983, 'lag_21': 0.8182256221156677, 'lag_22': 0.11609970136313295, 'lag_23': 0.20082628182498974, 'lag_24': 0.8641165337781597, 'lag_25': 0.6705047793026527, 'lag_26': 0.7714054953180637, 'lag_27': 0.7891241110406912, 'lag_28': 0.6537957178220879}. Best is trial 9 with value: 0.002621772302199675.
[I 2025-09-29 13:11:39,644] Trial 21 finished with value: 0.00299020144531664 and parameters: {'lag_0': 0.45397773272402514, 'lag_1': 0.44600405028607515, 'lag_2': 0.5193226047187086, 'lag_3': 0.8385670955558407, 'lag_4': 0.4392477489922809, 'lag_5': 0.651222671980625, 'lag_6': 0.6766172675986307, 'lag_7': 0.9031668513003055, 'lag_8': 0.52810319899749, 'lag_9': 0.8742771358779573, 'lag_10': 0.19871288610200133, 'lag_11': 0.6629600493334481, 'lag_12': 0.3755552850396949, 'lag_13': 0.8492482875202931, 'lag_14': 0.23311893526486838, 'lag_15': 0.23001053957551065, 'lag_16': 0.08071580317987576, 'lag_17': 0.699772602707746, 'lag_18': 0.13760622444400722, 'lag_19': 0.7751511683608642, 'lag_20': 0.42035576182233103, 'lag_21': 0.585504525383161, 'lag_22': 0.32085145165354073, 'lag_23': 0.4223850443437503, 'lag_24': 0.663830971677855, 'lag_25': 0.09918217652129152, 'lag_26': 0.7417511728479474, 'lag_27': 0.6612600477166845, 'lag_28': 0.8283957291777125}. Best is trial 9 with value: 0.002621772302199675.
[I 2025-09-29 13:11:42,102] Trial 22 finished with value: 0.002941155758786454 and parameters: {'lag_0': 0.5690784388672238, 'lag_1': 0.16389796026106582, 'lag_2': 0.668728165162661, 'lag_3': 0.9034619552001306, 'lag_4': 0.1595942893485342, 'lag_5': 0.7760146102243213, 'lag_6': 0.5495460050743555, 'lag_7': 0.6978707138958257, 'lag_8': 0.38158228747942435, 'lag_9': 0.9806167293783652, 'lag_10': 0.5704685644914183, 'lag_11': 0.9930002627051937, 'lag_12': 0.13875723590594463, 'lag_13': 0.6330264522279497, 'lag_14': 0.5078805975790006, 'lag_15': 0.043970941696569454, 'lag_16': 0.2136256296620945, 'lag_17': 0.8736846483076899, 'lag_18': 0.12032325690705636, 'lag_19': 0.5586078170023367, 'lag_20': 0.3301495509250228, 'lag_21': 0.31559447535987967, 'lag_22': 0.17957579399613902, 'lag_23': 0.13695859203288485, 'lag_24': 0.8763054507733455, 'lag_25': 0.2393550045765075, 'lag_26': 0.8764767064978818, 'lag_27': 0.558992206947083, 'lag_28': 0.9140203398696167}. Best is trial 9 with value: 0.002621772302199675.
2025-09-29 13:11:42,359 - distributed.worker - INFO - Stopping worker at tcp://192.168.86.108:40464. Reason: scheduler-remove-worker
2025-09-29 13:11:42,366 - distributed.nanny - INFO - Closing Nanny gracefully at 'tcp://192.168.86.108:45415'. Reason: scheduler-remove-worker
2025-09-29 13:11:42,367 - distributed.worker.state_machine - WARNING - Async instruction for <Task cancelled name='execute(optimize_subject-db1bacea-637e-41e6-8fe3-e7dfa278688d)' coro=<Worker.execute() done, defined at /usr/global/miniconda/py310_23.1.0-1/envs/workshop_311/lib/python3.11/site-packages/distributed/worker_state_machine.py:3607>> ended with CancelledError
slurmstepd: error: *** JOB 3081215 ON node08 CANCELLED AT 2025-09-29T13:11:42 ***
