[I 2025-09-29 12:51:03,743] Trial 19 finished with value: 0.007771485792153322 and parameters: {'lag_0': 0.8013024598456076, 'lag_1': 0.8456571977624121, 'lag_2': 0.6190667139498593, 'lag_3': 0.7979960932470597, 'lag_4': 0.40126122077382537, 'lag_5': 0.6632372167650088, 'lag_6': 0.5604477771855585, 'lag_7': 0.3851501121333455, 'lag_8': 0.0042244356861871335, 'lag_9': 0.1844166651775505, 'lag_10': 0.3023419291460105, 'lag_11': 0.15803080915356066, 'lag_12': 0.9170566396129562, 'lag_13': 0.9956442425249873, 'lag_14': 0.4087687016479795, 'lag_15': 0.5591002964476641, 'lag_16': 0.8726721699590156, 'lag_17': 0.3651875639198965, 'lag_18': 0.8537811893877685, 'lag_19': 0.8574622642679179, 'lag_20': 0.1729755558296448, 'lag_21': 0.6079444209758798, 'lag_22': 0.2952040781896323, 'lag_23': 0.8897682818040389, 'lag_24': 0.6792749990465634, 'lag_25': 0.3076099784158101, 'lag_26': 0.877993352467381, 'lag_27': 0.408677370884752, 'lag_28': 0.5508933268016273}. Best is trial 9 with value: 0.005506058293127046.
[I 2025-09-29 12:51:06,223] Trial 20 finished with value: 0.007411278462702198 and parameters: {'lag_0': 0.4444280513757937, 'lag_1': 0.3884195706514683, 'lag_2': 0.37901778353929716, 'lag_3': 0.25422484390324757, 'lag_4': 0.8855369802803841, 'lag_5': 0.42797486717273414, 'lag_6': 0.41757417782131767, 'lag_7': 0.602988053546173, 'lag_8': 0.4031225791840956, 'lag_9': 0.5468188784670166, 'lag_10': 0.45012488978740806, 'lag_11': 0.5512234473703119, 'lag_12': 0.694234565156578, 'lag_13': 0.4252639815454459, 'lag_14': 0.3193430877661593, 'lag_15': 0.19943937786647573, 'lag_16': 0.7258331650884526, 'lag_17': 0.978469500703188, 'lag_18': 0.28859040584859136, 'lag_19': 0.36422474044794806, 'lag_20': 0.4234625675549364, 'lag_21': 0.3689776538040948, 'lag_22': 0.9244844405478361, 'lag_23': 0.37213632165425126, 'lag_24': 0.8819352890542583, 'lag_25': 0.5962870959176059, 'lag_26': 0.9891642882560567, 'lag_27': 0.19343491858408646, 'lag_28': 0.7198844529336681}. Best is trial 9 with value: 0.005506058293127046.
[I 2025-09-29 12:51:08,703] Trial 21 finished with value: 0.008234602217803009 and parameters: {'lag_0': 0.6173662747652444, 'lag_1': 0.8336744547143287, 'lag_2': 0.3562640894031499, 'lag_3': 0.09365997846433471, 'lag_4': 0.6525296163836576, 'lag_5': 0.24196559925074415, 'lag_6': 0.7921371051088546, 'lag_7': 0.890605098063329, 'lag_8': 0.5913710575827683, 'lag_9': 0.3268686040517025, 'lag_10': 0.959141990646457, 'lag_11': 0.30048970053291985, 'lag_12': 0.017058777209136976, 'lag_13': 0.6024158709246759, 'lag_14': 0.17827177489077012, 'lag_15': 0.46289966813131694, 'lag_16': 0.48572894274650774, 'lag_17': 0.699295780741164, 'lag_18': 0.47318473507427095, 'lag_19': 0.8266755980744338, 'lag_20': 0.7317583891586064, 'lag_21': 0.8571287749112602, 'lag_22': 0.12889500420022587, 'lag_23': 0.7746918098971403, 'lag_24': 0.8069052871873045, 'lag_25': 0.4731309239799545, 'lag_26': 0.8090140490275716, 'lag_27': 0.5908294789411034, 'lag_28': 0.14917259313259446}. Best is trial 9 with value: 0.005506058293127046.
[I 2025-09-29 12:51:11,188] Trial 22 finished with value: 0.007869817525022901 and parameters: {'lag_0': 0.9238516379439443, 'lag_1': 0.8497802461726625, 'lag_2': 0.3615607698276601, 'lag_3': 0.078041560280423, 'lag_4': 0.6062422719528021, 'lag_5': 0.5165914277799352, 'lag_6': 0.5579162654324485, 'lag_7': 0.871163886723797, 'lag_8': 0.7415852141511314, 'lag_9': 0.023620952995270453, 'lag_10': 0.6577279371799859, 'lag_11': 0.35423490244640693, 'lag_12': 0.2182310984311387, 'lag_13': 0.4543789524893555, 'lag_14': 0.5971313348508589, 'lag_15': 0.640990684099988, 'lag_16': 0.19522541275723265, 'lag_17': 0.8717844637276607, 'lag_18': 0.6061395036378775, 'lag_19': 0.8198307594128487, 'lag_20': 0.993190745961479, 'lag_21': 0.6439463670447374, 'lag_22': 0.0932110655828004, 'lag_23': 0.5448594968671312, 'lag_24': 0.5423004716609453, 'lag_25': 0.5607272971688876, 'lag_26': 0.660315130688178, 'lag_27': 0.6313525434684928, 'lag_28': 0.3473539152372884}. Best is trial 9 with value: 0.005506058293127046.
[I 2025-09-29 12:51:13,673] Trial 23 finished with value: 0.006851367322042468 and parameters: {'lag_0': 0.7174888227169542, 'lag_1': 0.621444104171785, 'lag_2': 0.7637217366960442, 'lag_3': 0.23509598698393486, 'lag_4': 0.7380545891408516, 'lag_5': 0.6283597937546664, 'lag_6': 0.7245293091576762, 'lag_7': 0.7773082150538622, 'lag_8': 0.6296515174885569, 'lag_9': 0.19520499377884995, 'lag_10': 0.6523432591917516, 'lag_11': 0.08714234555769346, 'lag_12': 0.3705035788752754, 'lag_13': 0.23258694357563992, 'lag_14': 0.11541254080020519, 'lag_15': 0.036206334777825665, 'lag_16': 0.5656122343122911, 'lag_17': 0.6426776044762559, 'lag_18': 0.27724752242787554, 'lag_19': 0.6696492882490397, 'lag_20': 0.6203855482571821, 'lag_21': 0.8363113331658996, 'lag_22': 0.2726672958253622, 'lag_23': 0.6352521266418774, 'lag_24': 0.7585110316207366, 'lag_25': 0.430681027923447, 'lag_26': 0.837509320188765, 'lag_27': 0.8022827710456417, 'lag_28': 0.15352789205797343}. Best is trial 9 with value: 0.005506058293127046.
[I 2025-09-29 12:51:16,155] Trial 24 finished with value: 0.006514672977733477 and parameters: {'lag_0': 0.5300160543374731, 'lag_1': 0.9814089030805493, 'lag_2': 0.2960610441961326, 'lag_3': 0.15789844673474956, 'lag_4': 0.49880891960152285, 'lag_5': 0.8353869779292882, 'lag_6': 0.9570273709310928, 'lag_7': 0.6447367307090556, 'lag_8': 0.8796415858827893, 'lag_9': 0.5024442491065695, 'lag_10': 0.8875516736581133, 'lag_11': 0.2359701704963516, 'lag_12': 0.5390021744409479, 'lag_13': 0.6111680526505584, 'lag_14': 0.46225662211373847, 'lag_15': 0.5060307738769277, 'lag_16': 0.880213193262384, 'lag_17': 0.4225956249447679, 'lag_18': 0.0440913199980573, 'lag_19': 0.8990951100002396, 'lag_20': 0.7577658188223086, 'lag_21': 0.4999478782628887, 'lag_22': 0.09889997599134916, 'lag_23': 0.21125188872713574, 'lag_24': 0.8906017846571471, 'lag_25': 0.7633512379040035, 'lag_26': 0.5463000547565895, 'lag_27': 0.5068736405861365, 'lag_28': 0.15638978186205668}. Best is trial 9 with value: 0.005506058293127046.
[I 2025-09-29 12:51:18,638] Trial 25 finished with value: 0.0069948945560148815 and parameters: {'lag_0': 0.3230875034156794, 'lag_1': 0.7707432926448301, 'lag_2': 0.5464126426687854, 'lag_3': 0.42008133436688977, 'lag_4': 0.3960223696050863, 'lag_5': 0.4532008720762636, 'lag_6': 0.6232785829615619, 'lag_7': 0.4582559215427329, 'lag_8': 0.5908716631571218, 'lag_9': 0.10685440085224346, 'lag_10': 0.31111439689588916, 'lag_11': 0.09255133248228298, 'lag_12': 0.10419254139451911, 'lag_13': 0.11322850589312483, 'lag_14': 0.33459333014940684, 'lag_15': 0.2935737427119056, 'lag_16': 0.3780398123744924, 'lag_17': 0.7683361318400275, 'lag_18': 0.756198185656363, 'lag_19': 0.9996737395317203, 'lag_20': 0.4879383394711749, 'lag_21': 0.886239844936548, 'lag_22': 0.5686857232591433, 'lag_23': 0.4661318910442527, 'lag_24': 0.6744099489862477, 'lag_25': 0.24002739717849386, 'lag_26': 0.7727535550923404, 'lag_27': 0.029964754664569937, 'lag_28': 0.32402404426272313}. Best is trial 9 with value: 0.005506058293127046.
[I 2025-09-29 12:51:21,123] Trial 26 finished with value: 0.00597342510361767 and parameters: {'lag_0': 0.8973798181655095, 'lag_1': 0.5900996513789902, 'lag_2': 0.1378538110436551, 'lag_3': 0.03220599203741073, 'lag_4': 0.5684178001759612, 'lag_5': 0.9151267381638154, 'lag_6': 0.5110477889510541, 'lag_7': 0.2978674908607344, 'lag_8': 0.3950061755972271, 'lag_9': 0.24385984357951096, 'lag_10': 0.4715076871966854, 'lag_11': 0.18647284984119347, 'lag_12': 0.8809598729273992, 'lag_13': 0.29864863303215416, 'lag_14': 0.8370544778943532, 'lag_15': 0.3941581989677039, 'lag_16': 0.726322598433375, 'lag_17': 0.9118974947199795, 'lag_18': 0.9091380789482011, 'lag_19': 0.7272351533387029, 'lag_20': 0.7214741689941033, 'lag_21': 0.0038873240297236378, 'lag_22': 0.2572804987953914, 'lag_23': 0.8367905891135725, 'lag_24': 0.5447397336190589, 'lag_25': 0.6195836820091486, 'lag_26': 0.4642024733945995, 'lag_27': 0.3948165459108065, 'lag_28': 0.4220370298681479}. Best is trial 9 with value: 0.005506058293127046.
[I 2025-09-29 12:51:23,617] Trial 27 finished with value: 0.007435930866685472 and parameters: {'lag_0': 0.9166695928739463, 'lag_1': 0.5648841430474166, 'lag_2': 0.12300572075808575, 'lag_3': 0.36047152954769934, 'lag_4': 0.31069655745679714, 'lag_5': 0.9045481324750025, 'lag_6': 0.5055331849119554, 'lag_7': 0.2568689779177082, 'lag_8': 0.4036641255677899, 'lag_9': 0.3648170141938925, 'lag_10': 0.4696247764162774, 'lag_11': 0.19720470777759205, 'lag_12': 0.8729790812054676, 'lag_13': 0.30449666408662523, 'lag_14': 0.8861480862756431, 'lag_15': 0.8189917121320338, 'lag_16': 0.7530827968693805, 'lag_17': 0.9040251479626603, 'lag_18': 0.9057727574318876, 'lag_19': 0.5496645572476396, 'lag_20': 0.5554910270085776, 'lag_21': 0.007660375045893175, 'lag_22': 0.4178680428169109, 'lag_23': 0.8731034122126192, 'lag_24': 0.3606471998079286, 'lag_25': 0.6636086875671229, 'lag_26': 0.4503851673396787, 'lag_27': 0.4113867374948237, 'lag_28': 0.4233151825215043}. Best is trial 9 with value: 0.005506058293127046.
[I 2025-09-29 12:51:26,101] Trial 28 finished with value: 0.007196350898425598 and parameters: {'lag_0': 0.9950611357483825, 'lag_1': 0.4036433694960052, 'lag_2': 0.19565011303854177, 'lag_3': 0.2447241627306852, 'lag_4': 0.7805585067452254, 'lag_5': 0.7504952265760474, 'lag_6': 0.3535853624541545, 'lag_7': 0.1465352799826555, 'lag_8': 0.22165609593071384, 'lag_9': 0.08275281628096826, 'lag_10': 0.38432801413208967, 'lag_11': 0.05079446086968151, 'lag_12': 0.8691449493159027, 'lag_13': 0.012425516193683928, 'lag_14': 0.6880204834164287, 'lag_15': 0.10597061655510054, 'lag_16': 0.90712757215458, 'lag_17': 0.9977918843718536, 'lag_18': 0.9993655214805014, 'lag_19': 0.4678983245705297, 'lag_20': 0.34254276870866934, 'lag_21': 0.15643256328368482, 'lag_22': 0.26245309003297457, 'lag_23': 0.9834693515233713, 'lag_24': 0.5174482125325376, 'lag_25': 0.8251311645943195, 'lag_26': 0.27310944195687825, 'lag_27': 0.3564886611954248, 'lag_28': 0.4640984248820882}. Best is trial 9 with value: 0.005506058293127046.
[I 2025-09-29 12:51:28,587] Trial 29 finished with value: 0.006886779033994273 and parameters: {'lag_0': 0.6914573966952904, 'lag_1': 0.28259596349818433, 'lag_2': 0.0719189328742589, 'lag_3': 0.2992328314139817, 'lag_4': 0.8909176369854618, 'lag_5': 0.912483957611543, 'lag_6': 0.17830540815557794, 'lag_7': 0.10970320088568991, 'lag_8': 0.4044676461511283, 'lag_9': 0.45567514076711507, 'lag_10': 0.5134603314661156, 'lag_11': 0.12770127084079777, 'lag_12': 0.4428308022232322, 'lag_13': 0.18641902615108163, 'lag_14': 0.8097132750398834, 'lag_15': 0.7375496844216495, 'lag_16': 0.7318773345287968, 'lag_17': 0.19060886220303314, 'lag_18': 0.9136784607077946, 'lag_19': 0.5776056024276363, 'lag_20': 0.6664570462194601, 'lag_21': 0.08183668436175813, 'lag_22': 0.30967928974917924, 'lag_23': 0.2155692961720857, 'lag_24': 0.0392569130908913, 'lag_25': 0.9263512350847191, 'lag_26': 0.43331859068038847, 'lag_27': 0.21197479351627616, 'lag_28': 0.24704181616105286}. Best is trial 9 with value: 0.005506058293127046.
[I 2025-09-29 12:51:31,075] Trial 30 finished with value: 0.007217060262965658 and parameters: {'lag_0': 0.783308896337142, 'lag_1': 0.4053112597385596, 'lag_2': 0.4533911091319138, 'lag_3': 0.11221822224786482, 'lag_4': 0.5626217515705663, 'lag_5': 0.7266064999220155, 'lag_6': 0.4921338293955513, 'lag_7': 0.2963327198092793, 'lag_8': 0.5424450328167241, 'lag_9': 0.2308443421914534, 'lag_10': 0.1452352105926326, 'lag_11': 0.2202636419949054, 'lag_12': 0.5999191763341488, 'lag_13': 0.2685952470293214, 'lag_14': 0.47952288846638524, 'lag_15': 0.36276251626597766, 'lag_16': 0.9771282118565185, 'lag_17': 0.01925928693606055, 'lag_18': 0.6745042771461269, 'lag_19': 0.6955348868201989, 'lag_20': 0.0969658590554561, 'lag_21': 0.17475672210597562, 'lag_22': 0.20419332515281746, 'lag_23': 0.3378670362792425, 'lag_24': 0.2432091500412345, 'lag_25': 0.7311977028140912, 'lag_26': 0.6168605493773425, 'lag_27': 0.48903859251883736, 'lag_28': 0.3811782983826194}. Best is trial 9 with value: 0.005506058293127046.
[I 2025-09-29 12:51:33,567] Trial 31 finished with value: 0.0059863787816502225 and parameters: {'lag_0': 0.8623722143397721, 'lag_1': 0.9036549373872752, 'lag_2': 0.3083891300270409, 'lag_3': 0.04133370641803943, 'lag_4': 0.5829675881129868, 'lag_5': 0.6072787696787739, 'lag_6': 0.8217600890641373, 'lag_7': 0.44645995722787896, 'lag_8': 0.6860479798193695, 'lag_9': 0.2495406768940946, 'lag_10': 0.7273060361341631, 'lag_11': 0.3528150825845009, 'lag_12': 0.9869560450271366, 'lag_13': 0.48016798047398473, 'lag_14': 0.5274574365208233, 'lag_15': 0.46407365097010256, 'lag_16': 0.4318823674435319, 'lag_17': 0.8611969651586101, 'lag_18': 0.7509389187058524, 'lag_19': 0.7965300064014011, 'lag_20': 0.7680543855067412, 'lag_21': 0.30925308713227123, 'lag_22': 0.15915388059049848, 'lag_23': 0.8085793880408616, 'lag_24': 0.43324107462075867, 'lag_25': 0.518202170308747, 'lag_26': 0.6802270633199088, 'lag_27': 0.5228959067550489, 'lag_28': 0.2708129296832204}. Best is trial 9 with value: 0.005506058293127046.
[I 2025-09-29 12:51:36,053] Trial 32 finished with value: 0.007109358344253296 and parameters: {'lag_0': 0.8876102132107027, 'lag_1': 0.620285776432802, 'lag_2': 0.17597955668581286, 'lag_3': 0.07679549866135196, 'lag_4': 0.4750719912161749, 'lag_5': 0.6222399396437994, 'lag_6': 0.8426728511867037, 'lag_7': 0.4493592830213233, 'lag_8': 0.47014036620784405, 'lag_9': 0.43926126801770987, 'lag_10': 0.3975282413509962, 'lag_11': 0.40637027378305757, 'lag_12': 0.9802924930666873, 'lag_13': 0.38678885605797264, 'lag_14': 0.5495267573022866, 'lag_15': 0.5108840988146689, 'lag_16': 0.5824037630469309, 'lag_17': 0.8839148927360361, 'lag_18': 0.784023880815531, 'lag_19': 0.7717316646739609, 'lag_20': 0.8004479757834088, 'lag_21': 0.27615966056072017, 'lag_22': 0.0556453722402072, 'lag_23': 0.8771004422604475, 'lag_24': 0.3944961824178477, 'lag_25': 0.5921058265707666, 'lag_26': 0.6533180237715739, 'lag_27': 0.7023106962798777, 'lag_28': 0.2851476563173914}. Best is trial 9 with value: 0.005506058293127046.
[I 2025-09-29 12:51:38,535] Trial 33 finished with value: 0.006586476124941879 and parameters: {'lag_0': 0.8246381634122639, 'lag_1': 0.7719255635999883, 'lag_2': 0.06975305796954012, 'lag_3': 0.16929352437847217, 'lag_4': 0.6276925413900777, 'lag_5': 0.5889087357329599, 'lag_6': 0.6604422063267298, 'lag_7': 0.5556628305241766, 'lag_8': 0.7160763261838492, 'lag_9': 0.3582310594051378, 'lag_10': 0.6028595351159005, 'lag_11': 0.535777878500198, 'lag_12': 0.8308461662812394, 'lag_13': 0.4575872466980303, 'lag_14': 0.7577044022153855, 'lag_15': 0.405781861336363, 'lag_16': 0.43974682693706, 'lag_17': 0.28747946687713144, 'lag_18': 0.9128216023574981, 'lag_19': 0.9059882797139605, 'lag_20': 0.5991428131150125, 'lag_21': 0.3312918679357529, 'lag_22': 0.16461573525977924, 'lag_23': 0.8250132509901054, 'lag_24': 0.557240953855674, 'lag_25': 0.6416476615321528, 'lag_26': 0.71001368132443, 'lag_27': 0.6331015096136905, 'lag_28': 0.5591313119128322}. Best is trial 9 with value: 0.005506058293127046.
[I 2025-09-29 12:51:41,021] Trial 34 finished with value: 0.0053505542652776536 and parameters: {'lag_0': 0.8996948896069797, 'lag_1': 0.9058839515409791, 'lag_2': 0.29504494832803824, 'lag_3': 0.5106310313768418, 'lag_4': 0.5378887728410247, 'lag_5': 0.6713827524386268, 'lag_6': 0.5474874388420228, 'lag_7': 0.3384720764231054, 'lag_8': 0.7869804849801831, 'lag_9': 0.12597818917982873, 'lag_10': 0.5007475089386731, 'lag_11': 0.4509052916138685, 'lag_12': 0.7154730749596687, 'lag_13': 0.3600875115903682, 'lag_14': 0.9963403422397354, 'lag_15': 0.23712730985670638, 'lag_16': 0.9206084814955212, 'lag_17': 0.8464030958447881, 'lag_18': 0.870037333782415, 'lag_19': 0.596081595457516, 'lag_20': 0.5095656726273343, 'lag_21': 0.7007335256272379, 'lag_22': 0.23803481240187788, 'lag_23': 0.6428076766018276, 'lag_24': 0.4272507068881728, 'lag_25': 0.5263933150038479, 'lag_26': 0.4868341046483883, 'lag_27': 0.514072617577958, 'lag_28': 0.20776547389682767}. Best is trial 34 with value: 0.0053505542652776536.
[I 2025-09-29 12:51:43,515] Trial 35 finished with value: 0.006072655631502791 and parameters: {'lag_0': 0.9089884087372007, 'lag_1': 0.9106073202374863, 'lag_2': 0.28649823914142225, 'lag_3': 0.5349583805396411, 'lag_4': 0.42371026710240134, 'lag_5': 0.6715988512229214, 'lag_6': 0.922987667781243, 'lag_7': 0.32486949274602, 'lag_8': 0.8679207687548974, 'lag_9': 0.1413683171848225, 'lag_10': 0.7099032789385831, 'lag_11': 0.49547549788850087, 'lag_12': 0.7160145686738106, 'lag_13': 0.48642632971447863, 'lag_14': 0.988896068403015, 'lag_15': 0.22308303052554562, 'lag_16': 0.912181428823529, 'lag_17': 0.8201357181780793, 'lag_18': 0.8728081107495196, 'lag_19': 0.5476985967822099, 'lag_20': 0.473061558704508, 'lag_21': 0.681070721252269, 'lag_22': 0.4138021738678299, 'lag_23': 0.6667883601838656, 'lag_24': 0.43006621558435726, 'lag_25': 0.5280862763404359, 'lag_26': 0.48193601844555434, 'lag_27': 0.5226592350515628, 'lag_28': 0.23251077656229907}. Best is trial 34 with value: 0.0053505542652776536.
[I 2025-09-29 12:51:45,999] Trial 36 finished with value: 0.0055992502152950405 and parameters: {'lag_0': 0.7567254817427267, 'lag_1': 0.9972800131342189, 'lag_2': 0.19803556999541821, 'lag_3': 0.6561287988388538, 'lag_4': 0.552925189480872, 'lag_5': 0.49150047912437345, 'lag_6': 0.6082685719595197, 'lag_7': 0.1819429477189985, 'lag_8': 0.7995007634993756, 'lag_9': 0.2395777342839842, 'lag_10': 0.506256217929192, 'lag_11': 0.3306770018205495, 'lag_12': 0.9576675324168591, 'lag_13': 0.5774654327531498, 'lag_14': 0.8819238799386176, 'lag_15': 0.2787487316364657, 'lag_16': 0.8306278546699346, 'lag_17': 0.8558102210787243, 'lag_18': 0.7835335225330868, 'lag_19': 0.6274942898849065, 'lag_20': 0.27504882106796424, 'lag_21': 0.7414989574738652, 'lag_22': 0.2270389872765558, 'lag_23': 0.7444264674027038, 'lag_24': 0.27395514442094276, 'lag_25': 0.39484855667998886, 'lag_26': 0.40094049678806953, 'lag_27': 0.7515407511745016, 'lag_28': 0.18880189224044905}. Best is trial 34 with value: 0.0053505542652776536.
[I 2025-09-29 12:51:48,484] Trial 37 finished with value: 0.007384179991776612 and parameters: {'lag_0': 0.7537003801471334, 'lag_1': 0.9991310740917998, 'lag_2': 0.1992172426629796, 'lag_3': 0.6057911752812348, 'lag_4': 0.547639321056811, 'lag_5': 0.5269217052221262, 'lag_6': 0.5838420637406806, 'lag_7': 0.16255485253305474, 'lag_8': 0.9905650268943278, 'lag_9': 0.07010400035670522, 'lag_10': 0.5169202851027589, 'lag_11': 0.6063590102906717, 'lag_12': 0.7597093374134624, 'lag_13': 0.602637349008465, 'lag_14': 0.9076787898506311, 'lag_15': 0.25880431453982683, 'lag_16': 0.8330700135395719, 'lag_17': 0.2781237639085469, 'lag_18': 0.9257096251111365, 'lag_19': 0.5889927533246572, 'lag_20': 0.26549168664407974, 'lag_21': 0.7637488506765386, 'lag_22': 0.24235415978194297, 'lag_23': 0.7058048410475819, 'lag_24': 0.16498054754623853, 'lag_25': 0.3998854255069116, 'lag_26': 0.22665147385029877, 'lag_27': 0.8994832010596707, 'lag_28': 0.11780681398638902}. Best is trial 34 with value: 0.0053505542652776536.
[I 2025-09-29 12:51:51,078] Trial 38 finished with value: 0.006258510327445251 and parameters: {'lag_0': 0.626920425899206, 'lag_1': 0.8048452299725819, 'lag_2': 0.0883965026000397, 'lag_3': 0.7401569231678816, 'lag_4': 0.30240470594810165, 'lag_5': 0.43786875191834207, 'lag_6': 0.4129645759237052, 'lag_7': 0.10247771464737512, 'lag_8': 0.8201872564147189, 'lag_9': 0.15446967435720893, 'lag_10': 0.6226725106150941, 'lag_11': 0.4339036210413121, 'lag_12': 0.9089468983131054, 'lag_13': 0.6922606650435351, 'lag_14': 0.8581110572836902, 'lag_15': 0.12972342458551162, 'lag_16': 0.7824573925842875, 'lag_17': 0.9362521069555836, 'lag_18': 0.8026588451158336, 'lag_19': 0.5129509251590993, 'lag_20': 0.19700829510591908, 'lag_21': 0.7060288026425398, 'lag_22': 0.5269776573513983, 'lag_23': 0.5750324340876323, 'lag_24': 0.301314144960416, 'lag_25': 0.28410081457263947, 'lag_26': 0.4011414554494576, 'lag_27': 0.7368520060130717, 'lag_28': 0.18035130864624463}. Best is trial 34 with value: 0.0053505542652776536.
[I 2025-09-29 12:51:53,572] Trial 39 finished with value: 0.007234484307600977 and parameters: {'lag_0': 0.7442723429116569, 'lag_1': 0.9149074807033624, 'lag_2': 0.9929941981351142, 'lag_3': 0.49081953453305693, 'lag_4': 0.7026463639763256, 'lag_5': 0.8608637123198215, 'lag_6': 0.6619080108573749, 'lag_7': 0.04852806348422811, 'lag_8': 0.9313736956799099, 'lag_9': 0.22342986315567467, 'lag_10': 0.45805349269448953, 'lag_11': 0.2994140242205476, 'lag_12': 0.8363323630185561, 'lag_13': 0.5413359305986822, 'lag_14': 0.9459472579617609, 'lag_15': 0.3641815255612104, 'lag_16': 0.8513009993985573, 'lag_17': 0.6310647484186935, 'lag_18': 0.999205015306312, 'lag_19': 0.6272764447161765, 'lag_20': 0.09771520174217438, 'lag_21': 0.8055941719283072, 'lag_22': 0.31475154204017486, 'lag_23': 0.7170822705264851, 'lag_24': 0.11283902306652521, 'lag_25': 0.15043520040572889, 'lag_26': 0.31012215414018757, 'lag_27': 0.8181021335954574, 'lag_28': 0.19101303515459814}. Best is trial 34 with value: 0.0053505542652776536.
