[I 2025-09-29 12:52:51,980] Trial 61 finished with value: 0.009765230033511192 and parameters: {'lag_0': 0.5176146609179606, 'lag_1': 0.4417420185622569, 'lag_2': 0.19065881218692654, 'lag_3': 0.9002404693405305, 'lag_4': 0.03875392163343887, 'lag_5': 0.7321274466894696, 'lag_6': 0.8656949372080025, 'lag_7': 0.3713773825767106, 'lag_8': 0.6050268696977418, 'lag_9': 0.7877295254423688, 'lag_10': 0.9391353606034646, 'lag_11': 0.4709410344252223, 'lag_12': 0.5217072479523511, 'lag_13': 0.08234811146802892, 'lag_14': 0.14752073086106965, 'lag_15': 0.14130889619043424, 'lag_16': 0.6567950977284557, 'lag_17': 0.2975823900344023, 'lag_18': 0.7311079762895252, 'lag_19': 0.5142644726144956, 'lag_20': 0.09222438096317868, 'lag_21': 0.646598193301896, 'lag_22': 0.5951643736864629, 'lag_23': 0.8944936830924011, 'lag_24': 0.5940151602424226, 'lag_25': 0.8806021031113949, 'lag_26': 0.2788041597412946, 'lag_27': 0.5766504596262115, 'lag_28': 0.5969571563286425}. Best is trial 51 with value: 0.00875484715828308.
[I 2025-09-29 12:52:54,476] Trial 62 finished with value: 0.009960329795001204 and parameters: {'lag_0': 0.8340324075571897, 'lag_1': 0.43334493071890606, 'lag_2': 0.2579401756453819, 'lag_3': 0.9632443596538194, 'lag_4': 0.026468708063872914, 'lag_5': 0.7800870853350267, 'lag_6': 0.8642638852192409, 'lag_7': 0.4120280948239862, 'lag_8': 0.6370212398403693, 'lag_9': 0.8131146220264444, 'lag_10': 0.3459923675615262, 'lag_11': 0.4522018951208897, 'lag_12': 0.5475009164399599, 'lag_13': 0.7710084690450637, 'lag_14': 0.13204333277746655, 'lag_15': 0.04949656513250392, 'lag_16': 0.6473296070907729, 'lag_17': 0.2693153589206323, 'lag_18': 0.7795563027576025, 'lag_19': 0.5169950887758228, 'lag_20': 0.08541883945469268, 'lag_21': 0.6538270242554424, 'lag_22': 0.6850278566335032, 'lag_23': 0.9173239196903524, 'lag_24': 0.6217893976836817, 'lag_25': 0.8651337195025831, 'lag_26': 0.21962416639624002, 'lag_27': 0.537166916513767, 'lag_28': 0.6121083214793732}. Best is trial 51 with value: 0.00875484715828308.
[I 2025-09-29 12:52:56,984] Trial 63 finished with value: 0.01263966959042227 and parameters: {'lag_0': 0.8021338890094761, 'lag_1': 0.4440627325098422, 'lag_2': 0.39232765601488145, 'lag_3': 0.9635483256144539, 'lag_4': 0.03847516248714877, 'lag_5': 0.7445138648305729, 'lag_6': 0.8631508835545577, 'lag_7': 0.36537691610669976, 'lag_8': 0.6247878960376352, 'lag_9': 0.8370064581857855, 'lag_10': 0.911704749428681, 'lag_11': 0.4729484873612593, 'lag_12': 0.5592706052901966, 'lag_13': 0.08956552847928334, 'lag_14': 0.009055985400313896, 'lag_15': 0.026749891722712124, 'lag_16': 0.6933619715895084, 'lag_17': 0.2726597121959081, 'lag_18': 0.7773963547684068, 'lag_19': 0.5186879921149671, 'lag_20': 0.09300875377073403, 'lag_21': 0.6497669577168924, 'lag_22': 0.6975079109065485, 'lag_23': 0.9220853766542436, 'lag_24': 0.6260000191067661, 'lag_25': 0.8534685666473713, 'lag_26': 0.21398964100348639, 'lag_27': 0.510561005492019, 'lag_28': 0.5985190319746013}. Best is trial 51 with value: 0.00875484715828308.
[I 2025-09-29 12:52:59,479] Trial 64 finished with value: 0.013130117491761756 and parameters: {'lag_0': 0.5574699841296656, 'lag_1': 0.5018817940888982, 'lag_2': 0.24718142366822143, 'lag_3': 0.9018371021178613, 'lag_4': 0.018043610883765115, 'lag_5': 0.7875760516994865, 'lag_6': 0.8094105180329607, 'lag_7': 0.40222228483907274, 'lag_8': 0.7081226953652291, 'lag_9': 0.873443921739484, 'lag_10': 0.3389607428599385, 'lag_11': 0.6319030786425655, 'lag_12': 0.5128176810585937, 'lag_13': 0.04856220960703007, 'lag_14': 0.10441864088941433, 'lag_15': 0.14218015507993267, 'lag_16': 0.6926565939320024, 'lag_17': 0.7166903351709819, 'lag_18': 0.7261339307981802, 'lag_19': 0.5675027778452206, 'lag_20': 0.025633626825923517, 'lag_21': 0.5347363140595911, 'lag_22': 0.6735681446351748, 'lag_23': 0.8764740922010268, 'lag_24': 0.5733462116011014, 'lag_25': 0.825753975801124, 'lag_26': 0.152095867410324, 'lag_27': 0.581579217836752, 'lag_28': 0.7692399257860423}. Best is trial 51 with value: 0.00875484715828308.
[I 2025-09-29 12:53:01,982] Trial 65 finished with value: 0.012886139231084356 and parameters: {'lag_0': 0.9030064172237325, 'lag_1': 0.4118393062363387, 'lag_2': 0.09626125156350582, 'lag_3': 0.8558890789317555, 'lag_4': 0.09213597896763775, 'lag_5': 0.6812391764631691, 'lag_6': 0.9500832393383607, 'lag_7': 0.2922831792534438, 'lag_8': 0.6736194851086204, 'lag_9': 0.7917990822153704, 'lag_10': 0.9518111789417384, 'lag_11': 0.5257755578737586, 'lag_12': 0.6490401584469474, 'lag_13': 0.13539562802382482, 'lag_14': 0.14578209806315098, 'lag_15': 0.08572725578816263, 'lag_16': 0.6629168843007499, 'lag_17': 0.24589344956612702, 'lag_18': 0.6619168004192523, 'lag_19': 0.49438253834591855, 'lag_20': 0.069447030759328, 'lag_21': 0.5945699213602861, 'lag_22': 0.6058895836575439, 'lag_23': 0.9577584985920231, 'lag_24': 0.6647694504252105, 'lag_25': 0.8871730765408883, 'lag_26': 0.2748566042521658, 'lag_27': 0.5529633746275544, 'lag_28': 0.6883802494335274}. Best is trial 51 with value: 0.00875484715828308.
[I 2025-09-29 12:53:04,479] Trial 66 finished with value: 0.011453486042816225 and parameters: {'lag_0': 0.9913036230040526, 'lag_1': 0.5419831260555986, 'lag_2': 0.13844032516714624, 'lag_3': 0.9283289478591898, 'lag_4': 0.15198936376954414, 'lag_5': 0.6137609329823572, 'lag_6': 0.75753456208456, 'lag_7': 0.4425565201201632, 'lag_8': 0.5960368861940193, 'lag_9': 0.7172303441044314, 'lag_10': 0.4135271513948968, 'lag_11': 0.7200647636200687, 'lag_12': 0.41924931086979217, 'lag_13': 0.19338476213472583, 'lag_14': 0.4803092713563963, 'lag_15': 0.05029103192269012, 'lag_16': 0.7672341532532766, 'lag_17': 0.2956458138629567, 'lag_18': 0.7933695722700176, 'lag_19': 0.6699719750719434, 'lag_20': 0.1758275307985548, 'lag_21': 0.7706229816450137, 'lag_22': 0.6259397868476939, 'lag_23': 0.8463081884807142, 'lag_24': 0.7239458098456607, 'lag_25': 0.7580607677816545, 'lag_26': 0.07913707313772728, 'lag_27': 0.6211795445729675, 'lag_28': 0.6223395268556194}. Best is trial 51 with value: 0.00875484715828308.
[I 2025-09-29 12:53:06,984] Trial 67 finished with value: 0.01329935027462226 and parameters: {'lag_0': 0.4571354701058398, 'lag_1': 0.4538704403704857, 'lag_2': 0.8733499625580996, 'lag_3': 0.9635760319957664, 'lag_4': 0.07227609707778604, 'lag_5': 0.7286554826260956, 'lag_6': 0.9101512984313308, 'lag_7': 0.24625268318577606, 'lag_8': 0.3966431750857504, 'lag_9': 0.6340610023724177, 'lag_10': 0.3584830250412427, 'lag_11': 0.4456458216522967, 'lag_12': 0.4790341935919294, 'lag_13': 0.7735350849073883, 'lag_14': 0.7382960151899993, 'lag_15': 0.10945107483496322, 'lag_16': 0.5601414201589568, 'lag_17': 0.33406722536316275, 'lag_18': 0.7306817467120692, 'lag_19': 0.3766787708951168, 'lag_20': 0.1264726269986282, 'lag_21': 0.701535434757346, 'lag_22': 0.7705102284462609, 'lag_23': 0.997128179213775, 'lag_24': 0.5707334359058196, 'lag_25': 0.923914343195789, 'lag_26': 0.14359851108090949, 'lag_27': 0.6783245485451058, 'lag_28': 0.5116368715264173}. Best is trial 51 with value: 0.00875484715828308.
[I 2025-09-29 12:53:09,605] Trial 68 finished with value: 0.013628553256823791 and parameters: {'lag_0': 0.5107171792756674, 'lag_1': 0.6329950029626811, 'lag_2': 0.18641159369983598, 'lag_3': 0.2728783128346843, 'lag_4': 0.1040230762168583, 'lag_5': 0.8301524292213499, 'lag_6': 0.8520880009286348, 'lag_7': 0.46663665639502905, 'lag_8': 0.5096908575576085, 'lag_9': 0.886495581212157, 'lag_10': 0.28658317458816174, 'lag_11': 0.3858666307069728, 'lag_12': 0.572313785141733, 'lag_13': 0.7318001504137932, 'lag_14': 0.3004968740672737, 'lag_15': 0.1632712763978646, 'lag_16': 0.732709471908873, 'lag_17': 0.372028465728155, 'lag_18': 0.8436351825276691, 'lag_19': 0.5305829971518246, 'lag_20': 0.085908776643942, 'lag_21': 0.7322441534291896, 'lag_22': 0.5643001187171188, 'lag_23': 0.8982308446234721, 'lag_24': 0.8338559176880233, 'lag_25': 0.9601951617689565, 'lag_26': 0.301182198753074, 'lag_27': 0.48877022349877763, 'lag_28': 0.5731436242251505}. Best is trial 51 with value: 0.00875484715828308.
[I 2025-09-29 12:53:12,106] Trial 69 finished with value: 0.01020189816090155 and parameters: {'lag_0': 0.11870711580512897, 'lag_1': 0.3871784546672403, 'lag_2': 0.728078504339657, 'lag_3': 0.48762794141829935, 'lag_4': 0.04675999676737177, 'lag_5': 0.6704078832607192, 'lag_6': 0.10910067343768337, 'lag_7': 0.42580303836581845, 'lag_8': 0.2381591443255598, 'lag_9': 0.7411997800531609, 'lag_10': 0.1073676035642489, 'lag_11': 0.8281545311926621, 'lag_12': 0.6128767878142257, 'lag_13': 0.05414292032689035, 'lag_14': 0.20089674922054473, 'lag_15': 0.04954027716068998, 'lag_16': 0.6273823971861954, 'lag_17': 0.1005406364811125, 'lag_18': 0.5972185702528484, 'lag_19': 0.5831444646683686, 'lag_20': 0.03944300686374264, 'lag_21': 0.6549025177239902, 'lag_22': 0.5367076658681442, 'lag_23': 0.7507192947009858, 'lag_24': 0.44737826206503856, 'lag_25': 0.8279924073573808, 'lag_26': 0.21389199495003708, 'lag_27': 0.11764080390302123, 'lag_28': 0.903136694162986}. Best is trial 51 with value: 0.00875484715828308.
[I 2025-09-29 12:53:14,616] Trial 70 finished with value: 0.01427378697205232 and parameters: {'lag_0': 0.17181441843895495, 'lag_1': 0.7983262806117732, 'lag_2': 0.9747165788409673, 'lag_3': 0.392177501453398, 'lag_4': 0.2384792263549837, 'lag_5': 0.47959193527566246, 'lag_6': 0.9668589334455236, 'lag_7': 0.3486141126016645, 'lag_8': 0.19850835462305755, 'lag_9': 0.7978458063639827, 'lag_10': 0.1732980516151914, 'lag_11': 0.42424682633927274, 'lag_12': 0.5122671077761509, 'lag_13': 0.6517551757432115, 'lag_14': 0.9390942307766783, 'lag_15': 0.23446965001909037, 'lag_16': 0.5152576812501359, 'lag_17': 0.03865227192156001, 'lag_18': 0.8937874405167943, 'lag_19': 0.41996787068085484, 'lag_20': 0.1497111723015924, 'lag_21': 0.8205506037524624, 'lag_22': 0.5867896923718025, 'lag_23': 0.8085697121513538, 'lag_24': 0.6283884430284329, 'lag_25': 0.78557474734162, 'lag_26': 0.2546270640146669, 'lag_27': 0.5449187323835035, 'lag_28': 0.4729352608590858}. Best is trial 51 with value: 0.00875484715828308.
[I 2025-09-29 12:53:17,120] Trial 71 finished with value: 0.011085273545855086 and parameters: {'lag_0': 0.11669287559180286, 'lag_1': 0.3967352997165146, 'lag_2': 0.7108380979466702, 'lag_3': 0.567257543604343, 'lag_4': 0.051860566519466605, 'lag_5': 0.6636734660871668, 'lag_6': 0.15468681206457363, 'lag_7': 0.4191289452626366, 'lag_8': 0.2551642531699321, 'lag_9': 0.728438342158007, 'lag_10': 0.10531614675741036, 'lag_11': 0.7589404820597914, 'lag_12': 0.6091376668168922, 'lag_13': 0.04817535823261558, 'lag_14': 0.19333360168318048, 'lag_15': 0.04585708666723543, 'lag_16': 0.6314697388572681, 'lag_17': 0.1007623181263811, 'lag_18': 0.6907965301449975, 'lag_19': 0.6295836202334426, 'lag_20': 0.04713805619270203, 'lag_21': 0.6537649733999024, 'lag_22': 0.5319719570937647, 'lag_23': 0.6607143906364985, 'lag_24': 0.4775789528808727, 'lag_25': 0.8287942172375042, 'lag_26': 0.1930186484074617, 'lag_27': 0.0958772697021158, 'lag_28': 0.9205218825287165}. Best is trial 51 with value: 0.00875484715828308.
[I 2025-09-29 12:53:19,616] Trial 72 finished with value: 0.010850194830494144 and parameters: {'lag_0': 0.24267691706270017, 'lag_1': 0.3516706511245349, 'lag_2': 0.7315590993208718, 'lag_3': 0.4621829916969863, 'lag_4': 0.13971467298296156, 'lag_5': 0.7927295699619258, 'lag_6': 0.07637304675367187, 'lag_7': 0.4261550464663643, 'lag_8': 0.05629825071038072, 'lag_9': 0.6565806643913021, 'lag_10': 0.034462102711980566, 'lag_11': 0.4855947617248241, 'lag_12': 0.6981045615874404, 'lag_13': 0.13100096894536345, 'lag_14': 0.0371691002935402, 'lag_15': 0.1535938481148944, 'lag_16': 0.6652334957021965, 'lag_17': 0.1544011567764676, 'lag_18': 0.5862376499748254, 'lag_19': 0.5797610333038953, 'lag_20': 0.011846601469198189, 'lag_21': 0.6217431013763546, 'lag_22': 0.6899925110976967, 'lag_23': 0.7413268916566417, 'lag_24': 0.43943168356819506, 'lag_25': 0.8961577541676091, 'lag_26': 0.2869284407564813, 'lag_27': 0.12859778557582366, 'lag_28': 0.8966431516507081}. Best is trial 51 with value: 0.00875484715828308.
[I 2025-09-29 12:53:22,104] Trial 73 finished with value: 0.011012878887534248 and parameters: {'lag_0': 0.047444592670451015, 'lag_1': 0.48534095308637426, 'lag_2': 0.7563549839358849, 'lag_3': 0.41670055840684433, 'lag_4': 0.018312610646832077, 'lag_5': 0.6947077408533457, 'lag_6': 0.11184820674914459, 'lag_7': 0.38122305795164063, 'lag_8': 0.15933793311808556, 'lag_9': 0.7487877610761039, 'lag_10': 0.7366657926134722, 'lag_11': 0.7882033704108299, 'lag_12': 0.6297638722848963, 'lag_13': 0.04234006003047061, 'lag_14': 0.07427458261077324, 'lag_15': 0.09956339258935862, 'lag_16': 0.6011473286661041, 'lag_17': 0.1286630267286661, 'lag_18': 0.7664879182535154, 'lag_19': 0.4568628020701089, 'lag_20': 0.10556012787708038, 'lag_21': 0.5752313151488325, 'lag_22': 0.49689256358387357, 'lag_23': 0.7547744305195843, 'lag_24': 0.5935565319965035, 'lag_25': 0.8499079456893947, 'lag_26': 0.2168393472618249, 'lag_27': 0.06077743572890541, 'lag_28': 0.9933956125967888}. Best is trial 51 with value: 0.00875484715828308.
[I 2025-09-29 12:53:24,597] Trial 74 finished with value: 0.010737377179438847 and parameters: {'lag_0': 0.119525511473563, 'lag_1': 0.42744485646581376, 'lag_2': 0.5527574674440647, 'lag_3': 0.3564168385814258, 'lag_4': 0.08469327522456636, 'lag_5': 0.5497226241837553, 'lag_6': 0.21310461807925885, 'lag_7': 0.3278755126365871, 'lag_8': 0.6042823462240542, 'lag_9': 0.6756025652288964, 'lag_10': 0.1561698881213594, 'lag_11': 0.8437962199063302, 'lag_12': 0.5888044574763903, 'lag_13': 0.485966534265665, 'lag_14': 0.2571453790328375, 'lag_15': 0.038550468145566064, 'lag_16': 0.5795328128041171, 'lag_17': 0.07107844138531999, 'lag_18': 0.602454637175768, 'lag_19': 0.6038553829755078, 'lag_20': 0.17351557114273397, 'lag_21': 0.6751157363854801, 'lag_22': 0.031711458352572275, 'lag_23': 0.6903938485668027, 'lag_24': 0.49267191727990683, 'lag_25': 0.7249379171058496, 'lag_26': 0.3394617900116488, 'lag_27': 0.18803563898092635, 'lag_28': 0.813873909912616}. Best is trial 51 with value: 0.00875484715828308.
[I 2025-09-29 12:53:27,090] Trial 75 finished with value: 0.013516636673393156 and parameters: {'lag_0': 0.27475229938347245, 'lag_1': 0.37392497870064134, 'lag_2': 0.025952609471910217, 'lag_3': 0.48299873112788266, 'lag_4': 0.009996496450166564, 'lag_5': 0.5985589880842417, 'lag_6': 0.032344906423485975, 'lag_7': 0.4714432776581853, 'lag_8': 0.22879973993004044, 'lag_9': 0.8245751064953464, 'lag_10': 0.99906814596299, 'lag_11': 0.5726105528730853, 'lag_12': 0.45767701712109676, 'lag_13': 0.28261215828691183, 'lag_14': 0.15244152604169062, 'lag_15': 0.19478863245757577, 'lag_16': 0.7788581582259108, 'lag_17': 0.20099004308709167, 'lag_18': 0.6615243395370076, 'lag_19': 0.5473648318584018, 'lag_20': 0.8238421976392095, 'lag_21': 0.5402580385266926, 'lag_22': 0.6396544953157786, 'lag_23': 0.873644072926337, 'lag_24': 0.3936787852713115, 'lag_25': 0.6976648529338806, 'lag_26': 0.08420505138491105, 'lag_27': 0.0024052379956635977, 'lag_28': 0.8969651547250912}. Best is trial 51 with value: 0.00875484715828308.
[I 2025-09-29 12:53:29,582] Trial 76 finished with value: 0.01329462725165369 and parameters: {'lag_0': 0.39441329693384786, 'lag_1': 0.5128079382856922, 'lag_2': 0.12413433315932204, 'lag_3': 0.23086322521819563, 'lag_4': 0.18763239863988027, 'lag_5': 0.7541711299594375, 'lag_6': 0.7967724952315585, 'lag_7': 0.5159343591256336, 'lag_8': 0.6538665073746542, 'lag_9': 0.5879675710346438, 'lag_10': 0.20607957777165037, 'lag_11': 0.3245998551616077, 'lag_12': 0.5332308471641323, 'lag_13': 0.697929772479936, 'lag_14': 0.40767172957865633, 'lag_15': 0.3332507980528327, 'lag_16': 0.6251922337372323, 'lag_17': 0.18634572273219732, 'lag_18': 0.2824703091375064, 'lag_19': 0.4963904664681954, 'lag_20': 0.21760086330556525, 'lag_21': 0.6341061125374083, 'lag_22': 0.43973556873909625, 'lag_23': 0.8122179610751795, 'lag_24': 0.30345931659693803, 'lag_25': 0.8097089310871877, 'lag_26': 0.21770548008308355, 'lag_27': 0.15971905008932535, 'lag_28': 0.7986502069091137}. Best is trial 51 with value: 0.00875484715828308.
[I 2025-09-29 12:53:32,079] Trial 77 finished with value: 0.012551628494860795 and parameters: {'lag_0': 0.030829416145447704, 'lag_1': 0.3056284901057217, 'lag_2': 0.07515161953601643, 'lag_3': 0.9794599376569997, 'lag_4': 0.06008673410156609, 'lag_5': 0.6251199972354653, 'lag_6': 0.3226035542619464, 'lag_7': 0.2981350061863005, 'lag_8': 0.27775163285241683, 'lag_9': 0.7858648794838531, 'lag_10': 0.5345076312365823, 'lag_11': 0.27648363318344393, 'lag_12': 0.6529507224816236, 'lag_13': 0.07782302365636673, 'lag_14': 0.35214920831009366, 'lag_15': 0.2124397696051838, 'lag_16': 0.5373187030345783, 'lag_17': 0.9850738682779716, 'lag_18': 0.21691885753695483, 'lag_19': 0.746059506665459, 'lag_20': 0.06721279562671814, 'lag_21': 0.03172940151460882, 'lag_22': 0.5504482835831457, 'lag_23': 0.7792429548474649, 'lag_24': 0.5158795343724372, 'lag_25': 0.7656937207522769, 'lag_26': 0.007605983485734158, 'lag_27': 0.6568087014232072, 'lag_28': 0.7423244713300416}. Best is trial 51 with value: 0.00875484715828308.
[I 2025-09-29 12:53:34,574] Trial 78 finished with value: 0.011709555227796186 and parameters: {'lag_0': 0.292868321270196, 'lag_1': 0.4797111375191264, 'lag_2': 0.5019016444626969, 'lag_3': 0.5170448386394515, 'lag_4': 0.5438481853925141, 'lag_5': 0.654502945667739, 'lag_6': 0.2640587728535937, 'lag_7': 0.18445339203141115, 'lag_8': 0.17699717940608198, 'lag_9': 0.9332197561645286, 'lag_10': 0.08310106075661544, 'lag_11': 0.9002234375233027, 'lag_12': 0.8130582984152455, 'lag_13': 0.20761445415030372, 'lag_14': 0.44315463232820856, 'lag_15': 0.06747353043221667, 'lag_16': 0.0026149548631682618, 'lag_17': 0.034290991109720864, 'lag_18': 0.3678512436851133, 'lag_19': 0.6502491656738578, 'lag_20': 0.04133802525058328, 'lag_21': 0.8965590279286897, 'lag_22': 0.7807123541201266, 'lag_23': 0.936190522870324, 'lag_24': 0.5580426079973344, 'lag_25': 0.9317363782332443, 'lag_26': 0.18696520823851664, 'lag_27': 0.24814134482750894, 'lag_28': 0.9642259513391204}. Best is trial 51 with value: 0.00875484715828308.
[I 2025-09-29 12:53:37,067] Trial 79 finished with value: 0.012508506361118018 and parameters: {'lag_0': 0.3253651020264505, 'lag_1': 0.5717769286335765, 'lag_2': 0.21366382606765078, 'lag_3': 0.8847134939116978, 'lag_4': 0.10645751272303935, 'lag_5': 0.5324005932173527, 'lag_6': 0.36169367136268926, 'lag_7': 0.3719459220384714, 'lag_8': 0.32035818870298244, 'lag_9': 0.8789318666806646, 'lag_10': 0.500041636319153, 'lag_11': 0.19761353687011224, 'lag_12': 0.5684528618997778, 'lag_13': 0.8414332504934712, 'lag_14': 0.17084781532876794, 'lag_15': 0.28966212371156813, 'lag_16': 0.13092361949226522, 'lag_17': 0.23211396236623155, 'lag_18': 0.5396525873073956, 'lag_19': 0.8962730820769522, 'lag_20': 0.0015038781346611019, 'lag_21': 0.773335596233389, 'lag_22': 0.6144564955363332, 'lag_23': 0.7071940411915583, 'lag_24': 0.33479608648571413, 'lag_25': 0.10217367166444788, 'lag_26': 0.5104874573110814, 'lag_27': 0.4574491143972181, 'lag_28': 0.8729333905181226}. Best is trial 51 with value: 0.00875484715828308.
[I 2025-09-29 12:53:39,562] Trial 80 finished with value: 0.013069566962144502 and parameters: {'lag_0': 0.15551368163589613, 'lag_1': 0.7228429615986525, 'lag_2': 0.6139356892524817, 'lag_3': 0.7316062611004698, 'lag_4': 0.25774351419474806, 'lag_5': 0.5798030878690993, 'lag_6': 0.8663814518851388, 'lag_7': 0.4402629492916603, 'lag_8': 0.7229480701879526, 'lag_9': 0.11518277324441027, 'lag_10': 0.38015385768638016, 'lag_11': 0.3653355777817285, 'lag_12': 0.6927801238755842, 'lag_13': 0.38054153765765997, 'lag_14': 0.3201638116495662, 'lag_15': 0.13705293279583208, 'lag_16': 0.7226291250217496, 'lag_17': 0.13452742563380998, 'lag_18': 0.4176560177873428, 'lag_19': 0.46246211445961094, 'lag_20': 0.13583685252431826, 'lag_21': 0.7270202829603178, 'lag_22': 0.5738826468796424, 'lag_23': 0.9686189433757249, 'lag_24': 0.6544134419248602, 'lag_25': 0.8727611478696826, 'lag_26': 0.1321775731401415, 'lag_27': 0.7064288256308432, 'lag_28': 0.3833055263696166}. Best is trial 51 with value: 0.00875484715828308.
[I 2025-09-29 12:53:42,062] Trial 81 finished with value: 0.012407701429013812 and parameters: {'lag_0': 0.7837836681592452, 'lag_1': 0.07622499364211094, 'lag_2': 0.25724294822282884, 'lag_3': 0.8369632117169256, 'lag_4': 0.20759475164462132, 'lag_5': 0.7109569504413976, 'lag_6': 0.5492616899743797, 'lag_7': 0.06206080622650738, 'lag_8': 0.5581602368329339, 'lag_9': 0.23814349527753867, 'lag_10': 0.4509847054720387, 'lag_11': 0.46055382669583544, 'lag_12': 0.21595149496407787, 'lag_13': 0.15787275741374318, 'lag_14': 0.20679958462713297, 'lag_15': 0.018358345296282053, 'lag_16': 0.5090048861584815, 'lag_17': 0.31250423893386514, 'lag_18': 0.31917050285941595, 'lag_19': 0.5136434954816427, 'lag_20': 0.19736910995027443, 'lag_21': 0.1327903774443487, 'lag_22': 0.41215832006586917, 'lag_23': 0.011327854125644396, 'lag_24': 0.12151772822208043, 'lag_25': 0.24289938481306628, 'lag_26': 0.8521732722363877, 'lag_27': 0.19674298147643526, 'lag_28': 0.4438701841087302}. Best is trial 51 with value: 0.00875484715828308.
