[I 2025-09-29 12:54:16,186] Trial 83 finished with value: 0.0038761283263173555 and parameters: {'lag_0': 0.8406769437819557, 'lag_1': 0.7706829061792382, 'lag_2': 0.6310003526428571, 'lag_3': 0.9994164430626775, 'lag_4': 0.4410253942387875, 'lag_5': 0.9102869016454014, 'lag_6': 0.12689147483164412, 'lag_7': 0.1367082343304792, 'lag_8': 0.42780161277497813, 'lag_9': 0.9265533114934732, 'lag_10': 0.0012267281954816411, 'lag_11': 0.9151695638319818, 'lag_12': 0.7129966428920224, 'lag_13': 0.676716100700603, 'lag_14': 0.5426438354623123, 'lag_15': 0.023896451080293563, 'lag_16': 0.5092345510357024, 'lag_17': 0.5070658116309175, 'lag_18': 0.07967715122217972, 'lag_19': 0.9805092506488416, 'lag_20': 0.9868412440325616, 'lag_21': 0.9617117455660248, 'lag_22': 0.8121740345493829, 'lag_23': 0.7115452307131842, 'lag_24': 0.30152837343381966, 'lag_25': 0.5161205524996088, 'lag_26': 0.5266552766527639, 'lag_27': 0.6320980998373575, 'lag_28': 0.0799839245581773}. Best is trial 28 with value: 0.0037238074583694366.
[I 2025-09-29 12:54:19,035] Trial 84 finished with value: 0.0040888187925749876 and parameters: {'lag_0': 0.8138712504787828, 'lag_1': 0.7532374053431585, 'lag_2': 0.6342933848404801, 'lag_3': 0.9895364016422219, 'lag_4': 0.5723511209825718, 'lag_5': 0.9309406852121896, 'lag_6': 0.10718544985617931, 'lag_7': 0.18515124713229908, 'lag_8': 0.38550122955032523, 'lag_9': 0.948453894408553, 'lag_10': 0.06841095739298364, 'lag_11': 0.973599895220633, 'lag_12': 0.7226878067100434, 'lag_13': 0.6743749575122954, 'lag_14': 0.5486952778892576, 'lag_15': 0.10938190855113705, 'lag_16': 0.6455537426914016, 'lag_17': 0.49714887187894846, 'lag_18': 0.06855739336611803, 'lag_19': 0.937059660657037, 'lag_20': 0.9365308561133866, 'lag_21': 0.9542869176194356, 'lag_22': 0.798346336224688, 'lag_23': 0.7223960169629121, 'lag_24': 0.3065278381109095, 'lag_25': 0.6283064834415704, 'lag_26': 0.519330406688651, 'lag_27': 0.6152488469060443, 'lag_28': 0.07590825069975615}. Best is trial 28 with value: 0.0037238074583694366.
[I 2025-09-29 12:54:21,882] Trial 85 finished with value: 0.004331569189037809 and parameters: {'lag_0': 0.8487527640122285, 'lag_1': 0.8168860205884063, 'lag_2': 0.5751652294551323, 'lag_3': 0.9239876226717954, 'lag_4': 0.49267589707339454, 'lag_5': 0.7936209530494597, 'lag_6': 0.16399818221817536, 'lag_7': 0.004475223635154926, 'lag_8': 0.5188955813927685, 'lag_9': 0.9194464119775746, 'lag_10': 0.00013262455822253376, 'lag_11': 0.9232034785049229, 'lag_12': 0.6912749094270718, 'lag_13': 0.7578037733495513, 'lag_14': 0.48027199938558346, 'lag_15': 0.02455275372703254, 'lag_16': 0.51071969686089, 'lag_17': 0.4388412512451047, 'lag_18': 0.09563281661076631, 'lag_19': 0.9808961966786711, 'lag_20': 0.9267902670026844, 'lag_21': 0.9635525958036276, 'lag_22': 0.9791295837485208, 'lag_23': 0.7075763244302516, 'lag_24': 0.27698809130642366, 'lag_25': 0.5092760185310148, 'lag_26': 0.6468257355743248, 'lag_27': 0.6257284860008101, 'lag_28': 0.16559665491682674}. Best is trial 28 with value: 0.0037238074583694366.
[I 2025-09-29 12:54:24,721] Trial 86 finished with value: 0.004089721488784925 and parameters: {'lag_0': 0.6924447426204383, 'lag_1': 0.6908464655792073, 'lag_2': 0.6721874180065356, 'lag_3': 0.9639740394399717, 'lag_4': 0.4238406255474216, 'lag_5': 0.9097113073641376, 'lag_6': 0.2777543712106819, 'lag_7': 0.11772888274124466, 'lag_8': 0.41720410157576815, 'lag_9': 0.9521749818371437, 'lag_10': 0.11709820902416289, 'lag_11': 0.8669487419045835, 'lag_12': 0.6575550942856795, 'lag_13': 0.5859399440347159, 'lag_14': 0.414566988958877, 'lag_15': 0.0676190341459168, 'lag_16': 0.5786156063592487, 'lag_17': 0.6277094737680062, 'lag_18': 0.0009731030617385339, 'lag_19': 0.8810719277445536, 'lag_20': 0.9856241898236737, 'lag_21': 0.9808394669004235, 'lag_22': 0.8413692430056486, 'lag_23': 0.6841622809896271, 'lag_24': 0.21040992811219777, 'lag_25': 0.7040745265164208, 'lag_26': 0.6851503049115152, 'lag_27': 0.5656993646489276, 'lag_28': 0.04056796251526394}. Best is trial 28 with value: 0.0037238074583694366.
[I 2025-09-29 12:54:27,563] Trial 87 finished with value: 0.004141242846801616 and parameters: {'lag_0': 0.8773651173080748, 'lag_1': 0.7766141204803778, 'lag_2': 0.7033712061440874, 'lag_3': 0.90024189468314, 'lag_4': 0.45005990965897835, 'lag_5': 0.668809263960106, 'lag_6': 0.1299495004005976, 'lag_7': 0.06461385648386464, 'lag_8': 0.430529998517804, 'lag_9': 0.8281978155161407, 'lag_10': 0.0366654003474707, 'lag_11': 0.829808089517352, 'lag_12': 0.7847502667534423, 'lag_13': 0.6344179127779449, 'lag_14': 0.5373545107119142, 'lag_15': 0.0061301524258801495, 'lag_16': 0.41160159643392785, 'lag_17': 0.7071601781520266, 'lag_18': 0.13079282170510828, 'lag_19': 0.9414822177119608, 'lag_20': 0.8706579143873321, 'lag_21': 0.9958314529480011, 'lag_22': 0.9178771384286946, 'lag_23': 0.7616338379502582, 'lag_24': 0.09687434285103591, 'lag_25': 0.5921493889876126, 'lag_26': 0.6128884515762694, 'lag_27': 0.5306883600998533, 'lag_28': 0.1275397276308393}. Best is trial 28 with value: 0.0037238074583694366.
[I 2025-09-29 12:54:30,399] Trial 88 finished with value: 0.004300949101175013 and parameters: {'lag_0': 0.7667914784916278, 'lag_1': 0.8592704472682915, 'lag_2': 0.6240492483072134, 'lag_3': 0.9967544601378495, 'lag_4': 0.5074623530209551, 'lag_5': 0.7242692684626654, 'lag_6': 0.19481363839725954, 'lag_7': 0.1479092448431649, 'lag_8': 0.3346025407654032, 'lag_9': 0.9987162614764764, 'lag_10': 0.07393721995250695, 'lag_11': 0.8830749034397305, 'lag_12': 0.6196961717299236, 'lag_13': 0.6825130552618441, 'lag_14': 0.5982601537809034, 'lag_15': 0.15298905253096984, 'lag_16': 0.5439084740344852, 'lag_17': 0.4977789599123814, 'lag_18': 0.026425388531533305, 'lag_19': 0.9535136213289173, 'lag_20': 0.8350437684284141, 'lag_21': 0.910337346906108, 'lag_22': 0.7026603150635877, 'lag_23': 0.8003479007795007, 'lag_24': 0.3654953707749813, 'lag_25': 0.5475935488176614, 'lag_26': 0.7175944505792197, 'lag_27': 0.5688493597120725, 'lag_28': 0.006947302560566027}. Best is trial 28 with value: 0.0037238074583694366.
[I 2025-09-29 12:54:33,246] Trial 89 finished with value: 0.0044339067258300285 and parameters: {'lag_0': 0.9852394827282851, 'lag_1': 0.9079879066116071, 'lag_2': 0.9085887167535075, 'lag_3': 0.9399925593505379, 'lag_4': 0.004764352331924182, 'lag_5': 0.7796499852658347, 'lag_6': 0.042584265235166396, 'lag_7': 0.23462454084764212, 'lag_8': 0.18476574636419532, 'lag_9': 0.791871669731645, 'lag_10': 0.12674607649542163, 'lag_11': 0.7921869015544268, 'lag_12': 0.6560969508746844, 'lag_13': 0.6380199439673244, 'lag_14': 0.35957291946797904, 'lag_15': 0.2077700956262099, 'lag_16': 0.6087483516760599, 'lag_17': 0.5496224928825053, 'lag_18': 0.07728096673067789, 'lag_19': 0.9957518182644063, 'lag_20': 0.7443509828802006, 'lag_21': 0.8881404991606803, 'lag_22': 0.8116189510321401, 'lag_23': 0.880923501273331, 'lag_24': 0.3360379770304831, 'lag_25': 0.627692584713161, 'lag_26': 0.47692535423781035, 'lag_27': 0.4482423707816933, 'lag_28': 0.08319890207937097}. Best is trial 28 with value: 0.0037238074583694366.
[I 2025-09-29 12:54:36,100] Trial 90 finished with value: 0.004364093283618322 and parameters: {'lag_0': 0.8320928179767753, 'lag_1': 0.7181655218703694, 'lag_2': 0.7318840356525927, 'lag_3': 0.8804436848142926, 'lag_4': 0.3321072327301666, 'lag_5': 0.8117054242350911, 'lag_6': 0.08435349326832045, 'lag_7': 0.03424766248323904, 'lag_8': 0.48732684852050234, 'lag_9': 0.8900343704423033, 'lag_10': 0.045484095667878005, 'lag_11': 0.9488787107126601, 'lag_12': 0.8502298676818519, 'lag_13': 0.18227418599581116, 'lag_14': 0.5629899179504658, 'lag_15': 0.24164143002634092, 'lag_16': 0.5025180393690286, 'lag_17': 0.5959669471984503, 'lag_18': 0.1803507364908466, 'lag_19': 0.9104813096393796, 'lag_20': 0.7949757396772136, 'lag_21': 0.8432592952543941, 'lag_22': 0.8690214859727458, 'lag_23': 0.8283248719931565, 'lag_24': 0.24791942445945023, 'lag_25': 0.17820820283331196, 'lag_26': 0.5450047336097055, 'lag_27': 0.6790679660913687, 'lag_28': 0.20215426541363513}. Best is trial 28 with value: 0.0037238074583694366.
[I 2025-09-29 12:54:38,958] Trial 91 finished with value: 0.004093408798991763 and parameters: {'lag_0': 0.7482757760082879, 'lag_1': 0.7410212253133641, 'lag_2': 0.765674516878745, 'lag_3': 0.8563891598341415, 'lag_4': 0.3976164451786829, 'lag_5': 0.9379422279199923, 'lag_6': 0.2572259773673893, 'lag_7': 0.07955079149352137, 'lag_8': 0.5516620638671138, 'lag_9': 0.9157599575640963, 'lag_10': 0.16748557501852884, 'lag_11': 0.9103801243712023, 'lag_12': 0.7401300459925706, 'lag_13': 0.7171086697835531, 'lag_14': 0.48464465036079146, 'lag_15': 0.04790550715208298, 'lag_16': 0.45042319614548887, 'lag_17': 0.5581109376853818, 'lag_18': 0.23719507150139366, 'lag_19': 0.0028818004104862738, 'lag_20': 0.6996469193745034, 'lag_21': 0.7875197403787498, 'lag_22': 0.773807924523433, 'lag_23': 0.6159468481804776, 'lag_24': 0.2690573192135153, 'lag_25': 0.06939873364843752, 'lag_26': 0.5920152841011295, 'lag_27': 0.5865556700140095, 'lag_28': 0.03334151422970374}. Best is trial 28 with value: 0.0037238074583694366.
[I 2025-09-29 12:54:41,809] Trial 92 finished with value: 0.003989018316739378 and parameters: {'lag_0': 0.7963411274709521, 'lag_1': 0.9406426221897419, 'lag_2': 0.854418685569052, 'lag_3': 0.91484885854937, 'lag_4': 0.5569112179838445, 'lag_5': 0.8513445536090819, 'lag_6': 0.1294712606989805, 'lag_7': 0.1320052375504177, 'lag_8': 0.442914915471778, 'lag_9': 0.7531379574773047, 'lag_10': 0.2096653907725164, 'lag_11': 0.9350253963753524, 'lag_12': 0.5598547103786675, 'lag_13': 0.6036510182199315, 'lag_14': 0.4410887251113651, 'lag_15': 0.08605869421111507, 'lag_16': 0.6669176344308568, 'lag_17': 0.665022242495279, 'lag_18': 0.10509520082969771, 'lag_19': 0.8577179474129083, 'lag_20': 0.723921462969258, 'lag_21': 0.9508175935462881, 'lag_22': 0.7613456908763669, 'lag_23': 0.5896473343422324, 'lag_24': 0.3872972216348288, 'lag_25': 0.5266517493311414, 'lag_26': 0.4990781598980739, 'lag_27': 0.6445316637341879, 'lag_28': 0.8442787182379777}. Best is trial 28 with value: 0.0037238074583694366.
[I 2025-09-29 12:54:44,662] Trial 93 finished with value: 0.0045296390749617905 and parameters: {'lag_0': 0.6161923235057488, 'lag_1': 0.8032691967454691, 'lag_2': 0.5260194055867367, 'lag_3': 0.9645867054820756, 'lag_4': 0.4735573741928997, 'lag_5': 0.8872876622558068, 'lag_6': 0.20940645220913368, 'lag_7': 0.18931243130244174, 'lag_8': 0.38656819351561655, 'lag_9': 0.8604917155301571, 'lag_10': 0.41868113930098116, 'lag_11': 0.9969194252301761, 'lag_12': 0.686660642839992, 'lag_13': 0.7596592983477127, 'lag_14': 0.6543908374157925, 'lag_15': 0.13450727401750973, 'lag_16': 0.5581235964057207, 'lag_17': 0.7281757618782753, 'lag_18': 0.7797085819066614, 'lag_19': 0.8962419117282596, 'lag_20': 0.785675030842023, 'lag_21': 0.8730162063639786, 'lag_22': 0.8964342690128311, 'lag_23': 0.5518724855622711, 'lag_24': 0.31764346552125705, 'lag_25': 0.554079993649809, 'lag_26': 0.6272962290476457, 'lag_27': 0.5077829783856844, 'lag_28': 0.06703847236343262}. Best is trial 28 with value: 0.0037238074583694366.
[I 2025-09-29 12:54:47,514] Trial 94 finished with value: 0.003795157797974453 and parameters: {'lag_0': 0.7016819627628539, 'lag_1': 0.7741185268156134, 'lag_2': 0.73863250910427, 'lag_3': 0.9402313757448386, 'lag_4': 0.525595099124769, 'lag_5': 0.4242101854595801, 'lag_6': 0.16893645815633349, 'lag_7': 0.10563010808412931, 'lag_8': 0.6123223373498332, 'lag_9': 0.9705678237294675, 'lag_10': 0.019700775185054337, 'lag_11': 0.8528860712112005, 'lag_12': 0.5847262695851204, 'lag_13': 0.25724604870377715, 'lag_14': 0.594417000373089, 'lag_15': 0.05737445321739512, 'lag_16': 0.7737580244194853, 'lag_17': 0.41512447327022783, 'lag_18': 0.15954232941898389, 'lag_19': 0.9996281254861319, 'lag_20': 0.9007950162439632, 'lag_21': 0.8289727629776152, 'lag_22': 0.6757494087285439, 'lag_23': 0.4999022373227918, 'lag_24': 0.4054656072849249, 'lag_25': 0.5231714039908997, 'lag_26': 0.43318840356965616, 'lag_27': 0.5547844904714795, 'lag_28': 0.11537683302766603}. Best is trial 28 with value: 0.0037238074583694366.
[I 2025-09-29 12:54:50,503] Trial 95 finished with value: 0.004116520995209724 and parameters: {'lag_0': 0.5741603901767554, 'lag_1': 0.7723676461251996, 'lag_2': 0.7427180310114089, 'lag_3': 0.9748760174533171, 'lag_4': 0.5370544868598269, 'lag_5': 0.592919093684256, 'lag_6': 0.1742963093541205, 'lag_7': 0.09092816597640296, 'lag_8': 0.7690805181798109, 'lag_9': 0.9634565255134842, 'lag_10': 0.08661666939051203, 'lag_11': 0.8509054780042679, 'lag_12': 0.5893922254290821, 'lag_13': 0.274094837890567, 'lag_14': 0.5952682252126349, 'lag_15': 0.10256903620128927, 'lag_16': 0.7009763230209216, 'lag_17': 0.42113241853513317, 'lag_18': 0.14252451871335986, 'lag_19': 0.9742158082053483, 'lag_20': 0.9989984805072805, 'lag_21': 0.6912658493053255, 'lag_22': 0.6746789735006657, 'lag_23': 0.46734440476071515, 'lag_24': 0.40671379423742215, 'lag_25': 0.5861580541156534, 'lag_26': 0.42408393021714985, 'lag_27': 0.5555122246644034, 'lag_28': 0.1059982277209264}. Best is trial 28 with value: 0.0037238074583694366.
[I 2025-09-29 12:54:53,360] Trial 96 finished with value: 0.004080167277858695 and parameters: {'lag_0': 0.7048816777305243, 'lag_1': 0.8473228155096458, 'lag_2': 0.5883474118400469, 'lag_3': 0.9428018847211185, 'lag_4': 0.6212053249690639, 'lag_5': 0.4307902552496452, 'lag_6': 0.14977521814523212, 'lag_7': 0.3236275687803749, 'lag_8': 0.9737212906427418, 'lag_9': 0.8990544554544608, 'lag_10': 0.03598087177199314, 'lag_11': 0.8053098886067815, 'lag_12': 0.6285247748596136, 'lag_13': 0.21538634170385912, 'lag_14': 0.5333461892263072, 'lag_15': 0.028681286645071524, 'lag_16': 0.8343970335228907, 'lag_17': 0.3645711835065516, 'lag_18': 0.546176635841956, 'lag_19': 0.9569953687731612, 'lag_20': 0.9011039408421997, 'lag_21': 0.922345895909586, 'lag_22': 0.8340904629870493, 'lag_23': 0.5053735334672753, 'lag_24': 0.36506679897668287, 'lag_25': 0.5150178117433215, 'lag_26': 0.3716237998420569, 'lag_27': 0.4949931838111585, 'lag_28': 0.1451400289910363}. Best is trial 28 with value: 0.0037238074583694366.
[I 2025-09-29 12:54:56,211] Trial 97 finished with value: 0.0045207278960101 and parameters: {'lag_0': 0.6609803685461053, 'lag_1': 0.6465873863836171, 'lag_2': 0.8199566743609357, 'lag_3': 0.9001593454702913, 'lag_4': 0.5185840555648811, 'lag_5': 0.3604017929093869, 'lag_6': 0.10782153098010666, 'lag_7': 0.2166527749849944, 'lag_8': 0.6149457030262366, 'lag_9': 0.929584785281086, 'lag_10': 0.02884517288017632, 'lag_11': 0.9284192839821943, 'lag_12': 0.5424771337141057, 'lag_13': 0.8247866471627754, 'lag_14': 0.5586772865831093, 'lag_15': 0.17565546156193057, 'lag_16': 0.7674973187800422, 'lag_17': 0.5142580196981394, 'lag_18': 0.05062886229387058, 'lag_19': 0.9983850845256897, 'lag_20': 0.8494311970590687, 'lag_21': 0.8992456728248805, 'lag_22': 0.7465219555653668, 'lag_23': 0.3563149989473934, 'lag_24': 0.33944504656934504, 'lag_25': 0.6840337374526102, 'lag_26': 0.5676249300882871, 'lag_27': 0.5899610767058672, 'lag_28': 0.11651984753508404}. Best is trial 28 with value: 0.0037238074583694366.
[I 2025-09-29 12:54:59,054] Trial 98 finished with value: 0.003830617510089713 and parameters: {'lag_0': 0.8973121640093109, 'lag_1': 0.8225549904861498, 'lag_2': 0.7059545294581271, 'lag_3': 0.9353593989871127, 'lag_4': 0.4335937829310025, 'lag_5': 0.7760968103003517, 'lag_6': 0.08122446113290205, 'lag_7': 0.06338935648966512, 'lag_8': 0.6992631409263044, 'lag_9': 0.9767390729961445, 'lag_10': 0.09671469456833637, 'lag_11': 0.7673156904324733, 'lag_12': 0.7054932721870492, 'lag_13': 0.19211620231539506, 'lag_14': 0.6314441294643511, 'lag_15': 0.06280546197162098, 'lag_16': 0.8691277007670741, 'lag_17': 0.4546278523250299, 'lag_18': 0.16417735540821007, 'lag_19': 0.9276247295822839, 'lag_20': 0.9715474619733975, 'lag_21': 0.967681889097642, 'lag_22': 0.7200134318875728, 'lag_23': 0.4312934306779047, 'lag_24': 0.4228923673819188, 'lag_25': 0.4793609645366456, 'lag_26': 0.4533573287146806, 'lag_27': 0.623839734753328, 'lag_28': 0.24526612489709682}. Best is trial 28 with value: 0.0037238074583694366.
[I 2025-09-29 12:55:01,899] Trial 99 finished with value: 0.004015827353607264 and parameters: {'lag_0': 0.949620394165481, 'lag_1': 0.7043209165285672, 'lag_2': 0.6455521073773068, 'lag_3': 0.5584374413328581, 'lag_4': 0.43354644987014146, 'lag_5': 0.629077341844977, 'lag_6': 0.06867141026571595, 'lag_7': 0.09723087617171734, 'lag_8': 0.6741539909528833, 'lag_9': 0.978090087241548, 'lag_10': 0.002144050747555982, 'lag_11': 0.7794825957113611, 'lag_12': 0.7099358357294286, 'lag_13': 0.11016394296254048, 'lag_14': 0.6241438011385471, 'lag_15': 0.05555307810973336, 'lag_16': 0.8527409620873606, 'lag_17': 0.46345524648901437, 'lag_18': 0.1595226032319995, 'lag_19': 0.9473339707932622, 'lag_20': 0.9551068575577748, 'lag_21': 0.8315065951605535, 'lag_22': 0.7113295560667527, 'lag_23': 0.4212948779751156, 'lag_24': 0.45074188166843154, 'lag_25': 0.47231037531353803, 'lag_26': 0.44374537418237886, 'lag_27': 0.6275331784917246, 'lag_28': 0.19403605728254653}. Best is trial 28 with value: 0.0037238074583694366.
2025-09-29 12:55:02,557 - distributed.worker - INFO - Stopping worker at tcp://192.168.86.108:33962. Reason: scheduler-remove-worker
2025-09-29 12:55:02,561 - distributed.nanny - INFO - Closing Nanny gracefully at 'tcp://192.168.86.108:37402'. Reason: scheduler-remove-worker
2025-09-29 12:55:02,566 - distributed.nanny - INFO - Worker closed
2025-09-29 12:55:02,566 - distributed.core - INFO - Connection to tcp://192.168.86.101:39990 has been closed.
slurmstepd: error: *** JOB 3081189 ON node08 CANCELLED AT 2025-09-29T12:55:02 ***
