[I 2025-10-03 11:35:11,009] Trial 90 finished with values: [0.1379591836734694, 0.0019032892387576231, 0.001046417223619363, 0.0014232061050593622, 0.0012062088452961558, 0.0003224740689752598, 0.0006616903740185183, 0.00024034223838187836, 0.002573113474770497, 0.00027577040334844747, 0.00015676947160281384, 0.00018340432017387642, 0.00920049324619438, 0.011319312557392918, 0.0, 0.0033468017317719117, 0.010735321562634877, 0.0006662438846739598, 1.0379868315298319e-05, 0.0022756032919452095, 0.0008700434002012591, 0.0004230411494862741, 0.00037662899887699213, 0.002472734641985401, 0.0026064945506277764, 9.23702608723117e-05, 0.00015647874969543322, 0.0032960686207061858, 0.004780200059519311] and parameters: {'lag_0': 0.8186344920984632, 'lag_1': 0.39180719745350484, 'lag_2': 0.8912566531697401, 'lag_3': 0.6039182704708438, 'lag_4': 0.791645534952172, 'lag_5': 0.7783951068806864, 'lag_6': 0.829095410378155, 'lag_7': 0.013277226368135542, 'lag_8': 0.14031696968123433, 'lag_9': 0.8301837298399902, 'lag_10': 0.7528182139241705, 'lag_11': 0.24086106048807465, 'lag_12': 0.17012015937756694, 'lag_13': 0.16756797543623783, 'lag_14': 0.4551528256893464, 'lag_15': 0.48943582997405155, 'lag_16': 0.3961953038493549, 'lag_17': 0.534914040595714, 'lag_18': 0.6948151042496674, 'lag_19': 0.7400876104652854, 'lag_20': 0.08703059548547246, 'lag_21': 0.8617765820745824, 'lag_22': 0.9509342296126263, 'lag_23': 0.9128247577756519, 'lag_24': 0.6406584696744597, 'lag_25': 0.8315432272873586, 'lag_26': 0.02809296311830827, 'lag_27': 0.5496734859117887, 'lag_28': 0.5007968215109714}.
[I 2025-10-03 11:35:13,655] Trial 91 finished with values: [0.11875283446712019, 0.0013699702183887403, 0.0012865469426875586, 0.0012685094290898567, 0.0018334530883042364, 9.17366080445414e-05, 0.00046039830604598515, 0.0005715529888097618, 0.0037316077186518616, 0.0006266932390052521, 0.0001750128690090603, 9.717954745619889e-05, 0.00781119593241209, 0.011207123533614374, 0.0, 0.004349417414762554, 0.007430387750414738, 0.0014572459255297546, 0.0001570350065167092, 0.0014566522639192143, 0.0007382346651424817, 0.00034967949287766765, 0.0007960273607675796, 0.002690871172214401, 0.0018025299429368247, 0.00011275896196414146, 0.00022555694091742364, 0.0017646011966527767, 0.006458538780941198] and parameters: {'lag_0': 0.11420293520442197, 'lag_1': 0.6930604745463046, 'lag_2': 0.8435598595855338, 'lag_3': 0.46327151166723934, 'lag_4': 0.2211925868156201, 'lag_5': 0.5807949984873546, 'lag_6': 0.9801221634899915, 'lag_7': 0.37360700100399785, 'lag_8': 0.7801902392032068, 'lag_9': 0.5093176998178999, 'lag_10': 0.9254397085433642, 'lag_11': 0.1643993178203568, 'lag_12': 0.3919416743132473, 'lag_13': 0.464276159726435, 'lag_14': 0.06208625527967453, 'lag_15': 0.8596208297921557, 'lag_16': 0.41030323403789415, 'lag_17': 0.5976926809978677, 'lag_18': 0.35859920490200486, 'lag_19': 0.5944980307343939, 'lag_20': 0.5373116762725165, 'lag_21': 0.26796626629416087, 'lag_22': 0.09748676616934929, 'lag_23': 0.5314730330633388, 'lag_24': 0.4737636638070473, 'lag_25': 0.7055603805933452, 'lag_26': 0.04058317215343004, 'lag_27': 0.5878101801759239, 'lag_28': 0.2786711066991042}.
[I 2025-10-03 11:35:16,305] Trial 92 finished with values: [0.11624489795918366, 0.002155598042313309, 0.001111557180512188, 0.0011460910426984699, 0.001404261343644447, 0.0002916182228564007, 0.0005247188134777151, 0.000615666641519305, 0.0016610995955008236, 0.00018936645494423867, 0.00032289455705633525, 0.00011690253739433912, 0.010119211053060847, 0.01383940170748578, 0.0, 0.006673662782289829, 0.009473518965502834, 0.0011395384605763872, 0.00022027896576968012, 0.0021615640193595573, 0.0008793010699250248, 0.0005413040678292578, 0.0010942026731291827, 0.002571738271798205, 0.0014992901898295055, 0.00043595775903022794, 0.00014629583983514927, 0.0025624103970390676, 0.008383143456086668] and parameters: {'lag_0': 0.08311968537366278, 'lag_1': 0.39180719745350484, 'lag_2': 0.8912566531697401, 'lag_3': 0.4761487623093792, 'lag_4': 0.5665101061059258, 'lag_5': 0.27996622777406877, 'lag_6': 0.829095410378155, 'lag_7': 0.7201856353391217, 'lag_8': 0.14031696968123433, 'lag_9': 0.8581284208143194, 'lag_10': 0.7528182139241705, 'lag_11': 0.2157591881682239, 'lag_12': 0.4884620179839531, 'lag_13': 0.6219675276491682, 'lag_14': 0.15594790904100544, 'lag_15': 0.5746897858737366, 'lag_16': 0.3879119350587662, 'lag_17': 0.6908372821401042, 'lag_18': 0.6451794991288039, 'lag_19': 0.23450819004198453, 'lag_20': 0.15581134100870708, 'lag_21': 0.8617765820745824, 'lag_22': 0.7996113449437033, 'lag_23': 0.42379102521638357, 'lag_24': 0.4114524450385923, 'lag_25': 0.30323458500869616, 'lag_26': 0.5613234908255657, 'lag_27': 0.7288192600522791, 'lag_28': 0.5007968215109714}.
[I 2025-10-03 11:35:18,946] Trial 93 finished with values: [0.10579696792151005, 0.002144049088681015, 0.0007182619321329084, 0.0015034797881902993, 0.0015768514716007257, 0.00034083005912391987, 0.0006548845071019037, 0.0003566432914017123, 0.002123961077876007, 0.00019475194051468122, 5.0265107789427666e-05, 0.00023168831036350068, 0.008608625846940682, 0.011817918206334804, 0.0, 0.0061217238773187, 0.007653717803292617, 0.0004978079219678966, 5.4457981437567945e-05, 0.002443418216845565, 0.0009359840593994023, 0.00025363249309722223, 0.00035910040349201996, 0.0026128363346550167, 0.0012728250209565774, 0.00022081999807313868, 0.0004191738984636904, 0.003885484040054024, 0.008631796294903724] and parameters: {'lag_0': 0.07811227625944327, 'lag_1': 0.5700487554141193, 'lag_2': 0.5841482506794714, 'lag_3': 0.00961734256624597, 'lag_4': 0.6517488205254733, 'lag_5': 0.11855699995394635, 'lag_6': 0.7003846986285698, 'lag_7': 0.2012583943944876, 'lag_8': 0.882870402907656, 'lag_9': 0.4357066587250576, 'lag_10': 0.478664140484049, 'lag_11': 0.15946403885039304, 'lag_12': 0.6385955899237807, 'lag_13': 0.9981244846509009, 'lag_14': 0.7125213597430351, 'lag_15': 0.44446235970697145, 'lag_16': 0.7732950157905119, 'lag_17': 0.5026005728012688, 'lag_18': 0.40432342388843207, 'lag_19': 0.06678037208125273, 'lag_20': 0.13528086766116432, 'lag_21': 0.1331350489275516, 'lag_22': 0.6225349286934406, 'lag_23': 0.07832868969105267, 'lag_24': 0.012236183247701714, 'lag_25': 0.9970729988555079, 'lag_26': 0.3118813961741547, 'lag_27': 0.8804124812315416, 'lag_28': 0.9706133040576961}.
[I 2025-10-03 11:35:21,596] Trial 94 finished with values: [0.1136734693877551, 0.0020763260323569993, 0.0012112143629226804, 0.0009722999147015066, 0.0008458059038703536, 0.0006138169682380184, 0.00028446652228128336, 0.0006055953074944438, 0.003997817594846004, 0.00016881651824384494, 0.00011138718723642042, 0.00017600565715230167, 0.008141122246467673, 0.010997664279863923, 0.0, 0.006792579544268975, 0.0072782101294680684, 0.0009956666004347075, 0.00021686189637309096, 0.00254869373787293, 0.0010023659071973683, 0.0002778289455197797, 0.000528923055978804, 0.0023766575697559966, 0.0013283130057556078, 0.0002905324498274571, 0.0004205971292961674, 0.0029357379990826416, 0.00615177155655465] and parameters: {'lag_0': 0.2410403193846584, 'lag_1': 0.4933741261095033, 'lag_2': 0.8912566531697401, 'lag_3': 0.4761487623093792, 'lag_4': 0.5665101061059258, 'lag_5': 0.5597398802871385, 'lag_6': 0.13999032193734912, 'lag_7': 0.7201856353391217, 'lag_8': 0.960359867596935, 'lag_9': 0.43046566742297626, 'lag_10': 0.7528182139241705, 'lag_11': 0.01546205023590378, 'lag_12': 0.3715228801505924, 'lag_13': 0.12121391678116525, 'lag_14': 0.4551528256893464, 'lag_15': 0.48578860002936286, 'lag_16': 0.9233804870349055, 'lag_17': 0.43578338174997433, 'lag_18': 0.46635647867767605, 'lag_19': 0.7684992064625723, 'lag_20': 0.28551763745795794, 'lag_21': 0.14465866024694865, 'lag_22': 0.016744372844470005, 'lag_23': 0.9922841148958006, 'lag_24': 0.7028893783546862, 'lag_25': 0.30323458500869616, 'lag_26': 0.32663451437104063, 'lag_27': 0.7971091747495662, 'lag_28': 0.25034048855889013}.
[I 2025-10-03 11:35:24,246] Trial 95 finished with values: [0.1379591836734694, 0.0029055847899766224, 0.0007854261940164437, 0.0011680514485321153, 0.0017323576858118803, 0.00020684691715446677, 0.00039654449358654867, 0.00021809554744285192, 0.002555259898101811, 0.0004703212621338938, 0.00029133955429122376, 8.883522876650285e-05, 0.006992020885626338, 0.012450735881577918, 0.0, 0.0056696325947494615, 0.008225921697809429, 0.00047574845681717893, 0.00019693625196587908, 0.0014170983154289127, 0.0003715052653958724, 0.0003413763644873098, 0.0011391802745845338, 0.0028754854411106334, 0.0022711490943579807, 3.577198556186116e-05, 0.000971618016485869, 0.0014204169588839161, 0.00932924815639178] and parameters: {'lag_0': 0.62269582885434, 'lag_1': 0.5893918705787116, 'lag_2': 0.9675817433357745, 'lag_3': 0.5608452057787066, 'lag_4': 0.5004130289154585, 'lag_5': 0.8654549008685245, 'lag_6': 0.7822959813210987, 'lag_7': 0.11152302863305974, 'lag_8': 0.04308700152212484, 'lag_9': 0.8506662940249355, 'lag_10': 0.1337946391404725, 'lag_11': 0.09989126859792564, 'lag_12': 0.6170423123491221, 'lag_13': 0.7305883381444175, 'lag_14': 0.2294617274249213, 'lag_15': 0.17734386889651996, 'lag_16': 0.5853211941982049, 'lag_17': 0.9035507047587684, 'lag_18': 0.21886048200064037, 'lag_19': 0.02479659695971547, 'lag_20': 0.704924326467723, 'lag_21': 0.014594738521909683, 'lag_22': 0.04405924201446146, 'lag_23': 0.4259149879875479, 'lag_24': 0.4029320256580231, 'lag_25': 0.8096574260160383, 'lag_26': 0.8233122363851823, 'lag_27': 0.511508588945709, 'lag_28': 0.055899851119471836}.
[I 2025-10-03 11:35:26,901] Trial 96 finished with values: [0.06973696145124716, 0.0020452058594080504, 0.0011654099904556561, 0.0006060399144339239, 0.0015554469497087557, 0.000215297400276763, 0.00014527189430133254, 0.00022336338375683577, 0.002251912857172205, 8.629843466391683e-05, 9.684702402744405e-05, 0.00024319286693888723, 0.008468252972118657, 0.01084691257917814, 0.0, 0.006395366897382251, 0.00559096538152134, 0.001115364994738964, 8.896755399878873e-05, 0.0019009846280382725, 0.0009799577951735026, 0.0002562535791679125, 0.0006440671033544122, 0.0018918535377729362, 0.0020676942090079265, 0.0001818940525284989, 0.0003994435887751147, 0.0032921986611867252, 0.006043348371106036] and parameters: {'lag_0': 0.005573047043920428, 'lag_1': 0.3972182405280302, 'lag_2': 0.00978029564615681, 'lag_3': 0.48711594249184953, 'lag_4': 0.3528643656146904, 'lag_5': 0.8356017637263864, 'lag_6': 0.5176394696601053, 'lag_7': 0.09321545352668434, 'lag_8': 0.05991323773690582, 'lag_9': 0.6675577586252117, 'lag_10': 0.21434844118412205, 'lag_11': 0.9233888022564455, 'lag_12': 0.1176875973930203, 'lag_13': 0.8804782355755079, 'lag_14': 0.7826903223336831, 'lag_15': 0.028875096041643546, 'lag_16': 0.4628215532663331, 'lag_17': 0.06352664952754278, 'lag_18': 0.40182280418939953, 'lag_19': 0.5122085310848207, 'lag_20': 0.8029031600671748, 'lag_21': 0.6969148325635947, 'lag_22': 0.18277279417357187, 'lag_23': 0.030126400495516348, 'lag_24': 0.4733409961005087, 'lag_25': 0.1383183660256749, 'lag_26': 0.6724645350846172, 'lag_27': 0.36031412381289457, 'lag_28': 0.8263601073084578}.
[I 2025-10-03 11:35:29,547] Trial 97 finished with values: [0.10665306122448984, 0.002161613787985948, 0.0008100813113676494, 0.0008854574157924486, 0.0026875800996793457, 0.0002541252898746568, 0.0004289207802903392, 0.00020903483758689823, 0.003117488699241532, 0.0005710945385293922, 0.00012582156064769128, 0.000234784486901167, 0.00867054622108032, 0.009881685998952833, 0.0, 0.00543765272145343, 0.00747686020150117, 0.0015404923682867406, 0.00013697241752430096, 0.00196376715546534, 0.0009184266104627978, 0.0005475979958919418, 0.001021552198766275, 0.002518018635708536, 0.0020629296447235894, 7.281642081834052e-05, 0.0005399004735771233, 0.0027831917261744187, 0.006971725197031385] and parameters: {'lag_0': 0.1893275323572923, 'lag_1': 0.2708552769321531, 'lag_2': 0.7296968208214809, 'lag_3': 0.2923124447729394, 'lag_4': 0.3331793527223643, 'lag_5': 0.13016902653689608, 'lag_6': 0.027724941898212088, 'lag_7': 0.43378344570693866, 'lag_8': 0.24161646111410476, 'lag_9': 0.16257404313141693, 'lag_10': 0.43016930334227016, 'lag_11': 0.5140828646296193, 'lag_12': 0.7326163930042465, 'lag_13': 0.6074571240394468, 'lag_14': 0.7288070927743397, 'lag_15': 0.35091466077220435, 'lag_16': 0.7184059089662332, 'lag_17': 0.10640869883129296, 'lag_18': 0.27332444539069867, 'lag_19': 0.40824634336123977, 'lag_20': 0.6039407140901318, 'lag_21': 0.6596267914581121, 'lag_22': 0.5315198569773174, 'lag_23': 0.4797691998465108, 'lag_24': 0.579498182250646, 'lag_25': 0.09998059928471459, 'lag_26': 0.9410936573954787, 'lag_27': 0.8609494350694548, 'lag_28': 0.1165050399137909}.
[I 2025-10-03 11:35:32,202] Trial 98 finished with values: [0.10850769499121149, 0.00018507475660361545, 0.001311889437543803, 0.0006099446034589024, 0.002226210970436478, 0.0002604539320001384, 0.0007344486841595041, 0.00010250010482256236, 0.0023360370006748087, 0.00023128114356616336, 9.821999630042282e-05, 4.9246976115862404e-05, 0.009383890546909085, 0.013011188211402477, 0.0, 0.006093126593676432, 0.007114112510059968, 0.0009159558562915938, 0.0001730309186171683, 0.002337831434464692, 0.0006660587185254223, 0.0005852679128058951, 0.00046055120048731443, 0.0027854883452936782, 0.001473792638449958, 8.987698982963368e-05, 0.0006607341399712403, 0.003641372081694845, 0.005868695279890518] and parameters: {'lag_0': 0.9554648779963916, 'lag_1': 0.5938536069762953, 'lag_2': 0.2519274163437973, 'lag_3': 0.7446905095511384, 'lag_4': 0.3977192281004975, 'lag_5': 0.42932864004479354, 'lag_6': 0.13999032193734912, 'lag_7': 0.9147735107805852, 'lag_8': 0.8955764620116444, 'lag_9': 0.6830338631454054, 'lag_10': 0.699078043540756, 'lag_11': 0.01546205023590378, 'lag_12': 0.3715228801505924, 'lag_13': 0.12121391678116525, 'lag_14': 0.6234543149928672, 'lag_15': 0.48578860002936286, 'lag_16': 0.9233804870349055, 'lag_17': 0.43578338174997433, 'lag_18': 0.32597929185327734, 'lag_19': 0.1826504508606995, 'lag_20': 0.14093096846868816, 'lag_21': 0.8244414263722245, 'lag_22': 0.016744372844470005, 'lag_23': 0.6930446510109524, 'lag_24': 0.7532806284993994, 'lag_25': 0.4028514387995244, 'lag_26': 0.6243136810262004, 'lag_27': 0.7971091747495662, 'lag_28': 0.2620695644333871}.
[I 2025-10-03 11:35:34,841] Trial 99 finished with values: [0.1379591836734694, 0.001424080020246471, 0.0007794409551194745, 0.00023904948755535679, 0.0014294059009279142, 0.0005119868463194982, 0.0003270533680094699, 0.0003217749769417716, 0.0025816649135488303, 0.0001206060594061095, 8.603705021649056e-05, 0.00015004251183553635, 0.00803790650772564, 0.011668470476237902, 0.0, 0.004840044878887523, 0.008112457749074636, 0.0010183185669922806, 8.164518640182942e-05, 0.0023079118755641457, 0.0010551182604132932, 0.0001683901228210634, 0.00093808767859434, 0.00241735446074985, 0.0018549249645876853, 0.00027777555240364796, 0.0005966393165413368, 0.0025415590597585073, 0.008339632149155958] and parameters: {'lag_0': 0.9734175177066879, 'lag_1': 0.09433700983062428, 'lag_2': 0.4153051598903529, 'lag_3': 0.48711594249184953, 'lag_4': 0.9827186875516876, 'lag_5': 0.9483813504693512, 'lag_6': 0.5176394696601053, 'lag_7': 0.5125348710801649, 'lag_8': 0.6162202462300496, 'lag_9': 0.4106792397295897, 'lag_10': 0.17236454243740254, 'lag_11': 0.9233888022564455, 'lag_12': 0.5444278136440692, 'lag_13': 0.9873284132199206, 'lag_14': 0.4320293457773833, 'lag_15': 0.6289398705724657, 'lag_16': 0.19412017724321992, 'lag_17': 0.8753166314410894, 'lag_18': 0.2714508093533763, 'lag_19': 0.11063791071825473, 'lag_20': 0.05837094619151019, 'lag_21': 0.7712234108074117, 'lag_22': 0.4988578430248692, 'lag_23': 0.37125040940565746, 'lag_24': 0.3863178281609312, 'lag_25': 0.34211873804964826, 'lag_26': 0.6724645350846172, 'lag_27': 0.7859102151992489, 'lag_28': 0.18900081799091945}.
[I 2025-10-03 11:35:34,853] A new study created in memory with name: no-name-5c3bce12-374c-4e73-8a8b-2371a8c00a17
[I 2025-10-03 11:35:37,537] Trial 0 finished with values: [0.05222422220187267, 0.0033995501836295754, 0.01236467332680237, 0.003845299858679191, 0.0027754740829029853, 0.0026276282028258042, 0.00044841300502670696, 0.0024336107969281486, 0.0004984704926025191, 0.00045650861184717416, 0.00046802400298488354, 9.258218693345444e-05, 0.001739878029336936, 0.032521925116169685, 0.0, 0.012627666987604475, 0.011431665180296893, 0.0037082092703939417, 0.0007755579793033597, 0.0003034807284011768, 6.457229066597893e-05, 0.00015701679947090238, 0.00020704115633986552, 0.0001678791153236502, 0.00018125492884837397, 0.00028564751407005186, 0.000995088528045301, 0.0006427699084441567, 0.002240423787058418] and parameters: {'lag_0': 0.19320668834708635, 'lag_1': 0.0958081840100559, 'lag_2': 0.20405562190989315, 'lag_3': 0.6457571936184714, 'lag_4': 0.5007477705584076, 'lag_5': 0.4739797171256442, 'lag_6': 0.7153659540526157, 'lag_7': 0.9313731672847978, 'lag_8': 0.2694164430313154, 'lag_9': 0.5039252681535293, 'lag_10': 0.5750251972110038, 'lag_11': 0.9851599696518855, 'lag_12': 0.1831259968093915, 'lag_13': 0.5456080612485877, 'lag_14': 0.5024909070610237, 'lag_15': 0.44491864898273553, 'lag_16': 0.6536367490269636, 'lag_17': 0.5439285957319042, 'lag_18': 0.9925235387645603, 'lag_19': 0.5478784402418466, 'lag_20': 0.3939854585946311, 'lag_21': 0.9867601675028471, 'lag_22': 0.3488293526555613, 'lag_23': 0.4735387301041724, 'lag_24': 0.17830718326473013, 'lag_25': 0.022878150740038582, 'lag_26': 0.42897408130655984, 'lag_27': 0.3612531409253944, 'lag_28': 0.0064865527282701035}.
[I 2025-10-03 11:35:40,229] Trial 1 finished with values: [0.05870363958140967, 0.003221935739948474, 0.01051269399109432, 0.004352712642514661, 0.0022925305050531895, 0.0019194886066495013, 0.0008597763310309139, 0.0012121188081285436, 0.0013147522655296406, 0.0008009103218393222, 0.00047894761386832463, 0.0002017751028596493, 0.002346385992855956, 0.03229529855872787, 0.0, 0.011869053753441574, 0.011634628978467816, 0.0036634175694427997, 0.0005233173133818246, 0.0006197009965996784, 0.00013735866520735775, 0.00014631339313543875, 0.00017819490854115324, 0.00021808065498283026, 0.0002829466437814769, 6.515341752826766e-05, 0.001096136819706004, 0.0007075052806747132, 0.001291039219096618] and parameters: {'lag_0': 0.284850703268234, 'lag_1': 0.9475294578534118, 'lag_2': 0.35705624875012987, 'lag_3': 0.46342273276257623, 'lag_4': 0.7442261861283177, 'lag_5': 0.5828492514300898, 'lag_6': 0.04886384520696504, 'lag_7': 0.4315925964127458, 'lag_8': 0.0454992946308958, 'lag_9': 0.401133972891181, 'lag_10': 0.7186478715315247, 'lag_11': 0.982356462774995, 'lag_12': 0.6268186684805924, 'lag_13': 0.5271511712645898, 'lag_14': 0.14956166042268432, 'lag_15': 0.3822695269442693, 'lag_16': 0.08857357393643406, 'lag_17': 0.31581873838528907, 'lag_18': 0.850223315753626, 'lag_19': 0.8546106714898701, 'lag_20': 0.19305858198593576, 'lag_21': 0.05917764320923681, 'lag_22': 0.1753763644187694, 'lag_23': 0.1261799064699639, 'lag_24': 0.8459376814014551, 'lag_25': 0.46483843890697063, 'lag_26': 0.478302217458639, 'lag_27': 0.6551690660100414, 'lag_28': 0.8191150036061955}.
[I 2025-10-03 11:35:42,915] Trial 2 finished with values: [0.0724463296398892, 0.0033240369752749314, 0.011693806720580228, 0.008063967231447807, 0.0020394446660615432, 0.001852236247791106, 0.0005408210540651734, 0.0018812749168855881, 0.0007660422672699957, 0.0016086304202612503, 0.0005520642354288017, 0.0003680220929066451, 0.002914997202203993, 0.03498016472849843, 0.0, 0.009425234606453992, 0.010524750483620494, 0.0035538958825981773, 0.0006786978332565059, 0.0005221145553043113, 0.00013613148173621795, 0.00039528547112444837, 0.0002032268255646914, 0.00016111882789416097, 0.00046920433378581396, 0.0003534840327785715, 0.0005222322738076145, 0.0009072479531573748, 0.0011477023689791656] and parameters: {'lag_0': 0.24933186432736326, 'lag_1': 0.3048812715997228, 'lag_2': 0.12124331863033229, 'lag_3': 0.6635126941747292, 'lag_4': 0.7487937769249223, 'lag_5': 0.6477633734507264, 'lag_6': 0.5556291430711056, 'lag_7': 0.9133759865844827, 'lag_8': 0.03532705315317552, 'lag_9': 0.7884414334048914, 'lag_10': 0.20283663788360987, 'lag_11': 0.9366246420814377, 'lag_12': 0.35238527748522386, 'lag_13': 0.08076347192700288, 'lag_14': 0.693852044497225, 'lag_15': 0.09893286494386104, 'lag_16': 0.6297365122800491, 'lag_17': 0.155232999185046, 'lag_18': 0.7399865133479939, 'lag_19': 0.05158670238079511, 'lag_20': 0.10417301231261852, 'lag_21': 0.16014432746291568, 'lag_22': 0.10588002567742881, 'lag_23': 0.5176632406774747, 'lag_24': 0.6303354006043755, 'lag_25': 0.2376593826540394, 'lag_26': 0.03875780280683853, 'lag_27': 0.9609399817223258, 'lag_28': 0.45310568402900075}.
