[I 2025-09-29 11:57:02,055] Trial 25 finished with value: 0.01207506152206114 and parameters: {'lag_0': 0.7776325321487044, 'lag_1': 0.5508454922672463, 'lag_2': 0.7312641142094304, 'lag_3': 0.5922857633166487, 'lag_4': 0.10629121593698584, 'lag_5': 0.26590428555865653, 'lag_6': 0.6188996042301003, 'lag_7': 0.5045982171534218, 'lag_8': 0.8038200426720864, 'lag_9': 0.6646874624538588, 'lag_10': 0.34366556290218686, 'lag_11': 0.42007768318149774, 'lag_12': 0.4192308041992808, 'lag_13': 0.3617923121697376, 'lag_14': 0.43613950746930474, 'lag_15': 0.19667387435660438, 'lag_16': 0.5248881171803168, 'lag_17': 0.7621117201024062, 'lag_18': 0.2019756287953855, 'lag_19': 0.13784004621904838, 'lag_20': 0.07811255893881831, 'lag_21': 0.4953019429599073, 'lag_22': 0.9600558429290071, 'lag_23': 0.3771963823972485, 'lag_24': 0.38183969499671766, 'lag_25': 0.6498672114930717, 'lag_26': 0.8895207994411962, 'lag_27': 0.24244667595712888, 'lag_28': 0.5059338717701154}. Best is trial 14 with value: 0.01168104527612803.
[I 2025-09-29 11:57:04,458] Trial 26 finished with value: 0.012216689685504526 and parameters: {'lag_0': 0.9977333314933305, 'lag_1': 0.39731200230157904, 'lag_2': 0.508581926189014, 'lag_3': 0.28370795500318186, 'lag_4': 0.3916114527876544, 'lag_5': 0.4283718016128516, 'lag_6': 0.7505616061908831, 'lag_7': 0.9983887613093132, 'lag_8': 0.644909531975528, 'lag_9': 0.4454854803655249, 'lag_10': 0.11922628832370885, 'lag_11': 0.6175652978703486, 'lag_12': 0.22712799309497217, 'lag_13': 0.2355500801480489, 'lag_14': 0.22750009026914159, 'lag_15': 0.3320946663382063, 'lag_16': 0.22343446413034265, 'lag_17': 0.11603942079405927, 'lag_18': 0.3528659506375519, 'lag_19': 0.9920903002629898, 'lag_20': 0.45494737392453677, 'lag_21': 0.8094311719274048, 'lag_22': 0.42809418432318724, 'lag_23': 0.19695742303627883, 'lag_24': 0.7557590364249211, 'lag_25': 0.5125260979155092, 'lag_26': 0.5960172712959206, 'lag_27': 0.8010010923231381, 'lag_28': 0.2631541411638214}. Best is trial 14 with value: 0.01168104527612803.
[I 2025-09-29 11:57:06,863] Trial 27 finished with value: 0.011845514937005756 and parameters: {'lag_0': 0.8052352832212304, 'lag_1': 0.8666118148780949, 'lag_2': 0.35647570537296225, 'lag_3': 0.4694307715045565, 'lag_4': 0.2492055349789905, 'lag_5': 0.1025997936907343, 'lag_6': 0.8456622902631645, 'lag_7': 0.5772224161508721, 'lag_8': 0.9060843800052696, 'lag_9': 0.29656656336996734, 'lag_10': 0.209620428247821, 'lag_11': 0.5396078940967914, 'lag_12': 0.9997604262141075, 'lag_13': 0.4994075872075623, 'lag_14': 0.10605264362501092, 'lag_15': 0.08794449105267688, 'lag_16': 0.09479524513543386, 'lag_17': 0.4897421716899018, 'lag_18': 0.07059941861882352, 'lag_19': 0.4806961900065689, 'lag_20': 0.2788749449058875, 'lag_21': 0.6684724771937324, 'lag_22': 0.5814523515575306, 'lag_23': 0.5165139905606042, 'lag_24': 0.20847616812280975, 'lag_25': 0.4367835894720329, 'lag_26': 0.784720759809701, 'lag_27': 0.5416221358161087, 'lag_28': 0.6319062916732147}. Best is trial 14 with value: 0.01168104527612803.
[I 2025-09-29 11:57:09,271] Trial 28 finished with value: 0.01203293238104117 and parameters: {'lag_0': 0.8938117794326145, 'lag_1': 0.6462570276795371, 'lag_2': 0.6490364564986139, 'lag_3': 0.6600213447719558, 'lag_4': 0.15659837278342825, 'lag_5': 0.19214439624888363, 'lag_6': 0.47611621081020655, 'lag_7': 0.3629480046567219, 'lag_8': 0.7279943416269732, 'lag_9': 0.5572670277983656, 'lag_10': 0.08524260765283857, 'lag_11': 0.037349447670603386, 'lag_12': 0.8146451709499783, 'lag_13': 0.6806348125963158, 'lag_14': 0.015210350882668483, 'lag_15': 0.21892659360486355, 'lag_16': 0.3847345529198656, 'lag_17': 0.3567018017071383, 'lag_18': 0.5351144313512353, 'lag_19': 0.26763931389238577, 'lag_20': 0.6126393693007981, 'lag_21': 0.9940284586806222, 'lag_22': 0.8138042064891029, 'lag_23': 0.6312543036131647, 'lag_24': 0.4151778033071639, 'lag_25': 0.8312133583309746, 'lag_26': 0.42593434683061304, 'lag_27': 0.010366187221994339, 'lag_28': 0.07312847011382961}. Best is trial 14 with value: 0.01168104527612803.
[I 2025-09-29 11:57:11,678] Trial 29 finished with value: 0.012097646352581723 and parameters: {'lag_0': 0.5223513576295853, 'lag_1': 0.4934845159668799, 'lag_2': 0.5770864303810287, 'lag_3': 0.32464833552238553, 'lag_4': 0.5120152626403447, 'lag_5': 0.3245306105825623, 'lag_6': 0.3086336528289166, 'lag_7': 0.45860236862693216, 'lag_8': 0.8059848974022448, 'lag_9': 0.832029840180487, 'lag_10': 0.4147473173355912, 'lag_11': 0.734568095728118, 'lag_12': 0.6673902181829839, 'lag_13': 0.40077435643156534, 'lag_14': 0.7407235694751291, 'lag_15': 0.38205426621050503, 'lag_16': 0.6300624063083076, 'lag_17': 0.1552491383908865, 'lag_18': 0.1537136652629177, 'lag_19': 0.6193438110383532, 'lag_20': 0.4748098569771601, 'lag_21': 0.686867178329038, 'lag_22': 0.7234610270442379, 'lag_23': 0.7062969857771956, 'lag_24': 0.6665356060836789, 'lag_25': 0.6430950722262166, 'lag_26': 0.6364382525765009, 'lag_27': 0.3930499446028449, 'lag_28': 0.31922347154952885}. Best is trial 14 with value: 0.01168104527612803.
[I 2025-09-29 11:57:14,077] Trial 30 finished with value: 0.011851362929474935 and parameters: {'lag_0': 0.404760733261554, 'lag_1': 0.7288273824326281, 'lag_2': 0.7694693948119153, 'lag_3': 0.1471373511129468, 'lag_4': 0.44249687344958727, 'lag_5': 0.32776697048306846, 'lag_6': 0.6795517482803408, 'lag_7': 0.7093545036538311, 'lag_8': 0.8503358764427184, 'lag_9': 0.9042289145057705, 'lag_10': 0.28637431657316553, 'lag_11': 0.851810134108215, 'lag_12': 0.5484353504729493, 'lag_13': 0.5060039462699006, 'lag_14': 0.22507137452857062, 'lag_15': 0.16642741546855208, 'lag_16': 0.22848343631947576, 'lag_17': 0.11554065643537015, 'lag_18': 0.2140569968080165, 'lag_19': 0.11491459118237116, 'lag_20': 0.34415497507186155, 'lag_21': 0.46731507689964863, 'lag_22': 0.9325855429646769, 'lag_23': 0.5500289955051231, 'lag_24': 0.24786329342116636, 'lag_25': 0.5377440536427796, 'lag_26': 0.5744131987884668, 'lag_27': 0.6509224008709981, 'lag_28': 0.4519088462728423}. Best is trial 14 with value: 0.01168104527612803.
[I 2025-09-29 11:57:16,477] Trial 31 finished with value: 0.011970150837217038 and parameters: {'lag_0': 0.8905861181323269, 'lag_1': 0.7767580686667975, 'lag_2': 0.5372978682685193, 'lag_3': 0.5422749967853894, 'lag_4': 0.7337452199228663, 'lag_5': 0.2288378084206063, 'lag_6': 0.4237376906815756, 'lag_7': 0.4332445409717971, 'lag_8': 0.9270535052429116, 'lag_9': 0.7996003211470499, 'lag_10': 0.6234088309090768, 'lag_11': 0.97558566727397, 'lag_12': 0.6937844436591581, 'lag_13': 0.43394953183726426, 'lag_14': 0.8345418160680232, 'lag_15': 0.2514096733027867, 'lag_16': 0.28753448218596145, 'lag_17': 0.27521224086103446, 'lag_18': 0.10515677691766795, 'lag_19': 0.20030096853757232, 'lag_20': 0.6337481355687713, 'lag_21': 0.7257874995723407, 'lag_22': 0.005512238692287896, 'lag_23': 0.8529921695056562, 'lag_24': 0.12285489451646944, 'lag_25': 0.14384381916010722, 'lag_26': 0.6667089176507448, 'lag_27': 0.4604152590343448, 'lag_28': 0.3911206316307805}. Best is trial 14 with value: 0.01168104527612803.
[I 2025-09-29 11:57:18,875] Trial 32 finished with value: 0.011866581899261607 and parameters: {'lag_0': 0.7108665357495076, 'lag_1': 0.8521327241375194, 'lag_2': 0.673257451683317, 'lag_3': 0.34386831112073657, 'lag_4': 0.6554989384677331, 'lag_5': 0.45445453194111196, 'lag_6': 0.22679256828379352, 'lag_7': 0.3497624245574217, 'lag_8': 0.35871865469321984, 'lag_9': 0.720811117728536, 'lag_10': 0.2087679945437233, 'lag_11': 0.7069008818002875, 'lag_12': 0.7545651103804529, 'lag_13': 0.3405997166504985, 'lag_14': 0.6883905965723981, 'lag_15': 0.5372103353694891, 'lag_16': 0.4363122347302898, 'lag_17': 0.09397153038656308, 'lag_18': 0.1375015279944761, 'lag_19': 0.10143739032471066, 'lag_20': 0.7526023265770899, 'lag_21': 0.6017589392621692, 'lag_22': 0.17834177234949883, 'lag_23': 0.8019318511294564, 'lag_24': 0.3187176679228675, 'lag_25': 0.7186218514665716, 'lag_26': 0.6191233755122647, 'lag_27': 0.3529328654990379, 'lag_28': 0.31619737177570667}. Best is trial 14 with value: 0.01168104527612803.
[I 2025-09-29 11:57:21,271] Trial 33 finished with value: 0.011864014877741986 and parameters: {'lag_0': 0.935394567033599, 'lag_1': 0.4352356909514736, 'lag_2': 0.5733101809189355, 'lag_3': 0.49426172745213626, 'lag_4': 0.5739724906255542, 'lag_5': 0.6183281890441681, 'lag_6': 0.5545629140329051, 'lag_7': 0.5139488360194058, 'lag_8': 0.8022790167737375, 'lag_9': 0.8932874987714285, 'lag_10': 0.8291961185960818, 'lag_11': 0.6067377258021245, 'lag_12': 0.8736588658270522, 'lag_13': 0.5076457628709898, 'lag_14': 0.3697185570155036, 'lag_15': 0.0959012141119518, 'lag_16': 0.3325881730032836, 'lag_17': 0.1665819796692633, 'lag_18': 0.2748023707695958, 'lag_19': 0.44652440525701864, 'lag_20': 0.5461293583867144, 'lag_21': 0.7372914154866923, 'lag_22': 0.363948471428474, 'lag_23': 0.8966092399164811, 'lag_24': 0.08935421875566435, 'lag_25': 0.3043269768068254, 'lag_26': 0.4546246313002552, 'lag_27': 0.5412464060284635, 'lag_28': 0.5206379814546265}. Best is trial 14 with value: 0.01168104527612803.
[I 2025-09-29 11:57:23,675] Trial 34 finished with value: 0.011823327257692312 and parameters: {'lag_0': 0.809039135675312, 'lag_1': 0.6116949854665675, 'lag_2': 0.9147045057385883, 'lag_3': 0.2318683715039767, 'lag_4': 0.7671597768952604, 'lag_5': 0.37249158966578017, 'lag_6': 0.6300705208884857, 'lag_7': 0.4352660525728815, 'lag_8': 0.6571393565196001, 'lag_9': 0.7734267122978691, 'lag_10': 0.29460231849693486, 'lag_11': 0.5124391577738404, 'lag_12': 0.4134261253025062, 'lag_13': 0.29222507529157826, 'lag_14': 0.5520561183575823, 'lag_15': 0.3304075274112793, 'lag_16': 0.5152308344531529, 'lag_17': 0.39721698326922394, 'lag_18': 0.33832907164187065, 'lag_19': 0.2972199048056764, 'lag_20': 0.9056269347255157, 'lag_21': 0.6399603942348121, 'lag_22': 0.13786295036752505, 'lag_23': 0.754597064056654, 'lag_24': 0.20261479504575575, 'lag_25': 0.3671448360770916, 'lag_26': 0.7751299178041885, 'lag_27': 0.7359465881352063, 'lag_28': 0.679623172665973}. Best is trial 14 with value: 0.01168104527612803.
[I 2025-09-29 11:57:26,078] Trial 35 finished with value: 0.011850662000852472 and parameters: {'lag_0': 0.8708865140779382, 'lag_1': 0.35291741682997424, 'lag_2': 0.45659130971961137, 'lag_3': 0.4251352295502233, 'lag_4': 0.9611315162257164, 'lag_5': 0.25997968467246674, 'lag_6': 0.40814652581238375, 'lag_7': 0.5794547421691295, 'lag_8': 0.4722841422852139, 'lag_9': 0.9315044215888214, 'lag_10': 0.40836755040329376, 'lag_11': 0.4332965009927854, 'lag_12': 0.5777012501300703, 'lag_13': 0.21066282049399004, 'lag_14': 0.08685886868906917, 'lag_15': 0.4904898565358152, 'lag_16': 0.25353611612082305, 'lag_17': 0.5153070967096061, 'lag_18': 0.2034144550145651, 'lag_19': 0.3476345230366267, 'lag_20': 0.24207999150032997, 'lag_21': 0.5367402184696888, 'lag_22': 0.6249757501021228, 'lag_23': 0.6812310057538211, 'lag_24': 0.5122474706644062, 'lag_25': 0.11474358682977115, 'lag_26': 0.6965967172978127, 'lag_27': 0.3685034032799023, 'lag_28': 0.8136353274139041}. Best is trial 14 with value: 0.01168104527612803.
[I 2025-09-29 11:57:28,478] Trial 36 finished with value: 0.011966722748578547 and parameters: {'lag_0': 0.9979548143662285, 'lag_1': 0.5313236359175746, 'lag_2': 0.37232452461184756, 'lag_3': 0.5607387103628996, 'lag_4': 0.5644045500137224, 'lag_5': 0.17896260966283858, 'lag_6': 0.4900729547486548, 'lag_7': 0.2543492206498531, 'lag_8': 0.763222530041142, 'lag_9': 0.8420151080307263, 'lag_10': 0.16675475661764438, 'lag_11': 0.6268108463785719, 'lag_12': 0.3420462747811641, 'lag_13': 0.6204697292466089, 'lag_14': 0.8418124901669036, 'lag_15': 0.1377863287215263, 'lag_16': 0.16441068864370445, 'lag_17': 0.46340332986979577, 'lag_18': 0.4402290489284809, 'lag_19': 0.07472417028785924, 'lag_20': 0.32084479250100134, 'lag_21': 0.3561426852492289, 'lag_22': 0.07185991845604323, 'lag_23': 0.6192975760560981, 'lag_24': 0.3568811165990617, 'lag_25': 0.2421150061869684, 'lag_26': 0.9128490010307894, 'lag_27': 0.158178066076261, 'lag_28': 0.1846503696043225}. Best is trial 14 with value: 0.01168104527612803.
[I 2025-09-29 11:57:30,890] Trial 37 finished with value: 0.012216576980979296 and parameters: {'lag_0': 0.8251212953383088, 'lag_1': 0.698751152386895, 'lag_2': 0.6996474553317532, 'lag_3': 0.6877845813695401, 'lag_4': 0.7995193333033564, 'lag_5': 0.4772328622025692, 'lag_6': 0.7442414503631981, 'lag_7': 0.3259415364920566, 'lag_8': 0.5967144316607157, 'lag_9': 0.723620237048615, 'lag_10': 0.08165611356274236, 'lag_11': 0.8301942080352317, 'lag_12': 0.25613962571519466, 'lag_13': 0.416217881107007, 'lag_14': 0.2713052485824523, 'lag_15': 0.06663875022696998, 'lag_16': 0.10193314252830582, 'lag_17': 0.7906079309608031, 'lag_18': 0.05721468042934846, 'lag_19': 0.0003808669926095038, 'lag_20': 0.9555097682307725, 'lag_21': 0.7829676605479239, 'lag_22': 0.5211363440738219, 'lag_23': 0.4265315861035859, 'lag_24': 0.4383994231409656, 'lag_25': 0.6123797581331637, 'lag_26': 0.565704171091536, 'lag_27': 0.45648499095252154, 'lag_28': 0.423587687679697}. Best is trial 14 with value: 0.01168104527612803.
[I 2025-09-29 11:57:33,283] Trial 38 finished with value: 0.012207209473454796 and parameters: {'lag_0': 0.6853225263036051, 'lag_1': 0.32903479579607253, 'lag_2': 0.9912570692790761, 'lag_3': 0.15818840271482687, 'lag_4': 0.3417962569099096, 'lag_5': 0.5643470725002747, 'lag_6': 0.6090515536275358, 'lag_7': 0.6236791858458214, 'lag_8': 0.8440017942863062, 'lag_9': 0.6155010216367574, 'lag_10': 0.249085482985518, 'lag_11': 0.4031380309225968, 'lag_12': 0.634107680424798, 'lag_13': 0.08917683319451097, 'lag_14': 0.6301394290353544, 'lag_15': 0.613222567761095, 'lag_16': 0.0314244514226807, 'lag_17': 0.24443415011954028, 'lag_18': 0.18047310414523415, 'lag_19': 0.41237884174369843, 'lag_20': 0.8623496364357472, 'lag_21': 0.6936144865383161, 'lag_22': 0.8639167085245488, 'lag_23': 0.047716142609676715, 'lag_24': 0.5194858473492603, 'lag_25': 0.4227168432596937, 'lag_26': 0.747348194908128, 'lag_27': 0.5178407244740172, 'lag_28': 0.22536744164159206}. Best is trial 14 with value: 0.01168104527612803.
[I 2025-09-29 11:57:35,682] Trial 39 finished with value: 0.012085745830215659 and parameters: {'lag_0': 0.2634241115949444, 'lag_1': 0.7721675002717842, 'lag_2': 0.7761712580714908, 'lag_3': 0.7278846588660355, 'lag_4': 0.21415257403178709, 'lag_5': 0.06794304672384709, 'lag_6': 0.23475157275655978, 'lag_7': 0.18471965556794076, 'lag_8': 0.04036621728563117, 'lag_9': 0.9480847442446948, 'lag_10': 0.06288342936259247, 'lag_11': 0.9144320234206961, 'lag_12': 0.730408996025447, 'lag_13': 0.3582965772008257, 'lag_14': 0.06245485919701853, 'lag_15': 0.18758397966461532, 'lag_16': 0.6398056170711621, 'lag_17': 0.325594496610474, 'lag_18': 0.6198688336144339, 'lag_19': 0.18875393201199941, 'lag_20': 0.4479287736660903, 'lag_21': 0.38690555412620814, 'lag_22': 0.22252119928160738, 'lag_23': 0.8783595378072349, 'lag_24': 0.3150613091807932, 'lag_25': 0.9493686849875831, 'lag_26': 0.27005565434266965, 'lag_27': 0.29109888801596134, 'lag_28': 0.35756841063850514}. Best is trial 14 with value: 0.01168104527612803.
[I 2025-09-29 11:57:38,092] Trial 40 finished with value: 0.012056811126847065 and parameters: {'lag_0': 0.8596043376003302, 'lag_1': 0.9193866973770849, 'lag_2': 0.6535304218232544, 'lag_3': 0.3249490466121546, 'lag_4': 0.060981104513640874, 'lag_5': 0.2888722456332367, 'lag_6': 0.01777036442198776, 'lag_7': 0.7198208096201951, 'lag_8': 0.9356314700899999, 'lag_9': 0.7893309303550646, 'lag_10': 0.16285078957701177, 'lag_11': 0.23757322464655423, 'lag_12': 0.8841772671892205, 'lag_13': 0.7723620173778835, 'lag_14': 0.13922188500008048, 'lag_15': 0.9965957097521567, 'lag_16': 0.7273099201443887, 'lag_17': 0.6142789473839445, 'lag_18': 0.4921471499754104, 'lag_19': 0.24158302876473148, 'lag_20': 0.7094904598511116, 'lag_21': 0.8499032345592548, 'lag_22': 0.6803486493888414, 'lag_23': 0.6598211778297318, 'lag_24': 0.004852069572908735, 'lag_25': 0.5100356853087196, 'lag_26': 0.3371734261580388, 'lag_27': 0.6069185968365314, 'lag_28': 0.2523778869892349}. Best is trial 14 with value: 0.01168104527612803.
[I 2025-09-29 11:57:40,499] Trial 41 finished with value: 0.011902117799443897 and parameters: {'lag_0': 0.774896107822123, 'lag_1': 0.6292649727314793, 'lag_2': 0.9329493533933022, 'lag_3': 0.2212177428773714, 'lag_4': 0.8406620382368427, 'lag_5': 0.3974487374758588, 'lag_6': 0.6674454817127932, 'lag_7': 0.42401900460492875, 'lag_8': 0.6621611020810725, 'lag_9': 0.7531444790049032, 'lag_10': 0.31130267540903256, 'lag_11': 0.505380247711636, 'lag_12': 0.4221655716108847, 'lag_13': 0.2922666753710985, 'lag_14': 0.5501901130792947, 'lag_15': 0.3335651933570747, 'lag_16': 0.5030684023313162, 'lag_17': 0.3900802386486282, 'lag_18': 0.330974815125004, 'lag_19': 0.3241557083335083, 'lag_20': 0.9130892370757893, 'lag_21': 0.6271593322562917, 'lag_22': 0.07808417567104758, 'lag_23': 0.7457777788516565, 'lag_24': 0.24504757431877908, 'lag_25': 0.3493038327895652, 'lag_26': 0.7811864581265333, 'lag_27': 0.7350222637561976, 'lag_28': 0.6656766194054249}. Best is trial 14 with value: 0.01168104527612803.
[I 2025-09-29 11:57:42,904] Trial 42 finished with value: 0.012188948330860662 and parameters: {'lag_0': 0.8192378865288611, 'lag_1': 0.438443123045401, 'lag_2': 0.887723045407927, 'lag_3': 0.09938962148426841, 'lag_4': 0.7145018183675576, 'lag_5': 0.3655246695854071, 'lag_6': 0.5444219447546909, 'lag_7': 0.4708687538480075, 'lag_8': 0.6654956920556419, 'lag_9': 0.8509595277847654, 'lag_10': 0.3792618875956021, 'lag_11': 0.5138422468396427, 'lag_12': 0.37414755223315427, 'lag_13': 0.4607616102076905, 'lag_14': 0.8726805478817263, 'lag_15': 0.4046064406060218, 'lag_16': 0.35932527992453267, 'lag_17': 0.43663426764697666, 'lag_18': 0.3927450858681372, 'lag_19': 0.15720311377455848, 'lag_20': 0.9857222587290593, 'lag_21': 0.648682414504149, 'lag_22': 0.24174435118857424, 'lag_23': 0.7724739873179097, 'lag_24': 0.18199847904329586, 'lag_25': 0.283017416568096, 'lag_26': 0.9301509439309893, 'lag_27': 0.6609728630133752, 'lag_28': 0.7920217684206523}. Best is trial 14 with value: 0.01168104527612803.
[I 2025-09-29 11:57:45,305] Trial 43 finished with value: 0.011869146210681657 and parameters: {'lag_0': 0.9366501196519765, 'lag_1': 0.5973971806776406, 'lag_2': 0.8700592813939501, 'lag_3': 0.2018876816108997, 'lag_4': 0.9165629665304131, 'lag_5': 0.3028383797177109, 'lag_6': 0.5234890354483682, 'lag_7': 0.5342223173551431, 'lag_8': 0.5430914867679445, 'lag_9': 0.007175966014593305, 'lag_10': 0.48175246985806763, 'lag_11': 0.6739519947148946, 'lag_12': 0.7733892391801338, 'lag_13': 0.17050861714613463, 'lag_14': 0.534336425781617, 'lag_15': 0.24661194739689793, 'lag_16': 0.5560464635263163, 'lag_17': 0.5569019714261312, 'lag_18': 0.2743226618727285, 'lag_19': 0.30553735161502626, 'lag_20': 0.8830260690303621, 'lag_21': 0.5720590438700912, 'lag_22': 0.07324846491444278, 'lag_23': 0.8186420937001302, 'lag_24': 0.9789108061100245, 'lag_25': 0.3755256110935933, 'lag_26': 0.833663304998383, 'lag_27': 0.7308977040231975, 'lag_28': 0.9137273254904601}. Best is trial 14 with value: 0.01168104527612803.
[I 2025-09-29 11:57:47,715] Trial 44 finished with value: 0.011845040232279249 and parameters: {'lag_0': 0.8690505581280432, 'lag_1': 0.5106642882363349, 'lag_2': 0.9363746080195352, 'lag_3': 0.2435193680940304, 'lag_4': 0.4618162692468226, 'lag_5': 0.3830749093800648, 'lag_6': 0.6315934612092344, 'lag_7': 0.28387680726885955, 'lag_8': 0.7157055628371778, 'lag_9': 0.7909679420930704, 'lag_10': 0.26742634317278446, 'lag_11': 0.34994912666460654, 'lag_12': 0.21040854730321487, 'lag_13': 0.30987632136363363, 'lag_14': 0.7841001172485934, 'lag_15': 0.30558568231039374, 'lag_16': 0.4265362545969925, 'lag_17': 0.0693063405456703, 'lag_18': 0.10961332307297719, 'lag_19': 0.36066856596855573, 'lag_20': 0.8085077175256358, 'lag_21': 0.49446772795784366, 'lag_22': 0.1193295281764975, 'lag_23': 0.7607964060970986, 'lag_24': 0.13832482937817442, 'lag_25': 0.19619936684880046, 'lag_26': 0.7621444659195603, 'lag_27': 0.8916086850720345, 'lag_28': 0.5723493481490901}. Best is trial 14 with value: 0.01168104527612803.
[I 2025-09-29 11:57:50,125] Trial 45 finished with value: 0.01212683299349565 and parameters: {'lag_0': 0.9527625198688848, 'lag_1': 0.8116812885640647, 'lag_2': 0.10796211424781815, 'lag_3': 0.3797091879971283, 'lag_4': 0.5278492044936115, 'lag_5': 0.515895840573635, 'lag_6': 0.7189600308795819, 'lag_7': 0.4274192629921309, 'lag_8': 0.7652916473933667, 'lag_9': 0.7252042323934538, 'lag_10': 0.3519008212666679, 'lag_11': 0.6363775688626551, 'lag_12': 0.4644225975098385, 'lag_13': 0.3828300997430323, 'lag_14': 0.6137122669479067, 'lag_15': 0.2354577495811086, 'lag_16': 0.8281537688446046, 'lag_17': 0.22180661351715067, 'lag_18': 0.9867439188874488, 'lag_19': 0.262420036486779, 'lag_20': 0.9593987461680757, 'lag_21': 0.7155934704987299, 'lag_22': 0.33951358528434566, 'lag_23': 0.5803497794541773, 'lag_24': 0.2327644104804438, 'lag_25': 0.07570658291845879, 'lag_26': 0.4896451103507574, 'lag_27': 0.84136736185693, 'lag_28': 0.652805052948461}. Best is trial 14 with value: 0.01168104527612803.
