[I 2025-09-29 11:55:51,316] Trial 3 finished with value: 0.009764417250880907 and parameters: {'lag_0': 0.5354671703405189, 'lag_1': 0.7999041926266743, 'lag_2': 0.33479102407302824, 'lag_3': 0.93238560291382, 'lag_4': 0.8442656447148107, 'lag_5': 0.9916495385745978, 'lag_6': 0.32711713854511454, 'lag_7': 0.5301130081983905, 'lag_8': 0.23829003199329069, 'lag_9': 0.5549967771761238, 'lag_10': 0.6320551995822054, 'lag_11': 0.1977729404268984, 'lag_12': 0.3266648684182094, 'lag_13': 0.7484283679730345, 'lag_14': 0.45596541863817824, 'lag_15': 0.22933888569385774, 'lag_16': 0.5419428845097157, 'lag_17': 0.6451735678765095, 'lag_18': 0.684866906012395, 'lag_19': 0.9908747452774294, 'lag_20': 0.3535760366255382, 'lag_21': 0.016225945003794602, 'lag_22': 0.07066328871829552, 'lag_23': 0.7719231950131201, 'lag_24': 0.17408027594357314, 'lag_25': 0.5331813014819327, 'lag_26': 0.8619311017619091, 'lag_27': 0.32886015014498926, 'lag_28': 0.4538027136964868}. Best is trial 1 with value: 0.0093618590684119.
[I 2025-09-29 11:55:53,574] Trial 4 finished with value: 0.00965216570864256 and parameters: {'lag_0': 0.7459991438411289, 'lag_1': 0.3251753910259042, 'lag_2': 0.06813196620668605, 'lag_3': 0.42862510197357584, 'lag_4': 0.32909005371040334, 'lag_5': 0.5492914377011309, 'lag_6': 0.9088202551764488, 'lag_7': 0.3905793623179383, 'lag_8': 0.7566046277751168, 'lag_9': 0.8080973114129301, 'lag_10': 0.042011239192051984, 'lag_11': 0.8381492610115594, 'lag_12': 0.05147215161636316, 'lag_13': 0.3299295898287144, 'lag_14': 0.3219665715709631, 'lag_15': 0.9320940392858326, 'lag_16': 0.44244795685950566, 'lag_17': 0.9123265675189048, 'lag_18': 0.11975686754833571, 'lag_19': 0.28766445870471885, 'lag_20': 0.9526612320053062, 'lag_21': 0.32457305326842084, 'lag_22': 0.5554188087764895, 'lag_23': 0.614804565723071, 'lag_24': 0.4416021055616034, 'lag_25': 0.6010645698591489, 'lag_26': 0.426292968381794, 'lag_27': 0.7302025114099386, 'lag_28': 0.24474418281316607}. Best is trial 1 with value: 0.0093618590684119.
[I 2025-09-29 11:55:55,833] Trial 5 finished with value: 0.009516037125082219 and parameters: {'lag_0': 0.5097469042200037, 'lag_1': 0.8185625946290084, 'lag_2': 0.27703632726118044, 'lag_3': 0.7893335846738099, 'lag_4': 0.4076587004911895, 'lag_5': 0.85289502044417, 'lag_6': 0.45438464728403244, 'lag_7': 0.291000040648215, 'lag_8': 0.4902120371324818, 'lag_9': 0.0444598957517854, 'lag_10': 0.695511234939273, 'lag_11': 0.28510060924768993, 'lag_12': 0.8100578129695628, 'lag_13': 0.2974962237919053, 'lag_14': 0.3506522157269586, 'lag_15': 0.9035848886751241, 'lag_16': 0.05036174170902263, 'lag_17': 0.4846687318070022, 'lag_18': 0.13870641456722252, 'lag_19': 0.398495271004565, 'lag_20': 0.27406510505696646, 'lag_21': 0.6434937044510673, 'lag_22': 0.2850011712445864, 'lag_23': 0.11243744949222632, 'lag_24': 0.8649531793787073, 'lag_25': 0.134397884059719, 'lag_26': 0.5210927414374377, 'lag_27': 0.4896926992303428, 'lag_28': 0.1088230945270101}. Best is trial 1 with value: 0.0093618590684119.
[I 2025-09-29 11:55:58,098] Trial 6 finished with value: 0.009642975677962521 and parameters: {'lag_0': 0.016285946457227193, 'lag_1': 0.5891310600168183, 'lag_2': 0.3611884812164002, 'lag_3': 0.07472630819059393, 'lag_4': 0.4805803515347115, 'lag_5': 0.7742644757473256, 'lag_6': 0.5558672905602215, 'lag_7': 0.024382224045812594, 'lag_8': 0.49183037887520226, 'lag_9': 0.25066123778765653, 'lag_10': 0.9435642478675226, 'lag_11': 0.9180130201025253, 'lag_12': 0.009021195523682312, 'lag_13': 0.5124228031183793, 'lag_14': 0.7989317315758135, 'lag_15': 0.355288581689409, 'lag_16': 0.9660349063114015, 'lag_17': 0.3556461290143369, 'lag_18': 0.42410240189591103, 'lag_19': 0.5481780970366782, 'lag_20': 0.8803176087958399, 'lag_21': 0.582169999708876, 'lag_22': 0.42957580869218587, 'lag_23': 0.43192995262316775, 'lag_24': 0.9746917389148961, 'lag_25': 0.5773708313886574, 'lag_26': 0.17859531399598208, 'lag_27': 0.9431735816425498, 'lag_28': 0.7479451312725044}. Best is trial 1 with value: 0.0093618590684119.
[I 2025-09-29 11:56:00,371] Trial 7 finished with value: 0.009714684146089525 and parameters: {'lag_0': 0.4389023066481271, 'lag_1': 0.4506967404536156, 'lag_2': 0.5945128227286284, 'lag_3': 0.8425823461738096, 'lag_4': 0.22646235627264238, 'lag_5': 0.47771457883688084, 'lag_6': 0.7710687309651911, 'lag_7': 0.13088817637868425, 'lag_8': 0.18284385310958334, 'lag_9': 0.9126761519682506, 'lag_10': 0.8184241189788269, 'lag_11': 0.3062791678645314, 'lag_12': 0.16151268911947791, 'lag_13': 0.6892948393690799, 'lag_14': 0.32625542883700903, 'lag_15': 0.4839897105156466, 'lag_16': 0.9537976558166295, 'lag_17': 0.45322556336301106, 'lag_18': 0.1486135664833178, 'lag_19': 0.35819609343072284, 'lag_20': 0.6367741676620597, 'lag_21': 0.31902555279029754, 'lag_22': 0.028697011973545974, 'lag_23': 0.15459290037010448, 'lag_24': 0.948417086512356, 'lag_25': 0.627764966135033, 'lag_26': 0.5715163234008422, 'lag_27': 0.2619651062055521, 'lag_28': 0.2731930619616656}. Best is trial 1 with value: 0.0093618590684119.
[I 2025-09-29 11:56:02,639] Trial 8 finished with value: 0.00975680372216701 and parameters: {'lag_0': 0.18423119944794722, 'lag_1': 0.1262520875749142, 'lag_2': 0.7720782104769783, 'lag_3': 0.21579198537268945, 'lag_4': 0.027256215549248404, 'lag_5': 0.7448744664055127, 'lag_6': 0.9630008174968747, 'lag_7': 0.36114980550925807, 'lag_8': 0.4379426701712435, 'lag_9': 0.9940768628846846, 'lag_10': 0.6459071903195489, 'lag_11': 0.3597577078319471, 'lag_12': 0.7760591323325562, 'lag_13': 0.3750179273031952, 'lag_14': 0.09421240069237935, 'lag_15': 0.2667426053298281, 'lag_16': 0.6310262359809808, 'lag_17': 0.027657485288862797, 'lag_18': 0.40059455229452307, 'lag_19': 0.08671435347125432, 'lag_20': 0.9283394297800166, 'lag_21': 0.20185513606890954, 'lag_22': 0.45688334393491664, 'lag_23': 0.23031650350243213, 'lag_24': 0.3839701017112709, 'lag_25': 0.060236321399422164, 'lag_26': 0.2454010985773978, 'lag_27': 0.6134394331409289, 'lag_28': 0.48624564447522695}. Best is trial 1 with value: 0.0093618590684119.
[I 2025-09-29 11:56:04,902] Trial 9 finished with value: 0.009659289306507696 and parameters: {'lag_0': 0.11382649059720922, 'lag_1': 0.5859453312093467, 'lag_2': 0.6852999881747374, 'lag_3': 0.8346014898592784, 'lag_4': 0.3617095757649918, 'lag_5': 0.5127249270076859, 'lag_6': 0.9282440436925316, 'lag_7': 0.6052374310588984, 'lag_8': 0.5789394731729203, 'lag_9': 0.27658264003015187, 'lag_10': 0.9249809842533259, 'lag_11': 0.38446073892345994, 'lag_12': 0.09002911259424297, 'lag_13': 0.10572115243377359, 'lag_14': 0.026764293027688197, 'lag_15': 0.9563011678681124, 'lag_16': 0.057098161592975885, 'lag_17': 0.052849133699458234, 'lag_18': 0.5662031200705576, 'lag_19': 0.9594941861081749, 'lag_20': 0.4057301019018295, 'lag_21': 0.4240802940246206, 'lag_22': 0.8914808266010834, 'lag_23': 0.9454374522782748, 'lag_24': 0.9676519101019562, 'lag_25': 0.596164230595903, 'lag_26': 0.9636834987524338, 'lag_27': 0.02589587431326955, 'lag_28': 0.7455559166617971}. Best is trial 1 with value: 0.0093618590684119.
[I 2025-09-29 11:56:07,221] Trial 10 finished with value: 0.009573244798267818 and parameters: {'lag_0': 0.3057293235604023, 'lag_1': 0.019546206641101127, 'lag_2': 0.9828914681183177, 'lag_3': 0.6062422118212476, 'lag_4': 0.7341866588656742, 'lag_5': 0.20258833632971934, 'lag_6': 0.026737260121042015, 'lag_7': 0.9508697484455575, 'lag_8': 0.9611975586980968, 'lag_9': 0.6442981951160038, 'lag_10': 0.42197922908492363, 'lag_11': 0.0022631117437247328, 'lag_12': 0.5118797336092722, 'lag_13': 0.9520244340017042, 'lag_14': 0.6532307157198043, 'lag_15': 0.6511202016378979, 'lag_16': 0.7485131349731391, 'lag_17': 0.741042303379734, 'lag_18': 0.314882632665954, 'lag_19': 0.6989620827493878, 'lag_20': 0.06626849732777379, 'lag_21': 0.9388931633893174, 'lag_22': 0.9930458601080279, 'lag_23': 0.9709058761061793, 'lag_24': 0.6612778524777377, 'lag_25': 0.9127916236536758, 'lag_26': 0.02836560785425124, 'lag_27': 0.7864152530567962, 'lag_28': 0.6469690150099986}. Best is trial 1 with value: 0.0093618590684119.
[I 2025-09-29 11:56:09,541] Trial 11 finished with value: 0.00950438496178454 and parameters: {'lag_0': 0.9707539349919895, 'lag_1': 0.2575778385769905, 'lag_2': 0.46244293733553954, 'lag_3': 0.6213651124697733, 'lag_4': 0.6450311506661159, 'lag_5': 0.28738757485122063, 'lag_6': 0.0907744322299234, 'lag_7': 0.9248645900400749, 'lag_8': 0.7228210065816905, 'lag_9': 0.3844883405464798, 'lag_10': 0.3532900023914737, 'lag_11': 0.6650420240384424, 'lag_12': 0.4145590527034616, 'lag_13': 0.9736276711853148, 'lag_14': 0.6824823827394144, 'lag_15': 0.03485905761220378, 'lag_16': 0.31740143112748204, 'lag_17': 0.9186556562255526, 'lag_18': 0.9993658299813558, 'lag_19': 0.038916422320579194, 'lag_20': 0.6444494555675118, 'lag_21': 0.7927336402032038, 'lag_22': 0.7087952841917952, 'lag_23': 0.3541216365035121, 'lag_24': 0.010826321706548292, 'lag_25': 0.2867483154825182, 'lag_26': 0.047269239254006445, 'lag_27': 0.5497142423447561, 'lag_28': 0.007179552649248577}. Best is trial 1 with value: 0.0093618590684119.
[I 2025-09-29 11:56:11,848] Trial 12 finished with value: 0.009806120794250778 and parameters: {'lag_0': 0.291338313559294, 'lag_1': 0.9873216032605991, 'lag_2': 0.27104322019671406, 'lag_3': 0.6786066443935814, 'lag_4': 0.19544520830396936, 'lag_5': 0.0015180756818750085, 'lag_6': 0.2200706705806871, 'lag_7': 0.775328693289056, 'lag_8': 0.7167256272966553, 'lag_9': 0.018348380475096016, 'lag_10': 0.5052063229957728, 'lag_11': 0.6151883514129823, 'lag_12': 0.2534105948428082, 'lag_13': 0.7581328156685048, 'lag_14': 0.6219590059629935, 'lag_15': 0.011100437048326028, 'lag_16': 0.2730715851164852, 'lag_17': 0.9841263690944259, 'lag_18': 0.6493199482383217, 'lag_19': 0.6907957739064329, 'lag_20': 0.6460091907027699, 'lag_21': 0.0549932917540914, 'lag_22': 0.7073951382984092, 'lag_23': 0.7793048564532326, 'lag_24': 0.6773873462733965, 'lag_25': 0.27067792248862854, 'lag_26': 0.37586629528772214, 'lag_27': 0.7598055301333868, 'lag_28': 0.3028209012136248}. Best is trial 1 with value: 0.0093618590684119.
[I 2025-09-29 11:56:14,147] Trial 13 finished with value: 0.00996450036635545 and parameters: {'lag_0': 0.26102267402342993, 'lag_1': 0.27840191556350663, 'lag_2': 0.4797141846153608, 'lag_3': 0.4251030246890083, 'lag_4': 0.5713073725979176, 'lag_5': 0.2996491013971737, 'lag_6': 0.1648431621289787, 'lag_7': 0.726622556688596, 'lag_8': 0.33591267274331693, 'lag_9': 0.4739777702717284, 'lag_10': 0.2658100672172503, 'lag_11': 0.7321957172626639, 'lag_12': 0.5623705941104302, 'lag_13': 0.8956390171631277, 'lag_14': 0.9957503486074364, 'lag_15': 0.16562239306261695, 'lag_16': 0.17942195584682158, 'lag_17': 0.7719249440987175, 'lag_18': 0.7478496518570432, 'lag_19': 0.17119116692975858, 'lag_20': 0.7745746400902854, 'lag_21': 0.721902683866723, 'lag_22': 0.2144336338866449, 'lag_23': 0.007984212753361475, 'lag_24': 0.638174664253677, 'lag_25': 0.32801342746392415, 'lag_26': 0.7285015441306966, 'lag_27': 0.6429057483817703, 'lag_28': 0.39811707767775656}. Best is trial 1 with value: 0.0093618590684119.
[I 2025-09-29 11:56:16,467] Trial 14 finished with value: 0.009717782334863992 and parameters: {'lag_0': 0.009573545061508253, 'lag_1': 0.6264569266441743, 'lag_2': 0.11813371522176924, 'lag_3': 0.9403694190190137, 'lag_4': 0.23165575597625404, 'lag_5': 0.7041609065144123, 'lag_6': 0.3104534193079955, 'lag_7': 0.2251559032169839, 'lag_8': 0.022112637513172495, 'lag_9': 0.6333210503896194, 'lag_10': 0.5702759876455374, 'lag_11': 0.9998802866714352, 'lag_12': 0.6545738323509007, 'lag_13': 0.6600104275989382, 'lag_14': 0.8294759160458531, 'lag_15': 0.6405268265394657, 'lag_16': 0.7422092328830955, 'lag_17': 0.7812106867688576, 'lag_18': 0.8434779006633785, 'lag_19': 0.5536132162785715, 'lag_20': 0.5408118747339119, 'lag_21': 0.4643903013478945, 'lag_22': 0.6405658397651007, 'lag_23': 0.3229420043290498, 'lag_24': 0.29003241130234214, 'lag_25': 0.012972390722342464, 'lag_26': 0.31984366004873505, 'lag_27': 0.39432042918699306, 'lag_28': 0.6083359900827696}. Best is trial 1 with value: 0.0093618590684119.
[I 2025-09-29 11:56:18,793] Trial 15 finished with value: 0.009719004155757927 and parameters: {'lag_0': 0.38515162515365475, 'lag_1': 0.42883251339312656, 'lag_2': 0.6081297855070388, 'lag_3': 0.7107904231242668, 'lag_4': 0.09847432970755798, 'lag_5': 0.4256039499587929, 'lag_6': 0.033474369136344745, 'lag_7': 0.7695712394897631, 'lag_8': 0.6392763912988662, 'lag_9': 0.366507641077153, 'lag_10': 0.7755232395331199, 'lag_11': 0.5052575105980333, 'lag_12': 0.24103124466046738, 'lag_13': 0.8441445675735944, 'lag_14': 0.5105698245039683, 'lag_15': 0.12075435373054635, 'lag_16': 0.45050715879849657, 'lag_17': 0.8305687088798466, 'lag_18': 0.5073363357015116, 'lag_19': 0.7388330934523782, 'lag_20': 0.7717270594993575, 'lag_21': 0.8853338155263548, 'lag_22': 0.8336775167290891, 'lag_23': 0.5755635294865543, 'lag_24': 0.011656173583965118, 'lag_25': 0.3831248571974733, 'lag_26': 0.1314251140474815, 'lag_27': 0.8701309588201955, 'lag_28': 0.14709067210336746}. Best is trial 1 with value: 0.0093618590684119.
[I 2025-09-29 11:56:21,094] Trial 16 finished with value: 0.00984986711470664 and parameters: {'lag_0': 0.14020008931458572, 'lag_1': 0.7180517267522633, 'lag_2': 0.19475535809398162, 'lag_3': 0.5444935533724746, 'lag_4': 0.9874569647823297, 'lag_5': 0.6508589210061397, 'lag_6': 0.3904974843069705, 'lag_7': 0.4373114485853838, 'lag_8': 0.8412476720910105, 'lag_9': 0.14552342160617052, 'lag_10': 0.13711459619036592, 'lag_11': 0.1302493709979365, 'lag_12': 0.3706128682571291, 'lag_13': 0.5895554467696325, 'lag_14': 0.7511706421089336, 'lag_15': 0.5163987600224288, 'lag_16': 0.1776995439178115, 'lag_17': 0.6332849674739693, 'lag_18': 0.29578695885368655, 'lag_19': 0.8591439679604278, 'lag_20': 0.15552439252423483, 'lag_21': 0.5466864504097371, 'lag_22': 0.27214851624440917, 'lag_23': 0.8003296767139887, 'lag_24': 0.545849341706784, 'lag_25': 0.19691147454648225, 'lag_26': 0.6191481579248262, 'lag_27': 0.1831658206205728, 'lag_28': 0.3558955590567363}. Best is trial 1 with value: 0.0093618590684119.
[I 2025-09-29 11:56:23,378] Trial 17 finished with value: 0.009495015350225025 and parameters: {'lag_0': 0.6435416867856291, 'lag_1': 0.17899803626748667, 'lag_2': 0.43282096107332696, 'lag_3': 0.9873018056666721, 'lag_4': 0.4799660320928365, 'lag_5': 0.9060539019393473, 'lag_6': 0.2084187965792533, 'lag_7': 0.16077534904054208, 'lag_8': 0.644640406375693, 'lag_9': 0.42974234914982273, 'lag_10': 0.460833998697896, 'lag_11': 0.5044850404950929, 'lag_12': 0.17425997409132227, 'lag_13': 0.827241920472232, 'lag_14': 0.508498050941965, 'lag_15': 0.39821182932806176, 'lag_16': 0.5874218900088998, 'lag_17': 0.9923370919924079, 'lag_18': 0.9996995910834, 'lag_19': 0.22775029751504877, 'lag_20': 0.5128720110367654, 'lag_21': 0.1478710470246731, 'lag_22': 0.5501195206001536, 'lag_23': 0.44084505504697896, 'lag_24': 0.7696363505255823, 'lag_25': 0.4089399968772903, 'lag_26': 0.1147789929399287, 'lag_27': 0.4525879784692812, 'lag_28': 0.6102316149371462}. Best is trial 1 with value: 0.0093618590684119.
[I 2025-09-29 11:56:25,666] Trial 18 finished with value: 0.009828974896675087 and parameters: {'lag_0': 0.21830456425867978, 'lag_1': 0.38869973562228305, 'lag_2': 0.8264229047020863, 'lag_3': 0.7442199369750949, 'lag_4': 0.2956720365040004, 'lag_5': 0.4093918054951915, 'lag_6': 0.687375720896269, 'lag_7': 0.8732358688802767, 'lag_8': 0.8246211195479142, 'lag_9': 0.7554826303603266, 'lag_10': 0.8127217841452583, 'lag_11': 0.5785917969828608, 'lag_12': 0.6054325856825048, 'lag_13': 0.9968727959178889, 'lag_14': 0.9459791664630152, 'lag_15': 0.7194123585127673, 'lag_16': 0.7215302199569351, 'lag_17': 0.18153795914581905, 'lag_18': 0.006654226817540132, 'lag_19': 0.8045276344904009, 'lag_20': 0.7627091370373736, 'lag_21': 0.41748091155995093, 'lag_22': 0.8457705252080758, 'lag_23': 0.04180841956623453, 'lag_24': 0.23972297630913653, 'lag_25': 0.7547845795470459, 'lag_26': 0.305065621227955, 'lag_27': 0.5889138180515453, 'lag_28': 0.18576662637158836}. Best is trial 1 with value: 0.0093618590684119.
[I 2025-09-29 11:56:27,978] Trial 19 finished with value: 0.009673108314413339 and parameters: {'lag_0': 0.3664936404145671, 'lag_1': 0.5599137066194676, 'lag_2': 0.5688578192514377, 'lag_3': 0.3445883289210582, 'lag_4': 0.13341046631158188, 'lag_5': 0.04694197373220882, 'lag_6': 0.11660539180466081, 'lag_7': 0.5000347403705578, 'lag_8': 0.3734390719243119, 'lag_9': 0.15668736373139486, 'lag_10': 0.32604281352315156, 'lag_11': 0.7886568411140199, 'lag_12': 0.4306151744346184, 'lag_13': 0.5473047206327093, 'lag_14': 0.7404810866395038, 'lag_15': 0.12085417023970324, 'lag_16': 0.39738204636790686, 'lag_17': 0.6502960616805109, 'lag_18': 0.5625127220228433, 'lag_19': 0.47437885937151936, 'lag_20': 0.5886581365677329, 'lag_21': 0.6920992819097295, 'lag_22': 0.17223090301540428, 'lag_23': 0.26088127192221033, 'lag_24': 0.5236091809277816, 'lag_25': 0.14010387563535126, 'lag_26': 0.0022343300269108968, 'lag_27': 0.6962763454026142, 'lag_28': 0.003912044655179553}. Best is trial 1 with value: 0.0093618590684119.
[I 2025-09-29 11:56:30,299] Trial 20 finished with value: 0.00982748895479693 and parameters: {'lag_0': 0.08868837948422985, 'lag_1': 0.17924143818213795, 'lag_2': 0.1714466930720678, 'lag_3': 0.8658581606017588, 'lag_4': 0.4305775716942407, 'lag_5': 0.8290757430884997, 'lag_6': 0.0004438680672374795, 'lag_7': 0.6513257617791747, 'lag_8': 0.5728928455262133, 'lag_9': 0.5544043325664059, 'lag_10': 0.5438329997087369, 'lag_11': 0.11441836957681395, 'lag_12': 0.2928408346948803, 'lag_13': 0.8100432856047398, 'lag_14': 0.6043082045302126, 'lag_15': 0.25083032580919973, 'lag_16': 0.1903996731705046, 'lag_17': 0.8761422854327273, 'lag_18': 0.8022236074742949, 'lag_19': 0.6350707684310987, 'lag_20': 0.2527986183816957, 'lag_21': 0.8066107487611449, 'lag_22': 0.3616334083586176, 'lag_23': 0.5200771752536995, 'lag_24': 0.8185195937449969, 'lag_25': 0.20485234833825816, 'lag_26': 0.4164183877917731, 'lag_27': 0.8531276866726218, 'lag_28': 0.8966825129036662}. Best is trial 1 with value: 0.0093618590684119.
[I 2025-09-29 11:56:32,605] Trial 21 finished with value: 0.009590470656963307 and parameters: {'lag_0': 0.6416365525933309, 'lag_1': 0.10448834643051563, 'lag_2': 0.4085556429535506, 'lag_3': 0.9891767228082093, 'lag_4': 0.5512665645333009, 'lag_5': 0.982389959005026, 'lag_6': 0.21418354892741914, 'lag_7': 0.17014996044764968, 'lag_8': 0.6006361827571299, 'lag_9': 0.4028993160758805, 'lag_10': 0.42629264681073237, 'lag_11': 0.4626252657793864, 'lag_12': 0.15021235113091488, 'lag_13': 0.8797165215445234, 'lag_14': 0.5314523467650705, 'lag_15': 0.43197531542059076, 'lag_16': 0.5637680075974093, 'lag_17': 0.9963275801615679, 'lag_18': 0.9959443453219091, 'lag_19': 0.18810714310227916, 'lag_20': 0.49953788815032263, 'lag_21': 0.15079591874906642, 'lag_22': 0.550253146629392, 'lag_23': 0.4470867075871535, 'lag_24': 0.7658993630415544, 'lag_25': 0.42564011295489135, 'lag_26': 0.13101406838073804, 'lag_27': 0.4596997866240402, 'lag_28': 0.5758355686811218}. Best is trial 1 with value: 0.0093618590684119.
[I 2025-09-29 11:56:34,903] Trial 22 finished with value: 0.009552751034329161 and parameters: {'lag_0': 0.8341776390670677, 'lag_1': 0.2009175041321478, 'lag_2': 0.5170914766267962, 'lag_3': 0.9017551289915866, 'lag_4': 0.3145238567247039, 'lag_5': 0.866058448692927, 'lag_6': 0.27018510622579467, 'lag_7': 0.11323489408055745, 'lag_8': 0.6675818639026868, 'lag_9': 0.46427251117741314, 'lag_10': 0.391662298071579, 'lag_11': 0.45370923616501013, 'lag_12': 0.1784879389898976, 'lag_13': 0.6643628248642706, 'lag_14': 0.85453620406855, 'lag_15': 0.36926204049443667, 'lag_16': 0.6240661889797608, 'lag_17': 0.9777430638200512, 'lag_18': 0.9109096295501017, 'lag_19': 0.23083631252012518, 'lag_20': 0.4866679965255886, 'lag_21': 0.11794424046987984, 'lag_22': 0.6138029816113232, 'lag_23': 0.8682177511760569, 'lag_24': 0.7578440053834123, 'lag_25': 0.42130773798580656, 'lag_26': 0.12525567577827096, 'lag_27': 0.4568967128061191, 'lag_28': 0.5476066915967963}. Best is trial 1 with value: 0.0093618590684119.
[I 2025-09-29 11:56:37,199] Trial 23 finished with value: 0.00964214962626814 and parameters: {'lag_0': 0.5941754596591485, 'lag_1': 0.338282416549857, 'lag_2': 0.4079705641028416, 'lag_3': 0.7706222544429656, 'lag_4': 0.4811259493333104, 'lag_5': 0.6617871216875658, 'lag_6': 0.14182779336695114, 'lag_7': 0.0062886004058936296, 'lag_8': 0.8220181191938396, 'lag_9': 0.3007693088554812, 'lag_10': 0.45566608455817914, 'lag_11': 0.5607067986039931, 'lag_12': 0.10718527771952512, 'lag_13': 0.782620759197647, 'lag_14': 0.47056065094193444, 'lag_15': 0.5393367581950729, 'lag_16': 0.8407234944364815, 'lag_17': 0.84919310646008, 'lag_18': 0.6558344727493209, 'lag_19': 0.1086753300873595, 'lag_20': 0.6985010255253948, 'lag_21': 0.24605487608933552, 'lag_22': 0.9638951923057373, 'lag_23': 0.674178604622073, 'lag_24': 0.8705270496240908, 'lag_25': 0.34747930705028485, 'lag_26': 0.21561570114907372, 'lag_27': 0.5604545688274903, 'lag_28': 0.74231506427425}. Best is trial 1 with value: 0.0093618590684119.
