2025-09-29 12:50:16,093 - distributed.nanny - INFO -         Start Nanny at: 'tcp://192.168.86.108:35664'
2025-09-29 12:50:17,397 - distributed.worker - INFO -       Start worker at: tcp://192.168.86.108:44377
2025-09-29 12:50:17,397 - distributed.worker - INFO -          Listening to: tcp://192.168.86.108:44377
2025-09-29 12:50:17,397 - distributed.worker - INFO -           Worker name:            SLURMCluster-16
2025-09-29 12:50:17,397 - distributed.worker - INFO -          dashboard at:       192.168.86.108:34449
2025-09-29 12:50:17,397 - distributed.worker - INFO - Waiting to connect to: tcp://192.168.86.101:39990
2025-09-29 12:50:17,397 - distributed.worker - INFO - -------------------------------------------------
2025-09-29 12:50:17,398 - distributed.worker - INFO -               Threads:                          1
2025-09-29 12:50:17,398 - distributed.worker - INFO -                Memory:                   9.31 GiB
2025-09-29 12:50:17,398 - distributed.worker - INFO -       Local Directory: /home1/zrentala/dask-worker-space/dask-scratch-space/worker-yk3j8duw
2025-09-29 12:50:17,398 - distributed.worker - INFO - -------------------------------------------------
2025-09-29 12:50:17,686 - distributed.worker - INFO - Starting Worker plugin shuffle
2025-09-29 12:50:17,686 - distributed.worker - INFO -         Registered to: tcp://192.168.86.101:39990
2025-09-29 12:50:17,686 - distributed.worker - INFO - -------------------------------------------------
2025-09-29 12:50:17,687 - distributed.core - INFO - Starting established connection to tcp://192.168.86.101:39990
[I 2025-09-29 12:50:17,768] A new study created in memory with name: no-name-14a4fc9d-93ec-4df0-b5d7-a7e82cad7229
[I 2025-09-29 12:50:20,227] Trial 0 finished with value: 0.011352725996601315 and parameters: {'lag_0': 0.6043048263879122, 'lag_1': 0.9054665954803874, 'lag_2': 0.7333441308143631, 'lag_3': 0.28279018970555475, 'lag_4': 0.7660796455003307, 'lag_5': 0.8329217475739848, 'lag_6': 0.7113809022113994, 'lag_7': 0.2635988428509251, 'lag_8': 0.7775695882521293, 'lag_9': 0.396682282604742, 'lag_10': 0.26628339751600777, 'lag_11': 0.49525974606549195, 'lag_12': 0.8293225957636144, 'lag_13': 0.15668843135385807, 'lag_14': 0.013908866988322863, 'lag_15': 0.797948186069219, 'lag_16': 0.9264495363364325, 'lag_17': 0.21752658314790418, 'lag_18': 0.19014595395418482, 'lag_19': 0.4255052337556932, 'lag_20': 0.781081489722591, 'lag_21': 0.2924408748282498, 'lag_22': 0.10453558452599247, 'lag_23': 0.6892295451620412, 'lag_24': 0.7612770656505975, 'lag_25': 0.272383718924595, 'lag_26': 0.8572227027574472, 'lag_27': 0.7269936645087212, 'lag_28': 0.7078865644013094}. Best is trial 0 with value: 0.011352725996601315.
[I 2025-09-29 12:50:22,657] Trial 1 finished with value: 0.014202784740825897 and parameters: {'lag_0': 0.6943054416286202, 'lag_1': 0.7542532069723741, 'lag_2': 0.12554311345184324, 'lag_3': 0.38883799304663513, 'lag_4': 0.08677249110466402, 'lag_5': 0.8750515580229735, 'lag_6': 0.668648788792736, 'lag_7': 0.7250351364962161, 'lag_8': 0.8139606805088072, 'lag_9': 0.4940297157066959, 'lag_10': 0.35204150758299235, 'lag_11': 0.6972084086336618, 'lag_12': 0.27381506725207444, 'lag_13': 0.1635794261602539, 'lag_14': 0.056441996361044855, 'lag_15': 0.8718471814329793, 'lag_16': 0.49288429627199526, 'lag_17': 0.41352443293414953, 'lag_18': 0.5996465106197026, 'lag_19': 0.6616412646470039, 'lag_20': 0.8763886056622264, 'lag_21': 0.6536217312793833, 'lag_22': 0.2870736484301783, 'lag_23': 0.8109183240812622, 'lag_24': 0.8167237181042092, 'lag_25': 0.7341761771882583, 'lag_26': 0.9549107748333974, 'lag_27': 0.09849603583229197, 'lag_28': 0.007927909303969334}. Best is trial 0 with value: 0.011352725996601315.
[I 2025-09-29 12:50:25,112] Trial 2 finished with value: 0.010834821692651786 and parameters: {'lag_0': 0.39868003412547176, 'lag_1': 0.8831191098057741, 'lag_2': 0.11361587438855208, 'lag_3': 0.07538246821774723, 'lag_4': 0.08538829166437054, 'lag_5': 0.5810150744568731, 'lag_6': 0.8382594696401687, 'lag_7': 0.9008418196916582, 'lag_8': 0.7555331409883458, 'lag_9': 0.7715296378863784, 'lag_10': 0.6757468088522859, 'lag_11': 0.3971423105369495, 'lag_12': 0.5069584704251343, 'lag_13': 0.16466243716562606, 'lag_14': 0.16060437235979633, 'lag_15': 0.24724096233939943, 'lag_16': 0.6490193457808233, 'lag_17': 0.4642520716856776, 'lag_18': 0.52191316982114, 'lag_19': 0.48948653749157034, 'lag_20': 0.04112154897976275, 'lag_21': 0.7070854789549554, 'lag_22': 0.5834270666269197, 'lag_23': 0.865205149881437, 'lag_24': 0.5486843759695437, 'lag_25': 0.9458826188524583, 'lag_26': 0.338426320432342, 'lag_27': 0.6344384394845918, 'lag_28': 0.05868366660242555}. Best is trial 2 with value: 0.010834821692651786.
[I 2025-09-29 12:50:27,545] Trial 3 finished with value: 0.010145668507838254 and parameters: {'lag_0': 0.014610236115281283, 'lag_1': 0.3062978368889619, 'lag_2': 0.8756968240757271, 'lag_3': 0.27626589874298624, 'lag_4': 0.13509271921030855, 'lag_5': 0.6134259913287656, 'lag_6': 0.2837220952784244, 'lag_7': 0.29089573470613955, 'lag_8': 0.2535279192128149, 'lag_9': 0.24583677035237095, 'lag_10': 0.155072105862027, 'lag_11': 0.20496845557865467, 'lag_12': 0.1967789490976207, 'lag_13': 0.4254731677425613, 'lag_14': 0.7727306259810183, 'lag_15': 0.30070608041836083, 'lag_16': 0.38732927969928105, 'lag_17': 0.207311152065263, 'lag_18': 0.7255982127377741, 'lag_19': 0.36701709274796895, 'lag_20': 0.010487354800096564, 'lag_21': 0.007516521529478584, 'lag_22': 0.06744137873138525, 'lag_23': 0.4378432449087089, 'lag_24': 0.42053504543731346, 'lag_25': 0.342414967123526, 'lag_26': 0.7715082690935228, 'lag_27': 0.5407490371371259, 'lag_28': 0.24735783601176795}. Best is trial 3 with value: 0.010145668507838254.
[I 2025-09-29 12:50:29,983] Trial 4 finished with value: 0.013347573574320204 and parameters: {'lag_0': 0.33847478299549416, 'lag_1': 0.9428372532465285, 'lag_2': 0.5665740939771654, 'lag_3': 0.7634453708920153, 'lag_4': 0.8858017786829895, 'lag_5': 0.9947873838059352, 'lag_6': 0.4396958692455131, 'lag_7': 0.854876865621383, 'lag_8': 0.10740628794532234, 'lag_9': 0.5208624749248771, 'lag_10': 0.7119341527735982, 'lag_11': 0.4414109659594786, 'lag_12': 0.3246152911943174, 'lag_13': 0.3354212190802035, 'lag_14': 0.8264652162845655, 'lag_15': 0.21562781834435185, 'lag_16': 0.013103640124860687, 'lag_17': 0.4686032575036718, 'lag_18': 0.8661623675988488, 'lag_19': 0.0688941950705597, 'lag_20': 0.27267762676885865, 'lag_21': 0.48043608116606273, 'lag_22': 0.05522256036641648, 'lag_23': 0.6781636762840539, 'lag_24': 0.23254089460476954, 'lag_25': 0.8380284753841594, 'lag_26': 0.61862809414439, 'lag_27': 0.18263826172268638, 'lag_28': 0.4482400981852661}. Best is trial 3 with value: 0.010145668507838254.
[I 2025-09-29 12:50:32,431] Trial 5 finished with value: 0.01216324414590178 and parameters: {'lag_0': 0.8374198023248371, 'lag_1': 0.4696286415667422, 'lag_2': 0.45263002152575416, 'lag_3': 0.9258148026158017, 'lag_4': 0.6972510545530384, 'lag_5': 0.3883576877671082, 'lag_6': 0.08079020972591038, 'lag_7': 0.28290325891613327, 'lag_8': 0.6564844783061977, 'lag_9': 0.9392622128958116, 'lag_10': 0.9712588331965478, 'lag_11': 0.5643437271623036, 'lag_12': 0.5281174837100244, 'lag_13': 0.5039259314786101, 'lag_14': 0.30110659998741734, 'lag_15': 0.25943886438565467, 'lag_16': 0.2163311013752898, 'lag_17': 0.787783660074301, 'lag_18': 0.968409496426426, 'lag_19': 0.20364881912046603, 'lag_20': 0.5893743579141398, 'lag_21': 0.6998575257476574, 'lag_22': 0.6453609055491468, 'lag_23': 0.037788415123486525, 'lag_24': 0.30697090856356346, 'lag_25': 0.03087104812399535, 'lag_26': 0.3389686663106173, 'lag_27': 0.029449569528396165, 'lag_28': 0.47663390391272226}. Best is trial 3 with value: 0.010145668507838254.
[I 2025-09-29 12:50:34,860] Trial 6 finished with value: 0.012751088447856917 and parameters: {'lag_0': 0.9757254443110515, 'lag_1': 0.4040373097460829, 'lag_2': 0.728221287511763, 'lag_3': 0.6476564677267935, 'lag_4': 0.7159372897607261, 'lag_5': 0.3575613778917491, 'lag_6': 0.24623855853233156, 'lag_7': 0.8309316558496284, 'lag_8': 0.8825995633831965, 'lag_9': 0.1649831836179149, 'lag_10': 0.8638471236972243, 'lag_11': 0.5579114698945183, 'lag_12': 0.9717193450918283, 'lag_13': 0.16607414327930264, 'lag_14': 0.7437172202275512, 'lag_15': 0.9549316160087755, 'lag_16': 0.7613374232702372, 'lag_17': 0.9954386718802338, 'lag_18': 0.5534029492395713, 'lag_19': 0.12419023530189416, 'lag_20': 0.46440626300498206, 'lag_21': 0.6856361335831992, 'lag_22': 0.6616844716615797, 'lag_23': 0.9491142536634168, 'lag_24': 0.1667744877301998, 'lag_25': 0.4831788965163746, 'lag_26': 0.6853886195154342, 'lag_27': 0.9540339783448791, 'lag_28': 0.5645803171384259}. Best is trial 3 with value: 0.010145668507838254.
[I 2025-09-29 12:50:37,289] Trial 7 finished with value: 0.011176057562859004 and parameters: {'lag_0': 0.8389150035640183, 'lag_1': 0.0018690152296792527, 'lag_2': 0.3548979750597295, 'lag_3': 0.8591642116547833, 'lag_4': 0.7147006391758236, 'lag_5': 0.5994461763048501, 'lag_6': 0.26483124922582685, 'lag_7': 0.5383383896829818, 'lag_8': 0.09142802338551319, 'lag_9': 0.5072164092218447, 'lag_10': 0.7365363826359553, 'lag_11': 0.9543302487978009, 'lag_12': 0.18464938845284914, 'lag_13': 0.8606129438980298, 'lag_14': 0.2736156766047832, 'lag_15': 0.2686915220036015, 'lag_16': 0.3355552292020956, 'lag_17': 0.8806175258353482, 'lag_18': 0.42729435310180797, 'lag_19': 0.3645461507852131, 'lag_20': 0.9188264005521958, 'lag_21': 0.6266732716283113, 'lag_22': 0.2670471466061582, 'lag_23': 0.11562737869568243, 'lag_24': 0.861813991780896, 'lag_25': 0.20072035611758487, 'lag_26': 0.2682035923580806, 'lag_27': 0.6766737713054254, 'lag_28': 0.5630167567260282}. Best is trial 3 with value: 0.010145668507838254.
[I 2025-09-29 12:50:39,718] Trial 8 finished with value: 0.013162476614722566 and parameters: {'lag_0': 0.7788440243639008, 'lag_1': 0.0046004973116778375, 'lag_2': 0.5362116912838255, 'lag_3': 0.704676563112501, 'lag_4': 0.7130554316675429, 'lag_5': 0.7938487253556255, 'lag_6': 0.579082060163753, 'lag_7': 0.7404665776975108, 'lag_8': 0.9119754994088836, 'lag_9': 0.21695373749324554, 'lag_10': 0.18980727053932228, 'lag_11': 0.06714889000788384, 'lag_12': 0.965152550275446, 'lag_13': 0.13650132477212426, 'lag_14': 0.5786171041386065, 'lag_15': 0.3581933281468854, 'lag_16': 0.4916875087000384, 'lag_17': 0.46438655740379875, 'lag_18': 0.7664987805730794, 'lag_19': 0.1279881965226791, 'lag_20': 0.8547321473739482, 'lag_21': 0.7396251368414656, 'lag_22': 0.13053929176346388, 'lag_23': 0.502948310326855, 'lag_24': 0.7063306122234537, 'lag_25': 0.7972953132415121, 'lag_26': 0.49309234835943766, 'lag_27': 0.03119766459268377, 'lag_28': 0.7996803586743549}. Best is trial 3 with value: 0.010145668507838254.
[I 2025-09-29 12:50:42,243] Trial 9 finished with value: 0.010577346361739931 and parameters: {'lag_0': 0.7117272045071884, 'lag_1': 0.1365133618363135, 'lag_2': 0.19233792323016427, 'lag_3': 0.863948655244929, 'lag_4': 0.20998727054939867, 'lag_5': 0.7193501352643181, 'lag_6': 0.6399357966606727, 'lag_7': 0.5428494195840219, 'lag_8': 0.5628134343394491, 'lag_9': 0.3412340701927578, 'lag_10': 0.4669866981071863, 'lag_11': 0.35796424279943745, 'lag_12': 0.2114738560266157, 'lag_13': 0.9223834697131629, 'lag_14': 0.22235539512949484, 'lag_15': 0.5540202357314045, 'lag_16': 0.40651733799276, 'lag_17': 0.30939582946497374, 'lag_18': 0.9935166644386888, 'lag_19': 0.42977039071087303, 'lag_20': 0.3964459872537869, 'lag_21': 0.0937663491797751, 'lag_22': 0.2771869985246083, 'lag_23': 0.08098088174283057, 'lag_24': 0.14575173883079726, 'lag_25': 0.39739415644849513, 'lag_26': 0.898690243317606, 'lag_27': 0.3776862367982886, 'lag_28': 0.4094813112396879}. Best is trial 3 with value: 0.010145668507838254.
[I 2025-09-29 12:50:44,736] Trial 10 finished with value: 0.013238111042770572 and parameters: {'lag_0': 0.009181935610419745, 'lag_1': 0.27524917652028347, 'lag_2': 0.9665454227591659, 'lag_3': 0.027983352920444737, 'lag_4': 0.34795624222609034, 'lag_5': 0.060905996973883214, 'lag_6': 0.3992770232687465, 'lag_7': 0.011495895355816521, 'lag_8': 0.34709393353884815, 'lag_9': 0.013369530205121771, 'lag_10': 0.012113584300097513, 'lag_11': 0.11473099111380115, 'lag_12': 0.011902793566638842, 'lag_13': 0.6233555935671394, 'lag_14': 0.996830065339364, 'lag_15': 0.056997952736186436, 'lag_16': 0.10875445272543566, 'lag_17': 0.6832654275861152, 'lag_18': 0.09591457438285511, 'lag_19': 0.9932246368229073, 'lag_20': 0.017681582462985734, 'lag_21': 0.034817522468712114, 'lag_22': 0.9510680611283504, 'lag_23': 0.3211164344553863, 'lag_24': 0.42264646288071306, 'lag_25': 0.6109291103907364, 'lag_26': 0.04202193371421259, 'lag_27': 0.380121336803282, 'lag_28': 0.21886741528164438}. Best is trial 3 with value: 0.010145668507838254.
[I 2025-09-29 12:50:47,228] Trial 11 finished with value: 0.012317431914278485 and parameters: {'lag_0': 0.014653214478814507, 'lag_1': 0.21639436849465843, 'lag_2': 0.305148582556765, 'lag_3': 0.528623475148271, 'lag_4': 0.32228926414065884, 'lag_5': 0.66748914288176, 'lag_6': 0.9256208968090311, 'lag_7': 0.442669665936463, 'lag_8': 0.39055769665063655, 'lag_9': 0.26814763214400433, 'lag_10': 0.49232404338779073, 'lag_11': 0.28082830171815854, 'lag_12': 0.018066666385525232, 'lag_13': 0.9855991897650609, 'lag_14': 0.4802646299299807, 'lag_15': 0.6042550730907918, 'lag_16': 0.3446170494167231, 'lag_17': 0.054046071717828714, 'lag_18': 0.753490157452936, 'lag_19': 0.6674130454526281, 'lag_20': 0.25333969774042975, 'lag_21': 0.01506889408936132, 'lag_22': 0.34029586517379906, 'lag_23': 0.29134155835132747, 'lag_24': 0.027220974882171234, 'lag_25': 0.40901272151036516, 'lag_26': 0.7919879026515568, 'lag_27': 0.4072268592618496, 'lag_28': 0.27511030316519813}. Best is trial 3 with value: 0.010145668507838254.
[I 2025-09-29 12:50:49,706] Trial 12 finished with value: 0.0111754185202541 and parameters: {'lag_0': 0.23048023705588816, 'lag_1': 0.19537808241777954, 'lag_2': 0.9412141843083907, 'lag_3': 0.23652312130774855, 'lag_4': 0.2909829999147504, 'lag_5': 0.4002779974628292, 'lag_6': 0.04829270979176262, 'lag_7': 0.5084395782075863, 'lag_8': 0.5330864616957891, 'lag_9': 0.017580148744561874, 'lag_10': 0.07192928096397988, 'lag_11': 0.22598141084383355, 'lag_12': 0.3609576266274024, 'lag_13': 0.7118680175242574, 'lag_14': 0.519264916188801, 'lag_15': 0.5078261291263411, 'lag_16': 0.3548925591444441, 'lag_17': 0.21597215870522024, 'lag_18': 0.9938222139892666, 'lag_19': 0.29787127170033967, 'lag_20': 0.27293295062155914, 'lag_21': 0.997505646000447, 'lag_22': 0.4179413157920049, 'lag_23': 0.2622420465786812, 'lag_24': 0.0045718811002904425, 'lag_25': 0.32380515745645577, 'lag_26': 0.9834928602006577, 'lag_27': 0.3395173968155548, 'lag_28': 0.29514407603416354}. Best is trial 3 with value: 0.010145668507838254.
[I 2025-09-29 12:50:52,186] Trial 13 finished with value: 0.01407701464588151 and parameters: {'lag_0': 0.5300446051106978, 'lag_1': 0.3342178517328812, 'lag_2': 0.02032455773025582, 'lag_3': 0.5519029301910897, 'lag_4': 0.2025778685517054, 'lag_5': 0.21520858259253328, 'lag_6': 0.312870265897883, 'lag_7': 0.2669219676811926, 'lag_8': 0.3057057153464733, 'lag_9': 0.3526434191547292, 'lag_10': 0.46929843047579356, 'lag_11': 0.2462646920934158, 'lag_12': 0.16225334918350026, 'lag_13': 0.40711442294429967, 'lag_14': 0.7025544111558006, 'lag_15': 0.6581485460097298, 'lag_16': 0.6175007295567689, 'lag_17': 0.2560521993921218, 'lag_18': 0.7345170713247259, 'lag_19': 0.6359184300656764, 'lag_20': 0.5165585331072088, 'lag_21': 0.18737403708423297, 'lag_22': 0.1741778895551236, 'lag_23': 0.46878735297380547, 'lag_24': 0.5436931826284785, 'lag_25': 0.5808439175889677, 'lag_26': 0.8096756884318894, 'lag_27': 0.5234557091389956, 'lag_28': 0.1850812507259642}. Best is trial 3 with value: 0.010145668507838254.
[I 2025-09-29 12:50:54,667] Trial 14 finished with value: 0.009985654583388757 and parameters: {'lag_0': 0.22173644289099725, 'lag_1': 0.6400511090852232, 'lag_2': 0.7311131020513467, 'lag_3': 0.41194018074560224, 'lag_4': 0.4117127976672051, 'lag_5': 0.7197726246157322, 'lag_6': 0.5380888832365385, 'lag_7': 0.07820945275622021, 'lag_8': 0.2178586046527521, 'lag_9': 0.6634190182990072, 'lag_10': 0.38906207936819126, 'lag_11': 0.34489899546545455, 'lag_12': 0.6522684088339739, 'lag_13': 0.7401974654896872, 'lag_14': 0.3809046221462323, 'lag_15': 0.43054476715133183, 'lag_16': 0.21736565107700911, 'lag_17': 0.014752886414928584, 'lag_18': 0.3788631260429922, 'lag_19': 0.5757356044849464, 'lag_20': 0.14583298167441736, 'lag_21': 0.23185650275192982, 'lag_22': 0.49481419502613955, 'lag_23': 0.18389391619746237, 'lag_24': 0.3735540072448572, 'lag_25': 0.13257522084787243, 'lag_26': 0.6125765250202683, 'lag_27': 0.2422675104155308, 'lag_28': 0.9327218610092939}. Best is trial 14 with value: 0.009985654583388757.
[I 2025-09-29 12:50:57,154] Trial 15 finished with value: 0.011095243460705045 and parameters: {'lag_0': 0.15526158843401938, 'lag_1': 0.6110204653544161, 'lag_2': 0.7772673847750748, 'lag_3': 0.35322284398547427, 'lag_4': 0.4929262212075218, 'lag_5': 0.500025072407532, 'lag_6': 0.502178087187661, 'lag_7': 0.04212406249519107, 'lag_8': 0.22268281872457021, 'lag_9': 0.7028145831531307, 'lag_10': 0.16891097669791708, 'lag_11': 0.02985909629195882, 'lag_12': 0.6884187086311913, 'lag_13': 0.7441938714503892, 'lag_14': 0.39324407366282466, 'lag_15': 0.41184033377492524, 'lag_16': 0.19261960819836238, 'lag_17': 0.0029026272928054982, 'lag_18': 0.3373140656689364, 'lag_19': 0.7801354580782374, 'lag_20': 0.141195143245283, 'lag_21': 0.31958294439810325, 'lag_22': 0.80510942123094, 'lag_23': 0.430776901199378, 'lag_24': 0.41547479014102034, 'lag_25': 0.0918905826346102, 'lag_26': 0.5538403355728136, 'lag_27': 0.2284769088378531, 'lag_28': 0.9971640804603031}. Best is trial 14 with value: 0.009985654583388757.
[I 2025-09-29 12:50:59,638] Trial 16 finished with value: 0.013553224890965304 and parameters: {'lag_0': 0.20141009679119698, 'lag_1': 0.622346222428588, 'lag_2': 0.8406915261569762, 'lag_3': 0.14983476549886304, 'lag_4': 0.502140177871039, 'lag_5': 0.9909700485331457, 'lag_6': 0.1863166766778448, 'lag_7': 0.13235957896568576, 'lag_8': 0.1978284395599228, 'lag_9': 0.6839172286010421, 'lag_10': 0.3434803269468306, 'lag_11': 0.16500678882773034, 'lag_12': 0.6758715768988494, 'lag_13': 0.5244211653514013, 'lag_14': 0.9306148750849913, 'lag_15': 0.07274765737967637, 'lag_16': 0.24071537466501627, 'lag_17': 0.0880561166824529, 'lag_18': 0.32558061688258055, 'lag_19': 0.5569989015496456, 'lag_20': 0.1454585594313538, 'lag_21': 0.18988665472798566, 'lag_22': 0.4943526186414788, 'lag_23': 0.18450613449050438, 'lag_24': 0.9685314132618839, 'lag_25': 0.15689099239741527, 'lag_26': 0.6906710402397994, 'lag_27': 0.783926746646036, 'lag_28': 0.9797831284255815}. Best is trial 14 with value: 0.009985654583388757.
[I 2025-09-29 12:51:02,121] Trial 17 finished with value: 0.01268925752482152 and parameters: {'lag_0': 0.12001784298205621, 'lag_1': 0.5724483087991464, 'lag_2': 0.6340213449062064, 'lag_3': 0.44488276235631247, 'lag_4': 0.00044262561665958655, 'lag_5': 0.7205371255995775, 'lag_6': 0.36044766354280355, 'lag_7': 0.17696116621315533, 'lag_8': 0.00487632821985276, 'lag_9': 0.9212772825870132, 'lag_10': 0.1394110603592362, 'lag_11': 0.7222680604329013, 'lag_12': 0.6481413995809258, 'lag_13': 0.327842353823057, 'lag_14': 0.6367491257945551, 'lag_15': 0.40603273815502156, 'lag_16': 0.05984228678261744, 'lag_17': 0.13399675174218117, 'lag_18': 0.6473694749554992, 'lag_19': 0.869508342495732, 'lag_20': 0.14331943320839474, 'lag_21': 0.3796180961672809, 'lag_22': 0.8211642641889747, 'lag_23': 0.5943949892230398, 'lag_24': 0.6631804659535765, 'lag_25': 0.004353135785577916, 'lag_26': 0.5064342613673355, 'lag_27': 0.5184147261270067, 'lag_28': 0.7616380706686989}. Best is trial 14 with value: 0.009985654583388757.
[I 2025-09-29 12:51:04,596] Trial 18 finished with value: 0.011733096711775384 and parameters: {'lag_0': 0.32331361002746034, 'lag_1': 0.7515169972853861, 'lag_2': 0.8697576773347194, 'lag_3': 0.22077995640325915, 'lag_4': 0.47940374177187417, 'lag_5': 0.5389655137883497, 'lag_6': 0.528697697644952, 'lag_7': 0.3797841627507105, 'lag_8': 0.4350923461321825, 'lag_9': 0.6094651115640639, 'lag_10': 0.5929340556368655, 'lag_11': 0.33337181061594, 'lag_12': 0.3968579198212201, 'lag_13': 0.01749833954124036, 'lag_14': 0.45678277821658675, 'lag_15': 0.6912693969689924, 'lag_16': 0.6400550362269415, 'lag_17': 0.6157500246712073, 'lag_18': 0.385816961406673, 'lag_19': 0.2804610476829136, 'lag_20': 0.6679827337995651, 'lag_21': 0.18900810647454402, 'lag_22': 0.0034861972494836246, 'lag_23': 0.36325633113638356, 'lag_24': 0.3380786697451528, 'lag_25': 0.2528319290433411, 'lag_26': 0.7356824948619237, 'lag_27': 0.26301773274597945, 'lag_28': 0.13640684639626732}. Best is trial 14 with value: 0.009985654583388757.
