[I 2025-10-03 11:32:20,140] Trial 25 finished with values: [0.002819782306961794, 0.01183453872392998, 0.0008101835423810283, 0.0018246200715605135, 0.002209413748487348, 0.0003184694764599367, 0.001797131398852759, 0.0002614491777425538, 0.00030939840955023846, 0.00010567436364229482, 0.0001119792834511725, 0.00029061610284195945, 0.01133374297602572, 0.05875469168581389, 0.0, 0.05868062786152182, 0.0023382349801312177, 0.0033658731622712946, 0.0004271607133541134, 0.012643211960691713, 0.00021536897073286547, 0.0011045997417632523, 0.00031763037442296947, 0.00021646403343491142, 0.00015605721299733762, 0.001978326376939784, 0.0006043499832166919, 0.0016452902804095348, 0.0015062343160265445] and parameters: {'lag_0': 0.37682032469279403, 'lag_1': 0.22836672879203618, 'lag_2': 0.2650956502517186, 'lag_3': 0.23581896833747484, 'lag_4': 0.3269036764902107, 'lag_5': 0.9461435548086363, 'lag_6': 0.41989177897802743, 'lag_7': 0.384603762896252, 'lag_8': 0.8569049490736239, 'lag_9': 0.8350008634483462, 'lag_10': 0.1834621869328601, 'lag_11': 0.011682562356198441, 'lag_12': 0.29714935054015007, 'lag_13': 0.9520592183260805, 'lag_14': 0.6679498331517993, 'lag_15': 0.18560154446206503, 'lag_16': 0.9729749362736614, 'lag_17': 0.7907389847233567, 'lag_18': 0.6357556104875579, 'lag_19': 0.12936897455402357, 'lag_20': 0.2973591332467471, 'lag_21': 0.030020219661435463, 'lag_22': 0.4680811533552782, 'lag_23': 0.2830561597257264, 'lag_24': 0.5129463906777879, 'lag_25': 0.6931506152453462, 'lag_26': 0.9024361159133271, 'lag_27': 0.9018893037683985, 'lag_28': 0.9178238555741377}.
[I 2025-10-03 11:32:22,851] Trial 26 finished with values: [0.0049565344437139305, 0.0020888940562057896, 0.0006073392381114268, 0.0019731279906155586, 0.0037970598396294478, 0.000852901377663946, 0.002258667839387098, 0.0008413501468795418, 0.0003838474283166137, 0.00010732334301642279, 0.0002963501764929214, 0.0005803700330998285, 0.011052410427201755, 0.060288927258617474, 0.0, 0.05801296887990985, 0.0028294468937889597, 0.0024800998678846304, 0.000537699006323583, 0.013311365588658442, 0.00031012730041577575, 0.0008901705605657548, 0.000235436986665816, 0.0002262851462585276, 0.00011522435065293785, 0.002118994711897539, 0.0017175675682360037, 0.001489299327816415, 0.0010534997328911682] and parameters: {'lag_0': 0.391216795119298, 'lag_1': 0.4085082593043717, 'lag_2': 0.47480619875860725, 'lag_3': 0.2048923098893511, 'lag_4': 0.4663600938015701, 'lag_5': 0.6326175360694826, 'lag_6': 0.8793869874212186, 'lag_7': 0.1901117291813539, 'lag_8': 0.9865396313317705, 'lag_9': 0.6099197039721164, 'lag_10': 0.9550500428042009, 'lag_11': 0.9716761305847375, 'lag_12': 0.6647238632557572, 'lag_13': 0.7248744747638617, 'lag_14': 0.5062679983897133, 'lag_15': 0.3764146512318348, 'lag_16': 0.29307512066099567, 'lag_17': 0.149485286664623, 'lag_18': 0.09079829037464812, 'lag_19': 0.7277153070687875, 'lag_20': 0.5553774331954582, 'lag_21': 0.3710038498329016, 'lag_22': 0.5874486162614343, 'lag_23': 0.6658651239841589, 'lag_24': 0.9553243425955159, 'lag_25': 0.4841709257725082, 'lag_26': 0.05943644169567766, 'lag_27': 0.9246486851634831, 'lag_28': 0.5456691551293943}.
[I 2025-10-03 11:32:25,561] Trial 27 finished with values: [0.013444561668213017, 0.0046679918275356076, 0.0008147706165493095, 0.0006174067157136198, 0.0018505140874549263, 0.0006413885672616644, 0.0025822641292134697, 0.0009301780592687863, 4.479390986346036e-05, 0.00023007152227962746, 0.0003919757100826212, 0.0007317931326099728, 0.011463019856542692, 0.06175387011312648, 0.0, 0.06453315844202319, 0.0034419955898366923, 0.0024212445324725074, 0.000684472516854542, 0.013447433825848848, 0.00021471842859959052, 0.0009445904933887072, 0.00016738414536896298, 0.00020607637102535705, 0.00028076884520862567, 0.001734962083240181, 0.0010208123389984273, 0.0005763058261585389, 0.0013098241468851167] and parameters: {'lag_0': 0.5070887411102738, 'lag_1': 0.8190687385934033, 'lag_2': 0.12124313622782652, 'lag_3': 0.5085708236248471, 'lag_4': 0.03437231524781693, 'lag_5': 0.5725475861422002, 'lag_6': 0.5169439032806765, 'lag_7': 0.5199766257391454, 'lag_8': 0.8519165404762415, 'lag_9': 0.9878908803478298, 'lag_10': 0.3411617041766981, 'lag_11': 0.12986008360694457, 'lag_12': 0.34827413139191976, 'lag_13': 0.9246018796010423, 'lag_14': 0.5393020577106786, 'lag_15': 0.8280535501687195, 'lag_16': 0.5784581901576014, 'lag_17': 0.14843355979138492, 'lag_18': 0.45895274901724425, 'lag_19': 0.12448206547131417, 'lag_20': 0.44160400329380517, 'lag_21': 0.848926820270792, 'lag_22': 0.5748593657519923, 'lag_23': 0.39151472668039544, 'lag_24': 0.8113688235641962, 'lag_25': 0.9646132441282971, 'lag_26': 0.11718845162676797, 'lag_27': 0.5863732017218123, 'lag_28': 0.09282170968372556}.
[I 2025-10-03 11:32:28,274] Trial 28 finished with values: [0.0024179394808765435, 0.0018571835797053435, 0.005868021479329939, 0.0008183047363714986, 0.0032061239333409097, 0.0008990305927007809, 0.00087481999064983, 0.0012773762507681313, 0.0004873655722254594, 0.00022979307994990656, 0.0003131647849233588, 0.0006974086806767137, 0.011063749357854313, 0.054114208908627184, 0.0, 0.06800260021102059, 0.0030158980457511207, 0.0028530415259418692, 0.0005959471533908715, 0.012830710390675747, 0.0004583695154956026, 0.0012257263974535574, 0.00037929566969350376, 0.0001283103921080525, 0.0002040786298426553, 0.0019264751531820616, 0.001035294278259101, 0.00040484561481296457, 0.001138083462240972] and parameters: {'lag_0': 0.2466929527794533, 'lag_1': 0.2675953884665869, 'lag_2': 0.317114473223105, 'lag_3': 0.5481446304701397, 'lag_4': 0.9076484069455257, 'lag_5': 0.030256449831422845, 'lag_6': 0.3516857848386604, 'lag_7': 0.41140009134936084, 'lag_8': 0.17943283574666294, 'lag_9': 0.5031351247430341, 'lag_10': 0.16447210868007575, 'lag_11': 0.17007459172378217, 'lag_12': 0.9542535269035892, 'lag_13': 0.6166355960398676, 'lag_14': 0.49235265076054735, 'lag_15': 0.20633512062083445, 'lag_16': 0.021295102437236906, 'lag_17': 0.2905107863872614, 'lag_18': 0.4563551041960317, 'lag_19': 0.7285890551863154, 'lag_20': 0.3445241275067862, 'lag_21': 0.7966707769094128, 'lag_22': 0.6035494537825612, 'lag_23': 0.43268583358187535, 'lag_24': 0.7404847637558304, 'lag_25': 0.17825098012117158, 'lag_26': 0.08279312591129509, 'lag_27': 0.7889808870646979, 'lag_28': 0.36744218330306283}.
[I 2025-10-03 11:32:30,994] Trial 29 finished with values: [0.0037810785063532313, 0.000728987677296401, 0.0007909528079968475, 0.003707575633634763, 0.004530647063765201, 0.0010916349176544452, 0.0023592593054872794, 0.0012354223613348478, 0.0003654503070395018, 0.0002279582864155868, 0.00030100909207457564, 0.0011475519177515199, 0.010826477004121924, 0.05751608486444598, 0.0, 0.05950676579417926, 0.002625728703739499, 0.002966470054297872, 0.0004845172734068469, 0.013307255237585006, 0.00022981212436014705, 0.0010464843350157552, 0.00027055930188072384, 4.6861722228553015e-05, 4.517167769229324e-05, 0.0018998996134110637, 0.0011330073616377585, 0.0009328708715843036, 0.0024383038648930553] and parameters: {'lag_0': 0.8751465557036441, 'lag_1': 0.6224178850684705, 'lag_2': 0.1366411911371839, 'lag_3': 0.013713875359077476, 'lag_4': 0.08434162444418251, 'lag_5': 0.9879673340311285, 'lag_6': 0.7607430817531758, 'lag_7': 0.06587424155197742, 'lag_8': 0.5115127035524428, 'lag_9': 0.606899528988347, 'lag_10': 0.18469303606636617, 'lag_11': 0.6094995528232113, 'lag_12': 0.4930417725827493, 'lag_13': 0.08469998541260765, 'lag_14': 0.6292418282520564, 'lag_15': 0.45078865688784275, 'lag_16': 0.33755266562277286, 'lag_17': 0.938428365013162, 'lag_18': 0.7261475059119787, 'lag_19': 0.9199541761538378, 'lag_20': 0.5803149328296316, 'lag_21': 0.7075170251663174, 'lag_22': 0.05511482701871336, 'lag_23': 0.0438756466166417, 'lag_24': 0.7023769413785437, 'lag_25': 0.06723838298675712, 'lag_26': 0.6939987789314866, 'lag_27': 0.940330278442257, 'lag_28': 0.12100613805458121}.
[I 2025-10-03 11:32:33,723] Trial 30 finished with values: [0.0037810785063532313, 0.010766662583839993, 0.0005367536010838624, 0.003811984827359025, 0.004553152005686061, 0.0007194024147647871, 0.0037726565328827823, 0.0006871229183357631, 7.918530127751816e-05, 0.00014231606926357624, 0.0005011470795726376, 0.0007466045741556904, 0.009844748235483891, 0.06033604809562607, 0.0, 0.062052763487416354, 0.002958638665174571, 0.0029402467326475903, 0.00033933451661754985, 0.013151112152805438, 0.00026366371667980087, 0.001087166998810921, 0.0001850692820883762, 0.000183923017783137, 0.00016534994212476863, 0.0030863772038987837, 0.0008982749796566887, 0.0002594697715932038, 0.0012967520506144844] and parameters: {'lag_0': 0.14026158916217915, 'lag_1': 0.5992680784347261, 'lag_2': 0.0300824275797312, 'lag_3': 0.6688952753680988, 'lag_4': 0.9737472807264757, 'lag_5': 0.7040850309978077, 'lag_6': 0.9740947558051893, 'lag_7': 0.5368596323939556, 'lag_8': 0.41186123141936304, 'lag_9': 0.2846034192727629, 'lag_10': 0.6127510781207011, 'lag_11': 0.24620333279701495, 'lag_12': 0.12823956528236546, 'lag_13': 0.6398345760618064, 'lag_14': 0.8239732264008188, 'lag_15': 0.15884248274974655, 'lag_16': 0.7111791146785408, 'lag_17': 0.6689223493957877, 'lag_18': 0.9387735208886707, 'lag_19': 0.8080009460537069, 'lag_20': 0.8896883984825833, 'lag_21': 0.8748983662072354, 'lag_22': 0.3133456145218491, 'lag_23': 0.1220850041321978, 'lag_24': 0.29855333356993996, 'lag_25': 0.25952857090707065, 'lag_26': 0.21346563907380978, 'lag_27': 0.7416039790152513, 'lag_28': 0.633439881146861}.
[I 2025-10-03 11:32:36,445] Trial 31 finished with values: [0.02002257510499269, 0.009474739298975077, 0.0007360783908451992, 0.002505604730269884, 0.0032363976734271576, 0.00030170303169740404, 0.001691599017386618, 0.0001597808154438852, 0.00015315660384688183, 0.00010271711655533995, 0.00035361683725941204, 0.0005488845891635163, 0.011589430576622997, 0.06342972196052925, 0.0, 0.0655148153569215, 0.002648280877974357, 0.0028773974722558515, 0.0007875685482568489, 0.013564118778730904, 0.00026227197534534747, 0.0007459340548725628, 0.0001617803993511617, 8.512506520225291e-05, 0.00016762341877384277, 0.0024169276943557232, 0.0009152746782452161, 0.0008717230267318504, 0.000960083463401308] and parameters: {'lag_0': 0.5133181087188803, 'lag_1': 0.5903360756866091, 'lag_2': 0.2732491936723065, 'lag_3': 0.7931621472003344, 'lag_4': 0.2933783657686813, 'lag_5': 0.9743388922875762, 'lag_6': 0.687319626679116, 'lag_7': 0.8708656039170434, 'lag_8': 0.5429616652751666, 'lag_9': 0.8081781627347544, 'lag_10': 0.4287882274669081, 'lag_11': 0.48790632187167615, 'lag_12': 0.20300174861895898, 'lag_13': 0.6931231405860651, 'lag_14': 0.07985936257693377, 'lag_15': 0.314184493777036, 'lag_16': 0.32288641458478645, 'lag_17': 0.5293085810905102, 'lag_18': 0.35064757772891714, 'lag_19': 0.23288187935286234, 'lag_20': 0.15395027513200607, 'lag_21': 0.17938194557987427, 'lag_22': 0.1689063438860818, 'lag_23': 0.864186586748902, 'lag_24': 0.5211516791206704, 'lag_25': 0.39635480437884196, 'lag_26': 0.6564953442081368, 'lag_27': 0.7461114520829344, 'lag_28': 0.8544785333384631}.
[I 2025-10-03 11:32:39,154] Trial 32 finished with values: [0.0039490362500685505, 0.0042697928253135715, 0.0006824481854167399, 0.0017260167417242553, 0.002510618634541976, 0.0018885933747592588, 0.0012418766148151257, 0.00035839041862834476, 0.00016932340450591808, 4.981766498274046e-05, 0.00011215431063141791, 0.00020530003178947752, 0.010352611090907682, 0.05783143728975147, 0.0, 0.06133165688043376, 0.004103854179270537, 0.003001799307251792, 0.00039419235058451164, 0.01221450341176638, 0.00025776867968131233, 0.0009502556562353623, 6.678964149038681e-05, 0.0002582659317172941, 0.00019276750746372376, 0.002130029712124088, 0.0010631471006588226, 0.0008291931268781339, 0.0010942693981469253] and parameters: {'lag_0': 0.29946129785899095, 'lag_1': 0.8308268145893063, 'lag_2': 0.45542042403499533, 'lag_3': 0.45583979308975353, 'lag_4': 0.4216210372364007, 'lag_5': 0.6177738794050996, 'lag_6': 0.423815420407382, 'lag_7': 0.4582267205390284, 'lag_8': 0.33453154448373273, 'lag_9': 0.16382644198955032, 'lag_10': 0.14958878237859236, 'lag_11': 0.18969077638350582, 'lag_12': 0.1521309599433341, 'lag_13': 0.1623490894139789, 'lag_14': 0.6853595018769938, 'lag_15': 0.8625753749719911, 'lag_16': 0.21270097145121797, 'lag_17': 0.34822367016215555, 'lag_18': 0.7522434347769146, 'lag_19': 0.5949251540653074, 'lag_20': 0.2388994896912328, 'lag_21': 0.3651470221762129, 'lag_22': 0.1271307170003932, 'lag_23': 0.5574707888965067, 'lag_24': 0.7363443493769567, 'lag_25': 0.10214268537168485, 'lag_26': 0.11808109134360549, 'lag_27': 0.5068020021049107, 'lag_28': 0.37042520196273054}.
[I 2025-10-03 11:32:41,871] Trial 33 finished with values: [0.019165693890968612, 0.0014760662374386417, 0.0008893545404691408, 0.000615220675759902, 0.0018475031970391826, 0.0012329568490610596, 0.0031562962296925456, 0.0006658923973508129, 0.00030040048448173293, 0.00011221249298343155, 6.681462046304718e-05, 0.0004734547145531489, 0.011823272155033562, 0.057116246186109096, 0.0, 0.06480206982318014, 0.0030374144219084726, 0.002447599892213396, 0.0006720577882163259, 0.012231584650534161, 0.0003620368532532865, 0.0010232301680195067, 0.00040314213900667796, 0.00025497867750638037, 0.0001870969913772977, 0.002417408824911148, 0.0016918996048067812, 0.0005141230774109776, 0.0003977589275257189] and parameters: {'lag_0': 0.8608791686325802, 'lag_1': 0.4021208704419119, 'lag_2': 0.8664273251153064, 'lag_3': 0.502718853006146, 'lag_4': 0.416050588522817, 'lag_5': 0.9854373940999839, 'lag_6': 0.6157570715479592, 'lag_7': 0.45662359891198057, 'lag_8': 0.7764525964249801, 'lag_9': 0.8640324940163469, 'lag_10': 0.30038872070703687, 'lag_11': 0.41791197427538807, 'lag_12': 0.6912559185504771, 'lag_13': 0.747570008788345, 'lag_14': 0.7289027747588069, 'lag_15': 0.2502414638872928, 'lag_16': 0.14086735537415948, 'lag_17': 0.012116781413844455, 'lag_18': 0.4363337625853238, 'lag_19': 0.7060049595745217, 'lag_20': 0.5505849394706782, 'lag_21': 0.21419873797627637, 'lag_22': 0.5947764452041348, 'lag_23': 0.6282996595277521, 'lag_24': 0.17971399019180964, 'lag_25': 0.9712268142363072, 'lag_26': 0.7612717010864478, 'lag_27': 0.4275997429671067, 'lag_28': 0.43166652425683916}.
[I 2025-10-03 11:32:44,695] Trial 34 finished with values: [0.008664036817882973, 0.0015782661331530349, 0.001959287307109523, 0.00038233030046127636, 0.0034741940224438947, 0.0009537460347337675, 0.0024054406843440563, 0.0007404084834612848, 0.0001955143411841438, 0.0003324529764660807, 0.00039292211639002, 0.00019397651902265954, 0.010246883565747423, 0.055726149312035664, 0.0, 0.057152695466796154, 0.0017117480456841996, 0.0027150005950827526, 0.0004862601002385604, 0.012832274140442312, 0.00020968378554604285, 0.0010071232044391314, 0.00025069450544705426, 0.0003067398269616081, 0.0001363572270794014, 0.0020850454825614905, 0.0006489725236195923, 0.001382203931569579, 0.000543089868440677] and parameters: {'lag_0': 0.8453424800577385, 'lag_1': 0.9453649041131299, 'lag_2': 0.605236966580496, 'lag_3': 0.38188528436179636, 'lag_4': 0.552788719094214, 'lag_5': 0.774229487438432, 'lag_6': 0.9342694694537835, 'lag_7': 0.7349145007177827, 'lag_8': 0.6394206916409567, 'lag_9': 0.8246383442745843, 'lag_10': 0.6831251486338397, 'lag_11': 0.20693531574580873, 'lag_12': 0.8233839214090217, 'lag_13': 0.40463962422508815, 'lag_14': 0.44929021257152857, 'lag_15': 0.6162548036250696, 'lag_16': 0.6334298600258707, 'lag_17': 0.38808244790268603, 'lag_18': 0.9011962694475608, 'lag_19': 0.5172486413501949, 'lag_20': 0.037608947091607114, 'lag_21': 0.5289344937873136, 'lag_22': 0.3328499435317413, 'lag_23': 0.7624034548125421, 'lag_24': 0.06698939534859924, 'lag_25': 0.4948856672251897, 'lag_26': 0.4777084795592897, 'lag_27': 0.7254991303203289, 'lag_28': 0.8902422255810668}.
[I 2025-10-03 11:32:47,415] Trial 35 finished with values: [0.003280277224301949, 0.003024935252610641, 0.000489524323570828, 0.0016721747023424709, 0.005416253536589222, 0.0003116408681410614, 0.004358476952824711, 0.0011898920990967281, 0.00010213875927530317, 9.344316888525908e-05, 0.00022159343823612305, 0.0007385148700343188, 0.008797957915358845, 0.061428213833664945, 0.0, 0.05939858538815357, 0.0024565825817568854, 0.0034910511048192377, 0.0005181176146383838, 0.013184760119559083, 0.00017190115914215797, 0.001171946368037327, 0.00017466534490553063, 0.00012245665276982537, 0.0001771218694781315, 0.0019396082612850225, 0.000783582114303945, 0.0008973866856191497, 0.00033146602233951786] and parameters: {'lag_0': 0.2648420657786505, 'lag_1': 0.5442693537069996, 'lag_2': 0.7313958160735242, 'lag_3': 0.5856551169776825, 'lag_4': 0.07202759599634581, 'lag_5': 0.3046149217571508, 'lag_6': 0.8291039871378805, 'lag_7': 0.700277436108902, 'lag_8': 0.9925526584809127, 'lag_9': 0.9946558120343705, 'lag_10': 0.21091125887529832, 'lag_11': 0.32717187764211, 'lag_12': 0.2602247609025366, 'lag_13': 0.4710041576255067, 'lag_14': 0.1685877318746813, 'lag_15': 0.17423832908206557, 'lag_16': 0.08990631119778124, 'lag_17': 0.3818235960262355, 'lag_18': 0.7449224801292447, 'lag_19': 0.08326406712475405, 'lag_20': 0.050126800956386136, 'lag_21': 0.16460051837247358, 'lag_22': 0.3328394916753035, 'lag_23': 0.14586865811708208, 'lag_24': 0.13752539615431908, 'lag_25': 0.15937577807293146, 'lag_26': 0.9933418825886925, 'lag_27': 0.9406167125466854, 'lag_28': 0.5114721338900226}.
[I 2025-10-03 11:32:50,123] Trial 36 finished with values: [0.006268567707129145, 0.00245950868565407, 0.0010052189439340993, 0.002309938179164482, 0.004735584680705321, 0.000162713143529237, 0.00207936728154071, 0.001223483164087687, 0.0008690596262048907, 0.0004336073290519927, 4.582216933032215e-05, 0.00036430532967150504, 0.009407075631073285, 0.05947148398863651, 0.0, 0.06544384971790891, 0.0028732948550134916, 0.003406807836581125, 0.00022552982656680776, 0.013403330158563143, 0.000329300790036849, 0.0009305034302127347, 0.00036840382055812465, 0.00024710166360450143, 0.0001718582889218947, 0.0019405053255347443, 0.0009592471362994071, 0.0004824021101429494, 0.0015791597286642155] and parameters: {'lag_0': 0.2092874861613439, 'lag_1': 0.04871103176113913, 'lag_2': 0.26273174252201187, 'lag_3': 0.4612778308423721, 'lag_4': 0.14237427760252014, 'lag_5': 0.7191772402748913, 'lag_6': 0.2670154703013485, 'lag_7': 0.8262296657534479, 'lag_8': 0.26213471679705147, 'lag_9': 0.012617504394396807, 'lag_10': 0.14467053700656105, 'lag_11': 0.7638480246022774, 'lag_12': 0.6223691993544406, 'lag_13': 0.25657995214256357, 'lag_14': 0.08587212781947559, 'lag_15': 0.06462281554627945, 'lag_16': 0.2543213001983599, 'lag_17': 0.6966692870042006, 'lag_18': 0.8882499646150913, 'lag_19': 0.017377789663786038, 'lag_20': 0.90390465061038, 'lag_21': 0.8455995493317304, 'lag_22': 0.4800088027195738, 'lag_23': 0.21056200592120772, 'lag_24': 0.0948959894483716, 'lag_25': 0.11389047397509242, 'lag_26': 0.15386535427313205, 'lag_27': 0.9691115192828025, 'lag_28': 0.0320546638354855}.
[I 2025-10-03 11:32:52,845] Trial 37 finished with values: [0.0037810785063532313, 0.0016113004791747311, 0.0010225789893235, 0.0010898115535132604, 0.00440300400000568, 0.0029853503868825814, 0.0016369115881037343, 0.0003164289785471635, 0.00029625599203221, 7.075330513169997e-05, 0.0005372840754184591, 0.00024431638382874457, 0.010475844146296747, 0.056596204625210075, 0.0, 0.06485156197158955, 0.0028330467363415087, 0.0023921340276808834, 0.0005383205998842611, 0.013153649967428783, 0.0005078869176148293, 0.0009841180619972025, 0.0002138352331749669, 0.00013288044483516582, 0.00043732660004587934, 0.0018919764592824355, 0.0014547030534213569, 0.0015532956538704336, 0.002411579030787981] and parameters: {'lag_0': 0.009786922078502461, 'lag_1': 0.39868812582649277, 'lag_2': 0.1636665404991198, 'lag_3': 0.18476941955597498, 'lag_4': 0.9316348303863459, 'lag_5': 0.879102757508354, 'lag_6': 0.9648089517479609, 'lag_7': 0.15105291002281948, 'lag_8': 0.9955414195659903, 'lag_9': 0.6551620920651179, 'lag_10': 0.8837134584512081, 'lag_11': 0.6894640163839924, 'lag_12': 0.7532845499984953, 'lag_13': 0.3982883734419757, 'lag_14': 0.6947249410817271, 'lag_15': 0.0635374154045395, 'lag_16': 0.3574955829237902, 'lag_17': 0.311452613059818, 'lag_18': 0.4575917167157919, 'lag_19': 0.987712760620381, 'lag_20': 0.8683503982960241, 'lag_21': 0.5430236306823545, 'lag_22': 0.2899068340014055, 'lag_23': 0.578226978334569, 'lag_24': 0.42812235443306607, 'lag_25': 0.7198846033825512, 'lag_26': 0.9282479762542787, 'lag_27': 0.4932879137603353, 'lag_28': 0.6595824967107601}.
