[I 2025-09-29 12:52:47,032] Trial 61 finished with value: 0.0028483307153908477 and parameters: {'lag_0': 0.05053594040769627, 'lag_1': 0.7272132337528473, 'lag_2': 0.1481422302046277, 'lag_3': 0.1936911454056743, 'lag_4': 0.46485656999302094, 'lag_5': 0.5981398982517557, 'lag_6': 0.25749125542340834, 'lag_7': 0.3921035055773523, 'lag_8': 0.5529226046519328, 'lag_9': 0.5926993646832839, 'lag_10': 0.3879664101251342, 'lag_11': 0.5340204051762185, 'lag_12': 0.3710651484353727, 'lag_13': 0.96519963156945, 'lag_14': 0.41161474829641403, 'lag_15': 0.031372713779883044, 'lag_16': 0.11579180132780761, 'lag_17': 0.5155278991538708, 'lag_18': 0.07516156265024374, 'lag_19': 0.03245915111119749, 'lag_20': 0.4256287353491986, 'lag_21': 0.9914868509257914, 'lag_22': 0.47889634485812255, 'lag_23': 0.0409066855718494, 'lag_24': 0.7288080953943505, 'lag_25': 0.47461985125155515, 'lag_26': 0.7530664548507292, 'lag_27': 0.5739461512012484, 'lag_28': 0.18132055349817774}. Best is trial 19 with value: 0.0021166910877357366.
[I 2025-09-29 12:52:49,450] Trial 62 finished with value: 0.0025988840631918616 and parameters: {'lag_0': 0.1531891655468169, 'lag_1': 0.7971678667517723, 'lag_2': 0.2469687818303021, 'lag_3': 0.17567790142493708, 'lag_4': 0.8168852043978965, 'lag_5': 0.5800332272388679, 'lag_6': 0.13749156364106924, 'lag_7': 0.37914477855058565, 'lag_8': 0.6608420082390803, 'lag_9': 0.8376520336662431, 'lag_10': 0.2869426412994246, 'lag_11': 0.4196690480102366, 'lag_12': 0.5071743053773362, 'lag_13': 0.8716619556355736, 'lag_14': 0.4831006700028246, 'lag_15': 0.07474387041877584, 'lag_16': 0.03692205125030495, 'lag_17': 0.5559389160384254, 'lag_18': 0.20054107368895663, 'lag_19': 0.1040360962364638, 'lag_20': 0.486649459953113, 'lag_21': 0.9999254114242025, 'lag_22': 0.3258675220294444, 'lag_23': 0.1070230903192856, 'lag_24': 0.5490189444097707, 'lag_25': 0.43399118504694767, 'lag_26': 0.5443761802873751, 'lag_27': 0.7449696604558989, 'lag_28': 0.22176038928382363}. Best is trial 19 with value: 0.0021166910877357366.
[I 2025-09-29 12:52:51,875] Trial 63 finished with value: 0.002603107023910834 and parameters: {'lag_0': 0.08059858152264064, 'lag_1': 0.8436458820223997, 'lag_2': 0.04706523157762594, 'lag_3': 0.09129556751798783, 'lag_4': 0.2504103412563956, 'lag_5': 0.5010935694346591, 'lag_6': 0.22462205611956576, 'lag_7': 0.4890232785350906, 'lag_8': 0.7457232894778218, 'lag_9': 0.7180202184172775, 'lag_10': 0.45354011864309224, 'lag_11': 0.39320809956984104, 'lag_12': 0.2801998723430522, 'lag_13': 0.5229618269869314, 'lag_14': 0.3436526580291036, 'lag_15': 0.09649231320487059, 'lag_16': 0.19075458076477264, 'lag_17': 0.6401548166240139, 'lag_18': 0.2562676489886411, 'lag_19': 0.04361822671220668, 'lag_20': 0.31730839800139365, 'lag_21': 0.9253085862888206, 'lag_22': 0.40499701653403974, 'lag_23': 0.0411501715064522, 'lag_24': 0.6921721116700525, 'lag_25': 0.5194403701406531, 'lag_26': 0.7901807061799773, 'lag_27': 0.8648902840033574, 'lag_28': 0.059053320541552906}. Best is trial 19 with value: 0.0021166910877357366.
[I 2025-09-29 12:52:54,300] Trial 64 finished with value: 0.002503270211132262 and parameters: {'lag_0': 0.2559243669651503, 'lag_1': 0.5261372672971018, 'lag_2': 0.7178079231994164, 'lag_3': 0.030197508470353882, 'lag_4': 0.6984251329883417, 'lag_5': 0.5582856967431432, 'lag_6': 0.3239301929355709, 'lag_7': 0.33366995398890886, 'lag_8': 0.6086360671648824, 'lag_9': 0.49968282464562364, 'lag_10': 0.2560978839214557, 'lag_11': 0.33550587288502787, 'lag_12': 0.8204010866666602, 'lag_13': 0.00011641814254678695, 'lag_14': 0.42291830964530697, 'lag_15': 0.17655009536535998, 'lag_16': 0.1415783748419681, 'lag_17': 0.6840573585419532, 'lag_18': 0.030256387322674633, 'lag_19': 0.14435072097149174, 'lag_20': 0.08127275050409775, 'lag_21': 0.9490984863856373, 'lag_22': 0.5549343375821748, 'lag_23': 0.3675043700087668, 'lag_24': 0.5768358104106698, 'lag_25': 0.2420547116208302, 'lag_26': 0.7352184798079296, 'lag_27': 0.6207488796596785, 'lag_28': 0.14216024438156494}. Best is trial 19 with value: 0.0021166910877357366.
[I 2025-09-29 12:52:56,726] Trial 65 finished with value: 0.0025214852606702315 and parameters: {'lag_0': 0.13752680286434732, 'lag_1': 0.757077745924589, 'lag_2': 0.38741083794682085, 'lag_3': 0.2166010979781825, 'lag_4': 0.5947658836525411, 'lag_5': 0.6497656689965474, 'lag_6': 0.26851779332398773, 'lag_7': 0.458427177481555, 'lag_8': 0.8317994480080465, 'lag_9': 0.9259234850366862, 'lag_10': 0.1785744704340977, 'lag_11': 0.4517206556002006, 'lag_12': 0.08523648926626387, 'lag_13': 0.9267596658642734, 'lag_14': 0.5986763991749469, 'lag_15': 0.0390285159077836, 'lag_16': 0.07346417535649283, 'lag_17': 0.4431716486753518, 'lag_18': 0.1459422121668437, 'lag_19': 0.07859578302597177, 'lag_20': 0.3600462317262313, 'lag_21': 0.9699471874660271, 'lag_22': 0.4654430448983607, 'lag_23': 0.7474751030974913, 'lag_24': 0.408309574811228, 'lag_25': 0.6108177443846178, 'lag_26': 0.9314747940284577, 'lag_27': 0.552215268801601, 'lag_28': 0.18978337019873326}. Best is trial 19 with value: 0.0021166910877357366.
[I 2025-09-29 12:52:59,152] Trial 66 finished with value: 0.0023149565360157326 and parameters: {'lag_0': 0.019738647798690365, 'lag_1': 0.7038068559498062, 'lag_2': 0.31895841634851485, 'lag_3': 0.13280933855329, 'lag_4': 0.9009904957082814, 'lag_5': 0.02899673534548658, 'lag_6': 0.41736971607147044, 'lag_7': 0.281753181565282, 'lag_8': 0.4262814021693504, 'lag_9': 0.6755281589424127, 'lag_10': 0.8731987558309191, 'lag_11': 0.27597789645592985, 'lag_12': 0.6162254813566697, 'lag_13': 0.7623242589437186, 'lag_14': 0.22023651733129118, 'lag_15': 0.22365058910641294, 'lag_16': 0.2817124676417131, 'lag_17': 0.6153174752291104, 'lag_18': 0.11402996256744596, 'lag_19': 0.25329358889887044, 'lag_20': 0.17678240470708523, 'lag_21': 0.9010843630726516, 'lag_22': 0.5879648530430217, 'lag_23': 0.9354597601811023, 'lag_24': 0.6441841697622279, 'lag_25': 0.1627202261992356, 'lag_26': 0.6440838550915025, 'lag_27': 0.5176994994210241, 'lag_28': 0.5849669639791678}. Best is trial 19 with value: 0.0021166910877357366.
[I 2025-09-29 12:53:01,571] Trial 67 finished with value: 0.0027252998086523166 and parameters: {'lag_0': 0.09820883572968897, 'lag_1': 0.6127481513601232, 'lag_2': 0.4263139438432543, 'lag_3': 0.08228617188680584, 'lag_4': 0.5367696272952878, 'lag_5': 0.4576353337044298, 'lag_6': 0.9557484105073695, 'lag_7': 0.4160129719562995, 'lag_8': 0.8872939734665345, 'lag_9': 0.5535358441714001, 'lag_10': 0.8003847262999095, 'lag_11': 0.026556145431474207, 'lag_12': 0.9837710440079398, 'lag_13': 0.9650670323082038, 'lag_14': 0.5093150553492225, 'lag_15': 0.6475016578848185, 'lag_16': 0.005537000639269657, 'lag_17': 0.38982422140009243, 'lag_18': 0.3525035509909297, 'lag_19': 0.11126306463155, 'lag_20': 0.13813400084984886, 'lag_21': 0.8563636478411096, 'lag_22': 0.3427245257857077, 'lag_23': 0.4063006224950468, 'lag_24': 0.5193607627561156, 'lag_25': 0.05315189041007021, 'lag_26': 0.8693263048833111, 'lag_27': 0.7177249670105849, 'lag_28': 0.9944928513181397}. Best is trial 19 with value: 0.0021166910877357366.
[I 2025-09-29 12:53:04,004] Trial 68 finished with value: 0.0025203314526570605 and parameters: {'lag_0': 0.3889890582089166, 'lag_1': 0.940469467276906, 'lag_2': 0.08350080344410865, 'lag_3': 0.40994526616776916, 'lag_4': 0.9759883227000029, 'lag_5': 0.6075744307691578, 'lag_6': 0.8775077234825477, 'lag_7': 0.13344447248486666, 'lag_8': 0.6907646924617373, 'lag_9': 0.43991036432562136, 'lag_10': 0.9108228823976411, 'lag_11': 0.5493285635136242, 'lag_12': 0.5296785443080023, 'lag_13': 0.8801698729550609, 'lag_14': 0.965210180187077, 'lag_15': 0.11133125033313376, 'lag_16': 0.03802043448935163, 'lag_17': 0.5694827579878786, 'lag_18': 0.06564225992966477, 'lag_19': 0.9475802795990986, 'lag_20': 0.3880079161818419, 'lag_21': 0.7675950060150569, 'lag_22': 0.5003337074826659, 'lag_23': 0.48689771394535586, 'lag_24': 0.8442592340839352, 'lag_25': 0.9877549692591698, 'lag_26': 0.9711653152289451, 'lag_27': 0.6688687563347142, 'lag_28': 0.11326524682916038}. Best is trial 19 with value: 0.0021166910877357366.
[I 2025-09-29 12:53:06,433] Trial 69 finished with value: 0.0024622655903601487 and parameters: {'lag_0': 0.2798785473801679, 'lag_1': 0.8665483586378274, 'lag_2': 0.8122707039602868, 'lag_3': 0.03217550298308851, 'lag_4': 0.7484788879196306, 'lag_5': 0.5116550874547333, 'lag_6': 0.10039930247179812, 'lag_7': 0.5396983205944035, 'lag_8': 0.9752046377827932, 'lag_9': 0.3455136744344004, 'lag_10': 0.4866263263532008, 'lag_11': 0.1791649597589943, 'lag_12': 0.9259619822918284, 'lag_13': 0.4476806489700691, 'lag_14': 0.2673120884901354, 'lag_15': 0.4192204708375253, 'lag_16': 0.0916283498910927, 'lag_17': 0.7358741655974947, 'lag_18': 0.21406091941563013, 'lag_19': 0.21056157807991027, 'lag_20': 0.5867730230319175, 'lag_21': 0.8175443636925335, 'lag_22': 0.44010603780748164, 'lag_23': 0.22619943315604615, 'lag_24': 0.7544270706967711, 'lag_25': 0.35740621813029194, 'lag_26': 0.9044040559236315, 'lag_27': 0.7664933038306269, 'lag_28': 0.9351399189973925}. Best is trial 19 with value: 0.0021166910877357366.
[I 2025-09-29 12:53:08,860] Trial 70 finished with value: 0.0028225000131429884 and parameters: {'lag_0': 0.3135723759121412, 'lag_1': 0.6763702487603888, 'lag_2': 0.6140075542247614, 'lag_3': 0.8624569243720849, 'lag_4': 0.4359269964182557, 'lag_5': 0.8179476402410608, 'lag_6': 0.8063541722250411, 'lag_7': 0.20679182301613264, 'lag_8': 0.7843188686422295, 'lag_9': 0.745447503828336, 'lag_10': 0.3156878875894605, 'lag_11': 0.35264144440071205, 'lag_12': 0.8548948987626326, 'lag_13': 0.9182702374401077, 'lag_14': 0.4472165308159799, 'lag_15': 0.28123243963775996, 'lag_16': 0.16939123508117482, 'lag_17': 0.861167540617263, 'lag_18': 0.28531069173409807, 'lag_19': 0.16696782082755898, 'lag_20': 0.21253703059752946, 'lag_21': 0.9651346020477767, 'lag_22': 0.8235875395089612, 'lag_23': 0.5501894291735289, 'lag_24': 0.9068820033347804, 'lag_25': 0.5035146346191032, 'lag_26': 0.7017722071195612, 'lag_27': 0.45385788336435273, 'lag_28': 0.038897973311523844}. Best is trial 19 with value: 0.0021166910877357366.
[I 2025-09-29 12:53:11,276] Trial 71 finished with value: 0.002337253681938237 and parameters: {'lag_0': 0.24402525335800276, 'lag_1': 0.6252563130056963, 'lag_2': 0.22322398624236398, 'lag_3': 0.025541041194002953, 'lag_4': 0.8186764114738684, 'lag_5': 0.7565275232546441, 'lag_6': 0.8429721960112518, 'lag_7': 0.17862623768766173, 'lag_8': 0.9134846559965661, 'lag_9': 0.26312385132826327, 'lag_10': 0.7146132569075023, 'lag_11': 0.09153151456488051, 'lag_12': 0.44602613060918517, 'lag_13': 0.9810965170963211, 'lag_14': 0.1155773982626902, 'lag_15': 0.15135554509419055, 'lag_16': 0.12339387181206254, 'lag_17': 0.3239181336240582, 'lag_18': 0.016413678526900507, 'lag_19': 0.036434478432503886, 'lag_20': 0.1056966701043103, 'lag_21': 0.024813279084540046, 'lag_22': 0.8925863009299307, 'lag_23': 0.8748316152528695, 'lag_24': 0.9935325170432495, 'lag_25': 0.5563183102838765, 'lag_26': 0.7715107185426364, 'lag_27': 0.3895886319802961, 'lag_28': 0.29042271620433047}. Best is trial 19 with value: 0.0021166910877357366.
[I 2025-09-29 12:53:13,698] Trial 72 finished with value: 0.002229380450158515 and parameters: {'lag_0': 0.21657397524775743, 'lag_1': 0.5633496231598243, 'lag_2': 0.17506190124716212, 'lag_3': 0.00496461495442093, 'lag_4': 0.6653259130886625, 'lag_5': 0.684129848383408, 'lag_6': 0.9993602154229013, 'lag_7': 0.2525556848596907, 'lag_8': 0.8402704613538353, 'lag_9': 0.3755840523677252, 'lag_10': 0.9620714555022964, 'lag_11': 0.03878486052881458, 'lag_12': 0.5446316702261871, 'lag_13': 0.8145614361401249, 'lag_14': 0.1729657044517555, 'lag_15': 0.001801147183584588, 'lag_16': 0.06274298352503441, 'lag_17': 0.37158854148110915, 'lag_18': 0.05466179190916049, 'lag_19': 0.06945054793149408, 'lag_20': 0.25471170010425553, 'lag_21': 0.05943417234265658, 'lag_22': 0.38624155318395237, 'lag_23': 0.7460258166707638, 'lag_24': 0.7995066678911221, 'lag_25': 0.48419649876063114, 'lag_26': 0.8270107178328678, 'lag_27': 0.47928475775970975, 'lag_28': 0.09562519175132392}. Best is trial 19 with value: 0.0021166910877357366.
[I 2025-09-29 12:53:16,114] Trial 73 finished with value: 0.0026896068409642997 and parameters: {'lag_0': 0.1995803388773344, 'lag_1': 0.5723685181028557, 'lag_2': 0.16602205575348183, 'lag_3': 0.06557828452709111, 'lag_4': 0.4869326525869249, 'lag_5': 0.6805278639624402, 'lag_6': 0.9987609066628675, 'lag_7': 0.254541447233338, 'lag_8': 0.8335105107398894, 'lag_9': 0.38226894364548614, 'lag_10': 0.9680663587483023, 'lag_11': 0.021466484947468504, 'lag_12': 0.4896912579202793, 'lag_13': 0.8501451152385642, 'lag_14': 0.1500649088706099, 'lag_15': 0.0009751667473037184, 'lag_16': 0.06071452970482227, 'lag_17': 0.23318163572020337, 'lag_18': 0.04880499545737571, 'lag_19': 0.07099236499554795, 'lag_20': 0.2560739634263101, 'lag_21': 0.10837118118605782, 'lag_22': 0.39876635784465286, 'lag_23': 0.7365391020774835, 'lag_24': 0.7887454851924461, 'lag_25': 0.281937901717601, 'lag_26': 0.8339885303380291, 'lag_27': 0.4786484559312043, 'lag_28': 0.062130159459051204}. Best is trial 19 with value: 0.0021166910877357366.
[I 2025-09-29 12:53:18,544] Trial 74 finished with value: 0.002432938711598369 and parameters: {'lag_0': 0.3604707817781967, 'lag_1': 0.7721630927740555, 'lag_2': 0.03508615708936978, 'lag_3': 0.0032095812029231396, 'lag_4': 0.63710164252653, 'lag_5': 0.557078677141318, 'lag_6': 0.9383445145586214, 'lag_7': 0.2986673832114141, 'lag_8': 0.8617998795932782, 'lag_9': 0.4331676185129557, 'lag_10': 0.9430650348252201, 'lag_11': 0.06436171068591631, 'lag_12': 0.5621497515115734, 'lag_13': 0.8927288388956726, 'lag_14': 0.17974277997848445, 'lag_15': 0.028620399497030623, 'lag_16': 0.035347759035564474, 'lag_17': 0.36592615410343593, 'lag_18': 0.08863715522358598, 'lag_19': 0.0033835043248739566, 'lag_20': 0.31933106191270527, 'lag_21': 0.21675006360603774, 'lag_22': 0.2999751933602035, 'lag_23': 0.8315942104966836, 'lag_24': 0.8318754289416167, 'lag_25': 0.45525192796891983, 'lag_26': 0.8101832753443557, 'lag_27': 0.6024618724653272, 'lag_28': 0.09609954911080051}. Best is trial 19 with value: 0.0021166910877357366.
[I 2025-09-29 12:53:20,970] Trial 75 finished with value: 0.0028187570469353556 and parameters: {'lag_0': 0.003671992008465519, 'lag_1': 0.5268984268431744, 'lag_2': 0.1235272282695895, 'lag_3': 0.16520824892858238, 'lag_4': 0.6623421866580705, 'lag_5': 0.7281602264351994, 'lag_6': 0.8958992048830408, 'lag_7': 0.34616332513762677, 'lag_8': 0.7151251159293225, 'lag_9': 0.23274717017759444, 'lag_10': 0.9940189119855849, 'lag_11': 0.001022927026278625, 'lag_12': 0.6468663132119052, 'lag_13': 0.8395863066884116, 'lag_14': 0.05671405017664227, 'lag_15': 0.07072799470256416, 'lag_16': 0.11515762189469206, 'lag_17': 0.45066671965977745, 'lag_18': 0.15417137276276344, 'lag_19': 0.10222445789086533, 'lag_20': 0.29621601783588636, 'lag_21': 0.6507688927307176, 'lag_22': 0.35746657827310724, 'lag_23': 0.1752178743083908, 'lag_24': 0.608347238081631, 'lag_25': 0.40950895629140716, 'lag_26': 0.8622496870334321, 'lag_27': 0.5627228234938075, 'lag_28': 0.15635718229972287}. Best is trial 19 with value: 0.0021166910877357366.
[I 2025-09-29 12:53:23,398] Trial 76 finished with value: 0.002549908520206949 and parameters: {'lag_0': 0.2096078454526321, 'lag_1': 0.4377245424689551, 'lag_2': 0.1887443992466767, 'lag_3': 0.10386186677155296, 'lag_4': 0.6978691239585112, 'lag_5': 0.6574466334643052, 'lag_6': 0.9644698732572872, 'lag_7': 0.22749969872656686, 'lag_8': 0.7950738495887157, 'lag_9': 0.4812088545013548, 'lag_10': 0.37480902510616443, 'lag_11': 0.6164978982383574, 'lag_12': 0.7190944826205047, 'lag_13': 0.8161595157926261, 'lag_14': 0.3961986612159743, 'lag_15': 0.20579664434869122, 'lag_16': 0.07175082186632488, 'lag_17': 0.7858685630955091, 'lag_18': 0.9019134816128698, 'lag_19': 0.38396159136392144, 'lag_20': 0.13433233620832002, 'lag_21': 0.9188651116052053, 'lag_22': 0.4422716092179545, 'lag_23': 0.0024422015460678625, 'lag_24': 0.7668214248088369, 'lag_25': 0.4979396444091847, 'lag_26': 0.9339914808150619, 'lag_27': 0.523982424113085, 'lag_28': 0.6719892087497737}. Best is trial 19 with value: 0.0021166910877357366.
[I 2025-09-29 12:53:25,820] Trial 77 finished with value: 0.0024239281047661867 and parameters: {'lag_0': 0.32989140627516694, 'lag_1': 0.47229892469810686, 'lag_2': 0.2506187209848759, 'lag_3': 0.120327055428014, 'lag_4': 0.7554848145218943, 'lag_5': 0.6149575812153277, 'lag_6': 0.18359359409844853, 'lag_7': 0.3771731625760917, 'lag_8': 0.9394057944248958, 'lag_9': 0.18597616939216532, 'lag_10': 0.8410188971291871, 'lag_11': 0.14745211547951448, 'lag_12': 0.6767746194548032, 'lag_13': 0.9978238871697623, 'lag_14': 0.25431826141089586, 'lag_15': 0.05446631201671959, 'lag_16': 0.3882939529252323, 'lag_17': 0.41093419046764545, 'lag_18': 0.05841578883432666, 'lag_19': 0.43934083251762246, 'lag_20': 0.19500867513097958, 'lag_21': 0.22485328963615592, 'lag_22': 0.5069917937570455, 'lag_23': 0.6973903029669632, 'lag_24': 0.6780233665339427, 'lag_25': 0.585358369344226, 'lag_26': 0.610034506468499, 'lag_27': 0.34026380492355657, 'lag_28': 0.02656255390283617}. Best is trial 19 with value: 0.0021166910877357366.
[I 2025-09-29 12:53:28,239] Trial 78 finished with value: 0.002669443456612909 and parameters: {'lag_0': 0.1582376892027617, 'lag_1': 0.37466831684271595, 'lag_2': 0.0907761181930442, 'lag_3': 0.24637403199856683, 'lag_4': 0.5792667816115216, 'lag_5': 0.7752611859818364, 'lag_6': 0.9167345435375569, 'lag_7': 0.44682413489086414, 'lag_8': 0.5294567053253068, 'lag_9': 0.2974156923255973, 'lag_10': 0.9046510263065439, 'lag_11': 0.5109186845709082, 'lag_12': 0.39301078775939824, 'lag_13': 0.7575187093840734, 'lag_14': 0.29349103374480345, 'lag_15': 0.1181066056493297, 'lag_16': 0.1472378931529118, 'lag_17': 0.5054640092040562, 'lag_18': 0.0017273866845660625, 'lag_19': 0.3023962942199493, 'lag_20': 0.08096311818053338, 'lag_21': 0.8913376840625108, 'lag_22': 0.6504627986577397, 'lag_23': 0.6037065749228805, 'lag_24': 0.8850197830388699, 'lag_25': 0.632775003917585, 'lag_26': 0.7914961780882562, 'lag_27': 0.6464208273464843, 'lag_28': 0.2012789467635497}. Best is trial 19 with value: 0.0021166910877357366.
[I 2025-09-29 12:53:30,659] Trial 79 finished with value: 0.0025435211810640747 and parameters: {'lag_0': 0.26811384614473033, 'lag_1': 0.5576587282492628, 'lag_2': 0.5749194319363357, 'lag_3': 0.057532420232178416, 'lag_4': 0.39511976876805166, 'lag_5': 0.17322978402474, 'lag_6': 0.9827679294508569, 'lag_7': 0.3231013977297783, 'lag_8': 0.6238326697605469, 'lag_9': 0.36388562003378566, 'lag_10': 0.43281381949571, 'lag_11': 0.04461270159153957, 'lag_12': 0.5339042741517489, 'lag_13': 0.7925487181714469, 'lag_14': 0.09236970530501752, 'lag_15': 0.16381587131161435, 'lag_16': 0.001748708495074948, 'lag_17': 0.6987916469744316, 'lag_18': 0.11956576713407706, 'lag_19': 0.13608061136541538, 'lag_20': 0.4794842894265987, 'lag_21': 0.9635131829113794, 'lag_22': 0.23473146132236913, 'lag_23': 0.6507330304910287, 'lag_24': 0.9368041374417859, 'lag_25': 0.47719519864829385, 'lag_26': 0.8999539628596787, 'lag_27': 0.41806767786725535, 'lag_28': 0.09942844386872784}. Best is trial 19 with value: 0.0021166910877357366.
[I 2025-09-29 12:53:33,206] Trial 80 finished with value: 0.0026064580747850396 and parameters: {'lag_0': 0.5152736478540278, 'lag_1': 0.8275650982401701, 'lag_2': 0.4949630502848301, 'lag_3': 0.1984245108187154, 'lag_4': 0.3502908212326659, 'lag_5': 0.6954736628777946, 'lag_6': 0.33564145217049923, 'lag_7': 0.6437023629575437, 'lag_8': 0.8926815008090989, 'lag_9': 0.1595910462983668, 'lag_10': 0.7816232547382878, 'lag_11': 0.20711876362682305, 'lag_12': 0.913065381305318, 'lag_13': 0.6563771598797824, 'lag_14': 0.3457783283488772, 'lag_15': 0.0207065620250729, 'lag_16': 0.03088241896005111, 'lag_17': 0.9647246124567885, 'lag_18': 0.02404346349413805, 'lag_19': 0.20257269228251917, 'lag_20': 0.4243095401203104, 'lag_21': 0.07796918519146416, 'lag_22': 0.4666345239241748, 'lag_23': 0.0652515642468689, 'lag_24': 0.8049994783076332, 'lag_25': 0.5505854046740503, 'lag_26': 0.7451652883861749, 'lag_27': 0.4885738109903155, 'lag_28': 0.4175876005018976}. Best is trial 19 with value: 0.0021166910877357366.
[I 2025-09-29 12:53:35,642] Trial 81 finished with value: 0.002428940083938009 and parameters: {'lag_0': 0.2971482710141774, 'lag_1': 0.5887128556364107, 'lag_2': 0.1386571598482037, 'lag_3': 0.02251859491758403, 'lag_4': 0.7206599264316548, 'lag_5': 0.657594466978909, 'lag_6': 0.8283843280630977, 'lag_7': 0.15471604249732243, 'lag_8': 0.9712554350392697, 'lag_9': 0.2917442397264715, 'lag_10': 0.7574637375422223, 'lag_11': 0.15676268983025296, 'lag_12': 0.6157601840766974, 'lag_13': 0.9425929492583531, 'lag_14': 0.3167636005374441, 'lag_15': 0.09155626806963127, 'lag_16': 0.0660766655097621, 'lag_17': 0.28378671643593767, 'lag_18': 0.08139417301058514, 'lag_19': 0.021828384997503766, 'lag_20': 0.23874956619049736, 'lag_21': 0.06033665100533074, 'lag_22': 0.8519801493478065, 'lag_23': 0.8141903747170972, 'lag_24': 0.8635050692214188, 'lag_25': 0.41576791472498065, 'lag_26': 0.8805084139741179, 'lag_27': 0.4343744486203243, 'lag_28': 0.13254150435890583}. Best is trial 19 with value: 0.0021166910877357366.
