[I 2025-09-29 13:22:39,225] Trial 3 finished with value: 0.00804001768695142 and parameters: {'lag_0': 0.31778409731470136, 'lag_1': 0.8810668994348256, 'lag_2': 0.9265756716800668, 'lag_3': 0.007271387684309873, 'lag_4': 0.3933297362367207, 'lag_5': 0.03488126335651847, 'lag_6': 0.8827024406660606, 'lag_7': 0.860854189898345, 'lag_8': 0.3787834613335742, 'lag_9': 0.8711383537569768, 'lag_10': 0.4259432828253646, 'lag_11': 0.6978758795479377, 'lag_12': 0.929476388978623, 'lag_13': 0.014900447165074895, 'lag_14': 0.9491421699421645, 'lag_15': 0.7739026183425981, 'lag_16': 0.6786447477458832, 'lag_17': 0.9597595050819193, 'lag_18': 0.9487840275790113, 'lag_19': 0.5988980010966846, 'lag_20': 0.9761698680810404, 'lag_21': 0.8081554361485231, 'lag_22': 0.08554666298421214, 'lag_23': 0.8598810176316929, 'lag_24': 0.4663857167851574, 'lag_25': 0.810646865341467, 'lag_26': 0.6239562273073291, 'lag_27': 0.5803579069506829, 'lag_28': 0.4494736499174416}. Best is trial 1 with value: 0.007601847542106174.
[I 2025-09-29 13:22:41,731] Trial 4 finished with value: 0.008270335095873773 and parameters: {'lag_0': 0.1733053514045544, 'lag_1': 0.5385190669280744, 'lag_2': 0.7148636903752359, 'lag_3': 0.6639920993036653, 'lag_4': 0.06983694440730617, 'lag_5': 0.7219606326529985, 'lag_6': 0.5825837383880897, 'lag_7': 0.5177264659821771, 'lag_8': 0.8931572099355062, 'lag_9': 0.8831262407264446, 'lag_10': 0.6317880900307422, 'lag_11': 0.6574982396313059, 'lag_12': 0.7524677021183643, 'lag_13': 0.11934133798244956, 'lag_14': 0.3534629414272535, 'lag_15': 0.7065861688090816, 'lag_16': 0.275672343292569, 'lag_17': 0.6720326043838791, 'lag_18': 0.011733071642600635, 'lag_19': 0.6079830087774442, 'lag_20': 0.021843386034442445, 'lag_21': 0.26287487854589103, 'lag_22': 0.3476313876893959, 'lag_23': 0.3775997118802906, 'lag_24': 0.5277531326575036, 'lag_25': 0.20435566816889342, 'lag_26': 0.8241494593583306, 'lag_27': 0.23443306571343098, 'lag_28': 0.3051278764380724}. Best is trial 1 with value: 0.007601847542106174.
[I 2025-09-29 13:22:44,237] Trial 5 finished with value: 0.00755528227565713 and parameters: {'lag_0': 0.9851859854670186, 'lag_1': 0.006137621839930141, 'lag_2': 0.3658678204742882, 'lag_3': 0.20756544715159236, 'lag_4': 0.4266067516199207, 'lag_5': 0.9073415001004397, 'lag_6': 0.8667717137306985, 'lag_7': 0.3796311254449166, 'lag_8': 0.7750740716064796, 'lag_9': 0.4096535096350754, 'lag_10': 0.15612609869851143, 'lag_11': 0.6181284957434396, 'lag_12': 0.8911560507404378, 'lag_13': 0.043311939316092264, 'lag_14': 0.3007011267189564, 'lag_15': 0.8149974656940308, 'lag_16': 0.8915250655198222, 'lag_17': 0.8012930789533991, 'lag_18': 0.606843063260878, 'lag_19': 0.9278214689892129, 'lag_20': 0.5849686843465728, 'lag_21': 0.18185980698239024, 'lag_22': 0.2239499115795235, 'lag_23': 0.3680511275893161, 'lag_24': 0.8752178010043832, 'lag_25': 0.9160103644123724, 'lag_26': 0.9385954021406049, 'lag_27': 0.28178437315068255, 'lag_28': 0.842619797316881}. Best is trial 5 with value: 0.00755528227565713.
[I 2025-09-29 13:22:46,735] Trial 6 finished with value: 0.007921897982130253 and parameters: {'lag_0': 0.5403777526446665, 'lag_1': 0.5556428060393472, 'lag_2': 0.7738615536876801, 'lag_3': 0.8179743431690156, 'lag_4': 0.26965953997979863, 'lag_5': 0.9441598707596733, 'lag_6': 0.44616277700298207, 'lag_7': 0.8725095612018492, 'lag_8': 0.8889223031841031, 'lag_9': 0.15180995084145948, 'lag_10': 0.09539368940399658, 'lag_11': 0.021190158340758068, 'lag_12': 0.9388798997733807, 'lag_13': 0.5035788231795181, 'lag_14': 0.5996851795755567, 'lag_15': 0.2292044786562476, 'lag_16': 0.1043357881428868, 'lag_17': 0.07299365675821365, 'lag_18': 0.0867300001394087, 'lag_19': 0.512762022645917, 'lag_20': 0.19533186490228022, 'lag_21': 0.2587559970079653, 'lag_22': 0.778829747615614, 'lag_23': 0.560239277082205, 'lag_24': 0.8366943842737389, 'lag_25': 0.9866657900105178, 'lag_26': 0.7063535905677591, 'lag_27': 0.8891618217908341, 'lag_28': 0.19970355099643727}. Best is trial 5 with value: 0.00755528227565713.
[I 2025-09-29 13:22:49,238] Trial 7 finished with value: 0.007841900120996653 and parameters: {'lag_0': 0.013998910922385236, 'lag_1': 0.9511743188358519, 'lag_2': 0.7975300492066176, 'lag_3': 0.5897230970317489, 'lag_4': 0.15987467648662512, 'lag_5': 0.4428478484588786, 'lag_6': 0.9457934249903878, 'lag_7': 0.34004522153878997, 'lag_8': 0.3990117937128214, 'lag_9': 0.5574487875748777, 'lag_10': 0.6065249349256137, 'lag_11': 0.24649492900191147, 'lag_12': 0.6425974579804585, 'lag_13': 0.5019075010383264, 'lag_14': 0.4796475556999281, 'lag_15': 0.17151055635177323, 'lag_16': 0.7066219487607044, 'lag_17': 0.3984377512330456, 'lag_18': 0.08352168026080758, 'lag_19': 0.01519876274120331, 'lag_20': 0.8393297066730372, 'lag_21': 0.4260567795737323, 'lag_22': 0.07377497221168669, 'lag_23': 0.6499204976553662, 'lag_24': 0.7983576149859378, 'lag_25': 0.3863221909993655, 'lag_26': 0.17152159474932321, 'lag_27': 0.8602301092623366, 'lag_28': 0.42538457985790185}. Best is trial 5 with value: 0.00755528227565713.
[I 2025-09-29 13:22:51,738] Trial 8 finished with value: 0.007441267447702379 and parameters: {'lag_0': 0.15252614223354138, 'lag_1': 0.7532123868399694, 'lag_2': 0.8797032135506678, 'lag_3': 0.43996910874233947, 'lag_4': 0.9805264708080234, 'lag_5': 0.29820365197400667, 'lag_6': 0.6227593766523537, 'lag_7': 0.02493483219131836, 'lag_8': 0.06398240154771297, 'lag_9': 0.7965297031523578, 'lag_10': 0.6759211918832606, 'lag_11': 0.3471116712568035, 'lag_12': 0.5098296797178853, 'lag_13': 0.01029338326045217, 'lag_14': 0.3565852498486094, 'lag_15': 0.44562352641477154, 'lag_16': 0.09523200608424785, 'lag_17': 0.2794236324387739, 'lag_18': 0.23692237945589192, 'lag_19': 0.6595007790407281, 'lag_20': 0.599559308769159, 'lag_21': 0.138324164363504, 'lag_22': 0.6412633860311657, 'lag_23': 0.6754155155392177, 'lag_24': 0.7647428289828762, 'lag_25': 0.9687784914793848, 'lag_26': 0.2011113360327143, 'lag_27': 0.8875036748532317, 'lag_28': 0.3172991407095255}. Best is trial 8 with value: 0.007441267447702379.
[I 2025-09-29 13:22:54,243] Trial 9 finished with value: 0.00826820063049227 and parameters: {'lag_0': 0.7113396687286205, 'lag_1': 0.04314643946973183, 'lag_2': 0.6331516627458316, 'lag_3': 0.12347045998500834, 'lag_4': 0.19872005718498664, 'lag_5': 0.16055564272078296, 'lag_6': 0.9715556965076566, 'lag_7': 0.819351800831939, 'lag_8': 0.5430437806417183, 'lag_9': 0.41697269306716117, 'lag_10': 0.03125465213114754, 'lag_11': 0.35595425689868876, 'lag_12': 0.14036394511686875, 'lag_13': 0.2382356742122895, 'lag_14': 0.8999386410400297, 'lag_15': 0.6266482734363288, 'lag_16': 0.013007523371881264, 'lag_17': 0.23166730759689813, 'lag_18': 0.12170566315171263, 'lag_19': 0.4907578136478281, 'lag_20': 0.2746892590190793, 'lag_21': 0.5888268648273735, 'lag_22': 0.23667372868133502, 'lag_23': 0.07748561878998497, 'lag_24': 0.08175097284511788, 'lag_25': 0.400641422007457, 'lag_26': 0.012231677935143502, 'lag_27': 0.9289229567970358, 'lag_28': 0.4175171714774555}. Best is trial 8 with value: 0.007441267447702379.
[I 2025-09-29 13:22:56,803] Trial 10 finished with value: 0.007988921476802285 and parameters: {'lag_0': 0.37036999311950164, 'lag_1': 0.7646239900386272, 'lag_2': 0.2508789363625876, 'lag_3': 0.3421522344478853, 'lag_4': 0.9312541677101722, 'lag_5': 0.6040565238223865, 'lag_6': 0.6328312876745159, 'lag_7': 0.034221176853883435, 'lag_8': 0.002016515796717397, 'lag_9': 0.6025717427275837, 'lag_10': 0.922499912989476, 'lag_11': 0.9815357898171214, 'lag_12': 0.41264387352429815, 'lag_13': 0.27600915126905856, 'lag_14': 0.014894634278739993, 'lag_15': 0.4372108731805235, 'lag_16': 0.35669257844001584, 'lag_17': 0.09117602967124747, 'lag_18': 0.34954275569173143, 'lag_19': 0.1774808650070011, 'lag_20': 0.49899047577059863, 'lag_21': 0.03447972658958176, 'lag_22': 0.5914855046768432, 'lag_23': 0.7103427036655767, 'lag_24': 0.6430913040677669, 'lag_25': 0.6911935942697294, 'lag_26': 0.380920089233638, 'lag_27': 0.3930159095370859, 'lag_28': 0.041298768438067956}. Best is trial 8 with value: 0.007441267447702379.
[I 2025-09-29 13:22:59,357] Trial 11 finished with value: 0.007559673449724355 and parameters: {'lag_0': 0.8879789879859141, 'lag_1': 0.08179458634011227, 'lag_2': 0.014915879449792224, 'lag_3': 0.28848399640201694, 'lag_4': 0.9827319322852722, 'lag_5': 0.45961802461301104, 'lag_6': 0.7428133338975318, 'lag_7': 0.041068559598115284, 'lag_8': 0.06507535453098341, 'lag_9': 0.69907057248926, 'lag_10': 0.7608212952779233, 'lag_11': 0.5621973846455981, 'lag_12': 0.5235898168449521, 'lag_13': 0.3178778213497835, 'lag_14': 0.11979477060300592, 'lag_15': 0.9747755714537589, 'lag_16': 0.9893332241284417, 'lag_17': 0.6116006829139171, 'lag_18': 0.5875299360360995, 'lag_19': 0.9802392409147933, 'lag_20': 0.6129895437932843, 'lag_21': 0.01611292460185905, 'lag_22': 0.7134966900525905, 'lag_23': 0.36875190889640064, 'lag_24': 0.9233080617297583, 'lag_25': 0.7984197383006446, 'lag_26': 0.9945137492269291, 'lag_27': 0.10833856078052653, 'lag_28': 0.9302762752130056}. Best is trial 8 with value: 0.007441267447702379.
[I 2025-09-29 13:23:01,917] Trial 12 finished with value: 0.007112476563566757 and parameters: {'lag_0': 0.9432615652525409, 'lag_1': 0.29391351901916285, 'lag_2': 0.39660175467796, 'lag_3': 0.22079248878598098, 'lag_4': 0.7902216378508191, 'lag_5': 0.7123338628118432, 'lag_6': 0.36174376889121745, 'lag_7': 0.2903969385037267, 'lag_8': 0.22304227786483183, 'lag_9': 0.3254762812853919, 'lag_10': 0.47605991986982493, 'lag_11': 0.4327399315987466, 'lag_12': 0.46466621154528853, 'lag_13': 0.17797315471582176, 'lag_14': 0.6579552730128579, 'lag_15': 0.39902934898450976, 'lag_16': 0.918904039532934, 'lag_17': 0.79997892812334, 'lag_18': 0.7371966005478576, 'lag_19': 0.8002776235898568, 'lag_20': 0.5723229939040861, 'lag_21': 0.20312176290380052, 'lag_22': 0.3952000696094451, 'lag_23': 0.3992899616532836, 'lag_24': 0.9758603562269376, 'lag_25': 0.8561894072817877, 'lag_26': 0.40903797722506896, 'lag_27': 0.3557383901763438, 'lag_28': 0.7620462641408426}. Best is trial 12 with value: 0.007112476563566757.
[I 2025-09-29 13:23:04,473] Trial 13 finished with value: 0.0075103232484044005 and parameters: {'lag_0': 0.739212125334767, 'lag_1': 0.310757097374749, 'lag_2': 0.23130400152319475, 'lag_3': 0.4469585801946157, 'lag_4': 0.804289826904903, 'lag_5': 0.6870996102743647, 'lag_6': 0.37069066268035245, 'lag_7': 0.20100851374672687, 'lag_8': 0.19679933469660216, 'lag_9': 0.0049638630425806185, 'lag_10': 0.4752457406937051, 'lag_11': 0.3831349103401094, 'lag_12': 0.4339202992443989, 'lag_13': 0.18711583169911536, 'lag_14': 0.6888519152696357, 'lag_15': 0.4600788381021792, 'lag_16': 0.39299486332856726, 'lag_17': 0.43343694080721074, 'lag_18': 0.7941453433313994, 'lag_19': 0.7860685510237098, 'lag_20': 0.40947810689357567, 'lag_21': 0.38346685992447793, 'lag_22': 0.41967638521891515, 'lag_23': 0.49341705327413965, 'lag_24': 0.9862083034502243, 'lag_25': 0.6593124823120806, 'lag_26': 0.3663688810819949, 'lag_27': 0.0032937830912256327, 'lag_28': 0.6956935233777374}. Best is trial 12 with value: 0.007112476563566757.
[I 2025-09-29 13:23:07,027] Trial 14 finished with value: 0.007947841167848106 and parameters: {'lag_0': 0.4138356721112008, 'lag_1': 0.22486981464399605, 'lag_2': 0.5203673077140953, 'lag_3': 0.13349626035285872, 'lag_4': 0.856858878248351, 'lag_5': 0.7857236424078943, 'lag_6': 0.08803889065565745, 'lag_7': 0.193520562398247, 'lag_8': 0.2437235973093586, 'lag_9': 0.7094072637768717, 'lag_10': 0.7794203281842244, 'lag_11': 0.19711770391617894, 'lag_12': 0.5693136467290099, 'lag_13': 0.39080337927646236, 'lag_14': 0.7472661315387895, 'lag_15': 0.30577863476959155, 'lag_16': 0.20721332099664713, 'lag_17': 0.2549307731202972, 'lag_18': 0.3245368272874469, 'lag_19': 0.7633883440734613, 'lag_20': 0.7285815569968831, 'lag_21': 0.12740302778105145, 'lag_22': 0.6724685338247575, 'lag_23': 0.7528612698833381, 'lag_24': 0.7117630110560857, 'lag_25': 0.022470352127572535, 'lag_26': 0.20355784781796268, 'lag_27': 0.4718280338701945, 'lag_28': 0.7533408667196163}. Best is trial 12 with value: 0.007112476563566757.
[I 2025-09-29 13:23:09,578] Trial 15 finished with value: 0.008079572364231792 and parameters: {'lag_0': 0.789039100494933, 'lag_1': 0.7238337723952784, 'lag_2': 0.10798703309226465, 'lag_3': 0.32651031356942556, 'lag_4': 0.7643587222956799, 'lag_5': 0.5731729938150698, 'lag_6': 0.30295646036783663, 'lag_7': 0.19230991899236072, 'lag_8': 0.1844593315349241, 'lag_9': 0.2724511796841319, 'lag_10': 0.6133716925384272, 'lag_11': 0.09751758833924318, 'lag_12': 0.3578275974752841, 'lag_13': 0.6709781253278061, 'lag_14': 0.618390752374398, 'lag_15': 0.3460952588071002, 'lag_16': 0.8264437570867681, 'lag_17': 0.7825933006767092, 'lag_18': 0.36676740650464174, 'lag_19': 0.747049372188121, 'lag_20': 0.3703100332918469, 'lag_21': 0.3205018571322192, 'lag_22': 0.8739405507955708, 'lag_23': 0.22566947850711844, 'lag_24': 0.9842928429725359, 'lag_25': 0.8273327296239096, 'lag_26': 0.48847799667633457, 'lag_27': 0.7050919094770024, 'lag_28': 0.9830739244768902}. Best is trial 12 with value: 0.007112476563566757.
[I 2025-09-29 13:23:12,147] Trial 16 finished with value: 0.007976328330741125 and parameters: {'lag_0': 0.016326503734164, 'lag_1': 0.3790454122608582, 'lag_2': 0.5172297149144627, 'lag_3': 0.9885449975842586, 'lag_4': 0.6676388653610751, 'lag_5': 0.3686977339577221, 'lag_6': 0.14876571123690066, 'lag_7': 0.3673785903556409, 'lag_8': 0.10755509881685843, 'lag_9': 0.9853686679951592, 'lag_10': 0.7794314443044498, 'lag_11': 0.4766023950936967, 'lag_12': 0.6270678756532116, 'lag_13': 0.157033739807628, 'lag_14': 0.7857632447913689, 'lag_15': 0.5615700924388132, 'lag_16': 0.5524424800387874, 'lag_17': 0.4957819569001343, 'lag_18': 0.7938383262055424, 'lag_19': 0.37856635675746186, 'lag_20': 0.7303515062242959, 'lag_21': 0.6414070772201567, 'lag_22': 0.4987303948101499, 'lag_23': 0.5354842133244282, 'lag_24': 0.6081598796523435, 'lag_25': 0.6873187426688764, 'lag_26': 0.2160845856031093, 'lag_27': 0.36475786423022494, 'lag_28': 0.3197107006315918}. Best is trial 12 with value: 0.007112476563566757.
[I 2025-09-29 13:23:14,709] Trial 17 finished with value: 0.008579947598688057 and parameters: {'lag_0': 0.622249361836928, 'lag_1': 0.8163671786444638, 'lag_2': 0.3010636167549686, 'lag_3': 0.5376511060957732, 'lag_4': 0.8871804884103606, 'lag_5': 0.2728335447535254, 'lag_6': 0.5184020818375847, 'lag_7': 0.11650210989515986, 'lag_8': 0.2856718240293956, 'lag_9': 0.28815386662972803, 'lag_10': 0.401473388932232, 'lag_11': 0.3303163478270401, 'lag_12': 0.2963522196863452, 'lag_13': 0.3780758802332092, 'lag_14': 0.5475685051080385, 'lag_15': 0.13679477864482809, 'lag_16': 0.46804646289556057, 'lag_17': 0.1871714380659143, 'lag_18': 0.7196334694671733, 'lag_19': 0.8358962814666436, 'lag_20': 0.6499267904700591, 'lag_21': 0.12680772884597136, 'lag_22': 0.3569781389616607, 'lag_23': 0.7955477508475457, 'lag_24': 0.41872538294576894, 'lag_25': 0.8529778922708092, 'lag_26': 0.48104101075769407, 'lag_27': 0.7715384207820346, 'lag_28': 0.5630165607538045}. Best is trial 12 with value: 0.007112476563566757.
[I 2025-09-29 13:23:17,266] Trial 18 finished with value: 0.008024442651295881 and parameters: {'lag_0': 0.9987764925234469, 'lag_1': 0.20978589867083766, 'lag_2': 0.4195493587801845, 'lag_3': 0.023419961298604408, 'lag_4': 0.9968590273334983, 'lag_5': 0.017414114251144475, 'lag_6': 0.7049537899659721, 'lag_7': 0.27398751769581653, 'lag_8': 0.5921147831482507, 'lag_9': 0.7382087111907564, 'lag_10': 0.3208780369079839, 'lag_11': 0.8126423348104668, 'lag_12': 0.17993217050034677, 'lag_13': 0.11387716311572262, 'lag_14': 0.4296931570521043, 'lag_15': 0.3751675277836037, 'lag_16': 0.21055607986843095, 'lag_17': 0.7909824095099198, 'lag_18': 0.2552547034637518, 'lag_19': 0.6876426560626534, 'lag_20': 0.48054765469553706, 'lag_21': 0.6927974004662477, 'lag_22': 0.6082824027881506, 'lag_23': 0.45759509350604977, 'lag_24': 0.6828290943845705, 'lag_25': 0.5676390419399628, 'lag_26': 0.2807445065021427, 'lag_27': 0.4951054166415382, 'lag_28': 0.776453206102242}. Best is trial 12 with value: 0.007112476563566757.
[I 2025-09-29 13:23:19,821] Trial 19 finished with value: 0.007704225739682155 and parameters: {'lag_0': 0.2750360088417697, 'lag_1': 0.6614712557595585, 'lag_2': 0.5983497510629437, 'lag_3': 0.3993353789433032, 'lag_4': 0.7381545405604547, 'lag_5': 0.5600869301472644, 'lag_6': 0.44288878013109273, 'lag_7': 0.47674476912145664, 'lag_8': 0.3074499176690616, 'lag_9': 0.00480758329736819, 'lag_10': 0.6871785783561776, 'lag_11': 0.5207279779011763, 'lag_12': 0.7179188783030142, 'lag_13': 0.6195980168424111, 'lag_14': 0.16982646123518863, 'lag_15': 0.5129876064314401, 'lag_16': 0.8009139190634602, 'lag_17': 0.3418625034314414, 'lag_18': 0.4457790711544377, 'lag_19': 0.4499865861054497, 'lag_20': 0.8305245534165978, 'lag_21': 0.9943021089688102, 'lag_22': 0.8274265591880037, 'lag_23': 0.6434165817267995, 'lag_24': 0.8830875966707186, 'lag_25': 0.9980850331240538, 'lag_26': 0.06915647394677668, 'lag_27': 0.19488000859823357, 'lag_28': 0.30592588933341386}. Best is trial 12 with value: 0.007112476563566757.
[I 2025-09-29 13:23:22,369] Trial 20 finished with value: 0.008192734124866574 and parameters: {'lag_0': 0.48076503309063445, 'lag_1': 0.46865409856347023, 'lag_2': 0.8730182683830877, 'lag_3': 0.22477161251123373, 'lag_4': 0.5058447329264403, 'lag_5': 0.8265407287953311, 'lag_6': 0.23428817823817508, 'lag_7': 0.0158737180225762, 'lag_8': 0.11662729126160987, 'lag_9': 0.5498952441601614, 'lag_10': 0.5358434158495119, 'lag_11': 0.2973837233099105, 'lag_12': 0.47958153759896704, 'lag_13': 0.40108788343289437, 'lag_14': 0.8511267351560338, 'lag_15': 0.2685170767211233, 'lag_16': 0.9657101261743201, 'lag_17': 0.5423227659581948, 'lag_18': 0.6924816981144775, 'lag_19': 0.22533106948557907, 'lag_20': 0.3519558224060295, 'lag_21': 0.4465247511321196, 'lag_22': 0.4606372440251102, 'lag_23': 0.21745140826681658, 'lag_24': 0.0009029431197332682, 'lag_25': 0.7244080981519125, 'lag_26': 0.13800590067112534, 'lag_27': 0.5773848219330814, 'lag_28': 0.8782085852370769}. Best is trial 12 with value: 0.007112476563566757.
[I 2025-09-29 13:23:24,932] Trial 21 finished with value: 0.007238976483731563 and parameters: {'lag_0': 0.8298407328532529, 'lag_1': 0.1937445312743105, 'lag_2': 0.20437225780201124, 'lag_3': 0.4706870158150435, 'lag_4': 0.7844885987723063, 'lag_5': 0.663547298630913, 'lag_6': 0.3708694261338758, 'lag_7': 0.1739554167766918, 'lag_8': 0.18950909401830648, 'lag_9': 0.058797941671456855, 'lag_10': 0.4964796402926369, 'lag_11': 0.4174936557076173, 'lag_12': 0.42642975052322524, 'lag_13': 0.18472648013951393, 'lag_14': 0.6993158736527706, 'lag_15': 0.439787587710723, 'lag_16': 0.4422063055671806, 'lag_17': 0.4996253821955223, 'lag_18': 0.8263568281719493, 'lag_19': 0.8174034336696749, 'lag_20': 0.4169444111666032, 'lag_21': 0.37784644962007297, 'lag_22': 0.39063583918275796, 'lag_23': 0.45852314739084143, 'lag_24': 0.992640051866178, 'lag_25': 0.6226891833929507, 'lag_26': 0.4014694690917182, 'lag_27': 0.057624689903364945, 'lag_28': 0.6672927602792122}. Best is trial 12 with value: 0.007112476563566757.
[I 2025-09-29 13:23:27,494] Trial 22 finished with value: 0.007567087370820094 and parameters: {'lag_0': 0.878612362889696, 'lag_1': 0.156636460339423, 'lag_2': 0.15927864173770948, 'lag_3': 0.5256960359132703, 'lag_4': 0.5595333696083253, 'lag_5': 0.6488339675300043, 'lag_6': 0.3734938534843192, 'lag_7': 0.11753544632278196, 'lag_8': 0.031488060262703566, 'lag_9': 0.1181512148001432, 'lag_10': 0.5230095902575497, 'lag_11': 0.4202512186332044, 'lag_12': 0.35742810031912575, 'lag_13': 0.09859312037308371, 'lag_14': 0.6847875070665782, 'lag_15': 0.38527932013001936, 'lag_16': 0.4653484501000269, 'lag_17': 0.5067320044914585, 'lag_18': 0.8758014165970721, 'lag_19': 0.8357838953851451, 'lag_20': 0.5416506673433552, 'lag_21': 0.21271791054140338, 'lag_22': 0.3185052406522936, 'lag_23': 0.6090412399802617, 'lag_24': 0.9922534682623378, 'lag_25': 0.8998305980661161, 'lag_26': 0.432724657796255, 'lag_27': 0.012123181570355857, 'lag_28': 0.6228294218267557}. Best is trial 12 with value: 0.007112476563566757.
[I 2025-09-29 13:23:30,049] Trial 23 finished with value: 0.00744856925660922 and parameters: {'lag_0': 0.8126376366028729, 'lag_1': 0.35685356324107226, 'lag_2': 0.35335188007077617, 'lag_3': 0.623922420939897, 'lag_4': 0.8409103511334004, 'lag_5': 0.4952643550489327, 'lag_6': 0.5500946821853754, 'lag_7': 0.26518653776030726, 'lag_8': 0.15269138826569578, 'lag_9': 0.30758297456438316, 'lag_10': 0.3803525696572249, 'lag_11': 0.15889714411546135, 'lag_12': 0.5730325976273222, 'lag_13': 0.2620008391647807, 'lag_14': 0.6273208040152288, 'lag_15': 0.5523179094151438, 'lag_16': 0.3275078157798594, 'lag_17': 0.709603522881649, 'lag_18': 0.679762312312751, 'lag_19': 0.7114433766692806, 'lag_20': 0.45013163129694345, 'lag_21': 0.33728963233285564, 'lag_22': 0.5729506030459754, 'lag_23': 0.4226182783316114, 'lag_24': 0.7930206850366759, 'lag_25': 0.5063189132489024, 'lag_26': 0.5930755470377895, 'lag_27': 0.12798284437579255, 'lag_28': 0.7227740682441964}. Best is trial 12 with value: 0.007112476563566757.
