[I 2025-09-29 13:25:03,577] Trial 66 finished with value: 0.004418365257858425 and parameters: {'lag_0': 0.5947069410125974, 'lag_1': 0.6732762965851218, 'lag_2': 0.5837071948071764, 'lag_3': 0.9251681431859492, 'lag_4': 0.7227760073900682, 'lag_5': 0.2317721119445167, 'lag_6': 0.422514585309402, 'lag_7': 0.28046229443918513, 'lag_8': 0.3466762283641203, 'lag_9': 0.27015888214639144, 'lag_10': 0.3314558386358255, 'lag_11': 0.05114781807368486, 'lag_12': 0.08295244968496358, 'lag_13': 0.035599261678628924, 'lag_14': 0.508568710451621, 'lag_15': 0.5644139417931121, 'lag_16': 0.1966664899550696, 'lag_17': 0.6328031242339474, 'lag_18': 0.3175160448115775, 'lag_19': 0.6114024786924162, 'lag_20': 0.852155928156631, 'lag_21': 0.6376989089769571, 'lag_22': 0.0028631783734136412, 'lag_23': 0.2087078642534431, 'lag_24': 0.4083406801874676, 'lag_25': 0.9845906636453018, 'lag_26': 0.5745272548336359, 'lag_27': 0.44858564758282754, 'lag_28': 0.23824519741677136}. Best is trial 38 with value: 0.0036369749490562176.
[I 2025-09-29 13:25:06,136] Trial 67 finished with value: 0.004160582591065243 and parameters: {'lag_0': 0.6280698207923361, 'lag_1': 0.5746373044443972, 'lag_2': 0.516397047743064, 'lag_3': 0.9519081654928215, 'lag_4': 0.5889905413113693, 'lag_5': 0.291251957044864, 'lag_6': 0.30869355252681047, 'lag_7': 0.245208986914857, 'lag_8': 0.989362372792475, 'lag_9': 0.28617358998811177, 'lag_10': 0.28418715138986045, 'lag_11': 0.05831503810636925, 'lag_12': 0.12122702716902323, 'lag_13': 0.05967721516831389, 'lag_14': 0.3257214313600534, 'lag_15': 0.4864068405305885, 'lag_16': 0.14063265501707922, 'lag_17': 0.705581084287033, 'lag_18': 0.4286045515212501, 'lag_19': 0.7109918353820793, 'lag_20': 0.6667620013911564, 'lag_21': 0.7171346393450659, 'lag_22': 0.26700209135572545, 'lag_23': 0.4313916797813037, 'lag_24': 0.4982765010159692, 'lag_25': 0.8231127548457913, 'lag_26': 0.6146235998824199, 'lag_27': 0.7322252662578965, 'lag_28': 0.36658016803272164}. Best is trial 38 with value: 0.0036369749490562176.
[I 2025-09-29 13:25:08,702] Trial 68 finished with value: 0.0043919521975859434 and parameters: {'lag_0': 0.5394023011713566, 'lag_1': 0.6254292467945176, 'lag_2': 0.9514613278860088, 'lag_3': 0.8732579425506725, 'lag_4': 0.4636172080191971, 'lag_5': 0.1722985585047125, 'lag_6': 0.5193878768133151, 'lag_7': 0.9192470667065328, 'lag_8': 0.8979767668471562, 'lag_9': 0.23728266596665784, 'lag_10': 0.0500937141589983, 'lag_11': 0.09681679816733543, 'lag_12': 0.89405261448331, 'lag_13': 0.625195877796545, 'lag_14': 0.46325202723610476, 'lag_15': 0.979386513648969, 'lag_16': 0.290071601243738, 'lag_17': 0.30289472090188646, 'lag_18': 0.47537255125758066, 'lag_19': 0.6734024155366862, 'lag_20': 0.5695339948799851, 'lag_21': 0.5744442937847097, 'lag_22': 0.1053913828530615, 'lag_23': 0.29930720547614975, 'lag_24': 0.39062292527302017, 'lag_25': 0.9090596654926365, 'lag_26': 0.6580569632637063, 'lag_27': 0.5121832409713187, 'lag_28': 0.2041254423503935}. Best is trial 38 with value: 0.0036369749490562176.
[I 2025-09-29 13:25:11,250] Trial 69 finished with value: 0.00455437055844423 and parameters: {'lag_0': 0.4656238267961747, 'lag_1': 0.7043649662620645, 'lag_2': 0.5364128108502311, 'lag_3': 0.8889624778843553, 'lag_4': 0.6305875159867828, 'lag_5': 0.4465840153501569, 'lag_6': 0.24735693502816405, 'lag_7': 0.8735026920759865, 'lag_8': 0.44462612391805084, 'lag_9': 0.1685211289274956, 'lag_10': 0.12406133048671411, 'lag_11': 0.26945475725388923, 'lag_12': 0.375070001095453, 'lag_13': 0.10952199600255147, 'lag_14': 0.4018170781046928, 'lag_15': 0.7075172210479894, 'lag_16': 0.23277996394406694, 'lag_17': 0.868712182897555, 'lag_18': 0.1953346570422697, 'lag_19': 0.6279496505858035, 'lag_20': 0.7829567552047642, 'lag_21': 0.6637037533594022, 'lag_22': 0.04784411078220105, 'lag_23': 0.13055405982159557, 'lag_24': 0.1419832765657044, 'lag_25': 0.8816311542848417, 'lag_26': 0.4723807911478298, 'lag_27': 0.5832858391352951, 'lag_28': 0.731760039285982}. Best is trial 38 with value: 0.0036369749490562176.
[I 2025-09-29 13:25:13,818] Trial 70 finished with value: 0.004389048945482172 and parameters: {'lag_0': 0.6609531633410435, 'lag_1': 0.4525510880980944, 'lag_2': 0.6327669053465284, 'lag_3': 0.6527967325619316, 'lag_4': 0.8686072752018736, 'lag_5': 0.08638071482312154, 'lag_6': 0.41137197183442276, 'lag_7': 0.5152973259701829, 'lag_8': 0.5097868022873069, 'lag_9': 0.7256347530713576, 'lag_10': 0.48669244643977916, 'lag_11': 0.4392274080133791, 'lag_12': 0.2277460838061131, 'lag_13': 0.5767932439594563, 'lag_14': 0.5303660938917473, 'lag_15': 0.5327665093954573, 'lag_16': 0.3924000462857536, 'lag_17': 0.09482895888808562, 'lag_18': 0.2720289650485048, 'lag_19': 0.5833994940515503, 'lag_20': 0.939683683492473, 'lag_21': 0.8914053483839722, 'lag_22': 0.6588146439646638, 'lag_23': 0.36912068688076066, 'lag_24': 0.28179923247788513, 'lag_25': 0.9756481345686969, 'lag_26': 0.12390821796218526, 'lag_27': 0.6938032824866441, 'lag_28': 0.28086250480732333}. Best is trial 38 with value: 0.0036369749490562176.
[I 2025-09-29 13:25:16,396] Trial 71 finished with value: 0.0043430196708528195 and parameters: {'lag_0': 0.8217210665694393, 'lag_1': 0.5242960749073107, 'lag_2': 0.7658512083751758, 'lag_3': 0.8406722078221481, 'lag_4': 0.7879299946677741, 'lag_5': 0.212178897014014, 'lag_6': 0.46209363760174976, 'lag_7': 0.3856657592439753, 'lag_8': 0.2496555309783431, 'lag_9': 0.7537266549828041, 'lag_10': 0.36706410114973553, 'lag_11': 0.7886939920350066, 'lag_12': 0.056972497817965595, 'lag_13': 0.14768447310854527, 'lag_14': 0.5795554401514111, 'lag_15': 0.3671618710730469, 'lag_16': 0.07785620487592751, 'lag_17': 0.48153806662840754, 'lag_18': 0.37030371117000244, 'lag_19': 0.8229443092433699, 'lag_20': 0.4319698437306376, 'lag_21': 0.47470333224626166, 'lag_22': 0.06527811315721134, 'lag_23': 0.31833965777548556, 'lag_24': 0.4508722048177086, 'lag_25': 0.4460488172522464, 'lag_26': 0.5307895671569042, 'lag_27': 0.4836644384843956, 'lag_28': 0.11360745926390126}. Best is trial 38 with value: 0.0036369749490562176.
[I 2025-09-29 13:25:18,948] Trial 72 finished with value: 0.004346560914929482 and parameters: {'lag_0': 0.6900192819529054, 'lag_1': 0.572761283809765, 'lag_2': 0.5963411502341953, 'lag_3': 0.7703910475214866, 'lag_4': 0.7385867798892122, 'lag_5': 0.1995643795419153, 'lag_6': 0.35080077148814415, 'lag_7': 0.2336214538661193, 'lag_8': 0.38819934329026484, 'lag_9': 0.4342898232223516, 'lag_10': 0.40012879142314467, 'lag_11': 0.1550349966553809, 'lag_12': 0.15120880874125964, 'lag_13': 0.08382173709667848, 'lag_14': 0.8604780170708093, 'lag_15': 0.4295817707195783, 'lag_16': 0.15280975696516208, 'lag_17': 0.5315596718436296, 'lag_18': 0.33968569249941993, 'lag_19': 0.7504926814753601, 'lag_20': 0.5071371097884658, 'lag_21': 0.5195549900370561, 'lag_22': 0.12907663458688257, 'lag_23': 0.3297290127004744, 'lag_24': 0.8616184248213073, 'lag_25': 0.9396601095847771, 'lag_26': 0.7537520164935912, 'lag_27': 0.32372003041543373, 'lag_28': 0.9471149182341729}. Best is trial 38 with value: 0.0036369749490562176.
[I 2025-09-29 13:25:21,492] Trial 73 finished with value: 0.0045426572822838615 and parameters: {'lag_0': 0.4863096329918619, 'lag_1': 0.38531699921337437, 'lag_2': 0.7312033439642731, 'lag_3': 0.7129850140489918, 'lag_4': 0.6984926536167029, 'lag_5': 0.1407925916047917, 'lag_6': 0.46841979690151286, 'lag_7': 0.2981572216230353, 'lag_8': 0.3260690981382676, 'lag_9': 0.35191985313147944, 'lag_10': 0.3144652168902541, 'lag_11': 0.7703229421580481, 'lag_12': 0.2083804067678288, 'lag_13': 0.5282194973288762, 'lag_14': 0.6226017083322527, 'lag_15': 0.00014693371288386492, 'lag_16': 0.19942510872615188, 'lag_17': 0.5907028620908412, 'lag_18': 0.15194934318467898, 'lag_19': 0.8653930831506176, 'lag_20': 0.3653887617664388, 'lag_21': 0.6226388358857545, 'lag_22': 0.03199766732731686, 'lag_23': 0.8791882953922349, 'lag_24': 0.7885021465642875, 'lag_25': 0.8973826046615558, 'lag_26': 0.6266502906114908, 'lag_27': 0.6492247130839617, 'lag_28': 0.8114538836001017}. Best is trial 38 with value: 0.0036369749490562176.
[I 2025-09-29 13:25:24,048] Trial 74 finished with value: 0.004084913514026193 and parameters: {'lag_0': 0.770752516629651, 'lag_1': 0.4903233687917912, 'lag_2': 0.6572146974157936, 'lag_3': 0.295774189841062, 'lag_4': 0.5345332529995739, 'lag_5': 0.05499033521682675, 'lag_6': 0.17490373120313718, 'lag_7': 0.8322594587196708, 'lag_8': 0.10446949650573639, 'lag_9': 0.39939167324217806, 'lag_10': 0.2591408785764616, 'lag_11': 0.8591628456293643, 'lag_12': 0.2754338116084756, 'lag_13': 0.017658707931940958, 'lag_14': 0.7181029860805541, 'lag_15': 0.5734579502490948, 'lag_16': 0.11630361107683383, 'lag_17': 0.4463171665656513, 'lag_18': 0.3943457018143982, 'lag_19': 0.4272483372719197, 'lag_20': 0.5533727209085728, 'lag_21': 0.3727221990788405, 'lag_22': 0.17505866859638827, 'lag_23': 0.3486173168947845, 'lag_24': 0.5339306609946058, 'lag_25': 0.9380778044593996, 'lag_26': 0.21862989228419116, 'lag_27': 0.3601671086107454, 'lag_28': 0.0013148422339124138}. Best is trial 38 with value: 0.0036369749490562176.
[I 2025-09-29 13:25:26,601] Trial 75 finished with value: 0.004271374673917143 and parameters: {'lag_0': 0.5826221566654529, 'lag_1': 0.42782305180710706, 'lag_2': 0.31068551427594393, 'lag_3': 0.5430357849681575, 'lag_4': 0.751050263643707, 'lag_5': 0.26334116924144635, 'lag_6': 0.38586531569758553, 'lag_7': 0.7985710056091064, 'lag_8': 0.3503974083124668, 'lag_9': 0.5440999903823439, 'lag_10': 0.4337776560760256, 'lag_11': 0.7405616184038887, 'lag_12': 0.48872442502041025, 'lag_13': 0.4610058321952084, 'lag_14': 0.9400905662690833, 'lag_15': 0.6392224389237642, 'lag_16': 0.045435821691564245, 'lag_17': 0.364501772655654, 'lag_18': 0.5257222183200236, 'lag_19': 0.690487925594095, 'lag_20': 0.460479499614586, 'lag_21': 0.5891292793112796, 'lag_22': 0.08045286096261153, 'lag_23': 0.4126032450709653, 'lag_24': 0.7219304785177174, 'lag_25': 0.8430760843678525, 'lag_26': 0.8266730662751263, 'lag_27': 0.39345511875784284, 'lag_28': 0.1808698239834434}. Best is trial 38 with value: 0.0036369749490562176.
[I 2025-09-29 13:25:29,153] Trial 76 finished with value: 0.003905306266102357 and parameters: {'lag_0': 0.4314520184672876, 'lag_1': 0.5300262443736606, 'lag_2': 0.6877349726165609, 'lag_3': 0.901840768053445, 'lag_4': 0.826585707985304, 'lag_5': 0.7700984399487295, 'lag_6': 0.5905688712067815, 'lag_7': 0.3118988768080606, 'lag_8': 0.20139064476866952, 'lag_9': 0.3045932898314334, 'lag_10': 0.8541348484185864, 'lag_11': 0.9630038710308931, 'lag_12': 0.1780643580553988, 'lag_13': 0.33781733487013116, 'lag_14': 0.24939944611451492, 'lag_15': 0.1049639549497863, 'lag_16': 0.4627525458601713, 'lag_17': 0.5050039911751086, 'lag_18': 0.233251699857661, 'lag_19': 0.5194367949691692, 'lag_20': 0.6237870439677726, 'lag_21': 0.4444686034338722, 'lag_22': 0.20911882688100555, 'lag_23': 0.269028830728484, 'lag_24': 0.47531377600826286, 'lag_25': 0.7679411581282451, 'lag_26': 0.7017850869599617, 'lag_27': 0.5299616928538193, 'lag_28': 0.1428553305240535}. Best is trial 38 with value: 0.0036369749490562176.
[I 2025-09-29 13:25:31,694] Trial 77 finished with value: 0.004447020745162381 and parameters: {'lag_0': 0.387499165678902, 'lag_1': 0.35946963490686595, 'lag_2': 0.0009391443800298993, 'lag_3': 0.9515690985051913, 'lag_4': 0.8207190038471114, 'lag_5': 0.837353541518717, 'lag_6': 0.5908098318407253, 'lag_7': 0.18331975015942015, 'lag_8': 0.20433640944023357, 'lag_9': 0.09572278477068091, 'lag_10': 0.8663491978000224, 'lag_11': 0.9373787248348113, 'lag_12': 0.7495614814695313, 'lag_13': 0.3453510005812629, 'lag_14': 0.14607655276800707, 'lag_15': 0.29232318605093155, 'lag_16': 0.4524199331781567, 'lag_17': 0.5695802511684324, 'lag_18': 0.20882585300249007, 'lag_19': 0.4627983452546704, 'lag_20': 0.6077791845266888, 'lag_21': 0.20795872240192903, 'lag_22': 0.2158854836684455, 'lag_23': 0.24753894852662323, 'lag_24': 0.5519702719943196, 'lag_25': 0.7705368374717331, 'lag_26': 0.608457268395193, 'lag_27': 0.5321001806934617, 'lag_28': 0.13531909550857762}. Best is trial 38 with value: 0.0036369749490562176.
[I 2025-09-29 13:25:34,235] Trial 78 finished with value: 0.004244899238208601 and parameters: {'lag_0': 0.4433100513398107, 'lag_1': 0.7761291683725734, 'lag_2': 0.6146075107610861, 'lag_3': 0.9032292431476897, 'lag_4': 0.9648762471014225, 'lag_5': 0.5926553774616933, 'lag_6': 0.724907995635468, 'lag_7': 0.3112710309074659, 'lag_8': 0.15520530450117792, 'lag_9': 0.2886256034641624, 'lag_10': 0.9573828630395307, 'lag_11': 0.9546380668017127, 'lag_12': 0.08849842515306709, 'lag_13': 0.4373980814868827, 'lag_14': 0.21879780302204932, 'lag_15': 0.24888689204691916, 'lag_16': 0.49569536694228716, 'lag_17': 0.679248961481973, 'lag_18': 0.24000000165571841, 'lag_19': 0.5562562720322879, 'lag_20': 0.6400653601667115, 'lag_21': 0.3301394035070446, 'lag_22': 0.3108812610138263, 'lag_23': 0.20573193617712776, 'lag_24': 0.47290719224661726, 'lag_25': 0.7274173380781731, 'lag_26': 0.5449667580026374, 'lag_27': 0.6177811289041868, 'lag_28': 0.25394674693155755}. Best is trial 38 with value: 0.0036369749490562176.
[I 2025-09-29 13:25:36,945] Trial 79 finished with value: 0.004394479972381014 and parameters: {'lag_0': 0.968522089348388, 'lag_1': 0.9032883666954288, 'lag_2': 0.6775350624099343, 'lag_3': 0.7465526382250193, 'lag_4': 0.9247662388861525, 'lag_5': 0.7258554766775784, 'lag_6': 0.6367139493691998, 'lag_7': 0.953120832856306, 'lag_8': 0.581326185115839, 'lag_9': 0.6055428221211556, 'lag_10': 0.8958962545893554, 'lag_11': 0.976366159075774, 'lag_12': 0.12163923287753689, 'lag_13': 0.3684418882605325, 'lag_14': 0.26930860952407565, 'lag_15': 0.4604350033132785, 'lag_16': 0.5883445536953202, 'lag_17': 0.7259913631678689, 'lag_18': 0.27887910783312125, 'lag_19': 0.5267931618117099, 'lag_20': 0.726525882424918, 'lag_21': 0.13048103034662908, 'lag_22': 0.26024701739227935, 'lag_23': 0.27204257652959646, 'lag_24': 0.35242037747671684, 'lag_25': 0.8228987703978575, 'lag_26': 0.5819813096992803, 'lag_27': 0.46024642096907165, 'lag_28': 0.205589118321558}. Best is trial 38 with value: 0.0036369749490562176.
[I 2025-09-29 13:25:39,488] Trial 80 finished with value: 0.004354844193211254 and parameters: {'lag_0': 0.31389510066765314, 'lag_1': 0.004704322467008359, 'lag_2': 0.5681242736363514, 'lag_3': 0.6107223177581358, 'lag_4': 0.007834228786687436, 'lag_5': 0.7703211308214084, 'lag_6': 0.6971849445236274, 'lag_7': 0.9328898306685801, 'lag_8': 0.1182298232400446, 'lag_9': 0.6833099550890349, 'lag_10': 0.9998048731266735, 'lag_11': 0.9027922197451197, 'lag_12': 0.7971801879215428, 'lag_13': 0.32515713688204895, 'lag_14': 0.7709128640976615, 'lag_15': 0.1792094106039639, 'lag_16': 0.4206887353848057, 'lag_17': 0.2077818633415361, 'lag_18': 0.30230237256309106, 'lag_19': 0.3557347205216513, 'lag_20': 0.3981416375115293, 'lag_21': 0.4422192861469305, 'lag_22': 0.3716080581457598, 'lag_23': 0.5149758257946971, 'lag_24': 0.388752421559846, 'lag_25': 0.9996633038957766, 'lag_26': 0.3671523273292592, 'lag_27': 0.7299465937280148, 'lag_28': 0.045258923671021675}. Best is trial 38 with value: 0.0036369749490562176.
[I 2025-09-29 13:25:42,031] Trial 81 finished with value: 0.003779714470420651 and parameters: {'lag_0': 0.6294535674711815, 'lag_1': 0.5197409034474059, 'lag_2': 0.7067929577060806, 'lag_3': 0.864182227505564, 'lag_4': 0.8524942825400097, 'lag_5': 0.9780486292042034, 'lag_6': 0.5301169622004573, 'lag_7': 0.3798644263767487, 'lag_8': 0.28073184842901383, 'lag_9': 0.2167966270626419, 'lag_10': 0.9324183724658206, 'lag_11': 0.8276414143063785, 'lag_12': 0.17222598080171997, 'lag_13': 0.27966271474605003, 'lag_14': 0.24447927398510128, 'lag_15': 0.11078772449332674, 'lag_16': 0.32787755938711793, 'lag_17': 0.2707351879035813, 'lag_18': 0.3483853053393105, 'lag_19': 0.7824672892063705, 'lag_20': 0.49140342915926055, 'lag_21': 0.48866887314251406, 'lag_22': 0.18987108477399983, 'lag_23': 0.33950594900804054, 'lag_24': 0.5710722419077566, 'lag_25': 0.8646600571863419, 'lag_26': 0.6986106436540158, 'lag_27': 0.5081443588314449, 'lag_28': 0.08514565106538284}. Best is trial 38 with value: 0.0036369749490562176.
[I 2025-09-29 13:25:44,573] Trial 82 finished with value: 0.004072583477209974 and parameters: {'lag_0': 0.5489063976792957, 'lag_1': 0.4631718165793187, 'lag_2': 0.8130925280338487, 'lag_3': 0.8022430864840353, 'lag_4': 0.852388886373739, 'lag_5': 0.9065276774986887, 'lag_6': 0.5483255755615728, 'lag_7': 0.40637969174968913, 'lag_8': 0.29227615055708905, 'lag_9': 0.20400597113976807, 'lag_10': 0.8163805132800737, 'lag_11': 0.006070720084392106, 'lag_12': 0.18477672780819587, 'lag_13': 0.2626612331523642, 'lag_14': 0.1733491777947207, 'lag_15': 0.14045793930540332, 'lag_16': 0.32360560771855595, 'lag_17': 0.2800889225472755, 'lag_18': 0.3375590560044349, 'lag_19': 0.3104188511488959, 'lag_20': 0.5883018789877951, 'lag_21': 0.5350267967980821, 'lag_22': 0.1748861698181962, 'lag_23': 0.30028614939072074, 'lag_24': 0.5128427325392101, 'lag_25': 0.8580232212410666, 'lag_26': 0.6593215861870967, 'lag_27': 0.5648857734909799, 'lag_28': 0.13081596530845696}. Best is trial 38 with value: 0.0036369749490562176.
[I 2025-09-29 13:25:47,105] Trial 83 finished with value: 0.0043033592173539695 and parameters: {'lag_0': 0.622509375818777, 'lag_1': 0.5449713705873587, 'lag_2': 0.6904681772930434, 'lag_3': 0.9769022474216054, 'lag_4': 0.8971801462917769, 'lag_5': 0.9817196047600798, 'lag_6': 0.509159221834572, 'lag_7': 0.4676708463342283, 'lag_8': 0.43525237149815243, 'lag_9': 0.32206472216465226, 'lag_10': 0.9381868858813063, 'lag_11': 0.8664368169506091, 'lag_12': 0.283849796056207, 'lag_13': 0.28765700486109824, 'lag_14': 0.245930376434704, 'lag_15': 0.11210772797075018, 'lag_16': 0.5359686931282045, 'lag_17': 0.16043745817605412, 'lag_18': 0.2296764030056926, 'lag_19': 0.7854559354900521, 'lag_20': 0.5411401482643471, 'lag_21': 0.676048355717364, 'lag_22': 0.2254136126400032, 'lag_23': 0.45457722501159825, 'lag_24': 0.5757473942823959, 'lag_25': 0.8120222197121136, 'lag_26': 0.6913324010879962, 'lag_27': 0.1259186324678035, 'lag_28': 0.06957970718347961}. Best is trial 38 with value: 0.0036369749490562176.
[I 2025-09-29 13:25:49,648] Trial 84 finished with value: 0.004049069407765815 and parameters: {'lag_0': 0.5027956528702437, 'lag_1': 0.43500644882276807, 'lag_2': 0.7153602406834676, 'lag_3': 0.935498637423459, 'lag_4': 0.8265943416453736, 'lag_5': 0.9184191065871388, 'lag_6': 0.5814110731980895, 'lag_7': 0.31367183798672205, 'lag_8': 0.22394374585612928, 'lag_9': 0.17189829629973705, 'lag_10': 0.9219911152755224, 'lag_11': 0.08507695232818326, 'lag_12': 0.22478137999716868, 'lag_13': 0.40626719423423385, 'lag_14': 0.34895269768514425, 'lag_15': 0.0986345818502101, 'lag_16': 0.4761908281683612, 'lag_17': 0.25485972340600416, 'lag_18': 0.3948179089505952, 'lag_19': 0.25233863293710707, 'lag_20': 0.9911939615634628, 'lag_21': 0.40886852836496296, 'lag_22': 0.13718846073845536, 'lag_23': 0.3851795959286337, 'lag_24': 0.6168942701889768, 'lag_25': 0.8768316152908635, 'lag_26': 0.7670865033366701, 'lag_27': 0.6122134292364981, 'lag_28': 0.15256180734495745}. Best is trial 38 with value: 0.0036369749490562176.
[I 2025-09-29 13:25:52,191] Trial 85 finished with value: 0.004436350196282591 and parameters: {'lag_0': 0.4238188513828966, 'lag_1': 0.5804975735974929, 'lag_2': 0.6479701048355171, 'lag_3': 0.8905599206586547, 'lag_4': 0.9375782023606758, 'lag_5': 0.8469279517557863, 'lag_6': 0.4380393185727004, 'lag_7': 0.2718748232445072, 'lag_8': 0.16526571013656943, 'lag_9': 0.9201303734787163, 'lag_10': 0.8630164275233095, 'lag_11': 0.8326116982446008, 'lag_12': 0.8771379849465076, 'lag_13': 0.4267678231323674, 'lag_14': 0.25376629356881863, 'lag_15': 0.5084967905163396, 'lag_16': 0.5209639473086395, 'lag_17': 0.12965768308258277, 'lag_18': 0.1287165939263847, 'lag_19': 0.6473000301821037, 'lag_20': 0.5138738079532563, 'lag_21': 0.566078299089672, 'lag_22': 0.28091381309341207, 'lag_23': 0.2356431360869751, 'lag_24': 0.2229973761078613, 'lag_25': 0.771471342047572, 'lag_26': 0.6926413454995004, 'lag_27': 0.6571351743529551, 'lag_28': 0.0330933965018163}. Best is trial 38 with value: 0.0036369749490562176.
[I 2025-09-29 13:25:54,742] Trial 86 finished with value: 0.004490871102684738 and parameters: {'lag_0': 0.8591816815215911, 'lag_1': 0.405452872714479, 'lag_2': 0.8559425064879347, 'lag_3': 0.40534657276976727, 'lag_4': 0.854967384870801, 'lag_5': 0.6115541509609762, 'lag_6': 0.5438842850639592, 'lag_7': 0.9997433798271682, 'lag_8': 0.27950056445457605, 'lag_9': 0.23931495310647605, 'lag_10': 0.7781315264852674, 'lag_11': 0.7017557727469718, 'lag_12': 0.7029379473624807, 'lag_13': 0.225419367378843, 'lag_14': 0.146928548141528, 'lag_15': 0.20058478163315402, 'lag_16': 0.2748727226593284, 'lag_17': 0.22670580410906732, 'lag_18': 0.3068922839611645, 'lag_19': 0.5307467385553216, 'lag_20': 0.12555862665252415, 'lag_21': 0.7351502397590939, 'lag_22': 0.8496954988155555, 'lag_23': 0.2863671793961808, 'lag_24': 0.43767832089619907, 'lag_25': 0.15356137115107105, 'lag_26': 0.0971015313459111, 'lag_27': 0.51197756170133, 'lag_28': 0.18270293510092145}. Best is trial 38 with value: 0.0036369749490562176.
