[I 2025-09-29 11:52:49,303] Trial 19 finished with value: 0.014595490036035066 and parameters: {'lag_0': 0.16484407949435714, 'lag_1': 0.3913966196155642, 'lag_2': 0.2731992095185506, 'lag_3': 0.37022503373359306, 'lag_4': 0.6616577078879109, 'lag_5': 0.48938524900609753, 'lag_6': 0.22788335139870605, 'lag_7': 0.7970155929761826, 'lag_8': 0.005530269009393546, 'lag_9': 0.4782224075397589, 'lag_10': 0.828986596201943, 'lag_11': 0.6042167788472218, 'lag_12': 0.7397745696828807, 'lag_13': 0.5847664287339269, 'lag_14': 0.5015672990873198, 'lag_15': 0.6202953836390943, 'lag_16': 0.4236888202684445, 'lag_17': 0.5996681952557196, 'lag_18': 0.3258473623491074, 'lag_19': 0.21662009264101445, 'lag_20': 0.4728150610512195, 'lag_21': 0.4118910990435374, 'lag_22': 0.008147556749464102, 'lag_23': 0.1178159357999523, 'lag_24': 0.8619529946457656, 'lag_25': 0.16241580738777242, 'lag_26': 0.534369028888539, 'lag_27': 0.3165525397800885, 'lag_28': 0.5427188863491058}. Best is trial 12 with value: 0.014471559677559958.
[I 2025-09-29 11:52:51,809] Trial 20 finished with value: 0.014589919254098032 and parameters: {'lag_0': 0.007594027163652761, 'lag_1': 0.8596200590940442, 'lag_2': 0.12566352627744515, 'lag_3': 0.16571036840282088, 'lag_4': 0.435280926215062, 'lag_5': 0.6798110477306718, 'lag_6': 0.8299714014404769, 'lag_7': 0.5545013318846027, 'lag_8': 0.16509341327870825, 'lag_9': 0.8155636253299884, 'lag_10': 0.9893583588903103, 'lag_11': 0.7141090253604087, 'lag_12': 0.7093540109638105, 'lag_13': 0.33961045258224704, 'lag_14': 0.24945166918861117, 'lag_15': 0.432478236770918, 'lag_16': 0.6433631327821506, 'lag_17': 0.35788029788003184, 'lag_18': 0.005177033245069816, 'lag_19': 0.5548786124763874, 'lag_20': 0.23575550077115914, 'lag_21': 0.10891450421102611, 'lag_22': 0.2092152746567269, 'lag_23': 0.44459588512961523, 'lag_24': 0.13100056560695705, 'lag_25': 0.4660006790801884, 'lag_26': 0.8810683190957396, 'lag_27': 0.8454400213566794, 'lag_28': 0.722660240528893}. Best is trial 12 with value: 0.014471559677559958.
[I 2025-09-29 11:52:54,307] Trial 21 finished with value: 0.014575127220784276 and parameters: {'lag_0': 0.06544368577417908, 'lag_1': 0.8065111901864613, 'lag_2': 0.10049405716709513, 'lag_3': 0.16644114237914856, 'lag_4': 0.4160863494200235, 'lag_5': 0.9955229775502952, 'lag_6': 0.7937828272619661, 'lag_7': 0.5503451697735682, 'lag_8': 0.18681053022886715, 'lag_9': 0.8499842337392458, 'lag_10': 0.988116126432627, 'lag_11': 0.9857155091031339, 'lag_12': 0.7132484303172414, 'lag_13': 0.32919106063063586, 'lag_14': 0.016305860983754937, 'lag_15': 0.4398284368242768, 'lag_16': 0.6362735302431501, 'lag_17': 0.32837748381365234, 'lag_18': 0.04477061765494897, 'lag_19': 0.5229114965549048, 'lag_20': 0.2440987377423404, 'lag_21': 0.07901366262310072, 'lag_22': 0.16889866312199248, 'lag_23': 0.46325885902659636, 'lag_24': 0.13321558711495463, 'lag_25': 0.45425646497892286, 'lag_26': 0.8661329816057034, 'lag_27': 0.8136842237580741, 'lag_28': 0.7213717355126461}. Best is trial 12 with value: 0.014471559677559958.
[I 2025-09-29 11:52:56,805] Trial 22 finished with value: 0.01452971568049102 and parameters: {'lag_0': 0.16067091094111793, 'lag_1': 0.7256530475070855, 'lag_2': 0.05157090836688939, 'lag_3': 0.0004366052556525335, 'lag_4': 0.22360053194035467, 'lag_5': 0.8713669006727399, 'lag_6': 0.7982312953895215, 'lag_7': 0.34218833661441583, 'lag_8': 0.22027714272370613, 'lag_9': 0.9766336271160471, 'lag_10': 0.887830321780203, 'lag_11': 0.9940847215749569, 'lag_12': 0.510033353524136, 'lag_13': 0.20535999883061257, 'lag_14': 0.02319117829630829, 'lag_15': 0.5666058556825769, 'lag_16': 0.47362161857249563, 'lag_17': 0.21182234369624806, 'lag_18': 0.10743341605402637, 'lag_19': 0.36118869390025565, 'lag_20': 0.06990649099819436, 'lag_21': 0.012092761056178583, 'lag_22': 0.3622662771514985, 'lag_23': 0.23548608837644322, 'lag_24': 0.0034806159865807262, 'lag_25': 0.5913826210565528, 'lag_26': 0.7672551467768329, 'lag_27': 0.6108151878040347, 'lag_28': 0.8115476820347036}. Best is trial 12 with value: 0.014471559677559958.
[I 2025-09-29 11:52:59,294] Trial 23 finished with value: 0.014614379461458665 and parameters: {'lag_0': 0.32436135152109563, 'lag_1': 0.6773110104647515, 'lag_2': 0.002137834105782749, 'lag_3': 0.04304958162866325, 'lag_4': 0.2079053147164139, 'lag_5': 0.8606238414316225, 'lag_6': 0.5487148874455173, 'lag_7': 0.3677329384145657, 'lag_8': 0.2696381058922115, 'lag_9': 0.9931981601948867, 'lag_10': 0.8871885197095735, 'lag_11': 0.8646430752102167, 'lag_12': 0.5447687083157898, 'lag_13': 0.20200919249740867, 'lag_14': 0.17760602237674133, 'lag_15': 0.5764353196472038, 'lag_16': 0.44659549965701933, 'lag_17': 0.1473211862116991, 'lag_18': 0.1758078057890865, 'lag_19': 0.35161572364566573, 'lag_20': 0.0634151451653899, 'lag_21': 0.1806637268996174, 'lag_22': 0.33764516641738, 'lag_23': 0.2129026675239714, 'lag_24': 0.014500969195237523, 'lag_25': 0.9996971383879347, 'lag_26': 0.7221139005219814, 'lag_27': 0.6461653905377653, 'lag_28': 0.8388941699835839}. Best is trial 12 with value: 0.014471559677559958.
[I 2025-09-29 11:53:01,789] Trial 24 finished with value: 0.014672371940851414 and parameters: {'lag_0': 0.17376297318868406, 'lag_1': 0.7643532595103637, 'lag_2': 0.19625363071507018, 'lag_3': 0.43931918767050293, 'lag_4': 0.10321493062006731, 'lag_5': 0.8444260520904552, 'lag_6': 0.38182235336924203, 'lag_7': 0.31144219337088175, 'lag_8': 0.4432850069023495, 'lag_9': 0.7386657119616222, 'lag_10': 0.6541665897307232, 'lag_11': 0.9175421687602214, 'lag_12': 0.3931975571654005, 'lag_13': 0.20248244739107113, 'lag_14': 0.05510210812348123, 'lag_15': 0.6505045326341727, 'lag_16': 0.28448663513986583, 'lag_17': 0.2157676415391292, 'lag_18': 0.10868925061348378, 'lag_19': 0.13077525099115378, 'lag_20': 0.1574987885624832, 'lag_21': 0.011080669287817035, 'lag_22': 0.422062062959388, 'lag_23': 0.00313533658678488, 'lag_24': 0.331982596215071, 'lag_25': 0.6006043235554086, 'lag_26': 0.6734505126816159, 'lag_27': 0.5434868010586682, 'lag_28': 0.8088554008047275}. Best is trial 12 with value: 0.014471559677559958.
[I 2025-09-29 11:53:04,283] Trial 25 finished with value: 0.014445133435242705 and parameters: {'lag_0': 0.503005350657589, 'lag_1': 0.9050603038938903, 'lag_2': 0.32832448523065405, 'lag_3': 0.02224647947206615, 'lag_4': 0.3354933256806498, 'lag_5': 0.7253003843721032, 'lag_6': 0.06935316961313061, 'lag_7': 0.018545783359201318, 'lag_8': 0.08969182123313058, 'lag_9': 0.25444754223543464, 'lag_10': 0.8533750259972507, 'lag_11': 0.7868491874018825, 'lag_12': 0.13975971415483468, 'lag_13': 0.4178973625954032, 'lag_14': 0.7218057826604751, 'lag_15': 0.5125648468444034, 'lag_16': 0.7697899216725033, 'lag_17': 0.5797226262533799, 'lag_18': 0.27879815336497465, 'lag_19': 0.420108664992614, 'lag_20': 0.0730034676731272, 'lag_21': 0.3111722738270087, 'lag_22': 0.5550948105447431, 'lag_23': 0.1015771077678066, 'lag_24': 0.06247743265469858, 'lag_25': 0.7598121087932819, 'lag_26': 0.5311134512738578, 'lag_27': 0.9982215513804285, 'lag_28': 0.9167164500834291}. Best is trial 25 with value: 0.014445133435242705.
[I 2025-09-29 11:53:06,783] Trial 26 finished with value: 0.014652356230824014 and parameters: {'lag_0': 0.4864101014444481, 'lag_1': 0.9273222790198139, 'lag_2': 0.47592193872386296, 'lag_3': 0.01135471572103006, 'lag_4': 0.3262871189620845, 'lag_5': 0.7232941003457668, 'lag_6': 0.8691629818748092, 'lag_7': 0.16318444252616593, 'lag_8': 0.07921158868502515, 'lag_9': 0.2400476981160654, 'lag_10': 0.5034968226076273, 'lag_11': 0.9961529996479516, 'lag_12': 0.11642131738276879, 'lag_13': 0.39722299515663806, 'lag_14': 0.6976840198367238, 'lag_15': 0.2964222353405015, 'lag_16': 0.7734990403123566, 'lag_17': 0.5790586537734788, 'lag_18': 0.2694216344777509, 'lag_19': 0.43642814123290696, 'lag_20': 0.09999054875737369, 'lag_21': 0.2854305353276231, 'lag_22': 0.5768207108331347, 'lag_23': 0.11089343605687146, 'lag_24': 0.01556761934570775, 'lag_25': 0.7413557702541849, 'lag_26': 0.9292352271675057, 'lag_27': 0.34666408679105964, 'lag_28': 0.997353936460118}. Best is trial 25 with value: 0.014445133435242705.
[I 2025-09-29 11:53:09,292] Trial 27 finished with value: 0.01506523022998664 and parameters: {'lag_0': 0.4924221205568694, 'lag_1': 0.5974891486887586, 'lag_2': 0.37342182878514857, 'lag_3': 0.21316863278807524, 'lag_4': 0.16600246742342015, 'lag_5': 0.4285047785201251, 'lag_6': 0.22400381936366798, 'lag_7': 0.03275563117907271, 'lag_8': 0.07505896404633766, 'lag_9': 0.9227293635301819, 'lag_10': 0.7290183701706764, 'lag_11': 0.7851338334859626, 'lag_12': 0.131783438989998, 'lag_13': 0.23635798773327252, 'lag_14': 0.9461804648060399, 'lag_15': 0.1838377787009226, 'lag_16': 0.9685085179520191, 'lag_17': 0.6886886426428934, 'lag_18': 0.09900044396149282, 'lag_19': 0.7060440186344836, 'lag_20': 0.40946847167336253, 'lag_21': 0.057771707851045524, 'lag_22': 0.7287395432036297, 'lag_23': 0.3207236227742011, 'lag_24': 0.21166450795206349, 'lag_25': 0.7605024610540138, 'lag_26': 0.8003384685229831, 'lag_27': 0.9841491691218028, 'lag_28': 0.9133984126404308}. Best is trial 25 with value: 0.014445133435242705.
[I 2025-09-29 11:53:11,784] Trial 28 finished with value: 0.014826354333569113 and parameters: {'lag_0': 0.6949065553897267, 'lag_1': 0.9052535808646284, 'lag_2': 0.28622476550258946, 'lag_3': 0.30367864915965287, 'lag_4': 0.2615888510419915, 'lag_5': 0.29397328674032197, 'lag_6': 0.06386073930705735, 'lag_7': 0.13495862607130932, 'lag_8': 0.06765644539812028, 'lag_9': 0.633043936427346, 'lag_10': 0.855022613441417, 'lag_11': 0.9090520337009652, 'lag_12': 0.46942099536332405, 'lag_13': 0.4389774303514892, 'lag_14': 0.20647340417049845, 'lag_15': 0.5512321016376235, 'lag_16': 0.7822979510298328, 'lag_17': 0.8778174114828345, 'lag_18': 0.23500531942889943, 'lag_19': 0.3464656240015531, 'lag_20': 0.2973915648051596, 'lag_21': 0.20253181468940057, 'lag_22': 0.5476955431648782, 'lag_23': 0.2510085448804126, 'lag_24': 0.8136849296298178, 'lag_25': 0.907154026946777, 'lag_26': 0.47853118441717624, 'lag_27': 0.43330739825342746, 'lag_28': 0.8966737655905191}. Best is trial 25 with value: 0.014445133435242705.
[I 2025-09-29 11:53:14,287] Trial 29 finished with value: 0.014959409193457571 and parameters: {'lag_0': 0.3326790849030519, 'lag_1': 0.6730981800141771, 'lag_2': 0.561518109064517, 'lag_3': 0.6271601648876168, 'lag_4': 0.00259191834049044, 'lag_5': 0.5443411094557503, 'lag_6': 0.2866287504359021, 'lag_7': 0.0320278455646158, 'lag_8': 0.9506829430974673, 'lag_9': 0.11906594388424879, 'lag_10': 0.4108630476903913, 'lag_11': 0.7633096407124945, 'lag_12': 0.36441397339806136, 'lag_13': 0.025140207938993298, 'lag_14': 0.3666259378516332, 'lag_15': 0.3466536243711616, 'lag_16': 0.9097585027485351, 'lag_17': 0.013476002110656832, 'lag_18': 0.16056025250917993, 'lag_19': 0.14853169440366704, 'lag_20': 0.6569579661062664, 'lag_21': 0.35837721420851726, 'lag_22': 0.6858485001049511, 'lag_23': 0.35891363002557664, 'lag_24': 0.4161565917222501, 'lag_25': 0.8460756466972966, 'lag_26': 0.5236706455317574, 'lag_27': 0.7465471073909263, 'lag_28': 0.7870126701770174}. Best is trial 25 with value: 0.014445133435242705.
[I 2025-09-29 11:53:16,791] Trial 30 finished with value: 0.014464745336559962 and parameters: {'lag_0': 0.45105444138333983, 'lag_1': 0.7488858421610641, 'lag_2': 0.21140579505482038, 'lag_3': 0.40629481702780473, 'lag_4': 0.07077053333887989, 'lag_5': 0.795993558374574, 'lag_6': 0.5946188277780068, 'lag_7': 0.9858262984287491, 'lag_8': 0.20053449063220238, 'lag_9': 0.5233851401907604, 'lag_10': 0.604441829701668, 'lag_11': 0.8738436802037874, 'lag_12': 0.5952991496969795, 'lag_13': 0.13067380412691565, 'lag_14': 0.08651976911468588, 'lag_15': 0.5074649032186819, 'lag_16': 0.17360769653253966, 'lag_17': 0.5464183781194654, 'lag_18': 0.37126042603183, 'lag_19': 0.8934808606707436, 'lag_20': 0.15114477757453992, 'lag_21': 0.4723513207861734, 'lag_22': 0.45272615902618935, 'lag_23': 0.7126760954536373, 'lag_24': 0.6817643681484415, 'lag_25': 0.689948711307774, 'lag_26': 0.7921582305758336, 'lag_27': 0.5287360090803904, 'lag_28': 0.6344706506992006}. Best is trial 25 with value: 0.014445133435242705.
[I 2025-09-29 11:53:19,292] Trial 31 finished with value: 0.014892313209535027 and parameters: {'lag_0': 0.4527410836967054, 'lag_1': 0.7302602638412775, 'lag_2': 0.2059795882911164, 'lag_3': 0.4248206569816325, 'lag_4': 0.09564196913306355, 'lag_5': 0.802736493726213, 'lag_6': 0.6035555676281106, 'lag_7': 0.9015580909682935, 'lag_8': 0.19167350790838256, 'lag_9': 0.5352814636101592, 'lag_10': 0.5849536512394883, 'lag_11': 0.8679698681713022, 'lag_12': 0.609431905536548, 'lag_13': 0.11704757472596092, 'lag_14': 0.07843097201391816, 'lag_15': 0.5047775830990108, 'lag_16': 0.12951097178394444, 'lag_17': 0.5188583662927908, 'lag_18': 0.346420630558666, 'lag_19': 0.8909878419717785, 'lag_20': 0.1832695059660853, 'lag_21': 0.4827080365868937, 'lag_22': 0.47567880885800806, 'lag_23': 0.6986806440970235, 'lag_24': 0.6640371291877336, 'lag_25': 0.6651980414226675, 'lag_26': 0.9984734010148361, 'lag_27': 0.5659985140232573, 'lag_28': 0.6145505353732691}. Best is trial 25 with value: 0.014445133435242705.
[I 2025-09-29 11:53:21,782] Trial 32 finished with value: 0.014365076654294418 and parameters: {'lag_0': 0.3418450579807118, 'lag_1': 0.7946912282893582, 'lag_2': 0.06814641233046129, 'lag_3': 0.6245131641363317, 'lag_4': 0.05252191302398157, 'lag_5': 0.8839821613714982, 'lag_6': 0.8967594879129699, 'lag_7': 0.771988833734744, 'lag_8': 0.002801137780729393, 'lag_9': 0.3254475041647975, 'lag_10': 0.7208981653131268, 'lag_11': 0.9323806509507617, 'lag_12': 0.5476141603761405, 'lag_13': 0.09215859858018563, 'lag_14': 0.006647854836660361, 'lag_15': 0.38328968875046115, 'lag_16': 0.16137806885219244, 'lag_17': 0.6903733608337567, 'lag_18': 0.5029969627903541, 'lag_19': 0.952219836827017, 'lag_20': 0.08973494969670637, 'lag_21': 0.6010907085224503, 'lag_22': 0.3971851803734271, 'lag_23': 0.8538049725490175, 'lag_24': 0.7306895522768079, 'lag_25': 0.526144427095308, 'lag_26': 0.6863599164667641, 'lag_27': 0.46859454492222485, 'lag_28': 0.856106390032852}. Best is trial 32 with value: 0.014365076654294418.
[I 2025-09-29 11:53:24,281] Trial 33 finished with value: 0.01490761088502765 and parameters: {'lag_0': 0.5350942599725436, 'lag_1': 0.005683625514394164, 'lag_2': 0.20848134560463755, 'lag_3': 0.558982220940785, 'lag_4': 0.05350038019494793, 'lag_5': 0.697540846474965, 'lag_6': 0.8984030745180692, 'lag_7': 0.9315125635435635, 'lag_8': 0.04836262891912915, 'lag_9': 0.30297820450831725, 'lag_10': 0.6541876970402711, 'lag_11': 0.8623850769860755, 'lag_12': 0.5866908490749879, 'lag_13': 0.08810255941535788, 'lag_14': 0.08459885176145863, 'lag_15': 0.36172382351693644, 'lag_16': 0.07259247880189013, 'lag_17': 0.6980624755828745, 'lag_18': 0.49720447734692613, 'lag_19': 0.9939148570023989, 'lag_20': 0.15442191760706514, 'lag_21': 0.657910390765949, 'lag_22': 0.5493921114325089, 'lag_23': 0.8846934035070176, 'lag_24': 0.7156016663577935, 'lag_25': 0.519369784910713, 'lag_26': 0.7080868835043889, 'lag_27': 0.47781930531545463, 'lag_28': 0.5247631794864511}. Best is trial 32 with value: 0.014365076654294418.
[I 2025-09-29 11:53:26,776] Trial 34 finished with value: 0.015073028433989033 and parameters: {'lag_0': 0.3625577484000347, 'lag_1': 0.9087532647005557, 'lag_2': 0.3464897606001633, 'lag_3': 0.5626316313265697, 'lag_4': 0.1677261909819059, 'lag_5': 0.7941985197839714, 'lag_6': 0.43245486871752326, 'lag_7': 0.9894878765367942, 'lag_8': 0.11200719679267829, 'lag_9': 0.39837714887806375, 'lag_10': 0.7488512210311693, 'lag_11': 0.8209882182593533, 'lag_12': 0.774366119028387, 'lag_13': 0.2818924685141244, 'lag_14': 0.16412029225591201, 'lag_15': 0.22083109389726246, 'lag_16': 0.18086234643888577, 'lag_17': 0.5489208066976867, 'lag_18': 0.41205714400605525, 'lag_19': 0.8703772161666611, 'lag_20': 0.2899369716702773, 'lag_21': 0.579410986394319, 'lag_22': 0.43488251261265143, 'lag_23': 0.8530214694770881, 'lag_24': 0.8114623642440745, 'lag_25': 0.3748325089253696, 'lag_26': 0.5572189378260559, 'lag_27': 0.2916791412912618, 'lag_28': 0.8677744708249511}. Best is trial 32 with value: 0.014365076654294418.
[I 2025-09-29 11:53:29,281] Trial 35 finished with value: 0.014403371998094295 and parameters: {'lag_0': 0.4248582930536877, 'lag_1': 0.7972678686530853, 'lag_2': 0.15844678867642864, 'lag_3': 0.6415162875748569, 'lag_4': 0.05874218039238124, 'lag_5': 0.6467190651593413, 'lag_6': 0.9911990339400543, 'lag_7': 0.7277940455906959, 'lag_8': 0.000270077733805166, 'lag_9': 0.3162770935448766, 'lag_10': 0.5803145103322426, 'lag_11': 0.6646708483054784, 'lag_12': 0.4372645386036659, 'lag_13': 0.07897530760666113, 'lag_14': 0.3326020064351065, 'lag_15': 0.41141317378527736, 'lag_16': 0.18835079668940033, 'lag_17': 0.7461223220475026, 'lag_18': 0.50999838791715, 'lag_19': 0.7186534748828564, 'lag_20': 0.0024689521702588035, 'lag_21': 0.4735719248400173, 'lag_22': 0.06763832622716448, 'lag_23': 0.7432218847261809, 'lag_24': 0.5706417852126868, 'lag_25': 0.6947067882150252, 'lag_26': 0.8087663189368354, 'lag_27': 0.40633107475372615, 'lag_28': 0.6656371886132504}. Best is trial 32 with value: 0.014365076654294418.
[I 2025-09-29 11:53:31,778] Trial 36 finished with value: 0.01469420758190639 and parameters: {'lag_0': 0.771541299905824, 'lag_1': 0.44224082898645245, 'lag_2': 0.4223787029722585, 'lag_3': 0.7145835553310949, 'lag_4': 0.05082599152221226, 'lag_5': 0.6562092674438869, 'lag_6': 0.9435654668721417, 'lag_7': 0.7773465901842228, 'lag_8': 0.00704907042571588, 'lag_9': 0.31860965619056736, 'lag_10': 0.5850882398692554, 'lag_11': 0.6248744837135258, 'lag_12': 0.18293246244900158, 'lag_13': 0.06691740713397719, 'lag_14': 0.43366943436945954, 'lag_15': 0.4060410872031161, 'lag_16': 0.16674195498472397, 'lag_17': 0.9542941383929646, 'lag_18': 0.493073432670805, 'lag_19': 0.7421958100346993, 'lag_20': 0.06503696529659261, 'lag_21': 0.45943328489925134, 'lag_22': 0.7747271779506212, 'lag_23': 0.9548372323471008, 'lag_24': 0.5431262874936663, 'lag_25': 0.7084705607529864, 'lag_26': 0.6804993467179875, 'lag_27': 0.25231429456768206, 'lag_28': 0.43308707731382606}. Best is trial 32 with value: 0.014365076654294418.
[I 2025-09-29 11:53:34,279] Trial 37 finished with value: 0.015178710969415046 and parameters: {'lag_0': 0.4583375156963233, 'lag_1': 0.7766665429584727, 'lag_2': 0.15232804757268278, 'lag_3': 0.6459851232855643, 'lag_4': 0.1503717846622411, 'lag_5': 0.9950323529443819, 'lag_6': 0.9881951806698784, 'lag_7': 0.8020136935997607, 'lag_8': 0.31761431963194375, 'lag_9': 0.48493495487416294, 'lag_10': 0.4227528620255046, 'lag_11': 0.6718576053435027, 'lag_12': 0.009676213338255829, 'lag_13': 0.1771427984916226, 'lag_14': 0.3171716993637334, 'lag_15': 0.3079644653031669, 'lag_16': 0.08105257137191939, 'lag_17': 0.7530292300946089, 'lag_18': 0.5558967827163562, 'lag_19': 0.847916533532175, 'lag_20': 0.014670953535905043, 'lag_21': 0.5782755011835194, 'lag_22': 0.07339981625966258, 'lag_23': 0.7233993090685924, 'lag_24': 0.612835871228959, 'lag_25': 0.8279162808879914, 'lag_26': 0.7910457968332625, 'lag_27': 0.41490583843015905, 'lag_28': 0.949530655869733}. Best is trial 32 with value: 0.014365076654294418.
[I 2025-09-29 11:53:36,787] Trial 38 finished with value: 0.01502843618232352 and parameters: {'lag_0': 0.9920729309598602, 'lag_1': 0.6020154510217354, 'lag_2': 0.2500834648801837, 'lag_3': 0.8578751843345799, 'lag_4': 0.004634134567723422, 'lag_5': 0.8800752557346072, 'lag_6': 0.7484489299478674, 'lag_7': 0.7334959973656302, 'lag_8': 0.007188291828945453, 'lag_9': 0.3697236193713886, 'lag_10': 0.5112470725813207, 'lag_11': 0.7660123908496298, 'lag_12': 0.32895671471370247, 'lag_13': 0.13266189307332468, 'lag_14': 0.8682565475299492, 'lag_15': 0.47409754086904393, 'lag_16': 0.018362415799168558, 'lag_17': 0.6727318170928359, 'lag_18': 0.3907925722090604, 'lag_19': 0.7544540406228909, 'lag_20': 0.10817439538778068, 'lag_21': 0.5239658190059326, 'lag_22': 0.09904277224674568, 'lag_23': 0.5833191157710903, 'lag_24': 0.5055431772029856, 'lag_25': 0.7877496839411041, 'lag_26': 0.4013354280963434, 'lag_27': 0.3774809199657229, 'lag_28': 0.3338725176589711}. Best is trial 32 with value: 0.014365076654294418.
[I 2025-09-29 11:53:39,401] Trial 39 finished with value: 0.014440251281792441 and parameters: {'lag_0': 0.5530435481718641, 'lag_1': 0.5009669597944266, 'lag_2': 0.3114567728425997, 'lag_3': 0.6104495246720727, 'lag_4': 0.36330110565714796, 'lag_5': 0.597982567698799, 'lag_6': 0.9280443275637658, 'lag_7': 0.8458535644803168, 'lag_8': 0.11098265161084235, 'lag_9': 0.2794369487086006, 'lag_10': 0.32497476881354065, 'lag_11': 0.5291157751962541, 'lag_12': 0.44902781848864814, 'lag_13': 0.26896184345197405, 'lag_14': 0.4277661226914516, 'lag_15': 0.17598352572574283, 'lag_16': 0.3547922703430704, 'lag_17': 0.43417434848439396, 'lag_18': 0.4499823897864496, 'lag_19': 0.9276504659905979, 'lag_20': 0.7619595043434, 'lag_21': 0.6800600499014341, 'lag_22': 0.8791754064389322, 'lag_23': 0.8075065011412619, 'lag_24': 0.5628275556741518, 'lag_25': 0.8785826609136631, 'lag_26': 0.3092292949562998, 'lag_27': 0.22760591909056532, 'lag_28': 0.7488693889948701}. Best is trial 32 with value: 0.014365076654294418.
