[I 2025-09-29 11:55:13,743] Trial 82 finished with value: 0.004566356610771828 and parameters: {'lag_0': 0.060393654389465375, 'lag_1': 0.4614906061264683, 'lag_2': 0.20720330147945062, 'lag_3': 0.43048103131166143, 'lag_4': 0.5254143385374435, 'lag_5': 0.7438727825023365, 'lag_6': 0.07238075918609028, 'lag_7': 0.5845093944859681, 'lag_8': 0.3957181554430515, 'lag_9': 0.9144279115794975, 'lag_10': 0.8456622125227079, 'lag_11': 0.08238803546151033, 'lag_12': 0.6230469428500761, 'lag_13': 0.9810020838277382, 'lag_14': 0.18102395834350013, 'lag_15': 0.5151299573156881, 'lag_16': 0.04675025949194023, 'lag_17': 0.8610773954277884, 'lag_18': 0.8290665667462964, 'lag_19': 0.5565043608882116, 'lag_20': 0.18745469810665658, 'lag_21': 0.19662838596512672, 'lag_22': 0.6471882058465229, 'lag_23': 0.8988237827403247, 'lag_24': 0.16570048289559097, 'lag_25': 0.5691140626732848, 'lag_26': 0.3027750449789433, 'lag_27': 0.29154647638412895, 'lag_28': 0.538068017430581}. Best is trial 71 with value: 0.004012206790276492.
[I 2025-09-29 11:55:16,095] Trial 83 finished with value: 0.004394331082708805 and parameters: {'lag_0': 0.20073914567865103, 'lag_1': 0.36452648537664467, 'lag_2': 0.26217891276786537, 'lag_3': 0.26752380959445554, 'lag_4': 0.5809986908677656, 'lag_5': 0.7113855067063363, 'lag_6': 0.18282630834996433, 'lag_7': 0.5176831582670083, 'lag_8': 0.3374007979400515, 'lag_9': 0.9695901227884267, 'lag_10': 0.892632542038578, 'lag_11': 0.22070356705883284, 'lag_12': 0.5921286416250249, 'lag_13': 0.9367375675779939, 'lag_14': 0.31307808987446056, 'lag_15': 0.3802854291252489, 'lag_16': 0.17099336646806929, 'lag_17': 0.1758333038140196, 'lag_18': 0.5736185989247936, 'lag_19': 0.5020780602601363, 'lag_20': 0.29684615325262514, 'lag_21': 0.2246452918698079, 'lag_22': 0.708243263598011, 'lag_23': 0.8070546674520754, 'lag_24': 0.26301561111500465, 'lag_25': 0.6244509014247241, 'lag_26': 0.34365709412402995, 'lag_27': 0.4128862084646167, 'lag_28': 0.6917815110958346}. Best is trial 71 with value: 0.004012206790276492.
[I 2025-09-29 11:55:18,444] Trial 84 finished with value: 0.00464231077813132 and parameters: {'lag_0': 0.11522905418795587, 'lag_1': 0.5502313097946432, 'lag_2': 0.318165115767904, 'lag_3': 0.34297721494325906, 'lag_4': 0.6118943693316667, 'lag_5': 0.6504726914242781, 'lag_6': 0.12392410387130705, 'lag_7': 0.6076677203867485, 'lag_8': 0.8371756965636634, 'lag_9': 0.9050123723399951, 'lag_10': 0.7580537419919389, 'lag_11': 0.1562270966392745, 'lag_12': 0.6719379954503463, 'lag_13': 0.8363657204894882, 'lag_14': 0.2640970958084491, 'lag_15': 0.32624274094154454, 'lag_16': 0.09742339613196549, 'lag_17': 0.10111898455657303, 'lag_18': 0.7339116977742489, 'lag_19': 0.5812558826794076, 'lag_20': 0.40487516204816665, 'lag_21': 0.31306934784440116, 'lag_22': 0.8538480730859025, 'lag_23': 0.9386006015038735, 'lag_24': 0.11254536217753863, 'lag_25': 0.44281036182301026, 'lag_26': 0.3642562049689486, 'lag_27': 0.3913502791417404, 'lag_28': 0.6511929806208219}. Best is trial 71 with value: 0.004012206790276492.
[I 2025-09-29 11:55:20,795] Trial 85 finished with value: 0.004046881387107054 and parameters: {'lag_0': 0.03019254468032566, 'lag_1': 0.3898205038393596, 'lag_2': 0.06540820315541315, 'lag_3': 0.3932090763857858, 'lag_4': 0.4454933640217552, 'lag_5': 0.5615819994439978, 'lag_6': 0.05000105161353802, 'lag_7': 0.696218352191071, 'lag_8': 0.9126579701967361, 'lag_9': 0.9772673550990273, 'lag_10': 0.8241960623912464, 'lag_11': 0.27827879862982663, 'lag_12': 0.7561989227405759, 'lag_13': 0.6618995986393912, 'lag_14': 0.22368437701496574, 'lag_15': 0.4099393386212345, 'lag_16': 0.13587323022079567, 'lag_17': 0.14244290335833998, 'lag_18': 0.8079839949859922, 'lag_19': 0.33968058697039427, 'lag_20': 0.6926669594270143, 'lag_21': 0.14434549888226011, 'lag_22': 0.7735307371632172, 'lag_23': 0.8452318351719075, 'lag_24': 0.14240265475128822, 'lag_25': 0.4046740503851095, 'lag_26': 0.4243503658106069, 'lag_27': 0.8291936693098207, 'lag_28': 0.5534934186819329}. Best is trial 71 with value: 0.004012206790276492.
[I 2025-09-29 11:55:23,151] Trial 86 finished with value: 0.004008003331965709 and parameters: {'lag_0': 0.023454682348930667, 'lag_1': 0.4024672966404652, 'lag_2': 0.04972857201775574, 'lag_3': 0.3794156158044212, 'lag_4': 0.48948019983114643, 'lag_5': 0.5902583429531963, 'lag_6': 0.7661684099975127, 'lag_7': 0.6806274778635992, 'lag_8': 0.9183533034318027, 'lag_9': 0.8198256936687052, 'lag_10': 0.6823168681977738, 'lag_11': 0.257779355505021, 'lag_12': 0.7360041951109497, 'lag_13': 0.7848475605125833, 'lag_14': 0.6721392593883531, 'lag_15': 0.4067650318120046, 'lag_16': 0.141988672468305, 'lag_17': 0.2709606247174719, 'lag_18': 0.6807077057557184, 'lag_19': 0.1266133364870845, 'lag_20': 0.7854430602318314, 'lag_21': 0.12018791669673365, 'lag_22': 0.7656779074555432, 'lag_23': 0.6919425753012937, 'lag_24': 0.1942950063370807, 'lag_25': 0.39620054095970536, 'lag_26': 0.5362410979905154, 'lag_27': 0.721492964385395, 'lag_28': 0.5539464613325865}. Best is trial 86 with value: 0.004008003331965709.
[I 2025-09-29 11:55:25,503] Trial 87 finished with value: 0.004530911473707712 and parameters: {'lag_0': 0.02641226840700161, 'lag_1': 0.42149931061124657, 'lag_2': 0.0531288990330778, 'lag_3': 0.17811810716009047, 'lag_4': 0.3837219428444371, 'lag_5': 0.6027392275383331, 'lag_6': 0.7765362225584074, 'lag_7': 0.6939883744401549, 'lag_8': 0.978190763295592, 'lag_9': 0.5083447874409112, 'lag_10': 0.6030503007370382, 'lag_11': 0.25694289295827216, 'lag_12': 0.7464912498227856, 'lag_13': 0.659270414113576, 'lag_14': 0.7314144090348007, 'lag_15': 0.02769017107437216, 'lag_16': 0.13968081097373086, 'lag_17': 0.2729762573107627, 'lag_18': 0.6701127217717815, 'lag_19': 0.12354513732798174, 'lag_20': 0.7663558265178227, 'lag_21': 0.1412306732071327, 'lag_22': 0.7717623496176117, 'lag_23': 0.6986553701960388, 'lag_24': 0.14682134498557411, 'lag_25': 0.3966048358715797, 'lag_26': 0.5299340092712943, 'lag_27': 0.20360221763378938, 'lag_28': 0.558821043218233}. Best is trial 86 with value: 0.004008003331965709.
[I 2025-09-29 11:55:27,853] Trial 88 finished with value: 0.00416058311816287 and parameters: {'lag_0': 6.848478963712365e-05, 'lag_1': 0.39337764672264197, 'lag_2': 0.025038617037043603, 'lag_3': 0.3810139442283334, 'lag_4': 0.49167547055499616, 'lag_5': 0.4844298877446554, 'lag_6': 0.7125656405774158, 'lag_7': 0.7474403115748821, 'lag_8': 0.9144025449177063, 'lag_9': 0.8184761194508446, 'lag_10': 0.6902368730076315, 'lag_11': 0.20763594047259404, 'lag_12': 0.8153191239441885, 'lag_13': 0.7824395163024187, 'lag_14': 0.6362019992139805, 'lag_15': 0.3994345319755283, 'lag_16': 0.2737170674631319, 'lag_17': 0.06915118989117904, 'lag_18': 0.6785035322946509, 'lag_19': 0.0414773040688074, 'lag_20': 0.7988864322304524, 'lag_21': 0.0022567430276460576, 'lag_22': 0.6695259794841983, 'lag_23': 0.7494451276374964, 'lag_24': 0.49728787245380596, 'lag_25': 0.46424678481219306, 'lag_26': 0.5586280565259605, 'lag_27': 0.7037749955307347, 'lag_28': 0.46989435914996686}. Best is trial 86 with value: 0.004008003331965709.
[I 2025-09-29 11:55:30,204] Trial 89 finished with value: 0.004399520605289464 and parameters: {'lag_0': 0.0030990245353527783, 'lag_1': 0.3975654984716469, 'lag_2': 0.019977069676846315, 'lag_3': 0.41677926152865763, 'lag_4': 0.4528458377858646, 'lag_5': 0.4328293198430958, 'lag_6': 0.7297088611513911, 'lag_7': 0.7331296334367552, 'lag_8': 0.9082125709091365, 'lag_9': 0.8098182695219139, 'lag_10': 0.6776642769195909, 'lag_11': 0.2614778193055515, 'lag_12': 0.9180602458325672, 'lag_13': 0.7727042648913828, 'lag_14': 0.6962403326881035, 'lag_15': 0.4225253257244881, 'lag_16': 0.26732921699143425, 'lag_17': 0.40252813271153753, 'lag_18': 0.6965156425576401, 'lag_19': 0.024326799503100613, 'lag_20': 0.8001411437471417, 'lag_21': 0.00349464430011405, 'lag_22': 0.674494393725198, 'lag_23': 0.6510956317332571, 'lag_24': 0.8407391193786251, 'lag_25': 0.37390809152974896, 'lag_26': 0.5812540435617498, 'lag_27': 0.7210917639459681, 'lag_28': 0.39025076830127126}. Best is trial 86 with value: 0.004008003331965709.
[I 2025-09-29 11:55:32,563] Trial 90 finished with value: 0.004351719448737725 and parameters: {'lag_0': 0.033517820002558874, 'lag_1': 0.47869276419092477, 'lag_2': 0.06956792068284359, 'lag_3': 0.29688151392852935, 'lag_4': 0.4396861425026446, 'lag_5': 0.8619008486078863, 'lag_6': 0.790139517593342, 'lag_7': 0.6754694456836782, 'lag_8': 0.935640973090173, 'lag_9': 0.7540543474498164, 'lag_10': 0.5422587369429402, 'lag_11': 0.6973570393317057, 'lag_12': 0.8311605105782882, 'lag_13': 0.6117503796797394, 'lag_14': 0.5954292816210954, 'lag_15': 0.40934425732440893, 'lag_16': 0.21557621568987761, 'lag_17': 0.027416983248379587, 'lag_18': 0.49780560728427853, 'lag_19': 0.0730965803719559, 'lag_20': 0.8876709044276259, 'lag_21': 0.08022097519980209, 'lag_22': 0.8065703470569643, 'lag_23': 0.5993465711295117, 'lag_24': 0.6257090988833585, 'lag_25': 0.3282608118445169, 'lag_26': 0.6323992143834533, 'lag_27': 0.752141589896383, 'lag_28': 0.04065005329773358}. Best is trial 86 with value: 0.004008003331965709.
[I 2025-09-29 11:55:34,917] Trial 91 finished with value: 0.004279735181503877 and parameters: {'lag_0': 0.09117584517444254, 'lag_1': 0.3907668044882527, 'lag_2': 0.004534717704088587, 'lag_3': 0.38149555879239666, 'lag_4': 0.48738408118521376, 'lag_5': 0.5071040759414928, 'lag_6': 0.022342138888905082, 'lag_7': 0.7315710998021067, 'lag_8': 0.87562047716499, 'lag_9': 0.6955453373356462, 'lag_10': 0.7319524563090316, 'lag_11': 0.19574256424032907, 'lag_12': 0.7805620080308096, 'lag_13': 0.8262941953266805, 'lag_14': 0.7968779053190733, 'lag_15': 0.12480359922286965, 'lag_16': 0.17015679567998868, 'lag_17': 0.07544431475829394, 'lag_18': 0.6474202268316086, 'lag_19': 0.05042028239305665, 'lag_20': 0.7842685344242255, 'lag_21': 0.10737968110715192, 'lag_22': 0.7153591500353577, 'lag_23': 0.7539201781168825, 'lag_24': 0.5644267025503943, 'lag_25': 0.462255200360896, 'lag_26': 0.5530919773740162, 'lag_27': 0.6929596228417192, 'lag_28': 0.5496714041399082}. Best is trial 86 with value: 0.004008003331965709.
[I 2025-09-29 11:55:37,265] Trial 92 finished with value: 0.004242205575793616 and parameters: {'lag_0': 0.5880439997023706, 'lag_1': 0.4436191213836129, 'lag_2': 0.028933714399003496, 'lag_3': 0.3683375447169529, 'lag_4': 0.5404324227612177, 'lag_5': 0.676638806699398, 'lag_6': 0.09840603300652212, 'lag_7': 0.7522992897471693, 'lag_8': 0.8982101980747486, 'lag_9': 0.9794447756414132, 'lag_10': 0.6853756545306173, 'lag_11': 0.17473195197398184, 'lag_12': 0.8029542086963147, 'lag_13': 0.7482607233087247, 'lag_14': 0.6699593987377038, 'lag_15': 0.460185200050437, 'lag_16': 0.1940373705955936, 'lag_17': 0.21337163863227138, 'lag_18': 0.7177385290014677, 'lag_19': 0.18592939377969628, 'lag_20': 0.7306491454556212, 'lag_21': 0.03278449298632108, 'lag_22': 0.7734947863408957, 'lag_23': 0.6962033762980454, 'lag_24': 0.22414309523605247, 'lag_25': 0.4108057749214336, 'lag_26': 0.5083610594099017, 'lag_27': 0.598865100804155, 'lag_28': 0.48578418405950735}. Best is trial 86 with value: 0.004008003331965709.
[I 2025-09-29 11:55:39,617] Trial 93 finished with value: 0.004359955386406926 and parameters: {'lag_0': 0.011724288174506367, 'lag_1': 0.2967972629140551, 'lag_2': 0.10555618383664112, 'lag_3': 0.39251497287367587, 'lag_4': 0.5170755709745058, 'lag_5': 0.623233606692889, 'lag_6': 0.6961346998711494, 'lag_7': 0.6226972344093327, 'lag_8': 0.8533172464629459, 'lag_9': 0.8697937119982719, 'lag_10': 0.46000375352035516, 'lag_11': 0.21420294122850259, 'lag_12': 0.7386105522115679, 'lag_13': 0.6949110907307414, 'lag_14': 0.5428510113600458, 'lag_15': 0.670334800600905, 'lag_16': 0.05941551095420507, 'lag_17': 0.053323648404303856, 'lag_18': 0.6802476984257926, 'lag_19': 0.10607591960282518, 'lag_20': 0.8296263742137515, 'lag_21': 0.16525773880477054, 'lag_22': 0.6967949237938431, 'lag_23': 0.5627325968426143, 'lag_24': 0.028449876582383522, 'lag_25': 0.4691538307509574, 'lag_26': 0.47968366629440407, 'lag_27': 0.785202642276696, 'lag_28': 0.5855688675576657}. Best is trial 86 with value: 0.004008003331965709.
[I 2025-09-29 11:55:41,968] Trial 94 finished with value: 0.004478413609229123 and parameters: {'lag_0': 0.05080902065153817, 'lag_1': 0.3197618711220388, 'lag_2': 0.04289218742304988, 'lag_3': 0.3039715727461549, 'lag_4': 0.48501160633236523, 'lag_5': 0.4660451571381033, 'lag_6': 0.7104661048024341, 'lag_7': 0.6702633911943098, 'lag_8': 0.92143885865274, 'lag_9': 0.8486401068801934, 'lag_10': 0.7881589532450425, 'lag_11': 0.2443747686990282, 'lag_12': 0.8864219437270631, 'lag_13': 0.8838787057850692, 'lag_14': 0.6145550397304853, 'lag_15': 0.5757768035730033, 'lag_16': 0.10893478317875804, 'lag_17': 0.11105854832537884, 'lag_18': 0.7994231132924832, 'lag_19': 0.13798416871239622, 'lag_20': 0.8878213403199666, 'lag_21': 0.13336211345968982, 'lag_22': 0.6570867893762022, 'lag_23': 0.7901642553808633, 'lag_24': 0.5220562205850782, 'lag_25': 0.506188277692772, 'lag_26': 0.4348521248691314, 'lag_27': 0.6802840560460153, 'lag_28': 0.4415171225863327}. Best is trial 86 with value: 0.004008003331965709.
[I 2025-09-29 11:55:44,317] Trial 95 finished with value: 0.004385388397196205 and parameters: {'lag_0': 0.1872501537057361, 'lag_1': 0.2781789724485425, 'lag_2': 0.07126029299535719, 'lag_3': 0.3355685026348851, 'lag_4': 0.42932873226762736, 'lag_5': 0.5262179310891082, 'lag_6': 0.8334126939202237, 'lag_7': 0.714098301595802, 'lag_8': 0.9737660354420102, 'lag_9': 0.9436551525829183, 'lag_10': 0.7481023693402146, 'lag_11': 0.28355215739932793, 'lag_12': 0.7637836457879259, 'lag_13': 0.6588469006898308, 'lag_14': 0.6522573035363505, 'lag_15': 0.49611670819931647, 'lag_16': 0.2855752614872886, 'lag_17': 0.0875222868249428, 'lag_18': 0.6248240860144603, 'lag_19': 0.3343876193983839, 'lag_20': 0.695700137116421, 'lag_21': 0.08668988966092944, 'lag_22': 0.8310001906412267, 'lag_23': 0.6444551092922219, 'lag_24': 0.4426748019768334, 'lag_25': 0.36091031729439915, 'lag_26': 0.46101371920729545, 'lag_27': 0.8154209585169203, 'lag_28': 0.6087199175766521}. Best is trial 86 with value: 0.004008003331965709.
[I 2025-09-29 11:55:46,677] Trial 96 finished with value: 0.004949886685378512 and parameters: {'lag_0': 0.11885008509655393, 'lag_1': 0.4755247656518117, 'lag_2': 0.15404573344964523, 'lag_3': 0.0199931512797325, 'lag_4': 0.324191586476131, 'lag_5': 0.5713905779291074, 'lag_6': 0.5295138959932886, 'lag_7': 0.7857172287051364, 'lag_8': 0.9902009027018367, 'lag_9': 0.9981929782421951, 'lag_10': 0.6990395421652088, 'lag_11': 0.21204984440844626, 'lag_12': 0.682011377691812, 'lag_13': 0.7809446902227964, 'lag_14': 0.8235004893554676, 'lag_15': 0.3262378281533147, 'lag_16': 0.4904804082694758, 'lag_17': 0.630723234947006, 'lag_18': 0.7703974523589964, 'lag_19': 0.011313560112025889, 'lag_20': 0.6424177357134278, 'lag_21': 0.058804740643326026, 'lag_22': 0.7867059382896042, 'lag_23': 0.6748977550359869, 'lag_24': 0.920382326133856, 'lag_25': 0.4521515789433606, 'lag_26': 0.49856994111836633, 'lag_27': 0.7590648368535614, 'lag_28': 0.7254026350017949}. Best is trial 86 with value: 0.004008003331965709.
[I 2025-09-29 11:55:49,037] Trial 97 finished with value: 0.00465162213841294 and parameters: {'lag_0': 0.2166990568308601, 'lag_1': 0.6108507234654528, 'lag_2': 0.11567696620524076, 'lag_3': 0.2390244607857323, 'lag_4': 0.3808708842384355, 'lag_5': 0.017625476626845882, 'lag_6': 0.6164313374488626, 'lag_7': 0.5807709279099833, 'lag_8': 0.9496624840834809, 'lag_9': 0.8123159951081331, 'lag_10': 0.5815122245658481, 'lag_11': 0.34596011071960636, 'lag_12': 0.7104106972868443, 'lag_13': 0.7483719550843498, 'lag_14': 0.4492711379340627, 'lag_15': 0.36403884954015897, 'lag_16': 0.13834165226681808, 'lag_17': 0.1435467678639507, 'lag_18': 0.5668184502036836, 'lag_19': 0.18340225988411762, 'lag_20': 0.7390553808251447, 'lag_21': 0.19683403243524233, 'lag_22': 0.4250511504792319, 'lag_23': 0.7497529877601186, 'lag_24': 0.05900592062170884, 'lag_25': 0.547375695224577, 'lag_26': 0.6348863840581211, 'lag_27': 0.8310883679927947, 'lag_28': 0.6794243064547412}. Best is trial 86 with value: 0.004008003331965709.
[I 2025-09-29 11:55:51,392] Trial 98 finished with value: 0.0045157974476770935 and parameters: {'lag_0': 0.07825962029588404, 'lag_1': 0.7071036380598352, 'lag_2': 0.17394041341582864, 'lag_3': 0.5230833152454448, 'lag_4': 0.40180006218087616, 'lag_5': 0.057856739342851224, 'lag_6': 0.14906205879341378, 'lag_7': 0.6472286115065591, 'lag_8': 0.8073174045249205, 'lag_9': 0.7800964649298832, 'lag_10': 0.7832166246236121, 'lag_11': 0.37226928839216056, 'lag_12': 0.8345200735876787, 'lag_13': 0.8749065194841187, 'lag_14': 0.8935362150056576, 'lag_15': 0.396863926494292, 'lag_16': 0.24835581283620067, 'lag_17': 0.027875922836632483, 'lag_18': 0.5246014675530749, 'lag_19': 0.21361923816396694, 'lag_20': 0.8256568035006715, 'lag_21': 0.4454336057248541, 'lag_22': 0.7245119338418701, 'lag_23': 0.88306189766988, 'lag_24': 0.12043423470608479, 'lag_25': 0.3059740202598374, 'lag_26': 0.32380826638345617, 'lag_27': 0.7135347320278417, 'lag_28': 0.6457983354546308}. Best is trial 86 with value: 0.004008003331965709.
[I 2025-09-29 11:55:53,746] Trial 99 finished with value: 0.004459904936172137 and parameters: {'lag_0': 0.6306163956619159, 'lag_1': 0.43038770945235405, 'lag_2': 0.0875916701016752, 'lag_3': 0.9215970345966686, 'lag_4': 0.4747825572315544, 'lag_5': 0.6566698021037286, 'lag_6': 0.29903635553817853, 'lag_7': 0.6113022862036986, 'lag_8': 0.8586960595587056, 'lag_9': 0.6289516306591769, 'lag_10': 0.8247965351211884, 'lag_11': 0.26842102647835103, 'lag_12': 0.22157449468749058, 'lag_13': 0.8172847418614437, 'lag_14': 0.3903308956597268, 'lag_15': 0.2444480416955131, 'lag_16': 0.08311279191448641, 'lag_17': 0.18903339193911228, 'lag_18': 0.7391330833231099, 'lag_19': 0.061746827899666776, 'lag_20': 0.7761479675981725, 'lag_21': 0.3993539723382168, 'lag_22': 0.6088903599011779, 'lag_23': 0.8130241406122111, 'lag_24': 0.38229019253483876, 'lag_25': 0.3916097596973529, 'lag_26': 0.5613167106502169, 'lag_27': 0.858751463528338, 'lag_28': 0.5343718486183527}. Best is trial 86 with value: 0.004008003331965709.
[I 2025-09-29 11:55:53,759] A new study created in memory with name: no-name-53045315-f971-406a-97b7-37f2d69fed68
[I 2025-09-29 11:55:56,068] Trial 0 finished with value: 0.0031920538343817445 and parameters: {'lag_0': 0.9546903738189914, 'lag_1': 0.8101119568437651, 'lag_2': 0.5537590583457314, 'lag_3': 0.8191649439135564, 'lag_4': 0.9863206218073743, 'lag_5': 0.595973759930334, 'lag_6': 0.27361677422453257, 'lag_7': 0.3254001381045927, 'lag_8': 0.24682473799156418, 'lag_9': 0.8963307746548286, 'lag_10': 0.9516418126977325, 'lag_11': 0.019026714672871686, 'lag_12': 0.4259871040346415, 'lag_13': 0.22135433083869374, 'lag_14': 0.8263126368045102, 'lag_15': 0.5942905389452654, 'lag_16': 0.5929502900418884, 'lag_17': 0.39343101886724885, 'lag_18': 0.9395507698250645, 'lag_19': 0.4762055670211037, 'lag_20': 0.913009744200173, 'lag_21': 0.9967321222954134, 'lag_22': 0.2526397249155111, 'lag_23': 0.48763038517348883, 'lag_24': 0.2169501346952777, 'lag_25': 0.824861788393205, 'lag_26': 0.0174463544543455, 'lag_27': 0.5805532669110991, 'lag_28': 0.5476592498072066}. Best is trial 0 with value: 0.0031920538343817445.
[I 2025-09-29 11:55:58,367] Trial 1 finished with value: 0.0031605861158573306 and parameters: {'lag_0': 0.3726244826582765, 'lag_1': 0.1935999743165032, 'lag_2': 0.09345034447275515, 'lag_3': 0.1073794433065377, 'lag_4': 0.46429012380230933, 'lag_5': 0.7573745851798385, 'lag_6': 0.2858227066403721, 'lag_7': 0.8596848778807639, 'lag_8': 0.5879103631264787, 'lag_9': 0.8486393947466981, 'lag_10': 0.28417582285811416, 'lag_11': 0.44362734985915625, 'lag_12': 0.5269929234894543, 'lag_13': 0.6560488816845996, 'lag_14': 0.023453804593637044, 'lag_15': 0.3435641284766565, 'lag_16': 0.3339226620507284, 'lag_17': 0.9582986943821926, 'lag_18': 0.2433550657598913, 'lag_19': 0.12737045059621632, 'lag_20': 0.2513997690528289, 'lag_21': 0.9058903224805985, 'lag_22': 0.6508262177307337, 'lag_23': 0.15160356221607016, 'lag_24': 0.4515705563077147, 'lag_25': 0.5076965594278892, 'lag_26': 0.708114547487258, 'lag_27': 0.9284653862729905, 'lag_28': 0.6553941489202267}. Best is trial 1 with value: 0.0031605861158573306.
[I 2025-09-29 11:56:00,682] Trial 2 finished with value: 0.002949201874067772 and parameters: {'lag_0': 0.8523219983010227, 'lag_1': 0.9310532059617925, 'lag_2': 0.17805686787512215, 'lag_3': 0.5321902173548045, 'lag_4': 0.3472553332399493, 'lag_5': 0.6905916707172399, 'lag_6': 0.7114959665289782, 'lag_7': 0.16101716966281687, 'lag_8': 0.5691102536339162, 'lag_9': 0.3853809048556945, 'lag_10': 0.6639268629478594, 'lag_11': 0.14841260119842295, 'lag_12': 0.51334875572882, 'lag_13': 0.11341257230341602, 'lag_14': 0.31708607829777874, 'lag_15': 0.07456183188381557, 'lag_16': 0.14922082416604485, 'lag_17': 0.5701995627177747, 'lag_18': 0.9302249742154682, 'lag_19': 0.17424761708083422, 'lag_20': 0.4937003288983831, 'lag_21': 0.8904777070375954, 'lag_22': 0.5787485627701306, 'lag_23': 0.49992065438667477, 'lag_24': 0.7163542334798703, 'lag_25': 0.8996881458415861, 'lag_26': 0.8222133939380352, 'lag_27': 0.8538630867903609, 'lag_28': 0.9600385557181215}. Best is trial 2 with value: 0.002949201874067772.
