[I 2025-09-29 13:21:30,898] Trial 82 finished with value: 0.006590869424668025 and parameters: {'lag_0': 0.9500534269052852, 'lag_1': 0.443812709820228, 'lag_2': 0.8405969014239966, 'lag_3': 0.8359474104505071, 'lag_4': 0.5539830581960433, 'lag_5': 0.7122630022875118, 'lag_6': 0.8062954754963947, 'lag_7': 0.09909026065304513, 'lag_8': 0.8345166690277943, 'lag_9': 0.41908984151559014, 'lag_10': 0.32143557202780937, 'lag_11': 0.673880665232246, 'lag_12': 0.6396454458601848, 'lag_13': 0.19501199909769765, 'lag_14': 0.4186089136920483, 'lag_15': 0.4921458632083709, 'lag_16': 0.4596536703932988, 'lag_17': 0.4050929474786583, 'lag_18': 0.12849657398280961, 'lag_19': 0.30018964873427284, 'lag_20': 0.23092888526617183, 'lag_21': 0.026950910622391966, 'lag_22': 0.4857798580228829, 'lag_23': 0.6264343879051976, 'lag_24': 0.08450675347175304, 'lag_25': 0.6883786006075899, 'lag_26': 0.4997751537504094, 'lag_27': 0.0674950609431902, 'lag_28': 0.30672891674673536}. Best is trial 16 with value: 0.006140212903580585.
[I 2025-09-29 13:21:33,459] Trial 83 finished with value: 0.006839588460689961 and parameters: {'lag_0': 0.8800222669721477, 'lag_1': 0.8406633085068146, 'lag_2': 0.8742030880289786, 'lag_3': 0.5312877286938065, 'lag_4': 0.46470326204445483, 'lag_5': 0.947815585110802, 'lag_6': 0.7622885234935186, 'lag_7': 0.06176097464064484, 'lag_8': 0.8103920997095717, 'lag_9': 0.4839711576389034, 'lag_10': 0.24530010355782556, 'lag_11': 0.6302043899488319, 'lag_12': 0.7672678813114274, 'lag_13': 0.235653973881023, 'lag_14': 0.4859891496577815, 'lag_15': 0.4689044269177961, 'lag_16': 0.33909676217576445, 'lag_17': 0.3366826253896716, 'lag_18': 0.1783992069923658, 'lag_19': 0.1620877754594342, 'lag_20': 0.31422298272043186, 'lag_21': 0.049468603417517576, 'lag_22': 0.6427236653268157, 'lag_23': 0.7727240167844461, 'lag_24': 0.06345674796531842, 'lag_25': 0.7327626449117995, 'lag_26': 0.42782545725228777, 'lag_27': 0.02228699096844226, 'lag_28': 0.34839776101834347}. Best is trial 16 with value: 0.006140212903580585.
[I 2025-09-29 13:21:36,007] Trial 84 finished with value: 0.006984228641546282 and parameters: {'lag_0': 0.826502158982216, 'lag_1': 0.6861548554021358, 'lag_2': 0.8577655227080779, 'lag_3': 0.7544201344199877, 'lag_4': 0.5327935038903767, 'lag_5': 0.5432583723511923, 'lag_6': 0.029055628104448963, 'lag_7': 0.18899907994046186, 'lag_8': 0.7545501746287631, 'lag_9': 0.5450287062711471, 'lag_10': 0.1813219482269759, 'lag_11': 0.4366555991079298, 'lag_12': 0.82721184915516, 'lag_13': 0.12963885756504823, 'lag_14': 0.892032312173574, 'lag_15': 0.5068466879620139, 'lag_16': 0.44323206334315246, 'lag_17': 0.29669274701308107, 'lag_18': 0.04904179284951039, 'lag_19': 0.17652624794030036, 'lag_20': 0.39817258879114364, 'lag_21': 0.11376523497837171, 'lag_22': 0.5936281050225045, 'lag_23': 0.6923675085226324, 'lag_24': 0.1874523978709948, 'lag_25': 0.6493240879789571, 'lag_26': 0.44399002883700456, 'lag_27': 0.5473144934537086, 'lag_28': 0.2355930081395393}. Best is trial 16 with value: 0.006140212903580585.
[I 2025-09-29 13:21:38,560] Trial 85 finished with value: 0.006951260687033918 and parameters: {'lag_0': 0.8511383806376362, 'lag_1': 0.6498337800837688, 'lag_2': 0.9512503482295696, 'lag_3': 0.9604453573645717, 'lag_4': 0.49351400035619836, 'lag_5': 0.9085181997638669, 'lag_6': 0.8460317603291576, 'lag_7': 0.2427630193097429, 'lag_8': 0.9259695167796071, 'lag_9': 0.40375635680233946, 'lag_10': 0.3605910304382646, 'lag_11': 0.520341283837116, 'lag_12': 0.020107366892561776, 'lag_13': 0.020463453745262997, 'lag_14': 0.9840820061396836, 'lag_15': 0.6195098978098973, 'lag_16': 0.37377565178290234, 'lag_17': 0.3864808258260154, 'lag_18': 0.0017213923599386505, 'lag_19': 0.12413367983521587, 'lag_20': 0.17746428829126695, 'lag_21': 0.22782823577166528, 'lag_22': 0.43073154718966356, 'lag_23': 0.5842935644391929, 'lag_24': 0.06765112102765379, 'lag_25': 0.5708237375233534, 'lag_26': 0.3050763656965555, 'lag_27': 0.5048372887782976, 'lag_28': 0.1894546430302991}. Best is trial 16 with value: 0.006140212903580585.
[I 2025-09-29 13:21:41,113] Trial 86 finished with value: 0.0067407718264292146 and parameters: {'lag_0': 0.28537360242709675, 'lag_1': 0.23171723012772344, 'lag_2': 0.37250638724408097, 'lag_3': 0.6755376496908334, 'lag_4': 0.07098257484801604, 'lag_5': 0.9897694683140893, 'lag_6': 0.3818240767424926, 'lag_7': 0.14376554095320843, 'lag_8': 0.8597501962790177, 'lag_9': 0.272338528438802, 'lag_10': 0.7748636991862526, 'lag_11': 0.5585602262657494, 'lag_12': 0.7124530579383599, 'lag_13': 0.07968348012062933, 'lag_14': 0.5281856836731625, 'lag_15': 0.5659402571110823, 'lag_16': 0.29548759507207584, 'lag_17': 0.4443960874356061, 'lag_18': 0.08992770712301668, 'lag_19': 0.38890041549396576, 'lag_20': 0.8266850494957536, 'lag_21': 0.0699002404389098, 'lag_22': 0.5227219745755929, 'lag_23': 0.5572353206205329, 'lag_24': 0.01825875139543845, 'lag_25': 0.761479946244442, 'lag_26': 0.34974898880242283, 'lag_27': 0.21911248474544182, 'lag_28': 0.38965369582794734}. Best is trial 16 with value: 0.006140212903580585.
[I 2025-09-29 13:21:43,668] Trial 87 finished with value: 0.0071986400220138205 and parameters: {'lag_0': 0.9948862470960411, 'lag_1': 0.5911685733076456, 'lag_2': 0.4268220289092949, 'lag_3': 0.6059632091435502, 'lag_4': 0.11767357627479516, 'lag_5': 0.622530081064645, 'lag_6': 0.29828540344955057, 'lag_7': 0.3479608231079493, 'lag_8': 0.8889739713404543, 'lag_9': 0.11506544931011974, 'lag_10': 0.7288251856883257, 'lag_11': 0.7433116904291681, 'lag_12': 0.6751400151558781, 'lag_13': 0.15208531253782376, 'lag_14': 0.3381937715032222, 'lag_15': 0.385856604544725, 'lag_16': 0.5164539041453828, 'lag_17': 0.1056570074632033, 'lag_18': 0.8109801228316905, 'lag_19': 0.09089057904023164, 'lag_20': 0.568694724390049, 'lag_21': 0.7856486976668171, 'lag_22': 0.7095122218347694, 'lag_23': 0.8874340277100216, 'lag_24': 0.4911598514095093, 'lag_25': 0.797914312339686, 'lag_26': 0.48217840925745414, 'lag_27': 0.8970727258435852, 'lag_28': 0.2607051934821253}. Best is trial 16 with value: 0.006140212903580585.
[I 2025-09-29 13:21:46,226] Trial 88 finished with value: 0.0071880971363900755 and parameters: {'lag_0': 0.6835016123528472, 'lag_1': 0.525154584223838, 'lag_2': 0.2946141381181767, 'lag_3': 0.36237668571664716, 'lag_4': 0.5752309075933336, 'lag_5': 0.7846233538294523, 'lag_6': 0.7991152229746515, 'lag_7': 0.21965383491878543, 'lag_8': 0.389987608220816, 'lag_9': 0.20433037326140543, 'lag_10': 0.011452177226929594, 'lag_11': 0.8534626317591103, 'lag_12': 0.5751252644998138, 'lag_13': 0.2750610273342264, 'lag_14': 0.47325885434553344, 'lag_15': 0.5934185916634167, 'lag_16': 0.5925395145617187, 'lag_17': 0.35940207632079335, 'lag_18': 0.15110364681400953, 'lag_19': 0.21892057742949864, 'lag_20': 0.35158536576465776, 'lag_21': 0.8200285567837001, 'lag_22': 0.1256769625399725, 'lag_23': 0.6678306782621183, 'lag_24': 0.23021755069680327, 'lag_25': 0.5950979578807538, 'lag_26': 0.6004863417100277, 'lag_27': 0.09647412457678714, 'lag_28': 0.42601832802678175}. Best is trial 16 with value: 0.006140212903580585.
[I 2025-09-29 13:21:48,769] Trial 89 finished with value: 0.007291044116323224 and parameters: {'lag_0': 0.9054552925878849, 'lag_1': 0.7921713741817897, 'lag_2': 0.46942898844760605, 'lag_3': 0.7070936185476995, 'lag_4': 0.44989862172596773, 'lag_5': 0.36611323596333295, 'lag_6': 0.47987415946505607, 'lag_7': 0.7747019290073117, 'lag_8': 0.6504077742245413, 'lag_9': 0.6629699708655867, 'lag_10': 0.10699290995958105, 'lag_11': 0.9121492884021652, 'lag_12': 0.6251214134826597, 'lag_13': 0.42166969633004703, 'lag_14': 0.9138723688332847, 'lag_15': 0.47091237607768155, 'lag_16': 0.544966757399853, 'lag_17': 0.5266446270277337, 'lag_18': 0.9821607881510119, 'lag_19': 0.3356074706317545, 'lag_20': 0.2913193783489503, 'lag_21': 0.8873764078982032, 'lag_22': 0.2818510214927841, 'lag_23': 0.49703274370889283, 'lag_24': 0.739559335658845, 'lag_25': 0.6714893537368143, 'lag_26': 0.40809518706538817, 'lag_27': 0.6921646536719317, 'lag_28': 0.3253455964432366}. Best is trial 16 with value: 0.006140212903580585.
[I 2025-09-29 13:21:51,338] Trial 90 finished with value: 0.006798523177481239 and parameters: {'lag_0': 0.9683408380683733, 'lag_1': 0.7317779743292784, 'lag_2': 0.5121598294177674, 'lag_3': 0.45588314563165194, 'lag_4': 0.341673440560525, 'lag_5': 0.8520646333872757, 'lag_6': 0.2413205716936108, 'lag_7': 0.2875274179086417, 'lag_8': 0.9642702073525092, 'lag_9': 0.8109937976760294, 'lag_10': 0.5778999439982716, 'lag_11': 0.6834207545060114, 'lag_12': 0.059790522967980375, 'lag_13': 0.8750792255494492, 'lag_14': 0.7882578343175295, 'lag_15': 0.2630915985592582, 'lag_16': 0.41610133993735743, 'lag_17': 0.41244328737893743, 'lag_18': 0.3076797993049417, 'lag_19': 0.48341939722527477, 'lag_20': 0.6071310533255351, 'lag_21': 0.7482272902356754, 'lag_22': 0.16457052119155685, 'lag_23': 0.43982261171711917, 'lag_24': 0.602339177648726, 'lag_25': 0.7195118414301993, 'lag_26': 0.5515566250270522, 'lag_27': 0.809184277824868, 'lag_28': 0.6063731172187408}. Best is trial 16 with value: 0.006140212903580585.
[I 2025-09-29 13:21:53,907] Trial 91 finished with value: 0.006372806700952483 and parameters: {'lag_0': 0.8145459381915858, 'lag_1': 0.9244925579975957, 'lag_2': 0.8354440512385802, 'lag_3': 0.8953772023268922, 'lag_4': 0.2694913828988127, 'lag_5': 0.15748369802869477, 'lag_6': 0.5089313191454732, 'lag_7': 0.270369636719041, 'lag_8': 0.7797930526347442, 'lag_9': 0.15060817394805923, 'lag_10': 0.7596917610258002, 'lag_11': 0.5829375021911272, 'lag_12': 0.05502517140205567, 'lag_13': 0.6871207257350773, 'lag_14': 0.9324299598015633, 'lag_15': 0.34309710229510304, 'lag_16': 0.5069548800576188, 'lag_17': 0.46461499110522486, 'lag_18': 0.20267803747871904, 'lag_19': 0.010084775637915716, 'lag_20': 0.4860457633313736, 'lag_21': 0.8536761051312908, 'lag_22': 0.9720221751640238, 'lag_23': 0.9475940650702882, 'lag_24': 0.1305622109479392, 'lag_25': 0.5438375860047379, 'lag_26': 0.20497772281646492, 'lag_27': 0.3391165108964075, 'lag_28': 0.4708711193075907}. Best is trial 16 with value: 0.006140212903580585.
[I 2025-09-29 13:21:56,467] Trial 92 finished with value: 0.0071401096480731025 and parameters: {'lag_0': 0.828654518782083, 'lag_1': 0.9136312131160087, 'lag_2': 0.8391802994643447, 'lag_3': 0.909482391680729, 'lag_4': 0.2696940312350145, 'lag_5': 0.16602197548067327, 'lag_6': 0.5373855437569643, 'lag_7': 0.9936589976443893, 'lag_8': 0.7776205567539162, 'lag_9': 0.08868122700185208, 'lag_10': 0.8023203002898205, 'lag_11': 0.5989255187384785, 'lag_12': 0.11028597365251772, 'lag_13': 0.635390795843666, 'lag_14': 0.9645490181105488, 'lag_15': 0.36378247791513363, 'lag_16': 0.47149455028467446, 'lag_17': 0.4674248650686339, 'lag_18': 0.25735620935462966, 'lag_19': 0.0320237398511143, 'lag_20': 0.4331829842551035, 'lag_21': 0.42076041475805565, 'lag_22': 0.9819338600469107, 'lag_23': 0.9483459327642114, 'lag_24': 0.0953150440951676, 'lag_25': 0.5327597341741167, 'lag_26': 0.23759580091070398, 'lag_27': 0.33566595680886013, 'lag_28': 0.49914032094249844}. Best is trial 16 with value: 0.006140212903580585.
[I 2025-09-29 13:21:59,127] Trial 93 finished with value: 0.007614938192081337 and parameters: {'lag_0': 0.7516838877722251, 'lag_1': 0.9388301349561406, 'lag_2': 0.776356150876353, 'lag_3': 0.8681859575486666, 'lag_4': 0.2245660721821973, 'lag_5': 0.08321290754337066, 'lag_6': 0.9542960694950581, 'lag_7': 0.16669596322546268, 'lag_8': 0.12006623264506595, 'lag_9': 0.36413109395653515, 'lag_10': 0.4818447701580676, 'lag_11': 0.6477462746973068, 'lag_12': 0.02520645576449609, 'lag_13': 0.6867523274922187, 'lag_14': 0.8490049223469455, 'lag_15': 0.31245125853251143, 'lag_16': 0.44413372998102224, 'lag_17': 0.38061885395600403, 'lag_18': 0.18869005403017447, 'lag_19': 0.11304129810354765, 'lag_20': 0.49156337648748943, 'lag_21': 0.9317052931338303, 'lag_22': 0.9344792609240111, 'lag_23': 0.9013191193528634, 'lag_24': 0.0693152930570426, 'lag_25': 0.6336645076088164, 'lag_26': 0.21744874419017296, 'lag_27': 0.4130467868668304, 'lag_28': 0.5191069258519893}. Best is trial 16 with value: 0.006140212903580585.
[I 2025-09-29 13:22:01,686] Trial 94 finished with value: 0.006749062322077998 and parameters: {'lag_0': 0.9314480758042607, 'lag_1': 0.991030499008116, 'lag_2': 0.7913193901449499, 'lag_3': 0.9235259884004225, 'lag_4': 0.6909875817922537, 'lag_5': 0.18956170846663728, 'lag_6': 0.6918682973417098, 'lag_7': 0.2619582747693451, 'lag_8': 0.6809667500416967, 'lag_9': 0.15301397691183344, 'lag_10': 0.6912659151379503, 'lag_11': 0.6158047218168317, 'lag_12': 0.7329066937873358, 'lag_13': 0.7642512046867513, 'lag_14': 0.8202366188386596, 'lag_15': 0.43931903806597955, 'lag_16': 0.477859339755398, 'lag_17': 0.43528178100978243, 'lag_18': 0.2177081798264998, 'lag_19': 0.05021263530535709, 'lag_20': 0.7291771960836836, 'lag_21': 0.8640938982849973, 'lag_22': 0.7639967196822026, 'lag_23': 0.9737992766676152, 'lag_24': 0.12157543330798504, 'lag_25': 0.5487723710035495, 'lag_26': 0.16393119764339215, 'lag_27': 0.4750095172144117, 'lag_28': 0.5500684254458135}. Best is trial 16 with value: 0.006140212903580585.
[I 2025-09-29 13:22:04,260] Trial 95 finished with value: 0.0070344820792515115 and parameters: {'lag_0': 0.8730311323901054, 'lag_1': 0.8734127042192615, 'lag_2': 0.8277565413469077, 'lag_3': 0.8108774774875723, 'lag_4': 0.3671185478831957, 'lag_5': 0.32754852779261395, 'lag_6': 0.6395356537336507, 'lag_7': 0.19251983270915696, 'lag_8': 0.8261998459510629, 'lag_9': 0.14480061194308017, 'lag_10': 0.7719818161137252, 'lag_11': 0.7127683547117141, 'lag_12': 0.08905582945312299, 'lag_13': 0.8413937773637377, 'lag_14': 0.9963701480214399, 'lag_15': 0.5247229629766166, 'lag_16': 0.3768161222798787, 'lag_17': 0.498273275185975, 'lag_18': 0.13039285314244808, 'lag_19': 0.1481683514430297, 'lag_20': 0.6335663316560718, 'lag_21': 0.03341397499273482, 'lag_22': 0.878577626171999, 'lag_23': 0.8650666307912368, 'lag_24': 0.1627819846848218, 'lag_25': 0.4373921031144179, 'lag_26': 0.07753508615318103, 'lag_27': 0.27757928257953884, 'lag_28': 0.2136054678750968}. Best is trial 16 with value: 0.006140212903580585.
[I 2025-09-29 13:22:06,843] Trial 96 finished with value: 0.006900364693763579 and parameters: {'lag_0': 0.8007371931191252, 'lag_1': 0.35272340902239524, 'lag_2': 0.8999951096741424, 'lag_3': 0.8721742523920424, 'lag_4': 0.18791198910231932, 'lag_5': 0.1475070551781193, 'lag_6': 0.2109178713398671, 'lag_7': 0.10837101021897183, 'lag_8': 0.2731152475575065, 'lag_9': 0.5137511960600589, 'lag_10': 0.7181363186910192, 'lag_11': 0.020387796227326338, 'lag_12': 0.04678521901743577, 'lag_13': 0.4555309888400625, 'lag_14': 0.4497022912437374, 'lag_15': 0.4149720138462148, 'lag_16': 0.5071593127284599, 'lag_17': 0.7654151508196037, 'lag_18': 0.10663230726469988, 'lag_19': 0.2668046137358351, 'lag_20': 0.6744331844183612, 'lag_21': 0.8935323479431333, 'lag_22': 0.40341901104573713, 'lag_23': 0.3917400538784819, 'lag_24': 0.26576285315607, 'lag_25': 0.88798594899677, 'lag_26': 0.46851159818230514, 'lag_27': 0.37730948211035653, 'lag_28': 0.4588162722303325}. Best is trial 16 with value: 0.006140212903580585.
[I 2025-09-29 13:22:09,413] Trial 97 finished with value: 0.006696798100092742 and parameters: {'lag_0': 0.16056118658550086, 'lag_1': 0.830111450437878, 'lag_2': 0.03839279873075107, 'lag_3': 0.5122262329600944, 'lag_4': 0.39225534681140406, 'lag_5': 0.0020980177956894733, 'lag_6': 0.9976960896827536, 'lag_7': 0.14124392937605904, 'lag_8': 0.8503970395447661, 'lag_9': 0.3196128358218313, 'lag_10': 0.2728650638509913, 'lag_11': 0.5761811860211725, 'lag_12': 0.5845898653013896, 'lag_13': 0.5133316570093646, 'lag_14': 0.9195442574337549, 'lag_15': 0.3441239811786758, 'lag_16': 0.6224704378169205, 'lag_17': 0.573584326023555, 'lag_18': 0.374729261128491, 'lag_19': 0.4480867992206509, 'lag_20': 0.523320997880805, 'lag_21': 0.7149535083739821, 'lag_22': 0.250141761928239, 'lag_23': 0.7202939095588046, 'lag_24': 0.05182759505013868, 'lag_25': 0.3033211547171244, 'lag_26': 0.185751823874171, 'lag_27': 0.4300217592043296, 'lag_28': 0.6541558574888467}. Best is trial 16 with value: 0.006140212903580585.
[I 2025-09-29 13:22:11,981] Trial 98 finished with value: 0.0067435109699839945 and parameters: {'lag_0': 0.6600168136586684, 'lag_1': 0.7603437088728091, 'lag_2': 0.13020791135037416, 'lag_3': 0.9594978588640484, 'lag_4': 0.32488976669587855, 'lag_5': 0.22661035069779545, 'lag_6': 0.352710306765884, 'lag_7': 0.3160827434744292, 'lag_8': 0.795887522221769, 'lag_9': 0.7766344402612694, 'lag_10': 0.8880175343119554, 'lag_11': 0.4470756991357488, 'lag_12': 0.01275529644512427, 'lag_13': 0.3813426348949176, 'lag_14': 0.9321020326423105, 'lag_15': 0.7006935718420808, 'lag_16': 0.9261247919165168, 'lag_17': 0.04140746473019778, 'lag_18': 0.15372556706671672, 'lag_19': 0.41251999611574675, 'lag_20': 0.47528776372613035, 'lag_21': 0.8024888922654305, 'lag_22': 0.024083885979090426, 'lag_23': 0.9454357607113735, 'lag_24': 0.30363111535349496, 'lag_25': 0.610984475129124, 'lag_26': 0.13794036345401997, 'lag_27': 0.17511274234495966, 'lag_28': 0.3657595877022524}. Best is trial 16 with value: 0.006140212903580585.
[I 2025-09-29 13:22:14,535] Trial 99 finished with value: 0.006751973805265976 and parameters: {'lag_0': 0.7194659733514092, 'lag_1': 0.8055876347115659, 'lag_2': 0.07139137585443336, 'lag_3': 0.01876076312856642, 'lag_4': 0.2536161917440718, 'lag_5': 0.1181264969318678, 'lag_6': 0.6582188167771209, 'lag_7': 0.08608572830589556, 'lag_8': 0.06638253151245913, 'lag_9': 0.7259552578684985, 'lag_10': 0.6234578739779391, 'lag_11': 0.49189275866087767, 'lag_12': 0.5241978340229457, 'lag_13': 0.06009415688811226, 'lag_14': 0.8873492911861834, 'lag_15': 0.2415487047411132, 'lag_16': 0.3499063562402921, 'lag_17': 0.4640975929232928, 'lag_18': 0.4863373956173248, 'lag_19': 0.062080033699771775, 'lag_20': 0.7139360261692786, 'lag_21': 0.8383482371002725, 'lag_22': 0.4472308489524891, 'lag_23': 0.8244417723433618, 'lag_24': 0.4630595776961771, 'lag_25': 0.4873904700547386, 'lag_26': 0.5206286013742908, 'lag_27': 0.3345494174802385, 'lag_28': 0.17009386798173828}. Best is trial 16 with value: 0.006140212903580585.
[I 2025-09-29 13:22:14,606] A new study created in memory with name: no-name-3e42175e-0769-430f-8176-a2bf2ceb9b59
[I 2025-09-29 13:22:17,073] Trial 0 finished with value: 0.004965230831343685 and parameters: {'lag_0': 0.7986648717602449, 'lag_1': 0.0714154621523019, 'lag_2': 0.18429072581407588, 'lag_3': 0.6956887599823443, 'lag_4': 0.390663603452154, 'lag_5': 0.19056686186209718, 'lag_6': 0.9312158693328726, 'lag_7': 0.5881001969774617, 'lag_8': 0.7110854832245621, 'lag_9': 0.22617163682129204, 'lag_10': 0.2953579227797373, 'lag_11': 0.06756621969142959, 'lag_12': 0.1000888531571018, 'lag_13': 0.37914581445537443, 'lag_14': 0.9285074720589884, 'lag_15': 0.4024218286399257, 'lag_16': 0.42965019965267687, 'lag_17': 0.6512032237604886, 'lag_18': 0.8151737174527249, 'lag_19': 0.2753853056147714, 'lag_20': 0.9961128513397182, 'lag_21': 0.006005027110550082, 'lag_22': 0.7440532027289041, 'lag_23': 0.3078130879278954, 'lag_24': 0.3780969882931381, 'lag_25': 0.23695328054897177, 'lag_26': 0.022646927142074023, 'lag_27': 0.08596091673941059, 'lag_28': 0.17754418274322228}. Best is trial 0 with value: 0.004965230831343685.
[I 2025-09-29 13:22:19,525] Trial 1 finished with value: 0.004417247510829976 and parameters: {'lag_0': 0.9168044213876501, 'lag_1': 0.4690497528084371, 'lag_2': 0.9647134701215322, 'lag_3': 0.6214505001864923, 'lag_4': 0.3172357976556319, 'lag_5': 0.8763004468201778, 'lag_6': 0.3551713187114139, 'lag_7': 0.0508213853164963, 'lag_8': 0.5409918197765797, 'lag_9': 0.24846331648203213, 'lag_10': 0.0089462676515677, 'lag_11': 0.9723040343187357, 'lag_12': 0.7433824753537569, 'lag_13': 0.015806013810090478, 'lag_14': 0.8351184650609247, 'lag_15': 0.6179759766745299, 'lag_16': 0.13418056547482693, 'lag_17': 0.5884099355519927, 'lag_18': 0.9844595653259405, 'lag_19': 0.8683878484215551, 'lag_20': 0.32435780598936154, 'lag_21': 0.28493773738722733, 'lag_22': 0.07625805853189895, 'lag_23': 0.8761642112694448, 'lag_24': 0.835418737744277, 'lag_25': 0.137694034980182, 'lag_26': 0.4997484723177654, 'lag_27': 0.7638974464957767, 'lag_28': 0.9949927146432007}. Best is trial 1 with value: 0.004417247510829976.
[I 2025-09-29 13:22:21,971] Trial 2 finished with value: 0.004204858049553556 and parameters: {'lag_0': 0.3389708094900278, 'lag_1': 0.11146542738303261, 'lag_2': 0.030224240711417417, 'lag_3': 0.01615394232552205, 'lag_4': 0.9690144149795102, 'lag_5': 0.88552097563508, 'lag_6': 0.1616768285518787, 'lag_7': 0.057788724327590274, 'lag_8': 0.467015147194129, 'lag_9': 0.7633763733784962, 'lag_10': 0.9404363119019549, 'lag_11': 0.33743752606820854, 'lag_12': 0.21154083748447525, 'lag_13': 0.44871381776154884, 'lag_14': 0.7465910857739838, 'lag_15': 0.7929832717569788, 'lag_16': 0.2216340420706543, 'lag_17': 0.6673834363187844, 'lag_18': 0.4819957915091124, 'lag_19': 0.7394100620156075, 'lag_20': 0.2457228354667931, 'lag_21': 0.24741817687942047, 'lag_22': 0.20325987855748368, 'lag_23': 0.18835044585771507, 'lag_24': 0.1966877420746243, 'lag_25': 0.2054339862014153, 'lag_26': 0.9066636613986675, 'lag_27': 0.506278308853381, 'lag_28': 0.7768681843284759}. Best is trial 2 with value: 0.004204858049553556.
