[I 2025-10-03 11:37:24,702] Trial 42 finished with values: [0.0034062500000000004, 0.010051658163265306, 0.002509844507828338, 0.0011835186498749184, 0.00036347334489376514, 0.0074298579900597865, 0.0016437279964077885, 0.0018228091746046314, 0.00032448203654972593, 0.0005479539631127047, 0.0003905578365075208, 3.296323523948316e-05, 0.003367421223684379, 0.005843505401470293, 0.0, 0.0055037463065165035, 0.00962795509856161, 0.0009058354736911362, 0.0010767464443301306, 0.0005731430286666483, 0.0001362260454854363, 0.0005912505689219793, 0.0014317803150149416, 0.0014033800169861038, 0.0020577311693379236, 0.0002530158080832848, 0.006687648549148602, 0.002048207480449427, 0.00022923218432299003] and parameters: {'lag_0': 0.6569043822464705, 'lag_1': 0.5731119358277785, 'lag_2': 0.7901988346396533, 'lag_3': 0.6078125598799241, 'lag_4': 0.5383939276882945, 'lag_5': 0.32193616004928205, 'lag_6': 0.30869906186763985, 'lag_7': 0.5925164389499704, 'lag_8': 0.3196753735832408, 'lag_9': 0.8186860212655019, 'lag_10': 0.19364756121966814, 'lag_11': 0.7770610463597311, 'lag_12': 0.22311953431080622, 'lag_13': 0.6314045655172176, 'lag_14': 0.8900636264334972, 'lag_15': 0.590479439859545, 'lag_16': 0.32240910881321105, 'lag_17': 0.2975050380305416, 'lag_18': 0.6152964213944839, 'lag_19': 0.8107731067191896, 'lag_20': 0.7176171448130378, 'lag_21': 0.06616635942355993, 'lag_22': 0.896002321836035, 'lag_23': 0.07887562122503086, 'lag_24': 0.6233059488455273, 'lag_25': 0.4054178577309059, 'lag_26': 0.2108386019600142, 'lag_27': 0.9615260425780542, 'lag_28': 0.381131653951972}.
[I 2025-10-03 11:37:27,347] Trial 43 finished with values: [0.00390625, 0.004308212508792206, 0.004564961507189161, 0.004258450339069174, 0.0007222028066970804, 0.004095853388451294, 0.0016312696070028977, 0.002556877806391692, 0.0010239763982952627, 0.00021092123011044094, 0.00046782228366954137, 0.0002742437786496563, 0.004161843573176846, 0.006485119542386701, 0.0, 0.005878545112398338, 0.009030085578840238, 0.0020330278019921578, 0.0011129306793353352, 0.0011985014954556527, 0.00019095961096637456, 0.0004165268915253496, 0.0010479545667564105, 0.00155129824142793, 0.002294153242544562, 0.00016109846689061317, 0.007032687175354925, 0.0012951856462303786, 0.0004955883030844125] and parameters: {'lag_0': 0.8656885524850675, 'lag_1': 0.3416898884918981, 'lag_2': 0.49180282565446276, 'lag_3': 0.5260167299280955, 'lag_4': 0.918230680503414, 'lag_5': 0.11979757724213973, 'lag_6': 0.2233454468470639, 'lag_7': 0.19043208267525963, 'lag_8': 0.41412706349682393, 'lag_9': 0.6801073003306789, 'lag_10': 0.5177513583257027, 'lag_11': 0.5570666965618736, 'lag_12': 0.01654319399744523, 'lag_13': 0.45359244583774494, 'lag_14': 0.19012358037551547, 'lag_15': 0.1448957828021209, 'lag_16': 0.713105731712526, 'lag_17': 0.23141465745352888, 'lag_18': 0.762904872704209, 'lag_19': 0.09310617545428314, 'lag_20': 0.40179440801922417, 'lag_21': 0.42794863846257875, 'lag_22': 0.6417798276672831, 'lag_23': 0.07831835943902829, 'lag_24': 0.07732771129447223, 'lag_25': 0.946012428780319, 'lag_26': 0.7046524611952665, 'lag_27': 0.9782866159422999, 'lag_28': 0.22928606415725256}.
[I 2025-10-03 11:37:30,144] Trial 44 finished with values: [0.004416454081632653, 0.001575819008386441, 0.0021140063396693216, 0.0037143141431598137, 0.0004979755412514509, 0.005033489401298325, 0.0015046696957905909, 0.0022125756381422357, 0.00034841991201235565, 0.00039616544536829083, 0.0012493174718130125, 0.00024289154119727356, 0.005902210241423679, 0.0060087838937668125, 0.0, 0.008695508478769074, 0.008196102585711485, 0.0010172258164072023, 0.00048305203636998643, 0.0009492499100653225, 0.0003122436711212084, 0.0002455604800772401, 0.0011451281282198879, 0.0013127517910970677, 0.0015083774400826756, 0.00021760476815124705, 0.004779327054995816, 0.002559535261530319, 0.0005640757289108937] and parameters: {'lag_0': 0.1077568574074353, 'lag_1': 0.3774784021429711, 'lag_2': 0.8033515254506635, 'lag_3': 0.4786766618878211, 'lag_4': 0.585832100845023, 'lag_5': 0.4518640627849584, 'lag_6': 0.9167383420216002, 'lag_7': 0.48407868982159175, 'lag_8': 0.4367006588009282, 'lag_9': 0.030524649521390623, 'lag_10': 0.3531316588794564, 'lag_11': 0.7358610027500697, 'lag_12': 0.5584137400194209, 'lag_13': 0.4438610337138677, 'lag_14': 0.573000389913023, 'lag_15': 0.8446343934101925, 'lag_16': 0.29743211746881404, 'lag_17': 0.8809845032340295, 'lag_18': 0.6943561465432907, 'lag_19': 0.34633527121841484, 'lag_20': 0.9140034912186239, 'lag_21': 0.1261755873698468, 'lag_22': 0.35451657084191907, 'lag_23': 0.21382634226763123, 'lag_24': 0.11362183920038817, 'lag_25': 0.1658745344051882, 'lag_26': 0.27236328613497346, 'lag_27': 0.34823088447552775, 'lag_28': 0.5932742950842265}.
[I 2025-10-03 11:37:32,801] Trial 45 finished with values: [0.0025493210789685147, 0.0019166550931585895, 0.0019872637578175734, 0.004573857701822037, 0.0005225147962963163, 0.004312848464468614, 0.0015202432024933779, 0.0019328381963596868, 0.0006441240183909824, 0.00030920896953722356, 0.00022617149560519287, 0.00014337401888059935, 0.004081104013244322, 0.004862076787647193, 0.0, 0.006555894872226369, 0.00665596281459809, 0.0010239799562181302, 0.0010291293608642729, 0.0011475856945819124, 6.869186635437844e-05, 0.00021497884654543987, 0.0013059069653464993, 0.0010525293735242317, 0.002204856963496558, 0.00025238596128349697, 0.005740555267956407, 0.00275009569544291, 0.0009887903729876696] and parameters: {'lag_0': 0.8623617508660915, 'lag_1': 0.6993260666991078, 'lag_2': 0.9056620764422606, 'lag_3': 0.020160761528670763, 'lag_4': 0.12851624555509158, 'lag_5': 0.5688197862336686, 'lag_6': 0.5025301885968175, 'lag_7': 0.828373337279493, 'lag_8': 0.2992006813936837, 'lag_9': 0.48421940829203586, 'lag_10': 0.31534961659877686, 'lag_11': 0.5195743069919231, 'lag_12': 0.17001463944075124, 'lag_13': 0.9145822394583031, 'lag_14': 0.43158331674634426, 'lag_15': 0.941948407642321, 'lag_16': 0.6241046558236002, 'lag_17': 0.4762295936130693, 'lag_18': 0.003552494282463636, 'lag_19': 0.7382812397485596, 'lag_20': 0.7771206008220486, 'lag_21': 0.6437752432835917, 'lag_22': 0.6640229084763561, 'lag_23': 0.9121957703405214, 'lag_24': 0.005292285596628354, 'lag_25': 0.9470636222514466, 'lag_26': 0.6042037881732332, 'lag_27': 0.3407058407131118, 'lag_28': 0.5192485664587978}.
[I 2025-10-03 11:37:35,441] Trial 46 finished with values: [0.00390625, 0.003268166089965398, 0.004447488686249924, 0.0038193791350664016, 0.0007321873792228928, 0.005845736122367583, 0.002522000754538464, 0.0010997250928384342, 0.0011547664103234827, 0.0002560966398094687, 0.0005081369236002175, 0.00037113606221285866, 0.0040147207730563544, 0.006145253890856496, 0.0, 0.00988031538051289, 0.006415177393957907, 0.0006099220557184293, 0.0006406698889801718, 0.0010250494155090747, 9.162962416264645e-05, 0.0002668740575983516, 0.001617535367451794, 0.0008922148708005522, 0.00160455896754916, 0.0001253400987628354, 0.006478725037140582, 0.0019524572482674124, 0.0007847253483983321] and parameters: {'lag_0': 0.12367076559933812, 'lag_1': 0.17736055529920913, 'lag_2': 0.03309655456913598, 'lag_3': 0.6865060332385159, 'lag_4': 0.6465356018709917, 'lag_5': 0.7024092329146555, 'lag_6': 0.6791675943875699, 'lag_7': 0.569706803367732, 'lag_8': 0.41354600588523366, 'lag_9': 0.11809471733257107, 'lag_10': 0.4859819311842254, 'lag_11': 0.4145715142912433, 'lag_12': 0.3166305796562762, 'lag_13': 0.2759294900976042, 'lag_14': 0.8043138326657997, 'lag_15': 0.41734709623761906, 'lag_16': 0.2495304700655663, 'lag_17': 0.7368784257032508, 'lag_18': 0.014082225114529117, 'lag_19': 0.3427473002221965, 'lag_20': 0.29089210491387096, 'lag_21': 0.9524055447878038, 'lag_22': 0.9199276083310782, 'lag_23': 0.6820521912879421, 'lag_24': 0.5490830953981795, 'lag_25': 0.23233967308386394, 'lag_26': 0.942653940034311, 'lag_27': 0.10432697807228021, 'lag_28': 0.290405708535771}.
[I 2025-10-03 11:37:38,088] Trial 47 finished with values: [0.006064193067033975, 0.0004965706447187929, 0.004594350189225233, 0.003987292865875911, 0.00033736998639913215, 0.005924360422525083, 0.0010185225378330507, 0.0016595814521186219, 0.0013719019462882338, 5.8282566100175426e-05, 0.0005326412609191873, 0.00011395036384211138, 0.003804077786120963, 0.0067563030665699604, 0.0, 0.009258176553219033, 0.0071471284956211205, 0.0016270659007171916, 0.00044323291799254385, 0.0009552785003395529, 3.951325637083715e-05, 0.000584604640960381, 0.00124302856714483, 0.0016936555395806168, 0.0016863679266663344, 0.0002385315202100006, 0.00630341699524235, 0.002510342263448161, 0.0005337662768486449] and parameters: {'lag_0': 0.563644489800513, 'lag_1': 0.6591077264928368, 'lag_2': 0.590699504168096, 'lag_3': 0.10695262418925974, 'lag_4': 0.9444661459244829, 'lag_5': 0.5423504405954314, 'lag_6': 0.8962167670787745, 'lag_7': 0.19094002051243558, 'lag_8': 0.14473664008573722, 'lag_9': 0.3403211273371163, 'lag_10': 0.6345637043303424, 'lag_11': 0.36635254327686184, 'lag_12': 0.8494043038960505, 'lag_13': 0.1234071839940973, 'lag_14': 0.9985172622126727, 'lag_15': 0.3201952973446851, 'lag_16': 0.24445815878884206, 'lag_17': 0.3050074833568091, 'lag_18': 0.22306026564293183, 'lag_19': 0.8031882626500436, 'lag_20': 0.5857756794639789, 'lag_21': 0.3201690907486916, 'lag_22': 0.726699209187038, 'lag_23': 0.035292003631894914, 'lag_24': 0.9755558750904726, 'lag_25': 0.11103718211498934, 'lag_26': 0.1172797808272006, 'lag_27': 0.18774906858328547, 'lag_28': 0.7827685052165363}.
[I 2025-10-03 11:37:40,731] Trial 48 finished with values: [0.007416454081632653, 0.0014876304341542375, 0.003020270506535886, 0.002699669753533409, 0.00020767502899040135, 0.005792375315510576, 0.0015387490804580051, 0.0012532276606380748, 0.001323579278013404, 0.00014453361317686954, 0.0004771892610950113, 0.0003754232493914686, 0.004184689375722632, 0.005373902375808592, 0.0, 0.009608350713931806, 0.007408212392356356, 0.0011624357371535711, 0.0003171972319527611, 0.0011802338142249897, 0.00010474758079389443, 0.0006480348670218729, 0.0011136349312291858, 0.0011172798534193522, 0.002028434352528939, 0.0001749875148406935, 0.006568667104608515, 0.0007764078790689475, 0.0007664437195448087] and parameters: {'lag_0': 0.22757636204767767, 'lag_1': 0.42545451753923424, 'lag_2': 0.9742537225209117, 'lag_3': 0.23961014535848824, 'lag_4': 0.616149988768834, 'lag_5': 0.5227350935187017, 'lag_6': 0.10891104510160383, 'lag_7': 0.6961693134400536, 'lag_8': 0.9549742113668503, 'lag_9': 0.5189785852903136, 'lag_10': 0.20000307795476432, 'lag_11': 0.18989702425572663, 'lag_12': 0.046617649504483126, 'lag_13': 0.23821183587497693, 'lag_14': 0.06451297117555199, 'lag_15': 0.10324493736114794, 'lag_16': 0.849011011400696, 'lag_17': 0.22190220983469103, 'lag_18': 0.38490767231321604, 'lag_19': 0.38656453978644145, 'lag_20': 0.29607131159030037, 'lag_21': 0.9013433387826109, 'lag_22': 0.2073004506962601, 'lag_23': 0.30644600928199994, 'lag_24': 0.8994427614443181, 'lag_25': 0.9090942172573465, 'lag_26': 0.4806626390957886, 'lag_27': 0.8339443319835514, 'lag_28': 0.06118840258761356}.
[I 2025-10-03 11:37:43,371] Trial 49 finished with values: [0.0032118055555555554, 0.005134304031485395, 0.003185955715219508, 0.0071313464930079186, 0.00012698006366320875, 0.004850290096530715, 0.0015291644851794899, 0.002591131321108693, 0.0008851419844789941, 0.00021670600323197672, 0.0006465726272773399, 0.0002830811525211713, 0.004426753248455066, 0.004736201026705585, 0.0, 0.009195236238566124, 0.010329271756366543, 0.001185440912190698, 0.0006039824537228632, 0.0015884138655635218, 7.856921756403611e-05, 0.0007042354034748221, 0.0014798604801433027, 0.0013695558086941702, 0.0018689853486744963, 0.0002734794664160355, 0.006356229234680791, 0.0014638745379876802, 0.0004359410430839002] and parameters: {'lag_0': 0.6954361573186356, 'lag_1': 0.681460153610733, 'lag_2': 0.2000058188315077, 'lag_3': 0.5115646983620785, 'lag_4': 0.13287474133498822, 'lag_5': 0.8745276274170858, 'lag_6': 0.13964664466127524, 'lag_7': 0.8803473137242682, 'lag_8': 0.5337114202007893, 'lag_9': 0.04807663972461101, 'lag_10': 0.9216138563878201, 'lag_11': 0.7447898719060033, 'lag_12': 0.5249531442250979, 'lag_13': 0.9009180528705238, 'lag_14': 0.3342045783506125, 'lag_15': 0.19819102137735242, 'lag_16': 0.11833522636709608, 'lag_17': 0.72112336048749, 'lag_18': 0.756482290426712, 'lag_19': 0.3495377150166731, 'lag_20': 0.07024554162047882, 'lag_21': 0.1250249097431767, 'lag_22': 0.4694074705920027, 'lag_23': 0.19960054622645193, 'lag_24': 0.9914400608324582, 'lag_25': 0.08804573294779458, 'lag_26': 0.8768392561976499, 'lag_27': 0.730006354199114, 'lag_28': 0.7057008296377435}.
[I 2025-10-03 11:37:46,015] Trial 50 finished with values: [0.017795138888888888, 0.00037807183364839316, 0.0014027539305120902, 0.004412963901216078, 0.0005434344194154, 0.005019522566557302, 0.0018911045600753951, 0.001486266426585619, 0.0017039326255531533, 0.0004234163826978057, 0.0007171708465221657, 0.00016361903660534475, 0.004285512811099151, 0.006351833737161016, 0.0, 0.01066503807420035, 0.007555945935000691, 0.0007625789649206776, 0.0010085447966925467, 0.001022007748324678, 8.130382139838441e-05, 0.0010542324939060701, 0.0014503476446380676, 0.0009418703998276715, 0.0019456483626306, 0.0002941282266826119, 0.005773011449434116, 0.001986710296331495, 0.00132724888825473] and parameters: {'lag_0': 0.6458932268342061, 'lag_1': 0.07250300162905672, 'lag_2': 0.40019285241206226, 'lag_3': 0.40127699059886673, 'lag_4': 0.8664807663215723, 'lag_5': 0.8758591635119161, 'lag_6': 0.8572871648577498, 'lag_7': 0.2479499087470606, 'lag_8': 0.05465220307819772, 'lag_9': 0.15317758501963769, 'lag_10': 0.4466971626561987, 'lag_11': 0.5827050591553081, 'lag_12': 0.4170369509459933, 'lag_13': 0.5584421178158349, 'lag_14': 0.48455574063734297, 'lag_15': 0.5645872397835991, 'lag_16': 0.40890109791593854, 'lag_17': 0.3661963444981401, 'lag_18': 0.20849282360031235, 'lag_19': 0.9350151636554666, 'lag_20': 0.6682872972071855, 'lag_21': 0.5511503275719548, 'lag_22': 0.2099945431370045, 'lag_23': 0.6515489219348879, 'lag_24': 0.6472202261988186, 'lag_25': 0.18432068461871404, 'lag_26': 0.7889962579086078, 'lag_27': 0.8877661642466185, 'lag_28': 0.7142694456894904}.
[I 2025-10-03 11:37:48,652] Trial 51 finished with values: [0.00390625, 0.004722222222222222, 0.005895560895295695, 0.006168452056906952, 0.0001357042723894216, 0.0069175271320374015, 0.0008173868467417852, 0.0010274054569463123, 0.00034914497853541927, 0.0003255334886697937, 0.0005726131688654343, 0.00011145281404066488, 0.0043430959200562134, 0.005680713393240324, 0.0, 0.007807074684667478, 0.00808114650495043, 0.0011010887000601685, 0.001170204438695925, 0.001778243989135916, 0.00012148002633761896, 0.0006753967259423675, 0.0008559259142990313, 0.001591459291590308, 0.0019617478345112975, 0.00010451986627700294, 0.007409819237931406, 0.0019000920119427007, 0.0004288525725762736] and parameters: {'lag_0': 0.9859613173065642, 'lag_1': 0.07250300162905672, 'lag_2': 0.40019285241206226, 'lag_3': 0.0406465817563405, 'lag_4': 0.8664807663215723, 'lag_5': 0.8758591635119161, 'lag_6': 0.9060803030209049, 'lag_7': 0.2479499087470606, 'lag_8': 0.808634646068379, 'lag_9': 0.4407285279700268, 'lag_10': 0.4466971626561987, 'lag_11': 0.77141567011658, 'lag_12': 0.3792283167723724, 'lag_13': 0.5584421178158349, 'lag_14': 0.36062487773457824, 'lag_15': 0.5645872397835991, 'lag_16': 0.40890109791593854, 'lag_17': 0.6664442971220463, 'lag_18': 0.12298330726607982, 'lag_19': 0.7935839943509186, 'lag_20': 0.6682872972071855, 'lag_21': 0.5511503275719548, 'lag_22': 0.2099945431370045, 'lag_23': 0.6515489219348879, 'lag_24': 0.45663513162850183, 'lag_25': 0.3351118062410624, 'lag_26': 0.7889962579086078, 'lag_27': 0.8877661642466185, 'lag_28': 0.999618078343511}.
[I 2025-10-03 11:37:51,296] Trial 52 finished with values: [0.004416454081632653, 0.004025941469371608, 0.0028923200104381533, 0.003500709146330429, 0.0006000950421571175, 0.007491920462601045, 0.00045927416239712376, 0.0022396837781168987, 0.0006731015616342594, 0.00031661427493944773, 0.0005237765187337107, 6.370824116877545e-05, 0.0028833674960820205, 0.00629330586904143, 0.0, 0.009149986562415804, 0.008272061060091325, 0.000964024779715136, 0.0006367900024593993, 0.001071451314222904, 0.00022837325258036472, 0.00023435369132489606, 0.0014585762913913217, 0.0010612868433396492, 0.00133979812461555, 0.0001399453760848938, 0.0055149357238089124, 0.0030259775214074394, 0.00024251664670342952] and parameters: {'lag_0': 0.20538881150469301, 'lag_1': 0.9925685135325212, 'lag_2': 0.1038380820541586, 'lag_3': 0.9062460303017382, 'lag_4': 0.9422135363095717, 'lag_5': 0.047209206916569865, 'lag_6': 0.41453949823903047, 'lag_7': 0.2561374824035406, 'lag_8': 0.30120159653770884, 'lag_9': 0.9588173397175729, 'lag_10': 0.13284099636730284, 'lag_11': 0.25138264060502663, 'lag_12': 0.9276994851781423, 'lag_13': 0.8900196876610552, 'lag_14': 0.9845023738988368, 'lag_15': 0.8617346335094898, 'lag_16': 0.47629363235472233, 'lag_17': 0.39596817377043675, 'lag_18': 0.9809423065015611, 'lag_19': 0.2264481475288514, 'lag_20': 0.7686051665683648, 'lag_21': 0.5838950861136414, 'lag_22': 0.8619318989319947, 'lag_23': 0.6854647195465793, 'lag_24': 0.4832564587769605, 'lag_25': 0.2727127830056682, 'lag_26': 0.020996469020147592, 'lag_27': 0.9923121461493567, 'lag_28': 0.9016915504532623}.
[I 2025-10-03 11:37:53,932] Trial 53 finished with values: [0.0032864152892561984, 0.0014197658402203858, 0.0031390382958071824, 0.005559910683537058, 8.519004468207549e-05, 0.006735910606138618, 0.0016780512225906096, 0.001161384785847379, 0.0013304350096214341, 0.00012169295759469846, 0.0002643400428017671, 0.00016199595257628544, 0.0037034296749567292, 0.00738325674219954, 0.0, 0.007953939365539637, 0.007984289744771774, 0.0011465130055330485, 0.0010900778003698562, 0.0014475573169308266, 9.943567212239532e-05, 0.00041392538812010956, 0.0016473645888276153, 0.0013479363180379743, 0.002430907945911559, 4.6048587845596545e-05, 0.005583250318614534, 0.003322814464425881, 0.002343934576731904] and parameters: {'lag_0': 0.09575312198382863, 'lag_1': 0.8574387232644055, 'lag_2': 0.7417445416905037, 'lag_3': 0.36650167072817663, 'lag_4': 0.787677417286282, 'lag_5': 0.004500830917711865, 'lag_6': 0.4151637654310733, 'lag_7': 0.193241822965535, 'lag_8': 0.9802757554229459, 'lag_9': 0.8628812382568061, 'lag_10': 0.13990503927785305, 'lag_11': 0.9971309179414916, 'lag_12': 0.4196314442954064, 'lag_13': 0.9324833392112934, 'lag_14': 0.2978844281068052, 'lag_15': 0.23298966449754, 'lag_16': 0.7784722868198428, 'lag_17': 0.0690156614292421, 'lag_18': 0.30631383508370763, 'lag_19': 0.178417508160735, 'lag_20': 0.45557414940732743, 'lag_21': 0.912840193833513, 'lag_22': 0.7757506464163025, 'lag_23': 0.06863544460224427, 'lag_24': 0.46434908467018626, 'lag_25': 0.7461765848959088, 'lag_26': 0.9549319553901057, 'lag_27': 0.2722980690889568, 'lag_28': 0.9540533932700018}.
[I 2025-10-03 11:37:56,574] Trial 54 finished with values: [0.00390625, 0.003254142561983471, 0.003754726015334702, 0.0024885234112645557, 7.486942175686828e-05, 0.006304133368534899, 0.0006872251404011955, 0.0010275800079799717, 0.0009610388564801703, 0.0005285683371432185, 0.0005076545297257428, 0.0001145794051235579, 0.004396035405949404, 0.005476931783063943, 0.0, 0.00786132388122162, 0.008947590653070863, 0.001366892673149276, 0.00029356976063078246, 0.0015113914135707488, 7.369538623675061e-05, 0.0007167026506892371, 0.0016167834959841508, 0.0008425738819476129, 0.0018187209407146561, 0.00017237023446850543, 0.005412714056250416, 0.0011686853876936153, 0.00032773637999818035] and parameters: {'lag_0': 0.2577285780165896, 'lag_1': 0.4551278857272535, 'lag_2': 0.6953324628931504, 'lag_3': 0.3320409179492848, 'lag_4': 0.825488322521996, 'lag_5': 0.5482403758244426, 'lag_6': 0.27696651125097516, 'lag_7': 0.8879568792045481, 'lag_8': 0.5813530282275259, 'lag_9': 0.572088272835399, 'lag_10': 0.23608306420563924, 'lag_11': 0.7842107607433253, 'lag_12': 0.5356908546689543, 'lag_13': 0.6735044543527507, 'lag_14': 0.17453886468844468, 'lag_15': 0.5085914965209337, 'lag_16': 0.7714935853249374, 'lag_17': 0.21316785452455606, 'lag_18': 0.8099890696855923, 'lag_19': 0.2158572045071262, 'lag_20': 0.9949554510026327, 'lag_21': 0.9668804849415681, 'lag_22': 0.4463014457663963, 'lag_23': 0.3901038300063038, 'lag_24': 0.7782684774381082, 'lag_25': 0.7636598475567417, 'lag_26': 0.6482227779808041, 'lag_27': 0.2805348410363085, 'lag_28': 0.7717571981464665}.
