[I 2025-09-29 13:11:33,745] Trial 25 finished with value: 0.0032508598308345115 and parameters: {'lag_0': 0.4936929582189215, 'lag_1': 0.1373421560831499, 'lag_2': 0.2374001845114708, 'lag_3': 0.4820787057416698, 'lag_4': 0.1110284381677572, 'lag_5': 0.12360981263479501, 'lag_6': 0.7856947149776043, 'lag_7': 0.6679150367490397, 'lag_8': 0.5660225922192351, 'lag_9': 0.10347192188940671, 'lag_10': 0.1472712050956379, 'lag_11': 0.807184830898495, 'lag_12': 0.6671157852226172, 'lag_13': 0.09167649766222041, 'lag_14': 0.8639702870765212, 'lag_15': 0.241193267640243, 'lag_16': 0.6271765184131235, 'lag_17': 0.6975223854365842, 'lag_18': 0.19498629797245254, 'lag_19': 0.4787595937942497, 'lag_20': 0.13336210470933077, 'lag_21': 0.5258002309682286, 'lag_22': 0.7849846229054392, 'lag_23': 0.7716695503394521, 'lag_24': 0.47489497116060747, 'lag_25': 0.10646364288176213, 'lag_26': 0.5271336308913409, 'lag_27': 0.7922574653301454, 'lag_28': 0.36309501657430476}. Best is trial 4 with value: 0.0030710956963909686.
[I 2025-09-29 13:11:36,210] Trial 26 finished with value: 0.003643724292047896 and parameters: {'lag_0': 0.8217063688189284, 'lag_1': 0.3949496783611879, 'lag_2': 0.3445738506860004, 'lag_3': 0.6197840609236942, 'lag_4': 0.45433885402474045, 'lag_5': 0.4688693478882676, 'lag_6': 0.37297121152020146, 'lag_7': 0.37262855404131057, 'lag_8': 0.24295217563296828, 'lag_9': 0.39652845277013915, 'lag_10': 0.38552435477109737, 'lag_11': 0.4439189672509839, 'lag_12': 0.9006238554309844, 'lag_13': 0.0025446448147793694, 'lag_14': 0.5197669037316291, 'lag_15': 0.5792241782282544, 'lag_16': 0.2916753372999431, 'lag_17': 0.83233665418543, 'lag_18': 0.9829306176415447, 'lag_19': 0.015086940280149827, 'lag_20': 0.31076252270784743, 'lag_21': 0.7955594310057754, 'lag_22': 0.6398436588364572, 'lag_23': 0.3935714920255805, 'lag_24': 0.6306414540526746, 'lag_25': 0.7025813573828082, 'lag_26': 0.39191583897949245, 'lag_27': 0.9046042559786434, 'lag_28': 0.13099193851395097}. Best is trial 4 with value: 0.0030710956963909686.
[I 2025-09-29 13:11:38,683] Trial 27 finished with value: 0.003638265543737272 and parameters: {'lag_0': 0.6886985905418354, 'lag_1': 0.5432197697343119, 'lag_2': 0.10428651124245472, 'lag_3': 0.3578725337320724, 'lag_4': 0.2647284127552215, 'lag_5': 0.7543941732836171, 'lag_6': 0.23790095386783122, 'lag_7': 0.03585388978999832, 'lag_8': 0.7666357035067578, 'lag_9': 0.22212168276643787, 'lag_10': 0.5217536843935436, 'lag_11': 0.26088054831779006, 'lag_12': 0.7065129834440701, 'lag_13': 0.4760074784743649, 'lag_14': 0.18536245364314527, 'lag_15': 0.798352732703514, 'lag_16': 0.1345335167174196, 'lag_17': 0.5336493409767848, 'lag_18': 0.34780599576177995, 'lag_19': 0.32501062552939963, 'lag_20': 0.4786563340337349, 'lag_21': 0.6403034094656754, 'lag_22': 0.893170234367318, 'lag_23': 0.8844606861516787, 'lag_24': 0.0025030009000407416, 'lag_25': 0.8684612224277858, 'lag_26': 0.7603861838048217, 'lag_27': 0.6699320501384793, 'lag_28': 0.1467724623034748}. Best is trial 4 with value: 0.0030710956963909686.
[I 2025-09-29 13:11:41,154] Trial 28 finished with value: 0.0036236687158580734 and parameters: {'lag_0': 0.9972186691993, 'lag_1': 0.26611126535598656, 'lag_2': 0.4183186940567454, 'lag_3': 0.08566171793043664, 'lag_4': 0.5743241539526507, 'lag_5': 0.4135790391815603, 'lag_6': 0.7207811242669256, 'lag_7': 0.6756656260669339, 'lag_8': 0.8997044730720749, 'lag_9': 0.0002171854427505649, 'lag_10': 0.2807839745217668, 'lag_11': 0.9438948855472346, 'lag_12': 0.8116409584634439, 'lag_13': 0.3006514745341972, 'lag_14': 0.8371455514887427, 'lag_15': 0.35255001925280527, 'lag_16': 0.4461867675905635, 'lag_17': 0.22954022071119146, 'lag_18': 0.07860626094102169, 'lag_19': 0.2055790889337538, 'lag_20': 0.23304367459191638, 'lag_21': 0.2638781605842758, 'lag_22': 0.46903520959583367, 'lag_23': 0.6626629654759777, 'lag_24': 0.8264678739690461, 'lag_25': 0.40478264970655475, 'lag_26': 0.9143950821184544, 'lag_27': 0.7975921299312709, 'lag_28': 0.23797569190676787}. Best is trial 4 with value: 0.0030710956963909686.
2025-09-29 13:11:42,360 - distributed.worker - INFO - Stopping worker at tcp://192.168.86.107:42872. Reason: scheduler-remove-worker
2025-09-29 13:11:42,369 - distributed.nanny - INFO - Closing Nanny gracefully at 'tcp://192.168.86.107:40857'. Reason: scheduler-remove-worker
2025-09-29 13:11:42,370 - distributed.worker.state_machine - WARNING - Async instruction for <Task cancelled name='execute(optimize_subject-02cee9ea-ba90-432e-a546-88a2407fd25a)' coro=<Worker.execute() done, defined at /usr/global/miniconda/py310_23.1.0-1/envs/workshop_311/lib/python3.11/site-packages/distributed/worker_state_machine.py:3607>> ended with CancelledError
slurmstepd: error: *** JOB 3081199 ON node07 CANCELLED AT 2025-09-29T13:11:42 ***
