[I 2025-09-29 13:09:56,354] Trial 82 finished with value: 0.002612645538642659 and parameters: {'lag_0': 0.35089963250063894, 'lag_1': 0.7844483205034807, 'lag_2': 0.07399304078791857, 'lag_3': 0.6580357552869565, 'lag_4': 0.2916781385032131, 'lag_5': 0.7346573739172159, 'lag_6': 0.9282655474915279, 'lag_7': 0.3893625732451959, 'lag_8': 0.7473253068022633, 'lag_9': 0.55700784967259, 'lag_10': 0.7440410092971121, 'lag_11': 0.6477654381625154, 'lag_12': 0.5308660081475437, 'lag_13': 0.5284961623236193, 'lag_14': 0.9541655537430591, 'lag_15': 0.22520918512323862, 'lag_16': 0.5151449142411624, 'lag_17': 0.47552783140438465, 'lag_18': 0.7623355098032248, 'lag_19': 0.27058112401343876, 'lag_20': 0.10088136171869697, 'lag_21': 0.6060459028475875, 'lag_22': 0.14116766856144664, 'lag_23': 0.47769351047926417, 'lag_24': 0.6178728405430305, 'lag_25': 0.9329069014135443, 'lag_26': 0.3177751204663002, 'lag_27': 0.6593247162261447, 'lag_28': 0.22919919377638998}. Best is trial 81 with value: 0.0023393550371796587.
[I 2025-09-29 13:09:58,842] Trial 83 finished with value: 0.0028159262416155234 and parameters: {'lag_0': 0.3228357351120854, 'lag_1': 0.2973556944364026, 'lag_2': 0.4341766830327483, 'lag_3': 0.5570509855371371, 'lag_4': 0.193482283903583, 'lag_5': 0.9684130935299696, 'lag_6': 0.9675671848710375, 'lag_7': 0.27111183132655997, 'lag_8': 0.8737743287860662, 'lag_9': 0.6229474081624921, 'lag_10': 0.7861432223924902, 'lag_11': 0.7137639962036492, 'lag_12': 0.37699222412955524, 'lag_13': 0.4553811678032113, 'lag_14': 0.8702481513888902, 'lag_15': 0.10079052290863971, 'lag_16': 0.46581162711155033, 'lag_17': 0.4404039546043702, 'lag_18': 0.6987483126893304, 'lag_19': 0.9608724027341485, 'lag_20': 0.23283000539283347, 'lag_21': 0.5549968622005544, 'lag_22': 0.6628237461830918, 'lag_23': 0.4123915521496637, 'lag_24': 0.6457956462287988, 'lag_25': 0.9670075869922652, 'lag_26': 0.2666225704287628, 'lag_27': 0.6246655944343972, 'lag_28': 0.25797604988287937}. Best is trial 81 with value: 0.0023393550371796587.
[I 2025-09-29 13:10:01,337] Trial 84 finished with value: 0.0030810656418399905 and parameters: {'lag_0': 0.28428257989006805, 'lag_1': 0.3651575406095956, 'lag_2': 0.5164267301667753, 'lag_3': 0.7677796811690834, 'lag_4': 0.10369797262921043, 'lag_5': 0.9554878004701584, 'lag_6': 0.8175916177365352, 'lag_7': 0.420245715697485, 'lag_8': 0.80713356980399, 'lag_9': 0.4621128510611784, 'lag_10': 0.90591146828161, 'lag_11': 0.4704374485766601, 'lag_12': 0.47511690943183105, 'lag_13': 0.38994718393840233, 'lag_14': 0.9280010367396604, 'lag_15': 0.4651540363036449, 'lag_16': 0.5609491351713817, 'lag_17': 0.48484479574816103, 'lag_18': 0.6582285878496781, 'lag_19': 0.17123851685166225, 'lag_20': 0.15613000458068632, 'lag_21': 0.47045877858378127, 'lag_22': 0.7837980651049828, 'lag_23': 0.37853432736453685, 'lag_24': 0.5027234155845463, 'lag_25': 0.8985926301284077, 'lag_26': 0.3968034829014516, 'lag_27': 0.7342120390469862, 'lag_28': 0.34768063917841724}. Best is trial 81 with value: 0.0023393550371796587.
[I 2025-09-29 13:10:03,824] Trial 85 finished with value: 0.0033041844799849987 and parameters: {'lag_0': 0.38037831201175537, 'lag_1': 0.23290752736019923, 'lag_2': 0.37910276651148844, 'lag_3': 0.6313625247657901, 'lag_4': 0.898991104734376, 'lag_5': 0.47290682822652813, 'lag_6': 0.9346378810215918, 'lag_7': 0.9362092414911944, 'lag_8': 0.7796437208801864, 'lag_9': 0.510364884573671, 'lag_10': 0.5622066890799888, 'lag_11': 0.618295999749158, 'lag_12': 0.5854750186266734, 'lag_13': 0.6501760841882376, 'lag_14': 0.9117589216709797, 'lag_15': 0.3199996726177257, 'lag_16': 0.6912763291165009, 'lag_17': 0.5344945555310359, 'lag_18': 0.7381510503703027, 'lag_19': 0.754139011464765, 'lag_20': 0.30209803996655327, 'lag_21': 0.7940437799995872, 'lag_22': 0.4702882221711773, 'lag_23': 0.3305966169858582, 'lag_24': 0.5955529714509101, 'lag_25': 0.8398540465593916, 'lag_26': 0.3535124648785296, 'lag_27': 0.7731569936130303, 'lag_28': 0.5673702015039266}. Best is trial 81 with value: 0.0023393550371796587.
[I 2025-09-29 13:10:06,310] Trial 86 finished with value: 0.0030804709324369537 and parameters: {'lag_0': 0.44983957065691776, 'lag_1': 0.17710564762984654, 'lag_2': 0.5609617937182477, 'lag_3': 0.9433503835436317, 'lag_4': 0.05838919551574501, 'lag_5': 0.537587828302058, 'lag_6': 0.5524167419286765, 'lag_7': 0.4439089370575895, 'lag_8': 0.85072728197567, 'lag_9': 0.6501367441543239, 'lag_10': 0.6684796968532104, 'lag_11': 0.5681263196715829, 'lag_12': 0.40460877851611765, 'lag_13': 0.027129919066354556, 'lag_14': 0.9634683358884122, 'lag_15': 0.7619197074600903, 'lag_16': 0.6114776973797083, 'lag_17': 0.4157123282515414, 'lag_18': 0.5861601183553349, 'lag_19': 0.05445813690761592, 'lag_20': 0.17489779852484302, 'lag_21': 0.4281578285431955, 'lag_22': 0.3859436012728632, 'lag_23': 0.19239402815418144, 'lag_24': 0.22020982952113294, 'lag_25': 0.9135251363972643, 'lag_26': 0.7168223473851452, 'lag_27': 0.8705459147977423, 'lag_28': 0.3097287413623853}. Best is trial 81 with value: 0.0023393550371796587.
[I 2025-09-29 13:10:08,799] Trial 87 finished with value: 0.002888204601682207 and parameters: {'lag_0': 0.4810219571227982, 'lag_1': 0.3989557002978366, 'lag_2': 0.10045527713983238, 'lag_3': 0.829615815663458, 'lag_4': 0.715638440751857, 'lag_5': 0.022934049033545678, 'lag_6': 0.899047747337095, 'lag_7': 0.6236553148053811, 'lag_8': 0.516312785115562, 'lag_9': 0.7002251311927684, 'lag_10': 0.6285671879673931, 'lag_11': 0.8395735091239914, 'lag_12': 0.2610981451059875, 'lag_13': 0.06149453673380419, 'lag_14': 0.8330560295635513, 'lag_15': 0.22813514505915158, 'lag_16': 0.7544388454477197, 'lag_17': 0.5733588008888276, 'lag_18': 0.44532956853768546, 'lag_19': 0.8058443473816302, 'lag_20': 0.7961048897188773, 'lag_21': 0.526298727964897, 'lag_22': 0.5418777397820426, 'lag_23': 0.023679895157907832, 'lag_24': 0.6907075679502366, 'lag_25': 0.19580783121865813, 'lag_26': 0.07807215118250495, 'lag_27': 0.7043990534187712, 'lag_28': 0.15262314626963722}. Best is trial 81 with value: 0.0023393550371796587.
[I 2025-09-29 13:10:11,284] Trial 88 finished with value: 0.0028693316511169287 and parameters: {'lag_0': 0.32397075533943265, 'lag_1': 0.342927201983529, 'lag_2': 0.6842856226098323, 'lag_3': 0.0034410870874911903, 'lag_4': 0.7938413252657843, 'lag_5': 0.15780281313581418, 'lag_6': 0.8622256588271809, 'lag_7': 0.31989451972378824, 'lag_8': 0.7103769663776632, 'lag_9': 0.5893309556419633, 'lag_10': 0.5952430091405715, 'lag_11': 0.032758886955407074, 'lag_12': 0.1459266835824745, 'lag_13': 0.5004955713036232, 'lag_14': 0.7159271492892104, 'lag_15': 0.8589498857395139, 'lag_16': 0.5058458660750371, 'lag_17': 0.45618897718609186, 'lag_18': 0.8178771452320626, 'lag_19': 0.6339549026086533, 'lag_20': 0.06917101732367512, 'lag_21': 0.5916723766848614, 'lag_22': 0.09392808026279698, 'lag_23': 0.5195327716335923, 'lag_24': 0.07858690582777797, 'lag_25': 0.38520071935342926, 'lag_26': 0.4414302893686797, 'lag_27': 0.9544125120989252, 'lag_28': 0.40441627762413845}. Best is trial 81 with value: 0.0023393550371796587.
[I 2025-09-29 13:10:13,778] Trial 89 finished with value: 0.0028302406143453137 and parameters: {'lag_0': 0.5064611436985318, 'lag_1': 0.880591368899309, 'lag_2': 0.3153298069843188, 'lag_3': 0.8764501746371145, 'lag_4': 0.8287183292663332, 'lag_5': 0.23977792186558206, 'lag_6': 0.978732612315734, 'lag_7': 0.7855118010750903, 'lag_8': 0.6721997663454846, 'lag_9': 0.6734100840684736, 'lag_10': 0.8185080202574658, 'lag_11': 0.7452154325697716, 'lag_12': 0.35686368573487526, 'lag_13': 0.10193834928852036, 'lag_14': 0.9845709136432234, 'lag_15': 0.16026258303218494, 'lag_16': 0.6427988775033316, 'lag_17': 0.3704158384637816, 'lag_18': 0.7813345410894731, 'lag_19': 0.6706643263679491, 'lag_20': 0.8756908039284504, 'lag_21': 0.6661456394716583, 'lag_22': 0.35518749786200987, 'lag_23': 0.05995900240389017, 'lag_24': 0.5388211429270134, 'lag_25': 0.9796313646805859, 'lag_26': 0.10690290539966438, 'lag_27': 0.5715681219125307, 'lag_28': 0.6454834738830842}. Best is trial 81 with value: 0.0023393550371796587.
[I 2025-09-29 13:10:16,262] Trial 90 finished with value: 0.002730294118737584 and parameters: {'lag_0': 0.5403417160270395, 'lag_1': 0.262772926140852, 'lag_2': 0.5906498972140044, 'lag_3': 0.9173076147216995, 'lag_4': 0.8730333451774185, 'lag_5': 0.20586628001082502, 'lag_6': 0.740938786353521, 'lag_7': 0.5209316776031157, 'lag_8': 0.7389364738234282, 'lag_9': 0.5694079950242509, 'lag_10': 0.7407652824881885, 'lag_11': 0.6651939335394478, 'lag_12': 0.30754728625871686, 'lag_13': 0.0009737176653967922, 'lag_14': 0.8573160473251771, 'lag_15': 0.4347240350311673, 'lag_16': 0.5433451083183961, 'lag_17': 0.5051123091131683, 'lag_18': 0.0038344140205194208, 'lag_19': 0.7054049224173421, 'lag_20': 0.7298459610178021, 'lag_21': 0.710647230032803, 'lag_22': 0.9142486734150375, 'lag_23': 0.46296236801825846, 'lag_24': 0.6611312001073806, 'lag_25': 0.7338730002913557, 'lag_26': 0.027387935577588646, 'lag_27': 0.8972234638375767, 'lag_28': 0.4429737757465533}. Best is trial 81 with value: 0.0023393550371796587.
[I 2025-09-29 13:10:18,751] Trial 91 finished with value: 0.0025247807349584443 and parameters: {'lag_0': 0.5740635382358791, 'lag_1': 0.7928504889455077, 'lag_2': 0.062289049467357874, 'lag_3': 0.5806345646031124, 'lag_4': 0.274909296558793, 'lag_5': 0.7283519016763637, 'lag_6': 0.9234590961057761, 'lag_7': 0.39878183583657273, 'lag_8': 0.7663711559251675, 'lag_9': 0.5404186849515847, 'lag_10': 0.7462319797120459, 'lag_11': 0.6525925835324502, 'lag_12': 0.21782759128459062, 'lag_13': 0.5553739835959652, 'lag_14': 0.9503538239922016, 'lag_15': 0.22133893568977006, 'lag_16': 0.4279446068402871, 'lag_17': 0.48003718052599126, 'lag_18': 0.7590690579597681, 'lag_19': 0.24419122202612648, 'lag_20': 0.10111880434179825, 'lag_21': 0.6043062347442214, 'lag_22': 0.24053308658118527, 'lag_23': 0.47578707096566875, 'lag_24': 0.6274183788478256, 'lag_25': 0.9324265159058681, 'lag_26': 0.3150032178108595, 'lag_27': 0.6709514210976357, 'lag_28': 0.1850421274519542}. Best is trial 81 with value: 0.0023393550371796587.
[I 2025-09-29 13:10:21,236] Trial 92 finished with value: 0.0026585153975950348 and parameters: {'lag_0': 0.6134267115515637, 'lag_1': 0.7888460759299027, 'lag_2': 0.044631263202225054, 'lag_3': 0.45217806840325553, 'lag_4': 0.2626975798368632, 'lag_5': 0.8387382522754213, 'lag_6': 0.8391863188628622, 'lag_7': 0.38009964515535444, 'lag_8': 0.8257903293757423, 'lag_9': 0.48060956109267117, 'lag_10': 0.7101102647489956, 'lag_11': 0.6944321799943233, 'lag_12': 0.20868154267836325, 'lag_13': 0.9728029240303722, 'lag_14': 0.8949803060636917, 'lag_15': 0.20431814494375533, 'lag_16': 0.29881176742333027, 'lag_17': 0.4853698773542035, 'lag_18': 0.7198646476228943, 'lag_19': 0.19266330916457494, 'lag_20': 0.11755985148719611, 'lag_21': 0.6334889499901635, 'lag_22': 0.23016667464050686, 'lag_23': 0.5033767432058113, 'lag_24': 0.7224119502477336, 'lag_25': 0.9477783949295344, 'lag_26': 0.28985804660490805, 'lag_27': 0.3228786032373454, 'lag_28': 0.21180885834146498}. Best is trial 81 with value: 0.0023393550371796587.
[I 2025-09-29 13:10:23,730] Trial 93 finished with value: 0.0030935940335960178 and parameters: {'lag_0': 0.56980250076013, 'lag_1': 0.9289682435000222, 'lag_2': 0.4936385958075098, 'lag_3': 0.5930465383562411, 'lag_4': 0.2393563472407424, 'lag_5': 0.7886917627006849, 'lag_6': 0.8829525357518366, 'lag_7': 0.3370348816794692, 'lag_8': 0.7732254847565561, 'lag_9': 0.3829509928310971, 'lag_10': 0.7614728444882783, 'lag_11': 0.5961947968594499, 'lag_12': 0.15783580434399969, 'lag_13': 0.5825511998419399, 'lag_14': 0.9550473165760125, 'lag_15': 0.27353402104953717, 'lag_16': 0.40951622949043764, 'lag_17': 0.3381199333660202, 'lag_18': 0.9044064753137278, 'lag_19': 0.2275614637547353, 'lag_20': 0.7692775298574537, 'lag_21': 0.5718833796461794, 'lag_22': 0.16174006209931674, 'lag_23': 0.4297875108897621, 'lag_24': 0.5651237808935144, 'lag_25': 0.877997338302426, 'lag_26': 0.3136335837738691, 'lag_27': 0.5996936991544642, 'lag_28': 0.18949756436315662}. Best is trial 81 with value: 0.0023393550371796587.
[I 2025-09-29 13:10:26,219] Trial 94 finished with value: 0.0030571963728665266 and parameters: {'lag_0': 0.6620459766615954, 'lag_1': 0.7053251580620102, 'lag_2': 0.13745090973017376, 'lag_3': 0.5301064604405201, 'lag_4': 0.37976295590120435, 'lag_5': 0.6685605926555203, 'lag_6': 0.9993912281476798, 'lag_7': 0.4720977449028554, 'lag_8': 0.9679465282334176, 'lag_9': 0.5449569695228702, 'lag_10': 0.6609690312490399, 'lag_11': 0.5138763266805341, 'lag_12': 0.3317351812915838, 'lag_13': 0.5580616598120915, 'lag_14': 0.7681276326346657, 'lag_15': 0.13848075856835318, 'lag_16': 0.38182987631186105, 'lag_17': 0.5290403157349294, 'lag_18': 0.6751536526501501, 'lag_19': 0.2720504941568651, 'lag_20': 0.9814520659264496, 'lag_21': 0.5445057284219367, 'lag_22': 0.18095371212797734, 'lag_23': 0.6016917425055903, 'lag_24': 0.6357018560281784, 'lag_25': 0.804464976012653, 'lag_26': 0.15421195467000223, 'lag_27': 0.6855284858925379, 'lag_28': 0.2583274876727713}. Best is trial 81 with value: 0.0023393550371796587.
[I 2025-09-29 13:10:28,712] Trial 95 finished with value: 0.0023914530977816118 and parameters: {'lag_0': 0.6375809209585216, 'lag_1': 0.5723773624117722, 'lag_2': 0.11073904351732933, 'lag_3': 0.039028411386678064, 'lag_4': 0.5640227637166493, 'lag_5': 0.5777105057676762, 'lag_6': 0.7952378928588028, 'lag_7': 0.4362950461581426, 'lag_8': 0.9346405266763601, 'lag_9': 0.8923883108835458, 'lag_10': 0.6887695247433333, 'lag_11': 0.6154471290418342, 'lag_12': 0.1763675792809552, 'lag_13': 0.4860353253826891, 'lag_14': 0.9236035542986316, 'lag_15': 0.3568679750013027, 'lag_16': 0.4312350639031758, 'lag_17': 0.7626752861388033, 'lag_18': 0.22087668666095794, 'lag_19': 0.09075762807822718, 'lag_20': 0.8572000752854753, 'lag_21': 0.6026352076031712, 'lag_22': 0.26621804235018587, 'lag_23': 0.3842332718545905, 'lag_24': 0.472709660212934, 'lag_25': 0.9257005317937288, 'lag_26': 0.35080040779997435, 'lag_27': 0.6544798611528742, 'lag_28': 0.13734573628930097}. Best is trial 81 with value: 0.0023393550371796587.
[I 2025-09-29 13:10:31,197] Trial 96 finished with value: 0.0028305203658872923 and parameters: {'lag_0': 0.6428755174563777, 'lag_1': 0.7756880100545155, 'lag_2': 0.0685408678143416, 'lag_3': 0.03914593018609777, 'lag_4': 0.5339534357368309, 'lag_5': 0.6271681325797829, 'lag_6': 0.7899349955687036, 'lag_7': 0.43324508969788994, 'lag_8': 0.888518176969095, 'lag_9': 0.8913006975196593, 'lag_10': 0.6926014788930203, 'lag_11': 0.6205524257646281, 'lag_12': 0.112466338939553, 'lag_13': 0.4823272244349098, 'lag_14': 0.930176690647362, 'lag_15': 0.3311686063334528, 'lag_16': 0.4793109432810978, 'lag_17': 0.8982925999362092, 'lag_18': 0.3240724184606685, 'lag_19': 0.057141277485023956, 'lag_20': 0.02543423869000022, 'lag_21': 0.5981385198240363, 'lag_22': 0.200769630447131, 'lag_23': 0.39132385336857883, 'lag_24': 0.37441602192030315, 'lag_25': 0.9985339881745358, 'lag_26': 0.36815533825144875, 'lag_27': 0.6558611707361833, 'lag_28': 0.1162124738984881}. Best is trial 81 with value: 0.0023393550371796587.
[I 2025-09-29 13:10:33,696] Trial 97 finished with value: 0.002811422369434157 and parameters: {'lag_0': 0.5805469673932576, 'lag_1': 0.6504066302574655, 'lag_2': 0.02010244908588521, 'lag_3': 0.4990559328412244, 'lag_4': 0.5680056785429386, 'lag_5': 0.5556346345542538, 'lag_6': 0.81523593792085, 'lag_7': 0.3693015897433303, 'lag_8': 0.9285926565849939, 'lag_9': 0.9427316390883141, 'lag_10': 0.4910601332407459, 'lag_11': 0.5746261800126651, 'lag_12': 0.22820994363221153, 'lag_13': 0.40260456588751015, 'lag_14': 0.9713122601337625, 'lag_15': 0.28573392555475163, 'lag_16': 0.42346514887981024, 'lag_17': 0.8198795900524344, 'lag_18': 0.22901102579348465, 'lag_19': 0.12206435975091129, 'lag_20': 0.14504844937218753, 'lag_21': 0.4665142245910169, 'lag_22': 0.26812050507695073, 'lag_23': 0.4152405894032468, 'lag_24': 0.46886451350901037, 'lag_25': 0.9275532805392294, 'lag_26': 0.21826821105870692, 'lag_27': 0.7404784531229649, 'lag_28': 0.030888026837207205}. Best is trial 81 with value: 0.0023393550371796587.
[I 2025-09-29 13:10:36,188] Trial 98 finished with value: 0.0029582708807987077 and parameters: {'lag_0': 0.5488152425103664, 'lag_1': 0.7419663409312681, 'lag_2': 0.11635383926779166, 'lag_3': 0.42741963644198194, 'lag_4': 0.5987488204461232, 'lag_5': 0.7376888304513318, 'lag_6': 0.764000120441115, 'lag_7': 0.40347988262578777, 'lag_8': 0.9184329962567823, 'lag_9': 0.2940892267182118, 'lag_10': 0.807597800349324, 'lag_11': 0.6513152473761856, 'lag_12': 0.1763880406922046, 'lag_13': 0.5485022140943888, 'lag_14': 0.9955897335103778, 'lag_15': 0.3620656223530111, 'lag_16': 0.4590753858822891, 'lag_17': 0.7502827424225715, 'lag_18': 0.36910702871385725, 'lag_19': 0.09934872118046911, 'lag_20': 0.913848276370979, 'lag_21': 0.508114328971417, 'lag_22': 0.30778278559945116, 'lag_23': 0.4441260144977138, 'lag_24': 0.4231883287540058, 'lag_25': 0.9598111686745452, 'lag_26': 0.33183957960966387, 'lag_27': 0.6904705174072089, 'lag_28': 0.18195204927196865}. Best is trial 81 with value: 0.0023393550371796587.
[I 2025-09-29 13:10:38,678] Trial 99 finished with value: 0.002564289130101975 and parameters: {'lag_0': 0.5940795638247144, 'lag_1': 0.8632585656595073, 'lag_2': 0.0033499470143640714, 'lag_3': 0.16862782975504048, 'lag_4': 0.4671617580404868, 'lag_5': 0.6813348814841792, 'lag_6': 0.9079801173672658, 'lag_7': 0.29160775767928226, 'lag_8': 0.8597219476982552, 'lag_9': 0.8920472187160018, 'lag_10': 0.848970207117884, 'lag_11': 0.6324204418857052, 'lag_12': 0.214560261859621, 'lag_13': 0.6116744665518336, 'lag_14': 0.9087096305597393, 'lag_15': 0.24720181741056668, 'lag_16': 0.347970625451764, 'lag_17': 0.9547225978315694, 'lag_18': 0.2811743873104533, 'lag_19': 0.0055880924737879145, 'lag_20': 0.8528730822494043, 'lag_21': 0.06866788752127512, 'lag_22': 0.24143053666579473, 'lag_23': 0.344746214819488, 'lag_24': 0.7427742786876277, 'lag_25': 0.9177576763047051, 'lag_26': 0.2539811352722354, 'lag_27': 0.6072247893832381, 'lag_28': 0.13245937773556962}. Best is trial 81 with value: 0.0023393550371796587.
[I 2025-09-29 13:10:38,692] A new study created in memory with name: no-name-2f8748cd-1142-43e2-9169-7e95dbdcfd5d
[I 2025-09-29 13:10:41,209] Trial 0 finished with value: 0.008488832038694612 and parameters: {'lag_0': 0.4777406980762836, 'lag_1': 0.9096281069878042, 'lag_2': 0.5536298280525166, 'lag_3': 0.6740703005022685, 'lag_4': 0.7461707458342208, 'lag_5': 0.9503659968788083, 'lag_6': 0.34589820841144847, 'lag_7': 0.7945982947222698, 'lag_8': 0.7048407224712651, 'lag_9': 0.07254463220494682, 'lag_10': 0.4139847814894994, 'lag_11': 0.9685980700410003, 'lag_12': 0.7426205402135282, 'lag_13': 0.9950380214364465, 'lag_14': 0.3993641464350928, 'lag_15': 0.8208305477436451, 'lag_16': 0.42318859830741756, 'lag_17': 0.6788344676109328, 'lag_18': 0.42302823517214155, 'lag_19': 0.45210304696399356, 'lag_20': 0.251238653331121, 'lag_21': 0.671053620382438, 'lag_22': 0.5606791890608676, 'lag_23': 0.44756683660880703, 'lag_24': 0.577431277121715, 'lag_25': 0.8266550102196831, 'lag_26': 0.4987302977003271, 'lag_27': 0.76290158777463, 'lag_28': 0.1746843605217559}. Best is trial 0 with value: 0.008488832038694612.
[I 2025-09-29 13:10:43,722] Trial 1 finished with value: 0.009064354536296792 and parameters: {'lag_0': 0.4451811357580217, 'lag_1': 0.643402035508887, 'lag_2': 0.5811931148650915, 'lag_3': 0.23667420647798132, 'lag_4': 0.8652104459023615, 'lag_5': 0.7714680510618832, 'lag_6': 0.5430758155657246, 'lag_7': 0.015169319688111894, 'lag_8': 0.5361334074618104, 'lag_9': 0.6785248154329666, 'lag_10': 0.529746260559637, 'lag_11': 0.26085438646588716, 'lag_12': 0.05421885623956491, 'lag_13': 0.969821604704252, 'lag_14': 0.5359247332029871, 'lag_15': 0.8452646916045427, 'lag_16': 0.5497557263871514, 'lag_17': 0.859810392505132, 'lag_18': 0.32807621479458415, 'lag_19': 0.6789330246130257, 'lag_20': 0.6246956547205301, 'lag_21': 0.8223082593068054, 'lag_22': 0.4310969063401956, 'lag_23': 0.02504099437419444, 'lag_24': 0.7786526784990853, 'lag_25': 0.6263485966398665, 'lag_26': 0.876147423972319, 'lag_27': 0.28803915992341916, 'lag_28': 0.41151988604024325}. Best is trial 0 with value: 0.008488832038694612.
[I 2025-09-29 13:10:46,234] Trial 2 finished with value: 0.007622658882118096 and parameters: {'lag_0': 0.2923132799858401, 'lag_1': 0.2142458596365694, 'lag_2': 0.5897231503258229, 'lag_3': 0.31725576645682596, 'lag_4': 0.4505366199599071, 'lag_5': 0.7046346050028246, 'lag_6': 0.3852916791292206, 'lag_7': 0.328088377673937, 'lag_8': 0.7004264789737846, 'lag_9': 0.6875822005905352, 'lag_10': 0.5879498449400833, 'lag_11': 0.3646088209537963, 'lag_12': 0.351329109623923, 'lag_13': 0.9563762035687713, 'lag_14': 0.6845906057599458, 'lag_15': 0.8892667137865192, 'lag_16': 0.2704974225412819, 'lag_17': 0.7658390845775475, 'lag_18': 0.5321458214365398, 'lag_19': 0.5749584132566511, 'lag_20': 0.5872934113745628, 'lag_21': 0.5347674746297472, 'lag_22': 0.4697378963239104, 'lag_23': 0.4369337279117989, 'lag_24': 0.7613526731433307, 'lag_25': 0.4062948283110562, 'lag_26': 0.9835416794674855, 'lag_27': 0.37710359882592287, 'lag_28': 0.10563346472164101}. Best is trial 2 with value: 0.007622658882118096.
