2025-09-29 13:18:06,318 - distributed.nanny - INFO -         Start Nanny at: 'tcp://192.168.86.108:33385'
2025-09-29 13:18:07,606 - distributed.worker - INFO -       Start worker at: tcp://192.168.86.108:45274
2025-09-29 13:18:07,606 - distributed.worker - INFO -          Listening to: tcp://192.168.86.108:45274
2025-09-29 13:18:07,606 - distributed.worker - INFO -           Worker name:            SLURMCluster-12
2025-09-29 13:18:07,606 - distributed.worker - INFO -          dashboard at:       192.168.86.108:46830
2025-09-29 13:18:07,606 - distributed.worker - INFO - Waiting to connect to: tcp://192.168.86.101:42031
2025-09-29 13:18:07,606 - distributed.worker - INFO - -------------------------------------------------
2025-09-29 13:18:07,606 - distributed.worker - INFO -               Threads:                          1
2025-09-29 13:18:07,606 - distributed.worker - INFO -                Memory:                   9.31 GiB
2025-09-29 13:18:07,607 - distributed.worker - INFO -       Local Directory: /home1/zrentala/dask-worker-space/dask-scratch-space/worker-hv6l4god
2025-09-29 13:18:07,607 - distributed.worker - INFO - -------------------------------------------------
2025-09-29 13:18:07,893 - distributed.worker - INFO - Starting Worker plugin shuffle
2025-09-29 13:18:07,894 - distributed.worker - INFO -         Registered to: tcp://192.168.86.101:42031
2025-09-29 13:18:07,894 - distributed.worker - INFO - -------------------------------------------------
2025-09-29 13:18:07,894 - distributed.core - INFO - Starting established connection to tcp://192.168.86.101:42031
[I 2025-09-29 13:18:07,978] A new study created in memory with name: no-name-fda57d2b-da43-4372-a544-d10b304830e3
[I 2025-09-29 13:18:10,404] Trial 0 finished with value: 0.0050318150064007205 and parameters: {'lag_0': 0.9495586164196026, 'lag_1': 0.5234481359402308, 'lag_2': 0.9329330425935322, 'lag_3': 0.1291761073580377, 'lag_4': 0.9797683721582584, 'lag_5': 0.36782128433979305, 'lag_6': 0.39104559024028246, 'lag_7': 0.046400191594936566, 'lag_8': 0.41901629936475315, 'lag_9': 0.9795780248781697, 'lag_10': 0.36430665376869975, 'lag_11': 0.4402311932369884, 'lag_12': 0.7285122696426988, 'lag_13': 0.9278365194763467, 'lag_14': 0.3314180638756324, 'lag_15': 0.24667053385710028, 'lag_16': 0.46987715956647336, 'lag_17': 0.7476828165979823, 'lag_18': 0.8799105753464134, 'lag_19': 0.2634551857470464, 'lag_20': 0.9640038408555066, 'lag_21': 0.8722640078003205, 'lag_22': 0.3016748124686159, 'lag_23': 0.9710018830322611, 'lag_24': 0.5800988136237796, 'lag_25': 0.2395193786400783, 'lag_26': 0.28155308211291014, 'lag_27': 0.5817413853639701, 'lag_28': 0.6280918346208298}. Best is trial 0 with value: 0.0050318150064007205.
[I 2025-09-29 13:18:12,806] Trial 1 finished with value: 0.004944666258087907 and parameters: {'lag_0': 0.163014129304179, 'lag_1': 0.5070607305540659, 'lag_2': 0.49024934302491113, 'lag_3': 0.5042960272205943, 'lag_4': 0.6908798921422956, 'lag_5': 0.4767181442613755, 'lag_6': 0.26880459532637957, 'lag_7': 0.852421471542519, 'lag_8': 0.6643606265769877, 'lag_9': 0.2610993990029088, 'lag_10': 0.6925293921994214, 'lag_11': 0.5620057938493461, 'lag_12': 0.665757604549391, 'lag_13': 0.15141428344275942, 'lag_14': 0.8883485955664258, 'lag_15': 0.6506987547577593, 'lag_16': 0.5958377344531883, 'lag_17': 0.7901693572246506, 'lag_18': 0.9610788491348791, 'lag_19': 0.09252455035421442, 'lag_20': 0.8297222657092237, 'lag_21': 0.7043713839400332, 'lag_22': 0.9958545453124493, 'lag_23': 0.6302302788498176, 'lag_24': 0.7024933799594649, 'lag_25': 0.7591350760062763, 'lag_26': 0.9861839310643586, 'lag_27': 0.6798010371548008, 'lag_28': 0.7756549472816981}. Best is trial 1 with value: 0.004944666258087907.
[I 2025-09-29 13:18:15,208] Trial 2 finished with value: 0.004958359840658549 and parameters: {'lag_0': 0.45219032665959097, 'lag_1': 0.053288103446819036, 'lag_2': 0.4843502742196354, 'lag_3': 0.6951839274303, 'lag_4': 0.01370836174724252, 'lag_5': 0.14554947653275943, 'lag_6': 0.9142617038915987, 'lag_7': 0.6583338400480128, 'lag_8': 0.546815339100262, 'lag_9': 0.7466255033945546, 'lag_10': 0.9114727898795761, 'lag_11': 0.6349092528907442, 'lag_12': 0.38152073908789813, 'lag_13': 0.31711507586909154, 'lag_14': 0.18710892900558815, 'lag_15': 0.35052007978701694, 'lag_16': 0.6509934496512635, 'lag_17': 0.6054401984406248, 'lag_18': 0.22691090286660462, 'lag_19': 0.036554862620812346, 'lag_20': 0.7429205980933095, 'lag_21': 0.6809653092870014, 'lag_22': 0.16391849583956775, 'lag_23': 0.7554004045866526, 'lag_24': 0.6612989667668664, 'lag_25': 0.6803279360772615, 'lag_26': 0.5681749505484371, 'lag_27': 0.6422943433165983, 'lag_28': 0.7874114493301614}. Best is trial 1 with value: 0.004944666258087907.
[I 2025-09-29 13:18:17,600] Trial 3 finished with value: 0.004934901951841477 and parameters: {'lag_0': 0.40861939764484134, 'lag_1': 0.22967133223350542, 'lag_2': 0.7957445044844278, 'lag_3': 0.6746558534370136, 'lag_4': 0.4742123373243641, 'lag_5': 0.4199054494248797, 'lag_6': 0.9297255913431622, 'lag_7': 0.8655845671019928, 'lag_8': 0.09588250321364553, 'lag_9': 0.6453243971944131, 'lag_10': 0.9334525006290689, 'lag_11': 0.6734088703093578, 'lag_12': 0.9413497193527824, 'lag_13': 0.755891829883277, 'lag_14': 0.32827009020181463, 'lag_15': 0.016340805554471167, 'lag_16': 0.40452782093137724, 'lag_17': 0.0839475570562826, 'lag_18': 0.8417918110242962, 'lag_19': 0.5609102976618008, 'lag_20': 0.779711594518805, 'lag_21': 0.08881005708639311, 'lag_22': 0.46059960843550896, 'lag_23': 0.22616247606077156, 'lag_24': 0.10065205570345251, 'lag_25': 0.6302721040477702, 'lag_26': 0.8713915768083537, 'lag_27': 0.5650301571482705, 'lag_28': 0.3459210515781036}. Best is trial 3 with value: 0.004934901951841477.
[I 2025-09-29 13:18:19,990] Trial 4 finished with value: 0.0048125162809099075 and parameters: {'lag_0': 0.9357763092349479, 'lag_1': 0.9923899832127989, 'lag_2': 0.847064388781127, 'lag_3': 0.0955087565379289, 'lag_4': 0.117417829858073, 'lag_5': 0.8698153095077882, 'lag_6': 0.3599579032053375, 'lag_7': 0.7790826677827819, 'lag_8': 0.07255261357078352, 'lag_9': 0.25534247389288345, 'lag_10': 0.37490698867860833, 'lag_11': 0.018840233753427565, 'lag_12': 0.6081953101083446, 'lag_13': 0.04615294293320683, 'lag_14': 0.06760089864158104, 'lag_15': 0.5135247470222254, 'lag_16': 0.4730792955645936, 'lag_17': 0.4464363803739293, 'lag_18': 0.053595454653102004, 'lag_19': 0.9501242941541546, 'lag_20': 0.1360871073891594, 'lag_21': 0.6437816522596664, 'lag_22': 0.817947758821443, 'lag_23': 0.30556680106137296, 'lag_24': 0.5687699940931172, 'lag_25': 0.5637586438939771, 'lag_26': 0.2578765809998019, 'lag_27': 0.8125748285656931, 'lag_28': 0.9480702161219712}. Best is trial 4 with value: 0.0048125162809099075.
[I 2025-09-29 13:18:22,381] Trial 5 finished with value: 0.004938296785953127 and parameters: {'lag_0': 0.6160009698110466, 'lag_1': 0.1780110272520325, 'lag_2': 0.1465182361782979, 'lag_3': 0.5640272384022444, 'lag_4': 0.29375297643405546, 'lag_5': 0.402694289189241, 'lag_6': 0.2792283391019526, 'lag_7': 0.25423802884324415, 'lag_8': 0.9252485553632417, 'lag_9': 0.6081934284538726, 'lag_10': 0.4343686665675525, 'lag_11': 0.9600649848599561, 'lag_12': 0.21802583678325876, 'lag_13': 0.9922386563672818, 'lag_14': 0.7144765557729501, 'lag_15': 0.3288691671408123, 'lag_16': 0.024948879077115425, 'lag_17': 0.10962066287286394, 'lag_18': 0.5425716792233446, 'lag_19': 0.4925198289029537, 'lag_20': 0.63300218976268, 'lag_21': 0.6591613802968441, 'lag_22': 0.89585711527515, 'lag_23': 0.5791562512434032, 'lag_24': 0.8706105540674284, 'lag_25': 0.16733820286763607, 'lag_26': 0.9886962263068775, 'lag_27': 0.7341657375945723, 'lag_28': 0.4051578479285825}. Best is trial 4 with value: 0.0048125162809099075.
[I 2025-09-29 13:18:24,771] Trial 6 finished with value: 0.005006790576001037 and parameters: {'lag_0': 0.12213117856048732, 'lag_1': 0.3612386086695826, 'lag_2': 0.9854097637363108, 'lag_3': 0.5588156079792465, 'lag_4': 0.654271286692955, 'lag_5': 0.06156022049787849, 'lag_6': 0.4902518449431151, 'lag_7': 0.7706139306457164, 'lag_8': 0.1552089953917213, 'lag_9': 0.11331187559884524, 'lag_10': 0.26738581460523614, 'lag_11': 0.15462359562409744, 'lag_12': 0.8266781397837479, 'lag_13': 0.6615642321809421, 'lag_14': 0.07752753331315691, 'lag_15': 0.08361156749001858, 'lag_16': 0.12987026028698218, 'lag_17': 0.1272123451324105, 'lag_18': 0.8246457143073179, 'lag_19': 0.2742273399973888, 'lag_20': 0.9453008108922188, 'lag_21': 0.82730866661973, 'lag_22': 0.947471697589335, 'lag_23': 0.45879002851160305, 'lag_24': 0.9007827432956742, 'lag_25': 0.8266095571100192, 'lag_26': 0.5332353390722827, 'lag_27': 0.15093089119574551, 'lag_28': 0.39979674072656807}. Best is trial 4 with value: 0.0048125162809099075.
[I 2025-09-29 13:18:27,164] Trial 7 finished with value: 0.005569216823990035 and parameters: {'lag_0': 0.44115369692564943, 'lag_1': 0.2909793793152341, 'lag_2': 0.6392853431291167, 'lag_3': 0.8173203721826433, 'lag_4': 0.3973332571682948, 'lag_5': 0.22137451570449818, 'lag_6': 0.8307981730673203, 'lag_7': 0.8564013331815524, 'lag_8': 0.4056619412296988, 'lag_9': 0.3278710052531247, 'lag_10': 0.937208073712917, 'lag_11': 0.370336480433158, 'lag_12': 0.2325594601929367, 'lag_13': 0.6471737533381197, 'lag_14': 0.5314655114544792, 'lag_15': 0.37405495774957437, 'lag_16': 0.7174546568714537, 'lag_17': 0.9981801848849499, 'lag_18': 0.3936849066065379, 'lag_19': 0.9063532438106862, 'lag_20': 0.6663242599675062, 'lag_21': 0.1501336841719399, 'lag_22': 0.1436596230508195, 'lag_23': 0.5562983437016523, 'lag_24': 0.6745606166800867, 'lag_25': 0.9720161990774686, 'lag_26': 0.8040323089198267, 'lag_27': 0.45987624658343595, 'lag_28': 0.8878453567683797}. Best is trial 4 with value: 0.0048125162809099075.
[I 2025-09-29 13:18:29,557] Trial 8 finished with value: 0.0047926727314044045 and parameters: {'lag_0': 0.22118288815746337, 'lag_1': 0.03252872003716801, 'lag_2': 0.7475155074220178, 'lag_3': 0.29354733285940193, 'lag_4': 0.36062940354329914, 'lag_5': 0.2867157610930153, 'lag_6': 0.6381586617408628, 'lag_7': 0.2782988058084765, 'lag_8': 0.1948757080178644, 'lag_9': 0.09512107928439381, 'lag_10': 0.60194577165935, 'lag_11': 0.8541853538600269, 'lag_12': 0.3273849376792046, 'lag_13': 0.36226230948433663, 'lag_14': 0.456766278934033, 'lag_15': 0.2472308187374834, 'lag_16': 0.7233995740622856, 'lag_17': 0.3992810296367833, 'lag_18': 0.21002464313669733, 'lag_19': 0.06862817777500986, 'lag_20': 0.6778339374257767, 'lag_21': 0.6906777194253331, 'lag_22': 0.7239089279184703, 'lag_23': 0.16141516911596743, 'lag_24': 0.07766193930392358, 'lag_25': 0.858812810049256, 'lag_26': 0.2104708532869263, 'lag_27': 0.8237145537776372, 'lag_28': 0.05560817434014283}. Best is trial 8 with value: 0.0047926727314044045.
[I 2025-09-29 13:18:32,045] Trial 9 finished with value: 0.004691917590878324 and parameters: {'lag_0': 0.2033158028935689, 'lag_1': 0.3427759326387402, 'lag_2': 0.9381606277088484, 'lag_3': 0.4783467893857949, 'lag_4': 0.96872867395484, 'lag_5': 0.9290176770468598, 'lag_6': 0.6929430925199089, 'lag_7': 0.9222826344510671, 'lag_8': 0.08905453712145565, 'lag_9': 0.28774897809405764, 'lag_10': 0.46630678331653647, 'lag_11': 0.23986741377584328, 'lag_12': 0.0063628538381273235, 'lag_13': 0.6953643418455352, 'lag_14': 0.26608908098577577, 'lag_15': 0.3498563704633728, 'lag_16': 0.803634098962434, 'lag_17': 0.6383298868979723, 'lag_18': 0.8611508327994557, 'lag_19': 0.7348416640375538, 'lag_20': 0.22954942222070035, 'lag_21': 0.7532613176630616, 'lag_22': 0.6145021511796496, 'lag_23': 0.7339612958104392, 'lag_24': 0.2505398800229313, 'lag_25': 0.639899691566096, 'lag_26': 0.987929795126907, 'lag_27': 0.8538450346027363, 'lag_28': 0.9005950519917096}. Best is trial 9 with value: 0.004691917590878324.
[I 2025-09-29 13:18:34,508] Trial 10 finished with value: 0.004716249497458752 and parameters: {'lag_0': 0.6857702278544092, 'lag_1': 0.7399314975202035, 'lag_2': 0.23630801649639188, 'lag_3': 0.9375152205440382, 'lag_4': 0.9889003569925334, 'lag_5': 0.9919758666187264, 'lag_6': 0.6860649805734891, 'lag_7': 0.5230513618515653, 'lag_8': 0.29014668723514536, 'lag_9': 0.4445910080076611, 'lag_10': 0.001981936609960211, 'lag_11': 0.2587106586659613, 'lag_12': 0.008612864019791262, 'lag_13': 0.5062612874330593, 'lag_14': 0.6467378768404188, 'lag_15': 0.9467062216731547, 'lag_16': 0.9775258778022939, 'lag_17': 0.3184670406635188, 'lag_18': 0.6825531891660063, 'lag_19': 0.7300420214878245, 'lag_20': 0.2538613919162408, 'lag_21': 0.39514337279837797, 'lag_22': 0.5816533107181374, 'lag_23': 0.9751923992833269, 'lag_24': 0.29722844421222183, 'lag_25': 0.3756934668020564, 'lag_26': 0.7044439494661651, 'lag_27': 0.3473104721242085, 'lag_28': 0.6191684662489636}. Best is trial 9 with value: 0.004691917590878324.
[I 2025-09-29 13:18:36,962] Trial 11 finished with value: 0.0047005791647485 and parameters: {'lag_0': 0.7427105781685768, 'lag_1': 0.7716889965667141, 'lag_2': 0.21528056145500474, 'lag_3': 0.9913705941237082, 'lag_4': 0.9980065834840055, 'lag_5': 0.9954650620025218, 'lag_6': 0.01810827060937037, 'lag_7': 0.4992632318621659, 'lag_8': 0.28119507969080215, 'lag_9': 0.46628353479772877, 'lag_10': 0.05869529811709617, 'lag_11': 0.2349184376835079, 'lag_12': 0.03013868282494416, 'lag_13': 0.530366703616735, 'lag_14': 0.6553924631405705, 'lag_15': 0.845246820254261, 'lag_16': 0.9909037765943061, 'lag_17': 0.31693668841532197, 'lag_18': 0.6383872211551443, 'lag_19': 0.7494055345348859, 'lag_20': 0.26417644923057154, 'lag_21': 0.36650239781696176, 'lag_22': 0.5982422952363193, 'lag_23': 0.8817283119825787, 'lag_24': 0.3224037645146125, 'lag_25': 0.3796917545196966, 'lag_26': 0.7265311364004233, 'lag_27': 0.2990335679523053, 'lag_28': 0.6499339609347277}. Best is trial 9 with value: 0.004691917590878324.
[I 2025-09-29 13:18:39,411] Trial 12 finished with value: 0.005189080814806949 and parameters: {'lag_0': 0.7563761700781824, 'lag_1': 0.7494424363976878, 'lag_2': 0.0040606881980856935, 'lag_3': 0.312775363184946, 'lag_4': 0.8101496246404458, 'lag_5': 0.7566858803980818, 'lag_6': 0.02643820990217889, 'lag_7': 0.4848343359870139, 'lag_8': 0.004301241042109646, 'lag_9': 0.4609010717087987, 'lag_10': 0.035515171997384715, 'lag_11': 0.20493713288697563, 'lag_12': 0.07827592106919005, 'lag_13': 0.47325013304884106, 'lag_14': 0.8412992144094628, 'lag_15': 0.8269491953969386, 'lag_16': 0.9904819456534886, 'lag_17': 0.2703158935167135, 'lag_18': 0.657446928918371, 'lag_19': 0.7427543395769372, 'lag_20': 0.3995999383730532, 'lag_21': 0.39496919588857526, 'lag_22': 0.5767863531831401, 'lag_23': 0.8236020126991109, 'lag_24': 0.3132894012541746, 'lag_25': 0.4143319553303909, 'lag_26': 0.700106296530332, 'lag_27': 0.029411575042452343, 'lag_28': 0.6469813227341406}. Best is trial 9 with value: 0.004691917590878324.
[I 2025-09-29 13:18:41,857] Trial 13 finished with value: 0.005467957660149702 and parameters: {'lag_0': 0.011590464493971775, 'lag_1': 0.7090384107886452, 'lag_2': 0.2957047796018647, 'lag_3': 0.3361669627031003, 'lag_4': 0.7806437580756826, 'lag_5': 0.6605394349539526, 'lag_6': 0.09983535854992472, 'lag_7': 0.5517841383530325, 'lag_8': 0.2812574535419181, 'lag_9': 0.005417011850027853, 'lag_10': 0.1964848478374236, 'lag_11': 0.3322828944882689, 'lag_12': 0.11070639488208668, 'lag_13': 0.7737525849963783, 'lag_14': 0.36720624927525425, 'lag_15': 0.6973340248229007, 'lag_16': 0.8386680331998789, 'lag_17': 0.6323846791012712, 'lag_18': 0.703110036587537, 'lag_19': 0.7421497166183776, 'lag_20': 0.05386759816692979, 'lag_21': 0.9932215070083289, 'lag_22': 0.43836957773864804, 'lag_23': 0.8062503868539697, 'lag_24': 0.3034597242912122, 'lag_25': 0.05458955170920837, 'lag_26': 0.8395259992157724, 'lag_27': 0.9705569409619048, 'lag_28': 0.9921012225974328}. Best is trial 9 with value: 0.004691917590878324.
[I 2025-09-29 13:18:44,316] Trial 14 finished with value: 0.005021674672213322 and parameters: {'lag_0': 0.30082898211462666, 'lag_1': 0.9761089608952995, 'lag_2': 0.38589004929734216, 'lag_3': 0.9562494711367964, 'lag_4': 0.8699752421310729, 'lag_5': 0.9963791374637402, 'lag_6': 0.6956134114374659, 'lag_7': 0.9863295854016465, 'lag_8': 0.27296305446432717, 'lag_9': 0.3340512213549356, 'lag_10': 0.7206841125183995, 'lag_11': 0.0015143004617984845, 'lag_12': 0.46387430862834717, 'lag_13': 0.5138742848240117, 'lag_14': 0.6393418084728855, 'lag_15': 0.5660085407522197, 'lag_16': 0.8401752911254514, 'lag_17': 0.5744808780591825, 'lag_18': 0.4797121807757875, 'lag_19': 0.5773996261650572, 'lag_20': 0.37443835027644196, 'lag_21': 0.3244478896630997, 'lag_22': 0.6905239097409317, 'lag_23': 0.7233953380863428, 'lag_24': 0.40304372912262587, 'lag_25': 0.4661327811324496, 'lag_26': 0.4064458378485385, 'lag_27': 0.30627705474408606, 'lag_28': 0.7846817472808325}. Best is trial 9 with value: 0.004691917590878324.
[I 2025-09-29 13:18:46,771] Trial 15 finished with value: 0.0049402919206706095 and parameters: {'lag_0': 0.7985464998697477, 'lag_1': 0.6342914516774589, 'lag_2': 0.6247653200783028, 'lag_3': 0.3902099670856697, 'lag_4': 0.5927176155002001, 'lag_5': 0.6523239890299293, 'lag_6': 0.5760911431516256, 'lag_7': 0.3794953917085162, 'lag_8': 0.7799858320583553, 'lag_9': 0.8279801984941012, 'lag_10': 0.1951782180475356, 'lag_11': 0.13432906022075525, 'lag_12': 0.17962812363399316, 'lag_13': 0.8260283384171159, 'lag_14': 0.2231775122358171, 'lag_15': 0.9742226230484755, 'lag_16': 0.8373417653094438, 'lag_17': 0.2809592304409671, 'lag_18': 0.9945434493415866, 'lag_19': 0.8648706174228353, 'lag_20': 0.23332874680398932, 'lag_21': 0.5165127811740665, 'lag_22': 0.330114993487977, 'lag_23': 0.422984770505049, 'lag_24': 0.1776364841686877, 'lag_25': 0.30161463932599336, 'lag_26': 0.032426958430084085, 'lag_27': 0.9869099616415031, 'lag_28': 0.5359904475926532}. Best is trial 9 with value: 0.004691917590878324.
[I 2025-09-29 13:18:49,248] Trial 16 finished with value: 0.004862041948135865 and parameters: {'lag_0': 0.5576643719136036, 'lag_1': 0.3656769459491163, 'lag_2': 0.005286792253491157, 'lag_3': 0.7648074907054444, 'lag_4': 0.902801757388504, 'lag_5': 0.8312865145198564, 'lag_6': 0.14882745417067123, 'lag_7': 0.6564297632818126, 'lag_8': 0.4942546658869407, 'lag_9': 0.5627284104704058, 'lag_10': 0.56347802016713, 'lag_11': 0.2921953720466043, 'lag_12': 0.010757513212274084, 'lag_13': 0.6327764668686018, 'lag_14': 0.9785380415980149, 'lag_15': 0.7253061686095629, 'lag_16': 0.3314620963055732, 'lag_17': 0.7805501265466347, 'lag_18': 0.5579161876564033, 'lag_19': 0.6583469493809462, 'lag_20': 0.4683206092888521, 'lag_21': 0.2424395276415937, 'lag_22': 0.6755210895081866, 'lag_23': 0.8856085249789042, 'lag_24': 0.0050059996163761, 'lag_25': 0.5298579819523699, 'lag_26': 0.6704067600215806, 'lag_27': 0.27014043565040446, 'lag_28': 0.20523256853665878}. Best is trial 9 with value: 0.004691917590878324.
[I 2025-09-29 13:18:51,707] Trial 17 finished with value: 0.005435491237125993 and parameters: {'lag_0': 0.35885512834735184, 'lag_1': 0.8771068831568309, 'lag_2': 0.16210262191744262, 'lag_3': 0.21105876781076355, 'lag_4': 0.7538525600485099, 'lag_5': 0.5919894123738354, 'lag_6': 0.5104563319395794, 'lag_7': 0.06214904082003597, 'lag_8': 0.36344118824962723, 'lag_9': 0.4034943410560239, 'lag_10': 0.09942840864666105, 'lag_11': 0.4059973353514006, 'lag_12': 0.3155245685262369, 'lag_13': 0.3105659568334169, 'lag_14': 0.5146248332886915, 'lag_15': 0.8709122085103984, 'lag_16': 0.9119323926627578, 'lag_17': 0.4712305361942265, 'lag_18': 0.7635226200211706, 'lag_19': 0.41505222264192354, 'lag_20': 0.25998477446313545, 'lag_21': 0.5274698251408791, 'lag_22': 0.8146757588844729, 'lag_23': 0.01498549057164661, 'lag_24': 0.43581420621982103, 'lag_25': 0.02603835409530919, 'lag_26': 0.8975873838630384, 'lag_27': 0.4675304747508481, 'lag_28': 0.8627427200741536}. Best is trial 9 with value: 0.004691917590878324.
[I 2025-09-29 13:18:54,165] Trial 18 finished with value: 0.0047252032856977145 and parameters: {'lag_0': 0.8620845675191495, 'lag_1': 0.6121720911387732, 'lag_2': 0.610276282123623, 'lag_3': 0.44334085799247447, 'lag_4': 0.9210069102121501, 'lag_5': 0.8765513837299803, 'lag_6': 0.7746269657698072, 'lag_7': 0.3392581062640959, 'lag_8': 0.00040062289938058715, 'lag_9': 0.1863888417428256, 'lag_10': 0.8013105008214894, 'lag_11': 0.10182999391168357, 'lag_12': 0.4573816399519032, 'lag_13': 0.5669572209053991, 'lag_14': 0.7711948204380144, 'lag_15': 0.4531177528076511, 'lag_16': 0.7353729855671142, 'lag_17': 0.9371059302803195, 'lag_18': 0.4323361388499866, 'lag_19': 0.8400955071964038, 'lag_20': 0.06747780688654095, 'lag_21': 0.8196441208027374, 'lag_22': 0.5653324457882722, 'lag_23': 0.726794238205444, 'lag_24': 0.2115670613963237, 'lag_25': 0.6422870485833192, 'lag_26': 0.7810331402893408, 'lag_27': 0.18103586044250997, 'lag_28': 0.7072238128402364}. Best is trial 9 with value: 0.004691917590878324.
[I 2025-09-29 13:18:56,622] Trial 19 finished with value: 0.005084043571479529 and parameters: {'lag_0': 0.019294687908724212, 'lag_1': 0.8554042304768851, 'lag_2': 0.3744150770537851, 'lag_3': 0.8224428047352884, 'lag_4': 0.5899852683826952, 'lag_5': 0.7626522292240255, 'lag_6': 0.9890621598529336, 'lag_7': 0.6233521855390122, 'lag_8': 0.19774250056334577, 'lag_9': 0.7132842940946842, 'lag_10': 0.501605752653464, 'lag_11': 0.5140409899509734, 'lag_12': 0.15015351050503895, 'lag_13': 0.4019952579883142, 'lag_14': 0.19714274140291813, 'lag_15': 0.2167515255567455, 'lag_16': 0.2562824596397839, 'lag_17': 0.20996394944221802, 'lag_18': 0.6196328310809341, 'lag_19': 0.65493996467768, 'lag_20': 0.5453737128840798, 'lag_21': 0.22517056242718503, 'lag_22': 0.34938650451654574, 'lag_23': 0.6602947420783924, 'lag_24': 0.43931847630715143, 'lag_25': 0.3475055557762169, 'lag_26': 0.603298183090101, 'lag_27': 0.4378474218232341, 'lag_28': 0.5009735773424349}. Best is trial 9 with value: 0.004691917590878324.
