[I 2025-10-03 11:39:24,205] Trial 81 finished with values: [0.01027777777777778, 0.002203998933369725, 0.0008007065084987162, 0.0012980642321304635, 0.001440992790611661, 0.0009022340438087459, 0.0016671174846672296, 0.0017391501103628869, 0.001250826453793198, 0.0023188073114067363, 0.0010487592560352696, 0.0012702357698342788, 0.00040985837022551076, 0.021350727164494033, 0.0, 0.00037535475229987024, 0.0002756027334587136, 0.0006248157623363183, 0.000699026550978288, 4.616397608769485e-05, 7.177211334850441e-05, 8.73385987097355e-05, 0.00035535921244732386, 0.00043331085611472464, 0.0004609778977808803, 0.0001679800994876678, 0.0006360089990313075, 0.0011691671906826997, 0.002257112335453006] and parameters: {'lag_0': 0.2836484634400319, 'lag_1': 0.9495061015999345, 'lag_2': 0.9057565923336844, 'lag_3': 0.26496596988369353, 'lag_4': 0.20522828530977288, 'lag_5': 0.6211129497848586, 'lag_6': 0.15069489171524122, 'lag_7': 0.6353064797206509, 'lag_8': 0.46755363785989223, 'lag_9': 0.11058208701513607, 'lag_10': 0.6025152550049945, 'lag_11': 0.6207996106310174, 'lag_12': 0.9352662825830365, 'lag_13': 0.29273424386947694, 'lag_14': 0.3631305130568663, 'lag_15': 0.8226846946030317, 'lag_16': 0.5634005622899579, 'lag_17': 0.6408538997869726, 'lag_18': 0.9489836824000266, 'lag_19': 0.8348768023029632, 'lag_20': 0.6207398861392919, 'lag_21': 0.2631872680135439, 'lag_22': 0.7373276061065085, 'lag_23': 0.5375282660331563, 'lag_24': 0.15387076094777205, 'lag_25': 0.648113839311037, 'lag_26': 0.5798884898184191, 'lag_27': 0.765419282659695, 'lag_28': 0.1908039394092082}.
[I 2025-10-03 11:39:26,925] Trial 82 finished with values: [0.0036111111111111114, 0.0007178290584318487, 0.0005218177714086546, 0.0009204968996420522, 0.00035717336318260293, 0.0005493368236695796, 0.0013225374834268425, 0.00400401886282667, 0.0021837700208265907, 0.0017213616717727492, 0.0010268455205763802, 0.00028395230094360095, 0.0009508518141895931, 0.01944232617499775, 0.0, 0.0002799460769275858, 0.00012371089194541644, 0.00019856081681734306, 0.0006092371350304147, 3.572659592052252e-05, 3.360196038522462e-06, 4.0245401747633504e-05, 0.00025709364132909965, 0.00041921807545174713, 0.0004970981607161798, 0.0002700469849150999, 0.0010492087439735495, 0.0014164764060096689, 0.002200147149575417] and parameters: {'lag_0': 0.6723901059017349, 'lag_1': 0.5102297774894621, 'lag_2': 0.713486296099975, 'lag_3': 0.01635300889601056, 'lag_4': 0.0773048348721342, 'lag_5': 0.015432564079101015, 'lag_6': 0.27675827764361444, 'lag_7': 0.8133518190918226, 'lag_8': 0.40728867775573946, 'lag_9': 0.5691043896708684, 'lag_10': 0.7503604302211331, 'lag_11': 0.009125464505729559, 'lag_12': 0.6467714413828143, 'lag_13': 0.6640870916736901, 'lag_14': 0.6898740710882033, 'lag_15': 0.3245232778884548, 'lag_16': 0.3376551213189677, 'lag_17': 0.32235105626095256, 'lag_18': 0.9200999556775299, 'lag_19': 0.09116160592912557, 'lag_20': 0.6855343782568283, 'lag_21': 0.2584485524471829, 'lag_22': 0.5502312407003751, 'lag_23': 0.7202460773607443, 'lag_24': 0.3935562063352323, 'lag_25': 0.890736364467487, 'lag_26': 0.2380263356611629, 'lag_27': 0.5079900491189066, 'lag_28': 0.20402836681411637}.
[I 2025-10-03 11:39:29,649] Trial 83 finished with values: [0.0027222222222222222, 0.0007351643990050298, 0.0003413055681266414, 0.0009058522253024177, 0.0013959992763319623, 0.001593357806907154, 0.000922984774169467, 0.001919499543398449, 0.0023811492629927608, 0.001668574822662557, 0.0009291675097213667, 0.0002757321975414927, 0.000910603655044161, 0.019881039762765635, 0.0, 0.0005781864105405242, 0.0003662416777119401, 0.0007819676039416939, 0.0006995368897646842, 1.4554238920202371e-05, 5.4819072294682364e-05, 3.0836199652640714e-05, 0.0005303871663734827, 0.0001810786113549319, 0.0009650873594725849, 0.0002215378854378138, 0.0003322117254980957, 0.0019113499145499233, 0.0006882421140738795] and parameters: {'lag_0': 0.8388976087797331, 'lag_1': 0.483538418732454, 'lag_2': 0.4600652685536262, 'lag_3': 0.7848055248761502, 'lag_4': 0.49324687371230175, 'lag_5': 0.31986075671212555, 'lag_6': 0.8473723869906795, 'lag_7': 0.5509162012266587, 'lag_8': 0.6987033219742702, 'lag_9': 0.9291564701935678, 'lag_10': 0.5991429565922938, 'lag_11': 0.7915042399238462, 'lag_12': 0.2953041160917788, 'lag_13': 0.8181308261114458, 'lag_14': 0.9178097741403204, 'lag_15': 0.7010318434761745, 'lag_16': 0.08621024619200081, 'lag_17': 0.49107238975688655, 'lag_18': 0.8824353596873882, 'lag_19': 0.376210486987838, 'lag_20': 0.5284043263201823, 'lag_21': 0.5397178643256142, 'lag_22': 0.05908512043023851, 'lag_23': 0.43102984563904456, 'lag_24': 0.9526865265545327, 'lag_25': 0.014011144247699971, 'lag_26': 0.920847292482036, 'lag_27': 0.47126859631049706, 'lag_28': 0.14236565956920796}.
[I 2025-10-03 11:39:32,368] Trial 84 finished with values: [0.0044444444444444444, 0.005131630309102445, 0.00039916652063774457, 0.0011985065461636636, 0.0014155044400308541, 0.0005011613578251625, 0.0007365205801022422, 0.0017938649646801956, 0.0017190788986556596, 0.001604066723845062, 0.0020311770404147717, 0.0004061353529268248, 0.0005355935147170721, 0.020063282286682277, 0.0, 0.0005791776431800703, 0.00032331213737008907, 0.00046534912596412037, 0.0008090805634559502, 9.450956228419657e-05, 0.00025034145383852493, 2.0155288943999982e-05, 0.000320728030792676, 0.00029049825365683646, 0.000608995171956182, 0.00016348453783637207, 0.0005072298275269355, 0.0011685869442198378, 0.0022284080685304286] and parameters: {'lag_0': 0.7215333831970344, 'lag_1': 0.8449669997897664, 'lag_2': 0.7802693609010141, 'lag_3': 0.15164737453899202, 'lag_4': 0.631479639138886, 'lag_5': 0.002115178639668528, 'lag_6': 0.9157772857190837, 'lag_7': 0.09459474843970853, 'lag_8': 0.8753887207543452, 'lag_9': 0.6035129719663236, 'lag_10': 0.5205271022673714, 'lag_11': 0.7008803177454601, 'lag_12': 0.027632959984301982, 'lag_13': 0.19118236582488557, 'lag_14': 0.2759531726354262, 'lag_15': 0.5827457629329095, 'lag_16': 0.48897140693878527, 'lag_17': 0.5398278914912874, 'lag_18': 0.5005229629562697, 'lag_19': 0.42813510141065547, 'lag_20': 0.8993911806990307, 'lag_21': 0.9727477761578889, 'lag_22': 0.0867374652293858, 'lag_23': 0.49523187245226413, 'lag_24': 0.8605012071753338, 'lag_25': 0.6487044495232085, 'lag_26': 0.7970350055030905, 'lag_27': 0.5746935274915773, 'lag_28': 0.7716975347813798}.
[I 2025-10-03 11:39:35,083] Trial 85 finished with values: [0.0044444444444444444, 0.0046044246316398725, 0.0032441299100117206, 0.0014488133464386856, 0.00048276301132961307, 0.0011199974091423062, 0.0013757342348238177, 0.002100808289380794, 0.002025204584955379, 0.002561487311049523, 0.001184318542905365, 0.0005894056777286623, 0.00018399868097274162, 0.020230823357266732, 0.0, 0.00012816496662608243, 9.499709892311003e-05, 0.00030830082328349803, 0.0007029305900239613, 9.675056175026567e-05, 2.6870181592970477e-05, 1.804322243563805e-05, 0.00037201323423437894, 0.0004733132287216469, 0.0009035163658914089, 0.0003059936401578484, 0.0003758462598721155, 0.0006834109262928607, 0.0013386819616822208] and parameters: {'lag_0': 0.9332471019702929, 'lag_1': 0.5755195472422836, 'lag_2': 0.4091833354923851, 'lag_3': 0.08324711278810802, 'lag_4': 0.2832738674351753, 'lag_5': 0.37499456384258634, 'lag_6': 0.04273011570846882, 'lag_7': 0.7451936169100543, 'lag_8': 0.35510680640787473, 'lag_9': 0.17331929584004685, 'lag_10': 0.18557424504767225, 'lag_11': 0.643624713848835, 'lag_12': 0.24463991537000107, 'lag_13': 0.8614043169725552, 'lag_14': 0.08719122528216852, 'lag_15': 0.8032359279242731, 'lag_16': 0.8926805666064823, 'lag_17': 0.8897881482648244, 'lag_18': 0.6610463129698096, 'lag_19': 0.25555430491079145, 'lag_20': 0.33055035623092155, 'lag_21': 0.7970925342508471, 'lag_22': 0.26007728658692375, 'lag_23': 0.47565260394077974, 'lag_24': 0.5369474907871089, 'lag_25': 0.0638130957084454, 'lag_26': 0.45478986227124657, 'lag_27': 0.9365180470409951, 'lag_28': 0.47349694201211884}.
[I 2025-10-03 11:39:37,797] Trial 86 finished with values: [0.027115646258503413, 0.0016626586393695165, 0.0007095045625786003, 0.0011372158801755436, 0.0009337500939429916, 0.0008030876533696057, 0.0004737671283993933, 0.001590375352033648, 0.00136559235975719, 0.0020622569704296214, 0.0009416424571055601, 0.00038926164597041183, 0.0005092244932993276, 0.019556753101836154, 0.0, 0.0006681437254199447, 0.00010924826070637917, 0.0003941687694906424, 0.000959851680475463, 5.028232033719212e-05, 6.616827547903159e-05, 5.575553804220398e-05, 0.00024748733160423963, 0.00033723599772119523, 0.0007213558228475639, 0.00013693986400118162, 0.0008767876954058843, 0.002642121297623775, 0.0007534982634829834] and parameters: {'lag_0': 0.45066713494417415, 'lag_1': 0.05407571849264365, 'lag_2': 0.22333622227047106, 'lag_3': 0.2904433076957772, 'lag_4': 0.9780936726252346, 'lag_5': 0.6174869102447017, 'lag_6': 0.11217725958860841, 'lag_7': 0.9845145385563191, 'lag_8': 0.9940271695268224, 'lag_9': 0.45295803757062386, 'lag_10': 0.34937804636922587, 'lag_11': 0.8941956043201684, 'lag_12': 0.7791636807029653, 'lag_13': 0.45349784511374375, 'lag_14': 0.4940053447240217, 'lag_15': 0.7743579328228312, 'lag_16': 0.4751956779612645, 'lag_17': 0.8099948087413718, 'lag_18': 0.620508496769476, 'lag_19': 0.7167416992920908, 'lag_20': 0.6561968521462773, 'lag_21': 0.5313606005789621, 'lag_22': 0.5453965926717671, 'lag_23': 0.8722160590760125, 'lag_24': 0.8404772573530583, 'lag_25': 0.5501142251320353, 'lag_26': 0.3381692298712417, 'lag_27': 0.8909595308383444, 'lag_28': 0.12135728395642967}.
[I 2025-10-03 11:39:40,515] Trial 87 finished with values: [0.004671201814058957, 0.0014059600343311227, 0.0004706645556415371, 0.000650420892171848, 0.001387265595071453, 0.0015753882587269522, 0.0009828802738193066, 0.0008947089558496239, 0.0024291838825014544, 0.0019238814396530953, 0.0018185375905799225, 0.0008533798829177123, 0.0006308559372154353, 0.02034582833883496, 0.0, 0.00032253115927120726, 6.355198076370518e-05, 0.0004284246435499094, 0.0006081651280145271, 2.5720619495612243e-05, 6.088314293378576e-05, 8.874730092939847e-05, 0.00033388342265390047, 0.0004937431602915175, 0.0005959156909399455, 9.12990574997978e-05, 0.0007079358263510015, 0.0031802293046541323, 0.0004889110497665076] and parameters: {'lag_0': 0.6723901059017349, 'lag_1': 0.6592373886128722, 'lag_2': 0.4344848278382449, 'lag_3': 0.09960196993663488, 'lag_4': 0.7744064992413779, 'lag_5': 0.335506289752539, 'lag_6': 0.5772917551378502, 'lag_7': 0.8418407680373712, 'lag_8': 0.4239702833867283, 'lag_9': 0.5691043896708684, 'lag_10': 0.8099264444989953, 'lag_11': 0.17812896381739776, 'lag_12': 0.9097041819968326, 'lag_13': 0.6640870916736901, 'lag_14': 0.33763455036388446, 'lag_15': 0.9857472226331037, 'lag_16': 0.6494796404496234, 'lag_17': 0.32235105626095256, 'lag_18': 0.9200999556775299, 'lag_19': 0.09116160592912557, 'lag_20': 0.1400088950939762, 'lag_21': 0.9268825026713049, 'lag_22': 0.4962920780799415, 'lag_23': 0.8645680275506947, 'lag_24': 0.3935562063352323, 'lag_25': 0.5253540711642282, 'lag_26': 0.2380263356611629, 'lag_27': 0.24498991365123474, 'lag_28': 0.20402836681411637}.
[I 2025-10-03 11:39:43,226] Trial 88 finished with values: [0.0035765943458251153, 0.0015625785874964747, 0.0007543024384077926, 0.0008538720148131704, 0.0029868956766407454, 0.0013850046350962972, 0.0012836451169122424, 0.003552951753323674, 0.0018339777129105304, 0.0019523019972821094, 0.0012912313737184233, 0.00048113062592332567, 0.00022523084217932789, 0.02009706464977797, 0.0, 0.0008927439129659039, 0.00021704397674539218, 0.0005351357045187036, 0.00071985979058253, 2.5230157567152543e-05, 7.552693551141761e-05, 3.853536769915829e-05, 0.00031999594008880834, 0.00024069653326997623, 0.0003203818441403166, 0.00022764782245477113, 0.0011545057516812837, 0.0015408959815643671, 0.002139539918417662] and parameters: {'lag_0': 0.4363543717842814, 'lag_1': 0.9216836152041482, 'lag_2': 0.1455641879541359, 'lag_3': 0.12836212855866325, 'lag_4': 0.3136613404463306, 'lag_5': 0.8190487369744275, 'lag_6': 0.023867062937474145, 'lag_7': 0.13726421002440595, 'lag_8': 0.9002863313301928, 'lag_9': 0.3487774117099716, 'lag_10': 0.22827308025926246, 'lag_11': 0.7080405138338776, 'lag_12': 0.5456520117654565, 'lag_13': 0.7508523921942964, 'lag_14': 0.5157988425634152, 'lag_15': 0.3517134973344422, 'lag_16': 0.6807955615095075, 'lag_17': 0.7962967393631085, 'lag_18': 0.5164917547478931, 'lag_19': 0.28035271735686357, 'lag_20': 0.46918537904555946, 'lag_21': 0.46865949026788334, 'lag_22': 0.31008557184403096, 'lag_23': 0.6167079301462057, 'lag_24': 0.36517479068819214, 'lag_25': 0.690764039647742, 'lag_26': 0.12932458425922977, 'lag_27': 0.5228706615032523, 'lag_28': 0.4557722122618639}.
[I 2025-10-03 11:39:45,942] Trial 89 finished with values: [0.01183252984389348, 0.001561362067831387, 0.0007116506667282863, 0.0025406168938666572, 0.00031381232559784335, 0.001016748078180042, 0.0014228846935917063, 0.001831537894944956, 0.001652642801578173, 0.0014917839871866844, 0.0010559994258827316, 0.0007305081492415542, 0.0003145102446223592, 0.01934730978999185, 0.0, 0.0007201432318279365, 0.00021540742665581165, 0.00047106890065541624, 0.0008726901287503341, 3.5323668782621066e-05, 0.00014431195494299512, 0.00015539563380877414, 0.00040167771926168816, 0.0004430093442048569, 0.0005136727543262135, 0.00011972839453321673, 0.00019326168759898317, 0.0022921407560750956, 0.0014568572119521863] and parameters: {'lag_0': 0.3534035928687299, 'lag_1': 0.16712171588154945, 'lag_2': 0.30680621131740593, 'lag_3': 0.8862613127209609, 'lag_4': 0.4130749918483919, 'lag_5': 0.49065891616223, 'lag_6': 0.7720880445401337, 'lag_7': 0.6394883068413857, 'lag_8': 0.09799548463670162, 'lag_9': 0.8564202326590272, 'lag_10': 0.8031893541164765, 'lag_11': 0.3389153286662633, 'lag_12': 0.004616756651042364, 'lag_13': 0.39947407965994897, 'lag_14': 0.7932227050979158, 'lag_15': 0.18162484060970918, 'lag_16': 0.965224301404131, 'lag_17': 0.2980546682534997, 'lag_18': 0.03237635511429834, 'lag_19': 0.5854233775687815, 'lag_20': 0.48078506610633, 'lag_21': 0.15925203874173152, 'lag_22': 0.7892936495687894, 'lag_23': 0.8742819770339456, 'lag_24': 0.10687298455319355, 'lag_25': 0.6747083915749894, 'lag_26': 0.8801612250883148, 'lag_27': 0.44629118850908667, 'lag_28': 0.12080770956430278}.
[I 2025-10-03 11:39:48,645] Trial 90 finished with values: [0.0044444444444444444, 0.004824222001212271, 0.0005924817138924976, 0.001953667840785235, 0.0008525083974131192, 0.0005286361892607985, 0.001789624231346025, 0.0020058499200811433, 0.0016944592606178929, 0.0018926793995009967, 0.0017197416229511888, 0.0008547397935090902, 0.0007047477256914749, 0.019571728768880844, 0.0, 0.0009680488200262858, 0.00017823105729000916, 0.0006397668741126203, 0.0007247451014528389, 4.6793872494080965e-06, 0.00015726480740014227, 4.410784163233559e-05, 0.00043799505417589586, 0.00014650870228414973, 0.0004896103989449033, 0.00014153367946071697, 0.0015765401649513473, 0.0011626488785197898, 0.0016925059769758981] and parameters: {'lag_0': 0.7639706672399522, 'lag_1': 0.20406030876555278, 'lag_2': 0.3328560563552523, 'lag_3': 0.5881115073947608, 'lag_4': 0.7374640106696505, 'lag_5': 0.17206483631748667, 'lag_6': 0.9992961269943849, 'lag_7': 0.2770959500249319, 'lag_8': 0.9825324071520054, 'lag_9': 0.4670985429230738, 'lag_10': 0.040254419325298454, 'lag_11': 0.2982639627601549, 'lag_12': 0.5853753712943696, 'lag_13': 0.3189651537909022, 'lag_14': 0.6160649261665736, 'lag_15': 0.56112329275076, 'lag_16': 0.994441550731771, 'lag_17': 0.06356143130427058, 'lag_18': 0.8093832439427788, 'lag_19': 0.41152320340329973, 'lag_20': 0.8338955145611466, 'lag_21': 0.3772752420510254, 'lag_22': 0.9921673170342636, 'lag_23': 0.9916632915269638, 'lag_24': 0.19000402433571528, 'lag_25': 0.7828022663637418, 'lag_26': 0.8876684801282064, 'lag_27': 0.5675369093329499, 'lag_28': 0.11833186549437673}.
[I 2025-10-03 11:39:51,347] Trial 91 finished with values: [0.0044444444444444444, 0.0004054448035041132, 0.0014402788946046023, 0.0006452927923022456, 0.0002779661612184468, 0.0020101894403571543, 0.0013396388223097687, 0.0021705832241106253, 0.0017999662837763434, 0.001958815533181402, 0.0010777214834091682, 0.00044937185191604113, 0.0003020447447056905, 0.0218425791592156, 0.0, 0.00034801246932478317, 6.48053274012255e-05, 0.0006711700212613215, 0.0008553497326843145, 3.6156179184971654e-05, 2.827185290228695e-05, 0.0001131121598534591, 0.0005084484825467871, 0.0002617793914536332, 0.0005665144944976598, 0.00017186194171956947, 0.00044726785639384765, 0.0004824324371073236, 0.0005962837144286183] and parameters: {'lag_0': 0.49674833463219203, 'lag_1': 0.5102297774894621, 'lag_2': 0.9238950316163361, 'lag_3': 0.01635300889601056, 'lag_4': 0.0773048348721342, 'lag_5': 0.20945419807312188, 'lag_6': 0.556430919715313, 'lag_7': 0.8133518190918226, 'lag_8': 0.8337789020657754, 'lag_9': 0.6867971245810663, 'lag_10': 0.7503604302211331, 'lag_11': 0.6177078766137601, 'lag_12': 0.4971347366004013, 'lag_13': 0.9480319038435892, 'lag_14': 0.5681118667943661, 'lag_15': 0.06527719566407973, 'lag_16': 0.5055245596794892, 'lag_17': 0.928240811976988, 'lag_18': 0.8491820089822526, 'lag_19': 0.9958515584589327, 'lag_20': 0.41729232067426414, 'lag_21': 0.24205894828841057, 'lag_22': 0.5502312407003751, 'lag_23': 0.24781497253841975, 'lag_24': 0.5263569328107935, 'lag_25': 0.890382711241085, 'lag_26': 0.5698275948498618, 'lag_27': 0.5079900491189066, 'lag_28': 0.1725779680014233}.
[I 2025-10-03 11:39:54,038] Trial 92 finished with values: [0.0044444444444444444, 0.0021440042575567274, 0.0015012095723322542, 0.0010979120920817946, 0.0022405314488544983, 0.0016277612890209531, 0.0012217521068373517, 0.001730175865175921, 0.002770888422412045, 0.0014068437584704458, 0.0014838420439816714, 0.00031201685311530857, 0.0005522689346837864, 0.0184213769461956, 0.0, 0.0013733023441364165, 0.00012057711921334142, 0.0006370039837376957, 0.0007699649101343659, 4.612569341423159e-05, 0.00011100565142570659, 0.0001225240802697945, 0.00016088085104542135, 0.00024682275341831824, 0.0006753037685080815, 0.00028179542786821714, 0.00022053547609677212, 0.0013007797621191867, 0.001973667524633852] and parameters: {'lag_0': 0.043116761932740236, 'lag_1': 0.020165999684436442, 'lag_2': 0.2819668184903173, 'lag_3': 0.6243206048719876, 'lag_4': 0.8815736540437381, 'lag_5': 0.6113724831205133, 'lag_6': 0.30513350496787955, 'lag_7': 0.5868795120153272, 'lag_8': 0.2976341346661836, 'lag_9': 0.6035129719663236, 'lag_10': 0.6342815059516806, 'lag_11': 0.20468717959657687, 'lag_12': 0.08588040719225262, 'lag_13': 0.12251804842433277, 'lag_14': 0.2759531726354262, 'lag_15': 0.2848711437175458, 'lag_16': 0.3829991577869665, 'lag_17': 0.20032111221975502, 'lag_18': 0.4350209170840824, 'lag_19': 0.8647104097505361, 'lag_20': 0.10885244201489318, 'lag_21': 0.9727477761578889, 'lag_22': 0.4500825858782653, 'lag_23': 0.6082211699553328, 'lag_24': 0.9975919747226032, 'lag_25': 0.6487044495232085, 'lag_26': 0.9356727800303991, 'lag_27': 0.04694551346682143, 'lag_28': 0.9289176056815175}.
[I 2025-10-03 11:39:56,741] Trial 93 finished with values: [0.012735260770975056, 0.0039760272610524765, 0.0016891956529343892, 0.0014420399062435017, 0.0028111730960207644, 0.0018215672888137247, 0.0008715928820512758, 0.0015641007328956829, 0.0019547781080933636, 0.002179616254769344, 0.0017696445455864184, 0.00017272664609121642, 0.0003769501930657642, 0.018469606316186736, 0.0, 0.0003190626492382679, 7.115076562569259e-05, 0.0008102940643250253, 0.0007065914283957482, 2.3282935367536506e-05, 0.00013621101864710595, 2.9544959927182414e-05, 0.0004173118888631312, 0.0008019873895924563, 0.0006870322850379667, 0.0002225332862958384, 0.0007002530246953399, 0.0015765345417356094, 0.0006921121791612527] and parameters: {'lag_0': 0.22829910800835862, 'lag_1': 0.7676172893847699, 'lag_2': 0.7764467649935898, 'lag_3': 0.29217992954764715, 'lag_4': 0.3219890881728709, 'lag_5': 0.010707569877001952, 'lag_6': 0.4275907060466371, 'lag_7': 0.019091401630006607, 'lag_8': 0.33091965571416787, 'lag_9': 0.24861131242810913, 'lag_10': 0.08998831155855065, 'lag_11': 0.06989385469380832, 'lag_12': 0.7365360323863615, 'lag_13': 0.41553048610982213, 'lag_14': 0.6193404862191974, 'lag_15': 0.6135186917518037, 'lag_16': 0.22132722657778459, 'lag_17': 0.45146701936852, 'lag_18': 0.39669695695276624, 'lag_19': 0.6248221883959478, 'lag_20': 0.8904438554725226, 'lag_21': 0.5801083911712273, 'lag_22': 0.3580604349629854, 'lag_23': 0.1413946173494375, 'lag_24': 0.668179443801793, 'lag_25': 0.8590998878136262, 'lag_26': 0.5689042928557881, 'lag_27': 0.13924422499863998, 'lag_28': 0.2210708154648892}.
