[I 2025-10-03 11:36:50,365] Trial 29 finished with values: [0.00390625, 0.0005850343506407715, 0.004833569859745058, 0.004794369578176326, 0.000995510408610918, 0.004954996332434377, 0.0013035429516092486, 0.0013595174517841472, 0.0007415932524638002, 0.0004539947230191539, 0.00024098759424535246, 0.0004324403672494007, 0.003998127541781659, 0.0060775988970968526, 0.0, 0.011970094967564111, 0.007387520895179109, 0.0008117864705923366, 0.00044622202052320355, 0.001293726938579654, 4.691664572747937e-05, 0.0005850950731205731, 0.0010248220504668264, 0.0013759489541536004, 0.0017577757191548718, 4.596405605567351e-05, 0.005899780358363025, 0.0023724959639419116, 0.0003738322683202901] and parameters: {'lag_0': 0.22469965401575617, 'lag_1': 0.4985599408900271, 'lag_2': 0.44811829745286597, 'lag_3': 0.7945392546933195, 'lag_4': 0.49828689914987573, 'lag_5': 0.8051479989469756, 'lag_6': 0.5704424970949434, 'lag_7': 0.738631811411391, 'lag_8': 0.6366991040279603, 'lag_9': 0.21811846687788994, 'lag_10': 0.5552620376927753, 'lag_11': 0.6481488367897359, 'lag_12': 0.6527972840858653, 'lag_13': 0.7206361817102989, 'lag_14': 0.1714888426263894, 'lag_15': 0.1266959844407396, 'lag_16': 0.60326153968292, 'lag_17': 0.5256827925794602, 'lag_18': 0.11743270991474752, 'lag_19': 0.7230340952124317, 'lag_20': 0.9072347653808109, 'lag_21': 0.985905860785864, 'lag_22': 0.14394772024646815, 'lag_23': 0.07636655829439344, 'lag_24': 0.9086946110460955, 'lag_25': 0.32749309913866503, 'lag_26': 0.791216828691727, 'lag_27': 0.5768692604043493, 'lag_28': 0.936323167723512}.
[I 2025-10-03 11:36:53,003] Trial 30 finished with values: [0.00390625, 0.0033368034434457065, 0.0045463337373590745, 0.002955958737403644, 0.001725123359215218, 0.0063025155468337726, 0.0008836621538668018, 0.0015982488444082534, 0.0008066388963288241, 0.0003722442779511246, 0.0009012023148424794, 0.00034515209475447113, 0.004375537351947357, 0.007104738379546642, 0.0, 0.013741131389933986, 0.008824590202668636, 0.0010021888060372638, 0.0007246029788894154, 0.0014089432681608266, 0.00028862643159629104, 0.0005469741347861781, 0.001504466738497209, 0.0011033991788733507, 0.002184028495429525, 1.4171115870195627e-05, 0.006622218006483126, 0.003188679721536349, 0.0005359561004672037] and parameters: {'lag_0': 0.9358544501525013, 'lag_1': 0.7221107061646006, 'lag_2': 0.5528742883116848, 'lag_3': 0.7869607606961997, 'lag_4': 0.8039870543188287, 'lag_5': 0.25954747124015504, 'lag_6': 0.122558836601305, 'lag_7': 0.9828114579211558, 'lag_8': 0.27583004384531484, 'lag_9': 0.7830037434334607, 'lag_10': 0.6411969810814481, 'lag_11': 0.6964528008051728, 'lag_12': 0.680026634457866, 'lag_13': 0.11116861570465532, 'lag_14': 0.5935231814574976, 'lag_15': 0.6068126978920987, 'lag_16': 0.7191932714704378, 'lag_17': 0.629002439057214, 'lag_18': 0.182673892071872, 'lag_19': 0.9594677063530442, 'lag_20': 0.3761981045608085, 'lag_21': 0.7430283153457264, 'lag_22': 0.8736006089374684, 'lag_23': 0.3807943117687172, 'lag_24': 0.6720547397454584, 'lag_25': 0.7275222183705297, 'lag_26': 0.7745161668144225, 'lag_27': 0.5100313559277613, 'lag_28': 0.1472841549991997}.
[I 2025-10-03 11:36:55,642] Trial 31 finished with values: [0.013089923469387754, 0.0013516969904332542, 0.0036043381238208714, 0.002366807368097455, 0.00025088891060725307, 0.005719677174966928, 0.0016580583942488749, 0.001944205222865407, 0.0009630681774348414, 0.0003553649773790604, 0.0007854996210420954, 0.0005998994425153707, 0.003781072111646346, 0.0055803028945914475, 0.0, 0.008036382621881829, 0.006984637129902843, 0.0015807172956103278, 0.0006451572397883956, 0.000960903920966071, 0.00011808093951064185, 0.0008355636916513845, 0.0008657178248015202, 0.0018554746418736375, 0.0023519971535702366, 0.00015838611936551291, 0.004969161288128527, 0.0022327610977396343, 0.0005124597580245786] and parameters: {'lag_0': 0.7536308983834046, 'lag_1': 0.6749368268250402, 'lag_2': 0.863072264331654, 'lag_3': 0.11422652274934803, 'lag_4': 0.04392408071541723, 'lag_5': 0.35879267866622555, 'lag_6': 0.5548356486094673, 'lag_7': 0.22856522237848081, 'lag_8': 0.9253851691165955, 'lag_9': 0.329442529892595, 'lag_10': 0.3096246854519989, 'lag_11': 0.7878066986139437, 'lag_12': 0.8614699200399113, 'lag_13': 0.350656196669327, 'lag_14': 0.900847705756982, 'lag_15': 0.5390712080503129, 'lag_16': 0.4361272556039068, 'lag_17': 0.021169756726451855, 'lag_18': 0.4484895586550048, 'lag_19': 0.8358356153451741, 'lag_20': 0.5879041880739904, 'lag_21': 0.22221714581908317, 'lag_22': 0.06146133643290792, 'lag_23': 0.9665675887051587, 'lag_24': 0.8345297847497297, 'lag_25': 0.8705991773611199, 'lag_26': 0.08365676378846676, 'lag_27': 0.2565664693296062, 'lag_28': 0.46954882676193654}.
[I 2025-10-03 11:36:58,279] Trial 32 finished with values: [0.0032118055555555554, 0.002106635757090143, 0.0066699860381605885, 0.0025613802111148763, 0.0005970154984830751, 0.0043850492360652206, 0.0016509126012750983, 0.001126671822564005, 0.001171273708462733, 0.0003220092436478023, 0.0009447982931441017, 0.000184060780087172, 0.0037894419417551844, 0.005453788202115557, 0.0, 0.009172425968790032, 0.00815574915636179, 0.0007808404877881763, 0.001195585279470757, 0.001312686343596544, 0.00010856520816700031, 0.0005017024074796634, 0.0013744751662121285, 0.0013905452126989543, 0.0014297913024011986, 7.916640865272416e-05, 0.007295553015983783, 0.001863244890167541, 0.00048628165284913096] and parameters: {'lag_0': 0.8303998444319055, 'lag_1': 0.6913063383260419, 'lag_2': 0.10772708832282918, 'lag_3': 0.15942971333535802, 'lag_4': 0.11327054520478845, 'lag_5': 0.09634673413133757, 'lag_6': 0.8603937286364696, 'lag_7': 0.670398538567329, 'lag_8': 0.2400175061907489, 'lag_9': 0.05338047448469564, 'lag_10': 0.42293041237631845, 'lag_11': 0.9975058972775854, 'lag_12': 0.27368662070007327, 'lag_13': 0.05908801327348008, 'lag_14': 0.07227432018919266, 'lag_15': 0.3350534570071028, 'lag_16': 0.24281747976112855, 'lag_17': 0.396995915271316, 'lag_18': 0.8859569168085785, 'lag_19': 0.02355351655882254, 'lag_20': 0.6269251200307525, 'lag_21': 0.5464975503492213, 'lag_22': 0.763391468719457, 'lag_23': 0.21153454611157146, 'lag_24': 0.36854065942001746, 'lag_25': 0.7630012211956774, 'lag_26': 0.16324787573420904, 'lag_27': 0.8327836375877065, 'lag_28': 0.8256444325586433}.
[I 2025-10-03 11:37:00,918] Trial 33 finished with values: [0.0034062500000000004, 0.002179729996913699, 0.0035168518480773333, 0.0036549037125324277, 0.001057011072034906, 0.005568561113446023, 0.001450096572436216, 0.0014841259659251148, 0.0005729155740839213, 0.000446905561614821, 0.0006118121386054912, 0.000400831405444881, 0.005221056716309515, 0.00600486606197527, 0.0, 0.011744145612556132, 0.007234109751962391, 0.0015011486318010918, 0.00033467771165857145, 0.0010340807393067922, 0.0001245566566746617, 0.00046989532588343006, 0.0006888136002110844, 0.0016175809408127083, 0.0013971061151806278, 0.00025539154463611723, 0.008630672272544248, 0.0017464221602783107, 0.0005278939909297051] and parameters: {'lag_0': 0.6458932268342061, 'lag_1': 0.07250300162905672, 'lag_2': 0.40019285241206226, 'lag_3': 0.3358524855728292, 'lag_4': 0.8664807663215723, 'lag_5': 0.8758591635119161, 'lag_6': 0.8572871648577498, 'lag_7': 0.2479499087470606, 'lag_8': 0.05465220307819772, 'lag_9': 0.15317758501963769, 'lag_10': 0.4466971626561987, 'lag_11': 0.5827050591553081, 'lag_12': 0.4170369509459933, 'lag_13': 0.5584421178158349, 'lag_14': 0.48455574063734297, 'lag_15': 0.5645872397835991, 'lag_16': 0.40890109791593854, 'lag_17': 0.3661963444981401, 'lag_18': 0.20849282360031235, 'lag_19': 0.9350151636554666, 'lag_20': 0.6682872972071855, 'lag_21': 0.5511503275719548, 'lag_22': 0.2099945431370045, 'lag_23': 0.6515489219348879, 'lag_24': 0.6472202261988186, 'lag_25': 0.18432068461871404, 'lag_26': 0.7889962579086078, 'lag_27': 0.8877661642466185, 'lag_28': 0.7142694456894904}.
[I 2025-10-03 11:37:03,564] Trial 34 finished with values: [0.00390625, 0.0005943484224965707, 0.002368058350117957, 0.004718011168008001, 0.0011126475729108798, 0.006428502691539636, 0.0011833791823476162, 0.001972789346403434, 0.0008720496704737199, 0.00013389254302871207, 0.000611137228750938, 0.00021542614380279444, 0.003814293584848883, 0.006580779739298737, 0.0, 0.009915582333647279, 0.007716476384200364, 0.0010057254717705205, 0.0007130352524707945, 0.0008449818843573682, 8.206328788323735e-05, 0.0007390660615113559, 0.0011196671186146485, 0.002162989205236174, 0.0018839123016575622, 0.00010054548613065038, 0.007020620297414905, 0.0026006901341301012, 0.0004909369931014953] and parameters: {'lag_0': 0.5335041824963047, 'lag_1': 0.37437858707990745, 'lag_2': 0.2860415012074711, 'lag_3': 0.44563768365597195, 'lag_4': 0.3693179005190219, 'lag_5': 0.3943465204679902, 'lag_6': 0.6812095850834914, 'lag_7': 0.6282110743418221, 'lag_8': 0.619088135995216, 'lag_9': 0.8591514570479148, 'lag_10': 0.22598429623510516, 'lag_11': 0.3735898334796399, 'lag_12': 0.646075530972278, 'lag_13': 0.5538288696535179, 'lag_14': 0.5974290222219467, 'lag_15': 0.5898008716108811, 'lag_16': 0.3042376772258794, 'lag_17': 0.5722685435392477, 'lag_18': 0.12932120301517921, 'lag_19': 0.7008009254749212, 'lag_20': 0.17737339770978172, 'lag_21': 0.739489686033347, 'lag_22': 0.7599657312634557, 'lag_23': 0.06065175823384284, 'lag_24': 0.6722737131146643, 'lag_25': 0.024634625213960003, 'lag_26': 0.22579094490962054, 'lag_27': 0.8865944355182264, 'lag_28': 0.14857502344798182}.
[I 2025-10-03 11:37:06,208] Trial 35 finished with values: [0.01864547902494331, 0.0031101277316097262, 0.006607119431794756, 0.00541958542840862, 0.0002522479562813539, 0.00525988357679942, 0.0014828916387618735, 0.0019047441603478733, 0.0007776302122602079, 0.00036627601681960383, 0.0008354966748359872, 0.00028716843198040725, 0.004434885822202465, 0.0061794647824534015, 0.0, 0.008570485103086308, 0.0069623827918591395, 0.0018362280931791893, 0.001050622214348695, 0.0021025960115102936, 0.00012183707579997713, 0.0003979586254766944, 0.0014074338166468621, 0.000983368771558388, 0.002526448978958475, 0.0002471273014964899, 0.0066686871529229655, 0.00117400045612791, 0.00043988035747097076] and parameters: {'lag_0': 0.42135487488696327, 'lag_1': 0.2550707207066138, 'lag_2': 0.694317153432001, 'lag_3': 0.23474164201324893, 'lag_4': 0.9990272242409539, 'lag_5': 0.3555767089456109, 'lag_6': 0.0065612591480609765, 'lag_7': 0.034225151125772506, 'lag_8': 0.6219117411661089, 'lag_9': 0.7511448529036215, 'lag_10': 0.4270698460349208, 'lag_11': 0.7561880888083382, 'lag_12': 0.8670040801103392, 'lag_13': 0.6704628636680976, 'lag_14': 0.034422382929780726, 'lag_15': 0.521536563964623, 'lag_16': 0.4851719787578812, 'lag_17': 0.5248839633149828, 'lag_18': 0.8303441632416969, 'lag_19': 0.9327741231494537, 'lag_20': 0.830804566880052, 'lag_21': 0.030868044151860466, 'lag_22': 0.9102058211874685, 'lag_23': 0.11279706182692614, 'lag_24': 0.4702919383537061, 'lag_25': 0.3932144016464824, 'lag_26': 0.5061555724639795, 'lag_27': 0.47350569720085683, 'lag_28': 0.36723393546625394}.
[I 2025-10-03 11:37:08,850] Trial 36 finished with values: [0.00390625, 0.0011834319526627221, 0.004127223593904138, 0.0036993510104011028, 0.0006081017729777231, 0.004929197800438502, 0.0007658189170747517, 0.002261757667539544, 0.0009934147926212596, 0.0002842433154432809, 0.0006529204612035616, 0.00011478952343491782, 0.003875807199628157, 0.006696518204912056, 0.0, 0.008962836871455389, 0.007493304907039011, 0.0023036684567636265, 0.0003351119822019052, 0.0012202398151077694, 0.00015887873550711918, 0.0005015130501969593, 0.0011322460628217885, 0.001481231188375053, 0.0014618067456946334, 0.0002074794238021141, 0.004629304246063663, 0.0015457393108701326, 0.0006303770751805139] and parameters: {'lag_0': 0.9951892982105046, 'lag_1': 0.09950757854795358, 'lag_2': 0.8299975812962894, 'lag_3': 0.5081246267892241, 'lag_4': 0.34524096958698935, 'lag_5': 0.15481351081612096, 'lag_6': 0.46942532278340665, 'lag_7': 0.14811484861780697, 'lag_8': 0.21954116486877792, 'lag_9': 0.8242424558476521, 'lag_10': 0.7499847737483678, 'lag_11': 0.36004526652475927, 'lag_12': 0.7001578998714414, 'lag_13': 0.22451459511175242, 'lag_14': 0.1015329145332933, 'lag_15': 0.6660346157068976, 'lag_16': 0.3202991307459707, 'lag_17': 0.09476323022407715, 'lag_18': 0.2907129759300092, 'lag_19': 0.04743592006291784, 'lag_20': 0.2524006849474828, 'lag_21': 0.3211458460879521, 'lag_22': 0.9337665735886332, 'lag_23': 0.6543604150642438, 'lag_24': 0.05195157416272777, 'lag_25': 0.9201511619118257, 'lag_26': 0.17112544908727523, 'lag_27': 0.31278649360769073, 'lag_28': 0.12338693810566388}.
[I 2025-10-03 11:37:11,494] Trial 37 finished with values: [0.00390625, 0.008800736961451248, 0.002230849541447273, 0.004305492290898291, 0.0007185930196157302, 0.005990013957318687, 0.0013171687149710614, 0.0016276274225617369, 0.0009759928714429204, 0.00036950262321282885, 0.0010921125965622125, 0.00026455460584614454, 0.004645818911502875, 0.00687284935347843, 0.0, 0.008650615534984325, 0.008030501284157351, 0.003012812260159332, 0.001019996326760599, 0.0015058932693891316, 9.293090202040487e-05, 0.00038962860693883967, 0.0009403088587970407, 0.001231076492011378, 0.0018635062725122578, 6.0407146373283434e-05, 0.00738933259652545, 0.0014532399996791466, 0.0009924835266718912] and parameters: {'lag_0': 0.6335777580466341, 'lag_1': 0.4315757772184559, 'lag_2': 0.7812141282276591, 'lag_3': 0.42505143638209186, 'lag_4': 0.49231792846362366, 'lag_5': 0.30460241321966924, 'lag_6': 0.22182940330157017, 'lag_7': 0.08092432468775768, 'lag_8': 0.9771579920772631, 'lag_9': 0.6785448531451926, 'lag_10': 0.42344712386373884, 'lag_11': 0.9996855564081507, 'lag_12': 0.6849837397615042, 'lag_13': 0.4099670638977963, 'lag_14': 0.7846443655651354, 'lag_15': 0.6455369459066587, 'lag_16': 0.16756710366946362, 'lag_17': 0.40757424982102736, 'lag_18': 0.9408103107571835, 'lag_19': 0.33540787276193296, 'lag_20': 0.38120375248460175, 'lag_21': 0.5325427054612836, 'lag_22': 0.03603988478487385, 'lag_23': 0.14434141860827485, 'lag_24': 0.3293376134226046, 'lag_25': 0.3536414925785081, 'lag_26': 0.5159169600600344, 'lag_27': 0.006503142607745441, 'lag_28': 0.963719802330875}.
[I 2025-10-03 11:37:14,135] Trial 38 finished with values: [0.007416454081632653, 0.006840466614957294, 0.0034457809747183523, 0.0038906362239690207, 0.0010073849829941646, 0.006140511411976857, 0.0013795507499451455, 0.0016438762067497714, 0.0010392722932129938, 0.00017781134018007088, 0.0008780310246384616, 0.0004216887299372418, 0.00506059399294916, 0.00787827883211936, 0.0, 0.0069724010935200125, 0.009835539956185019, 0.0009955754412480067, 0.0013009009520286617, 0.0012829083712219305, 0.00018637444388528603, 0.00021560678932648587, 0.001303743425836158, 0.000894242515746338, 0.0017167463134689694, 0.00018707538193483639, 0.007334747074184434, 0.002414511770840491, 0.00039935211550983543] and parameters: {'lag_0': 0.09575312198382863, 'lag_1': 0.8574387232644055, 'lag_2': 0.7417445416905037, 'lag_3': 0.36650167072817663, 'lag_4': 0.787677417286282, 'lag_5': 0.004500830917711865, 'lag_6': 0.4151637654310733, 'lag_7': 0.193241822965535, 'lag_8': 0.9802757554229459, 'lag_9': 0.8628812382568061, 'lag_10': 0.13990503927785305, 'lag_11': 0.10184623377032871, 'lag_12': 0.4196314442954064, 'lag_13': 0.9324833392112934, 'lag_14': 0.2978844281068052, 'lag_15': 0.23298966449754, 'lag_16': 0.7784722868198428, 'lag_17': 0.0690156614292421, 'lag_18': 0.30631383508370763, 'lag_19': 0.178417508160735, 'lag_20': 0.45557414940732743, 'lag_21': 0.25940364692376516, 'lag_22': 0.7757506464163025, 'lag_23': 0.06863544460224427, 'lag_24': 0.46434908467018626, 'lag_25': 0.7461765848959088, 'lag_26': 0.9549319553901057, 'lag_27': 0.2722980690889568, 'lag_28': 0.9540533932700018}.
[I 2025-10-03 11:37:16,777] Trial 39 finished with values: [0.003125, 0.012561757091113152, 0.003926003370280567, 0.005661065295570624, 0.000715421912784696, 0.006200941173392296, 0.001382957299114144, 0.0013750215577820863, 0.0015362575955764068, 0.000576344941937409, 0.0006702147440202399, 0.00027793447911060983, 0.0038267872435066644, 0.004581623998118832, 0.0, 0.012411579849333085, 0.008081617775126509, 0.0007050363796617012, 0.0005588911134312882, 0.0014863379988138252, 7.74380527640486e-05, 0.0005586508674291872, 0.0014533286936810194, 0.0018564059536395605, 0.0021966299015615106, 0.00017521053744655823, 0.006477987544780855, 0.0016472521930804341, 0.0004435813534197573] and parameters: {'lag_0': 0.10919840697149791, 'lag_1': 0.29906302554696895, 'lag_2': 0.8582551831565347, 'lag_3': 0.3135927204790627, 'lag_4': 0.3184225511326751, 'lag_5': 0.2274796701801816, 'lag_6': 0.6339487459019943, 'lag_7': 0.08409301656615835, 'lag_8': 0.499396585076838, 'lag_9': 0.11875221559001331, 'lag_10': 0.6502176159706857, 'lag_11': 0.1073773653383586, 'lag_12': 0.44376392203951115, 'lag_13': 0.6646642328069691, 'lag_14': 0.8578534180056371, 'lag_15': 0.3281056705008501, 'lag_16': 0.09867796534384557, 'lag_17': 0.14858697940535576, 'lag_18': 0.3575160759481902, 'lag_19': 0.09235807193518779, 'lag_20': 0.4667878390966655, 'lag_21': 0.05647800804345385, 'lag_22': 0.4891124499803896, 'lag_23': 0.7015735063231929, 'lag_24': 0.49433990391814653, 'lag_25': 0.8990288028602978, 'lag_26': 0.51923303532139, 'lag_27': 0.7403632025462505, 'lag_28': 0.8903216954889479}.
[I 2025-10-03 11:37:19,417] Trial 40 finished with values: [0.00390625, 0.003448350143128337, 0.001940016939931996, 0.0034740498795539755, 0.0008120333503929342, 0.006927988134939955, 0.0011609221498654302, 0.0016740383424125199, 0.001441958834620041, 2.709336761690327e-05, 0.0009551064676911174, 0.0005492384601048073, 0.0045222669871096775, 0.006576067937799098, 0.0, 0.008449677394897345, 0.0075373280889920995, 0.0008897245730275666, 0.0002741819882628584, 0.0006561390086447351, 5.492586110832162e-05, 0.0002509414216272796, 0.0006729668753679729, 0.0017892460680836008, 0.0020986178996117533, 0.00011956121918499812, 0.007527601178652114, 0.00215126322952126, 0.0005358341093450526] and parameters: {'lag_0': 0.11325716708824926, 'lag_1': 0.5814459604916732, 'lag_2': 0.014043995477137066, 'lag_3': 0.08746288120392784, 'lag_4': 0.7255978788483659, 'lag_5': 0.6327908749216359, 'lag_6': 0.6112392031414081, 'lag_7': 0.9495758090145249, 'lag_8': 0.4555754630794126, 'lag_9': 0.7528003023511123, 'lag_10': 0.8681857458348116, 'lag_11': 0.8460689618361512, 'lag_12': 0.6801044155185342, 'lag_13': 0.21373909677836095, 'lag_14': 0.613164967987769, 'lag_15': 0.49577930521387664, 'lag_16': 0.8600632308331054, 'lag_17': 0.6809356684073847, 'lag_18': 0.08950304873711877, 'lag_19': 0.19357839108187463, 'lag_20': 0.9239913896911336, 'lag_21': 0.7299612416655906, 'lag_22': 0.9049350865979499, 'lag_23': 0.44569413827379856, 'lag_24': 0.2358714015195951, 'lag_25': 0.5095677275541055, 'lag_26': 0.1269519996257673, 'lag_27': 0.6717254838673111, 'lag_28': 0.0159036548760542}.
[I 2025-10-03 11:37:22,062] Trial 41 finished with values: [0.005295138888888888, 0.00078125, 0.003980680525693155, 0.003922010721978004, 0.0007211580290632004, 0.006196931481285363, 0.0011486770260939344, 0.002390992416527833, 0.000372613234600651, 0.000252744920046442, 0.00110096976087307, 0.0003718510661383159, 0.003625496518457748, 0.005536206276947448, 0.0, 0.009018978723903564, 0.007055399069996945, 0.0010128756632527378, 0.0006252560057298715, 0.0009539897701007366, 0.00029091128956333287, 0.0003767276258563038, 0.000958234309027694, 0.001236648772077635, 0.0017273269895968508, 0.00023163910375646404, 0.00594073585081668, 0.0035441399254173738, 0.0010013437971599123] and parameters: {'lag_0': 0.04503568452961173, 'lag_1': 0.03892925027930851, 'lag_2': 0.3731084500031143, 'lag_3': 0.19828594623623183, 'lag_4': 0.8156084510749063, 'lag_5': 0.632887687767841, 'lag_6': 0.6796033976721394, 'lag_7': 0.05224092444993385, 'lag_8': 0.846190208279115, 'lag_9': 0.07239607627593232, 'lag_10': 0.15065403725784862, 'lag_11': 0.08662940501228304, 'lag_12': 0.5238063875743054, 'lag_13': 0.6319089266338491, 'lag_14': 0.4873578355497354, 'lag_15': 0.7518184307620513, 'lag_16': 0.06544093737424096, 'lag_17': 0.6905981406052093, 'lag_18': 0.21183125271017503, 'lag_19': 0.4893162406514958, 'lag_20': 0.9787188779098669, 'lag_21': 0.9291080315792221, 'lag_22': 0.14873810418644595, 'lag_23': 0.1354404016145126, 'lag_24': 0.9502689794681749, 'lag_25': 0.07378507546356546, 'lag_26': 0.8996556242544531, 'lag_27': 0.6268806933762587, 'lag_28': 0.677643266483284}.
