[I 2025-10-03 11:34:32,466] Trial 77 finished with values: [0.002691358024691358, 0.0010345355695884234, 0.00037344770086009197, 0.0006586723568780474, 0.00044570700567868354, 0.0004636296851948239, 0.0005425338457473938, 0.0007472623859629381, 0.000490006016884598, 0.001602475171828056, 0.0003608285240912613, 0.001205874350061057, 0.005057596808822817, 0.021657509565894604, 0.0, 0.03697212066314627, 0.005516211463719029, 0.0006633879505996583, 0.005202932034531699, 3.537044385995066e-05, 0.005300296484701056, 0.003043565652618472, 0.004275794269065074, 0.006333934045387168, 0.004464887290982019, 0.0019009777967794526, 0.00022618555982583587, 0.001690130262913446, 0.21315880107731783] and parameters: {'lag_0': 0.8813776563925704, 'lag_1': 0.06023832210043716, 'lag_2': 0.7469229706609662, 'lag_3': 0.1921604475733999, 'lag_4': 0.12978221818846325, 'lag_5': 0.8162721289134646, 'lag_6': 0.6455916115080561, 'lag_7': 0.8907737411699664, 'lag_8': 0.5509022080823986, 'lag_9': 0.3759855891432438, 'lag_10': 0.7013657013575573, 'lag_11': 0.9831099491393229, 'lag_12': 0.5733568874503627, 'lag_13': 0.5524687150856906, 'lag_14': 0.18411313799704057, 'lag_15': 0.936076777626886, 'lag_16': 0.7350043094921727, 'lag_17': 0.7456114530769246, 'lag_18': 0.9450461619558267, 'lag_19': 0.1405483667904133, 'lag_20': 0.09073035397728557, 'lag_21': 0.01848362517137454, 'lag_22': 0.9067665834540748, 'lag_23': 0.5685846721993564, 'lag_24': 0.4734447921025396, 'lag_25': 0.6544212516606562, 'lag_26': 0.26624393879291136, 'lag_27': 0.6443191219277851, 'lag_28': 0.4798862323262063}.
[I 2025-10-03 11:34:35,110] Trial 78 finished with values: [0.0015526627218934912, 0.0008615097213264574, 0.0016326653993568598, 0.0006062631061648105, 0.00048539226553616897, 0.0009128775756654225, 0.00019011506130458695, 0.0002238078902371301, 0.0011884719683046704, 0.0008918909223538428, 0.0006796255555860298, 0.0012782620102977625, 0.0032417124209937706, 0.020438683925787415, 0.0, 0.041029812822184195, 0.005769896807424727, 0.0005699365120491267, 0.007046987790759958, 6.119900716902528e-05, 0.005052621575240531, 0.0026494987629215087, 0.0035560011951029967, 0.005928659230141708, 0.005907027316845509, 0.0018336293669316002, 0.0007027733794848, 0.0011899915677883607, 0.21224153300431986] and parameters: {'lag_0': 0.908863487284395, 'lag_1': 0.18789213542482588, 'lag_2': 0.15528327777385514, 'lag_3': 0.131677079419418, 'lag_4': 0.923335042984971, 'lag_5': 0.30384149766838325, 'lag_6': 0.3232217612732933, 'lag_7': 0.03253241233714896, 'lag_8': 0.22995542940033556, 'lag_9': 0.3147563410123702, 'lag_10': 0.9280397971704575, 'lag_11': 0.9917896923168285, 'lag_12': 0.7096139900935761, 'lag_13': 0.5524687150856906, 'lag_14': 0.8195474625587307, 'lag_15': 0.6614547439963263, 'lag_16': 0.7609022968161281, 'lag_17': 0.6433842232827556, 'lag_18': 0.9960458915633592, 'lag_19': 0.6513082080445184, 'lag_20': 0.07432659654025547, 'lag_21': 0.6732329624392285, 'lag_22': 0.9067665834540748, 'lag_23': 0.7242597109545618, 'lag_24': 0.10555000818018381, 'lag_25': 0.21957972060878742, 'lag_26': 0.014531552438020819, 'lag_27': 0.6443191219277851, 'lag_28': 0.4798862323262063}.
[I 2025-10-03 11:34:37,761] Trial 79 finished with values: [0.011895918367346938, 0.00044271854378434274, 0.0010233502010239292, 0.0002273141015348799, 0.0004095783661670543, 0.000645288006616155, 0.001082976306729308, 0.0002052218416998235, 0.0009532749187212709, 0.0016636687140044112, 0.00060859292714681, 0.0007406588921736075, 0.004733038547792278, 0.020856340228383907, 0.0, 0.037381469276527954, 0.004361240397698656, 0.0007718560610355471, 0.0068034132260162165, 1.4361339459061917e-05, 0.005506752485567222, 0.0029530166484640756, 0.004657770514448529, 0.005913734341375142, 0.003574931238487446, 0.0016247309949473817, 0.0002290470554501813, 0.0007027396726148605, 0.22192651409753714] and parameters: {'lag_0': 0.06815842005863533, 'lag_1': 0.6093450898828542, 'lag_2': 0.22801071270673418, 'lag_3': 0.9810254386394073, 'lag_4': 0.022044694326991198, 'lag_5': 0.7306532780410386, 'lag_6': 0.938127217474861, 'lag_7': 0.8775667720355526, 'lag_8': 0.48733529385640645, 'lag_9': 0.3767325547691354, 'lag_10': 0.5493055477677999, 'lag_11': 0.8779972568227965, 'lag_12': 0.02691954628979689, 'lag_13': 0.6479683447098691, 'lag_14': 0.1986328640585194, 'lag_15': 0.31537688199271113, 'lag_16': 0.03124233086902053, 'lag_17': 0.16863878904812946, 'lag_18': 0.7183671734810018, 'lag_19': 0.6015716033293754, 'lag_20': 0.3021259398770427, 'lag_21': 0.28035386334207685, 'lag_22': 0.003673826452800563, 'lag_23': 0.16676815373053808, 'lag_24': 0.19155530604361123, 'lag_25': 0.9973814716179592, 'lag_26': 0.4518060196616183, 'lag_27': 0.43301566746473097, 'lag_28': 0.18681823756288074}.
[I 2025-10-03 11:34:40,415] Trial 80 finished with values: [0.004488888888888889, 0.001467875385412063, 0.000738802509394623, 0.0009621090876450425, 0.0008966559247563287, 0.0014220077908873418, 0.0009218472332793735, 0.0005640073167549489, 0.000849803681700995, 0.0004218569792347936, 0.00036807019158482067, 0.0012216516034980237, 0.004682343014284008, 0.022614491544697024, 0.0, 0.03997065263860912, 0.0052195094115724235, 0.0014551266807949245, 0.009192426719383457, 0.00010071906650563362, 0.004857917553979628, 0.0025757684206832304, 0.004063772560749791, 0.0055607229162980675, 0.004585509910098169, 0.002122867935001607, 5.620713954252698e-05, 0.0014810316627295156, 0.22062098724425439] and parameters: {'lag_0': 0.4359801573968477, 'lag_1': 0.5969744829384379, 'lag_2': 0.12391867648025338, 'lag_3': 0.5469175774461796, 'lag_4': 0.685525868675265, 'lag_5': 0.8587063775379583, 'lag_6': 0.5148617521973284, 'lag_7': 0.8726097336454305, 'lag_8': 0.9820831488521314, 'lag_9': 0.6680285152813671, 'lag_10': 0.197312029310632, 'lag_11': 0.6731184823964466, 'lag_12': 0.39635355602670486, 'lag_13': 0.4403114602150617, 'lag_14': 0.6354687579487571, 'lag_15': 0.6183149365635164, 'lag_16': 0.48524942733010873, 'lag_17': 0.7401571917707482, 'lag_18': 0.4148690257794563, 'lag_19': 0.9594628998463575, 'lag_20': 0.3356100576892028, 'lag_21': 0.1868857338726104, 'lag_22': 0.25886560692041855, 'lag_23': 0.8010233183152334, 'lag_24': 0.708598900456386, 'lag_25': 0.6692763259201103, 'lag_26': 0.6997326273031009, 'lag_27': 0.8006399355311461, 'lag_28': 0.05917665623870715}.
[I 2025-10-03 11:34:43,066] Trial 81 finished with values: [0.018488888888888895, 0.0007064565587631065, 0.0008048792117036142, 0.0014087646081488187, 0.0006459740247099284, 0.0007880004154083754, 0.0007258632431572975, 0.0001515253996502298, 0.00097845964198716, 0.0017314320955043663, 0.00039975416790344705, 0.0012925648791258337, 0.0049270710662457666, 0.020868537356729465, 0.0, 0.03401185653583168, 0.006184073930234854, 0.0010808775211130005, 0.00774844942983903, 0.00011611549571974868, 0.005502583655946418, 0.0034780043890045437, 0.0033302296623671694, 0.004953840429753875, 0.00509623875501245, 0.0015480826008751791, 0.0005950470376844065, 0.001233353455944146, 0.2211235000055492] and parameters: {'lag_0': 0.3932215894831933, 'lag_1': 0.7211055217631549, 'lag_2': 0.5987219487571891, 'lag_3': 0.5771407236324932, 'lag_4': 0.526715993142364, 'lag_5': 0.00026683123095211164, 'lag_6': 0.45848050945872154, 'lag_7': 0.09601332283921762, 'lag_8': 0.1296089906284222, 'lag_9': 0.009593156527447544, 'lag_10': 0.6474602531681719, 'lag_11': 0.18036807693331827, 'lag_12': 0.024516481529018083, 'lag_13': 0.649637451573569, 'lag_14': 0.8609317590773728, 'lag_15': 0.9473225639824394, 'lag_16': 0.5850907952911361, 'lag_17': 0.32956995578734516, 'lag_18': 0.37833708403036287, 'lag_19': 0.14990429807119585, 'lag_20': 0.2843536644163561, 'lag_21': 0.25679929608677293, 'lag_22': 0.4104421097394055, 'lag_23': 0.04202422321476544, 'lag_24': 0.4145832721093158, 'lag_25': 0.7774851290449769, 'lag_26': 0.48638307790634705, 'lag_27': 0.6825642050530358, 'lag_28': 0.6584360672045086}.
[I 2025-10-03 11:34:45,721] Trial 82 finished with values: [0.021777777777777778, 0.0009029463147551204, 0.00024168300309144485, 0.0006531364810640086, 0.0003336041265249054, 0.0010706250476553742, 0.0010303872167996373, 0.0004797348002821917, 0.0007012674318668465, 0.0014100843544477078, 0.00013389160442597536, 0.001517372824314702, 0.003932243358053257, 0.018385755814555167, 0.0, 0.03494835421125638, 0.005605356877187688, 0.00040932817041435817, 0.00859510228119345, 0.00013417201662064445, 0.003892580506526437, 0.002985293177709963, 0.0030012340209848217, 0.0050394686986184704, 0.003804579953029815, 0.0021761663045910123, 0.0010121861104367995, 0.0012196417212595118, 0.2156306976119824] and parameters: {'lag_0': 0.3636527532081855, 'lag_1': 0.02527257948081199, 'lag_2': 0.5139736101612054, 'lag_3': 0.6166159063757225, 'lag_4': 0.8166368719541305, 'lag_5': 0.11780863892020633, 'lag_6': 0.8332969589610547, 'lag_7': 0.19167625405088615, 'lag_8': 0.35197512930397545, 'lag_9': 0.542954058452116, 'lag_10': 0.8116425895735531, 'lag_11': 0.72206292729592, 'lag_12': 0.18485717291286838, 'lag_13': 0.014183064251508552, 'lag_14': 0.1298422432892528, 'lag_15': 0.8738802500686371, 'lag_16': 0.4619234273578516, 'lag_17': 0.18095251884363675, 'lag_18': 0.5267817739472164, 'lag_19': 0.9071411026067011, 'lag_20': 0.8638469472603828, 'lag_21': 0.9587686636498608, 'lag_22': 0.1410810889087533, 'lag_23': 0.19854142609721254, 'lag_24': 0.7120065794105064, 'lag_25': 0.8410426288661284, 'lag_26': 0.05933692443892634, 'lag_27': 0.2625080216526988, 'lag_28': 0.4249120615262623}.
[I 2025-10-03 11:34:48,512] Trial 83 finished with values: [0.0016, 0.0020692348057516487, 0.001580389475363007, 0.0012434780943273555, 0.0005267563273920465, 0.0016108766880252603, 0.0006996441935333037, 0.00014176877974730152, 0.0008361749205284053, 0.0008812634356581339, 0.000651136607237599, 0.0013673590647855561, 0.004082755876833534, 0.02100207910954103, 0.0, 0.042187480405406694, 0.004790821031337886, 0.0013955190788346862, 0.006794619529230534, 3.702678166981277e-05, 0.00553980999090323, 0.00404044049180833, 0.004251787322596651, 0.0052106726631832075, 0.005732613370416078, 0.0021359236933036507, 0.00041126878860118837, 0.0018841114483087542, 0.22954062928061894] and parameters: {'lag_0': 0.9578437260086959, 'lag_1': 0.9629797655308935, 'lag_2': 0.757471150823904, 'lag_3': 0.5920385955828722, 'lag_4': 0.6814235263400642, 'lag_5': 0.6498910184405715, 'lag_6': 0.938127217474861, 'lag_7': 0.7527448804985807, 'lag_8': 0.48733529385640645, 'lag_9': 0.3767325547691354, 'lag_10': 0.5553162884388675, 'lag_11': 0.8779972568227965, 'lag_12': 0.2892220643081396, 'lag_13': 0.6479683447098691, 'lag_14': 0.450904831017582, 'lag_15': 0.31537688199271113, 'lag_16': 0.03124233086902053, 'lag_17': 0.16863878904812946, 'lag_18': 0.6159676412449977, 'lag_19': 0.1536776842537174, 'lag_20': 0.546815074729968, 'lag_21': 0.28035386334207685, 'lag_22': 0.8382569703594317, 'lag_23': 0.45958604232284905, 'lag_24': 0.8555684748004609, 'lag_25': 0.9973814716179592, 'lag_26': 0.029734605906945762, 'lag_27': 0.7086805014394065, 'lag_28': 0.048996390219020934}.
[I 2025-10-03 11:34:51,174] Trial 84 finished with values: [0.0029233471074380166, 0.0010632921363964046, 0.0008859632786538731, 0.0006654210493831219, 0.0007527332792236676, 0.000784706991518768, 0.0011426343492048812, 0.0007473829516245028, 0.000865523252531371, 0.0017430474623682988, 0.0002535151908436818, 0.0011317250920015484, 0.0034612856478002537, 0.022341036101586848, 0.0, 0.038568359018477535, 0.0064400880936651556, 0.000858317672091579, 0.008043621096507502, 2.9186041128577694e-05, 0.004775372018427879, 0.0032537012568934, 0.003747903256967368, 0.005281676147067151, 0.00453800208934566, 0.0017752885296961128, 0.00022237961681087368, 0.0006963664177134182, 0.227650333091361] and parameters: {'lag_0': 0.26629924493007157, 'lag_1': 0.8785349741386447, 'lag_2': 0.7819068773465119, 'lag_3': 0.22496330053179367, 'lag_4': 0.07641990202890481, 'lag_5': 0.9095667896355994, 'lag_6': 0.7683779180426957, 'lag_7': 0.8824578383928832, 'lag_8': 0.40346310126486346, 'lag_9': 0.25094993978240526, 'lag_10': 0.29894191825852984, 'lag_11': 0.031240554941766627, 'lag_12': 0.8261021320654572, 'lag_13': 0.5278523154195257, 'lag_14': 0.9256777507511287, 'lag_15': 0.6793574959605556, 'lag_16': 0.8535047683477955, 'lag_17': 0.9998739265360745, 'lag_18': 0.48357008426383125, 'lag_19': 0.08391222763055073, 'lag_20': 0.6510900840438956, 'lag_21': 0.3787873700920562, 'lag_22': 0.9262471748306875, 'lag_23': 0.34665701496838847, 'lag_24': 0.6506623447321166, 'lag_25': 0.8089813376084849, 'lag_26': 0.5132181819243494, 'lag_27': 0.0019852983955749126, 'lag_28': 0.6736453441110806}.
[I 2025-10-03 11:34:53,833] Trial 85 finished with values: [0.002168909045099521, 0.0016257707923197236, 0.0004640482713987497, 0.0003469638320327625, 0.00016869623563156954, 0.001177880756529127, 0.0011240059557672574, 4.661074619939548e-05, 0.000527783170347185, 0.001478577906633391, 0.0006376051849707458, 0.0009600448361286774, 0.004081185955671699, 0.019519311752354617, 0.0, 0.03875801748888491, 0.006586027994383592, 0.0005747673487374257, 0.007143508440040755, 6.202854339976051e-05, 0.005705154500720653, 0.0034308021956495857, 0.003152361830438118, 0.005953000285243917, 0.005971497704173778, 0.0014573652988775882, 0.00023512603916459743, 0.0017978452339091698, 0.2199297405892633] and parameters: {'lag_0': 0.2664482520797484, 'lag_1': 0.2503342475080126, 'lag_2': 0.21536238002254007, 'lag_3': 0.8027432697139085, 'lag_4': 0.8330446738286055, 'lag_5': 0.996535248814518, 'lag_6': 0.9677339033936319, 'lag_7': 0.7800346090212402, 'lag_8': 0.13865677311864982, 'lag_9': 0.3165150833159057, 'lag_10': 0.19856020670618352, 'lag_11': 0.4383309338589519, 'lag_12': 0.8711579903797237, 'lag_13': 0.5353950323452518, 'lag_14': 0.15870351392171023, 'lag_15': 0.7394738319100564, 'lag_16': 0.261591306252516, 'lag_17': 0.7073226600607152, 'lag_18': 0.028809037526794548, 'lag_19': 0.739632813821442, 'lag_20': 0.459039236808499, 'lag_21': 0.019991182500271407, 'lag_22': 0.9417381376348118, 'lag_23': 0.2326491816887753, 'lag_24': 0.22903461225743948, 'lag_25': 0.7451395135565289, 'lag_26': 0.5369879747698758, 'lag_27': 0.38871467450220454, 'lag_28': 0.2504812550356045}.
[I 2025-10-03 11:34:56,492] Trial 86 finished with values: [0.0016, 0.0025089738812848236, 0.001268754732562117, 0.0007172313776124875, 0.00038844898637982006, 0.0006766180889490569, 0.001016523627607596, 0.0004782285895226546, 0.0016228605176405414, 0.0011732357958022627, 0.000555537465599227, 0.0013951890620769456, 0.004153742302789178, 0.020716340256595522, 0.0, 0.03384162088519811, 0.0069815985711884675, 0.0009732564692019188, 0.007064702401121595, 0.00013458425780558735, 0.004865031287527333, 0.0034561971208948014, 0.003823424425895369, 0.005345188634473982, 0.0055446763664042855, 0.002059646081240862, 0.00034076917636981, 0.0009364511627655264, 0.20929009050004804] and parameters: {'lag_0': 0.5142002361896322, 'lag_1': 0.018977331780766254, 'lag_2': 0.5767105147134755, 'lag_3': 0.3403823367076788, 'lag_4': 0.4187416313830079, 'lag_5': 0.8854508286351044, 'lag_6': 0.3626289074427412, 'lag_7': 0.7612287262130298, 'lag_8': 0.5902237645257651, 'lag_9': 0.8456029394481722, 'lag_10': 0.5010851770989005, 'lag_11': 0.7961768151160178, 'lag_12': 0.4520513418697359, 'lag_13': 0.23568065739022742, 'lag_14': 0.27313205835128607, 'lag_15': 0.7726267091907332, 'lag_16': 0.9048825569180189, 'lag_17': 0.8769879073151243, 'lag_18': 0.14674971240898502, 'lag_19': 0.9299852516346202, 'lag_20': 0.9085876927166141, 'lag_21': 0.18028958341662277, 'lag_22': 0.5006919361531013, 'lag_23': 0.8336845729894814, 'lag_24': 0.6882435966352536, 'lag_25': 0.7795303861489191, 'lag_26': 0.8782859915463183, 'lag_27': 0.666670312143349, 'lag_28': 0.16530639423291948}.
[I 2025-10-03 11:34:59,141] Trial 87 finished with values: [0.003792612582222971, 0.0043194404642314995, 0.0010038809063956712, 0.0010688587757381163, 0.000373427255940658, 0.0008714840888299354, 0.0010603569595609387, 0.0005348452460916572, 0.0007964605756380618, 0.0021081028617671743, 0.0006439999735971271, 0.0007516137109245659, 0.004116858375080761, 0.019223028421923315, 0.0, 0.03821333698757879, 0.007451347594243573, 0.0012049680343074276, 0.0076029656828498025, 9.194171268560995e-06, 0.005134449693488292, 0.0025170489407333315, 0.00440256860489457, 0.005293010710085847, 0.0054077618217231605, 0.001776178524631292, 0.0005541411254103245, 0.001312255465016777, 0.22138398043514926] and parameters: {'lag_0': 0.9660246155945469, 'lag_1': 0.9465698735272041, 'lag_2': 0.19312817197415974, 'lag_3': 0.7500497846490469, 'lag_4': 0.14636047304156852, 'lag_5': 0.8531396936191968, 'lag_6': 0.17848248358361365, 'lag_7': 0.8794579749107063, 'lag_8': 0.7142813608398134, 'lag_9': 0.368353153734443, 'lag_10': 0.40242648104530704, 'lag_11': 0.2153024864022925, 'lag_12': 0.99225209203252, 'lag_13': 0.7306250877509488, 'lag_14': 0.6126605858670582, 'lag_15': 0.011396998099583111, 'lag_16': 0.02474819491550853, 'lag_17': 0.1341733460989158, 'lag_18': 0.8810962409455096, 'lag_19': 0.43160369994619324, 'lag_20': 0.3669170015289899, 'lag_21': 0.12124390196119289, 'lag_22': 0.06141487649743204, 'lag_23': 0.5900438644442076, 'lag_24': 0.0475429953389282, 'lag_25': 0.7909602791040897, 'lag_26': 0.4059556496052453, 'lag_27': 0.753626640890137, 'lag_28': 0.6581931951526808}.
[I 2025-10-03 11:35:01,807] Trial 88 finished with values: [0.004488888888888888, 0.0020450274014045793, 0.004665797057169326, 0.0011584147198301412, 0.0004939474477195602, 0.0008357145105165494, 0.001471296971296041, 0.0006074354984261074, 0.0007169345112323559, 0.0020995190830189244, 0.0008860837984954906, 0.0015308027398176188, 0.00425070579469148, 0.01999647889294387, 0.0, 0.037798329483620594, 0.004969576303482598, 0.0007223985326921079, 0.00656742893499288, 5.204440421665897e-05, 0.005202546736095005, 0.003353689429795424, 0.0029642635356864756, 0.005279342330664013, 0.004254256839763165, 0.0018163012611550195, 0.0004202016853641757, 0.0017982611990924545, 0.21229783894294935] and parameters: {'lag_0': 0.252858307980225, 'lag_1': 0.9311755481745899, 'lag_2': 0.5668653040252828, 'lag_3': 0.18797237927030577, 'lag_4': 0.16943143646861053, 'lag_5': 0.04499567845973353, 'lag_6': 0.014154051321515919, 'lag_7': 0.44918021834903, 'lag_8': 0.07269967417048363, 'lag_9': 0.8852987653138036, 'lag_10': 0.9913261271098518, 'lag_11': 0.15218451814067355, 'lag_12': 0.7826041437057522, 'lag_13': 0.3372948911050558, 'lag_14': 0.4843509502295016, 'lag_15': 0.5233241565373009, 'lag_16': 0.5484661259969119, 'lag_17': 0.3748944628762988, 'lag_18': 0.15806881218771215, 'lag_19': 0.38323534169605283, 'lag_20': 0.3778159339521313, 'lag_21': 0.599559367510117, 'lag_22': 0.7824644331710112, 'lag_23': 0.08732222572421378, 'lag_24': 0.16423082720051066, 'lag_25': 0.3483919443866354, 'lag_26': 0.4744511987804807, 'lag_27': 0.9253937040520213, 'lag_28': 0.3568753814851451}.
[I 2025-10-03 11:35:04,470] Trial 89 finished with values: [0.012112396694214874, 0.0018564048893719223, 0.00017344407599245801, 0.0005318721093814903, 0.0006119946747034595, 0.0018816056492318395, 0.0014614948699532468, 0.0003033442275237054, 0.0006195151511406881, 0.0007190467731059192, 0.0005613661563010387, 0.0012831721966866847, 0.0038931766656241026, 0.020129514312807274, 0.0, 0.04065406003150823, 0.004389594646817092, 0.0005125760400212113, 0.005553013433837969, 8.2400382404205e-05, 0.005475542597112223, 0.0033542447489510263, 0.004387048028596557, 0.004496005908553348, 0.004168908300194682, 0.0024450979821802354, 0.0006971594789891944, 0.0015905611728145388, 0.22473972529874303] and parameters: {'lag_0': 0.23264171837149683, 'lag_1': 0.1603685636007759, 'lag_2': 0.21546383360588658, 'lag_3': 0.3588254165173768, 'lag_4': 0.15827277055795277, 'lag_5': 0.5297707145484303, 'lag_6': 0.8426688001084865, 'lag_7': 0.8962039244954072, 'lag_8': 0.9470814537509253, 'lag_9': 0.4331433503107134, 'lag_10': 0.7138379104027133, 'lag_11': 0.842616279592759, 'lag_12': 0.9275483573077138, 'lag_13': 0.17912542388957464, 'lag_14': 0.7256265354195947, 'lag_15': 0.01057304131613888, 'lag_16': 0.2671017640176334, 'lag_17': 0.8826732095344807, 'lag_18': 0.15800166796081758, 'lag_19': 0.686113321401852, 'lag_20': 0.6613476695761724, 'lag_21': 0.3218842708330756, 'lag_22': 0.9700058278888379, 'lag_23': 0.45396526108645624, 'lag_24': 0.17131364317549855, 'lag_25': 0.11131098207573248, 'lag_26': 0.5929803205849148, 'lag_27': 0.577130600241784, 'lag_28': 0.30466215677660513}.
