[I 2025-09-29 13:09:02,634] Trial 61 finished with value: 0.0025555521088441455 and parameters: {'lag_0': 0.1531678865575954, 'lag_1': 0.6552460336611874, 'lag_2': 0.4531366237142884, 'lag_3': 0.024984565272524822, 'lag_4': 0.007841564332437111, 'lag_5': 0.44444516318369576, 'lag_6': 0.6590561399089387, 'lag_7': 0.4207072711527746, 'lag_8': 0.3294867954098588, 'lag_9': 0.8314747784861426, 'lag_10': 0.8854840620490373, 'lag_11': 0.4651573820627507, 'lag_12': 0.6001587037996916, 'lag_13': 0.6921108822400435, 'lag_14': 0.2491296114454913, 'lag_15': 0.158663528505474, 'lag_16': 0.6621586799617315, 'lag_17': 0.193646907738439, 'lag_18': 0.280689624456979, 'lag_19': 0.04895137582062564, 'lag_20': 0.2545994285466837, 'lag_21': 0.41726770675554703, 'lag_22': 0.23526124040831836, 'lag_23': 0.19707108084779357, 'lag_24': 0.9370438801962229, 'lag_25': 0.00354432881941414, 'lag_26': 0.5027787503108259, 'lag_27': 0.3604558141763867, 'lag_28': 0.7172735284670644}. Best is trial 61 with value: 0.0025555521088441455.
[I 2025-09-29 13:09:05,054] Trial 62 finished with value: 0.004225562236983626 and parameters: {'lag_0': 0.041093796852399334, 'lag_1': 0.8766420855605876, 'lag_2': 0.45729915985680053, 'lag_3': 0.057156753821062, 'lag_4': 0.12053943112602655, 'lag_5': 0.46847731011942645, 'lag_6': 0.7563727140113098, 'lag_7': 0.47477705553757454, 'lag_8': 0.3160729938303305, 'lag_9': 0.8480039666611902, 'lag_10': 0.9359853840971732, 'lag_11': 0.43029539294348257, 'lag_12': 0.5947984633186577, 'lag_13': 0.6946294955879064, 'lag_14': 0.2634955558191858, 'lag_15': 0.21794787814247088, 'lag_16': 0.704537835205491, 'lag_17': 0.04491677392595117, 'lag_18': 0.2578495759642909, 'lag_19': 0.03623851080038044, 'lag_20': 0.29715292659583115, 'lag_21': 0.4004788508770569, 'lag_22': 0.2228175961768631, 'lag_23': 0.22337068891168885, 'lag_24': 0.9246714565159164, 'lag_25': 0.04224605191148059, 'lag_26': 0.5048008900951033, 'lag_27': 0.39947324581430654, 'lag_28': 0.6987511247875302}. Best is trial 61 with value: 0.0025555521088441455.
[I 2025-09-29 13:09:07,462] Trial 63 finished with value: 0.003502766576001866 and parameters: {'lag_0': 0.08995352411572, 'lag_1': 0.20693807265840267, 'lag_2': 0.5015771165295141, 'lag_3': 0.0015205655813121007, 'lag_4': 0.6666864122321314, 'lag_5': 0.23869850865864817, 'lag_6': 0.6589242508965559, 'lag_7': 0.41409421870859414, 'lag_8': 0.26323109323103333, 'lag_9': 0.7685256500595186, 'lag_10': 0.9942356155230394, 'lag_11': 0.45632393897796397, 'lag_12': 0.6531028746248976, 'lag_13': 0.5747872584677894, 'lag_14': 0.4750443739340069, 'lag_15': 0.16362067851157147, 'lag_16': 0.9906404303594646, 'lag_17': 0.5438854927948006, 'lag_18': 0.4676469430154476, 'lag_19': 0.24128300346530152, 'lag_20': 0.23031590891435036, 'lag_21': 0.47537631044639744, 'lag_22': 0.1899998308709889, 'lag_23': 0.33804441451224715, 'lag_24': 0.8312704782493745, 'lag_25': 0.003394662560446314, 'lag_26': 0.8172630544548434, 'lag_27': 0.5643526612707304, 'lag_28': 0.7402544548483505}. Best is trial 61 with value: 0.0025555521088441455.
[I 2025-09-29 13:09:09,868] Trial 64 finished with value: 0.0039639767573980186 and parameters: {'lag_0': 0.4931146543955748, 'lag_1': 0.646545760417486, 'lag_2': 0.37549563833862076, 'lag_3': 0.6403704994193131, 'lag_4': 0.07920693246511022, 'lag_5': 0.6465230785359541, 'lag_6': 0.824151776678935, 'lag_7': 0.3576857618493945, 'lag_8': 0.35476643911018896, 'lag_9': 0.7156228872734585, 'lag_10': 0.8993620063038774, 'lag_11': 0.3731936921080645, 'lag_12': 0.5632015814594304, 'lag_13': 0.9142497723521169, 'lag_14': 0.15901073363869786, 'lag_15': 0.2991184655900807, 'lag_16': 0.5714106201275999, 'lag_17': 0.6984148190491544, 'lag_18': 0.8504823567304967, 'lag_19': 0.12944674632355413, 'lag_20': 0.14786731924182572, 'lag_21': 0.42453983704051435, 'lag_22': 0.27954473085195225, 'lag_23': 0.19645205629803164, 'lag_24': 0.7522567078309621, 'lag_25': 0.07467288799366817, 'lag_26': 0.31198721493406073, 'lag_27': 0.3468634850237516, 'lag_28': 0.8086716140032756}. Best is trial 61 with value: 0.0025555521088441455.
[I 2025-09-29 13:09:12,395] Trial 65 finished with value: 0.0038439213344258296 and parameters: {'lag_0': 0.23265424626892803, 'lag_1': 0.7783916855527228, 'lag_2': 0.5903014194467446, 'lag_3': 0.8245012021848416, 'lag_4': 0.7066810133969484, 'lag_5': 0.547431415755993, 'lag_6': 0.7431071396182812, 'lag_7': 0.26742752164057537, 'lag_8': 0.7704553798637183, 'lag_9': 0.9651546274737376, 'lag_10': 0.6643900703429596, 'lag_11': 0.5169987325716279, 'lag_12': 0.5011423854838323, 'lag_13': 0.7745585508804852, 'lag_14': 0.28843246624883445, 'lag_15': 0.08930843164139433, 'lag_16': 0.6565322879568273, 'lag_17': 0.9931162878824655, 'lag_18': 0.31502592033895627, 'lag_19': 0.09121878414772938, 'lag_20': 0.7738085637205893, 'lag_21': 0.3027374139361873, 'lag_22': 0.841204440732555, 'lag_23': 0.2942565155742689, 'lag_24': 0.5341534087248553, 'lag_25': 0.12046578774941469, 'lag_26': 0.03973380122877579, 'lag_27': 0.3361554511056207, 'lag_28': 0.42359133084427447}. Best is trial 61 with value: 0.0025555521088441455.
[I 2025-09-29 13:09:14,823] Trial 66 finished with value: 0.004264010685675523 and parameters: {'lag_0': 0.2872748577168058, 'lag_1': 0.3446817100199189, 'lag_2': 0.5332342610721552, 'lag_3': 0.2318121637212745, 'lag_4': 0.1758984689448138, 'lag_5': 0.5911364632263136, 'lag_6': 0.6412836467631167, 'lag_7': 0.48729116831214464, 'lag_8': 0.14012654178590378, 'lag_9': 0.8267433210495702, 'lag_10': 0.8557069144452201, 'lag_11': 0.5784099423300583, 'lag_12': 0.10442473018160581, 'lag_13': 0.8312552573308113, 'lag_14': 0.2049510448431705, 'lag_15': 0.2587427181605507, 'lag_16': 0.806839131917851, 'lag_17': 0.5943782307925489, 'lag_18': 0.3638370951543842, 'lag_19': 0.29676125461919844, 'lag_20': 0.6568876275572408, 'lag_21': 0.3599760844755081, 'lag_22': 0.02591564037847585, 'lag_23': 0.11997430508216911, 'lag_24': 0.9351828371982727, 'lag_25': 0.8943329934537442, 'lag_26': 0.4606657801038802, 'lag_27': 0.19782324607610885, 'lag_28': 0.6189128396944131}. Best is trial 61 with value: 0.0025555521088441455.
[I 2025-09-29 13:09:17,246] Trial 67 finished with value: 0.00389409903613072 and parameters: {'lag_0': 0.10468181538748186, 'lag_1': 0.9995264696805807, 'lag_2': 0.42888239893087926, 'lag_3': 0.7326013143930498, 'lag_4': 0.5777342556972384, 'lag_5': 0.17547123131609077, 'lag_6': 0.001772443291566117, 'lag_7': 0.3363450521140588, 'lag_8': 0.2761489484772227, 'lag_9': 0.8771042048838374, 'lag_10': 0.5708789348661297, 'lag_11': 0.47598204818505513, 'lag_12': 0.7200098025331179, 'lag_13': 0.9640191322274375, 'lag_14': 0.12237371805139347, 'lag_15': 0.3932973579502652, 'lag_16': 0.05115441558091865, 'lag_17': 0.20177258631126851, 'lag_18': 0.5093676938609915, 'lag_19': 0.2131856401188137, 'lag_20': 0.8735946137033573, 'lag_21': 0.656017346291858, 'lag_22': 0.5977933869462706, 'lag_23': 0.3834483303779179, 'lag_24': 0.6541235224949338, 'lag_25': 0.72421993996921, 'lag_26': 0.956983097338755, 'lag_27': 0.24856923384923962, 'lag_28': 0.6590471165577733}. Best is trial 61 with value: 0.0025555521088441455.
[I 2025-09-29 13:09:19,672] Trial 68 finished with value: 0.004115351147877632 and parameters: {'lag_0': 0.5205456801925069, 'lag_1': 0.4011647859521396, 'lag_2': 0.9547583432635596, 'lag_3': 0.49015830755007794, 'lag_4': 0.7875844260440716, 'lag_5': 0.37737802008824406, 'lag_6': 0.45745275817886577, 'lag_7': 0.7147689464349266, 'lag_8': 0.21233860006354302, 'lag_9': 0.8025187435859783, 'lag_10': 0.7556219314110578, 'lag_11': 0.7421734821415833, 'lag_12': 0.029624456968316643, 'lag_13': 0.8556170197119638, 'lag_14': 0.0374317217368023, 'lag_15': 0.12764999001833033, 'lag_16': 0.7086054328941106, 'lag_17': 0.7942333951702979, 'lag_18': 0.29079341631309946, 'lag_19': 0.1580591479862734, 'lag_20': 0.7147990412055902, 'lag_21': 0.5766111884405687, 'lag_22': 0.7425313673480545, 'lag_23': 0.17431765189778906, 'lag_24': 0.5701708406663694, 'lag_25': 0.044094638811541215, 'lag_26': 0.20975426905391714, 'lag_27': 0.48617109693948213, 'lag_28': 0.5190072711708154}. Best is trial 61 with value: 0.0025555521088441455.
[I 2025-09-29 13:09:22,084] Trial 69 finished with value: 0.003824249646529012 and parameters: {'lag_0': 0.765493428822253, 'lag_1': 0.2873244889389518, 'lag_2': 0.3077314742230327, 'lag_3': 0.2969026192119657, 'lag_4': 0.03340450153678359, 'lag_5': 0.4966491245179059, 'lag_6': 0.5417219912614275, 'lag_7': 0.4118222876399259, 'lag_8': 0.5592595837147327, 'lag_9': 0.7517328792454321, 'lag_10': 0.47821447881696183, 'lag_11': 0.8661386435601417, 'lag_12': 0.2384936788349009, 'lag_13': 0.932352150325578, 'lag_14': 0.0002600530337948104, 'lag_15': 0.16947632201151006, 'lag_16': 0.23630819999470676, 'lag_17': 0.6708296198479715, 'lag_18': 0.4003412699555205, 'lag_19': 0.017912610353979175, 'lag_20': 0.5863602577006117, 'lag_21': 0.5435348249051479, 'lag_22': 0.47229139255373964, 'lag_23': 0.14851815023275314, 'lag_24': 0.3092238693083974, 'lag_25': 0.4847142311528143, 'lag_26': 0.2780954621727084, 'lag_27': 0.939727940677311, 'lag_28': 0.8872443298256999}. Best is trial 61 with value: 0.0025555521088441455.
[I 2025-09-29 13:09:24,499] Trial 70 finished with value: 0.004315523544206763 and parameters: {'lag_0': 0.4567465599972987, 'lag_1': 0.5748539338549737, 'lag_2': 0.7434975353585946, 'lag_3': 0.8990508549447831, 'lag_4': 0.8278020346924417, 'lag_5': 0.6876166279868514, 'lag_6': 0.6798653439172568, 'lag_7': 0.7724560005865787, 'lag_8': 0.16802501433933129, 'lag_9': 0.0744610450795053, 'lag_10': 0.9687052567301464, 'lag_11': 0.2815823376515066, 'lag_12': 0.14811808839716262, 'lag_13': 0.8888762031405164, 'lag_14': 0.19343017616640507, 'lag_15': 0.5888017363320714, 'lag_16': 0.10582747782951882, 'lag_17': 0.3429218309309176, 'lag_18': 0.18444804429755263, 'lag_19': 0.7180347576219838, 'lag_20': 0.40490378580959285, 'lag_21': 0.4533331511901145, 'lag_22': 0.9083816276733401, 'lag_23': 0.0548621498800827, 'lag_24': 0.37715749136852655, 'lag_25': 0.7821309964552579, 'lag_26': 0.09744943706245042, 'lag_27': 0.8991746681524895, 'lag_28': 0.803046481501402}. Best is trial 61 with value: 0.0025555521088441455.
[I 2025-09-29 13:09:26,915] Trial 71 finished with value: 0.0031024454264659547 and parameters: {'lag_0': 0.20559972600562837, 'lag_1': 0.4827987586553612, 'lag_2': 0.27558668606770514, 'lag_3': 0.11290880417930255, 'lag_4': 0.0718739521513156, 'lag_5': 0.43938261517246696, 'lag_6': 0.5971919657535095, 'lag_7': 0.509417401798236, 'lag_8': 0.3679888088236141, 'lag_9': 0.9170928471174914, 'lag_10': 0.9022569067854487, 'lag_11': 0.37968141000564426, 'lag_12': 0.6033074170582133, 'lag_13': 0.5136864231719449, 'lag_14': 0.36712537569210285, 'lag_15': 0.08095270042429045, 'lag_16': 0.44556798365665784, 'lag_17': 0.11781133273870426, 'lag_18': 0.42801993711737385, 'lag_19': 0.0576152798040992, 'lag_20': 0.0994890301729501, 'lag_21': 0.2883108224967086, 'lag_22': 0.32495033542076496, 'lag_23': 0.2550282357413379, 'lag_24': 0.8431763412074335, 'lag_25': 0.24513071842229744, 'lag_26': 0.5705505067349289, 'lag_27': 0.3984553651049261, 'lag_28': 0.8385435450237732}. Best is trial 61 with value: 0.0025555521088441455.
[I 2025-09-29 13:09:29,334] Trial 72 finished with value: 0.003904050745471428 and parameters: {'lag_0': 0.17242146069226072, 'lag_1': 0.46559110564115125, 'lag_2': 0.20113046370368087, 'lag_3': 0.13917048600215354, 'lag_4': 0.05624625497507024, 'lag_5': 0.4324645742168931, 'lag_6': 0.592392461517537, 'lag_7': 0.6262333434651612, 'lag_8': 0.37218798286641663, 'lag_9': 0.9126359849336748, 'lag_10': 0.9064043908406317, 'lag_11': 0.40220347155335245, 'lag_12': 0.6311335230659263, 'lag_13': 0.5575793469936339, 'lag_14': 0.37779679248170545, 'lag_15': 0.08099638076761762, 'lag_16': 0.3876252621937235, 'lag_17': 0.12284212618596171, 'lag_18': 0.42776294443405205, 'lag_19': 0.0741343895321814, 'lag_20': 0.05975443357623122, 'lag_21': 0.2768863501588857, 'lag_22': 0.36135387688505716, 'lag_23': 0.24531528029525937, 'lag_24': 0.8316066371794205, 'lag_25': 0.26540205680955853, 'lag_26': 0.5692625631918701, 'lag_27': 0.3959650424124135, 'lag_28': 0.8539596144357948}. Best is trial 61 with value: 0.0025555521088441455.
[I 2025-09-29 13:09:31,760] Trial 73 finished with value: 0.003623313900553625 and parameters: {'lag_0': 0.2345541662280414, 'lag_1': 0.418566137309875, 'lag_2': 0.1567909397003161, 'lag_3': 0.0948882003693205, 'lag_4': 0.1790109687145679, 'lag_5': 0.3001715279419521, 'lag_6': 0.5576243852140139, 'lag_7': 0.5178275238568057, 'lag_8': 0.42358577866945935, 'lag_9': 0.8649623902060584, 'lag_10': 0.9317207794941681, 'lag_11': 0.6812083528738505, 'lag_12': 0.5828009721860343, 'lag_13': 0.6484030256065388, 'lag_14': 0.33280972566603106, 'lag_15': 0.01813384871340673, 'lag_16': 0.8875395666870532, 'lag_17': 0.06517190793721522, 'lag_18': 0.553411770120161, 'lag_19': 0.05299705841511251, 'lag_20': 0.25375503400203253, 'lag_21': 0.41778912936521284, 'lag_22': 0.9983530478144411, 'lag_23': 0.32014901461854056, 'lag_24': 0.979227439375215, 'lag_25': 0.16733441165688254, 'lag_26': 0.3409968867242585, 'lag_27': 0.44289658248819846, 'lag_28': 0.8299532732667658}. Best is trial 61 with value: 0.0025555521088441455.
[I 2025-09-29 13:09:34,188] Trial 74 finished with value: 0.004097358197797478 and parameters: {'lag_0': 0.11745337608983346, 'lag_1': 0.5185003588719801, 'lag_2': 0.27961352083106994, 'lag_3': 0.03527347882150331, 'lag_4': 0.015277579092779851, 'lag_5': 0.4531318056617175, 'lag_6': 0.610948343455613, 'lag_7': 0.4571420528589116, 'lag_8': 0.3345454228967597, 'lag_9': 0.9365806260648164, 'lag_10': 0.7955975240113584, 'lag_11': 0.34944552206989543, 'lag_12': 0.5178223859947877, 'lag_13': 0.5276283766700057, 'lag_14': 0.46555462821245513, 'lag_15': 0.19660044499100104, 'lag_16': 0.5322262625512866, 'lag_17': 0.15943728499700027, 'lag_18': 0.2247851633422204, 'lag_19': 0.13937933216366435, 'lag_20': 0.005083242680589323, 'lag_21': 0.697191618886183, 'lag_22': 0.3131829340019511, 'lag_23': 0.41725743738715293, 'lag_24': 0.9260595133568462, 'lag_25': 0.3734631159458433, 'lag_26': 0.438492449035028, 'lag_27': 0.3664251648156239, 'lag_28': 0.9155476233718001}. Best is trial 61 with value: 0.0025555521088441455.
[I 2025-09-29 13:09:36,611] Trial 75 finished with value: 0.003957312166845384 and parameters: {'lag_0': 0.268145166908836, 'lag_1': 0.6185144688104736, 'lag_2': 0.8414149969617135, 'lag_3': 0.1509083369589752, 'lag_4': 0.9190723939774657, 'lag_5': 0.6178550245172055, 'lag_6': 0.5066396675568534, 'lag_7': 0.012919097577459904, 'lag_8': 0.31164445924586587, 'lag_9': 0.8238827286905558, 'lag_10': 0.9623611536517578, 'lag_11': 0.6413547407281119, 'lag_12': 0.6033049168222526, 'lag_13': 0.47329242545368017, 'lag_14': 0.2395486702733249, 'lag_15': 0.04819108319034146, 'lag_16': 0.03516938285714201, 'lag_17': 0.019367195465070944, 'lag_18': 0.4781996122070794, 'lag_19': 0.10084898196486754, 'lag_20': 0.6240049721092377, 'lag_21': 0.9854317507002374, 'lag_22': 0.1494856640068601, 'lag_23': 0.5260365832378755, 'lag_24': 0.8919472633956599, 'lag_25': 0.0009111609372969265, 'lag_26': 0.37981312736877204, 'lag_27': 0.2782473792316544, 'lag_28': 0.9713668288899306}. Best is trial 61 with value: 0.0025555521088441455.
[I 2025-09-29 13:09:39,020] Trial 76 finished with value: 0.0034436993072597963 and parameters: {'lag_0': 0.18083103716666393, 'lag_1': 0.47150370060299707, 'lag_2': 0.3408279480733579, 'lag_3': 0.3500071759803991, 'lag_4': 0.7307057440563224, 'lag_5': 0.3961743298941623, 'lag_6': 0.1278596519704149, 'lag_7': 0.4337488197132987, 'lag_8': 0.233506846938696, 'lag_9': 0.9765023276195502, 'lag_10': 0.8803775408336185, 'lag_11': 0.4640657281926052, 'lag_12': 0.5374080819891489, 'lag_13': 0.6244410827053478, 'lag_14': 0.3084804244061925, 'lag_15': 0.23640051861473918, 'lag_16': 0.07109885022093324, 'lag_17': 0.09575263103567452, 'lag_18': 0.3308477198566741, 'lag_19': 0.014797834148059932, 'lag_20': 0.11756362514275953, 'lag_21': 0.366682444760679, 'lag_22': 0.399826838029646, 'lag_23': 0.8728944321304906, 'lag_24': 0.6128074725211662, 'lag_25': 0.07138095956059895, 'lag_26': 0.4915605453348742, 'lag_27': 0.5258299326415118, 'lag_28': 0.7857836168603832}. Best is trial 61 with value: 0.0025555521088441455.
[I 2025-09-29 13:09:41,427] Trial 77 finished with value: 0.0038386710752921645 and parameters: {'lag_0': 0.07150207202027059, 'lag_1': 0.25861673117753314, 'lag_2': 0.3932717749792124, 'lag_3': 0.12808741041004362, 'lag_4': 0.09458293149004818, 'lag_5': 0.5311438349080644, 'lag_6': 0.34668623473454196, 'lag_7': 0.5546694122772955, 'lag_8': 0.4501219174871715, 'lag_9': 0.6714483021050349, 'lag_10': 0.6041183297870684, 'lag_11': 0.3240567226817447, 'lag_12': 0.6664713135961137, 'lag_13': 0.9730921099971596, 'lag_14': 0.1485539898934214, 'lag_15': 0.1485332377802721, 'lag_16': 0.12507036549828449, 'lag_17': 0.22148102200855876, 'lag_18': 0.12080699336629393, 'lag_19': 0.6766585256053353, 'lag_20': 0.18857477991597174, 'lag_21': 0.8655790310463364, 'lag_22': 0.25872297837562686, 'lag_23': 0.26724540607413083, 'lag_24': 0.23972304533556676, 'lag_25': 0.43588597068840174, 'lag_26': 0.7350388232805358, 'lag_27': 0.8045384585625551, 'lag_28': 0.7545933814918212}. Best is trial 61 with value: 0.0025555521088441455.
[I 2025-09-29 13:09:43,840] Trial 78 finished with value: 0.003653924310631328 and parameters: {'lag_0': 0.3583119262040756, 'lag_1': 0.37532541501830724, 'lag_2': 0.22179939158952025, 'lag_3': 0.42360876968776146, 'lag_4': 0.14781019610872725, 'lag_5': 0.34706747300452023, 'lag_6': 0.2147161679754086, 'lag_7': 0.8532709262680971, 'lag_8': 0.1193717461670457, 'lag_9': 0.8973717406123897, 'lag_10': 0.7290744201229704, 'lag_11': 0.5646266791090515, 'lag_12': 0.43189792592264775, 'lag_13': 0.38114095576480495, 'lag_14': 0.06743869788896155, 'lag_15': 0.11309092695410981, 'lag_16': 0.030508770106446967, 'lag_17': 0.5600197970465034, 'lag_18': 0.45523081244957186, 'lag_19': 0.17877475851421798, 'lag_20': 0.7460365215304574, 'lag_21': 0.6362088850926293, 'lag_22': 0.5142238597814621, 'lag_23': 0.20174400008261661, 'lag_24': 0.762844038244992, 'lag_25': 0.6356341771963288, 'lag_26': 0.5196400032565397, 'lag_27': 0.847121836898875, 'lag_28': 0.37720166194588156}. Best is trial 61 with value: 0.0025555521088441455.
[I 2025-09-29 13:09:46,253] Trial 79 finished with value: 0.003876588213942201 and parameters: {'lag_0': 0.32123881598543985, 'lag_1': 0.6942845349397745, 'lag_2': 0.10290145691705843, 'lag_3': 0.38441744401326955, 'lag_4': 0.2698328642852854, 'lag_5': 0.47315685016824893, 'lag_6': 0.6660864604118192, 'lag_7': 0.39586957089531327, 'lag_8': 0.4032298895326429, 'lag_9': 0.7866963808556966, 'lag_10': 0.8388568041829629, 'lag_11': 0.27613370166499035, 'lag_12': 0.6925904263019582, 'lag_13': 0.8002544834431073, 'lag_14': 0.35950446357936044, 'lag_15': 0.19017427402052034, 'lag_16': 0.46808821081118346, 'lag_17': 0.4260555208921424, 'lag_18': 0.371631944043906, 'lag_19': 0.42404449074757883, 'lag_20': 0.5214767111016018, 'lag_21': 0.1307198519694012, 'lag_22': 0.7748136671971327, 'lag_23': 0.09407961270881779, 'lag_24': 0.7190651236663178, 'lag_25': 0.9261377603637545, 'lag_26': 0.8713047406821922, 'lag_27': 0.42804200604425596, 'lag_28': 0.4715972596125273}. Best is trial 61 with value: 0.0025555521088441455.
[I 2025-09-29 13:09:48,676] Trial 80 finished with value: 0.0026951367749992357 and parameters: {'lag_0': 0.5649881700864247, 'lag_1': 0.4348922519804686, 'lag_2': 0.5554662028435873, 'lag_3': 0.048471744124398856, 'lag_4': 0.060340849587237885, 'lag_5': 0.5038732612385539, 'lag_6': 0.07983482194789551, 'lag_7': 0.5069584092335798, 'lag_8': 0.48122273017811085, 'lag_9': 0.7294294386498533, 'lag_10': 0.5107721619300839, 'lag_11': 0.39448070601205265, 'lag_12': 0.5628929668820022, 'lag_13': 0.29527982368245154, 'lag_14': 0.09892161795226188, 'lag_15': 0.3202338747869552, 'lag_16': 0.19450119651216902, 'lag_17': 0.627040243288613, 'lag_18': 0.49938113589924527, 'lag_19': 0.7852693290355903, 'lag_20': 0.814719679410234, 'lag_21': 0.5233587792486886, 'lag_22': 0.43815815435859995, 'lag_23': 0.0003992262567050222, 'lag_24': 0.43495760947573037, 'lag_25': 0.964545328646519, 'lag_26': 0.6185974781318369, 'lag_27': 0.8863979391525066, 'lag_28': 0.6983473099664514}. Best is trial 61 with value: 0.0025555521088441455.
[I 2025-09-29 13:09:51,095] Trial 81 finished with value: 0.0033721213742242766 and parameters: {'lag_0': 0.5604141136099712, 'lag_1': 0.42720894365396067, 'lag_2': 0.6211918244774451, 'lag_3': 0.0641202497279483, 'lag_4': 0.035413419380923364, 'lag_5': 0.5136836137018403, 'lag_6': 0.034054692993147284, 'lag_7': 0.5669701865509702, 'lag_8': 0.50594539502692, 'lag_9': 0.7279655128787281, 'lag_10': 0.5027835602110868, 'lag_11': 0.40886583763087414, 'lag_12': 0.5572137391280814, 'lag_13': 0.11290200195603983, 'lag_14': 0.09315045123862525, 'lag_15': 0.29309776484444383, 'lag_16': 0.2632545224483883, 'lag_17': 0.608338640946874, 'lag_18': 0.500558551496906, 'lag_19': 0.9371297787806474, 'lag_20': 0.7972808534021445, 'lag_21': 0.5167816870915091, 'lag_22': 0.30823751179013203, 'lag_23': 0.019805159128137732, 'lag_24': 0.15383900124018587, 'lag_25': 0.9060446635914025, 'lag_26': 0.6377183346596746, 'lag_27': 0.8886981218117841, 'lag_28': 0.6981862028887138}. Best is trial 61 with value: 0.0025555521088441455.
