2025-09-29 11:51:57,582 - distributed.nanny - INFO -         Start Nanny at: 'tcp://192.168.86.108:45070'
2025-09-29 11:51:58,918 - distributed.worker - INFO -       Start worker at: tcp://192.168.86.108:46558
2025-09-29 11:51:58,918 - distributed.worker - INFO -          Listening to: tcp://192.168.86.108:46558
2025-09-29 11:51:58,918 - distributed.worker - INFO -           Worker name:            SLURMCluster-15
2025-09-29 11:51:58,918 - distributed.worker - INFO -          dashboard at:       192.168.86.108:34232
2025-09-29 11:51:58,919 - distributed.worker - INFO - Waiting to connect to: tcp://192.168.86.101:45699
2025-09-29 11:51:58,919 - distributed.worker - INFO - -------------------------------------------------
2025-09-29 11:51:58,919 - distributed.worker - INFO -               Threads:                          1
2025-09-29 11:51:58,919 - distributed.worker - INFO -                Memory:                   9.31 GiB
2025-09-29 11:51:58,919 - distributed.worker - INFO -       Local Directory: /home1/zrentala/dask-worker-space/dask-scratch-space/worker-46os8owt
2025-09-29 11:51:58,919 - distributed.worker - INFO - -------------------------------------------------
2025-09-29 11:51:59,349 - distributed.worker - INFO - Starting Worker plugin shuffle
2025-09-29 11:51:59,350 - distributed.worker - INFO -         Registered to: tcp://192.168.86.101:45699
2025-09-29 11:51:59,350 - distributed.worker - INFO - -------------------------------------------------
2025-09-29 11:51:59,350 - distributed.core - INFO - Starting established connection to tcp://192.168.86.101:45699
[I 2025-09-29 11:51:59,466] A new study created in memory with name: no-name-9431b8c4-5246-4353-84a1-943548819dbf
[I 2025-09-29 11:52:01,838] Trial 0 finished with value: 0.023297125347477965 and parameters: {'lag_0': 0.8842173704183849, 'lag_1': 0.19947934273129453, 'lag_2': 0.14705656800610595, 'lag_3': 0.8561889672152916, 'lag_4': 0.8656970936965296, 'lag_5': 0.30543304467080346, 'lag_6': 0.16617740742274054, 'lag_7': 0.6999749330059459, 'lag_8': 0.12632649474475252, 'lag_9': 0.3960745851915674, 'lag_10': 0.4092683428937496, 'lag_11': 0.6935403387701105, 'lag_12': 0.3260480696586696, 'lag_13': 0.8022086908124844, 'lag_14': 0.7246669427480582, 'lag_15': 0.11068760788171136, 'lag_16': 0.29171737571939516, 'lag_17': 0.9334451691809098, 'lag_18': 0.817607210424012, 'lag_19': 0.1251466997859749, 'lag_20': 0.2420954193553438, 'lag_21': 0.7257451220164715, 'lag_22': 0.18370893404428573, 'lag_23': 0.08224622206178613, 'lag_24': 0.7848804888989808, 'lag_25': 0.8168993938515104, 'lag_26': 0.007386299376348957, 'lag_27': 0.8262981434595644, 'lag_28': 0.20590691522573357}. Best is trial 0 with value: 0.023297125347477965.
[I 2025-09-29 11:52:04,187] Trial 1 finished with value: 0.02306799158727315 and parameters: {'lag_0': 0.5336708308162261, 'lag_1': 0.7622992667740641, 'lag_2': 0.28540418578269483, 'lag_3': 0.2536054237061911, 'lag_4': 0.18420636589152165, 'lag_5': 0.9330695353281597, 'lag_6': 0.457898982236911, 'lag_7': 0.2263407506919977, 'lag_8': 0.8948941205223628, 'lag_9': 0.22378425944188632, 'lag_10': 0.5409760816422873, 'lag_11': 0.18632847652060644, 'lag_12': 0.6951177820040473, 'lag_13': 0.8330883941912763, 'lag_14': 0.1500444240938636, 'lag_15': 0.7441570662742483, 'lag_16': 0.5898263013234627, 'lag_17': 0.1468363723772917, 'lag_18': 0.34558710339847337, 'lag_19': 0.3257747562899703, 'lag_20': 0.589273367280018, 'lag_21': 0.9735227042714073, 'lag_22': 0.041458349337924166, 'lag_23': 0.7000158937692479, 'lag_24': 0.21019942476555514, 'lag_25': 0.4112958732985425, 'lag_26': 0.1374887866362412, 'lag_27': 0.35299070397476534, 'lag_28': 0.031575354268528436}. Best is trial 1 with value: 0.02306799158727315.
[I 2025-09-29 11:52:06,530] Trial 2 finished with value: 0.02291073823297459 and parameters: {'lag_0': 0.293993653035984, 'lag_1': 0.9517909144364267, 'lag_2': 0.8093916755263216, 'lag_3': 0.74117055602452, 'lag_4': 0.24326036675980328, 'lag_5': 0.5870715177249741, 'lag_6': 0.5083110149827257, 'lag_7': 0.7212325975187759, 'lag_8': 0.7945637463161858, 'lag_9': 0.711128921372265, 'lag_10': 0.2665017960177752, 'lag_11': 0.19975482759375945, 'lag_12': 0.6738870523349451, 'lag_13': 0.3123241733114413, 'lag_14': 0.972798864094613, 'lag_15': 0.5144466753247289, 'lag_16': 0.12089829540140537, 'lag_17': 0.8378374089609355, 'lag_18': 0.03837915104010166, 'lag_19': 0.04927271685056496, 'lag_20': 0.29979746551189207, 'lag_21': 0.46525134924635037, 'lag_22': 0.9064279589335913, 'lag_23': 0.01718648114500454, 'lag_24': 0.9007615888694037, 'lag_25': 0.13675236908066826, 'lag_26': 0.3366492249976938, 'lag_27': 0.008130764795462497, 'lag_28': 0.7824933012048654}. Best is trial 2 with value: 0.02291073823297459.
[I 2025-09-29 11:52:08,861] Trial 3 finished with value: 0.02339230500460189 and parameters: {'lag_0': 0.16721433908098143, 'lag_1': 0.9124954012071963, 'lag_2': 0.17021232211776613, 'lag_3': 0.08527721119711813, 'lag_4': 0.5531757716345971, 'lag_5': 0.6386427880350303, 'lag_6': 0.4185331644363549, 'lag_7': 0.388636681308307, 'lag_8': 0.08941652088876575, 'lag_9': 0.8166061614864781, 'lag_10': 0.14244679472888816, 'lag_11': 0.8590228275632, 'lag_12': 0.41868209426148717, 'lag_13': 0.14057841311818606, 'lag_14': 0.5999516550544477, 'lag_15': 0.8111045804764693, 'lag_16': 0.301673997126866, 'lag_17': 0.3323474501319029, 'lag_18': 0.047699114548526524, 'lag_19': 0.09302789839556212, 'lag_20': 0.09324243684886994, 'lag_21': 0.6053805721789243, 'lag_22': 0.12016482870770151, 'lag_23': 0.8859100815785166, 'lag_24': 0.8353653433847285, 'lag_25': 0.4510672574658094, 'lag_26': 0.39854672090719206, 'lag_27': 0.9918085175942201, 'lag_28': 0.2772938172697185}. Best is trial 2 with value: 0.02291073823297459.
[I 2025-09-29 11:52:11,197] Trial 4 finished with value: 0.023456904919743993 and parameters: {'lag_0': 0.015882632854480116, 'lag_1': 0.46533244262313933, 'lag_2': 0.06585168296988364, 'lag_3': 0.3306210664970405, 'lag_4': 0.5274627466042936, 'lag_5': 0.3823459293120125, 'lag_6': 0.7087941055066038, 'lag_7': 0.340300703822143, 'lag_8': 0.1891933873044925, 'lag_9': 0.025039921167934756, 'lag_10': 0.9647295144353715, 'lag_11': 0.32628346683843673, 'lag_12': 0.4020803867909835, 'lag_13': 0.016040786236202267, 'lag_14': 0.9538749004655639, 'lag_15': 0.1496333391972988, 'lag_16': 0.3375171907747612, 'lag_17': 0.44218655978232335, 'lag_18': 0.1981699110905682, 'lag_19': 0.7729989119405933, 'lag_20': 0.2599181942158065, 'lag_21': 0.2205719436552823, 'lag_22': 0.8778674644094625, 'lag_23': 0.7316151911846835, 'lag_24': 0.18078934524256116, 'lag_25': 0.3707983960611061, 'lag_26': 0.179206411202298, 'lag_27': 0.9519017314322915, 'lag_28': 0.5266332440656645}. Best is trial 2 with value: 0.02291073823297459.
[I 2025-09-29 11:52:13,547] Trial 5 finished with value: 0.02299478720146154 and parameters: {'lag_0': 0.26365930534119786, 'lag_1': 0.6818474728086654, 'lag_2': 0.7326434019327625, 'lag_3': 0.9382687649268666, 'lag_4': 0.723116583151677, 'lag_5': 0.1728447373003814, 'lag_6': 0.41985369230031394, 'lag_7': 0.47023051106870045, 'lag_8': 0.6278019657608802, 'lag_9': 0.3092889639908819, 'lag_10': 0.794471895326129, 'lag_11': 0.21423922692106837, 'lag_12': 0.29754651006171673, 'lag_13': 0.669489950392539, 'lag_14': 0.3056440971143125, 'lag_15': 0.9049470201704332, 'lag_16': 0.540377003219386, 'lag_17': 0.3785740858066894, 'lag_18': 0.7019775904759726, 'lag_19': 0.38821834652386206, 'lag_20': 0.2637556653670366, 'lag_21': 0.5598891656747433, 'lag_22': 0.21346239992259083, 'lag_23': 0.7906384544087609, 'lag_24': 0.734799239126197, 'lag_25': 0.39241141788406203, 'lag_26': 0.5310116367747952, 'lag_27': 0.00928631376106236, 'lag_28': 0.980837342462878}. Best is trial 2 with value: 0.02291073823297459.
[I 2025-09-29 11:52:15,881] Trial 6 finished with value: 0.023247013404274396 and parameters: {'lag_0': 0.7608643353181181, 'lag_1': 0.5319875456520922, 'lag_2': 0.07931579443132741, 'lag_3': 0.14921493848032222, 'lag_4': 0.24566124325053906, 'lag_5': 0.7163814886737514, 'lag_6': 0.08350440891037471, 'lag_7': 0.8343072841664055, 'lag_8': 0.468150149815404, 'lag_9': 0.4189125684173655, 'lag_10': 0.6462894166011041, 'lag_11': 0.9383570730268559, 'lag_12': 0.3067892976960342, 'lag_13': 0.7195670817615902, 'lag_14': 0.6254441138463107, 'lag_15': 0.6105389893650011, 'lag_16': 0.7493970460130327, 'lag_17': 0.02328939563590306, 'lag_18': 0.050864360647510265, 'lag_19': 0.4923195105350059, 'lag_20': 0.47305275420076703, 'lag_21': 0.40798226615291333, 'lag_22': 0.882930074213619, 'lag_23': 0.29610489862949957, 'lag_24': 0.3574328127810855, 'lag_25': 0.08062594099087696, 'lag_26': 0.6089418993337034, 'lag_27': 0.04826602896719812, 'lag_28': 0.35982176364358215}. Best is trial 2 with value: 0.02291073823297459.
[I 2025-09-29 11:52:18,213] Trial 7 finished with value: 0.023290348623089884 and parameters: {'lag_0': 0.9638191587016159, 'lag_1': 0.5946511091401826, 'lag_2': 0.09245278913851115, 'lag_3': 0.9720174163216455, 'lag_4': 0.40547807066245806, 'lag_5': 0.9219694622332282, 'lag_6': 0.1451105714959015, 'lag_7': 0.33007598581014874, 'lag_8': 0.8347544050047662, 'lag_9': 0.9754403421439725, 'lag_10': 0.6062760579659954, 'lag_11': 0.8326815684638837, 'lag_12': 0.749978596697943, 'lag_13': 0.8799030646752375, 'lag_14': 0.47253640875967134, 'lag_15': 0.44699795042545404, 'lag_16': 0.8343422641323214, 'lag_17': 0.013244427881747034, 'lag_18': 0.9282837846212034, 'lag_19': 0.5356208956535591, 'lag_20': 0.0052224570091019586, 'lag_21': 0.11353503465608902, 'lag_22': 0.7741054345281351, 'lag_23': 0.754761019717568, 'lag_24': 0.2561295127708332, 'lag_25': 0.5427638214810225, 'lag_26': 0.6335086669575378, 'lag_27': 0.39319159274141047, 'lag_28': 0.564384911335927}. Best is trial 2 with value: 0.02291073823297459.
[I 2025-09-29 11:52:20,547] Trial 8 finished with value: 0.022955414568666448 and parameters: {'lag_0': 0.5676821410093997, 'lag_1': 0.6760440155864221, 'lag_2': 0.8730804142362921, 'lag_3': 0.7477149219973919, 'lag_4': 0.14456014315260515, 'lag_5': 0.22695347256011064, 'lag_6': 0.6810896273313573, 'lag_7': 0.958875414560649, 'lag_8': 0.8227943765433255, 'lag_9': 0.2513806039189025, 'lag_10': 0.6111022787750339, 'lag_11': 0.3422944444144279, 'lag_12': 0.29797148335541623, 'lag_13': 0.953136409259998, 'lag_14': 0.7224979643369619, 'lag_15': 0.939420575315092, 'lag_16': 0.5016287696732464, 'lag_17': 0.15388312875633406, 'lag_18': 0.8019872470624725, 'lag_19': 0.23075432497506337, 'lag_20': 0.9431688665146518, 'lag_21': 0.4385353886078228, 'lag_22': 0.29846685548342733, 'lag_23': 0.18305282506717674, 'lag_24': 0.3980677802438964, 'lag_25': 0.26453166391910155, 'lag_26': 0.5414911386703085, 'lag_27': 0.8873647983384989, 'lag_28': 0.06036241979980091}. Best is trial 2 with value: 0.02291073823297459.
[I 2025-09-29 11:52:22,890] Trial 9 finished with value: 0.023032815609224766 and parameters: {'lag_0': 0.6967117317465366, 'lag_1': 0.8711996918668918, 'lag_2': 0.9184488314652601, 'lag_3': 0.9745204161926758, 'lag_4': 0.26375094457968057, 'lag_5': 0.14621615785348327, 'lag_6': 0.867842027151213, 'lag_7': 0.48310882027720703, 'lag_8': 0.5148622651763841, 'lag_9': 0.36881508464531, 'lag_10': 0.6992083866786833, 'lag_11': 0.24892305009050958, 'lag_12': 0.25055743464078667, 'lag_13': 0.37682616736960656, 'lag_14': 0.9212393842249788, 'lag_15': 0.9214969671759219, 'lag_16': 0.8991717769145386, 'lag_17': 0.9052552218093863, 'lag_18': 0.09139247059802165, 'lag_19': 0.3157358782083788, 'lag_20': 0.04759966770593135, 'lag_21': 0.2885506400646219, 'lag_22': 0.298702525865681, 'lag_23': 0.7340662141587331, 'lag_24': 0.2339348743767373, 'lag_25': 0.4945674037620195, 'lag_26': 0.8557129730385152, 'lag_27': 0.224846546266484, 'lag_28': 0.06557301036851274}. Best is trial 2 with value: 0.02291073823297459.
[I 2025-09-29 11:52:25,289] Trial 10 finished with value: 0.023447357321858753 and parameters: {'lag_0': 0.31500521720845637, 'lag_1': 0.025159615555329973, 'lag_2': 0.5719931468974928, 'lag_3': 0.5852456675538372, 'lag_4': 0.01728140369814568, 'lag_5': 0.5112870851356405, 'lag_6': 0.9915251516921595, 'lag_7': 0.6668826806416296, 'lag_8': 0.6831728217398718, 'lag_9': 0.6615035684238043, 'lag_10': 0.015595246329393686, 'lag_11': 0.06284579445725941, 'lag_12': 0.9887040280148078, 'lag_13': 0.3779689810418558, 'lag_14': 0.06882629640612553, 'lag_15': 0.37734503285574783, 'lag_16': 0.013147796719802707, 'lag_17': 0.6811431947617319, 'lag_18': 0.40236750418416267, 'lag_19': 0.9383792871067065, 'lag_20': 0.6539982557286051, 'lag_21': 0.02032309326817283, 'lag_22': 0.6224588395010295, 'lag_23': 0.41752438441491746, 'lag_24': 0.9909789218222353, 'lag_25': 0.020970091533744073, 'lag_26': 0.324581053257227, 'lag_27': 0.6421521750373187, 'lag_28': 0.8566287528986214}. Best is trial 2 with value: 0.02291073823297459.
[I 2025-09-29 11:52:27,693] Trial 11 finished with value: 0.023349870359062115 and parameters: {'lag_0': 0.4964188314904424, 'lag_1': 0.9694446747473509, 'lag_2': 0.9459766166483632, 'lag_3': 0.6758215605688617, 'lag_4': 0.010532829161643609, 'lag_5': 0.4989480988663146, 'lag_6': 0.6508862802890677, 'lag_7': 0.9604390973537518, 'lag_8': 0.7974546714375677, 'lag_9': 0.6234073094300011, 'lag_10': 0.34161903045589714, 'lag_11': 0.459861874831364, 'lag_12': 0.0038638496951829415, 'lag_13': 0.5051264589758109, 'lag_14': 0.8122902884496449, 'lag_15': 0.6140295094454313, 'lag_16': 0.052844431821872026, 'lag_17': 0.7435438674503463, 'lag_18': 0.6274658839852405, 'lag_19': 0.045643342575817036, 'lag_20': 0.8743353408616088, 'lag_21': 0.41483077059455364, 'lag_22': 0.4230613218019611, 'lag_23': 0.0363995255201708, 'lag_24': 0.5013838682337612, 'lag_25': 0.1979319489282463, 'lag_26': 0.787849659979074, 'lag_27': 0.649095649749958, 'lag_28': 0.7476221565441785}. Best is trial 2 with value: 0.02291073823297459.
[I 2025-09-29 11:52:30,192] Trial 12 finished with value: 0.02316812460586015 and parameters: {'lag_0': 0.4712729023571426, 'lag_1': 0.37885265451015104, 'lag_2': 0.7434279826132695, 'lag_3': 0.7604162495212066, 'lag_4': 0.3676267226989455, 'lag_5': 0.011292430923136837, 'lag_6': 0.6366715263833828, 'lag_7': 0.9947563089847097, 'lag_8': 0.9981452683371947, 'lag_9': 0.09256217098661307, 'lag_10': 0.2747036105527523, 'lag_11': 0.49123499599640835, 'lag_12': 0.5933289939946935, 'lag_13': 0.2382865693667729, 'lag_14': 0.9972474934190857, 'lag_15': 0.2811365167592119, 'lag_16': 0.42305436273563535, 'lag_17': 0.6311378348461041, 'lag_18': 0.9920967669824671, 'lag_19': 0.1922079679282182, 'lag_20': 0.9988040957953526, 'lag_21': 0.7421548916889706, 'lag_22': 0.5373202361326236, 'lag_23': 0.21453651081885985, 'lag_24': 0.5437144320084331, 'lag_25': 0.23394340064259375, 'lag_26': 0.36710421191223935, 'lag_27': 0.6460542823182985, 'lag_28': 0.7068438931319232}. Best is trial 2 with value: 0.02291073823297459.
[I 2025-09-29 11:52:32,594] Trial 13 finished with value: 0.02333124310695072 and parameters: {'lag_0': 0.6341873366085525, 'lag_1': 0.7445247635987904, 'lag_2': 0.755762238726048, 'lag_3': 0.4952666766161752, 'lag_4': 0.13570970500608168, 'lag_5': 0.7191657319537161, 'lag_6': 0.27412048470544415, 'lag_7': 0.007284817663590626, 'lag_8': 0.6827953302619678, 'lag_9': 0.5851118272537932, 'lag_10': 0.2100626281835682, 'lag_11': 0.01773312234355562, 'lag_12': 0.87440660163507, 'lag_13': 0.9741237506382054, 'lag_14': 0.7964346749116802, 'lag_15': 0.006506195660019309, 'lag_16': 0.1790778896665531, 'lag_17': 0.24203942011398505, 'lag_18': 0.5534807086603761, 'lag_19': 0.0019996894052526915, 'lag_20': 0.42417390066909644, 'lag_21': 0.3298242584064117, 'lag_22': 0.9938817389178913, 'lag_23': 0.2285873664467763, 'lag_24': 0.008671121113361435, 'lag_25': 0.21090820291616286, 'lag_26': 0.6933283061380421, 'lag_27': 0.17018469902321715, 'lag_28': 0.44431311596932815}. Best is trial 2 with value: 0.02291073823297459.
[I 2025-09-29 11:52:34,990] Trial 14 finished with value: 0.023218290495594554 and parameters: {'lag_0': 0.36441811283886416, 'lag_1': 0.8338082035006238, 'lag_2': 0.5235622208919782, 'lag_3': 0.4496499714607661, 'lag_4': 0.3506253140001131, 'lag_5': 0.3327599688437338, 'lag_6': 0.7450976278668169, 'lag_7': 0.7094599390420796, 'lag_8': 0.3803389633849388, 'lag_9': 0.7615595610583303, 'lag_10': 0.47405824138282726, 'lag_11': 0.3996958392747989, 'lag_12': 0.12186766923431974, 'lag_13': 0.5518071467785848, 'lag_14': 0.45559454232214275, 'lag_15': 0.9955962485170943, 'lag_16': 0.6616797448818841, 'lag_17': 0.5704755691385993, 'lag_18': 0.2791055837181563, 'lag_19': 0.22828270902663267, 'lag_20': 0.7581746856907172, 'lag_21': 0.49330358096607857, 'lag_22': 0.6809050128890979, 'lag_23': 0.0031748873289756396, 'lag_24': 0.6231518028378389, 'lag_25': 0.6849650812637086, 'lag_26': 0.9750398476756549, 'lag_27': 0.5081572349814375, 'lag_28': 0.6596860396121262}. Best is trial 2 with value: 0.02291073823297459.
[I 2025-09-29 11:52:37,388] Trial 15 finished with value: 0.02314690600549655 and parameters: {'lag_0': 0.12592026672227838, 'lag_1': 0.9837863327987565, 'lag_2': 0.8610791994299472, 'lag_3': 0.7445896448395999, 'lag_4': 0.13292244436823886, 'lag_5': 0.5552941776080531, 'lag_6': 0.5652533481808892, 'lag_7': 0.8468794397347316, 'lag_8': 0.9651832948472503, 'lag_9': 0.19508055760766424, 'lag_10': 0.8149553307299541, 'lag_11': 0.5875942637968836, 'lag_12': 0.5789299343999266, 'lag_13': 0.34888737009093024, 'lag_14': 0.8386196725154298, 'lag_15': 0.6079506831528283, 'lag_16': 0.44091984272353385, 'lag_17': 0.7788474036288084, 'lag_18': 0.7782426991933038, 'lag_19': 0.5752555188559509, 'lag_20': 0.4347821881392495, 'lag_21': 0.6850385051192368, 'lag_22': 0.3846060104596207, 'lag_23': 0.5179235196492578, 'lag_24': 0.9995109359217372, 'lag_25': 0.12136573749147256, 'lag_26': 0.4417842180735141, 'lag_27': 0.7886886357841851, 'lag_28': 0.8813435600685969}. Best is trial 2 with value: 0.02291073823297459.
[I 2025-09-29 11:52:39,786] Trial 16 finished with value: 0.02313645607628454 and parameters: {'lag_0': 0.38293598409596386, 'lag_1': 0.6423619034201437, 'lag_2': 0.6417698105515689, 'lag_3': 0.6163064370404405, 'lag_4': 0.6491656939578425, 'lag_5': 0.1555761694026221, 'lag_6': 0.3102678015761009, 'lag_7': 0.8141731005134597, 'lag_8': 0.7256694345984567, 'lag_9': 0.8939173425557535, 'lag_10': 0.027199755519097812, 'lag_11': 0.11558109169267672, 'lag_12': 0.5378202798962977, 'lag_13': 0.18317856209938255, 'lag_14': 0.64812368047547, 'lag_15': 0.7155108356315626, 'lag_16': 0.1655931515760947, 'lag_17': 0.48909169867896995, 'lag_18': 0.47111691741835865, 'lag_19': 0.2158728984534748, 'lag_20': 0.7684288987486217, 'lag_21': 0.8625832085497005, 'lag_22': 0.5029665639084704, 'lag_23': 0.1631764093876264, 'lag_24': 0.3916848961200988, 'lag_25': 0.29220725634316363, 'lag_26': 0.23375110790899523, 'lag_27': 0.48485201863353555, 'lag_28': 0.13306943330260948}. Best is trial 2 with value: 0.02291073823297459.
[I 2025-09-29 11:52:42,188] Trial 17 finished with value: 0.023631033561140997 and parameters: {'lag_0': 0.6342210226393288, 'lag_1': 0.338033205126077, 'lag_2': 0.36540588318067724, 'lag_3': 0.7826356132071818, 'lag_4': 0.4417596555131765, 'lag_5': 0.7925591157048951, 'lag_6': 0.8342260518854394, 'lag_7': 0.6425509860702521, 'lag_8': 0.5466442701068132, 'lag_9': 0.5103445902895309, 'lag_10': 0.41126753021227286, 'lag_11': 0.36411428176801974, 'lag_12': 0.7102764322556665, 'lag_13': 0.6248203001274546, 'lag_14': 0.724026332727044, 'lag_15': 0.31347089695354063, 'lag_16': 0.16502694115382122, 'lag_17': 0.18559742401496102, 'lag_18': 0.2095674878929723, 'lag_19': 0.4046409093429437, 'lag_20': 0.17248596545985684, 'lag_21': 0.4749127581875047, 'lag_22': 0.3240254043646117, 'lag_23': 0.41467850616778323, 'lag_24': 0.6266246620596422, 'lag_25': 0.9820560756911195, 'lag_26': 0.2766649108777337, 'lag_27': 0.24464383124356193, 'lag_28': 0.36231327450065104}. Best is trial 2 with value: 0.02291073823297459.
[I 2025-09-29 11:52:44,590] Trial 18 finished with value: 0.02288732968665783 and parameters: {'lag_0': 0.24289298650408334, 'lag_1': 0.7922727989258488, 'lag_2': 0.998299155728418, 'lag_3': 0.4098629325193726, 'lag_4': 0.2728870135524511, 'lag_5': 0.3989993691118784, 'lag_6': 0.5474684775642904, 'lag_7': 0.573859278903527, 'lag_8': 0.3070713004824724, 'lag_9': 0.7440660449059038, 'lag_10': 0.1342831728691889, 'lag_11': 0.6770859429308399, 'lag_12': 0.20305752279948908, 'lag_13': 0.3024233578556602, 'lag_14': 0.8578015031937531, 'lag_15': 0.5219203107220988, 'lag_16': 0.47778987395664774, 'lag_17': 0.8436455310647977, 'lag_18': 0.8484319666111872, 'lag_19': 0.6575595447415166, 'lag_20': 0.3508266337671741, 'lag_21': 0.2431628774207688, 'lag_22': 0.6255278629200929, 'lag_23': 0.12440054575369988, 'lag_24': 0.8556516824847975, 'lag_25': 0.605994639314366, 'lag_26': 0.5245707303100812, 'lag_27': 0.7952616731789458, 'lag_28': 0.6416304990648872}. Best is trial 18 with value: 0.02288732968665783.
[I 2025-09-29 11:52:46,987] Trial 19 finished with value: 0.023435270953968808 and parameters: {'lag_0': 0.2094421786507153, 'lag_1': 0.8079286313284313, 'lag_2': 0.978339969754938, 'lag_3': 0.3939577619739139, 'lag_4': 0.28640855739852544, 'lag_5': 0.42099978171989094, 'lag_6': 0.5464948146263318, 'lag_7': 0.5789717015481917, 'lag_8': 0.273442588948588, 'lag_9': 0.7308985063334247, 'lag_10': 0.09370339759605723, 'lag_11': 0.6272158053194431, 'lag_12': 0.13160217642466482, 'lag_13': 0.2850961121294007, 'lag_14': 0.8893607826826522, 'lag_15': 0.5267819025523814, 'lag_16': 0.9997151571180292, 'lag_17': 0.8448552881831861, 'lag_18': 0.5767670370695419, 'lag_19': 0.6961447279131796, 'lag_20': 0.3251011982441059, 'lag_21': 0.1765071291758391, 'lag_22': 0.7398609038287898, 'lag_23': 0.5876397523917787, 'lag_24': 0.8718693346263757, 'lag_25': 0.6138408883345395, 'lag_26': 0.06549122954695269, 'lag_27': 0.7359561266372531, 'lag_28': 0.6180557083542696}. Best is trial 18 with value: 0.02288732968665783.
