[I 2025-09-29 13:26:15,843] Trial 87 finished with value: 0.007734532828469004 and parameters: {'lag_0': 0.37261572194564296, 'lag_1': 0.29702528994034083, 'lag_2': 0.5789457964214723, 'lag_3': 0.30614315083102517, 'lag_4': 0.7488675096909079, 'lag_5': 0.5839429385808333, 'lag_6': 0.40530910177138646, 'lag_7': 0.39925909206335264, 'lag_8': 0.7986253066758805, 'lag_9': 0.02648547272873035, 'lag_10': 0.8263100875120639, 'lag_11': 0.19005312435660962, 'lag_12': 0.7645992327732641, 'lag_13': 0.08348635278450345, 'lag_14': 0.49477387979847154, 'lag_15': 0.5327084669036346, 'lag_16': 0.8179564683602952, 'lag_17': 0.4191338030243481, 'lag_18': 0.7725696532173187, 'lag_19': 0.9612912097008297, 'lag_20': 0.5133424170684887, 'lag_21': 0.02080888282583534, 'lag_22': 0.47236337987686156, 'lag_23': 0.3555068026009702, 'lag_24': 0.9683530133081879, 'lag_25': 0.7417350009967345, 'lag_26': 0.46178798363493906, 'lag_27': 0.42660168253535996, 'lag_28': 0.6586564360289794}. Best is trial 12 with value: 0.007112476563566757.
[I 2025-09-29 13:26:18,442] Trial 88 finished with value: 0.00752453875669435 and parameters: {'lag_0': 0.9040060173156061, 'lag_1': 0.6075059810809742, 'lag_2': 0.045736206522650535, 'lag_3': 0.6854153684547123, 'lag_4': 0.822166378662248, 'lag_5': 0.7461374811726158, 'lag_6': 0.4762307192574212, 'lag_7': 0.8418564078325654, 'lag_8': 0.03125117194931665, 'lag_9': 0.7949852460641568, 'lag_10': 0.009890277179396167, 'lag_11': 0.034981628289714434, 'lag_12': 0.7090642888808305, 'lag_13': 0.05618296385490954, 'lag_14': 0.39752025962101256, 'lag_15': 0.3468990051226554, 'lag_16': 0.7370714299870158, 'lag_17': 0.37299865220692896, 'lag_18': 0.8932722664876649, 'lag_19': 0.628447013044817, 'lag_20': 0.5894209674296247, 'lag_21': 0.053207292408818475, 'lag_22': 0.5448164270605756, 'lag_23': 0.7660128832806941, 'lag_24': 0.7435576464680345, 'lag_25': 0.5178570048115241, 'lag_26': 0.12834356244319436, 'lag_27': 0.5921655916953291, 'lag_28': 0.49306234993753467}. Best is trial 12 with value: 0.007112476563566757.
[I 2025-09-29 13:26:21,043] Trial 89 finished with value: 0.00797452025168548 and parameters: {'lag_0': 0.29310068784218474, 'lag_1': 0.5303217539190078, 'lag_2': 0.22825004805462823, 'lag_3': 0.5864008163754838, 'lag_4': 0.6403108224741594, 'lag_5': 0.5316780032885586, 'lag_6': 0.4448913755606043, 'lag_7': 0.5320515855768374, 'lag_8': 0.09801159796566089, 'lag_9': 0.2964927019405945, 'lag_10': 0.5587589354514475, 'lag_11': 0.34109204948023475, 'lag_12': 0.42773295412378354, 'lag_13': 0.011490837266635346, 'lag_14': 0.35990300544892595, 'lag_15': 0.5093400684212365, 'lag_16': 0.5619907669365267, 'lag_17': 0.10822426076551617, 'lag_18': 0.808158422862329, 'lag_19': 0.7137302094299951, 'lag_20': 0.2756843018214609, 'lag_21': 0.13121319360339062, 'lag_22': 0.5916955253327522, 'lag_23': 0.556608342162561, 'lag_24': 0.9367342718831179, 'lag_25': 0.3374538247364303, 'lag_26': 0.17214756572355247, 'lag_27': 0.35244776594447136, 'lag_28': 0.07780947468347449}. Best is trial 12 with value: 0.007112476563566757.
[I 2025-09-29 13:26:23,819] Trial 90 finished with value: 0.007751692002727495 and parameters: {'lag_0': 0.15755143856730208, 'lag_1': 0.26436598354418067, 'lag_2': 0.702977268777538, 'lag_3': 0.1263116258517838, 'lag_4': 0.6816804993951419, 'lag_5': 0.2111865785406743, 'lag_6': 0.18142592823176773, 'lag_7': 0.6869960081672866, 'lag_8': 0.531607090333445, 'lag_9': 0.067871595424001, 'lag_10': 0.6225034984422595, 'lag_11': 0.08373940986935444, 'lag_12': 0.8724698695644086, 'lag_13': 0.16163393294006762, 'lag_14': 0.2022784130396566, 'lag_15': 0.30166849175555477, 'lag_16': 0.43356751528652554, 'lag_17': 0.7417693151859073, 'lag_18': 0.6318111655471531, 'lag_19': 0.5979173713147057, 'lag_20': 0.3803744098814462, 'lag_21': 0.2128247252710907, 'lag_22': 0.05566671557773474, 'lag_23': 0.44668451101821505, 'lag_24': 0.47813793812531413, 'lag_25': 0.633154013377382, 'lag_26': 0.03695681659335352, 'lag_27': 0.8214009690474374, 'lag_28': 0.8042367770128839}. Best is trial 12 with value: 0.007112476563566757.
[I 2025-09-29 13:26:26,426] Trial 91 finished with value: 0.007445142285624103 and parameters: {'lag_0': 0.6720664309268871, 'lag_1': 0.28648768736356406, 'lag_2': 0.4653906349460738, 'lag_3': 0.7691114845281735, 'lag_4': 0.7185443286474835, 'lag_5': 0.8446620181754556, 'lag_6': 0.021695513775875995, 'lag_7': 0.15099222844638202, 'lag_8': 0.33583632349227893, 'lag_9': 0.055316096654719774, 'lag_10': 0.2309540632339607, 'lag_11': 0.3925241176168857, 'lag_12': 0.7992707892611167, 'lag_13': 0.1103068560328005, 'lag_14': 0.7162961645379398, 'lag_15': 0.2026876229696932, 'lag_16': 0.1467572600317616, 'lag_17': 0.18866478344048943, 'lag_18': 0.2791477665840736, 'lag_19': 0.7906735682457411, 'lag_20': 0.1439947452341752, 'lag_21': 0.20762581704158498, 'lag_22': 0.4159070986768123, 'lag_23': 0.22265091344676272, 'lag_24': 0.9133675758822373, 'lag_25': 0.7510098879536433, 'lag_26': 0.307516833803581, 'lag_27': 0.4698362080812302, 'lag_28': 0.23159363736057526}. Best is trial 12 with value: 0.007112476563566757.
[I 2025-09-29 13:26:29,030] Trial 92 finished with value: 0.007859406862090803 and parameters: {'lag_0': 0.6035469638084409, 'lag_1': 0.3350765996491231, 'lag_2': 0.45185635171330524, 'lag_3': 0.7992879824003312, 'lag_4': 0.5780167859247095, 'lag_5': 0.9460634087437367, 'lag_6': 0.09526489141769479, 'lag_7': 0.17431321724487595, 'lag_8': 0.39135218795311344, 'lag_9': 0.0005480695572575855, 'lag_10': 0.19298097500975525, 'lag_11': 0.4253875372413808, 'lag_12': 0.841395914075482, 'lag_13': 0.11509215994208535, 'lag_14': 0.6437154312976696, 'lag_15': 0.20446478221878642, 'lag_16': 0.08133369937169924, 'lag_17': 0.19429978775890058, 'lag_18': 0.20190572626892372, 'lag_19': 0.750556465349127, 'lag_20': 0.3376756249162757, 'lag_21': 0.34897232114419596, 'lag_22': 0.42249082540248306, 'lag_23': 0.1824448400435218, 'lag_24': 0.9160505240592751, 'lag_25': 0.7021124685865336, 'lag_26': 0.3362583339329952, 'lag_27': 0.37977152172539264, 'lag_28': 0.23127917411453178}. Best is trial 12 with value: 0.007112476563566757.
[I 2025-09-29 13:26:31,577] Trial 93 finished with value: 0.007587382247393792 and parameters: {'lag_0': 0.6739730111104785, 'lag_1': 0.36762067675607457, 'lag_2': 0.41262582196536446, 'lag_3': 0.842604341111105, 'lag_4': 0.8532192993303779, 'lag_5': 0.862644266231273, 'lag_6': 0.04655914970502769, 'lag_7': 0.02258373359950705, 'lag_8': 0.3634731062602464, 'lag_9': 0.10451523891164399, 'lag_10': 0.24489264528879423, 'lag_11': 0.39280301436960263, 'lag_12': 0.7947853117556414, 'lag_13': 0.20333575227173312, 'lag_14': 0.7214639362266013, 'lag_15': 0.041730124339469654, 'lag_16': 0.1543712779481535, 'lag_17': 0.13015804805439385, 'lag_18': 0.2569294656595266, 'lag_19': 0.820737143151689, 'lag_20': 0.13565769625937094, 'lag_21': 0.23846390552053415, 'lag_22': 0.5093833754400323, 'lag_23': 0.22245610141043962, 'lag_24': 0.11858060078982319, 'lag_25': 0.7394510451741976, 'lag_26': 0.09705259376059631, 'lag_27': 0.026832321566120587, 'lag_28': 0.28244868733494344}. Best is trial 12 with value: 0.007112476563566757.
[I 2025-09-29 13:26:34,102] Trial 94 finished with value: 0.007941439577392496 and parameters: {'lag_0': 0.5559411811513162, 'lag_1': 0.6487019986930833, 'lag_2': 0.38841766771682784, 'lag_3': 0.7761969067151268, 'lag_4': 0.5014864199008922, 'lag_5': 0.6590793651875212, 'lag_6': 0.005271539954249671, 'lag_7': 0.13205435711764685, 'lag_8': 0.13249759007344358, 'lag_9': 0.08514994633887929, 'lag_10': 0.2758150071988413, 'lag_11': 0.4556217047808857, 'lag_12': 0.45646032054061264, 'lag_13': 0.04320216728711679, 'lag_14': 0.69073452351621, 'lag_15': 0.14586115995651794, 'lag_16': 0.03742289122570114, 'lag_17': 0.21926047040224858, 'lag_18': 0.34874820564291226, 'lag_19': 0.7987130732682053, 'lag_20': 0.7064506127842569, 'lag_21': 0.2950475637367509, 'lag_22': 0.4879733100988226, 'lag_23': 0.13156477281447373, 'lag_24': 0.9763941207674726, 'lag_25': 0.8870401095677868, 'lag_26': 0.29612390504690667, 'lag_27': 0.4611056406724282, 'lag_28': 0.3301304351693275}. Best is trial 12 with value: 0.007112476563566757.
[I 2025-09-29 13:26:36,650] Trial 95 finished with value: 0.007833770476006242 and parameters: {'lag_0': 0.6342657877553548, 'lag_1': 0.212860520961961, 'lag_2': 0.47618809001256585, 'lag_3': 0.6947156852253065, 'lag_4': 0.7046494484039834, 'lag_5': 0.25830987709873315, 'lag_6': 0.2624112994172838, 'lag_7': 0.2115544107710287, 'lag_8': 0.46609655424821084, 'lag_9': 0.9984365258112083, 'lag_10': 0.20637005931595392, 'lag_11': 0.3668623036125543, 'lag_12': 0.9200164231659149, 'lag_13': 0.17707154243086928, 'lag_14': 0.8270527707180895, 'lag_15': 0.24502861972165985, 'lag_16': 0.11454970318319961, 'lag_17': 0.2712346818013794, 'lag_18': 0.2810269790884183, 'lag_19': 0.9302299199541817, 'lag_20': 0.061183429790919674, 'lag_21': 0.4576086227192565, 'lag_22': 0.38915552970017325, 'lag_23': 0.26095555572796003, 'lag_24': 0.8828515297700024, 'lag_25': 0.6800529875586658, 'lag_26': 0.25057777112582624, 'lag_27': 0.6695525317156971, 'lag_28': 0.43963465255825}. Best is trial 12 with value: 0.007112476563566757.
[I 2025-09-29 13:26:39,178] Trial 96 finished with value: 0.007888679333130835 and parameters: {'lag_0': 0.7267701834043009, 'lag_1': 0.2791153291748072, 'lag_2': 0.5111430087689027, 'lag_3': 0.7296019243369155, 'lag_4': 0.5390856425892884, 'lag_5': 0.7864281030855492, 'lag_6': 0.03636867604974861, 'lag_7': 0.2585478338470007, 'lag_8': 0.2882828625930739, 'lag_9': 0.25821821098153325, 'lag_10': 0.1344327371791384, 'lag_11': 0.3086078392035816, 'lag_12': 0.8105580382437866, 'lag_13': 0.07430549007786973, 'lag_14': 0.6313562211266689, 'lag_15': 0.2637610054166871, 'lag_16': 0.24135594712702801, 'lag_17': 0.07838114276248481, 'lag_18': 0.14824908556943978, 'lag_19': 0.9825529924128193, 'lag_20': 0.17702868444237754, 'lag_21': 0.5424245824656514, 'lag_22': 0.46000569926863905, 'lag_23': 0.2906334196622932, 'lag_24': 0.835943804055633, 'lag_25': 0.7780342210732165, 'lag_26': 0.19305917902911032, 'lag_27': 0.497450457422424, 'lag_28': 0.1850808645742551}. Best is trial 12 with value: 0.007112476563566757.
[I 2025-09-29 13:26:41,635] Trial 97 finished with value: 0.008119653507070303 and parameters: {'lag_0': 0.774699868261233, 'lag_1': 0.4405121927535254, 'lag_2': 0.12306455650961223, 'lag_3': 0.5319813397050165, 'lag_4': 0.7502115489918917, 'lag_5': 0.9167712619048467, 'lag_6': 0.28935599175437565, 'lag_7': 0.3044211853125647, 'lag_8': 0.22577580927477545, 'lag_9': 0.14179118192626525, 'lag_10': 0.5884173496116195, 'lag_11': 0.506997606529128, 'lag_12': 0.5131914069978535, 'lag_13': 0.5417170458889468, 'lag_14': 0.5983884321238815, 'lag_15': 0.0769209247746028, 'lag_16': 0.30331840237884994, 'lag_17': 0.304959110105617, 'lag_18': 0.21996158356303824, 'lag_19': 0.5094856734716177, 'lag_20': 0.5655980456613308, 'lag_21': 0.159893831086793, 'lag_22': 0.30725364575492853, 'lag_23': 0.1561529229912002, 'lag_24': 0.8056611386021062, 'lag_25': 0.8731710168784995, 'lag_26': 0.23261465656836167, 'lag_27': 0.9613307912487771, 'lag_28': 0.9878518680177523}. Best is trial 12 with value: 0.007112476563566757.
[I 2025-09-29 13:26:44,019] Trial 98 finished with value: 0.008029165804081233 and parameters: {'lag_0': 0.6914501731582258, 'lag_1': 0.38754632673696626, 'lag_2': 0.34870690806110605, 'lag_3': 0.19633829243364256, 'lag_4': 0.18807771523533906, 'lag_5': 0.0953829324442286, 'lag_6': 0.5604824564461454, 'lag_7': 0.07498249616574346, 'lag_8': 0.19902508825408632, 'lag_9': 0.1773114875269831, 'lag_10': 0.28356416883527136, 'lag_11': 0.2908457713829181, 'lag_12': 0.6334911746734184, 'lag_13': 0.09854845869765483, 'lag_14': 0.46836960124594407, 'lag_15': 0.1833629723415909, 'lag_16': 0.19462542984509673, 'lag_17': 0.011188871266457984, 'lag_18': 0.10037094849094819, 'lag_19': 0.6988992478293197, 'lag_20': 0.249806264381927, 'lag_21': 0.20668034702188598, 'lag_22': 0.3628175509943431, 'lag_23': 0.42548467950297625, 'lag_24': 0.9321511962385087, 'lag_25': 0.9492799013582656, 'lag_26': 0.3857046632444778, 'lag_27': 0.10100221483186711, 'lag_28': 0.39229742077469587}. Best is trial 12 with value: 0.007112476563566757.
[I 2025-09-29 13:26:46,357] Trial 99 finished with value: 0.007363820097092198 and parameters: {'lag_0': 0.09021210654837838, 'lag_1': 0.896201261544054, 'lag_2': 0.9117996620881874, 'lag_3': 0.8860471376067163, 'lag_4': 0.7721413012709711, 'lag_5': 0.3038308767047294, 'lag_6': 0.6439447967580156, 'lag_7': 0.2254347965983492, 'lag_8': 0.631980459991224, 'lag_9': 0.5343805927135727, 'lag_10': 0.3547116533110373, 'lag_11': 0.5505709149880268, 'lag_12': 0.7323750572173386, 'lag_13': 0.22475612202834294, 'lag_14': 0.5528064615935345, 'lag_15': 0.389864998732778, 'lag_16': 0.138463055125669, 'lag_17': 0.917580043310819, 'lag_18': 0.8545943938082198, 'lag_19': 0.8632290345759653, 'lag_20': 0.9064166082042295, 'lag_21': 0.10710552570198678, 'lag_22': 0.2752830323653692, 'lag_23': 0.6075945785185738, 'lag_24': 0.8626925856043607, 'lag_25': 0.833302035342825, 'lag_26': 0.7368522293282762, 'lag_27': 0.520932015408451, 'lag_28': 0.7730394139472402}. Best is trial 12 with value: 0.007112476563566757.
2025-09-29 13:26:48,763 - distributed.worker - INFO - Stopping worker at tcp://192.168.86.108:39686. Reason: scheduler-remove-worker
2025-09-29 13:26:48,770 - distributed.nanny - INFO - Closing Nanny gracefully at 'tcp://192.168.86.108:37832'. Reason: scheduler-remove-worker
2025-09-29 13:26:48,781 - distributed.nanny - INFO - Worker closed
2025-09-29 13:26:48,781 - distributed.core - INFO - Connection to tcp://192.168.86.101:42031 has been closed.
slurmstepd: error: *** JOB 3081228 ON node08 CANCELLED AT 2025-09-29T13:26:48 ***
