[I 2025-09-29 11:58:16,659] Trial 66 finished with value: 0.00973287914718882 and parameters: {'lag_0': 0.6087477701375242, 'lag_1': 0.47852999803399326, 'lag_2': 0.16487534929477982, 'lag_3': 0.2517696303614288, 'lag_4': 0.2685087684399507, 'lag_5': 0.7652832278787555, 'lag_6': 0.24453898028567508, 'lag_7': 0.8638208252558736, 'lag_8': 0.8716916833172118, 'lag_9': 0.42842170770327975, 'lag_10': 0.1052949918425223, 'lag_11': 0.8236683468342784, 'lag_12': 0.16052521229282182, 'lag_13': 0.8725978778250916, 'lag_14': 0.9037350716596008, 'lag_15': 0.28802140723488795, 'lag_16': 0.44004287721959195, 'lag_17': 0.47111210409077187, 'lag_18': 0.8126254087783699, 'lag_19': 0.31770453698072143, 'lag_20': 0.7762090202582931, 'lag_21': 0.596743877460013, 'lag_22': 0.4624249902699933, 'lag_23': 0.054142323419878347, 'lag_24': 0.493133457047207, 'lag_25': 0.07735495780868591, 'lag_26': 0.18866714826050845, 'lag_27': 0.5166418565648984, 'lag_28': 0.26321651691174175}. Best is trial 65 with value: 0.009316512343948544.
[I 2025-09-29 11:58:18,987] Trial 67 finished with value: 0.009670285347875118 and parameters: {'lag_0': 0.6721731492764795, 'lag_1': 0.48762760124581395, 'lag_2': 0.19089113944519928, 'lag_3': 0.2986912526432979, 'lag_4': 0.2882909156071078, 'lag_5': 0.8527129129187059, 'lag_6': 0.3678203614443917, 'lag_7': 0.7465494254563347, 'lag_8': 0.9530055364373705, 'lag_9': 0.3936309810347072, 'lag_10': 0.24464441219528282, 'lag_11': 0.7511152719819438, 'lag_12': 0.0010094199793892105, 'lag_13': 0.8145054939814398, 'lag_14': 0.9250897133801166, 'lag_15': 0.34559241779864325, 'lag_16': 0.33464806396728874, 'lag_17': 0.33165916536225054, 'lag_18': 0.7306759826244227, 'lag_19': 0.24402174746162364, 'lag_20': 0.7248807541806562, 'lag_21': 0.5171577726755706, 'lag_22': 0.3670565842576826, 'lag_23': 0.012227160109133614, 'lag_24': 0.14004467088340486, 'lag_25': 0.19387563029825905, 'lag_26': 0.08839427237570596, 'lag_27': 0.3050119433713211, 'lag_28': 0.21115501782512194}. Best is trial 65 with value: 0.009316512343948544.
[I 2025-09-29 11:58:21,293] Trial 68 finished with value: 0.00978438219196057 and parameters: {'lag_0': 0.6232352975655837, 'lag_1': 0.5141581139060558, 'lag_2': 0.08354901971534191, 'lag_3': 0.4791487399390679, 'lag_4': 0.15214660695391716, 'lag_5': 0.6063134607548392, 'lag_6': 0.30559661166028895, 'lag_7': 0.6726696579968943, 'lag_8': 0.5927266213241243, 'lag_9': 0.18532195984611083, 'lag_10': 0.16840650564920084, 'lag_11': 0.6336727018893484, 'lag_12': 0.392230613355462, 'lag_13': 0.6789617385401641, 'lag_14': 0.8819083012395478, 'lag_15': 0.23639046811983286, 'lag_16': 0.49682083500348573, 'lag_17': 0.2600019225303744, 'lag_18': 0.7805464674457598, 'lag_19': 0.37853715597343107, 'lag_20': 0.8809713493334802, 'lag_21': 0.7704269986392971, 'lag_22': 0.5982343816532154, 'lag_23': 0.057019079925254845, 'lag_24': 0.1809561232201347, 'lag_25': 0.030249175925765204, 'lag_26': 0.28379934983565613, 'lag_27': 0.4733623234504768, 'lag_28': 0.13630349133288033}. Best is trial 65 with value: 0.009316512343948544.
[I 2025-09-29 11:58:23,594] Trial 69 finished with value: 0.00952420434309629 and parameters: {'lag_0': 0.47083541776687676, 'lag_1': 0.06918080836730622, 'lag_2': 0.22186189908150025, 'lag_3': 0.971096733343583, 'lag_4': 0.36700346862599487, 'lag_5': 0.6823708835670436, 'lag_6': 0.18013301788048652, 'lag_7': 0.607582723019037, 'lag_8': 0.8043211112003249, 'lag_9': 0.3178818826705516, 'lag_10': 0.02668214728560142, 'lag_11': 0.39770828203171904, 'lag_12': 0.0586976802940453, 'lag_13': 0.7769738352011082, 'lag_14': 0.9831389975537665, 'lag_15': 0.38752681055727395, 'lag_16': 0.24126319045767286, 'lag_17': 0.6411097311659286, 'lag_18': 0.10448536841986411, 'lag_19': 0.19446256031947276, 'lag_20': 0.7807875689868391, 'lag_21': 0.39084129445518656, 'lag_22': 0.5394036533152725, 'lag_23': 0.11335227472207587, 'lag_24': 0.779093657697857, 'lag_25': 0.23539424051109423, 'lag_26': 0.2350312320007821, 'lag_27': 0.7913491919929709, 'lag_28': 0.2693858836413634}. Best is trial 65 with value: 0.009316512343948544.
[I 2025-09-29 11:58:25,919] Trial 70 finished with value: 0.009950269184295124 and parameters: {'lag_0': 0.5768129482371152, 'lag_1': 0.3517064788611674, 'lag_2': 0.34239242330747177, 'lag_3': 0.14301142029136404, 'lag_4': 0.33028716197446517, 'lag_5': 0.7764677466070015, 'lag_6': 0.5991033524700743, 'lag_7': 0.25570519852437656, 'lag_8': 0.40883478290408065, 'lag_9': 0.544882301197495, 'lag_10': 0.6914814406340458, 'lag_11': 0.49092353684383433, 'lag_12': 0.4856614747746025, 'lag_13': 0.7325368461042332, 'lag_14': 0.30617378587451494, 'lag_15': 0.5298815514201949, 'lag_16': 0.5661480925586765, 'lag_17': 0.4399972281486266, 'lag_18': 0.4650134061770026, 'lag_19': 0.3344343060321777, 'lag_20': 0.18865345574967735, 'lag_21': 0.6674133123917133, 'lag_22': 0.4810845215202798, 'lag_23': 0.023424599184804436, 'lag_24': 0.3259231138756601, 'lag_25': 0.1420815840210414, 'lag_26': 0.14241164901484366, 'lag_27': 0.57350735906276, 'lag_28': 0.1773918074176391}. Best is trial 65 with value: 0.009316512343948544.
[I 2025-09-29 11:58:28,214] Trial 71 finished with value: 0.009526754210290832 and parameters: {'lag_0': 0.5079157145801709, 'lag_1': 0.3060745437629968, 'lag_2': 0.4417315720618107, 'lag_3': 0.5464923090233675, 'lag_4': 0.21653117738364824, 'lag_5': 0.26257262190957775, 'lag_6': 0.11524833431064466, 'lag_7': 0.9696272094781632, 'lag_8': 0.7503779179477201, 'lag_9': 0.3754053967666297, 'lag_10': 0.2640927279317514, 'lag_11': 0.7062753102316683, 'lag_12': 0.42195575596189183, 'lag_13': 0.9766308196017195, 'lag_14': 0.6011317465229056, 'lag_15': 0.18860600650850115, 'lag_16': 0.20254016254560087, 'lag_17': 0.3731550635717143, 'lag_18': 0.870730368822785, 'lag_19': 0.2760546960554504, 'lag_20': 0.7023433193349062, 'lag_21': 0.9160061360024122, 'lag_22': 0.6631331813412877, 'lag_23': 0.3589642158972539, 'lag_24': 0.004082063923336182, 'lag_25': 0.2807335310918474, 'lag_26': 0.032779526596636854, 'lag_27': 0.6126383981312251, 'lag_28': 0.022739564508622}. Best is trial 65 with value: 0.009316512343948544.
[I 2025-09-29 11:58:30,522] Trial 72 finished with value: 0.009650590603023076 and parameters: {'lag_0': 0.03085184525062592, 'lag_1': 0.3982662792025946, 'lag_2': 0.35187268711464137, 'lag_3': 0.6792709121730174, 'lag_4': 0.8334777696705278, 'lag_5': 0.19912725925527175, 'lag_6': 0.777685872298764, 'lag_7': 0.9038341946691262, 'lag_8': 0.6555615028817413, 'lag_9': 0.4673973215353599, 'lag_10': 0.5118160697100443, 'lag_11': 0.7735488656896669, 'lag_12': 0.30970356543476996, 'lag_13': 0.8547118182644383, 'lag_14': 0.8129531195794338, 'lag_15': 0.08161994531675847, 'lag_16': 0.3319018371976048, 'lag_17': 0.8548034279515134, 'lag_18': 0.9796064470769278, 'lag_19': 0.10850551679789877, 'lag_20': 0.655727823470896, 'lag_21': 0.7210395970645856, 'lag_22': 0.41928784854868123, 'lag_23': 0.14180075423171598, 'lag_24': 0.06451020165129862, 'lag_25': 0.18934822813852775, 'lag_26': 0.07931564291841625, 'lag_27': 0.5406180070978956, 'lag_28': 0.10009734679440618}. Best is trial 65 with value: 0.009316512343948544.
[I 2025-09-29 11:58:32,832] Trial 73 finished with value: 0.009639095660252096 and parameters: {'lag_0': 0.2562930282363852, 'lag_1': 0.2591881244211365, 'lag_2': 0.259262675596882, 'lag_3': 0.9179922362004176, 'lag_4': 0.42287043464541485, 'lag_5': 0.8990705497222781, 'lag_6': 0.04408923553193331, 'lag_7': 0.8800280024687768, 'lag_8': 0.689517826177554, 'lag_9': 0.23662091823339454, 'lag_10': 0.2832365343287181, 'lag_11': 0.7416133652449911, 'lag_12': 0.47134310874291635, 'lag_13': 0.9031988154018915, 'lag_14': 0.4199818612779734, 'lag_15': 0.2790027062364547, 'lag_16': 0.4078325987163479, 'lag_17': 0.9917758688779807, 'lag_18': 0.92808035794497, 'lag_19': 0.2207952216583689, 'lag_20': 0.6113882900594871, 'lag_21': 0.17147467613732084, 'lag_22': 0.436042338123223, 'lag_23': 0.41274824439442426, 'lag_24': 0.03773078150425815, 'lag_25': 0.2997536782056254, 'lag_26': 0.12921279032892982, 'lag_27': 0.5029428366814019, 'lag_28': 0.3653168161282291}. Best is trial 65 with value: 0.009316512343948544.
[I 2025-09-29 11:58:35,133] Trial 74 finished with value: 0.009430993399507401 and parameters: {'lag_0': 0.1333138513925981, 'lag_1': 0.15757403323421326, 'lag_2': 0.5560770061860058, 'lag_3': 0.43394658235689143, 'lag_4': 0.314043678727533, 'lag_5': 0.3259499635541933, 'lag_6': 0.07971878444310632, 'lag_7': 0.999091722025273, 'lag_8': 0.99954591757726, 'lag_9': 0.28236069019862886, 'lag_10': 0.31022723156933124, 'lag_11': 0.5623898629518076, 'lag_12': 0.5272945081930411, 'lag_13': 0.9966866540970297, 'lag_14': 0.6545198341968268, 'lag_15': 0.13514726550663245, 'lag_16': 0.16409243871153556, 'lag_17': 0.2322166276795659, 'lag_18': 0.8506041258667391, 'lag_19': 0.6551036930884919, 'lag_20': 0.5506343182713647, 'lag_21': 0.7842779402574807, 'lag_22': 0.9505794207887188, 'lag_23': 0.4665797658988108, 'lag_24': 0.10967962660706378, 'lag_25': 0.3435917303108355, 'lag_26': 0.1055110732117484, 'lag_27': 0.3977286814249481, 'lag_28': 0.2936081431636447}. Best is trial 65 with value: 0.009316512343948544.
[I 2025-09-29 11:58:37,449] Trial 75 finished with value: 0.00959867118452257 and parameters: {'lag_0': 0.13204841540241014, 'lag_1': 0.17249390853033872, 'lag_2': 0.39859362159123457, 'lag_3': 0.422444567863199, 'lag_4': 0.3878302555283696, 'lag_5': 0.40060620339420405, 'lag_6': 0.07503025325980887, 'lag_7': 0.9978489605640696, 'lag_8': 0.9832864939495981, 'lag_9': 0.11094970513850896, 'lag_10': 0.2929355409174481, 'lag_11': 0.43884390318584215, 'lag_12': 0.5591611744089597, 'lag_13': 0.9512949923023566, 'lag_14': 0.6487260776325101, 'lag_15': 0.1365508824826778, 'lag_16': 0.1053614118844354, 'lag_17': 0.2264932425331658, 'lag_18': 0.8511530728183372, 'lag_19': 0.6341535510404893, 'lag_20': 0.5481917776215331, 'lag_21': 0.7864863800950478, 'lag_22': 0.9578992554047033, 'lag_23': 0.5116701269678824, 'lag_24': 0.18457832510034405, 'lag_25': 0.3487096800621491, 'lag_26': 0.10325765867669832, 'lag_27': 0.3949480426277722, 'lag_28': 0.29803417053597875}. Best is trial 65 with value: 0.009316512343948544.
[I 2025-09-29 11:58:39,770] Trial 76 finished with value: 0.009804820588913967 and parameters: {'lag_0': 0.09255384101346024, 'lag_1': 0.6115738431083435, 'lag_2': 0.5502154437735303, 'lag_3': 0.4698577967678844, 'lag_4': 0.2686236780977323, 'lag_5': 0.43560433143203764, 'lag_6': 0.14989210083979881, 'lag_7': 0.9573111464442895, 'lag_8': 0.8823633828649252, 'lag_9': 0.26492465715887914, 'lag_10': 0.21916398493969969, 'lag_11': 0.5930591279669676, 'lag_12': 0.5395119083017159, 'lag_13': 0.9991386599083325, 'lag_14': 0.5210006954239378, 'lag_15': 0.22777440988564812, 'lag_16': 0.17345028081443442, 'lag_17': 0.28955580536371855, 'lag_18': 0.7637090945847635, 'lag_19': 0.7815601897856981, 'lag_20': 0.5268514611093189, 'lag_21': 0.8290154020197966, 'lag_22': 0.9251168348638602, 'lag_23': 0.46272565641776625, 'lag_24': 0.09199680387125493, 'lag_25': 0.08511366611416028, 'lag_26': 0.1995506383839083, 'lag_27': 0.4359235460059369, 'lag_28': 0.48941881435644896}. Best is trial 65 with value: 0.009316512343948544.
[I 2025-09-29 11:58:42,089] Trial 77 finished with value: 0.009657579896952295 and parameters: {'lag_0': 0.0026677419789613993, 'lag_1': 0.566920837206862, 'lag_2': 0.5078809221970909, 'lag_3': 0.3324041982573667, 'lag_4': 0.3160719768371142, 'lag_5': 0.5201157672574088, 'lag_6': 0.9876387096120536, 'lag_7': 0.8322557501774336, 'lag_8': 0.9983626243023989, 'lag_9': 0.3466818276587327, 'lag_10': 0.9864758912976793, 'lag_11': 0.5539900536377204, 'lag_12': 0.20222908136995182, 'lag_13': 0.919758019430249, 'lag_14': 0.8707822920204851, 'lag_15': 0.8361003975214785, 'lag_16': 0.6158942879688626, 'lag_17': 0.19697906423362982, 'lag_18': 0.4017313387135185, 'lag_19': 0.8920566059349498, 'lag_20': 0.8386955826929166, 'lag_21': 0.28115368389406087, 'lag_22': 0.34726006957445743, 'lag_23': 0.5366995082857339, 'lag_24': 0.12271466390842503, 'lag_25': 0.4159155787787067, 'lag_26': 0.1634536990937685, 'lag_27': 0.32424463650858987, 'lag_28': 0.33049098177932335}. Best is trial 65 with value: 0.009316512343948544.
[I 2025-09-29 11:58:44,577] Trial 78 finished with value: 0.00974076413070391 and parameters: {'lag_0': 0.18102656286423294, 'lag_1': 0.4523364874734036, 'lag_2': 0.606660785622576, 'lag_3': 0.5114244026299819, 'lag_4': 0.04693036578127623, 'lag_5': 0.6195454942862072, 'lag_6': 0.2040574676900348, 'lag_7': 0.783980543769107, 'lag_8': 0.911320410133501, 'lag_9': 0.5138026685619682, 'lag_10': 0.3470344198784078, 'lag_11': 0.506621522324903, 'lag_12': 0.6182950712061589, 'lag_13': 0.5220924396869558, 'lag_14': 0.5691600677650979, 'lag_15': 0.17033249244887144, 'lag_16': 0.13349331098246525, 'lag_17': 0.12831455215855786, 'lag_18': 0.7113857420511471, 'lag_19': 0.4265775315508022, 'lag_20': 0.7565633828078057, 'lag_21': 0.4605041819263437, 'lag_22': 0.8092086318657521, 'lag_23': 0.9138864152009847, 'lag_24': 0.9588084424258078, 'lag_25': 0.24864959239046727, 'lag_26': 0.023076894643633064, 'lag_27': 0.21754351931999, 'lag_28': 0.45122634998766065}. Best is trial 65 with value: 0.009316512343948544.
[I 2025-09-29 11:58:46,895] Trial 79 finished with value: 0.00965970172488779 and parameters: {'lag_0': 0.06382032357443322, 'lag_1': 0.5475159744451517, 'lag_2': 0.29954646100918036, 'lag_3': 0.8739977604350283, 'lag_4': 0.24349034723343038, 'lag_5': 0.008767633997869118, 'lag_6': 0.4321916248920596, 'lag_7': 0.5631320871100404, 'lag_8': 0.8251167074194145, 'lag_9': 0.4069342030126215, 'lag_10': 0.4034232352228851, 'lag_11': 0.9002983691160484, 'lag_12': 0.7073254008895371, 'lag_13': 0.4358757714177424, 'lag_14': 0.18623458051255706, 'lag_15': 0.32217222526234895, 'lag_16': 0.08218439065729999, 'lag_17': 0.5969824722561218, 'lag_18': 0.5073348433243055, 'lag_19': 0.4651818537516329, 'lag_20': 0.9044709736850677, 'lag_21': 0.566903799870751, 'lag_22': 0.8670194456352337, 'lag_23': 0.08994907799946532, 'lag_24': 0.3988244316818804, 'lag_25': 0.3326618405683079, 'lag_26': 0.5865831488211785, 'lag_27': 0.26366542935255893, 'lag_28': 0.2177332146182549}. Best is trial 65 with value: 0.009316512343948544.
[I 2025-09-29 11:58:49,224] Trial 80 finished with value: 0.009660433566890614 and parameters: {'lag_0': 0.717485036012777, 'lag_1': 0.05081127524893353, 'lag_2': 0.3252112574982174, 'lag_3': 0.4099792238478991, 'lag_4': 0.184326593744072, 'lag_5': 0.567965260710513, 'lag_6': 0.3420568293752641, 'lag_7': 0.2011636020335033, 'lag_8': 0.9230365983179364, 'lag_9': 0.2970755315853738, 'lag_10': 0.9094386389947813, 'lag_11': 0.4602778245989384, 'lag_12': 0.11638251828461446, 'lag_13': 0.8734767010162181, 'lag_14': 0.003112865777675222, 'lag_15': 0.11439003882051746, 'lag_16': 0.5175382119425825, 'lag_17': 0.2561553998141482, 'lag_18': 0.822345518539839, 'lag_19': 0.5004285477778948, 'lag_20': 0.5703771514697643, 'lag_21': 0.32199796841797246, 'lag_22': 0.5743748465453746, 'lag_23': 0.5861444316251004, 'lag_24': 0.8893174646467161, 'lag_25': 0.21217739185251566, 'lag_26': 0.506209608279486, 'lag_27': 0.3780981223689515, 'lag_28': 0.20298723220320836}. Best is trial 65 with value: 0.009316512343948544.
[I 2025-09-29 11:58:51,535] Trial 81 finished with value: 0.009634104958061043 and parameters: {'lag_0': 0.304741238106372, 'lag_1': 0.0898431562608699, 'lag_2': 0.47467499914555367, 'lag_3': 0.4587809672644437, 'lag_4': 0.5939412547439116, 'lag_5': 0.14232683450267772, 'lag_6': 0.020911964020463122, 'lag_7': 0.9304310814326477, 'lag_8': 0.7404632777615936, 'lag_9': 0.44878515983333567, 'lag_10': 0.4634077021599239, 'lag_11': 0.6492495185954107, 'lag_12': 0.3810241628386869, 'lag_13': 0.9554114839185782, 'lag_14': 0.6978601870015371, 'lag_15': 0.023116778238862642, 'lag_16': 0.27946154677754337, 'lag_17': 0.33954867276266154, 'lag_18': 0.9117406667407925, 'lag_19': 0.3494873621952408, 'lag_20': 0.7034503964425609, 'lag_21': 0.834437198483798, 'lag_22': 0.9380174528122899, 'lag_23': 0.49821905081114215, 'lag_24': 0.02491892610704549, 'lag_25': 0.3587540937650556, 'lag_26': 0.0553422348859515, 'lag_27': 0.547044389942099, 'lag_28': 0.1407292974200684}. Best is trial 65 with value: 0.009316512343948544.
[I 2025-09-29 11:58:53,850] Trial 82 finished with value: 0.009592123960619934 and parameters: {'lag_0': 0.20696574586602945, 'lag_1': 0.1408332433131142, 'lag_2': 0.42174494390255796, 'lag_3': 0.5207936179039079, 'lag_4': 0.3502583668194735, 'lag_5': 0.32556607959607475, 'lag_6': 0.11172760907380609, 'lag_7': 0.972193041996033, 'lag_8': 0.7679529459851838, 'lag_9': 0.22260706182825019, 'lag_10': 0.3095475336241218, 'lag_11': 0.7976311216993798, 'lag_12': 0.4534318333568951, 'lag_13': 0.3303731934049869, 'lag_14': 0.6250396639434114, 'lag_15': 0.04741091126757037, 'lag_16': 0.31050066702979684, 'lag_17': 0.9707165778785574, 'lag_18': 0.9399212296818446, 'lag_19': 0.6307698006148199, 'lag_20': 0.6687822104458222, 'lag_21': 0.9046666969091026, 'lag_22': 0.540058381050201, 'lag_23': 0.21655063722672924, 'lag_24': 0.0675862330193957, 'lag_25': 0.16661370289643995, 'lag_26': 0.0007084769546563327, 'lag_27': 0.45572061305219214, 'lag_28': 0.16408955098161482}. Best is trial 65 with value: 0.009316512343948544.
[I 2025-09-29 11:58:56,179] Trial 83 finished with value: 0.009559618665454099 and parameters: {'lag_0': 0.07712621765979362, 'lag_1': 0.22624482488108666, 'lag_2': 0.46520518569986036, 'lag_3': 0.5926789101504794, 'lag_4': 0.30836310771728703, 'lag_5': 0.834216999656771, 'lag_6': 0.07291547169008088, 'lag_7': 0.8941241690274947, 'lag_8': 0.604037196034978, 'lag_9': 0.4989599318990135, 'lag_10': 0.5193550073967919, 'lag_11': 0.6161181917224238, 'lag_12': 0.3367888708064595, 'lag_13': 0.8222629366208336, 'lag_14': 0.7736747408386342, 'lag_15': 0.07533846189464247, 'lag_16': 0.20737375458349133, 'lag_17': 0.7560405001421184, 'lag_18': 0.3190212082573437, 'lag_19': 0.03316046528854591, 'lag_20': 0.6276333842261455, 'lag_21': 0.9542107096130626, 'lag_22': 0.4878461362589958, 'lag_23': 0.6983257599317292, 'lag_24': 0.15102770208940497, 'lag_25': 0.29410365262748417, 'lag_26': 0.08854187390468865, 'lag_27': 0.4968789385831297, 'lag_28': 0.5701031779988396}. Best is trial 65 with value: 0.009316512343948544.
[I 2025-09-29 11:58:58,489] Trial 84 finished with value: 0.009662718074377154 and parameters: {'lag_0': 0.9235175699995817, 'lag_1': 0.1599553089196257, 'lag_2': 0.5451834573375166, 'lag_3': 0.7981447888530727, 'lag_4': 0.23118840926971726, 'lag_5': 0.22849525068913745, 'lag_6': 0.14059253889121093, 'lag_7': 0.05309225930823634, 'lag_8': 0.6966399200926716, 'lag_9': 0.3840035868540873, 'lag_10': 0.3402448966169503, 'lag_11': 0.533056774532453, 'lag_12': 0.03176025937445914, 'lag_13': 0.8984063188762219, 'lag_14': 0.7282380806323883, 'lag_15': 0.0020289923098703103, 'lag_16': 0.4765830027931786, 'lag_17': 0.9395000972548142, 'lag_18': 0.9005143695096999, 'lag_19': 0.14187174095067628, 'lag_20': 0.4952449067956174, 'lag_21': 0.7309155876309833, 'lag_22': 0.9980704128091261, 'lag_23': 0.4510718769095065, 'lag_24': 0.08772014343406247, 'lag_25': 0.3806704231644417, 'lag_26': 0.11679411652928405, 'lag_27': 0.4064953928589946, 'lag_28': 0.2542871596342801}. Best is trial 65 with value: 0.009316512343948544.
[I 2025-09-29 11:59:00,807] Trial 85 finished with value: 0.009357292530784541 and parameters: {'lag_0': 0.13490272240881257, 'lag_1': 0.19103107258854624, 'lag_2': 0.3578180446971173, 'lag_3': 0.7546724079057555, 'lag_4': 0.38277907704175557, 'lag_5': 0.37457377472405085, 'lag_6': 0.17737024590272418, 'lag_7': 0.0003482768338884945, 'lag_8': 0.47024013072725857, 'lag_9': 0.18107810339813288, 'lag_10': 0.37556708073707734, 'lag_11': 0.6660394187438032, 'lag_12': 0.4135459432418153, 'lag_13': 0.8562996278301066, 'lag_14': 0.6690543706696601, 'lag_15': 0.20179584146616353, 'lag_16': 0.1656047070121925, 'lag_17': 0.8911082139144735, 'lag_18': 0.979503132733781, 'lag_19': 0.30377723081736163, 'lag_20': 0.9848425663368876, 'lag_21': 0.7927575232837973, 'lag_22': 0.8784903053086269, 'lag_23': 0.3667550710490284, 'lag_24': 0.01750695155207585, 'lag_25': 0.5781654191665341, 'lag_26': 0.06594492813170999, 'lag_27': 0.7025188562904564, 'lag_28': 0.2926521365861962}. Best is trial 65 with value: 0.009316512343948544.
[I 2025-09-29 11:59:03,124] Trial 86 finished with value: 0.009843244688115928 and parameters: {'lag_0': 0.134519976112474, 'lag_1': 0.1950302153323804, 'lag_2': 0.37065572972031713, 'lag_3': 0.7597459401564607, 'lag_4': 0.38160000342111505, 'lag_5': 0.9618853306151776, 'lag_6': 0.229354422004639, 'lag_7': 0.1015386533415229, 'lag_8': 0.35169633859930605, 'lag_9': 0.18430295997734747, 'lag_10': 0.3697481377402164, 'lag_11': 0.7265700949888104, 'lag_12': 0.5303978092680748, 'lag_13': 0.8482241183802236, 'lag_14': 0.6511433654415728, 'lag_15': 0.2501729275373603, 'lag_16': 0.14618226733538037, 'lag_17': 0.8899999600228825, 'lag_18': 0.43876899356981697, 'lag_19': 0.2972686346237694, 'lag_20': 0.9917712030555732, 'lag_21': 0.104485484040033, 'lag_22': 0.8892801563055946, 'lag_23': 0.3064662596666877, 'lag_24': 0.001781127754485315, 'lag_25': 0.617975053651406, 'lag_26': 0.16345923092850162, 'lag_27': 0.72639422120468, 'lag_28': 0.28949136805243864}. Best is trial 65 with value: 0.009316512343948544.
