[I 2025-10-03 11:33:27,411] Trial 51 finished with values: [0.0011791383219954647, 0.004447314995668657, 0.0025978258911649485, 0.0014354507973627563, 0.0006275269267582298, 0.0003343703527148313, 0.0026296092077155173, 0.0003105753963559601, 0.00036841408658383923, 0.0015194182993220036, 0.0006362679168712842, 0.004513219618494364, 0.007285355369666556, 0.01811859534403703, 0.0, 0.039934599393616474, 0.002794003505244752, 0.00014539194793715583, 0.00017471837755782862, 0.0013956036258920884, 0.0001465025809017281, 0.0007646477647768504, 0.0008964317652839209, 0.00014034462012762678, 0.00018838687690668314, 0.00470771345298093, 0.00036084046864133165, 0.0008168645038875684, 0.00042330578512396694] and parameters: {'lag_0': 0.40230967701117604, 'lag_1': 0.9604677685906646, 'lag_2': 0.4189708227638154, 'lag_3': 0.9682452258563751, 'lag_4': 0.6718550966061692, 'lag_5': 0.03967544233794095, 'lag_6': 0.6906110255898803, 'lag_7': 0.980578436066833, 'lag_8': 0.3937071603872804, 'lag_9': 0.521646479864053, 'lag_10': 0.8131632891952287, 'lag_11': 0.24045083606148673, 'lag_12': 0.35782281953348616, 'lag_13': 0.7317284087114774, 'lag_14': 0.26456632216204967, 'lag_15': 0.4103919037719736, 'lag_16': 0.25662782545546203, 'lag_17': 0.2591329003437552, 'lag_18': 0.3119798579496695, 'lag_19': 0.9253309180168479, 'lag_20': 0.3238018210778532, 'lag_21': 0.5144925911072793, 'lag_22': 0.00031239466422296457, 'lag_23': 0.2484863627402379, 'lag_24': 0.6416960459373919, 'lag_25': 0.3663654683509897, 'lag_26': 0.5654390370120894, 'lag_27': 0.6196301747098247, 'lag_28': 0.9744404368683147}.
[I 2025-10-03 11:33:30,065] Trial 52 finished with values: [0.0011111111111111111, 0.002734657578263515, 0.002455795985670336, 0.0008424733752496315, 0.00036378190884153673, 0.00016735670478775644, 0.00220955649616226, 0.001047165880841644, 0.00030496921615715065, 0.001488461471006494, 0.0006789113846616405, 0.004215209975757942, 0.007178793163459282, 0.017428119461370916, 0.0, 0.04025129803107946, 0.003881981083787457, 0.00013962466820181948, 0.00030211785337239653, 0.001594416543736069, 0.00015163576747868277, 0.0009309247253057257, 0.0008431180238143647, 0.00025520446337217183, 0.00016217843848008047, 0.005069232288117424, 0.0004151366049733143, 0.001480008897795174, 0.0010719676811165161] and parameters: {'lag_0': 0.4681568053117656, 'lag_1': 0.46155179261666157, 'lag_2': 0.4638610976070483, 'lag_3': 0.5412286413508238, 'lag_4': 0.45480921869662944, 'lag_5': 0.9660170267084737, 'lag_6': 0.8364822970274897, 'lag_7': 0.6764591132807013, 'lag_8': 0.580412407001016, 'lag_9': 0.6984253497494081, 'lag_10': 0.9678693488342545, 'lag_11': 0.8500578741301973, 'lag_12': 0.8770955366723078, 'lag_13': 0.35610714795184134, 'lag_14': 0.843995244900324, 'lag_15': 0.5794598799499957, 'lag_16': 0.05969999234883157, 'lag_17': 0.1870301686543207, 'lag_18': 0.5287088991266065, 'lag_19': 0.1541847278165623, 'lag_20': 0.4470147584252901, 'lag_21': 0.04854733775785915, 'lag_22': 0.6025357435695213, 'lag_23': 0.7004579692341343, 'lag_24': 0.38794652255844936, 'lag_25': 0.6914917494324775, 'lag_26': 0.11355400780225973, 'lag_27': 0.6797750037385037, 'lag_28': 0.20734520327647754}.
[I 2025-10-03 11:33:32,708] Trial 53 finished with values: [0.0020987654320987655, 0.006417590280995334, 0.0032624289960890757, 0.0013421394087774654, 0.0007558118286519832, 0.0001466420267007327, 0.0012739968309133556, 0.000681432368577793, 0.0004375006408659077, 0.001294215873902682, 0.00030640687011143414, 0.00436239924726428, 0.00594453659179914, 0.016944455883218655, 0.0, 0.03401708423604963, 0.0027422985837540466, 0.00020009160182193295, 0.0005636453176467584, 0.0015373208483273563, 6.142280534438692e-05, 0.0004947052478583338, 0.0007552146712195648, 0.00041335910322222967, 0.00018724504784394655, 0.0034734833951749803, 0.0005353599568584803, 0.0011836935954747164, 0.0007825802277878638] and parameters: {'lag_0': 0.8564396831384928, 'lag_1': 0.5813849640785967, 'lag_2': 0.11584503590845223, 'lag_3': 0.9152418279199347, 'lag_4': 0.11167041623349608, 'lag_5': 0.017954631326331943, 'lag_6': 0.5535325671564377, 'lag_7': 0.20158945894434863, 'lag_8': 0.3248360818201182, 'lag_9': 0.5671042015679485, 'lag_10': 0.7138819886273606, 'lag_11': 0.9409304942055864, 'lag_12': 0.30566820887049767, 'lag_13': 0.579657040831575, 'lag_14': 0.14711307997262818, 'lag_15': 0.7430592034180162, 'lag_16': 0.1730362363891893, 'lag_17': 0.20470918976815028, 'lag_18': 0.23648386689864467, 'lag_19': 0.06479882337839245, 'lag_20': 0.9692317625875904, 'lag_21': 0.9703949940766738, 'lag_22': 0.8228727702612905, 'lag_23': 0.14185684613673527, 'lag_24': 0.15468485142904712, 'lag_25': 0.42288822647809765, 'lag_26': 0.053845133242663594, 'lag_27': 0.3443460803991732, 'lag_28': 0.3792530131898365}.
[I 2025-10-03 11:33:35,355] Trial 54 finished with values: [0.010277777777777778, 0.0006331738744647196, 0.0034641216094300187, 0.0004831840075764433, 0.0007008358319889749, 0.0001726625848923319, 0.0010367117759266953, 0.0008452994234233256, 0.00026339144702853455, 0.002160366330238124, 0.00023790030880510598, 0.003620864480752735, 0.006760527087435889, 0.019366452453719808, 0.0, 0.029912204847878078, 0.0024929719392676533, 0.0008172134490612218, 0.0005068198437993631, 0.0012817963900353152, 9.827033739259203e-05, 0.0006065991742178685, 0.0011367664170579767, 0.00019563626712455485, 0.00021480131231995715, 0.0037905446806965693, 0.0004459579144941922, 0.001246442287309739, 0.0011890901556638354] and parameters: {'lag_0': 0.33772454269983415, 'lag_1': 0.7093325536064052, 'lag_2': 0.3605644461405441, 'lag_3': 0.8581120839962431, 'lag_4': 0.9221866607327878, 'lag_5': 0.5403498822971561, 'lag_6': 0.9307528944741585, 'lag_7': 0.11279843057772822, 'lag_8': 0.4789322567450239, 'lag_9': 0.46341829178650584, 'lag_10': 0.5961015821313704, 'lag_11': 0.28810607897944557, 'lag_12': 0.9635981010180044, 'lag_13': 0.14376372368534387, 'lag_14': 0.5588128806411324, 'lag_15': 0.8030149054972369, 'lag_16': 0.3606608356543921, 'lag_17': 0.42930499349699275, 'lag_18': 0.43329144841937955, 'lag_19': 0.26858089539129654, 'lag_20': 0.2279125163643792, 'lag_21': 0.7779628221204968, 'lag_22': 0.19282466059752332, 'lag_23': 0.7361116803319071, 'lag_24': 0.2994446949461727, 'lag_25': 0.2724381200087821, 'lag_26': 0.6348883461690897, 'lag_27': 0.3507444554019351, 'lag_28': 0.6687432282499749}.
[I 2025-10-03 11:33:38,008] Trial 55 finished with values: [0.0013888888888888887, 0.009125091272961598, 0.0033609565707381863, 0.0008108225913337673, 0.0012975865601372162, 0.00044137184954053197, 0.0022694320104355756, 0.0008330544421918268, 0.0004589204221680748, 0.0016797219157898124, 0.0006058051949399643, 0.005229710925221693, 0.005146984283040984, 0.017222589172091775, 0.0, 0.03112416192016279, 0.0028296652929891753, 0.00025610661315248205, 0.00020569058157846122, 0.0012656995408624493, 1.2184568303573377e-05, 0.0008846495070965766, 0.0007413242228429712, 0.00028408693593769526, 1.0879728802465343e-05, 0.005130840845922145, 0.00023095588078336963, 0.0006204668594561897, 0.0013263257288897282] and parameters: {'lag_0': 0.3068097980581775, 'lag_1': 0.9604677685906646, 'lag_2': 0.12399610934014697, 'lag_3': 0.9682452258563751, 'lag_4': 0.4005232959169646, 'lag_5': 0.48528996786155304, 'lag_6': 0.6906110255898803, 'lag_7': 0.730976470233994, 'lag_8': 0.3937071603872804, 'lag_9': 0.043349522879451076, 'lag_10': 0.8043003858884943, 'lag_11': 0.053284569425606554, 'lag_12': 0.4909022614424327, 'lag_13': 0.7317284087114774, 'lag_14': 0.26456632216204967, 'lag_15': 0.36279200104785797, 'lag_16': 0.25662782545546203, 'lag_17': 0.44219873182017544, 'lag_18': 0.3119798579496695, 'lag_19': 0.9253309180168479, 'lag_20': 0.3238018210778532, 'lag_21': 0.5144925911072793, 'lag_22': 0.08184119316982481, 'lag_23': 0.9664733268209625, 'lag_24': 0.8408004371527655, 'lag_25': 0.3663654683509897, 'lag_26': 0.5654390370120894, 'lag_27': 0.6196301747098247, 'lag_28': 0.9744404368683147}.
[I 2025-10-03 11:33:40,655] Trial 56 finished with values: [0.006444444444444445, 0.0006910905910107401, 0.002693625469735532, 0.0012754229784257946, 0.0008242003194813347, 0.0002650732496775153, 0.0015347918314476635, 0.0004475729337314573, 0.0004208975513057358, 0.0015325006499726128, 0.00026756045248522493, 0.0043117264440870814, 0.007222999833522928, 0.018421283888754504, 0.0, 0.03289227254145, 0.0025240456789664017, 0.00019547586410350215, 0.0002371916966598392, 0.0013070032282329295, 0.0001136175556421476, 0.0005601616580822701, 0.0007595308632275908, 0.0003109967336714576, 0.0001831102822354376, 0.00418670687327214, 0.0005247740599045775, 0.002346859236461864, 0.0012621714838969612] and parameters: {'lag_0': 0.5555846250031411, 'lag_1': 0.49791602172412763, 'lag_2': 0.3395792896230266, 'lag_3': 0.20429600521707522, 'lag_4': 0.4847192800103458, 'lag_5': 0.7777739225524222, 'lag_6': 0.7952941302262493, 'lag_7': 0.8139851117433381, 'lag_8': 0.003983923552095293, 'lag_9': 0.34038544588288633, 'lag_10': 0.7806193966977063, 'lag_11': 0.6396917996654345, 'lag_12': 0.030712729910611507, 'lag_13': 0.324052842884884, 'lag_14': 0.21416909432181175, 'lag_15': 0.6833223002253084, 'lag_16': 0.5326068827962, 'lag_17': 0.7344855598784717, 'lag_18': 0.1728468126207169, 'lag_19': 0.19895983353461072, 'lag_20': 0.8441137975319261, 'lag_21': 0.7064163641902287, 'lag_22': 0.2506469605040149, 'lag_23': 0.27065581071067185, 'lag_24': 0.819789606890935, 'lag_25': 0.9942153324227688, 'lag_26': 0.7067178812259022, 'lag_27': 0.289057218408169, 'lag_28': 0.5685322183160689}.
[I 2025-10-03 11:33:43,425] Trial 57 finished with values: [0.0011111111111111111, 0.004778533950617283, 0.004722013830325519, 0.0009675173145216849, 0.0003183378090155347, 0.00046967068866127476, 0.0010088081814648617, 0.00023010554893717846, 0.00023346255708085934, 0.0017152636659613588, 0.0002784197270050549, 0.004116493084976444, 0.008137507482433803, 0.01842812568214512, 0.0, 0.03416386679654789, 0.0028322863866591013, 0.00013296561415236305, 0.0001941481386669996, 0.0019311031773743992, 0.00012314486625465085, 0.0007925111666447368, 0.0008852497485547093, 0.00037337141105356537, 0.00032944513998488446, 0.003093400194737245, 0.0001281332942861364, 0.0012399458203489768, 0.0012880442677933365] and parameters: {'lag_0': 0.5747846184452083, 'lag_1': 0.46155179261666157, 'lag_2': 0.6242518669420902, 'lag_3': 0.8959323502678735, 'lag_4': 0.005190357431531024, 'lag_5': 0.49024527983960015, 'lag_6': 0.4907563758769764, 'lag_7': 0.3491713319519924, 'lag_8': 0.5625750484163413, 'lag_9': 0.08302127561788633, 'lag_10': 0.8721661345356687, 'lag_11': 0.4475218641590389, 'lag_12': 0.11280985700208744, 'lag_13': 0.15161229633780435, 'lag_14': 0.04467176753497707, 'lag_15': 0.06674561818513462, 'lag_16': 0.9442235709861265, 'lag_17': 0.10692452951190293, 'lag_18': 0.3295972415831877, 'lag_19': 0.09710067405690608, 'lag_20': 0.4354861390983576, 'lag_21': 0.8264520678068001, 'lag_22': 0.9432870749657726, 'lag_23': 0.7004579692341343, 'lag_24': 0.11669658437263697, 'lag_25': 0.30414324017836847, 'lag_26': 0.11355400780225973, 'lag_27': 0.03113333053738353, 'lag_28': 0.6332805944379843}.
[I 2025-10-03 11:33:46,085] Trial 58 finished with values: [0.0011111111111111111, 0.0031062988665579725, 0.0032615991847120876, 0.0016162173194506266, 0.000406846850252903, 0.00010625017417795657, 0.0010500349817380399, 0.0007320614502817714, 0.0005602608836062733, 0.0015793572446181682, 0.0007714063747815093, 0.004769299334889712, 0.008547174739698477, 0.016676319352320855, 0.0, 0.039720670770732235, 0.002302564245054552, 0.00012428264327114165, 0.00028581571380568673, 0.0012113886813019388, 2.5105493024168804e-05, 0.0005320525256810284, 0.0006381391320930665, 0.00010282391890914622, 0.0001704306037864836, 0.004796157165802264, 0.0007922869569713182, 0.0022570353895690217, 0.0016067632869522133] and parameters: {'lag_0': 0.5611113796301976, 'lag_1': 0.7602451415866187, 'lag_2': 0.2231098029496395, 'lag_3': 0.31302996761618496, 'lag_4': 0.536584809022422, 'lag_5': 0.8238996263487305, 'lag_6': 0.11837506400516999, 'lag_7': 0.5080013848760563, 'lag_8': 0.797230553171378, 'lag_9': 0.5252002147748729, 'lag_10': 0.5561967371455161, 'lag_11': 0.8846525128202561, 'lag_12': 0.16940071527035136, 'lag_13': 0.8375131385756233, 'lag_14': 0.23089825536669567, 'lag_15': 0.6621831819817231, 'lag_16': 0.38396008352439104, 'lag_17': 0.8188433116241254, 'lag_18': 0.32757172109317767, 'lag_19': 0.3011098004445551, 'lag_20': 0.9806209014632323, 'lag_21': 0.5415290301239879, 'lag_22': 0.7347644434158892, 'lag_23': 0.44304999580832594, 'lag_24': 0.06237953546642213, 'lag_25': 0.5274519702719752, 'lag_26': 0.06954007454134914, 'lag_27': 0.32776283081896695, 'lag_28': 0.18325385027511695}.
[I 2025-10-03 11:33:48,729] Trial 59 finished with values: [0.0011111111111111111, 0.0019079946027997976, 0.0026973637677882314, 0.0013518385310896546, 0.0004229220946653866, 0.0009502418325257821, 0.0013550821803646556, 0.0008123744907589152, 0.00019462475606318999, 0.0007658879536624954, 0.00029133683353588057, 0.004817317564287706, 0.007731987591073883, 0.01864997547163537, 0.0, 0.03772754391201194, 0.0016456448901705542, 0.000692984225840597, 0.000248679211280204, 0.0014227640825972803, 0.00023918649002921166, 0.0007788536265877812, 0.0009664410409391524, 0.00029642006359330145, 0.0002435405654342746, 0.0039097015389861905, 0.0003415050369232174, 0.0019973499779626378, 0.001026319981372769] and parameters: {'lag_0': 0.1946373918336557, 'lag_1': 0.2064921865782785, 'lag_2': 0.8558568881754252, 'lag_3': 0.08132252774110983, 'lag_4': 0.25315737767184787, 'lag_5': 0.2806529015908145, 'lag_6': 0.9366259825536087, 'lag_7': 0.38403891320063116, 'lag_8': 0.6027668162378853, 'lag_9': 0.7825357252787408, 'lag_10': 0.22769941242167613, 'lag_11': 0.4677827212068723, 'lag_12': 0.47468269458045176, 'lag_13': 0.8477642522163534, 'lag_14': 0.28186356875254376, 'lag_15': 0.6672364337536352, 'lag_16': 0.8133768646817702, 'lag_17': 0.21917165130345467, 'lag_18': 0.9509933451938818, 'lag_19': 0.7527928585693395, 'lag_20': 0.6410957337196819, 'lag_21': 0.5391234979581455, 'lag_22': 0.6078604695361094, 'lag_23': 0.9226555375697614, 'lag_24': 0.4891173759019018, 'lag_25': 0.0235488349703259, 'lag_26': 0.9160269439351822, 'lag_27': 0.38525806743192087, 'lag_28': 0.11217601115385406}.
[I 2025-10-03 11:33:51,376] Trial 60 finished with values: [0.0074320987654321, 0.005448530981960515, 0.0034715746140217578, 0.001673458666984384, 0.0025276373911588762, 0.00020609498825056313, 0.0016045391427621282, 0.00031913367978382204, 0.00017145049659179844, 0.0014018872087693016, 0.000119931724566944, 0.004467674844629636, 0.008753609755718306, 0.018362530551970076, 0.0, 0.027615244427770597, 0.0030219753999253087, 0.00026556759882425437, 0.00029817171494558165, 0.0019075248563682153, 0.00015780912501632582, 0.0006070289590494639, 0.0004004280819439033, 0.00027464527523928786, 0.0002507097129601162, 0.0027502627693185328, 0.0003104194055817608, 0.0006611756541725731, 0.0015069105139443122] and parameters: {'lag_0': 0.43347723967910146, 'lag_1': 0.08801344397088554, 'lag_2': 0.8558568881754252, 'lag_3': 0.08132252774110983, 'lag_4': 0.28921184674409817, 'lag_5': 0.4651789837737554, 'lag_6': 0.9366259825536087, 'lag_7': 0.911879464700606, 'lag_8': 0.6027668162378853, 'lag_9': 0.7825357252787408, 'lag_10': 0.4440389064030895, 'lag_11': 0.5932294072022554, 'lag_12': 0.47468269458045176, 'lag_13': 0.8477642522163534, 'lag_14': 0.7974573156718966, 'lag_15': 0.35596046463181746, 'lag_16': 0.15449534983248397, 'lag_17': 0.21917165130345467, 'lag_18': 0.6785256462256269, 'lag_19': 0.3863680270606089, 'lag_20': 0.5778249448050816, 'lag_21': 0.4686478137289848, 'lag_22': 0.7033609356814683, 'lag_23': 0.6656621131087508, 'lag_24': 0.27567759503005607, 'lag_25': 0.0235488349703259, 'lag_26': 0.9160269439351822, 'lag_27': 0.315264688201979, 'lag_28': 0.543194574380606}.
[I 2025-10-03 11:33:54,021] Trial 61 finished with values: [0.0013888888888888887, 0.004555461660416345, 0.0023461412557500847, 0.0010135110641110807, 0.0006485566325755241, 0.00013569691282441684, 0.0018641767653826725, 0.0006447577391746815, 0.00022153014379390569, 0.0005659006713493208, 0.00035763868162970013, 0.00556796616514639, 0.006717306810380849, 0.018773940875016975, 0.0, 0.033190754868748326, 0.002103257112113649, 0.00012851380516639148, 0.00016654721162402236, 0.0011906433698140241, 0.00019243724710501657, 0.0003918229270303064, 0.0003835739886326775, 0.0001847677605859132, 0.00019060654903883112, 0.004133150117771699, 0.00013810152577000028, 0.0008472098630130014, 0.0008506616257088846] and parameters: {'lag_0': 0.05752451107898965, 'lag_1': 0.36843358591361636, 'lag_2': 0.2873641277143713, 'lag_3': 0.7882388957805112, 'lag_4': 0.25247872625767925, 'lag_5': 0.33132365861299945, 'lag_6': 0.7872817600527611, 'lag_7': 0.16637515685165177, 'lag_8': 0.5606240369856056, 'lag_9': 0.138593425064481, 'lag_10': 0.5831970065899634, 'lag_11': 0.3389240871198165, 'lag_12': 0.5302195675656446, 'lag_13': 0.8645611045653684, 'lag_14': 0.5093006293454839, 'lag_15': 0.15971383708514697, 'lag_16': 0.9626573883347913, 'lag_17': 0.6619609906418575, 'lag_18': 0.10394018878386932, 'lag_19': 0.29044405345052016, 'lag_20': 0.09844555691457317, 'lag_21': 0.6999027107793708, 'lag_22': 0.4277591269271885, 'lag_23': 0.9298003712473646, 'lag_24': 0.9141717119193153, 'lag_25': 0.7497530160252881, 'lag_26': 0.5949231116429761, 'lag_27': 0.7293008678541179, 'lag_28': 0.9403093486585822}.
[I 2025-10-03 11:33:56,664] Trial 62 finished with values: [0.0011111111111111111, 0.00044592867368389784, 0.004380730461653382, 0.0019496360630920997, 0.0014182699619553513, 0.0005135103446246054, 0.0010109989611761464, 0.00045317610088443157, 0.0007622133487861166, 0.0015132572580204339, 0.00014782272849346632, 0.005029264097432403, 0.007665302104090372, 0.017046732907753402, 0.0, 0.03553841448520883, 0.0023858391407930125, 0.0004423349180721686, 0.0002640055654462855, 0.001966349292856107, 2.968191253367525e-05, 0.0011189388530427624, 0.0005375679607434534, 0.0001843518229248838, 9.037429916366034e-05, 0.003495486183587184, 9.221782553485451e-05, 0.0005943715543521072, 0.0014973416963775155] and parameters: {'lag_0': 0.22302656771196766, 'lag_1': 0.36843358591361636, 'lag_2': 0.2873641277143713, 'lag_3': 0.7248157429912493, 'lag_4': 0.25247872625767925, 'lag_5': 0.33132365861299945, 'lag_6': 0.7301978011219995, 'lag_7': 0.48765491582802334, 'lag_8': 0.019395789138978856, 'lag_9': 0.138593425064481, 'lag_10': 0.6720906132095651, 'lag_11': 0.755574134259889, 'lag_12': 0.5302195675656446, 'lag_13': 0.31707473117143753, 'lag_14': 0.6895451879855776, 'lag_15': 0.15971383708514697, 'lag_16': 0.9507099887668828, 'lag_17': 0.7333817875171691, 'lag_18': 0.10394018878386932, 'lag_19': 0.29044405345052016, 'lag_20': 0.9469292429769611, 'lag_21': 0.6999027107793708, 'lag_22': 0.4277591269271885, 'lag_23': 0.9298003712473646, 'lag_24': 0.9141717119193153, 'lag_25': 0.0837033076090369, 'lag_26': 0.27909647496874107, 'lag_27': 0.7293008678541179, 'lag_28': 0.4530218237384146}.
[I 2025-10-03 11:33:59,313] Trial 63 finished with values: [0.0011111111111111111, 0.0020000000000000005, 0.0023318459050801215, 0.0006350194949469295, 0.0006345728620512811, 0.00044657008381346325, 0.0005695428814637999, 0.00016589297773523127, 0.00047747247533958085, 0.0013493621306019912, 0.00026170440064948524, 0.004454384784890642, 0.00812674231816729, 0.019273904481746335, 0.0, 0.03239627897429549, 0.0016032161961342301, 0.0006769425494077964, 0.00023428241104844188, 0.0020299420854314205, 0.0002680003316294277, 0.0012389819837707358, 0.0005560146775854439, 0.0005076572972091768, 0.00016806026635819474, 0.004200737137644877, 0.00021285479870921317, 0.0011481101350039155, 0.0006738023153244815] and parameters: {'lag_0': 0.2711144817887227, 'lag_1': 0.6250480076011341, 'lag_2': 0.1516406252054062, 'lag_3': 0.5847058671258623, 'lag_4': 0.3520250712415047, 'lag_5': 0.7867153201750358, 'lag_6': 0.861866470717642, 'lag_7': 0.020469391919942008, 'lag_8': 0.6521922784250981, 'lag_9': 0.11471618487436638, 'lag_10': 0.4246064841513146, 'lag_11': 0.16580557230943507, 'lag_12': 0.9339108095340577, 'lag_13': 0.8576307853405166, 'lag_14': 0.5761965161389904, 'lag_15': 0.13140812200271143, 'lag_16': 0.8947102534735518, 'lag_17': 0.04837916635652396, 'lag_18': 0.6119797708228901, 'lag_19': 0.6752160152014012, 'lag_20': 0.5414168931363963, 'lag_21': 0.5151620439352078, 'lag_22': 0.9090560155921871, 'lag_23': 0.8864404884245471, 'lag_24': 0.8132163010066314, 'lag_25': 0.25744045122858755, 'lag_26': 0.04785729907871864, 'lag_27': 0.5067828393715621, 'lag_28': 0.3986020568338625}.
