[I 2025-09-29 11:57:38,833] Trial 45 finished with value: 0.01997783443171456 and parameters: {'lag_0': 0.6590931331343839, 'lag_1': 0.9510657435819879, 'lag_2': 0.15441305566941804, 'lag_3': 0.24107489263037118, 'lag_4': 0.12414155999470738, 'lag_5': 0.6141361981328419, 'lag_6': 0.467468136734485, 'lag_7': 0.2190051799601907, 'lag_8': 0.39613282178615095, 'lag_9': 0.2564500960137094, 'lag_10': 0.924267166887408, 'lag_11': 0.2947359146283673, 'lag_12': 0.841965832024418, 'lag_13': 0.4725336459534217, 'lag_14': 0.3952868127154962, 'lag_15': 0.17257995855299474, 'lag_16': 0.6533582138959093, 'lag_17': 0.7212653520819947, 'lag_18': 0.7246691942839634, 'lag_19': 0.3672450921985542, 'lag_20': 0.7040474511634083, 'lag_21': 0.9866123219957317, 'lag_22': 0.6006535936321802, 'lag_23': 0.6348417070347478, 'lag_24': 0.9430861111715212, 'lag_25': 0.972144698265757, 'lag_26': 0.8587663074091313, 'lag_27': 0.7448307813053826, 'lag_28': 0.6478982939760116}. Best is trial 45 with value: 0.01997783443171456.
[I 2025-09-29 11:57:41,296] Trial 46 finished with value: 0.020687485826763396 and parameters: {'lag_0': 0.24161189654207593, 'lag_1': 0.9505408440600693, 'lag_2': 0.1395505841423964, 'lag_3': 0.04962269396198993, 'lag_4': 0.09067792867338384, 'lag_5': 0.5701252179459162, 'lag_6': 0.5743383569666631, 'lag_7': 0.3814918373856858, 'lag_8': 0.40259528764012686, 'lag_9': 0.24429193335159793, 'lag_10': 0.9276195424127305, 'lag_11': 0.2916527879568891, 'lag_12': 0.8635324186473485, 'lag_13': 0.9879665788947372, 'lag_14': 0.7178375931696401, 'lag_15': 0.16811599312694298, 'lag_16': 0.9154585659589916, 'lag_17': 0.7115030369112589, 'lag_18': 0.7509920628683492, 'lag_19': 0.37286502282051354, 'lag_20': 0.6899091492896375, 'lag_21': 0.9887731209974168, 'lag_22': 0.6025389210492118, 'lag_23': 0.9818539058974645, 'lag_24': 0.9304569159166479, 'lag_25': 0.8244815528142209, 'lag_26': 0.8488641128989644, 'lag_27': 0.7525983356077574, 'lag_28': 0.6398595344803902}. Best is trial 45 with value: 0.01997783443171456.
[I 2025-09-29 11:57:43,625] Trial 47 finished with value: 0.02031554776911634 and parameters: {'lag_0': 0.1300025027388638, 'lag_1': 0.879364587002601, 'lag_2': 0.7754392731332321, 'lag_3': 0.22716622450530075, 'lag_4': 0.13405694100815424, 'lag_5': 0.6401023278790899, 'lag_6': 0.45652212071005943, 'lag_7': 0.7855332784936113, 'lag_8': 0.5021786180278236, 'lag_9': 0.2828975981338605, 'lag_10': 0.0435146384478961, 'lag_11': 0.5338973661664704, 'lag_12': 0.9590211287509454, 'lag_13': 0.2957174204318527, 'lag_14': 0.4696217954210787, 'lag_15': 0.27445970887079113, 'lag_16': 0.559713553918214, 'lag_17': 0.9311558110395624, 'lag_18': 0.6930441724318209, 'lag_19': 0.9256161816287405, 'lag_20': 0.8683690593499005, 'lag_21': 0.280076587997698, 'lag_22': 0.5443797436061347, 'lag_23': 0.6217312792652894, 'lag_24': 0.9684811215930547, 'lag_25': 0.8886770814414764, 'lag_26': 0.9318287121337695, 'lag_27': 0.8093257473871797, 'lag_28': 0.5766137709262906}. Best is trial 45 with value: 0.01997783443171456.
[I 2025-09-29 11:57:45,945] Trial 48 finished with value: 0.02066841047039015 and parameters: {'lag_0': 0.5989405721133392, 'lag_1': 0.08075659616537817, 'lag_2': 0.0738731110478552, 'lag_3': 0.1310884447753552, 'lag_4': 0.2714009849615878, 'lag_5': 0.443820139327467, 'lag_6': 0.5144546788765681, 'lag_7': 0.4343327719029705, 'lag_8': 0.5694034179241803, 'lag_9': 0.7043494946911282, 'lag_10': 0.7961413268250518, 'lag_11': 0.4323842603420073, 'lag_12': 0.7902129812535565, 'lag_13': 0.6949175767190501, 'lag_14': 0.8059636093316805, 'lag_15': 0.45300392517419574, 'lag_16': 0.6701492206430395, 'lag_17': 0.8161466539361771, 'lag_18': 0.5353133770010098, 'lag_19': 0.1658289921545661, 'lag_20': 0.6270680930758662, 'lag_21': 0.11607819247286248, 'lag_22': 0.4167504349247233, 'lag_23': 0.7874560884125941, 'lag_24': 0.8677108222019094, 'lag_25': 0.15352218614183172, 'lag_26': 0.8495186109094405, 'lag_27': 0.8546991628660484, 'lag_28': 0.5134964109071116}. Best is trial 45 with value: 0.01997783443171456.
[I 2025-09-29 11:57:48,257] Trial 49 finished with value: 0.02055626026735729 and parameters: {'lag_0': 0.8079834272641816, 'lag_1': 0.3250082281480021, 'lag_2': 0.18523511270313725, 'lag_3': 0.25545006142657917, 'lag_4': 0.012608150836824844, 'lag_5': 0.5138659506708319, 'lag_6': 0.7188786928520979, 'lag_7': 0.21348833543727852, 'lag_8': 0.8409554828149468, 'lag_9': 0.4555759808396661, 'lag_10': 0.9648846274039022, 'lag_11': 0.3735581454658161, 'lag_12': 0.8673682721787903, 'lag_13': 0.49351709480145955, 'lag_14': 0.5457314945956069, 'lag_15': 0.19392808052131805, 'lag_16': 0.3864693632479416, 'lag_17': 0.654819133792221, 'lag_18': 0.8062210868600497, 'lag_19': 0.6389579441111861, 'lag_20': 0.7833073504169887, 'lag_21': 0.21141447010660186, 'lag_22': 0.4797276521320816, 'lag_23': 0.2807599210771454, 'lag_24': 0.5202924188626765, 'lag_25': 0.9661055426833166, 'lag_26': 0.7596754880042591, 'lag_27': 0.9924257076287557, 'lag_28': 0.3357209112929678}. Best is trial 45 with value: 0.01997783443171456.
[I 2025-09-29 11:57:50,572] Trial 50 finished with value: 0.020615854192787487 and parameters: {'lag_0': 0.4828093329684246, 'lag_1': 0.8158258679241817, 'lag_2': 0.24492248561182212, 'lag_3': 0.18401259261468536, 'lag_4': 0.19535094167889505, 'lag_5': 0.607871921511462, 'lag_6': 0.05402433843812707, 'lag_7': 0.13915133931917084, 'lag_8': 0.4248560053720143, 'lag_9': 0.7919578182866558, 'lag_10': 0.36783832364029306, 'lag_11': 0.21063262929881615, 'lag_12': 0.9837443003601462, 'lag_13': 0.8927568842623559, 'lag_14': 0.2913692159653588, 'lag_15': 0.24413226569757224, 'lag_16': 0.4967671814742666, 'lag_17': 0.7646815986150616, 'lag_18': 0.464300777696373, 'lag_19': 0.2050078280000963, 'lag_20': 0.7335264456327636, 'lag_21': 0.4035988502154918, 'lag_22': 0.27966126672147057, 'lag_23': 0.4154706290078215, 'lag_24': 0.22912171459814062, 'lag_25': 0.7839955831914516, 'lag_26': 0.8878539610330326, 'lag_27': 0.7185354429859574, 'lag_28': 0.4501768816128232}. Best is trial 45 with value: 0.01997783443171456.
[I 2025-09-29 11:57:52,887] Trial 51 finished with value: 0.020681862005135613 and parameters: {'lag_0': 0.6990747730880743, 'lag_1': 0.960188898964277, 'lag_2': 0.9272762812053488, 'lag_3': 0.22832852238295548, 'lag_4': 0.6710610848357222, 'lag_5': 0.7453923206566958, 'lag_6': 0.3558458090339821, 'lag_7': 0.0374660640088109, 'lag_8': 0.3062418822987293, 'lag_9': 0.11949237026595556, 'lag_10': 0.652651103358443, 'lag_11': 0.16025892502344835, 'lag_12': 0.7345139502674924, 'lag_13': 0.4556728914608757, 'lag_14': 0.36392995738898076, 'lag_15': 0.04715140045020283, 'lag_16': 0.635662197301666, 'lag_17': 0.44542130897257043, 'lag_18': 0.8485971150535284, 'lag_19': 0.2908232091282556, 'lag_20': 0.9622756006657232, 'lag_21': 0.926352535886699, 'lag_22': 0.6215948794260392, 'lag_23': 0.5582922643917722, 'lag_24': 0.7269077683403367, 'lag_25': 0.9970056627416684, 'lag_26': 0.9927857134349478, 'lag_27': 0.0995488076831357, 'lag_28': 0.7017464644353638}. Best is trial 45 with value: 0.01997783443171456.
[I 2025-09-29 11:57:55,202] Trial 52 finished with value: 0.02013299065878882 and parameters: {'lag_0': 0.6362383521770942, 'lag_1': 0.9989002098874056, 'lag_2': 0.11917025294155136, 'lag_3': 0.3538093511172774, 'lag_4': 0.5588771805812635, 'lag_5': 0.9272196551697796, 'lag_6': 0.3118664898715212, 'lag_7': 0.06406100630570519, 'lag_8': 0.21026563682628024, 'lag_9': 0.072671261581711, 'lag_10': 0.8961590063445509, 'lag_11': 0.08598098175407443, 'lag_12': 0.6448874650198091, 'lag_13': 0.5400023361386491, 'lag_14': 0.41519924413389747, 'lag_15': 0.1409809401700658, 'lag_16': 0.7367098647360426, 'lag_17': 0.5297972864916641, 'lag_18': 0.7293380392597948, 'lag_19': 0.3445558225338219, 'lag_20': 0.2502751224623406, 'lag_21': 0.8813055129529975, 'lag_22': 0.7525319531369618, 'lag_23': 0.6790475930611496, 'lag_24': 0.7802171749953448, 'lag_25': 0.9178894820898174, 'lag_26': 0.9300186052051197, 'lag_27': 0.5934176851931612, 'lag_28': 0.8184211015374724}. Best is trial 45 with value: 0.01997783443171456.
[I 2025-09-29 11:57:57,512] Trial 53 finished with value: 0.020621054474271115 and parameters: {'lag_0': 0.6307717218429861, 'lag_1': 0.9459166859059, 'lag_2': 0.11766999616615557, 'lag_3': 0.3616710747697169, 'lag_4': 0.4205362437677678, 'lag_5': 0.9329316924582329, 'lag_6': 0.24710284667565724, 'lag_7': 0.12906517445385726, 'lag_8': 0.22191455501498586, 'lag_9': 0.9407439396803634, 'lag_10': 0.8908966880258615, 'lag_11': 0.10084223892292701, 'lag_12': 0.5262043131186925, 'lag_13': 0.5705463737195307, 'lag_14': 0.42457255314534104, 'lag_15': 0.1418633248462089, 'lag_16': 0.5944122870248706, 'lag_17': 0.6276315127958823, 'lag_18': 0.5870909503995256, 'lag_19': 0.3549938638212707, 'lag_20': 0.1485147923988338, 'lag_21': 0.9705991299949085, 'lag_22': 0.8301504415643081, 'lag_23': 0.8907011104168857, 'lag_24': 0.842302189043885, 'lag_25': 0.9090853188435235, 'lag_26': 0.9257647667456634, 'lag_27': 0.5998304382857773, 'lag_28': 0.8353086897370181}. Best is trial 45 with value: 0.01997783443171456.
[I 2025-09-29 11:57:59,827] Trial 54 finished with value: 0.020651365334634318 and parameters: {'lag_0': 0.3468826327408652, 'lag_1': 0.8971140692657529, 'lag_2': 0.07058222288389557, 'lag_3': 0.28679064873638743, 'lag_4': 0.7592354959101381, 'lag_5': 0.9977640201603737, 'lag_6': 0.39563209262838267, 'lag_7': 0.242834136764493, 'lag_8': 0.21703442704517398, 'lag_9': 0.17778103727570366, 'lag_10': 0.8415428853868734, 'lag_11': 0.02078671439599518, 'lag_12': 0.8359913815624036, 'lag_13': 0.610331400979143, 'lag_14': 0.6239301983603991, 'lag_15': 0.12329764993902949, 'lag_16': 0.7567203349091326, 'lag_17': 0.5435090528517226, 'lag_18': 0.720703759404103, 'lag_19': 0.49077610058587195, 'lag_20': 0.8740961987708301, 'lag_21': 0.8741952775220436, 'lag_22': 0.6894487675090704, 'lag_23': 0.6799223310216603, 'lag_24': 0.955019506685401, 'lag_25': 0.8407392965974363, 'lag_26': 0.9565774188619273, 'lag_27': 0.3632308968603776, 'lag_28': 0.8084902087906571}. Best is trial 45 with value: 0.01997783443171456.
[I 2025-09-29 11:58:02,145] Trial 55 finished with value: 0.020466470029427305 and parameters: {'lag_0': 0.7328070376062412, 'lag_1': 0.9707396867117358, 'lag_2': 0.6595868330852229, 'lag_3': 0.9989225572414934, 'lag_4': 0.10974516870015671, 'lag_5': 0.8506562756849235, 'lag_6': 0.20770172093836464, 'lag_7': 0.0720090650618108, 'lag_8': 0.17799046996658746, 'lag_9': 0.3386424521755033, 'lag_10': 0.9310926355080098, 'lag_11': 0.26941148204882726, 'lag_12': 0.7669877051920161, 'lag_13': 0.9540526981085881, 'lag_14': 0.3969519344151844, 'lag_15': 0.35681860191586834, 'lag_16': 0.7251125832471118, 'lag_17': 0.6709881223172384, 'lag_18': 0.6672317498647062, 'lag_19': 0.4281835314089315, 'lag_20': 0.2650109180260283, 'lag_21': 0.9004899267582346, 'lag_22': 0.7727811819662276, 'lag_23': 0.6197679144336591, 'lag_24': 0.8135388680145703, 'lag_25': 0.8672898467200866, 'lag_26': 0.821029413146364, 'lag_27': 0.16813337460840794, 'lag_28': 0.6447782037997649}. Best is trial 45 with value: 0.01997783443171456.
[I 2025-09-29 11:58:04,466] Trial 56 finished with value: 0.020484122659516737 and parameters: {'lag_0': 0.8026093646485363, 'lag_1': 0.7546798371139218, 'lag_2': 0.019845161804058736, 'lag_3': 0.09057335534924371, 'lag_4': 0.5054528795489708, 'lag_5': 0.4019908401446642, 'lag_6': 0.46578924029987445, 'lag_7': 0.30349657197364394, 'lag_8': 0.6637675437907448, 'lag_9': 0.06239832955314495, 'lag_10': 0.8248888300920049, 'lag_11': 0.5739594937674612, 'lag_12': 0.6414640123158429, 'lag_13': 0.8391496493966091, 'lag_14': 0.4833417270551545, 'lag_15': 0.2901152808080353, 'lag_16': 0.7302405315057531, 'lag_17': 0.5714690703213571, 'lag_18': 0.7454987350944938, 'lag_19': 0.23021645028662405, 'lag_20': 0.8341474065817006, 'lag_21': 0.9541921117426129, 'lag_22': 0.8986672225689987, 'lag_23': 0.39093279700121875, 'lag_24': 0.4414390239258271, 'lag_25': 0.9201543020204859, 'lag_26': 0.9991382546684479, 'lag_27': 0.6738513792286847, 'lag_28': 0.9444989662803546}. Best is trial 45 with value: 0.01997783443171456.
[I 2025-09-29 11:58:06,786] Trial 57 finished with value: 0.020994110172123243 and parameters: {'lag_0': 0.5130950746724425, 'lag_1': 0.8250244073926343, 'lag_2': 0.4866608900309717, 'lag_3': 0.4425594963510795, 'lag_4': 0.6393388917001879, 'lag_5': 0.7181346373599349, 'lag_6': 0.11588345471638123, 'lag_7': 0.18901810514255593, 'lag_8': 0.36496873157847454, 'lag_9': 0.24834360588433657, 'lag_10': 0.9873501807589562, 'lag_11': 0.40614255258440723, 'lag_12': 0.707638981133331, 'lag_13': 0.5226465249177519, 'lag_14': 0.5269841629399769, 'lag_15': 0.17974725908863165, 'lag_16': 0.8376891646744178, 'lag_17': 0.7357357105708894, 'lag_18': 0.61019090865317, 'lag_19': 0.31641008907034746, 'lag_20': 0.6912688613988048, 'lag_21': 0.7191250812696014, 'lag_22': 0.5743620650656883, 'lag_23': 0.7309164690284025, 'lag_24': 0.7577378414647217, 'lag_25': 0.6682109771127014, 'lag_26': 0.740282767469812, 'lag_27': 0.46114693189322115, 'lag_28': 0.7446412587611826}. Best is trial 45 with value: 0.01997783443171456.
[I 2025-09-29 11:58:09,112] Trial 58 finished with value: 0.020353731821268563 and parameters: {'lag_0': 0.5675698310333845, 'lag_1': 0.994028332533673, 'lag_2': 0.19541636050410835, 'lag_3': 0.14828379653015292, 'lag_4': 0.028925304846537964, 'lag_5': 0.9495974416491967, 'lag_6': 0.3124258240595646, 'lag_7': 0.043358850185514566, 'lag_8': 0.4726962767350149, 'lag_9': 0.6158936508732682, 'lag_10': 0.9014607061428113, 'lag_11': 0.3060370100849775, 'lag_12': 0.30003164384121556, 'lag_13': 0.38240392934413214, 'lag_14': 0.3133368225185752, 'lag_15': 0.9281053208115747, 'lag_16': 0.6603137719286485, 'lag_17': 0.39632545614586745, 'lag_18': 0.7820144698685026, 'lag_19': 0.3935177667549116, 'lag_20': 0.24559155934363558, 'lag_21': 0.3676753029044075, 'lag_22': 0.6588680058389887, 'lag_23': 0.6634027198260923, 'lag_24': 0.7025868235464764, 'lag_25': 0.966386876936158, 'lag_26': 0.91321565780542, 'lag_27': 0.5968638693988529, 'lag_28': 0.7999516160885415}. Best is trial 45 with value: 0.01997783443171456.
[I 2025-09-29 11:58:11,428] Trial 59 finished with value: 0.020793734578168445 and parameters: {'lag_0': 0.6550182099655605, 'lag_1': 0.922266240993772, 'lag_2': 0.24252382734420988, 'lag_3': 0.3214126904571684, 'lag_4': 0.5497410833912385, 'lag_5': 0.7731725782366023, 'lag_6': 0.2570551485919482, 'lag_7': 0.37639800675433155, 'lag_8': 0.1274113145714253, 'lag_9': 0.8555895723591448, 'lag_10': 0.2379929519047479, 'lag_11': 0.08137915296130825, 'lag_12': 0.48693070877317346, 'lag_13': 0.2922023860137277, 'lag_14': 0.06940023833165199, 'lag_15': 0.06481060254107877, 'lag_16': 0.5389950603206392, 'lag_17': 0.5201216462461882, 'lag_18': 0.8420117353656675, 'lag_19': 0.27289999170522755, 'lag_20': 0.32987844184138987, 'lag_21': 0.8337783774677051, 'lag_22': 0.7352779057874848, 'lag_23': 0.8223272312073009, 'lag_24': 0.6443147862311889, 'lag_25': 0.7709615305218956, 'lag_26': 0.8403281642928402, 'lag_27': 0.7660058599355855, 'lag_28': 0.6935530242426722}. Best is trial 45 with value: 0.01997783443171456.
[I 2025-09-29 11:58:13,745] Trial 60 finished with value: 0.020353435344902866 and parameters: {'lag_0': 0.9457919411990497, 'lag_1': 0.8692999460706281, 'lag_2': 0.12994961259361626, 'lag_3': 0.5039677765262478, 'lag_4': 0.19899793622416212, 'lag_5': 0.8808411682456235, 'lag_6': 0.41891416955630933, 'lag_7': 0.10643943922803518, 'lag_8': 0.304281833212906, 'lag_9': 0.5480203975263264, 'lag_10': 0.4371652176792298, 'lag_11': 0.21109089831937733, 'lag_12': 0.8926968388472323, 'lag_13': 0.33221806501361806, 'lag_14': 0.5505168656261323, 'lag_15': 0.20869956011231972, 'lag_16': 0.5997012383175522, 'lag_17': 0.46864515900625425, 'lag_18': 0.9605053365944715, 'lag_19': 0.1686370523953521, 'lag_20': 0.4073099114809687, 'lag_21': 0.8918270997170912, 'lag_22': 0.9395907774586325, 'lag_23': 0.49321180780479046, 'lag_24': 0.990645853106596, 'lag_25': 0.710383074999549, 'lag_26': 0.10356698273835913, 'lag_27': 0.41498390594023477, 'lag_28': 0.37487561201188263}. Best is trial 45 with value: 0.01997783443171456.
[I 2025-09-29 11:58:16,060] Trial 61 finished with value: 0.020519063000574878 and parameters: {'lag_0': 0.6963950976684182, 'lag_1': 0.9665793062274424, 'lag_2': 0.08803090093976021, 'lag_3': 0.3492971690609786, 'lag_4': 0.569977108452782, 'lag_5': 0.8341264061817499, 'lag_6': 0.34078926859127645, 'lag_7': 0.00013232960643094413, 'lag_8': 0.2626366512029395, 'lag_9': 0.0834149534409271, 'lag_10': 0.7372912890103901, 'lag_11': 0.1258694587559775, 'lag_12': 0.6259729505489995, 'lag_13': 0.571900775261441, 'lag_14': 0.4093988554290655, 'lag_15': 0.04140700857244291, 'lag_16': 0.8038077729038349, 'lag_17': 0.5692848609544643, 'lag_18': 0.910069888493421, 'lag_19': 0.3047753085899648, 'lag_20': 0.16809933359830664, 'lag_21': 0.9974108472487051, 'lag_22': 0.8294128320284538, 'lag_23': 0.595342351566863, 'lag_24': 0.8939488410917171, 'lag_25': 0.9677119506994669, 'lag_26': 0.6172914411185384, 'lag_27': 0.6315764774580804, 'lag_28': 0.7200798954949308}. Best is trial 45 with value: 0.01997783443171456.
[I 2025-09-29 11:58:18,371] Trial 62 finished with value: 0.020622214694636955 and parameters: {'lag_0': 0.8470564923938468, 'lag_1': 0.9986820143316991, 'lag_2': 0.05369427529903972, 'lag_3': 0.2397797533555934, 'lag_4': 0.4840050769239475, 'lag_5': 0.9044251216880844, 'lag_6': 0.18051930688085813, 'lag_7': 0.05028361330967071, 'lag_8': 0.33003850143421026, 'lag_9': 0.15889547955647743, 'lag_10': 0.5835490047241085, 'lag_11': 0.16305234965215473, 'lag_12': 0.6560759925430711, 'lag_13': 0.48397923698407797, 'lag_14': 0.3490277406366075, 'lag_15': 0.022156577171578352, 'lag_16': 0.8690225796304357, 'lag_17': 0.4250544227369621, 'lag_18': 0.9636510083424319, 'lag_19': 0.22061977001956634, 'lag_20': 0.09028386788958659, 'lag_21': 0.7844739076786896, 'lag_22': 0.7419709629677081, 'lag_23': 0.44210530994110253, 'lag_24': 0.783801006871362, 'lag_25': 0.9080239178442696, 'lag_26': 0.6776294670304672, 'lag_27': 0.5536953971608162, 'lag_28': 0.8619513093840478}. Best is trial 45 with value: 0.01997783443171456.
[I 2025-09-29 11:58:20,684] Trial 63 finished with value: 0.020228063337937533 and parameters: {'lag_0': 0.7721837800131885, 'lag_1': 0.9207050063996952, 'lag_2': 0.02321831441310432, 'lag_3': 0.3648778854851747, 'lag_4': 0.7267133859041675, 'lag_5': 0.673020433871787, 'lag_6': 0.275022947121941, 'lag_7': 0.15373491310394688, 'lag_8': 0.3786866212163535, 'lag_9': 0.11116262016532302, 'lag_10': 0.7735675219155848, 'lag_11': 0.029730534534014495, 'lag_12': 0.58881265854783, 'lag_13': 0.4340872671306526, 'lag_14': 0.45151527062535984, 'lag_15': 0.09724750624534129, 'lag_16': 0.6962839029928063, 'lag_17': 0.6237015939842254, 'lag_18': 0.8702242396754085, 'lag_19': 0.3573541125509705, 'lag_20': 0.465627318919093, 'lag_21': 0.8217962325393204, 'lag_22': 0.7073433271286551, 'lag_23': 0.5471628530537385, 'lag_24': 0.8261876362216319, 'lag_25': 0.018632808211084984, 'lag_26': 0.4624934096890803, 'lag_27': 0.519510002904298, 'lag_28': 0.6218432267479536}. Best is trial 45 with value: 0.01997783443171456.
[I 2025-09-29 11:58:23,006] Trial 64 finished with value: 0.02063063720939226 and parameters: {'lag_0': 0.6016694051491248, 'lag_1': 0.9608634641857975, 'lag_2': 0.16677429608952626, 'lag_3': 0.20556729402482665, 'lag_4': 0.6471589022917821, 'lag_5': 0.8698358542833208, 'lag_6': 0.37439570953487283, 'lag_7': 0.08046598344397751, 'lag_8': 0.19666692440036726, 'lag_9': 0.05023202446253172, 'lag_10': 0.8493428023365751, 'lag_11': 0.05188462423859228, 'lag_12': 0.9360798305811022, 'lag_13': 0.5220938319276498, 'lag_14': 0.264797508845568, 'lag_15': 0.147903593697873, 'lag_16': 0.641798143463245, 'lag_17': 0.514099581051804, 'lag_18': 0.8151074076472392, 'lag_19': 0.5182267593815036, 'lag_20': 0.32112765449424285, 'lag_21': 0.528652776204582, 'lag_22': 0.6366096243188147, 'lag_23': 0.015849526636620814, 'lag_24': 0.5991370587513584, 'lag_25': 0.9954561195315265, 'lag_26': 0.5734428249990386, 'lag_27': 0.7055914148088821, 'lag_28': 0.5575340515110839}. Best is trial 45 with value: 0.01997783443171456.
[I 2025-09-29 11:58:25,317] Trial 65 finished with value: 0.020445245964322144 and parameters: {'lag_0': 0.667056192929879, 'lag_1': 0.907131996926289, 'lag_2': 0.09419522368701515, 'lag_3': 0.5987172487513048, 'lag_4': 0.6019764735466744, 'lag_5': 0.7826597978577876, 'lag_6': 0.5649582577953638, 'lag_7': 0.7228253447835263, 'lag_8': 0.1287994939038552, 'lag_9': 0.2110823299631236, 'lag_10': 0.7888862562113038, 'lag_11': 0.47179644813163085, 'lag_12': 0.5453081874123151, 'lag_13': 0.11551019039227084, 'lag_14': 0.3927799943273164, 'lag_15': 0.8180296477166356, 'lag_16': 0.7775302837429408, 'lag_17': 0.363776812915495, 'lag_18': 0.675831836777385, 'lag_19': 0.458960454913257, 'lag_20': 0.945182740378793, 'lag_21': 0.9381041812419745, 'lag_22': 0.4992094059947448, 'lag_23': 0.6563414998121895, 'lag_24': 0.7551211148034093, 'lag_25': 0.9324400378754248, 'lag_26': 0.5174258182328092, 'lag_27': 0.8412374966534668, 'lag_28': 0.6689654255247115}. Best is trial 45 with value: 0.01997783443171456.
