[I 2025-09-29 12:54:34,551] Trial 3 finished with value: 0.005313443072018056 and parameters: {'lag_0': 0.40022878857628336, 'lag_1': 0.0486041221140859, 'lag_2': 0.4321486358138507, 'lag_3': 0.8040668858552237, 'lag_4': 0.4987668893369588, 'lag_5': 0.9649757214470456, 'lag_6': 0.9931942341578873, 'lag_7': 0.6884770692396568, 'lag_8': 0.8270956130298689, 'lag_9': 0.713177680198461, 'lag_10': 0.7168975990044315, 'lag_11': 0.9082202117837602, 'lag_12': 0.977010686757123, 'lag_13': 0.8331494379974286, 'lag_14': 0.6122405017845912, 'lag_15': 0.2120632330897206, 'lag_16': 0.6452867796365455, 'lag_17': 0.7582932452143949, 'lag_18': 0.7070498219430525, 'lag_19': 0.22494349666900662, 'lag_20': 0.807655121574729, 'lag_21': 0.8764846545950312, 'lag_22': 0.5215533435348308, 'lag_23': 0.30456397799603757, 'lag_24': 0.26206950709230015, 'lag_25': 0.9375342572041756, 'lag_26': 0.7508821082749298, 'lag_27': 0.27547696539626965, 'lag_28': 0.8552386607019465}. Best is trial 3 with value: 0.005313443072018056.
[I 2025-09-29 12:54:36,998] Trial 4 finished with value: 0.005618334675952121 and parameters: {'lag_0': 0.23946222331150344, 'lag_1': 0.8994741844426907, 'lag_2': 0.7618566383868747, 'lag_3': 0.6623169754559547, 'lag_4': 0.9492105499559915, 'lag_5': 0.8716155796347526, 'lag_6': 0.45156117263953705, 'lag_7': 0.9610153251025627, 'lag_8': 0.7303060118142545, 'lag_9': 0.3858489437572548, 'lag_10': 0.7822509113701429, 'lag_11': 0.9549846680104246, 'lag_12': 0.10388729697613688, 'lag_13': 0.2996755119262084, 'lag_14': 0.44649292540775865, 'lag_15': 0.5088456950858479, 'lag_16': 0.2038177848349127, 'lag_17': 0.2030854995636319, 'lag_18': 0.12475364287206094, 'lag_19': 0.21190108148672526, 'lag_20': 0.7466410794664928, 'lag_21': 0.6013762946874172, 'lag_22': 0.4892985093444216, 'lag_23': 0.06566052411357377, 'lag_24': 0.5674786729319481, 'lag_25': 0.006799530464261847, 'lag_26': 0.5706024864191447, 'lag_27': 0.11527189382219377, 'lag_28': 0.39917429147285627}. Best is trial 3 with value: 0.005313443072018056.
[I 2025-09-29 12:54:39,453] Trial 5 finished with value: 0.005194491058207025 and parameters: {'lag_0': 0.5497487932638345, 'lag_1': 0.11657184216179141, 'lag_2': 0.016513528943892533, 'lag_3': 0.27777108004827117, 'lag_4': 0.16890848994905192, 'lag_5': 0.2654215093730386, 'lag_6': 0.6869674228339253, 'lag_7': 0.7371954918508792, 'lag_8': 0.47308654888656987, 'lag_9': 0.7735691850795405, 'lag_10': 0.4293945962635501, 'lag_11': 0.23520476521100347, 'lag_12': 0.44237025282714076, 'lag_13': 0.5219753073050934, 'lag_14': 0.43350593733798237, 'lag_15': 0.3348312200766016, 'lag_16': 0.8575371080709829, 'lag_17': 0.2457841604138778, 'lag_18': 0.9888104429694222, 'lag_19': 0.07067036399101606, 'lag_20': 0.1099127088642799, 'lag_21': 0.10034984841429564, 'lag_22': 0.3996186655401564, 'lag_23': 0.9414399433929039, 'lag_24': 0.9365112075768999, 'lag_25': 0.18986477047723632, 'lag_26': 0.2646241114874834, 'lag_27': 0.34229222919931757, 'lag_28': 0.0308855081069558}. Best is trial 5 with value: 0.005194491058207025.
[I 2025-09-29 12:54:41,908] Trial 6 finished with value: 0.0050873410024265585 and parameters: {'lag_0': 0.8645320935606324, 'lag_1': 0.0004235664102488856, 'lag_2': 0.9147924342460194, 'lag_3': 0.30377877991493046, 'lag_4': 0.860792421140609, 'lag_5': 0.158519903394514, 'lag_6': 0.9868557023879019, 'lag_7': 0.45795263451184615, 'lag_8': 0.27170512254991397, 'lag_9': 0.8212495142329145, 'lag_10': 0.6311127732268925, 'lag_11': 0.5559649640738996, 'lag_12': 0.3311545163873943, 'lag_13': 0.8105094369888566, 'lag_14': 0.18411370300900065, 'lag_15': 0.2162945874587233, 'lag_16': 0.32846356373190305, 'lag_17': 0.6543506810533796, 'lag_18': 0.15824236083280785, 'lag_19': 0.9231458873431847, 'lag_20': 0.8343782446950682, 'lag_21': 0.9233455825988929, 'lag_22': 0.8991631893713256, 'lag_23': 0.9678859662438262, 'lag_24': 0.15059211695884064, 'lag_25': 0.6065055594116575, 'lag_26': 0.13938970880805956, 'lag_27': 0.8726620501541961, 'lag_28': 0.23327099488989894}. Best is trial 6 with value: 0.0050873410024265585.
[I 2025-09-29 12:54:44,365] Trial 7 finished with value: 0.0050668969772173 and parameters: {'lag_0': 0.783722210887906, 'lag_1': 0.3962387982197682, 'lag_2': 0.6212420971976209, 'lag_3': 0.5945809363882478, 'lag_4': 0.2580722735674177, 'lag_5': 0.6959947594157322, 'lag_6': 0.4674974718337178, 'lag_7': 0.9674229481417759, 'lag_8': 0.44188320684272187, 'lag_9': 0.45438048805710113, 'lag_10': 0.9083348342373438, 'lag_11': 0.9419838644179677, 'lag_12': 0.5177513537184287, 'lag_13': 0.9205327176647241, 'lag_14': 0.7604685303990412, 'lag_15': 0.22170974841299798, 'lag_16': 0.8136374487171638, 'lag_17': 0.37085624853586674, 'lag_18': 0.694847154351854, 'lag_19': 0.6856217828888502, 'lag_20': 0.45344642452404854, 'lag_21': 0.6845429209737945, 'lag_22': 0.5575230423113774, 'lag_23': 0.9069884375336258, 'lag_24': 0.4453623172040458, 'lag_25': 0.7503864891400592, 'lag_26': 0.29584732938415137, 'lag_27': 0.9254834989850057, 'lag_28': 0.7031516958851098}. Best is trial 7 with value: 0.0050668969772173.
[I 2025-09-29 12:54:46,816] Trial 8 finished with value: 0.005263417263909049 and parameters: {'lag_0': 0.4226277318703621, 'lag_1': 0.35910669733482853, 'lag_2': 0.9454406734655504, 'lag_3': 0.0030372258634873204, 'lag_4': 0.4557466660698459, 'lag_5': 0.21316764272034552, 'lag_6': 0.4992371093196184, 'lag_7': 0.692317180264491, 'lag_8': 0.62019265741226, 'lag_9': 0.5555062245493514, 'lag_10': 0.38150293262683344, 'lag_11': 0.012906245593933718, 'lag_12': 0.3618195811483359, 'lag_13': 0.430544722132753, 'lag_14': 0.17589216207975494, 'lag_15': 0.5275466182541996, 'lag_16': 0.862813653806635, 'lag_17': 0.13708330285068504, 'lag_18': 0.26225081583320425, 'lag_19': 0.6221086609443774, 'lag_20': 0.11262301688304996, 'lag_21': 0.45613627551130353, 'lag_22': 0.4661594237205948, 'lag_23': 0.6875532469176338, 'lag_24': 0.7034003139245805, 'lag_25': 0.22249369883303532, 'lag_26': 0.7101947659551878, 'lag_27': 0.8136094279915029, 'lag_28': 0.6555968283225531}. Best is trial 7 with value: 0.0050668969772173.
[I 2025-09-29 12:54:49,261] Trial 9 finished with value: 0.005443168045823968 and parameters: {'lag_0': 0.5404292829937489, 'lag_1': 0.7802629177988439, 'lag_2': 0.46203576646372263, 'lag_3': 0.39187626481245436, 'lag_4': 0.3008082138968534, 'lag_5': 0.1346558762801669, 'lag_6': 0.3355837652405147, 'lag_7': 0.1267398914574635, 'lag_8': 0.9861975357634005, 'lag_9': 0.8539314298146874, 'lag_10': 0.20411114273590666, 'lag_11': 0.9116466378478828, 'lag_12': 0.26151427607640704, 'lag_13': 0.40634521418906355, 'lag_14': 0.2792144701392562, 'lag_15': 0.1486861300448148, 'lag_16': 0.012577105276851006, 'lag_17': 0.8737420093769834, 'lag_18': 0.6417478660165915, 'lag_19': 0.7486000644138768, 'lag_20': 0.9179132715851489, 'lag_21': 0.6136824048249448, 'lag_22': 0.4497452901444084, 'lag_23': 0.40048996297491385, 'lag_24': 0.6901553059566582, 'lag_25': 0.2864899401246531, 'lag_26': 0.7334713500932186, 'lag_27': 0.3754975086140598, 'lag_28': 0.053439875156096266}. Best is trial 7 with value: 0.0050668969772173.
[I 2025-09-29 12:54:51,758] Trial 10 finished with value: 0.005138863313251911 and parameters: {'lag_0': 0.6530865666383396, 'lag_1': 0.29593626902717135, 'lag_2': 0.6634374850254137, 'lag_3': 0.5405974750954855, 'lag_4': 0.04236210689556469, 'lag_5': 0.6239354983098284, 'lag_6': 0.6632983812935289, 'lag_7': 0.9641343593552523, 'lag_8': 0.039107272132951454, 'lag_9': 0.3894694486283918, 'lag_10': 0.9939866580551654, 'lag_11': 0.7314832804227225, 'lag_12': 0.6701395333018743, 'lag_13': 0.6330341619009843, 'lag_14': 0.9399341777506796, 'lag_15': 0.009837515252860057, 'lag_16': 0.6296726360115107, 'lag_17': 0.42808772764424474, 'lag_18': 0.7252392832638284, 'lag_19': 0.49724827813476324, 'lag_20': 0.3996771336128887, 'lag_21': 0.3369865523276022, 'lag_22': 0.14641199427975488, 'lag_23': 0.17976933209560253, 'lag_24': 0.3975911227924582, 'lag_25': 0.9914432641038622, 'lag_26': 0.06777777685016723, 'lag_27': 0.6454546525524878, 'lag_28': 0.975881157060335}. Best is trial 7 with value: 0.0050668969772173.
[I 2025-09-29 12:54:54,249] Trial 11 finished with value: 0.005273600295637887 and parameters: {'lag_0': 0.9229568871874657, 'lag_1': 0.21960617576444508, 'lag_2': 0.7014962729431559, 'lag_3': 0.36762794409469346, 'lag_4': 0.3044092793106418, 'lag_5': 0.5294882809251497, 'lag_6': 0.32446399317971314, 'lag_7': 0.3390839493564645, 'lag_8': 0.17886317351481715, 'lag_9': 0.9245177382208958, 'lag_10': 0.5823075668983564, 'lag_11': 0.47923105690579293, 'lag_12': 0.5957410205379781, 'lag_13': 0.7045393618436173, 'lag_14': 0.8766654029750813, 'lag_15': 0.21544810618385377, 'lag_16': 0.42423168893723845, 'lag_17': 0.5864301013658358, 'lag_18': 0.44549150846092495, 'lag_19': 0.5575230339641999, 'lag_20': 0.4404986776204781, 'lag_21': 0.9847345517046807, 'lag_22': 0.9639622364059414, 'lag_23': 0.9577455364353793, 'lag_24': 0.014222791029005921, 'lag_25': 0.5890477725600843, 'lag_26': 0.004948680890749513, 'lag_27': 0.972385143911228, 'lag_28': 0.22899763402517892}. Best is trial 7 with value: 0.0050668969772173.
[I 2025-09-29 12:54:56,739] Trial 12 finished with value: 0.004956086197349827 and parameters: {'lag_0': 0.9984730059335298, 'lag_1': 0.5965659865737449, 'lag_2': 0.2502137996859142, 'lag_3': 0.5248830697464218, 'lag_4': 0.6895787325067767, 'lag_5': 0.006665216163309451, 'lag_6': 0.9820933180894161, 'lag_7': 0.37888539520385445, 'lag_8': 0.2865983474602444, 'lag_9': 0.9936727712823872, 'lag_10': 0.04535090677849174, 'lag_11': 0.6479069837924464, 'lag_12': 0.47302543649424117, 'lag_13': 0.9790815759520094, 'lag_14': 0.7467699092710343, 'lag_15': 0.01905909158570157, 'lag_16': 0.2537190420220662, 'lag_17': 0.9654280488109296, 'lag_18': 0.30667661608091484, 'lag_19': 0.9904329755698863, 'lag_20': 0.5747135076889072, 'lag_21': 0.7076166884125036, 'lag_22': 0.7368949041532541, 'lag_23': 0.815708559360914, 'lag_24': 0.37540860460312375, 'lag_25': 0.6668759281499994, 'lag_26': 0.20009675346913233, 'lag_27': 0.6655215589632446, 'lag_28': 0.24675118042146393}. Best is trial 12 with value: 0.004956086197349827.
[I 2025-09-29 12:54:59,230] Trial 13 finished with value: 0.0055562380345580645 and parameters: {'lag_0': 0.9903128866967277, 'lag_1': 0.6014519648280823, 'lag_2': 0.2152439463391143, 'lag_3': 0.5465733075807273, 'lag_4': 0.6496960761345835, 'lag_5': 0.007745585677229105, 'lag_6': 0.6959747776654919, 'lag_7': 0.05324585989179903, 'lag_8': 0.35015372825302643, 'lag_9': 0.4279918107399643, 'lag_10': 0.021934207125038102, 'lag_11': 0.7389616967408832, 'lag_12': 0.51778312753224, 'lag_13': 0.05037163931023647, 'lag_14': 0.7622499712623397, 'lag_15': 0.002074975914078736, 'lag_16': 0.16835618030303195, 'lag_17': 0.9303731159726981, 'lag_18': 0.3226548907450482, 'lag_19': 0.9994240219907824, 'lag_20': 0.5360276645015358, 'lag_21': 0.7163412372443393, 'lag_22': 0.7476707232845184, 'lag_23': 0.5695268371772189, 'lag_24': 0.4138885221392654, 'lag_25': 0.7527089998206844, 'lag_26': 0.9893455322126177, 'lag_27': 0.6498082164027931, 'lag_28': 0.7806419930860377}. Best is trial 12 with value: 0.004956086197349827.
[I 2025-09-29 12:55:01,722] Trial 14 finished with value: 0.004973349436819171 and parameters: {'lag_0': 0.016161808222773633, 'lag_1': 0.5942058307369289, 'lag_2': 0.27823553970813014, 'lag_3': 0.7065602908732822, 'lag_4': 0.32949750731524796, 'lag_5': 0.6583644105299777, 'lag_6': 0.29769679491609313, 'lag_7': 0.35383484127933906, 'lag_8': 0.1383456888109913, 'lag_9': 0.024661331722067803, 'lag_10': 0.035525077887604325, 'lag_11': 0.7227525821734607, 'lag_12': 0.8059425834062632, 'lag_13': 0.9944034648061771, 'lag_14': 0.733753097909872, 'lag_15': 0.0789708385889902, 'lag_16': 0.6091315435946434, 'lag_17': 0.32110759282075185, 'lag_18': 0.5950129185469736, 'lag_19': 0.68115055956738, 'lag_20': 0.28776301001692595, 'lag_21': 0.4361945181971345, 'lag_22': 0.2732500641533758, 'lag_23': 0.777357294295753, 'lag_24': 0.46303062313311905, 'lag_25': 0.40379863458418813, 'lag_26': 0.22379089381140643, 'lag_27': 0.7147690565847733, 'lag_28': 0.46595595069333207}. Best is trial 12 with value: 0.004956086197349827.
2025-09-29 12:55:02,556 - distributed.worker - INFO - Stopping worker at tcp://192.168.86.108:40636. Reason: scheduler-remove-worker
2025-09-29 12:55:02,562 - distributed.nanny - INFO - Closing Nanny gracefully at 'tcp://192.168.86.108:46636'. Reason: scheduler-remove-worker
2025-09-29 12:55:02,563 - distributed.worker.state_machine - WARNING - Async instruction for <Task cancelled name='execute(optimize_subject-4e4e7f5c-ec7c-4e92-b58c-975021e45e61)' coro=<Worker.execute() done, defined at /usr/global/miniconda/py310_23.1.0-1/envs/workshop_311/lib/python3.11/site-packages/distributed/worker_state_machine.py:3607>> ended with CancelledError
slurmstepd: error: *** JOB 3081181 ON node08 CANCELLED AT 2025-09-29T12:55:02 ***
