[I 2025-09-29 11:56:21,334] Trial 4 finished with value: 0.005037100958789749 and parameters: {'lag_0': 0.9223802276260914, 'lag_1': 0.7927018158616939, 'lag_2': 0.4322385154545523, 'lag_3': 0.47015749970523635, 'lag_4': 0.18766476653185618, 'lag_5': 0.8640773182854048, 'lag_6': 0.8005396525674482, 'lag_7': 0.0035629265258924855, 'lag_8': 0.5810687595032362, 'lag_9': 0.7538231744053204, 'lag_10': 0.9612685387456318, 'lag_11': 0.3076918741008834, 'lag_12': 0.02983719756325837, 'lag_13': 0.8039182289652602, 'lag_14': 0.4803345091838651, 'lag_15': 0.5453649375643507, 'lag_16': 0.4638239567444192, 'lag_17': 0.3864186960438376, 'lag_18': 0.43913823084952547, 'lag_19': 0.8553484397235144, 'lag_20': 0.11633472233790718, 'lag_21': 0.07153493993686343, 'lag_22': 0.30214308557481284, 'lag_23': 0.8897038804132973, 'lag_24': 0.5425835469113265, 'lag_25': 0.6795481280383746, 'lag_26': 0.043691540488581204, 'lag_27': 0.5739601310836725, 'lag_28': 0.2105795889795319}. Best is trial 3 with value: 0.004985268705087956.
[I 2025-09-29 11:56:23,943] Trial 5 finished with value: 0.005023066950958462 and parameters: {'lag_0': 0.46669125088412966, 'lag_1': 0.4888293771300334, 'lag_2': 0.14262657601561168, 'lag_3': 0.4046584684340166, 'lag_4': 0.4661955858441902, 'lag_5': 0.9740423986722474, 'lag_6': 0.8102826192156543, 'lag_7': 0.8899925972454816, 'lag_8': 0.7468325073129661, 'lag_9': 0.8889020736417752, 'lag_10': 0.761294273487804, 'lag_11': 0.818940865891783, 'lag_12': 0.6258009750738481, 'lag_13': 0.5586522979873201, 'lag_14': 0.6338871669240077, 'lag_15': 0.7104842647753731, 'lag_16': 0.0323962535955049, 'lag_17': 0.5695037950088181, 'lag_18': 0.2629714413342645, 'lag_19': 0.5626776436968226, 'lag_20': 0.2516761358965204, 'lag_21': 0.865796591713907, 'lag_22': 0.19097756033783014, 'lag_23': 0.5448639228910638, 'lag_24': 0.9726067098681866, 'lag_25': 0.11376146240206463, 'lag_26': 0.18418971560466055, 'lag_27': 0.5683077037035748, 'lag_28': 0.9001079639490556}. Best is trial 3 with value: 0.004985268705087956.
[I 2025-09-29 11:56:26,437] Trial 6 finished with value: 0.004978060063167469 and parameters: {'lag_0': 0.28543827653679876, 'lag_1': 0.6888507202304756, 'lag_2': 0.42536847231830816, 'lag_3': 0.342568679133099, 'lag_4': 0.10142676408796686, 'lag_5': 0.6955191811976362, 'lag_6': 0.7083990688815444, 'lag_7': 0.2610495769300663, 'lag_8': 0.43736080784545167, 'lag_9': 0.8399994260421669, 'lag_10': 0.93265453455836, 'lag_11': 0.07238500028409038, 'lag_12': 0.8892286891860676, 'lag_13': 0.5744445296538576, 'lag_14': 0.8413532913114511, 'lag_15': 0.8008333619011049, 'lag_16': 0.5581806317239371, 'lag_17': 0.6181023054159331, 'lag_18': 0.7181246252749744, 'lag_19': 0.6407394779210727, 'lag_20': 0.9322324192682498, 'lag_21': 0.5272795800350177, 'lag_22': 0.5737976826080748, 'lag_23': 0.5299933401955763, 'lag_24': 0.7004707074388467, 'lag_25': 0.02295051687680513, 'lag_26': 0.6501282072195459, 'lag_27': 0.019046856391024516, 'lag_28': 0.829339207670901}. Best is trial 6 with value: 0.004978060063167469.
[I 2025-09-29 11:56:28,922] Trial 7 finished with value: 0.005010149391270128 and parameters: {'lag_0': 0.4260750237021098, 'lag_1': 0.6359054883977012, 'lag_2': 0.07920474235712119, 'lag_3': 0.3779202114186432, 'lag_4': 0.1897607033271288, 'lag_5': 0.3911034164824441, 'lag_6': 0.5059482009603419, 'lag_7': 0.4811453908076098, 'lag_8': 0.9893405836180852, 'lag_9': 0.9006585148011751, 'lag_10': 0.3508842137619353, 'lag_11': 0.07709788704689555, 'lag_12': 0.5632374263500487, 'lag_13': 0.7872101153453981, 'lag_14': 0.16974197282269887, 'lag_15': 0.7059164769650633, 'lag_16': 0.673164397064659, 'lag_17': 0.4041007485641312, 'lag_18': 0.1986873275672712, 'lag_19': 0.6603133413664543, 'lag_20': 0.4909034119751619, 'lag_21': 0.26309395392779955, 'lag_22': 0.47028079021918817, 'lag_23': 0.20933718173011706, 'lag_24': 0.6616134421484163, 'lag_25': 0.3755159401206511, 'lag_26': 0.6554582015161209, 'lag_27': 0.6237888567771948, 'lag_28': 0.3772295069969354}. Best is trial 6 with value: 0.004978060063167469.
[I 2025-09-29 11:56:31,409] Trial 8 finished with value: 0.0050405650118415515 and parameters: {'lag_0': 0.818416012347722, 'lag_1': 0.4872773351611303, 'lag_2': 0.06179003070117449, 'lag_3': 0.7531692300677068, 'lag_4': 0.5498214221623677, 'lag_5': 0.7680876075702555, 'lag_6': 0.6515809917864601, 'lag_7': 0.7342752085905931, 'lag_8': 0.26975754805299623, 'lag_9': 0.5488066948915585, 'lag_10': 0.6938975128461714, 'lag_11': 0.9028305227434119, 'lag_12': 0.41877151529781487, 'lag_13': 0.7049545079586094, 'lag_14': 0.5704111782706732, 'lag_15': 0.23505646281759396, 'lag_16': 0.38884035657807864, 'lag_17': 0.5455265017332415, 'lag_18': 0.11145767618115655, 'lag_19': 0.017771483593636127, 'lag_20': 0.9042120782765042, 'lag_21': 0.7469806304798975, 'lag_22': 0.6501607345878644, 'lag_23': 0.9530636907093126, 'lag_24': 0.6342592412229924, 'lag_25': 0.38647345129545796, 'lag_26': 0.5618229100241177, 'lag_27': 0.2168602479197659, 'lag_28': 0.7608342448428919}. Best is trial 6 with value: 0.004978060063167469.
[I 2025-09-29 11:56:33,891] Trial 9 finished with value: 0.005030750896180926 and parameters: {'lag_0': 0.5086250490896989, 'lag_1': 0.31062360831357233, 'lag_2': 0.3883998799006377, 'lag_3': 0.0670688357989454, 'lag_4': 0.21092082046224928, 'lag_5': 0.3348157851422136, 'lag_6': 0.9053541543822686, 'lag_7': 0.23585262812547894, 'lag_8': 0.5651472796465173, 'lag_9': 0.4219864735386017, 'lag_10': 0.46359463501796405, 'lag_11': 0.7644869405217684, 'lag_12': 0.6673733498395888, 'lag_13': 0.8587608970459749, 'lag_14': 0.1093171215866652, 'lag_15': 0.9510288863143632, 'lag_16': 0.7198890459443145, 'lag_17': 0.23156925184572247, 'lag_18': 0.8843506820905855, 'lag_19': 0.20004472447569263, 'lag_20': 0.4917567645783736, 'lag_21': 0.014437708782974136, 'lag_22': 0.946021965977194, 'lag_23': 0.00040064766662850377, 'lag_24': 0.8761333414499713, 'lag_25': 0.1139181118168684, 'lag_26': 0.6707929910893509, 'lag_27': 0.9073870344179161, 'lag_28': 0.5534303231286678}. Best is trial 6 with value: 0.004978060063167469.
[I 2025-09-29 11:56:36,431] Trial 10 finished with value: 0.005051603938944845 and parameters: {'lag_0': 0.07804075466312735, 'lag_1': 0.9849918938599981, 'lag_2': 0.7846927248645931, 'lag_3': 0.7526232123168382, 'lag_4': 0.7878959842911839, 'lag_5': 0.6549057853800947, 'lag_6': 0.36065991722827323, 'lag_7': 0.4972539565310028, 'lag_8': 0.06229878095647595, 'lag_9': 0.03387743660198422, 'lag_10': 0.0015262336668062648, 'lag_11': 0.001324549590711474, 'lag_12': 0.9833996511982216, 'lag_13': 0.3758088336534354, 'lag_14': 0.9010337733369203, 'lag_15': 0.979998213289806, 'lag_16': 0.18183159902430518, 'lag_17': 0.862377887795994, 'lag_18': 0.9416742521292388, 'lag_19': 0.4503396267554701, 'lag_20': 0.9597401059051021, 'lag_21': 0.5038724614742264, 'lag_22': 0.030216046349334114, 'lag_23': 0.5908881256305107, 'lag_24': 0.0954531589636351, 'lag_25': 0.9950226724745549, 'lag_26': 0.29362322779402117, 'lag_27': 0.3276171487723307, 'lag_28': 0.3823321259699277}. Best is trial 6 with value: 0.004978060063167469.
[I 2025-09-29 11:56:38,961] Trial 11 finished with value: 0.004995319543747277 and parameters: {'lag_0': 0.3027133068020269, 'lag_1': 0.23630606533192244, 'lag_2': 0.3094503057989063, 'lag_3': 0.24186042372678923, 'lag_4': 0.027144389056968615, 'lag_5': 0.21318319143898568, 'lag_6': 0.21631245344352829, 'lag_7': 0.2881187123879092, 'lag_8': 0.3612030070973389, 'lag_9': 0.6699922557308975, 'lag_10': 0.6886311840733487, 'lag_11': 0.21126496463934813, 'lag_12': 0.9108282717698392, 'lag_13': 0.4352689438476386, 'lag_14': 0.9909123949111506, 'lag_15': 0.7843616675200091, 'lag_16': 0.6094480809535444, 'lag_17': 0.730673820380299, 'lag_18': 0.37533189171709924, 'lag_19': 0.9615822304416466, 'lag_20': 0.7707639103280141, 'lag_21': 0.3666662171662825, 'lag_22': 0.7661726065490719, 'lag_23': 0.7105063948819759, 'lag_24': 0.7977157937342753, 'lag_25': 0.0011426609289473255, 'lag_26': 0.8687605345255406, 'lag_27': 0.02753522822635813, 'lag_28': 0.9766529218801285}. Best is trial 6 with value: 0.004978060063167469.
[I 2025-09-29 11:56:41,497] Trial 12 finished with value: 0.004989093272051778 and parameters: {'lag_0': 0.6471036547727105, 'lag_1': 0.3168068201770741, 'lag_2': 0.62327224921594, 'lag_3': 0.9420667477320055, 'lag_4': 0.0003445149614880044, 'lag_5': 0.6030938996857377, 'lag_6': 0.3053492895600094, 'lag_7': 0.19321072326317465, 'lag_8': 0.1311863054781806, 'lag_9': 0.709735529309795, 'lag_10': 0.1560834498563355, 'lag_11': 0.5421414477587022, 'lag_12': 0.79929626564774, 'lag_13': 0.5795974874125235, 'lag_14': 0.8276584060642841, 'lag_15': 0.5900240267383899, 'lag_16': 0.906142674553297, 'lag_17': 0.17726014340226065, 'lag_18': 0.7167782636684698, 'lag_19': 0.976169799997883, 'lag_20': 0.6744142681188462, 'lag_21': 0.6221832839251717, 'lag_22': 0.7031392033796706, 'lag_23': 0.3833135533953257, 'lag_24': 0.3027293963844597, 'lag_25': 0.2070667485397934, 'lag_26': 0.417841631624696, 'lag_27': 0.013648323661093538, 'lag_28': 0.5982938773929011}. Best is trial 6 with value: 0.004978060063167469.
[I 2025-09-29 11:56:44,035] Trial 13 finished with value: 0.005016863096351951 and parameters: {'lag_0': 0.29398116426118104, 'lag_1': 0.5842499069680203, 'lag_2': 0.9907567230368011, 'lag_3': 0.20978875727683546, 'lag_4': 0.33961923626628626, 'lag_5': 0.3958181260544145, 'lag_6': 0.018993821324432253, 'lag_7': 0.39849058555737105, 'lag_8': 0.7104470040409285, 'lag_9': 0.1995674221218885, 'lag_10': 0.8111298393883457, 'lag_11': 0.1727665715123271, 'lag_12': 0.22051414909211114, 'lag_13': 0.3051516874274573, 'lag_14': 0.8138160495426394, 'lag_15': 0.8487688715696406, 'lag_16': 0.5557733345924828, 'lag_17': 0.7251096186226844, 'lag_18': 0.48252567244093925, 'lag_19': 0.7210961190074725, 'lag_20': 0.6922382750327402, 'lag_21': 0.9920310797278517, 'lag_22': 0.8334759359548964, 'lag_23': 0.7771071169528914, 'lag_24': 0.7946907854863478, 'lag_25': 0.23232106394009625, 'lag_26': 0.786662858574591, 'lag_27': 0.3172195289862999, 'lag_28': 0.7406573676400088}. Best is trial 6 with value: 0.004978060063167469.
[I 2025-09-29 11:56:46,559] Trial 14 finished with value: 0.005022738218561921 and parameters: {'lag_0': 0.02840157970924584, 'lag_1': 0.015880268638399864, 'lag_2': 0.28345888028985833, 'lag_3': 0.59802958195844, 'lag_4': 0.1149832916346973, 'lag_5': 0.7277378326154087, 'lag_6': 0.9982562939856638, 'lag_7': 0.14935461049063184, 'lag_8': 0.4288945171918201, 'lag_9': 0.600710656291162, 'lag_10': 0.6310159004424636, 'lag_11': 0.359642818776568, 'lag_12': 0.7723319270725215, 'lag_13': 0.19820209859259158, 'lag_14': 0.9862983747115792, 'lag_15': 0.643060290303494, 'lag_16': 0.8342901776215792, 'lag_17': 0.04269289003497567, 'lag_18': 0.8064848604472591, 'lag_19': 0.47287849429715645, 'lag_20': 0.8207726409094637, 'lag_21': 0.25120456923906037, 'lag_22': 0.5730757283287933, 'lag_23': 0.9994834355524941, 'lag_24': 0.9433324433627005, 'lag_25': 0.001534086750061319, 'lag_26': 0.461675983252498, 'lag_27': 0.14754673751861305, 'lag_28': 0.017611974444238343}. Best is trial 6 with value: 0.004978060063167469.
[I 2025-09-29 11:56:49,091] Trial 15 finished with value: 0.005045212631651897 and parameters: {'lag_0': 0.6090596280909036, 'lag_1': 0.42389124085882085, 'lag_2': 0.614332301627305, 'lag_3': 0.31050527683168166, 'lag_4': 0.3639009220700374, 'lag_5': 0.011300326768661162, 'lag_6': 0.6746329281938241, 'lag_7': 0.3878297397217365, 'lag_8': 0.20169687863398444, 'lag_9': 0.831532682108752, 'lag_10': 0.5871614101594738, 'lag_11': 0.16906798066189155, 'lag_12': 0.7983679979397615, 'lag_13': 0.6116172351742418, 'lag_14': 0.40314143863123997, 'lag_15': 0.4350026169154425, 'lag_16': 0.5176284326470362, 'lag_17': 0.7244336266454711, 'lag_18': 0.33987899708063063, 'lag_19': 0.8507740653648995, 'lag_20': 0.6159229124581811, 'lag_21': 0.5791613618892557, 'lag_22': 0.8546175030415653, 'lag_23': 0.6586976804029776, 'lag_24': 0.7587136424993732, 'lag_25': 0.2581987843976524, 'lag_26': 0.7919701297811048, 'lag_27': 0.36542187300844303, 'lag_28': 0.9920629689788776}. Best is trial 6 with value: 0.004978060063167469.
[I 2025-09-29 11:56:51,626] Trial 16 finished with value: 0.005062763579217181 and parameters: {'lag_0': 0.260238906028288, 'lag_1': 0.16194290333449948, 'lag_2': 0.24041188938012967, 'lag_3': 0.004993353078038443, 'lag_4': 0.6526340582745317, 'lag_5': 0.23511063481373093, 'lag_6': 0.1988663210483506, 'lag_7': 0.6048982620668646, 'lag_8': 0.675272229096344, 'lag_9': 0.9565526576182832, 'lag_10': 0.8691392442366035, 'lag_11': 0.4348272146197491, 'lag_12': 0.14953741797177633, 'lag_13': 0.46184910475212115, 'lag_14': 0.7635218390401235, 'lag_15': 0.8620286130042373, 'lag_16': 0.6784055139026257, 'lag_17': 0.4013834675614777, 'lag_18': 0.5816170011003382, 'lag_19': 0.54953442070873, 'lag_20': 0.8503008281686212, 'lag_21': 0.37224791533761614, 'lag_22': 0.5988895912036927, 'lag_23': 0.836327973079402, 'lag_24': 0.4176766491950562, 'lag_25': 0.5771828459879247, 'lag_26': 0.9974137259052288, 'lag_27': 0.792584520454743, 'lag_28': 0.4403073498332968}. Best is trial 6 with value: 0.004978060063167469.
[I 2025-09-29 11:56:54,163] Trial 17 finished with value: 0.005055977753011165 and parameters: {'lag_0': 0.7515568799786325, 'lag_1': 0.3912811910914379, 'lag_2': 0.5344581090480709, 'lag_3': 0.5965195076655951, 'lag_4': 0.2718261813412962, 'lag_5': 0.5036485642191116, 'lag_6': 0.5176014981708732, 'lag_7': 0.34961823024601446, 'lag_8': 0.4275585401099109, 'lag_9': 0.7945553558778251, 'lag_10': 0.9868676388538153, 'lag_11': 0.6699144209857003, 'lag_12': 0.7074568333981738, 'lag_13': 0.9710163771336654, 'lag_14': 0.8820288767664847, 'lag_15': 0.8165914854624569, 'lag_16': 0.40960446589751476, 'lag_17': 0.2900237171810394, 'lag_18': 0.7898039228320344, 'lag_19': 0.37341269138322036, 'lag_20': 0.5497514113848607, 'lag_21': 0.24117087054778014, 'lag_22': 0.09172687801447371, 'lag_23': 0.29270888646097326, 'lag_24': 0.7222018848246667, 'lag_25': 0.13090623850732042, 'lag_26': 0.5023840162740076, 'lag_27': 0.0824379748218668, 'lag_28': 0.6470742872543972}. Best is trial 6 with value: 0.004978060063167469.
[I 2025-09-29 11:56:56,702] Trial 18 finished with value: 0.005012700513531764 and parameters: {'lag_0': 0.39057467312888927, 'lag_1': 0.6270545064870052, 'lag_2': 0.3569969105370827, 'lag_3': 0.14901739930918542, 'lag_4': 0.09016821195569794, 'lag_5': 0.8547131502968163, 'lag_6': 0.7490091590268012, 'lag_7': 0.11687213242708216, 'lag_8': 0.8286282681975572, 'lag_9': 0.9962434833831069, 'lag_10': 0.25381135353392037, 'lag_11': 0.016330695767820314, 'lag_12': 0.9249870216848378, 'lag_13': 0.27674798628458047, 'lag_14': 0.5138249214708219, 'lag_15': 0.5116252189908893, 'lag_16': 0.8912173405992471, 'lag_17': 0.8049494760523629, 'lag_18': 0.9937856157271139, 'lag_19': 0.6401574659828869, 'lag_20': 0.7695863418288726, 'lag_21': 0.7344955616868157, 'lag_22': 0.39356246362525665, 'lag_23': 0.6288211181126848, 'lag_24': 0.875652255480988, 'lag_25': 0.3006867442087361, 'lag_26': 0.3582949275494451, 'lag_27': 0.43772652097807074, 'lag_28': 0.8716946740093373}. Best is trial 6 with value: 0.004978060063167469.
[I 2025-09-29 11:56:59,228] Trial 19 finished with value: 0.005062228382230134 and parameters: {'lag_0': 0.16776976434024404, 'lag_1': 0.761875725399825, 'lag_2': 0.49962404197436217, 'lag_3': 0.3263881703768235, 'lag_4': 0.4199329963975353, 'lag_5': 0.20802376772196304, 'lag_6': 0.36102759266770446, 'lag_7': 0.9732357990825669, 'lag_8': 0.5734722331600064, 'lag_9': 0.6062683488758909, 'lag_10': 0.8004855393237462, 'lag_11': 0.2711702723671719, 'lag_12': 0.3897515778558244, 'lag_13': 0.6729804068751172, 'lag_14': 0.26359335888647434, 'lag_15': 0.7191865711613049, 'lag_16': 0.9941420239715274, 'lag_17': 0.6533015407254371, 'lag_18': 0.060988957484081396, 'lag_19': 0.8458933586647118, 'lag_20': 0.9918105128900584, 'lag_21': 0.47120647620301614, 'lag_22': 0.9895631099241007, 'lag_23': 0.47495912741540414, 'lag_24': 0.3552173294805574, 'lag_25': 0.5026114365157701, 'lag_26': 0.5492517728797449, 'lag_27': 0.2664468089998648, 'lag_28': 0.504153482812972}. Best is trial 6 with value: 0.004978060063167469.
[I 2025-09-29 11:57:01,752] Trial 20 finished with value: 0.004998596919232779 and parameters: {'lag_0': 0.5314418024634617, 'lag_1': 0.8799563174935336, 'lag_2': 0.19724108258508383, 'lag_3': 0.6123295927071142, 'lag_4': 0.11642204497593223, 'lag_5': 0.6130207417311411, 'lag_6': 0.22529965166035001, 'lag_7': 0.5615518377612551, 'lag_8': 0.261600555164319, 'lag_9': 0.3434676591977046, 'lag_10': 0.551476023780116, 'lag_11': 0.11299456572841196, 'lag_12': 0.6048762043285559, 'lag_13': 0.10970942311997761, 'lag_14': 0.6685938469525138, 'lag_15': 0.9170807353069385, 'lag_16': 0.7799236343202935, 'lag_17': 0.4766528073974556, 'lag_18': 0.6356186267219077, 'lag_19': 0.7540728456781223, 'lag_20': 0.700203621703569, 'lag_21': 0.13588951224316026, 'lag_22': 0.20071801304773074, 'lag_23': 0.04466190901770467, 'lag_24': 0.1996279710548211, 'lag_25': 0.9776241156267007, 'lag_26': 0.7274099946885357, 'lag_27': 0.11442392208712138, 'lag_28': 0.7009072380645187}. Best is trial 6 with value: 0.004978060063167469.
[I 2025-09-29 11:57:04,279] Trial 21 finished with value: 0.005035487001695735 and parameters: {'lag_0': 0.6917827460551125, 'lag_1': 0.31675226852737715, 'lag_2': 0.683924049067109, 'lag_3': 0.8148722561627386, 'lag_4': 0.0030338432697478712, 'lag_5': 0.609900804507452, 'lag_6': 0.3342474567449442, 'lag_7': 0.20616093989735834, 'lag_8': 0.059166494765496846, 'lag_9': 0.7270092750428555, 'lag_10': 0.12795842913561006, 'lag_11': 0.5298418198393449, 'lag_12': 0.8374001641025085, 'lag_13': 0.5481541882120047, 'lag_14': 0.8490192241690446, 'lag_15': 0.5772083293651684, 'lag_16': 0.8922859446758624, 'lag_17': 0.016739683228515517, 'lag_18': 0.7289731387827935, 'lag_19': 0.9627464925087236, 'lag_20': 0.6294706905077312, 'lag_21': 0.601939474131466, 'lag_22': 0.6716966487959743, 'lag_23': 0.37182292746741735, 'lag_24': 0.2885486111676539, 'lag_25': 0.18142420261793762, 'lag_26': 0.4032811124117642, 'lag_27': 0.009537986853977321, 'lag_28': 0.5935965285937147}. Best is trial 6 with value: 0.004978060063167469.
[I 2025-09-29 11:57:06,809] Trial 22 finished with value: 0.005018326011947044 and parameters: {'lag_0': 0.553872924447759, 'lag_1': 0.24045256359524045, 'lag_2': 0.5512774123674123, 'lag_3': 0.9205060388794315, 'lag_4': 0.07174552806055087, 'lag_5': 0.7141504327334899, 'lag_6': 0.27313796357204434, 'lag_7': 0.19599640917551298, 'lag_8': 0.14263868068270025, 'lag_9': 0.6713160170115376, 'lag_10': 0.22504150976456494, 'lag_11': 0.4446950704359636, 'lag_12': 0.8666892233425963, 'lag_13': 0.6458044974614207, 'lag_14': 0.7752466682503302, 'lag_15': 0.6160269126365477, 'lag_16': 0.9138143851538592, 'lag_17': 0.1970305635762342, 'lag_18': 0.8327045080341446, 'lag_19': 0.9899914118061386, 'lag_20': 0.435544295149507, 'lag_21': 0.7162711323724162, 'lag_22': 0.6997612841395487, 'lag_23': 0.3666524877507303, 'lag_24': 0.22401614961633715, 'lag_25': 0.07352818713151302, 'lag_26': 0.5957226193253803, 'lag_27': 0.011067634052453507, 'lag_28': 0.6186723769690903}. Best is trial 6 with value: 0.004978060063167469.
[I 2025-09-29 11:57:09,333] Trial 23 finished with value: 0.005064851203085051 and parameters: {'lag_0': 0.3907635099617136, 'lag_1': 0.3987714916536059, 'lag_2': 0.8706564445557547, 'lag_3': 0.9850572280769456, 'lag_4': 0.24268198615409373, 'lag_5': 0.5515366738377642, 'lag_6': 0.1271770457240632, 'lag_7': 0.03341701967044475, 'lag_8': 0.15819899248636443, 'lag_9': 0.6941202388755571, 'lag_10': 0.11221574259228245, 'lag_11': 0.6268656386867497, 'lag_12': 0.7351858001300059, 'lag_13': 0.39663292083900625, 'lag_14': 0.9318756449805665, 'lag_15': 0.42120310068330435, 'lag_16': 0.5898305094454706, 'lag_17': 0.10868577369907656, 'lag_18': 0.7073043832065643, 'lag_19': 0.9020062980707696, 'lag_20': 0.6534654122774333, 'lag_21': 0.5260685352500677, 'lag_22': 0.8315228235628871, 'lag_23': 0.37861352755482913, 'lag_24': 0.012994019730936557, 'lag_25': 0.3098231977446553, 'lag_26': 0.26449562316925074, 'lag_27': 0.19967782406906398, 'lag_28': 0.8845914306230489}. Best is trial 6 with value: 0.004978060063167469.
[I 2025-09-29 11:57:11,867] Trial 24 finished with value: 0.005001634320105827 and parameters: {'lag_0': 0.739795859705589, 'lag_1': 0.1863418019338754, 'lag_2': 0.44901643655919277, 'lag_3': 0.5472009300291135, 'lag_4': 0.00010539633399866966, 'lag_5': 0.4393587286281035, 'lag_6': 0.42569915989096896, 'lag_7': 0.29999419778302316, 'lag_8': 0.4329208931289472, 'lag_9': 0.5267373559257582, 'lag_10': 0.3930979836426295, 'lag_11': 0.9898662129743645, 'lag_12': 0.9735421731360798, 'lag_13': 0.5400470478454651, 'lag_14': 0.8314859757866474, 'lag_15': 0.7570116872867442, 'lag_16': 0.7504069844859699, 'lag_17': 0.4660144683196501, 'lag_18': 0.5370760586691059, 'lag_19': 0.6587584949602897, 'lag_20': 0.8962768112864059, 'lag_21': 0.6741389124282003, 'lag_22': 0.7407793094491256, 'lag_23': 0.14597789284317306, 'lag_24': 0.8624691967039314, 'lag_25': 0.20062133546680147, 'lag_26': 0.4452199068892358, 'lag_27': 0.09405968086835492, 'lag_28': 0.27246152496047027}. Best is trial 6 with value: 0.004978060063167469.
