[I 2025-09-29 12:51:05,770] Trial 19 finished with value: 0.00141907264923011 and parameters: {'lag_0': 0.9029537117150412, 'lag_1': 0.2131650235547305, 'lag_2': 0.18131967169527907, 'lag_3': 0.6464982109395767, 'lag_4': 0.09573696297995338, 'lag_5': 0.5595218399190198, 'lag_6': 0.6268242024954563, 'lag_7': 0.08438638117623398, 'lag_8': 0.7743731452623188, 'lag_9': 0.9832800993730615, 'lag_10': 0.768679515068764, 'lag_11': 0.23725648127301618, 'lag_12': 0.9018133591720856, 'lag_13': 0.5324340467506308, 'lag_14': 0.4699648551227912, 'lag_15': 0.6683791751471814, 'lag_16': 0.5448805423945131, 'lag_17': 0.4169827960003525, 'lag_18': 0.8010856291431616, 'lag_19': 0.6161926864090392, 'lag_20': 0.9931674273972807, 'lag_21': 0.2400845121168777, 'lag_22': 0.23203633276817218, 'lag_23': 0.5908245978243202, 'lag_24': 0.01610501244301049, 'lag_25': 0.5844386133711892, 'lag_26': 0.23279409219661334, 'lag_27': 0.7898327535432184, 'lag_28': 0.3932683331585567}. Best is trial 4 with value: 0.0012404286628142998.
[I 2025-09-29 12:51:08,186] Trial 20 finished with value: 0.001609449933592787 and parameters: {'lag_0': 0.7169815771958509, 'lag_1': 0.7673897092770764, 'lag_2': 0.521188446981878, 'lag_3': 0.3784923767416768, 'lag_4': 0.7252570273293788, 'lag_5': 0.775932819938806, 'lag_6': 0.3646511377409055, 'lag_7': 0.43139768961870967, 'lag_8': 0.6726065703271429, 'lag_9': 0.33616474700707233, 'lag_10': 0.13348167909398928, 'lag_11': 0.10536604311649654, 'lag_12': 0.5594548201040332, 'lag_13': 0.26641141087821774, 'lag_14': 0.8526829448506212, 'lag_15': 0.8269794733755, 'lag_16': 0.17591987061896924, 'lag_17': 0.8332578312076651, 'lag_18': 0.5851744182347302, 'lag_19': 0.43168472950156755, 'lag_20': 0.16059673706654087, 'lag_21': 0.7984711818529939, 'lag_22': 0.8702770575227158, 'lag_23': 0.6668283171223941, 'lag_24': 0.5987452433804497, 'lag_25': 0.7927159204838236, 'lag_26': 0.14793513812153833, 'lag_27': 0.4185477001322069, 'lag_28': 0.5424166290074829}. Best is trial 4 with value: 0.0012404286628142998.
[I 2025-09-29 12:51:10,605] Trial 21 finished with value: 0.0016630691524709734 and parameters: {'lag_0': 0.39726346474836427, 'lag_1': 0.8335669312921623, 'lag_2': 0.7544401756654449, 'lag_3': 0.06269302135715701, 'lag_4': 0.5163797133332679, 'lag_5': 0.9153925589290948, 'lag_6': 0.03893839789166107, 'lag_7': 0.2864434980188181, 'lag_8': 0.9500053863091169, 'lag_9': 0.0030557400288735437, 'lag_10': 0.32806837212886086, 'lag_11': 0.9699005017806873, 'lag_12': 0.7420606936795227, 'lag_13': 0.6106399714425583, 'lag_14': 0.6158108187067135, 'lag_15': 0.2810507590061474, 'lag_16': 0.44159965101360993, 'lag_17': 0.8497673610001356, 'lag_18': 0.9996934878334535, 'lag_19': 0.020785505946655278, 'lag_20': 0.8792595763216764, 'lag_21': 0.11483201776446743, 'lag_22': 0.6195365109376249, 'lag_23': 0.412400995819134, 'lag_24': 0.8252079447990978, 'lag_25': 0.0586554748303468, 'lag_26': 0.3992620762811282, 'lag_27': 0.26330857904260174, 'lag_28': 0.24262796506881998}. Best is trial 4 with value: 0.0012404286628142998.
[I 2025-09-29 12:51:13,028] Trial 22 finished with value: 0.0019798536465549326 and parameters: {'lag_0': 0.3450741038842415, 'lag_1': 0.6803020645860749, 'lag_2': 0.7628980223921361, 'lag_3': 0.7838020963502843, 'lag_4': 0.5887363421051737, 'lag_5': 0.9280742692645219, 'lag_6': 0.13023860962686534, 'lag_7': 0.14214515016679213, 'lag_8': 0.8914303154217236, 'lag_9': 0.11947984129942202, 'lag_10': 0.39929995797646906, 'lag_11': 0.7587477181462733, 'lag_12': 0.7390654778596246, 'lag_13': 0.765910385033593, 'lag_14': 0.6658490435471797, 'lag_15': 0.3473244002973538, 'lag_16': 0.335487795357072, 'lag_17': 0.6701876241016798, 'lag_18': 0.9136725855110014, 'lag_19': 0.19278838651079971, 'lag_20': 0.7782315690232082, 'lag_21': 0.03228392946810499, 'lag_22': 0.5095396589633296, 'lag_23': 0.3974649315359594, 'lag_24': 0.9949568942789688, 'lag_25': 0.24448591720917465, 'lag_26': 0.9582075359948214, 'lag_27': 0.22852124695372, 'lag_28': 0.17741313873981235}. Best is trial 4 with value: 0.0012404286628142998.
[I 2025-09-29 12:51:15,456] Trial 23 finished with value: 0.0017838510214735486 and parameters: {'lag_0': 0.4890425820460049, 'lag_1': 0.8745294780948708, 'lag_2': 0.7866460373670638, 'lag_3': 0.12445736138277455, 'lag_4': 0.44787724298510756, 'lag_5': 0.984325259136476, 'lag_6': 0.24673167236844631, 'lag_7': 0.28939573340375324, 'lag_8': 0.47515914589308095, 'lag_9': 0.26948730265918697, 'lag_10': 0.3159627173466672, 'lag_11': 0.8718019525996574, 'lag_12': 0.3858233067900209, 'lag_13': 0.4145388094632384, 'lag_14': 0.756971171535412, 'lag_15': 0.4960540330833722, 'lag_16': 0.44349958560840286, 'lag_17': 0.7924582443823328, 'lag_18': 0.6973389078230707, 'lag_19': 0.14451847483257052, 'lag_20': 0.8147189604027562, 'lag_21': 0.11281356483909331, 'lag_22': 0.38652057682970437, 'lag_23': 0.8317883071815927, 'lag_24': 0.8609492238611791, 'lag_25': 0.4186511634750166, 'lag_26': 0.5526977742031975, 'lag_27': 0.19569168281065985, 'lag_28': 0.35037026270134697}. Best is trial 4 with value: 0.0012404286628142998.
[I 2025-09-29 12:51:17,883] Trial 24 finished with value: 0.0013548899683051515 and parameters: {'lag_0': 0.1846121236116003, 'lag_1': 0.7135953767840523, 'lag_2': 0.3632771312042258, 'lag_3': 0.37441163262700966, 'lag_4': 0.6727979603631598, 'lag_5': 0.8609453311112789, 'lag_6': 0.07675311308799493, 'lag_7': 0.44896186001006233, 'lag_8': 0.8621367707482595, 'lag_9': 0.08218597406085143, 'lag_10': 0.5785938369690746, 'lag_11': 0.8224192997203682, 'lag_12': 0.8218237281309866, 'lag_13': 0.6948550186403708, 'lag_14': 0.3692688062700529, 'lag_15': 0.1892193332690059, 'lag_16': 0.6295875135026823, 'lag_17': 0.9077229921762987, 'lag_18': 0.8849937230380742, 'lag_19': 0.0012006176250919194, 'lag_20': 0.9316901775019548, 'lag_21': 0.001064859140667812, 'lag_22': 0.6008103238652911, 'lag_23': 0.36584830975283567, 'lag_24': 0.782894850041977, 'lag_25': 0.001172930356244023, 'lag_26': 0.09878740120165352, 'lag_27': 0.5694042821689098, 'lag_28': 0.4784870294151973}. Best is trial 4 with value: 0.0012404286628142998.
[I 2025-09-29 12:51:20,303] Trial 25 finished with value: 0.002531353352068704 and parameters: {'lag_0': 0.15069463153995122, 'lag_1': 0.5755725805684633, 'lag_2': 0.36446947109674405, 'lag_3': 0.5645724815136967, 'lag_4': 0.6837886960981138, 'lag_5': 0.7207215264315199, 'lag_6': 0.09332737522668277, 'lag_7': 0.6603789036488716, 'lag_8': 0.8552257058482595, 'lag_9': 0.20406876012532893, 'lag_10': 0.5853263080557577, 'lag_11': 0.6254214268353322, 'lag_12': 0.9298615052935426, 'lag_13': 0.6839924877492544, 'lag_14': 0.3750272185838262, 'lag_15': 0.18589231741613987, 'lag_16': 0.8680002183054171, 'lag_17': 0.9187319204473948, 'lag_18': 0.8363879404800526, 'lag_19': 0.12935940043711566, 'lag_20': 0.9114995123550172, 'lag_21': 0.21796290299560875, 'lag_22': 0.8117968151385717, 'lag_23': 0.1495633585285907, 'lag_24': 0.7524510953382231, 'lag_25': 0.3230254627054907, 'lag_26': 0.11014539926647535, 'lag_27': 0.6052288971337967, 'lag_28': 0.456437522206633}. Best is trial 4 with value: 0.0012404286628142998.
[I 2025-09-29 12:51:22,726] Trial 26 finished with value: 0.001593072074892116 and parameters: {'lag_0': 0.15002814541312098, 'lag_1': 0.4282821047108655, 'lag_2': 0.2370046762467291, 'lag_3': 0.1283209615357328, 'lag_4': 0.12263741321196957, 'lag_5': 0.8594054474941858, 'lag_6': 0.2386244150304046, 'lag_7': 0.47038475588822415, 'lag_8': 0.7283011394388543, 'lag_9': 0.09515810989173601, 'lag_10': 0.528395046908058, 'lag_11': 0.3971080152590783, 'lag_12': 0.8298047932090533, 'lag_13': 0.8631657504151515, 'lag_14': 0.18651557216261241, 'lag_15': 0.6117684121244166, 'lag_16': 0.6637168342655542, 'lag_17': 0.9942149135888234, 'lag_18': 0.7271071610588057, 'lag_19': 0.2605787483166319, 'lag_20': 0.3391522483572236, 'lag_21': 0.006836255734218408, 'lag_22': 0.6479034831663962, 'lag_23': 0.7374131392414366, 'lag_24': 0.41190339447009977, 'lag_25': 0.14766908940895995, 'lag_26': 0.012157267990274279, 'lag_27': 0.6668935032241476, 'lag_28': 0.5116478445998399}. Best is trial 4 with value: 0.0012404286628142998.
[I 2025-09-29 12:51:25,146] Trial 27 finished with value: 0.001618894316890037 and parameters: {'lag_0': 0.3050017968913052, 'lag_1': 0.6781087730721309, 'lag_2': 0.5271300528800362, 'lag_3': 0.3366263678144453, 'lag_4': 0.2863515814700641, 'lag_5': 0.7916391221986925, 'lag_6': 0.39716147585107286, 'lag_7': 0.3706608888724074, 'lag_8': 0.6163610597152824, 'lag_9': 0.39246925666490073, 'lag_10': 0.6517510133006204, 'lag_11': 0.050615794976696285, 'lag_12': 0.9426912405244768, 'lag_13': 0.5452114409691975, 'lag_14': 0.4975394113807802, 'lag_15': 0.23520224834372133, 'lag_16': 0.5856024931252954, 'lag_17': 0.6179175158410954, 'lag_18': 0.9041490242130833, 'lag_19': 0.7974036951446493, 'lag_20': 0.01913217637619144, 'lag_21': 0.42170088595316246, 'lag_22': 0.5001506206761832, 'lag_23': 0.49399465427875877, 'lag_24': 0.9232639873208148, 'lag_25': 0.4705762993953423, 'lag_26': 0.2406331778277574, 'lag_27': 0.853548005177556, 'lag_28': 0.605736773718714}. Best is trial 4 with value: 0.0012404286628142998.
[I 2025-09-29 12:51:27,585] Trial 28 finished with value: 0.001971060426510446 and parameters: {'lag_0': 0.18475314719947936, 'lag_1': 0.8833369035811441, 'lag_2': 0.09528589885861144, 'lag_3': 0.4510064987321848, 'lag_4': 0.8372913197318445, 'lag_5': 0.6910800265498453, 'lag_6': 0.22393493118200683, 'lag_7': 0.7431054092709253, 'lag_8': 0.5249386378216558, 'lag_9': 0.6261732362083134, 'lag_10': 0.47332220315674284, 'lag_11': 0.25703472785761705, 'lag_12': 0.5802929265462774, 'lag_13': 0.40357526675739447, 'lag_14': 0.32727703209756903, 'lag_15': 0.10176405550324652, 'lag_16': 0.007040249973721935, 'lag_17': 0.9108619735850754, 'lag_18': 0.5687423817568025, 'lag_19': 0.6152279949719839, 'lag_20': 0.7459737978866268, 'lag_21': 0.34642078780868785, 'lag_22': 0.35796815268588206, 'lag_23': 0.6105106074555198, 'lag_24': 0.5367078787129186, 'lag_25': 0.34703408761217236, 'lag_26': 0.33248529556945594, 'lag_27': 0.6971857146608843, 'lag_28': 0.7855153011945106}. Best is trial 4 with value: 0.0012404286628142998.
[I 2025-09-29 12:51:30,013] Trial 29 finished with value: 0.0033600451169266314 and parameters: {'lag_0': 0.07194557881781236, 'lag_1': 0.5384422915964231, 'lag_2': 0.4588255945877212, 'lag_3': 0.7127780187644003, 'lag_4': 0.9576191567565587, 'lag_5': 0.7510046083217579, 'lag_6': 0.5628619545007729, 'lag_7': 0.509446909750712, 'lag_8': 0.8749028246494628, 'lag_9': 0.22865580473711392, 'lag_10': 0.23860399394044934, 'lag_11': 0.5676747216528004, 'lag_12': 0.7977077117362247, 'lag_13': 0.4790467010206034, 'lag_14': 0.542320336990348, 'lag_15': 0.7716927995550479, 'lag_16': 0.8548022522370067, 'lag_17': 0.4581138955744044, 'lag_18': 0.7851136325255242, 'lag_19': 0.0972721859167766, 'lag_20': 0.4871414325657386, 'lag_21': 0.6150104076426675, 'lag_22': 0.714952439638977, 'lag_23': 0.9130007714652728, 'lag_24': 0.6857730989651029, 'lag_25': 0.19364318371091765, 'lag_26': 0.09482282234909573, 'lag_27': 0.8998898925834957, 'lag_28': 0.4054062032918575}. Best is trial 4 with value: 0.0012404286628142998.
[I 2025-09-29 12:51:32,450] Trial 30 finished with value: 0.001796728050820757 and parameters: {'lag_0': 0.6287360095200413, 'lag_1': 0.6312796396845175, 'lag_2': 0.0201077246323193, 'lag_3': 0.9410471340466415, 'lag_4': 0.28733442997961994, 'lag_5': 0.39039774868078836, 'lag_6': 0.42357267592103875, 'lag_7': 0.0021578122507086017, 'lag_8': 0.7455436818133178, 'lag_9': 0.14675961788752268, 'lag_10': 0.7992856220729183, 'lag_11': 0.17466530543852718, 'lag_12': 0.6876968821978652, 'lag_13': 0.8090615094621586, 'lag_14': 0.39863433154240313, 'lag_15': 0.8965169483001884, 'lag_16': 0.753984666642521, 'lag_17': 0.7591708894191906, 'lag_18': 0.38839635557127533, 'lag_19': 0.20419647318702158, 'lag_20': 0.9344171833993873, 'lag_21': 0.5038411940092263, 'lag_22': 0.19596168697254518, 'lag_23': 0.3564898859631576, 'lag_24': 0.42742844522605106, 'lag_25': 0.999927050178547, 'lag_26': 0.1966254612514385, 'lag_27': 0.5269806368090811, 'lag_28': 0.3332135312260511}. Best is trial 4 with value: 0.0012404286628142998.
[I 2025-09-29 12:51:34,881] Trial 31 finished with value: 0.0017342929660289976 and parameters: {'lag_0': 0.4833933188655414, 'lag_1': 0.7474138564705715, 'lag_2': 0.3356224340398441, 'lag_3': 0.42675062271713077, 'lag_4': 0.46887511202739973, 'lag_5': 0.9080477646609277, 'lag_6': 0.08002033915178947, 'lag_7': 0.2551233924857287, 'lag_8': 0.9899944659909756, 'lag_9': 0.004159478808519213, 'lag_10': 0.292264052919313, 'lag_11': 0.7987789745251419, 'lag_12': 0.8582982650106217, 'lag_13': 0.7167714385849103, 'lag_14': 0.9951211797545363, 'lag_15': 0.27760899742526846, 'lag_16': 0.4623140159487659, 'lag_17': 0.8807576234519549, 'lag_18': 0.9434474012948769, 'lag_19': 0.00862708874125994, 'lag_20': 0.7949448890321056, 'lag_21': 0.09009095518932178, 'lag_22': 0.5857914293056945, 'lag_23': 0.3542885432863725, 'lag_24': 0.8294688163427779, 'lag_25': 0.002513299077662623, 'lag_26': 0.4131798165538389, 'lag_27': 0.4053747640362254, 'lag_28': 0.2313099400038156}. Best is trial 4 with value: 0.0012404286628142998.
[I 2025-09-29 12:51:37,299] Trial 32 finished with value: 0.0015764833899902964 and parameters: {'lag_0': 0.3110364896303893, 'lag_1': 0.800307613737342, 'lag_2': 0.577219530655669, 'lag_3': 0.2889974328821845, 'lag_4': 0.5927918503043221, 'lag_5': 0.8555497867705024, 'lag_6': 0.16950272955307183, 'lag_7': 0.34319523413105046, 'lag_8': 0.9267945030711713, 'lag_9': 0.08983771340115229, 'lag_10': 0.40918725452709126, 'lag_11': 0.8773656953069805, 'lag_12': 0.7872310447066654, 'lag_13': 0.647768343398011, 'lag_14': 0.23363014558636847, 'lag_15': 0.1379355540954329, 'lag_16': 0.3868561824621641, 'lag_17': 0.7816129849005025, 'lag_18': 0.8603836254016868, 'lag_19': 0.0347307127937762, 'lag_20': 0.6758013658505401, 'lag_21': 0.12925516660761693, 'lag_22': 0.4643888484371852, 'lag_23': 0.529929689802102, 'lag_24': 0.8967592352165171, 'lag_25': 0.08640689626885711, 'lag_26': 0.47326826996768195, 'lag_27': 0.3062108764682515, 'lag_28': 0.0816166921016124}. Best is trial 4 with value: 0.0012404286628142998.
[I 2025-09-29 12:51:39,719] Trial 33 finished with value: 0.0016918175255688436 and parameters: {'lag_0': 0.5651136632847232, 'lag_1': 0.9164210274102988, 'lag_2': 0.6826701609356655, 'lag_3': 0.5853113601772175, 'lag_4': 0.14996420538869418, 'lag_5': 0.03396885638562125, 'lag_6': 0.003959054899503281, 'lag_7': 0.10692407176974461, 'lag_8': 0.8364062625955182, 'lag_9': 0.049426858982387856, 'lag_10': 0.5354896860410326, 'lag_11': 0.6806580363817807, 'lag_12': 0.687889538592186, 'lag_13': 0.7718800644326997, 'lag_14': 0.824181480061818, 'lag_15': 0.348647784586697, 'lag_16': 0.2633415337643412, 'lag_17': 0.6613635629745026, 'lag_18': 0.9466800152751854, 'lag_19': 0.13030661943285882, 'lag_20': 0.9453485979292564, 'lag_21': 0.25233572893693773, 'lag_22': 0.6989656853630456, 'lag_23': 0.16910301213624682, 'lag_24': 0.7948204209871447, 'lag_25': 0.09573672668342745, 'lag_26': 0.08750106690667336, 'lag_27': 0.15660022710503635, 'lag_28': 0.2503572687281316}. Best is trial 4 with value: 0.0012404286628142998.
[I 2025-09-29 12:51:42,142] Trial 34 finished with value: 0.0016104036935130576 and parameters: {'lag_0': 0.45277403002301164, 'lag_1': 0.7168308326264862, 'lag_2': 0.8968153957906235, 'lag_3': 0.1946956504030511, 'lag_4': 0.5805620194238095, 'lag_5': 0.9441537415806074, 'lag_6': 0.31352384765296604, 'lag_7': 0.4271729253163337, 'lag_8': 0.9884832438584283, 'lag_9': 0.1471957603535021, 'lag_10': 0.35820315594002283, 'lag_11': 0.8285445017521074, 'lag_12': 0.9505963403315483, 'lag_13': 0.9344918886671201, 'lag_14': 0.541647671957374, 'lag_15': 0.44831017550903984, 'lag_16': 0.6365410461595673, 'lag_17': 0.8347221575118395, 'lag_18': 0.8146188445600155, 'lag_19': 0.00012718898906031052, 'lag_20': 0.8239840902767266, 'lag_21': 0.0846579541842269, 'lag_22': 0.5434334858634253, 'lag_23': 0.3369480344428779, 'lag_24': 0.9453970116759877, 'lag_25': 0.25941513969405894, 'lag_26': 0.003199713220359224, 'lag_27': 0.510930572506529, 'lag_28': 0.4268119508967646}. Best is trial 4 with value: 0.0012404286628142998.
[I 2025-09-29 12:51:44,566] Trial 35 finished with value: 0.0016205464984648296 and parameters: {'lag_0': 0.2699833572766429, 'lag_1': 0.39111963154340584, 'lag_2': 0.23395893617082258, 'lag_3': 0.3662684835725325, 'lag_4': 0.6447603833603823, 'lag_5': 0.8426103360954296, 'lag_6': 0.07365610430633146, 'lag_7': 0.2391651886387788, 'lag_8': 0.6232544078584715, 'lag_9': 0.17920256576936394, 'lag_10': 0.4462672694620268, 'lag_11': 0.9070367024708529, 'lag_12': 0.5696397449429429, 'lag_13': 0.34440026971424526, 'lag_14': 0.6788609386103865, 'lag_15': 0.4067272632499727, 'lag_16': 0.7030715623972861, 'lag_17': 0.9240636847534448, 'lag_18': 0.8602185642381321, 'lag_19': 0.2445459941408596, 'lag_20': 0.5468991389675533, 'lag_21': 0.060758250204427225, 'lag_22': 0.631376147355939, 'lag_23': 0.4770324749773051, 'lag_24': 0.2863795541491349, 'lag_25': 0.12678294984838895, 'lag_26': 0.3121496996204284, 'lag_27': 0.7255060805146347, 'lag_28': 0.49906229184974715}. Best is trial 4 with value: 0.0012404286628142998.
[I 2025-09-29 12:51:46,994] Trial 36 finished with value: 0.0017669727500868992 and parameters: {'lag_0': 0.2132089961347141, 'lag_1': 0.49226577126269255, 'lag_2': 0.11011590366247752, 'lag_3': 0.28127839086202333, 'lag_4': 0.7916037146276029, 'lag_5': 0.5674990477638049, 'lag_6': 0.280251561094795, 'lag_7': 0.34753443422400054, 'lag_8': 0.899322392181175, 'lag_9': 0.05241370103392925, 'lag_10': 0.12071511969060722, 'lag_11': 0.9986810284043116, 'lag_12': 0.78881021685052, 'lag_13': 0.1845789253319609, 'lag_14': 0.8842648739124288, 'lag_15': 0.004418985953376531, 'lag_16': 0.5123440561785794, 'lag_17': 0.9972343457440296, 'lag_18': 0.9595064945645381, 'lag_19': 0.08507064968033963, 'lag_20': 0.6912211576633681, 'lag_21': 0.17464610821878299, 'lag_22': 0.9815839746090127, 'lag_23': 0.22162007209018514, 'lag_24': 0.09976518394782147, 'lag_25': 0.046786308013865685, 'lag_26': 0.13420815105619935, 'lag_27': 0.05483179030349439, 'lag_28': 0.19195444279833937}. Best is trial 4 with value: 0.0012404286628142998.
[I 2025-09-29 12:51:49,419] Trial 37 finished with value: 0.0017444076793152578 and parameters: {'lag_0': 0.09386437641456225, 'lag_1': 0.6423670237940267, 'lag_2': 0.8945651877580265, 'lag_3': 0.7044769963541958, 'lag_4': 0.14920724713320183, 'lag_5': 0.814967837617291, 'lag_6': 0.19361943034859214, 'lag_7': 0.4807156176166639, 'lag_8': 0.1952506902325834, 'lag_9': 0.31286458965109976, 'lag_10': 0.2744389176504899, 'lag_11': 0.5240817701301006, 'lag_12': 0.8670735679702625, 'lag_13': 0.4894491200042702, 'lag_14': 0.4470339058009205, 'lag_15': 0.3045327092376797, 'lag_16': 0.9005648728890514, 'lag_17': 0.703297722124298, 'lag_18': 0.6876502740930737, 'lag_19': 0.2947848873445944, 'lag_20': 0.6098285967362342, 'lag_21': 0.5208638134885457, 'lag_22': 0.7677388766245088, 'lag_23': 0.43479489129585547, 'lag_24': 0.3649073746850069, 'lag_25': 0.20279816784406973, 'lag_26': 0.7028311570772023, 'lag_27': 0.13872380704582254, 'lag_28': 0.33493174089272715}. Best is trial 4 with value: 0.0012404286628142998.
[I 2025-09-29 12:51:51,847] Trial 38 finished with value: 0.0015030153031422543 and parameters: {'lag_0': 0.5516075968093935, 'lag_1': 0.2679972778610932, 'lag_2': 0.9776767210878684, 'lag_3': 0.24457782251094456, 'lag_4': 0.2372518895028044, 'lag_5': 0.2594149567627233, 'lag_6': 0.7075380598452784, 'lag_7': 0.5659631249379831, 'lag_8': 0.3952151051999083, 'lag_9': 0.4998033966694948, 'lag_10': 0.6575643735597549, 'lag_11': 0.6953763468224288, 'lag_12': 0.40810582538069745, 'lag_13': 0.5773293701222226, 'lag_14': 0.10299593256977896, 'lag_15': 0.9931004985188316, 'lag_16': 0.7905999103954251, 'lag_17': 0.7951608448535749, 'lag_18': 0.0991570629452434, 'lag_19': 0.8470604484520432, 'lag_20': 0.43814248654758536, 'lag_21': 0.17996159429874053, 'lag_22': 0.4318093144521059, 'lag_23': 0.5673602048541158, 'lag_24': 0.6852563129153624, 'lag_25': 0.1298660326994358, 'lag_26': 0.070134864960479, 'lag_27': 0.6444777157793261, 'lag_28': 0.5929968981737535}. Best is trial 4 with value: 0.0012404286628142998.
[I 2025-09-29 12:51:54,273] Trial 39 finished with value: 0.00163167822556276 and parameters: {'lag_0': 0.34110743230068785, 'lag_1': 0.9168999250515376, 'lag_2': 0.41069396954498505, 'lag_3': 0.1005757803823228, 'lag_4': 0.5188767137468379, 'lag_5': 0.9956172948339878, 'lag_6': 0.883464514527513, 'lag_7': 0.31305205251524476, 'lag_8': 0.27804619005002496, 'lag_9': 0.11850504045451177, 'lag_10': 0.38524029319239794, 'lag_11': 0.6071195401046814, 'lag_12': 0.7020512154664975, 'lag_13': 0.848608625052027, 'lag_14': 0.9242556507367675, 'lag_15': 0.5027316547359939, 'lag_16': 0.38613063115050805, 'lag_17': 0.0287309624936416, 'lag_18': 0.5278425829894039, 'lag_19': 0.0769133661400223, 'lag_20': 0.8799881095680452, 'lag_21': 0.053088694956079284, 'lag_22': 0.6658748368749784, 'lag_23': 0.6629888219766086, 'lag_24': 0.571441409967716, 'lag_25': 0.30279667495250506, 'lag_26': 0.26520943707268463, 'lag_27': 0.4540370654127012, 'lag_28': 0.966216258818529}. Best is trial 4 with value: 0.0012404286628142998.
