[I 2025-09-29 13:18:48,072] Trial 19 finished with value: 0.0035168315353917 and parameters: {'lag_0': 0.6538669487570817, 'lag_1': 0.8591497928739973, 'lag_2': 0.2569880203783841, 'lag_3': 0.8571685108900681, 'lag_4': 0.6928914828001405, 'lag_5': 0.4922147661840378, 'lag_6': 0.010188070709423569, 'lag_7': 0.5271876990898663, 'lag_8': 0.9473086327085394, 'lag_9': 0.79166945485198, 'lag_10': 0.6737228517287657, 'lag_11': 0.32828729723152283, 'lag_12': 0.7216649664802329, 'lag_13': 0.0037972339816225026, 'lag_14': 0.3482825575126225, 'lag_15': 0.15585817232312987, 'lag_16': 0.6481019353923932, 'lag_17': 0.997532106020353, 'lag_18': 0.9261650879919117, 'lag_19': 0.038863732351256064, 'lag_20': 0.008253669749339713, 'lag_21': 0.8971233966406916, 'lag_22': 0.6079553638572726, 'lag_23': 0.8084965117333922, 'lag_24': 0.8603418604511996, 'lag_25': 0.5993095574747864, 'lag_26': 0.32865191558184587, 'lag_27': 0.8695637769128214, 'lag_28': 0.10444894478175744}. Best is trial 14 with value: 0.0031371785775825382.
[I 2025-09-29 13:18:50,456] Trial 20 finished with value: 0.003197676342613722 and parameters: {'lag_0': 0.28105846609442947, 'lag_1': 0.6160259711935102, 'lag_2': 0.9518122069978622, 'lag_3': 0.9765656520228835, 'lag_4': 0.40593470978345514, 'lag_5': 0.2837436403037654, 'lag_6': 0.5580398019666857, 'lag_7': 0.4020443774942916, 'lag_8': 0.2331246261060949, 'lag_9': 0.5819443606020087, 'lag_10': 0.4092987094707536, 'lag_11': 0.0012148207388091026, 'lag_12': 0.9966862995849374, 'lag_13': 0.36742679169218895, 'lag_14': 0.17381801609184977, 'lag_15': 0.3106154243360265, 'lag_16': 0.8422456187195686, 'lag_17': 0.8686642623611628, 'lag_18': 0.7509793331793624, 'lag_19': 0.40946918120881604, 'lag_20': 0.37954876063422865, 'lag_21': 0.6200702479496769, 'lag_22': 0.15981849761650302, 'lag_23': 0.9982581647202413, 'lag_24': 0.7163591175722901, 'lag_25': 0.847471615264555, 'lag_26': 0.602171272833497, 'lag_27': 0.717290936391284, 'lag_28': 0.5223163732315426}. Best is trial 14 with value: 0.0031371785775825382.
[I 2025-09-29 13:18:52,835] Trial 21 finished with value: 0.0033444971715171634 and parameters: {'lag_0': 0.30360804053925067, 'lag_1': 0.5905540659704076, 'lag_2': 0.9948627664169317, 'lag_3': 0.9926694577273032, 'lag_4': 0.41090934423790626, 'lag_5': 0.29901865649629195, 'lag_6': 0.5627167106418061, 'lag_7': 0.316056348221885, 'lag_8': 0.23534654075284572, 'lag_9': 0.5855526601404, 'lag_10': 0.3678125488204652, 'lag_11': 0.01464780936239879, 'lag_12': 0.9563310416579044, 'lag_13': 0.38704628535238883, 'lag_14': 0.16828524000485312, 'lag_15': 0.27156384450730015, 'lag_16': 0.8352423045373274, 'lag_17': 0.8287322266610827, 'lag_18': 0.7586033187094667, 'lag_19': 0.4208645669189748, 'lag_20': 0.27463832055737747, 'lag_21': 0.6564059401068297, 'lag_22': 0.16315538377593225, 'lag_23': 0.9932135709662366, 'lag_24': 0.6998059377572694, 'lag_25': 0.9477218316246159, 'lag_26': 0.5782437449863983, 'lag_27': 0.7145836607535031, 'lag_28': 0.5114857868417032}. Best is trial 14 with value: 0.0031371785775825382.
[I 2025-09-29 13:18:55,219] Trial 22 finished with value: 0.0034085988358425003 and parameters: {'lag_0': 0.11072654248238935, 'lag_1': 0.464091801627656, 'lag_2': 0.9063134530034577, 'lag_3': 0.9021101671858012, 'lag_4': 0.3219308970545414, 'lag_5': 0.22385610230519462, 'lag_6': 0.7184576286895168, 'lag_7': 0.24469789398488542, 'lag_8': 0.05033152260387497, 'lag_9': 0.7831411154483618, 'lag_10': 0.44835601109348466, 'lag_11': 0.12962929589144392, 'lag_12': 0.2914357264014529, 'lag_13': 0.12512733996706604, 'lag_14': 0.02068786055465255, 'lag_15': 0.4494572915212542, 'lag_16': 0.9989119880520739, 'lag_17': 0.8671540195057116, 'lag_18': 0.8775020325670426, 'lag_19': 0.16543065112323377, 'lag_20': 0.40098400959239927, 'lag_21': 0.8039619581763635, 'lag_22': 0.3955750005497908, 'lag_23': 0.6929489674854743, 'lag_24': 0.7444074195142232, 'lag_25': 0.8069318055071021, 'lag_26': 0.45559369750541134, 'lag_27': 0.9153114778195887, 'lag_28': 0.5375164397123693}. Best is trial 14 with value: 0.0031371785775825382.
[I 2025-09-29 13:18:57,596] Trial 23 finished with value: 0.003017660357681709 and parameters: {'lag_0': 0.0054510014841686605, 'lag_1': 0.624780956192819, 'lag_2': 0.7762983430261414, 'lag_3': 0.7653835652030787, 'lag_4': 0.4696166287891246, 'lag_5': 0.12647020538410675, 'lag_6': 0.40660735842233514, 'lag_7': 0.46021378966640725, 'lag_8': 0.33908638800238217, 'lag_9': 0.5921272766785706, 'lag_10': 0.26294570216240387, 'lag_11': 3.07905722101709e-05, 'lag_12': 0.14485461500335822, 'lag_13': 0.30986017666854015, 'lag_14': 0.3786224253463336, 'lag_15': 0.2926657657865187, 'lag_16': 0.9093588423773499, 'lag_17': 0.6394487753880475, 'lag_18': 0.771121861910013, 'lag_19': 0.2627532518542107, 'lag_20': 0.11660548749509625, 'lag_21': 0.5868293272070999, 'lag_22': 0.24077483616086015, 'lag_23': 0.9920760046807681, 'lag_24': 0.8944906259774627, 'lag_25': 0.6094304627307957, 'lag_26': 0.5935437918331485, 'lag_27': 0.7327080522943246, 'lag_28': 0.8442488816342312}. Best is trial 23 with value: 0.003017660357681709.
[I 2025-09-29 13:18:59,974] Trial 24 finished with value: 0.0035551540898350123 and parameters: {'lag_0': 0.006569740411363951, 'lag_1': 0.3688521263098161, 'lag_2': 0.8023593566268946, 'lag_3': 0.7299338604858595, 'lag_4': 0.4962408386364327, 'lag_5': 0.12026739555176916, 'lag_6': 0.2454708388490949, 'lag_7': 0.45960182660395366, 'lag_8': 0.36455269257998413, 'lag_9': 0.42486499417405676, 'lag_10': 0.2390043660534069, 'lag_11': 0.21193499001261712, 'lag_12': 0.16821727775794987, 'lag_13': 0.26505270548191223, 'lag_14': 0.38435450172618596, 'lag_15': 0.13187141687257603, 'lag_16': 0.9202865417571743, 'lag_17': 0.6367617231581677, 'lag_18': 0.6082177216173279, 'lag_19': 0.21330135915531712, 'lag_20': 0.1555384189785565, 'lag_21': 0.8983585230048692, 'lag_22': 0.2500479475183867, 'lag_23': 0.4932960545508834, 'lag_24': 0.9040654472230066, 'lag_25': 0.6227105839366974, 'lag_26': 0.7514365525005737, 'lag_27': 0.5006557323969993, 'lag_28': 0.8515538445024537}. Best is trial 23 with value: 0.003017660357681709.
[I 2025-09-29 13:19:02,364] Trial 25 finished with value: 0.003337629280001778 and parameters: {'lag_0': 0.0796754743602395, 'lag_1': 0.8102841604942412, 'lag_2': 0.6735476541946372, 'lag_3': 0.8038500400078114, 'lag_4': 0.19541364385727011, 'lag_5': 0.39909041799619466, 'lag_6': 0.4232896386259738, 'lag_7': 0.7542332024761735, 'lag_8': 0.48104558614351967, 'lag_9': 0.24394048715245858, 'lag_10': 0.12105308384653743, 'lag_11': 0.09105946246815036, 'lag_12': 0.11317084057069465, 'lag_13': 0.096458182112941, 'lag_14': 0.47812214929063707, 'lag_15': 0.40827527355013415, 'lag_16': 0.672088627421982, 'lag_17': 0.7468616849768017, 'lag_18': 0.9137977267638996, 'lag_19': 0.10582636851789762, 'lag_20': 0.11275302073225117, 'lag_21': 0.7086336463792116, 'lag_22': 0.08372152226067009, 'lag_23': 0.8553889881364953, 'lag_24': 0.836093554079471, 'lag_25': 0.3536567864927481, 'lag_26': 0.4940028730137273, 'lag_27': 0.9057212676520854, 'lag_28': 0.9983452557734189}. Best is trial 23 with value: 0.003017660357681709.
[I 2025-09-29 13:19:04,746] Trial 26 finished with value: 0.0033468415039414508 and parameters: {'lag_0': 0.18457317942236037, 'lag_1': 0.502059486143706, 'lag_2': 0.8079510085707009, 'lag_3': 0.6359858960001935, 'lag_4': 0.6041055029944189, 'lag_5': 0.5215477643805452, 'lag_6': 0.3588680761358196, 'lag_7': 0.6202670069353374, 'lag_8': 0.9106538700914718, 'lag_9': 0.823507213515697, 'lag_10': 0.30744627652571777, 'lag_11': 0.3310278958235653, 'lag_12': 0.43033666216214134, 'lag_13': 0.4450256116884175, 'lag_14': 0.5163760485526838, 'lag_15': 0.25546544242987934, 'lag_16': 0.9255915816446781, 'lag_17': 0.6162716555158956, 'lag_18': 0.7881687011381135, 'lag_19': 0.264425954532941, 'lag_20': 0.23282039732954227, 'lag_21': 0.43655818868870566, 'lag_22': 0.42934150051418835, 'lag_23': 0.7408249890115393, 'lag_24': 0.9456610074068, 'lag_25': 0.5301967725576123, 'lag_26': 0.5965656822056681, 'lag_27': 0.6247677508401296, 'lag_28': 0.3838257159362215}. Best is trial 23 with value: 0.003017660357681709.
[I 2025-09-29 13:19:07,138] Trial 27 finished with value: 0.003916648780446613 and parameters: {'lag_0': 0.061677352045728384, 'lag_1': 0.6177407819576096, 'lag_2': 0.5078898938002075, 'lag_3': 0.8582877944260257, 'lag_4': 0.46673982821030974, 'lag_5': 0.12154008203431933, 'lag_6': 0.2162829467829565, 'lag_7': 0.8997680077629892, 'lag_8': 0.5083297393704462, 'lag_9': 0.7330442218183686, 'lag_10': 0.5527683148570952, 'lag_11': 0.47857475639790437, 'lag_12': 0.0030845888919073527, 'lag_13': 0.29982993016785453, 'lag_14': 0.34014940835957197, 'lag_15': 0.16190074097442209, 'lag_16': 0.8066637537791711, 'lag_17': 0.42314559325841894, 'lag_18': 0.988640387657224, 'lag_19': 0.3772118553157643, 'lag_20': 0.08295734906453744, 'lag_21': 0.8456376426509373, 'lag_22': 0.5657147570526757, 'lag_23': 0.26864238036154625, 'lag_24': 0.607607168126954, 'lag_25': 0.7343516713243017, 'lag_26': 0.28332937970599853, 'lag_27': 0.7544104878922522, 'lag_28': 0.8403811808787948}. Best is trial 23 with value: 0.003017660357681709.
[I 2025-09-29 13:19:09,524] Trial 28 finished with value: 0.0032354330424126583 and parameters: {'lag_0': 0.3702200872038551, 'lag_1': 0.15154192457449273, 'lag_2': 0.7549877694284487, 'lag_3': 0.6950279860144599, 'lag_4': 0.7052907015688554, 'lag_5': 0.511493835796599, 'lag_6': 0.5158038619718104, 'lag_7': 0.5855663664225154, 'lag_8': 0.666784559159205, 'lag_9': 0.5821569885147831, 'lag_10': 0.15926969644751182, 'lag_11': 0.1713049092143475, 'lag_12': 0.27286557457370914, 'lag_13': 0.17002351985713954, 'lag_14': 0.5563890772489197, 'lag_15': 0.018443271674826206, 'lag_16': 0.5157274080350904, 'lag_17': 0.7621098935103663, 'lag_18': 0.6697258657158467, 'lag_19': 0.9736699069996603, 'lag_20': 0.59973372748761, 'lag_21': 0.573056312717956, 'lag_22': 0.2503358433055116, 'lag_23': 0.5845629458774821, 'lag_24': 0.815736484220554, 'lag_25': 0.6349811191828626, 'lag_26': 0.4145363476324664, 'lag_27': 0.5671935819155691, 'lag_28': 0.2313878513372727}. Best is trial 23 with value: 0.003017660357681709.
[I 2025-09-29 13:19:11,903] Trial 29 finished with value: 0.0033327776742243043 and parameters: {'lag_0': 0.15753369294983702, 'lag_1': 0.7013612070895845, 'lag_2': 0.8261879242785721, 'lag_3': 0.4490480865089308, 'lag_4': 0.3380648812633992, 'lag_5': 0.6907549356961482, 'lag_6': 0.14569970487959966, 'lag_7': 0.4054385050896897, 'lag_8': 0.03595525388905024, 'lag_9': 0.4333047859166033, 'lag_10': 0.052340382436706245, 'lag_11': 0.29788182113169975, 'lag_12': 0.12033681645780075, 'lag_13': 0.1998600407186893, 'lag_14': 0.4268028083910071, 'lag_15': 0.19796621387906094, 'lag_16': 0.6957400261383209, 'lag_17': 0.587478992257707, 'lag_18': 0.801414554581503, 'lag_19': 0.6044203768595445, 'lag_20': 0.3317346491043392, 'lag_21': 0.9401342964639624, 'lag_22': 0.10365396711360253, 'lag_23': 0.9190718606479397, 'lag_24': 0.25790271267650244, 'lag_25': 0.22135200743465033, 'lag_26': 0.18460436926335017, 'lag_27': 0.8461704929145452, 'lag_28': 0.08907383516743358}. Best is trial 23 with value: 0.003017660357681709.
[I 2025-09-29 13:19:14,293] Trial 30 finished with value: 0.003558952554027133 and parameters: {'lag_0': 0.2396221056636761, 'lag_1': 0.319156061147547, 'lag_2': 0.6745051355542937, 'lag_3': 0.5793867135153459, 'lag_4': 0.21084720975319415, 'lag_5': 0.18999155257889486, 'lag_6': 0.39234306751246417, 'lag_7': 0.7993706420742498, 'lag_8': 0.8537405873037212, 'lag_9': 0.021722742839110576, 'lag_10': 0.6227376023628499, 'lag_11': 0.0787505406259198, 'lag_12': 0.31102419425714095, 'lag_13': 0.5940401591027032, 'lag_14': 0.24262637926597053, 'lag_15': 0.33738266386244864, 'lag_16': 0.897852833325914, 'lag_17': 0.918605007889008, 'lag_18': 0.7176736014836432, 'lag_19': 0.08430036064166585, 'lag_20': 0.23675363489186613, 'lag_21': 0.2509419343704092, 'lag_22': 0.22472167077498661, 'lag_23': 0.1073488636064383, 'lag_24': 0.9990075312420129, 'lag_25': 0.5207378935591328, 'lag_26': 0.76247865527232, 'lag_27': 0.7933027851685559, 'lag_28': 0.8846247664877435}. Best is trial 23 with value: 0.003017660357681709.
[I 2025-09-29 13:19:16,685] Trial 31 finished with value: 0.003795196901612548 and parameters: {'lag_0': 0.05813523368220902, 'lag_1': 0.6056670889590428, 'lag_2': 0.9121620579278876, 'lag_3': 0.9582933894138227, 'lag_4': 0.39686342085091725, 'lag_5': 0.295391872152128, 'lag_6': 0.5257750438657903, 'lag_7': 0.4223594545109703, 'lag_8': 0.22674891948114229, 'lag_9': 0.547741948193631, 'lag_10': 0.42668510680139404, 'lag_11': 0.011935664493989112, 'lag_12': 0.41734401879076066, 'lag_13': 0.3593385600097042, 'lag_14': 0.1863079267610665, 'lag_15': 0.30591074196876195, 'lag_16': 0.8414417295276329, 'lag_17': 0.9054410664588186, 'lag_18': 0.7594150505122212, 'lag_19': 0.2484860590785793, 'lag_20': 0.3534362650001316, 'lag_21': 0.6282112603374126, 'lag_22': 0.15148616649191265, 'lag_23': 0.9991234277807151, 'lag_24': 0.6834626293239491, 'lag_25': 0.8979932097672271, 'lag_26': 0.6084528900066662, 'lag_27': 0.6842487379837815, 'lag_28': 0.5807247810354483}. Best is trial 23 with value: 0.003017660357681709.
[I 2025-09-29 13:19:19,070] Trial 32 finished with value: 0.0035132060953990503 and parameters: {'lag_0': 0.3008639938049192, 'lag_1': 0.5023409474454287, 'lag_2': 0.9378602374925774, 'lag_3': 0.9234274429470012, 'lag_4': 0.4459083168124823, 'lag_5': 0.36778174436549843, 'lag_6': 0.5988246798043407, 'lag_7': 0.28227682396742043, 'lag_8': 0.32124921732633854, 'lag_9': 0.639246137223007, 'lag_10': 0.41454796020613605, 'lag_11': 0.00622151722068134, 'lag_12': 0.74092275941759, 'lag_13': 0.43539251885087615, 'lag_14': 0.095274581584037, 'lag_15': 0.3952576504800236, 'lag_16': 0.739479546967914, 'lag_17': 0.73273610413384, 'lag_18': 0.9261047320410708, 'lag_19': 0.38102380957136145, 'lag_20': 0.05446341913450515, 'lag_21': 0.4509579353975891, 'lag_22': 0.18350432805805936, 'lag_23': 0.8895600967177102, 'lag_24': 0.8793250361166921, 'lag_25': 0.7889571568911501, 'lag_26': 0.5465663223878208, 'lag_27': 0.7637115061075374, 'lag_28': 0.46108547132790384}. Best is trial 23 with value: 0.003017660357681709.
[I 2025-09-29 13:19:21,568] Trial 33 finished with value: 0.004286792565450131 and parameters: {'lag_0': 0.22424712592846108, 'lag_1': 0.6668535442966982, 'lag_2': 0.8623306629841111, 'lag_3': 0.8349666929080529, 'lag_4': 0.5506145165533104, 'lag_5': 0.4545214573894024, 'lag_6': 0.29897207913147156, 'lag_7': 0.20846899315860878, 'lag_8': 0.14718053809246343, 'lag_9': 0.6951810990749574, 'lag_10': 0.3049322491618617, 'lag_11': 0.3919832785383435, 'lag_12': 0.5361489979751033, 'lag_13': 0.2971869032240869, 'lag_14': 0.3039139772849938, 'lag_15': 0.1134112686303547, 'lag_16': 0.939822739754682, 'lag_17': 0.7976681598472911, 'lag_18': 0.7969166967660624, 'lag_19': 0.5081051490685343, 'lag_20': 0.10912664993308452, 'lag_21': 0.6750935382903305, 'lag_22': 0.7663004454728449, 'lag_23': 0.9517997734156186, 'lag_24': 0.7666068594746288, 'lag_25': 0.6775888392891003, 'lag_26': 0.6628873117638754, 'lag_27': 0.9181269192772041, 'lag_28': 0.7638588374820472}. Best is trial 23 with value: 0.003017660357681709.
[I 2025-09-29 13:19:23,963] Trial 34 finished with value: 0.003516110321947498 and parameters: {'lag_0': 0.1083355816390355, 'lag_1': 0.8321689091733602, 'lag_2': 0.7749291010770495, 'lag_3': 0.9482552258015343, 'lag_4': 0.36827208520338545, 'lag_5': 0.24365932780521157, 'lag_6': 0.49343393644724365, 'lag_7': 0.493437472835111, 'lag_8': 0.38235744868106053, 'lag_9': 0.24452523435107487, 'lag_10': 0.7227720029189719, 'lag_11': 0.24838914925210986, 'lag_12': 0.9942053185621151, 'lag_13': 0.23184389822209425, 'lag_14': 0.17039001388444147, 'lag_15': 0.30877679317272194, 'lag_16': 0.7806482527319664, 'lag_17': 0.8766777378099637, 'lag_18': 0.5956840038931227, 'lag_19': 0.7768478319305958, 'lag_20': 0.21706514603658714, 'lag_21': 0.566094609501048, 'lag_22': 0.2937441279446346, 'lag_23': 0.4370039597291068, 'lag_24': 0.5191916491820094, 'lag_25': 0.7462165747742819, 'lag_26': 0.7078013407226404, 'lag_27': 0.4541406423772845, 'lag_28': 0.18092878444777882}. Best is trial 23 with value: 0.003017660357681709.
[I 2025-09-29 13:19:26,348] Trial 35 finished with value: 0.00376794497303504 and parameters: {'lag_0': 0.00406148676434593, 'lag_1': 0.7489105289242226, 'lag_2': 0.9446986847506612, 'lag_3': 0.8967423016055486, 'lag_4': 0.60443800611923, 'lag_5': 0.41302874969240383, 'lag_6': 0.21438445684968127, 'lag_7': 0.9201478561025803, 'lag_8': 0.4456629097467452, 'lag_9': 0.8549390839509103, 'lag_10': 0.8372442958760341, 'lag_11': 0.10129191706503698, 'lag_12': 0.2062999794139076, 'lag_13': 0.1539803179568494, 'lag_14': 0.3770182580495243, 'lag_15': 0.19152314121643013, 'lag_16': 0.8687104119860661, 'lag_17': 0.6836066591275138, 'lag_18': 0.4110385196181858, 'lag_19': 0.31049171857212593, 'lag_20': 0.005458389809709557, 'lag_21': 0.019159606144137087, 'lag_22': 0.02844851115432087, 'lag_23': 0.8576152774297731, 'lag_24': 0.9009856818608928, 'lag_25': 0.8794601185183362, 'lag_26': 0.622901708952731, 'lag_27': 0.7213826621007141, 'lag_28': 0.05106221558486286}. Best is trial 23 with value: 0.003017660357681709.
[I 2025-09-29 13:19:28,739] Trial 36 finished with value: 0.003452619406904041 and parameters: {'lag_0': 0.13615194224799396, 'lag_1': 0.40704231333050256, 'lag_2': 0.8718098094292485, 'lag_3': 0.80023908877451, 'lag_4': 0.2579908301852617, 'lag_5': 0.06809629608689094, 'lag_6': 0.7131284916580892, 'lag_7': 0.5355275155662789, 'lag_8': 0.2153146080397931, 'lag_9': 0.593476207510791, 'lag_10': 0.5552618287176895, 'lag_11': 0.18007272223170062, 'lag_12': 0.7888215325981692, 'lag_13': 0.0768877508406012, 'lag_14': 0.10255655473711567, 'lag_15': 0.5215882927320526, 'lag_16': 0.9974522833143147, 'lag_17': 0.9949100283573731, 'lag_18': 0.7065570148785572, 'lag_19': 0.5460572463667518, 'lag_20': 0.48538461922879667, 'lag_21': 0.4635304520472471, 'lag_22': 0.08558989391773501, 'lag_23': 0.9584222481623949, 'lag_24': 0.7404937832532045, 'lag_25': 0.568703988530612, 'lag_26': 0.8450626855717918, 'lag_27': 0.5706526730444335, 'lag_28': 0.323236106179561}. Best is trial 23 with value: 0.003017660357681709.
[I 2025-09-29 13:19:31,134] Trial 37 finished with value: 0.003683541280242359 and parameters: {'lag_0': 0.2622004479389006, 'lag_1': 0.5581374148995865, 'lag_2': 0.6065327226102968, 'lag_3': 0.9892982087269416, 'lag_4': 0.3656664625795075, 'lag_5': 0.1606073207357953, 'lag_6': 0.4384510263618028, 'lag_7': 0.36620440612846206, 'lag_8': 0.082901032381066, 'lag_9': 0.7574121722958044, 'lag_10': 0.9816987875436453, 'lag_11': 0.5521775958645585, 'lag_12': 0.6263532730838033, 'lag_13': 0.31701796641497887, 'lag_14': 0.2394242217573283, 'lag_15': 0.05892036824053273, 'lag_16': 0.7520338362760658, 'lag_17': 0.47917291454871014, 'lag_18': 0.8992937208010638, 'lag_19': 0.23548102859790376, 'lag_20': 0.29518603331152127, 'lag_21': 0.7397327616681013, 'lag_22': 0.6899269211107049, 'lag_23': 0.5320069591818475, 'lag_24': 0.6403333187596577, 'lag_25': 0.4000862247245385, 'lag_26': 0.48749243372321865, 'lag_27': 0.828290993709086, 'lag_28': 0.7524398703137518}. Best is trial 23 with value: 0.003017660357681709.
[I 2025-09-29 13:19:33,530] Trial 38 finished with value: 0.00381323027461693 and parameters: {'lag_0': 0.6385066809636587, 'lag_1': 0.6397016564567732, 'lag_2': 0.7063776773076647, 'lag_3': 0.4984215383823053, 'lag_4': 0.13840195894214058, 'lag_5': 0.5568014269650133, 'lag_6': 0.6599690391736879, 'lag_7': 0.10964049108951551, 'lag_8': 0.2892270526921246, 'lag_9': 0.996916304228355, 'lag_10': 0.216303683780534, 'lag_11': 0.06027554326344521, 'lag_12': 0.15433245766854697, 'lag_13': 0.24294838073927644, 'lag_14': 0.44868325894927635, 'lag_15': 0.2586308794477791, 'lag_16': 0.4325744182028231, 'lag_17': 0.6607184284642718, 'lag_18': 0.6267415881534808, 'lag_19': 0.42009467227908515, 'lag_20': 0.1594312417518603, 'lag_21': 0.6228237922701633, 'lag_22': 0.3966974533105413, 'lag_23': 0.6680498711036025, 'lag_24': 0.7982180505919775, 'lag_25': 0.49803424473975183, 'lag_26': 0.42145192755996796, 'lag_27': 0.33100669290000745, 'lag_28': 0.5839877292639407}. Best is trial 23 with value: 0.003017660357681709.
[I 2025-09-29 13:19:35,922] Trial 39 finished with value: 0.003489855485971756 and parameters: {'lag_0': 0.06390149729766473, 'lag_1': 0.4725580493705187, 'lag_2': 0.8364849767626368, 'lag_3': 0.9347200756323539, 'lag_4': 0.744981315385051, 'lag_5': 0.31912025586905796, 'lag_6': 0.35936651318702545, 'lag_7': 0.445684909570163, 'lag_8': 0.38197993689013005, 'lag_9': 0.3075414767974436, 'lag_10': 0.2636274053507476, 'lag_11': 0.1372243534080327, 'lag_12': 0.26036004402672186, 'lag_13': 0.4290915187540219, 'lag_14': 0.05580502776558241, 'lag_15': 0.44380913766160857, 'lag_16': 0.8205045121842816, 'lag_17': 0.7821611986938255, 'lag_18': 0.9548157142478522, 'lag_19': 0.47582244529593776, 'lag_20': 0.7578837742840494, 'lag_21': 0.8210808963328668, 'lag_22': 0.5538653244407696, 'lag_23': 0.7485883721350173, 'lag_24': 0.5584877998128981, 'lag_25': 0.6570051375339478, 'lag_26': 0.7183278275843682, 'lag_27': 0.6567482459571801, 'lag_28': 0.19618924850891067}. Best is trial 23 with value: 0.003017660357681709.
