[I 2025-10-03 11:34:06,342] Trial 64 finished with values: [0.0021850554817587783, 0.007125673287078008, 0.0015920752594527309, 0.0005183806200211837, 0.0051808663973629725, 0.00048578237518297467, 0.002014100682423906, 0.0004009988062300637, 0.0005030506895444821, 0.00021359900029388322, 0.0003729493543161307, 0.0004489842332116885, 0.011049944580843124, 0.05755093277127653, 0.0, 0.06336671063689978, 0.00285615586116129, 0.0027242270977383153, 0.0007102938492547962, 0.012798235387089551, 0.00010002288703792308, 0.0008393866435894816, 0.00015258981650247686, 0.00015624250530192328, 0.00027995660523980683, 0.0023946712730324054, 0.0008284192119000558, 0.0008596645893302662, 0.0018511884410531924] and parameters: {'lag_0': 0.40708847796807796, 'lag_1': 0.6329382306398055, 'lag_2': 0.20211102541635229, 'lag_3': 0.3363607334633968, 'lag_4': 0.052758249815520165, 'lag_5': 0.9605180863407028, 'lag_6': 0.5062180651102972, 'lag_7': 0.2692567602360821, 'lag_8': 0.4435270850916861, 'lag_9': 0.22715673550070473, 'lag_10': 0.6077024784122943, 'lag_11': 0.43077388351730683, 'lag_12': 0.04036542577439033, 'lag_13': 0.023480761755825325, 'lag_14': 0.14708362124196878, 'lag_15': 0.08898019426880643, 'lag_16': 0.05049382493103814, 'lag_17': 0.7597760890797499, 'lag_18': 0.5933188618399589, 'lag_19': 0.41105888247668776, 'lag_20': 0.50045836983563, 'lag_21': 0.15267777431613824, 'lag_22': 0.5483492896991462, 'lag_23': 0.4418429026707479, 'lag_24': 0.7459497985613004, 'lag_25': 0.6991548697955343, 'lag_26': 0.9427139538546793, 'lag_27': 0.7255389300575832, 'lag_28': 0.9452337503035796}.
[I 2025-10-03 11:34:09,069] Trial 65 finished with values: [0.006527284681130836, 0.0006438107448134074, 0.0016598668816970863, 0.0012711081038667984, 0.003064380333366132, 0.00037559087538583194, 0.00235715350660296, 0.0003431197005482199, 0.0002668041088183767, 0.0002605861059618904, 0.00016569425075168193, 0.0005553428412726002, 0.011794758561314251, 0.05533256248416779, 0.0, 0.057414774661821155, 0.0028343342403762965, 0.0025188441529210353, 0.0005618696527500594, 0.012505507933155396, 0.0002792301361048261, 0.000729721680385771, 0.00015695646017023604, 0.00016701368758391212, 9.893364207281014e-05, 0.002255719153152673, 0.0009590033505786639, 0.0008937869872959709, 0.0007706352207146115] and parameters: {'lag_0': 0.8594137981357471, 'lag_1': 0.9980533945359028, 'lag_2': 0.013322238101864486, 'lag_3': 0.22106474449521527, 'lag_4': 0.908648401358904, 'lag_5': 0.9933184605101361, 'lag_6': 0.6431264451828647, 'lag_7': 0.7596554386930092, 'lag_8': 0.4902743897348654, 'lag_9': 0.1994819288776689, 'lag_10': 0.9117911483985667, 'lag_11': 0.0616928582407415, 'lag_12': 0.5519832850122763, 'lag_13': 0.8048907369951799, 'lag_14': 0.8782695884442542, 'lag_15': 0.9529560920960095, 'lag_16': 0.4355456911741567, 'lag_17': 0.06399201034398579, 'lag_18': 0.27759279019042976, 'lag_19': 0.393159858006846, 'lag_20': 0.568458545322233, 'lag_21': 0.11345057992568865, 'lag_22': 0.13989719649809537, 'lag_23': 0.3020057515155498, 'lag_24': 0.35756862391779287, 'lag_25': 0.619695452934092, 'lag_26': 0.9698368095629, 'lag_27': 0.5339142853746172, 'lag_28': 0.4848709398075534}.
[I 2025-10-03 11:34:11,788] Trial 66 finished with values: [0.00495653444371393, 0.0024135399123163636, 0.0011301463975418482, 0.0022735652798854464, 0.003032481396003781, 0.001018278569515332, 0.002028710743858282, 0.0007352094937382112, 0.0004963391349561431, 0.0002477617622129163, 0.00042516956919264466, 0.0003156810655695593, 0.0096309608448166, 0.058821373204068036, 0.0, 0.058712463981335825, 0.002979367645211349, 0.002952963872618694, 0.0004216649199634529, 0.01294904822673458, 0.00029417760412312215, 0.000844695121347908, 0.0003670721746210479, 0.00011101893050198396, 0.00022543343295158483, 0.001833213043998754, 0.000935273974014782, 0.0011608532551933416, 0.0007171800863185279] and parameters: {'lag_0': 0.009786922078502461, 'lag_1': 0.3300830229521039, 'lag_2': 0.1636665404991198, 'lag_3': 0.4320447717821934, 'lag_4': 0.9316348303863459, 'lag_5': 0.879102757508354, 'lag_6': 0.7041767214109766, 'lag_7': 0.23590864421784238, 'lag_8': 0.9955414195659903, 'lag_9': 0.6551620920651179, 'lag_10': 0.8837134584512081, 'lag_11': 0.37125029376822477, 'lag_12': 0.7532845499984953, 'lag_13': 0.3982883734419757, 'lag_14': 0.16234171202689596, 'lag_15': 0.24677076924815847, 'lag_16': 0.782981882847533, 'lag_17': 0.311452613059818, 'lag_18': 0.4575917167157919, 'lag_19': 0.2973979814205439, 'lag_20': 0.8683503982960241, 'lag_21': 0.5430236306823545, 'lag_22': 0.2899068340014055, 'lag_23': 0.578226978334569, 'lag_24': 0.42812235443306607, 'lag_25': 0.2415838355050217, 'lag_26': 0.9282479762542787, 'lag_27': 0.48351222475551403, 'lag_28': 0.12981880358077855}.
[I 2025-10-03 11:34:14,503] Trial 67 finished with values: [0.017963182117028267, 0.005338225006552897, 0.0029580695176195425, 0.003587048520266338, 0.0032203831232762254, 0.0014597275614753103, 0.0026634404700152056, 0.00041654955195225734, 0.00010011910841181516, 0.00014526661401097985, 0.0001926269754777434, 0.000491978212027406, 0.00927425389719189, 0.05774059020349771, 0.0, 0.06854473247134354, 0.002600518524672975, 0.0030098651251666726, 0.0005633913470959351, 0.013748921890492736, 0.00037271503835321603, 0.0014215562304149252, 0.00013567721737656728, 0.00015300181012357708, 9.498931796755776e-05, 0.0023969272442540324, 0.0011020756330782546, 0.000922117547654171, 0.0014839889825115238] and parameters: {'lag_0': 0.8453424800577385, 'lag_1': 0.9453649041131299, 'lag_2': 0.605236966580496, 'lag_3': 0.8645304928946319, 'lag_4': 0.552788719094214, 'lag_5': 0.34490262298249547, 'lag_6': 0.9342694694537835, 'lag_7': 0.9639443925008916, 'lag_8': 0.6394206916409567, 'lag_9': 0.8246383442745843, 'lag_10': 0.6831251486338397, 'lag_11': 0.20693531574580873, 'lag_12': 0.8233839214090217, 'lag_13': 0.20534784056959096, 'lag_14': 0.44929021257152857, 'lag_15': 0.2765309771731164, 'lag_16': 0.6334298600258707, 'lag_17': 0.29997299966594587, 'lag_18': 0.9011962694475608, 'lag_19': 0.5172486413501949, 'lag_20': 0.037608947091607114, 'lag_21': 0.5289344937873136, 'lag_22': 0.751759933254557, 'lag_23': 0.7624034548125421, 'lag_24': 0.06698939534859924, 'lag_25': 0.07965421911187182, 'lag_26': 0.4777084795592897, 'lag_27': 0.46874004650864887, 'lag_28': 0.8301451795374649}.
[I 2025-10-03 11:34:17,201] Trial 68 finished with values: [0.006315375378312444, 0.0010101877425630586, 0.0026418604104525277, 0.0028322209353450053, 0.0034673522550383515, 0.0007372025088915244, 0.0020501324430670046, 0.00018212589768742854, 0.00036402285772082793, 5.6824312456924866e-05, 3.559044001244057e-05, 0.0005875706551779784, 0.010956232670126267, 0.06189525220020202, 0.0, 0.06351149404016596, 0.0023627271288502896, 0.003307327240055647, 0.0005782575778745544, 0.01267479011450246, 0.00030525477236108007, 0.0007739363333772437, 0.0003751640135135063, 0.00013874964661044758, 0.00021681985264092912, 0.0024326043727229837, 0.001208708409748243, 0.0017401747556949503, 0.0016257372164552096] and parameters: {'lag_0': 0.28736902727638636, 'lag_1': 0.6563038318638827, 'lag_2': 0.5009449410032075, 'lag_3': 0.7920585989243066, 'lag_4': 0.06484135537103143, 'lag_5': 0.847107011794188, 'lag_6': 0.7021637260284885, 'lag_7': 0.39795245921485933, 'lag_8': 0.7011884330865501, 'lag_9': 0.32751361420255054, 'lag_10': 0.8852984118392361, 'lag_11': 0.9481105669926615, 'lag_12': 0.822311023106935, 'lag_13': 0.8096001904150846, 'lag_14': 0.5764470829180938, 'lag_15': 0.8022201957381315, 'lag_16': 0.6606997336676212, 'lag_17': 0.29726342761426033, 'lag_18': 0.9790403923477013, 'lag_19': 0.785074445929056, 'lag_20': 0.5459113004694096, 'lag_21': 0.677435589903313, 'lag_22': 0.9085298364273201, 'lag_23': 0.2049523312929791, 'lag_24': 0.8620941037924374, 'lag_25': 0.24930026906594735, 'lag_26': 0.18149595791470044, 'lag_27': 0.7637244675448325, 'lag_28': 0.046398406552709895}.
[I 2025-10-03 11:34:19,907] Trial 69 finished with values: [0.0022353714661406967, 0.0038496062044417697, 0.0009735802199940677, 0.0017397455303458857, 0.004400945992332644, 0.0001847969538284036, 0.0014515296799116782, 0.0007792320315792993, 0.00027349592898038286, 0.0003891812366277271, 0.00041253833290215284, 0.0005511989579600252, 0.012112898114085262, 0.053991126957535496, 0.0, 0.06449095855707655, 0.00334901244307098, 0.0024662649028045517, 0.0005195477330001044, 0.013073797822987582, 0.0002916890065082912, 0.0010014137843155344, 0.0003515456732057134, 0.0001920527362135793, 0.0001931446174801304, 0.002380691959133745, 0.0012904729577325842, 0.0011265059910194352, 0.0009765580290534949] and parameters: {'lag_0': 0.9441652088799152, 'lag_1': 0.4426930678453716, 'lag_2': 0.13604103916349652, 'lag_3': 0.2028700566254181, 'lag_4': 0.4557149637497905, 'lag_5': 0.4202048748228308, 'lag_6': 0.08363157614780839, 'lag_7': 0.030523347591901045, 'lag_8': 0.28289892911091374, 'lag_9': 0.7350136920316321, 'lag_10': 0.8803633998295817, 'lag_11': 0.6055505889578583, 'lag_12': 0.7935892287898212, 'lag_13': 0.286107446896928, 'lag_14': 0.9797746664778546, 'lag_15': 0.20491119333787014, 'lag_16': 0.024863040341550798, 'lag_17': 0.2873962992160477, 'lag_18': 0.1692964325067167, 'lag_19': 0.5913459970433065, 'lag_20': 0.023103627019280457, 'lag_21': 0.08176067058318597, 'lag_22': 0.0907686281513716, 'lag_23': 0.6218921742981095, 'lag_24': 0.9006045672302276, 'lag_25': 0.6489242750342569, 'lag_26': 0.06107538785654896, 'lag_27': 0.43279046978682373, 'lag_28': 0.5168684258008686}.
[I 2025-10-03 11:34:22,619] Trial 70 finished with values: [0.0031907462195923733, 0.005566079217562608, 0.0017775500045113424, 0.0019413813409833176, 0.002738519176305497, 0.00042611337444132847, 0.0021153220248757943, 0.0007548043340517046, 0.000546300246971421, 0.00016622540170281277, 0.00023090210723540334, 0.000577082348080613, 0.014641867947176887, 0.05176487871956444, 0.0, 0.06945960983642172, 0.002570235789669006, 0.0026518747990579624, 0.0005550191966319491, 0.012941732281696242, 0.0003723733787296324, 0.0014592243908937898, 0.00020349101532743746, 0.0001588675539244597, 0.0002996374909521839, 0.0023346407061277724, 0.001484279524628197, 0.0003059212438443214, 0.0020234100121916407] and parameters: {'lag_0': 0.2466929527794533, 'lag_1': 0.2675953884665869, 'lag_2': 0.317114473223105, 'lag_3': 0.7247692246969496, 'lag_4': 0.9076484069455257, 'lag_5': 0.5308749226827891, 'lag_6': 0.6522953427403069, 'lag_7': 0.41140009134936084, 'lag_8': 0.17943283574666294, 'lag_9': 0.5031351247430341, 'lag_10': 0.007609667155527475, 'lag_11': 0.17007459172378217, 'lag_12': 0.9542535269035892, 'lag_13': 0.8048907369951799, 'lag_14': 0.8447021667984546, 'lag_15': 0.20633512062083445, 'lag_16': 0.021295102437236906, 'lag_17': 0.2905107863872614, 'lag_18': 0.06169608004208505, 'lag_19': 0.7285890551863154, 'lag_20': 0.568458545322233, 'lag_21': 0.7966707769094128, 'lag_22': 0.6035494537825612, 'lag_23': 0.9417686050144033, 'lag_24': 0.7404847637558304, 'lag_25': 0.17825098012117158, 'lag_26': 0.6641868417900885, 'lag_27': 0.5339142853746172, 'lag_28': 0.36744218330306283}.
[I 2025-10-03 11:34:25,334] Trial 71 finished with values: [0.09974523339907954, 0.0019697527407984334, 0.00039462523803924837, 0.0005685261902520153, 0.004992788202341692, 0.0011698045948480811, 0.0024725258794913766, 0.0004616595128790738, 0.0007275837891711606, 0.00020379153780486926, 0.00015674742405198008, 0.0006675952786375898, 0.009998028911336056, 0.05803113662151114, 0.0, 0.06220907236316027, 0.0021578555997042404, 0.003652336819413505, 0.0003165917550014462, 0.012519948774371587, 0.00043709064051072985, 0.0012351201428802128, 0.00033944563210077674, 0.00028126869388888764, 0.00016735694818425481, 0.002375853672174923, 0.0010962942316653816, 0.0006156080684418988, 0.0017976961536212976] and parameters: {'lag_0': 0.391216795119298, 'lag_1': 0.22881068980981803, 'lag_2': 0.3646828871385455, 'lag_3': 0.2048923098893511, 'lag_4': 0.4663600938015701, 'lag_5': 0.6326175360694826, 'lag_6': 0.7021637260284885, 'lag_7': 0.39795245921485933, 'lag_8': 0.7011884330865501, 'lag_9': 0.9780921007734578, 'lag_10': 0.22393008340789883, 'lag_11': 0.9716761305847375, 'lag_12': 0.6647238632557572, 'lag_13': 0.009689838380166196, 'lag_14': 0.5764470829180938, 'lag_15': 0.3764146512318348, 'lag_16': 0.29307512066099567, 'lag_17': 0.149485286664623, 'lag_18': 0.4888314243440323, 'lag_19': 0.785074445929056, 'lag_20': 0.5553774331954582, 'lag_21': 0.3710038498329016, 'lag_22': 0.29990214322825043, 'lag_23': 0.21925797890755924, 'lag_24': 0.3745582917081024, 'lag_25': 0.4841709257725082, 'lag_26': 0.18149595791470044, 'lag_27': 0.9246486851634831, 'lag_28': 0.5477358019591664}.
[I 2025-10-03 11:34:28,047] Trial 72 finished with values: [0.002309335963182117, 0.008991786351589558, 0.0018835871227287047, 0.002348241241822805, 0.0031498382559109325, 0.0010238737379893509, 0.0014722605213374593, 0.0007274611383383006, 0.0005080739545573136, 5.971420985049324e-05, 0.00024556051927035694, 0.0005201215682853224, 0.01251658222484656, 0.05987385275346827, 0.0, 0.05891091287111834, 0.002752775717219485, 0.00332167446210103, 0.0006096288150682861, 0.012811039167597257, 0.00026624154343844844, 0.0008844777385342435, 0.00012252303812719452, 0.00020151440585693082, 3.724389426028172e-05, 0.0020946060045212967, 0.0014691815586098799, 0.0015200679942132763, 0.0002711989156133312] and parameters: {'lag_0': 0.009786922078502461, 'lag_1': 0.39868812582649277, 'lag_2': 0.1636665404991198, 'lag_3': 0.3903678143685455, 'lag_4': 0.29334880251860407, 'lag_5': 0.879102757508354, 'lag_6': 0.8076185276542635, 'lag_7': 0.15105291002281948, 'lag_8': 0.9955414195659903, 'lag_9': 0.9637694036907394, 'lag_10': 0.347491527358943, 'lag_11': 0.1905865722225515, 'lag_12': 0.7532845499984953, 'lag_13': 0.3982883734419757, 'lag_14': 0.6947249410817271, 'lag_15': 0.17512571103569402, 'lag_16': 0.2170208879148359, 'lag_17': 0.311452613059818, 'lag_18': 0.4575917167157919, 'lag_19': 0.5950404112996197, 'lag_20': 0.8683503982960241, 'lag_21': 0.5430236306823545, 'lag_22': 0.2899068340014055, 'lag_23': 0.07135649188590039, 'lag_24': 0.8298759591224023, 'lag_25': 0.7198846033825512, 'lag_26': 0.08861229205279673, 'lag_27': 0.34187457216457856, 'lag_28': 0.6595824967107601}.
[I 2025-10-03 11:34:30,765] Trial 73 finished with values: [0.002578566732412886, 0.0012624213797504417, 0.0011361788076469244, 0.0022386205534850787, 0.0037810070577661142, 0.000557686625879645, 0.001332187339918036, 0.00013569835667347744, 0.00017050165124340953, 4.000472946966111e-05, 0.0001130728706926221, 0.000245931980307647, 0.011741529752627582, 0.06010467217988199, 0.0, 0.05595477196116792, 0.0022262626228767416, 0.002792107068342212, 0.00048695935138495854, 0.012433637827561381, 0.00019700056057964446, 0.000744294612025732, 0.0004402816965477731, 0.0001384257449844063, 0.00023424275973163116, 0.0018482426392398873, 0.0007518822497421824, 0.0006500507565086677, 0.0017446956514419922] and parameters: {'lag_0': 0.12822052433887052, 'lag_1': 0.3835775588434783, 'lag_2': 0.041645581061628426, 'lag_3': 0.23581896833747484, 'lag_4': 0.3269036764902107, 'lag_5': 0.3311419894469982, 'lag_6': 0.3939163766907485, 'lag_7': 0.26335380938620656, 'lag_8': 0.9765356049949154, 'lag_9': 0.9501293133823978, 'lag_10': 0.1834621869328601, 'lag_11': 0.011682562356198441, 'lag_12': 0.11910811596168167, 'lag_13': 0.9448600129715893, 'lag_14': 0.6679498331517993, 'lag_15': 0.3676950602794943, 'lag_16': 0.9729749362736614, 'lag_17': 0.1708192199298458, 'lag_18': 0.6357556104875579, 'lag_19': 0.010010563142525785, 'lag_20': 0.2973591332467471, 'lag_21': 0.334118538072266, 'lag_22': 0.4680811533552782, 'lag_23': 0.25144718429118207, 'lag_24': 0.5129463906777879, 'lag_25': 0.6931506152453462, 'lag_26': 0.6945076228622307, 'lag_27': 0.42533623975473656, 'lag_28': 0.7154828255515849}.
[I 2025-10-03 11:34:33,486] Trial 74 finished with values: [0.0022580539119000658, 0.002970111652546994, 0.0017663204337447272, 0.004707817332854854, 0.004783863366182092, 0.0011572510918013141, 0.0029049426459261656, 0.00039328888484593485, 0.0004135398731020988, 0.00021770826539291543, 0.0004978758298291574, 0.00032597906498094234, 0.010954863036954008, 0.05719426765150147, 0.0, 0.051820990419366816, 0.0024001224070415573, 0.002479018614320323, 0.00033259878909259013, 0.011445495496283407, 0.0002807198904231286, 0.0011260327692127615, 0.00013594950203216363, 0.00019000552744914857, 0.0001690492591209691, 0.0015142061166927372, 0.001155775542121448, 0.0007372305207617924, 0.0008416150556552048] and parameters: {'lag_0': 0.12822052433887052, 'lag_1': 0.3835775588434783, 'lag_2': 0.041645581061628426, 'lag_3': 0.14734269784445192, 'lag_4': 0.552788719094214, 'lag_5': 0.9470170935979142, 'lag_6': 0.9342694694537835, 'lag_7': 0.26335380938620656, 'lag_8': 0.6394206916409567, 'lag_9': 0.9401668988922742, 'lag_10': 0.6831251486338397, 'lag_11': 0.8575793663815056, 'lag_12': 0.8233839214090217, 'lag_13': 0.40463962422508815, 'lag_14': 0.34061015584889687, 'lag_15': 0.6162548036250696, 'lag_16': 0.6334298600258707, 'lag_17': 0.38808244790268603, 'lag_18': 0.09050079776336846, 'lag_19': 0.5172486413501949, 'lag_20': 0.037608947091607114, 'lag_21': 0.334118538072266, 'lag_22': 0.3328499435317413, 'lag_23': 0.7624034548125421, 'lag_24': 0.06698939534859924, 'lag_25': 0.4948856672251897, 'lag_26': 0.4777084795592897, 'lag_27': 0.7254991303203289, 'lag_28': 0.7154828255515849}.
[I 2025-10-03 11:34:36,200] Trial 75 finished with values: [0.0019375410913872453, 0.0017652284161165416, 0.003289512945230207, 0.001252751457080981, 0.0025067788193477926, 0.0008541938740993474, 0.0014322277140021093, 0.0003333420289255894, 0.0002355338779062752, 0.00016667881307421963, 0.00019924802284640268, 0.0007608445927101228, 0.009460302754586503, 0.06163171319513507, 0.0, 0.06691189812111067, 0.0028993604889097557, 0.003113505635060841, 0.0007286238876115478, 0.013386382335922514, 0.0003089077963805623, 0.0008719205991905721, 0.00020277023096941833, 0.00020791537722256547, 0.00010365823742813061, 0.0020621539781060746, 0.001220997005122239, 0.001207024539335863, 0.0008240309609395868] and parameters: {'lag_0': 0.6428589762694528, 'lag_1': 0.7932989475135607, 'lag_2': 0.013322238101864486, 'lag_3': 0.22106474449521527, 'lag_4': 0.9232523475715471, 'lag_5': 0.9933184605101361, 'lag_6': 0.6431264451828647, 'lag_7': 0.7596554386930092, 'lag_8': 0.4902743897348654, 'lag_9': 0.845180082651541, 'lag_10': 0.9117911483985667, 'lag_11': 0.0616928582407415, 'lag_12': 0.5519832850122763, 'lag_13': 0.4045668684010765, 'lag_14': 0.8782695884442542, 'lag_15': 0.9529560920960095, 'lag_16': 0.18690761023931787, 'lag_17': 0.24304843047040847, 'lag_18': 0.27759279019042976, 'lag_19': 0.7544423448319791, 'lag_20': 0.17357750968161828, 'lag_21': 0.19250130884943978, 'lag_22': 0.13989719649809537, 'lag_23': 0.3020057515155498, 'lag_24': 0.35756862391779287, 'lag_25': 0.27018035705558135, 'lag_26': 0.9698368095629, 'lag_27': 0.7990686815345018, 'lag_28': 0.4848709398075534}.
[I 2025-10-03 11:34:38,911] Trial 76 finished with values: [0.004766600920447074, 0.0042709814705030645, 0.001076181090357662, 0.0031093192323991465, 0.003935310425936657, 0.000873510389002357, 0.0017187486844872917, 0.0009400357766901235, 0.0006010028966686842, 0.00017814713806113623, 0.00011330516109894896, 0.0004179954974620488, 0.011105196362201678, 0.06045115708166271, 0.0, 0.05416684340207946, 0.002113303361054871, 0.00287034866796919, 0.0006146653834893462, 0.012513674468197743, 0.00018046989018149655, 0.0008292941275770578, 0.000104898219536671, 0.00025036190884321417, 0.00010698054626604836, 0.0017019485759924655, 0.0009694243540561027, 0.0006674746309782285, 0.0001985666525183496] and parameters: {'lag_0': 0.21340723443392604, 'lag_1': 0.5027617556239201, 'lag_2': 0.6628805759640175, 'lag_3': 0.8629915191408055, 'lag_4': 0.052758249815520165, 'lag_5': 0.24510659922985958, 'lag_6': 0.5062180651102972, 'lag_7': 0.2692567602360821, 'lag_8': 0.4435270850916861, 'lag_9': 0.8119757022555238, 'lag_10': 0.2601792910174393, 'lag_11': 0.06671229702039583, 'lag_12': 0.9023319674627571, 'lag_13': 0.22255170412795608, 'lag_14': 0.7218047739260203, 'lag_15': 0.45765578244093574, 'lag_16': 0.1918035742475124, 'lag_17': 0.7597760890797499, 'lag_18': 0.3823633572371502, 'lag_19': 0.9110635239159737, 'lag_20': 0.4034377850066319, 'lag_21': 0.15267777431613824, 'lag_22': 0.39769693639137865, 'lag_23': 0.5838772961115732, 'lag_24': 0.1126332601385694, 'lag_25': 0.5901428810231584, 'lag_26': 0.9427139538546793, 'lag_27': 0.6338360739528893, 'lag_28': 0.2566887451493601}.
