2025-09-29 13:18:07,297 - distributed.nanny - INFO -         Start Nanny at: 'tcp://192.168.86.108:34156'
2025-09-29 13:18:08,608 - distributed.worker - INFO -       Start worker at: tcp://192.168.86.108:44304
2025-09-29 13:18:08,608 - distributed.worker - INFO -          Listening to: tcp://192.168.86.108:44304
2025-09-29 13:18:08,608 - distributed.worker - INFO -           Worker name:            SLURMCluster-13
2025-09-29 13:18:08,608 - distributed.worker - INFO -          dashboard at:       192.168.86.108:37761
2025-09-29 13:18:08,608 - distributed.worker - INFO - Waiting to connect to: tcp://192.168.86.101:42031
2025-09-29 13:18:08,608 - distributed.worker - INFO - -------------------------------------------------
2025-09-29 13:18:08,608 - distributed.worker - INFO -               Threads:                          1
2025-09-29 13:18:08,608 - distributed.worker - INFO -                Memory:                   9.31 GiB
2025-09-29 13:18:08,608 - distributed.worker - INFO -       Local Directory: /home1/zrentala/dask-worker-space/dask-scratch-space/worker-d2q_0_r4
2025-09-29 13:18:08,608 - distributed.worker - INFO - -------------------------------------------------
2025-09-29 13:18:08,875 - distributed.worker - INFO - Starting Worker plugin shuffle
2025-09-29 13:18:08,875 - distributed.worker - INFO -         Registered to: tcp://192.168.86.101:42031
2025-09-29 13:18:08,875 - distributed.worker - INFO - -------------------------------------------------
2025-09-29 13:18:08,876 - distributed.core - INFO - Starting established connection to tcp://192.168.86.101:42031
[I 2025-09-29 13:18:08,947] A new study created in memory with name: no-name-c492b546-3f90-40f8-81ba-339eda1f4375
[I 2025-09-29 13:18:11,244] Trial 0 finished with value: 0.0036157525159223056 and parameters: {'lag_0': 0.7188097332847838, 'lag_1': 0.6256480024053765, 'lag_2': 0.2627863950648043, 'lag_3': 0.9264615873588843, 'lag_4': 0.49204018528223753, 'lag_5': 0.9341504702306896, 'lag_6': 0.9335773945296665, 'lag_7': 0.0039042283909131704, 'lag_8': 0.656210262069632, 'lag_9': 0.5062985722830258, 'lag_10': 0.4424015319543553, 'lag_11': 0.40917884254526465, 'lag_12': 0.3492377647664526, 'lag_13': 0.2752463886785807, 'lag_14': 0.7669129158861357, 'lag_15': 0.38633495775160204, 'lag_16': 0.27172222233928783, 'lag_17': 0.1720160542292406, 'lag_18': 0.4746768245750393, 'lag_19': 0.14940551114496897, 'lag_20': 0.49559483257757364, 'lag_21': 0.36701076877958727, 'lag_22': 0.5643789827447852, 'lag_23': 0.42121481680496514, 'lag_24': 0.563751207660152, 'lag_25': 0.11162997048159756, 'lag_26': 0.7818144400613639, 'lag_27': 0.23741885664725867, 'lag_28': 0.7223758367057214}. Best is trial 0 with value: 0.0036157525159223056.
[I 2025-09-29 13:18:13,537] Trial 1 finished with value: 0.003601101848942666 and parameters: {'lag_0': 0.5180072802220379, 'lag_1': 0.019621689856113008, 'lag_2': 0.3651964065292223, 'lag_3': 0.1938264970427778, 'lag_4': 0.3401735033152382, 'lag_5': 0.2216431694601448, 'lag_6': 0.9347802832342633, 'lag_7': 0.7956070016498866, 'lag_8': 0.26350134699951244, 'lag_9': 0.10859006515533552, 'lag_10': 0.9688701440730203, 'lag_11': 0.28409279147392763, 'lag_12': 0.05762493603203578, 'lag_13': 0.9233056597286711, 'lag_14': 0.8570935843652813, 'lag_15': 0.013988799580691522, 'lag_16': 0.23674884717772687, 'lag_17': 0.9527427346834619, 'lag_18': 0.3158554508577742, 'lag_19': 0.6158512224468705, 'lag_20': 0.035703369562283, 'lag_21': 0.6299235719915159, 'lag_22': 0.544474276128195, 'lag_23': 0.3940861766943211, 'lag_24': 0.28835647066612374, 'lag_25': 0.36922167167815434, 'lag_26': 0.24268067427522072, 'lag_27': 0.2083737356860839, 'lag_28': 0.5815821183055467}. Best is trial 1 with value: 0.003601101848942666.
[I 2025-09-29 13:18:15,819] Trial 2 finished with value: 0.0032199140365020266 and parameters: {'lag_0': 0.6864171609802239, 'lag_1': 0.26028462601531727, 'lag_2': 0.7312806658841403, 'lag_3': 0.3463577398508801, 'lag_4': 0.8342552930402941, 'lag_5': 0.6827611544925175, 'lag_6': 0.4897837943033255, 'lag_7': 0.9111736531796442, 'lag_8': 0.19064028316968276, 'lag_9': 0.5143955835180446, 'lag_10': 0.8249398902472291, 'lag_11': 0.5553002227297115, 'lag_12': 0.019811277399502555, 'lag_13': 0.06750471735355602, 'lag_14': 0.6223243354916809, 'lag_15': 0.9582481122617017, 'lag_16': 0.769825822649393, 'lag_17': 0.6700455429444795, 'lag_18': 0.34577802391886914, 'lag_19': 0.9800100542439165, 'lag_20': 0.37144543750220915, 'lag_21': 0.029773921911310734, 'lag_22': 0.644299724844559, 'lag_23': 0.3832373052917334, 'lag_24': 0.23911606477091515, 'lag_25': 0.9095007747645155, 'lag_26': 0.5762228516281427, 'lag_27': 0.6868338006888522, 'lag_28': 0.32618615383652816}. Best is trial 2 with value: 0.0032199140365020266.
[I 2025-09-29 13:18:18,099] Trial 3 finished with value: 0.003056165184204371 and parameters: {'lag_0': 0.6994504667202613, 'lag_1': 0.3723209548971385, 'lag_2': 0.15228923473546824, 'lag_3': 0.8266137942781498, 'lag_4': 0.6748975628097342, 'lag_5': 0.5280634344665375, 'lag_6': 0.5255592402970601, 'lag_7': 0.17638153168782783, 'lag_8': 0.49369794535380324, 'lag_9': 0.5417417062718821, 'lag_10': 0.5164585561689392, 'lag_11': 0.5649943555354408, 'lag_12': 0.028058560173940032, 'lag_13': 0.12452908400271885, 'lag_14': 0.9701613406468799, 'lag_15': 0.8519936512151983, 'lag_16': 0.16546098618474003, 'lag_17': 0.6920672520562724, 'lag_18': 0.8320620915243007, 'lag_19': 0.14995154336356373, 'lag_20': 0.4703095577781623, 'lag_21': 0.6476641944868198, 'lag_22': 0.11520832744275035, 'lag_23': 0.44116538669615163, 'lag_24': 0.5980663159963658, 'lag_25': 0.7712597273010761, 'lag_26': 0.19316247822210034, 'lag_27': 0.6254908598378862, 'lag_28': 0.5792134912902526}. Best is trial 3 with value: 0.003056165184204371.
[I 2025-09-29 13:18:20,373] Trial 4 finished with value: 0.0032462614411171683 and parameters: {'lag_0': 0.4914788532167121, 'lag_1': 0.658950827279545, 'lag_2': 0.5749002631310539, 'lag_3': 0.2958078175551289, 'lag_4': 0.5556417906179872, 'lag_5': 0.06076608724335007, 'lag_6': 0.9676397496136557, 'lag_7': 0.2094073231597353, 'lag_8': 0.39571158286595, 'lag_9': 0.26055505583286, 'lag_10': 0.23632058635872055, 'lag_11': 0.3814458642167823, 'lag_12': 0.3882360726647827, 'lag_13': 0.2224499721928213, 'lag_14': 0.4733704411698403, 'lag_15': 0.3425749033297344, 'lag_16': 0.44513105502260597, 'lag_17': 0.09123873280015793, 'lag_18': 0.48365591514702083, 'lag_19': 0.9306230506391355, 'lag_20': 0.8160295695395037, 'lag_21': 0.6753382328966377, 'lag_22': 0.6001363165159163, 'lag_23': 0.034800707455087704, 'lag_24': 0.12119721478172514, 'lag_25': 0.3678850541506176, 'lag_26': 0.24822203340000557, 'lag_27': 0.0022839835946050265, 'lag_28': 0.9428416279863159}. Best is trial 3 with value: 0.003056165184204371.
[I 2025-09-29 13:18:22,661] Trial 5 finished with value: 0.002927952551638224 and parameters: {'lag_0': 0.06600349009670743, 'lag_1': 0.36313392941198114, 'lag_2': 0.771489865136227, 'lag_3': 0.22857472944115925, 'lag_4': 0.2278862609305726, 'lag_5': 0.6514479382202328, 'lag_6': 0.8651938671914299, 'lag_7': 0.045062830477994524, 'lag_8': 0.6294863888260841, 'lag_9': 0.44775743240459487, 'lag_10': 0.4574356952092397, 'lag_11': 0.9472041444438594, 'lag_12': 0.3785918061394023, 'lag_13': 0.006200632285867046, 'lag_14': 0.07310746055946728, 'lag_15': 0.2999227320105239, 'lag_16': 0.5819989750514872, 'lag_17': 0.8981175604750568, 'lag_18': 0.3382481141299513, 'lag_19': 0.5502740316709489, 'lag_20': 0.8191804912141437, 'lag_21': 0.21724892569436954, 'lag_22': 0.036300041638216984, 'lag_23': 0.2108238880942155, 'lag_24': 0.0706416020645443, 'lag_25': 0.8034571198927113, 'lag_26': 0.5770977176018246, 'lag_27': 0.33305779618168574, 'lag_28': 0.04129038381432378}. Best is trial 5 with value: 0.002927952551638224.
[I 2025-09-29 13:18:24,940] Trial 6 finished with value: 0.00307446987935232 and parameters: {'lag_0': 0.4701706773480223, 'lag_1': 0.9123424619501929, 'lag_2': 0.11630890840130739, 'lag_3': 0.9182219699687785, 'lag_4': 0.6070666708982647, 'lag_5': 0.5914843029503755, 'lag_6': 0.9845555640175955, 'lag_7': 0.4189459657573574, 'lag_8': 0.22672490111058535, 'lag_9': 0.42763137617358493, 'lag_10': 0.6139823082401985, 'lag_11': 0.6685241508262253, 'lag_12': 0.2087855082970394, 'lag_13': 0.18310086326212244, 'lag_14': 0.08823253361644136, 'lag_15': 0.8973622265636387, 'lag_16': 0.263988488673961, 'lag_17': 0.857747462881138, 'lag_18': 0.7734745224816441, 'lag_19': 0.1817697820582899, 'lag_20': 0.21436355844513458, 'lag_21': 0.03934357724632919, 'lag_22': 0.4499187629215816, 'lag_23': 0.6405595587902075, 'lag_24': 0.32791926767979646, 'lag_25': 0.13692083474684824, 'lag_26': 0.4180128400533244, 'lag_27': 0.04909455288147298, 'lag_28': 0.27988490804973215}. Best is trial 5 with value: 0.002927952551638224.
[I 2025-09-29 13:18:27,214] Trial 7 finished with value: 0.002968055822913701 and parameters: {'lag_0': 0.885610059295162, 'lag_1': 0.683889405497977, 'lag_2': 0.5744759057984058, 'lag_3': 0.14859736124141576, 'lag_4': 0.9628337463261997, 'lag_5': 0.44770738982672553, 'lag_6': 0.2642753813887029, 'lag_7': 0.974128173710681, 'lag_8': 0.13591521440007845, 'lag_9': 0.45895932848415777, 'lag_10': 0.6108278793908051, 'lag_11': 0.723520642197831, 'lag_12': 0.2737870125799119, 'lag_13': 0.44745043862067035, 'lag_14': 0.7742583012583875, 'lag_15': 0.20597929425636363, 'lag_16': 0.7997910163247925, 'lag_17': 0.16492444967938028, 'lag_18': 0.7263522948865911, 'lag_19': 0.1593026525725491, 'lag_20': 0.7477453302497425, 'lag_21': 0.496919049902002, 'lag_22': 0.2167347276129917, 'lag_23': 0.17861358232906716, 'lag_24': 0.25322083515858407, 'lag_25': 0.9628615738762961, 'lag_26': 0.9014626132009184, 'lag_27': 0.923390592754157, 'lag_28': 0.8571457448721232}. Best is trial 5 with value: 0.002927952551638224.
[I 2025-09-29 13:18:29,483] Trial 8 finished with value: 0.0029738737653444477 and parameters: {'lag_0': 0.3324136031496663, 'lag_1': 0.8189003286718046, 'lag_2': 0.1235123309381411, 'lag_3': 0.8039252891282885, 'lag_4': 0.5456181390469999, 'lag_5': 0.456977404007797, 'lag_6': 0.9310674566099046, 'lag_7': 0.2475494686723994, 'lag_8': 0.6406212429633396, 'lag_9': 0.25098347096988866, 'lag_10': 0.42510913224390795, 'lag_11': 0.08962305916196112, 'lag_12': 0.07000687274474231, 'lag_13': 0.8772410883675431, 'lag_14': 0.27181817477092896, 'lag_15': 0.3354610383268098, 'lag_16': 0.46262711117106964, 'lag_17': 0.755764199302671, 'lag_18': 0.5395742094222408, 'lag_19': 0.6384836056733036, 'lag_20': 0.4186123283784019, 'lag_21': 0.6427721400508905, 'lag_22': 0.5145766926173726, 'lag_23': 0.9380303154107894, 'lag_24': 0.12044112503871666, 'lag_25': 0.7047526765561327, 'lag_26': 0.40569444194491694, 'lag_27': 0.0037054300522058902, 'lag_28': 0.8758365302200123}. Best is trial 5 with value: 0.002927952551638224.
[I 2025-09-29 13:18:31,763] Trial 9 finished with value: 0.003027523584067401 and parameters: {'lag_0': 0.7792158471776701, 'lag_1': 0.34824651303189136, 'lag_2': 0.8787617727864008, 'lag_3': 0.21368796300084147, 'lag_4': 0.5021389457110472, 'lag_5': 0.7294262056955896, 'lag_6': 0.8872163707626701, 'lag_7': 0.2770501031207505, 'lag_8': 0.7344255252040842, 'lag_9': 0.6336115761360979, 'lag_10': 0.4140596319053186, 'lag_11': 0.9493399961172393, 'lag_12': 0.6257203431835343, 'lag_13': 0.6545118163954528, 'lag_14': 0.7834982712642258, 'lag_15': 0.14313291427042885, 'lag_16': 0.562492637847334, 'lag_17': 0.5072592991386032, 'lag_18': 0.4237931763977826, 'lag_19': 0.38095220822248804, 'lag_20': 0.6856040381619455, 'lag_21': 0.24176462531685042, 'lag_22': 0.8446791534037458, 'lag_23': 0.8679077475049345, 'lag_24': 0.733037573306334, 'lag_25': 0.5665174517825754, 'lag_26': 0.7478560171285012, 'lag_27': 0.711737233531856, 'lag_28': 0.19154991313716005}. Best is trial 5 with value: 0.002927952551638224.
[I 2025-09-29 13:18:34,191] Trial 10 finished with value: 0.003126889623340045 and parameters: {'lag_0': 0.03780780999721378, 'lag_1': 0.056576930513582646, 'lag_2': 0.9810882326277689, 'lag_3': 0.5854951863305834, 'lag_4': 0.014135543570493347, 'lag_5': 0.9972767210928042, 'lag_6': 0.6779536171833553, 'lag_7': 0.5558331525012843, 'lag_8': 0.9346805933140871, 'lag_9': 0.9606637493108893, 'lag_10': 0.07647349876229786, 'lag_11': 0.9991475647560293, 'lag_12': 0.7012447176619707, 'lag_13': 0.44964037861648487, 'lag_14': 0.06444141184257696, 'lag_15': 0.6201658222764825, 'lag_16': 0.9938321260454159, 'lag_17': 0.441849832005504, 'lag_18': 0.032007973801654155, 'lag_19': 0.4421441194930219, 'lag_20': 0.9389886906592655, 'lag_21': 0.9497969708800735, 'lag_22': 0.0018161168809317993, 'lag_23': 0.1844609195890472, 'lag_24': 0.9579721508477432, 'lag_25': 0.669924541495089, 'lag_26': 0.004405029087474643, 'lag_27': 0.4416258153133164, 'lag_28': 0.04938099957657795}. Best is trial 5 with value: 0.002927952551638224.
[I 2025-09-29 13:18:36,530] Trial 11 finished with value: 0.003359842983967664 and parameters: {'lag_0': 0.9955410352565711, 'lag_1': 0.5306838784982371, 'lag_2': 0.5912117011085247, 'lag_3': 0.02131819562390197, 'lag_4': 0.980741824100691, 'lag_5': 0.34681569599416096, 'lag_6': 0.09851800107786884, 'lag_7': 0.7038973883895825, 'lag_8': 0.09662199648257452, 'lag_9': 0.7223771417824143, 'lag_10': 0.7148929543046824, 'lag_11': 0.772091235494555, 'lag_12': 0.479232941110099, 'lag_13': 0.47424585589879226, 'lag_14': 0.39011129257584903, 'lag_15': 0.21757495987656167, 'lag_16': 0.7337545539839878, 'lag_17': 0.2879611746308196, 'lag_18': 0.677011113622279, 'lag_19': 0.01290057454517124, 'lag_20': 0.712999906064102, 'lag_21': 0.3172601911612599, 'lag_22': 0.2304473592578467, 'lag_23': 0.17131919079177055, 'lag_24': 0.01083087580148026, 'lag_25': 0.9887651449505122, 'lag_26': 0.9886698119429294, 'lag_27': 0.9692954135794691, 'lag_28': 0.003445657401722424}. Best is trial 5 with value: 0.002927952551638224.
[I 2025-09-29 13:18:38,858] Trial 12 finished with value: 0.003379933880407005 and parameters: {'lag_0': 0.033780897321645464, 'lag_1': 0.7274617044204459, 'lag_2': 0.7660835165930038, 'lag_3': 0.013605442226510028, 'lag_4': 0.18600455431469465, 'lag_5': 0.7884209100690108, 'lag_6': 0.17257409076683428, 'lag_7': 0.9881861399455606, 'lag_8': 0.8166533312407089, 'lag_9': 0.34832726409790987, 'lag_10': 0.25298382828746924, 'lag_11': 0.8047794315374333, 'lag_12': 0.9138272877250404, 'lag_13': 0.6577410399566135, 'lag_14': 0.6211291589510569, 'lag_15': 0.5870866485575061, 'lag_16': 0.7875089833167276, 'lag_17': 0.3641221310038366, 'lag_18': 0.1512930998900335, 'lag_19': 0.7557048405589056, 'lag_20': 0.9956127326882733, 'lag_21': 0.419485380843494, 'lag_22': 0.27769954405405284, 'lag_23': 0.19800914370350234, 'lag_24': 0.41793298205647217, 'lag_25': 0.851848122991715, 'lag_26': 0.9859241062152083, 'lag_27': 0.9101672984882923, 'lag_28': 0.4294536864334902}. Best is trial 5 with value: 0.002927952551638224.
[I 2025-09-29 13:18:41,203] Trial 13 finished with value: 0.0035364017098857255 and parameters: {'lag_0': 0.21572753108591042, 'lag_1': 0.4774215147400927, 'lag_2': 0.47999381120333184, 'lag_3': 0.5392810031148684, 'lag_4': 0.27523469362575986, 'lag_5': 0.3033830898352824, 'lag_6': 0.28265893033833717, 'lag_7': 0.5763028791805461, 'lag_8': 0.0011008458532950072, 'lag_9': 0.7189192929200792, 'lag_10': 0.706139676627974, 'lag_11': 0.8464210437071839, 'lag_12': 0.2531000527880135, 'lag_13': 0.3554166110613019, 'lag_14': 0.2442180335718349, 'lag_15': 0.14236922129386986, 'lag_16': 0.6192331456166441, 'lag_17': 0.5651282407358541, 'lag_18': 0.9187497556422846, 'lag_19': 0.3319889953818907, 'lag_20': 0.6572321016557, 'lag_21': 0.19027360859346382, 'lag_22': 0.29097658760754097, 'lag_23': 0.0030246548741425794, 'lag_24': 0.0028983308304978556, 'lag_25': 0.9163947710033031, 'lag_26': 0.7298365924138669, 'lag_27': 0.41440375066187995, 'lag_28': 0.7303057282652732}. Best is trial 5 with value: 0.002927952551638224.
[I 2025-09-29 13:18:43,535] Trial 14 finished with value: 0.0028725173347853698 and parameters: {'lag_0': 0.9779076159075024, 'lag_1': 0.21667523792564125, 'lag_2': 0.7547495456585033, 'lag_3': 0.42335385197230924, 'lag_4': 0.9881984115630496, 'lag_5': 0.44178366089724025, 'lag_6': 0.3902682545624911, 'lag_7': 0.011248733035833083, 'lag_8': 0.40951972673100456, 'lag_9': 0.059985221463262905, 'lag_10': 0.2961676851043877, 'lag_11': 0.6950305837375494, 'lag_12': 0.5604550889663178, 'lag_13': 0.027814685152951747, 'lag_14': 0.5587525911282696, 'lag_15': 0.4946912210035597, 'lag_16': 0.9646202092999209, 'lag_17': 0.04900791064758184, 'lag_18': 0.6532131207086787, 'lag_19': 0.5783876848591106, 'lag_20': 0.8035980425005005, 'lag_21': 0.8851727312600426, 'lag_22': 0.027189606020441032, 'lag_23': 0.6124056246838727, 'lag_24': 0.1433631711250367, 'lag_25': 0.5501567883867791, 'lag_26': 0.5718466663371393, 'lag_27': 0.28888440579596025, 'lag_28': 0.7885101737791378}. Best is trial 14 with value: 0.0028725173347853698.
[I 2025-09-29 13:18:45,867] Trial 15 finished with value: 0.0034723932503645033 and parameters: {'lag_0': 0.20298866766163898, 'lag_1': 0.13485024287092479, 'lag_2': 0.7551990837498532, 'lag_3': 0.4114817339627971, 'lag_4': 0.014579373307888555, 'lag_5': 0.6236918115898881, 'lag_6': 0.7221780960315161, 'lag_7': 0.013236396165877184, 'lag_8': 0.4151285901977222, 'lag_9': 0.04550453528289556, 'lag_10': 0.253953329964417, 'lag_11': 0.8930475918350902, 'lag_12': 0.6241175093159026, 'lag_13': 0.02896941977318705, 'lag_14': 0.25779628951034006, 'lag_15': 0.7096555458333521, 'lag_16': 0.9818523462193657, 'lag_17': 0.9765467200566241, 'lag_18': 0.6086962877090579, 'lag_19': 0.5695269224631773, 'lag_20': 0.8601558225129208, 'lag_21': 0.9058173954158417, 'lag_22': 0.0171482843325986, 'lag_23': 0.6569012946968538, 'lag_24': 0.1334710613637695, 'lag_25': 0.4521106997996594, 'lag_26': 0.6169268907498383, 'lag_27': 0.28500859150242874, 'lag_28': 0.7218474326175354}. Best is trial 14 with value: 0.0028725173347853698.
[I 2025-09-29 13:18:48,209] Trial 16 finished with value: 0.003067413064636199 and parameters: {'lag_0': 0.3675203527140634, 'lag_1': 0.21245793261371765, 'lag_2': 0.8720427155486057, 'lag_3': 0.6305612845480685, 'lag_4': 0.7926122976729301, 'lag_5': 0.8294650312717924, 'lag_6': 0.459207212941092, 'lag_7': 0.10676201370740519, 'lag_8': 0.5756935493429184, 'lag_9': 0.17693241387963715, 'lag_10': 0.01199431990738653, 'lag_11': 0.648567114726631, 'lag_12': 0.8071469791294779, 'lag_13': 0.0014531655981261174, 'lag_14': 0.5829505868950123, 'lag_15': 0.4562138171373733, 'lag_16': 0.032110749277966755, 'lag_17': 0.266555970037379, 'lag_18': 0.24280850522298647, 'lag_19': 0.7745358672543162, 'lag_20': 0.6169005458984256, 'lag_21': 0.8382471688601554, 'lag_22': 0.3915651439417105, 'lag_23': 0.59952344663548, 'lag_24': 0.4432510302456578, 'lag_25': 0.5786941869975082, 'lag_26': 0.4826753224514154, 'lag_27': 0.3162142588491353, 'lag_28': 0.4428049694251694}. Best is trial 14 with value: 0.0028725173347853698.
[I 2025-09-29 13:18:50,560] Trial 17 finished with value: 0.003259255118380913 and parameters: {'lag_0': 0.17904910327063356, 'lag_1': 0.3677387471228476, 'lag_2': 0.6765317706669846, 'lag_3': 0.47537146492621485, 'lag_4': 0.3764159737110332, 'lag_5': 0.08500176863650138, 'lag_6': 0.7601233837119044, 'lag_7': 0.38729835374761257, 'lag_8': 0.3883826383917254, 'lag_9': 0.9079555261562994, 'lag_10': 0.32377969608786494, 'lag_11': 0.005859591108233753, 'lag_12': 0.509692839634929, 'lag_13': 0.3138801336945398, 'lag_14': 0.4166345717313296, 'lag_15': 0.5126120038817006, 'lag_16': 0.8764118920072884, 'lag_17': 0.02282548231075249, 'lag_18': 0.9916575832514544, 'lag_19': 0.7398086592701401, 'lag_20': 0.8811661608069822, 'lag_21': 0.7957026724551808, 'lag_22': 0.9530956831489207, 'lag_23': 0.5350495740217656, 'lag_24': 0.7217406179663134, 'lag_25': 0.7895146722334572, 'lag_26': 0.6106158996211101, 'lag_27': 0.5452810500436038, 'lag_28': 0.12048392678894451}. Best is trial 14 with value: 0.0028725173347853698.
[I 2025-09-29 13:18:52,903] Trial 18 finished with value: 0.0030980690787810613 and parameters: {'lag_0': 0.9862606127472597, 'lag_1': 0.23947198640553702, 'lag_2': 0.9679139007676939, 'lag_3': 0.3052438135193062, 'lag_4': 0.16233929817656712, 'lag_5': 0.4071108090859352, 'lag_6': 0.3948249860374512, 'lag_7': 0.3473895932800293, 'lag_8': 0.8757981530073924, 'lag_9': 0.0023906606147343634, 'lag_10': 0.16070490056406267, 'lag_11': 0.8839051851968026, 'lag_12': 0.4706395139834373, 'lag_13': 0.6112517595726055, 'lag_14': 0.13486970371410345, 'lag_15': 0.7305518027745501, 'lag_16': 0.6463843868667295, 'lag_17': 0.8443795277853056, 'lag_18': 0.1531226749982909, 'lag_19': 0.49465122985160176, 'lag_20': 0.5943669753058537, 'lag_21': 0.1291015318693174, 'lag_22': 0.1149125935846516, 'lag_23': 0.7657009616658199, 'lag_24': 0.16762560312651753, 'lag_25': 0.3455903222851918, 'lag_26': 0.3587958708402258, 'lag_27': 0.15221229203208003, 'lag_28': 0.5783631731212222}. Best is trial 14 with value: 0.0028725173347853698.
