[I 2025-09-29 11:54:31,012] Trial 61 finished with value: 0.005724667747204587 and parameters: {'lag_0': 0.8726792425281973, 'lag_1': 0.26528434718637, 'lag_2': 0.37477730873997994, 'lag_3': 0.7031364375264314, 'lag_4': 0.8467492721237706, 'lag_5': 0.2334284451571512, 'lag_6': 0.19001837490854467, 'lag_7': 0.9239954351667667, 'lag_8': 0.18792444744178644, 'lag_9': 0.7162154523320597, 'lag_10': 0.6073425045249013, 'lag_11': 0.9033424771000523, 'lag_12': 0.8056463006831993, 'lag_13': 0.7424185966670219, 'lag_14': 0.23616878050983203, 'lag_15': 0.8834849355466988, 'lag_16': 0.6350135769924775, 'lag_17': 0.0018491956784617639, 'lag_18': 0.042364030267495106, 'lag_19': 0.5441106562860308, 'lag_20': 0.2502319652575179, 'lag_21': 0.5632687030734288, 'lag_22': 0.2704499527746445, 'lag_23': 0.1511215382820808, 'lag_24': 0.17564527316998504, 'lag_25': 0.9014117480414175, 'lag_26': 0.1587887661763604, 'lag_27': 0.31973067797687665, 'lag_28': 0.5031661700773761}. Best is trial 29 with value: 0.005591888602095481.
[I 2025-09-29 11:54:33,429] Trial 62 finished with value: 0.005750246983389941 and parameters: {'lag_0': 0.8392255112092738, 'lag_1': 0.19338269792553386, 'lag_2': 0.48843826179732014, 'lag_3': 0.890220784871155, 'lag_4': 0.7167423712758508, 'lag_5': 0.42862683239083205, 'lag_6': 0.13679785678707101, 'lag_7': 0.40887609303594624, 'lag_8': 0.045439626382452906, 'lag_9': 0.7635510372228923, 'lag_10': 0.521497096160091, 'lag_11': 0.993937886178139, 'lag_12': 0.7569719442095694, 'lag_13': 0.6247331044845268, 'lag_14': 0.3517677023774726, 'lag_15': 0.7772348574542557, 'lag_16': 0.7348247198807224, 'lag_17': 0.03830115519502194, 'lag_18': 0.08482637047814814, 'lag_19': 0.6336031510903926, 'lag_20': 0.11444747811450798, 'lag_21': 0.48900709969174094, 'lag_22': 0.4252702679978594, 'lag_23': 0.21410651092600425, 'lag_24': 0.13427675926096086, 'lag_25': 0.9518078328822456, 'lag_26': 0.24324749269492202, 'lag_27': 0.0009257479634275229, 'lag_28': 0.4064956163679695}. Best is trial 29 with value: 0.005591888602095481.
[I 2025-09-29 11:54:35,840] Trial 63 finished with value: 0.005737970238729751 and parameters: {'lag_0': 0.34094205511705505, 'lag_1': 0.10404491369540504, 'lag_2': 0.553407956215152, 'lag_3': 0.9525958030789341, 'lag_4': 0.9328121286241999, 'lag_5': 0.32390311828667345, 'lag_6': 0.333596207996991, 'lag_7': 0.3606524848727592, 'lag_8': 0.13894229666990987, 'lag_9': 0.811393967510967, 'lag_10': 0.9252092348333947, 'lag_11': 0.8246952485408011, 'lag_12': 0.6823717107067331, 'lag_13': 0.5275406104575617, 'lag_14': 0.43653506842572465, 'lag_15': 0.8261862076460862, 'lag_16': 0.7712606349407759, 'lag_17': 0.08452874738991417, 'lag_18': 0.1103731104611834, 'lag_19': 0.5753385779958726, 'lag_20': 0.3447945253066211, 'lag_21': 0.6406958023380777, 'lag_22': 0.3103607670453413, 'lag_23': 0.08797676131516152, 'lag_24': 0.26640924876436356, 'lag_25': 0.9933411235022362, 'lag_26': 0.29738626380819877, 'lag_27': 0.24069445098307812, 'lag_28': 0.5926857463429895}. Best is trial 29 with value: 0.005591888602095481.
[I 2025-09-29 11:54:38,253] Trial 64 finished with value: 0.005731354778829308 and parameters: {'lag_0': 0.5826078509804729, 'lag_1': 0.4427825822791832, 'lag_2': 0.3196198395224628, 'lag_3': 0.38670003706709827, 'lag_4': 0.911188022652674, 'lag_5': 0.04373349676158492, 'lag_6': 0.2721343247009525, 'lag_7': 0.2754735302958348, 'lag_8': 0.21617063410175857, 'lag_9': 0.667964647368975, 'lag_10': 0.3093145370190379, 'lag_11': 0.9244218864993826, 'lag_12': 0.866091377463291, 'lag_13': 0.11955489193928767, 'lag_14': 0.15106718109157596, 'lag_15': 0.6776604701388738, 'lag_16': 0.58786947593209, 'lag_17': 0.03336080331550367, 'lag_18': 0.027697753929472532, 'lag_19': 0.4457820173247289, 'lag_20': 0.19432913252624706, 'lag_21': 0.8046589295886419, 'lag_22': 0.8921248147107881, 'lag_23': 0.19054156242629267, 'lag_24': 0.2390868745014194, 'lag_25': 0.9244487462068298, 'lag_26': 0.08447856727338078, 'lag_27': 0.14903531147591756, 'lag_28': 0.6694845477798206}. Best is trial 29 with value: 0.005591888602095481.
[I 2025-09-29 11:54:40,673] Trial 65 finished with value: 0.005607972559222475 and parameters: {'lag_0': 0.8967226015547656, 'lag_1': 0.00042744329163874745, 'lag_2': 0.4105571514109458, 'lag_3': 0.46238235948439865, 'lag_4': 0.7577078648664735, 'lag_5': 0.09890807817166133, 'lag_6': 0.19816294664007766, 'lag_7': 0.43915949170900187, 'lag_8': 0.10310713892182138, 'lag_9': 0.5093170736894992, 'lag_10': 0.4097667834042021, 'lag_11': 0.9601487448792547, 'lag_12': 0.8302086017132193, 'lag_13': 0.49104441359420453, 'lag_14': 0.3046787057927748, 'lag_15': 0.5722536126753477, 'lag_16': 0.6734756510567569, 'lag_17': 0.4621031368850006, 'lag_18': 0.684072712791538, 'lag_19': 0.693407730996191, 'lag_20': 0.0649806084520404, 'lag_21': 0.7236104626010493, 'lag_22': 0.23975452162666933, 'lag_23': 0.2425450254276819, 'lag_24': 0.20636206635542065, 'lag_25': 0.5810595279595268, 'lag_26': 0.19760158891428875, 'lag_27': 0.07572286667491655, 'lag_28': 0.3698547944592743}. Best is trial 29 with value: 0.005591888602095481.
[I 2025-09-29 11:54:43,092] Trial 66 finished with value: 0.005792244261920853 and parameters: {'lag_0': 0.5087108972167548, 'lag_1': 0.024307474380774213, 'lag_2': 0.4283548773048515, 'lag_3': 0.8206383411379116, 'lag_4': 0.7387481329346495, 'lag_5': 0.102665956254204, 'lag_6': 0.17770786195451765, 'lag_7': 0.45713218502064373, 'lag_8': 0.08728103443780387, 'lag_9': 0.37280444893553966, 'lag_10': 0.39804239180808515, 'lag_11': 0.9762979337301593, 'lag_12': 0.8246498458184225, 'lag_13': 0.9420583332317781, 'lag_14': 0.3081983995588064, 'lag_15': 0.9834444967065135, 'lag_16': 0.803943228355262, 'lag_17': 0.43716391395082155, 'lag_18': 0.6746456835750199, 'lag_19': 0.693411074610937, 'lag_20': 0.05532672331294056, 'lag_21': 0.9193808100904255, 'lag_22': 0.11719460749734587, 'lag_23': 0.39134011990506073, 'lag_24': 0.22198391056202524, 'lag_25': 0.874151600351706, 'lag_26': 0.21435974967125893, 'lag_27': 0.07548494645351328, 'lag_28': 0.28409268655345926}. Best is trial 29 with value: 0.005591888602095481.
[I 2025-09-29 11:54:45,508] Trial 67 finished with value: 0.00580704510295489 and parameters: {'lag_0': 0.945435095961557, 'lag_1': 0.0641565783724876, 'lag_2': 0.7085339299164015, 'lag_3': 0.7701232324027195, 'lag_4': 0.8269365724319557, 'lag_5': 0.35623908375039504, 'lag_6': 0.04149905993952639, 'lag_7': 0.6063141704104312, 'lag_8': 0.024206836170697854, 'lag_9': 0.4604455502889245, 'lag_10': 0.42562558966647535, 'lag_11': 0.9604068186423045, 'lag_12': 0.720050301470137, 'lag_13': 0.49268442298097265, 'lag_14': 0.5172856641408089, 'lag_15': 0.5681734109739779, 'lag_16': 0.6771993409425356, 'lag_17': 0.4986924389657782, 'lag_18': 0.8591268002218847, 'lag_19': 0.7368785283057285, 'lag_20': 0.08760430333139692, 'lag_21': 0.26238663716695365, 'lag_22': 0.18225358853846108, 'lag_23': 0.36035562681636435, 'lag_24': 0.31766916705597253, 'lag_25': 0.5615273575189608, 'lag_26': 0.09371558785356747, 'lag_27': 0.029736599386816318, 'lag_28': 0.3677271603031183}. Best is trial 29 with value: 0.005591888602095481.
[I 2025-09-29 11:54:47,918] Trial 68 finished with value: 0.005671289841945978 and parameters: {'lag_0': 0.7698265718299779, 'lag_1': 0.0004047962544977343, 'lag_2': 0.7678348111511422, 'lag_3': 0.4784413806284892, 'lag_4': 0.7883705581008851, 'lag_5': 0.5496821189327126, 'lag_6': 0.530517907840217, 'lag_7': 0.6553343012832393, 'lag_8': 0.34977600064569014, 'lag_9': 0.5743001740013842, 'lag_10': 0.3731519869336194, 'lag_11': 0.8913494570644515, 'lag_12': 0.5218458139418573, 'lag_13': 0.37767017008354636, 'lag_14': 0.41559949443706906, 'lag_15': 0.4973932631144957, 'lag_16': 0.7336018703177468, 'lag_17': 0.6393358263360868, 'lag_18': 0.6088937511754346, 'lag_19': 0.7890370986750219, 'lag_20': 0.14150481274386745, 'lag_21': 0.8586210148531837, 'lag_22': 0.3316436300162334, 'lag_23': 0.23038537479434912, 'lag_24': 0.11109808122088127, 'lag_25': 0.7895164695391169, 'lag_26': 0.13190908714870345, 'lag_27': 0.09972849766097774, 'lag_28': 0.4316252720029158}. Best is trial 29 with value: 0.005591888602095481.
[I 2025-09-29 11:54:50,327] Trial 69 finished with value: 0.005702470301466705 and parameters: {'lag_0': 0.8496370236066966, 'lag_1': 0.1345577080694428, 'lag_2': 0.4067834760545217, 'lag_3': 0.5367113736667088, 'lag_4': 0.884236023744537, 'lag_5': 0.4960700744534725, 'lag_6': 0.11304085448254544, 'lag_7': 0.5077573613144768, 'lag_8': 0.11090944590043544, 'lag_9': 0.48361832788994574, 'lag_10': 0.33189367262340574, 'lag_11': 0.9248914215441778, 'lag_12': 0.7861456421945064, 'lag_13': 0.6997178639446272, 'lag_14': 0.24634893802134433, 'lag_15': 0.37169777739095233, 'lag_16': 0.3536259939195126, 'lag_17': 0.7342740873679381, 'lag_18': 0.7245559041473058, 'lag_19': 0.8343705468801401, 'lag_20': 0.1997447794228605, 'lag_21': 0.8059559358784356, 'lag_22': 0.2942331758717234, 'lag_23': 0.48509706390795504, 'lag_24': 0.8895774169928252, 'lag_25': 0.8274903912772572, 'lag_26': 0.34219938039408937, 'lag_27': 0.1892172597552523, 'lag_28': 0.30618472509831085}. Best is trial 29 with value: 0.005591888602095481.
[I 2025-09-29 11:54:52,742] Trial 70 finished with value: 0.005731241609294758 and parameters: {'lag_0': 0.9092994871498398, 'lag_1': 0.09247596933515294, 'lag_2': 0.6526906935437775, 'lag_3': 0.7252297857490042, 'lag_4': 0.7606978159759746, 'lag_5': 0.7692913418449627, 'lag_6': 0.20734315032072886, 'lag_7': 0.5284864005111646, 'lag_8': 0.27073115407874393, 'lag_9': 0.5326716942137824, 'lag_10': 0.2697208297863431, 'lag_11': 0.36608768614218146, 'lag_12': 0.2601139137989139, 'lag_13': 0.8867870939662321, 'lag_14': 0.27965535517713436, 'lag_15': 0.4217114805420421, 'lag_16': 0.9074477328890264, 'lag_17': 0.5640374307561965, 'lag_18': 0.815999948700002, 'lag_19': 0.6551212617882654, 'lag_20': 0.062060862539945666, 'lag_21': 0.6925660893242942, 'lag_22': 0.2150295783133101, 'lag_23': 0.44269653607427634, 'lag_24': 0.1949425693864164, 'lag_25': 0.39859886455694526, 'lag_26': 0.1280424318051023, 'lag_27': 0.21569871576310612, 'lag_28': 0.3934368111479536}. Best is trial 29 with value: 0.005591888602095481.
[I 2025-09-29 11:54:55,163] Trial 71 finished with value: 0.00573855886178626 and parameters: {'lag_0': 0.897098752685839, 'lag_1': 0.24695707238193454, 'lag_2': 0.4710548753078092, 'lag_3': 0.4530729139316383, 'lag_4': 0.5066191951992218, 'lag_5': 0.1408682965743176, 'lag_6': 0.38940132132216804, 'lag_7': 0.8376325873835989, 'lag_8': 0.1682609125348234, 'lag_9': 0.7347654886862416, 'lag_10': 0.8055632554754588, 'lag_11': 0.805902989652877, 'lag_12': 0.9221108860851301, 'lag_13': 0.3183660345478224, 'lag_14': 0.19509492708224058, 'lag_15': 0.6306325364125221, 'lag_16': 0.5721285572532442, 'lag_17': 0.16426205548906508, 'lag_18': 0.07031472924859422, 'lag_19': 0.6103143579421755, 'lag_20': 0.31785744341952504, 'lag_21': 0.605669664658819, 'lag_22': 0.24900906689437652, 'lag_23': 0.12704997721858202, 'lag_24': 0.14788106558119365, 'lag_25': 0.5100914041442642, 'lag_26': 0.1936895943827894, 'lag_27': 0.36867516838546643, 'lag_28': 0.4824077801411989}. Best is trial 29 with value: 0.005591888602095481.
[I 2025-09-29 11:54:57,583] Trial 72 finished with value: 0.005769193767339468 and parameters: {'lag_0': 0.8176888749216139, 'lag_1': 0.5067211010400425, 'lag_2': 0.33713832908765096, 'lag_3': 0.43834987952900395, 'lag_4': 0.5651389613565251, 'lag_5': 0.29766189976566637, 'lag_6': 0.5769226137746486, 'lag_7': 0.4211113519685372, 'lag_8': 0.12253619128004851, 'lag_9': 0.6516160134298361, 'lag_10': 0.5454413892361843, 'lag_11': 0.8464114350974071, 'lag_12': 0.8878760860406087, 'lag_13': 0.18836393735589213, 'lag_14': 0.32447419905450997, 'lag_15': 0.5968364558132103, 'lag_16': 0.6149573399256514, 'lag_17': 0.023616877047134426, 'lag_18': 0.1923954853184365, 'lag_19': 0.6953960641001258, 'lag_20': 0.2786598906337743, 'lag_21': 0.5356435956326802, 'lag_22': 0.3748548027014367, 'lag_23': 0.2528065004368818, 'lag_24': 0.09086937036321124, 'lag_25': 0.5792393526967629, 'lag_26': 0.1522561573850243, 'lag_27': 0.9285295838487746, 'lag_28': 0.514059597256284}. Best is trial 29 with value: 0.005591888602095481.
[I 2025-09-29 11:55:00,126] Trial 73 finished with value: 0.005769226493816021 and parameters: {'lag_0': 0.9806120110402218, 'lag_1': 0.03971620390817328, 'lag_2': 0.5686480170913927, 'lag_3': 0.324460081862141, 'lag_4': 0.6062710388533278, 'lag_5': 0.21329955224184535, 'lag_6': 0.45021574330740566, 'lag_7': 0.37690609801574276, 'lag_8': 0.05987905875756401, 'lag_9': 0.43862485979898314, 'lag_10': 0.481907254152745, 'lag_11': 0.872732733848814, 'lag_12': 0.9998222548894626, 'lag_13': 0.7825100064365388, 'lag_14': 0.3846583807562985, 'lag_15': 0.5379453789336803, 'lag_16': 0.6929877272475787, 'lag_17': 0.06910990598197063, 'lag_18': 0.1746495999000672, 'lag_19': 0.5283309448632985, 'lag_20': 0.22132698274287385, 'lag_21': 0.7427448201117806, 'lag_22': 0.06366218683342602, 'lag_23': 0.1681378362422757, 'lag_24': 0.030383197951871027, 'lag_25': 0.655361786088378, 'lag_26': 0.07009470552485599, 'lag_27': 0.5351742207726683, 'lag_28': 0.016714945368576817}. Best is trial 29 with value: 0.005591888602095481.
[I 2025-09-29 11:55:02,564] Trial 74 finished with value: 0.005754820866060218 and parameters: {'lag_0': 0.422926289792929, 'lag_1': 0.18050570043726255, 'lag_2': 0.24821328321057257, 'lag_3': 0.371082672971819, 'lag_4': 0.6935363824194253, 'lag_5': 0.05495322058371696, 'lag_6': 0.24659283679314006, 'lag_7': 0.2954087954711053, 'lag_8': 0.08745236368055237, 'lag_9': 0.7725958915993367, 'lag_10': 0.5808643987497772, 'lag_11': 0.9986006476540199, 'lag_12': 0.8321986743366141, 'lag_13': 0.5538795154364106, 'lag_14': 0.3624574571997604, 'lag_15': 0.7464395292141954, 'lag_16': 0.518558479818739, 'lag_17': 0.2241918292182803, 'lag_18': 0.029874236265772562, 'lag_19': 0.5931996584205818, 'lag_20': 0.38973093645270795, 'lag_21': 0.6779179106998781, 'lag_22': 0.1521727181970455, 'lag_23': 0.541760473388585, 'lag_24': 0.17906345239200583, 'lag_25': 0.5972359896696203, 'lag_26': 0.264347594178116, 'lag_27': 0.47999327149631243, 'lag_28': 0.6131458424487215}. Best is trial 29 with value: 0.005591888602095481.
[I 2025-09-29 11:55:04,992] Trial 75 finished with value: 0.005655073366912929 and parameters: {'lag_0': 0.48359081364456286, 'lag_1': 0.6522725752979011, 'lag_2': 0.36195954385618373, 'lag_3': 0.8566044211479479, 'lag_4': 0.4487440421748581, 'lag_5': 0.11419051094861932, 'lag_6': 0.16889513837527712, 'lag_7': 0.34481176924727797, 'lag_8': 0.15517081524210183, 'lag_9': 0.5906417258208354, 'lag_10': 0.6903340983420492, 'lag_11': 0.9201707038631611, 'lag_12': 0.9591825707546605, 'lag_13': 0.6203050918696029, 'lag_14': 0.22746091792691658, 'lag_15': 0.9005157968759254, 'lag_16': 0.6468614237984416, 'lag_17': 0.4690276113504179, 'lag_18': 0.4764355331704692, 'lag_19': 0.550377032554463, 'lag_20': 0.17822023196225223, 'lag_21': 0.7190881891407856, 'lag_22': 0.26711559679289565, 'lag_23': 0.301180395990151, 'lag_24': 0.2695601104042501, 'lag_25': 0.9616282564841467, 'lag_26': 0.027474949209374405, 'lag_27': 0.13042370513876045, 'lag_28': 0.4442098770744724}. Best is trial 29 with value: 0.005591888602095481.
[I 2025-09-29 11:55:07,415] Trial 76 finished with value: 0.0057614200813245215 and parameters: {'lag_0': 0.3777630412205925, 'lag_1': 0.31618876017619957, 'lag_2': 0.5064069037671561, 'lag_3': 0.7793648434057141, 'lag_4': 0.6582687114528767, 'lag_5': 0.42567032149360756, 'lag_6': 0.07410642028239364, 'lag_7': 0.43590504798640145, 'lag_8': 0.7660049552032173, 'lag_9': 0.9027757190059031, 'lag_10': 0.630016767383164, 'lag_11': 0.962022678231735, 'lag_12': 0.9274589016147784, 'lag_13': 0.84721101231405, 'lag_14': 0.2902849286403503, 'lag_15': 0.7072627671606859, 'lag_16': 0.4734247209748417, 'lag_17': 0.39899002580825416, 'lag_18': 0.11688261146695844, 'lag_19': 0.4802242394419429, 'lag_20': 0.11787427624372329, 'lag_21': 0.06085399089551982, 'lag_22': 0.0187080180602157, 'lag_23': 0.10158215117940944, 'lag_24': 0.14252336413360528, 'lag_25': 0.7219982705079395, 'lag_26': 0.20253411643013097, 'lag_27': 0.07689518939911073, 'lag_28': 0.5371051323691988}. Best is trial 29 with value: 0.005591888602095481.
[I 2025-09-29 11:55:09,825] Trial 77 finished with value: 0.00583715295349303 and parameters: {'lag_0': 0.9428913414981777, 'lag_1': 0.21472806733484268, 'lag_2': 0.4542497989289033, 'lag_3': 0.6513372373514159, 'lag_4': 0.8651233012043904, 'lag_5': 0.2540935517821546, 'lag_6': 0.2988038664069782, 'lag_7': 0.21385589009413664, 'lag_8': 0.02685215753546227, 'lag_9': 0.8251967930388208, 'lag_10': 0.46403623083813783, 'lag_11': 0.628614602043258, 'lag_12': 0.8005007233641913, 'lag_13': 0.018108893462171025, 'lag_14': 0.08412984202618959, 'lag_15': 0.6662209591163611, 'lag_16': 0.7315433004792554, 'lag_17': 0.7886163832240982, 'lag_18': 0.14363783730706678, 'lag_19': 0.8614517423744616, 'lag_20': 0.2591001738084217, 'lag_21': 0.5638509099578628, 'lag_22': 0.6859220513141011, 'lag_23': 0.029982439474030273, 'lag_24': 0.5775887419260651, 'lag_25': 0.9120175242468265, 'lag_26': 0.17027355841818273, 'lag_27': 0.02729816642351219, 'lag_28': 0.1824778422448056}. Best is trial 29 with value: 0.005591888602095481.
[I 2025-09-29 11:55:12,242] Trial 78 finished with value: 0.005621034353886695 and parameters: {'lag_0': 0.8705361303147106, 'lag_1': 0.5689740929631788, 'lag_2': 0.6139149656716555, 'lag_3': 0.4190211358966879, 'lag_4': 0.9520931760573237, 'lag_5': 0.17572481475846394, 'lag_6': 0.14096027062872946, 'lag_7': 0.32045087388194043, 'lag_8': 0.20948485292259472, 'lag_9': 0.8448871151854764, 'lag_10': 0.3754400458878555, 'lag_11': 0.8760803240559589, 'lag_12': 0.7374705552221958, 'lag_13': 0.4390592326343068, 'lag_14': 0.4545607816738987, 'lag_15': 0.2807357027939662, 'lag_16': 0.672775521712376, 'lag_17': 0.5310788633363899, 'lag_18': 0.5355299060427859, 'lag_19': 0.7505744378638746, 'lag_20': 0.3541267213053539, 'lag_21': 0.4812478203723178, 'lag_22': 0.11287908028409474, 'lag_23': 0.000500537654399405, 'lag_24': 0.21964222953017618, 'lag_25': 0.5528202567010888, 'lag_26': 0.6788954061290565, 'lag_27': 0.2671855728342968, 'lag_28': 0.23947919268134293}. Best is trial 29 with value: 0.005591888602095481.
[I 2025-09-29 11:55:14,664] Trial 79 finished with value: 0.005714147806120018 and parameters: {'lag_0': 0.8018469209214636, 'lag_1': 0.3756892013865334, 'lag_2': 0.40416558674019326, 'lag_3': 0.9104307688847793, 'lag_4': 0.14955489845562464, 'lag_5': 0.0905776180742811, 'lag_6': 0.21218217903011055, 'lag_7': 0.26558313113363813, 'lag_8': 0.2506876905737591, 'lag_9': 0.6960689169194529, 'lag_10': 0.42349319105721095, 'lag_11': 0.7120613610097708, 'lag_12': 0.6558066193118575, 'lag_13': 0.08135912611796461, 'lag_14': 0.1852065028823488, 'lag_15': 0.477039037639983, 'lag_16': 0.7669167319131402, 'lag_17': 0.9206844693519743, 'lag_18': 0.09443321395532317, 'lag_19': 0.652258065840604, 'lag_20': 0.5667556669320659, 'lag_21': 0.4368580595135586, 'lag_22': 0.191534124661277, 'lag_23': 0.07686557878934384, 'lag_24': 0.061235807255316826, 'lag_25': 0.6886658769715461, 'lag_26': 0.30105095738865906, 'lag_27': 0.16977778796015053, 'lag_28': 0.7077038771200488}. Best is trial 29 with value: 0.005591888602095481.
[I 2025-09-29 11:55:17,086] Trial 80 finished with value: 0.005786155761759772 and parameters: {'lag_0': 0.8565838781714452, 'lag_1': 0.15255366031890855, 'lag_2': 0.3040910705885967, 'lag_3': 0.6042605541465945, 'lag_4': 0.05843513975501291, 'lag_5': 0.00915651955466365, 'lag_6': 0.34097026327921454, 'lag_7': 0.7718475841802168, 'lag_8': 0.29523265653303093, 'lag_9': 0.7952121843063078, 'lag_10': 0.5235811449791458, 'lag_11': 0.9295609670187913, 'lag_12': 0.8978943879050805, 'lag_13': 0.8162212244003753, 'lag_14': 0.2512751932928402, 'lag_15': 0.5161763194478434, 'lag_16': 0.8270656569951075, 'lag_17': 0.11845289495630162, 'lag_18': 0.6438255039134955, 'lag_19': 0.3941720717541898, 'lag_20': 0.23950264315261674, 'lag_21': 0.5109190850227953, 'lag_22': 0.13392589945480027, 'lag_23': 0.21135005565207066, 'lag_24': 0.2512402601101355, 'lag_25': 0.4463202152128678, 'lag_26': 0.12279592391247199, 'lag_27': 0.41912078018384424, 'lag_28': 0.5670821289054068}. Best is trial 29 with value: 0.005591888602095481.
[I 2025-09-29 11:55:19,502] Trial 81 finished with value: 0.005742987019180098 and parameters: {'lag_0': 0.7202007960529544, 'lag_1': 0.10861704699705046, 'lag_2': 0.48684438630325366, 'lag_3': 0.7419096616550885, 'lag_4': 0.806228808266707, 'lag_5': 0.6185687415212208, 'lag_6': 0.7430644912316358, 'lag_7': 0.39013715124248627, 'lag_8': 0.5661771760863573, 'lag_9': 0.5290233028646995, 'lag_10': 0.7266460477473629, 'lag_11': 0.01770743627463347, 'lag_12': 0.7140882657583278, 'lag_13': 0.055589315349915625, 'lag_14': 0.7094626205169198, 'lag_15': 0.6173852244119549, 'lag_16': 0.20916258062448043, 'lag_17': 0.6951206836107438, 'lag_18': 0.30793600852691233, 'lag_19': 0.7274856914477702, 'lag_20': 0.7986339805683823, 'lag_21': 0.20131114259153035, 'lag_22': 0.2995525957193207, 'lag_23': 0.14437729076256364, 'lag_24': 0.20302299812448873, 'lag_25': 0.9749889376368535, 'lag_26': 0.006805633535886986, 'lag_27': 0.3476298311217201, 'lag_28': 0.3618378548649056}. Best is trial 29 with value: 0.005591888602095481.
