[I 2025-10-03 11:38:36,496] Trial 68 finished with values: [0.017223750743604993, 0.001818090664595201, 0.0008829992009893574, 0.00024149733559507102, 0.0016971763660527152, 0.003577279138239212, 0.0026547312564319204, 0.0020922409027542476, 0.001764606339847103, 0.0008592795208261329, 0.0006238378763175072, 4.209378735100537e-05, 0.007834297274202115, 0.023211179374711514, 0.0, 0.02758387305140549, 0.0165039490001917, 0.00424275060221359, 0.0007065008770891708, 0.00020534419764177853, 0.0005773269704298523, 0.0010251972399593246, 0.0011550527887173954, 0.0020260400620470747, 0.0002456653552861761, 1.859786359272813e-05, 0.0008620552589146343, 0.0024147617962985714, 0.0011975921172429514] and parameters: {'lag_0': 0.5443541822999768, 'lag_1': 0.8864816640069243, 'lag_2': 0.39047627208109065, 'lag_3': 0.21273794216399805, 'lag_4': 0.8667602707878818, 'lag_5': 0.9851125256736915, 'lag_6': 0.3814257734413827, 'lag_7': 0.9445320675255758, 'lag_8': 0.03567845586762358, 'lag_9': 0.7504366796094262, 'lag_10': 0.3929264826448333, 'lag_11': 0.940592534608866, 'lag_12': 0.6668664133771239, 'lag_13': 0.024780460151514087, 'lag_14': 0.00781860647483358, 'lag_15': 0.33588331195800114, 'lag_16': 0.4078299053342881, 'lag_17': 0.14185890166644008, 'lag_18': 0.709415539477628, 'lag_19': 0.6508498726155285, 'lag_20': 0.12645979626235296, 'lag_21': 0.34059415305124935, 'lag_22': 0.19256421685189895, 'lag_23': 0.5678717743564967, 'lag_24': 0.5782999125213572, 'lag_25': 0.4537648894731173, 'lag_26': 0.555968051524105, 'lag_27': 0.16888215839122284, 'lag_28': 0.6122712031031117}.
[I 2025-10-03 11:38:39,161] Trial 69 finished with values: [0.017384378641206285, 0.001394428763948207, 0.0007106471474263072, 0.0020440445279085555, 0.0022727960764435573, 0.0024416730935874916, 0.0025245315717162442, 0.0019110086604163523, 0.0029524456767681907, 0.0008024254695862688, 0.00044345920499195695, 0.00017951513365356678, 0.00821438801696921, 0.018764402109382836, 0.0, 0.02703649749212627, 0.017481440142768923, 0.004290852264735934, 0.0006961095047389488, 6.198783121335021e-05, 0.0010968918895524775, 0.0010369336142964807, 0.0006236153224601512, 0.0017693395851144963, 0.0002086880459115753, 0.00017919020383315947, 0.0008127000763661528, 0.0012732388780188047, 0.0012427768091964112] and parameters: {'lag_0': 0.42558105116985373, 'lag_1': 0.06443032365876038, 'lag_2': 0.16087213316745708, 'lag_3': 0.625499031409566, 'lag_4': 0.1469204469295911, 'lag_5': 0.5183787213656817, 'lag_6': 0.17703006085083797, 'lag_7': 0.26729273279605054, 'lag_8': 0.4694922462558826, 'lag_9': 0.7212292189230879, 'lag_10': 0.2653533153860518, 'lag_11': 0.06015739997542778, 'lag_12': 0.41003059377456325, 'lag_13': 0.40665038172789464, 'lag_14': 0.20091287613912157, 'lag_15': 0.34046946360162944, 'lag_16': 0.5612558256362281, 'lag_17': 0.24496617302121462, 'lag_18': 0.26031252493720985, 'lag_19': 0.0665470716194931, 'lag_20': 0.5841113715368607, 'lag_21': 0.2035197911748247, 'lag_22': 0.5931217448630414, 'lag_23': 0.3090187083271747, 'lag_24': 0.7063526210799393, 'lag_25': 0.21823799193792445, 'lag_26': 0.6254317787558813, 'lag_27': 0.08058971216215946, 'lag_28': 0.41897999791442087}.
[I 2025-10-03 11:38:41,825] Trial 70 finished with values: [0.01421020060810364, 0.0006181206108205055, 0.0013650081038733691, 0.0011464692117658963, 0.0024242530887782538, 0.002501728951912823, 0.002818375232361149, 0.0007309052774116288, 0.0028597021140299318, 0.00020078536555219098, 0.0012045843343555273, 0.0003609024840540581, 0.008463584862851634, 0.022249684554787368, 0.0, 0.02762264393642841, 0.013975521668990484, 0.004971139170084833, 0.0005094208470628207, 0.0001362051911132787, 0.0009749626374795522, 0.0014449974594535943, 0.0008086108644854032, 0.0018775273156613973, 0.0003205457552573203, 7.466075065490073e-05, 0.0009616376478868871, 0.0013122659323777203, 0.0006134194132528337] and parameters: {'lag_0': 0.4908637791713398, 'lag_1': 0.191363325147117, 'lag_2': 0.7291084487613453, 'lag_3': 0.33818880990240907, 'lag_4': 0.05277864693392667, 'lag_5': 0.5299552422248491, 'lag_6': 0.2808785261366821, 'lag_7': 0.6910594493173038, 'lag_8': 0.9909132855327816, 'lag_9': 0.23606561788421324, 'lag_10': 0.8017404047535803, 'lag_11': 0.003562833141832238, 'lag_12': 0.7765098821087811, 'lag_13': 0.5645549741561305, 'lag_14': 0.31547056964993475, 'lag_15': 0.422347785715906, 'lag_16': 0.31746043673837265, 'lag_17': 0.4071233873607875, 'lag_18': 0.21990089299468715, 'lag_19': 0.14845959523121002, 'lag_20': 0.05261302344244517, 'lag_21': 0.5520927733342451, 'lag_22': 0.8772509891334976, 'lag_23': 0.24192204011644952, 'lag_24': 0.6008821178820829, 'lag_25': 0.3153145378737615, 'lag_26': 0.5680896049823102, 'lag_27': 0.5413643836227945, 'lag_28': 0.6338625108772309}.
[I 2025-10-03 11:38:44,495] Trial 71 finished with values: [0.0214158239143367, 0.002498783369629865, 0.0030615228194556905, 0.0003688663665345983, 0.003090034954112037, 0.0027029558910028934, 0.002417586766280225, 0.0029132729088853513, 0.0018851007599869972, 0.00048439751267111825, 0.0004126162940509214, 0.00041776651940691415, 0.007962634541504114, 0.022651976770981685, 0.0, 0.021630611423302675, 0.015635699868836, 0.003873925000145014, 0.0006685144994448691, 4.891599341167979e-05, 0.0008234927372058075, 0.0015791111530095534, 0.0008144682376883584, 0.001243547000130384, 0.0002294986345048891, 0.00015375601294983666, 0.001379792576575913, 0.0020666568345104968, 0.0010316565636255442] and parameters: {'lag_0': 0.5786193794384483, 'lag_1': 0.3686991089973296, 'lag_2': 0.6733492720567729, 'lag_3': 0.5082790447312473, 'lag_4': 0.10261068800313768, 'lag_5': 0.5801552000569381, 'lag_6': 0.7033580302764503, 'lag_7': 0.3146195078070965, 'lag_8': 0.6753905838963343, 'lag_9': 0.41513536704033394, 'lag_10': 0.6573627106795672, 'lag_11': 0.8155069474031026, 'lag_12': 0.5908317525895111, 'lag_13': 0.9163860453219081, 'lag_14': 0.6823303082231675, 'lag_15': 0.03654696858417112, 'lag_16': 0.824363143464561, 'lag_17': 0.057833330316900224, 'lag_18': 0.18694312799581247, 'lag_19': 0.6594753764033271, 'lag_20': 0.8615907583174401, 'lag_21': 0.19436954320502714, 'lag_22': 0.23260662773248528, 'lag_23': 0.788254414201707, 'lag_24': 0.09320262755842401, 'lag_25': 0.6664993918997066, 'lag_26': 0.7661398693953021, 'lag_27': 0.685505911602175, 'lag_28': 0.743218078824909}.
[I 2025-10-03 11:38:47,158] Trial 72 finished with values: [0.013370092207019627, 0.007605938181494576, 0.0021473424530883325, 0.0016138952867221473, 0.0030758440164621115, 0.0037912753982782517, 0.0015823761677016158, 0.001730474507513748, 0.0028138080772659537, 0.00031682789702374597, 0.0008069255452408299, 0.00010727439804246489, 0.005983249912346419, 0.021781948764198707, 0.0, 0.026968240650247055, 0.01451849296125258, 0.004687387565096313, 0.000595981635814794, 0.0002147286042077669, 0.0011091535631232781, 0.0016689668161189966, 0.000464253238724446, 0.0017178805557503973, 0.0002536031937081123, 0.00012547797151015453, 0.0015414949609668443, 0.0025914733384441078, 0.0010294804734699416] and parameters: {'lag_0': 0.5532420788032549, 'lag_1': 0.05351370683029928, 'lag_2': 0.066628199549363, 'lag_3': 0.625499031409566, 'lag_4': 0.048599963932138536, 'lag_5': 0.5032067954892074, 'lag_6': 0.17703006085083797, 'lag_7': 0.005830702669233878, 'lag_8': 0.21930239883392602, 'lag_9': 0.49211835404643856, 'lag_10': 0.38150799219179904, 'lag_11': 0.06015739997542778, 'lag_12': 0.5138093408318378, 'lag_13': 0.6254252873001113, 'lag_14': 0.35565239461785064, 'lag_15': 0.34046946360162944, 'lag_16': 0.5180952315158865, 'lag_17': 0.7791653612928507, 'lag_18': 0.4486313246701205, 'lag_19': 0.3479267197195107, 'lag_20': 0.5829020150655394, 'lag_21': 0.21289161249105948, 'lag_22': 0.5931217448630414, 'lag_23': 0.3090187083271747, 'lag_24': 0.7063526210799393, 'lag_25': 0.8780417406322598, 'lag_26': 0.34973453060244386, 'lag_27': 0.08058971216215946, 'lag_28': 0.41897999791442087}.
[I 2025-10-03 11:38:49,822] Trial 73 finished with values: [0.0214158239143367, 0.0005538437289929043, 0.00042427310592683894, 0.0011180751985715306, 0.001997416629407139, 0.0035418842192727236, 0.003511975672746025, 0.0031036794103852933, 0.0016688324629870331, 0.0002982118265329449, 0.00037092160316465496, 0.00025069079619254335, 0.009495829219543988, 0.020836379592128966, 0.0, 0.024857503649394, 0.014598226098705267, 0.0044811360256924474, 0.0009192770163329094, 0.00022583281039068693, 0.0007341731569366653, 0.0011019416232893378, 0.0006657878620172479, 0.001691681045027101, 0.00012394383923469468, 0.00020454642051166255, 0.000924388932122243, 0.0009839386262728992, 0.000608625358191662] and parameters: {'lag_0': 0.9614149029408041, 'lag_1': 0.696337583104391, 'lag_2': 0.017692469360921254, 'lag_3': 0.35896602210119827, 'lag_4': 0.6976485896414335, 'lag_5': 0.11419525983903456, 'lag_6': 0.7059888859085371, 'lag_7': 0.1443652705557176, 'lag_8': 0.9505113141199123, 'lag_9': 0.661323418523033, 'lag_10': 0.3210296208279731, 'lag_11': 0.13943136559615318, 'lag_12': 0.06514753491975646, 'lag_13': 0.5866563885101547, 'lag_14': 0.33162766323911813, 'lag_15': 0.3947371856191332, 'lag_16': 0.4432304670003531, 'lag_17': 0.9683020675953881, 'lag_18': 0.755896554181259, 'lag_19': 0.5444533415843708, 'lag_20': 0.27607463484115713, 'lag_21': 0.6667812263360061, 'lag_22': 0.6528907535087358, 'lag_23': 0.31601370896328335, 'lag_24': 0.10012329205428877, 'lag_25': 0.5886740888422827, 'lag_26': 0.36897357869516356, 'lag_27': 0.6814339741146503, 'lag_28': 0.003895100596500409}.
[I 2025-10-03 11:38:52,493] Trial 74 finished with values: [0.006293077661363969, 0.0002840063567152424, 0.001432897178930934, 0.0004665360751855166, 0.002237322414583056, 0.0009271129678359427, 0.003896806151595674, 0.002908748102647744, 0.0035191140015409924, 0.00046148356192417044, 0.00036138872986788805, 0.00027510680466533773, 0.010841678379503885, 0.01922555101776052, 0.0, 0.025034093836955727, 0.01490157041760346, 0.0045461326133320636, 0.0005602124572029684, 8.392897430947881e-05, 0.0006915062576208313, 0.001296147269978809, 0.0004970254426328276, 0.002167250246227201, 5.6469787864223695e-05, 6.581596448934861e-05, 0.0010301509167741018, 0.0013580708958660789, 0.0012282450038324886] and parameters: {'lag_0': 0.8066264987245578, 'lag_1': 0.9242301191124951, 'lag_2': 0.140556415613737, 'lag_3': 0.5646140691930756, 'lag_4': 0.4737818670959151, 'lag_5': 0.46201199768807155, 'lag_6': 0.3814257734413827, 'lag_7': 0.9018324374598765, 'lag_8': 0.8140652455671736, 'lag_9': 0.7504366796094262, 'lag_10': 0.6415110011315, 'lag_11': 0.6476146386944337, 'lag_12': 0.6743349978651288, 'lag_13': 0.40973669129940854, 'lag_14': 0.9125623999067057, 'lag_15': 0.8752839230119979, 'lag_16': 0.4165043108869932, 'lag_17': 0.18118254997983793, 'lag_18': 0.41929401282499423, 'lag_19': 0.24893635989456256, 'lag_20': 0.1976028307494189, 'lag_21': 0.9737373017320221, 'lag_22': 0.06062451498437312, 'lag_23': 0.5678717743564967, 'lag_24': 0.7718795367323936, 'lag_25': 0.2745719636586481, 'lag_26': 0.555968051524105, 'lag_27': 0.2388854286055607, 'lag_28': 0.8985248150493573}.
[I 2025-10-03 11:38:55,317] Trial 75 finished with values: [0.017708506841165973, 0.0010485093975042415, 0.004851796887806332, 0.0002485903234301353, 0.003940692850824432, 0.0024642421755344977, 0.003858319597003964, 0.003026006370543035, 0.0023776174012030494, 0.0011686668370540453, 0.0003419950409487427, 0.00016670779213916323, 0.00938694183949322, 0.02030750686252935, 0.0, 0.027559880546047744, 0.016942063569329154, 0.004187568679892094, 0.0006817814471459245, 0.00012459314341090201, 0.0009382643549269154, 0.0011798843230588977, 0.0005338838597756044, 0.0016950135401770587, 0.00019091185778797763, 4.478396343801296e-05, 0.000604315571161984, 0.0023256195138292635, 0.0015745177854826864] and parameters: {'lag_0': 0.9614149029408041, 'lag_1': 0.2521566008463443, 'lag_2': 0.017692469360921254, 'lag_3': 0.8777016850508619, 'lag_4': 0.3830104483103022, 'lag_5': 0.11763327547897563, 'lag_6': 0.3675611303351893, 'lag_7': 0.6780859331196717, 'lag_8': 0.9002638688530262, 'lag_9': 0.661323418523033, 'lag_10': 0.6475203022570931, 'lag_11': 0.7762164236654484, 'lag_12': 0.06514753491975646, 'lag_13': 0.5866563885101547, 'lag_14': 0.8917657285039887, 'lag_15': 0.3947371856191332, 'lag_16': 0.4402128712258505, 'lag_17': 0.9683020675953881, 'lag_18': 0.755896554181259, 'lag_19': 0.5444533415843708, 'lag_20': 0.27607463484115713, 'lag_21': 0.26033523741433023, 'lag_22': 0.4346757597470029, 'lag_23': 0.6253862440255207, 'lag_24': 0.10012329205428877, 'lag_25': 0.5886740888422827, 'lag_26': 0.36897357869516356, 'lag_27': 0.8588848629946142, 'lag_28': 0.3977394822619492}.
[I 2025-10-03 11:38:57,996] Trial 76 finished with values: [0.009235696985516396, 0.002493451236116933, 0.0005053729205662098, 0.0006054230231006443, 0.0015372663847676052, 0.0059533686484358255, 0.0026967077876494184, 0.0015152815516662067, 0.002590991395898057, 0.0005210787633121293, 0.0006310577997357804, 0.0002682682677308341, 0.010112199940866016, 0.02075632257886087, 0.0, 0.02338815816721701, 0.013286253078674131, 0.004063310578915549, 0.0007911936081458579, 4.711522148360938e-05, 0.0013039544713883205, 0.0011614634076318464, 0.0008469684903487983, 0.002029693830378524, 0.00012778276584493687, 0.00020764014675203778, 0.000615140416181524, 0.0018568858973467533, 0.0016198965530360738] and parameters: {'lag_0': 0.2848668741472173, 'lag_1': 0.630137278439914, 'lag_2': 0.2970887452192533, 'lag_3': 0.7467807273717781, 'lag_4': 0.01223728902579281, 'lag_5': 0.8332240364055785, 'lag_6': 0.1469344347377644, 'lag_7': 0.01755632032107629, 'lag_8': 0.5455452339077307, 'lag_9': 0.5273718631041582, 'lag_10': 0.04788989712115576, 'lag_11': 0.03332670520519326, 'lag_12': 0.8920999217766766, 'lag_13': 0.46679378862215315, 'lag_14': 0.5509163836627274, 'lag_15': 0.8984662616053649, 'lag_16': 0.18971226351416454, 'lag_17': 0.30918991202599017, 'lag_18': 0.46479519732877894, 'lag_19': 0.6423476992704746, 'lag_20': 0.06791981172664148, 'lag_21': 0.7854445024724844, 'lag_22': 0.6747711793061996, 'lag_23': 0.18041027273294694, 'lag_24': 0.9404094196325873, 'lag_25': 0.2316675426271816, 'lag_26': 0.2431948255101454, 'lag_27': 0.5836389521737666, 'lag_28': 0.31862767506134587}.
[I 2025-10-03 11:39:00,668] Trial 77 finished with values: [0.005826731773415294, 0.000897384802373419, 0.0022019159900439804, 0.000670904274845283, 0.0007780160950858937, 0.005451873888304342, 0.002105933725207847, 0.0024237343138285633, 0.0020837772820277716, 0.0006053998443577238, 0.0009202839881279953, 0.00020902095823732564, 0.006732770887187195, 0.024106988050585254, 0.0, 0.022293360677045314, 0.015056742871677149, 0.0038920193182166002, 0.0005987928778141381, 0.00010640391878525672, 0.0008708003215740098, 0.001075897235918263, 0.0005934911642336687, 0.0019428530426895772, 0.00018185948892344736, 9.1078631247858e-05, 0.00043246843716607757, 0.0014206030960937182, 0.001522113061204855] and parameters: {'lag_0': 0.40631700571615753, 'lag_1': 0.38712594846430637, 'lag_2': 0.04039239034399444, 'lag_3': 0.06843123741648514, 'lag_4': 0.10261068800313768, 'lag_5': 0.5183787213656817, 'lag_6': 0.1524965306505095, 'lag_7': 0.3146195078070965, 'lag_8': 0.3706631639982603, 'lag_9': 0.41513536704033394, 'lag_10': 0.28786008736709184, 'lag_11': 0.8155069474031026, 'lag_12': 0.41003059377456325, 'lag_13': 0.6202126498672057, 'lag_14': 0.4112043298915198, 'lag_15': 0.9812903439794308, 'lag_16': 0.824363143464561, 'lag_17': 0.24496617302121462, 'lag_18': 0.18694312799581247, 'lag_19': 0.17290661052713874, 'lag_20': 0.23096131665253186, 'lag_21': 0.5191719587706012, 'lag_22': 0.8953138774225866, 'lag_23': 0.8339383988204996, 'lag_24': 0.09320262755842401, 'lag_25': 0.6664993918997066, 'lag_26': 0.314134992915999, 'lag_27': 0.7895431436558562, 'lag_28': 0.922690806136541}.
[I 2025-10-03 11:39:03,337] Trial 78 finished with values: [0.017223750743604996, 0.0019129024672916318, 0.0014294747003645285, 0.00174295370793466, 0.0034826399522630462, 0.0026817467146601033, 0.0015835971154910017, 0.003419182647771481, 0.0031546837753031213, 0.0008298216825884644, 0.00031003534271281484, 0.0005731525240059396, 0.008392365701486446, 0.02119299646477723, 0.0, 0.02543002310082575, 0.015959058568361228, 0.004463275880957666, 0.0006240608472148258, 2.165479184083462e-05, 0.0013658364802078282, 0.001257784228312429, 0.0008542462833504074, 0.0020906166504111824, 0.00015250449040104448, 0.0001302339742950883, 0.001505486665980205, 0.0014186808376848933, 0.0011346917891127122] and parameters: {'lag_0': 0.6910836922470586, 'lag_1': 0.494265091202256, 'lag_2': 0.6345295550011444, 'lag_3': 0.9058956903934424, 'lag_4': 0.35086977621458254, 'lag_5': 0.9287052266304803, 'lag_6': 0.50189291101125, 'lag_7': 0.049304021520812695, 'lag_8': 0.2542771118965946, 'lag_9': 0.21158800015366705, 'lag_10': 0.407817270999971, 'lag_11': 0.4035273571030994, 'lag_12': 0.6525000162846498, 'lag_13': 0.35255017087752033, 'lag_14': 0.37912495433003784, 'lag_15': 0.5339879311763526, 'lag_16': 0.14843809506589908, 'lag_17': 0.5650509246597698, 'lag_18': 0.9924466663087211, 'lag_19': 0.2529646788529775, 'lag_20': 0.4103698325279837, 'lag_21': 0.07349387699960673, 'lag_22': 0.11689943300561813, 'lag_23': 0.940437401367918, 'lag_24': 0.8632301288936819, 'lag_25': 0.9090709342202944, 'lag_26': 0.6813312341376998, 'lag_27': 0.8801055113555164, 'lag_28': 0.9574813890750484}.
[I 2025-10-03 11:39:06,004] Trial 79 finished with values: [0.014054505403192408, 0.0029248350012094247, 0.0020995279314662886, 0.001299549206626425, 0.0032801571422809857, 0.0031524780593629466, 0.0022766814119721656, 0.0018422775321523214, 0.0026205303524021203, 0.00047583993267572776, 0.0005313948915237238, 0.00020699311056117481, 0.008005484316334957, 0.0217996579782901, 0.0, 0.02758223028642422, 0.01660432727539566, 0.0040774914568818005, 0.0007057419309042383, 0.00016129079049666644, 0.0007972715921843794, 0.0012548557363861075, 0.0009428279184907197, 0.0013309985018928575, 7.434880429557463e-05, 0.0001093222488014055, 0.0007898753824934898, 0.0018672304877909705, 0.001967220660088606] and parameters: {'lag_0': 0.4188603038407125, 'lag_1': 0.4356225616052281, 'lag_2': 0.5470976100399675, 'lag_3': 0.7119588657310834, 'lag_4': 0.5583418164531795, 'lag_5': 0.19162052573477942, 'lag_6': 0.2625965342650068, 'lag_7': 0.7088136984395095, 'lag_8': 0.9119468155773294, 'lag_9': 0.09860799115719568, 'lag_10': 0.3030140915480285, 'lag_11': 0.6476146386944337, 'lag_12': 0.6668664133771239, 'lag_13': 0.9428883400159387, 'lag_14': 0.00781860647483358, 'lag_15': 0.82955473699382, 'lag_16': 0.0999729203130373, 'lag_17': 0.08259265619047548, 'lag_18': 0.678465231269977, 'lag_19': 0.4589954421276855, 'lag_20': 0.5799763101974271, 'lag_21': 0.6817344353631943, 'lag_22': 0.0008729543849343991, 'lag_23': 0.960050353299362, 'lag_24': 0.5782999125213572, 'lag_25': 0.200126378657791, 'lag_26': 0.8326436250586798, 'lag_27': 0.17651803913965564, 'lag_28': 0.6122712031031117}.
[I 2025-10-03 11:39:08,670] Trial 80 finished with values: [0.013527236139570067, 0.0028389286810524576, 0.0005901650603914692, 0.0003601444061208329, 0.00480780327153502, 0.0019418739688393575, 0.0024019480922439396, 0.003502840879624636, 0.0021082474168933043, 0.0005280680039379889, 0.0004138780989287994, 4.320373692052164e-05, 0.00971099645754869, 0.020717126841036576, 0.0, 0.029495397209379465, 0.016293089957029293, 0.003733059463571381, 0.0006439561369900647, 0.00017203603640539826, 0.0010099001516817193, 0.0011865046830745192, 0.0009027754047051823, 0.001813015386986651, 0.00012041151691932476, 3.94965276072155e-05, 0.0007075313544763135, 0.002216003720042282, 0.00033563321125696077] and parameters: {'lag_0': 0.27709892260677066, 'lag_1': 0.9725136858558638, 'lag_2': 0.7662029653535115, 'lag_3': 0.3548206102001734, 'lag_4': 0.39498426135585823, 'lag_5': 0.28633986253794896, 'lag_6': 0.07031519865407561, 'lag_7': 0.7062353745105825, 'lag_8': 0.6682478362115575, 'lag_9': 0.12233540034843506, 'lag_10': 0.025162294561869525, 'lag_11': 0.2942076825715714, 'lag_12': 0.4596477004717558, 'lag_13': 0.3952963315507002, 'lag_14': 0.8826093030767, 'lag_15': 0.11806790755189939, 'lag_16': 0.5675653306085601, 'lag_17': 0.15036732020009114, 'lag_18': 0.17147625232260102, 'lag_19': 0.32074875443102563, 'lag_20': 0.7906820553792363, 'lag_21': 0.30956899081661593, 'lag_22': 0.32331453395571264, 'lag_23': 0.45040655167768817, 'lag_24': 0.7115283625432518, 'lag_25': 0.321632833188797, 'lag_26': 0.7468585373689358, 'lag_27': 0.3807209638783891, 'lag_28': 0.03765182168101429}.
