[I 2025-09-29 13:09:39,099] Trial 82 finished with value: 0.006996056676551526 and parameters: {'lag_0': 0.5009653804823664, 'lag_1': 0.22929922993731044, 'lag_2': 0.4770207044181338, 'lag_3': 0.43558500015988194, 'lag_4': 0.2284260200711959, 'lag_5': 0.13215088148149529, 'lag_6': 0.18812014454522386, 'lag_7': 0.4204108412689035, 'lag_8': 0.40311223006782565, 'lag_9': 0.2603008080299728, 'lag_10': 0.2240248985477307, 'lag_11': 0.2228473092475644, 'lag_12': 0.9786179073899924, 'lag_13': 0.8515398887863032, 'lag_14': 0.42435362854393877, 'lag_15': 0.07679118186988843, 'lag_16': 0.20470699512192655, 'lag_17': 0.16821150223259757, 'lag_18': 0.5388172510524087, 'lag_19': 0.186309300456896, 'lag_20': 0.9699097901857067, 'lag_21': 0.5686231731410727, 'lag_22': 0.12490953205931368, 'lag_23': 0.3983176108633464, 'lag_24': 0.8507554726990916, 'lag_25': 0.6538679318146202, 'lag_26': 0.7407203717012405, 'lag_27': 0.25421176475843366, 'lag_28': 0.6950776856404983}. Best is trial 28 with value: 0.006548623969072112.
[I 2025-09-29 13:09:41,447] Trial 83 finished with value: 0.007377016526817097 and parameters: {'lag_0': 0.45144305627308035, 'lag_1': 0.8064743369908658, 'lag_2': 0.4469352749289797, 'lag_3': 0.37737116077612665, 'lag_4': 0.19280415521799216, 'lag_5': 0.02461577141640852, 'lag_6': 0.46583359983387246, 'lag_7': 0.5353024815295299, 'lag_8': 0.47019249367092486, 'lag_9': 0.4873478947130142, 'lag_10': 0.06752172742431811, 'lag_11': 0.1519529456344219, 'lag_12': 0.9258463148684763, 'lag_13': 0.5594825316746239, 'lag_14': 0.5791957812045965, 'lag_15': 0.11000009803216873, 'lag_16': 0.2447332001639745, 'lag_17': 0.24875699991806563, 'lag_18': 0.6412725504053337, 'lag_19': 0.3067201794667106, 'lag_20': 0.706959787376358, 'lag_21': 0.5459742418842817, 'lag_22': 0.17562577706254712, 'lag_23': 0.24027043353313332, 'lag_24': 0.8982188616108324, 'lag_25': 0.6976560001391371, 'lag_26': 0.6229385156127574, 'lag_27': 0.13255791724751403, 'lag_28': 0.6400653082146591}. Best is trial 28 with value: 0.006548623969072112.
[I 2025-09-29 13:09:43,803] Trial 84 finished with value: 0.0070385426570856325 and parameters: {'lag_0': 0.35557932639448797, 'lag_1': 0.3565568973368106, 'lag_2': 0.3934117010561177, 'lag_3': 0.29530748627646297, 'lag_4': 0.1995607249595611, 'lag_5': 0.17944922610409172, 'lag_6': 0.05688145267954345, 'lag_7': 0.5732690880284831, 'lag_8': 0.309317495888799, 'lag_9': 0.39418818302341224, 'lag_10': 0.09264400866325054, 'lag_11': 0.5605807660694049, 'lag_12': 0.8710892972115845, 'lag_13': 0.6569911832888815, 'lag_14': 0.5482196247826531, 'lag_15': 0.1716703633895012, 'lag_16': 0.18503143058207783, 'lag_17': 0.20761869971834152, 'lag_18': 0.6860970757283009, 'lag_19': 0.3366375120070622, 'lag_20': 0.893050891959089, 'lag_21': 0.49419019727885255, 'lag_22': 0.8279696671166871, 'lag_23': 0.2636805238936453, 'lag_24': 0.5948479759718726, 'lag_25': 0.7603907893420399, 'lag_26': 0.6827915380033598, 'lag_27': 0.3233840605823801, 'lag_28': 0.5241906708878024}. Best is trial 28 with value: 0.006548623969072112.
[I 2025-09-29 13:09:46,152] Trial 85 finished with value: 0.007240744241094503 and parameters: {'lag_0': 0.24558349459159065, 'lag_1': 0.39728894651915475, 'lag_2': 0.3663642274147088, 'lag_3': 0.19345745978353798, 'lag_4': 0.13227201535106206, 'lag_5': 0.08153541581353804, 'lag_6': 0.20582475969244843, 'lag_7': 0.4531424933173065, 'lag_8': 0.435191642427304, 'lag_9': 0.3369604117407087, 'lag_10': 0.7648513522612846, 'lag_11': 0.42308962985070475, 'lag_12': 0.5166067449236496, 'lag_13': 0.00015591346769293964, 'lag_14': 0.6845247045520569, 'lag_15': 0.20570486905971586, 'lag_16': 0.22294906027558953, 'lag_17': 0.3329245792361473, 'lag_18': 0.03151362650112712, 'lag_19': 0.26947077242679907, 'lag_20': 0.8071541532835235, 'lag_21': 0.4226296589961782, 'lag_22': 0.7843176426063608, 'lag_23': 0.32369059985526305, 'lag_24': 0.6545545081179228, 'lag_25': 0.8478855362026997, 'lag_26': 0.5739153861489309, 'lag_27': 0.6601010369712326, 'lag_28': 0.48275401391224476}. Best is trial 28 with value: 0.006548623969072112.
[I 2025-09-29 13:09:48,484] Trial 86 finished with value: 0.007818543914649456 and parameters: {'lag_0': 0.38762235588004174, 'lag_1': 0.3113266406462947, 'lag_2': 0.5746331167684839, 'lag_3': 0.23850538587171954, 'lag_4': 0.30800318705741847, 'lag_5': 0.5717433319844792, 'lag_6': 0.1284727269861382, 'lag_7': 0.6510046057233146, 'lag_8': 0.5102129448766, 'lag_9': 0.22460876008158606, 'lag_10': 0.11351731334495821, 'lag_11': 0.6534322163954842, 'lag_12': 0.911430371952876, 'lag_13': 0.7236173275536076, 'lag_14': 0.2877577078720932, 'lag_15': 0.2739266055515496, 'lag_16': 0.3309190118372876, 'lag_17': 0.2769088303397077, 'lag_18': 0.5526126994145197, 'lag_19': 0.09359593033426218, 'lag_20': 0.7624284859144009, 'lag_21': 0.5173606405601074, 'lag_22': 0.902433306165967, 'lag_23': 0.4394665589690404, 'lag_24': 0.6137270601688108, 'lag_25': 0.5481949801976724, 'lag_26': 0.4987055665345238, 'lag_27': 0.21998083759670564, 'lag_28': 0.5548172430325576}. Best is trial 28 with value: 0.006548623969072112.
[I 2025-09-29 13:09:50,839] Trial 87 finished with value: 0.006859327691438795 and parameters: {'lag_0': 0.8869313375824396, 'lag_1': 0.20735369355945726, 'lag_2': 0.005175237520488762, 'lag_3': 0.5347846837720204, 'lag_4': 0.720601806329795, 'lag_5': 0.05957378247521186, 'lag_6': 0.42324375449589746, 'lag_7': 0.3651869140338032, 'lag_8': 0.7593918024269695, 'lag_9': 0.30100997658255607, 'lag_10': 0.2874422798541302, 'lag_11': 0.46327854978541916, 'lag_12': 0.9874323123784898, 'lag_13': 0.061459448863028024, 'lag_14': 0.5060844043519624, 'lag_15': 0.0029205719759896197, 'lag_16': 0.6561788650167499, 'lag_17': 0.07515196730761581, 'lag_18': 0.6154757797499206, 'lag_19': 0.02951040082655787, 'lag_20': 0.9806926209072642, 'lag_21': 0.6036768165695436, 'lag_22': 0.34958891096393585, 'lag_23': 0.4071806719346981, 'lag_24': 0.9717721388183704, 'lag_25': 0.6226918873440271, 'lag_26': 0.7207162700589733, 'lag_27': 0.057844783866580894, 'lag_28': 0.05463164578604919}. Best is trial 28 with value: 0.006548623969072112.
[I 2025-09-29 13:09:53,184] Trial 88 finished with value: 0.006798091922699111 and parameters: {'lag_0': 0.5839107272144888, 'lag_1': 0.265277482573797, 'lag_2': 0.8417411708814583, 'lag_3': 0.26888874841771593, 'lag_4': 0.6575244901587401, 'lag_5': 0.20871800535148283, 'lag_6': 0.1652536501679719, 'lag_7': 0.5063142431388806, 'lag_8': 0.6518361096796947, 'lag_9': 0.3624811448252692, 'lag_10': 0.0264862218857633, 'lag_11': 0.3707534656440531, 'lag_12': 0.9491649806822742, 'lag_13': 0.4839301394332632, 'lag_14': 0.02788620110532647, 'lag_15': 0.3622172539838788, 'lag_16': 0.30211514417299307, 'lag_17': 0.1568848973145912, 'lag_18': 0.05717398204594637, 'lag_19': 0.48818907117316446, 'lag_20': 0.9276635674290313, 'lag_21': 0.6401190207410533, 'lag_22': 0.08998917630273462, 'lag_23': 0.18066405198829613, 'lag_24': 0.8674041808908646, 'lag_25': 0.8164850822340989, 'lag_26': 0.6795510102557023, 'lag_27': 0.17766395693098028, 'lag_28': 0.45471886225923197}. Best is trial 28 with value: 0.006548623969072112.
[I 2025-09-29 13:09:55,513] Trial 89 finished with value: 0.00747580586980931 and parameters: {'lag_0': 0.9175606278359683, 'lag_1': 0.6870727860081092, 'lag_2': 0.3350301188057419, 'lag_3': 0.3276995861132072, 'lag_4': 0.037160819118077226, 'lag_5': 0.11684340482614414, 'lag_6': 0.24768527891451286, 'lag_7': 0.6277111007255252, 'lag_8': 0.5336096446867998, 'lag_9': 0.41615692904859125, 'lag_10': 0.05935740392330591, 'lag_11': 0.3138686490089328, 'lag_12': 0.8141159318892155, 'lag_13': 0.02636285753105978, 'lag_14': 0.6474576001052855, 'lag_15': 0.07956941999225695, 'lag_16': 0.14738617531091752, 'lag_17': 0.3815817265502676, 'lag_18': 0.1561465599559318, 'lag_19': 0.3974433148801856, 'lag_20': 0.8601527374854071, 'lag_21': 0.570751029303009, 'lag_22': 0.015524738385795033, 'lag_23': 0.11431230719426622, 'lag_24': 0.6972039729525737, 'lag_25': 0.4028847848749804, 'lag_26': 0.40123720471284763, 'lag_27': 0.08856371475056396, 'lag_28': 0.216096934534723}. Best is trial 28 with value: 0.006548623969072112.
[I 2025-09-29 13:09:57,846] Trial 90 finished with value: 0.007634015511336044 and parameters: {'lag_0': 0.8438542540749323, 'lag_1': 0.4235170744398199, 'lag_2': 0.6236697449554928, 'lag_3': 0.15350054775809371, 'lag_4': 0.15338352845428238, 'lag_5': 0.1611707297824086, 'lag_6': 0.3059865611975741, 'lag_7': 0.8092063120870762, 'lag_8': 0.7104760231860892, 'lag_9': 0.5278287163337644, 'lag_10': 0.16827628311640477, 'lag_11': 0.3895053582526793, 'lag_12': 0.8493495691538789, 'lag_13': 0.3916306478595911, 'lag_14': 0.4659025116673235, 'lag_15': 0.2866758046514547, 'lag_16': 0.11354274208541737, 'lag_17': 0.41491786037585376, 'lag_18': 0.5218182028282831, 'lag_19': 0.12910014709632875, 'lag_20': 0.555795939923881, 'lag_21': 0.5313214348610603, 'lag_22': 0.15828558783281105, 'lag_23': 0.37728250057632035, 'lag_24': 0.9190989289428799, 'lag_25': 0.5819002676031468, 'lag_26': 0.4560288626330246, 'lag_27': 0.009239488442333882, 'lag_28': 0.5013639228875265}. Best is trial 28 with value: 0.006548623969072112.
[I 2025-09-29 13:10:00,204] Trial 91 finished with value: 0.008076535357023398 and parameters: {'lag_0': 0.9476916507912914, 'lag_1': 0.08666725438233969, 'lag_2': 0.6718570400173915, 'lag_3': 0.6064547424795392, 'lag_4': 0.6321731463345294, 'lag_5': 0.02313030775934416, 'lag_6': 0.370583779916981, 'lag_7': 0.5492429216524711, 'lag_8': 0.7805265848867149, 'lag_9': 0.4491973663007443, 'lag_10': 0.47092331652032837, 'lag_11': 0.45654547895199854, 'lag_12': 0.6356732257035391, 'lag_13': 0.9256439206050432, 'lag_14': 0.6990123336998787, 'lag_15': 0.5070193967229875, 'lag_16': 0.36275783710071685, 'lag_17': 0.19937715204624834, 'lag_18': 0.20737385848441636, 'lag_19': 0.7618008155506494, 'lag_20': 0.6182358587974224, 'lag_21': 0.934175533634128, 'lag_22': 0.6292494535136914, 'lag_23': 0.04745694145463991, 'lag_24': 0.7403633213655011, 'lag_25': 0.2900872374045851, 'lag_26': 0.11401621483032, 'lag_27': 0.386896959569533, 'lag_28': 0.0844810075955239}. Best is trial 28 with value: 0.006548623969072112.
[I 2025-09-29 13:10:02,572] Trial 92 finished with value: 0.007110358601287682 and parameters: {'lag_0': 0.795595209489794, 'lag_1': 0.9408764684957246, 'lag_2': 0.6498018731092127, 'lag_3': 0.378608931020785, 'lag_4': 0.7611384751571018, 'lag_5': 0.7307361347589021, 'lag_6': 0.32786381188607183, 'lag_7': 0.5852347441954945, 'lag_8': 0.6873791483996217, 'lag_9': 0.488242096430067, 'lag_10': 0.7091257323293472, 'lag_11': 0.9225720917623293, 'lag_12': 0.8865696007911573, 'lag_13': 0.10252768464457769, 'lag_14': 0.07829245459557402, 'lag_15': 0.4704254520653353, 'lag_16': 0.5853700183340893, 'lag_17': 0.11666389548370114, 'lag_18': 0.3431954213385663, 'lag_19': 0.6767291536591316, 'lag_20': 0.7009318604381042, 'lag_21': 0.960828933744149, 'lag_22': 0.7442645731655971, 'lag_23': 0.7746689066137465, 'lag_24': 0.8121646820834798, 'lag_25': 0.6752846121684681, 'lag_26': 0.18475434199034446, 'lag_27': 0.29164962850774906, 'lag_28': 0.0018459999523576034}. Best is trial 28 with value: 0.006548623969072112.
[I 2025-09-29 13:10:05,059] Trial 93 finished with value: 0.007167207978591865 and parameters: {'lag_0': 0.8775860536166581, 'lag_1': 0.1611114220518806, 'lag_2': 0.5921612207782728, 'lag_3': 0.2190509772773085, 'lag_4': 0.6834314812790597, 'lag_5': 0.05921467223626248, 'lag_6': 0.39094012969379627, 'lag_7': 0.7097551627441734, 'lag_8': 0.3455648050348721, 'lag_9': 0.5514107579141161, 'lag_10': 0.8015234695035065, 'lag_11': 0.8266463690097996, 'lag_12': 0.5705661288843182, 'lag_13': 0.12509108556793452, 'lag_14': 0.7216089366308918, 'lag_15': 0.5581024534168034, 'lag_16': 0.28761537376929736, 'lag_17': 0.23082850472998467, 'lag_18': 0.2372539237497037, 'lag_19': 0.24062416593701025, 'lag_20': 0.4243138196506513, 'lag_21': 0.8783692950942641, 'lag_22': 0.03118479160716836, 'lag_23': 0.8491857498779787, 'lag_24': 0.7765849086330782, 'lag_25': 0.7751463879661187, 'lag_26': 0.0581586861176281, 'lag_27': 0.14900335574557005, 'lag_28': 0.04438695962630248}. Best is trial 28 with value: 0.006548623969072112.
[I 2025-09-29 13:10:07,430] Trial 94 finished with value: 0.007191491442456977 and parameters: {'lag_0': 0.49100667394224473, 'lag_1': 0.2109374121973392, 'lag_2': 0.5035226056169178, 'lag_3': 0.45585495405647547, 'lag_4': 0.807936031134226, 'lag_5': 0.0024868563041659532, 'lag_6': 0.0767747184480168, 'lag_7': 0.6175993961362406, 'lag_8': 0.368469989028322, 'lag_9': 0.3746625719496852, 'lag_10': 0.670719837922352, 'lag_11': 0.49963735154749783, 'lag_12': 0.6822425139919477, 'lag_13': 0.08091421666018953, 'lag_14': 0.6088555062891577, 'lag_15': 0.032134142212711415, 'lag_16': 0.5301159801549556, 'lag_17': 0.05025588058287689, 'lag_18': 0.2848609495915263, 'lag_19': 0.8106841641653435, 'lag_20': 0.6515928352990044, 'lag_21': 0.9949958455237595, 'lag_22': 0.6862697235659025, 'lag_23': 0.47967695047825987, 'lag_24': 0.7180550476690751, 'lag_25': 0.18333106566301466, 'lag_26': 0.6273574986128623, 'lag_27': 0.12373707786591283, 'lag_28': 0.1357654874221772}. Best is trial 28 with value: 0.006548623969072112.
[I 2025-09-29 13:10:09,779] Trial 95 finished with value: 0.007007051345120469 and parameters: {'lag_0': 0.9813965148441205, 'lag_1': 0.11829226973815934, 'lag_2': 0.5500979354721536, 'lag_3': 0.11767456056801671, 'lag_4': 0.24055761830457448, 'lag_5': 0.09410524602985483, 'lag_6': 0.8902741393051757, 'lag_7': 0.4959893306607348, 'lag_8': 0.3972534584122675, 'lag_9': 0.46605824398432044, 'lag_10': 0.8447746846833897, 'lag_11': 0.6830668211559711, 'lag_12': 0.6023087141116834, 'lag_13': 0.05007992920068366, 'lag_14': 0.7489217832220523, 'lag_15': 0.1114905529645723, 'lag_16': 0.42337070955110906, 'lag_17': 0.17861693547907453, 'lag_18': 0.45248090242134437, 'lag_19': 0.35648614247593047, 'lag_20': 0.49401546989356104, 'lag_21': 0.9035623496148112, 'lag_22': 0.760463128007536, 'lag_23': 0.3398171507100274, 'lag_24': 0.8484332763202393, 'lag_25': 0.7377653584270368, 'lag_26': 0.9381514441397256, 'lag_27': 0.26476111112017126, 'lag_28': 0.3730708138368293}. Best is trial 28 with value: 0.006548623969072112.
[I 2025-09-29 13:10:12,115] Trial 96 finished with value: 0.007415044024400548 and parameters: {'lag_0': 0.42536451370746087, 'lag_1': 0.9974706830364195, 'lag_2': 0.7086360315151002, 'lag_3': 0.0010274942319574154, 'lag_4': 0.5702616877001205, 'lag_5': 0.14097191290829927, 'lag_6': 0.21382871995875508, 'lag_7': 0.6638215530975264, 'lag_8': 0.7420999877908359, 'lag_9': 0.31585384634570185, 'lag_10': 0.4214348248341455, 'lag_11': 0.07028507053255875, 'lag_12': 0.9163154667549722, 'lag_13': 0.03185885536699616, 'lag_14': 0.24523973128768312, 'lag_15': 0.3220630255736776, 'lag_16': 0.2623348768124631, 'lag_17': 0.09171516998040136, 'lag_18': 0.10492237682228821, 'lag_19': 0.7371856170878148, 'lag_20': 0.941943479364588, 'lag_21': 0.43881180906970063, 'lag_22': 0.831198797013878, 'lag_23': 0.25050417670592817, 'lag_24': 0.668090776737805, 'lag_25': 0.7065894948363236, 'lag_26': 0.09942391809282661, 'lag_27': 0.19433051637892712, 'lag_28': 0.8417178774506215}. Best is trial 28 with value: 0.006548623969072112.
[I 2025-09-29 13:10:14,462] Trial 97 finished with value: 0.0075226618007310135 and parameters: {'lag_0': 0.9254150297056206, 'lag_1': 0.18726538239744933, 'lag_2': 0.6602985771325939, 'lag_3': 0.26899433439375375, 'lag_4': 0.8400637698764786, 'lag_5': 0.03483735994877014, 'lag_6': 0.34212133339294204, 'lag_7': 0.061259655508913546, 'lag_8': 0.45999450081204596, 'lag_9': 0.665530105611818, 'lag_10': 0.01740894026694739, 'lag_11': 0.785494502960674, 'lag_12': 0.9744588434795922, 'lag_13': 0.20149469469431391, 'lag_14': 0.3178472081935431, 'lag_15': 0.15611800349074748, 'lag_16': 0.4924238493788074, 'lag_17': 0.00988593431195614, 'lag_18': 0.9947266877767067, 'lag_19': 0.20666629088283883, 'lag_20': 0.7789394496721215, 'lag_21': 0.825156944886456, 'lag_22': 0.7150652826953229, 'lag_23': 0.5731962424954176, 'lag_24': 0.8328982375971292, 'lag_25': 0.11166187064176859, 'lag_26': 0.14576191453558937, 'lag_27': 0.31698285632219564, 'lag_28': 0.17375188405718134}. Best is trial 28 with value: 0.006548623969072112.
[I 2025-09-29 13:10:16,817] Trial 98 finished with value: 0.007576899965390585 and parameters: {'lag_0': 0.5253282669901671, 'lag_1': 0.2519300539432363, 'lag_2': 0.4171670409016342, 'lag_3': 0.35460033527045726, 'lag_4': 0.7779170153215661, 'lag_5': 0.08717030916543524, 'lag_6': 0.5366567056033921, 'lag_7': 0.5541830418260352, 'lag_8': 0.8596563475434175, 'lag_9': 0.40405120185236443, 'lag_10': 0.6272150524903692, 'lag_11': 0.9760220308935215, 'lag_12': 0.7500650442761588, 'lag_13': 0.06342892780664125, 'lag_14': 0.3929431783409702, 'lag_15': 0.18578791287609348, 'lag_16': 0.47490372551091165, 'lag_17': 0.2941434493049193, 'lag_18': 0.5714778005407147, 'lag_19': 0.16016871950823663, 'lag_20': 0.8402958772730336, 'lag_21': 0.7563817078479108, 'lag_22': 0.8791159890142872, 'lag_23': 0.28384427486416886, 'lag_24': 0.7611410587247979, 'lag_25': 0.48632691699867303, 'lag_26': 0.5152887574104754, 'lag_27': 0.047029078070329605, 'lag_28': 0.4053495315147261}. Best is trial 28 with value: 0.006548623969072112.
[I 2025-09-29 13:10:19,168] Trial 99 finished with value: 0.007023104572148253 and parameters: {'lag_0': 0.8288003819881843, 'lag_1': 0.32403781098677903, 'lag_2': 0.3058664425041342, 'lag_3': 0.3130749940784096, 'lag_4': 0.7469615124584239, 'lag_5': 0.04737277287847862, 'lag_6': 0.033618071508224684, 'lag_7': 0.7528878574046105, 'lag_8': 0.6199797758485985, 'lag_9': 0.5820552831482956, 'lag_10': 0.04686281414192228, 'lag_11': 0.5993434875549885, 'lag_12': 0.8637809923402148, 'lag_13': 0.02084940589394514, 'lag_14': 0.5365346869498239, 'lag_15': 0.41317826987110506, 'lag_16': 0.2310009820992277, 'lag_17': 0.1299894502737992, 'lag_18': 0.13363859839425107, 'lag_19': 0.32506439216632654, 'lag_20': 0.9666296288881446, 'lag_21': 0.27155235371693787, 'lag_22': 0.7826459542108538, 'lag_23': 0.5273373696727128, 'lag_24': 0.555944553300269, 'lag_25': 0.03239224645640361, 'lag_26': 0.5474365239192104, 'lag_27': 0.11375480474605759, 'lag_28': 0.3220608255131544}. Best is trial 28 with value: 0.006548623969072112.
[I 2025-09-29 13:10:19,181] A new study created in memory with name: no-name-b9cdde0e-9939-4278-a6a4-2a7eacfc2e5e
[I 2025-09-29 13:10:21,477] Trial 0 finished with value: 0.009174848088934399 and parameters: {'lag_0': 0.4700596401457871, 'lag_1': 0.9094829331359529, 'lag_2': 0.24334755101360828, 'lag_3': 0.952920465630237, 'lag_4': 0.9904462099491825, 'lag_5': 0.058936668975162164, 'lag_6': 0.6407204735796977, 'lag_7': 0.6935625260736408, 'lag_8': 0.8683071730752245, 'lag_9': 0.7609637722800993, 'lag_10': 0.17077408943398495, 'lag_11': 0.6873883166033437, 'lag_12': 0.6604965825838536, 'lag_13': 0.44522638215623933, 'lag_14': 0.6790579528224611, 'lag_15': 0.9325266926151818, 'lag_16': 0.837155424817343, 'lag_17': 0.7926196526807829, 'lag_18': 0.8155077156387402, 'lag_19': 0.2596948363119829, 'lag_20': 0.297978321128401, 'lag_21': 0.247646210745663, 'lag_22': 0.5471392683990309, 'lag_23': 0.3504664835314583, 'lag_24': 0.1477252155821411, 'lag_25': 0.7518748018921065, 'lag_26': 0.5732049556632325, 'lag_27': 0.00015363317749549616, 'lag_28': 0.035198320061092435}. Best is trial 0 with value: 0.009174848088934399.
[I 2025-09-29 13:10:23,790] Trial 1 finished with value: 0.009363811994919414 and parameters: {'lag_0': 0.422570429465556, 'lag_1': 0.42813244108764126, 'lag_2': 0.19148140905729719, 'lag_3': 0.6922449141834385, 'lag_4': 0.6139177857014039, 'lag_5': 0.5258103320655193, 'lag_6': 0.045186098775127886, 'lag_7': 0.007588747108993853, 'lag_8': 0.3079726055013484, 'lag_9': 0.9219795571837263, 'lag_10': 0.8327113718501553, 'lag_11': 0.009568903865423304, 'lag_12': 0.4309117191835516, 'lag_13': 0.6827226474168754, 'lag_14': 0.71855453073635, 'lag_15': 0.1248315158406428, 'lag_16': 0.24477853910816572, 'lag_17': 0.6829062016171068, 'lag_18': 0.2945103434182903, 'lag_19': 0.8023864703621336, 'lag_20': 0.888198397476125, 'lag_21': 0.602508090630072, 'lag_22': 0.682125931262155, 'lag_23': 0.8964861716533735, 'lag_24': 0.47116102506576774, 'lag_25': 0.6685643582556389, 'lag_26': 0.2332841701638949, 'lag_27': 0.7982324866763729, 'lag_28': 0.5947311865849448}. Best is trial 0 with value: 0.009174848088934399.
[I 2025-09-29 13:10:26,108] Trial 2 finished with value: 0.009554033482101787 and parameters: {'lag_0': 0.0734987143089998, 'lag_1': 0.30018198281494657, 'lag_2': 0.06670502797943231, 'lag_3': 0.8707597386790106, 'lag_4': 0.9833148195550923, 'lag_5': 0.32847400894549666, 'lag_6': 0.839361804632219, 'lag_7': 0.01907132743311534, 'lag_8': 0.11230113715171403, 'lag_9': 0.4605827197747642, 'lag_10': 0.5252823864085259, 'lag_11': 0.35109427298895046, 'lag_12': 0.6557087329197224, 'lag_13': 0.28456665616548216, 'lag_14': 0.9107908905875605, 'lag_15': 0.2645026103959076, 'lag_16': 0.6826663164943184, 'lag_17': 0.7164771548220187, 'lag_18': 0.4630413907031707, 'lag_19': 0.7649877302389302, 'lag_20': 0.7083162315546135, 'lag_21': 0.9507864057568325, 'lag_22': 0.9388661426253432, 'lag_23': 0.31043693571523295, 'lag_24': 0.04194956448468569, 'lag_25': 0.5154103539491468, 'lag_26': 0.3251053475787985, 'lag_27': 0.7336818015119532, 'lag_28': 0.7882627607888241}. Best is trial 0 with value: 0.009174848088934399.
