2025-09-29 12:50:16,015 - distributed.nanny - INFO -         Start Nanny at: 'tcp://192.168.86.108:43722'
2025-09-29 12:50:17,318 - distributed.worker - INFO -       Start worker at: tcp://192.168.86.108:37783
2025-09-29 12:50:17,319 - distributed.worker - INFO -          Listening to: tcp://192.168.86.108:37783
2025-09-29 12:50:17,319 - distributed.worker - INFO -           Worker name:             SLURMCluster-9
2025-09-29 12:50:17,319 - distributed.worker - INFO -          dashboard at:       192.168.86.108:33708
2025-09-29 12:50:17,319 - distributed.worker - INFO - Waiting to connect to: tcp://192.168.86.101:39990
2025-09-29 12:50:17,319 - distributed.worker - INFO - -------------------------------------------------
2025-09-29 12:50:17,319 - distributed.worker - INFO -               Threads:                          1
2025-09-29 12:50:17,319 - distributed.worker - INFO -                Memory:                   9.31 GiB
2025-09-29 12:50:17,319 - distributed.worker - INFO -       Local Directory: /home1/zrentala/dask-worker-space/dask-scratch-space/worker-ruekt1bv
2025-09-29 12:50:17,319 - distributed.worker - INFO - -------------------------------------------------
2025-09-29 12:50:17,610 - distributed.worker - INFO - Starting Worker plugin shuffle
2025-09-29 12:50:17,611 - distributed.worker - INFO -         Registered to: tcp://192.168.86.101:39990
2025-09-29 12:50:17,611 - distributed.worker - INFO - -------------------------------------------------
2025-09-29 12:50:17,612 - distributed.core - INFO - Starting established connection to tcp://192.168.86.101:39990
[I 2025-09-29 12:50:17,701] A new study created in memory with name: no-name-65e6321e-d676-40eb-9de1-68f3011a0896
[I 2025-09-29 12:50:20,195] Trial 0 finished with value: 0.004937775081617607 and parameters: {'lag_0': 0.6441748822918585, 'lag_1': 0.24976201882519106, 'lag_2': 0.4298962231757045, 'lag_3': 0.5938922024064996, 'lag_4': 0.7869863881047745, 'lag_5': 0.27773447617337077, 'lag_6': 0.0020679259367269295, 'lag_7': 0.5823473764240416, 'lag_8': 0.20645836203981188, 'lag_9': 0.43112697940844175, 'lag_10': 0.2915616445073304, 'lag_11': 0.15408615480867463, 'lag_12': 0.5341901872129649, 'lag_13': 0.9767119154507448, 'lag_14': 0.18494083254822957, 'lag_15': 0.4202946806247907, 'lag_16': 0.48622077845549555, 'lag_17': 0.288183742141293, 'lag_18': 0.03824594922359571, 'lag_19': 0.6577782502555539, 'lag_20': 0.7524940273378914, 'lag_21': 0.24372574024748336, 'lag_22': 0.4343244121208613, 'lag_23': 0.716971610733348, 'lag_24': 0.8205679760635315, 'lag_25': 0.7279526476973104, 'lag_26': 0.2069051816255359, 'lag_27': 0.5804808409714897, 'lag_28': 0.35261263370969376}. Best is trial 0 with value: 0.004937775081617607.
[I 2025-09-29 12:50:22,652] Trial 1 finished with value: 0.004510695255022852 and parameters: {'lag_0': 0.6235048408106348, 'lag_1': 0.8216644129312823, 'lag_2': 0.07373394509745229, 'lag_3': 0.3200893426189657, 'lag_4': 0.7129333206005873, 'lag_5': 0.660605425116618, 'lag_6': 0.490139447073524, 'lag_7': 0.5916433063420723, 'lag_8': 0.9196989079132524, 'lag_9': 0.8982498839512153, 'lag_10': 0.6558568465118956, 'lag_11': 0.4156291886364839, 'lag_12': 0.1290520425211711, 'lag_13': 0.8574059333587083, 'lag_14': 0.3761968640458358, 'lag_15': 0.6345319721632816, 'lag_16': 0.17455373735906282, 'lag_17': 0.7312443589822055, 'lag_18': 0.758001573253854, 'lag_19': 0.5817716361019936, 'lag_20': 0.2316829538962772, 'lag_21': 0.6457470830529375, 'lag_22': 0.9696088750553429, 'lag_23': 0.6645643779455143, 'lag_24': 0.7575400308751793, 'lag_25': 0.02829046633883179, 'lag_26': 0.6346526819223933, 'lag_27': 0.8467927630932833, 'lag_28': 0.17215611146305004}. Best is trial 1 with value: 0.004510695255022852.
[I 2025-09-29 12:50:25,108] Trial 2 finished with value: 0.004927412766821263 and parameters: {'lag_0': 0.4635439578981878, 'lag_1': 0.6335374140922985, 'lag_2': 0.03643010207863334, 'lag_3': 0.03990054830134444, 'lag_4': 0.21084639079585552, 'lag_5': 0.3473122365897799, 'lag_6': 0.13080182804683857, 'lag_7': 0.6236970665215371, 'lag_8': 0.9454265876751962, 'lag_9': 0.9381533880862372, 'lag_10': 0.5269258141734996, 'lag_11': 0.7822974446316387, 'lag_12': 0.552066471026778, 'lag_13': 0.7349866612086082, 'lag_14': 0.7890123325824666, 'lag_15': 0.33718385516861255, 'lag_16': 0.9357877065431895, 'lag_17': 0.39820356121775524, 'lag_18': 0.2896498828726844, 'lag_19': 0.727226884501409, 'lag_20': 0.8826679857288172, 'lag_21': 0.5411234510721736, 'lag_22': 0.5595501362957227, 'lag_23': 0.8933853337401276, 'lag_24': 0.27749978632796163, 'lag_25': 0.030077072006173208, 'lag_26': 0.08175495684040715, 'lag_27': 0.12599925030714415, 'lag_28': 0.06481096234133416}. Best is trial 1 with value: 0.004510695255022852.
[I 2025-09-29 12:50:27,569] Trial 3 finished with value: 0.004335554344015331 and parameters: {'lag_0': 0.8512710013027499, 'lag_1': 0.05118697559146751, 'lag_2': 0.7549429739872948, 'lag_3': 0.5903153681812949, 'lag_4': 0.2920228042079692, 'lag_5': 0.6832736231546584, 'lag_6': 0.08380756548497721, 'lag_7': 0.42684649394569435, 'lag_8': 0.3462227391680097, 'lag_9': 0.9407067180640066, 'lag_10': 0.912308496778987, 'lag_11': 0.4178774888655154, 'lag_12': 0.37648186883677504, 'lag_13': 0.6770857516999914, 'lag_14': 0.06580430945852213, 'lag_15': 0.772834624021318, 'lag_16': 0.5842218965914777, 'lag_17': 0.5277180919711786, 'lag_18': 0.8844264357527685, 'lag_19': 0.8350326827429398, 'lag_20': 0.6193258935887158, 'lag_21': 0.27767625647182004, 'lag_22': 0.06882708790658222, 'lag_23': 0.1019166032325989, 'lag_24': 0.7699490464252082, 'lag_25': 0.405158094929364, 'lag_26': 0.9423040969178875, 'lag_27': 0.0930977437206883, 'lag_28': 0.45194618434514244}. Best is trial 3 with value: 0.004335554344015331.
[I 2025-09-29 12:50:30,022] Trial 4 finished with value: 0.00445362791171792 and parameters: {'lag_0': 0.38857477610680446, 'lag_1': 0.34849671632038337, 'lag_2': 0.5184830408698976, 'lag_3': 0.36937001526541907, 'lag_4': 0.5478962497612968, 'lag_5': 0.9090659590882871, 'lag_6': 0.7750454705384795, 'lag_7': 0.21124289352922654, 'lag_8': 0.40525873635546655, 'lag_9': 0.5080681303254247, 'lag_10': 0.8485245550818818, 'lag_11': 0.12595112800867359, 'lag_12': 0.2486694930164307, 'lag_13': 0.491952443884269, 'lag_14': 0.41550205298638343, 'lag_15': 0.5456413191638341, 'lag_16': 0.33267330437010145, 'lag_17': 0.8993495765472995, 'lag_18': 0.6433052508594056, 'lag_19': 0.5509386994605537, 'lag_20': 0.7330247291204134, 'lag_21': 0.6679368325458529, 'lag_22': 0.28697242484532487, 'lag_23': 0.3159956205882677, 'lag_24': 0.8797103037057644, 'lag_25': 0.532960741877058, 'lag_26': 0.9641478392714095, 'lag_27': 0.6550195610664966, 'lag_28': 0.2396735102822235}. Best is trial 3 with value: 0.004335554344015331.
[I 2025-09-29 12:50:32,489] Trial 5 finished with value: 0.004876835809696544 and parameters: {'lag_0': 0.817766089619176, 'lag_1': 0.4076830697930528, 'lag_2': 0.11457861838377856, 'lag_3': 0.43522090305584626, 'lag_4': 0.7899652527714895, 'lag_5': 0.8029172718200915, 'lag_6': 0.5146212371482245, 'lag_7': 0.5785661083228428, 'lag_8': 0.29409943159198876, 'lag_9': 0.15749305640699696, 'lag_10': 0.24092942132693768, 'lag_11': 0.8371900219065873, 'lag_12': 0.1531240963119937, 'lag_13': 0.8513003950810155, 'lag_14': 0.6746289936435104, 'lag_15': 0.4100703243802567, 'lag_16': 0.8990756707901003, 'lag_17': 0.05969740457997221, 'lag_18': 0.019172429685856848, 'lag_19': 0.5289942466667624, 'lag_20': 0.3619077870778492, 'lag_21': 0.04040923309998442, 'lag_22': 0.4233043887963937, 'lag_23': 0.28338923613925443, 'lag_24': 0.18299029391978125, 'lag_25': 0.16678476378356205, 'lag_26': 0.8438426511582073, 'lag_27': 0.33623354710670783, 'lag_28': 0.8114262983194452}. Best is trial 3 with value: 0.004335554344015331.
[I 2025-09-29 12:50:34,948] Trial 6 finished with value: 0.0044126103246673876 and parameters: {'lag_0': 0.33555763645148895, 'lag_1': 0.9243347956868919, 'lag_2': 0.9231617867503071, 'lag_3': 0.032607468287744655, 'lag_4': 0.753031953003066, 'lag_5': 0.06665416576588616, 'lag_6': 0.654655485669333, 'lag_7': 0.5477075353911071, 'lag_8': 0.14984759204134876, 'lag_9': 0.8305992889422491, 'lag_10': 0.6796103155956407, 'lag_11': 0.5953592458698095, 'lag_12': 0.9753359923438452, 'lag_13': 0.06256896087872894, 'lag_14': 0.716206984121502, 'lag_15': 0.4157187916970649, 'lag_16': 0.686339391860573, 'lag_17': 0.5516652067296194, 'lag_18': 0.42046291863075225, 'lag_19': 0.41008654738877603, 'lag_20': 0.034599173054510275, 'lag_21': 0.7645920473023345, 'lag_22': 0.6207278809439256, 'lag_23': 0.05593518390818134, 'lag_24': 0.14501896806905673, 'lag_25': 0.46950174768637365, 'lag_26': 0.9290013570177057, 'lag_27': 0.8774639836251957, 'lag_28': 0.9337954964799856}. Best is trial 3 with value: 0.004335554344015331.
[I 2025-09-29 12:50:37,396] Trial 7 finished with value: 0.004621786237803213 and parameters: {'lag_0': 0.49344273135588557, 'lag_1': 0.41000885717083935, 'lag_2': 0.2316022507819351, 'lag_3': 0.07531873769937153, 'lag_4': 0.20276889041127677, 'lag_5': 0.02806579350073622, 'lag_6': 0.7988492122924155, 'lag_7': 0.48552389040589167, 'lag_8': 0.2200875680371482, 'lag_9': 0.46406693567404295, 'lag_10': 0.5800347338673668, 'lag_11': 0.6103958212623541, 'lag_12': 0.6995378714111805, 'lag_13': 0.7854495575963875, 'lag_14': 0.35295836113444334, 'lag_15': 0.6034397596040938, 'lag_16': 0.08503874128335474, 'lag_17': 0.9626212620116985, 'lag_18': 0.5414066151742022, 'lag_19': 0.433239716429278, 'lag_20': 0.2365665084436424, 'lag_21': 0.3137480598478414, 'lag_22': 0.22437380480791208, 'lag_23': 0.7856060787445508, 'lag_24': 0.7769145250888456, 'lag_25': 0.11721616456434036, 'lag_26': 0.25697449115027104, 'lag_27': 0.04808449938710755, 'lag_28': 0.38576593849367447}. Best is trial 3 with value: 0.004335554344015331.
[I 2025-09-29 12:50:39,850] Trial 8 finished with value: 0.00429200131827513 and parameters: {'lag_0': 0.7572506901389353, 'lag_1': 0.4516848086110759, 'lag_2': 0.7667903688507858, 'lag_3': 0.0922286261089864, 'lag_4': 0.6937078190542554, 'lag_5': 0.9370793639288285, 'lag_6': 0.7331198200287538, 'lag_7': 0.41570321752961703, 'lag_8': 0.9870721318480119, 'lag_9': 0.7017394058949568, 'lag_10': 0.039465043105755784, 'lag_11': 0.023032844547892367, 'lag_12': 0.5765525542290677, 'lag_13': 0.7623914568003987, 'lag_14': 0.03218116194237211, 'lag_15': 0.0743628010599494, 'lag_16': 0.5735645350652605, 'lag_17': 0.024685409788332, 'lag_18': 0.38517692386538477, 'lag_19': 0.6806773188392512, 'lag_20': 0.7875111606089298, 'lag_21': 0.8273476135981515, 'lag_22': 0.6989131742601863, 'lag_23': 0.1262496850638502, 'lag_24': 0.5284785658674065, 'lag_25': 0.10083003011706089, 'lag_26': 0.7202559771644129, 'lag_27': 0.98796777746785, 'lag_28': 0.5328979261878332}. Best is trial 8 with value: 0.00429200131827513.
[I 2025-09-29 12:50:42,316] Trial 9 finished with value: 0.004569430886685049 and parameters: {'lag_0': 0.8307320971566371, 'lag_1': 0.31890624052339167, 'lag_2': 0.7990135963000429, 'lag_3': 0.6719042960223611, 'lag_4': 0.5599559801797718, 'lag_5': 0.040691607663166394, 'lag_6': 0.04491540650988971, 'lag_7': 0.45380269392168476, 'lag_8': 0.044671340942673526, 'lag_9': 0.4474065168546019, 'lag_10': 0.6024232515418372, 'lag_11': 0.5454405472487944, 'lag_12': 0.5054626428843172, 'lag_13': 0.5080941171246558, 'lag_14': 0.7242591215541658, 'lag_15': 0.6861391537678228, 'lag_16': 0.2466160938004214, 'lag_17': 0.1596497079987692, 'lag_18': 0.5939214860318274, 'lag_19': 0.11458624285153358, 'lag_20': 0.32207183561188646, 'lag_21': 0.6490331709864259, 'lag_22': 0.39414166519918276, 'lag_23': 0.7620373748738548, 'lag_24': 0.36174840215488613, 'lag_25': 0.10767285778456467, 'lag_26': 0.6872652741836891, 'lag_27': 0.8598419884750762, 'lag_28': 0.7754068836874443}. Best is trial 8 with value: 0.00429200131827513.
[I 2025-09-29 12:50:44,927] Trial 10 finished with value: 0.004712700205544066 and parameters: {'lag_0': 0.14596376161357066, 'lag_1': 0.6108774736476373, 'lag_2': 0.6042634067968666, 'lag_3': 0.8722488169945513, 'lag_4': 0.9424095433711006, 'lag_5': 0.9801702625730749, 'lag_6': 0.9281849832851687, 'lag_7': 0.9495728194997741, 'lag_8': 0.6668953224926992, 'lag_9': 0.7052150041669987, 'lag_10': 0.006514385465741221, 'lag_11': 0.004678995691156762, 'lag_12': 0.8320658969130925, 'lag_13': 0.25123990427520615, 'lag_14': 0.07273716007566919, 'lag_15': 0.00812163146084971, 'lag_16': 0.7301589584222206, 'lag_17': 0.21663241579958434, 'lag_18': 0.26743905272125745, 'lag_19': 0.987047703361049, 'lag_20': 0.9953105053469666, 'lag_21': 0.9880746284543432, 'lag_22': 0.7947217259011752, 'lag_23': 0.4073894755205272, 'lag_24': 0.5417237804710491, 'lag_25': 0.8770401390447953, 'lag_26': 0.44056599468648744, 'lag_27': 0.9852342944537092, 'lag_28': 0.6210358617808276}. Best is trial 8 with value: 0.00429200131827513.
[I 2025-09-29 12:50:47,436] Trial 11 finished with value: 0.004994356492346625 and parameters: {'lag_0': 0.935224258220334, 'lag_1': 0.06508151041105022, 'lag_2': 0.7404563697157927, 'lag_3': 0.8724491466227917, 'lag_4': 0.352103046145665, 'lag_5': 0.652609217237113, 'lag_6': 0.2824918263282463, 'lag_7': 0.22071395408736605, 'lag_8': 0.6257032615368014, 'lag_9': 0.7049994165710647, 'lag_10': 0.8506498302865707, 'lag_11': 0.3002551043289087, 'lag_12': 0.32015125019693813, 'lag_13': 0.5830911819244976, 'lag_14': 0.03141080256720706, 'lag_15': 0.9323209045639258, 'lag_16': 0.5201420776873562, 'lag_17': 0.5777990994789446, 'lag_18': 0.9164483637529077, 'lag_19': 0.8877033526759693, 'lag_20': 0.5852063579512516, 'lag_21': 0.9290625564689355, 'lag_22': 0.0029451756438794996, 'lag_23': 0.03933323677527245, 'lag_24': 0.5628210850323145, 'lag_25': 0.3295729273471105, 'lag_26': 0.748293499334626, 'lag_27': 0.307029412026547, 'lag_28': 0.5623287979721758}. Best is trial 8 with value: 0.00429200131827513.
[I 2025-09-29 12:50:49,950] Trial 12 finished with value: 0.004927789777586909 and parameters: {'lag_0': 0.9883188452567335, 'lag_1': 0.13159792610481624, 'lag_2': 0.9993508802217761, 'lag_3': 0.25070872496027385, 'lag_4': 0.40149543187046366, 'lag_5': 0.7280805151284715, 'lag_6': 0.36806679744745574, 'lag_7': 0.005393924785758009, 'lag_8': 0.5286456263453818, 'lag_9': 0.7122278400251936, 'lag_10': 0.9978085401892511, 'lag_11': 0.2964319717820415, 'lag_12': 0.3817745902630686, 'lag_13': 0.6169065823268516, 'lag_14': 0.20388110718591537, 'lag_15': 0.06805393476359166, 'lag_16': 0.5341687515606037, 'lag_17': 0.4025607398515122, 'lag_18': 0.9663947676801297, 'lag_19': 0.8060903066371324, 'lag_20': 0.5683398688344794, 'lag_21': 0.2999347092035817, 'lag_22': 0.7143928925485582, 'lag_23': 0.2030943185816962, 'lag_24': 0.6418410977488201, 'lag_25': 0.3358437959925392, 'lag_26': 0.5174638389021192, 'lag_27': 0.37232939667414655, 'lag_28': 0.5635016060807803}. Best is trial 8 with value: 0.00429200131827513.
[I 2025-09-29 12:50:52,457] Trial 13 finished with value: 0.004262551713619252 and parameters: {'lag_0': 0.7035763532732254, 'lag_1': 0.5935854080578827, 'lag_2': 0.7194936456835764, 'lag_3': 0.7318025535308575, 'lag_4': 0.3623010975452197, 'lag_5': 0.505819284566061, 'lag_6': 0.6263630540807987, 'lag_7': 0.31969365450766984, 'lag_8': 0.7854076239150082, 'lag_9': 0.9630420220539762, 'lag_10': 0.3003940879974336, 'lag_11': 0.9765382232723899, 'lag_12': 0.7583907220927355, 'lag_13': 0.6793190889724804, 'lag_14': 0.9875299655980281, 'lag_15': 0.8524364302816254, 'lag_16': 0.7231444505038815, 'lag_17': 0.7204785944254742, 'lag_18': 0.7747073106153952, 'lag_19': 0.2768810162260467, 'lag_20': 0.7516150217579055, 'lag_21': 0.43028592148067735, 'lag_22': 0.10776348905857053, 'lag_23': 0.15729767722088922, 'lag_24': 0.9905280553111575, 'lag_25': 0.2809127338771875, 'lag_26': 0.7935841213913788, 'lag_27': 0.6966220844973614, 'lag_28': 0.42349651268473787}. Best is trial 13 with value: 0.004262551713619252.
[I 2025-09-29 12:50:54,969] Trial 14 finished with value: 0.004105909280388653 and parameters: {'lag_0': 0.6724104320670501, 'lag_1': 0.59538540613475, 'lag_2': 0.6218253210711323, 'lag_3': 0.7443994065988531, 'lag_4': 0.02622071605014481, 'lag_5': 0.4551931666438963, 'lag_6': 0.9940550882554169, 'lag_7': 0.29226164481209893, 'lag_8': 0.8454993079589016, 'lag_9': 0.7857985706002854, 'lag_10': 0.025672655759014174, 'lag_11': 0.9496462464586933, 'lag_12': 0.7082134920595834, 'lag_13': 0.3768439432341578, 'lag_14': 0.5925903113472691, 'lag_15': 0.19931670398482698, 'lag_16': 0.8072735643942699, 'lag_17': 0.7894386341820339, 'lag_18': 0.40457924876492457, 'lag_19': 0.2093719834344021, 'lag_20': 0.7874857303230243, 'lag_21': 0.4744817181636212, 'lag_22': 0.9013809744707193, 'lag_23': 0.503769686813542, 'lag_24': 0.9395778423931644, 'lag_25': 0.26950917239092775, 'lag_26': 0.5310106547179632, 'lag_27': 0.7496214332218334, 'lag_28': 0.7097608926899992}. Best is trial 14 with value: 0.004105909280388653.
[I 2025-09-29 12:50:57,481] Trial 15 finished with value: 0.00496682844142564 and parameters: {'lag_0': 0.6448324293218778, 'lag_1': 0.6366402332318686, 'lag_2': 0.3942439247919861, 'lag_3': 0.9941969905837161, 'lag_4': 0.046728558255344665, 'lag_5': 0.4831865391906485, 'lag_6': 0.9798751890937563, 'lag_7': 0.2519323846509639, 'lag_8': 0.7807893007620226, 'lag_9': 0.008563926548023237, 'lag_10': 0.2580688011988197, 'lag_11': 0.9484717500083246, 'lag_12': 0.7407755060019441, 'lag_13': 0.29422436332720536, 'lag_14': 0.9971792002564092, 'lag_15': 0.23623307055776957, 'lag_16': 0.8099211749227064, 'lag_17': 0.7564890153120887, 'lag_18': 0.7502005771136967, 'lag_19': 0.20981612268033847, 'lag_20': 0.975507934891295, 'lag_21': 0.47034415211147257, 'lag_22': 0.9442151340236196, 'lag_23': 0.555794136188508, 'lag_24': 0.9862296319956857, 'lag_25': 0.23622302106606363, 'lag_26': 0.4614134556249558, 'lag_27': 0.6957211665439237, 'lag_28': 0.7564689260369375}. Best is trial 14 with value: 0.004105909280388653.
[I 2025-09-29 12:50:59,994] Trial 16 finished with value: 0.004985868590855104 and parameters: {'lag_0': 0.1814861112321794, 'lag_1': 0.8020574673213172, 'lag_2': 0.6023419494121235, 'lag_3': 0.7463535521365036, 'lag_4': 0.07417757932947876, 'lag_5': 0.4876944041562684, 'lag_6': 0.5947278188925416, 'lag_7': 0.02541207859536254, 'lag_8': 0.7976363468475387, 'lag_9': 0.9941523110361865, 'lag_10': 0.3923795102900822, 'lag_11': 0.9632319755680671, 'lag_12': 0.9600113887063978, 'lag_13': 0.353157631630852, 'lag_14': 0.9862107306465819, 'lag_15': 0.9488715434409665, 'lag_16': 0.9963796910749224, 'lag_17': 0.7594704537688307, 'lag_18': 0.18264098912393745, 'lag_19': 0.25610269904853666, 'lag_20': 0.45790598965771134, 'lag_21': 0.40813755223515663, 'lag_22': 0.16973017613855101, 'lag_23': 0.5016560887566172, 'lag_24': 0.9713311944242011, 'lag_25': 0.613904189260968, 'lag_26': 0.5833902587495229, 'lag_27': 0.49678095771899033, 'lag_28': 0.6902669522324885}. Best is trial 14 with value: 0.004105909280388653.
[I 2025-09-29 12:51:02,501] Trial 17 finished with value: 0.004962098466646456 and parameters: {'lag_0': 0.7029624532519706, 'lag_1': 0.5465339490868939, 'lag_2': 0.6249513442160401, 'lag_3': 0.7570174590670354, 'lag_4': 0.0012439010944856332, 'lag_5': 0.30743273801813287, 'lag_6': 0.8920833571511588, 'lag_7': 0.7505922851824885, 'lag_8': 0.7861545570357199, 'lag_9': 0.8078058840205624, 'lag_10': 0.13321556913299654, 'lag_11': 0.7261276980683025, 'lag_12': 0.710122830714898, 'lag_13': 0.12748019052731158, 'lag_14': 0.5559294137302564, 'lag_15': 0.22959928629458284, 'lag_16': 0.805224001835335, 'lag_17': 0.8573567467132247, 'lag_18': 0.7393583083971658, 'lag_19': 0.03446444834256554, 'lag_20': 0.8246195658889073, 'lag_21': 0.11164895999687696, 'lag_22': 0.8741883593420504, 'lag_23': 0.39470509784449115, 'lag_24': 0.6701790356140014, 'lag_25': 0.3050462911943095, 'lag_26': 0.35113974134059744, 'lag_27': 0.6937853407786372, 'lag_28': 0.2957616489422903}. Best is trial 14 with value: 0.004105909280388653.
[I 2025-09-29 12:51:05,011] Trial 18 finished with value: 0.004565518926680469 and parameters: {'lag_0': 0.022014758811311652, 'lag_1': 0.7669380058296191, 'lag_2': 0.2741908656984508, 'lag_3': 0.5406950284161065, 'lag_4': 0.1424540470663746, 'lag_5': 0.3988860512292396, 'lag_6': 0.354177518044223, 'lag_7': 0.3232674660662389, 'lag_8': 0.6313914622454324, 'lag_9': 0.5380229272211915, 'lag_10': 0.3996294104914849, 'lag_11': 0.8626654504859506, 'lag_12': 0.8383105850156352, 'lag_13': 0.4324430847899526, 'lag_14': 0.8670380385448357, 'lag_15': 0.8200753170569716, 'lag_16': 0.6986091924510175, 'lag_17': 0.6541512907576825, 'lag_18': 0.4694472534718769, 'lag_19': 0.36381274350884896, 'lag_20': 0.7182992470029812, 'lag_21': 0.5209532228560817, 'lag_22': 0.2804127070344274, 'lag_23': 0.5757529232631421, 'lag_24': 0.9198890286481296, 'lag_25': 0.6347287223459304, 'lag_26': 0.8012871094903234, 'lag_27': 0.7771859945114107, 'lag_28': 0.967544175168584}. Best is trial 14 with value: 0.004105909280388653.
[I 2025-09-29 12:51:07,524] Trial 19 finished with value: 0.0051549599380516465 and parameters: {'lag_0': 0.5796687009715412, 'lag_1': 0.7091628813498546, 'lag_2': 0.8821455357028982, 'lag_3': 0.8431819743931352, 'lag_4': 0.3910653504874644, 'lag_5': 0.1647350846712784, 'lag_6': 0.8346271437540003, 'lag_7': 0.13168686849424135, 'lag_8': 0.8780372886139735, 'lag_9': 0.6013778398352849, 'lag_10': 0.13678049543980336, 'lag_11': 0.7335183996955272, 'lag_12': 0.0178547050305205, 'lag_13': 0.17442269152087747, 'lag_14': 0.5562314092217912, 'lag_15': 0.17409252165397823, 'lag_16': 0.39475595670871244, 'lag_17': 0.8372864468616908, 'lag_18': 0.8040311181328891, 'lag_19': 0.2596403650747711, 'lag_20': 0.8946364025403909, 'lag_21': 0.1583390991006105, 'lag_22': 0.1372209571093504, 'lag_23': 0.9934064035379719, 'lag_24': 0.40664392147888795, 'lag_25': 0.22356958422565043, 'lag_26': 0.5655148343674292, 'lag_27': 0.5055613751524024, 'lag_28': 0.44095149243892284}. Best is trial 14 with value: 0.004105909280388653.
