[I 2025-09-29 11:58:44,571] Trial 66 finished with value: 0.0075832777960985805 and parameters: {'lag_0': 0.6204714306457613, 'lag_1': 0.003288063978159672, 'lag_2': 0.6228563360654205, 'lag_3': 0.7978286784526618, 'lag_4': 0.5186069618735398, 'lag_5': 0.31987689768259536, 'lag_6': 0.9417729207653742, 'lag_7': 0.07512304194310253, 'lag_8': 0.279814989565657, 'lag_9': 0.6352571915236737, 'lag_10': 0.49259303428727874, 'lag_11': 0.8817384659282579, 'lag_12': 0.9466735559665029, 'lag_13': 0.9843750103025599, 'lag_14': 2.6621818473376857e-05, 'lag_15': 0.15567326431449402, 'lag_16': 0.8774529729294207, 'lag_17': 0.2775596372471828, 'lag_18': 0.3612163764325452, 'lag_19': 0.2924523708149413, 'lag_20': 0.9289792517511279, 'lag_21': 0.909061824545822, 'lag_22': 0.6033936509079455, 'lag_23': 0.34240541977056027, 'lag_24': 0.2914361049910674, 'lag_25': 0.19386487258071242, 'lag_26': 0.7836348839643936, 'lag_27': 0.08583995127352834, 'lag_28': 0.2689109410287141}. Best is trial 17 with value: 0.0074903198892933755.
[I 2025-09-29 11:58:46,990] Trial 67 finished with value: 0.00758788061433519 and parameters: {'lag_0': 0.9465515515980282, 'lag_1': 0.8406901121704088, 'lag_2': 0.7871016362044855, 'lag_3': 0.036388824794607935, 'lag_4': 0.6254837358429065, 'lag_5': 0.03105610719613372, 'lag_6': 0.8453747699863987, 'lag_7': 0.28782866183323835, 'lag_8': 0.6232920645717281, 'lag_9': 0.22714315963940324, 'lag_10': 0.8159964530625184, 'lag_11': 0.6343531911516801, 'lag_12': 0.4531054709549689, 'lag_13': 0.46401034517875916, 'lag_14': 0.3526365613171613, 'lag_15': 0.6461092604629284, 'lag_16': 0.3883477691100138, 'lag_17': 0.9950220415411617, 'lag_18': 0.4523467961712855, 'lag_19': 0.5420809393678249, 'lag_20': 0.7672493746429491, 'lag_21': 0.10328993866948932, 'lag_22': 0.4389502047384034, 'lag_23': 0.7062976799361304, 'lag_24': 0.9009748117916925, 'lag_25': 0.06446725488344031, 'lag_26': 0.1627474001476746, 'lag_27': 0.3451862780356886, 'lag_28': 0.07583420217105921}. Best is trial 17 with value: 0.0074903198892933755.
[I 2025-09-29 11:58:49,401] Trial 68 finished with value: 0.007533393901978443 and parameters: {'lag_0': 0.17729572764044044, 'lag_1': 0.6336080735584786, 'lag_2': 0.8485180416988931, 'lag_3': 0.9182083778362446, 'lag_4': 0.7558132180435586, 'lag_5': 0.17641158301363535, 'lag_6': 0.1821805542600552, 'lag_7': 0.36205612751398253, 'lag_8': 0.36420703602931037, 'lag_9': 0.5647682491933322, 'lag_10': 0.39844672453710517, 'lag_11': 0.9096506385065142, 'lag_12': 0.7768262586517156, 'lag_13': 0.8335996849685113, 'lag_14': 0.7401383766266318, 'lag_15': 0.10984863240603786, 'lag_16': 0.21418940075939583, 'lag_17': 0.11693103728952264, 'lag_18': 0.3103542095696662, 'lag_19': 0.3768010068676408, 'lag_20': 0.875415464773745, 'lag_21': 0.97681400572279, 'lag_22': 0.750129864207997, 'lag_23': 0.9676154760773364, 'lag_24': 0.39020474730817073, 'lag_25': 0.8447768149361825, 'lag_26': 0.7211971143155842, 'lag_27': 0.29672711637331506, 'lag_28': 0.5629568876555198}. Best is trial 17 with value: 0.0074903198892933755.
[I 2025-09-29 11:58:51,810] Trial 69 finished with value: 0.007576976037591829 and parameters: {'lag_0': 0.250950719988037, 'lag_1': 0.517393975869859, 'lag_2': 0.8774646963309313, 'lag_3': 0.1974534538048246, 'lag_4': 0.31607489294275665, 'lag_5': 0.849616778654705, 'lag_6': 0.2143291725206439, 'lag_7': 0.11250517583569136, 'lag_8': 0.18512521680858338, 'lag_9': 0.821025882714363, 'lag_10': 0.7366571237052728, 'lag_11': 0.3496240161902688, 'lag_12': 0.28473895279569805, 'lag_13': 0.9645511870900183, 'lag_14': 0.6759527250996066, 'lag_15': 0.2932585839897264, 'lag_16': 0.1722697099671782, 'lag_17': 0.1695675788177351, 'lag_18': 0.5077345776278193, 'lag_19': 0.7251822401253539, 'lag_20': 0.9244387477033809, 'lag_21': 0.9301018819542891, 'lag_22': 0.2305676101498148, 'lag_23': 0.03441800149192728, 'lag_24': 0.09734976440630783, 'lag_25': 0.8771714171328703, 'lag_26': 0.5530322371716959, 'lag_27': 0.24141428875642543, 'lag_28': 0.38931837849599304}. Best is trial 17 with value: 0.0074903198892933755.
[I 2025-09-29 11:58:54,231] Trial 70 finished with value: 0.0075206657452248265 and parameters: {'lag_0': 0.5194069222987605, 'lag_1': 0.7992615400276977, 'lag_2': 0.19800252001901475, 'lag_3': 0.006861461276038866, 'lag_4': 0.5669309383240642, 'lag_5': 0.25848456023734384, 'lag_6': 0.8811842957293237, 'lag_7': 0.5719779856660905, 'lag_8': 0.10274804982363217, 'lag_9': 0.4587198714627546, 'lag_10': 0.13603416284977857, 'lag_11': 0.42953779616929766, 'lag_12': 0.6817084548241668, 'lag_13': 0.7705402882181152, 'lag_14': 0.09535970686598477, 'lag_15': 0.8273271608310321, 'lag_16': 0.488230856853258, 'lag_17': 0.9226436352099173, 'lag_18': 0.7240925988694833, 'lag_19': 0.1987339214851408, 'lag_20': 0.08117524495996581, 'lag_21': 0.44411624833124475, 'lag_22': 0.5110496407757735, 'lag_23': 0.1651804647618814, 'lag_24': 0.20375071790819368, 'lag_25': 0.5611159631432916, 'lag_26': 0.6055279228886583, 'lag_27': 0.19262738239390162, 'lag_28': 0.49135136336292884}. Best is trial 17 with value: 0.0074903198892933755.
[I 2025-09-29 11:58:56,653] Trial 71 finished with value: 0.007548086748041122 and parameters: {'lag_0': 0.7106920983980947, 'lag_1': 0.7910972201784889, 'lag_2': 0.12360185527535975, 'lag_3': 0.07617590744700023, 'lag_4': 0.5614290804888095, 'lag_5': 0.2589929971629951, 'lag_6': 0.9100534449968836, 'lag_7': 0.572961136079096, 'lag_8': 0.037430486047060035, 'lag_9': 0.43332235676650166, 'lag_10': 0.14149163751097926, 'lag_11': 0.5124372258200306, 'lag_12': 0.8226981674964208, 'lag_13': 0.7774463279539753, 'lag_14': 0.09224648925604434, 'lag_15': 0.8192734075382376, 'lag_16': 0.4610283706605276, 'lag_17': 0.9572091777056909, 'lag_18': 0.8294455899492121, 'lag_19': 0.08749247587836752, 'lag_20': 0.04417503700209474, 'lag_21': 0.43599445395890757, 'lag_22': 0.5118699893820472, 'lag_23': 0.17321586285467694, 'lag_24': 0.2504963206720445, 'lag_25': 0.5569503077185693, 'lag_26': 0.5986966393898338, 'lag_27': 0.19553690188544948, 'lag_28': 0.48298416965689184}. Best is trial 17 with value: 0.0074903198892933755.
[I 2025-09-29 11:58:59,074] Trial 72 finished with value: 0.007606481301668166 and parameters: {'lag_0': 0.8255897078362482, 'lag_1': 0.5723650342291989, 'lag_2': 0.08655461093833855, 'lag_3': 0.021879004483712362, 'lag_4': 0.4255876298028937, 'lag_5': 0.14187175879131847, 'lag_6': 0.8877328169226567, 'lag_7': 0.6442655729590272, 'lag_8': 0.12802231227827202, 'lag_9': 0.3999332172663829, 'lag_10': 0.06649890100137623, 'lag_11': 0.411222555138238, 'lag_12': 0.8925288457067724, 'lag_13': 0.6967174764335264, 'lag_14': 0.15836866524970067, 'lag_15': 0.8868722760884298, 'lag_16': 0.5124972412999877, 'lag_17': 0.33218459543832063, 'lag_18': 0.9770378206256709, 'lag_19': 0.21723487792986482, 'lag_20': 0.15131494650019167, 'lag_21': 0.4775806680352543, 'lag_22': 0.5585503795948892, 'lag_23': 0.2432785011472574, 'lag_24': 0.036424803981843196, 'lag_25': 0.7855913352777325, 'lag_26': 0.5171942616435244, 'lag_27': 0.1343288792511739, 'lag_28': 0.6268374007327167}. Best is trial 17 with value: 0.0074903198892933755.
[I 2025-09-29 11:59:01,493] Trial 73 finished with value: 0.0075555403281458615 and parameters: {'lag_0': 0.5065210628538906, 'lag_1': 0.1835015750560341, 'lag_2': 0.19488072362520098, 'lag_3': 0.004787975377678277, 'lag_4': 0.4769557367906201, 'lag_5': 0.3713161525526252, 'lag_6': 0.37578418415799125, 'lag_7': 0.7870319383828314, 'lag_8': 0.10764800593025584, 'lag_9': 0.48012854626258156, 'lag_10': 0.11046615055716195, 'lag_11': 0.13268194238420797, 'lag_12': 0.7373460143124255, 'lag_13': 0.756097332062282, 'lag_14': 0.06436117273952621, 'lag_15': 0.9473625916364767, 'lag_16': 0.7951752879211523, 'lag_17': 0.891533766973773, 'lag_18': 0.6841286891326308, 'lag_19': 0.18361310549472978, 'lag_20': 0.09036495601462674, 'lag_21': 0.4067109930577445, 'lag_22': 0.9180496997414029, 'lag_23': 0.20799691979987736, 'lag_24': 0.3231210342379363, 'lag_25': 0.7384048297865038, 'lag_26': 0.6627097672147156, 'lag_27': 0.28070526851999117, 'lag_28': 0.501941752690553}. Best is trial 17 with value: 0.0074903198892933755.
[I 2025-09-29 11:59:03,909] Trial 74 finished with value: 0.0075139178186807275 and parameters: {'lag_0': 0.03294527242165957, 'lag_1': 0.46775484556527436, 'lag_2': 0.0241061269008363, 'lag_3': 0.123385070594164, 'lag_4': 0.6868566638187279, 'lag_5': 0.21160617810600868, 'lag_6': 0.960034063052148, 'lag_7': 0.48647631089014437, 'lag_8': 0.056885828490064995, 'lag_9': 0.7543027057930533, 'lag_10': 0.17194174862769365, 'lag_11': 0.25502774091796665, 'lag_12': 0.6836033879588463, 'lag_13': 0.10840196273451527, 'lag_14': 0.28402305581435383, 'lag_15': 0.7290240513804147, 'lag_16': 0.9759610261722227, 'lag_17': 0.7885625223742323, 'lag_18': 0.8788014794434211, 'lag_19': 0.3119307795947311, 'lag_20': 0.01896013328065016, 'lag_21': 0.24816842744962947, 'lag_22': 0.34192215961078115, 'lag_23': 0.2927631873280352, 'lag_24': 0.35462614175968793, 'lag_25': 0.545038543249543, 'lag_26': 0.03446042453675893, 'lag_27': 0.22267289267887003, 'lag_28': 0.4514205755616313}. Best is trial 17 with value: 0.0074903198892933755.
[I 2025-09-29 11:59:06,332] Trial 75 finished with value: 0.007503877585010301 and parameters: {'lag_0': 0.02603562953475167, 'lag_1': 0.4416678960058203, 'lag_2': 0.05440693280398062, 'lag_3': 0.14120521064836422, 'lag_4': 0.7742426804650837, 'lag_5': 0.21050789354863125, 'lag_6': 0.9422247952936846, 'lag_7': 0.7091130929949232, 'lag_8': 0.06098914608867448, 'lag_9': 0.7467129796098657, 'lag_10': 0.24594873559732372, 'lag_11': 0.22182149062553458, 'lag_12': 0.5675288775329526, 'lag_13': 0.07195041425549631, 'lag_14': 0.20313015962811928, 'lag_15': 0.7326592240685701, 'lag_16': 0.9932629210280214, 'lag_17': 0.7555914374836877, 'lag_18': 0.888430620745743, 'lag_19': 0.3181191797999896, 'lag_20': 0.8402096152067599, 'lag_21': 0.803418727219867, 'lag_22': 0.349718296800775, 'lag_23': 0.3935817783211514, 'lag_24': 0.4066955562850225, 'lag_25': 0.913784283164352, 'lag_26': 0.040687349730400946, 'lag_27': 0.2296294226776211, 'lag_28': 0.3403289887634312}. Best is trial 17 with value: 0.0074903198892933755.
[I 2025-09-29 11:59:08,751] Trial 76 finished with value: 0.007640887422521716 and parameters: {'lag_0': 0.14271574505714663, 'lag_1': 0.3797785850895549, 'lag_2': 0.015098449820151238, 'lag_3': 0.13104051086181057, 'lag_4': 0.7081635174427166, 'lag_5': 0.2888559570786036, 'lag_6': 0.9673450455077308, 'lag_7': 0.7064352395471009, 'lag_8': 0.03963649217083507, 'lag_9': 0.7446807856420863, 'lag_10': 0.18850677008731215, 'lag_11': 0.24312795685045904, 'lag_12': 0.585112646960888, 'lag_13': 0.0797827739441772, 'lag_14': 0.2564161914947152, 'lag_15': 0.7267311613387981, 'lag_16': 0.9746927112499715, 'lag_17': 0.776541013399999, 'lag_18': 0.8977005914780822, 'lag_19': 0.34346533651987066, 'lag_20': 0.2582342007845106, 'lag_21': 0.1857946296834334, 'lag_22': 0.34886883926830753, 'lag_23': 0.3774134418541987, 'lag_24': 0.35742206398002174, 'lag_25': 0.9074327585979158, 'lag_26': 0.026538780267279904, 'lag_27': 0.43144865359212947, 'lag_28': 0.44467163960387773}. Best is trial 17 with value: 0.0074903198892933755.
[I 2025-09-29 11:59:11,176] Trial 77 finished with value: 0.007566046845265096 and parameters: {'lag_0': 0.02486654781662484, 'lag_1': 0.4782214155869498, 'lag_2': 0.0635825528352649, 'lag_3': 0.09877870103492281, 'lag_4': 0.657369070504799, 'lag_5': 0.20184376441050325, 'lag_6': 0.9336763916126608, 'lag_7': 0.44241616969246855, 'lag_8': 0.049055437096408826, 'lag_9': 0.7131500091709084, 'lag_10': 0.2832749716056843, 'lag_11': 0.17733799291411312, 'lag_12': 0.5508357228729175, 'lag_13': 0.12845040988542256, 'lag_14': 0.27155944878790644, 'lag_15': 0.7294751412124942, 'lag_16': 0.989430655025973, 'lag_17': 0.8201309317575155, 'lag_18': 0.8199571570004971, 'lag_19': 0.26360125033298387, 'lag_20': 0.5988919728347317, 'lag_21': 0.23356914642519794, 'lag_22': 0.3021454039017303, 'lag_23': 0.29493382330121054, 'lag_24': 0.44016655837012997, 'lag_25': 0.9505208475555119, 'lag_26': 0.06200736322802671, 'lag_27': 0.3071159424803102, 'lag_28': 0.35090781751680883}. Best is trial 17 with value: 0.0074903198892933755.
[I 2025-09-29 11:59:13,600] Trial 78 finished with value: 0.007563039864932344 and parameters: {'lag_0': 0.06430106771838544, 'lag_1': 0.42004340558358166, 'lag_2': 0.0014818830502950665, 'lag_3': 0.06156139242196416, 'lag_4': 0.7956647251910199, 'lag_5': 0.10703292602570627, 'lag_6': 0.8195930185235073, 'lag_7': 0.7491882354593531, 'lag_8': 0.001162791071540492, 'lag_9': 0.7669523870224323, 'lag_10': 0.24150208875641133, 'lag_11': 0.0532573576819467, 'lag_12': 0.6311201244082473, 'lag_13': 0.04337705339969815, 'lag_14': 0.2942454945976116, 'lag_15': 0.6883388710262072, 'lag_16': 0.9225172513829418, 'lag_17': 0.7754046577496424, 'lag_18': 0.9037192664954867, 'lag_19': 0.31482620414163814, 'lag_20': 0.7758225555551221, 'lag_21': 0.8008181874360135, 'lag_22': 0.40149684375055317, 'lag_23': 0.32353479163430104, 'lag_24': 0.4128520316939021, 'lag_25': 0.8657490599424622, 'lag_26': 0.10619193903540103, 'lag_27': 0.5952062787298406, 'lag_28': 0.2885232153393021}. Best is trial 17 with value: 0.0074903198892933755.
[I 2025-09-29 11:59:16,021] Trial 79 finished with value: 0.007527037001248888 and parameters: {'lag_0': 0.09033885960198418, 'lag_1': 0.3026933677038228, 'lag_2': 0.1448161023307456, 'lag_3': 0.18651732561396328, 'lag_4': 0.8154083799016669, 'lag_5': 0.22432422779417316, 'lag_6': 0.974643192531974, 'lag_7': 0.8176925450691503, 'lag_8': 0.15347677027184536, 'lag_9': 0.6824828261504194, 'lag_10': 0.3556039247015307, 'lag_11': 0.2812534558164728, 'lag_12': 0.6788822588570324, 'lag_13': 0.0989764760839241, 'lag_14': 0.18600128911554406, 'lag_15': 0.7906114500820879, 'lag_16': 0.8402835478417789, 'lag_17': 0.8612350071998887, 'lag_18': 0.24059615577860324, 'lag_19': 0.6326726205043973, 'lag_20': 0.9990310680548975, 'lag_21': 0.8538194570208503, 'lag_22': 0.3403181440031674, 'lag_23': 0.3856502169651865, 'lag_24': 0.3564530491983451, 'lag_25': 0.9696005425189561, 'lag_26': 0.028282867179938106, 'lag_27': 0.3761443754107733, 'lag_28': 0.4091399402889814}. Best is trial 17 with value: 0.0074903198892933755.
[I 2025-09-29 11:59:18,435] Trial 80 finished with value: 0.007561072779712764 and parameters: {'lag_0': 0.02780002935790786, 'lag_1': 0.4459301782913911, 'lag_2': 0.048980921737409186, 'lag_3': 0.21692424617023692, 'lag_4': 0.856626807723323, 'lag_5': 0.13281924161063918, 'lag_6': 0.437308976693405, 'lag_7': 0.8736215069341163, 'lag_8': 0.06963341267943154, 'lag_9': 0.831641527585769, 'lag_10': 0.1762335806076038, 'lag_11': 0.22181603829080074, 'lag_12': 0.8464930238121324, 'lag_13': 0.17280588898068175, 'lag_14': 0.20931462698561387, 'lag_15': 0.6255032296419729, 'lag_16': 0.8665047401899719, 'lag_17': 0.7202773248373469, 'lag_18': 0.38418307107366734, 'lag_19': 0.43594811015615426, 'lag_20': 0.3696292721655474, 'lag_21': 0.09313407211762309, 'lag_22': 0.47058386598648705, 'lag_23': 0.4502059704163272, 'lag_24': 0.4771251345934677, 'lag_25': 0.512918015023722, 'lag_26': 0.059588192014078264, 'lag_27': 0.8706277982119615, 'lag_28': 0.3230382225821302}. Best is trial 17 with value: 0.0074903198892933755.
[I 2025-09-29 11:59:20,845] Trial 81 finished with value: 0.0075232789882242026 and parameters: {'lag_0': 0.028704965583627787, 'lag_1': 0.9146202263448392, 'lag_2': 0.11050927983395914, 'lag_3': 0.15308083954684942, 'lag_4': 0.767013067191566, 'lag_5': 0.16761618599344844, 'lag_6': 0.9152741142279524, 'lag_7': 0.712071817012885, 'lag_8': 0.2368453027906446, 'lag_9': 0.8983141480756032, 'lag_10': 0.9589553703042376, 'lag_11': 0.13359938312411668, 'lag_12': 0.3539699797765028, 'lag_13': 0.00551762825546151, 'lag_14': 0.41424625748068444, 'lag_15': 0.5872956316297017, 'lag_16': 0.9617092459587168, 'lag_17': 0.846776634965024, 'lag_18': 0.9909881714315948, 'lag_19': 0.3664055913171183, 'lag_20': 0.8322770112927939, 'lag_21': 0.6172730523492739, 'lag_22': 0.24055087702601397, 'lag_23': 0.35444017191573296, 'lag_24': 0.3075079064710459, 'lag_25': 0.9117644709052621, 'lag_26': 0.17500615019337548, 'lag_27': 0.22916810119670447, 'lag_28': 0.247261408534446}. Best is trial 17 with value: 0.0074903198892933755.
[I 2025-09-29 11:59:23,261] Trial 82 finished with value: 0.007493905141513992 and parameters: {'lag_0': 0.09907712122968104, 'lag_1': 0.49069741296414104, 'lag_2': 0.021336527628163723, 'lag_3': 0.2712651886512341, 'lag_4': 0.7191302618885693, 'lag_5': 0.047090172823159526, 'lag_6': 0.9498538699709974, 'lag_7': 0.06484350996976103, 'lag_8': 0.6770008946373571, 'lag_9': 0.004402179626043945, 'lag_10': 0.2552257377515383, 'lag_11': 0.11242853502469563, 'lag_12': 0.49867730359697554, 'lag_13': 0.11421843425210124, 'lag_14': 0.14570183691106411, 'lag_15': 0.6703808377597458, 'lag_16': 0.3190936285508067, 'lag_17': 0.7451907272904802, 'lag_18': 0.930043670145522, 'lag_19': 0.40696684618418477, 'lag_20': 0.8460263924546104, 'lag_21': 0.14372019296857708, 'lag_22': 0.15876549669111373, 'lag_23': 0.11370225946923651, 'lag_24': 0.5320438662312217, 'lag_25': 0.8255566748584957, 'lag_26': 0.12507368758829626, 'lag_27': 0.2683815813181586, 'lag_28': 0.3712272327467807}. Best is trial 17 with value: 0.0074903198892933755.
[I 2025-09-29 11:59:25,682] Trial 83 finished with value: 0.00751325627156413 and parameters: {'lag_0': 0.10570826702933792, 'lag_1': 0.49985719427848796, 'lag_2': 0.044336381508997685, 'lag_3': 0.2603238186024228, 'lag_4': 0.6899985128843122, 'lag_5': 0.05020236064605709, 'lag_6': 0.9549200589358922, 'lag_7': 0.02870551974779636, 'lag_8': 0.6695332106863339, 'lag_9': 0.61117223787773, 'lag_10': 0.26409380027770246, 'lag_11': 0.08117651056139072, 'lag_12': 0.767122491048431, 'lag_13': 0.21307512044783075, 'lag_14': 0.14732843383721964, 'lag_15': 0.6538103160284721, 'lag_16': 0.9170309670116383, 'lag_17': 0.66258287089658, 'lag_18': 0.95927001856055, 'lag_19': 0.30204725772752633, 'lag_20': 0.012730131327244827, 'lag_21': 0.7539368635917314, 'lag_22': 0.30044489918854467, 'lag_23': 0.11253850611722602, 'lag_24': 0.537057853030248, 'lag_25': 0.8067977432696581, 'lag_26': 0.08571248058457714, 'lag_27': 0.3328354050698847, 'lag_28': 0.3696501872699017}. Best is trial 17 with value: 0.0074903198892933755.
[I 2025-09-29 11:59:28,272] Trial 84 finished with value: 0.007597205753207612 and parameters: {'lag_0': 0.22552811093285208, 'lag_1': 0.4923624364854123, 'lag_2': 0.041054686662299354, 'lag_3': 0.2816983003546633, 'lag_4': 0.7186975124995583, 'lag_5': 0.041883955003623644, 'lag_6': 0.8561210646593684, 'lag_7': 0.040173212276953585, 'lag_8': 0.6888397871462397, 'lag_9': 0.649444467361167, 'lag_10': 0.3096143096314036, 'lag_11': 0.021150070729600068, 'lag_12': 0.7723041795456526, 'lag_13': 0.21206494029022793, 'lag_14': 0.14429418453578, 'lag_15': 0.7396007470264687, 'lag_16': 0.9177595159685197, 'lag_17': 0.6851755415423275, 'lag_18': 0.9441030896032484, 'lag_19': 0.32513971254463436, 'lag_20': 0.03367393017316357, 'lag_21': 0.13998645516103903, 'lag_22': 0.2993843655090646, 'lag_23': 0.11135343190024956, 'lag_24': 0.5153761644035004, 'lag_25': 0.8220708801666837, 'lag_26': 0.14118498045204053, 'lag_27': 0.17588358860039838, 'lag_28': 0.3650557112875843}. Best is trial 17 with value: 0.0074903198892933755.
[I 2025-09-29 11:59:30,699] Trial 85 finished with value: 0.007542299942487306 and parameters: {'lag_0': 0.09417362828540832, 'lag_1': 0.40221372816680256, 'lag_2': 0.08881077920889822, 'lag_3': 0.3667630158463119, 'lag_4': 0.6861073695618469, 'lag_5': 0.0049526401456828, 'lag_6': 0.9875218826113648, 'lag_7': 0.029539487806274207, 'lag_8': 0.7235259378270928, 'lag_9': 0.03218509376529932, 'lag_10': 0.26617461630897093, 'lag_11': 0.09838911494126568, 'lag_12': 0.7420281266607716, 'lag_13': 0.10780614801501777, 'lag_14': 0.04512754396632602, 'lag_15': 0.7896897689688925, 'lag_16': 0.9968992387215154, 'lag_17': 0.7403454222034259, 'lag_18': 0.9365834960145527, 'lag_19': 0.28332347645307254, 'lag_20': 0.14553018180017663, 'lag_21': 0.6997760536728821, 'lag_22': 0.4341768426437093, 'lag_23': 0.08946674812515865, 'lag_24': 0.5383850380403911, 'lag_25': 0.7893929989635652, 'lag_26': 0.0006200026138966086, 'lag_27': 0.32469541989460726, 'lag_28': 0.4612558684044317}. Best is trial 17 with value: 0.0074903198892933755.
[I 2025-09-29 11:59:33,132] Trial 86 finished with value: 0.007520500522434896 and parameters: {'lag_0': 0.11548287858962855, 'lag_1': 0.5725608156292523, 'lag_2': 0.1716244497859883, 'lag_3': 0.23451772330488455, 'lag_4': 0.6235926713250282, 'lag_5': 0.4502781989401802, 'lag_6': 0.9494176991950767, 'lag_7': 0.07490375725124765, 'lag_8': 0.7717796244139017, 'lag_9': 0.6124353942843376, 'lag_10': 0.21243574202423524, 'lag_11': 0.12476509151783145, 'lag_12': 0.7097601825129782, 'lag_13': 0.05483623164505301, 'lag_14': 0.2135570456868008, 'lag_15': 0.5653784516076523, 'lag_16': 0.936227703490111, 'lag_17': 0.7959815684637545, 'lag_18': 0.790448423743465, 'lag_19': 0.23930008294536126, 'lag_20': 0.008591640702389259, 'lag_21': 0.7580282316623929, 'lag_22': 0.14996893509492126, 'lag_23': 0.034249556742114495, 'lag_24': 0.411171874097255, 'lag_25': 0.7393181702487979, 'lag_26': 0.08571197797109194, 'lag_27': 0.27056051639160933, 'lag_28': 0.38671964606526255}. Best is trial 17 with value: 0.0074903198892933755.
