[I 2025-09-29 13:25:59,388] Trial 88 finished with value: 0.005526574746739811 and parameters: {'lag_0': 0.34050580385661106, 'lag_1': 0.47808552260884096, 'lag_2': 0.611274353309556, 'lag_3': 0.09614121141286448, 'lag_4': 0.4061279307312615, 'lag_5': 0.31077384449201517, 'lag_6': 0.056979182687242405, 'lag_7': 0.6699233576412843, 'lag_8': 0.20789845297433104, 'lag_9': 0.24149541355925144, 'lag_10': 0.42868777083278, 'lag_11': 0.6703425327340518, 'lag_12': 0.34229751571131706, 'lag_13': 0.07704327442611215, 'lag_14': 0.3128390544270273, 'lag_15': 0.059568147405089734, 'lag_16': 0.9003255410898429, 'lag_17': 0.4308420134880513, 'lag_18': 0.16857828842692077, 'lag_19': 0.08205675337356055, 'lag_20': 0.25288577843651683, 'lag_21': 0.5100894089066429, 'lag_22': 0.6338945980895949, 'lag_23': 0.4667350314319909, 'lag_24': 0.5441167086797253, 'lag_25': 0.24559846750540915, 'lag_26': 0.14807901044353547, 'lag_27': 0.9613034004845036, 'lag_28': 0.8095987720185498}. Best is trial 3 with value: 0.003896264794124915.
[I 2025-09-29 13:26:01,914] Trial 89 finished with value: 0.004806196710511417 and parameters: {'lag_0': 0.9340309310952843, 'lag_1': 0.6406049744995395, 'lag_2': 0.3987297564806229, 'lag_3': 0.19306499701630922, 'lag_4': 0.7417896791864269, 'lag_5': 0.36087526991803714, 'lag_6': 0.4032474012225573, 'lag_7': 0.5934981579544569, 'lag_8': 0.15786389036236312, 'lag_9': 0.29767165228172565, 'lag_10': 0.5285138552983921, 'lag_11': 0.6376669825413879, 'lag_12': 0.19498679062637136, 'lag_13': 0.07611391612320513, 'lag_14': 0.48229234123628184, 'lag_15': 0.149052108473689, 'lag_16': 0.7948758719770803, 'lag_17': 0.08646836477538036, 'lag_18': 0.3129264106407863, 'lag_19': 0.026385129659207238, 'lag_20': 0.6399615166115082, 'lag_21': 0.3861603238324032, 'lag_22': 0.5190981996851619, 'lag_23': 0.7951949787067403, 'lag_24': 0.06317898313756432, 'lag_25': 0.6112394952578655, 'lag_26': 0.7880684082746956, 'lag_27': 0.7380125669538613, 'lag_28': 0.6903964810939922}. Best is trial 3 with value: 0.003896264794124915.
[I 2025-09-29 13:26:04,454] Trial 90 finished with value: 0.006594859551090099 and parameters: {'lag_0': 0.8933946106757469, 'lag_1': 0.6429591377151547, 'lag_2': 0.4619607227251649, 'lag_3': 0.1836361877257274, 'lag_4': 0.7469825115757146, 'lag_5': 0.34954874983409745, 'lag_6': 0.5246233594295505, 'lag_7': 0.8110201070306827, 'lag_8': 0.052961008957918956, 'lag_9': 0.3509586904412941, 'lag_10': 0.5332752713141533, 'lag_11': 0.8270627319718988, 'lag_12': 0.19416138799073462, 'lag_13': 0.2092681054514186, 'lag_14': 0.48071887095630084, 'lag_15': 0.21408900882121137, 'lag_16': 0.5961078054851323, 'lag_17': 0.06352620220688603, 'lag_18': 0.26222661186309315, 'lag_19': 0.018837906927806528, 'lag_20': 0.7232203384626715, 'lag_21': 0.38230124667976056, 'lag_22': 0.5156232384100735, 'lag_23': 0.8092873725609094, 'lag_24': 0.08409194520912566, 'lag_25': 0.6081222216809996, 'lag_26': 0.9893847871759764, 'lag_27': 0.7287213258091232, 'lag_28': 0.55868603960204}. Best is trial 3 with value: 0.003896264794124915.
[I 2025-09-29 13:26:06,990] Trial 91 finished with value: 0.007052741010366704 and parameters: {'lag_0': 0.9315639490190691, 'lag_1': 0.5638476327572594, 'lag_2': 0.3869634956884591, 'lag_3': 0.22112910111266887, 'lag_4': 0.6228680404936272, 'lag_5': 0.3903897395669112, 'lag_6': 0.4016175377812784, 'lag_7': 0.6028251518235965, 'lag_8': 0.16444580695613079, 'lag_9': 0.2955789156525178, 'lag_10': 0.4598609772637984, 'lag_11': 0.6366264687178277, 'lag_12': 0.556349877847838, 'lag_13': 0.07901212398269361, 'lag_14': 0.3955563065862186, 'lag_15': 0.14132971827863539, 'lag_16': 0.8037710882410198, 'lag_17': 0.191399013625625, 'lag_18': 0.31202094743030584, 'lag_19': 0.16514360760123098, 'lag_20': 0.6721513247099062, 'lag_21': 0.3959641425157679, 'lag_22': 0.54638441059392, 'lag_23': 0.7301212241374687, 'lag_24': 0.1292477518204171, 'lag_25': 0.5740859742292765, 'lag_26': 0.7994278011850029, 'lag_27': 0.5900421792925283, 'lag_28': 0.7435694018915888}. Best is trial 3 with value: 0.003896264794124915.
[I 2025-09-29 13:26:09,522] Trial 92 finished with value: 0.005250926988752444 and parameters: {'lag_0': 0.9963416594851551, 'lag_1': 0.6208293707130559, 'lag_2': 0.41650948932141374, 'lag_3': 0.25822635405901007, 'lag_4': 0.7023697630657132, 'lag_5': 0.32038690074358883, 'lag_6': 0.4217331954065442, 'lag_7': 0.5674075011946231, 'lag_8': 0.11849882497943882, 'lag_9': 0.26973860961912577, 'lag_10': 0.5892131431744615, 'lag_11': 0.46555640838405277, 'lag_12': 0.15403390025873176, 'lag_13': 0.0462063374055281, 'lag_14': 0.4807779495820675, 'lag_15': 0.0886254738716847, 'lag_16': 0.7072234632894183, 'lag_17': 0.12067594014674299, 'lag_18': 0.2292834831161281, 'lag_19': 0.0406439925535764, 'lag_20': 0.605443271653558, 'lag_21': 0.30722645148511907, 'lag_22': 0.6101631374300911, 'lag_23': 0.7073537202965279, 'lag_24': 0.05097113855219679, 'lag_25': 0.6665536634106143, 'lag_26': 0.03199737156498479, 'lag_27': 0.551654287710022, 'lag_28': 0.6957275944891494}. Best is trial 3 with value: 0.003896264794124915.
[I 2025-09-29 13:26:12,053] Trial 93 finished with value: 0.006776568944677165 and parameters: {'lag_0': 0.9645972667934186, 'lag_1': 0.583795490561604, 'lag_2': 0.5833423624844275, 'lag_3': 0.2869687803922537, 'lag_4': 0.3241601587232352, 'lag_5': 0.47307066895394967, 'lag_6': 0.4615362908639442, 'lag_7': 0.5347978697790796, 'lag_8': 0.08260820630701851, 'lag_9': 0.21101296337717332, 'lag_10': 0.41382558205400294, 'lag_11': 0.6093185294110276, 'lag_12': 0.26558848279991093, 'lag_13': 0.14782311472000295, 'lag_14': 0.26001704810934567, 'lag_15': 0.18214110527562816, 'lag_16': 0.8442185952272985, 'lag_17': 0.22707929505815616, 'lag_18': 0.34134004785626165, 'lag_19': 0.07183245201704731, 'lag_20': 0.5885663881448, 'lag_21': 0.42756935641392824, 'lag_22': 0.5762173565936843, 'lag_23': 0.7556115123029634, 'lag_24': 0.0497995892046686, 'lag_25': 0.5076927749437831, 'lag_26': 0.7553103175760552, 'lag_27': 0.8574414602843073, 'lag_28': 0.7558660309534959}. Best is trial 3 with value: 0.003896264794124915.
[I 2025-09-29 13:26:14,592] Trial 94 finished with value: 0.005241746345572816 and parameters: {'lag_0': 0.5754545155871926, 'lag_1': 0.6442101570356747, 'lag_2': 0.49553702249999526, 'lag_3': 0.13640073151365562, 'lag_4': 0.7903592620566264, 'lag_5': 0.3729051088691726, 'lag_6': 0.0880958955128302, 'lag_7': 0.6382441915028846, 'lag_8': 0.14424318748263032, 'lag_9': 0.3192835567611009, 'lag_10': 0.3744404284325388, 'lag_11': 0.5756191903326516, 'lag_12': 0.45654037788521684, 'lag_13': 0.1266587299174321, 'lag_14': 0.3738666070280304, 'lag_15': 0.024112101486927245, 'lag_16': 0.7986575525742764, 'lag_17': 0.46796862865854405, 'lag_18': 0.43790743984324676, 'lag_19': 0.08811964974273534, 'lag_20': 0.7691173623678729, 'lag_21': 0.3525113398704838, 'lag_22': 0.41110489323465377, 'lag_23': 0.7152364808965073, 'lag_24': 0.20693977432820015, 'lag_25': 0.6912406900258211, 'lag_26': 0.24670563451299451, 'lag_27': 0.8003428939177939, 'lag_28': 0.6354182471597298}. Best is trial 3 with value: 0.003896264794124915.
[I 2025-09-29 13:26:17,312] Trial 95 finished with value: 0.006470999318581536 and parameters: {'lag_0': 0.36725264647498446, 'lag_1': 0.03563460818374044, 'lag_2': 0.3492268837342029, 'lag_3': 0.6226027420763421, 'lag_4': 0.652590473346723, 'lag_5': 0.4085529817158853, 'lag_6': 0.3871382884712099, 'lag_7': 0.5911271840841839, 'lag_8': 0.22472806203195494, 'lag_9': 0.5204222511766163, 'lag_10': 0.4825718757501299, 'lag_11': 0.6486499261296139, 'lag_12': 0.2098494448922034, 'lag_13': 0.06947053650982776, 'lag_14': 0.41595953961170273, 'lag_15': 0.1463541148312455, 'lag_16': 0.7555497699642617, 'lag_17': 0.03832321789882087, 'lag_18': 0.19587496483989467, 'lag_19': 0.7697502969291662, 'lag_20': 0.45995402388581075, 'lag_21': 0.46560377380626994, 'lag_22': 0.6446775232773546, 'lag_23': 0.7984859262323166, 'lag_24': 0.029557001740265855, 'lag_25': 0.638356484014667, 'lag_26': 0.8856892945461884, 'lag_27': 0.6887114072475571, 'lag_28': 0.6690284666155909}. Best is trial 3 with value: 0.003896264794124915.
[I 2025-09-29 13:26:19,847] Trial 96 finished with value: 0.004857199717999349 and parameters: {'lag_0': 0.9337433368482881, 'lag_1': 0.5156681183234989, 'lag_2': 0.32849365506201134, 'lag_3': 0.052031285464590585, 'lag_4': 0.026223123286761556, 'lag_5': 0.854446687238066, 'lag_6': 0.018477912398040246, 'lag_7': 0.7557571338717398, 'lag_8': 0.6365490149261862, 'lag_9': 0.4402813473402342, 'lag_10': 0.5079541823181194, 'lag_11': 0.539478406460627, 'lag_12': 0.12212204190607219, 'lag_13': 0.6239441359959523, 'lag_14': 0.5204030597425654, 'lag_15': 0.8187031524964936, 'lag_16': 0.27222207707820695, 'lag_17': 0.2850177598670791, 'lag_18': 0.3760539361232391, 'lag_19': 0.1810177353290352, 'lag_20': 0.5197072561646779, 'lag_21': 0.44960909694574847, 'lag_22': 0.6820278189591679, 'lag_23': 0.8411144541262721, 'lag_24': 0.175935066665118, 'lag_25': 0.5479640292494614, 'lag_26': 0.39175463580964626, 'lag_27': 0.6445384822899034, 'lag_28': 0.8401307433929333}. Best is trial 3 with value: 0.003896264794124915.
[I 2025-09-29 13:26:22,387] Trial 97 finished with value: 0.005315762891789112 and parameters: {'lag_0': 0.9308318900764547, 'lag_1': 0.5400758131280655, 'lag_2': 0.29821097055238316, 'lag_3': 1.173205194784921e-06, 'lag_4': 0.002582774582153546, 'lag_5': 0.9558323754992932, 'lag_6': 0.03603001190680635, 'lag_7': 0.7338280195469388, 'lag_8': 0.4817858604465801, 'lag_9': 0.43752580232187727, 'lag_10': 0.036042094616705905, 'lag_11': 0.5099282319036255, 'lag_12': 0.11482239326276227, 'lag_13': 0.6288608860347067, 'lag_14': 0.5839912247945456, 'lag_15': 0.8164223386372843, 'lag_16': 0.20104837254640884, 'lag_17': 0.2652821848462703, 'lag_18': 0.4025333052943994, 'lag_19': 0.19041800875542775, 'lag_20': 0.6466740666985793, 'lag_21': 0.28093613478773033, 'lag_22': 0.6867402921193055, 'lag_23': 0.8424539392033826, 'lag_24': 0.29264334217697463, 'lag_25': 0.5521849760320409, 'lag_26': 0.39084106813962827, 'lag_27': 0.6323150223775439, 'lag_28': 0.9409425989480786}. Best is trial 3 with value: 0.003896264794124915.
[I 2025-09-29 13:26:24,914] Trial 98 finished with value: 0.006577013591442474 and parameters: {'lag_0': 0.8549817744317108, 'lag_1': 0.5075911276451888, 'lag_2': 0.23696388379527514, 'lag_3': 0.06667172692329071, 'lag_4': 0.03172721435464357, 'lag_5': 0.7663499022425561, 'lag_6': 0.014846237485903156, 'lag_7': 0.7504521489651418, 'lag_8': 0.6255326152921207, 'lag_9': 0.4579216217487427, 'lag_10': 0.5098245058941806, 'lag_11': 0.5619342291852881, 'lag_12': 0.05917860024667965, 'lag_13': 0.6553835806897617, 'lag_14': 0.6328338179040768, 'lag_15': 0.9187859278691058, 'lag_16': 0.1292713847477108, 'lag_17': 0.0026008641275954703, 'lag_18': 0.376626984376724, 'lag_19': 0.24131577304660384, 'lag_20': 0.5070455600937439, 'lag_21': 0.545657638720065, 'lag_22': 0.03803836547837281, 'lag_23': 0.8921546894099291, 'lag_24': 0.109775245238383, 'lag_25': 0.6133645754540101, 'lag_26': 0.31331660336351475, 'lag_27': 0.7536474788087792, 'lag_28': 0.8552098487071778}. Best is trial 3 with value: 0.003896264794124915.
[I 2025-09-29 13:26:27,452] Trial 99 finished with value: 0.0070021440232281296 and parameters: {'lag_0': 0.8298604107881172, 'lag_1': 0.4526784315171726, 'lag_2': 0.32839207111346924, 'lag_3': 0.04527508522121887, 'lag_4': 0.07323427543029216, 'lag_5': 0.9321241642867116, 'lag_6': 0.0668427648668099, 'lag_7': 0.7701243231355763, 'lag_8': 0.5589723036990045, 'lag_9': 0.4012084918934418, 'lag_10': 0.6138076972655895, 'lag_11': 0.6903139146021888, 'lag_12': 0.17699730401650615, 'lag_13': 0.6009403550832437, 'lag_14': 0.16171035661946936, 'lag_15': 0.7581893965210158, 'lag_16': 0.6318790383098957, 'lag_17': 0.9733514117258896, 'lag_18': 0.47446025323062135, 'lag_19': 0.8594175056915228, 'lag_20': 0.6343727181125509, 'lag_21': 0.48950508859717623, 'lag_22': 0.8162813426833976, 'lag_23': 0.9554544307461481, 'lag_24': 0.19496523125776652, 'lag_25': 0.5278854161191431, 'lag_26': 0.6609885910468902, 'lag_27': 0.6788852855927805, 'lag_28': 0.6121696792159941}. Best is trial 3 with value: 0.003896264794124915.
2025-09-29 13:26:29,815 - distributed.worker - INFO - Stopping worker at tcp://192.168.86.108:45274. Reason: scheduler-remove-worker
2025-09-29 13:26:29,818 - distributed.nanny - INFO - Closing Nanny gracefully at 'tcp://192.168.86.108:33385'. Reason: scheduler-remove-worker
2025-09-29 13:26:29,823 - distributed.nanny - INFO - Worker closed
2025-09-29 13:26:29,823 - distributed.core - INFO - Connection to tcp://192.168.86.101:42031 has been closed.
slurmstepd: error: *** JOB 3081230 ON node08 CANCELLED AT 2025-09-29T13:26:29 ***
