[I 2025-09-29 13:09:10,008] Trial 61 finished with value: 0.005271695671589692 and parameters: {'lag_0': 0.740844720876705, 'lag_1': 0.4105134973565083, 'lag_2': 0.9570174846229446, 'lag_3': 0.47521808058979914, 'lag_4': 0.11545785673444958, 'lag_5': 0.5275991926224469, 'lag_6': 0.5469953303696831, 'lag_7': 0.6234110904529537, 'lag_8': 0.2207018006141128, 'lag_9': 0.4203347871440508, 'lag_10': 0.8177022175947338, 'lag_11': 0.8934512717656743, 'lag_12': 0.08529477092286085, 'lag_13': 0.2043591316868254, 'lag_14': 0.7451416429735528, 'lag_15': 0.43466131339494474, 'lag_16': 0.15543823644534813, 'lag_17': 0.701568313081387, 'lag_18': 0.10166133908127052, 'lag_19': 0.9626630198704437, 'lag_20': 0.7663999740058888, 'lag_21': 0.42170414700250913, 'lag_22': 0.7934078773286383, 'lag_23': 0.22798974965997043, 'lag_24': 0.5693401812339146, 'lag_25': 0.853743105932959, 'lag_26': 0.535312598381914, 'lag_27': 0.0389939604701322, 'lag_28': 0.044523697164038624}. Best is trial 28 with value: 0.0032896686685785644.
[I 2025-09-29 13:09:12,525] Trial 62 finished with value: 0.005159813322104048 and parameters: {'lag_0': 0.7897826326943856, 'lag_1': 0.35600041306081953, 'lag_2': 0.6810180474780955, 'lag_3': 0.42477294977516916, 'lag_4': 0.16769756417687756, 'lag_5': 0.4723507661782305, 'lag_6': 0.48012717002561045, 'lag_7': 0.6455175451345178, 'lag_8': 0.29495510608596387, 'lag_9': 0.5288577123585092, 'lag_10': 0.6812673607355665, 'lag_11': 0.9578836050205541, 'lag_12': 0.1383591992631492, 'lag_13': 0.31372103688854336, 'lag_14': 0.8679322014204268, 'lag_15': 0.4825682951812847, 'lag_16': 0.10366537576879344, 'lag_17': 0.7860764076965963, 'lag_18': 0.03091792436162895, 'lag_19': 0.8008945880981396, 'lag_20': 0.7095846467034113, 'lag_21': 0.8445720596920253, 'lag_22': 0.8351579570531903, 'lag_23': 0.29960045291605863, 'lag_24': 0.5658866092520832, 'lag_25': 0.9015929050959759, 'lag_26': 0.4106048060080304, 'lag_27': 0.10867768991626908, 'lag_28': 0.13796676044335204}. Best is trial 28 with value: 0.0032896686685785644.
[I 2025-09-29 13:09:15,037] Trial 63 finished with value: 0.0060181931313444915 and parameters: {'lag_0': 0.897480446697321, 'lag_1': 0.598361558833995, 'lag_2': 0.9979272853969072, 'lag_3': 0.1406210568371765, 'lag_4': 0.25118396074012517, 'lag_5': 0.5869218156026084, 'lag_6': 0.9448164539221043, 'lag_7': 0.5420130919947532, 'lag_8': 0.2277694013821312, 'lag_9': 0.617302310900263, 'lag_10': 0.7325919010893832, 'lag_11': 0.788825160408776, 'lag_12': 0.06598057543502196, 'lag_13': 0.38287599441365006, 'lag_14': 0.7261151527641465, 'lag_15': 0.38158626765044457, 'lag_16': 0.14085208558541176, 'lag_17': 0.9498661181949429, 'lag_18': 0.6181267249181793, 'lag_19': 0.9981263292920508, 'lag_20': 0.5998185415131488, 'lag_21': 0.25777857184925623, 'lag_22': 0.5879315671226527, 'lag_23': 0.17678822666392363, 'lag_24': 0.5228074691797433, 'lag_25': 0.8003415388612279, 'lag_26': 0.5825838894671705, 'lag_27': 0.23577509331179636, 'lag_28': 0.0443609015286104}. Best is trial 28 with value: 0.0032896686685785644.
[I 2025-09-29 13:09:17,665] Trial 64 finished with value: 0.006032320325776433 and parameters: {'lag_0': 0.7578168680994105, 'lag_1': 0.29561535028199665, 'lag_2': 0.3768831655721479, 'lag_3': 0.3714955201491924, 'lag_4': 0.31491155430170115, 'lag_5': 0.6595217426423229, 'lag_6': 0.534376339337231, 'lag_7': 0.6994935228730547, 'lag_8': 0.12583988620871783, 'lag_9': 0.4648773106837791, 'lag_10': 0.6243332228054491, 'lag_11': 0.9314764600824685, 'lag_12': 0.10640928994930482, 'lag_13': 0.24083145504815953, 'lag_14': 0.6438814043598995, 'lag_15': 0.31860507281161743, 'lag_16': 0.01620546264999012, 'lag_17': 0.888823464613795, 'lag_18': 0.038622892057443806, 'lag_19': 0.23669050315720913, 'lag_20': 0.8890534710180426, 'lag_21': 0.643467547907974, 'lag_22': 0.6903656997436991, 'lag_23': 0.09501503636535372, 'lag_24': 0.1791455615932214, 'lag_25': 0.8433224543108742, 'lag_26': 0.22973536564263655, 'lag_27': 0.47933439985541476, 'lag_28': 0.19885951641931643}. Best is trial 28 with value: 0.0032896686685785644.
[I 2025-09-29 13:09:20,192] Trial 65 finished with value: 0.0066586021413637285 and parameters: {'lag_0': 0.670633254959601, 'lag_1': 0.4342387863012649, 'lag_2': 0.6218139573716538, 'lag_3': 0.18893194530756433, 'lag_4': 0.10207050782284391, 'lag_5': 0.4329870981987548, 'lag_6': 0.8402634974837715, 'lag_7': 0.6088813323775045, 'lag_8': 0.1919094483423494, 'lag_9': 0.5561745107598132, 'lag_10': 0.7631247359392457, 'lag_11': 0.8271313415656995, 'lag_12': 0.17925139281344832, 'lag_13': 0.9312866816698787, 'lag_14': 0.786111745825658, 'lag_15': 0.6170588156025427, 'lag_16': 0.2034194562262193, 'lag_17': 0.7121620306243219, 'lag_18': 0.11842832506047941, 'lag_19': 0.7177815357063464, 'lag_20': 0.8483471141655272, 'lag_21': 0.35070150960139745, 'lag_22': 0.8644812871623724, 'lag_23': 0.46110967779795786, 'lag_24': 0.6748769367033458, 'lag_25': 0.7258840234261756, 'lag_26': 0.4825805960846779, 'lag_27': 0.7800824542319332, 'lag_28': 0.27857523917818283}. Best is trial 28 with value: 0.0032896686685785644.
[I 2025-09-29 13:09:22,711] Trial 66 finished with value: 0.006423668412660208 and parameters: {'lag_0': 0.9756106778379902, 'lag_1': 0.47933245278598524, 'lag_2': 0.27314444920567355, 'lag_3': 0.47817083333716387, 'lag_4': 0.06019060440519758, 'lag_5': 0.5210615332629105, 'lag_6': 0.4197691833940881, 'lag_7': 0.6631331505179263, 'lag_8': 0.0010378179224105055, 'lag_9': 0.7044282696118674, 'lag_10': 0.8649887443951949, 'lag_11': 0.9077324936732107, 'lag_12': 0.03524119016620049, 'lag_13': 0.16643166507740337, 'lag_14': 0.9975678879984251, 'lag_15': 0.5212050696029322, 'lag_16': 0.26261846685028317, 'lag_17': 0.5894805012861667, 'lag_18': 0.9147937032320992, 'lag_19': 0.41158748863217104, 'lag_20': 0.673841892023754, 'lag_21': 0.5820965015641959, 'lag_22': 0.7824358265019943, 'lag_23': 0.2371475589903498, 'lag_24': 0.6222811750597382, 'lag_25': 0.6742984689915652, 'lag_26': 0.6278728313637836, 'lag_27': 0.68761208190535, 'lag_28': 0.026975823376051478}. Best is trial 28 with value: 0.0032896686685785644.
[I 2025-09-29 13:09:25,226] Trial 67 finished with value: 0.005729753758738742 and parameters: {'lag_0': 0.6368604002068238, 'lag_1': 0.3913183312385803, 'lag_2': 0.7596167505374465, 'lag_3': 0.5658566783515154, 'lag_4': 0.1435467571593066, 'lag_5': 0.5764026636817261, 'lag_6': 0.5841506900374822, 'lag_7': 0.8284567270646946, 'lag_8': 0.3890259732237704, 'lag_9': 0.22242435149504183, 'lag_10': 0.5692765455096228, 'lag_11': 0.8567380181558523, 'lag_12': 0.22183611438278844, 'lag_13': 0.4211732042229671, 'lag_14': 0.5744035098396403, 'lag_15': 0.7040575436250412, 'lag_16': 0.06026955056416216, 'lag_17': 0.673905248733558, 'lag_18': 0.5304763870737984, 'lag_19': 0.751114299582412, 'lag_20': 0.5552895229003914, 'lag_21': 0.9478135245604824, 'lag_22': 0.9283790885918302, 'lag_23': 0.15955037550132825, 'lag_24': 0.06051094892871195, 'lag_25': 0.9585872756569156, 'lag_26': 0.7271993610958125, 'lag_27': 0.38645701036330377, 'lag_28': 0.7715789924321843}. Best is trial 28 with value: 0.0032896686685785644.
[I 2025-09-29 13:09:27,742] Trial 68 finished with value: 0.006693851441269182 and parameters: {'lag_0': 0.4889245376558732, 'lag_1': 0.2308677358882007, 'lag_2': 0.2308334564590866, 'lag_3': 0.2743603814890968, 'lag_4': 0.2165244427815428, 'lag_5': 0.16253465865665168, 'lag_6': 0.6580705999289027, 'lag_7': 0.9910892582558791, 'lag_8': 0.04075318781227265, 'lag_9': 0.40346852159734936, 'lag_10': 0.8057610694885411, 'lag_11': 0.6287435073151921, 'lag_12': 0.30110746190687543, 'lag_13': 0.2183490926367648, 'lag_14': 0.06328734413134915, 'lag_15': 0.19629213791560307, 'lag_16': 0.45873681664960453, 'lag_17': 0.7696295960722861, 'lag_18': 0.0002018667023813911, 'lag_19': 0.4876119513031106, 'lag_20': 0.6198490149784721, 'lag_21': 0.2604598470407852, 'lag_22': 0.7093553206465926, 'lag_23': 0.2453552232803544, 'lag_24': 0.39473028877445143, 'lag_25': 0.6001238646794446, 'lag_26': 0.4502105882210363, 'lag_27': 0.14670358082545992, 'lag_28': 0.2392415432468675}. Best is trial 28 with value: 0.0032896686685785644.
[I 2025-09-29 13:09:30,263] Trial 69 finished with value: 0.005559871185461469 and parameters: {'lag_0': 0.8352296187196877, 'lag_1': 0.5167943155838862, 'lag_2': 0.5649684732034193, 'lag_3': 0.04347070509987598, 'lag_4': 0.5435724281483181, 'lag_5': 0.35792573791025717, 'lag_6': 0.5212011371729265, 'lag_7': 0.43462516635178616, 'lag_8': 0.1670514263404484, 'lag_9': 0.317403420092101, 'lag_10': 0.9691725712167925, 'lag_11': 0.9537246588349707, 'lag_12': 0.004610795006730971, 'lag_13': 0.04773633114077436, 'lag_14': 0.4341592759053134, 'lag_15': 0.28146030767731206, 'lag_16': 0.9546046062984631, 'lag_17': 0.5457792191432487, 'lag_18': 0.07393126598248904, 'lag_19': 0.825096589775101, 'lag_20': 0.8008687812434037, 'lag_21': 0.3192378947759063, 'lag_22': 0.2860418891097288, 'lag_23': 0.936575463184823, 'lag_24': 0.7572497410059277, 'lag_25': 0.4112359087524075, 'lag_26': 0.563759230023721, 'lag_27': 0.6369444181150705, 'lag_28': 0.09167750953270444}. Best is trial 28 with value: 0.0032896686685785644.
[I 2025-09-29 13:09:32,782] Trial 70 finished with value: 0.0055714662109354 and parameters: {'lag_0': 0.8005195696298005, 'lag_1': 0.14295664631518173, 'lag_2': 0.9372863372217755, 'lag_3': 0.1141068651510105, 'lag_4': 0.6109425464124539, 'lag_5': 0.4256355462693187, 'lag_6': 0.6297795798315243, 'lag_7': 0.5758242547736366, 'lag_8': 0.2780929443577769, 'lag_9': 0.03959464833299934, 'lag_10': 0.9264852563622399, 'lag_11': 0.8992387412231837, 'lag_12': 0.1521411151614308, 'lag_13': 0.5310123730813457, 'lag_14': 0.49471539725223745, 'lag_15': 0.5805809684985397, 'lag_16': 0.09288942494426788, 'lag_17': 0.26370071470658973, 'lag_18': 0.30557819012128634, 'lag_19': 0.9001909108045792, 'lag_20': 0.6570646007467683, 'lag_21': 0.20370910910719775, 'lag_22': 0.810109057190115, 'lag_23': 0.3723169807475314, 'lag_24': 0.5832689522388017, 'lag_25': 0.7481970067924951, 'lag_26': 0.6722052088017152, 'lag_27': 0.22405308406826585, 'lag_28': 0.17415000620971696}. Best is trial 28 with value: 0.0032896686685785644.
[I 2025-09-29 13:09:35,307] Trial 71 finished with value: 0.004623772393482939 and parameters: {'lag_0': 0.4341572882265901, 'lag_1': 0.6240379780002636, 'lag_2': 0.48510638741217527, 'lag_3': 0.6741927137294571, 'lag_4': 0.20880996239681165, 'lag_5': 0.838722361842846, 'lag_6': 0.570537510277388, 'lag_7': 0.27422669694660984, 'lag_8': 0.49783386610472147, 'lag_9': 0.6486607466104657, 'lag_10': 0.6880655389333803, 'lag_11': 0.9089372043911028, 'lag_12': 0.18152614610957424, 'lag_13': 0.4573752172677462, 'lag_14': 0.1442171629714988, 'lag_15': 0.13319886261395897, 'lag_16': 0.7587674503416185, 'lag_17': 0.639754349881423, 'lag_18': 0.8069489211083607, 'lag_19': 0.6313261284548919, 'lag_20': 0.7539784728344303, 'lag_21': 0.7137695156579327, 'lag_22': 0.40706240976502417, 'lag_23': 0.31193700176456357, 'lag_24': 0.7092564588824671, 'lag_25': 0.8009043622502272, 'lag_26': 0.149253575827997, 'lag_27': 0.2710571376884058, 'lag_28': 0.3342508328930127}. Best is trial 28 with value: 0.0032896686685785644.
[I 2025-09-29 13:09:37,820] Trial 72 finished with value: 0.005872995699941583 and parameters: {'lag_0': 0.3909300612433742, 'lag_1': 0.7007195148587656, 'lag_2': 0.4779046791579259, 'lag_3': 0.6662039653849462, 'lag_4': 0.17751122521528437, 'lag_5': 0.91666635593876, 'lag_6': 0.5765396927341417, 'lag_7': 0.23980316441748437, 'lag_8': 0.5438343257979129, 'lag_9': 0.6229528504968245, 'lag_10': 0.7083732056076014, 'lag_11': 0.8199139567778815, 'lag_12': 0.09952068189260334, 'lag_13': 0.46725226529933045, 'lag_14': 0.1343040524653003, 'lag_15': 0.2604457073716331, 'lag_16': 0.8390063422670574, 'lag_17': 0.506819141795977, 'lag_18': 0.7920129779321223, 'lag_19': 0.6818187469254715, 'lag_20': 0.7574412808219697, 'lag_21': 0.6577070104864364, 'lag_22': 0.4234236754968341, 'lag_23': 0.3195772599511803, 'lag_24': 0.7157669521671459, 'lag_25': 0.7964635124152064, 'lag_26': 0.1507609865482047, 'lag_27': 0.277181829229858, 'lag_28': 0.3170346567264628}. Best is trial 28 with value: 0.0032896686685785644.
[I 2025-09-29 13:09:40,333] Trial 73 finished with value: 0.004975410351476918 and parameters: {'lag_0': 0.29054452403546993, 'lag_1': 0.6333120877401186, 'lag_2': 0.5488024767744744, 'lag_3': 0.749139299645918, 'lag_4': 0.2776288188881187, 'lag_5': 0.27473653344615784, 'lag_6': 0.476492153211458, 'lag_7': 0.18269508820734953, 'lag_8': 0.48491838050002506, 'lag_9': 0.734342477810659, 'lag_10': 0.6679544217066455, 'lag_11': 0.9235422815101958, 'lag_12': 0.19673267704594768, 'lag_13': 0.3427463555119512, 'lag_14': 0.2071901771479554, 'lag_15': 0.3407498897173694, 'lag_16': 0.7183145985217452, 'lag_17': 0.7474844466350368, 'lag_18': 0.8727041272457543, 'lag_19': 0.6385121162255458, 'lag_20': 0.7183806755643726, 'lag_21': 0.7904441577269052, 'lag_22': 0.3484289637205532, 'lag_23': 0.24734849395761221, 'lag_24': 0.6359112184316503, 'lag_25': 0.9050999993957087, 'lag_26': 0.5180202454850018, 'lag_27': 0.3282564077164507, 'lag_28': 0.25901546620478194}. Best is trial 28 with value: 0.0032896686685785644.
[I 2025-09-29 13:09:42,851] Trial 74 finished with value: 0.005330753627646458 and parameters: {'lag_0': 0.1955070560712614, 'lag_1': 0.7489600664275948, 'lag_2': 0.501411071584317, 'lag_3': 0.8504872958848686, 'lag_4': 0.04085028545358496, 'lag_5': 0.8505179525399011, 'lag_6': 0.5859084803926276, 'lag_7': 0.3073284710779408, 'lag_8': 0.4053267404387844, 'lag_9': 0.6558461785759678, 'lag_10': 0.5967606446755013, 'lag_11': 0.988598552151078, 'lag_12': 0.26700895937509983, 'lag_13': 0.5889416556530537, 'lag_14': 0.07788226056270048, 'lag_15': 0.3914903450194249, 'lag_16': 0.7635508573309228, 'lag_17': 0.6261177178525922, 'lag_18': 0.999785497262178, 'lag_19': 0.5710632391363952, 'lag_20': 0.7427778282642524, 'lag_21': 0.7109964070881526, 'lag_22': 0.46079338220420807, 'lag_23': 0.20160921517459812, 'lag_24': 0.546178188405398, 'lag_25': 0.6928131480984443, 'lag_26': 0.1927763796905686, 'lag_27': 0.05723649215559527, 'lag_28': 0.3284095819521906}. Best is trial 28 with value: 0.0032896686685785644.
[I 2025-09-29 13:09:45,367] Trial 75 finished with value: 0.005210574657691554 and parameters: {'lag_0': 0.7074766157107968, 'lag_1': 0.5399937636878441, 'lag_2': 0.6053859201154016, 'lag_3': 0.4319293744665157, 'lag_4': 0.37525056253744865, 'lag_5': 0.9939422710022355, 'lag_6': 0.6805800840008838, 'lag_7': 0.1556088386018422, 'lag_8': 0.23965682797325114, 'lag_9': 0.35956404563835165, 'lag_10': 0.5269817593713723, 'lag_11': 0.10558523369742527, 'lag_12': 0.12751943213393685, 'lag_13': 0.2905610046576706, 'lag_14': 0.2684749772759182, 'lag_15': 0.14458034914168388, 'lag_16': 0.8438697639310289, 'lag_17': 0.6797016786830486, 'lag_18': 0.929407307008188, 'lag_19': 0.3332827917267426, 'lag_20': 0.9242945841641114, 'lag_21': 0.8566276446144431, 'lag_22': 0.39105190518113825, 'lag_23': 0.866706574374055, 'lag_24': 0.6728317340978592, 'lag_25': 0.8447159057908687, 'lag_26': 0.05855996409442665, 'lag_27': 0.0010981357447986118, 'lag_28': 0.3977775702860811}. Best is trial 28 with value: 0.0032896686685785644.
[I 2025-09-29 13:09:47,882] Trial 76 finished with value: 0.005634129638923841 and parameters: {'lag_0': 0.864493277916414, 'lag_1': 0.6591594935926852, 'lag_2': 0.8076623482827403, 'lag_3': 0.625031751987235, 'lag_4': 0.20372295957253572, 'lag_5': 0.6582178207939093, 'lag_6': 0.5593178071345787, 'lag_7': 0.4968656253700799, 'lag_8': 0.10294659457868854, 'lag_9': 0.7723926090662777, 'lag_10': 0.4608849365055322, 'lag_11': 0.7782957587867496, 'lag_12': 0.05742549983081993, 'lag_13': 0.32850900196552346, 'lag_14': 0.10545860738218701, 'lag_15': 0.43450457200007364, 'lag_16': 0.39133812515750427, 'lag_17': 0.5595532583830198, 'lag_18': 0.8249330365719767, 'lag_19': 0.2864170278335793, 'lag_20': 0.8395008444095254, 'lag_21': 0.6807056701014227, 'lag_22': 0.53203983027659, 'lag_23': 0.04282449607300599, 'lag_24': 0.23135289154814453, 'lag_25': 0.7949324266959825, 'lag_26': 0.6826536029681531, 'lag_27': 0.45865189766962894, 'lag_28': 0.1406286421031259}. Best is trial 28 with value: 0.0032896686685785644.
[I 2025-09-29 13:09:50,392] Trial 77 finished with value: 0.004394507956575106 and parameters: {'lag_0': 0.09380303425302278, 'lag_1': 0.6091049053667089, 'lag_2': 0.4452568796594999, 'lag_3': 0.38360019398137896, 'lag_4': 0.44882840894674625, 'lag_5': 0.30268863196691603, 'lag_6': 0.39949284110169075, 'lag_7': 0.26630793180217555, 'lag_8': 0.6189419060483483, 'lag_9': 0.5236948464823687, 'lag_10': 0.6611250842246915, 'lag_11': 0.8575662334346265, 'lag_12': 0.16921048546026443, 'lag_13': 0.40846822132678684, 'lag_14': 0.3173808456775197, 'lag_15': 0.042494485509275565, 'lag_16': 0.046104789194416136, 'lag_17': 0.6406401984078832, 'lag_18': 0.7033296011071123, 'lag_19': 0.5169282777236368, 'lag_20': 0.6774049891755274, 'lag_21': 0.7742108886562975, 'lag_22': 0.3192418937072112, 'lag_23': 0.2612450810119399, 'lag_24': 0.8429539257968905, 'lag_25': 0.4541558316193762, 'lag_26': 0.3688050383190004, 'lag_27': 0.09092268749860469, 'lag_28': 0.20875596135245783}. Best is trial 28 with value: 0.0032896686685785644.
[I 2025-09-29 13:09:52,905] Trial 78 finished with value: 0.005824130787207121 and parameters: {'lag_0': 0.12269401362718135, 'lag_1': 0.5738628251640155, 'lag_2': 0.3094965817714093, 'lag_3': 0.39158066634563005, 'lag_4': 0.404507711865206, 'lag_5': 0.3098993841433688, 'lag_6': 0.3472141254027269, 'lag_7': 0.3328828183299783, 'lag_8': 0.6352133445914807, 'lag_9': 0.16201385682288066, 'lag_10': 0.6248307947427972, 'lag_11': 0.8665354252831665, 'lag_12': 0.23268749474586914, 'lag_13': 0.8628204066910287, 'lag_14': 0.3264775485086645, 'lag_15': 0.04550388738725726, 'lag_16': 0.7378839652468834, 'lag_17': 0.5940824155336579, 'lag_18': 0.7747907740045574, 'lag_19': 0.5219137029272304, 'lag_20': 0.23960718852456864, 'lag_21': 0.7722459835396118, 'lag_22': 0.31215089100182597, 'lag_23': 0.26911800285349263, 'lag_24': 0.8467774504061639, 'lag_25': 0.33100685804275237, 'lag_26': 0.25723550319244054, 'lag_27': 0.16758213115006015, 'lag_28': 0.2616161730241011}. Best is trial 28 with value: 0.0032896686685785644.
[I 2025-09-29 13:09:55,412] Trial 79 finished with value: 0.005540626610673231 and parameters: {'lag_0': 0.049155992273764416, 'lag_1': 0.790022763155616, 'lag_2': 0.38548018231503556, 'lag_3': 0.5343574702197837, 'lag_4': 0.5125134579954157, 'lag_5': 0.18983103200705376, 'lag_6': 0.398106250481607, 'lag_7': 0.26529176328689064, 'lag_8': 0.7192426764590328, 'lag_9': 0.5615681027109412, 'lag_10': 0.8419511923152327, 'lag_11': 0.8140863200261514, 'lag_12': 0.1699459822457564, 'lag_13': 0.5328119222111545, 'lag_14': 0.38580078099093407, 'lag_15': 0.08779873473792968, 'lag_16': 0.6433828282390479, 'lag_17': 0.07718054169129923, 'lag_18': 0.8360308294981913, 'lag_19': 0.5834125214171921, 'lag_20': 0.5618545518573799, 'lag_21': 0.7128676852449325, 'lag_22': 0.2651810022285131, 'lag_23': 0.42655693544671797, 'lag_24': 0.9382934838640765, 'lag_25': 0.5151697135118296, 'lag_26': 0.7538504290171745, 'lag_27': 0.5335278899449821, 'lag_28': 0.35852793550982587}. Best is trial 28 with value: 0.0032896686685785644.
[I 2025-09-29 13:09:57,924] Trial 80 finished with value: 0.004832756943973927 and parameters: {'lag_0': 0.10940842121934066, 'lag_1': 0.6174301201421913, 'lag_2': 0.35000313187559023, 'lag_3': 0.3484652066231962, 'lag_4': 0.36102428493450295, 'lag_5': 0.2158038313689708, 'lag_6': 0.26062348915592237, 'lag_7': 0.22853775832134526, 'lag_8': 0.6427881893696568, 'lag_9': 0.4781990567566651, 'lag_10': 0.6743221969360751, 'lag_11': 0.7373749959916234, 'lag_12': 0.33554529645390246, 'lag_13': 0.4196062981565188, 'lag_14': 0.15250922534216854, 'lag_15': 0.02674106080873174, 'lag_16': 0.059018777116461585, 'lag_17': 0.6482198215895818, 'lag_18': 0.7033212641951001, 'lag_19': 0.4458880520510482, 'lag_20': 0.39668614545557057, 'lag_21': 0.8509907377169814, 'lag_22': 0.3362182765606349, 'lag_23': 0.09104442332494828, 'lag_24': 0.7764243387457544, 'lag_25': 0.47172409711331476, 'lag_26': 0.37595204847598385, 'lag_27': 0.35860002805900404, 'lag_28': 0.21544747040258533}. Best is trial 28 with value: 0.0032896686685785644.
[I 2025-09-29 13:10:00,433] Trial 81 finished with value: 0.00465213424393083 and parameters: {'lag_0': 0.1892963480000921, 'lag_1': 0.37415673570033303, 'lag_2': 0.8742136472947253, 'lag_3': 0.4380051364444778, 'lag_4': 0.44649771057813287, 'lag_5': 0.23875384640995478, 'lag_6': 0.5130538002134001, 'lag_7': 0.18670489614656766, 'lag_8': 0.5409364894132029, 'lag_9': 0.5245825186987965, 'lag_10': 0.6535094627559477, 'lag_11': 0.8893183862258611, 'lag_12': 0.03659950129329734, 'lag_13': 0.376093671024309, 'lag_14': 0.2245471210069345, 'lag_15': 0.11996264192158317, 'lag_16': 0.15811810016262984, 'lag_17': 0.719603936354948, 'lag_18': 0.7051381346691036, 'lag_19': 0.5263896400236929, 'lag_20': 0.6801628646123906, 'lag_21': 0.6287111726811915, 'lag_22': 0.4075893206916807, 'lag_23': 0.3103756506479906, 'lag_24': 0.7998219532942543, 'lag_25': 0.3012622079534187, 'lag_26': 0.30469967786384117, 'lag_27': 0.1329528900093667, 'lag_28': 0.15883750893761545}. Best is trial 28 with value: 0.0032896686685785644.
