[I 2025-09-29 12:54:32,345] Trial 3 finished with value: 0.002777733623820879 and parameters: {'lag_0': 0.36744165635743137, 'lag_1': 0.7198358082455937, 'lag_2': 0.3903988197237779, 'lag_3': 0.5393824616189001, 'lag_4': 0.7949663318653559, 'lag_5': 0.47608452875272445, 'lag_6': 0.16728280266604142, 'lag_7': 0.8567145550524555, 'lag_8': 0.6126468037116962, 'lag_9': 0.6787018036592023, 'lag_10': 0.038606929762555336, 'lag_11': 0.9265423512889015, 'lag_12': 0.11844041830889836, 'lag_13': 0.4923299815142968, 'lag_14': 0.7442635867203767, 'lag_15': 0.9316944051101971, 'lag_16': 0.7464285666832903, 'lag_17': 0.8532862421741771, 'lag_18': 0.17013303973111013, 'lag_19': 0.6811058710286205, 'lag_20': 0.1908507952606303, 'lag_21': 0.9299474468942835, 'lag_22': 0.8117772029336653, 'lag_23': 0.1195396801422604, 'lag_24': 0.9534803348207541, 'lag_25': 0.5099221841863, 'lag_26': 0.7833758999264433, 'lag_27': 0.12352189536874529, 'lag_28': 0.47557463936553807}. Best is trial 3 with value: 0.002777733623820879.
[I 2025-09-29 12:54:34,787] Trial 4 finished with value: 0.0031783346001045517 and parameters: {'lag_0': 0.03656018980074897, 'lag_1': 0.9444859990153175, 'lag_2': 0.9180010160602039, 'lag_3': 0.08635367405447752, 'lag_4': 0.8866582821018887, 'lag_5': 0.01481725678783976, 'lag_6': 0.5146900219453462, 'lag_7': 0.8983064255546118, 'lag_8': 0.1900325604409024, 'lag_9': 0.2909697519798638, 'lag_10': 0.04927012103119041, 'lag_11': 0.35375131528476134, 'lag_12': 0.2976851827616168, 'lag_13': 0.04934214801067624, 'lag_14': 0.04309419669679453, 'lag_15': 0.6097384746398654, 'lag_16': 0.718629646878362, 'lag_17': 0.6916135091469943, 'lag_18': 0.020146845517985575, 'lag_19': 0.07014126821677995, 'lag_20': 0.8130187374546938, 'lag_21': 0.40045005995161675, 'lag_22': 0.6172554062559128, 'lag_23': 0.4312301803295519, 'lag_24': 0.5710098894527602, 'lag_25': 0.07114841433107161, 'lag_26': 0.3714063286061561, 'lag_27': 0.3141867618325233, 'lag_28': 0.6649845792867667}. Best is trial 3 with value: 0.002777733623820879.
[I 2025-09-29 12:54:37,227] Trial 5 finished with value: 0.0027534969823677247 and parameters: {'lag_0': 0.6474418151002206, 'lag_1': 0.39147901225151627, 'lag_2': 0.6495594950720465, 'lag_3': 0.3924127779572688, 'lag_4': 0.46786204695320976, 'lag_5': 0.8046699945808639, 'lag_6': 0.36002251810514263, 'lag_7': 0.7487542934016401, 'lag_8': 0.1668049793489614, 'lag_9': 0.17472404410642275, 'lag_10': 0.6443615273469375, 'lag_11': 0.36093849037094905, 'lag_12': 0.07529803671257124, 'lag_13': 0.6852697678837715, 'lag_14': 0.45196739064741204, 'lag_15': 0.7229605217683727, 'lag_16': 0.5829934821902557, 'lag_17': 0.31337993627651434, 'lag_18': 0.8954143889141821, 'lag_19': 0.6373782029478852, 'lag_20': 0.39295547154489713, 'lag_21': 0.28688059203706195, 'lag_22': 0.7062995839748654, 'lag_23': 0.8955578712979879, 'lag_24': 0.8563566360138328, 'lag_25': 0.6264843699956433, 'lag_26': 0.6824725916322232, 'lag_27': 0.1914517994218779, 'lag_28': 0.9019956613898484}. Best is trial 5 with value: 0.0027534969823677247.
[I 2025-09-29 12:54:39,664] Trial 6 finished with value: 0.0030951625037045675 and parameters: {'lag_0': 0.5646063910031757, 'lag_1': 0.95283571974021, 'lag_2': 0.1335836336412828, 'lag_3': 0.7918304347849116, 'lag_4': 0.09059645683049483, 'lag_5': 0.8275613186223669, 'lag_6': 0.8897684221617032, 'lag_7': 0.8642458141503113, 'lag_8': 0.6484149635505426, 'lag_9': 0.46211433664119167, 'lag_10': 0.2603046248298305, 'lag_11': 0.9315547634038539, 'lag_12': 0.08693897230194607, 'lag_13': 0.36445653670955847, 'lag_14': 0.017517802280668297, 'lag_15': 0.29346045944647325, 'lag_16': 0.15065312223683852, 'lag_17': 0.14424115451299993, 'lag_18': 0.1324966963782019, 'lag_19': 0.7266957468679658, 'lag_20': 0.9664274787597359, 'lag_21': 0.4673054948101698, 'lag_22': 0.026903915398243983, 'lag_23': 0.3276166146169938, 'lag_24': 0.7176618197777664, 'lag_25': 0.6955646367862119, 'lag_26': 0.4140131702595481, 'lag_27': 0.47718333922652467, 'lag_28': 0.2785028323649177}. Best is trial 5 with value: 0.0027534969823677247.
[I 2025-09-29 12:54:42,090] Trial 7 finished with value: 0.0030544865646408006 and parameters: {'lag_0': 0.7100866836262147, 'lag_1': 0.8508148294789604, 'lag_2': 0.5292164002018613, 'lag_3': 0.03423942727537029, 'lag_4': 0.8798848099943656, 'lag_5': 0.175295954788333, 'lag_6': 0.24000060049694585, 'lag_7': 0.05184040497982744, 'lag_8': 0.09651216888685221, 'lag_9': 0.6097716777340991, 'lag_10': 0.009887573433406939, 'lag_11': 0.4499891216247554, 'lag_12': 0.9302343943115478, 'lag_13': 0.17535440351050932, 'lag_14': 0.9952008164584618, 'lag_15': 0.3898093820125808, 'lag_16': 0.6151340646954881, 'lag_17': 0.04369968774803006, 'lag_18': 0.602484200107283, 'lag_19': 0.5553707353284315, 'lag_20': 0.02186681103729714, 'lag_21': 0.38882736277481933, 'lag_22': 0.6327536949164293, 'lag_23': 0.1387540486129898, 'lag_24': 0.7617011328012666, 'lag_25': 0.9261658065651467, 'lag_26': 0.00760475521258008, 'lag_27': 0.2546120471613962, 'lag_28': 0.6146397211042721}. Best is trial 5 with value: 0.0027534969823677247.
[I 2025-09-29 12:54:44,516] Trial 8 finished with value: 0.0032902756180220676 and parameters: {'lag_0': 0.8381247443233151, 'lag_1': 0.3817521138089751, 'lag_2': 0.9420506501473319, 'lag_3': 0.7082398385649868, 'lag_4': 0.10744431103796846, 'lag_5': 0.8895917379209207, 'lag_6': 0.32261002135748007, 'lag_7': 0.221509518236392, 'lag_8': 0.983510329972067, 'lag_9': 0.6454735880258297, 'lag_10': 0.8421985622072181, 'lag_11': 0.6199390632580281, 'lag_12': 0.730372951742685, 'lag_13': 0.6354401073942707, 'lag_14': 0.6049317107377062, 'lag_15': 0.9868471681139491, 'lag_16': 0.6055664837259976, 'lag_17': 0.13462592374012064, 'lag_18': 0.5745808728169145, 'lag_19': 0.05363066495258456, 'lag_20': 0.10379777437206672, 'lag_21': 0.9373635090660987, 'lag_22': 0.3561297249272375, 'lag_23': 0.08538602065403303, 'lag_24': 0.8164769838013727, 'lag_25': 0.29206595774633703, 'lag_26': 0.5512699102162355, 'lag_27': 0.04878034302881331, 'lag_28': 0.0704610750672387}. Best is trial 5 with value: 0.0027534969823677247.
[I 2025-09-29 12:54:46,939] Trial 9 finished with value: 0.002807702229892751 and parameters: {'lag_0': 0.10924047470591909, 'lag_1': 0.7957247129161356, 'lag_2': 0.5818004062972334, 'lag_3': 0.20902917941639043, 'lag_4': 0.4996937296194153, 'lag_5': 0.18058889230916175, 'lag_6': 0.8543252104540539, 'lag_7': 0.5511494944823262, 'lag_8': 0.4985488990551814, 'lag_9': 0.6599748781992024, 'lag_10': 0.5815373471481716, 'lag_11': 0.8449819325921488, 'lag_12': 0.8187611168440797, 'lag_13': 0.5911738800018389, 'lag_14': 0.06054438663494693, 'lag_15': 0.1198414787293683, 'lag_16': 0.2133251842818314, 'lag_17': 0.6001840958926233, 'lag_18': 0.42531577227991174, 'lag_19': 0.5318089381701091, 'lag_20': 0.9724683821899515, 'lag_21': 0.6899674706916165, 'lag_22': 0.8074336642001354, 'lag_23': 0.2808992448264225, 'lag_24': 0.07917786113325254, 'lag_25': 0.01916410685980211, 'lag_26': 0.16510915140719254, 'lag_27': 0.5018245743628548, 'lag_28': 0.326536319066088}. Best is trial 5 with value: 0.0027534969823677247.
[I 2025-09-29 12:54:49,419] Trial 10 finished with value: 0.003007943104987896 and parameters: {'lag_0': 0.9866445574588764, 'lag_1': 0.29795487977982027, 'lag_2': 0.7323189788403399, 'lag_3': 0.35868971718370884, 'lag_4': 0.4034280967018992, 'lag_5': 0.6367268075340565, 'lag_6': 0.4602702669131696, 'lag_7': 0.41921837789335953, 'lag_8': 0.29936402418077335, 'lag_9': 0.019827538333768213, 'lag_10': 0.9927656039959061, 'lag_11': 0.1921342544103414, 'lag_12': 0.5144154646789408, 'lag_13': 0.9736246024340585, 'lag_14': 0.33712117161256255, 'lag_15': 0.7672430995062445, 'lag_16': 0.9943901641003601, 'lag_17': 0.37354967298732183, 'lag_18': 0.9374060206301082, 'lag_19': 0.9953584410153922, 'lag_20': 0.4032525291782992, 'lag_21': 0.07865224088361836, 'lag_22': 0.9453269448910393, 'lag_23': 0.9847779872227361, 'lag_24': 0.9771555529885121, 'lag_25': 0.3915475443448915, 'lag_26': 0.7532586727188595, 'lag_27': 0.3341769312973079, 'lag_28': 0.9115240558995817}. Best is trial 5 with value: 0.0027534969823677247.
[I 2025-09-29 12:54:51,892] Trial 11 finished with value: 0.003128123991368302 and parameters: {'lag_0': 0.3354398604443252, 'lag_1': 0.6707040336202523, 'lag_2': 0.3453217823886496, 'lag_3': 0.42892937633640366, 'lag_4': 0.6413505693106322, 'lag_5': 0.49847649680666206, 'lag_6': 0.06139206161004919, 'lag_7': 0.7407596861270394, 'lag_8': 0.4318220954982441, 'lag_9': 0.9977967701416008, 'lag_10': 0.41908987362492245, 'lag_11': 0.629126145121305, 'lag_12': 0.1627428579027724, 'lag_13': 0.3979542842763059, 'lag_14': 0.7704659973897556, 'lag_15': 0.9710597068673203, 'lag_16': 0.9011813780227046, 'lag_17': 0.9729153004733293, 'lag_18': 0.7645714655108435, 'lag_19': 0.3546835753731695, 'lag_20': 0.3593965332996353, 'lag_21': 0.9445678734239067, 'lag_22': 0.8345946964810865, 'lag_23': 0.958420221176733, 'lag_24': 0.9775759142386334, 'lag_25': 0.5678925315880647, 'lag_26': 0.7679207158872599, 'lag_27': 0.05883444826229181, 'lag_28': 0.45965796816213433}. Best is trial 5 with value: 0.0027534969823677247.
[I 2025-09-29 12:54:54,364] Trial 12 finished with value: 0.003172777693226877 and parameters: {'lag_0': 0.4203670766061882, 'lag_1': 0.623522665886005, 'lag_2': 0.7610031895371691, 'lag_3': 0.5090004052095196, 'lag_4': 0.33356689247793114, 'lag_5': 0.5072986760237366, 'lag_6': 0.21741073860512278, 'lag_7': 0.943037326929016, 'lag_8': 0.33343623333404016, 'lag_9': 0.060572748296436774, 'lag_10': 0.16475594775996377, 'lag_11': 0.3201167795238186, 'lag_12': 0.5554054670691762, 'lag_13': 0.7533730720417375, 'lag_14': 0.7419844789557604, 'lag_15': 0.7854598462192828, 'lag_16': 0.45219015339317675, 'lag_17': 0.4118251786712369, 'lag_18': 0.2251022636462559, 'lag_19': 0.7680567067610413, 'lag_20': 0.22450267651927155, 'lag_21': 0.6801499123631076, 'lag_22': 0.7759432693438455, 'lag_23': 0.5063599680490629, 'lag_24': 0.8572857520729822, 'lag_25': 0.7526088081151553, 'lag_26': 0.755187781286982, 'lag_27': 0.16634582726079694, 'lag_28': 0.4683935317341241}. Best is trial 5 with value: 0.0027534969823677247.
[I 2025-09-29 12:54:56,839] Trial 13 finished with value: 0.0032776308772503523 and parameters: {'lag_0': 0.7304467424129566, 'lag_1': 0.598316776007065, 'lag_2': 0.6710273524803624, 'lag_3': 0.3034232726900567, 'lag_4': 0.6645517002272293, 'lag_5': 0.6352186073533673, 'lag_6': 0.40272485664434343, 'lag_7': 0.7273152523017572, 'lag_8': 0.6380897015180937, 'lag_9': 0.4169253735721341, 'lag_10': 0.44900795256842296, 'lag_11': 0.646309521408638, 'lag_12': 0.31911717855349003, 'lag_13': 0.40955831971555723, 'lag_14': 0.36883685464989546, 'lag_15': 0.8605485557525336, 'lag_16': 0.8244752894989751, 'lag_17': 0.9985524091970618, 'lag_18': 0.7433155648778988, 'lag_19': 0.35759493096526895, 'lag_20': 0.5716939286201077, 'lag_21': 0.22635628473232522, 'lag_22': 0.966881439193708, 'lag_23': 0.7935153587355894, 'lag_24': 0.5530217209151539, 'lag_25': 0.40294581031875504, 'lag_26': 0.9568078644986311, 'lag_27': 0.150927864738677, 'lag_28': 0.977861594424219}. Best is trial 5 with value: 0.0027534969823677247.
[I 2025-09-29 12:54:59,320] Trial 14 finished with value: 0.0030563830444849385 and parameters: {'lag_0': 0.43942484464704235, 'lag_1': 0.2406827751196226, 'lag_2': 0.3634195921456468, 'lag_3': 0.5430605354481874, 'lag_4': 0.5180557779304736, 'lag_5': 0.4073466025685157, 'lag_6': 0.1435786626378779, 'lag_7': 0.5609023942553834, 'lag_8': 0.6117775729004938, 'lag_9': 0.8761135171555662, 'lag_10': 0.6609498035569644, 'lag_11': 0.2058375493741396, 'lag_12': 0.03110508625973188, 'lag_13': 0.810505222854797, 'lag_14': 0.7146670658900802, 'lag_15': 0.6517997394873671, 'lag_16': 0.3127804504204834, 'lag_17': 0.5275140172138821, 'lag_18': 0.2194320461508068, 'lag_19': 0.6248001428140129, 'lag_20': 0.5424512323020085, 'lag_21': 0.6617867669061168, 'lag_22': 0.7227929563713735, 'lag_23': 0.22392480836414458, 'lag_24': 0.3803646135804612, 'lag_25': 0.49130353116574554, 'lag_26': 0.6229151548829056, 'lag_27': 0.44143425483395615, 'lag_28': 0.5442312534922316}. Best is trial 5 with value: 0.0027534969823677247.
[I 2025-09-29 12:55:01,815] Trial 15 finished with value: 0.002904640545705579 and parameters: {'lag_0': 0.24175406799696092, 'lag_1': 0.4489462221111798, 'lag_2': 0.3558539359474663, 'lag_3': 0.25713721598858486, 'lag_4': 0.9957642510906681, 'lag_5': 0.9932397081651057, 'lag_6': 0.5788737289255597, 'lag_7': 0.8084453109353189, 'lag_8': 0.2754141059710378, 'lag_9': 0.21166960526825024, 'lag_10': 0.5684873267370563, 'lag_11': 0.4985086015120396, 'lag_12': 0.1732780416317667, 'lag_13': 0.5099255069420088, 'lag_14': 0.43652465608691965, 'lag_15': 0.6819520326655684, 'lag_16': 0.5239664703546117, 'lag_17': 0.7849442796852085, 'lag_18': 0.7382592628301442, 'lag_19': 0.8283339995492935, 'lag_20': 0.26555142464318265, 'lag_21': 0.2308404027188785, 'lag_22': 0.4303103908146697, 'lag_23': 0.04594194333688384, 'lag_24': 0.6571108372577038, 'lag_25': 0.76148483063384, 'lag_26': 0.8523346039836381, 'lag_27': 0.18525272919564195, 'lag_28': 0.8340060416801374}. Best is trial 5 with value: 0.0027534969823677247.
2025-09-29 12:55:02,559 - distributed.worker - INFO - Stopping worker at tcp://192.168.86.107:32964. Reason: scheduler-remove-worker
2025-09-29 12:55:02,564 - distributed.nanny - INFO - Closing Nanny gracefully at 'tcp://192.168.86.107:45789'. Reason: scheduler-remove-worker
2025-09-29 12:55:02,565 - distributed.worker.state_machine - WARNING - Async instruction for <Task cancelled name='execute(optimize_subject-3d6987a0-515e-4f1a-ab17-3e73a4a78b6b)' coro=<Worker.execute() done, defined at /usr/global/miniconda/py310_23.1.0-1/envs/workshop_311/lib/python3.11/site-packages/distributed/worker_state_machine.py:3607>> ended with CancelledError
slurmstepd: error: *** JOB 3081179 ON node07 CANCELLED AT 2025-09-29T12:55:02 ***
