[I 2025-09-29 13:10:48,754] Trial 3 finished with value: 0.008678833434979433 and parameters: {'lag_0': 0.9233811854461687, 'lag_1': 0.9306677850890162, 'lag_2': 0.9981645916046749, 'lag_3': 0.498167933094124, 'lag_4': 0.3792064211256562, 'lag_5': 0.9370213530756907, 'lag_6': 0.2710673541911915, 'lag_7': 0.8180844316150313, 'lag_8': 0.17333798636319053, 'lag_9': 0.7035033664086728, 'lag_10': 0.40257708230140243, 'lag_11': 0.6045939189341828, 'lag_12': 0.07350316164516126, 'lag_13': 0.3970762782051701, 'lag_14': 0.51770973687117, 'lag_15': 0.5252278487811076, 'lag_16': 0.13572284725756908, 'lag_17': 0.6989640944043161, 'lag_18': 0.2462624112921166, 'lag_19': 0.001954085905767426, 'lag_20': 0.41828478753822135, 'lag_21': 0.90335646635186, 'lag_22': 0.9042094990332055, 'lag_23': 0.7461264622707192, 'lag_24': 0.8906069520888822, 'lag_25': 0.0810610982606974, 'lag_26': 0.8061780171521843, 'lag_27': 0.05784025754609782, 'lag_28': 0.45469488877161646}. Best is trial 2 with value: 0.007622658882118096.
[I 2025-09-29 13:10:51,274] Trial 4 finished with value: 0.007965859303300939 and parameters: {'lag_0': 0.32634245564054853, 'lag_1': 0.9343706873961606, 'lag_2': 0.6859355205058938, 'lag_3': 0.8748870140981024, 'lag_4': 0.7047690754858831, 'lag_5': 0.8416167856487536, 'lag_6': 0.9608869110046008, 'lag_7': 0.17323749419403278, 'lag_8': 0.2826669757819045, 'lag_9': 0.022833585701030355, 'lag_10': 0.868501201447255, 'lag_11': 0.4208349643721429, 'lag_12': 0.6342604367798883, 'lag_13': 0.7699819688189717, 'lag_14': 0.46191324222022023, 'lag_15': 0.45422988152294275, 'lag_16': 0.3399236641170229, 'lag_17': 0.43497966392233267, 'lag_18': 0.01226932281635974, 'lag_19': 0.5838602750292062, 'lag_20': 0.9584315445135763, 'lag_21': 0.4694561723844223, 'lag_22': 0.8889211208260935, 'lag_23': 0.15307139364655192, 'lag_24': 0.5310587581316629, 'lag_25': 0.4615265795970896, 'lag_26': 0.7260962425651263, 'lag_27': 0.7312942289955066, 'lag_28': 0.6054981235514112}. Best is trial 2 with value: 0.007622658882118096.
[I 2025-09-29 13:10:53,795] Trial 5 finished with value: 0.008240587613051902 and parameters: {'lag_0': 0.4053217276199056, 'lag_1': 0.3843965918104757, 'lag_2': 0.7456450295673535, 'lag_3': 0.70661611117637, 'lag_4': 0.8976407821288772, 'lag_5': 0.10889993898840719, 'lag_6': 0.21340890086581862, 'lag_7': 0.6716995316122989, 'lag_8': 0.07160544886730327, 'lag_9': 0.34813389594986854, 'lag_10': 0.5565052947128092, 'lag_11': 0.7950910079627611, 'lag_12': 0.7689426056814962, 'lag_13': 0.9762329035239015, 'lag_14': 0.32918588514093755, 'lag_15': 0.4623987645135413, 'lag_16': 0.3518192482565137, 'lag_17': 0.2600789852205312, 'lag_18': 0.5776586896959965, 'lag_19': 0.056159252248718886, 'lag_20': 0.11589321188874183, 'lag_21': 0.3003354744889723, 'lag_22': 0.47942397547726306, 'lag_23': 0.9954550077326533, 'lag_24': 0.4708938662496682, 'lag_25': 0.9646118549004216, 'lag_26': 0.6943484983282848, 'lag_27': 0.26522887372210613, 'lag_28': 0.875835660316791}. Best is trial 2 with value: 0.007622658882118096.
[I 2025-09-29 13:10:56,312] Trial 6 finished with value: 0.008502987674987937 and parameters: {'lag_0': 0.138114022120808, 'lag_1': 0.36336026255865334, 'lag_2': 0.1557582575535323, 'lag_3': 0.5808370828131628, 'lag_4': 0.46822022119525863, 'lag_5': 0.04097821793260912, 'lag_6': 0.07832218174827436, 'lag_7': 0.3278983291743808, 'lag_8': 0.009475067639500503, 'lag_9': 0.5023006155959044, 'lag_10': 0.4948313225058115, 'lag_11': 0.18388845802297676, 'lag_12': 0.2699981675683154, 'lag_13': 0.2776052071693481, 'lag_14': 0.8128809883078528, 'lag_15': 0.6921183815726035, 'lag_16': 0.947798286046791, 'lag_17': 0.955312710349995, 'lag_18': 0.4744761873169795, 'lag_19': 0.3088883649914996, 'lag_20': 0.22552128709124736, 'lag_21': 0.664823008091517, 'lag_22': 0.1173632437512331, 'lag_23': 0.9744812998868521, 'lag_24': 0.5862254048197673, 'lag_25': 0.16384689384345863, 'lag_26': 0.531221713761842, 'lag_27': 0.5462089345394013, 'lag_28': 0.8609595047662619}. Best is trial 2 with value: 0.007622658882118096.
[I 2025-09-29 13:10:58,824] Trial 7 finished with value: 0.007865907551173895 and parameters: {'lag_0': 0.1432947286398655, 'lag_1': 0.28159464286391045, 'lag_2': 0.4352138322259889, 'lag_3': 0.8491855712889664, 'lag_4': 0.8601466993014029, 'lag_5': 0.31582766538196344, 'lag_6': 0.19704279551814466, 'lag_7': 0.4999368528580891, 'lag_8': 0.7071993013417224, 'lag_9': 0.5240938893626611, 'lag_10': 0.13114822988542088, 'lag_11': 0.08312731557369349, 'lag_12': 0.8390849270848859, 'lag_13': 0.21272326167575292, 'lag_14': 0.7899227347741287, 'lag_15': 0.8297813421831028, 'lag_16': 0.3293928763384752, 'lag_17': 0.8548568738512314, 'lag_18': 0.7862815139424807, 'lag_19': 0.12856125608977187, 'lag_20': 0.67149703231918, 'lag_21': 0.7255797363783626, 'lag_22': 0.4308876400665256, 'lag_23': 0.2384254222811108, 'lag_24': 0.5488201266183179, 'lag_25': 0.2401120744697337, 'lag_26': 0.5520787705232418, 'lag_27': 0.22425128557565352, 'lag_28': 0.4633146700761486}. Best is trial 2 with value: 0.007622658882118096.
[I 2025-09-29 13:11:01,463] Trial 8 finished with value: 0.007667669153775354 and parameters: {'lag_0': 0.6755561767278208, 'lag_1': 0.7144911675029495, 'lag_2': 0.5947130899797177, 'lag_3': 0.3522329852496537, 'lag_4': 0.9666039016812564, 'lag_5': 0.8260970705275265, 'lag_6': 0.9012685461203885, 'lag_7': 0.4354284470663085, 'lag_8': 0.5991117457123855, 'lag_9': 0.46396616354789677, 'lag_10': 0.5153865668030396, 'lag_11': 0.2265794425294251, 'lag_12': 0.9909239448107976, 'lag_13': 0.703394518795229, 'lag_14': 0.8470057228127816, 'lag_15': 0.5700562763102465, 'lag_16': 0.47366661700512597, 'lag_17': 0.8373969467458477, 'lag_18': 0.901759690770304, 'lag_19': 0.15250186139888244, 'lag_20': 0.7755217774373189, 'lag_21': 0.555995081606293, 'lag_22': 0.20448146147003507, 'lag_23': 0.2546325073878543, 'lag_24': 0.15885941170364218, 'lag_25': 0.1693961836653057, 'lag_26': 0.058111390073326906, 'lag_27': 0.26973817782752, 'lag_28': 0.6574640635066035}. Best is trial 2 with value: 0.007622658882118096.
[I 2025-09-29 13:11:03,971] Trial 9 finished with value: 0.007760332956347154 and parameters: {'lag_0': 0.27064963054798125, 'lag_1': 0.8860268045970312, 'lag_2': 0.2918457707713975, 'lag_3': 0.4395959834974401, 'lag_4': 0.4203995103251785, 'lag_5': 0.22671891428384616, 'lag_6': 0.8011745734667864, 'lag_7': 0.22749932587104618, 'lag_8': 0.8190710724875158, 'lag_9': 0.4171601642988958, 'lag_10': 0.44809207052811306, 'lag_11': 0.49782821332322363, 'lag_12': 0.8620775677743352, 'lag_13': 0.258177526045011, 'lag_14': 0.6001192242765238, 'lag_15': 0.5369214390259934, 'lag_16': 0.11564481542604566, 'lag_17': 0.8093467631574327, 'lag_18': 0.4596311439078145, 'lag_19': 0.24062108641863236, 'lag_20': 0.15781225987070435, 'lag_21': 0.9903363258950089, 'lag_22': 0.963848316028243, 'lag_23': 0.32208406131486383, 'lag_24': 0.75586592087398, 'lag_25': 0.9302872272486247, 'lag_26': 0.5038953789919585, 'lag_27': 0.7016665793735539, 'lag_28': 0.24494888267352466}. Best is trial 2 with value: 0.007622658882118096.
[I 2025-09-29 13:11:06,528] Trial 10 finished with value: 0.007884272968330431 and parameters: {'lag_0': 0.7298436372185705, 'lag_1': 0.022144643519336038, 'lag_2': 0.03865241502858896, 'lag_3': 0.00763351667393164, 'lag_4': 0.03890502093426301, 'lag_5': 0.5432639192045512, 'lag_6': 0.5714479548321797, 'lag_7': 0.9920953943933619, 'lag_8': 0.9603450657319919, 'lag_9': 0.997687947971341, 'lag_10': 0.8841541321548795, 'lag_11': 0.7075931317504383, 'lag_12': 0.4136324795393025, 'lag_13': 0.5987224760736273, 'lag_14': 0.02533710215314844, 'lag_15': 0.11431558837640277, 'lag_16': 0.7023987843762725, 'lag_17': 0.00910091049571865, 'lag_18': 0.6390437711103548, 'lag_19': 0.9827680019300519, 'lag_20': 0.4375587807997743, 'lag_21': 0.09134682684188489, 'lag_22': 0.6931657852284475, 'lag_23': 0.630804974421437, 'lag_24': 0.24598288614243313, 'lag_25': 0.4074411199982151, 'lag_26': 0.9931260522250669, 'lag_27': 0.9891120461365874, 'lag_28': 0.07147420440892566}. Best is trial 2 with value: 0.007622658882118096.
[I 2025-09-29 13:11:09,092] Trial 11 finished with value: 0.008321022027425923 and parameters: {'lag_0': 0.7034482759176002, 'lag_1': 0.6160874500145825, 'lag_2': 0.856481968522345, 'lag_3': 0.293826982426333, 'lag_4': 0.21464132831638966, 'lag_5': 0.6399685954408363, 'lag_6': 0.7083135876014328, 'lag_7': 0.450098716614169, 'lag_8': 0.4477270082185924, 'lag_9': 0.8277811795711445, 'lag_10': 0.6978660307218523, 'lag_11': 0.33943986591957176, 'lag_12': 0.9801874121310445, 'lag_13': 0.7204544189256767, 'lag_14': 0.973085701572376, 'lag_15': 0.2259851123234019, 'lag_16': 0.6283472463777962, 'lag_17': 0.5821308012495059, 'lag_18': 0.9787563408329979, 'lag_19': 0.7980857578020006, 'lag_20': 0.8824793763654967, 'lag_21': 0.44118833899153165, 'lag_22': 0.16184943071514762, 'lag_23': 0.43907797134558846, 'lag_24': 0.02460364001248752, 'lag_25': 0.306851588385722, 'lag_26': 0.04733927989323583, 'lag_27': 0.443926641374463, 'lag_28': 0.6820635813956053}. Best is trial 2 with value: 0.007622658882118096.
[I 2025-09-29 13:11:11,655] Trial 12 finished with value: 0.00796154318637605 and parameters: {'lag_0': 0.6324344734530596, 'lag_1': 0.05772490696934235, 'lag_2': 0.42479673686727837, 'lag_3': 0.2442574742513856, 'lag_4': 0.6284984518978847, 'lag_5': 0.7092016669561139, 'lag_6': 0.9910237134133961, 'lag_7': 0.37547627554837726, 'lag_8': 0.5143025212117577, 'lag_9': 0.2839751363896789, 'lag_10': 0.17251233355107076, 'lag_11': 0.027405403318223776, 'lag_12': 0.4527614248335322, 'lag_13': 0.7761979474843228, 'lag_14': 0.7600155389261278, 'lag_15': 0.9505461122943974, 'lag_16': 0.017071674953787364, 'lag_17': 0.9904786096369028, 'lag_18': 0.9197468927455299, 'lag_19': 0.42533984606490294, 'lag_20': 0.7503634470699331, 'lag_21': 0.30750029900257375, 'lag_22': 0.29165164603310845, 'lag_23': 0.6063130182480859, 'lag_24': 0.277847734209986, 'lag_25': 0.01445662785668822, 'lag_26': 0.0045364759281443165, 'lag_27': 0.011075892708657775, 'lag_28': 0.6800385408697806}. Best is trial 2 with value: 0.007622658882118096.
[I 2025-09-29 13:11:14,206] Trial 13 finished with value: 0.007902290001586213 and parameters: {'lag_0': 0.9250987868803945, 'lag_1': 0.6885281269636008, 'lag_2': 0.6886940920510595, 'lag_3': 0.111696291689349, 'lag_4': 0.2706642499317198, 'lag_5': 0.4238102330056901, 'lag_6': 0.43311915085793035, 'lag_7': 0.6179968495185587, 'lag_8': 0.6583980346356357, 'lag_9': 0.6492570397353353, 'lag_10': 0.6840162528090914, 'lag_11': 0.20584297277394434, 'lag_12': 0.31750467590908166, 'lag_13': 0.04189975006372332, 'lag_14': 0.9905776581598476, 'lag_15': 0.9988946323961815, 'lag_16': 0.7902778420009187, 'lag_17': 0.4429452811478611, 'lag_18': 0.7602517139399017, 'lag_19': 0.7143573131904493, 'lag_20': 0.798284528506398, 'lag_21': 0.5351621783973198, 'lag_22': 0.2627569506623843, 'lag_23': 0.313683123833591, 'lag_24': 0.12962716952507586, 'lag_25': 0.6583149983602029, 'lag_26': 0.2331463879373603, 'lag_27': 0.42028101581365584, 'lag_28': 0.28417736200225086}. Best is trial 2 with value: 0.007622658882118096.
[I 2025-09-29 13:11:16,769] Trial 14 finished with value: 0.008118525367381788 and parameters: {'lag_0': 0.018789314891304032, 'lag_1': 0.21345908291106297, 'lag_2': 0.2983845087058426, 'lag_3': 0.3393562781723156, 'lag_4': 0.5758696988991229, 'lag_5': 0.5773008392028545, 'lag_6': 0.7259700444087365, 'lag_7': 0.20609797115211342, 'lag_8': 0.362426366247121, 'lag_9': 0.24507876719947114, 'lag_10': 0.2330084875961938, 'lag_11': 0.36822658612793124, 'lag_12': 0.5907115364377065, 'lag_13': 0.5890493044417012, 'lag_14': 0.6467483133402467, 'lag_15': 0.6651952838688082, 'lag_16': 0.491770761628085, 'lag_17': 0.6925483438681037, 'lag_18': 0.754560029390979, 'lag_19': 0.2618423635833391, 'lag_20': 0.5918078712789017, 'lag_21': 0.2929616320183211, 'lag_22': 0.005452380011788438, 'lag_23': 0.11031599037779546, 'lag_24': 0.36471550541410114, 'lag_25': 0.3429889985064331, 'lag_26': 0.2724771979246276, 'lag_27': 0.13992762226948327, 'lag_28': 0.01332541071022636}. Best is trial 2 with value: 0.007622658882118096.
[I 2025-09-29 13:11:19,341] Trial 15 finished with value: 0.0072217837475007955 and parameters: {'lag_0': 0.6114288603726086, 'lag_1': 0.48323456921752556, 'lag_2': 0.8347986573704453, 'lag_3': 0.3997634892343477, 'lag_4': 0.2591313909941188, 'lag_5': 0.803704973284372, 'lag_6': 0.4155214802828448, 'lag_7': 0.017467055520358155, 'lag_8': 0.8865375261645415, 'lag_9': 0.8478604302643786, 'lag_10': 0.7197163824489791, 'lag_11': 0.5298440764948176, 'lag_12': 0.2144673435138913, 'lag_13': 0.8063905457177352, 'lag_14': 0.8846885983292576, 'lag_15': 0.31713965711074, 'lag_16': 0.21829844718090613, 'lag_17': 0.5964332209484232, 'lag_18': 0.16049090829096407, 'lag_19': 0.5335807675192532, 'lag_20': 0.9991943783537685, 'lag_21': 0.5731517583719274, 'lag_22': 0.673480935198572, 'lag_23': 0.347068663121842, 'lag_24': 0.9515528569200189, 'lag_25': 0.5623668979929259, 'lag_26': 0.3010855787152186, 'lag_27': 0.3538833137151719, 'lag_28': 0.9847957574337101}. Best is trial 15 with value: 0.0072217837475007955.
[I 2025-09-29 13:11:21,903] Trial 16 finished with value: 0.007402764946325445 and parameters: {'lag_0': 0.5985839192114373, 'lag_1': 0.4915148994366938, 'lag_2': 0.8573576607118789, 'lag_3': 0.1609847237591303, 'lag_4': 0.10542020231634333, 'lag_5': 0.6716469717097912, 'lag_6': 0.4246042167351011, 'lag_7': 0.025273660230743122, 'lag_8': 0.9447522346775774, 'lag_9': 0.907418458305213, 'lag_10': 0.9834731363237103, 'lag_11': 0.5717864901681619, 'lag_12': 0.18874921617427376, 'lag_13': 0.8289215970049431, 'lag_14': 0.6936253351658977, 'lag_15': 0.31943302733548745, 'lag_16': 0.20829875595957542, 'lag_17': 0.31213706916469447, 'lag_18': 0.06455201804226778, 'lag_19': 0.5819816641071525, 'lag_20': 0.9970492441111183, 'lag_21': 0.033960158449395594, 'lag_22': 0.7103443539428258, 'lag_23': 0.5214949689662126, 'lag_24': 0.9760678997321021, 'lag_25': 0.5961818383365819, 'lag_26': 0.31703359372690587, 'lag_27': 0.5536617609220864, 'lag_28': 0.9457040625471332}. Best is trial 15 with value: 0.0072217837475007955.
[I 2025-09-29 13:11:24,466] Trial 17 finished with value: 0.015007143581762769 and parameters: {'lag_0': 0.5638639346305409, 'lag_1': 0.48385450492614585, 'lag_2': 0.9874641310246997, 'lag_3': 0.12876147151749184, 'lag_4': 0.02000982917258637, 'lag_5': 0.44128719408736744, 'lag_6': 0.04061256733219637, 'lag_7': 0.005683902771199218, 'lag_8': 0.9492719337361217, 'lag_9': 0.9960415370247073, 'lag_10': 0.9997423890006553, 'lag_11': 0.6252716369452302, 'lag_12': 0.16951010930561078, 'lag_13': 0.8091323508512911, 'lag_14': 0.23323665661215653, 'lag_15': 0.2962926432447265, 'lag_16': 0.1885485747453563, 'lag_17': 0.21749637535866576, 'lag_18': 0.027939049875995214, 'lag_19': 0.8830416043351856, 'lag_20': 0.9769757555086657, 'lag_21': 0.010596563632094973, 'lag_22': 0.7437888347739205, 'lag_23': 0.7997080955058538, 'lag_24': 0.9642453807494495, 'lag_25': 0.6035937849485602, 'lag_26': 0.29834847611522536, 'lag_27': 0.5551301719638688, 'lag_28': 0.9833167947286883}. Best is trial 15 with value: 0.0072217837475007955.
[I 2025-09-29 13:11:27,021] Trial 18 finished with value: 0.007406862776239066 and parameters: {'lag_0': 0.825198107783153, 'lag_1': 0.5230456718507894, 'lag_2': 0.8487248817466678, 'lag_3': 0.1415250501065693, 'lag_4': 0.1602097924289419, 'lag_5': 0.8762971449774971, 'lag_6': 0.6082749006570835, 'lag_7': 0.10503281626913623, 'lag_8': 0.8686738999376207, 'lag_9': 0.8543693884571784, 'lag_10': 0.8097510545303963, 'lag_11': 0.8444412694545909, 'lag_12': 0.20058616471300153, 'lag_13': 0.8588440883625373, 'lag_14': 0.9053066271864803, 'lag_15': 0.3336928552598757, 'lag_16': 0.006112563703364132, 'lag_17': 0.30661124364820025, 'lag_18': 0.14995720421731623, 'lag_19': 0.3921244013753495, 'lag_20': 0.8810206837641157, 'lag_21': 0.15423948109128027, 'lag_22': 0.6935907472223545, 'lag_23': 0.5673583510511976, 'lag_24': 0.9995391302218222, 'lag_25': 0.7443952155818166, 'lag_26': 0.41390220564370966, 'lag_27': 0.6240692422800884, 'lag_28': 0.8302445223233609}. Best is trial 15 with value: 0.0072217837475007955.
[I 2025-09-29 13:11:29,591] Trial 19 finished with value: 0.007596760370237482 and parameters: {'lag_0': 0.5611369531430583, 'lag_1': 0.5104847838015386, 'lag_2': 0.8595607805674557, 'lag_3': 0.9991674247603421, 'lag_4': 0.32456906781643713, 'lag_5': 0.6350888358565301, 'lag_6': 0.4984985626097741, 'lag_7': 0.10744430425038103, 'lag_8': 0.8154409903940016, 'lag_9': 0.842201902838992, 'lag_10': 0.9383084248855311, 'lag_11': 0.5832085120709989, 'lag_12': 0.17080301079707572, 'lag_13': 0.5144270678058112, 'lag_14': 0.7185013024358446, 'lag_15': 0.003155457203774581, 'lag_16': 0.21681266701325705, 'lag_17': 0.07939905103454259, 'lag_18': 0.1469922638083757, 'lag_19': 0.5573648832526166, 'lag_20': 0.9997138895726141, 'lag_21': 0.3907067806298309, 'lag_22': 0.7887401023295406, 'lag_23': 0.746378511384545, 'lag_24': 0.8687142201305718, 'lag_25': 0.5468733176095737, 'lag_26': 0.15201830522703744, 'lag_27': 0.8674054704049852, 'lag_28': 0.9796985592111924}. Best is trial 15 with value: 0.0072217837475007955.
[I 2025-09-29 13:11:32,156] Trial 20 finished with value: 0.007987463208606988 and parameters: {'lag_0': 0.8169947538184716, 'lag_1': 0.7779936613040946, 'lag_2': 0.7918559575728641, 'lag_3': 0.017832494748370564, 'lag_4': 0.09163518603344253, 'lag_5': 0.4652476689519297, 'lag_6': 0.2823311773436089, 'lag_7': 0.08708130797325354, 'lag_8': 0.9996112994688247, 'lag_9': 0.9042766725647118, 'lag_10': 0.7504603678273343, 'lag_11': 0.50462827755639, 'lag_12': 0.017980049718373414, 'lag_13': 0.6438167105488221, 'lag_14': 0.9016234099341832, 'lag_15': 0.34012226976742704, 'lag_16': 0.08906194598826062, 'lag_17': 0.5498975203401362, 'lag_18': 0.1437771993885495, 'lag_19': 0.6632680516935239, 'lag_20': 0.8631225691537576, 'lag_21': 0.18400208199583534, 'lag_22': 0.5970417007888147, 'lag_23': 0.35384190276037514, 'lag_24': 0.6704031414257985, 'lag_25': 0.747175931003294, 'lag_26': 0.3536239818416303, 'lag_27': 0.36237526236758655, 'lag_28': 0.7791907873431048}. Best is trial 15 with value: 0.0072217837475007955.
[I 2025-09-29 13:11:34,717] Trial 21 finished with value: 0.00830950835939245 and parameters: {'lag_0': 0.8054833393143445, 'lag_1': 0.5343839016057926, 'lag_2': 0.8835692009510829, 'lag_3': 0.150501240411838, 'lag_4': 0.1566687326314074, 'lag_5': 0.8820633274710423, 'lag_6': 0.6025357906190784, 'lag_7': 0.11182970013916751, 'lag_8': 0.8515153410722962, 'lag_9': 0.7957193521223163, 'lag_10': 0.8009994426048714, 'lag_11': 0.8707022165803725, 'lag_12': 0.19791284652347202, 'lag_13': 0.8222309495967285, 'lag_14': 0.9016647438155423, 'lag_15': 0.35113437551470267, 'lag_16': 0.009431967491842358, 'lag_17': 0.3081982950801617, 'lag_18': 0.15419974644981913, 'lag_19': 0.38662389019694676, 'lag_20': 0.8833347225414376, 'lag_21': 0.16099503752843447, 'lag_22': 0.6477951945925589, 'lag_23': 0.5592413964907437, 'lag_24': 0.9617629953399699, 'lag_25': 0.7525950462307136, 'lag_26': 0.37956945520673874, 'lag_27': 0.622040303177281, 'lag_28': 0.8639440389236203}. Best is trial 15 with value: 0.0072217837475007955.
[I 2025-09-29 13:11:37,283] Trial 22 finished with value: 0.008319410813327103 and parameters: {'lag_0': 0.790054003119484, 'lag_1': 0.426724306395491, 'lag_2': 0.9309610456340092, 'lag_3': 0.4219920229111796, 'lag_4': 0.14472660870563467, 'lag_5': 0.9981704206756317, 'lag_6': 0.46235557258801785, 'lag_7': 0.26681602571364244, 'lag_8': 0.8700905350066312, 'lag_9': 0.903365583080624, 'lag_10': 0.8247171637476101, 'lag_11': 0.7382002587829501, 'lag_12': 0.25424915650633434, 'lag_13': 0.8676492578637394, 'lag_14': 0.8864880560971411, 'lag_15': 0.21289756844404972, 'lag_16': 0.23004222387933854, 'lag_17': 0.3684613785436217, 'lag_18': 0.2789390501769524, 'lag_19': 0.37983663935977613, 'lag_20': 0.9098007969625996, 'lag_21': 0.0013059404554724985, 'lag_22': 0.7944744254460486, 'lag_23': 0.5274134602291494, 'lag_24': 0.9857187725995964, 'lag_25': 0.7006643468717204, 'lag_26': 0.3975396428862265, 'lag_27': 0.6250108604854607, 'lag_28': 0.9966810976251408}. Best is trial 15 with value: 0.0072217837475007955.
[I 2025-09-29 13:11:39,848] Trial 23 finished with value: 0.008755066123295699 and parameters: {'lag_0': 0.5809501406343477, 'lag_1': 0.572832224078543, 'lag_2': 0.7811060391732045, 'lag_3': 0.19092578068518812, 'lag_4': 0.23604263728338104, 'lag_5': 0.7037990620079391, 'lag_6': 0.6432360534710866, 'lag_7': 0.009585219152196265, 'lag_8': 0.8895450379370878, 'lag_9': 0.7732359806626933, 'lag_10': 0.6424458329620253, 'lag_11': 0.9705715512556208, 'lag_12': 0.1225653986129027, 'lag_13': 0.8649568229927261, 'lag_14': 0.9946677281217157, 'lag_15': 0.39900661349305283, 'lag_16': 0.07700169256217382, 'lag_17': 0.203418652080517, 'lag_18': 0.09028310394641986, 'lag_19': 0.495831805210852, 'lag_20': 0.8150430936076573, 'lag_21': 0.16576224778346635, 'lag_22': 0.6869813510411148, 'lag_23': 0.6740532501347485, 'lag_24': 0.855148894544784, 'lag_25': 0.5367982489288383, 'lag_26': 0.22186664008111062, 'lag_27': 0.49473867660735965, 'lag_28': 0.7821629079428432}. Best is trial 15 with value: 0.0072217837475007955.
2025-09-29 13:11:42,363 - distributed.worker - INFO - Stopping worker at tcp://192.168.86.108:41553. Reason: scheduler-remove-worker
2025-09-29 13:11:42,374 - distributed.nanny - INFO - Closing Nanny gracefully at 'tcp://192.168.86.108:34898'. Reason: scheduler-remove-worker
2025-09-29 13:11:42,377 - distributed.worker.state_machine - WARNING - Async instruction for <Task cancelled name='execute(optimize_subject-79d966b5-4118-45a2-9f34-f6b50feddd89)' coro=<Worker.execute() done, defined at /usr/global/miniconda/py310_23.1.0-1/envs/workshop_311/lib/python3.11/site-packages/distributed/worker_state_machine.py:3607>> ended with CancelledError
