[I 2025-09-29 11:57:36,902] Trial 45 finished with value: 0.006622396216010647 and parameters: {'lag_0': 0.8472469115852621, 'lag_1': 0.8527316996204971, 'lag_2': 0.6830759508893733, 'lag_3': 0.763618319597604, 'lag_4': 0.22262980531800866, 'lag_5': 0.2123039308536912, 'lag_6': 0.12361935939861422, 'lag_7': 0.8812384619956863, 'lag_8': 0.2674304561617223, 'lag_9': 0.9331344602146919, 'lag_10': 0.770625102958299, 'lag_11': 0.20460173469924403, 'lag_12': 0.11167004541670333, 'lag_13': 0.8667183909101633, 'lag_14': 0.3034130593937069, 'lag_15': 0.9205913074735951, 'lag_16': 0.39829605472588897, 'lag_17': 0.5779224573090594, 'lag_18': 0.12140348772494625, 'lag_19': 0.8969956974610368, 'lag_20': 0.756253672670056, 'lag_21': 0.1069756430424711, 'lag_22': 0.7402511306410248, 'lag_23': 0.3997204292445986, 'lag_24': 0.8705803507918602, 'lag_25': 0.33024562795110374, 'lag_26': 0.7553594798887848, 'lag_27': 0.11577563207539214, 'lag_28': 0.36388723637058296}. Best is trial 11 with value: 0.006173762671136109.
[I 2025-09-29 11:57:39,277] Trial 46 finished with value: 0.006474737727898655 and parameters: {'lag_0': 0.7380469244396997, 'lag_1': 0.7935471638719198, 'lag_2': 0.46968388519278076, 'lag_3': 0.9339868588267422, 'lag_4': 0.7878903719897227, 'lag_5': 0.7843543603007871, 'lag_6': 0.25632784916519397, 'lag_7': 0.7030777044293257, 'lag_8': 0.6193051335853786, 'lag_9': 0.285523803898483, 'lag_10': 0.9318665262807284, 'lag_11': 0.1065370267365546, 'lag_12': 0.389293175397149, 'lag_13': 0.8107682772737453, 'lag_14': 0.05088244989584363, 'lag_15': 0.6529681736051269, 'lag_16': 0.22200870645415452, 'lag_17': 0.6942419187790194, 'lag_18': 0.04111181650680632, 'lag_19': 0.27029167818490785, 'lag_20': 0.8405769904757785, 'lag_21': 0.02507744597317696, 'lag_22': 0.8892205595290723, 'lag_23': 0.5225715650364773, 'lag_24': 0.021334627512461596, 'lag_25': 0.4999203090699882, 'lag_26': 0.9419646839416326, 'lag_27': 0.372751463624118, 'lag_28': 0.19804681062904983}. Best is trial 11 with value: 0.006173762671136109.
[I 2025-09-29 11:57:41,644] Trial 47 finished with value: 0.006349683915598492 and parameters: {'lag_0': 0.6276654148914007, 'lag_1': 0.6478992949049514, 'lag_2': 0.20846328502810424, 'lag_3': 0.6945930724784677, 'lag_4': 0.45094076239317343, 'lag_5': 0.285441019214663, 'lag_6': 0.2134363695656402, 'lag_7': 0.6484004783491797, 'lag_8': 0.9532778106239593, 'lag_9': 0.06123419989935883, 'lag_10': 0.7113105208776647, 'lag_11': 0.4501894834455543, 'lag_12': 0.15431211195943867, 'lag_13': 0.973960777363421, 'lag_14': 0.12570329658986729, 'lag_15': 0.8013366742811711, 'lag_16': 0.48008119854905973, 'lag_17': 0.7982744744688446, 'lag_18': 0.24599736831968588, 'lag_19': 0.7903072629814198, 'lag_20': 0.6384099052614187, 'lag_21': 0.15061499807356438, 'lag_22': 0.46662842079434436, 'lag_23': 0.9501361376408087, 'lag_24': 0.19935573907882936, 'lag_25': 0.1843320450796948, 'lag_26': 0.6784358805186729, 'lag_27': 0.22596020647540288, 'lag_28': 0.5359592877480501}. Best is trial 11 with value: 0.006173762671136109.
[I 2025-09-29 11:57:44,010] Trial 48 finished with value: 0.006480716971700755 and parameters: {'lag_0': 0.9225447761416672, 'lag_1': 0.5858854129134535, 'lag_2': 0.027976182879340117, 'lag_3': 0.9863149212155098, 'lag_4': 0.0931643922044521, 'lag_5': 0.4421980640177628, 'lag_6': 0.6238689594067063, 'lag_7': 0.0050180217190430865, 'lag_8': 0.45751740351772924, 'lag_9': 0.24412065622099652, 'lag_10': 0.6484989623487463, 'lag_11': 0.06335240904687289, 'lag_12': 0.871529277122896, 'lag_13': 0.6248253657104419, 'lag_14': 0.06236273074589051, 'lag_15': 0.03497607992255157, 'lag_16': 0.5887989539163728, 'lag_17': 0.5170479042138991, 'lag_18': 0.7358687167889066, 'lag_19': 0.7055522527817608, 'lag_20': 0.4665741251212537, 'lag_21': 0.2723801490259693, 'lag_22': 0.972989323159282, 'lag_23': 0.9567333628431678, 'lag_24': 0.22973467891920554, 'lag_25': 0.03568323300624893, 'lag_26': 0.7355230721467673, 'lag_27': 0.26789334778505564, 'lag_28': 0.7772763471453259}. Best is trial 11 with value: 0.006173762671136109.
[I 2025-09-29 11:57:46,381] Trial 49 finished with value: 0.006329562218175494 and parameters: {'lag_0': 0.833553669794862, 'lag_1': 0.13443808959526715, 'lag_2': 0.2813696023912471, 'lag_3': 0.45674500754016706, 'lag_4': 0.8538817787212953, 'lag_5': 0.5169614232650093, 'lag_6': 0.014628042784390394, 'lag_7': 0.5575284896336931, 'lag_8': 0.7798186115869928, 'lag_9': 0.591552667597832, 'lag_10': 0.5560311416834423, 'lag_11': 0.17000289143564823, 'lag_12': 0.2940437575761506, 'lag_13': 0.8869651902314539, 'lag_14': 0.17624135585151096, 'lag_15': 0.8446961187420641, 'lag_16': 0.27212145515025726, 'lag_17': 0.3841561351448216, 'lag_18': 0.8939791116895528, 'lag_19': 0.619185556025605, 'lag_20': 0.5736293931243899, 'lag_21': 0.2101729169111693, 'lag_22': 0.3758402087763617, 'lag_23': 0.8788711153672375, 'lag_24': 0.1406201353446814, 'lag_25': 0.2427257436840176, 'lag_26': 0.8277276579496562, 'lag_27': 0.1820713245846488, 'lag_28': 0.12465119623551431}. Best is trial 11 with value: 0.006173762671136109.
[I 2025-09-29 11:57:48,752] Trial 50 finished with value: 0.006374180047911192 and parameters: {'lag_0': 0.7607713643752568, 'lag_1': 0.7446971121180342, 'lag_2': 0.13225622226598682, 'lag_3': 0.7755256496058176, 'lag_4': 0.007104208361883857, 'lag_5': 0.5908373114272345, 'lag_6': 0.09357809348458267, 'lag_7': 0.4713587885417306, 'lag_8': 0.5255365490616718, 'lag_9': 0.3760126886298223, 'lag_10': 0.9562353233417777, 'lag_11': 0.5854002072167503, 'lag_12': 0.502522852175346, 'lag_13': 0.9486323234506551, 'lag_14': 0.339079144195316, 'lag_15': 0.2059396582455465, 'lag_16': 0.0761733288283391, 'lag_17': 0.43260934448349836, 'lag_18': 0.6368563152891853, 'lag_19': 0.9355162761160617, 'lag_20': 0.9194046551188313, 'lag_21': 0.350598408755914, 'lag_22': 0.2936572501133742, 'lag_23': 0.19526272212766832, 'lag_24': 0.24176853826423486, 'lag_25': 0.07163418635180802, 'lag_26': 0.6123192724728682, 'lag_27': 0.4758169349034975, 'lag_28': 0.6065929229431253}. Best is trial 11 with value: 0.006173762671136109.
[I 2025-09-29 11:57:51,118] Trial 51 finished with value: 0.0066850164855641785 and parameters: {'lag_0': 0.8875379065837228, 'lag_1': 0.8856196779149647, 'lag_2': 0.07876662723946308, 'lag_3': 0.8580901590147678, 'lag_4': 0.6801340377262199, 'lag_5': 0.04427684813072691, 'lag_6': 0.8851646917592442, 'lag_7': 0.5024795354058655, 'lag_8': 0.34081815244971886, 'lag_9': 0.42844546491181645, 'lag_10': 0.8629924101807908, 'lag_11': 0.28742997080881943, 'lag_12': 0.7740874120367766, 'lag_13': 0.4473082615902167, 'lag_14': 0.21769524197158363, 'lag_15': 0.6584166679034947, 'lag_16': 0.4604701077929428, 'lag_17': 0.2808878437657163, 'lag_18': 0.44715020921088094, 'lag_19': 0.783236811411435, 'lag_20': 0.8450495209471786, 'lag_21': 0.4437938587632471, 'lag_22': 0.6595760517828017, 'lag_23': 0.9137456044179698, 'lag_24': 0.8362578850874512, 'lag_25': 0.3992356204912267, 'lag_26': 0.4918074286530442, 'lag_27': 0.10425182743752609, 'lag_28': 0.8715436563705078}. Best is trial 11 with value: 0.006173762671136109.
[I 2025-09-29 11:57:53,488] Trial 52 finished with value: 0.006485255330954167 and parameters: {'lag_0': 0.7956429230990129, 'lag_1': 0.920936967712785, 'lag_2': 0.003328187326372828, 'lag_3': 0.5465689627979897, 'lag_4': 0.6072703537793179, 'lag_5': 0.05948667556746, 'lag_6': 0.37419411318397755, 'lag_7': 0.794132992891935, 'lag_8': 0.37464267173893867, 'lag_9': 0.1700161676014252, 'lag_10': 0.7954600483568781, 'lag_11': 0.3956238372563138, 'lag_12': 0.5682587320325827, 'lag_13': 0.03294181765111705, 'lag_14': 0.39797826155822696, 'lag_15': 0.53269539887421, 'lag_16': 0.404042993152621, 'lag_17': 0.18302567588231028, 'lag_18': 0.6394253667996176, 'lag_19': 0.6237414362453113, 'lag_20': 0.8008706448238966, 'lag_21': 0.04417173806843481, 'lag_22': 0.7117363842030191, 'lag_23': 0.9575369190535837, 'lag_24': 0.7442568208721098, 'lag_25': 0.32558675846108664, 'lag_26': 0.37586211363343947, 'lag_27': 0.06717080512612811, 'lag_28': 0.4026105359800566}. Best is trial 11 with value: 0.006173762671136109.
[I 2025-09-29 11:57:55,866] Trial 53 finished with value: 0.006491726348137675 and parameters: {'lag_0': 0.8488784980512344, 'lag_1': 0.9608100005649136, 'lag_2': 0.11360101630955419, 'lag_3': 0.9625485478245305, 'lag_4': 0.7495858843786787, 'lag_5': 0.1365637187237865, 'lag_6': 0.3098852660113336, 'lag_7': 0.5977746607882959, 'lag_8': 0.23639138795643025, 'lag_9': 0.6848762644906574, 'lag_10': 0.9153101948790094, 'lag_11': 0.21622488125805311, 'lag_12': 0.6895625438288189, 'lag_13': 0.7099763024491335, 'lag_14': 0.2949736980114309, 'lag_15': 0.4511717070466418, 'lag_16': 0.3572077119464094, 'lag_17': 0.3135012221331034, 'lag_18': 0.2771175171592538, 'lag_19': 0.6930210893156759, 'lag_20': 0.7089340198523596, 'lag_21': 0.09512053707296804, 'lag_22': 0.770822363184531, 'lag_23': 0.7611197357251995, 'lag_24': 0.9972999272881997, 'lag_25': 0.2839961847195342, 'lag_26': 0.4263852728367654, 'lag_27': 0.12030918710920263, 'lag_28': 0.3071375162374859}. Best is trial 11 with value: 0.006173762671136109.
[I 2025-09-29 11:57:58,240] Trial 54 finished with value: 0.006365605421257603 and parameters: {'lag_0': 0.9601804382294271, 'lag_1': 0.8795866751317933, 'lag_2': 0.049437512053991134, 'lag_3': 0.059260933858398146, 'lag_4': 0.5133338947347116, 'lag_5': 0.08831005109465476, 'lag_6': 0.4399816738144013, 'lag_7': 0.3506922611163376, 'lag_8': 0.3026739958086061, 'lag_9': 0.5092846554292111, 'lag_10': 0.9992695993457846, 'lag_11': 0.3758174942006701, 'lag_12': 0.6417128855774542, 'lag_13': 0.5433587442273221, 'lag_14': 0.47581336915392464, 'lag_15': 0.5929981631991376, 'lag_16': 0.530360830850648, 'lag_17': 0.22407940623562334, 'lag_18': 0.33346115934626486, 'lag_19': 0.997933592638763, 'lag_20': 0.963602307309686, 'lag_21': 0.4774919210704114, 'lag_22': 0.836872028213568, 'lag_23': 0.8780473312756477, 'lag_24': 0.687589692893039, 'lag_25': 0.4777346039185875, 'lag_26': 0.2925515066430272, 'lag_27': 0.02882211107074295, 'lag_28': 0.8135267915866489}. Best is trial 11 with value: 0.006173762671136109.
[I 2025-09-29 11:58:00,608] Trial 55 finished with value: 0.006475254521605393 and parameters: {'lag_0': 0.45158672369058034, 'lag_1': 0.8158019727800736, 'lag_2': 0.5367833629873985, 'lag_3': 0.8869457112332126, 'lag_4': 0.3326038361560194, 'lag_5': 0.15056053689596904, 'lag_6': 0.5266067159698771, 'lag_7': 0.5404751799526997, 'lag_8': 0.15734054712001058, 'lag_9': 0.24566140023029234, 'lag_10': 0.8436294139666896, 'lag_11': 0.3280734311015114, 'lag_12': 0.8487967080037958, 'lag_13': 0.8149066496911842, 'lag_14': 0.336439156095852, 'lag_15': 0.9385169467396693, 'lag_16': 0.6744794917844606, 'lag_17': 0.12475340952892994, 'lag_18': 0.5431737787448838, 'lag_19': 0.8783307163741043, 'lag_20': 0.7637343262503277, 'lag_21': 0.6687484029333042, 'lag_22': 0.47433649282082835, 'lag_23': 0.4682046996629637, 'lag_24': 0.6112591963931251, 'lag_25': 0.3815754668552608, 'lag_26': 0.5522600641546789, 'lag_27': 0.16747628449951682, 'lag_28': 0.4775011326860302}. Best is trial 11 with value: 0.006173762671136109.
[I 2025-09-29 11:58:02,977] Trial 56 finished with value: 0.006406576887794184 and parameters: {'lag_0': 0.6550823852965671, 'lag_1': 0.8581050100924823, 'lag_2': 0.39805411321211914, 'lag_3': 0.2925760450452288, 'lag_4': 0.5816473933725973, 'lag_5': 0.2981102260122004, 'lag_6': 0.16225353244847524, 'lag_7': 0.7176850796565618, 'lag_8': 0.8612534847187039, 'lag_9': 0.33384349695528653, 'lag_10': 0.8882280605062933, 'lag_11': 0.49227737233448143, 'lag_12': 0.9996842825179911, 'lag_13': 0.628992802033692, 'lag_14': 0.133177054466803, 'lag_15': 0.34376466610161005, 'lag_16': 0.78004165099237, 'lag_17': 0.47810257530716904, 'lag_18': 0.8446166405599547, 'lag_19': 0.5065116838644567, 'lag_20': 0.8195213386781566, 'lag_21': 0.580428220603056, 'lag_22': 0.5675785933989824, 'lag_23': 0.9991120510288081, 'lag_24': 0.5446800484114737, 'lag_25': 0.16711090507145918, 'lag_26': 0.5133134324556761, 'lag_27': 0.8522591211934271, 'lag_28': 0.7369208597166256}. Best is trial 11 with value: 0.006173762671136109.
[I 2025-09-29 11:58:05,354] Trial 57 finished with value: 0.00641106583662 and parameters: {'lag_0': 0.5672258062890898, 'lag_1': 0.06659176512572196, 'lag_2': 0.48077101625737684, 'lag_3': 0.03000449527878822, 'lag_4': 0.3928112485572196, 'lag_5': 0.06676121632040001, 'lag_6': 0.7454752605317694, 'lag_7': 0.6586421665533635, 'lag_8': 0.046711106606641184, 'lag_9': 0.7517513711767443, 'lag_10': 0.7353047615230764, 'lag_11': 0.26804913120537266, 'lag_12': 0.7249603037635611, 'lag_13': 0.3498447004744462, 'lag_14': 0.5806801864986163, 'lag_15': 0.24770183243597216, 'lag_16': 0.42804881103360654, 'lag_17': 0.9797214712482869, 'lag_18': 0.5724817817738439, 'lag_19': 0.7580806673992763, 'lag_20': 0.9057307491241668, 'lag_21': 0.005098064102935257, 'lag_22': 0.6278998149838846, 'lag_23': 0.7919347239399993, 'lag_24': 0.8966089666083757, 'lag_25': 0.13014094916631785, 'lag_26': 0.6409975011103315, 'lag_27': 0.5548973527005874, 'lag_28': 0.6883804753020533}. Best is trial 11 with value: 0.006173762671136109.
[I 2025-09-29 11:58:07,725] Trial 58 finished with value: 0.006460031249376295 and parameters: {'lag_0': 0.9058100411169094, 'lag_1': 0.4939447545057861, 'lag_2': 0.3059475096174943, 'lag_3': 0.9988572134551482, 'lag_4': 0.4923762436213527, 'lag_5': 0.20503789703596084, 'lag_6': 0.6802933354568605, 'lag_7': 0.4756743378058791, 'lag_8': 0.3382521493167521, 'lag_9': 0.3968492773354212, 'lag_10': 0.9609045631285678, 'lag_11': 0.41280317253270726, 'lag_12': 0.42527071847315223, 'lag_13': 0.8498733037214119, 'lag_14': 0.2751086412848536, 'lag_15': 0.9969195850867673, 'lag_16': 0.20037923932037122, 'lag_17': 0.627365011936891, 'lag_18': 0.7406804889860632, 'lag_19': 0.4152628533963866, 'lag_20': 0.8594165031266533, 'lag_21': 0.8184658312370412, 'lag_22': 0.7277113214090806, 'lag_23': 0.9145787284769205, 'lag_24': 0.4643711588568278, 'lag_25': 0.2153018671384347, 'lag_26': 0.39616741604956857, 'lag_27': 0.687431819919296, 'lag_28': 0.8475713321724472}. Best is trial 11 with value: 0.006173762671136109.
[I 2025-09-29 11:58:10,085] Trial 59 finished with value: 0.006351110890055155 and parameters: {'lag_0': 0.9939698061598924, 'lag_1': 0.7638750342454937, 'lag_2': 0.04565007487992902, 'lag_3': 0.13271599584596966, 'lag_4': 0.6339027848610982, 'lag_5': 0.6756081330233258, 'lag_6': 0.26160823803722233, 'lag_7': 0.7989189850777108, 'lag_8': 0.41072195905568254, 'lag_9': 0.6354531492071094, 'lag_10': 0.6918070908685576, 'lag_11': 0.24383647457213686, 'lag_12': 0.7981801498297592, 'lag_13': 0.9938353190300202, 'lag_14': 0.07189868323416876, 'lag_15': 0.06626374187627487, 'lag_16': 0.0021017921011066767, 'lag_17': 0.5493644444359189, 'lag_18': 0.4950755678534117, 'lag_19': 0.9324873395414642, 'lag_20': 0.6333332297722157, 'lag_21': 0.4029885649284284, 'lag_22': 0.8890089964980881, 'lag_23': 0.8348976217009227, 'lag_24': 0.9462166140455218, 'lag_25': 0.26365469783337936, 'lag_26': 0.3277243517930158, 'lag_27': 0.2934745036782621, 'lag_28': 0.03399093434878325}. Best is trial 11 with value: 0.006173762671136109.
[I 2025-09-29 11:58:12,455] Trial 60 finished with value: 0.006417725863484498 and parameters: {'lag_0': 0.8361646625024177, 'lag_1': 0.9619971302894171, 'lag_2': 0.2127774652060621, 'lag_3': 0.19750895612336467, 'lag_4': 0.32927613185836, 'lag_5': 0.02611135503295179, 'lag_6': 0.043467269185174524, 'lag_7': 0.39335575244697357, 'lag_8': 0.6922170398917057, 'lag_9': 0.5569296316848278, 'lag_10': 0.6277435725701382, 'lag_11': 0.5426780177839917, 'lag_12': 0.8849704506691798, 'lag_13': 0.18420585960870223, 'lag_14': 0.4204024788262861, 'lag_15': 0.11526169877920149, 'lag_16': 0.49305219921077165, 'lag_17': 0.30106000223484264, 'lag_18': 0.11302260747901499, 'lag_19': 0.84422690791794, 'lag_20': 0.04089698042533729, 'lag_21': 0.548262843165391, 'lag_22': 0.7816918020167755, 'lag_23': 0.733543466005476, 'lag_24': 0.8505373038191294, 'lag_25': 0.5373469628889431, 'lag_26': 0.46299070758823224, 'lag_27': 0.0848989175558802, 'lag_28': 0.6424765506763745}. Best is trial 11 with value: 0.006173762671136109.
[I 2025-09-29 11:58:14,832] Trial 61 finished with value: 0.00659851929439925 and parameters: {'lag_0': 0.7172177480842449, 'lag_1': 0.16077500217074592, 'lag_2': 0.1631810703477885, 'lag_3': 0.3588889362948996, 'lag_4': 0.8584858920480224, 'lag_5': 0.531829404942449, 'lag_6': 0.08103055197497536, 'lag_7': 0.5685790567592404, 'lag_8': 0.7713333065717899, 'lag_9': 0.5615379117482675, 'lag_10': 0.5664373075412251, 'lag_11': 0.14160258864761255, 'lag_12': 0.30790219943127, 'lag_13': 0.8840379560177799, 'lag_14': 0.17295209014464183, 'lag_15': 0.8495955763501315, 'lag_16': 0.2751404107004388, 'lag_17': 0.3836209245496834, 'lag_18': 0.93759536430994, 'lag_19': 0.607275219900267, 'lag_20': 0.5805711191370877, 'lag_21': 0.23777626318904393, 'lag_22': 0.37652411861753415, 'lag_23': 0.8726687805557513, 'lag_24': 0.12520799040934533, 'lag_25': 0.247516253132027, 'lag_26': 0.8572129471934021, 'lag_27': 0.19554515084262883, 'lag_28': 0.0751091045395389}. Best is trial 11 with value: 0.006173762671136109.
[I 2025-09-29 11:58:17,204] Trial 62 finished with value: 0.00656680080960557 and parameters: {'lag_0': 0.8459509817533793, 'lag_1': 0.2386734396679659, 'lag_2': 0.0734281847748928, 'lag_3': 0.47446632194443356, 'lag_4': 0.9596091129866692, 'lag_5': 0.9283758737037483, 'lag_6': 0.19357969588035623, 'lag_7': 0.6131556946660888, 'lag_8': 0.876762200306561, 'lag_9': 0.6129350959684905, 'lag_10': 0.5369543160433918, 'lag_11': 0.060732152122401586, 'lag_12': 0.2580000911402679, 'lag_13': 0.9274535118602645, 'lag_14': 0.23079444916093175, 'lag_15': 0.8090519573162585, 'lag_16': 0.31157399813140574, 'lag_17': 0.43024552097187396, 'lag_18': 0.908284938276789, 'lag_19': 0.5403825303656815, 'lag_20': 0.5305555407466874, 'lag_21': 0.20084573749947243, 'lag_22': 0.4371199531913303, 'lag_23': 0.8948769923393689, 'lag_24': 0.058160633363339154, 'lag_25': 0.31914382492558646, 'lag_26': 0.7727879844435903, 'lag_27': 0.1489784924442513, 'lag_28': 0.1439852865519178}. Best is trial 11 with value: 0.006173762671136109.
[I 2025-09-29 11:58:19,568] Trial 63 finished with value: 0.006495575053440908 and parameters: {'lag_0': 0.7885310199752186, 'lag_1': 0.9082694360721207, 'lag_2': 0.2544800020372677, 'lag_3': 0.09199019259664086, 'lag_4': 0.8694292057313412, 'lag_5': 0.752212730586983, 'lag_6': 0.034662925524978294, 'lag_7': 0.5419735723921268, 'lag_8': 0.798948666838077, 'lag_9': 0.5919735249019169, 'lag_10': 0.4701910504787012, 'lag_11': 0.168578605604535, 'lag_12': 0.36245165103021915, 'lag_13': 0.724341368328127, 'lag_14': 0.3655414846108808, 'lag_15': 0.8969866292690262, 'lag_16': 0.3378323145473108, 'lag_17': 0.37578885581554394, 'lag_18': 0.3613013072117319, 'lag_19': 0.6390114710431604, 'lag_20': 0.7291221555783581, 'lag_21': 0.15972544906451222, 'lag_22': 0.228873220826135, 'lag_23': 0.9648745934128691, 'lag_24': 0.07630087366496491, 'lag_25': 0.22278250295189883, 'lag_26': 0.7963972406392212, 'lag_27': 0.22039589794813913, 'lag_28': 0.10791123302547802}. Best is trial 11 with value: 0.006173762671136109.
[I 2025-09-29 11:58:21,940] Trial 64 finished with value: 0.006608362518750155 and parameters: {'lag_0': 0.9583584996098174, 'lag_1': 0.005716215189105367, 'lag_2': 0.5879844323403507, 'lag_3': 0.5196008019158603, 'lag_4': 0.8266990389323441, 'lag_5': 0.4762825350357314, 'lag_6': 0.012308180932616049, 'lag_7': 0.6875412703906463, 'lag_8': 0.9247402922091922, 'lag_9': 0.660430950910216, 'lag_10': 0.5990429048365952, 'lag_11': 0.1942209076811547, 'lag_12': 0.17538861568305059, 'lag_13': 0.7826046421253214, 'lag_14': 0.17066981536823841, 'lag_15': 0.6830742376626328, 'lag_16': 0.4241624360423112, 'lag_17': 0.0804573581718278, 'lag_18': 0.6641256240722042, 'lag_19': 0.5920935168301366, 'lag_20': 0.6776723391405971, 'lag_21': 0.09806116362894221, 'lag_22': 0.337267012386162, 'lag_23': 0.861184676629809, 'lag_24': 0.00430684429037137, 'lag_25': 0.1948701246794469, 'lag_26': 0.8319397347890296, 'lag_27': 0.04249353582268209, 'lag_28': 0.1461598705158511}. Best is trial 11 with value: 0.006173762671136109.
[I 2025-09-29 11:58:24,314] Trial 65 finished with value: 0.0065543627767723905 and parameters: {'lag_0': 0.3730030900141821, 'lag_1': 0.9814779553006469, 'lag_2': 0.35590196633750903, 'lag_3': 0.42867261709290727, 'lag_4': 0.7491961837307419, 'lag_5': 0.10178120556700203, 'lag_6': 0.9545671152399884, 'lag_7': 0.5851699295070801, 'lag_8': 0.7437681176635702, 'lag_9': 0.44439369672864276, 'lag_10': 0.4145050305167733, 'lag_11': 0.3353454223130858, 'lag_12': 0.290210998048436, 'lag_13': 0.8793066465821114, 'lag_14': 0.19703570187616515, 'lag_15': 0.95845838822088, 'lag_16': 0.586574963468553, 'lag_17': 0.2537787408603122, 'lag_18': 0.997512998701388, 'lag_19': 0.672999370482112, 'lag_20': 0.7868612296842283, 'lag_21': 0.3827507464017535, 'lag_22': 0.5140643022108933, 'lag_23': 0.9366697907484348, 'lag_24': 0.3187127092432535, 'lag_25': 0.35860271158683965, 'lag_26': 0.9308173886902656, 'lag_27': 0.3792058134314657, 'lag_28': 0.19612322642382002}. Best is trial 11 with value: 0.006173762671136109.
