[I 2025-10-03 11:39:50,617] Trial 94 finished with values: [0.03514442905509388, 0.002997506384639985, 0.007861560137742637, 0.0011357002214741007, 0.00439932904696128, 0.004730297024423829, 0.0009529851529721004, 0.002909059241997561, 0.00017274359940178184, 0.0011033757796184503, 0.0002288023495616937, 0.00026385430049537435, 0.00244840632055123, 0.032088761040035864, 0.0, 0.009118809388467486, 0.010530358346095201, 0.0030728499556765313, 0.0010182737886179547, 0.0006068978131416408, 0.0001356607823309675, 7.68043433644385e-05, 0.0002313087154199466, 0.0005448827607472383, 0.00015542765509937942, 0.00022238511553427788, 0.001231062149953837, 0.0010407727058026324, 0.0013909587412992042] and parameters: {'lag_0': 0.8438903885141261, 'lag_1': 0.9980601017102498, 'lag_2': 0.6637738794756267, 'lag_3': 0.9906189875671575, 'lag_4': 0.39544845984933363, 'lag_5': 0.39534052647627216, 'lag_6': 0.15127915052053015, 'lag_7': 0.9242224354387499, 'lag_8': 0.773508707602832, 'lag_9': 0.9001219140761043, 'lag_10': 0.28160243084968506, 'lag_11': 0.06979793931468051, 'lag_12': 0.8530302723359828, 'lag_13': 0.4746387251090846, 'lag_14': 0.7940388314558459, 'lag_15': 0.2869136177500859, 'lag_16': 0.298241997907705, 'lag_17': 0.7059731745555761, 'lag_18': 0.3045853716877734, 'lag_19': 0.6985921851466206, 'lag_20': 0.6839222246697877, 'lag_21': 0.7713823987537752, 'lag_22': 0.49971587208645185, 'lag_23': 0.6095575656313926, 'lag_24': 0.5248838890891547, 'lag_25': 0.9934768441618295, 'lag_26': 0.4924005349883848, 'lag_27': 0.2535688888914201, 'lag_28': 0.46029687898048405}.
[I 2025-10-03 11:39:53,294] Trial 95 finished with values: [0.0713352931200181, 0.0024188632496797762, 0.006348078439663033, 0.003491165371144676, 0.003280205390417184, 0.005713662331611225, 0.0002907327622165572, 0.00145875064626227, 0.00016296903773178493, 0.0014209180263018303, 0.0001941937802510608, 0.00027440946153041825, 0.0020313785092619203, 0.03174944887393889, 0.0, 0.012685200656914078, 0.011718644707821182, 0.0041560872085091415, 0.0005755703583195024, 0.0004610749893994721, 0.00014154350535474904, 0.0002179900865750426, 0.00021198335607351253, 0.00038403530790798065, 0.00029230562790590265, 9.573696994521848e-05, 0.000864377930350314, 0.0012635576124546781, 0.0006305061697064491] and parameters: {'lag_0': 0.24933186432736326, 'lag_1': 0.3048812715997228, 'lag_2': 0.12124331863033229, 'lag_3': 0.6694017452232293, 'lag_4': 0.7651157406402667, 'lag_5': 0.6477633734507264, 'lag_6': 0.5556291430711056, 'lag_7': 0.5236383551772046, 'lag_8': 0.7533111932057283, 'lag_9': 0.7884414334048914, 'lag_10': 0.2616792740412535, 'lag_11': 0.7108801072574649, 'lag_12': 0.35238527748522386, 'lag_13': 0.4859056847162298, 'lag_14': 0.693852044497225, 'lag_15': 0.09893286494386104, 'lag_16': 0.6297365122800491, 'lag_17': 0.3409682882818373, 'lag_18': 0.21972647587297944, 'lag_19': 0.688317809716875, 'lag_20': 0.7184020652357056, 'lag_21': 0.16014432746291568, 'lag_22': 0.6707642875553801, 'lag_23': 0.5848702438939795, 'lag_24': 0.9380397424759197, 'lag_25': 0.915376322786693, 'lag_26': 0.7097112137925494, 'lag_27': 0.13685424760135503, 'lag_28': 0.5119286826857092}.
[I 2025-10-03 11:39:55,983] Trial 96 finished with values: [0.06863711911357342, 0.0019707312557796118, 0.00898679340246181, 0.002820104950043653, 0.002997217542864291, 0.004305796089091034, 0.001309609647765178, 0.0002842696832152071, 0.00044931727813220387, 0.0008488684995785143, 0.0004521492594486456, 0.00030820223161577565, 0.0024790509495775945, 0.03332664948761245, 0.0, 0.008286411595780516, 0.011619824191748885, 0.0037842155645964846, 0.00039284608494844045, 0.00036994888996250066, 0.00013136707268713866, 0.00033429016904292647, 7.948081826315253e-05, 0.000253906325419031, 0.00052706271315684, 0.00014082812885559125, 0.000460485524659241, 0.0008501401746311983, 0.0013964349776232968] and parameters: {'lag_0': 0.20843468178015223, 'lag_1': 0.8628778664446928, 'lag_2': 0.1425171989057546, 'lag_3': 0.2032261361864005, 'lag_4': 0.9021146234907255, 'lag_5': 0.11300199263554714, 'lag_6': 0.5708840570947407, 'lag_7': 0.7748495717741481, 'lag_8': 0.7239969718256183, 'lag_9': 0.7413486961121012, 'lag_10': 0.3362649384487718, 'lag_11': 0.09852429926124646, 'lag_12': 0.1878732773534708, 'lag_13': 0.5118998524917192, 'lag_14': 0.21852700609138678, 'lag_15': 0.8827121345187643, 'lag_16': 0.5020897231315254, 'lag_17': 0.9142353609660145, 'lag_18': 0.2483092350080671, 'lag_19': 0.3896896058299137, 'lag_20': 0.722778633569423, 'lag_21': 0.23645912653663423, 'lag_22': 0.9305447216705844, 'lag_23': 0.2503054985017898, 'lag_24': 0.720427538455724, 'lag_25': 0.014812526517754743, 'lag_26': 0.008994090490782121, 'lag_27': 0.540779526841807, 'lag_28': 0.5599262430618688}.
[I 2025-10-03 11:39:58,656] Trial 97 finished with values: [0.08379501385041552, 0.0013844708829147813, 0.01656725747172732, 0.0039280553608090196, 0.004665456792567751, 0.0028609606424988858, 0.0010562719416398162, 0.0017047159431357087, 0.0002971007315558931, 0.0007851553778437298, 0.0003618236155745572, 0.0002471596548133011, 0.0012251300148468003, 0.03591143853279812, 0.0, 0.010666437268942829, 0.010317707407764103, 0.0034898858874173877, 0.0006359900907457081, 0.0002826074232010087, 2.9369847367851997e-06, 0.00014181539485564606, 0.00019126576902233624, 0.0003153859187479305, 0.00014930376325269706, 0.00024789957257804075, 0.00042302072877315995, 0.0010260433594364406, 0.001304813643227804] and parameters: {'lag_0': 0.15841375102352262, 'lag_1': 0.9914178540241305, 'lag_2': 0.9152210329481295, 'lag_3': 0.9695067673144175, 'lag_4': 0.8531270109377107, 'lag_5': 0.46476101152641186, 'lag_6': 0.7545899792143854, 'lag_7': 0.7646864036406009, 'lag_8': 0.7884492540423677, 'lag_9': 0.8373051390073528, 'lag_10': 0.12069245085081332, 'lag_11': 0.37806294781735533, 'lag_12': 0.7722106839171945, 'lag_13': 0.16001105765955873, 'lag_14': 0.19067040488951867, 'lag_15': 0.5020653680237759, 'lag_16': 0.3129743603018768, 'lag_17': 0.6268104843808767, 'lag_18': 0.2603589284037711, 'lag_19': 0.9576495004927321, 'lag_20': 0.8919957421128764, 'lag_21': 0.8397290791527828, 'lag_22': 0.21366899306977674, 'lag_23': 0.41574417217676285, 'lag_24': 0.23437914744097607, 'lag_25': 0.7359210310867783, 'lag_26': 0.014407946995637268, 'lag_27': 0.3322673483337298, 'lag_28': 0.7517963246152561}.
[I 2025-10-03 11:40:01,325] Trial 98 finished with values: [0.08414223607263774, 0.004422321579154354, 0.006511152888837021, 0.008528734500380802, 0.0016119929617251691, 0.0031480853334205734, 0.0015820070787233922, 0.0013796253248685936, 0.00010336881065175986, 0.001326905740285534, 0.00040070398459412084, 0.00010246182606264543, 0.002643889234423155, 0.03092795123607766, 0.0, 0.011385594063030744, 0.010671586445895883, 0.00330978530261779, 0.000578327576300965, 0.0006353528395483171, 8.894695243491407e-05, 0.00015056682462483086, 0.0002833477228055984, 9.625673877833362e-05, 0.0001625678506054792, 0.00011630164015296205, 0.0006770360276384251, 0.0016495865334868035, 0.0007083825935799869] and parameters: {'lag_0': 0.05621889510500405, 'lag_1': 0.6284991986350572, 'lag_2': 0.5173146977866845, 'lag_3': 0.8070073324452564, 'lag_4': 0.08349527164442976, 'lag_5': 0.1975366921470996, 'lag_6': 0.09348658265229606, 'lag_7': 0.02849446499369184, 'lag_8': 0.1716704732021608, 'lag_9': 0.06624236317474785, 'lag_10': 0.4869137324527939, 'lag_11': 0.4159749818641503, 'lag_12': 0.5796052047549276, 'lag_13': 0.40982810813950465, 'lag_14': 0.6125676651276495, 'lag_15': 0.759733414203846, 'lag_16': 0.10782963626813927, 'lag_17': 0.6509702076061812, 'lag_18': 0.3189683344286482, 'lag_19': 0.5923700084430404, 'lag_20': 0.774162211215528, 'lag_21': 0.16682284956201887, 'lag_22': 0.6512511966535393, 'lag_23': 0.666805658480957, 'lag_24': 0.15454004928858492, 'lag_25': 0.5778357175773513, 'lag_26': 0.3512387932762733, 'lag_27': 0.1445314669417199, 'lag_28': 0.3435235453085589}.
[I 2025-10-03 11:40:03,996] Trial 99 finished with values: [0.06286738227146815, 0.006050224247007423, 0.0031858292756279903, 0.003866346691218532, 0.0027492639994647653, 0.003703047838563235, 0.0007770828135541081, 0.0023042901304722724, 0.00023937671236252993, 0.0007406517742807353, 0.0002332725150043133, 0.00019023795897457765, 0.0015112677227105125, 0.03039340944563663, 0.0, 0.011953800868073598, 0.012572016201221666, 0.003681455355591193, 0.0005534764464786744, 0.00041201525082795905, 6.204058371360166e-05, 0.00023091284751050573, 0.000292550438400392, 0.00041806287251144045, 0.0004900758630486538, 0.00022213467757240148, 0.0007366565591283982, 0.0009243500856737097, 0.00034200457889872635] and parameters: {'lag_0': 0.1612288677344102, 'lag_1': 0.37100852468317613, 'lag_2': 0.36639340134807363, 'lag_3': 0.058375105995316805, 'lag_4': 0.798189897029941, 'lag_5': 0.11134978167218429, 'lag_6': 0.4608639825981192, 'lag_7': 0.4960890069938956, 'lag_8': 0.04977289209496994, 'lag_9': 0.2692702674269273, 'lag_10': 0.3545695255234361, 'lag_11': 0.768393039388508, 'lag_12': 0.4484604661834504, 'lag_13': 0.33456700968904074, 'lag_14': 0.3992140641532927, 'lag_15': 0.019872266323202662, 'lag_16': 0.4586642012509143, 'lag_17': 0.2399216983132698, 'lag_18': 0.8048834209771502, 'lag_19': 0.06390755500563378, 'lag_20': 0.5774878964621133, 'lag_21': 0.38516635257246196, 'lag_22': 0.062108837982422095, 'lag_23': 0.7490075864342483, 'lag_24': 0.6043697196482066, 'lag_25': 0.9409442825603088, 'lag_26': 0.09517227464044337, 'lag_27': 0.9512854113507613, 'lag_28': 0.32075631218190476}.
2025-10-03 11:40:06,847 - distributed.worker - INFO - Stopping worker at tcp://192.168.86.140:43947. Reason: scheduler-remove-worker
2025-10-03 11:40:06,852 - distributed.nanny - INFO - Closing Nanny gracefully at 'tcp://192.168.86.140:45646'. Reason: scheduler-remove-worker
2025-10-03 11:40:06,857 - distributed.nanny - INFO - Worker closed
2025-10-03 11:40:06,858 - distributed.core - INFO - Connection to tcp://192.168.86.108:45752 has been closed.
slurmstepd: error: *** JOB 3081532 ON node40 CANCELLED AT 2025-10-03T11:40:06 ***
