[I 2025-09-29 11:55:21,921] Trial 82 finished with value: 0.005670225818717947 and parameters: {'lag_0': 0.13132378694046476, 'lag_1': 0.03453233779918534, 'lag_2': 0.5246927123996363, 'lag_3': 0.792541162486152, 'lag_4': 0.7716161105094216, 'lag_5': 0.4618692590552709, 'lag_6': 0.8998211268947864, 'lag_7': 0.4394931524952478, 'lag_8': 0.47473039638243963, 'lag_9': 0.5650432752387002, 'lag_10': 0.9960271848152238, 'lag_11': 0.21740802653759467, 'lag_12': 0.6220419111233024, 'lag_13': 0.12207113925278402, 'lag_14': 0.8063865615830914, 'lag_15': 0.57295806516908, 'lag_16': 0.16564442684844616, 'lag_17': 0.911300581884162, 'lag_18': 0.2420239779934353, 'lag_19': 0.6940508225125658, 'lag_20': 0.45417049639673657, 'lag_21': 0.17188244877344627, 'lag_22': 0.2282573888759474, 'lag_23': 0.16055378348497418, 'lag_24': 0.1762397931474645, 'lag_25': 0.8557413908054889, 'lag_26': 0.060314601971751335, 'lag_27': 0.29497765467148646, 'lag_28': 0.460593928734084}. Best is trial 29 with value: 0.005591888602095481.
[I 2025-09-29 11:55:24,338] Trial 83 finished with value: 0.005866315647330854 and parameters: {'lag_0': 0.32782735981810673, 'lag_1': 0.07885208007627262, 'lag_2': 0.3803414672507156, 'lag_3': 0.8719415820150292, 'lag_4': 0.7092782521212156, 'lag_5': 0.40293792895935066, 'lag_6': 0.9550714296441359, 'lag_7': 0.4710187564103535, 'lag_8': 0.7070828258877571, 'lag_9': 0.4851055918106528, 'lag_10': 0.648573939717721, 'lag_11': 0.02513562189462904, 'lag_12': 0.754712042803246, 'lag_13': 0.030789568941943235, 'lag_14': 0.9689158419878774, 'lag_15': 0.5466805306299034, 'lag_16': 0.14930692514576416, 'lag_17': 0.8575802860959454, 'lag_18': 0.4051525037551583, 'lag_19': 0.7791471213095063, 'lag_20': 0.6868003039791597, 'lag_21': 0.12401655382593392, 'lag_22': 0.4505208259154079, 'lag_23': 0.06261547355212216, 'lag_24': 0.11380739730805473, 'lag_25': 0.926420745092689, 'lag_26': 0.10445915685293267, 'lag_27': 0.3117584730369526, 'lag_28': 0.3766146767124558}. Best is trial 29 with value: 0.005591888602095481.
[I 2025-09-29 11:55:26,752] Trial 84 finished with value: 0.0057630263714911045 and parameters: {'lag_0': 0.5352276875976077, 'lag_1': 0.15015486741011896, 'lag_2': 0.6095836401476931, 'lag_3': 0.8171205369450296, 'lag_4': 0.9044282580005838, 'lag_5': 0.5254328772609008, 'lag_6': 0.248832250285569, 'lag_7': 0.3617396396532578, 'lag_8': 0.40185016028347137, 'lag_9': 0.9486331653577453, 'lag_10': 0.6778880434745624, 'lag_11': 0.5585007685569611, 'lag_12': 0.7794634936406635, 'lag_13': 0.0022834118285616004, 'lag_14': 0.914115532510035, 'lag_15': 0.7226543285514715, 'lag_16': 0.2757359971788026, 'lag_17': 0.08549018338990938, 'lag_18': 0.28729200122839493, 'lag_19': 0.818158666786049, 'lag_20': 0.5440525771775439, 'lag_21': 0.34311453960926924, 'lag_22': 0.3528170076479205, 'lag_23': 0.1211202321374644, 'lag_24': 0.2891553588893464, 'lag_25': 0.8883989534054272, 'lag_26': 0.24356858413234644, 'lag_27': 0.6416140484324815, 'lag_28': 0.4139079078172362}. Best is trial 29 with value: 0.005591888602095481.
[I 2025-09-29 11:55:29,173] Trial 85 finished with value: 0.005754151967815096 and parameters: {'lag_0': 0.9067426976639227, 'lag_1': 0.11200169148256657, 'lag_2': 0.6729544248281323, 'lag_3': 0.5437031764186226, 'lag_4': 0.7474751629333307, 'lag_5': 0.35989244706952217, 'lag_6': 0.0929544247957492, 'lag_7': 0.22897336695369375, 'lag_8': 0.18142402433059013, 'lag_9': 0.5083749836222238, 'lag_10': 0.7101294319298197, 'lag_11': 0.07767595772359599, 'lag_12': 0.8744727823045751, 'lag_13': 0.26954801668869016, 'lag_14': 0.3339580911375623, 'lag_15': 0.7890290573940137, 'lag_16': 0.2434984045043705, 'lag_17': 0.9671573601090322, 'lag_18': 0.36057228587974466, 'lag_19': 0.6251313065022064, 'lag_20': 0.49077528780418256, 'lag_21': 0.39850632553273535, 'lag_22': 0.4026708835945994, 'lag_23': 0.9899286735454075, 'lag_24': 0.15301742438633986, 'lag_25': 0.998825765210414, 'lag_26': 0.002644377264960973, 'lag_27': 0.5853345111051331, 'lag_28': 0.3366899117478309}. Best is trial 29 with value: 0.005591888602095481.
[I 2025-09-29 11:55:31,595] Trial 86 finished with value: 0.005792363632377587 and parameters: {'lag_0': 0.46232773763323637, 'lag_1': 0.17865836108914443, 'lag_2': 0.5668997795059527, 'lag_3': 0.6945214395543257, 'lag_4': 0.8217724583012146, 'lag_5': 0.6584115444447205, 'lag_6': 0.8121066862922977, 'lag_7': 0.4934544948852577, 'lag_8': 0.0949007188749753, 'lag_9': 0.6050737002615971, 'lag_10': 0.5652566164488505, 'lag_11': 0.14459590422923613, 'lag_12': 0.8478905293643635, 'lag_13': 0.9913626415958244, 'lag_14': 0.85811079924569, 'lag_15': 0.6582169734635966, 'lag_16': 0.31461767241127037, 'lag_17': 0.04264772273112487, 'lag_18': 0.0608582751791336, 'lag_19': 0.6619374895743781, 'lag_20': 0.2961411501532022, 'lag_21': 0.24467591672251435, 'lag_22': 0.3194334363800386, 'lag_23': 0.1939726122879022, 'lag_24': 0.6587175612490442, 'lag_25': 0.7912555988521248, 'lag_26': 0.1540941921271773, 'lag_27': 0.24647191527431855, 'lag_28': 0.6374198071537801}. Best is trial 29 with value: 0.005591888602095481.
[I 2025-09-29 11:55:34,016] Trial 87 finished with value: 0.005817430302695863 and parameters: {'lag_0': 0.2940093178716243, 'lag_1': 0.05813767931344272, 'lag_2': 0.24017258596263558, 'lag_3': 0.4770926117822118, 'lag_4': 0.8546832895876081, 'lag_5': 0.48914736288620153, 'lag_6': 0.6897808832661916, 'lag_7': 0.5606625450383059, 'lag_8': 0.15264921710270152, 'lag_9': 0.0078028309009469665, 'lag_10': 0.6186135267220305, 'lag_11': 0.1195675393615222, 'lag_12': 0.5639895064129543, 'lag_13': 0.1342329756876448, 'lag_14': 0.5262720066917224, 'lag_15': 0.5865066572091412, 'lag_16': 0.629502194959771, 'lag_17': 0.7604682507554117, 'lag_18': 0.02227731759833907, 'lag_19': 0.5932350159567256, 'lag_20': 0.6581491013044043, 'lag_21': 0.06136682097149307, 'lag_22': 0.24703365051190593, 'lag_23': 0.32672576389291974, 'lag_24': 0.3375698646527143, 'lag_25': 0.7551906476352813, 'lag_26': 0.08006017462889825, 'lag_27': 0.0483382572880813, 'lag_28': 0.7405732237644332}. Best is trial 29 with value: 0.005591888602095481.
[I 2025-09-29 11:55:36,432] Trial 88 finished with value: 0.005810411560352719 and parameters: {'lag_0': 0.6657948874062745, 'lag_1': 0.28107257952731424, 'lag_2': 0.4511496870106165, 'lag_3': 0.7749594591924953, 'lag_4': 0.1924954425133484, 'lag_5': 0.2797826819112516, 'lag_6': 0.022549551545944457, 'lag_7': 0.3143997890882597, 'lag_8': 0.0616589821539586, 'lag_9': 0.653564130813821, 'lag_10': 0.5959654382179725, 'lag_11': 0.07727716175757665, 'lag_12': 0.6762142391542321, 'lag_13': 0.896792498825159, 'lag_14': 0.6041661797631537, 'lag_15': 0.6128477304793647, 'lag_16': 0.6984086670083878, 'lag_17': 0.01356329433282907, 'lag_18': 0.9276226206288735, 'lag_19': 0.555524744431472, 'lag_20': 0.16268878992102928, 'lag_21': 0.37783611208137574, 'lag_22': 0.2842974941799651, 'lag_23': 0.09612861346853713, 'lag_24': 0.22576361926472652, 'lag_25': 0.6413961335928352, 'lag_26': 0.04511652213552964, 'lag_27': 0.3857149430013382, 'lag_28': 0.5964704630432914}. Best is trial 29 with value: 0.005591888602095481.
[I 2025-09-29 11:55:38,850] Trial 89 finished with value: 0.005801998554966681 and parameters: {'lag_0': 0.5894045637100346, 'lag_1': 0.8920180471099824, 'lag_2': 0.4264078162125302, 'lag_3': 0.3350553836218624, 'lag_4': 0.6267348473793671, 'lag_5': 0.5743422109419459, 'lag_6': 0.13201240369969763, 'lag_7': 0.17148637486341806, 'lag_8': 0.13415088966673228, 'lag_9': 0.7200266978366939, 'lag_10': 0.4913707524539688, 'lag_11': 0.8396960770420253, 'lag_12': 0.8282411156776067, 'lag_13': 0.6676915801590746, 'lag_14': 0.3958591846107233, 'lag_15': 0.7569993510686837, 'lag_16': 0.5908609477333844, 'lag_17': 0.14750432625270316, 'lag_18': 0.1682459887989763, 'lag_19': 0.5134694745415531, 'lag_20': 0.7482431356324203, 'lag_21': 0.31969140953581865, 'lag_22': 0.37524249795358844, 'lag_23': 0.27493412306936027, 'lag_24': 0.0872299805889101, 'lag_25': 0.9715639829339896, 'lag_26': 0.9661454468585009, 'lag_27': 0.4339678641997738, 'lag_28': 0.49576134056045507}. Best is trial 29 with value: 0.005591888602095481.
[I 2025-09-29 11:55:41,268] Trial 90 finished with value: 0.005611597083228554 and parameters: {'lag_0': 0.8272810283499079, 'lag_1': 0.6105228448829888, 'lag_2': 0.17644954954133604, 'lag_3': 0.8632036949674488, 'lag_4': 0.5686135704346046, 'lag_5': 0.8279346553160133, 'lag_6': 0.3985967906671538, 'lag_7': 0.13556363207443856, 'lag_8': 0.35860569980101875, 'lag_9': 0.7539261352679033, 'lag_10': 0.17825441942699305, 'lag_11': 0.17898673580344002, 'lag_12': 0.7736239695017394, 'lag_13': 0.07782540177599892, 'lag_14': 0.7553942920345702, 'lag_15': 0.6994799657655463, 'lag_16': 0.06788730811029625, 'lag_17': 0.19285991443328032, 'lag_18': 0.2079691608550684, 'lag_19': 0.8733450090129866, 'lag_20': 0.6251955437536141, 'lag_21': 0.7737309209461706, 'lag_22': 0.2155133810901677, 'lag_23': 0.1352332015594898, 'lag_24': 0.13356034791130098, 'lag_25': 0.9354563831239238, 'lag_26': 0.17949882884474472, 'lag_27': 0.7929700134586022, 'lag_28': 0.6594852348633327}. Best is trial 29 with value: 0.005591888602095481.
[I 2025-09-29 11:55:43,691] Trial 91 finished with value: 0.00574143449080746 and parameters: {'lag_0': 0.8293177726638389, 'lag_1': 0.6303456685915843, 'lag_2': 0.15029159934720093, 'lag_3': 0.9005335268093101, 'lag_4': 0.585474244823224, 'lag_5': 0.8369593379119232, 'lag_6': 0.2918559052110996, 'lag_7': 0.4096476082763583, 'lag_8': 0.37153350794045487, 'lag_9': 0.7656074348038031, 'lag_10': 0.1348508045430464, 'lag_11': 0.19267715442973277, 'lag_12': 0.7045790384139785, 'lag_13': 0.08786861692451747, 'lag_14': 0.7114956195303866, 'lag_15': 0.6919467517548471, 'lag_16': 0.05144302676789959, 'lag_17': 0.3054089119428731, 'lag_18': 0.20028399696206992, 'lag_19': 0.9268676012807865, 'lag_20': 0.6319696595765896, 'lag_21': 0.7749328545414537, 'lag_22': 0.20132301197654162, 'lag_23': 0.12840714661785238, 'lag_24': 0.1247768913837301, 'lag_25': 0.9296224565340081, 'lag_26': 0.17926700747163055, 'lag_27': 0.8333362105570925, 'lag_28': 0.6749966342472138}. Best is trial 29 with value: 0.005591888602095481.
[I 2025-09-29 11:55:46,113] Trial 92 finished with value: 0.005791821510259918 and parameters: {'lag_0': 0.7458899502006009, 'lag_1': 0.5397159331198638, 'lag_2': 0.5419604929166306, 'lag_3': 0.8661955500568034, 'lag_4': 0.5159209583942981, 'lag_5': 0.7775416587099643, 'lag_6': 0.40478561820062103, 'lag_7': 0.047689393606756975, 'lag_8': 0.42864134401824927, 'lag_9': 0.8654517559710779, 'lag_10': 0.08536791251714743, 'lag_11': 0.27410299459760057, 'lag_12': 0.6419877735790644, 'lag_13': 0.0727447099798019, 'lag_14': 0.8420359826013246, 'lag_15': 0.6389819599221944, 'lag_16': 0.12257605284223241, 'lag_17': 0.06233446862840389, 'lag_18': 0.1302008589958199, 'lag_19': 0.8769693537633507, 'lag_20': 0.7115046787642627, 'lag_21': 0.0005619737046201195, 'lag_22': 0.16541040512807376, 'lag_23': 0.16974696686129595, 'lag_24': 0.45151955015618517, 'lag_25': 0.8399254963363421, 'lag_26': 0.22265316366397545, 'lag_27': 0.6962287213937464, 'lag_28': 0.653294771094387}. Best is trial 29 with value: 0.005591888602095481.
[I 2025-09-29 11:55:48,529] Trial 93 finished with value: 0.00586146234884979 and parameters: {'lag_0': 0.889375991033377, 'lag_1': 0.5747452858579927, 'lag_2': 0.18511932510604615, 'lag_3': 0.9583822865825136, 'lag_4': 0.5547580479563925, 'lag_5': 0.893441595959241, 'lag_6': 0.3301382811458746, 'lag_7': 0.13506487755099023, 'lag_8': 0.4833149000094109, 'lag_9': 0.7368897464706742, 'lag_10': 0.23742260920524028, 'lag_11': 0.06248326585340497, 'lag_12': 0.762255045690864, 'lag_13': 0.03754467123012216, 'lag_14': 0.7366193685528507, 'lag_15': 0.7195929808052001, 'lag_16': 0.09396185704055673, 'lag_17': 0.1877079958160923, 'lag_18': 0.2733349656115897, 'lag_19': 0.718808262453997, 'lag_20': 0.20967310319336444, 'lag_21': 0.826234356242679, 'lag_22': 0.22720092275130868, 'lag_23': 0.2428595512651488, 'lag_24': 0.17097534872992548, 'lag_25': 0.9507623775308109, 'lag_26': 0.13707436024752906, 'lag_27': 0.9718502091545987, 'lag_28': 0.4270519314529316}. Best is trial 29 with value: 0.005591888602095481.
[I 2025-09-29 11:55:50,947] Trial 94 finished with value: 0.0056949550359136954 and parameters: {'lag_0': 0.9227163538710071, 'lag_1': 0.6749447837727355, 'lag_2': 0.0466875659039056, 'lag_3': 0.8340342007086763, 'lag_4': 0.482819111334357, 'lag_5': 0.9311428877044581, 'lag_6': 0.1533837328190643, 'lag_7': 0.10050918027165964, 'lag_8': 0.3306046786846865, 'lag_9': 0.8940528030469591, 'lag_10': 0.00749608267775248, 'lag_11': 0.0505780602471895, 'lag_12': 0.941765298695799, 'lag_13': 0.23977722907539245, 'lag_14': 0.7854596119262822, 'lag_15': 0.8465618359182385, 'lag_16': 0.05263505813576713, 'lag_17': 0.3533172886601577, 'lag_18': 0.2327205607650467, 'lag_19': 0.7538035484716479, 'lag_20': 0.5807736569990875, 'lag_21': 0.7425817787432882, 'lag_22': 0.26028487047097304, 'lag_23': 0.1971833482527322, 'lag_24': 0.5067944845769923, 'lag_25': 0.8825926449727977, 'lag_26': 0.10007694646800096, 'lag_27': 0.9086149022830274, 'lag_28': 0.700215478632381}. Best is trial 29 with value: 0.005591888602095481.
[I 2025-09-29 11:55:53,366] Trial 95 finished with value: 0.005730448468085545 and parameters: {'lag_0': 0.9603445552631487, 'lag_1': 0.6111048410487254, 'lag_2': 0.4749796792079774, 'lag_3': 0.8492911807240605, 'lag_4': 0.6746839456317808, 'lag_5': 0.7483363877962971, 'lag_6': 0.47305272095936407, 'lag_7': 0.29330746445728484, 'lag_8': 0.23162353333704916, 'lag_9': 0.36389492086511255, 'lag_10': 0.19231764480576546, 'lag_11': 0.9760145536792371, 'lag_12': 0.8048718918580058, 'lag_13': 0.19766018513477723, 'lag_14': 0.6546019520207559, 'lag_15': 0.8119709339240883, 'lag_16': 0.013087512466614055, 'lag_17': 0.0212748888652386, 'lag_18': 0.10197994294962717, 'lag_19': 0.9846418385956666, 'lag_20': 0.6190800826281556, 'lag_21': 0.6560888982436983, 'lag_22': 0.07397778974926916, 'lag_23': 0.05676375248769887, 'lag_24': 0.19393227520954995, 'lag_25': 0.5949107601071661, 'lag_26': 0.20296921864079043, 'lag_27': 0.7276367841032748, 'lag_28': 0.3906554541170417}. Best is trial 29 with value: 0.005591888602095481.
[I 2025-09-29 11:55:55,779] Trial 96 finished with value: 0.005733620248431952 and parameters: {'lag_0': 0.8082886800687176, 'lag_1': 0.47736807362933653, 'lag_2': 0.6356031593629372, 'lag_3': 0.7949156445049561, 'lag_4': 0.7875896871375496, 'lag_5': 0.8266994808243809, 'lag_6': 0.36742414488534947, 'lag_7': 0.3376053727422995, 'lag_8': 0.5084285621838557, 'lag_9': 0.7897527772136823, 'lag_10': 0.8400825511144316, 'lag_11': 0.1094440700583246, 'lag_12': 0.7287980665268172, 'lag_13': 0.10667952365858152, 'lag_14': 0.9303537888884418, 'lag_15': 0.6891540605028659, 'lag_16': 0.09840347395375448, 'lag_17': 0.23534282776124224, 'lag_18': 0.14385232510568466, 'lag_19': 0.8774347134876258, 'lag_20': 0.3203351650283709, 'lag_21': 0.7843125413651149, 'lag_22': 0.10185391138939678, 'lag_23': 0.14118344964296814, 'lag_24': 0.21817427055088032, 'lag_25': 0.9784082926298604, 'lag_26': 0.16344025934165257, 'lag_27': 0.6593547606382006, 'lag_28': 0.6323984117610377}. Best is trial 29 with value: 0.005591888602095481.
[I 2025-09-29 11:55:58,198] Trial 97 finished with value: 0.005619225118407439 and parameters: {'lag_0': 0.8509558298520288, 'lag_1': 0.22587764255245907, 'lag_2': 0.2895651675310184, 'lag_3': 0.5151668098413871, 'lag_4': 0.4510521839509227, 'lag_5': 0.44557292132625015, 'lag_6': 0.056812463811294345, 'lag_7': 0.19703628359109676, 'lag_8': 0.2936248525921773, 'lag_9': 0.41988678201250607, 'lag_10': 0.8699254622244907, 'lag_11': 0.17686097290617583, 'lag_12': 0.006506037838781231, 'lag_13': 0.15981821936364413, 'lag_14': 0.6806926655074729, 'lag_15': 0.07031050903533481, 'lag_16': 0.38900210238377425, 'lag_17': 0.11006689405118852, 'lag_18': 0.0011216469925055539, 'lag_19': 0.6358267938039841, 'lag_20': 0.5141530415972917, 'lag_21': 0.8890190885487597, 'lag_22': 0.05572383414546497, 'lag_23': 0.10937973607434309, 'lag_24': 0.13857707559862342, 'lag_25': 0.8995259691279538, 'lag_26': 0.25189139009026573, 'lag_27': 0.7644049414268851, 'lag_28': 0.5229255039306517}. Best is trial 29 with value: 0.005591888602095481.
[I 2025-09-29 11:56:00,619] Trial 98 finished with value: 0.005761527562332359 and parameters: {'lag_0': 0.9382100262216615, 'lag_1': 0.08298219368079304, 'lag_2': 0.5868281849111836, 'lag_3': 0.667139985732971, 'lag_4': 0.3325256706790106, 'lag_5': 0.19287514903200592, 'lag_6': 0.5036828442058664, 'lag_7': 0.2553580904531567, 'lag_8': 0.35880507231724856, 'lag_9': 0.6342145708039645, 'lag_10': 0.2883262371966847, 'lag_11': 0.890680203372376, 'lag_12': 0.9752806160914171, 'lag_13': 0.3480279812189997, 'lag_14': 0.14138090192004707, 'lag_15': 0.7929981787153345, 'lag_16': 0.19099611101645975, 'lag_17': 0.6244896064094255, 'lag_18': 0.043883731226995557, 'lag_19': 0.9467268788805813, 'lag_20': 0.40629423710896545, 'lag_21': 0.7060353245025668, 'lag_22': 0.03042268321490678, 'lag_23': 0.22371102805546778, 'lag_24': 0.04617823576192293, 'lag_25': 0.6173121416061795, 'lag_26': 0.2849131416356648, 'lag_27': 0.9472606660672636, 'lag_28': 0.30260848749019864}. Best is trial 29 with value: 0.005591888602095481.
[I 2025-09-29 11:56:03,055] Trial 99 finished with value: 0.005725848704984016 and parameters: {'lag_0': 0.35969495362458853, 'lag_1': 0.1325689393398545, 'lag_2': 0.6980713493024996, 'lag_3': 0.9295238953053135, 'lag_4': 0.8440444047775464, 'lag_5': 0.0328103081381132, 'lag_6': 0.85171419250097, 'lag_7': 0.36648476291202203, 'lag_8': 0.1921211639667917, 'lag_9': 0.6751827395932049, 'lag_10': 0.7798216877149098, 'lag_11': 0.9462079934457993, 'lag_12': 0.7757931322752928, 'lag_13': 0.9387561722572906, 'lag_14': 0.3000626212937327, 'lag_15': 0.6607946760559573, 'lag_16': 0.5376528287871236, 'lag_17': 0.08209102099657628, 'lag_18': 0.08142771874835167, 'lag_19': 0.487586831251455, 'lag_20': 0.02629770896644683, 'lag_21': 0.11298970834424894, 'lag_22': 0.3244244654623095, 'lag_23': 0.27173226928543087, 'lag_24': 0.10262581842396908, 'lag_25': 0.5318617895390005, 'lag_26': 0.023069289015024953, 'lag_27': 0.10501661858601927, 'lag_28': 0.5528140781553125}. Best is trial 29 with value: 0.005591888602095481.
[I 2025-09-29 11:56:03,070] A new study created in memory with name: no-name-7ca34359-aa33-4d33-9ba4-37b3ad2d52ce
[I 2025-09-29 11:56:05,446] Trial 0 finished with value: 0.007514149702572759 and parameters: {'lag_0': 0.87204126867193, 'lag_1': 0.7709214106058486, 'lag_2': 0.7978211279693312, 'lag_3': 0.10726642229102355, 'lag_4': 0.5314289713725189, 'lag_5': 0.2922427289542838, 'lag_6': 0.310961016897502, 'lag_7': 0.7848351811590396, 'lag_8': 0.6621164930900975, 'lag_9': 0.48023781114115077, 'lag_10': 0.8763658168361762, 'lag_11': 0.5117130531164671, 'lag_12': 0.019232112687129283, 'lag_13': 0.8119945259592813, 'lag_14': 0.059195958033022876, 'lag_15': 0.05890791608613716, 'lag_16': 0.9625921336995984, 'lag_17': 0.8525206151166523, 'lag_18': 0.32537854848995057, 'lag_19': 0.28727647655796257, 'lag_20': 0.3571970956809369, 'lag_21': 0.6071206247267028, 'lag_22': 0.5637550763066603, 'lag_23': 0.17404350018480896, 'lag_24': 0.405536385914816, 'lag_25': 0.8083980119494711, 'lag_26': 0.2634863858997198, 'lag_27': 0.3358086004242738, 'lag_28': 0.14449599629059776}. Best is trial 0 with value: 0.007514149702572759.
[I 2025-09-29 11:56:07,813] Trial 1 finished with value: 0.007557961896256222 and parameters: {'lag_0': 0.5501600353128778, 'lag_1': 0.2461755832907119, 'lag_2': 0.6314276444207967, 'lag_3': 0.05235232699122447, 'lag_4': 0.7805280345168548, 'lag_5': 0.4379344782485972, 'lag_6': 0.8157485913626893, 'lag_7': 0.8504241688795281, 'lag_8': 0.6995565189729503, 'lag_9': 0.059540826762406594, 'lag_10': 0.22052785825282528, 'lag_11': 0.5126248464617055, 'lag_12': 0.31986443756459726, 'lag_13': 0.17663133567360356, 'lag_14': 0.5413533267442693, 'lag_15': 0.11600803058514723, 'lag_16': 0.3450588347937694, 'lag_17': 0.31334029301218785, 'lag_18': 0.09003455309319791, 'lag_19': 0.09324377756357452, 'lag_20': 0.6538267140085907, 'lag_21': 0.9255175099619937, 'lag_22': 0.6417517360203695, 'lag_23': 0.2967396545632222, 'lag_24': 0.18808664831578728, 'lag_25': 0.3968679050339052, 'lag_26': 0.38073065107558707, 'lag_27': 0.7089744619112707, 'lag_28': 0.9332310270372982}. Best is trial 0 with value: 0.007514149702572759.
[I 2025-09-29 11:56:10,188] Trial 2 finished with value: 0.007529089542974833 and parameters: {'lag_0': 0.018491180894591633, 'lag_1': 0.9345550606038622, 'lag_2': 0.4400605518572278, 'lag_3': 0.9175212747789924, 'lag_4': 0.7917692913835233, 'lag_5': 0.10961243032327071, 'lag_6': 0.3117982359809011, 'lag_7': 0.21892346098698204, 'lag_8': 0.7483225541018881, 'lag_9': 0.5567002410957218, 'lag_10': 0.16362238536435741, 'lag_11': 0.7165026671549047, 'lag_12': 0.290018923225145, 'lag_13': 0.3739620643924732, 'lag_14': 0.792454084276714, 'lag_15': 0.8699907910766975, 'lag_16': 0.3837365735717267, 'lag_17': 0.3108621060828575, 'lag_18': 0.3522694299186423, 'lag_19': 0.5205914604409491, 'lag_20': 0.7115706487417074, 'lag_21': 0.9849743875977317, 'lag_22': 0.3765013649704651, 'lag_23': 0.9977777476064142, 'lag_24': 0.6921798492324372, 'lag_25': 0.9579199964497317, 'lag_26': 0.07045785653701746, 'lag_27': 0.6395238061344444, 'lag_28': 0.32228920619797663}. Best is trial 0 with value: 0.007514149702572759.
