[I 2025-10-03 11:32:52,965] Trial 38 finished with values: [0.09521116780045354, 0.003734183913651423, 0.0010697990399462676, 0.0004452255437976934, 0.002100352031700334, 0.0007066522292847162, 0.00025584210102626103, 0.0005429105342566675, 0.003022250720676319, 0.0004632756111856991, 0.0001196341686919333, 0.00014481495473886365, 0.006661656838380067, 0.012040630461934022, 0.0, 0.004186800665711339, 0.00782660582469879, 0.001450340581944095, 6.329855197777631e-05, 0.0016039532715968522, 0.0004530308123159762, 0.0005045592432610711, 0.0006864053132928434, 0.002820271343818545, 0.0021086244924222327, 9.656460425282518e-05, 0.00028245142184756314, 0.001596834949465396, 0.004344366836817948] and parameters: {'lag_0': 0.20202267002809518, 'lag_1': 0.8360397271840966, 'lag_2': 0.593502473346543, 'lag_3': 0.11008856504082158, 'lag_4': 0.4717280079837017, 'lag_5': 0.17467087573769044, 'lag_6': 0.5463998995946244, 'lag_7': 0.7759667110757504, 'lag_8': 0.6017327617457198, 'lag_9': 0.7389748318650817, 'lag_10': 0.2534108533597285, 'lag_11': 0.07083879038694095, 'lag_12': 0.18977197332421714, 'lag_13': 0.41113170462565696, 'lag_14': 0.6844194681649494, 'lag_15': 0.6154920057383687, 'lag_16': 0.6313091055359858, 'lag_17': 0.8286468883921098, 'lag_18': 0.12957683624367755, 'lag_19': 0.7758889914798965, 'lag_20': 0.11338505101311643, 'lag_21': 0.48453981101533367, 'lag_22': 0.9471481960110232, 'lag_23': 0.14663035110027756, 'lag_24': 0.3077687388190456, 'lag_25': 0.7635563577982761, 'lag_26': 0.3011903506121305, 'lag_27': 0.5811627197972957, 'lag_28': 0.9121040829762178}.
[I 2025-10-03 11:32:55,614] Trial 39 finished with values: [0.1379591836734694, 0.0013731812678628567, 0.00046045061309728415, 0.001960349570198836, 0.0018854576049194965, 0.00027892817496114834, 0.0002884957072516089, 0.00045203364305061993, 0.0025652779979635962, 0.0004745780404721762, 7.508101655753321e-05, 7.151821678236222e-06, 0.008588978791569874, 0.009828768205552946, 0.0, 0.004150084791810087, 0.0075008377619122674, 0.0006156506130949038, 3.4970215282235356e-05, 0.0016403110896471586, 0.0006189901384558393, 0.0002762401922763776, 0.0007474273749858843, 0.00257092402134143, 0.0020908119990247385, 5.189696991127334e-05, 0.0008774395672103889, 0.0011145421185183133, 0.009629696694679576] and parameters: {'lag_0': 0.36386405650018444, 'lag_1': 0.32083118219250345, 'lag_2': 0.5310732192803087, 'lag_3': 0.05097481143922979, 'lag_4': 0.7073893592821394, 'lag_5': 0.4334812006095161, 'lag_6': 0.8252164947314891, 'lag_7': 0.1264269395755008, 'lag_8': 0.7679592819243092, 'lag_9': 0.9169087637352946, 'lag_10': 0.022867427950520436, 'lag_11': 0.7056721884234297, 'lag_12': 0.7186870831833474, 'lag_13': 0.03794312563658511, 'lag_14': 0.4323631594213847, 'lag_15': 0.5614374621423405, 'lag_16': 0.7466803374865529, 'lag_17': 0.09656546776570495, 'lag_18': 0.24836354155229495, 'lag_19': 0.6635131330699878, 'lag_20': 0.7698101861185253, 'lag_21': 0.8642004073378083, 'lag_22': 0.05367458194121766, 'lag_23': 0.8134084072223404, 'lag_24': 0.9752959241388448, 'lag_25': 0.1166665659244151, 'lag_26': 0.4814268324229608, 'lag_27': 0.7275204596049145, 'lag_28': 0.8569539005378459}.
[I 2025-10-03 11:32:58,260] Trial 40 finished with values: [0.10224489795918368, 0.0031887496544393775, 0.0014021745595203358, 0.0007467136734094703, 0.0031139729210167737, 0.00034597199354559376, 0.0003478911177310294, 0.00021704191740619868, 0.0032924147708199235, 0.00037723392539974385, 0.00015173411080167436, 0.0001593513802722538, 0.008819915969236593, 0.011720315127358948, 0.0, 0.004419873763963054, 0.008742684695112643, 0.0013449226035972426, 0.00011504170197839539, 0.0018622308751934662, 0.0008847156537634331, 0.0005699559384156066, 0.000571253966938171, 0.003015917406288644, 0.0011020043906618056, 0.00010606189346285398, 0.0002807223661805137, 0.0027339351219050423, 0.0049657784096139215] and parameters: {'lag_0': 0.4003085410698044, 'lag_1': 0.39180719745350484, 'lag_2': 0.8912566531697401, 'lag_3': 0.4761487623093792, 'lag_4': 0.5665101061059258, 'lag_5': 0.7783951068806864, 'lag_6': 0.829095410378155, 'lag_7': 0.7201856353391217, 'lag_8': 0.14031696968123433, 'lag_9': 0.015954168351253403, 'lag_10': 0.7528182139241705, 'lag_11': 0.2157591881682239, 'lag_12': 0.4822374445514277, 'lag_13': 0.6219675276491682, 'lag_14': 0.4551528256893464, 'lag_15': 0.04727361985040986, 'lag_16': 0.3961953038493549, 'lag_17': 0.5768262359988443, 'lag_18': 0.6948151042496674, 'lag_19': 0.23132666657043682, 'lag_20': 0.08703059548547246, 'lag_21': 0.8617765820745824, 'lag_22': 0.8676359372644096, 'lag_23': 0.9922841148958006, 'lag_24': 0.6406584696744597, 'lag_25': 0.30323458500869616, 'lag_26': 0.6464060268152338, 'lag_27': 0.7288192600522791, 'lag_28': 0.5007968215109714}.
[I 2025-10-03 11:33:00,908] Trial 41 finished with values: [0.08615313208616782, 0.0025187640137900404, 0.0011718439044740296, 0.00035120814357615204, 0.001972097832226405, 0.00029590139726168725, 0.0004206949723577073, 0.0005740100752733657, 0.004300383115675367, 0.0001855704316314212, 0.00022061520589404795, 0.00011994255579694404, 0.008147563001071324, 0.010977066907755805, 0.0, 0.006660615791992527, 0.007747746957994758, 0.0011301407455305474, 0.0001793300609805625, 0.0020786029459372744, 0.0008923354938616703, 0.00042898527123160234, 0.0009655569278697968, 0.0022674259665962497, 0.0020723267026415007, 0.00017976928328235068, 0.0002568684545963301, 0.0028935875482528385, 0.005372505540811716] and parameters: {'lag_0': 0.5626766543955046, 'lag_1': 0.6170986811465146, 'lag_2': 0.44031219694921403, 'lag_3': 0.5378586020492631, 'lag_4': 0.296381369163156, 'lag_5': 0.6750490134503289, 'lag_6': 0.4494761926742283, 'lag_7': 0.9407327128127587, 'lag_8': 0.9715871172090197, 'lag_9': 0.6311878840509785, 'lag_10': 0.15688944056235485, 'lag_11': 0.15700685328002037, 'lag_12': 0.3349244993175564, 'lag_13': 0.8559738658809504, 'lag_14': 0.1556116722191855, 'lag_15': 0.6010692442962475, 'lag_16': 0.6446417694553662, 'lag_17': 0.47623018117220284, 'lag_18': 0.6266882040582282, 'lag_19': 0.9488173523351207, 'lag_20': 0.4591446211988345, 'lag_21': 0.5956740620372867, 'lag_22': 0.7246338253120967, 'lag_23': 0.32338247174923657, 'lag_24': 0.21941688325382028, 'lag_25': 0.313230623044195, 'lag_26': 0.6238388507872369, 'lag_27': 0.8344938922548065, 'lag_28': 0.6525364199784898}.
[I 2025-10-03 11:33:03,558] Trial 42 finished with values: [0.11183673469387756, 0.003012309732364003, 0.0004907208034521484, 0.0002843128340270282, 0.0008892179976834819, 0.0012493362343851207, 0.00014749676197746173, 0.00013363504223168574, 0.00333562426800759, 0.0002620233437560258, 0.0002697674546400455, 0.00020246013181414178, 0.009552978947007174, 0.010174152982792806, 0.0, 0.008442597798340662, 0.006587411314470664, 0.0007622977554054965, 0.0001452323108711721, 0.0015868979199692847, 0.0005859461923330156, 0.00037589559449586915, 0.0004971267855441462, 0.0027083794676554, 0.002001977033858746, 0.0002463729542153374, 0.00024944876105647163, 0.0030500114870035413, 0.0060714831423926] and parameters: {'lag_0': 0.7311744119594467, 'lag_1': 0.050855251798664874, 'lag_2': 0.006675217476450273, 'lag_3': 0.3263613151297167, 'lag_4': 0.5004130289154585, 'lag_5': 0.8753529325888294, 'lag_6': 0.7822959813210987, 'lag_7': 0.11152302863305974, 'lag_8': 0.5674827885536021, 'lag_9': 0.8506662940249355, 'lag_10': 0.09480208087575746, 'lag_11': 0.1235100574322118, 'lag_12': 0.6170423123491221, 'lag_13': 0.5672070743390506, 'lag_14': 0.08464720222947127, 'lag_15': 0.8484161871791358, 'lag_16': 0.8058862737911721, 'lag_17': 0.5691671958737088, 'lag_18': 0.38524298550162545, 'lag_19': 0.4800374630675861, 'lag_20': 0.39185664852720276, 'lag_21': 0.014594738521909683, 'lag_22': 0.04405924201446146, 'lag_23': 0.8110605433122705, 'lag_24': 0.4029320256580231, 'lag_25': 0.6723629656188225, 'lag_26': 0.9831724585487925, 'lag_27': 0.5323392801035894, 'lag_28': 0.055899851119471836}.
[I 2025-10-03 11:33:06,211] Trial 43 finished with values: [0.1379591836734694, 0.0020134210516006014, 0.006016990769208723, 0.001017813770581739, 0.0033128742103621864, 0.00036824539852294875, 0.00027653261691910284, 0.0004002639850467854, 0.0021444233916423664, 5.9441270993706e-05, 6.798187487825106e-05, 0.00015630564562766133, 0.007214175301128259, 0.011728900190900914, 0.0, 0.006838661454513635, 0.006421522357538516, 0.0008808205312031598, 0.00016013021120825106, 0.002158279294825477, 0.0006072188995294616, 0.0003224705284124302, 0.00038082019847689456, 0.0023192582095073735, 0.0013874146412045086, 0.00014523701128785175, 0.00020180969158190321, 0.0021143941654712165, 0.006393991092320114] and parameters: {'lag_0': 0.019116480905103008, 'lag_1': 0.587424488193694, 'lag_2': 0.6423292641756987, 'lag_3': 0.4777995126749813, 'lag_4': 0.034673508227881976, 'lag_5': 0.4915166328147161, 'lag_6': 0.6454947574694211, 'lag_7': 0.9319067171203766, 'lag_8': 0.9196563932195576, 'lag_9': 0.9428022126352508, 'lag_10': 0.013847505647720044, 'lag_11': 0.7574988969877524, 'lag_12': 0.9759853722004677, 'lag_13': 0.6310001331320624, 'lag_14': 0.41667316177409536, 'lag_15': 0.8208064299787375, 'lag_16': 0.48306868510814915, 'lag_17': 0.749429921627854, 'lag_18': 0.7097600408356984, 'lag_19': 0.3742402644798652, 'lag_20': 0.37598909226782234, 'lag_21': 0.5293087761024915, 'lag_22': 0.0329941294826023, 'lag_23': 0.728716394749174, 'lag_24': 0.7197054773721632, 'lag_25': 0.26065988938063306, 'lag_26': 0.856811994481229, 'lag_27': 0.9757018699042653, 'lag_28': 0.6491404197114113}.
[I 2025-10-03 11:33:08,871] Trial 44 finished with values: [0.1379591836734694, 0.003143235575795203, 0.0011011172529884973, 0.0008543534510597126, 0.0008359254354284718, 0.0004987839511149432, 0.0003731243448083932, 0.0005582880602152294, 0.0019377486001241485, 0.0005669635134889554, 0.00015692844657012045, 0.00015025241883364032, 0.00827732469788803, 0.011425620870049436, 0.0, 0.00729800326087549, 0.0073016807317834095, 0.0007698975120661822, 0.00010914676142838038, 0.0018816359415657843, 0.0008930259221823445, 0.0002509662072350422, 0.0006443997800199072, 0.0027349597219781764, 0.0025214817486258886, 0.0001358773643250833, 0.00017296034246851443, 0.002405383862901899, 0.005617718398751079] and parameters: {'lag_0': 0.9310149967245124, 'lag_1': 0.009636412564089767, 'lag_2': 0.3632877675695928, 'lag_3': 0.31771407528198037, 'lag_4': 0.21829841838813882, 'lag_5': 0.5807949984873546, 'lag_6': 0.9801221634899915, 'lag_7': 0.41351802385212394, 'lag_8': 0.7801902392032068, 'lag_9': 0.09966881009439313, 'lag_10': 0.9254397085433642, 'lag_11': 0.1643993178203568, 'lag_12': 0.837910512862449, 'lag_13': 0.8931442928276596, 'lag_14': 0.497893668400609, 'lag_15': 0.8596208297921557, 'lag_16': 0.0037771284738924607, 'lag_17': 0.8604892402267126, 'lag_18': 0.35859920490200486, 'lag_19': 0.20426731682763757, 'lag_20': 0.5373116762725165, 'lag_21': 0.26796626629416087, 'lag_22': 0.09748676616934929, 'lag_23': 0.2616310850021787, 'lag_24': 0.4737636638070473, 'lag_25': 0.8260081470773114, 'lag_26': 0.911486804803319, 'lag_27': 0.5878101801759239, 'lag_28': 0.2786711066991042}.
[I 2025-10-03 11:33:11,516] Trial 45 finished with values: [0.12510204081632653, 0.001118197300551392, 0.0015958010338242214, 0.0009367563347989318, 0.0006352016533168761, 0.0002698797036740946, 0.000193557084656668, 0.00019809616805300362, 0.001974049317331456, 0.0005280154426198704, 0.00016635207948842825, 0.00011767634314571126, 0.007445292266873479, 0.010567627188360193, 0.0, 0.007272538153371021, 0.006667580461470752, 0.0010910412737028651, 5.944974224530333e-05, 0.002213588286343328, 0.0010158310354607277, 0.0004917151244537737, 0.0008820797779799164, 0.002980678559437497, 0.002171536962207968, 0.00013581488055986027, 0.00038716232625769326, 0.0035667912263230225, 0.007518353372362554] and parameters: {'lag_0': 0.9725815247243937, 'lag_1': 0.22014710314985902, 'lag_2': 0.08988793500616267, 'lag_3': 0.3626236824961954, 'lag_4': 0.2187221577263024, 'lag_5': 0.3363387777911621, 'lag_6': 0.9043611242487334, 'lag_7': 0.34232831809229286, 'lag_8': 0.37424397118237945, 'lag_9': 0.38914779702061, 'lag_10': 0.10634249372400105, 'lag_11': 0.736811233191337, 'lag_12': 0.060160728007172266, 'lag_13': 0.6008541100674403, 'lag_14': 0.19636798143425552, 'lag_15': 0.06600531018188024, 'lag_16': 0.08157005969247381, 'lag_17': 0.3400129387852826, 'lag_18': 0.9941504392538846, 'lag_19': 0.9711257251623794, 'lag_20': 0.8946262906340845, 'lag_21': 0.5057178975836405, 'lag_22': 0.14526098407838728, 'lag_23': 0.6757923249035429, 'lag_24': 0.4979585140634592, 'lag_25': 0.13789862968696512, 'lag_26': 0.8621169935635744, 'lag_27': 0.5877092680867764, 'lag_28': 0.1975898843665872}.
[I 2025-10-03 11:33:14,164] Trial 46 finished with values: [0.14553854875283445, 0.002849595816984648, 0.0011927756314130292, 0.0021151132475132244, 0.0009488363140212361, 0.0005661043256625203, 0.0002726003417609821, 6.96396099859539e-05, 0.0035243948089368283, 0.00012709689696226064, 0.0001410503274595576, 0.00011033594924684833, 0.007955894941528308, 0.010728431977071054, 0.0, 0.0065277196839072914, 0.008446252779844923, 0.0007289009707680775, 0.0001062921952576828, 0.0019662871588274197, 0.0008959175874096332, 0.0006100330356077625, 0.0009511465087279647, 0.0024201811300199015, 0.0022673880635691534, 0.0001591229352835941, 0.0002728782887570351, 0.00349498237981473, 0.006871257243638196] and parameters: {'lag_0': 0.7200015788756319, 'lag_1': 0.8988678455072459, 'lag_2': 0.9899414209576639, 'lag_3': 0.7905681587628645, 'lag_4': 0.7849797974326662, 'lag_5': 0.9749944364805273, 'lag_6': 0.8429784402170378, 'lag_7': 0.6477623071248293, 'lag_8': 0.2641837676308443, 'lag_9': 0.4275340606211632, 'lag_10': 0.8625485823308493, 'lag_11': 0.10808251679682997, 'lag_12': 0.6931378598525317, 'lag_13': 0.5265648259641258, 'lag_14': 0.7339796089856462, 'lag_15': 0.7377309548854767, 'lag_16': 0.7941205297207896, 'lag_17': 0.38047561990317164, 'lag_18': 0.5998143213896312, 'lag_19': 0.8507586370545459, 'lag_20': 0.2859354007684238, 'lag_21': 0.1590079186972978, 'lag_22': 0.35042600812431546, 'lag_23': 0.7074860809957416, 'lag_24': 0.9139831957549708, 'lag_25': 0.767307483830882, 'lag_26': 0.10175193758909629, 'lag_27': 0.30358908552933095, 'lag_28': 0.43123189803291895}.
[I 2025-10-03 11:33:16,817] Trial 47 finished with values: [0.11877551020408164, 0.0027053073532484853, 0.0008319557113456675, 0.0005409297497710557, 0.001223735534071907, 0.0002820197221322877, 0.00021711102013074524, 0.00014231405678816596, 0.0023739364472310136, 0.00012890350375782008, 0.000103903990841553, 5.9537540291834854e-05, 0.00925784287326264, 0.010348092894732722, 0.0, 0.006846846181084379, 0.00518266019868475, 0.0008084954598220583, 0.00010977083661048624, 0.0019560623183736033, 0.0004772527116286422, 0.0003596375860166684, 0.0003293461562957907, 0.002142251193681022, 0.0018874340369075316, 0.0001283826260747645, 0.0005700991952992244, 0.002404912246701447, 0.007308641975308641] and parameters: {'lag_0': 0.8186344920984632, 'lag_1': 0.11495821199601908, 'lag_2': 0.23277540721319076, 'lag_3': 0.6039182704708438, 'lag_4': 0.791645534952172, 'lag_5': 0.49102845815104373, 'lag_6': 0.07362428322331369, 'lag_7': 0.013277226368135542, 'lag_8': 0.15550670690261179, 'lag_9': 0.8301837298399902, 'lag_10': 0.18660452934744515, 'lag_11': 0.18789134806091448, 'lag_12': 0.17012015937756694, 'lag_13': 0.16756797543623783, 'lag_14': 0.9905132603849586, 'lag_15': 0.48943582997405155, 'lag_16': 0.985703189509016, 'lag_17': 0.534914040595714, 'lag_18': 0.1014255189710695, 'lag_19': 0.7400876104652854, 'lag_20': 0.07392369996892233, 'lag_21': 0.7745677318454327, 'lag_22': 0.9509342296126263, 'lag_23': 0.9128247577756519, 'lag_24': 0.48071850244805986, 'lag_25': 0.8315432272873586, 'lag_26': 0.02809296311830827, 'lag_27': 0.5496734859117887, 'lag_28': 0.9641911441744875}.
[I 2025-10-03 11:33:19,468] Trial 48 finished with values: [0.11183673469387756, 0.0015478047121022613, 0.0010159209657513754, 0.0006030418005472496, 0.002472255409583438, 0.0008375489965452667, 0.0005216643202633792, 0.00033179624576219725, 0.002535677362902058, 0.0003037069962624604, 0.00012907418925725268, 0.00020908005240374258, 0.00931627953147913, 0.011782025715121875, 0.0, 0.0072880870892646, 0.0060835310541124555, 0.0016106258958992765, 8.954151294230319e-05, 0.0019177904304475153, 0.0007489003597812962, 0.00034452057855124024, 0.001425234316531372, 0.002353577042621206, 0.0017939981512556328, 0.0001024487775021943, 0.0005371722468264518, 0.0025259664599329586, 0.005394153054830734] and parameters: {'lag_0': 0.9754907518954798, 'lag_1': 0.35140205307072425, 'lag_2': 0.7296968208214809, 'lag_3': 0.2923124447729394, 'lag_4': 0.9782453323234394, 'lag_5': 0.13016902653689608, 'lag_6': 0.35049922267750316, 'lag_7': 0.43378344570693866, 'lag_8': 0.24161646111410476, 'lag_9': 0.16257404313141693, 'lag_10': 0.9406814876566187, 'lag_11': 0.8181091428621479, 'lag_12': 0.7326163930042465, 'lag_13': 0.6074571240394468, 'lag_14': 0.6153713895755754, 'lag_15': 0.29330023236304975, 'lag_16': 0.5486156499068312, 'lag_17': 0.019669599055115432, 'lag_18': 0.27332444539069867, 'lag_19': 0.8611735171488477, 'lag_20': 0.6039407140901318, 'lag_21': 0.8108673079395691, 'lag_22': 0.669575209767172, 'lag_23': 0.40239905639760887, 'lag_24': 0.9297177220804338, 'lag_25': 0.8949381148926061, 'lag_26': 0.9410936573954787, 'lag_27': 0.7688084943278708, 'lag_28': 0.1165050399137909}.
[I 2025-10-03 11:33:22,112] Trial 49 finished with values: [0.10439129701467365, 0.0013638005617424766, 0.0009774319657160882, 0.0017591469279976829, 0.00266458390843556, 0.0004285142542933499, 0.0005215295471730083, 0.00047612810789852733, 0.004236582173899205, 0.0003330118085584797, 0.00028227217394164366, 0.00018151123528286047, 0.009119653874569518, 0.012929310446474445, 0.0, 0.005232196024446762, 0.006270172501112475, 0.0010495698262714902, 0.00018754228465623897, 0.001988875469980623, 0.0005738016258522779, 0.00024646267704584834, 0.0004578303763756013, 0.002745527953475961, 0.001974929415334231, 0.00012996870591609863, 0.00025071701685938283, 0.003057832105020385, 0.007102885541209724] and parameters: {'lag_0': 0.5906961406714509, 'lag_1': 0.4986980647582148, 'lag_2': 0.9903958499311685, 'lag_3': 0.9581848644594765, 'lag_4': 0.8437120457220656, 'lag_5': 0.3119624075453399, 'lag_6': 0.9630391910775489, 'lag_7': 0.8713353547827689, 'lag_8': 0.911636931311246, 'lag_9': 0.3437005464780614, 'lag_10': 0.2443084534945722, 'lag_11': 0.040474969861228116, 'lag_12': 0.5954703370091136, 'lag_13': 0.5289973496793021, 'lag_14': 0.5577284361583875, 'lag_15': 0.8228908007444654, 'lag_16': 0.3175799724745964, 'lag_17': 0.18040344400120195, 'lag_18': 0.9660163088497233, 'lag_19': 0.7796056722716315, 'lag_20': 0.12464558659664265, 'lag_21': 0.8853451930457755, 'lag_22': 0.833353425816078, 'lag_23': 0.6092700888700713, 'lag_24': 0.7984860557012172, 'lag_25': 0.631626589203317, 'lag_26': 0.4935169901224609, 'lag_27': 0.515097688503796, 'lag_28': 0.8579524198312314}.
[I 2025-10-03 11:33:24,769] Trial 50 finished with values: [0.1379591836734694, 0.0025048664354290133, 0.0006967495461070968, 0.0012024532868530886, 0.0026717259328865864, 0.0003515014645100601, 0.00014939448340221953, 0.0004886087427641272, 0.0030659333339177275, 0.00021456115165389877, 0.0002074338659703595, 0.00014782316602719934, 0.009064534194241056, 0.010033154233216952, 0.0, 0.007136933591418692, 0.007972815748356052, 0.0010331410482359623, 0.00022263962508419277, 0.0017189773939912654, 0.000774740764979346, 0.00046669930067914933, 0.0007774478164141518, 0.0033337534295757544, 0.0019577444087908206, 0.00010003486565779707, 0.0002005431335322062, 0.0020057052724474704, 0.0069018358702282265] and parameters: {'lag_0': 0.62269582885434, 'lag_1': 0.050855251798664874, 'lag_2': 0.9675817433357745, 'lag_3': 0.3263613151297167, 'lag_4': 0.5004130289154585, 'lag_5': 0.8753529325888294, 'lag_6': 0.1777227909566584, 'lag_7': 0.11152302863305974, 'lag_8': 0.5674827885536021, 'lag_9': 0.48864010113738604, 'lag_10': 0.09480208087575746, 'lag_11': 0.09989126859792564, 'lag_12': 0.8723816662307309, 'lag_13': 0.9930860972389111, 'lag_14': 0.2294617274249213, 'lag_15': 0.8484161871791358, 'lag_16': 0.8058862737911721, 'lag_17': 0.5691671958737088, 'lag_18': 0.21886048200064037, 'lag_19': 0.4800374630675861, 'lag_20': 0.39185664852720276, 'lag_21': 0.014594738521909683, 'lag_22': 0.6619000032645619, 'lag_23': 0.4259149879875479, 'lag_24': 0.08090743610715223, 'lag_25': 0.6723629656188225, 'lag_26': 0.8233122363851823, 'lag_27': 0.511508588945709, 'lag_28': 0.055899851119471836}.
