[I 2025-10-03 11:38:01,832] Trial 55 finished with values: [0.013188821505423724, 0.0015030152295507965, 0.004350020064037923, 0.0004924864986668686, 0.004051073585596374, 0.0018565578813918835, 0.0010579080988367038, 0.002310658593799624, 0.003360912748660836, 0.000623818712431644, 0.0007216102078321393, 0.00022411266603624718, 0.009245064453197421, 0.02176504487950204, 0.0, 0.025717752098209794, 0.014601555774635053, 0.0046817946672619085, 0.0007719002743563285, 6.203346998765748e-05, 0.0009304843859306224, 0.0013838824193704957, 0.0008364891374547864, 0.0017987357786828546, 0.00030153088081826343, 0.00011985948628672213, 0.0005766252544543325, 0.0016878456318482106, 0.0025983590269465172] and parameters: {'lag_0': 0.7461174506789341, 'lag_1': 0.33858201838624896, 'lag_2': 0.8849951815906987, 'lag_3': 0.4025036330991407, 'lag_4': 0.9249483420336508, 'lag_5': 0.5222462134805747, 'lag_6': 0.19377856677549024, 'lag_7': 0.22805422276882464, 'lag_8': 0.7568675551159103, 'lag_9': 0.40443332693423684, 'lag_10': 0.46443615607829475, 'lag_11': 0.5463348153921914, 'lag_12': 0.9433388642692889, 'lag_13': 0.0008162541948699055, 'lag_14': 0.36138692345330015, 'lag_15': 0.4164012389105637, 'lag_16': 0.4025474914511189, 'lag_17': 0.3802417342388413, 'lag_18': 0.5817734430745085, 'lag_19': 0.4745115966418574, 'lag_20': 0.9101256121814376, 'lag_21': 0.8713176073922664, 'lag_22': 0.7457489672312292, 'lag_23': 0.7140496758167609, 'lag_24': 0.45635448939209694, 'lag_25': 0.8216289967863399, 'lag_26': 0.05185241838388107, 'lag_27': 0.12645725843706035, 'lag_28': 0.2978208604079666}.
[I 2025-10-03 11:38:04,503] Trial 56 finished with values: [0.0214158239143367, 0.0004965912814820665, 0.000497531196962603, 0.0008682889043833232, 0.003480251461417408, 0.0036817719560269828, 0.0011702765602735871, 0.0026176599153592698, 0.0030025320863912284, 0.00048610466867423746, 0.0003829899872715689, 0.000659650971485008, 0.008613283263742883, 0.02246070298784514, 0.0, 0.028578671710442843, 0.01744292821384643, 0.0044910814488667815, 0.0005778704498107269, 9.432463021156532e-05, 0.0008348085215778442, 0.0013031807206949975, 0.001015304577946778, 0.0015549795385949561, 0.00024413936001282358, 5.9464983993406266e-05, 0.0011256001221554666, 0.0023985105250586953, 0.002022152695140607] and parameters: {'lag_0': 0.0952590800373895, 'lag_1': 0.9725136858558638, 'lag_2': 0.7662029653535115, 'lag_3': 0.7049267179840782, 'lag_4': 0.11905160307647879, 'lag_5': 0.5775377893834376, 'lag_6': 0.9501108109597933, 'lag_7': 0.022253869806475143, 'lag_8': 0.5433751967011242, 'lag_9': 0.2740417755747066, 'lag_10': 0.35454155625210537, 'lag_11': 0.4916614171639211, 'lag_12': 0.5737314947234217, 'lag_13': 0.9397797067436119, 'lag_14': 0.09198972598774591, 'lag_15': 0.3801474952494894, 'lag_16': 0.6618518738609326, 'lag_17': 0.2277870740306359, 'lag_18': 0.41299471603014193, 'lag_19': 0.14975183037305342, 'lag_20': 0.7906820553792363, 'lag_21': 0.12059311651704391, 'lag_22': 0.4905056652981486, 'lag_23': 0.45040655167768817, 'lag_24': 0.5174730909806035, 'lag_25': 0.10656148773899755, 'lag_26': 0.7468585373689358, 'lag_27': 0.8617781607241194, 'lag_28': 0.9338999281028192}.
[I 2025-10-03 11:38:07,173] Trial 57 finished with values: [0.017747208715788023, 0.007201120335264174, 0.001978966005102235, 0.0023201718558209976, 0.002219615249726183, 0.004087181521646185, 0.002582323874871189, 0.004900841593290658, 0.0042159083790116085, 0.0005120900147270114, 0.0006734171478208903, 8.702460824663717e-05, 0.009079732534903956, 0.02117753936610773, 0.0, 0.023292147270104167, 0.014942162022841054, 0.004180548941550126, 0.0007069585756953939, 0.0001273042464768529, 0.001155290149001624, 0.0014226490594670027, 0.0004978162831842505, 0.001366487108825086, 0.00036002203457897715, 5.0693564585623205e-05, 0.0006363267154956072, 0.0017059350341372876, 0.0012511428851645257] and parameters: {'lag_0': 0.7600819112120779, 'lag_1': 0.696337583104391, 'lag_2': 0.017692469360921254, 'lag_3': 0.35896602210119827, 'lag_4': 0.25666357022120806, 'lag_5': 0.11419525983903456, 'lag_6': 0.7059888859085371, 'lag_7': 0.8096550091032253, 'lag_8': 0.8888811781345201, 'lag_9': 0.9154249328953897, 'lag_10': 0.5017273828972565, 'lag_11': 0.18767052116733376, 'lag_12': 0.06514753491975646, 'lag_13': 0.5358989678493891, 'lag_14': 0.7309836863716914, 'lag_15': 0.9588352734646225, 'lag_16': 0.4432304670003531, 'lag_17': 0.29232128889947084, 'lag_18': 0.06023669912033513, 'lag_19': 0.5444533415843708, 'lag_20': 0.97222574196572, 'lag_21': 0.6667812263360061, 'lag_22': 0.6528907535087358, 'lag_23': 0.12391849754687578, 'lag_24': 0.10012329205428877, 'lag_25': 0.0746068497781466, 'lag_26': 0.4933508024874888, 'lag_27': 0.6814339741146503, 'lag_28': 0.6378446126526807}.
[I 2025-10-03 11:38:09,846] Trial 58 finished with values: [0.02027219247802234, 0.0010460634911769703, 0.000976070673760702, 0.000635511638080054, 0.0029857884618381533, 0.0028580395976160093, 0.002201708930234726, 0.0019222051804541826, 0.00260885847131694, 0.0003528334643597296, 0.0002899127639773953, 0.0001096993381028835, 0.009479413809007155, 0.02089334703124468, 0.0, 0.020896891635236555, 0.014130810064097022, 0.0037738472439659194, 0.0006497334041766606, 0.0001649019923674482, 0.0007389345529240269, 0.0010922817311525977, 0.0008172811593984237, 0.0016974265610774023, 0.00023634191423730096, 0.00041262872751081397, 0.0011854865540465503, 0.0013088460380964778, 0.0033113722501573344] and parameters: {'lag_0': 0.9431905641953308, 'lag_1': 0.019101462770844863, 'lag_2': 0.5531189485978768, 'lag_3': 0.3548206102001734, 'lag_4': 0.7063469123002192, 'lag_5': 0.5222462134805747, 'lag_6': 0.07031519865407561, 'lag_7': 0.7062353745105825, 'lag_8': 0.2768100364739352, 'lag_9': 0.12233540034843506, 'lag_10': 0.5520852777033297, 'lag_11': 0.5463348153921914, 'lag_12': 0.16553641316739048, 'lag_13': 0.6165315800184133, 'lag_14': 0.36138692345330015, 'lag_15': 0.11806790755189939, 'lag_16': 0.22093751515332005, 'lag_17': 0.9169424965453952, 'lag_18': 0.9975342988088062, 'lag_19': 0.41052477440037116, 'lag_20': 0.9101256121814376, 'lag_21': 0.8713176073922664, 'lag_22': 0.570790072794824, 'lag_23': 0.719912206930405, 'lag_24': 0.5044604857697326, 'lag_25': 0.6215456708180688, 'lag_26': 0.6233051811307929, 'lag_27': 0.3807209638783891, 'lag_28': 0.2978208604079666}.
[I 2025-10-03 11:38:12,517] Trial 59 finished with values: [0.0214158239143367, 0.0012103193180149426, 0.00027600128588518814, 0.001536573723614369, 0.00476229715848032, 0.0022054140409717453, 0.003885118526002304, 0.0022870208034982903, 0.002076906995659507, 0.0005854146549140531, 0.0009781439729252175, 0.000372605549350052, 0.007931962793985087, 0.02233977528739027, 0.0, 0.02939344209317648, 0.016161016282942205, 0.004344791203182446, 0.0009156835445857756, 0.0001170831251724107, 0.0008304471913114251, 0.0014601876947051549, 0.0010218692581638927, 0.0017104107941279037, 0.0001079625695677081, 0.00014359665200669946, 0.0006490044628532801, 0.0015084407045424704, 0.0013800185124299238] and parameters: {'lag_0': 0.5532420788032549, 'lag_1': 0.05351370683029928, 'lag_2': 0.16087213316745708, 'lag_3': 0.625499031409566, 'lag_4': 0.1469204469295911, 'lag_5': 0.5032067954892074, 'lag_6': 0.17703006085083797, 'lag_7': 0.7147668441238898, 'lag_8': 0.21930239883392602, 'lag_9': 0.40443332693423684, 'lag_10': 0.2653533153860518, 'lag_11': 0.06015739997542778, 'lag_12': 0.5138093408318378, 'lag_13': 0.6254252873001113, 'lag_14': 0.5089137859262228, 'lag_15': 0.34046946360162944, 'lag_16': 0.4025474914511189, 'lag_17': 0.3802417342388413, 'lag_18': 0.8622129441567783, 'lag_19': 0.4745115966418574, 'lag_20': 0.7797629182474168, 'lag_21': 0.21289161249105948, 'lag_22': 0.7457489672312292, 'lag_23': 0.3090187083271747, 'lag_24': 0.7063526210799393, 'lag_25': 0.14616105860698905, 'lag_26': 0.6254317787558813, 'lag_27': 0.16749155219685966, 'lag_28': 0.2506185937984303}.
[I 2025-10-03 11:38:15,178] Trial 60 finished with values: [0.01721528190891665, 0.0003829645960964561, 0.00015777054055351382, 8.872988412928543e-05, 0.004323960767056844, 0.002037625774432797, 0.00245054519706668, 0.0020688726109284127, 0.0023238630701788816, 0.0008267628384836311, 0.0009727604710826042, 0.00014702192856527198, 0.008560731285763571, 0.019646352627225677, 0.0, 0.02716365196879847, 0.014945349977242431, 0.0046942663248736825, 0.00053986781180582, 0.00017485881650718875, 0.0010057323822246296, 0.0015792916127464064, 0.0005328670377173184, 0.0020644493241815933, 0.00014378627213423753, 0.00011870309374450682, 0.0013438239612479715, 0.0018671369311094722, 0.0006700777885775405] and parameters: {'lag_0': 0.40631700571615753, 'lag_1': 0.38712594846430637, 'lag_2': 0.6696850848145917, 'lag_3': 0.4820539844260447, 'lag_4': 0.47492006222963973, 'lag_5': 0.06875724173148191, 'lag_6': 0.062207699069821036, 'lag_7': 0.9399530390941493, 'lag_8': 0.03403234123823637, 'lag_9': 0.41513536704033394, 'lag_10': 0.883502193128039, 'lag_11': 0.13132180143471583, 'lag_12': 0.8584106449862723, 'lag_13': 0.19732541895127176, 'lag_14': 0.5554184591965554, 'lag_15': 0.9944489134899955, 'lag_16': 0.824363143464561, 'lag_17': 0.9160364801435849, 'lag_18': 0.18694312799581247, 'lag_19': 0.17249308840478883, 'lag_20': 0.8615907583174401, 'lag_21': 0.12202254438128912, 'lag_22': 0.8957904310500411, 'lag_23': 0.8339383988204996, 'lag_24': 0.08329976402451436, 'lag_25': 0.6664993918997066, 'lag_26': 0.0644952053805863, 'lag_27': 0.7895431436558562, 'lag_28': 0.922690806136541}.
[I 2025-10-03 11:38:17,843] Trial 61 finished with values: [0.01438912453491687, 0.0013445256563794465, 0.0015965394364895603, 0.00033377705825226635, 0.0016051145713870698, 0.002201131250000636, 0.001659621769067443, 0.003448404793246166, 0.0027560861340144857, 0.0003039821796213299, 0.0003029056330624171, 0.0001956148147484507, 0.00930992895967987, 0.020564574106039245, 0.0, 0.024601830585151373, 0.015574824050531256, 0.0043699554941528645, 0.0007069965609286794, 8.363498306228456e-05, 0.0010198949157099635, 0.001156547773541212, 0.0009500098619523303, 0.0015835507996276436, 0.00017551735183258033, 7.617970893619675e-05, 0.0007632662808457864, 0.0017547598057183222, 0.0012161449826483936] and parameters: {'lag_0': 0.2848668741472173, 'lag_1': 0.39918482016439266, 'lag_2': 0.3494727502936362, 'lag_3': 0.2955425506928217, 'lag_4': 0.34854920940267786, 'lag_5': 0.03448445260805971, 'lag_6': 0.22080346186221023, 'lag_7': 0.7726916743018858, 'lag_8': 0.5455452339077307, 'lag_9': 0.90513894346692, 'lag_10': 0.04788989712115576, 'lag_11': 0.03332670520519326, 'lag_12': 0.9413146653592155, 'lag_13': 0.5132617852752096, 'lag_14': 0.08821376782740625, 'lag_15': 0.8984662616053649, 'lag_16': 0.7616785357518685, 'lag_17': 0.6009717433455007, 'lag_18': 0.6260056060828888, 'lag_19': 0.01276831160683513, 'lag_20': 0.564895257402661, 'lag_21': 0.7854445024724844, 'lag_22': 0.18437844860633004, 'lag_23': 0.7785712698324198, 'lag_24': 0.22571504054376643, 'lag_25': 0.5827410972555648, 'lag_26': 0.2981834251009135, 'lag_27': 0.5727841412501916, 'lag_28': 0.31862767506134587}.
[I 2025-10-03 11:38:20,507] Trial 62 finished with values: [0.0214158239143367, 0.00868249651962302, 0.0028209835521347372, 0.0011093609032816938, 0.0013642415067878905, 0.0037289455429006177, 0.0017677471943208488, 0.0021513776142605295, 0.003293881377145256, 0.0008384977872726917, 0.0007836847872313717, 0.00023658616651439423, 0.009521228765606002, 0.020237028409727163, 0.0, 0.02543730920975996, 0.014665145332799386, 0.004277872706381628, 0.0006598823519554795, 7.176379664395776e-05, 0.000978945398923729, 0.0012444277890947151, 0.001266884733805933, 0.0016386826989671969, 0.00034481399659704455, 0.00016530779724534795, 0.0006291490009124499, 0.0019102861585344796, 0.0015420047790836444] and parameters: {'lag_0': 0.9362022678173777, 'lag_1': 0.49621352510026967, 'lag_2': 0.8281732300591208, 'lag_3': 0.8039166076232501, 'lag_4': 0.8233005544633057, 'lag_5': 0.6847953053168951, 'lag_6': 0.2589298939665719, 'lag_7': 0.6276132651718728, 'lag_8': 0.620406347489682, 'lag_9': 0.7538428330864086, 'lag_10': 0.637661471355089, 'lag_11': 0.16584542555268086, 'lag_12': 0.4796319437138484, 'lag_13': 0.3311845715558221, 'lag_14': 0.10338314050680304, 'lag_15': 0.45723009912757295, 'lag_16': 0.7428775612880675, 'lag_17': 0.9949082448308589, 'lag_18': 0.9655413459893176, 'lag_19': 0.5611453032969301, 'lag_20': 0.9165838781044644, 'lag_21': 0.27143215345434496, 'lag_22': 0.3714041166643263, 'lag_23': 0.29339340642320805, 'lag_24': 0.564897856075355, 'lag_25': 0.178551210234962, 'lag_26': 0.04291331052504375, 'lag_27': 0.00896873712900523, 'lag_28': 0.3257372200807082}.
[I 2025-10-03 11:38:23,169] Trial 63 finished with values: [0.017562165377751338, 0.001146337936149348, 0.0035006255017233333, 0.0005792149127685513, 0.003808359274740726, 0.004633492532917225, 0.0032160175004852707, 0.0022176527607060577, 0.0020697558594763993, 0.0004619291999962159, 0.0007804916432738463, 6.302638995156045e-05, 0.010122583898327448, 0.02161204267394514, 0.0, 0.028715566426737976, 0.016072472272870945, 0.0036025523259600512, 0.001186567710478988, 0.00010156277024547221, 0.000979633659662442, 0.0013897948222548816, 0.0007031621365506494, 0.001268925716367687, 0.00014850806195971787, 0.0001128917670814334, 0.000985911486181636, 0.0018347276795964746, 0.0007477918796257898] and parameters: {'lag_0': 0.5443541822999768, 'lag_1': 0.9666677557849953, 'lag_2': 0.9844991107360561, 'lag_3': 0.21273794216399805, 'lag_4': 0.11905160307647879, 'lag_5': 0.05976053553800281, 'lag_6': 0.9501108109597933, 'lag_7': 0.7088136984395095, 'lag_8': 0.10532394235748545, 'lag_9': 0.6475642827041362, 'lag_10': 0.35454155625210537, 'lag_11': 0.6476146386944337, 'lag_12': 0.6668664133771239, 'lag_13': 0.9397797067436119, 'lag_14': 0.00781860647483358, 'lag_15': 0.8691781994574036, 'lag_16': 0.03003998674552912, 'lag_17': 0.2277870740306359, 'lag_18': 0.41299471603014193, 'lag_19': 0.24893635989456256, 'lag_20': 0.09425444662007461, 'lag_21': 0.12059311651704391, 'lag_22': 0.4905056652981486, 'lag_23': 0.5678717743564967, 'lag_24': 0.5174730909806035, 'lag_25': 0.10656148773899755, 'lag_26': 0.37094349027451073, 'lag_27': 0.16888215839122284, 'lag_28': 0.6122712031031117}.
[I 2025-10-03 11:38:25,838] Trial 64 finished with values: [0.013466472030870156, 0.004281625727406866, 0.001352320884382054, 0.00043366716159630594, 0.0016493350997177022, 0.0032149692990826274, 0.0013398585696785374, 0.0018354023310938807, 0.0017558568671676472, 0.00029978797308013143, 0.0010033112026623385, 0.00013174763173889656, 0.008646005995395206, 0.020687025232232103, 0.0, 0.028430247589638757, 0.015191691136470448, 0.004477267292313437, 0.0008555491020333289, 0.00012161533533991326, 0.000996769477503478, 0.0013085818140002843, 0.0011561291544269522, 0.0018749503720633352, 3.642300801420301e-05, 0.000161535084635311, 0.0009566212128445014, 0.001849546694317834, 0.0015305977230416824] and parameters: {'lag_0': 0.0794570570249115, 'lag_1': 0.2521566008463443, 'lag_2': 0.012330105844211537, 'lag_3': 0.5041887086297898, 'lag_4': 0.3235556391007367, 'lag_5': 0.11763327547897563, 'lag_6': 0.8802408017080012, 'lag_7': 0.3553118078482112, 'lag_8': 0.9002638688530262, 'lag_9': 0.4461031659530576, 'lag_10': 0.6475203022570931, 'lag_11': 0.7762164236654484, 'lag_12': 0.8901222174109087, 'lag_13': 0.07504949607780895, 'lag_14': 0.12383654626385568, 'lag_15': 0.0076912587625420055, 'lag_16': 0.4402128712258505, 'lag_17': 0.0740418482112456, 'lag_18': 0.7292375985010868, 'lag_19': 0.21384147354860122, 'lag_20': 0.23043430994600206, 'lag_21': 0.4668039541767329, 'lag_22': 0.651181211733803, 'lag_23': 0.5821705830993296, 'lag_24': 0.6815122027931019, 'lag_25': 0.5532362866102795, 'lag_26': 0.48885362238328456, 'lag_27': 0.8588848629946142, 'lag_28': 0.6847683815243841}.
[I 2025-10-03 11:38:28,511] Trial 65 finished with values: [0.013466472030870152, 0.003879549234662724, 0.0026900851626226597, 0.0009180288694081318, 0.002771526049435042, 0.0037679932022297636, 0.00129821399710655, 0.002713885038611843, 0.0030997096845100957, 0.000567566536853686, 0.0010778711905629122, 0.00017710334911132894, 0.00935199752061754, 0.023225611252780602, 0.0, 0.028664983648426384, 0.015459258282740937, 0.004026309198210383, 0.0005347358395118491, 0.0001891920376997607, 0.0009923898854855779, 0.0014606995856467652, 0.0008018972897617949, 0.0023436595022781953, 0.0002340802729096736, 4.850927040748433e-05, 0.0009556608381611341, 0.001974672370132242, 0.0011333568028361845] and parameters: {'lag_0': 0.8066264987245578, 'lag_1': 0.630137278439914, 'lag_2': 0.140556415613737, 'lag_3': 0.5646140691930756, 'lag_4': 0.5660515993152597, 'lag_5': 0.03448445260805971, 'lag_6': 0.1469344347377644, 'lag_7': 0.9018324374598765, 'lag_8': 0.8140652455671736, 'lag_9': 0.11848448589867329, 'lag_10': 0.6415110011315, 'lag_11': 0.03332670520519326, 'lag_12': 0.6743349978651288, 'lag_13': 0.40973669129940854, 'lag_14': 0.9125623999067057, 'lag_15': 0.8752839230119979, 'lag_16': 0.7616785357518685, 'lag_17': 0.18118254997983793, 'lag_18': 0.46479519732877894, 'lag_19': 0.482948512520789, 'lag_20': 0.45209819918559296, 'lag_21': 0.9737373017320221, 'lag_22': 0.06062451498437312, 'lag_23': 0.18041027273294694, 'lag_24': 0.7524687176051942, 'lag_25': 0.2745719636586481, 'lag_26': 0.2981834251009135, 'lag_27': 0.2388854286055607, 'lag_28': 0.8985248150493573}.
[I 2025-10-03 11:38:31,170] Trial 66 finished with values: [0.0214158239143367, 0.0008210413111461243, 0.003968782816686519, 0.0015578159358234276, 0.002802546300310152, 0.0035822741076760567, 0.0014206109424449854, 0.0019539262153938585, 0.005158928518103641, 0.0006038644312111056, 0.00014200221204791928, 0.000276105047712873, 0.00820577918664636, 0.020620649664083363, 0.0, 0.024985383755423078, 0.017073292603302405, 0.004849667248763256, 0.0006898416480426185, 6.928608032070018e-05, 0.0009465247875615222, 0.0010089055046313986, 0.0007189585550096323, 0.0019474561570739055, 0.00022997171370577377, 6.391542478074338e-05, 0.0011405999176029738, 0.0016118717589559614, 0.0017771680382654865] and parameters: {'lag_0': 0.7600819112120779, 'lag_1': 0.6398301820726828, 'lag_2': 0.611728810514422, 'lag_3': 0.24574493079708204, 'lag_4': 0.40957831274095546, 'lag_5': 0.7821478218938741, 'lag_6': 0.5640429520535438, 'lag_7': 0.8096550091032253, 'lag_8': 0.5441059710762933, 'lag_9': 0.8804040087504794, 'lag_10': 0.1264246802521372, 'lag_11': 0.8475691934750348, 'lag_12': 0.7065886591439094, 'lag_13': 0.6869413639388317, 'lag_14': 0.7309836863716914, 'lag_15': 0.9588352734646225, 'lag_16': 0.3919168079817551, 'lag_17': 0.29232128889947084, 'lag_18': 0.7165351304796477, 'lag_19': 0.45180707193017905, 'lag_20': 0.97222574196572, 'lag_21': 0.16441704897943865, 'lag_22': 0.001439418526008541, 'lag_23': 0.5427994428565017, 'lag_24': 0.140111214917127, 'lag_25': 0.46371756179834084, 'lag_26': 0.4933508024874888, 'lag_27': 0.11776472930200158, 'lag_28': 0.6378446126526807}.
[I 2025-10-03 11:38:33,831] Trial 67 finished with values: [0.015613062374324607, 0.002120334076577962, 0.002335259095513993, 0.00017309478827870047, 0.003300636154602884, 0.005496933929131744, 0.0017146961892836796, 0.0017832581765906963, 0.0029943523062069414, 0.0010104720421464791, 0.00013206420599825482, 0.0002079914395374389, 0.00902247569523228, 0.022733088465902888, 0.0, 0.025148378412573863, 0.015485453265867453, 0.0041539616784844096, 0.0009000748175701876, 0.00010723153723429472, 0.0008477577992015752, 0.0013711448805699758, 0.0005482178968915319, 0.0021470580207482966, 0.00019529419864558887, 9.2038690350471e-05, 0.001479905522167273, 0.0020599092086549487, 0.0004825757023939908] and parameters: {'lag_0': 0.5370227240850101, 'lag_1': 0.9759053797479678, 'lag_2': 0.5508606286491153, 'lag_3': 0.07412712759966675, 'lag_4': 0.5096162246988588, 'lag_5': 0.9491567718759143, 'lag_6': 0.3613977231840754, 'lag_7': 0.9413678312608277, 'lag_8': 0.4798005437215326, 'lag_9': 0.6893360217541695, 'lag_10': 0.21245355540497463, 'lag_11': 0.19272183842335183, 'lag_12': 0.8906109524877377, 'lag_13': 0.793066511092554, 'lag_14': 0.013276851701804437, 'lag_15': 0.8359218140465244, 'lag_16': 0.12593711462970575, 'lag_17': 0.8872138050789947, 'lag_18': 0.346364437133564, 'lag_19': 0.32371380396482774, 'lag_20': 0.02653942939554679, 'lag_21': 0.43197707619313475, 'lag_22': 0.013676992827370464, 'lag_23': 0.7395141485251442, 'lag_24': 0.6783540845654591, 'lag_25': 0.8429878356376788, 'lag_26': 0.7907094814017399, 'lag_27': 0.855653653649997, 'lag_28': 0.6741163902967426}.
