[I 2025-09-29 12:53:16,349] Trial 62 finished with value: 0.004069484887284056 and parameters: {'lag_0': 0.9216595880535972, 'lag_1': 0.6357357185025656, 'lag_2': 0.8404211574769063, 'lag_3': 0.8646925021751862, 'lag_4': 0.16614188556683834, 'lag_5': 0.7434135841293164, 'lag_6': 0.9179977309426897, 'lag_7': 0.5661266445843791, 'lag_8': 0.09140285845409049, 'lag_9': 0.2577031159174406, 'lag_10': 0.023959909433498128, 'lag_11': 0.5766177338136229, 'lag_12': 0.519913952699232, 'lag_13': 0.5469012083335503, 'lag_14': 0.7570501948600215, 'lag_15': 0.462982109373497, 'lag_16': 0.47383671286443363, 'lag_17': 0.007161199376802707, 'lag_18': 0.13909755132633708, 'lag_19': 0.6079974179561273, 'lag_20': 0.03611215342201232, 'lag_21': 0.29202673784097405, 'lag_22': 0.6284928607229396, 'lag_23': 0.6515863351702809, 'lag_24': 0.598823128319774, 'lag_25': 0.5084545111473592, 'lag_26': 0.03609118987639171, 'lag_27': 0.7346771240581532, 'lag_28': 0.02475622279631287}. Best is trial 28 with value: 0.0037238074583694366.
[I 2025-09-29 12:53:19,234] Trial 63 finished with value: 0.00432454635697913 and parameters: {'lag_0': 0.8595566920545279, 'lag_1': 0.5278924895706396, 'lag_2': 0.7963067709473114, 'lag_3': 0.8045910400134271, 'lag_4': 0.12065831020732676, 'lag_5': 0.8297201643288672, 'lag_6': 0.8282117196484703, 'lag_7': 0.3907538535634457, 'lag_8': 0.3122482076860199, 'lag_9': 0.11899174690372577, 'lag_10': 0.9197228883913865, 'lag_11': 0.6516024611119324, 'lag_12': 0.6049264259844713, 'lag_13': 0.6036833791542024, 'lag_14': 0.6254282239830354, 'lag_15': 0.5808407532994231, 'lag_16': 0.4139428484718033, 'lag_17': 0.22225685712780663, 'lag_18': 0.17971809195357075, 'lag_19': 0.5435323376041239, 'lag_20': 0.21590250809421682, 'lag_21': 0.15482135887427384, 'lag_22': 0.0640388993918507, 'lag_23': 0.5265387870440947, 'lag_24': 0.5388843178397712, 'lag_25': 0.3765019191016053, 'lag_26': 0.7738530583898099, 'lag_27': 0.9513888408813788, 'lag_28': 0.08511241514644964}. Best is trial 28 with value: 0.0037238074583694366.
[I 2025-09-29 12:53:22,094] Trial 64 finished with value: 0.004330995380528504 and parameters: {'lag_0': 0.9674014189789717, 'lag_1': 0.701134570797294, 'lag_2': 0.3144771360778493, 'lag_3': 0.9423090827208035, 'lag_4': 0.446359040381558, 'lag_5': 0.6487317710469951, 'lag_6': 0.4157318083832801, 'lag_7': 0.6498041714373837, 'lag_8': 0.19796248542270586, 'lag_9': 0.19388142034009825, 'lag_10': 0.09087327799934655, 'lag_11': 0.5390829716302099, 'lag_12': 0.4856732166800032, 'lag_13': 0.5056322518890692, 'lag_14': 0.8519463445903607, 'lag_15': 0.3136966086117189, 'lag_16': 0.30946488724963395, 'lag_17': 0.3018247001006252, 'lag_18': 0.25930470794789917, 'lag_19': 0.8728551601829231, 'lag_20': 0.00025632942273250137, 'lag_21': 0.11148491361997595, 'lag_22': 0.5559664552623507, 'lag_23': 0.585979764871143, 'lag_24': 0.4364725639628625, 'lag_25': 0.5687913690821851, 'lag_26': 0.1441167637334643, 'lag_27': 0.8093875815500505, 'lag_28': 0.04042553980075459}. Best is trial 28 with value: 0.0037238074583694366.
[I 2025-09-29 12:53:24,934] Trial 65 finished with value: 0.004028235185913503 and parameters: {'lag_0': 0.7218628248508117, 'lag_1': 0.4815803480118274, 'lag_2': 0.657574346336142, 'lag_3': 0.7707514585337005, 'lag_4': 0.5402025609421441, 'lag_5': 0.9074420856529775, 'lag_6': 0.048028334335589284, 'lag_7': 0.7061409967832084, 'lag_8': 0.259952842293499, 'lag_9': 0.07507109774575799, 'lag_10': 0.15041245063786868, 'lag_11': 0.6106366866882046, 'lag_12': 0.3535260542830335, 'lag_13': 0.674518683965761, 'lag_14': 0.9136604268745591, 'lag_15': 0.3960786865964155, 'lag_16': 0.34467941345633846, 'lag_17': 0.8177855380432892, 'lag_18': 0.057919903194210254, 'lag_19': 0.8005886178886306, 'lag_20': 0.10011984649396044, 'lag_21': 0.24006537415356544, 'lag_22': 0.4935988135791159, 'lag_23': 0.636759630868641, 'lag_24': 0.5069549616763875, 'lag_25': 0.39736298306262696, 'lag_26': 0.09198673532908906, 'lag_27': 0.5991940582527924, 'lag_28': 0.05757180208717261}. Best is trial 28 with value: 0.0037238074583694366.
[I 2025-09-29 12:53:27,771] Trial 66 finished with value: 0.003893633146502814 and parameters: {'lag_0': 0.6911217747988047, 'lag_1': 0.18597999211074911, 'lag_2': 0.8714725290486611, 'lag_3': 0.6817006428600246, 'lag_4': 0.41562753756445175, 'lag_5': 0.7694122201664022, 'lag_6': 0.6875782697718218, 'lag_7': 0.46522952412231044, 'lag_8': 0.37225435806026624, 'lag_9': 0.3586658035492402, 'lag_10': 0.06974870056444493, 'lag_11': 0.4617098938230106, 'lag_12': 0.6739318397873396, 'lag_13': 0.7339392921190244, 'lag_14': 0.7988295355459514, 'lag_15': 0.08317455842074778, 'lag_16': 0.12931933448571342, 'lag_17': 0.46113934483476415, 'lag_18': 0.004007077116223473, 'lag_19': 0.32653353883987923, 'lag_20': 0.1570287954661594, 'lag_21': 0.06801622749557955, 'lag_22': 0.7110267682399967, 'lag_23': 0.5515002070963351, 'lag_24': 0.30597951020422376, 'lag_25': 0.2944982854525714, 'lag_26': 0.03549318144265477, 'lag_27': 0.7899418001560695, 'lag_28': 0.12635836755701627}. Best is trial 28 with value: 0.0037238074583694366.
[I 2025-09-29 12:53:30,615] Trial 67 finished with value: 0.004064823544671997 and parameters: {'lag_0': 0.6927307014805555, 'lag_1': 0.17489665831918252, 'lag_2': 0.8877138890224296, 'lag_3': 0.5859525232597619, 'lag_4': 0.4149268713070261, 'lag_5': 0.9991146905063518, 'lag_6': 0.695711610152564, 'lag_7': 0.45556323134952603, 'lag_8': 0.36162942176381363, 'lag_9': 0.3709073864526311, 'lag_10': 0.06308647234168831, 'lag_11': 0.14482950532134403, 'lag_12': 0.7625627758357025, 'lag_13': 0.7325200337476294, 'lag_14': 0.7990024728744973, 'lag_15': 0.09292551861125255, 'lag_16': 0.12269370402189617, 'lag_17': 0.46642518118151216, 'lag_18': 0.007514015672478572, 'lag_19': 0.26331424702188655, 'lag_20': 0.14890227723448074, 'lag_21': 0.023603583314582982, 'lag_22': 0.6978824049485506, 'lag_23': 0.4264751238581529, 'lag_24': 0.14350962715405446, 'lag_25': 0.2308255233543631, 'lag_26': 0.030705079350369986, 'lag_27': 0.7046841478055232, 'lag_28': 0.1352274851081488}. Best is trial 28 with value: 0.0037238074583694366.
[I 2025-09-29 12:53:33,455] Trial 68 finished with value: 0.004317392256404923 and parameters: {'lag_0': 0.8180205814040756, 'lag_1': 0.09520886434289569, 'lag_2': 0.7571054446198793, 'lag_3': 0.6778070957348777, 'lag_4': 0.5159726181088926, 'lag_5': 0.7495856068126571, 'lag_6': 0.7484585610105103, 'lag_7': 0.48540267812243415, 'lag_8': 0.5096537565148824, 'lag_9': 0.4094097554238329, 'lag_10': 0.2385870824098314, 'lag_11': 0.3401860152717903, 'lag_12': 0.6781166690807905, 'lag_13': 0.4603832431202516, 'lag_14': 0.6674112724158534, 'lag_15': 0.00242955399841574, 'lag_16': 0.054618328650468256, 'lag_17': 0.3809185660654637, 'lag_18': 0.11822777171618046, 'lag_19': 0.33133005412349525, 'lag_20': 0.20557518753462106, 'lag_21': 0.06035177609066461, 'lag_22': 0.6205622809003696, 'lag_23': 0.546088561951087, 'lag_24': 0.29548707945855723, 'lag_25': 0.15478533541104947, 'lag_26': 0.18417073794535188, 'lag_27': 0.7659027171005408, 'lag_28': 0.2154595970257815}. Best is trial 28 with value: 0.0037238074583694366.
[I 2025-09-29 12:53:36,299] Trial 69 finished with value: 0.004478560207266485 and parameters: {'lag_0': 0.17885590355408088, 'lag_1': 0.11129058220260094, 'lag_2': 0.7133960172216851, 'lag_3': 0.645075496871211, 'lag_4': 0.35990987019373627, 'lag_5': 0.6991866079737287, 'lag_6': 0.662940623956001, 'lag_7': 0.6176512620092139, 'lag_8': 0.413710249508038, 'lag_9': 0.34570039327129, 'lag_10': 0.07987342733172556, 'lag_11': 0.4549982615587732, 'lag_12': 0.8016303402293655, 'lag_13': 0.555658774459611, 'lag_14': 0.8916590166849583, 'lag_15': 0.1840501296520361, 'lag_16': 0.6714004103934101, 'lag_17': 0.05381107629278479, 'lag_18': 0.07198009464032652, 'lag_19': 0.37915272284296575, 'lag_20': 0.6883357611494698, 'lag_21': 0.3418829827907976, 'lag_22': 0.5759395386954423, 'lag_23': 0.5009474469978785, 'lag_24': 0.38373732098780367, 'lag_25': 0.3233637428152378, 'lag_26': 0.12542156766745663, 'lag_27': 0.866779795218739, 'lag_28': 0.176218915257353}. Best is trial 28 with value: 0.0037238074583694366.
[I 2025-09-29 12:53:39,139] Trial 70 finished with value: 0.004144967729105108 and parameters: {'lag_0': 0.7767351544196083, 'lag_1': 0.20322747337001776, 'lag_2': 0.8030685511276249, 'lag_3': 0.8969052039340698, 'lag_4': 0.30824669645088465, 'lag_5': 0.8339198150796332, 'lag_6': 0.5973877567093825, 'lag_7': 0.7436576285398798, 'lag_8': 0.3761812256765422, 'lag_9': 0.3029644256182838, 'lag_10': 0.11446593907406849, 'lag_11': 0.17504990764279454, 'lag_12': 0.560386957413423, 'lag_13': 0.314279342764755, 'lag_14': 0.7473920739463636, 'lag_15': 0.13088499563576786, 'lag_16': 0.7975074251748395, 'lag_17': 0.5327398851918964, 'lag_18': 0.0238268652702499, 'lag_19': 0.20285148732424543, 'lag_20': 0.2823120085118411, 'lag_21': 0.1192081338798317, 'lag_22': 0.5151415648209562, 'lag_23': 0.61159206834492, 'lag_24': 0.6776422597026793, 'lag_25': 0.2874794830663141, 'lag_26': 0.08116090545455962, 'lag_27': 0.648396510892067, 'lag_28': 0.1262862751924713}. Best is trial 28 with value: 0.0037238074583694366.
[I 2025-09-29 12:53:41,987] Trial 71 finished with value: 0.004115918212832314 and parameters: {'lag_0': 0.6771458443248033, 'lag_1': 0.4362002848574857, 'lag_2': 0.8714649496024776, 'lag_3': 0.48924046922754666, 'lag_4': 0.39861931897759306, 'lag_5': 0.13749798386583365, 'lag_6': 0.5300197271875016, 'lag_7': 0.5480654864470251, 'lag_8': 0.5650003229300045, 'lag_9': 0.23900574757197363, 'lag_10': 0.19214199482139993, 'lag_11': 0.9978446293495673, 'lag_12': 0.18926723564935463, 'lag_13': 0.9001994496042922, 'lag_14': 0.6977816169994618, 'lag_15': 0.07516222028203069, 'lag_16': 0.14138251768222848, 'lag_17': 0.5757947431317995, 'lag_18': 0.17080827688747177, 'lag_19': 0.42994918822892747, 'lag_20': 0.04943494099172081, 'lag_21': 0.4599852521162352, 'lag_22': 0.42678524917649174, 'lag_23': 0.6977845529709537, 'lag_24': 0.3191654046629819, 'lag_25': 0.4355429866006368, 'lag_26': 0.0404441306336756, 'lag_27': 0.7485826472896105, 'lag_28': 0.09689588849270585}. Best is trial 28 with value: 0.0037238074583694366.
[I 2025-09-29 12:53:44,841] Trial 72 finished with value: 0.004341562167596527 and parameters: {'lag_0': 0.8501823279340764, 'lag_1': 0.26641472116512926, 'lag_2': 0.2381405304724597, 'lag_3': 0.8380803924488578, 'lag_4': 0.6680906406330335, 'lag_5': 0.7688371396306486, 'lag_6': 0.9526332439820167, 'lag_7': 0.40032534272085973, 'lag_8': 0.15471500024076792, 'lag_9': 0.27940806091638926, 'lag_10': 0.6649514108731936, 'lag_11': 0.06053176331594129, 'lag_12': 0.6069430449153812, 'lag_13': 0.8697396514168527, 'lag_14': 0.8038322351715574, 'lag_15': 0.04784263141433945, 'lag_16': 0.24497270115980432, 'lag_17': 0.1667877204721009, 'lag_18': 0.41430038752216003, 'lag_19': 0.5759042798486367, 'lag_20': 0.0926980498707087, 'lag_21': 0.07188405202150432, 'lag_22': 0.8855290490597028, 'lag_23': 0.5658603815655268, 'lag_24': 0.4508548678923968, 'lag_25': 0.3848222037326149, 'lag_26': 0.8339863170601687, 'lag_27': 0.7766296783873259, 'lag_28': 0.06244410689283126}. Best is trial 28 with value: 0.0037238074583694366.
[I 2025-09-29 12:53:47,688] Trial 73 finished with value: 0.004159181151679193 and parameters: {'lag_0': 0.886230796696908, 'lag_1': 0.891020769168727, 'lag_2': 0.9438456800571781, 'lag_3': 0.7476686001506039, 'lag_4': 0.4590488457719441, 'lag_5': 0.09450796218618224, 'lag_6': 0.8584978975474107, 'lag_7': 0.25648421108135266, 'lag_8': 0.30206210268815475, 'lag_9': 0.1798976575956371, 'lag_10': 0.01641222467207927, 'lag_11': 0.9427650408823735, 'lag_12': 0.4465719056121634, 'lag_13': 0.7847369014461463, 'lag_14': 0.8488436257990482, 'lag_15': 0.2183700483348044, 'lag_16': 0.09796341694798823, 'lag_17': 0.4039566776280267, 'lag_18': 0.22488367343431565, 'lag_19': 0.3166937749718911, 'lag_20': 0.6269705505681925, 'lag_21': 0.8112747534230227, 'lag_22': 0.7350479682987431, 'lag_23': 0.9643640882428377, 'lag_24': 0.47708341564861, 'lag_25': 0.23943276146586842, 'lag_26': 0.00022453631594800127, 'lag_27': 0.7991400845580328, 'lag_28': 0.6100186250342055}. Best is trial 28 with value: 0.0037238074583694366.
[I 2025-09-29 12:53:50,541] Trial 74 finished with value: 0.004377044302017076 and parameters: {'lag_0': 0.7248547851255522, 'lag_1': 0.7575629947622007, 'lag_2': 0.18028860324880275, 'lag_3': 0.7096092968278245, 'lag_4': 0.26492815817065996, 'lag_5': 0.7071089274731235, 'lag_6': 0.47055026795477206, 'lag_7': 0.5169282130077787, 'lag_8': 0.2373120010865578, 'lag_9': 0.4268509152211658, 'lag_10': 0.4544035196005122, 'lag_11': 0.8663442161911559, 'lag_12': 0.25142340577754146, 'lag_13': 0.6084278057823866, 'lag_14': 0.9554063443638117, 'lag_15': 0.6671872669487068, 'lag_16': 0.27561668318602717, 'lag_17': 0.4600454212168083, 'lag_18': 0.09177965765822223, 'lag_19': 0.5268743510136026, 'lag_20': 0.1614756702886433, 'lag_21': 0.15110129899001992, 'lag_22': 0.6540756967845254, 'lag_23': 0.6753396511072502, 'lag_24': 0.41401600967932545, 'lag_25': 0.3359394525358739, 'lag_26': 0.7948089401852853, 'lag_27': 0.6870138662098809, 'lag_28': 0.28873715661293975}. Best is trial 28 with value: 0.0037238074583694366.
[I 2025-09-29 12:53:53,392] Trial 75 finished with value: 0.004213511427675831 and parameters: {'lag_0': 0.9162842209948785, 'lag_1': 0.5793914098934169, 'lag_2': 0.8292760011360834, 'lag_3': 0.8183726702580385, 'lag_4': 0.8534522279252911, 'lag_5': 0.16950749089720782, 'lag_6': 0.3215187506349535, 'lag_7': 0.08061429018761379, 'lag_8': 0.4913647152176866, 'lag_9': 0.9683044406733818, 'lag_10': 0.33875590751097207, 'lag_11': 0.9160880601415211, 'lag_12': 0.7215204061766158, 'lag_13': 0.020157806654357846, 'lag_14': 0.7309157891092285, 'lag_15': 0.4996661540036118, 'lag_16': 0.035691044644442615, 'lag_17': 0.6848604381087744, 'lag_18': 0.3160355438829586, 'lag_19': 0.4825881609826096, 'lag_20': 0.12336990212355478, 'lag_21': 0.7589998153700174, 'lag_22': 0.722496770024377, 'lag_23': 0.845151539456485, 'lag_24': 0.608134588399689, 'lag_25': 0.2988579708172956, 'lag_26': 0.10990876689963419, 'lag_27': 0.8501987905921545, 'lag_28': 0.8766647273506445}. Best is trial 28 with value: 0.0037238074583694366.
[I 2025-09-29 12:53:56,246] Trial 76 finished with value: 0.004389081814766969 and parameters: {'lag_0': 0.6372759827730842, 'lag_1': 0.5374372505220385, 'lag_2': 0.9913413433276401, 'lag_3': 0.7781373876990887, 'lag_4': 0.5863828477795632, 'lag_5': 0.02830039277809293, 'lag_6': 0.7678101078996123, 'lag_7': 0.6747383227911208, 'lag_8': 0.11300518582778718, 'lag_9': 0.1414953767937975, 'lag_10': 0.15415296278731955, 'lag_11': 0.6692236841630961, 'lag_12': 0.5095907290445489, 'lag_13': 0.7356322695986304, 'lag_14': 0.60160910385782, 'lag_15': 0.12618015762799453, 'lag_16': 0.17114679142948286, 'lag_17': 0.3517253129622631, 'lag_18': 0.2752896977689615, 'lag_19': 0.8370223398183307, 'lag_20': 0.7100169321561419, 'lag_21': 0.24908821023092914, 'lag_22': 0.7701857863614041, 'lag_23': 0.7737833900293525, 'lag_24': 0.5539423021786665, 'lag_25': 0.4811471712668084, 'lag_26': 0.9599954511470216, 'lag_27': 0.42890081557304666, 'lag_28': 0.40449666787368044}. Best is trial 28 with value: 0.0037238074583694366.
[I 2025-09-29 12:53:59,091] Trial 77 finished with value: 0.003866607305374465 and parameters: {'lag_0': 0.8035051502382997, 'lag_1': 0.8149441774310053, 'lag_2': 0.7794126944779668, 'lag_3': 0.9157169069981501, 'lag_4': 0.4900401299073789, 'lag_5': 0.7735217426509509, 'lag_6': 0.15646475452566883, 'lag_7': 0.17901465215682255, 'lag_8': 0.19471417598975704, 'lag_9': 0.8851435633855939, 'lag_10': 0.05520740171799565, 'lag_11': 0.9661650528160853, 'lag_12': 0.6658717864437239, 'lag_13': 0.6393710224403801, 'lag_14': 0.5387455039065955, 'lag_15': 0.08042135684371461, 'lag_16': 0.510293757697261, 'lag_17': 0.5908438938033257, 'lag_18': 0.13158946558577092, 'lag_19': 0.906440224131752, 'lag_20': 0.7811693716805399, 'lag_21': 0.9583988671347968, 'lag_22': 0.8049054533960406, 'lag_23': 0.7262389022189937, 'lag_24': 0.33902777369881254, 'lag_25': 0.5843504501831174, 'lag_26': 0.5865578562238181, 'lag_27': 0.5649001420163782, 'lag_28': 0.00763440904393959}. Best is trial 28 with value: 0.0037238074583694366.
[I 2025-09-29 12:54:01,932] Trial 78 finished with value: 0.003899408901013643 and parameters: {'lag_0': 0.7980986091531419, 'lag_1': 0.8183491864494181, 'lag_2': 0.7693828394519789, 'lag_3': 0.9170298895106223, 'lag_4': 0.4812052224892011, 'lag_5': 0.8020101881834042, 'lag_6': 0.15403040760980025, 'lag_7': 0.015698556957155274, 'lag_8': 0.3322119476650591, 'lag_9': 0.906969591618964, 'lag_10': 0.11554173203565274, 'lag_11': 0.9674423017860522, 'lag_12': 0.6106061518299004, 'lag_13': 0.6333707745995342, 'lag_14': 0.5292176347159395, 'lag_15': 0.16756527183701855, 'lag_16': 0.5016339542220644, 'lag_17': 0.5966793700068916, 'lag_18': 0.12900990602914592, 'lag_19': 0.9227543700512777, 'lag_20': 0.7736660765813999, 'lag_21': 0.9648872156703328, 'lag_22': 0.8195699352562396, 'lag_23': 0.7255580915809423, 'lag_24': 0.36198924989996434, 'lag_25': 0.1179028659071619, 'lag_26': 0.5939489968316968, 'lag_27': 0.5648679675880806, 'lag_28': 0.030719703811315554}. Best is trial 28 with value: 0.0037238074583694366.
[I 2025-09-29 12:54:04,785] Trial 79 finished with value: 0.004520405059942091 and parameters: {'lag_0': 0.7719356082610999, 'lag_1': 0.8306752175026638, 'lag_2': 0.7786235080621697, 'lag_3': 0.9171861516489251, 'lag_4': 0.4279395852951645, 'lag_5': 0.8810633396202562, 'lag_6': 0.23219469632809603, 'lag_7': 0.024055130666578238, 'lag_8': 0.043664092139935176, 'lag_9': 0.866301605073945, 'lag_10': 0.05577149990512486, 'lag_11': 0.961261510871839, 'lag_12': 0.8038314890869721, 'lag_13': 0.6237497270812025, 'lag_14': 0.49980233492686515, 'lag_15': 0.17866787214712576, 'lag_16': 0.5394009302960836, 'lag_17': 0.5304225656680417, 'lag_18': 0.045028623386067446, 'lag_19': 0.9199754735436815, 'lag_20': 0.7633414946535487, 'lag_21': 0.9768595860886977, 'lag_22': 0.8023526381264927, 'lag_23': 0.8071782614610177, 'lag_24': 0.34885496831060875, 'lag_25': 0.0999660554731307, 'lag_26': 0.5769015967159276, 'lag_27': 0.5634995278846092, 'lag_28': 0.005246574908619203}. Best is trial 28 with value: 0.0037238074583694366.
[I 2025-09-29 12:54:07,630] Trial 80 finished with value: 0.003901464195859474 and parameters: {'lag_0': 0.7997688247194148, 'lag_1': 0.8031408112494219, 'lag_2': 0.7557267271443284, 'lag_3': 0.9605931871568991, 'lag_4': 0.3620117206661755, 'lag_5': 0.8046818003688538, 'lag_6': 0.1522330048941174, 'lag_7': 0.15999396896586227, 'lag_8': 0.35216300324445415, 'lag_9': 0.9233952263382199, 'lag_10': 0.006889106628503262, 'lag_11': 0.8932936852017058, 'lag_12': 0.6594085908115248, 'lag_13': 0.6543279318742031, 'lag_14': 0.5118854798667787, 'lag_15': 0.08387004273190635, 'lag_16': 0.6000087651534949, 'lag_17': 0.5916106656677647, 'lag_18': 0.15324563348585105, 'lag_19': 0.9745036426378152, 'lag_20': 0.859469137057145, 'lag_21': 0.9316078058300873, 'lag_22': 0.8396253888040982, 'lag_23': 0.7265475756121588, 'lag_24': 0.2463424105468975, 'lag_25': 0.5958921255236547, 'lag_26': 0.6672843057989614, 'lag_27': 0.5216786128820943, 'lag_28': 0.05265257676582369}. Best is trial 28 with value: 0.0037238074583694366.
[I 2025-09-29 12:54:10,485] Trial 81 finished with value: 0.0037905596731054917 and parameters: {'lag_0': 0.7977973546450171, 'lag_1': 0.8059594371336438, 'lag_2': 0.6782476101243259, 'lag_3': 0.9535690406204725, 'lag_4': 0.49109733127569866, 'lag_5': 0.7948819245652762, 'lag_6': 0.16246803456350448, 'lag_7': 0.16411055390756482, 'lag_8': 0.43520903809134864, 'lag_9': 0.9277528967985404, 'lag_10': 0.010820465864336326, 'lag_11': 0.8940107821107112, 'lag_12': 0.6611589495675, 'lag_13': 0.6556275596863101, 'lag_14': 0.5378437209510734, 'lag_15': 0.025041171410272747, 'lag_16': 0.6236587071336925, 'lag_17': 0.6268378740174898, 'lag_18': 0.14468400669679884, 'lag_19': 0.9794615961687737, 'lag_20': 0.8523388109965075, 'lag_21': 0.9527913881430883, 'lag_22': 0.8468701708376428, 'lag_23': 0.7142452126914733, 'lag_24': 0.23915723875408398, 'lag_25': 0.617166069993712, 'lag_26': 0.6526233534207222, 'lag_27': 0.5259042848201201, 'lag_28': 0.04756513156445759}. Best is trial 28 with value: 0.0037238074583694366.
[I 2025-09-29 12:54:13,334] Trial 82 finished with value: 0.0042147407054678385 and parameters: {'lag_0': 0.733535721115025, 'lag_1': 0.8647350178098921, 'lag_2': 0.6817793394948394, 'lag_3': 0.8736361243165225, 'lag_4': 0.4830656451933271, 'lag_5': 0.8523634927437855, 'lag_6': 0.19396816243134957, 'lag_7': 0.11464820309748502, 'lag_8': 0.46955171160053966, 'lag_9': 0.8886815586310304, 'lag_10': 0.039948996336613876, 'lag_11': 0.9663315408014848, 'lag_12': 0.6012161902859192, 'lag_13': 0.7027742373326572, 'lag_14': 0.4684727421613358, 'lag_15': 0.03483376557398396, 'lag_16': 0.7220589927898142, 'lag_17': 0.643240859944714, 'lag_18': 0.19876960870987195, 'lag_19': 0.9024318596891149, 'lag_20': 0.7954342289560332, 'lag_21': 0.9160934122386908, 'lag_22': 0.8693422824341026, 'lag_23': 0.7474986692347575, 'lag_24': 0.1857237495163268, 'lag_25': 0.5656496901077067, 'lag_26': 0.5902092997609553, 'lag_27': 0.47997199339679947, 'lag_28': 0.10489577668848245}. Best is trial 28 with value: 0.0037238074583694366.
