[I 2025-09-29 13:20:33,639] Trial 61 finished with value: 0.006411518454821854 and parameters: {'lag_0': 0.2689434167593655, 'lag_1': 0.461885844774686, 'lag_2': 0.11582122385631047, 'lag_3': 0.4763925156748137, 'lag_4': 0.3121499639544976, 'lag_5': 0.7576029753918242, 'lag_6': 0.7251809344426152, 'lag_7': 0.1195783485735711, 'lag_8': 0.2983471830080459, 'lag_9': 0.5345203882218785, 'lag_10': 0.16668080884193623, 'lag_11': 0.4574082310298356, 'lag_12': 0.640321824818183, 'lag_13': 0.2305184048499691, 'lag_14': 0.9258955592136707, 'lag_15': 0.7230827153190201, 'lag_16': 0.4566515208814272, 'lag_17': 0.6320832226094591, 'lag_18': 0.5631719017357817, 'lag_19': 0.4870944564442439, 'lag_20': 0.10118690859053484, 'lag_21': 0.1722540643474039, 'lag_22': 0.45672196214737637, 'lag_23': 0.5423549749263648, 'lag_24': 0.21551489736748625, 'lag_25': 0.3157766016234286, 'lag_26': 0.48547082613202497, 'lag_27': 0.7236906169486614, 'lag_28': 0.541746229030115}. Best is trial 37 with value: 0.005181328733467088.
[I 2025-09-29 13:20:36,127] Trial 62 finished with value: 0.005310853496183493 and parameters: {'lag_0': 0.3423812952418677, 'lag_1': 0.5751684151022287, 'lag_2': 0.1470682626250636, 'lag_3': 0.39507074353110916, 'lag_4': 0.10674255448955443, 'lag_5': 0.8125659086161408, 'lag_6': 0.6456583487412431, 'lag_7': 0.19687866670107518, 'lag_8': 0.3830542581354698, 'lag_9': 0.5327724090337065, 'lag_10': 0.13556661318993474, 'lag_11': 0.3724209717601889, 'lag_12': 0.4740698440319805, 'lag_13': 0.17217575177658714, 'lag_14': 0.9588137707200372, 'lag_15': 0.7001745071396674, 'lag_16': 0.41008735468269003, 'lag_17': 0.49114899437097803, 'lag_18': 0.4794144959262068, 'lag_19': 0.4998838000777984, 'lag_20': 0.22565126961043147, 'lag_21': 0.23092250825981386, 'lag_22': 0.2938050056565616, 'lag_23': 0.6186259464440564, 'lag_24': 0.2272303770790872, 'lag_25': 0.17699051305407743, 'lag_26': 0.5882371218903184, 'lag_27': 0.5231890700203407, 'lag_28': 0.418140190881898}. Best is trial 37 with value: 0.005181328733467088.
[I 2025-09-29 13:20:38,622] Trial 63 finished with value: 0.006463540665771456 and parameters: {'lag_0': 0.3219056009335448, 'lag_1': 0.6250250785139811, 'lag_2': 0.08791523940607403, 'lag_3': 0.21841189895413476, 'lag_4': 0.11154472109635058, 'lag_5': 0.8109213933060209, 'lag_6': 0.6316320702285837, 'lag_7': 0.9647821808224675, 'lag_8': 0.4002884529042191, 'lag_9': 0.39916270377674384, 'lag_10': 0.12529145909339007, 'lag_11': 0.23322590289909612, 'lag_12': 0.757795205164986, 'lag_13': 0.16482276834174256, 'lag_14': 0.9961633747252384, 'lag_15': 0.6466675572452225, 'lag_16': 0.4050421648390227, 'lag_17': 0.19350611007720753, 'lag_18': 0.49744491518486683, 'lag_19': 0.6409425992545896, 'lag_20': 0.21810503925672933, 'lag_21': 0.21988088935970393, 'lag_22': 0.5004008085510775, 'lag_23': 0.6235952633682535, 'lag_24': 0.08842308456262993, 'lag_25': 0.17169725186150392, 'lag_26': 0.37850761591335136, 'lag_27': 0.55527509465035, 'lag_28': 0.3407831069887425}. Best is trial 37 with value: 0.005181328733467088.
[I 2025-09-29 13:20:41,115] Trial 64 finished with value: 0.006700275871560607 and parameters: {'lag_0': 0.4347763216389947, 'lag_1': 0.6731998123684116, 'lag_2': 0.036471565178090526, 'lag_3': 0.38590445803973594, 'lag_4': 0.1911401042870779, 'lag_5': 0.8419619981640311, 'lag_6': 0.5593741094970823, 'lag_7': 0.0016257456912328744, 'lag_8': 0.46365664865090633, 'lag_9': 0.9934404778389949, 'lag_10': 0.04743170905128191, 'lag_11': 0.5447629909992406, 'lag_12': 0.4073652270507467, 'lag_13': 0.032715926390109056, 'lag_14': 0.8527100749133898, 'lag_15': 0.6031929233402611, 'lag_16': 0.3784783660488052, 'lag_17': 0.48035738525401456, 'lag_18': 0.024720175554746048, 'lag_19': 0.45714745820238295, 'lag_20': 0.056286010593484426, 'lag_21': 0.3544657080381453, 'lag_22': 0.2975432838965829, 'lag_23': 0.6802080250747666, 'lag_24': 0.7414881926119291, 'lag_25': 0.24975470031963035, 'lag_26': 0.6023723504769076, 'lag_27': 0.5139626990634216, 'lag_28': 0.41466340514720823}. Best is trial 37 with value: 0.005181328733467088.
[I 2025-09-29 13:20:43,713] Trial 65 finished with value: 0.0061349901174432234 and parameters: {'lag_0': 0.3874693032357851, 'lag_1': 0.7220398870826986, 'lag_2': 0.1504229958022627, 'lag_3': 0.5142959521371238, 'lag_4': 0.08083640174378563, 'lag_5': 0.7841279859716205, 'lag_6': 0.9624903590761517, 'lag_7': 0.15917278475360025, 'lag_8': 0.1049358020061211, 'lag_9': 0.46634669455503236, 'lag_10': 0.3533546024246057, 'lag_11': 0.35987726048246677, 'lag_12': 0.3536811872609137, 'lag_13': 0.12500602505823066, 'lag_14': 0.9467901537560965, 'lag_15': 0.8867569649164292, 'lag_16': 0.35395935330888695, 'lag_17': 0.5797832588118432, 'lag_18': 0.7601486420501826, 'lag_19': 0.2638372875160899, 'lag_20': 0.2966617725989096, 'lag_21': 0.4965673382812715, 'lag_22': 0.19166800022124278, 'lag_23': 0.7715600912012798, 'lag_24': 0.28452869569719974, 'lag_25': 0.12023287241680138, 'lag_26': 0.7958848100848797, 'lag_27': 0.5270182741167644, 'lag_28': 0.26839282608552045}. Best is trial 37 with value: 0.005181328733467088.
[I 2025-09-29 13:20:46,213] Trial 66 finished with value: 0.004828891034826467 and parameters: {'lag_0': 0.47626635018636787, 'lag_1': 0.5601385968323391, 'lag_2': 0.19865888125379366, 'lag_3': 0.38566008694662984, 'lag_4': 0.17332944902637296, 'lag_5': 0.8960986935739085, 'lag_6': 0.6046320570596448, 'lag_7': 0.2290151057300098, 'lag_8': 0.3657554666555748, 'lag_9': 0.5721254573766202, 'lag_10': 0.30736756533381204, 'lag_11': 0.17384112616810823, 'lag_12': 0.30388936735165933, 'lag_13': 0.07826348327550406, 'lag_14': 0.5049428163409785, 'lag_15': 0.8359081044902841, 'lag_16': 0.23571499762973075, 'lag_17': 0.8233154392642547, 'lag_18': 0.4579269222619816, 'lag_19': 0.4955764549163858, 'lag_20': 0.35461364339743906, 'lag_21': 0.24762045030640967, 'lag_22': 0.3375839346684798, 'lag_23': 0.4710012891206613, 'lag_24': 0.3220844722767383, 'lag_25': 0.20406894270206505, 'lag_26': 0.9279167561316806, 'lag_27': 0.4416088548136169, 'lag_28': 0.13756270743887195}. Best is trial 66 with value: 0.004828891034826467.
[I 2025-09-29 13:20:48,708] Trial 67 finished with value: 0.006270142482598754 and parameters: {'lag_0': 0.3558648314704105, 'lag_1': 0.5587832839733411, 'lag_2': 0.19362558972133764, 'lag_3': 0.3469415136553369, 'lag_4': 0.12895240784327874, 'lag_5': 0.9045916710764714, 'lag_6': 0.6101284676523987, 'lag_7': 0.08549159792266631, 'lag_8': 0.375095593451495, 'lag_9': 0.5782460662296763, 'lag_10': 0.30589091275697466, 'lag_11': 0.19647588372992378, 'lag_12': 0.47786454046533366, 'lag_13': 0.0750449862723162, 'lag_14': 0.5377097987484851, 'lag_15': 0.8445449282453825, 'lag_16': 0.24385722075844987, 'lag_17': 0.9373568542277503, 'lag_18': 0.4301319122701148, 'lag_19': 0.5170207410720691, 'lag_20': 0.25968416183338083, 'lag_21': 0.2611379768010506, 'lag_22': 0.2419444134588471, 'lag_23': 0.4651722584968896, 'lag_24': 0.35181380655935157, 'lag_25': 0.7824310090424452, 'lag_26': 0.9559035045286403, 'lag_27': 0.4710532949993548, 'lag_28': 0.12006443903437017}. Best is trial 66 with value: 0.004828891034826467.
[I 2025-09-29 13:20:51,206] Trial 68 finished with value: 0.00666782838691157 and parameters: {'lag_0': 0.4671114806406598, 'lag_1': 0.6076969026434078, 'lag_2': 0.8864486180826868, 'lag_3': 0.3245975449280104, 'lag_4': 0.04086960829499772, 'lag_5': 0.9805828549498975, 'lag_6': 0.6605730020194867, 'lag_7': 0.24089864642587425, 'lag_8': 0.49891865146438114, 'lag_9': 0.21265212083333385, 'lag_10': 0.21934935620298252, 'lag_11': 0.17471964896033684, 'lag_12': 0.5714254957196215, 'lag_13': 0.06317628871494219, 'lag_14': 0.5045034096641776, 'lag_15': 0.4837005867742418, 'lag_16': 0.18013985347856298, 'lag_17': 0.025781216298710607, 'lag_18': 0.5309699810890706, 'lag_19': 0.6084267415212234, 'lag_20': 0.3522702804139307, 'lag_21': 0.6108423071489744, 'lag_22': 0.13567082997062158, 'lag_23': 0.3832067687494781, 'lag_24': 0.2346020602348514, 'lag_25': 0.1864139845141637, 'lag_26': 0.9194874633008607, 'lag_27': 0.29633532642196336, 'lag_28': 0.1940474123860314}. Best is trial 66 with value: 0.004828891034826467.
[I 2025-09-29 13:20:53,697] Trial 69 finished with value: 0.006374621226041964 and parameters: {'lag_0': 0.3094075354058021, 'lag_1': 0.5114238904089582, 'lag_2': 0.3464658254824249, 'lag_3': 0.27528837486897584, 'lag_4': 0.17973915640342247, 'lag_5': 0.7190908055370198, 'lag_6': 0.6869654920616559, 'lag_7': 0.222192543949873, 'lag_8': 0.5648743041041302, 'lag_9': 0.2794936669253999, 'lag_10': 0.40082451380989903, 'lag_11': 0.2465813715365859, 'lag_12': 0.3056977040684739, 'lag_13': 0.10152183376747476, 'lag_14': 0.6282245366277215, 'lag_15': 0.6890072492518389, 'lag_16': 0.32310950703640634, 'lag_17': 0.7947395111345321, 'lag_18': 0.5842455480211485, 'lag_19': 0.569118191337866, 'lag_20': 0.12049946548083454, 'lag_21': 0.31196741148865853, 'lag_22': 0.3400479266757289, 'lag_23': 0.4840896752440178, 'lag_24': 0.1948848603463784, 'lag_25': 0.1077302706830379, 'lag_26': 0.8798543566592344, 'lag_27': 0.4398382155575802, 'lag_28': 0.3567897376348445}. Best is trial 66 with value: 0.004828891034826467.
[I 2025-09-29 13:20:56,191] Trial 70 finished with value: 0.005779176421091695 and parameters: {'lag_0': 0.1863533455135261, 'lag_1': 0.57110182590159, 'lag_2': 0.49127752835959226, 'lag_3': 0.4041707797034442, 'lag_4': 0.08450124913319271, 'lag_5': 0.9275534235516799, 'lag_6': 0.7921466153227505, 'lag_7': 0.06020365344854778, 'lag_8': 0.3477483857169049, 'lag_9': 0.5380347314852082, 'lag_10': 0.2744966695978162, 'lag_11': 0.9999910897023401, 'lag_12': 0.3956566718109171, 'lag_13': 0.023510206867623416, 'lag_14': 0.3079068462413923, 'lag_15': 0.7842030756302653, 'lag_16': 0.8637195919135374, 'lag_17': 0.37055256058114067, 'lag_18': 0.45111978087839105, 'lag_19': 0.4894099802492223, 'lag_20': 0.3971255285728267, 'lag_21': 0.4206082499755122, 'lag_22': 0.1690464851053409, 'lag_23': 0.5204641849319018, 'lag_24': 0.3298983978976048, 'lag_25': 0.4199208855546845, 'lag_26': 0.11376771215978718, 'lag_27': 0.6746198203163422, 'lag_28': 0.18666322317714754}. Best is trial 66 with value: 0.004828891034826467.
[I 2025-09-29 13:20:58,693] Trial 71 finished with value: 0.006672617578307627 and parameters: {'lag_0': 0.5973736909514464, 'lag_1': 0.4837492921714769, 'lag_2': 0.13039901744854038, 'lag_3': 0.3715385115489707, 'lag_4': 0.26157011003434727, 'lag_5': 0.8811083594701419, 'lag_6': 0.592558457003359, 'lag_7': 0.38063870348436063, 'lag_8': 0.2672760510336412, 'lag_9': 0.4972872504485922, 'lag_10': 0.7781093895325888, 'lag_11': 0.142378726240447, 'lag_12': 0.28302304296465913, 'lag_13': 0.18920631544287692, 'lag_14': 0.9671682679165889, 'lag_15': 0.8165660907767217, 'lag_16': 0.2294237746360478, 'lag_17': 0.7098488502966491, 'lag_18': 0.4890705717737795, 'lag_19': 0.42283795312743777, 'lag_20': 0.4382915593188346, 'lag_21': 0.21172060740037768, 'lag_22': 0.3779629226814182, 'lag_23': 0.6016695098369599, 'lag_24': 0.16114888024363522, 'lag_25': 0.054740782951749445, 'lag_26': 0.42562196070610125, 'lag_27': 0.5070382529410102, 'lag_28': 0.1386334187151744}. Best is trial 66 with value: 0.004828891034826467.
[I 2025-09-29 13:21:01,192] Trial 72 finished with value: 0.00625418577618798 and parameters: {'lag_0': 0.4844406878175388, 'lag_1': 0.43294821342130174, 'lag_2': 0.06941710146613743, 'lag_3': 0.4362177225511708, 'lag_4': 0.23139033731067235, 'lag_5': 0.8267202765632515, 'lag_6': 0.4909871919198392, 'lag_7': 0.28305700532406464, 'lag_8': 0.1973853207123865, 'lag_9': 0.6326754007025831, 'lag_10': 0.3184099424195218, 'lag_11': 0.09742810744673455, 'lag_12': 0.23773145273044569, 'lag_13': 0.1414014838475634, 'lag_14': 0.4940336862717448, 'lag_15': 0.8635971591764452, 'lag_16': 0.9169122330585916, 'lag_17': 0.8573388649749069, 'lag_18': 0.3772278519783566, 'lag_19': 0.3587914768797269, 'lag_20': 0.22280758373983223, 'lag_21': 0.1506325157258121, 'lag_22': 0.4987897639272971, 'lag_23': 0.8831104005383126, 'lag_24': 0.42192960285172293, 'lag_25': 0.20724972613581455, 'lag_26': 0.5314521683886665, 'lag_27': 0.04450872450399396, 'lag_28': 0.06120888588956519}. Best is trial 66 with value: 0.004828891034826467.
[I 2025-09-29 13:21:03,693] Trial 73 finished with value: 0.006769246305443471 and parameters: {'lag_0': 0.5231763484006002, 'lag_1': 0.701961751148661, 'lag_2': 0.02142052176722517, 'lag_3': 0.9799299464791524, 'lag_4': 0.2069721812167079, 'lag_5': 0.2789717268339762, 'lag_6': 0.7385744702911112, 'lag_7': 0.4964377570154523, 'lag_8': 0.15036569289802196, 'lag_9': 0.6745739881599919, 'lag_10': 0.15080800555567112, 'lag_11': 0.3972733684509311, 'lag_12': 0.1561702318209656, 'lag_13': 0.25836897901882155, 'lag_14': 0.8752289867373653, 'lag_15': 0.748354099430361, 'lag_16': 0.5176451763890324, 'lag_17': 0.9125765415364775, 'lag_18': 0.08508034999032997, 'lag_19': 0.5389815595948781, 'lag_20': 0.16321162437790826, 'lag_21': 0.19073428698837047, 'lag_22': 0.3081283373792181, 'lag_23': 0.7134988112717752, 'lag_24': 0.6112544467386192, 'lag_25': 0.295957658559224, 'lag_26': 0.2185482137245609, 'lag_27': 0.6129262550487831, 'lag_28': 0.28215328269361795}. Best is trial 66 with value: 0.004828891034826467.
[I 2025-09-29 13:21:06,198] Trial 74 finished with value: 0.006680206229527088 and parameters: {'lag_0': 0.42833833564003826, 'lag_1': 0.6488806168658066, 'lag_2': 0.16794554889143903, 'lag_3': 0.4676985799812489, 'lag_4': 0.1577257084771532, 'lag_5': 0.9534694171842599, 'lag_6': 0.6349231745709231, 'lag_7': 0.15824828678882108, 'lag_8': 0.38696916601503795, 'lag_9': 0.7587927383453952, 'lag_10': 0.19949243268521327, 'lag_11': 0.2740839960234525, 'lag_12': 0.6929447562712648, 'lag_13': 0.29459024295561387, 'lag_14': 0.7245844410436101, 'lag_15': 0.90726545434708, 'lag_16': 0.8132343161567352, 'lag_17': 0.43109942613359764, 'lag_18': 0.3160331226121197, 'lag_19': 0.3960495536793435, 'lag_20': 0.4872660723710262, 'lag_21': 0.05716176079295382, 'lag_22': 0.4284778934406399, 'lag_23': 0.9609703643352117, 'lag_24': 0.29343328625798165, 'lag_25': 0.5130795418288349, 'lag_26': 0.6982736125568052, 'lag_27': 0.21293191377936152, 'lag_28': 0.47584317491351397}. Best is trial 66 with value: 0.004828891034826467.
[I 2025-09-29 13:21:08,701] Trial 75 finished with value: 0.005179896545877446 and parameters: {'lag_0': 0.14947273691609253, 'lag_1': 0.3624656174735671, 'lag_2': 0.08856817081770846, 'lag_3': 0.5190137467533128, 'lag_4': 0.3753433514091541, 'lag_5': 0.8667888318840197, 'lag_6': 0.6951093314026833, 'lag_7': 0.4390578113879727, 'lag_8': 0.3314015481424981, 'lag_9': 0.8256199697677071, 'lag_10': 0.09972836533987636, 'lag_11': 0.340911957012923, 'lag_12': 0.42045517907758934, 'lag_13': 0.08321103712796181, 'lag_14': 0.6755848812986932, 'lag_15': 0.0042358523513824076, 'lag_16': 0.13748561884038632, 'lag_17': 0.7648460837199931, 'lag_18': 0.5174856153386671, 'lag_19': 0.3175092406861476, 'lag_20': 0.339631922051647, 'lag_21': 0.2470018840678996, 'lag_22': 0.03451482665178471, 'lag_23': 0.9180440986729557, 'lag_24': 0.23431843118969714, 'lag_25': 0.24050151532398586, 'lag_26': 0.4717001171128293, 'lag_27': 0.148375974160039, 'lag_28': 0.8207232578715062}. Best is trial 66 with value: 0.004828891034826467.
[I 2025-09-29 13:21:11,209] Trial 76 finished with value: 0.006050053579208171 and parameters: {'lag_0': 0.13397132890075317, 'lag_1': 0.3837189859470157, 'lag_2': 0.0962465479134834, 'lag_3': 0.7667074488068606, 'lag_4': 0.40232738426091386, 'lag_5': 0.7580698612384563, 'lag_6': 0.7662669877998735, 'lag_7': 0.03087973286158968, 'lag_8': 0.42633053022482165, 'lag_9': 0.8055689605694094, 'lag_10': 0.07936001789263071, 'lag_11': 0.3398659772901316, 'lag_12': 0.4124476380064007, 'lag_13': 0.08612210199298082, 'lag_14': 0.6690092506084606, 'lag_15': 0.011629577719815487, 'lag_16': 0.12661667597354248, 'lag_17': 0.8197941315980024, 'lag_18': 0.6188401416755803, 'lag_19': 0.28240282174422926, 'lag_20': 0.27391098897614985, 'lag_21': 0.24055951739064843, 'lag_22': 0.025994009487683538, 'lag_23': 0.9194798034750213, 'lag_24': 0.2330308688701606, 'lag_25': 0.33561504077043053, 'lag_26': 0.774670453184748, 'lag_27': 0.16305711793965003, 'lag_28': 0.8968542979431875}. Best is trial 66 with value: 0.004828891034826467.
[I 2025-09-29 13:21:13,713] Trial 77 finished with value: 0.005449103011190011 and parameters: {'lag_0': 0.22815359638911553, 'lag_1': 0.3503460987407313, 'lag_2': 0.26365060562687587, 'lag_3': 0.6121373186587116, 'lag_4': 0.12220374641977748, 'lag_5': 0.8573106799785389, 'lag_6': 0.6926844983077639, 'lag_7': 0.12623934297060568, 'lag_8': 0.31150193506648877, 'lag_9': 0.8299799869647245, 'lag_10': 0.026697663372404784, 'lag_11': 0.3011195271631275, 'lag_12': 0.43589525560666514, 'lag_13': 0.029566443441600622, 'lag_14': 0.5739185953612063, 'lag_15': 0.09615784748014339, 'lag_16': 0.06504091847695156, 'lag_17': 0.7713210324614439, 'lag_18': 0.6706622039221285, 'lag_19': 0.32315811607489753, 'lag_20': 0.3514420760099797, 'lag_21': 0.3410144291749766, 'lag_22': 0.09134113442015893, 'lag_23': 0.4498157677431537, 'lag_24': 0.11936281919854354, 'lag_25': 0.23559497691384698, 'lag_26': 0.4673655989543507, 'lag_27': 0.13019481062723381, 'lag_28': 0.7986289707683677}. Best is trial 66 with value: 0.004828891034826467.
[I 2025-09-29 13:21:16,340] Trial 78 finished with value: 0.006837317025271567 and parameters: {'lag_0': 0.21936216722409468, 'lag_1': 0.3646311208836758, 'lag_2': 0.2379786703057767, 'lag_3': 0.6703171026018735, 'lag_4': 0.12852117407702718, 'lag_5': 0.8644646423637279, 'lag_6': 0.6950312199120443, 'lag_7': 0.16554748400350025, 'lag_8': 0.47348424373418607, 'lag_9': 0.8310625245703298, 'lag_10': 0.0005952441518917162, 'lag_11': 0.25578673110206873, 'lag_12': 0.4373490270138305, 'lag_13': 0.055353109463981136, 'lag_14': 0.5560935731996588, 'lag_15': 0.11199949530435069, 'lag_16': 0.08654193481009706, 'lag_17': 0.762273038016541, 'lag_18': 0.6588544191016711, 'lag_19': 0.32588606882809756, 'lag_20': 0.33142207567605264, 'lag_21': 0.3712776047374541, 'lag_22': 0.08559509877763259, 'lag_23': 0.33868448053928313, 'lag_24': 0.10876365116094057, 'lag_25': 0.1486719498153679, 'lag_26': 0.46573595299327003, 'lag_27': 0.1371799801437571, 'lag_28': 0.9163684740120477}. Best is trial 66 with value: 0.004828891034826467.
[I 2025-09-29 13:21:18,847] Trial 79 finished with value: 0.005609677175200732 and parameters: {'lag_0': 0.10650639098115017, 'lag_1': 0.2932167044721013, 'lag_2': 0.2098384617476589, 'lag_3': 0.6213237034707207, 'lag_4': 0.05592786063957805, 'lag_5': 0.9328245896876903, 'lag_6': 0.9050537312207849, 'lag_7': 0.12100742198586265, 'lag_8': 0.33545876953219633, 'lag_9': 0.9024927091643851, 'lag_10': 0.0317442168089229, 'lag_11': 0.3086003411782677, 'lag_12': 0.34203193205038773, 'lag_13': 0.11403781509496591, 'lag_14': 0.5175945524000344, 'lag_15': 0.062389276414953725, 'lag_16': 0.1621714428720889, 'lag_17': 0.8228236638579023, 'lag_18': 0.5998217709939044, 'lag_19': 0.43905182089559064, 'lag_20': 0.4223893428369156, 'lag_21': 0.27795499402714874, 'lag_22': 0.12149011239416474, 'lag_23': 0.4328856366936704, 'lag_24': 0.14842142084025264, 'lag_25': 0.24189134696932774, 'lag_26': 0.3910554077715665, 'lag_27': 0.11623888962000915, 'lag_28': 0.8186301881087432}. Best is trial 66 with value: 0.004828891034826467.
[I 2025-09-29 13:21:21,350] Trial 80 finished with value: 0.006021137846514374 and parameters: {'lag_0': 0.14336460057078088, 'lag_1': 0.5390474315355075, 'lag_2': 0.1477117558862458, 'lag_3': 0.5269428092085277, 'lag_4': 0.005396568581694738, 'lag_5': 0.9071504161422749, 'lag_6': 0.5187915107470936, 'lag_7': 0.062662515684826, 'lag_8': 0.25185255144672575, 'lag_9': 0.8677634586186467, 'lag_10': 0.10110455564602082, 'lag_11': 0.20266223062166216, 'lag_12': 0.5413717486209254, 'lag_13': 0.8912070257828497, 'lag_14': 0.5993524684847921, 'lag_15': 0.1879523615706048, 'lag_16': 0.046466588223951, 'lag_17': 0.7572429219489335, 'lag_18': 0.7200345650385938, 'lag_19': 0.22415354068835416, 'lag_20': 0.30615095639398754, 'lag_21': 0.33431648602933745, 'lag_22': 0.06987623336416976, 'lag_23': 0.5719844255113401, 'lag_24': 0.540684497269889, 'lag_25': 0.19060271321421665, 'lag_26': 0.5507913218682163, 'lag_27': 0.1878454076964512, 'lag_28': 0.996950562437528}. Best is trial 66 with value: 0.004828891034826467.
[I 2025-09-29 13:21:23,857] Trial 81 finished with value: 0.005579268864624058 and parameters: {'lag_0': 0.25704259371530774, 'lag_1': 0.3424266034112738, 'lag_2': 0.2601391206755843, 'lag_3': 0.5628147226900586, 'lag_4': 0.1047601088168282, 'lag_5': 0.819036080174646, 'lag_6': 0.7393450978354787, 'lag_7': 0.21028342773974779, 'lag_8': 0.315725775528657, 'lag_9': 0.7696003556521331, 'lag_10': 0.1329759987929232, 'lag_11': 0.2933544896048485, 'lag_12': 0.365658212322365, 'lag_13': 0.019510388639812075, 'lag_14': 0.439806055555987, 'lag_15': 0.10399201020334285, 'lag_16': 0.057097385196160796, 'lag_17': 0.9044085920201085, 'lag_18': 0.8470395142589092, 'lag_19': 0.35660921375137494, 'lag_20': 0.3645176313563908, 'lag_21': 0.4736696412576552, 'lag_22': 0.021471142389333973, 'lag_23': 0.4425413011457657, 'lag_24': 0.1804945958062673, 'lag_25': 0.2841703781775614, 'lag_26': 0.4316621386031467, 'lag_27': 0.047688769541329765, 'lag_28': 0.7432672336096949}. Best is trial 66 with value: 0.004828891034826467.
