[I 2025-09-29 13:08:17,583] Trial 41 finished with value: 0.009665803248534142 and parameters: {'lag_0': 0.553824444485009, 'lag_1': 0.5252012396520952, 'lag_2': 0.8262868164421606, 'lag_3': 0.5226484751693654, 'lag_4': 0.1508130550062919, 'lag_5': 0.0987522886891245, 'lag_6': 0.2962050207166019, 'lag_7': 0.6443851343110727, 'lag_8': 0.719422825614274, 'lag_9': 0.8855434652769351, 'lag_10': 0.31904889715644713, 'lag_11': 0.057940242359423716, 'lag_12': 0.7773866183793711, 'lag_13': 0.4728100242869162, 'lag_14': 0.8782293014670695, 'lag_15': 0.8225648665563903, 'lag_16': 0.2355795565367919, 'lag_17': 0.07508408943356995, 'lag_18': 0.32891785626912995, 'lag_19': 0.46380642929126764, 'lag_20': 0.4367237618752138, 'lag_21': 0.1478573012881132, 'lag_22': 0.49964691666294186, 'lag_23': 0.9547282900653402, 'lag_24': 0.773789445910684, 'lag_25': 0.43931278677265506, 'lag_26': 0.2899574845239344, 'lag_27': 0.875557587790779, 'lag_28': 0.07920920521420412}. Best is trial 19 with value: 0.009365470527448022.
[I 2025-09-29 13:08:20,074] Trial 42 finished with value: 0.010067409425451543 and parameters: {'lag_0': 0.6179589231006308, 'lag_1': 0.7734648463844674, 'lag_2': 0.9089105312429474, 'lag_3': 0.44180078996976513, 'lag_4': 0.20335009132481985, 'lag_5': 0.24837549367070572, 'lag_6': 0.2076056853884502, 'lag_7': 0.4217372787795487, 'lag_8': 0.45741569615722955, 'lag_9': 0.575835118003038, 'lag_10': 0.08630968048242504, 'lag_11': 0.4879800477267653, 'lag_12': 0.6646866269117296, 'lag_13': 0.5307109791858384, 'lag_14': 0.6179595616717379, 'lag_15': 0.9396439144411574, 'lag_16': 0.07702322424178581, 'lag_17': 0.10985015841253253, 'lag_18': 0.09356949848928559, 'lag_19': 0.40600485438527273, 'lag_20': 0.5836409893831332, 'lag_21': 0.7648158634892721, 'lag_22': 0.6527095660851963, 'lag_23': 0.9308282951644171, 'lag_24': 0.8659301725123679, 'lag_25': 0.24920087478062097, 'lag_26': 0.5207795712269673, 'lag_27': 0.9995756588116653, 'lag_28': 0.26460120231528567}. Best is trial 19 with value: 0.009365470527448022.
[I 2025-09-29 13:08:22,558] Trial 43 finished with value: 0.009798816033367174 and parameters: {'lag_0': 0.5357439984017436, 'lag_1': 0.9385738561435029, 'lag_2': 0.8635157903182663, 'lag_3': 0.6770494932625147, 'lag_4': 0.13223739582175842, 'lag_5': 0.1568597451018507, 'lag_6': 0.1474995754189068, 'lag_7': 0.5293219646739105, 'lag_8': 0.8484210097099877, 'lag_9': 0.8302619192093482, 'lag_10': 0.19012123439146594, 'lag_11': 0.4158666930678131, 'lag_12': 0.546778708386627, 'lag_13': 0.38664969608542477, 'lag_14': 0.9481228886456956, 'lag_15': 0.685359445959154, 'lag_16': 0.11808252908637268, 'lag_17': 0.191495618646552, 'lag_18': 0.244572523931048, 'lag_19': 0.4991118420012052, 'lag_20': 0.3488217955742873, 'lag_21': 0.3979278207757631, 'lag_22': 0.5444228889732647, 'lag_23': 0.8606105408256643, 'lag_24': 0.950208325345004, 'lag_25': 0.5902543333537389, 'lag_26': 0.6072315137479768, 'lag_27': 0.7548299441074848, 'lag_28': 0.1950482487808018}. Best is trial 19 with value: 0.009365470527448022.
[I 2025-09-29 13:08:25,045] Trial 44 finished with value: 0.010588189383213112 and parameters: {'lag_0': 0.6729824129746238, 'lag_1': 0.47633304390552855, 'lag_2': 0.7534660299807399, 'lag_3': 0.3535919313261693, 'lag_4': 0.0731788810026703, 'lag_5': 0.4858927884055512, 'lag_6': 0.4264128139219444, 'lag_7': 0.5953477551198965, 'lag_8': 0.9323211914583166, 'lag_9': 0.4605123040011107, 'lag_10': 0.4220849023174519, 'lag_11': 0.0007511237699818485, 'lag_12': 0.935467272921737, 'lag_13': 0.3185166972759269, 'lag_14': 0.7974867614761473, 'lag_15': 0.9972043447744774, 'lag_16': 0.47596440174271903, 'lag_17': 0.03314692016298766, 'lag_18': 0.1113683366225367, 'lag_19': 0.3595835280124188, 'lag_20': 0.49088788629259755, 'lag_21': 0.1995022879030207, 'lag_22': 0.47456774864298473, 'lag_23': 0.9483245103108039, 'lag_24': 0.8091362961426283, 'lag_25': 0.7288469874869192, 'lag_26': 0.4238942670480042, 'lag_27': 0.8280105231469239, 'lag_28': 0.04177716659138869}. Best is trial 19 with value: 0.009365470527448022.
[I 2025-09-29 13:08:27,527] Trial 45 finished with value: 0.00972971326212261 and parameters: {'lag_0': 0.7444542368195596, 'lag_1': 0.16115935869112785, 'lag_2': 0.9329454557160229, 'lag_3': 0.24123186279591535, 'lag_4': 0.2802167901233831, 'lag_5': 0.3637666359896539, 'lag_6': 0.06229823729934346, 'lag_7': 0.31804070514848104, 'lag_8': 0.34653461147654535, 'lag_9': 0.6732609195913593, 'lag_10': 0.9163850842902825, 'lag_11': 0.1794377679125248, 'lag_12': 0.8837199456298697, 'lag_13': 0.7468323091753681, 'lag_14': 0.9909163413872404, 'lag_15': 0.8579522182287928, 'lag_16': 0.5300566746558432, 'lag_17': 0.09698887809991147, 'lag_18': 0.27932869546943045, 'lag_19': 0.6784942541707393, 'lag_20': 0.2845775140792367, 'lag_21': 0.10202035772435572, 'lag_22': 0.3677791989370133, 'lag_23': 0.8249750275630756, 'lag_24': 0.7597612690354835, 'lag_25': 0.6658042706010984, 'lag_26': 0.10375397532732705, 'lag_27': 0.3548114241113798, 'lag_28': 0.15535260455360916}. Best is trial 19 with value: 0.009365470527448022.
[I 2025-09-29 13:08:30,010] Trial 46 finished with value: 0.00980272744172819 and parameters: {'lag_0': 0.4282582866712489, 'lag_1': 0.09036713545005753, 'lag_2': 0.7885412957581751, 'lag_3': 0.80758632527105, 'lag_4': 0.5610367240280121, 'lag_5': 0.4273108400769909, 'lag_6': 0.5940081881618804, 'lag_7': 0.6743055261415447, 'lag_8': 0.781304354022855, 'lag_9': 0.9330284328561511, 'lag_10': 0.4944697106712439, 'lag_11': 0.09337020482963174, 'lag_12': 0.10893698451451211, 'lag_13': 0.19815824763411055, 'lag_14': 0.8683915090947419, 'lag_15': 0.7317949461536154, 'lag_16': 0.19224006543010413, 'lag_17': 0.15524275745291577, 'lag_18': 0.49328040169461507, 'lag_19': 0.2527938318996739, 'lag_20': 0.771501337974298, 'lag_21': 0.04579053416240132, 'lag_22': 0.2795334002897506, 'lag_23': 0.7235050975147104, 'lag_24': 0.8754698890999515, 'lag_25': 0.8833463346032748, 'lag_26': 0.32455872154211307, 'lag_27': 0.6115381258005286, 'lag_28': 0.06428600696602788}. Best is trial 19 with value: 0.009365470527448022.
[I 2025-09-29 13:08:32,510] Trial 47 finished with value: 0.009968771742465231 and parameters: {'lag_0': 0.31499142723146845, 'lag_1': 0.8687344805798688, 'lag_2': 0.872702179349016, 'lag_3': 0.4710730540291436, 'lag_4': 0.0016315390937994279, 'lag_5': 0.5610799526686591, 'lag_6': 0.8166326602265005, 'lag_7': 0.4307386948001761, 'lag_8': 0.6405594898816099, 'lag_9': 0.28266146637370615, 'lag_10': 0.8139012605716223, 'lag_11': 0.5355435354605351, 'lag_12': 0.5966471495190522, 'lag_13': 0.12985775810057362, 'lag_14': 0.9209916180570883, 'lag_15': 0.6224696522750957, 'lag_16': 0.27651097027241567, 'lag_17': 0.21709469224512287, 'lag_18': 0.4007565697305844, 'lag_19': 0.5781380536711527, 'lag_20': 0.8816420069651089, 'lag_21': 0.29233750686987303, 'lag_22': 0.8182830449861462, 'lag_23': 0.8771548630288684, 'lag_24': 0.7013172685234813, 'lag_25': 0.5256171453117943, 'lag_26': 0.69819237713554, 'lag_27': 0.6964382863679132, 'lag_28': 0.3090748820593747}. Best is trial 19 with value: 0.009365470527448022.
[I 2025-09-29 13:08:34,995] Trial 48 finished with value: 0.010158082544495742 and parameters: {'lag_0': 0.9944787880520184, 'lag_1': 0.5989607302552724, 'lag_2': 0.7179688372644784, 'lag_3': 0.4000245042883019, 'lag_4': 0.7069769127315118, 'lag_5': 0.197507571894083, 'lag_6': 0.0020902375706781384, 'lag_7': 0.8974433965144961, 'lag_8': 0.9464469920304593, 'lag_9': 0.5569129990436872, 'lag_10': 0.30309898241641564, 'lag_11': 0.8523671351068701, 'lag_12': 0.8671599179119633, 'lag_13': 0.26333512095825945, 'lag_14': 0.7235808403842708, 'lag_15': 0.7927046890630534, 'lag_16': 0.6577230030432197, 'lag_17': 0.9360947822808043, 'lag_18': 0.21180062337050337, 'lag_19': 0.5057524837813006, 'lag_20': 0.6768857893598863, 'lag_21': 0.15590163413374605, 'lag_22': 0.20520598006171858, 'lag_23': 0.9925994865028446, 'lag_24': 0.9483287749790007, 'lag_25': 0.5985343828189292, 'lag_26': 0.7483993839479975, 'lag_27': 0.5087511643114138, 'lag_28': 0.9482548655491851}. Best is trial 19 with value: 0.009365470527448022.
[I 2025-09-29 13:08:37,476] Trial 49 finished with value: 0.010363334191187037 and parameters: {'lag_0': 0.9195935214800901, 'lag_1': 0.20989683773337392, 'lag_2': 0.9974482669314718, 'lag_3': 0.6823243161340893, 'lag_4': 0.4037327931465364, 'lag_5': 0.2998245140315547, 'lag_6': 0.2243204065990841, 'lag_7': 0.7460504820468149, 'lag_8': 0.8258524473567606, 'lag_9': 0.17986104160085786, 'lag_10': 0.2467817163795184, 'lag_11': 0.9247200869650973, 'lag_12': 0.7791913624019282, 'lag_13': 0.5681346735981425, 'lag_14': 0.4593565998435212, 'lag_15': 0.8851202700821893, 'lag_16': 0.04738595286494668, 'lag_17': 0.04029819129379017, 'lag_18': 0.04922300301728956, 'lag_19': 0.3424157743426682, 'lag_20': 0.4097297548474374, 'lag_21': 0.24503788428344386, 'lag_22': 0.9044786158418303, 'lag_23': 0.819345426932367, 'lag_24': 0.447758314970828, 'lag_25': 0.6840750734522556, 'lag_26': 0.49314713148961814, 'lag_27': 0.2873291214595794, 'lag_28': 0.12155089227336462}. Best is trial 19 with value: 0.009365470527448022.
[I 2025-09-29 13:08:39,965] Trial 50 finished with value: 0.009225110034907438 and parameters: {'lag_0': 0.5895194746645835, 'lag_1': 0.6906135234901305, 'lag_2': 0.2880300677911538, 'lag_3': 0.5933548444399923, 'lag_4': 0.1840097737022939, 'lag_5': 0.08214282409555372, 'lag_6': 0.7257531779644577, 'lag_7': 0.11661675266816851, 'lag_8': 0.7359837636016873, 'lag_9': 0.7051506272041709, 'lag_10': 0.10668816641172735, 'lag_11': 0.6152894142594119, 'lag_12': 0.39737514976980814, 'lag_13': 0.5102276462430348, 'lag_14': 0.6418794202105095, 'lag_15': 0.9297016394463431, 'lag_16': 0.14645751712944505, 'lag_17': 0.3393546696791594, 'lag_18': 0.30692866290237153, 'lag_19': 0.7909727517600977, 'lag_20': 0.5917138538034769, 'lag_21': 0.5319087922760163, 'lag_22': 0.6770280282334395, 'lag_23': 0.8997595210762611, 'lag_24': 0.6521340052640844, 'lag_25': 0.42853921755121904, 'lag_26': 0.15846543410176667, 'lag_27': 0.1675353839121168, 'lag_28': 0.2371871162462327}. Best is trial 50 with value: 0.009225110034907438.
[I 2025-09-29 13:08:42,452] Trial 51 finished with value: 0.01023052592352193 and parameters: {'lag_0': 0.625028745356349, 'lag_1': 0.6872636396999786, 'lag_2': 0.25230922044879633, 'lag_3': 0.5998266245773402, 'lag_4': 0.18285543057280368, 'lag_5': 0.03138326382809626, 'lag_6': 0.7167611388344018, 'lag_7': 0.11687369097047533, 'lag_8': 0.7287779555445913, 'lag_9': 0.7655322351772511, 'lag_10': 0.10054757708310572, 'lag_11': 0.6707004862553188, 'lag_12': 0.41199690917448295, 'lag_13': 0.44920901469908237, 'lag_14': 0.65320214610163, 'lag_15': 0.922297412790471, 'lag_16': 0.132833552989146, 'lag_17': 0.44246360484542197, 'lag_18': 0.3057921652584549, 'lag_19': 0.7778457841275708, 'lag_20': 0.5954756410765967, 'lag_21': 0.6273693754163443, 'lag_22': 0.6894255686169581, 'lag_23': 0.8955341704892984, 'lag_24': 0.6286453829504997, 'lag_25': 0.42982387331277216, 'lag_26': 0.1515293738180174, 'lag_27': 0.1565757279585244, 'lag_28': 0.24122947835474232}. Best is trial 50 with value: 0.009225110034907438.
[I 2025-09-29 13:08:44,941] Trial 52 finished with value: 0.010328633796422697 and parameters: {'lag_0': 0.5861947683978563, 'lag_1': 0.8032184105232916, 'lag_2': 0.19068957884043078, 'lag_3': 0.6548608876751593, 'lag_4': 0.22683417746551948, 'lag_5': 0.10707510993863653, 'lag_6': 0.5526087210535557, 'lag_7': 0.11996779371562254, 'lag_8': 0.8908287451365589, 'lag_9': 0.688675916125085, 'lag_10': 0.027217547771786713, 'lag_11': 0.5959536487499981, 'lag_12': 0.46188814029259284, 'lag_13': 0.5995271174904322, 'lag_14': 0.5424608724639923, 'lag_15': 0.977611419690793, 'lag_16': 0.09877023174005453, 'lag_17': 0.3559750356147401, 'lag_18': 0.13357963626888272, 'lag_19': 0.8237818753575268, 'lag_20': 0.7232831281491561, 'lag_21': 0.5907215394306977, 'lag_22': 0.6181931351150267, 'lag_23': 0.93812647286601, 'lag_24': 0.6757607978275967, 'lag_25': 0.34191531819052334, 'lag_26': 0.0017059057356702267, 'lag_27': 0.06324098491098841, 'lag_28': 0.015496045879481085}. Best is trial 50 with value: 0.009225110034907438.
[I 2025-09-29 13:08:47,429] Trial 53 finished with value: 0.010178381584143352 and parameters: {'lag_0': 0.5221147488075577, 'lag_1': 0.5990264469434801, 'lag_2': 0.10531252538095345, 'lag_3': 0.532355119632106, 'lag_4': 0.10780863362077579, 'lag_5': 0.0721298902891517, 'lag_6': 0.6301954100395433, 'lag_7': 0.2089894089182231, 'lag_8': 0.7574646276079798, 'lag_9': 0.8485415247210351, 'lag_10': 0.19548917353616704, 'lag_11': 0.629944516399977, 'lag_12': 0.5242713155285271, 'lag_13': 0.5044433802359964, 'lag_14': 0.5925109417273998, 'lag_15': 0.8364086362470968, 'lag_16': 0.04640109683030152, 'lag_17': 0.2811488533208655, 'lag_18': 0.4333635193901217, 'lag_19': 0.8770643804772678, 'lag_20': 0.5407179503777625, 'lag_21': 0.4950619266105662, 'lag_22': 0.7684937463055957, 'lag_23': 0.956979638398706, 'lag_24': 0.7392123410248334, 'lag_25': 0.46862622655780395, 'lag_26': 0.27305391413328994, 'lag_27': 0.21438152904813035, 'lag_28': 0.35530470719485424}. Best is trial 50 with value: 0.009225110034907438.
[I 2025-09-29 13:08:49,925] Trial 54 finished with value: 0.010476428962924346 and parameters: {'lag_0': 0.6685995436966427, 'lag_1': 0.9003921791475366, 'lag_2': 0.34415134357117216, 'lag_3': 0.5822981990751378, 'lag_4': 0.04066220406664023, 'lag_5': 0.1386735146040706, 'lag_6': 0.4357861815129934, 'lag_7': 0.16618953000919578, 'lag_8': 0.654216892977491, 'lag_9': 0.6218907628155418, 'lag_10': 0.11865465851576061, 'lag_11': 0.6819948449508004, 'lag_12': 0.28473108423633486, 'lag_13': 0.3326908673186208, 'lag_14': 0.8299110659360829, 'lag_15': 0.9534098601702703, 'lag_16': 0.1739221069827137, 'lag_17': 0.4964969530994181, 'lag_18': 0.3707984681492934, 'lag_19': 0.9352045273338148, 'lag_20': 0.8040590814421461, 'lag_21': 0.7388469068760462, 'lag_22': 0.5789822844441569, 'lag_23': 0.7732493505190827, 'lag_24': 0.7954789068408126, 'lag_25': 0.18393240509996306, 'lag_26': 0.18646182062075634, 'lag_27': 0.3611745577343677, 'lag_28': 0.10874779427436737}. Best is trial 50 with value: 0.009225110034907438.
[I 2025-09-29 13:08:52,418] Trial 55 finished with value: 0.010909975432496378 and parameters: {'lag_0': 0.4784831445516813, 'lag_1': 0.5476919937510181, 'lag_2': 0.67923448090921, 'lag_3': 0.3255900746188519, 'lag_4': 0.48747876101024346, 'lag_5': 0.027623694671833343, 'lag_6': 0.8127434332910535, 'lag_7': 0.28116681392894105, 'lag_8': 0.6951462696748445, 'lag_9': 0.39973445242449934, 'lag_10': 0.23308971718729857, 'lag_11': 0.5657527485524609, 'lag_12': 0.37940471599212516, 'lag_13': 0.3931306983151003, 'lag_14': 0.703717329888808, 'lag_15': 0.7575669821759983, 'lag_16': 0.24739424472377286, 'lag_17': 0.414419737482161, 'lag_18': 0.18148968719286274, 'lag_19': 0.6397805379933296, 'lag_20': 0.4758155155917264, 'lag_21': 0.37972062856673894, 'lag_22': 0.79924391992165, 'lag_23': 0.8983778671171736, 'lag_24': 0.9027159911650564, 'lag_25': 0.5349067239872709, 'lag_26': 0.5678094490733293, 'lag_27': 0.4594208302514669, 'lag_28': 0.2772346659673333}. Best is trial 50 with value: 0.009225110034907438.
[I 2025-09-29 13:08:54,914] Trial 56 finished with value: 0.010048656404349841 and parameters: {'lag_0': 0.8098935916703645, 'lag_1': 0.7151865779167371, 'lag_2': 0.519007774687905, 'lag_3': 0.502788915807961, 'lag_4': 0.6039615489540601, 'lag_5': 0.622014276889449, 'lag_6': 0.7235031631422403, 'lag_7': 0.5245257834627944, 'lag_8': 0.7991000953900469, 'lag_9': 0.7182884996582095, 'lag_10': 0.06158275178194951, 'lag_11': 0.39211824863263633, 'lag_12': 0.2095817512572491, 'lag_13': 0.6242702999998432, 'lag_14': 0.4797012113887873, 'lag_15': 0.9020278011378332, 'lag_16': 0.03545215946387732, 'lag_17': 0.3196292569143081, 'lag_18': 0.2502085126885368, 'lag_19': 0.4191600918385041, 'lag_20': 0.8470052712996747, 'lag_21': 0.5565297666951857, 'lag_22': 0.37450988860006984, 'lag_23': 0.8517452538854842, 'lag_24': 0.8420642067952456, 'lag_25': 0.4121562278983963, 'lag_26': 0.09302338731981774, 'lag_27': 0.24473518686293655, 'lag_28': 0.42813505684257747}. Best is trial 50 with value: 0.009225110034907438.
[I 2025-09-29 13:08:57,404] Trial 57 finished with value: 0.010251964013198753 and parameters: {'lag_0': 0.6417351381984603, 'lag_1': 0.9576564119551811, 'lag_2': 0.4671722908906917, 'lag_3': 0.7390211821190746, 'lag_4': 0.2633019613482204, 'lag_5': 0.2542950430028517, 'lag_6': 0.09084902798867928, 'lag_7': 0.08209831981560695, 'lag_8': 0.61735393436671, 'lag_9': 0.4535653443172709, 'lag_10': 0.39052105011926397, 'lag_11': 0.45902645180792323, 'lag_12': 0.6834176577916464, 'lag_13': 0.5201830345254406, 'lag_14': 0.7980912544987973, 'lag_15': 0.8122820701388277, 'lag_16': 0.3289712343828959, 'lag_17': 0.22692967771324152, 'lag_18': 0.9744386205406959, 'lag_19': 0.7553223750258817, 'lag_20': 0.7535709895532661, 'lag_21': 0.6598184114430659, 'lag_22': 0.46676528176136833, 'lag_23': 0.9804207552457005, 'lag_24': 0.8336457276095336, 'lag_25': 0.4838853552836357, 'lag_26': 0.915031774788631, 'lag_27': 0.3008451647991269, 'lag_28': 0.18507385728871675}. Best is trial 50 with value: 0.009225110034907438.
[I 2025-09-29 13:08:59,901] Trial 58 finished with value: 0.009546238177786834 and parameters: {'lag_0': 0.7606968508993506, 'lag_1': 0.7690626899497198, 'lag_2': 0.8261820960255767, 'lag_3': 0.09735832876759959, 'lag_4': 0.32526320810037734, 'lag_5': 0.3955528670931721, 'lag_6': 0.14896575186328578, 'lag_7': 0.32629983166200005, 'lag_8': 0.8845211222389993, 'lag_9': 0.598944369968316, 'lag_10': 0.16956103194781252, 'lag_11': 0.3154473419240639, 'lag_12': 0.6176190838483511, 'lag_13': 0.42391527231896714, 'lag_14': 0.8856656642695071, 'lag_15': 0.867330691716626, 'lag_16': 0.4373617824813568, 'lag_17': 0.12407871611474884, 'lag_18': 0.5114532125692663, 'lag_19': 0.29249616659292876, 'lag_20': 0.3128475168284206, 'lag_21': 0.43201488665702814, 'lag_22': 0.7227200719929163, 'lag_23': 0.6829890908278293, 'lag_24': 0.9642202354149709, 'lag_25': 0.8512669234293406, 'lag_26': 0.8195266559042034, 'lag_27': 0.0741802621467456, 'lag_28': 0.49691195521315795}. Best is trial 50 with value: 0.009225110034907438.
[I 2025-09-29 13:09:02,394] Trial 59 finished with value: 0.010134611119465217 and parameters: {'lag_0': 0.7813497931742457, 'lag_1': 0.7690972302500259, 'lag_2': 0.8489975522984057, 'lag_3': 0.10511986994585104, 'lag_4': 0.3188682605427238, 'lag_5': 0.46806014800806583, 'lag_6': 0.15105437093851742, 'lag_7': 0.372740753347105, 'lag_8': 0.8733138926294017, 'lag_9': 0.5413646441714628, 'lag_10': 0.1859167165858829, 'lag_11': 0.29825750129192835, 'lag_12': 0.7117244870278292, 'lag_13': 0.36552622715020594, 'lag_14': 0.6479140298735148, 'lag_15': 0.4539088640083287, 'lag_16': 0.15072425720577423, 'lag_17': 0.14076155432079204, 'lag_18': 0.49742196959102825, 'lag_19': 0.2345072607900756, 'lag_20': 0.22267960399930975, 'lag_21': 0.49169269057648535, 'lag_22': 0.6573033265240935, 'lag_23': 0.6721408513227639, 'lag_24': 0.9604452992973376, 'lag_25': 0.8492346655614372, 'lag_26': 0.851569257434873, 'lag_27': 0.15557825300548242, 'lag_28': 0.5196329562090288}. Best is trial 50 with value: 0.009225110034907438.
[I 2025-09-29 13:09:04,886] Trial 60 finished with value: 0.009991223401836226 and parameters: {'lag_0': 0.6983196068936156, 'lag_1': 0.8192458362545796, 'lag_2': 0.2977603504456615, 'lag_3': 0.7902312696186652, 'lag_4': 0.3740072798354507, 'lag_5': 0.39774805751058523, 'lag_6': 0.2792824827064031, 'lag_7': 0.34214291188091095, 'lag_8': 0.9659194619864329, 'lag_9': 0.5849179785886, 'lag_10': 0.16983535019551038, 'lag_11': 0.3203113259230289, 'lag_12': 0.6333380000235457, 'lag_13': 0.4849299516574789, 'lag_14': 0.8377210321253107, 'lag_15': 0.7070598045961689, 'lag_16': 0.797052029242775, 'lag_17': 0.0678661373812554, 'lag_18': 0.5573325983848738, 'lag_19': 0.18686430391295966, 'lag_20': 0.29465401070893654, 'lag_21': 0.45186338192895015, 'lag_22': 0.7286934354620119, 'lag_23': 0.5412641498685455, 'lag_24': 0.5893962063410503, 'lag_25': 0.7660005508512071, 'lag_26': 0.8118083304380432, 'lag_27': 0.06242647141252061, 'lag_28': 0.49049899809121056}. Best is trial 50 with value: 0.009225110034907438.
[I 2025-09-29 13:09:07,374] Trial 61 finished with value: 0.009848766604582017 and parameters: {'lag_0': 0.7522417784342262, 'lag_1': 0.627598428363488, 'lag_2': 0.8159178518477724, 'lag_3': 0.031231562555563475, 'lag_4': 0.22060318839114185, 'lag_5': 0.3450217905180176, 'lag_6': 0.8484515533537055, 'lag_7': 0.3997561101476632, 'lag_8': 0.9013340551344745, 'lag_9': 0.639113591384916, 'lag_10': 0.12016499784998788, 'lag_11': 0.5092188539528096, 'lag_12': 0.578797775693801, 'lag_13': 0.42972390885215017, 'lag_14': 0.881546008208941, 'lag_15': 0.8662055608772722, 'lag_16': 0.4249605800743455, 'lag_17': 0.1283133578009927, 'lag_18': 0.32930895664325643, 'lag_19': 0.29079022451788666, 'lag_20': 0.3854902536461908, 'lag_21': 0.34457484403394356, 'lag_22': 0.4354490569099262, 'lag_23': 0.9086350795185323, 'lag_24': 0.9093426504604966, 'lag_25': 0.7916931152663814, 'lag_26': 0.6425956073778332, 'lag_27': 0.09751964881980826, 'lag_28': 0.5691911349337072}. Best is trial 50 with value: 0.009225110034907438.
