2025-10-03 11:31:03,338 - distributed.nanny - INFO -         Start Nanny at: 'tcp://192.168.86.108:43027'
2025-10-03 11:31:04,641 - distributed.worker - INFO -       Start worker at: tcp://192.168.86.108:36447
2025-10-03 11:31:04,641 - distributed.worker - INFO -          Listening to: tcp://192.168.86.108:36447
2025-10-03 11:31:04,641 - distributed.worker - INFO -           Worker name:             SLURMCluster-9
2025-10-03 11:31:04,641 - distributed.worker - INFO -          dashboard at:       192.168.86.108:39198
2025-10-03 11:31:04,642 - distributed.worker - INFO - Waiting to connect to: tcp://192.168.86.108:45752
2025-10-03 11:31:04,642 - distributed.worker - INFO - -------------------------------------------------
2025-10-03 11:31:04,642 - distributed.worker - INFO -               Threads:                          1
2025-10-03 11:31:04,642 - distributed.worker - INFO -                Memory:                   9.31 GiB
2025-10-03 11:31:04,642 - distributed.worker - INFO -       Local Directory: /home1/zrentala/dask-worker-space/dask-scratch-space/worker-tveu9vws
2025-10-03 11:31:04,642 - distributed.worker - INFO - -------------------------------------------------
2025-10-03 11:31:04,939 - distributed.worker - INFO - Starting Worker plugin shuffle
2025-10-03 11:31:04,939 - distributed.worker - INFO -         Registered to: tcp://192.168.86.108:45752
2025-10-03 11:31:04,939 - distributed.worker - INFO - -------------------------------------------------
2025-10-03 11:31:04,940 - distributed.core - INFO - Starting established connection to tcp://192.168.86.108:45752
[I 2025-10-03 11:31:05,057] A new study created in memory with name: no-name-0e02b351-b2db-47de-a78f-0e7fb0047f79
[I 2025-10-03 11:31:07,750] Trial 0 finished with values: [0.004087276392038296, 0.0008394874170105275, 0.00166715777935195, 0.0007729058141643364, 0.0005566031908125797, 0.001896653525071654, 0.001526176314616604, 0.0003825153288793715, 0.0008690738212123043, 0.0016092879063309788, 0.0008936168877739011, 0.0010519259587768142, 0.0035178020919306103, 0.02127158176088075, 0.0, 0.04084468532351244, 0.006898899111858874, 0.0007541895460765703, 0.007319692523403362, 0.000124424234264941, 0.006087449134152498, 0.0032396284401848066, 0.005068479187887184, 0.0049105182525685884, 0.004095211066145132, 0.0016786692648936077, 0.00039029709725805595, 0.0019344310533194683, 0.2240192537294491] and parameters: {'lag_0': 0.7208060644105684, 'lag_1': 0.9904645336967118, 'lag_2': 0.9552242235662314, 'lag_3': 0.4148106816256888, 'lag_4': 0.7184268135724623, 'lag_5': 0.05639063505831376, 'lag_6': 0.6814780027573306, 'lag_7': 0.9293890073937832, 'lag_8': 0.5882566243046335, 'lag_9': 0.8633840304280603, 'lag_10': 0.6095416426816315, 'lag_11': 0.7428743487079454, 'lag_12': 0.44332288819178817, 'lag_13': 0.09612103897325125, 'lag_14': 0.9813962686836971, 'lag_15': 0.8623399270526738, 'lag_16': 0.403360593848485, 'lag_17': 0.5553424506323976, 'lag_18': 0.8185318000354089, 'lag_19': 0.4467204234721763, 'lag_20': 0.7814628499948749, 'lag_21': 0.7582615983712759, 'lag_22': 0.19980719370551225, 'lag_23': 0.32301164742123584, 'lag_24': 0.006410857126001166, 'lag_25': 0.44987372420329486, 'lag_26': 0.1787932857174503, 'lag_27': 0.9123895048613107, 'lag_28': 0.881363753109136}.
[I 2025-10-03 11:31:10,430] Trial 1 finished with values: [0.011224999999999999, 0.0011897522634906886, 0.00037258846266003347, 0.0005264830164443163, 0.00024769457902587756, 0.0010812041981836458, 0.00045995618267374063, 0.000700261930038998, 0.0006897579273078972, 0.0009587204010217508, 0.0007042780537594969, 0.001148535631342025, 0.004672987151509612, 0.018916746483664593, 0.0, 0.043388115072445686, 0.004403542104104844, 0.0007452095048027354, 0.007260206819090143, 5.342348820621065e-05, 0.004385122521178406, 0.0023573715675686635, 0.00374817575437542, 0.0060572297728485654, 0.004989017058941797, 0.0031900086573140585, 0.0004124098789411002, 0.0014625248666320684, 0.21340264063615702] and parameters: {'lag_0': 0.4393137109402451, 'lag_1': 0.4381265422026318, 'lag_2': 0.9327393530959077, 'lag_3': 0.18669792441651095, 'lag_4': 0.30172967747585655, 'lag_5': 0.12092364223663848, 'lag_6': 0.15410599287980317, 'lag_7': 0.8451549350121942, 'lag_8': 0.8140187268041389, 'lag_9': 0.044698653987513985, 'lag_10': 0.2039367019346632, 'lag_11': 0.7827471795258373, 'lag_12': 0.06346138293124395, 'lag_13': 0.1965669350066187, 'lag_14': 0.14326032738967248, 'lag_15': 0.8196156806566985, 'lag_16': 0.05153845524922673, 'lag_17': 0.8973337972988574, 'lag_18': 0.2940079850023595, 'lag_19': 0.29599160821768206, 'lag_20': 0.24176678455435258, 'lag_21': 0.04938331993052943, 'lag_22': 0.03419368021116854, 'lag_23': 0.5820872930863307, 'lag_24': 0.5630453981032185, 'lag_25': 0.1339994943988414, 'lag_26': 0.6121606075588562, 'lag_27': 0.06925970413487932, 'lag_28': 0.7789613042497583}.
[I 2025-10-03 11:31:13,104] Trial 2 finished with values: [0.004311111111111111, 0.0009138013180814842, 0.0009130015505603445, 0.0011904188179026566, 0.0007545264753823179, 0.00211774639155485, 0.0001936209777893012, 0.00031058133130729365, 0.0012890182733837929, 0.0009664166728751266, 0.00048821897811627006, 0.0011454590499804592, 0.0026660514708307234, 0.021013650471071055, 0.0, 0.03940603708466725, 0.005526720044675653, 0.0007653291881273814, 0.006743539947434428, 5.709495706813965e-05, 0.004725644076352772, 0.0030510311258088495, 0.0035968077721607013, 0.005297520818009055, 0.004934938349811459, 0.0022539549574368844, 0.0004218152072690035, 0.0018589762693927245, 0.2150092677075775] and parameters: {'lag_0': 0.26977813811785223, 'lag_1': 0.36085960530665634, 'lag_2': 0.13546001932528026, 'lag_3': 0.05355626150770052, 'lag_4': 0.06354616997292459, 'lag_5': 0.7372220732273845, 'lag_6': 0.08139074430423125, 'lag_7': 0.733980901434918, 'lag_8': 0.936548703736535, 'lag_9': 0.29852321323435327, 'lag_10': 0.31063575163312296, 'lag_11': 0.7039760477269601, 'lag_12': 0.5770575419813798, 'lag_13': 0.9844555882817809, 'lag_14': 0.8852689926438306, 'lag_15': 0.9782043912149923, 'lag_16': 0.32569697262728636, 'lag_17': 0.23060022337145988, 'lag_18': 0.522784374364961, 'lag_19': 0.5395978104861554, 'lag_20': 0.8479802792489846, 'lag_21': 0.7376899676174236, 'lag_22': 0.9323255769318833, 'lag_23': 0.027406207811455367, 'lag_24': 0.0012635316350437093, 'lag_25': 0.41236212692702934, 'lag_26': 0.06621303428249065, 'lag_27': 0.1826970183920607, 'lag_28': 0.20191342673870144}.
[I 2025-10-03 11:31:15,755] Trial 3 finished with values: [0.045348581089240426, 0.0013764796833579903, 0.0004992470533327128, 0.0014506189655942158, 0.0005024367519659805, 0.0008392288924298465, 0.0012201153830846596, 0.0005733947224792591, 0.0012364275889495493, 0.0018719516943444515, 0.0006807341820921043, 0.0012563882500375041, 0.004386225193350444, 0.0177280593939587, 0.0, 0.03990789904352308, 0.006732655684160117, 0.0007088991360325982, 0.007974045345864676, 0.00016961203066589905, 0.005591839006474225, 0.00358101042149254, 0.004560597448983533, 0.0055197474955771255, 0.004920515628421685, 0.0017464925667247863, 0.0004102937955258412, 0.0033243983226250843, 0.21142022515138686] and parameters: {'lag_0': 0.2664482520797484, 'lag_1': 0.2503342475080126, 'lag_2': 0.21536238002254007, 'lag_3': 0.8027432697139085, 'lag_4': 0.8330446738286055, 'lag_5': 0.996535248814518, 'lag_6': 0.9677339033936319, 'lag_7': 0.4863679865029926, 'lag_8': 0.13865677311864982, 'lag_9': 0.3165150833159057, 'lag_10': 0.19856020670618352, 'lag_11': 0.4383309338589519, 'lag_12': 0.8711579903797237, 'lag_13': 0.5353950323452518, 'lag_14': 0.15870351392171023, 'lag_15': 0.7394738319100564, 'lag_16': 0.261591306252516, 'lag_17': 0.7073226600607152, 'lag_18': 0.028809037526794548, 'lag_19': 0.739632813821442, 'lag_20': 0.459039236808499, 'lag_21': 0.019991182500271407, 'lag_22': 0.9417381376348118, 'lag_23': 0.2326491816887753, 'lag_24': 0.22903461225743948, 'lag_25': 0.7451395135565289, 'lag_26': 0.5369879747698758, 'lag_27': 0.38871467450220454, 'lag_28': 0.2504812550356045}.
[I 2025-10-03 11:31:18,423] Trial 4 finished with values: [0.0016, 0.0020449611577233956, 0.0009010590643834185, 0.0018354229474896722, 0.0008219180710800023, 0.0008715632254568945, 0.0010356729756343156, 0.0006538889853530399, 0.0011799349463223613, 0.0016085674816666174, 0.0010468179727846844, 0.0004678339260210983, 0.0030761025907898127, 0.01962750376793091, 0.0, 0.03540707861721688, 0.0055688870093523555, 0.0008967957454768423, 0.006780270141816909, 7.683822792024154e-05, 0.0058664758245072736, 0.003391579186235201, 0.003990294188018886, 0.0051660331908132805, 0.0060705888345141045, 0.0016980129772675538, 0.0007142513881118207, 0.0007952714968758375, 0.22379779905552333] and parameters: {'lag_0': 0.23264171837149683, 'lag_1': 0.6986404125960068, 'lag_2': 0.21546383360588658, 'lag_3': 0.3588254165173768, 'lag_4': 0.06310699716971431, 'lag_5': 0.5297707145484303, 'lag_6': 0.8426688001084865, 'lag_7': 0.8962039244954072, 'lag_8': 0.38048592382680724, 'lag_9': 0.4331433503107134, 'lag_10': 0.8048923796019236, 'lag_11': 0.7970146941216941, 'lag_12': 0.5852791776508783, 'lag_13': 0.6207496546455444, 'lag_14': 0.034450734392236726, 'lag_15': 0.48629280298332245, 'lag_16': 0.2671017640176334, 'lag_17': 0.5476643446962146, 'lag_18': 0.9523754206532977, 'lag_19': 0.829805222178177, 'lag_20': 0.2830979059955704, 'lag_21': 0.3218842708330756, 'lag_22': 0.9700058278888379, 'lag_23': 0.2659288980292691, 'lag_24': 0.17131364317549855, 'lag_25': 0.12214228262309276, 'lag_26': 0.5929803205849148, 'lag_27': 0.577130600241784, 'lag_28': 0.30466215677660513}.
[I 2025-10-03 11:31:21,083] Trial 5 finished with values: [0.004520918367346938, 0.0007005358376376534, 0.00013538862965592501, 0.001457676681721025, 0.0006232674092893837, 0.0018395999428015854, 0.0003827984211991449, 0.0007147498868814135, 0.0010632007944706928, 0.0012694313539797148, 0.0003590621389647314, 0.0006700058678488153, 0.004197379001547477, 0.01844885161742939, 0.0, 0.042940774314124595, 0.004903539691686658, 0.0010067461852232798, 0.007196130726472387, 7.8312624773602e-05, 0.00538060713354648, 0.0031154874534359994, 0.004056078938471963, 0.0050272510071845185, 0.005172118603521025, 0.00232028455311804, 0.0005835248982995251, 0.0013300277846976622, 0.23544467522177887] and parameters: {'lag_0': 0.03763977914697894, 'lag_1': 0.09219435278962482, 'lag_2': 0.7954366826355386, 'lag_3': 0.37560910617293464, 'lag_4': 0.698138057639953, 'lag_5': 0.539655781623588, 'lag_6': 0.41777660184323295, 'lag_7': 0.9177719957495696, 'lag_8': 0.4856246531398862, 'lag_9': 0.6217763829486728, 'lag_10': 0.41862831101733744, 'lag_11': 0.9087904440204192, 'lag_12': 0.4217757482338363, 'lag_13': 0.10449655907031893, 'lag_14': 0.9621156069765162, 'lag_15': 0.2503849352209713, 'lag_16': 0.8703100686627728, 'lag_17': 0.2760950053853679, 'lag_18': 0.8032023528475222, 'lag_19': 0.47446952413331567, 'lag_20': 0.15175946773841867, 'lag_21': 0.5042408036934815, 'lag_22': 0.8927584955709812, 'lag_23': 0.6004148108848055, 'lag_24': 0.4112649540738365, 'lag_25': 0.06728375798086884, 'lag_26': 0.34629910690828913, 'lag_27': 0.7569408835763684, 'lag_28': 0.41085180231613466}.
[I 2025-10-03 11:31:23,732] Trial 6 finished with values: [0.0016, 0.001536915717495579, 0.0013306691346338284, 0.0005183011331657155, 0.0005596911042473775, 0.000934217368148578, 0.0003937493922740156, 0.0008482949701427734, 0.0015311766113244602, 0.0016926546181993255, 0.0003847012044338089, 0.0009442404146016249, 0.00389193078426685, 0.02125973216379424, 0.0, 0.042413131138314894, 0.00563518491300386, 0.0006716442431164531, 0.0065997932898596455, 2.192655462378166e-05, 0.005661493512027506, 0.0028864861196008047, 0.004447830161691991, 0.005656928880351259, 0.004950625346002874, 0.002660592940483819, 0.00041425911438896823, 0.0010178483103140882, 0.21560575784053732] and parameters: {'lag_0': 0.05670165064964636, 'lag_1': 0.48839137550002776, 'lag_2': 0.7984673505564284, 'lag_3': 0.6133648879010435, 'lag_4': 0.5546389744059163, 'lag_5': 0.32107268206160844, 'lag_6': 0.3098555853039571, 'lag_7': 0.11966837418811574, 'lag_8': 0.8732389140729406, 'lag_9': 0.29834438236436045, 'lag_10': 0.3596033765011727, 'lag_11': 0.7464574328576035, 'lag_12': 0.8253972848330982, 'lag_13': 0.9917653900930709, 'lag_14': 0.8754803285117159, 'lag_15': 0.7069772405116509, 'lag_16': 0.9232743348431179, 'lag_17': 0.601304618275516, 'lag_18': 0.496415707570093, 'lag_19': 0.6052841639708232, 'lag_20': 0.4997100460050485, 'lag_21': 0.20873346603497434, 'lag_22': 0.23832181821891749, 'lag_23': 0.7182746364283663, 'lag_24': 0.7535004609399912, 'lag_25': 0.6601916791891349, 'lag_26': 0.3652725907264461, 'lag_27': 0.02099768108360205, 'lag_28': 0.49524500090502716}.
[I 2025-10-03 11:31:26,393] Trial 7 finished with values: [0.008612345679012343, 0.0009881112474399625, 0.0014230827856767806, 0.0014625363078932467, 0.00019462782071667057, 0.0012833791222663302, 0.0008922785540735065, 0.0004592222931498333, 0.0011618043144480806, 0.000824778083413809, 0.0008689924309535542, 0.0011317762745622704, 0.003574012572640648, 0.020431611494684823, 0.0, 0.03689504167311816, 0.005464658925908172, 0.000899876434683327, 0.007333421074307256, 0.0001047274170505934, 0.005117915122644966, 0.0031168248930651065, 0.003616384327078301, 0.004329905419854179, 0.005528610245755277, 0.0017693436624538253, 0.0001507931042278591, 0.001632158243681725, 0.23547722103906574] and parameters: {'lag_0': 0.9496993945518595, 'lag_1': 0.2845801049461054, 'lag_2': 0.9872413431829747, 'lag_3': 0.7275030739754926, 'lag_4': 0.4338025613038025, 'lag_5': 0.3086747179069632, 'lag_6': 0.38455206619288973, 'lag_7': 0.7288622844000722, 'lag_8': 0.8134378209271109, 'lag_9': 0.877389644855409, 'lag_10': 0.5277198698407575, 'lag_11': 0.957144327785557, 'lag_12': 0.13073040533301483, 'lag_13': 0.941044416136125, 'lag_14': 0.7635498975737256, 'lag_15': 0.5171935054091005, 'lag_16': 0.284047016213583, 'lag_17': 0.35416121549950347, 'lag_18': 0.2946753551819924, 'lag_19': 0.6347806560519967, 'lag_20': 0.8057952021554193, 'lag_21': 0.8053161816607503, 'lag_22': 0.5343606870425622, 'lag_23': 0.5256576980356835, 'lag_24': 0.2156122752989143, 'lag_25': 0.18110936068723327, 'lag_26': 0.7451988086497695, 'lag_27': 0.6007761240580355, 'lag_28': 0.7713928332578011}.
[I 2025-10-03 11:31:29,049] Trial 8 finished with values: [0.0016, 0.001704965428240263, 0.0006038022046884428, 0.001284412662105283, 0.0004899250281915318, 0.0011272912168663097, 0.0011309466913952612, 0.0002413579534611195, 0.001484132552680336, 0.0013062488967945842, 0.00015428770329256746, 0.0015526943972783882, 0.004144764538077134, 0.021565657974202044, 0.0, 0.040332651932639026, 0.0059605494584745265, 0.0006405163536367639, 0.007848274388250786, 3.264640275723065e-05, 0.004149807299983949, 0.0033358241111004854, 0.0037361931896363124, 0.006524780370404595, 0.005951455775362278, 0.0019213164940762167, 0.00028518411439361514, 0.0011519851551425374, 0.2257119973525088] and parameters: {'lag_0': 0.15947836870389795, 'lag_1': 0.7426171115084037, 'lag_2': 0.08944025297524809, 'lag_3': 0.4010048255476426, 'lag_4': 0.4835906094994173, 'lag_5': 0.10520121131066765, 'lag_6': 0.3306371047032118, 'lag_7': 0.6891276980737436, 'lag_8': 0.09004590188081202, 'lag_9': 0.9833063782890609, 'lag_10': 0.5561630309959745, 'lag_11': 0.48858829693001904, 'lag_12': 0.4779936515810004, 'lag_13': 0.9323039041734131, 'lag_14': 0.1383036868924453, 'lag_15': 0.9119129828812186, 'lag_16': 0.34357838480462327, 'lag_17': 0.7328623996686724, 'lag_18': 0.9594736531413346, 'lag_19': 0.30231915762957057, 'lag_20': 0.6964734879718232, 'lag_21': 0.7846357475682945, 'lag_22': 0.3993135811914298, 'lag_23': 0.18782833210487107, 'lag_24': 0.6889582017095572, 'lag_25': 0.441903748993891, 'lag_26': 0.184152740870536, 'lag_27': 0.22776098996322494, 'lag_28': 0.8500732376933434}.
[I 2025-10-03 11:31:31,790] Trial 9 finished with values: [0.002725, 0.0004819576996259366, 0.0009541875146879805, 0.0005065471800912698, 9.470807682503767e-05, 0.0008504177080549933, 0.0005616851230385022, 0.0011147870304327996, 0.0007133802884483142, 0.0009908558810798605, 0.00031339653465717077, 0.0020409340453516945, 0.0038384810160035825, 0.019742895387287594, 0.0, 0.038687399807618025, 0.0032104598237544133, 0.0011933561683426185, 0.006275122200973672, 1.6660858117351617e-05, 0.00445967515380081, 0.0023253941900951295, 0.003836457128434037, 0.005627439786189743, 0.005680791784567431, 0.002248341327351422, 0.0004921743657459442, 0.0012815506646893383, 0.2184868580330142] and parameters: {'lag_0': 0.1440761998497954, 'lag_1': 0.7300815613273642, 'lag_2': 0.971145573165491, 'lag_3': 0.924141116670966, 'lag_4': 0.49134376226104876, 'lag_5': 0.7076089418777631, 'lag_6': 0.18212764429190004, 'lag_7': 0.7391928030481437, 'lag_8': 0.5345159693982723, 'lag_9': 0.5053702084807378, 'lag_10': 0.5571328209971098, 'lag_11': 0.459313952865042, 'lag_12': 0.3810043744222576, 'lag_13': 0.872492831710489, 'lag_14': 0.2510305396480119, 'lag_15': 0.5909928399698606, 'lag_16': 0.7124459365936311, 'lag_17': 0.24405581800364734, 'lag_18': 0.19219996998884517, 'lag_19': 0.07709931181525516, 'lag_20': 0.844484076861672, 'lag_21': 0.6964485419704746, 'lag_22': 0.6230103504109356, 'lag_23': 0.9094543379485428, 'lag_24': 0.5715706855275016, 'lag_25': 0.4967013859931043, 'lag_26': 0.35803328936896045, 'lag_27': 0.9309666679672316, 'lag_28': 0.9047490246090327}.
[I 2025-10-03 11:31:34,452] Trial 10 finished with values: [0.0020000000000000005, 0.0024002367435729086, 0.0010312913447014104, 0.0016101655471907964, 0.000321142150924382, 0.0019354830187684625, 0.00030518947090921774, 0.0002857899332374111, 0.0008449042821143934, 0.0011857417679415581, 0.0006719345222945432, 0.0021010284183028147, 0.0030110287731389624, 0.020475002529668804, 0.0, 0.03304578735542851, 0.009365944297716007, 0.0009215984926275744, 0.006717878287909464, 7.835835535047536e-05, 0.005129655123316383, 0.0030817300098994775, 0.0034570955178130267, 0.005298785069202596, 0.005615461013492068, 0.0024235740697735354, 0.0005122346490074568, 0.0008149586644324896, 0.2276011069179394] and parameters: {'lag_0': 0.624034233454082, 'lag_1': 0.18789213542482588, 'lag_2': 0.7469229706609662, 'lag_3': 0.1921604475733999, 'lag_4': 0.923335042984971, 'lag_5': 0.8162721289134646, 'lag_6': 0.8732141663079463, 'lag_7': 0.8912204881469958, 'lag_8': 0.22995542940033556, 'lag_9': 0.4276269230848838, 'lag_10': 0.9280397971704575, 'lag_11': 0.9831099491393229, 'lag_12': 0.7096139900935761, 'lag_13': 0.5524687150856906, 'lag_14': 0.4967615024427586, 'lag_15': 0.6614547439963263, 'lag_16': 0.7609022968161281, 'lag_17': 0.6433842232827556, 'lag_18': 0.13781385295054382, 'lag_19': 0.6513082080445184, 'lag_20': 0.09073035397728557, 'lag_21': 0.9402641922006739, 'lag_22': 0.9067665834540748, 'lag_23': 0.5685846721993564, 'lag_24': 0.33758988399647943, 'lag_25': 0.21957972060878742, 'lag_26': 0.014531552438020819, 'lag_27': 0.6443191219277851, 'lag_28': 0.4798862323262063}.
[I 2025-10-03 11:31:37,109] Trial 11 finished with values: [0.013388888888888886, 0.0019757373038600864, 0.001719314705053082, 0.0009484465103041025, 0.0001980820721525528, 0.001650530197802564, 0.0006728002057791633, 0.00020859711745167334, 0.0011560001849882566, 0.0013193945068732224, 0.0005203646233436947, 0.0009642422220429511, 0.0040076595736176935, 0.019792025451107587, 0.0, 0.03687426267996129, 0.007144715042986467, 0.0006671505626487427, 0.0070004314607615, 8.454973554122418e-05, 0.0046997094706130275, 0.0037412203400046403, 0.00406288140362201, 0.005488945592877976, 0.004111582451044549, 0.00271819836695549, 0.0005806876428879066, 0.0009877161166914278, 0.22097351468360893] and parameters: {'lag_0': 0.785481862217096, 'lag_1': 0.018977331780766254, 'lag_2': 0.5767105147134755, 'lag_3': 0.6218181867280175, 'lag_4': 0.5203750089854741, 'lag_5': 0.13519745924922733, 'lag_6': 0.3626289074427412, 'lag_7': 0.21632089896757117, 'lag_8': 0.5902237645257651, 'lag_9': 0.8456029394481722, 'lag_10': 0.8438524988305296, 'lag_11': 0.9116993009385308, 'lag_12': 0.715924155128123, 'lag_13': 0.2588338590727535, 'lag_14': 0.29902652704020155, 'lag_15': 0.5399612986930157, 'lag_16': 0.6763842242965816, 'lag_17': 0.8769879073151243, 'lag_18': 0.14674971240898502, 'lag_19': 0.9299852516346202, 'lag_20': 0.3995535179568043, 'lag_21': 0.18028958341662277, 'lag_22': 0.5006919361531013, 'lag_23': 0.2720768778467571, 'lag_24': 0.8338818238562676, 'lag_25': 0.7795303861489191, 'lag_26': 0.8782859915463183, 'lag_27': 0.6549966857575077, 'lag_28': 0.7364725373644359}.
