[I 2025-10-03 11:32:48,274] Trial 38 finished with values: [0.12755102040816327, 0.0001285126848403878, 0.0013438787062389145, 0.004658344572178633, 0.0009049569136064571, 0.006225930321382139, 0.0027382752070507998, 0.0020967922192870153, 0.002040481468036027, 0.0006909575249032149, 0.0007112209789246913, 0.00021479390963879104, 0.0022163423449539127, 0.023906874365082244, 0.0, 0.0008784571324960257, 0.003260789118833656, 0.0012526561027881539, 0.000643643119024871, 0.00010968922320501818, 5.5811080993873316e-05, 7.805231542763326e-05, 0.00011273243806240873, 0.00022317333115200438, 3.976033007390035e-05, 0.0005971838277873274, 0.00023537568398491554, 0.002206288019486561, 0.001687140434264547] and parameters: {'lag_0': 0.4580903291054406, 'lag_1': 0.840509651515039, 'lag_2': 0.9339775616223018, 'lag_3': 0.05247131331908418, 'lag_4': 0.6727754113291519, 'lag_5': 0.4285523368837435, 'lag_6': 0.4935308404964754, 'lag_7': 0.02148708989069241, 'lag_8': 0.07645390870611865, 'lag_9': 0.6075291466253038, 'lag_10': 0.8097000579599322, 'lag_11': 0.6414887192702518, 'lag_12': 0.3113241111003372, 'lag_13': 0.40919508417889466, 'lag_14': 0.5536651171728177, 'lag_15': 0.010437142773919973, 'lag_16': 0.6437128466068097, 'lag_17': 0.9040922818492918, 'lag_18': 0.9697920434870535, 'lag_19': 0.7014263921532389, 'lag_20': 0.15324917798480472, 'lag_21': 0.9933614625742672, 'lag_22': 0.9258566607463612, 'lag_23': 0.6660615459926706, 'lag_24': 0.561121674371779, 'lag_25': 0.5514579021724441, 'lag_26': 0.5223108835470626, 'lag_27': 0.44906790709228145, 'lag_28': 0.22746097320302602}.
[I 2025-10-03 11:32:50,889] Trial 39 finished with values: [0.08497427896778546, 0.0031054637819401083, 0.005357482192996062, 0.007930232073299234, 0.003137376071734367, 0.0034572183451988593, 0.0016163458594446363, 0.0027115097443519975, 0.003345349657482175, 0.0012072288258676784, 0.0011246328006266812, 0.0004572362733716444, 0.0020999953639362044, 0.023684868953320372, 0.0, 0.0012885015375547083, 0.003306793077246341, 0.0012856012662610502, 0.0010112310442404304, 0.00016100175136706275, 1.7157658484838954e-05, 0.0001308505710162588, 0.0001460903518347691, 0.00021127916318943607, 7.993295096317636e-05, 0.0006532578118695313, 0.0001549281698545186, 0.0017269396494493338, 0.000978719819986257] and parameters: {'lag_0': 0.868841850539766, 'lag_1': 0.7201445816194966, 'lag_2': 0.9307506200846907, 'lag_3': 0.5830861808898414, 'lag_4': 0.6677861819488462, 'lag_5': 0.4874518818227325, 'lag_6': 0.6792031220226246, 'lag_7': 0.220788621337033, 'lag_8': 0.007416637738234115, 'lag_9': 0.74421372105936, 'lag_10': 0.8787758613241349, 'lag_11': 0.9946022194388432, 'lag_12': 0.35454416981865555, 'lag_13': 0.4965818046204305, 'lag_14': 0.843980389830195, 'lag_15': 0.4528336411041566, 'lag_16': 0.3693369840809626, 'lag_17': 0.8123995101926711, 'lag_18': 0.9683428227248508, 'lag_19': 0.37509598397604144, 'lag_20': 0.1624890146549389, 'lag_21': 0.816365108200178, 'lag_22': 0.2620799542598164, 'lag_23': 0.8380625618549974, 'lag_24': 0.414101744520898, 'lag_25': 0.9798968721580524, 'lag_26': 0.6114724915348365, 'lag_27': 0.3411897121017059, 'lag_28': 0.7106109609070995}.
[I 2025-10-03 11:32:53,508] Trial 40 finished with values: [0.07724918115394307, 0.0013827626167354178, 0.0010942728084108373, 0.005416487686158086, 0.0014931056628547925, 0.004043165149472333, 0.003397574128954713, 0.0007436795063433144, 0.003031126609244743, 0.003033152020699972, 0.0012789315052974305, 0.00024744747038380084, 0.00230111140640257, 0.024158357082244657, 0.0, 0.0004776261807604244, 0.0037062044614271086, 0.001090389666717146, 0.0008159040617799178, 0.00010030032987409866, 5.518112419240596e-05, 0.00016687064938099145, 0.00024037943447219548, 6.49993668527067e-05, 9.336293587873324e-05, 0.000564160438861578, 0.00013311129539337019, 0.002139126895619482, 0.0014668096473975116] and parameters: {'lag_0': 0.9577055573764357, 'lag_1': 0.09936946322493465, 'lag_2': 0.8654285031514642, 'lag_3': 0.49161379715346254, 'lag_4': 0.5379744050455577, 'lag_5': 0.07884473908263818, 'lag_6': 0.643210202551406, 'lag_7': 0.468216608701376, 'lag_8': 0.3318854574387147, 'lag_9': 0.6017094234287355, 'lag_10': 0.5592379402442665, 'lag_11': 0.32283799704185284, 'lag_12': 0.18092619547451774, 'lag_13': 0.4821921742983099, 'lag_14': 0.45900877582379934, 'lag_15': 0.7835787884952761, 'lag_16': 0.5272216142405367, 'lag_17': 0.4400405146403958, 'lag_18': 0.02382103710146119, 'lag_19': 0.31791716364205297, 'lag_20': 0.6935614975349857, 'lag_21': 0.990904053597548, 'lag_22': 0.1232685812234153, 'lag_23': 0.29417976050735667, 'lag_24': 0.48271811698833844, 'lag_25': 0.7936793104077422, 'lag_26': 0.7601963723709503, 'lag_27': 0.5848858035795773, 'lag_28': 0.033088574845681756}.
[I 2025-10-03 11:32:56,127] Trial 41 finished with values: [0.12755102040816327, 0.001618417784275819, 0.0047935161435657524, 0.005133453201191798, 0.0013776640610530173, 0.004263911801774261, 0.0022151439958519063, 0.0025316744621119392, 0.003028712800930339, 0.001583556942327618, 0.0017797705773916837, 0.00015185283100895407, 0.0028222251021064655, 0.024563749285651866, 0.0, 0.0008771671543620701, 0.003702249468475519, 0.0015089117974196385, 0.0009517815794872853, 8.638129341264402e-05, 1.8478049819014035e-05, 0.00022188361083928278, 0.0002900764403890598, 0.00043709761869757354, 5.939163752198555e-05, 0.0012402976903507215, 0.00032886503125547164, 0.0010907928485487735, 0.0009478697273030377] and parameters: {'lag_0': 0.7353314824334316, 'lag_1': 0.3818079398764318, 'lag_2': 0.4907648942336757, 'lag_3': 0.7769043569948885, 'lag_4': 0.6364778445902379, 'lag_5': 0.5555685865232661, 'lag_6': 0.9014907212985995, 'lag_7': 0.4268788207580673, 'lag_8': 0.0998986379376473, 'lag_9': 0.667654839485091, 'lag_10': 0.4909401992012944, 'lag_11': 0.8210823473525801, 'lag_12': 0.25378988482555687, 'lag_13': 0.37399849692498754, 'lag_14': 0.5773620851538099, 'lag_15': 0.25910198415945174, 'lag_16': 0.2971148807906275, 'lag_17': 0.6447655389446785, 'lag_18': 0.48567558100464575, 'lag_19': 0.29813946750917136, 'lag_20': 0.6075413633486906, 'lag_21': 0.19748306947651428, 'lag_22': 0.8996463071985518, 'lag_23': 0.23231794522104002, 'lag_24': 0.05351382992422737, 'lag_25': 0.0893352399623017, 'lag_26': 0.6510968569484471, 'lag_27': 0.20148237889545528, 'lag_28': 0.3550140937368496}.
[I 2025-10-03 11:32:58,736] Trial 42 finished with values: [0.09649234693877551, 0.009389855045224174, 0.0008587809714219978, 0.008182230597817435, 0.0008777534223029293, 0.004960893593869286, 0.0018138818288189497, 0.002023296298729779, 0.0031675674470391193, 0.0009893607715562478, 0.0020000249378019338, 0.00036660369347396956, 0.0017408984022475986, 0.02458791411993507, 0.0, 0.0011625737337481751, 0.0038859076914186377, 0.00134345059411274, 0.0009150746905197491, 0.00024201497975370187, 7.641472430487881e-05, 0.0001022930653103612, 0.0003166319867696255, 0.0003462868412609707, 2.4509741270401007e-05, 0.000996313987047014, 6.430575767338648e-05, 0.0020094917671379777, 0.0016396943638395812] and parameters: {'lag_0': 0.9254909123583548, 'lag_1': 0.5083298640459657, 'lag_2': 0.5543527670500262, 'lag_3': 0.32940294729172376, 'lag_4': 0.11136862881052483, 'lag_5': 0.5797931583205382, 'lag_6': 0.25923321161153723, 'lag_7': 0.867858695527819, 'lag_8': 0.3982382677072161, 'lag_9': 0.13232074811309116, 'lag_10': 0.3418802644437172, 'lag_11': 0.3700812972282675, 'lag_12': 0.03538717328773881, 'lag_13': 0.33436318976106155, 'lag_14': 0.813996966733369, 'lag_15': 0.16460461000947332, 'lag_16': 0.2737196493905998, 'lag_17': 0.6872250885429504, 'lag_18': 0.11047576750183509, 'lag_19': 0.36810028243999954, 'lag_20': 0.0030800338743575562, 'lag_21': 0.19348250316097648, 'lag_22': 0.9082070423026084, 'lag_23': 0.7447307307786546, 'lag_24': 0.41521916008654997, 'lag_25': 0.33572172146856677, 'lag_26': 0.5588018103176637, 'lag_27': 0.4927616480765369, 'lag_28': 0.49924918744413965}.
[I 2025-10-03 11:33:01,353] Trial 43 finished with values: [0.1594458616780045, 0.0020700423071489497, 0.0021868380679855464, 0.009037102570032532, 0.0008519707481227077, 0.0047729130110299774, 0.0038288182304373106, 0.0015704144560424506, 0.004422968214713187, 0.001036252936127306, 0.000995614960354316, 0.0001847721539845471, 0.002307157894541922, 0.027976047610345257, 0.0, 0.0013314628536020303, 0.0034396473455431315, 0.0015381233614942531, 0.0007540795101981442, 0.0001246170951426511, 0.00010197903332051304, 0.00014684419066109082, 0.0002120454010358359, 0.0002024695933477626, 0.00011974786348359679, 0.0014343828183556295, 0.00018010166420146206, 0.0018905926933759248, 0.0008426283024847907] and parameters: {'lag_0': 0.8006077555783182, 'lag_1': 0.316507139289726, 'lag_2': 0.18933516224947003, 'lag_3': 0.17636947348414658, 'lag_4': 0.9592516720957546, 'lag_5': 0.5440686920830735, 'lag_6': 0.6819980539473556, 'lag_7': 0.7717849298282043, 'lag_8': 0.45327422881390245, 'lag_9': 0.7047074367666751, 'lag_10': 0.3636370702513062, 'lag_11': 0.06899214167961835, 'lag_12': 0.7349302776591333, 'lag_13': 0.5321383044218596, 'lag_14': 0.11067298716135317, 'lag_15': 0.4728054067536482, 'lag_16': 0.9115668138127898, 'lag_17': 0.8078308284910254, 'lag_18': 0.4262245075774182, 'lag_19': 0.626644931058691, 'lag_20': 0.32128060444583384, 'lag_21': 0.9882909497145158, 'lag_22': 0.4867889922799297, 'lag_23': 0.1462479322384909, 'lag_24': 0.5200464526154218, 'lag_25': 0.5612755733190955, 'lag_26': 0.16190667887546098, 'lag_27': 0.058959246412585715, 'lag_28': 0.23948685240968418}.
[I 2025-10-03 11:33:03,983] Trial 44 finished with values: [0.10433673469387757, 0.009382217475747695, 0.004003760737235624, 0.007879263817576731, 0.002955035474625216, 0.0033634605680390485, 0.0035903754832450644, 0.002189560232232373, 0.0029108726115672037, 0.0025062902857106864, 0.0006572215224892031, 0.00018439225797977154, 0.0019738919660145715, 0.02347405321275778, 0.0, 0.0005606331864339801, 0.0034643405873333263, 0.0008720864161987996, 0.0008076508263747219, 0.0001895603969046131, 7.05509636506799e-05, 0.00029039216368402716, 0.0003081589432445145, 0.0002991588731862586, 2.638137771621439e-05, 0.00103957218505027, 0.00026321643659801125, 0.002021484812724064, 0.001315752669756798] and parameters: {'lag_0': 0.8525913684026102, 'lag_1': 0.8809070802868094, 'lag_2': 0.9414665065226159, 'lag_3': 0.8775924946033717, 'lag_4': 0.7269065882897645, 'lag_5': 0.429825243339977, 'lag_6': 0.030557600986182085, 'lag_7': 0.8535288152982267, 'lag_8': 0.5646382315327424, 'lag_9': 0.8975238516777981, 'lag_10': 0.4748940999265502, 'lag_11': 0.7365387740285171, 'lag_12': 0.6495941273487725, 'lag_13': 0.09927969906457582, 'lag_14': 0.18485244646206722, 'lag_15': 0.9058396308038345, 'lag_16': 0.4452395364956837, 'lag_17': 0.37529689084018536, 'lag_18': 0.1708258574265244, 'lag_19': 0.5257418524937876, 'lag_20': 0.6951087736644802, 'lag_21': 0.4617751059745666, 'lag_22': 0.11775567280488308, 'lag_23': 0.3851250842165187, 'lag_24': 0.7244331254195165, 'lag_25': 0.7141434359803002, 'lag_26': 0.43992035968634935, 'lag_27': 0.7826812026482787, 'lag_28': 0.6336160862330374}.
[I 2025-10-03 11:33:06,605] Trial 45 finished with values: [0.10487528344671201, 0.0028812375942990306, 0.0021084923851103325, 0.005757518649641778, 0.0012678400973459695, 0.006833461496649066, 0.00255679630492931, 0.002758365235110882, 0.002368135391076877, 0.0014864331578854316, 0.0010342492326059626, 0.0003239250259574424, 0.0016827478315977757, 0.02693052554468568, 0.0, 0.0010377280825430726, 0.003948934004513834, 0.0010609350309135515, 0.0007344318250699399, 0.00015101233319322964, 7.944723171036327e-05, 0.00015785002258242767, 0.00015933191734606063, 0.00023855509094829452, 7.015744916575397e-05, 0.000871063855731723, 5.8807781976603134e-05, 0.0017699675228670816, 0.0010459688671399302] and parameters: {'lag_0': 0.4716955811994778, 'lag_1': 0.0407523913064404, 'lag_2': 0.42544194857204126, 'lag_3': 0.003938088966669081, 'lag_4': 0.9289185784828549, 'lag_5': 0.2158782995376257, 'lag_6': 0.6953006531982437, 'lag_7': 0.448172651516216, 'lag_8': 0.7224611348431714, 'lag_9': 0.5637192640400088, 'lag_10': 0.6293417032185445, 'lag_11': 0.0349001415332074, 'lag_12': 0.8081635673853332, 'lag_13': 0.6551870071500239, 'lag_14': 0.9459121909780758, 'lag_15': 0.9838224681801739, 'lag_16': 0.6737384277750986, 'lag_17': 0.966304309895849, 'lag_18': 0.2490779075439822, 'lag_19': 0.14837426620414468, 'lag_20': 0.8306070610077612, 'lag_21': 0.2761084299981511, 'lag_22': 0.8362803175149714, 'lag_23': 0.9965457430110064, 'lag_24': 0.5547654766067805, 'lag_25': 0.20487569658918514, 'lag_26': 0.03351081648453057, 'lag_27': 0.5781895554015942, 'lag_28': 0.07010399949444152}.
[I 2025-10-03 11:33:09,213] Trial 46 finished with values: [0.10434156130126826, 0.004688147112839968, 0.001202105217076694, 0.008330862809401828, 0.0022438099306897876, 0.005610038325270213, 0.001052557582120215, 0.001665606198641413, 0.004501045150938402, 0.001617607371889831, 0.0014845221578989663, 0.00044753525497933587, 0.0015301110300070808, 0.027413840199185878, 0.0, 0.0005169988688530701, 0.003339248469101011, 0.0013813573037233153, 0.0007724787906310461, 0.00011786791123492625, 8.215265217326001e-05, 0.00017663486930882477, 0.0002660225293983961, 0.0002832443374437932, 6.047749643338838e-05, 0.0006231657434001203, 8.40704645503046e-05, 0.0015514163006717693, 0.0004656668255880236] and parameters: {'lag_0': 0.9389815844283489, 'lag_1': 0.7731035030389066, 'lag_2': 0.18280509059823785, 'lag_3': 0.5050477557060041, 'lag_4': 0.8892351845049997, 'lag_5': 0.6311382293148352, 'lag_6': 0.6983804991597956, 'lag_7': 0.878976212130734, 'lag_8': 0.2826843901628048, 'lag_9': 0.8595163579463989, 'lag_10': 0.531586215010192, 'lag_11': 0.917588401285804, 'lag_12': 0.6368398669612981, 'lag_13': 0.6020101452452888, 'lag_14': 0.3195397737009654, 'lag_15': 0.2037303191592097, 'lag_16': 0.018538436501860104, 'lag_17': 0.24707553066576945, 'lag_18': 0.4375716733220007, 'lag_19': 0.13520625470363107, 'lag_20': 0.5344453219137074, 'lag_21': 0.09648722619296102, 'lag_22': 0.16629515151145893, 'lag_23': 0.3960860726499214, 'lag_24': 0.3010109672105261, 'lag_25': 0.34850873838587526, 'lag_26': 0.7021909340080403, 'lag_27': 0.13881584717149126, 'lag_28': 0.43480560951639446}.
[I 2025-10-03 11:33:11,831] Trial 47 finished with values: [0.09802101195507788, 0.0009794804877878071, 0.0017192216547846494, 0.004152350071773243, 0.0010696421333561568, 0.0047691821500915, 0.001619669082892853, 0.0025653186767307713, 0.0042004586285690985, 0.0021729704268212808, 0.0016902589084427197, 0.00012113500154504398, 0.000934770271323876, 0.024272632764364747, 0.0, 0.00046115980686991425, 0.0033477483317363374, 0.001217908707141242, 0.0005200816590889446, 0.00015342386187232852, 2.8335685797418744e-05, 8.472246511782793e-05, 0.0003371821461494847, 0.00018569746231534158, 8.63220400274366e-05, 0.0006692652294137824, 0.00010511077022635012, 0.0020797937305327965, 0.0005233545905385691] and parameters: {'lag_0': 0.6800132018229668, 'lag_1': 0.4541691042090872, 'lag_2': 0.4138607546613817, 'lag_3': 0.8402340802593133, 'lag_4': 0.42711600710824665, 'lag_5': 0.1209189893545699, 'lag_6': 0.25555397621996007, 'lag_7': 0.8546234895374226, 'lag_8': 0.20689033083555783, 'lag_9': 0.5191280704649263, 'lag_10': 0.04114804009510978, 'lag_11': 0.014895178809247213, 'lag_12': 0.10147300777046564, 'lag_13': 0.17499100844107096, 'lag_14': 0.6351200302795047, 'lag_15': 0.783419321300827, 'lag_16': 0.903044561035553, 'lag_17': 0.6647967293209315, 'lag_18': 0.4906895512555695, 'lag_19': 0.933422792880448, 'lag_20': 0.21472025705666514, 'lag_21': 0.1594967903943125, 'lag_22': 0.8317482396950536, 'lag_23': 0.942529954036643, 'lag_24': 0.7885641249121277, 'lag_25': 0.2335691166886005, 'lag_26': 0.9952897641053061, 'lag_27': 0.6389742104695062, 'lag_28': 0.8625452913365236}.
[I 2025-10-03 11:33:14,444] Trial 48 finished with values: [0.10818856468207116, 0.0039475710662876355, 0.002598917342242139, 0.007581528770402998, 0.0025272928716704077, 0.0033070279765666745, 0.0015367350737282598, 0.003195731309998895, 0.0056400900388735705, 0.0011797537467303782, 0.0018875849300457794, 0.0004963325337121688, 0.0016542447544017399, 0.02519310983968085, 0.0, 0.0011335418282542756, 0.004265013819078085, 0.0010401334138606558, 0.0005904361333341343, 0.00013778836887213863, 8.398671838954288e-06, 0.00022419797407411318, 0.00012872517399262925, 0.0002028982912518159, 2.5638121891517925e-06, 0.0008217796833246656, 8.322331381090003e-05, 0.0017825756961298682, 0.0015985948708366487] and parameters: {'lag_0': 0.15606323735872984, 'lag_1': 0.0695333476896647, 'lag_2': 0.9776580607563299, 'lag_3': 0.32752659507593246, 'lag_4': 0.15186311464556468, 'lag_5': 0.5686458591194576, 'lag_6': 0.7182046228647241, 'lag_7': 0.8782664817146482, 'lag_8': 0.3196058275459843, 'lag_9': 0.05772725178292756, 'lag_10': 0.16441079295314534, 'lag_11': 0.23076283971150596, 'lag_12': 0.13553727269644428, 'lag_13': 0.2454224714334115, 'lag_14': 0.06565342254189488, 'lag_15': 0.7872339496644212, 'lag_16': 0.6663539330365507, 'lag_17': 0.337024597435159, 'lag_18': 0.1289812663182112, 'lag_19': 0.7207279071846564, 'lag_20': 0.050381158100338434, 'lag_21': 0.3996608954442795, 'lag_22': 0.6880811725064313, 'lag_23': 0.16605435823595577, 'lag_24': 0.7298613513306922, 'lag_25': 0.36726097417641806, 'lag_26': 0.9297382151049607, 'lag_27': 0.28100364989890175, 'lag_28': 0.3950334250545073}.
[I 2025-10-03 11:33:17,061] Trial 49 finished with values: [0.11836734693877551, 0.00456818138338227, 0.00116281434906443, 0.0026668446384874567, 0.0008741357180678642, 0.003603529427400263, 0.003362437208600501, 0.0027939403978201336, 0.0022153924632468958, 0.0010644207305361456, 0.0010657080546226869, 0.0005747521461578717, 0.0015313440557156075, 0.02782154444576256, 0.0, 0.0008676882692992488, 0.0035986038561978567, 0.001180717170344465, 0.0008314006113281345, 0.00017972627620093095, 6.77555226930871e-05, 0.00019658082325088415, 0.00012563935805761818, 0.000440598829510947, 6.325498644627016e-05, 0.0005573312212188635, 0.00014975279519997435, 0.002994379583326451, 0.0010604050155240614] and parameters: {'lag_0': 0.1819306927892341, 'lag_1': 0.1409326285877032, 'lag_2': 0.4294394511691031, 'lag_3': 0.18372743674725076, 'lag_4': 0.2638342141708194, 'lag_5': 0.3201668035871471, 'lag_6': 0.15705910739975507, 'lag_7': 0.19152721134568546, 'lag_8': 0.48838748236368695, 'lag_9': 0.5169361527711225, 'lag_10': 0.5685321843558827, 'lag_11': 0.32381796334418, 'lag_12': 0.6779498627084739, 'lag_13': 0.15512508144992462, 'lag_14': 0.31435651361423866, 'lag_15': 0.3768651063511249, 'lag_16': 0.7688415692820799, 'lag_17': 0.17350852434401542, 'lag_18': 0.01876765726491185, 'lag_19': 0.3297027854505456, 'lag_20': 0.04999497912170991, 'lag_21': 0.4682005469886806, 'lag_22': 0.14323011960506885, 'lag_23': 0.8943747777432386, 'lag_24': 0.2850719414214598, 'lag_25': 0.6056412182881432, 'lag_26': 0.19398555378115337, 'lag_27': 0.8764696059005775, 'lag_28': 0.12615496418654218}.
[I 2025-10-03 11:33:19,676] Trial 50 finished with values: [0.1054597270861007, 0.008626789621861511, 0.0010995822519778151, 0.002725456043228139, 0.0011985606682810728, 0.0029620406125885007, 0.0025176806539221825, 0.00300070983902044, 0.003946535688612323, 0.0014370579303725072, 0.0011465874655734207, 0.0002973881466906426, 0.0028592499333372533, 0.023950054001947156, 0.0, 0.0009192553340446532, 0.0036363709592366214, 0.0009909248226533597, 0.0009255394605359162, 0.0001330647655798524, 0.00010100219029785607, 0.00021331736006972494, 0.00020790005339720754, 0.00026243717429430557, 4.326711393105349e-05, 0.0007851355581462695, 0.0002732318413573707, 0.002375177139881776, 0.002424776356432827] and parameters: {'lag_0': 0.9651079886368384, 'lag_1': 0.5337556997634912, 'lag_2': 0.48248896590839435, 'lag_3': 0.674504846352534, 'lag_4': 0.843985387463324, 'lag_5': 0.82102754620926, 'lag_6': 0.8082623832124943, 'lag_7': 0.1416329572834122, 'lag_8': 0.8801381004050871, 'lag_9': 0.05604017215855664, 'lag_10': 0.9020709121084732, 'lag_11': 0.47743484018528254, 'lag_12': 0.48294512835840336, 'lag_13': 0.13464169966372722, 'lag_14': 0.29899557753384104, 'lag_15': 0.33840378573195307, 'lag_16': 0.08065637598049645, 'lag_17': 0.8864833087095437, 'lag_18': 0.2517619536712385, 'lag_19': 0.30187484068154374, 'lag_20': 0.2829592522898908, 'lag_21': 0.9674688451997768, 'lag_22': 0.17937358199736922, 'lag_23': 0.8457725299890948, 'lag_24': 0.7024523157908907, 'lag_25': 0.27869698472985305, 'lag_26': 0.35794856317296364, 'lag_27': 0.25363479654068816, 'lag_28': 0.2631995364383553}.
