[I 2025-09-29 13:20:48,559] Trial 61 finished with value: 0.010300896797147307 and parameters: {'lag_0': 0.8908170455333267, 'lag_1': 0.6147073264513738, 'lag_2': 0.9026967308220551, 'lag_3': 0.15646151270110006, 'lag_4': 0.2946565133186515, 'lag_5': 0.47727991518097546, 'lag_6': 0.6563766187567197, 'lag_7': 0.5365706805274596, 'lag_8': 0.7783796179485072, 'lag_9': 0.7208795364020542, 'lag_10': 0.32995434743731805, 'lag_11': 0.2856167504296945, 'lag_12': 0.5039936420136838, 'lag_13': 0.8489253367918692, 'lag_14': 0.2583772646852043, 'lag_15': 0.49046330000190413, 'lag_16': 0.9578167307778371, 'lag_17': 0.022791236416419513, 'lag_18': 0.252169909877611, 'lag_19': 0.8917669979284428, 'lag_20': 0.2084115983818526, 'lag_21': 0.4726679750153346, 'lag_22': 0.9943860393448714, 'lag_23': 0.23118675050149207, 'lag_24': 0.13232929458181728, 'lag_25': 0.2307419655200018, 'lag_26': 0.0424837911072688, 'lag_27': 0.7553905911961168, 'lag_28': 0.4956876808493037}. Best is trial 29 with value: 0.008557185393919572.
[I 2025-09-29 13:20:51,179] Trial 62 finished with value: 0.009651193496779405 and parameters: {'lag_0': 0.8670653834743378, 'lag_1': 0.6987387128135975, 'lag_2': 0.9200632036465591, 'lag_3': 0.18574217802013349, 'lag_4': 0.3385891289545211, 'lag_5': 0.4497520895519706, 'lag_6': 0.6542194394065647, 'lag_7': 0.4192065223817753, 'lag_8': 0.869988268660828, 'lag_9': 0.6946586656976725, 'lag_10': 0.35801260726331535, 'lag_11': 0.24646396268267023, 'lag_12': 0.5121907206771812, 'lag_13': 0.7720098945828542, 'lag_14': 0.13692659722737327, 'lag_15': 0.28161290359302854, 'lag_16': 0.9708285884735861, 'lag_17': 0.003811107444450207, 'lag_18': 0.21074308363095062, 'lag_19': 0.8671154572641016, 'lag_20': 0.18985099748843862, 'lag_21': 0.5513925309481237, 'lag_22': 0.9096071129905665, 'lag_23': 0.1872531207240466, 'lag_24': 0.2226195190934198, 'lag_25': 0.18922686802453828, 'lag_26': 0.030083651367628084, 'lag_27': 0.7670935052556361, 'lag_28': 0.5148830767585286}. Best is trial 29 with value: 0.008557185393919572.
[I 2025-09-29 13:20:53,803] Trial 63 finished with value: 0.009962632812690277 and parameters: {'lag_0': 0.9199795481571753, 'lag_1': 0.5735169732473112, 'lag_2': 0.7871266033736791, 'lag_3': 0.09963271063891396, 'lag_4': 0.02108912005859047, 'lag_5': 0.5549995714140439, 'lag_6': 0.7926385964894553, 'lag_7': 0.5083236811288528, 'lag_8': 0.7785889240138573, 'lag_9': 0.822717231194433, 'lag_10': 0.43785249480643657, 'lag_11': 0.37161856427962825, 'lag_12': 0.43510922043175965, 'lag_13': 0.89800398965526, 'lag_14': 0.3270420794885941, 'lag_15': 0.24448405048994343, 'lag_16': 0.865806112674579, 'lag_17': 0.1140820421276787, 'lag_18': 0.16792461386234447, 'lag_19': 0.9521806419796163, 'lag_20': 0.2390920369862426, 'lag_21': 0.59917740343881, 'lag_22': 0.9786683658377332, 'lag_23': 0.2315097853018913, 'lag_24': 0.7298006407716049, 'lag_25': 0.26297930626942567, 'lag_26': 0.1810000628535651, 'lag_27': 0.699391830583805, 'lag_28': 0.46297791747514505}. Best is trial 29 with value: 0.008557185393919572.
[I 2025-09-29 13:20:56,517] Trial 64 finished with value: 0.00984171327810781 and parameters: {'lag_0': 0.8132153340535869, 'lag_1': 0.2781001219630394, 'lag_2': 0.5396422365922109, 'lag_3': 0.2374829376946402, 'lag_4': 0.23595459277698602, 'lag_5': 0.499106099919213, 'lag_6': 0.5701769918707109, 'lag_7': 0.5631923944832239, 'lag_8': 0.7493935184363412, 'lag_9': 0.5407106855393873, 'lag_10': 0.3452094549432875, 'lag_11': 0.06139711807780252, 'lag_12': 0.5894105686447196, 'lag_13': 0.9231367328365228, 'lag_14': 0.2251541128993088, 'lag_15': 0.45830588767842534, 'lag_16': 0.9996325637827562, 'lag_17': 0.09719706679181654, 'lag_18': 0.27309636230642553, 'lag_19': 0.9169581372304318, 'lag_20': 0.13472577151587226, 'lag_21': 0.4582971534681341, 'lag_22': 0.955447447569586, 'lag_23': 0.284093409716364, 'lag_24': 0.36499102335799266, 'lag_25': 0.305675629597132, 'lag_26': 0.07458968109915323, 'lag_27': 0.8403144071057561, 'lag_28': 0.05498397972747622}. Best is trial 29 with value: 0.008557185393919572.
[I 2025-09-29 13:20:59,161] Trial 65 finished with value: 0.009339650923803806 and parameters: {'lag_0': 0.4631983442366177, 'lag_1': 0.4359780433340287, 'lag_2': 0.8624879270586483, 'lag_3': 0.14019782788792423, 'lag_4': 0.10594301359644326, 'lag_5': 0.40656852581582104, 'lag_6': 0.03525152192985078, 'lag_7': 0.6107930746330498, 'lag_8': 0.15077016403514323, 'lag_9': 0.9682956807056435, 'lag_10': 0.30613038802070924, 'lag_11': 0.30418543964462347, 'lag_12': 0.3915018959965554, 'lag_13': 0.8299464112614336, 'lag_14': 0.1800092619260565, 'lag_15': 0.32919890466732216, 'lag_16': 0.9204689110845448, 'lag_17': 0.0007081408983239837, 'lag_18': 0.8105386458569928, 'lag_19': 0.33562524556449463, 'lag_20': 0.09744848053557671, 'lag_21': 0.42281531212932916, 'lag_22': 0.8751644366563408, 'lag_23': 0.16112571774681395, 'lag_24': 0.8900979054373781, 'lag_25': 0.5409141826752192, 'lag_26': 0.1288252141158815, 'lag_27': 0.7769970178910838, 'lag_28': 0.5844398804455482}. Best is trial 29 with value: 0.008557185393919572.
[I 2025-09-29 13:21:01,794] Trial 66 finished with value: 0.011319535648657463 and parameters: {'lag_0': 0.9466181666500066, 'lag_1': 0.6558538124810027, 'lag_2': 0.9022445791670115, 'lag_3': 0.5184371987984425, 'lag_4': 0.17213093645448352, 'lag_5': 0.6558384113261557, 'lag_6': 0.7532013740306979, 'lag_7': 0.4736147661563047, 'lag_8': 0.48909267388731276, 'lag_9': 0.9028169361236689, 'lag_10': 0.40426777531980207, 'lag_11': 0.6269686612338549, 'lag_12': 0.5315166803921108, 'lag_13': 0.7028252559045857, 'lag_14': 0.7644473155478338, 'lag_15': 0.8880692533425061, 'lag_16': 0.9541411985284455, 'lag_17': 0.04899710711496032, 'lag_18': 0.35569432799001477, 'lag_19': 0.9945870795653214, 'lag_20': 0.17232120988962113, 'lag_21': 0.29751072294071523, 'lag_22': 0.8354533612494868, 'lag_23': 0.9948545949154293, 'lag_24': 0.6531477782364706, 'lag_25': 0.348231786904201, 'lag_26': 0.23600729392990719, 'lag_27': 0.91452335262732, 'lag_28': 0.36330145143098447}. Best is trial 29 with value: 0.008557185393919572.
[I 2025-09-29 13:21:04,427] Trial 67 finished with value: 0.009251854811564365 and parameters: {'lag_0': 0.9907564693190105, 'lag_1': 0.3342366254525696, 'lag_2': 0.9591850321689306, 'lag_3': 0.2948481829627781, 'lag_4': 0.2574126424525984, 'lag_5': 0.04594056903921101, 'lag_6': 0.13725002699121597, 'lag_7': 0.6662862301234882, 'lag_8': 0.6625827505718955, 'lag_9': 0.6362048383816782, 'lag_10': 0.248636959163629, 'lag_11': 0.6786508084004266, 'lag_12': 0.2596624658078696, 'lag_13': 0.49842499079661173, 'lag_14': 0.2617655846942768, 'lag_15': 0.1775483891340205, 'lag_16': 0.8047598437349659, 'lag_17': 0.15990584592471901, 'lag_18': 0.11883370680247385, 'lag_19': 0.8214897753675582, 'lag_20': 0.032434671565060996, 'lag_21': 0.5055485088353748, 'lag_22': 0.9270371879125601, 'lag_23': 0.11190555940464691, 'lag_24': 0.07928418699727677, 'lag_25': 0.04906594547665922, 'lag_26': 0.09139901542841203, 'lag_27': 0.6114726769059293, 'lag_28': 0.5458231399084378}. Best is trial 29 with value: 0.008557185393919572.
[I 2025-09-29 13:21:07,051] Trial 68 finished with value: 0.009520905841566545 and parameters: {'lag_0': 0.7633693342072139, 'lag_1': 0.23712117025786747, 'lag_2': 0.8142761436231233, 'lag_3': 0.26400336744165676, 'lag_4': 0.3613098750102986, 'lag_5': 0.22791630099922877, 'lag_6': 0.8160879750588829, 'lag_7': 0.7817370853083866, 'lag_8': 0.6280770887855501, 'lag_9': 0.7402601224918409, 'lag_10': 0.17900219165874393, 'lag_11': 0.25595115956648856, 'lag_12': 0.3255751217741647, 'lag_13': 0.871531394888244, 'lag_14': 0.4222346774190066, 'lag_15': 0.9368476249872413, 'lag_16': 0.37681195707343085, 'lag_17': 0.21529924913519016, 'lag_18': 0.44738717715054954, 'lag_19': 0.7429686782951876, 'lag_20': 0.30490951099581565, 'lag_21': 0.3517816888626591, 'lag_22': 0.5688425495219462, 'lag_23': 0.20231388311270215, 'lag_24': 0.2632188107557987, 'lag_25': 0.2122017077112817, 'lag_26': 0.15140082355522863, 'lag_27': 0.5582901849645634, 'lag_28': 0.6479367634209579}. Best is trial 29 with value: 0.008557185393919572.
[I 2025-09-29 13:21:09,691] Trial 69 finished with value: 0.009374281045886095 and parameters: {'lag_0': 0.5297634836157596, 'lag_1': 0.19662906477421577, 'lag_2': 0.9971511841769926, 'lag_3': 0.5979708539042439, 'lag_4': 0.03918676731490088, 'lag_5': 0.5263379860955554, 'lag_6': 0.2387222723977788, 'lag_7': 0.7453722400356184, 'lag_8': 0.8879819069058509, 'lag_9': 0.7012776828241938, 'lag_10': 0.48894543327736384, 'lag_11': 0.22186014020373687, 'lag_12': 0.613224084439911, 'lag_13': 0.9960241347220086, 'lag_14': 0.02505805690553882, 'lag_15': 0.6408183216539152, 'lag_16': 0.4975975948292142, 'lag_17': 0.4110992458554687, 'lag_18': 0.23931422526994336, 'lag_19': 0.1351528936021844, 'lag_20': 0.5400332374562072, 'lag_21': 0.39779507221314053, 'lag_22': 0.7504436662882106, 'lag_23': 0.04641840616302471, 'lag_24': 0.4564019603341293, 'lag_25': 0.1496257095738205, 'lag_26': 0.4586907740791013, 'lag_27': 0.23088322586148072, 'lag_28': 0.7610219183031711}. Best is trial 29 with value: 0.008557185393919572.
[I 2025-09-29 13:21:12,320] Trial 70 finished with value: 0.009598601720907688 and parameters: {'lag_0': 0.9046124206312564, 'lag_1': 0.7964388188247056, 'lag_2': 0.6566698556128465, 'lag_3': 0.17679238109304063, 'lag_4': 0.20199193301145302, 'lag_5': 0.28355154373900326, 'lag_6': 0.7127291348352032, 'lag_7': 0.8932976265591743, 'lag_8': 0.8199633100983037, 'lag_9': 0.853320095440494, 'lag_10': 0.9137236854607329, 'lag_11': 0.12948208103957026, 'lag_12': 0.4731255684203545, 'lag_13': 0.936008822153672, 'lag_14': 0.3067796477718522, 'lag_15': 0.71946169785548, 'lag_16': 0.9705375117748739, 'lag_17': 0.9118225195930585, 'lag_18': 0.3289947685816608, 'lag_19': 0.26011556499764665, 'lag_20': 0.25341126977370443, 'lag_21': 0.5403015878006316, 'lag_22': 0.2091001521305367, 'lag_23': 0.32816866500106007, 'lag_24': 0.1409217310084284, 'lag_25': 0.09211190619369397, 'lag_26': 0.027572989612482703, 'lag_27': 0.9620897322484481, 'lag_28': 0.1256066654899689}. Best is trial 29 with value: 0.008557185393919572.
[I 2025-09-29 13:21:14,942] Trial 71 finished with value: 0.010879247591953693 and parameters: {'lag_0': 0.6758341362302154, 'lag_1': 0.2913053248725611, 'lag_2': 0.753607091347496, 'lag_3': 0.21955964558882296, 'lag_4': 0.4297110651330441, 'lag_5': 0.11066555141211946, 'lag_6': 0.03192618514753767, 'lag_7': 0.5844422964556582, 'lag_8': 0.04281184927836781, 'lag_9': 0.8920961298819715, 'lag_10': 0.7909234627352104, 'lag_11': 0.8713396648420013, 'lag_12': 0.06251408302204066, 'lag_13': 0.4368920271903002, 'lag_14': 0.06423086819694188, 'lag_15': 0.6722521981001709, 'lag_16': 0.13456542868237847, 'lag_17': 0.2767285718743999, 'lag_18': 0.6309646768051332, 'lag_19': 0.2693335574003629, 'lag_20': 0.07112592253641498, 'lag_21': 0.3263104453040971, 'lag_22': 0.6726299404257318, 'lag_23': 0.9248150293040172, 'lag_24': 0.7386790117433094, 'lag_25': 0.09551467117774351, 'lag_26': 0.4015145773461638, 'lag_27': 0.5047692459827585, 'lag_28': 0.31609255452429197}. Best is trial 29 with value: 0.008557185393919572.
[I 2025-09-29 13:21:17,561] Trial 72 finished with value: 0.01176499330898911 and parameters: {'lag_0': 0.7048782813898387, 'lag_1': 0.3127522210503039, 'lag_2': 0.8873227719748628, 'lag_3': 0.3133021262629507, 'lag_4': 0.44963551695253423, 'lag_5': 0.0448842667914241, 'lag_6': 0.09195159979644081, 'lag_7': 0.6366754987991764, 'lag_8': 0.08218049058608358, 'lag_9': 0.8010394798426226, 'lag_10': 0.6111194380786107, 'lag_11': 0.9362128855315841, 'lag_12': 0.10414097137374156, 'lag_13': 0.3904564815232767, 'lag_14': 0.040634558119384497, 'lag_15': 0.7607155585564971, 'lag_16': 0.2888731599700057, 'lag_17': 0.3511549437016116, 'lag_18': 0.527912306781996, 'lag_19': 0.05688605281449394, 'lag_20': 0.08812817948034984, 'lag_21': 0.23095403879494358, 'lag_22': 0.6226172631302955, 'lag_23': 0.7888911598403654, 'lag_24': 0.796992457137165, 'lag_25': 0.05886071575444887, 'lag_26': 0.5285901986067267, 'lag_27': 0.6316016421473483, 'lag_28': 0.41348919655009286}. Best is trial 29 with value: 0.008557185393919572.
[I 2025-09-29 13:21:20,194] Trial 73 finished with value: 0.009173130150293262 and parameters: {'lag_0': 0.8638003339086591, 'lag_1': 0.3617863750979513, 'lag_2': 0.7779761530839283, 'lag_3': 0.3561213647378112, 'lag_4': 0.4870124164614112, 'lag_5': 0.18033467452099644, 'lag_6': 0.06549603615352824, 'lag_7': 0.7273815661256112, 'lag_8': 0.01419610890386516, 'lag_9': 0.8717637374095466, 'lag_10': 0.9831995796742852, 'lag_11': 0.7689028550092041, 'lag_12': 0.18441558290485388, 'lag_13': 0.36309850448959724, 'lag_14': 0.11041794337920632, 'lag_15': 0.826487841575051, 'lag_16': 0.16062418852712546, 'lag_17': 0.07936974833994162, 'lag_18': 0.5620371403508927, 'lag_19': 0.22254798113571542, 'lag_20': 0.21554128911631065, 'lag_21': 0.48353645347217394, 'lag_22': 0.59826805273442, 'lag_23': 0.8658616365095054, 'lag_24': 0.8514735525001783, 'lag_25': 0.024655475430752145, 'lag_26': 0.42644583060583646, 'lag_27': 0.4770831051226043, 'lag_28': 0.18979733229852655}. Best is trial 29 with value: 0.008557185393919572.
[I 2025-09-29 13:21:22,821] Trial 74 finished with value: 0.009703903509345265 and parameters: {'lag_0': 0.8407370846034488, 'lag_1': 0.2590695130371352, 'lag_2': 0.9282017499697242, 'lag_3': 0.282398288133739, 'lag_4': 0.2759407956781519, 'lag_5': 0.14254806254495087, 'lag_6': 0.676593488868432, 'lag_7': 0.5441577004715045, 'lag_8': 0.696972052229173, 'lag_9': 0.9970591948893107, 'lag_10': 0.7073300875636372, 'lag_11': 0.8931032290810089, 'lag_12': 0.02713049711556284, 'lag_13': 0.2684574054656298, 'lag_14': 0.7285256637760524, 'lag_15': 0.5750240890500056, 'lag_16': 0.9010317777326231, 'lag_17': 0.4505938833274299, 'lag_18': 0.716656872924382, 'lag_19': 0.18806357041676314, 'lag_20': 0.10612734786766329, 'lag_21': 0.5778085134548062, 'lag_22': 0.5086711378071596, 'lag_23': 0.92491295183944, 'lag_24': 0.50425231329442, 'lag_25': 0.1175181515268243, 'lag_26': 0.6176935427559931, 'lag_27': 0.40490259589045613, 'lag_28': 0.4725079011631967}. Best is trial 29 with value: 0.008557185393919572.
[I 2025-09-29 13:21:25,453] Trial 75 finished with value: 0.009454601444365307 and parameters: {'lag_0': 0.771316566706445, 'lag_1': 0.4598425985613184, 'lag_2': 0.6055710032999059, 'lag_3': 0.2578469670618022, 'lag_4': 0.5745712944500527, 'lag_5': 0.35941389648244115, 'lag_6': 0.1737152394356488, 'lag_7': 0.6982665650782225, 'lag_8': 0.5139072890405065, 'lag_9': 0.32597605167300414, 'lag_10': 0.8702895412358805, 'lag_11': 0.9907096880114195, 'lag_12': 0.5615729833442069, 'lag_13': 0.7355382380617778, 'lag_14': 0.08049512701237001, 'lag_15': 0.5158530457922443, 'lag_16': 0.9340363179235907, 'lag_17': 0.3042121548043125, 'lag_18': 0.6414479435197797, 'lag_19': 0.3397050493586102, 'lag_20': 0.024895503935821822, 'lag_21': 0.44311961074324685, 'lag_22': 0.6653238115199336, 'lag_23': 0.8328205508637808, 'lag_24': 0.7126325591622109, 'lag_25': 0.162625873731323, 'lag_26': 0.3233635686410916, 'lag_27': 0.039627635119460256, 'lag_28': 0.2783091439093299}. Best is trial 29 with value: 0.008557185393919572.
[I 2025-09-29 13:21:28,071] Trial 76 finished with value: 0.00936332560567193 and parameters: {'lag_0': 0.6044104503147585, 'lag_1': 0.5065627683789429, 'lag_2': 0.7443981016767666, 'lag_3': 0.12817174226471773, 'lag_4': 0.38881055171780626, 'lag_5': 0.44776189951266465, 'lag_6': 0.6213780578608186, 'lag_7': 0.5186547715114954, 'lag_8': 0.12585872918038477, 'lag_9': 0.7896158892773854, 'lag_10': 0.7816031935388685, 'lag_11': 0.8226420813833836, 'lag_12': 0.11645637551809895, 'lag_13': 0.6296932107734855, 'lag_14': 0.16245435362774358, 'lag_15': 0.6761775795166661, 'lag_16': 0.020721671040748624, 'lag_17': 0.5199598625401869, 'lag_18': 0.778355457621048, 'lag_19': 0.46966434898116816, 'lag_20': 0.6218110544417225, 'lag_21': 0.4109363455936362, 'lag_22': 0.7236521571878078, 'lag_23': 0.7422212594757492, 'lag_24': 0.5779729688086243, 'lag_25': 0.8665962726105463, 'lag_26': 0.3529439751894332, 'lag_27': 0.2803675050297776, 'lag_28': 0.5242392298702175}. Best is trial 29 with value: 0.008557185393919572.
[I 2025-09-29 13:21:30,707] Trial 77 finished with value: 0.00935277625850857 and parameters: {'lag_0': 0.2878985004386712, 'lag_1': 0.5934818047585397, 'lag_2': 0.861356212158055, 'lag_3': 0.48951222057061444, 'lag_4': 0.3180887529485612, 'lag_5': 0.07990087561385298, 'lag_6': 0.8770156285024979, 'lag_7': 0.6243333185911787, 'lag_8': 0.06797431455432414, 'lag_9': 0.9508550406868372, 'lag_10': 0.557602710804046, 'lag_11': 0.18652926483562987, 'lag_12': 0.22759707485061148, 'lag_13': 0.5029843621790084, 'lag_14': 0.006678516047032124, 'lag_15': 0.4248558789920245, 'lag_16': 0.22611951635413413, 'lag_17': 0.1407585273995709, 'lag_18': 0.3776177599407873, 'lag_19': 0.5030357496175596, 'lag_20': 0.16627908177067408, 'lag_21': 0.35727881291930064, 'lag_22': 0.07500189321428347, 'lag_23': 0.6670353577449929, 'lag_24': 0.7715413020592563, 'lag_25': 0.20298226286421134, 'lag_26': 0.09455115091571573, 'lag_27': 0.7256727896380429, 'lag_28': 0.6010255180342556}. Best is trial 29 with value: 0.008557185393919572.
[I 2025-09-29 13:21:33,336] Trial 78 finished with value: 0.009779977801268321 and parameters: {'lag_0': 0.94842348392819, 'lag_1': 0.5368503427554825, 'lag_2': 0.9663469087502936, 'lag_3': 0.03998377070717904, 'lag_4': 0.8998861197310806, 'lag_5': 0.5948892773006289, 'lag_6': 0.0022624080311753336, 'lag_7': 0.6623465941266227, 'lag_8': 0.1400372597502995, 'lag_9': 0.40095757806128124, 'lag_10': 0.9545318787671622, 'lag_11': 0.30166355733218575, 'lag_12': 0.4298510449035955, 'lag_13': 0.875034074655982, 'lag_14': 0.7945473406483425, 'lag_15': 0.9751252930309007, 'lag_16': 0.8457647847850434, 'lag_17': 0.4200599037855312, 'lag_18': 0.4254871311876445, 'lag_19': 0.5400180384672215, 'lag_20': 0.13596975181891346, 'lag_21': 0.8862474793263977, 'lag_22': 0.15244886541329106, 'lag_23': 0.2475193583637717, 'lag_24': 0.33370121423109794, 'lag_25': 0.2926423601073694, 'lag_26': 0.21516122146189767, 'lag_27': 0.8098452917829733, 'lag_28': 0.44729574570746744}. Best is trial 29 with value: 0.008557185393919572.
[I 2025-09-29 13:21:36,087] Trial 79 finished with value: 0.009639956765645328 and parameters: {'lag_0': 0.8879367687487761, 'lag_1': 0.1831423021674613, 'lag_2': 0.8151502215263395, 'lag_3': 0.09085158149819401, 'lag_4': 0.14501365622298376, 'lag_5': 0.6895083746499466, 'lag_6': 0.12669013821600789, 'lag_7': 0.5842652998370447, 'lag_8': 0.23713025732406762, 'lag_9': 0.7700493056069752, 'lag_10': 0.4637466992914585, 'lag_11': 0.07963529520067107, 'lag_12': 0.655847714763599, 'lag_13': 0.4711434371626988, 'lag_14': 0.5726674771128374, 'lag_15': 0.5993870076933561, 'lag_16': 0.6673085592868994, 'lag_17': 0.3859767999404599, 'lag_18': 0.8808603831593299, 'lag_19': 0.2918371217202336, 'lag_20': 0.8301270185013752, 'lag_21': 0.2597340783176973, 'lag_22': 0.8794932624227464, 'lag_23': 0.8129351977724117, 'lag_24': 0.40345842280579164, 'lag_25': 0.39220965484211145, 'lag_26': 0.9931212559268954, 'lag_27': 0.5301439660180565, 'lag_28': 0.1491905055756841}. Best is trial 29 with value: 0.008557185393919572.
[I 2025-09-29 13:21:38,732] Trial 80 finished with value: 0.010536715764309212 and parameters: {'lag_0': 0.8165088521944281, 'lag_1': 0.42441376152528365, 'lag_2': 0.6952181022031275, 'lag_3': 0.21719427653464562, 'lag_4': 0.07466243904470125, 'lag_5': 0.4836548203022806, 'lag_6': 0.04766548311873023, 'lag_7': 0.47065088539160127, 'lag_8': 0.9308200921814553, 'lag_9': 0.6678464904965291, 'lag_10': 0.37123953286111777, 'lag_11': 0.36928408845222893, 'lag_12': 0.38266927800515427, 'lag_13': 0.15403794286403094, 'lag_14': 0.853281103788465, 'lag_15': 0.6263770437155094, 'lag_16': 0.7411175476100622, 'lag_17': 0.5627706626154869, 'lag_18': 0.488986706477358, 'lag_19': 0.4326897492342185, 'lag_20': 0.04517219979196982, 'lag_21': 0.30459962077138925, 'lag_22': 0.4594590670684257, 'lag_23': 0.1764163762225719, 'lag_24': 0.6400830181682887, 'lag_25': 0.2491208953708333, 'lag_26': 0.3751992011938244, 'lag_27': 0.009563390297232882, 'lag_28': 0.39083753863050574}. Best is trial 29 with value: 0.008557185393919572.
[I 2025-09-29 13:21:41,368] Trial 81 finished with value: 0.009090332260556496 and parameters: {'lag_0': 0.5023466351536459, 'lag_1': 0.10840761673118662, 'lag_2': 0.9217674785336222, 'lag_3': 0.1616403562365373, 'lag_4': 0.16431390019218112, 'lag_5': 0.2521742064285315, 'lag_6': 0.3907474219786893, 'lag_7': 0.5617877963078782, 'lag_8': 0.5587175486281106, 'lag_9': 0.8186363876623067, 'lag_10': 0.17148956550374944, 'lag_11': 0.17356987903061125, 'lag_12': 0.8278461628756422, 'lag_13': 0.8933211532953927, 'lag_14': 0.9180003804021479, 'lag_15': 0.9174786958411781, 'lag_16': 0.8826487459181573, 'lag_17': 0.4909639794517965, 'lag_18': 0.9440807638751298, 'lag_19': 0.5064917015685992, 'lag_20': 0.3464907389608135, 'lag_21': 0.4882750039149045, 'lag_22': 0.26194979229007553, 'lag_23': 0.22436394810921753, 'lag_24': 0.8126207591524451, 'lag_25': 0.06891484196445363, 'lag_26': 0.05174120881403044, 'lag_27': 0.1619648506979957, 'lag_28': 0.6779661403272685}. Best is trial 29 with value: 0.008557185393919572.
