[I 2025-10-03 11:39:15,683] Trial 81 finished with values: [0.070052323791936, 0.005766603955441897, 0.0062476874739114336, 0.0055445150537986035, 0.001957132759248556, 0.004024895685120261, 0.0013519579655002587, 0.001340155381593926, 0.0011638910825256987, 0.0011078823143157012, 0.0001085176144597898, 0.0003947110592370206, 0.0024729425136947028, 0.029085523442366805, 0.0, 0.010581757621276638, 0.011307229325158126, 0.00373489340806938, 0.0007198280886771948, 0.00046482156543677783, 6.565570755214378e-05, 0.000272981148953624, 5.4010569891874115e-05, 0.00028305241558529984, 0.00027053306646679343, 0.00020855909859770547, 0.0009923654372767895, 0.0017278321148247965, 0.0009804451307281847] and parameters: {'lag_0': 0.24933186432736326, 'lag_1': 0.3048812715997228, 'lag_2': 0.8204401730254062, 'lag_3': 0.6635126941747292, 'lag_4': 0.7487937769249223, 'lag_5': 0.41705842531445686, 'lag_6': 0.33361868899680863, 'lag_7': 0.9133759865844827, 'lag_8': 0.9320940842604782, 'lag_9': 0.43961190495295416, 'lag_10': 0.9322844101085658, 'lag_11': 0.9971067271173059, 'lag_12': 0.08409929854198842, 'lag_13': 0.08076347192700288, 'lag_14': 0.693852044497225, 'lag_15': 0.9295203693052799, 'lag_16': 0.6297365122800491, 'lag_17': 0.85097545708139, 'lag_18': 0.7399865133479939, 'lag_19': 0.05158670238079511, 'lag_20': 0.9692845347254828, 'lag_21': 0.16014432746291568, 'lag_22': 0.1752878677692098, 'lag_23': 0.1847305920509268, 'lag_24': 0.6303354006043755, 'lag_25': 0.2376593826540394, 'lag_26': 0.03875780280683853, 'lag_27': 0.9609399817223258, 'lag_28': 0.45310568402900075}.
[I 2025-10-03 11:39:18,381] Trial 82 finished with values: [0.05607206063404124, 0.001158452188506771, 0.007594090170212458, 0.0036941957084623634, 0.006032465314546745, 0.002339736985063763, 0.0009005020672095354, 0.000746171259081369, 0.000621124516362226, 0.001207488474403971, 7.08515109548178e-05, 0.0003067471729565496, 0.0012060365221203302, 0.030423042620715, 0.0, 0.010890294517517222, 0.01153450779116649, 0.0035345434227106063, 0.0005129712288841989, 0.00044521989520500047, 8.352036416223758e-05, 0.0002615960880958396, 0.00017267197469953278, 0.0001258271999443852, 0.0001231238072788256, 0.00013789605402685787, 0.0007280444746272121, 0.00057659494364397, 0.001877193258793769] and parameters: {'lag_0': 0.6696119851865809, 'lag_1': 0.7790206729505765, 'lag_2': 0.1507860634509049, 'lag_3': 0.26576521592940694, 'lag_4': 0.5823021248818506, 'lag_5': 0.5395290471014446, 'lag_6': 0.48279778452833166, 'lag_7': 0.9969890825502362, 'lag_8': 0.8015463465057051, 'lag_9': 0.9409654721013881, 'lag_10': 0.7135766396415577, 'lag_11': 0.3258893704011572, 'lag_12': 0.3362695466056106, 'lag_13': 0.8904065410758094, 'lag_14': 0.9975928485169863, 'lag_15': 0.009669421317860789, 'lag_16': 0.046218521193524764, 'lag_17': 0.1744326936227337, 'lag_18': 0.12453905670653613, 'lag_19': 0.07876915292719476, 'lag_20': 0.8254239871580847, 'lag_21': 0.8275830084946607, 'lag_22': 0.14823650492851204, 'lag_23': 0.23189355641665485, 'lag_24': 0.47378438416647983, 'lag_25': 0.8242656361411308, 'lag_26': 0.8986885266790764, 'lag_27': 0.07729662141239267, 'lag_28': 0.3690365074606789}.
[I 2025-10-03 11:39:21,068] Trial 83 finished with values: [0.04631888304721704, 0.002349400065139158, 0.005674643384270377, 0.0031848450888590494, 0.0033829528852238485, 0.004082229230037211, 0.0011913233751930485, 0.001065743097929012, 7.318444239549885e-05, 0.0007867252864186174, 0.00040136696720825306, 0.00021427686201718428, 0.0019033777891898766, 0.03216293038279598, 0.0, 0.011059501649346331, 0.012533850864747292, 0.003091685948131001, 0.0005675764954505608, 0.00041882562389693526, 0.00020017305316890718, 0.0002535761401088319, 0.00011811452150923459, 0.00036252557305989277, 0.0001465054968485376, 0.00021250729506537593, 0.001055680704062209, 0.0004793451440147081, 0.0012909281943231533] and parameters: {'lag_0': 0.509138029395632, 'lag_1': 0.9914178540241305, 'lag_2': 0.21428734909571587, 'lag_3': 0.5378784176083224, 'lag_4': 0.8531270109377107, 'lag_5': 0.41214019080506525, 'lag_6': 0.6128077629606642, 'lag_7': 0.7646864036406009, 'lag_8': 0.45403241316853, 'lag_9': 0.8170334712442057, 'lag_10': 0.8389760093564501, 'lag_11': 0.7433342995379305, 'lag_12': 0.7722106839171945, 'lag_13': 0.16001105765955873, 'lag_14': 0.19067040488951867, 'lag_15': 0.5020653680237759, 'lag_16': 0.0023965780948046393, 'lag_17': 0.848728563291206, 'lag_18': 0.2603589284037711, 'lag_19': 0.8565907021475843, 'lag_20': 0.8919957421128764, 'lag_21': 0.5550575273047212, 'lag_22': 0.7201637829230175, 'lag_23': 0.41574417217676285, 'lag_24': 0.3344546920121452, 'lag_25': 0.22706118184342702, 'lag_26': 0.4878410523115522, 'lag_27': 0.3524314788192088, 'lag_28': 0.7517963246152561}.
[I 2025-10-03 11:39:23,759] Trial 84 finished with values: [0.07339865257686126, 0.0014844043787978056, 0.008000931477108116, 0.005341476441717603, 0.0028340611878162813, 0.002616191152106907, 0.002011932396681273, 0.002232117371736994, 0.00035481833435200454, 0.0005902936185509789, 0.0006569005629120351, 0.0001366522617796813, 0.0016521377758548094, 0.03440970611147656, 0.0, 0.013230968630464902, 0.01207607820935747, 0.0032020361308441234, 0.0006687229229941757, 0.0004995434854260931, 8.864914226881518e-05, 0.0004539237770078383, 0.00014560801405047748, 0.00019203128520996437, 0.0003311992809217063, 0.00019222350080316277, 0.0009700604885675577, 0.0012628130455716827, 0.0026129190314569508] and parameters: {'lag_0': 0.9789417567115428, 'lag_1': 0.001969722926431864, 'lag_2': 0.0899281208646909, 'lag_3': 0.28284957041457914, 'lag_4': 0.28306986556385416, 'lag_5': 0.9699473520308942, 'lag_6': 0.2975963026073215, 'lag_7': 0.7112902040860576, 'lag_8': 0.5002398110290338, 'lag_9': 0.4267895908214123, 'lag_10': 0.33582932688286693, 'lag_11': 0.05430796266527071, 'lag_12': 0.5229455091397013, 'lag_13': 0.9634916544421883, 'lag_14': 0.6188907108818271, 'lag_15': 0.13056441954954673, 'lag_16': 0.22879872654963093, 'lag_17': 0.15823908012100052, 'lag_18': 0.0023732587536552494, 'lag_19': 0.7011011853671281, 'lag_20': 0.10994375640542996, 'lag_21': 0.8752398881145184, 'lag_22': 0.021856641687142894, 'lag_23': 0.31165304111806535, 'lag_24': 0.2030476741295525, 'lag_25': 0.6634007071893465, 'lag_26': 0.41996130251910424, 'lag_27': 0.8328341021449782, 'lag_28': 0.7649063618740148}.
[I 2025-10-03 11:39:26,449] Trial 85 finished with values: [0.0686371191135734, 0.00033154698638550317, 0.003113567551414111, 0.005669109115838286, 0.0036889461958339587, 0.00591582175177377, 0.0009059710282537374, 0.0019517416891323778, 0.0003200380071464034, 0.0016963158732208738, 7.312167037323158e-05, 8.255874788187248e-05, 0.001838646652836525, 0.03033353654537136, 0.0, 0.014682407890778165, 0.012238204278925992, 0.003531626853310492, 0.0008230027118698811, 0.00045139797432948886, 5.9754656650489955e-05, 0.0003158626880792325, 0.00021670504229947185, 0.0001560384556110556, 0.00022184390128262226, 0.00020564218121928583, 0.00089786382633149, 0.0011832127321931992, 0.0005079958445338043] and parameters: {'lag_0': 0.5711798485994292, 'lag_1': 0.8628778664446928, 'lag_2': 0.903021294691639, 'lag_3': 0.9906189875671575, 'lag_4': 0.39544845984933363, 'lag_5': 0.7706744625912489, 'lag_6': 0.8906550329894224, 'lag_7': 0.7748495717741481, 'lag_8': 0.7239969718256183, 'lag_9': 0.9001219140761043, 'lag_10': 0.5132867564202797, 'lag_11': 0.5138250379051712, 'lag_12': 0.1878732773534708, 'lag_13': 0.4746387251090846, 'lag_14': 0.6517057358939253, 'lag_15': 0.2869136177500859, 'lag_16': 0.5020897231315254, 'lag_17': 0.9142353609660145, 'lag_18': 0.2483092350080671, 'lag_19': 0.6985921851466206, 'lag_20': 0.6839222246697877, 'lag_21': 0.8626060962449837, 'lag_22': 0.9305447216705844, 'lag_23': 0.3119715354125671, 'lag_24': 0.5248838890891547, 'lag_25': 0.10744697111435175, 'lag_26': 0.008994090490782121, 'lag_27': 0.10762204559410833, 'lag_28': 0.5599262430618688}.
[I 2025-10-03 11:39:29,129] Trial 86 finished with values: [0.058240757840019156, 0.008228894950163084, 0.019785073133275273, 0.00802655072263483, 0.005029725151791554, 0.003307808689740132, 0.0005912609294792892, 0.0007413599134382441, 0.0006736740021439441, 0.0013281021154529832, 0.0003959978439406541, 0.0001848647371000637, 0.0019379419671286368, 0.03292280353291542, 0.0, 0.010809380377810767, 0.011359131175281673, 0.0037412610256547887, 0.000583550836955111, 0.0004619880904397491, 4.5861980006435554e-05, 0.0002759830220402484, 0.00012265553955858097, 0.0004946757348802818, 7.135819854457422e-05, 0.0002899173269059058, 0.000977905395057677, 0.000837828342584808, 0.004184599136357108] and parameters: {'lag_0': 0.5582437262767485, 'lag_1': 0.6284991986350572, 'lag_2': 0.7767590214400552, 'lag_3': 0.2547714468462125, 'lag_4': 0.7385013161011652, 'lag_5': 0.7471677049434773, 'lag_6': 0.40179297727194474, 'lag_7': 0.878348061381573, 'lag_8': 0.15166945209067828, 'lag_9': 0.06624236317474785, 'lag_10': 0.024340574553574492, 'lag_11': 0.45608523396166556, 'lag_12': 0.7195733112917972, 'lag_13': 0.9835152712181405, 'lag_14': 0.7650011044764145, 'lag_15': 0.5361976788236947, 'lag_16': 0.10782963626813927, 'lag_17': 0.3115403941263643, 'lag_18': 0.06061618138291582, 'lag_19': 0.14032976584605833, 'lag_20': 0.774162211215528, 'lag_21': 0.9506547372302772, 'lag_22': 0.8682766752277791, 'lag_23': 0.20136405926952555, 'lag_24': 0.9284482898770601, 'lag_25': 0.6060772512961105, 'lag_26': 0.6155536792386214, 'lag_27': 0.8584714694137257, 'lag_28': 0.3435235453085589}.
[I 2025-10-03 11:39:31,820] Trial 87 finished with values: [0.04447236528634592, 0.0005281075702410458, 0.010527502017709005, 0.0012327968346078464, 0.0022548752460131377, 0.003995744875710569, 0.0007072428957152981, 0.0025734619402301403, 0.0003453333592613135, 0.0005486968870664126, 0.00017184521858816353, 0.00023556556167078836, 0.0030656578643723496, 0.037146862908888884, 0.0, 0.012369978519643264, 0.011205262168282926, 0.003579265498196086, 0.0007845337516825939, 0.000593619413056812, 6.198972682422867e-05, 0.0004081427737426882, 0.00014949710984863307, 0.0008614903162746789, 0.00013526022522592925, 0.00016707197705565868, 0.00025881782970099904, 0.0007144723374910497, 0.0006704764535289124] and parameters: {'lag_0': 0.42091534097017114, 'lag_1': 0.3048812715997228, 'lag_2': 0.2904425741978692, 'lag_3': 0.7481473145554951, 'lag_4': 0.554202446161161, 'lag_5': 0.09015968872661292, 'lag_6': 0.24956799460372203, 'lag_7': 0.9133759865844827, 'lag_8': 0.8882826641221939, 'lag_9': 0.00690291125505856, 'lag_10': 0.9714645461112524, 'lag_11': 0.060723896702149935, 'lag_12': 0.14976652721090075, 'lag_13': 0.08076347192700288, 'lag_14': 0.2972284644137709, 'lag_15': 0.09893286494386104, 'lag_16': 0.9143027488231483, 'lag_17': 0.5024817886988887, 'lag_18': 0.3406705033531616, 'lag_19': 0.05158670238079511, 'lag_20': 0.10417301231261852, 'lag_21': 0.16014432746291568, 'lag_22': 0.10588002567742881, 'lag_23': 0.5176632406774747, 'lag_24': 0.22249850308143024, 'lag_25': 0.2376593826540394, 'lag_26': 0.6592850775585413, 'lag_27': 0.997231288830892, 'lag_28': 0.45310568402900075}.
[I 2025-10-03 11:39:34,504] Trial 88 finished with values: [0.06958995102032992, 0.008798765465565128, 0.009795634689666885, 0.008230980274720115, 0.000537211517603391, 0.0044349260097545, 0.0008746144807694554, 0.0009901340286645782, 0.0003002051852618072, 0.0013005480755546848, 0.00021390295559532688, 0.00020364641581894133, 0.002200696474615596, 0.03492988010341297, 0.0, 0.00921864025777806, 0.010393622495511564, 0.0033835763197554124, 0.0005142965172970862, 0.0004262501833493604, 6.39397571202092e-05, 0.00029628546443617395, 0.00012194432909026335, 0.0003061388210734067, 0.00018333792541537058, 4.186020506317299e-05, 0.0014098729555149865, 0.0015114891902744997, 0.0007366115733483975] and parameters: {'lag_0': 0.3900436869968124, 'lag_1': 0.8070271584809612, 'lag_2': 0.8204401730254062, 'lag_3': 0.058375105995316805, 'lag_4': 0.9626156530266833, 'lag_5': 0.2935629586709495, 'lag_6': 0.33361868899680863, 'lag_7': 0.4983998906080135, 'lag_8': 0.708718003644239, 'lag_9': 0.32174362042330146, 'lag_10': 0.9322844101085658, 'lag_11': 0.768393039388508, 'lag_12': 0.08409929854198842, 'lag_13': 0.33456700968904074, 'lag_14': 0.9754988259567519, 'lag_15': 0.9295203693052799, 'lag_16': 0.4586642012509143, 'lag_17': 0.2476018397592308, 'lag_18': 0.9420570520419896, 'lag_19': 0.09045783540703917, 'lag_20': 0.9692845347254828, 'lag_21': 0.38516635257246196, 'lag_22': 0.1752878677692098, 'lag_23': 0.7490075864342483, 'lag_24': 0.06041193084111178, 'lag_25': 0.5632518768763318, 'lag_26': 0.6379919221938452, 'lag_27': 0.8634720512643121, 'lag_28': 0.32075631218190476}.
[I 2025-10-03 11:39:37,190] Trial 89 finished with values: [0.07553477993228686, 0.0076798287793238785, 0.011192022103822263, 0.003083020035340815, 0.0020503254686837858, 0.003365195151278276, 0.001963800699495325, 0.0014282803860997935, 0.00043095590424616716, 0.0006573299446690566, 0.0003312003959820237, 0.00022553939798933284, 0.0020684875273758213, 0.0318093268844135, 0.0, 0.009364419452513838, 0.010634884720741287, 0.0038026014458152693, 0.0005522300491910487, 0.00035807717666951067, 0.00014967372435768957, 0.00035504120626730874, 0.00027752903912401137, 0.0005345855177112654, 0.00014376214342332855, 0.00012664683483727874, 0.0005885148080625224, 0.0008782756793033206, 0.0011351807773157846] and parameters: {'lag_0': 0.30797562497304776, 'lag_1': 0.5423272882519932, 'lag_2': 0.7242904078241993, 'lag_3': 0.5299077763554685, 'lag_4': 0.7487937769249223, 'lag_5': 0.6477633734507264, 'lag_6': 0.5556291430711056, 'lag_7': 0.9133759865844827, 'lag_8': 0.03532705315317552, 'lag_9': 0.6822965769016581, 'lag_10': 0.20283663788360987, 'lag_11': 0.020381073735495494, 'lag_12': 0.5269046259786946, 'lag_13': 0.08076347192700288, 'lag_14': 0.9202049026677882, 'lag_15': 0.09893286494386104, 'lag_16': 0.6297365122800491, 'lag_17': 0.5979673874829304, 'lag_18': 0.7399865133479939, 'lag_19': 0.05158670238079511, 'lag_20': 0.10417301231261852, 'lag_21': 0.09391465757112531, 'lag_22': 0.1880553633355732, 'lag_23': 0.5260151844787526, 'lag_24': 0.43838007605798496, 'lag_25': 0.6676646107949452, 'lag_26': 0.7326961618537666, 'lag_27': 0.5283260951935352, 'lag_28': 0.5948763322688049}.
[I 2025-10-03 11:39:39,873] Trial 90 finished with values: [0.1346181878568602, 0.001615287158645546, 0.008521954137709963, 0.003983128916085194, 0.0026501321327376706, 0.006966147975013774, 0.0004685949086085855, 0.0013956898814029848, 0.0002770429603617155, 0.0011704024190308008, 0.00044983201557122936, 0.0001399610938821445, 0.0019220748275910232, 0.030912668076621536, 0.0, 0.009921096884240163, 0.011867073787764814, 0.002983930529931734, 0.0005492214241725976, 0.00046466348698188074, 3.3985882757624296e-05, 0.00037954275970389215, 0.0002872371398373601, 0.0003066365595215628, 5.060223320251047e-05, 0.0001125636949858624, 0.000532169605746602, 0.0009805132576230515, 0.000560816490851116] and parameters: {'lag_0': 0.6804450469035596, 'lag_1': 0.16026250951321966, 'lag_2': 0.9669126314729625, 'lag_3': 0.3006480396919488, 'lag_4': 0.8241272727206955, 'lag_5': 0.05956836708370281, 'lag_6': 0.26294751785815157, 'lag_7': 0.9366102800314413, 'lag_8': 0.9698763251034036, 'lag_9': 0.8763595613249293, 'lag_10': 0.8552305718403783, 'lag_11': 0.5395733938846999, 'lag_12': 0.5351285312355737, 'lag_13': 0.09323827639698107, 'lag_14': 0.8877207391387726, 'lag_15': 0.8737209818299174, 'lag_16': 0.35765651816804933, 'lag_17': 0.873177663152922, 'lag_18': 0.19822205637808055, 'lag_19': 0.1871850120973641, 'lag_20': 0.05930323095529967, 'lag_21': 0.10623080548665433, 'lag_22': 0.8002849125398307, 'lag_23': 0.3100869260716611, 'lag_24': 0.025398269963760923, 'lag_25': 0.49507501345602967, 'lag_26': 0.8708546075195743, 'lag_27': 0.03833654947682438, 'lag_28': 0.8884915861510598}.
[I 2025-10-03 11:39:42,557] Trial 91 finished with values: [0.045826059957418556, 0.0031985691814513163, 0.008137673684856461, 0.004045836810593235, 0.004409832419412692, 0.0049243415444410014, 0.0008112059542329287, 0.003914130696557334, 0.00022015144004076042, 0.0006952114874541291, 0.00041026928244363765, 6.2086786340841e-05, 0.002457827786036976, 0.038699623094117515, 0.0, 0.009663086907335715, 0.01032368248441606, 0.004500231183812336, 0.0007536602097472841, 0.0003175826265468248, 6.342488249647806e-05, 0.00010981191389436921, 0.00030661342879700513, 0.0005838154785392098, 0.00023939723233535763, 0.00011740033704276663, 0.0004154318176739589, 0.001694332226810803, 0.0004006912018852665] and parameters: {'lag_0': 0.5231460736388353, 'lag_1': 0.2897410112375392, 'lag_2': 0.3050978780580293, 'lag_3': 0.0697632903905167, 'lag_4': 0.09076642792594551, 'lag_5': 0.1698604331504905, 'lag_6': 0.4107029630020409, 'lag_7': 0.4236253129180869, 'lag_8': 0.9533050961549535, 'lag_9': 0.440644751457593, 'lag_10': 0.07016644062375668, 'lag_11': 0.43553633176494283, 'lag_12': 0.9461219228999131, 'lag_13': 0.3954606232655438, 'lag_14': 0.19682210783600995, 'lag_15': 0.8096244931225326, 'lag_16': 0.526009547139494, 'lag_17': 0.4296149316384664, 'lag_18': 0.01795747167761038, 'lag_19': 0.7348196810355534, 'lag_20': 0.359505338213315, 'lag_21': 0.9966947881036431, 'lag_22': 0.6027280514742797, 'lag_23': 0.6614156473987873, 'lag_24': 0.6578943576850383, 'lag_25': 0.6562402661291589, 'lag_26': 0.4375280611885013, 'lag_27': 0.318688319879474, 'lag_28': 0.1362641927310634}.
[I 2025-10-03 11:39:45,248] Trial 92 finished with values: [0.05776869806094183, 0.0018711948274851824, 0.01091317653755282, 0.006863053069401472, 0.005425966179204283, 0.0038389545530154246, 0.00022200129586400259, 0.0028982130229662476, 0.00040370971366339306, 0.00036397258773746563, 6.634082026587275e-05, 0.00015846666328462388, 0.0030769518580649594, 0.031573108626755615, 0.0, 0.009666705942311029, 0.011854561822576794, 0.003455720547872485, 0.0006883410653672486, 0.00029443373328122484, 0.00019962371932448242, 0.0002969605112488413, 0.00027989869992293737, 0.000661309050785721, 5.923561003502608e-05, 7.108805715413374e-05, 0.0007386498724268725, 0.0014915832521970793, 0.001410198064320542] and parameters: {'lag_0': 0.1918568372552513, 'lag_1': 0.2674924927365455, 'lag_2': 0.7037120059412982, 'lag_3': 0.6943250216875111, 'lag_4': 0.5950305936200587, 'lag_5': 0.5136502183055907, 'lag_6': 0.11875215541546164, 'lag_7': 0.7878919985902645, 'lag_8': 0.07154223591609271, 'lag_9': 0.7549608012225877, 'lag_10': 0.8228985185993285, 'lag_11': 0.2992632613194761, 'lag_12': 0.11925445005980785, 'lag_13': 0.8590472287152572, 'lag_14': 0.35107401835014307, 'lag_15': 0.622935960132718, 'lag_16': 0.8318966448726426, 'lag_17': 0.0040623810191135, 'lag_18': 0.40908044619863615, 'lag_19': 0.7608589956290295, 'lag_20': 0.2692802575786706, 'lag_21': 0.06283097130841199, 'lag_22': 0.47510651695684075, 'lag_23': 0.2521269681120413, 'lag_24': 0.9367796434459287, 'lag_25': 0.09982277823819807, 'lag_26': 0.9756963464166101, 'lag_27': 0.6159759379723233, 'lag_28': 0.6244207544522162}.
[I 2025-10-03 11:39:47,935] Trial 93 finished with values: [0.05664247642218887, 0.002194372782169809, 0.008632342742176873, 0.008029691091682941, 0.0028303264099081254, 0.004199768568568282, 0.0009065376817549246, 0.0021028014654527263, 0.0004908382413179815, 0.0009249801265532019, 0.00015444266362896666, 0.00036244666958644905, 0.0016298073860913913, 0.032849501723980434, 0.0, 0.012005074097608478, 0.012775805219891172, 0.003856414059251706, 0.0004617211809607237, 0.0005343062493727901, 5.279082563102548e-05, 0.0003668092509103193, 0.00024575723194195955, 0.0005004409542163006, 0.0002836139725656364, 0.00011692227849870744, 0.0007869460372324749, 0.0009813223244764687, 0.0026031896517329615] and parameters: {'lag_0': 0.09230203015003173, 'lag_1': 0.9483087918328978, 'lag_2': 0.6946540597446383, 'lag_3': 0.9235539147537067, 'lag_4': 0.19831479549403835, 'lag_5': 0.48367412953848543, 'lag_6': 0.00021425336989191755, 'lag_7': 0.750998307003517, 'lag_8': 0.9843040160123189, 'lag_9': 0.5767676862638945, 'lag_10': 0.017841850572988267, 'lag_11': 0.13454954496764635, 'lag_12': 0.18298792069605194, 'lag_13': 0.45561978100296696, 'lag_14': 0.6418087757128762, 'lag_15': 0.6485784503967862, 'lag_16': 0.4080801246125004, 'lag_17': 0.46498236270810483, 'lag_18': 0.7923141089325023, 'lag_19': 0.1985769975785879, 'lag_20': 0.3066230128659374, 'lag_21': 0.14553959329857943, 'lag_22': 0.37770567826723384, 'lag_23': 0.643451134107301, 'lag_24': 0.4509939637535463, 'lag_25': 0.4090217270755031, 'lag_26': 0.32771862881654884, 'lag_27': 0.9640133073892908, 'lag_28': 0.5240957901313652}.
