[I 2025-09-29 13:18:51,602] Trial 19 finished with value: 0.006675697948599157 and parameters: {'lag_0': 0.7660178674176297, 'lag_1': 0.7480055714700328, 'lag_2': 0.15180314781086235, 'lag_3': 0.9948416750338653, 'lag_4': 0.3110552251732243, 'lag_5': 0.11596560824154874, 'lag_6': 0.2806521020971335, 'lag_7': 0.0990262246215409, 'lag_8': 0.8562692853297136, 'lag_9': 0.5025413296308798, 'lag_10': 0.5390969797263758, 'lag_11': 0.8373250714835425, 'lag_12': 0.2152107379302799, 'lag_13': 0.22130949103372952, 'lag_14': 0.8711068187174478, 'lag_15': 0.11444577351422938, 'lag_16': 0.31221220478976, 'lag_17': 0.11427837599657503, 'lag_18': 0.3183860595788853, 'lag_19': 0.3244733004971302, 'lag_20': 0.9388986935102857, 'lag_21': 0.8799614551450154, 'lag_22': 0.429976102334806, 'lag_23': 0.8087013263910943, 'lag_24': 0.37438862486635827, 'lag_25': 0.6627981749244964, 'lag_26': 0.505667610433518, 'lag_27': 0.8826324848864946, 'lag_28': 0.15917848431974174}. Best is trial 16 with value: 0.006140212903580585.
[I 2025-09-29 13:18:54,082] Trial 20 finished with value: 0.007054206096178286 and parameters: {'lag_0': 0.5417835193935142, 'lag_1': 0.7827092241337119, 'lag_2': 0.2532006737955217, 'lag_3': 0.8428196975008977, 'lag_4': 0.12997777352558507, 'lag_5': 0.17146845276873307, 'lag_6': 0.559278009719924, 'lag_7': 0.13905778670890226, 'lag_8': 0.5988682625072289, 'lag_9': 0.6714434803151578, 'lag_10': 0.32164327559410977, 'lag_11': 0.8324063901073229, 'lag_12': 0.08612897397278399, 'lag_13': 0.46935639881355196, 'lag_14': 0.4587933690594841, 'lag_15': 0.1905233168648381, 'lag_16': 0.08438673636290256, 'lag_17': 0.23770589472277032, 'lag_18': 0.5060186478513771, 'lag_19': 0.10319795481991952, 'lag_20': 0.8437965386071031, 'lag_21': 0.7381144321366494, 'lag_22': 0.24992044370840608, 'lag_23': 0.9938247363881372, 'lag_24': 0.4851583575332835, 'lag_25': 0.24345128751675488, 'lag_26': 0.42067004043772543, 'lag_27': 0.23491506457019445, 'lag_28': 0.9695636193691661}. Best is trial 16 with value: 0.006140212903580585.
[I 2025-09-29 13:18:56,559] Trial 21 finished with value: 0.007041406797814629 and parameters: {'lag_0': 0.3716257822099429, 'lag_1': 0.5393558022424784, 'lag_2': 0.08868500462500811, 'lag_3': 0.7651782604817092, 'lag_4': 0.34432500378651887, 'lag_5': 0.010572305697685372, 'lag_6': 0.1266797522353153, 'lag_7': 0.31838771963583823, 'lag_8': 0.7201605918749685, 'lag_9': 0.7934376251441657, 'lag_10': 0.6128001966747856, 'lag_11': 0.9677098744493976, 'lag_12': 0.09749687874852826, 'lag_13': 0.13267373991102063, 'lag_14': 0.9412780747111588, 'lag_15': 0.3500895455852866, 'lag_16': 0.33655019680696313, 'lag_17': 0.12703480630203384, 'lag_18': 0.21209582564117724, 'lag_19': 0.289160202698481, 'lag_20': 0.5806403161624265, 'lag_21': 0.7252297466357842, 'lag_22': 0.30503824245270117, 'lag_23': 0.6006242011346266, 'lag_24': 0.3316037232829253, 'lag_25': 0.6364112219714171, 'lag_26': 0.6047196032809741, 'lag_27': 0.672555517421456, 'lag_28': 0.205285420869956}. Best is trial 16 with value: 0.006140212903580585.
[I 2025-09-29 13:18:59,052] Trial 22 finished with value: 0.006623265674840027 and parameters: {'lag_0': 0.762259322407983, 'lag_1': 0.5694204767458172, 'lag_2': 0.8755776946381519, 'lag_3': 0.6246837439580524, 'lag_4': 0.4803044565598379, 'lag_5': 0.2651299085173223, 'lag_6': 0.39960161524962695, 'lag_7': 0.20339866549814434, 'lag_8': 0.7633379766140159, 'lag_9': 0.6185923545779204, 'lag_10': 0.47943877703828247, 'lag_11': 0.814789920791711, 'lag_12': 0.01558307882739312, 'lag_13': 0.10770046627708628, 'lag_14': 0.8614448915056891, 'lag_15': 0.5093010645529648, 'lag_16': 0.4991038064354685, 'lag_17': 0.28016016341144545, 'lag_18': 0.25992977158348346, 'lag_19': 0.441684815012378, 'lag_20': 0.3472594321516274, 'lag_21': 0.5645111037231624, 'lag_22': 0.07186172931520274, 'lag_23': 0.7806307485478243, 'lag_24': 0.3302776178480076, 'lag_25': 0.5803460588606054, 'lag_26': 0.8107762223590964, 'lag_27': 0.8812870388632819, 'lag_28': 0.11935378268919239}. Best is trial 16 with value: 0.006140212903580585.
[I 2025-09-29 13:19:01,550] Trial 23 finished with value: 0.0068190990980776245 and parameters: {'lag_0': 0.5832877003826734, 'lag_1': 0.4174326175334859, 'lag_2': 4.614482157197595e-05, 'lag_3': 0.8463035164709376, 'lag_4': 0.5907707255059604, 'lag_5': 0.1314765389003421, 'lag_6': 0.3131436329608659, 'lag_7': 0.4720589166049347, 'lag_8': 0.4844238922331635, 'lag_9': 0.4531836922378363, 'lag_10': 0.6731530885299106, 'lag_11': 0.658080448316767, 'lag_12': 0.13001834109402421, 'lag_13': 0.25503959971622286, 'lag_14': 0.9376187419796942, 'lag_15': 0.26281756674485335, 'lag_16': 0.3753183624581174, 'lag_17': 0.6258667481002287, 'lag_18': 0.4273120347682495, 'lag_19': 0.20465683515662858, 'lag_20': 0.6486175213619925, 'lag_21': 0.9196421216339062, 'lag_22': 0.4718332616587735, 'lag_23': 0.40461988787788833, 'lag_24': 0.5750797658049778, 'lag_25': 0.470330462181707, 'lag_26': 0.5894531970239318, 'lag_27': 0.558540005017073, 'lag_28': 0.2668931249035271}. Best is trial 16 with value: 0.006140212903580585.
[I 2025-09-29 13:19:04,063] Trial 24 finished with value: 0.007076990227427575 and parameters: {'lag_0': 0.3145809744507526, 'lag_1': 0.8245489054954764, 'lag_2': 0.23015970045155887, 'lag_3': 0.9438145054931073, 'lag_4': 0.5464130104220398, 'lag_5': 0.37885124526696945, 'lag_6': 0.5240750983648333, 'lag_7': 0.32629830441484686, 'lag_8': 0.9056790424683229, 'lag_9': 0.322868901494736, 'lag_10': 0.8514134279536563, 'lag_11': 0.47829256471765746, 'lag_12': 0.3778602126248787, 'lag_13': 0.08884274844033391, 'lag_14': 0.8102181411460768, 'lag_15': 0.09426332311763544, 'lag_16': 0.5370160183237536, 'lag_17': 0.9005173396442793, 'lag_18': 0.10854581219789886, 'lag_19': 0.30047020852017586, 'lag_20': 0.7625491466736671, 'lag_21': 0.7785820010931904, 'lag_22': 0.2624562166098956, 'lag_23': 0.23246240167264431, 'lag_24': 0.30163112415412424, 'lag_25': 0.8825221549572225, 'lag_26': 0.4173859632653017, 'lag_27': 0.6533574732973598, 'lag_28': 0.4302555222577311}. Best is trial 16 with value: 0.006140212903580585.
[I 2025-09-29 13:19:06,545] Trial 25 finished with value: 0.007365242474123934 and parameters: {'lag_0': 0.8169924360560594, 'lag_1': 0.44773011840906785, 'lag_2': 0.6466575781080014, 'lag_3': 0.6533563333121503, 'lag_4': 0.29000804570704075, 'lag_5': 0.09429777255862509, 'lag_6': 0.22451944390461998, 'lag_7': 0.0873905730674293, 'lag_8': 0.1157273568643681, 'lag_9': 0.8300205571515922, 'lag_10': 0.9946406364949557, 'lag_11': 0.9065845775883234, 'lag_12': 0.23418918740057895, 'lag_13': 0.3929627804255484, 'lag_14': 0.7189027814756848, 'lag_15': 0.32744735394187985, 'lag_16': 0.6634345935977268, 'lag_17': 0.09561362543050106, 'lag_18': 0.5439371738594195, 'lag_19': 0.3680464067805386, 'lag_20': 0.5209920801970896, 'lag_21': 0.6902493561957269, 'lag_22': 0.14361086147724067, 'lag_23': 0.9191958654917098, 'lag_24': 0.5022113058487059, 'lag_25': 0.703708523635062, 'lag_26': 0.5613614498412762, 'lag_27': 0.34250483508831175, 'lag_28': 0.015487945767693911}. Best is trial 16 with value: 0.006140212903580585.
[I 2025-09-29 13:19:09,024] Trial 26 finished with value: 0.006867778752228516 and parameters: {'lag_0': 0.7051369295405036, 'lag_1': 0.6222325597477982, 'lag_2': 0.10995141139736538, 'lag_3': 0.8101844329507153, 'lag_4': 0.43687609294734636, 'lag_5': 0.20972650884356453, 'lag_6': 0.7076635114095202, 'lag_7': 0.6307051102236998, 'lag_8': 0.562884676817534, 'lag_9': 0.531857787630826, 'lag_10': 0.7027169676369217, 'lag_11': 0.7846517878034822, 'lag_12': 0.09343900303509571, 'lag_13': 0.2960670537765637, 'lag_14': 0.9288374446829707, 'lag_15': 0.4835667494007248, 'lag_16': 0.25322451231603277, 'lag_17': 0.18560023050223312, 'lag_18': 0.34025326603910855, 'lag_19': 0.14903459928553245, 'lag_20': 0.38904454741750166, 'lag_21': 0.8018446671483056, 'lag_22': 0.02379934275239398, 'lag_23': 0.6058145701752968, 'lag_24': 0.17220529454411626, 'lag_25': 0.5454041360440055, 'lag_26': 0.7609088029757398, 'lag_27': 0.09107204012617864, 'lag_28': 0.38975741268482966}. Best is trial 16 with value: 0.006140212903580585.
[I 2025-09-29 13:19:11,536] Trial 27 finished with value: 0.006819372055676923 and parameters: {'lag_0': 0.5109856265996021, 'lag_1': 0.3024498617696743, 'lag_2': 0.3041172291423817, 'lag_3': 0.982570133666804, 'lag_4': 0.1993621507908093, 'lag_5': 0.3386011955099917, 'lag_6': 0.08128058838374139, 'lag_7': 0.9559117021304032, 'lag_8': 0.688504879649555, 'lag_9': 0.9336398918614013, 'lag_10': 0.523530350218268, 'lag_11': 0.6700966818106859, 'lag_12': 0.293156839009342, 'lag_13': 0.18447990927018953, 'lag_14': 0.9979438335741658, 'lag_15': 0.6048001080161489, 'lag_16': 0.4228047679320434, 'lag_17': 0.44695088357156687, 'lag_18': 0.16011970533404601, 'lag_19': 0.05555574687235926, 'lag_20': 0.6261542841716944, 'lag_21': 0.5470032936263107, 'lag_22': 0.3258327701539061, 'lag_23': 0.7032622200157432, 'lag_24': 0.6926405916253698, 'lag_25': 0.43250089055119645, 'lag_26': 0.4119754852333926, 'lag_27': 0.759111650566847, 'lag_28': 0.24390604773457725}. Best is trial 16 with value: 0.006140212903580585.
[I 2025-09-29 13:19:14,054] Trial 28 finished with value: 0.006785629902069851 and parameters: {'lag_0': 0.4075684520857659, 'lag_1': 0.8835224169275421, 'lag_2': 0.4815592040163726, 'lag_3': 0.08666950327377611, 'lag_4': 0.3551712533015995, 'lag_5': 0.45129156103554363, 'lag_6': 0.3657500847932289, 'lag_7': 0.8357145457333407, 'lag_8': 0.0013630201607178344, 'lag_9': 0.7162522186644849, 'lag_10': 0.35338295561920763, 'lag_11': 0.874112351562259, 'lag_12': 0.17664346016824922, 'lag_13': 0.07107005553391092, 'lag_14': 0.836292445062095, 'lag_15': 0.7908015573531116, 'lag_16': 0.1513585504230005, 'lag_17': 0.33077140674909067, 'lag_18': 0.26958953569613064, 'lag_19': 0.5251226319984379, 'lag_20': 0.2123411926747802, 'lag_21': 0.9184480204542731, 'lag_22': 0.204807722386496, 'lag_23': 0.27827784565253244, 'lag_24': 0.46024290498648024, 'lag_25': 0.32718777337241545, 'lag_26': 0.2671582246481087, 'lag_27': 0.263856108814179, 'lag_28': 0.8119653406009077}. Best is trial 16 with value: 0.006140212903580585.
[I 2025-09-29 13:19:16,543] Trial 29 finished with value: 0.006775908873591169 and parameters: {'lag_0': 0.9535886933782771, 'lag_1': 0.6090867612431503, 'lag_2': 0.4540707569188249, 'lag_3': 0.6889608327985923, 'lag_4': 0.29213713254341866, 'lag_5': 0.06025093119281057, 'lag_6': 0.6736253515529297, 'lag_7': 0.749246718759069, 'lag_8': 0.39748583402928683, 'lag_9': 0.39721651531093577, 'lag_10': 0.4272081202464118, 'lag_11': 0.9846947210016115, 'lag_12': 0.0019510883699798698, 'lag_13': 0.3830683341608177, 'lag_14': 0.5398570466295681, 'lag_15': 0.4059840462965895, 'lag_16': 0.7141377770546962, 'lag_17': 0.032238660234483074, 'lag_18': 0.675751992964086, 'lag_19': 0.2650352605718907, 'lag_20': 0.5488835111543652, 'lag_21': 0.6814369709787822, 'lag_22': 0.390657980777796, 'lag_23': 0.8772982730934724, 'lag_24': 0.5725088976004584, 'lag_25': 0.5123017327397112, 'lag_26': 0.8024775318671853, 'lag_27': 0.9794443995950263, 'lag_28': 0.09941267207996035}. Best is trial 16 with value: 0.006140212903580585.
[I 2025-09-29 13:19:19,051] Trial 30 finished with value: 0.006601434199983908 and parameters: {'lag_0': 0.25890440655482394, 'lag_1': 0.7393295123575595, 'lag_2': 0.1615465285628213, 'lag_3': 0.3177399315272151, 'lag_4': 0.06916014405922531, 'lag_5': 0.24365943454216427, 'lag_6': 0.23264325346297818, 'lag_7': 0.5107590942952567, 'lag_8': 0.7653964527775015, 'lag_9': 0.6400227404593787, 'lag_10': 0.6120360519322153, 'lag_11': 0.7671789605686636, 'lag_12': 0.06889782908107324, 'lag_13': 0.24894162670522343, 'lag_14': 0.661757060974806, 'lag_15': 0.21661183695399214, 'lag_16': 0.8407317828069287, 'lag_17': 0.19449413000845964, 'lag_18': 0.10189716205759575, 'lag_19': 0.9181388333643393, 'lag_20': 0.6905206490059379, 'lag_21': 0.37415418237235976, 'lag_22': 0.26536249975248377, 'lag_23': 0.5001913574079951, 'lag_24': 0.27876665403929207, 'lag_25': 0.863719235044974, 'lag_26': 0.20310966144356807, 'lag_27': 0.4451987860017438, 'lag_28': 0.5732175348018737}. Best is trial 16 with value: 0.006140212903580585.
[I 2025-09-29 13:19:21,670] Trial 31 finished with value: 0.007066122155849367 and parameters: {'lag_0': 0.8893252719056116, 'lag_1': 0.9865697364944098, 'lag_2': 0.36253328922512223, 'lag_3': 0.4386780558868615, 'lag_4': 0.1267430133944526, 'lag_5': 0.49487995735029844, 'lag_6': 0.9190524715495059, 'lag_7': 0.2538663961483689, 'lag_8': 0.9363483775220018, 'lag_9': 0.2248763504301981, 'lag_10': 0.7157522052851883, 'lag_11': 0.6153945782233634, 'lag_12': 0.6442088954100288, 'lag_13': 0.5294330693943968, 'lag_14': 0.6318965675327219, 'lag_15': 0.39239222063084944, 'lag_16': 0.48545977495989134, 'lag_17': 0.358836701867001, 'lag_18': 0.0683824039199786, 'lag_19': 0.15233037569260335, 'lag_20': 0.5204654122326644, 'lag_21': 0.2769485026673677, 'lag_22': 0.7369924400234209, 'lag_23': 0.5474517598631015, 'lag_24': 0.13106581144107116, 'lag_25': 0.8065540650100991, 'lag_26': 0.10198872933184894, 'lag_27': 0.1543184838814538, 'lag_28': 0.45616528970845027}. Best is trial 16 with value: 0.006140212903580585.
[I 2025-09-29 13:19:24,199] Trial 32 finished with value: 0.00686405109903505 and parameters: {'lag_0': 0.8496597823768272, 'lag_1': 0.9176723614102864, 'lag_2': 0.8919741194825037, 'lag_3': 0.7865214562803254, 'lag_4': 0.08163334758419152, 'lag_5': 0.659981062996227, 'lag_6': 0.7404348059164129, 'lag_7': 0.1755137361979581, 'lag_8': 0.8725279669606011, 'lag_9': 0.29620469040395775, 'lag_10': 0.8293498293607032, 'lag_11': 0.43195905974521054, 'lag_12': 0.9261377804914129, 'lag_13': 0.8052769389048418, 'lag_14': 0.718343427876482, 'lag_15': 0.4646792283820803, 'lag_16': 0.3919319306871681, 'lag_17': 0.2693621610052813, 'lag_18': 0.1718658159965833, 'lag_19': 0.06950322945240958, 'lag_20': 0.7944921316528195, 'lag_21': 0.1951996245181538, 'lag_22': 0.5739145640832845, 'lag_23': 0.4132265957330663, 'lag_24': 0.16485727774767348, 'lag_25': 0.6103141337398043, 'lag_26': 0.10384934827274739, 'lag_27': 0.12442159706412044, 'lag_28': 0.536679622828796}. Best is trial 16 with value: 0.006140212903580585.
[I 2025-09-29 13:19:26,710] Trial 33 finished with value: 0.006649097705570502 and parameters: {'lag_0': 0.9768944712288048, 'lag_1': 0.8556838398650927, 'lag_2': 0.053110681036060814, 'lag_3': 0.19818402113169795, 'lag_4': 0.1788835578617124, 'lag_5': 0.5823043737246911, 'lag_6': 0.7649147576346726, 'lag_7': 0.07052651790416303, 'lag_8': 0.646670380054359, 'lag_9': 0.5919655522042128, 'lag_10': 0.6423653846772399, 'lag_11': 0.3165240903876861, 'lag_12': 0.7930158458541499, 'lag_13': 0.5930739916495633, 'lag_14': 0.7666839826398114, 'lag_15': 0.26588244296736085, 'lag_16': 0.2749227331634364, 'lag_17': 0.5046171032426476, 'lag_18': 0.04499433614437079, 'lag_19': 0.47441967302145294, 'lag_20': 0.5736079185239042, 'lag_21': 0.4701698669152877, 'lag_22': 0.7834065497391922, 'lag_23': 0.535997594395685, 'lag_24': 0.37274445093184383, 'lag_25': 0.7086816362428624, 'lag_26': 0.3377933036334398, 'lag_27': 0.17813052763905238, 'lag_28': 0.3388327306419875}. Best is trial 16 with value: 0.006140212903580585.
[I 2025-09-29 13:19:29,215] Trial 34 finished with value: 0.006579857579574513 and parameters: {'lag_0': 0.8126413248660533, 'lag_1': 0.9445507382197644, 'lag_2': 0.533207232394486, 'lag_3': 0.9033872292306392, 'lag_4': 0.26670116945832606, 'lag_5': 0.15635534951531097, 'lag_6': 0.4962378837667293, 'lag_7': 0.2570358571506548, 'lag_8': 0.7785776533903132, 'lag_9': 0.09975318325677632, 'lag_10': 0.7525497699942989, 'lag_11': 0.5372676178848653, 'lag_12': 0.05076012704819273, 'lag_13': 0.675874025808161, 'lag_14': 0.9195858378386577, 'lag_15': 0.3383856678854583, 'lag_16': 0.5358111559851662, 'lag_17': 0.39635657247129247, 'lag_18': 0.2221090778987383, 'lag_19': 0.008311679852477591, 'lag_20': 0.49379248491350464, 'lag_21': 0.8625124189511315, 'lag_22': 0.9460028733605292, 'lag_23': 0.7500657145542271, 'lag_24': 0.2058453686404781, 'lag_25': 0.5432972737818826, 'lag_26': 0.23511249208689905, 'lag_27': 0.3145643407983767, 'lag_28': 0.479839902595855}. Best is trial 16 with value: 0.006140212903580585.
[I 2025-09-29 13:19:31,711] Trial 35 finished with value: 0.006530224571918372 and parameters: {'lag_0': 0.9204738996795385, 'lag_1': 0.7940723928032262, 'lag_2': 0.6955624640998264, 'lag_3': 0.7094350802376825, 'lag_4': 0.54359834013933, 'lag_5': 0.7975788054287681, 'lag_6': 0.8403659725465984, 'lag_7': 0.15392590135245982, 'lag_8': 0.8914141649458229, 'lag_9': 0.45892210377020093, 'lag_10': 0.47962951772271195, 'lag_11': 0.6040687906430907, 'lag_12': 0.6683829052492313, 'lag_13': 0.1756881989908645, 'lag_14': 0.4765968872536728, 'lag_15': 0.560631783591937, 'lag_16': 0.38922369317424504, 'lag_17': 0.3352635038087305, 'lag_18': 0.14586191626621844, 'lag_19': 0.2276014268293059, 'lag_20': 0.25109951570701566, 'lag_21': 0.01666854590971452, 'lag_22': 0.5104642318069691, 'lag_23': 0.6384939859367398, 'lag_24': 0.012411037034521677, 'lag_25': 0.6766887616351247, 'lag_26': 0.3762025593358409, 'lag_27': 0.06309664177012661, 'lag_28': 0.2445412189703095}. Best is trial 16 with value: 0.006140212903580585.
[I 2025-09-29 13:19:34,217] Trial 36 finished with value: 0.00660300570633984 and parameters: {'lag_0': 0.5878446362930245, 'lag_1': 0.4768179279813942, 'lag_2': 0.9327960418151874, 'lag_3': 0.565067702642684, 'lag_4': 0.7234005590468198, 'lag_5': 0.462937627037433, 'lag_6': 0.4453182139413577, 'lag_7': 0.054524098945542554, 'lag_8': 0.9478349164770292, 'lag_9': 0.3887918291396516, 'lag_10': 0.9104799156675965, 'lag_11': 0.696371712483857, 'lag_12': 0.28477181091077486, 'lag_13': 0.44439686189163313, 'lag_14': 0.7671778869741843, 'lag_15': 0.3838577832079166, 'lag_16': 0.5764793490998099, 'lag_17': 0.6064493462947675, 'lag_18': 0.452760009105146, 'lag_19': 0.1671974840512455, 'lag_20': 0.43495118884718165, 'lag_21': 0.2030518594831047, 'lag_22': 0.47352988899000575, 'lag_23': 0.007984148746277231, 'lag_24': 0.09325525102652615, 'lag_25': 0.9414470441040992, 'lag_26': 0.09819077504011625, 'lag_27': 0.2027073887575631, 'lag_28': 0.3550092429906613}. Best is trial 16 with value: 0.006140212903580585.
[I 2025-09-29 13:19:36,738] Trial 37 finished with value: 0.006458586066090964 and parameters: {'lag_0': 0.7003485265597554, 'lag_1': 0.6639960271465344, 'lag_2': 0.2926099584916154, 'lag_3': 0.45825011288581385, 'lag_4': 0.08759587100420384, 'lag_5': 0.3227732115607975, 'lag_6': 0.33878115829689615, 'lag_7': 0.21222024452571986, 'lag_8': 0.8080219283110891, 'lag_9': 0.8002328615059988, 'lag_10': 0.7961788401102899, 'lag_11': 0.22801924706214233, 'lag_12': 0.13715766911270483, 'lag_13': 0.32015482976469417, 'lag_14': 0.6786973243863034, 'lag_15': 0.6608904096193395, 'lag_16': 0.451710546976868, 'lag_17': 0.46128859349932116, 'lag_18': 0.9821160765853141, 'lag_19': 0.41178757141564504, 'lag_20': 0.7120508760682446, 'lag_21': 0.38138311164901234, 'lag_22': 0.12224029735105597, 'lag_23': 0.40824299454537183, 'lag_24': 0.41400531642374794, 'lag_25': 0.8089189396304087, 'lag_26': 0.46283028165548895, 'lag_27': 0.39314591570914437, 'lag_28': 0.6238241411315827}. Best is trial 16 with value: 0.006140212903580585.
[I 2025-09-29 13:19:39,242] Trial 38 finished with value: 0.006911770112210223 and parameters: {'lag_0': 0.06654618723017558, 'lag_1': 0.214143366389504, 'lag_2': 0.19710453219709267, 'lag_3': 0.34285216362170756, 'lag_4': 0.9681696781588098, 'lag_5': 0.5378013300061628, 'lag_6': 0.5424301171708863, 'lag_7': 0.38043416243550354, 'lag_8': 0.5388209454032343, 'lag_9': 0.23762159733954813, 'lag_10': 0.5665164278241203, 'lag_11': 0.49307166712454004, 'lag_12': 0.8085949811054206, 'lag_13': 0.7743894560754717, 'lag_14': 0.8105975574495037, 'lag_15': 0.45447339181401475, 'lag_16': 0.3705222358734842, 'lag_17': 0.19803297937326475, 'lag_18': 0.3217533077532238, 'lag_19': 0.0978970612889421, 'lag_20': 0.3703934783700674, 'lag_21': 0.8129356938997012, 'lag_22': 0.3759539356038727, 'lag_23': 0.1358017456861646, 'lag_24': 0.08252943539281744, 'lag_25': 0.5784586856721473, 'lag_26': 0.5393822985108679, 'lag_27': 0.5013890250196541, 'lag_28': 0.17386737524172347}. Best is trial 16 with value: 0.006140212903580585.
[I 2025-09-29 13:19:41,742] Trial 39 finished with value: 0.006848109890430479 and parameters: {'lag_0': 0.8704736526682544, 'lag_1': 0.9548242112098524, 'lag_2': 0.5828184332059554, 'lag_3': 0.09045750906026191, 'lag_4': 0.19353149752036358, 'lag_5': 0.06347750183880263, 'lag_6': 0.8251408186483792, 'lag_7': 0.566777537743755, 'lag_8': 0.6726269890998436, 'lag_9': 0.5089060484331606, 'lag_10': 0.7374500989572769, 'lag_11': 0.7370189513845855, 'lag_12': 0.3714752938286094, 'lag_13': 0.670068124918207, 'lag_14': 0.5575960223534756, 'lag_15': 0.14921328164076464, 'lag_16': 0.2810380269118866, 'lag_17': 0.15815113219928628, 'lag_18': 0.2444261318551819, 'lag_19': 0.32388248359574817, 'lag_20': 0.01638033065667832, 'lag_21': 0.5102723076714302, 'lag_22': 0.5641650645044433, 'lag_23': 0.37296913162698325, 'lag_24': 0.20206349481303748, 'lag_25': 0.7262514754588074, 'lag_26': 0.8870301844686634, 'lag_27': 0.3076440102404264, 'lag_28': 0.8005382178958809}. Best is trial 16 with value: 0.006140212903580585.
