[I 2025-09-29 13:21:44,006] Trial 82 finished with value: 0.010166810120449848 and parameters: {'lag_0': 0.37883974372349166, 'lag_1': 0.03962595133026911, 'lag_2': 0.9099145200699201, 'lag_3': 0.15100543629234475, 'lag_4': 0.11752644247736306, 'lag_5': 0.2136665102431239, 'lag_6': 0.48177493155550966, 'lag_7': 0.5549007626752221, 'lag_8': 0.4638752875630081, 'lag_9': 0.8177946317355165, 'lag_10': 0.07523319018506357, 'lag_11': 0.16946523423254636, 'lag_12': 0.8167409504707471, 'lag_13': 0.8234896284319526, 'lag_14': 0.9191016245271973, 'lag_15': 0.9141602495051514, 'lag_16': 0.9723273213245455, 'lag_17': 0.48052402471932787, 'lag_18': 0.9557504811590264, 'lag_19': 0.6178509054801855, 'lag_20': 0.33781647266384884, 'lag_21': 0.8114788222326711, 'lag_22': 0.21561545269752833, 'lag_23': 0.27705782801792167, 'lag_24': 0.8155811368657764, 'lag_25': 0.01773375273237207, 'lag_26': 0.04943621153407353, 'lag_27': 0.17755635456301067, 'lag_28': 0.6881161332276635}. Best is trial 29 with value: 0.008557185393919572.
[I 2025-09-29 13:21:46,644] Trial 83 finished with value: 0.009306388897500618 and parameters: {'lag_0': 0.9989369514056348, 'lag_1': 0.13606426217682227, 'lag_2': 0.9281014075682604, 'lag_3': 0.17583023993279848, 'lag_4': 0.21139607843101432, 'lag_5': 0.540188613576751, 'lag_6': 0.22203414581407904, 'lag_7': 0.4206363362001995, 'lag_8': 0.0014998494370892616, 'lag_9': 0.867674154076084, 'lag_10': 0.2613817275255517, 'lag_11': 0.44026735115765114, 'lag_12': 0.5346728403692391, 'lag_13': 0.9643363623066816, 'lag_14': 0.9629425229431445, 'lag_15': 0.9909744758881176, 'lag_16': 0.8763146662167319, 'lag_17': 0.5135858161181917, 'lag_18': 0.8923676195361767, 'lag_19': 0.5869393959956094, 'lag_20': 0.4304466306475192, 'lag_21': 0.47910938048513957, 'lag_22': 0.1883154033173431, 'lag_23': 0.13493064318247572, 'lag_24': 0.8933733834881126, 'lag_25': 0.06702054890095759, 'lag_26': 0.13432527915643122, 'lag_27': 0.14596770833495118, 'lag_28': 0.7305669143892588}. Best is trial 29 with value: 0.008557185393919572.
[I 2025-09-29 13:21:49,280] Trial 84 finished with value: 0.009232066905363415 and parameters: {'lag_0': 0.45985813578103546, 'lag_1': 0.0947448252689027, 'lag_2': 0.9763580058022063, 'lag_3': 0.24781326047942634, 'lag_4': 0.16239669314392247, 'lag_5': 0.30488275661016473, 'lag_6': 0.5274254369908082, 'lag_7': 0.5943248921108415, 'lag_8': 0.6013258956990145, 'lag_9': 0.9156605047566306, 'lag_10': 0.4470704230520239, 'lag_11': 0.026542131483681675, 'lag_12': 0.8699095657561091, 'lag_13': 0.4112669435044713, 'lag_14': 0.86598888698209, 'lag_15': 0.8719596510028508, 'lag_16': 0.7963584322452463, 'lag_17': 0.03668049832577219, 'lag_18': 0.9896883902038922, 'lag_19': 0.6626368911037466, 'lag_20': 0.2671443773803545, 'lag_21': 0.5316915613406809, 'lag_22': 0.2714533055863595, 'lag_23': 0.40272132045535586, 'lag_24': 0.7823831328950089, 'lag_25': 0.1406674096677456, 'lag_26': 0.0838471100178726, 'lag_27': 0.0599541512919554, 'lag_28': 0.6369804721488632}. Best is trial 29 with value: 0.008557185393919572.
[I 2025-09-29 13:21:51,914] Trial 85 finished with value: 0.009830189071804097 and parameters: {'lag_0': 0.9242909104722746, 'lag_1': 0.2219205140185899, 'lag_2': 0.837138567853852, 'lag_3': 0.33634098057452066, 'lag_4': 0.0946594098004358, 'lag_5': 0.24837573302095137, 'lag_6': 0.367449760870366, 'lag_7': 0.7198983808799787, 'lag_8': 0.5483160038180936, 'lag_9': 0.5971421762141702, 'lag_10': 0.29990168393976635, 'lag_11': 0.9651011664311246, 'lag_12': 0.9024901747751322, 'lag_13': 0.9246089961449158, 'lag_14': 0.660179520216159, 'lag_15': 0.7720409776415275, 'lag_16': 0.9184791439923231, 'lag_17': 0.3582753521036194, 'lag_18': 0.9555522119346775, 'lag_19': 0.6996525568839469, 'lag_20': 0.4955978308408468, 'lag_21': 0.73302793919672, 'lag_22': 0.37623105096638204, 'lag_23': 0.8975548024187592, 'lag_24': 0.6851152884491567, 'lag_25': 0.11362004978229356, 'lag_26': 0.17795049672788807, 'lag_27': 0.08645966666738136, 'lag_28': 0.5480386708506698}. Best is trial 29 with value: 0.008557185393919572.
[I 2025-09-29 13:21:54,551] Trial 86 finished with value: 0.00886650593891595 and parameters: {'lag_0': 0.11741702977618834, 'lag_1': 0.3423617904002041, 'lag_2': 0.9443998385238974, 'lag_3': 0.37804609166372277, 'lag_4': 0.35205498877679087, 'lag_5': 0.008587245314535447, 'lag_6': 0.7519700936499292, 'lag_7': 0.8316988584972345, 'lag_8': 0.5787356522425644, 'lag_9': 0.5157612769531187, 'lag_10': 0.018935758719411222, 'lag_11': 0.11844788476894583, 'lag_12': 0.5806470621554211, 'lag_13': 0.8872314945370144, 'lag_14': 0.8080267255750773, 'lag_15': 0.7039919508867332, 'lag_16': 0.9406501111592074, 'lag_17': 0.4489971611175243, 'lag_18': 0.2996917954062571, 'lag_19': 0.5152051641347959, 'lag_20': 0.3641634045101628, 'lag_21': 0.3947912355811405, 'lag_22': 0.1146083425776228, 'lag_23': 0.21373555313517542, 'lag_24': 0.8611390925285877, 'lag_25': 0.17725887136933283, 'lag_26': 0.6910667688957838, 'lag_27': 0.20668716595872955, 'lag_28': 0.012904409200572398}. Best is trial 29 with value: 0.008557185393919572.
[I 2025-09-29 13:21:57,194] Trial 87 finished with value: 0.009510269651433314 and parameters: {'lag_0': 0.11506593011134703, 'lag_1': 0.33755803765066644, 'lag_2': 0.9456679654732477, 'lag_3': 0.3948329024645517, 'lag_4': 0.2347095142531832, 'lag_5': 0.42394553753414854, 'lag_6': 0.4311583065006851, 'lag_7': 0.8225267057329257, 'lag_8': 0.5192207214202246, 'lag_9': 0.5102029821252301, 'lag_10': 0.01251592750235885, 'lag_11': 0.13637947782209608, 'lag_12': 0.5754710755308543, 'lag_13': 0.8511341659166114, 'lag_14': 0.8280713358151559, 'lag_15': 0.7160270983537738, 'lag_16': 0.9422429310375886, 'lag_17': 0.6274621886223173, 'lag_18': 0.28334708693504096, 'lag_19': 0.5067566485605853, 'lag_20': 0.36619208061181696, 'lag_21': 0.5097049774321206, 'lag_22': 0.090180904058391, 'lag_23': 0.22268478822210375, 'lag_24': 0.856720987690303, 'lag_25': 0.2153851747397163, 'lag_26': 0.797868505316031, 'lag_27': 0.26591389359089457, 'lag_28': 0.016043316723528434}. Best is trial 29 with value: 0.008557185393919572.
[I 2025-09-29 13:21:59,837] Trial 88 finished with value: 0.008920210850084867 and parameters: {'lag_0': 0.031864822812627355, 'lag_1': 0.634427108960345, 'lag_2': 0.26231816294302357, 'lag_3': 0.3775085080433322, 'lag_4': 0.3605347726731472, 'lag_5': 0.01831950768865137, 'lag_6': 0.7670946298468164, 'lag_7': 0.9414555620004771, 'lag_8': 0.5606178902070489, 'lag_9': 0.4655706350835439, 'lag_10': 0.18815327644410829, 'lag_11': 0.11325100950908089, 'lag_12': 0.517031479031468, 'lag_13': 0.7891893399008642, 'lag_14': 0.7988150278333916, 'lag_15': 0.9149697878041391, 'lag_16': 0.8434756763841603, 'lag_17': 0.5944861599470116, 'lag_18': 0.3042289774357143, 'lag_19': 0.5541646924388761, 'lag_20': 0.4134872230684689, 'lag_21': 0.4511451719774466, 'lag_22': 0.1252180909587433, 'lag_23': 0.2453475632951459, 'lag_24': 0.9511390130144455, 'lag_25': 0.16853188539709904, 'lag_26': 0.655332093431279, 'lag_27': 0.20552785699311382, 'lag_28': 0.003446727061395382}. Best is trial 29 with value: 0.008557185393919572.
[I 2025-09-29 13:22:02,471] Trial 89 finished with value: 0.009180747978124744 and parameters: {'lag_0': 0.04806747489215678, 'lag_1': 0.37326362605317875, 'lag_2': 0.42793241508399693, 'lag_3': 0.4245232692557348, 'lag_4': 0.3652367803306421, 'lag_5': 0.008351878835057133, 'lag_6': 0.7553579000685209, 'lag_7': 0.9808746425888069, 'lag_8': 0.5678843450380884, 'lag_9': 0.45978095205117225, 'lag_10': 0.08884053967138869, 'lag_11': 0.12217255586758835, 'lag_12': 0.6810442735537436, 'lag_13': 0.7655821904861202, 'lag_14': 0.7448076236606013, 'lag_15': 0.9309565291546176, 'lag_16': 0.8424341211583637, 'lag_17': 0.6730763029091438, 'lag_18': 0.2994538338513796, 'lag_19': 0.5494936892664896, 'lag_20': 0.4293540093603037, 'lag_21': 0.38237520278692405, 'lag_22': 0.12451166740375275, 'lag_23': 0.30288666796732294, 'lag_24': 0.9283632934559742, 'lag_25': 0.17439818247271344, 'lag_26': 0.7280373683911836, 'lag_27': 0.19791270366197897, 'lag_28': 0.08623812696006274}. Best is trial 29 with value: 0.008557185393919572.
[I 2025-09-29 13:22:05,221] Trial 90 finished with value: 0.009663285605462752 and parameters: {'lag_0': 0.015265965880567035, 'lag_1': 0.5529400970450248, 'lag_2': 0.1418463855554968, 'lag_3': 0.3777293159199373, 'lag_4': 0.4142937817109177, 'lag_5': 0.05875141721910265, 'lag_6': 0.28347117087678997, 'lag_7': 0.8720382845819692, 'lag_8': 0.4194569319537529, 'lag_9': 0.4851803850171089, 'lag_10': 0.1892127750158663, 'lag_11': 0.10091551409842887, 'lag_12': 0.4825941237520676, 'lag_13': 0.785661955539329, 'lag_14': 0.9103898648682431, 'lag_15': 0.8213350887619423, 'lag_16': 0.42584726604854545, 'lag_17': 0.5978382911660518, 'lag_18': 0.33719775601984836, 'lag_19': 0.4757692294889969, 'lag_20': 0.3682488118615051, 'lag_21': 0.43646476599858375, 'lag_22': 0.16981108499004594, 'lag_23': 0.36517535867786977, 'lag_24': 0.9834859679560417, 'lag_25': 0.14061402450716695, 'lag_26': 0.6901551035143333, 'lag_27': 0.20995534463904897, 'lag_28': 0.05571271718776011}. Best is trial 29 with value: 0.008557185393919572.
[I 2025-09-29 13:22:07,864] Trial 91 finished with value: 0.009336743697518378 and parameters: {'lag_0': 0.05947310262557515, 'lag_1': 0.6422465382522725, 'lag_2': 0.19230849187746613, 'lag_3': 0.36473912854222956, 'lag_4': 0.30635318355970487, 'lag_5': 0.12012128191834412, 'lag_6': 0.6610256751720236, 'lag_7': 0.9578481665703589, 'lag_8': 0.5904596547708838, 'lag_9': 0.5414761513509085, 'lag_10': 0.03208513410792885, 'lag_11': 0.17097775470975135, 'lag_12': 0.5044843578696028, 'lag_13': 0.8897061391771189, 'lag_14': 0.8110411355338074, 'lag_15': 0.9066841848906183, 'lag_16': 0.9037166755892578, 'lag_17': 0.5463186680390806, 'lag_18': 0.19435643415174986, 'lag_19': 0.5766544867537526, 'lag_20': 0.4607299198920128, 'lag_21': 0.46024488899317156, 'lag_22': 0.03689046249710347, 'lag_23': 0.2104216067148434, 'lag_24': 0.9556421555286008, 'lag_25': 0.23769736957652363, 'lag_26': 0.6727849258314219, 'lag_27': 0.12009256316361085, 'lag_28': 0.03759208621223095}. Best is trial 29 with value: 0.008557185393919572.
[I 2025-09-29 13:22:10,525] Trial 92 finished with value: 0.00970373181475088 and parameters: {'lag_0': 0.18108396950236466, 'lag_1': 0.712133975484324, 'lag_2': 0.0035761355392049943, 'lag_3': 0.4480296363044914, 'lag_4': 0.3505519044291088, 'lag_5': 0.023862258158742114, 'lag_6': 0.7771549947372758, 'lag_7': 0.9445278424429773, 'lag_8': 0.6667398185308337, 'lag_9': 0.37621880673951735, 'lag_10': 0.16968003087532654, 'lag_11': 0.024066087476071155, 'lag_12': 0.6059638245912099, 'lag_13': 0.9109805279706635, 'lag_14': 0.8768911075036241, 'lag_15': 0.9539291412641708, 'lag_16': 0.8769425117690932, 'lag_17': 0.5026976761956385, 'lag_18': 0.25899242741129586, 'lag_19': 0.6151753831840111, 'lag_20': 0.30690662903881893, 'lag_21': 0.5676561667310704, 'lag_22': 0.9746866490816782, 'lag_23': 0.2498809943108242, 'lag_24': 0.9942128991989206, 'lag_25': 0.26869731319028506, 'lag_26': 0.6411369311959731, 'lag_27': 0.24033640853944582, 'lag_28': 0.0833538526286815}. Best is trial 29 with value: 0.008557185393919572.
[I 2025-09-29 13:22:13,168] Trial 93 finished with value: 0.009430789599576583 and parameters: {'lag_0': 0.10340631966460945, 'lag_1': 0.5961896593915731, 'lag_2': 0.8827640543873462, 'lag_3': 0.22310218202442672, 'lag_4': 0.2827474133172273, 'lag_5': 0.5742576893103597, 'lag_6': 0.8161582947005942, 'lag_7': 0.8503840896634404, 'lag_8': 0.7221638944174222, 'lag_9': 0.42833417296446713, 'lag_10': 0.12963438302926467, 'lag_11': 0.22462992790604258, 'lag_12': 0.9502500269939743, 'lag_13': 0.8244674815662311, 'lag_14': 0.7931453905637871, 'lag_15': 0.555565302807622, 'lag_16': 0.9853019861761759, 'lag_17': 0.4535983455722894, 'lag_18': 0.4052481608742229, 'lag_19': 0.3945524817957376, 'lag_20': 0.3954737659355984, 'lag_21': 0.4926784898681035, 'lag_22': 0.13323280264632276, 'lag_23': 0.1258929933328291, 'lag_24': 0.9113450482537732, 'lag_25': 0.10048975324045964, 'lag_26': 0.5977243798493529, 'lag_27': 0.15440090874719362, 'lag_28': 0.02243273794736016}. Best is trial 29 with value: 0.008557185393919572.
[I 2025-09-29 13:22:15,810] Trial 94 finished with value: 0.009708660438350334 and parameters: {'lag_0': 0.3185659889393216, 'lag_1': 0.6813318233522597, 'lag_2': 0.9776009543471309, 'lag_3': 0.4103173432571607, 'lag_4': 0.3898718117744211, 'lag_5': 0.07633792233690011, 'lag_6': 0.6921861804705809, 'lag_7': 0.5116086060045714, 'lag_8': 0.6168638708915368, 'lag_9': 0.5684981019416935, 'lag_10': 0.2068847634748915, 'lag_11': 0.07014360277942028, 'lag_12': 0.5375740453865402, 'lag_13': 0.9539281632391619, 'lag_14': 0.7771240702242459, 'lag_15': 0.8682730350304938, 'lag_16': 0.9504921961569888, 'lag_17': 0.7452027491608917, 'lag_18': 0.32143476891824324, 'lag_19': 0.44513508255861406, 'lag_20': 0.4130206351275937, 'lag_21': 0.40193809851312773, 'lag_22': 0.1155450010048848, 'lag_23': 0.16715064848735572, 'lag_24': 0.8686882120762993, 'lag_25': 0.17098872067128518, 'lag_26': 0.5469881508945207, 'lag_27': 0.08906550876790842, 'lag_28': 0.4911730087081709}. Best is trial 29 with value: 0.008557185393919572.
[I 2025-09-29 13:22:18,447] Trial 95 finished with value: 0.009619969986714503 and parameters: {'lag_0': 0.08226559454571644, 'lag_1': 0.004256941235214362, 'lag_2': 0.2596619777760074, 'lag_3': 0.9347504482428179, 'lag_4': 0.18036699231153347, 'lag_5': 0.38227025343203097, 'lag_6': 0.7377523474505536, 'lag_7': 0.7900426499007577, 'lag_8': 0.49096549275962476, 'lag_9': 0.5066532896465671, 'lag_10': 0.05166205480316662, 'lag_11': 0.15119854912099553, 'lag_12': 0.5181730952934381, 'lag_13': 0.8665170809812736, 'lag_14': 0.937477804979492, 'lag_15': 0.785567436912928, 'lag_16': 0.9229922656597253, 'lag_17': 0.48605185513687543, 'lag_18': 0.9279014821677697, 'lag_19': 0.5265705596200317, 'lag_20': 0.5662248389670865, 'lag_21': 0.6393602925293445, 'lag_22': 0.07749500219391839, 'lag_23': 0.08726290934749031, 'lag_24': 0.833196913244341, 'lag_25': 0.073572935367107, 'lag_26': 0.004593762660466391, 'lag_27': 0.2955439452162218, 'lag_28': 0.11363455909386327}. Best is trial 29 with value: 0.008557185393919572.
[I 2025-09-29 13:22:21,078] Trial 96 finished with value: 0.009168455213720346 and parameters: {'lag_0': 0.0022338977635994045, 'lag_1': 0.28833040619024797, 'lag_2': 0.34179491383808647, 'lag_3': 0.3107326253277838, 'lag_4': 0.3150594914754586, 'lag_5': 0.6120662026791863, 'lag_6': 0.6148924056349542, 'lag_7': 0.9165936142750807, 'lag_8': 0.5365544049950085, 'lag_9': 0.6078442030110413, 'lag_10': 0.14021960520165105, 'lag_11': 0.5611290736949546, 'lag_12': 0.7358895971100821, 'lag_13': 0.9783801363860721, 'lag_14': 0.7089231133230598, 'lag_15': 0.9712410653036129, 'lag_16': 0.818799730747997, 'lag_17': 0.5623003799592371, 'lag_18': 0.3662497454679673, 'lag_19': 0.650675038359624, 'lag_20': 0.3609202586265381, 'lag_21': 0.4507890911440393, 'lag_22': 0.9997735055804201, 'lag_23': 0.33999214510888776, 'lag_24': 0.947448881093406, 'lag_25': 0.19236061299186252, 'lag_26': 0.7160648997848381, 'lag_27': 0.33936772196802684, 'lag_28': 0.8130193446411839}. Best is trial 29 with value: 0.008557185393919572.
[I 2025-09-29 13:22:23,721] Trial 97 finished with value: 0.009818739475451052 and parameters: {'lag_0': 0.1552999142306565, 'lag_1': 0.617284586591169, 'lag_2': 0.06904312812338498, 'lag_3': 0.19689162813845712, 'lag_4': 0.24991115696405664, 'lag_5': 0.5162664654742162, 'lag_6': 0.6491163576612703, 'lag_7': 0.7604093432421064, 'lag_8': 0.6472749513429065, 'lag_9': 0.6473460390142584, 'lag_10': 0.4175494013411568, 'lag_11': 0.04694216529173781, 'lag_12': 0.569426092603382, 'lag_13': 0.7553487588317036, 'lag_14': 0.9829241777955571, 'lag_15': 0.8434869371982061, 'lag_16': 0.5683594129015916, 'lag_17': 0.05328909527553071, 'lag_18': 0.23894803798809927, 'lag_19': 0.5957233638786187, 'lag_20': 0.5155102485828135, 'lag_21': 0.42267483905700326, 'lag_22': 0.1540790748047015, 'lag_23': 0.2450101279476477, 'lag_24': 0.8971039676642536, 'lag_25': 0.3252345440640726, 'lag_26': 0.7017768621139565, 'lag_27': 0.22302583365421189, 'lag_28': 0.0012272059500255117}. Best is trial 29 with value: 0.008557185393919572.
[I 2025-09-29 13:22:26,361] Trial 98 finished with value: 0.009298915183214285 and parameters: {'lag_0': 0.9628732210554551, 'lag_1': 0.75344715298802, 'lag_2': 0.9382880384588776, 'lag_3': 0.11803866916927575, 'lag_4': 0.14141284604310508, 'lag_5': 0.13151957782624385, 'lag_6': 0.7185381550802492, 'lag_7': 0.8292855083506178, 'lag_8': 0.5686225311170306, 'lag_9': 0.5199675281640637, 'lag_10': 0.10756300836961354, 'lag_11': 0.11092222300366734, 'lag_12': 0.42593099799985723, 'lag_13': 0.7936050055866095, 'lag_14': 0.20271643914615137, 'lag_15': 0.8959594005735789, 'lag_16': 0.47742230002749086, 'lag_17': 0.4435044011516717, 'lag_18': 0.3088445433389303, 'lag_19': 0.5028135051506575, 'lag_20': 0.4582402574970177, 'lag_21': 0.9747422736878059, 'lag_22': 0.23032961132701468, 'lag_23': 0.31694988449823513, 'lag_24': 0.16824195866933112, 'lag_25': 0.037316060029339806, 'lag_26': 0.7596202463578777, 'lag_27': 0.18167962647268748, 'lag_28': 0.04522197252209509}. Best is trial 29 with value: 0.008557185393919572.
[I 2025-09-29 13:22:29,006] Trial 99 finished with value: 0.009813970936902611 and parameters: {'lag_0': 0.21457747109148562, 'lag_1': 0.3936091690260063, 'lag_2': 0.9974628002483084, 'lag_3': 0.2858923274857116, 'lag_4': 0.6969106627510084, 'lag_5': 0.6345808382561318, 'lag_6': 0.5891229468378547, 'lag_7': 0.9254020859535222, 'lag_8': 0.8548387201292459, 'lag_9': 0.2868989182496303, 'lag_10': 0.2451672966655376, 'lag_11': 0.0874758494441121, 'lag_12': 0.4647138986901185, 'lag_13': 0.7170810654733992, 'lag_14': 0.8380648374893364, 'lag_15': 0.09879440911597101, 'lag_16': 0.8565925097047695, 'lag_17': 0.5868103989703051, 'lag_18': 0.27516968093631977, 'lag_19': 0.7333405444881094, 'lag_20': 0.99709968547586, 'lag_21': 0.506113445402055, 'lag_22': 0.27721553933576754, 'lag_23': 0.2741292476115178, 'lag_24': 0.21417384106590479, 'lag_25': 0.23276668928031571, 'lag_26': 0.6420669630753874, 'lag_27': 0.03340698289698077, 'lag_28': 0.232896080222404}. Best is trial 29 with value: 0.008557185393919572.
[I 2025-09-29 13:22:29,078] A new study created in memory with name: no-name-03db2ad6-e145-4585-9d76-147c8330423c
[I 2025-09-29 13:22:31,579] Trial 0 finished with value: 0.007782701371449619 and parameters: {'lag_0': 0.1448510461803929, 'lag_1': 0.5522952610122844, 'lag_2': 0.6591108744263229, 'lag_3': 0.44147061570594986, 'lag_4': 0.20875548467509214, 'lag_5': 0.21627965781289207, 'lag_6': 0.9783184050115686, 'lag_7': 0.6990222358514376, 'lag_8': 0.7618541224940644, 'lag_9': 0.43286681619427364, 'lag_10': 0.2846340445562586, 'lag_11': 0.797476687709732, 'lag_12': 0.8069782591247224, 'lag_13': 0.009049768494521925, 'lag_14': 0.2837295675672972, 'lag_15': 0.7220338902308957, 'lag_16': 0.613522689724917, 'lag_17': 0.914477798137642, 'lag_18': 0.929079071463506, 'lag_19': 0.340987105923662, 'lag_20': 0.15110385743757768, 'lag_21': 0.810364759740996, 'lag_22': 0.21076106958109317, 'lag_23': 0.9518682663819019, 'lag_24': 0.30169359297801296, 'lag_25': 0.5600634633308107, 'lag_26': 0.32808869382650585, 'lag_27': 0.651152050696232, 'lag_28': 0.633403906821991}. Best is trial 0 with value: 0.007782701371449619.
[I 2025-09-29 13:22:34,215] Trial 1 finished with value: 0.007601847542106174 and parameters: {'lag_0': 0.5926832596094085, 'lag_1': 0.6409392708270045, 'lag_2': 0.9500739894100736, 'lag_3': 0.8203602121297756, 'lag_4': 0.6240680753096084, 'lag_5': 0.31594537794395117, 'lag_6': 0.9741432556076142, 'lag_7': 0.8597374595808572, 'lag_8': 0.439609970745381, 'lag_9': 0.1996494118488953, 'lag_10': 0.9766401026603143, 'lag_11': 0.20322646821877535, 'lag_12': 0.26600915723508856, 'lag_13': 0.9524304081852409, 'lag_14': 0.4415838052089941, 'lag_15': 0.01680713399402942, 'lag_16': 0.6431308963269072, 'lag_17': 0.6243593282042876, 'lag_18': 0.5479383584681307, 'lag_19': 0.6496296164011833, 'lag_20': 0.026263497150919073, 'lag_21': 0.5336246361361281, 'lag_22': 0.5301266027697636, 'lag_23': 0.9076383189858561, 'lag_24': 0.7540986417374116, 'lag_25': 0.9522058203917395, 'lag_26': 0.049261641767443326, 'lag_27': 0.6828404010491115, 'lag_28': 0.5569011356330095}. Best is trial 1 with value: 0.007601847542106174.
[I 2025-09-29 13:22:36,719] Trial 2 finished with value: 0.007614373567214466 and parameters: {'lag_0': 0.18767629051187745, 'lag_1': 0.39151657320588035, 'lag_2': 0.4627430824392303, 'lag_3': 0.6815381952745384, 'lag_4': 0.6456481039595904, 'lag_5': 0.9380957491414558, 'lag_6': 0.23726611953141516, 'lag_7': 0.5961527930296171, 'lag_8': 0.45752121765136455, 'lag_9': 0.8774091554174088, 'lag_10': 0.2822284064502156, 'lag_11': 0.4486600735178448, 'lag_12': 0.011848275451201751, 'lag_13': 0.7859071532668521, 'lag_14': 0.2774542993807684, 'lag_15': 0.6523949415294007, 'lag_16': 0.08912514869715985, 'lag_17': 0.3146792759215908, 'lag_18': 0.13870035408006529, 'lag_19': 0.888767081248793, 'lag_20': 0.1058971663663665, 'lag_21': 0.864421747463915, 'lag_22': 0.9889414383957198, 'lag_23': 0.18412767973348973, 'lag_24': 0.29169984686675676, 'lag_25': 0.39574436081140724, 'lag_26': 0.6126317404887881, 'lag_27': 0.9604173580328897, 'lag_28': 0.1346630014330554}. Best is trial 1 with value: 0.007601847542106174.
