[I 2025-10-03 11:36:55,614] Trial 29 finished with values: [0.07339865257686126, 0.0037003790175668245, 0.010126231963537586, 0.0038697809860866053, 0.003552805644850154, 0.003537527077684484, 0.001517903598690351, 0.0009541483947803645, 0.00031866578671560264, 0.0012241251276652253, 0.00013398656215581555, 0.0002529877670519755, 0.002503050129943141, 0.033885028508538195, 0.0, 0.010945037346864476, 0.011401749897828899, 0.003586329231645635, 0.0007358135001278285, 0.00030231771727812055, 0.00016238882886401027, 0.00015073476568562617, 0.00017427688512838135, 0.00010811442688240856, 0.0001487330989894203, 8.983661801725007e-05, 0.0005956821552275378, 0.0009212365987830139, 0.0005836639842773583] and parameters: {'lag_0': 0.8412329388126449, 'lag_1': 0.5887991456176829, 'lag_2': 0.47657657630033823, 'lag_3': 0.06799227222010638, 'lag_4': 0.5532010372179152, 'lag_5': 0.22254125416155265, 'lag_6': 0.2296887155720099, 'lag_7': 0.06825055574939767, 'lag_8': 0.844867531461504, 'lag_9': 0.45694770545170116, 'lag_10': 0.8214009185278763, 'lag_11': 0.7051767464752128, 'lag_12': 0.2578407992934041, 'lag_13': 0.1931769418734448, 'lag_14': 0.6024601588827411, 'lag_15': 0.4759069538003938, 'lag_16': 0.921462398386875, 'lag_17': 0.15904437449821052, 'lag_18': 0.18813898528653486, 'lag_19': 0.3217297195523779, 'lag_20': 0.5683144443545276, 'lag_21': 0.8039878874153048, 'lag_22': 0.26199950261897675, 'lag_23': 0.6283513298127479, 'lag_24': 0.5514592557618622, 'lag_25': 0.2769526803615191, 'lag_26': 0.22692807452913813, 'lag_27': 0.2977020999678234, 'lag_28': 0.028171849787167445}.
[I 2025-10-03 11:36:58,291] Trial 30 finished with values: [0.04071682440844731, 0.005478733167728294, 0.008120704736241127, 0.0055863493401130645, 0.004115530278525787, 0.003016511783590538, 0.0009992049191965432, 0.0010921150266665323, 0.0007542864890668202, 0.00039512509578650565, 0.00028832676604946214, 0.00027057939925792215, 0.0024787606243226483, 0.033142451609202074, 0.0, 0.012251434269067541, 0.011424965774446065, 0.0034590263566643157, 0.0006396187248500987, 0.0006078272914528278, 9.555872346568727e-05, 0.0003817449813723118, 0.00010611713753920442, 0.00015154285691810706, 0.00025251469502560024, 0.00013136784003776322, 0.0006314139605606157, 0.0020949042615513733, 0.0015605551855934112] and parameters: {'lag_0': 0.6541397529750894, 'lag_1': 0.7672064740964287, 'lag_2': 0.10538170671727026, 'lag_3': 0.47546910987751556, 'lag_4': 0.4482532300027232, 'lag_5': 0.8724318410388702, 'lag_6': 0.786568746328711, 'lag_7': 0.15981494986736455, 'lag_8': 0.4609850759047022, 'lag_9': 0.10323525232410771, 'lag_10': 0.38870349513430136, 'lag_11': 0.05302613746728762, 'lag_12': 0.15922114544828694, 'lag_13': 0.866377196261916, 'lag_14': 0.42914874134278724, 'lag_15': 0.3670832391527301, 'lag_16': 0.41567528395717185, 'lag_17': 0.09937357658610267, 'lag_18': 0.24967034912215008, 'lag_19': 0.4495717421029246, 'lag_20': 0.33850241957636457, 'lag_21': 0.8108977177886685, 'lag_22': 0.8304742923787954, 'lag_23': 0.4831643471700757, 'lag_24': 0.8150265914901811, 'lag_25': 0.6938941147373581, 'lag_26': 0.7296356392591208, 'lag_27': 0.7224354910071834, 'lag_28': 0.8817077961677475}.
[I 2025-10-03 11:37:00,967] Trial 31 finished with values: [0.0670920995398457, 0.005292531457828259, 0.004789804829294751, 0.005709014513104042, 0.002670600634890666, 0.004760687701961227, 0.0022973523791241764, 0.0021797484142685075, 0.001033982621958089, 0.0005252796560807874, 0.00020764591676773612, 0.00018139253777434489, 0.002226864785284572, 0.03392082186499643, 0.0, 0.011689055018743424, 0.010740181823144814, 0.003641464908886498, 0.0008378765644025135, 0.0005176893355888139, 0.0002030103913154123, 0.0003027675894943479, 0.00012118813610126605, 0.000267277667251113, 9.756487112336092e-05, 0.00021906306853986535, 0.0010455972778763902, 0.0008151830422796026, 0.0012186697746999465] and parameters: {'lag_0': 0.598368378685648, 'lag_1': 0.48622488098199595, 'lag_2': 0.9079722729795568, 'lag_3': 0.5721695052455524, 'lag_4': 0.7099520584934695, 'lag_5': 0.5100643062813189, 'lag_6': 0.9963219406752746, 'lag_7': 0.3223220848599023, 'lag_8': 0.5087939446555519, 'lag_9': 0.010421698948696385, 'lag_10': 0.012302963987738343, 'lag_11': 0.4781306798640326, 'lag_12': 0.38839749199740614, 'lag_13': 0.2943668343811213, 'lag_14': 0.20741375832700584, 'lag_15': 0.2185320717210245, 'lag_16': 0.07861615376061207, 'lag_17': 0.059938521276216, 'lag_18': 0.27138924272422454, 'lag_19': 0.3774020848890099, 'lag_20': 0.9834483367782897, 'lag_21': 0.08405562997904927, 'lag_22': 0.45742927823448337, 'lag_23': 0.11207162027940908, 'lag_24': 0.6668539569468118, 'lag_25': 0.6491090350852136, 'lag_26': 0.3182059783157583, 'lag_27': 0.23880158914784924, 'lag_28': 0.23490281098904664}.
[I 2025-10-03 11:37:03,648] Trial 32 finished with values: [0.04248617116042765, 0.0029792515950735317, 0.007489999439277013, 0.0033367596203666534, 0.0008903862851504802, 0.0034040762200991275, 0.00026821512353825046, 0.0018588173267977226, 0.0004952666649478542, 0.0008998896924458618, 0.0001451303118340257, 0.00015284271490755388, 0.0026699761806676854, 0.03363836028337326, 0.0, 0.009149928113691207, 0.011518182403616925, 0.003216544404672125, 0.00047756788267463366, 0.0002785413746613142, 0.00015052998558332214, 0.00020635540310577505, 0.000285664051822182, 0.00043378396203476563, 0.00018686901064805523, 6.602006222907971e-05, 0.0005915557859331275, 0.000828764524359228, 0.0006510596652570348] and parameters: {'lag_0': 0.39567518243850536, 'lag_1': 0.4707249006127176, 'lag_2': 0.24832441304967157, 'lag_3': 0.26576521592940694, 'lag_4': 0.1139962861487987, 'lag_5': 0.5395290471014446, 'lag_6': 0.48279778452833166, 'lag_7': 0.41534807210944025, 'lag_8': 0.8015463465057051, 'lag_9': 0.8824276597054794, 'lag_10': 0.7135766396415577, 'lag_11': 0.4656667495722154, 'lag_12': 0.3362695466056106, 'lag_13': 0.8820869621879381, 'lag_14': 0.9975928485169863, 'lag_15': 0.009669421317860789, 'lag_16': 0.1323763750006466, 'lag_17': 0.1744326936227337, 'lag_18': 0.12453905670653613, 'lag_19': 0.07876915292719476, 'lag_20': 0.11979192317817908, 'lag_21': 0.9815869876780046, 'lag_22': 0.25810619797987505, 'lag_23': 0.2020941970246631, 'lag_24': 0.679137416759786, 'lag_25': 0.8242656361411308, 'lag_26': 0.32427645082444984, 'lag_27': 0.07729662141239267, 'lag_28': 0.6460670463629138}.
[I 2025-10-03 11:37:06,344] Trial 33 finished with values: [0.07421606648199446, 0.0031882505277088776, 0.011538027284540784, 0.006881357324876061, 0.0037080093956517617, 0.002574946767671776, 0.00042326252927678287, 0.0013007209742853896, 0.0003497045862653278, 0.0009544842292671718, 0.0001572301589600491, 0.00011758272817818873, 0.0018730280159839504, 0.030757189627897398, 0.0, 0.011544999292605945, 0.010659157716993339, 0.003684413586023827, 0.0008081035310702689, 0.0005050412004942902, 0.00012069972225806369, 0.0002288003235130278, 0.00037043519717264904, 0.0004347131850495737, 5.70054198988992e-05, 6.589408789154839e-05, 0.0004622180840497754, 0.0007580163622442106, 0.0028801822680925926] and parameters: {'lag_0': 0.5582437262767485, 'lag_1': 0.6284991986350572, 'lag_2': 0.5173146977866845, 'lag_3': 0.8070073324452564, 'lag_4': 0.7385013161011652, 'lag_5': 0.7471677049434773, 'lag_6': 0.40179297727194474, 'lag_7': 0.6735529777921679, 'lag_8': 0.1716704732021608, 'lag_9': 0.06624236317474785, 'lag_10': 0.8090331737501876, 'lag_11': 0.3543249165052395, 'lag_12': 0.06765755985755348, 'lag_13': 0.8188017392357613, 'lag_14': 0.19785032158804247, 'lag_15': 0.5361976788236947, 'lag_16': 0.10782963626813927, 'lag_17': 0.3115403941263643, 'lag_18': 0.5356756679374914, 'lag_19': 0.5923700084430404, 'lag_20': 0.774162211215528, 'lag_21': 0.9506547372302772, 'lag_22': 0.020958977742760728, 'lag_23': 0.7430035721285355, 'lag_24': 0.15454004928858492, 'lag_25': 0.8870968926845784, 'lag_26': 0.3512387932762733, 'lag_27': 0.7394737963176233, 'lag_28': 0.3435235453085589}.
[I 2025-10-03 11:37:09,027] Trial 34 finished with values: [0.05908286310317705, 0.0035846833853294007, 0.0040072477536386404, 0.0025364473445477014, 0.002382007238485784, 0.004685294216939313, 0.0007395460525590827, 0.0008527414991012559, 0.0005554237994924375, 0.0010501660451848825, 0.00020388501024668168, 0.0003682438893622529, 0.0016786647406766028, 0.03288601242089413, 0.0, 0.010606426265869067, 0.009712686071207587, 0.0034626552700739366, 0.0007364396768895622, 0.00041770905231507897, 4.367280574216537e-05, 0.0003936805727707721, 0.0002484067524543837, 0.0003008044181396153, 0.0002789786529501611, 0.00012440126927198164, 0.0006392992079746133, 0.0009634134888058147, 0.0008787429445041436] and parameters: {'lag_0': 0.1918568372552513, 'lag_1': 0.2674924927365455, 'lag_2': 0.14208585139774135, 'lag_3': 0.3104204428534012, 'lag_4': 0.6520411067124, 'lag_5': 0.5136502183055907, 'lag_6': 0.11875215541546164, 'lag_7': 0.7878919985902645, 'lag_8': 0.7731074374809215, 'lag_9': 0.7549608012225877, 'lag_10': 0.869991719454097, 'lag_11': 0.2992632613194761, 'lag_12': 0.6853586032473324, 'lag_13': 0.5979471269445017, 'lag_14': 0.35107401835014307, 'lag_15': 0.622935960132718, 'lag_16': 0.5333796900558886, 'lag_17': 0.0040623810191135, 'lag_18': 0.40908044619863615, 'lag_19': 0.41893288346816243, 'lag_20': 0.2555417984944014, 'lag_21': 0.685740471967723, 'lag_22': 0.47510651695684075, 'lag_23': 0.2521269681120413, 'lag_24': 0.9367796434459287, 'lag_25': 0.3125756274315831, 'lag_26': 0.9756963464166101, 'lag_27': 0.4637856257470648, 'lag_28': 0.4794472314487261}.
[I 2025-10-03 11:37:11,720] Trial 35 finished with values: [0.07733942174515236, 0.0017921483611852656, 0.00891593116349326, 0.002923649394953402, 0.0013630344522119451, 0.003753144373133864, 0.0011020548416302732, 0.0019523431517937198, 0.0007245780548716981, 0.0015526651818163065, 0.0003067834709926657, 0.00014258028906777626, 0.002573611306326586, 0.034675300198966905, 0.0, 0.013055253260353537, 0.011668865183077236, 0.00385819644083992, 0.0006746691599347993, 0.0003578115519350518, 2.426301505196453e-05, 0.0001730038294513204, 0.00016359177256994453, 0.00038343993875140285, 0.00032632490499547105, 0.00017744517112077213, 0.0008861384790329517, 0.0010338264178883709, 0.0005131388272888916] and parameters: {'lag_0': 0.8603681775959977, 'lag_1': 0.5480685521409971, 'lag_2': 0.9680642123167061, 'lag_3': 0.4708891232537772, 'lag_4': 0.028952542616320066, 'lag_5': 0.23668990661305594, 'lag_6': 0.4498060148390673, 'lag_7': 0.6072864080846068, 'lag_8': 0.5080702034735777, 'lag_9': 0.8795107956284384, 'lag_10': 0.8861182790128803, 'lag_11': 0.7256750042684594, 'lag_12': 0.7591424867294267, 'lag_13': 0.9032513087184276, 'lag_14': 0.18636312685151213, 'lag_15': 0.39962112170488623, 'lag_16': 0.9025157533940781, 'lag_17': 0.02121469255450924, 'lag_18': 0.13945544634403956, 'lag_19': 0.24205254098889825, 'lag_20': 0.1546397590187709, 'lag_21': 0.7307178164094961, 'lag_22': 0.6138572276123374, 'lag_23': 0.6038188522896863, 'lag_24': 0.9069146175700555, 'lag_25': 0.6399169275444409, 'lag_26': 0.1271232721651146, 'lag_27': 0.14320474402045053, 'lag_28': 0.4073624245627135}.
[I 2025-10-03 11:37:14,423] Trial 36 finished with values: [0.08379501385041552, 0.004608579738147584, 0.0061284085742084075, 0.004951333121585131, 0.0021284307770953912, 0.006153674736849734, 0.0004348851901196537, 0.0017943949189539565, 0.0001827027191548989, 0.0014438161835437766, 0.00038305998526571574, 0.00036432611913377153, 0.0020316962288946224, 0.02892472060310547, 0.0, 0.01502609776844439, 0.011113846965703635, 0.0038486606515985163, 0.0005871806708136699, 0.0005942296444217253, 6.84157537337432e-05, 0.00015987101071568264, 0.0003224223168664289, 0.00023615753924334412, 7.876631656607851e-05, 0.00015258089948974176, 0.0007945447176683814, 0.0008870986417909548, 0.0003585509862154322] and parameters: {'lag_0': 0.1612288677344102, 'lag_1': 0.37100852468317613, 'lag_2': 0.36639340134807363, 'lag_3': 0.20181517684491354, 'lag_4': 0.798189897029941, 'lag_5': 0.11134978167218429, 'lag_6': 0.4608639825981192, 'lag_7': 0.4960890069938956, 'lag_8': 0.04977289209496994, 'lag_9': 0.2692702674269273, 'lag_10': 0.7433325887203518, 'lag_11': 0.45719001117007024, 'lag_12': 0.4484604661834504, 'lag_13': 0.007094633831313866, 'lag_14': 0.3992140641532927, 'lag_15': 0.019872266323202662, 'lag_16': 0.9569439651086569, 'lag_17': 0.2399216983132698, 'lag_18': 0.44393708928302433, 'lag_19': 0.06390755500563378, 'lag_20': 0.5171825063514419, 'lag_21': 0.875004073631715, 'lag_22': 0.956576728621322, 'lag_23': 0.6514626530688702, 'lag_24': 0.312443369345932, 'lag_25': 0.5710867287058771, 'lag_26': 0.7912392249373993, 'lag_27': 0.9512854113507613, 'lag_28': 0.9972499332600074}.
[I 2025-10-03 11:37:17,103] Trial 37 finished with values: [0.08379501385041552, 0.00443182793026147, 0.011992569460838282, 0.0064147551919037996, 0.0020169008425946666, 0.004624320182231951, 0.0006728511980332767, 0.0017512150949581882, 0.000448618150832586, 0.0014735192062359317, 0.00032136047153494675, 6.524494031167903e-05, 0.0021151072547434735, 0.030488771860981135, 0.0, 0.009484861241672733, 0.008888862796996593, 0.0044038586459308245, 0.0007582574472629267, 0.0005535765994873755, 0.0002164310786774228, 0.0004730203881936448, 0.00013849933262942099, 0.00026270772504568445, 0.0001363997939836916, 0.00037835568392889294, 0.0010267576424658534, 0.0004915587448425147, 0.00235056243458446] and parameters: {'lag_0': 0.14777017039835874, 'lag_1': 0.22454397773205453, 'lag_2': 0.43478986928764524, 'lag_3': 0.017469119218706752, 'lag_4': 0.2890631413395169, 'lag_5': 0.9365999241362889, 'lag_6': 0.8768780487352374, 'lag_7': 0.8292374189810655, 'lag_8': 0.004647654847785488, 'lag_9': 0.18895133128117622, 'lag_10': 0.7215941118938872, 'lag_11': 0.8326321309537751, 'lag_12': 0.5142770312550917, 'lag_13': 0.7163072786991692, 'lag_14': 0.3877881419951438, 'lag_15': 0.06478791142866434, 'lag_16': 0.6170653372844577, 'lag_17': 0.8963566397115532, 'lag_18': 0.7056792765328297, 'lag_19': 0.9357448127130094, 'lag_20': 0.6824031766470101, 'lag_21': 0.55692574536225, 'lag_22': 0.32728328902152115, 'lag_23': 0.05946165180689128, 'lag_24': 0.06668742460703325, 'lag_25': 0.8647952092088218, 'lag_26': 0.22403700954032418, 'lag_27': 0.16468931864630412, 'lag_28': 0.9300811593332947}.
[I 2025-10-03 11:37:19,792] Trial 38 finished with values: [0.0638197052084402, 0.006801306839436479, 0.004433930997155582, 0.005341949616558971, 0.0038905278725891363, 0.004468283201652014, 0.0002855530587262011, 0.0013669998437721544, 0.0004223582716940116, 0.0005208867100561032, 0.00026697684726074056, 0.00032417810918002683, 0.002434570456486406, 0.03202627755393097, 0.0, 0.011552228755107924, 0.010102180923266674, 0.003428163063081916, 0.0004905010899362711, 0.0003226888277769265, 0.00011428907326586269, 0.0003728174891716188, 0.00020007960566793167, 0.00013678582479465136, 7.455211040658383e-05, 0.00036847697176451246, 0.0007402294063536471, 0.0010346335124251007, 0.0019104984044565627] and parameters: {'lag_0': 0.3900436869968124, 'lag_1': 0.8070271584809612, 'lag_2': 0.8204401730254062, 'lag_3': 0.7532580247080964, 'lag_4': 0.09975321661149762, 'lag_5': 0.41705842531445686, 'lag_6': 0.33361868899680863, 'lag_7': 0.4983998906080135, 'lag_8': 0.6245244017297477, 'lag_9': 0.43961190495295416, 'lag_10': 0.9322844101085658, 'lag_11': 0.9971067271173059, 'lag_12': 0.08409929854198842, 'lag_13': 0.7063769878087924, 'lag_14': 0.8762532923891146, 'lag_15': 0.9295203693052799, 'lag_16': 0.64319168451541, 'lag_17': 0.2476018397592308, 'lag_18': 0.9420570520419896, 'lag_19': 0.02660668278382305, 'lag_20': 0.9692845347254828, 'lag_21': 0.9097472767559999, 'lag_22': 0.1752878677692098, 'lag_23': 0.1847305920509268, 'lag_24': 0.06041193084111178, 'lag_25': 0.5632518768763318, 'lag_26': 0.6379919221938452, 'lag_27': 0.8634720512643121, 'lag_28': 0.045813428005799316}.
[I 2025-10-03 11:37:22,479] Trial 39 finished with values: [0.06734764542936289, 0.016878234091990702, 0.0066082361294633836, 0.0037720933756748174, 0.0024863455479900197, 0.0031772662379794788, 0.002080944682511348, 0.0021092673770811777, 9.364796702226484e-05, 0.0012262820569678195, 0.00021809101747331965, 0.0006640407153384872, 0.0029447879358820055, 0.03105534217719342, 0.0, 0.012352620932831588, 0.011397855044934724, 0.0036345097658313395, 0.0007197580412446416, 0.0005237621644804738, 0.00011812082907959518, 0.00023694856703460393, 8.296491750576685e-05, 0.0001799632168949948, 0.00010285740290627129, 0.00011460136892196547, 0.0008305281859504245, 0.0011782186599446597, 0.0008096904284483773] and parameters: {'lag_0': 0.9331409652615872, 'lag_1': 0.34391697441277197, 'lag_2': 0.09849884678650704, 'lag_3': 0.5438151749020542, 'lag_4': 0.5415329427933948, 'lag_5': 0.5829916007281499, 'lag_6': 0.7929560060403164, 'lag_7': 0.6008351674848053, 'lag_8': 0.7037730980094714, 'lag_9': 0.4503829943601518, 'lag_10': 0.6962340486007621, 'lag_11': 0.5775644641644917, 'lag_12': 0.5443881147486606, 'lag_13': 0.390564364557529, 'lag_14': 0.9488701717817629, 'lag_15': 0.3965951182705664, 'lag_16': 0.949103436314326, 'lag_17': 0.21410479888562356, 'lag_18': 0.780756541626457, 'lag_19': 0.29092767075892423, 'lag_20': 0.1650342889780073, 'lag_21': 0.36775251270012177, 'lag_22': 0.6252450119250534, 'lag_23': 0.10719851448014268, 'lag_24': 0.7840370180675574, 'lag_25': 0.5930754753329963, 'lag_26': 0.2243683888994031, 'lag_27': 0.3879435640607005, 'lag_28': 0.571876660035871}.
[I 2025-10-03 11:37:25,166] Trial 40 finished with values: [0.0724463296398892, 0.011264036281179137, 0.012260198998722747, 0.00329921362328335, 0.0030754508988680897, 0.0027777637615581047, 0.0008061837853637855, 0.0021252249752796016, 0.0007735803739734952, 0.0016614755870788679, 9.984796507509878e-05, 5.542587413122803e-05, 0.0021182858556548717, 0.03341792304096857, 0.0, 0.010063738883557244, 0.011339370887378616, 0.003856883470761892, 0.0005585469378137848, 0.0003790096420620017, 8.401092733005262e-05, 0.00017674831848150393, 0.00023205009474453543, 0.0005029782425200847, 9.262067681473333e-05, 0.0003627100713311359, 0.000701299762118786, 0.0014127507070502334, 0.0012551178047006848] and parameters: {'lag_0': 0.5711798485994292, 'lag_1': 0.9980601017102498, 'lag_2': 0.6637738794756267, 'lag_3': 0.9906189875671575, 'lag_4': 0.39544845984933363, 'lag_5': 0.39534052647627216, 'lag_6': 0.8906550329894224, 'lag_7': 0.9242224354387499, 'lag_8': 0.773508707602832, 'lag_9': 0.9001219140761043, 'lag_10': 0.5132867564202797, 'lag_11': 0.5138250379051712, 'lag_12': 0.8392643356326555, 'lag_13': 0.4746387251090846, 'lag_14': 0.8848824117906325, 'lag_15': 0.2869136177500859, 'lag_16': 0.9844050126931706, 'lag_17': 0.7059731745555761, 'lag_18': 0.3045853716877734, 'lag_19': 0.6985921851466206, 'lag_20': 0.6839222246697877, 'lag_21': 0.7713823987537752, 'lag_22': 0.49971587208645185, 'lag_23': 0.2826101476986767, 'lag_24': 0.5248838890891547, 'lag_25': 0.2035803373576919, 'lag_26': 0.4924005349883848, 'lag_27': 0.1773399979457775, 'lag_28': 0.17649954342778396}.
[I 2025-10-03 11:37:28,029] Trial 41 finished with values: [0.0636118424815877, 0.0030767233460597563, 0.007436846430978738, 0.00432771868647464, 0.0018580128016646822, 0.003350080993053297, 0.0008722322312406418, 0.0021286402833292006, 0.00015346557604518305, 0.0005452990963620228, 0.00040115297909387303, 0.0006489835929610271, 0.002353285717036751, 0.033697151655869985, 0.0, 0.011621206937628713, 0.009257451245582912, 0.0040186516902692895, 0.0005393510049151833, 0.0006005149701226842, 6.552387657321992e-05, 0.00046219217088873464, 5.240233181307218e-05, 0.00020393314294483788, 0.00011550390367533912, 0.0002155639616444228, 0.0008151171443459275, 0.0011811586046974506, 0.0010169409355201104] and parameters: {'lag_0': 0.20843468178015223, 'lag_1': 0.8628778664446928, 'lag_2': 0.903021294691639, 'lag_3': 0.2032261361864005, 'lag_4': 0.5270619281262092, 'lag_5': 0.7706744625912489, 'lag_6': 0.2886147272727125, 'lag_7': 0.7748495717741481, 'lag_8': 0.7239969718256183, 'lag_9': 0.7413486961121012, 'lag_10': 0.3362649384487718, 'lag_11': 0.09852429926124646, 'lag_12': 0.1878732773534708, 'lag_13': 0.3227026496783128, 'lag_14': 0.6517057358939253, 'lag_15': 0.4479776789507715, 'lag_16': 0.5020897231315254, 'lag_17': 0.9142353609660145, 'lag_18': 0.2483092350080671, 'lag_19': 0.7147616831839229, 'lag_20': 0.8689635046368468, 'lag_21': 0.8626060962449837, 'lag_22': 0.9305447216705844, 'lag_23': 0.3119715354125671, 'lag_24': 0.3111566069086946, 'lag_25': 0.10744697111435175, 'lag_26': 0.008994090490782121, 'lag_27': 0.10762204559410833, 'lag_28': 0.5599262430618688}.
