[I 2025-09-29 13:07:24,264] Trial 19 finished with value: 0.0060358073586317205 and parameters: {'lag_0': 0.03749277147866514, 'lag_1': 0.1865214441447799, 'lag_2': 0.15411851759674294, 'lag_3': 0.46043287280066875, 'lag_4': 0.6496430972805478, 'lag_5': 0.2527895888370633, 'lag_6': 0.9067983424350549, 'lag_7': 0.9829172819035659, 'lag_8': 0.5083219989200801, 'lag_9': 0.1751324435811369, 'lag_10': 0.9861936508541056, 'lag_11': 0.4079714809216593, 'lag_12': 0.9513272149782255, 'lag_13': 0.7271315139114862, 'lag_14': 0.21579358364021356, 'lag_15': 0.09706239550110375, 'lag_16': 0.0020431058428028726, 'lag_17': 0.3389710693128602, 'lag_18': 0.473842293231151, 'lag_19': 0.3145882415373041, 'lag_20': 0.7924780806889155, 'lag_21': 0.9025568271392674, 'lag_22': 0.36294319828352556, 'lag_23': 0.8704322159128204, 'lag_24': 0.20547096460929692, 'lag_25': 0.2123175551563084, 'lag_26': 0.6067275940414245, 'lag_27': 0.7550797905811216, 'lag_28': 0.7651592830512223}. Best is trial 2 with value: 0.004333094575677212.
[I 2025-09-29 13:07:26,775] Trial 20 finished with value: 0.005573210793562195 and parameters: {'lag_0': 0.16557666333601168, 'lag_1': 0.591273592355331, 'lag_2': 0.0008980511384662493, 'lag_3': 0.15513196864936962, 'lag_4': 0.42614649200147375, 'lag_5': 0.11880244839357834, 'lag_6': 0.5032982584440482, 'lag_7': 0.08267555242447366, 'lag_8': 0.2684317979217, 'lag_9': 0.9075997684159243, 'lag_10': 0.7217688726072604, 'lag_11': 0.15350589849008872, 'lag_12': 0.43894152282117016, 'lag_13': 0.5259801979067209, 'lag_14': 0.4023775824723873, 'lag_15': 0.5586303224275183, 'lag_16': 0.4166103961491743, 'lag_17': 0.740217655580239, 'lag_18': 0.2798414130606768, 'lag_19': 0.1444277995539282, 'lag_20': 0.9001358097503791, 'lag_21': 0.689552206059397, 'lag_22': 0.6487039859859363, 'lag_23': 0.7320400355977607, 'lag_24': 0.76028181416193, 'lag_25': 0.4254479306452304, 'lag_26': 0.21949485713029354, 'lag_27': 0.364700150291932, 'lag_28': 0.895003248120804}. Best is trial 2 with value: 0.004333094575677212.
[I 2025-09-29 13:07:29,287] Trial 21 finished with value: 0.005436999755110637 and parameters: {'lag_0': 0.0028893965811691907, 'lag_1': 0.2830158767666343, 'lag_2': 0.35482397105576186, 'lag_3': 0.6120923711843684, 'lag_4': 0.923470979464706, 'lag_5': 0.1872632038701353, 'lag_6': 0.988535937042777, 'lag_7': 0.04697393478462421, 'lag_8': 0.9826223090884936, 'lag_9': 0.09584616989437021, 'lag_10': 0.002834039687951262, 'lag_11': 0.3369447033787957, 'lag_12': 0.6726826244784588, 'lag_13': 0.6906117500254961, 'lag_14': 0.027376471539545418, 'lag_15': 0.2681013776820125, 'lag_16': 0.7924922997944674, 'lag_17': 0.6743185911977126, 'lag_18': 0.38298212468018167, 'lag_19': 0.012128100004185927, 'lag_20': 0.8654942278556181, 'lag_21': 0.9862947226424218, 'lag_22': 0.004913673817697306, 'lag_23': 0.96019536069604, 'lag_24': 0.9212354910249088, 'lag_25': 0.48787291005111594, 'lag_26': 0.9977404139976428, 'lag_27': 0.4457099429235463, 'lag_28': 0.9227934935691272}. Best is trial 2 with value: 0.004333094575677212.
[I 2025-09-29 13:07:31,796] Trial 22 finished with value: 0.005283882636399352 and parameters: {'lag_0': 0.17192283028327138, 'lag_1': 0.27260059908910284, 'lag_2': 0.2739436391293524, 'lag_3': 0.8154450168173917, 'lag_4': 0.9036860422786422, 'lag_5': 0.36483266215709087, 'lag_6': 0.8868986230297907, 'lag_7': 0.00537014888838353, 'lag_8': 0.8643109792085861, 'lag_9': 0.07459027140778003, 'lag_10': 0.09765978088584142, 'lag_11': 0.2501320376720052, 'lag_12': 0.6295608674768238, 'lag_13': 0.8240388415811122, 'lag_14': 0.004920709819098493, 'lag_15': 0.14794000804140964, 'lag_16': 0.771856465417059, 'lag_17': 0.580183775668644, 'lag_18': 0.32546378903616635, 'lag_19': 0.06683388072758223, 'lag_20': 0.9261828051326236, 'lag_21': 0.8876817758476935, 'lag_22': 0.10800369130389109, 'lag_23': 0.9796992861117746, 'lag_24': 0.9978931237828622, 'lag_25': 0.5741618625844703, 'lag_26': 0.9023963534812891, 'lag_27': 0.5575163779641481, 'lag_28': 0.9955759451077525}. Best is trial 2 with value: 0.004333094575677212.
[I 2025-09-29 13:07:34,310] Trial 23 finished with value: 0.005436255431693117 and parameters: {'lag_0': 0.011287961229843671, 'lag_1': 0.1332700205844884, 'lag_2': 0.4079909102241343, 'lag_3': 0.5869809376233937, 'lag_4': 0.9226795989077822, 'lag_5': 0.2020374530709743, 'lag_6': 0.7202768503383936, 'lag_7': 0.18728247164879952, 'lag_8': 0.8217689465670648, 'lag_9': 0.07082687461529859, 'lag_10': 0.1253528711316771, 'lag_11': 0.4429888450950229, 'lag_12': 0.7697284037018646, 'lag_13': 0.7702703228544692, 'lag_14': 0.11578500696004099, 'lag_15': 0.0718566653464561, 'lag_16': 0.6719438059807794, 'lag_17': 0.8801836201489652, 'lag_18': 0.4709572738494287, 'lag_19': 0.18055961929997588, 'lag_20': 0.7450074044498354, 'lag_21': 0.9947080579915666, 'lag_22': 0.27132051646035893, 'lag_23': 0.9006449789114969, 'lag_24': 0.9790296826897713, 'lag_25': 0.3852392045424254, 'lag_26': 0.9937112434506591, 'lag_27': 0.2574216575987842, 'lag_28': 0.7201723844950089}. Best is trial 2 with value: 0.004333094575677212.
[I 2025-09-29 13:07:36,820] Trial 24 finished with value: 0.005094995208172806 and parameters: {'lag_0': 0.3268759822621532, 'lag_1': 0.43011290944245484, 'lag_2': 0.5342378513373249, 'lag_3': 0.4034102485421319, 'lag_4': 0.7688556552143846, 'lag_5': 0.09292628300291808, 'lag_6': 0.8917056418088333, 'lag_7': 0.09930225546865043, 'lag_8': 0.9332245915175458, 'lag_9': 0.25170422952230104, 'lag_10': 0.2963418255367774, 'lag_11': 0.6186968032265735, 'lag_12': 0.46529764718152056, 'lag_13': 0.596004614085855, 'lag_14': 0.0017922409428146485, 'lag_15': 0.16652833692553834, 'lag_16': 0.8837655703939603, 'lag_17': 0.4144237138432945, 'lag_18': 0.5858320753945061, 'lag_19': 0.010145538246099317, 'lag_20': 0.9980583955395685, 'lag_21': 0.8134935706895047, 'lag_22': 0.07693785125519376, 'lag_23': 0.7705779081613111, 'lag_24': 0.8916099574500514, 'lag_25': 0.2568964139384932, 'lag_26': 0.7435547227084924, 'lag_27': 0.43413013062626615, 'lag_28': 0.5855232998953444}. Best is trial 2 with value: 0.004333094575677212.
[I 2025-09-29 13:07:39,333] Trial 25 finished with value: 0.005977373773129003 and parameters: {'lag_0': 0.32613538574315515, 'lag_1': 0.42798386426126545, 'lag_2': 0.5798049461335024, 'lag_3': 0.02035345734490618, 'lag_4': 0.7517898162700651, 'lag_5': 0.07263417046991855, 'lag_6': 0.8702169229752008, 'lag_7': 0.2865048829465073, 'lag_8': 0.7598360255308027, 'lag_9': 0.2530378218781698, 'lag_10': 0.30972429618262576, 'lag_11': 0.7076075136831494, 'lag_12': 0.46682531450914616, 'lag_13': 0.5711231317252002, 'lag_14': 0.11682034312712362, 'lag_15': 0.2886345293586517, 'lag_16': 0.9078726680779035, 'lag_17': 0.3963690818403076, 'lag_18': 0.5682751529258295, 'lag_19': 0.2848304206156928, 'lag_20': 0.9851648067022097, 'lag_21': 0.8099899116294799, 'lag_22': 0.1757343753913469, 'lag_23': 0.6124314374421225, 'lag_24': 0.827675724013568, 'lag_25': 0.27362959567975087, 'lag_26': 0.7781375026335954, 'lag_27': 0.4051276071449572, 'lag_28': 0.5592669646169164}. Best is trial 2 with value: 0.004333094575677212.
[I 2025-09-29 13:07:41,851] Trial 26 finished with value: 0.0048750878548303655 and parameters: {'lag_0': 0.5725674318987847, 'lag_1': 0.5537915947426277, 'lag_2': 0.5174441363437413, 'lag_3': 0.37892598175044656, 'lag_4': 0.6457284975635771, 'lag_5': 0.07335651608441185, 'lag_6': 0.7381216997775908, 'lag_7': 0.39314324456264205, 'lag_8': 0.5932627985663508, 'lag_9': 0.36560524528466676, 'lag_10': 0.4846095767721088, 'lag_11': 0.7878822558461748, 'lag_12': 0.2773321068842006, 'lag_13': 0.3993352932040187, 'lag_14': 0.23828111160934123, 'lag_15': 0.059100201041071054, 'lag_16': 0.5947796865838976, 'lag_17': 0.5373198266077307, 'lag_18': 0.7321755640614714, 'lag_19': 0.42685078812996236, 'lag_20': 0.5930433392434787, 'lag_21': 0.7472751587072454, 'lag_22': 0.3488358001372757, 'lag_23': 0.759853702858845, 'lag_24': 0.8748472912105827, 'lag_25': 0.24330269860114473, 'lag_26': 0.6755029205844175, 'lag_27': 0.5736091513574464, 'lag_28': 0.38712377728871317}. Best is trial 2 with value: 0.004333094575677212.
[I 2025-09-29 13:07:44,372] Trial 27 finished with value: 0.005303527672831458 and parameters: {'lag_0': 0.5932707276698337, 'lag_1': 0.7803032339069134, 'lag_2': 0.1871516618855797, 'lag_3': 0.1932935761814614, 'lag_4': 0.5935254218761166, 'lag_5': 0.32721147613103463, 'lag_6': 0.7510080007045098, 'lag_7': 0.4132222792992478, 'lag_8': 0.5887807806891348, 'lag_9': 0.7462496642271553, 'lag_10': 0.49458001858011236, 'lag_11': 0.8159311478572152, 'lag_12': 0.2435871225235426, 'lag_13': 0.40019530229590045, 'lag_14': 0.24049087915945766, 'lag_15': 0.053733183972587965, 'lag_16': 0.614744995395125, 'lag_17': 0.5367457939983461, 'lag_18': 0.7380850657073279, 'lag_19': 0.4411640636664755, 'lag_20': 0.5664946956243281, 'lag_21': 0.6085779800264465, 'lag_22': 0.4422162261458734, 'lag_23': 0.6007988065444154, 'lag_24': 0.695100486505438, 'lag_25': 0.1284189475495051, 'lag_26': 0.562313766956418, 'lag_27': 0.5550541756478499, 'lag_28': 0.3596827012778433}. Best is trial 2 with value: 0.004333094575677212.
[I 2025-09-29 13:07:46,889] Trial 28 finished with value: 0.0032896686685785644 and parameters: {'lag_0': 0.5033317150657, 'lag_1': 0.541499281610301, 'lag_2': 0.4332883023692423, 'lag_3': 0.5163647725114552, 'lag_4': 0.3596170834367848, 'lag_5': 0.6456770201857539, 'lag_6': 0.6680801794122208, 'lag_7': 0.5852474581927682, 'lag_8': 0.4228183952937311, 'lag_9': 0.37102187411936915, 'lag_10': 0.8456070474451163, 'lag_11': 0.7703573897743804, 'lag_12': 0.31412506134445234, 'lag_13': 0.31143476206078347, 'lag_14': 0.3588322068709246, 'lag_15': 0.4590857647375945, 'lag_16': 0.32181101054562344, 'lag_17': 0.6111126504836597, 'lag_18': 0.7871328457358995, 'lag_19': 0.6291709449111265, 'lag_20': 0.4058457409548166, 'lag_21': 0.4990375087713404, 'lag_22': 0.31736880345800733, 'lag_23': 0.8828926735463651, 'lag_24': 0.34301602719737745, 'lag_25': 0.017093440488631817, 'lag_26': 0.3020335050295899, 'lag_27': 0.26391540845852623, 'lag_28': 0.2619955956622503}. Best is trial 28 with value: 0.0032896686685785644.
[I 2025-09-29 13:07:49,403] Trial 29 finished with value: 0.005518379276556876 and parameters: {'lag_0': 0.5299414610032831, 'lag_1': 0.5501784303179365, 'lag_2': 0.45228689876521866, 'lag_3': 0.49834430959084325, 'lag_4': 0.2677524539841886, 'lag_5': 0.612372511527896, 'lag_6': 0.6494169609917645, 'lag_7': 0.5632106932975133, 'lag_8': 0.10377279593784805, 'lag_9': 0.38372284884237357, 'lag_10': 0.6526605284258447, 'lag_11': 0.8000501076686048, 'lag_12': 0.30254376497721575, 'lag_13': 0.28985179954003354, 'lag_14': 0.3478442705485355, 'lag_15': 0.4591103835614553, 'lag_16': 0.2714982501259704, 'lag_17': 0.6103004011711977, 'lag_18': 0.8845200195119866, 'lag_19': 0.7025009687013234, 'lag_20': 0.16685023510785157, 'lag_21': 0.38648798675177554, 'lag_22': 0.3197597760389451, 'lag_23': 0.799140654400938, 'lag_24': 0.11748193051103029, 'lag_25': 0.07947242902948615, 'lag_26': 0.31501375254659786, 'lag_27': 0.2446951831501455, 'lag_28': 0.22574031818582607}. Best is trial 28 with value: 0.0032896686685785644.
[I 2025-09-29 13:07:51,913] Trial 30 finished with value: 0.005401014611049545 and parameters: {'lag_0': 0.6902860695541639, 'lag_1': 0.7382416039679329, 'lag_2': 0.5336045016959498, 'lag_3': 0.08153911530371553, 'lag_4': 0.4145538708365508, 'lag_5': 0.7951291605888319, 'lag_6': 0.5119174501280901, 'lag_7': 0.6989113607239001, 'lag_8': 0.3998602205625862, 'lag_9': 0.38186440451388265, 'lag_10': 0.8324077818344006, 'lag_11': 0.931367405281647, 'lag_12': 0.2604561139487729, 'lag_13': 0.30629258197561654, 'lag_14': 0.4141131573442605, 'lag_15': 0.5565095347344504, 'lag_16': 0.17302736404110658, 'lag_17': 0.5021245591013175, 'lag_18': 0.7438644636084549, 'lag_19': 0.6079200699304531, 'lag_20': 0.39257809147300493, 'lag_21': 0.4847612337149466, 'lag_22': 0.49768441771390604, 'lag_23': 0.8786264023915156, 'lag_24': 0.32164767588916365, 'lag_25': 0.049177987489895436, 'lag_26': 0.6502158297597994, 'lag_27': 0.7270472016573782, 'lag_28': 0.3475087735501945}. Best is trial 28 with value: 0.0032896686685785644.
[I 2025-09-29 13:07:54,420] Trial 31 finished with value: 0.006519078088890124 and parameters: {'lag_0': 0.5261136158443455, 'lag_1': 0.5682371721525251, 'lag_2': 0.3132063217985257, 'lag_3': 0.5188230485229058, 'lag_4': 0.34631921261032017, 'lag_5': 0.6617369822667132, 'lag_6': 0.7009773281804792, 'lag_7': 0.5818571350820135, 'lag_8': 0.6756436622078168, 'lag_9': 0.1362961397273483, 'lag_10': 0.8878030404963007, 'lag_11': 0.742317473893958, 'lag_12': 0.11331870675268779, 'lag_13': 0.11588742957793646, 'lag_14': 0.24513869343372482, 'lag_15': 0.007849374186111376, 'lag_16': 0.3477992070664805, 'lag_17': 0.7678524206813447, 'lag_18': 0.6876126964831719, 'lag_19': 0.7689875645811155, 'lag_20': 0.42851655000836336, 'lag_21': 0.2987808691749193, 'lag_22': 0.35762792659211473, 'lag_23': 0.9130446373336194, 'lag_24': 0.12652085240431268, 'lag_25': 0.22881245794578553, 'lag_26': 0.4930040313902493, 'lag_27': 0.28898203500954633, 'lag_28': 0.22709655226527853}. Best is trial 28 with value: 0.0032896686685785644.
[I 2025-09-29 13:07:56,933] Trial 32 finished with value: 0.004768182016918383 and parameters: {'lag_0': 0.44980492471866695, 'lag_1': 0.5139658591831073, 'lag_2': 0.4200096212735779, 'lag_3': 0.6661648185954827, 'lag_4': 0.20520966219100656, 'lag_5': 0.7654099205480681, 'lag_6': 0.5651859314559886, 'lag_7': 0.4688113453539721, 'lag_8': 0.45199397145277503, 'lag_9': 0.6441412986354975, 'lag_10': 0.6955062610176229, 'lag_11': 0.9137651457356775, 'lag_12': 0.1850634693438291, 'lag_13': 0.46424868339581565, 'lag_14': 0.1710847103245832, 'lag_15': 0.003176230337904748, 'lag_16': 0.5389188502497533, 'lag_17': 0.6216147650016703, 'lag_18': 0.8618295940679188, 'lag_19': 0.6090439251406405, 'lag_20': 0.12471222783627406, 'lag_21': 0.7245482602936667, 'lag_22': 0.21777075036094728, 'lag_23': 0.7638499703259922, 'lag_24': 0.6974208821881733, 'lag_25': 0.18551163992490052, 'lag_26': 0.011039698460020175, 'lag_27': 0.19626005126121326, 'lag_28': 0.44568056002919965}. Best is trial 28 with value: 0.0032896686685785644.
[I 2025-09-29 13:07:59,440] Trial 33 finished with value: 0.0052102174022465525 and parameters: {'lag_0': 0.7201124897263831, 'lag_1': 0.5023110387109333, 'lag_2': 0.6919028952804261, 'lag_3': 0.6645433899055998, 'lag_4': 0.12828145490649734, 'lag_5': 0.8365563266020919, 'lag_6': 0.5692074506838185, 'lag_7': 0.4716274575143827, 'lag_8': 0.4975222855485334, 'lag_9': 0.6869669968151533, 'lag_10': 0.6758407814525302, 'lag_11': 0.9728912404112449, 'lag_12': 0.15745590991969763, 'lag_13': 0.46215055306946823, 'lag_14': 0.1823185593411551, 'lag_15': 0.004438383577220095, 'lag_16': 0.4999822508772544, 'lag_17': 0.6053644418545405, 'lag_18': 0.8507219311393501, 'lag_19': 0.5535519923741918, 'lag_20': 0.13936072692786164, 'lag_21': 0.5026898374479726, 'lag_22': 0.2252509913059514, 'lag_23': 0.6365601431024773, 'lag_24': 0.6495895223446633, 'lag_25': 0.1788403023534766, 'lag_26': 0.0057969556040194745, 'lag_27': 0.12171197367185854, 'lag_28': 0.43462123235526484}. Best is trial 28 with value: 0.0032896686685785644.
[I 2025-09-29 13:08:01,950] Trial 34 finished with value: 0.005985115094299057 and parameters: {'lag_0': 0.4475617708766324, 'lag_1': 0.6325546896726101, 'lag_2': 0.42593136824318684, 'lag_3': 0.7728177326963869, 'lag_4': 0.19388414757283554, 'lag_5': 0.7212044040815468, 'lag_6': 0.29240647536504794, 'lag_7': 0.672330875895633, 'lag_8': 0.45366266540849254, 'lag_9': 0.7709873967033226, 'lag_10': 0.4988013114094201, 'lag_11': 0.9027341184993316, 'lag_12': 0.34646596817213615, 'lag_13': 0.3383799061724767, 'lag_14': 0.32656493857228996, 'lag_15': 0.6598293675827227, 'lag_16': 0.4106399360207162, 'lag_17': 0.48280216613228116, 'lag_18': 0.9876672284412622, 'lag_19': 0.6732391967355031, 'lag_20': 0.18892309932188378, 'lag_21': 0.7625736409917929, 'lag_22': 0.45215552045448837, 'lag_23': 0.7628538523540829, 'lag_24': 0.4895493595588951, 'lag_25': 0.11683780915001893, 'lag_26': 0.1439802372459289, 'lag_27': 0.19188238428400023, 'lag_28': 0.11283475237008816}. Best is trial 28 with value: 0.0032896686685785644.
[I 2025-09-29 13:08:04,461] Trial 35 finished with value: 0.005117355008564452 and parameters: {'lag_0': 0.39424554981034654, 'lag_1': 0.7216319355015393, 'lag_2': 0.8947624263690226, 'lag_3': 0.9891580940893411, 'lag_4': 0.32935809498390217, 'lag_5': 0.6033268820391522, 'lag_6': 0.45422035665819577, 'lag_7': 0.5180088107456069, 'lag_8': 0.5728410039994519, 'lag_9': 0.6468962373986367, 'lag_10': 0.7856761524843632, 'lag_11': 0.7670822546269916, 'lag_12': 0.14885428799364447, 'lag_13': 0.5001275170275292, 'lag_14': 0.45079589547566146, 'lag_15': 0.21965986462737924, 'lag_16': 0.33145048927242887, 'lag_17': 0.36883045793531083, 'lag_18': 0.9000492760022905, 'lag_19': 0.6003669361422054, 'lag_20': 0.08550072299385725, 'lag_21': 0.6189696611136927, 'lag_22': 0.3994905483872639, 'lag_23': 0.8408275890473256, 'lag_24': 0.619286195667907, 'lag_25': 0.00014317557629067723, 'lag_26': 0.10824367110106034, 'lag_27': 0.0963954907323053, 'lag_28': 0.2996048745463613}. Best is trial 28 with value: 0.0032896686685785644.
[I 2025-09-29 13:08:07,079] Trial 36 finished with value: 0.005524466136741192 and parameters: {'lag_0': 0.7062095216335261, 'lag_1': 0.5270068843614726, 'lag_2': 0.6087948544605011, 'lag_3': 0.2537965630560209, 'lag_4': 0.48310484156456734, 'lag_5': 0.9082969414312192, 'lag_6': 0.33532600644515076, 'lag_7': 0.5927170221547318, 'lag_8': 0.31038506043591646, 'lag_9': 0.9908505444164588, 'lag_10': 0.6400406048696606, 'lag_11': 0.004713932988975028, 'lag_12': 0.3153352091779067, 'lag_13': 0.16891897813735715, 'lag_14': 0.285370627008873, 'lag_15': 0.1198283983077357, 'lag_16': 0.5891364605957999, 'lag_17': 0.8192235336397713, 'lag_18': 0.7669602262058441, 'lag_19': 0.45975706403765404, 'lag_20': 0.29711056987395856, 'lag_21': 0.7380717335148663, 'lag_22': 0.3128996700327208, 'lag_23': 0.7019256977710742, 'lag_24': 0.7151965381280886, 'lag_25': 0.0649130000034611, 'lag_26': 0.07115953958070845, 'lag_27': 0.2025612889756787, 'lag_28': 0.44597601495711603}. Best is trial 28 with value: 0.0032896686685785644.
[I 2025-09-29 13:08:09,602] Trial 37 finished with value: 0.005656219511234821 and parameters: {'lag_0': 0.5502812186221177, 'lag_1': 0.4557638910728737, 'lag_2': 0.4964620982124178, 'lag_3': 0.5390371283661451, 'lag_4': 0.3765145824749003, 'lag_5': 0.7221699474152088, 'lag_6': 0.6517230244670341, 'lag_7': 0.39929405862178835, 'lag_8': 0.4385844255230095, 'lag_9': 0.5686458878940203, 'lag_10': 0.44160576417590686, 'lag_11': 0.8712893748340041, 'lag_12': 0.41169437151072913, 'lag_13': 0.3730215544004978, 'lag_14': 0.5630182527349026, 'lag_15': 0.22948019689239563, 'lag_16': 0.5019363707519559, 'lag_17': 0.4603253482115347, 'lag_18': 0.8086315969555966, 'lag_19': 0.785332437466367, 'lag_20': 0.0601912746563229, 'lag_21': 0.5630678691909496, 'lag_22': 0.21279210177716454, 'lag_23': 0.5677672179772226, 'lag_24': 0.4267533141790667, 'lag_25': 0.16358584829903824, 'lag_26': 0.3555169822047259, 'lag_27': 0.6098078741612161, 'lag_28': 0.519385222687552}. Best is trial 28 with value: 0.0032896686685785644.
[I 2025-09-29 13:08:12,124] Trial 38 finished with value: 0.004346696623957767 and parameters: {'lag_0': 0.8129084085499352, 'lag_1': 0.3789514680897006, 'lag_2': 0.6657801880463938, 'lag_3': 0.41149393937276085, 'lag_4': 0.28033643055496016, 'lag_5': 0.44879710786295524, 'lag_6': 0.5454548349080911, 'lag_7': 0.7613030317761569, 'lag_8': 0.20546397136966826, 'lag_9': 0.5069915231973843, 'lag_10': 0.5694287753250585, 'lag_11': 0.9806022847557391, 'lag_12': 0.029534713459365314, 'lag_13': 0.26800412119090433, 'lag_14': 0.1806354619092253, 'lag_15': 0.32555024369950647, 'lag_16': 0.09223587150194426, 'lag_17': 0.6123558500129404, 'lag_18': 0.9179290345761938, 'lag_19': 0.5368928733997704, 'lag_20': 0.5799979976404351, 'lag_21': 0.6400281720219219, 'lag_22': 0.593526972531982, 'lag_23': 0.25418249397481224, 'lag_24': 0.565211457890249, 'lag_25': 0.8401365469354334, 'lag_26': 0.6819508192206382, 'lag_27': 0.743386315940578, 'lag_28': 0.1726524252480336}. Best is trial 28 with value: 0.0032896686685785644.
[I 2025-09-29 13:08:14,642] Trial 39 finished with value: 0.005277236565590278 and parameters: {'lag_0': 0.9331896544733986, 'lag_1': 0.36494940388611696, 'lag_2': 0.7153943645460328, 'lag_3': 0.29423026348967624, 'lag_4': 0.2732664587135226, 'lag_5': 0.4160736959303252, 'lag_6': 0.3968547237741439, 'lag_7': 0.7810377594229381, 'lag_8': 0.14946017581973936, 'lag_9': 0.4971460348413848, 'lag_10': 0.579757190650402, 'lag_11': 0.9973134775004349, 'lag_12': 0.030643403570458267, 'lag_13': 0.01743822667455286, 'lag_14': 0.16216639822046205, 'lag_15': 0.32089744501343775, 'lag_16': 0.06787847008337855, 'lag_17': 0.6310339404615616, 'lag_18': 0.9551620861007482, 'lag_19': 0.5424368371488604, 'lag_20': 0.4997396857369144, 'lag_21': 0.5170625168844729, 'lag_22': 0.6673208360464172, 'lag_23': 0.2922945785048622, 'lag_24': 0.5087437147349503, 'lag_25': 0.9192610985816129, 'lag_26': 0.521030770793006, 'lag_27': 0.971462937900045, 'lag_28': 0.14743782411157497}. Best is trial 28 with value: 0.0032896686685785644.
