[I 2025-10-03 11:35:26,145] Trial 96 finished with values: [0.0, 0.002956841138659321, 0.0017682597648903497, 0.0038437896974069857, 0.0027633169873928437, 0.0020314343176308066, 0.001853818148769316, 0.0029379019659574986, 0.002179425368803593, 0.003531155770294593, 0.01885632241888846, 0.051433730461360794, 0.000162707574416061, 0.0186154998704376, 0.0, 0.025137350511373353, 0.0009199920918995964, 0.007398215341280402, 0.0011727653166857146, 0.0021373564922092204, 0.0005821144417998447, 0.001126854682657333, 0.0014150432551605463, 0.0019508542905005751, 0.001248733187934499, 0.005070818247763484, 0.005540007030663351, 0.0008484647022767999, 0.0009062809220437985] and parameters: {'lag_0': 0.12524111724662468, 'lag_1': 0.6108547637934166, 'lag_2': 0.6205961125391843, 'lag_3': 0.3262525751234295, 'lag_4': 0.7839942373962483, 'lag_5': 0.7378761000903018, 'lag_6': 0.6686676034206848, 'lag_7': 0.11769062819987999, 'lag_8': 0.4683201963000301, 'lag_9': 0.8910000486383857, 'lag_10': 0.7109609730516836, 'lag_11': 0.4490611068740567, 'lag_12': 0.4813089618538592, 'lag_13': 0.7115571312543326, 'lag_14': 0.5906017542599957, 'lag_15': 0.3561195870143844, 'lag_16': 0.1681631041916593, 'lag_17': 0.626630753386025, 'lag_18': 0.5498872599012509, 'lag_19': 0.15845388625399964, 'lag_20': 0.6716425354412043, 'lag_21': 0.6053282372921325, 'lag_22': 0.0885730359597446, 'lag_23': 0.3119090381569304, 'lag_24': 0.39267311672657584, 'lag_25': 0.5697619333662608, 'lag_26': 0.08828445975715955, 'lag_27': 0.07330843058633499, 'lag_28': 0.7864428972634072}.
[I 2025-10-03 11:35:28,791] Trial 97 finished with values: [0.0, 0.0008927358577708229, 0.0010183343479386845, 0.004390699600597558, 0.0017592928067040666, 0.004246181004892279, 0.002081333017030109, 0.0019168049117738422, 0.0035721493028719625, 0.0024853330871974825, 0.016886557068602016, 0.04589156174518101, 0.00014138455151479964, 0.018641998033602416, 0.0, 0.026814177997470667, 0.0004830272538507567, 0.007440255024591891, 0.0013461337568302163, 0.0025412636593576928, 0.0004057167703012432, 0.0011253464124719645, 0.0010720770982106868, 0.0017552146957969515, 0.001137844897853183, 0.005117689751912449, 0.006455113547584551, 0.001420619348808823, 0.004429759725792125] and parameters: {'lag_0': 0.4341077485795861, 'lag_1': 0.9769028721655437, 'lag_2': 0.03528366092101496, 'lag_3': 0.919635607065132, 'lag_4': 0.8359623522520402, 'lag_5': 0.3556370752300055, 'lag_6': 0.26186509061881513, 'lag_7': 0.013270883458927995, 'lag_8': 0.2614157757645755, 'lag_9': 0.9163173569459847, 'lag_10': 0.655513057065275, 'lag_11': 0.7830846988447089, 'lag_12': 0.5132456948434002, 'lag_13': 0.7600125100537826, 'lag_14': 0.6241158516040061, 'lag_15': 0.49044631519851384, 'lag_16': 0.3735638222525201, 'lag_17': 0.1495081296973968, 'lag_18': 0.5725750477086369, 'lag_19': 0.7843118633822759, 'lag_20': 0.10873277429671702, 'lag_21': 0.1624223752651192, 'lag_22': 0.8694260761571468, 'lag_23': 0.521728274936648, 'lag_24': 0.5140130774991621, 'lag_25': 0.32431695795160925, 'lag_26': 0.6576849586618423, 'lag_27': 0.9796117938350652, 'lag_28': 0.7721715636590007}.
[I 2025-10-03 11:35:31,433] Trial 98 finished with values: [0.0, 0.0024694128729531415, 0.0015119303694307404, 0.003607104303986146, 0.0017040917485354635, 0.003802283792415686, 0.0020135799143108477, 0.001747412947557767, 0.0020838950613910503, 0.0031621296961964495, 0.017579521359630042, 0.04228392755629663, 0.0003889017222038051, 0.0191713573884127, 0.0, 0.02402659912051754, 0.00041506179051303187, 0.00609656614065155, 0.0013541724846668208, 0.001977111132303815, 0.0005379593676341183, 0.0019444126466750477, 0.0013022508663774867, 0.0024682096687740815, 0.0009013004730116092, 0.00527706610409953, 0.008430664297574565, 0.002883664133287159, 0.0022460595013246614] and parameters: {'lag_0': 0.8160178095130571, 'lag_1': 0.5282449797288746, 'lag_2': 0.05670674810097586, 'lag_3': 0.22957426412901885, 'lag_4': 0.5641958957192696, 'lag_5': 0.9929434537644005, 'lag_6': 0.5892590636253153, 'lag_7': 0.64437861007186, 'lag_8': 0.5715159648408163, 'lag_9': 0.24906407821104848, 'lag_10': 0.07779822000621438, 'lag_11': 0.31845700349297507, 'lag_12': 0.28512382702627814, 'lag_13': 0.690301623234785, 'lag_14': 0.9747305125960564, 'lag_15': 0.8110760104025299, 'lag_16': 0.31455181043817915, 'lag_17': 0.5595583847017948, 'lag_18': 0.5037096622373705, 'lag_19': 0.7559190510931113, 'lag_20': 0.22602483468051843, 'lag_21': 0.4609349931956002, 'lag_22': 0.13821053536358252, 'lag_23': 0.38051719316409044, 'lag_24': 0.5541436858854344, 'lag_25': 0.8136706409115113, 'lag_26': 0.3750753674879403, 'lag_27': 0.5498665680616659, 'lag_28': 0.09654784363521242}.
[I 2025-10-03 11:35:34,068] Trial 99 finished with values: [0.0, 0.000991673268190075, 0.0030843794595701874, 0.0018042575143773075, 0.003471307257303078, 0.003722666048220751, 0.0019904897659091428, 0.0013087578172294844, 0.002497909158642926, 0.0023468385201885255, 0.01665487496644194, 0.047504326024357654, 0.00013259133988195295, 0.018154803466944612, 0.0, 0.023783669120742493, 0.0006819180181038848, 0.007308967310066654, 0.0012856016315184787, 0.002531532874460333, 0.00045060323338547744, 0.0011920734638328552, 0.001033887427061716, 0.001415589584798102, 0.0006288553347987558, 0.005141261511013193, 0.006601515617342407, 0.0009632819576519639, 0.0009371184723504667] and parameters: {'lag_0': 0.502392667886345, 'lag_1': 0.3313103646616784, 'lag_2': 0.6237139144466317, 'lag_3': 0.8961448933267917, 'lag_4': 0.9254895584852568, 'lag_5': 0.6576494385642739, 'lag_6': 0.6221920864520256, 'lag_7': 0.6680010393499045, 'lag_8': 0.4722764524443531, 'lag_9': 0.027844118760954984, 'lag_10': 0.36406153561535337, 'lag_11': 0.44398347540595035, 'lag_12': 0.950121726780493, 'lag_13': 0.34812844666335757, 'lag_14': 0.11910466995979636, 'lag_15': 0.8883833720721183, 'lag_16': 0.0478319253900054, 'lag_17': 0.4769935298803372, 'lag_18': 0.5302371244668462, 'lag_19': 0.9592154572649957, 'lag_20': 0.20273947262584258, 'lag_21': 0.9881422695800364, 'lag_22': 0.163215426851794, 'lag_23': 0.4220010812561277, 'lag_24': 0.7871769531317075, 'lag_25': 0.6593636223108591, 'lag_26': 0.04347427672641296, 'lag_27': 0.32957461529134613, 'lag_28': 0.06301256151794468}.
[I 2025-10-03 11:35:34,080] A new study created in memory with name: no-name-8a30eeec-1724-437a-923c-b45e4cc18a41
[I 2025-10-03 11:35:36,783] Trial 0 finished with values: [0.029205246913580247, 0.005252045933092092, 0.0095650341175639, 0.007367876358068279, 0.002077685105259383, 0.008744307596613484, 0.0001241457439610263, 0.0011819864710808728, 0.006833559742343382, 0.00040423051495145094, 0.0026173683315539524, 0.005030598846303314, 0.0030343466015364897, 0.10390326437583783, 0.0, 0.009155676114920724, 0.01420365690424472, 0.0016986812250978363, 0.0003928989261934848, 0.001034978148970935, 0.007757739246845537, 0.0007975620355965404, 0.0011672981204017062, 0.011844896115764742, 0.0010539079214386849, 0.0009770457421519768, 0.001067772518279591, 0.0, 0.0] and parameters: {'lag_0': 0.22510985590273458, 'lag_1': 0.7750420573685353, 'lag_2': 0.04683994078046187, 'lag_3': 0.8412479392319361, 'lag_4': 0.058202264075248325, 'lag_5': 0.9458164657661317, 'lag_6': 0.10295221401830859, 'lag_7': 0.46482796563849593, 'lag_8': 0.4344905173946824, 'lag_9': 0.3986417646725882, 'lag_10': 0.8821364525033035, 'lag_11': 0.5390800386005071, 'lag_12': 0.23691549371304438, 'lag_13': 0.46860639072717664, 'lag_14': 0.9149211513022483, 'lag_15': 0.8192816570900628, 'lag_16': 0.09914412472060193, 'lag_17': 0.9062579054298043, 'lag_18': 0.6018982551526948, 'lag_19': 0.6260199567623786, 'lag_20': 0.26528747147003295, 'lag_21': 0.4273470034897864, 'lag_22': 0.21272657823111185, 'lag_23': 0.3312506742955144, 'lag_24': 0.12744045521516043, 'lag_25': 0.9476654212761715, 'lag_26': 0.5846362886911622, 'lag_27': 0.7981577784833428, 'lag_28': 0.11974800056982858}.
[I 2025-10-03 11:35:39,472] Trial 1 finished with values: [0.008000000000000002, 0.019303471028055047, 0.004819307715017507, 0.009948106382932162, 0.001971779770554529, 0.00816224300556249, 0.0002718499499592133, 0.0014628212644889047, 0.0069846339901394215, 0.00020889877905504945, 0.004265050815252601, 0.005722768917810811, 0.0012265512353551128, 0.10404802301800417, 0.0, 0.007635664509900923, 0.013104498859930517, 0.0014456208396660063, 0.0003013945141975887, 0.0009977240100805655, 0.007661656185977733, 0.0010299767359654012, 0.000984860656474933, 0.013864194316174944, 0.000996422331438327, 0.0009639771673521523, 0.0006961397135838163, 0.0, 0.0] and parameters: {'lag_0': 0.2207708486700126, 'lag_1': 0.8563160465919059, 'lag_2': 0.15779985633448126, 'lag_3': 0.6687971549033388, 'lag_4': 0.7075371540890121, 'lag_5': 0.2972914540270844, 'lag_6': 0.09309548393568066, 'lag_7': 0.9254541268156539, 'lag_8': 0.915439074060142, 'lag_9': 0.10925919564115974, 'lag_10': 0.6284013739019694, 'lag_11': 0.05078301001914771, 'lag_12': 0.9203012027458402, 'lag_13': 0.19571032248198864, 'lag_14': 0.6299022531440243, 'lag_15': 0.9626742469274295, 'lag_16': 0.6156336697833354, 'lag_17': 0.4626597319764349, 'lag_18': 0.5120621771707371, 'lag_19': 0.7267424712586392, 'lag_20': 0.05660687416105951, 'lag_21': 0.7938270542076399, 'lag_22': 0.24301287400452526, 'lag_23': 0.4463399096578356, 'lag_24': 0.083917575110273, 'lag_25': 0.6506811681678409, 'lag_26': 0.25800617343783355, 'lag_27': 0.5554429905605054, 'lag_28': 0.4330603531470105}.
[I 2025-10-03 11:35:42,155] Trial 2 finished with values: [0.0011834319526627221, 0.0047462763511369535, 0.006850362237700658, 0.00947734301493728, 0.002200659494764984, 0.009545377841013686, 0.0004327843867144965, 0.0017133178578930468, 0.007159775238952176, 0.00031816672781431564, 0.0034064101216571435, 0.0050138757357131546, 0.0018128712794646842, 0.09784040475926077, 0.0, 0.010703446393129158, 0.014195059155540837, 0.0017096485111612412, 0.00019452427042657519, 0.0009778334992916738, 0.007147788272505047, 0.0007820956143971897, 0.0007870851166191107, 0.013409698716801283, 0.0005781845256926266, 0.0009514423385234949, 0.0009286820799373884, 0.0, 0.0] and parameters: {'lag_0': 0.797638061609465, 'lag_1': 0.07470817833527385, 'lag_2': 0.03202441554057275, 'lag_3': 0.9067373457848995, 'lag_4': 0.9784794954714898, 'lag_5': 0.025269092770843857, 'lag_6': 0.6971374626868934, 'lag_7': 0.5471259343077116, 'lag_8': 0.4207899715570196, 'lag_9': 0.7454316685201007, 'lag_10': 0.3746106123902648, 'lag_11': 0.6283537816593054, 'lag_12': 0.8050242951413031, 'lag_13': 0.3000979240583412, 'lag_14': 0.8329695704209626, 'lag_15': 0.2836429776074542, 'lag_16': 0.8218214160708142, 'lag_17': 0.5011983852433622, 'lag_18': 0.6144856028439757, 'lag_19': 0.25725919628340715, 'lag_20': 0.21852458076076683, 'lag_21': 0.7759130141901447, 'lag_22': 0.7256487216760055, 'lag_23': 0.8407817829463128, 'lag_24': 0.8008687003704735, 'lag_25': 0.5653525217655121, 'lag_26': 0.9783469797725168, 'lag_27': 0.464234222503496, 'lag_28': 0.21093701496461337}.
[I 2025-10-03 11:35:44,843] Trial 3 finished with values: [0.016528925619834708, 0.016354558895801435, 0.007415500322055591, 0.011988834306397887, 0.0003775890127413765, 0.012393396944858784, 0.0002022562921238932, 0.0009520693860686467, 0.006240260944943249, 0.00039962697691094985, 0.002244638556295472, 0.005906655879021673, 0.001666945849366329, 0.10627037032983802, 0.0, 0.007138246977041712, 0.012744973590921522, 0.0015074714627953858, 0.00022631222697517433, 0.0009229001862973381, 0.007311514724450611, 0.0010682452290708255, 0.0011047546781048473, 0.013949561394526175, 0.0009576300953384277, 0.0016469388245111817, 0.0009126926461487215, 0.0, 0.0] and parameters: {'lag_0': 0.5215171015337907, 'lag_1': 0.35024416704894185, 'lag_2': 0.13388757373554555, 'lag_3': 0.8349996787448974, 'lag_4': 0.10159404916112125, 'lag_5': 0.886050983048526, 'lag_6': 0.8508959248040424, 'lag_7': 0.9199540770557524, 'lag_8': 0.3814021491122027, 'lag_9': 0.9613716301395002, 'lag_10': 0.7321626210890719, 'lag_11': 0.29298778523306257, 'lag_12': 0.33326959825790387, 'lag_13': 0.2378017560365441, 'lag_14': 0.13619625687066425, 'lag_15': 0.5919779610711282, 'lag_16': 0.06239185233014645, 'lag_17': 0.04808600647802343, 'lag_18': 0.7536150147872627, 'lag_19': 0.6925624862606871, 'lag_20': 0.26226599685705554, 'lag_21': 0.5584628378437602, 'lag_22': 0.18398090326686778, 'lag_23': 0.00890913424429611, 'lag_24': 0.2067384166482648, 'lag_25': 0.26468637670862644, 'lag_26': 0.017264162118133673, 'lag_27': 0.1814474821921053, 'lag_28': 0.1654262728283939}.
[I 2025-10-03 11:35:47,526] Trial 4 finished with values: [0.0013888888888888887, 0.01011540883056317, 0.005179328936397033, 0.009777839016725373, 0.002027913057274666, 0.005982630333962035, 0.0011002909652673765, 0.0012279535948323769, 0.005975567467203532, 0.0005604818087940843, 0.002577207521927488, 0.007180540747083716, 0.0027170646055378125, 0.10212387729262706, 0.0, 0.009453060721950117, 0.01320659756921202, 0.0015807390161493857, 0.0004182982728038359, 0.0009287491877956324, 0.007240519040800008, 0.0011759564819085998, 0.0005779510845972814, 0.013963049719331665, 0.00132286102027095, 0.0007631277734204082, 0.0013817084219687591, 0.0, 0.0] and parameters: {'lag_0': 0.5168801401194723, 'lag_1': 0.4641566619971599, 'lag_2': 0.7131000018091258, 'lag_3': 0.3567036780678529, 'lag_4': 0.38264569482543886, 'lag_5': 0.37629585110620284, 'lag_6': 0.06294825180942999, 'lag_7': 0.34341410883377493, 'lag_8': 0.27874389133359584, 'lag_9': 0.15330899018340727, 'lag_10': 0.4569627333317983, 'lag_11': 0.8171933691479376, 'lag_12': 0.8649961937842915, 'lag_13': 0.702091396821358, 'lag_14': 0.12033634789015957, 'lag_15': 0.4555423338979486, 'lag_16': 0.37702381318681927, 'lag_17': 0.7940678858481237, 'lag_18': 0.6237181517237471, 'lag_19': 0.23642779397122413, 'lag_20': 0.8442249150272912, 'lag_21': 0.5956800263526356, 'lag_22': 0.21974438229376972, 'lag_23': 0.7936677632624628, 'lag_24': 0.9837260162469535, 'lag_25': 0.30154610549276595, 'lag_26': 0.8166458868286506, 'lag_27': 0.1757633667924567, 'lag_28': 0.2349230651597372}.
[I 2025-10-03 11:35:50,217] Trial 5 finished with values: [0.0030204081632653063, 0.003198845961403474, 0.011862998002451448, 0.008871536263198743, 0.0007808863657182847, 0.005858019589052391, 0.0006075944371691257, 0.0018652776047638534, 0.008927812752003075, 0.0004404986693850731, 0.0023219664431929393, 0.0046494189895234265, 0.0027665904598064917, 0.0966197560094248, 0.0, 0.005250728826604644, 0.012548977284045276, 0.0013853625737666555, 0.0002569489958647126, 0.0012904325190093275, 0.00754262352174571, 0.0009559280619287896, 0.0014873255449159805, 0.013518753196044824, 0.0009234674951492097, 0.0009171052559645895, 0.0010088753253170077, 0.0, 0.0] and parameters: {'lag_0': 0.9881434202517122, 'lag_1': 0.6374255484094911, 'lag_2': 0.17951596549248666, 'lag_3': 0.9156130758330049, 'lag_4': 0.5851148771028256, 'lag_5': 0.7628010293738429, 'lag_6': 0.9514099531943832, 'lag_7': 0.9825701580097921, 'lag_8': 0.5621240938067941, 'lag_9': 0.100900966462675, 'lag_10': 0.6713907225322245, 'lag_11': 0.7793443884520175, 'lag_12': 0.20476060425067039, 'lag_13': 0.6968742864499374, 'lag_14': 0.9186364788931927, 'lag_15': 0.609069102699142, 'lag_16': 0.16917782443982865, 'lag_17': 0.9480603940399093, 'lag_18': 0.3790292909049243, 'lag_19': 0.6808660691063226, 'lag_20': 0.08934841692001415, 'lag_21': 0.3700164522390019, 'lag_22': 0.07978502021790808, 'lag_23': 0.8324580303775139, 'lag_24': 0.1320299719724441, 'lag_25': 0.7473960877832168, 'lag_26': 0.6088295116455688, 'lag_27': 0.9399362434104825, 'lag_28': 0.9696048024990513}.
[I 2025-10-03 11:35:52,911] Trial 6 finished with values: [0.011026077097505669, 0.011118076398676425, 0.01168182036393781, 0.0033225920518645544, 0.004360075672606954, 0.00922541313205622, 0.0004380865719256071, 0.000951670308818142, 0.005515176265595353, 0.0006213206401377051, 0.0021116174742360654, 0.004071802819239298, 0.002689202534666322, 0.10337946642033125, 0.0, 0.007694872480192715, 0.012114245684656286, 0.001610044432592387, 0.00045422340081865313, 0.0012983037099825335, 0.0071552879168244625, 0.0011841663032783544, 0.0009387112061486622, 0.012309354797714066, 0.001327185598516, 0.0006201852054647996, 0.0017497091845363687, 0.0, 0.0] and parameters: {'lag_0': 0.4227836557697911, 'lag_1': 0.46067554246082715, 'lag_2': 0.9255358691995332, 'lag_3': 0.438877502767613, 'lag_4': 0.7198254721244813, 'lag_5': 0.19175550370532465, 'lag_6': 0.5316253529581754, 'lag_7': 0.4858950838121795, 'lag_8': 0.11602398295370843, 'lag_9': 0.1321942478891214, 'lag_10': 0.13167230464263788, 'lag_11': 0.42967030841897064, 'lag_12': 0.4444751555803451, 'lag_13': 0.18068558604637103, 'lag_14': 0.003728004638581891, 'lag_15': 0.6950244717377313, 'lag_16': 0.8837468758821269, 'lag_17': 0.1834305499893864, 'lag_18': 0.4739287483386937, 'lag_19': 0.7234213838958957, 'lag_20': 0.6850544199080708, 'lag_21': 0.11773141433212765, 'lag_22': 0.003360505997056348, 'lag_23': 0.1342515323789957, 'lag_24': 0.03678060724273208, 'lag_25': 0.9601648724657327, 'lag_26': 0.7211976031465321, 'lag_27': 0.9819051069990348, 'lag_28': 0.5631417000859807}.
[I 2025-10-03 11:35:55,599] Trial 7 finished with values: [0.015625, 0.01648416891411397, 0.0080664791620463, 0.010714442321235206, 0.0024753172375359166, 0.007747252014615168, 0.0002615086869946175, 0.0019502220571129228, 0.007732478617342544, 0.0007992790274245617, 0.003715220972820859, 0.006212792785908241, 0.0033787801939567006, 0.10538747148017702, 0.0, 0.00521819484824316, 0.01203443426024166, 0.0016315407042234858, 0.00039753868866957315, 0.0009132524333595616, 0.0070509096844307865, 0.0009033679938445381, 0.0012668870379794598, 0.01110454237837931, 0.0009249958467756142, 0.0013144059881682912, 0.0008406252893603507, 0.0, 0.0] and parameters: {'lag_0': 0.4623767190619836, 'lag_1': 0.6610051175751258, 'lag_2': 0.21096578421199388, 'lag_3': 0.8517600041426978, 'lag_4': 0.1637970698126467, 'lag_5': 0.8112259581466177, 'lag_6': 0.6268106676762234, 'lag_7': 0.4316209570207194, 'lag_8': 0.5743158278883346, 'lag_9': 0.4256082075370375, 'lag_10': 0.6204200917902757, 'lag_11': 0.3842031863168855, 'lag_12': 0.31145009460988365, 'lag_13': 0.9660331267447584, 'lag_14': 0.09019383421188579, 'lag_15': 0.33856760242944883, 'lag_16': 0.6777454413682521, 'lag_17': 0.13243252627275118, 'lag_18': 0.2176538042933329, 'lag_19': 0.9475853201104018, 'lag_20': 0.6585007884320343, 'lag_21': 0.5208544609933655, 'lag_22': 0.41259831016169185, 'lag_23': 0.3821096237787374, 'lag_24': 0.8780930495185866, 'lag_25': 0.6000751445687115, 'lag_26': 0.05962615212302479, 'lag_27': 0.916522204003851, 'lag_28': 0.6468297780206078}.
[I 2025-10-03 11:35:58,286] Trial 8 finished with values: [0.044500000000000005, 0.004101317553872981, 0.012311562326091086, 0.008707127075483606, 0.0008677535923966769, 0.007412507000176541, 0.0010853152634164164, 0.0014324613235683428, 0.007297370093277522, 6.399992149654355e-05, 0.002283200254986109, 0.0056658966132481755, 0.002140331069580969, 0.09960394732114453, 0.0, 0.0057176175968175385, 0.012251288373770099, 0.0016427276201782166, 0.00043232053068079643, 0.0012467380296444564, 0.007882059300016963, 0.0007796171695885843, 0.001285847209602145, 0.012132232730335545, 0.0008777592719030204, 0.0010977322794294892, 0.0015333796762833454, 0.0, 0.0] and parameters: {'lag_0': 0.07811274430564376, 'lag_1': 0.2441179557993443, 'lag_2': 0.30388919386632585, 'lag_3': 0.9717753057104693, 'lag_4': 0.048774346345772, 'lag_5': 0.10892366764463166, 'lag_6': 0.862748010873877, 'lag_7': 0.05624293003819978, 'lag_8': 0.7731453335085192, 'lag_9': 0.7721021266051179, 'lag_10': 0.9391599406650077, 'lag_11': 0.37297246277657875, 'lag_12': 0.17132422797014327, 'lag_13': 0.06983671413158914, 'lag_14': 0.3174993936899219, 'lag_15': 0.9872111891992683, 'lag_16': 0.22043948396432153, 'lag_17': 0.6194373107461945, 'lag_18': 0.10175988317979727, 'lag_19': 0.028110644853057407, 'lag_20': 0.6252418023607456, 'lag_21': 0.989470794921984, 'lag_22': 0.36318913942347036, 'lag_23': 0.5229795581339644, 'lag_24': 0.5159393681576854, 'lag_25': 0.6692992432091793, 'lag_26': 0.993978110879372, 'lag_27': 0.3139482248815955, 'lag_28': 0.15360503911210172}.
[I 2025-10-03 11:36:00,975] Trial 9 finished with values: [0.003125, 0.01050183675429764, 0.014802498761613408, 0.010588386203799056, 0.0018341829046927209, 0.007490798460278315, 0.0001585846470822418, 0.001682608814436173, 0.007744102296498365, 0.00032554892593022295, 0.0027236213807309067, 0.006362701805585938, 0.001851528222007389, 0.09626450673872997, 0.0, 0.006903984762360896, 0.01250202766916024, 0.0016838667846774326, 0.00023127721806061847, 0.0011573955426068165, 0.008430359211293153, 0.0007550272649921133, 0.00161947649706851, 0.012346831303931636, 0.0009940387501713107, 0.0009962020969595093, 0.0006264712113030411, 0.0, 0.0] and parameters: {'lag_0': 0.942563829559931, 'lag_1': 0.5161055558998023, 'lag_2': 0.943750463773722, 'lag_3': 0.2599204730761938, 'lag_4': 0.8800251989535174, 'lag_5': 0.643176827980153, 'lag_6': 0.7431555252612188, 'lag_7': 0.6381347206040439, 'lag_8': 0.47067676288277405, 'lag_9': 0.16923304478131515, 'lag_10': 0.6383715611694646, 'lag_11': 0.1496370495138423, 'lag_12': 0.7976035055686651, 'lag_13': 0.1837721629897877, 'lag_14': 0.8696113644282912, 'lag_15': 0.4477121910265523, 'lag_16': 0.7131547266946304, 'lag_17': 0.570692116434998, 'lag_18': 0.16509861172290188, 'lag_19': 0.03714362691944214, 'lag_20': 0.4563902490387157, 'lag_21': 0.5748708528053832, 'lag_22': 0.764969455920951, 'lag_23': 0.3688905174352408, 'lag_24': 0.6205470638835062, 'lag_25': 0.05559127771823158, 'lag_26': 0.22160157066440997, 'lag_27': 0.12611990227113837, 'lag_28': 0.7357197445921111}.
