[I 2025-09-29 13:08:58,725] Trial 62 finished with value: 0.005820969828341204 and parameters: {'lag_0': 0.767515077619953, 'lag_1': 0.8510215557984787, 'lag_2': 0.24386111152517098, 'lag_3': 0.4768284729365827, 'lag_4': 0.450972107890263, 'lag_5': 0.9150513791226031, 'lag_6': 0.8457202583729615, 'lag_7': 0.4918309448161428, 'lag_8': 0.33692703825923503, 'lag_9': 0.46279433001419634, 'lag_10': 0.17143619501280793, 'lag_11': 0.6641414581300598, 'lag_12': 0.33356187016233374, 'lag_13': 0.21965447486692063, 'lag_14': 0.6830770659751361, 'lag_15': 0.4641809769434033, 'lag_16': 0.3662507381823625, 'lag_17': 0.3518824297108259, 'lag_18': 0.8171157351403872, 'lag_19': 0.8401905885418747, 'lag_20': 0.853594961099964, 'lag_21': 0.735530555296316, 'lag_22': 0.5377150872101591, 'lag_23': 0.8938657767143388, 'lag_24': 0.9297026191681679, 'lag_25': 0.7441596989852226, 'lag_26': 0.13063580100973649, 'lag_27': 0.2854654436993035, 'lag_28': 0.7256644799100934}. Best is trial 6 with value: 0.004473648248910995.
[I 2025-09-29 13:09:01,183] Trial 63 finished with value: 0.006043007737941841 and parameters: {'lag_0': 0.9192468058406971, 'lag_1': 0.652729367147478, 'lag_2': 0.596304693723108, 'lag_3': 0.7070266332417164, 'lag_4': 0.5375867539437137, 'lag_5': 0.7338078017465273, 'lag_6': 0.7796530439504712, 'lag_7': 0.46979563418693315, 'lag_8': 0.6035943072417306, 'lag_9': 0.4059110786984449, 'lag_10': 0.22126555866500588, 'lag_11': 0.578943970024535, 'lag_12': 0.15775489607369853, 'lag_13': 0.4902412248428891, 'lag_14': 0.8809131759539438, 'lag_15': 0.9346014893863208, 'lag_16': 0.2195761814288203, 'lag_17': 0.19902141737163576, 'lag_18': 0.2021813645477589, 'lag_19': 0.9493760702636604, 'lag_20': 0.768146227426774, 'lag_21': 0.5821230855417924, 'lag_22': 0.37314395904880593, 'lag_23': 0.7852705149455452, 'lag_24': 0.9549794466629117, 'lag_25': 0.1486042154843534, 'lag_26': 0.0014294867785114018, 'lag_27': 0.3219033806620869, 'lag_28': 0.656561321984525}. Best is trial 6 with value: 0.004473648248910995.
[I 2025-09-29 13:09:03,639] Trial 64 finished with value: 0.006210763239649331 and parameters: {'lag_0': 0.7749844333778142, 'lag_1': 0.7104024743672639, 'lag_2': 0.4793029776381589, 'lag_3': 0.5319013477175442, 'lag_4': 0.9202919853339565, 'lag_5': 0.580945920783159, 'lag_6': 0.9086975778556587, 'lag_7': 0.608836815107421, 'lag_8': 0.16961650786669102, 'lag_9': 0.006322857940822796, 'lag_10': 0.2651454045983217, 'lag_11': 0.5029629935627755, 'lag_12': 0.2760132954220816, 'lag_13': 0.12050699010726873, 'lag_14': 0.49056801377846904, 'lag_15': 0.5201940300192147, 'lag_16': 0.31566973627171, 'lag_17': 0.08151836974416632, 'lag_18': 0.09748775950386249, 'lag_19': 0.7345546675014689, 'lag_20': 0.7246005991511583, 'lag_21': 0.8445556146905084, 'lag_22': 0.6037560253160821, 'lag_23': 0.8307224517232645, 'lag_24': 0.7742908600546238, 'lag_25': 0.6726368198410633, 'lag_26': 0.2723628262890624, 'lag_27': 0.20104036696775812, 'lag_28': 0.76438546599131}. Best is trial 6 with value: 0.004473648248910995.
[I 2025-09-29 13:09:06,217] Trial 65 finished with value: 0.00498243176098019 and parameters: {'lag_0': 0.8642689073058889, 'lag_1': 0.38486570823132804, 'lag_2': 0.2882121014119353, 'lag_3': 0.2746526542848785, 'lag_4': 0.31898040279440454, 'lag_5': 0.7330970887954187, 'lag_6': 0.61133390391629, 'lag_7': 0.4437212882460117, 'lag_8': 0.8214741843028144, 'lag_9': 0.28808586699705246, 'lag_10': 0.5398236595230087, 'lag_11': 0.7069834079135536, 'lag_12': 0.3855988571054148, 'lag_13': 0.2537663579754194, 'lag_14': 0.3216151920295941, 'lag_15': 0.5583991626942191, 'lag_16': 0.4373924224367373, 'lag_17': 0.4488216850903911, 'lag_18': 0.8983093412153548, 'lag_19': 0.7742337037444699, 'lag_20': 0.24562738385365548, 'lag_21': 0.6643905971245768, 'lag_22': 0.5920278349512749, 'lag_23': 0.7074076275447713, 'lag_24': 0.8382768096054012, 'lag_25': 0.8476559837782652, 'lag_26': 0.18567560171857134, 'lag_27': 0.41065474033133886, 'lag_28': 0.3912797035111522}. Best is trial 6 with value: 0.004473648248910995.
[I 2025-09-29 13:09:08,690] Trial 66 finished with value: 0.005549516517545294 and parameters: {'lag_0': 0.8528680659311687, 'lag_1': 0.38236698700608396, 'lag_2': 0.28021281374234225, 'lag_3': 0.05529303521096035, 'lag_4': 0.32595761678054835, 'lag_5': 0.621911897487005, 'lag_6': 0.6271015921345249, 'lag_7': 0.27613476200841996, 'lag_8': 0.8241783249605819, 'lag_9': 0.30217601890357215, 'lag_10': 0.570376197177527, 'lag_11': 0.38465579250934656, 'lag_12': 0.562899666757534, 'lag_13': 0.6077612076506791, 'lag_14': 0.23150455596873143, 'lag_15': 0.5767999154825623, 'lag_16': 0.5109774011834572, 'lag_17': 0.5441954674508159, 'lag_18': 0.9105114249477146, 'lag_19': 0.7780190006636657, 'lag_20': 0.08507424502512678, 'lag_21': 0.664365803779853, 'lag_22': 0.44287278115521955, 'lag_23': 0.6499327129983417, 'lag_24': 0.8491873651157812, 'lag_25': 0.9194974500219765, 'lag_26': 0.18933075179773717, 'lag_27': 0.4818107097212194, 'lag_28': 0.24820747910775398}. Best is trial 6 with value: 0.004473648248910995.
[I 2025-09-29 13:09:11,169] Trial 67 finished with value: 0.006180171499997491 and parameters: {'lag_0': 0.2204635075892541, 'lag_1': 0.5360535559544372, 'lag_2': 0.0038368510154861424, 'lag_3': 0.2587241435428526, 'lag_4': 0.23330565265327896, 'lag_5': 0.6606812877582708, 'lag_6': 0.5984730861644829, 'lag_7': 0.12190343621519537, 'lag_8': 0.3990375411169869, 'lag_9': 0.22396565298714816, 'lag_10': 0.5219805400603645, 'lag_11': 0.7754684924069501, 'lag_12': 0.5178346822510177, 'lag_13': 0.3286061547159797, 'lag_14': 0.31774200163230903, 'lag_15': 0.542516376505721, 'lag_16': 0.43554603535001435, 'lag_17': 0.43856435514430514, 'lag_18': 0.40808584535099957, 'lag_19': 0.6951638748878515, 'lag_20': 0.15858850660580082, 'lag_21': 0.7783352239606082, 'lag_22': 0.5843563110454819, 'lag_23': 0.7097405723886723, 'lag_24': 0.00019237154635587395, 'lag_25': 0.9977482529996141, 'lag_26': 0.08344243394543699, 'lag_27': 0.40409911574313984, 'lag_28': 0.47639591560746214}. Best is trial 6 with value: 0.004473648248910995.
[I 2025-09-29 13:09:13,630] Trial 68 finished with value: 0.006648388359162119 and parameters: {'lag_0': 0.3662204310333633, 'lag_1': 0.33276389054866706, 'lag_2': 0.4115099058382197, 'lag_3': 0.12472073108370421, 'lag_4': 0.380237086924867, 'lag_5': 0.735885446898497, 'lag_6': 0.6733776015629124, 'lag_7': 0.37194836487888827, 'lag_8': 0.886252154674914, 'lag_9': 0.33609497686251555, 'lag_10': 0.42536599799383357, 'lag_11': 0.7298938001964563, 'lag_12': 0.4002978584568925, 'lag_13': 0.09771832082629575, 'lag_14': 0.3783968478558442, 'lag_15': 0.6590181043454536, 'lag_16': 0.4696132887830682, 'lag_17': 0.48196681648954165, 'lag_18': 0.5010072107910053, 'lag_19': 0.04772884304452671, 'lag_20': 0.24788553620379414, 'lag_21': 0.6232704623994663, 'lag_22': 0.483572995756463, 'lag_23': 0.5241016675083205, 'lag_24': 0.7425464184676, 'lag_25': 0.8618854620945741, 'lag_26': 0.14408365039057358, 'lag_27': 0.762178026305625, 'lag_28': 0.41173327457037423}. Best is trial 6 with value: 0.004473648248910995.
[I 2025-09-29 13:09:16,085] Trial 69 finished with value: 0.00609275386694927 and parameters: {'lag_0': 0.1227353644552876, 'lag_1': 0.4489380742168671, 'lag_2': 0.35222584653180233, 'lag_3': 0.7620410129586225, 'lag_4': 0.8344116199560627, 'lag_5': 0.7814935264604735, 'lag_6': 0.5768831405875308, 'lag_7': 0.3274184608468512, 'lag_8': 0.33078650701214873, 'lag_9': 0.27939556585171305, 'lag_10': 0.48849743584824296, 'lag_11': 0.8560267297170435, 'lag_12': 0.24430098192160513, 'lag_13': 0.6901265118566058, 'lag_14': 0.7893803354371054, 'lag_15': 0.6306085203309588, 'lag_16': 0.662722978297019, 'lag_17': 0.3883349988027327, 'lag_18': 0.571141839283653, 'lag_19': 0.8257792198202948, 'lag_20': 0.45241728771775486, 'lag_21': 0.7461793004324289, 'lag_22': 0.30968416340771177, 'lag_23': 0.4860974149922608, 'lag_24': 0.18261403845365745, 'lag_25': 0.8348231419718606, 'lag_26': 0.995799628678183, 'lag_27': 0.6484339922296845, 'lag_28': 0.3712666264482961}. Best is trial 6 with value: 0.004473648248910995.
[I 2025-09-29 13:09:18,544] Trial 70 finished with value: 0.006237888403888838 and parameters: {'lag_0': 0.05213810097476157, 'lag_1': 0.25261367353168895, 'lag_2': 0.12416926844281338, 'lag_3': 0.29442993988772176, 'lag_4': 0.30120580089392845, 'lag_5': 0.4473392648461288, 'lag_6': 0.5065788696193154, 'lag_7': 0.44287144814149493, 'lag_8': 0.5230164474779717, 'lag_9': 0.18087557568564627, 'lag_10': 0.6829890845194467, 'lag_11': 0.8171170803086272, 'lag_12': 0.4729718118028325, 'lag_13': 0.17629234738419175, 'lag_14': 0.2797357993419328, 'lag_15': 0.7193774325261793, 'lag_16': 0.5579609822455337, 'lag_17': 0.7443530609591701, 'lag_18': 0.6425129419671609, 'lag_19': 0.664030792206752, 'lag_20': 0.22573469917464917, 'lag_21': 0.8928794425752968, 'lag_22': 0.419997160430329, 'lag_23': 0.7520948823558359, 'lag_24': 0.3707006216506376, 'lag_25': 0.05710620937876962, 'lag_26': 0.945397373994397, 'lag_27': 0.4288086498938937, 'lag_28': 0.801802383606205}. Best is trial 6 with value: 0.004473648248910995.
[I 2025-09-29 13:09:21,006] Trial 71 finished with value: 0.0048791099140919674 and parameters: {'lag_0': 0.6294884936453475, 'lag_1': 0.6077009860035333, 'lag_2': 0.28883529854349815, 'lag_3': 0.3623569717345171, 'lag_4': 0.48563288861755183, 'lag_5': 0.8489297323537971, 'lag_6': 0.7548887975901408, 'lag_7': 0.5451977921241518, 'lag_8': 0.672393973348921, 'lag_9': 0.3584252652924605, 'lag_10': 0.6100859583498565, 'lag_11': 0.7002184686184827, 'lag_12': 0.36559369725684926, 'lag_13': 0.3632390035738391, 'lag_14': 0.3969702626404468, 'lag_15': 0.5007779673002176, 'lag_16': 0.40897651676446717, 'lag_17': 0.3226970039269054, 'lag_18': 0.899053139088823, 'lag_19': 0.870571843579072, 'lag_20': 0.6487977668445039, 'lag_21': 0.27729756987771004, 'lag_22': 0.6706668847267289, 'lag_23': 0.9534406320076768, 'lag_24': 0.6353897369579408, 'lag_25': 0.8211282329297088, 'lag_26': 0.1134094471418294, 'lag_27': 0.23875283420927815, 'lag_28': 0.3954649221829193}. Best is trial 6 with value: 0.004473648248910995.
[I 2025-09-29 13:09:23,454] Trial 72 finished with value: 0.0059069615412390844 and parameters: {'lag_0': 0.5068663739995232, 'lag_1': 0.6025808684002403, 'lag_2': 0.2787358115658063, 'lag_3': 0.21910133994073955, 'lag_4': 0.4791331566642012, 'lag_5': 0.8530312500037495, 'lag_6': 0.27674366525156957, 'lag_7': 0.5580316569754986, 'lag_8': 0.7550416045332298, 'lag_9': 0.3709942141979255, 'lag_10': 0.6063063151121129, 'lag_11': 0.9954224735864496, 'lag_12': 0.44798059446461264, 'lag_13': 0.2880576212851421, 'lag_14': 0.34976822609118163, 'lag_15': 0.44744377020564485, 'lag_16': 0.4150712614062884, 'lag_17': 0.4398996670459792, 'lag_18': 0.8547180045392774, 'lag_19': 0.7194667949079167, 'lag_20': 0.6334678354389037, 'lag_21': 0.6905098955529292, 'lag_22': 0.5518179791721629, 'lag_23': 0.9639440727445363, 'lag_24': 0.6552290354714105, 'lag_25': 0.9125019038729121, 'lag_26': 0.05638348079830405, 'lag_27': 0.2694913093143264, 'lag_28': 0.4330305807687746}. Best is trial 6 with value: 0.004473648248910995.
[I 2025-09-29 13:09:25,915] Trial 73 finished with value: 0.006383295527265473 and parameters: {'lag_0': 0.461101506930661, 'lag_1': 0.38551608435419427, 'lag_2': 0.25966712270104475, 'lag_3': 0.38983594490427254, 'lag_4': 0.41565137906854455, 'lag_5': 0.5497281084118801, 'lag_6': 0.7495239456137902, 'lag_7': 0.7007596710603814, 'lag_8': 0.6701258535634033, 'lag_9': 0.40741949041709696, 'lag_10': 0.5441667737308162, 'lag_11': 0.6259506079554289, 'lag_12': 0.41766092537626576, 'lag_13': 0.35525647334564986, 'lag_14': 0.40062074001767844, 'lag_15': 0.49900431187207483, 'lag_16': 0.7148106849733408, 'lag_17': 0.3828914611029862, 'lag_18': 0.8829768990598734, 'lag_19': 0.3791662155197344, 'lag_20': 0.6785186030750273, 'lag_21': 0.3561638709768098, 'lag_22': 0.5888809426417375, 'lag_23': 0.6402643287816377, 'lag_24': 0.8253766121541, 'lag_25': 0.8256620871025058, 'lag_26': 0.1099123039573615, 'lag_27': 0.8913451528137124, 'lag_28': 0.3915310936904065}. Best is trial 6 with value: 0.004473648248910995.
[I 2025-09-29 13:09:28,368] Trial 74 finished with value: 0.005300722776951252 and parameters: {'lag_0': 0.6410041834693597, 'lag_1': 0.5632690683898247, 'lag_2': 0.20287727058405886, 'lag_3': 0.6494072110343752, 'lag_4': 0.3341801965568384, 'lag_5': 0.7549490567442941, 'lag_6': 0.7972459395568803, 'lag_7': 0.19094983917120423, 'lag_8': 0.7921168716043419, 'lag_9': 0.46024492877419465, 'lag_10': 0.6516812486455184, 'lag_11': 0.532003449704907, 'lag_12': 0.1863341609005095, 'lag_13': 0.4149705997700397, 'lag_14': 0.44077365991338696, 'lag_15': 0.3215687482650437, 'lag_16': 0.4622497983296294, 'lag_17': 0.33012709384902317, 'lag_18': 0.9302790957213393, 'lag_19': 0.7762846706961022, 'lag_20': 0.5616120899741887, 'lag_21': 0.30828907280780465, 'lag_22': 0.714436761965641, 'lag_23': 0.7280690809833139, 'lag_24': 0.5607961135372216, 'lag_25': 0.7890923813072312, 'lag_26': 0.22421539141462407, 'lag_27': 0.21178736604229859, 'lag_28': 0.3477060898888205}. Best is trial 6 with value: 0.004473648248910995.
[I 2025-09-29 13:09:30,824] Trial 75 finished with value: 0.006481782620168944 and parameters: {'lag_0': 0.7017914205319209, 'lag_1': 0.4799586116776123, 'lag_2': 0.8703091576773205, 'lag_3': 0.305640819919457, 'lag_4': 0.44468006859288267, 'lag_5': 0.6812351452086043, 'lag_6': 0.8646123462860977, 'lag_7': 0.40079949333513554, 'lag_8': 0.8531118211788974, 'lag_9': 0.25211199731992534, 'lag_10': 0.7291562757705466, 'lag_11': 0.9314002996628029, 'lag_12': 0.3807834117198828, 'lag_13': 0.5410942050747379, 'lag_14': 0.30311452314062204, 'lag_15': 0.5567240023769053, 'lag_16': 0.25365514406825307, 'lag_17': 0.8977373566531061, 'lag_18': 0.7578690580866588, 'lag_19': 0.9935999802536217, 'lag_20': 0.5099031515000367, 'lag_21': 0.07416167088492057, 'lag_22': 0.6520759382976007, 'lag_23': 0.9478830915936269, 'lag_24': 0.6251976509418372, 'lag_25': 0.9579630697577683, 'lag_26': 0.870683806377488, 'lag_27': 0.30792310558913355, 'lag_28': 0.30802919281374835}. Best is trial 6 with value: 0.004473648248910995.
[I 2025-09-29 13:09:33,280] Trial 76 finished with value: 0.004904673101925705 and parameters: {'lag_0': 0.8341935633674893, 'lag_1': 0.20314535045489776, 'lag_2': 0.42873761517527964, 'lag_3': 0.8285981689209319, 'lag_4': 0.6070607869412836, 'lag_5': 0.7209978483442727, 'lag_6': 0.6863283731076938, 'lag_7': 0.25559251484532114, 'lag_8': 0.46038471600998315, 'lag_9': 0.35402293749899383, 'lag_10': 0.8254907909854663, 'lag_11': 0.8983752706866983, 'lag_12': 0.2950004704387735, 'lag_13': 0.4303600094412519, 'lag_14': 0.2391808649841719, 'lag_15': 0.4315993754327585, 'lag_16': 0.38238617376625494, 'lag_17': 0.4594078665424368, 'lag_18': 0.3126070818318127, 'lag_19': 0.8806265719281733, 'lag_20': 0.015058576504682952, 'lag_21': 0.5499935097695483, 'lag_22': 0.763705283863083, 'lag_23': 0.8120312075539934, 'lag_24': 0.4109085316097043, 'lag_25': 0.3047659346418694, 'lag_26': 0.11987413014912283, 'lag_27': 0.23326976526002743, 'lag_28': 0.4827857240252811}. Best is trial 6 with value: 0.004473648248910995.
[I 2025-09-29 13:09:35,741] Trial 77 finished with value: 0.005574716044276155 and parameters: {'lag_0': 0.006790145261530767, 'lag_1': 0.21257553136404436, 'lag_2': 0.4540762679064544, 'lag_3': 0.8442430993834836, 'lag_4': 0.6084424492434072, 'lag_5': 0.827987610114682, 'lag_6': 0.6901242689979113, 'lag_7': 0.242859761728803, 'lag_8': 0.4522335220762487, 'lag_9': 0.3121582773439959, 'lag_10': 0.8375152811284713, 'lag_11': 0.8653622406070072, 'lag_12': 0.3042325016844094, 'lag_13': 0.4957138314032276, 'lag_14': 0.24261089870623048, 'lag_15': 0.3910894170870751, 'lag_16': 0.38198209999492916, 'lag_17': 0.5108893924789608, 'lag_18': 0.4556308141913069, 'lag_19': 0.9407679672960281, 'lag_20': 0.019587002483799326, 'lag_21': 0.553870165072125, 'lag_22': 0.7528243785761152, 'lag_23': 0.8062146484961257, 'lag_24': 0.5028468329621659, 'lag_25': 0.32178291565401096, 'lag_26': 0.6985433709278841, 'lag_27': 0.0744715301340303, 'lag_28': 0.44573511115877407}. Best is trial 6 with value: 0.004473648248910995.
[I 2025-09-29 13:09:38,200] Trial 78 finished with value: 0.006277387139260386 and parameters: {'lag_0': 0.5818909920503106, 'lag_1': 0.16850978552995655, 'lag_2': 0.4263789760772065, 'lag_3': 0.5929960468121289, 'lag_4': 0.38193989804067263, 'lag_5': 0.915691226106074, 'lag_6': 0.7342090571805377, 'lag_7': 0.28609260540605747, 'lag_8': 0.5665216082826936, 'lag_9': 0.3577813010107038, 'lag_10': 0.7766372356356538, 'lag_11': 0.7424462883169213, 'lag_12': 0.6034989719996677, 'lag_13': 0.4347693674384595, 'lag_14': 0.1928282618203544, 'lag_15': 0.5027819109826821, 'lag_16': 0.49481960989711343, 'lag_17': 0.23012262101901168, 'lag_18': 0.3892228393801685, 'lag_19': 0.30809877337974356, 'lag_20': 0.12937439767130593, 'lag_21': 0.4836516560419612, 'lag_22': 0.7796061805118675, 'lag_23': 0.6970706248645302, 'lag_24': 0.39972417644809405, 'lag_25': 0.2983218034936155, 'lag_26': 0.8961872945938015, 'lag_27': 0.24520784962206812, 'lag_28': 0.48377194266766566}. Best is trial 6 with value: 0.004473648248910995.
[I 2025-09-29 13:09:40,658] Trial 79 finished with value: 0.004839556425985522 and parameters: {'lag_0': 0.4159270667523865, 'lag_1': 0.09681783988268029, 'lag_2': 0.5193332452479407, 'lag_3': 0.7916007705994091, 'lag_4': 0.9480866387649998, 'lag_5': 0.7221128757220496, 'lag_6': 0.6498545460316637, 'lag_7': 0.1455205231738143, 'lag_8': 0.9528786422088706, 'lag_9': 0.32754705095678327, 'lag_10': 0.9068894023688605, 'lag_11': 0.7820114762161741, 'lag_12': 0.320270008589322, 'lag_13': 0.3751643314572455, 'lag_14': 0.3230494828568546, 'lag_15': 0.43957298278882995, 'lag_16': 0.768710931995397, 'lag_17': 0.5979236782805941, 'lag_18': 0.7735068432064477, 'lag_19': 0.1960523377713246, 'lag_20': 0.09338152692608666, 'lag_21': 0.43536460603915994, 'lag_22': 0.965028546799837, 'lag_23': 0.7673544938325431, 'lag_24': 0.43751506948891095, 'lag_25': 0.21600418030220236, 'lag_26': 0.07030878416927523, 'lag_27': 0.149152678885753, 'lag_28': 0.4038960296644448}. Best is trial 6 with value: 0.004473648248910995.
[I 2025-09-29 13:09:43,111] Trial 80 finished with value: 0.0058524446772861005 and parameters: {'lag_0': 0.329460814955163, 'lag_1': 0.08182135705948768, 'lag_2': 0.5246949757965121, 'lag_3': 0.8018671997339648, 'lag_4': 0.9507344123488082, 'lag_5': 0.8843959266995317, 'lag_6': 0.13163658691212365, 'lag_7': 0.0708577656321511, 'lag_8': 0.9565044980645395, 'lag_9': 0.33740715776208197, 'lag_10': 0.9857166738574389, 'lag_11': 0.8183936210208534, 'lag_12': 0.33113707895781397, 'lag_13': 0.3884154440516562, 'lag_14': 0.14078518612235313, 'lag_15': 0.4370398201151876, 'lag_16': 0.7574056051893457, 'lag_17': 0.8515681347783044, 'lag_18': 0.5119065039334973, 'lag_19': 0.16810801754122492, 'lag_20': 0.07068109048001378, 'lag_21': 0.44998768948566187, 'lag_22': 0.9570387315324546, 'lag_23': 0.848140705305193, 'lag_24': 0.42905741649135687, 'lag_25': 0.2736097716941858, 'lag_26': 0.6229136659302754, 'lag_27': 0.15295895136384438, 'lag_28': 0.35024870968527544}. Best is trial 6 with value: 0.004473648248910995.
[I 2025-09-29 13:09:45,577] Trial 81 finished with value: 0.006380820799269235 and parameters: {'lag_0': 0.27564467340829896, 'lag_1': 0.12815996861646206, 'lag_2': 0.5771371282293741, 'lag_3': 0.7133571665107359, 'lag_4': 0.980398312634538, 'lag_5': 0.7781010999918532, 'lag_6': 0.6539017537882215, 'lag_7': 0.15225903061911303, 'lag_8': 0.9373241427400922, 'lag_9': 0.2728750782922794, 'lag_10': 0.9038065293735309, 'lag_11': 0.7685605287585828, 'lag_12': 0.3879200620948451, 'lag_13': 0.4821926388669955, 'lag_14': 0.20848409946951207, 'lag_15': 0.5838019024353363, 'lag_16': 0.8602871878079587, 'lag_17': 0.45317496601031415, 'lag_18': 0.7078885811894815, 'lag_19': 0.2208501068867325, 'lag_20': 0.09571867452841115, 'lag_21': 0.3953555763351625, 'lag_22': 0.8457239177831385, 'lag_23': 0.7700788715305531, 'lag_24': 0.45799270550636534, 'lag_25': 0.22152215968109973, 'lag_26': 0.05769849083342224, 'lag_27': 0.17044425663561164, 'lag_28': 0.465578572998902}. Best is trial 6 with value: 0.004473648248910995.
[I 2025-09-29 13:09:48,032] Trial 82 finished with value: 0.0059008064198111665 and parameters: {'lag_0': 0.4081375159150729, 'lag_1': 0.020068783145084534, 'lag_2': 0.5086783301211881, 'lag_3': 0.877103736653072, 'lag_4': 0.912849001409178, 'lag_5': 0.7341647807642424, 'lag_6': 0.054360482401953764, 'lag_7': 0.2591298356618781, 'lag_8': 0.8841141713458213, 'lag_9': 0.3151110843127167, 'lag_10': 0.9561222523758475, 'lag_11': 0.7846844548719152, 'lag_12': 0.34575553937564846, 'lag_13': 0.36182399899682793, 'lag_14': 0.33171983375784553, 'lag_15': 0.4754249434613736, 'lag_16': 0.8052524935779812, 'lag_17': 0.5939891092797924, 'lag_18': 0.7915432523060162, 'lag_19': 0.0913262391077946, 'lag_20': 0.030835965492749695, 'lag_21': 0.5063720986736202, 'lag_22': 0.9689380794066307, 'lag_23': 0.8143851322331983, 'lag_24': 0.5055909986592166, 'lag_25': 0.3942134520616399, 'lag_26': 0.16126250191243358, 'lag_27': 0.10339045825115617, 'lag_28': 0.3990153426171508}. Best is trial 6 with value: 0.004473648248910995.
