[I 2025-09-29 13:08:00,301] Trial 40 finished with value: 0.006621160272579331 and parameters: {'lag_0': 0.9212653569789141, 'lag_1': 0.3281942837733206, 'lag_2': 0.4160950814468745, 'lag_3': 0.21634090312171217, 'lag_4': 0.09963014130458031, 'lag_5': 0.20126524557906783, 'lag_6': 0.3218262026977611, 'lag_7': 0.6169372634479426, 'lag_8': 0.41258823751543305, 'lag_9': 0.5362467018106274, 'lag_10': 0.07914128940344906, 'lag_11': 0.44417357466146973, 'lag_12': 0.6278928002952979, 'lag_13': 0.0662822853070795, 'lag_14': 0.12331712481653401, 'lag_15': 0.3519899438386025, 'lag_16': 0.5861492271028188, 'lag_17': 0.25506703515935253, 'lag_18': 0.25649877135665133, 'lag_19': 0.3900327775327046, 'lag_20': 0.931630172920236, 'lag_21': 0.43381335172544655, 'lag_22': 0.1740362359380465, 'lag_23': 0.33766609750635646, 'lag_24': 0.5729389716154044, 'lag_25': 0.8014897946617068, 'lag_26': 0.48791199301398064, 'lag_27': 0.1580360099002447, 'lag_28': 0.7108705437846059}. Best is trial 28 with value: 0.006548623969072112.
[I 2025-09-29 13:08:02,652] Trial 41 finished with value: 0.007880277497828995 and parameters: {'lag_0': 0.9315671500533751, 'lag_1': 0.3437745873900965, 'lag_2': 0.4471254655627721, 'lag_3': 0.2520087077002276, 'lag_4': 0.033464277657409974, 'lag_5': 0.20135835871403357, 'lag_6': 0.3311282167630515, 'lag_7': 0.639235139954368, 'lag_8': 0.40820908301002595, 'lag_9': 0.5364166143361097, 'lag_10': 0.06548872547083953, 'lag_11': 0.4429477059598098, 'lag_12': 0.619440149972497, 'lag_13': 0.07451699559465508, 'lag_14': 0.11742632746481962, 'lag_15': 0.3440337527635835, 'lag_16': 0.5719578933005873, 'lag_17': 0.36574305868672485, 'lag_18': 0.2531895749929637, 'lag_19': 0.2523752222469156, 'lag_20': 0.9236740236760969, 'lag_21': 0.4047328126008578, 'lag_22': 0.17460971098233505, 'lag_23': 0.333683678742072, 'lag_24': 0.5426958906953054, 'lag_25': 0.7911781563351972, 'lag_26': 0.4686309023481336, 'lag_27': 0.12572601819924845, 'lag_28': 0.7118403836635194}. Best is trial 28 with value: 0.006548623969072112.
[I 2025-09-29 13:08:04,980] Trial 42 finished with value: 0.007158751659469701 and parameters: {'lag_0': 0.8190834226814527, 'lag_1': 0.23872771280259936, 'lag_2': 0.4194347967107629, 'lag_3': 0.17344391816945665, 'lag_4': 0.11221830589560974, 'lag_5': 0.3187431660747573, 'lag_6': 0.12092133338603285, 'lag_7': 0.6118126812723105, 'lag_8': 0.27553031498014197, 'lag_9': 0.4393109514554795, 'lag_10': 0.007015466641517428, 'lag_11': 0.5602553140932863, 'lag_12': 0.48218782057058673, 'lag_13': 0.15311557497904793, 'lag_14': 0.1142235043888443, 'lag_15': 0.47978412244419655, 'lag_16': 0.4034947701184235, 'lag_17': 0.27209069209190984, 'lag_18': 0.1583258064018142, 'lag_19': 0.35734369561571, 'lag_20': 0.9332394624443495, 'lag_21': 0.2653859553893432, 'lag_22': 0.07508359521924308, 'lag_23': 0.23128855107812546, 'lag_24': 0.6226734275115295, 'lag_25': 0.843976752238081, 'lag_26': 0.5101086333625929, 'lag_27': 0.16930686473420428, 'lag_28': 0.6159148681873262}. Best is trial 28 with value: 0.006548623969072112.
[I 2025-09-29 13:08:07,331] Trial 43 finished with value: 0.007138413125046231 and parameters: {'lag_0': 0.9416737749792576, 'lag_1': 0.2732948737798379, 'lag_2': 0.39396243561706124, 'lag_3': 0.33393734202479364, 'lag_4': 0.1466177835176064, 'lag_5': 0.15263240033117917, 'lag_6': 0.37948399923938336, 'lag_7': 0.7042797155726724, 'lag_8': 0.5173209981303345, 'lag_9': 0.5872412722821023, 'lag_10': 0.10999558632738424, 'lag_11': 0.3281814336507576, 'lag_12': 0.9081730207750154, 'lag_13': 0.04897044898901798, 'lag_14': 0.27703213631901874, 'lag_15': 0.26647355569506825, 'lag_16': 0.6813010365196965, 'lag_17': 0.2523624988547048, 'lag_18': 0.20256694032918388, 'lag_19': 0.3960952960111287, 'lag_20': 0.0008719408536121964, 'lag_21': 0.4776926962454299, 'lag_22': 0.21205150837064737, 'lag_23': 0.5199426811021568, 'lag_24': 0.45198502351771974, 'lag_25': 0.7229026958191359, 'lag_26': 0.43530530547487817, 'lag_27': 0.00017142553972923635, 'lag_28': 0.8003253142095887}. Best is trial 28 with value: 0.006548623969072112.
[I 2025-09-29 13:08:09,666] Trial 44 finished with value: 0.007117256383660629 and parameters: {'lag_0': 0.4392537110175945, 'lag_1': 0.06314899443644012, 'lag_2': 0.3135444933362621, 'lag_3': 0.10953655094321842, 'lag_4': 0.31373712816541577, 'lag_5': 0.215100583132493, 'lag_6': 0.292728925303787, 'lag_7': 0.8154947357320599, 'lag_8': 0.12225229882011096, 'lag_9': 0.5083322158030165, 'lag_10': 0.19753594623554335, 'lag_11': 0.47097613654724624, 'lag_12': 0.6860385642818656, 'lag_13': 0.1117544318316942, 'lag_14': 0.23094049810265593, 'lag_15': 0.3907442043764561, 'lag_16': 0.4829897086892654, 'lag_17': 0.169273856973063, 'lag_18': 0.05088196471365626, 'lag_19': 0.31728839854481466, 'lag_20': 0.761491684564559, 'lag_21': 0.5998029233085105, 'lag_22': 0.05631416682433937, 'lag_23': 0.38089021856776384, 'lag_24': 0.3894722047696525, 'lag_25': 0.6341348648161003, 'lag_26': 0.3896879065817901, 'lag_27': 0.07435547836910328, 'lag_28': 0.9130218711320004}. Best is trial 28 with value: 0.006548623969072112.
[I 2025-09-29 13:08:11,993] Trial 45 finished with value: 0.007218927937428181 and parameters: {'lag_0': 0.8683004781755767, 'lag_1': 0.15461588880670066, 'lag_2': 0.49233431283557716, 'lag_3': 0.17982070933956662, 'lag_4': 0.086799030142665, 'lag_5': 0.05114187559350797, 'lag_6': 0.22367334031974379, 'lag_7': 0.5133825063180368, 'lag_8': 0.22791421982065627, 'lag_9': 0.35850089296335097, 'lag_10': 0.26579913421392354, 'lag_11': 0.4078778481807784, 'lag_12': 0.8754876890994046, 'lag_13': 0.1742549523976441, 'lag_14': 0.12154013376343897, 'lag_15': 0.09059093905050682, 'lag_16': 0.6603120753130483, 'lag_17': 0.4243204903238913, 'lag_18': 0.236289212758024, 'lag_19': 0.2239999662172257, 'lag_20': 0.8250254587915047, 'lag_21': 0.33536485087620566, 'lag_22': 0.2372771226136569, 'lag_23': 0.29205987627393065, 'lag_24': 0.584954886338768, 'lag_25': 0.7839060689295132, 'lag_26': 0.7055281792831702, 'lag_27': 0.23895877310302255, 'lag_28': 0.5029595042992406}. Best is trial 28 with value: 0.006548623969072112.
[I 2025-09-29 13:08:14,351] Trial 46 finished with value: 0.007447582560635328 and parameters: {'lag_0': 0.8531248804667035, 'lag_1': 0.41541737225840947, 'lag_2': 0.15274194673029517, 'lag_3': 0.44746564938519273, 'lag_4': 0.4394327961189069, 'lag_5': 0.8080111951994451, 'lag_6': 0.08029626820461316, 'lag_7': 0.5594903116641896, 'lag_8': 0.2889473592440371, 'lag_9': 0.28521779310441436, 'lag_10': 0.09093838043874473, 'lag_11': 0.5395063523167746, 'lag_12': 0.6215642624956745, 'lag_13': 0.04351821101188707, 'lag_14': 0.05667497370215474, 'lag_15': 0.057034112529538404, 'lag_16': 0.30988910786567436, 'lag_17': 0.07043029846385584, 'lag_18': 0.06592735182692783, 'lag_19': 0.07080995418096114, 'lag_20': 0.9529621426744038, 'lag_21': 0.6930147881531771, 'lag_22': 0.15102826343963294, 'lag_23': 0.47342700625685397, 'lag_24': 0.7255772905520532, 'lag_25': 0.568631940015326, 'lag_26': 0.5605305485509591, 'lag_27': 0.16208324607357383, 'lag_28': 0.7230955427339483}. Best is trial 28 with value: 0.006548623969072112.
[I 2025-09-29 13:08:16,721] Trial 47 finished with value: 0.0072858283337598004 and parameters: {'lag_0': 0.3560431420780869, 'lag_1': 0.64853059414508, 'lag_2': 0.6438294381332671, 'lag_3': 0.25236564611092044, 'lag_4': 0.2835655207195111, 'lag_5': 0.12632615580134154, 'lag_6': 0.18627651573849607, 'lag_7': 0.41016040982418134, 'lag_8': 0.4158750166306743, 'lag_9': 0.6785763555585661, 'lag_10': 0.3189134435910183, 'lag_11': 0.6235992546862037, 'lag_12': 0.7670604416184948, 'lag_13': 0.3227914309426333, 'lag_14': 0.06988779010397662, 'lag_15': 0.3797567546561752, 'lag_16': 0.3793543658205011, 'lag_17': 0.32714379685880457, 'lag_18': 0.29848708742285074, 'lag_19': 0.6387608785991219, 'lag_20': 0.8699334817763178, 'lag_21': 0.4428435174686629, 'lag_22': 0.1108858846013177, 'lag_23': 0.22430892228548271, 'lag_24': 0.5153441927968864, 'lag_25': 0.9635690307190378, 'lag_26': 0.4912177006901848, 'lag_27': 0.03784007990768637, 'lag_28': 0.6563098839111484}. Best is trial 28 with value: 0.006548623969072112.
[I 2025-09-29 13:08:19,076] Trial 48 finished with value: 0.0067992812435485744 and parameters: {'lag_0': 0.7554933975654393, 'lag_1': 0.3472510706460318, 'lag_2': 0.34676037433377477, 'lag_3': 0.31541231359868604, 'lag_4': 0.44229747974453726, 'lag_5': 0.2824392645990476, 'lag_6': 0.36003023188342653, 'lag_7': 0.6768972162132402, 'lag_8': 0.5638673230409823, 'lag_9': 0.39779502223656404, 'lag_10': 0.16239512650932977, 'lag_11': 0.8043459771510214, 'lag_12': 0.4646837415425757, 'lag_13': 0.056520799687567076, 'lag_14': 0.33629047644636473, 'lag_15': 0.2812346523897582, 'lag_16': 0.7661918590996808, 'lag_17': 0.476577578227085, 'lag_18': 0.3653626983557377, 'lag_19': 0.47359280021875927, 'lag_20': 0.723280444483451, 'lag_21': 0.5426183977240071, 'lag_22': 0.7671932152434162, 'lag_23': 0.36841526131020036, 'lag_24': 0.35075862481859565, 'lag_25': 0.8669885434499569, 'lag_26': 0.29031447021365, 'lag_27': 0.22784372162720606, 'lag_28': 0.324498610287889}. Best is trial 28 with value: 0.006548623969072112.
[I 2025-09-29 13:08:21,412] Trial 49 finished with value: 0.007292580241171853 and parameters: {'lag_0': 0.7111473237543344, 'lag_1': 0.13532612954903922, 'lag_2': 0.7392662386973059, 'lag_3': 0.40482979034393296, 'lag_4': 0.013871352380463275, 'lag_5': 0.38955561939833044, 'lag_6': 0.15521762512092308, 'lag_7': 0.8519549365452861, 'lag_8': 0.47970629997640624, 'lag_9': 0.3155931681534266, 'lag_10': 0.060594564584967925, 'lag_11': 0.7038082866920305, 'lag_12': 0.9341291826502889, 'lag_13': 0.13064806524165148, 'lag_14': 0.17551818994954632, 'lag_15': 0.4535160449262255, 'lag_16': 0.5515204730872849, 'lag_17': 0.2792786240571005, 'lag_18': 0.0016028613500756739, 'lag_19': 0.5686794367249497, 'lag_20': 0.9227252516605222, 'lag_21': 0.19530566849400657, 'lag_22': 0.13683649322571229, 'lag_23': 0.10093977251619965, 'lag_24': 0.953706921967042, 'lag_25': 0.8033872826599124, 'lag_26': 0.8260598272545003, 'lag_27': 0.12888980488940804, 'lag_28': 0.868966608949522}. Best is trial 28 with value: 0.006548623969072112.
[I 2025-09-29 13:08:23,757] Trial 50 finished with value: 0.0071186862181528586 and parameters: {'lag_0': 0.962779189657343, 'lag_1': 0.2639242136055341, 'lag_2': 0.24008536707151834, 'lag_3': 0.20656630052390246, 'lag_4': 0.12980783843054577, 'lag_5': 0.15896936417147206, 'lag_6': 0.3074821822020088, 'lag_7': 0.6073276842770811, 'lag_8': 0.6015543919455932, 'lag_9': 0.55025698483685, 'lag_10': 0.002100486616956953, 'lag_11': 0.49021969707850443, 'lag_12': 0.7482987944295217, 'lag_13': 0.0816616213869124, 'lag_14': 0.7090309886669401, 'lag_15': 0.22417435672236125, 'lag_16': 0.27861677032069637, 'lag_17': 0.3605491491188936, 'lag_18': 0.49939190897855096, 'lag_19': 0.3811734989886973, 'lag_20': 0.8201356242956164, 'lag_21': 0.7524796661856482, 'lag_22': 0.17626226490650249, 'lag_23': 0.5979059560496379, 'lag_24': 0.8767922819656646, 'lag_25': 0.6611424522010297, 'lag_26': 0.5692792234216967, 'lag_27': 0.30052340006253786, 'lag_28': 0.4995351598374466}. Best is trial 28 with value: 0.006548623969072112.
[I 2025-09-29 13:08:26,102] Trial 51 finished with value: 0.01041780442823416 and parameters: {'lag_0': 0.9124660288217342, 'lag_1': 0.19881413194857317, 'lag_2': 0.5778805747942583, 'lag_3': 0.3034170215259413, 'lag_4': 0.25766039784203276, 'lag_5': 0.03785272062966767, 'lag_6': 0.4536932491344351, 'lag_7': 0.7367585431095947, 'lag_8': 0.3831749655388452, 'lag_9': 0.37228819672885294, 'lag_10': 0.037313739960925935, 'lag_11': 0.4015052469474695, 'lag_12': 0.5798863739025386, 'lag_13': 0.013525492609724056, 'lag_14': 0.31098476354716215, 'lag_15': 0.18065381244209014, 'lag_16': 0.3412968525908974, 'lag_17': 0.1857596048141424, 'lag_18': 0.09746866155781837, 'lag_19': 0.1457478617000333, 'lag_20': 0.9639879067079385, 'lag_21': 0.5889810257215777, 'lag_22': 0.009939308029603165, 'lag_23': 0.4349733907689878, 'lag_24': 0.8171778441155526, 'lag_25': 0.7606970635106222, 'lag_26': 0.517781299503969, 'lag_27': 0.048828022760393, 'lag_28': 0.4327636555454497}. Best is trial 28 with value: 0.006548623969072112.
[I 2025-09-29 13:08:28,456] Trial 52 finished with value: 0.007235570980255521 and parameters: {'lag_0': 0.8896591065539945, 'lag_1': 0.1743296044566053, 'lag_2': 0.5196508875902798, 'lag_3': 0.13467735101387884, 'lag_4': 0.33745066308857985, 'lag_5': 0.02834805222284334, 'lag_6': 0.5585689931987698, 'lag_7': 0.7950425602399334, 'lag_8': 0.344448729238694, 'lag_9': 0.44820558628157003, 'lag_10': 0.09656279653526864, 'lag_11': 0.514333883893327, 'lag_12': 0.5306738487800411, 'lag_13': 0.009960335767730696, 'lag_14': 0.36674129133200506, 'lag_15': 0.15293045000570793, 'lag_16': 0.21706948516985597, 'lag_17': 0.23625095155956183, 'lag_18': 0.14197080208944374, 'lag_19': 0.21862006076301985, 'lag_20': 0.9894331893292061, 'lag_21': 0.6202701126960299, 'lag_22': 0.015665963660763452, 'lag_23': 0.4433001107545359, 'lag_24': 0.6468242889705479, 'lag_25': 0.6041491861099495, 'lag_26': 0.6151400795268916, 'lag_27': 0.07691974268881946, 'lag_28': 0.6083159228446635}. Best is trial 28 with value: 0.006548623969072112.
[I 2025-09-29 13:08:30,803] Trial 53 finished with value: 0.008238962266203234 and parameters: {'lag_0': 0.08021228156478027, 'lag_1': 0.3163247822212871, 'lag_2': 0.47835682106359856, 'lag_3': 0.26875834558729017, 'lag_4': 0.22230561792776232, 'lag_5': 0.09929218904323817, 'lag_6': 0.40191630465485995, 'lag_7': 0.7367342985505749, 'lag_8': 0.4410645697456495, 'lag_9': 0.5025795795116879, 'lag_10': 0.02150630919701152, 'lag_11': 0.5744975477678304, 'lag_12': 0.008602604859777152, 'lag_13': 0.8079290646958797, 'lag_14': 0.24371513663187788, 'lag_15': 0.3431924707301612, 'lag_16': 0.43641121193405547, 'lag_17': 0.12498062830929511, 'lag_18': 0.18032120175221972, 'lag_19': 0.06345202618510118, 'lag_20': 0.8973188128123242, 'lag_21': 0.5107529260287517, 'lag_22': 0.043407568192725565, 'lag_23': 0.4146868121505525, 'lag_24': 0.7583925268853977, 'lag_25': 0.7458010468388745, 'lag_26': 0.7101851872315867, 'lag_27': 0.04842940377047705, 'lag_28': 0.38780591512472473}. Best is trial 28 with value: 0.006548623969072112.
[I 2025-09-29 13:08:33,146] Trial 54 finished with value: 0.008599502195152983 and parameters: {'lag_0': 0.8361474236944058, 'lag_1': 0.20401613261763155, 'lag_2': 0.3885205214750547, 'lag_3': 0.35553554200903326, 'lag_4': 0.07039559753331641, 'lag_5': 0.006324751105660394, 'lag_6': 0.4789027544740283, 'lag_7': 0.6950120904139421, 'lag_8': 0.37308988871533155, 'lag_9': 0.6245273966730879, 'lag_10': 0.13485409416467375, 'lag_11': 0.3194699235573806, 'lag_12': 0.6452207431595572, 'lag_13': 0.19832841684142666, 'lag_14': 0.44899885759643576, 'lag_15': 0.045149318049956984, 'lag_16': 0.32571386437245287, 'lag_17': 0.18596415423014812, 'lag_18': 0.09879668379207418, 'lag_19': 0.3007425671038879, 'lag_20': 0.9481742175030827, 'lag_21': 0.6371344092634944, 'lag_22': 0.09571853427241404, 'lag_23': 0.5175588211717883, 'lag_24': 0.8532963477045377, 'lag_25': 0.7110912178583666, 'lag_26': 0.6449295064654328, 'lag_27': 0.17400541289261023, 'lag_28': 0.466206754336728}. Best is trial 28 with value: 0.006548623969072112.
[I 2025-09-29 13:08:35,488] Trial 55 finished with value: 0.007835300616876657 and parameters: {'lag_0': 0.9652499478775207, 'lag_1': 0.39618840512825626, 'lag_2': 0.6348127571161915, 'lag_3': 0.04563119667520437, 'lag_4': 0.17165661994981193, 'lag_5': 0.07607190164504685, 'lag_6': 0.26264485408385085, 'lag_7': 0.6372012218807016, 'lag_8': 0.1263680066680466, 'lag_9': 0.2590026395142988, 'lag_10': 0.20409550683805686, 'lag_11': 0.6599038104688005, 'lag_12': 0.6808994192154114, 'lag_13': 0.04996457348933292, 'lag_14': 0.3062208609184898, 'lag_15': 0.10752857721249709, 'lag_16': 0.17269225719963913, 'lag_17': 0.3102962367388307, 'lag_18': 0.22070625655239906, 'lag_19': 0.04151215456538507, 'lag_20': 0.9961985610768692, 'lag_21': 0.6923821695250011, 'lag_22': 0.9195576541821036, 'lag_23': 0.2011911743207524, 'lag_24': 0.9610013161093076, 'lag_25': 0.8723853122664965, 'lag_26': 0.43991350039600347, 'lag_27': 0.14031420174470483, 'lag_28': 0.531294567171731}. Best is trial 28 with value: 0.006548623969072112.
[I 2025-09-29 13:08:37,843] Trial 56 finished with value: 0.007153262081578996 and parameters: {'lag_0': 0.455075367148453, 'lag_1': 0.03830530411496991, 'lag_2': 0.5636012151589664, 'lag_3': 0.17464050501785766, 'lag_4': 0.35483134299691765, 'lag_5': 0.22074535413285679, 'lag_6': 0.05769730218565067, 'lag_7': 0.9376880623799742, 'lag_8': 0.18617202610670963, 'lag_9': 0.3432178642264146, 'lag_10': 0.07725070925542636, 'lag_11': 0.4042866339096532, 'lag_12': 0.608874660904147, 'lag_13': 0.11120332344567718, 'lag_14': 0.4113843010233045, 'lag_15': 0.22456007370383946, 'lag_16': 0.27698343507958834, 'lag_17': 0.26851231380082824, 'lag_18': 0.16869857950682018, 'lag_19': 0.15190559789525848, 'lag_20': 0.8633309230626272, 'lag_21': 0.4095487282319004, 'lag_22': 0.8153625723844273, 'lag_23': 0.2732162481827356, 'lag_24': 0.7015712387121462, 'lag_25': 0.9343008572920053, 'lag_26': 0.3439777382933128, 'lag_27': 0.018953805483968203, 'lag_28': 0.5911451152788785}. Best is trial 28 with value: 0.006548623969072112.
[I 2025-09-29 13:08:40,184] Trial 57 finished with value: 0.007045126520875723 and parameters: {'lag_0': 0.5458720612484834, 'lag_1': 0.44754453124500426, 'lag_2': 0.6816029889674798, 'lag_3': 0.10779325846852984, 'lag_4': 0.27071140832463236, 'lag_5': 0.13331509990317467, 'lag_6': 0.5183309282870725, 'lag_7': 0.5518706189480767, 'lag_8': 0.25612079966136303, 'lag_9': 0.4077299099004083, 'lag_10': 0.044638871853340485, 'lag_11': 0.5950290555667311, 'lag_12': 0.8053934611082822, 'lag_13': 0.0024423088003317057, 'lag_14': 0.6029193638431025, 'lag_15': 0.02014096050596262, 'lag_16': 0.37716631874012596, 'lag_17': 0.060852134559517906, 'lag_18': 0.08732640099843927, 'lag_19': 0.3997842265546116, 'lag_20': 0.5384686302353143, 'lag_21': 0.8278530414924581, 'lag_22': 0.25498997289387254, 'lag_23': 0.34367911290951103, 'lag_24': 0.01183187912007505, 'lag_25': 0.801368425838254, 'lag_26': 0.7573769632957803, 'lag_27': 0.09766344642959243, 'lag_28': 0.6831278408709913}. Best is trial 28 with value: 0.006548623969072112.
[I 2025-09-29 13:08:42,536] Trial 58 finished with value: 0.006873873631214883 and parameters: {'lag_0': 0.9999049264027986, 'lag_1': 0.10787691264898747, 'lag_2': 0.30341403381856186, 'lag_3': 0.5009227922529399, 'lag_4': 0.37956084996032746, 'lag_5': 0.47750283132242044, 'lag_6': 0.6609264118840882, 'lag_7': 0.8883836554047045, 'lag_8': 0.5425609510284696, 'lag_9': 0.471398359369482, 'lag_10': 0.12386148384586027, 'lag_11': 0.26405546958919346, 'lag_12': 0.8553034610312986, 'lag_13': 0.1465286913187308, 'lag_14': 0.3296642851990721, 'lag_15': 0.16683127925534164, 'lag_16': 0.46029355597973565, 'lag_17': 0.14299085731157118, 'lag_18': 0.28546555710464405, 'lag_19': 0.35419833880775126, 'lag_20': 0.4386422534560817, 'lag_21': 0.37592668521564443, 'lag_22': 0.04902940087735357, 'lag_23': 0.9985317745200888, 'lag_24': 0.9121380272914257, 'lag_25': 0.7215405643456604, 'lag_26': 0.6660237067953271, 'lag_27': 0.2130236598665331, 'lag_28': 0.9998724203552531}. Best is trial 28 with value: 0.006548623969072112.
[I 2025-09-29 13:08:44,894] Trial 59 finished with value: 0.007080636268110485 and parameters: {'lag_0': 0.7779976435862237, 'lag_1': 0.1773068161077713, 'lag_2': 0.42550232749244177, 'lag_3': 0.22624598933488266, 'lag_4': 0.6101084952512075, 'lag_5': 0.0569436364446886, 'lag_6': 0.5831086821064995, 'lag_7': 0.7526017596880017, 'lag_8': 0.3181186192729104, 'lag_9': 0.7180055353008856, 'lag_10': 0.3934038603415777, 'lag_11': 0.4823727129527097, 'lag_12': 0.34389083696719264, 'lag_13': 0.28054022504903176, 'lag_14': 0.5177860581006677, 'lag_15': 0.32054825716610924, 'lag_16': 0.6003981448876426, 'lag_17': 0.4434590432617614, 'lag_18': 0.04940405244247388, 'lag_19': 0.22794659968469122, 'lag_20': 0.9136943946584366, 'lag_21': 0.5380465908358685, 'lag_22': 0.6707474977226524, 'lag_23': 0.38642658563504007, 'lag_24': 0.2301544378540646, 'lag_25': 0.5393235130896651, 'lag_26': 0.534758949109906, 'lag_27': 0.8520622462037848, 'lag_28': 0.3190312453465479}. Best is trial 28 with value: 0.006548623969072112.
[I 2025-09-29 13:08:47,228] Trial 60 finished with value: 0.007187431896974086 and parameters: {'lag_0': 0.9058807784232337, 'lag_1': 0.5253092410741882, 'lag_2': 0.3592392362539534, 'lag_3': 0.034645150364307556, 'lag_4': 0.24464392312940217, 'lag_5': 0.00046290648038889437, 'lag_6': 0.33050067039300485, 'lag_7': 0.7904410080275807, 'lag_8': 0.38708929362598665, 'lag_9': 0.9791215438639737, 'lag_10': 0.49832974462713603, 'lag_11': 0.5462321522284511, 'lag_12': 0.5348150520353284, 'lag_13': 0.04227628510750879, 'lag_14': 0.1916492343877167, 'lag_15': 0.12900262582969454, 'lag_16': 0.09367496993122389, 'lag_17': 0.35333212413710446, 'lag_18': 0.48188769758386935, 'lag_19': 0.5457978826507501, 'lag_20': 0.2329251041978876, 'lag_21': 0.895541727164329, 'lag_22': 0.6105430442211608, 'lag_23': 0.5514108122885817, 'lag_24': 0.12070747639227447, 'lag_25': 0.4810080326308548, 'lag_26': 0.4826277212425995, 'lag_27': 0.46336033494920154, 'lag_28': 0.40530944776293326}. Best is trial 28 with value: 0.006548623969072112.
