[I 2025-09-29 11:56:35,127] Trial 4 finished with value: 0.005451730049280333 and parameters: {'lag_0': 0.3253975934806359, 'lag_1': 0.6467078027394987, 'lag_2': 0.5982660118480161, 'lag_3': 0.2355951856968854, 'lag_4': 0.6815468859721072, 'lag_5': 0.9828859610067718, 'lag_6': 0.7666665024237811, 'lag_7': 0.15007932445515323, 'lag_8': 0.48326842392370906, 'lag_9': 0.8380832948430067, 'lag_10': 0.3297084220568985, 'lag_11': 0.4532996083356577, 'lag_12': 0.6275343883081332, 'lag_13': 0.11968927951352444, 'lag_14': 0.1207134757622583, 'lag_15': 0.7780057632237853, 'lag_16': 0.3016639758179733, 'lag_17': 0.6770437064890271, 'lag_18': 0.20347151422452725, 'lag_19': 0.7295074235811838, 'lag_20': 0.012802105811686582, 'lag_21': 0.8245423343668815, 'lag_22': 0.1714188079868008, 'lag_23': 0.3667048676216366, 'lag_24': 0.38595216887472056, 'lag_25': 0.5795315084796338, 'lag_26': 0.3164784466389073, 'lag_27': 0.5955573784728603, 'lag_28': 0.6957759055240538}. Best is trial 3 with value: 0.005344182126092409.
[I 2025-09-29 11:56:37,716] Trial 5 finished with value: 0.005387687942482847 and parameters: {'lag_0': 0.3670765077686271, 'lag_1': 0.15020456264472284, 'lag_2': 0.8170455342151176, 'lag_3': 0.1502389979498915, 'lag_4': 0.5520797267631776, 'lag_5': 0.02823699087193748, 'lag_6': 0.7554825225261164, 'lag_7': 0.7301361567061039, 'lag_8': 0.6621084188027379, 'lag_9': 0.45174561945322855, 'lag_10': 0.59382974787149, 'lag_11': 0.785150483777542, 'lag_12': 0.08941737076734571, 'lag_13': 0.5018369286261071, 'lag_14': 0.1485703522265561, 'lag_15': 0.07505388613247262, 'lag_16': 0.50540038874315, 'lag_17': 0.07575477135335223, 'lag_18': 0.7837470830027846, 'lag_19': 0.049119977383079695, 'lag_20': 0.9495041684447229, 'lag_21': 0.7898164202657105, 'lag_22': 0.9505456751153838, 'lag_23': 0.8385622955887149, 'lag_24': 0.8384618422758764, 'lag_25': 0.45901345930085463, 'lag_26': 0.03363778686756926, 'lag_27': 0.9304613549279879, 'lag_28': 0.21354008905605887}. Best is trial 3 with value: 0.005344182126092409.
[I 2025-09-29 11:56:40,298] Trial 6 finished with value: 0.005403246320006482 and parameters: {'lag_0': 0.8601458175893578, 'lag_1': 0.9956761818826896, 'lag_2': 0.47281793106111175, 'lag_3': 0.7224314333629184, 'lag_4': 0.7631934346009307, 'lag_5': 0.9790588690243327, 'lag_6': 0.1313462917990024, 'lag_7': 0.9444808817300393, 'lag_8': 0.8625246726922161, 'lag_9': 0.5567913587849306, 'lag_10': 0.7565514010485207, 'lag_11': 0.03371770928187837, 'lag_12': 0.9645679579247822, 'lag_13': 0.23388726890038325, 'lag_14': 0.2430654807895495, 'lag_15': 0.43143636418658143, 'lag_16': 0.4898105423862968, 'lag_17': 0.3805945179241515, 'lag_18': 0.20526352545142484, 'lag_19': 0.6611116799583006, 'lag_20': 0.8776028033184277, 'lag_21': 0.8027124852935957, 'lag_22': 0.39634445926420553, 'lag_23': 0.07415912635731374, 'lag_24': 0.23690972801340499, 'lag_25': 0.39902494232799096, 'lag_26': 0.27006539950606145, 'lag_27': 0.11514352359440615, 'lag_28': 0.19596807264509764}. Best is trial 3 with value: 0.005344182126092409.
[I 2025-09-29 11:56:42,857] Trial 7 finished with value: 0.0053373248026886005 and parameters: {'lag_0': 0.7395850484200497, 'lag_1': 0.7132881194730996, 'lag_2': 0.8836492653855195, 'lag_3': 0.8403193159810755, 'lag_4': 0.15201039275324596, 'lag_5': 0.9561858682976103, 'lag_6': 0.9676713531948022, 'lag_7': 0.44293629416020425, 'lag_8': 0.21852680327166063, 'lag_9': 0.795068613937125, 'lag_10': 0.7632902870712102, 'lag_11': 0.3548222792067911, 'lag_12': 0.06114745390468245, 'lag_13': 0.1140688350174722, 'lag_14': 0.8629775346812641, 'lag_15': 0.22917523465822373, 'lag_16': 0.794531177228373, 'lag_17': 0.13025542315100028, 'lag_18': 0.15424644911440089, 'lag_19': 0.062251073376410615, 'lag_20': 0.019959720972058927, 'lag_21': 0.653469028577343, 'lag_22': 0.8589090988045588, 'lag_23': 0.4449359325117098, 'lag_24': 0.7777415345602864, 'lag_25': 0.7899151612955252, 'lag_26': 0.5009784774517068, 'lag_27': 0.5522392259340643, 'lag_28': 0.7170300818577799}. Best is trial 7 with value: 0.0053373248026886005.
[I 2025-09-29 11:56:45,424] Trial 8 finished with value: 0.005346151143430136 and parameters: {'lag_0': 0.05668723001070502, 'lag_1': 0.6697540028919229, 'lag_2': 0.39743657392960446, 'lag_3': 0.4530677965178463, 'lag_4': 0.790010451898348, 'lag_5': 0.6185975546332245, 'lag_6': 0.02968683799861865, 'lag_7': 0.14848628230497488, 'lag_8': 0.9150361597451608, 'lag_9': 0.32611794104071473, 'lag_10': 0.7932237835358112, 'lag_11': 0.506292744558961, 'lag_12': 0.5120652020914794, 'lag_13': 0.4468132446106886, 'lag_14': 0.1833546659591425, 'lag_15': 0.19800617263196882, 'lag_16': 0.6111190682388573, 'lag_17': 0.20613447541384222, 'lag_18': 0.38023959986929823, 'lag_19': 0.32009820536289796, 'lag_20': 0.595776320330227, 'lag_21': 0.12820011315557417, 'lag_22': 0.2680106397973146, 'lag_23': 0.443121510094303, 'lag_24': 0.4635342372232993, 'lag_25': 0.6960153099252431, 'lag_26': 0.186953910085293, 'lag_27': 0.40998542855953857, 'lag_28': 0.48874262198695295}. Best is trial 7 with value: 0.0053373248026886005.
[I 2025-09-29 11:56:47,994] Trial 9 finished with value: 0.005403098534667488 and parameters: {'lag_0': 0.9120651877043997, 'lag_1': 0.4992787406570481, 'lag_2': 0.6034038176935447, 'lag_3': 0.19243350930441172, 'lag_4': 0.7157146419138605, 'lag_5': 0.7801055743387525, 'lag_6': 0.31174232650322636, 'lag_7': 0.10775989549221987, 'lag_8': 0.28187168702539206, 'lag_9': 0.6711531041581764, 'lag_10': 0.12245004962315645, 'lag_11': 0.6657207166204846, 'lag_12': 0.5568930502755487, 'lag_13': 0.848688081969004, 'lag_14': 0.2501315359588277, 'lag_15': 0.03231548022674618, 'lag_16': 0.05754984728615786, 'lag_17': 0.49765551090384097, 'lag_18': 0.881329220455414, 'lag_19': 0.15014317625362653, 'lag_20': 0.5781021110615973, 'lag_21': 0.12552457471142658, 'lag_22': 0.02414724247126821, 'lag_23': 0.3924422746605297, 'lag_24': 0.9857292390767093, 'lag_25': 0.349336706019565, 'lag_26': 0.5776093693950467, 'lag_27': 0.34839692317908316, 'lag_28': 0.47020014040613367}. Best is trial 7 with value: 0.0053373248026886005.
[I 2025-09-29 11:56:50,630] Trial 10 finished with value: 0.005439952977178272 and parameters: {'lag_0': 0.6703057504836654, 'lag_1': 0.367375935634491, 'lag_2': 0.9446240872842098, 'lag_3': 0.9871411790632372, 'lag_4': 0.09441448705239106, 'lag_5': 0.3503190741666573, 'lag_6': 0.9978929924763575, 'lag_7': 0.401713884565674, 'lag_8': 0.004522158209171123, 'lag_9': 0.036791582868511474, 'lag_10': 0.9877322812113849, 'lag_11': 0.9019510399027455, 'lag_12': 0.01379403768441951, 'lag_13': 0.02491320740548486, 'lag_14': 0.5724118552465289, 'lag_15': 0.3662684933532142, 'lag_16': 0.8728153107985256, 'lag_17': 0.9870439333193936, 'lag_18': 0.01858753712089206, 'lag_19': 0.41162869412039804, 'lag_20': 0.033330248548082586, 'lag_21': 0.5976380076564707, 'lag_22': 0.9568980548851456, 'lag_23': 0.13303791589034147, 'lag_24': 0.686105361955825, 'lag_25': 0.9571881095253689, 'lag_26': 0.4499707566241002, 'lag_27': 0.8453773664614004, 'lag_28': 0.9741757065696686}. Best is trial 7 with value: 0.0053373248026886005.
[I 2025-09-29 11:56:53,264] Trial 11 finished with value: 0.005501261267185844 and parameters: {'lag_0': 0.7234823769282143, 'lag_1': 0.9557772847363251, 'lag_2': 0.16899076669883117, 'lag_3': 0.9819267319367689, 'lag_4': 0.37535370905476173, 'lag_5': 0.24458411720680423, 'lag_6': 0.47321155643311824, 'lag_7': 0.420507098966401, 'lag_8': 0.22627460105196423, 'lag_9': 0.2042802834718807, 'lag_10': 0.9930220918357141, 'lag_11': 0.3753337730178624, 'lag_12': 0.32217724861129743, 'lag_13': 0.7307659510574273, 'lag_14': 0.8870796580624098, 'lag_15': 0.26373551747442525, 'lag_16': 0.7230011689570459, 'lag_17': 0.7346798425786296, 'lag_18': 0.4666958807510592, 'lag_19': 0.5726412783200736, 'lag_20': 0.3896223221098443, 'lag_21': 0.4468387931864719, 'lag_22': 0.717614470635938, 'lag_23': 0.9869131297382299, 'lag_24': 0.672975424495515, 'lag_25': 0.7597113427828998, 'lag_26': 0.9958226878893326, 'lag_27': 0.1322514527483009, 'lag_28': 0.007078534774174305}. Best is trial 7 with value: 0.0053373248026886005.
[I 2025-09-29 11:56:55,873] Trial 12 finished with value: 0.005383397349108821 and parameters: {'lag_0': 0.9886368508359891, 'lag_1': 0.8475734226655982, 'lag_2': 0.28599458965937274, 'lag_3': 0.8437895332462391, 'lag_4': 0.45026386031252, 'lag_5': 0.20765333694446736, 'lag_6': 0.5385266327813442, 'lag_7': 0.6009298227107899, 'lag_8': 0.2226461896746325, 'lag_9': 0.6940441526087113, 'lag_10': 0.8126783405085348, 'lag_11': 0.304139392234025, 'lag_12': 0.30814351497339026, 'lag_13': 0.977494996395656, 'lag_14': 0.6687402020675302, 'lag_15': 0.21305693907299994, 'lag_16': 0.7893189701215653, 'lag_17': 0.3708259448017599, 'lag_18': 0.6289993624592871, 'lag_19': 0.33559556442945165, 'lag_20': 0.7586929143474985, 'lag_21': 0.6016727762753993, 'lag_22': 0.7595339803168064, 'lag_23': 0.6029771454987256, 'lag_24': 0.6666330542014661, 'lag_25': 0.7578401885314536, 'lag_26': 0.9309552068531846, 'lag_27': 0.7158331731077179, 'lag_28': 0.37294148911626746}. Best is trial 7 with value: 0.0053373248026886005.
[I 2025-09-29 11:56:58,494] Trial 13 finished with value: 0.005348126709288284 and parameters: {'lag_0': 0.7201875123678063, 'lag_1': 0.8303766668225779, 'lag_2': 0.16674819236828192, 'lag_3': 0.43122574673489045, 'lag_4': 0.9750745280546029, 'lag_5': 0.5486847229315444, 'lag_6': 0.4767870827595945, 'lag_7': 0.33130748407876487, 'lag_8': 0.1366382803311102, 'lag_9': 0.9995591429404578, 'lag_10': 0.41611908618057736, 'lag_11': 0.5642345744170502, 'lag_12': 0.7989944707767238, 'lag_13': 0.34663770252017995, 'lag_14': 0.9860580482741899, 'lag_15': 0.9302096922285892, 'lag_16': 0.27031151994074576, 'lag_17': 0.8992761580383531, 'lag_18': 0.9997188911989316, 'lag_19': 0.0013002281438100893, 'lag_20': 0.4276832283667824, 'lag_21': 0.9696240174092579, 'lag_22': 0.49809515158229256, 'lag_23': 0.20868624245860926, 'lag_24': 0.7714142054026281, 'lag_25': 0.6071828826458998, 'lag_26': 0.7672364048121891, 'lag_27': 0.2376184157828296, 'lag_28': 0.7008199950132774}. Best is trial 7 with value: 0.0053373248026886005.
[I 2025-09-29 11:57:01,125] Trial 14 finished with value: 0.005497249218259321 and parameters: {'lag_0': 0.5327809244655894, 'lag_1': 0.7755335608820719, 'lag_2': 0.6355299043733139, 'lag_3': 0.8083534430082046, 'lag_4': 0.3155222444576416, 'lag_5': 0.7309364926250288, 'lag_6': 0.6056707929055227, 'lag_7': 0.75123272848831, 'lag_8': 0.3512309102025437, 'lag_9': 0.2875734958597255, 'lag_10': 0.6710359336705172, 'lag_11': 0.026216066751982403, 'lag_12': 0.42003350366318104, 'lag_13': 0.6609462069485512, 'lag_14': 0.7139188004743271, 'lag_15': 0.3282143873706997, 'lag_16': 0.06520747930710813, 'lag_17': 0.035569401893387934, 'lag_18': 0.3626506111730829, 'lag_19': 0.20452029011755668, 'lag_20': 0.7903804418997575, 'lag_21': 0.3090567101786479, 'lag_22': 0.8518768013649127, 'lag_23': 0.6000245664417643, 'lag_24': 0.5664013156736849, 'lag_25': 0.7865350447542576, 'lag_26': 0.8812261965661563, 'lag_27': 0.5030597498160124, 'lag_28': 0.34987532920929904}. Best is trial 7 with value: 0.0053373248026886005.
[I 2025-09-29 11:57:03,764] Trial 15 finished with value: 0.005420236610712695 and parameters: {'lag_0': 0.8237323917746946, 'lag_1': 0.40487148383139016, 'lag_2': 0.980918281015451, 'lag_3': 0.589584168817628, 'lag_4': 0.5628818754087523, 'lag_5': 0.38469742649414074, 'lag_6': 0.333180640120673, 'lag_7': 0.26804999640393123, 'lag_8': 0.15551724658457988, 'lag_9': 0.722083834693948, 'lag_10': 0.8902676257260865, 'lag_11': 0.2513024044199005, 'lag_12': 0.18666626422806087, 'lag_13': 0.3709774860903866, 'lag_14': 0.41446159339825833, 'lag_15': 0.11793066929222068, 'lag_16': 0.6281381840392004, 'lag_17': 0.42152381235352276, 'lag_18': 0.6265456384815324, 'lag_19': 0.5221731663051712, 'lag_20': 0.19769800112194508, 'lag_21': 0.61954669791536, 'lag_22': 0.7456102845803266, 'lag_23': 0.7482320848017513, 'lag_24': 0.8332287607822783, 'lag_25': 0.8568743818314173, 'lag_26': 0.6004936160959135, 'lag_27': 0.017173792231796436, 'lag_28': 0.006271708883326496}. Best is trial 7 with value: 0.0053373248026886005.
[I 2025-09-29 11:57:06,373] Trial 16 finished with value: 0.005417898024811074 and parameters: {'lag_0': 0.579789774626935, 'lag_1': 0.7723745590441402, 'lag_2': 0.008302528118855346, 'lag_3': 0.8671550376768038, 'lag_4': 0.06651621038673812, 'lag_5': 0.14828288455236188, 'lag_6': 0.6378413465960308, 'lag_7': 0.5631456084338722, 'lag_8': 0.6945969890882514, 'lag_9': 0.11052399626290793, 'lag_10': 0.5004109849964997, 'lag_11': 0.36839245625309286, 'lag_12': 0.20570085391438908, 'lag_13': 0.2166710646720716, 'lag_14': 0.7591986921337635, 'lag_15': 0.4716495011976064, 'lag_16': 0.3570819034414441, 'lag_17': 0.7614561891065031, 'lag_18': 0.29407773798637443, 'lag_19': 0.7657479085346145, 'lag_20': 0.5121560464056057, 'lag_21': 0.6849358518768253, 'lag_22': 0.9881381565244596, 'lag_23': 0.9655434012562093, 'lag_24': 0.5505800400526852, 'lag_25': 0.5899884231478427, 'lag_26': 0.03504078879273542, 'lag_27': 0.7547362226073886, 'lag_28': 0.8723547908585554}. Best is trial 7 with value: 0.0053373248026886005.
[I 2025-09-29 11:57:08,997] Trial 17 finished with value: 0.005334398775483572 and parameters: {'lag_0': 0.9657630456238875, 'lag_1': 0.9087346547911327, 'lag_2': 0.289656833567284, 'lag_3': 0.6056601626576494, 'lag_4': 0.2714940308244124, 'lag_5': 0.6462747772149176, 'lag_6': 0.36991271117172075, 'lag_7': 0.7257302279494287, 'lag_8': 0.37328705028615927, 'lag_9': 0.5972416320372302, 'lag_10': 0.8759805514191014, 'lag_11': 0.15919161513569724, 'lag_12': 0.39463921908318156, 'lag_13': 0.6302213391863147, 'lag_14': 0.41870094938162045, 'lag_15': 0.20123519195252323, 'lag_16': 0.16856990438559702, 'lag_17': 0.562552141885133, 'lag_18': 0.5385276949710781, 'lag_19': 0.9799663524420427, 'lag_20': 0.16934610963964633, 'lag_21': 0.3065237962433168, 'lag_22': 0.47231740468790556, 'lag_23': 0.5347990321855385, 'lag_24': 0.4557716767778456, 'lag_25': 0.16674792270573785, 'lag_26': 0.38972734794989167, 'lag_27': 0.5392827647149707, 'lag_28': 0.5782834994992305}. Best is trial 17 with value: 0.005334398775483572.
[I 2025-09-29 11:57:11,634] Trial 18 finished with value: 0.005499186333265125 and parameters: {'lag_0': 0.7961600357478613, 'lag_1': 0.3209023058752756, 'lag_2': 0.3600709573189482, 'lag_3': 0.5826723309658951, 'lag_4': 0.00835425002770862, 'lag_5': 0.8660118370800656, 'lag_6': 0.3964553267361361, 'lag_7': 0.8621804922714794, 'lag_8': 0.33813470878630875, 'lag_9': 0.5931686563013872, 'lag_10': 0.6890321391665937, 'lag_11': 0.1299438530840093, 'lag_12': 0.7809155134148384, 'lag_13': 0.6538616781366772, 'lag_14': 0.42099205582013843, 'lag_15': 0.33804558109728294, 'lag_16': 0.17447125491204202, 'lag_17': 0.29723349632865703, 'lag_18': 0.5468766565080188, 'lag_19': 0.6304659829896597, 'lag_20': 0.17458692548683927, 'lag_21': 0.2905205636058987, 'lag_22': 0.41986128391207544, 'lag_23': 0.49462324648220873, 'lag_24': 0.3228592652002544, 'lag_25': 0.15302597056635986, 'lag_26': 0.377948466340988, 'lag_27': 0.5402171702908353, 'lag_28': 0.5965637235022724}. Best is trial 17 with value: 0.005334398775483572.
[I 2025-09-29 11:57:14,257] Trial 19 finished with value: 0.005453134278652629 and parameters: {'lag_0': 0.637361812031053, 'lag_1': 0.8707472825907318, 'lag_2': 0.693032517388689, 'lag_3': 0.3577761728701647, 'lag_4': 0.27037290738742653, 'lag_5': 0.6620427914231964, 'lag_6': 0.9957038674746603, 'lag_7': 0.496103323440742, 'lag_8': 0.5997326707336372, 'lag_9': 0.7967027771833853, 'lag_10': 0.8701146640344526, 'lag_11': 0.12845180209012907, 'lag_12': 0.18221791131514603, 'lag_13': 0.8050477830421747, 'lag_14': 0.5055952285843609, 'lag_15': 0.004761734136691703, 'lag_16': 0.1581909915351079, 'lag_17': 0.6274774692740918, 'lag_18': 0.7136023675866204, 'lag_19': 0.43301992752238067, 'lag_20': 0.08782981585214922, 'lag_21': 0.3192896971199496, 'lag_22': 0.31828418505428524, 'lag_23': 0.248717206191901, 'lag_24': 0.20234534506272123, 'lag_25': 0.00864314666415078, 'lag_26': 0.16682190919429568, 'lag_27': 0.6714242599397053, 'lag_28': 0.8084856686746897}. Best is trial 17 with value: 0.005334398775483572.
[I 2025-09-29 11:57:16,872] Trial 20 finished with value: 0.005387085420262266 and parameters: {'lag_0': 0.9133032988366585, 'lag_1': 0.029207268443281198, 'lag_2': 0.5052187394453918, 'lag_3': 0.6917596975279962, 'lag_4': 0.16135110291940513, 'lag_5': 0.9004639567050564, 'lag_6': 0.8639709649130489, 'lag_7': 0.7617854113421337, 'lag_8': 0.4087882379101449, 'lag_9': 0.6036377644440202, 'lag_10': 0.5576562891823287, 'lag_11': 0.9769237937833297, 'lag_12': 0.023729451296467585, 'lag_13': 0.5981770997131904, 'lag_14': 0.37015654258343583, 'lag_15': 0.1520114388788565, 'lag_16': 0.9747621546534956, 'lag_17': 0.8295360753479153, 'lag_18': 0.47190863243540176, 'lag_19': 0.2027893990169599, 'lag_20': 0.1357049427942598, 'lag_21': 0.2332438876643742, 'lag_22': 0.5345633380643116, 'lag_23': 0.5695217506429824, 'lag_24': 0.45380784966997884, 'lag_25': 0.23527723770675546, 'lag_26': 0.5690006521016137, 'lag_27': 0.8432309605673465, 'lag_28': 0.5796220175890465}. Best is trial 17 with value: 0.005334398775483572.
[I 2025-09-29 11:57:19,492] Trial 21 finished with value: 0.005395015859998596 and parameters: {'lag_0': 0.9768604656828481, 'lag_1': 0.9164454607098385, 'lag_2': 0.22078352736776446, 'lag_3': 0.9010325391862343, 'lag_4': 0.4114372409261256, 'lag_5': 0.5104752818084164, 'lag_6': 0.1301758451970274, 'lag_7': 0.6741376666555899, 'lag_8': 0.10832450148747522, 'lag_9': 0.26904919674971833, 'lag_10': 0.8982953518632809, 'lag_11': 0.38478937434668337, 'lag_12': 0.4237007468215502, 'lag_13': 0.015727838879437323, 'lag_14': 0.6146859421850743, 'lag_15': 0.26802487054421753, 'lag_16': 0.35100122936463246, 'lag_17': 0.5217233782621621, 'lag_18': 0.9898621547409786, 'lag_19': 0.7952978139909807, 'lag_20': 0.3204020138614355, 'lag_21': 0.5084937320213564, 'lag_22': 0.681800170586213, 'lag_23': 0.8799308695956528, 'lag_24': 0.5967376798487422, 'lag_25': 0.5191991551436236, 'lag_26': 0.6607329688069674, 'lag_27': 0.4338429426277413, 'lag_28': 0.7262696144430792}. Best is trial 17 with value: 0.005334398775483572.
[I 2025-09-29 11:57:22,122] Trial 22 finished with value: 0.005587009361580035 and parameters: {'lag_0': 0.7773713758750755, 'lag_1': 0.7515662370608303, 'lag_2': 0.10208078393454795, 'lag_3': 0.7700216019044299, 'lag_4': 0.3053169700715721, 'lag_5': 0.3332752449942478, 'lag_6': 0.3997509291101658, 'lag_7': 0.8248119854545362, 'lag_8': 0.26686412374190827, 'lag_9': 0.38416911172822804, 'lag_10': 0.7128628839715934, 'lag_11': 0.3263837977391829, 'lag_12': 0.42031397634080053, 'lag_13': 0.498306314142962, 'lag_14': 0.8044308341100117, 'lag_15': 0.13654726205191542, 'lag_16': 0.4241136925501274, 'lag_17': 0.4990195245435162, 'lag_18': 0.05292114383482653, 'lag_19': 0.9694272354029269, 'lag_20': 0.9945219495388498, 'lag_21': 0.48369550235429926, 'lag_22': 0.8497874155354476, 'lag_23': 0.7155186216566679, 'lag_24': 0.7559932437549551, 'lag_25': 0.6461408516232912, 'lag_26': 0.4084899519888634, 'lag_27': 0.27314092475549656, 'lag_28': 0.38402687746405756}. Best is trial 17 with value: 0.005334398775483572.
[I 2025-09-29 11:57:24,757] Trial 23 finished with value: 0.005516207571815767 and parameters: {'lag_0': 0.990141069277533, 'lag_1': 0.9156267431193396, 'lag_2': 0.31856718310598214, 'lag_3': 0.6514619071864507, 'lag_4': 0.4960282127626521, 'lag_5': 0.639532674324104, 'lag_6': 0.22254128788017022, 'lag_7': 0.5261563277190308, 'lag_8': 0.36274116489943664, 'lag_9': 0.8170557987715277, 'lag_10': 0.9321551097655336, 'lag_11': 0.2741207417095691, 'lag_12': 0.2735298975418367, 'lag_13': 0.8892620113744232, 'lag_14': 0.9508664747847652, 'lag_15': 0.41591524051613393, 'lag_16': 0.19834177133144695, 'lag_17': 0.5830177928376699, 'lag_18': 0.22072106639318295, 'lag_19': 0.9149706352573184, 'lag_20': 5.03957231010356e-05, 'lag_21': 0.6914958594814058, 'lag_22': 0.4710822938849918, 'lag_23': 0.274579464023988, 'lag_24': 0.8755553032406466, 'lag_25': 0.48780098445757114, 'lag_26': 0.2112650590925904, 'lag_27': 0.6211990707445412, 'lag_28': 0.5236908154392694}. Best is trial 17 with value: 0.005334398775483572.
[I 2025-09-29 11:57:27,364] Trial 24 finished with value: 0.0053736440390689715 and parameters: {'lag_0': 0.897893575487484, 'lag_1': 0.722191279412237, 'lag_2': 0.44674719854948497, 'lag_3': 0.5482496531154515, 'lag_4': 0.6114315746728247, 'lag_5': 0.7072008102239589, 'lag_6': 0.36955682712332244, 'lag_7': 0.6724959311770075, 'lag_8': 0.11092491784894759, 'lag_9': 0.528287960478782, 'lag_10': 0.8206363790450563, 'lag_11': 0.45821087576062386, 'lag_12': 0.3793386607367093, 'lag_13': 0.7495396056248652, 'lag_14': 0.5583445856938604, 'lag_15': 0.24557111329238576, 'lag_16': 0.6087793347807482, 'lag_17': 0.12125243936479593, 'lag_18': 0.9107584256399995, 'lag_19': 0.9805770903618597, 'lag_20': 0.1064736857654965, 'lag_21': 0.3866119242891728, 'lag_22': 0.6129270870334795, 'lag_23': 0.507614082951511, 'lag_24': 0.7553041347747544, 'lag_25': 0.8766391119650407, 'lag_26': 0.3418124717850872, 'lag_27': 0.4905821306704656, 'lag_28': 0.29014250159173177}. Best is trial 17 with value: 0.005334398775483572.
