[I 2025-09-29 13:19:53,641] Trial 40 finished with value: 0.012712849635237514 and parameters: {'lag_0': 0.3657601665629343, 'lag_1': 0.40250575139101097, 'lag_2': 0.9333759031005503, 'lag_3': 0.014059583526575409, 'lag_4': 0.32949630219130577, 'lag_5': 0.8340515242904951, 'lag_6': 0.33365104143118773, 'lag_7': 0.34251340095262983, 'lag_8': 0.5745787453451183, 'lag_9': 0.9389566197674258, 'lag_10': 0.6717973535806951, 'lag_11': 0.3392086840427563, 'lag_12': 0.631182065903124, 'lag_13': 0.5485578172569029, 'lag_14': 0.4987777512041765, 'lag_15': 0.7630208337802533, 'lag_16': 0.6574161041098923, 'lag_17': 0.7562336407643542, 'lag_18': 0.5402177266376726, 'lag_19': 0.42305382452494866, 'lag_20': 0.27635478932914415, 'lag_21': 0.22838279308215265, 'lag_22': 0.0019309735414546059, 'lag_23': 0.39218723777515657, 'lag_24': 0.9313111065539654, 'lag_25': 0.13174474565442834, 'lag_26': 0.1527330645786235, 'lag_27': 0.3479751485422704, 'lag_28': 0.6235782779551506}. Best is trial 29 with value: 0.008557185393919572.
[I 2025-09-29 13:19:56,238] Trial 41 finished with value: 0.009212965544109029 and parameters: {'lag_0': 0.8838965446497259, 'lag_1': 0.5623659424736256, 'lag_2': 0.8466520215788025, 'lag_3': 0.16648136510377012, 'lag_4': 0.2997671414403261, 'lag_5': 0.5094748748981294, 'lag_6': 0.6762278794969013, 'lag_7': 0.7965693981956402, 'lag_8': 0.8337949365161943, 'lag_9': 0.4193454435355388, 'lag_10': 0.42285278319027586, 'lag_11': 0.04302908381370532, 'lag_12': 0.5350986652393456, 'lag_13': 0.859105843954727, 'lag_14': 0.7918194679963989, 'lag_15': 0.2111481438310363, 'lag_16': 0.9963451506983517, 'lag_17': 0.48440758362307434, 'lag_18': 0.33494581922445893, 'lag_19': 0.611351703017046, 'lag_20': 0.6830543474565787, 'lag_21': 0.5496795624320494, 'lag_22': 0.3543599381168137, 'lag_23': 0.08292780522664311, 'lag_24': 0.4166150540743635, 'lag_25': 0.2163634014614497, 'lag_26': 0.06149129978688343, 'lag_27': 0.24116512477181112, 'lag_28': 0.5091533135910598}. Best is trial 29 with value: 0.008557185393919572.
[I 2025-09-29 13:19:58,840] Trial 42 finished with value: 0.010420450178786175 and parameters: {'lag_0': 0.8206807093968623, 'lag_1': 0.6785117372965663, 'lag_2': 0.8678548565775304, 'lag_3': 0.13367306039954294, 'lag_4': 0.22286931985903807, 'lag_5': 0.41618387884131214, 'lag_6': 0.77403589236319, 'lag_7': 0.7629858200512789, 'lag_8': 0.7982006219892362, 'lag_9': 0.2677398729625407, 'lag_10': 0.3283586830351255, 'lag_11': 0.002200790779228523, 'lag_12': 0.5062102653685897, 'lag_13': 0.8097342129593356, 'lag_14': 0.8978592013989279, 'lag_15': 0.12945988016071153, 'lag_16': 0.9312476951199439, 'lag_17': 0.577204411372569, 'lag_18': 0.30743252282756783, 'lag_19': 0.7441966636386883, 'lag_20': 0.7943092345659746, 'lag_21': 0.4587229140493536, 'lag_22': 0.3020515465045048, 'lag_23': 0.1360578886529094, 'lag_24': 0.32153900944745845, 'lag_25': 0.42977742571102656, 'lag_26': 0.21404106794641914, 'lag_27': 0.3025673507614335, 'lag_28': 0.5506118259831742}. Best is trial 29 with value: 0.008557185393919572.
[I 2025-09-29 13:20:01,436] Trial 43 finished with value: 0.009448210978153855 and parameters: {'lag_0': 0.9323034346763208, 'lag_1': 0.5226609264464781, 'lag_2': 0.8196435979705543, 'lag_3': 0.19529237776617855, 'lag_4': 0.3920850722305371, 'lag_5': 0.7031337658094136, 'lag_6': 0.6907044333934234, 'lag_7': 0.6849868739796761, 'lag_8': 0.9460006965156437, 'lag_9': 0.5325725495468888, 'lag_10': 0.09338277440429554, 'lag_11': 0.19814200694517514, 'lag_12': 0.34936721123727943, 'lag_13': 0.9545449767306492, 'lag_14': 0.6511163072182018, 'lag_15': 0.008400110632877184, 'lag_16': 0.5339786200662019, 'lag_17': 0.0675330331376996, 'lag_18': 0.15009069189020452, 'lag_19': 0.6845869743164418, 'lag_20': 0.6700945291560573, 'lag_21': 0.5211817866676192, 'lag_22': 0.4379372385317546, 'lag_23': 0.08946109326211074, 'lag_24': 0.6587907596431719, 'lag_25': 0.24101749521663396, 'lag_26': 0.06396594811194382, 'lag_27': 0.05280926501309213, 'lag_28': 0.4555883100385926}. Best is trial 29 with value: 0.008557185393919572.
[I 2025-09-29 13:20:04,042] Trial 44 finished with value: 0.010027295023453972 and parameters: {'lag_0': 0.7399030826269652, 'lag_1': 0.44751582886950686, 'lag_2': 0.4990689662170398, 'lag_3': 0.09728978055815163, 'lag_4': 0.5303644338459893, 'lag_5': 0.5795795139758282, 'lag_6': 0.553146436555871, 'lag_7': 0.8509443734665249, 'lag_8': 0.6702752411775244, 'lag_9': 0.34187412599640715, 'lag_10': 0.22744211723504984, 'lag_11': 0.06212252765166586, 'lag_12': 0.4573630196191704, 'lag_13': 0.5881484744157777, 'lag_14': 0.7526854653056853, 'lag_15': 0.1258688623301357, 'lag_16': 0.4569970238787055, 'lag_17': 0.5030576669117426, 'lag_18': 0.39458121958997, 'lag_19': 0.565818137463054, 'lag_20': 0.0035255117032506056, 'lag_21': 0.6397414068601626, 'lag_22': 0.31977008956699315, 'lag_23': 0.024224928167906876, 'lag_24': 0.41402012607451477, 'lag_25': 0.054433213724266946, 'lag_26': 0.28616158844523537, 'lag_27': 0.14417081385152022, 'lag_28': 0.38172201837945535}. Best is trial 29 with value: 0.008557185393919572.
[I 2025-09-29 13:20:06,657] Trial 45 finished with value: 0.00947936795725034 and parameters: {'lag_0': 0.8571976251956639, 'lag_1': 0.8676883902107939, 'lag_2': 0.757378518962836, 'lag_3': 0.23321845661093268, 'lag_4': 0.24962962483843357, 'lag_5': 0.48433475976038665, 'lag_6': 0.4514629783362005, 'lag_7': 0.5998685672376942, 'lag_8': 0.8966974773456774, 'lag_9': 0.06687883077244083, 'lag_10': 0.49486605760521146, 'lag_11': 0.09317920466805724, 'lag_12': 0.7003096992572385, 'lag_13': 0.6348984827978048, 'lag_14': 0.8179262144040396, 'lag_15': 0.17935041707512756, 'lag_16': 0.8248176463504473, 'lag_17': 0.6126228491291273, 'lag_18': 0.2118189789687678, 'lag_19': 0.5862134943526622, 'lag_20': 0.14874707926220604, 'lag_21': 0.72699003564262, 'lag_22': 0.16541825231984697, 'lag_23': 0.2637953644728223, 'lag_24': 0.5262761556202632, 'lag_25': 0.34256404498722554, 'lag_26': 0.3617734241888225, 'lag_27': 0.4053933246066226, 'lag_28': 0.5275716973621989}. Best is trial 29 with value: 0.008557185393919572.
[I 2025-09-29 13:20:09,266] Trial 46 finished with value: 0.009295676962404974 and parameters: {'lag_0': 0.9604957372839709, 'lag_1': 0.25205772673924604, 'lag_2': 0.438639632079335, 'lag_3': 0.3230171649862251, 'lag_4': 0.7526981178100258, 'lag_5': 0.3967543601648075, 'lag_6': 0.9065101578625352, 'lag_7': 0.7703442366134363, 'lag_8': 0.7385811283310166, 'lag_9': 0.6186475004508581, 'lag_10': 0.4247304975615096, 'lag_11': 0.0007008878426665588, 'lag_12': 0.6223291226132892, 'lag_13': 0.7032305650865057, 'lag_14': 0.9534094706602477, 'lag_15': 0.07143333215856268, 'lag_16': 0.8761653221798008, 'lag_17': 0.6937077901833719, 'lag_18': 0.9980119912048973, 'lag_19': 0.5216778812679215, 'lag_20': 0.5381511232310044, 'lag_21': 0.39165702044025186, 'lag_22': 0.10475462095409435, 'lag_23': 0.15780703735016496, 'lag_24': 0.620693968035662, 'lag_25': 0.1597703319189812, 'lag_26': 0.15076260490037668, 'lag_27': 0.19083282314812416, 'lag_28': 0.7162907149968967}. Best is trial 29 with value: 0.008557185393919572.
[I 2025-09-29 13:20:11,863] Trial 47 finished with value: 0.0090042273984467 and parameters: {'lag_0': 0.8946116280387798, 'lag_1': 0.6576567754265787, 'lag_2': 0.9416248979976962, 'lag_3': 0.25987987305835764, 'lag_4': 0.07911810940701072, 'lag_5': 0.5401860843360604, 'lag_6': 0.6158540206955826, 'lag_7': 0.4914768323453031, 'lag_8': 0.6390622630960836, 'lag_9': 0.8123036746780852, 'lag_10': 0.32914457947694964, 'lag_11': 0.45924359794918884, 'lag_12': 0.520686389144649, 'lag_13': 0.7973716585589021, 'lag_14': 0.138015767369229, 'lag_15': 0.5645409958917791, 'lag_16': 0.9778991650920735, 'lag_17': 0.048183634365616484, 'lag_18': 0.33642026096314115, 'lag_19': 0.8166081102192388, 'lag_20': 0.05973255797863161, 'lag_21': 0.604947802316239, 'lag_22': 0.929994507220217, 'lag_23': 0.29958740499105313, 'lag_24': 0.15522466096755122, 'lag_25': 0.24083605511479148, 'lag_26': 0.5622444903626108, 'lag_27': 0.7491204749393404, 'lag_28': 0.45289316279157876}. Best is trial 29 with value: 0.008557185393919572.
[I 2025-09-29 13:20:14,475] Trial 48 finished with value: 0.009765411733314402 and parameters: {'lag_0': 0.8343536306500012, 'lag_1': 0.6466653616467894, 'lag_2': 0.9525508075368083, 'lag_3': 0.26676053480641293, 'lag_4': 0.06448773606485717, 'lag_5': 0.5451210715106429, 'lag_6': 0.6328666897408368, 'lag_7': 0.48771963610395497, 'lag_8': 0.6390615063051176, 'lag_9': 0.8270924597566773, 'lag_10': 0.32867417966727647, 'lag_11': 0.47857176455502737, 'lag_12': 0.7532641573098369, 'lag_13': 0.9388207307480889, 'lag_14': 0.14621378028980977, 'lag_15': 0.5527295390490036, 'lag_16': 0.9320547182963294, 'lag_17': 0.0387534359146972, 'lag_18': 0.44491087998705986, 'lag_19': 0.9475817468974927, 'lag_20': 0.061666398356729185, 'lag_21': 0.9100168371002388, 'lag_22': 0.942461054897661, 'lag_23': 0.2982676637714417, 'lag_24': 0.18175771833244042, 'lag_25': 0.9888112500891901, 'lag_26': 0.571809079787313, 'lag_27': 0.7980273745469351, 'lag_28': 0.7944687123502602}. Best is trial 29 with value: 0.008557185393919572.
[I 2025-09-29 13:20:17,197] Trial 49 finished with value: 0.00959270518622159 and parameters: {'lag_0': 0.6676069165076192, 'lag_1': 0.7644474473630893, 'lag_2': 0.9947707200967424, 'lag_3': 0.4588421217688411, 'lag_4': 0.12943494826165763, 'lag_5': 0.675898313897277, 'lag_6': 0.5851241244905034, 'lag_7': 0.38384390038344113, 'lag_8': 0.5121217529449796, 'lag_9': 0.8237261441569097, 'lag_10': 0.22755191866992316, 'lag_11': 0.564113579787239, 'lag_12': 0.674608010837952, 'lag_13': 0.3517649614966336, 'lag_14': 0.3211558516226264, 'lag_15': 0.6135522720875085, 'lag_16': 0.44563682736478394, 'lag_17': 0.1363994470120757, 'lag_18': 0.356192378198954, 'lag_19': 0.7798013652186706, 'lag_20': 0.12708600496785064, 'lag_21': 0.7980242074437371, 'lag_22': 0.792835760640004, 'lag_23': 0.4794051099522075, 'lag_24': 0.03177136246908291, 'lag_25': 0.035727249382478586, 'lag_26': 0.5527561234060419, 'lag_27': 0.7354228394484601, 'lag_28': 0.961346148362409}. Best is trial 29 with value: 0.008557185393919572.
[I 2025-09-29 13:20:19,810] Trial 50 finished with value: 0.01042055067193979 and parameters: {'lag_0': 0.5640433754753224, 'lag_1': 0.1721828046047556, 'lag_2': 0.2982716672211285, 'lag_3': 0.6800599718615836, 'lag_4': 0.1785450603722052, 'lag_5': 0.7631127370628045, 'lag_6': 0.38908190855561325, 'lag_7': 0.304213144927793, 'lag_8': 0.583453136699161, 'lag_9': 0.9497897456954213, 'lag_10': 0.6367764073691591, 'lag_11': 0.4053741928704454, 'lag_12': 0.5989588276041119, 'lag_13': 0.7447967864680219, 'lag_14': 0.1694623548017038, 'lag_15': 0.5416563461824859, 'lag_16': 0.5703070235433297, 'lag_17': 0.06772369104668147, 'lag_18': 0.5139796449320306, 'lag_19': 0.829502287951938, 'lag_20': 0.047385511474838486, 'lag_21': 0.6940360432429752, 'lag_22': 0.913597175900309, 'lag_23': 0.4388700786968448, 'lag_24': 0.1302620925468579, 'lag_25': 0.0026519860158647074, 'lag_26': 0.8129299725672631, 'lag_27': 0.6722653410092021, 'lag_28': 0.2712779277596016}. Best is trial 29 with value: 0.008557185393919572.
[I 2025-09-29 13:20:22,413] Trial 51 finished with value: 0.009127232582044368 and parameters: {'lag_0': 0.8884988938012175, 'lag_1': 0.6376326355301927, 'lag_2': 0.9111734114101769, 'lag_3': 0.15972640758728035, 'lag_4': 0.29343135303768797, 'lag_5': 0.4668858713868576, 'lag_6': 0.6582133976812662, 'lag_7': 0.5359974839464667, 'lag_8': 0.7839058560849252, 'lag_9': 0.7088289666863504, 'lag_10': 0.3409977687291748, 'lag_11': 0.2860896832530516, 'lag_12': 0.5090944697034456, 'lag_13': 0.8457567303476556, 'lag_14': 0.25132208093532066, 'lag_15': 0.4712652489873115, 'lag_16': 0.975221761424225, 'lag_17': 0.013964676911534385, 'lag_18': 0.25562875003465185, 'lag_19': 0.9096643298332251, 'lag_20': 0.19714405120221257, 'lag_21': 0.47060907601339697, 'lag_22': 0.985503921853659, 'lag_23': 0.22407412322738607, 'lag_24': 0.26234225558291413, 'lag_25': 0.23261284320150727, 'lag_26': 0.04407567333072507, 'lag_27': 0.7656547855324883, 'lag_28': 0.48988172367280025}. Best is trial 29 with value: 0.008557185393919572.
[I 2025-09-29 13:20:25,036] Trial 52 finished with value: 0.009320774547392068 and parameters: {'lag_0': 0.9714783393071821, 'lag_1': 0.5398354209636169, 'lag_2': 0.8394743408891853, 'lag_3': 0.1948361227972262, 'lag_4': 0.2250166679868083, 'lag_5': 0.6132757828486015, 'lag_6': 0.7891251362202935, 'lag_7': 0.662043642327736, 'lag_8': 0.3654234751584571, 'lag_9': 0.754727179269495, 'lag_10': 0.4267557871620654, 'lag_11': 0.19330098859867925, 'lag_12': 0.3693433512595543, 'lag_13': 0.8024396808597045, 'lag_14': 0.8377130780545702, 'lag_15': 0.6383282018685563, 'lag_16': 0.9535622876376535, 'lag_17': 0.3807233491811428, 'lag_18': 0.32563384282260266, 'lag_19': 0.6420272361510919, 'lag_20': 0.0016803356588595553, 'lag_21': 0.6067514446812671, 'lag_22': 0.8532691661422819, 'lag_23': 0.36183297405696135, 'lag_24': 0.09401317430911182, 'lag_25': 0.17140987524940873, 'lag_26': 0.6653276768205683, 'lag_27': 0.9051182450025455, 'lag_28': 0.6281074116288033}. Best is trial 29 with value: 0.008557185393919572.
[I 2025-09-29 13:20:27,650] Trial 53 finished with value: 0.00944705443744984 and parameters: {'lag_0': 0.8920991800841216, 'lag_1': 0.3174374423254612, 'lag_2': 0.9414726391935453, 'lag_3': 0.2889800815020643, 'lag_4': 0.07354644385180399, 'lag_5': 0.5026622724195332, 'lag_6': 0.7043289736299743, 'lag_7': 0.6086171212125183, 'lag_8': 0.6927426369859788, 'lag_9': 0.6712668979488541, 'lag_10': 0.46937061852935413, 'lag_11': 0.9519288638360239, 'lag_12': 0.5390743793569408, 'lag_13': 0.5849571573429153, 'lag_14': 0.11518702832843597, 'lag_15': 0.8541679797107721, 'lag_16': 0.886816370764259, 'lag_17': 0.23416997525351008, 'lag_18': 0.37138682798999345, 'lag_19': 0.896143011884694, 'lag_20': 0.6679470067544644, 'lag_21': 0.5241223821965524, 'lag_22': 0.7395329279845202, 'lag_23': 0.0021841519820986616, 'lag_24': 0.948071339352599, 'lag_25': 0.4042952912158416, 'lag_26': 0.48949603424463906, 'lag_27': 0.3636075145483121, 'lag_28': 0.44505541951175565}. Best is trial 29 with value: 0.008557185393919572.
[I 2025-09-29 13:20:30,268] Trial 54 finished with value: 0.009344165236931613 and parameters: {'lag_0': 0.9190176399901174, 'lag_1': 0.3977818049632502, 'lag_2': 0.7141918095419079, 'lag_3': 0.3780236897132795, 'lag_4': 0.3371684131500965, 'lag_5': 0.5293556344916351, 'lag_6': 0.5438054840381853, 'lag_7': 0.44896991771070544, 'lag_8': 0.6155659922132991, 'lag_9': 0.6173250281307823, 'lag_10': 0.5534471561427068, 'lag_11': 0.4432193364468455, 'lag_12': 0.4515073204654909, 'lag_13': 0.9643380581241058, 'lag_14': 0.37349260931781847, 'lag_15': 0.35187045608712625, 'lag_16': 0.5159369965073111, 'lag_17': 0.1635364838466268, 'lag_18': 0.30286804456777183, 'lag_19': 0.7138360497200512, 'lag_20': 0.8756797601488294, 'lag_21': 0.4213700969738662, 'lag_22': 0.5665358323415041, 'lag_23': 0.06884629462336005, 'lag_24': 0.46604101038945334, 'lag_25': 0.1219156043546514, 'lag_26': 0.4250357769256309, 'lag_27': 0.6698845385460218, 'lag_28': 0.5724087459032868}. Best is trial 29 with value: 0.008557185393919572.
[I 2025-09-29 13:20:32,875] Trial 55 finished with value: 0.009655719897031697 and parameters: {'lag_0': 0.7988554580006981, 'lag_1': 0.8373934854050905, 'lag_2': 0.7989576970651484, 'lag_3': 0.11854579226338013, 'lag_4': 0.12570092759150292, 'lag_5': 0.4530422732938909, 'lag_6': 0.597490619674957, 'lag_7': 0.017929114282972614, 'lag_8': 0.2991192087446722, 'lag_9': 0.8809148507522648, 'lag_10': 0.38301468059648597, 'lag_11': 0.5234276757777958, 'lag_12': 0.29653774368092994, 'lag_13': 0.9073029364243709, 'lag_14': 0.6979431742870491, 'lag_15': 0.9610103122977297, 'lag_16': 0.8305343884699179, 'lag_17': 0.9831108082526685, 'lag_18': 0.5953417575061437, 'lag_19': 0.40283949637739896, 'lag_20': 0.07460102605544092, 'lag_21': 0.3437671514397913, 'lag_22': 0.9468552508963803, 'lag_23': 0.35013572795525766, 'lag_24': 0.3576431478912562, 'lag_25': 0.7052104342377306, 'lag_26': 0.33017891767996677, 'lag_27': 0.605960686006318, 'lag_28': 0.48916497652651275}. Best is trial 29 with value: 0.008557185393919572.
[I 2025-09-29 13:20:35,493] Trial 56 finished with value: 0.009719523939744151 and parameters: {'lag_0': 0.8488324046689889, 'lag_1': 0.486274661269256, 'lag_2': 0.645645163970354, 'lag_3': 0.26307696910396355, 'lag_4': 0.2865186039544362, 'lag_5': 0.5868460061102038, 'lag_6': 0.45953471900023357, 'lag_7': 0.5379571689000754, 'lag_8': 0.44998629657057704, 'lag_9': 0.8458555500185383, 'lag_10': 0.12672801544448986, 'lag_11': 0.14286056935128266, 'lag_12': 0.6623843363814219, 'lag_13': 0.6627698824352197, 'lag_14': 0.2004843734823985, 'lag_15': 0.406447360792297, 'lag_16': 0.9965108845147193, 'lag_17': 0.3342430999171464, 'lag_18': 0.4728818211424928, 'lag_19': 0.674936786577748, 'lag_20': 0.48704015183722166, 'lag_21': 0.269541385111762, 'lag_22': 0.05057172097883783, 'lag_23': 0.6025112882310101, 'lag_24': 0.22533659205034545, 'lag_25': 0.31553152674937385, 'lag_26': 0.11623229218670289, 'lag_27': 0.4582627654876198, 'lag_28': 0.3633868164564147}. Best is trial 29 with value: 0.008557185393919572.
[I 2025-09-29 13:20:38,104] Trial 57 finished with value: 0.009609172384534004 and parameters: {'lag_0': 0.9740854029606699, 'lag_1': 0.6250480687393327, 'lag_2': 0.8847415009730129, 'lag_3': 0.32074460804309274, 'lag_4': 0.1993452427803843, 'lag_5': 0.37808584656224453, 'lag_6': 0.6289011273741332, 'lag_7': 0.8247634594385195, 'lag_8': 0.21003300294311433, 'lag_9': 0.4662787566168961, 'lag_10': 0.28421858762737795, 'lag_11': 0.33709757695704, 'lag_12': 0.5620580170774355, 'lag_13': 0.239899947889622, 'lag_14': 0.8894695144597698, 'lag_15': 0.44418822195203006, 'lag_16': 0.665633164617422, 'lag_17': 0.27987014574041263, 'lag_18': 0.005490565606457887, 'lag_19': 0.4561811015653954, 'lag_20': 0.4025644319107714, 'lag_21': 0.6555377314218294, 'lag_22': 0.41401958376262216, 'lag_23': 0.4275754980562768, 'lag_24': 0.8005915835603468, 'lag_25': 0.24710794729693308, 'lag_26': 0.7435515207658342, 'lag_27': 0.07336698975262107, 'lag_28': 0.5607052599491613}. Best is trial 29 with value: 0.008557185393919572.
[I 2025-09-29 13:20:40,718] Trial 58 finished with value: 0.009322402444483254 and parameters: {'lag_0': 0.7413759871717418, 'lag_1': 0.7200094529033482, 'lag_2': 0.7298774592034895, 'lag_3': 0.20811424847911322, 'lag_4': 0.26125163438787025, 'lag_5': 0.33096030557187406, 'lag_6': 0.3075636604878558, 'lag_7': 0.7210694524473846, 'lag_8': 0.403616698787882, 'lag_9': 0.7680427441287425, 'lag_10': 0.5224399999190297, 'lag_11': 0.8457965934126601, 'lag_12': 0.4782085346597365, 'lag_13': 0.8044672344781125, 'lag_14': 0.08331453563683361, 'lag_15': 0.5282582100369871, 'lag_16': 0.7450945598693132, 'lag_17': 0.04694755635384407, 'lag_18': 0.4027185367215696, 'lag_19': 0.6121976050079877, 'lag_20': 0.34568143426287995, 'lag_21': 0.36916396713842076, 'lag_22': 0.8131606869488053, 'lag_23': 0.11264754322200722, 'lag_24': 0.5797189087337039, 'lag_25': 0.18659773406422697, 'lag_26': 0.0038402479723882027, 'lag_27': 0.12243295341850721, 'lag_28': 0.6096202667345513}. Best is trial 29 with value: 0.008557185393919572.
[I 2025-09-29 13:20:43,337] Trial 59 finished with value: 0.009280355298350222 and parameters: {'lag_0': 0.22155790117060725, 'lag_1': 0.10797668342988004, 'lag_2': 0.8446914538888309, 'lag_3': 0.4176806902594908, 'lag_4': 0.4013023776330696, 'lag_5': 0.1704451423976449, 'lag_6': 0.7253940274196652, 'lag_7': 0.6372228298004279, 'lag_8': 0.5542247180878193, 'lag_9': 0.4215129083377364, 'lag_10': 0.3966641682419659, 'lag_11': 0.9654332139350049, 'lag_12': 0.819219824963914, 'lag_13': 0.44552519854365563, 'lag_14': 0.05239074171668111, 'lag_15': 0.05008900217356782, 'lag_16': 0.2770074058891535, 'lag_17': 0.5309740223623378, 'lag_18': 0.9339965324298147, 'lag_19': 0.5627675010979355, 'lag_20': 0.1244496954051559, 'lag_21': 0.9357852028932708, 'lag_22': 0.24184507972672828, 'lag_23': 0.2961637955885063, 'lag_24': 0.3060433302126161, 'lag_25': 0.08770122554019957, 'lag_26': 0.3938643251031554, 'lag_27': 0.3096086061887433, 'lag_28': 0.4273274395871117}. Best is trial 29 with value: 0.008557185393919572.
[I 2025-09-29 13:20:45,953] Trial 60 finished with value: 0.009535169404777187 and parameters: {'lag_0': 0.34760057674943207, 'lag_1': 0.38045001206405243, 'lag_2': 0.9554375275748861, 'lag_3': 0.048183360147794396, 'lag_4': 0.1505071894134417, 'lag_5': 0.6310842004922809, 'lag_6': 0.5173191179129034, 'lag_7': 0.6831052864384664, 'lag_8': 0.05257411017985068, 'lag_9': 0.9290641367237562, 'lag_10': 0.7063426970879202, 'lag_11': 0.21627813980561456, 'lag_12': 0.7259949524047009, 'lag_13': 0.978804893428641, 'lag_14': 0.6285083248884343, 'lag_15': 0.5924886442192846, 'lag_16': 0.9057581685922593, 'lag_17': 0.46280104197937155, 'lag_18': 0.7085301222103131, 'lag_19': 0.3712495834545466, 'lag_20': 0.7384327063865921, 'lag_21': 0.14262244912001332, 'lag_22': 0.34309779853415345, 'lag_23': 0.5137778814343301, 'lag_24': 0.9696831716618015, 'lag_25': 0.13026257820782428, 'lag_26': 0.2786472557557044, 'lag_27': 0.8631966426266269, 'lag_28': 0.901232983229916}. Best is trial 29 with value: 0.008557185393919572.
