[I 2025-09-29 11:54:24,592] Trial 61 finished with value: 0.007247190953576112 and parameters: {'lag_0': 0.8808871513524652, 'lag_1': 0.538623335295475, 'lag_2': 0.20064940542935944, 'lag_3': 0.3579885008330229, 'lag_4': 0.6505689022217597, 'lag_5': 0.843900444754841, 'lag_6': 0.013472792997878541, 'lag_7': 0.6960684564062557, 'lag_8': 0.5323476401504234, 'lag_9': 0.31471798624989133, 'lag_10': 0.11807009088524817, 'lag_11': 0.36484619301853416, 'lag_12': 0.03083462235280686, 'lag_13': 0.4090347521989839, 'lag_14': 0.28755585774689263, 'lag_15': 0.41868191633107454, 'lag_16': 0.5797927593288237, 'lag_17': 0.5995940051189115, 'lag_18': 0.5861368001412147, 'lag_19': 0.21806439227671712, 'lag_20': 0.22126035693433269, 'lag_21': 0.009347710319736201, 'lag_22': 0.8105928814924923, 'lag_23': 0.9223053886940012, 'lag_24': 0.7921921259508986, 'lag_25': 0.07671241854624201, 'lag_26': 0.41024455484037975, 'lag_27': 0.9565385363120085, 'lag_28': 0.17869645885698335}. Best is trial 60 with value: 0.006883536467104186.
[I 2025-09-29 11:54:26,902] Trial 62 finished with value: 0.007023651038475164 and parameters: {'lag_0': 0.7843677282527136, 'lag_1': 0.5170485017574779, 'lag_2': 0.000665183652154358, 'lag_3': 0.2939488223116835, 'lag_4': 0.5691240891029024, 'lag_5': 0.6900305501028687, 'lag_6': 0.09867803712183523, 'lag_7': 0.8421944588954794, 'lag_8': 0.5622778325304526, 'lag_9': 0.40141712636017846, 'lag_10': 0.1739472774882253, 'lag_11': 0.43633472888051966, 'lag_12': 0.15170847790038958, 'lag_13': 0.2769658992185739, 'lag_14': 0.3487784248325731, 'lag_15': 0.33684781317844925, 'lag_16': 0.681662634284716, 'lag_17': 0.6862675075232182, 'lag_18': 0.45964121884903303, 'lag_19': 0.2598534448801147, 'lag_20': 0.17934216552496207, 'lag_21': 0.10551348985313025, 'lag_22': 0.7733835491516561, 'lag_23': 0.9951538669055395, 'lag_24': 0.8744724844544643, 'lag_25': 0.7208080708851017, 'lag_26': 0.32664587652477683, 'lag_27': 0.9111866181351977, 'lag_28': 0.07738126051709934}. Best is trial 60 with value: 0.006883536467104186.
[I 2025-09-29 11:54:29,215] Trial 63 finished with value: 0.0073464222601583 and parameters: {'lag_0': 0.9985947067933452, 'lag_1': 0.5054933115814642, 'lag_2': 0.01930217658227877, 'lag_3': 0.2913753392539359, 'lag_4': 0.5149392572116517, 'lag_5': 0.7060373791468995, 'lag_6': 0.08153992899022491, 'lag_7': 0.9542235286148447, 'lag_8': 0.6349625052412513, 'lag_9': 0.3855984090174335, 'lag_10': 0.1783469467582786, 'lag_11': 0.33251141704329207, 'lag_12': 0.6352157514251476, 'lag_13': 0.2831925260063074, 'lag_14': 0.3572700909416803, 'lag_15': 0.39487266794650494, 'lag_16': 0.6927932736117605, 'lag_17': 0.6768930495351482, 'lag_18': 0.7126376411262083, 'lag_19': 0.28450616231814535, 'lag_20': 0.1785729371080935, 'lag_21': 0.08659537679015772, 'lag_22': 0.7759469771333833, 'lag_23': 0.9703821508151035, 'lag_24': 0.9023298617151726, 'lag_25': 0.15203850877199326, 'lag_26': 0.33581975618483845, 'lag_27': 0.9014486624804569, 'lag_28': 0.30467252463548866}. Best is trial 60 with value: 0.006883536467104186.
[I 2025-09-29 11:54:31,524] Trial 64 finished with value: 0.007457940770595968 and parameters: {'lag_0': 0.8179438667711529, 'lag_1': 0.38274140091118314, 'lag_2': 0.06061022998926707, 'lag_3': 0.30581534879977923, 'lag_4': 0.4496460394200926, 'lag_5': 0.8942355189141292, 'lag_6': 0.056864038584670394, 'lag_7': 0.4947426589706189, 'lag_8': 0.5675981992166298, 'lag_9': 0.41924543359056354, 'lag_10': 0.2621946919038027, 'lag_11': 0.47471313688282524, 'lag_12': 0.49625944245167575, 'lag_13': 0.11344237604593826, 'lag_14': 0.31940007988932584, 'lag_15': 0.4427961882020506, 'lag_16': 0.6232366370296453, 'lag_17': 0.7598485561219157, 'lag_18': 0.4581760485469893, 'lag_19': 0.3292271682256792, 'lag_20': 0.05883578299357767, 'lag_21': 0.12835961532292406, 'lag_22': 0.13171786105485897, 'lag_23': 0.9792661318320157, 'lag_24': 0.8271763060334892, 'lag_25': 0.721745261841392, 'lag_26': 0.4582210634489755, 'lag_27': 0.8685828397336549, 'lag_28': 0.00034211913088230683}. Best is trial 60 with value: 0.006883536467104186.
[I 2025-09-29 11:54:33,838] Trial 65 finished with value: 0.007454799400437027 and parameters: {'lag_0': 0.7428769563075964, 'lag_1': 0.8368533844974106, 'lag_2': 0.15135904720238819, 'lag_3': 0.26062656710483467, 'lag_4': 0.40318350596157276, 'lag_5': 0.8084460881214455, 'lag_6': 0.020817014242281745, 'lag_7': 0.6228041396408901, 'lag_8': 0.6712721135012863, 'lag_9': 0.6016075046300952, 'lag_10': 0.06448826893513011, 'lag_11': 0.4406434230960729, 'lag_12': 0.1567229218044277, 'lag_13': 0.2667471967562215, 'lag_14': 0.4212269213054175, 'lag_15': 0.37779100756863, 'lag_16': 0.6445154944093856, 'lag_17': 0.5458540034848999, 'lag_18': 0.22219705656930538, 'lag_19': 0.25384369701356413, 'lag_20': 0.24486303671404658, 'lag_21': 0.05562568078729162, 'lag_22': 0.7219008654825975, 'lag_23': 0.9069553462286315, 'lag_24': 0.7258109851746812, 'lag_25': 0.4284962984563859, 'lag_26': 0.4296677335691327, 'lag_27': 0.614603574896339, 'lag_28': 0.46390777368338826}. Best is trial 60 with value: 0.006883536467104186.
[I 2025-09-29 11:54:36,156] Trial 66 finished with value: 0.007166772518579831 and parameters: {'lag_0': 0.7845104658049938, 'lag_1': 0.2892969770464061, 'lag_2': 0.006462516131669038, 'lag_3': 0.41587236071566175, 'lag_4': 0.5010358432140286, 'lag_5': 0.6838603287667295, 'lag_6': 0.09367371437020681, 'lag_7': 0.5840769490059732, 'lag_8': 0.048650901755805644, 'lag_9': 0.6636099187366602, 'lag_10': 0.18040616943143606, 'lag_11': 0.49585110983906333, 'lag_12': 0.04374743762683663, 'lag_13': 0.1830806684351387, 'lag_14': 0.273215153119433, 'lag_15': 0.3016957679620179, 'lag_16': 0.7415683795643031, 'lag_17': 0.6410127498450721, 'lag_18': 0.3471508619318325, 'lag_19': 0.3823421826208727, 'lag_20': 0.15935599732937492, 'lag_21': 0.09489662876114902, 'lag_22': 0.6238562109242154, 'lag_23': 0.9410815693073065, 'lag_24': 0.8942570027324184, 'lag_25': 0.4922146807879505, 'lag_26': 0.9891109300893495, 'lag_27': 0.9388922328741045, 'lag_28': 0.0897068768954051}. Best is trial 60 with value: 0.006883536467104186.
[I 2025-09-29 11:54:38,467] Trial 67 finished with value: 0.007164193677136813 and parameters: {'lag_0': 0.6362115312761055, 'lag_1': 0.22027469352821705, 'lag_2': 0.09231167088801397, 'lag_3': 0.13606398436747685, 'lag_4': 0.5538380708866406, 'lag_5': 0.7880624361278088, 'lag_6': 0.1371648710695697, 'lag_7': 0.7265609560099029, 'lag_8': 0.49899844000880755, 'lag_9': 0.5396384171451489, 'lag_10': 0.10121644706604599, 'lag_11': 0.430537090301642, 'lag_12': 0.08118898273188298, 'lag_13': 0.47457351331486847, 'lag_14': 0.38281228407121587, 'lag_15': 0.1329870151734482, 'lag_16': 0.5572275187376496, 'lag_17': 0.6740540264572391, 'lag_18': 0.8579793672897382, 'lag_19': 0.13439976846818386, 'lag_20': 0.1221414565441594, 'lag_21': 0.013433959174225046, 'lag_22': 0.4159595252752688, 'lag_23': 0.857025817166516, 'lag_24': 0.7670120519645147, 'lag_25': 0.366120259010163, 'lag_26': 0.32614267355545845, 'lag_27': 0.8193739864353381, 'lag_28': 0.3764279754578985}. Best is trial 60 with value: 0.006883536467104186.
[I 2025-09-29 11:54:40,779] Trial 68 finished with value: 0.0069152599811589275 and parameters: {'lag_0': 0.9353378714706062, 'lag_1': 0.688876133338401, 'lag_2': 0.27244593495294467, 'lag_3': 0.24725278448308244, 'lag_4': 0.593336634667149, 'lag_5': 0.9159768171807153, 'lag_6': 0.0011004369684100151, 'lag_7': 0.6835683617538167, 'lag_8': 0.6108257332015592, 'lag_9': 0.4721102310751519, 'lag_10': 0.13205860042630108, 'lag_11': 0.38257930268066676, 'lag_12': 0.03700720410524597, 'lag_13': 0.3423556083673077, 'lag_14': 0.34077196042229374, 'lag_15': 0.03493679587947712, 'lag_16': 0.6640100169927334, 'lag_17': 0.8440590127949541, 'lag_18': 0.6137452036139222, 'lag_19': 0.0978963369073868, 'lag_20': 0.20793762275190833, 'lag_21': 0.1440546865827888, 'lag_22': 0.8408840045128441, 'lag_23': 0.9918959380492526, 'lag_24': 0.6639296917245876, 'lag_25': 0.5716907167584182, 'lag_26': 0.4968858232548797, 'lag_27': 0.7166056115277348, 'lag_28': 0.1352289810773324}. Best is trial 60 with value: 0.006883536467104186.
[I 2025-09-29 11:54:43,098] Trial 69 finished with value: 0.007420752465652457 and parameters: {'lag_0': 0.864257840924581, 'lag_1': 0.6935914427546873, 'lag_2': 0.2754641221644112, 'lag_3': 0.24210856646456166, 'lag_4': 0.5972309471860496, 'lag_5': 0.9347883729100762, 'lag_6': 0.030913846594748662, 'lag_7': 0.6808321432840584, 'lag_8': 0.5941702266712096, 'lag_9': 0.4954686121101093, 'lag_10': 0.0011776596130745887, 'lag_11': 0.5425259991824426, 'lag_12': 0.030441396151175488, 'lag_13': 0.34218133539597584, 'lag_14': 0.3492643746843397, 'lag_15': 0.02626844557600999, 'lag_16': 0.8286993044241485, 'lag_17': 0.7441213879935316, 'lag_18': 0.6652916689892271, 'lag_19': 0.09085014389336629, 'lag_20': 0.30608871063165655, 'lag_21': 0.1550574144017732, 'lag_22': 0.8480511562965014, 'lag_23': 0.9496239919845313, 'lag_24': 0.9388491394703073, 'lag_25': 0.567942515252984, 'lag_26': 0.6234853354122176, 'lag_27': 0.7263997095178742, 'lag_28': 0.21007203922582224}. Best is trial 60 with value: 0.006883536467104186.
[I 2025-09-29 11:54:45,413] Trial 70 finished with value: 0.007328125018618928 and parameters: {'lag_0': 0.9226481370639383, 'lag_1': 0.7658084096946486, 'lag_2': 0.32349629128455565, 'lag_3': 0.19717202440996573, 'lag_4': 0.6438852118482515, 'lag_5': 0.602473414290446, 'lag_6': 0.002572869634671992, 'lag_7': 0.7708630221328668, 'lag_8': 0.7509877242880092, 'lag_9': 0.4538056083355244, 'lag_10': 0.13590716948125958, 'lag_11': 0.38393686520570053, 'lag_12': 0.002892384634486822, 'lag_13': 0.3909651048862531, 'lag_14': 0.23578025844411332, 'lag_15': 0.19261341440383875, 'lag_16': 0.6825871053836128, 'lag_17': 0.8338852181389629, 'lag_18': 0.6083349022544564, 'lag_19': 0.06578216895899658, 'lag_20': 0.09016607136573986, 'lag_21': 0.23435322355594557, 'lag_22': 0.2908624296828435, 'lag_23': 0.9871343475532106, 'lag_24': 0.6679146661278754, 'lag_25': 0.3184474800046495, 'lag_26': 0.5117318765745456, 'lag_27': 0.5762081516381257, 'lag_28': 0.12217898693487438}. Best is trial 60 with value: 0.006883536467104186.
[I 2025-09-29 11:54:47,723] Trial 71 finished with value: 0.007053202030789664 and parameters: {'lag_0': 0.9087185800871449, 'lag_1': 0.875759330746972, 'lag_2': 0.3944066658512513, 'lag_3': 0.0902197651615387, 'lag_4': 0.46872953964947806, 'lag_5': 0.9173614015601343, 'lag_6': 0.10455781039824677, 'lag_7': 0.8201805595611095, 'lag_8': 0.5514221238017286, 'lag_9': 0.46949640121728514, 'lag_10': 0.04247678844763558, 'lag_11': 0.34126675233284454, 'lag_12': 0.07208574505296965, 'lag_13': 0.31469971128165186, 'lag_14': 0.3805574595296156, 'lag_15': 0.04364894496192438, 'lag_16': 0.5954035230511567, 'lag_17': 0.8582537218754782, 'lag_18': 0.5499122091447965, 'lag_19': 0.1997318757032858, 'lag_20': 0.20084697621413045, 'lag_21': 0.12699033646182445, 'lag_22': 0.8541149612730964, 'lag_23': 0.9015936918691294, 'lag_24': 0.6112390628710616, 'lag_25': 0.5230661160923119, 'lag_26': 0.48481351829525765, 'lag_27': 0.8767514709687424, 'lag_28': 0.02912456133540027}. Best is trial 60 with value: 0.006883536467104186.
[I 2025-09-29 11:54:50,042] Trial 72 finished with value: 0.007041409304374552 and parameters: {'lag_0': 0.9418738474506532, 'lag_1': 0.7233489332432549, 'lag_2': 0.3999999807602677, 'lag_3': 0.07618800603171655, 'lag_4': 0.5113467012251746, 'lag_5': 0.9885447523008942, 'lag_6': 0.09788403726035964, 'lag_7': 0.8164852430953673, 'lag_8': 0.5396139731950964, 'lag_9': 0.4041621748530069, 'lag_10': 0.03626688849112841, 'lag_11': 0.28480126347581686, 'lag_12': 0.06729013672370548, 'lag_13': 0.33607925106497494, 'lag_14': 0.3861479985269255, 'lag_15': 0.03384718598208411, 'lag_16': 0.6011161701658836, 'lag_17': 0.9030939033107991, 'lag_18': 0.631124495456675, 'lag_19': 0.16559110066086313, 'lag_20': 0.20349588743327196, 'lag_21': 0.1208936392964068, 'lag_22': 0.7685985320538099, 'lag_23': 0.8987236391715137, 'lag_24': 0.6166786346306359, 'lag_25': 0.6230406455784121, 'lag_26': 0.4936423046493038, 'lag_27': 0.9894645421194934, 'lag_28': 0.14418121877397777}. Best is trial 60 with value: 0.006883536467104186.
[I 2025-09-29 11:54:52,362] Trial 73 finished with value: 0.007248081190846153 and parameters: {'lag_0': 0.9374666788940799, 'lag_1': 0.7260550763500171, 'lag_2': 0.22566083421529592, 'lag_3': 0.056927798743019224, 'lag_4': 0.715273023247763, 'lag_5': 0.7703927214280812, 'lag_6': 0.06216892540662381, 'lag_7': 0.754252384991885, 'lag_8': 0.644979122398372, 'lag_9': 0.39984615533190837, 'lag_10': 0.09215660503151937, 'lag_11': 0.3903760107594049, 'lag_12': 0.09778955000438003, 'lag_13': 0.43319093174374457, 'lag_14': 0.47541339569621255, 'lag_15': 0.08902255012487771, 'lag_16': 0.636897481800294, 'lag_17': 0.9769827115035522, 'lag_18': 0.7380588731793747, 'lag_19': 0.26425259880098556, 'lag_20': 0.26878845598147766, 'lag_21': 0.18204128690804222, 'lag_22': 0.7652053981370188, 'lag_23': 0.9495341031124851, 'lag_24': 0.6445795125509794, 'lag_25': 0.7801133514414115, 'lag_26': 0.372597922098998, 'lag_27': 0.9871059940230321, 'lag_28': 0.16917889652989712}. Best is trial 60 with value: 0.006883536467104186.
[I 2025-09-29 11:54:54,788] Trial 74 finished with value: 0.0071000085279980625 and parameters: {'lag_0': 0.9656358684477301, 'lag_1': 0.6218496885024671, 'lag_2': 0.29947223037193793, 'lag_3': 0.01985347364085237, 'lag_4': 0.5644635523740348, 'lag_5': 0.9830321342458941, 'lag_6': 0.1697862809773607, 'lag_7': 0.8693726784231971, 'lag_8': 0.6248913397206507, 'lag_9': 0.414012424869813, 'lag_10': 0.1880519154513768, 'lag_11': 0.2864840182647657, 'lag_12': 0.15503816687756486, 'lag_13': 0.2412776700628593, 'lag_14': 0.4450751997908735, 'lag_15': 0.5662989949211618, 'lag_16': 0.7593912588624996, 'lag_17': 0.9240213168757898, 'lag_18': 0.5886491538619919, 'lag_19': 0.1486415623677787, 'lag_20': 0.2394392338098129, 'lag_21': 0.03720601094535542, 'lag_22': 0.37007255129623323, 'lag_23': 0.9893635438958585, 'lag_24': 0.5522005468497616, 'lag_25': 0.6287312907463658, 'lag_26': 0.5737771867559395, 'lag_27': 0.9342392522176783, 'lag_28': 0.13840251967880657}. Best is trial 60 with value: 0.006883536467104186.
[I 2025-09-29 11:54:57,112] Trial 75 finished with value: 0.0071576609131795785 and parameters: {'lag_0': 0.8046727691574402, 'lag_1': 0.6818554621237478, 'lag_2': 0.3452184676571693, 'lag_3': 0.16822113410484762, 'lag_4': 0.5322141992666629, 'lag_5': 0.8617350673158853, 'lag_6': 0.030802957980346914, 'lag_7': 0.6708837312948092, 'lag_8': 0.7041107457375447, 'lag_9': 0.47544751937059626, 'lag_10': 0.04146325367644678, 'lag_11': 0.20968664198865236, 'lag_12': 0.03833223130792577, 'lag_13': 0.3425184107991924, 'lag_14': 0.40496334940364687, 'lag_15': 0.00665959751144634, 'lag_16': 0.670931616008879, 'lag_17': 0.6931561832691125, 'lag_18': 0.6993773727390713, 'lag_19': 0.037038785870408625, 'lag_20': 0.1562585481924746, 'lag_21': 0.2243055900741347, 'lag_22': 0.7234193939154421, 'lag_23': 0.8168729351121399, 'lag_24': 0.796887803596516, 'lag_25': 0.8131680703629737, 'lag_26': 0.527621862558089, 'lag_27': 0.6607739965777104, 'lag_28': 0.4038493809541695}. Best is trial 60 with value: 0.006883536467104186.
[I 2025-09-29 11:54:59,439] Trial 76 finished with value: 0.007587274278544151 and parameters: {'lag_0': 0.8753148027751908, 'lag_1': 0.5521086279907386, 'lag_2': 0.39779172264579943, 'lag_3': 0.19506050459494662, 'lag_4': 0.6508550053709292, 'lag_5': 0.9718619989792556, 'lag_6': 0.12002854829535048, 'lag_7': 0.809493498470734, 'lag_8': 0.509772221684594, 'lag_9': 0.3335735615373059, 'lag_10': 0.2819585311668723, 'lag_11': 0.3160392475285905, 'lag_12': 0.20294080676147375, 'lag_13': 0.2895542583762552, 'lag_14': 0.3221489136080111, 'lag_15': 0.12278286876276318, 'lag_16': 0.7112520140845504, 'lag_17': 0.897747355239769, 'lag_18': 0.6671879330809496, 'lag_19': 0.16538682976855326, 'lag_20': 0.03547277066011281, 'lag_21': 0.12067699532328255, 'lag_22': 0.9372982020222337, 'lag_23': 0.873403527181992, 'lag_24': 0.7077988835353298, 'lag_25': 0.5777715562763523, 'lag_26': 0.39787240786721256, 'lag_27': 0.7060995452529393, 'lag_28': 0.2969708361037907}. Best is trial 60 with value: 0.006883536467104186.
[I 2025-09-29 11:55:01,761] Trial 77 finished with value: 0.0071877696069056725 and parameters: {'lag_0': 0.9606744614314421, 'lag_1': 0.7943024594566089, 'lag_2': 0.26786164646007476, 'lag_3': 0.14224089360344178, 'lag_4': 0.30990217380338897, 'lag_5': 0.7205100646173188, 'lag_6': 0.08285834042047209, 'lag_7': 0.7117575319873594, 'lag_8': 0.5929349494105546, 'lag_9': 0.5311697782959137, 'lag_10': 0.12123625679040329, 'lag_11': 0.36785358769203275, 'lag_12': 0.12661443730216002, 'lag_13': 0.3730768967371759, 'lag_14': 0.16720725283943363, 'lag_15': 0.49191580361539305, 'lag_16': 0.5253470533604198, 'lag_17': 0.6327064917561945, 'lag_18': 0.6202540963705213, 'lag_19': 0.11793201244991253, 'lag_20': 0.20242790949412134, 'lag_21': 0.28821385744869743, 'lag_22': 0.5246191349525795, 'lag_23': 0.9070559431022976, 'lag_24': 0.5078167306948058, 'lag_25': 0.6536395536141355, 'lag_26': 0.47556868401362196, 'lag_27': 0.8321405723015664, 'lag_28': 0.18726198158019627}. Best is trial 60 with value: 0.006883536467104186.
[I 2025-09-29 11:55:04,080] Trial 78 finished with value: 0.007000073702971126 and parameters: {'lag_0': 0.8508169630705741, 'lag_1': 0.7168475770582454, 'lag_2': 0.17758534598061676, 'lag_3': 0.09368628378820265, 'lag_4': 0.5081787155918795, 'lag_5': 0.8712067311005954, 'lag_6': 0.045518311508518525, 'lag_7': 0.5605105903203872, 'lag_8': 0.3949111380791544, 'lag_9': 0.16121613677629812, 'lag_10': 0.23956158288876075, 'lag_11': 0.48197478753148004, 'lag_12': 0.06385388953545504, 'lag_13': 0.20511419522705512, 'lag_14': 0.5268181362761296, 'lag_15': 0.15544714883139515, 'lag_16': 0.8198041752613066, 'lag_17': 0.5776933881315038, 'lag_18': 0.8022630508105166, 'lag_19': 0.23925985689514226, 'lag_20': 0.36327639030849196, 'lag_21': 0.057452788925952035, 'lag_22': 0.8064471577500154, 'lag_23': 0.8319474422818914, 'lag_24': 0.007627182559994117, 'lag_25': 0.7219798748469826, 'lag_26': 0.4256065981215844, 'lag_27': 0.9554446397859174, 'lag_28': 0.2555689106144511}. Best is trial 60 with value: 0.006883536467104186.
[I 2025-09-29 11:55:06,397] Trial 79 finished with value: 0.00689016827682463 and parameters: {'lag_0': 0.7718151608326745, 'lag_1': 0.4629229766150676, 'lag_2': 0.1400814582109448, 'lag_3': 0.2433217927369946, 'lag_4': 0.3869284149126584, 'lag_5': 0.8743146436637894, 'lag_6': 0.05563494138368533, 'lag_7': 0.5536980298056767, 'lag_8': 0.2850000866582465, 'lag_9': 0.14793901173146298, 'lag_10': 0.21433405665325972, 'lag_11': 0.48758390086563774, 'lag_12': 0.1637934576982374, 'lag_13': 0.20191121941559953, 'lag_14': 0.26882333070671954, 'lag_15': 0.6030078454660699, 'lag_16': 0.8377379649201236, 'lag_17': 0.5810798712781637, 'lag_18': 0.801666244709523, 'lag_19': 0.223127033521044, 'lag_20': 0.36893687876027403, 'lag_21': 0.050343734798683315, 'lag_22': 0.8085779681725647, 'lag_23': 0.7484471979804933, 'lag_24': 0.01935872627276187, 'lag_25': 0.7131527376510256, 'lag_26': 0.44404842416642737, 'lag_27': 0.9021399814761489, 'lag_28': 0.23341524802342578}. Best is trial 60 with value: 0.006883536467104186.
[I 2025-09-29 11:55:08,711] Trial 80 finished with value: 0.006964821023559218 and parameters: {'lag_0': 0.7671623599811269, 'lag_1': 0.5119428843206337, 'lag_2': 0.12882707839915641, 'lag_3': 0.2512321901596134, 'lag_4': 0.433883391570339, 'lag_5': 0.881983472310345, 'lag_6': 0.0001626875449386618, 'lag_7': 0.6125636912987789, 'lag_8': 0.28725712513805207, 'lag_9': 0.0834411146345527, 'lag_10': 0.23505462544888311, 'lag_11': 0.6034922583068092, 'lag_12': 0.16454441216614774, 'lag_13': 0.2105012914261451, 'lag_14': 0.26190583256132594, 'lag_15': 0.6217043736845322, 'lag_16': 0.9194177107960304, 'lag_17': 0.578510657681312, 'lag_18': 0.9386638583653498, 'lag_19': 0.22627374422856408, 'lag_20': 0.3529688597746692, 'lag_21': 0.06196833377448726, 'lag_22': 0.8094378754484172, 'lag_23': 0.7497143028750018, 'lag_24': 0.04481947809802722, 'lag_25': 0.9158194449769282, 'lag_26': 0.43438493813068346, 'lag_27': 0.888803600893465, 'lag_28': 0.23197529127439984}. Best is trial 60 with value: 0.006883536467104186.
[I 2025-09-29 11:55:11,035] Trial 81 finished with value: 0.007364853080394933 and parameters: {'lag_0': 0.7721934681849736, 'lag_1': 0.5061221864299302, 'lag_2': 0.17926266300479587, 'lag_3': 0.24820801682566318, 'lag_4': 0.3936561699992022, 'lag_5': 0.8704162927893222, 'lag_6': 0.03561374277963954, 'lag_7': 0.5631228604390716, 'lag_8': 0.2634462715692734, 'lag_9': 0.10075699845545183, 'lag_10': 0.24533157872410583, 'lag_11': 0.5839599114773217, 'lag_12': 0.1717628435790643, 'lag_13': 0.20173995970842878, 'lag_14': 0.2522249880500177, 'lag_15': 0.6695057181035363, 'lag_16': 0.9669438647486452, 'lag_17': 0.5913235942051096, 'lag_18': 0.8597016352985521, 'lag_19': 0.22662239284146196, 'lag_20': 0.35649542427133607, 'lag_21': 0.06165912093669797, 'lag_22': 0.8287682650804492, 'lag_23': 0.7155450305984545, 'lag_24': 0.04796789228305903, 'lag_25': 0.8636555442575898, 'lag_26': 0.4525012033798532, 'lag_27': 0.904160014489015, 'lag_28': 0.2505449161740541}. Best is trial 60 with value: 0.006883536467104186.
