[I 2025-09-29 13:24:56,711] Trial 66 finished with value: 0.004705778415908721 and parameters: {'lag_0': 0.5169017161893408, 'lag_1': 0.4865604011860768, 'lag_2': 0.4315487745274716, 'lag_3': 0.3865954014879683, 'lag_4': 0.463451550484593, 'lag_5': 0.19193421740279315, 'lag_6': 0.2700985756378689, 'lag_7': 0.2720179063944428, 'lag_8': 0.9944937069644755, 'lag_9': 0.6404052162514453, 'lag_10': 0.6514217851836217, 'lag_11': 0.5689233260083596, 'lag_12': 0.9362980758473815, 'lag_13': 0.40950605473096546, 'lag_14': 0.46878365832046254, 'lag_15': 0.42429179948107176, 'lag_16': 0.35997450277105936, 'lag_17': 0.1822130129911851, 'lag_18': 0.7108560921444901, 'lag_19': 0.9083932634603025, 'lag_20': 0.120115048136471, 'lag_21': 0.11443157757834489, 'lag_22': 0.04454796380953138, 'lag_23': 0.3257289291903389, 'lag_24': 0.30354871030012837, 'lag_25': 0.24266785010359224, 'lag_26': 0.11955102849390005, 'lag_27': 0.616021875483027, 'lag_28': 0.665500390016914}. Best is trial 60 with value: 0.004197542443336509.
[I 2025-09-29 13:24:59,235] Trial 67 finished with value: 0.004563027239067965 and parameters: {'lag_0': 0.5615514858821506, 'lag_1': 0.22551698888199095, 'lag_2': 0.8398138648590228, 'lag_3': 0.7885001313325315, 'lag_4': 0.28733035719525146, 'lag_5': 0.705447116238332, 'lag_6': 0.7728528289905344, 'lag_7': 0.08784103390304424, 'lag_8': 0.7884946475447592, 'lag_9': 0.565785580590421, 'lag_10': 0.21778822980664023, 'lag_11': 0.6583672077320695, 'lag_12': 0.8005823380308895, 'lag_13': 0.23926847391270528, 'lag_14': 0.42189314345370355, 'lag_15': 0.3795690763954333, 'lag_16': 0.6856872520839876, 'lag_17': 0.06073521394735844, 'lag_18': 0.8504585586993793, 'lag_19': 0.7394463331168506, 'lag_20': 0.06534293345670111, 'lag_21': 0.22836737840105498, 'lag_22': 0.4735849108494262, 'lag_23': 0.894177191444634, 'lag_24': 0.5162684444819118, 'lag_25': 0.03423469595838871, 'lag_26': 0.8942708151045388, 'lag_27': 0.93163259572473, 'lag_28': 0.8901504874916952}. Best is trial 60 with value: 0.004197542443336509.
[I 2025-09-29 13:25:01,763] Trial 68 finished with value: 0.004730471679261316 and parameters: {'lag_0': 0.3824825906383097, 'lag_1': 0.41891956600411173, 'lag_2': 0.7378195181348297, 'lag_3': 0.45153096731616116, 'lag_4': 0.6753790054883996, 'lag_5': 0.05710986161081413, 'lag_6': 0.7095332938160959, 'lag_7': 0.5943871661635343, 'lag_8': 0.6444717237345029, 'lag_9': 0.4905663982415863, 'lag_10': 0.7916726267342, 'lag_11': 0.7147727642138617, 'lag_12': 0.7511822246465422, 'lag_13': 0.7098121662837567, 'lag_14': 0.5684647932451596, 'lag_15': 0.5407735248142863, 'lag_16': 0.9942082226048489, 'lag_17': 0.3083995935565836, 'lag_18': 0.748136704474734, 'lag_19': 0.7826285973738509, 'lag_20': 0.6873500254096317, 'lag_21': 0.4262433020306648, 'lag_22': 0.8651304545215657, 'lag_23': 0.7987863162343808, 'lag_24': 0.10415202027295836, 'lag_25': 0.8448383764106653, 'lag_26': 0.24353910291790065, 'lag_27': 0.6799995470602441, 'lag_28': 0.6173396978497417}. Best is trial 60 with value: 0.004197542443336509.
[I 2025-09-29 13:25:04,298] Trial 69 finished with value: 0.004520023182344515 and parameters: {'lag_0': 0.10755767688866148, 'lag_1': 0.2853824909503955, 'lag_2': 0.9185283297220812, 'lag_3': 0.7282322274294536, 'lag_4': 0.4058089345989262, 'lag_5': 0.5907092263967755, 'lag_6': 0.09153928471986422, 'lag_7': 0.5337465149746987, 'lag_8': 0.005090417665478519, 'lag_9': 0.08051411038250317, 'lag_10': 0.16944688745912118, 'lag_11': 0.6161048745276498, 'lag_12': 0.2540977369224628, 'lag_13': 0.4883152981071347, 'lag_14': 0.6136970111269555, 'lag_15': 0.6137597995367362, 'lag_16': 0.4258834794322811, 'lag_17': 0.15800372435631577, 'lag_18': 0.8003012009895508, 'lag_19': 0.8407118033129689, 'lag_20': 0.4167149719321137, 'lag_21': 0.1882416328814253, 'lag_22': 0.00624313846091451, 'lag_23': 0.6472489094283926, 'lag_24': 0.2211387365132151, 'lag_25': 0.5153917262453843, 'lag_26': 0.057067569109102156, 'lag_27': 0.5324704507336093, 'lag_28': 0.5071010314244412}. Best is trial 60 with value: 0.004197542443336509.
[I 2025-09-29 13:25:06,836] Trial 70 finished with value: 0.004917223167009203 and parameters: {'lag_0': 0.7118082322668674, 'lag_1': 0.3522195606956184, 'lag_2': 0.8786157310703594, 'lag_3': 0.9679596479529631, 'lag_4': 0.18512749755730054, 'lag_5': 0.8433809036404504, 'lag_6': 0.5590742880892948, 'lag_7': 0.009119743448097817, 'lag_8': 0.23912841208189572, 'lag_9': 0.15904679694726565, 'lag_10': 0.4416108936011921, 'lag_11': 0.9363141069425777, 'lag_12': 0.8369095843986355, 'lag_13': 0.5548641091316481, 'lag_14': 0.6514809607327161, 'lag_15': 0.4593142177447381, 'lag_16': 0.46564606772094536, 'lag_17': 0.4768416344733447, 'lag_18': 0.6307754584307745, 'lag_19': 0.5900833763670965, 'lag_20': 0.9664939028233583, 'lag_21': 0.7745862357940201, 'lag_22': 0.5388999660841773, 'lag_23': 0.8775040509606301, 'lag_24': 0.13886248640256643, 'lag_25': 0.197066047530779, 'lag_26': 0.19717198392744562, 'lag_27': 0.7771475013241789, 'lag_28': 0.9531343884452076}. Best is trial 60 with value: 0.004197542443336509.
[I 2025-09-29 13:25:09,362] Trial 71 finished with value: 0.004353884239092321 and parameters: {'lag_0': 0.875786306108609, 'lag_1': 0.3388392698069505, 'lag_2': 0.8078092277582757, 'lag_3': 0.8062504673819599, 'lag_4': 0.27843778103252215, 'lag_5': 0.6355156954166228, 'lag_6': 0.7579760011515494, 'lag_7': 0.6543114930625001, 'lag_8': 0.6046998720693358, 'lag_9': 0.1915540159630964, 'lag_10': 0.06726929407039353, 'lag_11': 0.5386767545483048, 'lag_12': 0.906998919285705, 'lag_13': 0.3539785490068134, 'lag_14': 0.5619776433198505, 'lag_15': 0.3658464044029761, 'lag_16': 0.08505140349554768, 'lag_17': 0.3742945368218152, 'lag_18': 0.6800490270204498, 'lag_19': 0.7166962820235201, 'lag_20': 0.1352710255310512, 'lag_21': 0.16218109755487803, 'lag_22': 0.6010186939309531, 'lag_23': 0.8464046476074617, 'lag_24': 0.29101787897025844, 'lag_25': 0.2262346312815982, 'lag_26': 0.03599891229407057, 'lag_27': 0.6491745026300804, 'lag_28': 0.5594368720868281}. Best is trial 60 with value: 0.004197542443336509.
[I 2025-09-29 13:25:11,876] Trial 72 finished with value: 0.004251228952807297 and parameters: {'lag_0': 0.8909497353696963, 'lag_1': 0.3156046279018384, 'lag_2': 0.7948028529315408, 'lag_3': 0.662450640949973, 'lag_4': 0.3608265662127369, 'lag_5': 0.6409995581353513, 'lag_6': 0.7572040068984718, 'lag_7': 0.650956994408163, 'lag_8': 0.566245727688964, 'lag_9': 0.1237424436303697, 'lag_10': 0.07550620038461006, 'lag_11': 0.48518747809837715, 'lag_12': 0.8987426086811022, 'lag_13': 0.3577712745338037, 'lag_14': 0.5596653927888551, 'lag_15': 0.3108507599672672, 'lag_16': 0.034537718302836945, 'lag_17': 0.3700903557173193, 'lag_18': 0.6768507983800552, 'lag_19': 0.7107227941935426, 'lag_20': 0.14121891864551842, 'lag_21': 0.02244937714132727, 'lag_22': 0.6369117224740923, 'lag_23': 0.9648762232298919, 'lag_24': 0.26707856540491665, 'lag_25': 0.13030082028467593, 'lag_26': 0.12552596137801109, 'lag_27': 0.7475423361893303, 'lag_28': 0.5471462224003385}. Best is trial 60 with value: 0.004197542443336509.
[I 2025-09-29 13:25:14,402] Trial 73 finished with value: 0.0044162701727821965 and parameters: {'lag_0': 0.9143339933307516, 'lag_1': 0.4420631412818766, 'lag_2': 0.7786012779663913, 'lag_3': 0.6739549410358, 'lag_4': 0.35325392981385334, 'lag_5': 0.7876209939551524, 'lag_6': 0.8922404340065702, 'lag_7': 0.29559087074706447, 'lag_8': 0.5704557307414189, 'lag_9': 0.030315138224993085, 'lag_10': 0.003248454607144173, 'lag_11': 0.48092393288955354, 'lag_12': 0.8625818893803687, 'lag_13': 0.4180548639370675, 'lag_14': 0.5346973310649875, 'lag_15': 0.24088575152730018, 'lag_16': 0.12246499458702016, 'lag_17': 0.8523245308511642, 'lag_18': 0.9996097551050577, 'lag_19': 0.5234410869566026, 'lag_20': 0.08830220502566369, 'lag_21': 0.03303671834114441, 'lag_22': 0.6484853382224048, 'lag_23': 0.9735064879441531, 'lag_24': 0.25315234185501406, 'lag_25': 0.13682440554802397, 'lag_26': 0.1477263003259699, 'lag_27': 0.833332211895499, 'lag_28': 0.45176567249686367}. Best is trial 60 with value: 0.004197542443336509.
[I 2025-09-29 13:25:16,931] Trial 74 finished with value: 0.004803181698246489 and parameters: {'lag_0': 0.7910826389109267, 'lag_1': 0.2909212441183795, 'lag_2': 0.8411470532327903, 'lag_3': 0.577048253174737, 'lag_4': 0.4667281938398873, 'lag_5': 0.1598186073359044, 'lag_6': 0.6474653630209736, 'lag_7': 0.13166664218320365, 'lag_8': 0.5131822897663462, 'lag_9': 0.12473816216352965, 'lag_10': 0.12049816370347662, 'lag_11': 0.3408218138925509, 'lag_12': 0.9987802883185766, 'lag_13': 0.5069863868669185, 'lag_14': 0.514828715256104, 'lag_15': 0.28732764368544145, 'lag_16': 0.030006572767634646, 'lag_17': 0.4381868461924316, 'lag_18': 0.8294322053693395, 'lag_19': 0.6517874179553343, 'lag_20': 0.03332443302843491, 'lag_21': 0.020742328188922132, 'lag_22': 0.7636746240044606, 'lag_23': 0.999917324555025, 'lag_24': 0.19606390574301183, 'lag_25': 0.07812053725911966, 'lag_26': 0.07439506310652444, 'lag_27': 0.7419718473109391, 'lag_28': 0.748778592726425}. Best is trial 60 with value: 0.004197542443336509.
[I 2025-09-29 13:25:19,457] Trial 75 finished with value: 0.004417816371327853 and parameters: {'lag_0': 0.9608672398879364, 'lag_1': 0.2319218000413299, 'lag_2': 0.722621950684661, 'lag_3': 0.5242260365025666, 'lag_4': 0.3145730575859058, 'lag_5': 0.2506226468495655, 'lag_6': 0.8251932707276844, 'lag_7': 0.45354674564396363, 'lag_8': 0.682348115731082, 'lag_9': 0.0951669165838421, 'lag_10': 0.14228412316681724, 'lag_11': 0.4203794881495804, 'lag_12': 0.9473581210522568, 'lag_13': 0.31717325516108985, 'lag_14': 0.3760016017889678, 'lag_15': 0.32269950253557805, 'lag_16': 0.5292266507122066, 'lag_17': 0.3380430139492259, 'lag_18': 0.7009379173335144, 'lag_19': 0.6274855224569045, 'lag_20': 0.20344885109377203, 'lag_21': 0.08796234160841361, 'lag_22': 0.4429539548470807, 'lag_23': 0.9246751319184767, 'lag_24': 0.3990322757403818, 'lag_25': 0.10482797154602418, 'lag_26': 0.40130148759512463, 'lag_27': 0.5826421401154415, 'lag_28': 0.8013262109436414}. Best is trial 60 with value: 0.004197542443336509.
[I 2025-09-29 13:25:21,992] Trial 76 finished with value: 0.0042544426830016 and parameters: {'lag_0': 0.8386653621808178, 'lag_1': 0.49875025530463524, 'lag_2': 0.665098636522567, 'lag_3': 0.6556498490721261, 'lag_4': 0.3864177112413955, 'lag_5': 0.31362455305211895, 'lag_6': 0.725136864804285, 'lag_7': 0.5927041123415371, 'lag_8': 0.5400742915432118, 'lag_9': 0.2550689768751613, 'lag_10': 0.686534831952915, 'lag_11': 0.24448962777975694, 'lag_12': 0.8219216107151307, 'lag_13': 0.3595200470520906, 'lag_14': 0.5986408163289765, 'lag_15': 0.4093582481808898, 'lag_16': 0.14494762015469292, 'lag_17': 0.7394719152697257, 'lag_18': 0.59129995804031, 'lag_19': 0.7646418877254184, 'lag_20': 0.26052154746970946, 'lag_21': 0.05937108796991953, 'lag_22': 0.13863142967681855, 'lag_23': 0.9522374752183131, 'lag_24': 0.3301869833117839, 'lag_25': 0.2662604597786761, 'lag_26': 0.597902491731293, 'lag_27': 0.6926381998830431, 'lag_28': 0.5383497875896279}. Best is trial 60 with value: 0.004197542443336509.
[I 2025-09-29 13:25:24,531] Trial 77 finished with value: 0.004871279422222335 and parameters: {'lag_0': 0.8329214315893797, 'lag_1': 0.486524875771389, 'lag_2': 0.6343805454911773, 'lag_3': 0.6516039525971509, 'lag_4': 0.3951661865594277, 'lag_5': 0.3234075627946732, 'lag_6': 0.7361876468523624, 'lag_7': 0.5932701028018218, 'lag_8': 0.5441676433226911, 'lag_9': 0.06767218320258245, 'lag_10': 0.6745510959131441, 'lag_11': 0.239366367834499, 'lag_12': 0.8276873809047254, 'lag_13': 0.3656841852487237, 'lag_14': 0.6913317891014998, 'lag_15': 0.421132617350987, 'lag_16': 0.14955609059821098, 'lag_17': 0.6509941510046819, 'lag_18': 0.6034630098707142, 'lag_19': 0.6965321403892271, 'lag_20': 0.3449265990870249, 'lag_21': 0.050687364217942565, 'lag_22': 0.13967601827472786, 'lag_23': 0.9352607859015799, 'lag_24': 0.31959332096089244, 'lag_25': 0.27147844594265164, 'lag_26': 0.5907904310477277, 'lag_27': 0.8057250113023942, 'lag_28': 0.618313442729684}. Best is trial 60 with value: 0.004197542443336509.
[I 2025-09-29 13:25:27,225] Trial 78 finished with value: 0.0043995436789469825 and parameters: {'lag_0': 0.9857215073273489, 'lag_1': 0.5698097867990575, 'lag_2': 0.6845322994652266, 'lag_3': 0.701989355262173, 'lag_4': 0.5297347384546991, 'lag_5': 0.10501659169555361, 'lag_6': 0.21596382990762378, 'lag_7': 0.5406798077264767, 'lag_8': 0.14718972441377492, 'lag_9': 0.3434761722374485, 'lag_10': 0.7481738787916624, 'lag_11': 0.1660408675686718, 'lag_12': 0.7614346071429026, 'lag_13': 0.6212152917092861, 'lag_14': 0.6448171133251334, 'lag_15': 0.5111981403142977, 'lag_16': 0.7424417621112975, 'lag_17': 0.741278397429541, 'lag_18': 0.5698225414062107, 'lag_19': 0.758363060490025, 'lag_20': 0.28054565955693106, 'lag_21': 0.009277089759147372, 'lag_22': 0.2379290864142849, 'lag_23': 0.9561476484690985, 'lag_24': 0.2723162730857987, 'lag_25': 0.164289693040827, 'lag_26': 0.48587415423242175, 'lag_27': 0.6919952331392386, 'lag_28': 0.5456339113985091}. Best is trial 60 with value: 0.004197542443336509.
[I 2025-09-29 13:25:29,766] Trial 79 finished with value: 0.00461315646775174 and parameters: {'lag_0': 0.25829686156098786, 'lag_1': 0.6993403572190535, 'lag_2': 0.5175083809208412, 'lag_3': 0.1830066447958824, 'lag_4': 0.4198928287592551, 'lag_5': 0.2803341835278085, 'lag_6': 0.7964360319554875, 'lag_7': 0.16738209644578259, 'lag_8': 0.6268418251900195, 'lag_9': 0.17055977859019605, 'lag_10': 0.5974790910496252, 'lag_11': 0.07764458103952124, 'lag_12': 0.6807789601363485, 'lag_13': 0.4661804318519525, 'lag_14': 0.15119536395573818, 'lag_15': 0.4933925173065505, 'lag_16': 0.21938286254752223, 'lag_17': 0.4991421474280852, 'lag_18': 0.5330665959216668, 'lag_19': 0.7941797225572675, 'lag_20': 0.24904304537523442, 'lag_21': 0.06408178026153408, 'lag_22': 0.19434411077576552, 'lag_23': 0.5722478103807851, 'lag_24': 0.4740818923769505, 'lag_25': 0.1285999841810624, 'lag_26': 0.6527310119954899, 'lag_27': 0.7615890339821767, 'lag_28': 0.48912562828047057}. Best is trial 60 with value: 0.004197542443336509.
[I 2025-09-29 13:25:32,312] Trial 80 finished with value: 0.004841805095121035 and parameters: {'lag_0': 0.20541947812597572, 'lag_1': 0.5963314941682, 'lag_2': 0.5918893399184373, 'lag_3': 0.5852321465744788, 'lag_4': 0.3659932154149315, 'lag_5': 0.21060665916825178, 'lag_6': 0.9134454128584659, 'lag_7': 0.06084212517287316, 'lag_8': 0.8231658110517805, 'lag_9': 0.21247829299837195, 'lag_10': 0.6939668629562341, 'lag_11': 0.1265338852955648, 'lag_12': 0.8026998234727237, 'lag_13': 0.4140544606951857, 'lag_14': 0.5929508922463497, 'lag_15': 0.8766401964800672, 'lag_16': 0.3055514785796625, 'lag_17': 0.7270098700259517, 'lag_18': 0.7621047078484381, 'lag_19': 0.4620094183675031, 'lag_20': 0.1603535567973129, 'lag_21': 0.10011781143641829, 'lag_22': 0.0741622031327655, 'lag_23': 0.8790786683512367, 'lag_24': 0.35489312010799734, 'lag_25': 0.030926650270430678, 'lag_26': 0.8127037687469247, 'lag_27': 0.727661127231252, 'lag_28': 0.3837553057295563}. Best is trial 60 with value: 0.004197542443336509.
[I 2025-09-29 13:25:34,844] Trial 81 finished with value: 0.004503616238147249 and parameters: {'lag_0': 0.8951269654232619, 'lag_1': 0.3908746460337042, 'lag_2': 0.6636235925015784, 'lag_3': 0.6565434190297358, 'lag_4': 0.23130617509812762, 'lag_5': 0.5267509168522237, 'lag_6': 0.7100544091081766, 'lag_7': 0.6617456421536925, 'lag_8': 0.48114808537384735, 'lag_9': 0.2922599342988401, 'lag_10': 0.5144116970101451, 'lag_11': 0.2693861266202985, 'lag_12': 0.8910898521514035, 'lag_13': 0.25971159067690686, 'lag_14': 0.4818964989874436, 'lag_15': 0.3976210515536665, 'lag_16': 0.1068781890564916, 'lag_17': 0.11622029136054256, 'lag_18': 0.11819340129936923, 'lag_19': 0.8196834716860274, 'lag_20': 0.18488739109568247, 'lag_21': 0.1407203333137488, 'lag_22': 0.5693442428869784, 'lag_23': 0.43116078459791185, 'lag_24': 0.22899266313308472, 'lag_25': 0.25308293118630765, 'lag_26': 0.12496145878578799, 'lag_27': 0.6777497785854412, 'lag_28': 0.6918282448332156}. Best is trial 60 with value: 0.004197542443336509.
[I 2025-09-29 13:25:37,388] Trial 82 finished with value: 0.004485616055739876 and parameters: {'lag_0': 0.8047939444894083, 'lag_1': 0.3133256526643665, 'lag_2': 0.021239916163982075, 'lag_3': 0.7465703622355576, 'lag_4': 0.12579589487091558, 'lag_5': 0.6669503700607143, 'lag_6': 0.7732546738033637, 'lag_7': 0.5674694824142422, 'lag_8': 0.43394376806731194, 'lag_9': 0.24014688991070712, 'lag_10': 0.09371665257996911, 'lag_11': 0.33686588037053256, 'lag_12': 0.8974499744011414, 'lag_13': 0.12597221843362458, 'lag_14': 0.5361222287712163, 'lag_15': 0.2684743699607766, 'lag_16': 0.0649139998881957, 'lag_17': 0.4121843391382494, 'lag_18': 0.7205203951900152, 'lag_19': 0.9698837503425763, 'lag_20': 0.2323964229906396, 'lag_21': 0.00017585038328238323, 'lag_22': 0.30543719772822475, 'lag_23': 0.9704261070759491, 'lag_24': 0.18287830721097745, 'lag_25': 0.30075474245331335, 'lag_26': 0.5254994405282193, 'lag_27': 0.6190262285389851, 'lag_28': 0.4631342141427038}. Best is trial 60 with value: 0.004197542443336509.
[I 2025-09-29 13:25:39,923] Trial 83 finished with value: 0.004620228009762946 and parameters: {'lag_0': 0.7671500242389646, 'lag_1': 0.5141464612674744, 'lag_2': 0.7913580927613999, 'lag_3': 0.7113585458876007, 'lag_4': 0.30727950604295706, 'lag_5': 0.4116628032948162, 'lag_6': 0.6878064278178004, 'lag_7': 0.7469088583719574, 'lag_8': 0.5882843464574146, 'lag_9': 0.11508136054360163, 'lag_10': 0.6369518741975713, 'lag_11': 0.1920314481321706, 'lag_12': 0.7331069557796306, 'lag_13': 0.29413492296869104, 'lag_14': 0.6067962977657759, 'lag_15': 0.31443914619986363, 'lag_16': 0.18693080077156365, 'lag_17': 0.28446984426667243, 'lag_18': 0.6256077483000644, 'lag_19': 0.7312136456400138, 'lag_20': 0.37495914278109793, 'lag_21': 0.356081850452307, 'lag_22': 0.5190775698046463, 'lag_23': 0.731084422039459, 'lag_24': 0.590634027493032, 'lag_25': 0.21358940071378663, 'lag_26': 0.7220307900342797, 'lag_27': 0.5511295750647471, 'lag_28': 0.7229235637639071}. Best is trial 60 with value: 0.004197542443336509.
[I 2025-09-29 13:25:42,457] Trial 84 finished with value: 0.004658974662279136 and parameters: {'lag_0': 0.8606796034314107, 'lag_1': 0.17078277515035636, 'lag_2': 0.7637533966955747, 'lag_3': 0.6099193270310743, 'lag_4': 0.34302191017460826, 'lag_5': 0.5842348396608668, 'lag_6': 0.8498306525613804, 'lag_7': 0.6163524860187929, 'lag_8': 0.740457958137033, 'lag_9': 0.25340168406636887, 'lag_10': 0.5584081126322429, 'lag_11': 0.250445555908444, 'lag_12': 0.8181431886260927, 'lag_13': 0.3350201147612335, 'lag_14': 0.7195685206118259, 'lag_15': 0.4463914040298396, 'lag_16': 0.00016704960192653884, 'lag_17': 0.19344396435154115, 'lag_18': 0.7937008784161597, 'lag_19': 0.8843139535690806, 'lag_20': 0.29213149527753973, 'lag_21': 0.2330086547558689, 'lag_22': 0.6245752752397424, 'lag_23': 0.5054441685221596, 'lag_24': 0.33054903782752787, 'lag_25': 0.06841843790366192, 'lag_26': 0.5621104887279254, 'lag_27': 0.5045197099937242, 'lag_28': 0.5266734386366215}. Best is trial 60 with value: 0.004197542443336509.
[I 2025-09-29 13:25:44,988] Trial 85 finished with value: 0.004836009237178717 and parameters: {'lag_0': 0.824041171289775, 'lag_1': 0.26995429342138455, 'lag_2': 0.886371808083549, 'lag_3': 0.8830168538497046, 'lag_4': 0.7640329499561962, 'lag_5': 0.6098197346664662, 'lag_6': 0.33882640638329053, 'lag_7': 0.22973939727251053, 'lag_8': 0.06262431473537428, 'lag_9': 0.33860053126713685, 'lag_10': 0.04582858526675193, 'lag_11': 0.6816683429905056, 'lag_12': 0.5989146448374775, 'lag_13': 0.43848367984835757, 'lag_14': 0.5643378379223065, 'lag_15': 0.21091970634933738, 'lag_16': 0.506316627674313, 'lag_17': 0.2592407629360706, 'lag_18': 0.6707221605561827, 'lag_19': 0.8591832614632855, 'lag_20': 0.11230598319267904, 'lag_21': 0.3120251174907488, 'lag_22': 0.6868812661166733, 'lag_23': 0.9167179692597003, 'lag_24': 0.20963588147220336, 'lag_25': 0.17051732564803906, 'lag_26': 0.44720876088112305, 'lag_27': 0.7839961627215005, 'lag_28': 0.41266339954917125}. Best is trial 60 with value: 0.004197542443336509.
[I 2025-09-29 13:25:47,519] Trial 86 finished with value: 0.004791271666806369 and parameters: {'lag_0': 0.02777097387640573, 'lag_1': 0.370441924640608, 'lag_2': 0.720183718405313, 'lag_3': 0.9259250071503202, 'lag_4': 0.20896708893512836, 'lag_5': 0.7100268126918343, 'lag_6': 0.8156461525219284, 'lag_7': 0.5006605362101273, 'lag_8': 0.5232846176487714, 'lag_9': 0.14371262696671253, 'lag_10': 0.7766196855675871, 'lag_11': 0.4586889479551392, 'lag_12': 0.8504803475049695, 'lag_13': 0.5392974913925056, 'lag_14': 0.4550467242091789, 'lag_15': 0.9743751076905942, 'lag_16': 0.13301653270092106, 'lag_17': 0.14252332250436717, 'lag_18': 0.2490605884974838, 'lag_19': 0.6085338677053262, 'lag_20': 0.07181102385815483, 'lag_21': 0.05946844308329752, 'lag_22': 0.10607741186379142, 'lag_23': 0.7689719047387685, 'lag_24': 0.2746032606383654, 'lag_25': 0.37889624241719, 'lag_26': 0.7777080295648879, 'lag_27': 0.591433867519264, 'lag_28': 0.6465726898560566}. Best is trial 60 with value: 0.004197542443336509.
