[I 2025-09-29 13:25:06,151] Trial 67 finished with value: 0.005786277365324303 and parameters: {'lag_0': 0.806917811005563, 'lag_1': 0.8122405990356856, 'lag_2': 0.5163199780378686, 'lag_3': 0.06428695047009225, 'lag_4': 0.6878972307013526, 'lag_5': 0.7069554165494538, 'lag_6': 0.030048110233873715, 'lag_7': 0.6664011330911135, 'lag_8': 0.4776904803520045, 'lag_9': 0.6044301390824838, 'lag_10': 0.2617158983580184, 'lag_11': 0.04731548080238149, 'lag_12': 0.7190661847798419, 'lag_13': 0.477901906672771, 'lag_14': 0.8399251623118358, 'lag_15': 0.716752490997347, 'lag_16': 0.33566630065703784, 'lag_17': 0.1636369840037154, 'lag_18': 0.21365672712320005, 'lag_19': 0.5268551401788052, 'lag_20': 0.49638656664682307, 'lag_21': 0.06708958728408014, 'lag_22': 0.8229070749458949, 'lag_23': 0.6074281965925195, 'lag_24': 0.22755132427702274, 'lag_25': 0.42811805094301014, 'lag_26': 0.4714329292942745, 'lag_27': 0.4191262681318634, 'lag_28': 0.13264850580708018}. Best is trial 3 with value: 0.003896264794124915.
[I 2025-09-29 13:25:08,675] Trial 68 finished with value: 0.006362863759665617 and parameters: {'lag_0': 0.49152945923775354, 'lag_1': 0.9957409429562462, 'lag_2': 0.5870321106454897, 'lag_3': 0.11048950649553428, 'lag_4': 0.6557173791552069, 'lag_5': 0.4627903622809534, 'lag_6': 0.4908996910280225, 'lag_7': 0.7425311909661231, 'lag_8': 0.7999939962562538, 'lag_9': 0.3700499750905076, 'lag_10': 0.12442077045488556, 'lag_11': 0.13956509079204923, 'lag_12': 0.7805367210548062, 'lag_13': 0.14100102081073035, 'lag_14': 0.7902763945179161, 'lag_15': 0.6534698010909374, 'lag_16': 0.15946364522451606, 'lag_17': 0.9642070892044977, 'lag_18': 0.12854010967751323, 'lag_19': 0.45669435236636197, 'lag_20': 0.38476332936465774, 'lag_21': 0.19813572860813017, 'lag_22': 0.4441377547704287, 'lag_23': 0.7776571591205549, 'lag_24': 0.4046172070933304, 'lag_25': 0.5423670128587212, 'lag_26': 0.39545593983825605, 'lag_27': 0.49522899475839877, 'lag_28': 0.04175384839450207}. Best is trial 3 with value: 0.003896264794124915.
[I 2025-09-29 13:25:11,196] Trial 69 finished with value: 0.0061120356520060785 and parameters: {'lag_0': 0.41581042183594835, 'lag_1': 0.8595333752856924, 'lag_2': 0.9232975780943927, 'lag_3': 0.8024210194082229, 'lag_4': 0.7642668814035293, 'lag_5': 0.8951330056562261, 'lag_6': 0.2360227999630367, 'lag_7': 0.5744115727339129, 'lag_8': 0.24374704528470292, 'lag_9': 0.3943568317339016, 'lag_10': 0.1883727031919794, 'lag_11': 0.3885045072725316, 'lag_12': 0.7057528976049818, 'lag_13': 0.6401926528063856, 'lag_14': 0.14039139570042014, 'lag_15': 0.0001474324836767682, 'lag_16': 0.933045893823677, 'lag_17': 0.36526186653270837, 'lag_18': 0.5471739909443754, 'lag_19': 0.32491142778642057, 'lag_20': 0.16341250446187128, 'lag_21': 0.10631773029477007, 'lag_22': 0.8693467789770296, 'lag_23': 0.8388260938860925, 'lag_24': 0.6199923991409861, 'lag_25': 0.6221822881573347, 'lag_26': 0.2834502518346542, 'lag_27': 0.356319597724751, 'lag_28': 0.29344885852289954}. Best is trial 3 with value: 0.003896264794124915.
[I 2025-09-29 13:25:13,727] Trial 70 finished with value: 0.006531348518195435 and parameters: {'lag_0': 0.12342056620788477, 'lag_1': 0.6949895075741099, 'lag_2': 0.30198360594245227, 'lag_3': 0.2731367722609515, 'lag_4': 0.44674616453601057, 'lag_5': 0.3859328309917344, 'lag_6': 0.15471471745046791, 'lag_7': 0.8064972874756643, 'lag_8': 0.20068356054308528, 'lag_9': 0.35263886349913304, 'lag_10': 0.05102594484316464, 'lag_11': 0.21079864332595336, 'lag_12': 0.9763984888677997, 'lag_13': 0.735642506515032, 'lag_14': 0.062099818964059694, 'lag_15': 0.9990990536959282, 'lag_16': 0.7057112204535371, 'lag_17': 0.602928715063142, 'lag_18': 0.6021947347134513, 'lag_19': 0.3903199627407901, 'lag_20': 0.33602054589549224, 'lag_21': 0.49141763792481813, 'lag_22': 0.7642895738295669, 'lag_23': 0.7315254188321874, 'lag_24': 0.9549105646649158, 'lag_25': 0.6803744541342673, 'lag_26': 0.07448432804240868, 'lag_27': 0.9241947317816955, 'lag_28': 0.3482445312238124}. Best is trial 3 with value: 0.003896264794124915.
[I 2025-09-29 13:25:16,255] Trial 71 finished with value: 0.0057845117746337296 and parameters: {'lag_0': 0.008742079123165533, 'lag_1': 0.7447447681965487, 'lag_2': 0.566599737420179, 'lag_3': 0.43564302877277844, 'lag_4': 0.9797726958183814, 'lag_5': 0.2763113958069393, 'lag_6': 0.20453839002089916, 'lag_7': 0.5270582555072237, 'lag_8': 0.35396132758173765, 'lag_9': 0.06954426669301533, 'lag_10': 0.3357964516014646, 'lag_11': 0.24890753591481335, 'lag_12': 0.39954857880678113, 'lag_13': 0.23480717451802827, 'lag_14': 0.883974556845194, 'lag_15': 0.40957811278765466, 'lag_16': 0.7343550074127935, 'lag_17': 0.8073799933716863, 'lag_18': 0.36218642158687453, 'lag_19': 0.14641648458296883, 'lag_20': 0.4241454463141543, 'lag_21': 0.16555978154070172, 'lag_22': 0.6636654855423367, 'lag_23': 0.6635823621446671, 'lag_24': 0.7892498162041219, 'lag_25': 0.8010755582993632, 'lag_26': 0.328781983972756, 'lag_27': 0.5176048972404644, 'lag_28': 0.32084731486752266}. Best is trial 3 with value: 0.003896264794124915.
[I 2025-09-29 13:25:18,775] Trial 72 finished with value: 0.005153662317991388 and parameters: {'lag_0': 0.03245036204405795, 'lag_1': 0.6500075893910112, 'lag_2': 0.7252202153884733, 'lag_3': 0.37562318405938055, 'lag_4': 0.5781490006191503, 'lag_5': 0.33515559848015175, 'lag_6': 0.8075421186549978, 'lag_7': 0.4482769997184307, 'lag_8': 0.29504625839017334, 'lag_9': 0.19746843239172987, 'lag_10': 0.4392340211052085, 'lag_11': 0.133214173151022, 'lag_12': 0.43458701467443883, 'lag_13': 0.26823834291400306, 'lag_14': 0.9164041887317632, 'lag_15': 0.4476593708345186, 'lag_16': 0.6649216750151485, 'lag_17': 0.854258814284758, 'lag_18': 0.2922069738800449, 'lag_19': 0.11142796023083487, 'lag_20': 0.2845065975835396, 'lag_21': 0.2927408971349873, 'lag_22': 0.6058747936302711, 'lag_23': 0.5585457270211138, 'lag_24': 0.8195560411112315, 'lag_25': 0.7472114690959624, 'lag_26': 0.23588763430086196, 'lag_27': 0.5811832634006106, 'lag_28': 0.438393534717322}. Best is trial 3 with value: 0.003896264794124915.
[I 2025-09-29 13:25:21,295] Trial 73 finished with value: 0.006058957762501752 and parameters: {'lag_0': 0.08550345643830809, 'lag_1': 0.7197496928102445, 'lag_2': 0.45142774141806286, 'lag_3': 0.31036254274798575, 'lag_4': 0.9186088021988117, 'lag_5': 0.2366411384334749, 'lag_6': 0.5632462255839301, 'lag_7': 0.6423141611189879, 'lag_8': 0.7309625187587023, 'lag_9': 0.015450330505676874, 'lag_10': 0.49247963173558806, 'lag_11': 0.10085287165530857, 'lag_12': 0.4789345517048248, 'lag_13': 0.3043024115468645, 'lag_14': 0.9019579908538052, 'lag_15': 0.498465910384203, 'lag_16': 0.8419422467161876, 'lag_17': 0.9210174109446458, 'lag_18': 0.18652980426820956, 'lag_19': 0.19965948289796487, 'lag_20': 0.4172901427291806, 'lag_21': 0.03380927077622245, 'lag_22': 0.7083100988236201, 'lag_23': 0.6405520813336998, 'lag_24': 0.7379027287606659, 'lag_25': 0.8283034690055464, 'lag_26': 0.2768793576718575, 'lag_27': 0.6572633835548249, 'lag_28': 0.46524708276961796}. Best is trial 3 with value: 0.003896264794124915.
[I 2025-09-29 13:25:23,817] Trial 74 finished with value: 0.006646365821074922 and parameters: {'lag_0': 0.046485441548047866, 'lag_1': 0.46118980072948623, 'lag_2': 0.5355822195443618, 'lag_3': 0.21801919143549398, 'lag_4': 0.27277718777000326, 'lag_5': 0.152639487480314, 'lag_6': 0.11540387426795437, 'lag_7': 0.4818937322177934, 'lag_8': 0.5257309007177489, 'lag_9': 0.11585025931969001, 'lag_10': 0.36435993775204245, 'lag_11': 0.1604221555249128, 'lag_12': 0.27665774798707665, 'lag_13': 0.17610446092255408, 'lag_14': 0.3391614469677209, 'lag_15': 0.32812974981825743, 'lag_16': 0.6088419712198583, 'lag_17': 0.7402615618930466, 'lag_18': 0.42211755842651044, 'lag_19': 0.09903898041560358, 'lag_20': 0.43559946370534647, 'lag_21': 0.14595033403822233, 'lag_22': 0.6543095285644379, 'lag_23': 0.4139328417931641, 'lag_24': 0.6991111762660371, 'lag_25': 0.8645079586030755, 'lag_26': 0.49361916812949835, 'lag_27': 0.9995256279983473, 'lag_28': 0.40655073329328767}. Best is trial 3 with value: 0.003896264794124915.
[I 2025-09-29 13:25:26,348] Trial 75 finished with value: 0.005388582853579381 and parameters: {'lag_0': 0.16560782629720167, 'lag_1': 0.11778593064197873, 'lag_2': 0.48541874972389504, 'lag_3': 0.14584978386927216, 'lag_4': 0.05466848494119804, 'lag_5': 0.29635317324309635, 'lag_6': 0.08328195494219381, 'lag_7': 0.3373684773953577, 'lag_8': 0.5895873146498414, 'lag_9': 0.16701858890906404, 'lag_10': 0.2878732014657497, 'lag_11': 0.6579140340089368, 'lag_12': 0.5164205183416875, 'lag_13': 0.012937329959145427, 'lag_14': 0.9377008612801188, 'lag_15': 0.9329993637480221, 'lag_16': 0.7732819561222839, 'lag_17': 0.6755157194293474, 'lag_18': 0.9711251503051, 'lag_19': 0.6261485884859752, 'lag_20': 0.2068480168784524, 'lag_21': 0.2574729699519947, 'lag_22': 0.4683688811586201, 'lag_23': 0.528520412068192, 'lag_24': 0.8998163882272858, 'lag_25': 0.6623480214718515, 'lag_26': 0.10976427245680398, 'lag_27': 0.6227532879336257, 'lag_28': 0.24092481894167506}. Best is trial 3 with value: 0.003896264794124915.
[I 2025-09-29 13:25:28,864] Trial 76 finished with value: 0.0051251129062517735 and parameters: {'lag_0': 0.0001985818111476939, 'lag_1': 0.9508480752612003, 'lag_2': 0.6295393446194845, 'lag_3': 0.18163607277739746, 'lag_4': 0.8302346299379466, 'lag_5': 0.4246305356605923, 'lag_6': 0.004511090686916602, 'lag_7': 0.6835649107517666, 'lag_8': 0.16953033811242305, 'lag_9': 0.25631501506717463, 'lag_10': 0.2317652265202056, 'lag_11': 0.06534576987345946, 'lag_12': 0.3211515771127105, 'lag_13': 0.23350406169230187, 'lag_14': 0.8532186513171414, 'lag_15': 0.2734961111234417, 'lag_16': 0.7259596159888264, 'lag_17': 0.7574339945051177, 'lag_18': 0.3267540150039511, 'lag_19': 0.05984582437935982, 'lag_20': 0.48624904079593556, 'lag_21': 0.5428909629812995, 'lag_22': 0.5657721297009688, 'lag_23': 0.6124148893617627, 'lag_24': 0.8705208709362583, 'lag_25': 0.7767704414270139, 'lag_26': 0.16674641406027116, 'lag_27': 0.4479336678713841, 'lag_28': 0.7792055948527449}. Best is trial 3 with value: 0.003896264794124915.
[I 2025-09-29 13:25:31,394] Trial 77 finished with value: 0.005212480050063405 and parameters: {'lag_0': 0.9739815998856809, 'lag_1': 0.8008067742421954, 'lag_2': 0.23679021523980306, 'lag_3': 0.2478442793384975, 'lag_4': 0.8858150473500798, 'lag_5': 0.0884537516191801, 'lag_6': 0.1969573799442755, 'lag_7': 0.371456237774033, 'lag_8': 0.001091087300209792, 'lag_9': 0.31259230042839675, 'lag_10': 0.30826015265114637, 'lag_11': 0.008477641892896987, 'lag_12': 0.13965794770521978, 'lag_13': 0.6737895357427346, 'lag_14': 0.18866401281564943, 'lag_15': 0.8525008261258042, 'lag_16': 0.5556066457686945, 'lag_17': 0.8141052897542714, 'lag_18': 0.48529789966115966, 'lag_19': 1.861272391509572e-05, 'lag_20': 0.5409271545007025, 'lag_21': 0.4375208810748126, 'lag_22': 0.8025886903079749, 'lag_23': 0.9105503849792825, 'lag_24': 0.6899283779857724, 'lag_25': 0.908142134130928, 'lag_26': 0.4478714603926144, 'lag_27': 0.06916010565276465, 'lag_28': 0.2967573840951453}. Best is trial 3 with value: 0.003896264794124915.
[I 2025-09-29 13:25:33,916] Trial 78 finished with value: 0.005679797391134918 and parameters: {'lag_0': 0.9113046411446921, 'lag_1': 0.7598667681486643, 'lag_2': 0.6660852755861295, 'lag_3': 0.07921850184562007, 'lag_4': 0.7211294911519309, 'lag_5': 0.4996963024979143, 'lag_6': 0.05578288518081391, 'lag_7': 0.6250274472158915, 'lag_8': 0.39864563279602494, 'lag_9': 0.4468292988539733, 'lag_10': 0.14382788784192407, 'lag_11': 0.49577428944849694, 'lag_12': 0.2288300143706782, 'lag_13': 0.3450901213553089, 'lag_14': 0.9692884132565587, 'lag_15': 0.969668111387451, 'lag_16': 0.8763621787479173, 'lag_17': 0.7873608850395689, 'lag_18': 0.09027215275124016, 'lag_19': 0.1601006327019043, 'lag_20': 0.10914883677085924, 'lag_21': 0.2156147866661124, 'lag_22': 0.2937059404155742, 'lag_23': 0.8014382704872912, 'lag_24': 0.7832609337619383, 'lag_25': 0.5986705095374789, 'lag_26': 0.7213871648917096, 'lag_27': 0.38691222313763507, 'lag_28': 0.3514036714279959}. Best is trial 3 with value: 0.003896264794124915.
[I 2025-09-29 13:25:36,604] Trial 79 finished with value: 0.005010486848928743 and parameters: {'lag_0': 0.13577664197837624, 'lag_1': 0.5684886936116583, 'lag_2': 0.38185618445119945, 'lag_3': 0.023551932418956534, 'lag_4': 0.6695139001040336, 'lag_5': 0.34719437977736645, 'lag_6': 0.26748395051215584, 'lag_7': 0.8281820501316303, 'lag_8': 0.4382172961122581, 'lag_9': 0.03712229296568954, 'lag_10': 0.41353757262245067, 'lag_11': 0.5943283336342184, 'lag_12': 0.3658596421470626, 'lag_13': 0.11236487690108742, 'lag_14': 0.29898909103383375, 'lag_15': 0.14856608504592594, 'lag_16': 0.6460865428877589, 'lag_17': 0.7174610155301264, 'lag_18': 0.2355513890830632, 'lag_19': 0.12493013825182787, 'lag_20': 0.3959652384296549, 'lag_21': 0.38941701110337273, 'lag_22': 0.9036365220232521, 'lag_23': 0.7051370353159406, 'lag_24': 0.07703436551971574, 'lag_25': 0.704642948044738, 'lag_26': 0.02435577196110289, 'lag_27': 0.12938828528759688, 'lag_28': 0.5260209762800245}. Best is trial 3 with value: 0.003896264794124915.
[I 2025-09-29 13:25:39,142] Trial 80 finished with value: 0.005251383440332933 and parameters: {'lag_0': 0.1429041597943796, 'lag_1': 0.8973865877009993, 'lag_2': 0.3763714533181123, 'lag_3': 0.030366939016726407, 'lag_4': 0.6714973847221636, 'lag_5': 0.3620433100015089, 'lag_6': 0.35343423153074405, 'lag_7': 0.9495872115451807, 'lag_8': 0.4575038850872026, 'lag_9': 0.024585699360556823, 'lag_10': 0.5730620093296637, 'lag_11': 0.5933328729854894, 'lag_12': 0.2520527760935728, 'lag_13': 0.09902455905559204, 'lag_14': 0.28250752970863796, 'lag_15': 0.06103365947914349, 'lag_16': 0.6400817521325828, 'lag_17': 0.6436419599530397, 'lag_18': 0.14286139464556513, 'lag_19': 0.22146660994425477, 'lag_20': 0.8711440661267267, 'lag_21': 0.38095898677916107, 'lag_22': 0.9756046484201897, 'lag_23': 0.6985354839264454, 'lag_24': 0.0735560722934093, 'lag_25': 0.7034013743687939, 'lag_26': 0.011923862027521687, 'lag_27': 0.1224294797283185, 'lag_28': 0.4879182489137958}. Best is trial 3 with value: 0.003896264794124915.
[I 2025-09-29 13:25:41,682] Trial 81 finished with value: 0.006010709413835414 and parameters: {'lag_0': 0.25045188643034955, 'lag_1': 0.69503831475022, 'lag_2': 0.3303160707021259, 'lag_3': 0.007197353996359901, 'lag_4': 0.6347381934741841, 'lag_5': 0.3353383731444649, 'lag_6': 0.1758489239809859, 'lag_7': 0.8459571547373311, 'lag_8': 0.35089958792384973, 'lag_9': 0.05137730151843217, 'lag_10': 0.4012435089393549, 'lag_11': 0.6950944507183718, 'lag_12': 0.38954011177599535, 'lag_13': 0.05671793986596174, 'lag_14': 0.36590721162114104, 'lag_15': 0.14792419496106984, 'lag_16': 0.7503720618545999, 'lag_17': 0.6904268193784513, 'lag_18': 0.24020656941973859, 'lag_19': 0.10102598189614759, 'lag_20': 0.3427788436639555, 'lag_21': 0.3441317850055864, 'lag_22': 0.9005203517523224, 'lag_23': 0.7420553584419142, 'lag_24': 0.027238230448664875, 'lag_25': 0.6424600351349934, 'lag_26': 0.3520545432821506, 'lag_27': 0.030273893328688697, 'lag_28': 0.5410465929227447}. Best is trial 3 with value: 0.003896264794124915.
[I 2025-09-29 13:25:44,216] Trial 82 finished with value: 0.0067593081982600545 and parameters: {'lag_0': 0.20977523402848938, 'lag_1': 0.5279495709094699, 'lag_2': 0.4224624143835063, 'lag_3': 0.06609168611729435, 'lag_4': 0.5391656688444368, 'lag_5': 0.2795719716358065, 'lag_6': 0.28444676823052617, 'lag_7': 0.7727526386869696, 'lag_8': 0.42871883099082064, 'lag_9': 0.13747648997071907, 'lag_10': 0.5121815905867452, 'lag_11': 0.5263357694531698, 'lag_12': 0.36828015198650205, 'lag_13': 0.1508955583589796, 'lag_14': 0.4338118434858787, 'lag_15': 0.189229800073332, 'lag_16': 0.6734248759653335, 'lag_17': 0.7164126414248742, 'lag_18': 0.27129641833437923, 'lag_19': 0.055879377281289756, 'lag_20': 0.3996431350119265, 'lag_21': 0.32417997025999223, 'lag_22': 0.9466287549772565, 'lag_23': 0.5826032184427777, 'lag_24': 0.16120395047921626, 'lag_25': 0.7436984139442827, 'lag_26': 0.030123194579820524, 'lag_27': 0.1827723643656755, 'lag_28': 0.5144708123832205}. Best is trial 3 with value: 0.003896264794124915.
[I 2025-09-29 13:25:46,744] Trial 83 finished with value: 0.006037043993773384 and parameters: {'lag_0': 0.08860153731774613, 'lag_1': 0.5558972029845016, 'lag_2': 0.28157837029408633, 'lag_3': 0.10660908833496677, 'lag_4': 0.591626219145658, 'lag_5': 0.3942610692516293, 'lag_6': 0.3177725110347492, 'lag_7': 0.8296294695631262, 'lag_8': 0.38438537291950003, 'lag_9': 0.09002953791447016, 'lag_10': 0.44340682574743495, 'lag_11': 0.42501391935146754, 'lag_12': 0.44364459771218345, 'lag_13': 0.5927026016006893, 'lag_14': 0.5377833626383453, 'lag_15': 0.07398920764304029, 'lag_16': 0.40408512471384167, 'lag_17': 0.8466573935858029, 'lag_18': 0.37169001551957837, 'lag_19': 0.13326292988434707, 'lag_20': 0.3591030664221377, 'lag_21': 0.08552123680040141, 'lag_22': 0.5893403446796472, 'lag_23': 0.6768682578108194, 'lag_24': 0.10342988744266249, 'lag_25': 0.9636876279736226, 'lag_26': 0.12136513677964192, 'lag_27': 0.06376390598795814, 'lag_28': 0.5861373985729752}. Best is trial 3 with value: 0.003896264794124915.
[I 2025-09-29 13:25:49,279] Trial 84 finished with value: 0.00667319157281062 and parameters: {'lag_0': 0.05892398333261465, 'lag_1': 0.39785378756095335, 'lag_2': 0.02074192830999893, 'lag_3': 0.1559424902356681, 'lag_4': 0.49554346181172126, 'lag_5': 0.019281647657958062, 'lag_6': 0.22031476332194272, 'lag_7': 0.9069805675030141, 'lag_8': 0.8328952410856816, 'lag_9': 0.4067850476640576, 'lag_10': 0.18101988247973633, 'lag_11': 0.036727657718260705, 'lag_12': 0.32329112702567236, 'lag_13': 0.11668342809215812, 'lag_14': 0.21626610559916215, 'lag_15': 0.3618135358464735, 'lag_16': 0.994865149809965, 'lag_17': 0.7632754198980123, 'lag_18': 0.1030207009013448, 'lag_19': 0.27870347057101386, 'lag_20': 0.3030664769032172, 'lag_21': 0.4655907691996151, 'lag_22': 0.7108341501028127, 'lag_23': 0.6465433847803488, 'lag_24': 0.003740989225280378, 'lag_25': 0.1549810143270523, 'lag_26': 0.20294252835956786, 'lag_27': 0.23334475781804462, 'lag_28': 0.33300290996740045}. Best is trial 3 with value: 0.003896264794124915.
[I 2025-09-29 13:25:51,813] Trial 85 finished with value: 0.005831763082784903 and parameters: {'lag_0': 0.4471726869801699, 'lag_1': 0.7761787218756744, 'lag_2': 0.3692133963772599, 'lag_3': 0.034006752825120605, 'lag_4': 0.7714177826001166, 'lag_5': 0.4327112177334081, 'lag_6': 0.2533751095621823, 'lag_7': 0.7111160967669443, 'lag_8': 0.2933243929372529, 'lag_9': 0.04667314519725368, 'lag_10': 0.48033081497285957, 'lag_11': 0.3486911984910824, 'lag_12': 0.2962712982370512, 'lag_13': 0.5331809504486168, 'lag_14': 0.3009757826830599, 'lag_15': 0.8875521229946213, 'lag_16': 0.5794389194882167, 'lag_17': 0.8776122394924587, 'lag_18': 0.025646594911774116, 'lag_19': 0.1239426380637378, 'lag_20': 0.44024334537690746, 'lag_21': 0.6292199181356258, 'lag_22': 0.85150553742052, 'lag_23': 0.7660208515397788, 'lag_24': 0.07697554425672953, 'lag_25': 0.7193530203082028, 'lag_26': 0.5929413406983268, 'lag_27': 0.317373953466733, 'lag_28': 0.09983434293798654}. Best is trial 3 with value: 0.003896264794124915.
[I 2025-09-29 13:25:54,342] Trial 86 finished with value: 0.005040668153436118 and parameters: {'lag_0': 0.3474441887401013, 'lag_1': 0.5937677703454355, 'lag_2': 0.5998407878253553, 'lag_3': 0.28793452298957767, 'lag_4': 0.40234453012533794, 'lag_5': 0.31153506785194734, 'lag_6': 0.11038598166932684, 'lag_7': 0.5965936476104297, 'lag_8': 0.25839230725636275, 'lag_9': 0.23670252125389082, 'lag_10': 0.424549665874276, 'lag_11': 0.5814268670479572, 'lag_12': 0.4710397249418343, 'lag_13': 0.0716299380012741, 'lag_14': 0.3911077238069897, 'lag_15': 0.0882651416403471, 'lag_16': 0.8023708481485857, 'lag_17': 0.3069187540983067, 'lag_18': 0.31518336011849746, 'lag_19': 0.07833686697883382, 'lag_20': 0.39385254711199824, 'lag_21': 0.4242994954858246, 'lag_22': 0.6351989310780308, 'lag_23': 0.7214318345895139, 'lag_24': 0.15671869587880197, 'lag_25': 0.6822332923547959, 'lag_26': 0.1519031010467132, 'lag_27': 0.5935532569202921, 'lag_28': 0.7508487118033529}. Best is trial 3 with value: 0.003896264794124915.
[I 2025-09-29 13:25:56,863] Trial 87 finished with value: 0.006334271709969121 and parameters: {'lag_0': 0.3000366480704454, 'lag_1': 0.6002124033086874, 'lag_2': 0.5222213386535123, 'lag_3': 0.3407794500001208, 'lag_4': 0.383938596420024, 'lag_5': 0.5391572168968779, 'lag_6': 0.11963318951174079, 'lag_7': 0.8715333838255642, 'lag_8': 0.2500413468121363, 'lag_9': 0.4818620580871037, 'lag_10': 0.6838649887156101, 'lag_11': 0.7261171371848981, 'lag_12': 0.4949376316602997, 'lag_13': 0.022258181554058905, 'lag_14': 0.4142470145585867, 'lag_15': 0.10717046269952032, 'lag_16': 0.9645121764180945, 'lag_17': 0.31997739110633233, 'lag_18': 0.20883983378458923, 'lag_19': 0.5718573354020244, 'lag_20': 0.38290660374946905, 'lag_21': 0.4258245713399937, 'lag_22': 0.9929139751263357, 'lag_23': 0.5104127345336245, 'lag_24': 0.14440439620787437, 'lag_25': 0.6769498109535176, 'lag_26': 0.07492288924831124, 'lag_27': 0.6632837907472011, 'lag_28': 0.8803822650316324}. Best is trial 3 with value: 0.003896264794124915.
