[I 2025-10-03 11:31:44,841] Trial 12 finished with values: [0.0028197823069617935, 0.003803745279785901, 0.0003160589419900719, 0.006541464130090513, 0.0048580634112661905, 0.0006509874787859665, 0.0024934017757238316, 0.000903941996480298, 0.0002801123964536486, 0.0002787603180439628, 2.7650920727338828e-05, 0.00019088956359049501, 0.010928776234320774, 0.05985813229446144, 0.0, 0.05778448243419933, 0.0022379828252222502, 0.002945779127721983, 0.0005345732229595218, 0.01363432555335744, 0.0001996823233587701, 0.0008479479158579183, 0.0003387810422392826, 0.00024234426453697815, 0.00015262694869615782, 0.0015406836963216392, 0.0007502621496177457, 0.002155526728565625, 0.0017509120450762022] and parameters: {'lag_0': 0.9317436639121003, 'lag_1': 0.8695975889990706, 'lag_2': 0.100256703125885, 'lag_3': 0.8645304928946319, 'lag_4': 0.542700582772913, 'lag_5': 0.34490262298249547, 'lag_6': 0.6700969355214478, 'lag_7': 0.9639443925008916, 'lag_8': 0.9980197560756023, 'lag_9': 0.9838311750083668, 'lag_10': 0.4764429320384138, 'lag_11': 0.4929074803971346, 'lag_12': 0.9117149232178976, 'lag_13': 0.20534784056959096, 'lag_14': 0.919660826168985, 'lag_15': 0.2765309771731164, 'lag_16': 0.19028105147499774, 'lag_17': 0.29997299966594587, 'lag_18': 0.4181742210103433, 'lag_19': 0.3402681483443622, 'lag_20': 0.26964384422711685, 'lag_21': 0.94432559291436, 'lag_22': 0.751759933254557, 'lag_23': 0.39757437598323825, 'lag_24': 0.005240121100715686, 'lag_25': 0.07965421911187182, 'lag_26': 0.844992188067571, 'lag_27': 0.6170766978402301, 'lag_28': 0.8301451795374649}.
[I 2025-10-03 11:31:47,546] Trial 13 finished with values: [0.0026298487836949372, 0.0005626777151733393, 0.001446140311086621, 0.002864199544603101, 0.005332908614572546, 0.00019520407647632523, 0.003090461682688616, 0.000492534031381067, 0.0003383361430640385, 0.00031200417176467773, 4.388766556049977e-05, 0.0006457640737006058, 0.009952435901850524, 0.05276986511220869, 0.0, 0.06656511917274804, 0.00316215133015171, 0.002855540865818663, 0.0004902345695195568, 0.013732295523271074, 0.00029649289374346984, 0.0009359540474910861, 0.00011875607640187148, 0.0002717032249205634, 0.00028576642495812437, 0.002114492160373574, 0.0010678304580870465, 0.001211519564249251, 0.0010091713705859234] and parameters: {'lag_0': 0.6428589762694528, 'lag_1': 0.7932989475135607, 'lag_2': 0.013322238101864486, 'lag_3': 0.22106474449521527, 'lag_4': 0.9232523475715471, 'lag_5': 0.9933184605101361, 'lag_6': 0.6431264451828647, 'lag_7': 0.7596554386930092, 'lag_8': 0.4902743897348654, 'lag_9': 0.845180082651541, 'lag_10': 0.9117911483985667, 'lag_11': 0.0616928582407415, 'lag_12': 0.5519832850122763, 'lag_13': 0.4045668684010765, 'lag_14': 0.8782695884442542, 'lag_15': 0.9529560920960095, 'lag_16': 0.18690761023931787, 'lag_17': 0.24304843047040847, 'lag_18': 0.27759279019042976, 'lag_19': 0.7544423448319791, 'lag_20': 0.17357750968161828, 'lag_21': 0.19250130884943978, 'lag_22': 0.13989719649809537, 'lag_23': 0.3020057515155498, 'lag_24': 0.35756862391779287, 'lag_25': 0.27018035705558135, 'lag_26': 0.9698368095629, 'lag_27': 0.7990686815345018, 'lag_28': 0.4848709398075534}.
[I 2025-10-03 11:31:50,265] Trial 14 finished with values: [0.002578566732412886, 0.0036457680569538914, 0.0016350060702913273, 0.001754390523589449, 0.003126357756517783, 0.0016317706801883603, 0.0034645683120968678, 0.0007102179292100267, 0.0007625436140570559, 0.0004015408655406335, 0.00019959869899536798, 0.0007098737022036924, 0.010895589545771156, 0.05996554446297521, 0.0, 0.05781349999722542, 0.0032271215873496983, 0.0029090092365664268, 0.0005173382026472522, 0.014757339440486045, 0.00011417461653593321, 0.0006978146329016992, 0.00020655084929798888, 0.00013490273237454136, 0.00013311353510358823, 0.001986800606936151, 0.0012707683323078375, 0.0009337939662908025, 0.0013024261356109849] and parameters: {'lag_0': 0.14658648736191535, 'lag_1': 0.5593236762764874, 'lag_2': 0.09930373298892367, 'lag_3': 0.3769989983935063, 'lag_4': 0.24423755796090107, 'lag_5': 0.6591667938165339, 'lag_6': 0.8949802461857804, 'lag_7': 0.8117206057556761, 'lag_8': 0.25135042755236037, 'lag_9': 0.987060755141564, 'lag_10': 0.8562406233026927, 'lag_11': 0.44997034784000534, 'lag_12': 0.9224922503642834, 'lag_13': 0.5746425824322778, 'lag_14': 0.3268743888402791, 'lag_15': 0.2916921094302238, 'lag_16': 0.9918409711745074, 'lag_17': 0.0444293157780161, 'lag_18': 0.0869529461352533, 'lag_19': 0.7143290109471512, 'lag_20': 0.36354275152247445, 'lag_21': 0.7637483194028954, 'lag_22': 0.808577484147763, 'lag_23': 0.15626904596268687, 'lag_24': 0.33936344027010773, 'lag_25': 0.4526890991252571, 'lag_26': 0.7306953389053695, 'lag_27': 0.27353922982380885, 'lag_28': 0.7435814820528254}.
[I 2025-10-03 11:31:52,978] Trial 15 finished with values: [0.0026298487836949372, 0.0013090122512932419, 0.0004931434333026029, 0.0022079966910409786, 0.003564964375831605, 0.0006703385557734578, 0.003320670388325563, 0.0006215049352654334, 0.00013851569682253408, 0.00034747943692998464, 6.911765108161735e-05, 0.00039916153496569504, 0.009894252586352497, 0.05678833078960634, 0.0, 0.060669206714614496, 0.002900286193167358, 0.0027657374664949723, 0.0005432572854748201, 0.012393982713977538, 0.00021608675923987628, 0.0009100514084062575, 0.00020503621294453022, 0.0001732580271014641, 0.00023028626699042937, 0.0014408572505763841, 0.0011902521886189683, 0.000517804465300066, 0.0006283865800496566] and parameters: {'lag_0': 0.26711142876928334, 'lag_1': 0.8036643303552674, 'lag_2': 0.48366166310030395, 'lag_3': 0.03537484103306959, 'lag_4': 0.20741667083324575, 'lag_5': 0.9292984215019774, 'lag_6': 0.6879671001321311, 'lag_7': 0.9390895922887752, 'lag_8': 0.9822760697260098, 'lag_9': 0.3672144447971975, 'lag_10': 0.4672179902310082, 'lag_11': 0.46710116731232953, 'lag_12': 0.6266272908693501, 'lag_13': 0.8199551586581838, 'lag_14': 0.4177099273074228, 'lag_15': 0.19054143119939676, 'lag_16': 0.9649229659518708, 'lag_17': 0.37342296642679285, 'lag_18': 0.8410474373855068, 'lag_19': 0.27404133613981047, 'lag_20': 0.6877328651513444, 'lag_21': 0.25807736164573253, 'lag_22': 0.018367759092164204, 'lag_23': 0.01367188205642921, 'lag_24': 0.2565050286259342, 'lag_25': 0.9972209431855948, 'lag_26': 0.5833795648118324, 'lag_27': 0.10845539722177955, 'lag_28': 0.004031675744924564}.
[I 2025-10-03 11:31:55,683] Trial 16 finished with values: [0.004933021038790268, 0.001065620866916135, 0.0017179032003581032, 0.00185194879472433, 0.003051308892283402, 0.0007936940456665859, 0.0021642627081464583, 0.0013628715867203367, 0.00023814912139413948, 0.00025568680230196453, 7.518278765200129e-05, 0.0006530297766810578, 0.010874715149209244, 0.058712878126833144, 0.0, 0.059372669794474774, 0.0027534266918312214, 0.002537334406324996, 0.0005369367270924698, 0.012807427407968997, 0.0003010117347038608, 0.0009379470327240472, 0.00027135888110383646, 0.00025641218906196874, 9.184730315038079e-05, 0.0012831968463306183, 0.000559444459469366, 0.0011629838743416128, 0.0016796407424009053] and parameters: {'lag_0': 0.5509877917783584, 'lag_1': 0.2940816597217775, 'lag_2': 0.07252488111333828, 'lag_3': 0.7971159290631338, 'lag_4': 0.8560176860930307, 'lag_5': 0.5652819331733429, 'lag_6': 0.03634033157482343, 'lag_7': 0.2322366508485971, 'lag_8': 0.43927682663867046, 'lag_9': 0.008145318881582255, 'lag_10': 0.029165265525858224, 'lag_11': 0.2889627609164398, 'lag_12': 0.6212860580392634, 'lag_13': 0.21802529680310181, 'lag_14': 0.6883491587691092, 'lag_15': 0.7238505853170893, 'lag_16': 0.014407613022398668, 'lag_17': 0.4383384859208371, 'lag_18': 0.7021932433504137, 'lag_19': 0.9766061582879972, 'lag_20': 0.08741149589675, 'lag_21': 0.8602894472355804, 'lag_22': 0.4683626998984441, 'lag_23': 0.2545747063018885, 'lag_24': 0.8174525430508474, 'lag_25': 0.66128556102365, 'lag_26': 0.08730270194330111, 'lag_27': 0.6710095456045083, 'lag_28': 0.9432796999518627}.
[I 2025-10-03 11:31:58,400] Trial 17 finished with values: [0.0031907462195923733, 0.006504789372181392, 0.0016188352902156485, 0.0004918573375273672, 0.004791755227445209, 0.0007729074837382657, 0.0014470147624819503, 0.0005853977154717599, 0.00021697900146370254, 0.00015272812636037115, 0.000270996353345184, 0.00038354067034483756, 0.010163924100260966, 0.05653595570312908, 0.0, 0.053378577050167283, 0.00253041416892564, 0.0023900459374400504, 0.0002920698880186672, 0.013362428737211574, 0.00019072366237723792, 0.0009232420999241901, 0.00031568030017272623, 0.00016693178768089159, 0.0002398786542545352, 0.0018009329501269447, 0.0012755241264884457, 0.0007773858946742089, 0.0016022867066774807] and parameters: {'lag_0': 0.7210013730381892, 'lag_1': 0.5027617556239201, 'lag_2': 0.6628805759640175, 'lag_3': 0.3363607334633968, 'lag_4': 0.052758249815520165, 'lag_5': 0.24510659922985958, 'lag_6': 0.5062180651102972, 'lag_7': 0.2692567602360821, 'lag_8': 0.4435270850916861, 'lag_9': 0.22715673550070473, 'lag_10': 0.2601792910174393, 'lag_11': 0.43077388351730683, 'lag_12': 0.9023319674627571, 'lag_13': 0.22255170412795608, 'lag_14': 0.19483445803453212, 'lag_15': 0.45765578244093574, 'lag_16': 0.1918035742475124, 'lag_17': 0.7597760890797499, 'lag_18': 0.3823633572371502, 'lag_19': 0.3032653179055474, 'lag_20': 0.50045836983563, 'lag_21': 0.15267777431613824, 'lag_22': 0.5483492896991462, 'lag_23': 0.7118954627678453, 'lag_24': 0.6483536761415752, 'lag_25': 0.6991548697955343, 'lag_26': 0.9427139538546793, 'lag_27': 0.7255389300575832, 'lag_28': 0.9452337503035796}.
[I 2025-10-03 11:32:01,117] Trial 18 finished with values: [0.013095573535133975, 0.01861276719499782, 0.0019081988640218498, 0.0015074637380329881, 0.0023858778388230585, 0.0014794924726014235, 0.00237517325264639, 0.0006848795667435509, 0.0004198576927738855, 0.0001148743907328395, 7.670943820692547e-05, 0.00018641442152767651, 0.010425670050419767, 0.0582943241626648, 0.0, 0.0695939350031907, 0.004086863553223887, 0.0032210256497541023, 0.0006504914065604539, 0.012422472357657944, 0.00024490511975353875, 0.0011347525780728124, 0.0002111761162529587, 0.00014270737496294142, 0.00015532561331989042, 0.0022060132949564995, 0.0009309934068999638, 0.000627153112724035, 0.0006812925206131058] and parameters: {'lag_0': 0.8357348093616846, 'lag_1': 0.5085313573813797, 'lag_2': 0.8017874446123578, 'lag_3': 0.7363097613881359, 'lag_4': 0.8866307888178094, 'lag_5': 0.4180352412719061, 'lag_6': 0.32944212600800754, 'lag_7': 0.4830601266518183, 'lag_8': 0.6352175923722652, 'lag_9': 0.6707328815852757, 'lag_10': 0.7008303799690021, 'lag_11': 0.46745179960914796, 'lag_12': 0.7151161019141117, 'lag_13': 0.54422568260999, 'lag_14': 0.16456928476747174, 'lag_15': 0.08972830981515949, 'lag_16': 0.3458451054101509, 'lag_17': 0.6925132443427523, 'lag_18': 0.5881068297911505, 'lag_19': 0.6926298121344433, 'lag_20': 0.6265536528275968, 'lag_21': 0.5160638676616593, 'lag_22': 0.5344543306290451, 'lag_23': 0.27718407531932915, 'lag_24': 0.2900477790204665, 'lag_25': 0.8770607992758463, 'lag_26': 0.5607677176100213, 'lag_27': 0.06423248060491127, 'lag_28': 0.41763323333757785}.
[I 2025-10-03 11:32:03,848] Trial 19 finished with values: [0.00338067974285923, 0.000750011907304687, 0.00038260374885409323, 0.0014021945758974468, 0.0017558052531860904, 0.0015609093414640726, 0.0017715953640552954, 0.00030565276922132136, 0.00013755261354824011, 0.0002545227122349146, 0.0002495214670705896, 0.000380925829632735, 0.011787291835029435, 0.05584597404524969, 0.0, 0.06486881391738755, 0.0034947694062684846, 0.0033708530892984784, 0.0005756401995578558, 0.013160860406603626, 8.292646922037149e-05, 0.0008312391907872383, 0.00016111018219533215, 0.00013721945239039278, 0.0002564876729008038, 0.001967269751142927, 0.001070395383299823, 0.0011521059349476608, 8.080489276045392e-05] and parameters: {'lag_0': 0.8316071671194866, 'lag_1': 0.16605590889227434, 'lag_2': 0.8299082448994844, 'lag_3': 0.9921676215152357, 'lag_4': 0.29334880251860407, 'lag_5': 0.6665784007342929, 'lag_6': 0.8076185276542635, 'lag_7': 0.4471770069828183, 'lag_8': 0.4159399579736219, 'lag_9': 0.9637694036907394, 'lag_10': 0.9322971619575913, 'lag_11': 0.1905865722225515, 'lag_12': 0.5467901892375211, 'lag_13': 0.995826261692136, 'lag_14': 0.36444650954890634, 'lag_15': 0.17512571103569402, 'lag_16': 0.2170208879148359, 'lag_17': 0.5380612687105915, 'lag_18': 0.6558075524472106, 'lag_19': 0.5950404112996197, 'lag_20': 0.11465406566945395, 'lag_21': 0.08272419095208103, 'lag_22': 0.4255555315023401, 'lag_23': 0.07135649188590039, 'lag_24': 0.8298759591224023, 'lag_25': 0.4899140506211316, 'lag_26': 0.08861229205279673, 'lag_27': 0.34187457216457856, 'lag_28': 0.5044797906812508}.
[I 2025-10-03 11:32:06,564] Trial 20 finished with values: [0.04237343852728469, 0.0037952260916438224, 0.0009675546797237424, 0.0011217910498554204, 0.0035325841387243173, 0.0011803479485141223, 0.0027844202104444797, 0.0003050656928137364, 0.00022505396066682827, 0.00018262797917577384, 0.00025808783407363264, 0.0006877859269406822, 0.011391662017461935, 0.059719707254558496, 0.0, 0.06327855304728212, 0.0024054440696406063, 0.003220655220438582, 0.00037228383096056517, 0.01385188213767303, 0.0002957253525440696, 0.0010572237524899874, 0.00029643356906056725, 0.00016839180097044266, 0.00016730636906829826, 0.002117056308579915, 0.0009004145184955724, 0.0004014838598032757, 0.0006278076643582741] and parameters: {'lag_0': 0.9379735064100403, 'lag_1': 0.3993394176701775, 'lag_2': 0.8071957080181584, 'lag_3': 0.09579404596610315, 'lag_4': 0.5141573282566981, 'lag_5': 0.9487322932049119, 'lag_6': 0.8253733416891541, 'lag_7': 0.27752962540712317, 'lag_8': 0.014645526957957568, 'lag_9': 0.5816376024070613, 'lag_10': 0.05770270498092643, 'lag_11': 0.49170508699900534, 'lag_12': 0.12050750115048181, 'lag_13': 0.33204018826964216, 'lag_14': 0.9511666985499234, 'lag_15': 0.6246737775504465, 'lag_16': 0.8581350920213262, 'lag_17': 0.4500604030563409, 'lag_18': 0.03602180207555713, 'lag_19': 0.49048424926377304, 'lag_20': 0.4232457617485135, 'lag_21': 0.8702900769698236, 'lag_22': 0.864207845072583, 'lag_23': 0.3297156776281228, 'lag_24': 0.12205964216787363, 'lag_25': 0.5911728151776501, 'lag_26': 0.9249506197839481, 'lag_27': 0.6310887497903677, 'lag_28': 0.11725542665460312}.
[I 2025-10-03 11:32:09,279] Trial 21 finished with values: [0.004766600920447074, 0.0006666121793046163, 0.0009066618712267587, 0.003585954932844794, 0.005180727305460042, 0.0014032373790187301, 0.0017605437144256786, 0.00042609980666420135, 0.0003914924303414358, 0.00012246769946279334, 0.0002262933453305983, 0.0003190158304591934, 0.011968126414210776, 0.05810946304675892, 0.0, 0.06302002813718978, 0.003198349810893468, 0.0027235730223344567, 0.0003701731031883015, 0.012654407024121744, 0.0001703255446263223, 0.001024267769332785, 0.0004606187841812613, 0.0002958506941698911, 8.061109904152425e-05, 0.002594243507280723, 0.0010000169900977137, 0.0014400974904356717, 0.0005118964271631206] and parameters: {'lag_0': 0.5535192098696398, 'lag_1': 0.45498726679272605, 'lag_2': 0.3399358033049131, 'lag_3': 0.3891722791871268, 'lag_4': 0.4241903928807548, 'lag_5': 0.5864964073031195, 'lag_6': 0.5440839886382732, 'lag_7': 0.9349764354585538, 'lag_8': 0.4149661689722923, 'lag_9': 0.6996311231360824, 'lag_10': 0.05578929825679044, 'lag_11': 0.6925623142693461, 'lag_12': 0.8873492634596298, 'lag_13': 0.1375855013371276, 'lag_14': 0.7673360728638013, 'lag_15': 0.040072304880934315, 'lag_16': 0.5163033586967524, 'lag_17': 0.4050297752017168, 'lag_18': 0.9903235751445651, 'lag_19': 0.5108700595627699, 'lag_20': 0.007385025206355633, 'lag_21': 0.062384109348560625, 'lag_22': 0.7532873577897581, 'lag_23': 0.7007125444109839, 'lag_24': 0.028498236298668822, 'lag_25': 0.9753565294681952, 'lag_26': 0.6503231489367935, 'lag_27': 0.5074181293185661, 'lag_28': 0.08730337920364856}.
[I 2025-10-03 11:32:11,999] Trial 22 finished with values: [0.0026298487836949372, 0.008691570336100017, 0.0009423850662157229, 0.0027384742430106384, 0.0030154003272086756, 0.0003757111359098058, 0.0028238875987083, 0.0014353677041744456, 0.00020947366153351772, 0.00025166202576316075, 7.427396695118203e-05, 0.0005057749837529136, 0.009575473477288847, 0.05683313263876248, 0.0, 0.060381197279774666, 0.0027102268849598958, 0.002648184048324386, 0.0005012828477319257, 0.01232040443243865, 0.000283153747788958, 0.0009939407172998242, 0.00016216135806666738, 0.000180865655757352, 0.00019131573397051195, 0.0019022135621400704, 0.001405346499879501, 0.0006699588163821181, 0.0008003008335014215] and parameters: {'lag_0': 0.9655450130014284, 'lag_1': 0.8335947384470542, 'lag_2': 0.7359997373802618, 'lag_3': 0.3724337337612449, 'lag_4': 0.9649067356345464, 'lag_5': 0.7523171049702615, 'lag_6': 0.7642388118633253, 'lag_7': 0.0333212375310633, 'lag_8': 0.3350309944837039, 'lag_9': 0.38914605192028767, 'lag_10': 0.10329690745723492, 'lag_11': 0.3594784000281811, 'lag_12': 0.16102759820759105, 'lag_13': 0.7909943625118897, 'lag_14': 0.6891894941785838, 'lag_15': 0.2520130009809848, 'lag_16': 0.831664988051652, 'lag_17': 0.9915896012388983, 'lag_18': 0.7909967483397873, 'lag_19': 0.3032539932244314, 'lag_20': 0.6877050334409711, 'lag_21': 0.3587797887028555, 'lag_22': 0.22329457748893564, 'lag_23': 0.6165058652074247, 'lag_24': 0.053062052498997564, 'lag_25': 0.779178310115258, 'lag_26': 0.5005626692742782, 'lag_27': 0.458165972419801, 'lag_28': 0.12957596595791684}.
[I 2025-10-03 11:32:14,716] Trial 23 finished with values: [0.002151216305062459, 0.0018419964134605178, 0.0009764439286848147, 0.0019357125956818311, 0.0035420776124888767, 0.0009797435598431785, 0.003023048827125704, 0.0004036476557784629, 9.415079565294541e-05, 0.00012871415590306323, 9.646691819109859e-05, 0.000769436333005984, 0.010890965384022414, 0.05594434778692177, 0.0, 0.06331103452754722, 0.0022304136117996883, 0.0032385319229657483, 0.0005315632802455979, 0.013538093353373897, 0.00018586470829420583, 0.001095577543077144, 0.0003475780595485118, 0.00023902102735269822, 0.0002113994704619971, 0.001821128073012758, 0.0010287800603292273, 0.0011644068138897223, 0.0016266679536920993] and parameters: {'lag_0': 0.00035323471100360735, 'lag_1': 0.8132336583063445, 'lag_2': 0.29242109378737907, 'lag_3': 0.49921489989070145, 'lag_4': 0.38347296758451027, 'lag_5': 0.35836683603274994, 'lag_6': 0.038903143091028276, 'lag_7': 0.18757572544908163, 'lag_8': 0.0741095137573115, 'lag_9': 0.9192063685748422, 'lag_10': 0.6160768674989755, 'lag_11': 0.41099589536745584, 'lag_12': 0.7440498417497363, 'lag_13': 0.18916030896730854, 'lag_14': 0.6427376829196817, 'lag_15': 0.48101883065566375, 'lag_16': 0.6548709459488651, 'lag_17': 0.29374588851448874, 'lag_18': 0.6205465320556078, 'lag_19': 0.5865909180052533, 'lag_20': 0.629347290526755, 'lag_21': 0.03720494687862553, 'lag_22': 0.9256873561036714, 'lag_23': 0.7757883185159465, 'lag_24': 0.04698942702222571, 'lag_25': 0.7374698777255054, 'lag_26': 0.10655592268625066, 'lag_27': 0.8726996257794167, 'lag_28': 0.7525573882783363}.
[I 2025-10-03 11:32:17,420] Trial 24 finished with values: [0.00495653444371393, 0.002665435388916211, 0.002464353970433123, 0.001574349700277322, 0.003991131741047156, 0.00032505645480392434, 0.001969317916724542, 0.0005346710491501098, 0.00041180784511246003, 0.00046328936937603814, 0.00011894335613928213, 0.00067401695125923, 0.01071775729115888, 0.054077333030796024, 0.0, 0.05913780819481627, 0.0036802614369500345, 0.002470977276151549, 0.00038727918884011914, 0.013746668208040286, 0.0002581486891011127, 0.00047508983252475095, 0.00014008709466407652, 0.0002566569412867729, 0.00025457485213403074, 0.0016003807980803884, 0.0011762293533767322, 0.0011374019538335973, 0.0019455466159543188] and parameters: {'lag_0': 0.21340723443392604, 'lag_1': 0.9566737288471479, 'lag_2': 0.616601700194076, 'lag_3': 0.8629915191408055, 'lag_4': 0.7217372352329177, 'lag_5': 0.9766178212217312, 'lag_6': 0.7610413306696268, 'lag_7': 0.6072751542127932, 'lag_8': 0.13753623295416065, 'lag_9': 0.8119757022555238, 'lag_10': 0.8630843570304955, 'lag_11': 0.06671229702039583, 'lag_12': 0.6406069419168062, 'lag_13': 0.004344703517727703, 'lag_14': 0.7218047739260203, 'lag_15': 0.8912183416328385, 'lag_16': 0.2398863632318876, 'lag_17': 0.611881996273079, 'lag_18': 0.5129412037121539, 'lag_19': 0.9110635239159737, 'lag_20': 0.4034377850066319, 'lag_21': 0.21548701513097276, 'lag_22': 0.39769693639137865, 'lag_23': 0.5838772961115732, 'lag_24': 0.1126332601385694, 'lag_25': 0.5901428810231584, 'lag_26': 0.3323293906898219, 'lag_27': 0.6338360739528893, 'lag_28': 0.2566887451493601}.
