[I 2025-09-29 11:59:16,539] Trial 87 finished with value: 0.02070639191307127 and parameters: {'lag_0': 0.15505849220021303, 'lag_1': 0.13574882134939076, 'lag_2': 0.051173865997374, 'lag_3': 0.3330627542376401, 'lag_4': 0.6787685103783709, 'lag_5': 0.6188362039204458, 'lag_6': 0.441106310155283, 'lag_7': 0.15809906525393236, 'lag_8': 0.3736361379024824, 'lag_9': 0.669520707336606, 'lag_10': 0.35518121297725935, 'lag_11': 0.06574650028956457, 'lag_12': 0.7622778174100123, 'lag_13': 0.2629221089616828, 'lag_14': 0.28523618529980765, 'lag_15': 0.12722635129660909, 'lag_16': 0.6875944735136806, 'lag_17': 0.48153652756020826, 'lag_18': 0.7655835698055677, 'lag_19': 0.19490362421431365, 'lag_20': 0.8077574247128629, 'lag_21': 0.9367349769775508, 'lag_22': 0.7567192806872749, 'lag_23': 0.6447278456305511, 'lag_24': 0.5599761034840232, 'lag_25': 0.035962579357480554, 'lag_26': 0.8621600942123612, 'lag_27': 0.6841966294248932, 'lag_28': 0.7230107839520027}. Best is trial 45 with value: 0.01997783443171456.
[I 2025-09-29 11:59:18,865] Trial 88 finished with value: 0.02004674340713731 and parameters: {'lag_0': 0.04105701830973435, 'lag_1': 0.9767918519812111, 'lag_2': 0.9844886744741885, 'lag_3': 0.1346288606219838, 'lag_4': 0.8144234214080638, 'lag_5': 0.8584556488417802, 'lag_6': 0.27209391838835695, 'lag_7': 0.0962156408030734, 'lag_8': 0.288828601737747, 'lag_9': 0.4788306901073861, 'lag_10': 0.8715480228983151, 'lag_11': 0.8788983012752808, 'lag_12': 0.6407449192296315, 'lag_13': 0.4729128891813565, 'lag_14': 0.38038824694418827, 'lag_15': 0.26262964364775876, 'lag_16': 0.4408075210913218, 'lag_17': 0.519033423610616, 'lag_18': 0.7289325088586891, 'lag_19': 0.46031532667804953, 'lag_20': 0.7177674142941264, 'lag_21': 0.8663329369954643, 'lag_22': 0.6301531998865759, 'lag_23': 0.5802903706448811, 'lag_24': 0.8505692614647378, 'lag_25': 0.621918407818127, 'lag_26': 0.5728744841832053, 'lag_27': 0.5657963123289442, 'lag_28': 0.6947299985536264}. Best is trial 45 with value: 0.01997783443171456.
[I 2025-09-29 11:59:21,191] Trial 89 finished with value: 0.020404396497617022 and parameters: {'lag_0': 0.11286108934250784, 'lag_1': 0.9797404629576096, 'lag_2': 0.9913798541269986, 'lag_3': 0.12361733115770077, 'lag_4': 0.9859973544161911, 'lag_5': 0.8722448483232702, 'lag_6': 0.12652956004336707, 'lag_7': 0.09806989064653164, 'lag_8': 0.2369901716748733, 'lag_9': 0.4380491526629012, 'lag_10': 0.8661057755463014, 'lag_11': 0.9423585277378599, 'lag_12': 0.14699480343132865, 'lag_13': 0.7087811940198416, 'lag_14': 0.31597408844418107, 'lag_15': 0.25631664197951814, 'lag_16': 0.4500509758074428, 'lag_17': 0.5235366753909284, 'lag_18': 0.65205138220673, 'lag_19': 0.49499539434478224, 'lag_20': 0.6914784682333989, 'lag_21': 0.856217971821685, 'lag_22': 0.5652126639894168, 'lag_23': 0.7455150729962398, 'lag_24': 0.9524606978286609, 'lag_25': 0.6739589704112554, 'lag_26': 0.5672664554960059, 'lag_27': 0.5613985805145026, 'lag_28': 0.697559927906445}. Best is trial 45 with value: 0.01997783443171456.
[I 2025-09-29 11:59:23,514] Trial 90 finished with value: 0.020131062247093313 and parameters: {'lag_0': 0.03319403818125255, 'lag_1': 0.999743549213194, 'lag_2': 0.9294362998026997, 'lag_3': 0.0910200250714984, 'lag_4': 0.8969141111501033, 'lag_5': 0.9224669980743389, 'lag_6': 0.3555661783295784, 'lag_7': 0.01680569746031515, 'lag_8': 0.2758530684549034, 'lag_9': 0.4771741997829059, 'lag_10': 0.9688430702298925, 'lag_11': 0.8153642851126632, 'lag_12': 0.6609395295394788, 'lag_13': 0.4797226169490677, 'lag_14': 0.38601440365593626, 'lag_15': 0.2112144142595399, 'lag_16': 0.40338112664970677, 'lag_17': 0.44861864393240913, 'lag_18': 0.19959995872112501, 'lag_19': 0.5709012197406059, 'lag_20': 0.7132898104524614, 'lag_21': 0.3830266027039185, 'lag_22': 0.6233326216588418, 'lag_23': 0.5786815559262096, 'lag_24': 0.8519802793930911, 'lag_25': 0.6251655641457426, 'lag_26': 0.6463514649398739, 'lag_27': 0.2512086887786797, 'lag_28': 0.785462282858441}. Best is trial 45 with value: 0.01997783443171456.
[I 2025-09-29 11:59:25,835] Trial 91 finished with value: 0.02040486569540089 and parameters: {'lag_0': 0.055320404612519206, 'lag_1': 0.979301065654343, 'lag_2': 0.9587889748187637, 'lag_3': 0.07274477069877189, 'lag_4': 0.8981307816012518, 'lag_5': 0.9215863663905398, 'lag_6': 0.36557906123169764, 'lag_7': 0.019553443147270484, 'lag_8': 0.284073128855537, 'lag_9': 0.4785065641250257, 'lag_10': 0.9825761214325399, 'lag_11': 0.8618998142385222, 'lag_12': 0.6659281653754511, 'lag_13': 0.47229508948260057, 'lag_14': 0.37246230845130046, 'lag_15': 0.21254608545569997, 'lag_16': 0.36513493666139485, 'lag_17': 0.4503983378560959, 'lag_18': 0.19112621165297136, 'lag_19': 0.5470451200147257, 'lag_20': 0.7419443193473696, 'lag_21': 0.36227035901332305, 'lag_22': 0.6223478345206082, 'lag_23': 0.5821276270268994, 'lag_24': 0.8464286628778858, 'lag_25': 0.4756612728318771, 'lag_26': 0.646437780731306, 'lag_27': 0.2558075792709514, 'lag_28': 0.7550717746994119}. Best is trial 45 with value: 0.01997783443171456.
[I 2025-09-29 11:59:28,159] Trial 92 finished with value: 0.020544568239592977 and parameters: {'lag_0': 0.000887493240009779, 'lag_1': 0.9372398705851075, 'lag_2': 0.8750295717875958, 'lag_3': 0.009161313635504792, 'lag_4': 0.916225565624514, 'lag_5': 0.8605120694162286, 'lag_6': 0.3367726792197248, 'lag_7': 0.06687043043333546, 'lag_8': 0.1539079326744476, 'lag_9': 0.36469339764793357, 'lag_10': 0.9425758673471615, 'lag_11': 0.8331746316816921, 'lag_12': 0.6935449934363581, 'lag_13': 0.5180205347068657, 'lag_14': 0.3516807819660519, 'lag_15': 0.332276836023853, 'lag_16': 0.3154227762962033, 'lag_17': 0.5165014719844636, 'lag_18': 0.11607423952575782, 'lag_19': 0.7413604997681298, 'lag_20': 0.7088142195363036, 'lag_21': 0.39438272654526696, 'lag_22': 0.5781750542895749, 'lag_23': 0.18295666790054577, 'lag_24': 0.8043734152803402, 'lag_25': 0.6209955657692535, 'lag_26': 0.5851970617599834, 'lag_27': 0.1611239258077613, 'lag_28': 0.7877163711817715}. Best is trial 45 with value: 0.01997783443171456.
[I 2025-09-29 11:59:30,474] Trial 93 finished with value: 0.020519846820997834 and parameters: {'lag_0': 0.05867647532220837, 'lag_1': 0.9966870313973937, 'lag_2': 0.9543424874333047, 'lag_3': 0.16834004185103113, 'lag_4': 0.8128317656742035, 'lag_5': 0.9774994872192347, 'lag_6': 0.3816207651858464, 'lag_7': 0.000523009740326894, 'lag_8': 0.32663961817508835, 'lag_9': 0.5562118615579436, 'lag_10': 0.9593488186917727, 'lag_11': 0.8031854247917275, 'lag_12': 0.8461356988539632, 'lag_13': 0.49289575566121574, 'lag_14': 0.4237251143108524, 'lag_15': 0.2591570740397482, 'lag_16': 0.40724123830669834, 'lag_17': 0.47990444462811616, 'lag_18': 0.1645229433282666, 'lag_19': 0.5709520759582386, 'lag_20': 0.769690575131604, 'lag_21': 0.9699572459952814, 'lag_22': 0.48330320351491224, 'lag_23': 0.621829032186842, 'lag_24': 0.8750762628779506, 'lag_25': 0.592390048958885, 'lag_26': 0.6849500652218697, 'lag_27': 0.27630500532905816, 'lag_28': 0.8234685979144681}. Best is trial 45 with value: 0.01997783443171456.
[I 2025-09-29 11:59:32,794] Trial 94 finished with value: 0.02031303932822801 and parameters: {'lag_0': 0.06028643779822953, 'lag_1': 0.665461684118422, 'lag_2': 0.8311747647671479, 'lag_3': 0.09674933359977796, 'lag_4': 0.9665227944711496, 'lag_5': 0.5176300388749022, 'lag_6': 0.41381903313332247, 'lag_7': 0.05986820338577398, 'lag_8': 0.2047024062657124, 'lag_9': 0.6014447471743014, 'lag_10': 0.9093438059773552, 'lag_11': 0.8999896672036474, 'lag_12': 0.6406920991150415, 'lag_13': 0.582645399373824, 'lag_14': 0.3971495883711586, 'lag_15': 0.19909588896401959, 'lag_16': 0.3506806530285583, 'lag_17': 0.4041424971613271, 'lag_18': 0.723917212488118, 'lag_19': 0.4563676490974845, 'lag_20': 0.6582052861410972, 'lag_21': 0.9086611137315603, 'lag_22': 0.6674746145894197, 'lag_23': 0.4723266872905078, 'lag_24': 0.7232285674134579, 'lag_25': 0.7676789691030226, 'lag_26': 0.6249757952576241, 'lag_27': 0.8882941989561424, 'lag_28': 0.8498359243618813}. Best is trial 45 with value: 0.01997783443171456.
[I 2025-09-29 11:59:35,121] Trial 95 finished with value: 0.02084012562672818 and parameters: {'lag_0': 0.0766868363264671, 'lag_1': 0.9671942474607811, 'lag_2': 0.9225744677857863, 'lag_3': 0.13511208106109657, 'lag_4': 0.9316290233730734, 'lag_5': 0.9027298883120999, 'lag_6': 0.5287286634159853, 'lag_7': 0.7078854767681209, 'lag_8': 0.2900948384782793, 'lag_9': 0.32439055270226974, 'lag_10': 0.8847553142818183, 'lag_11': 0.7688304914319016, 'lag_12': 0.722758283158275, 'lag_13': 0.39763596499771764, 'lag_14': 0.4836063688007693, 'lag_15': 0.23181377113350474, 'lag_16': 0.4382698832047798, 'lag_17': 9.389306477314285e-06, 'lag_18': 0.23042039883140547, 'lag_19': 0.6427701440855351, 'lag_20': 0.9760046194090176, 'lag_21': 0.29803080281294, 'lag_22': 0.6353601568992653, 'lag_23': 0.6859160506554908, 'lag_24': 0.5334873566665541, 'lag_25': 0.5477352454292695, 'lag_26': 0.7299851343101263, 'lag_27': 0.6234356559265912, 'lag_28': 0.8046656288829551}. Best is trial 45 with value: 0.01997783443171456.
[I 2025-09-29 11:59:37,441] Trial 96 finished with value: 0.02062903029965603 and parameters: {'lag_0': 0.14007055833503465, 'lag_1': 0.8711986038905936, 'lag_2': 0.9569496670140575, 'lag_3': 0.18747744771098157, 'lag_4': 0.8591574972045054, 'lag_5': 0.7938639429765456, 'lag_6': 0.4836502701022885, 'lag_7': 0.03942710041571251, 'lag_8': 0.2357353322961755, 'lag_9': 0.7612237767931576, 'lag_10': 0.9994532264492597, 'lag_11': 0.260318191570536, 'lag_12': 0.9125221853831282, 'lag_13': 0.5519759602141412, 'lag_14': 0.3804346850779977, 'lag_15': 0.28964204571720586, 'lag_16': 0.39094202847692267, 'lag_17': 0.5063248148307614, 'lag_18': 0.6934730826129775, 'lag_19': 0.4328521699031396, 'lag_20': 0.6257789830887351, 'lag_21': 0.3797390151574039, 'lag_22': 0.5177329572997635, 'lag_23': 0.4284291398334284, 'lag_24': 0.9021439413535003, 'lag_25': 0.887879330004998, 'lag_26': 0.5492149801130117, 'lag_27': 0.6531121220891668, 'lag_28': 0.8938378558143076}. Best is trial 45 with value: 0.01997783443171456.
[I 2025-09-29 11:59:39,757] Trial 97 finished with value: 0.020120410280283458 and parameters: {'lag_0': 0.10704175022383927, 'lag_1': 0.9473833440353762, 'lag_2': 0.11938795306194613, 'lag_3': 0.03124691286658489, 'lag_4': 0.09425067642312714, 'lag_5': 0.8397776727853694, 'lag_6': 0.3114682186751999, 'lag_7': 0.11797914371375046, 'lag_8': 0.3525374441846416, 'lag_9': 0.8126995423427497, 'lag_10': 0.45434990130030084, 'lag_11': 0.9867681024713387, 'lag_12': 0.5270057076090255, 'lag_13': 0.45603730539377885, 'lag_14': 0.6059931373540203, 'lag_15': 0.1329336283718554, 'lag_16': 0.2710261761586633, 'lag_17': 0.7950419963738793, 'lag_18': 0.00011558105818787467, 'lag_19': 0.3927695889926187, 'lag_20': 0.8233061370910975, 'lag_21': 0.8636399515909126, 'lag_22': 0.5466510810931766, 'lag_23': 0.5327066104292358, 'lag_24': 0.7720659101530031, 'lag_25': 0.6891382337198797, 'lag_26': 0.9077740104343424, 'lag_27': 0.22187529484387125, 'lag_28': 0.20850488563251163}. Best is trial 45 with value: 0.01997783443171456.
[I 2025-09-29 11:59:42,081] Trial 98 finished with value: 0.020558850249333616 and parameters: {'lag_0': 0.018797236706141585, 'lag_1': 0.948145980844847, 'lag_2': 0.8872428674284274, 'lag_3': 0.06402590175284681, 'lag_4': 0.1807938406638293, 'lag_5': 0.825710628825319, 'lag_6': 0.31955387530577517, 'lag_7': 0.11813294465263832, 'lag_8': 0.2749416839297387, 'lag_9': 0.5192326585626884, 'lag_10': 0.4047819566069744, 'lag_11': 0.9449727688169793, 'lag_12': 0.8809362579928616, 'lag_13': 0.47925875994579875, 'lag_14': 0.6087029899960038, 'lag_15': 0.18010609551132545, 'lag_16': 0.2302832941729368, 'lag_17': 0.8490887828136017, 'lag_18': 0.03435655066791134, 'lag_19': 0.39740145901503754, 'lag_20': 0.6703447629338917, 'lag_21': 0.8546743775180494, 'lag_22': 0.5387018946910558, 'lag_23': 0.5145958501649521, 'lag_24': 0.9742146684315589, 'lag_25': 0.6851075373746965, 'lag_26': 0.9129170500714995, 'lag_27': 0.20007390285128443, 'lag_28': 0.2661946709429132}. Best is trial 45 with value: 0.01997783443171456.
[I 2025-09-29 11:59:44,402] Trial 99 finished with value: 0.020707489435186466 and parameters: {'lag_0': 0.09641372052735105, 'lag_1': 0.9011471398285243, 'lag_2': 0.12350191225731309, 'lag_3': 0.028777174118207204, 'lag_4': 0.9426123917356954, 'lag_5': 0.8516095538612707, 'lag_6': 0.25703362223076254, 'lag_7': 0.21194703450950364, 'lag_8': 0.17739659235566635, 'lag_9': 0.9663933632316151, 'lag_10': 0.8344363486690562, 'lag_11': 0.9918882011980219, 'lag_12': 0.5269677090967483, 'lag_13': 0.373136295690407, 'lag_14': 0.6807056174533719, 'lag_15': 0.3591857019307968, 'lag_16': 0.3445835111940896, 'lag_17': 0.893170388107063, 'lag_18': 0.3102034604758727, 'lag_19': 0.6036598868831464, 'lag_20': 0.7255411144572933, 'lag_21': 0.23578993965660233, 'lag_22': 0.44138619493839437, 'lag_23': 0.7181155790789363, 'lag_24': 0.8505001532610135, 'lag_25': 0.6246146901359201, 'lag_26': 0.9479213784551115, 'lag_27': 0.06444687728146836, 'lag_28': 0.13658528977446155}. Best is trial 45 with value: 0.01997783443171456.
2025-09-29 11:59:46,469 - distributed.worker - INFO - Stopping worker at tcp://192.168.86.108:40569. Reason: scheduler-remove-worker
2025-09-29 11:59:46,473 - distributed.nanny - INFO - Closing Nanny gracefully at 'tcp://192.168.86.108:33530'. Reason: scheduler-remove-worker
2025-09-29 11:59:46,477 - distributed.nanny - INFO - Worker closed
2025-09-29 11:59:46,478 - distributed.core - INFO - Connection to tcp://192.168.86.101:45699 has been closed.
slurmstepd: error: *** JOB 3081124 ON node08 CANCELLED AT 2025-09-29T11:59:46 ***
