[I 2025-10-03 11:36:20,678] Trial 16 finished with values: [0.060742382271468144, 0.004678610730152114, 0.00401355021838485, 0.004792736726730292, 0.006143140925475429, 0.007325221286659862, 0.0006329339648458352, 0.001114305844902079, 0.00033011945295241085, 0.0006369019814121323, 0.00011860198933123141, 0.00012958796672778907, 0.00256533769921266, 0.029795291017019093, 0.0, 0.009929109256116985, 0.011191482202715885, 0.0032876807065637, 0.0009104873396524251, 0.000446197682104365, 0.000107538657784716, 0.00029074172562625246, 0.00021130706589116396, 0.00045337014852916567, 0.00023314640776155062, 7.614995754068302e-05, 0.0002019047330872416, 0.0008360893487638378, 0.000726527967169803] and parameters: {'lag_0': 0.9838634616892815, 'lag_1': 0.3460397226729353, 'lag_2': 0.26703646678875986, 'lag_3': 0.3170725727686609, 'lag_4': 0.15058376120518224, 'lag_5': 0.6176643624636481, 'lag_6': 0.319814505313889, 'lag_7': 0.7903677775371947, 'lag_8': 0.8056739587470697, 'lag_9': 0.9521889804676836, 'lag_10': 0.7778334581122431, 'lag_11': 0.4165814018974901, 'lag_12': 0.5658325443301404, 'lag_13': 0.6513579546734845, 'lag_14': 0.2968511396997609, 'lag_15': 0.2496977761298522, 'lag_16': 0.03276257541630767, 'lag_17': 0.1798998995815202, 'lag_18': 0.7470239943977254, 'lag_19': 0.012223341149261551, 'lag_20': 0.4522162409740735, 'lag_21': 0.5315816748185411, 'lag_22': 0.7493369261859794, 'lag_23': 0.580532323720091, 'lag_24': 0.10350034216457248, 'lag_25': 0.6946995583424694, 'lag_26': 0.7998332722868682, 'lag_27': 0.8110239728110612, 'lag_28': 0.06692384179121683}.
[I 2025-10-03 11:36:23,373] Trial 17 finished with values: [0.07492159062292532, 0.0033938662767457064, 0.00852598945863308, 0.007556058556911058, 0.005486299390288106, 0.005737751313030158, 0.0008071963052393258, 0.0011763198398415443, 0.00022309615885371314, 0.0011568491381604832, 0.0006579182454688959, 0.0004376383742968058, 0.0020388239956739287, 0.02994561930816384, 0.0, 0.008765423946617206, 0.009484481624445876, 0.0036559334223611392, 0.0004703218173108453, 0.0005472494060997349, 0.00015117845056376484, 0.00032000651613655826, 0.000223574230545056, 0.00017035810988290612, 0.00034318084404660686, 0.0001959397643714141, 0.0007786048230070435, 0.0019748368289987054, 0.001547609236495304] and parameters: {'lag_0': 0.26582712728605623, 'lag_1': 0.5077507284486034, 'lag_2': 0.2740712239015312, 'lag_3': 0.3096541448902144, 'lag_4': 0.08255647099435552, 'lag_5': 0.5723181003576772, 'lag_6': 0.7459167490807614, 'lag_7': 0.27680113807113516, 'lag_8': 0.5477873720004217, 'lag_9': 0.06338623898534629, 'lag_10': 0.15243912430838358, 'lag_11': 0.993404316215227, 'lag_12': 0.14081909177244123, 'lag_13': 0.026740498916249654, 'lag_14': 0.9794986024086701, 'lag_15': 0.5852830751660247, 'lag_16': 0.5619205360644528, 'lag_17': 0.36264607668186416, 'lag_18': 0.0023158880970223835, 'lag_19': 0.9469616356842134, 'lag_20': 0.4980572368427191, 'lag_21': 0.1660394980201056, 'lag_22': 0.053242786957746466, 'lag_23': 0.7660114432874537, 'lag_24': 0.4643879609968848, 'lag_25': 0.8440561262743558, 'lag_26': 0.997782689246278, 'lag_27': 0.5202256161737031, 'lag_28': 0.5832231780073552}.
[I 2025-10-03 11:36:26,053] Trial 18 finished with values: [0.07421606648199446, 0.0021505290669508125, 0.009099925212200374, 0.0027292747431228673, 0.004319815745091089, 0.0042735485352775665, 0.0012677075900381404, 0.0007347447977128585, 5.3255941397857554e-05, 0.0016436138049558506, 0.0004977759210714126, 0.00020250884298006765, 0.0017108440915086023, 0.031724060108350244, 0.0, 0.010914889695025808, 0.010274216182436617, 0.003990234360411877, 0.0004998222382769085, 0.0005415716116490346, 3.3613724498322404e-05, 0.00018659186211438048, 8.655876175295488e-05, 0.0002490446580104844, 0.00029718378771478036, 0.00029406575891324625, 0.001307271561124456, 0.0011733833185485535, 0.00042026002985271204] and parameters: {'lag_0': 0.8916098802112808, 'lag_1': 0.9483087918328978, 'lag_2': 0.44489295712019566, 'lag_3': 0.13771461999830648, 'lag_4': 0.19831479549403835, 'lag_5': 0.511348035215567, 'lag_6': 0.00021425336989191755, 'lag_7': 0.750998307003517, 'lag_8': 0.09978862790605883, 'lag_9': 0.4507317333781644, 'lag_10': 0.08371922355650328, 'lag_11': 0.7629000071501091, 'lag_12': 0.31552485379917966, 'lag_13': 0.45561978100296696, 'lag_14': 0.706468692448946, 'lag_15': 0.6485784503967862, 'lag_16': 0.4080801246125004, 'lag_17': 0.9114265496169481, 'lag_18': 0.25934045550851326, 'lag_19': 0.4526308464315678, 'lag_20': 0.426205566036278, 'lag_21': 0.42018100108484124, 'lag_22': 0.37770567826723384, 'lag_23': 0.643451134107301, 'lag_24': 0.4509939637535463, 'lag_25': 0.4090217270755031, 'lag_26': 0.03779436823421568, 'lag_27': 0.8005365620244823, 'lag_28': 0.5240957901313652}.
[I 2025-10-03 11:36:28,731] Trial 19 finished with values: [0.09501184725624413, 0.005258153117344995, 0.004339391086736419, 0.003458323996338683, 0.0032894939429432128, 0.005921496690789464, 0.0014297884628371308, 0.0032522103830085617, 0.00024040624971674744, 0.0006468828292893223, 0.00036621146975253225, 3.570294507130962e-05, 0.0018734001634225193, 0.031970894017889114, 0.0, 0.008296349982688491, 0.010603889616242975, 0.0033679756209410022, 0.0004971766380053549, 0.0003466357023383904, 8.57803439156445e-05, 0.0002316540561208771, 0.0003054541938896423, 0.0005917774977457305, 0.0001099707891756475, 0.00021260223264915582, 0.0008188290588923806, 0.000813770469429742, 0.0008923556465486621] and parameters: {'lag_0': 0.09653842271995597, 'lag_1': 0.7478310221086767, 'lag_2': 0.7767590214400552, 'lag_3': 0.2547714468462125, 'lag_4': 0.448758315629698, 'lag_5': 0.644505729595951, 'lag_6': 0.011201961932169255, 'lag_7': 0.878348061381573, 'lag_8': 0.15166945209067828, 'lag_9': 0.8678182366558593, 'lag_10': 0.024340574553574492, 'lag_11': 0.45608523396166556, 'lag_12': 0.1695405410982705, 'lag_13': 0.9835152712181405, 'lag_14': 0.7650011044764145, 'lag_15': 0.7511320809260615, 'lag_16': 0.30453172576431337, 'lag_17': 0.8869185634966646, 'lag_18': 0.06061618138291582, 'lag_19': 0.14032976584605833, 'lag_20': 0.5471436203154865, 'lag_21': 0.8977623635567258, 'lag_22': 0.8682766752277791, 'lag_23': 0.20136405926952555, 'lag_24': 0.9284482898770601, 'lag_25': 0.6060772512961105, 'lag_26': 0.6155536792386214, 'lag_27': 0.8584714694137257, 'lag_28': 0.10912779523221373}.
[I 2025-10-03 11:36:31,427] Trial 20 finished with values: [0.06254452764515483, 0.0009289651058509982, 0.007929262203649524, 0.008745248433909284, 0.0011928880171320354, 0.0038392476006493003, 0.0021112846915713654, 0.002510027591155412, 0.0007579873717789437, 0.0011667106967294186, 0.0002918940863489325, 5.713898413122114e-05, 0.0015386953688913655, 0.03255567071743534, 0.0, 0.011526751526735263, 0.0117398695446251, 0.0038701942825836175, 0.0006334742684874614, 0.0006926821108264546, 0.0002000006503448299, 0.00026206132160070544, 0.0002738839125231851, 0.00020230148923339764, 0.000390338630317735, 0.00011334248039683828, 0.0008884339567807214, 0.0021520065189354143, 0.0006486996856617469] and parameters: {'lag_0': 0.6696119851865809, 'lag_1': 0.7790206729505765, 'lag_2': 0.1507860634509049, 'lag_3': 0.3331593089782545, 'lag_4': 0.5823021248818506, 'lag_5': 0.9896736883320745, 'lag_6': 0.9630521671593276, 'lag_7': 0.9099246603808715, 'lag_8': 0.9732702445510274, 'lag_9': 0.9409654721013881, 'lag_10': 0.017152216582115857, 'lag_11': 0.3258893704011572, 'lag_12': 0.16682134587378317, 'lag_13': 0.8904065410758094, 'lag_14': 0.6121801186829273, 'lag_15': 0.8153569921719611, 'lag_16': 0.046218521193524764, 'lag_17': 0.6304693123610239, 'lag_18': 0.2417458076510366, 'lag_19': 0.7107880291988459, 'lag_20': 0.8254239871580847, 'lag_21': 0.8275830084946607, 'lag_22': 0.06685967341123025, 'lag_23': 0.23189355641665485, 'lag_24': 0.47378438416647983, 'lag_25': 0.5133105108280704, 'lag_26': 0.8986885266790764, 'lag_27': 0.15538370930538767, 'lag_28': 0.3690365074606789}.
[I 2025-10-03 11:36:34,107] Trial 21 finished with values: [0.055736534318251776, 0.00845547415044449, 0.00754955669698716, 0.006095496478235332, 0.0033371974406407093, 0.002545599564788327, 0.0019098080072615458, 0.0015899466934939522, 0.0006492564263425373, 0.0007178316233415022, 2.951441843571881e-05, 0.00019624208198435397, 0.0026838217294918474, 0.031874956455636504, 0.0, 0.011268000102037087, 0.011877331052937645, 0.003436823295906965, 0.0007519069043940099, 0.0003362097887217231, 0.00012296398837794036, 0.0003567879776388323, 0.00019739320333896695, 0.00038881801163919533, 0.0003742174425350719, 0.00014146553691970416, 0.0007383354510875533, 0.0008535354598129252, 0.0005114406452036582] and parameters: {'lag_0': 0.42091534097017114, 'lag_1': 0.5208100339071376, 'lag_2': 0.2904425741978692, 'lag_3': 0.7481473145554951, 'lag_4': 0.554202446161161, 'lag_5': 0.3128208801100397, 'lag_6': 0.24956799460372203, 'lag_7': 0.4406784723018091, 'lag_8': 0.8882826641221939, 'lag_9': 0.00690291125505856, 'lag_10': 0.9714645461112524, 'lag_11': 0.060723896702149935, 'lag_12': 0.14976652721090075, 'lag_13': 0.4362246443148659, 'lag_14': 0.2972284644137709, 'lag_15': 0.9934567168741892, 'lag_16': 0.9143027488231483, 'lag_17': 0.5024817886988887, 'lag_18': 0.3406705033531616, 'lag_19': 0.7363320333300938, 'lag_20': 0.40606401769551387, 'lag_21': 0.28470415062654053, 'lag_22': 0.1519578074459779, 'lag_23': 0.8532279475121753, 'lag_24': 0.22249850308143024, 'lag_25': 0.4773755352856225, 'lag_26': 0.6592850775585413, 'lag_27': 0.997231288830892, 'lag_28': 0.8733788997358253}.
[I 2025-10-03 11:36:36,799] Trial 22 finished with values: [0.023045751471475244, 0.0060647978985771045, 0.008417555289420339, 0.004132132957181606, 0.002754579700514712, 0.0035518494872798594, 0.0008713665264046711, 0.0015600499315201835, 0.00018902185531104111, 0.0008788345391638225, 0.0002625922076265251, 1.899409625218749e-05, 0.0022721271193932913, 0.03528810708886413, 0.0, 0.014396744310635898, 0.011712316942574972, 0.004209459933827423, 0.0005805679307599149, 0.000716129347709401, 1.4263270467036299e-05, 0.00017473828442710065, 0.0001932906078777415, 0.00031384870952237264, 0.0003041230042876214, 0.00014755466005437188, 0.00038495874693938385, 0.0015859850932119616, 0.00030676850695029686] and parameters: {'lag_0': 0.8667121155003149, 'lag_1': 0.001969722926431864, 'lag_2': 0.0899281208646909, 'lag_3': 0.0858756862457605, 'lag_4': 0.28306986556385416, 'lag_5': 0.8955817140512156, 'lag_6': 0.2975963026073215, 'lag_7': 0.20771103751682238, 'lag_8': 0.20052847096719212, 'lag_9': 0.46238333680750054, 'lag_10': 0.43219880753160783, 'lag_11': 0.9701808823487792, 'lag_12': 0.5229455091397013, 'lag_13': 0.9634916544421883, 'lag_14': 0.6188907108818271, 'lag_15': 0.29289297604359565, 'lag_16': 0.27819707119900566, 'lag_17': 0.15823908012100052, 'lag_18': 0.0023732587536552494, 'lag_19': 0.30134090751293496, 'lag_20': 0.7833287303031348, 'lag_21': 0.8752398881145184, 'lag_22': 0.45998210845011045, 'lag_23': 0.5127433563346145, 'lag_24': 0.2030476741295525, 'lag_25': 0.6634007071893465, 'lag_26': 0.37988997472374036, 'lag_27': 0.7877490032584411, 'lag_28': 0.31037910849411515}.
[I 2025-10-03 11:36:39,490] Trial 23 finished with values: [0.06867590027700832, 0.0029444332129028973, 0.008615225333481314, 0.0068692633371577, 0.002293392739611864, 0.005579142429607977, 0.0019514653459733176, 0.0007647053796330991, 0.0003691024582080293, 0.0016671684703299585, 0.00019673358538628243, 0.0002501341397794822, 0.00225325872629934, 0.03149839233611387, 0.0, 0.009646773084170463, 0.011527327747118078, 0.003329592897409847, 0.0006021848300915919, 0.0006787707729711321, 0.0002493449521617683, 0.0003308433778157982, 9.792438562188212e-05, 0.00017094398357381095, 0.0002631239456473215, 8.442632773367776e-05, 0.00099067671780064, 0.0015685201625673787, 0.0015676276402968234] and parameters: {'lag_0': 0.8799223791577209, 'lag_1': 0.1107404316485967, 'lag_2': 0.21428734909571587, 'lag_3': 0.7967359257484338, 'lag_4': 0.9260869205314979, 'lag_5': 0.46043355820065746, 'lag_6': 0.6128077629606642, 'lag_7': 0.0622365822211524, 'lag_8': 0.45403241316853, 'lag_9': 0.008123255010655616, 'lag_10': 0.8389760093564501, 'lag_11': 0.808512306773523, 'lag_12': 0.5723086606600797, 'lag_13': 0.33576076349664125, 'lag_14': 0.8627721545227899, 'lag_15': 0.5740016564183562, 'lag_16': 0.0023965780948046393, 'lag_17': 0.030861050803152067, 'lag_18': 0.3607916436722931, 'lag_19': 0.9416059136253808, 'lag_20': 0.1101784957809106, 'lag_21': 0.42824324249252826, 'lag_22': 0.7201637829230175, 'lag_23': 0.9012824241697481, 'lag_24': 0.3344546920121452, 'lag_25': 0.22706118184342702, 'lag_26': 0.4878410523115522, 'lag_27': 0.8252798501661925, 'lag_28': 0.9921902949184873}.
[I 2025-10-03 11:36:42,177] Trial 24 finished with values: [0.06408502459155407, 0.004234320630287051, 0.005933770803882204, 0.00960203806394917, 0.002509885332426038, 0.0046335183378686156, 0.0005166954329873014, 0.0009861520825899237, 0.0002642846133353332, 0.0011418470175897926, 0.0002963811978722146, 5.1564506709561e-05, 0.0019783424642409956, 0.026752992257184232, 0.0, 0.011979392209216988, 0.012580954147497141, 0.0034601634821861023, 0.00041181640024818574, 0.0004554099775040791, 0.00010481914613955036, 0.00024143828624844488, 0.00029125728375144514, 0.0003540446897457264, 3.0026033867596373e-05, 0.0005155180894875297, 0.0013069515850330118, 0.0017617706332641026, 0.0003922645315969136] and parameters: {'lag_0': 0.30797562497304776, 'lag_1': 0.5423272882519932, 'lag_2': 0.7242904078241993, 'lag_3': 0.5299077763554685, 'lag_4': 0.27946394218112464, 'lag_5': 0.7602657698554038, 'lag_6': 0.8491132031148195, 'lag_7': 0.3993926473495238, 'lag_8': 0.9594410342512649, 'lag_9': 0.6822965769016581, 'lag_10': 0.9822883947496017, 'lag_11': 0.020381073735495494, 'lag_12': 0.5269046259786946, 'lag_13': 0.2882833814853959, 'lag_14': 0.9202049026677882, 'lag_15': 0.2546443087515635, 'lag_16': 0.73296906906111, 'lag_17': 0.5979673874829304, 'lag_18': 0.05918532125998736, 'lag_19': 0.31333632085578794, 'lag_20': 0.1476664631006342, 'lag_21': 0.09391465757112531, 'lag_22': 0.1880553633355732, 'lag_23': 0.5260151844787526, 'lag_24': 0.43838007605798496, 'lag_25': 0.8635394183533946, 'lag_26': 0.7326961618537666, 'lag_27': 0.5283260951935352, 'lag_28': 0.5948763322688049}.
[I 2025-10-03 11:36:44,871] Trial 25 finished with values: [0.06357290641239899, 0.0012804653752277865, 0.004833962683126085, 0.004089864134954392, 0.0017683833550963875, 0.006367044933137221, 8.064551921461431e-05, 0.001872823056684663, 0.0007359588632449504, 0.0003519832326553555, 5.0861870513388004e-05, 8.335038026902641e-05, 0.002932398156796241, 0.033045768609916384, 0.0, 0.009291284850887337, 0.010861597610743259, 0.0034917741264682924, 0.0006013394288013263, 0.000665565477272012, 0.00018247088153287304, 0.0004211300954284565, 0.00014644203065207614, 0.00039369223587146506, 0.00021785824219448845, 0.00025952465547298743, 0.0008337387676148333, 0.001129540812038168, 0.000859272677958782] and parameters: {'lag_0': 0.4606674316492273, 'lag_1': 0.8231151465018584, 'lag_2': 0.3910591335504452, 'lag_3': 0.29811326761373863, 'lag_4': 0.8796899630570478, 'lag_5': 0.747183270590279, 'lag_6': 0.4607558257700919, 'lag_7': 0.20196671116286952, 'lag_8': 0.8704310862495307, 'lag_9': 0.6806240733568099, 'lag_10': 0.2208568540800101, 'lag_11': 0.49651392722076115, 'lag_12': 0.5404635847959005, 'lag_13': 0.002722397960470307, 'lag_14': 0.5864639746032887, 'lag_15': 0.7158278985484772, 'lag_16': 0.5326441611662828, 'lag_17': 0.8336474231301849, 'lag_18': 0.13887341682037163, 'lag_19': 0.1347762700370314, 'lag_20': 0.5429958078272488, 'lag_21': 0.6955315131359768, 'lag_22': 0.14661067382221932, 'lag_23': 0.12112511306577065, 'lag_24': 0.09856468129152787, 'lag_25': 0.05047316196452706, 'lag_26': 0.7780162205847081, 'lag_27': 0.4429018298650667, 'lag_28': 0.5911981367128565}.
[I 2025-10-03 11:36:47,559] Trial 26 finished with values: [0.06567520193843086, 0.005302430504222231, 0.00781418288659305, 0.006940173717567312, 0.0037634456597054945, 0.003689947209003192, 0.0006536293270260183, 0.0013007726532105767, 0.00017659950887319997, 0.0010974541792424803, 0.0001745377986199893, 0.00021214855172520933, 0.0017872252950084458, 0.0333031339014355, 0.0, 0.01320671859468952, 0.010466141344494632, 0.004224064876450688, 0.0005220293012196551, 0.0006140533970927602, 0.0001597360694517316, 0.0004984287789845905, 0.0003223054711589576, 0.00013777473517217353, 0.00015245449408980547, 0.00024100103060102678, 0.000950273318563583, 0.0010285040711633547, 0.0017938985526871043] and parameters: {'lag_0': 0.15841375102352262, 'lag_1': 0.8257695264721371, 'lag_2': 0.667264903474443, 'lag_3': 0.9695067673144175, 'lag_4': 0.6413651172155241, 'lag_5': 0.46476101152641186, 'lag_6': 0.7545899792143854, 'lag_7': 0.4853359516879679, 'lag_8': 0.8810913182321868, 'lag_9': 0.1415209019478004, 'lag_10': 0.12069245085081332, 'lag_11': 0.37806294781735533, 'lag_12': 0.6948511170879224, 'lag_13': 0.4068648346906264, 'lag_14': 0.699611494896347, 'lag_15': 0.22531551552106066, 'lag_16': 0.3129743603018768, 'lag_17': 0.6268104843808767, 'lag_18': 0.261050671496666, 'lag_19': 0.9576495004927321, 'lag_20': 0.7159590186634446, 'lag_21': 0.8397290791527828, 'lag_22': 0.21366899306977674, 'lag_23': 0.6082392874515247, 'lag_24': 0.23437914744097607, 'lag_25': 0.7359210310867783, 'lag_26': 0.014407946995637268, 'lag_27': 0.3322673483337298, 'lag_28': 0.3835156426335929}.
[I 2025-10-03 11:36:50,243] Trial 27 finished with values: [0.0713352931200181, 0.0025071440585948514, 0.005761162625973954, 0.0017225351915882126, 0.004063226497833214, 0.0013351058708188802, 0.0013411890559169221, 0.0019730519739113725, 0.0006711499718485256, 0.001239675738678966, 0.00024561013016854906, 2.580403180538666e-05, 0.0018080625564557394, 0.03417486434258969, 0.0, 0.011199743723321085, 0.01072758466089362, 0.004720994683822805, 0.0005659373068393335, 0.00036609281275548476, 0.0001350687017246632, 0.0002488387035494029, 0.0001338014627835379, 0.0004097017334597575, 0.0003413157238584314, 4.9843066920217676e-05, 0.0009338104007859279, 0.0007256052845967054, 0.0008711256358859729] and parameters: {'lag_0': 0.7509536519679586, 'lag_1': 0.5400606947268984, 'lag_2': 0.15661598429487725, 'lag_3': 0.23597611481980638, 'lag_4': 0.2717845961532345, 'lag_5': 0.5162423801570071, 'lag_6': 0.9936855334991425, 'lag_7': 0.4125895037942442, 'lag_8': 0.7821446466382026, 'lag_9': 0.5219701118104106, 'lag_10': 0.19893046326250616, 'lag_11': 0.9995934304789598, 'lag_12': 0.7572159106701908, 'lag_13': 0.7984815398449555, 'lag_14': 0.0368531734291587, 'lag_15': 0.8569297465086675, 'lag_16': 0.953134212559544, 'lag_17': 0.46970127149353874, 'lag_18': 0.5824796999116788, 'lag_19': 0.9032663414732222, 'lag_20': 0.9606807510442272, 'lag_21': 0.4179127487036484, 'lag_22': 0.11796388615679974, 'lag_23': 0.04903426155091708, 'lag_24': 0.7358984917124564, 'lag_25': 0.4458629832555824, 'lag_26': 0.5767172608287434, 'lag_27': 0.02130153767766749, 'lag_28': 0.9758886755554782}.
[I 2025-10-03 11:36:52,933] Trial 28 finished with values: [0.07005232379193597, 0.0006178368315545686, 0.00765836653024517, 0.0038879455856187135, 0.003395835940011682, 0.00544373300358635, 0.00036644447111844715, 0.0010672810958639637, 0.0008140902764098981, 0.0009597444531550814, 0.00040827069630002477, 0.00012706198473424503, 0.0022455480877581623, 0.03457712839593588, 0.0, 0.0151677724393079, 0.012937190032644041, 0.003805860523888708, 0.0006161599159959123, 0.0005280430852308423, 6.596584356864634e-05, 0.00032386061709573555, 0.0002658172950017385, 0.0004137488337129713, 9.00039359874564e-05, 0.0001811665538002384, 0.0006913210492281035, 0.000625688830553283, 0.0018979218381886304] and parameters: {'lag_0': 0.8857949463227046, 'lag_1': 0.6102004963078423, 'lag_2': 0.20777781821468622, 'lag_3': 0.026470024017002373, 'lag_4': 0.042370614651160945, 'lag_5': 0.7827422290401859, 'lag_6': 0.42227564360348074, 'lag_7': 0.04612394286528084, 'lag_8': 0.06149166680843483, 'lag_9': 0.5225691497132497, 'lag_10': 0.9820407373552994, 'lag_11': 0.5888202018122208, 'lag_12': 0.7500862398338477, 'lag_13': 0.7909348921383639, 'lag_14': 0.06204533050504517, 'lag_15': 0.7280146322914537, 'lag_16': 0.6068949721724751, 'lag_17': 0.3370629291585869, 'lag_18': 0.11068654148786883, 'lag_19': 0.16802409681166264, 'lag_20': 0.6638462049454878, 'lag_21': 0.3495890217745015, 'lag_22': 0.9272023261374626, 'lag_23': 0.12625174246591675, 'lag_24': 0.08875923064865301, 'lag_25': 0.9330263704322797, 'lag_26': 0.3035244954250123, 'lag_27': 0.8934808987746734, 'lag_28': 0.9058958632211525}.
