[I 2025-09-29 13:20:39,862] Trial 61 finished with value: 0.0033511946812903844 and parameters: {'lag_0': 0.7702378112186211, 'lag_1': 0.11289566208955101, 'lag_2': 0.2918473892914478, 'lag_3': 0.36711511749944303, 'lag_4': 0.47916132291514646, 'lag_5': 0.39126218957158654, 'lag_6': 0.5554745292055302, 'lag_7': 0.7965669693249675, 'lag_8': 0.3729715694279657, 'lag_9': 0.2321731996553172, 'lag_10': 0.489870334095893, 'lag_11': 0.40629535084766666, 'lag_12': 0.3268916392430402, 'lag_13': 0.706928138425381, 'lag_14': 0.05512601176441942, 'lag_15': 0.2746499756073322, 'lag_16': 0.4340793329938979, 'lag_17': 0.0770891105057779, 'lag_18': 0.1501261227902517, 'lag_19': 0.9839953201182908, 'lag_20': 0.6716246917145844, 'lag_21': 0.9603756951418464, 'lag_22': 0.5621948195646371, 'lag_23': 0.9374548795965372, 'lag_24': 0.33828055901130694, 'lag_25': 0.746668774217072, 'lag_26': 0.3680790517956125, 'lag_27': 0.8176205959613748, 'lag_28': 0.5619498467124927}. Best is trial 48 with value: 0.0030732978870720556.
[I 2025-09-29 13:20:42,342] Trial 62 finished with value: 0.0034494077872292083 and parameters: {'lag_0': 0.750443993939508, 'lag_1': 0.19063859211831252, 'lag_2': 0.39523602283885256, 'lag_3': 0.47788618408796574, 'lag_4': 0.7576983772774005, 'lag_5': 0.48182914059583154, 'lag_6': 0.4944432128239872, 'lag_7': 0.850824807671859, 'lag_8': 0.49745290047839097, 'lag_9': 0.17918243875657458, 'lag_10': 0.41608828584752044, 'lag_11': 0.36923616704989126, 'lag_12': 0.10635728919176074, 'lag_13': 0.00568539454585637, 'lag_14': 0.11348084057977914, 'lag_15': 0.4259990984773261, 'lag_16': 0.36938901016040276, 'lag_17': 0.1694239625004364, 'lag_18': 0.1263580143703546, 'lag_19': 0.948551967819862, 'lag_20': 0.6328322175280883, 'lag_21': 0.01939792960680292, 'lag_22': 0.4714044501424143, 'lag_23': 0.8348857541374639, 'lag_24': 0.44191702675775685, 'lag_25': 0.8013207653993887, 'lag_26': 0.5231290313639481, 'lag_27': 0.7800298493094096, 'lag_28': 0.5157795206045687}. Best is trial 48 with value: 0.0030732978870720556.
[I 2025-09-29 13:20:44,827] Trial 63 finished with value: 0.003369604815987337 and parameters: {'lag_0': 0.6995745344345565, 'lag_1': 0.08737544010431395, 'lag_2': 0.4405155079618376, 'lag_3': 0.5172213553316709, 'lag_4': 0.443502314248986, 'lag_5': 0.4270832296657234, 'lag_6': 0.6167941134758562, 'lag_7': 0.07025143461632721, 'lag_8': 0.4439133835522736, 'lag_9': 0.30173899338290433, 'lag_10': 0.5509763225073059, 'lag_11': 0.43469645405378265, 'lag_12': 0.15978706752384314, 'lag_13': 0.1399753520853407, 'lag_14': 0.039153465770944196, 'lag_15': 0.31411137512476084, 'lag_16': 0.5077540251743644, 'lag_17': 0.04905956533662834, 'lag_18': 0.23426268137146988, 'lag_19': 0.9128408878882198, 'lag_20': 0.595114046957956, 'lag_21': 0.6877640488918555, 'lag_22': 0.534005030403449, 'lag_23': 0.9445658035672787, 'lag_24': 0.1691543835821767, 'lag_25': 0.6822099975465633, 'lag_26': 0.08632961382213003, 'lag_27': 0.8641991589851499, 'lag_28': 0.582433609218405}. Best is trial 48 with value: 0.0030732978870720556.
[I 2025-09-29 13:20:47,304] Trial 64 finished with value: 0.003314573850885309 and parameters: {'lag_0': 0.6369183734578298, 'lag_1': 0.2595771563981155, 'lag_2': 0.23055980371623602, 'lag_3': 0.7469483604855689, 'lag_4': 0.38987726860650024, 'lag_5': 0.5858062899251941, 'lag_6': 0.6824004192497972, 'lag_7': 0.7648312243687222, 'lag_8': 0.5889154990671479, 'lag_9': 0.46579213554249443, 'lag_10': 0.307771966525734, 'lag_11': 0.3015506016059448, 'lag_12': 0.4046357019062865, 'lag_13': 0.039850432677560325, 'lag_14': 0.15683307298573035, 'lag_15': 0.1751934310303198, 'lag_16': 0.2378905636384253, 'lag_17': 0.3483069803106734, 'lag_18': 0.020303854737360683, 'lag_19': 0.9975971734578207, 'lag_20': 0.5346038486774741, 'lag_21': 0.7350527190395054, 'lag_22': 0.9661548511735807, 'lag_23': 0.9805467894877391, 'lag_24': 0.267506728115833, 'lag_25': 0.835030219351166, 'lag_26': 0.2542431329648895, 'lag_27': 0.9990776673780224, 'lag_28': 0.6239486787258207}. Best is trial 48 with value: 0.0030732978870720556.
[I 2025-09-29 13:20:49,790] Trial 65 finished with value: 0.003417522162583584 and parameters: {'lag_0': 0.6666767808501034, 'lag_1': 0.006458707868032737, 'lag_2': 0.477743995596149, 'lag_3': 0.4328397640666274, 'lag_4': 0.32934546226642375, 'lag_5': 0.6179479943662806, 'lag_6': 0.9021575905683852, 'lag_7': 0.726215220792111, 'lag_8': 0.6988348109695637, 'lag_9': 0.10403180081184304, 'lag_10': 0.36273517017104207, 'lag_11': 0.49210519124123964, 'lag_12': 0.5114650018560146, 'lag_13': 0.09820981750765187, 'lag_14': 0.002372471005063846, 'lag_15': 0.10514865232386693, 'lag_16': 0.3290719538347922, 'lag_17': 0.2262202305560725, 'lag_18': 0.1622691937499088, 'lag_19': 0.879954706348659, 'lag_20': 0.5561189129950271, 'lag_21': 0.8607310693017705, 'lag_22': 0.7382432024678808, 'lag_23': 0.9975026016510593, 'lag_24': 0.39851025173572474, 'lag_25': 0.11225742340710644, 'lag_26': 0.19849930879553196, 'lag_27': 0.6438252932922627, 'lag_28': 0.4170821352602613}. Best is trial 48 with value: 0.0030732978870720556.
[I 2025-09-29 13:20:52,272] Trial 66 finished with value: 0.003526313597103857 and parameters: {'lag_0': 0.523700796184073, 'lag_1': 0.0726061549446213, 'lag_2': 0.38148257488621545, 'lag_3': 0.8507843507562489, 'lag_4': 0.5500228448399861, 'lag_5': 0.5227111011081118, 'lag_6': 0.9545406589222798, 'lag_7': 0.8833931057595299, 'lag_8': 0.7718264324258322, 'lag_9': 0.5649707885062001, 'lag_10': 0.44999261997931217, 'lag_11': 0.5969129119989317, 'lag_12': 0.24188433563503636, 'lag_13': 0.06739203934853544, 'lag_14': 0.21240079956374702, 'lag_15': 0.36270415676333506, 'lag_16': 0.40756291094734065, 'lag_17': 0.6807852866397763, 'lag_18': 0.09443272793465031, 'lag_19': 0.7962670391690518, 'lag_20': 0.6869794899971279, 'lag_21': 0.8050211495060865, 'lag_22': 0.6115545822757703, 'lag_23': 0.795216743100487, 'lag_24': 0.6505369140405497, 'lag_25': 0.7196852383951544, 'lag_26': 0.14518935898994906, 'lag_27': 0.7354350180787045, 'lag_28': 0.6757777764877887}. Best is trial 48 with value: 0.0030732978870720556.
[I 2025-09-29 13:20:54,748] Trial 67 finished with value: 0.0036567991719936186 and parameters: {'lag_0': 0.7319696767969507, 'lag_1': 0.1388483653413957, 'lag_2': 0.32090742221267776, 'lag_3': 0.004362585638783556, 'lag_4': 0.6636716215096103, 'lag_5': 0.33809442998567274, 'lag_6': 0.5431217830767764, 'lag_7': 0.8308020720125302, 'lag_8': 0.31433669732581626, 'lag_9': 0.8581084862265325, 'lag_10': 0.9896214180261156, 'lag_11': 0.2596603925414469, 'lag_12': 0.5215815432307391, 'lag_13': 0.18364005240783932, 'lag_14': 0.4310075397183531, 'lag_15': 0.2810336913868625, 'lag_16': 0.1705398361338793, 'lag_17': 0.04677273426226961, 'lag_18': 0.813635606467842, 'lag_19': 0.9665886037805849, 'lag_20': 0.7795831395974477, 'lag_21': 0.6122290815430221, 'lag_22': 0.8667755698975607, 'lag_23': 0.25865769571607045, 'lag_24': 0.578850765835609, 'lag_25': 0.8828511359071596, 'lag_26': 0.23625766368806808, 'lag_27': 0.6914237300344064, 'lag_28': 0.5321574533162854}. Best is trial 48 with value: 0.0030732978870720556.
[I 2025-09-29 13:20:57,240] Trial 68 finished with value: 0.0034977396224562703 and parameters: {'lag_0': 0.8602038050427007, 'lag_1': 0.8107964250495785, 'lag_2': 0.2600941758513365, 'lag_3': 0.2815305497749937, 'lag_4': 0.43757342080931466, 'lag_5': 0.7996598339968645, 'lag_6': 0.390181342351674, 'lag_7': 0.5971957872309023, 'lag_8': 0.6214221184212718, 'lag_9': 0.27666393323459887, 'lag_10': 0.07379782555481074, 'lag_11': 0.5372069526647696, 'lag_12': 0.7404093893888731, 'lag_13': 0.12954216047147932, 'lag_14': 0.10014477921585446, 'lag_15': 0.075048463695298, 'lag_16': 0.27022855881520197, 'lag_17': 0.009092769243288792, 'lag_18': 0.6070295664638616, 'lag_19': 0.8294743996688289, 'lag_20': 0.20503590233392802, 'lag_21': 0.9178458017442549, 'lag_22': 0.7948095733359918, 'lag_23': 0.3932802918448644, 'lag_24': 0.2771755898495054, 'lag_25': 0.9186807358711301, 'lag_26': 0.030388898339283387, 'lag_27': 0.7768467640237328, 'lag_28': 0.49022860253924533}. Best is trial 48 with value: 0.0030732978870720556.
[I 2025-09-29 13:20:59,716] Trial 69 finished with value: 0.0035124454307765935 and parameters: {'lag_0': 0.8152446706528083, 'lag_1': 0.17189809202226772, 'lag_2': 0.3535643190464326, 'lag_3': 0.3670670073289801, 'lag_4': 0.3032841661751303, 'lag_5': 0.8869044389321461, 'lag_6': 0.7655964131854391, 'lag_7': 0.6582093641471629, 'lag_8': 0.566297790937586, 'lag_9': 0.047693287823935726, 'lag_10': 0.1991468539849415, 'lag_11': 0.9268081987876463, 'lag_12': 0.3193018849348277, 'lag_13': 0.3715699723812108, 'lag_14': 0.3755455727832944, 'lag_15': 0.21729082908910116, 'lag_16': 0.12671387006022453, 'lag_17': 0.15908927031262524, 'lag_18': 0.2837170939007092, 'lag_19': 0.2864384114633573, 'lag_20': 0.6215738705356931, 'lag_21': 0.6552798713321459, 'lag_22': 0.6760488989242486, 'lag_23': 0.43622864511301684, 'lag_24': 0.5261330945169631, 'lag_25': 0.9444984127416729, 'lag_26': 0.3030830155295098, 'lag_27': 0.8985520695156712, 'lag_28': 0.5832858019237449}. Best is trial 48 with value: 0.0030732978870720556.
[I 2025-09-29 13:21:02,199] Trial 70 finished with value: 0.0031778175789269948 and parameters: {'lag_0': 0.585506903854803, 'lag_1': 0.21710154614352717, 'lag_2': 0.5548615376272836, 'lag_3': 0.7048413742885327, 'lag_4': 0.5115044505836452, 'lag_5': 0.5581132145444881, 'lag_6': 0.729132220861898, 'lag_7': 0.5335837978775047, 'lag_8': 0.3969067294544175, 'lag_9': 0.3797678440676543, 'lag_10': 0.5010603122145202, 'lag_11': 0.1640089649595689, 'lag_12': 0.6060988905431577, 'lag_13': 0.4505215207351423, 'lag_14': 0.310865571079981, 'lag_15': 0.33102747391524, 'lag_16': 0.2961115967975409, 'lag_17': 0.49449370399254555, 'lag_18': 0.18449462806361577, 'lag_19': 0.9236014946479881, 'lag_20': 0.8455619170517371, 'lag_21': 0.429479005262657, 'lag_22': 0.8891129233815522, 'lag_23': 0.47904306068948466, 'lag_24': 0.2323673923470906, 'lag_25': 0.5341792548357434, 'lag_26': 0.12193140035295218, 'lag_27': 0.6100948037947604, 'lag_28': 0.2687215648349777}. Best is trial 48 with value: 0.0030732978870720556.
[I 2025-09-29 13:21:04,687] Trial 71 finished with value: 0.0032400067216681984 and parameters: {'lag_0': 0.5842547063369332, 'lag_1': 0.21406142586078464, 'lag_2': 0.5297166740446094, 'lag_3': 0.6938192946565632, 'lag_4': 0.5852071043807879, 'lag_5': 0.5575523766846191, 'lag_6': 0.5205809315311739, 'lag_7': 0.5304049474437149, 'lag_8': 0.388206658440572, 'lag_9': 0.3773253208226239, 'lag_10': 0.4990370761121936, 'lag_11': 0.18227961683142913, 'lag_12': 0.6030593108731109, 'lag_13': 0.456643964846127, 'lag_14': 0.3137591157375379, 'lag_15': 0.324179864257029, 'lag_16': 0.299352759733924, 'lag_17': 0.4953077658525603, 'lag_18': 0.19617003837471714, 'lag_19': 0.921387983685652, 'lag_20': 0.8421746359644193, 'lag_21': 0.33288914808494985, 'lag_22': 0.8968878476771386, 'lag_23': 0.5086803746062658, 'lag_24': 0.16699425080104774, 'lag_25': 0.4230632988841332, 'lag_26': 0.11576996739709317, 'lag_27': 0.5002952740728243, 'lag_28': 0.22653307894563132}. Best is trial 48 with value: 0.0030732978870720556.
[I 2025-09-29 13:21:07,272] Trial 72 finished with value: 0.003420663539308416 and parameters: {'lag_0': 0.6157028178214795, 'lag_1': 0.3020700831974552, 'lag_2': 0.5829599925246054, 'lag_3': 0.5954491493905447, 'lag_4': 0.5047677630858665, 'lag_5': 0.44761325837887667, 'lag_6': 0.7327390489067783, 'lag_7': 0.475999922676257, 'lag_8': 0.43012234128153404, 'lag_9': 0.44204184764452714, 'lag_10': 0.5273370733587257, 'lag_11': 0.12861280563456345, 'lag_12': 0.6737532005913642, 'lag_13': 0.027335876675080785, 'lag_14': 0.2758113159636837, 'lag_15': 0.15019081199695222, 'lag_16': 0.22050193111438626, 'lag_17': 0.5449079441308362, 'lag_18': 0.17780318957074376, 'lag_19': 0.8737573813309859, 'lag_20': 0.8944046760409958, 'lag_21': 0.44582176803043916, 'lag_22': 0.9233618162262449, 'lag_23': 0.5686551901084586, 'lag_24': 0.2391040551171829, 'lag_25': 0.49587571682550735, 'lag_26': 0.9718400669674911, 'lag_27': 0.5891847771756906, 'lag_28': 0.3417846898158972}. Best is trial 48 with value: 0.0030732978870720556.
[I 2025-09-29 13:21:09,771] Trial 73 finished with value: 0.003336881031623589 and parameters: {'lag_0': 0.6805607811273823, 'lag_1': 0.2674433748780208, 'lag_2': 0.5156008652348315, 'lag_3': 0.6333714384439851, 'lag_4': 0.46237710000143417, 'lag_5': 0.48417608483626173, 'lag_6': 0.8629740557926351, 'lag_7': 0.6246323041153904, 'lag_8': 0.3571937998675164, 'lag_9': 0.5012960551330383, 'lag_10': 0.4072318204637418, 'lag_11': 0.2047293666808945, 'lag_12': 0.46211376057288667, 'lag_13': 0.47755687366070737, 'lag_14': 0.8693509351649769, 'lag_15': 0.44695488533735894, 'lag_16': 0.5294169757430336, 'lag_17': 0.42579373537855225, 'lag_18': 0.09891333922721601, 'lag_19': 0.4280639912428689, 'lag_20': 0.003540904444869264, 'lag_21': 0.8619884530636654, 'lag_22': 0.8144426498844641, 'lag_23': 0.46985179507669017, 'lag_24': 0.05622744181972922, 'lag_25': 0.3132123500223811, 'lag_26': 0.0688595687403487, 'lag_27': 0.6100206334784897, 'lag_28': 0.2821798430677469}. Best is trial 48 with value: 0.0030732978870720556.
[I 2025-09-29 13:21:12,269] Trial 74 finished with value: 0.0034230403606319024 and parameters: {'lag_0': 0.4386589355811915, 'lag_1': 0.09853363506911261, 'lag_2': 0.6411350238660827, 'lag_3': 0.7824974542401633, 'lag_4': 0.4051152634998597, 'lag_5': 0.6744207005349512, 'lag_6': 0.7002083514435435, 'lag_7': 0.7907716283146762, 'lag_8': 0.5189276973738365, 'lag_9': 0.18859239701720112, 'lag_10': 0.46569119331006764, 'lag_11': 0.45265703491063347, 'lag_12': 0.5775800701222173, 'lag_13': 0.41461654906212253, 'lag_14': 0.13207419338008844, 'lag_15': 0.49701341986552755, 'lag_16': 0.34947338069949185, 'lag_17': 0.5744786777486505, 'lag_18': 0.7238111196617432, 'lag_19': 0.6983626903681162, 'lag_20': 0.9060961610350076, 'lag_21': 0.7807695406822839, 'lag_22': 0.974090770227389, 'lag_23': 0.5319835036584729, 'lag_24': 0.13035290737326272, 'lag_25': 0.7782532807841258, 'lag_26': 0.19028641814072522, 'lag_27': 0.5229940869116737, 'lag_28': 0.17331179825410936}. Best is trial 48 with value: 0.0030732978870720556.
[I 2025-09-29 13:21:14,765] Trial 75 finished with value: 0.0031880037862511757 and parameters: {'lag_0': 0.48256976847260363, 'lag_1': 0.3614182258385301, 'lag_2': 0.7100476990034438, 'lag_3': 0.742145071524464, 'lag_4': 0.5372785036809152, 'lag_5': 0.615344458347098, 'lag_6': 0.825353706569909, 'lag_7': 0.7048410359325412, 'lag_8': 0.4714647879796837, 'lag_9': 0.3474582138036054, 'lag_10': 0.5862160044035399, 'lag_11': 0.04626688439403475, 'lag_12': 0.6364588016766725, 'lag_13': 0.3069559354049912, 'lag_14': 0.3390867120171282, 'lag_15': 0.37832591002706506, 'lag_16': 0.3891082527984374, 'lag_17': 0.621524996633126, 'lag_18': 0.5358850378904954, 'lag_19': 0.961982211089717, 'lag_20': 0.7491183779693522, 'lag_21': 0.5394680704541069, 'lag_22': 0.9470191776276426, 'lag_23': 0.6156573140444824, 'lag_24': 0.34577126344601994, 'lag_25': 0.8539032369657735, 'lag_26': 0.15932084404757316, 'lag_27': 0.9347479079459375, 'lag_28': 0.7118798161448394}. Best is trial 48 with value: 0.0030732978870720556.
[I 2025-09-29 13:21:17,253] Trial 76 finished with value: 0.003305773070737649 and parameters: {'lag_0': 0.4238730652739445, 'lag_1': 0.35680410308315064, 'lag_2': 0.7908260385078528, 'lag_3': 0.7329665995276112, 'lag_4': 0.544272668599204, 'lag_5': 0.7368396140036693, 'lag_6': 0.7871729919437844, 'lag_7': 0.2905080766210295, 'lag_8': 0.47756972896660954, 'lag_9': 0.39833370833659093, 'lag_10': 0.6670625268670254, 'lag_11': 0.04672757020788807, 'lag_12': 0.7302406078763373, 'lag_13': 0.29887419784890756, 'lag_14': 0.44329198358834176, 'lag_15': 0.2513312083188771, 'lag_16': 0.3887421276927196, 'lag_17': 0.8689444527561261, 'lag_18': 0.5271222201687531, 'lag_19': 0.9645558866868569, 'lag_20': 0.7981701644170409, 'lag_21': 0.551132018365035, 'lag_22': 0.9493212789564016, 'lag_23': 0.8702663536145598, 'lag_24': 0.2938601998674831, 'lag_25': 0.9988685184864198, 'lag_26': 0.23586629529173844, 'lag_27': 0.932352852245025, 'lag_28': 0.7132684209837512}. Best is trial 48 with value: 0.0030732978870720556.
[I 2025-09-29 13:21:19,742] Trial 77 finished with value: 0.0033468222988626297 and parameters: {'lag_0': 0.5043947841392462, 'lag_1': 0.18114289256694271, 'lag_2': 0.7485638642176843, 'lag_3': 0.8332370583210429, 'lag_4': 0.6001793343086632, 'lag_5': 0.5397834260288128, 'lag_6': 0.8296665754078574, 'lag_7': 0.1476534467545374, 'lag_8': 0.4212924877584795, 'lag_9': 0.34478762088918025, 'lag_10': 0.6143485534407687, 'lag_11': 0.0832938054314774, 'lag_12': 0.6459488245878408, 'lag_13': 0.07449561201983071, 'lag_14': 0.5010962623157739, 'lag_15': 0.29354899135192414, 'lag_16': 0.4422280418114767, 'lag_17': 0.493422949860596, 'lag_18': 0.4700753806976515, 'lag_19': 0.9226339072250365, 'lag_20': 0.7568729566834731, 'lag_21': 0.5012102046254638, 'lag_22': 0.9994061998906377, 'lag_23': 0.6186028914503843, 'lag_24': 0.23201798271851745, 'lag_25': 0.5366364487053833, 'lag_26': 0.153070738533622, 'lag_27': 0.9467846929539089, 'lag_28': 0.7882352365259503}. Best is trial 48 with value: 0.0030732978870720556.
[I 2025-09-29 13:21:22,233] Trial 78 finished with value: 0.0032756605178876344 and parameters: {'lag_0': 0.39612881514657916, 'lag_1': 0.14220734990906123, 'lag_2': 0.8494430652145684, 'lag_3': 0.7095625698121512, 'lag_4': 0.6397172366558733, 'lag_5': 0.6401929458861124, 'lag_6': 0.9974617413984335, 'lag_7': 0.7001229026690311, 'lag_8': 0.250633672768374, 'lag_9': 0.3036820860202113, 'lag_10': 0.5854843502854599, 'lag_11': 0.15697639665465427, 'lag_12': 0.8239498012365998, 'lag_13': 0.2580268927580719, 'lag_14': 0.4008387545383854, 'lag_15': 0.5789521426256035, 'lag_16': 0.4853566913001522, 'lag_17': 0.30091391669933637, 'lag_18': 0.550270829584989, 'lag_19': 0.9022945577652063, 'lag_20': 0.9443442563863051, 'lag_21': 0.14377836216089057, 'lag_22': 0.8888767806673229, 'lag_23': 0.9338534103440874, 'lag_24': 0.4493520288679679, 'lag_25': 0.03681163554156507, 'lag_26': 0.11642327878373049, 'lag_27': 0.9710188800564998, 'lag_28': 0.1383212224793507}. Best is trial 48 with value: 0.0030732978870720556.
[I 2025-09-29 13:21:24,725] Trial 79 finished with value: 0.0031043675250213777 and parameters: {'lag_0': 0.4780806357779357, 'lag_1': 0.02748871924230871, 'lag_2': 0.7120479042624729, 'lag_3': 0.8978420805263712, 'lag_4': 0.5236156583770747, 'lag_5': 0.1769530671151689, 'lag_6': 0.9482844738773352, 'lag_7': 0.731466687826106, 'lag_8': 0.38155016140207226, 'lag_9': 0.33977648322522996, 'lag_10': 0.6361914624836104, 'lag_11': 0.02533515755819224, 'lag_12': 0.15496647871165647, 'lag_13': 0.13420413568745038, 'lag_14': 0.22001510155635712, 'lag_15': 0.3828327543595347, 'lag_16': 0.32349559062327665, 'lag_17': 0.5248841233519151, 'lag_18': 0.3932660698229299, 'lag_19': 0.5325240082953968, 'lag_20': 0.8224911029676711, 'lag_21': 0.5889166710763793, 'lag_22': 0.9364466073806001, 'lag_23': 0.6895864398889889, 'lag_24': 0.33726767117813794, 'lag_25': 0.8539893934151022, 'lag_26': 0.3482132152237434, 'lag_27': 0.42481220407426074, 'lag_28': 0.8855343731735063}. Best is trial 48 with value: 0.0030732978870720556.
[I 2025-09-29 13:21:27,223] Trial 80 finished with value: 0.00322057461190621 and parameters: {'lag_0': 0.55539157238443, 'lag_1': 0.05847010385171062, 'lag_2': 0.4678158808915927, 'lag_3': 0.8816524679580858, 'lag_4': 0.8044338356773594, 'lag_5': 0.3100625193749657, 'lag_6': 0.9080614433394194, 'lag_7': 0.736219726880786, 'lag_8': 0.30135233413373697, 'lag_9': 0.5274368675650873, 'lag_10': 0.6833692902915249, 'lag_11': 0.008225673585766716, 'lag_12': 0.16781719396112738, 'lag_13': 0.8226091921640859, 'lag_14': 0.2154429594690118, 'lag_15': 0.3456173354268242, 'lag_16': 0.2544445272847821, 'lag_17': 0.4045863425316481, 'lag_18': 0.38738891603229886, 'lag_19': 0.5522370313301098, 'lag_20': 0.8288412688483642, 'lag_21': 0.5723544972055893, 'lag_22': 0.7832217389135813, 'lag_23': 0.6768023691319125, 'lag_24': 0.692945717524877, 'lag_25': 0.5949158605675715, 'lag_26': 0.3321488943080936, 'lag_27': 0.3842851864370844, 'lag_28': 0.9366247854995937}. Best is trial 48 with value: 0.0030732978870720556.
[I 2025-09-29 13:21:29,709] Trial 81 finished with value: 0.003186339110744211 and parameters: {'lag_0': 0.47447702954263876, 'lag_1': 0.02716874263786425, 'lag_2': 0.6828012910068996, 'lag_3': 0.952536560351512, 'lag_4': 0.5242482340539059, 'lag_5': 0.6067322603593268, 'lag_6': 0.9494394290688658, 'lag_7': 0.813826809583805, 'lag_8': 0.461708908959331, 'lag_9': 0.343375690942166, 'lag_10': 0.6368008152508184, 'lag_11': 0.03149542117298613, 'lag_12': 0.0463906045742379, 'lag_13': 0.1700499389544361, 'lag_14': 0.3328873037412269, 'lag_15': 0.38330990956287503, 'lag_16': 0.3853163368164194, 'lag_17': 0.5371682360978274, 'lag_18': 0.048253448516967765, 'lag_19': 0.478150435594316, 'lag_20': 0.7085199636281989, 'lag_21': 0.41645278134879055, 'lag_22': 0.939799877780357, 'lag_23': 0.7761850857979737, 'lag_24': 0.3264402681629817, 'lag_25': 0.8410516164514502, 'lag_26': 0.17199514109095218, 'lag_27': 0.40313407684138663, 'lag_28': 0.8750491203261097}. Best is trial 48 with value: 0.0030732978870720556.
