[I 2025-09-29 11:56:49,377] Trial 24 finished with value: 0.008644730822168347 and parameters: {'lag_0': 0.2706339155067323, 'lag_1': 0.8867653352138942, 'lag_2': 0.6017368892030042, 'lag_3': 0.5334723411994435, 'lag_4': 0.8431473601929772, 'lag_5': 0.1351115018525602, 'lag_6': 0.29231084599033885, 'lag_7': 0.7936624012602271, 'lag_8': 0.49518559916890137, 'lag_9': 0.2726880845021238, 'lag_10': 0.420802121510968, 'lag_11': 0.2572305693613542, 'lag_12': 0.9039946244946581, 'lag_13': 0.06508734858448632, 'lag_14': 0.28976413803891105, 'lag_15': 0.6060608535355347, 'lag_16': 0.42857304820474695, 'lag_17': 0.5124092036511219, 'lag_18': 0.08147842135963008, 'lag_19': 0.24759766943240152, 'lag_20': 0.5261928004239449, 'lag_21': 0.014763655352594107, 'lag_22': 0.7773092853394237, 'lag_23': 0.600379566251284, 'lag_24': 0.4091207040887751, 'lag_25': 0.24754644489857305, 'lag_26': 0.2913263648441373, 'lag_27': 0.2543255761424269, 'lag_28': 0.3424609519286811}. Best is trial 13 with value: 0.00837058582421548.
[I 2025-09-29 11:56:51,730] Trial 25 finished with value: 0.008540219129282671 and parameters: {'lag_0': 0.7083663995745142, 'lag_1': 0.48161102211089757, 'lag_2': 0.07870839594814577, 'lag_3': 0.6868109595033954, 'lag_4': 0.11899608008444476, 'lag_5': 0.2930555457566981, 'lag_6': 0.10946292278742153, 'lag_7': 0.44581944113050465, 'lag_8': 0.08353342013350173, 'lag_9': 0.5303285323578628, 'lag_10': 0.8569792060105369, 'lag_11': 0.06710996929127713, 'lag_12': 0.36018999047121325, 'lag_13': 0.16614555630384636, 'lag_14': 0.7115979392828575, 'lag_15': 0.47318655725825987, 'lag_16': 0.29570798542316945, 'lag_17': 0.6196471541532059, 'lag_18': 0.7528430523624393, 'lag_19': 0.5915050112491281, 'lag_20': 0.8060794860404069, 'lag_21': 0.10187726838297351, 'lag_22': 0.9309570068953761, 'lag_23': 0.7638217685160474, 'lag_24': 0.6441043355563756, 'lag_25': 0.09714588592864029, 'lag_26': 0.4264194031288799, 'lag_27': 0.08370448482492382, 'lag_28': 0.26996698907080363}. Best is trial 13 with value: 0.00837058582421548.
[I 2025-09-29 11:56:54,081] Trial 26 finished with value: 0.008575112394359635 and parameters: {'lag_0': 0.1193572189396262, 'lag_1': 0.7612320085728453, 'lag_2': 0.3229669814129096, 'lag_3': 0.9238595371766084, 'lag_4': 0.443773746974997, 'lag_5': 0.0007837192699582385, 'lag_6': 0.08637284350072988, 'lag_7': 0.6148584329825757, 'lag_8': 0.385036367170319, 'lag_9': 0.4132340349114254, 'lag_10': 0.4582950769749499, 'lag_11': 0.36737498758116816, 'lag_12': 0.5931590109478857, 'lag_13': 0.3321969918584248, 'lag_14': 0.012069088103606573, 'lag_15': 0.3333420100528143, 'lag_16': 0.1804306942432893, 'lag_17': 0.8027488610366871, 'lag_18': 0.9853222496075665, 'lag_19': 0.12833836140021324, 'lag_20': 0.6620003202373909, 'lag_21': 0.20467354840539204, 'lag_22': 0.6093025452827671, 'lag_23': 0.5182858677060235, 'lag_24': 0.8141559553442055, 'lag_25': 0.2022952479459158, 'lag_26': 0.5445577127807835, 'lag_27': 0.39532744564284666, 'lag_28': 0.6761283255738412}. Best is trial 13 with value: 0.00837058582421548.
[I 2025-09-29 11:56:56,438] Trial 27 finished with value: 0.008526275990225355 and parameters: {'lag_0': 0.41613562227723766, 'lag_1': 0.8928102225001728, 'lag_2': 0.7614612753630595, 'lag_3': 0.5997525302387285, 'lag_4': 0.5892930861358657, 'lag_5': 0.5551470500048857, 'lag_6': 0.4625529629012012, 'lag_7': 0.7305093372643983, 'lag_8': 0.28693534321066694, 'lag_9': 0.11227683186129134, 'lag_10': 0.5837019334604907, 'lag_11': 0.7631057358849667, 'lag_12': 0.15564632502864317, 'lag_13': 0.0612779234646112, 'lag_14': 0.6252716996880242, 'lag_15': 0.9500130422082209, 'lag_16': 0.3295534571784084, 'lag_17': 0.7241051608341815, 'lag_18': 0.6722532561303715, 'lag_19': 0.38590317025586873, 'lag_20': 0.9206707136406451, 'lag_21': 0.07176476815042936, 'lag_22': 0.8487117417679106, 'lag_23': 0.6344759886954191, 'lag_24': 0.901792717736984, 'lag_25': 0.34324010203846955, 'lag_26': 0.1779050240914585, 'lag_27': 0.21569716417317397, 'lag_28': 0.402453911709725}. Best is trial 13 with value: 0.00837058582421548.
[I 2025-09-29 11:56:58,802] Trial 28 finished with value: 0.008456495175179924 and parameters: {'lag_0': 0.5141871965060039, 'lag_1': 0.9988884928076934, 'lag_2': 0.4406412972404967, 'lag_3': 0.43946069647021313, 'lag_4': 0.8962870901265916, 'lag_5': 0.4132146411348583, 'lag_6': 0.17270450815978028, 'lag_7': 0.19947853164272622, 'lag_8': 0.18439082771694568, 'lag_9': 0.27386052641977304, 'lag_10': 0.7095415168231388, 'lag_11': 0.6129707233251674, 'lag_12': 0.7115235676658126, 'lag_13': 0.2160001216787389, 'lag_14': 0.8701091025983169, 'lag_15': 0.8054996018490741, 'lag_16': 0.010521266482706293, 'lag_17': 0.8918675689186735, 'lag_18': 0.4848546665987097, 'lag_19': 0.8774736682519717, 'lag_20': 0.236536158696448, 'lag_21': 0.33037135725955824, 'lag_22': 0.7535061444013541, 'lag_23': 0.9960478759850664, 'lag_24': 0.7173810740571032, 'lag_25': 0.07038350447485031, 'lag_26': 0.09729942774291578, 'lag_27': 0.5638305640412875, 'lag_28': 0.528042247555232}. Best is trial 13 with value: 0.00837058582421548.
[I 2025-09-29 11:57:01,156] Trial 29 finished with value: 0.008491621857811254 and parameters: {'lag_0': 0.7018180873028581, 'lag_1': 0.5699262521152089, 'lag_2': 0.8739409870757973, 'lag_3': 0.728838926634065, 'lag_4': 0.6909849563148192, 'lag_5': 0.7031660001569086, 'lag_6': 0.3400108446285718, 'lag_7': 0.3176064549359584, 'lag_8': 0.08135427328841188, 'lag_9': 0.060005194562803926, 'lag_10': 0.8095357511433867, 'lag_11': 0.916999885088352, 'lag_12': 0.8973912642007715, 'lag_13': 0.13252022480653475, 'lag_14': 0.49730033973706345, 'lag_15': 0.6373535981640408, 'lag_16': 0.5806972034050736, 'lag_17': 0.5823130005307954, 'lag_18': 0.588189702715672, 'lag_19': 0.3381373403899003, 'lag_20': 0.6842462042848361, 'lag_21': 0.5060530659719193, 'lag_22': 0.4232565137024606, 'lag_23': 0.541494616650682, 'lag_24': 0.5612966155216654, 'lag_25': 0.6826250798925763, 'lag_26': 0.39851041533796006, 'lag_27': 0.3486512432752106, 'lag_28': 0.6409244396644369}. Best is trial 13 with value: 0.00837058582421548.
[I 2025-09-29 11:57:03,506] Trial 30 finished with value: 0.00837676967984759 and parameters: {'lag_0': 0.3555441019906797, 'lag_1': 0.843553385427945, 'lag_2': 0.5730100936934579, 'lag_3': 0.4557013637877191, 'lag_4': 0.48280229525833307, 'lag_5': 0.17480762886397852, 'lag_6': 0.228707995804736, 'lag_7': 0.429925659614374, 'lag_8': 0.4322041449166787, 'lag_9': 0.0036989158341270423, 'lag_10': 0.17734215976604395, 'lag_11': 0.7836536814625078, 'lag_12': 0.7974672278949793, 'lag_13': 0.005727000077238857, 'lag_14': 0.7418721748838328, 'lag_15': 0.19591558102347967, 'lag_16': 0.7889896896624689, 'lag_17': 0.45358757225330404, 'lag_18': 0.2755776636545414, 'lag_19': 0.5247166344824818, 'lag_20': 0.7891283088800514, 'lag_21': 0.6310685541847036, 'lag_22': 0.6950514259827354, 'lag_23': 0.806112618710507, 'lag_24': 0.7753947379972657, 'lag_25': 0.5824108266456398, 'lag_26': 0.26565607291547394, 'lag_27': 0.4603120087772942, 'lag_28': 0.7478551428740852}. Best is trial 13 with value: 0.00837058582421548.
[I 2025-09-29 11:57:05,866] Trial 31 finished with value: 0.00856789709715167 and parameters: {'lag_0': 0.3596200373066011, 'lag_1': 0.8440942934443073, 'lag_2': 0.5732334939170012, 'lag_3': 0.4793585887717301, 'lag_4': 0.4862197398900218, 'lag_5': 0.15876646952450413, 'lag_6': 0.22549588695785544, 'lag_7': 0.4409377526803865, 'lag_8': 0.4594711686959153, 'lag_9': 0.1364565797606566, 'lag_10': 0.1031587135843912, 'lag_11': 0.7775990386967878, 'lag_12': 0.7977121814274936, 'lag_13': 0.02334399153414066, 'lag_14': 0.7582936597800135, 'lag_15': 0.18215150982758627, 'lag_16': 0.8103750311664408, 'lag_17': 0.28011423510679095, 'lag_18': 0.0909852571705933, 'lag_19': 0.5458255339440772, 'lag_20': 0.804233535429485, 'lag_21': 0.6176289932030645, 'lag_22': 0.6949096222620973, 'lag_23': 0.802498205892964, 'lag_24': 0.7756820781968552, 'lag_25': 0.5585269635777049, 'lag_26': 0.2499269688995368, 'lag_27': 0.5344265005897935, 'lag_28': 0.8588851674454048}. Best is trial 13 with value: 0.00837058582421548.
[I 2025-09-29 11:57:08,215] Trial 32 finished with value: 0.00829915584455556 and parameters: {'lag_0': 0.2699584185456403, 'lag_1': 0.6265702523042593, 'lag_2': 0.700500084777463, 'lag_3': 0.39381822491810325, 'lag_4': 0.3977011890073152, 'lag_5': 0.24061554523118955, 'lag_6': 0.34738897312831907, 'lag_7': 0.578066996681119, 'lag_8': 0.34002838697297455, 'lag_9': 0.014678223573960607, 'lag_10': 0.13750848890241618, 'lag_11': 0.9803184557002536, 'lag_12': 0.987828772786941, 'lag_13': 0.0019879703073572823, 'lag_14': 0.7440436134083066, 'lag_15': 0.30548772719934153, 'lag_16': 0.750360313140521, 'lag_17': 0.4870737985865037, 'lag_18': 0.2935568366570292, 'lag_19': 0.17634309938403903, 'lag_20': 0.7880428151985822, 'lag_21': 0.7584900137421356, 'lag_22': 0.5885968092469952, 'lag_23': 0.8610899408647454, 'lag_24': 0.7253301130564426, 'lag_25': 0.5983762858311494, 'lag_26': 0.1588319100613795, 'lag_27': 0.4852086557989064, 'lag_28': 0.8991877722149865}. Best is trial 32 with value: 0.00829915584455556.
[I 2025-09-29 11:57:10,563] Trial 33 finished with value: 0.008434230692772552 and parameters: {'lag_0': 0.26909738511863157, 'lag_1': 0.6609475524552155, 'lag_2': 0.6930339435433581, 'lag_3': 0.36879391005286644, 'lag_4': 0.37832800392111327, 'lag_5': 0.2376176537103626, 'lag_6': 0.39506048051437387, 'lag_7': 0.4550358076115899, 'lag_8': 0.3547986143499492, 'lag_9': 0.02978333396384641, 'lag_10': 0.18015549339690612, 'lag_11': 0.9852082543200553, 'lag_12': 0.9995558464738492, 'lag_13': 0.08367629061530485, 'lag_14': 0.8755859454338741, 'lag_15': 0.09348509709532321, 'lag_16': 0.7904137568060573, 'lag_17': 0.45064241663073223, 'lag_18': 0.27267586815562267, 'lag_19': 0.2596505500171202, 'lag_20': 0.9001203254463607, 'lag_21': 0.7791021607150508, 'lag_22': 0.46689201048609724, 'lag_23': 0.8898745005493205, 'lag_24': 0.8047266240501607, 'lag_25': 0.6043998614791468, 'lag_26': 0.1489657480899499, 'lag_27': 0.6463870707780961, 'lag_28': 0.9396702633879936}. Best is trial 32 with value: 0.00829915584455556.
[I 2025-09-29 11:57:12,915] Trial 34 finished with value: 0.008282047607266668 and parameters: {'lag_0': 0.1436234647541558, 'lag_1': 0.7309178396033541, 'lag_2': 0.740067349839737, 'lag_3': 0.13520169822695105, 'lag_4': 0.5183480140062, 'lag_5': 0.2746010408661554, 'lag_6': 0.06492207903257352, 'lag_7': 0.5620705545080453, 'lag_8': 0.41807410592907657, 'lag_9': 0.019846812490963567, 'lag_10': 0.026224746549432326, 'lag_11': 0.788178190028235, 'lag_12': 0.6820081583352691, 'lag_13': 0.01371527850006552, 'lag_14': 0.7070226696750932, 'lag_15': 0.31062143101244427, 'lag_16': 0.784181166367938, 'lag_17': 0.46013382404598907, 'lag_18': 0.13038393867369413, 'lag_19': 0.7041696040276628, 'lag_20': 0.8001717813173718, 'lag_21': 0.5864477082366699, 'lag_22': 0.5844763789219427, 'lag_23': 0.9204735596136693, 'lag_24': 0.9942302615714792, 'lag_25': 0.41886896809963464, 'lag_26': 0.04096240002581128, 'lag_27': 0.44654309977008905, 'lag_28': 0.7814048354422478}. Best is trial 34 with value: 0.008282047607266668.
[I 2025-09-29 11:57:15,266] Trial 35 finished with value: 0.008492278859133087 and parameters: {'lag_0': 0.04943393628701204, 'lag_1': 0.640469515118346, 'lag_2': 0.9741734996786207, 'lag_3': 0.19805489235583248, 'lag_4': 0.2494080378772347, 'lag_5': 0.27548180300029584, 'lag_6': 0.0499755287406468, 'lag_7': 0.3665652056829958, 'lag_8': 0.5462032785976555, 'lag_9': 0.0233667970740932, 'lag_10': 0.0015014803271660992, 'lag_11': 0.9328032989355243, 'lag_12': 0.6885125036315254, 'lag_13': 0.22165059481042532, 'lag_14': 0.7312852815485081, 'lag_15': 0.3050637540423082, 'lag_16': 0.9976597423733718, 'lag_17': 0.3520939019251218, 'lag_18': 0.1130472546277353, 'lag_19': 0.8413703482469764, 'lag_20': 0.7819173607971018, 'lag_21': 0.5754429088459565, 'lag_22': 0.5952288781067927, 'lag_23': 0.9484197110821722, 'lag_24': 0.946411360466898, 'lag_25': 0.44709932087295823, 'lag_26': 0.0576358055807876, 'lag_27': 0.47192126498334536, 'lag_28': 0.7564643371445336}. Best is trial 34 with value: 0.008282047607266668.
[I 2025-09-29 11:57:17,619] Trial 36 finished with value: 0.008691765755759605 and parameters: {'lag_0': 0.17849295574312407, 'lag_1': 0.6031080946059707, 'lag_2': 0.7176274993968986, 'lag_3': 0.17997425573225864, 'lag_4': 0.4106456262797731, 'lag_5': 0.3516744252049354, 'lag_6': 0.00393959007462313, 'lag_7': 0.5746216612116399, 'lag_8': 0.4133825366897246, 'lag_9': 0.004703107963278235, 'lag_10': 0.08078193403925549, 'lag_11': 0.794097988940959, 'lag_12': 0.8417229120717167, 'lag_13': 0.14378339295078524, 'lag_14': 0.6362049223220286, 'lag_15': 0.26085570909946365, 'lag_16': 0.7896012628337317, 'lag_17': 0.28003248910887646, 'lag_18': 0.2593603740751308, 'lag_19': 0.7083663150536393, 'lag_20': 0.6303363444132938, 'lag_21': 0.9058099571540482, 'lag_22': 0.5831697648067624, 'lag_23': 0.836099892736578, 'lag_24': 0.98828389216396, 'lag_25': 0.7886009913026454, 'lag_26': 0.06802059889815715, 'lag_27': 0.6263620440486707, 'lag_28': 0.9442278281654054}. Best is trial 34 with value: 0.008282047607266668.
[I 2025-09-29 11:57:19,972] Trial 37 finished with value: 0.008261671593162358 and parameters: {'lag_0': 0.2639365931523063, 'lag_1': 0.5351991321279099, 'lag_2': 0.7977261201167384, 'lag_3': 0.2488858389015786, 'lag_4': 0.30324306716272886, 'lag_5': 0.07383651964868024, 'lag_6': 0.0788158415765497, 'lag_7': 0.5559207133049774, 'lag_8': 0.656629889944707, 'lag_9': 0.08164005337787739, 'lag_10': 0.19988563772451612, 'lag_11': 0.996720549680252, 'lag_12': 0.7582175167614853, 'lag_13': 0.8792941176512638, 'lag_14': 0.5506702029169214, 'lag_15': 0.20490564561861438, 'lag_16': 0.6098670377920321, 'lag_17': 0.4657082509603735, 'lag_18': 0.14280751259316507, 'lag_19': 0.6875750118192363, 'lag_20': 0.7480945967268422, 'lag_21': 0.704766761106066, 'lag_22': 0.3052795942127181, 'lag_23': 0.9316545621072503, 'lag_24': 0.7220478608671304, 'lag_25': 0.6847583805194036, 'lag_26': 0.009786796025615451, 'lag_27': 0.4390972282596315, 'lag_28': 0.8001867165858049}. Best is trial 37 with value: 0.008261671593162358.
[I 2025-09-29 11:57:22,326] Trial 38 finished with value: 0.00863538011811072 and parameters: {'lag_0': 0.2594188875461471, 'lag_1': 0.4063983093869869, 'lag_2': 0.810402248125221, 'lag_3': 0.1367207078389081, 'lag_4': 0.30302825635558994, 'lag_5': 0.08845723924365939, 'lag_6': 0.07955917313952199, 'lag_7': 0.5613543988784845, 'lag_8': 0.751223051482169, 'lag_9': 0.09799102124661392, 'lag_10': 0.08435011297221878, 'lag_11': 0.985486507095386, 'lag_12': 0.6434011465583098, 'lag_13': 0.9773419916611454, 'lag_14': 0.5866638285036478, 'lag_15': 0.37146346000998054, 'lag_16': 0.6304142356872054, 'lag_17': 0.49536375674133576, 'lag_18': 0.1379374618992885, 'lag_19': 0.9260413112032866, 'lag_20': 0.7313451978867938, 'lag_21': 0.7383137966917845, 'lag_22': 0.2831735978120038, 'lag_23': 0.9951072113472309, 'lag_24': 0.6123150150453008, 'lag_25': 0.6767266743843305, 'lag_26': 0.014441901657159376, 'lag_27': 0.406791479302151, 'lag_28': 0.8349111079730863}. Best is trial 37 with value: 0.008261671593162358.
[I 2025-09-29 11:57:24,679] Trial 39 finished with value: 0.008357791603880307 and parameters: {'lag_0': 0.0971036053962358, 'lag_1': 0.5206225632335525, 'lag_2': 0.9290188555184111, 'lag_3': 0.2631768632186535, 'lag_4': 0.36801843888647184, 'lag_5': 0.05288539142669907, 'lag_6': 0.6284710034447792, 'lag_7': 0.4955196593615957, 'lag_8': 0.6614220333692264, 'lag_9': 0.9991722540197444, 'lag_10': 0.36245223757368383, 'lag_11': 0.9226413121663104, 'lag_12': 0.7666753847526837, 'lag_13': 0.8199796482292322, 'lag_14': 0.5469353254554982, 'lag_15': 0.07710185590194069, 'lag_16': 0.7351526596831703, 'lag_17': 0.2015109788707854, 'lag_18': 0.05477258218293268, 'lag_19': 0.6985842169855244, 'lag_20': 0.9225879834115026, 'lag_21': 0.8560174144668138, 'lag_22': 0.06571445781130189, 'lag_23': 0.9053193468662052, 'lag_24': 0.6573859352894723, 'lag_25': 0.7634597101282559, 'lag_26': 0.16810554145768752, 'lag_27': 0.8367397621473769, 'lag_28': 0.8876494812840321}. Best is trial 37 with value: 0.008261671593162358.
[I 2025-09-29 11:57:27,031] Trial 40 finished with value: 0.008480847265996978 and parameters: {'lag_0': 0.08829035605705168, 'lag_1': 0.5312118262558145, 'lag_2': 0.91406303345029, 'lag_3': 0.2609787973972836, 'lag_4': 0.327991490463166, 'lag_5': 0.057040439488429684, 'lag_6': 0.7016224632773177, 'lag_7': 0.4934938702524234, 'lag_8': 0.6744984314317943, 'lag_9': 0.6189919858398263, 'lag_10': 0.23271039331299526, 'lag_11': 0.9179935893270876, 'lag_12': 0.940923034000982, 'lag_13': 0.7976899102096728, 'lag_14': 0.6853955752090651, 'lag_15': 0.0044626192856377644, 'lag_16': 0.7413407334769354, 'lag_17': 0.10032036513256642, 'lag_18': 0.16069143715076833, 'lag_19': 0.6831548412801549, 'lag_20': 0.9048222275091734, 'lag_21': 0.855450196539337, 'lag_22': 0.031791201408859986, 'lag_23': 0.9231833984355309, 'lag_24': 0.5109229204343322, 'lag_25': 0.7723343476917924, 'lag_26': 0.6068708947823428, 'lag_27': 0.9659479455373521, 'lag_28': 0.9867818862137453}. Best is trial 37 with value: 0.008261671593162358.
[I 2025-09-29 11:57:29,392] Trial 41 finished with value: 0.008614782920313873 and parameters: {'lag_0': 0.21835536125067032, 'lag_1': 0.5180311288009767, 'lag_2': 0.8937194958818943, 'lag_3': 0.03573776496986508, 'lag_4': 0.38255212336073047, 'lag_5': 0.13850858314520936, 'lag_6': 0.5349033163094463, 'lag_7': 0.7053003199733044, 'lag_8': 0.8209594090972907, 'lag_9': 0.1864967713182564, 'lag_10': 0.3539629460635878, 'lag_11': 0.8528792952162176, 'lag_12': 0.5833543157489032, 'lag_13': 0.8258409113306951, 'lag_14': 0.5361671774944511, 'lag_15': 0.2826353654132914, 'lag_16': 0.8641249325031987, 'lag_17': 0.24022600117561174, 'lag_18': 0.057972039933140776, 'lag_19': 0.8206494383798524, 'lag_20': 0.9404891100240834, 'lag_21': 0.7059903375552871, 'lag_22': 0.20683262308537026, 'lag_23': 0.9001863407049351, 'lag_24': 0.6594846836300539, 'lag_25': 0.8584931165129157, 'lag_26': 0.15979133293376244, 'lag_27': 0.8122333394930114, 'lag_28': 0.8891695402233709}. Best is trial 37 with value: 0.008261671593162358.
[I 2025-09-29 11:57:31,902] Trial 42 finished with value: 0.008532859845736188 and parameters: {'lag_0': 0.17831764477208578, 'lag_1': 0.7125003962049328, 'lag_2': 0.7992410610865641, 'lag_3': 0.23866554727522407, 'lag_4': 0.28246690427434057, 'lag_5': 0.04452901140301027, 'lag_6': 0.6240124342452973, 'lag_7': 0.5769501573203188, 'lag_8': 0.6032791675085521, 'lag_9': 0.0862325506615139, 'lag_10': 0.11163509161010779, 'lag_11': 0.9444700603492554, 'lag_12': 0.7493160927129133, 'lag_13': 0.7471295359857708, 'lag_14': 0.48224341549990446, 'lag_15': 0.0810037790779935, 'lag_16': 0.6492719214865489, 'lag_17': 0.20976223832099633, 'lag_18': 0.045138686563929775, 'lag_19': 0.7074010755454884, 'lag_20': 0.8382333268718641, 'lag_21': 0.8292583916718893, 'lag_22': 0.07917879601890154, 'lag_23': 0.7408386261556277, 'lag_24': 0.7213064111067355, 'lag_25': 0.7266316754335505, 'lag_26': 0.058229047134697495, 'lag_27': 0.5433266488393094, 'lag_28': 0.7820350295935322}. Best is trial 37 with value: 0.008261671593162358.
[I 2025-09-29 11:57:34,265] Trial 43 finished with value: 0.008529602114587736 and parameters: {'lag_0': 0.0012169414956153535, 'lag_1': 0.2605012373589148, 'lag_2': 0.9294167206441367, 'lag_3': 0.0834332528691959, 'lag_4': 0.543545131205426, 'lag_5': 0.42825460266849297, 'lag_6': 0.549763831577174, 'lag_7': 0.5109247564033707, 'lag_8': 0.6848533437862314, 'lag_9': 0.9795550583552481, 'lag_10': 0.36129902369427613, 'lag_11': 0.8732771476717346, 'lag_12': 0.873660135570252, 'lag_13': 0.8888791281790097, 'lag_14': 0.6048941546152006, 'lag_15': 0.09512396171115294, 'lag_16': 0.45830185461429984, 'lag_17': 0.36877903553213187, 'lag_18': 0.22429397182903438, 'lag_19': 0.5731039096387445, 'lag_20': 0.7456169588184957, 'lag_21': 0.6930755430043793, 'lag_22': 0.3116543474897379, 'lag_23': 0.9658120836682264, 'lag_24': 0.9173533928142893, 'lag_25': 0.5014107316367407, 'lag_26': 0.2143251802721489, 'lag_27': 0.59865504765861, 'lag_28': 0.8933635930983421}. Best is trial 37 with value: 0.008261671593162358.
[I 2025-09-29 11:57:36,621] Trial 44 finished with value: 0.008403656765574337 and parameters: {'lag_0': 0.07980866599784162, 'lag_1': 0.6460323952913317, 'lag_2': 0.8522227166863934, 'lag_3': 0.39693613198995914, 'lag_4': 0.24146304519856962, 'lag_5': 0.26843718801168165, 'lag_6': 0.7254030696625641, 'lag_7': 0.1337835376876334, 'lag_8': 0.8027842154461297, 'lag_9': 0.8269501167384667, 'lag_10': 0.14487322794624302, 'lag_11': 0.8213590615331818, 'lag_12': 0.7708484727683295, 'lag_13': 0.9150439608254063, 'lag_14': 0.6508375267795646, 'lag_15': 0.19240674624566523, 'lag_16': 0.7244627513937208, 'lag_17': 0.4972294132023607, 'lag_18': 0.15423625373334346, 'lag_19': 0.7675520591136914, 'lag_20': 0.691793482966397, 'lag_21': 0.5793728312847539, 'lag_22': 0.14841602087640204, 'lag_23': 0.8522559066601246, 'lag_24': 0.6885203693125335, 'lag_25': 0.6595075008566195, 'lag_26': 0.1388741443514489, 'lag_27': 0.4325681022917095, 'lag_28': 0.8018768755517856}. Best is trial 37 with value: 0.008261671593162358.
