[I 2025-09-29 13:19:50,582] Trial 41 finished with value: 0.01246235432347204 and parameters: {'lag_0': 0.7113423565281612, 'lag_1': 0.06258851235810385, 'lag_2': 0.951671818403662, 'lag_3': 0.6884689063457244, 'lag_4': 0.8620143389147823, 'lag_5': 0.08295875417030696, 'lag_6': 0.5948006542412878, 'lag_7': 0.09014470483520085, 'lag_8': 0.19289564246933183, 'lag_9': 0.5480548714525479, 'lag_10': 0.4233902932989567, 'lag_11': 0.4583400690968573, 'lag_12': 0.49295631655508104, 'lag_13': 0.2575019323483069, 'lag_14': 0.8584791767772093, 'lag_15': 0.1923519551403835, 'lag_16': 0.3769386026230848, 'lag_17': 0.8692697429591638, 'lag_18': 0.9674009924176944, 'lag_19': 0.5138503420085396, 'lag_20': 0.6727360914640083, 'lag_21': 0.5259672872241276, 'lag_22': 0.7772760313332249, 'lag_23': 0.6881546198219466, 'lag_24': 0.2436254012582398, 'lag_25': 0.8995791870093143, 'lag_26': 0.339231835734437, 'lag_27': 0.0840198524520279, 'lag_28': 0.5366636215202496}. Best is trial 14 with value: 0.009988389636909881.
[I 2025-09-29 13:19:53,047] Trial 42 finished with value: 0.012177550511416717 and parameters: {'lag_0': 0.7491579625156174, 'lag_1': 0.23064450666972974, 'lag_2': 0.8795326808984854, 'lag_3': 0.9301830123012651, 'lag_4': 0.9826543685563527, 'lag_5': 0.19268745289317488, 'lag_6': 0.7446962489913731, 'lag_7': 0.2194674639269485, 'lag_8': 0.1606854575177994, 'lag_9': 0.49033502704038745, 'lag_10': 0.44682106129337695, 'lag_11': 0.39274472737298005, 'lag_12': 0.5514810200177851, 'lag_13': 0.14695101784085995, 'lag_14': 0.7423106210229062, 'lag_15': 0.15801625591320043, 'lag_16': 0.5167098758479337, 'lag_17': 0.990433199117495, 'lag_18': 0.9106768106949937, 'lag_19': 0.6656850525250909, 'lag_20': 0.6025047863573775, 'lag_21': 0.61810481004257, 'lag_22': 0.8047143446716087, 'lag_23': 0.5570970399159615, 'lag_24': 0.30163164801351927, 'lag_25': 0.7124646036107303, 'lag_26': 0.44771847878063, 'lag_27': 0.238515763417399, 'lag_28': 0.43428927477785145}. Best is trial 14 with value: 0.009988389636909881.
[I 2025-09-29 13:19:55,511] Trial 43 finished with value: 0.010042873123941573 and parameters: {'lag_0': 0.6130483795559706, 'lag_1': 0.14296121022713637, 'lag_2': 0.9992190436913502, 'lag_3': 0.5787627663865443, 'lag_4': 0.7310807992901207, 'lag_5': 0.0034818168409801453, 'lag_6': 0.796717414421355, 'lag_7': 0.12327046570346625, 'lag_8': 0.09769061908340809, 'lag_9': 0.40049945673013426, 'lag_10': 0.3807839049953374, 'lag_11': 0.700319246784479, 'lag_12': 0.36183192644537243, 'lag_13': 0.5337097595039881, 'lag_14': 0.9026795011331848, 'lag_15': 0.30164308954022356, 'lag_16': 0.14303042377637237, 'lag_17': 0.9085502791461822, 'lag_18': 0.997887589851996, 'lag_19': 0.46435832587218906, 'lag_20': 0.547034671979096, 'lag_21': 0.3943444288162348, 'lag_22': 0.927957690296732, 'lag_23': 0.9416627364490425, 'lag_24': 0.38252579021847777, 'lag_25': 0.8862676458004775, 'lag_26': 0.23198318374128002, 'lag_27': 0.12597401849813733, 'lag_28': 0.17868921536043209}. Best is trial 14 with value: 0.009988389636909881.
[I 2025-09-29 13:19:57,978] Trial 44 finished with value: 0.012923787763948614 and parameters: {'lag_0': 0.6062255821842794, 'lag_1': 0.14119351235421423, 'lag_2': 0.9840157586415231, 'lag_3': 0.5780344236556904, 'lag_4': 0.7162722820808262, 'lag_5': 0.001381723132071212, 'lag_6': 0.8150067118824117, 'lag_7': 0.13864937240711078, 'lag_8': 0.0999012765291816, 'lag_9': 0.9822907557431234, 'lag_10': 0.3365003278425248, 'lag_11': 0.6027273391643113, 'lag_12': 0.3750274180596109, 'lag_13': 0.5022342527230588, 'lag_14': 0.9048071899778782, 'lag_15': 0.11841767241310935, 'lag_16': 0.12451211913747118, 'lag_17': 0.2618872510137121, 'lag_18': 0.9894973319917848, 'lag_19': 0.4531887462665116, 'lag_20': 0.5252036592545224, 'lag_21': 0.3049958522441695, 'lag_22': 0.8810993329712703, 'lag_23': 0.9539470345819199, 'lag_24': 0.3991625484720652, 'lag_25': 0.7887194237545896, 'lag_26': 0.19876233196558107, 'lag_27': 0.09133487841820552, 'lag_28': 0.2656021740717088}. Best is trial 14 with value: 0.009988389636909881.
[I 2025-09-29 13:20:00,443] Trial 45 finished with value: 0.010613156140690142 and parameters: {'lag_0': 0.4782232242829901, 'lag_1': 0.04183178085353198, 'lag_2': 0.9432089102242398, 'lag_3': 0.7006503608709373, 'lag_4': 0.8810758452192218, 'lag_5': 0.06308728431498867, 'lag_6': 0.8922845757278215, 'lag_7': 0.09091086272458626, 'lag_8': 0.00020010274846041926, 'lag_9': 0.3741336621821423, 'lag_10': 0.1730865133443745, 'lag_11': 0.6842956151816533, 'lag_12': 0.4701585589389536, 'lag_13': 0.3813749106159171, 'lag_14': 0.9821499886142315, 'lag_15': 0.25245113807376074, 'lag_16': 0.05071238238697842, 'lag_17': 0.8995174104253763, 'lag_18': 0.9355193944512681, 'lag_19': 0.5468419014261182, 'lag_20': 0.4379197100974308, 'lag_21': 0.41305743038051146, 'lag_22': 0.9295481328091545, 'lag_23': 0.9004741921989176, 'lag_24': 0.16834954204214214, 'lag_25': 0.8737977690525821, 'lag_26': 0.060918251393655254, 'lag_27': 0.15812950301020534, 'lag_28': 0.7123091508041872}. Best is trial 14 with value: 0.009988389636909881.
[I 2025-09-29 13:20:02,907] Trial 46 finished with value: 0.013157835348765894 and parameters: {'lag_0': 0.4491190744161063, 'lag_1': 0.7723580011246655, 'lag_2': 0.9295587990111374, 'lag_3': 0.8073489892629375, 'lag_4': 0.8104298693083742, 'lag_5': 0.07268860757486863, 'lag_6': 0.9277145429169328, 'lag_7': 0.050113888867678695, 'lag_8': 0.012912483749040568, 'lag_9': 0.2623066643734894, 'lag_10': 0.15812384041441624, 'lag_11': 0.7006519311021591, 'lag_12': 0.2825845095046717, 'lag_13': 0.3786663088612061, 'lag_14': 0.9979573086762974, 'lag_15': 0.2749924259107279, 'lag_16': 0.05483359040989966, 'lag_17': 0.7717847469022592, 'lag_18': 0.9156589529688811, 'lag_19': 0.5982088227685234, 'lag_20': 0.4370432482082095, 'lag_21': 0.3804829973378415, 'lag_22': 0.9380679946753376, 'lag_23': 0.9406438702998744, 'lag_24': 0.8550659724181149, 'lag_25': 0.8775389390675561, 'lag_26': 0.04271226174092341, 'lag_27': 0.3351725132776199, 'lag_28': 0.721248973937831}. Best is trial 14 with value: 0.009988389636909881.
[I 2025-09-29 13:20:05,378] Trial 47 finished with value: 0.01255786288955867 and parameters: {'lag_0': 0.4780552646277598, 'lag_1': 0.3161039034294742, 'lag_2': 0.9361997144500368, 'lag_3': 0.7233184936878045, 'lag_4': 0.9000616408297611, 'lag_5': 0.03387710122961137, 'lag_6': 0.8898859348908668, 'lag_7': 0.07389975184009434, 'lag_8': 0.0448546976215215, 'lag_9': 0.3869131320568993, 'lag_10': 0.1575005790993988, 'lag_11': 0.6757887679137106, 'lag_12': 0.3651307681273417, 'lag_13': 0.545358443863238, 'lag_14': 0.9321102833860455, 'lag_15': 0.4481859150122165, 'lag_16': 0.008412519547869257, 'lag_17': 0.9209587809684165, 'lag_18': 0.8388199420003951, 'lag_19': 0.547133040532657, 'lag_20': 0.421447883421284, 'lag_21': 0.2553638307044902, 'lag_22': 0.9304539618342884, 'lag_23': 0.8974323253416849, 'lag_24': 0.15521767277690307, 'lag_25': 0.6541723105786035, 'lag_26': 0.08426944033353866, 'lag_27': 0.1515224406315991, 'lag_28': 0.8654861018175946}. Best is trial 14 with value: 0.009988389636909881.
[I 2025-09-29 13:20:07,856] Trial 48 finished with value: 0.012046586990916087 and parameters: {'lag_0': 0.38351735367859874, 'lag_1': 0.022052920191893678, 'lag_2': 0.7830171671754776, 'lag_3': 0.5985582701189918, 'lag_4': 0.7943252898708313, 'lag_5': 0.6440329498980353, 'lag_6': 0.9641139844703474, 'lag_7': 0.029304995694460476, 'lag_8': 0.8579336380898117, 'lag_9': 0.910812278516989, 'lag_10': 0.20956141164000663, 'lag_11': 0.8365395310840165, 'lag_12': 0.24584496459450772, 'lag_13': 0.43753745894047796, 'lag_14': 0.9561646759098317, 'lag_15': 0.5628676583775482, 'lag_16': 0.11475263574353402, 'lag_17': 0.6768943783143553, 'lag_18': 0.7490375465951118, 'lag_19': 0.8112945712451755, 'lag_20': 0.4641202840416069, 'lag_21': 0.4398967434381502, 'lag_22': 0.9779703973312065, 'lag_23': 0.7923749677089903, 'lag_24': 0.04615935448859665, 'lag_25': 0.9278500007547092, 'lag_26': 0.15838968408911802, 'lag_27': 0.46900770213735055, 'lag_28': 0.6030328737462542}. Best is trial 14 with value: 0.009988389636909881.
[I 2025-09-29 13:20:10,333] Trial 49 finished with value: 0.013823948884750317 and parameters: {'lag_0': 0.2807918384960344, 'lag_1': 0.08219954822255415, 'lag_2': 0.8445872238242128, 'lag_3': 0.5153850250261443, 'lag_4': 0.6415842947719892, 'lag_5': 0.10624083439565021, 'lag_6': 0.7786856583570783, 'lag_7': 0.234884461469667, 'lag_8': 0.00716568261023034, 'lag_9': 0.17936715491018174, 'lag_10': 0.030630616338967687, 'lag_11': 0.8819670077741768, 'lag_12': 0.46436571433905816, 'lag_13': 0.30275251891995913, 'lag_14': 0.8795128539003418, 'lag_15': 0.2975036554179164, 'lag_16': 0.23262682764370907, 'lag_17': 0.19362876747499902, 'lag_18': 0.858077829534185, 'lag_19': 0.6437164057906111, 'lag_20': 0.5263898100178502, 'lag_21': 0.227504282986763, 'lag_22': 0.9136150123150991, 'lag_23': 0.18436541229118697, 'lag_24': 0.21582067465214583, 'lag_25': 0.8409491472862688, 'lag_26': 0.0014798666585631448, 'lag_27': 0.28045176053821125, 'lag_28': 0.997485378307543}. Best is trial 14 with value: 0.009988389636909881.
[I 2025-09-29 13:20:12,915] Trial 50 finished with value: 0.013215677797600203 and parameters: {'lag_0': 0.3822835435469742, 'lag_1': 0.16199876413309638, 'lag_2': 0.8790711991203038, 'lag_3': 0.8859337915452487, 'lag_4': 0.7567523649138603, 'lag_5': 0.5585342741125906, 'lag_6': 0.8982530059968028, 'lag_7': 0.18735039359742978, 'lag_8': 0.08454930516506759, 'lag_9': 0.275176465193894, 'lag_10': 0.8281230115047755, 'lag_11': 0.6170250280855174, 'lag_12': 0.4060200818496169, 'lag_13': 0.7094067768108966, 'lag_14': 0.6435302291915729, 'lag_15': 0.22802247305619552, 'lag_16': 0.1537863273405473, 'lag_17': 0.3629535010409938, 'lag_18': 0.9338914772841129, 'lag_19': 0.4210997045970415, 'lag_20': 0.3483706909864165, 'lag_21': 0.3538307068491187, 'lag_22': 0.7277822756415752, 'lag_23': 0.8624675587016046, 'lag_24': 0.6015626261917677, 'lag_25': 0.9454911676209234, 'lag_26': 0.0958692726221456, 'lag_27': 0.1658892160312614, 'lag_28': 0.6729464558055002}. Best is trial 14 with value: 0.009988389636909881.
[I 2025-09-29 13:20:15,403] Trial 51 finished with value: 0.014413797944813598 and parameters: {'lag_0': 0.5447812886872179, 'lag_1': 0.09500036246416887, 'lag_2': 0.988845405143163, 'lag_3': 0.6842834743964661, 'lag_4': 0.9945606432551951, 'lag_5': 0.21978245990393033, 'lag_6': 0.6946086187468254, 'lag_7': 0.1234486612310815, 'lag_8': 0.14179790586687707, 'lag_9': 0.5245749603619078, 'lag_10': 0.315892326407658, 'lag_11': 0.5179039952009791, 'lag_12': 0.47838431981559126, 'lag_13': 0.1683385434407604, 'lag_14': 0.8561745781023253, 'lag_15': 0.3272935603877002, 'lag_16': 0.3322467540805596, 'lag_17': 0.8915509959452255, 'lag_18': 0.9678994591389911, 'lag_19': 0.5203104712648062, 'lag_20': 0.7496592655555221, 'lag_21': 0.5216989155638463, 'lag_22': 0.6757826782166941, 'lag_23': 0.9934621873209348, 'lag_24': 0.38572914747949205, 'lag_25': 0.8169011082982639, 'lag_26': 0.2601664533071182, 'lag_27': 0.16899953989296462, 'lag_28': 0.022953202629095296}. Best is trial 14 with value: 0.009988389636909881.
[I 2025-09-29 13:20:17,885] Trial 52 finished with value: 0.013639007040099734 and parameters: {'lag_0': 0.5858443784944296, 'lag_1': 0.04268961337374849, 'lag_2': 0.9587442651328065, 'lag_3': 0.7255753314343546, 'lag_4': 0.9293633438051907, 'lag_5': 0.019224407447435976, 'lag_6': 0.02968238160361175, 'lag_7': 0.008515428742124395, 'lag_8': 0.25025228412263967, 'lag_9': 0.3460592065460787, 'lag_10': 0.3926352489588257, 'lag_11': 0.7412752128806466, 'lag_12': 0.4409260994429105, 'lag_13': 0.20807951372160255, 'lag_14': 0.8160425974519817, 'lag_15': 0.14361666310053756, 'lag_16': 0.2114691298947752, 'lag_17': 0.8383621234199599, 'lag_18': 0.8659946543815765, 'lag_19': 0.4771015254394423, 'lag_20': 0.6766675455018887, 'lag_21': 0.4857452695715825, 'lag_22': 0.8119380395074625, 'lag_23': 0.7513359128105381, 'lag_24': 0.1112359262918794, 'lag_25': 0.9937757955705989, 'lag_26': 0.3754920355063214, 'lag_27': 0.052027352352614145, 'lag_28': 0.13267352532047572}. Best is trial 14 with value: 0.009988389636909881.
[I 2025-09-29 13:20:20,358] Trial 53 finished with value: 0.011878744018498536 and parameters: {'lag_0': 0.6580365578619681, 'lag_1': 0.008341726911341552, 'lag_2': 0.9090739459369932, 'lag_3': 0.6338656711160413, 'lag_4': 0.8868114153120344, 'lag_5': 0.08279929106762371, 'lag_6': 0.7977493978450764, 'lag_7': 0.0912328808671324, 'lag_8': 0.044439982115886845, 'lag_9': 0.40281484671603784, 'lag_10': 0.76867743046214, 'lag_11': 0.37430361804531526, 'lag_12': 0.32412527310500716, 'lag_13': 0.08215662839700913, 'lag_14': 0.7069673986914592, 'lag_15': 0.060954317713608236, 'lag_16': 0.2555174231958114, 'lag_17': 0.9272107361222505, 'lag_18': 0.9995701773604608, 'lag_19': 0.7305538203890343, 'lag_20': 0.15793853981163297, 'lag_21': 0.4297308141740599, 'lag_22': 0.9960899878505539, 'lag_23': 0.8454525752637303, 'lag_24': 0.17508698078536472, 'lag_25': 0.7563835253672786, 'lag_26': 0.052075873410949616, 'lag_27': 0.11191016278222599, 'lag_28': 0.7374200691721547}. Best is trial 14 with value: 0.009988389636909881.
[I 2025-09-29 13:20:22,829] Trial 54 finished with value: 0.012771312832106984 and parameters: {'lag_0': 0.5153144644156566, 'lag_1': 0.205183541354327, 'lag_2': 0.7971329877712642, 'lag_3': 0.7761059272708697, 'lag_4': 0.9531934351554586, 'lag_5': 0.44943702144937464, 'lag_6': 0.7241639601138407, 'lag_7': 0.1457416423041205, 'lag_8': 0.2854682900021549, 'lag_9': 0.646659795753848, 'lag_10': 0.5305311864670357, 'lag_11': 0.30259916786357066, 'lag_12': 0.1970133813126252, 'lag_13': 0.38153188272084904, 'lag_14': 0.9572305281679501, 'lag_15': 0.23718538828531133, 'lag_16': 0.17295627238965441, 'lag_17': 0.8764034558331841, 'lag_18': 0.9437145579922949, 'lag_19': 0.42671894449404973, 'lag_20': 0.5537598822012184, 'lag_21': 0.5238007127234701, 'lag_22': 0.761832387462898, 'lag_23': 0.9345643336084498, 'lag_24': 0.2816309416114833, 'lag_25': 0.885847534163243, 'lag_26': 0.2161367877097807, 'lag_27': 0.00813579177219198, 'lag_28': 0.8479628297986005}. Best is trial 14 with value: 0.009988389636909881.
[I 2025-09-29 13:20:25,309] Trial 55 finished with value: 0.011542304150805347 and parameters: {'lag_0': 0.6344575760870591, 'lag_1': 0.11487029896526478, 'lag_2': 0.996027629837775, 'lag_3': 0.6693755296595739, 'lag_4': 0.8464179712095155, 'lag_5': 0.17412108358321063, 'lag_6': 0.8513766229610019, 'lag_7': 0.816539235190104, 'lag_8': 0.10408440463826582, 'lag_9': 0.3001364620144611, 'lag_10': 0.35490350424879435, 'lag_11': 0.4281304464600306, 'lag_12': 0.5620914858304746, 'lag_13': 0.32627119397328336, 'lag_14': 0.9020575252432976, 'lag_15': 0.38440399656160307, 'lag_16': 0.05907826632721204, 'lag_17': 0.7711614804843353, 'lag_18': 0.7781783640624624, 'lag_19': 0.555370645180713, 'lag_20': 0.6951335527309066, 'lag_21': 0.32986894014007384, 'lag_22': 0.8578316841793151, 'lag_23': 0.8866717135497355, 'lag_24': 0.4904980985420753, 'lag_25': 0.839429567225919, 'lag_26': 0.15323643016685773, 'lag_27': 0.9957737948382395, 'lag_28': 0.2150945033767669}. Best is trial 14 with value: 0.009988389636909881.
[I 2025-09-29 13:20:27,787] Trial 56 finished with value: 0.014147190733026286 and parameters: {'lag_0': 0.47355484448318574, 'lag_1': 0.11207632528497241, 'lag_2': 0.9493888479015744, 'lag_3': 0.8309293942229983, 'lag_4': 0.8477319646954772, 'lag_5': 0.17341434382720142, 'lag_6': 0.8553101781537058, 'lag_7': 0.9058522820144891, 'lag_8': 0.09931624559342733, 'lag_9': 0.2990826780914829, 'lag_10': 0.21190356518884684, 'lag_11': 0.5669025643988276, 'lag_12': 0.9615630269422772, 'lag_13': 0.4626975927294429, 'lag_14': 0.9060368236186787, 'lag_15': 0.38774245766669985, 'lag_16': 0.08036135515301344, 'lag_17': 0.7855434084453478, 'lag_18': 0.7949086758278479, 'lag_19': 0.3804376536169476, 'lag_20': 0.39277397889687204, 'lag_21': 0.34649169820614634, 'lag_22': 0.8991588424285774, 'lag_23': 0.9653244581111995, 'lag_24': 0.5057870182313792, 'lag_25': 0.8462698233846266, 'lag_26': 0.15103947096417636, 'lag_27': 0.9392670595298449, 'lag_28': 0.21183164759324535}. Best is trial 14 with value: 0.009988389636909881.
[I 2025-09-29 13:20:30,269] Trial 57 finished with value: 0.01316531995382796 and parameters: {'lag_0': 0.38856627486387796, 'lag_1': 0.6008759606297114, 'lag_2': 0.895050769678442, 'lag_3': 0.544423831683206, 'lag_4': 0.6793745998698915, 'lag_5': 0.6983410741400473, 'lag_6': 0.9572867860032185, 'lag_7': 0.9882236448776751, 'lag_8': 0.3420513320704841, 'lag_9': 0.351339463970784, 'lag_10': 0.3421323084174269, 'lag_11': 0.6933384221166924, 'lag_12': 0.5629619411163577, 'lag_13': 0.2944898331661292, 'lag_14': 0.7879136996344873, 'lag_15': 0.4677523230162941, 'lag_16': 0.003534806954848098, 'lag_17': 0.7278987119348179, 'lag_18': 0.7374738081153459, 'lag_19': 0.5610079857975193, 'lag_20': 0.5104730018045605, 'lag_21': 0.12059477254640932, 'lag_22': 0.8387727586859328, 'lag_23': 0.8830936712894009, 'lag_24': 0.42478169788912623, 'lag_25': 0.6526655582987486, 'lag_26': 0.10147239218973594, 'lag_27': 0.9930785577747808, 'lag_28': 0.10533517671131558}. Best is trial 14 with value: 0.009988389636909881.
[I 2025-09-29 13:20:32,746] Trial 58 finished with value: 0.01223617044808321 and parameters: {'lag_0': 0.6230729316013703, 'lag_1': 0.13543528311240943, 'lag_2': 0.85578047115452, 'lag_3': 0.7403056914696646, 'lag_4': 0.486171720818227, 'lag_5': 0.6215582772334137, 'lag_6': 0.9997212955873263, 'lag_7': 0.8099438638118238, 'lag_8': 0.14791229085281477, 'lag_9': 0.230865426019219, 'lag_10': 0.13403650805892944, 'lag_11': 0.830702777707579, 'lag_12': 0.626692663354357, 'lag_13': 0.3393328722200553, 'lag_14': 0.46683081280959593, 'lag_15': 0.35312863350257695, 'lag_16': 0.09141288624183114, 'lag_17': 0.6200227852076807, 'lag_18': 0.8106659076451944, 'lag_19': 0.630163244439818, 'lag_20': 0.07770866110028102, 'lag_21': 0.23960700463889523, 'lag_22': 0.8687617953041826, 'lag_23': 0.8264942251400148, 'lag_24': 0.5801251630582734, 'lag_25': 0.732804934862703, 'lag_26': 0.05983550041708609, 'lag_27': 0.9591020842750003, 'lag_28': 0.20728160170622104}. Best is trial 14 with value: 0.009988389636909881.
[I 2025-09-29 13:20:35,229] Trial 59 finished with value: 0.010560209681149443 and parameters: {'lag_0': 0.5733715701045359, 'lag_1': 0.08261653765472005, 'lag_2': 0.18484913226680955, 'lag_3': 0.6082062881833774, 'lag_4': 0.7756213091400748, 'lag_5': 0.04864779205762005, 'lag_6': 0.9233167229574758, 'lag_7': 0.7473226798847257, 'lag_8': 0.002430244455540076, 'lag_9': 0.10993266510061012, 'lag_10': 0.2527411307075738, 'lag_11': 0.7679475734212818, 'lag_12': 0.5232860277685414, 'lag_13': 0.40465508081755597, 'lag_14': 0.9673808447609104, 'lag_15': 0.8528876185904888, 'lag_16': 0.17163724645731465, 'lag_17': 0.4981005821298693, 'lag_18': 0.8808691773507343, 'lag_19': 0.9049002092793517, 'lag_20': 0.7996139973252396, 'lag_21': 0.32614081807441037, 'lag_22': 0.6111947242112612, 'lag_23': 0.9507475157242358, 'lag_24': 0.654322802461916, 'lag_25': 0.9443904287116189, 'lag_26': 0.17720135151642585, 'lag_27': 0.21741710005591486, 'lag_28': 0.9368378644378169}. Best is trial 14 with value: 0.009988389636909881.
[I 2025-09-29 13:20:37,710] Trial 60 finished with value: 0.009151790288209316 and parameters: {'lag_0': 0.5525622093671962, 'lag_1': 0.36259153432460217, 'lag_2': 0.07373947654684472, 'lag_3': 0.6098749421259357, 'lag_4': 0.7706821250037267, 'lag_5': 0.033764315071482726, 'lag_6': 0.9162835221607392, 'lag_7': 0.7287576718137104, 'lag_8': 0.004670659012594467, 'lag_9': 0.002533544563651069, 'lag_10': 0.2689368626001106, 'lag_11': 0.7712008054028958, 'lag_12': 0.8127955057000634, 'lag_13': 0.5465650222584663, 'lag_14': 0.9418464040624209, 'lag_15': 0.8104908144102808, 'lag_16': 0.16640069310685757, 'lag_17': 0.4193570362370863, 'lag_18': 0.8825530969362205, 'lag_19': 0.975356123818434, 'lag_20': 0.8791674065463306, 'lag_21': 0.2671667405779139, 'lag_22': 0.5949217836395503, 'lag_23': 0.9301866312874777, 'lag_24': 0.6725044507194116, 'lag_25': 0.9911720239037841, 'lag_26': 2.9899596777682724e-05, 'lag_27': 0.21181011051308318, 'lag_28': 0.935845452150752}. Best is trial 60 with value: 0.009151790288209316.
[I 2025-09-29 13:20:40,196] Trial 61 finished with value: 0.010957788119469533 and parameters: {'lag_0': 0.5700994785248836, 'lag_1': 0.4744537938957239, 'lag_2': 0.07277401291986692, 'lag_3': 0.6063344188914584, 'lag_4': 0.7682474194987643, 'lag_5': 0.04484250210923807, 'lag_6': 0.9348698825166212, 'lag_7': 0.7492067600611021, 'lag_8': 0.03792525611757436, 'lag_9': 0.007302090560345161, 'lag_10': 0.25465827071853897, 'lag_11': 0.9508559418507301, 'lag_12': 0.800351354778869, 'lag_13': 0.5354934504145191, 'lag_14': 0.9674823750578374, 'lag_15': 0.8573011863367251, 'lag_16': 0.16962798285320724, 'lag_17': 0.44801623426094683, 'lag_18': 0.9493103746790754, 'lag_19': 0.8935601285951829, 'lag_20': 0.9006767694257757, 'lag_21': 0.3734828284692076, 'lag_22': 0.5952570862059499, 'lag_23': 0.9993312053288099, 'lag_24': 0.7366155063304942, 'lag_25': 0.9854212353492187, 'lag_26': 0.020322119435006832, 'lag_27': 0.22919850670605874, 'lag_28': 0.9172303133406121}. Best is trial 60 with value: 0.009151790288209316.
