[I 2025-09-29 13:23:09,351] Trial 24 finished with value: 0.0030952312288437586 and parameters: {'lag_0': 0.999091332877843, 'lag_1': 0.32570821286181023, 'lag_2': 0.8515467868110466, 'lag_3': 0.870795282807707, 'lag_4': 0.8648961525087999, 'lag_5': 0.2419330849974241, 'lag_6': 0.4030234020151672, 'lag_7': 0.7350198335838849, 'lag_8': 0.4603181933150128, 'lag_9': 0.38822249195604924, 'lag_10': 0.11509995421568453, 'lag_11': 0.7126235352270276, 'lag_12': 0.8168265565240105, 'lag_13': 0.13404281244263716, 'lag_14': 0.24278077179470764, 'lag_15': 0.7850820532246803, 'lag_16': 0.026570784788336743, 'lag_17': 0.8905648434248062, 'lag_18': 0.6707764359801097, 'lag_19': 0.9952856639776252, 'lag_20': 0.46786246421723227, 'lag_21': 0.3297608442960306, 'lag_22': 0.22457625897164502, 'lag_23': 0.2554251119035673, 'lag_24': 0.5481753048363592, 'lag_25': 0.8231752054585088, 'lag_26': 0.6235042711910861, 'lag_27': 0.4130449831313389, 'lag_28': 0.08962759114244467}. Best is trial 20 with value: 0.0027215624740927423.
[I 2025-09-29 13:23:11,806] Trial 25 finished with value: 0.003094238722509864 and parameters: {'lag_0': 0.8738764511265431, 'lag_1': 0.1195418745791278, 'lag_2': 0.4647641650089619, 'lag_3': 0.7547112381594792, 'lag_4': 0.9683590452717588, 'lag_5': 0.06856200724803742, 'lag_6': 0.8811189816577149, 'lag_7': 0.62397655399909, 'lag_8': 0.29283107895071964, 'lag_9': 0.2117090139151913, 'lag_10': 0.22466143855156756, 'lag_11': 0.9313786363149418, 'lag_12': 0.49937672112467085, 'lag_13': 0.2863820078092916, 'lag_14': 0.08648032354893934, 'lag_15': 0.686498962510155, 'lag_16': 0.5674937660244219, 'lag_17': 0.6607645615902292, 'lag_18': 0.8812237878365341, 'lag_19': 0.8398187784367346, 'lag_20': 0.8682962241861141, 'lag_21': 0.18574206929442583, 'lag_22': 0.0006493957894985903, 'lag_23': 0.13484627680490918, 'lag_24': 0.8405655445505353, 'lag_25': 0.5609317357992644, 'lag_26': 0.7138931006357091, 'lag_27': 0.32970457652380264, 'lag_28': 0.4074972242690652}. Best is trial 20 with value: 0.0027215624740927423.
[I 2025-09-29 13:23:14,262] Trial 26 finished with value: 0.0032165319990517015 and parameters: {'lag_0': 0.710737655416668, 'lag_1': 0.4691745997336316, 'lag_2': 0.3305470101953333, 'lag_3': 0.8996033035791118, 'lag_4': 0.743739127169098, 'lag_5': 0.18941296126142082, 'lag_6': 0.5549558821622003, 'lag_7': 0.4031808843062926, 'lag_8': 0.7082413839105837, 'lag_9': 0.09505160616628583, 'lag_10': 0.35645130985040624, 'lag_11': 0.39543237318180546, 'lag_12': 0.3145665215024949, 'lag_13': 0.16449795133857045, 'lag_14': 0.3667127317916524, 'lag_15': 0.8788896121128107, 'lag_16': 0.45442838727718293, 'lag_17': 0.5388717302439212, 'lag_18': 0.3497795069116161, 'lag_19': 0.688117181118926, 'lag_20': 0.21392012213098072, 'lag_21': 0.5485425469919192, 'lag_22': 0.3736662134003459, 'lag_23': 0.014388255669978034, 'lag_24': 0.9821763110933878, 'lag_25': 0.7070551265845172, 'lag_26': 0.8453079802778241, 'lag_27': 0.9792803233842138, 'lag_28': 0.019743521554333204}. Best is trial 20 with value: 0.0027215624740927423.
[I 2025-09-29 13:23:16,717] Trial 27 finished with value: 0.0027822647114442386 and parameters: {'lag_0': 0.6501201131539232, 'lag_1': 0.2960738672895613, 'lag_2': 0.2411526470930685, 'lag_3': 0.7995159120059031, 'lag_4': 0.5116980958823094, 'lag_5': 0.31186211312051426, 'lag_6': 0.15204353956865035, 'lag_7': 0.5068027276051715, 'lag_8': 0.57532171573286, 'lag_9': 0.19808478810984692, 'lag_10': 0.7143421800171059, 'lag_11': 0.8116799507025048, 'lag_12': 0.5722666741226762, 'lag_13': 0.06783255899816899, 'lag_14': 0.5208531218409025, 'lag_15': 0.9144172153946154, 'lag_16': 0.3135167131323584, 'lag_17': 0.7329278650350421, 'lag_18': 0.23770283536005155, 'lag_19': 0.9921220547243751, 'lag_20': 0.39353180614555117, 'lag_21': 0.6699313017404238, 'lag_22': 0.10005809586876868, 'lag_23': 0.5557249475822219, 'lag_24': 0.72582748515994, 'lag_25': 0.9444061982774283, 'lag_26': 0.44033785900030986, 'lag_27': 0.12301483293726989, 'lag_28': 0.15478854901338615}. Best is trial 20 with value: 0.0027215624740927423.
[I 2025-09-29 13:23:19,174] Trial 28 finished with value: 0.003113486755917295 and parameters: {'lag_0': 0.7654271633766899, 'lag_1': 0.2985115561842072, 'lag_2': 0.5546259942186474, 'lag_3': 0.6225196846086464, 'lag_4': 0.38991052592241765, 'lag_5': 0.33846819329970435, 'lag_6': 0.12358566743943088, 'lag_7': 0.25693217086128817, 'lag_8': 0.44929436204280304, 'lag_9': 0.3616117956022278, 'lag_10': 0.7450350705279294, 'lag_11': 0.7855329838422076, 'lag_12': 0.4814404915063112, 'lag_13': 0.5228424202118909, 'lag_14': 0.5229864730426652, 'lag_15': 0.8039364558736065, 'lag_16': 0.22216706646204246, 'lag_17': 0.4506040336408153, 'lag_18': 0.2022450561527281, 'lag_19': 0.9993590825111929, 'lag_20': 0.3845482150463817, 'lag_21': 0.6796663635101854, 'lag_22': 0.08583031488442891, 'lag_23': 0.5604669542391995, 'lag_24': 0.735326562404091, 'lag_25': 0.9126314100796441, 'lag_26': 0.3703047806343282, 'lag_27': 0.11342822147278947, 'lag_28': 0.15637663934442197}. Best is trial 20 with value: 0.0027215624740927423.
[I 2025-09-29 13:23:21,631] Trial 29 finished with value: 0.00293534384857181 and parameters: {'lag_0': 0.6711787703222788, 'lag_1': 0.12196208018074486, 'lag_2': 0.26293154792137124, 'lag_3': 0.4231079570545709, 'lag_4': 0.808149163420084, 'lag_5': 0.36090690838024464, 'lag_6': 0.27691633957282596, 'lag_7': 0.08434948201303827, 'lag_8': 0.5523351725565017, 'lag_9': 0.6057338657098411, 'lag_10': 0.6740159181633676, 'lag_11': 0.5878445964944521, 'lag_12': 0.7046159129947985, 'lag_13': 0.35745021074228556, 'lag_14': 0.2763999791766108, 'lag_15': 0.21609979504072718, 'lag_16': 0.32151140190060395, 'lag_17': 0.1899350702536149, 'lag_18': 0.0756363635462356, 'lag_19': 0.3793725874781486, 'lag_20': 0.5365086954021754, 'lag_21': 0.26249960754792845, 'lag_22': 0.33345471315373243, 'lag_23': 0.6199852096746058, 'lag_24': 0.12985157578011597, 'lag_25': 0.9471430054338724, 'lag_26': 0.45518032300630973, 'lag_27': 0.01934173077523721, 'lag_28': 0.4222454030411727}. Best is trial 20 with value: 0.0027215624740927423.
[I 2025-09-29 13:23:24,097] Trial 30 finished with value: 0.0032576079651298927 and parameters: {'lag_0': 0.8415760603136294, 'lag_1': 0.012822878041563346, 'lag_2': 0.7099602317513443, 'lag_3': 0.7891619674889403, 'lag_4': 0.5208372646666786, 'lag_5': 0.5445947153974059, 'lag_6': 0.10368836906054169, 'lag_7': 0.5079603584441453, 'lag_8': 0.19457406036810432, 'lag_9': 0.21907835570422243, 'lag_10': 0.506610879120257, 'lag_11': 0.6805371582774769, 'lag_12': 0.5858181126937047, 'lag_13': 0.054506416473561255, 'lag_14': 0.42879243112803067, 'lag_15': 0.5263634684816846, 'lag_16': 0.09815400088899368, 'lag_17': 0.5839851956344397, 'lag_18': 0.2669348167410891, 'lag_19': 0.22978547501802984, 'lag_20': 0.2609154421367995, 'lag_21': 0.3869952253903152, 'lag_22': 0.4732755774160942, 'lag_23': 0.4172857542108728, 'lag_24': 0.021971940217971164, 'lag_25': 0.008679763958298725, 'lag_26': 0.5934165061356969, 'lag_27': 0.10992687896974535, 'lag_28': 0.07408689689391515}. Best is trial 20 with value: 0.0027215624740927423.
[I 2025-09-29 13:23:26,561] Trial 31 finished with value: 0.00427703779230104 and parameters: {'lag_0': 0.585225543277393, 'lag_1': 0.3820858338257569, 'lag_2': 0.36692104927047353, 'lag_3': 0.9070367291402741, 'lag_4': 0.623428033392885, 'lag_5': 0.07042135401785903, 'lag_6': 0.8207819267261893, 'lag_7': 0.5693830006674397, 'lag_8': 0.6157692449289404, 'lag_9': 0.14470420332419864, 'lag_10': 0.8170808817562133, 'lag_11': 0.8470710708546749, 'lag_12': 0.6149494345436765, 'lag_13': 0.1940867243841679, 'lag_14': 0.14661250081872562, 'lag_15': 0.9386663090031985, 'lag_16': 0.4060766028442227, 'lag_17': 0.01854622645903753, 'lag_18': 0.14296213437067906, 'lag_19': 0.9064272319787241, 'lag_20': 0.1249239227409718, 'lag_21': 0.7770117160883765, 'lag_22': 0.19504648796229926, 'lag_23': 0.2860093600501703, 'lag_24': 0.8852548195758355, 'lag_25': 0.8352426897389309, 'lag_26': 0.4919157531204292, 'lag_27': 0.26837606560872873, 'lag_28': 0.20320472614402174}. Best is trial 20 with value: 0.0027215624740927423.
[I 2025-09-29 13:23:29,020] Trial 32 finished with value: 0.0036372720659534224 and parameters: {'lag_0': 0.5673887725183174, 'lag_1': 0.26962316371008055, 'lag_2': 0.18655646060745085, 'lag_3': 0.678217098007926, 'lag_4': 0.6905259497182128, 'lag_5': 0.057327328554800855, 'lag_6': 0.688981973428064, 'lag_7': 0.4576976777048044, 'lag_8': 0.5128363591325582, 'lag_9': 0.06632688150344668, 'lag_10': 0.9384285408599384, 'lag_11': 0.774286042466539, 'lag_12': 0.7444523978683665, 'lag_13': 0.09473987876235879, 'lag_14': 0.8507146352393736, 'lag_15': 0.9189793215380238, 'lag_16': 0.2768721978522299, 'lag_17': 0.7604055810445185, 'lag_18': 0.7352670862122289, 'lag_19': 0.8612405493551907, 'lag_20': 0.7646965870935418, 'lag_21': 0.9332575095626365, 'lag_22': 0.14181582605782542, 'lag_23': 0.5100977105626148, 'lag_24': 0.42557470145582277, 'lag_25': 0.8910058782425772, 'lag_26': 0.9312185677038206, 'lag_27': 0.1558710834357248, 'lag_28': 0.28514332663755254}. Best is trial 20 with value: 0.0027215624740927423.
[I 2025-09-29 13:23:31,478] Trial 33 finished with value: 0.0028378103372529695 and parameters: {'lag_0': 0.45084150880740786, 'lag_1': 0.5885198008016959, 'lag_2': 0.2419862615514513, 'lag_3': 0.8089755844136204, 'lag_4': 0.8002094608079802, 'lag_5': 0.27012596219237306, 'lag_6': 0.22595893428477776, 'lag_7': 0.3855740569369364, 'lag_8': 0.5927644522768883, 'lag_9': 0.2416530683003884, 'lag_10': 0.7664263906660022, 'lag_11': 0.940540866415281, 'lag_12': 0.7703600375146697, 'lag_13': 0.25525174229534137, 'lag_14': 0.6374906871564248, 'lag_15': 0.9989773382432368, 'lag_16': 0.49534344789633483, 'lag_17': 0.8688073556444331, 'lag_18': 0.41001233823120997, 'lag_19': 0.30410390365656803, 'lag_20': 0.6634162547303515, 'lag_21': 0.7762996774194458, 'lag_22': 0.06427063152020585, 'lag_23': 0.160826461663644, 'lag_24': 0.6892299885756803, 'lag_25': 0.982761158020207, 'lag_26': 0.5723867112464647, 'lag_27': 0.34537138415894575, 'lag_28': 0.16010144175713703}. Best is trial 20 with value: 0.0027215624740927423.
[I 2025-09-29 13:23:33,935] Trial 34 finished with value: 0.002971249645222698 and parameters: {'lag_0': 0.559023811420609, 'lag_1': 0.4861574125144646, 'lag_2': 0.11588469849560704, 'lag_3': 0.9913139086912623, 'lag_4': 0.4965292274285415, 'lag_5': 0.18982304005760706, 'lag_6': 0.40847378059911815, 'lag_7': 0.7557904772908138, 'lag_8': 0.8486990540958739, 'lag_9': 0.44330099463693745, 'lag_10': 0.6753037436653615, 'lag_11': 0.8530099765292022, 'lag_12': 0.5204414225226707, 'lag_13': 0.07605357336902596, 'lag_14': 0.5184006305669284, 'lag_15': 0.8286681460678738, 'lag_16': 0.6450949904309292, 'lag_17': 0.6615962245308955, 'lag_18': 0.8329132286918403, 'lag_19': 0.7873255301579625, 'lag_20': 0.013227319277567762, 'lag_21': 0.535893636000127, 'lag_22': 0.6753953227075504, 'lag_23': 0.7732738661559051, 'lag_24': 0.8319983986761756, 'lag_25': 0.8040558012048957, 'lag_26': 0.7772123170306533, 'lag_27': 0.45388767418298104, 'lag_28': 0.3815218428797569}. Best is trial 20 with value: 0.0027215624740927423.
[I 2025-09-29 13:23:36,397] Trial 35 finished with value: 0.003153324287702696 and parameters: {'lag_0': 0.9189172857254677, 'lag_1': 0.7436721792605254, 'lag_2': 0.004427548402921977, 'lag_3': 0.8927484142156692, 'lag_4': 0.5961923448209677, 'lag_5': 0.1668820683480569, 'lag_6': 0.5811136682714922, 'lag_7': 0.5060800794299276, 'lag_8': 0.6618590276233721, 'lag_9': 0.15780326535937025, 'lag_10': 0.5005122580842343, 'lag_11': 0.756112088374046, 'lag_12': 0.6653646883877815, 'lag_13': 0.19567632005189264, 'lag_14': 0.9984570674607331, 'lag_15': 0.7324971581807459, 'lag_16': 0.993047531396938, 'lag_17': 0.6307495359090335, 'lag_18': 0.5708342221692401, 'lag_19': 0.8876714106727231, 'lag_20': 0.7413274990884057, 'lag_21': 0.6449483477709025, 'lag_22': 0.07300404682450623, 'lag_23': 0.37457954643903707, 'lag_24': 0.3047907423621844, 'lag_25': 0.729218207105092, 'lag_26': 0.6757319177678716, 'lag_27': 0.2587513031572208, 'lag_28': 0.524450681419086}. Best is trial 20 with value: 0.0027215624740927423.
[I 2025-09-29 13:23:38,856] Trial 36 finished with value: 0.0028683281774376113 and parameters: {'lag_0': 0.6551548848070781, 'lag_1': 0.2008515140941829, 'lag_2': 0.4533623354223149, 'lag_3': 0.5717786262554037, 'lag_4': 0.056004157107398755, 'lag_5': 0.06765019363688125, 'lag_6': 0.6679973196846839, 'lag_7': 0.809086501018049, 'lag_8': 0.7698056405601789, 'lag_9': 0.06047011210396568, 'lag_10': 0.10611220127322515, 'lag_11': 0.9593407268768903, 'lag_12': 0.9144826573405299, 'lag_13': 0.31929440953915755, 'lag_14': 0.18979960753140285, 'lag_15': 0.7224485852095212, 'lag_16': 0.2462819729919476, 'lag_17': 0.7595321528227834, 'lag_18': 0.14244250299619118, 'lag_19': 0.10496735376178323, 'lag_20': 0.5774429319559363, 'lag_21': 0.40679886056333336, 'lag_22': 0.1621304696739085, 'lag_23': 0.2462259647094314, 'lag_24': 0.7358219989257041, 'lag_25': 0.31685488049398824, 'lag_26': 0.2129370318910344, 'lag_27': 0.5400338802372215, 'lag_28': 0.051566925844222566}. Best is trial 20 with value: 0.0027215624740927423.
[I 2025-09-29 13:23:41,314] Trial 37 finished with value: 0.0030905843371234845 and parameters: {'lag_0': 0.5065557523564681, 'lag_1': 0.35967386865567014, 'lag_2': 0.6291173964562831, 'lag_3': 0.7786091934479359, 'lag_4': 0.3141416134394258, 'lag_5': 0.865575647365572, 'lag_6': 0.4631685054873643, 'lag_7': 0.9908403851518992, 'lag_8': 0.4749358800457656, 'lag_9': 0.27091038270584, 'lag_10': 0.6463056442976176, 'lag_11': 0.31970834705262974, 'lag_12': 0.5592736192202103, 'lag_13': 0.6892405185646779, 'lag_14': 0.7661785113011952, 'lag_15': 0.8350981611349434, 'lag_16': 0.3659641889643096, 'lag_17': 0.6766903134720328, 'lag_18': 0.015031472612645397, 'lag_19': 0.972199888036343, 'lag_20': 0.4886839159742459, 'lag_21': 0.7309262138984427, 'lag_22': 0.23851017261300617, 'lag_23': 0.33646183971805343, 'lag_24': 0.5298173981205279, 'lag_25': 0.8663530187381677, 'lag_26': 0.4308495526538383, 'lag_27': 0.38829469024813773, 'lag_28': 0.6005937268119956}. Best is trial 20 with value: 0.0027215624740927423.
[I 2025-09-29 13:23:43,769] Trial 38 finished with value: 0.0030869874035074412 and parameters: {'lag_0': 0.8143562736621421, 'lag_1': 0.9944503765200541, 'lag_2': 0.14925476879307276, 'lag_3': 0.6789593448554694, 'lag_4': 0.7286864092352987, 'lag_5': 0.4854806003303604, 'lag_6': 0.7969169583403591, 'lag_7': 0.6443035911605269, 'lag_8': 0.3593853245179174, 'lag_9': 0.35129906423506274, 'lag_10': 0.8727145880892032, 'lag_11': 0.5077731859089429, 'lag_12': 0.11831742325738481, 'lag_13': 0.8512983918856359, 'lag_14': 0.29549963355206166, 'lag_15': 0.9079151298245107, 'lag_16': 0.7717545510765687, 'lag_17': 0.4600008583887333, 'lag_18': 0.2903919299537702, 'lag_19': 0.5196758015064524, 'lag_20': 0.8039575472150359, 'lag_21': 0.11187218809796819, 'lag_22': 0.021847165702186283, 'lag_23': 0.10026679635195357, 'lag_24': 0.930220030087498, 'lag_25': 0.9543246514382628, 'lag_26': 0.33666830844441453, 'lag_27': 0.15117186616640574, 'lag_28': 0.4669455516418507}. Best is trial 20 with value: 0.0027215624740927423.
[I 2025-09-29 13:23:46,229] Trial 39 finished with value: 0.002637572195755936 and parameters: {'lag_0': 0.4362935211376768, 'lag_1': 0.4290785061908211, 'lag_2': 0.27932166261404096, 'lag_3': 0.9317784962241629, 'lag_4': 0.5244043985477754, 'lag_5': 0.31133461410290714, 'lag_6': 0.31991480126252336, 'lag_7': 0.5466174750717395, 'lag_8': 0.8983704630617182, 'lag_9': 0.18503746651454522, 'lag_10': 0.3677591839860366, 'lag_11': 0.8827904627004886, 'lag_12': 0.8802924407020646, 'lag_13': 0.45186810658686105, 'lag_14': 0.08435215080372893, 'lag_15': 0.6361695790691585, 'lag_16': 0.48305190557409344, 'lag_17': 0.8210674586083446, 'lag_18': 0.38804356179777244, 'lag_19': 0.6628313471567232, 'lag_20': 0.07596739971067704, 'lag_21': 0.892875813001005, 'lag_22': 0.6459516089836195, 'lag_23': 0.5172086562887732, 'lag_24': 0.7715538435429444, 'lag_25': 0.6466453944216615, 'lag_26': 0.20489207660962455, 'lag_27': 0.44199431670857015, 'lag_28': 0.2555814512990392}. Best is trial 39 with value: 0.002637572195755936.
[I 2025-09-29 13:23:48,691] Trial 40 finished with value: 0.002759002718192898 and parameters: {'lag_0': 0.4096527660107466, 'lag_1': 0.41955097080003145, 'lag_2': 0.310694244205403, 'lag_3': 0.934090383713253, 'lag_4': 0.5124291913206843, 'lag_5': 0.3029075443599554, 'lag_6': 0.27941761910602847, 'lag_7': 0.35493462432531464, 'lag_8': 0.9095886434976205, 'lag_9': 0.25008900164041425, 'lag_10': 0.3751275762432933, 'lag_11': 0.742389272814892, 'lag_12': 0.872490265528676, 'lag_13': 0.5871433579710699, 'lag_14': 0.09748768098530533, 'lag_15': 0.42507616718371755, 'lag_16': 0.5097445543424312, 'lag_17': 0.8501377177555042, 'lag_18': 0.4001672587814035, 'lag_19': 0.6930104932045138, 'lag_20': 0.3982946831298829, 'lag_21': 0.43278995138826143, 'lag_22': 0.6992298642697232, 'lag_23': 0.6701975950789025, 'lag_24': 0.44045522149048977, 'lag_25': 0.4277901704735505, 'lag_26': 0.23073604706910522, 'lag_27': 0.6713681740537767, 'lag_28': 0.9394882763392574}. Best is trial 39 with value: 0.002637572195755936.
[I 2025-09-29 13:23:51,161] Trial 41 finished with value: 0.003141395191728906 and parameters: {'lag_0': 0.38015722679104064, 'lag_1': 0.44107506377407635, 'lag_2': 0.27793125313662365, 'lag_3': 0.9277400088773047, 'lag_4': 0.5349560924919337, 'lag_5': 0.3072730711206006, 'lag_6': 0.3318757955423563, 'lag_7': 0.361710807012734, 'lag_8': 0.9016559710609194, 'lag_9': 0.24788256413731616, 'lag_10': 0.3705226086154857, 'lag_11': 0.7540497534408452, 'lag_12': 0.8971732790258083, 'lag_13': 0.5939694634031896, 'lag_14': 0.09806929548888642, 'lag_15': 0.38479260891305833, 'lag_16': 0.515419717383119, 'lag_17': 0.8413901890376516, 'lag_18': 0.3800280857720794, 'lag_19': 0.6220926779383398, 'lag_20': 0.3453519167972177, 'lag_21': 0.0031888660201388475, 'lag_22': 0.7055475388381545, 'lag_23': 0.6672853431332697, 'lag_24': 0.4452659995736916, 'lag_25': 0.390066536338705, 'lag_26': 0.22895708612345073, 'lag_27': 0.6773307610115015, 'lag_28': 0.8442257372096358}. Best is trial 39 with value: 0.002637572195755936.
[I 2025-09-29 13:23:53,624] Trial 42 finished with value: 0.0029307903389096074 and parameters: {'lag_0': 0.4568685575784962, 'lag_1': 0.26686151263634156, 'lag_2': 0.3417909682026831, 'lag_3': 0.9493773034825856, 'lag_4': 0.44079945436167894, 'lag_5': 0.37630345493990586, 'lag_6': 0.2624247443111111, 'lag_7': 0.275986400454897, 'lag_8': 0.9592517847563231, 'lag_9': 0.18987920395399752, 'lag_10': 0.4268773094413842, 'lag_11': 0.8330736793390456, 'lag_12': 0.8761393325007084, 'lag_13': 0.6585124405643161, 'lag_14': 0.08858920575927853, 'lag_15': 0.6422607489384214, 'lag_16': 0.5984119008439365, 'lag_17': 0.932078115617625, 'lag_18': 0.4823332046825095, 'lag_19': 0.6306179337355056, 'lag_20': 0.395938181503927, 'lag_21': 0.5080174865344418, 'lag_22': 0.6113202678008112, 'lag_23': 0.5452456882941451, 'lag_24': 0.4116884453757861, 'lag_25': 0.467437619945507, 'lag_26': 0.14744306885710984, 'lag_27': 0.615005760088702, 'lag_28': 0.8982046764365913}. Best is trial 39 with value: 0.002637572195755936.
[I 2025-09-29 13:23:56,088] Trial 43 finished with value: 0.0030290708796969204 and parameters: {'lag_0': 0.24676755166464648, 'lag_1': 0.18877045160187034, 'lag_2': 0.22329709922816912, 'lag_3': 0.1416188000384439, 'lag_4': 0.36334106742664296, 'lag_5': 0.2688829856242353, 'lag_6': 0.3400084958170302, 'lag_7': 0.42571498477096126, 'lag_8': 0.9033453084362529, 'lag_9': 0.1265117625482377, 'lag_10': 0.46795251047247755, 'lag_11': 0.6897809168955105, 'lag_12': 0.9572651614940616, 'lag_13': 0.4652100538035545, 'lag_14': 0.00365196817977044, 'lag_15': 0.03812918119232761, 'lag_16': 0.6744378384273452, 'lag_17': 0.7710231975099182, 'lag_18': 0.20748220195175285, 'lag_19': 0.520409498307259, 'lag_20': 0.268610740060555, 'lag_21': 0.2505818106631197, 'lag_22': 0.8250275688235393, 'lag_23': 0.7396073881695636, 'lag_24': 0.5197144057751206, 'lag_25': 0.16552969060817402, 'lag_26': 0.011172964761566206, 'lag_27': 0.839933807463769, 'lag_28': 0.654357817858189}. Best is trial 39 with value: 0.002637572195755936.
[I 2025-09-29 13:23:58,552] Trial 44 finished with value: 0.0027618662863022362 and parameters: {'lag_0': 0.3866267790911258, 'lag_1': 0.39285582725996265, 'lag_2': 0.5182559429908424, 'lag_3': 0.875269276369876, 'lag_4': 0.6350304707885787, 'lag_5': 0.4463342936563947, 'lag_6': 0.16998956662964293, 'lag_7': 0.5321942143606715, 'lag_8': 0.8313813006323214, 'lag_9': 0.32607583146966845, 'lag_10': 0.37142645075062425, 'lag_11': 0.16986481319114688, 'lag_12': 0.7727104840052395, 'lag_13': 0.5604940791502544, 'lag_14': 0.17007590434466807, 'lag_15': 0.5028397189156462, 'lag_16': 0.3193377407235369, 'lag_17': 0.9363343619206349, 'lag_18': 0.5235062566415063, 'lag_19': 0.7026500011689063, 'lag_20': 0.5145605615099723, 'lag_21': 0.4393087277501375, 'lag_22': 0.7628993088570235, 'lag_23': 0.6050297293875311, 'lag_24': 0.7693337405609995, 'lag_25': 0.3743854671096152, 'lag_26': 0.1715979416639008, 'lag_27': 0.7549263152366389, 'lag_28': 0.9706788635794827}. Best is trial 39 with value: 0.002637572195755936.
