2025-09-29 12:50:17,076 - distributed.nanny - INFO -         Start Nanny at: 'tcp://192.168.86.108:39241'
2025-09-29 12:50:18,386 - distributed.worker - INFO -       Start worker at: tcp://192.168.86.108:41297
2025-09-29 12:50:18,386 - distributed.worker - INFO -          Listening to: tcp://192.168.86.108:41297
2025-09-29 12:50:18,386 - distributed.worker - INFO -           Worker name:            SLURMCluster-15
2025-09-29 12:50:18,386 - distributed.worker - INFO -          dashboard at:       192.168.86.108:43585
2025-09-29 12:50:18,386 - distributed.worker - INFO - Waiting to connect to: tcp://192.168.86.101:39990
2025-09-29 12:50:18,386 - distributed.worker - INFO - -------------------------------------------------
2025-09-29 12:50:18,387 - distributed.worker - INFO -               Threads:                          1
2025-09-29 12:50:18,387 - distributed.worker - INFO -                Memory:                   9.31 GiB
2025-09-29 12:50:18,387 - distributed.worker - INFO -       Local Directory: /home1/zrentala/dask-worker-space/dask-scratch-space/worker-dd05_cow
2025-09-29 12:50:18,387 - distributed.worker - INFO - -------------------------------------------------
2025-09-29 12:50:18,661 - distributed.worker - INFO - Starting Worker plugin shuffle
2025-09-29 12:50:18,661 - distributed.worker - INFO -         Registered to: tcp://192.168.86.101:39990
2025-09-29 12:50:18,661 - distributed.worker - INFO - -------------------------------------------------
2025-09-29 12:50:18,662 - distributed.core - INFO - Starting established connection to tcp://192.168.86.101:39990
[I 2025-09-29 12:50:18,738] A new study created in memory with name: no-name-e090c5eb-2b0b-46b0-9949-e0f9dd6e54fd
[I 2025-09-29 12:50:21,264] Trial 0 finished with value: 0.009501213903355055 and parameters: {'lag_0': 0.4877019645712277, 'lag_1': 0.275591470565683, 'lag_2': 0.6632430016055278, 'lag_3': 0.8945398856242653, 'lag_4': 0.1432351939804443, 'lag_5': 0.4708174619305609, 'lag_6': 0.1370248979885583, 'lag_7': 0.14248902016849432, 'lag_8': 0.306013272911327, 'lag_9': 0.7382246545119535, 'lag_10': 0.8155769304775347, 'lag_11': 0.9418108978702739, 'lag_12': 0.08337941232890227, 'lag_13': 0.43230537027663674, 'lag_14': 0.7007087827663041, 'lag_15': 0.560083597912107, 'lag_16': 0.2600295047360274, 'lag_17': 0.41580902958238974, 'lag_18': 0.1758238709812891, 'lag_19': 0.48435867461084825, 'lag_20': 0.9267074234931858, 'lag_21': 0.5048267303525609, 'lag_22': 0.891860956914157, 'lag_23': 0.12056989941078441, 'lag_24': 0.8343943873475128, 'lag_25': 0.7722484703817212, 'lag_26': 0.5536332222277384, 'lag_27': 0.809609684027647, 'lag_28': 0.4314459968621328}. Best is trial 0 with value: 0.009501213903355055.
[I 2025-09-29 12:50:23,771] Trial 1 finished with value: 0.00983437902865467 and parameters: {'lag_0': 0.36315781608833086, 'lag_1': 0.3932477090089844, 'lag_2': 0.717847634979074, 'lag_3': 0.663799661042996, 'lag_4': 0.6100332666614606, 'lag_5': 0.9388758668617512, 'lag_6': 0.47333291405220695, 'lag_7': 0.3528726739053507, 'lag_8': 0.9472128556570303, 'lag_9': 0.8683137891873993, 'lag_10': 0.9927735390449286, 'lag_11': 0.5184079950798234, 'lag_12': 0.39123723396976656, 'lag_13': 0.1773306972925758, 'lag_14': 0.3960326074084769, 'lag_15': 0.8103420887575361, 'lag_16': 0.8916018790492426, 'lag_17': 0.3232647243986748, 'lag_18': 0.02620530433063287, 'lag_19': 0.5136864663388349, 'lag_20': 0.5301154281826657, 'lag_21': 0.07304614680817122, 'lag_22': 0.8850099235772816, 'lag_23': 0.5198688170029349, 'lag_24': 0.3453302550889944, 'lag_25': 0.04992146339619512, 'lag_26': 0.3980605971405639, 'lag_27': 0.8992048091030259, 'lag_28': 0.6538880715089361}. Best is trial 0 with value: 0.009501213903355055.
[I 2025-09-29 12:50:26,273] Trial 2 finished with value: 0.009448764577335253 and parameters: {'lag_0': 0.8834588298233128, 'lag_1': 0.9468212673438173, 'lag_2': 0.6618143395597758, 'lag_3': 0.20004314593880534, 'lag_4': 0.4758983452958321, 'lag_5': 0.021847880426081864, 'lag_6': 0.7754735089885643, 'lag_7': 0.11081208255953316, 'lag_8': 0.2639143737136464, 'lag_9': 0.34664585274881154, 'lag_10': 0.4622421521560555, 'lag_11': 0.6013841123228537, 'lag_12': 0.3303086650639238, 'lag_13': 0.931857586232095, 'lag_14': 0.470279999362181, 'lag_15': 0.8963393162001729, 'lag_16': 0.468146237135097, 'lag_17': 0.8395527606514315, 'lag_18': 0.018789181538129338, 'lag_19': 0.2590938099703616, 'lag_20': 0.6389281746924226, 'lag_21': 0.1423007203469514, 'lag_22': 0.9884583228966671, 'lag_23': 0.156745531816441, 'lag_24': 0.6152186501962077, 'lag_25': 0.24228599156536945, 'lag_26': 0.6634399229515276, 'lag_27': 0.45647314428089036, 'lag_28': 0.3086056134564455}. Best is trial 2 with value: 0.009448764577335253.
[I 2025-09-29 12:50:28,770] Trial 3 finished with value: 0.009308643180929463 and parameters: {'lag_0': 0.051009925772315896, 'lag_1': 0.915721339320235, 'lag_2': 0.03743337603758368, 'lag_3': 0.27767762788731915, 'lag_4': 0.4895726412603599, 'lag_5': 0.49231749225253185, 'lag_6': 0.6038523626506667, 'lag_7': 0.08699760750947913, 'lag_8': 0.05245712016290514, 'lag_9': 0.6296940196109918, 'lag_10': 0.14800759215151593, 'lag_11': 0.9203098065799412, 'lag_12': 0.46062291140056794, 'lag_13': 0.19439856166084826, 'lag_14': 0.954882014382678, 'lag_15': 0.6393613697068492, 'lag_16': 0.8680630474285663, 'lag_17': 0.9157273322804355, 'lag_18': 0.3461576525433467, 'lag_19': 0.7070191922418985, 'lag_20': 0.7184904132951598, 'lag_21': 0.9270307916906834, 'lag_22': 0.057092302449527635, 'lag_23': 0.9692357087363457, 'lag_24': 0.49786912574834963, 'lag_25': 0.7722889258960225, 'lag_26': 0.8767497502517443, 'lag_27': 0.45854592118123993, 'lag_28': 0.7889385236140254}. Best is trial 3 with value: 0.009308643180929463.
[I 2025-09-29 12:50:31,261] Trial 4 finished with value: 0.00920883247216193 and parameters: {'lag_0': 0.5362906949490762, 'lag_1': 0.8558918880891688, 'lag_2': 0.5870717146764936, 'lag_3': 0.854710069326097, 'lag_4': 0.14575072775698758, 'lag_5': 0.11981501849411996, 'lag_6': 0.9552943280932071, 'lag_7': 0.7458289412728155, 'lag_8': 0.15277164482234934, 'lag_9': 0.7390778849084044, 'lag_10': 0.06700104773929018, 'lag_11': 0.7936141774211448, 'lag_12': 0.3256667453509359, 'lag_13': 0.7298493406767397, 'lag_14': 0.819119304530335, 'lag_15': 0.9968241219143164, 'lag_16': 0.9122804683042587, 'lag_17': 0.15596641961337093, 'lag_18': 0.904299334323202, 'lag_19': 0.5507202002525522, 'lag_20': 0.7463828528466656, 'lag_21': 0.5961140769818426, 'lag_22': 0.39295961327447965, 'lag_23': 0.019158470899736057, 'lag_24': 0.662669956478458, 'lag_25': 0.7857789757555711, 'lag_26': 0.3381735982550224, 'lag_27': 0.30383004919293605, 'lag_28': 0.4447208522828527}. Best is trial 4 with value: 0.00920883247216193.
[I 2025-09-29 12:50:33,758] Trial 5 finished with value: 0.009259763966948255 and parameters: {'lag_0': 0.304111919099136, 'lag_1': 0.7274026614399884, 'lag_2': 0.7187292032299655, 'lag_3': 0.38632103453888106, 'lag_4': 0.7251535484620986, 'lag_5': 0.6147934152974311, 'lag_6': 0.4651477750209933, 'lag_7': 0.03784788842030103, 'lag_8': 0.9834468981627377, 'lag_9': 0.92627824719379, 'lag_10': 0.8170591322343451, 'lag_11': 0.06771834118642048, 'lag_12': 0.2577142959792888, 'lag_13': 0.6100706227613428, 'lag_14': 0.24876089182669078, 'lag_15': 0.7801772245511279, 'lag_16': 0.3716367843065817, 'lag_17': 0.5105037083587836, 'lag_18': 0.3619081782992909, 'lag_19': 0.4602274109613964, 'lag_20': 0.09455338256195171, 'lag_21': 0.7295274611482827, 'lag_22': 0.2974783621949353, 'lag_23': 0.17434616992247629, 'lag_24': 0.1378390414811099, 'lag_25': 0.8666312832563597, 'lag_26': 0.4542705812070909, 'lag_27': 0.5185255879227858, 'lag_28': 0.8617439077951582}. Best is trial 4 with value: 0.00920883247216193.
[I 2025-09-29 12:50:36,252] Trial 6 finished with value: 0.009726035467149985 and parameters: {'lag_0': 0.5356913087536586, 'lag_1': 0.09734135119979383, 'lag_2': 0.019999177210909574, 'lag_3': 0.8232284670342731, 'lag_4': 0.2454021073735627, 'lag_5': 0.8468963343357786, 'lag_6': 0.7071830702572213, 'lag_7': 0.784966714816847, 'lag_8': 0.3725467169379104, 'lag_9': 0.5755649362741598, 'lag_10': 0.5208900035872103, 'lag_11': 0.3166593006595036, 'lag_12': 0.624478177657095, 'lag_13': 0.5681616236495699, 'lag_14': 0.8646479007542188, 'lag_15': 0.7226799884414358, 'lag_16': 0.23888640891682908, 'lag_17': 0.009298256114700658, 'lag_18': 0.5763529158991734, 'lag_19': 0.3662963105714114, 'lag_20': 0.37223035091243956, 'lag_21': 0.5280970417844701, 'lag_22': 0.7031207283023454, 'lag_23': 0.30173816876060544, 'lag_24': 0.13427704358945608, 'lag_25': 0.33984836842410054, 'lag_26': 0.5406115340117624, 'lag_27': 0.013498283161652616, 'lag_28': 0.9380837760162201}. Best is trial 4 with value: 0.00920883247216193.
[I 2025-09-29 12:50:38,741] Trial 7 finished with value: 0.00941339834727437 and parameters: {'lag_0': 0.185442462333559, 'lag_1': 0.9359732893283627, 'lag_2': 0.8222849846031062, 'lag_3': 0.044740849681129576, 'lag_4': 0.4504942750679788, 'lag_5': 0.018039376799912098, 'lag_6': 0.9388009396072512, 'lag_7': 0.047641180786390985, 'lag_8': 0.5120921283469705, 'lag_9': 0.2831987982065803, 'lag_10': 0.3785898492580286, 'lag_11': 0.8118509679782497, 'lag_12': 0.39974995365279603, 'lag_13': 0.2501199459811159, 'lag_14': 0.42117551291089006, 'lag_15': 0.17249831541894167, 'lag_16': 0.34395236190801043, 'lag_17': 0.07467434026252522, 'lag_18': 0.22972373008014327, 'lag_19': 0.485295918600395, 'lag_20': 0.26468379648192053, 'lag_21': 0.13346887212930417, 'lag_22': 0.650657524767667, 'lag_23': 0.870416925034739, 'lag_24': 0.9061180773265954, 'lag_25': 0.5966750145590913, 'lag_26': 0.06612919340885501, 'lag_27': 0.7568586698428289, 'lag_28': 0.9748692367267493}. Best is trial 4 with value: 0.00920883247216193.
[I 2025-09-29 12:50:41,235] Trial 8 finished with value: 0.00931897196099268 and parameters: {'lag_0': 0.7662823908870394, 'lag_1': 0.08933366473403558, 'lag_2': 0.08747992950274032, 'lag_3': 0.5265297700352348, 'lag_4': 0.2901469127749629, 'lag_5': 0.9469270051791822, 'lag_6': 0.34656227840128, 'lag_7': 0.2366702192500287, 'lag_8': 0.17934560808642042, 'lag_9': 0.13444805393693413, 'lag_10': 0.5739375708072587, 'lag_11': 0.6975233703440542, 'lag_12': 0.2115440550173979, 'lag_13': 0.5967937434879467, 'lag_14': 0.5507606961715503, 'lag_15': 0.5037801801040273, 'lag_16': 0.4814153777825146, 'lag_17': 0.9570340218338618, 'lag_18': 0.9277226065093064, 'lag_19': 0.6440758599396024, 'lag_20': 0.5980133501850888, 'lag_21': 0.5324290075274799, 'lag_22': 0.32422139443612863, 'lag_23': 0.7024819524222532, 'lag_24': 0.8556553210961679, 'lag_25': 0.4419737828567476, 'lag_26': 0.925340739063981, 'lag_27': 0.9083032184044573, 'lag_28': 0.11264748590029253}. Best is trial 4 with value: 0.00920883247216193.
[I 2025-09-29 12:50:43,738] Trial 9 finished with value: 0.009699344676425376 and parameters: {'lag_0': 0.4297694002179362, 'lag_1': 0.061136715782882205, 'lag_2': 0.9021699174523489, 'lag_3': 0.1152636008278363, 'lag_4': 0.6866550633285959, 'lag_5': 0.6120193210275203, 'lag_6': 0.2792674198615853, 'lag_7': 0.6783527483468479, 'lag_8': 0.42482621741111015, 'lag_9': 0.5949100932362656, 'lag_10': 0.6986823401511207, 'lag_11': 0.923713275667389, 'lag_12': 0.8435875545527214, 'lag_13': 0.797858984471888, 'lag_14': 0.5322265537682153, 'lag_15': 0.34535151309358664, 'lag_16': 0.9177642582242638, 'lag_17': 0.07143571584025155, 'lag_18': 0.4018605970719636, 'lag_19': 0.9822201992123745, 'lag_20': 0.5805139034268367, 'lag_21': 0.7190848337474267, 'lag_22': 0.7466942228988886, 'lag_23': 0.010244949219119413, 'lag_24': 0.15107616565091814, 'lag_25': 0.6015418122578654, 'lag_26': 0.2786308254318238, 'lag_27': 0.7068590873392366, 'lag_28': 0.3469537074509323}. Best is trial 4 with value: 0.00920883247216193.
[I 2025-09-29 12:50:46,384] Trial 10 finished with value: 0.010410156380822978 and parameters: {'lag_0': 0.649986854507548, 'lag_1': 0.6574954468591293, 'lag_2': 0.38959907342857136, 'lag_3': 0.9915929553120388, 'lag_4': 0.9865676817025677, 'lag_5': 0.22383403227732807, 'lag_6': 0.9895753897711442, 'lag_7': 0.9850433573535315, 'lag_8': 0.6573690396877747, 'lag_9': 0.01543848418404975, 'lag_10': 0.026177179197362413, 'lag_11': 0.31527091442142274, 'lag_12': 0.6740089462788921, 'lag_13': 0.8221104052159163, 'lag_14': 0.040143590634342696, 'lag_15': 0.010690311474393255, 'lag_16': 0.7199257314128445, 'lag_17': 0.2653289401422249, 'lag_18': 0.93797569556505, 'lag_19': 0.004998198183217228, 'lag_20': 0.9742836917721641, 'lag_21': 0.3442818929653153, 'lag_22': 0.43693988700616443, 'lag_23': 0.4603317335533631, 'lag_24': 0.6430882035626095, 'lag_25': 0.9747317392977201, 'lag_26': 0.030076411648161716, 'lag_27': 0.19514157514172487, 'lag_28': 0.6027142761560035}. Best is trial 4 with value: 0.00920883247216193.
[I 2025-09-29 12:50:48,931] Trial 11 finished with value: 0.009972380766257286 and parameters: {'lag_0': 0.2650143953813782, 'lag_1': 0.6797276217447825, 'lag_2': 0.4501647247348441, 'lag_3': 0.38193716850779164, 'lag_4': 0.8434425550278676, 'lag_5': 0.6536910208646893, 'lag_6': 0.4259813252002649, 'lag_7': 0.6035157206954811, 'lag_8': 0.9602956901260076, 'lag_9': 0.9970139317885208, 'lag_10': 0.2334077229132676, 'lag_11': 0.017330752754088685, 'lag_12': 0.004246737057350347, 'lag_13': 0.6888196361361579, 'lag_14': 0.1811761405183528, 'lag_15': 0.9992972234657509, 'lag_16': 0.05030498553810947, 'lag_17': 0.6411184138742014, 'lag_18': 0.6555130564765626, 'lag_19': 0.7736431907594803, 'lag_20': 0.02222309025117726, 'lag_21': 0.759253856274912, 'lag_22': 0.23349366991870169, 'lag_23': 0.001239123739529474, 'lag_24': 0.009011241633800737, 'lag_25': 0.9258548874401892, 'lag_26': 0.27134427876547945, 'lag_27': 0.2814063501597289, 'lag_28': 0.13473960930306011}. Best is trial 4 with value: 0.00920883247216193.
[I 2025-09-29 12:50:51,487] Trial 12 finished with value: 0.00878545365908004 and parameters: {'lag_0': 0.6190927630773879, 'lag_1': 0.7327699979291254, 'lag_2': 0.32041037329630506, 'lag_3': 0.6054143885332646, 'lag_4': 0.04271454919637817, 'lag_5': 0.2748601914822487, 'lag_6': 0.017141702440738815, 'lag_7': 0.40763788990290467, 'lag_8': 0.7572344396379618, 'lag_9': 0.8282800340514678, 'lag_10': 0.974369326649214, 'lag_11': 0.006650828210976248, 'lag_12': 0.19616057823139, 'lag_13': 0.42246728218879404, 'lag_14': 0.23451754091443122, 'lag_15': 0.9930317132917997, 'lag_16': 0.6593481283487257, 'lag_17': 0.6129997082028072, 'lag_18': 0.7835324192651463, 'lag_19': 0.26009011518193553, 'lag_20': 0.022043656134553974, 'lag_21': 0.7294746205930982, 'lag_22': 0.18179239048536325, 'lag_23': 0.3048521379161025, 'lag_24': 0.40551757024031243, 'lag_25': 0.7871707404244646, 'lag_26': 0.3541297946730501, 'lag_27': 0.5808308282193186, 'lag_28': 0.5801962331865623}. Best is trial 12 with value: 0.00878545365908004.
[I 2025-09-29 12:50:54,032] Trial 13 finished with value: 0.009796574690676258 and parameters: {'lag_0': 0.6511453893710446, 'lag_1': 0.8161021917333062, 'lag_2': 0.2962706876747959, 'lag_3': 0.6903450104814033, 'lag_4': 0.003462721078527166, 'lag_5': 0.26707752241848315, 'lag_6': 0.12686177527499115, 'lag_7': 0.42676560244605705, 'lag_8': 0.737455393289058, 'lag_9': 0.7210656878873074, 'lag_10': 0.9974778478151618, 'lag_11': 0.31607919522574224, 'lag_12': 0.1736354630658657, 'lag_13': 0.3918003897657155, 'lag_14': 0.8026216366756803, 'lag_15': 0.9967695656614632, 'lag_16': 0.7160288135060184, 'lag_17': 0.6846074233608266, 'lag_18': 0.7643800366617041, 'lag_19': 0.1839072027448228, 'lag_20': 0.7833042851917116, 'lag_21': 0.9655066751086716, 'lag_22': 0.004037710651579651, 'lag_23': 0.3683107573613069, 'lag_24': 0.4112662260518608, 'lag_25': 0.6693504173708552, 'lag_26': 0.2462836760520628, 'lag_27': 0.574467711574255, 'lag_28': 0.5761428526565094}. Best is trial 12 with value: 0.00878545365908004.
[I 2025-09-29 12:50:56,583] Trial 14 finished with value: 0.009984978510183606 and parameters: {'lag_0': 0.9164713263855102, 'lag_1': 0.5477733914947078, 'lag_2': 0.22935458546548682, 'lag_3': 0.6761177779987355, 'lag_4': 0.023977946819981458, 'lag_5': 0.25414697947424425, 'lag_6': 0.04989315351031825, 'lag_7': 0.8547100350788233, 'lag_8': 0.7551604103615035, 'lag_9': 0.795628543966237, 'lag_10': 0.3189876327180221, 'lag_11': 0.1901600007361251, 'lag_12': 0.5410968582573272, 'lag_13': 0.0032794559856050842, 'lag_14': 0.6719545805227346, 'lag_15': 0.8724219058910219, 'lag_16': 0.6466981003458461, 'lag_17': 0.22494420632643541, 'lag_18': 0.7967435638285401, 'lag_19': 0.12096088028721275, 'lag_20': 0.3781833609980205, 'lag_21': 0.6649884373630647, 'lag_22': 0.15986862776878347, 'lag_23': 0.2638564243481857, 'lag_24': 0.6864626457813373, 'lag_25': 0.7725743663944022, 'lag_26': 0.6628173578236625, 'lag_27': 0.32601424682683067, 'lag_28': 0.46361774740897}. Best is trial 12 with value: 0.00878545365908004.
[I 2025-09-29 12:50:59,133] Trial 15 finished with value: 0.010366554086160319 and parameters: {'lag_0': 0.6361266897115874, 'lag_1': 0.5529606948215049, 'lag_2': 0.5421500949617674, 'lag_3': 0.7979917490178472, 'lag_4': 0.19013365777725716, 'lag_5': 0.15042893749574737, 'lag_6': 0.8118991604464897, 'lag_7': 0.543638947156482, 'lag_8': 0.566102101782459, 'lag_9': 0.40723176299410446, 'lag_10': 0.09978758578345362, 'lag_11': 0.6995913522789489, 'lag_12': 0.13699534573789623, 'lag_13': 0.3393292516074912, 'lag_14': 0.24764332051851062, 'lag_15': 0.6738679987908959, 'lag_16': 0.9755190098891293, 'lag_17': 0.588093735281474, 'lag_18': 0.9896807766401443, 'lag_19': 0.263791735033873, 'lag_20': 0.1725227417414689, 'lag_21': 0.34141251900701763, 'lag_22': 0.515704351601708, 'lag_23': 0.6017730552300751, 'lag_24': 0.304884728494459, 'lag_25': 0.4440936123558257, 'lag_26': 0.14905289869834557, 'lag_27': 0.14959965266032046, 'lag_28': 0.7306847142024513}. Best is trial 12 with value: 0.00878545365908004.
[I 2025-09-29 12:51:01,693] Trial 16 finished with value: 0.00921526094120516 and parameters: {'lag_0': 0.7487034686406259, 'lag_1': 0.8183521166099742, 'lag_2': 0.5375864289657502, 'lag_3': 0.5108228101453496, 'lag_4': 0.3370931528690578, 'lag_5': 0.36343570211906756, 'lag_6': 0.6291326399559638, 'lag_7': 0.3093160801442259, 'lag_8': 0.007413234050144907, 'lag_9': 0.47869524067967273, 'lag_10': 0.7984346980992583, 'lag_11': 0.4251455013610506, 'lag_12': 0.9362571995564761, 'lag_13': 0.9987161373417082, 'lag_14': 0.12828956458721796, 'lag_15': 0.36722550603236437, 'lag_16': 0.6248835658110323, 'lag_17': 0.42145152925937057, 'lag_18': 0.7747948276067902, 'lag_19': 0.8715690084223064, 'lag_20': 0.8139279156682147, 'lag_21': 0.8177366381772649, 'lag_22': 0.44615690505380234, 'lag_23': 0.3836856715493774, 'lag_24': 0.7540813157284965, 'lag_25': 0.6639574280331294, 'lag_26': 0.35668226174985973, 'lag_27': 0.6188021490693681, 'lag_28': 0.2612114958859413}. Best is trial 12 with value: 0.00878545365908004.
[I 2025-09-29 12:51:04,251] Trial 17 finished with value: 0.009235318850167117 and parameters: {'lag_0': 0.7917431097712453, 'lag_1': 0.7983812703163353, 'lag_2': 0.1989972533447959, 'lag_3': 0.6011887412832276, 'lag_4': 0.1036423722433227, 'lag_5': 0.11398092011256802, 'lag_6': 0.2647004559058731, 'lag_7': 0.6850210167252305, 'lag_8': 0.8378077476157726, 'lag_9': 0.692763458642671, 'lag_10': 0.6453742419426981, 'lag_11': 0.7739834098524583, 'lag_12': 0.29573362975547457, 'lag_13': 0.7738513471863238, 'lag_14': 0.3435382933410323, 'lag_15': 0.9012379452878397, 'lag_16': 0.8086741659908894, 'lag_17': 0.7593776842921622, 'lag_18': 0.6459966003333094, 'lag_19': 0.5896321643940821, 'lag_20': 0.38518873087835365, 'lag_21': 0.3697564093353032, 'lag_22': 0.1468704263721412, 'lag_23': 0.24850001867906946, 'lag_24': 0.523533403338137, 'lag_25': 0.8539772133389427, 'lag_26': 0.18945300364568923, 'lag_27': 0.36482968880475636, 'lag_28': 0.4785059460209077}. Best is trial 12 with value: 0.00878545365908004.
[I 2025-09-29 12:51:06,799] Trial 18 finished with value: 0.009835666915087358 and parameters: {'lag_0': 0.5617754243276252, 'lag_1': 0.428926421134264, 'lag_2': 0.37579324622186083, 'lag_3': 0.9849004983088102, 'lag_4': 0.3671434769739733, 'lag_5': 0.3535060830503981, 'lag_6': 0.8799833802861713, 'lag_7': 0.4843119439542654, 'lag_8': 0.15952084906908154, 'lag_9': 0.8485241707866261, 'lag_10': 0.27293243248874643, 'lag_11': 0.14645923329346533, 'lag_12': 0.0006438840065031426, 'lag_13': 0.5120645393569148, 'lag_14': 0.6610334539739351, 'lag_15': 0.3787781350218026, 'lag_16': 0.7745698885738999, 'lag_17': 0.17821810533030533, 'lag_18': 0.8529921998237934, 'lag_19': 0.3322991427737415, 'lag_20': 0.4605973596865479, 'lag_21': 0.6411543390293452, 'lag_22': 0.5574415763268816, 'lag_23': 0.09557312124108555, 'lag_24': 0.9732804445198924, 'lag_25': 0.5409689113984756, 'lag_26': 0.7220278729281515, 'lag_27': 0.6531962225897029, 'lag_28': 0.6973587606913034}. Best is trial 12 with value: 0.00878545365908004.
[I 2025-09-29 12:51:09,340] Trial 19 finished with value: 0.01061983181453449 and parameters: {'lag_0': 0.9840999502003162, 'lag_1': 0.6134410233737355, 'lag_2': 0.9753433176045465, 'lag_3': 0.760732219562379, 'lag_4': 0.09150316515808476, 'lag_5': 0.14181932227549465, 'lag_6': 0.5964099378036959, 'lag_7': 0.8548695689036381, 'lag_8': 0.5882894761430567, 'lag_9': 0.9231768487983653, 'lag_10': 0.4134901417750261, 'lag_11': 0.5279478341940519, 'lag_12': 0.5535668513327303, 'lag_13': 0.6953956161359784, 'lag_14': 0.9709259843848207, 'lag_15': 0.977535268406651, 'lag_16': 0.5787212097284937, 'lag_17': 0.5336430759694388, 'lag_18': 0.5244473484011104, 'lag_19': 0.06188302910542648, 'lag_20': 0.20667517920506567, 'lag_21': 0.8680326925424283, 'lag_22': 0.39660203654749715, 'lag_23': 0.6984049329151742, 'lag_24': 0.4997315314391635, 'lag_25': 0.9851108122168022, 'lag_26': 0.3602679347189718, 'lag_27': 0.06529001915290689, 'lag_28': 0.23342276504992865}. Best is trial 12 with value: 0.00878545365908004.
