[I 2025-09-29 11:58:43,326] Trial 67 finished with value: 0.011957746752381777 and parameters: {'lag_0': 0.10451520020809622, 'lag_1': 0.9450827039495603, 'lag_2': 0.5420261216731013, 'lag_3': 0.46944949065894853, 'lag_4': 0.04868742904149054, 'lag_5': 0.06877166731922102, 'lag_6': 0.7837359420269265, 'lag_7': 0.4477757884292698, 'lag_8': 0.8866491551858896, 'lag_9': 0.6021006016740089, 'lag_10': 0.16838299326077594, 'lag_11': 0.8149066635110671, 'lag_12': 0.6621581693373388, 'lag_13': 0.7243491193383906, 'lag_14': 0.17760904908506583, 'lag_15': 0.4341881820867761, 'lag_16': 0.1308694833443155, 'lag_17': 0.6091039090653952, 'lag_18': 0.0398113532842424, 'lag_19': 0.16659438716248431, 'lag_20': 0.36110464854631974, 'lag_21': 0.42839963534383746, 'lag_22': 0.4880180495913325, 'lag_23': 0.7045114252783632, 'lag_24': 0.34144275912781685, 'lag_25': 0.5789500050092133, 'lag_26': 0.5461954656495105, 'lag_27': 0.49772654354926366, 'lag_28': 0.3922260497060587}. Best is trial 14 with value: 0.01168104527612803.
[I 2025-09-29 11:58:45,741] Trial 68 finished with value: 0.012055233937960616 and parameters: {'lag_0': 0.9153057871181741, 'lag_1': 0.8253779728204247, 'lag_2': 0.8489871132717997, 'lag_3': 0.606777523553812, 'lag_4': 0.2181786810729115, 'lag_5': 0.21593408651392143, 'lag_6': 0.5185710933695036, 'lag_7': 0.6095821113951532, 'lag_8': 0.7728334061255658, 'lag_9': 0.39198940557650086, 'lag_10': 0.13969502325022462, 'lag_11': 0.8784725911083004, 'lag_12': 0.005170027446300185, 'lag_13': 0.39929203440544303, 'lag_14': 0.02161622206716239, 'lag_15': 0.275955117054634, 'lag_16': 0.2587084097512069, 'lag_17': 0.5423856160028565, 'lag_18': 0.2526645697873835, 'lag_19': 0.11099579361654567, 'lag_20': 0.4942360765722483, 'lag_21': 0.7097868380441614, 'lag_22': 0.8466206609527085, 'lag_23': 0.4795446159848748, 'lag_24': 0.5396672898480627, 'lag_25': 0.6850816467029414, 'lag_26': 0.6302217580627697, 'lag_27': 0.3289662750917861, 'lag_28': 0.48726429130935217}. Best is trial 14 with value: 0.01168104527612803.
[I 2025-09-29 11:58:48,152] Trial 69 finished with value: 0.01179738937546948 and parameters: {'lag_0': 0.7304444946360017, 'lag_1': 0.6509082068330164, 'lag_2': 0.6898237796781688, 'lag_3': 0.9926197626772351, 'lag_4': 0.6191770950035508, 'lag_5': 0.31756509277897726, 'lag_6': 0.6936145927067798, 'lag_7': 0.5574608391697552, 'lag_8': 0.9316158934506129, 'lag_9': 0.642236112616418, 'lag_10': 0.7906899732339439, 'lag_11': 0.6388005873442807, 'lag_12': 0.10691017435159306, 'lag_13': 0.4594699865378174, 'lag_14': 0.1314628520431953, 'lag_15': 0.547269750478427, 'lag_16': 0.05130143429286095, 'lag_17': 0.6536135813618543, 'lag_18': 0.7899726035050108, 'lag_19': 0.9230794958843778, 'lag_20': 0.12084283736835032, 'lag_21': 0.3019234308810287, 'lag_22': 0.692284118466674, 'lag_23': 0.6398650965632935, 'lag_24': 0.8613454977328188, 'lag_25': 0.31134730482396233, 'lag_26': 0.7588241291171881, 'lag_27': 0.5414570412855204, 'lag_28': 0.5414133966138727}. Best is trial 14 with value: 0.01168104527612803.
[I 2025-09-29 11:58:50,571] Trial 70 finished with value: 0.012311888161513782 and parameters: {'lag_0': 0.7235735416614927, 'lag_1': 0.7032845545413562, 'lag_2': 0.7012486019335518, 'lag_3': 0.41136700512903446, 'lag_4': 0.6620185524533224, 'lag_5': 0.33406889442563237, 'lag_6': 0.7065884710910468, 'lag_7': 0.3927136134933981, 'lag_8': 0.928063828534521, 'lag_9': 0.6469076970725448, 'lag_10': 0.8863985637477426, 'lag_11': 0.6190099888741438, 'lag_12': 0.19301707313792876, 'lag_13': 0.2354097028323467, 'lag_14': 0.0694840032023466, 'lag_15': 0.18440835968293795, 'lag_16': 0.05652650514087698, 'lag_17': 0.8800661725489883, 'lag_18': 0.8555757086062431, 'lag_19': 0.8697829530332889, 'lag_20': 0.11279927946578532, 'lag_21': 0.8889899740862756, 'lag_22': 0.6968206589644625, 'lag_23': 0.6288491372712955, 'lag_24': 0.8687662772622671, 'lag_25': 0.3205908328827382, 'lag_26': 0.7628201966286356, 'lag_27': 0.5380877554801147, 'lag_28': 0.4405643586244549}. Best is trial 14 with value: 0.01168104527612803.
[I 2025-09-29 11:58:52,983] Trial 71 finished with value: 0.011759511379894855 and parameters: {'lag_0': 0.669166776905874, 'lag_1': 0.6432242660391961, 'lag_2': 0.7905825514919244, 'lag_3': 0.9939918186876635, 'lag_4': 0.620200787077297, 'lag_5': 0.26151805722357413, 'lag_6': 0.6025264870006244, 'lag_7': 0.5558623079790305, 'lag_8': 0.9546776046713605, 'lag_9': 0.9314240111154606, 'lag_10': 0.7871845995426455, 'lag_11': 0.7304676288502218, 'lag_12': 0.10811998531594477, 'lag_13': 0.5371526293810407, 'lag_14': 0.1244219769457286, 'lag_15': 0.5368114046817407, 'lag_16': 0.10031546065849117, 'lag_17': 0.6474474160008403, 'lag_18': 0.7470232843697383, 'lag_19': 0.9448394144240407, 'lag_20': 0.07303506852485286, 'lag_21': 0.19477508587896578, 'lag_22': 0.6541975454016911, 'lag_23': 0.674197703018169, 'lag_24': 0.7172929072480425, 'lag_25': 0.2658624218790093, 'lag_26': 0.6921128877764828, 'lag_27': 0.47827751984982647, 'lag_28': 0.5365196837069534}. Best is trial 14 with value: 0.01168104527612803.
[I 2025-09-29 11:58:55,396] Trial 72 finished with value: 0.012254407387477292 and parameters: {'lag_0': 0.6615088014971408, 'lag_1': 0.6379219847327663, 'lag_2': 0.8026998263366844, 'lag_3': 0.9471390452633477, 'lag_4': 0.6335645618996173, 'lag_5': 0.2653217500669987, 'lag_6': 0.6868404075698494, 'lag_7': 0.49700120440711004, 'lag_8': 0.988027514249735, 'lag_9': 0.9219246682535702, 'lag_10': 0.7695478525862208, 'lag_11': 0.6518800326279358, 'lag_12': 0.06958203082824099, 'lag_13': 0.4872572767103634, 'lag_14': 0.11208475286442157, 'lag_15': 0.5381918509793099, 'lag_16': 0.07468891589280324, 'lag_17': 0.6554941631976812, 'lag_18': 0.7794081684423211, 'lag_19': 0.9745180014535433, 'lag_20': 0.2034970750539884, 'lag_21': 0.19933265003977121, 'lag_22': 0.6527423668289468, 'lag_23': 0.7006537031021285, 'lag_24': 0.8914462359239015, 'lag_25': 0.26067628134514864, 'lag_26': 0.7445300257537643, 'lag_27': 0.596788612872034, 'lag_28': 0.5184689087431599}. Best is trial 14 with value: 0.01168104527612803.
[I 2025-09-29 11:58:57,803] Trial 73 finished with value: 0.011698976440541232 and parameters: {'lag_0': 0.6039334030068934, 'lag_1': 0.5190058866266545, 'lag_2': 0.7480436384695236, 'lag_3': 0.9641101845686489, 'lag_4': 0.6001514622405014, 'lag_5': 0.3114199560160253, 'lag_6': 0.6128225598500097, 'lag_7': 0.5592618100972305, 'lag_8': 0.8259453361275491, 'lag_9': 0.8205826185192884, 'lag_10': 0.8424589741244011, 'lag_11': 0.746329640454508, 'lag_12': 0.11913383593225496, 'lag_13': 0.451321617880893, 'lag_14': 0.08681544053150164, 'lag_15': 0.4991034649139898, 'lag_16': 0.1070009419863997, 'lag_17': 0.7293720028026973, 'lag_18': 0.7294045993831901, 'lag_19': 0.9335102049909738, 'lag_20': 0.1545141287258986, 'lag_21': 0.13785638049061252, 'lag_22': 0.6211302676916766, 'lag_23': 0.6620889993887338, 'lag_24': 0.7202753306934617, 'lag_25': 0.21373321070727672, 'lag_26': 0.6007212720642321, 'lag_27': 0.47856903023639713, 'lag_28': 0.5417001150824012}. Best is trial 14 with value: 0.01168104527612803.
[I 2025-09-29 11:59:00,217] Trial 74 finished with value: 0.012181227465214356 and parameters: {'lag_0': 0.5636892975200097, 'lag_1': 0.5123750504640893, 'lag_2': 0.7534596961829771, 'lag_3': 0.9812894009542982, 'lag_4': 0.5961249661710425, 'lag_5': 0.32144146191079, 'lag_6': 0.6298371881618273, 'lag_7': 0.5611677049242523, 'lag_8': 0.7499172369730845, 'lag_9': 0.9669237394519603, 'lag_10': 0.9885749943504039, 'lag_11': 0.7364765541100167, 'lag_12': 0.1389430363877505, 'lag_13': 0.34547240019877573, 'lag_14': 0.0367746297568579, 'lag_15': 0.709745148717119, 'lag_16': 0.11318717302760019, 'lag_17': 0.7339737461724869, 'lag_18': 0.7055727143302635, 'lag_19': 0.9536959248378024, 'lag_20': 0.15679206762469738, 'lag_21': 0.07634135001143182, 'lag_22': 0.6027404005331983, 'lag_23': 0.6678749609335907, 'lag_24': 0.7402797534987944, 'lag_25': 0.17803961914561156, 'lag_26': 0.6036420275875211, 'lag_27': 0.4679049465131071, 'lag_28': 0.5368212923577111}. Best is trial 14 with value: 0.01168104527612803.
[I 2025-09-29 11:59:02,632] Trial 75 finished with value: 0.011885978412128536 and parameters: {'lag_0': 0.6095084430909717, 'lag_1': 0.6552876340430385, 'lag_2': 0.72169530750981, 'lag_3': 0.9854610047808442, 'lag_4': 0.5530694724123124, 'lag_5': 0.14429274689731977, 'lag_6': 0.6650218267891406, 'lag_7': 0.6459420425658822, 'lag_8': 0.2826972855706995, 'lag_9': 0.8158557252313346, 'lag_10': 0.804127072618981, 'lag_11': 0.47238816988332777, 'lag_12': 0.11615832452635383, 'lag_13': 0.44794878746092603, 'lag_14': 0.08580184307723164, 'lag_15': 0.40217351088470343, 'lag_16': 0.039676723625199396, 'lag_17': 0.7973412408543349, 'lag_18': 0.7966894650858799, 'lag_19': 0.9297115307501381, 'lag_20': 0.09122455013444114, 'lag_21': 0.1524904857610089, 'lag_22': 0.5755128280959572, 'lag_23': 0.8437857277859129, 'lag_24': 0.8191932285109585, 'lag_25': 0.13121094773503977, 'lag_26': 0.4868671149739022, 'lag_27': 0.5620968491500773, 'lag_28': 0.6215577078097834}. Best is trial 14 with value: 0.01168104527612803.
[I 2025-09-29 11:59:05,054] Trial 76 finished with value: 0.012071746755097944 and parameters: {'lag_0': 0.6651972229804602, 'lag_1': 0.7604735559934848, 'lag_2': 0.6900161240876781, 'lag_3': 0.9907070336064162, 'lag_4': 0.6793549049205825, 'lag_5': 0.2995485249802783, 'lag_6': 0.6092053995168213, 'lag_7': 0.4576598005844228, 'lag_8': 0.8293031593544788, 'lag_9': 0.8918049557112253, 'lag_10': 0.921864361295991, 'lag_11': 0.5892328051143302, 'lag_12': 0.13313300162029512, 'lag_13': 0.3797561333298563, 'lag_14': 0.0005484985449978018, 'lag_15': 0.21150482651381067, 'lag_16': 0.009011052102396708, 'lag_17': 0.6521965732286593, 'lag_18': 0.7033137006978127, 'lag_19': 0.9076319989581233, 'lag_20': 0.6604822918816724, 'lag_21': 0.2425117578564952, 'lag_22': 0.6677671809335899, 'lag_23': 0.6322168737109459, 'lag_24': 0.654398712907617, 'lag_25': 0.22111125567604364, 'lag_26': 0.6595512411320706, 'lag_27': 0.6839560005996673, 'lag_28': 0.5719388265279993}. Best is trial 14 with value: 0.01168104527612803.
[I 2025-09-29 11:59:07,466] Trial 77 finished with value: 0.01204440067146061 and parameters: {'lag_0': 0.6251938156007243, 'lag_1': 0.6121815496495039, 'lag_2': 0.6363806265285632, 'lag_3': 0.9062775378160134, 'lag_4': 0.5083267607023271, 'lag_5': 0.24881447332596915, 'lag_6': 0.7702697920357818, 'lag_7': 0.5525132759652343, 'lag_8': 0.7807224117444598, 'lag_9': 0.8643258501040982, 'lag_10': 0.697042810512252, 'lag_11': 0.7911343602396936, 'lag_12': 0.7018683722483281, 'lag_13': 0.6442013617342799, 'lag_14': 0.05138181249042876, 'lag_15': 0.11419235800055505, 'lag_16': 0.06705710802508238, 'lag_17': 0.804412425077844, 'lag_18': 0.8421811333741245, 'lag_19': 0.7760020043613924, 'lag_20': 0.37498006287195845, 'lag_21': 0.1326067985554017, 'lag_22': 0.6377426431934544, 'lag_23': 0.7282924108265094, 'lag_24': 0.6920026238945468, 'lag_25': 0.10475156414065219, 'lag_26': 0.5947349983862311, 'lag_27': 0.6659078406558052, 'lag_28': 0.7212699459598153}. Best is trial 14 with value: 0.01168104527612803.
[I 2025-09-29 11:59:09,883] Trial 78 finished with value: 0.011971204933243575 and parameters: {'lag_0': 0.8387663918306222, 'lag_1': 0.5361413848210013, 'lag_2': 0.7802272291141097, 'lag_3': 0.9510863187460528, 'lag_4': 0.5960867106495662, 'lag_5': 0.4025063437126619, 'lag_6': 0.718990777442183, 'lag_7': 0.41221873634842876, 'lag_8': 0.9108661517986459, 'lag_9': 0.9251681978562752, 'lag_10': 0.859087559517207, 'lag_11': 0.6234410060070332, 'lag_12': 0.24304485457642136, 'lag_13': 0.4218339075070914, 'lag_14': 0.24501638399402909, 'lag_15': 0.511299497801108, 'lag_16': 0.19018796302873914, 'lag_17': 0.7095144594647097, 'lag_18': 0.7483135701768523, 'lag_19': 0.8425584175302072, 'lag_20': 0.23227165853500548, 'lag_21': 0.28877739670872643, 'lag_22': 0.7910911393927644, 'lag_23': 0.6050961971435975, 'lag_24': 0.7753778662559263, 'lag_25': 0.15355889977646078, 'lag_26': 0.5547351523680846, 'lag_27': 0.6180582152202722, 'lag_28': 0.6020299876400812}. Best is trial 14 with value: 0.01168104527612803.
[I 2025-09-29 11:59:12,295] Trial 79 finished with value: 0.011920236720883024 and parameters: {'lag_0': 0.5362044089305545, 'lag_1': 0.4490719316000087, 'lag_2': 0.5696855437944561, 'lag_3': 0.5367934143886601, 'lag_4': 0.6935559349653923, 'lag_5': 0.1631998937670061, 'lag_6': 0.8083919050735238, 'lag_7': 0.4918637006403289, 'lag_8': 0.8614331060605801, 'lag_9': 0.8202828637398036, 'lag_10': 0.7682836655904625, 'lag_11': 0.837269859391208, 'lag_12': 0.2017951193852659, 'lag_13': 0.577094046704942, 'lag_14': 0.19906455115496105, 'lag_15': 0.05377124317140905, 'lag_16': 0.24173692483239917, 'lag_17': 0.5779070847525812, 'lag_18': 0.5897820165140444, 'lag_19': 0.9303740430062687, 'lag_20': 0.29436669867253906, 'lag_21': 0.3114731140710631, 'lag_22': 0.7452744867050487, 'lag_23': 0.7951771696454291, 'lag_24': 0.6221875748622137, 'lag_25': 0.27113708132166053, 'lag_26': 0.6991320436663602, 'lag_27': 0.48175836911962966, 'lag_28': 0.6384641936646722}. Best is trial 14 with value: 0.01168104527612803.
[I 2025-09-29 11:59:14,713] Trial 80 finished with value: 0.0122055945341551 and parameters: {'lag_0': 0.701573034462729, 'lag_1': 0.7209254723578109, 'lag_2': 0.0005681202823878961, 'lag_3': 0.8575370389719071, 'lag_4': 0.6273831273550727, 'lag_5': 0.2222099643898842, 'lag_6': 0.6567089670883366, 'lag_7': 0.43794119013277655, 'lag_8': 0.7172971230398929, 'lag_9': 0.871450693565951, 'lag_10': 0.9343170378307858, 'lag_11': 0.5422830393619911, 'lag_12': 0.527906480685215, 'lag_13': 0.5089479751208842, 'lag_14': 0.700463721512333, 'lag_15': 0.7896958045229029, 'lag_16': 0.09806549388570165, 'lag_17': 0.829923251841164, 'lag_18': 0.677907243324217, 'lag_19': 0.8059096936791219, 'lag_20': 0.5789681467573623, 'lag_21': 0.20789090242671032, 'lag_22': 0.6990587605022764, 'lag_23': 0.6487452980790755, 'lag_24': 0.7355190033123862, 'lag_25': 0.071877518823381, 'lag_26': 0.6462706468944314, 'lag_27': 0.43698522041662063, 'lag_28': 0.8248616295697581}. Best is trial 14 with value: 0.01168104527612803.
[I 2025-09-29 11:59:17,132] Trial 81 finished with value: 0.012102534264523393 and parameters: {'lag_0': 0.7555040605114401, 'lag_1': 0.57264691729393, 'lag_2': 0.8271278135781663, 'lag_3': 0.5763571482481031, 'lag_4': 0.2767583794336388, 'lag_5': 0.2776013943035038, 'lag_6': 0.5784475881894687, 'lag_7': 0.528488437904881, 'lag_8': 0.8289285431738761, 'lag_9': 0.7623900892250034, 'lag_10': 0.8264720109482264, 'lag_11': 0.6910736078464738, 'lag_12': 0.09195149523399693, 'lag_13': 0.47018428980905436, 'lag_14': 0.13483126022054442, 'lag_15': 0.47624500319830654, 'lag_16': 0.5359665333058876, 'lag_17': 0.6301269018447637, 'lag_18': 0.8268887261059993, 'lag_19': 0.9913203173353065, 'lag_20': 0.14808950934792459, 'lag_21': 0.10526753477235301, 'lag_22': 0.7402273466319678, 'lag_23': 0.5707969225659602, 'lag_24': 0.9411306174169078, 'lag_25': 0.327039356082079, 'lag_26': 0.7839386180874732, 'lag_27': 0.5258776708050182, 'lag_28': 0.49970447964648396}. Best is trial 14 with value: 0.01168104527612803.
[I 2025-09-29 11:59:19,548] Trial 82 finished with value: 0.011927230270047528 and parameters: {'lag_0': 0.7230876789298846, 'lag_1': 0.5684406286670204, 'lag_2': 0.8761714540949068, 'lag_3': 0.4904012121170704, 'lag_4': 0.6059311623085718, 'lag_5': 0.36425252667186975, 'lag_6': 0.6922274514077403, 'lag_7': 0.5151524614162137, 'lag_8': 0.8861364292887173, 'lag_9': 0.9494656741299385, 'lag_10': 0.7532924231780598, 'lag_11': 0.7287593654406227, 'lag_12': 0.047207808311863275, 'lag_13': 0.324747638164268, 'lag_14': 0.10262779144854467, 'lag_15': 0.45109652493401603, 'lag_16': 0.39480738062800774, 'lag_17': 0.7262568626969002, 'lag_18': 0.6700570600973939, 'lag_19': 0.9052778910659609, 'lag_20': 0.12596759777372415, 'lag_21': 0.17166541927663348, 'lag_22': 0.7208771152269494, 'lag_23': 0.6808670311748095, 'lag_24': 0.8291669808608215, 'lag_25': 0.1781181495642865, 'lag_26': 0.8275126048854794, 'lag_27': 0.49463805389995574, 'lag_28': 0.4058075795757777}. Best is trial 14 with value: 0.01168104527612803.
[I 2025-09-29 11:59:21,962] Trial 83 finished with value: 0.012280100066810313 and parameters: {'lag_0': 0.6429725942526007, 'lag_1': 0.49456569039368325, 'lag_2': 0.789936679702781, 'lag_3': 0.6384540943130832, 'lag_4': 0.5546781570685004, 'lag_5': 0.4623890891793673, 'lag_6': 0.6069908091321767, 'lag_7': 0.3612608179173621, 'lag_8': 0.8002359530800597, 'lag_9': 0.8259006603944542, 'lag_10': 0.6536920068526231, 'lag_11': 0.6655450727733438, 'lag_12': 0.1682375784267648, 'lag_13': 0.44636607051288, 'lag_14': 0.07357491824214571, 'lag_15': 0.5957567328665383, 'lag_16': 0.34367058674594503, 'lag_17': 0.6749034171408689, 'lag_18': 0.9085733886326238, 'lag_19': 0.6382939059817293, 'lag_20': 0.43213278343389744, 'lag_21': 0.6760727154285963, 'lag_22': 0.09808621494736672, 'lag_23': 0.7211614272412751, 'lag_24': 0.05330414110538692, 'lag_25': 0.3644759148310664, 'lag_26': 0.7248533890650434, 'lag_27': 0.5504207650345991, 'lag_28': 0.462544977999208}. Best is trial 14 with value: 0.01168104527612803.
[I 2025-09-29 11:59:24,547] Trial 84 finished with value: 0.0116082534683913 and parameters: {'lag_0': 0.7958603942764303, 'lag_1': 0.5189010883401892, 'lag_2': 0.7633164718521933, 'lag_3': 0.6801635476733818, 'lag_4': 0.49438673235339403, 'lag_5': 0.4130798425176403, 'lag_6': 0.5661788512435619, 'lag_7': 0.46333079305380676, 'lag_8': 0.9287488871125398, 'lag_9': 0.7070283271657333, 'lag_10': 0.7955423014913193, 'lag_11': 0.7566477864858888, 'lag_12': 0.7863830024784253, 'lag_13': 0.390491360529037, 'lag_14': 0.1725590808464287, 'lag_15': 0.4895792806031232, 'lag_16': 0.6873647750339416, 'lag_17': 0.22015422476996693, 'lag_18': 0.7474530263005825, 'lag_19': 0.8799464571145551, 'lag_20': 0.06694838862339166, 'lag_21': 0.03643430457429109, 'lag_22': 0.6412399218817213, 'lag_23': 0.5229428771133386, 'lag_24': 0.4991124387597547, 'lag_25': 0.2970767249359178, 'lag_26': 0.8008400988915558, 'lag_27': 0.5857210095637827, 'lag_28': 0.5430827171763244}. Best is trial 84 with value: 0.0116082534683913.
[I 2025-09-29 11:59:26,971] Trial 85 finished with value: 0.01187458712382642 and parameters: {'lag_0': 0.7792262967848272, 'lag_1': 0.5259491080040135, 'lag_2': 0.66703730704283, 'lag_3': 0.4491393016646285, 'lag_4': 0.6496630754824478, 'lag_5': 0.4144298220216195, 'lag_6': 0.4834629716644756, 'lag_7': 0.45943374933702824, 'lag_8': 0.9394330331415591, 'lag_9': 0.7012427411490127, 'lag_10': 0.7938641583473617, 'lag_11': 0.7750893300162077, 'lag_12': 0.7813312289974966, 'lag_13': 0.3985388404597125, 'lag_14': 0.1756934966156741, 'lag_15': 0.6466822318491982, 'lag_16': 0.44780303261635174, 'lag_17': 0.09145412587689772, 'lag_18': 0.7250946603144279, 'lag_19': 0.8759901875791555, 'lag_20': 0.02918883306574159, 'lag_21': 0.11441337522373952, 'lag_22': 0.6364965590736245, 'lag_23': 0.6891493680993288, 'lag_24': 0.5738384927177628, 'lag_25': 0.2243954408866556, 'lag_26': 0.8873212871866212, 'lag_27': 0.641794413665705, 'lag_28': 0.5539914224650909}. Best is trial 84 with value: 0.0116082534683913.
[I 2025-09-29 11:59:29,390] Trial 86 finished with value: 0.011814060501052841 and parameters: {'lag_0': 0.8473135913890013, 'lag_1': 0.42414340709410003, 'lag_2': 0.7612403202365954, 'lag_3': 0.7577391490100315, 'lag_4': 0.4943869324836544, 'lag_5': 0.3137703651428556, 'lag_6': 0.6402127525355646, 'lag_7': 0.4021645267761917, 'lag_8': 0.8545791776343925, 'lag_9': 0.7339702906652407, 'lag_10': 0.880450192055125, 'lag_11': 0.7517949445338817, 'lag_12': 0.8445908328100685, 'lag_13': 0.36509523761216284, 'lag_14': 0.04164158372391697, 'lag_15': 0.3513760606200952, 'lag_16': 0.8574386935207453, 'lag_17': 0.23535931859895107, 'lag_18': 0.7995632869373026, 'lag_19': 0.9566061281711141, 'lag_20': 0.07738887544921944, 'lag_21': 0.0020853365360863907, 'lag_22': 0.5510690842249963, 'lag_23': 0.5247646819746836, 'lag_24': 0.4488439446595036, 'lag_25': 0.30112206881663434, 'lag_26': 0.7557907293316402, 'lag_27': 0.5887020050955091, 'lag_28': 0.7436334297297986}. Best is trial 84 with value: 0.0116082534683913.
[I 2025-09-29 11:59:31,801] Trial 87 finished with value: 0.012152002271538394 and parameters: {'lag_0': 0.883926444819543, 'lag_1': 0.47265686566150866, 'lag_2': 0.7339748729355022, 'lag_3': 0.5565653341187444, 'lag_4': 0.5879834714061035, 'lag_5': 0.3459549445419028, 'lag_6': 0.29102812763073044, 'lag_7': 0.48154194382388493, 'lag_8': 0.9227936827887315, 'lag_9': 0.9738837766143859, 'lag_10': 0.8472846837734025, 'lag_11': 0.6332284839994436, 'lag_12': 0.7363355864353645, 'lag_13': 0.3007961017086964, 'lag_14': 0.15256340152627168, 'lag_15': 0.5185449511067525, 'lag_16': 0.15768670799556525, 'lag_17': 0.15665131360611279, 'lag_18': 0.9726332120761378, 'lag_19': 0.5674760069054037, 'lag_20': 0.18234946670645671, 'lag_21': 0.05702866951570576, 'lag_22': 0.7742056835774245, 'lag_23': 0.9410123571987807, 'lag_24': 0.720348102630349, 'lag_25': 0.27512912717730414, 'lag_26': 0.6737607663413323, 'lag_27': 0.6069084114193515, 'lag_28': 0.6890736236268997}. Best is trial 84 with value: 0.0116082534683913.
