[I 2025-10-03 11:31:40,177] Trial 12 finished with values: [0.08116099773242631, 0.0037994586865713158, 0.0013076464854642068, 0.00741725978568023, 0.0028164961250333022, 0.003608381419099889, 0.0014723881454839357, 0.0028911693135954646, 0.004735989406999286, 0.000559631363574548, 0.0004943995190926375, 0.0003937354757376214, 0.0024741346234252127, 0.02475515750945459, 0.0, 0.0007272465798639244, 0.003423915879461495, 0.0009383148029349187, 0.0009041636580715973, 9.439601413275788e-05, 7.169343504109353e-05, 0.00011211734639585984, 0.0001917574636873335, 0.0003450922465332295, 1.7190047495682242e-05, 0.0007830502013430959, 0.00027655014901545566, 0.001989263295361694, 0.0009004069751017942] and parameters: {'lag_0': 0.9964898405011118, 'lag_1': 0.6295488470770086, 'lag_2': 0.894593732027273, 'lag_3': 0.4956759578211253, 'lag_4': 0.31287410001870997, 'lag_5': 0.02032073942137979, 'lag_6': 0.27036465285382877, 'lag_7': 0.9920260995355956, 'lag_8': 0.25424340067419576, 'lag_9': 0.7972425385029609, 'lag_10': 0.37776242188803344, 'lag_11': 0.030028522667115254, 'lag_12': 0.4064726677623354, 'lag_13': 0.03358083018840261, 'lag_14': 0.6176940530079174, 'lag_15': 0.47904690741909095, 'lag_16': 0.4283695621536331, 'lag_17': 0.8173371040777525, 'lag_18': 0.24048426228718242, 'lag_19': 0.011721639507119434, 'lag_20': 0.3759386898166514, 'lag_21': 0.2718449764152524, 'lag_22': 0.30489990570118497, 'lag_23': 0.07146963187615676, 'lag_24': 0.9787329215246852, 'lag_25': 0.8417534890155852, 'lag_26': 0.1366224803357803, 'lag_27': 0.32304472177353577, 'lag_28': 0.8852551460452686}.
[I 2025-10-03 11:31:42,791] Trial 13 finished with values: [0.1024081632653061, 0.005815708597954483, 0.0013707565214516732, 0.007683032116008443, 0.0018559906583641528, 0.0038303185574292352, 0.003920172248234672, 0.005203880894995521, 0.0031673406985991645, 0.0012019175743972163, 0.0015551934504527225, 0.00018498956388524374, 0.001980207472491206, 0.027132120099637315, 0.0, 0.0006158723766326237, 0.004212767347006719, 0.0011930183695076557, 0.0006908420242916745, 0.00018775256626336515, 8.296332963677295e-05, 0.00019991644775985026, 0.00022526069050422836, 0.0004848446589799927, 0.00016919728288939767, 0.0008452461626489098, 0.0002906026893445274, 0.0013939025720992354, 0.0003139325131623955] and parameters: {'lag_0': 0.8301367111975637, 'lag_1': 0.5689168696527677, 'lag_2': 0.6538034242022234, 'lag_3': 0.15563512528943463, 'lag_4': 0.6687694347800772, 'lag_5': 0.6344403039888291, 'lag_6': 0.3125491724004637, 'lag_7': 0.6384277525764077, 'lag_8': 0.09945347263430498, 'lag_9': 0.5158067563695462, 'lag_10': 0.0744838069686498, 'lag_11': 0.8492178179073773, 'lag_12': 0.48860219631641943, 'lag_13': 0.4114517597087328, 'lag_14': 0.6030632941185251, 'lag_15': 0.20478285726014012, 'lag_16': 0.7491178288220524, 'lag_17': 0.4455481803396771, 'lag_18': 0.6325257061064747, 'lag_19': 0.6256985855758124, 'lag_20': 0.6030943166950019, 'lag_21': 0.47078516277667304, 'lag_22': 0.24676130024475823, 'lag_23': 0.9057432729536158, 'lag_24': 0.3210470834110261, 'lag_25': 0.7944657447365658, 'lag_26': 0.04343941963086901, 'lag_27': 0.20926471867965102, 'lag_28': 0.027437902473303587}.
[I 2025-10-03 11:31:45,396] Trial 14 finished with values: [0.0733858418367347, 0.0006333636316982272, 0.0022297940133514426, 0.004576276572347388, 0.0016458208142610335, 0.0037193310278728687, 0.002389576738982045, 0.005056137366718042, 0.0024168910157862005, 0.003061673141354045, 0.00220153134100671, 0.00036746026680490576, 0.0023394446233943717, 0.023488679500883684, 0.0, 0.0014250926732331417, 0.004388288773540418, 0.0015249228098001822, 0.0010185328399979399, 0.00014625898953554776, 9.085052541995882e-05, 0.00014552946745870888, 0.0001524018851269126, 0.0003745646059125787, 4.2550666767614426e-05, 0.0009968438590418145, 0.0001321457468632624, 0.0018512049595703572, 0.0015159303617884707] and parameters: {'lag_0': 0.6108520105510031, 'lag_1': 0.18174003844771658, 'lag_2': 0.5202123499035965, 'lag_3': 0.8884817623222148, 'lag_4': 0.7874943877512307, 'lag_5': 0.6940502032098004, 'lag_6': 0.7328986036364508, 'lag_7': 0.3590746262603299, 'lag_8': 0.481304555669798, 'lag_9': 0.32394844158459923, 'lag_10': 0.3753687737599321, 'lag_11': 0.9070419392047573, 'lag_12': 0.32724891791684235, 'lag_13': 0.31053876645726924, 'lag_14': 0.3017881930666985, 'lag_15': 0.5022041312098146, 'lag_16': 0.5325608908022512, 'lag_17': 0.2550964227440269, 'lag_18': 0.7278738212515797, 'lag_19': 0.8389995989387758, 'lag_20': 0.9921663237392809, 'lag_21': 0.4470479853103023, 'lag_22': 0.9137960166919509, 'lag_23': 0.5318531025730364, 'lag_24': 0.34376413272152984, 'lag_25': 0.760819586804477, 'lag_26': 0.06625602360981937, 'lag_27': 0.5984310046117167, 'lag_28': 0.6302095380821764}.
[I 2025-10-03 11:31:48,013] Trial 15 finished with values: [0.08767602040816327, 0.0034476052252176586, 0.001050259736991311, 0.006470448487195732, 0.001421436534035754, 0.004827239275089279, 0.002430851173167363, 0.003205703003991056, 0.003536765181934332, 0.0006817866874653282, 0.0012150903081550868, 0.0002172126133703683, 0.0013327906232205322, 0.019656802492776855, 0.0, 0.0008350287047111151, 0.003950414656883577, 0.0011577043633453205, 0.0006004811566188005, 8.522489600239628e-05, 0.00010602498258251802, 8.31000509758823e-05, 0.00017972569339276575, 0.00015214302702167942, 2.4689073666859146e-05, 0.0004674063147224191, 0.0003952386063642557, 0.0019899150397590876, 0.0010350447531227388] and parameters: {'lag_0': 0.0054667906853899904, 'lag_1': 0.4366195203196894, 'lag_2': 0.4587224703471208, 'lag_3': 0.9854008161595723, 'lag_4': 0.9525884308894857, 'lag_5': 0.22066132237418057, 'lag_6': 0.5501067557723822, 'lag_7': 0.3414426198486762, 'lag_8': 0.8177591374613272, 'lag_9': 0.8875337346084036, 'lag_10': 0.7026212710208776, 'lag_11': 0.14083400108437968, 'lag_12': 0.8096753457438491, 'lag_13': 0.10373137092801617, 'lag_14': 0.8396144615139388, 'lag_15': 0.9734013636702826, 'lag_16': 0.08686761121778036, 'lag_17': 0.7733321285806724, 'lag_18': 0.8403659050517643, 'lag_19': 0.03189366478178546, 'lag_20': 0.34040652089177803, 'lag_21': 0.4908067632385827, 'lag_22': 0.5678458722613835, 'lag_23': 0.042820953230466224, 'lag_24': 0.5571790760507035, 'lag_25': 0.8380522162600212, 'lag_26': 0.5822025950416783, 'lag_27': 0.2521616565340907, 'lag_28': 0.17120162958127522}.
[I 2025-10-03 11:31:50,616] Trial 16 finished with values: [0.09529626506249884, 0.00484516996232328, 0.0014197317067685714, 0.0035839610937855697, 0.0006794398287024556, 0.005308367117319892, 0.0013933514149266307, 0.0033284398498267, 0.0037144769898556002, 0.0007964409906641027, 0.0016178344099073351, 0.0003658574924083114, 0.002582753866076503, 0.022317715734649867, 0.0, 0.0007796616833778912, 0.0041530352200180335, 0.0008992616365248122, 0.0010479364406506234, 0.0001988467213238228, 7.335428154135508e-05, 0.00029845422884552237, 0.00030371953985724564, 0.00022382819100091566, 0.00010260910155264174, 0.000794939666072882, 0.00013308745675761268, 0.00179972984433245, 0.0010247845153709945] and parameters: {'lag_0': 0.0448309405646052, 'lag_1': 0.3545522754834078, 'lag_2': 0.29185503266852286, 'lag_3': 0.8651517206552848, 'lag_4': 0.4720562010058893, 'lag_5': 0.7727989732755493, 'lag_6': 0.5739734131907558, 'lag_7': 0.5569988166671036, 'lag_8': 0.976283508977111, 'lag_9': 0.4422094506105611, 'lag_10': 0.4312651959554881, 'lag_11': 0.938026668583415, 'lag_12': 0.37796029231258765, 'lag_13': 0.5998777158407215, 'lag_14': 0.013131517911208958, 'lag_15': 0.796407027090736, 'lag_16': 0.5023651791067798, 'lag_17': 0.6238120022907944, 'lag_18': 0.8235307160988248, 'lag_19': 0.19517179072317137, 'lag_20': 0.14745832913478713, 'lag_21': 0.8182719211672751, 'lag_22': 0.36886825923515504, 'lag_23': 0.8788883777786002, 'lag_24': 0.7539738780346927, 'lag_25': 0.681309747090203, 'lag_26': 0.7839313414019163, 'lag_27': 0.35909227411899286, 'lag_28': 0.8299684216106473}.
[I 2025-10-03 11:31:53,214] Trial 17 finished with values: [0.0597132779037541, 0.0012582908163265307, 0.006668162534589117, 0.006327230961327897, 0.0028304633375602736, 0.0034216344254742125, 0.002404628447050466, 0.0036909403257168183, 0.001360688866826613, 0.002019839566572021, 0.00033016623282677355, 0.00015948983950938827, 0.001846221649962235, 0.02454732288899217, 0.0, 0.0008793438700175664, 0.0031677022200354093, 0.001309076249653296, 0.0008604804331492223, 7.969478241513964e-05, 5.9796676004764476e-05, 0.00011256694840448413, 0.00015262882766171635, 0.0004708504334305067, 0.0001364986283878584, 0.0008450449559453783, 0.0006796773682511283, 0.0023177892700302375, 0.0008390820885807954] and parameters: {'lag_0': 0.7848933216095931, 'lag_1': 0.573253228377751, 'lag_2': 0.5648497790547001, 'lag_3': 0.7680075076342442, 'lag_4': 0.4455541122666578, 'lag_5': 0.04178636569109214, 'lag_6': 0.28106597113773507, 'lag_7': 0.5378582925435256, 'lag_8': 0.7760185691058822, 'lag_9': 0.9551711378499407, 'lag_10': 0.40058262585669696, 'lag_11': 0.6834781913610667, 'lag_12': 0.49082774078605246, 'lag_13': 0.47554105229979887, 'lag_14': 0.9807918553698294, 'lag_15': 0.9762458344631106, 'lag_16': 0.5860312094077847, 'lag_17': 0.40898360901173386, 'lag_18': 0.6732396862985323, 'lag_19': 0.7159999993106834, 'lag_20': 0.04787640050780104, 'lag_21': 0.35838179761473465, 'lag_22': 0.17902235738334132, 'lag_23': 0.004597856341186183, 'lag_24': 0.1314872603792464, 'lag_25': 0.9404208378364555, 'lag_26': 0.7522343946099842, 'lag_27': 0.03233321819844402, 'lag_28': 0.7559211721680609}.
[I 2025-10-03 11:31:55,827] Trial 18 finished with values: [0.12755102040816327, 0.009300662826892403, 0.006394896677771471, 0.004096798944296326, 0.00029569243963493036, 0.002071838525936071, 0.0004950741314878125, 0.005287085754627996, 0.0032269726598039518, 0.0011614849014987727, 0.00040896390528880457, 0.0002787154809269839, 0.0022829494026870866, 0.023333905050366647, 0.0, 0.0002899746949659624, 0.002774498999091586, 0.0011516194713417302, 0.0007750492936379796, 5.366190018849524e-05, 3.944592494613446e-05, 0.0002571276106923714, 0.00022748658160914544, 0.0005415827691379672, 5.286557116661638e-05, 0.0008885602284334339, 0.00021116825705525463, 0.002470121063838409, 0.0006991569175282817] and parameters: {'lag_0': 0.7152203008436099, 'lag_1': 0.5020421720217829, 'lag_2': 0.8265860888339509, 'lag_3': 0.9107539987383662, 'lag_4': 0.2172246420151925, 'lag_5': 0.0057208255975437616, 'lag_6': 0.564693816892065, 'lag_7': 0.8794573290512601, 'lag_8': 0.19772473259526469, 'lag_9': 0.9259795366696123, 'lag_10': 0.9258396294957709, 'lag_11': 0.8752649589900904, 'lag_12': 0.3342231920620434, 'lag_13': 0.8005781415292244, 'lag_14': 0.6670188878130249, 'lag_15': 0.2944939256635814, 'lag_16': 0.3104705131250987, 'lag_17': 0.8016194381075464, 'lag_18': 0.1565818969716077, 'lag_19': 0.6163358666333374, 'lag_20': 0.6976690900712118, 'lag_21': 0.3914840550430568, 'lag_22': 0.3188741464967685, 'lag_23': 0.23265759777887451, 'lag_24': 0.710110596396463, 'lag_25': 0.6468287171201409, 'lag_26': 0.4269001628248066, 'lag_27': 0.1640459292909993, 'lag_28': 0.08939486951963312}.
[I 2025-10-03 11:31:58,442] Trial 19 finished with values: [0.08096967120181406, 0.0033779917943148885, 0.0007994169659908442, 0.011171056028019107, 0.0016558219199114496, 0.003709270590725071, 0.001759894620398136, 0.0034579783244448646, 0.0019546369125103156, 0.0010066180615928137, 0.0009253262285827226, 0.00019426207525405356, 0.0022367536182568513, 0.026495384831299845, 0.0, 0.0007687651008393372, 0.0032769646538040815, 0.0013997058619450056, 0.0007293736261389461, 9.880703190620593e-05, 4.8881251070606256e-05, 0.0002164062390472632, 0.00016411758427792633, 0.0004137846180462815, 5.290611298241703e-05, 0.0004353791759466404, 8.587771560131665e-05, 0.0017279318702539403, 0.0018998814185423461] and parameters: {'lag_0': 0.3965117966102998, 'lag_1': 0.12185922037898848, 'lag_2': 0.6223599377787479, 'lag_3': 0.40223438730175654, 'lag_4': 0.2509583138429765, 'lag_5': 0.3228084776218836, 'lag_6': 0.24747404006804613, 'lag_7': 0.9705624781887241, 'lag_8': 0.15027128538781895, 'lag_9': 0.5147376725972996, 'lag_10': 0.6506565121267307, 'lag_11': 0.7674889119819891, 'lag_12': 0.906646307468476, 'lag_13': 0.40889771010591347, 'lag_14': 0.3042816056446516, 'lag_15': 0.391919926459698, 'lag_16': 0.1810663441700717, 'lag_17': 0.6710920091810274, 'lag_18': 0.12376395371099208, 'lag_19': 0.4880143772888185, 'lag_20': 0.12953964014759067, 'lag_21': 0.3410007220319031, 'lag_22': 0.5481258173512602, 'lag_23': 0.5155218290474504, 'lag_24': 0.8393890586099225, 'lag_25': 0.3199224013825606, 'lag_26': 0.16097129361874518, 'lag_27': 0.22342778170835392, 'lag_28': 0.26945751087312714}.
[I 2025-10-03 11:32:01,060] Trial 20 finished with values: [0.12755102040816327, 0.00380482898565159, 0.003917619190483032, 0.011743120844916513, 0.0010215916289771578, 0.004667473112518055, 0.002912755430413063, 0.0020633761589498346, 0.00245105675906356, 0.0011445988258963944, 0.0017904879677368985, 0.00023067237147500605, 0.0011785951440949347, 0.02675231962601308, 0.0, 0.0005885026236509614, 0.00354352979294015, 0.0017242148822295248, 0.000682340274401074, 8.067136079295522e-05, 5.492546549828296e-05, 0.00013093656630529935, 8.205316692385473e-05, 0.00024944911470108365, 4.4937265647761106e-05, 0.0008479910327729399, 0.0001962058492662619, 0.0013902658057114864, 0.0013690665763306082] and parameters: {'lag_0': 0.9250162269016647, 'lag_1': 0.2920310840977214, 'lag_2': 0.968724340020146, 'lag_3': 0.4917768054881859, 'lag_4': 0.45061526890935394, 'lag_5': 0.10980740040506429, 'lag_6': 0.8676783395716028, 'lag_7': 0.23743376130149124, 'lag_8': 0.561478683304883, 'lag_9': 0.8254784000704009, 'lag_10': 0.5593236552751419, 'lag_11': 0.31704612472995014, 'lag_12': 0.8199221268842591, 'lag_13': 0.1906640467479239, 'lag_14': 0.6679372729811749, 'lag_15': 0.9187804283519754, 'lag_16': 0.7569599592675665, 'lag_17': 0.7333743410024857, 'lag_18': 0.25548149727026986, 'lag_19': 0.9384875245543951, 'lag_20': 0.3047614377609436, 'lag_21': 0.6841484687385534, 'lag_22': 0.45777239651779084, 'lag_23': 0.2885284205418593, 'lag_24': 0.936934596147888, 'lag_25': 0.0315508544729962, 'lag_26': 0.6800776272492278, 'lag_27': 0.8700157871045227, 'lag_28': 0.4976650413370501}.
[I 2025-10-03 11:32:03,669] Trial 21 finished with values: [0.11122448979591837, 0.004189643287977707, 0.0036228953141327963, 0.0077432187124103465, 0.0011293556882339638, 0.007059953912701184, 0.002717192822083327, 0.002159131572238492, 0.0030384360002724347, 0.0008289809204814928, 0.0011539130369256378, 0.0002965618676186494, 0.0013017820987122493, 0.02685537948659486, 0.0, 0.001536256522151619, 0.0034278812345332615, 0.0012248145554593659, 0.0006083947835271064, 0.0001017122651387142, 5.773121818565065e-05, 4.899168290366786e-05, 0.000291923249157518, 0.00032765558067293914, 6.841504744993785e-05, 0.0007822987635369304, 0.0005010232096840917, 0.001542748475194916, 0.0014596355023387447] and parameters: {'lag_0': 0.9651079886368384, 'lag_1': 0.7183412826724964, 'lag_2': 0.48248896590839435, 'lag_3': 0.5902771213594151, 'lag_4': 0.843985387463324, 'lag_5': 0.82102754620926, 'lag_6': 0.8082623832124943, 'lag_7': 0.48676501281021917, 'lag_8': 0.17643902119618632, 'lag_9': 0.05604017215855664, 'lag_10': 0.9020709121084732, 'lag_11': 0.47743484018528254, 'lag_12': 0.3098914368143993, 'lag_13': 0.13464169966372722, 'lag_14': 0.29899557753384104, 'lag_15': 0.31436545328347604, 'lag_16': 0.5793318300290001, 'lag_17': 0.9247828428518028, 'lag_18': 0.2517619536712385, 'lag_19': 0.30187484068154374, 'lag_20': 0.2829592522898908, 'lag_21': 0.9674688451997768, 'lag_22': 0.513933148994612, 'lag_23': 0.8457725299890948, 'lag_24': 0.9126382411239444, 'lag_25': 0.27869698472985305, 'lag_26': 0.13831525489475985, 'lag_27': 0.25363479654068816, 'lag_28': 0.5890056468844345}.
[I 2025-10-03 11:32:06,285] Trial 22 finished with values: [0.12755102040816327, 0.0006475119842128612, 0.0018444751263001677, 0.0039789272948210375, 0.00046154716295183787, 0.0038290943883996778, 0.001399304311608256, 0.0023003400305743778, 0.0042467360329285445, 0.001178835923509303, 0.0012512973678913827, 0.0003148757911061334, 0.001747811256350544, 0.023495735388175776, 0.0, 0.000772875412150646, 0.003300423880059228, 0.0012783593491490232, 0.0007598928724269021, 9.88255130036798e-05, 0.00014231430200728964, 0.000174047970903266, 0.0002352854775041412, 0.00015303952425487535, 0.00010107389323912573, 0.0006950763088226605, 0.000424537309802444, 0.002197987967120293, 0.0012366819205960422] and parameters: {'lag_0': 0.5786790834165998, 'lag_1': 0.7069141270557006, 'lag_2': 0.2738328069153846, 'lag_3': 0.6337574163967045, 'lag_4': 0.6482392684422094, 'lag_5': 0.9056783537621369, 'lag_6': 0.6578989810083717, 'lag_7': 0.6074125384083062, 'lag_8': 0.8790498187710473, 'lag_9': 0.34807351580964124, 'lag_10': 0.37589597932087515, 'lag_11': 0.9078235178654029, 'lag_12': 0.515430456068515, 'lag_13': 0.5367607023585818, 'lag_14': 0.9616203500071628, 'lag_15': 0.21199695581182243, 'lag_16': 0.7055243053971575, 'lag_17': 0.07325813573169276, 'lag_18': 0.5210176355425444, 'lag_19': 0.4834077563411566, 'lag_20': 0.17272519233826394, 'lag_21': 0.6401714462820842, 'lag_22': 0.8339464858593248, 'lag_23': 0.9696442383351803, 'lag_24': 0.6144608218697674, 'lag_25': 0.24940739214744842, 'lag_26': 0.8554249222395025, 'lag_27': 0.5516002315588929, 'lag_28': 0.7467876693761497}.
[I 2025-10-03 11:32:08,905] Trial 23 finished with values: [0.1014847571259909, 0.0048214781006242855, 0.004476434348883858, 0.005165336018696502, 0.0007685062017345964, 0.00253322785077516, 0.0018873896642375714, 0.0014303870818640559, 0.004365381772395642, 0.001055197881576212, 0.0022542041806799494, 0.00034510682423937025, 0.0009942357592971033, 0.024352270347422957, 0.0, 0.0015158913358406018, 0.004236719987076929, 0.0010775898728325143, 0.0006583968472073662, 0.00019079532467962526, 5.092453930718063e-05, 8.902523906463779e-05, 0.00016997859837274105, 0.00017377013089591022, 4.319878590711098e-05, 0.0008001213085713409, 0.00017257560027019478, 0.0017237807540141149, 0.001296570873132619] and parameters: {'lag_0': 0.587264589551304, 'lag_1': 0.8580269457531671, 'lag_2': 0.7503189245992065, 'lag_3': 0.07317170959450367, 'lag_4': 0.6752646493789815, 'lag_5': 0.20222671779068144, 'lag_6': 0.6049768068645848, 'lag_7': 0.9803779697296603, 'lag_8': 0.7641604683882902, 'lag_9': 0.21079187885167908, 'lag_10': 0.43218151089579904, 'lag_11': 0.7323078372304108, 'lag_12': 0.5326938176687366, 'lag_13': 0.2754064784738935, 'lag_14': 0.07056688395115193, 'lag_15': 0.19833193052302542, 'lag_16': 0.744032838068655, 'lag_17': 0.8059461793332059, 'lag_18': 0.5348107361218238, 'lag_19': 0.12699320665929079, 'lag_20': 0.08182197198328288, 'lag_21': 0.7716959055565747, 'lag_22': 0.8046752707670839, 'lag_23': 0.912833908328267, 'lag_24': 0.1334434189755308, 'lag_25': 0.021636946003503205, 'lag_26': 0.5627847384586048, 'lag_27': 0.21186015027762028, 'lag_28': 0.07695357229203567}.
[I 2025-10-03 11:32:11,523] Trial 24 finished with values: [0.11122448979591837, 0.0015111412572815742, 0.0008194278412950957, 0.004203380033746566, 0.002070674358213595, 0.0011980366154373367, 0.0030342985039834686, 0.0022010625780442897, 0.0045730020536971965, 0.001164886706612606, 0.0010980872011334352, 8.833531843896526e-05, 0.002251768906986103, 0.02643759102561208, 0.0, 0.0002964775070003309, 0.003154525211515788, 0.0014037972514428238, 0.0005390809614470103, 0.0001228118135185892, 2.8150000462398294e-05, 0.00015368899174867943, 0.0003587899820851993, 0.0003663009355396075, 1.8938444485681945e-05, 0.0006058994768952922, 0.00012291799678311544, 0.00116445020434115, 0.0017246371187706038] and parameters: {'lag_0': 0.6021483920292862, 'lag_1': 0.2943124646671759, 'lag_2': 0.013435485776042528, 'lag_3': 0.8916713248171263, 'lag_4': 0.6521173587754467, 'lag_5': 0.8490403812221656, 'lag_6': 0.7150809953035644, 'lag_7': 0.9320785857503953, 'lag_8': 0.1010184956040375, 'lag_9': 0.340502560215613, 'lag_10': 0.2283162217948866, 'lag_11': 0.7461848550614927, 'lag_12': 0.8193428637368656, 'lag_13': 0.4231859587732885, 'lag_14': 0.6632583599844073, 'lag_15': 0.8502646513893972, 'lag_16': 0.026854329009637336, 'lag_17': 0.6608655560554018, 'lag_18': 0.6976084310674412, 'lag_19': 0.6985881300987253, 'lag_20': 0.867614329898027, 'lag_21': 0.9674899696234567, 'lag_22': 0.353531538014006, 'lag_23': 0.9421461294967877, 'lag_24': 0.4415897817044106, 'lag_25': 0.5636807057634069, 'lag_26': 0.8790947671819116, 'lag_27': 0.4481451611066144, 'lag_28': 0.17688782160672342}.
