[I 2025-09-29 13:09:09,872] Trial 62 finished with value: 0.011057402564155477 and parameters: {'lag_0': 0.5899636714448291, 'lag_1': 0.8515969789968585, 'lag_2': 0.7337279806491896, 'lag_3': 0.08856216810578887, 'lag_4': 0.5262894631921083, 'lag_5': 0.5369776240105392, 'lag_6': 0.9485188106359407, 'lag_7': 0.24805549200084998, 'lag_8': 0.8324151284710356, 'lag_9': 0.715591314761989, 'lag_10': 0.2698503178497491, 'lag_11': 0.18133067140833153, 'lag_12': 0.5106596120110201, 'lag_13': 0.2939623449725115, 'lag_14': 0.9988791275914405, 'lag_15': 0.26972226931023235, 'lag_16': 0.5230761223228282, 'lag_17': 0.549894339708673, 'lag_18': 0.38255708950386597, 'lag_19': 0.39481657421823363, 'lag_20': 0.32916919911823384, 'lag_21': 0.5418364464210119, 'lag_22': 0.836097010510926, 'lag_23': 0.8238290956969648, 'lag_24': 0.9712974143797021, 'lag_25': 0.882110762044854, 'lag_26': 0.8814515451772935, 'lag_27': 0.2370980183184716, 'lag_28': 0.7552940266024726}. Best is trial 50 with value: 0.009225110034907438.
[I 2025-09-29 13:09:12,368] Trial 63 finished with value: 0.009284987859649934 and parameters: {'lag_0': 0.5258884445276659, 'lag_1': 0.7483331524979134, 'lag_2': 0.9176482195474526, 'lag_3': 0.41923451006482326, 'lag_4': 0.3986357784323109, 'lag_5': 0.41504165117663205, 'lag_6': 0.10858139349188578, 'lag_7': 0.4606142030111533, 'lag_8': 0.7702803745009316, 'lag_9': 0.7612058693851357, 'lag_10': 0.027731531290239253, 'lag_11': 0.22945435194017352, 'lag_12': 0.7608891891635632, 'lag_13': 0.41715072463177144, 'lag_14': 0.944097368150244, 'lag_15': 0.976115032691301, 'lag_16': 0.5690420685958939, 'lag_17': 0.03308601157957565, 'lag_18': 0.6256925075675217, 'lag_19': 0.13395228777922463, 'lag_20': 0.43589762533626947, 'lag_21': 0.42087123881595917, 'lag_22': 0.7088301690423177, 'lag_23': 0.9667601715904325, 'lag_24': 0.8663436684730367, 'lag_25': 0.6285053284011242, 'lag_26': 0.7241017259231547, 'lag_27': 0.182215982508354, 'lag_28': 0.6518657006050752}. Best is trial 50 with value: 0.009225110034907438.
[I 2025-09-29 13:09:14,972] Trial 64 finished with value: 0.010081401563770988 and parameters: {'lag_0': 0.6824289756684498, 'lag_1': 0.7332581047581235, 'lag_2': 0.9277183389722817, 'lag_3': 0.5506107172501478, 'lag_4': 0.406197701115132, 'lag_5': 0.44675222866365466, 'lag_6': 0.029309425330807937, 'lag_7': 0.4644257508911252, 'lag_8': 0.7629127744359696, 'lag_9': 0.7597392880116107, 'lag_10': 0.002865472451580642, 'lag_11': 0.20133010131406917, 'lag_12': 0.7351036102531499, 'lag_13': 0.4081455969505043, 'lag_14': 0.9336528826096013, 'lag_15': 0.9731832141687027, 'lag_16': 0.0008996650817525709, 'lag_17': 0.02995254417054699, 'lag_18': 0.6601217881145738, 'lag_19': 0.09361854763183658, 'lag_20': 0.43769918685529724, 'lag_21': 0.41194088749213315, 'lag_22': 0.7064868670703985, 'lag_23': 0.48308661590892776, 'lag_24': 0.8674906921623325, 'lag_25': 0.6292936746732057, 'lag_26': 0.9581842971224516, 'lag_27': 0.04295203524710481, 'lag_28': 0.6288177272722264}. Best is trial 50 with value: 0.009225110034907438.
[I 2025-09-29 13:09:17,469] Trial 65 finished with value: 0.00978980137680267 and parameters: {'lag_0': 0.5243905776985789, 'lag_1': 0.7654861459598628, 'lag_2': 0.8929471799707647, 'lag_3': 0.888705646463045, 'lag_4': 0.46172250445919805, 'lag_5': 0.3958611956245495, 'lag_6': 0.10084397506052961, 'lag_7': 0.4418619886825069, 'lag_8': 0.8573560890773921, 'lag_9': 0.7916150737356341, 'lag_10': 0.03721516931761824, 'lag_11': 0.24750628696512056, 'lag_12': 0.784758816489662, 'lag_13': 0.5480162174769491, 'lag_14': 0.9659031533891992, 'lag_15': 0.9189729179518995, 'lag_16': 0.5622369955935445, 'lag_17': 0.1856390826112983, 'lag_18': 0.6043749386438443, 'lag_19': 0.16718093967574488, 'lag_20': 0.22852257000139276, 'lag_21': 0.31949197740491575, 'lag_22': 0.5384277876204611, 'lag_23': 0.9695637304663227, 'lag_24': 0.9981219368819646, 'lag_25': 0.7168550480179575, 'lag_26': 0.7440081007588629, 'lag_27': 0.13570601487013784, 'lag_28': 0.6775865794266798}. Best is trial 50 with value: 0.009225110034907438.
[I 2025-09-29 13:09:19,970] Trial 66 finished with value: 0.009675697823037982 and parameters: {'lag_0': 0.6435625429866082, 'lag_1': 0.6935783402221989, 'lag_2': 0.8876207183378365, 'lag_3': 0.41494633484612203, 'lag_4': 0.3652992671586019, 'lag_5': 0.36362031472074685, 'lag_6': 0.17543169332596364, 'lag_7': 0.31103957269207266, 'lag_8': 0.9167223324452664, 'lag_9': 0.8567015635501707, 'lag_10': 0.05895146893209554, 'lag_11': 0.1470078742349014, 'lag_12': 0.8538318492495569, 'lag_13': 0.24692102505864721, 'lag_14': 0.7360487762677004, 'lag_15': 0.5324914915911105, 'lag_16': 0.6670728182344214, 'lag_17': 0.060547641088466844, 'lag_18': 0.7133445292330439, 'lag_19': 0.13323674198078359, 'lag_20': 0.3736603675811078, 'lag_21': 0.42723174684948867, 'lag_22': 0.6692312776220607, 'lag_23': 0.7553924790561033, 'lag_24': 0.9260970141177717, 'lag_25': 0.8186642601835771, 'lag_26': 0.8249136889977198, 'lag_27': 0.19263860721305223, 'lag_28': 0.40177799517016394}. Best is trial 50 with value: 0.009225110034907438.
[I 2025-09-29 13:09:22,460] Trial 67 finished with value: 0.00984765709752363 and parameters: {'lag_0': 0.7219764953836011, 'lag_1': 0.8800201034838907, 'lag_2': 0.9618093873594565, 'lag_3': 0.5020874494998128, 'lag_4': 0.42960398989408943, 'lag_5': 0.5207057416114823, 'lag_6': 0.11557822457725794, 'lag_7': 0.5584043459772002, 'lag_8': 0.809304102630079, 'lag_9': 0.604131706164816, 'lag_10': 0.12084689151061533, 'lag_11': 0.36802016577289065, 'lag_12': 0.6641022986858881, 'lag_13': 0.35496705374858784, 'lag_14': 0.7756723119468253, 'lag_15': 0.8829296646279566, 'lag_16': 0.6140782293745003, 'lag_17': 0.24170887625012388, 'lag_18': 0.5495175319086343, 'lag_19': 0.22219876866764654, 'lag_20': 0.5167729449772357, 'lag_21': 0.3752320480714488, 'lag_22': 0.5910470485697891, 'lag_23': 0.8682264559409905, 'lag_24': 0.7725257165633255, 'lag_25': 0.6764379704452047, 'lag_26': 0.796100071529099, 'lag_27': 0.08517798551801743, 'lag_28': 0.047484030670968735}. Best is trial 50 with value: 0.009225110034907438.
[I 2025-09-29 13:09:24,952] Trial 68 finished with value: 0.010268568598366057 and parameters: {'lag_0': 0.46138882724082647, 'lag_1': 0.7909850057225535, 'lag_2': 0.6089645486042892, 'lag_3': 0.4588946818991708, 'lag_4': 0.3122445224367711, 'lag_5': 0.6072914088725071, 'lag_6': 0.2420094875161024, 'lag_7': 0.4867709512172679, 'lag_8': 0.7394694866514699, 'lag_9': 0.6983636003457838, 'lag_10': 0.20928603072341778, 'lag_11': 0.04791594032137142, 'lag_12': 0.6136453523496327, 'lag_13': 0.46751198076248035, 'lag_14': 0.8491213208289736, 'lag_15': 0.793739501631007, 'lag_16': 0.5804456304154577, 'lag_17': 0.003594120237390766, 'lag_18': 0.6485301829542659, 'lag_19': 0.257554511206081, 'lag_20': 0.46292414889569156, 'lag_21': 0.5220114789432233, 'lag_22': 0.6310056409900132, 'lag_23': 0.7952667635227694, 'lag_24': 0.8972184472411738, 'lag_25': 0.7472908501945273, 'lag_26': 0.7756266366164501, 'lag_27': 0.20582109483116734, 'lag_28': 0.005645964766275497}. Best is trial 50 with value: 0.009225110034907438.
[I 2025-09-29 13:09:27,441] Trial 69 finished with value: 0.00969416860665708 and parameters: {'lag_0': 0.3925602068332429, 'lag_1': 0.834084233014086, 'lag_2': 0.777864051652906, 'lag_3': 0.6474718119254772, 'lag_4': 0.35570420503465094, 'lag_5': 0.42715598792626097, 'lag_6': 0.08052055868302643, 'lag_7': 0.4497019753013748, 'lag_8': 0.9525200446025807, 'lag_9': 0.6565668162873143, 'lag_10': 0.16040598396691946, 'lag_11': 0.2386799796108983, 'lag_12': 0.7060887076273521, 'lag_13': 0.6661173313102933, 'lag_14': 0.9069198617845589, 'lag_15': 0.7499804444456422, 'lag_16': 0.8720817365913023, 'lag_17': 0.169721957830279, 'lag_18': 0.4868652780162871, 'lag_19': 0.09805817626416849, 'lag_20': 0.31788888798802667, 'lag_21': 0.9768224504455114, 'lag_22': 0.7392279199603811, 'lag_23': 0.9978786918206572, 'lag_24': 0.8029519565758063, 'lag_25': 0.5826873604302494, 'lag_26': 0.8971141904291406, 'lag_27': 0.005514397423553044, 'lag_28': 0.7123438503884016}. Best is trial 50 with value: 0.009225110034907438.
[I 2025-09-29 13:09:29,932] Trial 70 finished with value: 0.010855706961382262 and parameters: {'lag_0': 0.8273629960702116, 'lag_1': 0.6622270906576752, 'lag_2': 0.8475156919154172, 'lag_3': 0.3688101163640135, 'lag_4': 0.5161193657369045, 'lag_5': 0.8949681771576274, 'lag_6': 0.12672659328192284, 'lag_7': 0.39523496724193036, 'lag_8': 0.8751704253164246, 'lag_9': 0.9252172088391784, 'lag_10': 0.23655591733532533, 'lag_11': 0.11419380840387187, 'lag_12': 0.7565187768501462, 'lag_13': 0.5851907526887767, 'lag_14': 0.6916956287934546, 'lag_15': 0.6425777979650427, 'lag_16': 0.10391575969405058, 'lag_17': 0.0858349768466197, 'lag_18': 0.5217993267581801, 'lag_19': 0.32751081939014154, 'lag_20': 0.5528791691962479, 'lag_21': 0.4774328479246005, 'lag_22': 0.48777708007222803, 'lag_23': 0.41371530929994865, 'lag_24': 0.8587579770812471, 'lag_25': 0.6472866405994234, 'lag_26': 0.3683635009577777, 'lag_27': 0.14448886909369413, 'lag_28': 0.22745819973585807}. Best is trial 50 with value: 0.009225110034907438.
[I 2025-09-29 13:09:32,428] Trial 71 finished with value: 0.010249750995453773 and parameters: {'lag_0': 0.5601072834734647, 'lag_1': 0.745206935923289, 'lag_2': 0.8360273459990742, 'lag_3': 0.28640439686895175, 'lag_4': 0.28759066169061026, 'lag_5': 0.2935400991846265, 'lag_6': 0.1585395951349827, 'lag_7': 0.00629657855422433, 'lag_8': 0.7823357294422397, 'lag_9': 0.4838693381992727, 'lag_10': 0.5703121207826027, 'lag_11': 0.16153559208591278, 'lag_12': 0.45825798170529924, 'lag_13': 0.41569777558613064, 'lag_14': 0.8916382650211608, 'lag_15': 0.9635943146222473, 'lag_16': 0.4391042499924086, 'lag_17': 0.1310065124402551, 'lag_18': 0.4215864640546345, 'lag_19': 0.019327537334660236, 'lag_20': 0.6919999410811785, 'lag_21': 0.2246842769701863, 'lag_22': 0.7736522827748981, 'lag_23': 0.9233190581288595, 'lag_24': 0.7350261019436954, 'lag_25': 0.6978986886517757, 'lag_26': 0.5315719197008935, 'lag_27': 0.18198821656683756, 'lag_28': 0.8772902403276793}. Best is trial 50 with value: 0.009225110034907438.
[I 2025-09-29 13:09:34,930] Trial 72 finished with value: 0.010662665436934013 and parameters: {'lag_0': 0.6079977959758508, 'lag_1': 0.46871589561854615, 'lag_2': 0.8046126516491524, 'lag_3': 0.17213383773217406, 'lag_4': 0.11712398617299734, 'lag_5': 0.31606281180035345, 'lag_6': 0.21003013180172583, 'lag_7': 0.5069480648349878, 'lag_8': 0.7001841512544227, 'lag_9': 0.352287816594167, 'lag_10': 0.13672293684857442, 'lag_11': 0.7531746778520471, 'lag_12': 0.013941254303682205, 'lag_13': 0.5077511491034549, 'lag_14': 0.9707702295873479, 'lag_15': 0.9966725977624028, 'lag_16': 0.4955758789139026, 'lag_17': 0.09996051309144055, 'lag_18': 0.46565128849999954, 'lag_19': 0.48299609345930505, 'lag_20': 0.45324355971246627, 'lag_21': 0.12081784239247892, 'lag_22': 0.6985085972676959, 'lag_23': 0.8476541307417634, 'lag_24': 0.8237338896290377, 'lag_25': 0.5019243969423592, 'lag_26': 0.5840069351430204, 'lag_27': 0.96222655087049, 'lag_28': 0.9005928771737991}. Best is trial 50 with value: 0.009225110034907438.
[I 2025-09-29 13:09:37,417] Trial 73 finished with value: 0.009869427889303183 and parameters: {'lag_0': 0.5119683555728816, 'lag_1': 0.9480504872587623, 'lag_2': 0.9170144585528598, 'lag_3': 0.438140947605716, 'lag_4': 0.1732106244422611, 'lag_5': 0.20730044206615378, 'lag_6': 0.03002950528176629, 'lag_7': 0.1833258335970557, 'lag_8': 0.8258848715047459, 'lag_9': 0.7503960552728887, 'lag_10': 0.6803197713625361, 'lag_11': 0.3122950424286257, 'lag_12': 0.5537378546597286, 'lag_13': 0.3824567994544672, 'lag_14': 0.9320091365649198, 'lag_15': 0.8480727974271607, 'lag_16': 0.21428528620321113, 'lag_17': 0.04782723409188681, 'lag_18': 0.35017065726831015, 'lag_19': 0.3663899534880406, 'lag_20': 0.7847832920610508, 'lag_21': 0.17679679809327817, 'lag_22': 0.8006478515381844, 'lag_23': 0.8919512198937284, 'lag_24': 0.9241250444669366, 'lag_25': 0.3190152579679685, 'lag_26': 0.4629677586154585, 'lag_27': 0.26732607422365956, 'lag_28': 0.8403602341306855}. Best is trial 50 with value: 0.009225110034907438.
[I 2025-09-29 13:09:39,910] Trial 74 finished with value: 0.009855713971141433 and parameters: {'lag_0': 0.5699029186664474, 'lag_1': 0.6284256328302787, 'lag_2': 0.5390821642715973, 'lag_3': 0.001724938722669614, 'lag_4': 0.0669636251398854, 'lag_5': 0.25355853064235306, 'lag_6': 0.7025953040402942, 'lag_7': 0.03708495308994192, 'lag_8': 0.7142234909961893, 'lag_9': 0.5135027749254176, 'lag_10': 0.10561596943727053, 'lag_11': 0.39011556979130757, 'lag_12': 0.3321283730900705, 'lag_13': 0.44699758812212464, 'lag_14': 0.8087610487224018, 'lag_15': 0.9241975189609288, 'lag_16': 0.32658865176567253, 'lag_17': 0.20448591212270673, 'lag_18': 0.5820428674691732, 'lag_19': 0.30482933294720904, 'lag_20': 0.9059044140286353, 'lag_21': 0.04209749843797561, 'lag_22': 0.9173411921972128, 'lag_23': 0.6076859166532297, 'lag_24': 0.8691646986054407, 'lag_25': 0.6099634568065225, 'lag_26': 0.7203465519844783, 'lag_27': 0.11102382923362887, 'lag_28': 0.96997539017771}. Best is trial 50 with value: 0.009225110034907438.
[I 2025-09-29 13:09:42,399] Trial 75 finished with value: 0.009721367655308396 and parameters: {'lag_0': 0.4640028794707725, 'lag_1': 0.9875264298820914, 'lag_2': 0.7590070323966204, 'lag_3': 0.6090351848022111, 'lag_4': 0.25031697155398147, 'lag_5': 0.340832491687338, 'lag_6': 0.6313796586551977, 'lag_7': 0.09605869658037382, 'lag_8': 0.668244458384214, 'lag_9': 0.7989711469959577, 'lag_10': 0.06254669556198712, 'lag_11': 0.45808547717895126, 'lag_12': 0.6813194663808994, 'lag_13': 0.8944872819975318, 'lag_14': 0.8661717516339956, 'lag_15': 0.937508698084377, 'lag_16': 0.3728050942943542, 'lag_17': 0.24724742551678514, 'lag_18': 0.40002158535702964, 'lag_19': 0.5419313626792123, 'lag_20': 0.6398585316227562, 'lag_21': 0.09641397454409442, 'lag_22': 0.517380691396684, 'lag_23': 0.9307591824795287, 'lag_24': 0.6644422886974534, 'lag_25': 0.5565282702620686, 'lag_26': 0.2197250387703168, 'lag_27': 0.3360643475149847, 'lag_28': 0.33157095648345813}. Best is trial 50 with value: 0.009225110034907438.
[I 2025-09-29 13:09:44,901] Trial 76 finished with value: 0.00948902873579342 and parameters: {'lag_0': 0.5432834878609333, 'lag_1': 0.4238212179182801, 'lag_2': 0.6601549487998861, 'lag_3': 0.2394486673881463, 'lag_4': 0.4731413745235147, 'lag_5': 0.1569981551920562, 'lag_6': 0.309100226759885, 'lag_7': 0.5680349789727386, 'lag_8': 0.9981797269754236, 'lag_9': 0.43260611757177425, 'lag_10': 0.46701078340178925, 'lag_11': 0.3387512020052041, 'lag_12': 0.8047313783241689, 'lag_13': 0.3253414458752091, 'lag_14': 0.7726141966299663, 'lag_15': 0.8931799606690305, 'lag_16': 0.030616901129879644, 'lag_17': 0.16534128986836544, 'lag_18': 0.3134983911899544, 'lag_19': 0.0365561344114555, 'lag_20': 0.4263841790937506, 'lag_21': 0.3067188745630029, 'lag_22': 0.6347889716595229, 'lag_23': 0.9697432836151141, 'lag_24': 0.9620316034948562, 'lag_25': 0.7355928373679699, 'lag_26': 0.9985719878360274, 'lag_27': 0.22875305804855411, 'lag_28': 0.1398866223695786}. Best is trial 50 with value: 0.009225110034907438.
[I 2025-09-29 13:09:47,383] Trial 77 finished with value: 0.010226949496051196 and parameters: {'lag_0': 0.9037476537411187, 'lag_1': 0.3295308984191493, 'lag_2': 0.6634920697855684, 'lag_3': 0.20972423151850564, 'lag_4': 0.47367252434712825, 'lag_5': 0.1727696006381556, 'lag_6': 0.31743459093934523, 'lag_7': 0.651954281390732, 'lag_8': 0.9211828862033453, 'lag_9': 0.3013599533656772, 'lag_10': 0.5218437827692104, 'lag_11': 0.2621238537857602, 'lag_12': 0.8095905240130225, 'lag_13': 0.29063201513753345, 'lag_14': 0.7729404174319253, 'lag_15': 0.8831141830568179, 'lag_16': 0.028231591954520605, 'lag_17': 0.2926293326233893, 'lag_18': 0.43590246230273727, 'lag_19': 0.042388289446831845, 'lag_20': 0.427777471558741, 'lag_21': 0.3128829875113685, 'lag_22': 0.5634250054218606, 'lag_23': 0.9641235410673499, 'lag_24': 0.9590938095651844, 'lag_25': 0.9207304382158836, 'lag_26': 0.8775939707250207, 'lag_27': 0.2382034713827504, 'lag_28': 0.14036130118683382}. Best is trial 50 with value: 0.009225110034907438.
[I 2025-09-29 13:09:49,876] Trial 78 finished with value: 0.010322878431671288 and parameters: {'lag_0': 0.5401855591317392, 'lag_1': 0.4389979234604376, 'lag_2': 0.6082331408078813, 'lag_3': 0.23784844865286792, 'lag_4': 0.5684849624721957, 'lag_5': 0.1153441605644196, 'lag_6': 0.1960815783329137, 'lag_7': 0.5834349003704307, 'lag_8': 0.9985027830388937, 'lag_9': 0.4403351047699298, 'lag_10': 0.47003787322748075, 'lag_11': 0.3358769629337786, 'lag_12': 0.720088020307983, 'lag_13': 0.326928180729563, 'lag_14': 0.608237484868801, 'lag_15': 0.8352767787946733, 'lag_16': 0.0867703891611171, 'lag_17': 0.1263048111678054, 'lag_18': 0.7742520661180863, 'lag_19': 0.12802432628667165, 'lag_20': 0.37705405686347365, 'lag_21': 0.2548657627680389, 'lag_22': 0.6225877332067068, 'lag_23': 0.3241650739720844, 'lag_24': 0.27138346168513516, 'lag_25': 0.7411138292868966, 'lag_26': 0.9797795994774471, 'lag_27': 0.16570402907234885, 'lag_28': 0.14519314061824656}. Best is trial 50 with value: 0.009225110034907438.
[I 2025-09-29 13:09:52,365] Trial 79 finished with value: 0.009700629860978532 and parameters: {'lag_0': 0.4097222909785565, 'lag_1': 0.3862355094119392, 'lag_2': 0.3867175192437408, 'lag_3': 0.32382600252737964, 'lag_4': 0.43464271283809963, 'lag_5': 0.08698418416342635, 'lag_6': 0.06706378364105534, 'lag_7': 0.5620652368634228, 'lag_8': 0.9788780422837208, 'lag_9': 0.5521103973040493, 'lag_10': 0.39678592260505063, 'lag_11': 0.21497603273383004, 'lag_12': 0.8418417566119724, 'lag_13': 0.2081965719565004, 'lag_14': 0.6640296148891537, 'lag_15': 0.7854582915742511, 'lag_16': 0.024696005799077485, 'lag_17': 0.16524680964336258, 'lag_18': 0.26321855100448044, 'lag_19': 0.0591819405035664, 'lag_20': 0.49984480274711046, 'lag_21': 0.2722600053523472, 'lag_22': 0.3906228071775597, 'lag_23': 0.004223418008986735, 'lag_24': 0.9060787113634179, 'lag_25': 0.9628454896554898, 'lag_26': 0.958873922184047, 'lag_27': 0.04478033745295183, 'lag_28': 0.2087259065156909}. Best is trial 50 with value: 0.009225110034907438.
[I 2025-09-29 13:09:54,871] Trial 80 finished with value: 0.009724479540036256 and parameters: {'lag_0': 0.29527824032747974, 'lag_1': 0.5047909388287674, 'lag_2': 0.45831421739932326, 'lag_3': 0.38463899198195084, 'lag_4': 0.6575263322099169, 'lag_5': 0.15295213262692414, 'lag_6': 0.2703737324309993, 'lag_7': 0.6017620493672611, 'lag_8': 0.890741217644123, 'lag_9': 0.38912677611530966, 'lag_10': 0.29502700629983547, 'lag_11': 0.4213421800716375, 'lag_12': 0.9220394337297926, 'lag_13': 0.34694741394434375, 'lag_14': 0.7344888197333754, 'lag_15': 0.5800896340258558, 'lag_16': 0.7338278579518345, 'lag_17': 0.3922165886751643, 'lag_18': 0.3039967971125603, 'lag_19': 0.005495852013153384, 'lag_20': 0.5799462861552227, 'lag_21': 0.3550446731115738, 'lag_22': 0.4521083794313907, 'lag_23': 0.8825476925421682, 'lag_24': 0.9755971885524228, 'lag_25': 0.844124035119503, 'lag_26': 0.9226154441642624, 'lag_27': 0.7932405550297812, 'lag_28': 0.08831874700363374}. Best is trial 50 with value: 0.009225110034907438.
[I 2025-09-29 13:09:57,366] Trial 81 finished with value: 0.010314705201545172 and parameters: {'lag_0': 0.5049240964677841, 'lag_1': 0.849518363944701, 'lag_2': 0.7094468740343645, 'lag_3': 0.568041480261126, 'lag_4': 0.3300205377023183, 'lag_5': 0.2241094111940414, 'lag_6': 0.5330067677840272, 'lag_7': 0.5115992938379215, 'lag_8': 0.8535541803403983, 'lag_9': 0.4349694994382506, 'lag_10': 0.3509320309904932, 'lag_11': 0.3647129413712469, 'lag_12': 0.7530797647878956, 'lag_13': 0.4310157899060762, 'lag_14': 0.8511804148170743, 'lag_15': 0.9094950169246574, 'lag_16': 0.4820796098775544, 'lag_17': 0.02412171144641999, 'lag_18': 0.3426873397053174, 'lag_19': 0.42144730398325503, 'lag_20': 0.4192557677812223, 'lag_21': 0.20409725034662596, 'lag_22': 0.7313594159598971, 'lag_23': 0.9690115604543839, 'lag_24': 0.8856397585911915, 'lag_25': 0.6430454251445479, 'lag_26': 0.9992686080625582, 'lag_27': 0.42824923205251364, 'lag_28': 0.6473353137133528}. Best is trial 50 with value: 0.009225110034907438.
[I 2025-09-29 13:09:59,875] Trial 82 finished with value: 0.009852872393779357 and parameters: {'lag_0': 0.7617714889373126, 'lag_1': 0.7893471045540676, 'lag_2': 0.945983606312478, 'lag_3': 0.29076928845512195, 'lag_4': 0.3840419607104599, 'lag_5': 0.27142927795462524, 'lag_6': 0.3739241493651189, 'lag_7': 0.7323238614813395, 'lag_8': 0.5583031048041179, 'lag_9': 0.4110379778161083, 'lag_10': 0.3254615613019093, 'lag_11': 0.1264038845525743, 'lag_12': 0.7893651246587097, 'lag_13': 0.4693540519764176, 'lag_14': 0.9103492254966621, 'lag_15': 0.9686798718892675, 'lag_16': 0.14600765339960736, 'lag_17': 0.08270600217753299, 'lag_18': 0.22478721696846726, 'lag_19': 0.21039006342143965, 'lag_20': 0.8306821888881935, 'lag_21': 0.13001423374689786, 'lag_22': 0.6795597309653651, 'lag_23': 0.9135987619044511, 'lag_24': 0.8511251631725748, 'lag_25': 0.7645043819820853, 'lag_26': 0.8368892261483102, 'lag_27': 0.6975722639179855, 'lag_28': 0.5621564923265853}. Best is trial 50 with value: 0.009225110034907438.
