[I 2025-09-29 11:55:07,678] Trial 82 finished with value: 0.0026631471987831777 and parameters: {'lag_0': 0.986043907798337, 'lag_1': 0.5195528796354252, 'lag_2': 0.23119484763287595, 'lag_3': 0.8835151886008864, 'lag_4': 0.7496770647082551, 'lag_5': 0.07419387547915317, 'lag_6': 0.37336083995210095, 'lag_7': 0.5742871167436507, 'lag_8': 0.281856616375429, 'lag_9': 0.2641558226722184, 'lag_10': 0.7395235376978799, 'lag_11': 0.6512770119217184, 'lag_12': 0.6170095335897843, 'lag_13': 0.12086054145596847, 'lag_14': 0.07792838360116883, 'lag_15': 0.5353481655892325, 'lag_16': 0.47644164590156046, 'lag_17': 0.20287613005347666, 'lag_18': 0.3498861729629508, 'lag_19': 0.12672281384094605, 'lag_20': 0.30785004166498836, 'lag_21': 0.9941390459292262, 'lag_22': 0.23313681601950698, 'lag_23': 0.390958746688581, 'lag_24': 0.31008383759909197, 'lag_25': 0.5821229149821544, 'lag_26': 0.29534856463718806, 'lag_27': 0.048677678444028566, 'lag_28': 0.534557902615131}. Best is trial 36 with value: 0.0025968198297100543.
[I 2025-09-29 11:55:10,047] Trial 83 finished with value: 0.0026114307968577092 and parameters: {'lag_0': 0.9617128563021473, 'lag_1': 0.8166070181360583, 'lag_2': 0.19252414007926325, 'lag_3': 0.8339931428248704, 'lag_4': 0.568225929427398, 'lag_5': 0.12015823815812232, 'lag_6': 0.2838795064015314, 'lag_7': 0.5098831842279883, 'lag_8': 0.203822467557722, 'lag_9': 0.6240871159116566, 'lag_10': 0.6187361866189142, 'lag_11': 0.37193898572821354, 'lag_12': 0.5736490730530153, 'lag_13': 0.13736131909216392, 'lag_14': 0.018287702185506675, 'lag_15': 0.6243254727766101, 'lag_16': 0.2708750519072367, 'lag_17': 0.16562521133898608, 'lag_18': 0.3872594053856954, 'lag_19': 0.0972648606027787, 'lag_20': 0.17233194198642643, 'lag_21': 0.38291240214086797, 'lag_22': 0.46709010427508796, 'lag_23': 0.27811372150314845, 'lag_24': 0.20821373698321907, 'lag_25': 0.488569178725375, 'lag_26': 0.5397323829265668, 'lag_27': 0.002926775137846352, 'lag_28': 0.5710057680739422}. Best is trial 36 with value: 0.0025968198297100543.
[I 2025-09-29 11:55:12,423] Trial 84 finished with value: 0.0026287928855608365 and parameters: {'lag_0': 0.963536525814822, 'lag_1': 0.8154241425228618, 'lag_2': 0.3585620031574695, 'lag_3': 0.845670416176895, 'lag_4': 0.5782827434113492, 'lag_5': 0.12506927216164654, 'lag_6': 0.28271462322733165, 'lag_7': 0.5020822094247229, 'lag_8': 0.21665062724804762, 'lag_9': 0.6115666419669163, 'lag_10': 0.6188247857442108, 'lag_11': 0.3811976737042314, 'lag_12': 0.5699176448932459, 'lag_13': 0.04214400284947572, 'lag_14': 0.09055425322100685, 'lag_15': 0.5708781432832379, 'lag_16': 0.25826280725604916, 'lag_17': 0.2688484831372774, 'lag_18': 0.41983255192006663, 'lag_19': 0.10982557095997705, 'lag_20': 0.1895899470930191, 'lag_21': 0.39828758838260414, 'lag_22': 0.4182741720101249, 'lag_23': 0.3753142378000262, 'lag_24': 0.21941849107540531, 'lag_25': 0.6068487217600114, 'lag_26': 0.3813263347678617, 'lag_27': 0.018631712531053106, 'lag_28': 0.5806574632781031}. Best is trial 36 with value: 0.0025968198297100543.
[I 2025-09-29 11:55:14,801] Trial 85 finished with value: 0.002652779495112908 and parameters: {'lag_0': 0.9581485505213589, 'lag_1': 0.7257484441715003, 'lag_2': 0.24654099777642047, 'lag_3': 0.9016016945676417, 'lag_4': 0.4775823966552223, 'lag_5': 0.20980710363124735, 'lag_6': 0.22490846415171675, 'lag_7': 0.4728302973339512, 'lag_8': 0.2207279153557917, 'lag_9': 0.5455068204208986, 'lag_10': 0.582159186273497, 'lag_11': 0.27311221519934176, 'lag_12': 0.7065203366215674, 'lag_13': 0.1465743341237648, 'lag_14': 0.0018207427639841817, 'lag_15': 0.613683898978361, 'lag_16': 0.09738723542002192, 'lag_17': 0.32295391266383827, 'lag_18': 0.39443052817808244, 'lag_19': 0.022773476097409436, 'lag_20': 0.15448206297974693, 'lag_21': 0.5353721058698628, 'lag_22': 0.46568501409754987, 'lag_23': 0.4797499921763812, 'lag_24': 0.12290956325946589, 'lag_25': 0.4260472020501238, 'lag_26': 0.23856659872201946, 'lag_27': 0.0711933416482717, 'lag_28': 0.496085249571752}. Best is trial 36 with value: 0.0025968198297100543.
[I 2025-09-29 11:55:17,179] Trial 86 finished with value: 0.002651757299170464 and parameters: {'lag_0': 0.9252037520229486, 'lag_1': 0.6937316485376277, 'lag_2': 0.1884954684602366, 'lag_3': 0.9498573341811029, 'lag_4': 0.608006483937588, 'lag_5': 0.08336421214298732, 'lag_6': 0.26535435682128783, 'lag_7': 0.5513252991976834, 'lag_8': 0.09968857385515796, 'lag_9': 0.4240145868858984, 'lag_10': 0.6444888874950241, 'lag_11': 0.4301149441000312, 'lag_12': 0.49269948154724125, 'lag_13': 0.06800746115396442, 'lag_14': 0.040376057650169675, 'lag_15': 0.4734402967321403, 'lag_16': 0.3340179601105454, 'lag_17': 0.19342643178744062, 'lag_18': 0.5077794421899243, 'lag_19': 0.06810830418775843, 'lag_20': 0.23177141009386562, 'lag_21': 0.4932936955644485, 'lag_22': 0.5109507619345826, 'lag_23': 0.11074065986174503, 'lag_24': 0.1770122372418617, 'lag_25': 0.49732559106165447, 'lag_26': 0.5229459583925657, 'lag_27': 0.11008734180874465, 'lag_28': 0.6046676849910977}. Best is trial 36 with value: 0.0025968198297100543.
[I 2025-09-29 11:55:19,558] Trial 87 finished with value: 0.0026876722518871287 and parameters: {'lag_0': 0.8670257017887444, 'lag_1': 0.89953952003569, 'lag_2': 0.20647287301075645, 'lag_3': 0.7182355427446322, 'lag_4': 0.6478374579321795, 'lag_5': 0.1699300306455224, 'lag_6': 0.32688639564567407, 'lag_7': 0.6180684809596172, 'lag_8': 0.2391592544567827, 'lag_9': 0.6231004492216833, 'lag_10': 0.723386995401083, 'lag_11': 0.36756803046297726, 'lag_12': 0.5499910995010218, 'lag_13': 0.13600903055119384, 'lag_14': 0.15051818836619513, 'lag_15': 0.5106414701189901, 'lag_16': 0.15942184989594524, 'lag_17': 0.16710464203532435, 'lag_18': 0.4603075616327165, 'lag_19': 0.22123289320481393, 'lag_20': 0.20970907547612444, 'lag_21': 0.33992641021544945, 'lag_22': 0.30349565742628837, 'lag_23': 0.41451334226244446, 'lag_24': 0.07827894459769763, 'lag_25': 0.6704138107647913, 'lag_26': 0.32750873418410154, 'lag_27': 0.03516086720919874, 'lag_28': 0.6439097323070009}. Best is trial 36 with value: 0.0025968198297100543.
[I 2025-09-29 11:55:21,934] Trial 88 finished with value: 0.002660086432081974 and parameters: {'lag_0': 0.8259516138849328, 'lag_1': 0.7607025310395384, 'lag_2': 0.3889334941308376, 'lag_3': 0.8006380780334652, 'lag_4': 0.6839061980857767, 'lag_5': 0.236256646979428, 'lag_6': 0.40785363563342786, 'lag_7': 0.4140074478537006, 'lag_8': 0.12287093951655371, 'lag_9': 0.33355254133934176, 'lag_10': 0.6503461686645592, 'lag_11': 0.2494288275037067, 'lag_12': 0.6318852173064322, 'lag_13': 0.007442102898902812, 'lag_14': 0.044708497434561956, 'lag_15': 0.7358143906958806, 'lag_16': 0.20292313243565085, 'lag_17': 0.47816730941994423, 'lag_18': 0.548436378238033, 'lag_19': 0.1505124375066503, 'lag_20': 0.31324977806463183, 'lag_21': 0.45711611792899437, 'lag_22': 0.3396183938420986, 'lag_23': 0.17934119385208247, 'lag_24': 0.25704894531015904, 'lag_25': 0.5529272985690331, 'lag_26': 0.41027143543131106, 'lag_27': 0.04977022151169993, 'lag_28': 0.44969855432429695}. Best is trial 36 with value: 0.0025968198297100543.
[I 2025-09-29 11:55:24,314] Trial 89 finished with value: 0.002641065306133228 and parameters: {'lag_0': 0.9189359576140632, 'lag_1': 0.6662385921033416, 'lag_2': 0.3306610627323885, 'lag_3': 0.7561050649452215, 'lag_4': 0.5656654261236861, 'lag_5': 0.014752321341752674, 'lag_6': 0.3132596015909955, 'lag_7': 0.3581723645005845, 'lag_8': 0.38723241627383637, 'lag_9': 0.4881439414662762, 'lag_10': 0.47776171619774055, 'lag_11': 0.31601456230518266, 'lag_12': 0.6875074071444209, 'lag_13': 0.03827445496718228, 'lag_14': 0.2110708745352312, 'lag_15': 0.6397599450142107, 'lag_16': 0.2690512923668818, 'lag_17': 0.7667909092829309, 'lag_18': 0.3391413368506033, 'lag_19': 0.08722775470575833, 'lag_20': 0.11020558775072847, 'lag_21': 0.3124019423455116, 'lag_22': 0.18702236043500622, 'lag_23': 0.8549499744275983, 'lag_24': 0.19508685579251417, 'lag_25': 0.37630988701161927, 'lag_26': 0.3519436131928244, 'lag_27': 0.1286309260753631, 'lag_28': 0.5724969575325715}. Best is trial 36 with value: 0.0025968198297100543.
[I 2025-09-29 11:55:26,690] Trial 90 finished with value: 0.0026442996215522052 and parameters: {'lag_0': 0.8696472554004901, 'lag_1': 0.8179288928991603, 'lag_2': 0.1487257993357587, 'lag_3': 0.8366702983735229, 'lag_4': 0.7261350591104729, 'lag_5': 0.14641260890148156, 'lag_6': 0.3853777936720464, 'lag_7': 0.5097205886653354, 'lag_8': 0.3211073029076571, 'lag_9': 0.17086371825106628, 'lag_10': 0.6853647985661765, 'lag_11': 0.13858667539537262, 'lag_12': 0.18266888552860447, 'lag_13': 0.09863510982546171, 'lag_14': 0.06628319075886274, 'lag_15': 0.5883361317985798, 'lag_16': 0.36298583230449905, 'lag_17': 0.1362791199797818, 'lag_18': 0.39675291504769805, 'lag_19': 0.05637640511885113, 'lag_20': 0.2802637782799794, 'lag_21': 0.5683198406810243, 'lag_22': 0.2599443683478213, 'lag_23': 0.2716321228559877, 'lag_24': 0.32955856208429923, 'lag_25': 0.6216609009315964, 'lag_26': 0.6077814793220694, 'lag_27': 0.004907368488207123, 'lag_28': 0.4750716212637803}. Best is trial 36 with value: 0.0025968198297100543.
[I 2025-09-29 11:55:29,059] Trial 91 finished with value: 0.0026479478510927413 and parameters: {'lag_0': 0.9748841607563128, 'lag_1': 0.6277325317037613, 'lag_2': 0.11752690199994686, 'lag_3': 0.20551949802687752, 'lag_4': 0.7973252803122216, 'lag_5': 0.05853866588184953, 'lag_6': 0.19935896581987989, 'lag_7': 0.5852477549209456, 'lag_8': 0.1966974778318551, 'lag_9': 0.030618524045396635, 'lag_10': 0.5928743542564993, 'lag_11': 0.40300574882868617, 'lag_12': 0.45052577083954076, 'lag_13': 0.06878519675079801, 'lag_14': 0.035922809710405346, 'lag_15': 0.6569814066760254, 'lag_16': 0.4288994057992494, 'lag_17': 0.0994332945416421, 'lag_18': 0.020347279479958444, 'lag_19': 0.10694162265406094, 'lag_20': 0.35144810351404215, 'lag_21': 0.34951951354423727, 'lag_22': 0.45551394333223577, 'lag_23': 0.22794679175692995, 'lag_24': 0.3864265230879431, 'lag_25': 0.48766801723353764, 'lag_26': 0.9297041282829537, 'lag_27': 0.32447103133882216, 'lag_28': 0.3051747637120982}. Best is trial 36 with value: 0.0025968198297100543.
[I 2025-09-29 11:55:31,438] Trial 92 finished with value: 0.0026339620324296155 and parameters: {'lag_0': 0.9928183145161831, 'lag_1': 0.5968994268703757, 'lag_2': 0.16615789726384442, 'lag_3': 0.6267370321274242, 'lag_4': 0.820763490591065, 'lag_5': 0.051928587274838595, 'lag_6': 0.7633779727946398, 'lag_7': 0.7290812862817538, 'lag_8': 0.1444061253549671, 'lag_9': 0.21582286135576667, 'lag_10': 0.7932516430354027, 'lag_11': 0.4738627160777657, 'lag_12': 0.5121912546992539, 'lag_13': 0.923071160844728, 'lag_14': 0.5821439595685816, 'lag_15': 0.6136764161769462, 'lag_16': 0.46064077580892626, 'lag_17': 0.07225718684176152, 'lag_18': 0.9951511518889261, 'lag_19': 0.02000187786879831, 'lag_20': 0.8213710324633258, 'lag_21': 0.41850363304711535, 'lag_22': 0.8944723694916954, 'lag_23': 0.28464345204879465, 'lag_24': 0.4045035784337705, 'lag_25': 0.43017405476099757, 'lag_26': 0.8160017678491918, 'lag_27': 0.2885648288033637, 'lag_28': 0.531810381693673}. Best is trial 36 with value: 0.0025968198297100543.
[I 2025-09-29 11:55:33,816] Trial 93 finished with value: 0.0026398689375106434 and parameters: {'lag_0': 0.6597060039492858, 'lag_1': 0.5561523944802383, 'lag_2': 0.06428975687025999, 'lag_3': 0.8975166916325151, 'lag_4': 0.7730981199792781, 'lag_5': 0.11569249045758699, 'lag_6': 0.5109394669434988, 'lag_7': 0.6445581439258157, 'lag_8': 0.04751639120370055, 'lag_9': 0.2520498673110388, 'lag_10': 0.7055663164736699, 'lag_11': 0.35294923857924665, 'lag_12': 0.4751078424257545, 'lag_13': 0.7515562318932427, 'lag_14': 0.5184598614044842, 'lag_15': 0.7627118020385771, 'lag_16': 0.3846582076239728, 'lag_17': 0.24215602369248687, 'lag_18': 0.32094072474185487, 'lag_19': 0.13905686054505398, 'lag_20': 0.17084812053094753, 'lag_21': 0.3737710345420569, 'lag_22': 0.38721590818171675, 'lag_23': 0.31541162079757, 'lag_24': 0.2600745643909168, 'lag_25': 0.2492164212341949, 'lag_26': 0.6848833004512463, 'lag_27': 0.23109953542236067, 'lag_28': 0.43602630456764874}. Best is trial 36 with value: 0.0025968198297100543.
[I 2025-09-29 11:55:36,190] Trial 94 finished with value: 0.002632823935639831 and parameters: {'lag_0': 0.9412505543072993, 'lag_1': 0.3869311474009088, 'lag_2': 0.2168745795929471, 'lag_3': 0.7703405365517701, 'lag_4': 0.8719652969251153, 'lag_5': 0.08622911057344046, 'lag_6': 0.4337268388413842, 'lag_7': 0.4518352015817597, 'lag_8': 0.5397075708191996, 'lag_9': 0.5255897279456352, 'lag_10': 0.555695429995935, 'lag_11': 0.4343534883052284, 'lag_12': 0.5265615265959609, 'lag_13': 0.7894183555842902, 'lag_14': 0.12443520003104357, 'lag_15': 0.5498281425619105, 'lag_16': 0.4926231746781622, 'lag_17': 0.11361780842786956, 'lag_18': 0.07192888828288642, 'lag_19': 0.8535218498400307, 'lag_20': 0.8793537692852722, 'lag_21': 0.3874250171307145, 'lag_22': 0.653099498269638, 'lag_23': 0.34787887959926256, 'lag_24': 0.9026225796170101, 'lag_25': 0.5409076013298719, 'lag_26': 0.5444371893651363, 'lag_27': 0.09724535098988736, 'lag_28': 0.9979195688521563}. Best is trial 36 with value: 0.0025968198297100543.
[I 2025-09-29 11:55:38,561] Trial 95 finished with value: 0.002655492738571792 and parameters: {'lag_0': 0.7527606705799071, 'lag_1': 0.6350446588234347, 'lag_2': 0.42955094588640796, 'lag_3': 0.8604646164873584, 'lag_4': 0.5973382720885327, 'lag_5': 0.6578617196117799, 'lag_6': 0.4796795946957418, 'lag_7': 0.6830546043871462, 'lag_8': 0.28086328271700656, 'lag_9': 0.6621720585062877, 'lag_10': 0.6189413953018575, 'lag_11': 0.5242682380302964, 'lag_12': 0.9854068041216657, 'lag_13': 0.0017903203570076576, 'lag_14': 0.6138519639902672, 'lag_15': 0.676856467520856, 'lag_16': 0.4411283794966048, 'lag_17': 0.14821208168959887, 'lag_18': 0.37573593691975243, 'lag_19': 0.170669891572041, 'lag_20': 0.1363144753262735, 'lag_21': 0.5219594570439998, 'lag_22': 0.3271506182414854, 'lag_23': 0.2660891150276204, 'lag_24': 0.9488601550996874, 'lag_25': 0.6512731059053096, 'lag_26': 0.7635222306653439, 'lag_27': 0.25187611165660373, 'lag_28': 0.406079873653618}. Best is trial 36 with value: 0.0025968198297100543.
[I 2025-09-29 11:55:40,942] Trial 96 finished with value: 0.0026654296554586587 and parameters: {'lag_0': 0.7150690810139068, 'lag_1': 0.14655232945709923, 'lag_2': 0.2625447912791174, 'lag_3': 0.8100618434333272, 'lag_4': 0.525667538463011, 'lag_5': 0.018789961496127203, 'lag_6': 0.7321464533335418, 'lag_7': 0.5293576999552638, 'lag_8': 0.375527965277061, 'lag_9': 0.7012489425117879, 'lag_10': 0.6668812701614242, 'lag_11': 0.20764413582811636, 'lag_12': 0.6713207744518198, 'lag_13': 0.8695385251029318, 'lag_14': 0.6574579272082818, 'lag_15': 0.7209196194021309, 'lag_16': 0.3145615081857537, 'lag_17': 0.8737027263980681, 'lag_18': 0.2847068945554916, 'lag_19': 0.05108658988221188, 'lag_20': 0.8542361148939088, 'lag_21': 0.4703919151100193, 'lag_22': 0.480398975756598, 'lag_23': 0.1925250677914347, 'lag_24': 0.29537248428798535, 'lag_25': 0.7023722194022921, 'lag_26': 0.4729937817727303, 'lag_27': 0.16822790636786195, 'lag_28': 0.561124457019829}. Best is trial 36 with value: 0.0025968198297100543.
[I 2025-09-29 11:55:43,323] Trial 97 finished with value: 0.002662251115309657 and parameters: {'lag_0': 0.8021781442676649, 'lag_1': 0.6984293796128306, 'lag_2': 0.17756369078525822, 'lag_3': 0.5225351359691781, 'lag_4': 0.6398962893309095, 'lag_5': 0.7466489514721326, 'lag_6': 0.30135290315305413, 'lag_7': 0.616417264573255, 'lag_8': 0.4895740228217101, 'lag_9': 0.2796719656853019, 'lag_10': 0.7513051481272125, 'lag_11': 0.8301521902443206, 'lag_12': 0.5807809403784274, 'lag_13': 0.5977439202899383, 'lag_14': 0.4771846698267181, 'lag_15': 0.633074069995087, 'lag_16': 0.5341486176583299, 'lag_17': 0.2041070528943087, 'lag_18': 0.15715378316963063, 'lag_19': 0.002965698299734908, 'lag_20': 0.25675772082557885, 'lag_21': 0.2956501551557381, 'lag_22': 0.28130335192066214, 'lag_23': 0.24943250770110273, 'lag_24': 0.7752633225356417, 'lag_25': 0.9616328322370714, 'lag_26': 0.9803749971612004, 'lag_27': 0.43397946282751915, 'lag_28': 0.5009335014584289}. Best is trial 36 with value: 0.0025968198297100543.
[I 2025-09-29 11:55:45,698] Trial 98 finished with value: 0.002711518019584336 and parameters: {'lag_0': 0.607477782920991, 'lag_1': 0.8602249928582479, 'lag_2': 0.2954791156057622, 'lag_3': 0.7121034334175333, 'lag_4': 0.6652392303330326, 'lag_5': 0.34522681613782413, 'lag_6': 0.8359815366996466, 'lag_7': 0.5661973028841214, 'lag_8': 0.4126564069267639, 'lag_9': 0.855682831165486, 'lag_10': 0.011330595874560645, 'lag_11': 0.7245418676219371, 'lag_12': 0.4014151727676027, 'lag_13': 0.21424122597673412, 'lag_14': 0.01674198669946031, 'lag_15': 0.5772634814941543, 'lag_16': 0.4155459342172053, 'lag_17': 0.029007687741085142, 'lag_18': 0.12140020135198498, 'lag_19': 0.08569203425986234, 'lag_20': 0.3949307176904403, 'lag_21': 0.43215812130844933, 'lag_22': 0.681168408028331, 'lag_23': 0.3051391422721287, 'lag_24': 0.23522984441701772, 'lag_25': 0.8796151124114386, 'lag_26': 0.26979611704961504, 'lag_27': 0.3357110465452827, 'lag_28': 0.16727574006118606}. Best is trial 36 with value: 0.0025968198297100543.
[I 2025-09-29 11:55:48,069] Trial 99 finished with value: 0.0026169093271772702 and parameters: {'lag_0': 0.36150058891362685, 'lag_1': 0.5978154212095604, 'lag_2': 0.12878020672871412, 'lag_3': 0.07096158292354315, 'lag_4': 0.754562376224174, 'lag_5': 0.03517879738467556, 'lag_6': 0.14659957167922683, 'lag_7': 0.5934207070874805, 'lag_8': 0.44460755456424456, 'lag_9': 0.9191993123539254, 'lag_10': 0.4608550147021201, 'lag_11': 0.026267441963400334, 'lag_12': 0.3097582712496348, 'lag_13': 0.49479139977409936, 'lag_14': 0.8337890830327174, 'lag_15': 0.603111841565951, 'lag_16': 0.6435602277681172, 'lag_17': 0.16067721851846237, 'lag_18': 0.050920551598834296, 'lag_19': 0.10640985540663683, 'lag_20': 0.019979576074794156, 'lag_21': 0.749180518592141, 'lag_22': 0.8317418578800659, 'lag_23': 0.3833065589935015, 'lag_24': 0.995473408283509, 'lag_25': 0.8179975214232714, 'lag_26': 0.6391601423205215, 'lag_27': 0.31419343439256076, 'lag_28': 0.6256126660108561}. Best is trial 36 with value: 0.0025968198297100543.
[I 2025-09-29 11:55:48,083] A new study created in memory with name: no-name-594219c5-f25d-46bb-967e-1a08d0d0f96b
[I 2025-09-29 11:55:50,422] Trial 0 finished with value: 0.0064670717433212305 and parameters: {'lag_0': 0.8731405070026435, 'lag_1': 0.11686357453642925, 'lag_2': 0.26879209352577194, 'lag_3': 0.1728281042488759, 'lag_4': 0.5327361408369512, 'lag_5': 0.7773159812648102, 'lag_6': 0.8144271786565417, 'lag_7': 0.5087076750646596, 'lag_8': 0.30331901112308696, 'lag_9': 0.029095713707802513, 'lag_10': 0.9540932040338121, 'lag_11': 0.37782491791594536, 'lag_12': 0.45527638365133766, 'lag_13': 0.10832572075996648, 'lag_14': 0.02553708711760981, 'lag_15': 0.39210650780456957, 'lag_16': 0.8083738130483653, 'lag_17': 0.3249225128398468, 'lag_18': 0.4699697463048409, 'lag_19': 0.9223257542657636, 'lag_20': 0.3750769893099006, 'lag_21': 0.513111696233589, 'lag_22': 0.8058361932177005, 'lag_23': 0.6250716639277072, 'lag_24': 0.7666466161676682, 'lag_25': 0.3620018649990679, 'lag_26': 0.2428138967355803, 'lag_27': 0.12260587092513424, 'lag_28': 0.9108081119336454}. Best is trial 0 with value: 0.0064670717433212305.
[I 2025-09-29 11:55:52,771] Trial 1 finished with value: 0.006716152870538751 and parameters: {'lag_0': 0.6266637421206116, 'lag_1': 0.8641113452242193, 'lag_2': 0.7296225451717406, 'lag_3': 0.7329263961026711, 'lag_4': 0.13248051888546206, 'lag_5': 0.7184828955183197, 'lag_6': 0.15902696780081735, 'lag_7': 0.46917009918713115, 'lag_8': 0.8547256637593766, 'lag_9': 0.22580303848061944, 'lag_10': 0.059980333285823244, 'lag_11': 0.19997299831280427, 'lag_12': 0.15779210676193536, 'lag_13': 0.024067939700711596, 'lag_14': 0.6921161525710774, 'lag_15': 0.44824257667221495, 'lag_16': 0.08671940527607017, 'lag_17': 0.21275973588549546, 'lag_18': 0.4251465874227556, 'lag_19': 0.2860138873877903, 'lag_20': 0.4065404374776072, 'lag_21': 0.8425582810303474, 'lag_22': 0.33451889179281286, 'lag_23': 0.5043881172560456, 'lag_24': 0.059714351211137814, 'lag_25': 0.9202253781742235, 'lag_26': 0.6960135978922384, 'lag_27': 0.7747123971592922, 'lag_28': 0.24891016568932212}. Best is trial 0 with value: 0.0064670717433212305.
[I 2025-09-29 11:55:55,100] Trial 2 finished with value: 0.006444042710085414 and parameters: {'lag_0': 0.8152619828479267, 'lag_1': 0.1460332262010903, 'lag_2': 0.02035680683429278, 'lag_3': 0.5078566016558064, 'lag_4': 0.9094771953146054, 'lag_5': 0.17921848136856586, 'lag_6': 0.5433115647087836, 'lag_7': 0.6662811843196599, 'lag_8': 0.383024065242438, 'lag_9': 0.4921495079905218, 'lag_10': 0.8686959036245582, 'lag_11': 0.1887377235852695, 'lag_12': 0.989231419917989, 'lag_13': 0.6694405172460964, 'lag_14': 0.4806375421093188, 'lag_15': 0.883261808223503, 'lag_16': 0.4312383237173916, 'lag_17': 0.42540740930272614, 'lag_18': 0.6133447535388487, 'lag_19': 0.6450075438088587, 'lag_20': 0.44617885326334994, 'lag_21': 0.1233752700041409, 'lag_22': 0.41334723825645836, 'lag_23': 0.5174868970881524, 'lag_24': 0.2859620497208235, 'lag_25': 0.8447966117787701, 'lag_26': 0.6081460549209146, 'lag_27': 0.9086812009310087, 'lag_28': 0.6281310099044184}. Best is trial 2 with value: 0.006444042710085414.
