[I 2025-09-29 13:24:01,022] Trial 45 finished with value: 0.0030180229628741072 and parameters: {'lag_0': 0.3828410163619242, 'lag_1': 0.5234185337202445, 'lag_2': 0.5997254473951134, 'lag_3': 0.9943263995391453, 'lag_4': 0.6270324600347548, 'lag_5': 0.4380725680620131, 'lag_6': 0.4533639922299872, 'lag_7': 0.5417232607484426, 'lag_8': 0.8379043312954687, 'lag_9': 0.3256456188168393, 'lag_10': 0.35304362992184507, 'lag_11': 0.1019549554514185, 'lag_12': 0.7820088717895995, 'lag_13': 0.5870364271892214, 'lag_14': 0.20563460897648667, 'lag_15': 0.42423874035448805, 'lag_16': 0.4820639237374079, 'lag_17': 0.9852340149991498, 'lag_18': 0.5443128999352889, 'lag_19': 0.7120992026336292, 'lag_20': 0.5284868434043903, 'lag_21': 0.4263942428504, 'lag_22': 0.7152615452049643, 'lag_23': 0.829053180630157, 'lag_24': 0.7981442221857356, 'lag_25': 0.36608222526116907, 'lag_26': 0.14786351774569928, 'lag_27': 0.7397355025511556, 'lag_28': 0.936201040410025}. Best is trial 39 with value: 0.002637572195755936.
[I 2025-09-29 13:24:03,494] Trial 46 finished with value: 0.002721450077223662 and parameters: {'lag_0': 0.3249297319911346, 'lag_1': 0.3976610464978484, 'lag_2': 0.539717196543693, 'lag_3': 0.8874704890713417, 'lag_4': 0.5723168856672578, 'lag_5': 0.5016938021238344, 'lag_6': 0.20758060945880272, 'lag_7': 0.34748017399216186, 'lag_8': 0.9427844379255039, 'lag_9': 0.45532045973165325, 'lag_10': 0.2596916453302494, 'lag_11': 0.1753252716515771, 'lag_12': 0.8583105180102603, 'lag_13': 0.3942398143440794, 'lag_14': 0.04980484506281786, 'lag_15': 0.48022003607981917, 'lag_16': 0.5463850635598018, 'lag_17': 0.9333488224717263, 'lag_18': 0.3929278977879349, 'lag_19': 0.4712558430825615, 'lag_20': 0.6452009408706216, 'lag_21': 0.3327644070137441, 'lag_22': 0.8326858193631284, 'lag_23': 0.6231268684821726, 'lag_24': 0.32550624533604733, 'lag_25': 0.2249477371631482, 'lag_26': 0.08710947399118174, 'lag_27': 0.756267461268445, 'lag_28': 0.8266449489179684}. Best is trial 39 with value: 0.002637572195755936.
[I 2025-09-29 13:24:05,962] Trial 47 finished with value: 0.0030257261782868587 and parameters: {'lag_0': 0.2039999473997848, 'lag_1': 0.3559607002723873, 'lag_2': 0.5182678939086439, 'lag_3': 0.7151274658182301, 'lag_4': 0.47927337300190637, 'lag_5': 0.6866210048748541, 'lag_6': 0.09518638335582383, 'lag_7': 0.47210591777479133, 'lag_8': 0.9384021776324775, 'lag_9': 0.6003831167878239, 'lag_10': 0.251899614843784, 'lag_11': 0.19976562617874888, 'lag_12': 0.864408817952691, 'lag_13': 0.39055855145534, 'lag_14': 0.05288217178967099, 'lag_15': 0.48756054798934606, 'lag_16': 0.557147146656536, 'lag_17': 0.9241099049628854, 'lag_18': 0.47135279412868303, 'lag_19': 0.5578648488952043, 'lag_20': 0.5571087454450677, 'lag_21': 0.3577438480663352, 'lag_22': 0.8066607772848275, 'lag_23': 0.6169263122117234, 'lag_24': 0.1870564125122196, 'lag_25': 0.2571403887830526, 'lag_26': 0.08684169500319809, 'lag_27': 0.7712748276371313, 'lag_28': 0.9975150893534894}. Best is trial 39 with value: 0.002637572195755936.
[I 2025-09-29 13:24:08,566] Trial 48 finished with value: 0.002716795873187991 and parameters: {'lag_0': 0.3294555253322691, 'lag_1': 0.4938255341065555, 'lag_2': 0.9903683553816776, 'lag_3': 0.8829551709225184, 'lag_4': 0.559483176940899, 'lag_5': 0.5165496088155327, 'lag_6': 0.19789295418569394, 'lag_7': 0.31413119991712035, 'lag_8': 0.8644791691390863, 'lag_9': 0.48252665605056394, 'lag_10': 0.3160223363337408, 'lag_11': 0.01972114254748461, 'lag_12': 0.9919793957193177, 'lag_13': 0.5577720102626235, 'lag_14': 0.12497145085830506, 'lag_15': 0.3142410736551541, 'lag_16': 0.10940849227680582, 'lag_17': 0.9527424938351272, 'lag_18': 0.34974820929395267, 'lag_19': 0.47545708799937425, 'lag_20': 0.07216547107507593, 'lag_21': 0.45092119568089833, 'lag_22': 0.9095105886444207, 'lag_23': 0.6831627503487965, 'lag_24': 0.4818727338312503, 'lag_25': 0.5032647722885129, 'lag_26': 0.18531873733284823, 'lag_27': 0.6363197933624045, 'lag_28': 0.8144452518004677}. Best is trial 39 with value: 0.002637572195755936.
[I 2025-09-29 13:24:11,050] Trial 49 finished with value: 0.005607427416544621 and parameters: {'lag_0': 0.313834193127461, 'lag_1': 0.4998197027185879, 'lag_2': 0.9861478355277843, 'lag_3': 0.8319216539981351, 'lag_4': 0.5824910036717267, 'lag_5': 0.5155640026507907, 'lag_6': 0.23944046970949134, 'lag_7': 0.3068203882554791, 'lag_8': 0.9934224386826926, 'lag_9': 0.45614890693775273, 'lag_10': 0.32382893093063725, 'lag_11': 0.008030894595697002, 'lag_12': 0.9477350267115682, 'lag_13': 0.49130543473687127, 'lag_14': 0.12437056957554667, 'lag_15': 0.29317825435527334, 'lag_16': 0.8592705843840054, 'lag_17': 0.8446770353864341, 'lag_18': 0.37788509666235526, 'lag_19': 0.4577040017157852, 'lag_20': 0.05717734369319244, 'lag_21': 0.27373001363286625, 'lag_22': 0.8975875586356641, 'lag_23': 0.8874741118049265, 'lag_24': 0.3096947438677542, 'lag_25': 0.5354808607165555, 'lag_26': 0.27769524390070205, 'lag_27': 0.6242706095109817, 'lag_28': 0.8087644990090492}. Best is trial 39 with value: 0.002637572195755936.
[I 2025-09-29 13:24:13,531] Trial 50 finished with value: 0.0035724488233021996 and parameters: {'lag_0': 0.14122565123650505, 'lag_1': 0.5788470062704066, 'lag_2': 0.9337198770838957, 'lag_3': 0.9252615108759017, 'lag_4': 0.5434398286834078, 'lag_5': 0.6061873620556115, 'lag_6': 0.287654911697968, 'lag_7': 0.2031262599963548, 'lag_8': 0.8733781791860663, 'lag_9': 0.5372318100849207, 'lag_10': 0.2390856890948789, 'lag_11': 0.07330835789297564, 'lag_12': 0.9890219290683729, 'lag_13': 0.6342741204469406, 'lag_14': 0.03878539306447448, 'lag_15': 0.21581413927927712, 'lag_16': 0.12135930436388218, 'lag_17': 0.9731295320440475, 'lag_18': 0.31062894400350693, 'lag_19': 0.4196177765918106, 'lag_20': 0.07969831847439113, 'lag_21': 0.4694560309572693, 'lag_22': 0.8963368188718177, 'lag_23': 0.6820407493083352, 'lag_24': 0.5811731913530026, 'lag_25': 0.1655132172220249, 'lag_26': 0.09329786363154859, 'lag_27': 0.6496928086376439, 'lag_28': 0.7081487532866565}. Best is trial 39 with value: 0.002637572195755936.
[I 2025-09-29 13:24:16,014] Trial 51 finished with value: 0.002907747827752459 and parameters: {'lag_0': 0.33602878835383054, 'lag_1': 0.41735709536190824, 'lag_2': 0.8599707618932712, 'lag_3': 0.8705315106042602, 'lag_4': 0.6457502182680126, 'lag_5': 0.4889301284450371, 'lag_6': 0.17213776626894528, 'lag_7': 0.2717888533232823, 'lag_8': 0.8026958865776683, 'lag_9': 0.4416939580843301, 'lag_10': 0.2950626773766357, 'lag_11': 0.19603151316056672, 'lag_12': 0.8284111392040546, 'lag_13': 0.5654411328831564, 'lag_14': 0.16204123911746662, 'lag_15': 0.42078037767366555, 'lag_16': 0.05590810974166688, 'lag_17': 0.9100776906125829, 'lag_18': 0.5170465337602487, 'lag_19': 0.558001394914218, 'lag_20': 0.14144348592995237, 'lag_21': 0.4405503263123175, 'lag_22': 0.776940935750576, 'lag_23': 0.6072968993933082, 'lag_24': 0.3152259221707596, 'lag_25': 0.3096473320583542, 'lag_26': 0.1866083731245624, 'lag_27': 0.7393165912914682, 'lag_28': 0.88421340015897}. Best is trial 39 with value: 0.002637572195755936.
[I 2025-09-29 13:24:18,486] Trial 52 finished with value: 0.003116350891538372 and parameters: {'lag_0': 0.47326529832388964, 'lag_1': 0.3919091937323187, 'lag_2': 0.9166560251463323, 'lag_3': 0.8903337814592011, 'lag_4': 0.5764344222027574, 'lag_5': 0.41806137005649563, 'lag_6': 0.19499074937393024, 'lag_7': 0.345315016330531, 'lag_8': 0.9186340075445226, 'lag_9': 0.5010405877579983, 'lag_10': 0.38887171790519864, 'lag_11': 0.1810834309853439, 'lag_12': 0.9261623627966267, 'lag_13': 0.695290026813439, 'lag_14': 0.24908969629269095, 'lag_15': 0.3353926239639399, 'lag_16': 0.22522198123509793, 'lag_17': 0.9571511785254488, 'lag_18': 0.3477903306674782, 'lag_19': 0.3301866065063046, 'lag_20': 0.5011471610902914, 'lag_21': 0.35463089183778884, 'lag_22': 0.6396078307077839, 'lag_23': 0.7257435284882475, 'lag_24': 0.23328083827950818, 'lag_25': 0.5912504064518493, 'lag_26': 0.28179626123431456, 'lag_27': 0.9152888402174298, 'lag_28': 0.944196093413887}. Best is trial 39 with value: 0.002637572195755936.
[I 2025-09-29 13:24:20,967] Trial 53 finished with value: 0.002961318935186588 and parameters: {'lag_0': 0.42488695253580017, 'lag_1': 0.4508083773640678, 'lag_2': 0.7665141329011802, 'lag_3': 0.944098928261879, 'lag_4': 0.41210841014546246, 'lag_5': 0.6516904899079067, 'lag_6': 0.04712824843582275, 'lag_7': 0.4427903461261189, 'lag_8': 0.8670918695036925, 'lag_9': 0.29489841287508417, 'lag_10': 0.19631008782958306, 'lag_11': 0.24531710660774286, 'lag_12': 0.8563001241774093, 'lag_13': 0.4238034826395533, 'lag_14': 0.11193312285370993, 'lag_15': 0.5270224291678536, 'lag_16': 0.1223670190062357, 'lag_17': 0.8075770298607918, 'lag_18': 0.3855409162876035, 'lag_19': 0.47372836888950226, 'lag_20': 0.19753905685400566, 'lag_21': 0.21829736547675269, 'lag_22': 0.863413746044266, 'lag_23': 0.6611427176484602, 'lag_24': 0.49361167213311047, 'lag_25': 0.5090432859832983, 'lag_26': 0.18367099334050424, 'lag_27': 0.5611839202710615, 'lag_28': 0.8314018830841531}. Best is trial 39 with value: 0.002637572195755936.
[I 2025-09-29 13:24:23,439] Trial 54 finished with value: 0.003612063552228327 and parameters: {'lag_0': 0.40175603312948316, 'lag_1': 0.33630690559407905, 'lag_2': 0.5244688111294269, 'lag_3': 0.017225116228570814, 'lag_4': 0.33448279821445437, 'lag_5': 0.5501102537975759, 'lag_6': 0.07657259207205747, 'lag_7': 0.6039335173119836, 'lag_8': 0.9519602608035517, 'lag_9': 0.3907407914500168, 'lag_10': 0.552861183218865, 'lag_11': 0.049425545690999315, 'lag_12': 0.790330912979127, 'lag_13': 0.5342086679718365, 'lag_14': 0.16710588530503334, 'lag_15': 0.46069267949188375, 'lag_16': 0.20597349321945546, 'lag_17': 0.8739451366987301, 'lag_18': 0.4391820931634408, 'lag_19': 0.425012773133681, 'lag_20': 0.6960235169763106, 'lag_21': 0.5019291947827373, 'lag_22': 0.9381465872424473, 'lag_23': 0.4780491195184236, 'lag_24': 0.7640942436972775, 'lag_25': 0.38792200596202586, 'lag_26': 0.09538607994903969, 'lag_27': 0.7965932360282693, 'lag_28': 0.884148076047816}. Best is trial 39 with value: 0.002637572195755936.
[I 2025-09-29 13:24:25,914] Trial 55 finished with value: 0.002958546593591864 and parameters: {'lag_0': 0.2502014238976434, 'lag_1': 0.5187074323965319, 'lag_2': 0.6637401052336207, 'lag_3': 0.8320406938493354, 'lag_4': 0.47063462325406435, 'lag_5': 0.45968595266420004, 'lag_6': 0.15353153095600908, 'lag_7': 0.15404006104404108, 'lag_8': 0.7349802110619446, 'lag_9': 0.5604503712228864, 'lag_10': 0.31902050708558305, 'lag_11': 0.3543448271934616, 'lag_12': 0.7417301562012344, 'lag_13': 0.7553220153714371, 'lag_14': 0.06386106099997707, 'lag_15': 0.57335782185327, 'lag_16': 0.6369862517817315, 'lag_17': 0.9210796669543942, 'lag_18': 0.610950166120366, 'lag_19': 0.6726037681727729, 'lag_20': 0.6547807391375695, 'lag_21': 0.30112752073200644, 'lag_22': 0.7520468872882682, 'lag_23': 0.770135923197624, 'lag_24': 0.4794215561420274, 'lag_25': 0.465113937642358, 'lag_26': 0.00614253748283107, 'lag_27': 0.728355520934333, 'lag_28': 0.9530496054896643}. Best is trial 39 with value: 0.002637572195755936.
[I 2025-09-29 13:24:28,393] Trial 56 finished with value: 0.002882457323931025 and parameters: {'lag_0': 0.2853562344932706, 'lag_1': 0.614382966402298, 'lag_2': 0.8743957576219761, 'lag_3': 0.7711912858008485, 'lag_4': 0.247198782890507, 'lag_5': 0.4085877319763903, 'lag_6': 0.30884272552371217, 'lag_7': 0.397987713210904, 'lag_8': 0.8065957992834105, 'lag_9': 0.6620525623754598, 'lag_10': 0.4613021175426143, 'lag_11': 0.11623311151839927, 'lag_12': 0.8968369257715031, 'lag_13': 0.3920199219447089, 'lag_14': 0.2424917449067681, 'lag_15': 0.3723224639540787, 'lag_16': 0.062373971083333354, 'lag_17': 0.3249772677095323, 'lag_18': 0.29100652217171313, 'lag_19': 0.7188794471011117, 'lag_20': 0.5852433438489343, 'lag_21': 0.3313303366509686, 'lag_22': 0.569740593786687, 'lag_23': 0.5856268884821718, 'lag_24': 0.44946692007711064, 'lag_25': 0.33035525214947276, 'lag_26': 0.2559851787909011, 'lag_27': 0.5084526875965276, 'lag_28': 0.7561557847565931}. Best is trial 39 with value: 0.002637572195755936.
[I 2025-09-29 13:24:30,869] Trial 57 finished with value: 0.0029391088633660264 and parameters: {'lag_0': 0.34050394792558136, 'lag_1': 0.4797695295480561, 'lag_2': 0.9461030582670787, 'lag_3': 0.8681620317859139, 'lag_4': 0.6894291295184384, 'lag_5': 0.34738526426899974, 'lag_6': 0.38346043359758525, 'lag_7': 0.5421446338347676, 'lag_8': 0.8222028506207786, 'lag_9': 0.270837935571392, 'lag_10': 0.28388880427945573, 'lag_11': 0.1626005465225793, 'lag_12': 0.999298497391808, 'lag_13': 0.5079133366921816, 'lag_14': 0.14068751781254735, 'lag_15': 0.5342696419773691, 'lag_16': 0.14274431841263086, 'lag_17': 0.9606696249200783, 'lag_18': 0.9450787161889644, 'lag_19': 0.5801894049708458, 'lag_20': 0.17307043258139285, 'lag_21': 0.45213240768653923, 'lag_22': 0.5014223558732014, 'lag_23': 0.6277986738381536, 'lag_24': 0.647737567371777, 'lag_25': 0.10158348236003534, 'lag_26': 0.33486035560304545, 'lag_27': 0.4455609729119761, 'lag_28': 0.7973349428413579}. Best is trial 39 with value: 0.002637572195755936.
[I 2025-09-29 13:24:33,346] Trial 58 finished with value: 0.0026592861620139433 and parameters: {'lag_0': 0.5265083976345075, 'lag_1': 0.2526829357566906, 'lag_2': 0.9983081644269798, 'lag_3': 0.712530285610221, 'lag_4': 0.5577321735589317, 'lag_5': 0.7063603385752854, 'lag_6': 0.22729503628048023, 'lag_7': 0.6768669202844032, 'lag_8': 0.9888406082375992, 'lag_9': 0.47489835647924017, 'lag_10': 0.3979399273490149, 'lag_11': 0.4270295592325507, 'lag_12': 0.844324298132295, 'lag_13': 0.559644687275285, 'lag_14': 0.017365798257496443, 'lag_15': 0.2874042186106243, 'lag_16': 0.2732483195836155, 'lag_17': 0.994988769413, 'lag_18': 0.6901711080878832, 'lag_19': 0.7762754923615188, 'lag_20': 0.03990729688750341, 'lag_21': 0.37840372425856045, 'lag_22': 0.7694155533487562, 'lag_23': 0.6920920029229939, 'lag_24': 0.34479149662853203, 'lag_25': 0.6331213976611307, 'lag_26': 0.04303147787106351, 'lag_27': 0.8464557756441838, 'lag_28': 0.9081407765853431}. Best is trial 39 with value: 0.002637572195755936.
[I 2025-09-29 13:24:35,827] Trial 59 finished with value: 0.0027469722091014287 and parameters: {'lag_0': 0.5202242092472993, 'lag_1': 0.24917664531999775, 'lag_2': 0.8138512795950139, 'lag_3': 0.8163058289553009, 'lag_4': 0.5550094829830838, 'lag_5': 0.8759252902842467, 'lag_6': 0.3581615593228184, 'lag_7': 0.7150071464765869, 'lag_8': 0.0012814656705882332, 'lag_9': 0.874350792665467, 'lag_10': 0.2170231698617509, 'lag_11': 0.4598460672076161, 'lag_12': 0.9469815539092123, 'lag_13': 0.6406518372906147, 'lag_14': 0.022758097429906227, 'lag_15': 0.15524401337566435, 'lag_16': 0.7380012425444483, 'lag_17': 0.8462602056411775, 'lag_18': 0.6898904221926925, 'lag_19': 0.7728571217668013, 'lag_20': 0.05539827142298891, 'lag_21': 0.14615720356565792, 'lag_22': 0.990455867240736, 'lag_23': 0.8582761011057054, 'lag_24': 0.3885098236752135, 'lag_25': 0.6867144210565002, 'lag_26': 0.04633925894057148, 'lag_27': 0.8767204623754771, 'lag_28': 0.7119251011551321}. Best is trial 39 with value: 0.002637572195755936.
[I 2025-09-29 13:24:38,307] Trial 60 finished with value: 0.00271388221267143 and parameters: {'lag_0': 0.5261528160490361, 'lag_1': 0.22857794910339319, 'lag_2': 0.9942436933014782, 'lag_3': 0.7222387571708561, 'lag_4': 0.5448234117106527, 'lag_5': 0.9485459225477977, 'lag_6': 0.3677219680742676, 'lag_7': 0.7982185895939167, 'lag_8': 0.03756890184659554, 'lag_9': 0.7635459620780667, 'lag_10': 0.2051379218334428, 'lag_11': 0.46144074502062493, 'lag_12': 0.9389962016686029, 'lag_13': 0.34662417623409625, 'lag_14': 0.015543797529289726, 'lag_15': 0.11165348621635687, 'lag_16': 0.8618349089733015, 'lag_17': 0.9990466523194158, 'lag_18': 0.7371751159550434, 'lag_19': 0.7607101383458889, 'lag_20': 0.04526863320796659, 'lag_21': 0.1355180805922554, 'lag_22': 0.9478025200058462, 'lag_23': 0.9772515687566854, 'lag_24': 0.38389359392204647, 'lag_25': 0.6688382521860523, 'lag_26': 0.02673289975217493, 'lag_27': 0.9221630260145564, 'lag_28': 0.7096506387415433}. Best is trial 39 with value: 0.002637572195755936.
[I 2025-09-29 13:24:40,787] Trial 61 finished with value: 0.0035163289504018093 and parameters: {'lag_0': 0.48152815420643336, 'lag_1': 0.24074779949226252, 'lag_2': 0.97234164679433, 'lag_3': 0.7235175596654541, 'lag_4': 0.5651907380653708, 'lag_5': 0.8995521715382511, 'lag_6': 0.35202713790465573, 'lag_7': 0.6884826532505819, 'lag_8': 0.0014134763760486357, 'lag_9': 0.9319073297544698, 'lag_10': 0.1457137663591721, 'lag_11': 0.4580432936367498, 'lag_12': 0.947252750977627, 'lag_13': 0.36766789491398144, 'lag_14': 0.02857374538761271, 'lag_15': 0.1324610601358176, 'lag_16': 0.8948781801766964, 'lag_17': 0.9963876612219034, 'lag_18': 0.71130583046659, 'lag_19': 0.7868563752969222, 'lag_20': 0.06626909413445756, 'lag_21': 0.12283936274876861, 'lag_22': 0.9998655864534692, 'lag_23': 0.9827878943384445, 'lag_24': 0.37005340241698725, 'lag_25': 0.6363685215460586, 'lag_26': 0.04953546141688215, 'lag_27': 0.9056031757921178, 'lag_28': 0.7169175337066793}. Best is trial 39 with value: 0.002637572195755936.
[I 2025-09-29 13:24:43,270] Trial 62 finished with value: 0.002922530162679275 and parameters: {'lag_0': 0.523515442291881, 'lag_1': 0.23326602140845354, 'lag_2': 0.9943404923518971, 'lag_3': 0.5826645453262368, 'lag_4': 0.43910480366254734, 'lag_5': 0.7649740868603429, 'lag_6': 0.2415791015664434, 'lag_7': 0.8286858860408185, 'lag_8': 0.04483817076602237, 'lag_9': 0.8260224482544273, 'lag_10': 0.20880091193645245, 'lag_11': 0.42210033832944516, 'lag_12': 0.9179941106561786, 'lag_13': 0.27397903813654056, 'lag_14': 0.013896087501690559, 'lag_15': 0.12846174538159477, 'lag_16': 0.7913799259420358, 'lag_17': 0.8997588767309596, 'lag_18': 0.8305086973123718, 'lag_19': 0.8146561205028376, 'lag_20': 0.03708278576441337, 'lag_21': 0.16579202437202853, 'lag_22': 0.9373011149865449, 'lag_23': 0.9154502780150281, 'lag_24': 0.33752905239366826, 'lag_25': 0.6553023734581731, 'lag_26': 0.05778416485100635, 'lag_27': 0.9703153187662669, 'lag_28': 0.648574723242891}. Best is trial 39 with value: 0.002637572195755936.
[I 2025-09-29 13:24:45,749] Trial 63 finished with value: 0.0032673870763594596 and parameters: {'lag_0': 0.5224911321601913, 'lag_1': 0.16227304254612634, 'lag_2': 0.8882548334001903, 'lag_3': 0.8126762823429924, 'lag_4': 0.55420919457989, 'lag_5': 0.9262014218692599, 'lag_6': 0.42895286196643, 'lag_7': 0.7696101839558043, 'lag_8': 0.12222170233323697, 'lag_9': 0.7892051278506839, 'lag_10': 0.15331526025445064, 'lag_11': 0.5350422153885827, 'lag_12': 0.9639987047729199, 'lag_13': 0.3313424471061773, 'lag_14': 0.07075385392060353, 'lag_15': 0.07874253568272385, 'lag_16': 0.7113717199932713, 'lag_17': 0.9953020435493565, 'lag_18': 0.7571169466334018, 'lag_19': 0.6527827409086322, 'lag_20': 0.004478195990935047, 'lag_21': 0.21259793958908096, 'lag_22': 0.8625282702207843, 'lag_23': 0.8267624041119719, 'lag_24': 0.40359582550332596, 'lag_25': 0.5783527557593163, 'lag_26': 0.12052015874100287, 'lag_27': 0.8681538793856046, 'lag_28': 0.6899026690830848}. Best is trial 39 with value: 0.002637572195755936.
[I 2025-09-29 13:24:48,233] Trial 64 finished with value: 0.00266596693586513 and parameters: {'lag_0': 0.5990075803440617, 'lag_1': 0.2984780389206865, 'lag_2': 0.8423885309642145, 'lag_3': 0.7472965821216732, 'lag_4': 0.608312194462211, 'lag_5': 0.9761487058709983, 'lag_6': 0.3644117089643957, 'lag_7': 0.896406486995396, 'lag_8': 0.2283499224155152, 'lag_9': 0.9087247636620999, 'lag_10': 0.0779765336747073, 'lag_11': 0.460221441451895, 'lag_12': 0.8232178778053053, 'lag_13': 0.469091077127123, 'lag_14': 0.05517645472113427, 'lag_15': 0.18718336733492708, 'lag_16': 0.8476938667787303, 'lag_17': 0.8140712842061463, 'lag_18': 0.6906113724575558, 'lag_19': 0.5024852557495108, 'lag_20': 0.09713614961698164, 'lag_21': 0.094837399894109, 'lag_22': 0.933561433723291, 'lag_23': 0.8841185536014093, 'lag_24': 0.2622515177483896, 'lag_25': 0.6894148525203108, 'lag_26': 0.03617216408155271, 'lag_27': 0.9201998336320374, 'lag_28': 0.5793367647598541}. Best is trial 39 with value: 0.002637572195755936.
[I 2025-09-29 13:24:50,711] Trial 65 finished with value: 0.0032465671508214 and parameters: {'lag_0': 0.698064359233316, 'lag_1': 0.2953473309047127, 'lag_2': 0.9565608106089989, 'lag_3': 0.4960106958134891, 'lag_4': 0.6709183371746188, 'lag_5': 0.9920067868258803, 'lag_6': 0.19466466636528523, 'lag_7': 0.8777186709767664, 'lag_8': 0.3392944843592014, 'lag_9': 0.9891220261583739, 'lag_10': 0.07359125379661763, 'lag_11': 0.25573743964980433, 'lag_12': 0.8283546108897268, 'lag_13': 0.4554357905827811, 'lag_14': 0.06691670156695921, 'lag_15': 0.18183096279426073, 'lag_16': 0.9214983573398138, 'lag_17': 0.7984469196836744, 'lag_18': 0.7988629963766772, 'lag_19': 0.38336962658768553, 'lag_20': 0.1063431476736028, 'lag_21': 0.23577375276727794, 'lag_22': 0.9453949162712088, 'lag_23': 0.932323546529983, 'lag_24': 0.2721454186766977, 'lag_25': 0.7759699596770662, 'lag_26': 0.02174447489769658, 'lag_27': 0.9489730548492911, 'lag_28': 0.7908312676307686}. Best is trial 39 with value: 0.002637572195755936.
