[I 2025-09-29 12:54:30,179] Trial 3 finished with value: 0.002734558845116128 and parameters: {'lag_0': 0.2676501717022567, 'lag_1': 0.395782204995926, 'lag_2': 0.31173424268415556, 'lag_3': 0.8884700796932915, 'lag_4': 0.030883545628320585, 'lag_5': 0.11119834992992803, 'lag_6': 0.13921186424517532, 'lag_7': 0.862154980066605, 'lag_8': 0.6868861448745681, 'lag_9': 0.20919134512201928, 'lag_10': 0.8771836601935382, 'lag_11': 0.8135103498864539, 'lag_12': 0.6704931587917726, 'lag_13': 0.02002182450755528, 'lag_14': 0.6700063222281518, 'lag_15': 0.10531603985540235, 'lag_16': 0.5726579587407904, 'lag_17': 0.7506606846886063, 'lag_18': 0.6270074631337158, 'lag_19': 0.4686953169843199, 'lag_20': 0.958815638882321, 'lag_21': 0.17835448331324824, 'lag_22': 0.9230881856738055, 'lag_23': 0.04790418531060328, 'lag_24': 0.702591092655984, 'lag_25': 0.8703122862643665, 'lag_26': 0.01835088869877684, 'lag_27': 0.09422179367317446, 'lag_28': 0.6228631202293625}. Best is trial 1 with value: 0.0026628352928410705.
[I 2025-09-29 12:54:32,549] Trial 4 finished with value: 0.0030195115050677505 and parameters: {'lag_0': 0.5464304728280943, 'lag_1': 0.9319869107854118, 'lag_2': 0.9345106725558545, 'lag_3': 0.12265392815433172, 'lag_4': 0.2593504633299564, 'lag_5': 0.5356613067490859, 'lag_6': 0.9279332151973146, 'lag_7': 0.22702962525818232, 'lag_8': 0.8199464382319737, 'lag_9': 0.7417690654632643, 'lag_10': 0.4097476796171266, 'lag_11': 0.5166125095067546, 'lag_12': 0.6294950701938584, 'lag_13': 0.32889547180219253, 'lag_14': 0.4126566303028023, 'lag_15': 0.10340404234237692, 'lag_16': 0.5550514156607973, 'lag_17': 0.24838652689747917, 'lag_18': 0.7907602272638243, 'lag_19': 0.909420738883121, 'lag_20': 0.8565042745561812, 'lag_21': 0.5916520716636565, 'lag_22': 0.3904278435622898, 'lag_23': 0.12562217930334701, 'lag_24': 0.08843292309746502, 'lag_25': 0.9122933894986155, 'lag_26': 0.7319099443630523, 'lag_27': 0.27884285052240804, 'lag_28': 0.9645075253953882}. Best is trial 1 with value: 0.0026628352928410705.
[I 2025-09-29 12:54:34,921] Trial 5 finished with value: 0.0029455786696252974 and parameters: {'lag_0': 0.5495795939238948, 'lag_1': 0.11912512102923563, 'lag_2': 0.7877194147332691, 'lag_3': 0.32416220261911755, 'lag_4': 0.6418955911696516, 'lag_5': 0.992913995709046, 'lag_6': 0.35707428577129435, 'lag_7': 0.6069871197567047, 'lag_8': 0.09511416147528516, 'lag_9': 0.9382793373546578, 'lag_10': 0.3158312592063833, 'lag_11': 0.6776585111105106, 'lag_12': 0.5815442279663724, 'lag_13': 0.17235204166173326, 'lag_14': 0.7190013710826323, 'lag_15': 0.28395786999387296, 'lag_16': 0.7984640649046179, 'lag_17': 0.42954083913306146, 'lag_18': 0.20142129570033698, 'lag_19': 0.8843772799616719, 'lag_20': 0.3968496896609388, 'lag_21': 0.003990422065790517, 'lag_22': 0.18798310261791384, 'lag_23': 0.031082712226248543, 'lag_24': 0.09553628042962031, 'lag_25': 0.4332757074018251, 'lag_26': 0.3033015485754859, 'lag_27': 0.4962799350659851, 'lag_28': 0.019764329058296944}. Best is trial 1 with value: 0.0026628352928410705.
[I 2025-09-29 12:54:37,290] Trial 6 finished with value: 0.0028881653911319825 and parameters: {'lag_0': 0.5972347214344765, 'lag_1': 0.31931132063542716, 'lag_2': 0.765861522528074, 'lag_3': 0.5179998488961399, 'lag_4': 0.9663405912502374, 'lag_5': 0.8353808589033808, 'lag_6': 0.9910760587126306, 'lag_7': 0.2909530870846724, 'lag_8': 0.440447299553546, 'lag_9': 0.4567681659875339, 'lag_10': 0.15160597329682043, 'lag_11': 0.7424084169707809, 'lag_12': 0.2997661442717721, 'lag_13': 0.6345614945030648, 'lag_14': 0.9379308390408311, 'lag_15': 0.9632929840902973, 'lag_16': 0.3184897131628478, 'lag_17': 0.7974575733791532, 'lag_18': 0.2164598005224785, 'lag_19': 0.9817524753745678, 'lag_20': 0.5378416516457145, 'lag_21': 0.15566043309189626, 'lag_22': 0.08089339126325922, 'lag_23': 0.5073693592103917, 'lag_24': 0.5100433194198407, 'lag_25': 0.08482569240252086, 'lag_26': 0.018673903967928545, 'lag_27': 0.5162295856763087, 'lag_28': 0.5586346842571746}. Best is trial 1 with value: 0.0026628352928410705.
[I 2025-09-29 12:54:39,652] Trial 7 finished with value: 0.002907520736304537 and parameters: {'lag_0': 0.12085495141081272, 'lag_1': 0.9325817200490861, 'lag_2': 0.6800612027285033, 'lag_3': 0.10296101138577157, 'lag_4': 0.19015288536834027, 'lag_5': 0.6871884492951, 'lag_6': 0.5602013626433889, 'lag_7': 0.14982857319676107, 'lag_8': 0.2117929201487537, 'lag_9': 0.43405053110481, 'lag_10': 0.6086324235573634, 'lag_11': 0.12265396994681504, 'lag_12': 0.3871852118534837, 'lag_13': 0.09499381766650601, 'lag_14': 0.4320326123312413, 'lag_15': 0.15022465886585495, 'lag_16': 0.5040092377535278, 'lag_17': 0.16171485097537167, 'lag_18': 0.8374229257760929, 'lag_19': 0.696186253449006, 'lag_20': 0.6927956834638037, 'lag_21': 0.696341518566241, 'lag_22': 0.11413576725867948, 'lag_23': 0.22234766079904972, 'lag_24': 0.6405197855915614, 'lag_25': 0.32299293238755217, 'lag_26': 0.7656266756793952, 'lag_27': 0.8750361471488627, 'lag_28': 0.7226011106946082}. Best is trial 1 with value: 0.0026628352928410705.
[I 2025-09-29 12:54:42,019] Trial 8 finished with value: 0.0025339077774171443 and parameters: {'lag_0': 0.4809618419162491, 'lag_1': 0.04153237911715775, 'lag_2': 0.23065003859752203, 'lag_3': 0.9237957280054012, 'lag_4': 0.24768223599672096, 'lag_5': 0.7400679402658523, 'lag_6': 0.908302435330006, 'lag_7': 0.44704998446499755, 'lag_8': 0.04420552297019567, 'lag_9': 0.9533456343105507, 'lag_10': 0.020210882854113092, 'lag_11': 0.052302710753181325, 'lag_12': 0.6318076741765464, 'lag_13': 0.17788547385589815, 'lag_14': 0.8041121015930893, 'lag_15': 0.7236709889026033, 'lag_16': 0.6826703871311424, 'lag_17': 0.8882623432695319, 'lag_18': 0.36705484184860687, 'lag_19': 0.3063796213308292, 'lag_20': 0.17512519787187128, 'lag_21': 0.8519721430888072, 'lag_22': 0.6017998101981569, 'lag_23': 0.2936455808469259, 'lag_24': 0.7258039885009806, 'lag_25': 0.828857293068676, 'lag_26': 0.5078734030282671, 'lag_27': 0.048693699978933046, 'lag_28': 0.972069393273098}. Best is trial 8 with value: 0.0025339077774171443.
[I 2025-09-29 12:54:44,383] Trial 9 finished with value: 0.002998660001884858 and parameters: {'lag_0': 0.554018143354686, 'lag_1': 0.5407794579179374, 'lag_2': 0.552448483550744, 'lag_3': 0.3226882862322785, 'lag_4': 0.9428509793409129, 'lag_5': 0.9203325268983072, 'lag_6': 0.7903424239232464, 'lag_7': 0.518656432873382, 'lag_8': 0.6329997813903183, 'lag_9': 0.4303075729177273, 'lag_10': 0.32547284595275644, 'lag_11': 0.02060874248319626, 'lag_12': 0.456659514770809, 'lag_13': 0.8335391811270425, 'lag_14': 0.03975267584662574, 'lag_15': 0.36997092404975407, 'lag_16': 0.6306837236340599, 'lag_17': 0.07765662902002639, 'lag_18': 0.7540628307131657, 'lag_19': 0.13776100295030702, 'lag_20': 0.32604158501678876, 'lag_21': 0.02622875312966267, 'lag_22': 0.6411101039337248, 'lag_23': 0.17528396507476135, 'lag_24': 0.8138474025437812, 'lag_25': 0.8227239605183116, 'lag_26': 0.5350330850789246, 'lag_27': 0.8273138416956913, 'lag_28': 0.8545692417204535}. Best is trial 8 with value: 0.0025339077774171443.
[I 2025-09-29 12:54:46,795] Trial 10 finished with value: 0.0031864059904601707 and parameters: {'lag_0': 0.9033773870491262, 'lag_1': 0.004268306847429071, 'lag_2': 0.002891457830860228, 'lag_3': 0.9297541358651344, 'lag_4': 0.4226769728000417, 'lag_5': 0.15644991419539855, 'lag_6': 0.5604703256255754, 'lag_7': 0.0017462757936383966, 'lag_8': 0.9865905331897293, 'lag_9': 0.05385104735684171, 'lag_10': 0.014183433108219465, 'lag_11': 0.27537088614868077, 'lag_12': 0.026932906647922472, 'lag_13': 0.4411340802584452, 'lag_14': 0.7955271326872939, 'lag_15': 0.6087858673063649, 'lag_16': 0.7673796172631334, 'lag_17': 0.9295314579544295, 'lag_18': 0.4262328764413072, 'lag_19': 0.0029549907670256004, 'lag_20': 0.011406766044714745, 'lag_21': 0.9514070210419772, 'lag_22': 0.6983322521093851, 'lag_23': 0.4017832645799502, 'lag_24': 0.9944673734229235, 'lag_25': 0.6137188789178718, 'lag_26': 0.3044679570682339, 'lag_27': 0.3396536637716397, 'lag_28': 0.30887143686970253}. Best is trial 8 with value: 0.0025339077774171443.
[I 2025-09-29 12:54:49,197] Trial 11 finished with value: 0.003105811744414922 and parameters: {'lag_0': 0.3068113935184405, 'lag_1': 0.6990165678328343, 'lag_2': 0.33471031853911704, 'lag_3': 0.6556812426878025, 'lag_4': 0.0016522747683513361, 'lag_5': 0.7338718395326707, 'lag_6': 0.7625832647966702, 'lag_7': 0.9623891043108497, 'lag_8': 0.014298485424752427, 'lag_9': 0.6315988129803096, 'lag_10': 0.017681423601954016, 'lag_11': 0.3022520552212976, 'lag_12': 0.8953160842076562, 'lag_13': 0.6689264471044329, 'lag_14': 0.9959577407934018, 'lag_15': 0.47343154458791403, 'lag_16': 0.08117737008480852, 'lag_17': 0.5231215959080366, 'lag_18': 0.001895356627992919, 'lag_19': 0.2873976255651017, 'lag_20': 0.1261594764245142, 'lag_21': 0.3523879438199553, 'lag_22': 0.9582885893258819, 'lag_23': 0.9784914807360031, 'lag_24': 0.40562788070909617, 'lag_25': 0.6863795306281034, 'lag_26': 0.5035821027804724, 'lag_27': 0.0019221267573723, 'lag_28': 0.9760581854925016}. Best is trial 8 with value: 0.0025339077774171443.
[I 2025-09-29 12:54:51,600] Trial 12 finished with value: 0.0031313264316380823 and parameters: {'lag_0': 0.7951781169050922, 'lag_1': 0.7110705143430496, 'lag_2': 0.3180719103381572, 'lag_3': 0.7001232673371913, 'lag_4': 0.36758712571921315, 'lag_5': 0.6551932374180162, 'lag_6': 0.8687696499900048, 'lag_7': 0.7313726819969342, 'lag_8': 0.31430739691884513, 'lag_9': 0.6530428278576963, 'lag_10': 0.5817150760319321, 'lag_11': 0.29267158617065536, 'lag_12': 0.793882882370781, 'lag_13': 0.30453398705273993, 'lag_14': 0.8537621533885338, 'lag_15': 0.9198806974203186, 'lag_16': 0.30031488535486983, 'lag_17': 0.5834145596214818, 'lag_18': 0.35512316560761387, 'lag_19': 0.2800646278703899, 'lag_20': 0.20842819033472504, 'lag_21': 0.9662945451622813, 'lag_22': 0.756441137697634, 'lag_23': 0.7150825088375751, 'lag_24': 0.8887907014154104, 'lag_25': 0.6448767776722162, 'lag_26': 0.9717555454766857, 'lag_27': 0.16816964448675908, 'lag_28': 0.7475281025685023}. Best is trial 8 with value: 0.0025339077774171443.
[I 2025-09-29 12:54:54,011] Trial 13 finished with value: 0.0029892159474163493 and parameters: {'lag_0': 0.34528814352402387, 'lag_1': 0.6116684454497052, 'lag_2': 0.16329364076404412, 'lag_3': 0.6082097159398043, 'lag_4': 0.12632951535520243, 'lag_5': 0.8344648964910746, 'lag_6': 0.6583213625492572, 'lag_7': 0.36240694821843467, 'lag_8': 0.8158708143510628, 'lag_9': 0.9917984514801421, 'lag_10': 0.14387158727418267, 'lag_11': 0.15524646720076674, 'lag_12': 0.9945450604968391, 'lag_13': 0.9899012131777126, 'lag_14': 0.5997933244095941, 'lag_15': 0.5157175308297065, 'lag_16': 0.34117090170905207, 'lag_17': 0.9644639459160358, 'lag_18': 0.03752283304848788, 'lag_19': 0.2858580792175627, 'lag_20': 0.7019770591531374, 'lag_21': 0.40528146026389167, 'lag_22': 0.5212900581048519, 'lag_23': 0.6530471550516923, 'lag_24': 0.3307219638134291, 'lag_25': 0.7435539504445231, 'lag_26': 0.3578358076207324, 'lag_27': 0.23967179868047517, 'lag_28': 0.8221218788570988}. Best is trial 8 with value: 0.0025339077774171443.
[I 2025-09-29 12:54:56,407] Trial 14 finished with value: 0.0027399620137656512 and parameters: {'lag_0': 0.02367223367677146, 'lag_1': 0.8279730335630376, 'lag_2': 0.4639312987958154, 'lag_3': 0.8083421280969507, 'lag_4': 0.63154483059005, 'lag_5': 0.2676964173124615, 'lag_6': 0.44083855359494395, 'lag_7': 0.41312987569063614, 'lag_8': 0.5073888720653464, 'lag_9': 0.22720013994086813, 'lag_10': 0.1256909470359346, 'lag_11': 0.38392953822522496, 'lag_12': 0.7535219870964536, 'lag_13': 0.7099384993213166, 'lag_14': 0.8535135038801399, 'lag_15': 0.7875362352613215, 'lag_16': 0.9733275335176267, 'lag_17': 0.662149686023337, 'lag_18': 0.2451899692274131, 'lag_19': 0.6234289040259736, 'lag_20': 0.6903119227039243, 'lag_21': 0.7796525591458002, 'lag_22': 0.8130150791143824, 'lag_23': 0.9731752358462649, 'lag_24': 0.6422164257328171, 'lag_25': 0.5528005801086825, 'lag_26': 0.5816045410659801, 'lag_27': 0.014717731096274493, 'lag_28': 0.4190891542757822}. Best is trial 8 with value: 0.0025339077774171443.
[I 2025-09-29 12:54:58,811] Trial 15 finished with value: 0.0028088903794184087 and parameters: {'lag_0': 0.38638441330267936, 'lag_1': 0.2326443968592518, 'lag_2': 0.5599152038741387, 'lag_3': 0.0006149826864064178, 'lag_4': 0.3250734651067557, 'lag_5': 0.5654868846600949, 'lag_6': 0.6569716022880406, 'lag_7': 0.809302404767045, 'lag_8': 0.22893355630940204, 'lag_9': 0.5746449779522537, 'lag_10': 0.4808330099395626, 'lag_11': 0.007756976480071259, 'lag_12': 0.22821434105458627, 'lag_13': 0.500099520227848, 'lag_14': 0.27640641338202, 'lag_15': 0.31409128943003073, 'lag_16': 0.014295533759779155, 'lag_17': 0.3083906550820062, 'lag_18': 0.5472038018104703, 'lag_19': 0.14129926248528477, 'lag_20': 0.2672371203344735, 'lag_21': 0.3314909388673266, 'lag_22': 0.5501175000555465, 'lag_23': 0.31523622002806023, 'lag_24': 0.7707571529107093, 'lag_25': 0.7433572022279117, 'lag_26': 0.3866946495871003, 'lag_27': 0.41109611031936955, 'lag_28': 0.6770166259102687}. Best is trial 8 with value: 0.0025339077774171443.
[I 2025-09-29 12:55:01,225] Trial 16 finished with value: 0.002731418102348013 and parameters: {'lag_0': 0.775091370169407, 'lag_1': 0.024294711556702663, 'lag_2': 0.9888118848151828, 'lag_3': 0.48012863789839433, 'lag_4': 0.1227424142649307, 'lag_5': 0.8153897337129363, 'lag_6': 0.8898555390223465, 'lag_7': 0.9685454502677511, 'lag_8': 0.7845257849287426, 'lag_9': 0.246190363058524, 'lag_10': 0.6994571236944217, 'lag_11': 0.4280491776187931, 'lag_12': 0.7756993601713928, 'lag_13': 0.29660915229226337, 'lag_14': 0.7624135866663458, 'lag_15': 0.45264285935916043, 'lag_16': 0.7397901646438931, 'lag_17': 0.4121129112729597, 'lag_18': 0.1256498116543767, 'lag_19': 0.3811990860669355, 'lag_20': 0.009111350807284646, 'lag_21': 0.530073025467881, 'lag_22': 0.8266481073671705, 'lag_23': 0.8477784435309865, 'lag_24': 0.5546587758627368, 'lag_25': 0.22945540739154668, 'lag_26': 0.1845068471025984, 'lag_27': 0.13156934258677938, 'lag_28': 0.8284902573538113}. Best is trial 8 with value: 0.0025339077774171443.
2025-09-29 12:55:02,572 - distributed.worker - INFO - Stopping worker at tcp://192.168.86.108:34680. Reason: scheduler-remove-worker
2025-09-29 12:55:02,578 - distributed.nanny - INFO - Closing Nanny gracefully at 'tcp://192.168.86.108:40255'. Reason: scheduler-remove-worker
2025-09-29 12:55:02,581 - distributed.worker.state_machine - WARNING - Async instruction for <Task cancelled name='execute(optimize_subject-8726f9f4-14ff-4e76-8348-01c7d90229dc)' coro=<Worker.execute() done, defined at /usr/global/miniconda/py310_23.1.0-1/envs/workshop_311/lib/python3.11/site-packages/distributed/worker_state_machine.py:3607>> ended with CancelledError
slurmstepd: error: *** JOB 3081185 ON node08 CANCELLED AT 2025-09-29T12:55:02 ***
