[I 2025-09-29 11:53:40,194] Trial 40 finished with value: 0.005609300335611023 and parameters: {'lag_0': 0.8916233711628299, 'lag_1': 0.5455889040378613, 'lag_2': 0.5258787066532349, 'lag_3': 0.3998367890241798, 'lag_4': 0.28694025157657443, 'lag_5': 0.10930860725408051, 'lag_6': 0.38295472634003636, 'lag_7': 0.29083267149976094, 'lag_8': 0.30158747887484644, 'lag_9': 0.8553848905768996, 'lag_10': 0.31698549286257177, 'lag_11': 0.9599724419663336, 'lag_12': 0.9330280563237492, 'lag_13': 0.22621733888533901, 'lag_14': 0.2897391070281195, 'lag_15': 0.7974211571278593, 'lag_16': 0.7778612689117113, 'lag_17': 0.010261409696255275, 'lag_18': 0.06470806067847823, 'lag_19': 0.445237724530692, 'lag_20': 0.23388823823699245, 'lag_21': 0.7819546160640461, 'lag_22': 0.0500099804769093, 'lag_23': 0.10146324411499485, 'lag_24': 0.1650660837499755, 'lag_25': 0.7020789722531153, 'lag_26': 0.2575001189780331, 'lag_27': 0.06368200746587399, 'lag_28': 0.654346002078534}. Best is trial 29 with value: 0.005591888602095481.
[I 2025-09-29 11:53:42,711] Trial 41 finished with value: 0.0057939853813853606 and parameters: {'lag_0': 0.9139513004302149, 'lag_1': 0.6091607523248748, 'lag_2': 0.5428156932619373, 'lag_3': 0.41806899204754544, 'lag_4': 0.28330517547171247, 'lag_5': 0.10986615424275095, 'lag_6': 0.37709355973273906, 'lag_7': 0.29996989694736054, 'lag_8': 0.30815743879910984, 'lag_9': 0.8478237102510622, 'lag_10': 0.3107777387196524, 'lag_11': 0.9923960738587807, 'lag_12': 0.9280251377563489, 'lag_13': 0.08963639107089304, 'lag_14': 0.266827255788462, 'lag_15': 0.8126589964988499, 'lag_16': 0.7561454438537867, 'lag_17': 0.056270118767787675, 'lag_18': 0.07645334467442219, 'lag_19': 0.35819205152241, 'lag_20': 0.2676198729617595, 'lag_21': 0.847663390037483, 'lag_22': 0.045451654246161224, 'lag_23': 0.07938929847366535, 'lag_24': 0.1692308969051251, 'lag_25': 0.7117991276997794, 'lag_26': 0.2398929734155165, 'lag_27': 0.14264592874148802, 'lag_28': 0.6763365255270352}. Best is trial 29 with value: 0.005591888602095481.
[I 2025-09-29 11:53:45,136] Trial 42 finished with value: 0.005638498099877596 and parameters: {'lag_0': 0.8196410709905934, 'lag_1': 0.5411487549449471, 'lag_2': 0.6754544210493202, 'lag_3': 0.5766112511418714, 'lag_4': 0.15730213572114982, 'lag_5': 0.15084634224401558, 'lag_6': 0.23500620359833918, 'lag_7': 0.21122640104978482, 'lag_8': 0.16616032349392107, 'lag_9': 0.9171470280514544, 'lag_10': 0.22359938746666036, 'lag_11': 0.8694742950267182, 'lag_12': 0.9501195853079598, 'lag_13': 0.212823900280805, 'lag_14': 0.3464280173003051, 'lag_15': 0.7722399382716153, 'lag_16': 0.7994968985728361, 'lag_17': 0.08626844509399906, 'lag_18': 0.128792608773002, 'lag_19': 0.47063389922306914, 'lag_20': 0.16697604966544116, 'lag_21': 0.8598572149611754, 'lag_22': 0.11711142378917125, 'lag_23': 0.1099666657418352, 'lag_24': 0.10227588966653739, 'lag_25': 0.5786406464634323, 'lag_26': 0.16213470070651645, 'lag_27': 0.053564687714529234, 'lag_28': 0.5796982259700248}. Best is trial 29 with value: 0.005591888602095481.
[I 2025-09-29 11:53:47,554] Trial 43 finished with value: 0.005749288156742821 and parameters: {'lag_0': 0.9255461007488718, 'lag_1': 0.7197560664416714, 'lag_2': 0.500998273982099, 'lag_3': 0.28942937838114174, 'lag_4': 0.6877366606938948, 'lag_5': 0.08831041432974776, 'lag_6': 0.16328677627018132, 'lag_7': 0.3249115174139484, 'lag_8': 0.04360681986414931, 'lag_9': 0.7996031417252849, 'lag_10': 0.3413170245330719, 'lag_11': 0.9457578849641658, 'lag_12': 0.8871675404183981, 'lag_13': 0.28833190565893774, 'lag_14': 0.28540618459608974, 'lag_15': 0.9586727021396393, 'lag_16': 0.7124181276476986, 'lag_17': 0.20805033785305427, 'lag_18': 0.054020700527285595, 'lag_19': 0.4328730852041276, 'lag_20': 0.10893427509848214, 'lag_21': 0.7679991087587463, 'lag_22': 0.04610672891082465, 'lag_23': 0.03681541384428072, 'lag_24': 0.044655839118180635, 'lag_25': 0.6718541044859486, 'lag_26': 0.4576910491529123, 'lag_27': 0.06546076400096376, 'lag_28': 0.652688935509005}. Best is trial 29 with value: 0.005591888602095481.
[I 2025-09-29 11:53:49,969] Trial 44 finished with value: 0.005610177108996251 and parameters: {'lag_0': 0.8856200653452749, 'lag_1': 0.46382255802079514, 'lag_2': 0.3191740732849086, 'lag_3': 0.4406227877780015, 'lag_4': 0.5394313345232626, 'lag_5': 0.14816341035899164, 'lag_6': 0.30468901383992336, 'lag_7': 0.2701643992396634, 'lag_8': 0.1329591699145217, 'lag_9': 0.7250061469033608, 'lag_10': 0.6478353359287652, 'lag_11': 0.8665176063699811, 'lag_12': 0.9642959524925727, 'lag_13': 0.18878449301217434, 'lag_14': 0.202865139953593, 'lag_15': 0.6808803664687005, 'lag_16': 0.6335670224670756, 'lag_17': 0.00804961738587568, 'lag_18': 0.13617586100965345, 'lag_19': 0.5375792576461281, 'lag_20': 0.3035600823888002, 'lag_21': 0.6046538340090594, 'lag_22': 0.23791551079098625, 'lag_23': 0.18316266176558949, 'lag_24': 0.1663261230217743, 'lag_25': 0.6129259359069404, 'lag_26': 0.1835141628140044, 'lag_27': 0.4473339696252946, 'lag_28': 0.5961498973785015}. Best is trial 29 with value: 0.005591888602095481.
[I 2025-09-29 11:53:52,379] Trial 45 finished with value: 0.005886402118505364 and parameters: {'lag_0': 0.9763397138729678, 'lag_1': 0.4188770187263167, 'lag_2': 0.5914381878179277, 'lag_3': 0.12473159234336084, 'lag_4': 0.24667186137233255, 'lag_5': 0.01678156282065324, 'lag_6': 0.11043524410444787, 'lag_7': 0.39911203970726633, 'lag_8': 0.23415200230624944, 'lag_9': 0.8779386854319294, 'lag_10': 0.04258844638072412, 'lag_11': 0.786057119698172, 'lag_12': 0.8312781406957908, 'lag_13': 0.059962487739874754, 'lag_14': 0.4878485537095366, 'lag_15': 0.8078970021039207, 'lag_16': 0.757139505147282, 'lag_17': 0.13816454132966793, 'lag_18': 0.09063878986731169, 'lag_19': 0.6046885199405808, 'lag_20': 0.37840774434521474, 'lag_21': 0.4568851716546875, 'lag_22': 0.13379085474489052, 'lag_23': 0.25815202671844795, 'lag_24': 0.7791446901743256, 'lag_25': 0.472561452950928, 'lag_26': 0.10525101777023517, 'lag_27': 0.2506152564603191, 'lag_28': 0.8414037173941408}. Best is trial 29 with value: 0.005591888602095481.
[I 2025-09-29 11:53:54,787] Trial 46 finished with value: 0.005762156241096183 and parameters: {'lag_0': 0.7588555127341403, 'lag_1': 0.5268480208233262, 'lag_2': 0.7396224009564802, 'lag_3': 0.40218548927781916, 'lag_4': 0.5684574791281471, 'lag_5': 0.2550017524415725, 'lag_6': 0.4128114403496598, 'lag_7': 0.18840133012030244, 'lag_8': 0.07916039217309068, 'lag_9': 0.8085643605040733, 'lag_10': 0.5372950099858802, 'lag_11': 0.93823544339405, 'lag_12': 0.7080574172307494, 'lag_13': 0.16405314562678458, 'lag_14': 0.10980734025810329, 'lag_15': 0.8642516899776094, 'lag_16': 0.45043825596015125, 'lag_17': 0.0688579306021201, 'lag_18': 0.19878880569573756, 'lag_19': 0.4121894201498727, 'lag_20': 0.23412077821133997, 'lag_21': 0.7624453839735971, 'lag_22': 0.0038714307813952215, 'lag_23': 0.14961719029208265, 'lag_24': 0.25944350321704723, 'lag_25': 0.8378383793349454, 'lag_26': 0.2619481299689308, 'lag_27': 0.5052271705342058, 'lag_28': 0.5631388431256309}. Best is trial 29 with value: 0.005591888602095481.
[I 2025-09-29 11:53:57,203] Trial 47 finished with value: 0.005681232020102777 and parameters: {'lag_0': 0.8267345253157967, 'lag_1': 0.2958831941036951, 'lag_2': 0.2045476249510193, 'lag_3': 0.31183478792272906, 'lag_4': 0.4768675922109628, 'lag_5': 0.15819394958263022, 'lag_6': 0.06697080899493824, 'lag_7': 0.35805234138152087, 'lag_8': 0.17866559170055807, 'lag_9': 0.742981639810997, 'lag_10': 0.4508266954280372, 'lag_11': 0.9823836837054928, 'lag_12': 0.7707585218601045, 'lag_13': 0.9880287205093906, 'lag_14': 0.5902303178419493, 'lag_15': 0.6478080125988785, 'lag_16': 0.5441584983856945, 'lag_17': 0.3210999257760946, 'lag_18': 0.5233189740627405, 'lag_19': 0.5136408730704285, 'lag_20': 0.1579327505870306, 'lag_21': 0.9944165352556178, 'lag_22': 0.07813769670682744, 'lag_23': 0.3976367941813476, 'lag_24': 0.9661269926216426, 'lag_25': 0.738926635936437, 'lag_26': 0.853815322842999, 'lag_27': 0.16625351269776195, 'lag_28': 0.7313515797031781}. Best is trial 29 with value: 0.005591888602095481.
[I 2025-09-29 11:53:59,623] Trial 48 finished with value: 0.0056461823439423 and parameters: {'lag_0': 0.999872784397406, 'lag_1': 0.08799855993153594, 'lag_2': 0.4270524305610105, 'lag_3': 0.48899602849672724, 'lag_4': 0.4044474050590795, 'lag_5': 0.2699416846614484, 'lag_6': 0.19180435013749975, 'lag_7': 0.0701356985173969, 'lag_8': 0.039747738217203024, 'lag_9': 0.98478708765535, 'lag_10': 0.26816677650843135, 'lag_11': 0.7355453651825529, 'lag_12': 0.883240674526493, 'lag_13': 0.4090108896683001, 'lag_14': 0.3713237145035707, 'lag_15': 0.7448357025687212, 'lag_16': 0.9780641526148577, 'lag_17': 0.0014566825437713204, 'lag_18': 0.041464931057339866, 'lag_19': 0.30168863894819054, 'lag_20': 0.033937401421452074, 'lag_21': 0.6614308472550565, 'lag_22': 0.2328394917998927, 'lag_23': 0.09247893715552165, 'lag_24': 0.31667331857305236, 'lag_25': 0.8945651637543404, 'lag_26': 0.33179705094243866, 'lag_27': 0.3392242992288597, 'lag_28': 0.8136696070812013}. Best is trial 29 with value: 0.005591888602095481.
[I 2025-09-29 11:54:02,053] Trial 49 finished with value: 0.005770433920713106 and parameters: {'lag_0': 0.9234499285297302, 'lag_1': 0.5749012162384055, 'lag_2': 0.5297095824992455, 'lag_3': 0.6505960904543632, 'lag_4': 0.7216306409868227, 'lag_5': 0.3502176469628736, 'lag_6': 0.537075369620393, 'lag_7': 0.2466804383361356, 'lag_8': 0.3803875229103635, 'lag_9': 0.9245462193507303, 'lag_10': 0.3538966640656493, 'lag_11': 0.8978689998332748, 'lag_12': 0.11204690836195119, 'lag_13': 0.5212047641933313, 'lag_14': 0.5447111813388281, 'lag_15': 0.8686658710625479, 'lag_16': 0.643900214259021, 'lag_17': 0.1644967863565595, 'lag_18': 0.16095040673113872, 'lag_19': 0.80181041832484, 'lag_20': 0.34077729852513955, 'lag_21': 0.40506159886279364, 'lag_22': 0.14917945413465328, 'lag_23': 0.027283213299916592, 'lag_24': 0.12923783582802398, 'lag_25': 0.7922473565379506, 'lag_26': 0.5447639348852253, 'lag_27': 0.0440411793498762, 'lag_28': 0.47329051136909056}. Best is trial 29 with value: 0.005591888602095481.
[I 2025-09-29 11:54:04,469] Trial 50 finished with value: 0.005714808093994908 and parameters: {'lag_0': 0.4371962213477153, 'lag_1': 0.012413658789030557, 'lag_2': 0.3563145999433698, 'lag_3': 0.2149932864272837, 'lag_4': 0.8211134586405945, 'lag_5': 0.19167128829940713, 'lag_6': 0.31243794138714354, 'lag_7': 0.29831491579088165, 'lag_8': 0.323855386213618, 'lag_9': 0.6216971410343968, 'lag_10': 0.6588829813672153, 'lag_11': 0.6721003685242916, 'lag_12': 0.790672632638231, 'lag_13': 0.3249821694482792, 'lag_14': 0.6235626170704067, 'lag_15': 0.6889911189088969, 'lag_16': 0.7182307698003416, 'lag_17': 0.10030117413017202, 'lag_18': 0.016268088977516845, 'lag_19': 0.5651247529289205, 'lag_20': 0.2787662881601072, 'lag_21': 0.3372745334851591, 'lag_22': 0.19082507629140638, 'lag_23': 0.3149069585122374, 'lag_24': 0.06692887846195716, 'lag_25': 0.3738563052503733, 'lag_26': 0.4177595179428317, 'lag_27': 0.10583682912390388, 'lag_28': 0.6115325661282606}. Best is trial 29 with value: 0.005591888602095481.
[I 2025-09-29 11:54:06,885] Trial 51 finished with value: 0.005765247318284737 and parameters: {'lag_0': 0.8766979448660529, 'lag_1': 0.6972761524997395, 'lag_2': 0.31971278453289803, 'lag_3': 0.5167312623616261, 'lag_4': 0.5413632422070188, 'lag_5': 0.11512333261576115, 'lag_6': 0.27751397736289607, 'lag_7': 0.2783572573195019, 'lag_8': 0.14489611840827998, 'lag_9': 0.7492236621679239, 'lag_10': 0.6413117763600369, 'lag_11': 0.8547424291276841, 'lag_12': 0.9833509810014479, 'lag_13': 0.2128065718970964, 'lag_14': 0.2202398528295197, 'lag_15': 0.6691065074899354, 'lag_16': 0.6211874478540872, 'lag_17': 0.03814687738483617, 'lag_18': 0.15161123514922284, 'lag_19': 0.5342042566448534, 'lag_20': 0.2952209515972372, 'lag_21': 0.5966009880394868, 'lag_22': 0.2562965292819799, 'lag_23': 0.18558069526525184, 'lag_24': 0.18472279318040566, 'lag_25': 0.6449025631294462, 'lag_26': 0.18674510715349554, 'lag_27': 0.457272102699638, 'lag_28': 0.589182557432344}. Best is trial 29 with value: 0.005591888602095481.
[I 2025-09-29 11:54:09,293] Trial 52 finished with value: 0.005668967733865817 and parameters: {'lag_0': 0.8828792720859203, 'lag_1': 0.40042607621531773, 'lag_2': 0.6446488215301082, 'lag_3': 0.36310135269845767, 'lag_4': 0.6385550872258317, 'lag_5': 0.046043741754280984, 'lag_6': 0.3557288100001783, 'lag_7': 0.4528588955019317, 'lag_8': 0.1092026297781684, 'lag_9': 0.7036453546932926, 'lag_10': 0.40735494908791386, 'lag_11': 0.8189160725333429, 'lag_12': 0.966054746420993, 'lag_13': 0.15411256611040003, 'lag_14': 0.20724316534877835, 'lag_15': 0.7732945510244713, 'lag_16': 0.656505283369524, 'lag_17': 0.00697854517915404, 'lag_18': 0.08777077390169544, 'lag_19': 0.4732428601338996, 'lag_20': 0.305785236767789, 'lag_21': 0.636520458803685, 'lag_22': 0.21655923430937338, 'lag_23': 0.14751670947638273, 'lag_24': 0.16052640759703996, 'lag_25': 0.6055652356365293, 'lag_26': 0.18428196075634162, 'lag_27': 0.3948811242660454, 'lag_28': 0.6958271735780605}. Best is trial 29 with value: 0.005591888602095481.
[I 2025-09-29 11:54:11,707] Trial 53 finished with value: 0.0057943458085002895 and parameters: {'lag_0': 0.79168313607074, 'lag_1': 0.7673267056009876, 'lag_2': 0.31754633643620084, 'lag_3': 0.44854236600396347, 'lag_4': 0.6446968043326411, 'lag_5': 0.18146712263961434, 'lag_6': 0.23609062913358975, 'lag_7': 0.1745275603126021, 'lag_8': 0.19926717422120344, 'lag_9': 0.842271071203548, 'lag_10': 0.5676554657266968, 'lag_11': 0.8748554467052817, 'lag_12': 0.8522448767769276, 'lag_13': 0.09820150027132388, 'lag_14': 0.11039881571872479, 'lag_15': 0.7148381788000421, 'lag_16': 0.5989931490083275, 'lag_17': 0.05316428646509727, 'lag_18': 0.2141968061969332, 'lag_19': 0.6328709374444016, 'lag_20': 0.40257637958209824, 'lag_21': 0.5350041291429208, 'lag_22': 0.5674376989049856, 'lag_23': 0.8145617632322159, 'lag_24': 0.02257879239616642, 'lag_25': 0.5373078666342863, 'lag_26': 0.1119156570626188, 'lag_27': 0.559785926810878, 'lag_28': 0.5376152455937978}. Best is trial 29 with value: 0.005591888602095481.
[I 2025-09-29 11:54:14,123] Trial 54 finished with value: 0.005653956190949245 and parameters: {'lag_0': 0.22190580755700173, 'lag_1': 0.48255537503092805, 'lag_2': 0.12646357323971916, 'lag_3': 0.8360332073140992, 'lag_4': 0.5296414958105334, 'lag_5': 0.07542982680113457, 'lag_6': 0.4215987250537696, 'lag_7': 0.3263497756031397, 'lag_8': 0.0039315259152881595, 'lag_9': 0.6771283098669053, 'lag_10': 0.5987941025554512, 'lag_11': 0.9357618781754713, 'lag_12': 0.9057653509029236, 'lag_13': 0.1800105946342513, 'lag_14': 0.16818067713584878, 'lag_15': 0.5434834559816817, 'lag_16': 0.7853091196426589, 'lag_17': 0.24647427907302816, 'lag_18': 0.9910145318080776, 'lag_19': 0.6713666533392424, 'lag_20': 0.467080749789505, 'lag_21': 0.588137218856658, 'lag_22': 0.08524621884437433, 'lag_23': 0.2399545733436969, 'lag_24': 0.23775057774430622, 'lag_25': 0.7358175759420281, 'lag_26': 0.27319685391825094, 'lag_27': 0.4422859140910697, 'lag_28': 0.6410700197767388}. Best is trial 29 with value: 0.005591888602095481.
[I 2025-09-29 11:54:16,535] Trial 55 finished with value: 0.005706072007449362 and parameters: {'lag_0': 0.6692810188098619, 'lag_1': 0.3341478989484357, 'lag_2': 0.27513795585259004, 'lag_3': 0.5737410904989263, 'lag_4': 0.38520902889855996, 'lag_5': 0.28766303184558234, 'lag_6': 0.31279098906276664, 'lag_7': 0.3846795671950751, 'lag_8': 0.13239431450047837, 'lag_9': 0.6004790047011076, 'lag_10': 0.7644657737260068, 'lag_11': 0.9576477251850856, 'lag_12': 0.9539711832355044, 'lag_13': 0.2458697052852856, 'lag_14': 0.4608633615214214, 'lag_15': 0.6398866976915809, 'lag_16': 0.561874895775484, 'lag_17': 0.10649943113780944, 'lag_18': 0.1147654463880051, 'lag_19': 0.5004956718990334, 'lag_20': 0.23285334286303855, 'lag_21': 0.7453864254886471, 'lag_22': 0.03944365873349377, 'lag_23': 0.18600045731474726, 'lag_24': 0.11951933381156833, 'lag_25': 0.4802698213537381, 'lag_26': 0.1761527256573275, 'lag_27': 0.618677287394451, 'lag_28': 0.5590333066089015}. Best is trial 29 with value: 0.005591888602095481.
[I 2025-09-29 11:54:18,953] Trial 56 finished with value: 0.0056812093579643105 and parameters: {'lag_0': 0.7830481943060803, 'lag_1': 0.13019411665441227, 'lag_2': 0.20676154157070792, 'lag_3': 0.9664759720398501, 'lag_4': 0.7874012275708473, 'lag_5': 0.136461062885143, 'lag_6': 0.47982006714321057, 'lag_7': 0.23981683779283974, 'lag_8': 0.2623093690170498, 'lag_9': 0.4231606261014323, 'lag_10': 0.6653546991313621, 'lag_11': 0.7699500632518477, 'lag_12': 0.6881264658716005, 'lag_13': 0.047779480333879326, 'lag_14': 0.3088866531129379, 'lag_15': 0.8365495504669699, 'lag_16': 0.500258933680366, 'lag_17': 0.16393545512318228, 'lag_18': 0.25593672093874176, 'lag_19': 0.7220965804812857, 'lag_20': 0.1951798391347187, 'lag_21': 0.42446502792469204, 'lag_22': 0.34124224851536483, 'lag_23': 0.048986871131819876, 'lag_24': 0.07750060541630771, 'lag_25': 0.6196741918657441, 'lag_26': 0.23182943341201773, 'lag_27': 0.28203911749984073, 'lag_28': 0.9742227420430427}. Best is trial 29 with value: 0.005591888602095481.
[I 2025-09-29 11:54:21,362] Trial 57 finished with value: 0.005754271092760338 and parameters: {'lag_0': 0.9517672014675141, 'lag_1': 0.0530111515345173, 'lag_2': 0.5137367981060518, 'lag_3': 0.8920125282449918, 'lag_4': 0.331093788091533, 'lag_5': 0.1672112158276346, 'lag_6': 0.6332667035442289, 'lag_7': 0.5489741241441655, 'lag_8': 0.07822762936002373, 'lag_9': 0.8700726876118656, 'lag_10': 0.7358592572714371, 'lag_11': 0.8631999419898659, 'lag_12': 0.8549650700656564, 'lag_13': 0.4414578196690594, 'lag_14': 0.39951650817511525, 'lag_15': 0.6015257323958114, 'lag_16': 0.41922601768779577, 'lag_17': 0.06538174946583972, 'lag_18': 0.13727083535157603, 'lag_19': 0.3548185049636401, 'lag_20': 0.08686358969946606, 'lag_21': 0.8066783365026073, 'lag_22': 0.169170720965938, 'lag_23': 0.12188213924034239, 'lag_24': 0.28900841015758705, 'lag_25': 0.6807100788444551, 'lag_26': 0.053791965374010105, 'lag_27': 0.7888944827502772, 'lag_28': 0.7720200147369882}. Best is trial 29 with value: 0.005591888602095481.
[I 2025-09-29 11:54:23,769] Trial 58 finished with value: 0.005597228862509384 and parameters: {'lag_0': 0.8453627758372357, 'lag_1': 0.2060892381173436, 'lag_2': 0.42770389735795744, 'lag_3': 0.8341466160471266, 'lag_4': 0.8646803450501428, 'lag_5': 0.4075058792461657, 'lag_6': 0.146641609095642, 'lag_7': 0.9828394329151448, 'lag_8': 0.22726954909633182, 'lag_9': 0.646838577057334, 'lag_10': 0.5306878041346643, 'lag_11': 0.963449031543686, 'lag_12': 0.7426206815459593, 'lag_13': 0.6154555889349025, 'lag_14': 0.1635174340722835, 'lag_15': 0.9029311193939838, 'lag_16': 0.7071351395797885, 'lag_17': 0.005291409274122126, 'lag_18': 0.011586740413956693, 'lag_19': 0.6056662835973925, 'lag_20': 0.14497080026224973, 'lag_21': 0.7071148163126395, 'lag_22': 0.27725270607631314, 'lag_23': 0.29222839751781654, 'lag_24': 0.19183413466337162, 'lag_25': 0.9367442478304485, 'lag_26': 0.1295453778041511, 'lag_27': 0.21524830705745043, 'lag_28': 0.4363148246283035}. Best is trial 29 with value: 0.005591888602095481.
[I 2025-09-29 11:54:26,185] Trial 59 finished with value: 0.005807587806672324 and parameters: {'lag_0': 0.6992851966747923, 'lag_1': 0.21995426167652932, 'lag_2': 0.5921476995890955, 'lag_3': 0.836494494899039, 'lag_4': 0.8739462551204471, 'lag_5': 0.46264858411536147, 'lag_6': 0.12025539414024528, 'lag_7': 0.9374272835587787, 'lag_8': 0.29843700904130854, 'lag_9': 0.5372693895468021, 'lag_10': 0.5045836903932925, 'lag_11': 0.5139450731774209, 'lag_12': 0.7440769039868418, 'lag_13': 0.6209988166913967, 'lag_14': 0.05035753659853681, 'lag_15': 0.9463757558367204, 'lag_16': 0.8491710202846273, 'lag_17': 0.36538944105112925, 'lag_18': 0.0013793968878644015, 'lag_19': 0.9490024954417117, 'lag_20': 0.002517167051098196, 'lag_21': 0.6797999983413832, 'lag_22': 0.383596549041473, 'lag_23': 0.2859932654658256, 'lag_24': 0.20336131602178786, 'lag_25': 0.9453967212369483, 'lag_26': 0.11653036634417127, 'lag_27': 0.20425227241054958, 'lag_28': 0.44987352732544217}. Best is trial 29 with value: 0.005591888602095481.
[I 2025-09-29 11:54:28,600] Trial 60 finished with value: 0.005631750137841981 and parameters: {'lag_0': 0.2634115753357649, 'lag_1': 0.15255031186260903, 'lag_2': 0.4351212506097843, 'lag_3': 0.7572854523377697, 'lag_4': 0.9718210193740956, 'lag_5': 0.3955108552559612, 'lag_6': 0.04635421782112001, 'lag_7': 0.48431402360207354, 'lag_8': 0.23371351807738353, 'lag_9': 0.6342151687970619, 'lag_10': 0.47265285825862635, 'lag_11': 0.9555117489965745, 'lag_12': 0.6164093420482183, 'lag_13': 0.5726208998825623, 'lag_14': 0.15150370088189194, 'lag_15': 0.9420917562364194, 'lag_16': 0.6921109741048975, 'lag_17': 0.12436630825420147, 'lag_18': 0.0606361505045922, 'lag_19': 0.6083150137136024, 'lag_20': 0.1480238879036685, 'lag_21': 0.7219114318619464, 'lag_22': 0.4931552404075094, 'lag_23': 0.653193629554361, 'lag_24': 0.38620637993654366, 'lag_25': 0.8628035814531914, 'lag_26': 0.034843907200417856, 'lag_27': 0.12615828427135278, 'lag_28': 0.33828821612726195}. Best is trial 29 with value: 0.005591888602095481.
