[I 2025-09-29 11:55:57,551] Trial 3 finished with value: 0.00647032858012153 and parameters: {'lag_0': 0.3414575918893433, 'lag_1': 0.2050627380052955, 'lag_2': 0.8047642749646234, 'lag_3': 0.892026158481227, 'lag_4': 0.6439687560793075, 'lag_5': 0.45881279962693133, 'lag_6': 0.9093367119446669, 'lag_7': 0.6995712020746496, 'lag_8': 0.8978748926812236, 'lag_9': 0.5821313701097591, 'lag_10': 0.699377504745713, 'lag_11': 0.010677039753400648, 'lag_12': 0.08993476160208261, 'lag_13': 0.8284027039476844, 'lag_14': 0.5306097621374124, 'lag_15': 0.07218573828328752, 'lag_16': 0.2963634095513474, 'lag_17': 0.8819156944056711, 'lag_18': 0.8716203955425443, 'lag_19': 0.28927314850323155, 'lag_20': 0.5049439848691907, 'lag_21': 0.5723877256978258, 'lag_22': 0.7595095367904882, 'lag_23': 0.023047393760415365, 'lag_24': 0.2248495127393908, 'lag_25': 0.9147496242606075, 'lag_26': 0.20156055622441055, 'lag_27': 0.8193214052862048, 'lag_28': 0.8784050634534127}. Best is trial 2 with value: 0.006444042710085414.
[I 2025-09-29 11:55:59,880] Trial 4 finished with value: 0.006477388707203871 and parameters: {'lag_0': 0.6342807126139448, 'lag_1': 0.302664821916363, 'lag_2': 0.4327362876525416, 'lag_3': 0.7281682361233014, 'lag_4': 0.6108256018194695, 'lag_5': 0.5003026517912472, 'lag_6': 0.43638663601354905, 'lag_7': 0.9554333740259853, 'lag_8': 0.9334851995071614, 'lag_9': 0.45672381491248365, 'lag_10': 0.7804285866108933, 'lag_11': 0.5918238103909017, 'lag_12': 0.9890811278668774, 'lag_13': 0.002287570747006675, 'lag_14': 0.33054702423823823, 'lag_15': 0.2393341593654378, 'lag_16': 0.48649580245242846, 'lag_17': 0.15660758034154193, 'lag_18': 0.10330168738155508, 'lag_19': 0.4739756928075414, 'lag_20': 0.605931870147629, 'lag_21': 0.40809709196386734, 'lag_22': 0.7575682529449519, 'lag_23': 0.38174747001929393, 'lag_24': 0.3300896409254958, 'lag_25': 0.09121523466112476, 'lag_26': 0.11958532585460245, 'lag_27': 0.8074033828597019, 'lag_28': 0.532081468573776}. Best is trial 2 with value: 0.006444042710085414.
[I 2025-09-29 11:56:02,206] Trial 5 finished with value: 0.00626139607025705 and parameters: {'lag_0': 0.00943941367446356, 'lag_1': 0.9758211409078124, 'lag_2': 0.5222639387539626, 'lag_3': 0.959089378442711, 'lag_4': 0.45575034889636973, 'lag_5': 0.97167838643094, 'lag_6': 0.9802207577220824, 'lag_7': 0.5262996974872959, 'lag_8': 0.8027553496149743, 'lag_9': 0.9177253154107963, 'lag_10': 0.623995998147143, 'lag_11': 0.9845052907828586, 'lag_12': 0.9956939545089676, 'lag_13': 0.9154861446076819, 'lag_14': 0.2400589663536877, 'lag_15': 0.10411671281478863, 'lag_16': 0.03646330720483471, 'lag_17': 0.5919214825841793, 'lag_18': 0.4009188484787082, 'lag_19': 0.5361725548528975, 'lag_20': 0.8297377354188185, 'lag_21': 0.4049636381006399, 'lag_22': 0.7977763457504159, 'lag_23': 0.7866307307056822, 'lag_24': 0.8115303107364532, 'lag_25': 0.12673741550187068, 'lag_26': 0.34931502957191707, 'lag_27': 0.03861406994110041, 'lag_28': 0.22473998215614763}. Best is trial 5 with value: 0.00626139607025705.
[I 2025-09-29 11:56:04,528] Trial 6 finished with value: 0.0066459243312136426 and parameters: {'lag_0': 0.5857080146343792, 'lag_1': 0.7565050232256713, 'lag_2': 0.4537111258076621, 'lag_3': 0.7411160135353876, 'lag_4': 0.46277469654716014, 'lag_5': 0.7527133594015885, 'lag_6': 0.0818779154668974, 'lag_7': 0.8255194361069479, 'lag_8': 0.2536437487095066, 'lag_9': 0.35283196202862643, 'lag_10': 0.37498117250429513, 'lag_11': 0.9312476933528603, 'lag_12': 0.5844973125585491, 'lag_13': 0.6767832417234322, 'lag_14': 0.1846611718849039, 'lag_15': 0.6388999484278067, 'lag_16': 0.04778043068102444, 'lag_17': 0.40918603367390455, 'lag_18': 0.08503827048409202, 'lag_19': 0.9327059574563494, 'lag_20': 0.6570094193128093, 'lag_21': 0.17230564896887457, 'lag_22': 0.7402259516141886, 'lag_23': 0.7757510173702561, 'lag_24': 0.26847555236538645, 'lag_25': 0.9115019360555349, 'lag_26': 0.07750570523972682, 'lag_27': 0.20746387623712767, 'lag_28': 0.4285108573243379}. Best is trial 5 with value: 0.00626139607025705.
[I 2025-09-29 11:56:06,856] Trial 7 finished with value: 0.006496090846848615 and parameters: {'lag_0': 0.5244396069954897, 'lag_1': 0.2286222478518665, 'lag_2': 0.7417745942688038, 'lag_3': 0.47766082538330346, 'lag_4': 0.7317163884921951, 'lag_5': 0.3467127210920992, 'lag_6': 0.4042513637485673, 'lag_7': 0.9109853448743978, 'lag_8': 0.9075672111562818, 'lag_9': 0.7225701405540327, 'lag_10': 0.21032826841328722, 'lag_11': 0.9482593388395503, 'lag_12': 0.551131901783865, 'lag_13': 0.8656150726224096, 'lag_14': 0.54401397725268, 'lag_15': 0.8463141681861902, 'lag_16': 0.8292602170590343, 'lag_17': 0.9347330078685934, 'lag_18': 0.44927294294122755, 'lag_19': 0.9439330417128392, 'lag_20': 0.8376081544010943, 'lag_21': 0.8630894230646068, 'lag_22': 0.09329361228153284, 'lag_23': 0.5736538113920024, 'lag_24': 0.8652448350675742, 'lag_25': 0.2724051346752423, 'lag_26': 0.40582856866184547, 'lag_27': 0.9178156161381942, 'lag_28': 0.11766711291814616}. Best is trial 5 with value: 0.00626139607025705.
[I 2025-09-29 11:56:09,176] Trial 8 finished with value: 0.0065609581428776684 and parameters: {'lag_0': 0.04971475684492192, 'lag_1': 0.853235987710994, 'lag_2': 0.7552141709698971, 'lag_3': 0.8158783107394972, 'lag_4': 0.16505967722201859, 'lag_5': 0.4039882274152704, 'lag_6': 0.9482440619371878, 'lag_7': 0.367346500175161, 'lag_8': 0.24878260777622915, 'lag_9': 0.9720242916655504, 'lag_10': 0.03552227768050297, 'lag_11': 0.2185579100019798, 'lag_12': 0.1948370123695399, 'lag_13': 0.8379180579538229, 'lag_14': 0.19937227857802653, 'lag_15': 0.6150274260110001, 'lag_16': 0.05012658397922815, 'lag_17': 0.9241173951581876, 'lag_18': 0.8904420969524327, 'lag_19': 0.8167104308284563, 'lag_20': 0.45497332014220754, 'lag_21': 0.09976593517019998, 'lag_22': 0.13803259268832443, 'lag_23': 0.4333412171112549, 'lag_24': 0.8686766116343437, 'lag_25': 0.5116229352662117, 'lag_26': 0.30664328332889573, 'lag_27': 0.159976982274962, 'lag_28': 0.08437311975659419}. Best is trial 5 with value: 0.00626139607025705.
[I 2025-09-29 11:56:11,485] Trial 9 finished with value: 0.006484761794026525 and parameters: {'lag_0': 0.6055629556472344, 'lag_1': 0.05099316753124606, 'lag_2': 0.6820267643173963, 'lag_3': 0.5146296929125573, 'lag_4': 0.4675239214454507, 'lag_5': 0.4887509696802816, 'lag_6': 0.7100473602690754, 'lag_7': 0.23943543298021794, 'lag_8': 0.5128061785241455, 'lag_9': 0.20078362954751994, 'lag_10': 0.25310866181403446, 'lag_11': 0.057179656076447295, 'lag_12': 0.998775597593247, 'lag_13': 0.38615168432535263, 'lag_14': 0.9766881941607615, 'lag_15': 0.5916526046232617, 'lag_16': 0.2607019244832374, 'lag_17': 0.6174628221645995, 'lag_18': 0.7085897780892062, 'lag_19': 0.619844666076062, 'lag_20': 0.7334431059216108, 'lag_21': 0.8576893117910088, 'lag_22': 0.027772601738284344, 'lag_23': 0.46707268412399183, 'lag_24': 0.7086037607824247, 'lag_25': 0.5730180615641819, 'lag_26': 0.6478546107907149, 'lag_27': 0.2597580772158456, 'lag_28': 0.09070822301235273}. Best is trial 5 with value: 0.00626139607025705.
[I 2025-09-29 11:56:13,857] Trial 10 finished with value: 0.006824011966702905 and parameters: {'lag_0': 0.01015519039758156, 'lag_1': 0.6015753522851902, 'lag_2': 0.9931941249985825, 'lag_3': 0.9926680283417288, 'lag_4': 0.2837886269514393, 'lag_5': 0.9986507617805429, 'lag_6': 0.6615923044312714, 'lag_7': 0.07880278094882853, 'lag_8': 0.6812557509747416, 'lag_9': 0.9752780168345574, 'lag_10': 0.5740426624703991, 'lag_11': 0.7329734480670727, 'lag_12': 0.7550326561698001, 'lag_13': 0.9859635093526113, 'lag_14': 0.8987992968213008, 'lag_15': 0.042766530832451334, 'lag_16': 0.6236173419563736, 'lag_17': 0.6542951294971285, 'lag_18': 0.26188217811398, 'lag_19': 0.05021145948884698, 'lag_20': 0.16537976403530447, 'lag_21': 0.31097478469019646, 'lag_22': 0.9983696118408505, 'lag_23': 0.9790059887290746, 'lag_24': 0.5817093292253358, 'lag_25': 0.037638968543498394, 'lag_26': 0.9937292327700363, 'lag_27': 0.4295204791830768, 'lag_28': 0.3048793241325212}. Best is trial 5 with value: 0.00626139607025705.
[I 2025-09-29 11:56:16,223] Trial 11 finished with value: 0.006173762671136109 and parameters: {'lag_0': 0.9223134369962991, 'lag_1': 0.4727608827778611, 'lag_2': 0.006507217481676597, 'lag_3': 0.044394289051957136, 'lag_4': 0.9974022519927712, 'lag_5': 0.06618137104289268, 'lag_6': 0.2641393429605897, 'lag_7': 0.6467481043321875, 'lag_8': 0.04214341403711963, 'lag_9': 0.7382980282462007, 'lag_10': 0.9867121613808696, 'lag_11': 0.5281488296070067, 'lag_12': 0.8111660390294425, 'lag_13': 0.5710604308931748, 'lag_14': 0.39388776644133416, 'lag_15': 0.9984411731763462, 'lag_16': 0.42545301215493525, 'lag_17': 0.0003923153376929611, 'lag_18': 0.6689153519022852, 'lag_19': 0.6051526030950322, 'lag_20': 0.9531826615631118, 'lag_21': 0.011374907348113042, 'lag_22': 0.4825604588183504, 'lag_23': 0.8387384064494732, 'lag_24': 0.46000229435547585, 'lag_25': 0.6762614776667485, 'lag_26': 0.5635338654162161, 'lag_27': 0.5850241445124946, 'lag_28': 0.6719592256288357}. Best is trial 11 with value: 0.006173762671136109.
[I 2025-09-29 11:56:18,585] Trial 12 finished with value: 0.006378246194894457 and parameters: {'lag_0': 0.2429508414305689, 'lag_1': 0.4340650362177877, 'lag_2': 0.008107590519829917, 'lag_3': 0.0478356411302146, 'lag_4': 0.993679770785272, 'lag_5': 0.08250269825464802, 'lag_6': 0.2801062399866443, 'lag_7': 0.680895282980195, 'lag_8': 0.04499547206664945, 'lag_9': 0.8074737169249273, 'lag_10': 0.5819876418216432, 'lag_11': 0.7343922292730313, 'lag_12': 0.7613728712543695, 'lag_13': 0.3881017531140124, 'lag_14': 0.3457859974651431, 'lag_15': 0.2789503283567798, 'lag_16': 0.6444081315246322, 'lag_17': 0.012058600762353185, 'lag_18': 0.675853726917773, 'lag_19': 0.4576537178260835, 'lag_20': 0.9810103409549252, 'lag_21': 0.6210534864233043, 'lag_22': 0.577063919589553, 'lag_23': 0.9382525643523913, 'lag_24': 0.4730131576257911, 'lag_25': 0.6724737358473157, 'lag_26': 0.47097702509503303, 'lag_27': 0.5965042045054735, 'lag_28': 0.7045472173991121}. Best is trial 11 with value: 0.006173762671136109.
[I 2025-09-29 11:56:20,957] Trial 13 finished with value: 0.006759618911468914 and parameters: {'lag_0': 0.9656615879893836, 'lag_1': 0.5687273549424801, 'lag_2': 0.2542533497043923, 'lag_3': 0.2711362682130797, 'lag_4': 0.8088389788880692, 'lag_5': 0.004948122981034142, 'lag_6': 0.24425772407756724, 'lag_7': 0.5210926045014688, 'lag_8': 0.009053727800404678, 'lag_9': 0.7736748214577128, 'lag_10': 0.9605978474094712, 'lag_11': 0.47346121602156627, 'lag_12': 0.7963250245455129, 'lag_13': 0.5651912029210691, 'lag_14': 0.028855182561283582, 'lag_15': 0.9526584974738825, 'lag_16': 0.2511183123249179, 'lag_17': 0.6422858905242277, 'lag_18': 0.2901267998445839, 'lag_19': 0.6727684807559133, 'lag_20': 0.9350163812749337, 'lag_21': 0.02066902223602079, 'lag_22': 0.5485512941344536, 'lag_23': 0.7792848800824976, 'lag_24': 0.5202890376563771, 'lag_25': 0.7067912172159456, 'lag_26': 0.8288712434638925, 'lag_27': 0.49916745676454166, 'lag_28': 0.7754228006887958}. Best is trial 11 with value: 0.006173762671136109.
[I 2025-09-29 11:56:23,330] Trial 14 finished with value: 0.006403666045244555 and parameters: {'lag_0': 0.33246377544649364, 'lag_1': 0.9884978029249385, 'lag_2': 0.24244431275990086, 'lag_3': 0.3343426155022029, 'lag_4': 0.35012223045197177, 'lag_5': 0.9672770253102536, 'lag_6': 0.018029112698731975, 'lag_7': 0.28511284374523804, 'lag_8': 0.6456045896237852, 'lag_9': 0.64311833356795, 'lag_10': 0.7165914602311354, 'lag_11': 0.7531480097853321, 'lag_12': 0.8410381838366277, 'lag_13': 0.2634234343868719, 'lag_14': 0.3179558022646241, 'lag_15': 0.7594327974948807, 'lag_16': 0.9593731043658359, 'lag_17': 0.7351166436615545, 'lag_18': 0.9887639116453686, 'lag_19': 0.3910638924286586, 'lag_20': 0.8238208640409839, 'lag_21': 0.2416417591686909, 'lag_22': 0.2840055562456373, 'lag_23': 0.7587871744007454, 'lag_24': 0.6474544210725705, 'lag_25': 0.30289969454076787, 'lag_26': 0.37987867086690436, 'lag_27': 0.37348665684230886, 'lag_28': 0.38821139243382474}. Best is trial 11 with value: 0.006173762671136109.
[I 2025-09-29 11:56:25,698] Trial 15 finished with value: 0.006406253396863555 and parameters: {'lag_0': 0.15474470521384454, 'lag_1': 0.4526648942581911, 'lag_2': 0.5244611645838448, 'lag_3': 0.05085538957349725, 'lag_4': 0.3580464848217473, 'lag_5': 0.23713114109214023, 'lag_6': 0.5610329355268909, 'lag_7': 0.6050935057389466, 'lag_8': 0.6620504952319052, 'lag_9': 0.8676649883816177, 'lag_10': 0.4446520169320728, 'lag_11': 0.5344831917918287, 'lag_12': 0.41684224645077866, 'lag_13': 0.9908191201136433, 'lag_14': 0.7149891029191315, 'lag_15': 0.1469104483433577, 'lag_16': 0.38947840770156933, 'lag_17': 0.027593086217029418, 'lag_18': 0.3272184933640391, 'lag_19': 0.713145099534079, 'lag_20': 0.8426262771862506, 'lag_21': 0.7048919684073554, 'lag_22': 0.984582238594151, 'lag_23': 0.2550657356937702, 'lag_24': 0.4096357577263168, 'lag_25': 0.41838079665180467, 'lag_26': 0.5202233677065683, 'lag_27': 0.6417699782813556, 'lag_28': 0.5649872517208105}. Best is trial 11 with value: 0.006173762671136109.
[I 2025-09-29 11:56:28,058] Trial 16 finished with value: 0.006528194325985748 and parameters: {'lag_0': 0.7435579615987744, 'lag_1': 0.35433498999667745, 'lag_2': 0.5620981333572808, 'lag_3': 0.5998703460408812, 'lag_4': 0.03814305364050008, 'lag_5': 0.647235925060875, 'lag_6': 0.3039575128134877, 'lag_7': 0.7830845218696654, 'lag_8': 0.14203405966062593, 'lag_9': 0.8887609551742213, 'lag_10': 0.8376594476553785, 'lag_11': 0.8384756309097345, 'lag_12': 0.6605373722812522, 'lag_13': 0.6820567200879859, 'lag_14': 0.1603066994687135, 'lag_15': 0.7245972353034776, 'lag_16': 0.17417926904785008, 'lag_17': 0.5170544322900333, 'lag_18': 0.5917344157049893, 'lag_19': 0.5634962907268936, 'lag_20': 0.008563185664906547, 'lag_21': 0.34813925306181964, 'lag_22': 0.6298921889745224, 'lag_23': 0.86238072538884, 'lag_24': 0.9845331887269202, 'lag_25': 0.20457319255009215, 'lag_26': 0.7912329453081308, 'lag_27': 0.6380315817973986, 'lag_28': 0.24816685738999755}. Best is trial 11 with value: 0.006173762671136109.
[I 2025-09-29 11:56:30,426] Trial 17 finished with value: 0.006391097541961569 and parameters: {'lag_0': 0.44952737504400797, 'lag_1': 0.6428873058469924, 'lag_2': 0.1639526521368928, 'lag_3': 0.2920424096055292, 'lag_4': 0.7851736516012007, 'lag_5': 0.8661705603888159, 'lag_6': 0.9964857501019908, 'lag_7': 0.4214974823757268, 'lag_8': 0.4803764674365996, 'lag_9': 0.6153263561605191, 'lag_10': 0.6021440493261511, 'lag_11': 0.40745112434694397, 'lag_12': 0.880769393734136, 'lag_13': 0.47591533543717857, 'lag_14': 0.4326159449860115, 'lag_15': 0.3415589983567118, 'lag_16': 0.6107303833920832, 'lag_17': 0.7822449308685127, 'lag_18': 0.7791630037854087, 'lag_19': 0.8013748488633987, 'lag_20': 0.9878727215393205, 'lag_21': 0.4353840884228868, 'lag_22': 0.46782172265603433, 'lag_23': 0.6802748747886296, 'lag_24': 0.1539223400805238, 'lag_25': 0.7529638328437666, 'lag_26': 0.522578874528081, 'lag_27': 0.0063654826339515705, 'lag_28': 0.007594307453038018}. Best is trial 11 with value: 0.006173762671136109.
[I 2025-09-29 11:56:32,797] Trial 18 finished with value: 0.006695096998362346 and parameters: {'lag_0': 0.410384510766941, 'lag_1': 0.7494537806926791, 'lag_2': 0.3729550904551245, 'lag_3': 0.16286524159844679, 'lag_4': 0.6479633363897014, 'lag_5': 0.6230151834996129, 'lag_6': 0.718330688552276, 'lag_7': 0.11274050267112357, 'lag_8': 0.8224855644349945, 'lag_9': 0.6712919479401309, 'lag_10': 0.9954922111348178, 'lag_11': 0.6280022475919796, 'lag_12': 0.8847273473218058, 'lag_13': 0.23685367565119675, 'lag_14': 0.6768846540883209, 'lag_15': 0.5242632130361017, 'lag_16': 0.14280721949571568, 'lag_17': 0.2691875684202044, 'lag_18': 0.5545292891305813, 'lag_19': 0.17785524364003197, 'lag_20': 0.7302392314488535, 'lag_21': 0.988617690338696, 'lag_22': 0.24018891598874487, 'lag_23': 0.8794516094474368, 'lag_24': 0.8087290989036047, 'lag_25': 0.1496078402827743, 'lag_26': 0.35619154711618595, 'lag_27': 0.30446813156406777, 'lag_28': 0.807845412926461}. Best is trial 11 with value: 0.006173762671136109.
[I 2025-09-29 11:56:35,162] Trial 19 finished with value: 0.00657763919635351 and parameters: {'lag_0': 0.16640419895589448, 'lag_1': 0.9910809645700958, 'lag_2': 0.6309430374582727, 'lag_3': 0.9812204684441577, 'lag_4': 0.8951977615800037, 'lag_5': 0.2824080732850499, 'lag_6': 0.4328388984232102, 'lag_7': 0.572397213552162, 'lag_8': 0.7401605578706001, 'lag_9': 0.874749200784643, 'lag_10': 0.3483895910262962, 'lag_11': 0.9810186380690328, 'lag_12': 0.3445649067784733, 'lag_13': 0.5510490515612972, 'lag_14': 0.24706601324268262, 'lag_15': 0.991639533622493, 'lag_16': 0.3597091426033945, 'lag_17': 0.5313590700863903, 'lag_18': 0.19397513016462475, 'lag_19': 0.3431142718476268, 'lag_20': 0.8936375524029171, 'lag_21': 0.012938124273010831, 'lag_22': 0.6388082866836079, 'lag_23': 0.6801020331703144, 'lag_24': 0.631424740317317, 'lag_25': 0.5952752445267897, 'lag_26': 0.7500032316556111, 'lag_27': 0.04184888218203198, 'lag_28': 0.437179234980134}. Best is trial 11 with value: 0.006173762671136109.
[I 2025-09-29 11:56:37,520] Trial 20 finished with value: 0.006529958217419368 and parameters: {'lag_0': 0.9770498260487871, 'lag_1': 0.5169177060792328, 'lag_2': 0.8934695094633258, 'lag_3': 0.39990897906356987, 'lag_4': 0.28211707945846903, 'lag_5': 0.5784376093033772, 'lag_6': 0.8282163968015439, 'lag_7': 0.7820271960378256, 'lag_8': 0.48321847255191863, 'lag_9': 0.7694268244436574, 'lag_10': 0.6808738349486819, 'lag_11': 0.30817359216326823, 'lag_12': 0.6744400697529002, 'lag_13': 0.7841974924014564, 'lag_14': 0.10991210704264226, 'lag_15': 0.215165195267357, 'lag_16': 0.5155753703146636, 'lag_17': 0.12895317695442743, 'lag_18': 0.3641880079712754, 'lag_19': 0.555778261631237, 'lag_20': 0.5792996668342567, 'lag_21': 0.23666647562682774, 'lag_22': 0.8740338996777541, 'lag_23': 0.2109908345352447, 'lag_24': 0.39197516670915217, 'lag_25': 0.00045401606854961196, 'lag_26': 0.8964767712605197, 'lag_27': 0.5348020096550367, 'lag_28': 0.634085688331256}. Best is trial 11 with value: 0.006173762671136109.
[I 2025-09-29 11:56:39,889] Trial 21 finished with value: 0.00665418535548472 and parameters: {'lag_0': 0.2007062581295731, 'lag_1': 0.4130230511502104, 'lag_2': 0.047668241739220366, 'lag_3': 0.020808505888310513, 'lag_4': 0.9964837584398872, 'lag_5': 0.027036682463376482, 'lag_6': 0.2849812551345286, 'lag_7': 0.6870931536189138, 'lag_8': 0.011566117531544684, 'lag_9': 0.8152576850408612, 'lag_10': 0.5291505800382978, 'lag_11': 0.6958433571958782, 'lag_12': 0.7371766686391732, 'lag_13': 0.38475076118361207, 'lag_14': 0.3821334963776094, 'lag_15': 0.2812719322699292, 'lag_16': 0.6336963577994545, 'lag_17': 0.02334176328992669, 'lag_18': 0.6957704395396951, 'lag_19': 0.469190685346974, 'lag_20': 0.9991979560046528, 'lag_21': 0.6342558520946378, 'lag_22': 0.6086494065906533, 'lag_23': 0.9853578992370524, 'lag_24': 0.46331737665602, 'lag_25': 0.6957259404176817, 'lag_26': 0.45003336917505377, 'lag_27': 0.6362121399982631, 'lag_28': 0.7420167116175593}. Best is trial 11 with value: 0.006173762671136109.
[I 2025-09-29 11:56:42,253] Trial 22 finished with value: 0.006483725967247521 and parameters: {'lag_0': 0.2614941295402283, 'lag_1': 0.35153954454260217, 'lag_2': 0.14380785937572013, 'lag_3': 0.12664425627869363, 'lag_4': 0.9825903839292641, 'lag_5': 0.12281820295434337, 'lag_6': 0.17892852236370094, 'lag_7': 0.6192513542392933, 'lag_8': 0.08372703422370162, 'lag_9': 0.9732928504331964, 'lag_10': 0.44374721015468505, 'lag_11': 0.8370860778489067, 'lag_12': 0.9134141315524443, 'lag_13': 0.42297630213222986, 'lag_14': 0.2873143100068917, 'lag_15': 0.000872514322205753, 'lag_16': 0.7424916101691155, 'lag_17': 0.08885481373242975, 'lag_18': 0.691853795294275, 'lag_19': 0.4286634349697035, 'lag_20': 0.7500430703266903, 'lag_21': 0.71991453102065, 'lag_22': 0.42435419090326665, 'lag_23': 0.8932963881398344, 'lag_24': 0.5019308339309075, 'lag_25': 0.6315817264322595, 'lag_26': 0.569613342238368, 'lag_27': 0.5326860364804913, 'lag_28': 0.6525172586585964}. Best is trial 11 with value: 0.006173762671136109.
[I 2025-09-29 11:56:44,617] Trial 23 finished with value: 0.006451493785626217 and parameters: {'lag_0': 0.08198002887419881, 'lag_1': 0.7029378497272505, 'lag_2': 0.09951524641430012, 'lag_3': 0.0061391579020221645, 'lag_4': 0.8208785378390958, 'lag_5': 0.09873960654240932, 'lag_6': 0.33326473417570723, 'lag_7': 0.36820798741770544, 'lag_8': 0.13865819126531576, 'lag_9': 0.7271826703772238, 'lag_10': 0.6219355397717459, 'lag_11': 0.8724152095345543, 'lag_12': 0.6893071959442117, 'lag_13': 0.2920644100365357, 'lag_14': 0.4001644510079277, 'lag_15': 0.14811288967906228, 'lag_16': 0.5526453652109945, 'lag_17': 0.005228378785836001, 'lag_18': 0.8116615222463426, 'lag_19': 0.542280730255959, 'lag_20': 0.9350083250102871, 'lag_21': 0.5253391036406543, 'lag_22': 0.5346939776589756, 'lag_23': 0.9163881157746809, 'lag_24': 0.5596802688287905, 'lag_25': 0.45516571553805063, 'lag_26': 0.46871382177203025, 'lag_27': 0.7131358401516814, 'lag_28': 0.7017719033781411}. Best is trial 11 with value: 0.006173762671136109.
