[I 2025-10-03 11:36:12,894] Trial 16 finished with values: [0.0092503844252096, 0.003330260275057778, 0.0006566534989621226, 0.0020500017026139445, 0.0012400441705702385, 0.00016083624200113092, 0.0026323092755391833, 0.00018092761929202993, 0.0003226976017371707, 0.00033447027360036623, 0.0007278398638399495, 0.0023163341571772692, 0.004117663833309375, 0.008006070751701868, 0.0, 0.12874758240463524, 0.0003498145495981324, 0.0052472380300050084, 0.0057551566134624935, 0.0007848289496589688, 0.0021195726495279537, 0.01308569084681937, 0.0018035214930599865, 0.0021217581798263882, 0.004548321528282807, 0.006304713568945089, 0.00013354082889204712, 0.0019160415783719999, 0.001728771466659122] and parameters: {'lag_0': 0.8832796251524258, 'lag_1': 0.6541414047748397, 'lag_2': 0.15591924675235938, 'lag_3': 0.5906629637212045, 'lag_4': 0.3909784352460854, 'lag_5': 0.5435287701199086, 'lag_6': 0.23661793765230854, 'lag_7': 0.4810876792646366, 'lag_8': 0.8356913518801277, 'lag_9': 0.8125198381272352, 'lag_10': 0.7012119152699581, 'lag_11': 0.15492129295557144, 'lag_12': 0.04870825759617322, 'lag_13': 0.7772239581025226, 'lag_14': 0.9551197365991788, 'lag_15': 0.051490816482682646, 'lag_16': 0.04277202339415192, 'lag_17': 0.6022882107351966, 'lag_18': 0.23554489342455306, 'lag_19': 0.9785698706748627, 'lag_20': 0.029848355696390317, 'lag_21': 0.08757834148013077, 'lag_22': 0.17634216937049751, 'lag_23': 0.7558917679292378, 'lag_24': 0.07145620067268298, 'lag_25': 0.9325029303678306, 'lag_26': 0.6451009066747077, 'lag_27': 0.5602827360196866, 'lag_28': 0.4722640872053519}.
[I 2025-10-03 11:36:15,504] Trial 17 finished with values: [0.053320923734385274, 0.008857487749647024, 0.0031425466401462836, 0.0014254948764189524, 0.0007645106239065891, 0.00016988480660016077, 0.0005374662314944123, 0.0002511525265144808, 0.0002885220174265516, 0.00011848726736928843, 0.0007854329015357364, 0.00241014142751485, 0.004311211746488671, 0.008479107031696843, 0.0, 0.13649440851989686, 0.0005919948193612831, 0.006874729868376792, 0.005664416944737199, 0.0012034634845591507, 0.002405124423877656, 0.01403487902854334, 0.0014349557539971045, 0.002940977976030744, 0.0034273128583939905, 0.005960289094276166, 0.00018139564378480045, 0.0022027115718080896, 0.0019218098277252419] and parameters: {'lag_0': 0.3099324819629596, 'lag_1': 0.32534576457968356, 'lag_2': 0.5742927871911778, 'lag_3': 0.2522540884930862, 'lag_4': 0.34378502415099277, 'lag_5': 0.41915419381048225, 'lag_6': 0.8994702804995579, 'lag_7': 0.473922796375797, 'lag_8': 0.2549209517661326, 'lag_9': 0.4912442237301893, 'lag_10': 0.9972445289380345, 'lag_11': 0.8072963664702211, 'lag_12': 0.7286169206167156, 'lag_13': 0.4255587293408846, 'lag_14': 0.08897412129043997, 'lag_15': 0.3144797257056312, 'lag_16': 0.3169662999200463, 'lag_17': 0.5040447302510712, 'lag_18': 0.8561564851081613, 'lag_19': 0.46233202645122873, 'lag_20': 0.17856722359000257, 'lag_21': 0.7369012605052018, 'lag_22': 0.08514648837220389, 'lag_23': 0.9928775519329242, 'lag_24': 0.08380918352262275, 'lag_25': 0.3178510036373214, 'lag_26': 0.9068764216652396, 'lag_27': 0.004527984624135221, 'lag_28': 0.44784184628889073}.
[I 2025-10-03 11:36:18,116] Trial 18 finished with values: [0.01059335963182117, 0.0025883345265288265, 0.0024361712730328966, 0.002542721103351471, 0.0013581239910561214, 0.0002742735071650028, 0.0016161257602284626, 0.00048493705899231923, 0.001034512222883152, 0.00078575437770291, 0.0003787553452298251, 0.002699648494517916, 0.004957994555564275, 0.007741857690071639, 0.0, 0.13310234452813724, 0.0005807847016407841, 0.005995005488414076, 0.006657521091240545, 0.0010207052236226124, 0.002149112148664649, 0.012384711377415515, 0.0015782814824593823, 0.0028469219941374257, 0.003581226629588564, 0.006160401268693889, 0.0002358634452238226, 0.0019484019287215402, 0.0036672678408475727] and parameters: {'lag_0': 0.5454627645233683, 'lag_1': 0.8149459663577852, 'lag_2': 0.8895128333361793, 'lag_3': 0.6662398961013817, 'lag_4': 0.13256691650300848, 'lag_5': 0.8008015264936179, 'lag_6': 0.6075525268912427, 'lag_7': 0.9133788150351756, 'lag_8': 0.3749498510036845, 'lag_9': 0.41567113598920696, 'lag_10': 0.3492335745945435, 'lag_11': 0.6800179953823572, 'lag_12': 0.054738652903381674, 'lag_13': 0.8526803765791138, 'lag_14': 0.7226304562376649, 'lag_15': 0.5202953137357333, 'lag_16': 0.27925255418182, 'lag_17': 0.9579777037020167, 'lag_18': 0.9331956875586628, 'lag_19': 0.4479411150337918, 'lag_20': 0.016188893982601184, 'lag_21': 0.4662822791836878, 'lag_22': 0.01994765767805339, 'lag_23': 0.2731186275462809, 'lag_24': 0.6576402271762732, 'lag_25': 0.830009444093021, 'lag_26': 0.27888095172641736, 'lag_27': 0.6941249230553529, 'lag_28': 0.06700090631872169}.
[I 2025-10-03 11:36:20,730] Trial 19 finished with values: [0.00878899116078603, 0.002125542702106409, 0.0007871881950391013, 0.002672347390462051, 0.0016135152123646073, 0.00021274615511484332, 0.0016072598594769742, 0.00026029614396597264, 0.0003622755391694923, 0.0001047467873972534, 0.0005290662589471506, 0.0021630626035207753, 0.004168700086828528, 0.007807611255947272, 0.0, 0.1261297381608034, 0.0006158883830509373, 0.005282237236839517, 0.006604057655555923, 0.0009515403940463706, 0.0019104956472496438, 0.013165368815913162, 0.00134162445546925, 0.002007846215296591, 0.004089369319145464, 0.005701314335708217, 0.00013682455720557393, 0.0017421978425571256, 0.0014649986193211201] and parameters: {'lag_0': 0.38051380108961147, 'lag_1': 0.11544737692104276, 'lag_2': 0.01711723711610351, 'lag_3': 0.858570398250835, 'lag_4': 0.8963483892834244, 'lag_5': 0.9678518477027883, 'lag_6': 0.5130220297330017, 'lag_7': 0.9656346124585723, 'lag_8': 0.45410342435184436, 'lag_9': 0.7494090852925998, 'lag_10': 0.8158690900929124, 'lag_11': 0.2522765514141316, 'lag_12': 0.8808658715930248, 'lag_13': 0.0673658132418719, 'lag_14': 0.08708691996072915, 'lag_15': 0.7326013017618169, 'lag_16': 0.835581539228009, 'lag_17': 0.08006609473604874, 'lag_18': 0.8296682525504673, 'lag_19': 0.9644321047609445, 'lag_20': 0.16712598462304257, 'lag_21': 0.7517520394404648, 'lag_22': 0.45017507284105296, 'lag_23': 0.4002724189406303, 'lag_24': 0.16069609741089372, 'lag_25': 0.4698130476456068, 'lag_26': 0.8598483874956017, 'lag_27': 0.6211892666091747, 'lag_28': 0.37263580753257913}.
[I 2025-10-03 11:36:23,338] Trial 20 finished with values: [0.0023523127998652483, 0.0013776435916525533, 0.0005182348046803411, 0.002007089301556767, 0.001223493484660709, 0.00017646972505707399, 0.002540971155027994, 0.0005932824701804925, 0.00032674161043401244, 0.0009572420230496579, 0.0004117918521331611, 0.0034475102114448542, 0.0036101812144951687, 0.0080893746665659, 0.0, 0.12868988167746903, 0.0002768940627997371, 0.006388250661181927, 0.005720524994973863, 0.0010956691868573489, 0.0018850079775238737, 0.0139595293040157, 0.0014906305487688615, 0.002960875204470266, 0.0036672680243956734, 0.004372268209085618, 0.000190981642955937, 0.0022521225317361088, 0.001904974051466069] and parameters: {'lag_0': 0.7245919904917926, 'lag_1': 0.4820283280724936, 'lag_2': 0.10256051728597562, 'lag_3': 0.22095004461854556, 'lag_4': 0.0469081216495666, 'lag_5': 0.0021487399340268513, 'lag_6': 0.8236839009532984, 'lag_7': 0.5944255641778767, 'lag_8': 0.5811604986965165, 'lag_9': 0.03862049376711634, 'lag_10': 0.9182890517299663, 'lag_11': 0.35052594037015844, 'lag_12': 0.5884996703456751, 'lag_13': 0.0011756798791183107, 'lag_14': 0.9717590299598114, 'lag_15': 0.26908419527280103, 'lag_16': 0.930972089927258, 'lag_17': 0.817476341043515, 'lag_18': 0.8149785312941056, 'lag_19': 0.44371714946514274, 'lag_20': 0.08639523320112936, 'lag_21': 0.060000809778647565, 'lag_22': 0.9624627516766437, 'lag_23': 0.7472872463859526, 'lag_24': 0.7826613842251886, 'lag_25': 0.35049166208502447, 'lag_26': 0.8892778324506714, 'lag_27': 0.45094050464082586, 'lag_28': 0.960146476756788}.
[I 2025-10-03 11:36:25,948] Trial 21 finished with values: [0.00202629848783695, 0.002860057548322391, 0.0007915767972513027, 0.00361106238263557, 0.0025319021211895132, 0.00046285233742211947, 0.0024239224886411642, 0.00017523850594063463, 6.930781680063839e-05, 0.000429051747064936, 0.00039338155631192415, 0.003953100450387522, 0.005090323207290073, 0.007528151652385762, 0.0, 0.12456184991467094, 0.00047623132096325524, 0.004385289031056295, 0.0064124951977270975, 0.0009860681868278701, 0.0019693413550024227, 0.012322718793496315, 0.001185787379915665, 0.0019788295692623253, 0.004281385950878241, 0.004793308747151971, 0.0002635088857804322, 0.0026821753324375807, 0.0017120685875254451] and parameters: {'lag_0': 0.4567788083751543, 'lag_1': 0.6656627634358399, 'lag_2': 0.07711376400103528, 'lag_3': 0.34538328967815995, 'lag_4': 0.26072159198517164, 'lag_5': 0.027808335076319468, 'lag_6': 0.8075891119994129, 'lag_7': 0.8089673854651401, 'lag_8': 0.5077683344326743, 'lag_9': 0.7065739138710275, 'lag_10': 0.8347518504135222, 'lag_11': 0.20006244254430156, 'lag_12': 0.7795432099411087, 'lag_13': 0.8415449480004696, 'lag_14': 0.9757873146437333, 'lag_15': 0.6610989265627257, 'lag_16': 0.9466564441749993, 'lag_17': 0.5615848447285973, 'lag_18': 0.41916239165745955, 'lag_19': 0.2275841818152227, 'lag_20': 0.6333073656177929, 'lag_21': 0.2672618679735744, 'lag_22': 0.23524428697162322, 'lag_23': 0.7014064948738388, 'lag_24': 0.31330685482624915, 'lag_25': 0.70092484284517, 'lag_26': 0.12295346953431766, 'lag_27': 0.25075113612442174, 'lag_28': 0.43878413454187065}.
[I 2025-10-03 11:36:28,562] Trial 22 finished with values: [0.0006574621959237343, 0.003290319619024891, 0.0013675655336098027, 0.002056512060424071, 0.00015533446913721665, 0.0014592413886881368, 0.0021844229892531955, 0.00025644992327571105, 0.0007673623230001214, 0.000276378344809627, 0.0002595189503844921, 0.0026531592014672188, 0.005162735092427409, 0.008184672852443899, 0.0, 0.12589374184215316, 0.0001753827496388021, 0.00529385000956038, 0.0063049188971972025, 0.0010283157030334417, 0.00208829332341055, 0.012770552762540941, 0.001583042998718785, 0.0024228091082987954, 0.005410297977074423, 0.006037535910771727, 8.183482834355797e-05, 0.0015379017488546217, 0.0041796535041930954] and parameters: {'lag_0': 0.828556384111361, 'lag_1': 0.7354221580103855, 'lag_2': 0.0021503257036794014, 'lag_3': 0.627584796108472, 'lag_4': 0.15536364174581935, 'lag_5': 0.49903085053994883, 'lag_6': 0.2130807647181307, 'lag_7': 0.9462867313676057, 'lag_8': 0.2993348564188264, 'lag_9': 0.810966758186336, 'lag_10': 0.7659771624380209, 'lag_11': 0.8055465791616507, 'lag_12': 0.1632578505651156, 'lag_13': 0.5945180295497413, 'lag_14': 0.7571735206908866, 'lag_15': 0.38469416439653875, 'lag_16': 0.4938458716676777, 'lag_17': 0.1782564931872451, 'lag_18': 0.3633451727904196, 'lag_19': 0.7120358091986031, 'lag_20': 0.06094129163507327, 'lag_21': 0.12142981861109275, 'lag_22': 0.017890566161359714, 'lag_23': 0.04175862551121426, 'lag_24': 0.006908891760165293, 'lag_25': 0.3730091395592289, 'lag_26': 0.8697023309358464, 'lag_27': 0.4996026301809074, 'lag_28': 0.02183036698960528}.
[I 2025-10-03 11:36:31,166] Trial 23 finished with values: [0.0032738933837834936, 0.001782657816362928, 0.0015059447587428064, 0.0036861817519827865, 0.00024114220934199558, 0.0004392359163768366, 0.0016897481589756504, 0.0002618696624427619, 0.000803546718554332, 0.0007473663988308688, 0.0006645506730602243, 0.0030772005467332073, 0.0037836969279445793, 0.007930156475992716, 0.0, 0.1402876194502512, 0.0008375165614054039, 0.005809006991655101, 0.006031878299086914, 0.001425513140500487, 0.0016993644218994647, 0.011895568222275912, 0.001903931332273865, 0.0028865610804387166, 0.004232921762059266, 0.0062616361826939165, 0.0005364743516536307, 0.0018913368423455821, 0.0015859952801316913] and parameters: {'lag_0': 0.5110407643081867, 'lag_1': 0.5359271113268702, 'lag_2': 0.006194368955122678, 'lag_3': 0.6191053590754176, 'lag_4': 0.5841731773986933, 'lag_5': 0.7224049909798489, 'lag_6': 0.9573844457695275, 'lag_7': 0.20168343452283313, 'lag_8': 0.3924424945661109, 'lag_9': 0.20650504108755216, 'lag_10': 0.35475027277271676, 'lag_11': 0.2188390500047612, 'lag_12': 0.6116724119890933, 'lag_13': 0.2855495069057763, 'lag_14': 0.9946054199343966, 'lag_15': 0.6269793250226421, 'lag_16': 0.7593496497896439, 'lag_17': 0.7057131633857715, 'lag_18': 0.9665414506032797, 'lag_19': 0.7082386424559145, 'lag_20': 0.25223613615600904, 'lag_21': 0.6684594063279423, 'lag_22': 0.8733518094175304, 'lag_23': 0.8686573351435621, 'lag_24': 0.4795444705026013, 'lag_25': 0.8254372179802134, 'lag_26': 0.6005031206851946, 'lag_27': 0.670006948507948, 'lag_28': 0.40609029722152684}.
[I 2025-10-03 11:36:33,774] Trial 24 finished with values: [0.0011916502301117682, 0.0010923072343172145, 0.0005889470647923699, 0.0025719024375582033, 0.0009509652648945768, 0.0006870539789636382, 0.001985181004764623, 0.0001923248594318, 0.0003174895851758133, 0.0005821437779312795, 0.0007693466259773246, 0.00250659305647189, 0.004862258100043356, 0.010197536046188962, 0.0, 0.12647184164438457, 0.0004942739825316425, 0.005310215255606524, 0.005216571186178192, 0.0011785111914813743, 0.0016365423523058962, 0.013933120299065321, 0.0014763511445797036, 0.002447969514121352, 0.003809787681566157, 0.004873679869581887, 0.0003804621801160222, 0.0016867610230372008, 0.00203753711266065] and parameters: {'lag_0': 0.829988935148677, 'lag_1': 0.4763128756003362, 'lag_2': 0.22377777964212978, 'lag_3': 0.7717782041376148, 'lag_4': 0.00731357530735144, 'lag_5': 0.483385405297111, 'lag_6': 0.08438538632384063, 'lag_7': 0.7235390624103278, 'lag_8': 0.2316528985879038, 'lag_9': 0.7073509316777299, 'lag_10': 0.8747309235357416, 'lag_11': 0.4468014530587656, 'lag_12': 0.4266718766228326, 'lag_13': 0.27763751568750966, 'lag_14': 0.2233405645412688, 'lag_15': 0.446089012806395, 'lag_16': 0.8089415231789511, 'lag_17': 0.7469562505714462, 'lag_18': 0.7997112198186289, 'lag_19': 0.5112606812944473, 'lag_20': 0.3033928509197197, 'lag_21': 0.1259904829216684, 'lag_22': 0.01516804532330904, 'lag_23': 0.38553113763304897, 'lag_24': 0.09739103189717976, 'lag_25': 0.4827700462417955, 'lag_26': 0.10023169272945089, 'lag_27': 0.7388693971731666, 'lag_28': 0.8102977564094406}.
[I 2025-10-03 11:36:36,377] Trial 25 finished with values: [0.004248252358142469, 0.0017758246864450586, 0.0013125547494290562, 0.0033329793844633637, 0.0008262078311384865, 0.00019211922664273527, 0.001751885810600634, 0.00019324542730345337, 0.0006497945689910581, 0.0007844769438715195, 0.0003014348094705462, 0.0011091965093138732, 0.005534570860702052, 0.00889065118897244, 0.0, 0.12011456089851517, 0.00034739485598695336, 0.005008196079001196, 0.005769649231558431, 0.001078716999396165, 0.0013525937682980077, 0.013384970567785762, 0.0013781497666830761, 0.0019030770891839267, 0.004564781144814609, 0.0057860005890725385, 0.0003271959039188666, 0.0020766277790884914, 0.0015257512188712173] and parameters: {'lag_0': 0.07429720213083003, 'lag_1': 0.17547143411721375, 'lag_2': 0.23213445745809366, 'lag_3': 0.0168287577878353, 'lag_4': 0.5883562004552815, 'lag_5': 0.21497931054798744, 'lag_6': 0.6281379282288061, 'lag_7': 0.7688616002005022, 'lag_8': 0.32652222474451364, 'lag_9': 0.6713473633069, 'lag_10': 0.15449365701908624, 'lag_11': 0.4617746020079633, 'lag_12': 0.21453758831646041, 'lag_13': 0.47922250261870875, 'lag_14': 0.7559429796180329, 'lag_15': 0.0686191263322448, 'lag_16': 0.4726879796417949, 'lag_17': 0.23981007558911902, 'lag_18': 0.400065498976245, 'lag_19': 0.8631546401559352, 'lag_20': 0.4909455833534476, 'lag_21': 0.4514457012965496, 'lag_22': 0.12001955630491387, 'lag_23': 0.9085575755105326, 'lag_24': 0.45497732989365025, 'lag_25': 0.47609150088955715, 'lag_26': 0.9558276243029874, 'lag_27': 0.3893592437828469, 'lag_28': 0.8797824737410496}.
[I 2025-10-03 11:36:38,987] Trial 26 finished with values: [0.005890324571643253, 0.005118342000866192, 0.00042965598215305884, 0.0028086548700623085, 0.0014201955742418123, 0.0025564995342879744, 0.0040954588427339535, 0.00039793564775513325, 0.0006562420719017836, 0.00023948888190941206, 0.0006981405676009245, 0.002216067673148127, 0.004519659679952456, 0.008789176376953986, 0.0, 0.12621987654150488, 0.00035443479629734673, 0.00520545141061283, 0.006029895091194868, 0.0012840863752671542, 0.001394496874304549, 0.012492926894425691, 0.0010914215282449916, 0.0030034358284307056, 0.0044262129893902205, 0.005875561639932088, 0.0003798475099636271, 0.0018585154698684471, 0.0015678341072591397] and parameters: {'lag_0': 0.7686643222247482, 'lag_1': 0.48349804352866926, 'lag_2': 0.09399960255358078, 'lag_3': 0.1642857977337208, 'lag_4': 0.09667535987697004, 'lag_5': 0.9871480599656879, 'lag_6': 0.4574823783272871, 'lag_7': 0.5786236744929797, 'lag_8': 0.375831708073242, 'lag_9': 0.5340330557696047, 'lag_10': 0.43480863401678527, 'lag_11': 0.25746050169462115, 'lag_12': 0.6107715912873383, 'lag_13': 0.3579826607608312, 'lag_14': 0.27073016097993874, 'lag_15': 0.811578130461, 'lag_16': 0.36882230861343174, 'lag_17': 0.8171419536150556, 'lag_18': 0.21604640549396273, 'lag_19': 0.08359530530939965, 'lag_20': 0.4118094739215861, 'lag_21': 0.6512180835743279, 'lag_22': 0.8583137471061324, 'lag_23': 0.41346581336072646, 'lag_24': 0.3161134416096613, 'lag_25': 0.22920120123543114, 'lag_26': 0.8095035715130413, 'lag_27': 0.5957877115140005, 'lag_28': 0.8325275498614961}.
[I 2025-10-03 11:36:41,595] Trial 27 finished with values: [0.013363877553854245, 0.0025390904400255645, 0.002723368795486826, 0.001999993437364777, 0.0006741429624642624, 0.0003761518220063174, 0.0023621149651987944, 0.00030715260161714075, 0.00018820616607358962, 0.0005055048875971921, 0.0005154567418359347, 0.002420627143852991, 0.0045122706456926015, 0.007980002199737487, 0.0, 0.12028496809347233, 0.0002482239716332428, 0.005466178145754896, 0.005887726381552773, 0.0007976381892766645, 0.0016945900099212211, 0.012692959029900332, 0.0014174010644775648, 0.0024020991490048427, 0.004276904947568437, 0.005105953926517715, 0.0003147372952941749, 0.002245499531685925, 0.001137018591601355] and parameters: {'lag_0': 0.3530566896060452, 'lag_1': 0.5187721719560651, 'lag_2': 0.013886956080439149, 'lag_3': 0.8215311058256954, 'lag_4': 0.4835251622239631, 'lag_5': 0.8492456985219944, 'lag_6': 0.309102321052175, 'lag_7': 0.9316877308203825, 'lag_8': 0.6692610491576914, 'lag_9': 0.6867994527555346, 'lag_10': 0.3146569183056929, 'lag_11': 0.1382368177138024, 'lag_12': 0.41007787034461063, 'lag_13': 0.915721395473757, 'lag_14': 0.5547739965852452, 'lag_15': 0.8173830526900957, 'lag_16': 0.05994999313973786, 'lag_17': 0.5817397827275074, 'lag_18': 0.7394774710668319, 'lag_19': 0.6968505608043521, 'lag_20': 0.05509000819623177, 'lag_21': 0.8442186377060106, 'lag_22': 0.39452722875068647, 'lag_23': 0.5221800455924617, 'lag_24': 0.08843466455563939, 'lag_25': 0.3299238970931959, 'lag_26': 0.9923629013178054, 'lag_27': 0.5364180558944533, 'lag_28': 0.22307137943858246}.
[I 2025-10-03 11:36:44,197] Trial 28 finished with values: [0.0006574621959237343, 0.0008845571235333496, 0.002766968663168493, 0.0011804827473351441, 0.0010542158275140617, 0.0007652519749063482, 0.0036814624033957377, 0.0001923678686217642, 0.00022053034538689192, 0.00048642380012562704, 0.0007595208306423401, 0.001834908045870933, 0.0033110276723347354, 0.008596087822797773, 0.0, 0.1323365921955551, 0.0010358822569810828, 0.006178000842508854, 0.005077532055782938, 0.0011036013627973404, 0.0018552243489483454, 0.01316329469738281, 0.0013826630165111424, 0.0021718440854132594, 0.005041242649905712, 0.00629047955274607, 0.00022177813060350336, 0.0021423015416007535, 0.0013426668925254214] and parameters: {'lag_0': 0.45592822195398075, 'lag_1': 0.13360427204361258, 'lag_2': 0.2982972361112599, 'lag_3': 0.4383550938250492, 'lag_4': 0.7160832525894281, 'lag_5': 0.6955628308070698, 'lag_6': 0.1650793043171718, 'lag_7': 0.47978444002144344, 'lag_8': 0.770131270514708, 'lag_9': 0.49685567669710523, 'lag_10': 0.09381939758267864, 'lag_11': 0.5536459593728279, 'lag_12': 0.838645333932921, 'lag_13': 0.6890830295152751, 'lag_14': 0.13497497974531283, 'lag_15': 0.6954682116969563, 'lag_16': 0.2963450343159676, 'lag_17': 0.5208837533141818, 'lag_18': 0.2923578681512411, 'lag_19': 0.4294901125438985, 'lag_20': 0.053529156456660745, 'lag_21': 0.23891907143133348, 'lag_22': 0.971523880396747, 'lag_23': 0.5808746211225948, 'lag_24': 0.805212518309307, 'lag_25': 0.5163981819103565, 'lag_26': 0.7659945918741574, 'lag_27': 0.9075919692064301, 'lag_28': 0.8860958786312764}.
