[I 2025-10-03 11:34:30,518] Trial 77 finished with values: [0.0864954648526077, 0.0025099722730151015, 0.0021977031236552124, 0.009336751509372642, 0.0010794110550918046, 0.005722581579117446, 0.0018275424139151987, 0.001555171778353084, 0.004584610210281447, 0.0013029751218093775, 0.001358204047485138, 0.00022901167235966268, 0.001891912370175653, 0.026632083577693137, 0.0, 0.0008589887211070131, 0.003183567856013729, 0.0011881328972079283, 0.0009526467577879326, 0.0001702542233390024, 0.00013907189120762384, 0.00011015881830788556, 0.00012646472919717973, 0.00021134934617860176, 6.020327160719752e-05, 0.0007894815093931508, 0.0002692640211220174, 0.0016641820322866323, 0.0009813205866414782] and parameters: {'lag_0': 0.6439671266427839, 'lag_1': 0.2943124646671759, 'lag_2': 0.5603645355306697, 'lag_3': 0.6188436820197996, 'lag_4': 0.8866293470285922, 'lag_5': 0.7981557383440089, 'lag_6': 0.31511019363906534, 'lag_7': 0.6272577187248498, 'lag_8': 0.5704734446386069, 'lag_9': 0.340502560215613, 'lag_10': 0.5722719494856757, 'lag_11': 0.9704256837885126, 'lag_12': 0.8193428637368656, 'lag_13': 0.4231859587732885, 'lag_14': 0.6632583599844073, 'lag_15': 0.8502646513893972, 'lag_16': 0.026854329009637336, 'lag_17': 0.055960312771208325, 'lag_18': 0.6976084310674412, 'lag_19': 0.7874209476466092, 'lag_20': 0.867614329898027, 'lag_21': 0.9301021282677224, 'lag_22': 0.17161847063339422, 'lag_23': 0.9421461294967877, 'lag_24': 0.4170353323820568, 'lag_25': 0.4243697815101241, 'lag_26': 0.8790947671819116, 'lag_27': 0.4481451611066144, 'lag_28': 0.17688782160672342}.
[I 2025-10-03 11:34:33,133] Trial 78 finished with values: [0.11703514739229023, 0.0022183828360690426, 0.0008898862752633035, 0.008593026779821288, 0.0005216601901873758, 0.0038381146568701994, 0.001597563920048111, 0.0033525227494087357, 0.004213813949776909, 0.0009421171339482279, 0.001136248604826461, 0.00034600141862277807, 0.002052364399688688, 0.0259151504378544, 0.0, 0.0008791557870256702, 0.0036604463934814015, 0.0013189853079127554, 0.0008157772219386531, 7.935007941005834e-05, 3.656400059705478e-05, 0.00015065616220396013, 0.00024441219025761723, 0.000248187827255444, 2.6865842232739183e-05, 0.0009091611755919129, 0.00030409817862471115, 0.0008278407901533867, 0.0026315356721200874] and parameters: {'lag_0': 0.8006077555783182, 'lag_1': 0.4863530555041544, 'lag_2': 0.7537603531385851, 'lag_3': 0.4262849768716658, 'lag_4': 0.9592516720957546, 'lag_5': 0.5572377147093788, 'lag_6': 0.5300463524486434, 'lag_7': 0.7717849298282043, 'lag_8': 0.4609163079460959, 'lag_9': 0.7047074367666751, 'lag_10': 0.4844805894794923, 'lag_11': 0.06899214167961835, 'lag_12': 0.7349302776591333, 'lag_13': 0.12019107692855666, 'lag_14': 0.07631630701357604, 'lag_15': 0.4728054067536482, 'lag_16': 0.42433923913250804, 'lag_17': 0.9983905263319465, 'lag_18': 0.9698184000559342, 'lag_19': 0.710353433861742, 'lag_20': 0.8526685743070255, 'lag_21': 0.9955177639919056, 'lag_22': 0.6656475421995715, 'lag_23': 0.18392033565814359, 'lag_24': 0.5200464526154218, 'lag_25': 0.35180837139848764, 'lag_26': 0.16190667887546098, 'lag_27': 0.7921601537539104, 'lag_28': 0.23948685240968418}.
[I 2025-10-03 11:34:35,759] Trial 79 finished with values: [0.102813019912587, 0.0022564179387367525, 0.003674131760426435, 0.004116186864487148, 0.001695872282430577, 0.005351982211351964, 0.0016456491041499175, 0.0019371493873551328, 0.004688933795430272, 0.00038452361804714624, 0.0007558678529662164, 0.0005049028833149286, 0.0024035083857906776, 0.024481508166242213, 0.0, 0.000851931649015353, 0.003257223387542995, 0.0013398138909330014, 0.0006635711778386266, 0.00011091184578581971, 4.31678007331584e-05, 9.46553945750797e-05, 0.00025822489069538934, 0.0002341400608156987, 5.5443580183057234e-05, 0.0003187177916569468, 6.290349209903438e-05, 0.0013582163061425074, 0.0013437763445553386] and parameters: {'lag_0': 0.4580903291054406, 'lag_1': 0.37096250893820903, 'lag_2': 0.8257801638947285, 'lag_3': 0.6897557478182779, 'lag_4': 0.6727754113291519, 'lag_5': 0.4285523368837435, 'lag_6': 0.4935308404964754, 'lag_7': 0.7610418220418877, 'lag_8': 0.5473172438327938, 'lag_9': 0.3378492531955902, 'lag_10': 0.9994265635266333, 'lag_11': 0.6414887192702518, 'lag_12': 0.4976364316869715, 'lag_13': 0.6264680456544448, 'lag_14': 0.9616415110515193, 'lag_15': 0.010437142773919973, 'lag_16': 0.7138258572476844, 'lag_17': 0.9040922818492918, 'lag_18': 0.7149632123263941, 'lag_19': 0.04750065870178793, 'lag_20': 0.4013252175114967, 'lag_21': 0.5567917258809043, 'lag_22': 0.2085025033416599, 'lag_23': 0.4989217798401153, 'lag_24': 0.3674932316672511, 'lag_25': 0.5514579021724441, 'lag_26': 0.03804002841536333, 'lag_27': 0.5391152342083005, 'lag_28': 0.6561336750958987}.
[I 2025-10-03 11:34:38,381] Trial 80 finished with values: [0.07119784580498867, 0.0008129137506750269, 0.0012641180594281985, 0.009186476898447324, 0.002822419762581949, 0.005513555155313803, 0.003665221148989213, 0.0016354199002926839, 0.003134355083093521, 0.0025440345296475373, 0.0008895703503044649, 0.00037724108605352493, 0.0017361530254190224, 0.026474451977504844, 0.0, 0.0007143447597310655, 0.004109377407049518, 0.0015304364231060908, 0.0006292931874425516, 8.408883134135628e-05, 5.479374520538249e-05, 0.00023133724369422119, 0.00016958579867056966, 0.00030395522517313547, 6.076396762850579e-05, 0.0005847016568275594, 5.942082677719825e-05, 0.001444942367022041, 0.001617928448487784] and parameters: {'lag_0': 0.5786790834165998, 'lag_1': 0.8388705631384588, 'lag_2': 0.43951841576481987, 'lag_3': 0.393833068612937, 'lag_4': 0.6482392684422094, 'lag_5': 0.9056783537621369, 'lag_6': 0.8622370722710269, 'lag_7': 0.6074125384083062, 'lag_8': 0.8668542453759651, 'lag_9': 0.34807351580964124, 'lag_10': 0.37589597932087515, 'lag_11': 0.759344770409379, 'lag_12': 0.515430456068515, 'lag_13': 0.22841980059803654, 'lag_14': 0.567757111515769, 'lag_15': 0.8799924391457703, 'lag_16': 0.4346780351416617, 'lag_17': 0.07325813573169276, 'lag_18': 0.5210176355425444, 'lag_19': 0.4834077563411566, 'lag_20': 0.7366401728233005, 'lag_21': 0.8268546637760118, 'lag_22': 0.8339464858593248, 'lag_23': 0.8645963543540213, 'lag_24': 0.13652234171671915, 'lag_25': 0.24940739214744842, 'lag_26': 0.3502243973880097, 'lag_27': 0.8410786942731922, 'lag_28': 0.8114463325871787}.
[I 2025-10-03 11:34:41,002] Trial 81 finished with values: [0.10433673469387754, 0.006382509621728512, 0.0003809087091542214, 0.003519331813929892, 0.0016234416744754672, 0.004971583357726815, 0.002317638792655971, 0.002448315368144052, 0.003835417313145598, 0.0022871658587181017, 0.001456016324872084, 0.00020234263757675395, 0.0018561209064637651, 0.029086194621912732, 0.0, 0.00019552844718716505, 0.002845980538606036, 0.0012666992701071277, 0.0009494953319852404, 0.00020065667405892826, 5.0980086027108685e-05, 0.00018541283989841485, 0.0003080650650125422, 0.0006855251969919259, 0.0001232895706025148, 0.0008969914238642492, 0.00036683680081590225, 0.002088657830634274, 0.00098214707671984] and parameters: {'lag_0': 0.5685937790814144, 'lag_1': 0.3190946738668783, 'lag_2': 0.16201956833333492, 'lag_3': 0.6850195622756997, 'lag_4': 0.7493478448756935, 'lag_5': 0.3274996508578481, 'lag_6': 0.6164560303636617, 'lag_7': 0.4649015977297341, 'lag_8': 0.4007261490153556, 'lag_9': 0.39410103100335603, 'lag_10': 0.17265725214222505, 'lag_11': 0.9944378306709158, 'lag_12': 0.2783145418414973, 'lag_13': 0.1983562792724179, 'lag_14': 0.2579462944478985, 'lag_15': 0.42527813172214535, 'lag_16': 0.382763645641644, 'lag_17': 0.463404292368294, 'lag_18': 0.849113261766843, 'lag_19': 0.17895255939049576, 'lag_20': 0.6986095538657408, 'lag_21': 0.6074360367085732, 'lag_22': 0.1839464946501465, 'lag_23': 0.9639086511431209, 'lag_24': 0.07827230211848919, 'lag_25': 0.49677311201565827, 'lag_26': 0.7071762238901269, 'lag_27': 0.9502328567889899, 'lag_28': 0.8309299841298676}.
[I 2025-10-03 11:34:43,745] Trial 82 finished with values: [0.10186142605190222, 0.01528714616011694, 0.0018579356022140087, 0.002594750606379089, 0.0034670961673200244, 0.002285279064519367, 0.00434757598990286, 0.0031689510924322456, 0.0030058138654713894, 0.0021900926900568964, 0.001693543648842364, 0.0001788300818957186, 0.0018426695692820613, 0.029217827264326795, 0.0, 0.00043502533545625616, 0.003628975909382474, 0.0013216400537974945, 0.0008637906191119036, 9.7091103980178e-05, 9.970575945336166e-05, 0.0001924569794931416, 0.0002452543365299621, 0.00028409387694578955, 0.00016507307186967667, 0.00064081641847679, 0.00011978862694383781, 0.002626901000312396, 0.0003444229617361724] and parameters: {'lag_0': 0.3306198017509699, 'lag_1': 0.4863530555041544, 'lag_2': 0.7537603531385851, 'lag_3': 0.393833068612937, 'lag_4': 0.4255220421190061, 'lag_5': 0.5572377147093788, 'lag_6': 0.5300463524486434, 'lag_7': 0.11926626905816483, 'lag_8': 0.8479896347019028, 'lag_9': 0.286181644614647, 'lag_10': 0.4844805894794923, 'lag_11': 0.08222880980778279, 'lag_12': 0.4888980651207787, 'lag_13': 0.13042697957894234, 'lag_14': 0.07631630701357604, 'lag_15': 0.8799924391457703, 'lag_16': 0.4346780351416617, 'lag_17': 0.9150179515851925, 'lag_18': 0.2576468379587197, 'lag_19': 0.710353433861742, 'lag_20': 0.8526685743070255, 'lag_21': 0.9955177639919056, 'lag_22': 0.6656475421995715, 'lag_23': 0.8645963543540213, 'lag_24': 0.13652234171671915, 'lag_25': 0.35180837139848764, 'lag_26': 0.7914473953646339, 'lag_27': 0.7921601537539104, 'lag_28': 0.8114463325871787}.
[I 2025-10-03 11:34:46,378] Trial 83 finished with values: [0.09345642182492832, 0.008355888132749817, 0.00335370173525307, 0.009733210176805054, 0.0006432854765718179, 0.003766661901888483, 0.001422862737322433, 0.0029338365273679484, 0.0024137671465458694, 0.0018414754204221328, 0.002578338244009897, 0.0005379758342646529, 0.0024776528652689736, 0.026060812562181644, 0.0, 0.0008990354922715101, 0.0036378484115860282, 0.0013572231203992486, 0.0007762181463031222, 0.0002626067187583859, 6.371742949353011e-05, 0.00020356396155741223, 0.00015255442195433213, 0.00040053258122696125, 7.583480947213962e-05, 0.00047603335848593755, 0.00021292153102613455, 0.0015858919337475492, 0.0007148582748694387] and parameters: {'lag_0': 0.7848933216095931, 'lag_1': 0.573253228377751, 'lag_2': 0.8941543591780252, 'lag_3': 0.6188436820197996, 'lag_4': 0.8866293470285922, 'lag_5': 0.04178636569109214, 'lag_6': 0.28106597113773507, 'lag_7': 0.5378582925435256, 'lag_8': 0.5704734446386069, 'lag_9': 0.751799830870752, 'lag_10': 0.5722719494856757, 'lag_11': 0.9704256837885126, 'lag_12': 0.3924802546140433, 'lag_13': 0.8637120237708577, 'lag_14': 0.9807918553698294, 'lag_15': 0.9762458344631106, 'lag_16': 0.8832207679654669, 'lag_17': 0.40898360901173386, 'lag_18': 0.6732396862985323, 'lag_19': 0.7874209476466092, 'lag_20': 0.04787640050780104, 'lag_21': 0.35838179761473465, 'lag_22': 0.17902235738334132, 'lag_23': 0.004597856341186183, 'lag_24': 0.5365914103734178, 'lag_25': 0.9404208378364555, 'lag_26': 0.7522343946099842, 'lag_27': 0.3704917125505847, 'lag_28': 0.8026653648621417}.
[I 2025-10-03 11:34:49,001] Trial 84 finished with values: [0.09949147311784674, 0.004235376604820899, 0.0033780553951574845, 0.006508376265184679, 0.0017437687429092998, 0.004150645269365416, 0.001078770867918673, 0.0014435389188671426, 0.0035267193653704424, 0.0011646160537405418, 0.0010802547001862017, 0.0001907339692687451, 0.002683027161789806, 0.025774015700631637, 0.0, 0.0017723318789603505, 0.003884611704581717, 0.0014858254826371742, 0.000795530803396631, 0.00012808519579818737, 5.090032536150605e-05, 0.00014451309986759903, 0.00031116169532436656, 0.0002876168382368268, 2.859647622670434e-05, 0.0009596134670446247, 9.647752975514481e-05, 0.002994000894409364, 0.0016329327745664799] and parameters: {'lag_0': 0.9389815844283489, 'lag_1': 0.7731035030389066, 'lag_2': 0.7597468544272903, 'lag_3': 0.5050477557060041, 'lag_4': 0.38551973570876363, 'lag_5': 0.6311382293148352, 'lag_6': 0.16239797051813679, 'lag_7': 0.878976212130734, 'lag_8': 0.2826843901628048, 'lag_9': 0.8595163579463989, 'lag_10': 0.5506882014697653, 'lag_11': 0.917588401285804, 'lag_12': 0.6368398669612981, 'lag_13': 0.6020101452452888, 'lag_14': 0.2646159511305059, 'lag_15': 0.7763087056231467, 'lag_16': 0.7738452406263161, 'lag_17': 0.9916629633202406, 'lag_18': 0.1748089744272006, 'lag_19': 0.13520625470363107, 'lag_20': 0.5344453219137074, 'lag_21': 0.6043448626923204, 'lag_22': 0.16629515151145893, 'lag_23': 0.5705070558996646, 'lag_24': 0.3010109672105261, 'lag_25': 0.2890398129704501, 'lag_26': 0.7021909340080403, 'lag_27': 0.13881584717149126, 'lag_28': 0.43480560951639446}.
[I 2025-10-03 11:34:51,627] Trial 85 finished with values: [0.11281887755102041, 0.0027155177784088085, 0.0008165248513124331, 0.007999589673874406, 0.0007514372787909921, 0.0035660824001133794, 0.0022047515497842546, 0.002112056616292125, 0.002594153598390842, 0.0025342450769237084, 0.0022477978130012793, 0.0003022230297606004, 0.0020084938789365304, 0.023976218530076875, 0.0, 0.0005678127302899994, 0.003101762904635831, 0.0012974854008666284, 0.0008478565169409548, 6.955578701409641e-05, 6.855080414806002e-05, 0.00013683505969724408, 9.661940434411152e-05, 0.0002776818708594606, 2.6452242326768925e-05, 0.0009096444386401245, 0.00023791328984843464, 0.0019097029378746361, 0.0020445369213869025] and parameters: {'lag_0': 0.6439671266427839, 'lag_1': 0.15421605535928562, 'lag_2': 0.8941543591780252, 'lag_3': 0.6188436820197996, 'lag_4': 0.8866293470285922, 'lag_5': 0.7981557383440089, 'lag_6': 0.31511019363906534, 'lag_7': 0.6272577187248498, 'lag_8': 0.5704734446386069, 'lag_9': 0.751799830870752, 'lag_10': 0.5722719494856757, 'lag_11': 0.9704256837885126, 'lag_12': 0.3924802546140433, 'lag_13': 0.8637120237708577, 'lag_14': 0.11959381135859061, 'lag_15': 0.9228710343008382, 'lag_16': 0.8832207679654669, 'lag_17': 0.055960312771208325, 'lag_18': 0.14435775078788396, 'lag_19': 0.7874209476466092, 'lag_20': 0.6678418398415804, 'lag_21': 0.9301021282677224, 'lag_22': 0.17161847063339422, 'lag_23': 0.5094905175208283, 'lag_24': 0.4170353323820568, 'lag_25': 0.4243697815101241, 'lag_26': 0.7375716575356559, 'lag_27': 0.3704917125505847, 'lag_28': 0.8026653648621417}.
[I 2025-10-03 11:34:54,254] Trial 86 finished with values: [0.05317324554553991, 0.010888311217235732, 0.000751964741027049, 0.007932893206620165, 0.000545044373848633, 0.005921353256903411, 0.004279269111781563, 0.0019156285390365298, 0.004136487035120021, 0.0013130950568571859, 0.0006407348990525267, 0.0001478701073588506, 0.002567228002719553, 0.02331265201370821, 0.0, 0.0005330212768580592, 0.002808436140400461, 0.0011051844489826793, 0.0008611035143398667, 0.0001794031688403583, 6.970176591154057e-05, 8.737569299682253e-05, 0.00035102100840916944, 0.00031749412341940364, 5.3509232848882285e-05, 0.00033172897541951425, 0.00024181163163310886, 0.0022565635468387896, 0.0008881571600414236] and parameters: {'lag_0': 0.4947631071793449, 'lag_1': 0.3127421472669114, 'lag_2': 0.7575960566971981, 'lag_3': 0.5974875516294974, 'lag_4': 0.38551973570876363, 'lag_5': 0.30628383899811545, 'lag_6': 0.16239797051813679, 'lag_7': 0.565762865160674, 'lag_8': 0.9370114508643703, 'lag_9': 0.6403565441415667, 'lag_10': 0.04957875129989382, 'lag_11': 0.7733395619273488, 'lag_12': 0.8421918289388642, 'lag_13': 0.8709707632177999, 'lag_14': 0.4522087694455686, 'lag_15': 0.8585884311036576, 'lag_16': 0.7738452406263161, 'lag_17': 0.26599181841913533, 'lag_18': 0.6565549831274704, 'lag_19': 0.17274789866139592, 'lag_20': 0.600738693559978, 'lag_21': 0.6043448626923204, 'lag_22': 0.17084454378047484, 'lag_23': 0.6566074308747614, 'lag_24': 0.595940097814123, 'lag_25': 0.9123080508430436, 'lag_26': 0.18527342222290893, 'lag_27': 0.7571576165166175, 'lag_28': 0.20380801031580315}.
[I 2025-10-03 11:34:56,875] Trial 87 finished with values: [0.10011337868480726, 0.006449355673508947, 0.0024461295784553127, 0.004425562717723766, 0.0006490514109815242, 0.004301068214703778, 0.002616625509168286, 0.0025503574908777023, 0.002889035764812169, 0.000634290020489307, 0.0007266064489306484, 0.0001270078900777221, 0.0022835152729747043, 0.02794610280267167, 0.0, 0.0010534928802239385, 0.003972684715859568, 0.0012674765821017008, 0.0009041768739750367, 3.9383325022548364e-05, 4.9295300401103916e-05, 0.00011167018752646862, 0.0002044955744375531, 0.00023922304799906652, 8.00234389627425e-05, 0.0005139009189228041, 0.0003309367794688357, 0.0025641255569242194, 0.0009442521740403619] and parameters: {'lag_0': 0.5786790834165998, 'lag_1': 0.7069141270557006, 'lag_2': 0.2738328069153846, 'lag_3': 0.6337574163967045, 'lag_4': 0.6482392684422094, 'lag_5': 0.9056783537621369, 'lag_6': 0.45903367745118956, 'lag_7': 0.6074125384083062, 'lag_8': 0.8790498187710473, 'lag_9': 0.34807351580964124, 'lag_10': 0.37589597932087515, 'lag_11': 0.9078235178654029, 'lag_12': 0.515430456068515, 'lag_13': 0.5367607023585818, 'lag_14': 0.9616203500071628, 'lag_15': 0.21199695581182243, 'lag_16': 0.7055243053971575, 'lag_17': 0.07325813573169276, 'lag_18': 0.5210176355425444, 'lag_19': 0.4834077563411566, 'lag_20': 0.17272519233826394, 'lag_21': 0.6401714462820842, 'lag_22': 0.2059491887142509, 'lag_23': 0.9696442383351803, 'lag_24': 0.6144608218697674, 'lag_25': 0.24940739214744842, 'lag_26': 0.8554249222395025, 'lag_27': 0.5516002315588929, 'lag_28': 0.7467876693761497}.
[I 2025-10-03 11:34:59,493] Trial 88 finished with values: [0.09065306122448981, 0.006713378022463199, 0.002797846558670768, 0.004076055441667189, 0.002595675334851072, 0.0018975918420230183, 0.0034012618484897316, 0.0024339859722208985, 0.00540550948087644, 0.00113950909103555, 0.00223232035782426, 0.0003385434512066316, 0.003098441447180668, 0.023276588492675575, 0.0, 0.0013943793958569497, 0.004592918164558056, 0.001109887251070227, 0.0009366483101427864, 0.00012148609366689966, 3.344708675217084e-05, 0.0002214018039774993, 0.0002208324146311013, 0.00018594401363280952, 0.0001182678270767161, 0.0008611099855025776, 6.327035749859303e-05, 0.0026939007261048225, 0.0016958879054016565] and parameters: {'lag_0': 0.8767891639846179, 'lag_1': 0.8580269457531671, 'lag_2': 0.602375936479759, 'lag_3': 0.8480704143298117, 'lag_4': 0.6752646493789815, 'lag_5': 0.3042962725271087, 'lag_6': 0.6049768068645848, 'lag_7': 0.19383950740366043, 'lag_8': 0.963668938486791, 'lag_9': 0.3585895659076793, 'lag_10': 0.7960268803925415, 'lag_11': 0.7323078372304108, 'lag_12': 0.9500730614111597, 'lag_13': 0.2754064784738935, 'lag_14': 0.47480844329387945, 'lag_15': 0.21546816308237773, 'lag_16': 0.16012274283887992, 'lag_17': 0.9393456680381425, 'lag_18': 0.5348107361218238, 'lag_19': 0.9115765730153617, 'lag_20': 0.6640455735329183, 'lag_21': 0.751911192416839, 'lag_22': 0.8046752707670839, 'lag_23': 0.912833908328267, 'lag_24': 0.15420807017878038, 'lag_25': 0.021636946003503205, 'lag_26': 0.38938411573678994, 'lag_27': 0.587743105302338, 'lag_28': 0.07695357229203567}.
[I 2025-10-03 11:35:02,119] Trial 89 finished with values: [0.08916702677941439, 0.0030629323674715783, 0.002515438501080773, 0.009010788831526674, 0.0007125530885520855, 0.005629473819920259, 0.001058843814462219, 0.0031355766705603383, 0.004180423472046789, 0.0015194590477363074, 0.0011533182375470757, 6.0203106716382644e-05, 0.0020870672957664736, 0.027929603117712816, 0.0, 0.0007387152665792056, 0.004193959976788468, 0.001371502423149561, 0.0006105421012358532, 7.265425955912373e-05, 7.147576506226979e-05, 0.00016527526891256658, 0.00022551789708078151, 0.00036379105427233866, 5.074806130343419e-05, 0.0011614450540847708, 0.0001539445572105008, 0.001259725402775236, 0.0016368920762545158] and parameters: {'lag_0': 0.6800132018229668, 'lag_1': 0.18174003844771658, 'lag_2': 0.4138607546613817, 'lag_3': 0.8402340802593133, 'lag_4': 0.7874943877512307, 'lag_5': 0.1209189893545699, 'lag_6': 0.25555397621996007, 'lag_7': 0.3590746262603299, 'lag_8': 0.20689033083555783, 'lag_9': 0.5191280704649263, 'lag_10': 0.3753687737599321, 'lag_11': 0.9070419392047573, 'lag_12': 0.10147300777046564, 'lag_13': 0.17499100844107096, 'lag_14': 0.3017881930666985, 'lag_15': 0.783419321300827, 'lag_16': 0.5325608908022512, 'lag_17': 0.2550964227440269, 'lag_18': 0.4906895512555695, 'lag_19': 0.933422792880448, 'lag_20': 0.21472025705666514, 'lag_21': 0.4470479853103023, 'lag_22': 0.9137960166919509, 'lag_23': 0.5318531025730364, 'lag_24': 0.7885641249121277, 'lag_25': 0.760819586804477, 'lag_26': 0.9952897641053061, 'lag_27': 0.6389742104695062, 'lag_28': 0.6302095380821764}.
