2025-10-03 11:31:06,679 - distributed.nanny - INFO -         Start Nanny at: 'tcp://192.168.86.108:43642'
2025-10-03 11:31:08,023 - distributed.worker - INFO -       Start worker at: tcp://192.168.86.108:39097
2025-10-03 11:31:08,023 - distributed.worker - INFO -          Listening to: tcp://192.168.86.108:39097
2025-10-03 11:31:08,024 - distributed.worker - INFO -           Worker name:            SLURMCluster-12
2025-10-03 11:31:08,024 - distributed.worker - INFO -          dashboard at:       192.168.86.108:37914
2025-10-03 11:31:08,024 - distributed.worker - INFO - Waiting to connect to: tcp://192.168.86.108:45752
2025-10-03 11:31:08,024 - distributed.worker - INFO - -------------------------------------------------
2025-10-03 11:31:08,024 - distributed.worker - INFO -               Threads:                          1
2025-10-03 11:31:08,024 - distributed.worker - INFO -                Memory:                   9.31 GiB
2025-10-03 11:31:08,024 - distributed.worker - INFO -       Local Directory: /home1/zrentala/dask-worker-space/dask-scratch-space/worker-yq9llpuq
2025-10-03 11:31:08,024 - distributed.worker - INFO - -------------------------------------------------
2025-10-03 11:31:08,314 - distributed.worker - INFO - Starting Worker plugin shuffle
2025-10-03 11:31:08,314 - distributed.worker - INFO -         Registered to: tcp://192.168.86.108:45752
2025-10-03 11:31:08,314 - distributed.worker - INFO - -------------------------------------------------
2025-10-03 11:31:08,315 - distributed.core - INFO - Starting established connection to tcp://192.168.86.108:45752
[I 2025-10-03 11:31:08,630] A new study created in memory with name: no-name-1d4d4c26-aac7-447f-ae2b-41c5392197d3
[I 2025-10-03 11:31:11,312] Trial 0 finished with values: [0.0, 0.0069800905968336185, 0.0022555527507080427, 0.0020509764556188937, 0.004702317890257861, 0.0028486666283222056, 0.00187301812454744, 0.003074185774419204, 0.0018919859934917872, 0.001991060714209313, 0.016604381110873468, 0.045938133099839226, 0.0001355671638801986, 0.017826125698750483, 0.0, 0.02706417199522158, 0.0003588494177561576, 0.006298002660176263, 0.0010265172677007273, 0.0027327021645562645, 0.000364739222625663, 0.0009874949473919522, 0.0014517202472841295, 0.0022386481467612193, 0.0007057640359201615, 0.0050632294241956975, 0.008437196829395817, 0.0016212353649555054, 0.0005165759887730469] and parameters: {'lag_0': 0.6472659312041997, 'lag_1': 0.32673901096638397, 'lag_2': 0.3789101327650537, 'lag_3': 0.03703085322798214, 'lag_4': 0.3531500279387944, 'lag_5': 0.21929687327688085, 'lag_6': 0.34497828103592015, 'lag_7': 0.1238825055096858, 'lag_8': 0.816250105231347, 'lag_9': 0.7246335665426548, 'lag_10': 0.8502129867481885, 'lag_11': 0.6242332154159967, 'lag_12': 0.6870361698809255, 'lag_13': 0.6504798815543258, 'lag_14': 0.02200843086603073, 'lag_15': 0.5599462481581416, 'lag_16': 0.8036049392464033, 'lag_17': 0.9965897487609164, 'lag_18': 0.5929917024957169, 'lag_19': 0.01755855728747232, 'lag_20': 0.7352366662333061, 'lag_21': 0.8425318297676232, 'lag_22': 0.7218464160305105, 'lag_23': 0.5960174911501608, 'lag_24': 0.41172666074777986, 'lag_25': 0.2612777567340417, 'lag_26': 0.17290388545841198, 'lag_27': 0.10293798429239746, 'lag_28': 0.5671874955150584}.
[I 2025-10-03 11:31:13,972] Trial 1 finished with values: [0.0, 0.006082092951677439, 0.0020895533974897547, 0.0023901135745044992, 0.0015485763552642033, 0.0020097727385972714, 0.002988737566074183, 0.002606934455565428, 0.003706999634354347, 0.0023990813264546957, 0.015375970872459978, 0.04641821821804481, 0.0001822851851412157, 0.0194676895954915, 0.0, 0.022774457325796173, 0.0007150248644543977, 0.006181906102300702, 0.0015021757292625786, 0.0021759721165990043, 0.0003230111232500257, 0.0020972504458752375, 0.0010601250802350051, 0.002521578687622634, 0.0018684868251500962, 0.004393005467345878, 0.005295460789414336, 0.0012436905574088406, 0.0008070112053339118] and parameters: {'lag_0': 0.8707578569392341, 'lag_1': 0.12210413033720317, 'lag_2': 0.9085812875477166, 'lag_3': 0.021445172651369877, 'lag_4': 0.40142282955276537, 'lag_5': 0.07195456596257298, 'lag_6': 0.6329604338168646, 'lag_7': 0.4821855672436162, 'lag_8': 0.5743751386593248, 'lag_9': 0.6120458097801534, 'lag_10': 0.33075492944857193, 'lag_11': 0.9376572344209613, 'lag_12': 0.36404692400296745, 'lag_13': 0.5807679524592191, 'lag_14': 0.9230651000898829, 'lag_15': 0.9943130101831991, 'lag_16': 0.9518389476070559, 'lag_17': 0.7385427551360831, 'lag_18': 0.30937124629878876, 'lag_19': 0.9901240458818303, 'lag_20': 0.775365639482821, 'lag_21': 0.8364325614943783, 'lag_22': 0.5959187908592308, 'lag_23': 0.7796275801295308, 'lag_24': 0.3543447526105897, 'lag_25': 0.3172144796737076, 'lag_26': 0.29555025298376914, 'lag_27': 0.27258900693595123, 'lag_28': 0.23511540610157283}.
[I 2025-10-03 11:31:16,623] Trial 2 finished with values: [0.0, 0.002054348422496571, 0.004575445521953425, 0.0028933617044195887, 0.0018295900035897304, 0.002694741382574563, 0.004133737113051302, 0.004029430648578182, 0.0023656179449561303, 0.0014059532253202674, 0.016517542000480202, 0.049684513499491906, 0.00021477300611295321, 0.01936641299856048, 0.0, 0.024951761607421807, 0.0005078046300301708, 0.006598813755535981, 0.0011335307530831397, 0.0019791825973751523, 0.0005501207739375721, 0.0007643982633521326, 0.0016077471683802204, 0.0021057719565103945, 0.0009580529006355278, 0.0041295164151917895, 0.00798092252416869, 0.0012848203979863684, 0.002955863872534017] and parameters: {'lag_0': 0.2659763893450581, 'lag_1': 0.3449957373996902, 'lag_2': 0.44298056973753663, 'lag_3': 0.8951683717080791, 'lag_4': 0.6099207348551343, 'lag_5': 0.9899080982519218, 'lag_6': 0.6628255431014405, 'lag_7': 0.961935391850946, 'lag_8': 0.12458238774559902, 'lag_9': 0.7137044291202602, 'lag_10': 0.46313956822509483, 'lag_11': 0.7342100627093557, 'lag_12': 0.3558753535062265, 'lag_13': 0.5794268520161282, 'lag_14': 0.6960210170780341, 'lag_15': 0.36745771500114566, 'lag_16': 0.08627108358353398, 'lag_17': 0.582162978957804, 'lag_18': 0.5017123889192981, 'lag_19': 0.5626451463900224, 'lag_20': 0.876272553490782, 'lag_21': 0.8250950138184208, 'lag_22': 0.13015301450058475, 'lag_23': 0.6422457315835737, 'lag_24': 0.3445019251878194, 'lag_25': 0.49259181424682413, 'lag_26': 0.7486291063029533, 'lag_27': 0.37433318143806393, 'lag_28': 0.9158082972850873}.
[I 2025-10-03 11:31:19,274] Trial 3 finished with values: [0.0, 0.017230185207364676, 0.002416254246092426, 0.001769181593887881, 0.005948216164389901, 0.001311827551687905, 0.001392816809307261, 0.001933033076514329, 0.002798651487325553, 0.001938754090880747, 0.016225812649515215, 0.04467806704919363, 6.482066668883747e-05, 0.01926403107974322, 0.0, 0.02671482484013491, 0.00044059917067789235, 0.007262382062423622, 0.0014466435720537174, 0.0021648489203326773, 0.0005570245363156988, 0.0014599505923818046, 0.0009756780688051631, 0.002447284866699933, 0.0012713797330683723, 0.00450922218770791, 0.007982378960480613, 0.001845168438739695, 0.0008634529834024866] and parameters: {'lag_0': 0.25294582115248126, 'lag_1': 0.12777665980275377, 'lag_2': 0.46584238479309364, 'lag_3': 0.12536252377697044, 'lag_4': 0.7839942373962483, 'lag_5': 0.5593112652979545, 'lag_6': 0.2665965736571625, 'lag_7': 0.11769062819987999, 'lag_8': 0.39591376231023506, 'lag_9': 0.8910000486383857, 'lag_10': 0.7109609730516836, 'lag_11': 0.7013113933869627, 'lag_12': 0.4813089618538592, 'lag_13': 0.7115571312543326, 'lag_14': 0.5906017542599957, 'lag_15': 0.08496291947604658, 'lag_16': 0.5612208948261518, 'lag_17': 0.24592928692476387, 'lag_18': 0.5498872599012509, 'lag_19': 0.15845388625399964, 'lag_20': 0.6716425354412043, 'lag_21': 0.6073632942806992, 'lag_22': 0.8929230466543696, 'lag_23': 0.3119090381569304, 'lag_24': 0.06983758401602616, 'lag_25': 0.5697619333662608, 'lag_26': 0.08828445975715955, 'lag_27': 0.7477033963861344, 'lag_28': 0.7864428972634072}.
[I 2025-10-03 11:31:21,920] Trial 4 finished with values: [0.0, 0.004256138142649005, 0.0054261297791645, 0.002589104459284958, 0.0020283987760237833, 0.0025782672879147797, 0.0025753573793349176, 0.002883508798841951, 0.0019179147246213904, 0.0020105421218161515, 0.017112164874090285, 0.049161661144298326, 0.0002063537522257105, 0.019189565773966043, 0.0, 0.02779615533297647, 0.0009538806595319955, 0.006593869012939134, 0.002011738254536712, 0.0019086966022160475, 0.0004008366738721244, 0.0011799439886313226, 0.0010891304027201001, 0.001740218420276762, 0.001038264453699037, 0.006109768184994336, 0.0058605191498401436, 0.0022798896428665298, 0.00151819580253609] and parameters: {'lag_0': 0.9422470696708912, 'lag_1': 0.9769028721655437, 'lag_2': 0.6128714324971074, 'lag_3': 0.4959157961674784, 'lag_4': 0.9691094195496038, 'lag_5': 0.3556370752300055, 'lag_6': 0.03734947079990847, 'lag_7': 0.4334628547599474, 'lag_8': 0.641634619488219, 'lag_9': 0.9163173569459847, 'lag_10': 0.9606636257267301, 'lag_11': 0.8926422060046001, 'lag_12': 0.7326903961752409, 'lag_13': 0.23955417481877542, 'lag_14': 0.9093826552179999, 'lag_15': 0.2507515414336703, 'lag_16': 0.3735638222525201, 'lag_17': 0.0874694483635966, 'lag_18': 0.7282292412988018, 'lag_19': 0.8272931863798135, 'lag_20': 0.5135845002005679, 'lag_21': 0.1624223752651192, 'lag_22': 0.2646904728771678, 'lag_23': 0.39834921860709177, 'lag_24': 0.8446056451169878, 'lag_25': 0.32431695795160925, 'lag_26': 0.9522374938038922, 'lag_27': 0.4403548508253292, 'lag_28': 0.2808486399048904}.
[I 2025-10-03 11:31:24,569] Trial 5 finished with values: [0.0, 0.003227200255102041, 0.0038188807113477795, 0.003989121722016928, 0.002798495703673713, 0.002289495705274459, 0.001557950099829988, 0.002331248369714225, 0.003356429845920885, 0.002137170001901021, 0.014715750335306896, 0.04911629828579128, 5.013693828623439e-05, 0.019432921434656778, 0.0, 0.02552041602065096, 0.0006754103320374379, 0.006378730407106936, 0.0015609595800850445, 0.0021451279954530097, 0.00039810427695572017, 0.0011814433570207631, 0.0006615843611341672, 0.0020590078175406886, 0.0014845478581950755, 0.004572926656145009, 0.006418977189354441, 0.0007981332896961771, 0.0017274520479961767] and parameters: {'lag_0': 0.502392667886345, 'lag_1': 0.4448733212183801, 'lag_2': 0.6237139144466317, 'lag_3': 0.8961448933267917, 'lag_4': 0.00625903978781573, 'lag_5': 0.208410744464592, 'lag_6': 0.6221920864520256, 'lag_7': 0.7642656157738817, 'lag_8': 0.4722764524443531, 'lag_9': 0.027844118760954984, 'lag_10': 0.36406153561535337, 'lag_11': 0.7258426904767895, 'lag_12': 0.950121726780493, 'lag_13': 0.34812844666335757, 'lag_14': 0.2876219880120632, 'lag_15': 0.8883833720721183, 'lag_16': 0.0478319253900054, 'lag_17': 0.33801609306536345, 'lag_18': 0.5302371244668462, 'lag_19': 0.3479027551252096, 'lag_20': 0.20273947262584258, 'lag_21': 0.4447888710129754, 'lag_22': 0.11104887407433904, 'lag_23': 0.4220010812561277, 'lag_24': 0.7871769531317075, 'lag_25': 0.6170921680555805, 'lag_26': 0.7440673895573252, 'lag_27': 0.32957461529134613, 'lag_28': 0.06301256151794468}.
[I 2025-10-03 11:31:27,223] Trial 6 finished with values: [0.0, 0.002831636023414518, 0.0016183105236032627, 0.00298200325414773, 0.00398223647291884, 0.0019457657752786725, 0.003214781835008, 0.001707782666251338, 0.0035110299637965787, 0.0018680702215046411, 0.017269712389080906, 0.05033143117651613, 0.0002765125240741409, 0.017271037735984596, 0.0, 0.023192237078514862, 0.0004416243757795925, 0.006504988259938232, 0.001928695657239455, 0.0030747790203136073, 0.0002863771822471025, 0.0011000165773169116, 0.0008236822205913962, 0.0019572790268768524, 0.0009479430760430715, 0.004068153659500927, 0.00678120409759775, 0.003417853680304922, 0.00032941673166783186] and parameters: {'lag_0': 0.5311060253743877, 'lag_1': 0.2727988289286759, 'lag_2': 0.6872004008845635, 'lag_3': 0.0073375945757412865, 'lag_4': 0.7587402455410033, 'lag_5': 0.8786541727012341, 'lag_6': 0.13651201720144776, 'lag_7': 0.06099309603898577, 'lag_8': 0.49534419222085224, 'lag_9': 0.8508339270403873, 'lag_10': 0.6852249985537339, 'lag_11': 0.5957853112898326, 'lag_12': 0.7403712767955736, 'lag_13': 0.17384619697743034, 'lag_14': 0.9358994839527511, 'lag_15': 0.808244014833375, 'lag_16': 0.23458288595023186, 'lag_17': 0.7687001021925453, 'lag_18': 0.8298800157582561, 'lag_19': 0.44997480154081965, 'lag_20': 0.06124210056148025, 'lag_21': 0.10665469722780029, 'lag_22': 0.04422047473212904, 'lag_23': 0.8291179290614134, 'lag_24': 0.9540019207793077, 'lag_25': 0.0865182211074722, 'lag_26': 0.05973785204087961, 'lag_27': 0.9866417850892357, 'lag_28': 0.23250501499141385}.
[I 2025-10-03 11:31:29,880] Trial 7 finished with values: [0.0, 0.0024391480243312275, 0.004514702026923535, 0.003727289385603854, 0.0015396529577732985, 0.003911943326131351, 0.0024700014276338783, 0.0017270506346476568, 0.0034578461806574244, 0.002167556678728274, 0.017708139548925972, 0.048135329053094374, 0.00014330981316844853, 0.0177847082209322, 0.0, 0.02381839081414971, 0.00034219719519053743, 0.005536944409267738, 0.0012222513377397105, 0.0025713667972192987, 0.00030443055051988506, 0.0010104285747166077, 0.0008731518593564358, 0.0022806534624975733, 0.0013712387098687902, 0.005255482343121638, 0.006394439155954694, 0.0014388639536059658, 0.0005899778479993368] and parameters: {'lag_0': 0.04915561925238911, 'lag_1': 0.5282449797288746, 'lag_2': 0.05670674810097586, 'lag_3': 0.22957426412901885, 'lag_4': 0.2510504567304331, 'lag_5': 0.9929434537644005, 'lag_6': 0.10528843256957468, 'lag_7': 0.64437861007186, 'lag_8': 0.5715159648408163, 'lag_9': 0.24906407821104848, 'lag_10': 0.3374728001467968, 'lag_11': 0.31845700349297507, 'lag_12': 0.7087463206900289, 'lag_13': 0.690301623234785, 'lag_14': 0.9747305125960564, 'lag_15': 0.8110760104025299, 'lag_16': 0.39650183871749567, 'lag_17': 0.5595583847017948, 'lag_18': 0.5037096622373705, 'lag_19': 0.42743782757129495, 'lag_20': 0.706668246892693, 'lag_21': 0.4609349931956002, 'lag_22': 0.13821053536358252, 'lag_23': 0.38051719316409044, 'lag_24': 0.7271405940857539, 'lag_25': 0.6046919378921065, 'lag_26': 0.39900296685980774, 'lag_27': 0.06473525051061188, 'lag_28': 0.589546214220992}.
[I 2025-10-03 11:31:32,533] Trial 8 finished with values: [0.0, 0.004304391814921521, 0.0034529083161800164, 0.002293342902006503, 0.0030283568454150134, 0.0030388003197898807, 0.004388457279118135, 0.0019554234257601584, 0.0016275896344302959, 0.0030654221761423186, 0.01529470270246978, 0.047581435358265756, 0.00014161870301563362, 0.01954871560889244, 0.0, 0.025479854704340905, 0.000862223656170411, 0.008132973058827082, 0.0018288813935651595, 0.0025520635391112047, 0.0004549640968890253, 0.0014413565653877425, 0.001293283228832281, 0.0016508774426088305, 0.0017466043893057549, 0.004905876164911872, 0.0060896371194157075, 0.0012951770575654333, 0.0011366399240344749] and parameters: {'lag_0': 0.6736727842715138, 'lag_1': 0.5827681895707706, 'lag_2': 0.43411497329367416, 'lag_3': 0.45493560845508124, 'lag_4': 0.5423961249721954, 'lag_5': 0.365047433624815, 'lag_6': 0.7930818953164364, 'lag_7': 0.9869983174317387, 'lag_8': 0.47829088419154897, 'lag_9': 0.623495847144608, 'lag_10': 0.5131515596571155, 'lag_11': 0.7939173086215862, 'lag_12': 0.7623683935238256, 'lag_13': 0.5944709964343667, 'lag_14': 0.44341478528334655, 'lag_15': 0.1514520591145234, 'lag_16': 0.836116566401557, 'lag_17': 0.1720485589492692, 'lag_18': 0.03861502984882804, 'lag_19': 0.23216911298619905, 'lag_20': 0.10891979398481395, 'lag_21': 0.6956878207841578, 'lag_22': 0.23773345827689932, 'lag_23': 0.7746419693092044, 'lag_24': 0.2683140680106127, 'lag_25': 0.00650124583915065, 'lag_26': 0.4973327685429868, 'lag_27': 0.10658852529831112, 'lag_28': 0.3835762100874127}.
[I 2025-10-03 11:31:35,269] Trial 9 finished with values: [0.0, 0.0006158579881656806, 0.0025914978762741126, 0.0026658061184366604, 0.002633173177006075, 0.0028753725271751965, 0.0013988500710427052, 0.0025534966858546627, 0.002451508918012172, 0.0023380837565401143, 0.016193644447842152, 0.047044641036376844, 9.078679076162108e-05, 0.018853453278802612, 0.0, 0.025639441861272205, 0.0004696422472152726, 0.006334547482278384, 0.0013512044010798646, 0.002219891209747033, 0.0006003710191396377, 0.0014131357545693573, 0.001293024331638912, 0.0019301445493448712, 0.000804295500239001, 0.00405867256429635, 0.005550245954683798, 0.0014004642926122447, 0.0026026250174369893] and parameters: {'lag_0': 0.6074246340785432, 'lag_1': 0.17815515319589872, 'lag_2': 0.5931790548545102, 'lag_3': 0.2632957020421066, 'lag_4': 0.8193898311854477, 'lag_5': 0.6680358065669808, 'lag_6': 0.7415779895628261, 'lag_7': 0.01997595728855444, 'lag_8': 0.5014942623690398, 'lag_9': 0.03785096958904254, 'lag_10': 0.8882421551807056, 'lag_11': 0.8091752391404499, 'lag_12': 0.4401460920695108, 'lag_13': 0.8836119118317652, 'lag_14': 0.5957217471433631, 'lag_15': 0.7841105526760408, 'lag_16': 0.20429837808926365, 'lag_17': 0.8311540121464996, 'lag_18': 0.03829278416946458, 'lag_19': 0.22104774528547158, 'lag_20': 0.6382883206244805, 'lag_21': 0.8245612926011898, 'lag_22': 0.16113059487056364, 'lag_23': 0.8512640216027707, 'lag_24': 0.9659725631874594, 'lag_25': 0.3952614165053536, 'lag_26': 0.5527151004070854, 'lag_27': 0.23059610714765372, 'lag_28': 0.49370924676253936}.
[I 2025-10-03 11:31:37,923] Trial 10 finished with values: [0.0, 0.0017528763971071664, 0.0027181709019760384, 0.0018380937349613395, 0.005220776779979331, 0.0028124940337531457, 0.0016784087234059588, 0.002750175861645608, 0.0022730524833986204, 0.0026111523268169865, 0.016251749882249922, 0.045210995413603086, 0.0001720124150553042, 0.019706947475608083, 0.0, 0.028844440196280324, 0.0003991550408891431, 0.008524004212776026, 0.0015594329315974825, 0.003213009608362332, 0.0005794357249044068, 0.001549130743070718, 0.001103443250829942, 0.001459297813412898, 0.0014857389173126665, 0.006191799285708536, 0.006686171296372195, 0.0008707948803633958, 0.001989095623063095] and parameters: {'lag_0': 0.11008638545656228, 'lag_1': 0.6816439855035789, 'lag_2': 0.3698837763913343, 'lag_3': 0.581571654964736, 'lag_4': 0.5014775034940694, 'lag_5': 0.9312757937485238, 'lag_6': 0.009059049755356778, 'lag_7': 0.9510746572636914, 'lag_8': 0.36256914882199753, 'lag_9': 0.4860005296826188, 'lag_10': 0.02562525096362253, 'lag_11': 0.18994147680219806, 'lag_12': 0.5070314801168523, 'lag_13': 0.6961986071917816, 'lag_14': 0.45157482856885234, 'lag_15': 0.0657867637495747, 'lag_16': 0.878903460699523, 'lag_17': 0.6827636348213779, 'lag_18': 0.8745710959792882, 'lag_19': 0.9789612030511989, 'lag_20': 0.3368806162446762, 'lag_21': 0.5062760806027315, 'lag_22': 0.5408893577364319, 'lag_23': 0.5920592949679421, 'lag_24': 0.11958117535293682, 'lag_25': 0.14101522913397002, 'lag_26': 0.6404091568338999, 'lag_27': 0.1530835242876705, 'lag_28': 0.6523452066048268}.
[I 2025-10-03 11:31:40,576] Trial 11 finished with values: [0.0, 0.0012915894753495237, 0.0041725615914531885, 0.0025678897966970563, 0.002180798841322759, 0.0027962610851485054, 0.0028345117997175774, 0.002574588134779387, 0.00155178050715292, 0.001942248934594084, 0.017321168173249742, 0.04579897017222273, 7.420004688916685e-05, 0.01805981451572124, 0.0, 0.027301829089979364, 0.0006338022715407102, 0.005997414448763966, 0.0016884711212804171, 0.0016636986100738564, 0.0006163740594141529, 0.0014935525063250036, 0.0008807689834557312, 0.0025255697314935334, 0.0012352713702535444, 0.005668254337722673, 0.0056844761206320815, 0.0018683763147092642, 0.00032312311160953436] and parameters: {'lag_0': 0.43680247909545344, 'lag_1': 0.3096505024802872, 'lag_2': 0.5922991378633685, 'lag_3': 0.10955591597425156, 'lag_4': 0.31492795988171657, 'lag_5': 0.14108533356316597, 'lag_6': 0.42138833692564637, 'lag_7': 0.908142071547994, 'lag_8': 0.9899758990121232, 'lag_9': 0.673277562050076, 'lag_10': 0.11546825287971081, 'lag_11': 0.996751368407532, 'lag_12': 0.06422930562212421, 'lag_13': 0.8541320664901837, 'lag_14': 0.18532099633784788, 'lag_15': 0.8087016624726227, 'lag_16': 0.2810604102781432, 'lag_17': 0.5471991882793134, 'lag_18': 0.3443919086786423, 'lag_19': 0.5255368168018762, 'lag_20': 0.6861592491843088, 'lag_21': 0.37326411940058607, 'lag_22': 0.020485890092491185, 'lag_23': 0.5547393834776037, 'lag_24': 0.4724782820370371, 'lag_25': 0.6383632336110281, 'lag_26': 0.3000782737595219, 'lag_27': 0.19036932924232094, 'lag_28': 0.9442334541378269}.
