[I 2025-10-03 11:38:30,331] Trial 68 finished with values: [0.008811308349769889, 0.0014820963900114073, 0.0006829665209870081, 0.0012414104421643072, 0.0012962173159110466, 0.0005813922613473206, 0.00028321074614881894, 0.0007818368087477767, 0.00048724686397589115, 0.001123750924226997, 0.001275221113459906, 0.0044844004398333125, 0.003335199762877138, 0.025193445329101404, 0.0, 0.05369362667048461, 0.00021908575454675366, 0.0005072186394107113, 0.0020545849123943588, 0.002710449901986982, 0.001256772375426735, 2.7763461702457545e-05, 9.12715614785639e-05, 0.0015947217731594437, 0.0018032036297103936, 0.0003018820958127624, 0.00023781179954868696, 0.00034829811024361597, 0.0002105649373381641] and parameters: {'lag_0': 0.8843102591698837, 'lag_1': 0.2941156560773397, 'lag_2': 0.20388159150331725, 'lag_3': 0.46517513214269324, 'lag_4': 0.9381614964999119, 'lag_5': 0.7783237151526379, 'lag_6': 0.42940985653979646, 'lag_7': 0.5804934611226317, 'lag_8': 0.9701612847273406, 'lag_9': 0.999253603099946, 'lag_10': 0.06126372173290155, 'lag_11': 0.2308174343180464, 'lag_12': 0.00040084958781130614, 'lag_13': 0.8640181855474554, 'lag_14': 0.3370882123007851, 'lag_15': 0.34387842470609437, 'lag_16': 0.7119903776988799, 'lag_17': 0.9778498310916627, 'lag_18': 0.8138429800527875, 'lag_19': 0.37410258546633934, 'lag_20': 0.6686464728125998, 'lag_21': 0.36499914391778376, 'lag_22': 0.7080035055972564, 'lag_23': 0.38454846576010565, 'lag_24': 0.07999151136163606, 'lag_25': 0.33998831140425934, 'lag_26': 0.49675560436700394, 'lag_27': 0.3082692338550728, 'lag_28': 0.21489631321014657}.
[I 2025-10-03 11:38:32,980] Trial 69 finished with values: [0.003652567755131858, 0.004630861331452083, 0.0017301989669769881, 0.0015162975203792065, 0.000999309116397705, 0.0003766040556005775, 0.0001616499359218534, 0.00044866130547618953, 0.00036918843750557474, 0.0007790758379638341, 0.0004765278361272404, 0.004225048917802859, 0.003833011886806792, 0.024994252995932918, 0.0, 0.05021742297569552, 2.724484762472176e-05, 0.0002278229089569174, 0.002349657451494058, 0.0024777167614043693, 0.0013444189258146292, 0.0001309362353163508, 0.00011369685126511437, 0.0015154081281595056, 0.0010066566716244489, 0.0002380649037688482, 0.00043116455554049, 0.00013503309370633334, 0.00048099463216765134] and parameters: {'lag_0': 0.202913660526324, 'lag_1': 0.5929310221255677, 'lag_2': 0.957039768727855, 'lag_3': 0.6636559101113902, 'lag_4': 0.6776062631557315, 'lag_5': 0.8177553488024111, 'lag_6': 0.6484147543991663, 'lag_7': 0.6743758545004928, 'lag_8': 0.6437212270547447, 'lag_9': 0.5464041884838204, 'lag_10': 0.34700741218023784, 'lag_11': 0.010596024754509962, 'lag_12': 0.46951486165207984, 'lag_13': 0.0427106181393329, 'lag_14': 0.5026031877624664, 'lag_15': 0.39712002351117515, 'lag_16': 0.16227887661361182, 'lag_17': 0.49270628292358604, 'lag_18': 0.7912013144502085, 'lag_19': 0.1571687456256344, 'lag_20': 0.510492214050868, 'lag_21': 0.7190856176299387, 'lag_22': 0.306253285002455, 'lag_23': 0.9370490396654203, 'lag_24': 0.4535223691076509, 'lag_25': 0.13344682921836373, 'lag_26': 0.16371600335089698, 'lag_27': 0.49952394615330603, 'lag_28': 0.39891601757012524}.
[I 2025-10-03 11:38:35,623] Trial 70 finished with values: [0.0030204081632653063, 0.0012617466708857588, 0.001046783078054693, 9.286603028880914e-05, 0.001426357770087952, 0.0002068237105744872, 0.0006258390559424548, 0.00026270849769480345, 0.000125757464581922, 0.0009811726163090986, 0.0011237578879103385, 0.0034084110178591322, 0.004261633442692035, 0.022718938982300166, 0.0, 0.04234191188235764, 0.00016865433391185402, 0.0007981288248171679, 0.0014626052854366071, 0.0020749491424598534, 0.001165642369493103, 6.45272593693209e-05, 5.8695552897524184e-05, 0.0016267702925614707, 0.0015800895786278132, 0.0002410620894138032, 0.0006494240778233863, 0.0001589539273626566, 0.0008164123530978935] and parameters: {'lag_0': 0.6032711722020326, 'lag_1': 0.50332487350487, 'lag_2': 0.27779938473074967, 'lag_3': 0.36895613581351705, 'lag_4': 0.8299639720369978, 'lag_5': 0.08374371753356474, 'lag_6': 0.09068161879572754, 'lag_7': 0.20301528142878686, 'lag_8': 0.8145362862531318, 'lag_9': 0.25328291090160593, 'lag_10': 0.6688895527347871, 'lag_11': 0.27625652096600034, 'lag_12': 0.6892409289750931, 'lag_13': 0.8740662978889547, 'lag_14': 0.8330890385690719, 'lag_15': 0.6908737324313566, 'lag_16': 0.605556527631796, 'lag_17': 0.4615886091568691, 'lag_18': 0.15082905004826977, 'lag_19': 0.8642034116683808, 'lag_20': 0.5537633007484355, 'lag_21': 0.1413303790290801, 'lag_22': 0.15124640826996646, 'lag_23': 0.5821013329853358, 'lag_24': 0.9401068643743155, 'lag_25': 0.2961388862486772, 'lag_26': 0.2575065336147347, 'lag_27': 0.20893373342568433, 'lag_28': 0.11858229491086897}.
[I 2025-10-03 11:38:38,269] Trial 71 finished with values: [0.0, 0.0038794941523860975, 0.0019498085417557307, 0.0012770830089677489, 0.001505155938646312, 0.0006548602528218337, 0.00025217337855975333, 0.0005151750802705049, 0.0001257683179055142, 0.0004717255040821375, 0.0006404165748052503, 0.003083421032161737, 0.0038930270896708656, 0.022944802437499842, 0.0, 0.040484575316019324, 9.274900486116016e-05, 0.00042645943836307383, 0.001787149311162643, 0.002072538767452297, 0.0006723568567231254, 2.2302282043747906e-05, 4.55789610708877e-05, 0.0017588734906578622, 0.0012368070438728478, 0.0002026465791483089, 0.00037678452221346417, 0.00021780032269025856, 2.734378216167392e-05] and parameters: {'lag_0': 0.6859126472776356, 'lag_1': 0.46868144630812514, 'lag_2': 0.4741778262918964, 'lag_3': 0.9351390457667268, 'lag_4': 0.23654241249633176, 'lag_5': 0.5855052517002447, 'lag_6': 0.5324964070857235, 'lag_7': 0.28631493734363994, 'lag_8': 0.795411350753567, 'lag_9': 0.40341593370907475, 'lag_10': 0.5595787342874197, 'lag_11': 0.47893978699508566, 'lag_12': 0.2218363167171992, 'lag_13': 0.5252588279824156, 'lag_14': 0.2799457627463891, 'lag_15': 0.4200184181474483, 'lag_16': 0.5040785892766385, 'lag_17': 0.6995453151130794, 'lag_18': 0.41237296757958564, 'lag_19': 0.8647505703920625, 'lag_20': 0.603525334552002, 'lag_21': 0.8343838780047552, 'lag_22': 0.22545188912529074, 'lag_23': 0.7380915557428527, 'lag_24': 0.8623126924428302, 'lag_25': 0.2514876093151226, 'lag_26': 0.9185720320161502, 'lag_27': 0.5493579737172072, 'lag_28': 0.6149471867724614}.
[I 2025-10-03 11:38:40,913] Trial 72 finished with values: [0.0125, 0.00021986969219916453, 0.002434231226738946, 0.0005253410227913487, 0.0007729170847594783, 0.0006586163475708702, 0.00040423148217419593, 0.00019965001692921202, 6.193503903794196e-05, 0.001708715280146423, 0.0005296919931788393, 0.0043438144566341885, 0.0035913206499665943, 0.026647763235578027, 0.0, 0.050553053264634676, 0.00019403436039072995, 0.00047569284526450807, 0.0014385203919008694, 0.002095793704920559, 0.0008704114303650347, 2.7639869792385307e-05, 7.585917558893752e-05, 0.001471260397112059, 0.0016357486305695625, 0.00019177444942615842, 0.0005592053408296058, 0.00022054558009220474, 0.0003852153112699085] and parameters: {'lag_0': 0.1631150496580308, 'lag_1': 0.385099314262559, 'lag_2': 0.8197079238329859, 'lag_3': 0.09679997631338172, 'lag_4': 0.23654241249633176, 'lag_5': 0.8746024556359794, 'lag_6': 0.5324964070857235, 'lag_7': 0.5754464538702413, 'lag_8': 0.07951887997855026, 'lag_9': 0.2269054455300579, 'lag_10': 0.7528253874752712, 'lag_11': 0.47893978699508566, 'lag_12': 0.5823918606314002, 'lag_13': 0.7132546289967528, 'lag_14': 0.8179612735829699, 'lag_15': 0.8093775239946928, 'lag_16': 0.5040785892766385, 'lag_17': 0.6458180215043091, 'lag_18': 0.2814368220017384, 'lag_19': 0.48692212736034546, 'lag_20': 0.4738431275918038, 'lag_21': 0.935032205339098, 'lag_22': 0.23422126465325196, 'lag_23': 0.2477429197539254, 'lag_24': 0.8623126924428302, 'lag_25': 0.872505534122374, 'lag_26': 0.5559648687426375, 'lag_27': 0.49607767901950267, 'lag_28': 0.18059728673838513}.
[I 2025-10-03 11:38:43,564] Trial 73 finished with values: [0.0, 0.0014430802410503169, 0.0013170541761295348, 0.0015482819640295104, 0.0008500442409312239, 0.00035745592984693037, 0.0007428011589979165, 0.0009250182268189352, 0.00022241809932308895, 0.0008741507563159829, 0.001111887400062911, 0.003263567410045675, 0.004537988102285163, 0.02313606560741305, 0.0, 0.04496909108128217, 0.000211156512436011, 0.0004535670478353431, 0.0017272598658495543, 0.0024468356382478964, 0.0010790215992657571, 7.012137109898229e-05, 6.08566283873986e-05, 0.0013005275940954641, 0.0011023331232447211, 0.00029591356145363876, 0.0005892439358054509, 0.00034928998152490895, 0.0005421230744992902] and parameters: {'lag_0': 0.7849228844195043, 'lag_1': 0.46868144630812514, 'lag_2': 0.4741778262918964, 'lag_3': 0.6636559101113902, 'lag_4': 0.6776062631557315, 'lag_5': 0.5855052517002447, 'lag_6': 0.6484147543991663, 'lag_7': 0.6743758545004928, 'lag_8': 0.31429813840166004, 'lag_9': 0.09241533338118386, 'lag_10': 0.26592910235169387, 'lag_11': 0.14987453809945117, 'lag_12': 0.46951486165207984, 'lag_13': 0.5252588279824156, 'lag_14': 0.5008171261878993, 'lag_15': 0.4200184181474483, 'lag_16': 0.14293627383682941, 'lag_17': 0.45787468608651527, 'lag_18': 0.6393466561113837, 'lag_19': 0.1571687456256344, 'lag_20': 0.424149592756805, 'lag_21': 0.8343838780047552, 'lag_22': 0.306253285002455, 'lag_23': 0.9370490396654203, 'lag_24': 0.4535223691076509, 'lag_25': 0.1272564087786186, 'lag_26': 0.16371600335089698, 'lag_27': 0.041655199838012115, 'lag_28': 0.39891601757012524}.
[I 2025-10-03 11:38:46,215] Trial 74 finished with values: [0.006550768455530359, 0.0013573983022686941, 0.0012150727454396603, 0.0018795697633295105, 0.000694209838578068, 0.0005441955165259897, 0.0005747601512272669, 0.0005402957840001522, 0.0003982491989199832, 0.000942881632316874, 0.0006188406934368117, 0.0032483865310884074, 0.004550312707116634, 0.024439840671828333, 0.0, 0.04474639403578603, 0.00013897247246648278, 0.00039070352306442023, 0.002087046187988499, 0.0024429100195493864, 0.0013035612194947188, 8.775828757134232e-05, 5.032277670442434e-05, 0.001633051922563048, 0.0009193199969900557, 0.0001775330910636454, 0.0002505992716867008, 0.00012950110804625637, 0.0005166339621222762] and parameters: {'lag_0': 0.966964270097192, 'lag_1': 0.6640712278954025, 'lag_2': 0.36873123320177753, 'lag_3': 0.3534664871863351, 'lag_4': 0.38328097605307426, 'lag_5': 0.6953124212236877, 'lag_6': 0.14194776418456562, 'lag_7': 0.13073450556391344, 'lag_8': 0.4447897074545222, 'lag_9': 0.5483399075968387, 'lag_10': 0.5591188655533326, 'lag_11': 0.17897483265570752, 'lag_12': 0.6896887911175098, 'lag_13': 0.029362342097443775, 'lag_14': 0.17220017716252617, 'lag_15': 0.3468602464310361, 'lag_16': 0.05295984194769432, 'lag_17': 0.4024388388101457, 'lag_18': 0.8574527886658907, 'lag_19': 0.803021276379595, 'lag_20': 0.3226408587497328, 'lag_21': 0.5204883206896239, 'lag_22': 0.011968999607231834, 'lag_23': 0.31461756968752314, 'lag_24': 0.2197067070600501, 'lag_25': 0.8896936633524677, 'lag_26': 0.5541947577500898, 'lag_27': 0.055328132923223576, 'lag_28': 0.5636439525868577}.
[I 2025-10-03 11:38:48,860] Trial 75 finished with values: [0.007206632653061223, 0.0008652739202189752, 0.001285425071798783, 0.000942816556697676, 0.0019402234000749862, 0.0003891622018927667, 0.00040933615420915917, 0.000715148969396431, 0.0002347816482624543, 0.0007982172224154385, 0.0010357497115872482, 0.0026814930058963347, 0.003167827294339524, 0.023818665402113103, 0.0, 0.05764171076416964, 7.897866706361005e-05, 0.0006696842736766408, 0.0019638324164932873, 0.003144920034145372, 0.00148517607614605, 5.5967223353403794e-05, 7.221909128286033e-05, 0.0016824717069601944, 0.001111341228204634, 0.00035113628385948653, 0.000196135602555035, 0.00029563051468617363, 0.00019577133636821732] and parameters: {'lag_0': 0.8382574876880832, 'lag_1': 0.3191276170585788, 'lag_2': 0.07697160380502313, 'lag_3': 0.92523334643587, 'lag_4': 0.16835490296728883, 'lag_5': 0.26886542780068934, 'lag_6': 0.5588196126823813, 'lag_7': 0.31588029647850063, 'lag_8': 0.15044065750191624, 'lag_9': 0.4799457405715677, 'lag_10': 0.6851160292114873, 'lag_11': 0.06629261561417353, 'lag_12': 0.9363169824505058, 'lag_13': 0.5646026038273487, 'lag_14': 0.5707404045284931, 'lag_15': 0.646962734987525, 'lag_16': 0.4605788958506621, 'lag_17': 0.8388236353718994, 'lag_18': 0.6480130626035332, 'lag_19': 0.6142456295681392, 'lag_20': 0.200591734971646, 'lag_21': 0.556948062920003, 'lag_22': 0.47895139612133125, 'lag_23': 0.20019084040754356, 'lag_24': 0.6835696241566424, 'lag_25': 0.01446886668094676, 'lag_26': 0.3141670240070597, 'lag_27': 0.7666150394555173, 'lag_28': 0.6196568991951841}.
[I 2025-10-03 11:38:51,685] Trial 76 finished with values: [0.004081632653061224, 0.003313622761706863, 0.0003384967794457489, 0.0011020211104490114, 0.0018736168682892001, 0.0006487809586679387, 7.36764867943799e-05, 0.0011176944485653698, 0.00017285891338733407, 0.00034170663916918193, 0.0011214683323657385, 0.0032002548930493415, 0.004673877525310293, 0.02502409826807784, 0.0, 0.04332041521439975, 0.00020817359100883836, 0.00041613835107743414, 0.001481265300918231, 0.002256473922566641, 0.0011653615827318861, 5.477259035908712e-05, 3.215617369964979e-05, 0.001513511695217681, 0.0018154757636214998, 0.0002957407781527236, 7.310215141482098e-05, 5.4873895609840435e-05, 0.000552055880241311] and parameters: {'lag_0': 0.7849228844195043, 'lag_1': 0.8915297173554384, 'lag_2': 0.957039768727855, 'lag_3': 0.6636559101113902, 'lag_4': 0.2430380083815483, 'lag_5': 0.8519602773051064, 'lag_6': 0.6484147543991663, 'lag_7': 0.8179018371247395, 'lag_8': 0.31429813840166004, 'lag_9': 0.09241533338118386, 'lag_10': 0.4137047388430328, 'lag_11': 0.14987453809945117, 'lag_12': 0.46951486165207984, 'lag_13': 0.004495785844060801, 'lag_14': 0.5639955048288954, 'lag_15': 0.4390826086427199, 'lag_16': 0.16053465185065702, 'lag_17': 0.45787468608651527, 'lag_18': 0.7583837287174755, 'lag_19': 0.1571687456256344, 'lag_20': 0.22322679872990603, 'lag_21': 0.027638426527766956, 'lag_22': 0.306253285002455, 'lag_23': 0.9474851216928974, 'lag_24': 0.2540846511016165, 'lag_25': 0.8906855702132824, 'lag_26': 0.16371600335089698, 'lag_27': 0.49952394615330603, 'lag_28': 0.6365236216057776}.
[I 2025-10-03 11:38:54,343] Trial 77 finished with values: [0.0, 0.0018022589189577137, 0.001590554024653371, 0.0015331761987173325, 0.0007674901739649459, 0.000696912100201706, 5.881203798980207e-05, 0.0004289357585029188, 0.0005171661603251259, 0.0007366248093395738, 0.0011970011747988087, 0.0029979704950338403, 0.002523641968107204, 0.025428085808207025, 0.0, 0.04633836290776313, 0.00021861743965167314, 0.0007041176693501018, 0.0016956314913455274, 0.00188347564044138, 0.0012263714431005044, 4.845956229940017e-05, 0.0001581181897008246, 0.0017003639862843416, 0.0013701534275280054, 0.0003768059890299918, 0.00030615116561973207, 8.217366518647287e-05, 0.0003466582693503409] and parameters: {'lag_0': 0.13055917162182767, 'lag_1': 0.5314072839728176, 'lag_2': 0.5949614625024778, 'lag_3': 0.8633717695384, 'lag_4': 0.5503953747099033, 'lag_5': 0.8647727070097625, 'lag_6': 0.09948102013022236, 'lag_7': 0.6514652163490174, 'lag_8': 0.26865210362963987, 'lag_9': 0.07705941014778309, 'lag_10': 0.31825015528846806, 'lag_11': 0.14774875568464296, 'lag_12': 0.25079912241554614, 'lag_13': 0.42740503882974096, 'lag_14': 0.016830146548931214, 'lag_15': 0.6681211827597258, 'lag_16': 0.29916581047343016, 'lag_17': 0.46672823232253996, 'lag_18': 0.6407341255113137, 'lag_19': 0.8390112082428268, 'lag_20': 0.5590333640777679, 'lag_21': 0.572939159161937, 'lag_22': 0.7818235559196349, 'lag_23': 0.4077397148528282, 'lag_24': 0.6609670935379645, 'lag_25': 0.2555651084263793, 'lag_26': 0.7010317433819699, 'lag_27': 0.49193743063947126, 'lag_28': 0.8031183079116574}.
[I 2025-10-03 11:38:56,996] Trial 78 finished with values: [0.0011834319526627221, 0.0008576040114105993, 0.0006633531492908506, 0.001271690909703894, 0.0025063727504132756, 0.0006238861428908906, 0.0002866896133861741, 0.0007055040098339624, 0.0001933864516931392, 0.000722301454779768, 0.0007168602774276648, 0.002615149970010064, 0.003945401419002082, 0.024042973811196522, 0.0, 0.054630970426346, 0.00018007872906060214, 0.0005769558861751165, 0.0018026001281950376, 0.002265097434788919, 0.0011919127230097123, 7.426955520300398e-05, 8.833676880610948e-05, 0.0012768462106562488, 0.0013144347899541955, 0.00022264066743141693, 0.00011452326609981986, 0.00018848390819666043, 0.00043284972261116943] and parameters: {'lag_0': 0.9613184562566444, 'lag_1': 0.8898901054436704, 'lag_2': 0.01463827565643655, 'lag_3': 0.355936650623438, 'lag_4': 0.870436522932691, 'lag_5': 0.06662396222939969, 'lag_6': 0.7005283850908466, 'lag_7': 0.9671594054428935, 'lag_8': 0.10456347026261066, 'lag_9': 0.7919171181655867, 'lag_10': 0.5502075526232574, 'lag_11': 0.11343736275483217, 'lag_12': 0.326474210102186, 'lag_13': 0.5314360239121143, 'lag_14': 0.0639654066993666, 'lag_15': 0.9149189999348754, 'lag_16': 0.762287621719786, 'lag_17': 0.587764402200158, 'lag_18': 0.7368055304356873, 'lag_19': 0.6814347375787531, 'lag_20': 0.08472242424705304, 'lag_21': 0.8170938593288014, 'lag_22': 0.3938423174127574, 'lag_23': 0.8227273805088552, 'lag_24': 0.22562781361736495, 'lag_25': 0.7862442489721656, 'lag_26': 0.07207308650156971, 'lag_27': 0.0218036164124601, 'lag_28': 0.16501233696690376}.
[I 2025-10-03 11:38:59,651] Trial 79 finished with values: [0.003125, 0.004262612998461259, 0.0008506999668086441, 0.0015408461632624478, 0.0019925812120987238, 0.00036124614219593956, 0.00021909134690484993, 0.0005956626691822963, 0.00013321979359482106, 0.00045345093793019737, 0.0008325331075610858, 0.004864890518405241, 0.0038066960484785008, 0.023945128095119665, 0.0, 0.04439334229209488, 0.00016546164616710064, 0.00046156260628242953, 0.0011723201747745483, 0.002410950750265995, 0.0013727956294032398, 7.542246199442867e-05, 1.3409888361553814e-05, 0.0011554500847547329, 0.0015856526753390808, 0.00016632763563238009, 0.000170447080318886, 0.00011913373314967248, 0.0005818472621633656] and parameters: {'lag_0': 0.9873397472185895, 'lag_1': 0.27929012097448774, 'lag_2': 0.4446936632438039, 'lag_3': 0.8185781106489284, 'lag_4': 0.6353836805191448, 'lag_5': 0.359671785538407, 'lag_6': 0.6054117932498962, 'lag_7': 0.12874407139799696, 'lag_8': 0.029271850131829157, 'lag_9': 0.21611043152564907, 'lag_10': 0.11746120191552518, 'lag_11': 0.9051313456050267, 'lag_12': 0.2287253313698389, 'lag_13': 0.23756722739831287, 'lag_14': 0.2367036210022785, 'lag_15': 0.7664676061924407, 'lag_16': 0.6531894895270365, 'lag_17': 0.9620852526841369, 'lag_18': 0.05688800251135758, 'lag_19': 0.4811354235109585, 'lag_20': 0.03239075724568027, 'lag_21': 0.16209276834774042, 'lag_22': 0.18110628220984576, 'lag_23': 0.530278030840495, 'lag_24': 0.8947316391851924, 'lag_25': 0.2956017918837997, 'lag_26': 0.4800888194640071, 'lag_27': 0.43195780897255376, 'lag_28': 0.0510907533553401}.
[I 2025-10-03 11:39:02,299] Trial 80 finished with values: [0.009212610534409842, 0.0007499193718378133, 0.0009761974302476788, 0.0007907296376707193, 0.0017479118858226977, 0.0009472214475434108, 0.0002573876515599337, 0.0003455277682797767, 0.0005017544503884126, 0.0006730913572121515, 0.000879061520331975, 0.003786270424512126, 0.0034864764832962724, 0.02385805308248352, 0.0, 0.04299165348177668, 0.0002729151617411419, 0.0004366048789830205, 0.0016874245837232148, 0.0022520247382306997, 0.0011015167979055555, 3.5548843376136925e-05, 0.0001020227742498813, 0.0011209975362883053, 0.001477494970735182, 0.0004179140354847547, 0.00047585545591231757, 3.522935554171059e-05, 0.0006324709291430071] and parameters: {'lag_0': 0.3717688039277783, 'lag_1': 0.46868144630812514, 'lag_2': 0.06910718792571001, 'lag_3': 0.9351390457667268, 'lag_4': 0.8299639720369978, 'lag_5': 0.08374371753356474, 'lag_6': 0.7728162353768021, 'lag_7': 0.28631493734363994, 'lag_8': 0.795411350753567, 'lag_9': 0.10988674517306939, 'lag_10': 0.26592910235169387, 'lag_11': 0.059835772607110434, 'lag_12': 0.6892409289750931, 'lag_13': 0.8740662978889547, 'lag_14': 0.8330890385690719, 'lag_15': 0.4200184181474483, 'lag_16': 0.3079143249759109, 'lag_17': 0.6995453151130794, 'lag_18': 0.6393466561113837, 'lag_19': 0.8647505703920625, 'lag_20': 0.603525334552002, 'lag_21': 0.8343838780047552, 'lag_22': 0.22545188912529074, 'lag_23': 0.815579373695063, 'lag_24': 0.977349090738801, 'lag_25': 0.2961388862486772, 'lag_26': 0.5652597579078852, 'lag_27': 0.20893373342568433, 'lag_28': 0.11858229491086897}.
