[I 2025-09-29 12:51:56,078] Trial 40 finished with value: 0.006020628119961796 and parameters: {'lag_0': 0.6579538850410531, 'lag_1': 0.698562325407796, 'lag_2': 0.018602630703859754, 'lag_3': 0.577938858627649, 'lag_4': 0.45767539649465216, 'lag_5': 0.5437871986045769, 'lag_6': 0.6012548601161735, 'lag_7': 0.2001878693569844, 'lag_8': 0.25602676182863626, 'lag_9': 0.9953090759610046, 'lag_10': 0.5609046812304932, 'lag_11': 0.9365330092669946, 'lag_12': 0.689739204907449, 'lag_13': 0.3944800160780054, 'lag_14': 0.8253456504707886, 'lag_15': 0.2797224087719541, 'lag_16': 0.6713478523775306, 'lag_17': 0.14246657806741392, 'lag_18': 0.7035846550831618, 'lag_19': 0.7159456869219665, 'lag_20': 0.3541386247032196, 'lag_21': 0.9404563976143541, 'lag_22': 0.3776105696023107, 'lag_23': 0.748045329362499, 'lag_24': 0.29411833155749484, 'lag_25': 0.4456622016303952, 'lag_26': 0.1273608099300188, 'lag_27': 0.855585338790991, 'lag_28': 0.36182923873835615}. Best is trial 34 with value: 0.0053505542652776536.
[I 2025-09-29 12:51:58,564] Trial 41 finished with value: 0.00699795021311585 and parameters: {'lag_0': 0.894937467403291, 'lag_1': 0.8678127910945322, 'lag_2': 0.4315084548128253, 'lag_3': 0.6922994495802074, 'lag_4': 0.5312157422265064, 'lag_5': 0.6013436150716683, 'lag_6': 0.7884292147469955, 'lag_7': 0.41298765000869214, 'lag_8': 0.769212224097084, 'lag_9': 0.25178777962777155, 'lag_10': 0.4929918834118211, 'lag_11': 0.3248323679844141, 'lag_12': 0.9856573282489207, 'lag_13': 0.520074789992645, 'lag_14': 0.9898203279510611, 'lag_15': 0.4146890840251187, 'lag_16': 0.9234265867318608, 'lag_17': 0.8488077047170908, 'lag_18': 0.8562561153020756, 'lag_19': 0.7800902685537947, 'lag_20': 0.8299191736791722, 'lag_21': 0.07453962654903352, 'lag_22': 0.17785957959837922, 'lag_23': 0.8272799928826128, 'lag_24': 0.46677995584642895, 'lag_25': 0.519587686829395, 'lag_26': 0.5437418556913374, 'lag_27': 0.6543558311090332, 'lag_28': 0.21012740410583347}. Best is trial 34 with value: 0.0053505542652776536.
[I 2025-09-29 12:52:01,063] Trial 42 finished with value: 0.007498223179930213 and parameters: {'lag_0': 0.9616212644590875, 'lag_1': 0.013807603746831598, 'lag_2': 0.22091252105951759, 'lag_3': 0.04392317932620172, 'lag_4': 0.5767130097161948, 'lag_5': 0.46442524610343117, 'lag_6': 0.476587021525515, 'lag_7': 0.29579547583750165, 'lag_8': 0.6849722821176776, 'lag_9': 0.3229775595261019, 'lag_10': 0.4190061768305339, 'lag_11': 0.36191352227925244, 'lag_12': 0.9953387095156517, 'lag_13': 0.3554248669185092, 'lag_14': 0.759582696133321, 'lag_15': 0.32199340277552374, 'lag_16': 0.5081078690671137, 'lag_17': 0.7665497674392374, 'lag_18': 0.7249294558048007, 'lag_19': 0.6880580766363645, 'lag_20': 0.5166604486622073, 'lag_21': 0.4343881217329747, 'lag_22': 0.2146515283614011, 'lag_23': 0.9391777222377535, 'lag_24': 0.4159411537425403, 'lag_25': 0.3782006975120695, 'lag_26': 0.36904172834410276, 'lag_27': 0.5898136420625757, 'lag_28': 0.08038764082539357}. Best is trial 34 with value: 0.0053505542652776536.
[I 2025-09-29 12:52:03,554] Trial 43 finished with value: 0.007096061258326005 and parameters: {'lag_0': 0.8013478043629131, 'lag_1': 0.9216626800886889, 'lag_2': 0.12984400840261576, 'lag_3': 0.5050695340084956, 'lag_4': 0.7666200908475574, 'lag_5': 0.6491245526936125, 'lag_6': 0.7073402461328466, 'lag_7': 0.4861660174542459, 'lag_8': 0.7968115920720273, 'lag_9': 0.6513807363866047, 'lag_10': 0.5917664593077544, 'lag_11': 0.45150114983049927, 'lag_12': 0.9248854223388719, 'lag_13': 0.5720772317404711, 'lag_14': 0.9236261918394205, 'lag_15': 0.05377161120983864, 'lag_16': 0.7894979679534345, 'lag_17': 0.9235689238608367, 'lag_18': 0.7695509656557341, 'lag_19': 0.6126162786614093, 'lag_20': 0.27636730989411884, 'lag_21': 0.19058112057422585, 'lag_22': 0.7732923120923669, 'lag_23': 0.816791791303977, 'lag_24': 0.33007048066548966, 'lag_25': 0.49213862483071935, 'lag_26': 0.494664882994023, 'lag_27': 0.737909875446077, 'lag_28': 0.3032209955602701}. Best is trial 34 with value: 0.0053505542652776536.
[I 2025-09-29 12:52:06,051] Trial 44 finished with value: 0.00730825043892777 and parameters: {'lag_0': 0.9920754952902091, 'lag_1': 0.9668803728408343, 'lag_2': 0.311899066816737, 'lag_3': 0.8078069695857804, 'lag_4': 0.6767490515761266, 'lag_5': 0.3990464799013516, 'lag_6': 0.3759850423574181, 'lag_7': 0.3702528709537323, 'lag_8': 0.6590487459635177, 'lag_9': 0.5017245429851906, 'lag_10': 0.694319584045428, 'lag_11': 0.27107336912618085, 'lag_12': 0.8758898333134602, 'lag_13': 0.6481478185901295, 'lag_14': 0.6379208552269151, 'lag_15': 0.19725057200885415, 'lag_16': 0.005063636166759922, 'lag_17': 0.7272844524464565, 'lag_18': 0.8672951287364756, 'lag_19': 0.4991369966503788, 'lag_20': 0.74278909777544, 'lag_21': 0.31081601197400544, 'lag_22': 0.25181257189482426, 'lag_23': 0.9206892847503437, 'lag_24': 0.3687464329142448, 'lag_25': 0.5509129607833377, 'lag_26': 0.5883813080932334, 'lag_27': 0.37001505201151697, 'lag_28': 0.3695098762656736}. Best is trial 34 with value: 0.0053505542652776536.
[I 2025-09-29 12:52:08,550] Trial 45 finished with value: 0.006351562138368172 and parameters: {'lag_0': 0.018403950716013306, 'lag_1': 0.7300520033548308, 'lag_2': 0.15026614390824825, 'lag_3': 0.138908837762325, 'lag_4': 0.8328681779121336, 'lag_5': 0.25982872990241695, 'lag_6': 0.025066759465371014, 'lag_7': 0.42092429469917186, 'lag_8': 0.7085921985796056, 'lag_9': 0.14033071448410495, 'lag_10': 0.8542725501326481, 'lag_11': 0.19841172108180488, 'lag_12': 0.8054317431999649, 'lag_13': 0.4728161300542973, 'lag_14': 0.8419675296359066, 'lag_15': 0.47137485771477694, 'lag_16': 0.9345205614578344, 'lag_17': 0.10109918692153722, 'lag_18': 0.9587800751787241, 'lag_19': 0.7786045558687882, 'lag_20': 0.9113587566024254, 'lag_21': 0.12870101518935084, 'lag_22': 0.06422933581308538, 'lag_23': 0.6603116467335862, 'lag_24': 0.24100052333535293, 'lag_25': 0.4400494828693478, 'lag_26': 0.4041871365054259, 'lag_27': 0.9738954553702887, 'lag_28': 0.480965314382486}. Best is trial 34 with value: 0.0053505542652776536.
[I 2025-09-29 12:52:11,045] Trial 46 finished with value: 0.007003657639078176 and parameters: {'lag_0': 0.8767106124636656, 'lag_1': 0.8945234084155713, 'lag_2': 0.24741995285757584, 'lag_3': 0.04857362347044879, 'lag_4': 0.9918963257447024, 'lag_5': 0.49118455508276015, 'lag_6': 0.30246470870211695, 'lag_7': 0.5174039922601086, 'lag_8': 0.7630542012445726, 'lag_9': 0.2961307622587127, 'lag_10': 0.538737973081684, 'lag_11': 0.4878196720451108, 'lag_12': 0.4826578332182429, 'lag_13': 0.2908945522188066, 'lag_14': 0.7404158230309449, 'lag_15': 0.32655532271333176, 'lag_16': 0.4005089213708023, 'lag_17': 0.8266389804205685, 'lag_18': 0.6567497946090639, 'lag_19': 0.22429564545370406, 'lag_20': 0.43130465763239917, 'lag_21': 0.9884883534438609, 'lag_22': 0.35655776932414496, 'lag_23': 0.6194147514734478, 'lag_24': 0.44022388553173725, 'lag_25': 0.3424359141808628, 'lag_26': 0.5556393226425633, 'lag_27': 0.5461020630651978, 'lag_28': 0.26105332541901016}. Best is trial 34 with value: 0.0053505542652776536.
[I 2025-09-29 12:52:13,545] Trial 47 finished with value: 0.007831365321518156 and parameters: {'lag_0': 0.9487696092757779, 'lag_1': 0.8111333362691624, 'lag_2': 0.0529354152163026, 'lag_3': 0.4025188369396176, 'lag_4': 0.5049762438463732, 'lag_5': 0.9446081066893565, 'lag_6': 0.6628710026955307, 'lag_7': 0.3334262352342067, 'lag_8': 0.8226079141332721, 'lag_9': 0.4050036227009409, 'lag_10': 0.3671036998051399, 'lag_11': 0.4089291571363548, 'lag_12': 0.34202694484985496, 'lag_13': 0.8415459745579723, 'lag_14': 0.8965897007358317, 'lag_15': 0.161886887544832, 'lag_16': 0.5251968412237392, 'lag_17': 0.7699009395336923, 'lag_18': 0.8070557640452243, 'lag_19': 0.666976257018567, 'lag_20': 0.2203243725244201, 'lag_21': 0.00015883862657110675, 'lag_22': 0.17013731850137195, 'lag_23': 0.7828924206358615, 'lag_24': 0.4994044501659384, 'lag_25': 0.8004669713369373, 'lag_26': 0.45014605618125364, 'lag_27': 0.6096456533575605, 'lag_28': 0.11155829237012198}. Best is trial 34 with value: 0.0053505542652776536.
[I 2025-09-29 12:52:16,042] Trial 48 finished with value: 0.006883714019726292 and parameters: {'lag_0': 0.0849072251298067, 'lag_1': 0.9338683933267977, 'lag_2': 0.3179254114368937, 'lag_3': 0.004410617860867216, 'lag_4': 0.5936805881547078, 'lag_5': 0.7883124201549926, 'lag_6': 0.44198709714004625, 'lag_7': 0.2856815805998641, 'lag_8': 0.6229099548303406, 'lag_9': 0.2417872281028408, 'lag_10': 0.7337714982196453, 'lag_11': 0.5535073564032229, 'lag_12': 0.948860387244589, 'lag_13': 0.4240615014576117, 'lag_14': 0.24058677832965142, 'lag_15': 0.39754151585778585, 'lag_16': 0.2989658059867355, 'lag_17': 0.930327915651515, 'lag_18': 0.9406049993556205, 'lag_19': 0.7165350253043589, 'lag_20': 0.08920512807775144, 'lag_21': 0.5330960383328747, 'lag_22': 0.3177443819418183, 'lag_23': 0.003351392724494362, 'lag_24': 0.6640903650424441, 'lag_25': 0.6877423883085148, 'lag_26': 0.6863738377393331, 'lag_27': 0.45952979935124316, 'lag_28': 0.40211649371275776}. Best is trial 34 with value: 0.0053505542652776536.
[I 2025-09-29 12:52:18,537] Trial 49 finished with value: 0.006879802971850544 and parameters: {'lag_0': 0.7078881783918486, 'lag_1': 0.8826352684133733, 'lag_2': 0.5039423804588493, 'lag_3': 0.4805102288041271, 'lag_4': 0.9324300692649238, 'lag_5': 0.5776157471713157, 'lag_6': 0.7506145232467951, 'lag_7': 0.19447247469345694, 'lag_8': 0.6728599658751877, 'lag_9': 0.1913498899536626, 'lag_10': 0.2662070640292149, 'lag_11': 0.8349073296822931, 'lag_12': 0.9490700279710461, 'lag_13': 0.3311104871917447, 'lag_14': 0.5305674930914758, 'lag_15': 0.25517005223278394, 'lag_16': 0.6481427168276965, 'lag_17': 0.5292206411837614, 'lag_18': 0.6209884167020991, 'lag_19': 0.002270824485234302, 'lag_20': 0.7007789661252407, 'lag_21': 0.21978215268787477, 'lag_22': 0.40223566190860566, 'lag_23': 0.07023862242559445, 'lag_24': 0.2660324850068925, 'lag_25': 0.9199474971657227, 'lag_26': 0.33141931066453983, 'lag_27': 0.29051631238733877, 'lag_28': 0.041363474977827525}. Best is trial 34 with value: 0.0053505542652776536.
[I 2025-09-29 12:52:21,034] Trial 50 finished with value: 0.0060437538848736715 and parameters: {'lag_0': 0.801164786364474, 'lag_1': 0.6617136655891164, 'lag_2': 0.11718425943651029, 'lag_3': 0.2023937385077406, 'lag_4': 0.3534474093740986, 'lag_5': 0.6906743767460819, 'lag_6': 0.5002055366586692, 'lag_7': 0.554555525436015, 'lag_8': 0.4469481389101583, 'lag_9': 0.049576856856232115, 'lag_10': 0.6284337590336969, 'lag_11': 0.6146865632966041, 'lag_12': 0.7438741256209715, 'lag_13': 0.5081060345399292, 'lag_14': 0.3764370456777676, 'lag_15': 0.006925975142344387, 'lag_16': 0.6992268207182823, 'lag_17': 0.8603815466502261, 'lag_18': 0.7351198933755414, 'lag_19': 0.8648388389908658, 'lag_20': 0.5308523261520305, 'lag_21': 0.384178114756247, 'lag_22': 0.23272472721114223, 'lag_23': 0.17218906427015518, 'lag_24': 0.18100764527660862, 'lag_25': 0.7468862041285134, 'lag_26': 0.7417634755431749, 'lag_27': 0.7674308341674345, 'lag_28': 0.3181836797942282}. Best is trial 34 with value: 0.0053505542652776536.
[I 2025-09-29 12:52:23,531] Trial 51 finished with value: 0.0076598665916629075 and parameters: {'lag_0': 0.6107358867098698, 'lag_1': 0.67623575578036, 'lag_2': 0.00021880359481831618, 'lag_3': 0.5654962936834644, 'lag_4': 0.45244101075820825, 'lag_5': 0.5444330012213321, 'lag_6': 0.6019985303445231, 'lag_7': 0.19277736116802394, 'lag_8': 0.26440023167425447, 'lag_9': 0.9531422414416421, 'lag_10': 0.5867626155818643, 'lag_11': 0.9539087476936383, 'lag_12': 0.6797707071088391, 'lag_13': 0.37541874313455825, 'lag_14': 0.8073516354325487, 'lag_15': 0.27046162890295505, 'lag_16': 0.6289197959747141, 'lag_17': 0.08457815276872303, 'lag_18': 0.7058506666166998, 'lag_19': 0.726451959223777, 'lag_20': 0.35745001266754306, 'lag_21': 0.9447345643763984, 'lag_22': 0.3820226273055291, 'lag_23': 0.7332118804981616, 'lag_24': 0.30046509729017906, 'lag_25': 0.4495424024124567, 'lag_26': 0.10566142211211192, 'lag_27': 0.8612336715980335, 'lag_28': 0.36226849070169626}. Best is trial 34 with value: 0.0053505542652776536.
[I 2025-09-29 12:52:26,021] Trial 52 finished with value: 0.006651697503548409 and parameters: {'lag_0': 0.8629931715077233, 'lag_1': 0.7245980987124401, 'lag_2': 0.032506760021100534, 'lag_3': 0.6864439036704194, 'lag_4': 0.4484807003761559, 'lag_5': 0.3866547442007993, 'lag_6': 0.5228286008387769, 'lag_7': 0.01618799957529804, 'lag_8': 0.13064668151246944, 'lag_9': 0.8461789093581211, 'lag_10': 0.5429488768737392, 'lag_11': 0.31091496809845715, 'lag_12': 0.5010501276052398, 'lag_13': 0.41720910660697674, 'lag_14': 0.9358835474108016, 'lag_15': 0.31355349947175526, 'lag_16': 0.7599890361248557, 'lag_17': 0.20963605063157953, 'lag_18': 0.8339528645701546, 'lag_19': 0.743666603395819, 'lag_20': 0.31889671370645406, 'lag_21': 0.7463724724144745, 'lag_22': 0.34042989328763507, 'lag_23': 0.7447806810617419, 'lag_24': 0.38671023285128076, 'lag_25': 0.4076777267976925, 'lag_26': 0.1369084541635545, 'lag_27': 0.8729120622828396, 'lag_28': 0.4493998412882879}. Best is trial 34 with value: 0.0053505542652776536.
[I 2025-09-29 12:52:28,514] Trial 53 finished with value: 0.007215496802689162 and parameters: {'lag_0': 0.7478015426675271, 'lag_1': 0.5688632711041239, 'lag_2': 0.09329026773664746, 'lag_3': 0.6128761358227011, 'lag_4': 0.5090641370860902, 'lag_5': 0.5613586796237772, 'lag_6': 0.592215462367915, 'lag_7': 0.2173138649765203, 'lag_8': 0.35813440617016307, 'lag_9': 0.7443354395947642, 'lag_10': 0.7955601454403335, 'lag_11': 0.7874976310473192, 'lag_12': 0.6402464026930896, 'lag_13': 0.2400848451115759, 'lag_14': 0.8496767889543693, 'lag_15': 0.446207949753204, 'lag_16': 0.6846967981637058, 'lag_17': 0.08103342834853902, 'lag_18': 0.8833293001798997, 'lag_19': 0.806409431283189, 'lag_20': 0.39222041331705526, 'lag_21': 0.9053831312617292, 'lag_22': 0.483967186972452, 'lag_23': 0.6902607774919507, 'lag_24': 0.10287403507924858, 'lag_25': 0.4652543027128042, 'lag_26': 0.2782984126167915, 'lag_27': 0.6848833203302624, 'lag_28': 0.2120778159680757}. Best is trial 34 with value: 0.0053505542652776536.
[I 2025-09-29 12:52:31,010] Trial 54 finished with value: 0.007359535751396242 and parameters: {'lag_0': 0.6783967849322607, 'lag_1': 0.824823144960164, 'lag_2': 0.249237081495633, 'lag_3': 0.5745341247682434, 'lag_4': 0.12949901640228811, 'lag_5': 0.4942880977430745, 'lag_6': 0.6316674982822702, 'lag_7': 0.3657394983947577, 'lag_8': 0.3660930567200765, 'lag_9': 0.9944670466930031, 'lag_10': 0.48670927847004525, 'lag_11': 0.6749178432034109, 'lag_12': 0.8829680411485855, 'lag_13': 0.3250658359987482, 'lag_14': 0.9611247329052071, 'lag_15': 0.2253757355497863, 'lag_16': 0.8757590779374957, 'lag_17': 0.3412662350369403, 'lag_18': 0.7711982368021472, 'lag_19': 0.6599724309309659, 'lag_20': 0.0016645291122336925, 'lag_21': 0.637650120533019, 'lag_22': 0.2939430924733397, 'lag_23': 0.8070090744035897, 'lag_24': 0.34540621405574284, 'lag_25': 0.5081831879847631, 'lag_26': 0.07236046866491094, 'lag_27': 0.8343832560031297, 'lag_28': 0.5127586450296532}. Best is trial 34 with value: 0.0053505542652776536.
[I 2025-09-29 12:52:33,503] Trial 55 finished with value: 0.006805947562749004 and parameters: {'lag_0': 0.6571064539549415, 'lag_1': 0.7874578233393366, 'lag_2': 0.15091041921043138, 'lag_3': 0.5322846866310038, 'lag_4': 0.23106567823494528, 'lag_5': 0.7322244723109717, 'lag_6': 0.4573608340758588, 'lag_7': 0.4636949842831599, 'lag_8': 0.5020573324362205, 'lag_9': 0.8115938971790564, 'lag_10': 0.5607492186108365, 'lag_11': 0.9127819824527981, 'lag_12': 0.7686960266074676, 'lag_13': 0.40833450387599723, 'lag_14': 0.664397483312735, 'lag_15': 0.07185425116324301, 'lag_16': 0.8002434955028986, 'lag_17': 0.14973698054052348, 'lag_18': 0.8264430402166993, 'lag_19': 0.602408612023186, 'lag_20': 0.7864999395897941, 'lag_21': 0.8107313349373076, 'lag_22': 0.46315388074563446, 'lag_23': 0.764788310744676, 'lag_24': 0.4813691475194197, 'lag_25': 0.3498349511144444, 'lag_26': 0.5896256608679673, 'lag_27': 0.7779487982183049, 'lag_28': 0.25705325287327574}. Best is trial 34 with value: 0.0053505542652776536.
[I 2025-09-29 12:52:35,999] Trial 56 finished with value: 0.007611480665483461 and parameters: {'lag_0': 0.8314426490439483, 'lag_1': 0.9656271755507084, 'lag_2': 0.03990239460738113, 'lag_3': 0.7516883021836707, 'lag_4': 0.6029415875902395, 'lag_5': 0.6302621497078561, 'lag_6': 0.56015607253448, 'lag_7': 0.27658896088273627, 'lag_8': 0.9166217682441604, 'lag_9': 0.8827968496689668, 'lag_10': 0.4424048455845163, 'lag_11': 0.34665563887473594, 'lag_12': 0.8210507306907566, 'lag_13': 0.5654067269497728, 'lag_14': 0.588824098941108, 'lag_15': 0.1492787836484714, 'lag_16': 0.9482570512816282, 'lag_17': 0.9514198547565094, 'lag_18': 0.9615548730668544, 'lag_19': 0.7057427768166861, 'lag_20': 0.8657110550220275, 'lag_21': 0.4750336307713846, 'lag_22': 0.5577138779492827, 'lag_23': 0.8462559749351435, 'lag_24': 0.2829815345975595, 'lag_25': 0.5715455973285731, 'lag_26': 0.5177881184516445, 'lag_27': 0.9873821670868217, 'lag_28': 0.9113376134081522}. Best is trial 34 with value: 0.0053505542652776536.
[I 2025-09-29 12:52:38,496] Trial 57 finished with value: 0.00604446094948764 and parameters: {'lag_0': 0.4731676466423283, 'lag_1': 0.7439469991812082, 'lag_2': 0.22593310130179126, 'lag_3': 0.6693822400228079, 'lag_4': 0.3822053908184164, 'lag_5': 0.816985037859223, 'lag_6': 0.6800207701099186, 'lag_7': 0.0782574938907485, 'lag_8': 0.08580909456983371, 'lag_9': 0.26764083570516134, 'lag_10': 0.41572150575057853, 'lag_11': 0.2679684465808489, 'lag_12': 0.7168630937056613, 'lag_13': 0.44947178025233675, 'lag_14': 0.7846873721379426, 'lag_15': 0.5460511000807483, 'lag_16': 0.5413924066410611, 'lag_17': 0.4486877751557388, 'lag_18': 0.6911901023830173, 'lag_19': 0.44229178947943903, 'lag_20': 0.12414628972407604, 'lag_21': 0.04407485331677177, 'lag_22': 0.27478409057356645, 'lag_23': 0.5837129202440291, 'lag_24': 0.5707567525586366, 'lag_25': 0.6307593356309713, 'lag_26': 0.6395468565877576, 'lag_27': 0.7103111058179978, 'lag_28': 0.28551166252409754}. Best is trial 34 with value: 0.0053505542652776536.
[I 2025-09-29 12:52:40,999] Trial 58 finished with value: 0.007227374798507762 and parameters: {'lag_0': 0.5741046830815587, 'lag_1': 0.8736354383057556, 'lag_2': 0.0046355454665650535, 'lag_3': 0.9834382531035959, 'lag_4': 0.4799288468140402, 'lag_5': 0.6889152638846496, 'lag_6': 0.8852506375918273, 'lag_7': 0.13788722374158477, 'lag_8': 0.1968287596991961, 'lag_9': 0.10885147199327877, 'lag_10': 0.3609316059555864, 'lag_11': 0.12086725658343567, 'lag_12': 0.9448609695610571, 'lag_13': 0.3731367589500044, 'lag_14': 0.883492220100831, 'lag_15': 0.6013613498124557, 'lag_16': 0.8391827917610695, 'lag_17': 0.22924757682813857, 'lag_18': 0.5032807986167441, 'lag_19': 0.8612731478550011, 'lag_20': 0.6061476823245942, 'lag_21': 0.11933933366203586, 'lag_22': 0.14593721692885303, 'lag_23': 0.9107165528529108, 'lag_24': 0.20915873948132105, 'lag_25': 0.30514747203211856, 'lag_26': 0.18996920573652998, 'lag_27': 0.9042372521253762, 'lag_28': 0.3353001518918227}. Best is trial 34 with value: 0.0053505542652776536.
[I 2025-09-29 12:52:43,496] Trial 59 finished with value: 0.007440112948314379 and parameters: {'lag_0': 0.924777834542341, 'lag_1': 0.6482379746076643, 'lag_2': 0.16729712352335985, 'lag_3': 0.37017242845512044, 'lag_4': 0.5370601247858422, 'lag_5': 0.31183892420733705, 'lag_6': 0.40351234129644953, 'lag_7': 0.25128494493506015, 'lag_8': 0.28278242898228484, 'lag_9': 0.6711492925674971, 'lag_10': 0.6814055688072198, 'lag_11': 0.39872005041137815, 'lag_12': 0.3911505839677304, 'lag_13': 0.2912606655231509, 'lag_14': 0.2794516098763937, 'lag_15': 0.36058106455732586, 'lag_16': 0.9970002484023638, 'lag_17': 0.6639590383842652, 'lag_18': 0.5845601922406687, 'lag_19': 0.5236168262057926, 'lag_20': 0.15078115594970637, 'lag_21': 0.5826949187884292, 'lag_22': 0.4475470007165153, 'lag_23': 0.284938699497829, 'lag_24': 0.9120225427899297, 'lag_25': 0.486035534042803, 'lag_26': 0.008289160410278718, 'lag_27': 0.4929472255793249, 'lag_28': 0.5828060834127426}. Best is trial 34 with value: 0.0053505542652776536.
[I 2025-09-29 12:52:45,993] Trial 60 finished with value: 0.0076594508837065315 and parameters: {'lag_0': 0.9559940803713984, 'lag_1': 0.7091971700755128, 'lag_2': 0.41841710475539096, 'lag_3': 0.05118571279300593, 'lag_4': 0.7326903715282735, 'lag_5': 0.772897081032805, 'lag_6': 0.5203124229082435, 'lag_7': 0.3394210366267869, 'lag_8': 0.599508102356154, 'lag_9': 0.3125173523476794, 'lag_10': 0.5087084466152242, 'lag_11': 0.19112133794144293, 'lag_12': 0.31894781572249375, 'lag_13': 0.6642689869391405, 'lag_14': 0.43848711192546336, 'lag_15': 0.3015591362383073, 'lag_16': 0.6173799854809213, 'lag_17': 0.5867257223474153, 'lag_18': 0.745081006308198, 'lag_19': 0.9631645863615614, 'lag_20': 0.04571947290094146, 'lag_21': 0.24908782031715174, 'lag_22': 0.9908846964094844, 'lag_23': 0.6753644504423866, 'lag_24': 0.7077273848046703, 'lag_25': 0.4270608124837545, 'lag_26': 0.46679733001447166, 'lag_27': 0.54897449461303, 'lag_28': 0.001353329798017805}. Best is trial 34 with value: 0.0053505542652776536.
