[I 2025-09-29 13:19:47,802] Trial 40 finished with value: 0.0033919806364464773 and parameters: {'lag_0': 0.6400344980550877, 'lag_1': 0.4334208006926763, 'lag_2': 0.9420468912008344, 'lag_3': 0.16371539677564811, 'lag_4': 0.9210731570050616, 'lag_5': 0.010461337912909097, 'lag_6': 0.6715289764264457, 'lag_7': 0.5713166243367492, 'lag_8': 0.5316183887063199, 'lag_9': 0.34154306871713164, 'lag_10': 0.274438435281696, 'lag_11': 0.8474100243918591, 'lag_12': 0.49898509556166704, 'lag_13': 0.16506944675377305, 'lag_14': 0.5212017449516084, 'lag_15': 0.5351306029768685, 'lag_16': 0.40771324646563645, 'lag_17': 0.17707322263455894, 'lag_18': 0.668744172302876, 'lag_19': 0.7636055981922114, 'lag_20': 0.5131064801989603, 'lag_21': 0.374902989795784, 'lag_22': 0.27468151394855533, 'lag_23': 0.6488168941718425, 'lag_24': 0.13135683466217235, 'lag_25': 0.8139189918733969, 'lag_26': 0.769020675727778, 'lag_27': 0.45444563428538765, 'lag_28': 0.7944828364614818}. Best is trial 9 with value: 0.003126438554467495.
[I 2025-09-29 13:19:50,272] Trial 41 finished with value: 0.003140729963577648 and parameters: {'lag_0': 0.7375710114361479, 'lag_1': 0.09206209771818209, 'lag_2': 0.14590700864280062, 'lag_3': 0.4686439376253085, 'lag_4': 0.48811556062596867, 'lag_5': 0.6922442874344471, 'lag_6': 0.989701210439227, 'lag_7': 0.7920850664214157, 'lag_8': 0.45817717548132775, 'lag_9': 0.18340267940110577, 'lag_10': 0.4303991087832982, 'lag_11': 0.5864307886233704, 'lag_12': 0.04673807965017075, 'lag_13': 0.08548437582025536, 'lag_14': 0.058093624027512614, 'lag_15': 0.26677988276900155, 'lag_16': 0.13244520560703588, 'lag_17': 0.6407147107757704, 'lag_18': 0.6159470341039412, 'lag_19': 0.8643929783180547, 'lag_20': 0.6801765227548782, 'lag_21': 0.6233565139735008, 'lag_22': 0.8700759924523118, 'lag_23': 0.4401798405914079, 'lag_24': 0.5688144280387359, 'lag_25': 0.8268658353996103, 'lag_26': 0.08223533399890544, 'lag_27': 0.9434939289045232, 'lag_28': 0.5595788787975413}. Best is trial 9 with value: 0.003126438554467495.
[I 2025-09-29 13:19:52,743] Trial 42 finished with value: 0.003563614588654041 and parameters: {'lag_0': 0.7396938135335477, 'lag_1': 0.060340547648894335, 'lag_2': 0.22009626900566087, 'lag_3': 0.5190308958920856, 'lag_4': 0.3682575592239911, 'lag_5': 0.5084758227770353, 'lag_6': 0.9989655881722865, 'lag_7': 0.7680877054455956, 'lag_8': 0.4767508570327926, 'lag_9': 0.21101138717813828, 'lag_10': 0.44493801443881603, 'lag_11': 0.4567025504893526, 'lag_12': 0.18946053050088074, 'lag_13': 0.03977925469208945, 'lag_14': 0.06776452858902096, 'lag_15': 0.2467015515171971, 'lag_16': 0.11946421037270805, 'lag_17': 0.6478455175637148, 'lag_18': 0.5163720125924627, 'lag_19': 0.9117685376405519, 'lag_20': 0.48183258095948034, 'lag_21': 0.7749329744619291, 'lag_22': 0.8260788429681933, 'lag_23': 0.46333272308818557, 'lag_24': 0.4635754782960212, 'lag_25': 0.7551184778040237, 'lag_26': 0.06113126435240823, 'lag_27': 0.9380509240764145, 'lag_28': 0.5531393589633525}. Best is trial 9 with value: 0.003126438554467495.
[I 2025-09-29 13:19:55,215] Trial 43 finished with value: 0.0033560609401022596 and parameters: {'lag_0': 0.5962776204736341, 'lag_1': 0.1693732150376097, 'lag_2': 0.08160302498440114, 'lag_3': 0.5816037949178865, 'lag_4': 0.5174828630579343, 'lag_5': 0.6678909127379884, 'lag_6': 0.007356977427589673, 'lag_7': 0.6556315104629452, 'lag_8': 0.3234720563201366, 'lag_9': 0.16347375016281754, 'lag_10': 0.5141749123669777, 'lag_11': 0.3296073313060884, 'lag_12': 0.06643444250662509, 'lag_13': 0.09420120456179717, 'lag_14': 0.16053439048977944, 'lag_15': 0.38961903767954575, 'lag_16': 0.20512180514479725, 'lag_17': 0.6970640893226369, 'lag_18': 0.7440519821945473, 'lag_19': 0.9706776108422551, 'lag_20': 0.652051153027473, 'lag_21': 0.6235406498224106, 'lag_22': 0.9473117418912937, 'lag_23': 0.5803409389318172, 'lag_24': 0.7447001221153076, 'lag_25': 0.6969373826258758, 'lag_26': 0.17477697680375082, 'lag_27': 0.8453836213146706, 'lag_28': 0.47763708062506777}. Best is trial 9 with value: 0.003126438554467495.
[I 2025-09-29 13:19:57,680] Trial 44 finished with value: 0.0032588400847580177 and parameters: {'lag_0': 0.7685909052521526, 'lag_1': 0.28124552022633553, 'lag_2': 0.1629947243967773, 'lag_3': 0.39082916027747017, 'lag_4': 0.2575098677172458, 'lag_5': 0.7739239347516197, 'lag_6': 0.9244043455579343, 'lag_7': 0.7091088029452816, 'lag_8': 0.2445056147972195, 'lag_9': 0.24499082973773306, 'lag_10': 0.4296135094387578, 'lag_11': 0.5091681020101779, 'lag_12': 0.16097243008756995, 'lag_13': 0.00733391169819006, 'lag_14': 0.23944187567049316, 'lag_15': 0.35764378060195867, 'lag_16': 0.6983587528306836, 'lag_17': 0.7906827596524779, 'lag_18': 0.6050865292641777, 'lag_19': 0.8616772303769022, 'lag_20': 0.5899420974341385, 'lag_21': 0.7062954656977593, 'lag_22': 0.8381977633384131, 'lag_23': 0.3750223158942428, 'lag_24': 0.6454320834460654, 'lag_25': 0.5794443113368364, 'lag_26': 0.2778387508952544, 'lag_27': 0.5934533510295121, 'lag_28': 0.6595345993542561}. Best is trial 9 with value: 0.003126438554467495.
[I 2025-09-29 13:20:00,143] Trial 45 finished with value: 0.00336405293632333 and parameters: {'lag_0': 0.8397294867523607, 'lag_1': 0.0015699638822939954, 'lag_2': 0.9958852347404485, 'lag_3': 0.6417597899875648, 'lag_4': 0.17886241879362985, 'lag_5': 0.594604203064789, 'lag_6': 0.9562712972162103, 'lag_7': 0.8954349688587177, 'lag_8': 0.3996958733159178, 'lag_9': 0.4316426863986994, 'lag_10': 0.47747957332911706, 'lag_11': 0.6871207388967063, 'lag_12': 0.2740276888064374, 'lag_13': 0.29738045077664893, 'lag_14': 0.08194763033864594, 'lag_15': 0.11425509675976041, 'lag_16': 0.5660691166154972, 'lag_17': 0.8953342927917374, 'lag_18': 0.06709279057653478, 'lag_19': 0.46005615060575383, 'lag_20': 0.7070170884526976, 'lag_21': 0.9207260825087736, 'lag_22': 0.7203093877063443, 'lag_23': 0.19716094199687328, 'lag_24': 0.535414447668997, 'lag_25': 0.8262686949638254, 'lag_26': 0.4776679219834434, 'lag_27': 0.9981592994729827, 'lag_28': 0.5535466287004565}. Best is trial 9 with value: 0.003126438554467495.
[I 2025-09-29 13:20:02,606] Trial 46 finished with value: 0.003553566189930471 and parameters: {'lag_0': 0.4531922002881538, 'lag_1': 0.33247190564917223, 'lag_2': 0.05477008006734277, 'lag_3': 0.5196662442438382, 'lag_4': 0.5932933076020642, 'lag_5': 0.7495121331488567, 'lag_6': 0.8397853815289335, 'lag_7': 0.724100921802787, 'lag_8': 0.5458976367586067, 'lag_9': 0.3204694571043295, 'lag_10': 0.3219498286556295, 'lag_11': 0.2822730966767408, 'lag_12': 0.36847173278711925, 'lag_13': 0.26854734827785764, 'lag_14': 0.19124311784984976, 'lag_15': 0.19201156481957776, 'lag_16': 0.07750656296343639, 'lag_17': 0.471930089409156, 'lag_18': 0.9367023873917895, 'lag_19': 0.7896545740683147, 'lag_20': 0.7857289107463503, 'lag_21': 0.8355838211103765, 'lag_22': 0.9559069410917186, 'lag_23': 0.7185482044004886, 'lag_24': 0.48103804655951615, 'lag_25': 0.9080323562086645, 'lag_26': 0.0009398504226325144, 'lag_27': 0.7476499219380187, 'lag_28': 0.7522555643522848}. Best is trial 9 with value: 0.003126438554467495.
[I 2025-09-29 13:20:05,079] Trial 47 finished with value: 0.0033054616629583644 and parameters: {'lag_0': 0.5203519087516753, 'lag_1': 0.2359361189786876, 'lag_2': 0.799068375128221, 'lag_3': 0.33921091461090447, 'lag_4': 0.6728675706229573, 'lag_5': 0.6472456940856456, 'lag_6': 0.9779515355149079, 'lag_7': 0.5265924266890204, 'lag_8': 0.6411822079935, 'lag_9': 0.0865715671979839, 'lag_10': 0.559386416998664, 'lag_11': 0.37457025284634005, 'lag_12': 0.6940288361877324, 'lag_13': 0.15800184958054714, 'lag_14': 0.25634852627794036, 'lag_15': 0.2756350400596133, 'lag_16': 0.21680571210733954, 'lag_17': 0.5648388858919894, 'lag_18': 0.40285109631711546, 'lag_19': 0.570157404757438, 'lag_20': 0.17035794059796017, 'lag_21': 0.9735240545673528, 'lag_22': 0.6019194518625037, 'lag_23': 0.532590520699052, 'lag_24': 0.5603129866114842, 'lag_25': 0.297257483383943, 'lag_26': 0.05961406567713656, 'lag_27': 0.8082173643337022, 'lag_28': 0.6369436397652843}. Best is trial 9 with value: 0.003126438554467495.
[I 2025-09-29 13:20:07,544] Trial 48 finished with value: 0.0030732978870720556 and parameters: {'lag_0': 0.6563501086357243, 'lag_1': 0.11619812795151063, 'lag_2': 0.41703097968594804, 'lag_3': 0.8933904435998677, 'lag_4': 0.4929082562080921, 'lag_5': 0.8713049985138624, 'lag_6': 0.788223361452575, 'lag_7': 0.9614003515384996, 'lag_8': 0.3479117427126983, 'lag_9': 0.14361259038961216, 'lag_10': 0.6640933816386563, 'lag_11': 0.10548328606439072, 'lag_12': 0.09286543313436238, 'lag_13': 0.20218741350470146, 'lag_14': 0.46958961954354034, 'lag_15': 0.08417719702656615, 'lag_16': 0.3606453671116349, 'lag_17': 0.04130580628404984, 'lag_18': 0.1336903686270008, 'lag_19': 0.7247165822612665, 'lag_20': 0.24479998172296055, 'lag_21': 0.1081247957553399, 'lag_22': 0.6651711545898193, 'lag_23': 0.30286157128932134, 'lag_24': 0.4233672820398896, 'lag_25': 0.06788962426545928, 'lag_26': 0.2025644549108871, 'lag_27': 0.9492357858240231, 'lag_28': 0.24211686981105046}. Best is trial 48 with value: 0.0030732978870720556.
[I 2025-09-29 13:20:10,033] Trial 49 finished with value: 0.003556882865805337 and parameters: {'lag_0': 0.28797763263093673, 'lag_1': 0.08378763721140073, 'lag_2': 0.41954715231802864, 'lag_3': 0.9269531863828792, 'lag_4': 0.7095948260537868, 'lag_5': 0.9601755938263983, 'lag_6': 0.7904872844511256, 'lag_7': 0.9264547179375081, 'lag_8': 0.34307091923629973, 'lag_9': 0.645155723500905, 'lag_10': 0.6961900130669678, 'lag_11': 0.07390167098132555, 'lag_12': 0.08298688456812153, 'lag_13': 0.09239771006973228, 'lag_14': 0.4707772312582319, 'lag_15': 0.06083334914010809, 'lag_16': 0.3630551175367783, 'lag_17': 0.10436526823089286, 'lag_18': 0.1349319422426099, 'lag_19': 0.6354459397483749, 'lag_20': 0.23363413827753393, 'lag_21': 0.10495779972915195, 'lag_22': 0.4067439918771267, 'lag_23': 0.29468194264540637, 'lag_24': 0.42669699611310513, 'lag_25': 0.07060216903702808, 'lag_26': 0.2103568617134281, 'lag_27': 0.9592501396702395, 'lag_28': 0.0026906959777288075}. Best is trial 48 with value: 0.0030732978870720556.
[I 2025-09-29 13:20:12,507] Trial 50 finished with value: 0.0035855756680330877 and parameters: {'lag_0': 0.8403056107571033, 'lag_1': 0.04632223768653883, 'lag_2': 0.486701635755065, 'lag_3': 0.976322030941292, 'lag_4': 0.4999369414660242, 'lag_5': 0.8616043973204661, 'lag_6': 0.8940378410660091, 'lag_7': 0.9993831909422874, 'lag_8': 0.2791012243684211, 'lag_9': 0.16700874586158707, 'lag_10': 0.896211831966338, 'lag_11': 0.003082675996466222, 'lag_12': 0.12204037847046148, 'lag_13': 0.21767299763947834, 'lag_14': 0.6068603656737419, 'lag_15': 0.14636622675783834, 'lag_16': 0.4517443172587608, 'lag_17': 0.12728371396923754, 'lag_18': 0.022248004022736217, 'lag_19': 0.49039603921290337, 'lag_20': 0.30531858263832945, 'lag_21': 0.39732407753157906, 'lag_22': 0.6638326902643913, 'lag_23': 0.49499035420273635, 'lag_24': 0.7038232695195502, 'lag_25': 0.14752507181916846, 'lag_26': 0.2555716432346018, 'lag_27': 0.26204668313858437, 'lag_28': 0.09384603589919456}. Best is trial 48 with value: 0.0030732978870720556.
[I 2025-09-29 13:20:14,980] Trial 51 finished with value: 0.0034872232888422685 and parameters: {'lag_0': 0.7224657030594781, 'lag_1': 0.12831570890736888, 'lag_2': 0.5305930148791397, 'lag_3': 0.8865230350020915, 'lag_4': 0.4203768265300143, 'lag_5': 0.8037377226375821, 'lag_6': 0.7128115979649057, 'lag_7': 0.7937941658544613, 'lag_8': 0.4063118355299173, 'lag_9': 0.05953347605673971, 'lag_10': 0.6608879921476156, 'lag_11': 0.1276426321977313, 'lag_12': 0.012775073054165566, 'lag_13': 0.20535120511224048, 'lag_14': 0.5335420200374753, 'lag_15': 0.4481225514081338, 'lag_16': 0.2796682512368192, 'lag_17': 0.016946829674891854, 'lag_18': 0.21751878932900304, 'lag_19': 0.7259710519181168, 'lag_20': 0.10351261686779387, 'lag_21': 0.06421762490161798, 'lag_22': 0.7784538625760846, 'lag_23': 0.2412472827132553, 'lag_24': 0.4179789828356466, 'lag_25': 0.07441242227219308, 'lag_26': 0.04803410520518327, 'lag_27': 0.9465473116159561, 'lag_28': 0.23901482578303246}. Best is trial 48 with value: 0.0030732978870720556.
[I 2025-09-29 13:20:17,458] Trial 52 finished with value: 0.0035465940861058947 and parameters: {'lag_0': 0.6654272987417518, 'lag_1': 0.19583217649644533, 'lag_2': 0.6106815862343842, 'lag_3': 0.8034194273686561, 'lag_4': 0.34191396202010665, 'lag_5': 0.7038321958032578, 'lag_6': 0.7556107817476821, 'lag_7': 0.86359311334627, 'lag_8': 0.497100209241836, 'lag_9': 0.15082974097606267, 'lag_10': 0.4336931091092774, 'lag_11': 0.2300901635708099, 'lag_12': 0.5945661892406128, 'lag_13': 0.15086691023636897, 'lag_14': 0.11920650082911563, 'lag_15': 0.2386428504902555, 'lag_16': 0.17465080760766893, 'lag_17': 0.7156322713231009, 'lag_18': 0.34830576386867806, 'lag_19': 0.8534953332645707, 'lag_20': 0.3436433096319762, 'lag_21': 0.2715350912823399, 'lag_22': 0.8614377016483671, 'lag_23': 0.3458138165820535, 'lag_24': 0.31707542012750517, 'lag_25': 0.13493583357574257, 'lag_26': 0.15264403531202259, 'lag_27': 0.8700990109878189, 'lag_28': 0.15526526731728785}. Best is trial 48 with value: 0.0030732978870720556.
[I 2025-09-29 13:20:19,930] Trial 53 finished with value: 0.0032635152901975633 and parameters: {'lag_0': 0.5748787266320972, 'lag_1': 0.11981986582506443, 'lag_2': 0.4125862753069876, 'lag_3': 0.7267913350469919, 'lag_4': 0.47103591197379685, 'lag_5': 0.9525244751314003, 'lag_6': 0.8375528943005381, 'lag_7': 0.9739972172456067, 'lag_8': 0.4159720556441372, 'lag_9': 0.24319056040117148, 'lag_10': 0.47936782003821826, 'lag_11': 0.4311259468979243, 'lag_12': 0.24161024361855588, 'lag_13': 0.036957051927636944, 'lag_14': 0.46457758640369556, 'lag_15': 0.0457473138474484, 'lag_16': 0.24709425292218287, 'lag_17': 0.656376750327433, 'lag_18': 0.6842749218579223, 'lag_19': 0.93653037946508, 'lag_20': 0.04087534437709656, 'lag_21': 0.2005248537782342, 'lag_22': 0.6729688723805733, 'lag_23': 0.4090469472388742, 'lag_24': 0.4981519830413098, 'lag_25': 0.238360494523047, 'lag_26': 0.09275880627653618, 'lag_27': 0.7561718983028272, 'lag_28': 0.38891118108987976}. Best is trial 48 with value: 0.0030732978870720556.
[I 2025-09-29 13:20:22,407] Trial 54 finished with value: 0.0035842009992239077 and parameters: {'lag_0': 0.6630706544068812, 'lag_1': 0.22609188763670884, 'lag_2': 0.2681306535360035, 'lag_3': 0.4439836783024571, 'lag_4': 0.30102011774493453, 'lag_5': 0.5645142133553385, 'lag_6': 0.2837730147844791, 'lag_7': 0.5959970161480139, 'lag_8': 0.148551273728925, 'lag_9': 0.36010389894949923, 'lag_10': 0.7658152539469059, 'lag_11': 0.5489481816365999, 'lag_12': 0.908197907993737, 'lag_13': 0.24939501935729824, 'lag_14': 0.05917081269284887, 'lag_15': 0.339452094828296, 'lag_16': 0.31019762834341397, 'lag_17': 0.8211059389833627, 'lag_18': 0.959725006778355, 'lag_19': 0.7385664611025832, 'lag_20': 0.42703140831995634, 'lag_21': 0.7518064955046169, 'lag_22': 0.7994365944449081, 'lag_23': 0.45530679390515466, 'lag_24': 0.6195759599926937, 'lag_25': 0.7845911246698196, 'lag_26': 0.43031376649384456, 'lag_27': 0.8363094168790419, 'lag_28': 0.30042046754329665}. Best is trial 48 with value: 0.0030732978870720556.
[I 2025-09-29 13:20:25,000] Trial 55 finished with value: 0.0035608978290841303 and parameters: {'lag_0': 0.7884219349933616, 'lag_1': 0.3169575440070114, 'lag_2': 0.3490142993263419, 'lag_3': 0.8668207741726706, 'lag_4': 0.5782915563839119, 'lag_5': 0.6918224723102978, 'lag_6': 0.6361832562110477, 'lag_7': 0.6529057747469176, 'lag_8': 0.2929206641558536, 'lag_9': 0.12000971680017399, 'lag_10': 0.23922820258471006, 'lag_11': 0.10216863091284689, 'lag_12': 0.7695582216525978, 'lag_13': 0.3340365872053556, 'lag_14': 0.18766710412673773, 'lag_15': 0.5007622318091565, 'lag_16': 0.12206096589204757, 'lag_17': 0.7549353890250898, 'lag_18': 0.8477263291262606, 'lag_19': 0.8898214578343845, 'lag_20': 0.24276275464504637, 'lag_21': 0.802781300560202, 'lag_22': 0.17509432952363785, 'lag_23': 0.3624827233659269, 'lag_24': 0.5555990695925453, 'lag_25': 0.04955770596560609, 'lag_26': 0.19656730601943953, 'lag_27': 0.6726257595280791, 'lag_28': 0.4660623922410422}. Best is trial 48 with value: 0.0030732978870720556.
[I 2025-09-29 13:20:27,475] Trial 56 finished with value: 0.0033883405780754114 and parameters: {'lag_0': 0.6142895793627539, 'lag_1': 0.3936938630070412, 'lag_2': 0.12684845534565128, 'lag_3': 0.6637816404916714, 'lag_4': 0.37321324710910453, 'lag_5': 0.6314483253895926, 'lag_6': 0.871295471578664, 'lag_7': 0.44979425455465166, 'lag_8': 0.4504392295109227, 'lag_9': 0.5010768130685739, 'lag_10': 0.5523165498578562, 'lag_11': 0.4808785776120045, 'lag_12': 0.641001192725667, 'lag_13': 0.11458983097153358, 'lag_14': 0.7525102956719435, 'lag_15': 0.006644038641668515, 'lag_16': 0.04859338766934135, 'lag_17': 0.5149456740384762, 'lag_18': 0.5075431201747367, 'lag_19': 0.3634840396924503, 'lag_20': 0.1110524067771399, 'lag_21': 0.5266212109847206, 'lag_22': 0.6009821548694592, 'lag_23': 0.30286083774032246, 'lag_24': 0.5993609507955187, 'lag_25': 0.007707187894182371, 'lag_26': 0.10221721371878956, 'lag_27': 0.911555030509188, 'lag_28': 0.04242866458111064}. Best is trial 48 with value: 0.0030732978870720556.
[I 2025-09-29 13:20:29,946] Trial 57 finished with value: 0.003431101292890322 and parameters: {'lag_0': 0.9109226315580539, 'lag_1': 0.15572732993222452, 'lag_2': 0.19257945237248186, 'lag_3': 0.9433376130777111, 'lag_4': 0.5194480179473138, 'lag_5': 0.7729936691789109, 'lag_6': 0.16425869727576614, 'lag_7': 0.23082617346856477, 'lag_8': 0.3372679515764646, 'lag_9': 0.29759158848891, 'lag_10': 0.373713831696232, 'lag_11': 0.6574332225666862, 'lag_12': 0.05552214020015345, 'lag_13': 0.07557415255393157, 'lag_14': 0.34698622671070545, 'lag_15': 0.37149465901062556, 'lag_16': 0.5945394464887276, 'lag_17': 0.6311573656236088, 'lag_18': 0.7671787410393665, 'lag_19': 0.8362806507955991, 'lag_20': 0.17265925411746647, 'lag_21': 0.18274143325033892, 'lag_22': 0.7451077912379239, 'lag_23': 0.2153834234183026, 'lag_24': 0.37710593045558494, 'lag_25': 0.205995944101715, 'lag_26': 0.6527791959951277, 'lag_27': 0.9594983769802785, 'lag_28': 0.17182598002609423}. Best is trial 48 with value: 0.0030732978870720556.
[I 2025-09-29 13:20:32,422] Trial 58 finished with value: 0.003252942451477539 and parameters: {'lag_0': 0.7089797913281628, 'lag_1': 0.03291184195629783, 'lag_2': 0.07253457563307925, 'lag_3': 0.56099273080661, 'lag_4': 0.8842621504169057, 'lag_5': 0.8523101967746548, 'lag_6': 0.8074819900451903, 'lag_7': 0.38105965948328024, 'lag_8': 0.5498069860108845, 'lag_9': 0.9899511049031087, 'lag_10': 0.600661455696841, 'lag_11': 0.6213196896599923, 'lag_12': 0.45246131299634806, 'lag_13': 0.19049749214132625, 'lag_14': 0.5563143767035543, 'lag_15': 0.8419542424271238, 'lag_16': 0.7367173417070983, 'lag_17': 0.43883226722943064, 'lag_18': 0.8846649287915621, 'lag_19': 0.7836615621795837, 'lag_20': 0.26394763274831556, 'lag_21': 0.6347477715224566, 'lag_22': 0.8506790244215987, 'lag_23': 0.10561180311015234, 'lag_24': 0.48705040836322044, 'lag_25': 0.862698404483359, 'lag_26': 0.034075977028132656, 'lag_27': 0.892637509250467, 'lag_28': 0.216269489266041}. Best is trial 48 with value: 0.0030732978870720556.
[I 2025-09-29 13:20:34,898] Trial 59 finished with value: 0.0036854723615464013 and parameters: {'lag_0': 0.8240265686523076, 'lag_1': 0.46703507603378674, 'lag_2': 0.1388151555230214, 'lag_3': 0.8008266478207338, 'lag_4': 0.9888180453924958, 'lag_5': 0.7210578788442294, 'lag_6': 0.4667007748635511, 'lag_7': 0.9477585142125444, 'lag_8': 0.23407500506935736, 'lag_9': 0.40813329547849114, 'lag_10': 0.4033938086077823, 'lag_11': 0.32365216304874456, 'lag_12': 0.0019386351529985107, 'lag_13': 0.5708154824718835, 'lag_14': 0.29857557049732414, 'lag_15': 0.221576490935, 'lag_16': 0.8195264541154219, 'lag_17': 0.5845921190372416, 'lag_18': 0.6499549348915143, 'lag_19': 0.6678819462529907, 'lag_20': 0.45813445231990957, 'lag_21': 0.8906183703295393, 'lag_22': 0.9143664877510269, 'lag_23': 0.15521692437715517, 'lag_24': 0.7884687822866635, 'lag_25': 0.6199779642077172, 'lag_26': 0.1321316843407686, 'lag_27': 0.7172222321977471, 'lag_28': 0.09944881884383423}. Best is trial 48 with value: 0.0030732978870720556.
[I 2025-09-29 13:20:37,381] Trial 60 finished with value: 0.0030748499081538383 and parameters: {'lag_0': 0.7620580026408237, 'lag_1': 0.09163428710797354, 'lag_2': 0.378065696719026, 'lag_3': 0.5016115173179952, 'lag_4': 0.45013054752430387, 'lag_5': 0.47540627799325175, 'lag_6': 0.5338236329347745, 'lag_7': 0.7955191278600382, 'lag_8': 0.37913292031068113, 'lag_9': 0.2292825776906178, 'lag_10': 0.49527829477174723, 'lag_11': 0.3995691141727087, 'lag_12': 0.3201534728217825, 'lag_13': 0.0023600498961493382, 'lag_14': 0.05100127061460073, 'lag_15': 0.2879042971665821, 'lag_16': 0.43653643709606393, 'lag_17': 0.06909990403746008, 'lag_18': 0.15643140764644015, 'lag_19': 0.9979108175740369, 'lag_20': 0.6303173216958169, 'lag_21': 0.7349549502772433, 'lag_22': 0.5214002667165315, 'lag_23': 0.9435554559646169, 'lag_24': 0.27147779888440104, 'lag_25': 0.7332075459420824, 'lag_26': 0.2330621683502765, 'lag_27': 0.7819353741975882, 'lag_28': 0.5679222490613635}. Best is trial 48 with value: 0.0030732978870720556.
