[I 2025-10-03 11:35:37,622] Trial 3 finished with values: [0.00078125, 0.0016416387920424429, 0.002886702183498871, 0.003311999873405034, 0.0012764599324953316, 0.0011722997393375522, 0.0002906571685341862, 0.0007456037289550855, 0.000351642823021528, 0.0007053147504000014, 0.0005607044701393786, 0.003224185854189098, 0.002877539321811949, 0.02365360073539477, 0.0, 0.046744086424062144, 4.787617298582347e-05, 0.0006146341172724023, 0.0016371909156167497, 0.0021812238314581683, 0.0010497055143249589, 4.2383518959326484e-05, 1.6906866023574722e-05, 0.0013911253808801, 0.0016719297889658165, 0.00013384561890112583, 0.00019199069009558382, 0.00025736998565960815, 0.00015856680872888528] and parameters: {'lag_0': 0.603179388737284, 'lag_1': 0.7663117035875913, 'lag_2': 0.7785691314586851, 'lag_3': 0.5618574244073113, 'lag_4': 0.13939679779472827, 'lag_5': 0.9124606757253239, 'lag_6': 0.8331330705160007, 'lag_7': 0.924652198143415, 'lag_8': 0.5201641460605778, 'lag_9': 0.615720973094967, 'lag_10': 0.5914191375909379, 'lag_11': 0.013935530957990423, 'lag_12': 0.618445336278615, 'lag_13': 0.22757454023674792, 'lag_14': 0.7161397207863498, 'lag_15': 0.8547010414567063, 'lag_16': 0.6284208162014462, 'lag_17': 0.22057201404030366, 'lag_18': 0.08609980701752394, 'lag_19': 0.4325638732096819, 'lag_20': 0.05771353270468763, 'lag_21': 0.04079769751355864, 'lag_22': 0.8250296758225968, 'lag_23': 0.9156304319167927, 'lag_24': 0.7666531275000389, 'lag_25': 0.4898317951360108, 'lag_26': 0.6530603716618602, 'lag_27': 0.3505987926740611, 'lag_28': 0.8888876565570754}.
[I 2025-10-03 11:35:40,269] Trial 4 finished with values: [0.02311111111111111, 0.0014939058789277123, 0.0002055486253025402, 0.0018023152856606836, 0.0018310501948951455, 0.0008467670849146219, 1.7746884712629284e-05, 0.0008325472027553788, 0.00036578638804729265, 0.0014712379549261187, 0.0007447387693748654, 0.0028557385111061123, 0.004671261795492985, 0.02153762406546676, 0.0, 0.05230759012039075, 0.00012244423485629734, 0.0009343925802629514, 0.001488510333746571, 0.002305933210754586, 0.001523366226962118, 3.7122543219909906e-05, 0.00012366652146805372, 0.0019493515481489281, 0.001073910682636684, 0.0003292342512746187, 0.0005692419840483561, 0.0002633245004741281, 0.0002459965969318198] and parameters: {'lag_0': 0.8382574876880832, 'lag_1': 0.7756299144231904, 'lag_2': 0.07697160380502313, 'lag_3': 0.92523334643587, 'lag_4': 0.16835490296728883, 'lag_5': 0.26886542780068934, 'lag_6': 0.5588196126823813, 'lag_7': 0.31588029647850063, 'lag_8': 0.8269816855434151, 'lag_9': 0.4799457405715677, 'lag_10': 0.6851160292114873, 'lag_11': 0.3857203927948931, 'lag_12': 0.9363169824505058, 'lag_13': 0.24630646909575, 'lag_14': 0.5707404045284931, 'lag_15': 0.646962734987525, 'lag_16': 0.4605788958506621, 'lag_17': 0.22335432869771044, 'lag_18': 0.9540679577002703, 'lag_19': 0.3563969921103754, 'lag_20': 0.200591734971646, 'lag_21': 0.556948062920003, 'lag_22': 0.47895139612133125, 'lag_23': 0.8883710508585317, 'lag_24': 0.6835696241566424, 'lag_25': 0.01446886668094676, 'lag_26': 0.6267757707045296, 'lag_27': 0.8294842469022667, 'lag_28': 0.6196568991951841}.
[I 2025-10-03 11:35:42,920] Trial 5 finished with values: [0.012861570247933884, 0.0011954401464890976, 5.433637745803716e-05, 0.001661582221294359, 0.0024971509674211953, 0.000382073800789321, 0.0002912966438672815, 0.0005527464685872109, 0.00023975997710283807, 0.0007351122664948633, 0.0008129614046500797, 0.002644820134464974, 0.003531729293318421, 0.023609308295859575, 0.0, 0.05475784654128496, 0.00023306966656606084, 0.0006781180855292843, 0.0018130059592231331, 0.002507596867085562, 0.0008565351494246399, 8.594898280077982e-05, 0.0001392855328267474, 0.0016880561308692363, 0.00118033886052404, 0.0003176829871200938, 0.00021550595535014503, 0.00010621619840946582, 0.0003767012780834497] and parameters: {'lag_0': 0.6980440035013864, 'lag_1': 0.771951353367472, 'lag_2': 0.12574952433620518, 'lag_3': 0.354374623797218, 'lag_4': 0.2654582745552909, 'lag_5': 0.829493360377503, 'lag_6': 0.04379365103171568, 'lag_7': 0.6375519169114083, 'lag_8': 0.2505136744937222, 'lag_9': 0.8977784597056965, 'lag_10': 0.44251484170615657, 'lag_11': 0.8102113685463554, 'lag_12': 0.4044410970102408, 'lag_13': 0.8409050887937002, 'lag_14': 0.09567758059181214, 'lag_15': 0.8977437423403477, 'lag_16': 0.522556932421208, 'lag_17': 0.4232816544361179, 'lag_18': 0.12470530060683382, 'lag_19': 0.7435556526652407, 'lag_20': 0.5636625710601286, 'lag_21': 0.7987110699323509, 'lag_22': 0.5912283810661656, 'lag_23': 0.269179786967145, 'lag_24': 0.4597578148703425, 'lag_25': 0.32467815145046525, 'lag_26': 0.9077356180313384, 'lag_27': 0.22973115225431442, 'lag_28': 0.37400095905982567}.
[I 2025-10-03 11:35:45,576] Trial 6 finished with values: [0.0, 0.002936487224480882, 0.0009374931620949725, 0.0032041142946809633, 0.0012978952438813406, 0.0002938130418811763, 0.0005757011329374403, 0.00038940916816026085, 0.0004268825598297908, 0.0006330213251727794, 0.0012270848790568488, 0.003130471804038336, 0.0040884822074748065, 0.02222307788756695, 0.0, 0.04435574677563852, 0.00048534946478521557, 0.0004686110768077248, 0.0016920549029874198, 0.0027980310952265388, 0.0011804668213324814, 3.3591059115546955e-05, 5.6594919013823884e-05, 0.001346288900499039, 0.001480018079852714, 0.00027697059825450613, 0.0002670396108891576, 0.0001242691091521806, 0.0003074327952617724] and parameters: {'lag_0': 0.42944649194432355, 'lag_1': 0.3191276170585788, 'lag_2': 0.47796806170234446, 'lag_3': 0.3254287204069018, 'lag_4': 0.5524731704983198, 'lag_5': 0.7463071182924615, 'lag_6': 0.13308176026874366, 'lag_7': 0.20508694961157148, 'lag_8': 0.15044065750191624, 'lag_9': 0.41061809082886186, 'lag_10': 0.178234283769985, 'lag_11': 0.06629261561417353, 'lag_12': 0.4512192374102206, 'lag_13': 0.5646026038273487, 'lag_14': 0.9838250553794686, 'lag_15': 0.6406569904511257, 'lag_16': 0.44092604984648426, 'lag_17': 0.8388236353718994, 'lag_18': 0.6480130626035332, 'lag_19': 0.6142456295681392, 'lag_20': 0.5895716479833109, 'lag_21': 0.9153107248478097, 'lag_22': 0.155387477328948, 'lag_23': 0.20019084040754356, 'lag_24': 0.8446749903877021, 'lag_25': 0.6946761593604237, 'lag_26': 0.3141670240070597, 'lag_27': 0.7666150394555173, 'lag_28': 0.16814467081910575}.
[I 2025-10-03 11:35:48,226] Trial 7 finished with values: [0.0, 0.00015710037398822212, 0.001611078480360409, 0.000992562459727913, 0.002983871637636192, 0.00033587554153263267, 0.00013055757179027453, 0.0008338683068438476, 0.00018990652542613616, 0.0013022102278408081, 0.0008491864052021473, 0.0027535450110310776, 0.002785106013359049, 0.0255959281837669, 0.0, 0.04469719955088175, 0.00011390143238310842, 0.0004945951068476312, 0.001866538396636733, 0.0022690403805437046, 0.0006543822212682569, 4.914585891884793e-05, 8.267890640420294e-05, 0.0017058080250126138, 0.0014405519694033, 0.0002394889587320963, 0.00034307360493190914, 0.0002519501799624186, 0.00040788623585142475] and parameters: {'lag_0': 0.8022016180555288, 'lag_1': 0.6153270697379996, 'lag_2': 0.27119008922800897, 'lag_3': 0.4169613978965691, 'lag_4': 0.49558554169180447, 'lag_5': 0.6274058822251416, 'lag_6': 0.3427709789715109, 'lag_7': 0.7887740035889528, 'lag_8': 0.7974263119638825, 'lag_9': 0.37036530961489966, 'lag_10': 0.8200004760697664, 'lag_11': 0.7673942674658398, 'lag_12': 0.70032803168054, 'lag_13': 0.7702066414726816, 'lag_14': 0.11150481907596124, 'lag_15': 0.889687637959954, 'lag_16': 0.862454705379607, 'lag_17': 0.9689973917960604, 'lag_18': 0.7614391113071699, 'lag_19': 0.010985115177447574, 'lag_20': 0.9778944412647219, 'lag_21': 0.4321673778329423, 'lag_22': 0.5357457172860537, 'lag_23': 0.4965639906442844, 'lag_24': 0.908449146335528, 'lag_25': 0.7216119877408754, 'lag_26': 0.7820626891838002, 'lag_27': 0.5442863230836525, 'lag_28': 0.4851438107804342}.
[I 2025-10-03 11:35:50,878] Trial 8 finished with values: [0.0036528925619834715, 0.0008611400161868425, 0.00034256444004268107, 0.0018081964637170714, 0.0021774604398439746, 0.0006165652860254081, 0.00038852040811990826, 0.0010803935987123083, 0.00018989342624830267, 0.000639156697691458, 0.0006762007978869699, 0.003230919609174039, 0.003581921520579906, 0.025316967372032095, 0.0, 0.04871572351304108, 0.0001232266692675988, 0.0007583375695387367, 0.0015872319109477128, 0.002297843841549265, 0.0016133978065535927, 7.788605300011976e-05, 0.00011332235050385115, 0.0016407192374852369, 0.0012308347984027212, 0.00027584279465230077, 0.00019641260947224462, 0.00012648034809370533, 0.0002672405986509372] and parameters: {'lag_0': 0.1631150496580308, 'lag_1': 0.32525214890697474, 'lag_2': 0.10520684739146734, 'lag_3': 0.09679997631338172, 'lag_4': 0.23654241249633176, 'lag_5': 0.8746024556359794, 'lag_6': 0.5324964070857235, 'lag_7': 0.041979676924516665, 'lag_8': 0.42287302237543306, 'lag_9': 0.40341593370907475, 'lag_10': 0.5595787342874197, 'lag_11': 0.47893978699508566, 'lag_12': 0.5272279429498999, 'lag_13': 0.7050714412771325, 'lag_14': 0.2799457627463891, 'lag_15': 0.6209120118358297, 'lag_16': 0.5040785892766385, 'lag_17': 0.6458180215043091, 'lag_18': 0.41237296757958564, 'lag_19': 0.48692212736034546, 'lag_20': 0.5679913082380765, 'lag_21': 0.5478246046809255, 'lag_22': 0.23422126465325196, 'lag_23': 0.9591744600331177, 'lag_24': 0.8623126924428302, 'lag_25': 0.631294127865566, 'lag_26': 0.5559648687426375, 'lag_27': 0.5493579737172072, 'lag_28': 0.18059728673838513}.
[I 2025-10-03 11:35:53,530] Trial 9 finished with values: [0.03434425058667483, 0.0025937565829253365, 0.0009763832107531255, 0.0020193641874749865, 0.002204755861604975, 0.0006759853301905566, 0.00042884870001550656, 0.000541357478320617, 0.0004032435542154867, 0.0009908527987944958, 0.001133003163603891, 0.00384400091382427, 0.003388649963187023, 0.025752580360028955, 0.0, 0.0442669669019708, 0.00021191601683624283, 0.0005382926318278894, 0.0017449088696552787, 0.0017051884957727987, 0.0011231182419139496, 8.00417727565612e-05, 0.00011798100686376807, 0.0010025429382365166, 0.0016004208378012693, 0.0005976221038941409, 0.00020384976468337964, 0.0003303652728440585, 0.0005191439212376723] and parameters: {'lag_0': 0.7848197637708383, 'lag_1': 0.5466472855533367, 'lag_2': 0.5965952504770595, 'lag_3': 0.509059022014176, 'lag_4': 0.7297878320272096, 'lag_5': 0.7643724373391879, 'lag_6': 0.9598495687579034, 'lag_7': 0.3711834151076909, 'lag_8': 0.3727873511189704, 'lag_9': 0.0153765986116947, 'lag_10': 0.4239718686201142, 'lag_11': 0.8949720494517514, 'lag_12': 0.6452137997089062, 'lag_13': 0.2700102823533355, 'lag_14': 0.41211123425925583, 'lag_15': 0.7885523279209856, 'lag_16': 0.16511905350187472, 'lag_17': 0.043345838722092335, 'lag_18': 0.9063202661904938, 'lag_19': 0.25389986934111564, 'lag_20': 0.5745772630262095, 'lag_21': 0.7002129921073507, 'lag_22': 0.9198190494351943, 'lag_23': 0.645153673931731, 'lag_24': 0.3052971857723788, 'lag_25': 0.5866287222975266, 'lag_26': 0.7043797355862498, 'lag_27': 0.9565211007817405, 'lag_28': 0.834372047804924}.
[I 2025-10-03 11:35:56,180] Trial 10 finished with values: [0.0, 0.0021567924327418483, 0.001281283044072426, 0.002273310210883627, 0.0016267123675448524, 0.0008410323237820323, 9.2812169342931e-05, 0.0003064616733798425, 0.0001683915114392216, 0.0010798047000646336, 0.0016890078465940032, 0.004318841463835414, 0.0031129857323541838, 0.023358326873639694, 0.0, 0.05250215221798395, 0.0001564259125493962, 0.0006524394148144143, 0.0013993074143460842, 0.0027257957280961186, 0.0012051195527013972, 9.866818684579036e-05, 3.0446906058416818e-05, 0.001404998323423627, 0.00152796900526951, 0.00019201112736448996, 9.490811059915963e-05, 0.0003276213085714692, 0.001257911622255848] and parameters: {'lag_0': 0.6436306167810739, 'lag_1': 0.23661756379781554, 'lag_2': 0.009594217234767633, 'lag_3': 0.9671922969047687, 'lag_4': 0.8174507657776359, 'lag_5': 0.21327774555635126, 'lag_6': 0.9579372830613487, 'lag_7': 0.6238519356958327, 'lag_8': 0.29286290873808635, 'lag_9': 0.06108485414322451, 'lag_10': 0.48092549641084803, 'lag_11': 0.4089245251901281, 'lag_12': 0.8593455811863878, 'lag_13': 0.5144596120237056, 'lag_14': 0.3148752157517787, 'lag_15': 0.5146287607689258, 'lag_16': 0.4505391951978636, 'lag_17': 0.0542624558677758, 'lag_18': 0.844901475970319, 'lag_19': 0.9512846223452383, 'lag_20': 0.2521819886212465, 'lag_21': 0.20809008300262044, 'lag_22': 0.6519761371919629, 'lag_23': 0.26797059804728585, 'lag_24': 0.323427931718387, 'lag_25': 0.3479861157276115, 'lag_26': 0.26571670281810883, 'lag_27': 0.15072163221402146, 'lag_28': 0.4093463817412777}.
[I 2025-10-03 11:35:58,820] Trial 11 finished with values: [0.0, 0.0011991131092026232, 0.00290787105551817, 0.0019783496205846027, 0.0020028547368055164, 0.00044837554980535504, 0.0004644651087466053, 0.0006043980162787251, 0.000733043515567179, 0.0008010501980960387, 0.0014907938051125116, 0.004342239926544594, 0.0033132800691047662, 0.024920028344676905, 0.0, 0.04444097251484397, 0.0005148243260082459, 0.000774668984364689, 0.0017681043510553243, 0.0022298230816947305, 0.001141363400821761, 4.77222534348993e-05, 4.2610724386996825e-05, 0.0016129027417803566, 0.0022672142706026584, 0.0005085304720909426, 0.0005163709812618424, 0.0004686310934071721, 0.0009423735874437332] and parameters: {'lag_0': 0.9613184562566444, 'lag_1': 0.8898901054436704, 'lag_2': 0.01463827565643655, 'lag_3': 0.355936650623438, 'lag_4': 0.35886372806086747, 'lag_5': 0.8059324651563323, 'lag_6': 0.27789576918454323, 'lag_7': 0.9671594054428935, 'lag_8': 0.03232100992699475, 'lag_9': 0.7919171181655867, 'lag_10': 0.33234442091119243, 'lag_11': 0.06438853270841828, 'lag_12': 0.326474210102186, 'lag_13': 0.5314360239121143, 'lag_14': 0.0639654066993666, 'lag_15': 0.9149189999348754, 'lag_16': 0.7288168160015236, 'lag_17': 0.055704947596707605, 'lag_18': 0.7368055304356873, 'lag_19': 0.6814347375787531, 'lag_20': 0.08472242424705304, 'lag_21': 0.8170938593288014, 'lag_22': 0.6462933302739196, 'lag_23': 0.8227273805088552, 'lag_24': 0.656846581306392, 'lag_25': 0.7862442489721656, 'lag_26': 0.9474751873705899, 'lag_27': 0.24895388728038975, 'lag_28': 0.22123405297022639}.
[I 2025-10-03 11:36:01,469] Trial 12 finished with values: [0.005555555555555555, 0.0019009029838027627, 0.0003468447602630914, 0.000843798358595713, 0.0011756724368458722, 0.0002480031179593135, 0.0005829708319890194, 0.00024108024718271902, 0.00045933156811122955, 0.000927849680001025, 0.0009445085657588693, 0.0033017699850484473, 0.003768671919054921, 0.02435898497468389, 0.0, 0.04738985530831566, 4.776493254418286e-05, 0.00033610938052007597, 0.0014029906331027243, 0.001984162217627867, 0.0011971049500152091, 8.401111805996479e-05, 4.9144838426685544e-05, 0.0014485843539839758, 0.0015696182741229824, 0.0006099213319141837, 0.0004261731486030502, 0.00023870643937860548, 0.0005827717262344388] and parameters: {'lag_0': 0.1519944021799435, 'lag_1': 0.5449305971328502, 'lag_2': 0.7342854620310556, 'lag_3': 0.17440994698672857, 'lag_4': 0.2162885799713074, 'lag_5': 0.7726551137699857, 'lag_6': 0.8085947839663361, 'lag_7': 0.02150915043566242, 'lag_8': 0.3055229472571589, 'lag_9': 0.5365077425802983, 'lag_10': 0.5207153444549986, 'lag_11': 0.6451266589125251, 'lag_12': 0.18066655195288278, 'lag_13': 0.3428092129630755, 'lag_14': 0.038083251002230076, 'lag_15': 0.6271580779221504, 'lag_16': 0.5415253064801073, 'lag_17': 0.24564657554630553, 'lag_18': 0.8444734064321721, 'lag_19': 0.8083028304850592, 'lag_20': 0.6689423068039162, 'lag_21': 0.2412653769237632, 'lag_22': 0.6730533049784294, 'lag_23': 0.42520126900183836, 'lag_24': 0.2644377744117008, 'lag_25': 0.6893577371881043, 'lag_26': 0.36244154695149905, 'lag_27': 0.7581779021012982, 'lag_28': 0.7344785737140227}.
[I 2025-10-03 11:36:04,283] Trial 13 finished with values: [0.0030204081632653063, 0.001407575255901001, 0.00042469622718982193, 0.0006747904323785167, 0.003160543467907466, 0.0002053387585768912, 0.00023479003663242026, 0.0004432734279307815, 6.109548019972356e-05, 0.0009395369672365131, 0.0011092104905829204, 0.002701506086931745, 0.004274122850629112, 0.0253094456880123, 0.0, 0.04901493606021595, 0.00017104163275742098, 0.000383187196464113, 0.0015159905712696336, 0.0021117737907201594, 0.0015794936579056242, 5.78866142825557e-05, 6.505100638717768e-05, 0.001328357519270107, 0.001672463018970281, 0.00031479360077516644, 0.0001365933011844732, 0.00039143010555960496, 0.0008134235391514956] and parameters: {'lag_0': 0.1432607541548117, 'lag_1': 0.39670374506466416, 'lag_2': 0.8463377687397051, 'lag_3': 0.31102385132126215, 'lag_4': 0.4694786512865945, 'lag_5': 0.8953361899688926, 'lag_6': 0.8816277083717184, 'lag_7': 0.8480260343730929, 'lag_8': 0.9627514259229151, 'lag_9': 0.8827976831970549, 'lag_10': 0.7239312184955995, 'lag_11': 0.9412736442049963, 'lag_12': 0.936120869473324, 'lag_13': 0.5195864806641893, 'lag_14': 0.6258541679125981, 'lag_15': 0.29479584863764496, 'lag_16': 0.843048543473926, 'lag_17': 0.44557340117671995, 'lag_18': 0.8516733402547404, 'lag_19': 0.18227893501305964, 'lag_20': 0.9241065375288038, 'lag_21': 0.21201539296577585, 'lag_22': 0.6411096719817938, 'lag_23': 0.6376378228191046, 'lag_24': 0.36634150570976304, 'lag_25': 0.6085212758372351, 'lag_26': 0.4358257341226239, 'lag_27': 0.987060557931652, 'lag_28': 0.8406188709207773}.
[I 2025-10-03 11:36:06,942] Trial 14 finished with values: [0.0024691358024691358, 0.001107648651290195, 0.0006136776825816601, 0.0005854141145912645, 0.0012223057717793636, 0.0007627035055602999, 0.0006054950944505989, 0.0009821570256780994, 0.000392797754593878, 0.0009394046861363057, 0.0008904784007477955, 0.003088550364071611, 0.003387854776119316, 0.025771795241486862, 0.0, 0.04724550025961664, 8.501686148713182e-05, 0.0003392016096916217, 0.00190511640234327, 0.0019814817286800982, 0.0014828029215746643, 0.00010219246954030013, 3.5361989476393963e-05, 0.0016616437631001295, 0.0012277146347935135, 0.0004359192451697559, 0.00023981049076353698, 0.0002874240197010886, 0.0002533850894700884] and parameters: {'lag_0': 0.09123140952375079, 'lag_1': 0.25372012448193215, 'lag_2': 0.6341673260943246, 'lag_3': 0.2696530524342913, 'lag_4': 0.5988693396883779, 'lag_5': 0.8607247787542782, 'lag_6': 0.6553714392693663, 'lag_7': 0.6563755739248215, 'lag_8': 0.5348748920508994, 'lag_9': 0.1863828195266216, 'lag_10': 0.9416496159601557, 'lag_11': 0.18076290304486212, 'lag_12': 0.2894920911054166, 'lag_13': 0.6266228395099365, 'lag_14': 0.9911242794129302, 'lag_15': 0.10847270634460306, 'lag_16': 0.6818869770073005, 'lag_17': 0.5103324265058586, 'lag_18': 0.7416484523126149, 'lag_19': 0.9050957289283781, 'lag_20': 0.8417589206451268, 'lag_21': 0.79584904321597, 'lag_22': 0.2980920283683932, 'lag_23': 0.3475307831254328, 'lag_24': 0.3922373199553108, 'lag_25': 0.582403614673767, 'lag_26': 0.7088863084888756, 'lag_27': 0.9261421796538251, 'lag_28': 0.7979201129541558}.
[I 2025-10-03 11:36:09,597] Trial 15 finished with values: [0.011149691358024691, 0.0009171613214471446, 0.0007680281537462679, 0.0020565845555165626, 0.0005290666674194866, 0.000629921519312581, 0.0005862754154565173, 0.0009980941772392304, 7.4200303024083e-05, 0.00037190344172021957, 0.0015129716787880853, 0.005378110511455959, 0.003978554638627552, 0.02168704633345463, 0.0, 0.045778364353292814, 0.00014668371349774991, 0.000501979880751237, 0.0018615175417795334, 0.002215069344872765, 0.001100355398348467, 0.00010932250298422821, 0.00010041165103502354, 0.0013848953932702676, 0.0012728041114220352, 0.0001939529424359315, 0.0005078388635452923, 0.0003893396047579689, 0.00018871152701265283] and parameters: {'lag_0': 0.12748678810200662, 'lag_1': 0.25267757705800964, 'lag_2': 0.31460270446545996, 'lag_3': 0.3138871134120021, 'lag_4': 0.5839288984213736, 'lag_5': 0.5628504353552046, 'lag_6': 0.33712421425997, 'lag_7': 0.2144162351679385, 'lag_8': 0.8634755569770245, 'lag_9': 0.5237866385563363, 'lag_10': 0.8841388035255812, 'lag_11': 0.06366564739172217, 'lag_12': 0.9427465720450012, 'lag_13': 0.5872614065708203, 'lag_14': 0.6646190596717115, 'lag_15': 0.8043920415328468, 'lag_16': 0.6690079617736838, 'lag_17': 0.3045226163421002, 'lag_18': 0.8013725904635134, 'lag_19': 0.5912789021890958, 'lag_20': 0.40204568478200076, 'lag_21': 0.13479473132014733, 'lag_22': 0.3171432519760481, 'lag_23': 0.5148657965586046, 'lag_24': 0.23285175061058416, 'lag_25': 0.3454202952812805, 'lag_26': 0.4357599983872098, 'lag_27': 0.43195832692350605, 'lag_28': 0.4445143140359447}.
