[I 2025-09-29 13:22:24,749] Trial 3 finished with value: 0.010916847763339243 and parameters: {'lag_0': 0.6841287074405678, 'lag_1': 0.2945484358585439, 'lag_2': 0.6585776782716111, 'lag_3': 0.20588799133579042, 'lag_4': 0.8750184150568869, 'lag_5': 0.358590128758987, 'lag_6': 0.5261323655699272, 'lag_7': 0.3494399493933528, 'lag_8': 0.14904409823994144, 'lag_9': 0.3289150504854497, 'lag_10': 0.07824261760457676, 'lag_11': 0.5610946626714778, 'lag_12': 0.08770855219725082, 'lag_13': 0.4632561561672656, 'lag_14': 0.7589577175499493, 'lag_15': 0.49029099299179285, 'lag_16': 0.191523044083182, 'lag_17': 0.2293396130629848, 'lag_18': 0.4628540897026506, 'lag_19': 0.5540847298455208, 'lag_20': 0.5534245237039064, 'lag_21': 0.16971866453564693, 'lag_22': 0.5394012787054733, 'lag_23': 0.4682645800196054, 'lag_24': 0.9407663444445493, 'lag_25': 0.28822470119353644, 'lag_26': 0.46241436709173245, 'lag_27': 0.9445880441670251, 'lag_28': 0.5258808620345863}. Best is trial 3 with value: 0.010916847763339243.
[I 2025-09-29 13:22:27,180] Trial 4 finished with value: 0.011652148290140133 and parameters: {'lag_0': 0.9015048994536009, 'lag_1': 0.8600251607965091, 'lag_2': 0.06638763350183752, 'lag_3': 0.02393910321143086, 'lag_4': 0.30516743929779666, 'lag_5': 0.33525446849621243, 'lag_6': 0.3808216022270699, 'lag_7': 0.8901149470425234, 'lag_8': 0.1306796476377886, 'lag_9': 0.461363703802793, 'lag_10': 0.27884105263559217, 'lag_11': 0.3383544183977546, 'lag_12': 0.9463679814839375, 'lag_13': 0.8278677444634581, 'lag_14': 0.43394606250416445, 'lag_15': 0.744596082464124, 'lag_16': 0.1497711564392397, 'lag_17': 0.5251916508697035, 'lag_18': 0.3343889152158108, 'lag_19': 0.5279017372272694, 'lag_20': 0.6770807067216774, 'lag_21': 0.3200930895924043, 'lag_22': 0.7141814835872704, 'lag_23': 0.006287287611140838, 'lag_24': 0.8122629530292009, 'lag_25': 0.7390487431232525, 'lag_26': 0.42632828787227284, 'lag_27': 0.01983535865187787, 'lag_28': 0.804182114902503}. Best is trial 3 with value: 0.010916847763339243.
[I 2025-09-29 13:22:29,615] Trial 5 finished with value: 0.012537656831532688 and parameters: {'lag_0': 0.5225638923007145, 'lag_1': 0.1182754480999106, 'lag_2': 0.8882908109940209, 'lag_3': 0.8347237196832008, 'lag_4': 0.1342431791254228, 'lag_5': 0.15958644903891503, 'lag_6': 0.6010035449305764, 'lag_7': 0.306341624787972, 'lag_8': 0.10551197395365856, 'lag_9': 0.2803344408231363, 'lag_10': 0.8990524613367353, 'lag_11': 0.20993055487429374, 'lag_12': 0.5490164550366341, 'lag_13': 0.7681952822763127, 'lag_14': 0.9149155685464372, 'lag_15': 0.06610607580479863, 'lag_16': 0.9382514469441536, 'lag_17': 0.84688543872165, 'lag_18': 0.3691742417430322, 'lag_19': 0.28501218342410356, 'lag_20': 0.2203727598850105, 'lag_21': 0.4401625964568101, 'lag_22': 0.7371829820507328, 'lag_23': 0.8396531150017496, 'lag_24': 0.08569381261624509, 'lag_25': 0.8412506923112281, 'lag_26': 0.08310076465298599, 'lag_27': 0.9362289165470339, 'lag_28': 0.1756066755222462}. Best is trial 3 with value: 0.010916847763339243.
[I 2025-09-29 13:22:32,054] Trial 6 finished with value: 0.011777561624147725 and parameters: {'lag_0': 0.9328514850579311, 'lag_1': 0.02453926937557539, 'lag_2': 0.3090670933040896, 'lag_3': 0.812803065706423, 'lag_4': 0.6328352248394827, 'lag_5': 0.822450558161837, 'lag_6': 0.33930471669777895, 'lag_7': 0.9586696127979292, 'lag_8': 0.36563525507514283, 'lag_9': 0.3477915176044206, 'lag_10': 0.10268836473428619, 'lag_11': 0.424943444399599, 'lag_12': 0.3442795444619286, 'lag_13': 0.9595945260609047, 'lag_14': 0.07324236025904957, 'lag_15': 0.711460220719701, 'lag_16': 0.7871301519864774, 'lag_17': 0.6940211660301864, 'lag_18': 0.6373304777916792, 'lag_19': 0.5122400644275581, 'lag_20': 0.11055497346027783, 'lag_21': 0.6362039103603491, 'lag_22': 0.98439133880145, 'lag_23': 0.2981011961145523, 'lag_24': 0.21941001036324279, 'lag_25': 0.3412361352320392, 'lag_26': 0.12328300953990488, 'lag_27': 0.9847981869217786, 'lag_28': 0.7594843864529471}. Best is trial 3 with value: 0.010916847763339243.
[I 2025-09-29 13:22:34,484] Trial 7 finished with value: 0.011925388300017454 and parameters: {'lag_0': 0.4774652139835232, 'lag_1': 0.5565603750069714, 'lag_2': 0.8261204327555614, 'lag_3': 0.1098819208850437, 'lag_4': 0.10287567940613289, 'lag_5': 0.367758246030705, 'lag_6': 0.501539842890428, 'lag_7': 0.9197395536110804, 'lag_8': 0.6840104469832499, 'lag_9': 0.877527804473089, 'lag_10': 0.45783509413781065, 'lag_11': 0.9609122828052666, 'lag_12': 0.6343107344865165, 'lag_13': 0.8353417040511452, 'lag_14': 0.002100224752884872, 'lag_15': 0.5423560909566949, 'lag_16': 0.3840087033514309, 'lag_17': 0.7448533317061234, 'lag_18': 0.5583235130287847, 'lag_19': 0.9707842630436442, 'lag_20': 0.9910625145803159, 'lag_21': 0.338837602384756, 'lag_22': 0.8526961306853982, 'lag_23': 0.19653920793325624, 'lag_24': 0.8020686009541121, 'lag_25': 0.6254326433578252, 'lag_26': 0.3279859914265312, 'lag_27': 0.7370632796071237, 'lag_28': 0.902981943704767}. Best is trial 3 with value: 0.010916847763339243.
[I 2025-09-29 13:22:36,920] Trial 8 finished with value: 0.012220046911317523 and parameters: {'lag_0': 0.824618989994712, 'lag_1': 0.2857945334874767, 'lag_2': 0.554133523195353, 'lag_3': 0.8381309779896965, 'lag_4': 0.059977796518573004, 'lag_5': 0.27178879341436757, 'lag_6': 0.9879981890299374, 'lag_7': 0.44533280979253087, 'lag_8': 0.012319491568049646, 'lag_9': 0.7441350481234414, 'lag_10': 0.09606290381572125, 'lag_11': 0.2400202527254442, 'lag_12': 0.1314143592552544, 'lag_13': 0.2351291003792723, 'lag_14': 0.6018666242266564, 'lag_15': 0.7811159249020577, 'lag_16': 0.3749604200938521, 'lag_17': 0.9692465378512009, 'lag_18': 0.9123722441168205, 'lag_19': 0.09710196693361474, 'lag_20': 0.41681922303012564, 'lag_21': 0.10673806630577035, 'lag_22': 0.03372484302319914, 'lag_23': 0.09878951028872936, 'lag_24': 0.1956737408010908, 'lag_25': 0.20399452354022019, 'lag_26': 0.22576504580150536, 'lag_27': 0.4848762800032593, 'lag_28': 0.23937801449789387}. Best is trial 3 with value: 0.010916847763339243.
[I 2025-09-29 13:22:39,343] Trial 9 finished with value: 0.01300902570395438 and parameters: {'lag_0': 0.04802495853981144, 'lag_1': 0.14509574296604033, 'lag_2': 0.03621161713780262, 'lag_3': 0.7503943530944914, 'lag_4': 0.7832914727970488, 'lag_5': 0.087726616714923, 'lag_6': 0.1773761147129973, 'lag_7': 0.4630139566359712, 'lag_8': 0.9387513397034769, 'lag_9': 0.7505344415296585, 'lag_10': 0.5581732140835379, 'lag_11': 0.7117263155770539, 'lag_12': 0.10060406533386229, 'lag_13': 0.5647165262635101, 'lag_14': 0.06071756952231479, 'lag_15': 0.9962713366584235, 'lag_16': 0.11774091332057876, 'lag_17': 0.35349710321713124, 'lag_18': 0.6050153362852929, 'lag_19': 0.8515614619454976, 'lag_20': 0.1673237566438963, 'lag_21': 0.712553676074297, 'lag_22': 0.6966723485799405, 'lag_23': 0.19830510673738877, 'lag_24': 0.4349445085720704, 'lag_25': 0.420350127124039, 'lag_26': 0.12087876942603051, 'lag_27': 0.6040178573262482, 'lag_28': 0.040786574219143966}. Best is trial 3 with value: 0.010916847763339243.
[I 2025-09-29 13:22:41,826] Trial 10 finished with value: 0.012362899066020437 and parameters: {'lag_0': 0.244459546315343, 'lag_1': 0.3528433380760994, 'lag_2': 0.6204420741496026, 'lag_3': 0.26097872686799933, 'lag_4': 0.9848532709640877, 'lag_5': 0.5613559311833599, 'lag_6': 0.008551095082370341, 'lag_7': 0.012749176569482323, 'lag_8': 0.3149720092405709, 'lag_9': 0.054923581796092524, 'lag_10': 0.0017415757267368326, 'lag_11': 0.652096382486314, 'lag_12': 0.7664033530758074, 'lag_13': 0.020637414517297448, 'lag_14': 0.6771161883195709, 'lag_15': 0.30809041749260224, 'lag_16': 0.6311829940417479, 'lag_17': 0.1727384121194106, 'lag_18': 0.05877490750252884, 'lag_19': 0.2828505999667807, 'lag_20': 0.542024202093163, 'lag_21': 0.9488690230563741, 'lag_22': 0.4273310178150439, 'lag_23': 0.5216932068371731, 'lag_24': 0.9967107454881379, 'lag_25': 0.10438189044574814, 'lag_26': 0.6396150752847924, 'lag_27': 0.1662614565919347, 'lag_28': 0.4378431743323878}. Best is trial 3 with value: 0.010916847763339243.
[I 2025-09-29 13:22:44,304] Trial 11 finished with value: 0.011159456920999351 and parameters: {'lag_0': 0.6791240010054136, 'lag_1': 0.9527385290830289, 'lag_2': 0.37639051198517415, 'lag_3': 0.6083441040374409, 'lag_4': 0.992258123277854, 'lag_5': 0.6621973840839255, 'lag_6': 0.8832572933025878, 'lag_7': 0.6845954944441208, 'lag_8': 0.5761370888068742, 'lag_9': 0.10139092373348818, 'lag_10': 0.7365992519019091, 'lag_11': 0.92645694122764, 'lag_12': 0.3571276301410902, 'lag_13': 0.27211116863904133, 'lag_14': 0.44132678680123943, 'lag_15': 0.9895975360854133, 'lag_16': 0.5857492141604268, 'lag_17': 0.02537094895397094, 'lag_18': 0.12687870262346185, 'lag_19': 0.995755750962394, 'lag_20': 0.714375774957313, 'lag_21': 0.13979489677944973, 'lag_22': 0.5925726238035106, 'lag_23': 0.5891603607295819, 'lag_24': 0.6621552188284154, 'lag_25': 0.5479765874267586, 'lag_26': 0.9029352032886034, 'lag_27': 0.2825367849433654, 'lag_28': 0.6046570085615907}. Best is trial 3 with value: 0.010916847763339243.
[I 2025-09-29 13:22:46,780] Trial 12 finished with value: 0.011650770269960376 and parameters: {'lag_0': 0.6891185042043778, 'lag_1': 0.6969203323630487, 'lag_2': 0.3735826611811624, 'lag_3': 0.6086341324672161, 'lag_4': 0.9958066597903403, 'lag_5': 0.9238391142224444, 'lag_6': 0.6805674641160411, 'lag_7': 0.6510505948351263, 'lag_8': 0.6612536120240224, 'lag_9': 0.003475988634855348, 'lag_10': 0.7428990966605837, 'lag_11': 0.02498654778940157, 'lag_12': 0.29571634893340065, 'lag_13': 0.35125158420926283, 'lag_14': 0.3295906040185683, 'lag_15': 0.2775066792767459, 'lag_16': 0.67262981045001, 'lag_17': 0.25425708956818865, 'lag_18': 0.06570372382338775, 'lag_19': 0.3421925933440507, 'lag_20': 0.6044860913441367, 'lag_21': 0.0063325302804317085, 'lag_22': 0.5657091764982077, 'lag_23': 0.6581957527891816, 'lag_24': 0.9720149306082455, 'lag_25': 0.6146942837464817, 'lag_26': 0.8875260153194985, 'lag_27': 0.25292360092538796, 'lag_28': 0.510407533283594}. Best is trial 3 with value: 0.010916847763339243.
[I 2025-09-29 13:22:49,263] Trial 13 finished with value: 0.011319581918178768 and parameters: {'lag_0': 0.6915136294351678, 'lag_1': 0.3755754307051392, 'lag_2': 0.7258833155356557, 'lag_3': 0.23166281728382404, 'lag_4': 0.8095181470175136, 'lag_5': 0.5699543559664877, 'lag_6': 0.8016034469301633, 'lag_7': 0.20234644127758034, 'lag_8': 0.3504694486230172, 'lag_9': 0.15245495480149834, 'lag_10': 0.7086539313962773, 'lag_11': 0.7752575495709993, 'lag_12': 0.2985020418497156, 'lag_13': 0.4075550653186527, 'lag_14': 0.7603397119336874, 'lag_15': 0.3818407236859758, 'lag_16': 0.6054130043187743, 'lag_17': 0.059417015600739295, 'lag_18': 0.1912598989338088, 'lag_19': 0.018277276411647225, 'lag_20': 0.42531563024246444, 'lag_21': 0.18856605804667542, 'lag_22': 0.32102462523882236, 'lag_23': 0.42974864129518076, 'lag_24': 0.596162029013122, 'lag_25': 0.3205784801047017, 'lag_26': 0.6050480123661165, 'lag_27': 0.7693805421179299, 'lag_28': 0.6354505338106624}. Best is trial 3 with value: 0.010916847763339243.
[I 2025-09-29 13:22:51,750] Trial 14 finished with value: 0.011713646927471354 and parameters: {'lag_0': 0.652017941469378, 'lag_1': 0.6680289795790049, 'lag_2': 0.43661447424819827, 'lag_3': 0.6168233637634194, 'lag_4': 0.5629101931489188, 'lag_5': 0.7341134586629801, 'lag_6': 0.9574513548682256, 'lag_7': 0.678616989395991, 'lag_8': 0.5274720223127017, 'lag_9': 0.4235188248627827, 'lag_10': 0.3238786843914525, 'lag_11': 0.583278567891799, 'lag_12': 0.017959734357382892, 'lag_13': 0.18513112030884188, 'lag_14': 0.4041749056564519, 'lag_15': 0.16156824378625678, 'lag_16': 0.2199566951470553, 'lag_17': 0.35161226359194336, 'lag_18': 0.7375599572530636, 'lag_19': 0.6497957197366993, 'lag_20': 0.9906758292158577, 'lag_21': 0.19157661742279086, 'lag_22': 0.542694594830581, 'lag_23': 0.6876190756013555, 'lag_24': 0.8250680795719867, 'lag_25': 0.5607227517447223, 'lag_26': 0.9680405701038409, 'lag_27': 0.2738267285401796, 'lag_28': 0.42563509180978465}. Best is trial 3 with value: 0.010916847763339243.
[I 2025-09-29 13:22:54,231] Trial 15 finished with value: 0.011766768136480078 and parameters: {'lag_0': 0.30621508907109685, 'lag_1': 0.971139229859243, 'lag_2': 0.6388893173824409, 'lag_3': 0.9623184804719085, 'lag_4': 0.8658539774576247, 'lag_5': 0.4589863920817762, 'lag_6': 0.5836429480629178, 'lag_7': 0.5621634535324143, 'lag_8': 0.23617587548924424, 'lag_9': 0.5914301250857178, 'lag_10': 0.7082512156212565, 'lag_11': 0.8229108499757174, 'lag_12': 0.0006373720564252783, 'lag_13': 0.032886232647692415, 'lag_14': 0.27640861997546984, 'lag_15': 0.6199532513557043, 'lag_16': 0.8153493485144203, 'lag_17': 0.18700717464330566, 'lag_18': 0.1877328635904968, 'lag_19': 0.9745690776400584, 'lag_20': 0.7758966116611129, 'lag_21': 0.018414514945507138, 'lag_22': 0.22248698353825092, 'lag_23': 0.9880482170449796, 'lag_24': 0.4248913976045291, 'lag_25': 0.2393511904885669, 'lag_26': 0.7190294468099341, 'lag_27': 0.7843393824692518, 'lag_28': 0.6765188699707172}. Best is trial 3 with value: 0.010916847763339243.
[I 2025-09-29 13:22:56,717] Trial 16 finished with value: 0.012885169241400773 and parameters: {'lag_0': 0.985686433278727, 'lag_1': 0.24101445477538525, 'lag_2': 0.5264429213462053, 'lag_3': 0.2944470263923288, 'lag_4': 0.6450092727190547, 'lag_5': 0.5019411879839654, 'lag_6': 0.4078452369262561, 'lag_7': 0.17294130847316144, 'lag_8': 0.7532463354967727, 'lag_9': 0.1432626350029277, 'lag_10': 0.38563411798648506, 'lag_11': 0.8626112295466078, 'lag_12': 0.4196780134631108, 'lag_13': 0.3218600147978763, 'lag_14': 0.5432837248774613, 'lag_15': 0.48118409423708997, 'lag_16': 0.2979959177667018, 'lag_17': 0.019033902071889625, 'lag_18': 0.7627834514933791, 'lag_19': 0.45113086493641674, 'lag_20': 0.6674822414710592, 'lag_21': 0.24966872903859413, 'lag_22': 0.5615084761756196, 'lag_23': 0.5203774368972918, 'lag_24': 0.6675875773927088, 'lag_25': 0.48634577342706853, 'lag_26': 0.5192408068238846, 'lag_27': 0.6222869808182319, 'lag_28': 0.516190923013749}. Best is trial 3 with value: 0.010916847763339243.
[I 2025-09-29 13:22:59,208] Trial 17 finished with value: 0.011487759969788972 and parameters: {'lag_0': 0.6211312825573815, 'lag_1': 0.7429103993979004, 'lag_2': 0.7510750445093388, 'lag_3': 0.6200915617567662, 'lag_4': 0.924589196791875, 'lag_5': 0.6648654949336265, 'lag_6': 0.6815570588882264, 'lag_7': 0.7566737172366759, 'lag_8': 0.45575984523744595, 'lag_9': 0.3280511804795084, 'lag_10': 0.24929240867706576, 'lag_11': 0.6101352196328715, 'lag_12': 0.24284362681025407, 'lag_13': 0.6829302024688535, 'lag_14': 0.7714963589774745, 'lag_15': 0.932936917562603, 'lag_16': 0.5131571753334223, 'lag_17': 0.3751883380170266, 'lag_18': 0.18991484519291385, 'lag_19': 0.7979582077913745, 'lag_20': 0.025704398433666786, 'lag_21': 0.11422561980284994, 'lag_22': 0.8418729619871075, 'lag_23': 0.350632996396839, 'lag_24': 0.9088534880959733, 'lag_25': 0.785222847285941, 'lag_26': 0.7797335447673084, 'lag_27': 0.29878897404849114, 'lag_28': 0.3421105219416688}. Best is trial 3 with value: 0.010916847763339243.
[I 2025-09-29 13:23:01,693] Trial 18 finished with value: 0.011353937884880953 and parameters: {'lag_0': 0.8090001948363097, 'lag_1': 0.4492834232251187, 'lag_2': 0.4214056976099507, 'lag_3': 0.4626572321790389, 'lag_4': 0.4457303305875998, 'lag_5': 0.9324164227193762, 'lag_6': 0.8711614276242086, 'lag_7': 0.562589295348398, 'lag_8': 0.8068667949902366, 'lag_9': 0.10920177244762974, 'lag_10': 0.838236785063464, 'lag_11': 0.46905032621295356, 'lag_12': 0.5830035227813111, 'lag_13': 0.4739194544600281, 'lag_14': 0.9847575036366047, 'lag_15': 0.8440078868914052, 'lag_16': 0.5356101055163078, 'lag_17': 0.14038217034787473, 'lag_18': 0.4787843934403342, 'lag_19': 0.173575474915869, 'lag_20': 0.8576436661940223, 'lag_21': 0.35054473945061204, 'lag_22': 0.352863125516901, 'lag_23': 0.7822516068457961, 'lag_24': 0.7111120927817204, 'lag_25': 0.6960110427428075, 'lag_26': 0.33132761237354214, 'lag_27': 0.06447450857820058, 'lag_28': 0.7872467682395812}. Best is trial 3 with value: 0.010916847763339243.
[I 2025-09-29 13:23:04,188] Trial 19 finished with value: 0.012289789190517191 and parameters: {'lag_0': 0.39173301424055207, 'lag_1': 0.787612481164271, 'lag_2': 0.3027443943065214, 'lag_3': 0.09386830486414921, 'lag_4': 0.7299922456335196, 'lag_5': 0.3980881511043645, 'lag_6': 0.508240017733004, 'lag_7': 0.33014037125061063, 'lag_8': 0.6169046040296252, 'lag_9': 0.2446702244952224, 'lag_10': 0.5801482368749663, 'lag_11': 0.7250049983079474, 'lag_12': 0.782194879528205, 'lag_13': 0.28819850597560387, 'lag_14': 0.22694345049341272, 'lag_15': 0.686992525914898, 'lag_16': 0.7387890774758009, 'lag_17': 0.2853645701815315, 'lag_18': 0.24092858856337535, 'lag_19': 0.6413729389014442, 'lag_20': 0.45708372787855844, 'lag_21': 0.9398380283480992, 'lag_22': 0.06511998088678811, 'lag_23': 0.5643751169629684, 'lag_24': 0.5125068390454628, 'lag_25': 0.9811031478656167, 'lag_26': 0.9929080269618317, 'lag_27': 0.8761005407370596, 'lag_28': 0.3592235148327351}. Best is trial 3 with value: 0.010916847763339243.
[I 2025-09-29 13:23:06,681] Trial 20 finished with value: 0.011931772104129944 and parameters: {'lag_0': 0.7385375683812534, 'lag_1': 0.5935916371501284, 'lag_2': 0.7151257168077165, 'lag_3': 0.17227241146967673, 'lag_4': 0.9232862163351115, 'lag_5': 0.2575247248321969, 'lag_6': 0.19712678954804724, 'lag_7': 0.7856242791694446, 'lag_8': 0.1997825016395597, 'lag_9': 0.6394381652686184, 'lag_10': 0.18552113893036593, 'lag_11': 0.9946293499770311, 'lag_12': 0.4275077263017537, 'lag_13': 0.6425613851414655, 'lag_14': 0.6493596713541805, 'lag_15': 0.21399886862504303, 'lag_16': 0.9154944092832671, 'lag_17': 0.44420408859392213, 'lag_18': 0.021174259456098965, 'lag_19': 0.415090814975212, 'lag_20': 0.3248341609052835, 'lag_21': 0.10587176578083135, 'lag_22': 0.607720276473909, 'lag_23': 0.4632665075313092, 'lag_24': 0.34710427230462226, 'lag_25': 0.18890823070279594, 'lag_26': 0.5490410669804409, 'lag_27': 0.6231056327101019, 'lag_28': 0.5745584384066095}. Best is trial 3 with value: 0.010916847763339243.
[I 2025-09-29 13:23:09,173] Trial 21 finished with value: 0.011896263134110702 and parameters: {'lag_0': 0.6182800172689159, 'lag_1': 0.4177643062712719, 'lag_2': 0.7417629471935937, 'lag_3': 0.23809395526614702, 'lag_4': 0.8455390192159122, 'lag_5': 0.5888083845744345, 'lag_6': 0.7902677164317333, 'lag_7': 0.17925406211649095, 'lag_8': 0.41989332630418974, 'lag_9': 0.18328359912139264, 'lag_10': 0.6940847456969143, 'lag_11': 0.7909783755119351, 'lag_12': 0.3022634859474324, 'lag_13': 0.4217954829617477, 'lag_14': 0.7693151904145032, 'lag_15': 0.4007759903329169, 'lag_16': 0.5992895218390207, 'lag_17': 0.10034041355767204, 'lag_18': 0.13622867217957524, 'lag_19': 0.09811359619433346, 'lag_20': 0.5337571400244767, 'lag_21': 0.21540485937520865, 'lag_22': 0.2827152005026555, 'lag_23': 0.40935040659016275, 'lag_24': 0.5472400229755605, 'lag_25': 0.316688191955142, 'lag_26': 0.5941498984113109, 'lag_27': 0.8133682386989782, 'lag_28': 0.6849908552374625}. Best is trial 3 with value: 0.010916847763339243.
[I 2025-09-29 13:23:11,670] Trial 22 finished with value: 0.011340783436819993 and parameters: {'lag_0': 0.7228594282502785, 'lag_1': 0.32639747365754557, 'lag_2': 0.6014689849662127, 'lag_3': 0.3906027490266648, 'lag_4': 0.8470005345173595, 'lag_5': 0.79041803348999, 'lag_6': 0.8413902402040856, 'lag_7': 0.19362493529342947, 'lag_8': 0.27456696911410267, 'lag_9': 0.38674841188537573, 'lag_10': 0.7486597452843624, 'lag_11': 0.7453936307655288, 'lag_12': 0.2374380830999817, 'lag_13': 0.3809096277525098, 'lag_14': 0.7596328865376668, 'lag_15': 0.32358628861129746, 'lag_16': 0.6991655123148885, 'lag_17': 0.04516699656721035, 'lag_18': 0.28585913131648577, 'lag_19': 0.01966728835630238, 'lag_20': 0.38337744298370996, 'lag_21': 0.15414962093206866, 'lag_22': 0.45143027625309334, 'lag_23': 0.29646032513472376, 'lag_24': 0.7010599631537386, 'lag_25': 0.32962426712386034, 'lag_26': 0.7822176429483714, 'lag_27': 0.6847597133905959, 'lag_28': 0.6009135486235118}. Best is trial 3 with value: 0.010916847763339243.
[I 2025-09-29 13:23:14,163] Trial 23 finished with value: 0.011763414800556862 and parameters: {'lag_0': 0.5666634696859707, 'lag_1': 0.19793216509559688, 'lag_2': 0.8250034103804466, 'lag_3': 0.0041966179981028084, 'lag_4': 0.6848777031062662, 'lag_5': 0.593570760805113, 'lag_6': 0.7102077152989463, 'lag_7': 0.049674899426588426, 'lag_8': 0.37137278549791786, 'lag_9': 0.06416186411423357, 'lag_10': 0.6290726803191954, 'lag_11': 0.88831204845287, 'lag_12': 0.36914145063603304, 'lag_13': 0.4218370858508656, 'lag_14': 0.48601771523593584, 'lag_15': 0.39335180800705816, 'lag_16': 0.5448316154470313, 'lag_17': 0.21206825156363426, 'lag_18': 0.14058686879134724, 'lag_19': 0.5656734698745122, 'lag_20': 0.6320031112364259, 'lag_21': 0.2815775279382193, 'lag_22': 0.3455804796151466, 'lag_23': 0.46420006795772745, 'lag_24': 0.5938122841291487, 'lag_25': 0.5011120217597975, 'lag_26': 0.42138151642188526, 'lag_27': 0.8807332582282796, 'lag_28': 0.6915851915095813}. Best is trial 3 with value: 0.010916847763339243.
