[I 2025-09-29 12:54:38,018] Trial 3 finished with value: 0.009290179664642392 and parameters: {'lag_0': 0.46520964909689916, 'lag_1': 0.25724043443941175, 'lag_2': 0.9288646480251291, 'lag_3': 0.47488121365709884, 'lag_4': 0.44674710722355854, 'lag_5': 0.8507710325550061, 'lag_6': 0.8070798927394386, 'lag_7': 0.4245998300921393, 'lag_8': 0.15882114614997225, 'lag_9': 0.09701458938010799, 'lag_10': 0.25650149927898025, 'lag_11': 0.6812080011853121, 'lag_12': 0.4531588998992981, 'lag_13': 0.9360435593371961, 'lag_14': 0.30264428609153154, 'lag_15': 0.5216937175567627, 'lag_16': 0.5010343887362751, 'lag_17': 0.6049722967471834, 'lag_18': 0.9996024061406437, 'lag_19': 0.07866421772531242, 'lag_20': 0.3755396953435982, 'lag_21': 0.6976409186058004, 'lag_22': 0.37088341460977065, 'lag_23': 0.830919441794143, 'lag_24': 0.4295212016534217, 'lag_25': 0.6932736588352186, 'lag_26': 0.9330370925981568, 'lag_27': 0.026929800315914527, 'lag_28': 0.39463293500958185}. Best is trial 0 with value: 0.008745055300535362.
[I 2025-09-29 12:54:40,626] Trial 4 finished with value: 0.00922994336670386 and parameters: {'lag_0': 0.5157251264068492, 'lag_1': 0.8679672048484696, 'lag_2': 0.7269250771538899, 'lag_3': 0.5143039506346799, 'lag_4': 0.6578651825424904, 'lag_5': 0.14661068706833746, 'lag_6': 0.7930108059432331, 'lag_7': 0.937817605645627, 'lag_8': 0.04576781196026713, 'lag_9': 0.27973044327393337, 'lag_10': 0.8863310091395378, 'lag_11': 0.27978615426788395, 'lag_12': 0.8287056902179492, 'lag_13': 0.9400526533016024, 'lag_14': 0.0013300040848021242, 'lag_15': 0.630093855152967, 'lag_16': 0.1642240813332407, 'lag_17': 0.9230386141786954, 'lag_18': 0.23785754954019972, 'lag_19': 0.9593606607074491, 'lag_20': 0.16418604650813542, 'lag_21': 0.5399988275092489, 'lag_22': 0.21974044177430188, 'lag_23': 0.11695641137728265, 'lag_24': 0.8912433820986897, 'lag_25': 0.632832504651895, 'lag_26': 0.30436003053984984, 'lag_27': 0.8031282382664932, 'lag_28': 0.45511793768272124}. Best is trial 0 with value: 0.008745055300535362.
[I 2025-09-29 12:54:43,098] Trial 5 finished with value: 0.009227249785948622 and parameters: {'lag_0': 0.3351090055486874, 'lag_1': 0.7431873122308051, 'lag_2': 0.8587222196264263, 'lag_3': 0.4371731772951323, 'lag_4': 0.01693112223729019, 'lag_5': 0.9036211135390045, 'lag_6': 0.18532716878241307, 'lag_7': 0.07293777974433964, 'lag_8': 0.5621480666947042, 'lag_9': 0.7133856004147776, 'lag_10': 0.5595808935186617, 'lag_11': 0.7529091110460879, 'lag_12': 0.453705675847811, 'lag_13': 0.2736409160580356, 'lag_14': 0.9585498901020678, 'lag_15': 0.5680414601848041, 'lag_16': 0.5760064355192562, 'lag_17': 0.398433199715798, 'lag_18': 0.044336565629075474, 'lag_19': 0.20809387268326734, 'lag_20': 0.7738902916697553, 'lag_21': 0.9707364139691795, 'lag_22': 0.9956231100373786, 'lag_23': 0.0257179062285407, 'lag_24': 0.2931757173578431, 'lag_25': 0.6244919758379948, 'lag_26': 0.23745411983853534, 'lag_27': 0.296776235888921, 'lag_28': 0.7413044786237225}. Best is trial 0 with value: 0.008745055300535362.
[I 2025-09-29 12:54:45,576] Trial 6 finished with value: 0.009543430394301413 and parameters: {'lag_0': 0.42976994958138126, 'lag_1': 0.8682122381495482, 'lag_2': 0.9509835260206866, 'lag_3': 0.19076096278890572, 'lag_4': 0.025765166065563925, 'lag_5': 0.1670074973590019, 'lag_6': 0.8608758104485394, 'lag_7': 0.289490281307629, 'lag_8': 0.8579870949113656, 'lag_9': 0.5801395988306982, 'lag_10': 0.05275771403466991, 'lag_11': 0.5364300315841104, 'lag_12': 0.46856100157069847, 'lag_13': 0.5166760226374784, 'lag_14': 0.9780321929227921, 'lag_15': 0.40309967292909965, 'lag_16': 0.9979767042364743, 'lag_17': 0.9973880515599044, 'lag_18': 0.17974049685625154, 'lag_19': 0.9790150486512506, 'lag_20': 0.09745186451713325, 'lag_21': 0.6743690136860805, 'lag_22': 0.672246489248166, 'lag_23': 0.5766509675882555, 'lag_24': 0.7481954056880049, 'lag_25': 0.8107686638913133, 'lag_26': 0.3144403681083585, 'lag_27': 0.8813904294422744, 'lag_28': 0.9885707764410083}. Best is trial 0 with value: 0.008745055300535362.
[I 2025-09-29 12:54:48,045] Trial 7 finished with value: 0.00958037810784772 and parameters: {'lag_0': 0.9092198672017753, 'lag_1': 0.90986054351667, 'lag_2': 0.8351305533215071, 'lag_3': 0.23372444207682566, 'lag_4': 0.1007280762902063, 'lag_5': 0.5066820226788586, 'lag_6': 0.9743668203422595, 'lag_7': 0.5903031019864353, 'lag_8': 0.1011496168387443, 'lag_9': 0.13118974400133573, 'lag_10': 0.8892241928826053, 'lag_11': 0.4015390012459924, 'lag_12': 0.08844155019304627, 'lag_13': 0.7856628852556506, 'lag_14': 0.9510955188959289, 'lag_15': 0.6474133604616903, 'lag_16': 0.581705719375317, 'lag_17': 0.07571976564835228, 'lag_18': 0.9329575043251801, 'lag_19': 0.2009820206837388, 'lag_20': 0.3144265052633127, 'lag_21': 0.02020700993338577, 'lag_22': 0.4455507531465563, 'lag_23': 0.6703237443108253, 'lag_24': 0.6673173784029982, 'lag_25': 0.718598516811682, 'lag_26': 0.33541243998755643, 'lag_27': 0.8249745793169788, 'lag_28': 0.279584430328051}. Best is trial 0 with value: 0.008745055300535362.
[I 2025-09-29 12:54:50,516] Trial 8 finished with value: 0.009075660373907848 and parameters: {'lag_0': 0.15820485414936641, 'lag_1': 0.2959584273048802, 'lag_2': 0.40528232870279424, 'lag_3': 0.343255706556232, 'lag_4': 0.4878160507861094, 'lag_5': 0.5180373227181609, 'lag_6': 0.9696104040509271, 'lag_7': 0.4003382381838375, 'lag_8': 0.9355740117065257, 'lag_9': 0.8417298950613422, 'lag_10': 0.5190360843360846, 'lag_11': 0.6272591630737707, 'lag_12': 0.034088300142834954, 'lag_13': 0.1750959658319706, 'lag_14': 0.7135321837919631, 'lag_15': 0.19601054895577807, 'lag_16': 0.6687375839713683, 'lag_17': 0.16093175345850347, 'lag_18': 0.7323919734607993, 'lag_19': 0.17563479394669199, 'lag_20': 0.8427399908505416, 'lag_21': 0.480996695928089, 'lag_22': 0.4606475183685727, 'lag_23': 0.09994004452666307, 'lag_24': 0.5203814616312387, 'lag_25': 0.053236324329828014, 'lag_26': 0.28116919341076246, 'lag_27': 0.5958270909829568, 'lag_28': 0.9302104500925257}. Best is trial 0 with value: 0.008745055300535362.
[I 2025-09-29 12:54:52,984] Trial 9 finished with value: 0.009895276574521914 and parameters: {'lag_0': 0.6466328178862928, 'lag_1': 0.6770496585618786, 'lag_2': 0.9066111853135593, 'lag_3': 0.7669739091990884, 'lag_4': 0.7855117130797317, 'lag_5': 0.3599142604375249, 'lag_6': 0.17759395611041687, 'lag_7': 0.3461567050742658, 'lag_8': 0.114353728692016, 'lag_9': 0.8837046996392057, 'lag_10': 0.10080815337270999, 'lag_11': 0.675366463963676, 'lag_12': 0.31031180506890177, 'lag_13': 0.7813812041999966, 'lag_14': 0.4212829658068101, 'lag_15': 0.7707607038203901, 'lag_16': 0.6685670791101214, 'lag_17': 0.08028797779995911, 'lag_18': 0.1651207554898991, 'lag_19': 0.6469055006718283, 'lag_20': 0.36976459342415274, 'lag_21': 0.3486725161133939, 'lag_22': 0.11045467339834271, 'lag_23': 0.5145620242778528, 'lag_24': 0.4483212179934152, 'lag_25': 0.041146946476709655, 'lag_26': 0.4885876933646732, 'lag_27': 0.006668836884440673, 'lag_28': 0.9077402718620536}. Best is trial 0 with value: 0.008745055300535362.
[I 2025-09-29 12:54:55,504] Trial 10 finished with value: 0.009791761926754627 and parameters: {'lag_0': 0.9666190871784823, 'lag_1': 0.05502351933415821, 'lag_2': 0.06495104530161633, 'lag_3': 0.042599678105189887, 'lag_4': 0.28646608074905366, 'lag_5': 0.013193494893088076, 'lag_6': 0.521728046417098, 'lag_7': 0.8127505640280775, 'lag_8': 0.37988323916914923, 'lag_9': 0.5561806392379098, 'lag_10': 0.2782969168428034, 'lag_11': 0.04659221708230177, 'lag_12': 0.9943881776330586, 'lag_13': 0.4493941768029172, 'lag_14': 0.6878979657339513, 'lag_15': 0.8665549774942019, 'lag_16': 0.8292106949753395, 'lag_17': 0.2825534208391307, 'lag_18': 0.4854838789841161, 'lag_19': 0.4033903926209575, 'lag_20': 0.9890926540494982, 'lag_21': 0.049857454665643064, 'lag_22': 0.011127797164023456, 'lag_23': 0.9013782778560652, 'lag_24': 0.9848859173016371, 'lag_25': 0.9802641591949768, 'lag_26': 0.004557632107491327, 'lag_27': 0.3862482356821383, 'lag_28': 0.00838917591949867}. Best is trial 0 with value: 0.008745055300535362.
[I 2025-09-29 12:54:58,033] Trial 11 finished with value: 0.009639684501469214 and parameters: {'lag_0': 0.13534483599632985, 'lag_1': 0.3371920050306443, 'lag_2': 0.4285268978419699, 'lag_3': 0.011898833195025951, 'lag_4': 0.9743341723348897, 'lag_5': 0.5768766568843815, 'lag_6': 0.5050983920139426, 'lag_7': 0.6302547963035093, 'lag_8': 0.9992021891495001, 'lag_9': 0.693822033570664, 'lag_10': 0.6934556769817581, 'lag_11': 0.16380387566850318, 'lag_12': 0.006706102981753004, 'lag_13': 0.017769985571600727, 'lag_14': 0.68344457136113, 'lag_15': 0.2723424233435342, 'lag_16': 0.3245646595348268, 'lag_17': 0.21284074342680145, 'lag_18': 0.6025472081531831, 'lag_19': 0.006072317231372915, 'lag_20': 0.6719919093021532, 'lag_21': 0.30778617340338144, 'lag_22': 0.2905805601219531, 'lag_23': 0.31783796441111073, 'lag_24': 0.6187353232283024, 'lag_25': 0.32475945241546533, 'lag_26': 0.5458923832707012, 'lag_27': 0.5947573007184029, 'lag_28': 0.17835963440032104}. Best is trial 0 with value: 0.008745055300535362.
[I 2025-09-29 12:55:00,553] Trial 12 finished with value: 0.009470417117045524 and parameters: {'lag_0': 0.24816707491203926, 'lag_1': 0.48675499525252164, 'lag_2': 0.4453546305859394, 'lag_3': 0.9480589726629566, 'lag_4': 0.3376710027520847, 'lag_5': 0.6529117170094684, 'lag_6': 0.3605436498379909, 'lag_7': 0.7477252938144127, 'lag_8': 0.7682745318251416, 'lag_9': 0.38036592239352535, 'lag_10': 0.2991413720164098, 'lag_11': 0.9884817367960853, 'lag_12': 0.21533948745333253, 'lag_13': 0.5021600982588874, 'lag_14': 0.7633084149175158, 'lag_15': 0.1327908136524616, 'lag_16': 0.7982093635967312, 'lag_17': 0.007324617074247142, 'lag_18': 0.5985482288633499, 'lag_19': 0.34759373996202886, 'lag_20': 0.9162812978478265, 'lag_21': 0.4888069857848854, 'lag_22': 0.5939131831810969, 'lag_23': 0.28284089791431016, 'lag_24': 0.2097613818717764, 'lag_25': 0.36678601471364713, 'lag_26': 0.051408463928222736, 'lag_27': 0.5633314036267683, 'lag_28': 0.6205307655434669}. Best is trial 0 with value: 0.008745055300535362.
2025-09-29 12:55:02,559 - distributed.worker - INFO - Stopping worker at tcp://192.168.86.108:41019. Reason: scheduler-remove-worker
2025-09-29 12:55:02,569 - distributed.nanny - INFO - Closing Nanny gracefully at 'tcp://192.168.86.108:39038'. Reason: scheduler-remove-worker
2025-09-29 12:55:02,571 - distributed.worker.state_machine - WARNING - Async instruction for <Task cancelled name='execute(optimize_subject-e0f34077-ede2-44e4-bc26-d38ace21f183)' coro=<Worker.execute() done, defined at /usr/global/miniconda/py310_23.1.0-1/envs/workshop_311/lib/python3.11/site-packages/distributed/worker_state_machine.py:3607>> ended with CancelledError
slurmstepd: error: *** JOB 3081186 ON node08 CANCELLED AT 2025-09-29T12:55:02 ***
