[I 2025-09-29 13:10:49,526] Trial 4 finished with value: 0.0034381698879010236 and parameters: {'lag_0': 0.03739033077443362, 'lag_1': 0.2293738144419199, 'lag_2': 0.9704118538924198, 'lag_3': 0.6703283550113018, 'lag_4': 0.681288963185481, 'lag_5': 0.9300769447033499, 'lag_6': 0.8166561104481518, 'lag_7': 0.14746762381726278, 'lag_8': 0.6466408636839519, 'lag_9': 0.1248043542523445, 'lag_10': 0.7907250670924695, 'lag_11': 0.6383545607935941, 'lag_12': 0.4722264728458081, 'lag_13': 0.767395730622084, 'lag_14': 0.28561380297795164, 'lag_15': 0.6009456089225429, 'lag_16': 0.30669308128663186, 'lag_17': 0.8817277159609175, 'lag_18': 0.527981154414085, 'lag_19': 0.54398359019116, 'lag_20': 0.20847948218038587, 'lag_21': 0.17230093199454818, 'lag_22': 0.028633764783487916, 'lag_23': 0.9320947768425804, 'lag_24': 0.12151467883078025, 'lag_25': 0.8953379242213328, 'lag_26': 0.7116740885517064, 'lag_27': 0.36601992038017855, 'lag_28': 0.9990954223422055}. Best is trial 0 with value: 0.0029568639448350046.
[I 2025-09-29 13:10:51,960] Trial 5 finished with value: 0.005693701455334108 and parameters: {'lag_0': 0.3722052704563141, 'lag_1': 0.13246577348563154, 'lag_2': 0.7860566040568606, 'lag_3': 0.40641366234268733, 'lag_4': 0.8277815404705658, 'lag_5': 0.2430678468490916, 'lag_6': 0.8442159324509785, 'lag_7': 0.30329400425592307, 'lag_8': 0.7097493923998177, 'lag_9': 0.2245135748714539, 'lag_10': 0.7400405559402874, 'lag_11': 0.937904700487903, 'lag_12': 0.3035180021910912, 'lag_13': 0.3520018193970949, 'lag_14': 0.5650859669187022, 'lag_15': 0.8993982719249782, 'lag_16': 0.9197804119546981, 'lag_17': 0.9856262852010295, 'lag_18': 0.5864524196121953, 'lag_19': 0.06185646282654455, 'lag_20': 0.9376785280208024, 'lag_21': 0.962715293218009, 'lag_22': 0.8605939082002066, 'lag_23': 0.3541972285574859, 'lag_24': 0.4084325973575649, 'lag_25': 0.4871293088339454, 'lag_26': 0.2796111415133273, 'lag_27': 0.899079307862849, 'lag_28': 0.396677362618123}. Best is trial 0 with value: 0.0029568639448350046.
[I 2025-09-29 13:10:54,385] Trial 6 finished with value: 0.0033596713014237617 and parameters: {'lag_0': 0.21991781184719628, 'lag_1': 0.18327945599950074, 'lag_2': 0.2735243965271566, 'lag_3': 0.002556543883043912, 'lag_4': 0.8984441950734862, 'lag_5': 0.7666022037388597, 'lag_6': 0.8681802655873702, 'lag_7': 0.07810872043825721, 'lag_8': 0.43236500242917214, 'lag_9': 0.722806473429391, 'lag_10': 0.09399586519284846, 'lag_11': 0.602299012318053, 'lag_12': 0.4179484979655958, 'lag_13': 0.5838435628305664, 'lag_14': 0.761298397206619, 'lag_15': 0.1908078557810474, 'lag_16': 0.2608352270129719, 'lag_17': 0.7700903707569337, 'lag_18': 0.22378960327989408, 'lag_19': 0.12406552037178084, 'lag_20': 0.6359741847862878, 'lag_21': 0.7626471872208347, 'lag_22': 0.15533763667958805, 'lag_23': 0.4511050882156975, 'lag_24': 0.36254342789298516, 'lag_25': 0.8916653955519032, 'lag_26': 0.13923995469017988, 'lag_27': 0.10352103228492444, 'lag_28': 0.830184131365544}. Best is trial 0 with value: 0.0029568639448350046.
[I 2025-09-29 13:10:56,813] Trial 7 finished with value: 0.003043887455819102 and parameters: {'lag_0': 0.596128722056967, 'lag_1': 0.22016370511544528, 'lag_2': 0.866082508248219, 'lag_3': 0.6144585908110984, 'lag_4': 0.19325657803575585, 'lag_5': 0.9897066490233714, 'lag_6': 0.34938425078635854, 'lag_7': 0.2376298909573855, 'lag_8': 0.4288427873239404, 'lag_9': 0.692740843561665, 'lag_10': 0.5502280500592026, 'lag_11': 0.2209132646809424, 'lag_12': 0.7968209286283313, 'lag_13': 0.7083581376469882, 'lag_14': 0.6755674983142437, 'lag_15': 0.6429035546515605, 'lag_16': 0.1400492445900774, 'lag_17': 0.1465524122751122, 'lag_18': 0.17709538042844022, 'lag_19': 0.8273986949988364, 'lag_20': 0.8842225011219258, 'lag_21': 0.42435559914481624, 'lag_22': 0.8375385437164434, 'lag_23': 0.676275365361398, 'lag_24': 0.06062324200606236, 'lag_25': 0.9706393584037335, 'lag_26': 0.44910375079094855, 'lag_27': 0.9568433763595219, 'lag_28': 0.7491835343076676}. Best is trial 0 with value: 0.0029568639448350046.
[I 2025-09-29 13:10:59,233] Trial 8 finished with value: 0.0037364488511740664 and parameters: {'lag_0': 0.7714470783694458, 'lag_1': 0.8586608661645144, 'lag_2': 0.5913649855770646, 'lag_3': 0.715858528526492, 'lag_4': 0.45469221442843233, 'lag_5': 0.6536736033903598, 'lag_6': 0.5024693586898222, 'lag_7': 0.3674598577110845, 'lag_8': 0.07836450267944273, 'lag_9': 0.9636847320080375, 'lag_10': 0.5832788106561739, 'lag_11': 0.7029643828038689, 'lag_12': 0.49495044920219505, 'lag_13': 0.13238404292591052, 'lag_14': 0.6849889827127417, 'lag_15': 0.9202395063321855, 'lag_16': 0.7120262172969263, 'lag_17': 0.10433389472062209, 'lag_18': 0.387037153623057, 'lag_19': 0.1896568723071795, 'lag_20': 0.05545739360277137, 'lag_21': 0.32207598126840253, 'lag_22': 0.6009479264717872, 'lag_23': 0.9968355598152814, 'lag_24': 0.3259311962138774, 'lag_25': 0.1852299407131926, 'lag_26': 0.2792902407485422, 'lag_27': 0.36872117926065945, 'lag_28': 0.7246716508507115}. Best is trial 0 with value: 0.0029568639448350046.
[I 2025-09-29 13:11:01,652] Trial 9 finished with value: 0.0043087245746508225 and parameters: {'lag_0': 0.7105162115263961, 'lag_1': 0.2788579692427018, 'lag_2': 0.41276750150279984, 'lag_3': 0.33468447043570143, 'lag_4': 0.894420706851837, 'lag_5': 0.17214866939679205, 'lag_6': 0.7223772300879366, 'lag_7': 0.5790401122251594, 'lag_8': 0.9041468555086671, 'lag_9': 0.6667575377135666, 'lag_10': 0.3165018695516619, 'lag_11': 0.2621914025320559, 'lag_12': 0.7700316330999261, 'lag_13': 0.767494513122679, 'lag_14': 0.6133975464050221, 'lag_15': 0.2976565066724874, 'lag_16': 0.3928637136779196, 'lag_17': 0.1916598001130115, 'lag_18': 0.7195114648048504, 'lag_19': 0.9096501653088448, 'lag_20': 0.8537793648348487, 'lag_21': 0.2785657987249105, 'lag_22': 0.040137083087637034, 'lag_23': 0.07209245985449651, 'lag_24': 0.49193000718098684, 'lag_25': 0.09463927429121262, 'lag_26': 0.41577259807011346, 'lag_27': 0.7733191890017591, 'lag_28': 0.18747442233666947}. Best is trial 0 with value: 0.0029568639448350046.
[I 2025-09-29 13:11:04,134] Trial 10 finished with value: 0.0030331535867555506 and parameters: {'lag_0': 0.9935472209786554, 'lag_1': 0.7295783427616012, 'lag_2': 0.03139582024632859, 'lag_3': 0.9085459816794171, 'lag_4': 0.39042906034618885, 'lag_5': 0.515789928028061, 'lag_6': 0.015920169391124117, 'lag_7': 0.9999148855830925, 'lag_8': 0.23686641469874048, 'lag_9': 0.4293794584003, 'lag_10': 0.05907431306577682, 'lag_11': 0.4182194331639524, 'lag_12': 0.006487143136991863, 'lag_13': 0.0007609066129822817, 'lag_14': 0.018194033484479427, 'lag_15': 0.3636802548509678, 'lag_16': 0.02958974721807628, 'lag_17': 0.4296398941013233, 'lag_18': 0.9758959392900988, 'lag_19': 0.3707131885932137, 'lag_20': 0.3517148138183946, 'lag_21': 0.05787132372653553, 'lag_22': 0.4081528845958914, 'lag_23': 0.6609826466289493, 'lag_24': 0.713963478275814, 'lag_25': 0.2616548922373059, 'lag_26': 0.023993012674107875, 'lag_27': 0.626086329630334, 'lag_28': 0.3365784197198681}. Best is trial 0 with value: 0.0029568639448350046.
[I 2025-09-29 13:11:06,610] Trial 11 finished with value: 0.003926827501197068 and parameters: {'lag_0': 0.9602649482575736, 'lag_1': 0.747125435029678, 'lag_2': 0.05305073266136828, 'lag_3': 0.9724168365576333, 'lag_4': 0.05373241216004798, 'lag_5': 0.4951623955397842, 'lag_6': 0.012577158967316211, 'lag_7': 0.9898445649869936, 'lag_8': 0.23380790353902287, 'lag_9': 0.40873700185797646, 'lag_10': 0.0033158324454381806, 'lag_11': 0.35581208254073127, 'lag_12': 0.00029359973381062887, 'lag_13': 0.3733593681759718, 'lag_14': 0.008464835113217788, 'lag_15': 0.4246528824292381, 'lag_16': 0.10048721857061871, 'lag_17': 0.36788288991855367, 'lag_18': 0.9735375326830998, 'lag_19': 0.35767504247100274, 'lag_20': 0.35458029747841685, 'lag_21': 0.101923209697806, 'lag_22': 0.5017939167654086, 'lag_23': 0.6872574857538114, 'lag_24': 0.7133452558951194, 'lag_25': 0.23694230166886296, 'lag_26': 0.020940468788645628, 'lag_27': 0.6523033093254436, 'lag_28': 0.31697390799091135}. Best is trial 0 with value: 0.0029568639448350046.
[I 2025-09-29 13:11:09,081] Trial 12 finished with value: 0.0032112005031228663 and parameters: {'lag_0': 0.9901366995327257, 'lag_1': 0.5884431093242131, 'lag_2': 0.08361261655948454, 'lag_3': 0.996821032351465, 'lag_4': 0.38258259789850724, 'lag_5': 0.5296111690451946, 'lag_6': 0.041525550173052345, 'lag_7': 0.9845382010044352, 'lag_8': 0.24648816148488512, 'lag_9': 0.5345677635140584, 'lag_10': 0.23939835898300815, 'lag_11': 0.007720387795100259, 'lag_12': 0.02713452584934127, 'lag_13': 0.01398870149902492, 'lag_14': 0.03644102541530998, 'lag_15': 0.7118868160737238, 'lag_16': 0.6065920205624452, 'lag_17': 0.4515348806345893, 'lag_18': 0.9749518324907818, 'lag_19': 0.5131467850171263, 'lag_20': 0.38326246441777256, 'lag_21': 0.0634563984062673, 'lag_22': 0.3638521440741627, 'lag_23': 0.672189998878451, 'lag_24': 0.745259871321722, 'lag_25': 0.008618068437022841, 'lag_26': 0.0048746953523051695, 'lag_27': 0.6110415349437112, 'lag_28': 0.03183713082144446}. Best is trial 0 with value: 0.0029568639448350046.
[I 2025-09-29 13:11:11,556] Trial 13 finished with value: 0.0031076532612573297 and parameters: {'lag_0': 0.4884535367332027, 'lag_1': 0.4856307149992038, 'lag_2': 0.2411720763931535, 'lag_3': 0.8550397956799238, 'lag_4': 0.3030366086930716, 'lag_5': 0.4895853371515425, 'lag_6': 0.17720368774277145, 'lag_7': 0.7779084510200996, 'lag_8': 0.25701731201399064, 'lag_9': 0.491238364638905, 'lag_10': 0.2430453309501834, 'lag_11': 0.4524404724733465, 'lag_12': 0.14736430758262922, 'lag_13': 0.9992563144906694, 'lag_14': 0.2068145782766026, 'lag_15': 0.4173128905512934, 'lag_16': 0.001027637575570315, 'lag_17': 0.5283249601145417, 'lag_18': 0.8159820868870863, 'lag_19': 0.3167434586367468, 'lag_20': 0.26804137018113094, 'lag_21': 0.015398238248119707, 'lag_22': 0.6014449167852796, 'lag_23': 0.7812763241582847, 'lag_24': 0.6335360958886196, 'lag_25': 0.282971719554788, 'lag_26': 0.6249728302327793, 'lag_27': 0.25399766008835656, 'lag_28': 0.21042512483863418}. Best is trial 0 with value: 0.0029568639448350046.
[I 2025-09-29 13:11:14,023] Trial 14 finished with value: 0.003370472517187325 and parameters: {'lag_0': 0.8373714824044132, 'lag_1': 0.976777718650108, 'lag_2': 0.41341114488448605, 'lag_3': 0.8754988767441245, 'lag_4': 0.08475352840440642, 'lag_5': 0.6846805520446503, 'lag_6': 0.5767177825303134, 'lag_7': 0.7940408889841453, 'lag_8': 0.3205280984124371, 'lag_9': 0.27505048172241175, 'lag_10': 0.3772062238976672, 'lag_11': 0.504326648351471, 'lag_12': 0.0015777401138821314, 'lag_13': 0.39782533180942303, 'lag_14': 0.9200043754761367, 'lag_15': 0.01527787968293498, 'lag_16': 0.7666216685576873, 'lag_17': 0.32534095954800174, 'lag_18': 0.8456749373560974, 'lag_19': 0.6616879790895395, 'lag_20': 0.4680620219601048, 'lag_21': 0.3035378779979206, 'lag_22': 0.3803595017641649, 'lag_23': 0.604011445143262, 'lag_24': 0.9533406764983441, 'lag_25': 0.5833314019943034, 'lag_26': 0.09979516131076213, 'lag_27': 0.7158425943604254, 'lag_28': 0.18301168591012937}. Best is trial 0 with value: 0.0029568639448350046.
[I 2025-09-29 13:11:16,491] Trial 15 finished with value: 0.0032518978869565418 and parameters: {'lag_0': 0.527350746991449, 'lag_1': 0.6461645230360284, 'lag_2': 0.1729572901967586, 'lag_3': 0.44926329598494313, 'lag_4': 0.5020609824781403, 'lag_5': 0.8610035498829466, 'lag_6': 0.17035802783391002, 'lag_7': 0.7861283881804962, 'lag_8': 0.13722288910686914, 'lag_9': 0.552713044092361, 'lag_10': 0.10321679601442477, 'lag_11': 0.8096592258123783, 'lag_12': 0.9606060443998368, 'lag_13': 0.24398657262094192, 'lag_14': 0.15785605993426718, 'lag_15': 0.7905279376125871, 'lag_16': 0.44323857971960534, 'lag_17': 0.4905134217666911, 'lag_18': 0.8605926419451986, 'lag_19': 0.30788240177108606, 'lag_20': 0.9976661152013331, 'lag_21': 0.7610035417887988, 'lag_22': 0.6139130036697314, 'lag_23': 0.8250585839141449, 'lag_24': 0.5868949876988881, 'lag_25': 0.6406247742241977, 'lag_26': 0.8678946150775212, 'lag_27': 0.5436381321219708, 'lag_28': 0.42475796530913745}. Best is trial 0 with value: 0.0029568639448350046.
[I 2025-09-29 13:11:18,957] Trial 16 finished with value: 0.0035258968901193304 and parameters: {'lag_0': 0.8004544773612622, 'lag_1': 0.3891064624347599, 'lag_2': 0.48763054308570086, 'lag_3': 0.2930784151122173, 'lag_4': 0.14094348442793614, 'lag_5': 0.5909879755825843, 'lag_6': 0.529837142519926, 'lag_7': 0.6161453838597206, 'lag_8': 0.5423272669932191, 'lag_9': 0.30970700719382216, 'lag_10': 0.008149140557626888, 'lag_11': 0.4855828787343474, 'lag_12': 0.6225621589859625, 'lag_13': 0.6668760388099259, 'lag_14': 0.43063413003933493, 'lag_15': 0.46028711752189055, 'lag_16': 0.1832131021303678, 'lag_17': 0.0019962993239381888, 'lag_18': 0.4014469089813753, 'lag_19': 0.24276442915664337, 'lag_20': 0.01553769031411173, 'lag_21': 0.46652170349723027, 'lag_22': 0.25085538240740535, 'lag_23': 0.6009720327664465, 'lag_24': 0.841699132096688, 'lag_25': 0.31260434925921515, 'lag_26': 0.1664639429680827, 'lag_27': 0.8185428608209093, 'lag_28': 0.31211267741042}. Best is trial 0 with value: 0.0029568639448350046.
[I 2025-09-29 13:11:21,428] Trial 17 finished with value: 0.0038341980192950287 and parameters: {'lag_0': 0.8944952372961705, 'lag_1': 0.35478679787615763, 'lag_2': 0.02085721044806499, 'lag_3': 0.545150873271259, 'lag_4': 0.29717596508224964, 'lag_5': 0.4349969925580882, 'lag_6': 0.2308795324089009, 'lag_7': 0.8855344191296577, 'lag_8': 0.34191705826174, 'lag_9': 0.8937212425555581, 'lag_10': 0.4039268769617449, 'lag_11': 0.824738917313679, 'lag_12': 0.3462979775393391, 'lag_13': 0.0014043897307946334, 'lag_14': 0.3774732298394903, 'lag_15': 0.30381488977696447, 'lag_16': 0.01984161913303173, 'lag_17': 0.7189504713103765, 'lag_18': 0.9867852354301733, 'lag_19': 0.4439347702175132, 'lag_20': 0.752113852360621, 'lag_21': 0.19617746702868685, 'lag_22': 0.4449468997117316, 'lag_23': 0.8115618100310402, 'lag_24': 0.25977406942088005, 'lag_25': 0.13172881094796857, 'lag_26': 0.5788597020287528, 'lag_27': 0.4445961433699183, 'lag_28': 0.12347890221745134}. Best is trial 0 with value: 0.0029568639448350046.
[I 2025-09-29 13:11:23,894] Trial 18 finished with value: 0.003622723369774284 and parameters: {'lag_0': 0.46333677199718926, 'lag_1': 0.7169099614190607, 'lag_2': 0.15903444238543551, 'lag_3': 0.8161538064076899, 'lag_4': 0.3835717335292503, 'lag_5': 0.3658182278231103, 'lag_6': 0.9909529583601315, 'lag_7': 0.6894657071075061, 'lag_8': 0.15175790562573918, 'lag_9': 0.612897045074892, 'lag_10': 0.17075634890327218, 'lag_11': 0.36962811726300926, 'lag_12': 0.12041343082368829, 'lag_13': 0.8617207154109913, 'lag_14': 0.11854846393582837, 'lag_15': 0.7924088167996572, 'lag_16': 0.5737077942543395, 'lag_17': 0.2526885732040594, 'lag_18': 0.7138365526612571, 'lag_19': 0.0026356908637885645, 'lag_20': 0.4776567854019013, 'lag_21': 0.6018201883087662, 'lag_22': 0.7322620625574605, 'lag_23': 0.5300832223099294, 'lag_24': 0.5279831002665595, 'lag_25': 0.35114526105266275, 'lag_26': 0.3467123893911996, 'lag_27': 0.23705871856192234, 'lag_28': 0.47026015669107635}. Best is trial 0 with value: 0.0029568639448350046.
[I 2025-09-29 13:11:26,372] Trial 19 finished with value: 0.003330775692277403 and parameters: {'lag_0': 0.6221809191750657, 'lag_1': 0.8612732961436547, 'lag_2': 0.3996153181113548, 'lag_3': 0.9069845259975721, 'lag_4': 0.005432626746492697, 'lag_5': 0.8137178077857407, 'lag_6': 0.4136976264642921, 'lag_7': 0.9012568977407336, 'lag_8': 0.5714900440525629, 'lag_9': 0.4236575543548583, 'lag_10': 0.9864650364633527, 'lag_11': 0.5855750658844658, 'lag_12': 0.21541214027892042, 'lag_13': 0.48082200241612993, 'lag_14': 0.09691686691860518, 'lag_15': 0.32552419014700357, 'lag_16': 0.8125004526491744, 'lag_17': 0.41853451591742014, 'lag_18': 0.8773353300406654, 'lag_19': 0.6481480239764021, 'lag_20': 0.14279345319901704, 'lag_21': 0.3571262814676738, 'lag_22': 0.49384981376123893, 'lag_23': 0.2990693362991875, 'lag_24': 0.8265975358883074, 'lag_25': 0.6564839988968416, 'lag_26': 0.07711948500603188, 'lag_27': 0.5755855652897623, 'lag_28': 0.28553312002107}. Best is trial 0 with value: 0.0029568639448350046.
[I 2025-09-29 13:11:28,842] Trial 20 finished with value: 0.004975909194100803 and parameters: {'lag_0': 0.3598424638044709, 'lag_1': 0.04110378137379783, 'lag_2': 0.3417494476786864, 'lag_3': 0.12416308109903901, 'lag_4': 0.59030288141869, 'lag_5': 0.6628585107410436, 'lag_6': 0.12193802496915511, 'lag_7': 0.49998368518911734, 'lag_8': 0.3479112682622304, 'lag_9': 0.8350144983939538, 'lag_10': 0.45379695146456767, 'lag_11': 0.09192588157619025, 'lag_12': 0.09175125980925099, 'lag_13': 0.5007815009642311, 'lag_14': 0.26588556097933197, 'lag_15': 0.5270083944149238, 'lag_16': 0.6513421135110893, 'lag_17': 0.5266771802802359, 'lag_18': 0.6463560672346087, 'lag_19': 0.42275128125409317, 'lag_20': 0.310194224289665, 'lag_21': 0.21102428810619447, 'lag_22': 0.2839768615857856, 'lag_23': 0.010103477701906283, 'lag_24': 0.5010624048856114, 'lag_25': 0.01178543017561906, 'lag_26': 0.19009098451774997, 'lag_27': 0.6753291202555877, 'lag_28': 0.08723490282578847}. Best is trial 0 with value: 0.0029568639448350046.
[I 2025-09-29 13:11:31,308] Trial 21 finished with value: 0.0034710915812908214 and parameters: {'lag_0': 0.5568018935808141, 'lag_1': 0.36941698545693924, 'lag_2': 0.9301847345339482, 'lag_3': 0.6061258639277967, 'lag_4': 0.15220510169613138, 'lag_5': 0.999565951233091, 'lag_6': 0.3906539511332136, 'lag_7': 0.21742462766285023, 'lag_8': 0.4002107290061866, 'lag_9': 0.7505094780905618, 'lag_10': 0.5874411131624395, 'lag_11': 0.25301077622378526, 'lag_12': 0.6376636954441727, 'lag_13': 0.6703698463912796, 'lag_14': 0.4827158130084754, 'lag_15': 0.6839550634792113, 'lag_16': 0.10822874537800414, 'lag_17': 0.23389628540727384, 'lag_18': 0.06696846996283579, 'lag_19': 0.746874981672093, 'lag_20': 0.8799695762099649, 'lag_21': 0.45468999070417176, 'lag_22': 0.7572429738350739, 'lag_23': 0.7197554037848155, 'lag_24': 0.2238296378239082, 'lag_25': 0.9850401072700363, 'lag_26': 0.7566707024548032, 'lag_27': 0.9831379731409756, 'lag_28': 0.759362929581094}. Best is trial 0 with value: 0.0029568639448350046.
[I 2025-09-29 13:11:33,781] Trial 22 finished with value: 0.003740210704437901 and parameters: {'lag_0': 0.6208911033838318, 'lag_1': 0.2834074546200328, 'lag_2': 0.57923098843987, 'lag_3': 0.7693524008938197, 'lag_4': 0.25872468195631365, 'lag_5': 0.9128688954331835, 'lag_6': 0.6192442017298512, 'lag_7': 0.8892771669549173, 'lag_8': 0.17484435952855312, 'lag_9': 0.6483557482348695, 'lag_10': 0.5664528309243105, 'lag_11': 0.36254584610688345, 'lag_12': 0.8978274878144665, 'lag_13': 0.6858498063935476, 'lag_14': 0.9200718562830392, 'lag_15': 0.6559017282833344, 'lag_16': 0.17709361222402617, 'lag_17': 0.11392340886764207, 'lag_18': 0.2279431983959655, 'lag_19': 0.769567309450738, 'lag_20': 0.7378396460030139, 'lag_21': 0.3701089878976145, 'lag_22': 0.960486823122684, 'lag_23': 0.5701634091744247, 'lag_24': 0.6373464587945651, 'lag_25': 0.5287222731323391, 'lag_26': 0.4786937247393321, 'lag_27': 0.8917712207801078, 'lag_28': 0.5691249122175189}. Best is trial 0 with value: 0.0029568639448350046.
[I 2025-09-29 13:11:36,263] Trial 23 finished with value: 0.0032232566633971886 and parameters: {'lag_0': 0.7168059323529796, 'lag_1': 0.5628382144240288, 'lag_2': 0.8412305007833266, 'lag_3': 0.6257545617983216, 'lag_4': 0.1952986416869869, 'lag_5': 0.9406529416782283, 'lag_6': 0.2682004000291313, 'lag_7': 0.48634033732993626, 'lag_8': 0.5070403391288607, 'lag_9': 0.5802446039895258, 'lag_10': 0.13350271329194519, 'lag_11': 0.22209468046386577, 'lag_12': 0.6521340082321879, 'lag_13': 0.847466952639077, 'lag_14': 0.3855712263530192, 'lag_15': 0.8274071489313635, 'lag_16': 0.42601291958626564, 'lag_17': 0.6067684299244634, 'lag_18': 0.39503230607231843, 'lag_19': 0.5758710644292309, 'lag_20': 0.9570340469324339, 'lag_21': 0.41820313270966136, 'lag_22': 0.7347155445851732, 'lag_23': 0.6534938610323169, 'lag_24': 0.45444057805071, 'lag_25': 0.7321064329989178, 'lag_26': 0.007960561694768997, 'lag_27': 0.9752875539363672, 'lag_28': 0.945584491503377}. Best is trial 0 with value: 0.0029568639448350046.
[I 2025-09-29 13:11:38,869] Trial 24 finished with value: 0.003494796498523636 and parameters: {'lag_0': 0.4159760114261147, 'lag_1': 0.43421681130078477, 'lag_2': 0.5676198473593641, 'lag_3': 0.5189995081866272, 'lag_4': 0.3297292181702567, 'lag_5': 0.7064746631832971, 'lag_6': 0.3593863397237045, 'lag_7': 0.26123702187885867, 'lag_8': 0.2970282172147017, 'lag_9': 0.47070958746020175, 'lag_10': 0.5109080239647286, 'lag_11': 0.1268392189997628, 'lag_12': 0.799956414571133, 'lag_13': 0.6100296489124007, 'lag_14': 0.8196477684638075, 'lag_15': 0.5351841707270808, 'lag_16': 0.07266929633784455, 'lag_17': 0.0012939852491614945, 'lag_18': 0.20684052694349025, 'lag_19': 0.20653516209819806, 'lag_20': 0.8222477989007374, 'lag_21': 0.5309196670162523, 'lag_22': 0.3841818473228019, 'lag_23': 0.7515834502878177, 'lag_24': 0.838007596944021, 'lag_25': 0.3971423586954809, 'lag_26': 0.3334907039103985, 'lag_27': 0.46713733933489343, 'lag_28': 0.6854405351491096}. Best is trial 0 with value: 0.0029568639448350046.
