[I 2025-10-03 11:37:21,230] Trial 42 finished with values: [0.002572320841551611, 0.0015641885771755903, 0.0006850645667019154, 7.524792042277206e-05, 0.0023300186722030793, 0.00013602279053838486, 0.00028071388790530503, 0.000458534888872769, 0.00015831479263524222, 0.001695371355987187, 0.0006209620840007846, 0.0035786837497277383, 0.0029677189227380776, 0.023521028646428903, 0.0, 0.04913788673573889, 9.83218404329041e-05, 0.000692364180883006, 0.0018065948538286934, 0.0019788376988701777, 0.0014697613007028164, 5.502452951071889e-05, 0.00011117951728100864, 0.0012225341091834092, 0.0016112924393377466, 8.531595519101178e-05, 0.00020855307147443135, 0.0003451527339488138, 0.0005590931851150044] and parameters: {'lag_0': 0.202913660526324, 'lag_1': 0.8066008691191379, 'lag_2': 0.6450151929039282, 'lag_3': 0.4147817928131185, 'lag_4': 0.690660577124112, 'lag_5': 0.8177553488024111, 'lag_6': 0.2192510804783077, 'lag_7': 0.3692271822324478, 'lag_8': 0.6437212270547447, 'lag_9': 0.5464041884838204, 'lag_10': 0.34700741218023784, 'lag_11': 0.010596024754509962, 'lag_12': 0.8885733665231756, 'lag_13': 0.0427106181393329, 'lag_14': 0.6964458685650531, 'lag_15': 0.39712002351117515, 'lag_16': 0.16227887661361182, 'lag_17': 0.49270628292358604, 'lag_18': 0.2361812690441517, 'lag_19': 0.803787603898187, 'lag_20': 0.510492214050868, 'lag_21': 0.7190856176299387, 'lag_22': 0.03326153308992489, 'lag_23': 0.23782760104797593, 'lag_24': 0.10277801352332154, 'lag_25': 0.13344682921836373, 'lag_26': 0.5450390363790326, 'lag_27': 0.7844200810605171, 'lag_28': 0.25927435504129015}.
[I 2025-10-03 11:37:24,043] Trial 43 finished with values: [0.006611570247933884, 0.0006857039830625971, 0.00024999488015974063, 0.0030076547732479702, 0.0012753785959314856, 0.0005722251142361705, 9.381530628133358e-05, 0.000764094328461934, 0.00011467567676071008, 0.000956869115307379, 0.0010195017172481855, 0.002798943199719082, 0.0029017983152934868, 0.026002095951465142, 0.0, 0.04189465209096061, 7.244859216715668e-05, 0.00033162123633361656, 0.0013225914266001846, 0.0027841177503886406, 0.001385637182115026, 5.190058357023613e-05, 6.256317054461173e-05, 0.0011638993502412313, 0.001353222937699093, 0.00024953490768072565, 0.00019696526421793302, 0.00018367843666278536, 0.00029629356981552017] and parameters: {'lag_0': 0.2840983298536368, 'lag_1': 0.15194337059973262, 'lag_2': 0.07844520798014204, 'lag_3': 0.3322341611777516, 'lag_4': 0.7614992373151119, 'lag_5': 0.7612462715448938, 'lag_6': 0.08274893592028228, 'lag_7': 0.9366741829835146, 'lag_8': 0.06766133476844165, 'lag_9': 0.5591597485903803, 'lag_10': 0.06892248667167383, 'lag_11': 0.33207246398953555, 'lag_12': 0.7906371593858874, 'lag_13': 0.4389187018849799, 'lag_14': 0.1853113885185156, 'lag_15': 0.9417020190059713, 'lag_16': 0.35878836602559394, 'lag_17': 0.8285609786009643, 'lag_18': 0.5156099295927907, 'lag_19': 0.9168634338886957, 'lag_20': 0.3780649928780696, 'lag_21': 0.7100702674597557, 'lag_22': 0.33426477296176327, 'lag_23': 0.24118761616866966, 'lag_24': 0.16411266544934475, 'lag_25': 0.4681614871324038, 'lag_26': 0.7720574224828549, 'lag_27': 0.5717480476007591, 'lag_28': 0.9372261348478337}.
[I 2025-10-03 11:37:26,709] Trial 44 finished with values: [0.012167125803489439, 0.0016655957631754852, 0.0013022524910889337, 0.0019143366711859508, 0.0019477612483282398, 0.0009760538175241152, 0.00015822908085299617, 0.00030793802346543153, 0.00024393427357633453, 0.0005391850134084458, 0.0005808604594495249, 0.0038106071105681325, 0.0036841373210591832, 0.02445714460626817, 0.0, 0.046136450061719, 0.00024115371297927517, 0.0005442668172959874, 0.0013475475614288196, 0.0022532870928883594, 0.0011153946025143817, 6.87736812965201e-05, 8.073615974339392e-05, 0.0008317774756028322, 0.0016557773228508602, 0.0001614834478246803, 0.0001624250126112379, 0.00035197346896977366, 0.0003084138714543394] and parameters: {'lag_0': 0.818284766776469, 'lag_1': 0.7360607782394079, 'lag_2': 0.9052019165604392, 'lag_3': 0.5923922169156698, 'lag_4': 0.8157361152210252, 'lag_5': 0.45949234372253533, 'lag_6': 0.06652296231263258, 'lag_7': 0.9589583550406657, 'lag_8': 0.3364529216826771, 'lag_9': 0.5040617217269413, 'lag_10': 0.6333634754026808, 'lag_11': 0.37020401557343885, 'lag_12': 0.5448180212935143, 'lag_13': 0.4707887269281189, 'lag_14': 0.8173477628461316, 'lag_15': 0.2314601814133172, 'lag_16': 0.23954088350911662, 'lag_17': 0.31001082533282714, 'lag_18': 0.7200086007737373, 'lag_19': 0.20051045133523493, 'lag_20': 0.8082504912400452, 'lag_21': 0.2032097700622827, 'lag_22': 0.7024893923090306, 'lag_23': 0.22827317582572265, 'lag_24': 0.1539487700737088, 'lag_25': 0.41454609874196235, 'lag_26': 0.7354885539294365, 'lag_27': 0.457306274342953, 'lag_28': 0.5369650014067961}.
[I 2025-10-03 11:37:29,378] Trial 45 finished with values: [0.005555555555555555, 0.0006489915711843628, 0.0005442697539601002, 0.0034883254331600924, 0.0015694755009002409, 0.0002429496039767699, 0.00040504696660354265, 0.0004881084381297562, 0.0003542429036714662, 0.0008990309679606974, 0.0014821993841114011, 0.0035995245011114377, 0.00370304616758108, 0.022240653399464776, 0.0, 0.04856701163418908, 0.00012354615576092143, 0.000792947949099962, 0.0014934846107655417, 0.0024358746943646545, 0.001139615910713454, 3.33609389011246e-05, 7.609299438683645e-05, 0.001491932665250847, 0.0013930495864880991, 0.0003259876732422366, 0.0001598581055213201, 0.0005768195256790247, 0.00044132051505913866] and parameters: {'lag_0': 0.4066434958510443, 'lag_1': 0.6845188252284735, 'lag_2': 0.8830440081194622, 'lag_3': 0.3237069608476966, 'lag_4': 0.8128895460836456, 'lag_5': 0.38535191535461877, 'lag_6': 0.7351554716278303, 'lag_7': 0.40302784984872403, 'lag_8': 0.44109606880638724, 'lag_9': 0.4603395414250563, 'lag_10': 0.7487164310909117, 'lag_11': 0.13086808240506806, 'lag_12': 0.10884292617281055, 'lag_13': 0.3831957920470804, 'lag_14': 0.40070702925819446, 'lag_15': 0.006727737790266646, 'lag_16': 0.8797509897982262, 'lag_17': 0.8106957590526179, 'lag_18': 0.003930772538989331, 'lag_19': 0.7096132037007941, 'lag_20': 0.2998218495222344, 'lag_21': 0.37621875429270174, 'lag_22': 0.4130008439504911, 'lag_23': 0.8359923662923145, 'lag_24': 0.3686869618655963, 'lag_25': 0.8385124421317249, 'lag_26': 0.621730860048419, 'lag_27': 0.9277845077796525, 'lag_28': 0.538433250308258}.
[I 2025-10-03 11:37:32,039] Trial 46 finished with values: [0.009637188208616778, 0.0075654028855210945, 0.0009434358581658215, 0.0011711807067969662, 0.001662043842369037, 0.0003677153081332656, 0.0005026329393922876, 0.000469078048199011, 0.0005870062072648506, 0.0008463617644743581, 0.0008976611787401324, 0.0049550374352533505, 0.0038441763927387464, 0.02172431923747632, 0.0, 0.05346935355900108, 0.00010326391958101908, 0.0005045981303584749, 0.0018023802129543734, 0.002575501514813031, 0.0013575011568042925, 6.310164153402716e-05, 2.4497787182839406e-05, 0.0014550569748299593, 0.0013485888983849792, 0.00023725586305729768, 0.000238804826374333, 0.001189837270313502, 0.0004782760124094703] and parameters: {'lag_0': 0.14814544939158594, 'lag_1': 0.152399085967814, 'lag_2': 0.4431630068379022, 'lag_3': 0.26396508569046695, 'lag_4': 0.870436522932691, 'lag_5': 0.06662396222939969, 'lag_6': 0.7005283850908466, 'lag_7': 0.848133187869834, 'lag_8': 0.6019198714749804, 'lag_9': 0.7644204431040489, 'lag_10': 0.5502075526232574, 'lag_11': 0.11343736275483217, 'lag_12': 0.2557633450940368, 'lag_13': 0.7854381550138073, 'lag_14': 0.3108626807535897, 'lag_15': 0.3774237755208473, 'lag_16': 0.762287621719786, 'lag_17': 0.587764402200158, 'lag_18': 0.4760169599041449, 'lag_19': 0.45451155892080586, 'lag_20': 0.6828710386624761, 'lag_21': 0.40508593397456066, 'lag_22': 0.3938423174127574, 'lag_23': 0.4117120742325039, 'lag_24': 0.22562781361736495, 'lag_25': 0.22322270355758592, 'lag_26': 0.07207308650156971, 'lag_27': 0.0218036164124601, 'lag_28': 0.16501233696690376}.
[I 2025-10-03 11:37:34,695] Trial 47 finished with values: [0.0, 0.003391854944648506, 0.0004439329861917514, 0.0015788027145130687, 0.0014944223281586101, 0.0009959268380830427, 0.00026015078346619915, 0.0005653857611426473, 0.00034900327394267526, 0.0006735231442390195, 0.0013519906106979648, 0.002634893988191585, 0.004409657046588257, 0.02654777443896325, 0.0, 0.04568555906117951, 0.00019069424460874617, 0.0006109177256147094, 0.0019971149241847955, 0.0024445614476617085, 0.001019127405926139, 0.00014230448827840412, 4.004866485494827e-05, 0.0017556325896021067, 0.0013516343664900904, 8.398360515339534e-05, 0.00011714078188598057, 0.00033701144797408525, 0.00020978914281454412] and parameters: {'lag_0': 0.1949799225389441, 'lag_1': 0.42757431642489974, 'lag_2': 0.5451357359756764, 'lag_3': 0.9058705218362668, 'lag_4': 0.36798821141108734, 'lag_5': 0.3265306748267521, 'lag_6': 0.9464731290439946, 'lag_7': 0.7572035389074561, 'lag_8': 0.17831846623473907, 'lag_9': 0.5809993561897034, 'lag_10': 0.1350520827708346, 'lag_11': 0.501273642939608, 'lag_12': 0.12699107502246373, 'lag_13': 0.7989655030057159, 'lag_14': 0.08566420850049054, 'lag_15': 0.3561250726285139, 'lag_16': 0.9093352939348724, 'lag_17': 0.5282897765529952, 'lag_18': 0.6120819633662815, 'lag_19': 0.08733095310551083, 'lag_20': 0.597416077701494, 'lag_21': 0.16586095250683877, 'lag_22': 0.815168085187764, 'lag_23': 0.6045174693344678, 'lag_24': 0.3523870478316512, 'lag_25': 0.5753258698367586, 'lag_26': 0.36247540358136215, 'lag_27': 0.5741207775406499, 'lag_28': 0.3271746129769387}.
[I 2025-10-03 11:37:37,347] Trial 48 finished with values: [0.001652892561983471, 0.0025867997642889415, 0.00024032385032047866, 0.0015847164197382996, 0.0021593551555629752, 0.0008720948519489021, 0.000629383836385906, 0.0002482866597393119, 9.841053099679057e-05, 0.0006835364280299711, 0.0006501036093829671, 0.003743636579998078, 0.004440555352765845, 0.021717970774407395, 0.0, 0.0418488563772015, 0.00023602465255385843, 0.000736832289112999, 0.001448976722975824, 0.0026107100935107183, 0.0009756293399759784, 4.2023434324682624e-05, 0.00022015539718251483, 0.0013795856557186927, 0.0013841476829207495, 0.00027053767790377457, 5.253236433197501e-05, 8.934886788856185e-05, 0.0003902656560577953] and parameters: {'lag_0': 0.9380832984014372, 'lag_1': 0.13723470924548165, 'lag_2': 0.13855597683092544, 'lag_3': 0.874350918949437, 'lag_4': 0.09986426830696131, 'lag_5': 0.29439074595576037, 'lag_6': 0.30535742543972405, 'lag_7': 0.5050290859702019, 'lag_8': 0.5359142274603264, 'lag_9': 0.800423502202219, 'lag_10': 0.8496393328384584, 'lag_11': 0.08370430380802941, 'lag_12': 0.577950685978877, 'lag_13': 0.8981025817115714, 'lag_14': 0.8983436295842129, 'lag_15': 0.851834619761239, 'lag_16': 0.867407171961372, 'lag_17': 0.8477976790494759, 'lag_18': 0.8183240961641712, 'lag_19': 0.37220238122453403, 'lag_20': 0.28941934993231666, 'lag_21': 0.9420115820759762, 'lag_22': 0.7414567834336572, 'lag_23': 0.2274070682193953, 'lag_24': 0.8352100934818348, 'lag_25': 0.15519465036525382, 'lag_26': 0.7798265078358881, 'lag_27': 0.04197015450856573, 'lag_28': 0.43042548527906993}.
[I 2025-10-03 11:37:40,003] Trial 49 finished with values: [0.0, 0.000657724154196036, 0.0005527399512667711, 0.002805206057788368, 0.0012393888987834703, 0.0009955349003129062, 0.00013813555125215333, 0.00041012056644339326, 0.0002224949471079686, 0.0010327934135507268, 0.0011533533190530834, 0.003125545114096781, 0.0026055039770271193, 0.02488487135343895, 0.0, 0.04296307641513144, 0.0001562714720798989, 0.000739250100971395, 0.0012741175045240265, 0.001906090206423624, 0.0013907417179471588, 5.816758350940064e-05, 7.096131162050231e-05, 0.0010261667802556706, 0.0011890846823779375, 0.00047111553481018353, 0.00020546031441295932, 0.0003491864191697951, 0.00036316838012628714] and parameters: {'lag_0': 0.861326527090946, 'lag_1': 0.4512908076841914, 'lag_2': 0.16841389126175177, 'lag_3': 0.5990551407206478, 'lag_4': 0.6865651575277217, 'lag_5': 0.5756279811237712, 'lag_6': 0.7370586831949058, 'lag_7': 0.9627475962411188, 'lag_8': 0.832836740756895, 'lag_9': 0.3742428836627202, 'lag_10': 0.6589523492888503, 'lag_11': 0.9993227158573534, 'lag_12': 0.8582358058426688, 'lag_13': 0.6182922211310273, 'lag_14': 0.21754303170647854, 'lag_15': 0.40810118468677525, 'lag_16': 0.9963777433259242, 'lag_17': 0.06585706377636569, 'lag_18': 0.0017615175664420911, 'lag_19': 0.30322713317050826, 'lag_20': 0.22723073969621965, 'lag_21': 0.994124853288121, 'lag_22': 0.839477333361951, 'lag_23': 0.4971125873012745, 'lag_24': 0.5008891758255536, 'lag_25': 0.3396084579293102, 'lag_26': 0.9172920777533107, 'lag_27': 0.8478428071679186, 'lag_28': 0.9632099925096448}.
[I 2025-10-03 11:37:42,663] Trial 50 finished with values: [0.015555555555555555, 0.0038698554137031895, 0.0008384796767471357, 0.0012184863374383437, 0.0007595881719295843, 0.0007180065541953437, 0.0003782285625263444, 0.0006618542268743463, 7.011869393256978e-05, 0.001049578165040415, 0.0004584184629777454, 0.0032111018180444677, 0.004161656173984027, 0.02216972610467609, 0.0, 0.042171801099173754, 9.123717224628911e-05, 0.00043477213318116124, 0.0017937162215282258, 0.002008195806645025, 0.0013375661805941474, 2.57828756958459e-05, 0.00021705205531517575, 0.0016030565272068438, 0.0019956664531969957, 0.00047701046125575455, 0.000174215189079515, 0.0003939809385269293, 0.0005890725999491935] and parameters: {'lag_0': 0.5702496274217712, 'lag_1': 0.426825240837699, 'lag_2': 0.7205932030221911, 'lag_3': 0.7502228381793007, 'lag_4': 0.8888436471364151, 'lag_5': 0.152047491444627, 'lag_6': 0.560707930951522, 'lag_7': 0.6205125872994711, 'lag_8': 0.4640570019406977, 'lag_9': 0.8318640811501828, 'lag_10': 0.8851952561317037, 'lag_11': 0.39889997157129686, 'lag_12': 0.13742200504646626, 'lag_13': 0.9318770587132483, 'lag_14': 0.9623981365408213, 'lag_15': 0.7692567445548911, 'lag_16': 0.7521234091599857, 'lag_17': 0.6301048444591223, 'lag_18': 0.8573736547369749, 'lag_19': 0.8821830766194809, 'lag_20': 0.05358577433136077, 'lag_21': 0.2207216231765211, 'lag_22': 0.7810081861884763, 'lag_23': 0.7972897273383573, 'lag_24': 0.04658220786178829, 'lag_25': 0.17093188123194225, 'lag_26': 0.8960448886860168, 'lag_27': 0.6845867235057765, 'lag_28': 0.34581912816591803}.
[I 2025-10-03 11:37:45,309] Trial 51 finished with values: [0.008000000000000002, 0.003116733744733216, 0.0008969809892760119, 0.0027930834221616494, 0.0012253300598550182, 0.0006221603000204133, 0.0011844063307495743, 0.0006250829581326967, 4.6904295042044436e-05, 0.0007011894454904348, 0.0015744644068756218, 0.0030542074968294823, 0.0036401543936977407, 0.02288074391146697, 0.0, 0.04640817746784457, 0.00022185135658716264, 0.0003273816834187009, 0.0016342358722756078, 0.0022069226821333603, 0.0014826613945255307, 0.00012574368997549296, 0.0001262813684992417, 0.0017149489357589794, 0.0008053562787985934, 0.00046868416607454466, 6.782269329630824e-05, 0.0005340581917530382, 0.0005384457328813563] and parameters: {'lag_0': 0.6032711722020326, 'lag_1': 0.6597355538333219, 'lag_2': 0.27779938473074967, 'lag_3': 0.36895613581351705, 'lag_4': 0.4694786512865945, 'lag_5': 0.227434742500685, 'lag_6': 0.8816277083717184, 'lag_7': 0.20301528142878686, 'lag_8': 0.8145362862531318, 'lag_9': 0.25328291090160593, 'lag_10': 0.7239312184955995, 'lag_11': 0.9412736442049963, 'lag_12': 0.936120869473324, 'lag_13': 0.0386734933541294, 'lag_14': 0.6258541679125981, 'lag_15': 0.6908737324313566, 'lag_16': 0.47502045082288497, 'lag_17': 0.4615886091568691, 'lag_18': 0.8516733402547404, 'lag_19': 0.8642034116683808, 'lag_20': 0.9241065375288038, 'lag_21': 0.1413303790290801, 'lag_22': 0.567815447708139, 'lag_23': 0.6376378228191046, 'lag_24': 0.36634150570976304, 'lag_25': 0.16926819741759921, 'lag_26': 0.4358257341226239, 'lag_27': 0.987060557931652, 'lag_28': 0.8406188709207773}.
[I 2025-10-03 11:37:47,958] Trial 52 finished with values: [0.003652567755131858, 0.005190840629393426, 0.0008675152072814656, 0.001460608307294304, 0.0016460185966671603, 0.0007475020753562931, 0.0005034338797120577, 0.0005090303493904112, 0.00029055063413098436, 0.00045400613327945357, 0.0016139045013839697, 0.003639533947953864, 0.003126659307288642, 0.023527115820999537, 0.0, 0.04573419511574807, 0.00018576445195750296, 0.0005050080589376905, 0.0016050333526747007, 0.0020976489433442223, 0.001099865658537681, 4.5434806939726165e-05, 6.874622525620159e-05, 0.0017852621065494127, 0.0016997762646570817, 0.00022983814096823023, 0.00048634029893749415, 6.537518935306539e-05, 0.0003058286937960853] and parameters: {'lag_0': 0.45679219494897655, 'lag_1': 0.426825240837699, 'lag_2': 0.7205932030221911, 'lag_3': 0.8557470272048471, 'lag_4': 0.9598975187471832, 'lag_5': 0.152047491444627, 'lag_6': 0.23447395650104028, 'lag_7': 0.6619090236986103, 'lag_8': 0.4148777471523971, 'lag_9': 0.8318640811501828, 'lag_10': 0.7755658724982553, 'lag_11': 0.24403430090112405, 'lag_12': 0.18893742154974186, 'lag_13': 0.07368656299128218, 'lag_14': 0.8914326775588977, 'lag_15': 0.7692567445548911, 'lag_16': 0.7908896476099933, 'lag_17': 0.6301048444591223, 'lag_18': 0.42143629620615947, 'lag_19': 0.5137534537410255, 'lag_20': 0.05358577433136077, 'lag_21': 0.2198300762539159, 'lag_22': 0.7810081861884763, 'lag_23': 0.5977444625840398, 'lag_24': 0.04658220786178829, 'lag_25': 0.5282735666651391, 'lag_26': 0.43403919614867514, 'lag_27': 0.6845867235057765, 'lag_28': 0.34581912816591803}.
[I 2025-10-03 11:37:50,609] Trial 53 finished with values: [0.005125, 0.0015283033557214206, 0.00034754303213068225, 0.0026700039458325015, 0.0030765841040905077, 0.00031757345931263895, 0.00033649176454441575, 0.000748988605488704, 0.00014324832713664176, 0.0012612246488354515, 0.0009712676937711327, 0.004011096014405048, 0.0023996283035577198, 0.024699651834880404, 0.0, 0.04637859679545704, 7.852132994150987e-05, 0.0005146893225909763, 0.0016246688689351915, 0.0018586056544052266, 0.0018163392587740915, 7.305263551493263e-05, 9.232384091628279e-05, 0.001562333824883933, 0.0016257610259432296, 0.00027552711016122733, 0.00013119274380267033, 0.0006398911414541234, 0.0003794937448753589] and parameters: {'lag_0': 0.1519944021799435, 'lag_1': 0.5449305971328502, 'lag_2': 0.7342854620310556, 'lag_3': 0.17440994698672857, 'lag_4': 0.6865651575277217, 'lag_5': 0.5756279811237712, 'lag_6': 0.8085947839663361, 'lag_7': 0.9627475962411188, 'lag_8': 0.832836740756895, 'lag_9': 0.5365077425802983, 'lag_10': 0.6589523492888503, 'lag_11': 0.9993227158573534, 'lag_12': 0.8582358058426688, 'lag_13': 0.6182922211310273, 'lag_14': 0.038083251002230076, 'lag_15': 0.40810118468677525, 'lag_16': 0.9963777433259242, 'lag_17': 0.06585706377636569, 'lag_18': 0.8444734064321721, 'lag_19': 0.8083028304850592, 'lag_20': 0.7031921270595988, 'lag_21': 0.2412653769237632, 'lag_22': 0.6730533049784294, 'lag_23': 0.4971125873012745, 'lag_24': 0.5008891758255536, 'lag_25': 0.6893577371881043, 'lag_26': 0.36244154695149905, 'lag_27': 0.8478428071679186, 'lag_28': 0.9632099925096448}.
[I 2025-10-03 11:37:53,256] Trial 54 finished with values: [0.015625, 0.001697064230031263, 0.0006345321208440871, 0.001263113831476056, 0.0022470859836198564, 0.0005589927795289231, 0.0005071056426006681, 0.0010265798863663767, 0.0003426394094488713, 0.0012537186049998475, 0.0004956562425576517, 0.0039009041867346774, 0.0035681750785648237, 0.02425119492706072, 0.0, 0.045015733524979056, 9.038422596152837e-05, 0.00024316389118839588, 0.0014310581608060647, 0.0024013517433162973, 0.0014209601247598457, 6.277485610036622e-05, 6.539174143983336e-05, 0.0015321853179539537, 0.0019403083156065766, 0.00022025019250080389, 0.00016351637663617602, 0.00031335594267382336, 7.536474704970806e-05] and parameters: {'lag_0': 0.7848197637708383, 'lag_1': 0.5449305971328502, 'lag_2': 0.7342854620310556, 'lag_3': 0.17440994698672857, 'lag_4': 0.2162885799713074, 'lag_5': 0.7643724373391879, 'lag_6': 0.9598495687579034, 'lag_7': 0.3711834151076909, 'lag_8': 0.3727873511189704, 'lag_9': 0.5365077425802983, 'lag_10': 0.4239718686201142, 'lag_11': 0.8949720494517514, 'lag_12': 0.18066655195288278, 'lag_13': 0.3428092129630755, 'lag_14': 0.41211123425925583, 'lag_15': 0.6271580779221504, 'lag_16': 0.16511905350187472, 'lag_17': 0.24564657554630553, 'lag_18': 0.9063202661904938, 'lag_19': 0.8083028304850592, 'lag_20': 0.6689423068039162, 'lag_21': 0.7002129921073507, 'lag_22': 0.9198190494351943, 'lag_23': 0.42520126900183836, 'lag_24': 0.2644377744117008, 'lag_25': 0.5866287222975266, 'lag_26': 0.7043797355862498, 'lag_27': 0.9565211007817405, 'lag_28': 0.834372047804924}.
