[I 2025-10-03 11:32:55,556] Trial 38 finished with values: [0.0026298487836949372, 0.00299904676409602, 0.00024104891991808558, 0.0016982425868235893, 0.003443610829363329, 0.0030684376283161507, 0.002152532662857654, 0.0005499159328014215, 0.0004022095657641534, 0.00036102125437041075, 0.00025360500609284027, 0.0007756365597610512, 0.00965477721183081, 0.059780552697065094, 0.0, 0.06933737792626535, 0.0026169641129059305, 0.0036382227826531922, 0.0004771932807789876, 0.012695320446282049, 0.0002442764051544155, 0.0010832587553945981, 0.00028204021497413154, 0.00017386877909064672, 0.00016851696786041628, 0.0021656110419568547, 0.0009483296502502334, 0.0010242987222293287, 0.0015057911719775214] and parameters: {'lag_0': 0.7676650575343333, 'lag_1': 0.1796647660295415, 'lag_2': 0.9736128100195298, 'lag_3': 0.9609749602054607, 'lag_4': 0.8344528864639819, 'lag_5': 0.36268987746524084, 'lag_6': 0.8010049601426333, 'lag_7': 0.6378224623481019, 'lag_8': 0.2627261305612194, 'lag_9': 0.30262420420595404, 'lag_10': 0.7076550847271476, 'lag_11': 0.19889752186411466, 'lag_12': 0.11495009483307661, 'lag_13': 0.2028493298699514, 'lag_14': 0.2833929854792741, 'lag_15': 0.22730762855805464, 'lag_16': 0.1031477395303835, 'lag_17': 0.04934681471887944, 'lag_18': 0.0033784425101836724, 'lag_19': 0.6834002714285641, 'lag_20': 0.1991459227855293, 'lag_21': 0.3384231868824245, 'lag_22': 0.1410490102675788, 'lag_23': 0.7375445204201404, 'lag_24': 0.2090368328772094, 'lag_25': 0.3290451211039503, 'lag_26': 0.5861272219193191, 'lag_27': 0.660983995525675, 'lag_28': 0.8353428009627747}.
[I 2025-10-03 11:32:58,266] Trial 39 finished with values: [0.04570677186061802, 0.0048723931227665565, 0.005172428147533781, 0.0014849471194017714, 0.002509799212710316, 0.0018618902181523009, 0.0014960853119099077, 0.0014894228755621684, 0.0004191250372809708, 0.0001982014132389239, 0.00028906383285478334, 0.00026644014481684277, 0.010850145528244787, 0.05860696450250132, 0.0, 0.0592079711937593, 0.002561232846235651, 0.0032301702822486954, 0.0004845124495244115, 0.013109239009364587, 0.0003373146450661714, 0.0010198813572055772, 0.0003098052649216029, 5.244175850586977e-05, 8.814783011406379e-05, 0.002073817777459004, 0.0005792500102122179, 0.0011098051213206503, 0.0012723266652384818] and parameters: {'lag_0': 0.9474590563383241, 'lag_1': 0.31531119560616533, 'lag_2': 0.3814295916114377, 'lag_3': 0.6318079154159545, 'lag_4': 0.16267177221385523, 'lag_5': 0.1584186470739726, 'lag_6': 0.9892540078636594, 'lag_7': 0.5581870586764094, 'lag_8': 0.8612907642927145, 'lag_9': 0.5610151564054219, 'lag_10': 0.5622303274365307, 'lag_11': 0.7621416710600919, 'lag_12': 0.4001731433437225, 'lag_13': 0.5497479061673142, 'lag_14': 0.2395863082231665, 'lag_15': 0.8132214360909708, 'lag_16': 0.8294674298678754, 'lag_17': 0.4962669006955153, 'lag_18': 0.9531212396169438, 'lag_19': 0.567832001030922, 'lag_20': 0.43421930979559487, 'lag_21': 0.9452626678757023, 'lag_22': 0.8093850249434482, 'lag_23': 0.5306453253905893, 'lag_24': 0.17466481530861283, 'lag_25': 0.763908188330393, 'lag_26': 0.37901433301481446, 'lag_27': 0.0601238897657325, 'lag_28': 0.6727290579880651}.
[I 2025-10-03 11:33:00,978] Trial 40 finished with values: [0.0018307034845496382, 0.0031491842501647125, 0.0012477927065014552, 0.0013869653660880347, 0.004064672246810118, 0.0018772233033381533, 0.0020848117254227945, 0.0005306586586303596, 0.00028242462617667104, 0.0003214107732652894, 0.0003793891501513233, 0.00042385252275594276, 0.01128342149173383, 0.06015102547638971, 0.0, 0.05877441426105882, 0.002580333939061514, 0.003072679421598094, 0.0003535505512430527, 0.01219194297146237, 0.00019083378920642133, 0.0013303159093020589, 0.00015790283143724123, 0.00026029996994605763, 0.00029454750460794737, 0.0018180877529757763, 0.001322078640515087, 0.0016717158226641615, 0.0013453129761477785] and parameters: {'lag_0': 0.3968368245388547, 'lag_1': 0.49439586692953136, 'lag_2': 0.45596595821871505, 'lag_3': 0.8830291572142636, 'lag_4': 0.4874942043120748, 'lag_5': 0.169526303841167, 'lag_6': 0.10440033224008337, 'lag_7': 0.15675089779825482, 'lag_8': 0.05095733981381975, 'lag_9': 0.9260272791235283, 'lag_10': 0.558169754594413, 'lag_11': 0.3560649438267802, 'lag_12': 0.3811327553645208, 'lag_13': 0.29036795303510043, 'lag_14': 0.521269465519402, 'lag_15': 0.5093806334311048, 'lag_16': 0.036965560896602905, 'lag_17': 0.01931320312496456, 'lag_18': 0.6171383072972098, 'lag_19': 0.8714022410995319, 'lag_20': 0.02968204396360456, 'lag_21': 0.34388223250453975, 'lag_22': 0.41986999505980716, 'lag_23': 0.44022851429268645, 'lag_24': 0.21783131786965104, 'lag_25': 0.2464074530571786, 'lag_26': 0.21079500819170566, 'lag_27': 0.22839213330218663, 'lag_28': 0.8134294004773945}.
[I 2025-10-03 11:33:03,702] Trial 41 finished with values: [0.006344510190664036, 0.002853194456551986, 0.0012394733380207165, 0.00102698268127185, 0.00179338394369818, 0.0005531112398521082, 0.0028862636438433827, 0.001257702301143947, 0.0005780473075115906, 0.00036352748247459824, 0.00040387354953830095, 0.0003768864869265557, 0.00874903176781198, 0.0640877219968105, 0.0, 0.06356560627395845, 0.0030424025512017223, 0.0031586671032638016, 0.0005385634416352348, 0.012012589925954813, 0.00020015016318165936, 0.0011008155487500057, 0.0003309668857242176, 0.0001664738089591056, 0.00026480320727314345, 0.001872706319790695, 0.0013049386918032896, 0.0011028088778459177, 0.001154516067211796] and parameters: {'lag_0': 0.1628626344263781, 'lag_1': 0.029007511388706466, 'lag_2': 0.22830650851423898, 'lag_3': 0.9151183908078651, 'lag_4': 0.7870461407339192, 'lag_5': 0.29449988479527867, 'lag_6': 0.36745502267923086, 'lag_7': 0.18810446690652455, 'lag_8': 0.4913034988234456, 'lag_9': 0.04666765940737034, 'lag_10': 0.3994059274570675, 'lag_11': 0.7836876434593852, 'lag_12': 0.21820276768907132, 'lag_13': 0.26966526273041636, 'lag_14': 0.9980339894201302, 'lag_15': 0.07257151058384662, 'lag_16': 0.5678643010531889, 'lag_17': 0.12635487187088057, 'lag_18': 0.45637773009720545, 'lag_19': 0.3974864801420604, 'lag_20': 0.13028570746106785, 'lag_21': 0.8178966967205216, 'lag_22': 0.43760390518767506, 'lag_23': 0.3082202075825707, 'lag_24': 0.15364196858800827, 'lag_25': 0.027608841372917286, 'lag_26': 0.96736448016307, 'lag_27': 0.26077458617408883, 'lag_28': 0.5148314471643672}.
[I 2025-10-03 11:33:06,429] Trial 42 finished with values: [0.0031907462195923733, 0.002064468412722737, 0.0027246219645000493, 0.0030776505657847133, 0.002104330159783621, 0.0009419945992862763, 0.0029623385136577983, 0.0007276898733497715, 0.0004016224967980504, 0.0004078902630735002, 0.00017440682566627184, 0.0002893693222615934, 0.009922467743045721, 0.06145693866273259, 0.0, 0.06030553959349105, 0.0029662928875984172, 0.003113449605243037, 0.00042507681571423263, 0.012246880052739136, 0.00017162347177281405, 0.0007043360210643353, 0.00026789173419343557, 0.000263519477114738, 0.00026049747245054987, 0.0019097421025127035, 0.0005420430053817279, 0.0007282576774887394, 0.0005170240960846756] and parameters: {'lag_0': 0.13859836901090855, 'lag_1': 0.9980533945359028, 'lag_2': 0.24885568405118802, 'lag_3': 0.7247692246969496, 'lag_4': 0.908648401358904, 'lag_5': 0.5308749226827891, 'lag_6': 0.6522953427403069, 'lag_7': 0.5506633835616741, 'lag_8': 0.8426564194348856, 'lag_9': 0.9344343646374361, 'lag_10': 0.007609667155527475, 'lag_11': 0.8127484434499208, 'lag_12': 0.1310869552260676, 'lag_13': 0.8048907369951799, 'lag_14': 0.8447021667984546, 'lag_15': 0.38288472476113783, 'lag_16': 0.4355456911741567, 'lag_17': 0.06399201034398579, 'lag_18': 0.06169608004208505, 'lag_19': 0.393159858006846, 'lag_20': 0.568458545322233, 'lag_21': 0.058532188149323844, 'lag_22': 0.9747476004299765, 'lag_23': 0.9417686050144033, 'lag_24': 0.5216240331517233, 'lag_25': 0.619695452934092, 'lag_26': 0.6641868417900885, 'lag_27': 0.5339142853746172, 'lag_28': 0.7147049812794856}.
[I 2025-10-03 11:33:09,152] Trial 43 finished with values: [0.0047153188691650225, 0.003230860868566303, 0.00041776501181497934, 0.0025793329553679056, 0.0030551233786756246, 0.00012743219875862278, 0.002925030592845816, 0.001521764128325906, 0.00023376217752582676, 0.00017674052763634598, 0.00025029958461976985, 0.00021504964575234448, 0.012017120268062365, 0.05880364804402619, 0.0, 0.06056080765517269, 0.0025003863910661255, 0.00302754041103509, 0.0005115372412888696, 0.012337750421703035, 0.00023042946563496357, 0.0015454569214395195, 0.00014949454165112986, 0.00013992694916086415, 0.0002566886201108154, 0.0017917181385927832, 0.0007384169663577491, 0.0014135491679226724, 0.0016869320929876752] and parameters: {'lag_0': 0.44732683710604476, 'lag_1': 0.8046754076936747, 'lag_2': 0.4103645628222202, 'lag_3': 0.6952787735585494, 'lag_4': 0.6307508289697504, 'lag_5': 0.8691663170849627, 'lag_6': 0.3144979538432375, 'lag_7': 0.857527732259311, 'lag_8': 0.17796867322106724, 'lag_9': 0.13810794324572356, 'lag_10': 0.5150953803150373, 'lag_11': 0.7354057333479601, 'lag_12': 0.1617779995643269, 'lag_13': 0.7841262577609875, 'lag_14': 0.8361691772017016, 'lag_15': 0.11863930282400174, 'lag_16': 0.2392012475206946, 'lag_17': 0.712195504977884, 'lag_18': 0.3588836034913513, 'lag_19': 0.29101845956857963, 'lag_20': 0.40318421446030783, 'lag_21': 0.8279735904940785, 'lag_22': 0.8989858235082044, 'lag_23': 0.061737881212638256, 'lag_24': 0.7107403527954078, 'lag_25': 0.2511096412687981, 'lag_26': 0.6405594636212738, 'lag_27': 0.9346705860789692, 'lag_28': 0.5476995179896597}.
[I 2025-10-03 11:33:11,873] Trial 44 finished with values: [0.003971012029620087, 0.015857323434456908, 0.0015902088295657803, 0.001376268194902974, 0.005778510222033068, 0.00139301896688664, 0.001609105784794072, 0.0007471952287346805, 0.00026986891645827666, 0.00021535800820169927, 0.000570495737266316, 0.0003180292028599422, 0.009020559568821331, 0.05542493837084195, 0.0, 0.06270109959884111, 0.002979904156441574, 0.002825187886031799, 0.00025933413169058634, 0.013280633682120934, 0.00045558618170074246, 0.0011719220250850835, 0.00025917374755403524, 0.00017901931369564267, 0.00033907448907688595, 0.0019036539091328059, 0.0007244309015879477, 0.0006925565644331153, 0.0005655422471812919] and parameters: {'lag_0': 0.28736902727638636, 'lag_1': 0.6563038318638827, 'lag_2': 0.5009449410032075, 'lag_3': 0.37035871065453085, 'lag_4': 0.958388610059021, 'lag_5': 0.12474291243559159, 'lag_6': 0.34744462004030136, 'lag_7': 0.5193851243182659, 'lag_8': 0.5412607667699254, 'lag_9': 0.32751361420255054, 'lag_10': 0.8852984118392361, 'lag_11': 0.21864896283467944, 'lag_12': 0.822311023106935, 'lag_13': 0.8096001904150846, 'lag_14': 0.1221259158459885, 'lag_15': 0.8022201957381315, 'lag_16': 0.14799641451507464, 'lag_17': 0.5481730498883639, 'lag_18': 0.9790403923477013, 'lag_19': 0.43174646525403243, 'lag_20': 0.0033710778457086395, 'lag_21': 0.677435589903313, 'lag_22': 0.6387612126783274, 'lag_23': 0.2049523312929791, 'lag_24': 0.8620941037924374, 'lag_25': 0.24930026906594735, 'lag_26': 0.9054883407148387, 'lag_27': 0.7637244675448325, 'lag_28': 0.046398406552709895}.
[I 2025-10-03 11:33:14,589] Trial 45 finished with values: [0.0026298487836949372, 0.005251184472911276, 0.001540175626938829, 0.003273742036188199, 0.0009937383871266102, 0.0003522054118574903, 0.0018693658133964008, 0.00036809229933269935, 0.00017475347704652317, 0.00025159028029688574, 0.00025595776312429137, 0.000334075086122824, 0.010115752918174048, 0.05917390686504198, 0.0, 0.06022529137163295, 0.0023254649431769694, 0.0030953924272067667, 0.0005718004660598643, 0.013736741622208665, 0.00010404049542556014, 0.0006766106040047172, 0.00024348847576668173, 0.0003473184264499976, 0.0004003722267349911, 0.002128382470258558, 0.0009346629835747438, 0.001179838478115463, 0.0005553413473617456] and parameters: {'lag_0': 0.826634863987484, 'lag_1': 0.6028195715479968, 'lag_2': 0.2089918027161369, 'lag_3': 0.4105794503755642, 'lag_4': 0.3391454280301956, 'lag_5': 0.7184241277826112, 'lag_6': 0.466844020205347, 'lag_7': 0.2038564055498407, 'lag_8': 0.6016205160247609, 'lag_9': 0.8545706201206528, 'lag_10': 0.09219524141774024, 'lag_11': 0.05817164510695266, 'lag_12': 0.8322292774258258, 'lag_13': 0.13968889554517214, 'lag_14': 0.7822701807127324, 'lag_15': 0.33367882037214114, 'lag_16': 0.26198351541202725, 'lag_17': 0.23668525839855603, 'lag_18': 0.6434690316334786, 'lag_19': 0.2186710072507901, 'lag_20': 0.508570755984904, 'lag_21': 0.19468476294063983, 'lag_22': 0.4964905400962276, 'lag_23': 0.9945201709861319, 'lag_24': 0.598460629094659, 'lag_25': 0.0496767522667903, 'lag_26': 0.15120608600017313, 'lag_27': 0.9305122231586606, 'lag_28': 0.13194124656386383}.
[I 2025-10-03 11:33:17,297] Trial 46 finished with values: [0.004766600920447074, 0.0008735646291908068, 0.0005414634198418945, 0.0010128286156019393, 0.003990713602485476, 0.0006270863952751685, 0.002857229767758061, 0.0003262461040432141, 0.0006032207544496923, 6.118891452484303e-05, 6.799489209542032e-05, 0.0005293550675062915, 0.010409674258164983, 0.06000262489685302, 0.0, 0.05780568550527654, 0.0026918345980698143, 0.0028607026667980006, 0.00035137969235160885, 0.012692901372819318, 7.260601537987298e-05, 0.00110389354459335, 0.00046091477890869946, 0.00016541755589316733, 0.00010947864042479182, 0.0016564113330058139, 0.0017067499359614152, 0.0006477569722749138, 0.0013640965633682934] and parameters: {'lag_0': 0.8003143735119391, 'lag_1': 0.4478779615397366, 'lag_2': 0.4709588551530393, 'lag_3': 0.7947810919597023, 'lag_4': 0.3111639006787426, 'lag_5': 0.2335115619351361, 'lag_6': 0.8372233518266113, 'lag_7': 0.7627896364462996, 'lag_8': 0.9335279539553523, 'lag_9': 0.740269417938971, 'lag_10': 0.4498904130779089, 'lag_11': 0.9387235891704779, 'lag_12': 0.9488957761890826, 'lag_13': 0.11044425755236063, 'lag_14': 0.22671891711780662, 'lag_15': 0.8204272886131944, 'lag_16': 0.7202101829685764, 'lag_17': 0.08900349796223048, 'lag_18': 0.8688294891709806, 'lag_19': 0.23061321253913364, 'lag_20': 0.657082314902404, 'lag_21': 0.4248948977949057, 'lag_22': 0.8433630490321723, 'lag_23': 0.3261591168971971, 'lag_24': 0.9346999083974483, 'lag_25': 0.07595192025127355, 'lag_26': 0.6257215764004939, 'lag_27': 0.2401674082534978, 'lag_28': 0.6702314641445396}.
[I 2025-10-03 11:33:20,007] Trial 47 finished with values: [0.006264093327030392, 0.014027450069107958, 0.002021674957170025, 0.002293168454659864, 0.005007922268141704, 0.001533706202718505, 0.0016767069428155798, 0.0006644173478904248, 0.0004299487626528207, 0.00019431148113711942, 0.00042266616606190634, 0.0005231790145215868, 0.010467945085000499, 0.05967865426121337, 0.0, 0.05781375868662726, 0.002155858215022619, 0.00304620278693244, 0.00036143927153453354, 0.013856008485114845, 0.00017928870403819997, 0.0015143054760548024, 0.00015571707385370593, 0.000179503812753572, 0.0001270413934896962, 0.0012887360033497568, 0.0009101010229305717, 0.0007351910307124016, 0.0010309839801641173] and parameters: {'lag_0': 0.9876833603637076, 'lag_1': 0.4342919290453766, 'lag_2': 0.5262797113543428, 'lag_3': 0.2513517460371981, 'lag_4': 0.9671469345066318, 'lag_5': 0.9250025536321265, 'lag_6': 0.25529656971150855, 'lag_7': 0.2656363228707291, 'lag_8': 0.559520705637026, 'lag_9': 0.39571311322667857, 'lag_10': 0.28683427789059057, 'lag_11': 0.42032063987308416, 'lag_12': 0.7401915622216046, 'lag_13': 0.474003263978249, 'lag_14': 0.6586893350457461, 'lag_15': 0.5113864020937071, 'lag_16': 0.39314669500234267, 'lag_17': 0.9728225586386346, 'lag_18': 0.7293100449219452, 'lag_19': 0.9094123253898172, 'lag_20': 0.46722561872636, 'lag_21': 0.5066908773050927, 'lag_22': 0.6436182598402274, 'lag_23': 0.5851112699381263, 'lag_24': 0.6344566765338704, 'lag_25': 0.7663799039396473, 'lag_26': 0.8415459298923509, 'lag_27': 0.5667461261278542, 'lag_28': 0.08334872570392195}.
[I 2025-10-03 11:33:22,713] Trial 48 finished with values: [0.0025785667324128864, 0.0014365157015603992, 0.0005516598896710256, 0.0015075126314069462, 0.00392979590839167, 0.001038069890989534, 0.002016813441309747, 0.0002998720300116266, 0.0001734436664381619, 0.0001751128200258574, 0.00016744138978789554, 0.0007668277937197052, 0.010714961279747387, 0.061204745142956284, 0.0, 0.0756591946324657, 0.002774481561580426, 0.003599778291961373, 0.0005756557425335835, 0.013124189309013925, 0.0004389837105661301, 0.0006483050206651843, 0.0004076771322195699, 0.00026216766626567365, 0.00028019418940912727, 0.0027899242804473915, 0.001052821393893379, 0.001082261370256315, 0.0005343760777549936] and parameters: {'lag_0': 0.11507109716589457, 'lag_1': 0.27979853228947205, 'lag_2': 0.2888401296443716, 'lag_3': 0.5082177161875974, 'lag_4': 0.32410654682927614, 'lag_5': 0.03381202533927984, 'lag_6': 0.6457550982736527, 'lag_7': 0.5217983063741286, 'lag_8': 0.2857918444534534, 'lag_9': 0.14502967078384055, 'lag_10': 0.22573545576927598, 'lag_11': 0.6863477113044092, 'lag_12': 0.7603722358895466, 'lag_13': 0.9251281796453839, 'lag_14': 0.3952590566493558, 'lag_15': 0.48985279079895516, 'lag_16': 0.1846429689221489, 'lag_17': 0.4174426283301721, 'lag_18': 0.77725299534195, 'lag_19': 0.7224248585320507, 'lag_20': 0.18255858903617733, 'lag_21': 0.0953340334680639, 'lag_22': 0.19597479586038918, 'lag_23': 0.028920499576469052, 'lag_24': 0.6349793847058645, 'lag_25': 0.5872318140335371, 'lag_26': 0.6392758589625139, 'lag_27': 0.6393069164961654, 'lag_28': 0.26144227058009195}.
[I 2025-10-03 11:33:25,434] Trial 49 finished with values: [0.0026298487836949372, 0.0011751293511403367, 0.001513336632570337, 0.002740364045584619, 0.002694540256787867, 0.0011002703959600436, 0.002969894457427639, 0.0002586004453446705, 0.0003123746997835943, 0.0001555004353000951, 0.00035013420696027237, 0.0004405391218459161, 0.008777319194789749, 0.05575630662797489, 0.0, 0.05891278141490921, 0.002267315331710286, 0.0029791570795563867, 0.0004376543864462801, 0.013754824148422046, 0.0003433696959143838, 0.001097680641701586, 0.0002699889744666966, 0.0002862428875673625, 0.00023934020555076298, 0.002154309228426299, 0.0008551601285112971, 0.0008672305015192464, 0.0012248637044783924] and parameters: {'lag_0': 0.7153114137862753, 'lag_1': 0.3300830229521039, 'lag_2': 0.9947675912496705, 'lag_3': 0.4320447717821934, 'lag_4': 0.27602012683701355, 'lag_5': 0.04428303361092076, 'lag_6': 0.7041767214109766, 'lag_7': 0.23590864421784238, 'lag_8': 0.9756247511896352, 'lag_9': 0.23369952317891485, 'lag_10': 0.023439995664404283, 'lag_11': 0.37125029376822477, 'lag_12': 0.6095692911596607, 'lag_13': 0.23849842130350452, 'lag_14': 0.16234171202689596, 'lag_15': 0.24677076924815847, 'lag_16': 0.782981882847533, 'lag_17': 0.13590877966827983, 'lag_18': 0.571460246369467, 'lag_19': 0.8334932265362441, 'lag_20': 0.6586937248056863, 'lag_21': 0.616821521599142, 'lag_22': 0.23836398491089225, 'lag_23': 0.24889181207519503, 'lag_24': 0.5918872077167343, 'lag_25': 0.2415838355050217, 'lag_26': 0.1123935490333911, 'lag_27': 0.2707857397285672, 'lag_28': 0.12981880358077855}.
[I 2025-10-03 11:33:28,160] Trial 50 finished with values: [0.0037810785063532313, 0.00223252083257505, 0.00043450725949685417, 0.003013225111764525, 0.003579980414456876, 0.0003582580836378097, 0.0024438976889586835, 0.0005677172806369139, 0.0002518595933620854, 0.00022534262162282872, 6.151920943795177e-05, 0.0005478768120393753, 0.010388845687594258, 0.06039412063657037, 0.0, 0.06122096835890557, 0.0026938677709492003, 0.0025397383909837833, 0.0003779763063497332, 0.011936357666948746, 0.00040592478443705443, 0.0013260518021241826, 0.00040780126726005855, 0.00014185065019045208, 0.00026774337023851755, 0.0019691222761224155, 0.0009817481024061976, 0.0008163920951150783, 0.002814691589915464] and parameters: {'lag_0': 0.8316071671194866, 'lag_1': 0.4426930678453716, 'lag_2': 0.8299082448994844, 'lag_3': 0.9921676215152357, 'lag_4': 0.4557149637497905, 'lag_5': 0.4202048748228308, 'lag_6': 0.8076185276542635, 'lag_7': 0.030523347591901045, 'lag_8': 0.28289892911091374, 'lag_9': 0.7350136920316321, 'lag_10': 0.8803633998295817, 'lag_11': 0.6055505889578583, 'lag_12': 0.7935892287898212, 'lag_13': 0.995826261692136, 'lag_14': 0.9797746664778546, 'lag_15': 0.20491119333787014, 'lag_16': 0.024863040341550798, 'lag_17': 0.5380612687105915, 'lag_18': 0.6558075524472106, 'lag_19': 0.5950404112996197, 'lag_20': 0.023103627019280457, 'lag_21': 0.08176067058318597, 'lag_22': 0.0907686281513716, 'lag_23': 0.6483810017487662, 'lag_24': 0.9002362312054141, 'lag_25': 0.4899140506211316, 'lag_26': 0.08861229205279673, 'lag_27': 0.43279046978682373, 'lag_28': 0.5044797906812508}.
