[I 2025-09-29 11:53:41,922] Trial 40 finished with value: 0.014532528881917117 and parameters: {'lag_0': 0.556829879317435, 'lag_1': 0.5012445826451964, 'lag_2': 0.2958250739922252, 'lag_3': 0.5993948337846154, 'lag_4': 0.33286890395043234, 'lag_5': 0.5738257199544464, 'lag_6': 0.912619882679364, 'lag_7': 0.846866751678117, 'lag_8': 0.9008017120440015, 'lag_9': 0.25387072447003733, 'lag_10': 0.21800916154425515, 'lag_11': 0.5332294585398524, 'lag_12': 0.43884774889708833, 'lag_13': 0.2849028559562583, 'lag_14': 0.4334285892788947, 'lag_15': 0.17046192682321884, 'lag_16': 0.3282795078554405, 'lag_17': 0.4195154371452675, 'lag_18': 0.45316735713774714, 'lag_19': 0.9279175177905183, 'lag_20': 0.696849331272005, 'lag_21': 0.8208955344625656, 'lag_22': 0.9971370919546781, 'lag_23': 0.8250330168616657, 'lag_24': 0.5702402736319696, 'lag_25': 0.9104145445511423, 'lag_26': 0.32570879174215905, 'lag_27': 0.11256870316486961, 'lag_28': 0.77614021887319}. Best is trial 32 with value: 0.014365076654294418.
[I 2025-09-29 11:53:44,437] Trial 41 finished with value: 0.01481322890784359 and parameters: {'lag_0': 0.6073244250952063, 'lag_1': 0.6821184203850937, 'lag_2': 0.18001404901060553, 'lag_3': 0.7259921281326297, 'lag_4': 0.0783913478038387, 'lag_5': 0.7521449937012624, 'lag_6': 0.9987328593162824, 'lag_7': 0.9564082423649016, 'lag_8': 0.10405144104804998, 'lag_9': 0.18606370513791737, 'lag_10': 0.31470334247043547, 'lag_11': 0.6456172355959825, 'lag_12': 0.23154102040128327, 'lag_13': 0.04217017740141331, 'lag_14': 0.3470023802616024, 'lag_15': 0.49902090745942895, 'lag_16': 0.20202472159848922, 'lag_17': 0.6378389027639106, 'lag_18': 0.5314489160367801, 'lag_19': 0.9038668798771107, 'lag_20': 0.8603606845934233, 'lag_21': 0.6465561499155552, 'lag_22': 0.8520943306941217, 'lag_23': 0.9278148839922412, 'lag_24': 0.7265976602336973, 'lag_25': 0.8582710765880456, 'lag_26': 0.234006075521591, 'lag_27': 0.012513476733860884, 'lag_28': 0.7676101665575674}. Best is trial 32 with value: 0.014365076654294418.
[I 2025-09-29 11:53:46,949] Trial 42 finished with value: 0.014756729435308282 and parameters: {'lag_0': 0.4221848720738563, 'lag_1': 0.196554040980853, 'lag_2': 0.235597452427674, 'lag_3': 0.5043756850907583, 'lag_4': 0.37313714523397096, 'lag_5': 0.8108651498353985, 'lag_6': 0.6762528400638907, 'lag_7': 0.845064229394998, 'lag_8': 0.04334773089490791, 'lag_9': 0.43798648232021703, 'lag_10': 0.02041307786157559, 'lag_11': 0.7382372849429064, 'lag_12': 0.5349375057157791, 'lag_13': 0.13860776693678467, 'lag_14': 0.48433981291702455, 'lag_15': 0.11109841066278327, 'lag_16': 0.3264267887393312, 'lag_17': 0.7527107683734029, 'lag_18': 0.35954087964255893, 'lag_19': 0.8068428934799545, 'lag_20': 0.7297266590863698, 'lag_21': 0.7041923284208219, 'lag_22': 0.8535104347588275, 'lag_23': 0.778070061878961, 'lag_24': 0.47560451784197666, 'lag_25': 0.9969596167646972, 'lag_26': 0.44073153581045393, 'lag_27': 0.26207596984642373, 'lag_28': 0.6396802929355773}. Best is trial 32 with value: 0.014365076654294418.
[I 2025-09-29 11:53:49,460] Trial 43 finished with value: 0.014814464797674154 and parameters: {'lag_0': 0.5000112814424225, 'lag_1': 0.570942289291909, 'lag_2': 0.4189918955370493, 'lag_3': 0.6573163011620389, 'lag_4': 0.4856139301885706, 'lag_5': 0.6462620947437688, 'lag_6': 0.8590511262034441, 'lag_7': 0.7417302267171123, 'lag_8': 0.19673589768126257, 'lag_9': 0.09973484831645141, 'lag_10': 0.3849732884598287, 'lag_11': 0.8130404989260602, 'lag_12': 0.6249588425865682, 'lag_13': 0.4604880504040289, 'lag_14': 0.26376644034261987, 'lag_15': 0.38263696013305937, 'lag_16': 0.10442172331962243, 'lag_17': 0.4544038911541254, 'lag_18': 0.4524676209699791, 'lag_19': 0.9396589973827871, 'lag_20': 0.5533515998161891, 'lag_21': 0.6237955509560655, 'lag_22': 0.6448795711078499, 'lag_23': 0.6501187286140724, 'lag_24': 0.6470058782997813, 'lag_25': 0.6795053305615921, 'lag_26': 0.09638591703314942, 'lag_27': 0.2143959709482509, 'lag_28': 0.46852142289820337}. Best is trial 32 with value: 0.014365076654294418.
[I 2025-09-29 11:53:51,963] Trial 44 finished with value: 0.014849018578944943 and parameters: {'lag_0': 0.6857870990762938, 'lag_1': 0.8911392793466331, 'lag_2': 0.08090143157410781, 'lag_3': 0.8580388473352019, 'lag_4': 0.24859428000478823, 'lag_5': 0.9101009914502944, 'lag_6': 0.9337620445469064, 'lag_7': 0.9994844189077128, 'lag_8': 0.14910325621597526, 'lag_9': 0.279872957439669, 'lag_10': 0.6884818379338146, 'lag_11': 0.9332950771663474, 'lag_12': 0.6592024417630604, 'lag_13': 0.26422030400122565, 'lag_14': 0.411212288994475, 'lag_15': 0.22142625374825609, 'lag_16': 0.3903550221814167, 'lag_17': 0.8153800134486385, 'lag_18': 0.6446943763075439, 'lag_19': 0.8504263210735177, 'lag_20': 0.8190678678622533, 'lag_21': 0.43734243650670535, 'lag_22': 0.9419346235017052, 'lag_23': 0.5345247071142488, 'lag_24': 0.5840538634805105, 'lag_25': 0.6311351749154476, 'lag_26': 0.32048129399558, 'lag_27': 0.5294195539640499, 'lag_28': 0.5696289363290883}. Best is trial 32 with value: 0.014365076654294418.
[I 2025-09-29 11:53:54,466] Trial 45 finished with value: 0.014753897727921125 and parameters: {'lag_0': 0.5323729308192162, 'lag_1': 0.8175886961627767, 'lag_2': 0.31915234566779965, 'lag_3': 0.7550988897504337, 'lag_4': 0.19779387065470905, 'lag_5': 0.696373802749004, 'lag_6': 0.7243973242289267, 'lag_7': 0.6399096128192187, 'lag_8': 0.5832353689101548, 'lag_9': 0.35125837595397663, 'lag_10': 0.24997263130252667, 'lag_11': 0.6775748582829095, 'lag_12': 0.4321213466349042, 'lag_13': 0.37923482984952617, 'lag_14': 0.6805766730538667, 'lag_15': 0.45525993256846403, 'lag_16': 0.2265867245334737, 'lag_17': 0.8802567200634406, 'lag_18': 0.29702537467161605, 'lag_19': 0.588075099366316, 'lag_20': 0.9903933129449037, 'lag_21': 0.34234727657814334, 'lag_22': 0.2857459395684453, 'lag_23': 0.7479554584216297, 'lag_24': 0.5258078373268025, 'lag_25': 0.7777740497114995, 'lag_26': 0.8136502704900761, 'lag_27': 0.39229627168781167, 'lag_28': 0.8622087769821041}. Best is trial 32 with value: 0.014365076654294418.
[I 2025-09-29 11:53:56,977] Trial 46 finished with value: 0.014693630657613019 and parameters: {'lag_0': 0.5971879646154317, 'lag_1': 0.769917676817547, 'lag_2': 0.1522894553738744, 'lag_3': 0.5923843899648285, 'lag_4': 0.5630697869520722, 'lag_5': 0.5485438207289575, 'lag_6': 0.5768703424472263, 'lag_7': 0.9102952107097408, 'lag_8': 0.04006134660853788, 'lag_9': 0.1703236653603066, 'lag_10': 0.6144037046427743, 'lag_11': 0.5719241274304403, 'lag_12': 0.3043707111724463, 'lag_13': 0.1539252774355963, 'lag_14': 0.561404414104987, 'lag_15': 0.2581297004941119, 'lag_16': 0.5268571236041488, 'lag_17': 0.5459024008700375, 'lag_18': 0.6153747035772106, 'lag_19': 0.7029093308383075, 'lag_20': 0.011928995918322402, 'lag_21': 0.7598199188379533, 'lag_22': 0.7819293772525111, 'lag_23': 0.9970039811452304, 'lag_24': 0.6879829016847252, 'lag_25': 0.9354437311934471, 'lag_26': 0.2658101108956842, 'lag_27': 0.4730360542741289, 'lag_28': 0.6619142100037292}. Best is trial 32 with value: 0.014365076654294418.
[I 2025-09-29 11:53:59,501] Trial 47 finished with value: 0.01486887143037518 and parameters: {'lag_0': 0.4255998686316499, 'lag_1': 0.44651464627031623, 'lag_2': 0.5860792552072931, 'lag_3': 0.4612360310689024, 'lag_4': 0.12421535136405526, 'lag_5': 0.6098287326518363, 'lag_6': 0.8810999657607559, 'lag_7': 0.8654157335132306, 'lag_8': 0.28565095281544944, 'lag_9': 0.42253810727750546, 'lag_10': 0.5369530152933581, 'lag_11': 0.8464761006823014, 'lag_12': 0.580042879799731, 'lag_13': 0.10416590611291453, 'lag_14': 0.5051130780305126, 'lag_15': 0.3270941973503066, 'lag_16': 0.029039067704580396, 'lag_17': 0.6323271444916051, 'lag_18': 0.7320670837115626, 'lag_19': 0.458350825797932, 'lag_20': 0.9262216422093776, 'lag_21': 0.5630970228954219, 'lag_22': 0.9009710363036063, 'lag_23': 0.8125002500336459, 'lag_24': 0.8767616021444058, 'lag_25': 0.6908621641156033, 'lag_26': 0.9181833274679991, 'lag_27': 0.13487145301587228, 'lag_28': 0.6935464176028787}. Best is trial 32 with value: 0.014365076654294418.
[I 2025-09-29 11:54:02,008] Trial 48 finished with value: 0.01473043683260417 and parameters: {'lag_0': 0.6552475067710903, 'lag_1': 0.9503204035585879, 'lag_2': 0.5051562815202748, 'lag_3': 0.6779359164830202, 'lag_4': 0.06396171435972559, 'lag_5': 0.7749056764030275, 'lag_6': 0.6879073085057246, 'lag_7': 0.7044165772910448, 'lag_8': 0.11756259828363222, 'lag_9': 0.05372563936418312, 'lag_10': 0.4750346132445208, 'lag_11': 0.5102430432296806, 'lag_12': 0.07192341539297709, 'lag_13': 0.00014732804115548392, 'lag_14': 0.30037096902957505, 'lag_15': 0.5238656393382446, 'lag_16': 0.2789497247208708, 'lag_17': 0.7282400762767101, 'lag_18': 0.5106858447477365, 'lag_19': 0.9575781527698833, 'lag_20': 0.39514052077015743, 'lag_21': 0.5133939428564087, 'lag_22': 0.3761325772877338, 'lag_23': 0.670084433907261, 'lag_24': 0.3437228233410526, 'lag_25': 0.5641661090624286, 'lag_26': 0.5777551977259316, 'lag_27': 0.21650808556891002, 'lag_28': 0.9410518536685109}. Best is trial 32 with value: 0.014365076654294418.
[I 2025-09-29 11:54:04,520] Trial 49 finished with value: 0.01486074268373419 and parameters: {'lag_0': 0.39319246648205497, 'lag_1': 0.25865400518242165, 'lag_2': 0.057917086465578305, 'lag_3': 0.9951790340021318, 'lag_4': 0.2923698657571666, 'lag_5': 0.7335535207785271, 'lag_6': 0.9552534490087283, 'lag_7': 0.8149485096968941, 'lag_8': 0.09864149446559439, 'lag_9': 0.34553743049957325, 'lag_10': 0.34275517747636736, 'lag_11': 0.9352056291384139, 'lag_12': 0.20644431175146272, 'lag_13': 0.0568829918269953, 'lag_14': 0.13030100283770285, 'lag_15': 0.7455422359335993, 'lag_16': 0.14040371348763298, 'lag_17': 0.41018068061016455, 'lag_18': 0.43599456266687864, 'lag_19': 0.7859640918814567, 'lag_20': 0.05357993419071591, 'lag_21': 0.6165696376474111, 'lag_22': 0.6970989203803908, 'lag_23': 0.6051587246199384, 'lag_24': 0.7523602810926924, 'lag_25': 0.8773535473836414, 'lag_26': 0.4570909555814668, 'lag_27': 0.4506037425858848, 'lag_28': 0.614038123652093}. Best is trial 32 with value: 0.014365076654294418.
[I 2025-09-29 11:54:07,034] Trial 50 finished with value: 0.014053522189399684 and parameters: {'lag_0': 0.2927053258444891, 'lag_1': 0.5303640645679244, 'lag_2': 0.357975884429162, 'lag_3': 0.51663749518356, 'lag_4': 0.03439811233576476, 'lag_5': 0.4702343893579321, 'lag_6': 0.4769182218476609, 'lag_7': 0.2370367603327749, 'lag_8': 0.42726291870237443, 'lag_9': 0.13852381721520762, 'lag_10': 0.09914490317043223, 'lag_11': 0.41037971879010565, 'lag_12': 0.5062066805653054, 'lag_13': 0.3125436924534682, 'lag_14': 0.7858636355234859, 'lag_15': 0.01459301870068469, 'lag_16': 0.3727701525845379, 'lag_17': 0.3814374396628451, 'lag_18': 0.2588820216458395, 'lag_19': 0.6499188111671939, 'lag_20': 0.14793861758334237, 'lag_21': 0.295308664267937, 'lag_22': 0.2644830967805564, 'lag_23': 0.897142826424343, 'lag_24': 0.6132577884879221, 'lag_25': 0.5405011101815697, 'lag_26': 0.6637018710765151, 'lag_27': 0.6901595700558634, 'lag_28': 0.7498364135210226}. Best is trial 50 with value: 0.014053522189399684.
[I 2025-09-29 11:54:09,549] Trial 51 finished with value: 0.014818094348406027 and parameters: {'lag_0': 0.296495744696107, 'lag_1': 0.5373901625079509, 'lag_2': 0.3918699060361392, 'lag_3': 0.5122549431039469, 'lag_4': 0.03385188505280178, 'lag_5': 0.4665922235489052, 'lag_6': 0.3372207634500439, 'lag_7': 0.24424429401190573, 'lag_8': 0.4416381772077059, 'lag_9': 0.20855526497355373, 'lag_10': 0.0839166690387739, 'lag_11': 0.3306385951732494, 'lag_12': 0.49313842968278176, 'lag_13': 0.3096751929787369, 'lag_14': 0.7936202003006527, 'lag_15': 0.016405046766048814, 'lag_16': 0.3913744573970272, 'lag_17': 0.46825162323010233, 'lag_18': 0.2567648118400257, 'lag_19': 0.6259882717581761, 'lag_20': 0.15251175818784657, 'lag_21': 0.300973913169209, 'lag_22': 0.2612826458571873, 'lag_23': 0.894823853970615, 'lag_24': 0.6120441999760845, 'lag_25': 0.518532554768457, 'lag_26': 0.6515330986831469, 'lag_27': 0.9028927281885122, 'lag_28': 0.7519386561609833}. Best is trial 50 with value: 0.014053522189399684.
[I 2025-09-29 11:54:12,061] Trial 52 finished with value: 0.014886254996322618 and parameters: {'lag_0': 0.23491655512321535, 'lag_1': 0.44906594715876613, 'lag_2': 0.23395975027087812, 'lag_3': 0.4022955581266716, 'lag_4': 0.1174995983776414, 'lag_5': 0.5850800755174148, 'lag_6': 0.49098436110539995, 'lag_7': 0.09539639315628451, 'lag_8': 0.7812143814717275, 'lag_9': 0.27123258954889323, 'lag_10': 0.15336069607367991, 'lag_11': 0.43316188097122676, 'lag_12': 0.45393049788599193, 'lag_13': 0.2473018381876179, 'lag_14': 0.7088613889425202, 'lag_15': 0.09639488125978413, 'lag_16': 0.2934059232821328, 'lag_17': 0.38825652945286726, 'lag_18': 0.3135881373669598, 'lag_19': 0.6635720595696504, 'lag_20': 0.1105644222049568, 'lag_21': 0.22724176670054902, 'lag_22': 0.4613089811384692, 'lag_23': 0.793736963103826, 'lag_24': 0.671444271497949, 'lag_25': 0.5365890135754536, 'lag_26': 0.7357320107892058, 'lag_27': 0.7834410980869004, 'lag_28': 0.842526890931552}. Best is trial 50 with value: 0.014053522189399684.
[I 2025-09-29 11:54:14,573] Trial 53 finished with value: 0.014596700615163955 and parameters: {'lag_0': 0.4634315361577861, 'lag_1': 0.6450612256624028, 'lag_2': 0.3263398740111952, 'lag_3': 0.6048767098532883, 'lag_4': 0.17795673383218882, 'lag_5': 0.5352842373804412, 'lag_6': 0.6313563084934992, 'lag_7': 0.0065069836386106306, 'lag_8': 0.5353446489725066, 'lag_9': 0.13880341128552737, 'lag_10': 0.9268055268143818, 'lag_11': 0.2349386370166874, 'lag_12': 0.5243811462232788, 'lag_13': 0.3644225278870985, 'lag_14': 0.9218328348378856, 'lag_15': 0.1472678488845528, 'lag_16': 0.5796668858715462, 'lag_17': 0.659367083475384, 'lag_18': 0.36828901376080697, 'lag_19': 0.8915458556962164, 'lag_20': 0.00014088875002680416, 'lag_21': 0.41117533447342625, 'lag_22': 0.17203260534955211, 'lag_23': 0.9205967515904269, 'lag_24': 0.5597339507949095, 'lag_25': 0.6346523221895474, 'lag_26': 0.6902307366118207, 'lag_27': 0.6777972649364884, 'lag_28': 0.7022640783338581}. Best is trial 50 with value: 0.014053522189399684.
[I 2025-09-29 11:54:17,087] Trial 54 finished with value: 0.015060865004247349 and parameters: {'lag_0': 0.35687701840086566, 'lag_1': 0.3784360176763576, 'lag_2': 0.14822142772922225, 'lag_3': 0.5456882833705133, 'lag_4': 0.3578733528207606, 'lag_5': 0.4565209709600511, 'lag_6': 0.7941728915176697, 'lag_7': 0.20083903868194464, 'lag_8': 0.6765548933462394, 'lag_9': 0.5952861724661241, 'lag_10': 0.223909214298607, 'lag_11': 0.4021611088324491, 'lag_12': 0.36680667730425065, 'lag_13': 0.1695989203817026, 'lag_14': 0.7465578197575451, 'lag_15': 0.03633534711908448, 'lag_16': 0.35422343274088575, 'lag_17': 0.5966621331102744, 'lag_18': 0.46579408132190503, 'lag_19': 0.5692680008416944, 'lag_20': 0.19517528439560516, 'lag_21': 0.30755989614260754, 'lag_22': 0.5390931905030948, 'lag_23': 0.84282816933479, 'lag_24': 0.4710026867263488, 'lag_25': 0.8011532264574585, 'lag_26': 0.6498560654777312, 'lag_27': 0.7225287606846389, 'lag_28': 0.8099961439090054}. Best is trial 50 with value: 0.014053522189399684.
[I 2025-09-29 11:54:19,600] Trial 55 finished with value: 0.014854827824751171 and parameters: {'lag_0': 0.5119086615109814, 'lag_1': 0.8695779641838273, 'lag_2': 0.4678522219305351, 'lag_3': 0.8087545266129387, 'lag_4': 0.5320760326436593, 'lag_5': 0.6653227491102791, 'lag_6': 0.4847366441366489, 'lag_7': 0.6066824670228638, 'lag_8': 0.23228117523215885, 'lag_9': 0.06267781754711921, 'lag_10': 0.6318792692268649, 'lag_11': 0.4868558235043639, 'lag_12': 0.2842793000498428, 'lag_13': 0.2339100352998098, 'lag_14': 0.8343391073929739, 'lag_15': 0.4132263368389919, 'lag_16': 0.22827838840988018, 'lag_17': 0.33319300264638185, 'lag_18': 0.3900097596206583, 'lag_19': 0.8293505034242421, 'lag_20': 0.13886658709462293, 'lag_21': 0.46674820999110245, 'lag_22': 0.3436153538269964, 'lag_23': 0.7362837011173722, 'lag_24': 0.7119188775671714, 'lag_25': 0.7345183089206068, 'lag_26': 0.14379136421931898, 'lag_27': 0.5222869138342172, 'lag_28': 0.8866349642080121}. Best is trial 50 with value: 0.014053522189399684.
[I 2025-09-29 11:54:22,106] Trial 56 finished with value: 0.01481279873150336 and parameters: {'lag_0': 0.5587969282009476, 'lag_1': 0.82476120235636, 'lag_2': 0.27873898000320674, 'lag_3': 0.48439873470286327, 'lag_4': 0.5975838522377193, 'lag_5': 0.9384681508792505, 'lag_6': 0.8412008879393789, 'lag_7': 0.9608819063246576, 'lag_8': 0.035149817410172035, 'lag_9': 0.521484741085013, 'lag_10': 0.09929570584755465, 'lag_11': 0.19843585916646955, 'lag_12': 0.6731964767645492, 'lag_13': 0.47602409479819685, 'lag_14': 0.6494266814484829, 'lag_15': 0.27157349089120886, 'lag_16': 0.15208428327541323, 'lag_17': 0.5325508999918763, 'lag_18': 0.543301610265024, 'lag_19': 0.7386835479231006, 'lag_20': 0.07634185406819531, 'lag_21': 0.5459580495970119, 'lag_22': 0.0486718856472696, 'lag_23': 0.8630410533742472, 'lag_24': 0.43684812896538505, 'lag_25': 0.4333519998102945, 'lag_26': 0.6186240365073632, 'lag_27': 0.6398483504768566, 'lag_28': 0.7510213983021562}. Best is trial 50 with value: 0.014053522189399684.
[I 2025-09-29 11:54:24,618] Trial 57 finished with value: 0.014698742081571733 and parameters: {'lag_0': 0.20660361057182908, 'lag_1': 0.7522799229377668, 'lag_2': 0.8524260130246569, 'lag_3': 0.6835885759883604, 'lag_4': 0.03464513091010627, 'lag_5': 0.8298643783832179, 'lag_6': 0.3975988403188832, 'lag_7': 0.2819016689236875, 'lag_8': 0.160683213812779, 'lag_9': 0.15353498375407273, 'lag_10': 0.5573341232739457, 'lag_11': 0.5360744789190163, 'lag_12': 0.5616059080485837, 'lag_13': 0.5744572449155788, 'lag_14': 0.593872656596831, 'lag_15': 0.6078107252069058, 'lag_16': 0.1932202794353875, 'lag_17': 0.4752557408481185, 'lag_18': 0.28234494290116297, 'lag_19': 0.49428768318428873, 'lag_20': 0.3460605705804449, 'lag_21': 0.7355378850612889, 'lag_22': 0.16461156688197318, 'lag_23': 0.6872435286396772, 'lag_24': 0.06935104345159138, 'lag_25': 0.2961067046147126, 'lag_26': 0.7719338283349068, 'lag_27': 0.8697951182483005, 'lag_28': 0.11490694128415974}. Best is trial 50 with value: 0.014053522189399684.
[I 2025-09-29 11:54:27,139] Trial 58 finished with value: 0.014719130547145446 and parameters: {'lag_0': 0.28291409847403864, 'lag_1': 0.7066568899849728, 'lag_2': 0.6594652755967816, 'lag_3': 0.7661057466893139, 'lag_4': 0.12921762816000643, 'lag_5': 0.7111845314187394, 'lag_6': 0.9761360443160632, 'lag_7': 0.7587985515232026, 'lag_8': 0.36945855331601885, 'lag_9': 0.460007338918396, 'lag_10': 0.8024405351779097, 'lag_11': 0.7410016963157643, 'lag_12': 0.4037912337207526, 'lag_13': 0.41914506052594197, 'lag_14': 0.2143748383017885, 'lag_15': 0.07760369132938394, 'lag_16': 0.06598638473869982, 'lag_17': 0.2858085728852009, 'lag_18': 0.32938832021493747, 'lag_19': 0.9598098853116669, 'lag_20': 0.03820842636783279, 'lag_21': 0.37997937613093336, 'lag_22': 0.30783863702511505, 'lag_23': 0.7611350002000483, 'lag_24': 0.6321259698146434, 'lag_25': 0.48550730338115344, 'lag_26': 0.8318923245855077, 'lag_27': 0.3068613980388961, 'lag_28': 0.670022175487654}. Best is trial 50 with value: 0.014053522189399684.
[I 2025-09-29 11:54:29,648] Trial 59 finished with value: 0.014507030644249486 and parameters: {'lag_0': 0.40217559352493243, 'lag_1': 0.4810581209879543, 'lag_2': 0.36882074176820195, 'lag_3': 0.5256230077949284, 'lag_4': 0.4651057051330639, 'lag_5': 0.6284973861814919, 'lag_6': 0.2000726538455203, 'lag_7': 0.4730305907826011, 'lag_8': 0.2859589976726739, 'lag_9': 0.21456266908351254, 'lag_10': 0.6979536831375553, 'lag_11': 0.5780226328963142, 'lag_12': 0.608421018982737, 'lag_13': 0.30515525109781355, 'lag_14': 0.39788047128944487, 'lag_15': 0.12811206579323872, 'lag_16': 0.5071115814114758, 'lag_17': 0.3737166883988854, 'lag_18': 0.2068152844048291, 'lag_19': 0.683495294002359, 'lag_20': 0.24855791279749095, 'lag_21': 0.2638021219594389, 'lag_22': 0.39913336385022397, 'lag_23': 0.5352137858365802, 'lag_24': 0.5976351903488647, 'lag_25': 0.5747124703723756, 'lag_26': 0.010078908197559244, 'lag_27': 0.9953165854336172, 'lag_28': 0.5006309052728178}. Best is trial 50 with value: 0.014053522189399684.
[I 2025-09-29 11:54:32,156] Trial 60 finished with value: 0.014615681718858076 and parameters: {'lag_0': 0.3284607283648371, 'lag_1': 0.603075405482577, 'lag_2': 0.05047988505820916, 'lag_3': 0.6317110237047207, 'lag_4': 0.23592292564195858, 'lag_5': 0.8950718702596628, 'lag_6': 0.7493680525008316, 'lag_7': 0.5397022831959097, 'lag_8': 0.40169056574551687, 'lag_9': 0.40125237783362544, 'lag_10': 0.27030751164441347, 'lag_11': 0.8814670288242448, 'lag_12': 0.49489783620298383, 'lag_13': 0.08382362972667709, 'lag_14': 0.09477445109484513, 'lag_15': 0.23794649629658068, 'lag_16': 0.2648265739240723, 'lag_17': 0.5604437157360281, 'lag_18': 0.41452651045680866, 'lag_19': 0.30418537426584563, 'lag_20': 0.5675906942640595, 'lag_21': 0.821795156844065, 'lag_22': 0.4444453999722972, 'lag_23': 0.9151325515388824, 'lag_24': 0.20543018994474044, 'lag_25': 0.4058481015283481, 'lag_26': 0.4937942765772495, 'lag_27': 0.345901582504606, 'lag_28': 0.9683962286408376}. Best is trial 50 with value: 0.014053522189399684.
