[I 2025-09-29 11:55:27,585] Trial 82 finished with value: 0.014880432820747361 and parameters: {'lag_0': 0.4408133161978743, 'lag_1': 0.47084428871560147, 'lag_2': 0.434050345719385, 'lag_3': 0.5267248379956584, 'lag_4': 0.34822254771024014, 'lag_5': 0.6352283776954268, 'lag_6': 0.2363715596295341, 'lag_7': 0.4983627362284118, 'lag_8': 0.2661995863882207, 'lag_9': 0.15837403444804304, 'lag_10': 0.693212044750828, 'lag_11': 0.5393878371046598, 'lag_12': 0.530434646150599, 'lag_13': 0.31680726915336144, 'lag_14': 0.400613446131049, 'lag_15': 0.18399460686442548, 'lag_16': 0.6298657655845112, 'lag_17': 0.3970328228177581, 'lag_18': 0.25328331405520066, 'lag_19': 0.6592586513770913, 'lag_20': 0.17382587659995752, 'lag_21': 0.3290273210996555, 'lag_22': 0.4194541308764754, 'lag_23': 0.5435719253279062, 'lag_24': 0.6944254714252119, 'lag_25': 0.6681723323252893, 'lag_26': 0.09743751228636688, 'lag_27': 0.9928782815707586, 'lag_28': 0.34502042371780584}. Best is trial 50 with value: 0.014053522189399684.
[I 2025-09-29 11:55:30,102] Trial 83 finished with value: 0.014631134467667997 and parameters: {'lag_0': 0.3947643027121433, 'lag_1': 0.4090778955352773, 'lag_2': 0.29410328759405263, 'lag_3': 0.5412465957766982, 'lag_4': 0.46859390822268177, 'lag_5': 0.7512153559719339, 'lag_6': 0.1514973367214852, 'lag_7': 0.4679811414445202, 'lag_8': 0.4060805328632386, 'lag_9': 0.19704916983101847, 'lag_10': 0.5227018456181755, 'lag_11': 0.6160269785872687, 'lag_12': 0.5975063009719443, 'lag_13': 0.3584843167073818, 'lag_14': 0.46526076054463866, 'lag_15': 0.5362363103680425, 'lag_16': 0.7514763857267086, 'lag_17': 0.3657205434440861, 'lag_18': 0.3092091387640676, 'lag_19': 0.6069256377641169, 'lag_20': 0.32282436119377467, 'lag_21': 0.20047489758620546, 'lag_22': 0.39995204527906497, 'lag_23': 0.6156429152106578, 'lag_24': 0.5956306141173779, 'lag_25': 0.5886943024852789, 'lag_26': 0.1984870400902894, 'lag_27': 0.09715274808819635, 'lag_28': 0.5200885977497589}. Best is trial 50 with value: 0.014053522189399684.
[I 2025-09-29 11:55:32,615] Trial 84 finished with value: 0.01465242073336187 and parameters: {'lag_0': 0.3616948994584417, 'lag_1': 0.5299142275150736, 'lag_2': 0.3877369383307591, 'lag_3': 0.41083132700496344, 'lag_4': 0.5667640235471193, 'lag_5': 0.6086985421132247, 'lag_6': 0.9317408701777874, 'lag_7': 0.5895887029670996, 'lag_8': 0.2490663557529783, 'lag_9': 0.11365699619763758, 'lag_10': 0.8307182355442024, 'lag_11': 0.5043704211720523, 'lag_12': 0.6303865079117322, 'lag_13': 0.43072188504325737, 'lag_14': 0.035573114140970453, 'lag_15': 0.11372162824122087, 'lag_16': 0.2097662170580758, 'lag_17': 0.6153980787164597, 'lag_18': 0.12961169215708934, 'lag_19': 0.6441915550829906, 'lag_20': 0.3715119848317352, 'lag_21': 0.39124917536666803, 'lag_22': 0.5251930829944405, 'lag_23': 0.8956239469597196, 'lag_24': 0.5198580821734373, 'lag_25': 0.503104748110372, 'lag_26': 0.022502741560820938, 'lag_27': 0.9633313411388247, 'lag_28': 0.9096565544387414}. Best is trial 50 with value: 0.014053522189399684.
[I 2025-09-29 11:55:35,135] Trial 85 finished with value: 0.014562332016820634 and parameters: {'lag_0': 0.5051831143973893, 'lag_1': 0.49310358608074145, 'lag_2': 0.030287316387556988, 'lag_3': 0.704012007015885, 'lag_4': 0.4509883386839697, 'lag_5': 0.4369963070312653, 'lag_6': 0.19002186400751017, 'lag_7': 0.13274189759506663, 'lag_8': 0.3092174044945235, 'lag_9': 0.9355419774832324, 'lag_10': 0.050300884301556235, 'lag_11': 0.6770585127783783, 'lag_12': 0.5564156043775642, 'lag_13': 0.2907415938502449, 'lag_14': 0.14058850480530177, 'lag_15': 0.5822253616004315, 'lag_16': 0.5844301705615281, 'lag_17': 0.3725552482282492, 'lag_18': 0.4019773664134224, 'lag_19': 0.714600363108274, 'lag_20': 0.3022324102661313, 'lag_21': 0.5621771211036422, 'lag_22': 0.290532276168146, 'lag_23': 0.743663272773758, 'lag_24': 0.6495354117301408, 'lag_25': 0.6598090606924574, 'lag_26': 0.29026299379504106, 'lag_27': 0.16403859267112542, 'lag_28': 0.4097206110172067}. Best is trial 50 with value: 0.014053522189399684.
[I 2025-09-29 11:55:37,644] Trial 86 finished with value: 0.014543747880759938 and parameters: {'lag_0': 0.3509721014415777, 'lag_1': 0.4238991298813602, 'lag_2': 0.45969099931301727, 'lag_3': 0.4470618353972246, 'lag_4': 0.31503628071483686, 'lag_5': 0.3776896004065872, 'lag_6': 0.9601407363869812, 'lag_7': 0.4657980189376015, 'lag_8': 0.20318318016371473, 'lag_9': 0.22629604954822344, 'lag_10': 0.5990144314330662, 'lag_11': 0.5766208204628043, 'lag_12': 0.7607591616570952, 'lag_13': 0.8247305663994934, 'lag_14': 0.7937857983152424, 'lag_15': 0.31942512610178025, 'lag_16': 0.1741835267715325, 'lag_17': 0.2533552995430661, 'lag_18': 0.19540712270212543, 'lag_19': 0.005235574534850518, 'lag_20': 0.23387391684832431, 'lag_21': 0.26427547112497096, 'lag_22': 0.4800958378017265, 'lag_23': 0.4171389985045644, 'lag_24': 0.5549281442684926, 'lag_25': 0.719040583724829, 'lag_26': 0.1382869074907042, 'lag_27': 0.8020398934428441, 'lag_28': 0.6448054199040681}. Best is trial 50 with value: 0.014053522189399684.
[I 2025-09-29 11:55:40,162] Trial 87 finished with value: 0.014969000839674892 and parameters: {'lag_0': 0.26790545314821734, 'lag_1': 0.48954839428121644, 'lag_2': 0.32863229837357316, 'lag_3': 0.13127907481825984, 'lag_4': 0.394722603761187, 'lag_5': 0.5197098389026023, 'lag_6': 0.2699386393487948, 'lag_7': 0.37675653549787114, 'lag_8': 0.10330022628909555, 'lag_9': 0.31698292822401763, 'lag_10': 0.6359499196683477, 'lag_11': 0.7386666361460729, 'lag_12': 0.6503580942267208, 'lag_13': 0.1082219659758235, 'lag_14': 0.07414889990410577, 'lag_15': 0.2916988683862405, 'lag_16': 0.4779799807712556, 'lag_17': 0.775470685602383, 'lag_18': 0.4886102852558877, 'lag_19': 0.9758873332035092, 'lag_20': 0.0932026004263343, 'lag_21': 0.3659123771159111, 'lag_22': 0.2310517930086998, 'lag_23': 0.13787315458938038, 'lag_24': 0.7908298552901402, 'lag_25': 0.5541544488582788, 'lag_26': 0.7223961003887057, 'lag_27': 0.9302903122765332, 'lag_28': 0.39181002930301606}. Best is trial 50 with value: 0.014053522189399684.
[I 2025-09-29 11:55:42,681] Trial 88 finished with value: 0.0146717487542127 and parameters: {'lag_0': 0.5430988310410418, 'lag_1': 0.3543920174549331, 'lag_2': 0.5024757657374208, 'lag_3': 0.6124892864925886, 'lag_4': 0.06907908806881205, 'lag_5': 0.5852546263015905, 'lag_6': 0.057027666876760204, 'lag_7': 0.3289433596900129, 'lag_8': 0.18337272184139478, 'lag_9': 0.35999205897001085, 'lag_10': 0.6704457136817671, 'lag_11': 0.42400073297097507, 'lag_12': 0.9109690338073119, 'lag_13': 0.4742189941868898, 'lag_14': 0.38298720355503596, 'lag_15': 0.06549998688996798, 'lag_16': 0.5550393124642726, 'lag_17': 0.45083008261613167, 'lag_18': 0.03684433317979158, 'lag_19': 0.8452194228737954, 'lag_20': 0.04157976285554418, 'lag_21': 0.7902655830504095, 'lag_22': 0.323541573444027, 'lag_23': 0.20449469037151435, 'lag_24': 0.7633830649141989, 'lag_25': 0.6269530311092352, 'lag_26': 0.05327808259477301, 'lag_27': 0.39672140799203104, 'lag_28': 0.85364210093383}. Best is trial 50 with value: 0.014053522189399684.
[I 2025-09-29 11:55:45,198] Trial 89 finished with value: 0.014778704131397525 and parameters: {'lag_0': 0.4543237303691056, 'lag_1': 0.7052452506217414, 'lag_2': 0.2619001880020453, 'lag_3': 0.04353199872634311, 'lag_4': 0.03279494165610503, 'lag_5': 0.8199780227126873, 'lag_6': 0.3688377824221577, 'lag_7': 0.7869574802303693, 'lag_8': 0.13737405310891287, 'lag_9': 0.8180460242641426, 'lag_10': 0.8033202228953621, 'lag_11': 0.5526312307895396, 'lag_12': 0.6923347467042421, 'lag_13': 0.2277350593528954, 'lag_14': 0.4422100277487549, 'lag_15': 0.47621055743215707, 'lag_16': 0.7065952266535124, 'lag_17': 0.7256140774395762, 'lag_18': 0.45088344629390154, 'lag_19': 0.9111029601552872, 'lag_20': 0.0024158048853955005, 'lag_21': 0.42723730954514416, 'lag_22': 0.7769634653602403, 'lag_23': 0.6795605759274963, 'lag_24': 0.2818550929554028, 'lag_25': 0.4457563094531093, 'lag_26': 0.9436546552138029, 'lag_27': 0.8618797739774027, 'lag_28': 0.49556071868120055}. Best is trial 50 with value: 0.014053522189399684.
[I 2025-09-29 11:55:47,711] Trial 90 finished with value: 0.014564731911637235 and parameters: {'lag_0': 0.8866587841139092, 'lag_1': 0.78178943007761, 'lag_2': 0.07120871791654568, 'lag_3': 0.4738478984952241, 'lag_4': 0.8419319630924568, 'lag_5': 0.7164498694918464, 'lag_6': 0.9057182877287318, 'lag_7': 0.7232706811985238, 'lag_8': 0.5351738759531445, 'lag_9': 0.2608011285098018, 'lag_10': 0.7250949833100526, 'lag_11': 0.4715482019683442, 'lag_12': 0.045458802926011, 'lag_13': 0.2594075343170136, 'lag_14': 0.02325290463186162, 'lag_15': 0.4347950124768795, 'lag_16': 0.41922374242853555, 'lag_17': 0.31296181602794365, 'lag_18': 0.1734459853285868, 'lag_19': 0.7351642233269221, 'lag_20': 0.2206246323185401, 'lag_21': 0.7198200074614468, 'lag_22': 0.39001907936849395, 'lag_23': 0.291025330000301, 'lag_24': 0.49265718752859, 'lag_25': 0.5775825554878625, 'lag_26': 0.614269120183587, 'lag_27': 0.7140135488402689, 'lag_28': 0.6791700907503866}. Best is trial 50 with value: 0.014053522189399684.
[I 2025-09-29 11:55:50,227] Trial 91 finished with value: 0.014791866278971538 and parameters: {'lag_0': 0.12197774385454227, 'lag_1': 0.6254117281836764, 'lag_2': 0.04861673705075671, 'lag_3': 0.007838128107585732, 'lag_4': 0.22190331645590403, 'lag_5': 0.8649744240693139, 'lag_6': 0.886728710436038, 'lag_7': 0.3282764629064379, 'lag_8': 0.1102307126732118, 'lag_9': 0.9994835312555091, 'lag_10': 0.9079970397136993, 'lag_11': 0.9704526309605225, 'lag_12': 0.4615693792514373, 'lag_13': 0.21391571214958657, 'lag_14': 0.0033422785762574994, 'lag_15': 0.5184762192366487, 'lag_16': 0.13628930482305457, 'lag_17': 0.20271416863215197, 'lag_18': 0.11528424999431021, 'lag_19': 0.2570086166004135, 'lag_20': 0.06640899236221404, 'lag_21': 0.012412119685029597, 'lag_22': 0.3529598296064759, 'lag_23': 0.25496936795497827, 'lag_24': 0.07142929032416305, 'lag_25': 0.5253241707356602, 'lag_26': 0.7730607893446318, 'lag_27': 0.6122021009911133, 'lag_28': 0.8047366973586635}. Best is trial 50 with value: 0.014053522189399684.
[I 2025-09-29 11:55:52,739] Trial 92 finished with value: 0.014980902790239562 and parameters: {'lag_0': 0.0656916306394647, 'lag_1': 0.7229288325342655, 'lag_2': 0.1399777950724207, 'lag_3': 0.1121904143479113, 'lag_4': 0.26221107781495084, 'lag_5': 0.9140806430838344, 'lag_6': 0.8604220553896352, 'lag_7': 0.34858779481516355, 'lag_8': 0.2287065744686937, 'lag_9': 0.9496064771709078, 'lag_10': 0.8679276051221143, 'lag_11': 0.919850610505553, 'lag_12': 0.4966859938528161, 'lag_13': 0.6916421060754977, 'lag_14': 0.08279165491233631, 'lag_15': 0.5582367249770104, 'lag_16': 0.3655926298981316, 'lag_17': 0.10891476206547394, 'lag_18': 0.15748421341261104, 'lag_19': 0.445406233562396, 'lag_20': 0.7677473800855193, 'lag_21': 0.042599829865797495, 'lag_22': 0.36410609617522693, 'lag_23': 0.2265997273358887, 'lag_24': 0.0032480124838138143, 'lag_25': 0.6426526664845496, 'lag_26': 0.7501917418168024, 'lag_27': 0.5939243751221104, 'lag_28': 0.7329604946029061}. Best is trial 50 with value: 0.014053522189399684.
[I 2025-09-29 11:55:55,254] Trial 93 finished with value: 0.01519997617147173 and parameters: {'lag_0': 0.17699591122470837, 'lag_1': 0.8114205707999074, 'lag_2': 0.09335584021362382, 'lag_3': 0.17333412464511527, 'lag_4': 0.11062611393017333, 'lag_5': 0.7882498383767971, 'lag_6': 0.9783432488332219, 'lag_7': 0.517810390292825, 'lag_8': 0.2872290668786076, 'lag_9': 0.8923544392188896, 'lag_10': 0.9559032788835509, 'lag_11': 0.9450213911218436, 'lag_12': 0.6155450299948655, 'lag_13': 0.16661837864157433, 'lag_14': 0.03347586317117697, 'lag_15': 0.5967147834296965, 'lag_16': 0.40910378306779527, 'lag_17': 0.5372792381545404, 'lag_18': 0.048616006662166034, 'lag_19': 0.3225594314880647, 'lag_20': 0.9434209639837731, 'lag_21': 0.4588526398876983, 'lag_22': 0.19928999672964023, 'lag_23': 0.8187582680353374, 'lag_24': 0.05629618383284054, 'lag_25': 0.49728691300858496, 'lag_26': 0.6397531631003318, 'lag_27': 0.5269318581069156, 'lag_28': 0.7602095834883463}. Best is trial 50 with value: 0.014053522189399684.
[I 2025-09-29 11:55:57,767] Trial 94 finished with value: 0.015165115545113 and parameters: {'lag_0': 0.589162305236861, 'lag_1': 0.8254547363444185, 'lag_2': 0.189961046874355, 'lag_3': 0.03115392485970996, 'lag_4': 0.9966612402936844, 'lag_5': 0.8362955490216154, 'lag_6': 0.3109710333280462, 'lag_7': 0.43702773904192904, 'lag_8': 0.155270526408329, 'lag_9': 0.9134672337984966, 'lag_10': 0.5658287384573758, 'lag_11': 0.9896147748791431, 'lag_12': 0.5723572076234031, 'lag_13': 0.37582020757961343, 'lag_14': 0.10365928983663561, 'lag_15': 0.6211795339958999, 'lag_16': 0.4796830884291114, 'lag_17': 0.21156358445395257, 'lag_18': 0.07410192194962043, 'lag_19': 0.3755250398451132, 'lag_20': 0.11857625182302926, 'lag_21': 0.12530695800970734, 'lag_22': 0.32688234544598765, 'lag_23': 0.0695485327145706, 'lag_24': 0.5856470107944288, 'lag_25': 0.5482886886163354, 'lag_26': 0.8416933920495537, 'lag_27': 0.22864415488914547, 'lag_28': 0.28092472277289626}. Best is trial 50 with value: 0.014053522189399684.
[I 2025-09-29 11:56:00,292] Trial 95 finished with value: 0.014738197816740217 and parameters: {'lag_0': 0.149323008910982, 'lag_1': 0.8554308655017093, 'lag_2': 0.35872287304337747, 'lag_3': 0.5082182631276987, 'lag_4': 0.14860830289132182, 'lag_5': 0.8862868483009084, 'lag_6': 0.5880552584501826, 'lag_7': 0.27428855933188534, 'lag_8': 0.34227058923108655, 'lag_9': 0.966813182853668, 'lag_10': 0.8441561099445819, 'lag_11': 0.8794854391808122, 'lag_12': 0.5286769089093444, 'lag_13': 0.33835437425320597, 'lag_14': 0.3013518364857114, 'lag_15': 0.19975488112086515, 'lag_16': 0.6589615572710247, 'lag_17': 0.5683630389142391, 'lag_18': 0.007514710699146276, 'lag_19': 0.5277237325141794, 'lag_20': 0.14271392392495882, 'lag_21': 0.08255790504321062, 'lag_22': 0.5772063137080798, 'lag_23': 0.7091461539527063, 'lag_24': 0.1424410250676399, 'lag_25': 0.6804641491790056, 'lag_26': 0.7916040833409179, 'lag_27': 0.50191556020665, 'lag_28': 0.9286429206025522}. Best is trial 50 with value: 0.014053522189399684.
[I 2025-09-29 11:56:02,816] Trial 96 finished with value: 0.014423960330648461 and parameters: {'lag_0': 0.1966516130418235, 'lag_1': 0.5601106206621178, 'lag_2': 0.019908915273748218, 'lag_3': 0.10211892345342487, 'lag_4': 0.36287426403879747, 'lag_5': 0.6759233442520143, 'lag_6': 0.8033788800826456, 'lag_7': 0.8505771772034558, 'lag_8': 0.024696978979968517, 'lag_9': 0.2865305688326468, 'lag_10': 0.9078721175508535, 'lag_11': 0.6423488645235658, 'lag_12': 0.5115541194367816, 'lag_13': 0.14620164315349168, 'lag_14': 0.5867458249092481, 'lag_15': 0.40259570083066815, 'lag_16': 0.2527947820198883, 'lag_17': 0.5114594079589633, 'lag_18': 0.22897244864318633, 'lag_19': 0.17689544383895567, 'lag_20': 0.021276922986629997, 'lag_21': 0.07549511263491979, 'lag_22': 0.8114125854891194, 'lag_23': 0.8457964145063945, 'lag_24': 0.6749383310871961, 'lag_25': 0.6131455908555855, 'lag_26': 0.8706964211000948, 'lag_27': 0.7445530224406683, 'lag_28': 0.5533209185201715}. Best is trial 50 with value: 0.014053522189399684.
[I 2025-09-29 11:56:05,331] Trial 97 finished with value: 0.014876350646458883 and parameters: {'lag_0': 0.21671025925082874, 'lag_1': 0.5161405985289219, 'lag_2': 0.014006575930821108, 'lag_3': 0.5702917935189111, 'lag_4': 0.3675445724941161, 'lag_5': 0.6658449524919634, 'lag_6': 0.7711156066995403, 'lag_7': 0.846421151983056, 'lag_8': 0.02155480156678109, 'lag_9': 0.28558153849238554, 'lag_10': 0.7628781233489623, 'lag_11': 0.6417443021709155, 'lag_12': 0.4330403329354233, 'lag_13': 0.07993583099760138, 'lag_14': 0.6743026255787691, 'lag_15': 0.3983501766224677, 'lag_16': 0.1594819683145092, 'lag_17': 0.5135214775289556, 'lag_18': 0.31483608584610745, 'lag_19': 0.19673817018717563, 'lag_20': 0.02611641525745777, 'lag_21': 0.15617305145423294, 'lag_22': 0.9026677071333677, 'lag_23': 0.8409199443025046, 'lag_24': 0.629661693688948, 'lag_25': 0.6129851915063014, 'lag_26': 0.864043140018606, 'lag_27': 0.6966852024494787, 'lag_28': 0.5350835816566717}. Best is trial 50 with value: 0.014053522189399684.
[I 2025-09-29 11:56:07,849] Trial 98 finished with value: 0.014823921595376766 and parameters: {'lag_0': 0.3768272863614491, 'lag_1': 0.5614210655074555, 'lag_2': 0.4070579453985158, 'lag_3': 0.05410760031559416, 'lag_4': 0.4158255010855758, 'lag_5': 0.5586116704189154, 'lag_6': 0.8198356699476478, 'lag_7': 0.6642852980085189, 'lag_8': 0.06676745230969838, 'lag_9': 0.17712701186728178, 'lag_10': 0.9148986721585549, 'lag_11': 0.8029226838448027, 'lag_12': 0.257966224609706, 'lag_13': 0.04473939467860314, 'lag_14': 0.7052473420446909, 'lag_15': 0.34755836136940255, 'lag_16': 0.3112326045833975, 'lag_17': 0.4857036551044103, 'lag_18': 0.22174758373742262, 'lag_19': 0.10325848531199201, 'lag_20': 0.05652711354608284, 'lag_21': 0.07888178554073166, 'lag_22': 0.741113172650824, 'lag_23': 0.7585574397348209, 'lag_24': 0.7021414578705978, 'lag_25': 0.6973041426948523, 'lag_26': 0.9106788466879531, 'lag_27': 0.7492671623455239, 'lag_28': 0.5645602937670279}. Best is trial 50 with value: 0.014053522189399684.
[I 2025-09-29 11:56:10,370] Trial 99 finished with value: 0.01446892628373784 and parameters: {'lag_0': 0.19018923046863395, 'lag_1': 0.5816099186650737, 'lag_2': 0.06274515471766622, 'lag_3': 0.10761352745782941, 'lag_4': 0.33934166689293654, 'lag_5': 0.6270198822099058, 'lag_6': 0.9996279879636663, 'lag_7': 0.7598170693425015, 'lag_8': 0.055098450871597704, 'lag_9': 0.3388699867117875, 'lag_10': 0.9933024652413012, 'lag_11': 0.5951125648190476, 'lag_12': 0.5137438609221884, 'lag_13': 0.14386382503991318, 'lag_14': 0.5959079774021371, 'lag_15': 0.3729721370535925, 'lag_16': 0.2716692583951271, 'lag_17': 0.6493041953226345, 'lag_18': 0.25706408586785834, 'lag_19': 0.17366361347930342, 'lag_20': 0.19173490429997966, 'lag_21': 0.2026850481021238, 'lag_22': 0.8889125433924242, 'lag_23': 0.9412229967243297, 'lag_24': 0.6644798465274205, 'lag_25': 0.7449069424777699, 'lag_26': 0.962628286737011, 'lag_27': 0.9030883777154357, 'lag_28': 0.546025522016108}. Best is trial 50 with value: 0.014053522189399684.
[I 2025-09-29 11:56:10,383] A new study created in memory with name: no-name-b9a4f6c6-877c-4732-88c4-bfd84916066d
[I 2025-09-29 11:56:12,847] Trial 0 finished with value: 0.00698025086452681 and parameters: {'lag_0': 0.9179782871863362, 'lag_1': 0.3756996778315111, 'lag_2': 0.11219342923664556, 'lag_3': 0.3008274577100236, 'lag_4': 0.04967809637880125, 'lag_5': 0.6280876013488333, 'lag_6': 0.24927639270195345, 'lag_7': 0.41114480611475945, 'lag_8': 0.9989227384929242, 'lag_9': 0.690266678975165, 'lag_10': 0.7682383661018227, 'lag_11': 0.2823637279556263, 'lag_12': 0.44760407528108154, 'lag_13': 0.85700316172054, 'lag_14': 0.30554352790084743, 'lag_15': 0.624661238897846, 'lag_16': 0.9026157447009282, 'lag_17': 0.8586880062542417, 'lag_18': 0.576017180495253, 'lag_19': 0.3660185906074826, 'lag_20': 0.35183177787181696, 'lag_21': 0.2070687213918093, 'lag_22': 0.6902470506127169, 'lag_23': 0.537928801500536, 'lag_24': 0.6263816057439436, 'lag_25': 0.062889023722126, 'lag_26': 0.2848819368968064, 'lag_27': 0.05487621055046653, 'lag_28': 0.7408251317307396}. Best is trial 0 with value: 0.00698025086452681.
[I 2025-09-29 11:56:15,306] Trial 1 finished with value: 0.007178609211686916 and parameters: {'lag_0': 0.5465103090007248, 'lag_1': 0.37855158024096286, 'lag_2': 0.2175870428979912, 'lag_3': 0.6300277599706439, 'lag_4': 0.0014826025134632537, 'lag_5': 0.0449622339435871, 'lag_6': 0.5110832757805813, 'lag_7': 0.25328718227039826, 'lag_8': 0.6644583435849267, 'lag_9': 0.04264862315616559, 'lag_10': 0.4531320110852744, 'lag_11': 0.605836906105593, 'lag_12': 0.8205288519013831, 'lag_13': 0.9499733403134047, 'lag_14': 0.9289601316045004, 'lag_15': 0.29570389199112673, 'lag_16': 0.44058861460073795, 'lag_17': 0.7332107020591178, 'lag_18': 0.025988027870888563, 'lag_19': 0.5971849921532321, 'lag_20': 0.7830941094874828, 'lag_21': 0.879832381790108, 'lag_22': 0.18217872382834915, 'lag_23': 0.6964970664820416, 'lag_24': 0.4959229687186138, 'lag_25': 0.2227475510008571, 'lag_26': 0.5382351030748359, 'lag_27': 0.42611146678258643, 'lag_28': 0.5050246395369404}. Best is trial 0 with value: 0.00698025086452681.
[I 2025-09-29 11:56:17,759] Trial 2 finished with value: 0.006917414243654931 and parameters: {'lag_0': 0.49524740974511705, 'lag_1': 0.4327704306420562, 'lag_2': 0.00676970216161107, 'lag_3': 0.49897980527437913, 'lag_4': 0.39940917356120836, 'lag_5': 0.8682229120982126, 'lag_6': 0.9816932292730782, 'lag_7': 0.09273307074900115, 'lag_8': 0.6559945854916457, 'lag_9': 0.3701943689711902, 'lag_10': 0.4968985096416101, 'lag_11': 0.48854028567114505, 'lag_12': 0.35533526189927767, 'lag_13': 0.4797802658465138, 'lag_14': 0.034612211264992664, 'lag_15': 0.42227294210319505, 'lag_16': 0.0821438655069142, 'lag_17': 0.7014422384313381, 'lag_18': 0.4711637335364691, 'lag_19': 0.4687530134742097, 'lag_20': 0.9272394000374617, 'lag_21': 0.37771655451531905, 'lag_22': 0.9614700049394866, 'lag_23': 0.6431666344786431, 'lag_24': 0.2475724675787177, 'lag_25': 0.22135346311652482, 'lag_26': 0.14571127400763748, 'lag_27': 0.03233973742313299, 'lag_28': 0.02285771148723683}. Best is trial 2 with value: 0.006917414243654931.
