[I 2025-09-29 13:22:10,879] Trial 3 finished with value: 0.0028521064088070846 and parameters: {'lag_0': 0.5208219287740183, 'lag_1': 0.500756846337697, 'lag_2': 0.10676073262846353, 'lag_3': 0.015087826576383384, 'lag_4': 0.020145117325914258, 'lag_5': 0.0985048837044203, 'lag_6': 0.5700760323211274, 'lag_7': 0.9197941224766815, 'lag_8': 0.7803385341601056, 'lag_9': 0.8762602550759749, 'lag_10': 0.29477297614470416, 'lag_11': 0.5614691253418662, 'lag_12': 0.05092128885004447, 'lag_13': 0.30598149043229395, 'lag_14': 0.12286536228653906, 'lag_15': 0.41558892714947265, 'lag_16': 0.47071414677460305, 'lag_17': 0.6986110890086668, 'lag_18': 0.5370532606275191, 'lag_19': 0.27635139526410857, 'lag_20': 0.8831749578613907, 'lag_21': 0.7033497383335571, 'lag_22': 0.6581089965674691, 'lag_23': 0.20410307084664703, 'lag_24': 0.2635009379488054, 'lag_25': 0.7309235467626602, 'lag_26': 0.46189371815220054, 'lag_27': 0.33810559473281504, 'lag_28': 0.5923646387646601}. Best is trial 3 with value: 0.0028521064088070846.
[I 2025-09-29 13:22:13,186] Trial 4 finished with value: 0.0027061742075984796 and parameters: {'lag_0': 0.8872154498972825, 'lag_1': 0.8847920770246248, 'lag_2': 0.8333274797403368, 'lag_3': 0.401654837102211, 'lag_4': 0.686153332514422, 'lag_5': 0.34000851042161645, 'lag_6': 0.990776149887577, 'lag_7': 0.8686706424707128, 'lag_8': 0.6294452933886537, 'lag_9': 0.975250933493437, 'lag_10': 0.9052482387552871, 'lag_11': 0.633427155627482, 'lag_12': 0.09168028013279664, 'lag_13': 0.14525833875831573, 'lag_14': 0.32142448117274736, 'lag_15': 0.5188877276443443, 'lag_16': 0.4900137866711637, 'lag_17': 0.030758238050476623, 'lag_18': 0.3843176771364677, 'lag_19': 0.8577802836783996, 'lag_20': 0.08662624450234288, 'lag_21': 0.6881382340576573, 'lag_22': 0.44785018446571667, 'lag_23': 0.4941266917304013, 'lag_24': 0.22624823536669836, 'lag_25': 0.6223607009634886, 'lag_26': 0.378235058331234, 'lag_27': 0.31938920448883534, 'lag_28': 0.10231957800326381}. Best is trial 4 with value: 0.0027061742075984796.
[I 2025-09-29 13:22:15,486] Trial 5 finished with value: 0.00285294068006737 and parameters: {'lag_0': 0.21929460958609157, 'lag_1': 0.6035068326749093, 'lag_2': 0.31416819516976663, 'lag_3': 0.39106049691094635, 'lag_4': 0.7499857934312913, 'lag_5': 0.9773685912936844, 'lag_6': 0.5470909613552238, 'lag_7': 0.7481956219165454, 'lag_8': 0.14662526544818238, 'lag_9': 0.4065534850951525, 'lag_10': 0.19248065698260586, 'lag_11': 0.6845780405115063, 'lag_12': 0.5599996680987981, 'lag_13': 0.48583743641172444, 'lag_14': 0.9479000421059286, 'lag_15': 0.8691597129483363, 'lag_16': 0.01973663040942036, 'lag_17': 0.6408286675259754, 'lag_18': 0.9486903976078258, 'lag_19': 0.1864018171325214, 'lag_20': 0.7699444632925134, 'lag_21': 0.5098415787989065, 'lag_22': 0.8672590385805646, 'lag_23': 0.4807616356631892, 'lag_24': 0.3703357035534236, 'lag_25': 0.3277970759436247, 'lag_26': 0.9716557288925352, 'lag_27': 0.08979373448374527, 'lag_28': 0.07053297999880767}. Best is trial 4 with value: 0.0027061742075984796.
[I 2025-09-29 13:22:17,781] Trial 6 finished with value: 0.002601087885988205 and parameters: {'lag_0': 0.2746177781680632, 'lag_1': 0.006823714040808666, 'lag_2': 0.7503512245656199, 'lag_3': 0.1982983602525752, 'lag_4': 0.12084493700643172, 'lag_5': 0.16076169707495155, 'lag_6': 0.7033060375783747, 'lag_7': 0.5426968082903323, 'lag_8': 0.46652210546397954, 'lag_9': 0.9730885514297586, 'lag_10': 0.23097608606498346, 'lag_11': 0.7982331445276837, 'lag_12': 0.8871292777351851, 'lag_13': 0.6530646641359993, 'lag_14': 0.08423396877245187, 'lag_15': 0.48787912649721615, 'lag_16': 0.46061933119694354, 'lag_17': 0.0161649123722973, 'lag_18': 0.9817719974301502, 'lag_19': 0.6921100868079482, 'lag_20': 0.9698848608688054, 'lag_21': 0.703724782771759, 'lag_22': 0.8038085875370927, 'lag_23': 0.24066243850877173, 'lag_24': 0.9803834214427749, 'lag_25': 0.27650800242121515, 'lag_26': 0.9537454601284344, 'lag_27': 0.3381696152308626, 'lag_28': 0.9688117903480693}. Best is trial 6 with value: 0.002601087885988205.
[I 2025-09-29 13:22:20,083] Trial 7 finished with value: 0.003839249216417138 and parameters: {'lag_0': 0.04800417063840729, 'lag_1': 0.1187069457452043, 'lag_2': 0.25028015958402766, 'lag_3': 0.168553041654329, 'lag_4': 0.42440755542817143, 'lag_5': 0.6054225279171312, 'lag_6': 0.8313866151797927, 'lag_7': 0.1988975327640901, 'lag_8': 0.4481163204499578, 'lag_9': 0.4739673354991893, 'lag_10': 0.6813522360302533, 'lag_11': 0.4039402227177745, 'lag_12': 0.9205874121126648, 'lag_13': 0.7610517723770573, 'lag_14': 0.963724183906025, 'lag_15': 0.2903436026992135, 'lag_16': 0.7695027277008988, 'lag_17': 0.6243796356498942, 'lag_18': 0.2866329877404888, 'lag_19': 0.10258977274126149, 'lag_20': 0.9765421773037092, 'lag_21': 0.8824612355841343, 'lag_22': 0.934550157133947, 'lag_23': 0.5229780597812258, 'lag_24': 0.7000009926644792, 'lag_25': 0.12009118216805834, 'lag_26': 0.5077652555864169, 'lag_27': 0.0492215980103908, 'lag_28': 0.4683746782682302}. Best is trial 6 with value: 0.002601087885988205.
[I 2025-09-29 13:22:22,374] Trial 8 finished with value: 0.0030797768056124476 and parameters: {'lag_0': 0.8100278919926592, 'lag_1': 0.7959991489265059, 'lag_2': 0.9416359924132819, 'lag_3': 0.5328491408231353, 'lag_4': 0.48678818786330114, 'lag_5': 0.329287511896003, 'lag_6': 0.5723250244427629, 'lag_7': 0.15438666452951008, 'lag_8': 0.20520410890118942, 'lag_9': 0.6367110751861343, 'lag_10': 0.37367938125742256, 'lag_11': 0.04524336850838343, 'lag_12': 0.9367379736729673, 'lag_13': 0.00031946479263067815, 'lag_14': 0.06974277856402407, 'lag_15': 0.7085100422943801, 'lag_16': 0.11961125183592315, 'lag_17': 0.7523766609758606, 'lag_18': 0.9495061217312393, 'lag_19': 0.7916348077095143, 'lag_20': 0.8096293769060718, 'lag_21': 0.1707574131434591, 'lag_22': 0.09198497850809434, 'lag_23': 0.8084222223690486, 'lag_24': 0.45922820594777414, 'lag_25': 0.282928037570521, 'lag_26': 0.4218382195809166, 'lag_27': 0.22772745822461002, 'lag_28': 0.20807626185461114}. Best is trial 6 with value: 0.002601087885988205.
[I 2025-09-29 13:22:24,672] Trial 9 finished with value: 0.002827530172899979 and parameters: {'lag_0': 0.6397688573473467, 'lag_1': 0.5380524489190631, 'lag_2': 0.21243710030806437, 'lag_3': 0.36175864757801507, 'lag_4': 0.1672267057436351, 'lag_5': 0.5768777123642039, 'lag_6': 0.4971815054456141, 'lag_7': 0.5856667445638232, 'lag_8': 0.07461208995592226, 'lag_9': 0.005278121729042329, 'lag_10': 0.4928407992009419, 'lag_11': 0.21473238596346145, 'lag_12': 0.4875794825890653, 'lag_13': 0.32790339534442703, 'lag_14': 0.805121818705393, 'lag_15': 0.2750065035668218, 'lag_16': 0.7742971394001852, 'lag_17': 0.7288878033021134, 'lag_18': 0.5799545629405432, 'lag_19': 0.5354037019759439, 'lag_20': 0.8261482760616906, 'lag_21': 0.7239353063934153, 'lag_22': 0.3930252438909065, 'lag_23': 0.9072374880871228, 'lag_24': 0.9146633034409695, 'lag_25': 0.9624353722861977, 'lag_26': 0.3522354755875362, 'lag_27': 0.43861202536541444, 'lag_28': 0.4810516929939741}. Best is trial 6 with value: 0.002601087885988205.
[I 2025-09-29 13:22:27,027] Trial 10 finished with value: 0.003039840133725254 and parameters: {'lag_0': 0.28361109252851446, 'lag_1': 0.012902467319963584, 'lag_2': 0.6076562196827688, 'lag_3': 0.9730255971852525, 'lag_4': 0.2674028847029203, 'lag_5': 0.006385728044757427, 'lag_6': 0.07102251380283542, 'lag_7': 0.48209806977897524, 'lag_8': 0.9638853458947643, 'lag_9': 0.719623390348299, 'lag_10': 0.7624032869321367, 'lag_11': 0.9867253892963335, 'lag_12': 0.7610864550430128, 'lag_13': 0.6626726870480351, 'lag_14': 0.5877582531652514, 'lag_15': 0.017507947877657526, 'lag_16': 0.9805068167152283, 'lag_17': 0.9872172709032272, 'lag_18': 0.6622337102446705, 'lag_19': 0.6997389277287673, 'lag_20': 0.48726211259761043, 'lag_21': 0.34981905662329993, 'lag_22': 0.7776608892032947, 'lag_23': 0.3355292912210683, 'lag_24': 0.6212118353846647, 'lag_25': 0.04834007001774174, 'lag_26': 0.7416216031276547, 'lag_27': 0.9807356836235129, 'lag_28': 0.9556828865623282}. Best is trial 6 with value: 0.002601087885988205.
[I 2025-09-29 13:22:29,380] Trial 11 finished with value: 0.0025724586632489533 and parameters: {'lag_0': 0.9433679825112873, 'lag_1': 0.9851977240723448, 'lag_2': 0.6484236806551258, 'lag_3': 0.6049622753386596, 'lag_4': 0.9882626939108404, 'lag_5': 0.2372785187318269, 'lag_6': 0.9943116717943506, 'lag_7': 0.6037480997657425, 'lag_8': 0.6305340645079793, 'lag_9': 0.985525835299012, 'lag_10': 0.9590615018690665, 'lag_11': 0.8746816175168585, 'lag_12': 0.018100264736592417, 'lag_13': 0.5750843512432423, 'lag_14': 0.31870109494102017, 'lag_15': 0.5502236745151463, 'lag_16': 0.38079471634061446, 'lag_17': 0.24524255504445572, 'lag_18': 0.3507513652904718, 'lag_19': 0.9136011015356592, 'lag_20': 0.29851781321014753, 'lag_21': 0.8893551199641412, 'lag_22': 0.3757839480401934, 'lag_23': 0.5614117514898243, 'lag_24': 0.06136328474872402, 'lag_25': 0.6075075521973904, 'lag_26': 0.7179672080709798, 'lag_27': 0.5723050070404667, 'lag_28': 0.859801478011123}. Best is trial 11 with value: 0.0025724586632489533.
[I 2025-09-29 13:22:31,726] Trial 12 finished with value: 0.0029543233813609624 and parameters: {'lag_0': 0.9761202426007075, 'lag_1': 0.9728769728288766, 'lag_2': 0.6067306687543244, 'lag_3': 0.6611840799053813, 'lag_4': 0.9969037790022497, 'lag_5': 0.18820024046948014, 'lag_6': 0.9358377655687056, 'lag_7': 0.5707268005868991, 'lag_8': 0.5983420995383906, 'lag_9': 0.7838356121674959, 'lag_10': 0.9357556934223256, 'lag_11': 0.9324533284544179, 'lag_12': 0.29640767382926597, 'lag_13': 0.613535835132, 'lag_14': 0.2646298234940894, 'lag_15': 0.5518239349172844, 'lag_16': 0.3267810916751407, 'lag_17': 0.24718617078132982, 'lag_18': 0.19154368229265312, 'lag_19': 0.97495901675939, 'lag_20': 0.3304206422088614, 'lag_21': 0.9967734977294564, 'lag_22': 0.2912407204886738, 'lag_23': 0.0022317960315869634, 'lag_24': 0.019245704657425623, 'lag_25': 0.5792727086878916, 'lag_26': 0.7324874059833029, 'lag_27': 0.5955953973747293, 'lag_28': 0.9819810552492734}. Best is trial 11 with value: 0.0025724586632489533.
[I 2025-09-29 13:22:34,079] Trial 13 finished with value: 0.0028992619674022896 and parameters: {'lag_0': 0.71709044228199, 'lag_1': 0.22842728322514722, 'lag_2': 0.6725388899860598, 'lag_3': 0.8732347793224617, 'lag_4': 0.9922376233222926, 'lag_5': 0.2221919634678033, 'lag_6': 0.7972145529766645, 'lag_7': 0.4142353487937205, 'lag_8': 0.3258323852769372, 'lag_9': 0.6413324086154306, 'lag_10': 0.6072288252553067, 'lag_11': 0.8745532445654255, 'lag_12': 0.29998476685029246, 'lag_13': 0.5049977414659103, 'lag_14': 0.009429412932974696, 'lag_15': 0.9898635351154601, 'lag_16': 0.31023456452551956, 'lag_17': 0.2934095692538921, 'lag_18': 0.7740434298111044, 'lag_19': 0.668396030970915, 'lag_20': 0.30596825742386324, 'lag_21': 0.9027984430489975, 'lag_22': 0.5948421144485019, 'lag_23': 0.639759229874805, 'lag_24': 0.8959054167289076, 'lag_25': 0.7842731995992055, 'lag_26': 0.7542281436791825, 'lag_27': 0.6959270518589965, 'lag_28': 0.7834075095488621}. Best is trial 11 with value: 0.0025724586632489533.
[I 2025-09-29 13:22:36,421] Trial 14 finished with value: 0.002784598602458937 and parameters: {'lag_0': 0.46504389519680767, 'lag_1': 0.757335764684056, 'lag_2': 0.44222717045202464, 'lag_3': 0.6050429436901285, 'lag_4': 0.6215787644560806, 'lag_5': 0.00548155364728814, 'lag_6': 0.32234716448956485, 'lag_7': 0.6763119134432549, 'lag_8': 0.6195339482424695, 'lag_9': 0.8475037037744082, 'lag_10': 0.44905989895868326, 'lag_11': 0.7993886586441513, 'lag_12': 0.7847968050227967, 'lag_13': 0.5452414509395954, 'lag_14': 0.41507897263373184, 'lag_15': 0.6041760617124903, 'lag_16': 0.34207877709062173, 'lag_17': 0.2917498886226222, 'lag_18': 0.40736052234612974, 'lag_19': 0.37503231473352505, 'lag_20': 0.6208016813201268, 'lag_21': 0.5142711340914367, 'lag_22': 0.03257987111424321, 'lag_23': 0.3255123292540232, 'lag_24': 0.558840327647103, 'lag_25': 0.17982811929273682, 'lag_26': 0.6591924265826579, 'lag_27': 0.7963946313452173, 'lag_28': 0.8284347772219653}. Best is trial 11 with value: 0.0025724586632489533.
[I 2025-09-29 13:22:38,777] Trial 15 finished with value: 0.0027693937038789796 and parameters: {'lag_0': 0.5835469347132141, 'lag_1': 0.3631525402639695, 'lag_2': 0.726481025155306, 'lag_3': 0.23121990785955543, 'lag_4': 0.8429235598631624, 'lag_5': 0.4437566825340611, 'lag_6': 0.7566896205123199, 'lag_7': 0.33779557243443836, 'lag_8': 0.3289647798503362, 'lag_9': 0.9113835101835293, 'lag_10': 0.9985743182156194, 'lag_11': 0.3849607503806888, 'lag_12': 0.4421513974350499, 'lag_13': 0.7509505760678037, 'lag_14': 0.17431012770426316, 'lag_15': 0.38248091423124186, 'lag_16': 0.6239054254986311, 'lag_17': 0.1870146328029126, 'lag_18': 0.748764181164904, 'lag_19': 0.7567725437995871, 'lag_20': 0.28718672849071497, 'lag_21': 0.8726536642520485, 'lag_22': 0.7942027147903675, 'lag_23': 0.6229540884685097, 'lag_24': 0.41852362425541345, 'lag_25': 0.48925102763103906, 'lag_26': 0.8359251303679335, 'lag_27': 0.22911638732180573, 'lag_28': 0.7977586562671604}. Best is trial 11 with value: 0.0025724586632489533.
[I 2025-09-29 13:22:41,131] Trial 16 finished with value: 0.002793796179113708 and parameters: {'lag_0': 0.3880030870566775, 'lag_1': 0.18615553022091746, 'lag_2': 0.514893122834924, 'lag_3': 0.7347582885948672, 'lag_4': 0.6119182772723873, 'lag_5': 0.7043121898502016, 'lag_6': 0.8888605587295828, 'lag_7': 0.6435660244431303, 'lag_8': 0.8047344824714182, 'lag_9': 0.2592796817735662, 'lag_10': 0.6152999329957188, 'lag_11': 0.8238513838275251, 'lag_12': 0.1781712958550909, 'lag_13': 0.3995953977263106, 'lag_14': 0.7132835062057724, 'lag_15': 0.15374457138653014, 'lag_16': 0.3951681276128183, 'lag_17': 0.44311805901245715, 'lag_18': 0.1682065849920047, 'lag_19': 0.5974664823623335, 'lag_20': 0.5251825890953701, 'lag_21': 0.9953137814745748, 'lag_22': 0.9975131555415342, 'lag_23': 0.3439880188269122, 'lag_24': 9.2312299743956e-05, 'lag_25': 0.488194532726472, 'lag_26': 0.6332656976357012, 'lag_27': 0.6011445513875575, 'lag_28': 0.8819562630684655}. Best is trial 11 with value: 0.0025724586632489533.
[I 2025-09-29 13:22:43,481] Trial 17 finished with value: 0.0030809867127745546 and parameters: {'lag_0': 0.22962402021774536, 'lag_1': 0.7083714655493623, 'lag_2': 0.4140243631245027, 'lag_3': 0.4960802132733806, 'lag_4': 0.34582704393685354, 'lag_5': 0.1557180322552702, 'lag_6': 0.15367993669926122, 'lag_7': 0.0070648112612271, 'lag_8': 0.5145756019065829, 'lag_9': 0.6674714018966632, 'lag_10': 0.793895414548105, 'lag_11': 0.4619326374084015, 'lag_12': 0.6776232999480185, 'lag_13': 0.7260609715845431, 'lag_14': 0.324189163163376, 'lag_15': 0.5985195737711299, 'lag_16': 0.20415891095400468, 'lag_17': 0.3860975532236217, 'lag_18': 0.41393710937539685, 'lag_19': 0.9898071276176584, 'lag_20': 0.21177487069879564, 'lag_21': 0.5855669537784318, 'lag_22': 0.2685422603348772, 'lag_23': 0.9966105540360688, 'lag_24': 0.9803668327981391, 'lag_25': 0.8873340498203593, 'lag_26': 0.006703729220549071, 'lag_27': 0.925278386129994, 'lag_28': 0.7053040291356124}. Best is trial 11 with value: 0.0025724586632489533.
[I 2025-09-29 13:22:45,834] Trial 18 finished with value: 0.002536411266885424 and parameters: {'lag_0': 0.7985864422677703, 'lag_1': 0.011686371141808866, 'lag_2': 0.7625169578667612, 'lag_3': 0.1600121848651381, 'lag_4': 0.23963301781507618, 'lag_5': 0.386030256124442, 'lag_6': 0.7539397523996533, 'lag_7': 0.48495576705430565, 'lag_8': 0.7093234545469168, 'lag_9': 0.558019322675567, 'lag_10': 0.2481055453065636, 'lag_11': 0.7301984436276282, 'lag_12': 0.003921506404063102, 'lag_13': 0.9233495529737025, 'lag_14': 0.01294727988799349, 'lag_15': 0.43841196409017746, 'lag_16': 0.636976679673616, 'lag_17': 0.11837718352075624, 'lag_18': 0.012284792014109869, 'lag_19': 0.4226372463807749, 'lag_20': 0.6264898504761026, 'lag_21': 0.3256999715873472, 'lag_22': 0.35555762912616073, 'lag_23': 0.6746096026569581, 'lag_24': 0.7743860321122813, 'lag_25': 0.21551645054113255, 'lag_26': 0.5616748755986567, 'lag_27': 0.17431057486288298, 'lag_28': 0.2869860813412318}. Best is trial 18 with value: 0.002536411266885424.
[I 2025-09-29 13:22:48,189] Trial 19 finished with value: 0.002839632888815651 and parameters: {'lag_0': 0.9986264775795153, 'lag_1': 0.9039413724960945, 'lag_2': 0.5524670534294382, 'lag_3': 0.7668630545696683, 'lag_4': 0.8691011110013681, 'lag_5': 0.8153839831147222, 'lag_6': 0.9912467978840525, 'lag_7': 0.41734892838271687, 'lag_8': 0.7131875875906284, 'lag_9': 0.5462223556585262, 'lag_10': 0.3494251129773529, 'lag_11': 0.993992368903631, 'lag_12': 0.022623621430977583, 'lag_13': 0.9988551551140976, 'lag_14': 0.6496332667013887, 'lag_15': 0.26139768149894355, 'lag_16': 0.631427644559154, 'lag_17': 0.13656248076292582, 'lag_18': 0.030075792905338572, 'lag_19': 0.41433128429225835, 'lag_20': 0.6697089299881519, 'lag_21': 0.2952800150321143, 'lag_22': 0.3663789501972119, 'lag_23': 0.7192583053314936, 'lag_24': 0.8074960078053555, 'lag_25': 0.013181540331851621, 'lag_26': 0.26219895673548904, 'lag_27': 0.14599019645806027, 'lag_28': 0.3161824533864014}. Best is trial 18 with value: 0.002536411266885424.
[I 2025-09-29 13:22:50,547] Trial 20 finished with value: 0.0028376549302631384 and parameters: {'lag_0': 0.8115328505938718, 'lag_1': 0.43100055996309533, 'lag_2': 0.8323926245150729, 'lag_3': 0.5123281839416959, 'lag_4': 0.21929019693685783, 'lag_5': 0.4140899125905972, 'lag_6': 0.8728416795073657, 'lag_7': 0.6993309208243647, 'lag_8': 0.9506209623029773, 'lag_9': 0.3065083255207967, 'lag_10': 0.5647210845826235, 'lag_11': 0.7222189029172912, 'lag_12': 0.18321472831770308, 'lag_13': 0.8693680957143979, 'lag_14': 0.4227206720316693, 'lag_15': 0.39869107482121513, 'lag_16': 0.9358168832574916, 'lag_17': 0.3386836317689561, 'lag_18': 0.16654224162556858, 'lag_19': 0.03787233218433983, 'lag_20': 0.4547186065277732, 'lag_21': 0.34178830131082605, 'lag_22': 0.1539574892578751, 'lag_23': 0.6007727578147982, 'lag_24': 0.6525380593685579, 'lag_25': 0.682655156401525, 'lag_26': 0.5608706265465675, 'lag_27': 0.5709564172509916, 'lag_28': 0.29995900194586816}. Best is trial 18 with value: 0.002536411266885424.
[I 2025-09-29 13:22:52,894] Trial 21 finished with value: 0.0029086611517962395 and parameters: {'lag_0': 0.7260149754624085, 'lag_1': 0.030655871249314903, 'lag_2': 0.714974815499606, 'lag_3': 0.15446587919939464, 'lag_4': 0.008348674265046235, 'lag_5': 0.263049562791897, 'lag_6': 0.7003559765102549, 'lag_7': 0.54251745360868, 'lag_8': 0.5251090303226251, 'lag_9': 0.7897935357574349, 'lag_10': 0.20497252448939263, 'lag_11': 0.8848999625023727, 'lag_12': 0.39593034397478366, 'lag_13': 0.8638422748395462, 'lag_14': 0.004667132621654078, 'lag_15': 0.4425668451902112, 'lag_16': 0.6217222204322963, 'lag_17': 0.09261432279180049, 'lag_18': 0.25667520378951936, 'lag_19': 0.4155580233516293, 'lag_20': 0.9903129323482995, 'lag_21': 0.8178259294768848, 'lag_22': 0.5111417036403031, 'lag_23': 0.43849212117586756, 'lag_24': 0.8523410868232236, 'lag_25': 0.18967048754926386, 'lag_26': 0.8359517439119024, 'lag_27': 0.33796068729273887, 'lag_28': 0.9112769069363422}. Best is trial 18 with value: 0.002536411266885424.
[I 2025-09-29 13:22:55,255] Trial 22 finished with value: 0.0026802618805914936 and parameters: {'lag_0': 0.8983266893949015, 'lag_1': 0.1100239283429223, 'lag_2': 0.7618971313625281, 'lag_3': 0.2797220081218411, 'lag_4': 0.11392008371032555, 'lag_5': 0.13133797772695727, 'lag_6': 0.6820115177254129, 'lag_7': 0.9945644624922009, 'lag_8': 0.7026715351062547, 'lag_9': 0.9304705515401893, 'lag_10': 0.24578706644479106, 'lag_11': 0.8018559921960258, 'lag_12': 0.15703951016536588, 'lag_13': 0.6293639360042629, 'lag_14': 0.11608711857104226, 'lag_15': 0.6587102213193494, 'lag_16': 0.4359134260777319, 'lag_17': 0.2035814302500304, 'lag_18': 0.793037230434035, 'lag_19': 0.6346126082867471, 'lag_20': 0.6760487301166062, 'lag_21': 0.6255900374720988, 'lag_22': 0.3737453470305185, 'lag_23': 0.7217735224859193, 'lag_24': 0.9759112052058072, 'lag_25': 0.24445895835208636, 'lag_26': 0.5929936507060976, 'lag_27': 0.1907331182139568, 'lag_28': 0.5876156364334095}. Best is trial 18 with value: 0.002536411266885424.
[I 2025-09-29 13:22:57,617] Trial 23 finished with value: 0.0027955465701329906 and parameters: {'lag_0': 0.8753839141967699, 'lag_1': 0.23895862593745432, 'lag_2': 0.9756456845229123, 'lag_3': 0.4484937911743777, 'lag_4': 0.4082510992066244, 'lag_5': 0.36737596041419085, 'lag_6': 0.7457262338878959, 'lag_7': 0.4485259694484033, 'lag_8': 0.8802964902769637, 'lag_9': 0.5623009602047297, 'lag_10': 0.08584247855673477, 'lag_11': 0.5458038938875285, 'lag_12': 0.6340681152095043, 'lag_13': 0.4229981836667775, 'lag_14': 0.23166204245271738, 'lag_15': 0.48169002787230203, 'lag_16': 0.24411127808146815, 'lag_17': 0.09068650248474051, 'lag_18': 0.6599544330523445, 'lag_19': 0.8259057724103458, 'lag_20': 0.40675379994560446, 'lag_21': 0.22297027328637442, 'lag_22': 0.57621558015789, 'lag_23': 0.39593722769626183, 'lag_24': 0.7524772711110577, 'lag_25': 0.41395630567987696, 'lag_26': 0.8282703559670204, 'lag_27': 0.4206881860345342, 'lag_28': 0.7321021690385568}. Best is trial 18 with value: 0.002536411266885424.
