[I 2025-09-29 13:10:54,826] Trial 4 finished with value: 0.00932033850916771 and parameters: {'lag_0': 0.6780448639968767, 'lag_1': 0.6872113408221598, 'lag_2': 0.9533673820692551, 'lag_3': 0.14297638874398055, 'lag_4': 0.7915202814116407, 'lag_5': 0.06229101356017185, 'lag_6': 0.7636052110237361, 'lag_7': 0.1432433277179811, 'lag_8': 0.7548701931137275, 'lag_9': 0.43201441718942024, 'lag_10': 0.6814404449020364, 'lag_11': 0.9240774647729422, 'lag_12': 0.8962916807996024, 'lag_13': 0.20889073493587887, 'lag_14': 0.36359350374403393, 'lag_15': 0.48376386589702036, 'lag_16': 0.7345469047656851, 'lag_17': 0.4774915919297868, 'lag_18': 0.3866557212704091, 'lag_19': 0.7778707354174303, 'lag_20': 0.25291533177618547, 'lag_21': 0.48191452497852244, 'lag_22': 0.37025272360886624, 'lag_23': 0.5716724849779704, 'lag_24': 0.2766092431424391, 'lag_25': 0.12764091861380403, 'lag_26': 0.20150282708855516, 'lag_27': 0.8847034812671803, 'lag_28': 0.22453763411412894}. Best is trial 0 with value: 0.009089968849187766.
[I 2025-09-29 13:10:57,282] Trial 5 finished with value: 0.009945433879838072 and parameters: {'lag_0': 0.3497068666635398, 'lag_1': 0.2682327927201832, 'lag_2': 0.8429811901482517, 'lag_3': 0.6541601929799543, 'lag_4': 0.10497472971189238, 'lag_5': 0.690229936059644, 'lag_6': 0.9195559161419438, 'lag_7': 0.7405380353840164, 'lag_8': 0.7025606700959725, 'lag_9': 0.9804433178023045, 'lag_10': 0.383639206820285, 'lag_11': 0.48932273466692966, 'lag_12': 0.9872095534522501, 'lag_13': 0.7519148871344405, 'lag_14': 0.6456662902712053, 'lag_15': 0.39766784743005684, 'lag_16': 0.5909341528996661, 'lag_17': 0.6628886083711231, 'lag_18': 0.43006290832981103, 'lag_19': 0.8932029138017801, 'lag_20': 0.23383638105126042, 'lag_21': 0.5180248070804906, 'lag_22': 0.787625752907291, 'lag_23': 0.8022467576077693, 'lag_24': 0.8852576192981125, 'lag_25': 0.2837212550966735, 'lag_26': 0.554056977270819, 'lag_27': 0.8047386814822964, 'lag_28': 0.05464430270929756}. Best is trial 0 with value: 0.009089968849187766.
[I 2025-09-29 13:10:59,734] Trial 6 finished with value: 0.009500839607530226 and parameters: {'lag_0': 0.6839425442932722, 'lag_1': 0.9054224564142173, 'lag_2': 0.10983870943575534, 'lag_3': 0.1975870247552446, 'lag_4': 0.38037201866135056, 'lag_5': 0.08188286273445503, 'lag_6': 0.21868583099820618, 'lag_7': 0.5358931121972129, 'lag_8': 0.38763754282154655, 'lag_9': 0.6641921062631423, 'lag_10': 0.10575172297618152, 'lag_11': 0.7820615478734576, 'lag_12': 0.22825059475574028, 'lag_13': 0.38716583484520295, 'lag_14': 0.0626475321960445, 'lag_15': 0.19301463981827366, 'lag_16': 0.5760559223147338, 'lag_17': 0.7122118870858106, 'lag_18': 0.9069779020795223, 'lag_19': 0.12579731557010462, 'lag_20': 0.6963922412739895, 'lag_21': 0.2156446678821465, 'lag_22': 0.3750383118695427, 'lag_23': 0.5430010621033308, 'lag_24': 0.6494481779567522, 'lag_25': 0.2682576624762195, 'lag_26': 0.4485610001814382, 'lag_27': 0.3268589843253877, 'lag_28': 0.9563538613985268}. Best is trial 0 with value: 0.009089968849187766.
[I 2025-09-29 13:11:02,180] Trial 7 finished with value: 0.009930591513014304 and parameters: {'lag_0': 0.8123828049213969, 'lag_1': 0.9808010204266332, 'lag_2': 0.03241887747138927, 'lag_3': 0.7068880367466156, 'lag_4': 0.9604593787395309, 'lag_5': 0.66032526350089, 'lag_6': 0.47590412936717347, 'lag_7': 0.15506894323443535, 'lag_8': 0.5651673916673281, 'lag_9': 0.4813490199423624, 'lag_10': 0.09921124960297421, 'lag_11': 0.5005046536745079, 'lag_12': 0.1821965156068527, 'lag_13': 0.14538036230710832, 'lag_14': 0.6950844141179356, 'lag_15': 0.36766535532723127, 'lag_16': 0.8908597253786635, 'lag_17': 0.35794960308715124, 'lag_18': 0.28015679561479373, 'lag_19': 0.22054696064115162, 'lag_20': 0.9987174098659017, 'lag_21': 0.7424614792908969, 'lag_22': 0.4058458343008533, 'lag_23': 0.6271165647748185, 'lag_24': 0.8891102809466509, 'lag_25': 0.02886960925409576, 'lag_26': 0.8296248804242309, 'lag_27': 0.8745232184957444, 'lag_28': 0.522784125578011}. Best is trial 0 with value: 0.009089968849187766.
[I 2025-09-29 13:11:04,629] Trial 8 finished with value: 0.008979470813515581 and parameters: {'lag_0': 0.4818946041359524, 'lag_1': 0.4690492113091457, 'lag_2': 0.46611038405546706, 'lag_3': 0.6025329476543287, 'lag_4': 0.696709243546167, 'lag_5': 0.22074878834107356, 'lag_6': 0.09840698550427453, 'lag_7': 0.6564869190785275, 'lag_8': 0.5182438885766198, 'lag_9': 0.01401707284722726, 'lag_10': 0.7683941420007425, 'lag_11': 0.5245711900773473, 'lag_12': 0.030341716703881923, 'lag_13': 0.3452513911361841, 'lag_14': 0.1598633701800181, 'lag_15': 0.050938073038298295, 'lag_16': 0.6140021410552787, 'lag_17': 0.5060796288553294, 'lag_18': 0.9753945571295274, 'lag_19': 0.5931360961295459, 'lag_20': 0.6308700353622745, 'lag_21': 0.8412382378429726, 'lag_22': 0.5519003502572289, 'lag_23': 0.08152415324960785, 'lag_24': 0.05740977292962933, 'lag_25': 0.8331244570298906, 'lag_26': 0.1859857054156689, 'lag_27': 0.06598051761616713, 'lag_28': 0.3144752341513262}. Best is trial 8 with value: 0.008979470813515581.
[I 2025-09-29 13:11:07,079] Trial 9 finished with value: 0.01120143946839471 and parameters: {'lag_0': 0.2240768047732282, 'lag_1': 0.8028514028145989, 'lag_2': 0.5401118139706134, 'lag_3': 0.13665617654609402, 'lag_4': 0.08131250984536359, 'lag_5': 0.25416789915919896, 'lag_6': 0.03229538455809292, 'lag_7': 0.3803240692948819, 'lag_8': 0.5989414144407211, 'lag_9': 0.9217378814687726, 'lag_10': 0.09789236005047472, 'lag_11': 0.5791223019410944, 'lag_12': 0.2637900269634435, 'lag_13': 0.5757491976552873, 'lag_14': 0.5601310872798982, 'lag_15': 0.7653363571492512, 'lag_16': 0.1701820566689788, 'lag_17': 0.5085242276540446, 'lag_18': 0.5295792642146542, 'lag_19': 0.5725294998974155, 'lag_20': 0.8146391154103185, 'lag_21': 0.25282876596434867, 'lag_22': 0.49143557517919384, 'lag_23': 0.45402262954199485, 'lag_24': 0.31325763913662813, 'lag_25': 0.6264555756205955, 'lag_26': 0.581405124751967, 'lag_27': 0.04177327165419402, 'lag_28': 0.04880351022605283}. Best is trial 8 with value: 0.008979470813515581.
[I 2025-09-29 13:11:09,577] Trial 10 finished with value: 0.010157635924013312 and parameters: {'lag_0': 0.017696879727733428, 'lag_1': 0.37921018612004465, 'lag_2': 0.22108739341497663, 'lag_3': 0.4072792856927761, 'lag_4': 0.5623317144445923, 'lag_5': 0.9921796745950769, 'lag_6': 0.01626124224653297, 'lag_7': 0.6313579946786069, 'lag_8': 0.9393439507016903, 'lag_9': 0.007222344492862409, 'lag_10': 0.7989900613389394, 'lag_11': 0.28589456194126794, 'lag_12': 0.5889169900052981, 'lag_13': 0.2949750271591739, 'lag_14': 0.26586709703537625, 'lag_15': 0.04907501367914766, 'lag_16': 0.9550886581361481, 'lag_17': 0.1105393359133433, 'lag_18': 0.7572474540996005, 'lag_19': 0.32956362801522704, 'lag_20': 0.4751022705350276, 'lag_21': 0.9537916857456907, 'lag_22': 0.9653082307376043, 'lag_23': 0.9728006848470078, 'lag_24': 0.02214242960546177, 'lag_25': 0.9786193517093631, 'lag_26': 0.01982934434465844, 'lag_27': 0.22214193463705706, 'lag_28': 0.32835920309337624}. Best is trial 8 with value: 0.008979470813515581.
[I 2025-09-29 13:11:12,069] Trial 11 finished with value: 0.0090683626765073 and parameters: {'lag_0': 0.5228970311499918, 'lag_1': 0.44244468505433987, 'lag_2': 0.6101116573879227, 'lag_3': 0.4132941145346015, 'lag_4': 0.6663807741072318, 'lag_5': 0.9172713614665626, 'lag_6': 0.22120132246775254, 'lag_7': 0.01686427748393901, 'lag_8': 0.09061874288937216, 'lag_9': 0.004233376615714863, 'lag_10': 0.6186873481709383, 'lag_11': 0.13120598338994777, 'lag_12': 0.03857225047412194, 'lag_13': 0.6355429655775767, 'lag_14': 0.8992055133747948, 'lag_15': 0.0035087971756198044, 'lag_16': 0.0759189140109589, 'lag_17': 0.9484493218260258, 'lag_18': 0.9634510685699226, 'lag_19': 0.3737947043291871, 'lag_20': 0.8625085430905551, 'lag_21': 0.8371167065341758, 'lag_22': 0.0420530483509593, 'lag_23': 0.01484193247267021, 'lag_24': 0.04637825629553499, 'lag_25': 0.6927994026514107, 'lag_26': 0.29309404472833356, 'lag_27': 0.4879337057564713, 'lag_28': 0.22898290287726694}. Best is trial 8 with value: 0.008979470813515581.
[I 2025-09-29 13:11:14,567] Trial 12 finished with value: 0.009480991896460643 and parameters: {'lag_0': 0.5272423257981869, 'lag_1': 0.42136167274922415, 'lag_2': 0.6770894263251931, 'lag_3': 0.4429453763509392, 'lag_4': 0.590986751800697, 'lag_5': 0.3486569675181497, 'lag_6': 0.18398997027155722, 'lag_7': 0.6329297614873254, 'lag_8': 0.044093284872994964, 'lag_9': 0.035713518051660134, 'lag_10': 0.6963299076322297, 'lag_11': 0.0754464611800959, 'lag_12': 0.4606157844810589, 'lag_13': 0.5924091384379874, 'lag_14': 0.9974458135164253, 'lag_15': 0.014646907279259404, 'lag_16': 0.044524274968454236, 'lag_17': 0.986921214622569, 'lag_18': 0.9876940729956506, 'lag_19': 0.39139947873802794, 'lag_20': 0.4715417203221325, 'lag_21': 0.9375194791203095, 'lag_22': 0.009140086011399193, 'lag_23': 0.19428782683923085, 'lag_24': 0.02586497252908297, 'lag_25': 0.8919279598677814, 'lag_26': 0.25855442528876704, 'lag_27': 0.5805060187226111, 'lag_28': 0.21973057614019725}. Best is trial 8 with value: 0.008979470813515581.
[I 2025-09-29 13:11:17,057] Trial 13 finished with value: 0.009396985601888482 and parameters: {'lag_0': 0.49784287870574745, 'lag_1': 0.1712061532688785, 'lag_2': 0.35911567275660217, 'lag_3': 0.34643845987179156, 'lag_4': 0.9452254321843359, 'lag_5': 0.33739568180676627, 'lag_6': 0.17488573638549465, 'lag_7': 0.009819806337016889, 'lag_8': 0.006717711839921384, 'lag_9': 0.2044725379808051, 'lag_10': 0.9230810611780385, 'lag_11': 0.30720842480959887, 'lag_12': 0.00840761989323039, 'lag_13': 0.7055261432114315, 'lag_14': 0.3388161489765339, 'lag_15': 0.13164823199395875, 'lag_16': 0.6923443588848237, 'lag_17': 0.6632599701744202, 'lag_18': 0.6701152775298287, 'lag_19': 0.022993360327670853, 'lag_20': 0.009468159603870707, 'lag_21': 0.7935023988984016, 'lag_22': 0.6237829141552009, 'lag_23': 0.030447423836019998, 'lag_24': 0.1588327104397123, 'lag_25': 0.7678577773790862, 'lag_26': 0.30331937428565703, 'lag_27': 0.18838788920405058, 'lag_28': 0.6462990759817784}. Best is trial 8 with value: 0.008979470813515581.
[I 2025-09-29 13:11:19,550] Trial 14 finished with value: 0.009534610412649008 and parameters: {'lag_0': 0.5064896101882219, 'lag_1': 0.47288316918753925, 'lag_2': 0.6590450482589889, 'lag_3': 0.5363397768197493, 'lag_4': 0.6625987904470795, 'lag_5': 0.9989406360251447, 'lag_6': 0.37636271677019084, 'lag_7': 0.4377595023036887, 'lag_8': 0.2252769961941391, 'lag_9': 0.189627951557824, 'lag_10': 0.6457570327316979, 'lag_11': 0.19271389920062978, 'lag_12': 0.4060410559902719, 'lag_13': 0.9974473140796984, 'lag_14': 0.185487867893536, 'lag_15': 0.9733090369181195, 'lag_16': 0.33418642862611475, 'lag_17': 0.2429889977017204, 'lag_18': 0.9784385040397656, 'lag_19': 0.7221326437001935, 'lag_20': 0.9832948104541692, 'lag_21': 0.8423388887419506, 'lag_22': 0.006488962047999203, 'lag_23': 0.39063913622927504, 'lag_24': 0.46229818376779014, 'lag_25': 0.49148051767148493, 'lag_26': 0.06817518513404097, 'lag_27': 0.48028408949749535, 'lag_28': 0.3666081361565528}. Best is trial 8 with value: 0.008979470813515581.
[I 2025-09-29 13:11:22,043] Trial 15 finished with value: 0.009253990171039164 and parameters: {'lag_0': 0.3848796758637674, 'lag_1': 0.2995897401157168, 'lag_2': 0.2726445331951524, 'lag_3': 0.5493272410620224, 'lag_4': 0.455120195941388, 'lag_5': 0.8123923512727205, 'lag_6': 0.11235030633673171, 'lag_7': 0.715412885648176, 'lag_8': 0.1982346753878271, 'lag_9': 0.3019540609130938, 'lag_10': 0.7957867614081988, 'lag_11': 0.7091436226534399, 'lag_12': 0.08894520910938608, 'lag_13': 0.34788905476911974, 'lag_14': 0.8241652450031918, 'lag_15': 0.26211437254936454, 'lag_16': 0.8042739411741832, 'lag_17': 0.5044494574381592, 'lag_18': 0.6233986116814652, 'lag_19': 0.994065390743986, 'lag_20': 0.8155434762918803, 'lag_21': 0.6468158970403872, 'lag_22': 0.6015460363295817, 'lag_23': 0.15408351487154842, 'lag_24': 0.1338384122028462, 'lag_25': 0.7959261504447058, 'lag_26': 0.39113648834553105, 'lag_27': 0.6894742393037339, 'lag_28': 0.12588203744347476}. Best is trial 8 with value: 0.008979470813515581.
[I 2025-09-29 13:11:24,531] Trial 16 finished with value: 0.008676539658459173 and parameters: {'lag_0': 0.5808261812172709, 'lag_1': 0.5390171071237239, 'lag_2': 0.4825779729692781, 'lag_3': 0.3169098447902977, 'lag_4': 0.8758331440102707, 'lag_5': 0.43832438537378127, 'lag_6': 0.5289582920067819, 'lag_7': 0.9741251242155542, 'lag_8': 0.3696613800086992, 'lag_9': 0.12937754816085942, 'lag_10': 0.5920918594621262, 'lag_11': 0.4299096384686715, 'lag_12': 0.633843937516793, 'lag_13': 0.4943370626246312, 'lag_14': 0.41330977293563154, 'lag_15': 0.011424729239281561, 'lag_16': 0.5240999653009983, 'lag_17': 0.7667523100139824, 'lag_18': 0.7954154896417827, 'lag_19': 0.4102545810681205, 'lag_20': 0.64034770694313, 'lag_21': 0.9853042809828056, 'lag_22': 0.2014823079657116, 'lag_23': 0.339035455459634, 'lag_24': 0.43989351239760427, 'lag_25': 0.5752758018773086, 'lag_26': 0.13488097331638085, 'lag_27': 0.20361838967477147, 'lag_28': 0.43526820254211696}. Best is trial 16 with value: 0.008676539658459173.
[I 2025-09-29 13:11:27,022] Trial 17 finished with value: 0.009275973913490295 and parameters: {'lag_0': 0.6084881155737171, 'lag_1': 0.5474082464557425, 'lag_2': 0.4646977451903612, 'lag_3': 0.25280990171615314, 'lag_4': 0.8601138597031792, 'lag_5': 0.42189556452550214, 'lag_6': 0.6671000014166137, 'lag_7': 0.95349138746913, 'lag_8': 0.35082803441984056, 'lag_9': 0.1195900159000933, 'lag_10': 0.8318722850056008, 'lag_11': 0.41655041741525456, 'lag_12': 0.6492940490844015, 'lag_13': 0.4879109503181398, 'lag_14': 0.4253616011213072, 'lag_15': 0.14318524134084035, 'lag_16': 0.5522117950541292, 'lag_17': 0.7677291587583785, 'lag_18': 0.8059902804774204, 'lag_19': 0.4722942147085546, 'lag_20': 0.6304608711827612, 'lag_21': 0.9931061943519696, 'lag_22': 0.2726848319862776, 'lag_23': 0.30105524277233364, 'lag_24': 0.44895792834603454, 'lag_25': 0.504023136232169, 'lag_26': 0.15141348798597365, 'lag_27': 0.1698727566470694, 'lag_28': 0.45813229825583823}. Best is trial 16 with value: 0.008676539658459173.
[I 2025-09-29 13:11:29,512] Trial 18 finished with value: 0.009447339353593927 and parameters: {'lag_0': 0.9979124751451816, 'lag_1': 0.02207195215400809, 'lag_2': 0.28360420315932766, 'lag_3': 0.2935799139275465, 'lag_4': 0.8525259583824966, 'lag_5': 0.1625956939740689, 'lag_6': 0.5162239851666114, 'lag_7': 0.9968326174488398, 'lag_8': 0.985288894631412, 'lag_9': 0.36208328947643076, 'lag_10': 0.5351071247295143, 'lag_11': 0.6127098208125339, 'lag_12': 0.7233004454845003, 'lag_13': 0.24812494395085535, 'lag_14': 0.14577991142309082, 'lag_15': 0.6245686017539465, 'lag_16': 0.4462793360639478, 'lag_17': 0.5653454193906013, 'lag_18': 0.8734291195582018, 'lag_19': 0.6569124766403164, 'lag_20': 0.5607683362484537, 'lag_21': 0.8861185188969979, 'lag_22': 0.6247497002852738, 'lag_23': 0.37794260830209603, 'lag_24': 0.42745585665437724, 'lag_25': 0.5593493821737636, 'lag_26': 0.12790439243823484, 'lag_27': 0.27796048251502775, 'lag_28': 0.7745517887289296}. Best is trial 16 with value: 0.008676539658459173.
[I 2025-09-29 13:11:32,006] Trial 19 finished with value: 0.009449243928914436 and parameters: {'lag_0': 0.37442204586008854, 'lag_1': 0.792671516161574, 'lag_2': 0.7860255608275886, 'lag_3': 0.9971920512293183, 'lag_4': 0.9945104087021328, 'lag_5': 0.43364167791055125, 'lag_6': 0.5530065030627345, 'lag_7': 0.7924367217281562, 'lag_8': 0.35467141862765594, 'lag_9': 0.12436409667014713, 'lag_10': 0.2292751618077975, 'lag_11': 0.8640701662450015, 'lag_12': 0.3413138067551498, 'lag_13': 0.42407388720339134, 'lag_14': 0.23359808601190193, 'lag_15': 0.2871972523964508, 'lag_16': 0.6711439201667867, 'lag_17': 0.7911159916385403, 'lag_18': 0.6873858867731711, 'lag_19': 0.23942119161564424, 'lag_20': 0.39181915077317603, 'lag_21': 0.641167693350693, 'lag_22': 0.1529081894891275, 'lag_23': 0.7369353625137455, 'lag_24': 0.3396043440243832, 'lag_25': 0.8506074056922718, 'lag_26': 0.40552182874467524, 'lag_27': 0.012157958263595087, 'lag_28': 0.6761074818864924}. Best is trial 16 with value: 0.008676539658459173.
[I 2025-09-29 13:11:34,494] Trial 20 finished with value: 0.00969002069837343 and parameters: {'lag_0': 0.06300044184199388, 'lag_1': 0.3253554109935471, 'lag_2': 0.4961691783513859, 'lag_3': 0.8140316383414989, 'lag_4': 0.8740377940265234, 'lag_5': 0.014481195464681018, 'lag_6': 0.783217657530238, 'lag_7': 0.5610547321688941, 'lag_8': 0.8530686705875787, 'lag_9': 0.6350679514515891, 'lag_10': 0.5295322540871022, 'lag_11': 0.5241865554465551, 'lag_12': 0.5387763971948892, 'lag_13': 0.0017896473886843123, 'lag_14': 0.4494948135014373, 'lag_15': 0.10121348474665465, 'lag_16': 0.28761414577070643, 'lag_17': 0.3958992859849288, 'lag_18': 0.6159735384806194, 'lag_19': 0.4679852838949068, 'lag_20': 0.7003017448815069, 'lag_21': 0.985095248079066, 'lag_22': 0.5015269036281684, 'lag_23': 0.20586470046659047, 'lag_24': 0.569689796176146, 'lag_25': 0.4260874149060697, 'lag_26': 0.988989324553899, 'lag_27': 0.1152068287444691, 'lag_28': 0.520900951433932}. Best is trial 16 with value: 0.008676539658459173.
[I 2025-09-29 13:11:36,999] Trial 21 finished with value: 0.009872522042336799 and parameters: {'lag_0': 0.5731564484587437, 'lag_1': 0.473458857706581, 'lag_2': 0.5941686988186187, 'lag_3': 0.48710471956150436, 'lag_4': 0.6484013388920454, 'lag_5': 0.3055692081498933, 'lag_6': 0.27763626113282264, 'lag_7': 0.26382725069815893, 'lag_8': 0.09348652029190108, 'lag_9': 0.06615392753800627, 'lag_10': 0.6115524743951063, 'lag_11': 0.1549365594819524, 'lag_12': 0.7569534007647641, 'lag_13': 0.605492623665512, 'lag_14': 0.840414147919206, 'lag_15': 0.024950872674667824, 'lag_16': 0.002091678527145563, 'lag_17': 0.9127004986342495, 'lag_18': 0.9067519535025372, 'lag_19': 0.4204328259275532, 'lag_20': 0.7231043729686457, 'lag_21': 0.8316269842677572, 'lag_22': 0.13910982710965653, 'lag_23': 0.13368116989488388, 'lag_24': 0.1378496790743215, 'lag_25': 0.7018470006785996, 'lag_26': 0.2934941084617408, 'lag_27': 0.41199689983103566, 'lag_28': 0.26619985592662765}. Best is trial 16 with value: 0.008676539658459173.
[I 2025-09-29 13:11:39,486] Trial 22 finished with value: 0.009302615103571854 and parameters: {'lag_0': 0.4454480070881421, 'lag_1': 0.22093885743532182, 'lag_2': 0.4482384822168877, 'lag_3': 0.5648113884499402, 'lag_4': 0.694816727286767, 'lag_5': 0.5074395561954694, 'lag_6': 0.4596287337345748, 'lag_7': 0.021621797092613693, 'lag_8': 0.12718768156527016, 'lag_9': 0.27313689779745465, 'lag_10': 0.7540838391237813, 'lag_11': 0.38906424192054506, 'lag_12': 0.10437144712132554, 'lag_13': 0.6707160107709876, 'lag_14': 0.32879576599363325, 'lag_15': 0.004037587537094268, 'lag_16': 0.48676404469172835, 'lag_17': 0.9904181652953403, 'lag_18': 0.9788822071267615, 'lag_19': 0.27509925986883843, 'lag_20': 0.8866328274300425, 'lag_21': 0.8788531683916537, 'lag_22': 0.06845502764286066, 'lag_23': 0.0803730265769744, 'lag_24': 0.0762514515001991, 'lag_25': 0.6206401873503598, 'lag_26': 0.2101767771463807, 'lag_27': 0.3243462708696664, 'lag_28': 0.14169237026048323}. Best is trial 16 with value: 0.008676539658459173.
[I 2025-09-29 13:11:41,980] Trial 23 finished with value: 0.009234325619792936 and parameters: {'lag_0': 0.2830222659775137, 'lag_1': 0.3735857821854821, 'lag_2': 0.6095060691126151, 'lag_3': 0.3824809686713619, 'lag_4': 0.5869458363403651, 'lag_5': 0.7623283865471889, 'lag_6': 0.1027259009598147, 'lag_7': 0.6524713949595694, 'lag_8': 0.6277320452419293, 'lag_9': 0.004488462120682889, 'lag_10': 0.5953928402216012, 'lag_11': 0.27014291046832584, 'lag_12': 0.3152062070514752, 'lag_13': 0.8576417680672127, 'lag_14': 0.11285584281024924, 'lag_15': 0.15043524063130548, 'lag_16': 0.6182881478063272, 'lag_17': 0.5933162251700137, 'lag_18': 0.8537973980760225, 'lag_19': 0.6218393193472275, 'lag_20': 0.9148368003092362, 'lag_21': 0.7166177441332051, 'lag_22': 0.27637802710222703, 'lag_23': 0.0017187889747827395, 'lag_24': 0.20888089537754742, 'lag_25': 0.9373145518024556, 'lag_26': 0.098731705763203, 'lag_27': 0.11326083879135278, 'lag_28': 0.32652362638098187}. Best is trial 16 with value: 0.008676539658459173.
2025-09-29 13:11:42,409 - distributed.worker - INFO - Stopping worker at tcp://192.168.86.108:38827. Reason: scheduler-remove-worker
slurmstepd: error: *** JOB 3081210 ON node08 CANCELLED AT 2025-09-29T13:11:42 ***
