[I 2025-09-29 11:57:38,977] Trial 45 finished with value: 0.008483688157829631 and parameters: {'lag_0': 0.14443123890380383, 'lag_1': 0.45384320923540494, 'lag_2': 0.9813439323836377, 'lag_3': 0.2984415993939272, 'lag_4': 0.3480919247580915, 'lag_5': 0.21467216433515018, 'lag_6': 0.7768798966285153, 'lag_7': 0.010360988853893915, 'lag_8': 0.5658544621237223, 'lag_9': 0.21199219552037835, 'lag_10': 0.0430808020259493, 'lag_11': 0.980865560567808, 'lag_12': 0.6708760014644374, 'lag_13': 0.6508176046514413, 'lag_14': 0.4540200268159061, 'lag_15': 0.22015444005596965, 'lag_16': 0.5705771431423794, 'lag_17': 0.3178563848694701, 'lag_18': 0.33742028898508347, 'lag_19': 0.8603984310701074, 'lag_20': 0.9813022442520194, 'lag_21': 0.7875094933681668, 'lag_22': 0.3436535280623861, 'lag_23': 0.9040795881117303, 'lag_24': 0.8459190284295623, 'lag_25': 0.8387992728697584, 'lag_26': 0.9358002573131325, 'lag_27': 0.8391724297120322, 'lag_28': 0.7205385221903041}. Best is trial 37 with value: 0.008261671593162358.
[I 2025-09-29 11:57:41,336] Trial 46 finished with value: 0.00845176363894041 and parameters: {'lag_0': 0.2418556148439288, 'lag_1': 0.4155854421882417, 'lag_2': 0.6488632486598209, 'lag_3': 0.12317496651853646, 'lag_4': 0.11231763976398376, 'lag_5': 0.17951256671754406, 'lag_6': 0.4524010238648797, 'lag_7': 0.27139015614723044, 'lag_8': 0.642742820082129, 'lag_9': 0.06957652235972395, 'lag_10': 0.24474185872207183, 'lag_11': 0.8867153995979069, 'lag_12': 0.8464218766573672, 'lag_13': 0.7160440809912466, 'lag_14': 0.372253614186125, 'lag_15': 0.04905320887877347, 'lag_16': 0.8418631674701593, 'lag_17': 0.3980305431549279, 'lag_18': 0.042403168645786, 'lag_19': 0.6536067709965125, 'lag_20': 0.9978879655298405, 'lag_21': 0.9295709656275237, 'lag_22': 0.4673604283797099, 'lag_23': 0.9484712337641734, 'lag_24': 0.08575687818958289, 'lag_25': 0.4366209496647814, 'lag_26': 0.012007452315904634, 'lag_27': 0.6897001802506506, 'lag_28': 0.9051839841953115}. Best is trial 37 with value: 0.008261671593162358.
[I 2025-09-29 11:57:43,692] Trial 47 finished with value: 0.008437040185308085 and parameters: {'lag_0': 0.2950678926572287, 'lag_1': 0.5531266985931922, 'lag_2': 0.7632567163534842, 'lag_3': 0.27771956312078583, 'lag_4': 0.433500234289962, 'lag_5': 0.002102499271827707, 'lag_6': 0.6188870254528395, 'lag_7': 0.6796041214811048, 'lag_8': 0.9229863431926176, 'lag_9': 0.629075707698961, 'lag_10': 0.30124837776102487, 'lag_11': 0.48846819723331547, 'lag_12': 0.6354350003949364, 'lag_13': 0.8546554224255222, 'lag_14': 0.5761726967038243, 'lag_15': 0.34709264923889693, 'lag_16': 0.7516930257944898, 'lag_17': 0.5716415098871566, 'lag_18': 0.1324587102284616, 'lag_19': 0.4605068354709198, 'lag_20': 0.8287829002483215, 'lag_21': 0.8685353583270332, 'lag_22': 0.5413656728605805, 'lag_23': 0.7245861144211456, 'lag_24': 0.7369968010005232, 'lag_25': 0.7352989767715107, 'lag_26': 0.06476815763520276, 'lag_27': 0.3829448759912819, 'lag_28': 0.980107561921575}. Best is trial 37 with value: 0.008261671593162358.
[I 2025-09-29 11:57:46,041] Trial 48 finished with value: 0.008693003264138107 and parameters: {'lag_0': 0.19910632362241043, 'lag_1': 0.5967853350287672, 'lag_2': 0.7974484593837188, 'lag_3': 0.23334868369419576, 'lag_4': 0.20187683307711396, 'lag_5': 0.10677533056907784, 'lag_6': 0.9264321158421416, 'lag_7': 0.5295860937658416, 'lag_8': 0.4940580427784203, 'lag_9': 0.8488078862913023, 'lag_10': 0.5242504704692698, 'lag_11': 0.7219643829629134, 'lag_12': 0.4958543129718238, 'lag_13': 0.5106397351907489, 'lag_14': 0.5631266830429995, 'lag_15': 0.421503934847429, 'lag_16': 0.4753717262598316, 'lag_17': 0.42014358843914784, 'lag_18': 0.2144516361337142, 'lag_19': 0.9346790711943485, 'lag_20': 0.8960278934224957, 'lag_21': 0.734326765400307, 'lag_22': 0.46507224878436176, 'lag_23': 0.690028120270112, 'lag_24': 0.5071544467663759, 'lag_25': 0.6318761181906251, 'lag_26': 0.19218413453150035, 'lag_27': 0.5152261274373267, 'lag_28': 0.685535214384378}. Best is trial 37 with value: 0.008261671593162358.
[I 2025-09-29 11:57:48,393] Trial 49 finished with value: 0.008455497932086812 and parameters: {'lag_0': 0.045863629848359344, 'lag_1': 0.156564378449564, 'lag_2': 0.9371084282375768, 'lag_3': 0.39522720167777864, 'lag_4': 0.5139153981537142, 'lag_5': 0.36650844419045403, 'lag_6': 0.9806146768424273, 'lag_7': 0.35066078543734835, 'lag_8': 0.6031762935133363, 'lag_9': 0.7531917476427381, 'lag_10': 0.03946225266993234, 'lag_11': 0.6370952707406514, 'lag_12': 0.9416901659939063, 'lag_13': 0.9591847437063584, 'lag_14': 0.694648403328249, 'lag_15': 0.2884783696588684, 'lag_16': 0.9187193862184887, 'lag_17': 0.19062087635670383, 'lag_18': 0.006594469922312607, 'lag_19': 0.808872014199242, 'lag_20': 0.7628378273516934, 'lag_21': 0.454819224122868, 'lag_22': 0.11501277740082202, 'lag_23': 0.8392567453935068, 'lag_24': 0.6286851035619742, 'lag_25': 0.9522359468885574, 'lag_26': 0.045103174550246414, 'lag_27': 0.22957409320240701, 'lag_28': 0.0003699525256071201}. Best is trial 37 with value: 0.008261671593162358.
[I 2025-09-29 11:57:50,746] Trial 50 finished with value: 0.008712756714614803 and parameters: {'lag_0': 0.15299748694738974, 'lag_1': 0.6720420205737538, 'lag_2': 0.704245674058765, 'lag_3': 0.32778689294783325, 'lag_4': 0.372567852554442, 'lag_5': 0.5288865464407124, 'lag_6': 0.07500224989805121, 'lag_7': 0.5974839450094347, 'lag_8': 0.3041294274246439, 'lag_9': 0.3940951510450844, 'lag_10': 0.24307042981586854, 'lag_11': 0.9552589626918695, 'lag_12': 0.7146633698468101, 'lag_13': 0.25755436634948325, 'lag_14': 0.8960774104301085, 'lag_15': 0.23956058759267532, 'lag_16': 0.5461380850952708, 'lag_17': 0.07243049265163592, 'lag_18': 0.3198066534575341, 'lag_19': 0.7389049076447661, 'lag_20': 0.9569024628452584, 'lag_21': 0.5549244615251259, 'lag_22': 0.6734639794234336, 'lag_23': 0.7682316829827437, 'lag_24': 0.813561976489304, 'lag_25': 0.5468758800640825, 'lag_26': 0.13146407208074246, 'lag_27': 0.9910487426664741, 'lag_28': 0.820943277401348}. Best is trial 37 with value: 0.008261671593162358.
[I 2025-09-29 11:57:53,102] Trial 51 finished with value: 0.008593060520657664 and parameters: {'lag_0': 0.37428854306874837, 'lag_1': 0.739270671093857, 'lag_2': 0.6288002244671501, 'lag_3': 0.42946805089791734, 'lag_4': 0.474309237504083, 'lag_5': 0.1952518392715319, 'lag_6': 0.2515942957293332, 'lag_7': 0.4591652074139547, 'lag_8': 0.440078362302169, 'lag_9': 0.0009252231579103955, 'lag_10': 0.17238687242946438, 'lag_11': 0.8205335424005639, 'lag_12': 0.7876167695252438, 'lag_13': 0.049191196676520145, 'lag_14': 0.7679411601974755, 'lag_15': 0.19535924454914683, 'lag_16': 0.6917550509548167, 'lag_17': 0.5192258392139859, 'lag_18': 0.10669533944444246, 'lag_19': 0.639707210556758, 'lag_20': 0.7723660997709128, 'lag_21': 0.6471484430918286, 'lag_22': 0.7029603919918571, 'lag_23': 0.8084752380340199, 'lag_24': 0.7812077235327968, 'lag_25': 0.6002217396546263, 'lag_26': 0.23711693190048247, 'lag_27': 0.46089203707559295, 'lag_28': 0.7208032452164725}. Best is trial 37 with value: 0.008261671593162358.
[I 2025-09-29 11:57:55,464] Trial 52 finished with value: 0.008589739492910425 and parameters: {'lag_0': 0.3173180191352165, 'lag_1': 0.8255788951578793, 'lag_2': 0.6806459132074062, 'lag_3': 0.5260515119150286, 'lag_4': 0.5209630523672539, 'lag_5': 0.14822976420365128, 'lag_6': 0.13740638920221182, 'lag_7': 0.40302772389346864, 'lag_8': 0.40137293370793425, 'lag_9': 0.050810613191640715, 'lag_10': 0.13238267309035, 'lag_11': 0.8913381887002487, 'lag_12': 0.8312868785010532, 'lag_13': 0.77315435493235, 'lag_14': 0.7429812972188262, 'lag_15': 0.11368174428566453, 'lag_16': 0.6222823307256092, 'lag_17': 0.4548805334844065, 'lag_18': 0.17673922887672378, 'lag_19': 0.5469293159640308, 'lag_20': 0.8678113983527588, 'lag_21': 0.640430894646216, 'lag_22': 0.5463704458103283, 'lag_23': 0.881812086480698, 'lag_24': 0.7229598691500247, 'lag_25': 0.5710825374227465, 'lag_26': 0.08418076173507992, 'lag_27': 0.44165516362892104, 'lag_28': 0.8679868838937761}. Best is trial 37 with value: 0.008261671593162358.
[I 2025-09-29 11:57:57,826] Trial 53 finished with value: 0.008326827259894734 and parameters: {'lag_0': 0.229477794922051, 'lag_1': 0.7799933974577004, 'lag_2': 0.8736178008697886, 'lag_3': 0.48204334699783935, 'lag_4': 0.7585823756297743, 'lag_5': 0.06882647327343958, 'lag_6': 0.05706696494931214, 'lag_7': 0.49992333669347544, 'lag_8': 0.5242080391883347, 'lag_9': 0.16836654396416606, 'lag_10': 0.2147020860824785, 'lag_11': 0.5708247277851944, 'lag_12': 0.7587348972016879, 'lag_13': 0.09493278410554913, 'lag_14': 0.6803603473668629, 'lag_15': 0.17006053039572802, 'lag_16': 0.7664480835979511, 'lag_17': 0.46230061254398497, 'lag_18': 0.2409074349408311, 'lag_19': 0.5274852937133649, 'lag_20': 0.7194611705267561, 'lag_21': 0.811978505709431, 'lag_22': 0.6415961062089417, 'lag_23': 0.8291081250385517, 'lag_24': 0.6709822897564603, 'lag_25': 0.6515941526576045, 'lag_26': 0.19216338552013518, 'lag_27': 0.4937705615154206, 'lag_28': 0.7957248102960103}. Best is trial 37 with value: 0.008261671593162358.
[I 2025-09-29 11:58:00,187] Trial 54 finished with value: 0.008444075621213801 and parameters: {'lag_0': 0.2206361076224773, 'lag_1': 0.6171623815816832, 'lag_2': 0.8634488848630109, 'lag_3': 0.5717070580342393, 'lag_4': 0.8616305296695641, 'lag_5': 0.07193693688683489, 'lag_6': 0.030904118463009736, 'lag_7': 0.5331051129218005, 'lag_8': 0.49925305066905434, 'lag_9': 0.18379744611893012, 'lag_10': 0.37230652085223104, 'lag_11': 0.5536964541988949, 'lag_12': 0.5441817072588583, 'lag_13': 0.08332045285766106, 'lag_14': 0.535906122007519, 'lag_15': 0.062221982404274734, 'lag_16': 0.6570446055352999, 'lag_17': 0.3332027855777524, 'lag_18': 0.23972322094758872, 'lag_19': 0.6812119936910701, 'lag_20': 0.6394440364645291, 'lag_21': 0.797778657611531, 'lag_22': 0.5688427318966451, 'lag_23': 0.054485390624456176, 'lag_24': 0.5547846404733013, 'lag_25': 0.818057225728323, 'lag_26': 0.004691634116651078, 'lag_27': 0.5893345415698473, 'lag_28': 0.9489592412101554}. Best is trial 37 with value: 0.008261671593162358.
[I 2025-09-29 11:58:02,545] Trial 55 finished with value: 0.008590887917639022 and parameters: {'lag_0': 0.11079997547695565, 'lag_1': 0.7747990562019251, 'lag_2': 0.8309185596139501, 'lag_3': 0.17501283768654435, 'lag_4': 0.6591118691861072, 'lag_5': 0.24694485751531273, 'lag_6': 0.18827970955486248, 'lag_7': 0.489149509597077, 'lag_8': 0.6339884961105848, 'lag_9': 0.12318582101872076, 'lag_10': 0.21398017715787065, 'lag_11': 0.4556410427132636, 'lag_12': 0.7540044344046234, 'lag_13': 0.5757191007260293, 'lag_14': 0.6642150636259351, 'lag_15': 0.0034475110647354396, 'lag_16': 0.9044155957258455, 'lag_17': 0.6106078047676295, 'lag_18': 0.05322513118153245, 'lag_19': 0.6196939547459714, 'lag_20': 0.7126458234168859, 'lag_21': 0.9882043002240667, 'lag_22': 0.6427086681331883, 'lag_23': 0.9344651425325292, 'lag_24': 0.6791668959833085, 'lag_25': 0.7018885002975603, 'lag_26': 0.2030655790131081, 'lag_27': 0.5046887598909691, 'lag_28': 0.6131723303131897}. Best is trial 37 with value: 0.008261671593162358.
[I 2025-09-29 11:58:04,904] Trial 56 finished with value: 0.008643115242177115 and parameters: {'lag_0': 0.048487968344270466, 'lag_1': 0.6986300311156347, 'lag_2': 0.7427566354780799, 'lag_3': 0.36895610397706957, 'lag_4': 0.771515385614265, 'lag_5': 0.03342939288143736, 'lag_6': 0.04753691849418999, 'lag_7': 0.6588546773216449, 'lag_8': 0.537991400625758, 'lag_9': 0.1631658586480405, 'lag_10': 0.28007727752447936, 'lag_11': 0.7377838566963304, 'lag_12': 0.6710446929146259, 'lag_13': 0.41656387134739187, 'lag_14': 0.4639126289813185, 'lag_15': 0.1530364114484611, 'lag_16': 0.8250988283300862, 'lag_17': 0.4000920300141666, 'lag_18': 0.40321023272104767, 'lag_19': 0.775282262101365, 'lag_20': 0.572396686454897, 'lag_21': 0.6875178296842966, 'lag_22': 0.0003117492307121439, 'lag_23': 0.9773858193285503, 'lag_24': 0.6185558965636717, 'lag_25': 0.7540348820980789, 'lag_26': 0.13821034703385046, 'lag_27': 0.7444205367125889, 'lag_28': 0.7976093698769445}. Best is trial 37 with value: 0.008261671593162358.
[I 2025-09-29 11:58:07,256] Trial 57 finished with value: 0.008727020767566021 and parameters: {'lag_0': 0.39436519885189947, 'lag_1': 0.9419109918583449, 'lag_2': 0.9977652327287322, 'lag_3': 0.0880050726626167, 'lag_4': 0.7498097087711688, 'lag_5': 0.13411153834267764, 'lag_6': 0.11133128142806564, 'lag_7': 0.5477729879246371, 'lag_8': 0.46586735275558555, 'lag_9': 0.4735307554884779, 'lag_10': 0.13853779075563444, 'lag_11': 0.3539888965921351, 'lag_12': 0.6061923187848355, 'lag_13': 0.11533093016896076, 'lag_14': 0.38477836854325087, 'lag_15': 0.451693475430916, 'lag_16': 0.9554740521631485, 'lag_17': 0.5220624620109114, 'lag_18': 0.1881511584976063, 'lag_19': 0.4613488655168873, 'lag_20': 0.8331103661398241, 'lag_21': 0.9087158784717017, 'lag_22': 0.23658483900307692, 'lag_23': 0.13837494801307326, 'lag_24': 0.44095749297653475, 'lag_25': 0.3887841684969539, 'lag_26': 0.7583972840275963, 'lag_27': 0.36871106055821357, 'lag_28': 0.8490929188151602}. Best is trial 37 with value: 0.008261671593162358.
[I 2025-09-29 11:58:09,608] Trial 58 finished with value: 0.008402781436260687 and parameters: {'lag_0': 0.9903239329242388, 'lag_1': 0.7380052971869902, 'lag_2': 0.7875005287461423, 'lag_3': 0.22513747592448313, 'lag_4': 0.81107191524189, 'lag_5': 0.3065298033365083, 'lag_6': 0.5733117451509154, 'lag_7': 0.7492307719763254, 'lag_8': 0.759709599701515, 'lag_9': 0.2483196230756386, 'lag_10': 0.05075992630163906, 'lag_11': 0.6710699042653911, 'lag_12': 0.9425095788387332, 'lag_13': 0.9372830381787817, 'lag_14': 0.6071711589342085, 'lag_15': 0.2664800669190199, 'lag_16': 0.7627500792029217, 'lag_17': 0.47751020779504105, 'lag_18': 0.31370683059723126, 'lag_19': 0.7167514445370227, 'lag_20': 0.8632804199810211, 'lag_21': 0.8247261300154728, 'lag_22': 0.5138459666162588, 'lag_23': 0.6652351835199433, 'lag_24': 0.9677410770326997, 'lag_25': 0.6424831069621431, 'lag_26': 0.10091061899558201, 'lag_27': 0.6525188841061675, 'lag_28': 0.8996596521560799}. Best is trial 37 with value: 0.008261671593162358.
[I 2025-09-29 11:58:11,960] Trial 59 finished with value: 0.008450272972454025 and parameters: {'lag_0': 0.45919199466785043, 'lag_1': 0.5009597954485918, 'lag_2': 0.8880024897561807, 'lag_3': 0.14168689445328675, 'lag_4': 0.7156476195430889, 'lag_5': 0.09271234341728812, 'lag_6': 0.004982631708965665, 'lag_7': 0.5918261764906282, 'lag_8': 0.6746768058134432, 'lag_9': 0.6778862016367027, 'lag_10': 0.9224527539245506, 'lag_11': 0.5818433735335427, 'lag_12': 0.72611181289738, 'lag_13': 0.04197522654476954, 'lag_14': 0.8292374974144127, 'lag_15': 0.37472282808693747, 'lag_16': 0.7142972907012594, 'lag_17': 0.5449270022954642, 'lag_18': 0.07658540263571935, 'lag_19': 0.15485102882390492, 'lag_20': 0.7379648358758334, 'lag_21': 0.7319596640211972, 'lag_22': 0.6318767383551667, 'lag_23': 0.8642675233383582, 'lag_24': 0.841716151787323, 'lag_25': 0.47483585143549834, 'lag_26': 0.17108093955917186, 'lag_27': 0.12132165069246525, 'lag_28': 0.7685262245270151}. Best is trial 37 with value: 0.008261671593162358.
[I 2025-09-29 11:58:14,320] Trial 60 finished with value: 0.00862243914069089 and parameters: {'lag_0': 0.2891034002145094, 'lag_1': 0.7834723413422224, 'lag_2': 0.7279947575407112, 'lag_3': 0.2847881387046809, 'lag_4': 0.9208947430882264, 'lag_5': 0.4640163291251294, 'lag_6': 0.06593268838999435, 'lag_7': 0.4752200016796705, 'lag_8': 0.3518770777946084, 'lag_9': 0.34699183269542966, 'lag_10': 0.32439884639337024, 'lag_11': 0.8333075276820883, 'lag_12': 0.877797398209139, 'lag_13': 0.8645534481209454, 'lag_14': 0.5362458031363218, 'lag_15': 0.22226057878766847, 'lag_16': 0.8581952666711723, 'lag_17': 0.7126006563928696, 'lag_18': 0.11713067618541922, 'lag_19': 0.003840719899590367, 'lag_20': 0.6659162410954438, 'lag_21': 0.8599727946624333, 'lag_22': 0.7467712083236542, 'lag_23': 0.9124213828486618, 'lag_24': 0.5829577348404704, 'lag_25': 0.8935576554431109, 'lag_26': 0.2932977598071428, 'lag_27': 0.3106665419782728, 'lag_28': 0.14544999827961674}. Best is trial 37 with value: 0.008261671593162358.
[I 2025-09-29 11:58:16,683] Trial 61 finished with value: 0.008741502059923722 and parameters: {'lag_0': 0.31983292424457044, 'lag_1': 0.9286148348349321, 'lag_2': 0.5358571922514195, 'lag_3': 0.49234034523368636, 'lag_4': 0.5737053240101496, 'lag_5': 0.18548809467069213, 'lag_6': 0.1965783586924867, 'lag_7': 0.4083053303242351, 'lag_8': 0.4445958501959347, 'lag_9': 0.05159570652807428, 'lag_10': 0.2052003914042844, 'lag_11': 0.9579112916702834, 'lag_12': 0.8112428655952927, 'lag_13': 0.0026618818932239406, 'lag_14': 0.7932500845038832, 'lag_15': 0.20501407481280357, 'lag_16': 0.7755986684892431, 'lag_17': 0.46695352116533684, 'lag_18': 0.27887941023581175, 'lag_19': 0.554928010955071, 'lag_20': 0.7933259662689707, 'lag_21': 0.6073888950034393, 'lag_22': 0.6694090262488678, 'lag_23': 0.8175378069178519, 'lag_24': 0.7674000724512057, 'lag_25': 0.5952997028886835, 'lag_26': 0.26059065668293835, 'lag_27': 0.48653403041945487, 'lag_28': 0.7232221746978738}. Best is trial 37 with value: 0.008261671593162358.
[I 2025-09-29 11:58:19,039] Trial 62 finished with value: 0.008367329057565709 and parameters: {'lag_0': 0.1720319258845469, 'lag_1': 0.8505276437922245, 'lag_2': 0.4715450021003586, 'lag_3': 0.47467082734012084, 'lag_4': 0.4153402745083044, 'lag_5': 0.11438894180961195, 'lag_6': 0.13572196115625557, 'lag_7': 0.4326744729959418, 'lag_8': 0.38923892019851697, 'lag_9': 0.08567379583235016, 'lag_10': 0.1511850815318028, 'lag_11': 0.9022854045618354, 'lag_12': 0.7751276593937166, 'lag_13': 0.07571408160053539, 'lag_14': 0.7115853223039744, 'lag_15': 0.1758799847702937, 'lag_16': 0.7020302500476571, 'lag_17': 0.5827544504398795, 'lag_18': 0.39160207056024754, 'lag_19': 0.5234794207530931, 'lag_20': 0.8088662633507399, 'lag_21': 0.5507582054995719, 'lag_22': 0.779401634451496, 'lag_23': 0.7552687661362686, 'lag_24': 0.8780999636740344, 'lag_25': 0.6903254255533939, 'lag_26': 0.37563089292777097, 'lag_27': 0.41441519358377343, 'lag_28': 0.7353006820093393}. Best is trial 37 with value: 0.008261671593162358.
[I 2025-09-29 11:58:21,395] Trial 63 finished with value: 0.008555100206199864 and parameters: {'lag_0': 0.17254880613469548, 'lag_1': 0.821204814983461, 'lag_2': 0.48470821629554206, 'lag_3': 0.5646039699187989, 'lag_4': 0.30461938094591756, 'lag_5': 0.1042131479475322, 'lag_6': 0.1188710853642499, 'lag_7': 0.35456291430436787, 'lag_8': 0.2227234704348939, 'lag_9': 0.09778358984818976, 'lag_10': 0.2619659899577865, 'lag_11': 0.9952325114404245, 'lag_12': 0.6913903479002181, 'lag_13': 0.1595986969517596, 'lag_14': 0.7191288004324073, 'lag_15': 0.12275436029473427, 'lag_16': 0.6900394095152211, 'lag_17': 0.6181042180195219, 'lag_18': 0.4510234605692848, 'lag_19': 0.5047755255595144, 'lag_20': 0.9366696841720737, 'lag_21': 0.5235554785057065, 'lag_22': 0.7719969621399262, 'lag_23': 0.7748584733337636, 'lag_24': 0.8958011114447244, 'lag_25': 0.6929270033939106, 'lag_26': 0.35219997810154985, 'lag_27': 0.41439939810208504, 'lag_28': 0.925042743822068}. Best is trial 37 with value: 0.008261671593162358.
[I 2025-09-29 11:58:23,760] Trial 64 finished with value: 0.008615462659605925 and parameters: {'lag_0': 0.23391056356774564, 'lag_1': 0.5744768773510418, 'lag_2': 0.8453451514996293, 'lag_3': 0.3963219187017434, 'lag_4': 0.35753131245111347, 'lag_5': 0.05581894264856453, 'lag_6': 0.14699068188685777, 'lag_7': 0.5137135439715883, 'lag_8': 0.3223001636708164, 'lag_9': 0.1447820757719358, 'lag_10': 0.09663773431619688, 'lag_11': 0.9126019762000418, 'lag_12': 0.7675828427425806, 'lag_13': 0.09540702391344322, 'lag_14': 0.6810441723715573, 'lag_15': 0.16774832725072805, 'lag_16': 0.540897344534315, 'lag_17': 0.5827069095764355, 'lag_18': 0.38853382239584205, 'lag_19': 0.6010375256384106, 'lag_20': 0.8807534357928161, 'lag_21': 0.4313656371781932, 'lag_22': 0.5587340416032542, 'lag_23': 0.8687320572550927, 'lag_24': 0.9498621866009758, 'lag_25': 0.6548080460298699, 'lag_26': 0.032641527816101315, 'lag_27': 0.5449548848674246, 'lag_28': 0.8106226707751949}. Best is trial 37 with value: 0.008261671593162358.
[I 2025-09-29 11:58:26,118] Trial 65 finished with value: 0.008634670403679339 and parameters: {'lag_0': 0.09452712340949278, 'lag_1': 0.7097061841641749, 'lag_2': 0.945049749670648, 'lag_3': 0.4669684335865999, 'lag_4': 0.41316562813990865, 'lag_5': 0.021797194866710452, 'lag_6': 0.10119394165458022, 'lag_7': 0.29159918067840856, 'lag_8': 0.37957644485654674, 'lag_9': 0.5801098770122853, 'lag_10': 0.06127163944808093, 'lag_11': 0.8572524151494677, 'lag_12': 0.6438881454240402, 'lag_13': 0.06158937534303369, 'lag_14': 0.6279137325066532, 'lag_15': 0.3287619210788143, 'lag_16': 0.6041636531754404, 'lag_17': 0.6453296693837902, 'lag_18': 0.029291695237158147, 'lag_19': 0.4203938192724598, 'lag_20': 0.7003643249560662, 'lag_21': 0.7586279892208706, 'lag_22': 0.8215905270685743, 'lag_23': 0.7642242559958006, 'lag_24': 0.8786305092178343, 'lag_25': 0.8014133371031683, 'lag_26': 0.4161936697976363, 'lag_27': 0.34193087361717633, 'lag_28': 0.4706828125925599}. Best is trial 37 with value: 0.008261671593162358.
