[I 2025-09-29 13:07:20,084] Trial 19 finished with value: 0.003031863297260244 and parameters: {'lag_0': 0.09335138198125827, 'lag_1': 0.0020749778591094836, 'lag_2': 0.32093024549077775, 'lag_3': 0.9837413064762779, 'lag_4': 0.5728445205822897, 'lag_5': 0.273004066234545, 'lag_6': 0.9698241640404366, 'lag_7': 0.6213679532306269, 'lag_8': 0.855032903614917, 'lag_9': 0.8503515432121769, 'lag_10': 0.359201849078651, 'lag_11': 0.8080586401069945, 'lag_12': 0.31788240818103064, 'lag_13': 0.6126730720407583, 'lag_14': 0.8084019773870148, 'lag_15': 0.2299582257891999, 'lag_16': 0.16410844565193772, 'lag_17': 0.7102913832322102, 'lag_18': 0.8559819808078984, 'lag_19': 0.6532057192916347, 'lag_20': 0.6429620701945384, 'lag_21': 0.41490347218546547, 'lag_22': 0.7868478896670954, 'lag_23': 0.19325922309019716, 'lag_24': 0.8384365125425872, 'lag_25': 0.8548336523416151, 'lag_26': 0.3116952708076589, 'lag_27': 0.6064035733964164, 'lag_28': 0.5902591973834775}. Best is trial 12 with value: 0.0026141911110464473.
[I 2025-09-29 13:07:22,547] Trial 20 finished with value: 0.0027461280439513096 and parameters: {'lag_0': 0.8398575535955932, 'lag_1': 0.24691400440411138, 'lag_2': 0.39386159543963123, 'lag_3': 0.7771060931161919, 'lag_4': 0.7415721439145322, 'lag_5': 0.45401990223827005, 'lag_6': 0.6848306847049296, 'lag_7': 0.23381233105512422, 'lag_8': 0.5686759189068703, 'lag_9': 0.7242349263045879, 'lag_10': 0.2812186844242678, 'lag_11': 0.6825875457536774, 'lag_12': 0.18871970933779209, 'lag_13': 0.19302160363841148, 'lag_14': 0.7101554472948284, 'lag_15': 0.25084058512375196, 'lag_16': 0.43481656308925287, 'lag_17': 0.5451553356344766, 'lag_18': 0.8698023203484362, 'lag_19': 0.4401061810159048, 'lag_20': 0.5916172837525435, 'lag_21': 0.7925744048704146, 'lag_22': 0.612846388216593, 'lag_23': 0.167344749302282, 'lag_24': 0.8610354109103008, 'lag_25': 0.6242612139959834, 'lag_26': 0.13797273912070018, 'lag_27': 0.2570820869760993, 'lag_28': 0.5510224730676357}. Best is trial 12 with value: 0.0026141911110464473.
[I 2025-09-29 13:07:25,015] Trial 21 finished with value: 0.002549722214438952 and parameters: {'lag_0': 0.17119307863522643, 'lag_1': 0.4008659040776323, 'lag_2': 0.12334911595300252, 'lag_3': 0.9698626924860555, 'lag_4': 0.5358117876199227, 'lag_5': 0.11659623639351685, 'lag_6': 0.9247259672323718, 'lag_7': 0.4249871043817686, 'lag_8': 0.888097261322213, 'lag_9': 0.629040747967576, 'lag_10': 0.6491852754859497, 'lag_11': 0.6176152791933079, 'lag_12': 0.4170180272256872, 'lag_13': 0.0004396038324155638, 'lag_14': 0.8829736039299426, 'lag_15': 0.43703479954008734, 'lag_16': 0.6390377329369754, 'lag_17': 0.4359615132408938, 'lag_18': 0.6344619279962018, 'lag_19': 0.6348729712798894, 'lag_20': 0.804380681863103, 'lag_21': 0.5611379279656463, 'lag_22': 0.5216645746024675, 'lag_23': 0.3220548802913744, 'lag_24': 0.6318926650132592, 'lag_25': 0.853175365619611, 'lag_26': 0.3553622880910977, 'lag_27': 0.7129580841697187, 'lag_28': 0.4123960059682777}. Best is trial 21 with value: 0.002549722214438952.
[I 2025-09-29 13:07:27,484] Trial 22 finished with value: 0.0025947189385771437 and parameters: {'lag_0': 0.2923842602049096, 'lag_1': 0.4009214039455664, 'lag_2': 0.1503194351973972, 'lag_3': 0.9307635352521892, 'lag_4': 0.8175096747136723, 'lag_5': 0.29372167545250333, 'lag_6': 0.9984285565364781, 'lag_7': 0.5656273595428253, 'lag_8': 0.7425810906984883, 'lag_9': 0.661318305801268, 'lag_10': 0.6192587248700431, 'lag_11': 0.7685160142596851, 'lag_12': 0.41964438636929563, 'lag_13': 0.05228827961124921, 'lag_14': 0.872652921058088, 'lag_15': 0.46426776696345573, 'lag_16': 0.5629921716238746, 'lag_17': 0.4471486909142358, 'lag_18': 0.6792670670317297, 'lag_19': 0.6440830318825651, 'lag_20': 0.7917086186476816, 'lag_21': 0.6254377169117372, 'lag_22': 0.7388671207780078, 'lag_23': 0.2982528996176149, 'lag_24': 0.5776792463562627, 'lag_25': 0.8474649736047771, 'lag_26': 0.3536484272295953, 'lag_27': 0.4895695450790507, 'lag_28': 0.4163230786997604}. Best is trial 21 with value: 0.002549722214438952.
[I 2025-09-29 13:07:29,952] Trial 23 finished with value: 0.0027796067252357933 and parameters: {'lag_0': 0.30293504218373574, 'lag_1': 0.44026103246266934, 'lag_2': 0.2431373766355326, 'lag_3': 0.805777417064724, 'lag_4': 0.8651093360492546, 'lag_5': 0.14330889403144928, 'lag_6': 0.8987973010016328, 'lag_7': 0.4520778847837045, 'lag_8': 0.7281548198473476, 'lag_9': 0.9215012196700739, 'lag_10': 0.6257883762640581, 'lag_11': 0.5986666732861836, 'lag_12': 0.41754632591845875, 'lag_13': 0.048830229814131036, 'lag_14': 0.8867204241588256, 'lag_15': 0.4882819742255391, 'lag_16': 0.48521252330845077, 'lag_17': 0.23424449185209612, 'lag_18': 0.6851125572967425, 'lag_19': 0.5362349857015926, 'lag_20': 0.8580011441616898, 'lag_21': 0.6322852069078336, 'lag_22': 0.7775663829663212, 'lag_23': 0.33062741544254426, 'lag_24': 0.5735837001175412, 'lag_25': 0.9186932151075791, 'lag_26': 0.5338166761304948, 'lag_27': 0.47712194101871125, 'lag_28': 0.4033231009819977}. Best is trial 21 with value: 0.002549722214438952.
[I 2025-09-29 13:07:32,424] Trial 24 finished with value: 0.0026704474110536775 and parameters: {'lag_0': 0.31022291143841413, 'lag_1': 0.4087092302949206, 'lag_2': 0.0004278864781663422, 'lag_3': 0.916720288001498, 'lag_4': 0.8167470421375722, 'lag_5': 0.288824865074852, 'lag_6': 0.7581110371554579, 'lag_7': 0.5342893293235589, 'lag_8': 0.9349387305497353, 'lag_9': 0.620126229471076, 'lag_10': 0.6123163794834724, 'lag_11': 0.785655487219167, 'lag_12': 0.6034269165025973, 'lag_13': 0.004818478438267182, 'lag_14': 0.5773491876106864, 'lag_15': 0.6350597857638953, 'lag_16': 0.7667590553057039, 'lag_17': 0.43286080533326965, 'lag_18': 0.5232499849948627, 'lag_19': 0.6387474185669617, 'lag_20': 0.7979239526319792, 'lag_21': 0.7156920388622713, 'lag_22': 0.7598783482297184, 'lag_23': 0.4908220274618743, 'lag_24': 0.4475329161298891, 'lag_25': 0.6590605710889218, 'lag_26': 0.3682108111841737, 'lag_27': 0.5303591642205703, 'lag_28': 0.4130086118770611}. Best is trial 21 with value: 0.002549722214438952.
[I 2025-09-29 13:07:34,892] Trial 25 finished with value: 0.002809392026948367 and parameters: {'lag_0': 0.20743950742275458, 'lag_1': 0.24532043980944607, 'lag_2': 0.1475327763183367, 'lag_3': 0.6790344371927912, 'lag_4': 0.40120551435416396, 'lag_5': 0.5918204596773197, 'lag_6': 0.8866613208292772, 'lag_7': 0.20344339878144935, 'lag_8': 0.7970160515235639, 'lag_9': 0.5776366776229616, 'lag_10': 0.4868254247007088, 'lag_11': 0.49711221327926913, 'lag_12': 0.40561735598724635, 'lag_13': 0.872905206112181, 'lag_14': 0.7360570985513779, 'lag_15': 0.4768836774425823, 'lag_16': 0.8651106630901095, 'lag_17': 0.6410540085333138, 'lag_18': 0.6661400935976269, 'lag_19': 0.34606282826534535, 'lag_20': 0.7104541261968755, 'lag_21': 0.9791059327211828, 'lag_22': 0.979358015891967, 'lag_23': 0.3944280839368395, 'lag_24': 0.6750561882239481, 'lag_25': 0.5145380347345192, 'lag_26': 0.2532352780560313, 'lag_27': 0.45088246624033024, 'lag_28': 0.20756859052329396}. Best is trial 21 with value: 0.002549722214438952.
[I 2025-09-29 13:07:37,358] Trial 26 finished with value: 0.002561140114404515 and parameters: {'lag_0': 0.5372725846353787, 'lag_1': 0.3567174412556386, 'lag_2': 0.28134712908463866, 'lag_3': 0.9172464217492559, 'lag_4': 0.8157992040849202, 'lag_5': 0.789550035126461, 'lag_6': 0.9861321981292941, 'lag_7': 0.5864069689202963, 'lag_8': 0.6897580183660306, 'lag_9': 0.7219623498888273, 'lag_10': 0.5836257398508141, 'lag_11': 0.8728867360837081, 'lag_12': 0.25276755246945154, 'lag_13': 0.4517215680872884, 'lag_14': 0.8987942932595988, 'lag_15': 0.5428059336545052, 'lag_16': 0.6017318831215218, 'lag_17': 0.5584292601155572, 'lag_18': 0.34983832097773115, 'lag_19': 0.7470311164084069, 'lag_20': 0.8759160907412405, 'lag_21': 0.6189294426031474, 'lag_22': 0.5101554482236278, 'lag_23': 0.0073595587249934424, 'lag_24': 0.5990426729408707, 'lag_25': 0.8112636781053235, 'lag_26': 0.14513129495026617, 'lag_27': 0.8913932586064974, 'lag_28': 0.44175615142954894}. Best is trial 21 with value: 0.002549722214438952.
[I 2025-09-29 13:07:39,843] Trial 27 finished with value: 0.003104892570880262 and parameters: {'lag_0': 0.5508983652734429, 'lag_1': 0.462445177372502, 'lag_2': 0.35594316120213715, 'lag_3': 0.9965158945363441, 'lag_4': 0.8165121397492356, 'lag_5': 0.6990627573362527, 'lag_6': 0.7136851000135422, 'lag_7': 0.6152155621541111, 'lag_8': 0.5475113388069098, 'lag_9': 0.6966926041765876, 'lag_10': 0.5321728807066798, 'lag_11': 0.8932912280458092, 'lag_12': 0.22926792271334592, 'lag_13': 0.272702782710762, 'lag_14': 0.8155201690393897, 'lag_15': 0.7170670819467073, 'lag_16': 0.3456256275441516, 'lag_17': 0.5684276777027163, 'lag_18': 0.33858089418416726, 'lag_19': 0.8542996715630599, 'lag_20': 0.9010999019277587, 'lag_21': 0.3642796713783244, 'lag_22': 0.8798465531933336, 'lag_23': 0.03328145234308405, 'lag_24': 0.33679074167473283, 'lag_25': 0.8147310125678274, 'lag_26': 0.1407420796492369, 'lag_27': 0.8934243532930984, 'lag_28': 0.47163026328547675}. Best is trial 21 with value: 0.002549722214438952.
[I 2025-09-29 13:07:42,313] Trial 28 finished with value: 0.0026168635373743396 and parameters: {'lag_0': 0.6185373053282646, 'lag_1': 0.378227455633484, 'lag_2': 0.4841716053561258, 'lag_3': 0.8905335174540374, 'lag_4': 0.9020611823952142, 'lag_5': 0.09411227780831383, 'lag_6': 0.9011562932481885, 'lag_7': 0.5791267915824517, 'lag_8': 0.662128448379424, 'lag_9': 0.8689041534049002, 'lag_10': 0.4454328075172997, 'lag_11': 0.8780114182297712, 'lag_12': 0.0697187597087719, 'lag_13': 0.0862899143629456, 'lag_14': 0.6781335341764161, 'lag_15': 0.5650391299047755, 'lag_16': 0.6413241449721101, 'lag_17': 0.7892312630080844, 'lag_18': 0.13957676319315493, 'lag_19': 0.7253831119362397, 'lag_20': 0.770722372910114, 'lag_21': 0.4787421190560694, 'lag_22': 0.48744395431327314, 'lag_23': 0.00589303332829777, 'lag_24': 0.48496446632304746, 'lag_25': 0.985958104371147, 'lag_26': 0.1027961375058507, 'lag_27': 0.8907201590523987, 'lag_28': 0.7853425788322452}. Best is trial 21 with value: 0.002549722214438952.
[I 2025-09-29 13:07:44,782] Trial 29 finished with value: 0.0025397196559897714 and parameters: {'lag_0': 0.44704468977627243, 'lag_1': 0.8053531483323186, 'lag_2': 0.07717745440857032, 'lag_3': 0.7804677350804419, 'lag_4': 0.9813491013620167, 'lag_5': 0.42485427723940483, 'lag_6': 0.8208622050509735, 'lag_7': 0.9153310784650426, 'lag_8': 0.7081561193760109, 'lag_9': 0.6506057281555249, 'lag_10': 0.7178730677950607, 'lag_11': 0.8248034694059861, 'lag_12': 0.28750933843609405, 'lag_13': 0.19296588579007518, 'lag_14': 0.2941280587250262, 'lag_15': 0.7006455749817146, 'lag_16': 0.70413525880562, 'lag_17': 0.6046613462550389, 'lag_18': 0.5199941877407583, 'lag_19': 0.9675784771947604, 'lag_20': 0.8784454921752306, 'lag_21': 0.8457919663343522, 'lag_22': 0.7148812109216267, 'lag_23': 0.1464951162267662, 'lag_24': 0.24210233060672715, 'lag_25': 0.9129542131054227, 'lag_26': 0.265658815309642, 'lag_27': 0.7278002775555641, 'lag_28': 0.5642266690529466}. Best is trial 29 with value: 0.0025397196559897714.
[I 2025-09-29 13:07:47,263] Trial 30 finished with value: 0.0030758819812676517 and parameters: {'lag_0': 0.42150194581950806, 'lag_1': 0.8341249187634068, 'lag_2': 0.06885248326506714, 'lag_3': 0.7729968351017897, 'lag_4': 0.9679091906452387, 'lag_5': 0.7880995169420444, 'lag_6': 0.824318724077008, 'lag_7': 0.9352896784500843, 'lag_8': 0.500868945429565, 'lag_9': 0.7615660651407343, 'lag_10': 0.7324655059123406, 'lag_11': 0.9410970533052664, 'lag_12': 0.26964932463071134, 'lag_13': 0.36480724358794286, 'lag_14': 0.26114436530081897, 'lag_15': 0.729923275773059, 'lag_16': 0.7187193488309702, 'lag_17': 0.9973565802695916, 'lag_18': 0.5122285395542081, 'lag_19': 0.9895962013938224, 'lag_20': 0.9075428109091703, 'lag_21': 0.8602472471427146, 'lag_22': 0.5562538723816213, 'lag_23': 0.14571147113951466, 'lag_24': 0.18813423002873284, 'lag_25': 0.9130990466981814, 'lag_26': 0.2654644872334817, 'lag_27': 0.739145510794544, 'lag_28': 0.5492040316604467}. Best is trial 29 with value: 0.0025397196559897714.
[I 2025-09-29 13:07:49,741] Trial 31 finished with value: 0.0033318925448095663 and parameters: {'lag_0': 0.46509663968836834, 'lag_1': 0.5997021218786658, 'lag_2': 0.08492715974447262, 'lag_3': 0.9292967960999857, 'lag_4': 0.7831391350783905, 'lag_5': 0.384726969605967, 'lag_6': 0.9241787404817402, 'lag_7': 0.45681045281196125, 'lag_8': 0.7153115147890182, 'lag_9': 0.6439390403757156, 'lag_10': 0.5739438004310434, 'lag_11': 0.8129074987421561, 'lag_12': 0.1452830894033172, 'lag_13': 0.005883321884133597, 'lag_14': 0.3420864803924176, 'lag_15': 0.6634191578132203, 'lag_16': 0.6492019663529386, 'lag_17': 0.6242517390697865, 'lag_18': 0.4403495898643099, 'lag_19': 0.8975445428465773, 'lag_20': 0.8505626972825718, 'lag_21': 0.7817749053955957, 'lag_22': 0.6865163587506787, 'lag_23': 0.11562641016843833, 'lag_24': 0.03829458055682078, 'lag_25': 0.815824829615754, 'lag_26': 0.25378273635404963, 'lag_27': 0.6824339427321859, 'lag_28': 0.4219296015319415}. Best is trial 29 with value: 0.0025397196559897714.
[I 2025-09-29 13:07:52,203] Trial 32 finished with value: 0.003239905365785785 and parameters: {'lag_0': 0.40881917963910724, 'lag_1': 0.8489821047342743, 'lag_2': 0.2171822413730461, 'lag_3': 0.8368816506830261, 'lag_4': 0.9936492514342267, 'lag_5': 0.4455230540798623, 'lag_6': 0.8365767391062626, 'lag_7': 0.6933691344403279, 'lag_8': 0.7216836811137184, 'lag_9': 0.665475931947382, 'lag_10': 0.6801456249150558, 'lag_11': 0.7497153604021992, 'lag_12': 0.278288958219263, 'lag_13': 0.22603607895977684, 'lag_14': 0.14995757606993787, 'lag_15': 0.795665724477546, 'lag_16': 0.6004817408880951, 'lag_17': 0.43757463141124137, 'lag_18': 0.35995109848862744, 'lag_19': 0.7903764260993618, 'lag_20': 0.68394117377763, 'lag_21': 0.9098418212419648, 'lag_22': 0.7182566694390745, 'lag_23': 0.23925458109453546, 'lag_24': 0.5945122007341932, 'lag_25': 0.9077177065431896, 'lag_26': 0.22141751215333244, 'lag_27': 0.8973875375811777, 'lag_28': 0.5324962150507482}. Best is trial 29 with value: 0.0025397196559897714.
[I 2025-09-29 13:07:54,678] Trial 33 finished with value: 0.0029135333857750476 and parameters: {'lag_0': 0.5575400238701623, 'lag_1': 0.4004129372318468, 'lag_2': 0.05841745163907902, 'lag_3': 0.8507041003204625, 'lag_4': 0.9048893382087942, 'lag_5': 0.318500508646503, 'lag_6': 0.7595560645779086, 'lag_7': 0.9117201683665711, 'lag_8': 0.9172660115172018, 'lag_9': 0.7614927157141697, 'lag_10': 0.869468882561525, 'lag_11': 0.8881005010373307, 'lag_12': 0.39170323088930376, 'lag_13': 0.15393496262847806, 'lag_14': 0.4342549175282239, 'lag_15': 0.5308039247606922, 'lag_16': 0.4671921119432173, 'lag_17': 0.5339376031558962, 'lag_18': 0.5533211554013111, 'lag_19': 0.6130186163137639, 'lag_20': 0.7816104485464719, 'lag_21': 0.6699313729858359, 'lag_22': 0.8448009556357344, 'lag_23': 0.07502955601431832, 'lag_24': 0.20698021601090116, 'lag_25': 0.712584031768873, 'lag_26': 0.09464469011700505, 'lag_27': 0.7659715640639418, 'lag_28': 0.6288621337670328}. Best is trial 29 with value: 0.0025397196559897714.
[I 2025-09-29 13:07:57,145] Trial 34 finished with value: 0.003257191542550738 and parameters: {'lag_0': 0.2632626691419097, 'lag_1': 0.7545700805501443, 'lag_2': 0.1289685746334404, 'lag_3': 0.9410801954746962, 'lag_4': 0.6717261615471557, 'lag_5': 0.5195500806743663, 'lag_6': 0.9989008966360451, 'lag_7': 0.6844018834702048, 'lag_8': 0.7523204977173421, 'lag_9': 0.5895251350873931, 'lag_10': 0.8515349848143542, 'lag_11': 0.8472734866304468, 'lag_12': 0.5048471852737388, 'lag_13': 0.08202499042394187, 'lag_14': 0.269976969207581, 'lag_15': 0.4585994734333065, 'lag_16': 0.6856976115308391, 'lag_17': 0.7147160697669328, 'lag_18': 0.46194015593347043, 'lag_19': 0.7243203712049607, 'lag_20': 0.95065311974597, 'lag_21': 0.5972400229032282, 'lag_22': 0.5476558144187388, 'lag_23': 0.1029977938012999, 'lag_24': 0.41507480827090293, 'lag_25': 0.7881943774397324, 'lag_26': 0.4839006965564563, 'lag_27': 0.630892699248281, 'lag_28': 0.4561891576397048}. Best is trial 29 with value: 0.0025397196559897714.
[I 2025-09-29 13:07:59,627] Trial 35 finished with value: 0.0032094763121767954 and parameters: {'lag_0': 0.343144261161216, 'lag_1': 0.49416127587358855, 'lag_2': 0.17159500211864093, 'lag_3': 0.8722055071251165, 'lag_4': 0.7789611574411247, 'lag_5': 0.21829316898164142, 'lag_6': 0.9139395321009739, 'lag_7': 0.7446984795116539, 'lag_8': 0.8177143064830282, 'lag_9': 0.47939309563110166, 'lag_10': 0.9693930665780358, 'lag_11': 0.7367396075031092, 'lag_12': 0.12646173767994312, 'lag_13': 0.14144140755090417, 'lag_14': 0.9247588974672358, 'lag_15': 0.405112135222621, 'lag_16': 0.7830948384937295, 'lag_17': 0.6185201795544203, 'lag_18': 0.360549419138731, 'lag_19': 0.9439262620031015, 'lag_20': 0.7052244347678377, 'lag_21': 0.7654032663813011, 'lag_22': 0.44949289402928094, 'lag_23': 0.18540659474573715, 'lag_24': 0.12053018830317884, 'lag_25': 0.4817347486975858, 'lag_26': 0.2963540369948706, 'lag_27': 0.7112714031652698, 'lag_28': 0.7130715979777873}. Best is trial 29 with value: 0.0025397196559897714.
[I 2025-09-29 13:08:02,111] Trial 36 finished with value: 0.0032395693875476492 and parameters: {'lag_0': 0.6407643317821464, 'lag_1': 0.18603675167071687, 'lag_2': 0.03550583149782455, 'lag_3': 0.7530589554438161, 'lag_4': 0.8714127153365508, 'lag_5': 0.5261104951205746, 'lag_6': 0.7766102577004299, 'lag_7': 0.417377395185773, 'lag_8': 0.6421121497476449, 'lag_9': 0.90668676025321, 'lag_10': 0.7690014149553479, 'lag_11': 0.9309328707267368, 'lag_12': 0.2771841610052476, 'lag_13': 0.4414798495808377, 'lag_14': 0.5259339337075178, 'lag_15': 0.8615747363366634, 'lag_16': 0.5927253425737554, 'lag_17': 0.42462654736337646, 'lag_18': 0.5654245599687688, 'lag_19': 0.576397661167086, 'lag_20': 0.8870009778371996, 'lag_21': 0.5340074345215211, 'lag_22': 0.646714792234211, 'lag_23': 0.00978874059279309, 'lag_24': 0.5233926591157151, 'lag_25': 0.9269497256520502, 'lag_26': 0.177245530198378, 'lag_27': 0.3650784819936741, 'lag_28': 0.7895606753518924}. Best is trial 29 with value: 0.0025397196559897714.
[I 2025-09-29 13:08:04,576] Trial 37 finished with value: 0.002914283557473836 and parameters: {'lag_0': 0.46357463827992856, 'lag_1': 0.5635986990277397, 'lag_2': 0.27803790566374736, 'lag_3': 0.837661087861673, 'lag_4': 0.646003397935655, 'lag_5': 0.0445273313972399, 'lag_6': 0.6256718393301093, 'lag_7': 0.8667488783641296, 'lag_8': 0.5292315510906556, 'lag_9': 0.8070777647589094, 'lag_10': 0.5824192201522285, 'lag_11': 0.9569193195087992, 'lag_12': 0.5480730280165461, 'lag_13': 0.309943589087414, 'lag_14': 0.7768858532871484, 'lag_15': 0.6788757160830928, 'lag_16': 0.7348742338302322, 'lag_17': 0.0016884854922302184, 'lag_18': 0.63533365649949, 'lag_19': 0.8339428373665486, 'lag_20': 0.9946668744531344, 'lag_21': 0.4059938359435852, 'lag_22': 0.8634763437243711, 'lag_23': 0.27594787049394576, 'lag_24': 0.27623837344567514, 'lag_25': 0.7848137443210352, 'lag_26': 0.35867724591600236, 'lag_27': 0.7851723725880818, 'lag_28': 0.35836496413270313}. Best is trial 29 with value: 0.0025397196559897714.
[I 2025-09-29 13:08:07,047] Trial 38 finished with value: 0.0027613483165590154 and parameters: {'lag_0': 0.08101914297663387, 'lag_1': 0.5275947647593029, 'lag_2': 0.09264880456305305, 'lag_3': 0.565574402199844, 'lag_4': 0.5159470623695024, 'lag_5': 0.4289990371083986, 'lag_6': 0.853274923840168, 'lag_7': 0.4869985301070728, 'lag_8': 0.9283428842014505, 'lag_9': 0.6852605687504472, 'lag_10': 0.6730952439413205, 'lag_11': 0.4858707957047924, 'lag_12': 0.4483394888035534, 'lag_13': 0.2404269322489045, 'lag_14': 0.19898709804115083, 'lag_15': 0.5438233925095273, 'lag_16': 0.2563150581978878, 'lag_17': 0.7777227909488077, 'lag_18': 0.19636280343871196, 'lag_19': 0.7017671492098436, 'lag_20': 0.8055934662517309, 'lag_21': 0.053740393813437926, 'lag_22': 0.41802819870095126, 'lag_23': 0.13054509747220924, 'lag_24': 0.8069565236905314, 'lag_25': 0.22946219934964052, 'lag_26': 0.5021485513617516, 'lag_27': 0.9433928483241765, 'lag_28': 0.5417410978029853}. Best is trial 29 with value: 0.0025397196559897714.
[I 2025-09-29 13:08:09,518] Trial 39 finished with value: 0.002912503714212724 and parameters: {'lag_0': 0.5236035158321527, 'lag_1': 0.8937890208361657, 'lag_2': 0.2349862525077696, 'lag_3': 0.9591203907210692, 'lag_4': 0.7296767828419903, 'lag_5': 0.1771014368501645, 'lag_6': 0.5694515596207497, 'lag_7': 0.5683241886271181, 'lag_8': 0.44594216310318197, 'lag_9': 0.6028563686489566, 'lag_10': 0.48061231958773193, 'lag_11': 0.8371487926233865, 'lag_12': 0.2062782074868605, 'lag_13': 0.06056060158459638, 'lag_14': 0.4601230666926691, 'lag_15': 0.8096414352943225, 'lag_16': 0.6610501275106707, 'lag_17': 0.4920520350660601, 'lag_18': 0.4898932781337007, 'lag_19': 0.7611302077457232, 'lag_20': 0.6612871992471406, 'lag_21': 0.8883032115970291, 'lag_22': 0.5354622219870239, 'lag_23': 0.06986867866752319, 'lag_24': 0.9955153205239081, 'lag_25': 0.7009908778176794, 'lag_26': 0.08734634073320344, 'lag_27': 0.8634990638648368, 'lag_28': 0.6333405049266893}. Best is trial 29 with value: 0.0025397196559897714.
