[I 2025-09-29 13:22:24,420] Trial 3 finished with value: 0.00391305058430169 and parameters: {'lag_0': 0.8566097444292088, 'lag_1': 0.4633980496013533, 'lag_2': 0.6940769090057275, 'lag_3': 0.6561461249158519, 'lag_4': 0.9149981313953045, 'lag_5': 0.09199057194029252, 'lag_6': 0.3068161648093033, 'lag_7': 0.8092992490543399, 'lag_8': 0.9259365078128494, 'lag_9': 0.7964606815087459, 'lag_10': 0.7252685023031987, 'lag_11': 0.8785903888582719, 'lag_12': 0.693551881596721, 'lag_13': 0.5342142782773901, 'lag_14': 0.19080640019728284, 'lag_15': 0.23610176629501153, 'lag_16': 0.42665487938714863, 'lag_17': 0.42357440188452783, 'lag_18': 0.5836359200949403, 'lag_19': 0.1378087597082166, 'lag_20': 0.9748765007756672, 'lag_21': 0.016552460636850203, 'lag_22': 0.5726161028509054, 'lag_23': 0.33424023352275867, 'lag_24': 0.1861902982615905, 'lag_25': 0.9114828917741341, 'lag_26': 0.021061922326966038, 'lag_27': 0.8613036268794783, 'lag_28': 0.149326452945462}. Best is trial 3 with value: 0.00391305058430169.
[I 2025-09-29 13:22:26,877] Trial 4 finished with value: 0.004288015212256831 and parameters: {'lag_0': 0.9073150866014109, 'lag_1': 0.7796001360414839, 'lag_2': 0.6056576955139409, 'lag_3': 0.6098572174767056, 'lag_4': 0.3249469162096533, 'lag_5': 0.5113574917102904, 'lag_6': 0.13702930150866857, 'lag_7': 0.9897286911578683, 'lag_8': 0.36612072726561884, 'lag_9': 0.20368413549108644, 'lag_10': 0.4646288721062818, 'lag_11': 0.9453788849710206, 'lag_12': 0.1383880855415715, 'lag_13': 0.17607049402913683, 'lag_14': 0.5256276521466721, 'lag_15': 0.06289521808426857, 'lag_16': 0.8032895397095806, 'lag_17': 0.5214351038691145, 'lag_18': 0.6075715587683607, 'lag_19': 0.7110645333477532, 'lag_20': 0.9396000846379469, 'lag_21': 0.6777696515240277, 'lag_22': 0.1796365907857315, 'lag_23': 0.4876019625508604, 'lag_24': 0.8553378941218207, 'lag_25': 0.38274719212209346, 'lag_26': 0.26139850080979893, 'lag_27': 0.051807323246121695, 'lag_28': 0.013650055169171754}. Best is trial 3 with value: 0.00391305058430169.
[I 2025-09-29 13:22:29,318] Trial 5 finished with value: 0.0043847538427450195 and parameters: {'lag_0': 0.43586750571196897, 'lag_1': 0.421280192687882, 'lag_2': 0.04319229058106237, 'lag_3': 0.933985387704971, 'lag_4': 0.6072191852287091, 'lag_5': 0.12939383653598907, 'lag_6': 0.12375741237400648, 'lag_7': 0.28834143910004173, 'lag_8': 0.4140879401271772, 'lag_9': 0.9369875760109784, 'lag_10': 0.9965658285387267, 'lag_11': 0.3177753981275434, 'lag_12': 0.33023116716263895, 'lag_13': 0.2855822462581305, 'lag_14': 0.8515895526684675, 'lag_15': 0.3617210562332959, 'lag_16': 0.007022387047451652, 'lag_17': 0.9243717812900604, 'lag_18': 0.06117242643612221, 'lag_19': 0.8324638053709695, 'lag_20': 0.23106293032586053, 'lag_21': 0.23795748241488215, 'lag_22': 0.26197368766127943, 'lag_23': 0.7658015331911372, 'lag_24': 0.7269462644177747, 'lag_25': 0.571022973840636, 'lag_26': 0.9266653597983748, 'lag_27': 0.2055955972877545, 'lag_28': 0.7603508484356388}. Best is trial 3 with value: 0.00391305058430169.
[I 2025-09-29 13:22:31,752] Trial 6 finished with value: 0.00410810452382115 and parameters: {'lag_0': 0.2821340611982695, 'lag_1': 0.4773317729071246, 'lag_2': 0.636008998106516, 'lag_3': 0.0755456348272697, 'lag_4': 0.623138606673712, 'lag_5': 0.8934946499350086, 'lag_6': 0.1606956778783581, 'lag_7': 0.6041371740926736, 'lag_8': 0.54851195224751, 'lag_9': 0.4848883850596269, 'lag_10': 0.712363038653883, 'lag_11': 0.024958481825629236, 'lag_12': 0.026760271110699552, 'lag_13': 0.37592878261215723, 'lag_14': 0.09480169617695054, 'lag_15': 0.7028610809721345, 'lag_16': 0.36740551603608107, 'lag_17': 0.25257816996738186, 'lag_18': 0.03636288217484498, 'lag_19': 0.5269236523161022, 'lag_20': 0.3445701263175358, 'lag_21': 0.23305472936891136, 'lag_22': 0.27448870161859834, 'lag_23': 0.06854302124453213, 'lag_24': 0.9956647116790547, 'lag_25': 0.6022614581443487, 'lag_26': 0.7429228760699972, 'lag_27': 0.9511953517379738, 'lag_28': 0.13284086384290145}. Best is trial 3 with value: 0.00391305058430169.
[I 2025-09-29 13:22:34,201] Trial 7 finished with value: 0.00423097320912718 and parameters: {'lag_0': 0.12594686995822882, 'lag_1': 0.10885502442377899, 'lag_2': 0.1664295861691433, 'lag_3': 0.016497047756776195, 'lag_4': 0.8554185140633715, 'lag_5': 0.6375969201970967, 'lag_6': 0.6856986863914885, 'lag_7': 0.7021051744686111, 'lag_8': 0.8638420969899391, 'lag_9': 0.7040754341113716, 'lag_10': 0.9793819176587624, 'lag_11': 0.6278271849659632, 'lag_12': 0.5208459805706573, 'lag_13': 0.18545435783934858, 'lag_14': 0.2038394161607196, 'lag_15': 0.3107177002283993, 'lag_16': 0.7516720084488833, 'lag_17': 0.8452286217372158, 'lag_18': 0.6896119806797874, 'lag_19': 0.19149488484684152, 'lag_20': 0.4425558484408667, 'lag_21': 0.10537443064724457, 'lag_22': 0.28080301069680896, 'lag_23': 0.2160938310320841, 'lag_24': 0.8995699697021352, 'lag_25': 0.21563069580255737, 'lag_26': 0.8919628265375958, 'lag_27': 0.8098431005557831, 'lag_28': 0.974188242693005}. Best is trial 3 with value: 0.00391305058430169.
[I 2025-09-29 13:22:36,641] Trial 8 finished with value: 0.004016099476914513 and parameters: {'lag_0': 0.46599644206730056, 'lag_1': 0.7828741752204661, 'lag_2': 0.24603724763770055, 'lag_3': 0.7302312129281979, 'lag_4': 0.5790755050154416, 'lag_5': 0.10569800529683175, 'lag_6': 0.27065807124695074, 'lag_7': 0.8121908535132486, 'lag_8': 0.7383759563007654, 'lag_9': 0.2535924015398236, 'lag_10': 0.36940145779410216, 'lag_11': 0.8504876200810406, 'lag_12': 0.7394984862602443, 'lag_13': 0.9297501333842174, 'lag_14': 0.5484719319961832, 'lag_15': 0.3311680721985531, 'lag_16': 0.2674397300586588, 'lag_17': 0.04870365875880138, 'lag_18': 0.10824508744159755, 'lag_19': 0.37922964570127177, 'lag_20': 0.25877787988344947, 'lag_21': 0.25908124681327727, 'lag_22': 0.15472939770765587, 'lag_23': 0.3250459017665371, 'lag_24': 0.2624616579526448, 'lag_25': 0.7240029973501435, 'lag_26': 0.1445877421550942, 'lag_27': 0.26350539908910553, 'lag_28': 0.5924906501628501}. Best is trial 3 with value: 0.00391305058430169.
[I 2025-09-29 13:22:39,101] Trial 9 finished with value: 0.004239041944146336 and parameters: {'lag_0': 0.024666640576623062, 'lag_1': 0.041957743475466686, 'lag_2': 0.8515399640835385, 'lag_3': 0.06599066948252237, 'lag_4': 0.6793264694383547, 'lag_5': 0.5831693504231307, 'lag_6': 0.8233677719878858, 'lag_7': 0.24691827833172955, 'lag_8': 0.8845745236030946, 'lag_9': 0.1586205377088228, 'lag_10': 0.7983031244790244, 'lag_11': 0.8647455904909891, 'lag_12': 0.05531095609845673, 'lag_13': 0.6906548669187351, 'lag_14': 0.5501286074976216, 'lag_15': 0.9329655285783179, 'lag_16': 0.1878858064866023, 'lag_17': 0.7493775201862903, 'lag_18': 0.06528284820485544, 'lag_19': 0.3994935429711025, 'lag_20': 0.9018605417250481, 'lag_21': 0.4898909053269748, 'lag_22': 0.3517961554037792, 'lag_23': 0.325630460248934, 'lag_24': 0.9333338896151508, 'lag_25': 0.9342797946532645, 'lag_26': 0.27508923254172674, 'lag_27': 0.0788787225351167, 'lag_28': 0.0977933070941184}. Best is trial 3 with value: 0.00391305058430169.
[I 2025-09-29 13:22:41,752] Trial 10 finished with value: 0.004681176734403751 and parameters: {'lag_0': 0.6744809338070172, 'lag_1': 0.9485101714194858, 'lag_2': 0.46132633599798245, 'lag_3': 0.3095286735069203, 'lag_4': 0.11132093988254305, 'lag_5': 0.32864787803372186, 'lag_6': 0.5037917433875072, 'lag_7': 0.9971670934347487, 'lag_8': 0.09400622902732148, 'lag_9': 0.9561454950535382, 'lag_10': 0.6833361989539584, 'lag_11': 0.6671986829918237, 'lag_12': 0.9914348552613315, 'lag_13': 0.6580918002489979, 'lag_14': 0.31423737600811574, 'lag_15': 0.1031500093642857, 'lag_16': 0.5418052979041661, 'lag_17': 0.36900373499802935, 'lag_18': 0.33184771485947284, 'lag_19': 0.011447610933768837, 'lag_20': 0.6160051043699553, 'lag_21': 0.9936824003095877, 'lag_22': 0.7897362611065973, 'lag_23': 0.5262719732613118, 'lag_24': 0.005243167154838274, 'lag_25': 0.9131343128634959, 'lag_26': 0.4947102051893459, 'lag_27': 0.5601809825304973, 'lag_28': 0.36597172975215425}. Best is trial 3 with value: 0.00391305058430169.
[I 2025-09-29 13:22:44,249] Trial 11 finished with value: 0.004706626039746708 and parameters: {'lag_0': 0.6460380127476532, 'lag_1': 0.6965051841180532, 'lag_2': 0.3716695077619166, 'lag_3': 0.8548550181450605, 'lag_4': 0.8191374772348976, 'lag_5': 0.008681432390002908, 'lag_6': 0.39107817720256893, 'lag_7': 0.8106294432576416, 'lag_8': 0.9417498140825313, 'lag_9': 0.44632269602443164, 'lag_10': 0.3976282212393632, 'lag_11': 0.7503427214305916, 'lag_12': 0.6933519200950455, 'lag_13': 0.9928063594075509, 'lag_14': 0.35429084192804017, 'lag_15': 0.22989103680019157, 'lag_16': 0.5649029251438393, 'lag_17': 0.06597715516915675, 'lag_18': 0.3311191559517901, 'lag_19': 0.00668570117719558, 'lag_20': 0.6605759210991629, 'lag_21': 0.46239769783908297, 'lag_22': 0.5651978121322426, 'lag_23': 0.49152680720141645, 'lag_24': 0.32711905829777665, 'lag_25': 0.7704900121657503, 'lag_26': 0.012408840376862677, 'lag_27': 0.35103397958160937, 'lag_28': 0.5041817234672029}. Best is trial 3 with value: 0.00391305058430169.
[I 2025-09-29 13:22:46,769] Trial 12 finished with value: 0.004182277558098429 and parameters: {'lag_0': 0.5615562901083644, 'lag_1': 0.6645632217371481, 'lag_2': 0.7440177726985823, 'lag_3': 0.3388356152123652, 'lag_4': 0.9996448670065802, 'lag_5': 0.2977422789461418, 'lag_6': 0.3314467467167969, 'lag_7': 0.8257284309983022, 'lag_8': 0.7304852688773011, 'lag_9': 0.006780641730939785, 'lag_10': 0.17107569321144583, 'lag_11': 0.5046148400044193, 'lag_12': 0.8002361677271562, 'lag_13': 0.9875130146375246, 'lag_14': 0.03500500851654487, 'lag_15': 0.4752200996741399, 'lag_16': 0.9941882962856715, 'lag_17': 0.07419515783675784, 'lag_18': 0.3720692226012085, 'lag_19': 0.22871272762849498, 'lag_20': 0.09315326193834292, 'lag_21': 0.053333082254340136, 'lag_22': 0.5381221492859056, 'lag_23': 0.6396159075159322, 'lag_24': 0.13251575156734982, 'lag_25': 0.7515630013156884, 'lag_26': 0.2521935284651592, 'lag_27': 0.3328588842765987, 'lag_28': 0.46062994968509124}. Best is trial 3 with value: 0.00391305058430169.
[I 2025-09-29 13:22:49,283] Trial 13 finished with value: 0.004192178850007223 and parameters: {'lag_0': 0.9997758276457095, 'lag_1': 0.27925100492839006, 'lag_2': 0.35782961256665596, 'lag_3': 0.8157713709539345, 'lag_4': 0.03587509956234902, 'lag_5': 0.0005068749220171476, 'lag_6': 0.5591549902234517, 'lag_7': 0.4120282349181971, 'lag_8': 0.724159131247687, 'lag_9': 0.625188612224262, 'lag_10': 0.5804236462017376, 'lag_11': 0.7845752398628256, 'lag_12': 0.5338467862719809, 'lag_13': 0.7490934952859949, 'lag_14': 0.692893201812198, 'lag_15': 0.21513481472655333, 'lag_16': 0.32438010071450274, 'lag_17': 0.2835013959537218, 'lag_18': 0.21606410988941244, 'lag_19': 0.4698150594546787, 'lag_20': 0.031267238738799746, 'lag_21': 0.4014210520845739, 'lag_22': 0.9408665422808561, 'lag_23': 0.016724603433485585, 'lag_24': 0.5342784986661445, 'lag_25': 0.7648441203473577, 'lag_26': 0.12362127045649227, 'lag_27': 0.6636939571418947, 'lag_28': 0.6197298480743643}. Best is trial 3 with value: 0.00391305058430169.
[I 2025-09-29 13:22:51,801] Trial 14 finished with value: 0.004153829043476011 and parameters: {'lag_0': 0.46533329556691116, 'lag_1': 0.977201403868601, 'lag_2': 0.2645858235599049, 'lag_3': 0.4645249227136956, 'lag_4': 0.49190780840896153, 'lag_5': 0.32565617170493943, 'lag_6': 0.001543539860740406, 'lag_7': 0.8286922789350697, 'lag_8': 0.7798469703390357, 'lag_9': 0.370863502115478, 'lag_10': 0.2644720231774946, 'lag_11': 0.9935447351287251, 'lag_12': 0.8870897230990806, 'lag_13': 0.8291338669714314, 'lag_14': 0.39336967181970894, 'lag_15': 0.5582862900752797, 'lag_16': 0.6365776324231919, 'lag_17': 0.40515664107257415, 'lag_18': 0.5458618198152425, 'lag_19': 0.12018693997187195, 'lag_20': 0.7026772898194864, 'lag_21': 0.6828711260679534, 'lag_22': 0.002239951607370505, 'lag_23': 0.37165294789826364, 'lag_24': 0.44333573497434886, 'lag_25': 0.9881023079769836, 'lag_26': 0.15499575137973723, 'lag_27': 0.34925975069960147, 'lag_28': 0.2622701126481439}. Best is trial 3 with value: 0.00391305058430169.
[I 2025-09-29 13:22:54,304] Trial 15 finished with value: 0.0046662987839740456 and parameters: {'lag_0': 0.7441971434895504, 'lag_1': 0.6102574211038834, 'lag_2': 0.6045973571677096, 'lag_3': 0.738418473682183, 'lag_4': 0.8066382017681601, 'lag_5': 0.1461556623462536, 'lag_6': 0.2765697101989145, 'lag_7': 0.7199478806519107, 'lag_8': 0.9777667422291614, 'lag_9': 0.6027002898185345, 'lag_10': 0.5824377921095121, 'lag_11': 0.5361007164713686, 'lag_12': 0.6280526804263475, 'lag_13': 0.5895345225653864, 'lag_14': 0.6088871434105392, 'lag_15': 0.17707759516693086, 'lag_16': 0.3357761094990694, 'lag_17': 0.008653763909770358, 'lag_18': 0.7282948027130123, 'lag_19': 0.38636602421361166, 'lag_20': 0.7872068664599294, 'lag_21': 0.12410728471179884, 'lag_22': 0.4104907092203658, 'lag_23': 0.1793574909781967, 'lag_24': 0.19710316492190535, 'lag_25': 0.8307931121797933, 'lag_26': 0.3915926257021322, 'lag_27': 0.9194151860611, 'lag_28': 0.607950238180974}. Best is trial 3 with value: 0.00391305058430169.
[I 2025-09-29 13:22:56,809] Trial 16 finished with value: 0.0044848607185542 and parameters: {'lag_0': 0.25644789257104417, 'lag_1': 0.8184467248548046, 'lag_2': 0.47059359410207313, 'lag_3': 0.9997910784562758, 'lag_4': 0.7215609745379045, 'lag_5': 0.3879637608854876, 'lag_6': 0.5774366736605747, 'lag_7': 0.47245120039677635, 'lag_8': 0.6114167733299496, 'lag_9': 0.8254237569475861, 'lag_10': 0.7628971550142215, 'lag_11': 0.7685535973632655, 'lag_12': 0.40163124416019585, 'lag_13': 0.5303238634688116, 'lag_14': 0.2104516059047434, 'lag_15': 0.02366855238660942, 'lag_16': 0.0708851683786747, 'lag_17': 0.1882100665931009, 'lag_18': 0.22762363132734942, 'lag_19': 0.609282533633653, 'lag_20': 0.5228883386815959, 'lag_21': 0.340367776730373, 'lag_22': 0.6618732705217163, 'lag_23': 0.6396474413295703, 'lag_24': 0.553383066143232, 'lag_25': 0.504937528014378, 'lag_26': 0.679357526649387, 'lag_27': 0.20493326683113017, 'lag_28': 0.345819726072201}. Best is trial 3 with value: 0.00391305058430169.
[I 2025-09-29 13:22:59,318] Trial 17 finished with value: 0.004048033633046887 and parameters: {'lag_0': 0.5592787148165993, 'lag_1': 0.33829105383765967, 'lag_2': 0.7555621578847607, 'lag_3': 0.5295780394585938, 'lag_4': 0.4946399710737366, 'lag_5': 0.21584909432884947, 'lag_6': 0.43200313197275886, 'lag_7': 0.8973133409176898, 'lag_8': 0.146570982502288, 'lag_9': 0.37850571497918095, 'lag_10': 0.545008079058068, 'lag_11': 0.8549131244583634, 'lag_12': 0.8485997517952394, 'lag_13': 0.9098498615625847, 'lag_14': 0.45801056354602165, 'lag_15': 0.4539430470015425, 'lag_16': 0.26324106811923226, 'lag_17': 0.44948542628367094, 'lag_18': 0.44505564829785865, 'lag_19': 0.9877341392498706, 'lag_20': 0.16513873394619255, 'lag_21': 0.633034289570631, 'lag_22': 0.4199940518068316, 'lag_23': 0.4133332056080146, 'lag_24': 0.31424940155493325, 'lag_25': 0.6238893487595176, 'lag_26': 0.11242428417273251, 'lag_27': 0.6009381015101452, 'lag_28': 0.7860153634641464}. Best is trial 3 with value: 0.00391305058430169.
[I 2025-09-29 13:23:01,822] Trial 18 finished with value: 0.004473381081559411 and parameters: {'lag_0': 0.4049262393213405, 'lag_1': 0.5766533694964412, 'lag_2': 0.9972714190741698, 'lag_3': 0.4509235545602044, 'lag_4': 0.22878790126745435, 'lag_5': 0.09087803515920598, 'lag_6': 0.23145705723415805, 'lag_7': 0.6446711365501897, 'lag_8': 0.8176602828829928, 'lag_9': 0.022275930380795728, 'lag_10': 0.8586459820513147, 'lag_11': 0.3531010747382626, 'lag_12': 0.6275788022418562, 'lag_13': 0.8715205670114272, 'lag_14': 0.2281383254120647, 'lag_15': 0.30726480243015625, 'lag_16': 0.449723378329263, 'lag_17': 0.14045869452111082, 'lag_18': 0.17670960997090712, 'lag_19': 0.32121823432801366, 'lag_20': 0.46172531998438066, 'lag_21': 0.15233410840630895, 'lag_22': 0.6114020670716994, 'lag_23': 0.9947590150703516, 'lag_24': 0.04093693001276613, 'lag_25': 0.3843193177024711, 'lag_26': 0.35820671113169894, 'lag_27': 0.7373946604596625, 'lag_28': 0.5670491167730015}. Best is trial 3 with value: 0.00391305058430169.
[I 2025-09-29 13:23:04,364] Trial 19 finished with value: 0.004185421211545353 and parameters: {'lag_0': 0.7938389380358348, 'lag_1': 0.2289227232751172, 'lag_2': 0.3604764171235682, 'lag_3': 0.7702663336428401, 'lag_4': 0.8879669317568207, 'lag_5': 0.6756795210185291, 'lag_6': 0.7168886332157758, 'lag_7': 0.7488473086838678, 'lag_8': 0.31180695730029884, 'lag_9': 0.5735882911285919, 'lag_10': 0.4156130696055619, 'lag_11': 0.8646273867203694, 'lag_12': 0.9958990564822384, 'lag_13': 0.8044070182368158, 'lag_14': 0.1187450364393791, 'lag_15': 0.15787363684953482, 'lag_16': 0.7015708775578456, 'lag_17': 0.3322719761409196, 'lag_18': 0.8674662359362467, 'lag_19': 0.11317269727777546, 'lag_20': 0.8070175686408596, 'lag_21': 0.9942460243356525, 'lag_22': 0.993848117633573, 'lag_23': 0.12188941148491958, 'lag_24': 0.6335258450475929, 'lag_25': 0.6648929238176544, 'lag_26': 0.6395577743685111, 'lag_27': 0.42513872580800743, 'lag_28': 0.38147964588360145}. Best is trial 3 with value: 0.00391305058430169.
[I 2025-09-29 13:23:06,873] Trial 20 finished with value: 0.004076719636771623 and parameters: {'lag_0': 0.17718904708652228, 'lag_1': 0.8068759383436959, 'lag_2': 0.7028228397434412, 'lag_3': 0.6371244802349215, 'lag_4': 0.5583744727593414, 'lag_5': 0.41568072567320663, 'lag_6': 0.010430400828980502, 'lag_7': 0.5230104484598141, 'lag_8': 0.6631573474919868, 'lag_9': 0.8430736135736991, 'lag_10': 0.6472768382128665, 'lag_11': 0.6512959245293654, 'lag_12': 0.43747453866082453, 'lag_13': 0.6313643726327338, 'lag_14': 0.6784214750958977, 'lag_15': 0.3216640827557817, 'lag_16': 0.46678492961730444, 'lag_17': 0.5219334245365163, 'lag_18': 0.6106241351704587, 'lag_19': 0.1327630584161594, 'lag_20': 0.5481452158519438, 'lag_21': 0.0016428297216272703, 'lag_22': 0.46682686024732517, 'lag_23': 0.2659590510599362, 'lag_24': 0.23088843490305827, 'lag_25': 0.8777368891524812, 'lag_26': 0.17123283417310614, 'lag_27': 0.2066996887872976, 'lag_28': 0.6984536065958055}. Best is trial 3 with value: 0.00391305058430169.
[I 2025-09-29 13:23:09,385] Trial 21 finished with value: 0.004248463316199069 and parameters: {'lag_0': 0.5668491342405011, 'lag_1': 0.3569222984673682, 'lag_2': 0.830279050342666, 'lag_3': 0.5351603921694762, 'lag_4': 0.4992627233584882, 'lag_5': 0.2200062879468216, 'lag_6': 0.4931692691348205, 'lag_7': 0.9257325648369943, 'lag_8': 0.010962604806780546, 'lag_9': 0.34191220759199437, 'lag_10': 0.5169424077243008, 'lag_11': 0.8755393426906755, 'lag_12': 0.8525640543480482, 'lag_13': 0.8735977353356975, 'lag_14': 0.42452909272357026, 'lag_15': 0.47073772238582084, 'lag_16': 0.28092120408525384, 'lag_17': 0.43357266920052745, 'lag_18': 0.456618935449915, 'lag_19': 0.9554379357729086, 'lag_20': 0.15054964112512592, 'lag_21': 0.6486514492442119, 'lag_22': 0.42070483398121017, 'lag_23': 0.4013225991128361, 'lag_24': 0.3248173503464358, 'lag_25': 0.6184712252810183, 'lag_26': 0.07951585333630422, 'lag_27': 0.5902124755350155, 'lag_28': 0.8695754760306934}. Best is trial 3 with value: 0.00391305058430169.
[I 2025-09-29 13:23:11,889] Trial 22 finished with value: 0.0037632651564023165 and parameters: {'lag_0': 0.5617126393534726, 'lag_1': 0.334323039456743, 'lag_2': 0.7879503136409453, 'lag_3': 0.34774661192800127, 'lag_4': 0.43154791822229477, 'lag_5': 0.2418241730979554, 'lag_6': 0.4554384375134975, 'lag_7': 0.8977054819724933, 'lag_8': 0.24362906609854118, 'lag_9': 0.3571850034243466, 'lag_10': 0.31602429048066283, 'lag_11': 0.7994630128209774, 'lag_12': 0.8888902425035083, 'lag_13': 0.919369703518738, 'lag_14': 0.4608550116094233, 'lag_15': 0.43035366977939626, 'lag_16': 0.2684236016845093, 'lag_17': 0.17724003321462303, 'lag_18': 0.38187770498832285, 'lag_19': 0.5715352528536459, 'lag_20': 0.17834007326900791, 'lag_21': 0.8074879377765959, 'lag_22': 0.12878130237109633, 'lag_23': 0.4294508756876322, 'lag_24': 0.27245719799738405, 'lag_25': 0.6831519197035932, 'lag_26': 0.19669129852630557, 'lag_27': 0.6304572666620416, 'lag_28': 0.8768407223720041}. Best is trial 22 with value: 0.0037632651564023165.
[I 2025-09-29 13:23:14,406] Trial 23 finished with value: 0.004044074205166364 and parameters: {'lag_0': 0.6678741096821356, 'lag_1': 0.17025043138178245, 'lag_2': 0.8811796193712593, 'lag_3': 0.2318452232518371, 'lag_4': 0.4024342614700638, 'lag_5': 0.06951116786461223, 'lag_6': 0.4353839170403486, 'lag_7': 0.8933774600023418, 'lag_8': 0.28860449464153254, 'lag_9': 0.30904891966272685, 'lag_10': 0.3128552628347463, 'lag_11': 0.7009568567053858, 'lag_12': 0.6677254043148106, 'lag_13': 0.7577012789480146, 'lag_14': 0.28059024378938624, 'lag_15': 0.5619140659775252, 'lag_16': 0.16949245164613844, 'lag_17': 0.19627481276188558, 'lag_18': 0.13929644132882496, 'lag_19': 0.5703409290336329, 'lag_20': 0.3513534321085516, 'lag_21': 0.8453124002422696, 'lag_22': 0.11608392505274373, 'lag_23': 0.5680116220129952, 'lag_24': 0.12017321111613771, 'lag_25': 0.7082831011894916, 'lag_26': 0.22097004692915673, 'lag_27': 0.8453357933941055, 'lag_28': 0.8704764868091162}. Best is trial 22 with value: 0.0037632651564023165.
