[I 2025-10-03 11:38:28,618] Trial 68 finished with values: [0.004248252358142468, 0.0019597140777259437, 0.00023672185752613329, 0.0019017271677625371, 0.0021296055899414344, 0.0002680766497090847, 0.0030218018386773296, 8.100719745898931e-05, 0.0007287138884799002, 0.001380195323898009, 0.0003107379942362506, 0.0026371984777421157, 0.0034347189786966973, 0.009175638883974371, 0.0, 0.12235381219908655, 0.00017545249825376492, 0.005483614867408086, 0.004981615328598774, 0.0014037555451254559, 0.0018509267244064182, 0.012228911417932345, 0.0015921315416041794, 0.0023393450761746678, 0.004730990951472227, 0.0060886862345237835, 0.0002846950311140355, 0.0021868646470957083, 0.0019764029039359312] and parameters: {'lag_0': 0.7653629619050281, 'lag_1': 0.18622663666250033, 'lag_2': 0.8344079419569872, 'lag_3': 0.8619891407012935, 'lag_4': 0.512426227285826, 'lag_5': 0.5524633636156872, 'lag_6': 0.33128461439616863, 'lag_7': 0.22885127266619565, 'lag_8': 0.33770073883626966, 'lag_9': 0.030392220557114418, 'lag_10': 0.7742234452348005, 'lag_11': 0.8359287958185557, 'lag_12': 0.2659748678034437, 'lag_13': 0.5536549736047736, 'lag_14': 0.9185547260413836, 'lag_15': 0.4591260830384376, 'lag_16': 0.9586493081760988, 'lag_17': 0.9560511844728282, 'lag_18': 0.8178070600889595, 'lag_19': 0.46663851785029126, 'lag_20': 0.9436451399151969, 'lag_21': 0.6366094517676185, 'lag_22': 0.020120418141786493, 'lag_23': 0.5368707418409381, 'lag_24': 0.20101695516054557, 'lag_25': 0.6699205120233994, 'lag_26': 0.30056465603096044, 'lag_27': 0.19454688473473042, 'lag_28': 0.2821862619118882}.
[I 2025-10-03 11:38:31,228] Trial 69 finished with values: [0.029383957922419456, 0.0017346209317672888, 0.0005601256980208873, 0.0019132282317530654, 0.0005413272026532494, 0.0015945529560530114, 0.0031808136812948333, 0.00018482322991746292, 0.0004126607557179298, 0.00032909999666209266, 0.0004970455250596853, 0.0025790651486675294, 0.0044826414798653565, 0.008693423014126105, 0.0, 0.1245742183632516, 0.0005893464732376664, 0.005929203286593125, 0.004987032614073253, 0.0014088173101128485, 0.0019911740479790475, 0.012819727758935329, 0.0012642223481498847, 0.002435706073582501, 0.00421446245028056, 0.005115452467844617, 0.0002909095242659213, 0.0021528450392522907, 0.0021429548251219992] and parameters: {'lag_0': 0.828556384111361, 'lag_1': 0.7354221580103855, 'lag_2': 0.7594391439921763, 'lag_3': 0.627584796108472, 'lag_4': 0.5102983996380194, 'lag_5': 0.22844379401188653, 'lag_6': 0.06501563757134365, 'lag_7': 0.9462867313676057, 'lag_8': 0.2993348564188264, 'lag_9': 0.40842123158865884, 'lag_10': 0.6641468147327658, 'lag_11': 0.8055465791616507, 'lag_12': 0.18544079822828308, 'lag_13': 0.524063876540807, 'lag_14': 0.5224676285510927, 'lag_15': 0.5246543635766223, 'lag_16': 0.4938458716676777, 'lag_17': 0.1782564931872451, 'lag_18': 0.45046181943564567, 'lag_19': 0.7120358091986031, 'lag_20': 0.06094129163507327, 'lag_21': 0.12142981861109275, 'lag_22': 0.8262441865957535, 'lag_23': 0.31754787440115895, 'lag_24': 0.5811537741851254, 'lag_25': 0.3730091395592289, 'lag_26': 0.30077065914265416, 'lag_27': 0.1509666657487604, 'lag_28': 0.02183036698960528}.
[I 2025-10-03 11:38:33,835] Trial 70 finished with values: [0.001986996858791731, 0.00106477665313837, 0.0007912118311739866, 0.001561646734590144, 0.0016443396888118481, 0.0010919003423621625, 0.002815825208898116, 0.0004891421586522154, 0.00069121860862066, 0.00040571216478588814, 0.000491851709071031, 0.0018709637278560536, 0.005302617068364815, 0.008685801943387575, 0.0, 0.1254040564939813, 0.0005007579090578209, 0.0060525634519701926, 0.0059810933045448085, 0.0010288990807232985, 0.001626889088664745, 0.010983675163646955, 0.001750043050520044, 0.002887878588570397, 0.003843503712372792, 0.006020945417791824, 0.00031428064444750784, 0.0021361891157165797, 0.002074128901112889] and parameters: {'lag_0': 0.9958501571687207, 'lag_1': 0.8839535168926596, 'lag_2': 0.8041167398178133, 'lag_3': 0.14423990982851126, 'lag_4': 0.6326754192951214, 'lag_5': 0.7259471791672137, 'lag_6': 0.7901295774508127, 'lag_7': 0.3908810974522259, 'lag_8': 0.053068955601136406, 'lag_9': 0.3085310298390545, 'lag_10': 0.19291871223063953, 'lag_11': 0.38288800855235244, 'lag_12': 0.351747620779374, 'lag_13': 0.9364690297119731, 'lag_14': 0.7316812005559996, 'lag_15': 0.982849492996069, 'lag_16': 0.5216315540590186, 'lag_17': 0.8591833602339374, 'lag_18': 0.5900098640711252, 'lag_19': 0.9476168358923246, 'lag_20': 0.15991313727383902, 'lag_21': 0.47772807149499863, 'lag_22': 0.9010190214385729, 'lag_23': 0.8717860748612859, 'lag_24': 0.07204320058036967, 'lag_25': 0.7694191523434806, 'lag_26': 0.4150393830338765, 'lag_27': 0.7996359480355033, 'lag_28': 0.13392841930960386}.
[I 2025-10-03 11:38:36,437] Trial 71 finished with values: [0.0025004109138724523, 0.0011339718801008218, 0.0005862539397403066, 0.0035961717022065195, 0.0023685098799307897, 0.00015816024488557071, 0.00331483676531093, 0.0001628293389220399, 0.0005533843302667062, 0.0002079149372984328, 0.000247667937659369, 0.0022285013923317642, 0.0038609415362553384, 0.00962675899343816, 0.0, 0.12045403009536933, 0.0004201187855133818, 0.005267923738877288, 0.006511233560275722, 0.001058996938704431, 0.0020708592780900883, 0.012378350528815061, 0.0017103613904715024, 0.002681705126919587, 0.0039941145206777336, 0.006144891723698189, 0.0003730701405955062, 0.0027688918739703083, 0.0018897067912139714] and parameters: {'lag_0': 0.7245919904917926, 'lag_1': 0.4820283280724936, 'lag_2': 0.10256051728597562, 'lag_3': 0.9214138972312508, 'lag_4': 0.0469081216495666, 'lag_5': 0.0021487399340268513, 'lag_6': 0.4728961894863604, 'lag_7': 0.5944255641778767, 'lag_8': 0.5811604986965165, 'lag_9': 0.03862049376711634, 'lag_10': 0.9182890517299663, 'lag_11': 0.35052594037015844, 'lag_12': 0.6891591468544432, 'lag_13': 0.0011756798791183107, 'lag_14': 0.9717590299598114, 'lag_15': 0.26908419527280103, 'lag_16': 0.930972089927258, 'lag_17': 0.8469200053315435, 'lag_18': 0.8149785312941056, 'lag_19': 0.44371714946514274, 'lag_20': 0.08639523320112936, 'lag_21': 0.060000809778647565, 'lag_22': 0.9500709070810227, 'lag_23': 0.7472872463859526, 'lag_24': 0.6327837603024566, 'lag_25': 0.9784847968017173, 'lag_26': 0.8892778324506714, 'lag_27': 0.45094050464082586, 'lag_28': 0.1957157773226213}.
[I 2025-10-03 11:38:39,048] Trial 72 finished with values: [0.005477975016436555, 0.0013047077227417718, 0.001984309201412846, 0.0038862990868952425, 0.0020922777629167285, 0.0008360491922759286, 0.0019555428845629223, 0.00017251982172646494, 0.000563987461710294, 0.0007472259862930808, 0.00047116512401438666, 0.003552907061683967, 0.003946211658521044, 0.009177145371860783, 0.0, 0.11718270480685031, 9.835078434903312e-05, 0.005426038488547637, 0.005492667472136033, 0.001031772856439064, 0.0018346265340932616, 0.012715673663096302, 0.001958930255474476, 0.0016264482499002112, 0.004095600796215597, 0.005826320992609877, 7.739882638834441e-05, 0.002163256569270657, 0.0012430724241548144] and parameters: {'lag_0': 0.7245919904917926, 'lag_1': 0.3651207246008122, 'lag_2': 0.9869121939361438, 'lag_3': 0.5680773248232108, 'lag_4': 0.0469081216495666, 'lag_5': 0.0021487399340268513, 'lag_6': 0.07437927744021174, 'lag_7': 0.06554334863497809, 'lag_8': 0.5811604986965165, 'lag_9': 0.03862049376711634, 'lag_10': 0.9182890517299663, 'lag_11': 0.9242187037702597, 'lag_12': 0.5884996703456751, 'lag_13': 0.0011756798791183107, 'lag_14': 0.22108150163774828, 'lag_15': 0.26908419527280103, 'lag_16': 0.7019168472364274, 'lag_17': 0.817476341043515, 'lag_18': 0.8715647980186276, 'lag_19': 0.44371714946514274, 'lag_20': 0.08639523320112936, 'lag_21': 0.060000809778647565, 'lag_22': 0.28670094476283586, 'lag_23': 0.7472872463859526, 'lag_24': 0.7826613842251886, 'lag_25': 0.1792504978186089, 'lag_26': 0.39265954518072277, 'lag_27': 0.9898419219776848, 'lag_28': 0.960146476756788}.
[I 2025-10-03 11:38:41,644] Trial 73 finished with values: [0.005508131340299174, 0.0015157995836316263, 0.0016900813725027716, 0.0023351811534171596, 0.0015127351854858362, 0.0004984494834358654, 0.0031707828723930285, 0.000432551232355023, 0.0005795617961547704, 0.0006019759372684977, 0.000324365204766587, 0.0021607491132467965, 0.005941646461557945, 0.0074090809435594495, 0.0, 0.13065337205566102, 0.00035391170477796255, 0.005677231337538655, 0.00604040604208496, 0.0012439980345955884, 0.0015620601852419048, 0.014107450734041224, 0.0010138614241150374, 0.002606096221836257, 0.004977674730599643, 0.005042278993887386, 0.0001892626015716088, 0.0012231959518866947, 0.0027430551755203503] and parameters: {'lag_0': 0.08671741307228259, 'lag_1': 0.5359271113268702, 'lag_2': 0.34374187564390996, 'lag_3': 0.5906629637212045, 'lag_4': 0.5841731773986933, 'lag_5': 0.5435287701199086, 'lag_6': 0.9573844457695275, 'lag_7': 0.20168343452283313, 'lag_8': 0.8356913518801277, 'lag_9': 0.20650504108755216, 'lag_10': 0.7395780474642626, 'lag_11': 0.2188390500047612, 'lag_12': 0.04870825759617322, 'lag_13': 0.2855495069057763, 'lag_14': 0.9946054199343966, 'lag_15': 0.6269793250226421, 'lag_16': 0.04277202339415192, 'lag_17': 0.7057131633857715, 'lag_18': 0.9665414506032797, 'lag_19': 0.9785698706748627, 'lag_20': 0.029848355696390317, 'lag_21': 0.6684594063279423, 'lag_22': 0.8733518094175304, 'lag_23': 0.8686573351435621, 'lag_24': 0.07145620067268298, 'lag_25': 0.8254372179802134, 'lag_26': 0.6005031206851946, 'lag_27': 0.5602827360196866, 'lag_28': 0.40609029722152684}.
[I 2025-10-03 11:38:44,411] Trial 74 finished with values: [0.02043523997370151, 0.0031718587651461882, 0.0013287436896190895, 0.002187396987363261, 0.0018290192781216773, 0.001423046363440574, 0.0020764079130818148, 0.00059872259551455, 0.0006015650535929899, 0.00042774445299969264, 0.0004342783711533965, 0.0026497096438623637, 0.0031686094246673934, 0.009855777911208981, 0.0, 0.13035239242479119, 0.000236728433005947, 0.006355302925216274, 0.0059840973499495605, 0.0010827011330003888, 0.0019468106843510955, 0.013736227867486836, 0.0015817415008948627, 0.0031009948086262317, 0.004835372205841961, 0.004709382441125013, 0.00014747875883346843, 0.002359499736255094, 0.0014286093038622081] and parameters: {'lag_0': 0.8832796251524258, 'lag_1': 0.6541414047748397, 'lag_2': 0.15591924675235938, 'lag_3': 0.5906629637212045, 'lag_4': 0.3909784352460854, 'lag_5': 0.5435287701199086, 'lag_6': 0.1657042672578439, 'lag_7': 0.531357721096674, 'lag_8': 0.8356913518801277, 'lag_9': 0.8125198381272352, 'lag_10': 0.7012119152699581, 'lag_11': 0.15492129295557144, 'lag_12': 0.04870825759617322, 'lag_13': 0.7772239581025226, 'lag_14': 0.9551197365991788, 'lag_15': 0.051490816482682646, 'lag_16': 0.04277202339415192, 'lag_17': 0.6022882107351966, 'lag_18': 0.23554489342455306, 'lag_19': 0.9785698706748627, 'lag_20': 0.029848355696390317, 'lag_21': 0.08757834148013077, 'lag_22': 0.17634216937049751, 'lag_23': 0.7558917679292378, 'lag_24': 0.07145620067268298, 'lag_25': 0.9325029303678306, 'lag_26': 0.6451009066747077, 'lag_27': 0.5602827360196866, 'lag_28': 0.4722640872053519}.
[I 2025-10-03 11:38:47,029] Trial 75 finished with values: [0.006606180144641684, 0.003129919245130687, 0.0006429440299759665, 0.002616198922493199, 0.003163508581087374, 0.0014375432116508061, 0.002010572088383688, 0.0001235802802459351, 0.0005842674866805736, 0.0009441941781294725, 0.0004283908407940206, 0.0023167293566291715, 0.0044035988531507305, 0.009391430219994326, 0.0, 0.12834339061642955, 0.00038749153818731135, 0.006363578487555731, 0.0057537278856462076, 0.001264213630875374, 0.0014690599667490012, 0.014667976938975836, 0.0019367249370737653, 0.001828906924363552, 0.004069924890012027, 0.005526537170373862, 0.00035354910770618207, 0.002261178026480671, 0.001513952133728108] and parameters: {'lag_0': 0.9701023379825477, 'lag_1': 0.5187721719560651, 'lag_2': 0.013886956080439149, 'lag_3': 0.07463455209207523, 'lag_4': 0.061550590632246494, 'lag_5': 0.6958363588241809, 'lag_6': 0.6286685841319479, 'lag_7': 0.13591665817033977, 'lag_8': 0.15818028699123132, 'lag_9': 0.18248570616695678, 'lag_10': 0.3146569183056929, 'lag_11': 0.1382368177138024, 'lag_12': 0.41007787034461063, 'lag_13': 0.915721395473757, 'lag_14': 0.5547739965852452, 'lag_15': 0.8173830526900957, 'lag_16': 0.010685460721459466, 'lag_17': 0.5817397827275074, 'lag_18': 0.7939610514603626, 'lag_19': 0.6968505608043521, 'lag_20': 0.05509000819623177, 'lag_21': 0.28825686049348065, 'lag_22': 0.9745379257564482, 'lag_23': 0.7474624057809278, 'lag_24': 0.08843466455563939, 'lag_25': 0.6986198280970847, 'lag_26': 0.9209484473407044, 'lag_27': 0.5364180558944533, 'lag_28': 0.22307137943858246}.
[I 2025-10-03 11:38:49,646] Trial 76 finished with values: [0.0032738933837834936, 0.002778203297048142, 0.0015516029814659886, 0.0020800337357423605, 0.000887130868820509, 0.0016508666224576665, 0.00214955651566782, 0.00032687959231964025, 0.0004909224867797826, 0.00017260208598080283, 0.0003539096164585482, 0.0029156371404782957, 0.0034949952645477685, 0.009529730700899824, 0.0, 0.12163568754616665, 9.143967935920386e-05, 0.006638014898178503, 0.006223503154092062, 0.0012854896853155813, 0.0019290058937147566, 0.011802936895501704, 0.0015485762054782601, 0.002887622768829317, 0.003708594242464841, 0.005166131918153731, 0.00020535481550489082, 0.0028265580305066665, 0.002700341488696744] and parameters: {'lag_0': 0.3099324819629596, 'lag_1': 0.32534576457968356, 'lag_2': 0.5742927871911778, 'lag_3': 0.2522540884930862, 'lag_4': 0.34378502415099277, 'lag_5': 0.41915419381048225, 'lag_6': 0.8994702804995579, 'lag_7': 0.473922796375797, 'lag_8': 0.2549209517661326, 'lag_9': 0.4912442237301893, 'lag_10': 0.9972445289380345, 'lag_11': 0.8072963664702211, 'lag_12': 0.7286169206167156, 'lag_13': 0.4255587293408846, 'lag_14': 0.08897412129043997, 'lag_15': 0.3144797257056312, 'lag_16': 0.3169662999200463, 'lag_17': 0.5040447302510712, 'lag_18': 0.8561564851081613, 'lag_19': 0.46233202645122873, 'lag_20': 0.17856722359000257, 'lag_21': 0.7369012605052018, 'lag_22': 0.08514648837220389, 'lag_23': 0.9928775519329242, 'lag_24': 0.08380918352262275, 'lag_25': 0.3178510036373214, 'lag_26': 0.9068764216652396, 'lag_27': 0.004527984624135221, 'lag_28': 0.34393393693076774}.
[I 2025-10-03 11:38:52,264] Trial 77 finished with values: [0.0025004109138724523, 0.0035533436587226576, 0.0017019396765801994, 0.0026690084111881604, 0.0006507570429150592, 0.000469872759995705, 0.003005407446005259, 0.0001697113495933436, 0.000895801415964303, 0.00030939009292985846, 0.0003137230788615571, 0.002674061310902965, 0.0032027560832708197, 0.009196038521433466, 0.0, 0.12277387086784622, 0.0003427745674174744, 0.005557400951751515, 0.0058148215578330605, 0.0012946778673107273, 0.001750780409190288, 0.012114970760196938, 0.0012972357058984433, 0.0017511404724114186, 0.003943946046505261, 0.005939638086234658, 0.0002621405436136346, 0.0032315736175597422, 0.0034442008988274375] and parameters: {'lag_0': 0.8832796251524258, 'lag_1': 0.5065756620045386, 'lag_2': 0.6643438478883565, 'lag_3': 0.5906629637212045, 'lag_4': 0.036519911380240626, 'lag_5': 0.5435287701199086, 'lag_6': 0.23661793765230854, 'lag_7': 0.4810876792646366, 'lag_8': 0.9021501224146965, 'lag_9': 0.7250515088316848, 'lag_10': 0.7012119152699581, 'lag_11': 0.15492129295557144, 'lag_12': 0.2495954160645111, 'lag_13': 0.7772239581025226, 'lag_14': 0.9551197365991788, 'lag_15': 0.051490816482682646, 'lag_16': 0.8160619930581797, 'lag_17': 0.5920239473542448, 'lag_18': 0.9560449919692391, 'lag_19': 0.7076835497012353, 'lag_20': 0.6669987420027442, 'lag_21': 0.08757834148013077, 'lag_22': 0.17634216937049751, 'lag_23': 0.2990315846580022, 'lag_24': 0.07145620067268298, 'lag_25': 0.9325029303678306, 'lag_26': 0.6593036244216341, 'lag_27': 0.7557783709625772, 'lag_28': 0.4722640872053519}.
[I 2025-10-03 11:38:54,874] Trial 78 finished with values: [0.0006574621959237343, 0.0011973552777379077, 0.0014432729546288207, 0.0026146882666339562, 0.001468432279515644, 0.0005880620866426991, 0.001598117488073254, 0.00041555235794297276, 0.0004279265436665032, 0.0003834550999038104, 0.00017387488584201478, 0.0019011276660835246, 0.003452723487481843, 0.010812345299029547, 0.0, 0.12542704250418502, 0.0003569720040641444, 0.006076769703078089, 0.0062694224564132485, 0.000826336602305318, 0.002128310028711426, 0.013093844244045683, 0.001231936571669481, 0.0022871983862300946, 0.003846063198346262, 0.004788693605536947, 0.0002293579816248273, 0.001985580553982378, 0.002180052600412547] and parameters: {'lag_0': 0.35081980653142886, 'lag_1': 0.4886918355186298, 'lag_2': 0.835839206585261, 'lag_3': 0.971572361549154, 'lag_4': 0.4422345530539788, 'lag_5': 0.6672423390549593, 'lag_6': 0.5412086632903778, 'lag_7': 0.6136281008933844, 'lag_8': 0.6471348733428397, 'lag_9': 0.788574939167776, 'lag_10': 0.849157529884078, 'lag_11': 0.3325460738577341, 'lag_12': 0.4802662634253286, 'lag_13': 0.6669397986170736, 'lag_14': 0.5418711274115737, 'lag_15': 0.6416845885374808, 'lag_16': 0.5966162673315689, 'lag_17': 0.28959006353574923, 'lag_18': 0.21697474207489148, 'lag_19': 0.7000317885854505, 'lag_20': 0.9528701824916639, 'lag_21': 0.7074153457996526, 'lag_22': 0.8243336375587161, 'lag_23': 0.15536664260349942, 'lag_24': 0.8302195566375113, 'lag_25': 0.6275673466877193, 'lag_26': 0.020504808176097494, 'lag_27': 0.4593690535838201, 'lag_28': 0.7305289033470488}.
[I 2025-10-03 11:38:57,482] Trial 79 finished with values: [0.0092503844252096, 0.0024149398952409418, 0.0008156011240011606, 0.001387405519636687, 0.0007026376828839544, 0.000757401475879729, 0.0026228302306457144, 0.00026844406832994284, 0.00010789253886438343, 0.000319739778838684, 0.0008537276954745848, 0.00208439457363815, 0.004473322561646042, 0.00786283398854901, 0.0, 0.13359212037009105, 0.0006048308563333842, 0.006143056274364416, 0.006702415434847042, 0.001188177245936151, 0.001985289226002908, 0.012705662167310195, 0.001444248914662698, 0.00205084296070327, 0.004804064802903384, 0.005012129917613941, 0.00016585536876766714, 0.0017179565063136855, 0.0016162796388541397] and parameters: {'lag_0': 0.37034074399191436, 'lag_1': 0.5667818151183309, 'lag_2': 0.7594391439921763, 'lag_3': 0.13469434879950898, 'lag_4': 0.6008664249208033, 'lag_5': 0.6216542958405049, 'lag_6': 0.7440163814920836, 'lag_7': 0.6149852008438068, 'lag_8': 0.10110054644613961, 'lag_9': 0.10668954789648218, 'lag_10': 0.6641468147327658, 'lag_11': 0.009652131984541066, 'lag_12': 0.18544079822828308, 'lag_13': 0.5419082457247577, 'lag_14': 0.6137108998086872, 'lag_15': 0.9071492303483614, 'lag_16': 0.5349315067985824, 'lag_17': 0.5793120471515172, 'lag_18': 0.45046181943564567, 'lag_19': 0.8579536168546825, 'lag_20': 0.9190727664477972, 'lag_21': 0.9918915593606293, 'lag_22': 0.7660883436607154, 'lag_23': 0.29717748539212907, 'lag_24': 0.5811537741851254, 'lag_25': 0.3588538564184955, 'lag_26': 0.30077065914265416, 'lag_27': 0.866035102903117, 'lag_28': 0.22915629998142312}.
[I 2025-10-03 11:39:00,093] Trial 80 finished with values: [0.006880752794214332, 0.0024700814104024757, 0.0006203269904866712, 0.0019128910909793615, 0.0008446480194982074, 0.0011454677348336083, 0.0033562322695684945, 0.0009837697433830335, 0.0012191122628287237, 0.0005825200225286777, 0.0004463352817821022, 0.0024135321296170705, 0.0029082718147434095, 0.00877278454891289, 0.0, 0.12229947494531335, 0.00014376506392301422, 0.005700379764053094, 0.005230034313746814, 0.0008826621031544707, 0.0017558047885514725, 0.013142396690989742, 0.0019457482102861628, 0.0031375927649844168, 0.0054331922849412215, 0.00517357185058172, 0.0002423422810768708, 0.002273186412420301, 0.0020227940121455346] and parameters: {'lag_0': 0.5825942421886412, 'lag_1': 0.09859557579859102, 'lag_2': 0.7807304474960931, 'lag_3': 0.22095004461854556, 'lag_4': 0.0469081216495666, 'lag_5': 0.0021487399340268513, 'lag_6': 0.19072756332651938, 'lag_7': 0.5944255641778767, 'lag_8': 0.702842525140933, 'lag_9': 0.6730016739883028, 'lag_10': 0.49959493394050347, 'lag_11': 0.8359287958185557, 'lag_12': 0.5884996703456751, 'lag_13': 0.5896154833732884, 'lag_14': 0.9717590299598114, 'lag_15': 0.26908419527280103, 'lag_16': 0.930972089927258, 'lag_17': 0.7639365753062426, 'lag_18': 0.8149785312941056, 'lag_19': 0.44371714946514274, 'lag_20': 0.38074101848578956, 'lag_21': 0.6366094517676185, 'lag_22': 0.9624627516766437, 'lag_23': 0.7472872463859526, 'lag_24': 0.20101695516054557, 'lag_25': 0.35049166208502447, 'lag_26': 0.8892778324506714, 'lag_27': 0.05300320833461957, 'lag_28': 0.2821862619118882}.
