[I 2025-09-29 13:18:49,569] Trial 19 finished with value: 0.006286460911974276 and parameters: {'lag_0': 0.012808995274719293, 'lag_1': 0.6901149476390369, 'lag_2': 0.5926201415821141, 'lag_3': 0.6078123700977172, 'lag_4': 0.9549933354293358, 'lag_5': 0.100648635343567, 'lag_6': 0.7110276264161108, 'lag_7': 0.7158135003044648, 'lag_8': 0.6791566389497461, 'lag_9': 0.5669604735898708, 'lag_10': 0.4137550753616385, 'lag_11': 0.9849351835686404, 'lag_12': 0.8518834703784819, 'lag_13': 0.7043377695617774, 'lag_14': 0.1479154737878886, 'lag_15': 0.42795886350028145, 'lag_16': 0.8171943167513765, 'lag_17': 0.22493872676143248, 'lag_18': 0.9075864974722253, 'lag_19': 0.5476303323145247, 'lag_20': 0.7961190595609065, 'lag_21': 0.5301084276037669, 'lag_22': 0.1318942269061041, 'lag_23': 0.8671585645532408, 'lag_24': 0.6030721468488405, 'lag_25': 0.5434840011328306, 'lag_26': 0.1683755311126141, 'lag_27': 0.4068477062072359, 'lag_28': 0.4640391376467365}. Best is trial 2 with value: 0.005402492377316939.
[I 2025-09-29 13:18:52,015] Trial 20 finished with value: 0.006403957044236674 and parameters: {'lag_0': 0.4620140813741662, 'lag_1': 0.8662819287493824, 'lag_2': 0.8655115283120652, 'lag_3': 0.10448291884621952, 'lag_4': 0.10336478477862107, 'lag_5': 0.313601799921877, 'lag_6': 0.590813554260412, 'lag_7': 0.9170988818052064, 'lag_8': 0.46675992635663305, 'lag_9': 0.9761171589395168, 'lag_10': 0.6791310368454819, 'lag_11': 0.5709058894691499, 'lag_12': 0.44956325763565647, 'lag_13': 0.04301513663983929, 'lag_14': 0.6374722836902142, 'lag_15': 0.16624394615015348, 'lag_16': 0.5364691230337248, 'lag_17': 0.6148446407550665, 'lag_18': 0.11576632301432008, 'lag_19': 0.7710604438037901, 'lag_20': 0.4722144457444686, 'lag_21': 0.8643770992694765, 'lag_22': 0.7361920564060342, 'lag_23': 0.8889075038287111, 'lag_24': 0.8134376626208457, 'lag_25': 0.7425656949062429, 'lag_26': 0.2990345900014558, 'lag_27': 0.7910875522165044, 'lag_28': 0.3271530080765349}. Best is trial 2 with value: 0.005402492377316939.
[I 2025-09-29 13:18:54,459] Trial 21 finished with value: 0.006900275439334457 and parameters: {'lag_0': 0.6091977615958807, 'lag_1': 0.2743307282503029, 'lag_2': 0.12906984158854723, 'lag_3': 0.531405365090018, 'lag_4': 0.28470962698148616, 'lag_5': 0.895272614690404, 'lag_6': 0.5900152965611462, 'lag_7': 0.40312739758354493, 'lag_8': 0.14066612937838285, 'lag_9': 0.6096436247481276, 'lag_10': 0.6443598180429833, 'lag_11': 0.32688157896263526, 'lag_12': 0.3041519763934518, 'lag_13': 0.2647433085603126, 'lag_14': 0.9766868837106691, 'lag_15': 0.9275051088131798, 'lag_16': 0.4198230195052271, 'lag_17': 0.7750849134225015, 'lag_18': 0.005355808276317153, 'lag_19': 0.30689724957294645, 'lag_20': 0.36938952095799626, 'lag_21': 0.01579670004975392, 'lag_22': 0.3723812347651778, 'lag_23': 0.7558381506554598, 'lag_24': 0.818637829522382, 'lag_25': 0.26131459789106243, 'lag_26': 0.5253987319047451, 'lag_27': 0.7646125025539692, 'lag_28': 0.5794424139838197}. Best is trial 2 with value: 0.005402492377316939.
[I 2025-09-29 13:18:56,911] Trial 22 finished with value: 0.005919305993934189 and parameters: {'lag_0': 0.6015516655378763, 'lag_1': 0.14640268107025206, 'lag_2': 0.24757911466668858, 'lag_3': 0.6869488231937408, 'lag_4': 0.3423414897750684, 'lag_5': 0.8167759860628203, 'lag_6': 0.8871310028105805, 'lag_7': 0.3541189224960566, 'lag_8': 0.27433071143926097, 'lag_9': 0.8371051575890989, 'lag_10': 0.572751177674798, 'lag_11': 0.522751875530922, 'lag_12': 0.6736270562696823, 'lag_13': 0.3836907507300409, 'lag_14': 0.8901896363631636, 'lag_15': 0.7948691839734203, 'lag_16': 0.3080004145184896, 'lag_17': 0.6886140503966937, 'lag_18': 0.13717847964723634, 'lag_19': 0.303056704444388, 'lag_20': 0.5813922214699658, 'lag_21': 0.14699751432133998, 'lag_22': 0.47709449972432305, 'lag_23': 0.6471070389390932, 'lag_24': 0.7680536838143095, 'lag_25': 0.15476963968856633, 'lag_26': 0.6112368456241237, 'lag_27': 0.22955632518150065, 'lag_28': 0.9445344467103094}. Best is trial 2 with value: 0.005402492377316939.
[I 2025-09-29 13:18:59,366] Trial 23 finished with value: 0.006167450765954604 and parameters: {'lag_0': 0.5036407284539768, 'lag_1': 0.24840229084639232, 'lag_2': 0.38779017501208035, 'lag_3': 0.4830989974466633, 'lag_4': 0.4436450875414868, 'lag_5': 0.8662728474845872, 'lag_6': 0.42315548980028694, 'lag_7': 0.5374301254173388, 'lag_8': 0.08080527486824648, 'lag_9': 0.6477899031669909, 'lag_10': 0.2617748055315545, 'lag_11': 0.6075754595589684, 'lag_12': 0.3467717112941039, 'lag_13': 0.1366337457133967, 'lag_14': 0.7047833903317823, 'lag_15': 0.8471685336985834, 'lag_16': 0.1526548675301631, 'lag_17': 0.8707994620496304, 'lag_18': 0.07306184418006426, 'lag_19': 0.12351615577591493, 'lag_20': 0.33360332083977, 'lag_21': 0.3346723678069983, 'lag_22': 0.35517365900871734, 'lag_23': 0.8338950986527167, 'lag_24': 0.8586297391272325, 'lag_25': 0.4213361253753137, 'lag_26': 0.4705309590453434, 'lag_27': 0.8231281576920718, 'lag_28': 0.6550973212635163}. Best is trial 2 with value: 0.005402492377316939.
[I 2025-09-29 13:19:01,825] Trial 24 finished with value: 0.00558260934617793 and parameters: {'lag_0': 0.2862793362960703, 'lag_1': 0.4626316071547233, 'lag_2': 0.12295752569954745, 'lag_3': 0.3935542886176592, 'lag_4': 0.288156158137033, 'lag_5': 0.7330139159187743, 'lag_6': 0.7178003226778528, 'lag_7': 0.19804675225349233, 'lag_8': 0.2891862302121733, 'lag_9': 0.5314157142221103, 'lag_10': 0.16510137380756296, 'lag_11': 0.4148585230991936, 'lag_12': 0.5034704336179773, 'lag_13': 0.20883677726797698, 'lag_14': 0.9004456792938434, 'lag_15': 0.7245213293153473, 'lag_16': 0.45185928776915785, 'lag_17': 0.4558897060223758, 'lag_18': 0.21760814380483767, 'lag_19': 0.4921784768337858, 'lag_20': 0.16900217927553113, 'lag_21': 0.16618609099762033, 'lag_22': 0.2762145073620171, 'lag_23': 0.5552101447236564, 'lag_24': 0.21222381510678762, 'lag_25': 0.3044861615550776, 'lag_26': 0.5720689364099834, 'lag_27': 0.642395181483661, 'lag_28': 0.5212915287930269}. Best is trial 2 with value: 0.005402492377316939.
[I 2025-09-29 13:19:04,286] Trial 25 finished with value: 0.005920194737026622 and parameters: {'lag_0': 0.16444625025206577, 'lag_1': 0.5843323089994275, 'lag_2': 0.012596161497688517, 'lag_3': 0.6270551266885036, 'lag_4': 0.14933102071487875, 'lag_5': 0.9996145753568659, 'lag_6': 0.6129615543943734, 'lag_7': 0.43001092937699903, 'lag_8': 0.12572880901068328, 'lag_9': 0.784940150523366, 'lag_10': 0.8065905861400602, 'lag_11': 0.7325195706707563, 'lag_12': 0.20897586483526948, 'lag_13': 0.08741315916433866, 'lag_14': 0.5322674876496436, 'lag_15': 0.6579824745407534, 'lag_16': 0.62472732555275, 'lag_17': 0.6889525560503021, 'lag_18': 0.5011230006809233, 'lag_19': 0.25796971567002525, 'lag_20': 0.4695921257461396, 'lag_21': 0.49493871223641867, 'lag_22': 0.49164256594378125, 'lag_23': 0.9019977279038854, 'lag_24': 0.7044130399497773, 'lag_25': 0.13841454737685704, 'lag_26': 0.7139250700862048, 'lag_27': 0.2115764801138841, 'lag_28': 0.7853919032773438}. Best is trial 2 with value: 0.005402492377316939.
[I 2025-09-29 13:19:06,747] Trial 26 finished with value: 0.006451137466042196 and parameters: {'lag_0': 0.7085374965808109, 'lag_1': 0.15759868575813596, 'lag_2': 0.16938231042875573, 'lag_3': 0.8697493952085389, 'lag_4': 0.563997193432097, 'lag_5': 0.8918955876129713, 'lag_6': 0.879143152740525, 'lag_7': 0.8251188655638839, 'lag_8': 0.20238852080338532, 'lag_9': 0.46390868836329036, 'lag_10': 0.37780637030655806, 'lag_11': 0.8836412655555732, 'lag_12': 0.9012786413723497, 'lag_13': 0.25636093329993953, 'lag_14': 0.37984670965356876, 'lag_15': 0.9755890912429129, 'lag_16': 0.3364726528576436, 'lag_17': 0.6176020373460774, 'lag_18': 0.6459783091903915, 'lag_19': 0.3777440234940096, 'lag_20': 0.24029006264212593, 'lag_21': 0.17837670691089616, 'lag_22': 0.11760629778368625, 'lag_23': 0.7135717560962314, 'lag_24': 0.4717333229389879, 'lag_25': 0.8880796170557363, 'lag_26': 0.39778242957359156, 'lag_27': 0.0987646076885891, 'lag_28': 0.19518989130972206}. Best is trial 2 with value: 0.005402492377316939.
[I 2025-09-29 13:19:09,210] Trial 27 finished with value: 0.005690856642688419 and parameters: {'lag_0': 0.4250076442026019, 'lag_1': 0.5417585752182283, 'lag_2': 0.7942136150040121, 'lag_3': 0.7637417354893639, 'lag_4': 0.3698142930294889, 'lag_5': 0.49684043033441344, 'lag_6': 0.7386754288737188, 'lag_7': 0.13434405974733732, 'lag_8': 0.5071754199387348, 'lag_9': 0.3560217577775605, 'lag_10': 0.5491345641412451, 'lag_11': 0.16081200365406706, 'lag_12': 0.6131227892199633, 'lag_13': 0.3388661491274403, 'lag_14': 0.4710801110771273, 'lag_15': 0.870283404679814, 'lag_16': 0.15212891119631866, 'lag_17': 0.8828497015054271, 'lag_18': 0.0006494329092061046, 'lag_19': 0.14583041964800525, 'lag_20': 0.10752004303765306, 'lag_21': 0.6847743626442282, 'lag_22': 0.7108910810990798, 'lag_23': 0.789848517260351, 'lag_24': 0.6265824201456998, 'lag_25': 0.6904890327942315, 'lag_26': 0.09208670382589856, 'lag_27': 0.39963690714769007, 'lag_28': 0.082768640944305}. Best is trial 2 with value: 0.005402492377316939.
[I 2025-09-29 13:19:11,673] Trial 28 finished with value: 0.0069832202438686476 and parameters: {'lag_0': 0.543075238550898, 'lag_1': 0.37737480341285334, 'lag_2': 0.07590733032426679, 'lag_3': 0.18449770589718373, 'lag_4': 0.2597758480681668, 'lag_5': 0.6056344669377154, 'lag_6': 0.5443204784123664, 'lag_7': 0.6157122774198425, 'lag_8': 0.07257335222269154, 'lag_9': 0.9164802722743634, 'lag_10': 0.6345544932188472, 'lag_11': 0.49923293619259235, 'lag_12': 0.9447049073383925, 'lag_13': 0.4592782172631678, 'lag_14': 0.2743620673875162, 'lag_15': 0.5526352378872205, 'lag_16': 0.37950479564186584, 'lag_17': 0.47111839077942314, 'lag_18': 0.2084166057437436, 'lag_19': 0.44366220612785295, 'lag_20': 0.9963116456811167, 'lag_21': 0.3570371552594042, 'lag_22': 0.43237985458409883, 'lag_23': 0.008703414614100291, 'lag_24': 0.8755649724155321, 'lag_25': 0.3360356061489831, 'lag_26': 0.25142659498022096, 'lag_27': 0.28543772043368165, 'lag_28': 0.6265663270630802}. Best is trial 2 with value: 0.005402492377316939.
[I 2025-09-29 13:19:14,133] Trial 29 finished with value: 0.006906917942151938 and parameters: {'lag_0': 0.3610203031808846, 'lag_1': 0.6971906862139534, 'lag_2': 0.4021109096309567, 'lag_3': 0.6804356281092078, 'lag_4': 0.5745983832570447, 'lag_5': 0.3497840390663351, 'lag_6': 0.907706994248924, 'lag_7': 0.9250234106759393, 'lag_8': 0.3315724750167346, 'lag_9': 0.1492242728246932, 'lag_10': 0.06574092208007287, 'lag_11': 0.42180474438662385, 'lag_12': 0.8138966001076728, 'lag_13': 0.0660542599662069, 'lag_14': 0.7073363171071039, 'lag_15': 0.3907411986816239, 'lag_16': 0.8465303337606915, 'lag_17': 0.5845511502877829, 'lag_18': 0.2991386972147796, 'lag_19': 0.3612898233749243, 'lag_20': 0.5452318750955276, 'lag_21': 0.5804248808773735, 'lag_22': 0.23667866733428064, 'lag_23': 0.11713942741381239, 'lag_24': 0.9101322849975241, 'lag_25': 0.5780331900799877, 'lag_26': 0.13546637772215261, 'lag_27': 0.8590780577601778, 'lag_28': 0.7734715842013906}. Best is trial 2 with value: 0.005402492377316939.
[I 2025-09-29 13:19:16,601] Trial 30 finished with value: 0.0062762119033625136 and parameters: {'lag_0': 0.740149356536548, 'lag_1': 0.8149869363357172, 'lag_2': 0.5581825332851229, 'lag_3': 0.5360091552077906, 'lag_4': 0.1987926417383607, 'lag_5': 0.43291637992374354, 'lag_6': 0.22227087302599613, 'lag_7': 0.7621743552145128, 'lag_8': 0.4884191765092561, 'lag_9': 0.5053552777161475, 'lag_10': 0.48954917181522273, 'lag_11': 0.23126175526188858, 'lag_12': 0.19189691886875693, 'lag_13': 0.21961892190477805, 'lag_14': 0.8436086328959372, 'lag_15': 0.6863917131167584, 'lag_16': 0.7086091610248746, 'lag_17': 0.32083801735616113, 'lag_18': 0.1944012639809118, 'lag_19': 0.5125437188825583, 'lag_20': 0.08933440460044817, 'lag_21': 0.9600212760049136, 'lag_22': 0.5397882466863815, 'lag_23': 0.36908573600275385, 'lag_24': 0.7550738982684078, 'lag_25': 0.23072656831852156, 'lag_26': 0.34836773212136307, 'lag_27': 0.1676518800468966, 'lag_28': 0.32325947937667154}. Best is trial 2 with value: 0.005402492377316939.
[I 2025-09-29 13:19:19,175] Trial 31 finished with value: 0.006448365744627653 and parameters: {'lag_0': 0.27440473908528973, 'lag_1': 0.46850367174430785, 'lag_2': 0.1343076887517131, 'lag_3': 0.4146839182940458, 'lag_4': 0.3035568678681884, 'lag_5': 0.7396671231973315, 'lag_6': 0.700710279485041, 'lag_7': 0.19933665323740093, 'lag_8': 0.2851411653037903, 'lag_9': 0.5117314190127459, 'lag_10': 0.14706936267152235, 'lag_11': 0.4052051006608741, 'lag_12': 0.4954023652080579, 'lag_13': 0.20062861684048364, 'lag_14': 0.9046698798906571, 'lag_15': 0.7556813819474443, 'lag_16': 0.4844604219139649, 'lag_17': 0.5115699626182463, 'lag_18': 0.1070110063108832, 'lag_19': 0.4518629744633282, 'lag_20': 0.1959505355924459, 'lag_21': 0.20164117612773702, 'lag_22': 0.3166378780939489, 'lag_23': 0.5359929255932504, 'lag_24': 0.1890293193145029, 'lag_25': 0.45312569736133407, 'lag_26': 0.5718552813441914, 'lag_27': 0.6846046090204594, 'lag_28': 0.5183708137749141}. Best is trial 2 with value: 0.005402492377316939.
[I 2025-09-29 13:19:21,641] Trial 32 finished with value: 0.006114906531352704 and parameters: {'lag_0': 0.29470987654695624, 'lag_1': 0.1646686120217898, 'lag_2': 0.23288488590477852, 'lag_3': 0.3489477574503126, 'lag_4': 0.1067570083947505, 'lag_5': 0.8339384252129334, 'lag_6': 0.4482069782017963, 'lag_7': 0.1830320620722007, 'lag_8': 0.2200288152406039, 'lag_9': 0.3853695841380103, 'lag_10': 0.18293129205613556, 'lag_11': 0.44811346102672406, 'lag_12': 0.4436300917707733, 'lag_13': 0.1125981272368204, 'lag_14': 0.7374195111088842, 'lag_15': 0.8089327399443225, 'lag_16': 0.4501371379869259, 'lag_17': 0.7435235388619539, 'lag_18': 0.182566053690361, 'lag_19': 0.5819127086030789, 'lag_20': 0.3095637569713158, 'lag_21': 0.10426176616079798, 'lag_22': 0.31284939832995073, 'lag_23': 0.5137301635148754, 'lag_24': 0.25879880517242343, 'lag_25': 0.31799750499429846, 'lag_26': 0.7298909110961938, 'lag_27': 0.5398140238046895, 'lag_28': 0.4506464024812893}. Best is trial 2 with value: 0.005402492377316939.
[I 2025-09-29 13:19:24,107] Trial 33 finished with value: 0.005836134553137671 and parameters: {'lag_0': 0.12176819894978486, 'lag_1': 0.7263896697548413, 'lag_2': 0.0704942561802866, 'lag_3': 0.5754111129855393, 'lag_4': 0.41557210861663596, 'lag_5': 0.7388744410741331, 'lag_6': 0.6566269518380954, 'lag_7': 0.013619035322540995, 'lag_8': 0.34508341756684363, 'lag_9': 0.5554256871034052, 'lag_10': 0.09902829078845003, 'lag_11': 0.3790064869726609, 'lag_12': 0.5227521650902871, 'lag_13': 0.1962763792281016, 'lag_14': 0.8265439609067652, 'lag_15': 0.8889459594378809, 'lag_16': 0.2819464456408649, 'lag_17': 0.5421890909190503, 'lag_18': 0.09229318179360807, 'lag_19': 0.7332836709134827, 'lag_20': 0.6359119374045938, 'lag_21': 0.24920389164987028, 'lag_22': 0.0929458592230302, 'lag_23': 0.6936219523120116, 'lag_24': 0.011457408323652468, 'lag_25': 0.1656313810403864, 'lag_26': 0.5460844592242171, 'lag_27': 0.8973831945033142, 'lag_28': 0.5067114846106898}. Best is trial 2 with value: 0.005402492377316939.
[I 2025-09-29 13:19:26,568] Trial 34 finished with value: 0.007001582066596336 and parameters: {'lag_0': 0.2028219493500784, 'lag_1': 0.053760947493202926, 'lag_2': 0.26855607707526097, 'lag_3': 0.0007671593651441544, 'lag_4': 0.485486940363072, 'lag_5': 0.9183413638872773, 'lag_6': 0.834200426196921, 'lag_7': 0.2847922309411136, 'lag_8': 0.07433476006906845, 'lag_9': 0.6455530902043801, 'lag_10': 0.2943429573582569, 'lag_11': 0.51699283105843, 'lag_12': 0.382389358039818, 'lag_13': 0.3136053371343986, 'lag_14': 0.9306747457334257, 'lag_15': 0.626950847578085, 'lag_16': 0.8958053145140967, 'lag_17': 0.41633953262353146, 'lag_18': 0.5462229223601486, 'lag_19': 0.23726500564031228, 'lag_20': 0.4230723291304128, 'lag_21': 0.08144963722170832, 'lag_22': 0.2384721705139501, 'lag_23': 0.92413021752066, 'lag_24': 0.3830888505960597, 'lag_25': 0.08867760572471597, 'lag_26': 0.8371671247840753, 'lag_27': 0.6999554736270175, 'lag_28': 0.164214382861686}. Best is trial 2 with value: 0.005402492377316939.
[I 2025-09-29 13:19:29,029] Trial 35 finished with value: 0.005480841888591222 and parameters: {'lag_0': 0.4114750030912714, 'lag_1': 0.3406496329451109, 'lag_2': 0.013305688405030082, 'lag_3': 0.4887311618212125, 'lag_4': 0.2170204862572851, 'lag_5': 0.7796808796606803, 'lag_6': 0.767985155716795, 'lag_7': 0.44255575878663256, 'lag_8': 0.2893288915931584, 'lag_9': 0.7717143811734739, 'lag_10': 0.18903833340412052, 'lag_11': 0.2909768967700409, 'lag_12': 0.6943840894279971, 'lag_13': 0.020370507853074673, 'lag_14': 0.7916860481394973, 'lag_15': 0.7608393252368741, 'lag_16': 0.9881651861473737, 'lag_17': 0.2852519471186993, 'lag_18': 0.23816234465430708, 'lag_19': 0.49063634354583924, 'lag_20': 0.1480275745056916, 'lag_21': 0.5045692580661236, 'lag_22': 0.0441443728367722, 'lag_23': 0.6437470127252989, 'lag_24': 0.18869748438409006, 'lag_25': 0.3748894733588121, 'lag_26': 0.4503729391740008, 'lag_27': 0.6060832124208909, 'lag_28': 0.7392416276834087}. Best is trial 2 with value: 0.005402492377316939.
[I 2025-09-29 13:19:31,490] Trial 36 finished with value: 0.007185602421561399 and parameters: {'lag_0': 0.8459013967990865, 'lag_1': 0.23723241643693083, 'lag_2': 0.009931408539674287, 'lag_3': 0.49441382880286255, 'lag_4': 0.6031605336209579, 'lag_5': 0.7927672874332928, 'lag_6': 0.9956691254303331, 'lag_7': 0.37864953475105223, 'lag_8': 0.8541544649639139, 'lag_9': 0.7777766308327414, 'lag_10': 0.8982975940119733, 'lag_11': 0.022936555178820373, 'lag_12': 0.7980106849094524, 'lag_13': 0.010131999437215808, 'lag_14': 0.6491390676758693, 'lag_15': 0.8013938051296844, 'lag_16': 0.9994514323585133, 'lag_17': 0.2770891245835798, 'lag_18': 0.6232311699925096, 'lag_19': 0.3413682268253531, 'lag_20': 0.26201621865295455, 'lag_21': 0.5021932421551528, 'lag_22': 0.0023170881211286992, 'lag_23': 0.835714395748138, 'lag_24': 0.9932528328545344, 'lag_25': 0.36526268685645247, 'lag_26': 0.22504228701802495, 'lag_27': 0.08504433831696212, 'lag_28': 0.842510605506357}. Best is trial 2 with value: 0.005402492377316939.
[I 2025-09-29 13:19:33,954] Trial 37 finished with value: 0.005181328733467088 and parameters: {'lag_0': 0.5586702612461798, 'lag_1': 0.3162784036762715, 'lag_2': 0.04837505918611579, 'lag_3': 0.6459121320238915, 'lag_4': 0.1972390516748633, 'lag_5': 0.9357730222552035, 'lag_6': 0.9223311193945964, 'lag_7': 0.4742705740177042, 'lag_8': 0.4050019146143482, 'lag_9': 0.8675363927504565, 'lag_10': 0.4108211266290473, 'lag_11': 0.23341173523331607, 'lag_12': 0.6944895362073765, 'lag_13': 0.08910328080730023, 'lag_14': 0.573078785867195, 'lag_15': 0.2993173806907675, 'lag_16': 0.900155359589069, 'lag_17': 0.12007717344612745, 'lag_18': 0.06127041189505348, 'lag_19': 0.41603665986791216, 'lag_20': 0.06866225022307033, 'lag_21': 0.4279601533424464, 'lag_22': 0.08091639594699782, 'lag_23': 0.6565769579809869, 'lag_24': 0.12101419112303255, 'lag_25': 0.6781852702052442, 'lag_26': 0.45041549899567906, 'lag_27': 0.3931731988479615, 'lag_28': 0.7221548069300731}. Best is trial 37 with value: 0.005181328733467088.
[I 2025-09-29 13:19:36,421] Trial 38 finished with value: 0.006466836497256323 and parameters: {'lag_0': 0.4539920798568733, 'lag_1': 0.32847128908533174, 'lag_2': 0.16671511647371268, 'lag_3': 0.7342581095704409, 'lag_4': 0.20500860994838627, 'lag_5': 0.9199312336517153, 'lag_6': 0.9314934957424613, 'lag_7': 0.4572760780196975, 'lag_8': 0.43932479775836997, 'lag_9': 0.9153730256667638, 'lag_10': 0.37709278320567546, 'lag_11': 0.2722316987266903, 'lag_12': 0.6894135931670428, 'lag_13': 0.0695577863499684, 'lag_14': 0.5738250464456098, 'lag_15': 0.2995973157422797, 'lag_16': 0.8900357410795375, 'lag_17': 0.09777085310806323, 'lag_18': 0.05270725982491557, 'lag_19': 0.40617158965536454, 'lag_20': 0.060115547863153956, 'lag_21': 0.42715385532489025, 'lag_22': 0.05558234819345941, 'lag_23': 0.6245016972882903, 'lag_24': 0.11528800943550022, 'lag_25': 0.7105690141848696, 'lag_26': 0.45398743100262806, 'lag_27': 0.3939696851063401, 'lag_28': 0.958457537021675}. Best is trial 37 with value: 0.005181328733467088.
[I 2025-09-29 13:19:38,885] Trial 39 finished with value: 0.007080850547313132 and parameters: {'lag_0': 0.9812312799899141, 'lag_1': 0.4240658390382839, 'lag_2': 0.0806266423809113, 'lag_3': 0.6400172760434094, 'lag_4': 0.7408766331250831, 'lag_5': 0.9529896161954815, 'lag_6': 0.8527371295636462, 'lag_7': 0.5680204851276005, 'lag_8': 0.5411589200939797, 'lag_9': 0.8518669493444828, 'lag_10': 0.4234351908874982, 'lag_11': 0.12364376385573422, 'lag_12': 0.7190525824230379, 'lag_13': 0.8343550152206971, 'lag_14': 0.4758244513688934, 'lag_15': 0.2622105321263973, 'lag_16': 0.9783954347041531, 'lag_17': 0.15125799649868957, 'lag_18': 0.4470536541510108, 'lag_19': 0.5870112570339214, 'lag_20': 0.13041586950413217, 'lag_21': 0.626609368068092, 'lag_22': 0.08520042519847566, 'lag_23': 0.46194668357485613, 'lag_24': 0.08764666304967875, 'lag_25': 0.8094422940332542, 'lag_26': 0.2848927245225502, 'lag_27': 0.46650953116415994, 'lag_28': 0.7419400008805905}. Best is trial 37 with value: 0.005181328733467088.
