[I 2025-09-29 12:52:49,197] Trial 61 finished with value: 0.003865075446449934 and parameters: {'lag_0': 0.5393818943002697, 'lag_1': 0.489271429202469, 'lag_2': 0.5344688350943358, 'lag_3': 0.6564828532437753, 'lag_4': 0.4685021094669018, 'lag_5': 0.9118865965833107, 'lag_6': 0.7902527199617424, 'lag_7': 0.08265047613372951, 'lag_8': 0.21189846242591567, 'lag_9': 0.2914155112060796, 'lag_10': 0.4192162376863484, 'lag_11': 0.8637718777141653, 'lag_12': 0.9867399414827948, 'lag_13': 0.8981506709263707, 'lag_14': 0.26328261414701215, 'lag_15': 0.14542762036734133, 'lag_16': 0.932935762652958, 'lag_17': 0.23432559384264512, 'lag_18': 0.8347523855851569, 'lag_19': 0.5457981397929387, 'lag_20': 0.6144339714174244, 'lag_21': 0.3802987090855609, 'lag_22': 0.5481377400737979, 'lag_23': 0.44013420289503263, 'lag_24': 0.14407089607553178, 'lag_25': 0.45825972571004475, 'lag_26': 0.5204940022071952, 'lag_27': 0.17954003113923378, 'lag_28': 0.5690540315006366}. Best is trial 58 with value: 0.0031634007888550605.
[I 2025-09-29 12:52:51,700] Trial 62 finished with value: 0.0034980108664027765 and parameters: {'lag_0': 0.7154125683633265, 'lag_1': 0.4345982777590325, 'lag_2': 0.4695816307979921, 'lag_3': 0.49002338193443185, 'lag_4': 0.5468460291428691, 'lag_5': 0.9364052176115654, 'lag_6': 0.10262433260078635, 'lag_7': 0.46649287373941445, 'lag_8': 0.2841509113092585, 'lag_9': 0.3852149730480633, 'lag_10': 0.10979423652991896, 'lag_11': 0.9979676533035481, 'lag_12': 0.8031134889883254, 'lag_13': 0.8690488175459413, 'lag_14': 0.34800027456706606, 'lag_15': 0.34483510678533913, 'lag_16': 0.8786776557159832, 'lag_17': 0.28369378445280896, 'lag_18': 0.9995870398629242, 'lag_19': 0.590618462982295, 'lag_20': 0.7686205135324726, 'lag_21': 0.44997874401496474, 'lag_22': 0.3776630347768967, 'lag_23': 0.5140247970600558, 'lag_24': 0.9888320117203893, 'lag_25': 0.7649153033635364, 'lag_26': 0.23815115259715897, 'lag_27': 0.06519174105670276, 'lag_28': 0.6063086638544684}. Best is trial 58 with value: 0.0031634007888550605.
[I 2025-09-29 12:52:54,199] Trial 63 finished with value: 0.004490539628406227 and parameters: {'lag_0': 0.7891267131455334, 'lag_1': 0.17265689625651506, 'lag_2': 0.5867643246819089, 'lag_3': 0.5929039485511719, 'lag_4': 0.3941256178078038, 'lag_5': 0.8888812874618637, 'lag_6': 0.7567380085983832, 'lag_7': 0.14429252760861885, 'lag_8': 0.06927451065320041, 'lag_9': 0.24731799183520012, 'lag_10': 0.31294777323553113, 'lag_11': 0.7673572956529962, 'lag_12': 0.9415256993113541, 'lag_13': 0.995167456939245, 'lag_14': 0.18111087586928865, 'lag_15': 0.4154650665656088, 'lag_16': 0.9988789542555025, 'lag_17': 0.140773348654044, 'lag_18': 0.735765514925768, 'lag_19': 0.6371797100723152, 'lag_20': 0.959127166666326, 'lag_21': 0.5485106211659928, 'lag_22': 0.4244016484041809, 'lag_23': 0.5937288938741277, 'lag_24': 0.02685121440993047, 'lag_25': 0.9976802413953391, 'lag_26': 0.44852654208500403, 'lag_27': 0.10428927093663751, 'lag_28': 0.43372222325776494}. Best is trial 58 with value: 0.0031634007888550605.
[I 2025-09-29 12:52:56,695] Trial 64 finished with value: 0.003695533519780745 and parameters: {'lag_0': 0.9979166056546105, 'lag_1': 0.5636443953560438, 'lag_2': 0.39526884143906715, 'lag_3': 0.8127142140686896, 'lag_4': 0.4759222051684787, 'lag_5': 0.9976317151330958, 'lag_6': 0.6683991607876734, 'lag_7': 0.07162396184993489, 'lag_8': 0.09639903815644796, 'lag_9': 0.968307974556545, 'lag_10': 0.23186109583273043, 'lag_11': 0.8197462652414506, 'lag_12': 0.6326451634333525, 'lag_13': 0.8022540230848957, 'lag_14': 0.29950539928586095, 'lag_15': 0.2786083635428218, 'lag_16': 0.6806626271717134, 'lag_17': 0.392158154547112, 'lag_18': 0.789767835764523, 'lag_19': 0.5526924755717281, 'lag_20': 0.6933957484497756, 'lag_21': 0.2832187984020871, 'lag_22': 0.29829208486226966, 'lag_23': 0.7453245952103502, 'lag_24': 0.08374884198492788, 'lag_25': 0.5758395273558989, 'lag_26': 0.8280633780835854, 'lag_27': 0.0023107644321870707, 'lag_28': 0.483724697845762}. Best is trial 58 with value: 0.0031634007888550605.
[I 2025-09-29 12:52:59,197] Trial 65 finished with value: 0.0033085739258503347 and parameters: {'lag_0': 0.9583199709654684, 'lag_1': 0.37313687632390063, 'lag_2': 0.6423755342545011, 'lag_3': 0.44640986522896875, 'lag_4': 0.41431242669972373, 'lag_5': 0.8272813097774417, 'lag_6': 0.898894264249558, 'lag_7': 0.5473044009849295, 'lag_8': 0.17353153502091515, 'lag_9': 0.32651087076896773, 'lag_10': 0.35634700369497213, 'lag_11': 0.9113888616984929, 'lag_12': 0.7191113191695182, 'lag_13': 0.2662533058977302, 'lag_14': 0.130672800083412, 'lag_15': 0.46743358246066613, 'lag_16': 0.6071991705699857, 'lag_17': 0.31487708572882983, 'lag_18': 0.8694514566640335, 'lag_19': 0.4457854172079519, 'lag_20': 0.5766850801067683, 'lag_21': 0.03513747993314614, 'lag_22': 0.47674091933926266, 'lag_23': 0.41082597572171003, 'lag_24': 0.18261572242951785, 'lag_25': 0.7162302106432056, 'lag_26': 0.3015145588860582, 'lag_27': 0.21160206271599896, 'lag_28': 0.6962598021957351}. Best is trial 58 with value: 0.0031634007888550605.
[I 2025-09-29 12:53:01,837] Trial 66 finished with value: 0.003410117381586505 and parameters: {'lag_0': 0.9622210906580515, 'lag_1': 0.8411679184625434, 'lag_2': 0.7486131185758514, 'lag_3': 0.436175352080283, 'lag_4': 0.3442359061849881, 'lag_5': 0.8388634748289938, 'lag_6': 0.7211423562481578, 'lag_7': 0.5407513202909072, 'lag_8': 0.045146647571885745, 'lag_9': 0.3321116352840414, 'lag_10': 0.37329236124201665, 'lag_11': 0.9106929261794826, 'lag_12': 0.9241072691051833, 'lag_13': 0.25121869267825325, 'lag_14': 0.05222078489102294, 'lag_15': 0.4720213784200974, 'lag_16': 0.5893703739941041, 'lag_17': 0.3383436804086476, 'lag_18': 0.962627882026297, 'lag_19': 0.4479252669663556, 'lag_20': 0.5208792876790903, 'lag_21': 0.05676753594055939, 'lag_22': 0.6023998152069983, 'lag_23': 0.39682989799333757, 'lag_24': 0.04017860412300604, 'lag_25': 0.7205878362532225, 'lag_26': 0.31282399152417084, 'lag_27': 0.1301831486226439, 'lag_28': 0.6998886193801164}. Best is trial 58 with value: 0.0031634007888550605.
[I 2025-09-29 12:53:04,359] Trial 67 finished with value: 0.0034983447587176434 and parameters: {'lag_0': 0.3926300214866527, 'lag_1': 0.2816866647258466, 'lag_2': 0.6715767481343153, 'lag_3': 0.3025818020765562, 'lag_4': 0.41026174751651395, 'lag_5': 0.7519437988486765, 'lag_6': 0.48436616147982703, 'lag_7': 0.6161034257597754, 'lag_8': 0.13963427415094729, 'lag_9': 0.4538807968102256, 'lag_10': 0.5085012459701295, 'lag_11': 0.9615062600735506, 'lag_12': 0.7335639315942994, 'lag_13': 0.1923925445732716, 'lag_14': 0.14514707347063374, 'lag_15': 0.5432406811354599, 'lag_16': 0.5437643292077198, 'lag_17': 0.4259745135329368, 'lag_18': 0.8614909148169341, 'lag_19': 0.4067197749035489, 'lag_20': 0.5633469289208892, 'lag_21': 0.13924761136761066, 'lag_22': 0.5083899408798251, 'lag_23': 0.26008876371944667, 'lag_24': 0.12863237057711696, 'lag_25': 0.6514327102071943, 'lag_26': 0.0949102132476656, 'lag_27': 0.2730238404826406, 'lag_28': 0.7964928065395632}. Best is trial 58 with value: 0.0031634007888550605.
[I 2025-09-29 12:53:06,875] Trial 68 finished with value: 0.003630015005771576 and parameters: {'lag_0': 0.670205910442735, 'lag_1': 0.09032554812219241, 'lag_2': 0.6319032115334745, 'lag_3': 0.4640175902215977, 'lag_4': 0.9732919483918069, 'lag_5': 0.7001810642259556, 'lag_6': 0.5574913948364524, 'lag_7': 0.0016944105681654248, 'lag_8': 0.17853324016285865, 'lag_9': 0.8522925731663388, 'lag_10': 0.35855700812167907, 'lag_11': 0.8767945205206361, 'lag_12': 0.7113571299434212, 'lag_13': 0.28902802939265904, 'lag_14': 0.12278477895524628, 'lag_15': 0.4415100962044551, 'lag_16': 0.6208275536341696, 'lag_17': 0.5901676971300371, 'lag_18': 0.9296622670229087, 'lag_19': 0.37086537454669655, 'lag_20': 0.4104064156959356, 'lag_21': 0.19735101743775407, 'lag_22': 0.1431469270907835, 'lag_23': 0.3400577059717217, 'lag_24': 0.19268904385393293, 'lag_25': 0.5115867064180681, 'lag_26': 0.22960034407642055, 'lag_27': 0.1903791934883884, 'lag_28': 0.6719898698266321}. Best is trial 58 with value: 0.0031634007888550605.
[I 2025-09-29 12:53:09,385] Trial 69 finished with value: 0.003432382414937634 and parameters: {'lag_0': 0.5848991116170651, 'lag_1': 0.1328721300223923, 'lag_2': 0.7292967962748413, 'lag_3': 0.2189300677085907, 'lag_4': 0.19980399633583856, 'lag_5': 0.8192366014555744, 'lag_6': 0.35769655711352777, 'lag_7': 0.18950235292977907, 'lag_8': 0.02599671960188492, 'lag_9': 0.5777695113421202, 'lag_10': 0.3005644339459074, 'lag_11': 0.9367453797398219, 'lag_12': 0.8145503853175305, 'lag_13': 0.37520403630248955, 'lag_14': 0.0843906198642621, 'lag_15': 0.5647828942763629, 'lag_16': 0.4814594694124886, 'lag_17': 0.5174111309502534, 'lag_18': 0.33849760717481225, 'lag_19': 0.3219142390947622, 'lag_20': 0.47796294044588683, 'lag_21': 0.04035433567334901, 'lag_22': 0.08868993552026802, 'lag_23': 0.417622056471315, 'lag_24': 0.020146180092181706, 'lag_25': 0.6849673146577204, 'lag_26': 0.4127026069062594, 'lag_27': 0.22402926687483013, 'lag_28': 0.1247676613121409}. Best is trial 58 with value: 0.0031634007888550605.
[I 2025-09-29 12:53:11,900] Trial 70 finished with value: 0.003348338610334686 and parameters: {'lag_0': 0.49197828770710583, 'lag_1': 0.6418590764377253, 'lag_2': 0.6486553654109095, 'lag_3': 0.3894037227481799, 'lag_4': 0.8933375890394449, 'lag_5': 0.38357709064464335, 'lag_6': 0.62250519249555, 'lag_7': 0.12233624812718347, 'lag_8': 0.26504727732261446, 'lag_9': 0.3928359483240573, 'lag_10': 0.4031393716443399, 'lag_11': 0.8408870127694004, 'lag_12': 0.5997148383681692, 'lag_13': 0.14163230576250746, 'lag_14': 0.03183470133639321, 'lag_15': 0.4978360828326582, 'lag_16': 0.8006260262201013, 'lag_17': 0.11327944419475776, 'lag_18': 0.8081479301158399, 'lag_19': 0.2683650892174648, 'lag_20': 0.5837192821716386, 'lag_21': 0.15355799131276499, 'lag_22': 0.5729232422156655, 'lag_23': 0.8678320628559316, 'lag_24': 0.10386579241825833, 'lag_25': 0.8132128790864199, 'lag_26': 0.29676921672292733, 'lag_27': 0.092856972277499, 'lag_28': 0.7572412517952882}. Best is trial 58 with value: 0.0031634007888550605.
[I 2025-09-29 12:53:14,416] Trial 71 finished with value: 0.003446761793026594 and parameters: {'lag_0': 0.9197863594827467, 'lag_1': 0.3842730948465082, 'lag_2': 0.5469175011099662, 'lag_3': 0.7082113126139588, 'lag_4': 0.48775026430569735, 'lag_5': 0.7446539297878337, 'lag_6': 0.8318572220324357, 'lag_7': 0.4014909867985896, 'lag_8': 0.22751347250082807, 'lag_9': 0.30868410900500487, 'lag_10': 0.45310235533410187, 'lag_11': 0.9003840281633892, 'lag_12': 0.19158629795900375, 'lag_13': 0.22097032970158925, 'lag_14': 0.24060745895952454, 'lag_15': 0.36236582502874315, 'lag_16': 0.9129691785101767, 'lag_17': 0.2786800900713402, 'lag_18': 0.882779862150516, 'lag_19': 0.5236038136350123, 'lag_20': 0.6242510825970906, 'lag_21': 0.0008895596217383672, 'lag_22': 0.4708463243607081, 'lag_23': 0.47844087757297077, 'lag_24': 0.31557425146533885, 'lag_25': 0.6035426602104499, 'lag_26': 0.14349048858794938, 'lag_27': 0.28083941960973835, 'lag_28': 0.5515239939031565}. Best is trial 58 with value: 0.0031634007888550605.
[I 2025-09-29 12:53:16,931] Trial 72 finished with value: 0.0031295569798044064 and parameters: {'lag_0': 0.9658422681051488, 'lag_1': 0.34842221376797244, 'lag_2': 0.5006981329190314, 'lag_3': 0.5532178503353861, 'lag_4': 0.5881264025744456, 'lag_5': 0.8662505286436261, 'lag_6': 0.8962650030643132, 'lag_7': 0.5509177346886546, 'lag_8': 0.3079471681561932, 'lag_9': 0.1953445180569386, 'lag_10': 0.08313178640720084, 'lag_11': 0.8102032329605751, 'lag_12': 0.5344780128763582, 'lag_13': 0.9567754667960914, 'lag_14': 0.20298292209919594, 'lag_15': 0.4011512738707018, 'lag_16': 0.8326414487203196, 'lag_17': 0.2263315726894963, 'lag_18': 0.9670064330183366, 'lag_19': 0.49187325484078476, 'lag_20': 0.8875925133975928, 'lag_21': 0.5088495032121563, 'lag_22': 0.5104613804023064, 'lag_23': 0.4458433265688729, 'lag_24': 0.27893287499871144, 'lag_25': 0.8979996655046761, 'lag_26': 0.8138174699992798, 'lag_27': 0.37746452997469765, 'lag_28': 0.6274880675650293}. Best is trial 72 with value: 0.0031295569798044064.
[I 2025-09-29 12:53:19,438] Trial 73 finished with value: 0.0036321739260802193 and parameters: {'lag_0': 0.9586262618592694, 'lag_1': 0.30938737602731264, 'lag_2': 0.5037038018411192, 'lag_3': 0.5568914392167086, 'lag_4': 0.584464228050348, 'lag_5': 0.8752247727405597, 'lag_6': 0.8902744021172277, 'lag_7': 0.5479267318471032, 'lag_8': 0.307816159693356, 'lag_9': 0.34546602451209646, 'lag_10': 0.0292575300120746, 'lag_11': 0.8042423366487563, 'lag_12': 0.49486308643905424, 'lag_13': 0.3140563074963049, 'lag_14': 0.17555098964694796, 'lag_15': 0.3998239025265986, 'lag_16': 0.7796205581778333, 'lag_17': 0.21956854109461948, 'lag_18': 0.9195523605014464, 'lag_19': 0.4837485543371525, 'lag_20': 0.6583599122552031, 'lag_21': 0.6201486632026496, 'lag_22': 0.03782827481961104, 'lag_23': 0.3796372042373546, 'lag_24': 0.22372764130211314, 'lag_25': 0.7775791544960535, 'lag_26': 0.003937679938977978, 'lag_27': 0.15105540548922966, 'lag_28': 0.6398959614926268}. Best is trial 72 with value: 0.0031295569798044064.
[I 2025-09-29 12:53:21,944] Trial 74 finished with value: 0.0033886847078662755 and parameters: {'lag_0': 0.8635229308289822, 'lag_1': 0.2540992514524745, 'lag_2': 0.44873612196919777, 'lag_3': 0.5110822358090374, 'lag_4': 0.6429834316399725, 'lag_5': 0.9332513506456335, 'lag_6': 0.7452528589615026, 'lag_7': 0.48023654501455687, 'lag_8': 0.41893716276671233, 'lag_9': 0.5273068551029771, 'lag_10': 0.47266955143797995, 'lag_11': 0.8649839085870676, 'lag_12': 0.6442860907022154, 'lag_13': 0.9518584797634329, 'lag_14': 0.8247091520868175, 'lag_15': 0.4659347566103855, 'lag_16': 0.8462875106307464, 'lag_17': 0.1773912522294396, 'lag_18': 0.9600227872826561, 'lag_19': 0.42788922431006005, 'lag_20': 0.5984603725254689, 'lag_21': 0.7468906890411123, 'lag_22': 0.5229328982941561, 'lag_23': 0.5147724952248547, 'lag_24': 0.172848172014891, 'lag_25': 0.875856384742431, 'lag_26': 0.897877726073918, 'lag_27': 0.3860849019686256, 'lag_28': 0.7196509799989645}. Best is trial 72 with value: 0.0031295569798044064.
[I 2025-09-29 12:53:24,457] Trial 75 finished with value: 0.003460913924506916 and parameters: {'lag_0': 0.9656747218476552, 'lag_1': 0.20257350131153376, 'lag_2': 0.5816882471543323, 'lag_3': 0.6120436545869226, 'lag_4': 0.010697259538447246, 'lag_5': 0.12332021093680305, 'lag_6': 0.8177374081606609, 'lag_7': 0.6283733508372132, 'lag_8': 0.35095090016529845, 'lag_9': 0.19461269112145857, 'lag_10': 0.00017077719290695646, 'lag_11': 0.9792838002096065, 'lag_12': 0.2952703609316568, 'lag_13': 0.14348713625222545, 'lag_14': 0.28416112250951286, 'lag_15': 0.6224642774052226, 'lag_16': 0.622116570626081, 'lag_17': 0.8175676603369644, 'lag_18': 0.9758209528477788, 'lag_19': 0.2910033872146319, 'lag_20': 0.8752670449791083, 'lag_21': 0.5204342896133103, 'lag_22': 0.6256498845867812, 'lag_23': 0.3296414700771756, 'lag_24': 0.43134634743617095, 'lag_25': 0.8936902305380976, 'lag_26': 0.8013588882630555, 'lag_27': 0.4308071202317815, 'lag_28': 0.5809470522019581}. Best is trial 72 with value: 0.0031295569798044064.
[I 2025-09-29 12:53:26,964] Trial 76 finished with value: 0.0038354635822055493 and parameters: {'lag_0': 0.918445797958881, 'lag_1': 0.3317266393013591, 'lag_2': 0.6069751588305666, 'lag_3': 0.4132592286210281, 'lag_4': 0.6215238011861614, 'lag_5': 0.004707974688519252, 'lag_6': 0.8698244170967133, 'lag_7': 0.569317853926508, 'lag_8': 0.5027510676750041, 'lag_9': 0.6930733503066608, 'lag_10': 0.9621579524825453, 'lag_11': 0.9239403692479462, 'lag_12': 0.5239017782667448, 'lag_13': 0.03672002874038993, 'lag_14': 0.08778865646654954, 'lag_15': 0.5161433048657117, 'lag_16': 0.8314665778698372, 'lag_17': 0.09022832323972398, 'lag_18': 0.8217244032041027, 'lag_19': 0.46137779664517614, 'lag_20': 0.728175224674775, 'lag_21': 0.9198112763745444, 'lag_22': 0.3635717918806213, 'lag_23': 0.4266688565568468, 'lag_24': 0.26522726267125263, 'lag_25': 0.7393824440389211, 'lag_26': 0.9885200387246392, 'lag_27': 0.25678698350834456, 'lag_28': 0.5135564225598295}. Best is trial 72 with value: 0.0031295569798044064.
[I 2025-09-29 12:53:29,468] Trial 77 finished with value: 0.003465027102324833 and parameters: {'lag_0': 0.8147393830549201, 'lag_1': 0.005660506975052532, 'lag_2': 0.7996302711446306, 'lag_3': 0.5647729217388181, 'lag_4': 0.5474719519323822, 'lag_5': 0.3063211007111601, 'lag_6': 0.9028335277615607, 'lag_7': 0.3381519478567107, 'lag_8': 0.18388857129586528, 'lag_9': 0.26674373461231277, 'lag_10': 0.5701785939596825, 'lag_11': 0.6997124931026016, 'lag_12': 0.3558131603247944, 'lag_13': 0.8520904269406955, 'lag_14': 0.19597295675933102, 'lag_15': 0.38026737091786994, 'lag_16': 0.7223200548428574, 'lag_17': 0.15119652069727274, 'lag_18': 0.8655859123171757, 'lag_19': 0.395197114396209, 'lag_20': 0.5309300016750913, 'lag_21': 0.6992822806856467, 'lag_22': 0.27119899175874157, 'lag_23': 0.7741167461950514, 'lag_24': 0.06869570638056859, 'lag_25': 0.924847565580785, 'lag_26': 0.8625818578365314, 'lag_27': 0.4937396639053228, 'lag_28': 0.6818323727618827}. Best is trial 72 with value: 0.0031295569798044064.
[I 2025-09-29 12:53:31,981] Trial 78 finished with value: 0.003483995508808706 and parameters: {'lag_0': 0.6128920538135066, 'lag_1': 0.36365424203050783, 'lag_2': 0.498236154089359, 'lag_3': 0.4717163701398563, 'lag_4': 0.523724252375558, 'lag_5': 0.04044723802524451, 'lag_6': 0.7796346137730505, 'lag_7': 0.5899215642318062, 'lag_8': 0.25074349864275175, 'lag_9': 0.7627422201227657, 'lag_10': 0.6186588385428083, 'lag_11': 0.7498335456331817, 'lag_12': 0.4266502855401159, 'lag_13': 0.9095072969329246, 'lag_14': 0.1297800180057747, 'lag_15': 0.7145415635690026, 'lag_16': 0.9166201790926777, 'lag_17': 0.24941155280180227, 'lag_18': 0.9309023072712331, 'lag_19': 0.20166275029193964, 'lag_20': 0.10855862839767078, 'lag_21': 0.23580634433753483, 'lag_22': 0.5575858707567052, 'lag_23': 0.5761288313593255, 'lag_24': 0.622861585620869, 'lag_25': 0.845326603790986, 'lag_26': 0.9207199417521709, 'lag_27': 0.1935480281070107, 'lag_28': 0.6075322401596276}. Best is trial 72 with value: 0.0031295569798044064.
[I 2025-09-29 12:53:34,488] Trial 79 finished with value: 0.0035935291429761373 and parameters: {'lag_0': 0.7275482738028465, 'lag_1': 0.5110982178507169, 'lag_2': 0.6985050844431779, 'lag_3': 0.5203383965336105, 'lag_4': 0.6820922660879494, 'lag_5': 0.8168279559802032, 'lag_6': 0.9758541469487434, 'lag_7': 0.6774135088433079, 'lag_8': 0.33829498419212034, 'lag_9': 0.61769958211135, 'lag_10': 0.2822390982073706, 'lag_11': 0.8449553534553764, 'lag_12': 0.6819332931039457, 'lag_13': 0.4252815100229916, 'lag_14': 0.6679650967377914, 'lag_15': 0.3220423760834761, 'lag_16': 0.674575489318487, 'lag_17': 0.3322802075048632, 'lag_18': 0.9112448240915089, 'lag_19': 0.500076835326663, 'lag_20': 0.8401304151273207, 'lag_21': 0.34078776731921956, 'lag_22': 0.3193722234971819, 'lag_23': 0.6414213871963104, 'lag_24': 0.5289615110602467, 'lag_25': 0.08741859220797421, 'lag_26': 0.4777961781321229, 'lag_27': 0.2871163141546531, 'lag_28': 0.3991602791629404}. Best is trial 72 with value: 0.0031295569798044064.
[I 2025-09-29 12:53:36,997] Trial 80 finished with value: 0.003193108035229272 and parameters: {'lag_0': 0.998989412307374, 'lag_1': 0.03835669786976127, 'lag_2': 0.3180551905705894, 'lag_3': 0.653632864353255, 'lag_4': 0.42022898942671494, 'lag_5': 0.21859251585581943, 'lag_6': 0.5955551992056989, 'lag_7': 0.027552981182110407, 'lag_8': 0.3797239012117058, 'lag_9': 0.2379299186950374, 'lag_10': 0.1982565849652742, 'lag_11': 0.38672254339294543, 'lag_12': 0.5405280814373962, 'lag_13': 0.7396484242317831, 'lag_14': 0.2394724501410555, 'lag_15': 0.4377871332220323, 'lag_16': 0.9707975316849564, 'lag_17': 0.19821745152100573, 'lag_18': 0.9814545868669488, 'lag_19': 0.3527236831801023, 'lag_20': 0.9756390422897195, 'lag_21': 0.4132228236106512, 'lag_22': 0.6719737655335386, 'lag_23': 0.6832235794461735, 'lag_24': 0.14226925735296028, 'lag_25': 0.36181156007336635, 'lag_26': 0.7626746222014381, 'lag_27': 0.035299655294831186, 'lag_28': 0.4478830032552886}. Best is trial 72 with value: 0.0031295569798044064.
[I 2025-09-29 12:53:39,508] Trial 81 finished with value: 0.0034365039655582428 and parameters: {'lag_0': 0.9982495732886694, 'lag_1': 0.11390664515896685, 'lag_2': 0.24449582021155766, 'lag_3': 0.6504577292788499, 'lag_4': 0.436903026791279, 'lag_5': 0.21684601161854689, 'lag_6': 0.5784727311762282, 'lag_7': 0.04258070072855699, 'lag_8': 0.40181430158180464, 'lag_9': 0.09964494351980643, 'lag_10': 0.20107013504443755, 'lag_11': 0.47774490020800914, 'lag_12': 0.5821878377330946, 'lag_13': 0.7397137623762188, 'lag_14': 0.32529600545123644, 'lag_15': 0.4361680827586867, 'lag_16': 0.9635037241649416, 'lag_17': 0.29705937059222143, 'lag_18': 0.9811283091333439, 'lag_19': 0.3586442318899575, 'lag_20': 0.9750147680833379, 'lag_21': 0.40640285236185253, 'lag_22': 0.7867023886171638, 'lag_23': 0.36514927157417365, 'lag_24': 0.13791486702140981, 'lag_25': 0.34801538603636095, 'lag_26': 0.7603155148744415, 'lag_27': 0.035951402828554815, 'lag_28': 0.16447276451248416}. Best is trial 72 with value: 0.0031295569798044064.
