[I 2025-10-03 11:35:44,911] Trial 3 finished with values: [0.004367018575953907, 0.0019276222953639565, 0.0008095500779085289, 0.0012260858224644494, 0.0014713582244388396, 0.0016380988914544384, 8.99043262943963e-05, 0.00025529129121139364, 0.0026913706887958786, 0.0006303092936577338, 0.00032080944089046874, 0.0005741350424809133, 0.0025971412056648717, 0.032103842895837786, 0.0, 0.017318691862214623, 0.0029350075125599622, 0.001832516321526776, 0.00021609360056363083, 0.0031986447239228284, 0.0076085937419644745, 0.005734546060441826, 0.000555801243228678, 0.001632480252506153, 0.0002409376553014114, 0.0009213345019151194, 0.0003882685574125409, 0.002606386793523566, 0.0004911704881656805] and parameters: {'lag_0': 0.24572142673468353, 'lag_1': 0.23160092814162142, 'lag_2': 0.8172325708453015, 'lag_3': 0.20415200329952454, 'lag_4': 0.9528483977089718, 'lag_5': 0.439084970064846, 'lag_6': 0.678599320283487, 'lag_7': 0.9419677453161721, 'lag_8': 0.4505611405313682, 'lag_9': 0.625418930583604, 'lag_10': 0.7789252027169626, 'lag_11': 0.8134796218711992, 'lag_12': 0.742089429357886, 'lag_13': 0.989296391640608, 'lag_14': 0.4074892438359142, 'lag_15': 0.8987907798820569, 'lag_16': 0.519875767470925, 'lag_17': 0.7810042788519931, 'lag_18': 0.09198243427809516, 'lag_19': 0.2123415333010916, 'lag_20': 0.03977915016585109, 'lag_21': 0.7848335043858942, 'lag_22': 0.08526365461835857, 'lag_23': 0.5421560768786331, 'lag_24': 0.8188349410185473, 'lag_25': 0.5803720842636593, 'lag_26': 0.9383132576672462, 'lag_27': 0.8446944828348447, 'lag_28': 0.7026308165366004}.
[I 2025-10-03 11:35:47,528] Trial 4 finished with values: [0.00865332612222823, 0.003682587083436482, 0.00037872762487900074, 0.0002840048829248468, 0.001560704003066198, 0.0007065527308261393, 0.001124025591756791, 0.00026914772915303446, 0.0028352133195413145, 0.0010077413426933103, 0.00042978156618236186, 0.00025372764740376984, 0.0027805149287275007, 0.02800543134321441, 0.0, 0.018729320112072474, 0.001543184227373008, 0.0016513034993942942, 0.00029423997537512053, 0.003994821392565262, 0.005162355413752559, 0.006203191032440669, 0.0003990164403166738, 0.002714721521438229, 0.0004407101988160793, 0.0012710886835369931, 0.00044456803363423814, 0.0010483288497906873, 0.0020131119200497553] and parameters: {'lag_0': 0.30224069794707, 'lag_1': 0.8035114117667588, 'lag_2': 0.6011944915137585, 'lag_3': 0.6393375939702203, 'lag_4': 0.10953583165944447, 'lag_5': 0.574761694188872, 'lag_6': 0.808614328369335, 'lag_7': 0.11042099082220648, 'lag_8': 0.8523608064373074, 'lag_9': 0.398111878611574, 'lag_10': 0.20804850977486875, 'lag_11': 0.030395551176021027, 'lag_12': 0.5125854458260192, 'lag_13': 0.9728490523561414, 'lag_14': 0.4881090120320191, 'lag_15': 0.8877480573457914, 'lag_16': 0.2867950926565476, 'lag_17': 0.9776691315355286, 'lag_18': 0.7420365763027054, 'lag_19': 0.29241184179325347, 'lag_20': 0.17256705081434875, 'lag_21': 0.45742427490368914, 'lag_22': 0.8504224526878188, 'lag_23': 0.9266508607397483, 'lag_24': 0.2983399175501555, 'lag_25': 0.262835674221853, 'lag_26': 0.6470822590054037, 'lag_27': 0.21690372972828015, 'lag_28': 0.9169035692912919}.
[I 2025-10-03 11:35:50,146] Trial 5 finished with values: [0.011851000540832882, 0.0016951482369750668, 0.0010941497024164052, 0.0011583465845241261, 0.000915801649802289, 0.000739889518673524, 0.0008824043449896914, 0.00031864838757907586, 0.00250615912282291, 0.001120691740319904, 0.00026960476884486457, 0.0005256012652835272, 0.0026905439287740855, 0.02963958119245667, 0.0, 0.019623398954700968, 0.0038302797430111355, 0.0008322440889350023, 0.0003396115510994781, 0.003094090571576337, 0.006964055827055106, 0.005811448668060694, 0.00019909547361744508, 0.0020649089943514222, 0.0006347547257608021, 0.0011497167677303002, 0.00033413434001900154, 0.0016328144304271896, 0.0014378295663286013] and parameters: {'lag_0': 0.7635416705874061, 'lag_1': 0.5696740580979212, 'lag_2': 0.7974357457043135, 'lag_3': 0.0959404526958336, 'lag_4': 0.5029226074429101, 'lag_5': 0.006011131694949921, 'lag_6': 0.7022061867408307, 'lag_7': 0.34683094693037486, 'lag_8': 0.5508656567132957, 'lag_9': 0.46584752200533025, 'lag_10': 0.38014783766459964, 'lag_11': 0.6304703025894393, 'lag_12': 0.5199535399299524, 'lag_13': 0.6874020819462915, 'lag_14': 0.11764976973918449, 'lag_15': 0.6863839533974111, 'lag_16': 0.3216309894557239, 'lag_17': 0.637490575941318, 'lag_18': 0.9534352533964213, 'lag_19': 0.4012293325883074, 'lag_20': 0.17660601048008043, 'lag_21': 0.08790184712457064, 'lag_22': 0.06527953375262399, 'lag_23': 0.6352818624688535, 'lag_24': 0.22231893541684278, 'lag_25': 0.6966543656031622, 'lag_26': 0.41028849295404524, 'lag_27': 0.9841804678959294, 'lag_28': 0.5604217712954543}.
[I 2025-10-03 11:35:52,762] Trial 6 finished with values: [0.00865332612222823, 0.0019904835901165996, 0.0006940259038319419, 0.0007359689233388933, 0.0027846339611560227, 0.0014110621485038549, 0.00042606262092659335, 0.00011785610124155461, 0.0030137204794500804, 0.0010856135359795576, 0.000716733447391831, 0.00013557768465871208, 0.0027727162709046778, 0.02954806999262575, 0.0, 0.016662198574347212, 0.0020746351880852457, 0.0012508810842202177, 0.0008290023728112699, 0.002803464113642464, 0.00509555348924796, 0.006136319572436679, 0.0007515383385598498, 0.0011252746390114725, 0.00031626309567256677, 0.0009231763468490544, 0.0004507490538315931, 0.0018268032025889418, 0.00186100910724882] and parameters: {'lag_0': 0.5330854205328004, 'lag_1': 0.17258803839955655, 'lag_2': 0.17801642384277197, 'lag_3': 0.03755829799813581, 'lag_4': 0.5657646514920052, 'lag_5': 0.46756656955239034, 'lag_6': 0.1662415052640072, 'lag_7': 0.7966344857863618, 'lag_8': 0.01562700753142927, 'lag_9': 0.016082152032937756, 'lag_10': 0.2798329918852168, 'lag_11': 0.27742261808061763, 'lag_12': 0.40693598976895634, 'lag_13': 0.05175537250512331, 'lag_14': 0.9357264899455369, 'lag_15': 0.49255382662225866, 'lag_16': 0.3922302354302109, 'lag_17': 0.6828799221543274, 'lag_18': 0.20354168580569607, 'lag_19': 0.3244744178189504, 'lag_20': 0.8475534157948686, 'lag_21': 0.2273729575397279, 'lag_22': 0.952381783181695, 'lag_23': 0.4041620574973792, 'lag_24': 0.26762243116260315, 'lag_25': 0.030841639539311235, 'lag_26': 0.1860270452633007, 'lag_27': 0.9339920491628607, 'lag_28': 0.6523653771938057}.
[I 2025-10-03 11:35:55,375] Trial 7 finished with values: [0.006932395889670091, 0.0012892896074561196, 0.002504350867633748, 0.0007551839058156315, 0.0018478459734873136, 0.0002949134938381037, 0.00018060897732955479, 0.0005744519917749509, 0.0033753316510088333, 0.0014391896176605826, 0.0008467689432751783, 0.0006709488229635902, 0.0035345120404322397, 0.02778583577703649, 0.0, 0.019746156407169854, 0.00518800131569362, 0.0002692910921388596, 0.0002477938523484465, 0.001919210765265317, 0.004811242327311409, 0.005872683710100855, 0.000744671770844536, 0.0008231716805757242, 0.0004517287651618038, 0.0019109927971143012, 0.0002914691960986667, 0.00042671026268021304, 0.002144343314474985] and parameters: {'lag_0': 0.5753498674136154, 'lag_1': 0.05310286780785659, 'lag_2': 0.6517530054528504, 'lag_3': 0.6423989851278357, 'lag_4': 0.8022034755513708, 'lag_5': 0.6668029816310252, 'lag_6': 0.2101304502183779, 'lag_7': 0.399541840063662, 'lag_8': 0.7779982428508789, 'lag_9': 0.45107964706787235, 'lag_10': 0.9554402671928598, 'lag_11': 0.9860217740802928, 'lag_12': 0.4004285456922014, 'lag_13': 0.7354389924955286, 'lag_14': 0.01358024380306408, 'lag_15': 0.16231015958643996, 'lag_16': 0.9974004620736678, 'lag_17': 0.47367141270364793, 'lag_18': 0.34442835114999454, 'lag_19': 0.06870872424254307, 'lag_20': 0.9895867232957197, 'lag_21': 0.4589451656883769, 'lag_22': 0.2815615459929642, 'lag_23': 0.9251319506315583, 'lag_24': 0.3285694569726443, 'lag_25': 0.679358004628333, 'lag_26': 0.031084946405187094, 'lag_27': 0.12847791063829225, 'lag_28': 0.3405443343364335}.
[I 2025-10-03 11:35:57,987] Trial 8 finished with values: [0.007419344157349256, 0.002560514889021138, 0.0020232141162723058, 0.0015365629143164357, 0.001818233487609709, 0.0013429305632538084, 0.00048695827063178495, 0.0004125467333819358, 0.00195827718284283, 0.0011281669839218393, 0.00014030239490622697, 0.00048228054632912926, 0.002401830991925579, 0.03128454665607763, 0.0, 0.02456977149036473, 0.0019071477978776015, 0.0004560564544792239, 0.00021127531531005072, 0.0031662232423217787, 0.006432400634832658, 0.006013693926840315, 8.393577938854216e-05, 0.0014171100989926575, 0.0007536565013974309, 0.0006099659193826047, 0.00015499681306328046, 0.0004254166649830659, 0.0016982227472717964] and parameters: {'lag_0': 0.8142474772939804, 'lag_1': 0.9894168332908064, 'lag_2': 0.40974477220374206, 'lag_3': 0.9004557490946627, 'lag_4': 0.04252752518393052, 'lag_5': 0.8014830917752271, 'lag_6': 0.5814469995445204, 'lag_7': 0.7938096508908156, 'lag_8': 0.9409600884535964, 'lag_9': 0.05214736636254245, 'lag_10': 0.794966416904867, 'lag_11': 0.6726030885511419, 'lag_12': 0.28410954934584215, 'lag_13': 0.5557202594174772, 'lag_14': 0.8281447818600947, 'lag_15': 0.04204426557954162, 'lag_16': 0.48315995995157107, 'lag_17': 0.14212628509743958, 'lag_18': 0.6841128606807491, 'lag_19': 0.6734970176631742, 'lag_20': 0.3121659057556405, 'lag_21': 0.9455479090180071, 'lag_22': 0.29691903486292154, 'lag_23': 0.4112779865696651, 'lag_24': 0.8591644957297618, 'lag_25': 0.1299162151431485, 'lag_26': 0.3659202451329891, 'lag_27': 0.4055757683785306, 'lag_28': 0.8436854183505273}.
[I 2025-10-03 11:36:00,605] Trial 9 finished with values: [0.0069880949996327674, 0.002613684386113431, 0.002026531702161654, 0.0007653420213093903, 0.0014041669192254237, 0.0023022140048554315, 0.00102175666867593, 9.56005841813007e-05, 0.0033561106238869424, 0.001312247027067355, 0.0004360084310949689, 0.00023559394132547737, 0.002968806990791988, 0.03218195735944773, 0.0, 0.021791247613356164, 0.002435775196127074, 0.0004416363546956699, 0.00028368571836156825, 0.003703107009406948, 0.0056152815999058634, 0.004952704408465965, 0.0002686591211866382, 0.0007545241548767594, 0.0006808942627207901, 0.0013305674062555177, 0.0005257800203293972, 0.0013692717887805073, 0.0017148485150535644] and parameters: {'lag_0': 0.6214502643225148, 'lag_1': 0.36488615051622686, 'lag_2': 0.9979999019705306, 'lag_3': 0.2062810353791755, 'lag_4': 0.5506166009023831, 'lag_5': 0.6098976748452118, 'lag_6': 0.10914011277525508, 'lag_7': 0.08003090779568034, 'lag_8': 0.3381268322714059, 'lag_9': 0.032629661971609554, 'lag_10': 0.06636462165605489, 'lag_11': 0.7107802383493326, 'lag_12': 0.025503077715687123, 'lag_13': 0.5413912309365647, 'lag_14': 0.6888501596729262, 'lag_15': 0.6892554780123296, 'lag_16': 0.146516798160107, 'lag_17': 0.6212249747968774, 'lag_18': 0.5537033986347426, 'lag_19': 0.5460470755235632, 'lag_20': 0.9825409189315464, 'lag_21': 0.3629554203118436, 'lag_22': 0.2427450932117555, 'lag_23': 0.5830050495370069, 'lag_24': 0.7611767241279531, 'lag_25': 0.45293388313636224, 'lag_26': 0.3105620914688481, 'lag_27': 0.6093408507683075, 'lag_28': 0.23170986597765328}.
[I 2025-10-03 11:36:03,263] Trial 10 finished with values: [0.00865332612222823, 0.0012789814833669986, 0.0006779615553202824, 0.00024346509839862318, 0.001350470629534114, 0.0012026802514668454, 0.0004978606168852557, 0.00024224531293744485, 0.003224321543531649, 0.0015241538571733688, 0.0005467738652548237, 7.25385362847512e-05, 0.002722492889977058, 0.030039607909535783, 0.0, 0.02091808673932468, 0.002179487649225084, 0.0006333167151917841, 0.0003932635917659801, 0.00377129989713323, 0.004979527341857748, 0.00625393206829418, 0.0002924813959981381, 0.0011172689997943186, 0.0006713477135088973, 0.0006774237256232749, 0.0004316457102451447, 0.000503129339597881, 0.0022793345146948753] and parameters: {'lag_0': 0.3630576763860403, 'lag_1': 0.7736630495804683, 'lag_2': 0.156533837810471, 'lag_3': 0.5637775703483351, 'lag_4': 0.17241688802659, 'lag_5': 0.4977709344251165, 'lag_6': 0.20975196196700574, 'lag_7': 0.5170365149231316, 'lag_8': 0.8739234011355461, 'lag_9': 0.39356048547709477, 'lag_10': 0.06273170035569733, 'lag_11': 0.28331234611813294, 'lag_12': 0.8495909647975393, 'lag_13': 0.6988904301564602, 'lag_14': 0.19160465706002192, 'lag_15': 0.24460396939512294, 'lag_16': 0.3485722689710464, 'lag_17': 0.5047813063049277, 'lag_18': 0.831208526452746, 'lag_19': 0.3259242800214879, 'lag_20': 0.9948237919525329, 'lag_21': 0.35676143489535544, 'lag_22': 0.5639722210399715, 'lag_23': 0.34989478289263737, 'lag_24': 0.1260429031409846, 'lag_25': 0.29439559167974094, 'lag_26': 0.3376652057327221, 'lag_27': 0.35766610685710987, 'lag_28': 0.9264836119441614}.
[I 2025-10-03 11:36:05,877] Trial 11 finished with values: [0.009211465657111952, 0.0015265727205173818, 0.001100510811288944, 0.0009698168184630634, 0.001257489681463946, 0.0010901739719456547, 0.0006667583498011452, 0.00021596686124567707, 0.0025178523027316446, 0.0011887320343021393, 0.0003019469285376432, 0.00012799968729432974, 0.0025674930416726078, 0.029120044712328774, 0.0, 0.021116044304518876, 0.00289523394355334, 0.000177340890471505, 0.0004614451049192956, 0.002431697389067286, 0.004771353665580668, 0.006222994661619094, 0.0006811961718775426, 0.0009486353745789065, 0.0005900149502121998, 0.001404266243146115, 0.0003169287358816138, 0.0023415661252977017, 0.0009299314164370983] and parameters: {'lag_0': 0.4078735363918494, 'lag_1': 0.15209266759234383, 'lag_2': 0.6191282472160626, 'lag_3': 0.490716625057927, 'lag_4': 0.14430613823628716, 'lag_5': 0.4342336324405959, 'lag_6': 0.1443002393194408, 'lag_7': 0.06743254220217018, 'lag_8': 0.1308816603191185, 'lag_9': 0.5638086785785651, 'lag_10': 0.07525400984794126, 'lag_11': 0.07866293381550855, 'lag_12': 0.2778388612742775, 'lag_13': 0.8936439238431815, 'lag_14': 0.042904618634756087, 'lag_15': 0.010336149289109716, 'lag_16': 0.349652812931467, 'lag_17': 0.3200232263407438, 'lag_18': 0.647905533441755, 'lag_19': 0.5990363774530804, 'lag_20': 0.5340029040685923, 'lag_21': 0.8578702047857418, 'lag_22': 0.41863809451649103, 'lag_23': 0.7478208126168201, 'lag_24': 0.9383453302887517, 'lag_25': 0.5389770219424804, 'lag_26': 0.9637794988858958, 'lag_27': 0.5143545004559265, 'lag_28': 0.2431991920594937}.
[I 2025-10-03 11:36:08,488] Trial 12 finished with values: [0.00865332612222823, 0.0019356680693519749, 0.0016510102200637175, 0.0013912644217468537, 0.0006841569950693111, 0.0005556235128043264, 0.0006086347398206978, 0.0007741340167600188, 0.0024704200433528574, 0.0008885859159300294, 0.0007097031442868734, 0.000357829307920644, 0.0029943057866344647, 0.03192690182478679, 0.0, 0.018435210299244092, 0.0036651150859707436, 0.0003140227032000588, 0.00026572817934843163, 0.0022580929822267172, 0.006545534096391581, 0.005369362515701647, 0.00043026219102062883, 0.002201575622063798, 0.0005842006119434783, 0.0007762110554649546, 0.0005815779836886106, 0.0010754320015829793, 0.003401643990929705] and parameters: {'lag_0': 0.6912899772432666, 'lag_1': 0.004418703844841018, 'lag_2': 0.30284422158320135, 'lag_3': 0.905641746372281, 'lag_4': 0.5448178311544197, 'lag_5': 0.05554072779404214, 'lag_6': 0.469727714789843, 'lag_7': 0.14410962821641593, 'lag_8': 0.6505218057113014, 'lag_9': 0.20300099151817175, 'lag_10': 0.4230935239663567, 'lag_11': 0.2495842978773215, 'lag_12': 0.11026706600098923, 'lag_13': 0.4410290929422588, 'lag_14': 0.22694889386860495, 'lag_15': 0.04843279047926101, 'lag_16': 0.8818651846646091, 'lag_17': 0.2953197226516513, 'lag_18': 0.8493718986374286, 'lag_19': 0.8046591352397293, 'lag_20': 0.1222253407180314, 'lag_21': 0.6984990275492453, 'lag_22': 0.8638219764792575, 'lag_23': 0.14455042718411348, 'lag_24': 0.5759421735452078, 'lag_25': 0.7096612185857399, 'lag_26': 0.766843538586547, 'lag_27': 0.421533326979313, 'lag_28': 0.7235456821620262}.
[I 2025-10-03 11:36:11,111] Trial 13 finished with values: [0.00865332612222823, 0.002541926287544627, 0.0006045966917414816, 0.0010070003787108963, 0.0017215567551777736, 0.0003638373434210776, 0.00037947617893603386, 9.196861265132431e-05, 0.0021894568190039478, 0.000658931401822754, 0.0004232318516066961, 0.0003799149178003327, 0.00268765434192266, 0.02853035612493997, 0.0, 0.016565958346442665, 0.002344754207468103, 0.0005166979719387068, 0.0004310075318572644, 0.0027437924268971497, 0.003935748169519414, 0.005361013761904633, 0.0003118780129881504, 0.0012647090281341815, 0.00046222816783390646, 0.0012163561101484323, 0.000532001026636813, 0.0012843144674397166, 0.0012096623210830365] and parameters: {'lag_0': 0.36596597609702375, 'lag_1': 0.49259470443239883, 'lag_2': 0.6481183471314307, 'lag_3': 0.7643466540116658, 'lag_4': 0.8269114421510337, 'lag_5': 0.8618434856134801, 'lag_6': 0.5897261609683254, 'lag_7': 0.14108913631320327, 'lag_8': 0.783368454376797, 'lag_9': 0.8841058730915586, 'lag_10': 0.7309446697360693, 'lag_11': 0.1918248720062753, 'lag_12': 0.9732357365271355, 'lag_13': 0.7347553756224802, 'lag_14': 0.28181043798148625, 'lag_15': 0.5787300754724315, 'lag_16': 0.8711870775456599, 'lag_17': 0.2226394568781342, 'lag_18': 0.04819577203638968, 'lag_19': 0.5993223699374024, 'lag_20': 0.22892240767037678, 'lag_21': 0.14189372039702244, 'lag_22': 0.2938154701240843, 'lag_23': 0.1804225380571664, 'lag_24': 0.7681193826007231, 'lag_25': 0.9597903819856642, 'lag_26': 0.3864263703469559, 'lag_27': 0.5701750400404003, 'lag_28': 0.46475695826825175}.
[I 2025-10-03 11:36:13,725] Trial 14 finished with values: [0.009211465657111952, 0.0022071495470575393, 0.000543859141922313, 0.00015970616681046731, 0.0012288669897811864, 0.0009895009750356678, 0.00022519121953629463, 0.00022733469796911367, 0.0036164692562100365, 0.0005996913120307594, 0.00047073785651929043, 0.00036698238410381556, 0.0031199100304875613, 0.03054835586142176, 0.0, 0.019366597641274387, 0.002900690980949662, 0.0005624155999290361, 0.0004867535865500163, 0.0018175475090919495, 0.005212020035034034, 0.007087325857453244, 0.0005023666650272229, 0.0014281045996488806, 0.0009494603432770215, 0.0011812183533994236, 0.0006256951191766422, 0.0028858744011246206, 0.0029938641222950085] and parameters: {'lag_0': 0.22242896318781413, 'lag_1': 0.06896070676966849, 'lag_2': 0.050794789724390804, 'lag_3': 0.5070829306366093, 'lag_4': 0.4716143593840047, 'lag_5': 0.014800458737988489, 'lag_6': 0.9315832842104353, 'lag_7': 0.06192942842852917, 'lag_8': 0.6202242309836793, 'lag_9': 0.3511076761627778, 'lag_10': 0.0867208677811734, 'lag_11': 0.30659230459859427, 'lag_12': 0.20763414136617833, 'lag_13': 0.179296814994587, 'lag_14': 0.06326394925454121, 'lag_15': 0.03527159360049877, 'lag_16': 0.7899563159173677, 'lag_17': 0.2019307022077987, 'lag_18': 0.949479448696178, 'lag_19': 0.0010108322919981623, 'lag_20': 0.5024495462950375, 'lag_21': 0.07852083574732444, 'lag_22': 0.5867985200803075, 'lag_23': 0.23125618102031859, 'lag_24': 0.3960791848896599, 'lag_25': 0.5320086041018369, 'lag_26': 0.1398263175181363, 'lag_27': 0.3874379609656909, 'lag_28': 0.3154149847138627}.
[I 2025-10-03 11:36:16,507] Trial 15 finished with values: [0.00865332612222823, 0.0019068551373546607, 0.0005663952252010574, 0.0005208888563911678, 0.003118935976820321, 0.0005093446489266818, 0.00031469883073607555, 0.0001915851999460589, 0.0025585632885329196, 0.0010659291244880572, 0.0006289650886278788, 0.00041268184226625585, 0.003077033250641633, 0.028328432474458272, 0.0, 0.018574174787427573, 0.0023482529600135503, 0.001605584536877805, 0.0002105530839803632, 0.0024038692350474666, 0.00612286676743101, 0.005443572500933888, 0.0004748650315397122, 0.0015554920547161534, 0.0009873915651980683, 0.0015277885858060436, 0.0005688179240728089, 0.00246246693900749, 0.0014343112244897959] and parameters: {'lag_0': 0.76081370823197, 'lag_1': 0.8732656188335005, 'lag_2': 0.2746045261890208, 'lag_3': 0.5266674488143199, 'lag_4': 0.24860901843998973, 'lag_5': 0.6270533474400927, 'lag_6': 0.6701274601960343, 'lag_7': 0.11326031292237933, 'lag_8': 0.829516779275846, 'lag_9': 0.2522474223153674, 'lag_10': 0.32621613471219457, 'lag_11': 0.14320639771467528, 'lag_12': 0.42699560102010764, 'lag_13': 0.7702797388673581, 'lag_14': 0.5459245217042339, 'lag_15': 0.3288674929765497, 'lag_16': 0.6513208359282491, 'lag_17': 0.885473378771232, 'lag_18': 0.03049883707645192, 'lag_19': 0.9595104965116398, 'lag_20': 0.2609938891462751, 'lag_21': 0.850570472477644, 'lag_22': 0.9135560320530723, 'lag_23': 0.34205330032998127, 'lag_24': 0.9559947544561995, 'lag_25': 0.6876149344481356, 'lag_26': 0.04304965013917112, 'lag_27': 0.34655720751870467, 'lag_28': 0.5857554011103921}.
