[I 2025-09-29 11:56:51,418] Trial 25 finished with value: 0.011561364068978803 and parameters: {'lag_0': 0.7869881230490321, 'lag_1': 0.06130740185586408, 'lag_2': 0.5065748283043454, 'lag_3': 0.5798675934209397, 'lag_4': 0.664480304342836, 'lag_5': 0.7190161318468999, 'lag_6': 0.48683529558494354, 'lag_7': 0.8389798896358451, 'lag_8': 0.5281347595069261, 'lag_9': 0.08075861959853686, 'lag_10': 0.48100479983170286, 'lag_11': 0.4988425104108228, 'lag_12': 0.8475833726919674, 'lag_13': 0.42708858750868633, 'lag_14': 0.49590358229533527, 'lag_15': 0.09082256487531898, 'lag_16': 0.6436890826861897, 'lag_17': 0.8074690746912805, 'lag_18': 0.7823727670427032, 'lag_19': 0.5848262481032189, 'lag_20': 0.16700395673379098, 'lag_21': 0.2727901736407576, 'lag_22': 0.07610667372094865, 'lag_23': 0.7767275594396787, 'lag_24': 0.8688705423663825, 'lag_25': 0.7618730617846085, 'lag_26': 0.5620946311608643, 'lag_27': 0.0026180995109908456, 'lag_28': 0.6980687091440724}. Best is trial 12 with value: 0.011325644823139889.
[I 2025-09-29 11:56:53,768] Trial 26 finished with value: 0.011326673607035471 and parameters: {'lag_0': 0.5560980919048217, 'lag_1': 0.2727942094073528, 'lag_2': 0.769049669995918, 'lag_3': 0.2625736550338784, 'lag_4': 0.15412647172695054, 'lag_5': 0.561445566144106, 'lag_6': 0.15672499618545344, 'lag_7': 0.7976362383337583, 'lag_8': 0.7402668359325965, 'lag_9': 0.17154172670047094, 'lag_10': 0.8057958729106232, 'lag_11': 0.7921944332708434, 'lag_12': 0.9250972300283603, 'lag_13': 0.3198369110303042, 'lag_14': 0.38822357890453507, 'lag_15': 0.4503293600555337, 'lag_16': 0.7749285842014244, 'lag_17': 0.4785182081777507, 'lag_18': 0.5916393854971972, 'lag_19': 0.8307590336424849, 'lag_20': 0.45661265750087465, 'lag_21': 0.08501911576730903, 'lag_22': 0.8037760447748634, 'lag_23': 0.6124878844027982, 'lag_24': 0.7227789245284016, 'lag_25': 0.9570104378614177, 'lag_26': 0.694599913718602, 'lag_27': 0.23488729420016508, 'lag_28': 0.3777772982800307}. Best is trial 12 with value: 0.011325644823139889.
[I 2025-09-29 11:56:56,117] Trial 27 finished with value: 0.011401126353356841 and parameters: {'lag_0': 0.6958450529204312, 'lag_1': 0.2812269468006536, 'lag_2': 0.9317470258261068, 'lag_3': 0.25044172209849547, 'lag_4': 0.16188012695170423, 'lag_5': 0.5353657606677096, 'lag_6': 0.7439748843157984, 'lag_7': 0.6493437159150773, 'lag_8': 0.7471218364129889, 'lag_9': 0.2064771374281424, 'lag_10': 0.7890466685751278, 'lag_11': 0.7163171023199915, 'lag_12': 0.6881004334025878, 'lag_13': 0.5872486120632755, 'lag_14': 0.40541792602319165, 'lag_15': 0.4583672669335443, 'lag_16': 0.758169301139678, 'lag_17': 0.4312399712272848, 'lag_18': 0.557337214252827, 'lag_19': 0.8281906763591428, 'lag_20': 0.31281134068772526, 'lag_21': 0.09351471604993772, 'lag_22': 0.46271082616117254, 'lag_23': 0.5779284144898158, 'lag_24': 0.6637491057969209, 'lag_25': 0.2943282367280456, 'lag_26': 0.4334738733542738, 'lag_27': 0.41413288291913647, 'lag_28': 0.36210062723716585}. Best is trial 12 with value: 0.011325644823139889.
[I 2025-09-29 11:56:58,471] Trial 28 finished with value: 0.011727271122783977 and parameters: {'lag_0': 0.5053634758037937, 'lag_1': 0.41502488862032205, 'lag_2': 0.805312240047432, 'lag_3': 0.08231396545953523, 'lag_4': 0.2693064633326414, 'lag_5': 0.4155313233265364, 'lag_6': 0.16831212197293718, 'lag_7': 0.46489143122421595, 'lag_8': 0.9921420752920775, 'lag_9': 0.9612656708649964, 'lag_10': 0.8814397119147013, 'lag_11': 0.8060671046299478, 'lag_12': 0.5417368197173171, 'lag_13': 0.3393654501690928, 'lag_14': 0.5836436950770117, 'lag_15': 0.5956884047022414, 'lag_16': 0.8824319374034626, 'lag_17': 0.8862781284954405, 'lag_18': 0.4683087246246871, 'lag_19': 0.7422987209664175, 'lag_20': 0.4725364008285308, 'lag_21': 0.1200113130975724, 'lag_22': 0.6100236712241721, 'lag_23': 0.48073178644423964, 'lag_24': 0.5333225166802766, 'lag_25': 0.9903640502892599, 'lag_26': 0.5278626925989144, 'lag_27': 0.24128643068493122, 'lag_28': 0.002603676318696513}. Best is trial 12 with value: 0.011325644823139889.
[I 2025-09-29 11:57:00,827] Trial 29 finished with value: 0.011642502212506862 and parameters: {'lag_0': 0.9059014388447564, 'lag_1': 0.20579103887068234, 'lag_2': 0.8821510758570082, 'lag_3': 0.26771485286731417, 'lag_4': 0.10579877153136186, 'lag_5': 0.6146214067066529, 'lag_6': 0.33511790659326446, 'lag_7': 0.7838956007578516, 'lag_8': 0.9087011864739039, 'lag_9': 0.08573451881882134, 'lag_10': 0.5699091557650018, 'lag_11': 0.9799802739784258, 'lag_12': 0.7963875481990732, 'lag_13': 0.46784055901376326, 'lag_14': 0.2161359920843252, 'lag_15': 0.47809330269663464, 'lag_16': 0.5720711967085419, 'lag_17': 0.9774396856292304, 'lag_18': 0.3757167757003782, 'lag_19': 0.34029118614479614, 'lag_20': 0.6795320276411131, 'lag_21': 0.215314755338267, 'lag_22': 0.7980171595831975, 'lag_23': 0.15292431702992862, 'lag_24': 0.38639981868075246, 'lag_25': 0.8999716372736691, 'lag_26': 0.6541633817040547, 'lag_27': 0.5061609734648809, 'lag_28': 0.9220923534921978}. Best is trial 12 with value: 0.011325644823139889.
[I 2025-09-29 11:57:03,168] Trial 30 finished with value: 0.011586177936572743 and parameters: {'lag_0': 0.9857672868800522, 'lag_1': 0.28959113256473773, 'lag_2': 0.789487237239341, 'lag_3': 0.3950884469084821, 'lag_4': 0.11807121192168744, 'lag_5': 0.468235538091168, 'lag_6': 0.4793123978701984, 'lag_7': 0.5596005831546645, 'lag_8': 0.7091414120029587, 'lag_9': 0.16895705217079826, 'lag_10': 0.6463358532884315, 'lag_11': 0.6522634911746866, 'lag_12': 0.9926829903243372, 'lag_13': 0.26892457267583036, 'lag_14': 0.5061129422367269, 'lag_15': 0.8472742465939971, 'lag_16': 0.7831223014764772, 'lag_17': 0.7630545709857747, 'lag_18': 0.6008700975627674, 'lag_19': 0.5803228341812419, 'lag_20': 0.19023405181423403, 'lag_21': 0.06917353145865196, 'lag_22': 0.10192387414617027, 'lag_23': 0.32123159928833384, 'lag_24': 0.7109738756165679, 'lag_25': 0.17985506052062983, 'lag_26': 0.37274414707178105, 'lag_27': 0.3120264680028776, 'lag_28': 0.3827956686969812}. Best is trial 12 with value: 0.011325644823139889.
[I 2025-09-29 11:57:05,506] Trial 31 finished with value: 0.011521515770058444 and parameters: {'lag_0': 0.582935295419704, 'lag_1': 0.16468725146311622, 'lag_2': 0.6983025238733728, 'lag_3': 0.5055059477484574, 'lag_4': 0.02961185711741167, 'lag_5': 0.8554621431531483, 'lag_6': 0.15395935279839282, 'lag_7': 0.8888638473534909, 'lag_8': 0.5953209817723768, 'lag_9': 0.3050963741268565, 'lag_10': 0.7837674259680074, 'lag_11': 0.7860917955343278, 'lag_12': 0.9212620012401814, 'lag_13': 0.20052199128847806, 'lag_14': 0.2975555996726163, 'lag_15': 0.3363758424115323, 'lag_16': 0.6754826035324213, 'lag_17': 0.5206569597420259, 'lag_18': 0.8263712670019269, 'lag_19': 0.9291719258363319, 'lag_20': 0.4584776115749011, 'lag_21': 0.3766746868351645, 'lag_22': 0.856236297617585, 'lag_23': 0.7606530493419099, 'lag_24': 0.9333956146603778, 'lag_25': 0.9271884173088305, 'lag_26': 0.8488905384683267, 'lag_27': 0.14852413195584774, 'lag_28': 0.4368489255864436}. Best is trial 12 with value: 0.011325644823139889.
[I 2025-09-29 11:57:07,852] Trial 32 finished with value: 0.011554540899658416 and parameters: {'lag_0': 0.6068426327775202, 'lag_1': 0.38265031531248844, 'lag_2': 0.7665600066164023, 'lag_3': 0.6963746910745653, 'lag_4': 0.2767065502831336, 'lag_5': 0.8885724938157726, 'lag_6': 0.011131636359191989, 'lag_7': 0.9486571689694221, 'lag_8': 0.48490154227231397, 'lag_9': 0.0724255350401899, 'lag_10': 0.9459286104206827, 'lag_11': 0.4245835250859903, 'lag_12': 0.88496339135736, 'lag_13': 0.1079093073905979, 'lag_14': 0.3449140242204692, 'lag_15': 0.23346298469444826, 'lag_16': 0.4467455485558339, 'lag_17': 0.3591867982548802, 'lag_18': 0.9242936421689876, 'lag_19': 0.9301133744711712, 'lag_20': 0.5557311607920397, 'lag_21': 0.47556019141707906, 'lag_22': 0.9191336125690278, 'lag_23': 0.9356418905972521, 'lag_24': 0.8358411743687936, 'lag_25': 0.8004218799774889, 'lag_26': 0.6763247403533623, 'lag_27': 0.20723149241135697, 'lag_28': 0.5429132128829213}. Best is trial 12 with value: 0.011325644823139889.
[I 2025-09-29 11:57:10,206] Trial 33 finished with value: 0.011571383978139933 and parameters: {'lag_0': 0.6967756978244449, 'lag_1': 0.0661383434789613, 'lag_2': 0.87372686054291, 'lag_3': 0.20739995534132183, 'lag_4': 0.4354305648098914, 'lag_5': 0.6870774649946988, 'lag_6': 0.005118450371178765, 'lag_7': 0.3375655590977358, 'lag_8': 0.8492633511992294, 'lag_9': 0.3720387366908863, 'lag_10': 0.7409710327636795, 'lag_11': 0.5291795994180776, 'lag_12': 0.3364344161931999, 'lag_13': 0.3434742274580945, 'lag_14': 0.18112628792717284, 'lag_15': 0.021565699377818492, 'lag_16': 0.8710206359386286, 'lag_17': 0.6876224996734541, 'lag_18': 0.6741012574160435, 'lag_19': 0.8372754198450765, 'lag_20': 0.44569420164874174, 'lag_21': 0.30355624143057963, 'lag_22': 0.7972123982048009, 'lag_23': 0.46652893324278616, 'lag_24': 0.5350228345349692, 'lag_25': 0.991150452725104, 'lag_26': 0.7244830482657417, 'lag_27': 0.06461094046910765, 'lag_28': 0.32461785498162343}. Best is trial 12 with value: 0.011325644823139889.
[I 2025-09-29 11:57:12,552] Trial 34 finished with value: 0.011477950575443143 and parameters: {'lag_0': 0.6425972451454717, 'lag_1': 0.3137782227972249, 'lag_2': 0.6717141954935277, 'lag_3': 0.4504258312617349, 'lag_4': 0.570129841753932, 'lag_5': 0.7990741806444315, 'lag_6': 0.10257244235413113, 'lag_7': 0.6837307608409466, 'lag_8': 0.361700231420485, 'lag_9': 0.17390474195184322, 'lag_10': 0.4028140181548883, 'lag_11': 0.4619070199701756, 'lag_12': 0.45495074644566896, 'lag_13': 0.015691876178572595, 'lag_14': 0.26799886934884404, 'lag_15': 0.19491155493218665, 'lag_16': 0.5988547547632473, 'lag_17': 0.49518638496487405, 'lag_18': 0.605708047741209, 'lag_19': 0.744942738492907, 'lag_20': 0.33403469522849333, 'lag_21': 0.40960385909382757, 'lag_22': 0.7603843013610267, 'lag_23': 0.810634857587379, 'lag_24': 0.00031640775960606327, 'lag_25': 0.5718034051316182, 'lag_26': 0.2814956539650835, 'lag_27': 0.2664310934189833, 'lag_28': 0.17259652908417328}. Best is trial 12 with value: 0.011325644823139889.
[I 2025-09-29 11:57:14,898] Trial 35 finished with value: 0.011409116034303158 and parameters: {'lag_0': 0.43513394065111655, 'lag_1': 0.019315123956394536, 'lag_2': 0.5910800220344965, 'lag_3': 0.09351177175412109, 'lag_4': 0.7166033275166529, 'lag_5': 0.5873432435404995, 'lag_6': 0.27234200385117213, 'lag_7': 0.8209133480880882, 'lag_8': 0.2237046920369155, 'lag_9': 0.42185101307626593, 'lag_10': 0.3041985478510927, 'lag_11': 0.8098840069546511, 'lag_12': 0.5625907989421903, 'lag_13': 0.08341411686393249, 'lag_14': 0.428951943656176, 'lag_15': 0.31076362482506864, 'lag_16': 0.13400952871788163, 'lag_17': 0.23709420387682317, 'lag_18': 0.3859974734880882, 'lag_19': 0.6876942324986104, 'lag_20': 0.06429900167563346, 'lag_21': 0.6403487537606756, 'lag_22': 0.9158252599136085, 'lag_23': 0.684808116790331, 'lag_24': 0.7021833404489144, 'lag_25': 0.8348818164712217, 'lag_26': 0.4692255819106925, 'lag_27': 0.3871248450394447, 'lag_28': 0.9153740062872215}. Best is trial 12 with value: 0.011325644823139889.
[I 2025-09-29 11:57:17,251] Trial 36 finished with value: 0.011745995904995764 and parameters: {'lag_0': 0.5722817899089263, 'lag_1': 0.5452291387166885, 'lag_2': 0.7579214204666989, 'lag_3': 0.7074437953518736, 'lag_4': 0.009979458854804973, 'lag_5': 0.9972001711742638, 'lag_6': 0.3773006682491425, 'lag_7': 0.25958063585777136, 'lag_8': 0.6373817511623667, 'lag_9': 0.2781946549288038, 'lag_10': 0.5557268921698383, 'lag_11': 0.6641294318008476, 'lag_12': 0.9535820376589786, 'lag_13': 0.21978292577810274, 'lag_14': 0.09232898423732355, 'lag_15': 0.11646103413541681, 'lag_16': 0.516656090433196, 'lag_17': 0.3512089258586775, 'lag_18': 0.5175883738427539, 'lag_19': 0.534208364224665, 'lag_20': 0.6680928338295864, 'lag_21': 0.1765249034266302, 'lag_22': 0.9909536213511099, 'lag_23': 0.5335541175703455, 'lag_24': 0.9325072868781767, 'lag_25': 0.888383784387456, 'lag_26': 0.17846088227996104, 'lag_27': 0.5045861763812877, 'lag_28': 0.17814704256134362}. Best is trial 12 with value: 0.011325644823139889.
[I 2025-09-29 11:57:19,594] Trial 37 finished with value: 0.011562482183879574 and parameters: {'lag_0': 0.17104278624730312, 'lag_1': 0.17519495738520868, 'lag_2': 0.07965629063485591, 'lag_3': 0.6208870619373105, 'lag_4': 0.4028839139656031, 'lag_5': 0.8888545306655591, 'lag_6': 0.6009606221567174, 'lag_7': 0.9254509319824314, 'lag_8': 0.454190170233196, 'lag_9': 0.5368036189807232, 'lag_10': 0.6106467945257066, 'lag_11': 0.9248650094705964, 'lag_12': 0.19063801093144128, 'lag_13': 0.5486819519689958, 'lag_14': 0.3754634672558379, 'lag_15': 0.7462781319427192, 'lag_16': 0.005047534508341417, 'lag_17': 0.5881694535943249, 'lag_18': 0.747423525603348, 'lag_19': 0.9458782602630796, 'lag_20': 0.5544673458817407, 'lag_21': 0.7813865934183197, 'lag_22': 0.2515061253157913, 'lag_23': 0.6186713903867005, 'lag_24': 0.27502583179140466, 'lag_25': 0.6551451233757587, 'lag_26': 0.9471864868099508, 'lag_27': 0.9749171332493929, 'lag_28': 0.2830778016995931}. Best is trial 12 with value: 0.011325644823139889.
[I 2025-09-29 11:57:21,949] Trial 38 finished with value: 0.011575280318257723 and parameters: {'lag_0': 0.8292613415144638, 'lag_1': 0.24643913667720257, 'lag_2': 0.8438269404806806, 'lag_3': 0.3920947405314666, 'lag_4': 0.625074436143721, 'lag_5': 0.9366855792338433, 'lag_6': 0.43246243471759976, 'lag_7': 0.09875713859764568, 'lag_8': 0.08804168749859195, 'lag_9': 0.0609725700481719, 'lag_10': 0.7194926182627085, 'lag_11': 0.5669475077652261, 'lag_12': 0.6856201573683716, 'lag_13': 0.7257786321278915, 'lag_14': 0.6855339652261478, 'lag_15': 0.5762134059040589, 'lag_16': 0.7174061299991622, 'lag_17': 0.9097053216097968, 'lag_18': 0.04049021563454436, 'lag_19': 0.6261659705804261, 'lag_20': 0.307878492321245, 'lag_21': 0.506443700393326, 'lag_22': 0.5874006383405792, 'lag_23': 0.8970008734023056, 'lag_24': 0.7861703298971926, 'lag_25': 0.7021115053216531, 'lag_26': 0.666188733664056, 'lag_27': 0.1072761353729697, 'lag_28': 0.8291717645264978}. Best is trial 12 with value: 0.011325644823139889.
[I 2025-09-29 11:57:24,303] Trial 39 finished with value: 0.011733586009547523 and parameters: {'lag_0': 0.4810051214687916, 'lag_1': 0.1009824567449479, 'lag_2': 0.9989648582933218, 'lag_3': 0.2867168327196401, 'lag_4': 0.23810394634765808, 'lag_5': 0.7726982689083981, 'lag_6': 0.9903859678510709, 'lag_7': 0.40930079271657477, 'lag_8': 0.6991749059983773, 'lag_9': 0.3680871204436409, 'lag_10': 0.16168283754585805, 'lag_11': 0.1375516199496774, 'lag_12': 0.793352971494532, 'lag_13': 0.29235509439103524, 'lag_14': 0.46555690154541174, 'lag_15': 0.6822610371843905, 'lag_16': 0.3064568087754061, 'lag_17': 0.28659781258643074, 'lag_18': 0.9451265759989032, 'lag_19': 0.9981836847120917, 'lag_20': 0.7784451321721547, 'lag_21': 0.0604241013932644, 'lag_22': 0.6381633730091899, 'lag_23': 0.8144842669127447, 'lag_24': 0.9955797919676298, 'lag_25': 0.5972805553290967, 'lag_26': 0.8494179524841055, 'lag_27': 0.6920262914921458, 'lag_28': 0.9419800776547931}. Best is trial 12 with value: 0.011325644823139889.
[I 2025-09-29 11:57:26,656] Trial 40 finished with value: 0.011545172241100913 and parameters: {'lag_0': 0.34136909917012276, 'lag_1': 0.18146939179999222, 'lag_2': 0.3668705303086722, 'lag_3': 0.5638450537864423, 'lag_4': 0.5377174451624658, 'lag_5': 0.22284941729392055, 'lag_6': 0.7484529608880112, 'lag_7': 0.800046319113506, 'lag_8': 0.5886562361610395, 'lag_9': 0.1252532085615714, 'lag_10': 0.4398853150701159, 'lag_11': 0.861897091767033, 'lag_12': 0.9061212403952572, 'lag_13': 0.15769020817643697, 'lag_14': 0.5727609503458604, 'lag_15': 0.9550732768357376, 'lag_16': 0.21982316116930622, 'lag_17': 0.4512678553345243, 'lag_18': 0.8132663481948846, 'lag_19': 0.8750495405917014, 'lag_20': 0.4246237254498333, 'lag_21': 0.984972993773628, 'lag_22': 0.15102806199337587, 'lag_23': 0.7231481823705848, 'lag_24': 0.7353519785110127, 'lag_25': 0.8021196106030877, 'lag_26': 0.5361122978211629, 'lag_27': 0.30509802023674537, 'lag_28': 0.7039584264444826}. Best is trial 12 with value: 0.011325644823139889.
[I 2025-09-29 11:57:29,006] Trial 41 finished with value: 0.011527171210414062 and parameters: {'lag_0': 0.6008080879335876, 'lag_1': 0.00015325127720140774, 'lag_2': 0.7244277044316306, 'lag_3': 0.531875657771614, 'lag_4': 0.48295425471780723, 'lag_5': 0.8076392011200569, 'lag_6': 0.17845637449470403, 'lag_7': 0.9980392827710525, 'lag_8': 0.3815410650114379, 'lag_9': 0.35810970556846045, 'lag_10': 0.3587729000371279, 'lag_11': 0.610229802443166, 'lag_12': 0.8400838760436237, 'lag_13': 0.18069281926003852, 'lag_14': 0.3442114028126521, 'lag_15': 0.16785416394201227, 'lag_16': 0.20149391914187878, 'lag_17': 0.5562300638609662, 'lag_18': 0.7587244325292386, 'lag_19': 0.9153523958061143, 'lag_20': 0.3546073650429307, 'lag_21': 0.378291765796118, 'lag_22': 0.7105563293308421, 'lag_23': 0.8744778047234634, 'lag_24': 0.793009739858811, 'lag_25': 0.7572430259276959, 'lag_26': 0.751161559259953, 'lag_27': 0.12872800978234927, 'lag_28': 0.647893643723841}. Best is trial 12 with value: 0.011325644823139889.
[I 2025-09-29 11:57:31,358] Trial 42 finished with value: 0.011599878588709877 and parameters: {'lag_0': 0.7176006217992719, 'lag_1': 0.09717646436272864, 'lag_2': 0.5507767323329984, 'lag_3': 0.4776050201659132, 'lag_4': 0.49760018356529934, 'lag_5': 0.913800996446136, 'lag_6': 0.14267838008472083, 'lag_7': 0.9941237821365861, 'lag_8': 0.3419215754281096, 'lag_9': 0.3028423798107714, 'lag_10': 0.8419591858815029, 'lag_11': 0.5934455906089756, 'lag_12': 0.8068070015492746, 'lag_13': 0.4418456809555447, 'lag_14': 0.2894027161153465, 'lag_15': 0.16308911442074228, 'lag_16': 0.22653023407134043, 'lag_17': 0.6250386947397517, 'lag_18': 0.6953123498688505, 'lag_19': 0.824523611518878, 'lag_20': 0.21831937104851276, 'lag_21': 0.4533316180807163, 'lag_22': 0.7340584810081437, 'lag_23': 0.9663462669866739, 'lag_24': 0.8119035086203769, 'lag_25': 0.948836829971413, 'lag_26': 0.8092449857556788, 'lag_27': 0.08418049587278957, 'lag_28': 0.6052194941599934}. Best is trial 12 with value: 0.011325644823139889.
[I 2025-09-29 11:57:33,852] Trial 43 finished with value: 0.011779121237488352 and parameters: {'lag_0': 0.6396606584644948, 'lag_1': 0.14077917618311425, 'lag_2': 0.6698239428821888, 'lag_3': 0.6575085011432105, 'lag_4': 0.13952208253835824, 'lag_5': 0.7183511028618036, 'lag_6': 0.2141077515744612, 'lag_7': 0.9301093055527345, 'lag_8': 0.26610474411511686, 'lag_9': 0.47191163631046695, 'lag_10': 0.32604612697100327, 'lag_11': 0.4779674665741025, 'lag_12': 0.959241230768362, 'lag_13': 0.37473794982690856, 'lag_14': 0.1938399792927379, 'lag_15': 0.40792926055393497, 'lag_16': 0.3972519131680596, 'lag_17': 0.6733001041426236, 'lag_18': 0.7250116673106759, 'lag_19': 0.9719173889284118, 'lag_20': 0.4065845262758163, 'lag_21': 0.326902242704524, 'lag_22': 0.5043671321312397, 'lag_23': 0.8541047818639583, 'lag_24': 0.9122693604695233, 'lag_25': 0.4257018554406269, 'lag_26': 0.7115694203826981, 'lag_27': 0.1769113655048541, 'lag_28': 0.5900775765970259}. Best is trial 12 with value: 0.011325644823139889.
[I 2025-09-29 11:57:36,217] Trial 44 finished with value: 0.011635632968554747 and parameters: {'lag_0': 0.7945488004710449, 'lag_1': 0.26923006485331846, 'lag_2': 0.6953427710023186, 'lag_3': 0.3545234137073233, 'lag_4': 0.31466906443486986, 'lag_5': 0.6493965661012403, 'lag_6': 0.08367397026569187, 'lag_7': 0.8766238500545817, 'lag_8': 0.4212447483460161, 'lag_9': 0.2370614743032824, 'lag_10': 0.4305053414726483, 'lag_11': 0.6743290846759418, 'lag_12': 0.9120109488057296, 'lag_13': 0.08012732356152946, 'lag_14': 0.05686956803566426, 'lag_15': 0.12705237770305666, 'lag_16': 0.14710523425665514, 'lag_17': 0.53447723998523, 'lag_18': 0.614893674302693, 'lag_19': 0.7211798620143384, 'lag_20': 0.4801616032746723, 'lag_21': 0.5558525375212411, 'lag_22': 0.8602375688052444, 'lag_23': 0.6276037743070946, 'lag_24': 0.6798526900219806, 'lag_25': 0.3855780958975613, 'lag_26': 0.8996028947162469, 'lag_27': 0.23489564391747128, 'lag_28': 0.48810129459201734}. Best is trial 12 with value: 0.011325644823139889.
[I 2025-09-29 11:57:38,575] Trial 45 finished with value: 0.011721298017405983 and parameters: {'lag_0': 0.5487399976758395, 'lag_1': 0.06461627542872658, 'lag_2': 0.9377965613390196, 'lag_3': 0.4751479852001802, 'lag_4': 0.6927658503773765, 'lag_5': 0.34250109665415185, 'lag_6': 0.12234666604979214, 'lag_7': 0.7415778142484784, 'lag_8': 0.4699474233352314, 'lag_9': 0.34038527111064015, 'lag_10': 0.5101407485222387, 'lag_11': 0.7770930598064774, 'lag_12': 0.7324940124874677, 'lag_13': 0.2295447859912482, 'lag_14': 0.31963563135748746, 'lag_15': 0.05368535890252389, 'lag_16': 0.09974993675057839, 'lag_17': 0.809810458924193, 'lag_18': 0.8775522741350315, 'lag_19': 0.7937602776417421, 'lag_20': 0.5336437755428836, 'lag_21': 0.2086242053771396, 'lag_22': 0.7805589720996746, 'lag_23': 0.021920270639865513, 'lag_24': 0.7614815005996247, 'lag_25': 0.7057688614421833, 'lag_26': 0.35604156177797763, 'lag_27': 0.042821685220946495, 'lag_28': 0.4231868896813673}. Best is trial 12 with value: 0.011325644823139889.
