[I 2025-09-29 12:53:48,740] Trial 83 finished with value: 0.004397737710726485 and parameters: {'lag_0': 0.4570959276602148, 'lag_1': 0.3215267500964163, 'lag_2': 0.16725094358917897, 'lag_3': 0.41463915498547727, 'lag_4': 0.0006210616472602237, 'lag_5': 0.9649724148918822, 'lag_6': 0.6641190842343352, 'lag_7': 0.398632684842703, 'lag_8': 0.028316911793224597, 'lag_9': 0.6522388378365722, 'lag_10': 0.08403462194205125, 'lag_11': 0.37178527611025514, 'lag_12': 0.7402987975552842, 'lag_13': 0.33743951211763096, 'lag_14': 0.9070903120989275, 'lag_15': 0.23808673331579255, 'lag_16': 0.09927730579022698, 'lag_17': 0.8656551427754817, 'lag_18': 0.8565167963673934, 'lag_19': 0.27508874000504113, 'lag_20': 0.8982496542012907, 'lag_21': 0.4004563028127737, 'lag_22': 0.006488704245196764, 'lag_23': 0.00560203924454486, 'lag_24': 0.4444028549721648, 'lag_25': 0.09969088529992254, 'lag_26': 0.4164267145005133, 'lag_27': 0.9430610101428304, 'lag_28': 0.6716673466298662}. Best is trial 14 with value: 0.004105909280388653.
[I 2025-09-29 12:53:51,249] Trial 84 finished with value: 0.00448522021053701 and parameters: {'lag_0': 0.7302097961947343, 'lag_1': 0.5500595276222583, 'lag_2': 0.8422634517299379, 'lag_3': 0.2105402002158538, 'lag_4': 0.06420203334193211, 'lag_5': 0.4529283545075933, 'lag_6': 0.6079490770910495, 'lag_7': 0.2965647883813168, 'lag_8': 0.7624220714790297, 'lag_9': 0.37503853842389734, 'lag_10': 0.4104279348127475, 'lag_11': 0.43208130115412785, 'lag_12': 0.7264433958664913, 'lag_13': 0.2335486356331797, 'lag_14': 0.9771888684108809, 'lag_15': 0.1798579529740616, 'lag_16': 0.14528662584054866, 'lag_17': 0.01997524574658454, 'lag_18': 0.8338479451161676, 'lag_19': 0.38053958789134723, 'lag_20': 0.9526376772390324, 'lag_21': 0.44432190769617463, 'lag_22': 0.05231821040961103, 'lag_23': 0.08795512279516522, 'lag_24': 0.5449640027652789, 'lag_25': 0.07047682983905859, 'lag_26': 0.5943208498073487, 'lag_27': 0.8686717202195531, 'lag_28': 0.7577410380855913}. Best is trial 14 with value: 0.004105909280388653.
[I 2025-09-29 12:53:53,760] Trial 85 finished with value: 0.004456347527259133 and parameters: {'lag_0': 0.5605425647481975, 'lag_1': 0.4123802213888252, 'lag_2': 0.2988869598523628, 'lag_3': 0.7145594764088161, 'lag_4': 0.12241821414119858, 'lag_5': 0.5400344374556659, 'lag_6': 0.5726950900473665, 'lag_7': 0.2493182577692648, 'lag_8': 0.9165338905782456, 'lag_9': 0.44739150442593284, 'lag_10': 0.562847124578713, 'lag_11': 0.47943077431037867, 'lag_12': 0.6532203774829242, 'lag_13': 0.49890104298071136, 'lag_14': 0.7004829998769007, 'lag_15': 0.3295774992602594, 'lag_16': 0.06221374561305221, 'lag_17': 0.14128085862522652, 'lag_18': 0.9039249631138888, 'lag_19': 0.313942479267903, 'lag_20': 0.9984547578514306, 'lag_21': 0.3071171951906592, 'lag_22': 0.09981645612443468, 'lag_23': 0.2599666655334908, 'lag_24': 0.4844096906327736, 'lag_25': 0.7212049847782025, 'lag_26': 0.8331216302091784, 'lag_27': 0.9080693668870108, 'lag_28': 0.7006645184806831}. Best is trial 14 with value: 0.004105909280388653.
[I 2025-09-29 12:53:56,276] Trial 86 finished with value: 0.0047708474443557275 and parameters: {'lag_0': 0.3808650491539668, 'lag_1': 0.48214514703327266, 'lag_2': 0.4479783924689781, 'lag_3': 0.22929359436573926, 'lag_4': 0.20860325456245268, 'lag_5': 0.8309079496663698, 'lag_6': 0.6417072247510737, 'lag_7': 0.44784150850664733, 'lag_8': 0.06764543028486282, 'lag_9': 0.9626552921512851, 'lag_10': 0.03451206578434068, 'lag_11': 0.7025695780967995, 'lag_12': 0.33987976924824503, 'lag_13': 0.4539914321264026, 'lag_14': 0.7335784558330029, 'lag_15': 0.1894135634341799, 'lag_16': 0.7463403560429107, 'lag_17': 0.08138983095628713, 'lag_18': 0.9714080808391424, 'lag_19': 0.35582521414272783, 'lag_20': 0.7958841050308798, 'lag_21': 0.5461846216126865, 'lag_22': 0.04644790984778896, 'lag_23': 0.4336444236208086, 'lag_24': 0.6505569669878379, 'lag_25': 0.03604666997090222, 'lag_26': 0.459195764284614, 'lag_27': 0.7912247980230604, 'lag_28': 0.5932419394649513}. Best is trial 14 with value: 0.004105909280388653.
[I 2025-09-29 12:53:58,785] Trial 87 finished with value: 0.004669573535810387 and parameters: {'lag_0': 0.8039096897529479, 'lag_1': 0.44983100152823163, 'lag_2': 0.590165869152258, 'lag_3': 0.35956285370083446, 'lag_4': 0.028861662862150975, 'lag_5': 0.9100189242099171, 'lag_6': 0.5160570145309541, 'lag_7': 0.3697192663255412, 'lag_8': 0.653656340389486, 'lag_9': 0.5325034339281058, 'lag_10': 0.024426668768865838, 'lag_11': 0.6227933208015335, 'lag_12': 0.8418742548407065, 'lag_13': 0.4117080483160722, 'lag_14': 0.6596741130488483, 'lag_15': 0.22279093966228886, 'lag_16': 0.21110866194670538, 'lag_17': 0.11206516672687757, 'lag_18': 0.885783588715117, 'lag_19': 0.6314348237732974, 'lag_20': 0.8191433714484907, 'lag_21': 0.35092081881910825, 'lag_22': 0.07838979088844947, 'lag_23': 0.06362064458427105, 'lag_24': 0.5141874218724707, 'lag_25': 0.27857083507549874, 'lag_26': 0.37798369689520006, 'lag_27': 0.4750555106429006, 'lag_28': 0.7325717540187537}. Best is trial 14 with value: 0.004105909280388653.
[I 2025-09-29 12:54:01,307] Trial 88 finished with value: 0.004771442802647809 and parameters: {'lag_0': 0.5175466006083683, 'lag_1': 0.5920979157081654, 'lag_2': 0.7350330354545959, 'lag_3': 0.16671182660054124, 'lag_4': 0.4336628225351076, 'lag_5': 0.9741296481186298, 'lag_6': 0.9627768757799675, 'lag_7': 0.42178316176018005, 'lag_8': 0.12425470157710299, 'lag_9': 0.3396115652865114, 'lag_10': 0.10857062171934656, 'lag_11': 0.7437630670710534, 'lag_12': 0.27766858890256724, 'lag_13': 0.8071405855335493, 'lag_14': 0.002095256975377426, 'lag_15': 0.14719173766697338, 'lag_16': 0.12274015035181793, 'lag_17': 0.0018985845330003887, 'lag_18': 0.6277844499597051, 'lag_19': 0.7557258408345533, 'lag_20': 0.7077846722455998, 'lag_21': 0.46943293986963947, 'lag_22': 0.7701022074960225, 'lag_23': 0.8081165298541246, 'lag_24': 0.45735659118130617, 'lag_25': 0.20957916105004826, 'lag_26': 0.33151537609436565, 'lag_27': 0.8243565934606243, 'lag_28': 0.0616457301301667}. Best is trial 14 with value: 0.004105909280388653.
[I 2025-09-29 12:54:03,832] Trial 89 finished with value: 0.004701383155472414 and parameters: {'lag_0': 0.8508995068051012, 'lag_1': 0.37631766437234204, 'lag_2': 0.895183065836749, 'lag_3': 0.794236526466224, 'lag_4': 0.5736175532247271, 'lag_5': 0.8739869486703802, 'lag_6': 0.8182113827735076, 'lag_7': 0.997912457066163, 'lag_8': 0.5666489285355929, 'lag_9': 0.7881643228339661, 'lag_10': 0.7492941604365914, 'lag_11': 0.5325935676996936, 'lag_12': 0.41454375588478426, 'lag_13': 0.7430354742471037, 'lag_14': 0.8319769762389989, 'lag_15': 0.00022597993795134275, 'lag_16': 0.6254297664893188, 'lag_17': 0.050315867355748604, 'lag_18': 0.4199833591688653, 'lag_19': 0.2344354439691829, 'lag_20': 0.6477306702406154, 'lag_21': 0.48813775938460907, 'lag_22': 0.0029152686902300454, 'lag_23': 0.37407227129566706, 'lag_24': 0.9570721907633087, 'lag_25': 0.3142860320456525, 'lag_26': 0.7355150685659781, 'lag_27': 0.6036599308009803, 'lag_28': 0.6244989786864177}. Best is trial 14 with value: 0.004105909280388653.
[I 2025-09-29 12:54:06,345] Trial 90 finished with value: 0.0046936212907029455 and parameters: {'lag_0': 0.6621616539062175, 'lag_1': 0.4348669001362414, 'lag_2': 0.6629216068731392, 'lag_3': 0.8588885999772276, 'lag_4': 0.15137506448516044, 'lag_5': 0.4818637671796599, 'lag_6': 0.7757074610673843, 'lag_7': 0.20265281308942673, 'lag_8': 0.17034539587034342, 'lag_9': 0.6752507326863325, 'lag_10': 0.0709635783630066, 'lag_11': 0.38913292321164217, 'lag_12': 0.584238680749327, 'lag_13': 0.3734380444350866, 'lag_14': 0.07811866477704316, 'lag_15': 0.4416169825677987, 'lag_16': 0.7747903509726572, 'lag_17': 0.2415369768484204, 'lag_18': 0.7519505983456872, 'lag_19': 0.7213535729260885, 'lag_20': 0.3747801929707629, 'lag_21': 0.39994384629990204, 'lag_22': 0.8295910816774568, 'lag_23': 0.12839440715387862, 'lag_24': 0.9995917754153198, 'lag_25': 0.13651520812323176, 'lag_26': 0.6572154709018024, 'lag_27': 0.705998458994813, 'lag_28': 0.6658774464159744}. Best is trial 14 with value: 0.004105909280388653.
[I 2025-09-29 12:54:08,868] Trial 91 finished with value: 0.004461471404421518 and parameters: {'lag_0': 0.6240303050729311, 'lag_1': 0.5160405286718853, 'lag_2': 0.7997525434708884, 'lag_3': 0.3878055914953327, 'lag_4': 0.09817958507277251, 'lag_5': 0.9185177322321233, 'lag_6': 0.7486384577378781, 'lag_7': 0.33002291547560536, 'lag_8': 0.014297614962268616, 'lag_9': 0.3773733230535647, 'lag_10': 0.5595145524975869, 'lag_11': 0.6707227006716305, 'lag_12': 0.13733333743430126, 'lag_13': 0.21941311579162304, 'lag_14': 0.4857066659477133, 'lag_15': 0.03972130190528674, 'lag_16': 0.29832775099679554, 'lag_17': 0.005235673675580449, 'lag_18': 0.9854786850002962, 'lag_19': 0.26261873875138414, 'lag_20': 0.6138868658803125, 'lag_21': 0.5631375547341679, 'lag_22': 0.027175382427410105, 'lag_23': 0.02153406769924364, 'lag_24': 0.672955616245023, 'lag_25': 0.1797885376707304, 'lag_26': 0.5516106309153896, 'lag_27': 0.6534395511097256, 'lag_28': 0.5291384597071475}. Best is trial 14 with value: 0.004105909280388653.
[I 2025-09-29 12:54:11,379] Trial 92 finished with value: 0.005050570824415216 and parameters: {'lag_0': 0.6335418050449294, 'lag_1': 0.5096075210372881, 'lag_2': 0.7845999702494242, 'lag_3': 0.30603147723027924, 'lag_4': 0.08291771644937417, 'lag_5': 0.9558313968813344, 'lag_6': 0.540622708966163, 'lag_7': 0.35712732272728964, 'lag_8': 0.002030910295886347, 'lag_9': 0.333852384863229, 'lag_10': 0.4441757300519945, 'lag_11': 0.5881223088342475, 'lag_12': 0.17326580393386226, 'lag_13': 0.30527082032250563, 'lag_14': 0.5077337643678402, 'lag_15': 0.07853265678303833, 'lag_16': 0.33516016079049105, 'lag_17': 0.03460909880326389, 'lag_18': 0.9377629205769926, 'lag_19': 0.34135679832097865, 'lag_20': 0.763276824416053, 'lag_21': 0.6310831051086296, 'lag_22': 0.17023864930323795, 'lag_23': 0.10605362363204965, 'lag_24': 0.7293936252435724, 'lag_25': 0.1632416714561214, 'lag_26': 0.5056749291179485, 'lag_27': 0.7106963356576225, 'lag_28': 0.5058544214054075}. Best is trial 14 with value: 0.004105909280388653.
[I 2025-09-29 12:54:13,894] Trial 93 finished with value: 0.004729756125193867 and parameters: {'lag_0': 0.7099685898672081, 'lag_1': 0.5364008863348755, 'lag_2': 0.6914676645880019, 'lag_3': 0.3407556128784406, 'lag_4': 0.04631295020525164, 'lag_5': 0.9425640132559968, 'lag_6': 0.739702461379819, 'lag_7': 0.3404560116292007, 'lag_8': 0.05314848625201422, 'lag_9': 0.27816513511216423, 'lag_10': 0.5243886298902657, 'lag_11': 0.6374102736422627, 'lag_12': 0.5435389746351486, 'lag_13': 0.26317636084939877, 'lag_14': 0.5455062223693079, 'lag_15': 0.10698739665715509, 'lag_16': 0.2967536880039476, 'lag_17': 0.07676516519601893, 'lag_18': 0.9668139135494325, 'lag_19': 0.20857970846323745, 'lag_20': 0.6453768673255624, 'lag_21': 0.6581877327724399, 'lag_22': 0.11958617721760868, 'lag_23': 0.050592666652386445, 'lag_24': 0.6215934657614733, 'lag_25': 0.09963455567207596, 'lag_26': 0.5684464696999225, 'lag_27': 0.9327205602433911, 'lag_28': 0.5539822690890682}. Best is trial 14 with value: 0.004105909280388653.
[I 2025-09-29 12:54:16,410] Trial 94 finished with value: 0.004480199410313775 and parameters: {'lag_0': 0.6070523427724484, 'lag_1': 0.5630845024610666, 'lag_2': 0.9279678051731816, 'lag_3': 0.5065061164700915, 'lag_4': 0.1133788593241342, 'lag_5': 0.9726299328772967, 'lag_6': 0.6973487272819214, 'lag_7': 0.303131529292491, 'lag_8': 0.03833460055093558, 'lag_9': 0.214873781718488, 'lag_10': 0.49225812316725803, 'lag_11': 0.9551688422620059, 'lag_12': 0.14291110250274053, 'lag_13': 0.15293232179875066, 'lag_14': 0.43620009033718954, 'lag_15': 0.061372499640678965, 'lag_16': 0.23035879476916543, 'lag_17': 0.6396999299081154, 'lag_18': 0.5062251302520502, 'lag_19': 0.171039253375401, 'lag_20': 0.6630173809197314, 'lag_21': 0.5928635900746902, 'lag_22': 0.05354466662255619, 'lag_23': 0.07015702471762941, 'lag_24': 0.6994103491579963, 'lag_25': 0.14662285407635534, 'lag_26': 0.6204664676744066, 'lag_27': 0.9831508723126864, 'lag_28': 0.46116306895591225}. Best is trial 14 with value: 0.004105909280388653.
[I 2025-09-29 12:54:18,940] Trial 95 finished with value: 0.004750268571662823 and parameters: {'lag_0': 0.6827342694157812, 'lag_1': 0.6299692493613066, 'lag_2': 0.8387853401106131, 'lag_3': 0.27509650945246084, 'lag_4': 0.07594112156182256, 'lag_5': 0.9998932054949948, 'lag_6': 0.5779052891410444, 'lag_7': 0.3879946281434016, 'lag_8': 0.08303344224560541, 'lag_9': 0.5820930611706667, 'lag_10': 0.0006195294807789545, 'lag_11': 0.6676325724035237, 'lag_12': 0.07212725744311795, 'lag_13': 0.7148000206599626, 'lag_14': 0.9479885843195939, 'lag_15': 0.022972090503820423, 'lag_16': 0.5107297154070102, 'lag_17': 0.10720306641787454, 'lag_18': 0.998905934985223, 'lag_19': 0.12203276575615413, 'lag_20': 0.6843294038666168, 'lag_21': 0.5091417907603274, 'lag_22': 0.6972817821135006, 'lag_23': 0.15845251788637696, 'lag_24': 0.4015449704742722, 'lag_25': 0.05872618594392531, 'lag_26': 0.6949112706983015, 'lag_27': 0.9587696667819511, 'lag_28': 0.7973324213657225}. Best is trial 14 with value: 0.004105909280388653.
[I 2025-09-29 12:54:21,458] Trial 96 finished with value: 0.0043386097377110175 and parameters: {'lag_0': 0.2304103802329328, 'lag_1': 0.6937006585322203, 'lag_2': 0.744932244972899, 'lag_3': 0.4061208860879002, 'lag_4': 0.024637879388518292, 'lag_5': 0.8837903515576946, 'lag_6': 0.8519251961206366, 'lag_7': 0.2643005335129692, 'lag_8': 0.8079983365919715, 'lag_9': 0.30939319909478746, 'lag_10': 0.5319257658769959, 'lag_11': 0.5155446373350479, 'lag_12': 0.23318894361515638, 'lag_13': 0.19887337372220273, 'lag_14': 0.5873303653382754, 'lag_15': 0.3755443600636361, 'lag_16': 0.6624362709444714, 'lag_17': 0.017610004918409604, 'lag_18': 0.9174367025855825, 'lag_19': 0.7825383300058832, 'lag_20': 0.8367919778038476, 'lag_21': 0.5381372465721046, 'lag_22': 0.1432155819972077, 'lag_23': 0.6983109684027419, 'lag_24': 0.803631561375346, 'lag_25': 0.3566731871384221, 'lag_26': 0.5616539598893081, 'lag_27': 0.8841050604883869, 'lag_28': 0.5873221744213817}. Best is trial 14 with value: 0.004105909280388653.
[I 2025-09-29 12:54:23,980] Trial 97 finished with value: 0.004496865181053068 and parameters: {'lag_0': 0.7501617366357978, 'lag_1': 0.6603625914620114, 'lag_2': 0.8135618483105187, 'lag_3': 0.6928011658521357, 'lag_4': 0.0989205225411649, 'lag_5': 0.936237347755071, 'lag_6': 0.616548199139241, 'lag_7': 0.35191286448765163, 'lag_8': 0.0020911574326723283, 'lag_9': 0.4749586593277083, 'lag_10': 0.27426367413617303, 'lag_11': 0.26802951444515843, 'lag_12': 0.2015367350217904, 'lag_13': 0.28855803857288415, 'lag_14': 0.758145339723949, 'lag_15': 0.003422196821692605, 'lag_16': 0.8104396959960146, 'lag_17': 0.06371000287034258, 'lag_18': 0.7940207148372513, 'lag_19': 0.26832650922325035, 'lag_20': 0.5593814239506065, 'lag_21': 0.4353623575922612, 'lag_22': 0.643036310257939, 'lag_23': 0.2027221201811149, 'lag_24': 0.5403324123575062, 'lag_25': 0.02502760796301805, 'lag_26': 0.7874703485696025, 'lag_27': 0.5475055441417662, 'lag_28': 0.4278335622040643}. Best is trial 14 with value: 0.004105909280388653.
[I 2025-09-29 12:54:26,500] Trial 98 finished with value: 0.005828645890467871 and parameters: {'lag_0': 0.11319921918303136, 'lag_1': 0.48973975674599046, 'lag_2': 0.22080078303312195, 'lag_3': 0.37623792803772527, 'lag_4': 0.7378733237377377, 'lag_5': 0.6709501713565205, 'lag_6': 0.7719164279523287, 'lag_7': 0.31394214618740685, 'lag_8': 0.8957145293953542, 'lag_9': 0.44249927966373254, 'lag_10': 0.8607643400476986, 'lag_11': 0.565348335979929, 'lag_12': 0.48386046621227263, 'lag_13': 0.8700948649018391, 'lag_14': 0.4034916497561582, 'lag_15': 0.035079316180293356, 'lag_16': 0.48703178584941276, 'lag_17': 0.044301440079301924, 'lag_18': 0.8201355762278516, 'lag_19': 0.24577284689390275, 'lag_20': 0.9040028816109169, 'lag_21': 0.35918080933404395, 'lag_22': 0.09881576720024404, 'lag_23': 0.13344485458781047, 'lag_24': 0.5841715520402793, 'lag_25': 0.2714430835693895, 'lag_26': 0.5334912637776464, 'lag_27': 0.7470150066488448, 'lag_28': 0.37432797075339896}. Best is trial 14 with value: 0.004105909280388653.
[I 2025-09-29 12:54:29,022] Trial 99 finished with value: 0.0044288712151866584 and parameters: {'lag_0': 0.5794200582436305, 'lag_1': 0.4608798193791412, 'lag_2': 0.13058778856820655, 'lag_3': 0.47511953417352126, 'lag_4': 0.016251539463646093, 'lag_5': 0.9792491081343992, 'lag_6': 0.7268269143107782, 'lag_7': 0.17785468797879744, 'lag_8': 0.10655420211142891, 'lag_9': 0.35720292066603154, 'lag_10': 0.03738744319243224, 'lag_11': 0.34610995608048056, 'lag_12': 0.6903698773897118, 'lag_13': 0.24773967083916748, 'lag_14': 0.6236169150549337, 'lag_15': 0.12966308995116946, 'lag_16': 0.5958952886334343, 'lag_17': 0.7450712941065545, 'lag_18': 0.9494819659299627, 'lag_19': 0.8712242612873483, 'lag_20': 0.31296635235802384, 'lag_21': 0.8246542613529484, 'lag_22': 0.018717873164799614, 'lag_23': 0.020703925794916964, 'lag_24': 0.9176449718072591, 'lag_25': 0.4185094817514911, 'lag_26': 0.47424980470120204, 'lag_27': 0.6256277009341583, 'lag_28': 0.32572105273017726}. Best is trial 14 with value: 0.004105909280388653.
[I 2025-09-29 12:54:29,036] A new study created in memory with name: no-name-70651293-29f0-4778-a35b-8a6bac050484
[I 2025-09-29 12:54:31,494] Trial 0 finished with value: 0.002677880903618536 and parameters: {'lag_0': 0.3986401621818804, 'lag_1': 0.9687732490735075, 'lag_2': 0.1399495479237261, 'lag_3': 0.32490252082221477, 'lag_4': 0.5240228928074762, 'lag_5': 0.2558619858518758, 'lag_6': 0.4161427293234675, 'lag_7': 0.6173858802195338, 'lag_8': 0.8361832086788886, 'lag_9': 0.10610793539956326, 'lag_10': 0.6417790599577315, 'lag_11': 0.9999623796741275, 'lag_12': 0.3710065586864262, 'lag_13': 0.4941504445161845, 'lag_14': 0.25486281656202053, 'lag_15': 0.5781764980079492, 'lag_16': 0.18117905122118547, 'lag_17': 0.9463298537054634, 'lag_18': 0.5314767968079599, 'lag_19': 0.8724699924223613, 'lag_20': 0.654950339262533, 'lag_21': 0.7660311388382008, 'lag_22': 0.15098345679751596, 'lag_23': 0.25886376208446427, 'lag_24': 0.96832918014464, 'lag_25': 0.1808187014228691, 'lag_26': 0.8197090817349064, 'lag_27': 0.7326905160410948, 'lag_28': 0.21735824052454766}. Best is trial 0 with value: 0.002677880903618536.
[I 2025-09-29 12:54:33,949] Trial 1 finished with value: 0.0026294534835648886 and parameters: {'lag_0': 0.5953259999818934, 'lag_1': 0.36374328906937414, 'lag_2': 0.9023249628782984, 'lag_3': 0.7087409713715191, 'lag_4': 0.4926908086504527, 'lag_5': 0.2883634650228363, 'lag_6': 0.9214132363903208, 'lag_7': 0.9516070456476042, 'lag_8': 0.6006759839956788, 'lag_9': 0.5264045116750526, 'lag_10': 0.6962900455946553, 'lag_11': 0.8577580489755602, 'lag_12': 0.6519051852470079, 'lag_13': 0.8644081490586141, 'lag_14': 0.4968452402331912, 'lag_15': 0.5099192013645288, 'lag_16': 0.8427121825248297, 'lag_17': 0.1247560869761813, 'lag_18': 0.28372549445994855, 'lag_19': 0.41747742860320664, 'lag_20': 0.6210228224579508, 'lag_21': 0.26035274371080325, 'lag_22': 0.42080679382296643, 'lag_23': 0.6222627130144743, 'lag_24': 0.6311242005110451, 'lag_25': 0.067543802149597, 'lag_26': 0.8244459242684095, 'lag_27': 0.8880494425353043, 'lag_28': 0.8035396893874422}. Best is trial 1 with value: 0.0026294534835648886.
[I 2025-09-29 12:54:36,411] Trial 2 finished with value: 0.002621379070682867 and parameters: {'lag_0': 0.6073087206786602, 'lag_1': 0.21489767228384268, 'lag_2': 0.7422251364564382, 'lag_3': 0.5183539205495011, 'lag_4': 0.4703124739986503, 'lag_5': 0.2659051649445744, 'lag_6': 0.6099528710443117, 'lag_7': 0.218237036028332, 'lag_8': 0.8758878393748191, 'lag_9': 0.8876317080598215, 'lag_10': 0.6504175383782508, 'lag_11': 0.7065864236570698, 'lag_12': 0.8846620528302814, 'lag_13': 0.2648303153627387, 'lag_14': 0.3377443686611056, 'lag_15': 0.39449829683672066, 'lag_16': 0.35529176781600147, 'lag_17': 0.5286564074563893, 'lag_18': 0.9625384266249744, 'lag_19': 0.2747718593230728, 'lag_20': 0.15069668314509627, 'lag_21': 0.4818793488444722, 'lag_22': 0.8452420318409898, 'lag_23': 0.1405656866828821, 'lag_24': 0.17487213683863748, 'lag_25': 0.5649049062386732, 'lag_26': 0.023279754441483825, 'lag_27': 0.16224616515866383, 'lag_28': 0.3479321819970724}. Best is trial 2 with value: 0.002621379070682867.
[I 2025-09-29 12:54:38,987] Trial 3 finished with value: 0.0025566269407457072 and parameters: {'lag_0': 0.13375757688605497, 'lag_1': 0.3821943377134786, 'lag_2': 0.8620714083488881, 'lag_3': 0.3066082892832699, 'lag_4': 0.28461767127961896, 'lag_5': 0.7969525089875379, 'lag_6': 0.7704506865031784, 'lag_7': 0.9013970877404915, 'lag_8': 0.6335161407317499, 'lag_9': 0.6247093000169764, 'lag_10': 0.5055554057986674, 'lag_11': 0.929390261355483, 'lag_12': 0.9958480008480749, 'lag_13': 0.12421671826404133, 'lag_14': 0.8664823624209738, 'lag_15': 0.1428713425085483, 'lag_16': 0.9643600026057639, 'lag_17': 0.006903859276641348, 'lag_18': 0.15040345103340683, 'lag_19': 0.008929640528649863, 'lag_20': 0.1512691333836912, 'lag_21': 0.21443049962515415, 'lag_22': 0.884672254437073, 'lag_23': 0.6269324709426909, 'lag_24': 0.4943413700049985, 'lag_25': 0.9505854324577796, 'lag_26': 0.49864115487818766, 'lag_27': 0.15802054680667824, 'lag_28': 0.5101121395163983}. Best is trial 3 with value: 0.0025566269407457072.
