2025-09-29 13:06:28,932 - distributed.nanny - INFO -         Start Nanny at: 'tcp://192.168.86.108:34898'
2025-09-29 13:06:30,226 - distributed.worker - INFO -       Start worker at: tcp://192.168.86.108:41553
2025-09-29 13:06:30,226 - distributed.worker - INFO -          Listening to: tcp://192.168.86.108:41553
2025-09-29 13:06:30,226 - distributed.worker - INFO -           Worker name:             SLURMCluster-7
2025-09-29 13:06:30,226 - distributed.worker - INFO -          dashboard at:       192.168.86.108:36771
2025-09-29 13:06:30,227 - distributed.worker - INFO - Waiting to connect to: tcp://192.168.86.101:46695
2025-09-29 13:06:30,227 - distributed.worker - INFO - -------------------------------------------------
2025-09-29 13:06:30,227 - distributed.worker - INFO -               Threads:                          1
2025-09-29 13:06:30,227 - distributed.worker - INFO -                Memory:                   9.31 GiB
2025-09-29 13:06:30,227 - distributed.worker - INFO -       Local Directory: /home1/zrentala/dask-worker-space/dask-scratch-space/worker-gfvpzje2
2025-09-29 13:06:30,227 - distributed.worker - INFO - -------------------------------------------------
2025-09-29 13:06:30,530 - distributed.worker - INFO - Starting Worker plugin shuffle
2025-09-29 13:06:30,530 - distributed.worker - INFO -         Registered to: tcp://192.168.86.101:46695
2025-09-29 13:06:30,530 - distributed.worker - INFO - -------------------------------------------------
2025-09-29 13:06:30,531 - distributed.core - INFO - Starting established connection to tcp://192.168.86.101:46695
[I 2025-09-29 13:06:30,648] A new study created in memory with name: no-name-f4013a53-7018-47eb-abc3-7fe64ecc18ff
[I 2025-09-29 13:06:33,510] Trial 0 finished with value: 0.0029480670196774202 and parameters: {'lag_0': 0.4374975313775265, 'lag_1': 0.945251166301287, 'lag_2': 0.08044744212134909, 'lag_3': 0.27161938711720435, 'lag_4': 0.9885542204135119, 'lag_5': 0.34693788836152417, 'lag_6': 0.8033397288907661, 'lag_7': 0.8622613945198173, 'lag_8': 0.2853161277376311, 'lag_9': 0.6247038979884455, 'lag_10': 0.1746220234274005, 'lag_11': 0.8963843287633597, 'lag_12': 0.7184736027338223, 'lag_13': 0.7896665698990417, 'lag_14': 0.3066098368183112, 'lag_15': 0.7334156667038251, 'lag_16': 0.6525529125338027, 'lag_17': 0.001177840584997758, 'lag_18': 0.5087662640184321, 'lag_19': 0.15471205422649456, 'lag_20': 0.6295089281705037, 'lag_21': 0.8347370479826589, 'lag_22': 0.6313576652364006, 'lag_23': 0.08609202633817403, 'lag_24': 0.9883618837487663, 'lag_25': 0.456461890870661, 'lag_26': 0.2617756036723811, 'lag_27': 0.7132174206732455, 'lag_28': 0.06135110256267751}. Best is trial 0 with value: 0.0029480670196774202.
[I 2025-09-29 13:06:36,019] Trial 1 finished with value: 0.0029272169354386465 and parameters: {'lag_0': 0.23848376589117676, 'lag_1': 0.4175553384795513, 'lag_2': 0.05545770515451774, 'lag_3': 0.867243591969032, 'lag_4': 0.2331151324861454, 'lag_5': 0.011753848362721737, 'lag_6': 0.3320010407803248, 'lag_7': 0.6910052084644414, 'lag_8': 0.26092740457481806, 'lag_9': 0.06024553879763074, 'lag_10': 0.872689598126095, 'lag_11': 0.3393709453923018, 'lag_12': 0.6136678349278881, 'lag_13': 0.246263449288983, 'lag_14': 0.21493333774773596, 'lag_15': 0.7981443188273761, 'lag_16': 0.05759912974976506, 'lag_17': 0.08967383785991086, 'lag_18': 0.42331057047717113, 'lag_19': 0.5587804410838846, 'lag_20': 0.7135426675976485, 'lag_21': 0.44152863567687156, 'lag_22': 0.3798131613664622, 'lag_23': 0.07300301421971346, 'lag_24': 0.9563258791372526, 'lag_25': 0.32543203615272576, 'lag_26': 0.7859979722984497, 'lag_27': 0.9715651157786642, 'lag_28': 0.8431496558681307}. Best is trial 1 with value: 0.0029272169354386465.
[I 2025-09-29 13:06:38,431] Trial 2 finished with value: 0.0027810497803761724 and parameters: {'lag_0': 0.12896287808223683, 'lag_1': 0.24067318078367156, 'lag_2': 0.32599996404791587, 'lag_3': 0.8436806660929144, 'lag_4': 0.46752665148395695, 'lag_5': 0.4927179031831772, 'lag_6': 0.7825918699813503, 'lag_7': 0.7783768273914607, 'lag_8': 0.7713535216963373, 'lag_9': 0.12490752892327443, 'lag_10': 0.8951392166946467, 'lag_11': 0.3571417793931427, 'lag_12': 0.7025281355077746, 'lag_13': 0.7537155281091535, 'lag_14': 0.45665036810036497, 'lag_15': 0.9412372369980243, 'lag_16': 0.3095616142787214, 'lag_17': 0.37277234927281505, 'lag_18': 0.9334480727752894, 'lag_19': 0.7855535856024406, 'lag_20': 0.3422970596983656, 'lag_21': 0.3300769846874646, 'lag_22': 0.12433183638300982, 'lag_23': 0.07681587436056567, 'lag_24': 0.3814563903810357, 'lag_25': 0.7374418573241492, 'lag_26': 0.051444835105265777, 'lag_27': 0.3469938355577997, 'lag_28': 0.6836967653678714}. Best is trial 2 with value: 0.0027810497803761724.
[I 2025-09-29 13:06:40,853] Trial 3 finished with value: 0.0026624452356328486 and parameters: {'lag_0': 0.1491246066421681, 'lag_1': 0.587275976899534, 'lag_2': 0.11772925686526713, 'lag_3': 0.1229775438554027, 'lag_4': 0.26392632436907826, 'lag_5': 0.09825533005481171, 'lag_6': 0.17434561770059673, 'lag_7': 0.37888647967851846, 'lag_8': 0.8724275831654237, 'lag_9': 0.47850237265676165, 'lag_10': 0.8010271492134994, 'lag_11': 0.23602179484869526, 'lag_12': 0.5077354595634624, 'lag_13': 0.10983515886781064, 'lag_14': 0.9897196798767023, 'lag_15': 0.3692826688978352, 'lag_16': 0.654787419257661, 'lag_17': 0.36659058172277315, 'lag_18': 0.6136808661545592, 'lag_19': 0.0066218918526652565, 'lag_20': 0.970126605135705, 'lag_21': 0.5426480305627659, 'lag_22': 0.2896251143023729, 'lag_23': 0.6357343152994297, 'lag_24': 0.6502729185804865, 'lag_25': 0.7961636724940927, 'lag_26': 0.4389911938393766, 'lag_27': 0.7590632463166488, 'lag_28': 0.28326429621609045}. Best is trial 3 with value: 0.0026624452356328486.
[I 2025-09-29 13:06:43,260] Trial 4 finished with value: 0.0031128381860330897 and parameters: {'lag_0': 0.37903277393033713, 'lag_1': 0.4888036282272471, 'lag_2': 0.3909668070811217, 'lag_3': 0.5174773107551185, 'lag_4': 0.1393773761914226, 'lag_5': 0.39434402100240534, 'lag_6': 0.3244780677382214, 'lag_7': 0.7360608683952616, 'lag_8': 0.3927197519718453, 'lag_9': 0.18626704849529882, 'lag_10': 0.6991482249462271, 'lag_11': 0.4342749477475853, 'lag_12': 0.22762817409047892, 'lag_13': 0.6835997755885903, 'lag_14': 0.623296716055498, 'lag_15': 0.5195985082732242, 'lag_16': 0.7292353282789882, 'lag_17': 0.8107279951361576, 'lag_18': 0.008858926488765193, 'lag_19': 0.3485967070943588, 'lag_20': 0.07129507692751202, 'lag_21': 0.023776641751561904, 'lag_22': 0.3365390812444761, 'lag_23': 0.6562434878207873, 'lag_24': 0.048842468121937106, 'lag_25': 0.0867017466237409, 'lag_26': 0.5516603590953093, 'lag_27': 0.17099968205674654, 'lag_28': 0.728697370259433}. Best is trial 3 with value: 0.0026624452356328486.
[I 2025-09-29 13:06:45,662] Trial 5 finished with value: 0.003503199889593032 and parameters: {'lag_0': 0.9969347437916392, 'lag_1': 0.5145546191415962, 'lag_2': 0.8062374519488734, 'lag_3': 0.32007161831597203, 'lag_4': 0.3993682918681902, 'lag_5': 0.6965518345248634, 'lag_6': 0.5304059081141399, 'lag_7': 0.8037185820255355, 'lag_8': 0.45506243472887675, 'lag_9': 0.7750157519735428, 'lag_10': 0.047252192328621524, 'lag_11': 0.23920651634563933, 'lag_12': 0.4524436290330398, 'lag_13': 0.29015778654725205, 'lag_14': 0.5252549691349054, 'lag_15': 0.20420830311635962, 'lag_16': 0.20354502142803413, 'lag_17': 0.6992159153082174, 'lag_18': 0.032559341184127295, 'lag_19': 0.7153053287317314, 'lag_20': 0.5071706295944924, 'lag_21': 0.21368320615583336, 'lag_22': 0.508760213264268, 'lag_23': 0.6727274640901255, 'lag_24': 0.7528753087054607, 'lag_25': 0.7396444875061031, 'lag_26': 0.7309012660809484, 'lag_27': 0.9807177524940212, 'lag_28': 0.016409037667376926}. Best is trial 3 with value: 0.0026624452356328486.
[I 2025-09-29 13:06:48,062] Trial 6 finished with value: 0.0030041546072135683 and parameters: {'lag_0': 0.667672076457917, 'lag_1': 0.8164441787302623, 'lag_2': 0.18236613795973983, 'lag_3': 0.5446793378456711, 'lag_4': 0.03612663155582882, 'lag_5': 0.12761271700409282, 'lag_6': 0.8164377315212544, 'lag_7': 0.5344416316709074, 'lag_8': 0.4032689345991619, 'lag_9': 0.8147014344226151, 'lag_10': 0.8086736112584937, 'lag_11': 0.40592686543148776, 'lag_12': 0.35579532974106076, 'lag_13': 0.10212866740143135, 'lag_14': 0.7657466546441406, 'lag_15': 0.36612844540621936, 'lag_16': 0.9433425723586826, 'lag_17': 0.5560456239872893, 'lag_18': 0.2723880327416773, 'lag_19': 0.8744008272818313, 'lag_20': 0.006931752642309861, 'lag_21': 0.2753548265803463, 'lag_22': 0.39349517250624877, 'lag_23': 0.4273914345231857, 'lag_24': 0.2913651260175035, 'lag_25': 0.1293569603970312, 'lag_26': 0.21036892296726095, 'lag_27': 0.9655441831008373, 'lag_28': 0.15420045951171257}. Best is trial 3 with value: 0.0026624452356328486.
[I 2025-09-29 13:06:50,460] Trial 7 finished with value: 0.003060262100229285 and parameters: {'lag_0': 0.553217458488702, 'lag_1': 0.9480847760686898, 'lag_2': 0.6078039394322656, 'lag_3': 0.9163407460191523, 'lag_4': 0.13090303227690903, 'lag_5': 0.18501203918132425, 'lag_6': 0.8651312943445859, 'lag_7': 0.5034314875489362, 'lag_8': 0.26760567129906576, 'lag_9': 0.22306211953229016, 'lag_10': 0.030739320721540217, 'lag_11': 0.3551476859886241, 'lag_12': 0.4623448865886428, 'lag_13': 0.3864478714103409, 'lag_14': 0.09643262100834141, 'lag_15': 0.925163075476442, 'lag_16': 0.6948073560214674, 'lag_17': 0.10930295550319759, 'lag_18': 0.5923086058537327, 'lag_19': 0.7877098613620654, 'lag_20': 0.7570493166101786, 'lag_21': 0.20409103797144873, 'lag_22': 0.36951224981201514, 'lag_23': 0.5902177927728705, 'lag_24': 0.19958118554123233, 'lag_25': 0.9565331931239999, 'lag_26': 0.323586408791702, 'lag_27': 0.8253072000518807, 'lag_28': 0.9453064187681736}. Best is trial 3 with value: 0.0026624452356328486.
[I 2025-09-29 13:06:52,873] Trial 8 finished with value: 0.0029291041128216375 and parameters: {'lag_0': 0.36955176123990235, 'lag_1': 0.11459364871455197, 'lag_2': 0.44749359285183987, 'lag_3': 0.10421064158695825, 'lag_4': 0.4535355598346462, 'lag_5': 0.9053855099187754, 'lag_6': 0.10232092893890136, 'lag_7': 0.11244510066269289, 'lag_8': 0.9893732476989258, 'lag_9': 0.9981407645011154, 'lag_10': 0.15331046229921733, 'lag_11': 0.5444599862905556, 'lag_12': 0.13606290765772588, 'lag_13': 0.6963301219934757, 'lag_14': 0.0021061499136141356, 'lag_15': 0.3485923399950317, 'lag_16': 0.794331358492696, 'lag_17': 0.6342382795204052, 'lag_18': 0.435739093862425, 'lag_19': 0.26716992418167773, 'lag_20': 0.31896275400892177, 'lag_21': 0.2979103667077991, 'lag_22': 0.4685807175420048, 'lag_23': 0.48564367721864754, 'lag_24': 0.542567961430298, 'lag_25': 0.7253916340690457, 'lag_26': 0.03961613453933273, 'lag_27': 0.8091767825913504, 'lag_28': 0.4875949091976869}. Best is trial 3 with value: 0.0026624452356328486.
[I 2025-09-29 13:06:55,288] Trial 9 finished with value: 0.0028610043709849146 and parameters: {'lag_0': 0.4958005717140298, 'lag_1': 0.5488430069473593, 'lag_2': 0.8965392046768315, 'lag_3': 0.40417588749292993, 'lag_4': 0.946405085524034, 'lag_5': 0.37109963441397703, 'lag_6': 0.28906784569731264, 'lag_7': 0.8193514347565529, 'lag_8': 0.2132845992572107, 'lag_9': 0.1897318715943042, 'lag_10': 0.5330019380323396, 'lag_11': 0.977450447023115, 'lag_12': 0.9757271385036428, 'lag_13': 0.04024412241544651, 'lag_14': 0.6927334085560383, 'lag_15': 0.9181536219328321, 'lag_16': 0.5337282281891821, 'lag_17': 0.913537254008365, 'lag_18': 0.9340142961961748, 'lag_19': 0.5651829228530365, 'lag_20': 0.9260468190707264, 'lag_21': 0.9671249311719076, 'lag_22': 0.11312365991765402, 'lag_23': 0.24189976381965414, 'lag_24': 0.5441656462876558, 'lag_25': 0.43031228774632335, 'lag_26': 0.6190333592151712, 'lag_27': 0.3180536665181187, 'lag_28': 0.4771045943561018}. Best is trial 3 with value: 0.0026624452356328486.
[I 2025-09-29 13:06:57,762] Trial 10 finished with value: 0.002782181208130276 and parameters: {'lag_0': 0.0024949348920386694, 'lag_1': 0.7313959732730456, 'lag_2': 0.7104442334444314, 'lag_3': 0.010130081988360407, 'lag_4': 0.7099019611515212, 'lag_5': 0.7124415639082333, 'lag_6': 0.024140234159997664, 'lag_7': 0.16371571637565702, 'lag_8': 0.6835810069899708, 'lag_9': 0.4223603142702359, 'lag_10': 0.43952673000318127, 'lag_11': 3.5136322962758815e-05, 'lag_12': 0.028774124793463807, 'lag_13': 0.9766245028499473, 'lag_14': 0.9941759808165676, 'lag_15': 0.0889329477651184, 'lag_16': 0.4071867125812356, 'lag_17': 0.31964520369642724, 'lag_18': 0.7596014194853706, 'lag_19': 0.014721993179896364, 'lag_20': 0.9930333196916008, 'lag_21': 0.6484354301734863, 'lag_22': 0.9539521019188819, 'lag_23': 0.8850465509046948, 'lag_24': 0.7316109955491598, 'lag_25': 0.9828487986920866, 'lag_26': 0.9578530634516649, 'lag_27': 0.5693453376519302, 'lag_28': 0.29845241775150977}. Best is trial 3 with value: 0.0026624452356328486.
[I 2025-09-29 13:07:00,238] Trial 11 finished with value: 0.0030855952789057063 and parameters: {'lag_0': 0.006553101741898243, 'lag_1': 0.18528184951162735, 'lag_2': 0.27795063108759854, 'lag_3': 0.7117966795573507, 'lag_4': 0.6716014142538991, 'lag_5': 0.585954176124399, 'lag_6': 0.6002313893053577, 'lag_7': 0.352715217113899, 'lag_8': 0.7840275498166878, 'lag_9': 0.4218603518232137, 'lag_10': 0.9854841395682786, 'lag_11': 0.10057858820738838, 'lag_12': 0.8036655884499213, 'lag_13': 0.5255060538699782, 'lag_14': 0.381496408669023, 'lag_15': 0.5872268872717603, 'lag_16': 0.32787345248752975, 'lag_17': 0.36906272983357125, 'lag_18': 0.9859664279372973, 'lag_19': 0.9752673770078062, 'lag_20': 0.30828135409996915, 'lag_21': 0.5391324814073082, 'lag_22': 0.07612505497881866, 'lag_23': 0.8852145865368597, 'lag_24': 0.3903967959482627, 'lag_25': 0.7502322996106637, 'lag_26': 0.01787920879038525, 'lag_27': 0.40638569258506163, 'lag_28': 0.6639424945066116}. Best is trial 3 with value: 0.0026624452356328486.
[I 2025-09-29 13:07:02,798] Trial 12 finished with value: 0.0026141911110464473 and parameters: {'lag_0': 0.1803353699235606, 'lag_1': 0.293218574538232, 'lag_2': 0.28382235693752017, 'lag_3': 0.685126611867063, 'lag_4': 0.35327549945952763, 'lag_5': 0.9011576601246875, 'lag_6': 0.9973035531248629, 'lag_7': 0.32000517371718756, 'lag_8': 0.8131632384235498, 'lag_9': 0.5426358882599014, 'lag_10': 0.6461998459209706, 'lag_11': 0.6275985957450825, 'lag_12': 0.6257661860885894, 'lag_13': 0.5158356993566883, 'lag_14': 0.8958866372271075, 'lag_15': 0.339482151319478, 'lag_16': 0.5326861009883652, 'lag_17': 0.3572874002718812, 'lag_18': 0.7607375316625131, 'lag_19': 0.4310032609931521, 'lag_20': 0.24715915430120478, 'lag_21': 0.6285072829651757, 'lag_22': 0.21874550612679866, 'lag_23': 0.32565240777042204, 'lag_24': 0.6710732471604569, 'lag_25': 0.6421079670020874, 'lag_26': 0.38534496552277936, 'lag_27': 0.5550059172612857, 'lag_28': 0.3377158111086844}. Best is trial 12 with value: 0.0026141911110464473.
[I 2025-09-29 13:07:05,257] Trial 13 finished with value: 0.0029576401115264926 and parameters: {'lag_0': 0.20500005968775026, 'lag_1': 0.32333497315140547, 'lag_2': 0.1826248347431444, 'lag_3': 0.6332157855137978, 'lag_4': 0.21609501329304376, 'lag_5': 0.9890195152932, 'lag_6': 0.6578014212070591, 'lag_7': 0.3161375389286576, 'lag_8': 0.9859030200688762, 'lag_9': 0.5396601251213967, 'lag_10': 0.62691872881845, 'lag_11': 0.6407369479658273, 'lag_12': 0.5649598831824033, 'lag_13': 0.4786925257357484, 'lag_14': 0.9408098115583448, 'lag_15': 0.32903544576935834, 'lag_16': 0.5299628485899244, 'lag_17': 0.30646698843782805, 'lag_18': 0.7434449173209214, 'lag_19': 0.39769003006769776, 'lag_20': 0.17731002479315394, 'lag_21': 0.7030803425098117, 'lag_22': 0.24762761149495982, 'lag_23': 0.3148236560220513, 'lag_24': 0.7465018819478713, 'lag_25': 0.595710103803314, 'lag_26': 0.41576677907183823, 'lag_27': 0.5887674148876576, 'lag_28': 0.3315360079053357}. Best is trial 12 with value: 0.0026141911110464473.
[I 2025-09-29 13:07:07,719] Trial 14 finished with value: 0.0033177573494775963 and parameters: {'lag_0': 0.24560724452106553, 'lag_1': 0.6477566309755436, 'lag_2': 0.5856878303564095, 'lag_3': 0.200452618459383, 'lag_4': 0.3311789195919854, 'lag_5': 0.8202882895389485, 'lag_6': 0.9505039534263459, 'lag_7': 0.2906888494768184, 'lag_8': 0.6331158025458521, 'lag_9': 0.6428422090208289, 'lag_10': 0.3612762815419896, 'lag_11': 0.6846137492237773, 'lag_12': 0.864118775298294, 'lag_13': 0.19144421805928086, 'lag_14': 0.8762266975191685, 'lag_15': 0.1717304097795216, 'lag_16': 0.9127204981906689, 'lag_17': 0.48932965527295436, 'lag_18': 0.7064512581013052, 'lag_19': 0.03966554068228323, 'lag_20': 0.5018462875563472, 'lag_21': 0.6004429632383103, 'lag_22': 0.6675614657239269, 'lag_23': 0.7791465380430277, 'lag_24': 0.6237718361104146, 'lag_25': 0.5995562151194936, 'lag_26': 0.42756227131369634, 'lag_27': 0.6781482955501984, 'lag_28': 0.2952815840039728}. Best is trial 12 with value: 0.0026141911110464473.
[I 2025-09-29 13:07:10,191] Trial 15 finished with value: 0.002779762756243926 and parameters: {'lag_0': 0.7382227246099583, 'lag_1': 0.35449386190108745, 'lag_2': 0.21670721802918022, 'lag_3': 0.7252079423980438, 'lag_4': 0.61075295635955, 'lag_5': 0.21596824069885345, 'lag_6': 0.2024861054942263, 'lag_7': 0.9884238530194034, 'lag_8': 0.8699119357288013, 'lag_9': 0.34338578299443906, 'lag_10': 0.7124042304141949, 'lag_11': 0.7823096708096282, 'lag_12': 0.3421552112743472, 'lag_13': 0.5729833095990672, 'lag_14': 0.8154473537029234, 'lag_15': 0.43804742267696645, 'lag_16': 0.5745339269837838, 'lag_17': 0.19664505692723788, 'lag_18': 0.6105985562510624, 'lag_19': 0.22111469160887512, 'lag_20': 0.19512874190744953, 'lag_21': 0.737126196240962, 'lag_22': 0.21900442497983952, 'lag_23': 0.3190715775588739, 'lag_24': 0.8746925301724043, 'lag_25': 0.8771077736511397, 'lag_26': 0.6376129277809175, 'lag_27': 0.034692674908991916, 'lag_28': 0.2022258808616038}. Best is trial 12 with value: 0.0026141911110464473.
[I 2025-09-29 13:07:12,668] Trial 16 finished with value: 0.0035167541709556723 and parameters: {'lag_0': 0.12541343791914317, 'lag_1': 0.08210816896417433, 'lag_2': 0.0030589572462403347, 'lag_3': 0.45137060044471744, 'lag_4': 0.3169370410171769, 'lag_5': 0.5835762321657043, 'lag_6': 0.44053292411195555, 'lag_7': 0.4126831199704254, 'lag_8': 0.6012123960525562, 'lag_9': 0.321898068200723, 'lag_10': 0.5453638426368694, 'lag_11': 0.21024353549329844, 'lag_12': 0.6535785353447703, 'lag_13': 0.4191743152261509, 'lag_14': 0.6318456071191012, 'lag_15': 0.6145074258323552, 'lag_16': 0.828203364357379, 'lag_17': 0.4859906582507849, 'lag_18': 0.24291525555683746, 'lag_19': 0.4895235911725493, 'lag_20': 0.8339571286399701, 'lag_21': 0.45212697199808644, 'lag_22': 0.010084417690973041, 'lag_23': 0.3927887919976017, 'lag_24': 0.6701308072870772, 'lag_25': 0.2938982494459854, 'lag_26': 0.44909198401485045, 'lag_27': 0.48335316671596856, 'lag_28': 0.3926060137876258}. Best is trial 12 with value: 0.0026141911110464473.
[I 2025-09-29 13:07:15,140] Trial 17 finished with value: 0.003056805107122062 and parameters: {'lag_0': 0.31145232782729343, 'lag_1': 0.6782737963807042, 'lag_2': 0.5050136334480777, 'lag_3': 0.6146315694436941, 'lag_4': 0.012596611779766287, 'lag_5': 0.034960284150510695, 'lag_6': 0.44976276568510387, 'lag_7': 0.043301286428116426, 'lag_8': 0.07643094670166911, 'lag_9': 0.5431220290883867, 'lag_10': 0.7697931157018514, 'lag_11': 0.557453886575299, 'lag_12': 0.514655569351806, 'lag_13': 0.3320559534837023, 'lag_14': 0.9965816594675646, 'lag_15': 0.004876356660171832, 'lag_16': 0.4172234348881838, 'lag_17': 0.22785682441262345, 'lag_18': 0.8073021107046008, 'lag_19': 0.1202908100326534, 'lag_20': 0.4237271113725667, 'lag_21': 0.8493512545056785, 'lag_22': 0.21346115093705434, 'lag_23': 0.5736265356240964, 'lag_24': 0.46839194281275565, 'lag_25': 0.594838383882975, 'lag_26': 0.17938740395200212, 'lag_27': 0.8273596598711891, 'lag_28': 0.1557952229470221}. Best is trial 12 with value: 0.0026141911110464473.
[I 2025-09-29 13:07:17,613] Trial 18 finished with value: 0.002635443146109506 and parameters: {'lag_0': 0.11595652618351887, 'lag_1': 0.31042924285986206, 'lag_2': 0.12096210235249208, 'lag_3': 0.9793774683016799, 'lag_4': 0.556468470024571, 'lag_5': 0.27010249348995496, 'lag_6': 0.9856096058726052, 'lag_7': 0.6273014711276996, 'lag_8': 0.876640230010891, 'lag_9': 0.7089781792421594, 'lag_10': 0.3783390111926577, 'lag_11': 0.7061384138531467, 'lag_12': 0.32203822878463056, 'lag_13': 0.14765116612215806, 'lag_14': 0.868346845449441, 'lag_15': 0.23898838011028595, 'lag_16': 0.6037657915014594, 'lag_17': 0.44862999482074606, 'lag_18': 0.8502325846698203, 'lag_19': 0.6496473859811398, 'lag_20': 0.6045580252680178, 'lag_21': 0.5458707253610948, 'lag_22': 0.5914866817851478, 'lag_23': 0.23630392441682813, 'lag_24': 0.8708403257877422, 'lag_25': 0.8538765626175067, 'lag_26': 0.33659204960378725, 'lag_27': 0.6505231850964924, 'lag_28': 0.5980576453872762}. Best is trial 12 with value: 0.0026141911110464473.
