[I 2025-10-03 11:37:30,732] Trial 42 finished with values: [0.04083642690686616, 0.0019475799906019057, 0.006378792302341412, 0.004430244443085303, 0.004018511639752135, 0.0029366029184511185, 0.00038808559469774627, 0.002060013004899111, 0.00022613357425948347, 0.0014857845495499628, 0.00027780079756223655, 6.304751295863036e-05, 0.0018017784491396508, 0.030735316920309445, 0.0, 0.011192607053105121, 0.013225519132155684, 0.0038286472603423676, 0.00039470895205360654, 0.00028199467321910225, 5.713364365225123e-05, 0.00024545966373634004, 0.00019139432561436363, 0.0004890494701099167, 0.0001295112122226041, 6.570382349329916e-05, 0.0008389370498805653, 0.0014724963930767643, 0.001080564997565509] and parameters: {'lag_0': 0.18277749489700276, 'lag_1': 0.10800423528014554, 'lag_2': 0.5616890412572112, 'lag_3': 0.9384246843358159, 'lag_4': 0.19753326758542977, 'lag_5': 0.8451445753271707, 'lag_6': 0.5932662047750341, 'lag_7': 0.14318439733718194, 'lag_8': 0.732957817947318, 'lag_9': 0.8517756700587883, 'lag_10': 0.08353900863110977, 'lag_11': 0.07438362596224753, 'lag_12': 0.206474109687852, 'lag_13': 0.3769900287606144, 'lag_14': 0.508164568021569, 'lag_15': 0.32866804412890116, 'lag_16': 0.25964895704520025, 'lag_17': 0.7376574452814839, 'lag_18': 0.5961075918020196, 'lag_19': 0.2036946185158598, 'lag_20': 0.4486361864606963, 'lag_21': 0.21102249820013083, 'lag_22': 0.5554690971021438, 'lag_23': 0.5670040312963851, 'lag_24': 0.8800421369890238, 'lag_25': 0.21134114647172245, 'lag_26': 0.5093467560099422, 'lag_27': 0.7854631246940275, 'lag_28': 0.7612372507038163}.
[I 2025-10-03 11:37:33,426] Trial 43 finished with values: [0.05847422220187267, 0.004738869779935097, 0.004468611835058495, 0.004983752428279099, 0.0038898656429917156, 0.004168761524963456, 0.0016690487188205621, 0.0012718736217644934, 0.0002794287955721019, 0.00125683805372464, 0.0002908490146911646, 0.00013139173052562636, 0.0018991311908189957, 0.031778944596982855, 0.0, 0.010491199686105946, 0.011814187313296833, 0.0033400085700377837, 0.00045069209440948033, 0.0005637636553815741, 8.831488812159608e-05, 0.00023373169924269596, 0.00028904177073888805, 0.00020116285093827808, 7.176852889666975e-05, 8.69520996213034e-05, 0.0008211697467435171, 0.0017962744468198546, 0.00124563822630099] and parameters: {'lag_0': 0.9636236521446462, 'lag_1': 0.48266063347830146, 'lag_2': 0.3050978780580293, 'lag_3': 0.0697632903905167, 'lag_4': 0.9926990381297152, 'lag_5': 0.1698604331504905, 'lag_6': 0.6492330303793947, 'lag_7': 0.4236253129180869, 'lag_8': 0.3706369731855385, 'lag_9': 0.7045174263741655, 'lag_10': 0.07016644062375668, 'lag_11': 0.7490301656392957, 'lag_12': 0.9461219228999131, 'lag_13': 0.4146580472891622, 'lag_14': 0.19682210783600995, 'lag_15': 0.8096244931225326, 'lag_16': 0.526009547139494, 'lag_17': 0.47762550224714156, 'lag_18': 0.36112603389146863, 'lag_19': 0.7348196810355534, 'lag_20': 0.359505338213315, 'lag_21': 0.4772508164948863, 'lag_22': 0.6027280514742797, 'lag_23': 0.41144196501892916, 'lag_24': 0.2672560043096078, 'lag_25': 0.26050870138115073, 'lag_26': 0.85506385199097, 'lag_27': 0.318688319879474, 'lag_28': 0.1362641927310634}.
[I 2025-10-03 11:37:36,103] Trial 44 finished with values: [0.04534017304469752, 0.002172976680384088, 0.00970492719472662, 0.004750139133528263, 0.0020449450000065914, 0.008219888193130092, 0.0006043419812528405, 0.0017881941736600094, 0.00021701338318357862, 0.000827252577526353, 0.0002485593281997145, 0.00026070288588573735, 0.001613336935947602, 0.03305073723593056, 0.0, 0.01136869438497864, 0.010613102691854486, 0.0036117710528123887, 0.0007506849991384637, 0.00028752621478756905, 5.050648615984e-05, 0.0003642907737509643, 0.0002172707453137974, 0.0002910207670166447, 0.00011161053777904101, 0.0002529645612630462, 0.0009915317385477574, 0.0005066193364852107, 0.00159599212252819] and parameters: {'lag_0': 0.39486959592515736, 'lag_1': 0.06433323713342785, 'lag_2': 0.5610601614565486, 'lag_3': 0.5979077933953497, 'lag_4': 0.4182272122798435, 'lag_5': 0.6245197653676653, 'lag_6': 0.08393795192403218, 'lag_7': 0.35997894381557627, 'lag_8': 0.7204188155871879, 'lag_9': 0.4877934006851299, 'lag_10': 0.6839198880374948, 'lag_11': 0.8606807599970872, 'lag_12': 0.21759649870704023, 'lag_13': 0.7808430234444387, 'lag_14': 0.9517925130764747, 'lag_15': 0.7017263406421906, 'lag_16': 0.5328571137477501, 'lag_17': 0.6890967510171851, 'lag_18': 0.5173565708000546, 'lag_19': 0.7146065126460726, 'lag_20': 0.5643062662635412, 'lag_21': 0.056880843881166765, 'lag_22': 0.94039099237319, 'lag_23': 0.515614336591749, 'lag_24': 0.7438483490450164, 'lag_25': 0.1490009112241142, 'lag_26': 0.6675925496515815, 'lag_27': 0.9864111841437778, 'lag_28': 0.6447372861443869}.
[I 2025-10-03 11:37:38,791] Trial 45 finished with values: [0.07696460449369036, 0.004449287591231599, 0.007559219793104305, 0.004586087907131384, 0.0009503530088732082, 0.003643537907288263, 0.0004028052962391562, 0.0008060111790929669, 0.001017460227726544, 0.0008346330381392329, 0.00014041428724762816, 0.00016043860217496018, 0.001642713113668271, 0.0302732445848942, 0.0, 0.010244017419957719, 0.011431909967399546, 0.003571251659400511, 0.0005794079455621016, 0.0005413976649715311, 0.000168215601551936, 0.0001578685610270654, 0.00015274893901862685, 0.000155412243065718, 0.00016105146840162386, 0.00019747433746542263, 0.0008398323335606899, 0.0013954363069978, 0.0006563319514531485] and parameters: {'lag_0': 0.12937770196554907, 'lag_1': 0.9122640326496303, 'lag_2': 0.5802603824647241, 'lag_3': 0.681809650216901, 'lag_4': 0.7493923374700316, 'lag_5': 0.15811045177978647, 'lag_6': 0.6593112006630646, 'lag_7': 0.5056246867964418, 'lag_8': 0.755030511125659, 'lag_9': 0.7927858823592494, 'lag_10': 0.3573363358311117, 'lag_11': 0.5426890912914708, 'lag_12': 0.21078998776878116, 'lag_13': 0.3967676234416652, 'lag_14': 0.7197830397862147, 'lag_15': 0.5569591168859118, 'lag_16': 0.18702782499568377, 'lag_17': 0.5603369158869407, 'lag_18': 0.42035625912636093, 'lag_19': 0.09675504226695807, 'lag_20': 0.9186974309274202, 'lag_21': 0.8502425255709164, 'lag_22': 0.15847395727916552, 'lag_23': 0.8570503502399912, 'lag_24': 0.3791060855503067, 'lag_25': 0.01434988873226013, 'lag_26': 0.9979489390975175, 'lag_27': 0.30095457853625, 'lag_28': 0.5263792772379416}.
[I 2025-10-03 11:37:41,477] Trial 46 finished with values: [0.05135998447804278, 0.002521944918253297, 0.005184324755312288, 0.001958729744220814, 0.0012071763585993884, 0.006467618552427734, 0.0007430058464993415, 0.0008968918204091634, 0.00041890699838280176, 0.0012967203291137579, 0.00031372606474513835, 0.00011686885149950516, 0.0020563820082830087, 0.032558345087052375, 0.0, 0.014275419525461585, 0.011899797896568335, 0.003678461766008105, 0.000578674159115202, 0.0006494425601838323, 0.00023898865326196032, 0.00028116514151097714, 0.000380168411688573, 0.00023095188914697978, 0.0002964228277585327, 0.0002626962547690223, 0.0008118408340831917, 0.0009641642262726558, 0.000540424786986083] and parameters: {'lag_0': 0.8438903885141261, 'lag_1': 0.2940226277500527, 'lag_2': 0.7077393598402697, 'lag_3': 0.12077174541439405, 'lag_4': 0.8322266980065576, 'lag_5': 0.5933141990773797, 'lag_6': 0.15127915052053015, 'lag_7': 0.765964797866158, 'lag_8': 0.2842466686496337, 'lag_9': 0.1796074163696825, 'lag_10': 0.28160243084968506, 'lag_11': 0.06979793931468051, 'lag_12': 0.8530302723359828, 'lag_13': 0.9070939987880321, 'lag_14': 0.7940388314558459, 'lag_15': 0.6040253691555559, 'lag_16': 0.298241997907705, 'lag_17': 0.07240049111884729, 'lag_18': 0.2594329828108733, 'lag_19': 0.2597366461223798, 'lag_20': 0.07962966508478761, 'lag_21': 0.20227673358159382, 'lag_22': 0.4742230042034391, 'lag_23': 0.6095575656313926, 'lag_24': 0.055985276281941485, 'lag_25': 0.9934768441618295, 'lag_26': 0.0012192057362992966, 'lag_27': 0.2535688888914201, 'lag_28': 0.46029687898048405}.
[I 2025-10-03 11:37:44,170] Trial 47 finished with values: [0.019967847850429925, 0.010643926464290899, 0.014727063099165045, 0.00412522767792505, 0.002034514613968816, 0.006720220655256043, 0.0015652899313379966, 0.0031605428980679305, 0.0008776237313026083, 0.0018421751591249792, 0.0005805332101825536, 0.00035086233892749107, 0.0019075301693025515, 0.03371192681449652, 0.0, 0.010280822258684246, 0.01368484007671636, 0.0035827286367882067, 0.00046049054420259074, 0.00035628997392090354, 0.0001236152356691123, 6.361968191353641e-05, 0.000136573677314423, 0.0002962054606036857, 0.0002760004522400926, 3.784300653342858e-05, 0.0010315895295417697, 0.0009321755673862526, 0.0015564012826558317] and parameters: {'lag_0': 0.4974571216959933, 'lag_1': 0.866575856135496, 'lag_2': 0.6304733332087692, 'lag_3': 0.034333778050732414, 'lag_4': 0.4273188171053212, 'lag_5': 0.6758576310098032, 'lag_6': 0.14895033859925494, 'lag_7': 0.7053709402463494, 'lag_8': 0.8482814864558685, 'lag_9': 0.458024953404329, 'lag_10': 0.6718248193241196, 'lag_11': 0.3677421890029536, 'lag_12': 0.16369220683391839, 'lag_13': 0.9728212195194653, 'lag_14': 0.38377600869423983, 'lag_15': 0.2790045194706194, 'lag_16': 0.04623646456838441, 'lag_17': 0.5585353673213777, 'lag_18': 0.3102401477667634, 'lag_19': 0.9175003840373271, 'lag_20': 0.11820090420449769, 'lag_21': 0.28964428558085015, 'lag_22': 0.13201066508901435, 'lag_23': 0.010643630345208294, 'lag_24': 0.049944742615949236, 'lag_25': 0.00559362102283006, 'lag_26': 0.049578658089555326, 'lag_27': 0.5372158710139955, 'lag_28': 0.9634519115197872}.
[I 2025-10-03 11:37:46,863] Trial 48 finished with values: [0.06056328870421668, 0.007859432645607263, 0.015536445295992324, 0.002943663115766842, 0.0022639903799435844, 0.002957433731270015, 0.0008938333017983328, 0.0018853497427568748, 0.0001461945621329618, 0.0010880637494488264, 0.0002959487937462068, 0.00021929771788424838, 0.002542972766633783, 0.03244449052107622, 0.0, 0.010229392711518516, 0.011251693492115451, 0.0032132949066547498, 0.0006013146778907365, 0.0005168561862169889, 0.00015430671087160068, 0.00021641436052961918, 0.0003482561154482125, 0.0003424798137053054, 0.00029794781502671025, 0.0002985598562651507, 0.0012543875326198142, 0.0009561569170043683, 0.000731836570152458] and parameters: {'lag_0': 0.37298486446625023, 'lag_1': 0.5011280480737867, 'lag_2': 0.9486611184116974, 'lag_3': 0.6694017452232293, 'lag_4': 0.7651157406402667, 'lag_5': 0.006273929882035887, 'lag_6': 0.8756873965222348, 'lag_7': 0.5236383551772046, 'lag_8': 0.7533111932057283, 'lag_9': 0.9147681770555501, 'lag_10': 0.2616792740412535, 'lag_11': 0.7108801072574649, 'lag_12': 0.2822502598414412, 'lag_13': 0.4859056847162298, 'lag_14': 0.0847188941102589, 'lag_15': 0.3892436923397097, 'lag_16': 0.11069196241431406, 'lag_17': 0.3409682882818373, 'lag_18': 0.21972647587297944, 'lag_19': 0.688317809716875, 'lag_20': 0.7184020652357056, 'lag_21': 0.8514300260648621, 'lag_22': 0.33924758464842925, 'lag_23': 0.5848702438939795, 'lag_24': 0.9380397424759197, 'lag_25': 0.915376322786693, 'lag_26': 0.7097112137925494, 'lag_27': 0.13685424760135503, 'lag_28': 0.5119286826857092}.
[I 2025-10-03 11:37:49,555] Trial 49 finished with values: [0.07339865257686126, 0.00839771829367919, 0.003454314077679449, 0.004408328188511326, 0.0034072087806347713, 0.004478495347753865, 0.000980104737469114, 0.0012027981923570462, 0.0007740884126116601, 0.0012487483475733423, 0.0003151493583845431, 7.813347310462063e-05, 0.0019792263173172317, 0.03166700617148414, 0.0, 0.008239010093853638, 0.011025216938718843, 0.003024383099187062, 0.0005176187124537379, 0.00042941487429318405, 0.00010958854474407229, 0.00027356886422218337, 0.00014557256140919483, 0.0002037393603913131, 0.0002654052227133982, 0.00023960985956566718, 0.0006896750471287086, 0.0008970255554811675, 0.0009190393454342737] and parameters: {'lag_0': 0.33351524402404575, 'lag_1': 0.7849516008654612, 'lag_2': 0.909577229774829, 'lag_3': 0.8862310981506548, 'lag_4': 0.09238096888051237, 'lag_5': 0.10445720352063441, 'lag_6': 0.13760858414794327, 'lag_7': 0.4403091027223556, 'lag_8': 0.5833809872353339, 'lag_9': 0.2594761732363215, 'lag_10': 0.7251590287212208, 'lag_11': 0.3761407314516429, 'lag_12': 0.5053327881317002, 'lag_13': 0.8634522661694723, 'lag_14': 0.08505668511489795, 'lag_15': 0.724119634592516, 'lag_16': 0.9504866018650981, 'lag_17': 0.5384232565791766, 'lag_18': 0.9043207572373491, 'lag_19': 0.636015521199584, 'lag_20': 0.8083565786079185, 'lag_21': 0.46058258448532313, 'lag_22': 0.9519478357437906, 'lag_23': 0.46692296825899027, 'lag_24': 0.874467380339846, 'lag_25': 0.552861928093613, 'lag_26': 0.3512135232632825, 'lag_27': 0.8167370154854302, 'lag_28': 0.6851790635879919}.
[I 2025-10-03 11:37:52,237] Trial 50 finished with values: [0.06794056290824527, 0.0004567102620333092, 0.00644844351989724, 0.003490804411384478, 0.0011821363074656782, 0.005457141143350409, 0.0003506054461919272, 0.0011843057308327859, 0.000192385962419684, 0.0011009788364740286, 9.065408516716736e-05, 0.0002693880029400039, 0.0022446359761092004, 0.03142157447603054, 0.0, 0.0120202864310462, 0.012069032586083557, 0.0035494927896734087, 0.000540744588027044, 0.0006386042075994796, 0.00011846843867732025, 0.00030643726606518763, 0.0002004815153288115, 0.00037420364273181605, 0.000198846329106786, 2.5966883404934082e-05, 0.0012514643138952686, 0.0008636380413950797, 0.00060220018074523] and parameters: {'lag_0': 0.4606674316492273, 'lag_1': 0.8231151465018584, 'lag_2': 0.3910591335504452, 'lag_3': 0.29811326761373863, 'lag_4': 0.8796899630570478, 'lag_5': 0.747183270590279, 'lag_6': 0.4607558257700919, 'lag_7': 0.20196671116286952, 'lag_8': 0.8704310862495307, 'lag_9': 0.6806240733568099, 'lag_10': 0.2208568540800101, 'lag_11': 0.49651392722076115, 'lag_12': 0.5404635847959005, 'lag_13': 0.7074722554657911, 'lag_14': 0.5864639746032887, 'lag_15': 0.7158278985484772, 'lag_16': 0.5326441611662828, 'lag_17': 0.8336474231301849, 'lag_18': 0.13887341682037163, 'lag_19': 0.1347762700370314, 'lag_20': 0.5429958078272488, 'lag_21': 0.6955315131359768, 'lag_22': 0.14661067382221932, 'lag_23': 0.12112511306577065, 'lag_24': 0.09856468129152787, 'lag_25': 0.05047316196452706, 'lag_26': 0.7780162205847081, 'lag_27': 0.4429018298650667, 'lag_28': 0.5911981367128565}.
[I 2025-10-03 11:37:54,919] Trial 51 finished with values: [0.024005999303027763, 0.003124287525709905, 0.007026148591016591, 0.004810488073316089, 0.0038803049670660165, 0.0023832602997079047, 0.000571899956098405, 0.002032757358093956, 0.00033355866460122217, 0.000848326761253836, 0.00011944553394753574, 0.00018039160617042707, 0.002203407440767834, 0.036014141128840736, 0.0, 0.009969811502804593, 0.010322370124079602, 0.00434859254196087, 0.0006046227397967112, 0.0007028688296392327, 0.0001215432996111027, 0.0002224110612994305, 0.00019393284512124635, 0.00046793936824006643, 0.00019784769986885996, 5.195914241327049e-05, 0.00045207362564928904, 0.0008529887106376751, 0.0013942988620251312] and parameters: {'lag_0': 0.509138029395632, 'lag_1': 0.9122640326496303, 'lag_2': 0.5802603824647241, 'lag_3': 0.5378784176083224, 'lag_4': 0.8531270109377107, 'lag_5': 0.15811045177978647, 'lag_6': 0.6593112006630646, 'lag_7': 0.5056246867964418, 'lag_8': 0.755030511125659, 'lag_9': 0.7927858823592494, 'lag_10': 0.6940060920955915, 'lag_11': 0.5426890912914708, 'lag_12': 0.7722106839171945, 'lag_13': 0.3967676234416652, 'lag_14': 0.7197830397862147, 'lag_15': 0.5569591168859118, 'lag_16': 0.18702782499568377, 'lag_17': 0.5603369158869407, 'lag_18': 0.42035625912636093, 'lag_19': 0.8565907021475843, 'lag_20': 0.8919957421128764, 'lag_21': 0.8502425255709164, 'lag_22': 0.487791392072906, 'lag_23': 0.3897551646760372, 'lag_24': 0.8772372701384905, 'lag_25': 0.01434988873226013, 'lag_26': 0.5924251444991988, 'lag_27': 0.30095457853625, 'lag_28': 0.7517963246152561}.
[I 2025-10-03 11:37:57,606] Trial 52 finished with values: [0.053993959043977933, 0.0017064006850147785, 0.010030615197701709, 0.004484261658938508, 0.003207769705914984, 0.003720890794432669, 0.00204147333457321, 0.0015495973259293874, 7.199460663828861e-05, 0.0006246387309154324, 0.0003696108572164232, 0.00021236166817917653, 0.0024437419254610656, 0.033190224975248483, 0.0, 0.01164739764091211, 0.01064437359915674, 0.003607441071544542, 0.0006090567318163436, 0.0002979435872656806, 6.1850928557772e-05, 0.0005073334813595351, 0.00012001343483039717, 0.00031815031726935473, 0.000279166260599119, 0.00015784177220757394, 0.0010600771694554043, 0.0008929779208872876, 0.000827221677842524] and parameters: {'lag_0': 0.7509536519679586, 'lag_1': 0.24597787802393986, 'lag_2': 0.15661598429487725, 'lag_3': 0.23597611481980638, 'lag_4': 0.4059543174584435, 'lag_5': 0.5162423801570071, 'lag_6': 0.9936855334991425, 'lag_7': 0.19695718510240878, 'lag_8': 0.9843040160123189, 'lag_9': 0.5767676862638945, 'lag_10': 0.19893046326250616, 'lag_11': 0.13454954496764635, 'lag_12': 0.18298792069605194, 'lag_13': 0.7984815398449555, 'lag_14': 0.0368531734291587, 'lag_15': 0.8569297465086675, 'lag_16': 0.953134212559544, 'lag_17': 0.46498236270810483, 'lag_18': 0.5824796999116788, 'lag_19': 0.9032663414732222, 'lag_20': 0.3066230128659374, 'lag_21': 0.14553959329857943, 'lag_22': 0.6684532214116091, 'lag_23': 0.04903426155091708, 'lag_24': 0.7358984917124564, 'lag_25': 0.7899920107984907, 'lag_26': 0.5767172608287434, 'lag_27': 0.02130153767766749, 'lag_28': 0.9758886755554782}.
[I 2025-10-03 11:38:00,288] Trial 53 finished with values: [0.04391716446504733, 0.001457917322934968, 0.005898408897325684, 0.003746466193936366, 0.0023339627423268833, 0.0034995284499317403, 0.0013025889531265188, 0.0017941206877545677, 0.00050200122162497, 0.0012015591718497968, 0.00019871244296008206, 0.0005723990643248095, 0.0025970093724553686, 0.029590465799766562, 0.0, 0.01464350364677984, 0.012394105998523433, 0.003949419010351468, 0.0008524318090654135, 0.0003157771256385488, 0.00011431608051544264, 0.0001846519005361322, 0.0002599177082366805, 0.00022763409499393944, 0.0002184664141036271, 0.00017896451547120214, 0.0006483391041831798, 0.0012428083631642374, 0.000995809779355031] and parameters: {'lag_0': 0.31750156873850294, 'lag_1': 0.16026250951321966, 'lag_2': 0.7077393598402697, 'lag_3': 0.40715122329616965, 'lag_4': 0.8322266980065576, 'lag_5': 0.5933141990773797, 'lag_6': 0.8793898616059876, 'lag_7': 0.9366102800314413, 'lag_8': 0.2904795443226553, 'lag_9': 0.1796074163696825, 'lag_10': 0.28160243084968506, 'lag_11': 0.23893909981014194, 'lag_12': 0.5351285312355737, 'lag_13': 0.9070939987880321, 'lag_14': 0.9705301881592401, 'lag_15': 0.6040253691555559, 'lag_16': 0.298241997907705, 'lag_17': 0.07240049111884729, 'lag_18': 0.9123306668967848, 'lag_19': 0.2597366461223798, 'lag_20': 0.07962966508478761, 'lag_21': 0.20227673358159382, 'lag_22': 0.8002849125398307, 'lag_23': 0.6095575656313926, 'lag_24': 0.7603164859123458, 'lag_25': 0.9934768441618295, 'lag_26': 0.5083844813215673, 'lag_27': 0.2535688888914201, 'lag_28': 0.46029687898048405}.
[I 2025-10-03 11:38:02,980] Trial 54 finished with values: [0.051599953196024714, 0.0047677231336889885, 0.008557329035075157, 0.006109062929143245, 0.002618789985462003, 0.0030921449850566064, 0.0006233979163444627, 0.0023113252387967306, 0.0006647012601289035, 0.0006297137160137159, 0.000255283969953814, 0.00011239179196429022, 0.001875437896713265, 0.03155742010085577, 0.0, 0.00971322822776624, 0.011552515818912529, 0.0034145673688898404, 0.000385360630610481, 0.00042469430652893395, 0.0001345966401426531, 0.00027410176214854155, 0.0001560093120596332, 0.0004590051835636759, 7.349835172701166e-05, 0.0002079056204733908, 0.000530771149629877, 0.0015231703577144587, 0.0016919342825256513] and parameters: {'lag_0': 0.42091534097017114, 'lag_1': 0.24597787802393986, 'lag_2': 0.2904425741978692, 'lag_3': 0.9235539147537067, 'lag_4': 0.554202446161161, 'lag_5': 0.3128208801100397, 'lag_6': 0.24956799460372203, 'lag_7': 0.19695718510240878, 'lag_8': 0.9843040160123189, 'lag_9': 0.5767676862638945, 'lag_10': 0.9714645461112524, 'lag_11': 0.13454954496764635, 'lag_12': 0.14976652721090075, 'lag_13': 0.4362246443148659, 'lag_14': 0.6418087757128762, 'lag_15': 0.34558027521474494, 'lag_16': 0.9247117733730564, 'lag_17': 0.46498236270810483, 'lag_18': 0.7923141089325023, 'lag_19': 0.7363320333300938, 'lag_20': 0.3066230128659374, 'lag_21': 0.28470415062654053, 'lag_22': 0.1519578074459779, 'lag_23': 0.8532279475121753, 'lag_24': 0.22249850308143024, 'lag_25': 0.7899920107984907, 'lag_26': 0.6592850775585413, 'lag_27': 0.9640133073892908, 'lag_28': 0.6496366217430909}.
