[I 2025-09-29 12:53:44,561] Trial 82 finished with value: 0.011419795621732969 and parameters: {'lag_0': 0.9460749762096984, 'lag_1': 0.23852068819108685, 'lag_2': 0.302289160154684, 'lag_3': 0.9075640290625326, 'lag_4': 0.14927643211287897, 'lag_5': 0.77759591478337, 'lag_6': 0.4642269839237587, 'lag_7': 0.5742872914271989, 'lag_8': 0.4907373191955903, 'lag_9': 0.19578626111860764, 'lag_10': 0.4136480936243605, 'lag_11': 0.4171262779715363, 'lag_12': 0.30572967291575465, 'lag_13': 0.8037340557660313, 'lag_14': 0.2428839897223451, 'lag_15': 0.4500117118201544, 'lag_16': 0.03637606909302173, 'lag_17': 0.2725539648291779, 'lag_18': 0.7143216541297334, 'lag_19': 0.4313095446810418, 'lag_20': 0.26027662594745893, 'lag_21': 0.10949688158739207, 'lag_22': 0.19628007603109543, 'lag_23': 0.14163295281235577, 'lag_24': 0.21340650266745168, 'lag_25': 0.2834815397810883, 'lag_26': 0.9252517379534135, 'lag_27': 0.6145824230267792, 'lag_28': 0.5106481807561867}. Best is trial 51 with value: 0.00875484715828308.
[I 2025-09-29 12:53:47,055] Trial 83 finished with value: 0.00995858999014907 and parameters: {'lag_0': 0.757536490528322, 'lag_1': 0.42959550934215246, 'lag_2': 0.1907716612033462, 'lag_3': 0.7891487962656852, 'lag_4': 0.03285498416246771, 'lag_5': 0.6791271935462531, 'lag_6': 0.8986253272621445, 'lag_7': 0.5412822209319679, 'lag_8': 0.5306597736323968, 'lag_9': 0.28200187453297554, 'lag_10': 0.5762562635820883, 'lag_11': 0.3273073870341118, 'lag_12': 0.7199999766170035, 'lag_13': 0.8922786093286807, 'lag_14': 0.11299011631430997, 'lag_15': 0.4726848743270823, 'lag_16': 0.3860551306696393, 'lag_17': 0.06724072837896972, 'lag_18': 0.4464870233455874, 'lag_19': 0.5779689783704522, 'lag_20': 0.3316299286237628, 'lag_21': 0.05938326527923246, 'lag_22': 0.28546787315344935, 'lag_23': 0.6139869695389119, 'lag_24': 0.39686324936679057, 'lag_25': 0.00011953533569422636, 'lag_26': 0.1658509269126796, 'lag_27': 0.11127205706023452, 'lag_28': 0.5362534140483627}. Best is trial 51 with value: 0.00875484715828308.
[I 2025-09-29 12:53:49,549] Trial 84 finished with value: 0.014275147272461106 and parameters: {'lag_0': 0.832264948874284, 'lag_1': 0.4289788219131272, 'lag_2': 0.1519291888553887, 'lag_3': 0.7996901198736508, 'lag_4': 0.03402218192224715, 'lag_5': 0.6715557583664374, 'lag_6': 0.8871562673031501, 'lag_7': 0.6039047319667387, 'lag_8': 0.5328120799476974, 'lag_9': 0.17779294083247021, 'lag_10': 0.7920611088901212, 'lag_11': 0.33564457659689156, 'lag_12': 0.7141519686064446, 'lag_13': 0.7610317028488688, 'lag_14': 0.10399291393905821, 'lag_15': 0.3832992796965882, 'lag_16': 0.07317266980464655, 'lag_17': 0.07574301725940108, 'lag_18': 0.45306099800181054, 'lag_19': 0.6879043386899292, 'lag_20': 0.3164463333732917, 'lag_21': 0.030153183662009173, 'lag_22': 0.3505436060469222, 'lag_23': 0.5693404651649845, 'lag_24': 0.40743514059160707, 'lag_25': 0.010303091030223884, 'lag_26': 0.24339382048577923, 'lag_27': 0.05779765016315956, 'lag_28': 0.5654451676926188}. Best is trial 51 with value: 0.00875484715828308.
[I 2025-09-29 12:53:52,052] Trial 85 finished with value: 0.01412350056869872 and parameters: {'lag_0': 0.7542642350837356, 'lag_1': 0.3906495198624109, 'lag_2': 0.8912158573409281, 'lag_3': 0.6564801255842613, 'lag_4': 0.0678442350870212, 'lag_5': 0.8077341670136212, 'lag_6': 0.9291486488334979, 'lag_7': 0.40107876717672014, 'lag_8': 0.6180373998435282, 'lag_9': 0.7594846052661857, 'lag_10': 0.11225801379855295, 'lag_11': 0.22976127064270435, 'lag_12': 0.7493705655609629, 'lag_13': 0.888305476873403, 'lag_14': 0.12743820294221014, 'lag_15': 0.46370044505043, 'lag_16': 0.4078205682651063, 'lag_17': 0.017235604455584412, 'lag_18': 0.48707217403926045, 'lag_19': 0.5945480770938496, 'lag_20': 0.0749335008013983, 'lag_21': 0.06949925118422164, 'lag_22': 0.40706577411321965, 'lag_23': 0.6129329881457162, 'lag_24': 0.4375435603216185, 'lag_25': 0.18647302709020053, 'lag_26': 0.17021682285015155, 'lag_27': 0.1514304430433381, 'lag_28': 0.6515722352562582}. Best is trial 51 with value: 0.00875484715828308.
[I 2025-09-29 12:53:54,556] Trial 86 finished with value: 0.012556170208912578 and parameters: {'lag_0': 0.6599688799949146, 'lag_1': 0.4635592808991237, 'lag_2': 0.1708405559138726, 'lag_3': 0.29901784114753177, 'lag_4': 0.11869548388949272, 'lag_5': 0.7321988828774695, 'lag_6': 0.8366201921593921, 'lag_7': 0.5478759027591223, 'lag_8': 0.655291194716768, 'lag_9': 0.27581526690634534, 'lag_10': 0.32343864503042097, 'lag_11': 0.2911409514163203, 'lag_12': 0.8424239872326262, 'lag_13': 0.5961635469972445, 'lag_14': 0.05578509945169714, 'lag_15': 0.4304126307953587, 'lag_16': 0.6100802667898957, 'lag_17': 0.10499533135236142, 'lag_18': 0.3894146887757667, 'lag_19': 0.5732133030255654, 'lag_20': 0.12536904163996979, 'lag_21': 0.7074642477987594, 'lag_22': 0.2930555330058564, 'lag_23': 0.6509422669152787, 'lag_24': 0.9152571293722782, 'lag_25': 0.07466592533892176, 'lag_26': 0.09949130151261819, 'lag_27': 0.11824571910411165, 'lag_28': 0.5921175211198189}. Best is trial 51 with value: 0.00875484715828308.
[I 2025-09-29 12:53:57,054] Trial 87 finished with value: 0.012343747680833564 and parameters: {'lag_0': 0.07919013001725722, 'lag_1': 0.33336309907691647, 'lag_2': 0.20448695127189967, 'lag_3': 0.7868732138546585, 'lag_4': 0.03749327634856342, 'lag_5': 0.6449003583955004, 'lag_6': 0.9737877441962428, 'lag_7': 0.5049503110921851, 'lag_8': 0.12460765513392189, 'lag_9': 0.9638061595374161, 'lag_10': 0.23518270304843356, 'lag_11': 0.5118411566627102, 'lag_12': 0.46650269657173293, 'lag_13': 0.10657412231243685, 'lag_14': 0.5374475320431257, 'lag_15': 0.4924667042371518, 'lag_16': 0.6612104667265082, 'lag_17': 0.17297503619205867, 'lag_18': 0.3391229401518828, 'lag_19': 0.1726444499268056, 'lag_20': 0.3452209846074338, 'lag_21': 0.1737583088908981, 'lag_22': 0.13158160132172111, 'lag_23': 0.7196786151338135, 'lag_24': 0.3578759667652729, 'lag_25': 0.04417316855201636, 'lag_26': 0.20922116185230608, 'lag_27': 0.07102082840451787, 'lag_28': 0.07932143259071328}. Best is trial 51 with value: 0.00875484715828308.
[I 2025-09-29 12:53:59,552] Trial 88 finished with value: 0.012741714849713861 and parameters: {'lag_0': 0.8721742351216447, 'lag_1': 0.4113520513314017, 'lag_2': 0.6760773636820956, 'lag_3': 0.20309327109142394, 'lag_4': 0.0024839077202628915, 'lag_5': 0.5196717177859291, 'lag_6': 0.9075579197092415, 'lag_7': 0.4508503807826446, 'lag_8': 0.5852580442126435, 'lag_9': 0.7254826758664938, 'lag_10': 0.4907235068049825, 'lag_11': 0.4074112276453115, 'lag_12': 0.7872189424747971, 'lag_13': 0.032274909205811525, 'lag_14': 0.3957574578257709, 'lag_15': 0.10367152664821681, 'lag_16': 0.3660908826143063, 'lag_17': 0.061770826921871955, 'lag_18': 0.7552423146632007, 'lag_19': 0.5383284891909872, 'lag_20': 0.22204567565441258, 'lag_21': 0.7999427561135721, 'lag_22': 0.6663894051590795, 'lag_23': 0.4683938918118937, 'lag_24': 0.48025993644760767, 'lag_25': 0.17356688633070863, 'lag_26': 0.3297646169634314, 'lag_27': 0.022312586912415125, 'lag_28': 0.5287474826369126}. Best is trial 51 with value: 0.00875484715828308.
[I 2025-09-29 12:54:02,059] Trial 89 finished with value: 0.011865743557022268 and parameters: {'lag_0': 0.18376205584939315, 'lag_1': 0.5351946550944675, 'lag_2': 0.10605008728616705, 'lag_3': 0.8778267953205587, 'lag_4': 0.16720677036026949, 'lag_5': 0.6896493265249852, 'lag_6': 0.9364150129185429, 'lag_7': 0.47031990122629097, 'lag_8': 0.45945110139973094, 'lag_9': 0.49138561393595265, 'lag_10': 0.054161021548435245, 'lag_11': 0.5484313194278194, 'lag_12': 0.9450158056324334, 'lag_13': 0.8436555036902711, 'lag_14': 0.034535804315822954, 'lag_15': 0.33939300165976205, 'lag_16': 0.21327563885537615, 'lag_17': 0.2140055424283508, 'lag_18': 0.437043978125372, 'lag_19': 0.621358403636423, 'lag_20': 0.16190814186044367, 'lag_21': 0.10034529160225752, 'lag_22': 0.7131270979726088, 'lag_23': 0.8890531368857864, 'lag_24': 0.2786406819920362, 'lag_25': 0.11529367772212368, 'lag_26': 0.2589830721062866, 'lag_27': 0.11685597998685487, 'lag_28': 0.4900210041219271}. Best is trial 51 with value: 0.00875484715828308.
[I 2025-09-29 12:54:04,557] Trial 90 finished with value: 0.011726007857074153 and parameters: {'lag_0': 0.22857188158670416, 'lag_1': 0.36342407543487526, 'lag_2': 0.9353855514412202, 'lag_3': 0.8353003327773719, 'lag_4': 0.09442550335896749, 'lag_5': 0.887129872421939, 'lag_6': 0.7713064724435456, 'lag_7': 0.34361456066746976, 'lag_8': 0.6944580393589272, 'lag_9': 0.9060667555163091, 'lag_10': 0.591809324162088, 'lag_11': 0.14554221432721437, 'lag_12': 0.6341541391890717, 'lag_13': 0.9122804338122885, 'lag_14': 0.47051015116578293, 'lag_15': 0.39971288801689264, 'lag_16': 0.8101633544795013, 'lag_17': 0.15396393255382188, 'lag_18': 0.5120675548656846, 'lag_19': 0.482087205583756, 'lag_20': 0.2882899529986942, 'lag_21': 0.06925831032387758, 'lag_22': 0.09304295538713517, 'lag_23': 0.8477869150687294, 'lag_24': 0.2504896237193583, 'lag_25': 0.9611664041152295, 'lag_26': 0.15458392783368985, 'lag_27': 0.10190431948230948, 'lag_28': 0.6725068317323104}. Best is trial 51 with value: 0.00875484715828308.
[I 2025-09-29 12:54:07,059] Trial 91 finished with value: 0.011857123776491433 and parameters: {'lag_0': 0.7000706118785757, 'lag_1': 0.11964510739721393, 'lag_2': 0.07718811124146177, 'lag_3': 0.9407061261177875, 'lag_4': 0.2801630076902875, 'lag_5': 0.7588818178160501, 'lag_6': 0.6586838898463255, 'lag_7': 0.533970554627326, 'lag_8': 0.5677544594897016, 'lag_9': 0.23299789249800307, 'lag_10': 0.005306631789861821, 'lag_11': 0.3172351929120527, 'lag_12': 0.6709972339009874, 'lag_13': 0.9646762243415402, 'lag_14': 0.23211720026360416, 'lag_15': 0.5561737728947663, 'lag_16': 0.40939845889393445, 'lag_17': 0.24524740177016185, 'lag_18': 0.8882129010427384, 'lag_19': 0.3564238160473828, 'lag_20': 0.3927594841101594, 'lag_21': 0.13072114581206634, 'lag_22': 0.25559486710730955, 'lag_23': 0.09636193683142649, 'lag_24': 0.3868772764295404, 'lag_25': 0.33656356202032045, 'lag_26': 0.5791460173793564, 'lag_27': 0.42479936411775926, 'lag_28': 0.31274071235673717}. Best is trial 51 with value: 0.00875484715828308.
[I 2025-09-29 12:54:09,562] Trial 92 finished with value: 0.013869495758151894 and parameters: {'lag_0': 0.7451411042257174, 'lag_1': 0.3127706423967135, 'lag_2': 0.45901172277476965, 'lag_3': 0.9114317011597503, 'lag_4': 0.23262392638690485, 'lag_5': 0.6122270204267178, 'lag_6': 0.5908176664541339, 'lag_7': 0.4839574367858587, 'lag_8': 0.5394527240787276, 'lag_9': 0.34969808952249654, 'lag_10': 0.36589896339635214, 'lag_11': 0.3708775099522275, 'lag_12': 0.5977238212547243, 'lag_13': 0.9372296288901132, 'lag_14': 0.1754961787576145, 'lag_15': 0.5885133440306765, 'lag_16': 0.3336008011835006, 'lag_17': 0.3033877390773029, 'lag_18': 0.8224055155062935, 'lag_19': 0.5129369405019624, 'lag_20': 0.5184652705431241, 'lag_21': 0.030432977641161162, 'lag_22': 0.28303720733980237, 'lag_23': 0.34885416332188585, 'lag_24': 0.16378567202139993, 'lag_25': 0.43249659809663465, 'lag_26': 0.3641288827765439, 'lag_27': 0.21817022382832843, 'lag_28': 0.6277449688365396}. Best is trial 51 with value: 0.00875484715828308.
[I 2025-09-29 12:54:12,066] Trial 93 finished with value: 0.013551850308307703 and parameters: {'lag_0': 0.6185637108171748, 'lag_1': 0.43680739955082454, 'lag_2': 0.22391617726987284, 'lag_3': 0.5716692932659838, 'lag_4': 0.19417303372132994, 'lag_5': 0.7160035269031703, 'lag_6': 0.883545471061128, 'lag_7': 0.3949742643301618, 'lag_8': 0.24718651398393138, 'lag_9': 0.14240565830639923, 'lag_10': 0.45892609976141363, 'lag_11': 0.28001102511292253, 'lag_12': 0.06165597501988496, 'lag_13': 0.8168637950179745, 'lag_14': 0.14246859495750885, 'lag_15': 0.6292480430775949, 'lag_16': 0.2937267570931338, 'lag_17': 0.09551485177875432, 'lag_18': 0.943120478672434, 'lag_19': 0.3944345578452781, 'lag_20': 0.3735266187136979, 'lag_21': 0.41163448911297273, 'lag_22': 0.32047676310603956, 'lag_23': 0.06217092515023909, 'lag_24': 0.5484020687147825, 'lag_25': 0.37016245115886925, 'lag_26': 0.825615369902261, 'lag_27': 0.5383429921855428, 'lag_28': 0.5483783446662654}. Best is trial 51 with value: 0.00875484715828308.
[I 2025-09-29 12:54:14,567] Trial 94 finished with value: 0.013257990286870622 and parameters: {'lag_0': 0.800570274371022, 'lag_1': 0.1493340275472034, 'lag_2': 0.12756929753277277, 'lag_3': 0.749804082317187, 'lag_4': 0.13003559460703593, 'lag_5': 0.5594384981268011, 'lag_6': 0.7213405421873185, 'lag_7': 0.4297902847896631, 'lag_8': 0.5212691223089743, 'lag_9': 0.5318310088336425, 'lag_10': 0.6675996352318307, 'lag_11': 0.2543269290684077, 'lag_12': 0.5032559105692644, 'lag_13': 0.7894088059002686, 'lag_14': 0.2133380176415444, 'lag_15': 0.5030656616015794, 'lag_16': 0.4697000565779222, 'lag_17': 0.02597907332361135, 'lag_18': 0.6112030174355059, 'lag_19': 0.44415659109744915, 'lag_20': 0.02926300091099575, 'lag_21': 0.16538568478430238, 'lag_22': 0.22079075140935123, 'lag_23': 0.9123128402038623, 'lag_24': 0.3161444034543867, 'lag_25': 0.5601818972733013, 'lag_26': 0.8837799954577897, 'lag_27': 0.35946349735530764, 'lag_28': 0.40280030492933877}. Best is trial 51 with value: 0.00875484715828308.
[I 2025-09-29 12:54:17,084] Trial 95 finished with value: 0.01268808651003287 and parameters: {'lag_0': 0.8571470450001043, 'lag_1': 0.26408390230261125, 'lag_2': 0.02903797206211797, 'lag_3': 0.8677419481741737, 'lag_4': 0.41388637969944597, 'lag_5': 0.6977044248218975, 'lag_6': 0.6155902882294507, 'lag_7': 0.5627263181209571, 'lag_8': 0.6155301372454602, 'lag_9': 0.310143673047543, 'lag_10': 0.40836628929711244, 'lag_11': 0.3494971503077988, 'lag_12': 0.25531274243433083, 'lag_13': 0.8764678895640394, 'lag_14': 0.36948403833758825, 'lag_15': 0.17154700702294817, 'lag_16': 0.5707836963903746, 'lag_17': 0.1847225628201339, 'lag_18': 0.3570083899033638, 'lag_19': 0.3096321423423871, 'lag_20': 0.10751952105667123, 'lag_21': 0.665869425390156, 'lag_22': 0.38546824361325016, 'lag_23': 0.20009232322809758, 'lag_24': 0.5137827612451119, 'lag_25': 0.4728378392177323, 'lag_26': 0.7688461437968658, 'lag_27': 0.17799963713259587, 'lag_28': 0.4493742203944459}. Best is trial 51 with value: 0.00875484715828308.
[I 2025-09-29 12:54:19,583] Trial 96 finished with value: 0.012389060879734173 and parameters: {'lag_0': 0.3771525755651719, 'lag_1': 0.3867087111887089, 'lag_2': 0.18558716447975376, 'lag_3': 0.4221280916283802, 'lag_4': 0.36568774699713424, 'lag_5': 0.6622513889890826, 'lag_6': 0.9843180026282098, 'lag_7': 0.27585608178068244, 'lag_8': 0.6372700387777237, 'lag_9': 0.28561335865030396, 'lag_10': 0.5640814653140543, 'lag_11': 0.1937111763586431, 'lag_12': 0.5391057976562308, 'lag_13': 0.9003509004152929, 'lag_14': 0.2833041602129512, 'lag_15': 0.6975989204953645, 'lag_16': 0.4370459546878794, 'lag_17': 0.33248415938478737, 'lag_18': 0.5587414388668717, 'lag_19': 0.5605440634078478, 'lag_20': 0.3249556239701358, 'lag_21': 0.33226325523799916, 'lag_22': 0.5310256163651398, 'lag_23': 0.8306195298121952, 'lag_24': 0.43040105114148086, 'lag_25': 0.6170913245822616, 'lag_26': 0.7127097823335924, 'lag_27': 0.28984882002920725, 'lag_28': 0.1707255124340739}. Best is trial 51 with value: 0.00875484715828308.
[I 2025-09-29 12:54:22,082] Trial 97 finished with value: 0.014142040183387569 and parameters: {'lag_0': 0.814900406788705, 'lag_1': 0.19668214320955413, 'lag_2': 0.3266768020459557, 'lag_3': 0.8212725422114152, 'lag_4': 0.07658604422533329, 'lag_5': 0.4799997493007598, 'lag_6': 0.8185544266195077, 'lag_7': 0.5124696776888977, 'lag_8': 0.20691401800260545, 'lag_9': 0.20288479526705647, 'lag_10': 0.43639462364955, 'lag_11': 0.45492814689105154, 'lag_12': 0.20127902369975545, 'lag_13': 0.8563197644345213, 'lag_14': 0.1017427886245703, 'lag_15': 0.48622599173543773, 'lag_16': 0.6463317220009384, 'lag_17': 0.1244251057225077, 'lag_18': 0.40553399603682316, 'lag_19': 0.4791514686606255, 'lag_20': 0.48166882922964754, 'lag_21': 0.6211551298819271, 'lag_22': 0.1609854006832059, 'lag_23': 0.7947546497223309, 'lag_24': 0.01705897142804963, 'lag_25': 0.1260728970240434, 'lag_26': 0.05013485475087112, 'lag_27': 0.48948452620216626, 'lag_28': 0.48017340959186827}. Best is trial 51 with value: 0.00875484715828308.
[I 2025-09-29 12:54:24,582] Trial 98 finished with value: 0.01182908050994062 and parameters: {'lag_0': 0.566517943448437, 'lag_1': 0.47023914926941623, 'lag_2': 0.7711738403533048, 'lag_3': 0.9699098155871825, 'lag_4': 0.6379495755704022, 'lag_5': 0.5851457936611404, 'lag_6': 0.47480154642328126, 'lag_7': 0.6040898267848654, 'lag_8': 0.5757254002003567, 'lag_9': 0.24684800098626578, 'lag_10': 0.8331554364218852, 'lag_11': 0.30471709248173007, 'lag_12': 0.12205806237104783, 'lag_13': 0.5176171331483359, 'lag_14': 0.44544492787983464, 'lag_15': 0.000366400331532922, 'lag_16': 0.3879283912927899, 'lag_17': 0.26024168547598503, 'lag_18': 0.7984653849937496, 'lag_19': 0.40794625479182944, 'lag_20': 0.4381100159236805, 'lag_21': 0.09123600338340185, 'lag_22': 0.4834773334385356, 'lag_23': 0.16663571251653048, 'lag_24': 0.46211224817937563, 'lag_25': 0.7990897109950554, 'lag_26': 0.40293490518718134, 'lag_27': 0.4540007005832234, 'lag_28': 0.5770047261620601}. Best is trial 51 with value: 0.00875484715828308.
[I 2025-09-29 12:54:27,090] Trial 99 finished with value: 0.011909688142041857 and parameters: {'lag_0': 0.3356611806652634, 'lag_1': 0.5012092205008893, 'lag_2': 0.1556557161903016, 'lag_3': 0.9304664375089488, 'lag_4': 0.05433416105098121, 'lag_5': 0.7736472160970796, 'lag_6': 0.5673266437539601, 'lag_7': 0.3647726643124688, 'lag_8': 0.6830297198483168, 'lag_9': 0.1810015329325082, 'lag_10': 0.506808892562825, 'lag_11': 0.38293659472440267, 'lag_12': 0.16203145993098977, 'lag_13': 0.708700712938554, 'lag_14': 0.34073181042647904, 'lag_15': 0.5322121806562843, 'lag_16': 0.7118906013126566, 'lag_17': 0.22684429323909547, 'lag_18': 0.382856977469837, 'lag_19': 0.543981594339864, 'lag_20': 0.056017775419202165, 'lag_21': 0.051175313193621966, 'lag_22': 0.2065147070756425, 'lag_23': 0.7672118793155878, 'lag_24': 0.3609442531360942, 'lag_25': 0.8418171786627772, 'lag_26': 0.17046261544559416, 'lag_27': 0.23915896106855922, 'lag_28': 0.5241790496087785}. Best is trial 51 with value: 0.00875484715828308.
[I 2025-09-29 12:54:27,104] A new study created in memory with name: no-name-30e8a0b2-0320-4dce-adfa-55b66eeb574b
[I 2025-09-29 12:54:29,567] Trial 0 finished with value: 0.007124973493012108 and parameters: {'lag_0': 0.7266682144786215, 'lag_1': 0.17563898086095447, 'lag_2': 0.8995901090341675, 'lag_3': 0.033271063359046525, 'lag_4': 0.4144249576952193, 'lag_5': 0.8104654784891718, 'lag_6': 0.34664709572177343, 'lag_7': 0.7472810516927396, 'lag_8': 0.5502076139901124, 'lag_9': 0.20660553698133746, 'lag_10': 0.3516100451928355, 'lag_11': 0.23197497052279045, 'lag_12': 0.9308226430349835, 'lag_13': 0.9970575814785391, 'lag_14': 0.04672154078189059, 'lag_15': 0.9667100542262622, 'lag_16': 0.21423490572883508, 'lag_17': 0.89177549820205, 'lag_18': 0.7853426090091628, 'lag_19': 0.7435432883188141, 'lag_20': 0.053879175568743956, 'lag_21': 0.2892994495250996, 'lag_22': 0.9504216848113693, 'lag_23': 0.7602767495495347, 'lag_24': 0.4089180296702371, 'lag_25': 0.8032014297172396, 'lag_26': 0.25312612711664984, 'lag_27': 0.6006204193640681, 'lag_28': 0.24748574581869814}. Best is trial 0 with value: 0.007124973493012108.
[I 2025-09-29 12:54:32,029] Trial 1 finished with value: 0.007539409060136391 and parameters: {'lag_0': 0.6482319800265842, 'lag_1': 0.9908189451909363, 'lag_2': 0.033532110474510705, 'lag_3': 0.5923969746392344, 'lag_4': 0.6587962290865734, 'lag_5': 0.9160947108309522, 'lag_6': 0.5255577303195347, 'lag_7': 0.9019394866694517, 'lag_8': 0.21117179768821892, 'lag_9': 0.5540960084255673, 'lag_10': 0.9697110899190892, 'lag_11': 0.5586297424319016, 'lag_12': 0.16520416898302573, 'lag_13': 0.49305285294723766, 'lag_14': 0.7065319898493662, 'lag_15': 0.9024447508478252, 'lag_16': 0.5217422303021161, 'lag_17': 0.029381976719850267, 'lag_18': 0.9069870721042026, 'lag_19': 0.38965312871101737, 'lag_20': 0.02883147105611546, 'lag_21': 0.8920096245182495, 'lag_22': 0.034521420036980686, 'lag_23': 0.568064987371391, 'lag_24': 0.7164290447725126, 'lag_25': 0.4398134042106591, 'lag_26': 0.11926479416829122, 'lag_27': 0.43951236235028956, 'lag_28': 0.2722084027927649}. Best is trial 0 with value: 0.007124973493012108.
[I 2025-09-29 12:54:34,606] Trial 2 finished with value: 0.007376950209818227 and parameters: {'lag_0': 0.3218663399208736, 'lag_1': 0.7840760120260958, 'lag_2': 0.36447053524424605, 'lag_3': 0.4657368228275357, 'lag_4': 0.28846314062747136, 'lag_5': 0.9922960476498162, 'lag_6': 0.5936040977880911, 'lag_7': 0.10008257618257686, 'lag_8': 0.36279873722310835, 'lag_9': 0.6954084665633967, 'lag_10': 0.986700319131917, 'lag_11': 0.16594489499850149, 'lag_12': 0.8571444909716507, 'lag_13': 0.09829331269318572, 'lag_14': 0.8550545138551716, 'lag_15': 0.5154688457331267, 'lag_16': 0.403413963429088, 'lag_17': 0.48710762653684586, 'lag_18': 0.3833443824907761, 'lag_19': 0.23251791819882872, 'lag_20': 0.30717777531871915, 'lag_21': 0.4201552225367686, 'lag_22': 0.23806767197029732, 'lag_23': 0.6943225284885401, 'lag_24': 0.7639766572355812, 'lag_25': 0.2512614013976052, 'lag_26': 0.5432812194005118, 'lag_27': 0.7364548828935286, 'lag_28': 0.038108223450089775}. Best is trial 0 with value: 0.007124973493012108.
