[I 2025-10-03 11:37:20,852] Trial 42 finished with values: [0.001986996858791731, 0.0031160961915446548, 0.00203757840492793, 0.002119712402025649, 0.0009684038166423992, 0.0005156769934685335, 0.0016009464179825455, 0.00019774674601946815, 0.0003160042497307907, 0.000988594715086479, 0.00043950816044160815, 0.0032220495123793163, 0.004531454132087576, 0.0096400855904068, 0.0, 0.11802104291085802, 0.00011938324813085246, 0.006311709670936616, 0.00518104448384918, 0.0007344368538475329, 0.0017144494351806218, 0.013662059292505913, 0.0014290946736044998, 0.002840248003155483, 0.004051759776607005, 0.005901651956828158, 0.0002574948025676585, 0.0024500138460817962, 0.002515279001206257] and parameters: {'lag_0': 0.907967714117309, 'lag_1': 0.20763392067788766, 'lag_2': 0.3450366242031892, 'lag_3': 0.5312633915336465, 'lag_4': 0.9509859226371282, 'lag_5': 0.9438701004376561, 'lag_6': 0.03345269233633309, 'lag_7': 0.22393603594697628, 'lag_8': 0.03118433456542502, 'lag_9': 0.8452447820956606, 'lag_10': 0.33674094857669795, 'lag_11': 0.23020063629384166, 'lag_12': 0.37392807659737065, 'lag_13': 0.766658918084809, 'lag_14': 0.01905903437349944, 'lag_15': 0.7500099459148296, 'lag_16': 0.9829311814797297, 'lag_17': 0.5598089700591343, 'lag_18': 0.5022570606622988, 'lag_19': 0.1195581345355908, 'lag_20': 0.6637406192041336, 'lag_21': 0.22059942507504002, 'lag_22': 0.5190316265879531, 'lag_23': 0.32482721057739095, 'lag_24': 0.6217830158499009, 'lag_25': 0.9491623846739152, 'lag_26': 0.7677032882033292, 'lag_27': 0.13502588865148157, 'lag_28': 0.24541828325767415}.
[I 2025-10-03 11:37:23,469] Trial 43 finished with values: [0.0032738933837834936, 0.0013969486605286273, 0.0016798265146113392, 0.0024540434796166085, 0.0004413073679853904, 0.0009903577599692953, 0.0035066662408461172, 0.00011854351370495075, 0.0006565375459892799, 0.0006649723444091584, 0.0004914285186181254, 0.0018085141580982754, 0.0036745550262716406, 0.009226499931212103, 0.0, 0.12439978505640348, 9.735556053500336e-05, 0.00549842497996255, 0.006600940099329195, 0.0008719761139439633, 0.0017488973617812837, 0.013398672193611766, 0.0016888837227686845, 0.0024097593939471735, 0.005307473890664395, 0.006203704753344292, 0.0003904567071128808, 0.0023983215785662437, 0.00126669542031058] and parameters: {'lag_0': 0.45610952627797463, 'lag_1': 0.8130399628473185, 'lag_2': 0.7672886454240928, 'lag_3': 0.7236801956549713, 'lag_4': 0.23863788025864166, 'lag_5': 0.41098268672347416, 'lag_6': 0.6493339966733138, 'lag_7': 0.5490590261014324, 'lag_8': 0.34395373520269723, 'lag_9': 0.10669248208488732, 'lag_10': 0.7871919801779371, 'lag_11': 0.2300552887026088, 'lag_12': 0.9990993689147589, 'lag_13': 0.8559414445126453, 'lag_14': 0.4324411471285054, 'lag_15': 0.2695695345595006, 'lag_16': 0.6992610750508806, 'lag_17': 0.8675807507998718, 'lag_18': 0.2554718119510974, 'lag_19': 0.3602567370809614, 'lag_20': 0.08721269753499618, 'lag_21': 0.20474346106370964, 'lag_22': 0.597084456610145, 'lag_23': 0.794516433819325, 'lag_24': 0.7879803974971985, 'lag_25': 0.9210899593037909, 'lag_26': 0.05384264090053881, 'lag_27': 0.09861058482834201, 'lag_28': 0.15333102160220527}.
[I 2025-10-03 11:37:26,074] Trial 44 finished with values: [0.0019121418596943073, 0.0016308724840347316, 0.0004141721320614791, 0.001739838913884405, 0.0032895581547151614, 0.001002912219727373, 0.0024654420633336755, 0.0002964365890333394, 0.00034587016503008, 0.001214581225384159, 0.0005666303167393532, 0.0022227728265788336, 0.0050323001674254355, 0.007887674338447049, 0.0, 0.12098576936571614, 0.00019202584959258389, 0.004860065362226568, 0.005806547915129331, 0.0013812663789785407, 0.0015731866466676043, 0.013234100673353835, 0.001407096461010894, 0.00296450332413726, 0.005116223644390851, 0.004398660823827385, 0.0001540657905656539, 0.0018346038978808924, 0.0016422025382245927] and parameters: {'lag_0': 0.5983519470169023, 'lag_1': 0.39618231969238077, 'lag_2': 0.058873228843594104, 'lag_3': 0.19199326617559992, 'lag_4': 0.9474994980993334, 'lag_5': 0.7974178573806731, 'lag_6': 0.8762463698750611, 'lag_7': 0.8773102592190798, 'lag_8': 0.7329739064646287, 'lag_9': 0.19717482834984135, 'lag_10': 0.10830787841821905, 'lag_11': 0.7127277139893934, 'lag_12': 0.678898370817493, 'lag_13': 0.867960622187951, 'lag_14': 0.9257614403794475, 'lag_15': 0.4793591638773063, 'lag_16': 0.05823961617082929, 'lag_17': 0.4882555824133266, 'lag_18': 0.9182425607484889, 'lag_19': 0.9228113196261438, 'lag_20': 0.17463486364906325, 'lag_21': 0.3218317566632498, 'lag_22': 0.934824022370543, 'lag_23': 0.3445481111902756, 'lag_24': 0.5225676314140132, 'lag_25': 0.06286273784168553, 'lag_26': 0.8197427539050346, 'lag_27': 0.6595120827513203, 'lag_28': 0.16072305594331854}.
[I 2025-10-03 11:37:28,678] Trial 45 finished with values: [0.0025004109138724528, 0.0031044734419370594, 0.0018505040490392275, 0.0010763165702490185, 0.0017622507876714302, 0.0010944770344476717, 0.002345494843915029, 0.0002927692342623566, 0.0010105942465610217, 0.0007567596264122806, 4.689190168638073e-06, 0.002104644586071487, 0.003751679207041106, 0.008254322535467215, 0.0, 0.1335845334462326, 0.0007394224798468222, 0.005779972806033517, 0.005221145479908267, 0.0010372729786724487, 0.00217491643989389, 0.014217558047370193, 0.001328701110633249, 0.0024837748320259666, 0.004440849487114505, 0.00549838642600377, 0.00017711695560189737, 0.002903962062865241, 0.0017198170678729388] and parameters: {'lag_0': 0.5825942421886412, 'lag_1': 0.09859557579859102, 'lag_2': 0.7807304474960931, 'lag_3': 0.8619891407012935, 'lag_4': 0.512426227285826, 'lag_5': 0.44117642803719503, 'lag_6': 0.19072756332651938, 'lag_7': 0.6202406451245527, 'lag_8': 0.33770073883626966, 'lag_9': 0.6730016739883028, 'lag_10': 0.6482649459659883, 'lag_11': 0.8359287958185557, 'lag_12': 0.2659748678034437, 'lag_13': 0.5896154833732884, 'lag_14': 0.6699502791962806, 'lag_15': 0.4591260830384376, 'lag_16': 0.5284997246142268, 'lag_17': 0.7639365753062426, 'lag_18': 0.5892215177315494, 'lag_19': 0.07628297241582677, 'lag_20': 0.9436451399151969, 'lag_21': 0.6366094517676185, 'lag_22': 0.020120418141786493, 'lag_23': 0.5368707418409381, 'lag_24': 0.20101695516054557, 'lag_25': 0.6699205120233994, 'lag_26': 0.20851578975826032, 'lag_27': 0.05300320833461957, 'lag_28': 0.2821862619118882}.
[I 2025-10-03 11:37:31,285] Trial 46 finished with values: [0.001377953825506273, 0.00044854900833428575, 0.0008079576615891412, 0.0026424692751564434, 0.00107778291380424, 0.0007814257072143579, 0.0033148149815220773, 0.00044790561133850056, 0.0006782956538889464, 0.0006855157499305816, 0.00023229111961953802, 0.003098554932873746, 0.003883973241969531, 0.008460323101598683, 0.0, 0.13081596382345906, 0.0002705256538248434, 0.005585449770714993, 0.005822970174221284, 0.0010878905837511633, 0.002006022197366571, 0.01303627315368889, 0.0022360159338304397, 0.0027873226457980197, 0.0049102719277587, 0.005703993215937316, 0.00017438766554629152, 0.0024382760501969357, 0.0030504549653257193] and parameters: {'lag_0': 0.9531244517127686, 'lag_1': 0.6730698812545408, 'lag_2': 0.3066117340453784, 'lag_3': 0.07002812474004774, 'lag_4': 0.1258670647846295, 'lag_5': 0.4288946939852603, 'lag_6': 0.3403219402779181, 'lag_7': 0.545180899238346, 'lag_8': 0.233958985883317, 'lag_9': 0.46431613123320736, 'lag_10': 0.21879850775215562, 'lag_11': 0.4229198420476886, 'lag_12': 0.742273511086955, 'lag_13': 0.7459532068726041, 'lag_14': 0.34253994511920083, 'lag_15': 0.45339150133156736, 'lag_16': 0.5265528482063314, 'lag_17': 0.41825330088772755, 'lag_18': 0.5669529162801311, 'lag_19': 0.5839701173574074, 'lag_20': 0.46087282089257414, 'lag_21': 0.33490328065974606, 'lag_22': 0.2749155511635095, 'lag_23': 0.444352494138059, 'lag_24': 0.14448090137174047, 'lag_25': 0.6445237392408123, 'lag_26': 0.10354836194999657, 'lag_27': 0.4722662549128069, 'lag_28': 0.20402151093538012}.
[I 2025-10-03 11:37:33,892] Trial 47 finished with values: [0.00450361604207758, 0.0012665367520861884, 0.0008301919625098014, 0.0026635721575921463, 0.00043050866816345313, 0.0011175152248870401, 0.0035249855072897766, 0.00033992505823302467, 0.0003049197213253373, 0.0006557983290665567, 0.0001377606765710289, 0.0025117339965105897, 0.0041997055516706586, 0.008166067696037598, 0.0, 0.11944166687817895, 0.000290693253590046, 0.005611509039469163, 0.00576312902662901, 0.0013826770499723953, 0.0014691243862994788, 0.013630182833642665, 0.0010762063878057009, 0.002114300359559295, 0.0048644682475477135, 0.004984805466551148, 0.00014655728332720508, 0.0013708128620556165, 0.0012918769823471391] and parameters: {'lag_0': 0.48961952269024817, 'lag_1': 0.29654787327088966, 'lag_2': 0.20834515584178856, 'lag_3': 0.8584878536836482, 'lag_4': 0.33623077169002413, 'lag_5': 0.8860099582918646, 'lag_6': 0.3641689077425294, 'lag_7': 0.5520702415054237, 'lag_8': 0.6012861408463989, 'lag_9': 0.19382901223934518, 'lag_10': 0.38450952459358834, 'lag_11': 0.8998926500212397, 'lag_12': 0.29762806718193024, 'lag_13': 0.1303760064199093, 'lag_14': 0.23141511831986386, 'lag_15': 0.5900453819767881, 'lag_16': 0.14389176970421602, 'lag_17': 0.2752822971042249, 'lag_18': 0.4080669434032815, 'lag_19': 0.46978316691246236, 'lag_20': 0.3585206117082046, 'lag_21': 0.14535792330808964, 'lag_22': 0.8603477669551639, 'lag_23': 0.7536639439944325, 'lag_24': 0.4639137975184237, 'lag_25': 0.8996294226886569, 'lag_26': 0.44874133038505504, 'lag_27': 0.015939708597018543, 'lag_28': 0.7477846252229907}.
[I 2025-10-03 11:37:36,502] Trial 48 finished with values: [0.002521184892979765, 0.0020984946928372878, 0.0010374032586673348, 0.001141500728426583, 0.00014529993274961335, 0.0007032599531584324, 0.005324262579776637, 0.00027034749617342406, 0.0004472421201190045, 0.0005245888374334274, 0.0007667813473333231, 0.0031323141769436743, 0.004798296957530819, 0.009442086405547565, 0.0, 0.13317468466582955, 0.0005483228763782453, 0.004919335145960177, 0.005291836237494238, 0.0013652052345025443, 0.0022750471602176682, 0.012517077899548739, 0.0016886144117777893, 0.002720966231401052, 0.004365497132558078, 0.0051441867574059386, 0.00020763026781457327, 0.002319365160554893, 0.002204652218918606] and parameters: {'lag_0': 0.8776458687503871, 'lag_1': 0.48379496557059615, 'lag_2': 0.3217917360099826, 'lag_3': 0.7404129451938016, 'lag_4': 0.8368395364589605, 'lag_5': 0.7483989191421808, 'lag_6': 0.5455620773853979, 'lag_7': 0.16797811433865023, 'lag_8': 0.43740299085178175, 'lag_9': 0.6527577315499599, 'lag_10': 0.3295523095449286, 'lag_11': 0.8486976084530242, 'lag_12': 0.6719871094846886, 'lag_13': 0.19579382946892948, 'lag_14': 0.44146855163681586, 'lag_15': 0.22258567708363744, 'lag_16': 0.9422365713675334, 'lag_17': 0.4672657548527004, 'lag_18': 0.18623832279335353, 'lag_19': 0.6409330438639523, 'lag_20': 0.7769713250526584, 'lag_21': 0.6715038034926331, 'lag_22': 0.5572832976587628, 'lag_23': 0.1912771655426574, 'lag_24': 0.7766379608204781, 'lag_25': 0.4182815985387482, 'lag_26': 0.8468975077980311, 'lag_27': 0.7968520176664695, 'lag_28': 0.5144509986914056}.
[I 2025-10-03 11:37:39,109] Trial 49 finished with values: [0.0011406627855922505, 0.0023244900910472923, 0.002061502665749147, 0.0014002286818351082, 0.001182763884502828, 0.00019404866187373526, 0.002618109058493392, 0.00027293645373859687, 0.0008111743301042762, 9.096727770039272e-05, 0.00012050771133404378, 0.0022195363887919546, 0.005013530188212998, 0.008706961115571368, 0.0, 0.12592405967309164, 0.00041335508053881294, 0.0056024117178927624, 0.005880750378720422, 0.0014938481197787543, 0.0017715950068344075, 0.011425122555951293, 0.0010240238227058303, 0.0025443628769510067, 0.00467207782362322, 0.005511318653057942, 6.56627496132066e-05, 0.0019222331254868268, 0.001031154492152882] and parameters: {'lag_0': 0.46151932512956806, 'lag_1': 0.6010842297431784, 'lag_2': 0.4578956548060858, 'lag_3': 0.2665692897766084, 'lag_4': 0.30941005501447416, 'lag_5': 0.4896290709262237, 'lag_6': 0.23086271461532976, 'lag_7': 0.7083768180336613, 'lag_8': 0.7942672808934668, 'lag_9': 0.8937194780657969, 'lag_10': 0.2105191197472839, 'lag_11': 0.08143304766379414, 'lag_12': 0.8776674286569641, 'lag_13': 0.7635440044006717, 'lag_14': 0.9257016875595603, 'lag_15': 0.7198860571494397, 'lag_16': 0.3522689046221619, 'lag_17': 0.08900932389422549, 'lag_18': 0.44810259886241377, 'lag_19': 0.8706981733414504, 'lag_20': 0.5555586346407908, 'lag_21': 0.4941658206347853, 'lag_22': 0.12756883655965848, 'lag_23': 0.14825723812650013, 'lag_24': 0.8714602005705396, 'lag_25': 0.24783171371907503, 'lag_26': 0.46208816484620635, 'lag_27': 0.7500603108752636, 'lag_28': 0.05934242699197781}.
[I 2025-10-03 11:37:41,711] Trial 50 finished with values: [0.004550437206322987, 0.0033594067163045887, 0.0009078249558137254, 0.0006774437317925315, 0.0005705333156943646, 0.0006888368324680879, 0.003185309233432523, 0.0002830275320631179, 0.0004006606899401231, 0.0003388175375558012, 0.0008358649536147917, 0.0019634247218003357, 0.004580181960604039, 0.00851278486479424, 0.0, 0.13274988115901565, 0.0005352201679059523, 0.005629113959519513, 0.006187416208074699, 0.000691519354952609, 0.002239916769602926, 0.01325184096204493, 0.001482621518650641, 0.0028895720851649744, 0.004861273372216809, 0.006077609008937033, 0.000126226063188987, 0.002112137524143264, 0.002300129477154073] and parameters: {'lag_0': 0.0614813716642494, 'lag_1': 0.7354221580103855, 'lag_2': 0.0021503257036794014, 'lag_3': 0.627584796108472, 'lag_4': 0.036519911380240626, 'lag_5': 0.49903085053994883, 'lag_6': 0.2130807647181307, 'lag_7': 0.9462867313676057, 'lag_8': 0.2993348564188264, 'lag_9': 0.7250515088316848, 'lag_10': 0.9479148104221891, 'lag_11': 0.9508346606798014, 'lag_12': 0.2495954160645111, 'lag_13': 0.00045604478626577266, 'lag_14': 0.817901873745361, 'lag_15': 0.38469416439653875, 'lag_16': 0.12538622669199406, 'lag_17': 0.1782564931872451, 'lag_18': 0.9560449919692391, 'lag_19': 0.7076835497012353, 'lag_20': 0.6669987420027442, 'lag_21': 0.12142981861109275, 'lag_22': 0.26043584840756673, 'lag_23': 0.04175862551121426, 'lag_24': 0.00640816565167494, 'lag_25': 0.3730091395592289, 'lag_26': 0.8697023309358464, 'lag_27': 0.4996026301809074, 'lag_28': 0.28150392204481167}.
[I 2025-10-03 11:37:44,316] Trial 51 finished with values: [0.002942371612243407, 0.001351197210193404, 0.0012973769201679252, 0.005347675459249091, 0.0009615270035852585, 0.0004888085802342851, 0.002745546746344782, 0.00037118082076112316, 0.00033995912930575656, 0.0003122443037231272, 0.0009763541846518099, 0.003724546028513749, 0.003135923822840455, 0.00820981911225307, 0.0, 0.12026243777712939, 0.000478566667171747, 0.0053968277178574045, 0.005588535299661977, 0.0009985154573467104, 0.0022245655794392457, 0.012732110314394612, 0.001182133055134891, 0.0022615302264892808, 0.005045360662835742, 0.005169337386377804, 0.0002936249395666881, 0.00225796194468475, 0.0029786565029914147] and parameters: {'lag_0': 0.48961952269024817, 'lag_1': 0.29654787327088966, 'lag_2': 0.20834515584178856, 'lag_3': 0.8584878536836482, 'lag_4': 0.33623077169002413, 'lag_5': 0.8008015264936179, 'lag_6': 0.6075525268912427, 'lag_7': 0.5520702415054237, 'lag_8': 0.3749498510036845, 'lag_9': 0.41567113598920696, 'lag_10': 0.3492335745945435, 'lag_11': 0.6800179953823572, 'lag_12': 0.29762806718193024, 'lag_13': 0.1303760064199093, 'lag_14': 0.7226304562376649, 'lag_15': 0.645605987705432, 'lag_16': 0.14389176970421602, 'lag_17': 0.2752822971042249, 'lag_18': 0.9331956875586628, 'lag_19': 0.4479411150337918, 'lag_20': 0.016188893982601184, 'lag_21': 0.4662822791836878, 'lag_22': 0.8603477669551639, 'lag_23': 0.2731186275462809, 'lag_24': 0.4639137975184237, 'lag_25': 0.8996294226886569, 'lag_26': 0.09501170611004191, 'lag_27': 0.015939708597018543, 'lag_28': 0.7477846252229907}.
[I 2025-10-03 11:37:46,928] Trial 52 finished with values: [0.01059335963182117, 0.0010956660012874067, 0.002016863400781247, 0.002016020201071507, 0.0028884697703349485, 0.001037037697303369, 0.002085153310804648, 7.847130701537265e-05, 0.0004309925221314366, 0.0008875426870731363, 0.00033917891433042364, 0.0025321193719011425, 0.004529127837634432, 0.004877814602530945, 0.0, 0.12840298432135422, 0.0006946431228095686, 0.0054840640889830235, 0.006000044886372565, 0.0012628951839170571, 0.0021692413309009444, 0.012419125033515617, 0.001435825458311574, 0.0026342245075420116, 0.004772061915140556, 0.0049038693986717995, 0.00016466311138717008, 0.002881792376115105, 0.00355304499857206] and parameters: {'lag_0': 0.8584892619305357, 'lag_1': 0.3870811397586044, 'lag_2': 0.13693467748178373, 'lag_3': 0.49609763180738337, 'lag_4': 0.4835251622239631, 'lag_5': 0.8492456985219944, 'lag_6': 0.309102321052175, 'lag_7': 0.9316877308203825, 'lag_8': 0.6692610491576914, 'lag_9': 0.6867994527555346, 'lag_10': 0.19291871223063953, 'lag_11': 0.38288800855235244, 'lag_12': 0.41007787034461063, 'lag_13': 0.9364690297119731, 'lag_14': 0.5283737689210618, 'lag_15': 0.982849492996069, 'lag_16': 0.05994999313973786, 'lag_17': 0.5817397827275074, 'lag_18': 0.6115219806852028, 'lag_19': 0.3038841429019914, 'lag_20': 0.05509000819623177, 'lag_21': 0.8442186377060106, 'lag_22': 0.39452722875068647, 'lag_23': 0.5221800455924617, 'lag_24': 0.32876083095728903, 'lag_25': 0.3299238970931959, 'lag_26': 0.9923629013178054, 'lag_27': 0.5364180558944533, 'lag_28': 0.22307137943858246}.
[I 2025-10-03 11:37:49,536] Trial 53 finished with values: [0.008835218782771232, 0.0033095271101634106, 0.0031795013000751695, 0.0022063595505051907, 0.0006074744546193057, 0.00033871413472796814, 0.0034173434858711057, 0.00023717615476817792, 0.00044737814807854163, 0.0002478646199408785, 0.00031562818663468685, 0.002884420282814832, 0.003345748251966503, 0.008995284322166779, 0.0, 0.12677250460064596, 0.0005122679570564012, 0.006277404836538991, 0.006391165947339112, 0.0009649474724511293, 0.001890236402929227, 0.01074218387981274, 0.0013649354376690833, 0.0023593549505012456, 0.004410857463151223, 0.005536017475534604, 0.00012177371480844796, 0.0030967465346892218, 0.0019688007357250093] and parameters: {'lag_0': 0.318326308847142, 'lag_1': 0.050578137948194095, 'lag_2': 0.2804547700586814, 'lag_3': 0.691848962652502, 'lag_4': 0.5841731773986933, 'lag_5': 0.7224049909798489, 'lag_6': 0.12820687616810308, 'lag_7': 0.20168343452283313, 'lag_8': 0.3924424945661109, 'lag_9': 0.20650504108755216, 'lag_10': 0.35475027277271676, 'lag_11': 0.019408914088670584, 'lag_12': 0.6116724119890933, 'lag_13': 0.2855495069057763, 'lag_14': 0.7271388610872005, 'lag_15': 0.09135050256829996, 'lag_16': 0.2840785809812084, 'lag_17': 0.4541906758844773, 'lag_18': 0.6500362896508447, 'lag_19': 0.7082386424559145, 'lag_20': 0.19714260419130133, 'lag_21': 0.6684594063279423, 'lag_22': 0.8733518094175304, 'lag_23': 0.6378849727840618, 'lag_24': 0.9827753100017609, 'lag_25': 0.8254372179802134, 'lag_26': 0.6005031206851946, 'lag_27': 0.5474207783467704, 'lag_28': 0.43480673709794315}.
[I 2025-10-03 11:37:52,135] Trial 54 finished with values: [0.0045036160420775795, 0.001714646918773248, 0.001175645783335122, 0.0014917832268560142, 0.0010882593225827867, 0.00025176452340733274, 0.0015207713326635703, 0.0007677067618771231, 0.0005306017779237657, 0.0003244089084081119, 0.0005008336166689521, 0.0036343262461385286, 0.004366963521668878, 0.007276942108360144, 0.0, 0.12502048446783662, 0.0006736234261596369, 0.005124112512913099, 0.006084483176049831, 0.0010727637648686574, 0.001733565236874366, 0.013146651045227598, 0.0015157860726123322, 0.002644963703075968, 0.004129665824842887, 0.0053934789141369816, 0.00016040391363888041, 0.002110710048641754, 0.0022111020468988845] and parameters: {'lag_0': 0.040630792318145335, 'lag_1': 0.10535344280388687, 'lag_2': 0.1593231110491314, 'lag_3': 0.786385349326422, 'lag_4': 0.5269476275278605, 'lag_5': 0.3911401380023577, 'lag_6': 0.9805326259726411, 'lag_7': 0.7062793457979908, 'lag_8': 0.02238454221770218, 'lag_9': 0.25932907921791953, 'lag_10': 0.1253202906946478, 'lag_11': 0.08829639892658425, 'lag_12': 0.15960868010209814, 'lag_13': 0.6379890149062958, 'lag_14': 0.5996013304687603, 'lag_15': 0.6738941639081765, 'lag_16': 0.609132803433836, 'lag_17': 0.5510760768024587, 'lag_18': 0.7314060966328879, 'lag_19': 0.4199895274854755, 'lag_20': 0.6583082832316965, 'lag_21': 0.19390109239649161, 'lag_22': 0.8913764393389308, 'lag_23': 0.364646276511584, 'lag_24': 0.28055887305731525, 'lag_25': 0.06196427181258445, 'lag_26': 0.5810470564323447, 'lag_27': 0.8613400446513599, 'lag_28': 0.8312659958933081}.
