[I 2025-09-29 11:52:38,069] Trial 19 finished with value: 0.0026813973806381584 and parameters: {'lag_0': 0.6201714703019476, 'lag_1': 0.4412229967814003, 'lag_2': 0.00872900762713777, 'lag_3': 0.6066354773428335, 'lag_4': 0.8323501821585034, 'lag_5': 0.6363779524924629, 'lag_6': 0.4871161988238655, 'lag_7': 0.5497169766952039, 'lag_8': 0.4820776303042198, 'lag_9': 0.5014922428478963, 'lag_10': 0.5552321657598713, 'lag_11': 0.0962191458544489, 'lag_12': 0.4028182578637425, 'lag_13': 0.8625845742318949, 'lag_14': 0.3738451324345142, 'lag_15': 0.6155949745214127, 'lag_16': 0.598593695243386, 'lag_17': 0.3453029570920053, 'lag_18': 0.032326574937316055, 'lag_19': 0.1566930049140238, 'lag_20': 0.8070972051339754, 'lag_21': 0.6831263759975519, 'lag_22': 0.5293454888310545, 'lag_23': 0.3254743854084562, 'lag_24': 0.5257264277902555, 'lag_25': 0.7008511071571454, 'lag_26': 0.21169534650773353, 'lag_27': 0.5559182691131106, 'lag_28': 0.3783919035874491}. Best is trial 12 with value: 0.0026102281945787945.
[I 2025-09-29 11:52:40,440] Trial 20 finished with value: 0.002666108055295417 and parameters: {'lag_0': 0.8285775454232107, 'lag_1': 0.6355249618190711, 'lag_2': 0.14880560370654197, 'lag_3': 0.49385198348025916, 'lag_4': 0.0730772632120032, 'lag_5': 0.40455792889767533, 'lag_6': 0.9380414322277144, 'lag_7': 0.7024475384206422, 'lag_8': 0.6177780103152718, 'lag_9': 0.7285386192007934, 'lag_10': 0.3259692713501907, 'lag_11': 0.23317477548082113, 'lag_12': 0.5939638503430417, 'lag_13': 0.15561837684899915, 'lag_14': 0.7185048226608378, 'lag_15': 0.9783954313706515, 'lag_16': 0.8789307042211428, 'lag_17': 0.027778596091299707, 'lag_18': 0.3629741094794365, 'lag_19': 0.6037901803766024, 'lag_20': 0.039119509577969176, 'lag_21': 0.8648782427864574, 'lag_22': 0.36284800882985113, 'lag_23': 0.12451644311626547, 'lag_24': 0.5154926318614059, 'lag_25': 0.46781261636036553, 'lag_26': 0.7149088519130065, 'lag_27': 0.3617615840435612, 'lag_28': 0.7311619703795206}. Best is trial 12 with value: 0.0026102281945787945.
[I 2025-09-29 11:52:42,806] Trial 21 finished with value: 0.0026339446483537414 and parameters: {'lag_0': 0.32934499372696774, 'lag_1': 0.2579295237468823, 'lag_2': 0.11967306557733416, 'lag_3': 0.38457118718973404, 'lag_4': 0.8347557827146395, 'lag_5': 0.5745245758875186, 'lag_6': 0.3054237304132348, 'lag_7': 0.3415608282088041, 'lag_8': 0.34142732318178276, 'lag_9': 0.34493577524647845, 'lag_10': 0.9016588721263478, 'lag_11': 0.45148743646851397, 'lag_12': 0.15620086869373107, 'lag_13': 0.42800645822441724, 'lag_14': 0.8134131543346308, 'lag_15': 0.6663902762442312, 'lag_16': 0.5673407489535325, 'lag_17': 0.17889120504736436, 'lag_18': 0.7808455328287097, 'lag_19': 0.21050763698189462, 'lag_20': 0.340523756376267, 'lag_21': 0.9662863397360796, 'lag_22': 0.5608607762505545, 'lag_23': 0.38395043108902166, 'lag_24': 0.6452734705711153, 'lag_25': 0.019852433645325573, 'lag_26': 0.2752586877328616, 'lag_27': 0.29542683372959033, 'lag_28': 0.11697605718472198}. Best is trial 12 with value: 0.0026102281945787945.
[I 2025-09-29 11:52:45,169] Trial 22 finished with value: 0.002689166469060381 and parameters: {'lag_0': 0.20923810583622787, 'lag_1': 0.2734844189937976, 'lag_2': 0.0074778112652471584, 'lag_3': 0.44759448662136414, 'lag_4': 0.8955176394184892, 'lag_5': 0.7163449276258002, 'lag_6': 0.31031868514483324, 'lag_7': 0.0019192184182110252, 'lag_8': 0.38915299660827923, 'lag_9': 0.06375387898777922, 'lag_10': 0.7528156311730281, 'lag_11': 0.44204490228539356, 'lag_12': 0.018416750356735123, 'lag_13': 0.6686605332526309, 'lag_14': 0.7743600068274661, 'lag_15': 0.7832080972933259, 'lag_16': 0.4254126082889872, 'lag_17': 0.24163051810636796, 'lag_18': 0.6525375102674456, 'lag_19': 0.10632030290463335, 'lag_20': 0.16593289770089636, 'lag_21': 0.8255086572050856, 'lag_22': 0.665622821804146, 'lag_23': 0.5367015997416432, 'lag_24': 0.7651398322027685, 'lag_25': 0.14577787579236853, 'lag_26': 0.1939583502203544, 'lag_27': 0.2404449629755368, 'lag_28': 0.1492566737271837}. Best is trial 12 with value: 0.0026102281945787945.
[I 2025-09-29 11:52:47,529] Trial 23 finished with value: 0.0026584476318513434 and parameters: {'lag_0': 0.4481438714252083, 'lag_1': 0.15261632635157063, 'lag_2': 0.20703349912629349, 'lag_3': 0.5992886894572111, 'lag_4': 0.6871756099030719, 'lag_5': 0.45579942455084205, 'lag_6': 0.1986082732827913, 'lag_7': 0.49747043153120857, 'lag_8': 0.22430531711948618, 'lag_9': 0.5798958532239751, 'lag_10': 0.9126194751181602, 'lag_11': 0.6119732426185926, 'lag_12': 0.2667375391069547, 'lag_13': 0.3812346073037667, 'lag_14': 0.9039686217280378, 'lag_15': 0.4099247513042473, 'lag_16': 0.23529834009505446, 'lag_17': 0.5838782098741261, 'lag_18': 0.22306577669386446, 'lag_19': 0.25056429255891, 'lag_20': 0.43928252448700533, 'lag_21': 0.8643460920761695, 'lag_22': 0.4901899333658568, 'lag_23': 0.23884445702914442, 'lag_24': 0.5771162771759606, 'lag_25': 0.26855089966328227, 'lag_26': 0.015601542278676439, 'lag_27': 0.12925951369204575, 'lag_28': 0.302910037801928}. Best is trial 12 with value: 0.0026102281945787945.
[I 2025-09-29 11:52:49,895] Trial 24 finished with value: 0.002618576174152308 and parameters: {'lag_0': 0.34957185966396814, 'lag_1': 0.4828501992536217, 'lag_2': 0.10553230643745097, 'lag_3': 0.6961521567469379, 'lag_4': 0.7829243259133294, 'lag_5': 0.2540745515622449, 'lag_6': 0.5589084631585572, 'lag_7': 0.636759434275535, 'lag_8': 0.4392672850873235, 'lag_9': 0.21041554494679343, 'lag_10': 0.5799995659417327, 'lag_11': 0.37301304445322137, 'lag_12': 0.1322804122799743, 'lag_13': 0.6204113842439269, 'lag_14': 0.5859881449482437, 'lag_15': 0.5958161051154998, 'lag_16': 0.553606272927594, 'lag_17': 0.11364755340259625, 'lag_18': 0.5103326311390822, 'lag_19': 0.0011941129123432415, 'lag_20': 0.22505928993927732, 'lag_21': 0.6130870477707997, 'lag_22': 0.7834353760047075, 'lag_23': 0.43376011000509473, 'lag_24': 0.8637859240523791, 'lag_25': 0.08389918649958161, 'lag_26': 0.281369753101744, 'lag_27': 0.42091379085829805, 'lag_28': 0.5054767102452923}. Best is trial 12 with value: 0.0026102281945787945.
[I 2025-09-29 11:52:52,260] Trial 25 finished with value: 0.002658846452068322 and parameters: {'lag_0': 0.3592011065143908, 'lag_1': 0.4668633426752995, 'lag_2': 0.308144629221294, 'lag_3': 0.8727833998514001, 'lag_4': 0.6619986087595793, 'lag_5': 0.2591239061650493, 'lag_6': 0.5788010046818286, 'lag_7': 0.6250211618387933, 'lag_8': 0.47144734380724435, 'lag_9': 0.21582303644205358, 'lag_10': 0.5570429124518365, 'lag_11': 0.36505698539454046, 'lag_12': 0.36590489795550923, 'lag_13': 0.6323587582698937, 'lag_14': 0.5828213495655016, 'lag_15': 0.600479131946285, 'lag_16': 0.8708481777136905, 'lag_17': 0.11368880370694413, 'lag_18': 0.5333761458590448, 'lag_19': 0.013019070575902472, 'lag_20': 0.22600009467726265, 'lag_21': 0.62960751388875, 'lag_22': 0.8024367695809533, 'lag_23': 0.4881202779116738, 'lag_24': 0.8786477465610196, 'lag_25': 0.2730836363493495, 'lag_26': 0.38857033740025926, 'lag_27': 0.4287567873594881, 'lag_28': 0.51391469695328}. Best is trial 12 with value: 0.0026102281945787945.
[I 2025-09-29 11:52:54,622] Trial 26 finished with value: 0.0027105125915492323 and parameters: {'lag_0': 0.5810412541126173, 'lag_1': 0.6547339690207798, 'lag_2': 0.15997468765732087, 'lag_3': 0.6878634602994449, 'lag_4': 0.7589796253393747, 'lag_5': 0.08958057661715882, 'lag_6': 0.6905053176897096, 'lag_7': 0.7665832771415497, 'lag_8': 0.7701352015535085, 'lag_9': 0.4077215709336919, 'lag_10': 0.478346783826654, 'lag_11': 0.3668845252962297, 'lag_12': 0.2463942623359775, 'lag_13': 0.8367342430658744, 'lag_14': 0.42211664462585236, 'lag_15': 0.4407583682406091, 'lag_16': 0.6746848447591324, 'lag_17': 0.09959606836370671, 'lag_18': 0.4917815352668628, 'lag_19': 0.11830729255915165, 'lag_20': 0.09250596090233384, 'lag_21': 0.47508112955380377, 'lag_22': 0.9528817699663981, 'lag_23': 0.3047218574894832, 'lag_24': 0.9934666712710074, 'lag_25': 0.7831447742951864, 'lag_26': 0.5120331618586701, 'lag_27': 0.5578186240063547, 'lag_28': 0.4167137861301566}. Best is trial 12 with value: 0.0026102281945787945.
[I 2025-09-29 11:52:56,983] Trial 27 finished with value: 0.002696313086570977 and parameters: {'lag_0': 0.1470194609672406, 'lag_1': 0.5249474285828358, 'lag_2': 0.34751654410750876, 'lag_3': 0.556474991486079, 'lag_4': 0.5156125299880264, 'lag_5': 0.25690999171061224, 'lag_6': 0.5295139700143338, 'lag_7': 0.5859444488894535, 'lag_8': 0.5556633882460693, 'lag_9': 0.8997779404883229, 'lag_10': 0.7093548570093869, 'lag_11': 0.2218754005464595, 'lag_12': 0.12066826303919098, 'lag_13': 0.731561733696589, 'lag_14': 0.251496443380241, 'lag_15': 0.7549771869601487, 'lag_16': 0.43095900447492413, 'lag_17': 0.3046717567424414, 'lag_18': 0.561832684595993, 'lag_19': 0.010884368824768755, 'lag_20': 0.21647264878841146, 'lag_21': 0.2771817487048049, 'lag_22': 0.8552431906559488, 'lag_23': 0.17279566213386507, 'lag_24': 0.7075934287123646, 'lag_25': 0.6249092708143299, 'lag_26': 0.1202329768292581, 'lag_27': 0.3863637393087796, 'lag_28': 0.5169048310154108}. Best is trial 12 with value: 0.0026102281945787945.
[I 2025-09-29 11:52:59,351] Trial 28 finished with value: 0.0026773378640392318 and parameters: {'lag_0': 0.47389538726853103, 'lag_1': 0.7875564019483355, 'lag_2': 0.24387267920278735, 'lag_3': 0.8324813901706709, 'lag_4': 0.444070503246912, 'lag_5': 0.10207865127718625, 'lag_6': 0.4218947145148966, 'lag_7': 0.4912033746689688, 'lag_8': 0.24891915045275967, 'lag_9': 0.23181129058300864, 'lag_10': 0.5974435573201472, 'lag_11': 0.0832602689057545, 'lag_12': 0.004562173608808701, 'lag_13': 0.18996595251162635, 'lag_14': 0.7147214576016183, 'lag_15': 0.5782763684506443, 'lag_16': 0.0031559802155614047, 'lag_17': 8.003785942711783e-05, 'lag_18': 0.11316669490179782, 'lag_19': 0.1106054383837242, 'lag_20': 0.048819717231263215, 'lag_21': 0.5765483531501364, 'lag_22': 0.6819309216814738, 'lag_23': 0.8833018194799857, 'lag_24': 0.8529803353971573, 'lag_25': 0.10154598237123302, 'lag_26': 0.30278266233552964, 'lag_27': 0.10960912769980297, 'lag_28': 0.652869986385811}. Best is trial 12 with value: 0.0026102281945787945.
[I 2025-09-29 11:53:01,718] Trial 29 finished with value: 0.0026811860338343974 and parameters: {'lag_0': 0.7598245032818727, 'lag_1': 0.5820830917102217, 'lag_2': 0.0989237523517032, 'lag_3': 0.7385294743484281, 'lag_4': 0.9269802378629775, 'lag_5': 0.0426920120639588, 'lag_6': 0.6212793894494532, 'lag_7': 0.7844563365589432, 'lag_8': 0.6515109069240766, 'lag_9': 0.9116623105824015, 'lag_10': 0.3673150632250147, 'lag_11': 0.5284816376571762, 'lag_12': 0.19929215704205439, 'lag_13': 0.5672922377919977, 'lag_14': 0.5696786945120671, 'lag_15': 0.33249905675043495, 'lag_16': 0.6674772787848215, 'lag_17': 0.5220803797503508, 'lag_18': 0.3276616865228228, 'lag_19': 0.3466430241385075, 'lag_20': 0.5678027527790734, 'lag_21': 0.5274037591700383, 'lag_22': 0.992609000751151, 'lag_23': 0.636383993221234, 'lag_24': 0.2819609884968919, 'lag_25': 0.45295833508914685, 'lag_26': 0.7980878842309818, 'lag_27': 0.49321081407493694, 'lag_28': 0.3075918265938614}. Best is trial 12 with value: 0.0026102281945787945.
[I 2025-09-29 11:53:04,080] Trial 30 finished with value: 0.002630720556155877 and parameters: {'lag_0': 0.39706490534897854, 'lag_1': 0.32714047244669986, 'lag_2': 0.5269404878254869, 'lag_3': 0.6575248435720084, 'lag_4': 0.38132169432819163, 'lag_5': 0.1880235016746783, 'lag_6': 0.8543610285720231, 'lag_7': 0.8577589338263913, 'lag_8': 0.42456012263147896, 'lag_9': 0.39317033028174975, 'lag_10': 0.52605343772167, 'lag_11': 0.9438479666728619, 'lag_12': 0.455496534342545, 'lag_13': 0.6157992780760583, 'lag_14': 0.47592689415747247, 'lag_15': 0.8249193630567119, 'lag_16': 0.21811353571104453, 'lag_17': 0.6068050526067009, 'lag_18': 0.4319392974021227, 'lag_19': 0.7651362460212761, 'lag_20': 0.6139463445681883, 'lag_21': 0.6560577092941952, 'lag_22': 0.8762980716596034, 'lag_23': 0.07189986391804798, 'lag_24': 0.4339526641213106, 'lag_25': 0.9996976534408762, 'lag_26': 0.8741902365279155, 'lag_27': 0.49654414284103143, 'lag_28': 0.815892447508784}. Best is trial 12 with value: 0.0026102281945787945.
[I 2025-09-29 11:53:06,446] Trial 31 finished with value: 0.0026485397033297257 and parameters: {'lag_0': 0.3855328277442512, 'lag_1': 0.3078963349762923, 'lag_2': 0.5623424000905486, 'lag_3': 0.6476465902719797, 'lag_4': 0.38106477643362463, 'lag_5': 0.192842345083557, 'lag_6': 0.8645655398777644, 'lag_7': 0.8543367756949624, 'lag_8': 0.42653612236878075, 'lag_9': 0.46779250162379427, 'lag_10': 0.5344649209869682, 'lag_11': 0.9929031124313109, 'lag_12': 0.5008685461673164, 'lag_13': 0.6170770314617815, 'lag_14': 0.4473165516594514, 'lag_15': 0.9121885811248533, 'lag_16': 0.24186393474196516, 'lag_17': 0.5956382784703784, 'lag_18': 0.47079693627733094, 'lag_19': 0.7232979537053735, 'lag_20': 0.625470338464872, 'lag_21': 0.6457836943936411, 'lag_22': 0.8673134080371249, 'lag_23': 0.07673251058462648, 'lag_24': 0.4100681951545054, 'lag_25': 0.8422876949148345, 'lag_26': 0.9638076604237503, 'lag_27': 0.488821879895516, 'lag_28': 0.8206342687993953}. Best is trial 12 with value: 0.0026102281945787945.
[I 2025-09-29 11:53:08,819] Trial 32 finished with value: 0.002671275433356975 and parameters: {'lag_0': 0.32521521877211984, 'lag_1': 0.359327846140974, 'lag_2': 0.6590664161633509, 'lag_3': 0.6886366269636905, 'lag_4': 0.23281950547578273, 'lag_5': 0.3055240177680948, 'lag_6': 0.7557920116326936, 'lag_7': 0.9957584365597747, 'lag_8': 0.2678467834224313, 'lag_9': 0.26729354813215656, 'lag_10': 0.426995385658242, 'lag_11': 0.5657111730388178, 'lag_12': 0.4317982940976057, 'lag_13': 0.8102844137324619, 'lag_14': 0.6102101235888189, 'lag_15': 0.841368297598805, 'lag_16': 0.7900388139303428, 'lag_17': 0.7180484441241195, 'lag_18': 0.24310412205002907, 'lag_19': 0.8622484595218737, 'lag_20': 0.7611654751828908, 'lag_21': 0.7371167491469477, 'lag_22': 0.7615086747816501, 'lag_23': 0.2107893027987131, 'lag_24': 0.14697808154185116, 'lag_25': 0.9761443620269086, 'lag_26': 0.8748859239987309, 'lag_27': 0.27426305497853576, 'lag_28': 0.9349221521584572}. Best is trial 12 with value: 0.0026102281945787945.
[I 2025-09-29 11:53:11,188] Trial 33 finished with value: 0.002674594498687625 and parameters: {'lag_0': 0.2751969151996533, 'lag_1': 0.4989159244947304, 'lag_2': 0.7558876167760913, 'lag_3': 0.46189836846681537, 'lag_4': 0.26889552845869624, 'lag_5': 0.07216682486621448, 'lag_6': 0.5371829359136686, 'lag_7': 0.653147374720031, 'lag_8': 0.4090719882350108, 'lag_9': 0.41571819310068997, 'lag_10': 0.621034484928048, 'lag_11': 0.941592681909874, 'lag_12': 0.3190114996670472, 'lag_13': 0.45952536299018387, 'lag_14': 0.7354148786464444, 'lag_15': 0.7514802635528066, 'lag_16': 0.14259112810750219, 'lag_17': 0.4358202614284903, 'lag_18': 0.4392693418450686, 'lag_19': 0.5625364286047815, 'lag_20': 0.5334620477842529, 'lag_21': 0.41600954680702973, 'lag_22': 0.9046202196545783, 'lag_23': 0.0777389006969289, 'lag_24': 0.3900599166085468, 'lag_25': 0.9391766230092132, 'lag_26': 0.6650694699598624, 'lag_27': 0.48318147329297434, 'lag_28': 0.7974719169884896}. Best is trial 12 with value: 0.0026102281945787945.
[I 2025-09-29 11:53:13,546] Trial 34 finished with value: 0.0026288360569980836 and parameters: {'lag_0': 0.5322003999701602, 'lag_1': 0.41021909219815444, 'lag_2': 0.40743907451965444, 'lag_3': 0.5486784900947224, 'lag_4': 0.4202013456140166, 'lag_5': 0.22801869907215483, 'lag_6': 0.8803776378708746, 'lag_7': 0.8992599469138729, 'lag_8': 0.7461067968660033, 'lag_9': 0.1659649232876012, 'lag_10': 0.7151397993480645, 'lag_11': 0.8738632637596926, 'lag_12': 0.16082166897073136, 'lag_13': 0.7033135854571542, 'lag_14': 0.45790351762493076, 'lag_15': 0.6340779115511875, 'lag_16': 0.5259688174270216, 'lag_17': 0.6452453364357783, 'lag_18': 0.1004308724706719, 'lag_19': 0.7377547670493774, 'lag_20': 0.9032424702961326, 'lag_21': 0.5692820173543897, 'lag_22': 0.785149229383683, 'lag_23': 0.2709223980437473, 'lag_24': 0.5320134888443844, 'lag_25': 0.7669262279802006, 'lag_26': 0.8859713009799046, 'lag_27': 0.3507572142341394, 'lag_28': 0.45225259777154225}. Best is trial 12 with value: 0.0026102281945787945.
[I 2025-09-29 11:53:15,912] Trial 35 finished with value: 0.0026685009987397227 and parameters: {'lag_0': 0.545602216810054, 'lag_1': 0.4029072349889733, 'lag_2': 0.06953716183528247, 'lag_3': 0.5465739834709044, 'lag_4': 0.5573965423570337, 'lag_5': 0.42285900989601777, 'lag_6': 0.45490188999637227, 'lag_7': 0.9229716466617559, 'lag_8': 0.7644574103559025, 'lag_9': 0.14281679315578757, 'lag_10': 0.8539343833037654, 'lag_11': 0.40925790971031745, 'lag_12': 0.15063741665265798, 'lag_13': 0.6848907117263494, 'lag_14': 0.8816257812024226, 'lag_15': 0.6374149536715263, 'lag_16': 0.5382054894879073, 'lag_17': 0.7176755852650133, 'lag_18': 0.07053591266751705, 'lag_19': 0.9598296569150553, 'lag_20': 0.9275079671714535, 'lag_21': 0.5595198567089872, 'lag_22': 0.7195081104385548, 'lag_23': 0.3954976896772792, 'lag_24': 0.8048608021617718, 'lag_25': 0.6344148237625281, 'lag_26': 0.7930188550330497, 'lag_27': 0.21283640474851784, 'lag_28': 0.44116262261316935}. Best is trial 12 with value: 0.0026102281945787945.
[I 2025-09-29 11:53:18,282] Trial 36 finished with value: 0.0025968198297100543 and parameters: {'lag_0': 0.6200182668685521, 'lag_1': 0.5404181431679955, 'lag_2': 0.40181135843396554, 'lag_3': 0.021666395539426175, 'lag_4': 0.645043501269852, 'lag_5': 0.001722148973683113, 'lag_6': 0.35093886989650486, 'lag_7': 0.7046658068172814, 'lag_8': 0.7396847370964678, 'lag_9': 0.0009277713831472023, 'lag_10': 0.7151400863478302, 'lag_11': 0.3242912157169341, 'lag_12': 0.2048949915757824, 'lag_13': 0.8856059812260026, 'lag_14': 0.6640651120630762, 'lag_15': 0.5391814252086237, 'lag_16': 0.526625766383731, 'lag_17': 0.15015505039629523, 'lag_18': 0.10694769152171442, 'lag_19': 0.8784368848727924, 'lag_20': 0.8533325605036179, 'lag_21': 0.3653619804838931, 'lag_22': 0.7960159027642911, 'lag_23': 0.2808240640111053, 'lag_24': 0.6950437378075216, 'lag_25': 0.8184773670210206, 'lag_26': 0.9326844704389152, 'lag_27': 0.33625756442948634, 'lag_28': 0.5561919076372376}. Best is trial 36 with value: 0.0025968198297100543.
[I 2025-09-29 11:53:20,647] Trial 37 finished with value: 0.002687611683250688 and parameters: {'lag_0': 0.62945414644134, 'lag_1': 0.9883576682482584, 'lag_2': 0.2822726311522917, 'lag_3': 0.014486166288400923, 'lag_4': 0.6426596915204957, 'lag_5': 0.00516301252106649, 'lag_6': 0.36366365708856896, 'lag_7': 0.7095618870265916, 'lag_8': 0.8494774598969277, 'lag_9': 0.01192303859493865, 'lag_10': 0.7182401445340612, 'lag_11': 0.33734682929483994, 'lag_12': 0.2172309894321824, 'lag_13': 0.9920629626370131, 'lag_14': 0.676803365362203, 'lag_15': 0.5427414258029252, 'lag_16': 0.413856365106439, 'lag_17': 0.18619952794024017, 'lag_18': 0.0030794103082558283, 'lag_19': 0.8994921013822819, 'lag_20': 0.7789770161153601, 'lag_21': 0.32864740528337333, 'lag_22': 0.586058420644488, 'lag_23': 0.18527230738024084, 'lag_24': 0.706068530398034, 'lag_25': 0.22835456124239265, 'lag_26': 0.234676558399197, 'lag_27': 0.4320467962283811, 'lag_28': 0.5439103894212726}. Best is trial 36 with value: 0.0025968198297100543.
[I 2025-09-29 11:53:23,012] Trial 38 finished with value: 0.0026872480634398087 and parameters: {'lag_0': 0.2382877664650595, 'lag_1': 0.7056719504199256, 'lag_2': 0.38224845964599513, 'lag_3': 0.11181490632094176, 'lag_4': 0.7660963236832523, 'lag_5': 0.14493966976176942, 'lag_6': 0.3487067617306645, 'lag_7': 0.4346117166407836, 'lag_8': 0.6779750686669388, 'lag_9': 0.061762744294522824, 'lag_10': 0.48724226820894856, 'lag_11': 0.10705219470228997, 'lag_12': 0.09023290500535115, 'lag_13': 0.9220957957815833, 'lag_14': 0.8320921754923923, 'lag_15': 0.49635971284028024, 'lag_16': 0.6051656813914249, 'lag_17': 0.15272190371666267, 'lag_18': 0.5906291684139017, 'lag_19': 0.2326815994728113, 'lag_20': 0.3320578090495011, 'lag_21': 0.3505863098316859, 'lag_22': 0.6604292695095468, 'lag_23': 0.3346479108140952, 'lag_24': 0.9283937726062551, 'lag_25': 0.8169252133066955, 'lag_26': 0.9390386070954371, 'lag_27': 0.3218309477271688, 'lag_28': 0.6267947735707292}. Best is trial 36 with value: 0.0025968198297100543.
[I 2025-09-29 11:53:25,377] Trial 39 finished with value: 0.002640908166279574 and parameters: {'lag_0': 0.7951636296582414, 'lag_1': 0.5637970921947502, 'lag_2': 0.20174211007683307, 'lag_3': 0.28165583040288533, 'lag_4': 0.5448199015948759, 'lag_5': 0.11276281190992726, 'lag_6': 0.2514030816566509, 'lag_7': 0.5614655724894911, 'lag_8': 0.5520418914456245, 'lag_9': 0.7404410090505085, 'lag_10': 0.6397507424823196, 'lag_11': 0.22437020463216617, 'lag_12': 0.2935229658672569, 'lag_13': 0.872691922279626, 'lag_14': 0.5661671323501567, 'lag_15': 0.44574649187290366, 'lag_16': 0.7644024648036428, 'lag_17': 0.38861943570886337, 'lag_18': 0.13645394664551067, 'lag_19': 0.47418060326007583, 'lag_20': 0.29745454437875085, 'lag_21': 0.2358976240315384, 'lag_22': 0.4027031715417162, 'lag_23': 0.41816537766111345, 'lag_24': 0.6682475127562573, 'lag_25': 0.5283951896951478, 'lag_26': 0.3460225572545029, 'lag_27': 0.25568639010039906, 'lag_28': 0.6789872639017096}. Best is trial 36 with value: 0.0025968198297100543.
