[I 2025-09-29 11:57:42,472] Trial 46 finished with value: 0.0026845540840421 and parameters: {'lag_0': 0.6964889532876153, 'lag_1': 0.5524040207457329, 'lag_2': 0.25784312575644797, 'lag_3': 0.5235043851109924, 'lag_4': 0.34827920609733604, 'lag_5': 0.3807595812757642, 'lag_6': 0.5711827161293315, 'lag_7': 0.24710539466362702, 'lag_8': 0.44943330848928176, 'lag_9': 0.7337902140863206, 'lag_10': 0.6477004435490086, 'lag_11': 0.9985961517027022, 'lag_12': 0.7128313407486682, 'lag_13': 0.19278700347521968, 'lag_14': 0.858382838522032, 'lag_15': 0.4603748667668408, 'lag_16': 0.9180360139654132, 'lag_17': 0.22409995211363756, 'lag_18': 0.5829001834537051, 'lag_19': 0.7915302662161499, 'lag_20': 0.3621438897980319, 'lag_21': 0.2174494188510958, 'lag_22': 0.6859900013992644, 'lag_23': 0.5953785974281596, 'lag_24': 0.529609399275967, 'lag_25': 0.8650141558278817, 'lag_26': 0.8391033851934302, 'lag_27': 0.27506752057857387, 'lag_28': 0.6251676020587174}. Best is trial 29 with value: 0.002671463269151827.
[I 2025-09-29 11:57:44,812] Trial 47 finished with value: 0.0026832258594979195 and parameters: {'lag_0': 0.5257961066586675, 'lag_1': 0.6473145078816932, 'lag_2': 0.23270035524740817, 'lag_3': 0.46194017040931923, 'lag_4': 0.5130936447842771, 'lag_5': 0.48416618119529276, 'lag_6': 0.5911303315871046, 'lag_7': 0.15853701990186533, 'lag_8': 0.2953723189683768, 'lag_9': 0.7491121298328842, 'lag_10': 0.47752627359818717, 'lag_11': 0.9396253986878081, 'lag_12': 0.7119973535743862, 'lag_13': 0.16703646654947596, 'lag_14': 0.8569051841031959, 'lag_15': 0.24499308164665898, 'lag_16': 0.964187037506625, 'lag_17': 0.2315944461796799, 'lag_18': 0.5841965098149877, 'lag_19': 0.8057833557384861, 'lag_20': 0.34942831107049765, 'lag_21': 0.330197604276831, 'lag_22': 0.6842677007483066, 'lag_23': 0.579085096145101, 'lag_24': 0.33950528226936194, 'lag_25': 0.8411730463018093, 'lag_26': 0.9397329676087094, 'lag_27': 0.2891616522409548, 'lag_28': 0.6506684268034124}. Best is trial 29 with value: 0.002671463269151827.
[I 2025-09-29 11:57:47,149] Trial 48 finished with value: 0.002727292463888266 and parameters: {'lag_0': 0.5414941923382021, 'lag_1': 0.7028561448436987, 'lag_2': 0.264781648940275, 'lag_3': 0.5117770591709662, 'lag_4': 0.5122353708191576, 'lag_5': 0.3839144979448649, 'lag_6': 0.5959601168027242, 'lag_7': 0.09481050122379571, 'lag_8': 0.28854285423928355, 'lag_9': 0.7394305690060945, 'lag_10': 0.4493945288588326, 'lag_11': 0.9269690264716535, 'lag_12': 0.6794294484037937, 'lag_13': 0.1542512223122185, 'lag_14': 0.2627856176123391, 'lag_15': 0.22840510387606192, 'lag_16': 0.9191305097762199, 'lag_17': 0.23085895882812735, 'lag_18': 0.38567920027157976, 'lag_19': 0.8481080855569099, 'lag_20': 0.35367239102920667, 'lag_21': 0.2984706480686934, 'lag_22': 0.6930524339827596, 'lag_23': 0.501557036290868, 'lag_24': 0.3739952778148369, 'lag_25': 0.6664693881776548, 'lag_26': 0.9507735815108217, 'lag_27': 0.30731434273808655, 'lag_28': 0.6449162904186581}. Best is trial 29 with value: 0.002671463269151827.
[I 2025-09-29 11:57:49,490] Trial 49 finished with value: 0.002683599041469392 and parameters: {'lag_0': 0.6246656519726117, 'lag_1': 0.6407346727935816, 'lag_2': 0.41125417352858606, 'lag_3': 0.6176578138788835, 'lag_4': 0.5754303789314452, 'lag_5': 0.481590089093963, 'lag_6': 0.6458053737417583, 'lag_7': 0.0421890132011713, 'lag_8': 0.4422561110022866, 'lag_9': 0.9267210119706153, 'lag_10': 0.3407618418550426, 'lag_11': 0.882872827088288, 'lag_12': 0.754165916019738, 'lag_13': 0.20656970855263482, 'lag_14': 0.08592672013723236, 'lag_15': 0.28228946870078275, 'lag_16': 0.9369771870778602, 'lag_17': 0.15019914131058176, 'lag_18': 0.4613754019381828, 'lag_19': 0.3746289480948264, 'lag_20': 0.29862192742054067, 'lag_21': 0.33153294056929067, 'lag_22': 0.7405794920445506, 'lag_23': 0.5988133566933233, 'lag_24': 0.3168836648597834, 'lag_25': 0.8964075653193738, 'lag_26': 0.8353569485205806, 'lag_27': 0.23189255291434208, 'lag_28': 0.7533507404609787}. Best is trial 29 with value: 0.002671463269151827.
[I 2025-09-29 11:57:51,826] Trial 50 finished with value: 0.00269921864276046 and parameters: {'lag_0': 0.618616716743268, 'lag_1': 0.8337336047667617, 'lag_2': 0.3958060204148373, 'lag_3': 0.7512692236993059, 'lag_4': 0.7162217210459829, 'lag_5': 0.4503651659299226, 'lag_6': 0.6782153852606323, 'lag_7': 0.08984581710951013, 'lag_8': 0.36467013588573605, 'lag_9': 0.9199051603729285, 'lag_10': 0.33538169630152304, 'lag_11': 0.810491944872199, 'lag_12': 0.7795127024709403, 'lag_13': 0.10298582375299256, 'lag_14': 0.011766371577241147, 'lag_15': 0.09535270462853346, 'lag_16': 0.9662787387691689, 'lag_17': 0.06516494749226073, 'lag_18': 0.4439462488916214, 'lag_19': 0.32381702566487663, 'lag_20': 0.2872755342095138, 'lag_21': 0.5136769193572517, 'lag_22': 0.7576966043150484, 'lag_23': 0.45906455069369245, 'lag_24': 0.18732421675285973, 'lag_25': 0.9352796115237477, 'lag_26': 0.7627110643457703, 'lag_27': 0.12696149949907246, 'lag_28': 0.7720450075839645}. Best is trial 29 with value: 0.002671463269151827.
[I 2025-09-29 11:57:54,165] Trial 51 finished with value: 0.002756211646340319 and parameters: {'lag_0': 0.6824662369449955, 'lag_1': 0.643988951032001, 'lag_2': 0.34206136531492204, 'lag_3': 0.5941231678073007, 'lag_4': 0.5660194872503795, 'lag_5': 0.37273217513882506, 'lag_6': 0.5598584194031513, 'lag_7': 0.04623857106923826, 'lag_8': 0.4506918963823305, 'lag_9': 0.9337042866589472, 'lag_10': 0.5651376916146247, 'lag_11': 0.8821044635335267, 'lag_12': 0.606768514617232, 'lag_13': 0.2106051808186431, 'lag_14': 0.12281529017691223, 'lag_15': 0.22463183391518965, 'lag_16': 0.9389707747372478, 'lag_17': 0.14476606634987493, 'lag_18': 0.5732305934230333, 'lag_19': 0.8068524203920996, 'lag_20': 0.43907685311073247, 'lag_21': 0.3212274117146257, 'lag_22': 0.612207472993267, 'lag_23': 0.602350801876337, 'lag_24': 0.31043668171955807, 'lag_25': 0.871953531358967, 'lag_26': 0.8429726813008809, 'lag_27': 0.22996287514835717, 'lag_28': 0.7299268592056257}. Best is trial 29 with value: 0.002671463269151827.
[I 2025-09-29 11:57:56,516] Trial 52 finished with value: 0.002686548131816427 and parameters: {'lag_0': 0.7574809981038366, 'lag_1': 0.5734931197531307, 'lag_2': 0.24727607209679434, 'lag_3': 0.5059234239364955, 'lag_4': 0.6365830361619784, 'lag_5': 0.49994626199584097, 'lag_6': 0.6641427138751633, 'lag_7': 0.20297967159601418, 'lag_8': 0.5477942201752505, 'lag_9': 0.7915698401050888, 'lag_10': 0.45297589023577883, 'lag_11': 0.9405465084916668, 'lag_12': 0.7005277043770153, 'lag_13': 0.05657598145870964, 'lag_14': 0.07183942918651295, 'lag_15': 0.28375550177102077, 'lag_16': 0.8447223416955921, 'lag_17': 0.29212822129480115, 'lag_18': 0.3419827282206276, 'lag_19': 0.3521440389534244, 'lag_20': 0.36518515499771004, 'lag_21': 0.2643037678859126, 'lag_22': 0.7620543715015272, 'lag_23': 0.5154283583559204, 'lag_24': 0.3327781283025644, 'lag_25': 0.8924349679346072, 'lag_26': 0.9235301982088162, 'lag_27': 0.31858433493352833, 'lag_28': 0.8457903145909613}. Best is trial 29 with value: 0.002671463269151827.
[I 2025-09-29 11:57:58,850] Trial 53 finished with value: 0.002686853920526039 and parameters: {'lag_0': 0.6412828176384202, 'lag_1': 0.6739381723216004, 'lag_2': 0.42601401848919607, 'lag_3': 0.46820633984841786, 'lag_4': 0.35251256685476384, 'lag_5': 0.5018107419753356, 'lag_6': 0.5928304984030555, 'lag_7': 0.0007314245042138179, 'lag_8': 0.4759922506896319, 'lag_9': 0.8708669918289533, 'lag_10': 0.647946968545613, 'lag_11': 0.9996151192308248, 'lag_12': 0.7332149678118093, 'lag_13': 0.18446021172809324, 'lag_14': 0.161047535444662, 'lag_15': 0.18550348771400604, 'lag_16': 0.9987034525560342, 'lag_17': 0.16991017446741716, 'lag_18': 0.5501699183490196, 'lag_19': 0.2722500371580901, 'lag_20': 0.24972600199500208, 'lag_21': 0.4165649727581545, 'lag_22': 0.5341129080010669, 'lag_23': 0.67897238246835, 'lag_24': 0.2618643094212617, 'lag_25': 0.7910966035812258, 'lag_26': 0.8387573428037572, 'lag_27': 0.43733464988426907, 'lag_28': 0.7978656662569719}. Best is trial 29 with value: 0.002671463269151827.
[I 2025-09-29 11:58:01,186] Trial 54 finished with value: 0.0027091703350595174 and parameters: {'lag_0': 0.5475964392183051, 'lag_1': 0.7379435798397672, 'lag_2': 0.1717980073309251, 'lag_3': 0.6347049319438633, 'lag_4': 0.5014392755582083, 'lag_5': 0.2660602492550468, 'lag_6': 0.7743961189169597, 'lag_7': 0.1992251771043741, 'lag_8': 0.31930462889571914, 'lag_9': 0.7024426403754339, 'lag_10': 0.3296758035158953, 'lag_11': 0.8907857450239349, 'lag_12': 0.9917146832593231, 'lag_13': 0.136764332460859, 'lag_14': 0.07539673475980296, 'lag_15': 0.04975031148962397, 'lag_16': 0.9146469307637569, 'lag_17': 0.23925753124758126, 'lag_18': 0.4642040775160421, 'lag_19': 0.3936126848713448, 'lag_20': 0.3892806827327948, 'lag_21': 0.22890788814404497, 'lag_22': 0.7338193986672992, 'lag_23': 0.5859831246098561, 'lag_24': 0.5182512302069009, 'lag_25': 0.9886726536616998, 'lag_26': 0.9950674462224899, 'lag_27': 0.1438341820045077, 'lag_28': 0.6880967737118739}. Best is trial 29 with value: 0.002671463269151827.
[I 2025-09-29 11:58:03,538] Trial 55 finished with value: 0.0027110468256409115 and parameters: {'lag_0': 0.8038451303804135, 'lag_1': 0.6200254365498977, 'lag_2': 0.09417552952571062, 'lag_3': 0.7209813813410391, 'lag_4': 0.5555714839853358, 'lag_5': 0.5938230215643812, 'lag_6': 0.4894658834829767, 'lag_7': 0.27973002119540136, 'lag_8': 0.38829549134035435, 'lag_9': 0.9585048408208585, 'lag_10': 0.5280651854695035, 'lag_11': 0.49321366850326714, 'lag_12': 0.9195196670982813, 'lag_13': 0.226236576797982, 'lag_14': 0.9552658311744806, 'lag_15': 0.3768399702272801, 'lag_16': 0.8327488456707701, 'lag_17': 0.09182670436922662, 'lag_18': 0.6062217517681615, 'lag_19': 0.43324310297741314, 'lag_20': 0.3086140406511278, 'lag_21': 0.1503834382398895, 'lag_22': 0.6770007417407029, 'lag_23': 0.3877152819358454, 'lag_24': 0.21719804377598562, 'lag_25': 0.8745381856103563, 'lag_26': 0.7991747742569308, 'lag_27': 0.3922899295887987, 'lag_28': 0.6398277693699261}. Best is trial 29 with value: 0.002671463269151827.
[I 2025-09-29 11:58:05,884] Trial 56 finished with value: 0.0027116578027367912 and parameters: {'lag_0': 0.9001398948149331, 'lag_1': 0.785664800409111, 'lag_2': 0.5173064286229345, 'lag_3': 0.616270911905414, 'lag_4': 0.6009217658819158, 'lag_5': 0.38777848628330996, 'lag_6': 0.7222299611125749, 'lag_7': 0.11280303171757453, 'lag_8': 0.4681306187527204, 'lag_9': 0.8206289784696739, 'lag_10': 0.18389772130037102, 'lag_11': 0.9413649954187917, 'lag_12': 0.7553848265427168, 'lag_13': 0.1183923888960838, 'lag_14': 0.17216854569355952, 'lag_15': 0.3290348823475818, 'lag_16': 0.8700144642192801, 'lag_17': 0.21379098709437616, 'lag_18': 0.49053361708168614, 'lag_19': 0.18878395585981655, 'lag_20': 0.43569843193917995, 'lag_21': 0.3590416162100314, 'lag_22': 0.5882966716277217, 'lag_23': 0.4680028843947174, 'lag_24': 0.4061263647666979, 'lag_25': 0.7525655378842693, 'lag_26': 0.9512212636060313, 'lag_27': 0.2387879876624152, 'lag_28': 0.5661655266478024}. Best is trial 29 with value: 0.002671463269151827.
[I 2025-09-29 11:58:08,224] Trial 57 finished with value: 0.002734171435953614 and parameters: {'lag_0': 0.7164201983126125, 'lag_1': 0.9336234722964556, 'lag_2': 0.28099514510127144, 'lag_3': 0.5553003124729464, 'lag_4': 0.4059580010808411, 'lag_5': 0.49483425405769826, 'lag_6': 0.5306534069717561, 'lag_7': 0.16785258630543187, 'lag_8': 0.5186568292682435, 'lag_9': 0.7739129024651212, 'lag_10': 0.4701416557134695, 'lag_11': 0.8456026566094439, 'lag_12': 0.8186396571157235, 'lag_13': 0.6325716122473894, 'lag_14': 0.05136973247442578, 'lag_15': 0.4506462394593597, 'lag_16': 0.7476912800955777, 'lag_17': 0.15755611647727322, 'lag_18': 0.5791052359478526, 'lag_19': 0.9328485660761887, 'lag_20': 0.5277555834415999, 'lag_21': 0.5097731837391811, 'lag_22': 0.815512969097244, 'lag_23': 0.5476803683355432, 'lag_24': 0.43407394868695826, 'lag_25': 0.6952534956053236, 'lag_26': 0.7374420603105074, 'lag_27': 0.16070146043655475, 'lag_28': 0.7556366646518802}. Best is trial 29 with value: 0.002671463269151827.
[I 2025-09-29 11:58:10,567] Trial 58 finished with value: 0.002711035611303991 and parameters: {'lag_0': 0.5137207240057338, 'lag_1': 0.5728724373170249, 'lag_2': 0.19703160460629732, 'lag_3': 0.3671690842686998, 'lag_4': 0.29297422321744215, 'lag_5': 0.2641111362260049, 'lag_6': 0.6256175553259516, 'lag_7': 0.04931516900092399, 'lag_8': 0.2535361424634892, 'lag_9': 0.8720866682978657, 'lag_10': 0.22770992298899012, 'lag_11': 0.6789360737737724, 'lag_12': 0.5452386600553647, 'lag_13': 0.004287045055689359, 'lag_14': 0.5327158566507026, 'lag_15': 0.12808062814396365, 'lag_16': 0.5063746706527434, 'lag_17': 0.08988181302830173, 'lag_18': 0.40492975627330746, 'lag_19': 0.6694762797677029, 'lag_20': 0.6692232152972389, 'lag_21': 0.3284823781663902, 'lag_22': 0.6225591514328568, 'lag_23': 0.3160186312857464, 'lag_24': 0.337729346312692, 'lag_25': 0.6225462740104438, 'lag_26': 0.8573619108369976, 'lag_27': 0.4906729983130984, 'lag_28': 0.5007789936649732}. Best is trial 29 with value: 0.002671463269151827.
[I 2025-09-29 11:58:12,899] Trial 59 finished with value: 0.0027497990057123297 and parameters: {'lag_0': 0.5740033049454464, 'lag_1': 0.6817141909894591, 'lag_2': 0.315400445337848, 'lag_3': 0.8224218085649999, 'lag_4': 0.36241066922606396, 'lag_5': 0.42810333040677817, 'lag_6': 0.42639002445822227, 'lag_7': 0.7333680526536066, 'lag_8': 0.33109312640899824, 'lag_9': 0.739689917842122, 'lag_10': 0.089682956585241, 'lag_11': 0.9549265988942989, 'lag_12': 0.66446240900673, 'lag_13': 0.1648324227908801, 'lag_14': 0.33517051066861564, 'lag_15': 0.7937844429086016, 'lag_16': 0.9234806765225746, 'lag_17': 0.017835465855270266, 'lag_18': 0.3376845172984575, 'lag_19': 0.23084838199285637, 'lag_20': 0.7335635987286466, 'lag_21': 0.21500258539035277, 'lag_22': 0.6855754530678392, 'lag_23': 0.6401139076606391, 'lag_24': 0.07062361912514953, 'lag_25': 0.9212592082191909, 'lag_26': 0.3283761859043347, 'lag_27': 0.3155823980989058, 'lag_28': 0.45933985913901965}. Best is trial 29 with value: 0.002671463269151827.
[I 2025-09-29 11:58:15,234] Trial 60 finished with value: 0.0027142234370693655 and parameters: {'lag_0': 0.05930086141455382, 'lag_1': 0.4941031755700521, 'lag_2': 0.21498191720966384, 'lag_3': 0.527561923667082, 'lag_4': 0.22737777532506592, 'lag_5': 0.3488588978101951, 'lag_6': 0.5710700735149578, 'lag_7': 0.6642775922581003, 'lag_8': 0.1703296995780207, 'lag_9': 0.9162255290316111, 'lag_10': 0.3699030076259545, 'lag_11': 0.3661410003998461, 'lag_12': 0.6046521396436856, 'lag_13': 0.3363244634169724, 'lag_14': 0.8713451981518792, 'lag_15': 0.26431029539990036, 'lag_16': 0.88741186800486, 'lag_17': 0.31143522672683466, 'lag_18': 0.6869293852621386, 'lag_19': 0.3811972793305014, 'lag_20': 0.34009736220920184, 'lag_21': 0.4102350107732293, 'lag_22': 0.7391961564992704, 'lag_23': 0.6782900470092591, 'lag_24': 0.5352446838234087, 'lag_25': 0.8111233800541493, 'lag_26': 0.18662129853144627, 'lag_27': 0.34300057662085714, 'lag_28': 0.9307875693318903}. Best is trial 29 with value: 0.002671463269151827.
[I 2025-09-29 11:58:17,578] Trial 61 finished with value: 0.0027011043578411146 and parameters: {'lag_0': 0.4208134247160295, 'lag_1': 0.5672590314619648, 'lag_2': 0.3887108654674323, 'lag_3': 0.019201402265969614, 'lag_4': 0.42970408917328706, 'lag_5': 0.5449391608018193, 'lag_6': 0.4705410073212988, 'lag_7': 0.19901143745792982, 'lag_8': 0.1869257789073438, 'lag_9': 0.3816125443396841, 'lag_10': 0.5087014039821902, 'lag_11': 0.8927665967985859, 'lag_12': 0.4216618659447827, 'lag_13': 0.2891147937560515, 'lag_14': 0.7224862535452681, 'lag_15': 0.6099249714381234, 'lag_16': 0.9598599948164374, 'lag_17': 0.26736545865470246, 'lag_18': 0.9495533318399791, 'lag_19': 0.7408286777234936, 'lag_20': 0.22467238608480258, 'lag_21': 0.1832413893713648, 'lag_22': 0.6247296410438598, 'lag_23': 0.6098777626177296, 'lag_24': 0.47137648533847104, 'lag_25': 0.8506090623289291, 'lag_26': 0.8809619318777544, 'lag_27': 0.2732343183400875, 'lag_28': 0.6176745792246415}. Best is trial 29 with value: 0.002671463269151827.
[I 2025-09-29 11:58:19,913] Trial 62 finished with value: 0.002720068133030294 and parameters: {'lag_0': 0.30653931716819094, 'lag_1': 0.4100806995528946, 'lag_2': 0.3353478123756748, 'lag_3': 0.42906268674465986, 'lag_4': 0.4472830017878625, 'lag_5': 0.9707549914999736, 'lag_6': 0.6816250459853145, 'lag_7': 0.7976546920437192, 'lag_8': 0.5774373746172945, 'lag_9': 0.8476580048601463, 'lag_10': 0.4220977481870152, 'lag_11': 0.9971526465774327, 'lag_12': 0.47214218834778904, 'lag_13': 0.2466669688021847, 'lag_14': 0.7815732319055978, 'lag_15': 0.33685625131861163, 'lag_16': 0.0825208872458, 'lag_17': 0.20254065209714556, 'lag_18': 0.6155456830779236, 'lag_19': 0.8252883901993915, 'lag_20': 0.2669407264231196, 'lag_21': 0.2135990203035894, 'lag_22': 0.6557248216550875, 'lag_23': 0.5654291092905751, 'lag_24': 0.27845299009643076, 'lag_25': 0.8546540384468181, 'lag_26': 0.9067772131600579, 'lag_27': 0.06567368921006406, 'lag_28': 0.6734795726063725}. Best is trial 29 with value: 0.002671463269151827.
[I 2025-09-29 11:58:22,247] Trial 63 finished with value: 0.0027003665394523695 and parameters: {'lag_0': 0.3838426793424942, 'lag_1': 0.5274269202741599, 'lag_2': 0.24046261388002105, 'lag_3': 0.09608923610520806, 'lag_4': 0.5286568556241182, 'lag_5': 0.6437477950226831, 'lag_6': 0.5008656118544422, 'lag_7': 0.30362459455901164, 'lag_8': 0.4119293694804659, 'lag_9': 0.23379132660562035, 'lag_10': 0.9587917729962385, 'lag_11': 0.9650464674052788, 'lag_12': 0.3661441875070662, 'lag_13': 0.2001660732551846, 'lag_14': 0.8445090251400093, 'lag_15': 0.9373881671647273, 'lag_16': 0.7885270367962862, 'lag_17': 0.25082456182178847, 'lag_18': 0.5270718560218195, 'lag_19': 0.7804657201487483, 'lag_20': 0.15682308074924567, 'lag_21': 0.12187253798415298, 'lag_22': 0.5724867687585122, 'lag_23': 0.8228325728368778, 'lag_24': 0.5922000185547216, 'lag_25': 0.9636534378046652, 'lag_26': 0.7769608611294628, 'lag_27': 0.18201653768846404, 'lag_28': 0.5753886254084459}. Best is trial 29 with value: 0.002671463269151827.
[I 2025-09-29 11:58:24,587] Trial 64 finished with value: 0.0027098033485848474 and parameters: {'lag_0': 0.4684635723412349, 'lag_1': 0.640709483778336, 'lag_2': 0.15127106087621076, 'lag_3': 0.17624212637196757, 'lag_4': 0.4797678847441102, 'lag_5': 0.5527994382059472, 'lag_6': 0.3072237705611822, 'lag_7': 0.6190001882699403, 'lag_8': 0.24590461710658346, 'lag_9': 0.6888006416031663, 'lag_10': 0.63404228546591, 'lag_11': 0.7990375308556141, 'lag_12': 0.4910545867830448, 'lag_13': 0.1057797281361218, 'lag_14': 0.899304827739694, 'lag_15': 0.44113342842609937, 'lag_16': 0.2020172435352593, 'lag_17': 0.4069284009910783, 'lag_18': 0.7530873084651948, 'lag_19': 0.8702273743308402, 'lag_20': 0.3831531994503008, 'lag_21': 0.2719968492996316, 'lag_22': 0.5145810180366235, 'lag_23': 0.722890593370178, 'lag_24': 0.15082798981063822, 'lag_25': 0.8066867850031582, 'lag_26': 0.8718328731915985, 'lag_27': 0.23747630993060334, 'lag_28': 0.7181608896243269}. Best is trial 29 with value: 0.002671463269151827.
[I 2025-09-29 11:58:26,922] Trial 65 finished with value: 0.0027343017687289613 and parameters: {'lag_0': 0.6308152683179608, 'lag_1': 0.7612985326032059, 'lag_2': 0.43383547212257323, 'lag_3': 0.12210593139667678, 'lag_4': 0.3742094582089109, 'lag_5': 0.41935616927438985, 'lag_6': 0.8642974678161142, 'lag_7': 0.11523396731017087, 'lag_8': 0.3731296413272992, 'lag_9': 0.9557929086399025, 'lag_10': 0.7801993952309143, 'lag_11': 0.9065447594441266, 'lag_12': 0.7036275327492258, 'lag_13': 0.04868933635270273, 'lag_14': 0.8214247917249967, 'lag_15': 0.5706367947797706, 'lag_16': 0.8577336051473724, 'lag_17': 0.2973579192444686, 'lag_18': 0.7021083188408905, 'lag_19': 0.5258146489481579, 'lag_20': 0.20294237598915515, 'lag_21': 0.15637928027439135, 'lag_22': 0.6419473240049596, 'lag_23': 0.7570232946434584, 'lag_24': 0.39078235445049353, 'lag_25': 0.746461878948428, 'lag_26': 0.8204889536036943, 'lag_27': 0.9091700017040987, 'lag_28': 0.7507035495828027}. Best is trial 29 with value: 0.002671463269151827.
[I 2025-09-29 11:58:29,265] Trial 66 finished with value: 0.0027277734241818565 and parameters: {'lag_0': 0.6662603416184143, 'lag_1': 0.20676381292905222, 'lag_2': 0.48550271649942917, 'lag_3': 0.3513072409264467, 'lag_4': 0.5838371429322547, 'lag_5': 0.9102446981414964, 'lag_6': 0.3851133361967167, 'lag_7': 0.6679406363597719, 'lag_8': 0.6268078784245357, 'lag_9': 0.3159454830785034, 'lag_10': 0.5652735252946958, 'lag_11': 0.7256272813763265, 'lag_12': 0.44603962252609813, 'lag_13': 0.7798035623811446, 'lag_14': 0.9626075657022517, 'lag_15': 0.5033777232438601, 'lag_16': 0.6151386950261186, 'lag_17': 0.33627842485805703, 'lag_18': 0.8390505641785767, 'lag_19': 0.7031129778841563, 'lag_20': 0.31926528332802884, 'lag_21': 0.07878436056884325, 'lag_22': 0.7133730936938009, 'lag_23': 0.48058345124881385, 'lag_24': 0.35982245090715037, 'lag_25': 0.9056467698373395, 'lag_26': 0.9211657180173247, 'lag_27': 0.9761393425223169, 'lag_28': 0.5139380171836757}. Best is trial 29 with value: 0.002671463269151827.
