[I 2025-09-29 12:52:47,917] Trial 61 finished with value: 0.005913123485437869 and parameters: {'lag_0': 0.6977469484529184, 'lag_1': 0.14592296643347416, 'lag_2': 0.07322466611003696, 'lag_3': 0.9708596835733724, 'lag_4': 0.14535012031244407, 'lag_5': 0.8493999540782025, 'lag_6': 0.4140684569711337, 'lag_7': 0.24834092861798326, 'lag_8': 0.4522768974584143, 'lag_9': 0.04411156107887734, 'lag_10': 0.8671076809045902, 'lag_11': 0.3763280980947355, 'lag_12': 0.9130781657209617, 'lag_13': 0.18627902589544804, 'lag_14': 0.6692693908930792, 'lag_15': 0.6146863194445215, 'lag_16': 0.9623418988556809, 'lag_17': 0.9775303290819924, 'lag_18': 0.9925224786578756, 'lag_19': 0.8903745592462687, 'lag_20': 0.8764867301563775, 'lag_21': 0.48434149808354016, 'lag_22': 0.6787832419270575, 'lag_23': 0.20625073285649442, 'lag_24': 0.47160551705951914, 'lag_25': 0.26575323516884275, 'lag_26': 0.934334254456019, 'lag_27': 0.23264855911004967, 'lag_28': 0.6681036342620706}. Best is trial 54 with value: 0.004602995643799472.
[I 2025-09-29 12:52:50,392] Trial 62 finished with value: 0.004838703597446553 and parameters: {'lag_0': 0.6371593838091627, 'lag_1': 0.15268524047305868, 'lag_2': 0.032381934547073395, 'lag_3': 0.9021267444656585, 'lag_4': 0.20793013653750825, 'lag_5': 0.9955524965046548, 'lag_6': 0.4488838404953124, 'lag_7': 0.3830599102992216, 'lag_8': 0.5000298924737728, 'lag_9': 0.17958129108564386, 'lag_10': 0.744182454178303, 'lag_11': 0.33993904703490907, 'lag_12': 0.9584500819565386, 'lag_13': 0.10610066736116897, 'lag_14': 0.6398717287875568, 'lag_15': 0.46479170191783975, 'lag_16': 0.9042052900743576, 'lag_17': 0.9555465054710075, 'lag_18': 0.8432465957712956, 'lag_19': 0.7920524259858633, 'lag_20': 0.9661524214692792, 'lag_21': 0.38813412506207073, 'lag_22': 0.6338877672227645, 'lag_23': 0.3207022133376176, 'lag_24': 0.4834062212348927, 'lag_25': 0.3646922241887866, 'lag_26': 0.8720910833776719, 'lag_27': 0.16310016194679264, 'lag_28': 0.6039098491602426}. Best is trial 54 with value: 0.004602995643799472.
[I 2025-09-29 12:52:52,871] Trial 63 finished with value: 0.005462244034886337 and parameters: {'lag_0': 0.6287636054045846, 'lag_1': 0.1696398946303006, 'lag_2': 0.005561545321796338, 'lag_3': 0.8850281604210637, 'lag_4': 0.19770815416235854, 'lag_5': 0.7757458487346869, 'lag_6': 0.37337246667808743, 'lag_7': 0.3004506002368047, 'lag_8': 0.2900478919293228, 'lag_9': 0.1629778988215258, 'lag_10': 0.7403241533960256, 'lag_11': 0.35699646800994334, 'lag_12': 0.9718658049040723, 'lag_13': 0.10593060336626114, 'lag_14': 0.6312010783126971, 'lag_15': 0.4484772182462031, 'lag_16': 0.9134191887051601, 'lag_17': 0.9358439664028204, 'lag_18': 0.8601399485053913, 'lag_19': 0.7981950748355358, 'lag_20': 0.9999306412176966, 'lag_21': 0.5766674231210853, 'lag_22': 0.6926429713843101, 'lag_23': 0.3338021505372366, 'lag_24': 0.540168625481065, 'lag_25': 0.16887768671831482, 'lag_26': 0.8658690611364785, 'lag_27': 0.12648180745703108, 'lag_28': 0.6000818127418368}. Best is trial 54 with value: 0.004602995643799472.
[I 2025-09-29 12:52:55,349] Trial 64 finished with value: 0.00581166676657661 and parameters: {'lag_0': 0.6344341625822001, 'lag_1': 0.07567308728007022, 'lag_2': 0.0988335993369298, 'lag_3': 0.9902362446315444, 'lag_4': 0.08758839430840115, 'lag_5': 0.9003129941787992, 'lag_6': 0.4740104314503887, 'lag_7': 0.4148310065609605, 'lag_8': 0.4968113351118093, 'lag_9': 0.10474054984850048, 'lag_10': 0.709574409697559, 'lag_11': 0.4073314209174497, 'lag_12': 0.9227926527567252, 'lag_13': 0.2648672996573862, 'lag_14': 0.5718578149404816, 'lag_15': 0.3143054942763625, 'lag_16': 0.8560998229385304, 'lag_17': 0.8701906012495122, 'lag_18': 0.9145683718815794, 'lag_19': 0.709579346766057, 'lag_20': 0.9144498529353671, 'lag_21': 0.3868619608952422, 'lag_22': 0.8207024152974562, 'lag_23': 0.2736697763192642, 'lag_24': 0.5952725256943198, 'lag_25': 0.38241179133064623, 'lag_26': 0.9231514353997571, 'lag_27': 0.18731970364172973, 'lag_28': 0.5627882758509253}. Best is trial 54 with value: 0.004602995643799472.
[I 2025-09-29 12:52:57,833] Trial 65 finished with value: 0.005283435404041915 and parameters: {'lag_0': 0.5136542104812872, 'lag_1': 0.11085961442157571, 'lag_2': 0.13689929398268869, 'lag_3': 0.9189966727686587, 'lag_4': 0.25342616188964207, 'lag_5': 0.8411907320196288, 'lag_6': 0.3048348500659186, 'lag_7': 0.33336456851701646, 'lag_8': 0.3537695729186654, 'lag_9': 0.23022172858725415, 'lag_10': 0.7740254535309552, 'lag_11': 0.31918709648311816, 'lag_12': 0.9496821699446933, 'lag_13': 0.15049865272690421, 'lag_14': 0.7039734695178479, 'lag_15': 0.37532099425664206, 'lag_16': 0.8161607350082953, 'lag_17': 0.9626417033720868, 'lag_18': 0.8404204376162598, 'lag_19': 0.7795414637046594, 'lag_20': 0.9589117798095297, 'lag_21': 0.4303713703865657, 'lag_22': 0.5818333794508667, 'lag_23': 0.17723919679667494, 'lag_24': 0.4986602135613757, 'lag_25': 0.29736896965272464, 'lag_26': 0.9996671238080874, 'lag_27': 0.14993332104165122, 'lag_28': 0.7113390375785719}. Best is trial 54 with value: 0.004602995643799472.
[I 2025-09-29 12:53:00,319] Trial 66 finished with value: 0.005900550659218275 and parameters: {'lag_0': 0.589856873191662, 'lag_1': 0.22975703866729438, 'lag_2': 0.06516322799778598, 'lag_3': 0.4783141421928834, 'lag_4': 0.31701495694790943, 'lag_5': 0.9230168357420974, 'lag_6': 0.522291188149993, 'lag_7': 0.4895596687685998, 'lag_8': 0.41166664757555066, 'lag_9': 0.2254208513970155, 'lag_10': 0.6608897710474719, 'lag_11': 0.11108696732897592, 'lag_12': 0.8460604892698206, 'lag_13': 0.21845132596903122, 'lag_14': 0.7685156271232526, 'lag_15': 0.5472554096799694, 'lag_16': 0.7574154700919355, 'lag_17': 0.951485322495625, 'lag_18': 0.7901269356544462, 'lag_19': 0.8506812558864189, 'lag_20': 0.946147992286121, 'lag_21': 0.5254510898813044, 'lag_22': 0.6538158907690307, 'lag_23': 0.2398958314168784, 'lag_24': 0.40599047237341696, 'lag_25': 0.3442220511306735, 'lag_26': 0.896096467308521, 'lag_27': 0.07936982937838141, 'lag_28': 0.7871672458386038}. Best is trial 54 with value: 0.004602995643799472.
[I 2025-09-29 12:53:02,809] Trial 67 finished with value: 0.005182854982704972 and parameters: {'lag_0': 0.8416851674188746, 'lag_1': 0.16745926387905646, 'lag_2': 0.030478801918630775, 'lag_3': 0.9084598125583804, 'lag_4': 0.18071412534081396, 'lag_5': 0.6939835184716423, 'lag_6': 0.33962960375553797, 'lag_7': 0.5536839848649171, 'lag_8': 0.5186239430467656, 'lag_9': 0.12405639342561536, 'lag_10': 0.8481882740541097, 'lag_11': 0.5398892120306592, 'lag_12': 0.8733411802117211, 'lag_13': 0.2938533623949803, 'lag_14': 0.8941061260237921, 'lag_15': 0.4491015987951998, 'lag_16': 0.8961066591763356, 'lag_17': 0.8880560479231703, 'lag_18': 0.9956289447634538, 'lag_19': 0.681258426979872, 'lag_20': 0.854703738920376, 'lag_21': 0.3250255533012924, 'lag_22': 0.7605301246070847, 'lag_23': 0.14834246864632925, 'lag_24': 0.63985897717954, 'lag_25': 0.24951191833584277, 'lag_26': 0.8038235344460944, 'lag_27': 0.047772885024150114, 'lag_28': 0.8463405444008318}. Best is trial 54 with value: 0.004602995643799472.
[I 2025-09-29 12:53:05,410] Trial 68 finished with value: 0.005369531216530067 and parameters: {'lag_0': 0.6343428759105006, 'lag_1': 0.04589656152698153, 'lag_2': 0.21236556617578242, 'lag_3': 0.4069921992306552, 'lag_4': 0.21508622265583333, 'lag_5': 0.7973122498629612, 'lag_6': 0.42193453551961607, 'lag_7': 0.46104397401363906, 'lag_8': 0.6102495964019831, 'lag_9': 0.18031890452686172, 'lag_10': 0.8016655784030897, 'lag_11': 0.21392077820476, 'lag_12': 0.05437646381526107, 'lag_13': 0.1758462637802941, 'lag_14': 0.5956754721673605, 'lag_15': 0.5911088136051724, 'lag_16': 0.9384031404293028, 'lag_17': 0.9903629236119798, 'lag_18': 0.8977806878072324, 'lag_19': 0.773778348667175, 'lag_20': 0.7387388600023536, 'lag_21': 0.26988906244291827, 'lag_22': 0.40092915336256124, 'lag_23': 0.31640308492853564, 'lag_24': 0.5750724101131318, 'lag_25': 0.19795284014158407, 'lag_26': 0.9521596992828383, 'lag_27': 0.22808615718875858, 'lag_28': 0.5042127648499504}. Best is trial 54 with value: 0.004602995643799472.
[I 2025-09-29 12:53:07,912] Trial 69 finished with value: 0.004966487546410785 and parameters: {'lag_0': 0.7028623720416511, 'lag_1': 0.23706991038213004, 'lag_2': 0.09312631412081011, 'lag_3': 0.8298133595709423, 'lag_4': 0.2816948509456829, 'lag_5': 0.9400198601273843, 'lag_6': 0.24730976371390065, 'lag_7': 0.3096120111806435, 'lag_8': 0.5784102830513221, 'lag_9': 0.22113265670741433, 'lag_10': 0.8785863892294501, 'lag_11': 0.8133359225742296, 'lag_12': 0.7802115291960995, 'lag_13': 0.10553028732508768, 'lag_14': 0.6646233231859167, 'lag_15': 0.5231864900670339, 'lag_16': 0.8546603560948198, 'lag_17': 0.7420274922701225, 'lag_18': 0.938918037667973, 'lag_19': 0.9232543014605978, 'lag_20': 0.7964796019497166, 'lag_21': 0.6323027059351558, 'lag_22': 0.44721615416221727, 'lag_23': 0.5002370953799135, 'lag_24': 0.5105421705627011, 'lag_25': 0.2863217467838409, 'lag_26': 0.8342408358290615, 'lag_27': 0.26581023002299975, 'lag_28': 0.5403410501052697}. Best is trial 54 with value: 0.004602995643799472.
[I 2025-09-29 12:53:10,402] Trial 70 finished with value: 0.005528899440487267 and parameters: {'lag_0': 0.5434277229984136, 'lag_1': 0.16549236495678865, 'lag_2': 0.16176066692394933, 'lag_3': 0.9663480748384085, 'lag_4': 0.24410039559555075, 'lag_5': 0.7382248126369407, 'lag_6': 0.2144048562236472, 'lag_7': 0.4055671427213343, 'lag_8': 0.48760560976067435, 'lag_9': 0.09974576344978427, 'lag_10': 0.18851517673086476, 'lag_11': 0.1587505666737507, 'lag_12': 0.9557877649864378, 'lag_13': 0.3285167475934072, 'lag_14': 0.6402881040756737, 'lag_15': 0.33677571278094026, 'lag_16': 0.9393656355883031, 'lag_17': 0.8390385111672335, 'lag_18': 0.7572337822603682, 'lag_19': 0.7160792374798626, 'lag_20': 0.926575070007643, 'lag_21': 0.2375750267620994, 'lag_22': 0.7089740058053582, 'lag_23': 0.1004089830565981, 'lag_24': 0.4813964297661706, 'lag_25': 0.370964687884318, 'lag_26': 0.4440664417487609, 'lag_27': 0.3148235954661548, 'lag_28': 0.6247884800471436}. Best is trial 54 with value: 0.004602995643799472.
[I 2025-09-29 12:53:12,892] Trial 71 finished with value: 0.006077755215815904 and parameters: {'lag_0': 0.6508652217715128, 'lag_1': 0.30074332486027516, 'lag_2': 0.04057309018025736, 'lag_3': 0.7896901223393519, 'lag_4': 0.09642246496374487, 'lag_5': 0.9740577284225582, 'lag_6': 0.44943555678388575, 'lag_7': 0.3456093281562773, 'lag_8': 0.4649180897308324, 'lag_9': 0.1587044696241327, 'lag_10': 0.9230887513559177, 'lag_11': 0.2918457163939052, 'lag_12': 0.6287766919415663, 'lag_13': 0.00019270330544328418, 'lag_14': 0.4421087415450962, 'lag_15': 0.6484500316688384, 'lag_16': 0.9798965838236285, 'lag_17': 0.6892903327965113, 'lag_18': 0.8250658209714918, 'lag_19': 0.8659026845843036, 'lag_20': 0.7429857153620927, 'lag_21': 0.4447337462247393, 'lag_22': 0.645600291259369, 'lag_23': 0.12881595381703384, 'lag_24': 0.3872162485124, 'lag_25': 0.4605098562254519, 'lag_26': 0.7964538252823293, 'lag_27': 0.3889214794255132, 'lag_28': 0.6593606156173832}. Best is trial 54 with value: 0.004602995643799472.
[I 2025-09-29 12:53:15,385] Trial 72 finished with value: 0.005351198241920408 and parameters: {'lag_0': 0.7679567795459318, 'lag_1': 0.26273656469792933, 'lag_2': 0.003194827082845509, 'lag_3': 0.89365448357996, 'lag_4': 0.15023985727586764, 'lag_5': 0.9060756970272442, 'lag_6': 0.5778677749130379, 'lag_7': 0.640270806726455, 'lag_8': 0.43692044327460466, 'lag_9': 0.3097834399708156, 'lag_10': 0.9054075377891455, 'lag_11': 0.26332712509178385, 'lag_12': 0.8260290505906527, 'lag_13': 0.13363916517196164, 'lag_14': 0.48741244031678194, 'lag_15': 0.48478820176378923, 'lag_16': 0.9693119500751448, 'lag_17': 0.6151315381326005, 'lag_18': 0.8789426157123558, 'lag_19': 0.831530913342255, 'lag_20': 0.6410682493793138, 'lag_21': 0.3977763865997724, 'lag_22': 0.6202915351698167, 'lag_23': 0.044192395267041044, 'lag_24': 0.4425969564228952, 'lag_25': 0.42301497525618104, 'lag_26': 0.8692368999442996, 'lag_27': 0.4290242025611193, 'lag_28': 0.7052604474717623}. Best is trial 54 with value: 0.004602995643799472.
[I 2025-09-29 12:53:17,865] Trial 73 finished with value: 0.004868987831797526 and parameters: {'lag_0': 0.5849707519724481, 'lag_1': 0.0002395917060036279, 'lag_2': 0.049171089039930456, 'lag_3': 0.7159060794994169, 'lag_4': 0.1546501073953273, 'lag_5': 0.957899472640008, 'lag_6': 0.38845956587136266, 'lag_7': 0.07313072215201212, 'lag_8': 0.38593322774154337, 'lag_9': 0.4383487164685312, 'lag_10': 0.978648481957198, 'lag_11': 0.40550568812869087, 'lag_12': 0.8912506345630085, 'lag_13': 0.04590081177619672, 'lag_14': 0.5401429430523095, 'lag_15': 0.7149453991997337, 'lag_16': 0.917773151234885, 'lag_17': 0.0997703937131258, 'lag_18': 0.7361435623915982, 'lag_19': 0.9418961253923288, 'lag_20': 0.8674358763441905, 'lag_21': 0.49093463702045814, 'lag_22': 0.48447108319539917, 'lag_23': 0.21341597590655867, 'lag_24': 0.531980836493382, 'lag_25': 0.332466482271859, 'lag_26': 0.9786174300118611, 'lag_27': 0.5372161228519166, 'lag_28': 0.6007516714998383}. Best is trial 54 with value: 0.004602995643799472.
[I 2025-09-29 12:53:20,348] Trial 74 finished with value: 0.005362428121798215 and parameters: {'lag_0': 0.5746770387646113, 'lag_1': 0.011445153834783839, 'lag_2': 0.11688610391384407, 'lag_3': 0.7047595139086631, 'lag_4': 0.19954208102186544, 'lag_5': 0.8565214204024856, 'lag_6': 0.32985532499341397, 'lag_7': 0.019063544316115774, 'lag_8': 0.30417881683680187, 'lag_9': 0.4331131270837898, 'lag_10': 0.9451611632390721, 'lag_11': 0.4228316715976076, 'lag_12': 0.8916013884881613, 'lag_13': 0.20126716718840754, 'lag_14': 0.5990884275961466, 'lag_15': 0.7700294717954731, 'lag_16': 0.8813673005148908, 'lag_17': 0.004832149474798403, 'lag_18': 0.7714353022673839, 'lag_19': 0.9519727776910679, 'lag_20': 0.9747723641588822, 'lag_21': 0.5116464086653361, 'lag_22': 0.5626725506003075, 'lag_23': 0.2339202277321637, 'lag_24': 0.637316567595081, 'lag_25': 0.33130327229748113, 'lag_26': 0.9704546015299721, 'lag_27': 0.5016055852694203, 'lag_28': 0.5985951875959558}. Best is trial 54 with value: 0.004602995643799472.
[I 2025-09-29 12:53:22,830] Trial 75 finished with value: 0.005206474272024506 and parameters: {'lag_0': 0.6150829024354858, 'lag_1': 0.06684281559840777, 'lag_2': 0.07793884310800714, 'lag_3': 0.8412984827769666, 'lag_4': 0.04098926063426586, 'lag_5': 0.8845894882239891, 'lag_6': 0.39749410883460623, 'lag_7': 0.08395328291266131, 'lag_8': 0.3674883936438876, 'lag_9': 0.06484796305080553, 'lag_10': 0.9830646667482805, 'lag_11': 0.3378179475008648, 'lag_12': 0.9942292465307249, 'lag_13': 0.08933779883356506, 'lag_14': 0.5368435224482128, 'lag_15': 0.7202473887947277, 'lag_16': 0.8009700592708985, 'lag_17': 0.18336405551600587, 'lag_18': 0.9642329215788539, 'lag_19': 0.038976924265759105, 'lag_20': 0.860988529677629, 'lag_21': 0.4855908239536858, 'lag_22': 0.5479650103686254, 'lag_23': 0.1951265880053202, 'lag_24': 0.5231270365738402, 'lag_25': 0.19296986633690216, 'lag_26': 0.9104622778971099, 'lag_27': 0.539268548828806, 'lag_28': 0.5676332619368767}. Best is trial 54 with value: 0.004602995643799472.
[I 2025-09-29 12:53:25,318] Trial 76 finished with value: 0.005094603660506139 and parameters: {'lag_0': 0.5048346060183517, 'lag_1': 0.1042632519610429, 'lag_2': 0.03254340830364021, 'lag_3': 0.6467547301467512, 'lag_4': 0.16905789298199017, 'lag_5': 0.9648427083833481, 'lag_6': 0.1568483753965747, 'lag_7': 0.16123931742147746, 'lag_8': 0.32602532031865095, 'lag_9': 0.19589342040368496, 'lag_10': 0.5704139825465301, 'lag_11': 0.39987284162234826, 'lag_12': 0.898741548917711, 'lag_13': 0.27164715321934657, 'lag_14': 0.696224162709276, 'lag_15': 0.8048154171922751, 'lag_16': 0.928592908298373, 'lag_17': 0.0876061960502655, 'lag_18': 0.6649377794898017, 'lag_19': 0.9149464934656876, 'lag_20': 0.8149395301840954, 'lag_21': 0.40007421260433584, 'lag_22': 0.48800388615080637, 'lag_23': 0.35236312325696195, 'lag_24': 0.3646352193245224, 'lag_25': 0.3903572177703176, 'lag_26': 0.5388460661763305, 'lag_27': 0.3402672966876675, 'lag_28': 0.5193771117035074}. Best is trial 54 with value: 0.004602995643799472.
[I 2025-09-29 12:53:27,800] Trial 77 finished with value: 0.005110275541988621 and parameters: {'lag_0': 0.6823995690933232, 'lag_1': 0.9230001567946912, 'lag_2': 0.13042746778652192, 'lag_3': 0.8191571046895085, 'lag_4': 0.36096410671267104, 'lag_5': 0.33918050738952366, 'lag_6': 0.5067223324685854, 'lag_7': 0.07693118669651097, 'lag_8': 0.3929543302868386, 'lag_9': 0.24924382184290278, 'lag_10': 0.7529757205419835, 'lag_11': 0.48973109137155973, 'lag_12': 0.9330653127013409, 'lag_13': 0.20190300340505787, 'lag_14': 0.3078076890282377, 'lag_15': 0.663245976375901, 'lag_16': 0.6930345886227687, 'lag_17': 0.09458134915213834, 'lag_18': 0.4102489266833935, 'lag_19': 0.9768236550420526, 'lag_20': 0.9323780251723711, 'lag_21': 0.3599167637079753, 'lag_22': 0.2862112003272561, 'lag_23': 0.2897325374649511, 'lag_24': 0.7976186515996455, 'lag_25': 0.5190916693444004, 'lag_26': 0.9564587193716843, 'lag_27': 0.254328815122532, 'lag_28': 0.6430008683985586}. Best is trial 54 with value: 0.004602995643799472.
[I 2025-09-29 12:53:30,289] Trial 78 finished with value: 0.005641092875769168 and parameters: {'lag_0': 0.5618632811777029, 'lag_1': 0.18763456196926687, 'lag_2': 0.2755188547451515, 'lag_3': 0.34265314763161847, 'lag_4': 0.4576417556311673, 'lag_5': 0.9416169068588254, 'lag_6': 0.2785442555243629, 'lag_7': 0.22840152229616176, 'lag_8': 0.6436048238460111, 'lag_9': 0.13404255416264624, 'lag_10': 0.9751030242408315, 'lag_11': 0.46223808041793696, 'lag_12': 0.9638881945553119, 'lag_13': 0.025495800704075696, 'lag_14': 0.5233231548165139, 'lag_15': 0.8194993371746787, 'lag_16': 0.8372212342349284, 'lag_17': 0.8955713311755069, 'lag_18': 0.8443105350467108, 'lag_19': 0.6182109322364657, 'lag_20': 0.8898995240401326, 'lag_21': 0.7697453722805644, 'lag_22': 0.8024746186991294, 'lag_23': 0.24382811840734192, 'lag_24': 0.3350287172819604, 'lag_25': 0.24261731038924317, 'lag_26': 0.8861552496019386, 'lag_27': 0.6041268815280192, 'lag_28': 0.5489512393224162}. Best is trial 54 with value: 0.004602995643799472.
[I 2025-09-29 12:53:32,770] Trial 79 finished with value: 0.0051769700342222365 and parameters: {'lag_0': 0.7138344350189832, 'lag_1': 0.13093646330353928, 'lag_2': 0.09117850625139733, 'lag_3': 0.435998163188307, 'lag_4': 0.5315405532781979, 'lag_5': 0.5370395029337617, 'lag_6': 0.3776459497228102, 'lag_7': 0.18637484532848897, 'lag_8': 0.5268671981765175, 'lag_9': 0.5685522902160354, 'lag_10': 0.8186754623644773, 'lag_11': 0.3749565532018286, 'lag_12': 0.872604975239758, 'lag_13': 0.1643938716776585, 'lag_14': 0.7392001500245708, 'lag_15': 0.8685766599375206, 'lag_16': 0.9993679434437106, 'lag_17': 0.2617540525056127, 'lag_18': 0.3465139589472732, 'lag_19': 0.7779176250793699, 'lag_20': 0.7677695104059987, 'lag_21': 0.5511737469527357, 'lag_22': 0.4371606912932818, 'lag_23': 0.08117325129265258, 'lag_24': 0.4172747629618913, 'lag_25': 0.3151590598561327, 'lag_26': 0.9949414553743265, 'lag_27': 0.009168314472636552, 'lag_28': 0.5904542823529352}. Best is trial 54 with value: 0.004602995643799472.
[I 2025-09-29 12:53:35,256] Trial 80 finished with value: 0.004868879433643304 and parameters: {'lag_0': 0.6006117509368121, 'lag_1': 0.04759159257571047, 'lag_2': 0.835399104640787, 'lag_3': 0.48984965979174405, 'lag_4': 0.6865889589341252, 'lag_5': 0.6439056041078917, 'lag_6': 0.038055136975035514, 'lag_7': 0.050411291411830525, 'lag_8': 0.4125149661798792, 'lag_9': 0.380669953582951, 'lag_10': 0.4583368307687999, 'lag_11': 0.31025664490660876, 'lag_12': 0.6980819369304161, 'lag_13': 0.04379045495790876, 'lag_14': 0.55808737949244, 'lag_15': 0.754766352828043, 'lag_16': 0.8994975801604621, 'lag_17': 0.8333147531486583, 'lag_18': 0.7967089702010424, 'lag_19': 0.5545343224144079, 'lag_20': 0.08097615469283898, 'lag_21': 0.6956185999030068, 'lag_22': 0.8713515132612437, 'lag_23': 0.1835951497053995, 'lag_24': 0.583623909833277, 'lag_25': 0.6212959686471236, 'lag_26': 0.8597472688860589, 'lag_27': 0.17126631335212417, 'lag_28': 0.6972648438301292}. Best is trial 54 with value: 0.004602995643799472.
[I 2025-09-29 12:53:37,743] Trial 81 finished with value: 0.005479574166005492 and parameters: {'lag_0': 0.6079934278337858, 'lag_1': 0.055190708374618404, 'lag_2': 0.8663457702809569, 'lag_3': 0.5653462139553412, 'lag_4': 0.7323557242993383, 'lag_5': 0.6452072025668458, 'lag_6': 0.08600561106259257, 'lag_7': 0.05497419125103159, 'lag_8': 0.41961219894254115, 'lag_9': 0.4365749902709452, 'lag_10': 0.45602939124202485, 'lag_11': 0.3100207144201803, 'lag_12': 0.6727104659944936, 'lag_13': 0.04685959982416811, 'lag_14': 0.5535652087258779, 'lag_15': 0.7563124820427165, 'lag_16': 0.9115197703714345, 'lag_17': 0.7814155818476272, 'lag_18': 0.8042467320312146, 'lag_19': 0.4927795659887476, 'lag_20': 0.049481467447198, 'lag_21': 0.6875467420175608, 'lag_22': 0.8594543244939172, 'lag_23': 0.16470421855277043, 'lag_24': 0.613596212097139, 'lag_25': 0.5501945121787783, 'lag_26': 0.854151863203719, 'lag_27': 0.1849025331246652, 'lag_28': 0.6902253678377237}. Best is trial 54 with value: 0.004602995643799472.
