[I 2025-10-03 11:38:13,618] Trial 55 finished with values: [0.005555555555555555, 0.0023525293151590567, 0.00043949338320589985, 0.0019217002129372294, 0.001295075826013562, 0.00035610096611688905, 0.0010879933029217304, 0.001086527811768891, 0.002355177595330784, 0.0013984762060254108, 0.0012247002001989989, 0.0008712578686469318, 0.000419088916704027, 0.021041673846777267, 0.0, 0.000357761312768098, 7.49306060640861e-05, 0.00023671698703561645, 0.0006042920394345992, 2.8695570851997466e-05, 0.00013078191798350465, 4.6926491178257705e-05, 0.0004942199914925024, 0.000692656391489007, 0.0005798133262522326, 0.0003181348349365596, 0.0010180456557524378, 0.0018046225745868242, 0.0013117367012567642] and parameters: {'lag_0': 0.147751755386192, 'lag_1': 0.6113566159692578, 'lag_2': 0.15519943417073437, 'lag_3': 0.9584707865143111, 'lag_4': 0.35915059675630945, 'lag_5': 0.44206293599297697, 'lag_6': 0.6564631134303135, 'lag_7': 0.9667643080978945, 'lag_8': 0.11982336311520689, 'lag_9': 0.4054389022316261, 'lag_10': 0.6497982591138443, 'lag_11': 0.6913594521075535, 'lag_12': 0.10367874723475881, 'lag_13': 0.19652917677572715, 'lag_14': 0.15040167136833338, 'lag_15': 0.6283591570791895, 'lag_16': 0.07920931041762411, 'lag_17': 0.12344630402010753, 'lag_18': 0.6004013366297294, 'lag_19': 0.45134167727282604, 'lag_20': 0.48124156337637913, 'lag_21': 0.41097472938942886, 'lag_22': 0.21691648979188993, 'lag_23': 0.09717392847357781, 'lag_24': 0.05257782643391521, 'lag_25': 0.4001199272875152, 'lag_26': 0.674386426256689, 'lag_27': 0.8317587520713139, 'lag_28': 0.5158251498007693}.
[I 2025-10-03 11:38:16,338] Trial 56 finished with values: [0.0044444444444444444, 0.0017000261242142989, 3.514330123313705e-05, 0.001654199279929355, 0.00022593343162295018, 0.000933612198197002, 0.0012191663123486197, 0.0016930673098334965, 0.0025211699515617888, 0.0018829907893801138, 0.0014815401930954586, 0.0008088560315291163, 0.0009173217051926724, 0.019563116430584865, 0.0, 0.0005890469610050343, 8.89632691544228e-05, 0.0006699317245031809, 0.0005786239597040925, 3.364221723317148e-05, 3.6166582760759515e-05, 6.573412153657908e-05, 0.0004284888706963858, 0.0003207041325237162, 0.0008169759227087212, 0.00014299791004026866, 0.0007253259951570312, 0.001151055922035217, 0.0015732506246690942] and parameters: {'lag_0': 0.5178198451453208, 'lag_1': 0.6973428769206756, 'lag_2': 0.19748442532264804, 'lag_3': 0.12998601599077783, 'lag_4': 0.15730198064880244, 'lag_5': 0.5451859694380804, 'lag_6': 0.7712703037748914, 'lag_7': 0.5621853284262716, 'lag_8': 0.5556420039705249, 'lag_9': 0.8669314603393854, 'lag_10': 0.13641856258252238, 'lag_11': 0.47378093636147667, 'lag_12': 0.8450806769706182, 'lag_13': 0.6943530570655565, 'lag_14': 0.29557420806724405, 'lag_15': 0.5878724089646655, 'lag_16': 0.9731032615293909, 'lag_17': 0.2530707145036388, 'lag_18': 0.686394853728241, 'lag_19': 0.9728394994543074, 'lag_20': 0.25461148181185367, 'lag_21': 0.5363278816309123, 'lag_22': 0.6753962347831282, 'lag_23': 0.8302059491243707, 'lag_24': 0.7286574569020742, 'lag_25': 0.09126324076810095, 'lag_26': 0.704960096158809, 'lag_27': 0.8168602375415506, 'lag_28': 0.5445443370879537}.
[I 2025-10-03 11:38:19,043] Trial 57 finished with values: [0.0044444444444444444, 0.0009025159879299295, 0.00033082408237795327, 0.0011357027668024993, 0.001007230603469277, 0.001230832210857606, 0.001529929356077051, 0.0011559119454065017, 0.0025467765481693018, 0.0022368084943680273, 0.0017406153139201473, 0.0003692804262614832, 0.0006055648622545003, 0.019711764938206144, 0.0, 0.000501195216025103, 0.0001961965775083657, 0.000386954412330912, 0.0007471174273068137, 0.0001697510537296902, 8.125820596451507e-05, 4.81018487702532e-05, 0.0002556220240899896, 0.0002759436976367878, 0.0008492575954898305, 0.00022841544708989848, 0.00012862857486408116, 0.0007884901446066573, 0.001266618558865403] and parameters: {'lag_0': 0.6450493095159605, 'lag_1': 0.4691868718189242, 'lag_2': 0.51695989541561, 'lag_3': 0.4486200013519115, 'lag_4': 0.2436867523682403, 'lag_5': 0.046880526976904265, 'lag_6': 0.19836533141819687, 'lag_7': 0.3684452034673187, 'lag_8': 0.8739403811436913, 'lag_9': 0.43038571055727687, 'lag_10': 0.5623612997949545, 'lag_11': 0.44112110160815293, 'lag_12': 0.06048015898688289, 'lag_13': 0.3326777061389657, 'lag_14': 0.9118656568715684, 'lag_15': 0.4086084800940758, 'lag_16': 0.257629486652889, 'lag_17': 0.016420328887190576, 'lag_18': 0.13710500094505093, 'lag_19': 0.5892272740797331, 'lag_20': 0.35559714192746117, 'lag_21': 0.4168434166298263, 'lag_22': 0.9433164762179651, 'lag_23': 0.05220974413183335, 'lag_24': 0.19280973051344233, 'lag_25': 0.23822063513824465, 'lag_26': 0.09933034811104077, 'lag_27': 0.8646450217444066, 'lag_28': 0.8790901714891816}.
[I 2025-10-03 11:38:21,755] Trial 58 finished with values: [0.04033976124885216, 0.0023728244272423335, 0.0010626436420790553, 0.0008222431822657456, 0.0013384172337457712, 0.0005009224156112269, 0.0020966311592150164, 0.00094970113763273, 0.0011834770633632854, 0.0013226657441937706, 0.0010012072716113905, 0.0012716418247473607, 0.0006476614871276259, 0.020973073574870448, 0.0, 0.0013203801786639568, 0.00014283228983158212, 0.0007606150842947642, 0.001155210677339518, 1.712453192223956e-05, 0.00015088015409906957, 6.98462083015339e-05, 0.00037676736711669833, 0.0003707318867470604, 0.00067360028983997, 8.823022793663242e-05, 0.000555653336420542, 0.0012024490368144098, 0.0016372086021983149] and parameters: {'lag_0': 0.6772028578971466, 'lag_1': 0.6113566159692578, 'lag_2': 0.15519943417073437, 'lag_3': 0.9508310739155491, 'lag_4': 0.35915059675630945, 'lag_5': 0.6386492026546436, 'lag_6': 0.8145921954851166, 'lag_7': 0.3028761611485395, 'lag_8': 0.21148753279522417, 'lag_9': 0.4054389022316261, 'lag_10': 0.056391441570631085, 'lag_11': 0.4452854255437683, 'lag_12': 0.35987872171365387, 'lag_13': 0.19652917677572715, 'lag_14': 0.5803338928017515, 'lag_15': 0.4701832004405472, 'lag_16': 0.07920931041762411, 'lag_17': 0.12344630402010753, 'lag_18': 0.7761732916060157, 'lag_19': 0.20875390302479077, 'lag_20': 0.24132168320419958, 'lag_21': 0.4927085714780034, 'lag_22': 0.353190104952979, 'lag_23': 0.7279284896722701, 'lag_24': 0.05257782643391521, 'lag_25': 0.4001199272875152, 'lag_26': 0.9175610179038323, 'lag_27': 0.8317587520713139, 'lag_28': 0.11289760040954819}.
[I 2025-10-03 11:38:24,470] Trial 59 finished with values: [0.009575617283950618, 0.0014031727410595937, 0.0008513630399704453, 0.0023589692981827158, 0.00016879976717326667, 0.00157906935935767, 0.001387386018699193, 0.0024223859190350074, 0.0012587108056097932, 0.0014144906222166328, 0.0018093374665518291, 0.0007922818594936666, 0.00021901573292419795, 0.02188122405693188, 0.0, 0.00037456848981394394, 0.00010170668922342926, 0.0005826699094138687, 0.0006457776956895493, 0.00014909074687554765, 0.0001239796044810051, 5.583855012866398e-05, 0.0004231673149704275, 0.00016337865084576822, 0.00040234454533121997, 0.00023533807358862502, 0.0002182663436693738, 0.0021657691374291897, 0.0011627716334400595] and parameters: {'lag_0': 0.7694203164946297, 'lag_1': 0.9054841361063148, 'lag_2': 0.44684645735662354, 'lag_3': 0.8199609868496265, 'lag_4': 0.919509417966438, 'lag_5': 0.12591536984175095, 'lag_6': 0.6991671113191981, 'lag_7': 0.9706171946818878, 'lag_8': 0.5169725181144671, 'lag_9': 0.37653870809625645, 'lag_10': 0.8646130900851767, 'lag_11': 0.9135996856347821, 'lag_12': 0.621884670158396, 'lag_13': 0.7847921565392523, 'lag_14': 0.9900064082257976, 'lag_15': 0.26004262179060933, 'lag_16': 0.7007739624582984, 'lag_17': 0.012010694301103242, 'lag_18': 0.48126406155379, 'lag_19': 0.28717413090636035, 'lag_20': 0.11972344302635582, 'lag_21': 0.7203647020568944, 'lag_22': 0.3921978280910098, 'lag_23': 0.1589491589306369, 'lag_24': 0.3961248827006652, 'lag_25': 0.47341185046510004, 'lag_26': 0.3368260926515322, 'lag_27': 0.8490186804021407, 'lag_28': 0.42690256573104174}.
[I 2025-10-03 11:38:27,161] Trial 60 finished with values: [0.004222726127488032, 0.002107886783886627, 0.0008325241301965064, 0.0006590479091880564, 0.0005120681633870595, 0.002737617050761305, 0.000724127181957007, 0.0022678395487827252, 0.002071055234656858, 0.0018814145773674525, 0.0012918450441479505, 0.0005767425715125325, 0.00029132193899955713, 0.01823066989070706, 0.0, 0.00038109802050720484, 0.00038732531035838493, 0.0003120907838966889, 0.0008038575422456796, 7.080654890453218e-05, 8.31167212332644e-05, 1.978917513016341e-05, 0.0003989519953377289, 0.0005027181341636412, 0.0005401399719943973, 0.00012860154352873314, 0.0005801256299806856, 0.0010077481512272895, 0.0009404949626880497] and parameters: {'lag_0': 0.8388976087797331, 'lag_1': 0.483538418732454, 'lag_2': 0.4600652685536262, 'lag_3': 0.4717235610242721, 'lag_4': 0.49324687371230175, 'lag_5': 0.31986075671212555, 'lag_6': 0.8473723869906795, 'lag_7': 0.7792722370497848, 'lag_8': 0.6987033219742702, 'lag_9': 0.9440530813785042, 'lag_10': 0.15359464675871312, 'lag_11': 0.40623732223123815, 'lag_12': 0.9557175245598951, 'lag_13': 0.8181308261114458, 'lag_14': 0.9245351679286902, 'lag_15': 0.7010318434761745, 'lag_16': 0.7473150693561184, 'lag_17': 0.49107238975688655, 'lag_18': 0.1649613848730195, 'lag_19': 0.376210486987838, 'lag_20': 0.24726122778493556, 'lag_21': 0.5397178643256142, 'lag_22': 0.11056217693291708, 'lag_23': 0.8529483193700509, 'lag_24': 0.9526865265545327, 'lag_25': 0.014011144247699971, 'lag_26': 0.920847292482036, 'lag_27': 0.2711872405038848, 'lag_28': 0.14236565956920796}.
[I 2025-10-03 11:38:29,859] Trial 61 finished with values: [0.0038832199546485263, 0.0018887022993716307, 0.00044565052459461424, 0.002031299064574063, 0.0020909198798553215, 0.0018648647536376323, 0.0017293532885912228, 0.0013751736596009788, 0.002024579403546772, 0.0017927542878957206, 0.0013084205636367616, 0.000590575835061889, 0.0006998723565137364, 0.021828419414893132, 0.0, 0.00020760887643764904, 7.43235423432354e-05, 0.0006465640169153592, 0.000793903983214482, 6.859403213218399e-05, 2.7525305998190028e-05, 8.877730009068728e-05, 0.00023809269834762162, 0.0005793551697293808, 0.0007360904194963174, 0.0005267575644943488, 0.0011652852587956195, 0.0009814537380410944, 0.0007412034869992573] and parameters: {'lag_0': 0.5912533245978996, 'lag_1': 0.6295916923269325, 'lag_2': 0.0012095629172995499, 'lag_3': 0.12998601599077783, 'lag_4': 0.6134932632428424, 'lag_5': 0.5451859694380804, 'lag_6': 0.9911922502808059, 'lag_7': 0.9154631773476024, 'lag_8': 0.5556420039705249, 'lag_9': 0.058580832925750184, 'lag_10': 0.8433593959676876, 'lag_11': 0.47378093636147667, 'lag_12': 0.6610988315609404, 'lag_13': 0.6943530570655565, 'lag_14': 0.3440900573871716, 'lag_15': 0.7421141268148613, 'lag_16': 0.32875567330723987, 'lag_17': 0.32121089935534775, 'lag_18': 0.686394853728241, 'lag_19': 0.09858844241431818, 'lag_20': 0.2561084482520893, 'lag_21': 0.8681511751592814, 'lag_22': 0.37981204594679635, 'lag_23': 0.4569420849993839, 'lag_24': 0.7286574569020742, 'lag_25': 0.2506831635695132, 'lag_26': 0.9019315114806115, 'lag_27': 0.21279194240340651, 'lag_28': 0.06272426997982973}.
[I 2025-10-03 11:38:32,554] Trial 62 finished with values: [0.0036730945821854912, 0.005430101941270785, 0.0007570045986324662, 0.0012065741219633897, 0.0011243943562238982, 0.0006814542105333745, 0.000815308747127295, 0.0021205472115584157, 0.002750385260848217, 0.001645651785572961, 0.0011989109058726214, 0.0008241522680583577, 0.00018231420504190402, 0.018965545245991908, 0.0, 0.0002496892298003646, 0.00018872034963348918, 0.0003788867667915709, 0.0005918533080534516, 1.6485801670716006e-05, 4.6931303603846465e-05, 6.393844940627566e-05, 0.0005715877389066568, 0.00038684987589783374, 0.0004862981629872004, 0.00021784367687467492, 0.0007449876830199927, 0.0019683582782223158, 0.0012006727867861459] and parameters: {'lag_0': 0.6386722205621624, 'lag_1': 0.6156240415776172, 'lag_2': 0.3023555827890608, 'lag_3': 0.7571971864936412, 'lag_4': 0.9099796685061269, 'lag_5': 0.8225856460943819, 'lag_6': 0.8027050917256753, 'lag_7': 0.9154631773476024, 'lag_8': 0.5196874916752023, 'lag_9': 0.8669314603393854, 'lag_10': 0.8123870830739819, 'lag_11': 0.47378093636147667, 'lag_12': 0.9484335595842074, 'lag_13': 0.6943530570655565, 'lag_14': 0.29557420806724405, 'lag_15': 0.5878724089646655, 'lag_16': 0.570267627621527, 'lag_17': 0.12422662902730093, 'lag_18': 0.686394853728241, 'lag_19': 0.48087255475912666, 'lag_20': 0.2561084482520893, 'lag_21': 0.6975212613619416, 'lag_22': 0.4530092957729356, 'lag_23': 0.6541419897425783, 'lag_24': 0.7286574569020742, 'lag_25': 0.6194854337286686, 'lag_26': 0.704960096158809, 'lag_27': 0.8168602375415506, 'lag_28': 0.06272426997982973}.
[I 2025-10-03 11:38:35,254] Trial 63 finished with values: [0.0044444444444444444, 0.0022672307180030744, 0.0009616320049672816, 0.0019347234266104592, 0.00010050594377664875, 0.0006541398552387129, 0.0017037804794568262, 0.0019800091803620547, 0.002412675133166237, 0.0013041814608384292, 0.0010475242829543472, 0.00042655626961012657, 0.0004308658300935379, 0.015969162810243402, 0.0, 0.0004685610305000868, 6.92473152483392e-05, 0.0004035851235412273, 0.0011022869335502387, 3.0286367630725132e-05, 2.595504853485402e-05, 5.292035466456993e-05, 0.0003550990807919548, 0.0004902086493038145, 0.0004988088215977292, 0.0003929082040883297, 0.0007522332593384034, 0.002138337850466316, 0.0009013748703206381] and parameters: {'lag_0': 0.3513849994064846, 'lag_1': 0.07290139681494204, 'lag_2': 0.971050566514043, 'lag_3': 0.2890317139275206, 'lag_4': 0.3969106258642735, 'lag_5': 0.2402652791745006, 'lag_6': 0.8466265008846765, 'lag_7': 0.0704849627814773, 'lag_8': 0.5092424683774803, 'lag_9': 0.6874131864867348, 'lag_10': 0.2199264776713278, 'lag_11': 0.30051318848780667, 'lag_12': 0.6476386338384631, 'lag_13': 0.021950626664897565, 'lag_14': 0.4098200846385672, 'lag_15': 0.03296696808738449, 'lag_16': 0.09190018739271386, 'lag_17': 0.5569952784921537, 'lag_18': 0.10165065074744224, 'lag_19': 0.978155703820412, 'lag_20': 0.6101521534872969, 'lag_21': 0.4657850060345565, 'lag_22': 0.5285608487505434, 'lag_23': 0.012112837997860388, 'lag_24': 0.3411471347149881, 'lag_25': 0.7429608037734818, 'lag_26': 0.9126739429907554, 'lag_27': 0.8551183443512871, 'lag_28': 0.3713109532706225}.
[I 2025-10-03 11:38:37,956] Trial 64 finished with values: [0.0036730945821854912, 0.004516585665323199, 0.0018157259268949955, 0.0006354594656908333, 0.0007090302097458912, 0.0016255624942378497, 0.001762554565072897, 0.0011390609901058024, 0.0019973543332639206, 0.0019552751002289144, 0.0016245144821209092, 0.0011193414658174886, 0.00024333816784463062, 0.020250290163473208, 0.0, 0.0002298015003634351, 0.000207132173392067, 0.00012160327638926077, 0.0008055202765767728, 1.937899275311912e-05, 5.050045351279773e-05, 1.191954120443627e-05, 0.00046428184292810474, 0.00029986854255370954, 0.0010894012056551644, 0.0002599309479574422, 0.0007104707164889733, 0.0013781758743862294, 0.0011249731648083296] and parameters: {'lag_0': 0.1375449895953165, 'lag_1': 0.09482281486799087, 'lag_2': 0.07719341800786655, 'lag_3': 0.09960196993663488, 'lag_4': 0.8544039458606988, 'lag_5': 0.9183652296104007, 'lag_6': 0.5772917551378502, 'lag_7': 0.998270296878822, 'lag_8': 0.5913138589715232, 'lag_9': 0.4760284849035677, 'lag_10': 0.12632391582388933, 'lag_11': 0.433647202811058, 'lag_12': 0.28521559549164194, 'lag_13': 0.7480900289219008, 'lag_14': 0.31785312442652425, 'lag_15': 0.3245232778884548, 'lag_16': 0.16562860868603538, 'lag_17': 0.32235105626095256, 'lag_18': 0.9200999556775299, 'lag_19': 0.09116160592912557, 'lag_20': 0.1400088950939762, 'lag_21': 0.9268825026713049, 'lag_22': 0.5503337286611054, 'lag_23': 0.8645680275506947, 'lag_24': 0.5659533968661946, 'lag_25': 0.890736364467487, 'lag_26': 0.2380263356611629, 'lag_27': 0.17802323862254324, 'lag_28': 0.3929386212211873}.
[I 2025-10-03 11:38:40,644] Trial 65 finished with values: [0.024994331065759635, 0.0029104852717634316, 0.000937143365663359, 0.002814381244814953, 0.0006442931623612802, 0.001335458367762625, 0.0009772054996859307, 0.0021799095393232487, 0.0018900227464001018, 0.001379252387390797, 0.0006669995344921365, 0.0007554597117651978, 0.00034951168267773617, 0.017633698251166355, 0.0, 0.00023913402729995123, 0.0001560249422528967, 0.0006217365276996235, 0.0004749071142125264, 2.7242953529588524e-05, 5.838700528585661e-05, 4.527723164103267e-05, 0.0004638174407172754, 0.00031598578215633456, 0.000499769836128415, 0.0002074690834945278, 0.00016952039061128877, 0.0015438837369975075, 0.00014701438422325204] and parameters: {'lag_0': 0.3063590240109723, 'lag_1': 0.7676172893847699, 'lag_2': 0.45630082555662926, 'lag_3': 0.29217992954764715, 'lag_4': 0.35915059675630945, 'lag_5': 0.6386492026546436, 'lag_6': 0.8145921954851166, 'lag_7': 0.5424092894088266, 'lag_8': 0.33091965571416787, 'lag_9': 0.7757443340210887, 'lag_10': 0.6497982591138443, 'lag_11': 0.2815455199302334, 'lag_12': 0.6734821179740667, 'lag_13': 0.41553048610982213, 'lag_14': 0.5803338928017515, 'lag_15': 0.6135186917518037, 'lag_16': 0.7484827437236705, 'lag_17': 0.6782479617187241, 'lag_18': 0.7761732916060157, 'lag_19': 0.6248221883959478, 'lag_20': 0.12355945821439307, 'lag_21': 0.41097472938942886, 'lag_22': 0.4197049469977529, 'lag_23': 0.7279284896722701, 'lag_24': 0.05257782643391521, 'lag_25': 0.031636386693182736, 'lag_26': 0.5689042928557881, 'lag_27': 0.8317587520713139, 'lag_28': 0.2210708154648892}.
[I 2025-10-03 11:38:43,350] Trial 66 finished with values: [0.0032430429318957453, 0.002400126390667552, 0.0006565326903325985, 0.0005555243779733718, 0.0011894925504498054, 0.0018866760449964247, 0.001537129464123704, 0.001510030986704632, 0.0013053772107731768, 0.0017210704364816532, 0.001386303539956177, 0.0008951095210753393, 0.0006259309625880448, 0.019642434110661862, 0.0, 0.0001714534915090742, 0.00011315104154226, 0.0003929161081807941, 0.00044695879585473906, 1.8626316719400178e-05, 9.472754451477466e-05, 6.459208038347072e-05, 0.000384222171361765, 0.00025149732704626344, 0.0007275562046604584, 0.0002485522208079005, 0.0006898049162854544, 0.0016036054099913574, 0.0013797954871233842] and parameters: {'lag_0': 0.5178198451453208, 'lag_1': 0.8784735295955245, 'lag_2': 0.3023555827890608, 'lag_3': 0.7133661402175434, 'lag_4': 0.15730198064880244, 'lag_5': 0.12938250611897092, 'lag_6': 0.0649056792734715, 'lag_7': 0.09759453440604607, 'lag_8': 0.6729997109037548, 'lag_9': 0.42831233716845035, 'lag_10': 0.8123870830739819, 'lag_11': 0.7187069125420577, 'lag_12': 0.8450806769706182, 'lag_13': 0.29644722318953226, 'lag_14': 0.24811937001961762, 'lag_15': 0.3472235470960385, 'lag_16': 0.570267627621527, 'lag_17': 0.9109350896285161, 'lag_18': 0.37917521155206263, 'lag_19': 0.48087255475912666, 'lag_20': 0.7518537922434751, 'lag_21': 0.5363278816309123, 'lag_22': 0.6753962347831282, 'lag_23': 0.6541419897425783, 'lag_24': 0.3138457131913499, 'lag_25': 0.6194854337286686, 'lag_26': 0.8764375216857153, 'lag_27': 0.7705521648781948, 'lag_28': 0.5445443370879537}.
[I 2025-10-03 11:38:46,050] Trial 67 finished with values: [0.003945203425722905, 0.0005713342146809953, 0.001273966519687131, 0.0008492155592061502, 0.0010071834121143772, 0.001482488595224677, 0.0008215870705463705, 0.0022200390829324934, 0.001618137370593524, 0.0009004855921219863, 0.0007983175757058786, 0.00041943036533138986, 0.00026887729463419177, 0.018146892080227513, 0.0, 0.00040506433896253047, 0.0001343738340073466, 0.0006973012547765398, 0.0004892633296750506, 1.1024707942274962e-05, 0.00015269243807325043, 9.277036778991702e-05, 0.0005619356514584523, 0.00046848859625392235, 0.0005487648000347897, 9.909535821144369e-05, 0.0004672181806823354, 0.0015945025112324043, 0.0012466095138206075] and parameters: {'lag_0': 0.22829910800835862, 'lag_1': 0.9495061015999345, 'lag_2': 0.9057565923336844, 'lag_3': 0.29217992954764715, 'lag_4': 0.20522828530977288, 'lag_5': 0.6211129497848586, 'lag_6': 0.6079073846880663, 'lag_7': 0.019091401630006607, 'lag_8': 0.46755363785989223, 'lag_9': 0.7757443340210887, 'lag_10': 0.08998831155855065, 'lag_11': 0.2815455199302334, 'lag_12': 0.9352662825830365, 'lag_13': 0.41553048610982213, 'lag_14': 0.3631305130568663, 'lag_15': 0.6135186917518037, 'lag_16': 0.7484827437236705, 'lag_17': 0.6782479617187241, 'lag_18': 0.9489836824000266, 'lag_19': 0.6248221883959478, 'lag_20': 0.12355945821439307, 'lag_21': 0.28182066604380407, 'lag_22': 0.7373276061065085, 'lag_23': 0.1413946173494375, 'lag_24': 0.15387076094777205, 'lag_25': 0.648113839311037, 'lag_26': 0.5689042928557881, 'lag_27': 0.13924422499863998, 'lag_28': 0.1908039394092082}.
