[I 2025-10-03 11:33:23,342] Trial 51 finished with values: [0.0016, 0.0022816239185222344, 0.0008330413075638121, 0.0010040041177798668, 0.0006208128234697441, 0.0005117860397662665, 0.0006723400056309826, 0.00012839377332897922, 0.0008199371211103825, 0.0009633548593498475, 0.00030668618207501747, 0.0016246260909345458, 0.004161577475733145, 0.022608551829864123, 0.0, 0.03280027223215777, 0.0059530564816837935, 0.0008531209970953279, 0.006324907100022451, 7.697127123198784e-06, 0.004794187511486114, 0.003016493563507215, 0.003920805367585338, 0.004728614953428375, 0.005726393695971, 0.0020599700220472186, 0.00012806305429736872, 0.0009213002472844452, 0.21480988323236475] and parameters: {'lag_0': 0.020788997507875755, 'lag_1': 0.01576741161206372, 'lag_2': 0.9032880450174805, 'lag_3': 0.9155784726396337, 'lag_4': 0.5965831111898221, 'lag_5': 0.8854508286351044, 'lag_6': 0.5669387858370486, 'lag_7': 0.7612287262130298, 'lag_8': 0.1661045918166776, 'lag_9': 0.6666067441938568, 'lag_10': 0.5010851770989005, 'lag_11': 0.7961768151160178, 'lag_12': 0.13989062510040803, 'lag_13': 0.23568065739022742, 'lag_14': 0.27313205835128607, 'lag_15': 0.5389927825257805, 'lag_16': 0.9048825569180189, 'lag_17': 0.9929274898230989, 'lag_18': 0.6381729862272882, 'lag_19': 0.8035613602784434, 'lag_20': 0.08943533379574381, 'lag_21': 0.8662841426659217, 'lag_22': 0.7796294469923263, 'lag_23': 0.35082288996035355, 'lag_24': 0.6882435966352536, 'lag_25': 0.667013572438585, 'lag_26': 0.31956270395331904, 'lag_27': 0.37310257057626534, 'lag_28': 0.15125550236906662}.
[I 2025-10-03 11:33:25,999] Trial 52 finished with values: [0.003395918367346938, 0.0031216456010412057, 0.0012412966675958955, 0.0012147488929427684, 0.0003705528471855577, 0.0009294307281549361, 0.001496825959095366, 0.0004219594471781236, 0.00048354145134611536, 0.0008947174692512494, 0.0004474383850891328, 0.001353326927935252, 0.003726239753277701, 0.019915895542794347, 0.0, 0.03866957736577391, 0.004484044251358379, 0.0009972271395230121, 0.00802902261165899, 0.00013014356529308019, 0.00574324813747709, 0.00222748214413024, 0.003088516391037371, 0.006004926257250455, 0.005047199957748974, 0.002117823756673443, 0.00034414939414488, 0.00033933052398456027, 0.22332866785942782] and parameters: {'lag_0': 0.624034233454082, 'lag_1': 0.18789213542482588, 'lag_2': 0.7469229706609662, 'lag_3': 0.40662622578445073, 'lag_4': 0.923335042984971, 'lag_5': 0.8162721289134646, 'lag_6': 0.8732141663079463, 'lag_7': 0.8872380975538227, 'lag_8': 0.22995542940033556, 'lag_9': 0.4276269230848838, 'lag_10': 0.2324143787468767, 'lag_11': 0.9831099491393229, 'lag_12': 0.45478322662121146, 'lag_13': 0.9586592287343642, 'lag_14': 0.4967615024427586, 'lag_15': 0.8072345875908967, 'lag_16': 0.7609022968161281, 'lag_17': 0.965969440514245, 'lag_18': 0.7382413949073106, 'lag_19': 0.6513082080445184, 'lag_20': 0.09073035397728557, 'lag_21': 0.9402641922006739, 'lag_22': 0.9067665834540748, 'lag_23': 0.5685846721993564, 'lag_24': 0.5123576340318912, 'lag_25': 0.21957972060878742, 'lag_26': 0.6260047989476972, 'lag_27': 0.5825350537631966, 'lag_28': 0.4798862323262063}.
[I 2025-10-03 11:33:28,654] Trial 53 finished with values: [0.006352662721893491, 0.004834568380522427, 0.0008101966299386481, 0.00032596018938234854, 0.00045717785586796755, 0.0006633792536155274, 0.0003073674893033031, 0.0002698852776291488, 0.0008891486023994652, 0.0009345103639092616, 0.00047764832350981714, 0.000620870002587292, 0.005053675248851686, 0.019497604403839425, 0.0, 0.03835416137560487, 0.0042527783992749426, 0.0005887396451077499, 0.006460730817145076, 2.662706303797642e-05, 0.004919495825768399, 0.0033773197760830777, 0.0026866912799762633, 0.005033066640547262, 0.004708342698098697, 0.002043867075065329, 0.0004186629976727852, 0.001515281434583206, 0.20879143956123433] and parameters: {'lag_0': 0.030180379099806306, 'lag_1': 0.6726255427222801, 'lag_2': 0.10874250111577816, 'lag_3': 0.7709296770058186, 'lag_4': 0.8580801207547352, 'lag_5': 0.9498912372313494, 'lag_6': 0.6455916115080561, 'lag_7': 0.8907737411699664, 'lag_8': 0.9966325815421495, 'lag_9': 0.1442376685816231, 'lag_10': 0.7013657013575573, 'lag_11': 0.16554198899672667, 'lag_12': 0.3315455576293291, 'lag_13': 0.6730191734274649, 'lag_14': 0.18411313799704057, 'lag_15': 0.936076777626886, 'lag_16': 0.8659835076595426, 'lag_17': 0.5129536772310934, 'lag_18': 0.7689893755403683, 'lag_19': 0.1405483667904133, 'lag_20': 0.8936794138433609, 'lag_21': 0.8013952523213801, 'lag_22': 0.3056085788009329, 'lag_23': 0.18497234617511063, 'lag_24': 0.4734447921025396, 'lag_25': 0.6544212516606562, 'lag_26': 0.26624393879291136, 'lag_27': 0.46792370072781314, 'lag_28': 0.6991502014485779}.
[I 2025-10-03 11:33:31,305] Trial 54 finished with values: [0.0017983471074380167, 0.002617328849971208, 0.001873727579799638, 0.0011963105298907583, 0.00012715302390692103, 0.001001676057888179, 0.0010390206107017707, 0.0005435498396679226, 0.0006807584014654887, 0.0015413737330338198, 0.0007343998528943046, 0.0009147052125632046, 0.0031052643288176926, 0.022001749930698405, 0.0, 0.04063667744869622, 0.004955791628761057, 0.0005882976107190584, 0.007077863717461902, 0.00010283781291348889, 0.004706315368391375, 0.0026688484844868783, 0.0035756514873890206, 0.005457024249210998, 0.00585372737732447, 0.00179084867954769, 0.00013976918766763893, 0.00033215279097027745, 0.23824992919616825] and parameters: {'lag_0': 0.0417074849262077, 'lag_1': 0.6621924266960489, 'lag_2': 0.4923834760602127, 'lag_3': 0.494146681661329, 'lag_4': 0.5241552795363943, 'lag_5': 0.023804039083889776, 'lag_6': 0.23177629550566503, 'lag_7': 0.6805966127821366, 'lag_8': 0.7769567184767583, 'lag_9': 0.4402603594084602, 'lag_10': 0.6668432072098978, 'lag_11': 0.7865021361192074, 'lag_12': 0.6064321235864053, 'lag_13': 0.8148616125414466, 'lag_14': 0.15937691118447236, 'lag_15': 0.9215218702412162, 'lag_16': 0.3013264693616979, 'lag_17': 0.39075219308499204, 'lag_18': 0.455835931918911, 'lag_19': 0.4650789393140339, 'lag_20': 0.1313813546768377, 'lag_21': 0.1670979658426655, 'lag_22': 0.06511873924365373, 'lag_23': 0.2723160679138884, 'lag_24': 0.5520769797945435, 'lag_25': 0.048680384671157644, 'lag_26': 0.970881651096547, 'lag_27': 0.7807588523325342, 'lag_28': 0.45561427119791675}.
[I 2025-10-03 11:33:33,959] Trial 55 finished with values: [0.010099999999999998, 0.0029425796669752713, 0.0006220995005227994, 0.0008752330594863061, 0.00041816046540060824, 0.0004945157671454517, 0.000452575955863951, 0.00021235657418014844, 0.0012658233930306784, 0.0023277349618066505, 0.0006184923613813838, 0.0012394967757077351, 0.005276663823330735, 0.01908515894958453, 0.0, 0.04554667654468346, 0.0047970444487773585, 0.0009278457624619091, 0.006900952656460127, 0.00018528424873106967, 0.005558486172000601, 0.003334331558947956, 0.0035966992003887235, 0.0048215447042203145, 0.004762090679476672, 0.002124300073957412, 0.00045106555147723275, 0.0020621016985107096, 0.22668804408581433] and parameters: {'lag_0': 0.4688151001242093, 'lag_1': 0.9629797655308935, 'lag_2': 0.2870205554907551, 'lag_3': 0.287437241782257, 'lag_4': 0.6313353803254562, 'lag_5': 0.6498910184405715, 'lag_6': 0.04775685729436234, 'lag_7': 0.7906595126327252, 'lag_8': 0.3383071153700684, 'lag_9': 0.6373508403341782, 'lag_10': 0.311617555990162, 'lag_11': 0.10332202090272365, 'lag_12': 0.32284397808821863, 'lag_13': 0.6307396590941822, 'lag_14': 0.35836781662351347, 'lag_15': 0.001766142364383311, 'lag_16': 0.09257662842767306, 'lag_17': 0.882759555794076, 'lag_18': 0.11491103679532076, 'lag_19': 0.17108968131911226, 'lag_20': 0.30017174370469996, 'lag_21': 0.6640446050717589, 'lag_22': 0.37133654698625224, 'lag_23': 0.2897175568021982, 'lag_24': 0.5599417819900192, 'lag_25': 0.8139130171431511, 'lag_26': 0.19300949223249028, 'lag_27': 0.7086805014394065, 'lag_28': 0.11652685389544079}.
[I 2025-10-03 11:33:36,721] Trial 56 finished with values: [0.009977551020408159, 0.0027567895921938737, 0.0020128205162776797, 0.00233356551604735, 0.00019474317769334755, 0.0014067610463264078, 0.0009115544515778411, 0.0004546458295914998, 0.000352594808846155, 0.001581554713599299, 0.00036386302414268093, 0.0006500671709995015, 0.004491636912836881, 0.020810031131906152, 0.0, 0.03953904693609049, 0.004499128087975629, 0.0016193464064764404, 0.007696315889923899, 0.0001089814290775517, 0.004625885104700027, 0.0027795854943695355, 0.003820576279956439, 0.004314776012023368, 0.0066656218314356044, 0.0026010177890570642, 0.0002507338096398219, 0.001585436609213841, 0.22019830515236666] and parameters: {'lag_0': 0.020788997507875755, 'lag_1': 0.01622101869420826, 'lag_2': 0.7180553186917223, 'lag_3': 0.40662622578445073, 'lag_4': 0.5965831111898221, 'lag_5': 0.9676169632122432, 'lag_6': 0.022192144623432948, 'lag_7': 0.7723270098935652, 'lag_8': 0.29132467755110836, 'lag_9': 0.33641181546959364, 'lag_10': 0.2324143787468767, 'lag_11': 0.30094610627313056, 'lag_12': 0.45478322662121146, 'lag_13': 0.9586592287343642, 'lag_14': 0.26386901626603215, 'lag_15': 0.5389927825257805, 'lag_16': 0.15185047672172508, 'lag_17': 0.965969440514245, 'lag_18': 0.09024496596193175, 'lag_19': 0.799364113754708, 'lag_20': 0.08943533379574381, 'lag_21': 0.2707488796214512, 'lag_22': 0.7796294469923263, 'lag_23': 0.8939154357659239, 'lag_24': 0.7937310467055908, 'lag_25': 0.667013572438585, 'lag_26': 0.31956270395331904, 'lag_27': 0.5825350537631966, 'lag_28': 0.46406837310423116}.
[I 2025-10-03 11:33:39,380] Trial 57 finished with values: [0.0016, 0.0015689509494626257, 0.0028120714937774605, 0.0006832919509775542, 0.0005507562134507038, 0.0012176260718166228, 0.0006951444948638933, 0.00027401690985516135, 0.0006332794796929348, 0.0009877915297749095, 0.0006194653862114962, 0.0012224703589721834, 0.004832737668639217, 0.02011755120249336, 0.0, 0.0377358486099371, 0.006178740017801818, 0.0012486362572597391, 0.00750954454151854, 0.00017250201942966997, 0.0067670964454512456, 0.002546261950211233, 0.003978720921890536, 0.0059550951048897224, 0.004108487331135063, 0.0016965367989311866, 0.0005084516088620352, 0.0012507743798068165, 0.21113861975351847] and parameters: {'lag_0': 0.7858039076055245, 'lag_1': 0.3444866461262855, 'lag_2': 0.20606360321457579, 'lag_3': 0.4778940809254179, 'lag_4': 0.4187416313830079, 'lag_5': 0.8854508286351044, 'lag_6': 0.23177629550566503, 'lag_7': 0.7612287262130298, 'lag_8': 0.6408577908579627, 'lag_9': 0.6666067441938568, 'lag_10': 0.9056402197601737, 'lag_11': 0.21007269161921652, 'lag_12': 0.25757260531922366, 'lag_13': 0.7497193906637242, 'lag_14': 0.827600317530415, 'lag_15': 0.46851857594184715, 'lag_16': 0.9048825569180189, 'lag_17': 0.05443919411366837, 'lag_18': 0.9886585812297922, 'lag_19': 0.4650789393140339, 'lag_20': 0.5241820416061846, 'lag_21': 0.1670979658426655, 'lag_22': 0.2792004759595501, 'lag_23': 0.8336845729894814, 'lag_24': 0.23445174496917837, 'lag_25': 0.5014384791493685, 'lag_26': 0.970881651096547, 'lag_27': 0.13549810985288907, 'lag_28': 0.15125550236906662}.
[I 2025-10-03 11:33:42,039] Trial 58 finished with values: [0.007920987654320987, 0.00296401389286008, 0.0002908976594735044, 0.0005729959794967038, 0.0004192105331381842, 0.0008716519600524646, 0.0004729791440716971, 0.00026247123319888936, 0.000511416971547526, 0.001180705644082769, 0.0009284227039247754, 0.0010046880138206216, 0.0042273213756911674, 0.020352109411704667, 0.0, 0.03444368535878972, 0.005583205986301811, 0.0009511200402060633, 0.006097981732218307, 0.00015231232406341333, 0.005622134028802981, 0.0023112555471250917, 0.0036999563626999563, 0.005545584612594223, 0.005558333756340966, 0.0009354409472323742, 0.00031291868712100184, 0.0016535220317641344, 0.2269284033516988] and parameters: {'lag_0': 0.7858039076055245, 'lag_1': 0.7211055217631549, 'lag_2': 0.20606360321457579, 'lag_3': 0.3403823367076788, 'lag_4': 0.07825201443526231, 'lag_5': 0.6628202813096875, 'lag_6': 0.12569215637557746, 'lag_7': 0.09601332283921762, 'lag_8': 0.6408577908579627, 'lag_9': 0.032901404010408745, 'lag_10': 0.6474602531681719, 'lag_11': 0.7961768151160178, 'lag_12': 0.024516481529018083, 'lag_13': 0.23568065739022742, 'lag_14': 0.07948888827455589, 'lag_15': 0.9473225639824394, 'lag_16': 0.9048825569180189, 'lag_17': 0.9929274898230989, 'lag_18': 0.9886585812297922, 'lag_19': 0.8035613602784434, 'lag_20': 0.9085876927166141, 'lag_21': 0.14964290041425632, 'lag_22': 0.24193479086392997, 'lag_23': 0.015822675814010492, 'lag_24': 0.4145832721093158, 'lag_25': 0.5014384791493685, 'lag_26': 0.8555785564100339, 'lag_27': 0.13549810985288907, 'lag_28': 0.1341691615902361}.
[I 2025-10-03 11:33:44,690] Trial 59 finished with values: [0.013355102040816325, 0.007034468452112331, 0.0009285089486341944, 0.0007822244772349224, 0.0004908445976911855, 0.001059925194598238, 0.0006513441628374059, 5.688067542354491e-05, 0.0008232598755866249, 0.001384347690622516, 0.0005461413948414663, 0.001374184894087952, 0.0037540206342135604, 0.021334810637582878, 0.0, 0.03193531205848105, 0.007072236694365264, 0.0010574902741066444, 0.006428169687623428, 6.900489163857942e-05, 0.004853071278293771, 0.0028892644018786574, 0.003550186126654184, 0.005386585521981704, 0.004197165500476093, 0.0021460413234620323, 0.0006312882737172784, 0.0008451702270243277, 0.24214794953977647] and parameters: {'lag_0': 0.23264171837149683, 'lag_1': 0.09219435278962482, 'lag_2': 0.7954366826355386, 'lag_3': 0.3588254165173768, 'lag_4': 0.06310699716971431, 'lag_5': 0.5297707145484303, 'lag_6': 0.41777660184323295, 'lag_7': 0.8962039244954072, 'lag_8': 0.9254407556421455, 'lag_9': 0.6217763829486728, 'lag_10': 0.41862831101733744, 'lag_11': 0.9087904440204192, 'lag_12': 0.5852791776508783, 'lag_13': 0.6207496546455444, 'lag_14': 0.034450734392236726, 'lag_15': 0.48629280298332245, 'lag_16': 0.2671017640176334, 'lag_17': 0.2760950053853679, 'lag_18': 0.8032023528475222, 'lag_19': 0.829805222178177, 'lag_20': 0.2830979059955704, 'lag_21': 0.5042408036934815, 'lag_22': 0.9700058278888379, 'lag_23': 0.6004148108848055, 'lag_24': 0.17131364317549855, 'lag_25': 0.12214228262309276, 'lag_26': 0.5929803205849148, 'lag_27': 0.7569408835763684, 'lag_28': 0.41085180231613466}.
[I 2025-10-03 11:33:47,350] Trial 60 finished with values: [0.0017983471074380167, 0.0009863543050356238, 0.0010623195915815838, 0.0005579150640897184, 0.0005024653917345233, 0.0005972919339288233, 0.0009592308067226937, 0.0007191337724331203, 0.001466641766513004, 0.0011698011730511874, 0.00046426281734429745, 0.001732948736582696, 0.004135945124672082, 0.022824199557224645, 0.0, 0.0420042809308629, 0.003848596831434973, 0.0007804131876445151, 0.007291871895418735, 8.037992563938899e-05, 0.004330449758418435, 0.0032916073038755126, 0.0037593865900630513, 0.0065396564217270765, 0.0049426971989952944, 0.0018053804786551352, 0.00019976990873224275, 0.0011289260012579303, 0.22368502797110193] and parameters: {'lag_0': 0.295767521047474, 'lag_1': 0.1603685636007759, 'lag_2': 0.17535887236374892, 'lag_3': 0.5771407236324932, 'lag_4': 0.15827277055795277, 'lag_5': 0.7143663022477179, 'lag_6': 0.7138775116487475, 'lag_7': 0.07629758493393018, 'lag_8': 0.9470814537509253, 'lag_9': 0.9962855609338457, 'lag_10': 0.8838766765642376, 'lag_11': 0.18036807693331827, 'lag_12': 0.9275483573077138, 'lag_13': 0.5198428553230379, 'lag_14': 0.27818049155388347, 'lag_15': 0.01057304131613888, 'lag_16': 0.5850907952911361, 'lag_17': 0.8905546186726314, 'lag_18': 0.9870460574265765, 'lag_19': 0.686113321401852, 'lag_20': 0.6613476695761724, 'lag_21': 0.18723883759984794, 'lag_22': 0.41145591993985575, 'lag_23': 0.04202422321476544, 'lag_24': 0.791616414093906, 'lag_25': 0.4445236997278469, 'lag_26': 0.48638307790634705, 'lag_27': 0.3647529737683904, 'lag_28': 0.6791030309661813}.
[I 2025-10-03 11:33:50,007] Trial 61 finished with values: [0.0037959183673469386, 0.003045072390586395, 0.0008207388274490297, 0.0008667617031298033, 0.0005620777971105221, 0.0007481168344921546, 0.0011573958344512467, 0.00023097573045936944, 0.001338890758845619, 0.0012605790145964499, 0.0004172305234179145, 0.0018040121041337672, 0.004350430804212551, 0.01944606228166271, 0.0, 0.036881671718237904, 0.006405669255945275, 0.0013374394656733319, 0.006722396328944486, 4.23724908257454e-05, 0.005988389558906663, 0.0029471759871187476, 0.004164106467642998, 0.0058879071495318135, 0.005929249863605179, 0.001551165713502403, 0.0002769249350160951, 0.001120080455878804, 0.22883973377286843] and parameters: {'lag_0': 0.26977813811785223, 'lag_1': 0.36085960530665634, 'lag_2': 0.13546001932528026, 'lag_3': 0.05355626150770052, 'lag_4': 0.06354616997292459, 'lag_5': 0.2822422746479845, 'lag_6': 0.08139074430423125, 'lag_7': 0.733980901434918, 'lag_8': 0.936548703736535, 'lag_9': 0.25094993978240526, 'lag_10': 0.29894191825852984, 'lag_11': 0.7039760477269601, 'lag_12': 0.17880900186778093, 'lag_13': 0.9844555882817809, 'lag_14': 0.7578060467215162, 'lag_15': 0.9782043912149923, 'lag_16': 0.32569697262728636, 'lag_17': 0.5661751497777486, 'lag_18': 0.522784374364961, 'lag_19': 0.5395978104861554, 'lag_20': 0.8479802792489846, 'lag_21': 0.9729844102278988, 'lag_22': 0.35242359853333305, 'lag_23': 0.24106899185920358, 'lag_24': 0.4599230749412967, 'lag_25': 0.41236212692702934, 'lag_26': 0.06621303428249065, 'lag_27': 0.1826970183920607, 'lag_28': 0.680560656749311}.
[I 2025-10-03 11:33:52,662] Trial 62 finished with values: [0.0016, 0.0014825263147371299, 0.0007284576367537741, 0.0010819325857424204, 0.00011936738081630737, 0.0005758589621280618, 0.0003863587599911233, 0.00013184280784466008, 0.001030125881400341, 0.0006726730095315177, 0.0005639457581958702, 0.0008598363821694848, 0.004293032728322264, 0.019501025832532264, 0.0, 0.03274475771016732, 0.004802354760373467, 0.0007043710678717062, 0.005772384375239346, 5.5978914771631225e-05, 0.004482675472259973, 0.0030783366545105812, 0.003915164275671122, 0.0050439055846692145, 0.004737789618866323, 0.0022731162361007023, 0.0005885007762840554, 0.0013851943428275857, 0.2223001384053412] and parameters: {'lag_0': 0.25248332831795617, 'lag_1': 0.8235330620603755, 'lag_2': 0.2524252584508839, 'lag_3': 0.6464271096254193, 'lag_4': 0.6763226305160338, 'lag_5': 0.7216705617540382, 'lag_6': 0.3347848989022631, 'lag_7': 0.45516339808887474, 'lag_8': 0.4931677695038133, 'lag_9': 0.3706914058062571, 'lag_10': 0.3009390025699831, 'lag_11': 0.662309040557594, 'lag_12': 0.4982543298124095, 'lag_13': 0.7747824817650489, 'lag_14': 0.9004785327857217, 'lag_15': 0.011396998099583111, 'lag_16': 0.870402494740707, 'lag_17': 0.8010773505696902, 'lag_18': 0.45441404395078117, 'lag_19': 0.161649108045471, 'lag_20': 0.3669170015289899, 'lag_21': 0.12124390196119289, 'lag_22': 0.1420958949137762, 'lag_23': 0.5613146559184927, 'lag_24': 0.005834638355612948, 'lag_25': 0.37386500685484925, 'lag_26': 0.4059556496052453, 'lag_27': 0.2835677869035304, 'lag_28': 0.1738358801576131}.
[I 2025-10-03 11:33:55,319] Trial 63 finished with values: [0.0016555555555555555, 0.0028841390599632357, 0.0006105520121811, 0.0013356984623135917, 0.00023412786784287085, 0.0006346526532529344, 0.0008776947577681688, 0.0002694645016697844, 0.0014038217465068834, 0.0010429502433941464, 0.00041034882717836665, 0.001157721630593554, 0.003020693140698835, 0.01982941604157718, 0.0, 0.0383069746710349, 0.004694376569577158, 0.0011755961398373478, 0.007742975547684767, 0.0001373172447477451, 0.00482560226665329, 0.0023008629019031545, 0.0039001631519786847, 0.005872182226240209, 0.004623133212892964, 0.0024321646762345325, 0.000261274233191848, 0.0007791160762149151, 0.23458521583005262] and parameters: {'lag_0': 0.6607948438275021, 'lag_1': 0.3444866461262855, 'lag_2': 0.4086659768904666, 'lag_3': 0.4778940809254179, 'lag_4': 0.1917369893418996, 'lag_5': 0.8903560258954376, 'lag_6': 0.23177629550566503, 'lag_7': 0.6805966127821366, 'lag_8': 0.7851888705097924, 'lag_9': 0.12351479723797817, 'lag_10': 0.9056461165267523, 'lag_11': 0.21007269161921652, 'lag_12': 0.455488375860516, 'lag_13': 0.7428659404941428, 'lag_14': 0.827600317530415, 'lag_15': 0.46851857594184715, 'lag_16': 0.8104542355422781, 'lag_17': 0.9684335337052403, 'lag_18': 0.9026780547794481, 'lag_19': 0.4650789393140339, 'lag_20': 0.5241820416061846, 'lag_21': 0.19139497744798115, 'lag_22': 0.2792004759595501, 'lag_23': 0.4505328079681136, 'lag_24': 0.23445174496917837, 'lag_25': 0.9977435580367793, 'lag_26': 0.8415446116910208, 'lag_27': 0.7807588523325342, 'lag_28': 0.9180925885557664}.
