[I 2025-09-29 11:58:26,683] Trial 66 finished with value: 0.006348706541995567 and parameters: {'lag_0': 0.8237832280755928, 'lag_1': 0.37465842169036434, 'lag_2': 0.2767014365344252, 'lag_3': 0.5960418958247787, 'lag_4': 0.9292723322680467, 'lag_5': 0.9830027122643927, 'lag_6': 0.0039877631900684316, 'lag_7': 0.30894349313676694, 'lag_8': 0.6448040896259215, 'lag_9': 0.49849395990745426, 'lag_10': 0.5294020832596839, 'lag_11': 0.08705991084940685, 'lag_12': 0.7081503459930037, 'lag_13': 0.5210166570482981, 'lag_14': 0.25779573675859135, 'lag_15': 0.7508878754003123, 'lag_16': 0.4721335333546349, 'lag_17': 0.6767518865410976, 'lag_18': 0.8451880762615275, 'lag_19': 0.46305686372206567, 'lag_20': 0.3825713919377385, 'lag_21': 0.3288634337770182, 'lag_22': 0.656384886376601, 'lag_23': 0.3228400860824763, 'lag_24': 0.1939804959181093, 'lag_25': 0.8618964570220624, 'lag_26': 0.5896003238513084, 'lag_27': 0.17989967201754872, 'lag_28': 0.27899210554196213}. Best is trial 11 with value: 0.006173762671136109.
[I 2025-09-29 11:58:29,048] Trial 67 finished with value: 0.0062386390845978025 and parameters: {'lag_0': 0.8815731037407761, 'lag_1': 0.14699617969604353, 'lag_2': 0.12010206257375941, 'lag_3': 0.0008806539783111356, 'lag_4': 0.5588359560982155, 'lag_5': 0.5553913905490495, 'lag_6': 0.14042859596764218, 'lag_7': 0.6355129492119382, 'lag_8': 0.2280224755544012, 'lag_9': 0.9976250465490004, 'lag_10': 0.7639308828650571, 'lag_11': 0.9766558615985161, 'lag_12': 0.9623774991758165, 'lag_13': 0.9626584457652099, 'lag_14': 0.32192938566870144, 'lag_15': 0.44841367379656016, 'lag_16': 0.3718466083790534, 'lag_17': 0.6057386967714807, 'lag_18': 0.4605748700172805, 'lag_19': 0.5732731627891233, 'lag_20': 0.9603812068056494, 'lag_21': 0.04199954830950236, 'lag_22': 0.8525336512053556, 'lag_23': 0.7900135413608877, 'lag_24': 0.36941191892074343, 'lag_25': 0.23899532597460932, 'lag_26': 0.825488684886219, 'lag_27': 0.14810506957724862, 'lag_28': 0.05648037457804561}. Best is trial 11 with value: 0.006173762671136109.
[I 2025-09-29 11:58:31,421] Trial 68 finished with value: 0.006491917368731619 and parameters: {'lag_0': 0.8612033074177287, 'lag_1': 0.1858093205572861, 'lag_2': 0.10788310671972189, 'lag_3': 0.0042483756835652725, 'lag_4': 0.5583545351815009, 'lag_5': 0.7892776589929684, 'lag_6': 0.14917174380333825, 'lag_7': 0.7293773179701322, 'lag_8': 0.08093308284253936, 'lag_9': 0.9970290089153607, 'lag_10': 0.7706148262640327, 'lag_11': 0.9953847036127536, 'lag_12': 0.9618801383027733, 'lag_13': 0.6536618267917813, 'lag_14': 0.32341245312578715, 'lag_15': 0.44460999705832494, 'lag_16': 0.5165670844836131, 'lag_17': 0.6109957132169986, 'lag_18': 0.4417989331511975, 'lag_19': 0.006312831244330075, 'lag_20': 0.9897172552699155, 'lag_21': 0.03935648557113416, 'lag_22': 0.8539381494046625, 'lag_23': 0.681814563116762, 'lag_24': 0.4214055523188049, 'lag_25': 0.2950218099704579, 'lag_26': 0.7079186751790691, 'lag_27': 0.13998476868312482, 'lag_28': 0.5346235371015613}. Best is trial 11 with value: 0.006173762671136109.
[I 2025-09-29 11:58:33,802] Trial 69 finished with value: 0.006355575413909835 and parameters: {'lag_0': 0.890995355548148, 'lag_1': 0.6757820081273563, 'lag_2': 0.16946692588566126, 'lag_3': 0.07729407388699658, 'lag_4': 0.4495689810530777, 'lag_5': 0.8267583060286336, 'lag_6': 0.3221409511728621, 'lag_7': 0.6345392545527937, 'lag_8': 0.2333428342798231, 'lag_9': 0.958917281909244, 'lag_10': 0.8473451793018393, 'lag_11': 0.9474432134487109, 'lag_12': 0.9071810042450102, 'lag_13': 0.2343400275198655, 'lag_14': 0.4615476499408945, 'lag_15': 0.3866417560365301, 'lag_16': 0.37951570411976654, 'lag_17': 0.5010073812358289, 'lag_18': 0.5215484474229038, 'lag_19': 0.576707563066515, 'lag_20': 0.9606791861763867, 'lag_21': 0.08464914884054753, 'lag_22': 0.9997307546081844, 'lag_23': 0.7977158764118978, 'lag_24': 0.37370468366855364, 'lag_25': 0.1246781798451374, 'lag_26': 0.658609037428736, 'lag_27': 0.07221031996228705, 'lag_28': 0.7755500269737263}. Best is trial 11 with value: 0.006173762671136109.
[I 2025-09-29 11:58:36,180] Trial 70 finished with value: 0.006635261986970412 and parameters: {'lag_0': 0.9308590001015411, 'lag_1': 0.2798806554394942, 'lag_2': 0.916963151921562, 'lag_3': 0.1211280968111668, 'lag_4': 0.6806298236811308, 'lag_5': 0.22489637407835283, 'lag_6': 0.22971114228901796, 'lag_7': 0.441278057758748, 'lag_8': 0.30563699596549243, 'lag_9': 0.9119684280439547, 'lag_10': 0.7968539596069955, 'lag_11': 0.9276369610518066, 'lag_12': 0.9746057696331483, 'lag_13': 0.9563846988613887, 'lag_14': 0.3730471071541533, 'lag_15': 0.5154689425775096, 'lag_16': 0.8899090558547871, 'lag_17': 0.605336354337236, 'lag_18': 0.03539776674201373, 'lag_19': 0.8085545367461393, 'lag_20': 0.8838179899719553, 'lag_21': 0.0005059923375033224, 'lag_22': 0.9123736157583527, 'lag_23': 0.8277751377262674, 'lag_24': 0.3825067778170746, 'lag_25': 0.7522699311834133, 'lag_26': 0.4906887755673654, 'lag_27': 0.11927152587495438, 'lag_28': 0.005159194169275065}. Best is trial 11 with value: 0.006173762671136109.
[I 2025-09-29 11:58:38,553] Trial 71 finished with value: 0.006452464343686111 and parameters: {'lag_0': 0.8155010018152743, 'lag_1': 0.13280971468123004, 'lag_2': 0.13858090952199897, 'lag_3': 0.04515042290293448, 'lag_4': 0.6263245827164095, 'lag_5': 0.5492476158255201, 'lag_6': 0.09708648595591343, 'lag_7': 0.5012430411015676, 'lag_8': 0.4570713871891218, 'lag_9': 0.8483363614384446, 'lag_10': 0.7533762519459266, 'lag_11': 0.8002143349763569, 'lag_12': 0.9393973294786689, 'lag_13': 0.9137589430701702, 'lag_14': 0.0004548659236786332, 'lag_15': 0.31114612191608837, 'lag_16': 0.2804673782730158, 'lag_17': 0.5435468239693212, 'lag_18': 0.467483132337801, 'lag_19': 0.5028130623637986, 'lag_20': 0.9197708655628208, 'lag_21': 0.12466076662504058, 'lag_22': 0.8036115093421943, 'lag_23': 0.637850749254588, 'lag_24': 0.15806179419865612, 'lag_25': 0.24270290722593255, 'lag_26': 0.8186768561052225, 'lag_27': 0.24726232814873988, 'lag_28': 0.0438219110968122}. Best is trial 11 with value: 0.006173762671136109.
[I 2025-09-29 11:58:40,934] Trial 72 finished with value: 0.006290531170433218 and parameters: {'lag_0': 0.7537511375742051, 'lag_1': 0.10186859107191759, 'lag_2': 0.2146518157551166, 'lag_3': 0.02756875286023925, 'lag_4': 0.48136794442253816, 'lag_5': 0.6180470590606673, 'lag_6': 0.13225359797190078, 'lag_7': 0.6701777005797808, 'lag_8': 0.16434819570581338, 'lag_9': 0.9968605720509013, 'lag_10': 0.08163958219095346, 'lag_11': 0.8787539509378341, 'lag_12': 0.763275874667623, 'lag_13': 0.8606631734363379, 'lag_14': 0.5217896750266289, 'lag_15': 0.17781372035172638, 'lag_16': 0.3312646811774982, 'lag_17': 0.460004711713499, 'lag_18': 0.37373388792887446, 'lag_19': 0.9610893321604468, 'lag_20': 0.7504004532591068, 'lag_21': 0.46730514024123593, 'lag_22': 0.36807331297232115, 'lag_23': 0.8977070444700095, 'lag_24': 0.3064441004070495, 'lag_25': 0.1716525711532142, 'lag_26': 0.8419832702079804, 'lag_27': 0.17117362475760123, 'lag_28': 0.9964970084334013}. Best is trial 11 with value: 0.006173762671136109.
[I 2025-09-29 11:58:43,309] Trial 73 finished with value: 0.006324594077900618 and parameters: {'lag_0': 0.7509797371137621, 'lag_1': 0.03443903507038468, 'lag_2': 0.02449236052433236, 'lag_3': 0.027217860373916648, 'lag_4': 0.4754932003383169, 'lag_5': 0.6191619885943428, 'lag_6': 0.2763346003684351, 'lag_7': 0.763467056555191, 'lag_8': 0.16698737032525063, 'lag_9': 0.9994726183592739, 'lag_10': 0.8287437763822785, 'lag_11': 0.9014215231717737, 'lag_12': 0.7590598271439823, 'lag_13': 0.8491314910108133, 'lag_14': 0.5027443689951494, 'lag_15': 0.16767469882736413, 'lag_16': 0.4106413414102682, 'lag_17': 0.4566461116568952, 'lag_18': 0.3983361313719277, 'lag_19': 0.9673903841659609, 'lag_20': 0.8271374795698937, 'lag_21': 0.4304875007545433, 'lag_22': 0.7939361019863255, 'lag_23': 0.7734414312747727, 'lag_24': 0.3125378832325516, 'lag_25': 0.0836578018667673, 'lag_26': 0.9153229472454765, 'lag_27': 0.5649779193937211, 'lag_28': 0.9938046258905929}. Best is trial 11 with value: 0.006173762671136109.
[I 2025-09-29 11:58:45,679] Trial 74 finished with value: 0.006358787984137191 and parameters: {'lag_0': 0.7411876731962064, 'lag_1': 0.08667032117324414, 'lag_2': 0.024501376434930798, 'lag_3': 0.027144811128021234, 'lag_4': 0.4838869057742971, 'lag_5': 0.6333428606772614, 'lag_6': 0.2867039945751947, 'lag_7': 0.7626322975548309, 'lag_8': 0.17412545126222503, 'lag_9': 0.9495529755330253, 'lag_10': 0.014838385456365746, 'lag_11': 0.8958103099415928, 'lag_12': 0.8191845212213393, 'lag_13': 0.8572227809525625, 'lag_14': 0.5634924134922517, 'lag_15': 0.17263530514403544, 'lag_16': 0.33933690691645374, 'lag_17': 0.5124038963586173, 'lag_18': 0.39236431810266026, 'lag_19': 0.9617698281338598, 'lag_20': 0.8152611619371678, 'lag_21': 0.6115941374965388, 'lag_22': 0.952992872401828, 'lag_23': 0.7663419982529871, 'lag_24': 0.3214560333801866, 'lag_25': 0.019729598365198817, 'lag_26': 0.9437368138244033, 'lag_27': 0.5258653515562312, 'lag_28': 0.893384177051085}. Best is trial 11 with value: 0.006173762671136109.
[I 2025-09-29 11:58:48,050] Trial 75 finished with value: 0.006450140668390425 and parameters: {'lag_0': 0.7112424272286071, 'lag_1': 0.031331649304516915, 'lag_2': 0.19987923618102088, 'lag_3': 0.050633914047258304, 'lag_4': 0.5232343550604794, 'lag_5': 0.5972424543574958, 'lag_6': 0.2040791376907605, 'lag_7': 0.6862012957543895, 'lag_8': 0.11846219472207695, 'lag_9': 0.9819887844899337, 'lag_10': 0.09105545266470319, 'lag_11': 0.8578145390238623, 'lag_12': 0.7655687516120318, 'lag_13': 0.9805466346867139, 'lag_14': 0.4959714368605256, 'lag_15': 0.25473043686368557, 'lag_16': 0.41311846772091665, 'lag_17': 0.448482465151495, 'lag_18': 0.3496151234035133, 'lag_19': 0.967972641565971, 'lag_20': 0.9659356329410607, 'lag_21': 0.931594573561898, 'lag_22': 0.8670924207286481, 'lag_23': 0.7352828774841297, 'lag_24': 0.49376398507568736, 'lag_25': 0.0744632620903456, 'lag_26': 0.9102947907732023, 'lag_27': 0.7494681552016265, 'lag_28': 0.9687250877360194}. Best is trial 11 with value: 0.006173762671136109.
[I 2025-09-29 11:58:50,426] Trial 76 finished with value: 0.006187179530888614 and parameters: {'lag_0': 0.6780153655739632, 'lag_1': 0.09603197706077188, 'lag_2': 0.07170621316653977, 'lag_3': 0.0036787402293994367, 'lag_4': 0.42758767977386136, 'lag_5': 0.6939094570006232, 'lag_6': 0.3570479520847718, 'lag_7': 0.8619277166595651, 'lag_8': 0.06300719345767906, 'lag_9': 0.8941251968277837, 'lag_10': 0.26013480675372347, 'lag_11': 0.9765073688798908, 'lag_12': 0.8996214182534478, 'lag_13': 0.8082075166513676, 'lag_14': 0.6257517705255687, 'lag_15': 0.15720530608363373, 'lag_16': 0.37063011113669225, 'lag_17': 0.6591113815349156, 'lag_18': 0.30479103689462217, 'lag_19': 0.9205305596056883, 'lag_20': 0.8697419469334655, 'lag_21': 0.4355023458222111, 'lag_22': 0.15664823669601902, 'lag_23': 0.8986626505185199, 'lag_24': 0.2556437836559, 'lag_25': 0.1682950722920086, 'lag_26': 0.8712863889878057, 'lag_27': 0.6836163095910855, 'lag_28': 0.9360576308984518}. Best is trial 11 with value: 0.006173762671136109.
[I 2025-09-29 11:58:52,808] Trial 77 finished with value: 0.006440720052899346 and parameters: {'lag_0': 0.6069680384003753, 'lag_1': 0.21311732676043443, 'lag_2': 0.06532010436500002, 'lag_3': 0.0006818353193781127, 'lag_4': 0.4077821491370159, 'lag_5': 0.6783237793634679, 'lag_6': 0.13671943463173086, 'lag_7': 0.9639520718185635, 'lag_8': 0.03283710168752524, 'lag_9': 0.8976596175134758, 'lag_10': 0.2793401259955415, 'lag_11': 0.994946606740901, 'lag_12': 0.8721399279109052, 'lag_13': 0.825800574172788, 'lag_14': 0.6913436085250072, 'lag_15': 0.12741365603884094, 'lag_16': 0.37110153322205036, 'lag_17': 0.6638900879297436, 'lag_18': 0.2203936791707491, 'lag_19': 0.9173429042950655, 'lag_20': 0.8638760268125665, 'lag_21': 0.5450361933291719, 'lag_22': 0.1457937455409798, 'lag_23': 0.8539172315235245, 'lag_24': 0.28348490368602114, 'lag_25': 0.1657079477759818, 'lag_26': 0.85851814881378, 'lag_27': 0.6541192685504225, 'lag_28': 0.7236090361416707}. Best is trial 11 with value: 0.006173762671136109.
[I 2025-09-29 11:58:55,191] Trial 78 finished with value: 0.006496442307569271 and parameters: {'lag_0': 0.6679899399374414, 'lag_1': 0.08880404628061636, 'lag_2': 0.12687671240694545, 'lag_3': 0.11125627907089158, 'lag_4': 0.37294377339427776, 'lag_5': 0.5647725605674678, 'lag_6': 0.346164696397559, 'lag_7': 0.8698914459715397, 'lag_8': 0.10692617157601247, 'lag_9': 0.7957371505160374, 'lag_10': 0.09270149377524646, 'lag_11': 0.959091583245839, 'lag_12': 0.9052769461142469, 'lag_13': 0.8039023172359145, 'lag_14': 0.6401289317010945, 'lag_15': 0.005803563224463432, 'lag_16': 0.24182417781264973, 'lag_17': 0.7821667802218836, 'lag_18': 0.3185335445185058, 'lag_19': 0.8768387897463077, 'lag_20': 0.9339478402497589, 'lag_21': 0.4780439025467435, 'lag_22': 0.19546808056524112, 'lag_23': 0.052425575076438746, 'lag_24': 0.2617821657037808, 'lag_25': 0.18729573811090836, 'lag_26': 0.9760442025505522, 'lag_27': 0.595018773010708, 'lag_28': 0.3984513427392988}. Best is trial 11 with value: 0.006173762671136109.
[I 2025-09-29 11:58:57,571] Trial 79 finished with value: 0.006418866946859175 and parameters: {'lag_0': 0.5075968317257774, 'lag_1': 0.10233387812419348, 'lag_2': 0.6566276364800262, 'lag_3': 0.15326669467706994, 'lag_4': 0.4336090288742522, 'lag_5': 0.7390136995822493, 'lag_6': 0.1813887673025133, 'lag_7': 0.8155176295742436, 'lag_8': 0.07160277054165644, 'lag_9': 0.8724216191599421, 'lag_10': 0.16530214045355346, 'lag_11': 0.9672652656392708, 'lag_12': 0.8128510615814103, 'lag_13': 0.9331572773965651, 'lag_14': 0.7935825301573136, 'lag_15': 0.19288837609633547, 'lag_16': 0.3212641306041232, 'lag_17': 0.7246666389678231, 'lag_18': 0.42439351199445724, 'lag_19': 0.541216660814795, 'lag_20': 0.7473136582553077, 'lag_21': 0.28841092099562815, 'lag_22': 0.15168525611096928, 'lag_23': 0.8964680665856078, 'lag_24': 0.44971785743715365, 'lag_25': 0.05089397054379051, 'lag_26': 0.13346852189158204, 'lag_27': 0.7902432425412942, 'lag_28': 0.9208906692247105}. Best is trial 11 with value: 0.006173762671136109.
[I 2025-09-29 11:59:00,104] Trial 80 finished with value: 0.00634066562490882 and parameters: {'lag_0': 0.7726493922595133, 'lag_1': 0.6139815014713156, 'lag_2': 0.5438968721724614, 'lag_3': 0.898894359164167, 'lag_4': 0.3137631058111148, 'lag_5': 0.6813068711016483, 'lag_6': 0.22910953472232093, 'lag_7': 0.906246796456198, 'lag_8': 0.0001592350269869272, 'lag_9': 0.9302384037838527, 'lag_10': 0.2915551943451275, 'lag_11': 0.9241227484068039, 'lag_12': 0.9325425848495158, 'lag_13': 0.9029193872385024, 'lag_14': 0.7365006107961413, 'lag_15': 0.06770380635349427, 'lag_16': 0.19123660617645527, 'lag_17': 0.5974275550385316, 'lag_18': 0.29851734279974507, 'lag_19': 0.9993924167224606, 'lag_20': 0.897784679823205, 'lag_21': 0.05511372108548174, 'lag_22': 0.013035338537520536, 'lag_23': 0.9827611750865346, 'lag_24': 0.3649616098651709, 'lag_25': 0.6119019763881433, 'lag_26': 0.7593478189923177, 'lag_27': 0.669016626255923, 'lag_28': 0.9099642587640706}. Best is trial 11 with value: 0.006173762671136109.
[I 2025-09-29 11:59:02,495] Trial 81 finished with value: 0.006468973240690153 and parameters: {'lag_0': 0.6855684716766176, 'lag_1': 0.037833844272611675, 'lag_2': 0.03484613035879375, 'lag_3': 0.030315491883133445, 'lag_4': 0.46355294144431153, 'lag_5': 0.6183120795571783, 'lag_6': 0.27400153240726005, 'lag_7': 0.7683777702735003, 'lag_8': 0.1468277301471728, 'lag_9': 0.9911686017228749, 'lag_10': 0.7261045883928491, 'lag_11': 0.9150085876189835, 'lag_12': 0.8488609174064159, 'lag_13': 0.8452463857003127, 'lag_14': 0.6428994890321029, 'lag_15': 0.165985658545137, 'lag_16': 0.4554355430435233, 'lag_17': 0.4704011484576894, 'lag_18': 0.3875612639835467, 'lag_19': 0.9424413460168487, 'lag_20': 0.8276271021390716, 'lag_21': 0.41956573139208425, 'lag_22': 0.8314848658118911, 'lag_23': 0.817248597560256, 'lag_24': 0.31194099253432994, 'lag_25': 0.1199459288794277, 'lag_26': 0.8840658949885757, 'lag_27': 0.5903008402909745, 'lag_28': 0.9663702120841854}. Best is trial 11 with value: 0.006173762671136109.
[I 2025-09-29 11:59:04,882] Trial 82 finished with value: 0.006818651541836589 and parameters: {'lag_0': 0.7701413442606665, 'lag_1': 0.003112603348831733, 'lag_2': 0.10119422441405222, 'lag_3': 0.07556623530719586, 'lag_4': 0.5244167379244211, 'lag_5': 0.44289033035465947, 'lag_6': 0.39977238134561416, 'lag_7': 0.6670429632213017, 'lag_8': 0.22624055336539192, 'lag_9': 0.8417161310607839, 'lag_10': 0.2006616250146052, 'lag_11': 0.8114704537937445, 'lag_12': 0.6438348042550215, 'lag_13': 0.7434283591260032, 'lag_14': 0.41809855010033536, 'lag_15': 0.13855242017514183, 'lag_16': 0.36062787167902344, 'lag_17': 0.4133011607153194, 'lag_18': 0.42450940756921807, 'lag_19': 0.9731556743618971, 'lag_20': 0.999130646426402, 'lag_21': 0.43923461802825164, 'lag_22': 0.10491327856571386, 'lag_23': 0.9075497488140994, 'lag_24': 0.4107412322436901, 'lag_25': 0.0965970575443788, 'lag_26': 0.9132769377511034, 'lag_27': 0.6285906351255424, 'lag_28': 0.9405444334399989}. Best is trial 11 with value: 0.006173762671136109.
[I 2025-09-29 11:59:07,268] Trial 83 finished with value: 0.006463681798710196 and parameters: {'lag_0': 0.03523668732551174, 'lag_1': 0.32221170814259636, 'lag_2': 0.009713125446888312, 'lag_3': 0.0007405284103431352, 'lag_4': 0.48234107412829985, 'lag_5': 0.6177188988615766, 'lag_6': 0.36810294975206226, 'lag_7': 0.7060512860307984, 'lag_8': 0.05665972259793296, 'lag_9': 0.896165923218416, 'lag_10': 0.8255270848603572, 'lag_11': 0.7607935693640475, 'lag_12': 0.9843391165399741, 'lag_13': 0.7772432616021883, 'lag_14': 0.6232396485358026, 'lag_15': 0.2230407102730269, 'lag_16': 0.11977646359112787, 'lag_17': 0.6361281334372755, 'lag_18': 0.5047965220699254, 'lag_19': 0.9094529322986079, 'lag_20': 0.8702865351894172, 'lag_21': 0.49728357643973575, 'lag_22': 0.7909070859932981, 'lag_23': 0.6995607282848924, 'lag_24': 0.2625501266227463, 'lag_25': 0.14372818047536975, 'lag_26': 0.7295367451315136, 'lag_27': 0.5493936083096896, 'lag_28': 0.957029858342496}. Best is trial 11 with value: 0.006173762671136109.
[I 2025-09-29 11:59:09,656] Trial 84 finished with value: 0.006923566245046767 and parameters: {'lag_0': 0.7221799061416071, 'lag_1': 0.462889142681734, 'lag_2': 0.0753889216705616, 'lag_3': 0.9645679082728714, 'lag_4': 0.21822952857906347, 'lag_5': 0.6464439383482334, 'lag_6': 0.11162140664578445, 'lag_7': 0.845150570300966, 'lag_8': 0.18367315351907892, 'lag_9': 0.9572889614395225, 'lag_10': 0.05600216640554645, 'lag_11': 0.8917914608389196, 'lag_12': 0.7715405936597459, 'lag_13': 0.7957757966972272, 'lag_14': 0.5115551971454241, 'lag_15': 0.09311856019590867, 'lag_16': 0.3990519814820859, 'lag_17': 0.7006145683598151, 'lag_18': 0.3715656190239608, 'lag_19': 0.969972155499518, 'lag_20': 0.772546352868307, 'lag_21': 0.45331576005116203, 'lag_22': 0.7413092802667249, 'lag_23': 0.7913328667940387, 'lag_24': 0.49989483696266873, 'lag_25': 0.175084382424669, 'lag_26': 0.9579904275250606, 'lag_27': 0.7029475368408893, 'lag_28': 0.9866134921856669}. Best is trial 11 with value: 0.006173762671136109.
[I 2025-09-29 11:59:12,028] Trial 85 finished with value: 0.006561371643173069 and parameters: {'lag_0': 0.9061506890411888, 'lag_1': 0.17293579641866877, 'lag_2': 0.1537363374403422, 'lag_3': 0.05720341458444321, 'lag_4': 0.4337896239799754, 'lag_5': 0.7098181112246551, 'lag_6': 0.29777005715258825, 'lag_7': 0.7316621070568664, 'lag_8': 0.12081859988823374, 'lag_9': 0.9986423209059753, 'lag_10': 0.1364196491591253, 'lag_11': 0.8544722467584701, 'lag_12': 0.889729416634208, 'lag_13': 0.9535360655345145, 'lag_14': 0.3135095217535484, 'lag_15': 0.17774396282317576, 'lag_16': 0.43399247465859786, 'lag_17': 0.5729923206422776, 'lag_18': 0.319860938970505, 'lag_19': 0.9479121339109078, 'lag_20': 0.8424002498347434, 'lag_21': 0.518072383678705, 'lag_22': 0.916149670994518, 'lag_23': 0.9420565504849951, 'lag_24': 0.29562954218273774, 'lag_25': 0.21724441966396502, 'lag_26': 0.8304687645869163, 'lag_27': 0.022182162576540876, 'lag_28': 0.6722791137868083}. Best is trial 11 with value: 0.006173762671136109.
[I 2025-09-29 11:59:14,405] Trial 86 finished with value: 0.0064157042174065575 and parameters: {'lag_0': 0.7541996272352953, 'lag_1': 0.11492349724909784, 'lag_2': 0.029862046947922327, 'lag_3': 0.13269656802650268, 'lag_4': 0.5514692699377127, 'lag_5': 0.388348392456512, 'lag_6': 0.4312363186029463, 'lag_7': 0.6175223917375567, 'lag_8': 0.21256400930089597, 'lag_9': 0.9390069024088781, 'lag_10': 0.6641776611896899, 'lag_11': 0.9482736496700118, 'lag_12': 0.833367870947829, 'lag_13': 0.9075350593141926, 'lag_14': 0.5229446093851258, 'lag_15': 0.25576865366627954, 'lag_16': 0.5206387009543515, 'lag_17': 0.05352146145890217, 'lag_18': 0.15374592035139217, 'lag_19': 0.8873718257960203, 'lag_20': 0.7137949552164997, 'lag_21': 0.3939178626896005, 'lag_22': 0.30395053057113125, 'lag_23': 0.8524902395021225, 'lag_24': 0.3504170109559703, 'lag_25': 0.08610795547680188, 'lag_26': 0.7773038034836167, 'lag_27': 0.4913389757740549, 'lag_28': 0.9144631094149918}. Best is trial 11 with value: 0.006173762671136109.
