[I 2025-10-03 11:37:27,211] Trial 42 finished with values: [0.00865332612222823, 0.0012990820947244937, 0.0018689675793191712, 0.0006865528922660304, 0.0010581002774452297, 0.0008716793623654784, 0.0003702028746331246, 0.00024306599651331074, 0.004020016887768904, 0.0003882475249848645, 0.0004491981318986666, 0.00057723067251357, 0.002320656511550312, 0.02784186569716196, 0.0, 0.016380018539537723, 0.002068608650677137, 0.000798007938098919, 7.118091188740123e-05, 0.0022915403566491944, 0.006341386315615876, 0.005721676743922169, 0.0006540528891676383, 0.001533854139156262, 0.0004069595457927972, 0.0012625165467758717, 0.00041599896983870977, 0.0010185319658414754, 0.003143430411380239] and parameters: {'lag_0': 0.7635541212951461, 'lag_1': 0.591273028233933, 'lag_2': 0.5573935704113915, 'lag_3': 0.7366228368287172, 'lag_4': 0.9697129750582255, 'lag_5': 0.5405651930829866, 'lag_6': 0.41030294593115435, 'lag_7': 0.3799892488255858, 'lag_8': 0.6526646174602851, 'lag_9': 0.3535864533580118, 'lag_10': 0.8974110412815809, 'lag_11': 0.847247237905356, 'lag_12': 0.1396694479761508, 'lag_13': 0.7926756808075175, 'lag_14': 0.49908664059914476, 'lag_15': 0.15687911205346525, 'lag_16': 0.6575517640775619, 'lag_17': 0.27393941315907877, 'lag_18': 0.7372110376925008, 'lag_19': 0.9206447143876999, 'lag_20': 0.8917302471464976, 'lag_21': 0.4165048025376894, 'lag_22': 0.7603522118668553, 'lag_23': 0.9739729523786417, 'lag_24': 0.046786983927531306, 'lag_25': 0.08844313129387049, 'lag_26': 0.21702152970165872, 'lag_27': 0.7833543793044089, 'lag_28': 0.31876508143651067}.
[I 2025-10-03 11:37:29,846] Trial 43 finished with values: [0.00912361035995433, 0.002167105765778468, 0.0002311054503702108, 0.0009603683061049379, 0.0019668753619975963, 0.0007067087624281023, 0.00033306638693028363, 0.00012263337143498317, 0.0029253052214963694, 0.00041764057928635873, 0.0002895981400711105, 0.00023485930159559254, 0.002313600548689158, 0.03202565765309407, 0.0, 0.01681525359951378, 0.0023970336002881983, 0.0010670878826124447, 0.0002543092845930765, 0.0016975168259495237, 0.005358374858285646, 0.005200550673431536, 0.0008501489525321468, 0.0012837758710778735, 0.0005862969625918168, 0.0013672445107359595, 0.0003236690000008745, 0.0017629287725710186, 0.00030176946124710265] and parameters: {'lag_0': 0.3443122985406936, 'lag_1': 0.6778201732307322, 'lag_2': 0.7049802988580436, 'lag_3': 0.25953628711622867, 'lag_4': 0.839912695550345, 'lag_5': 0.8818478338339241, 'lag_6': 0.7996038078226253, 'lag_7': 0.2774142258224195, 'lag_8': 0.06935993000621969, 'lag_9': 0.8597149451641376, 'lag_10': 0.7310588145677659, 'lag_11': 0.9041590663526895, 'lag_12': 0.7467942971360283, 'lag_13': 0.9241048669038857, 'lag_14': 0.8417404769518487, 'lag_15': 0.7259526213355951, 'lag_16': 0.4959519967927755, 'lag_17': 0.4392543279745528, 'lag_18': 0.09042475073967327, 'lag_19': 0.10083527324473092, 'lag_20': 0.3364693031834829, 'lag_21': 0.07580264122163878, 'lag_22': 0.8803325313222198, 'lag_23': 0.5368305491394293, 'lag_24': 0.5097251454257969, 'lag_25': 0.5088487446841831, 'lag_26': 0.12745256630996535, 'lag_27': 0.28583953089330455, 'lag_28': 0.5092370831625219}.
[I 2025-10-03 11:37:32,471] Trial 44 finished with values: [0.00865332612222823, 0.0019271821545188861, 0.0006851283785015798, 0.0018282893171662617, 0.0013617157932785879, 0.0017683860373135323, 0.0009832242441000316, 0.0005009905601070771, 0.0015600365357644837, 0.00043877055529228443, 0.00032570151716864354, 0.00033635453415277705, 0.003703707846889702, 0.02875147257522607, 0.0, 0.01960093972133351, 0.0034822271491015055, 0.000367724458744128, 7.939910645644234e-05, 0.0030711128962560555, 0.004231120045371307, 0.006751091176020803, 0.00046706261980142825, 0.0016989546443488886, 0.0006432284450860238, 0.0008110050212592286, 0.00012231622819827305, 0.001535281276386635, 0.0019497501316786785] and parameters: {'lag_0': 0.6442800834143921, 'lag_1': 0.739180538912476, 'lag_2': 0.41114804926917253, 'lag_3': 0.453224832849857, 'lag_4': 0.8025758900367209, 'lag_5': 0.22262830828226202, 'lag_6': 0.2916015495334207, 'lag_7': 0.9930242455485261, 'lag_8': 0.0064054843713785775, 'lag_9': 0.3242551631278369, 'lag_10': 0.3626496343766861, 'lag_11': 0.4924681955001438, 'lag_12': 0.7450904799606878, 'lag_13': 0.03080321084875922, 'lag_14': 0.09739580171702533, 'lag_15': 0.2541060002582712, 'lag_16': 0.5131406494919731, 'lag_17': 0.4408438017661406, 'lag_18': 0.21924378335462125, 'lag_19': 0.5646180466650041, 'lag_20': 0.35864198849800494, 'lag_21': 0.9600453714157025, 'lag_22': 0.827862596161564, 'lag_23': 0.6141328326856382, 'lag_24': 0.5668379432621153, 'lag_25': 0.5250064475473788, 'lag_26': 0.7920171680843244, 'lag_27': 0.9031082641501068, 'lag_28': 0.23832520288340492}.
[I 2025-10-03 11:37:35,092] Trial 45 finished with values: [0.01847244756925665, 0.0025925649672683985, 0.0012964529097287023, 0.0008323215143311389, 0.003121152662357648, 0.0009499577643931485, 0.0006317488823204641, 0.00037527511546415733, 0.0027994282678655406, 0.0004508205312091499, 0.0007303032422503885, 0.00044049340916217964, 0.002100041168522985, 0.026768991236283457, 0.0, 0.017975784103477655, 0.0018754003842837478, 0.0003280183920410037, 0.0002755361931014882, 0.0016816574855880514, 0.003020449831684971, 0.006776448154609925, 0.00030782893727013434, 0.0009768294275488158, 0.0007781099669147162, 0.000743040377340329, 0.0002693485333501121, 0.0009648307081554076, 0.001161388377684201] and parameters: {'lag_0': 0.575371814059023, 'lag_1': 0.49189404306784157, 'lag_2': 0.8470069999573505, 'lag_3': 0.9223358392487886, 'lag_4': 0.22881066295594088, 'lag_5': 0.900173316363922, 'lag_6': 0.8985521148790855, 'lag_7': 0.7327157629432166, 'lag_8': 0.6778857851000092, 'lag_9': 0.20190435589761516, 'lag_10': 0.9340643090716652, 'lag_11': 0.6531393413284021, 'lag_12': 0.01818643829452312, 'lag_13': 0.90612239458658, 'lag_14': 0.49109817374638737, 'lag_15': 0.4763731068695303, 'lag_16': 0.6350939027432443, 'lag_17': 0.3796997549731424, 'lag_18': 0.130544631056774, 'lag_19': 0.29805130785800005, 'lag_20': 0.7631039179919333, 'lag_21': 0.28845891672832574, 'lag_22': 0.7023389956452011, 'lag_23': 0.5972662488685336, 'lag_24': 0.2882717036800794, 'lag_25': 0.9852254081204398, 'lag_26': 0.9051823487364198, 'lag_27': 0.9722613302149666, 'lag_28': 0.18234594155700729}.
[I 2025-10-03 11:37:37,702] Trial 46 finished with values: [0.0069880949996327674, 0.0031739734179726245, 0.0031540430959941745, 0.0005131452419193316, 0.0006803961870804132, 0.0009905781713305654, 0.0004128760092262253, 3.098458405150407e-05, 0.0025963470173306635, 0.00047103286988447177, 0.0005537936631944647, 0.00021355133694769013, 0.0024322767635704123, 0.02940473423540744, 0.0, 0.014863722086403746, 0.002114872838477811, 0.001087230456810679, 0.0003698039188255729, 0.004610017654861529, 0.0043760589583324554, 0.006159056061160718, 0.000525833152182129, 0.0010831343936859904, 0.0007697549485106035, 0.001370926859300447, 0.0002732654568076513, 0.0019675522456899116, 0.0015286696265428422] and parameters: {'lag_0': 0.8047487651124633, 'lag_1': 0.7170601166655804, 'lag_2': 0.035843515490567086, 'lag_3': 0.5604174773182984, 'lag_4': 0.38288562758047134, 'lag_5': 0.6216009486437992, 'lag_6': 0.7617291597102005, 'lag_7': 0.885090883395878, 'lag_8': 0.8710452235217738, 'lag_9': 0.5503776313472937, 'lag_10': 0.018521650000023933, 'lag_11': 0.02084900280090048, 'lag_12': 0.8125365010453608, 'lag_13': 0.05388326171537692, 'lag_14': 0.7929699764488063, 'lag_15': 0.8117038891649195, 'lag_16': 0.7891872326576291, 'lag_17': 0.9860386806160605, 'lag_18': 0.8225447911023589, 'lag_19': 0.5560857868900084, 'lag_20': 0.3545074830690539, 'lag_21': 0.28947091862998975, 'lag_22': 0.08654945495477809, 'lag_23': 0.5461979890150844, 'lag_24': 0.21402858816907225, 'lag_25': 0.7751551629067688, 'lag_26': 0.01904562931534606, 'lag_27': 0.16486796730067985, 'lag_28': 0.8426714411193978}.
[I 2025-10-03 11:37:40,317] Trial 47 finished with values: [0.00865332612222823, 0.002167105765778468, 0.001203035737697818, 0.0008464466439741924, 0.000925104969118153, 0.001611288303822649, 0.0004895539899737166, 0.0002065274541292665, 0.0035172052450701393, 0.0013711386673408669, 0.0005091566502207067, 0.0003684247298251173, 0.0020449965427392406, 0.029472005341206687, 0.0, 0.01610531170105419, 0.002297252878096475, 0.0007994746261580558, 0.0003530930048435521, 0.0024493294773206948, 0.005679115668805959, 0.005386835350083586, 0.000722067719016618, 0.0009357446004396603, 0.000702260384849849, 0.0016995278440890774, 0.00045293303636141473, 0.0014725288440913073, 0.002131146978414337] and parameters: {'lag_0': 0.995219596795775, 'lag_1': 0.4349310648905879, 'lag_2': 0.13515193078221802, 'lag_3': 0.4883875333008944, 'lag_4': 0.29660237449759946, 'lag_5': 0.6446957048461676, 'lag_6': 0.7945898842628604, 'lag_7': 0.9938678603851843, 'lag_8': 0.21350553947450177, 'lag_9': 0.5801442325062705, 'lag_10': 0.019105438933045678, 'lag_11': 0.2742170841040734, 'lag_12': 0.23089469415252728, 'lag_13': 0.6210220336309344, 'lag_14': 0.824306966760654, 'lag_15': 0.36065485943473097, 'lag_16': 0.12574040650495782, 'lag_17': 0.8733227276604552, 'lag_18': 0.21556591825953342, 'lag_19': 0.11252423767449689, 'lag_20': 0.15240772454176002, 'lag_21': 0.3288021195083334, 'lag_22': 0.3194654714174764, 'lag_23': 0.6227188006921035, 'lag_24': 0.7783761792772391, 'lag_25': 0.4558024396345744, 'lag_26': 0.29443255208698793, 'lag_27': 0.23587210210894982, 'lag_28': 0.7817363911457904}.
[I 2025-10-03 11:37:42,947] Trial 48 finished with values: [0.0069880949996327674, 0.0025393011870562623, 0.0008550096768532936, 0.0008365692863477974, 0.001727821584556015, 0.0016980408407765532, 0.00010475565943264575, 0.0004070250801922167, 0.0028306537778930206, 0.0008128727285965359, 0.0004986237052009479, 0.00036049625255190574, 0.002528170362016923, 0.02866676319732462, 0.0, 0.017823369079358158, 0.002517253459869391, 0.00040871547535431844, 0.0001280872569375997, 0.002655097192848941, 0.004957954655140805, 0.005513665205724602, 0.0002622284842943248, 0.001185890044134944, 0.000739365198889081, 0.0013452610090752906, 0.0003327029690606097, 0.0031195014086465036, 0.001395824927265391] and parameters: {'lag_0': 0.12936220880027993, 'lag_1': 0.7589528049431087, 'lag_2': 0.11168705328634408, 'lag_3': 0.986562160555134, 'lag_4': 0.9881908321537451, 'lag_5': 0.09084226585574932, 'lag_6': 0.5613793317419881, 'lag_7': 0.39550770464270973, 'lag_8': 0.39717572205081725, 'lag_9': 0.357279531830818, 'lag_10': 0.9661885067309405, 'lag_11': 0.25276989803102673, 'lag_12': 0.33453233626709983, 'lag_13': 0.6271217409826256, 'lag_14': 0.1523597508791863, 'lag_15': 0.2629281778543341, 'lag_16': 0.2591873896884269, 'lag_17': 0.8209367745234096, 'lag_18': 0.6272834436237462, 'lag_19': 0.3547693481787732, 'lag_20': 0.7900953683959429, 'lag_21': 0.07340496279705973, 'lag_22': 0.10086805140359656, 'lag_23': 0.9252494603723402, 'lag_24': 0.9144013104395021, 'lag_25': 0.6501505349923881, 'lag_26': 0.8951390967185472, 'lag_27': 0.816338693298161, 'lag_28': 0.9501368100057561}.
[I 2025-10-03 11:37:45,563] Trial 49 finished with values: [0.00865332612222823, 0.001933754325640856, 0.000824223991540007, 0.000802682322464746, 0.0013201278515363114, 0.0015691179139958045, 0.0004148731667951988, 0.00033092175311945707, 0.0027802018350106387, 0.0012373814122978158, 0.00044867023355443867, 0.0003976620798623782, 0.0020096615146772347, 0.03008735098513351, 0.0, 0.019811192988133323, 0.0018817334624745268, 0.0008139025619191851, 0.0003311966169808397, 0.0019482554259798075, 0.00668887986125411, 0.004731333381925104, 0.00015731989006211803, 0.0025642509073569987, 0.0010129694946576023, 0.001751267796356868, 8.753956248728332e-05, 0.0016500689216006653, 0.0005568715020634291] and parameters: {'lag_0': 0.986359643934128, 'lag_1': 0.9492325602529309, 'lag_2': 0.5293820706026375, 'lag_3': 0.4591988905023716, 'lag_4': 0.18624776395356288, 'lag_5': 0.3628700789167659, 'lag_6': 0.47686858335633314, 'lag_7': 0.1832296633456046, 'lag_8': 0.5804774157058944, 'lag_9': 0.30638944797997264, 'lag_10': 0.6160955167436429, 'lag_11': 0.8601246930783758, 'lag_12': 0.9366373201832703, 'lag_13': 0.18309259964219324, 'lag_14': 0.49558045241308146, 'lag_15': 0.2655516666534775, 'lag_16': 0.8375047816316165, 'lag_17': 0.4742231849693659, 'lag_18': 0.8084948321700548, 'lag_19': 0.4877758094621892, 'lag_20': 0.8971873261313738, 'lag_21': 0.24635439447334914, 'lag_22': 0.9165316827669769, 'lag_23': 0.758239717983352, 'lag_24': 0.37618519729028693, 'lag_25': 0.23267190409993055, 'lag_26': 0.4392081099394366, 'lag_27': 0.9978110142206604, 'lag_28': 0.40699561873345214}.
[I 2025-10-03 11:37:48,361] Trial 50 finished with values: [0.00865332612222823, 0.0025472128545923427, 0.002575850818435707, 0.0007969214375338016, 0.0010634748680554034, 0.0004977492111094329, 0.0007301354001457942, 0.0002019218679667055, 0.0033437810171459926, 0.0015896467906144009, 0.00041326359169462003, 0.00031721152371769825, 0.002510200221810124, 0.029749035005070867, 0.0, 0.01943359193136266, 0.0024715448859611413, 0.0005682782380948485, 0.00032957385940226083, 0.002492382487365642, 0.006080419450656776, 0.005897256787512279, 0.0006641599125345682, 0.001517513680932649, 0.0006559182013794456, 0.0008727192870010362, 0.0002868117409873856, 0.0022312853399647217, 0.00023302211353675201] and parameters: {'lag_0': 0.8047487651124633, 'lag_1': 0.7170601166655804, 'lag_2': 0.050794789724390804, 'lag_3': 0.5070829306366093, 'lag_4': 0.38288562758047134, 'lag_5': 0.014800458737988489, 'lag_6': 0.9315832842104353, 'lag_7': 0.06192942842852917, 'lag_8': 0.8710452235217738, 'lag_9': 0.3511076761627778, 'lag_10': 0.0867208677811734, 'lag_11': 0.30659230459859427, 'lag_12': 0.20763414136617833, 'lag_13': 0.05388326171537692, 'lag_14': 0.7929699764488063, 'lag_15': 0.03527159360049877, 'lag_16': 0.7891872326576291, 'lag_17': 0.2019307022077987, 'lag_18': 0.949479448696178, 'lag_19': 0.5560857868900084, 'lag_20': 0.5024495462950375, 'lag_21': 0.07852083574732444, 'lag_22': 0.5867985200803075, 'lag_23': 0.23125618102031859, 'lag_24': 0.3960791848896599, 'lag_25': 0.7751551629067688, 'lag_26': 0.004276862393095955, 'lag_27': 0.16486796730067985, 'lag_28': 0.8426714411193978}.
[I 2025-10-03 11:37:50,988] Trial 51 finished with values: [0.00865332612222823, 0.002504524626458105, 0.0010966013125871263, 0.0018457295163275538, 0.0009022648066051269, 0.001629448231811077, 0.00016278513059492933, 0.0005274761453589276, 0.0036121080559311535, 0.0007206797375619389, 0.0005976534563941235, 0.00015313001036857833, 0.0029234963285341927, 0.03275602314422614, 0.0, 0.022970000553781775, 0.002341535465528523, 0.0004325178715255718, 0.0003775732665004015, 0.0035869250543725333, 0.004615998675252073, 0.00521485463006219, 0.0007369326348419738, 0.002355842975395925, 0.0005007454354502637, 0.0015380875356816477, 0.00011562751296827819, 0.0013166636752746134, 0.0011819735612106897] and parameters: {'lag_0': 0.30224069794707, 'lag_1': 0.6939810369530486, 'lag_2': 0.6011944915137585, 'lag_3': 0.8914223446349632, 'lag_4': 0.10953583165944447, 'lag_5': 0.3180053874049782, 'lag_6': 0.6255166640730337, 'lag_7': 0.015054528253927798, 'lag_8': 0.8523608064373074, 'lag_9': 0.9842108853103109, 'lag_10': 0.5477221767206273, 'lag_11': 0.030395551176021027, 'lag_12': 0.056399489595128895, 'lag_13': 0.5588430878482779, 'lag_14': 0.4881090120320191, 'lag_15': 0.8877480573457914, 'lag_16': 0.2867950926565476, 'lag_17': 0.0031587086482432265, 'lag_18': 0.7436026954556532, 'lag_19': 0.40121750961242164, 'lag_20': 0.17256705081434875, 'lag_21': 0.5764611534444855, 'lag_22': 0.9332945012733839, 'lag_23': 0.9266508607397483, 'lag_24': 0.2983399175501555, 'lag_25': 0.262835674221853, 'lag_26': 0.6470822590054037, 'lag_27': 0.21690372972828015, 'lag_28': 0.9169035692912919}.
[I 2025-10-03 11:37:53,613] Trial 52 finished with values: [0.009211465657111952, 0.0025722534573772945, 0.0008549091584725031, 0.0010154141440149593, 0.0014471856999409532, 0.0013709574837707907, 0.00032460325233681466, 0.00021550110498486352, 0.0016622434716727392, 0.00043489956786624566, 0.0006082997131474025, 0.0005612175734912105, 0.0020384280673795647, 0.026776788011238024, 0.0, 0.024203268545955083, 0.0022983785554920875, 0.0003263008298944041, 0.00014148474424070185, 0.002954818925815323, 0.006381058382567688, 0.0063761541223361085, 0.0005878984889846281, 0.0014762716400510262, 0.0006928288718685327, 0.0011356932457519972, 0.0007812404327523585, 0.003762080046227385, 0.002335621655766944] and parameters: {'lag_0': 0.12936220880027993, 'lag_1': 0.7589528049431087, 'lag_2': 0.41114804926917253, 'lag_3': 0.986562160555134, 'lag_4': 0.9881908321537451, 'lag_5': 0.22262830828226202, 'lag_6': 0.2916015495334207, 'lag_7': 0.39550770464270973, 'lag_8': 0.39717572205081725, 'lag_9': 0.357279531830818, 'lag_10': 0.9661885067309405, 'lag_11': 0.25276989803102673, 'lag_12': 0.33453233626709983, 'lag_13': 0.03080321084875922, 'lag_14': 0.09739580171702533, 'lag_15': 0.2541060002582712, 'lag_16': 0.2591873896884269, 'lag_17': 0.4408438017661406, 'lag_18': 0.19752022010471854, 'lag_19': 0.3547693481787732, 'lag_20': 0.7900953683959429, 'lag_21': 0.9600453714157025, 'lag_22': 0.10086805140359656, 'lag_23': 0.9252494603723402, 'lag_24': 0.9144013104395021, 'lag_25': 0.5250064475473788, 'lag_26': 0.8951390967185472, 'lag_27': 0.816338693298161, 'lag_28': 0.9501368100057561}.
[I 2025-10-03 11:37:56,234] Trial 53 finished with values: [0.00865332612222823, 0.004601579809880395, 0.0015694516116136203, 0.0008476708697137359, 0.0014923393638175274, 0.001994536716348386, 0.00043878476152996247, 6.996938861574842e-05, 0.0028138048308310364, 0.0012704709007112422, 0.0010680514919007371, 0.0001787066694237702, 0.0026803852561369254, 0.03014377463496689, 0.0, 0.02247323958796215, 0.0019954076785789867, 0.0006146895457851658, 0.00021398480134782134, 0.0029202138309143777, 0.004568875531679933, 0.007114773734611795, 0.0008230178695273101, 0.0023495141569403995, 0.0006938260519270485, 0.0007266704720921845, 0.0005509560477044786, 0.0004974901716110508, 0.0008107381397598047] and parameters: {'lag_0': 0.11697439678793262, 'lag_1': 0.7170601166655804, 'lag_2': 0.035843515490567086, 'lag_3': 0.36826409954322065, 'lag_4': 0.8380097147823037, 'lag_5': 0.028189460842601582, 'lag_6': 0.7687801150177176, 'lag_7': 0.885090883395878, 'lag_8': 0.8710452235217738, 'lag_9': 0.5503776313472937, 'lag_10': 0.5564704998637071, 'lag_11': 0.7314906876467706, 'lag_12': 0.5323976487734271, 'lag_13': 0.05388326171537692, 'lag_14': 0.7929699764488063, 'lag_15': 0.44793040681736024, 'lag_16': 0.7891872326576291, 'lag_17': 0.31346235145953316, 'lag_18': 0.3525661698444578, 'lag_19': 0.7339437442565286, 'lag_20': 0.3035132315173422, 'lag_21': 0.4794697298672707, 'lag_22': 0.45494076922050214, 'lag_23': 0.5461979890150844, 'lag_24': 0.21402858816907225, 'lag_25': 0.24456311002203843, 'lag_26': 0.7095994070061266, 'lag_27': 0.16486796730067985, 'lag_28': 0.8426714411193978}.
[I 2025-10-03 11:37:58,859] Trial 54 finished with values: [0.0069880949996327674, 0.0019712651046003274, 0.0003466712118741593, 0.0010066110792600004, 0.001465173602667847, 0.00212608425639049, 0.000806130519958864, 0.00018764655653164057, 0.00313741888913495, 0.0007466860705920292, 0.00022732505040014885, 0.0002666067223928436, 0.0032758529857717517, 0.028196086821139922, 0.0, 0.015241710113602105, 0.0022762644946138213, 0.0008327308279596522, 0.0001773843542096909, 0.0018789894873325087, 0.004786631026739334, 0.0052166145000811055, 0.0002580183615424616, 0.0012943141105254768, 0.0008234365393377836, 0.001908444439586702, 0.0009496340151888936, 0.0015325696744607606, 0.001779315647827759] and parameters: {'lag_0': 0.3630576763860403, 'lag_1': 0.7736630495804683, 'lag_2': 0.156533837810471, 'lag_3': 0.5637775703483351, 'lag_4': 0.5915086198824837, 'lag_5': 0.2823189590195188, 'lag_6': 0.41058413635394736, 'lag_7': 0.5170365149231316, 'lag_8': 0.8739234011355461, 'lag_9': 0.39356048547709477, 'lag_10': 0.06273170035569733, 'lag_11': 0.28331234611813294, 'lag_12': 0.8495909647975393, 'lag_13': 0.6988904301564602, 'lag_14': 0.25194352297012557, 'lag_15': 0.24460396939512294, 'lag_16': 0.3485722689710464, 'lag_17': 0.7460237584240444, 'lag_18': 0.831208526452746, 'lag_19': 0.3259242800214879, 'lag_20': 0.8597316640175052, 'lag_21': 0.9972053160231569, 'lag_22': 0.3945932734200529, 'lag_23': 0.35426620762023936, 'lag_24': 0.5629408150456763, 'lag_25': 0.3994206746710896, 'lag_26': 0.3376652057327221, 'lag_27': 0.8207758477620778, 'lag_28': 0.10717605853716028}.
