[I 2025-09-29 11:59:20,389] Trial 87 finished with value: 0.002934895509728516 and parameters: {'lag_0': 0.2517072160175801, 'lag_1': 0.3569446956255443, 'lag_2': 0.29580873145001646, 'lag_3': 0.8375023927106682, 'lag_4': 0.5711521252895375, 'lag_5': 0.74189779167964, 'lag_6': 0.12476647109718952, 'lag_7': 0.7356360761003333, 'lag_8': 0.48664128517076805, 'lag_9': 0.528818938401911, 'lag_10': 0.7407876557261532, 'lag_11': 0.929194780019405, 'lag_12': 0.6760905847543341, 'lag_13': 0.24107559706199544, 'lag_14': 0.13185522855995496, 'lag_15': 0.7820912729570615, 'lag_16': 0.49487312444272946, 'lag_17': 0.5132857833190354, 'lag_18': 0.4879523014005873, 'lag_19': 0.3577164124444869, 'lag_20': 0.9271141072822825, 'lag_21': 0.40716101060256155, 'lag_22': 0.340185893684489, 'lag_23': 0.5604977223024171, 'lag_24': 0.4709076192522986, 'lag_25': 0.10841103803248828, 'lag_26': 0.3378218195944514, 'lag_27': 0.7416160528317283, 'lag_28': 0.34508412906130775}. Best is trial 19 with value: 0.002820392816125633.
[I 2025-09-29 11:59:22,742] Trial 88 finished with value: 0.002900059270100768 and parameters: {'lag_0': 0.05117603397564511, 'lag_1': 0.927720004364805, 'lag_2': 0.35053623569112324, 'lag_3': 0.9998231954298993, 'lag_4': 0.1802977438560568, 'lag_5': 0.8143129807638115, 'lag_6': 0.5313229230413812, 'lag_7': 0.7802376923888735, 'lag_8': 0.6682872400387142, 'lag_9': 0.49289691698332505, 'lag_10': 0.6769120787495398, 'lag_11': 0.8960687030655348, 'lag_12': 0.5749964024241472, 'lag_13': 0.28128089494898584, 'lag_14': 0.024156783201968943, 'lag_15': 0.8072571956208038, 'lag_16': 0.45540860230909846, 'lag_17': 0.3808531226681012, 'lag_18': 0.13723597297269946, 'lag_19': 0.15015776555516097, 'lag_20': 0.8483237245001247, 'lag_21': 0.5193751648172964, 'lag_22': 0.35902491064710834, 'lag_23': 0.4794660889919744, 'lag_24': 0.25276511569380444, 'lag_25': 0.17698667766140222, 'lag_26': 0.40047533036717264, 'lag_27': 0.881748009377632, 'lag_28': 0.3574247483151959}. Best is trial 19 with value: 0.002820392816125633.
[I 2025-09-29 11:59:25,106] Trial 89 finished with value: 0.002962731738890717 and parameters: {'lag_0': 0.1722274874277792, 'lag_1': 0.94610244376606, 'lag_2': 0.6024214684612172, 'lag_3': 0.7935894187515834, 'lag_4': 0.10337251112097649, 'lag_5': 0.7233638573465355, 'lag_6': 0.028539732273015768, 'lag_7': 0.4624018485409971, 'lag_8': 0.54047181874241, 'lag_9': 0.46284881385362353, 'lag_10': 0.8761810096307652, 'lag_11': 0.9982525397641152, 'lag_12': 0.622014717398109, 'lag_13': 0.06893227685772285, 'lag_14': 0.09230295452317164, 'lag_15': 0.9269086111608955, 'lag_16': 0.6815381724315176, 'lag_17': 0.9642288545297182, 'lag_18': 0.7931134207120689, 'lag_19': 0.3274843296817217, 'lag_20': 0.8087892025208334, 'lag_21': 0.9627532348617202, 'lag_22': 0.15323640648657877, 'lag_23': 0.6093637508582241, 'lag_24': 0.15720357493146417, 'lag_25': 0.409694557417953, 'lag_26': 0.2347346644347342, 'lag_27': 0.72598402277116, 'lag_28': 0.4228597936785077}. Best is trial 19 with value: 0.002820392816125633.
[I 2025-09-29 11:59:27,461] Trial 90 finished with value: 0.002923645240165736 and parameters: {'lag_0': 0.8372432158363858, 'lag_1': 0.41381710219950346, 'lag_2': 0.5109002663720938, 'lag_3': 0.7563107083760217, 'lag_4': 0.5965981812061569, 'lag_5': 0.8462701843260797, 'lag_6': 0.17827710340450706, 'lag_7': 0.9465927083373318, 'lag_8': 0.5691485538962137, 'lag_9': 0.543668301012943, 'lag_10': 0.25575185293642105, 'lag_11': 0.8611867688346632, 'lag_12': 0.7950857613291128, 'lag_13': 0.14548226327360483, 'lag_14': 0.05608878824358315, 'lag_15': 0.7853601856425524, 'lag_16': 0.5924250747790762, 'lag_17': 0.9254254879951926, 'lag_18': 0.6852445222003876, 'lag_19': 0.25636726966336076, 'lag_20': 0.41368968199367173, 'lag_21': 0.9112455222075649, 'lag_22': 0.26758798624314933, 'lag_23': 0.26464029439673525, 'lag_24': 0.0017159147412238527, 'lag_25': 0.29106982353009186, 'lag_26': 0.30105062816632056, 'lag_27': 0.6584453884346093, 'lag_28': 0.2114373734770824}. Best is trial 19 with value: 0.002820392816125633.
[I 2025-09-29 11:59:29,812] Trial 91 finished with value: 0.003070313666021333 and parameters: {'lag_0': 0.28324786525490603, 'lag_1': 0.502040744307021, 'lag_2': 0.27218386193846233, 'lag_3': 0.953103280478473, 'lag_4': 0.4664995176636581, 'lag_5': 0.6585146424199351, 'lag_6': 0.07557795542779941, 'lag_7': 0.8530347034929958, 'lag_8': 0.6318775015038967, 'lag_9': 0.60162584943097, 'lag_10': 0.4976472824111153, 'lag_11': 0.9388474576128221, 'lag_12': 0.4846012120459635, 'lag_13': 0.3606208243873619, 'lag_14': 0.11498845650758889, 'lag_15': 0.10947860692468325, 'lag_16': 0.8767034556944873, 'lag_17': 0.021639913604386607, 'lag_18': 0.6312385778603045, 'lag_19': 0.176389290013594, 'lag_20': 0.7088213552418874, 'lag_21': 0.3432885914602409, 'lag_22': 0.45008044487408905, 'lag_23': 0.8408640765768042, 'lag_24': 0.9997968546314633, 'lag_25': 0.2638736865810593, 'lag_26': 0.06229356425512408, 'lag_27': 0.6209180062382375, 'lag_28': 0.32690125586677143}. Best is trial 19 with value: 0.002820392816125633.
[I 2025-09-29 11:59:32,168] Trial 92 finished with value: 0.0029300151417164595 and parameters: {'lag_0': 0.23276056316945834, 'lag_1': 0.591087195700936, 'lag_2': 0.135961669955522, 'lag_3': 0.8780706474114429, 'lag_4': 0.04519038061422368, 'lag_5': 0.36741293795521535, 'lag_6': 0.15235848372384406, 'lag_7': 0.870721928917159, 'lag_8': 0.6865158820237982, 'lag_9': 0.40699199128570557, 'lag_10': 0.6108071551807821, 'lag_11': 0.591619608651703, 'lag_12': 0.27635185349232383, 'lag_13': 0.9465404116543168, 'lag_14': 0.37362079367799833, 'lag_15': 0.601067313318113, 'lag_16': 0.033381665792123316, 'lag_17': 0.8828163838309596, 'lag_18': 0.5567211620163187, 'lag_19': 0.6231836737999273, 'lag_20': 0.6439671820617453, 'lag_21': 0.8793577530499124, 'lag_22': 0.8531679323471847, 'lag_23': 0.7842941658723843, 'lag_24': 0.37946938414134523, 'lag_25': 0.3397072682754684, 'lag_26': 0.1478527744742994, 'lag_27': 0.5641685825074467, 'lag_28': 0.1622704033356767}. Best is trial 19 with value: 0.002820392816125633.
[I 2025-09-29 11:59:34,527] Trial 93 finished with value: 0.0029605690353140418 and parameters: {'lag_0': 0.32462252691947513, 'lag_1': 0.41416144072532135, 'lag_2': 0.4621283971264165, 'lag_3': 0.9136165508608075, 'lag_4': 0.501808721192957, 'lag_5': 0.022604946388537772, 'lag_6': 0.10666517680831444, 'lag_7': 0.8933937521687585, 'lag_8': 0.6076919514371746, 'lag_9': 0.1178094667078024, 'lag_10': 0.001546575955409843, 'lag_11': 0.43963701862264304, 'lag_12': 0.5057882319929246, 'lag_13': 0.2561512789318758, 'lag_14': 0.5449271665288826, 'lag_15': 0.8894743044438531, 'lag_16': 0.10902057544873447, 'lag_17': 0.9728587301532766, 'lag_18': 0.5087290654215842, 'lag_19': 0.21652017450153538, 'lag_20': 0.7434061910772749, 'lag_21': 0.4272811776250592, 'lag_22': 0.533849978815068, 'lag_23': 0.7080899300415963, 'lag_24': 0.8858070367963287, 'lag_25': 0.24105155902985592, 'lag_26': 0.08246806912235646, 'lag_27': 0.5220389553054446, 'lag_28': 0.4925479784686317}. Best is trial 19 with value: 0.002820392816125633.
[I 2025-09-29 11:59:36,886] Trial 94 finished with value: 0.002931228306966363 and parameters: {'lag_0': 0.2597510864764747, 'lag_1': 0.9007614122174216, 'lag_2': 0.182025719940744, 'lag_3': 0.9817976243745278, 'lag_4': 0.3128713399226913, 'lag_5': 0.0723637152784019, 'lag_6': 0.2998256826708645, 'lag_7': 0.7988418922491343, 'lag_8': 0.513210878100678, 'lag_9': 0.31290187137065645, 'lag_10': 0.6959790440633103, 'lag_11': 0.4954042867111995, 'lag_12': 0.4168542816388259, 'lag_13': 0.301163754279948, 'lag_14': 0.1916732526883489, 'lag_15': 0.9774919238584405, 'lag_16': 0.3347689909968542, 'lag_17': 0.859537849638194, 'lag_18': 0.5207069196599061, 'lag_19': 0.2832131498671356, 'lag_20': 0.5319611937336718, 'lag_21': 0.4618803750954875, 'lag_22': 0.7834127735597626, 'lag_23': 0.21525607038841654, 'lag_24': 0.9383642880177575, 'lag_25': 0.4293563404583489, 'lag_26': 0.18297277191860514, 'lag_27': 0.6988672804211633, 'lag_28': 0.934928313007365}. Best is trial 19 with value: 0.002820392816125633.
[I 2025-09-29 11:59:39,243] Trial 95 finished with value: 0.0028807364283831467 and parameters: {'lag_0': 0.29562483726954, 'lag_1': 0.9793958617464332, 'lag_2': 0.7796174318108612, 'lag_3': 0.8532592705825296, 'lag_4': 0.4086351374435914, 'lag_5': 0.7688457065370681, 'lag_6': 0.2239161995275748, 'lag_7': 0.9746342909688168, 'lag_8': 0.1236367978392568, 'lag_9': 0.27706685228866346, 'lag_10': 0.033303920187305075, 'lag_11': 0.8230423627174971, 'lag_12': 0.3665243701490257, 'lag_13': 0.10725851548020444, 'lag_14': 0.03533417626631338, 'lag_15': 0.5086473679255216, 'lag_16': 0.7125851227191649, 'lag_17': 0.769299926026928, 'lag_18': 0.714258137132414, 'lag_19': 0.4678289136088783, 'lag_20': 0.7646640522614088, 'lag_21': 0.945020705677722, 'lag_22': 0.9652234044037273, 'lag_23': 0.359685722463348, 'lag_24': 0.13365358445276693, 'lag_25': 0.3115855700307432, 'lag_26': 0.12694354219553522, 'lag_27': 0.6130378949976029, 'lag_28': 0.8467811057828685}. Best is trial 19 with value: 0.002820392816125633.
[I 2025-09-29 11:59:41,606] Trial 96 finished with value: 0.003001597896330613 and parameters: {'lag_0': 0.3342107440608276, 'lag_1': 0.8618985107131467, 'lag_2': 0.4372002890944725, 'lag_3': 0.944786584088594, 'lag_4': 0.4335081192813719, 'lag_5': 0.9331184229444428, 'lag_6': 0.26473345370604917, 'lag_7': 0.9261824779842615, 'lag_8': 0.5649949246029603, 'lag_9': 0.7808883807462441, 'lag_10': 0.9518008313484474, 'lag_11': 0.774769252499985, 'lag_12': 0.7080449451481331, 'lag_13': 0.5937827432430034, 'lag_14': 0.0721412391350373, 'lag_15': 0.7705261157613084, 'lag_16': 0.561591032790072, 'lag_17': 0.9044784343006006, 'lag_18': 0.7628014052942196, 'lag_19': 0.43359623966515926, 'lag_20': 0.5745553410770713, 'lag_21': 0.26422037207639665, 'lag_22': 0.7306637282497621, 'lag_23': 0.5048691610523155, 'lag_24': 0.9065362216310303, 'lag_25': 0.19074858094184072, 'lag_26': 0.26598088175247464, 'lag_27': 0.7912585346751329, 'lag_28': 0.28554889339203515}. Best is trial 19 with value: 0.002820392816125633.
[I 2025-09-29 11:59:43,969] Trial 97 finished with value: 0.0028689970789290663 and parameters: {'lag_0': 0.4175253477185598, 'lag_1': 0.5589506380398904, 'lag_2': 0.48065615791097394, 'lag_3': 0.8884257887403935, 'lag_4': 0.14801764791357253, 'lag_5': 0.5330639823703153, 'lag_6': 0.18379686347156032, 'lag_7': 0.706986996076583, 'lag_8': 0.7212328762351812, 'lag_9': 0.23732634230907995, 'lag_10': 0.4343295563284386, 'lag_11': 0.9144287533298303, 'lag_12': 0.9152570278567769, 'lag_13': 0.45328529696097786, 'lag_14': 0.3299015346674022, 'lag_15': 0.5499843458126694, 'lag_16': 0.06765181777895368, 'lag_17': 0.9508761980857368, 'lag_18': 0.4762889332946881, 'lag_19': 0.39246755306655934, 'lag_20': 0.6926690710606977, 'lag_21': 0.6072234617455261, 'lag_22': 0.9007020621412772, 'lag_23': 0.28692506086710623, 'lag_24': 0.04651687857371144, 'lag_25': 0.1520404427003065, 'lag_26': 0.3526420466525172, 'lag_27': 0.6738574735314844, 'lag_28': 0.4440478940853282}. Best is trial 19 with value: 0.002820392816125633.
[I 2025-09-29 11:59:46,317] Trial 98 finished with value: 0.0030115152828179663 and parameters: {'lag_0': 0.19535264280046166, 'lag_1': 0.37640611760710385, 'lag_2': 0.0602473621300296, 'lag_3': 0.6847293650571938, 'lag_4': 0.2554739275237044, 'lag_5': 0.004517079586030648, 'lag_6': 0.38063596069072536, 'lag_7': 0.8356698834471246, 'lag_8': 0.2860266062974452, 'lag_9': 0.147805994623404, 'lag_10': 0.5545754880925093, 'lag_11': 0.7304963057581585, 'lag_12': 0.8405083735864234, 'lag_13': 0.2007670522454533, 'lag_14': 0.4422249365137861, 'lag_15': 0.23092526810798325, 'lag_16': 0.947581473755051, 'lag_17': 0.07598688708989565, 'lag_18': 0.42752418157451977, 'lag_19': 0.3116641769281857, 'lag_20': 0.31403286014364884, 'lag_21': 0.997203625973537, 'lag_22': 0.001973750383750028, 'lag_23': 0.3169622409980638, 'lag_24': 0.09541401937464668, 'lag_25': 0.2720435215769073, 'lag_26': 0.1124225674683164, 'lag_27': 0.6362374964411759, 'lag_28': 0.6293991145756754}. Best is trial 19 with value: 0.002820392816125633.
[I 2025-09-29 11:59:48,665] Trial 99 finished with value: 0.003010771467010503 and parameters: {'lag_0': 0.3680317499364774, 'lag_1': 0.7007464877875867, 'lag_2': 0.2238554628718713, 'lag_3': 0.7210082218921973, 'lag_4': 0.38174712507784214, 'lag_5': 0.4586497900041532, 'lag_6': 0.0011904209152837873, 'lag_7': 0.7386421961936733, 'lag_8': 0.6511483507209154, 'lag_9': 0.8356631704596263, 'lag_10': 0.12551234947873935, 'lag_11': 0.6421830453152476, 'lag_12': 0.1859241091751652, 'lag_13': 0.33408312837981635, 'lag_14': 0.1411356546818071, 'lag_15': 0.847409151625072, 'lag_16': 0.5150985993260964, 'lag_17': 0.8142178794053059, 'lag_18': 0.3729068048997076, 'lag_19': 0.36753504358883377, 'lag_20': 0.45303319784133494, 'lag_21': 0.7618896031470086, 'lag_22': 0.7063914268600643, 'lag_23': 0.07508476593418419, 'lag_24': 0.9623686230527109, 'lag_25': 0.3747469376736871, 'lag_26': 0.023326283302577147, 'lag_27': 0.34189146667285764, 'lag_28': 0.685071333340197}. Best is trial 19 with value: 0.002820392816125633.
2025-09-29 11:59:51,466 - distributed.worker - INFO - Stopping worker at tcp://192.168.86.108:39215. Reason: scheduler-remove-worker
2025-09-29 11:59:51,470 - distributed.nanny - INFO - Closing Nanny gracefully at 'tcp://192.168.86.108:40404'. Reason: scheduler-remove-worker
2025-09-29 11:59:51,476 - distributed.nanny - INFO - Worker closed
2025-09-29 11:59:51,476 - distributed.core - INFO - Connection to tcp://192.168.86.101:45699 has been closed.
slurmstepd: error: *** JOB 3081116 ON node08 CANCELLED AT 2025-09-29T11:59:51 ***
