[I 2025-09-29 13:09:56,925] Trial 83 finished with value: 0.007092431260356362 and parameters: {'lag_0': 0.6837208595468536, 'lag_1': 0.8350416513978697, 'lag_2': 0.8362424288820478, 'lag_3': 0.36449393982244893, 'lag_4': 0.1874539575815216, 'lag_5': 0.6870546510631338, 'lag_6': 0.8125266712958774, 'lag_7': 0.9362860527357854, 'lag_8': 0.5027853802973221, 'lag_9': 0.8328144702314927, 'lag_10': 0.6552883329027125, 'lag_11': 0.7810742969307132, 'lag_12': 0.5784567190017116, 'lag_13': 0.6155410309703349, 'lag_14': 0.5292446362732693, 'lag_15': 0.9677191383702987, 'lag_16': 0.573109559847697, 'lag_17': 0.9308348303157191, 'lag_18': 0.27802041079809364, 'lag_19': 0.8634443596432633, 'lag_20': 0.12167508440335957, 'lag_21': 0.829726605525562, 'lag_22': 0.0918725683242399, 'lag_23': 0.3434720680389218, 'lag_24': 0.33756943540951945, 'lag_25': 0.5484014209240382, 'lag_26': 0.6083047541645701, 'lag_27': 0.0834975048743861, 'lag_28': 0.0006617401478781204}. Best is trial 59 with value: 0.005203501960903691.
[I 2025-09-29 13:09:59,427] Trial 84 finished with value: 0.006637400256120829 and parameters: {'lag_0': 0.6548683736259238, 'lag_1': 0.7456635268489935, 'lag_2': 0.8736924360954209, 'lag_3': 0.2663487658727876, 'lag_4': 0.40514869372574114, 'lag_5': 0.6164734714123036, 'lag_6': 0.9493016880032774, 'lag_7': 0.8887730529842456, 'lag_8': 0.7158223165717323, 'lag_9': 0.8641167052365375, 'lag_10': 0.7380930341505364, 'lag_11': 0.5650683296035628, 'lag_12': 0.03503551839978927, 'lag_13': 0.542949789515653, 'lag_14': 0.34324363711478045, 'lag_15': 0.9432967514015214, 'lag_16': 0.6274192446338307, 'lag_17': 0.6086959952369667, 'lag_18': 0.15186544074383704, 'lag_19': 0.9921855568384511, 'lag_20': 0.6393204113685435, 'lag_21': 0.7671794728149094, 'lag_22': 0.5127845150565576, 'lag_23': 0.4081938892353195, 'lag_24': 0.5021287038635652, 'lag_25': 0.5222959160052969, 'lag_26': 0.19337931260797359, 'lag_27': 0.17542771598666856, 'lag_28': 0.25222999321579376}. Best is trial 59 with value: 0.005203501960903691.
[I 2025-09-29 13:10:01,924] Trial 85 finished with value: 0.006872955449910992 and parameters: {'lag_0': 0.750218855021565, 'lag_1': 0.5734964928400713, 'lag_2': 0.7701490900431537, 'lag_3': 0.23350770255534428, 'lag_4': 0.43878240271293467, 'lag_5': 0.7891990907714761, 'lag_6': 0.7785486854537929, 'lag_7': 0.9773609382750095, 'lag_8': 0.11619110418267198, 'lag_9': 0.28655529156908244, 'lag_10': 0.6047503674020542, 'lag_11': 0.6122411889378437, 'lag_12': 0.6611655081623572, 'lag_13': 0.6865612416151042, 'lag_14': 0.4718795442664167, 'lag_15': 0.5073499421668208, 'lag_16': 0.7483746350957836, 'lag_17': 0.7614657033697778, 'lag_18': 0.08431460996808146, 'lag_19': 0.7998647262449184, 'lag_20': 0.7697087302991091, 'lag_21': 0.23956453873801964, 'lag_22': 0.8108385885687628, 'lag_23': 0.18271538853122887, 'lag_24': 0.36656059961678045, 'lag_25': 0.572329778257898, 'lag_26': 0.2981677097626451, 'lag_27': 0.3765283159472132, 'lag_28': 0.17591986365690945}. Best is trial 59 with value: 0.005203501960903691.
[I 2025-09-29 13:10:04,424] Trial 86 finished with value: 0.006880565547476941 and parameters: {'lag_0': 0.628794451517114, 'lag_1': 0.5235970899626601, 'lag_2': 0.9390805522454451, 'lag_3': 0.4339557548035176, 'lag_4': 0.06606976733778219, 'lag_5': 0.7183458101008838, 'lag_6': 0.9053270247310112, 'lag_7': 0.6228372007400769, 'lag_8': 0.7607214985784404, 'lag_9': 0.9454861589844721, 'lag_10': 0.8171473537985332, 'lag_11': 0.5440442316662425, 'lag_12': 0.09460277861804384, 'lag_13': 0.3844060869268222, 'lag_14': 0.055773613900356386, 'lag_15': 0.9995082017323113, 'lag_16': 0.9206144844395426, 'lag_17': 0.6952207036644329, 'lag_18': 0.11893380259280315, 'lag_19': 0.6344474562269031, 'lag_20': 0.7371614335810976, 'lag_21': 0.7279207408822751, 'lag_22': 0.3161778397222661, 'lag_23': 0.4475778384952992, 'lag_24': 0.26467412120588635, 'lag_25': 0.6301407569098549, 'lag_26': 0.7030694897620693, 'lag_27': 0.14346868715345906, 'lag_28': 0.2871304259865496}. Best is trial 59 with value: 0.005203501960903691.
[I 2025-09-29 13:10:06,927] Trial 87 finished with value: 0.006376171011281526 and parameters: {'lag_0': 0.49513841209688714, 'lag_1': 0.489621919651574, 'lag_2': 0.5021706297342324, 'lag_3': 0.1841073743825716, 'lag_4': 0.49853846877055485, 'lag_5': 0.5832225260058138, 'lag_6': 0.8295870711572688, 'lag_7': 0.6882547986864445, 'lag_8': 0.6555395313895944, 'lag_9': 0.9771329530411859, 'lag_10': 0.9568796364033558, 'lag_11': 0.020884694422986683, 'lag_12': 0.06178317969676017, 'lag_13': 0.499882074097448, 'lag_14': 0.2852559446592167, 'lag_15': 0.8777633380915364, 'lag_16': 0.42793109824004266, 'lag_17': 0.8015983162689234, 'lag_18': 0.1963840858655114, 'lag_19': 0.7370860169330786, 'lag_20': 0.9225997091600517, 'lag_21': 0.8027286865231553, 'lag_22': 0.9339674086958051, 'lag_23': 0.30871327355295697, 'lag_24': 0.23135071212085884, 'lag_25': 0.6591556761932766, 'lag_26': 0.9522580305146853, 'lag_27': 0.222862557322349, 'lag_28': 0.22744742190504236}. Best is trial 59 with value: 0.005203501960903691.
[I 2025-09-29 13:10:09,428] Trial 88 finished with value: 0.0065113417378389795 and parameters: {'lag_0': 0.5480762650640265, 'lag_1': 0.12115485103375426, 'lag_2': 0.8992839013222652, 'lag_3': 0.5720190981251417, 'lag_4': 0.361858012154363, 'lag_5': 0.6719221105547941, 'lag_6': 0.5717248105261721, 'lag_7': 0.9387735018565537, 'lag_8': 0.959026051140177, 'lag_9': 0.8865733176979044, 'lag_10': 0.7596917915245961, 'lag_11': 0.09934479224704221, 'lag_12': 0.12875149643992817, 'lag_13': 0.3172661034362352, 'lag_14': 0.09551255253044778, 'lag_15': 0.9153129767959209, 'lag_16': 0.49164865727114493, 'lag_17': 0.6380313490027446, 'lag_18': 0.055087963907274495, 'lag_19': 0.9041146511771341, 'lag_20': 0.6595060720922075, 'lag_21': 0.8518681986278605, 'lag_22': 0.5564288964048474, 'lag_23': 0.378899446662309, 'lag_24': 0.1945317851301747, 'lag_25': 0.5952343503450127, 'lag_26': 0.4873040349962393, 'lag_27': 0.025462401220466058, 'lag_28': 0.13841657628748683}. Best is trial 59 with value: 0.005203501960903691.
[I 2025-09-29 13:10:11,923] Trial 89 finished with value: 0.006652911755974404 and parameters: {'lag_0': 0.8457721658563544, 'lag_1': 0.09151285407471058, 'lag_2': 0.8146474411897278, 'lag_3': 0.1443459637942238, 'lag_4': 0.8626902316904059, 'lag_5': 0.5518392920670525, 'lag_6': 0.4906922977206738, 'lag_7': 0.9998548854164575, 'lag_8': 0.6203382926190457, 'lag_9': 0.7852100125345822, 'lag_10': 0.5259825730368799, 'lag_11': 0.06488531171060145, 'lag_12': 0.022306670629352668, 'lag_13': 0.5720293883010467, 'lag_14': 0.373015180917678, 'lag_15': 0.2667800873143672, 'lag_16': 0.5303775198632996, 'lag_17': 0.8426016376619311, 'lag_18': 0.4537925323863307, 'lag_19': 0.5954577267263015, 'lag_20': 0.7977297122258349, 'lag_21': 0.9873056917340874, 'lag_22': 0.4229590383626034, 'lag_23': 0.08627022710589505, 'lag_24': 0.14791413796730452, 'lag_25': 0.44593470811965913, 'lag_26': 0.12817435470419347, 'lag_27': 0.47240621304904795, 'lag_28': 0.05982764618163118}. Best is trial 59 with value: 0.005203501960903691.
[I 2025-09-29 13:10:14,551] Trial 90 finished with value: 0.006135821609161755 and parameters: {'lag_0': 0.9667517692957609, 'lag_1': 0.05761557845259345, 'lag_2': 0.33900132477173206, 'lag_3': 0.2879926909401055, 'lag_4': 0.47746739084648776, 'lag_5': 0.6486137518789054, 'lag_6': 0.8686591942470694, 'lag_7': 0.5953261173314913, 'lag_8': 0.8754136208640039, 'lag_9': 0.4836617524405853, 'lag_10': 0.558773503311299, 'lag_11': 0.184088978248157, 'lag_12': 0.5550047941052397, 'lag_13': 0.3523454725304608, 'lag_14': 0.15843114766655844, 'lag_15': 0.33181946337687446, 'lag_16': 0.3861255452438081, 'lag_17': 0.9797382537283023, 'lag_18': 0.3146496237433858, 'lag_19': 0.8216874469982395, 'lag_20': 0.7201890871243916, 'lag_21': 0.6516356333637732, 'lag_22': 0.8632388174063591, 'lag_23': 0.26624193486339015, 'lag_24': 0.47965152604132816, 'lag_25': 0.7806780807727549, 'lag_26': 0.7785465036038496, 'lag_27': 0.25117645837670866, 'lag_28': 0.6755688689116777}. Best is trial 59 with value: 0.005203501960903691.
[I 2025-09-29 13:10:17,060] Trial 91 finished with value: 0.007884761231559883 and parameters: {'lag_0': 0.9604455343198421, 'lag_1': 0.00023139859624309034, 'lag_2': 0.24000617943768054, 'lag_3': 0.2834684481561942, 'lag_4': 0.48548534823204964, 'lag_5': 0.6452291643973203, 'lag_6': 0.866792492272633, 'lag_7': 0.5782644917056082, 'lag_8': 0.9393099181383412, 'lag_9': 0.4533602713125039, 'lag_10': 0.5531497531485758, 'lag_11': 0.15981836288142504, 'lag_12': 0.6321627989564117, 'lag_13': 0.3599923791537194, 'lag_14': 0.17109269572623687, 'lag_15': 0.32984330948384555, 'lag_16': 0.39039526241672545, 'lag_17': 0.9784146729288226, 'lag_18': 0.31827156958774006, 'lag_19': 0.8348118524556456, 'lag_20': 0.711601785340721, 'lag_21': 0.6513391543679811, 'lag_22': 0.862356261558436, 'lag_23': 0.1573719881730698, 'lag_24': 0.46661865446429457, 'lag_25': 0.8305285546433989, 'lag_26': 0.7470329163798296, 'lag_27': 0.25390473574341776, 'lag_28': 0.6680638153235933}. Best is trial 59 with value: 0.005203501960903691.
[I 2025-09-29 13:10:19,573] Trial 92 finished with value: 0.007153318201946321 and parameters: {'lag_0': 0.8843107139958736, 'lag_1': 0.07124187026012016, 'lag_2': 0.33453424798952147, 'lag_3': 0.3383506288074477, 'lag_4': 0.6171467378101884, 'lag_5': 0.700210153977444, 'lag_6': 0.8451842341752405, 'lag_7': 0.9114935300348691, 'lag_8': 0.877274686943062, 'lag_9': 0.461785101268326, 'lag_10': 0.6855995802435725, 'lag_11': 0.17977131362057547, 'lag_12': 0.5677236054196368, 'lag_13': 0.4088987677281286, 'lag_14': 0.06937843387104409, 'lag_15': 0.35357422745700245, 'lag_16': 0.34905507058913793, 'lag_17': 0.9489617589734338, 'lag_18': 0.37714180252127294, 'lag_19': 0.673935783623937, 'lag_20': 0.21973872909900535, 'lag_21': 0.7068547631652792, 'lag_22': 0.8962801241193609, 'lag_23': 0.3554876212975827, 'lag_24': 0.43901866298650083, 'lag_25': 0.8969921362484762, 'lag_26': 0.7824275616300027, 'lag_27': 0.3304446678280254, 'lag_28': 0.1490088568090163}. Best is trial 59 with value: 0.005203501960903691.
[I 2025-09-29 13:10:22,078] Trial 93 finished with value: 0.0066852130059977975 and parameters: {'lag_0': 0.7713116880326394, 'lag_1': 0.050402459424008714, 'lag_2': 0.3835463792271254, 'lag_3': 0.2490945989850878, 'lag_4': 0.4629658859593689, 'lag_5': 0.7547899617499546, 'lag_6': 0.9307414144920391, 'lag_7': 0.5512314699220926, 'lag_8': 0.9118202736297991, 'lag_9': 0.49327314373599235, 'lag_10': 0.6356761279249704, 'lag_11': 0.003745840754524273, 'lag_12': 0.5461827716140729, 'lag_13': 0.26044910562415186, 'lag_14': 0.20007027161470903, 'lag_15': 0.38729094514578094, 'lag_16': 0.9724193338686127, 'lag_17': 0.8630198585239705, 'lag_18': 0.2594707116209156, 'lag_19': 0.7753059846546371, 'lag_20': 0.724306754754414, 'lag_21': 0.6715728764015788, 'lag_22': 0.8207756745518726, 'lag_23': 0.26580295613117777, 'lag_24': 0.40997534665880553, 'lag_25': 0.4938648885200624, 'lag_26': 0.891393449040042, 'lag_27': 0.10696340053995458, 'lag_28': 0.8457675824540763}. Best is trial 59 with value: 0.005203501960903691.
[I 2025-09-29 13:10:24,583] Trial 94 finished with value: 0.006618013880049889 and parameters: {'lag_0': 0.9928414923811775, 'lag_1': 0.15652391474267968, 'lag_2': 0.7259873408086637, 'lag_3': 0.2993141212787554, 'lag_4': 0.4291581580496587, 'lag_5': 0.6065213466010538, 'lag_6': 0.9709755678925305, 'lag_7': 0.5965255426949786, 'lag_8': 0.7956255267577147, 'lag_9': 0.3956280379451417, 'lag_10': 0.4777576454588653, 'lag_11': 0.11710942902448532, 'lag_12': 0.4608815005054798, 'lag_13': 0.4530548398848049, 'lag_14': 0.12408403484406223, 'lag_15': 0.46303352975326767, 'lag_16': 0.3017057321716429, 'lag_17': 0.9726165872683145, 'lag_18': 0.23372266688834126, 'lag_19': 0.8183518532666652, 'lag_20': 0.6206353299506023, 'lag_21': 0.5755972340967721, 'lag_22': 0.7940643916616926, 'lag_23': 0.2331960603580882, 'lag_24': 0.32382957072220553, 'lag_25': 0.7966295786794388, 'lag_26': 0.4268797943883255, 'lag_27': 0.20044054045137477, 'lag_28': 0.569562689126893}. Best is trial 59 with value: 0.005203501960903691.
[I 2025-09-29 13:10:27,087] Trial 95 finished with value: 0.006593877252639694 and parameters: {'lag_0': 0.9222831072654981, 'lag_1': 0.7809372306316249, 'lag_2': 0.25055523988603284, 'lag_3': 0.3995210809465377, 'lag_4': 0.39271625157514345, 'lag_5': 0.824048767286477, 'lag_6': 0.8993858775540529, 'lag_7': 0.9698574262012953, 'lag_8': 0.8531686509260751, 'lag_9': 0.384488357947796, 'lag_10': 0.4402584786007243, 'lag_11': 0.2680468656262127, 'lag_12': 0.5127405047624356, 'lag_13': 0.4356347136762619, 'lag_14': 0.1566424204060263, 'lag_15': 0.2339215369078435, 'lag_16': 0.4476706767752703, 'lag_17': 0.2056841824443314, 'lag_18': 0.28797722829420735, 'lag_19': 0.7123700117001497, 'lag_20': 0.5432194145488856, 'lag_21': 0.7393655297120972, 'lag_22': 0.472051981335255, 'lag_23': 0.30900283962385255, 'lag_24': 0.7008362910856725, 'lag_25': 0.7196026954674457, 'lag_26': 0.6656052409744528, 'lag_27': 0.27686809408596236, 'lag_28': 0.44509261272155953}. Best is trial 59 with value: 0.005203501960903691.
[I 2025-09-29 13:10:29,602] Trial 96 finished with value: 0.007206889462062792 and parameters: {'lag_0': 0.9718387000566717, 'lag_1': 0.037838463232964914, 'lag_2': 0.17385125471083074, 'lag_3': 0.32052506530811814, 'lag_4': 0.5605061851433953, 'lag_5': 0.5152306744562727, 'lag_6': 0.8015453328699951, 'lag_7': 0.4671947904942211, 'lag_8': 0.7398713085742562, 'lag_9': 0.915383005353824, 'lag_10': 0.5008658732877549, 'lag_11': 0.053009161689875635, 'lag_12': 0.6201755967095954, 'lag_13': 0.3894524843976261, 'lag_14': 0.01829416618050288, 'lag_15': 0.4307771106744584, 'lag_16': 0.7935457148819245, 'lag_17': 0.8942190745124864, 'lag_18': 0.3382228042587382, 'lag_19': 0.9243300543401067, 'lag_20': 0.581447192079939, 'lag_21': 0.7830518530400428, 'lag_22': 0.8411529378572978, 'lag_23': 0.3262038494384053, 'lag_24': 0.28640096016798433, 'lag_25': 0.5342884380709577, 'lag_26': 0.38800535377155715, 'lag_27': 0.12769361421690434, 'lag_28': 0.6316621654715724}. Best is trial 59 with value: 0.005203501960903691.
[I 2025-09-29 13:10:32,114] Trial 97 finished with value: 0.007204277419911945 and parameters: {'lag_0': 0.6845168633982176, 'lag_1': 0.10348773703689428, 'lag_2': 0.44065512098606247, 'lag_3': 0.2725911849966082, 'lag_4': 0.5230253303358698, 'lag_5': 0.5530169640303807, 'lag_6': 0.761621642262433, 'lag_7': 0.2937945372642461, 'lag_8': 0.8348541964265033, 'lag_9': 0.8362159138453154, 'lag_10': 0.5899305456331282, 'lag_11': 0.3652610282875002, 'lag_12': 0.6804487637056658, 'lag_13': 0.5272087369607124, 'lag_14': 0.24498266099842617, 'lag_15': 0.4856728324599035, 'lag_16': 0.23453531866033295, 'lag_17': 0.9160005844790762, 'lag_18': 0.4216959754853641, 'lag_19': 0.8802576696713691, 'lag_20': 0.5051585303889264, 'lag_21': 0.5240578838331713, 'lag_22': 0.7317249546023046, 'lag_23': 0.5163021549533786, 'lag_24': 0.5691676926599769, 'lag_25': 0.7633975975768788, 'lag_26': 0.4572265116300183, 'lag_27': 0.16896866889079204, 'lag_28': 0.7305992064404274}. Best is trial 59 with value: 0.005203501960903691.
[I 2025-09-29 13:10:34,625] Trial 98 finished with value: 0.0071370230993691745 and parameters: {'lag_0': 0.8201531906838678, 'lag_1': 0.41549903662271, 'lag_2': 0.8743437785125726, 'lag_3': 0.20589474788435017, 'lag_4': 0.3428191361227828, 'lag_5': 0.7197426553500981, 'lag_6': 0.09437643148295483, 'lag_7': 0.6570450449196792, 'lag_8': 0.9968035136955262, 'lag_9': 0.8626866136758898, 'lag_10': 0.6543972872334058, 'lag_11': 0.1853380290190622, 'lag_12': 0.04999069721094391, 'lag_13': 0.3284679276853263, 'lag_14': 0.40736285444994025, 'lag_15': 0.06802116044245615, 'lag_16': 0.8542062390819619, 'lag_17': 0.765314345086355, 'lag_18': 0.1495771454033391, 'lag_19': 0.7469616258351717, 'lag_20': 0.8364071972244951, 'lag_21': 0.8193490173438636, 'lag_22': 0.9712174729790445, 'lag_23': 0.2395852583369872, 'lag_24': 0.48514661809695725, 'lag_25': 0.9810676229242667, 'lag_26': 0.8296646924284169, 'lag_27': 0.23095340889298616, 'lag_28': 0.1917907951086605}. Best is trial 59 with value: 0.005203501960903691.
[I 2025-09-29 13:10:37,140] Trial 99 finished with value: 0.006077004521035124 and parameters: {'lag_0': 0.7266072187495274, 'lag_1': 0.13053637861947082, 'lag_2': 0.3460453887695573, 'lag_3': 0.22307639966199422, 'lag_4': 0.14544824314233154, 'lag_5': 0.6750816438120941, 'lag_6': 0.6778312702281724, 'lag_7': 0.6073807015298229, 'lag_8': 0.8934382805409364, 'lag_9': 0.4938821530088581, 'lag_10': 0.7269404645240776, 'lag_11': 0.4978901324624996, 'lag_12': 0.41241825991275727, 'lag_13': 0.36127167412462075, 'lag_14': 0.31785906926913704, 'lag_15': 0.7503296120289564, 'lag_16': 0.8793270870823185, 'lag_17': 0.4881260356256099, 'lag_18': 0.18343681131456352, 'lag_19': 0.9628359467531179, 'lag_20': 0.3033364557665872, 'lag_21': 0.6149679313206414, 'lag_22': 0.9173387698220982, 'lag_23': 0.5720357986090996, 'lag_24': 0.7883379433151837, 'lag_25': 0.3240299249712437, 'lag_26': 0.3626739106395138, 'lag_27': 0.40679191489749705, 'lag_28': 0.3865052478598097}. Best is trial 59 with value: 0.005203501960903691.
[I 2025-09-29 13:10:37,154] A new study created in memory with name: no-name-d0c52c69-c4e5-4aa2-a4c9-c8e5d425f42a
[I 2025-09-29 13:10:39,591] Trial 0 finished with value: 0.007677825359262591 and parameters: {'lag_0': 0.266177682474827, 'lag_1': 0.2073476777393208, 'lag_2': 0.1992556338053004, 'lag_3': 0.6755516312862839, 'lag_4': 0.7859388529335242, 'lag_5': 0.6056296153767696, 'lag_6': 0.4123247365863713, 'lag_7': 0.5683844859771205, 'lag_8': 0.0906326568242762, 'lag_9': 0.8535787723400198, 'lag_10': 0.4926077454113317, 'lag_11': 0.044782421956485956, 'lag_12': 0.6750009736538293, 'lag_13': 0.3676951320352942, 'lag_14': 0.6154648882490706, 'lag_15': 0.1343483007632699, 'lag_16': 0.33322350226761366, 'lag_17': 0.831809614587097, 'lag_18': 0.916706980677901, 'lag_19': 0.6765108206058039, 'lag_20': 0.24432865924519984, 'lag_21': 0.15576656107956866, 'lag_22': 0.39903258989408275, 'lag_23': 0.5594119802450531, 'lag_24': 0.7350659924879275, 'lag_25': 0.03506113659776263, 'lag_26': 0.7512300815351097, 'lag_27': 0.15355717255599405, 'lag_28': 0.02724478613021}. Best is trial 0 with value: 0.007677825359262591.
[I 2025-09-29 13:10:42,029] Trial 1 finished with value: 0.007604444743927313 and parameters: {'lag_0': 0.02225045630206414, 'lag_1': 0.38743334672861396, 'lag_2': 0.8617358294209774, 'lag_3': 0.8978476732905839, 'lag_4': 0.9745650007403556, 'lag_5': 0.4349219828822263, 'lag_6': 0.7105028655554182, 'lag_7': 0.12857425010688994, 'lag_8': 0.25984192225091923, 'lag_9': 0.8542593203196641, 'lag_10': 0.5207316279976444, 'lag_11': 0.7574133589409432, 'lag_12': 0.7644207998535009, 'lag_13': 0.8504222602278867, 'lag_14': 0.5292167129084452, 'lag_15': 0.4723766006907283, 'lag_16': 0.1767182831275811, 'lag_17': 0.8943720893941319, 'lag_18': 0.07160358489684199, 'lag_19': 0.4663222442097482, 'lag_20': 0.8588941019224661, 'lag_21': 0.3058424511929068, 'lag_22': 0.39175908813748117, 'lag_23': 0.46521752850122483, 'lag_24': 0.3165897800086864, 'lag_25': 0.6822353128914276, 'lag_26': 0.4027499836595115, 'lag_27': 0.5737652272711804, 'lag_28': 0.7575742806716552}. Best is trial 1 with value: 0.007604444743927313.
[I 2025-09-29 13:10:44,467] Trial 2 finished with value: 0.007613640533497881 and parameters: {'lag_0': 0.406694178757868, 'lag_1': 0.3871623921011301, 'lag_2': 0.5953399892547386, 'lag_3': 0.6580420732776368, 'lag_4': 0.669917382710583, 'lag_5': 0.6182745644994259, 'lag_6': 0.8889809103825118, 'lag_7': 0.15781550893080643, 'lag_8': 0.9405786548294547, 'lag_9': 0.8457162555746918, 'lag_10': 0.9261186766207135, 'lag_11': 0.6231280366377184, 'lag_12': 0.7462895853115163, 'lag_13': 0.4484481027468566, 'lag_14': 0.02503506730927661, 'lag_15': 0.11536185376756697, 'lag_16': 0.19834185665621917, 'lag_17': 0.5421148953850474, 'lag_18': 0.7236010024903651, 'lag_19': 0.4593046686390933, 'lag_20': 0.5317842546906666, 'lag_21': 0.15396601947195945, 'lag_22': 0.8114442388590298, 'lag_23': 0.3014949411781574, 'lag_24': 0.6424758942284104, 'lag_25': 0.48531887734330503, 'lag_26': 0.7050042476518246, 'lag_27': 0.43066942011931314, 'lag_28': 0.9781192296972366}. Best is trial 1 with value: 0.007604444743927313.
[I 2025-09-29 13:10:46,903] Trial 3 finished with value: 0.008778307461135237 and parameters: {'lag_0': 0.9541440436825513, 'lag_1': 0.7437694003005059, 'lag_2': 0.88152775761064, 'lag_3': 0.15069626477668482, 'lag_4': 0.1255053259940286, 'lag_5': 0.6192044711969837, 'lag_6': 0.9642227866655774, 'lag_7': 0.9882790239140654, 'lag_8': 0.5958456232167777, 'lag_9': 0.3334151599613029, 'lag_10': 0.47823541242206874, 'lag_11': 0.4866274295904481, 'lag_12': 0.5603763996582332, 'lag_13': 0.9334739549853182, 'lag_14': 0.1545964973518222, 'lag_15': 0.9612024867358432, 'lag_16': 0.9074824598942353, 'lag_17': 0.8529000949570806, 'lag_18': 0.8966465931380733, 'lag_19': 0.20333460427827246, 'lag_20': 0.502837763643123, 'lag_21': 0.3942093566972401, 'lag_22': 0.037175019763348784, 'lag_23': 0.6321145398511551, 'lag_24': 0.8478809868283452, 'lag_25': 0.23652091642605613, 'lag_26': 0.19589799036656158, 'lag_27': 0.5636921751437071, 'lag_28': 0.8974209172006657}. Best is trial 1 with value: 0.007604444743927313.
