[I 2025-09-29 11:56:39,512] Trial 24 finished with value: 0.009865924528538544 and parameters: {'lag_0': 0.42162941659146624, 'lag_1': 0.036635736658999635, 'lag_2': 0.2759077759334402, 'lag_3': 0.964156394059016, 'lag_4': 0.6329995005143938, 'lag_5': 0.8971240600313214, 'lag_6': 0.40447904566178383, 'lag_7': 0.21445676347377804, 'lag_8': 0.5564051338825792, 'lag_9': 0.36669046251310916, 'lag_10': 0.7139201136903474, 'lag_11': 0.7140234641395639, 'lag_12': 0.21165384419246105, 'lag_13': 0.8952497370574368, 'lag_14': 0.235164304861333, 'lag_15': 0.8065020750275318, 'lag_16': 0.5090301577403769, 'lag_17': 0.7276112550651397, 'lag_18': 0.41329017702769427, 'lag_19': 0.30593188313964476, 'lag_20': 0.45511584938893435, 'lag_21': 0.3657295857197024, 'lag_22': 0.7757380451301821, 'lag_23': 0.3993471914314041, 'lag_24': 0.8866444900089023, 'lag_25': 0.22601635792875666, 'lag_26': 0.07861642568490164, 'lag_27': 0.635230622546334, 'lag_28': 0.42082880668965045}. Best is trial 1 with value: 0.0093618590684119.
[I 2025-09-29 11:56:41,816] Trial 25 finished with value: 0.009698895302105149 and parameters: {'lag_0': 0.8483434765462117, 'lag_1': 0.49577346781529613, 'lag_2': 0.6609678880206363, 'lag_3': 0.6641318830704586, 'lag_4': 0.25263955254571313, 'lag_5': 0.6354494506449836, 'lag_6': 0.21820834551884513, 'lag_7': 0.30667346955680064, 'lag_8': 0.7611963858875416, 'lag_9': 0.15632557806409741, 'lag_10': 0.5877446813118798, 'lag_11': 0.22788894825954786, 'lag_12': 0.007656967930353101, 'lag_13': 0.6004118843436355, 'lag_14': 0.5786101924392454, 'lag_15': 0.42235573340556276, 'lag_16': 0.6363707616211269, 'lag_17': 0.91255480654349, 'lag_18': 0.9313185472489629, 'lag_19': 0.030350849736460878, 'lag_20': 0.5706312491783658, 'lag_21': 0.08375027235840603, 'lag_22': 0.5092246187719512, 'lag_23': 0.515031013124527, 'lag_24': 0.7547336250683679, 'lag_25': 0.0969259541852347, 'lag_26': 0.30657405705233165, 'lag_27': 0.3844351299647325, 'lag_28': 0.6590278420995602}. Best is trial 1 with value: 0.0093618590684119.
[I 2025-09-29 11:56:44,120] Trial 26 finished with value: 0.009606029277735021 and parameters: {'lag_0': 0.6460117062629925, 'lag_1': 0.23373960541698996, 'lag_2': 0.42637986263820965, 'lag_3': 0.8144533457570119, 'lag_4': 0.3842426096013038, 'lag_5': 0.7682669230239361, 'lag_6': 0.07517833973722998, 'lag_7': 0.309100149926136, 'lag_8': 0.4054119070966862, 'lag_9': 0.5577564049941164, 'lag_10': 0.27178847481669066, 'lag_11': 0.4235368442657465, 'lag_12': 0.45206653197964375, 'lag_13': 0.42967515685035945, 'lag_14': 0.7230696847560797, 'lag_15': 0.5871124599581471, 'lag_16': 0.4084957394028239, 'lag_17': 0.8105876607831908, 'lag_18': 0.7047478557852673, 'lag_19': 0.4298560339218936, 'lag_20': 0.7019938117468749, 'lag_21': 0.18748890999132645, 'lag_22': 0.34874813891244183, 'lag_23': 0.25403237024533276, 'lag_24': 0.5810664653076496, 'lag_25': 0.4731535600926958, 'lag_26': 0.17363879312765446, 'lag_27': 0.6847109840075704, 'lag_28': 0.5193197714205773}. Best is trial 1 with value: 0.0093618590684119.
[I 2025-09-29 11:56:46,435] Trial 27 finished with value: 0.0096172099009515 and parameters: {'lag_0': 0.5416281810820123, 'lag_1': 0.3315257479608694, 'lag_2': 0.528414178923476, 'lag_3': 0.5642931226813553, 'lag_4': 0.15499153419665798, 'lag_5': 0.9293875852175659, 'lag_6': 0.17594420899354093, 'lag_7': 0.07970154589473044, 'lag_8': 0.9044917817460287, 'lag_9': 0.664644589155134, 'lag_10': 0.4913402681206916, 'lag_11': 0.8572754790709337, 'lag_12': 0.3140580289510377, 'lag_13': 0.7194821557314528, 'lag_14': 0.43655581259449483, 'lag_15': 0.21907413152290095, 'lag_16': 0.8433614723628543, 'lag_17': 0.9453263882371923, 'lag_18': 0.29746079657288904, 'lag_19': 0.13606169440642762, 'lag_20': 0.4450907215945733, 'lag_21': 0.5077029886497678, 'lag_22': 0.1345795442127617, 'lag_23': 0.15677153634367275, 'lag_24': 0.4324783257664532, 'lag_25': 0.6827905329620134, 'lag_26': 0.2644384251704169, 'lag_27': 0.8330283031306626, 'lag_28': 0.9880647797375968}. Best is trial 1 with value: 0.0093618590684119.
[I 2025-09-29 11:56:48,746] Trial 28 finished with value: 0.00971966048799956 and parameters: {'lag_0': 0.3420545326626617, 'lag_1': 0.6842550787952578, 'lag_2': 0.34168446830179, 'lag_3': 0.9920226010044091, 'lag_4': 0.44853466598396957, 'lag_5': 0.37646428692625217, 'lag_6': 0.3234903460148105, 'lag_7': 0.2315960866851125, 'lag_8': 0.6740082318770335, 'lag_9': 0.4434735669705748, 'lag_10': 0.8930971045795708, 'lag_11': 0.507366606517997, 'lag_12': 0.09602830932931206, 'lag_13': 0.834171574752228, 'lag_14': 0.6825812462008396, 'lag_15': 0.30696258881269445, 'lag_16': 0.568372957869786, 'lag_17': 0.7018171760418616, 'lag_18': 0.5865232787909751, 'lag_19': 0.2624546305209915, 'lag_20': 0.8477152525446642, 'lag_21': 0.6221636990735597, 'lag_22': 0.6930946310712165, 'lag_23': 0.6891145227595808, 'lag_24': 0.09346493194532612, 'lag_25': 0.4625603468928747, 'lag_26': 0.08330534705489073, 'lag_27': 0.26138340403619376, 'lag_28': 0.347140363351009}. Best is trial 1 with value: 0.0093618590684119.
[I 2025-09-29 11:56:51,053] Trial 29 finished with value: 0.009974317595373289 and parameters: {'lag_0': 0.7400652731659552, 'lag_1': 0.48314705302845334, 'lag_2': 0.2097706950340577, 'lag_3': 0.8913796111241018, 'lag_4': 0.06150776725588414, 'lag_5': 0.5631812358577105, 'lag_6': 0.5523089564930528, 'lag_7': 0.4389125707116156, 'lag_8': 0.30300554964551585, 'lag_9': 0.19914520987243875, 'lag_10': 0.18882512375449162, 'lag_11': 0.24252330188157642, 'lag_12': 0.34902185808991987, 'lag_13': 0.20241757571067343, 'lag_14': 0.9017215994559736, 'lag_15': 0.3445850143850221, 'lag_16': 0.2716005799514061, 'lag_17': 0.5951474374124881, 'lag_18': 0.8362980356120953, 'lag_19': 0.3508141896301272, 'lag_20': 0.3348411095729042, 'lag_21': 0.2625827226200219, 'lag_22': 0.4811484787683537, 'lag_23': 0.8768460539660179, 'lag_24': 0.2899521767357537, 'lag_25': 0.2608275099386597, 'lag_26': 0.366476829954356, 'lag_27': 0.9727962010510518, 'lag_28': 0.818312648130363}. Best is trial 1 with value: 0.0093618590684119.
[I 2025-09-29 11:56:53,388] Trial 30 finished with value: 0.00966869236766644 and parameters: {'lag_0': 0.2230561240485449, 'lag_1': 0.1457461822641607, 'lag_2': 0.7273690969174098, 'lag_3': 0.22207781723902958, 'lag_4': 0.5600577739591166, 'lag_5': 0.6040842270695302, 'lag_6': 0.6368261404077457, 'lag_7': 0.5602187055760173, 'lag_8': 0.981742841503837, 'lag_9': 0.30009765819799816, 'lag_10': 0.2813143841473104, 'lag_11': 0.012178757816301233, 'lag_12': 0.9838754328906382, 'lag_13': 0.9266066677176388, 'lag_14': 0.550420871212963, 'lag_15': 0.10091458849514609, 'lag_16': 0.36068683872893115, 'lag_17': 0.5337691727918068, 'lag_18': 0.9011192029332348, 'lag_19': 0.0123770964064151, 'lag_20': 0.5858171392178142, 'lag_21': 0.02446190841856044, 'lag_22': 0.3735137422705747, 'lag_23': 0.7217825083880611, 'lag_24': 0.9167262424985094, 'lag_25': 0.002482336970721588, 'lag_26': 0.19761074788118232, 'lag_27': 0.5252822655668238, 'lag_28': 0.6570135288661809}. Best is trial 1 with value: 0.0093618590684119.
[I 2025-09-29 11:56:55,697] Trial 31 finished with value: 0.009880167029940212 and parameters: {'lag_0': 0.9841994805908049, 'lag_1': 0.25501534677742843, 'lag_2': 0.4624109632547067, 'lag_3': 0.6473350405683371, 'lag_4': 0.6737738515915546, 'lag_5': 0.28452563779160434, 'lag_6': 0.09707870217183612, 'lag_7': 0.9867636302890797, 'lag_8': 0.7444161235873641, 'lag_9': 0.38683716554506264, 'lag_10': 0.3183199222005634, 'lag_11': 0.6833103097489831, 'lag_12': 0.37308003105170856, 'lag_13': 0.9660659907590782, 'lag_14': 0.6856486025360657, 'lag_15': 0.044162291142813115, 'lag_16': 0.3015542261817019, 'lag_17': 0.8895077248741144, 'lag_18': 0.9974982625421009, 'lag_19': 0.08113876269887224, 'lag_20': 0.6317860916660146, 'lag_21': 0.8050016700461685, 'lag_22': 0.7415612795287492, 'lag_23': 0.3315633418799039, 'lag_24': 0.0062056021149462645, 'lag_25': 0.28670343877944676, 'lag_26': 0.061026392943473604, 'lag_27': 0.5387224039636483, 'lag_28': 0.006904666248558927}. Best is trial 1 with value: 0.0093618590684119.
[I 2025-09-29 11:56:58,008] Trial 32 finished with value: 0.009911864855831494 and parameters: {'lag_0': 0.9190139069570371, 'lag_1': 0.4068097187180849, 'lag_2': 0.34116908256799117, 'lag_3': 0.7302513463483167, 'lag_4': 0.7736780158464395, 'lag_5': 0.24356477863762122, 'lag_6': 0.0723685483695706, 'lag_7': 0.8630569030036065, 'lag_8': 0.6902002256961615, 'lag_9': 0.5327734706465731, 'lag_10': 0.36210518484103715, 'lag_11': 0.622300476982106, 'lag_12': 0.40755712767167135, 'lag_13': 0.9624381751248252, 'lag_14': 0.7848605157146735, 'lag_15': 0.06368191127587033, 'lag_16': 0.4956020986014998, 'lag_17': 0.9156686601732232, 'lag_18': 0.7868624355578722, 'lag_19': 0.21306013106215652, 'lag_20': 0.6939219900998232, 'lag_21': 0.8163516158209416, 'lag_22': 0.623521475545459, 'lag_23': 0.3217473231694675, 'lag_24': 0.13246259492880796, 'lag_25': 0.34293629865150554, 'lag_26': 0.002759229853404488, 'lag_27': 0.4090757268836628, 'lag_28': 0.07935210212114627}. Best is trial 1 with value: 0.0093618590684119.
[I 2025-09-29 11:57:00,313] Trial 33 finished with value: 0.009567046602460615 and parameters: {'lag_0': 0.8107853670353871, 'lag_1': 0.280821709844606, 'lag_2': 0.4530050402271489, 'lag_3': 0.4872714648256209, 'lag_4': 0.8608910733730817, 'lag_5': 0.1470556697316071, 'lag_6': 0.267496169392064, 'lag_7': 0.9040025757739678, 'lag_8': 0.8822466031682837, 'lag_9': 0.33083376657342833, 'lag_10': 0.12337590778471555, 'lag_11': 0.6488610228267099, 'lag_12': 0.4975021478453219, 'lag_13': 0.851378237340872, 'lag_14': 0.876931061646735, 'lag_15': 0.1839774967767624, 'lag_16': 0.11638553172669869, 'lag_17': 0.9987286049229452, 'lag_18': 0.9480615939169407, 'lag_19': 0.012675109146823918, 'lag_20': 0.52009568272621, 'lag_21': 0.7438421378429614, 'lag_22': 0.9154853280462761, 'lag_23': 0.3850071758470717, 'lag_24': 0.08900878755896453, 'lag_25': 0.16141272122807127, 'lag_26': 0.11012904613369799, 'lag_27': 0.6799734428355482, 'lag_28': 0.46365263348456537}. Best is trial 1 with value: 0.0093618590684119.
[I 2025-09-29 11:57:02,618] Trial 34 finished with value: 0.00974989683090224 and parameters: {'lag_0': 0.44639137696299425, 'lag_1': 0.0747581577930438, 'lag_2': 0.5215909141403597, 'lag_3': 0.6134001753080636, 'lag_4': 0.6406492491060949, 'lag_5': 0.34593041232648064, 'lag_6': 0.1332467079383027, 'lag_7': 0.8135997981726535, 'lag_8': 0.5148384614330039, 'lag_9': 0.21215718499141253, 'lag_10': 0.4901660338468555, 'lag_11': 0.7876518172207607, 'lag_12': 0.7219857351569108, 'lag_13': 0.7730128126092256, 'lag_14': 0.4191375247371429, 'lag_15': 0.4272297723208744, 'lag_16': 0.3371731781542326, 'lag_17': 0.8563772574551176, 'lag_18': 0.8764781713448365, 'lag_19': 0.1324098082321161, 'lag_20': 0.3789836230192952, 'lag_21': 0.6400474658407946, 'lag_22': 0.5627766547478851, 'lag_23': 0.607334630341916, 'lag_24': 0.21137555997715216, 'lag_25': 0.5144852705391313, 'lag_26': 0.16604451477282256, 'lag_27': 0.3405652848292319, 'lag_28': 0.1900118535882473}. Best is trial 1 with value: 0.0093618590684119.
[I 2025-09-29 11:57:04,932] Trial 35 finished with value: 0.009516808072913233 and parameters: {'lag_0': 0.9719947903864226, 'lag_1': 0.3289848495251732, 'lag_2': 0.03018314580498127, 'lag_3': 0.781334662428663, 'lag_4': 0.5143094414117484, 'lag_5': 0.5288857295457803, 'lag_6': 0.3932608597760845, 'lag_7': 0.677917484484046, 'lag_8': 0.7628738510870712, 'lag_9': 0.4191065249475435, 'lag_10': 0.6309050634042574, 'lag_11': 0.9164197795448732, 'lag_12': 0.22826171699143072, 'lag_13': 0.9949858391128095, 'lag_14': 0.6483197037743822, 'lag_15': 0.02119723693002618, 'lag_16': 0.2290019057839197, 'lag_17': 0.9348036081896572, 'lag_18': 0.7429300291152958, 'lag_19': 0.046535368544531594, 'lag_20': 0.7337338866782328, 'lag_21': 0.565499140301169, 'lag_22': 0.7994651495162669, 'lag_23': 0.08208557107698938, 'lag_24': 0.07779214304752605, 'lag_25': 0.3116975121779242, 'lag_26': 0.47108150946655875, 'lag_27': 0.5942529398034676, 'lag_28': 0.10087129290948538}. Best is trial 1 with value: 0.0093618590684119.
[I 2025-09-29 11:57:07,249] Trial 36 finished with value: 0.009435631034208981 and parameters: {'lag_0': 0.059245172143949865, 'lag_1': 0.38252389886022453, 'lag_2': 0.38243761088818534, 'lag_3': 0.903731980960074, 'lag_4': 0.28268533186284184, 'lag_5': 0.14677881148475103, 'lag_6': 0.07024486325275944, 'lag_7': 0.9982412785024416, 'lag_8': 0.6224145573410975, 'lag_9': 0.49982650168931825, 'lag_10': 0.9859832702388702, 'lag_11': 0.5376000240294166, 'lag_12': 0.058721433651804836, 'lag_13': 0.8984753609045775, 'lag_14': 0.386273972662006, 'lag_15': 0.18279861922986687, 'lag_16': 0.4760047246910429, 'lag_17': 0.32097215933570467, 'lag_18': 0.47359686752345365, 'lag_19': 0.29772895821469203, 'lag_20': 0.6435996396330675, 'lag_21': 0.9816458805747799, 'lag_22': 0.4169864735296473, 'lag_23': 0.4665713780628485, 'lag_24': 0.1452235040031503, 'lag_25': 0.3945962293202129, 'lag_26': 0.05854668006823428, 'lag_27': 0.49411236494765287, 'lag_28': 0.22738935441117575}. Best is trial 1 with value: 0.0093618590684119.
[I 2025-09-29 11:57:09,552] Trial 37 finished with value: 0.009745674452598286 and parameters: {'lag_0': 0.025641133488351252, 'lag_1': 0.37125535339821425, 'lag_2': 0.37647326143450355, 'lag_3': 0.9183437691150443, 'lag_4': 0.2741989389713476, 'lag_5': 0.46092615173721846, 'lag_6': 0.2669474601925904, 'lag_7': 0.9821846171018895, 'lag_8': 0.4678386234169924, 'lag_9': 0.08473003373757693, 'lag_10': 0.9885890693031693, 'lag_11': 0.31608074339357883, 'lag_12': 0.03974370464166282, 'lag_13': 0.7393038313876305, 'lag_14': 0.3756237148140406, 'lag_15': 0.29720695461250174, 'lag_16': 0.4638244496916071, 'lag_17': 0.35960591525052393, 'lag_18': 0.4685751551609627, 'lag_19': 0.3135676055099834, 'lag_20': 0.550357692909082, 'lag_21': 0.9233640175094842, 'lag_22': 0.30687424253580947, 'lag_23': 0.4851550648070727, 'lag_24': 0.34494429853134956, 'lag_25': 0.4032399440460921, 'lag_26': 0.26558433574286966, 'lag_27': 0.4836388908641574, 'lag_28': 0.2360897257649493}. Best is trial 1 with value: 0.0093618590684119.
[I 2025-09-29 11:57:11,852] Trial 38 finished with value: 0.009420719505483803 and parameters: {'lag_0': 0.06973898450383337, 'lag_1': 0.5257522512139255, 'lag_2': 0.28058370360565776, 'lag_3': 0.8407409049966985, 'lag_4': 0.3693619899552389, 'lag_5': 0.8075088618536892, 'lag_6': 0.45185101486355816, 'lag_7': 0.06679861146432897, 'lag_8': 0.6228377649651622, 'lag_9': 0.5083424748082874, 'lag_10': 0.9982137920503675, 'lag_11': 0.5469293878252786, 'lag_12': 0.13990826015280106, 'lag_13': 0.4541129706686521, 'lag_14': 0.25030698007879165, 'lag_15': 0.17745349570484237, 'lag_16': 0.6556355372345722, 'lag_17': 0.2815141818316484, 'lag_18': 0.35631606921304076, 'lag_19': 0.3825153115649769, 'lag_20': 0.8730801969251074, 'lag_21': 0.3285408962068639, 'lag_22': 0.4320231285460803, 'lag_23': 0.5623699157419996, 'lag_24': 0.9949350855466662, 'lag_25': 0.08832553597075604, 'lag_26': 0.7353092892297464, 'lag_27': 0.28204726271606934, 'lag_28': 0.2991439205048714}. Best is trial 1 with value: 0.0093618590684119.
[I 2025-09-29 11:57:14,302] Trial 39 finished with value: 0.00970129305908724 and parameters: {'lag_0': 0.06841894833981055, 'lag_1': 0.5297466461219771, 'lag_2': 0.28321534055744124, 'lag_3': 0.856358385085376, 'lag_4': 0.3622485125420763, 'lag_5': 0.7261560744143701, 'lag_6': 0.8269320473978898, 'lag_7': 0.3844500619196837, 'lag_8': 0.5267726100756271, 'lag_9': 0.7180688047067699, 'lag_10': 0.8735419658622476, 'lag_11': 0.37915115141811007, 'lag_12': 0.06471084033084368, 'lag_13': 0.4789791120824347, 'lag_14': 0.24987129325002927, 'lag_15': 0.18683528231329763, 'lag_16': 0.7051387918319056, 'lag_17': 0.23973668964203496, 'lag_18': 0.35962261279426955, 'lag_19': 0.4108094092209331, 'lag_20': 0.9899358529813891, 'lag_21': 0.34218084300466667, 'lag_22': 0.421302148712393, 'lag_23': 0.18176000507860196, 'lag_24': 0.15461001443867056, 'lag_25': 0.10381164044835789, 'lag_26': 0.7636633324039143, 'lag_27': 0.23105100028479783, 'lag_28': 0.3010665026040698}. Best is trial 1 with value: 0.0093618590684119.
[I 2025-09-29 11:57:16,609] Trial 40 finished with value: 0.009574282174018085 and parameters: {'lag_0': 0.16203832746616736, 'lag_1': 0.6364747827844732, 'lag_2': 0.12000778800796513, 'lag_3': 0.8105364021997745, 'lag_4': 0.1850804682446684, 'lag_5': 0.7925683422561907, 'lag_6': 0.6426447452064805, 'lag_7': 0.06660550363809109, 'lag_8': 0.6240808131889602, 'lag_9': 0.601219839323112, 'lag_10': 0.9985102283981644, 'lag_11': 0.1345451642572063, 'lag_12': 0.11726585574776505, 'lag_13': 0.37968104371281575, 'lag_14': 0.21718851903656433, 'lag_15': 0.1418177032033202, 'lag_16': 0.6609000291158295, 'lag_17': 0.37000219984591004, 'lag_18': 0.4876722461188966, 'lag_19': 0.5184090286778101, 'lag_20': 0.8440142430633707, 'lag_21': 0.2952416193958054, 'lag_22': 0.4398470210129942, 'lag_23': 0.9976978112191953, 'lag_24': 0.9959704070993469, 'lag_25': 0.06295289063608112, 'lag_26': 0.6506167055731364, 'lag_27': 0.12537646044021755, 'lag_28': 0.23383521069787203}. Best is trial 1 with value: 0.0093618590684119.
[I 2025-09-29 11:57:18,929] Trial 41 finished with value: 0.00960019002505879 and parameters: {'lag_0': 0.07029239044396296, 'lag_1': 0.4305759666437611, 'lag_2': 0.28981916065272945, 'lag_3': 0.9322229344073869, 'lag_4': 0.3407474995512227, 'lag_5': 0.9775227408558418, 'lag_6': 0.18682078061709864, 'lag_7': 0.14279103080967848, 'lag_8': 0.6370337682193234, 'lag_9': 0.5127385038084281, 'lag_10': 0.9494188212854391, 'lag_11': 0.5727606351116085, 'lag_12': 0.15511189400936887, 'lag_13': 0.006352326675397646, 'lag_14': 0.28037257352643397, 'lag_15': 0.22626957473620468, 'lag_16': 0.5927865150292594, 'lag_17': 0.26514697687162325, 'lag_18': 0.3348975507727031, 'lag_19': 0.25976182365404554, 'lag_20': 0.9022569257609306, 'lag_21': 0.2189341339821909, 'lag_22': 0.521290081580466, 'lag_23': 0.550475966909201, 'lag_24': 0.9362407178127529, 'lag_25': 0.1693456389638192, 'lag_26': 0.9622090886790482, 'lag_27': 0.3564068508008601, 'lag_28': 0.38503296727899794}. Best is trial 1 with value: 0.0093618590684119.
[I 2025-09-29 11:57:21,237] Trial 42 finished with value: 0.009596007342917408 and parameters: {'lag_0': 0.12023682780565897, 'lag_1': 0.5195641747676245, 'lag_2': 0.3816643466928848, 'lag_3': 0.8795753551649679, 'lag_4': 0.4071774792952573, 'lag_5': 0.8378011629703812, 'lag_6': 0.47866184062727585, 'lag_7': 0.07657789089460093, 'lag_8': 0.4499745088282294, 'lag_9': 0.4993669232605177, 'lag_10': 0.843798618631849, 'lag_11': 0.5302045598672578, 'lag_12': 0.053231010733434864, 'lag_13': 0.28969774004286214, 'lag_14': 0.17378386947696295, 'lag_15': 0.08616776811122628, 'lag_16': 0.8286584663334575, 'lag_17': 0.42342221357027154, 'lag_18': 0.22188316700875477, 'lag_19': 0.3346379691906686, 'lag_20': 0.31274967012273686, 'lag_21': 0.1492772611001402, 'lag_22': 0.3153957218173086, 'lag_23': 0.6385070234998906, 'lag_24': 0.820994616814203, 'lag_25': 0.23039387913086634, 'lag_26': 0.880062530433767, 'lag_27': 0.2891647936567147, 'lag_28': 0.44533844474625484}. Best is trial 1 with value: 0.0093618590684119.
[I 2025-09-29 11:57:23,553] Trial 43 finished with value: 0.00969613403526134 and parameters: {'lag_0': 0.19348324559073632, 'lag_1': 0.7774084684282098, 'lag_2': 0.32833290650610536, 'lag_3': 0.8277053106093761, 'lag_4': 0.29473108663419245, 'lag_5': 0.9237193648281123, 'lag_6': 0.05102697525893498, 'lag_7': 0.1784639278236992, 'lag_8': 0.5302810472115239, 'lag_9': 0.5911348222513939, 'lag_10': 0.7759819317539338, 'lag_11': 0.43944034185972347, 'lag_12': 0.8553982818182151, 'lag_13': 0.9116177698358282, 'lag_14': 0.3844372999209789, 'lag_15': 0.30026934695173224, 'lag_16': 0.5237051901883193, 'lag_17': 0.2870887227543325, 'lag_18': 0.22828086688288018, 'lag_19': 0.995095656159233, 'lag_20': 0.819713678004669, 'lag_21': 0.37021885507043745, 'lag_22': 0.22495442897982076, 'lag_23': 0.8488456643961368, 'lag_24': 0.8231294806682783, 'lag_25': 0.9682787061368403, 'lag_26': 0.5534903994842981, 'lag_27': 0.7473062000748084, 'lag_28': 0.3173944166388619}. Best is trial 1 with value: 0.0093618590684119.
[I 2025-09-29 11:57:25,875] Trial 44 finished with value: 0.00971355267874443 and parameters: {'lag_0': 0.0439551817415834, 'lag_1': 0.4644177930302942, 'lag_2': 0.23143581625943804, 'lag_3': 0.9421954358198551, 'lag_4': 0.2103915251723212, 'lag_5': 0.10494878249278342, 'lag_6': 0.007853097343354196, 'lag_7': 0.025895049591051267, 'lag_8': 0.5839893256224594, 'lag_9': 0.2577919315554159, 'lag_10': 0.6909927240927746, 'lag_11': 0.4100185653196224, 'lag_12': 0.279517882416819, 'lag_13': 0.4808450935127865, 'lag_14': 0.16258358308447105, 'lag_15': 0.36408364311985175, 'lag_16': 0.008919030838089204, 'lag_17': 0.16846477415662608, 'lag_18': 0.534942356741029, 'lag_19': 0.4416559985838492, 'lag_20': 0.4441378543960044, 'lag_21': 0.004102486157952612, 'lag_22': 0.4100851022349072, 'lag_23': 0.7284724587627034, 'lag_24': 0.7071916811147984, 'lag_25': 0.5472920460655295, 'lag_26': 0.7236198388423735, 'lag_27': 0.42928148096668495, 'lag_28': 0.5093068983014276}. Best is trial 1 with value: 0.0093618590684119.
