[I 2025-10-03 11:33:27,418] Trial 51 finished with values: [0.1379591836734694, 0.001460937741348207, 0.0011027871125407467, 0.0003545895546411495, 0.0013519662740142956, 0.00029855843051190405, 2.047824673952536e-05, 0.00019495247419469883, 0.003778629774958791, 0.0001581232981086664, 0.000256665659029882, 9.974407567692164e-05, 0.008819411321258522, 0.010654075154413533, 0.0, 0.004754289287366581, 0.007057770984167833, 0.0012198371369697791, 0.00016084494540116989, 0.0016782955295752433, 0.0007579407112955653, 0.00022871086242928795, 0.000617430340844922, 0.001897736097832238, 0.0016243403354861987, 8.232550089737345e-05, 0.0004590029492552535, 0.0034190793547245863, 0.004683119012587458] and parameters: {'lag_0': 0.7287346217121053, 'lag_1': 0.48724422466742995, 'lag_2': 0.020758919257695563, 'lag_3': 0.4923694541235956, 'lag_4': 0.007229137278992317, 'lag_5': 0.9770417534623957, 'lag_6': 0.42389938606499766, 'lag_7': 0.2973265987775166, 'lag_8': 0.3606637570051178, 'lag_9': 0.6054798014893304, 'lag_10': 0.9668188244489747, 'lag_11': 0.12532458021693033, 'lag_12': 0.6759070934772905, 'lag_13': 0.21431165148281728, 'lag_14': 0.9511279627413406, 'lag_15': 0.10764383649549986, 'lag_16': 0.08745533706907664, 'lag_17': 0.05241947232379526, 'lag_18': 0.27973408401139277, 'lag_19': 0.20431110498566563, 'lag_20': 0.48768496026831953, 'lag_21': 0.8523909058894188, 'lag_22': 0.28835438218053877, 'lag_23': 0.43703264437325823, 'lag_24': 0.9879465889377391, 'lag_25': 0.3314522799630598, 'lag_26': 0.7076558911025801, 'lag_27': 0.0684376092158839, 'lag_28': 0.1577678093682653}.
[I 2025-10-03 11:33:30,065] Trial 52 finished with values: [0.10268140589569164, 0.004274792557322394, 0.002130793752605299, 0.0003768121825143503, 0.0012599433402178365, 0.0004335403751383137, 8.727552202354526e-05, 0.00016327343937253723, 0.002744148074180274, 0.0003389017201588808, 9.03923558705269e-05, 0.00018431478457970083, 0.00909742379904048, 0.010874882912834973, 0.0, 0.005579508478147669, 0.007439399131142897, 0.0013563431867151796, 0.00019313892735951633, 0.001953378429243395, 0.0003598367004573431, 0.0002736985735306001, 0.0009534634574658819, 0.001092710054505386, 0.00242225145846837, 0.0001199032133903139, 0.0002216702905800842, 0.0021463607528680825, 0.006141710616805364] and parameters: {'lag_0': 0.62269582885434, 'lag_1': 0.5893918705787116, 'lag_2': 0.9675817433357745, 'lag_3': 0.5608452057787066, 'lag_4': 0.023338580125653954, 'lag_5': 0.8654549008685245, 'lag_6': 0.1777227909566584, 'lag_7': 0.5612777088373381, 'lag_8': 0.04308700152212484, 'lag_9': 0.48864010113738604, 'lag_10': 0.1337946391404725, 'lag_11': 0.09989126859792564, 'lag_12': 0.8723816662307309, 'lag_13': 0.7305883381444175, 'lag_14': 0.2294617274249213, 'lag_15': 0.17734386889651996, 'lag_16': 0.5853211941982049, 'lag_17': 0.9035507047587684, 'lag_18': 0.21886048200064037, 'lag_19': 0.02479659695971547, 'lag_20': 0.704924326467723, 'lag_21': 0.3939491669248087, 'lag_22': 0.6619000032645619, 'lag_23': 0.4259149879875479, 'lag_24': 0.08090743610715223, 'lag_25': 0.8096574260160383, 'lag_26': 0.8233122363851823, 'lag_27': 0.511508588945709, 'lag_28': 0.7924148381524572}.
[I 2025-10-03 11:33:32,722] Trial 53 finished with values: [0.06391244646006553, 0.0026868594906631796, 0.0010225835966157473, 0.00023703548383562648, 0.001710025340118421, 0.00038433856797273467, 8.730887490733939e-05, 0.0004075039824834815, 0.0019560973432565017, 0.00011660359289876563, 0.000403221110521149, 0.00013100687004322093, 0.0073566408031840325, 0.010602845098689598, 0.0, 0.005073527848213771, 0.0066734824022022425, 0.0007795575926995479, 0.00013648238831363163, 0.0017342703631540903, 0.0006637027974393749, 0.0002637939127394769, 0.0007043691382599825, 0.0025848669353036743, 0.001192717342888319, 6.100998990434102e-05, 0.000306529396472696, 0.0028698095788441272, 0.01005873253701238] and parameters: {'lag_0': 0.9734175177066879, 'lag_1': 0.09433700983062428, 'lag_2': 0.4153051598903529, 'lag_3': 0.5975433458834286, 'lag_4': 0.6585418699965023, 'lag_5': 0.4334812006095161, 'lag_6': 0.8252164947314891, 'lag_7': 0.1264269395755008, 'lag_8': 0.24870681786736973, 'lag_9': 0.4106792397295897, 'lag_10': 0.17236454243740254, 'lag_11': 0.7056721884234297, 'lag_12': 0.737970570492513, 'lag_13': 0.9873284132199206, 'lag_14': 0.4320293457773833, 'lag_15': 0.5614374621423405, 'lag_16': 0.19412017724321992, 'lag_17': 0.847251157038858, 'lag_18': 0.24836354155229495, 'lag_19': 0.6635131330699878, 'lag_20': 0.05837094619151019, 'lag_21': 0.8642004073378083, 'lag_22': 0.4988578430248692, 'lag_23': 0.8134084072223404, 'lag_24': 0.9752959241388448, 'lag_25': 0.3709839215983013, 'lag_26': 0.4814268324229608, 'lag_27': 0.4265504684575774, 'lag_28': 0.18900081799091945}.
[I 2025-10-03 11:33:35,362] Trial 54 finished with values: [0.11875283446712019, 0.0013107103149902549, 0.0009553424525703347, 0.0017797412736548757, 0.0033750160316704746, 0.0002450802746857926, 0.0005176201412115267, 0.00031381611964387333, 0.003273007685449149, 0.00021594359207830895, 0.00020706526023966102, 0.00011396884770827383, 0.008248649690255959, 0.012999159958469975, 0.0, 0.005081708158938983, 0.0062098039887913715, 0.0009336994371346227, 0.00015639240006643852, 0.0014769993545340455, 0.001472460232256932, 0.00025766983100992144, 0.0005536806061677701, 0.0018001688487683473, 0.0020898449486334136, 0.00016378149430664227, 0.00047963529136570236, 0.001591818006663754, 0.006882298322410331] and parameters: {'lag_0': 0.7671567702593849, 'lag_1': 0.29451163014818876, 'lag_2': 0.031339007396395904, 'lag_3': 0.1300963799960281, 'lag_4': 0.8457022051914808, 'lag_5': 0.8994923520032272, 'lag_6': 0.9473418282099998, 'lag_7': 0.6196013109318079, 'lag_8': 0.3884940229360972, 'lag_9': 0.31095372782061154, 'lag_10': 0.604244929080573, 'lag_11': 0.23692031618749404, 'lag_12': 0.7828664537052183, 'lag_13': 0.8417445037725736, 'lag_14': 0.14536326567621352, 'lag_15': 0.3728864921736486, 'lag_16': 0.5044635345761644, 'lag_17': 0.01312272766631105, 'lag_18': 0.8641895268767599, 'lag_19': 0.42944242705352204, 'lag_20': 0.7845566459675182, 'lag_21': 0.8778828853313047, 'lag_22': 0.39660745761871025, 'lag_23': 0.7172215809341359, 'lag_24': 0.88114530893868, 'lag_25': 0.996328165732444, 'lag_26': 0.5156731380891191, 'lag_27': 0.5405359355350375, 'lag_28': 0.7549578222455565}.
[I 2025-10-03 11:33:38,125] Trial 55 finished with values: [0.09880399542737206, 0.0013002028988075133, 0.002161486824135434, 0.0005373866273838138, 0.0018533539714060039, 0.0004644027373164511, 0.00029214913137011895, 0.0001664242545613424, 0.003521597879136826, 0.00023546261136379447, 3.06019835336234e-05, 0.00015542847922226874, 0.008534903178885224, 0.009111342175042805, 0.0, 0.004239790249344518, 0.007995983951620017, 0.0008155286753011349, 5.763168787001533e-05, 0.0015078408962098232, 0.00047367378883911884, 0.00021034298639443632, 0.00040800608745141805, 0.0022681312303302267, 0.0018639535820705404, 0.00019886133758993874, 0.00021900200157979347, 0.00278409198810652, 0.009128852301043303] and parameters: {'lag_0': 0.3551074052165583, 'lag_1': 0.050855251798664874, 'lag_2': 0.006675217476450273, 'lag_3': 0.9725869854044642, 'lag_4': 0.5004130289154585, 'lag_5': 0.8977314457265506, 'lag_6': 0.7822959813210987, 'lag_7': 0.11152302863305974, 'lag_8': 0.8290052284377734, 'lag_9': 0.8506662940249355, 'lag_10': 0.09480208087575746, 'lag_11': 0.1235100574322118, 'lag_12': 0.6170423123491221, 'lag_13': 0.19003179509340917, 'lag_14': 0.4462563309327255, 'lag_15': 0.8484161871791358, 'lag_16': 0.8058862737911721, 'lag_17': 0.4221862170690749, 'lag_18': 0.22933879656916886, 'lag_19': 0.283604634067318, 'lag_20': 0.8339642711643718, 'lag_21': 0.014594738521909683, 'lag_22': 0.6831307775436134, 'lag_23': 0.8110605433122705, 'lag_24': 0.4029320256580231, 'lag_25': 0.05681754602560884, 'lag_26': 0.18944963643983206, 'lag_27': 0.3792109067303557, 'lag_28': 0.055899851119471836}.
[I 2025-10-03 11:33:40,783] Trial 56 finished with values: [0.11624489795918366, 0.0035991183023625127, 0.0005871252735710275, 0.0009509181386692971, 0.0033653224826502336, 0.000314229067096333, 0.00026454435858371146, 0.00035356976664034504, 0.002680150008718562, 9.144312075648966e-05, 0.00018478640134323029, 6.957331490968388e-05, 0.008303444793355746, 0.010250014942888117, 0.0, 0.006195156296863109, 0.005986849090787035, 0.0009644909512651117, 7.070940392818589e-05, 0.002364258416422508, 0.0005340394624171684, 0.00023384119178545098, 0.0006203202022658173, 0.0023963343334595195, 0.0019186985942626403, 0.00011304788759492137, 0.0005368335545859892, 0.0026192388045814525, 0.008163538469053532] and parameters: {'lag_0': 0.9734175177066879, 'lag_1': 0.8360397271840966, 'lag_2': 0.593502473346543, 'lag_3': 0.11008856504082158, 'lag_4': 0.6585418699965023, 'lag_5': 0.9710566238738143, 'lag_6': 0.5463998995946244, 'lag_7': 0.7759667110757504, 'lag_8': 0.6162202462300496, 'lag_9': 0.4106792397295897, 'lag_10': 0.2534108533597285, 'lag_11': 0.07083879038694095, 'lag_12': 0.18977197332421714, 'lag_13': 0.9873284132199206, 'lag_14': 0.6844194681649494, 'lag_15': 0.6154920057383687, 'lag_16': 0.19412017724321992, 'lag_17': 0.8286468883921098, 'lag_18': 0.9944982394740669, 'lag_19': 0.6595397977822303, 'lag_20': 0.11338505101311643, 'lag_21': 0.48453981101533367, 'lag_22': 0.4988578430248692, 'lag_23': 0.37125040940565746, 'lag_24': 0.3863178281609312, 'lag_25': 0.7635563577982761, 'lag_26': 0.4001358688341393, 'lag_27': 0.4265504684575774, 'lag_28': 0.9121040829762178}.
[I 2025-10-03 11:33:43,433] Trial 57 finished with values: [0.1379591836734694, 0.002293967444150641, 0.0014935150573273587, 0.00201164679375366, 0.0012732793682274316, 0.0006213536249338666, 0.0001048384040730428, 0.00023486467979279028, 0.0028526773387751183, 3.088353455420371e-05, 0.00014174597746263295, 0.00025973172966254346, 0.009554662276676052, 0.012095860005462079, 0.0, 0.005775584827090599, 0.008065212478814782, 0.000995364439976554, 0.00016842104834581228, 0.0025100143041547956, 0.0005748296644075146, 0.00039887013045175005, 0.00021548709050325581, 0.002579915015572847, 0.0023577051560393645, 0.0005789132062068363, 0.00033739646520098625, 0.002445382176354967, 0.004490943478576355] and parameters: {'lag_0': 0.7287346217121053, 'lag_1': 0.5156212736895478, 'lag_2': 0.6870559244170469, 'lag_3': 0.5648982446353917, 'lag_4': 0.11185173241531528, 'lag_5': 0.802185251068155, 'lag_6': 0.1826330882791717, 'lag_7': 0.47980744780943146, 'lag_8': 0.4492522175012386, 'lag_9': 0.33533939577919175, 'lag_10': 0.9668188244489747, 'lag_11': 0.8073961198737286, 'lag_12': 0.1845165782410344, 'lag_13': 0.27540135695475865, 'lag_14': 0.5288739200753871, 'lag_15': 0.5212458138324944, 'lag_16': 0.8010163888381906, 'lag_17': 0.05241947232379526, 'lag_18': 0.5824905830887628, 'lag_19': 0.3825420175509973, 'lag_20': 0.07034073337712944, 'lag_21': 0.5085431639133083, 'lag_22': 0.5851020044049376, 'lag_23': 0.05070033755196487, 'lag_24': 0.1993539844051309, 'lag_25': 0.6650853201402304, 'lag_26': 0.7076558911025801, 'lag_27': 0.483534924835386, 'lag_28': 0.1577678093682653}.
[I 2025-10-03 11:33:46,081] Trial 58 finished with values: [0.12392038296800204, 0.0031519000377096726, 4.8119943090807676e-05, 0.0011883910919360259, 0.0017247734173270976, 0.00026628642804708353, 0.00025739638923981335, 0.0004191787106964967, 0.003013396741284106, 0.00028676649133488254, 0.00015674311648926597, 0.0003469061774251295, 0.007661301627019021, 0.011634532104719838, 0.0, 0.006491331973584619, 0.006267678770946081, 0.0010444624078936257, 7.311397835144537e-05, 0.0015883419044653347, 0.000679343282645509, 0.0006937649992281925, 0.0006338514192562366, 0.002635473563939333, 0.0017555826816008928, 6.22991550944213e-05, 0.0002991774632874633, 0.0029222295846322195, 0.006292748200259345] and parameters: {'lag_0': 0.3918321777898461, 'lag_1': 0.48724422466742995, 'lag_2': 0.00978029564615681, 'lag_3': 0.4923694541235956, 'lag_4': 0.9827186875516876, 'lag_5': 0.9770417534623957, 'lag_6': 0.5176394696601053, 'lag_7': 0.2973265987775166, 'lag_8': 0.3606637570051178, 'lag_9': 0.6054798014893304, 'lag_10': 0.21434844118412205, 'lag_11': 0.9233888022564455, 'lag_12': 0.5444278136440692, 'lag_13': 0.5573035035157198, 'lag_14': 0.6592192951107047, 'lag_15': 0.028875096041643546, 'lag_16': 0.21472435074291604, 'lag_17': 0.8016192202135811, 'lag_18': 0.2714508093533763, 'lag_19': 0.20431110498566563, 'lag_20': 0.6636579538619143, 'lag_21': 0.9497463522589139, 'lag_22': 0.7228714106054922, 'lag_23': 0.43703264437325823, 'lag_24': 0.2623755843691638, 'lag_25': 0.3314522799630598, 'lag_26': 0.7017982249617408, 'lag_27': 0.0684376092158839, 'lag_28': 0.8263601073084578}.
[I 2025-10-03 11:33:48,737] Trial 59 finished with values: [0.11755776690841628, 0.003721899202082442, 0.0017717601516648008, 0.0004974793614644918, 0.006185686493329341, 0.0004447706830460568, 0.0006572181993784196, 0.0005931287685381548, 0.001653265328923755, 0.0006086595524872546, 0.00027907097418406883, 0.0002773996425532948, 0.00891094108089744, 0.01240875040556027, 0.0, 0.007189468930020608, 0.006698078037213909, 0.0011868113349235905, 0.00023475931619957707, 0.0015304230542359958, 0.0007710369399600528, 0.0003836128723267582, 0.0005912333542428688, 0.002955011921748508, 0.0019964318743247436, 0.00010959147133211559, 0.0006771755332603582, 0.0015060415056581324, 0.00515434474801608] and parameters: {'lag_0': 0.11420293520442197, 'lag_1': 0.4933741261095033, 'lag_2': 0.2519274163437973, 'lag_3': 0.46327151166723934, 'lag_4': 0.46073939845627077, 'lag_5': 0.004034302058802521, 'lag_6': 0.9626597136046772, 'lag_7': 0.14628670273041494, 'lag_8': 0.41396650591127077, 'lag_9': 0.06494277212791635, 'lag_10': 0.29061603591452045, 'lag_11': 0.48991489301378816, 'lag_12': 0.3715228801505924, 'lag_13': 0.464276159726435, 'lag_14': 0.06208625527967453, 'lag_15': 0.48578860002936286, 'lag_16': 0.9233804870349055, 'lag_17': 0.5976926809978677, 'lag_18': 0.9957605061754627, 'lag_19': 0.6367618329093315, 'lag_20': 0.28551763745795794, 'lag_21': 0.14465866024694865, 'lag_22': 0.016744372844470005, 'lag_23': 0.5314730330633388, 'lag_24': 0.9781912168848382, 'lag_25': 0.7055603805933452, 'lag_26': 0.04058317215343004, 'lag_27': 0.9353078010443459, 'lag_28': 0.7540322067242695}.
[I 2025-10-03 11:33:51,379] Trial 60 finished with values: [0.10160997732426305, 0.0013716971365004172, 0.00036204698404691436, 0.0021805450027325432, 0.0012829764281572953, 0.00024973601175605215, 0.0002032935448153268, 0.00032015389612782944, 0.0022325105833505376, 0.0005112181329369925, 0.00021203215122929142, 0.0002199976170315689, 0.008106220904929866, 0.012452155481973667, 0.0, 0.004844681006752461, 0.008398452181914191, 0.0008998488182490119, 0.00014348449206687963, 0.002388330181001091, 0.0005958978436079977, 0.0004825113551301829, 0.0008419385963780061, 0.002347144341623691, 0.00178909946937814, 0.00012760798993912475, 0.0006750051603685271, 0.003095510509838753, 0.006434319700786513] and parameters: {'lag_0': 0.9043840074150368, 'lag_1': 0.5938536069762953, 'lag_2': 0.15369723434060778, 'lag_3': 0.05099350226410227, 'lag_4': 0.8918344979144008, 'lag_5': 0.07052499377111236, 'lag_6': 0.3565778614895388, 'lag_7': 0.9147735107805852, 'lag_8': 0.8955764620116444, 'lag_9': 0.6058723479763726, 'lag_10': 0.9784004542605247, 'lag_11': 0.1847266196133051, 'lag_12': 0.5345914089209073, 'lag_13': 0.9789510508643731, 'lag_14': 0.07564069257049898, 'lag_15': 0.9123542167763061, 'lag_16': 0.18485854423736237, 'lag_17': 0.744062964329991, 'lag_18': 0.10917357121798413, 'lag_19': 0.20986740102086138, 'lag_20': 0.14093096846868816, 'lag_21': 0.8244414263722245, 'lag_22': 0.6146913200262132, 'lag_23': 0.5265376217738764, 'lag_24': 0.7910437913355925, 'lag_25': 0.6446617091689378, 'lag_26': 0.6243136810262004, 'lag_27': 0.8980733626917318, 'lag_28': 0.5912881481280612}.
[I 2025-10-03 11:33:54,027] Trial 61 finished with values: [0.12836734693877552, 0.0014707200475340464, 0.0007044684118108441, 0.00020358580203765132, 0.0027255122639588255, 0.0002961949818023044, 0.0002057867489488057, 0.00024955282491702314, 0.0017141686539282664, 0.0006814051545352001, 3.788041763468592e-05, 0.00013568714208795482, 0.007212704925179295, 0.011416233209735078, 0.0, 0.005776174470326303, 0.008854789709578611, 0.0010818849742091831, 0.0003148891375315324, 0.0017081986234567202, 0.0006070017056285487, 0.0003408170385534968, 0.00027971951849543934, 0.002704790364336647, 0.001767403699294514, 8.167068107473443e-05, 0.0003583000165984527, 0.0030889819507187366, 0.005106819845055615] and parameters: {'lag_0': 0.08311968537366278, 'lag_1': 0.11495821199601908, 'lag_2': 0.23277540721319076, 'lag_3': 0.9850703783817828, 'lag_4': 0.9344077998776611, 'lag_5': 0.49102845815104373, 'lag_6': 0.6361476517303037, 'lag_7': 0.013277226368135542, 'lag_8': 0.5449565346367894, 'lag_9': 0.8301837298399902, 'lag_10': 0.18660452934744515, 'lag_11': 0.7449234804963792, 'lag_12': 0.17012015937756694, 'lag_13': 0.16756797543623783, 'lag_14': 0.15594790904100544, 'lag_15': 0.5746897858737366, 'lag_16': 0.3879119350587662, 'lag_17': 0.6908372821401042, 'lag_18': 0.7533740366939848, 'lag_19': 0.23450819004198453, 'lag_20': 0.15581134100870708, 'lag_21': 0.7745677318454327, 'lag_22': 0.9509342296126263, 'lag_23': 0.42379102521638357, 'lag_24': 0.48071850244805986, 'lag_25': 0.8315432272873586, 'lag_26': 0.5613234908255657, 'lag_27': 0.5496734859117887, 'lag_28': 0.9641911441744875}.
[I 2025-10-03 11:33:56,670] Trial 62 finished with values: [0.11292831947593855, 0.0013412713231908632, 0.002886655256052927, 0.0006693692259454126, 0.0012067689733770346, 0.0001586671123615165, 0.00021666365859388954, 0.0005872130362679548, 0.0026717467684447666, 0.0002897125819455096, 0.00022004767501540082, 0.00031556162131578583, 0.009237771798519053, 0.012085974640610392, 0.0, 0.004949782125097986, 0.010176515520149063, 0.0010046373743848864, 0.00016480304308177408, 0.0019978914413352144, 0.0008215170772055477, 0.0001492737198780446, 0.0007136748224550824, 0.0022402164565618584, 0.002058571895728875, 0.00016794651363494586, 0.00024272266453501885, 0.003346420184837111, 0.0069378278992946515] and parameters: {'lag_0': 0.7671567702593849, 'lag_1': 0.49352095594373013, 'lag_2': 0.44031219694921403, 'lag_3': 0.5378586020492631, 'lag_4': 0.296381369163156, 'lag_5': 0.8994923520032272, 'lag_6': 0.4494761926742283, 'lag_7': 0.9407327128127587, 'lag_8': 0.9715871172090197, 'lag_9': 0.6311878840509785, 'lag_10': 0.8992708086836662, 'lag_11': 0.15700685328002037, 'lag_12': 0.28354339578519655, 'lag_13': 0.26509117905012985, 'lag_14': 0.1556116722191855, 'lag_15': 0.6010692442962475, 'lag_16': 0.28804878496038366, 'lag_17': 0.47623018117220284, 'lag_18': 0.6266882040582282, 'lag_19': 0.9488173523351207, 'lag_20': 0.7180443408480386, 'lag_21': 0.8778828853313047, 'lag_22': 0.39660745761871025, 'lag_23': 0.32338247174923657, 'lag_24': 0.6008366290735437, 'lag_25': 0.313230623044195, 'lag_26': 0.5687895225727869, 'lag_27': 0.8344938922548065, 'lag_28': 0.6927167592015472}.
[I 2025-10-03 11:33:59,331] Trial 63 finished with values: [0.09291490976555913, 0.003316910249994403, 0.000893680417960354, 0.0008184001979808847, 0.0018148735474070032, 0.00041450798235842117, 0.0001808309434265811, 0.00034437772372892937, 0.0025786027940176413, 0.0001510928552088761, 0.00022648367579116398, 0.00013560529110737157, 0.007938365542310685, 0.011508912834377133, 0.0, 0.005983167184213829, 0.0072558150711133345, 0.0008212937583407895, 8.751725652952598e-05, 0.0021752661938196863, 0.0005030390248235546, 0.00030686302652382393, 0.0009233198055752749, 0.0025194383195372887, 0.0020745936650605422, 5.019383171713972e-05, 0.0005074404685430945, 0.002509087261350416, 0.00667334793449364] and parameters: {'lag_0': 0.07811227625944327, 'lag_1': 0.5700487554141193, 'lag_2': 0.32155201434582364, 'lag_3': 0.07792682455927336, 'lag_4': 0.6517488205254733, 'lag_5': 0.9356008429954743, 'lag_6': 0.8231305178342154, 'lag_7': 0.2012583943944876, 'lag_8': 0.674063643812762, 'lag_9': 0.5159491308796266, 'lag_10': 0.8534293520841484, 'lag_11': 0.15946403885039304, 'lag_12': 0.3752748436561249, 'lag_13': 0.6169248434656807, 'lag_14': 0.7125213597430351, 'lag_15': 0.44446235970697145, 'lag_16': 0.8141102197983721, 'lag_17': 0.5026005728012688, 'lag_18': 0.40432342388843207, 'lag_19': 0.2442044378044126, 'lag_20': 0.6798731196561263, 'lag_21': 0.1331350489275516, 'lag_22': 0.6225349286934406, 'lag_23': 0.49994463098942343, 'lag_24': 0.8449121653811525, 'lag_25': 0.9970729988555079, 'lag_26': 0.565165422142686, 'lag_27': 0.49461119830051425, 'lag_28': 0.2082083934308508}.
