[I 2025-10-03 11:35:08,054] Trial 90 finished with values: [0.022103305785123966, 0.0029551861540836107, 0.0034205909268383806, 0.00023142488728884134, 0.0012040003282058902, 0.0024998190388790106, 0.00029428263076493305, 0.005146286787983645, 0.0014026178097893889, 0.00027517502613166216, 6.472214984765365e-05, 0.0006572883273928178, 0.02743190730686638, 0.0039534782544431765, 0.0, 0.0775309402676447, 0.00277180279184087, 0.00037724192221348077, 0.010731669665233283, 0.0070010735995861715, 0.015615676209080508, 0.0008646364215123185, 0.0006485778667253203, 4.899559974311711e-05, 0.015284029910079332, 0.0006523089334509439, 0.0017246835261322444, 0.0005361642569462895, 0.0010081217226176348] and parameters: {'lag_0': 0.5643765187724069, 'lag_1': 0.17772504076297774, 'lag_2': 0.13220081326392835, 'lag_3': 0.8224540850127183, 'lag_4': 0.28568971886889866, 'lag_5': 0.4344608525862617, 'lag_6': 0.9058438728910767, 'lag_7': 0.9437772828256233, 'lag_8': 0.05381526845364563, 'lag_9': 0.7792886984231291, 'lag_10': 0.6511385321404127, 'lag_11': 0.12275241793240232, 'lag_12': 0.8646395866300196, 'lag_13': 0.503275504780664, 'lag_14': 0.8713373728286511, 'lag_15': 0.1574917829537307, 'lag_16': 0.43409657258182316, 'lag_17': 0.8589786272392509, 'lag_18': 0.910932864598274, 'lag_19': 0.8631473377363956, 'lag_20': 0.134498843126856, 'lag_21': 0.3185038853087377, 'lag_22': 0.14057098673452337, 'lag_23': 0.26376468000491565, 'lag_24': 0.6981895118520431, 'lag_25': 0.4496322644395923, 'lag_26': 0.2172208228524217, 'lag_27': 0.8273656604335345, 'lag_28': 0.4065147581227669}.
[I 2025-10-03 11:35:10,730] Trial 91 finished with values: [0.02778512396694215, 0.0048660072664622545, 0.00023535808329396463, 0.0005833992472226114, 0.0014122356615359198, 0.0021160123945263504, 0.00028243074208907917, 0.0041682267927670895, 0.0006903963235903402, 0.0006942628709182099, 0.00021515119506408006, 0.00027981082694728953, 0.026902098587245793, 0.003961896021901461, 0.0, 0.090317436968626, 0.003485792965811075, 0.0005451886571540658, 0.010524372680807094, 0.007008040951429452, 0.015900195332037608, 0.0010669509972765338, 0.000706180213463713, 8.043928252940134e-05, 0.014969447045700074, 0.0003185747523977102, 0.0014797206879233018, 0.0017144638115377704, 0.0010268354003135612] and parameters: {'lag_0': 0.01056743713494955, 'lag_1': 0.12903659049402472, 'lag_2': 0.3867290655033057, 'lag_3': 0.5472691828434098, 'lag_4': 0.6911611846224767, 'lag_5': 0.7764307665757775, 'lag_6': 0.360954976789374, 'lag_7': 0.8538143628400344, 'lag_8': 0.717052713369911, 'lag_9': 0.9170975783999875, 'lag_10': 0.9577858003014023, 'lag_11': 0.6583805981744851, 'lag_12': 0.8727243788102993, 'lag_13': 0.9784376122933559, 'lag_14': 0.5202333386089885, 'lag_15': 0.05310361122770059, 'lag_16': 0.9285311081835091, 'lag_17': 0.5231905988917661, 'lag_18': 0.8578395650097065, 'lag_19': 0.16093808438558982, 'lag_20': 0.9559531805970396, 'lag_21': 0.808956212961456, 'lag_22': 0.49629940903498826, 'lag_23': 0.6921732360863476, 'lag_24': 0.37756006953859644, 'lag_25': 0.6276943087890791, 'lag_26': 0.6079997392486023, 'lag_27': 0.3659799150138939, 'lag_28': 0.5880122004523299}.
[I 2025-10-03 11:35:13,403] Trial 92 finished with values: [0.005270075523322277, 0.002980768640861973, 0.0023447752238457244, 0.0009148165882068777, 0.0003442971738206041, 0.0035585546315502945, 0.0010329480067683534, 0.0033972798222671246, 0.0006304897996533936, 0.00041663087396946004, 0.00017521371154678164, 0.00034810510753969533, 0.025703984609489527, 0.0036237259268724837, 0.0, 0.08304676637287133, 0.0027108043822091023, 0.0005974846319649257, 0.009414376323061246, 0.006757578165227177, 0.016499568871249343, 0.0011718458478268937, 0.00048724966071429164, 2.832621410851165e-05, 0.015251182924732898, 0.000679083717987866, 0.0009006939463364982, 0.0004435543824463835, 0.0008443701311835574] and parameters: {'lag_0': 0.8850016375461316, 'lag_1': 0.23346704400296828, 'lag_2': 0.13220081326392835, 'lag_3': 0.8224540850127183, 'lag_4': 0.35550656727614366, 'lag_5': 0.8566251682457983, 'lag_6': 0.19459412883353633, 'lag_7': 0.3857332389708315, 'lag_8': 0.05381526845364563, 'lag_9': 0.7792886984231291, 'lag_10': 0.6089780732447854, 'lag_11': 0.9026533951751678, 'lag_12': 0.49651576183196017, 'lag_13': 0.23309272945912565, 'lag_14': 0.4720523644307731, 'lag_15': 0.8759379697167594, 'lag_16': 0.23319645711228928, 'lag_17': 0.040596176623766515, 'lag_18': 0.9780343245743292, 'lag_19': 0.3096661160826926, 'lag_20': 0.11128434441960228, 'lag_21': 0.3185038853087377, 'lag_22': 0.49182690103567817, 'lag_23': 0.4144474053399825, 'lag_24': 0.6981895118520431, 'lag_25': 0.6626393735917555, 'lag_26': 0.2813874542528668, 'lag_27': 0.11149803210580811, 'lag_28': 0.08497388446416174}.
[I 2025-10-03 11:35:16,075] Trial 93 finished with values: [0.010575464238343027, 0.0022139865513719115, 0.002178616788155841, 0.0004461031791763373, 0.0009519713639585127, 0.004098957173501086, 0.0006913323697112148, 0.002146356566428544, 0.0011168144341101454, 0.0005112972862622385, 8.677983700593439e-05, 0.0003453933813698753, 0.022155954658277202, 0.0033388448831178177, 0.0, 0.07753036430837842, 0.002431631113197107, 0.0006832454717187735, 0.009260319482372622, 0.005736033898651511, 0.016632012394330226, 0.001427757319590013, 0.0006249886907217712, 5.488413367056472e-05, 0.014895031370335942, 0.00021730136515437366, 0.0011536699639693722, 0.0015321340065652417, 0.0009653520065497464] and parameters: {'lag_0': 0.577167335022907, 'lag_1': 0.5153134169812905, 'lag_2': 0.5563280731476934, 'lag_3': 0.4928235332948304, 'lag_4': 0.6755689717994064, 'lag_5': 0.054028333143763346, 'lag_6': 0.040279495441626435, 'lag_7': 0.9528606309701435, 'lag_8': 0.42117619350680885, 'lag_9': 0.4973580633227542, 'lag_10': 0.9425570113842321, 'lag_11': 0.12647427311314477, 'lag_12': 0.47894248068353434, 'lag_13': 0.16665894661312208, 'lag_14': 0.6108820386342538, 'lag_15': 0.22461519547209868, 'lag_16': 0.1165162161194449, 'lag_17': 0.9873841942229, 'lag_18': 0.3004814365764355, 'lag_19': 0.38186794225635967, 'lag_20': 0.8011371193527818, 'lag_21': 0.832262960150301, 'lag_22': 0.9204818146321634, 'lag_23': 0.03764674028597779, 'lag_24': 0.10500862988045648, 'lag_25': 0.32881499557228444, 'lag_26': 0.8928155402031781, 'lag_27': 0.6706294901014361, 'lag_28': 0.9615801197780085}.
[I 2025-10-03 11:35:18,744] Trial 94 finished with values: [0.015172292133872223, 0.002487375947921802, 0.002442822406053789, 0.0005638755475003158, 0.00036539277836651347, 0.0036678210441975015, 0.0004706448348779993, 0.00527673258585934, 0.0013067810733830888, 0.0005038660410049307, 0.0001463173319845603, 0.00025776621457791553, 0.025858537488908394, 0.004131516838810761, 0.0, 0.08431970193294504, 0.0026082718603143576, 0.0004722008526965687, 0.00990224443144353, 0.007301592083770724, 0.016886799594378787, 0.0012174064126653007, 0.000599315925955732, 5.144565709873639e-05, 0.014663733764899475, 0.0005877520105641779, 0.0008143838052996196, 0.0016727352670558734, 0.0007334043034791564] and parameters: {'lag_0': 0.31560804943311005, 'lag_1': 0.4128746478883164, 'lag_2': 0.36909992239548917, 'lag_3': 0.6977931291973961, 'lag_4': 0.5966774484865388, 'lag_5': 0.3210786231603852, 'lag_6': 0.14636465363586787, 'lag_7': 0.3431783739351713, 'lag_8': 0.03217198703814156, 'lag_9': 0.7161704319357377, 'lag_10': 0.6997129350854885, 'lag_11': 0.7598554719184819, 'lag_12': 0.04620278528643768, 'lag_13': 0.0721899587818968, 'lag_14': 0.49358644879768687, 'lag_15': 0.19292701748871388, 'lag_16': 0.42299493853369713, 'lag_17': 0.6179464928593431, 'lag_18': 0.3537467237358938, 'lag_19': 0.7979971083189805, 'lag_20': 0.770463558821951, 'lag_21': 0.3300151599668506, 'lag_22': 0.4621822607129798, 'lag_23': 0.20716055782294118, 'lag_24': 0.13592884072874775, 'lag_25': 0.8109676303591593, 'lag_26': 0.01868452784326451, 'lag_27': 0.692612331977248, 'lag_28': 0.632757943494239}.
[I 2025-10-03 11:35:21,417] Trial 95 finished with values: [0.021410123966942148, 0.005685521760240614, 0.0081981714370995, 0.0009899430912436791, 0.0013588613785751264, 0.0025926462256162216, 0.000296467833810984, 0.003696684618613401, 0.00044346925565953336, 5.7744268077553206e-05, 0.000253175287218066, 0.00039295079087787435, 0.025699457377380136, 0.005181428032775277, 0.0, 0.06928878193352508, 0.0012305996883894776, 0.0003889431102062788, 0.009797642077711544, 0.006817971344847409, 0.018564495025233167, 0.0010622612925457878, 0.0006956865668613781, 1.8428070396495264e-05, 0.016570484376726, 0.0005848822794802365, 0.001210111709356134, 0.00043611258100371975, 0.0008817930110542858] and parameters: {'lag_0': 0.577167335022907, 'lag_1': 0.5153134169812905, 'lag_2': 0.7541767986086337, 'lag_3': 0.9278541018166884, 'lag_4': 0.6755689717994064, 'lag_5': 0.844098580360276, 'lag_6': 0.040279495441626435, 'lag_7': 0.6538580299280284, 'lag_8': 0.4976598969029183, 'lag_9': 0.9344782293626123, 'lag_10': 0.6542897746607108, 'lag_11': 0.12647427311314477, 'lag_12': 0.8226058535252204, 'lag_13': 0.154406791439237, 'lag_14': 0.6108820386342538, 'lag_15': 0.5078772482689538, 'lag_16': 0.1165162161194449, 'lag_17': 0.3794700033177861, 'lag_18': 0.4968971195839507, 'lag_19': 0.38186794225635967, 'lag_20': 0.8011371193527818, 'lag_21': 0.11230350330745299, 'lag_22': 0.7036911184112964, 'lag_23': 0.6381240019385468, 'lag_24': 0.1559727868798865, 'lag_25': 0.2571019974156676, 'lag_26': 0.11820371128083641, 'lag_27': 0.17019046191964263, 'lag_28': 0.6006033381837134}.
[I 2025-10-03 11:35:24,091] Trial 96 finished with values: [0.03305785123966942, 0.004182569920398354, 0.0024497058280022713, 8.619450160223754e-05, 0.0014160240251619592, 0.0031662139934965786, 0.0003772783936659372, 0.0031834206718394874, 0.0013528566828516493, 0.0002417211146073676, 0.00017564633379844646, 0.0005407156549334375, 0.026179690670335414, 0.004756737561426558, 0.0, 0.08066142891412556, 0.0020315293981195033, 0.0006725529301922667, 0.009653927892759923, 0.006594829796554928, 0.01679448083607046, 0.0009877786878590953, 0.0007648658168560257, 0.00011669516329186928, 0.015332038075149323, 0.0008845071793483188, 0.0014716894570302014, 0.001400089249855839, 0.002816501001059909] and parameters: {'lag_0': 0.6413585525924125, 'lag_1': 0.9687509648704514, 'lag_2': 0.359045265865325, 'lag_3': 0.4768622473902049, 'lag_4': 0.9941187690364495, 'lag_5': 0.09031729647087328, 'lag_6': 0.7212480413129176, 'lag_7': 0.4746546288581658, 'lag_8': 0.6888602055030502, 'lag_9': 0.943113954987642, 'lag_10': 0.07942126221267251, 'lag_11': 0.6762745273019537, 'lag_12': 0.9021360911855228, 'lag_13': 0.5690653138827746, 'lag_14': 0.7358399260560617, 'lag_15': 0.11578251982351193, 'lag_16': 0.35103663423176407, 'lag_17': 0.023730362610647624, 'lag_18': 0.8605000842738157, 'lag_19': 0.3580201355936206, 'lag_20': 0.2643150269013789, 'lag_21': 0.9409723689345724, 'lag_22': 0.9910228694540186, 'lag_23': 0.5800656756115186, 'lag_24': 0.6934525998718984, 'lag_25': 0.7368315704090299, 'lag_26': 0.6154167550548676, 'lag_27': 0.46524950497050693, 'lag_28': 0.07435870911052465}.
[I 2025-10-03 11:35:26,764] Trial 97 finished with values: [0.015627997143148657, 0.002123657137045651, 0.0026814241000453682, 0.000600949017323658, 0.00019692881243575503, 0.0027449251452340106, 0.0008390409201893203, 0.004111752047051895, 0.0008669642261213837, 0.0005630611651650447, 0.00016227875352770336, 9.866023243362926e-05, 0.027237158824589696, 0.004322310489551729, 0.0, 0.07992010504319622, 0.0028584913301289614, 0.0003478983180903588, 0.010227130698617777, 0.00712754469582994, 0.015681251544737946, 0.001398602651022611, 0.00046834364015532455, 9.24815190706855e-05, 0.013690785965469712, 0.00045757448759540696, 0.0012197743311509097, 0.0008185505683664135, 0.0005783616965519173] and parameters: {'lag_0': 0.5502274607375222, 'lag_1': 0.6789510096379124, 'lag_2': 0.42170350362850545, 'lag_3': 0.22238198779957197, 'lag_4': 0.7257997988447101, 'lag_5': 0.19259565740910203, 'lag_6': 0.3399283655624652, 'lag_7': 0.6915254714250357, 'lag_8': 0.05000931879369059, 'lag_9': 0.4605200938748799, 'lag_10': 0.5803198016728104, 'lag_11': 0.7008261085850644, 'lag_12': 0.7296150327191575, 'lag_13': 0.22151244808829776, 'lag_14': 0.19098604806853578, 'lag_15': 0.41433316658030644, 'lag_16': 0.1065861467019453, 'lag_17': 0.5420958883338154, 'lag_18': 0.4165326893997335, 'lag_19': 0.15950430546454364, 'lag_20': 0.5518937195474092, 'lag_21': 0.41390882074549856, 'lag_22': 0.1362707781770572, 'lag_23': 0.3678071606187074, 'lag_24': 0.8786834802477791, 'lag_25': 0.49965803902267664, 'lag_26': 0.2020345775164255, 'lag_27': 0.12101454776128456, 'lag_28': 0.35063954342326864}.
[I 2025-10-03 11:35:29,435] Trial 98 finished with values: [0.046694214876033056, 0.0026061423040002318, 0.001431900050598229, 0.0003962348889810503, 0.00042677776173193825, 0.0024977271934458, 0.00018930396954872038, 0.004102724036929117, 0.000395926815231445, 0.00035170147009152945, 5.477938198408263e-05, 1.4644699839738787e-05, 0.024766683088888682, 0.004927516672948008, 0.0, 0.08367645546019456, 0.002785530772752302, 0.0003285151041711987, 0.009710199945489134, 0.00738225822436527, 0.016417432360687392, 0.0014643464178155856, 0.0006391439829590332, 7.272426438588045e-05, 0.014661193917900005, 0.0005963083187867297, 0.0010291794114803434, 0.00045465297326572723, 0.0007789751476932909] and parameters: {'lag_0': 0.7218453816485203, 'lag_1': 0.29908244191831856, 'lag_2': 0.6055125358570049, 'lag_3': 0.044415789615353946, 'lag_4': 0.9184893018851354, 'lag_5': 0.1759183870751439, 'lag_6': 0.8633071710836787, 'lag_7': 0.7906522925828945, 'lag_8': 0.5986870403226897, 'lag_9': 0.5171290573234981, 'lag_10': 0.3922454351249434, 'lag_11': 0.8311615119551309, 'lag_12': 0.3618114916279005, 'lag_13': 0.41962379007142814, 'lag_14': 0.923250673977579, 'lag_15': 0.5817255389898031, 'lag_16': 0.9886699782571973, 'lag_17': 0.7189209026033543, 'lag_18': 0.6821784002681005, 'lag_19': 0.578448297054689, 'lag_20': 0.503021171042877, 'lag_21': 0.12341800013759867, 'lag_22': 0.25926757318414223, 'lag_23': 0.5891802898844679, 'lag_24': 0.8920797557775472, 'lag_25': 0.016299679920639222, 'lag_26': 0.16460576275071467, 'lag_27': 0.13190103041926549, 'lag_28': 0.1975782343257179}.
[I 2025-10-03 11:35:32,106] Trial 99 finished with values: [0.02296505941610837, 0.0012266392101161277, 0.004163648982407746, 0.0012440820969138768, 0.0014958234095947358, 0.0024087440630784756, 0.0005068642098544606, 0.003256753560376775, 0.0006347506586792874, 0.0003408075266169925, 0.0006937877489532867, 0.0003448840716187755, 0.026883696951367875, 0.0044235356388784034, 0.0, 0.0734478620119843, 0.002750565447143594, 0.00022842140502333136, 0.009667656710998876, 0.00751496968531265, 0.014988205114705055, 0.0010859242708163835, 0.0005495233554970948, 6.934270653657084e-05, 0.015018247594310054, 0.0005633636398716354, 0.001255030966987087, 0.0012391534270189796, 0.0027177632315803415] and parameters: {'lag_0': 0.13711230380759146, 'lag_1': 0.2127780005291759, 'lag_2': 0.6055125358570049, 'lag_3': 0.09170339850550771, 'lag_4': 0.6287578128531479, 'lag_5': 0.1759183870751439, 'lag_6': 0.8633071710836787, 'lag_7': 0.8960515824148321, 'lag_8': 0.5080137999429809, 'lag_9': 0.5171290573234981, 'lag_10': 0.8454016673690254, 'lag_11': 0.38164004864324413, 'lag_12': 0.975716728612034, 'lag_13': 0.09873445198251132, 'lag_14': 0.11870121411914362, 'lag_15': 0.5817255389898031, 'lag_16': 0.415422641616791, 'lag_17': 0.7189209026033543, 'lag_18': 0.7518015027540029, 'lag_19': 0.1785005493712599, 'lag_20': 0.503021171042877, 'lag_21': 0.12341800013759867, 'lag_22': 0.6329949687466873, 'lag_23': 0.5891802898844679, 'lag_24': 0.30501604793192066, 'lag_25': 0.20739058462247192, 'lag_26': 0.722633121612307, 'lag_27': 0.6862794401397531, 'lag_28': 0.9764259027491838}.
[I 2025-10-03 11:35:32,118] A new study created in memory with name: no-name-4f731063-9021-480c-8b34-36fd6cce7588
[I 2025-10-03 11:35:34,799] Trial 0 finished with values: [0.0214158239143367, 0.00030434636783355614, 0.00034491188779361373, 0.001648191984817768, 0.0021480444597981327, 0.0018331261848670414, 0.0010961031652291142, 0.0042376912681525766, 0.0017348224828596145, 0.0003760350518304531, 0.00029437217854498077, 0.00012805358288782583, 0.009689334911343815, 0.02426970102765847, 0.0, 0.02247289483173892, 0.015427501163115198, 0.003872396505981382, 0.0007749013602726324, 0.00012092271549376946, 0.0008238710839698392, 0.0011131128789537942, 0.0009911821506716437, 0.0015074356250855826, 0.00010999466695208043, 0.0001619370062201153, 0.00152679437276381, 0.0017626533897114986, 0.001449479011094198] and parameters: {'lag_0': 0.7600819112120779, 'lag_1': 0.3402756616141739, 'lag_2': 0.611728810514422, 'lag_3': 0.24574493079708204, 'lag_4': 0.40957831274095546, 'lag_5': 0.7821478218938741, 'lag_6': 0.5640429520535438, 'lag_7': 0.8096550091032253, 'lag_8': 0.8888811781345201, 'lag_9': 0.9154249328953897, 'lag_10': 0.5017273828972565, 'lag_11': 0.18767052116733376, 'lag_12': 0.7065886591439094, 'lag_13': 0.5358989678493891, 'lag_14': 0.7309836863716914, 'lag_15': 0.9588352734646225, 'lag_16': 0.3919168079817551, 'lag_17': 0.29232128889947084, 'lag_18': 0.06023669912033513, 'lag_19': 0.45180707193017905, 'lag_20': 0.97222574196572, 'lag_21': 0.16441704897943865, 'lag_22': 0.7463306757925181, 'lag_23': 0.12391849754687578, 'lag_24': 0.13480429204332156, 'lag_25': 0.0746068497781466, 'lag_26': 0.4933508024874888, 'lag_27': 0.42414244617118324, 'lag_28': 0.6378446126526807}.
[I 2025-10-03 11:35:37,476] Trial 1 finished with values: [0.054625257496275816, 0.0035644261220118293, 0.0004127345374936732, 0.0006599830053090403, 0.009542911770145124, 0.002395469181970622, 0.0031579068738547254, 0.0025002530712224134, 0.0021789849357393637, 0.00025112813372973295, 0.001027538676824149, 0.0001886970430077924, 0.009419881101870559, 0.022673751410263555, 0.0, 0.027219922310945627, 0.01591390366595092, 0.003878110478306143, 0.0007775382299334675, 0.00012866539551855015, 0.0010839564284929268, 0.001130903225070952, 0.0009936695235623276, 0.0017344918318677733, 0.00016749088397513345, 0.00013206011401405447, 0.0011134225695631822, 0.0010985516792445522, 0.0023156291202834425] and parameters: {'lag_0': 0.7461174506789341, 'lag_1': 0.13545185363484, 'lag_2': 0.3213196355469132, 'lag_3': 0.3496237604861166, 'lag_4': 0.7063469123002192, 'lag_5': 0.5222462134805747, 'lag_6': 0.19377856677549024, 'lag_7': 0.22805422276882464, 'lag_8': 0.7568675551159103, 'lag_9': 0.8336399155627185, 'lag_10': 0.5520852777033297, 'lag_11': 0.5463348153921914, 'lag_12': 0.9433388642692889, 'lag_13': 0.6165315800184133, 'lag_14': 0.36138692345330015, 'lag_15': 0.94518019768874, 'lag_16': 0.22093751515332005, 'lag_17': 0.9169424965453952, 'lag_18': 0.5817734430745085, 'lag_19': 0.41052477440037116, 'lag_20': 0.9101256121814376, 'lag_21': 0.8713176073922664, 'lag_22': 0.570790072794824, 'lag_23': 0.7140496758167609, 'lag_24': 0.5044604857697326, 'lag_25': 0.8216289967863399, 'lag_26': 0.6233051811307929, 'lag_27': 0.12645725843706035, 'lag_28': 0.2978208604079666}.
[I 2025-10-03 11:35:40,139] Trial 2 finished with values: [0.00899674833469202, 0.003314349873922792, 0.0015164634142027938, 0.0019947842079608554, 0.005198820954324131, 0.0033634848974544566, 0.0030461764546959513, 0.002624754791484917, 0.0025950911997713365, 0.00033001850487379637, 0.0008030713059465922, 0.000331209244255419, 0.009052002806389585, 0.021026176452041155, 0.0, 0.02319513753038479, 0.013971435815629702, 0.00412352712693719, 0.000673207688751235, 0.00013141296657953301, 0.000825211230901773, 0.0012697958176343727, 0.0005939575608435028, 0.002234197376174903, 0.00028058968547487763, 7.058712073130488e-05, 0.0011274262814038882, 0.0023190263076046107, 0.0021671559071577305] and parameters: {'lag_0': 0.060240681548519956, 'lag_1': 0.7312468391218012, 'lag_2': 0.056828874126373094, 'lag_3': 0.005544302138744342, 'lag_4': 0.002137363412050127, 'lag_5': 0.5506821760640207, 'lag_6': 0.9861791660423838, 'lag_7': 0.8753798915381865, 'lag_8': 0.8252615952066634, 'lag_9': 0.29900993919632135, 'lag_10': 0.7323156245775527, 'lag_11': 0.6835217362362249, 'lag_12': 0.8278933774349316, 'lag_13': 0.41887449557033946, 'lag_14': 0.3815016292372617, 'lag_15': 0.39196117944602654, 'lag_16': 0.6028824111895535, 'lag_17': 0.6678572257872915, 'lag_18': 0.5866932915641554, 'lag_19': 0.4784177515285814, 'lag_20': 0.10273265977329027, 'lag_21': 0.48994173709962346, 'lag_22': 0.7763878554903443, 'lag_23': 0.2811392317899419, 'lag_24': 0.5794110613755661, 'lag_25': 0.9102755200041929, 'lag_26': 0.5914336778222805, 'lag_27': 0.49690120409204036, 'lag_28': 0.4889751735050606}.
