[I 2025-09-29 13:20:34,404] Trial 61 finished with value: 0.0033951280921921644 and parameters: {'lag_0': 0.33394479912143826, 'lag_1': 0.36158351917189485, 'lag_2': 0.10360173114949653, 'lag_3': 0.7281648107853081, 'lag_4': 0.679283921800641, 'lag_5': 0.4334376641289195, 'lag_6': 0.9978927739342325, 'lag_7': 0.02681336578651962, 'lag_8': 0.46934743914751265, 'lag_9': 0.22412913328250536, 'lag_10': 0.39199689446406993, 'lag_11': 0.04966404897559618, 'lag_12': 0.04339985871471018, 'lag_13': 0.9295906966938818, 'lag_14': 0.3346831014014326, 'lag_15': 0.4226639415469262, 'lag_16': 0.4849434691271133, 'lag_17': 0.6711778139113792, 'lag_18': 0.6261588693762657, 'lag_19': 0.5408094570023679, 'lag_20': 0.7282270229254943, 'lag_21': 0.3461701442029626, 'lag_22': 0.3274716406348629, 'lag_23': 0.913861155719898, 'lag_24': 0.07357654661864024, 'lag_25': 0.6374687969265044, 'lag_26': 0.5034494147678062, 'lag_27': 0.04073727770737915, 'lag_28': 0.8728348264158174}. Best is trial 46 with value: 0.0028005190630339977.
[I 2025-09-29 13:20:36,767] Trial 62 finished with value: 0.003874016610765052 and parameters: {'lag_0': 0.4678126831779374, 'lag_1': 0.7435618304680233, 'lag_2': 0.13182784835522812, 'lag_3': 0.14035677867551646, 'lag_4': 0.484788339622493, 'lag_5': 0.3836203095636238, 'lag_6': 0.9236329066411744, 'lag_7': 0.12201088866402132, 'lag_8': 0.6110319823163586, 'lag_9': 0.42593048606501616, 'lag_10': 0.43215971328013203, 'lag_11': 0.12477865442692945, 'lag_12': 0.10246877251910697, 'lag_13': 0.4108641160006311, 'lag_14': 0.2870609714368276, 'lag_15': 0.23554407670373356, 'lag_16': 0.28907856351921984, 'lag_17': 0.644435147237267, 'lag_18': 0.5615248361340573, 'lag_19': 0.6616244298410897, 'lag_20': 0.8730268269405426, 'lag_21': 0.5735986732361591, 'lag_22': 0.987505607875278, 'lag_23': 0.8122473570302134, 'lag_24': 0.19220970673646276, 'lag_25': 0.6740226998067764, 'lag_26': 0.5971796562031401, 'lag_27': 0.08607831996892107, 'lag_28': 0.9068518721543082}. Best is trial 46 with value: 0.0028005190630339977.
[I 2025-09-29 13:20:39,145] Trial 63 finished with value: 0.003096807535472091 and parameters: {'lag_0': 0.2721056730227688, 'lag_1': 0.6817669036768456, 'lag_2': 0.04194737477885091, 'lag_3': 0.08813090697412485, 'lag_4': 0.9186832017175754, 'lag_5': 0.45971768353528986, 'lag_6': 0.8749212654115863, 'lag_7': 0.4163514170972574, 'lag_8': 0.4069183818039383, 'lag_9': 0.15760792127186501, 'lag_10': 0.27428562890229896, 'lag_11': 0.09042457401399122, 'lag_12': 0.004684243562058793, 'lag_13': 0.4802693449043225, 'lag_14': 0.3567976127003174, 'lag_15': 0.3806236808671848, 'lag_16': 0.4670214218406683, 'lag_17': 0.8719955212913113, 'lag_18': 0.3028111370449926, 'lag_19': 0.5925242621014478, 'lag_20': 0.39267032565044796, 'lag_21': 0.9579991169833697, 'lag_22': 0.42273079098716443, 'lag_23': 0.9358513347185653, 'lag_24': 0.10456796032874638, 'lag_25': 0.7133930664138328, 'lag_26': 0.4486189159186319, 'lag_27': 0.14037436991898, 'lag_28': 0.9973694273637616}. Best is trial 46 with value: 0.0028005190630339977.
[I 2025-09-29 13:20:41,520] Trial 64 finished with value: 0.0035439213980347495 and parameters: {'lag_0': 0.20259142062655736, 'lag_1': 0.5097765487377484, 'lag_2': 0.20137400988567733, 'lag_3': 0.6327805778564147, 'lag_4': 0.5517891925337819, 'lag_5': 0.5494755783740604, 'lag_6': 0.9624601713685511, 'lag_7': 0.08442715121740889, 'lag_8': 0.5598117903765176, 'lag_9': 0.30100527163037377, 'lag_10': 0.41817602982772617, 'lag_11': 0.1664851624207455, 'lag_12': 0.1764023768546654, 'lag_13': 0.02573573390461574, 'lag_14': 0.2148513037145297, 'lag_15': 0.33121541798986637, 'lag_16': 0.420187684886427, 'lag_17': 0.9292059241541691, 'lag_18': 0.7205786860994255, 'lag_19': 0.5189691931422445, 'lag_20': 0.5876631193332514, 'lag_21': 0.40718119463038843, 'lag_22': 0.24735223134232037, 'lag_23': 0.4829322149470582, 'lag_24': 0.15125381803442028, 'lag_25': 0.7731120572115425, 'lag_26': 0.38847572326932667, 'lag_27': 0.2873401229500946, 'lag_28': 0.8060864844661751}. Best is trial 46 with value: 0.0028005190630339977.
[I 2025-09-29 13:20:43,884] Trial 65 finished with value: 0.003190938634223639 and parameters: {'lag_0': 0.9754436767125928, 'lag_1': 0.17926256938630303, 'lag_2': 0.07314931408755192, 'lag_3': 0.2934713113046617, 'lag_4': 0.9480157090595682, 'lag_5': 0.32577313493500853, 'lag_6': 0.8214596986622711, 'lag_7': 0.7233421326278, 'lag_8': 0.7678677026877775, 'lag_9': 0.3530572342985463, 'lag_10': 0.36431308841361465, 'lag_11': 0.6293273077581127, 'lag_12': 0.645139850355902, 'lag_13': 0.9611957258352789, 'lag_14': 0.4251401191734643, 'lag_15': 0.5452098889316019, 'lag_16': 0.704861979638993, 'lag_17': 0.7121686684989326, 'lag_18': 0.6118892086886841, 'lag_19': 0.9871179798333356, 'lag_20': 0.5496204450700821, 'lag_21': 0.8608341727377159, 'lag_22': 0.06948436504773463, 'lag_23': 0.9986365715278843, 'lag_24': 0.2340856902793602, 'lag_25': 0.8739081856105968, 'lag_26': 0.5535026942637392, 'lag_27': 0.3757478215790372, 'lag_28': 0.2604774856416683}. Best is trial 46 with value: 0.0028005190630339977.
[I 2025-09-29 13:20:46,257] Trial 66 finished with value: 0.0031504567811502316 and parameters: {'lag_0': 0.30625810788744245, 'lag_1': 0.5636790639709164, 'lag_2': 0.8089423197362142, 'lag_3': 0.48907295484648866, 'lag_4': 0.6983232176334462, 'lag_5': 0.4977430571511988, 'lag_6': 0.27122272042044604, 'lag_7': 0.95127111515395, 'lag_8': 0.6801409398108478, 'lag_9': 0.25560403565923684, 'lag_10': 0.32408066868579777, 'lag_11': 0.2657825719911545, 'lag_12': 0.137646876523845, 'lag_13': 0.10005181655448138, 'lag_14': 0.2904687419310835, 'lag_15': 0.29222985337195095, 'lag_16': 0.4064268408637806, 'lag_17': 0.11637056523577882, 'lag_18': 0.07811138496325326, 'lag_19': 0.7902433193950795, 'lag_20': 0.7878058159416106, 'lag_21': 0.6291712331541193, 'lag_22': 0.03600237615522304, 'lag_23': 0.8798665522683972, 'lag_24': 0.04660425624345793, 'lag_25': 0.9611322955198647, 'lag_26': 0.9681057731231223, 'lag_27': 0.000315871695930503, 'lag_28': 0.8525435229948699}. Best is trial 46 with value: 0.0028005190630339977.
[I 2025-09-29 13:20:48,632] Trial 67 finished with value: 0.0031064129240025696 and parameters: {'lag_0': 0.0019606178775563587, 'lag_1': 0.6149218903829959, 'lag_2': 0.23599695445676322, 'lag_3': 0.19126815711302125, 'lag_4': 0.2003652896679866, 'lag_5': 0.7689676827011536, 'lag_6': 0.8998344504826384, 'lag_7': 0.26441230445045194, 'lag_8': 0.8457062719570699, 'lag_9': 0.12166912172914152, 'lag_10': 0.5777957657304567, 'lag_11': 0.02812356513239934, 'lag_12': 0.07034196967768577, 'lag_13': 0.8907876264707807, 'lag_14': 0.1708506055856499, 'lag_15': 0.123228366559663, 'lag_16': 0.5609438654740098, 'lag_17': 0.03873504092365257, 'lag_18': 0.672367204279005, 'lag_19': 0.6305638560773401, 'lag_20': 0.1822761863754675, 'lag_21': 0.7817002557172907, 'lag_22': 0.11136035828862004, 'lag_23': 0.5140514340465322, 'lag_24': 0.12730855847469336, 'lag_25': 0.5330289598802609, 'lag_26': 0.6484171757948433, 'lag_27': 0.04028733530598569, 'lag_28': 0.9101132342395514}. Best is trial 46 with value: 0.0028005190630339977.
[I 2025-09-29 13:20:51,112] Trial 68 finished with value: 0.003134693394823514 and parameters: {'lag_0': 0.40011262936757186, 'lag_1': 0.4551204182774401, 'lag_2': 0.6826024618077794, 'lag_3': 0.38644088781479036, 'lag_4': 0.39808387938351775, 'lag_5': 0.6667203777544942, 'lag_6': 0.47063353211971165, 'lag_7': 0.1691597031562339, 'lag_8': 0.7112994529685547, 'lag_9': 0.5504613340633417, 'lag_10': 0.7349418237081444, 'lag_11': 0.06544449940859659, 'lag_12': 0.4433757184262338, 'lag_13': 0.21512072785435155, 'lag_14': 0.06410962160603711, 'lag_15': 0.5967728783203005, 'lag_16': 0.5236060921583495, 'lag_17': 0.7574584482808013, 'lag_18': 0.39067332665321036, 'lag_19': 0.5586496898549073, 'lag_20': 0.6945884265804099, 'lag_21': 0.30034565547517295, 'lag_22': 0.000840615960936035, 'lag_23': 0.08917666244165944, 'lag_24': 0.012911600970277652, 'lag_25': 0.6013559053654556, 'lag_26': 0.8336758698978601, 'lag_27': 0.5130783115583456, 'lag_28': 0.7479850912847318}. Best is trial 46 with value: 0.0028005190630339977.
[I 2025-09-29 13:20:53,497] Trial 69 finished with value: 0.0035507368479413977 and parameters: {'lag_0': 0.13747463271869526, 'lag_1': 0.2333182795413264, 'lag_2': 0.8871402595206164, 'lag_3': 0.13190659054586087, 'lag_4': 0.8754280817962942, 'lag_5': 0.6091982504182558, 'lag_6': 0.6401405092798682, 'lag_7': 0.2182307574251272, 'lag_8': 0.2918997991644511, 'lag_9': 0.7759091394695483, 'lag_10': 0.6915187325373986, 'lag_11': 0.9095262645878242, 'lag_12': 0.7611890937381409, 'lag_13': 0.7664800330880429, 'lag_14': 0.5930934975934349, 'lag_15': 0.4691954574706696, 'lag_16': 0.7809609237486116, 'lag_17': 0.00026706613278917185, 'lag_18': 0.7660330676518047, 'lag_19': 0.1885194969091009, 'lag_20': 0.8402862156072267, 'lag_21': 0.6945311577634035, 'lag_22': 0.46432395585453595, 'lag_23': 0.7301883177430932, 'lag_24': 0.22237784155075932, 'lag_25': 0.6765214234557693, 'lag_26': 0.3171843812199295, 'lag_27': 0.18837632593522463, 'lag_28': 0.569074142569894}. Best is trial 46 with value: 0.0028005190630339977.
[I 2025-09-29 13:20:55,879] Trial 70 finished with value: 0.003134497350566386 and parameters: {'lag_0': 0.5540942568127258, 'lag_1': 0.7991802534317578, 'lag_2': 0.7492140978083834, 'lag_3': 0.2559644343523254, 'lag_4': 0.2724147531578535, 'lag_5': 0.25999867045609604, 'lag_6': 0.7697198050151025, 'lag_7': 0.03440428534686053, 'lag_8': 0.6473098831427628, 'lag_9': 0.3973783036593829, 'lag_10': 0.4844525967677261, 'lag_11': 0.20596555346019071, 'lag_12': 0.5246694402764386, 'lag_13': 0.6010614682628066, 'lag_14': 0.37856201302076276, 'lag_15': 0.3616375711375025, 'lag_16': 0.6345420171462681, 'lag_17': 0.15472349733005575, 'lag_18': 0.8486321744371677, 'lag_19': 0.4616143679564443, 'lag_20': 0.7500840837985503, 'lag_21': 0.9128851024338037, 'lag_22': 0.5209767853301853, 'lag_23': 0.8501577375620817, 'lag_24': 0.16613763471932563, 'lag_25': 0.7597212684640868, 'lag_26': 0.5177980527685174, 'lag_27': 0.7525266111606133, 'lag_28': 0.8745199881068164}. Best is trial 46 with value: 0.0028005190630339977.
[I 2025-09-29 13:20:58,254] Trial 71 finished with value: 0.002799641032348161 and parameters: {'lag_0': 0.4305569636566511, 'lag_1': 0.8267421538615863, 'lag_2': 0.2952108246142779, 'lag_3': 0.7355752003443813, 'lag_4': 0.4365059035089216, 'lag_5': 0.4744981623033498, 'lag_6': 0.8381295417964625, 'lag_7': 0.22444595514814625, 'lag_8': 0.578025683791602, 'lag_9': 0.06692918458362052, 'lag_10': 0.5317219913768186, 'lag_11': 0.018050774289904647, 'lag_12': 0.03570374032766101, 'lag_13': 0.9710859838327154, 'lag_14': 0.31588152546221526, 'lag_15': 0.2635700339643152, 'lag_16': 0.46182940001280703, 'lag_17': 0.8050411490608632, 'lag_18': 0.548344511922836, 'lag_19': 0.6703479869987561, 'lag_20': 0.43472477850604835, 'lag_21': 0.8728921841122861, 'lag_22': 0.4326540075987413, 'lag_23': 0.980891386244992, 'lag_24': 0.09530678851583121, 'lag_25': 0.6827783008275792, 'lag_26': 0.3850394361080831, 'lag_27': 0.07528842146068959, 'lag_28': 0.9329141568792855}. Best is trial 71 with value: 0.002799641032348161.
[I 2025-09-29 13:21:00,631] Trial 72 finished with value: 0.003308949073028629 and parameters: {'lag_0': 0.4400403026397647, 'lag_1': 0.8625832680721519, 'lag_2': 0.37183318358659406, 'lag_3': 0.7985572148567328, 'lag_4': 0.48247725581223344, 'lag_5': 0.001786525781385384, 'lag_6': 0.9313468244093691, 'lag_7': 0.29646132296370054, 'lag_8': 0.5313309451741192, 'lag_9': 0.0816546445636746, 'lag_10': 0.44721094581547305, 'lag_11': 0.011913250004872918, 'lag_12': 0.08814352840732836, 'lag_13': 0.9789237869438795, 'lag_14': 0.328721779663142, 'lag_15': 0.2437634940880728, 'lag_16': 0.4700823211099287, 'lag_17': 0.7960568608063403, 'lag_18': 0.45557396565882236, 'lag_19': 0.6429209987550109, 'lag_20': 0.32290436674951706, 'lag_21': 0.9217667731898077, 'lag_22': 0.37966855105647923, 'lag_23': 0.9573332985843834, 'lag_24': 0.07643828669366791, 'lag_25': 0.7293059850807466, 'lag_26': 0.37571640051864036, 'lag_27': 0.07210681841794828, 'lag_28': 0.9570972706323331}. Best is trial 71 with value: 0.002799641032348161.
[I 2025-09-29 13:21:03,007] Trial 73 finished with value: 0.003199746929030546 and parameters: {'lag_0': 0.4833667404640674, 'lag_1': 0.2932618591405102, 'lag_2': 0.17462387528630727, 'lag_3': 0.869497485815147, 'lag_4': 0.3579234798160823, 'lag_5': 0.36596744973413103, 'lag_6': 0.9670028254384775, 'lag_7': 0.08071341678562707, 'lag_8': 0.502219354284671, 'lag_9': 0.020406694926885037, 'lag_10': 0.5372038403901943, 'lag_11': 0.8413319470768511, 'lag_12': 0.03464019255719233, 'lag_13': 0.8683409101555707, 'lag_14': 0.24360641360155144, 'lag_15': 0.284072497179897, 'lag_16': 0.3149848775262345, 'lag_17': 0.8421954551979051, 'lag_18': 0.5512007853568324, 'lag_19': 0.7664950368640597, 'lag_20': 0.43485974017123163, 'lag_21': 0.7776294274116333, 'lag_22': 0.6480416915666478, 'lag_23': 0.9613643368515317, 'lag_24': 0.0022460036603038844, 'lag_25': 0.8067505814256782, 'lag_26': 0.42189373989012, 'lag_27': 0.11693029022797907, 'lag_28': 0.9255887450682814}. Best is trial 71 with value: 0.002799641032348161.
[I 2025-09-29 13:21:05,382] Trial 74 finished with value: 0.004127750622939123 and parameters: {'lag_0': 0.36154068102274023, 'lag_1': 0.9023416659405956, 'lag_2': 0.9996526244262798, 'lag_3': 0.7829812008604986, 'lag_4': 0.4558864434968898, 'lag_5': 0.42011932716564027, 'lag_6': 0.8462454173192906, 'lag_7': 0.3369521858521791, 'lag_8': 0.566864652758144, 'lag_9': 0.1942213218675457, 'lag_10': 0.38984006820024303, 'lag_11': 0.10572745827389687, 'lag_12': 0.03565981715469496, 'lag_13': 0.9989066651441396, 'lag_14': 0.46432246512633996, 'lag_15': 0.08107644780737228, 'lag_16': 0.3622750113030049, 'lag_17': 0.8685260712073894, 'lag_18': 0.49711028069609614, 'lag_19': 0.6943677606970347, 'lag_20': 0.5357679257517867, 'lag_21': 0.8275219279465635, 'lag_22': 0.3185066581424551, 'lag_23': 0.9227106898938066, 'lag_24': 0.0985393509446066, 'lag_25': 0.6385681484543821, 'lag_26': 0.45496152977136384, 'lag_27': 0.2340410112280265, 'lag_28': 0.9717146396769537}. Best is trial 71 with value: 0.002799641032348161.
[I 2025-09-29 13:21:07,761] Trial 75 finished with value: 0.0031231424718469675 and parameters: {'lag_0': 0.33249987363767314, 'lag_1': 0.9804909346335451, 'lag_2': 0.051331733428083975, 'lag_3': 0.731464942571624, 'lag_4': 0.32407016131362576, 'lag_5': 0.46437897482091534, 'lag_6': 0.9241006138617363, 'lag_7': 0.9948297917573061, 'lag_8': 0.583773466668012, 'lag_9': 0.13241846948461827, 'lag_10': 0.6294603853862488, 'lag_11': 0.9661412195803756, 'lag_12': 0.1207864091251648, 'lag_13': 0.9266576286744763, 'lag_14': 0.7524213917034503, 'lag_15': 0.0011333315828387924, 'lag_16': 0.584498876062338, 'lag_17': 0.2628955463800219, 'lag_18': 0.596534120499382, 'lag_19': 0.5768755998634378, 'lag_20': 0.5077019914432566, 'lag_21': 0.4939365808378795, 'lag_22': 0.8762946309320658, 'lag_23': 0.7869740198263234, 'lag_24': 0.1994817333249695, 'lag_25': 0.5646466079878997, 'lag_26': 0.3356873541954749, 'lag_27': 0.1452441019699046, 'lag_28': 0.88472128901492}. Best is trial 71 with value: 0.002799641032348161.
[I 2025-09-29 13:21:10,156] Trial 76 finished with value: 0.0033074969286647415 and parameters: {'lag_0': 0.9254585746080105, 'lag_1': 0.8254793603881311, 'lag_2': 0.3111321055605749, 'lag_3': 0.8930317715107171, 'lag_4': 0.5940314143802576, 'lag_5': 0.5729831634518978, 'lag_6': 0.3517011677659215, 'lag_7': 0.1345869801479615, 'lag_8': 0.6370955601766355, 'lag_9': 0.2233679724791424, 'lag_10': 0.5252751976024052, 'lag_11': 0.7925112653551916, 'lag_12': 0.37076990264264953, 'lag_13': 0.941523843887616, 'lag_14': 0.5089295586711822, 'lag_15': 0.17688585377292051, 'lag_16': 0.5160636250890566, 'lag_17': 0.9663072416726921, 'lag_18': 0.5210666314871631, 'lag_19': 0.12935337506803676, 'lag_20': 0.4816069051580803, 'lag_21': 0.8642105146470913, 'lag_22': 0.06534301034493664, 'lag_23': 0.9049313736794065, 'lag_24': 0.26826215348597504, 'lag_25': 0.4745518023635378, 'lag_26': 0.1636386209418975, 'lag_27': 0.04918596603354737, 'lag_28': 0.8120229201490701}. Best is trial 71 with value: 0.002799641032348161.
[I 2025-09-29 13:21:12,537] Trial 77 finished with value: 0.0033723885582514616 and parameters: {'lag_0': 0.41090520546006876, 'lag_1': 0.7655101752731884, 'lag_2': 0.5638486574148549, 'lag_3': 0.7691359677225525, 'lag_4': 0.5375517160675221, 'lag_5': 0.5211292711267074, 'lag_6': 0.8669018343118963, 'lag_7': 0.40845902761262554, 'lag_8': 0.3665026966976409, 'lag_9': 0.03888430281276822, 'lag_10': 0.5897396515034578, 'lag_11': 0.3103853140083238, 'lag_12': 0.22748798934244005, 'lag_13': 0.9557169864453372, 'lag_14': 0.20212666645223076, 'lag_15': 0.39310967620720666, 'lag_16': 0.4060077117355584, 'lag_17': 0.7349341016411163, 'lag_18': 0.8970189086227998, 'lag_19': 0.8062016427225169, 'lag_20': 0.36626265983367595, 'lag_21': 0.9532987205225538, 'lag_22': 0.7721089508770363, 'lag_23': 0.19203235014789763, 'lag_24': 0.12023532326254485, 'lag_25': 0.6898739433758658, 'lag_26': 0.9037186549138929, 'lag_27': 0.10133048553882062, 'lag_28': 0.6413460761065342}. Best is trial 71 with value: 0.002799641032348161.
[I 2025-09-29 13:21:14,915] Trial 78 finished with value: 0.0031439262643932937 and parameters: {'lag_0': 0.8629930671688699, 'lag_1': 0.6909222171812478, 'lag_2': 0.3402839801667471, 'lag_3': 0.5310798346635841, 'lag_4': 0.40667351615688685, 'lag_5': 0.5377569318142729, 'lag_6': 0.783101048500523, 'lag_7': 0.44596672256774084, 'lag_8': 0.4775649066880012, 'lag_9': 0.44207710692075497, 'lag_10': 0.77134062409473, 'lag_11': 0.14377893638698963, 'lag_12': 0.07872807746956323, 'lag_13': 0.07784246289685189, 'lag_14': 0.6911773151379199, 'lag_15': 0.319325183558144, 'lag_16': 0.4547440641758739, 'lag_17': 0.6242021741381862, 'lag_18': 0.9504862872588256, 'lag_19': 0.5980420061485963, 'lag_20': 0.6785402228002042, 'lag_21': 0.336736567324755, 'lag_22': 0.6164245669510273, 'lag_23': 0.002738162321744425, 'lag_24': 0.04081964270476584, 'lag_25': 0.0492001947012376, 'lag_26': 0.5434164643962326, 'lag_27': 0.33984915439886365, 'lag_28': 0.8419763565812072}. Best is trial 71 with value: 0.002799641032348161.
[I 2025-09-29 13:21:17,298] Trial 79 finished with value: 0.003069980087434087 and parameters: {'lag_0': 0.25243155453985744, 'lag_1': 0.12607916760635035, 'lag_2': 0.24580084704727978, 'lag_3': 0.6681668162845489, 'lag_4': 0.1682745939387756, 'lag_5': 0.4126870546252643, 'lag_6': 0.42030839798098213, 'lag_7': 0.18341303692463004, 'lag_8': 0.7026142806012732, 'lag_9': 0.49902507843656496, 'lag_10': 0.5555244131436398, 'lag_11': 0.0596561291813669, 'lag_12': 0.16427434648933853, 'lag_13': 0.029752216925495678, 'lag_14': 0.04138229184803221, 'lag_15': 0.26829607346022855, 'lag_16': 0.21009256289649497, 'lag_17': 0.8173795571701631, 'lag_18': 0.7081392695693771, 'lag_19': 0.734636068294245, 'lag_20': 0.39797843106363695, 'lag_21': 0.9976744737147051, 'lag_22': 0.18486418464082477, 'lag_23': 0.263085481651431, 'lag_24': 0.14574533293929098, 'lag_25': 0.8345869261607347, 'lag_26': 0.6161696246402568, 'lag_27': 0.9127455961673995, 'lag_28': 0.6975285757659044}. Best is trial 71 with value: 0.002799641032348161.
[I 2025-09-29 13:21:19,680] Trial 80 finished with value: 0.0035216554220554646 and parameters: {'lag_0': 0.6532981426388034, 'lag_1': 0.9442930142978594, 'lag_2': 0.1428066971759769, 'lag_3': 0.9806145068855774, 'lag_4': 0.7667482804032281, 'lag_5': 0.48383228605182393, 'lag_6': 0.826190851899087, 'lag_7': 0.0008043185991914257, 'lag_8': 0.4299522738908691, 'lag_9': 0.5741802330612872, 'lag_10': 0.290139720477941, 'lag_11': 0.5661775432999746, 'lag_12': 0.4058739025657736, 'lag_13': 0.13337970186854187, 'lag_14': 0.5511376469373609, 'lag_15': 0.21111939139318764, 'lag_16': 0.9322965022721691, 'lag_17': 0.9184411797872932, 'lag_18': 0.6393818570871991, 'lag_19': 0.48526750845969646, 'lag_20': 0.23804560804071, 'lag_21': 0.6624971089587306, 'lag_22': 0.7019585217993125, 'lag_23': 0.6232336104791719, 'lag_24': 0.06701427050314918, 'lag_25': 0.9167266853739592, 'lag_26': 0.6740869525969441, 'lag_27': 0.39915687207394757, 'lag_28': 0.4860301860831654}. Best is trial 71 with value: 0.002799641032348161.
[I 2025-09-29 13:21:22,185] Trial 81 finished with value: 0.0035850214886143073 and parameters: {'lag_0': 0.39247167780191616, 'lag_1': 0.8364884480941972, 'lag_2': 0.47388735795910786, 'lag_3': 0.6895285659251529, 'lag_4': 0.4455400041781606, 'lag_5': 0.4481700601959915, 'lag_6': 0.8818812907214636, 'lag_7': 0.21147596538165286, 'lag_8': 0.6715032958712883, 'lag_9': 0.08604851398151954, 'lag_10': 0.45062282726295255, 'lag_11': 0.033893174024713806, 'lag_12': 0.11651993099666763, 'lag_13': 0.9722348764068721, 'lag_14': 0.3049389747080108, 'lag_15': 0.3458715270363899, 'lag_16': 0.5033405675254745, 'lag_17': 0.7977121639647562, 'lag_18': 0.543019467198073, 'lag_19': 0.9054133887200093, 'lag_20': 0.4528862006228182, 'lag_21': 0.8577020348085368, 'lag_22': 0.4348780081614322, 'lag_23': 0.9741729656244136, 'lag_24': 0.09120633710283378, 'lag_25': 0.6818838158084296, 'lag_26': 0.3852102652567172, 'lag_27': 0.07650230894445925, 'lag_28': 0.8857821882412109}. Best is trial 71 with value: 0.002799641032348161.
