[I 2025-09-29 11:56:20,221] Trial 3 finished with value: 0.007355511769063325 and parameters: {'lag_0': 0.5610293885040946, 'lag_1': 0.49568052220242537, 'lag_2': 0.6907237027992266, 'lag_3': 0.2577219499430403, 'lag_4': 0.5535223540441637, 'lag_5': 0.35845153118829404, 'lag_6': 0.004710893740316294, 'lag_7': 0.6928656432382118, 'lag_8': 0.6765971592075049, 'lag_9': 0.08790886279846662, 'lag_10': 0.02128927784748287, 'lag_11': 0.7777335221464944, 'lag_12': 0.22765591319420916, 'lag_13': 0.46624017495382647, 'lag_14': 0.667253457990959, 'lag_15': 0.5491511392665833, 'lag_16': 0.6226169787713587, 'lag_17': 0.2839716835027366, 'lag_18': 0.5524463449371382, 'lag_19': 0.43087168628348305, 'lag_20': 0.3608264003464811, 'lag_21': 0.21903797059770164, 'lag_22': 0.2674975409633939, 'lag_23': 0.4251241819606663, 'lag_24': 0.5506210200921132, 'lag_25': 0.7796136590610749, 'lag_26': 0.3081187012020969, 'lag_27': 0.17525031029038476, 'lag_28': 0.37431432320463076}. Best is trial 2 with value: 0.006917414243654931.
[I 2025-09-29 11:56:22,688] Trial 4 finished with value: 0.00684910919604516 and parameters: {'lag_0': 0.9626838322523239, 'lag_1': 0.9725924078922983, 'lag_2': 0.7224304155026461, 'lag_3': 0.9310512813073667, 'lag_4': 0.33819327343268213, 'lag_5': 0.8042671641335862, 'lag_6': 0.13603386599660597, 'lag_7': 0.20496882104829256, 'lag_8': 0.0541253743709231, 'lag_9': 0.6463587423226538, 'lag_10': 0.526007064542958, 'lag_11': 0.3987068368161907, 'lag_12': 0.6922410485303719, 'lag_13': 0.5093664567065691, 'lag_14': 0.7603384254503752, 'lag_15': 0.27126675455970584, 'lag_16': 0.6315551744855078, 'lag_17': 0.26168308773682913, 'lag_18': 0.2664350495740797, 'lag_19': 0.8787635393785977, 'lag_20': 0.7081419052462912, 'lag_21': 0.08977745100798312, 'lag_22': 0.2863163407009097, 'lag_23': 0.9297914580476117, 'lag_24': 0.21019367232065556, 'lag_25': 0.24894501413784106, 'lag_26': 0.7278486879610226, 'lag_27': 0.27283536276291986, 'lag_28': 0.5906841208360952}. Best is trial 4 with value: 0.00684910919604516.
[I 2025-09-29 11:56:25,271] Trial 5 finished with value: 0.007214747031010982 and parameters: {'lag_0': 0.705664095614296, 'lag_1': 0.4160741726771602, 'lag_2': 0.9365559339833271, 'lag_3': 0.4284359992849869, 'lag_4': 0.3585656261477888, 'lag_5': 0.4474541619353332, 'lag_6': 0.18167308910963118, 'lag_7': 0.021568047261237563, 'lag_8': 0.2336100560199297, 'lag_9': 0.5131476571617503, 'lag_10': 0.2362209648899383, 'lag_11': 0.8484151092059703, 'lag_12': 0.6007475586311346, 'lag_13': 0.5527053247003338, 'lag_14': 0.1466454218128712, 'lag_15': 0.30089718956413536, 'lag_16': 0.7536398557010555, 'lag_17': 0.9267673290968496, 'lag_18': 0.03656852692130587, 'lag_19': 0.985826467752782, 'lag_20': 0.7583932935262733, 'lag_21': 0.3846998306231487, 'lag_22': 0.7174251487644039, 'lag_23': 0.20357342625770736, 'lag_24': 0.19869602245611126, 'lag_25': 0.8742629824834255, 'lag_26': 0.011851060396666483, 'lag_27': 0.22300809304138422, 'lag_28': 0.9960705194297226}. Best is trial 4 with value: 0.00684910919604516.
[I 2025-09-29 11:56:27,722] Trial 6 finished with value: 0.007001034739897172 and parameters: {'lag_0': 0.5815651582697893, 'lag_1': 0.03631243145899069, 'lag_2': 0.7328203897024727, 'lag_3': 0.07585299432966117, 'lag_4': 0.8407163569335163, 'lag_5': 0.3125724080167002, 'lag_6': 0.9033426201109396, 'lag_7': 0.982504155465223, 'lag_8': 0.1365681706601721, 'lag_9': 0.861885286001442, 'lag_10': 0.11720928532255456, 'lag_11': 0.2900286309104131, 'lag_12': 0.1869828825817571, 'lag_13': 0.4901964631953895, 'lag_14': 0.05245945846282776, 'lag_15': 0.189730150287145, 'lag_16': 0.13799967677722025, 'lag_17': 0.9689024837063871, 'lag_18': 0.9441673216020031, 'lag_19': 0.36724571019413116, 'lag_20': 0.990179296282425, 'lag_21': 0.6067595409331741, 'lag_22': 0.6150495481464758, 'lag_23': 0.6271676039434336, 'lag_24': 0.6265439803280873, 'lag_25': 0.3918102895400983, 'lag_26': 0.7239679388737706, 'lag_27': 0.14899406883762534, 'lag_28': 0.17546873353605225}. Best is trial 4 with value: 0.00684910919604516.
[I 2025-09-29 11:56:30,177] Trial 7 finished with value: 0.006930982800761376 and parameters: {'lag_0': 0.17031983481310947, 'lag_1': 0.06380581311933452, 'lag_2': 0.4343376286807217, 'lag_3': 0.3592917441732394, 'lag_4': 0.619129896119794, 'lag_5': 0.1183564509565439, 'lag_6': 0.7129028507697341, 'lag_7': 0.5223847469624036, 'lag_8': 0.6149986013752925, 'lag_9': 0.606915004352208, 'lag_10': 0.8944774244340186, 'lag_11': 0.3633711701191462, 'lag_12': 0.937252189247138, 'lag_13': 0.8397539865406994, 'lag_14': 0.1591348845704714, 'lag_15': 0.10283030241128971, 'lag_16': 0.36929324167290434, 'lag_17': 0.3951480629972691, 'lag_18': 0.5944558388492798, 'lag_19': 0.5215755178608138, 'lag_20': 0.6663027635823489, 'lag_21': 0.7897002913982212, 'lag_22': 0.9122734612416836, 'lag_23': 0.3623917971759467, 'lag_24': 0.5907744780974338, 'lag_25': 0.42191633313833055, 'lag_26': 0.18881833745215357, 'lag_27': 0.752272498618234, 'lag_28': 0.3730925623843625}. Best is trial 4 with value: 0.00684910919604516.
[I 2025-09-29 11:56:32,625] Trial 8 finished with value: 0.006929196764311534 and parameters: {'lag_0': 0.2486370996409882, 'lag_1': 0.9218286934939843, 'lag_2': 0.6720503132435646, 'lag_3': 0.4236394210839427, 'lag_4': 0.9550168438065717, 'lag_5': 0.4437222530688469, 'lag_6': 0.34674370093773077, 'lag_7': 0.05951337626578496, 'lag_8': 0.15081689843933657, 'lag_9': 0.7554701770824321, 'lag_10': 0.3115097727542435, 'lag_11': 0.17257531431101225, 'lag_12': 0.20978901249981632, 'lag_13': 0.2109628127141793, 'lag_14': 0.64766111993053, 'lag_15': 0.2811036394872542, 'lag_16': 0.9737329707458517, 'lag_17': 0.5724499516543621, 'lag_18': 0.2954426160673564, 'lag_19': 0.5091374691173063, 'lag_20': 0.813503595868406, 'lag_21': 0.7010910295637293, 'lag_22': 0.2250647880771666, 'lag_23': 0.30726919362069305, 'lag_24': 0.35033430975184104, 'lag_25': 0.8091068241371006, 'lag_26': 0.18290914375144776, 'lag_27': 0.403244152403245, 'lag_28': 0.7974401670656405}. Best is trial 4 with value: 0.00684910919604516.
[I 2025-09-29 11:56:35,085] Trial 9 finished with value: 0.007006879668969584 and parameters: {'lag_0': 0.5030605817926009, 'lag_1': 0.8504677607991482, 'lag_2': 0.8917388558733189, 'lag_3': 0.6781086864356525, 'lag_4': 0.2467188703071559, 'lag_5': 0.41512776650436595, 'lag_6': 0.6420196514371777, 'lag_7': 0.2581044132002989, 'lag_8': 0.9496008908830196, 'lag_9': 0.13130694665954223, 'lag_10': 0.7111097846197809, 'lag_11': 0.3096076751485338, 'lag_12': 0.2760112761544869, 'lag_13': 0.6653584222272207, 'lag_14': 0.9317450193824155, 'lag_15': 0.11932069663556892, 'lag_16': 0.6166053629473447, 'lag_17': 0.48326290046644604, 'lag_18': 0.9660231353093645, 'lag_19': 0.09232375525397561, 'lag_20': 0.8289008213026647, 'lag_21': 0.5581711095167647, 'lag_22': 0.9033219185021744, 'lag_23': 0.8657478626078985, 'lag_24': 0.5717049620585796, 'lag_25': 0.38344863422473957, 'lag_26': 0.22543835158686787, 'lag_27': 0.32759186707378785, 'lag_28': 0.5705566248267896}. Best is trial 4 with value: 0.00684910919604516.
[I 2025-09-29 11:56:37,598] Trial 10 finished with value: 0.006620503850142391 and parameters: {'lag_0': 0.9573784840796298, 'lag_1': 0.7729455652198663, 'lag_2': 0.40624952010088977, 'lag_3': 0.9720453508930693, 'lag_4': 0.7393500876600847, 'lag_5': 0.9814509316555359, 'lag_6': 0.02568862685417156, 'lag_7': 0.7423576898227562, 'lag_8': 0.39464083666813665, 'lag_9': 0.9570000841373101, 'lag_10': 0.6425259500142851, 'lag_11': 0.9747081805884643, 'lag_12': 0.6580821770213139, 'lag_13': 0.02024244979007217, 'lag_14': 0.5298784163954742, 'lag_15': 0.9830326619206353, 'lag_16': 0.28721031414060744, 'lag_17': 0.007379530769887843, 'lag_18': 0.26943613872618144, 'lag_19': 0.9939011969240614, 'lag_20': 0.055437973692355036, 'lag_21': 0.013556122158788944, 'lag_22': 0.013175331027762971, 'lag_23': 0.9607986144339388, 'lag_24': 0.03217323694969254, 'lag_25': 0.6456459049817711, 'lag_26': 0.9758060021725715, 'lag_27': 0.6613741224388343, 'lag_28': 0.7053667960639562}. Best is trial 10 with value: 0.006620503850142391.
[I 2025-09-29 11:56:40,108] Trial 11 finished with value: 0.007081508615024007 and parameters: {'lag_0': 0.9837240289472703, 'lag_1': 0.7430228019817784, 'lag_2': 0.4196089966303221, 'lag_3': 0.9523704598004593, 'lag_4': 0.7046438359895868, 'lag_5': 0.9419264617158601, 'lag_6': 0.02014101684857772, 'lag_7': 0.788534927580073, 'lag_8': 0.3678285718867605, 'lag_9': 0.986163178667816, 'lag_10': 0.6225992514568969, 'lag_11': 0.028411802746529102, 'lag_12': 0.6782526299918287, 'lag_13': 0.04796405944332047, 'lag_14': 0.5013191263285381, 'lag_15': 0.9781604561672699, 'lag_16': 0.2947057170277983, 'lag_17': 0.05578548119104776, 'lag_18': 0.25242908786054596, 'lag_19': 0.9731229050511631, 'lag_20': 0.0016113724546868297, 'lag_21': 0.023062124647184906, 'lag_22': 0.014046723847899997, 'lag_23': 0.9945004543416516, 'lag_24': 0.0020569367835372027, 'lag_25': 0.617028300019519, 'lag_26': 0.9689183908406696, 'lag_27': 0.673323589813614, 'lag_28': 0.7609415034810529}. Best is trial 10 with value: 0.006620503850142391.
[I 2025-09-29 11:56:42,612] Trial 12 finished with value: 0.0069811433439883035 and parameters: {'lag_0': 0.8279420031080477, 'lag_1': 0.6692962033738663, 'lag_2': 0.5515018555362305, 'lag_3': 0.9669745669831106, 'lag_4': 0.7552648831322661, 'lag_5': 0.7462831022508558, 'lag_6': 0.1598835489173456, 'lag_7': 0.6153074189510385, 'lag_8': 0.0469596499521972, 'lag_9': 0.9699503670360976, 'lag_10': 0.5984383103087773, 'lag_11': 0.6472186036641793, 'lag_12': 0.7471839318700743, 'lag_13': 0.2383842952584838, 'lag_14': 0.7298279452847087, 'lag_15': 0.9638390786950486, 'lag_16': 0.2640048329224811, 'lag_17': 0.04152441411205752, 'lag_18': 0.2607731091221425, 'lag_19': 0.7647726804944261, 'lag_20': 0.013134338061879289, 'lag_21': 0.05602852120286051, 'lag_22': 0.40698998645443457, 'lag_23': 0.011245611997127813, 'lag_24': 0.0036031037457732486, 'lag_25': 0.6115760071999373, 'lag_26': 0.9914626719138839, 'lag_27': 0.9455568806577903, 'lag_28': 0.6248629147439466}. Best is trial 10 with value: 0.006620503850142391.
[I 2025-09-29 11:56:45,115] Trial 13 finished with value: 0.00692139611326858 and parameters: {'lag_0': 0.8072034606607992, 'lag_1': 0.9984884058725183, 'lag_2': 0.302210703101054, 'lag_3': 0.7981083425725163, 'lag_4': 0.27373047552841717, 'lag_5': 0.7871866845783964, 'lag_6': 0.39791958125048754, 'lag_7': 0.8696981672605681, 'lag_8': 0.3842262709939368, 'lag_9': 0.35364196657995245, 'lag_10': 0.9634039726802761, 'lag_11': 0.9954308808149461, 'lag_12': 0.5510638311411729, 'lag_13': 0.29544867676330155, 'lag_14': 0.43567958054466593, 'lag_15': 0.7441686134149149, 'lag_16': 0.5576740101203197, 'lag_17': 0.18773656662761695, 'lag_18': 0.3781209553786321, 'lag_19': 0.8047113432698808, 'lag_20': 0.5427768640419576, 'lag_21': 0.17233805737079622, 'lag_22': 0.019290808424235306, 'lag_23': 0.8530478788492071, 'lag_24': 0.9495954086622221, 'lag_25': 0.6010371702073142, 'lag_26': 0.7622762246628955, 'lag_27': 0.6066133039930806, 'lag_28': 0.976188011956902}. Best is trial 10 with value: 0.006620503850142391.
[I 2025-09-29 11:56:47,618] Trial 14 finished with value: 0.0068269955557169765 and parameters: {'lag_0': 0.9859341973786175, 'lag_1': 0.6675123392238885, 'lag_2': 0.5504282552310367, 'lag_3': 0.8314582716895533, 'lag_4': 0.4886516612199511, 'lag_5': 0.9916150685449532, 'lag_6': 0.13852635846056952, 'lag_7': 0.3739962944807159, 'lag_8': 0.3441824878707678, 'lag_9': 0.8294084837443934, 'lag_10': 0.38004808626596565, 'lag_11': 0.521959916854939, 'lag_12': 0.9931009359217348, 'lag_13': 0.02461820950442528, 'lag_14': 0.8034579771014971, 'lag_15': 0.8317544919685964, 'lag_16': 0.7702794932112733, 'lag_17': 0.18983468876288595, 'lag_18': 0.12289227940399339, 'lag_19': 0.7971186258379326, 'lag_20': 0.23870346795816116, 'lag_21': 0.35103570318979016, 'lag_22': 0.3935536894995384, 'lag_23': 0.9538490638960118, 'lag_24': 0.13926353716236128, 'lag_25': 0.01560186265845337, 'lag_26': 0.806452310314449, 'lag_27': 0.8418719801877331, 'lag_28': 0.6633989031936671}. Best is trial 10 with value: 0.006620503850142391.
[I 2025-09-29 11:56:50,118] Trial 15 finished with value: 0.006954458430941638 and parameters: {'lag_0': 0.7345163133569828, 'lag_1': 0.6432739696902272, 'lag_2': 0.5452311746770774, 'lag_3': 0.7932100293678257, 'lag_4': 0.47690941490047484, 'lag_5': 0.9888050195807696, 'lag_6': 0.29698505299381167, 'lag_7': 0.41730487049184756, 'lag_8': 0.456736284020689, 'lag_9': 0.8229567247944376, 'lag_10': 0.3081452748384106, 'lag_11': 0.9138651502715835, 'lag_12': 0.02433765862320536, 'lag_13': 0.006527597979204177, 'lag_14': 0.48601336628656144, 'lag_15': 0.8300507189110821, 'lag_16': 0.8203770424349435, 'lag_17': 0.16800155533410327, 'lag_18': 0.1318642938331238, 'lag_19': 0.6853545624838018, 'lag_20': 0.18784037862960226, 'lag_21': 0.3811144043265834, 'lag_22': 0.4186991075146086, 'lag_23': 0.7946452684526997, 'lag_24': 0.11081188309875227, 'lag_25': 0.05416380407680871, 'lag_26': 0.8418177892403872, 'lag_27': 0.8941010558286286, 'lag_28': 0.8604649684483995}. Best is trial 10 with value: 0.006620503850142391.
[I 2025-09-29 11:56:52,623] Trial 16 finished with value: 0.00717880095481178 and parameters: {'lag_0': 0.3495821365981119, 'lag_1': 0.7853861834678598, 'lag_2': 0.2991088865682671, 'lag_3': 0.8066277773765449, 'lag_4': 0.9079059673945016, 'lag_5': 0.6400843764782844, 'lag_6': 0.04425329487856777, 'lag_7': 0.5384640841253772, 'lag_8': 0.2968182238077043, 'lag_9': 0.8680592165898344, 'lag_10': 0.38827594296524864, 'lag_11': 0.7252777078453432, 'lag_12': 0.962293981549195, 'lag_13': 0.12282778414390837, 'lag_14': 0.8093819252064837, 'lag_15': 0.8171795226691909, 'lag_16': 0.008551660784723858, 'lag_17': 0.01896078158421277, 'lag_18': 0.734818400090163, 'lag_19': 0.8655888312982596, 'lag_20': 0.162385957518405, 'lag_21': 0.30303237438937514, 'lag_22': 0.1311046172445871, 'lag_23': 0.7681675256296272, 'lag_24': 0.3701745141174645, 'lag_25': 0.999624042355546, 'lag_26': 0.5507158585642903, 'lag_27': 0.7967371389717701, 'lag_28': 0.3841224873286674}. Best is trial 10 with value: 0.006620503850142391.
[I 2025-09-29 11:56:55,132] Trial 17 finished with value: 0.007152009971596637 and parameters: {'lag_0': 0.6926737459625848, 'lag_1': 0.21561035447561833, 'lag_2': 0.38423764321997866, 'lag_3': 0.6507614409953527, 'lag_4': 0.6843008455444606, 'lag_5': 0.6268365585906153, 'lag_6': 0.12163798131417997, 'lag_7': 0.7416613203394616, 'lag_8': 0.5060597434601766, 'lag_9': 0.9717149130932331, 'lag_10': 0.822470694337528, 'lag_11': 0.6490861638249652, 'lag_12': 0.8459767000030566, 'lag_13': 0.32852720626054754, 'lag_14': 0.5599959421399636, 'lag_15': 0.6964820753814889, 'lag_16': 0.7583079345314602, 'lag_17': 0.1472627425008352, 'lag_18': 0.09746754956271297, 'lag_19': 0.7133472380694509, 'lag_20': 0.20073423843909982, 'lag_21': 0.45572076253830673, 'lag_22': 0.5433000071400833, 'lag_23': 0.9865133921338245, 'lag_24': 0.77658214389282, 'lag_25': 0.507303970393502, 'lag_26': 0.8752267266417595, 'lag_27': 0.560888017940741, 'lag_28': 0.6649871497201845}. Best is trial 10 with value: 0.006620503850142391.
[I 2025-09-29 11:56:57,627] Trial 18 finished with value: 0.006729460041878098 and parameters: {'lag_0': 0.8663911014266318, 'lag_1': 0.5955111035202595, 'lag_2': 0.5942868721287732, 'lag_3': 0.8644991448111239, 'lag_4': 0.5536126987473273, 'lag_5': 0.8974146780891762, 'lag_6': 0.4614881779923949, 'lag_7': 0.3919185165717189, 'lag_8': 0.7987182780121909, 'lag_9': 0.7794730347078689, 'lag_10': 0.7024917884239289, 'lag_11': 0.529604903356093, 'lag_12': 0.9950449516200965, 'lag_13': 0.11904182097430466, 'lag_14': 0.3264925646383768, 'lag_15': 0.9274199710778599, 'lag_16': 0.4658723697733453, 'lag_17': 0.3670888591562599, 'lag_18': 0.16848913024480303, 'lag_19': 0.1758315884553151, 'lag_20': 0.3659412773353072, 'lag_21': 0.1411725750099033, 'lag_22': 0.39628433405843266, 'lag_23': 0.5393196840497101, 'lag_24': 0.11531167525171468, 'lag_25': 0.7410016468687006, 'lag_26': 0.630570668203668, 'lag_27': 0.8224924653328232, 'lag_28': 0.8424187393279313}. Best is trial 10 with value: 0.006620503850142391.
[I 2025-09-29 11:57:00,131] Trial 19 finished with value: 0.0069417415597454474 and parameters: {'lag_0': 0.814740884095313, 'lag_1': 0.5960642960873025, 'lag_2': 0.7831758107502851, 'lag_3': 0.8697880277646473, 'lag_4': 0.796884433144622, 'lag_5': 0.886050862646581, 'lag_6': 0.4927978730155774, 'lag_7': 0.6251293458880968, 'lag_8': 0.8337543619373355, 'lag_9': 0.5095231897375317, 'lag_10': 0.6698237393403766, 'lag_11': 0.12758156845361251, 'lag_12': 0.4368899555247405, 'lag_13': 0.16429039050345184, 'lag_14': 0.306312606283773, 'lag_15': 0.9145099971780439, 'lag_16': 0.21340595324856632, 'lag_17': 0.3876191881636645, 'lag_18': 0.3942158408259572, 'lag_19': 0.014479642732964731, 'lag_20': 0.48725125705764233, 'lag_21': 0.123526848408581, 'lag_22': 0.10025189674130114, 'lag_23': 0.18284959630037595, 'lag_24': 0.361496598382958, 'lag_25': 0.7085897216756244, 'lag_26': 0.6446907984136708, 'lag_27': 0.6791323234365353, 'lag_28': 0.8979742521192029}. Best is trial 10 with value: 0.006620503850142391.
[I 2025-09-29 11:57:02,651] Trial 20 finished with value: 0.007145809629115421 and parameters: {'lag_0': 0.075122223602623, 'lag_1': 0.5669879646738412, 'lag_2': 0.5903162881053673, 'lag_3': 0.7199553678336528, 'lag_4': 0.6069418476260445, 'lag_5': 0.7038237315781644, 'lag_6': 0.7598844197539871, 'lag_7': 0.8657475590476573, 'lag_8': 0.8485828348189116, 'lag_9': 0.7432520371918853, 'lag_10': 0.8278755524033447, 'lag_11': 0.9437782148904186, 'lag_12': 0.8345077915438158, 'lag_13': 0.3724971361911244, 'lag_14': 0.36876439129209887, 'lag_15': 0.4439253546634771, 'lag_16': 0.4495163059900223, 'lag_17': 0.5893927561125805, 'lag_18': 0.17232706573709833, 'lag_19': 0.23579642116213495, 'lag_20': 0.3312673473860499, 'lag_21': 0.26871158293370956, 'lag_22': 0.8040665899068878, 'lag_23': 0.4512289969420661, 'lag_24': 0.06703590123810793, 'lag_25': 0.9479674438722574, 'lag_26': 0.3776221262596746, 'lag_27': 0.9890274116143122, 'lag_28': 0.8781890896868917}. Best is trial 10 with value: 0.006620503850142391.
[I 2025-09-29 11:57:05,157] Trial 21 finished with value: 0.0071726249192874455 and parameters: {'lag_0': 0.9012558885301418, 'lag_1': 0.766438349799169, 'lag_2': 0.4845033089833974, 'lag_3': 0.9865616606725528, 'lag_4': 0.5291064716763354, 'lag_5': 0.9957016763684648, 'lag_6': 0.4327374897176788, 'lag_7': 0.41190660027214626, 'lag_8': 0.5473470381439018, 'lag_9': 0.8772744100726475, 'lag_10': 0.5641804650487607, 'lag_11': 0.5146807198916304, 'lag_12': 0.9787817175185027, 'lag_13': 0.083671146978741, 'lag_14': 0.2321957743503864, 'lag_15': 0.8614737066318018, 'lag_16': 0.3711019663191038, 'lag_17': 0.3079432950353779, 'lag_18': 0.15429832566057786, 'lag_19': 0.2328362243477031, 'lag_20': 0.09440690846269832, 'lag_21': 0.006496867999632182, 'lag_22': 0.35769969279803904, 'lag_23': 0.542766327973443, 'lag_24': 0.12586196421402732, 'lag_25': 0.7105787323348579, 'lag_26': 0.8818424291293601, 'lag_27': 0.8393382048616835, 'lag_28': 0.6672891176706354}. Best is trial 10 with value: 0.006620503850142391.
[I 2025-09-29 11:57:07,660] Trial 22 finished with value: 0.007139355003113902 and parameters: {'lag_0': 0.9944671897843458, 'lag_1': 0.6962238327807678, 'lag_2': 0.629527384840296, 'lag_3': 0.8783922042783733, 'lag_4': 0.4210552734675558, 'lag_5': 0.8816101090311181, 'lag_6': 0.5656772649777114, 'lag_7': 0.3284835247830958, 'lag_8': 0.42065435162328485, 'lag_9': 0.7829477081562901, 'lag_10': 0.40816360621229886, 'lag_11': 0.5219166700123147, 'lag_12': 0.8916961658488926, 'lag_13': 0.0008637388076143324, 'lag_14': 0.5845409548396249, 'lag_15': 0.7452055918838204, 'lag_16': 0.5175697038564046, 'lag_17': 0.11813051187736974, 'lag_18': 0.16623066754608107, 'lag_19': 0.8936693916195733, 'lag_20': 0.27682121660987447, 'lag_21': 0.12844502643980948, 'lag_22': 0.5015302214895966, 'lag_23': 0.7403497245609474, 'lag_24': 0.2591940816297463, 'lag_25': 0.4827097094851408, 'lag_26': 0.6407258618424191, 'lag_27': 0.715886434374607, 'lag_28': 0.7218315437341706}. Best is trial 10 with value: 0.006620503850142391.
[I 2025-09-29 11:57:10,164] Trial 23 finished with value: 0.006713354748141792 and parameters: {'lag_0': 0.9030996139739136, 'lag_1': 0.8660697120366876, 'lag_2': 0.8407686864781212, 'lag_3': 0.7515562353049073, 'lag_4': 0.6158260075219292, 'lag_5': 0.9110974831580797, 'lag_6': 0.27459773197392645, 'lag_7': 0.34957593463616626, 'lag_8': 0.27103257428073335, 'lag_9': 0.8978307454692676, 'lag_10': 0.6978073103323414, 'lag_11': 0.7600185724820578, 'lag_12': 0.9993329358265597, 'lag_13': 0.1320130893801384, 'lag_14': 0.3922278784948117, 'lag_15': 0.9827623679775188, 'lag_16': 0.34694941376634014, 'lag_17': 0.22128884531360693, 'lag_18': 0.3774836945725539, 'lag_19': 0.6136076056432076, 'lag_20': 0.4373348890006495, 'lag_21': 0.30416573951331594, 'lag_22': 0.3414910713179401, 'lag_23': 0.893201439273917, 'lag_24': 0.11714335768448514, 'lag_25': 0.7264915484723286, 'lag_26': 0.8260277787474137, 'lag_27': 0.871730382836189, 'lag_28': 0.498780166006153}. Best is trial 10 with value: 0.006620503850142391.
