2025-09-29 13:17:59,260 - distributed.nanny - INFO -         Start Nanny at: 'tcp://192.168.86.107:41212'
2025-09-29 13:18:00,618 - distributed.worker - INFO -       Start worker at: tcp://192.168.86.107:39066
2025-09-29 13:18:00,619 - distributed.worker - INFO -          Listening to: tcp://192.168.86.107:39066
2025-09-29 13:18:00,619 - distributed.worker - INFO -           Worker name:             SLURMCluster-1
2025-09-29 13:18:00,619 - distributed.worker - INFO -          dashboard at:       192.168.86.107:33039
2025-09-29 13:18:00,619 - distributed.worker - INFO - Waiting to connect to: tcp://192.168.86.101:42031
2025-09-29 13:18:00,619 - distributed.worker - INFO - -------------------------------------------------
2025-09-29 13:18:00,619 - distributed.worker - INFO -               Threads:                          1
2025-09-29 13:18:00,619 - distributed.worker - INFO -                Memory:                   9.31 GiB
2025-09-29 13:18:00,619 - distributed.worker - INFO -       Local Directory: /home1/zrentala/dask-worker-space/dask-scratch-space/worker-n665jmkt
2025-09-29 13:18:00,619 - distributed.worker - INFO - -------------------------------------------------
2025-09-29 13:18:00,951 - distributed.worker - INFO - Starting Worker plugin shuffle
2025-09-29 13:18:00,952 - distributed.worker - INFO -         Registered to: tcp://192.168.86.101:42031
2025-09-29 13:18:00,952 - distributed.worker - INFO - -------------------------------------------------
2025-09-29 13:18:00,952 - distributed.core - INFO - Starting established connection to tcp://192.168.86.101:42031
[I 2025-09-29 13:18:01,061] A new study created in memory with name: no-name-7e9c96e0-22d2-4031-843f-c6d7444d70ff
[I 2025-09-29 13:18:03,448] Trial 0 finished with value: 0.006412151240018272 and parameters: {'lag_0': 0.9660891017108115, 'lag_1': 0.01877098288363342, 'lag_2': 0.5086001178651071, 'lag_3': 0.682079578396415, 'lag_4': 0.5556284246820166, 'lag_5': 0.3830813789703663, 'lag_6': 0.9600879291899321, 'lag_7': 0.8906931938893902, 'lag_8': 0.35836612109188337, 'lag_9': 0.44404668817849635, 'lag_10': 0.11090135916546066, 'lag_11': 0.42357150740005883, 'lag_12': 0.08553561119223431, 'lag_13': 0.9121804273978111, 'lag_14': 0.773447497352425, 'lag_15': 0.35530699154338075, 'lag_16': 0.7893707923970122, 'lag_17': 0.5686753545346392, 'lag_18': 0.2178822327423643, 'lag_19': 0.40094854039492944, 'lag_20': 0.050369164935251384, 'lag_21': 0.8867701279790147, 'lag_22': 0.8373713707644282, 'lag_23': 0.2625100905646811, 'lag_24': 0.95261536403837, 'lag_25': 0.6444119307090463, 'lag_26': 0.13959086222093148, 'lag_27': 0.16767926040029738, 'lag_28': 0.8721418893519274}. Best is trial 0 with value: 0.006412151240018272.
[I 2025-09-29 13:18:05,851] Trial 1 finished with value: 0.005929544320401223 and parameters: {'lag_0': 0.7570897261936547, 'lag_1': 0.7487915537844355, 'lag_2': 0.9104561162878682, 'lag_3': 0.5659261552031332, 'lag_4': 0.5551087611136546, 'lag_5': 0.8032468494633792, 'lag_6': 0.5047914513974356, 'lag_7': 0.6912216944948998, 'lag_8': 0.7993798524312773, 'lag_9': 0.8917211683406563, 'lag_10': 0.99986636526189, 'lag_11': 0.46378344223126133, 'lag_12': 0.39799861830552224, 'lag_13': 0.1946935965196743, 'lag_14': 0.7904872221455421, 'lag_15': 0.8581563309179584, 'lag_16': 0.6053641388976894, 'lag_17': 0.535244469791493, 'lag_18': 0.610102717420178, 'lag_19': 0.20547707014484395, 'lag_20': 0.5794966167199478, 'lag_21': 0.6356589463342817, 'lag_22': 0.2899641241778154, 'lag_23': 0.9734020870304416, 'lag_24': 0.7835156419245849, 'lag_25': 0.7937537240784183, 'lag_26': 0.7600010093595934, 'lag_27': 0.0879284509215628, 'lag_28': 0.12993331796416427}. Best is trial 1 with value: 0.005929544320401223.
[I 2025-09-29 13:18:08,268] Trial 2 finished with value: 0.005402492377316939 and parameters: {'lag_0': 0.31473050111829187, 'lag_1': 0.6167788574329195, 'lag_2': 0.48776041026983, 'lag_3': 0.6365910945744131, 'lag_4': 0.15254041856672557, 'lag_5': 0.9385422976356964, 'lag_6': 0.9079683834970925, 'lag_7': 0.9033320355495368, 'lag_8': 0.04944587823070001, 'lag_9': 0.8492813000000488, 'lag_10': 0.2760304281167626, 'lag_11': 0.6651949022329401, 'lag_12': 0.7341547918465753, 'lag_13': 0.07852916096193713, 'lag_14': 0.527037379121758, 'lag_15': 0.12659849026475106, 'lag_16': 0.24030862386066773, 'lag_17': 0.635642629761831, 'lag_18': 0.028985483978033154, 'lag_19': 0.43827372738297304, 'lag_20': 0.9424763768336161, 'lag_21': 0.6428959460395915, 'lag_22': 0.406449082541497, 'lag_23': 0.7045759605316038, 'lag_24': 0.8171809096464902, 'lag_25': 0.7860217670185617, 'lag_26': 0.2409685508529492, 'lag_27': 0.24858550720035852, 'lag_28': 0.2576009844343185}. Best is trial 2 with value: 0.005402492377316939.
[I 2025-09-29 13:18:10,660] Trial 3 finished with value: 0.005478116058499458 and parameters: {'lag_0': 0.2222164641170357, 'lag_1': 0.7085649396405818, 'lag_2': 0.0540870200295194, 'lag_3': 0.7520298889568128, 'lag_4': 0.6035297180402328, 'lag_5': 0.002023103078437692, 'lag_6': 0.720279982553142, 'lag_7': 0.9677838135601348, 'lag_8': 0.8100212821619173, 'lag_9': 0.39227741177639736, 'lag_10': 0.33718182168772065, 'lag_11': 0.9941060664943656, 'lag_12': 0.9728292090672742, 'lag_13': 0.04193060623751266, 'lag_14': 0.18918020431672328, 'lag_15': 0.6528306614627648, 'lag_16': 0.8470370493262392, 'lag_17': 0.02011969418335161, 'lag_18': 0.558224647897129, 'lag_19': 0.28994633271783044, 'lag_20': 0.37091246438293135, 'lag_21': 0.6184281250277368, 'lag_22': 0.0809843752909982, 'lag_23': 0.8934970477289168, 'lag_24': 0.5609538437535196, 'lag_25': 0.4542721384398546, 'lag_26': 0.38892237762934795, 'lag_27': 0.15045099326945413, 'lag_28': 0.19833893169368275}. Best is trial 2 with value: 0.005402492377316939.
[I 2025-09-29 13:18:13,048] Trial 4 finished with value: 0.0055724177932238335 and parameters: {'lag_0': 0.5361000112646946, 'lag_1': 0.19421536907373949, 'lag_2': 0.0684692889476136, 'lag_3': 0.5221232703893425, 'lag_4': 0.29888085550227944, 'lag_5': 0.8796176874901529, 'lag_6': 0.6363851720266605, 'lag_7': 0.4019748539970846, 'lag_8': 0.16719741360465676, 'lag_9': 0.6044243799419955, 'lag_10': 0.6251233251814841, 'lag_11': 0.49362712387519314, 'lag_12': 0.24756503540919866, 'lag_13': 0.2820794373546861, 'lag_14': 0.8152539389083805, 'lag_15': 0.8884468569313092, 'lag_16': 0.38582920751844474, 'lag_17': 0.6981796476050561, 'lag_18': 0.038718918826467094, 'lag_19': 0.33037063063250804, 'lag_20': 0.35802230893346815, 'lag_21': 0.1853448064600299, 'lag_22': 0.394377517831856, 'lag_23': 0.811795435683166, 'lag_24': 0.814951437792969, 'lag_25': 0.20578726606667538, 'lag_26': 0.568966465916253, 'lag_27': 0.9109189346845488, 'lag_28': 0.5619043160858781}. Best is trial 2 with value: 0.005402492377316939.
[I 2025-09-29 13:18:15,442] Trial 5 finished with value: 0.006856389708296035 and parameters: {'lag_0': 0.8859766478049603, 'lag_1': 0.769136764214219, 'lag_2': 0.669897798886081, 'lag_3': 0.8409180960940458, 'lag_4': 0.7900894513002821, 'lag_5': 0.2391005387100317, 'lag_6': 0.6809607330319738, 'lag_7': 0.04883936222903428, 'lag_8': 0.3978899577011887, 'lag_9': 0.722476395768134, 'lag_10': 0.8624481294247368, 'lag_11': 0.7928171124621826, 'lag_12': 0.07502153523721188, 'lag_13': 0.863131012732098, 'lag_14': 0.7811948881547344, 'lag_15': 0.33105491200560166, 'lag_16': 0.9275403461800104, 'lag_17': 0.10030336761143904, 'lag_18': 0.6101740669176281, 'lag_19': 0.9291637438672439, 'lag_20': 0.2873830037523286, 'lag_21': 0.45930390690947226, 'lag_22': 0.8756532545529414, 'lag_23': 0.8413283296087476, 'lag_24': 0.9569302407917266, 'lag_25': 0.07931075995814114, 'lag_26': 0.23768096403584948, 'lag_27': 0.23006583002882894, 'lag_28': 0.6906591069074365}. Best is trial 2 with value: 0.005402492377316939.
[I 2025-09-29 13:18:17,833] Trial 6 finished with value: 0.006513474260382265 and parameters: {'lag_0': 0.9007104996881284, 'lag_1': 0.8707143378247514, 'lag_2': 0.29132318167377214, 'lag_3': 0.3239500463725867, 'lag_4': 0.4863349819340089, 'lag_5': 0.6859685961475943, 'lag_6': 0.0010128794506592865, 'lag_7': 0.07648070470249187, 'lag_8': 0.7384237591204652, 'lag_9': 0.08083075863111433, 'lag_10': 0.5788419190825725, 'lag_11': 0.35283152688977687, 'lag_12': 0.991817803415194, 'lag_13': 0.9697802178297189, 'lag_14': 0.6213884540398903, 'lag_15': 0.3229612618647775, 'lag_16': 0.9551246275096356, 'lag_17': 0.06928998887373002, 'lag_18': 0.5463616029179136, 'lag_19': 0.4729577616567915, 'lag_20': 0.6931773460995158, 'lag_21': 0.5660903833137714, 'lag_22': 0.05139893230588646, 'lag_23': 0.6009977264264496, 'lag_24': 0.8878668328229075, 'lag_25': 0.7999349248821119, 'lag_26': 0.009501580602074138, 'lag_27': 0.3446691542598566, 'lag_28': 0.15794615337111365}. Best is trial 2 with value: 0.005402492377316939.
[I 2025-09-29 13:18:20,225] Trial 7 finished with value: 0.006630981959695775 and parameters: {'lag_0': 0.06044668779639641, 'lag_1': 0.07000991678998603, 'lag_2': 0.0055373580591237745, 'lag_3': 0.31222741284140265, 'lag_4': 0.19424622717345327, 'lag_5': 0.4998097912548713, 'lag_6': 0.9662420397118899, 'lag_7': 0.30079320002514165, 'lag_8': 0.0031307540944740314, 'lag_9': 0.006173443654396788, 'lag_10': 0.45922641619156707, 'lag_11': 0.9105498316662702, 'lag_12': 0.18502541028917882, 'lag_13': 0.7195979157552524, 'lag_14': 0.03209882197097352, 'lag_15': 0.7510692751050854, 'lag_16': 0.5787200137672672, 'lag_17': 0.20991606048600836, 'lag_18': 0.8050366057597411, 'lag_19': 0.6601633343290356, 'lag_20': 0.5332763064932773, 'lag_21': 0.28583889109584626, 'lag_22': 0.5984742807475073, 'lag_23': 0.7922854512352402, 'lag_24': 0.9553142349985791, 'lag_25': 0.3884922989605713, 'lag_26': 0.2002937562865394, 'lag_27': 0.9629815505942088, 'lag_28': 0.7009012163863884}. Best is trial 2 with value: 0.005402492377316939.
[I 2025-09-29 13:18:22,608] Trial 8 finished with value: 0.006337908148855986 and parameters: {'lag_0': 0.3308319833299651, 'lag_1': 0.632787646775366, 'lag_2': 0.10490692511924951, 'lag_3': 0.6096923778913528, 'lag_4': 0.6866187167300846, 'lag_5': 0.4282184902942465, 'lag_6': 0.5186888732053688, 'lag_7': 0.640168775104096, 'lag_8': 0.7805969498589401, 'lag_9': 0.8492456431365843, 'lag_10': 0.14918754450227995, 'lag_11': 0.8883497260678885, 'lag_12': 0.28971437772632946, 'lag_13': 0.4244367151636157, 'lag_14': 0.39804862997814816, 'lag_15': 0.631714946637817, 'lag_16': 0.48697666641716814, 'lag_17': 0.34546418772037757, 'lag_18': 0.4686109813200702, 'lag_19': 0.3652140455189817, 'lag_20': 0.857796355243608, 'lag_21': 0.43689913047317264, 'lag_22': 0.45090354340074434, 'lag_23': 0.9411429314597984, 'lag_24': 0.03790017480510658, 'lag_25': 0.8994017475226291, 'lag_26': 0.8449729314032994, 'lag_27': 0.9833824511248782, 'lag_28': 0.26911713407501314}. Best is trial 2 with value: 0.005402492377316939.
[I 2025-09-29 13:18:25,099] Trial 9 finished with value: 0.006515425382105654 and parameters: {'lag_0': 0.0933249639152851, 'lag_1': 0.9759186121510236, 'lag_2': 0.052302385396172386, 'lag_3': 0.24278596837471741, 'lag_4': 0.8133069032959724, 'lag_5': 0.08438498563533382, 'lag_6': 0.9645431741148637, 'lag_7': 0.8496205297884247, 'lag_8': 0.8817593978524286, 'lag_9': 0.34947588458321405, 'lag_10': 0.4548035151684051, 'lag_11': 0.2694860421371306, 'lag_12': 0.009198822793509507, 'lag_13': 0.1695859482277574, 'lag_14': 0.5288232877389311, 'lag_15': 0.49083631744717393, 'lag_16': 0.6891848285326073, 'lag_17': 0.17767171621284214, 'lag_18': 0.39884065274095637, 'lag_19': 0.4182943983559766, 'lag_20': 0.8952211788768306, 'lag_21': 0.4003178091378499, 'lag_22': 0.3904601030612425, 'lag_23': 0.01227665016460157, 'lag_24': 0.113634298759162, 'lag_25': 0.6179652337416248, 'lag_26': 0.4494074598391125, 'lag_27': 0.9791142412577551, 'lag_28': 0.10701971839923254}. Best is trial 2 with value: 0.005402492377316939.
[I 2025-09-29 13:18:27,550] Trial 10 finished with value: 0.006865370309232133 and parameters: {'lag_0': 0.5034162585528035, 'lag_1': 0.41620177491306953, 'lag_2': 0.6485044943267249, 'lag_3': 0.9276026515163347, 'lag_4': 0.019353799113504322, 'lag_5': 0.965262578144145, 'lag_6': 0.20930130952008258, 'lag_7': 0.6501762254590753, 'lag_8': 0.16219253549559437, 'lag_9': 0.9991590266832207, 'lag_10': 0.24169238060327636, 'lag_11': 0.6818142392061803, 'lag_12': 0.7492462503496637, 'lag_13': 0.5712932934381683, 'lag_14': 0.9968638646278383, 'lag_15': 0.008280274180449923, 'lag_16': 0.07712698405695759, 'lag_17': 0.9816846239430885, 'lag_18': 0.037868453046993746, 'lag_19': 0.03475068849800084, 'lag_20': 0.9943395720241772, 'lag_21': 0.9772692884333123, 'lag_22': 0.6438478911182772, 'lag_23': 0.47859607226166956, 'lag_24': 0.536648189239351, 'lag_25': 0.9897297541506676, 'lag_26': 0.6273350165261663, 'lag_27': 0.5742638898220264, 'lag_28': 0.37910431442113757}. Best is trial 2 with value: 0.005402492377316939.
[I 2025-09-29 13:18:29,989] Trial 11 finished with value: 0.006931526559623928 and parameters: {'lag_0': 0.32330718306718553, 'lag_1': 0.48511325708419184, 'lag_2': 0.34030003954228216, 'lag_3': 0.7488607656427083, 'lag_4': 0.3625215405233816, 'lag_5': 0.0023566183790103127, 'lag_6': 0.8008598437298762, 'lag_7': 0.9901454834786036, 'lag_8': 0.5820572159815713, 'lag_9': 0.27887906922540656, 'lag_10': 0.3068614893660289, 'lag_11': 0.04294811198803711, 'lag_12': 0.7292910563998867, 'lag_13': 0.029936222000091994, 'lag_14': 0.25035094364348875, 'lag_15': 0.07580594565497266, 'lag_16': 0.21870462837426452, 'lag_17': 0.7841878663407356, 'lag_18': 0.9258117174575051, 'lag_19': 0.6384085087887774, 'lag_20': 0.28617251409884936, 'lag_21': 0.7775891057242508, 'lag_22': 0.0018442949490041216, 'lag_23': 0.6309357037620605, 'lag_24': 0.5591633092906907, 'lag_25': 0.3927109851658674, 'lag_26': 0.38186802924838414, 'lag_27': 0.00359870078418964, 'lag_28': 0.3803366729384583}. Best is trial 2 with value: 0.005402492377316939.
[I 2025-09-29 13:18:32,429] Trial 12 finished with value: 0.006919891095786797 and parameters: {'lag_0': 0.2543502547422397, 'lag_1': 0.3089583855837691, 'lag_2': 0.9574680086113266, 'lag_3': 0.9697094806971607, 'lag_4': 0.9897491446135875, 'lag_5': 0.6592400766588336, 'lag_6': 0.7716773975800029, 'lag_7': 0.9901051020288968, 'lag_8': 0.9834333759188545, 'lag_9': 0.5750052669121801, 'lag_10': 0.3309254971195974, 'lag_11': 0.6671838378968947, 'lag_12': 0.9880584947357569, 'lag_13': 0.0051360483015049085, 'lag_14': 0.25147783702174553, 'lag_15': 0.5888865496123291, 'lag_16': 0.33971035402412775, 'lag_17': 0.37827788566199466, 'lag_18': 0.2923348065987552, 'lag_19': 0.1590324039022945, 'lag_20': 0.01904998048183526, 'lag_21': 0.7281110846129175, 'lag_22': 0.19932751868255094, 'lag_23': 0.692852895828726, 'lag_24': 0.2990825313825659, 'lag_25': 0.5183588453333978, 'lag_26': 0.3373843983385216, 'lag_27': 0.4681292975010516, 'lag_28': 0.027244468874809025}. Best is trial 2 with value: 0.005402492377316939.
[I 2025-09-29 13:18:34,872] Trial 13 finished with value: 0.006951757209198224 and parameters: {'lag_0': 0.2067525733455357, 'lag_1': 0.5916389581598109, 'lag_2': 0.3208124492120899, 'lag_3': 0.07264459836062376, 'lag_4': 0.14476026683651494, 'lag_5': 0.21776333480937182, 'lag_6': 0.7957607894883243, 'lag_7': 0.8018355339393518, 'lag_8': 0.586992399504592, 'lag_9': 0.24742515112188904, 'lag_10': 0.020917140147658997, 'lag_11': 0.9710824185962676, 'lag_12': 0.760585696228268, 'lag_13': 0.37568477004651957, 'lag_14': 0.05432339449108903, 'lag_15': 0.19487168720580783, 'lag_16': 0.07840873300319343, 'lag_17': 0.8005575091833398, 'lag_18': 0.7625860146364601, 'lag_19': 0.6390054591644168, 'lag_20': 0.720502809310773, 'lag_21': 0.6502265662151574, 'lag_22': 0.18050771565918203, 'lag_23': 0.4310964128560826, 'lag_24': 0.7176758470641273, 'lag_25': 0.30146884296282006, 'lag_26': 0.0624256445019315, 'lag_27': 0.3218750915502029, 'lag_28': 0.2906647203890814}. Best is trial 2 with value: 0.005402492377316939.
[I 2025-09-29 13:18:37,317] Trial 14 finished with value: 0.006951479279402725 and parameters: {'lag_0': 0.41224887117877074, 'lag_1': 0.6479582652108938, 'lag_2': 0.7825871989847489, 'lag_3': 0.783355414473669, 'lag_4': 0.41868162148624416, 'lag_5': 0.62383850525208, 'lag_6': 0.3613744993591619, 'lag_7': 0.49906735818513387, 'lag_8': 0.4107001207795696, 'lag_9': 0.6917368816817384, 'lag_10': 0.744462773271276, 'lag_11': 0.6588518167055861, 'lag_12': 0.5493201134271827, 'lag_13': 0.1441134186212092, 'lag_14': 0.33561625816578655, 'lag_15': 0.7130315733377144, 'lag_16': 0.2495894574823086, 'lag_17': 0.36900714409754637, 'lag_18': 0.27382159500656805, 'lag_19': 0.2205697773134087, 'lag_20': 0.4013881965478036, 'lag_21': 0.010704522661225624, 'lag_22': 0.6364041526048559, 'lag_23': 0.3309728611550709, 'lag_24': 0.6601062186521501, 'lag_25': 0.6272431476398744, 'lag_26': 0.9998180615189505, 'lag_27': 0.504405887492734, 'lag_28': 0.4213981868772366}. Best is trial 2 with value: 0.005402492377316939.
[I 2025-09-29 13:18:39,770] Trial 15 finished with value: 0.006346537599453911 and parameters: {'lag_0': 0.6419472840382612, 'lag_1': 0.7843647021165053, 'lag_2': 0.20812346548220928, 'lag_3': 0.4027124653601851, 'lag_4': 0.662685565328071, 'lag_5': 0.274228272480623, 'lag_6': 0.6474971398259521, 'lag_7': 0.762078449585517, 'lag_8': 0.22781745919497148, 'lag_9': 0.4548299814568147, 'lag_10': 0.3654608610256337, 'lag_11': 0.7867932820077777, 'lag_12': 0.875409017308043, 'lag_13': 0.5479704928926932, 'lag_14': 0.16942347120432633, 'lag_15': 0.9927941017995537, 'lag_16': 0.7745181623886959, 'lag_17': 0.6764455333731867, 'lag_18': 0.1407591979070003, 'lag_19': 0.8616401600388806, 'lag_20': 0.15311979180051286, 'lag_21': 0.8101075536052769, 'lag_22': 0.16007636670724257, 'lag_23': 0.7674090725213885, 'lag_24': 0.331782087277795, 'lag_25': 0.7701802271395404, 'lag_26': 0.2882375458247476, 'lag_27': 0.6515386324900013, 'lag_28': 0.24086010088036325}. Best is trial 2 with value: 0.005402492377316939.
[I 2025-09-29 13:18:42,219] Trial 16 finished with value: 0.007030454320480192 and parameters: {'lag_0': 0.15247659680524506, 'lag_1': 0.38801810220070454, 'lag_2': 0.4722214584315358, 'lag_3': 0.6830057161410106, 'lag_4': 0.2444728160790261, 'lag_5': 0.9718388536421697, 'lag_6': 0.8258704867992245, 'lag_7': 0.9091102484206874, 'lag_8': 0.027418735767430775, 'lag_9': 0.20906412472879776, 'lag_10': 0.2243668113373147, 'lag_11': 0.15241647544062936, 'lag_12': 0.5855958273874438, 'lag_13': 0.2817257639193247, 'lag_14': 0.4925149901417217, 'lag_15': 0.4723452378651778, 'lag_16': 0.0059813993049934455, 'lag_17': 0.9921037536324882, 'lag_18': 0.7065355160027119, 'lag_19': 0.5457368701910549, 'lag_20': 0.6654664300033883, 'lag_21': 0.5955512905088179, 'lag_22': 0.26869575996110895, 'lag_23': 0.9880097165858535, 'lag_24': 0.3981517487059283, 'lag_25': 0.4772110755327123, 'lag_26': 0.5129484987505535, 'lag_27': 0.3025157781163159, 'lag_28': 0.5564101345754757}. Best is trial 2 with value: 0.005402492377316939.
[I 2025-09-29 13:18:44,668] Trial 17 finished with value: 0.0065290014179790095 and parameters: {'lag_0': 0.37528137856921717, 'lag_1': 0.5434267735456517, 'lag_2': 0.4524700387944973, 'lag_3': 0.4522122984927929, 'lag_4': 0.038751817026666066, 'lag_5': 0.760057364628785, 'lag_6': 0.36613792046430316, 'lag_7': 0.5437905460466288, 'lag_8': 0.6146959264273476, 'lag_9': 0.7393489285451642, 'lag_10': 0.5261584153157679, 'lag_11': 0.5624498168901215, 'lag_12': 0.8686894315288014, 'lag_13': 0.10680829610285876, 'lag_14': 0.5986379593147366, 'lag_15': 0.21804766317540114, 'lag_16': 0.39880715377488263, 'lag_17': 0.0077038835973683994, 'lag_18': 0.40632023363167336, 'lag_19': 0.05222702395067236, 'lag_20': 0.4247238384546396, 'lag_21': 0.2978726222744893, 'lag_22': 0.9837906745923863, 'lag_23': 0.5765988135914969, 'lag_24': 0.6640440398339358, 'lag_25': 0.007850259359956369, 'lag_26': 0.401186366904849, 'lag_27': 0.1424933793321405, 'lag_28': 0.2252694146975003}. Best is trial 2 with value: 0.005402492377316939.
[I 2025-09-29 13:18:47,121] Trial 18 finished with value: 0.006753869014148378 and parameters: {'lag_0': 0.21437626097142298, 'lag_1': 0.9942919838711932, 'lag_2': 0.18595990434933746, 'lag_3': 0.8432133384251105, 'lag_4': 0.6701391046065941, 'lag_5': 0.5492806093021512, 'lag_6': 0.8766502640374594, 'lag_7': 0.24320127877516112, 'lag_8': 0.9647176526520599, 'lag_9': 0.379366137963292, 'lag_10': 0.01207845258250323, 'lag_11': 0.7901578739650087, 'lag_12': 0.6488905890018579, 'lag_13': 0.2806320055872191, 'lag_14': 0.4051119422082309, 'lag_15': 0.5742426747896912, 'lag_16': 0.2390084682830403, 'lag_17': 0.45343254321112536, 'lag_18': 0.3554974942656189, 'lag_19': 0.2981118415365348, 'lag_20': 0.21926196728262987, 'lag_21': 0.7104713075975508, 'lag_22': 0.553434771158734, 'lag_23': 0.719004706855042, 'lag_24': 0.4332701766323816, 'lag_25': 0.2092456264828162, 'lag_26': 0.6446538786227877, 'lag_27': 0.026359231132003225, 'lag_28': 0.0009637181887128532}. Best is trial 2 with value: 0.005402492377316939.
