[I 2025-09-29 13:19:44,242] Trial 40 finished with value: 0.007397017327987118 and parameters: {'lag_0': 0.7266647112562307, 'lag_1': 0.7254859327416391, 'lag_2': 0.07806179923777887, 'lag_3': 0.24337450332435578, 'lag_4': 0.426414891882375, 'lag_5': 0.8874914695139341, 'lag_6': 0.415226922491992, 'lag_7': 0.12590795586077042, 'lag_8': 0.9895900069968271, 'lag_9': 0.6905604005901929, 'lag_10': 0.2317768194129563, 'lag_11': 0.9427858442499868, 'lag_12': 0.2636325383252812, 'lag_13': 0.36059511148622, 'lag_14': 0.9561531719905985, 'lag_15': 0.049668820009241776, 'lag_16': 0.525008497982648, 'lag_17': 0.0665018743635761, 'lag_18': 0.737103225118715, 'lag_19': 0.7046802432508307, 'lag_20': 0.8679477726804582, 'lag_21': 0.9213933002844567, 'lag_22': 0.31221191522073316, 'lag_23': 0.6547088439412856, 'lag_24': 0.1278470228728844, 'lag_25': 0.5153699956309231, 'lag_26': 0.9531802071528399, 'lag_27': 0.0480116231059691, 'lag_28': 0.2816818906446984}. Best is trial 16 with value: 0.006140212903580585.
[I 2025-09-29 13:19:46,770] Trial 41 finished with value: 0.006803291652566515 and parameters: {'lag_0': 0.6926744924829218, 'lag_1': 0.6696533418865059, 'lag_2': 0.41200179650656266, 'lag_3': 0.4825518870145594, 'lag_4': 0.0848419990198545, 'lag_5': 0.39386985179866, 'lag_6': 0.32740130734781037, 'lag_7': 0.20664054107460872, 'lag_8': 0.8078409067104354, 'lag_9': 0.764404782713683, 'lag_10': 0.7774758255459226, 'lag_11': 0.20013297051467793, 'lag_12': 0.12936606037177178, 'lag_13': 0.32631056918322493, 'lag_14': 0.6663469061118393, 'lag_15': 0.6918114283912427, 'lag_16': 0.4582144158649014, 'lag_17': 0.48241553171379614, 'lag_18': 0.9447447685108007, 'lag_19': 0.5372890095826932, 'lag_20': 0.7130610946637359, 'lag_21': 0.3821065697360669, 'lag_22': 0.11618670843434432, 'lag_23': 0.46334129368674143, 'lag_24': 0.4166198633805504, 'lag_25': 0.8173392861770863, 'lag_26': 0.4585130963046684, 'lag_27': 0.36186811893471615, 'lag_28': 0.6273782450476046}. Best is trial 16 with value: 0.006140212903580585.
[I 2025-09-29 13:19:49,262] Trial 42 finished with value: 0.007259397656832298 and parameters: {'lag_0': 0.815948891914404, 'lag_1': 0.616210410198002, 'lag_2': 0.31765106665422166, 'lag_3': 0.47998235225034447, 'lag_4': 0.0069951432300553035, 'lag_5': 0.33609156901574505, 'lag_6': 0.4807653800872148, 'lag_7': 0.3050849343406467, 'lag_8': 0.1936357739061799, 'lag_9': 0.8401088777010245, 'lag_10': 0.8117934432634041, 'lag_11': 0.19106923208851817, 'lag_12': 0.15717947377562377, 'lag_13': 0.3084661881615835, 'lag_14': 0.4240728434258242, 'lag_15': 0.669442842515556, 'lag_16': 0.4345156670109922, 'lag_17': 0.5205288265343071, 'lag_18': 0.8331513754743205, 'lag_19': 0.37412032267327033, 'lag_20': 0.7507273753870941, 'lag_21': 0.3441451880881522, 'lag_22': 0.15296381975397919, 'lag_23': 0.5376288684227698, 'lag_24': 0.3762036388783992, 'lag_25': 0.7432010147672008, 'lag_26': 0.6392204536329625, 'lag_27': 0.4006763580538341, 'lag_28': 0.5858968350837137}. Best is trial 16 with value: 0.006140212903580585.
[I 2025-09-29 13:19:51,751] Trial 43 finished with value: 0.0068611501701404745 and parameters: {'lag_0': 0.9255681795199356, 'lag_1': 0.7816817311400273, 'lag_2': 0.12232516456253295, 'lag_3': 0.0009550624652359396, 'lag_4': 0.05576356153828982, 'lag_5': 0.3043216550010544, 'lag_6': 0.35345298634309263, 'lag_7': 0.20992984809901544, 'lag_8': 0.923046950850631, 'lag_9': 0.9636397942979856, 'lag_10': 0.9460674527192936, 'lag_11': 0.3093300612709996, 'lag_12': 0.03853915371500513, 'lag_13': 0.2697057220186452, 'lag_14': 0.713939701870342, 'lag_15': 0.739612342011402, 'lag_16': 0.617939516233786, 'lag_17': 0.6188982607160695, 'lag_18': 0.9925926497739815, 'lag_19': 0.41733437894524017, 'lag_20': 0.6395061763010237, 'lag_21': 0.085131932477571, 'lag_22': 0.2387821019105909, 'lag_23': 0.33950380025465, 'lag_24': 0.5231299309036228, 'lag_25': 0.8142519815831282, 'lag_26': 0.4524109928195241, 'lag_27': 0.5340310511526793, 'lag_28': 0.4999897621062065}. Best is trial 16 with value: 0.006140212903580585.
[I 2025-09-29 13:19:54,252] Trial 44 finished with value: 0.007640791980489179 and parameters: {'lag_0': 0.99815477442144, 'lag_1': 0.6897348581599161, 'lag_2': 0.27987303328248725, 'lag_3': 0.4242570523946893, 'lag_4': 0.23725458193053828, 'lag_5': 0.2097676177524712, 'lag_6': 0.2591532737508392, 'lag_7': 0.9121286249105256, 'lag_8': 0.7229395970736164, 'lag_9': 0.5774516693384548, 'lag_10': 0.6613847941560782, 'lag_11': 0.015772977717086523, 'lag_12': 0.11928956336203937, 'lag_13': 0.2105186550198977, 'lag_14': 0.9025648881648468, 'lag_15': 0.9611271764499406, 'lag_16': 0.3397630074726323, 'lag_17': 0.425713038147047, 'lag_18': 0.3887347441787923, 'lag_19': 0.6277654652142484, 'lag_20': 0.5403485919630945, 'lag_21': 0.2215568635834456, 'lag_22': 0.06570428675644088, 'lag_23': 0.5803657350288581, 'lag_24': 0.2916675143204458, 'lag_25': 0.9241951399875438, 'lag_26': 0.3234153355564324, 'lag_27': 0.12513020360610827, 'lag_28': 0.655348909945547}. Best is trial 16 with value: 0.006140212903580585.
[I 2025-09-29 13:19:56,753] Trial 45 finished with value: 0.011372338160804529 and parameters: {'lag_0': 0.6383915646011707, 'lag_1': 0.5731166013252849, 'lag_2': 0.3887619811745499, 'lag_3': 0.34486680864341346, 'lag_4': 0.15010795847659825, 'lag_5': 0.6231395418701388, 'lag_6': 0.06672188294493503, 'lag_7': 0.04916292661102348, 'lag_8': 0.8325362829992095, 'lag_9': 0.8892758085966226, 'lag_10': 0.8628867303290062, 'lag_11': 0.22744890255622205, 'lag_12': 0.18869098364675846, 'lag_13': 0.13947569393697173, 'lag_14': 0.3553194708364673, 'lag_15': 0.5381848516958863, 'lag_16': 0.4747169059485989, 'lag_17': 0.5720817314774647, 'lag_18': 0.8187640289058653, 'lag_19': 0.4953858241687409, 'lag_20': 0.6048775223936862, 'lag_21': 0.9955670957689093, 'lag_22': 0.1873966271952837, 'lag_23': 0.42197195854976205, 'lag_24': 0.4426776177530734, 'lag_25': 0.6613177093236462, 'lag_26': 0.36513435817668316, 'lag_27': 0.6066202509829367, 'lag_28': 0.7610129631215778}. Best is trial 16 with value: 0.006140212903580585.
[I 2025-09-29 13:19:59,278] Trial 46 finished with value: 0.006710178965630363 and parameters: {'lag_0': 0.7855286119749536, 'lag_1': 0.855154138031186, 'lag_2': 0.22120770451918872, 'lag_3': 0.5778017755818985, 'lag_4': 0.3448833838647712, 'lag_5': 0.044354605583535184, 'lag_6': 0.18080631784199735, 'lag_7': 0.27561626570149933, 'lag_8': 0.7843832551964345, 'lag_9': 0.07281921289410181, 'lag_10': 0.7891185523900625, 'lag_11': 0.3771748927285137, 'lag_12': 0.5130477358829523, 'lag_13': 0.0072487142448220965, 'lag_14': 0.03723726777589065, 'lag_15': 0.2973536888320103, 'lag_16': 0.19979489102333314, 'lag_17': 0.46450600788692187, 'lag_18': 0.8913951014256258, 'lag_19': 0.24927812753462691, 'lag_20': 0.4797387133448938, 'lag_21': 0.09465106285053032, 'lag_22': 0.42326201097242017, 'lag_23': 0.5030857342745815, 'lag_24': 0.33710062623027764, 'lag_25': 0.7728069206546782, 'lag_26': 0.6820517918289744, 'lag_27': 0.23270113976252343, 'lag_28': 0.3909840074758708}. Best is trial 16 with value: 0.006140212903580585.
[I 2025-09-29 13:20:01,822] Trial 47 finished with value: 0.007249555603879018 and parameters: {'lag_0': 0.8666510843173477, 'lag_1': 0.3643629289504363, 'lag_2': 0.03498036900123902, 'lag_3': 0.3709412652413457, 'lag_4': 0.11226691441136831, 'lag_5': 0.10260229534509097, 'lag_6': 0.5666157182097002, 'lag_7': 0.38112156301026445, 'lag_8': 0.624565938974611, 'lag_9': 0.7868054828083092, 'lag_10': 0.6182602360997964, 'lag_11': 0.580812168564793, 'lag_12': 0.04113729948340585, 'lag_13': 0.4916574329768318, 'lag_14': 0.7774930182155294, 'lag_15': 0.6336335325232506, 'lag_16': 0.29468608446888317, 'lag_17': 0.24623098586486183, 'lag_18': 0.003363040078973527, 'lag_19': 0.18411866649181863, 'lag_20': 0.6789429797156932, 'lag_21': 0.4298158047611627, 'lag_22': 0.8819038774278769, 'lag_23': 0.37978639242054674, 'lag_24': 0.6368166264440763, 'lag_25': 0.6032667889380964, 'lag_26': 0.16582607666425606, 'lag_27': 0.2892737566413257, 'lag_28': 0.5229575739215567}. Best is trial 16 with value: 0.006140212903580585.
[I 2025-09-29 13:20:04,368] Trial 48 finished with value: 0.007261987427604502 and parameters: {'lag_0': 0.12187903591146915, 'lag_1': 0.6522816903457349, 'lag_2': 0.3395228874835167, 'lag_3': 0.8882244245181853, 'lag_4': 0.1715411479243858, 'lag_5': 0.41764877665695455, 'lag_6': 0.9871718719819302, 'lag_7': 0.699202810639573, 'lag_8': 0.8654710135796025, 'lag_9': 0.682512225128121, 'lag_10': 0.5626290128020005, 'lag_11': 0.8721474652721692, 'lag_12': 0.0679938227039798, 'lag_13': 0.9090332979409896, 'lag_14': 0.09304898709216897, 'lag_15': 0.24526613771287126, 'lag_16': 0.4069567683366161, 'lag_17': 0.3096744027939224, 'lag_18': 0.0646718661154706, 'lag_19': 0.32580427637113385, 'lag_20': 0.7259291029695211, 'lag_21': 0.1641891541099609, 'lag_22': 0.3320132510572126, 'lag_23': 0.3003949471731766, 'lag_24': 0.8524037658901745, 'lag_25': 0.752252532628345, 'lag_26': 0.5322210825263918, 'lag_27': 0.4019818146232823, 'lag_28': 0.6137295161946903}. Best is trial 16 with value: 0.006140212903580585.
[I 2025-09-29 13:20:06,913] Trial 49 finished with value: 0.006439959398428706 and parameters: {'lag_0': 0.590379212425558, 'lag_1': 0.7626002012185127, 'lag_2': 0.44153743612177454, 'lag_3': 0.26593243266742284, 'lag_4': 0.38606208607648623, 'lag_5': 0.5022158239917841, 'lag_6': 0.924671370499745, 'lag_7': 0.10923308651560562, 'lag_8': 0.28882570782903194, 'lag_9': 0.14621533403895268, 'lag_10': 0.7090115524505942, 'lag_11': 0.4552400609544065, 'lag_12': 0.6698156439023182, 'lag_13': 0.06031563679717146, 'lag_14': 0.853468228475865, 'lag_15': 0.8922920989799125, 'lag_16': 0.35468821624844765, 'lag_17': 0.38249330527716346, 'lag_18': 0.6275763781702149, 'lag_19': 0.4277178446135065, 'lag_20': 0.7983473201019798, 'lag_21': 0.6435737968002095, 'lag_22': 0.6549262442340446, 'lag_23': 0.44711673512537237, 'lag_24': 0.043762163796419694, 'lag_25': 0.6718526917565868, 'lag_26': 0.4668046935462841, 'lag_27': 0.8251496201779249, 'lag_28': 0.03550082886838704}. Best is trial 16 with value: 0.006140212903580585.
[I 2025-09-29 13:20:09,550] Trial 50 finished with value: 0.007436519353498883 and parameters: {'lag_0': 0.5929804162325587, 'lag_1': 0.820722515566061, 'lag_2': 0.7114206726563206, 'lag_3': 0.25642571329281005, 'lag_4': 0.6530120705210387, 'lag_5': 0.5614506623624789, 'lag_6': 0.9172521377750306, 'lag_7': 0.12563777967298573, 'lag_8': 0.3092138486804554, 'lag_9': 0.15589677251184578, 'lag_10': 0.6856463050651525, 'lag_11': 0.46244000128414725, 'lag_12': 0.6513297492321481, 'lag_13': 0.057573449429012664, 'lag_14': 0.8408722122245947, 'lag_15': 0.8903337897239307, 'lag_16': 0.3351555665697689, 'lag_17': 0.3748796666243114, 'lag_18': 0.637691422433257, 'lag_19': 0.588949988404613, 'lag_20': 0.7859854776628008, 'lag_21': 0.617182631877543, 'lag_22': 0.673331591684549, 'lag_23': 0.8536615729507668, 'lag_24': 0.0396328372283172, 'lag_25': 0.6802673722854249, 'lag_26': 0.2970944062972485, 'lag_27': 0.8044058136478878, 'lag_28': 0.04512518318147635}. Best is trial 16 with value: 0.006140212903580585.
[I 2025-09-29 13:20:12,060] Trial 51 finished with value: 0.007036207338752956 and parameters: {'lag_0': 0.7227099217364553, 'lag_1': 0.7722375068957557, 'lag_2': 0.45040776873923993, 'lag_3': 0.16076456167920483, 'lag_4': 0.4102437414434091, 'lag_5': 0.5098236440621366, 'lag_6': 0.868950793282329, 'lag_7': 0.19466465563690705, 'lag_8': 0.1367958535625639, 'lag_9': 0.12695675585184374, 'lag_10': 0.7298602816029613, 'lag_11': 0.09840875293308046, 'lag_12': 0.6873711800783797, 'lag_13': 0.05654861109008579, 'lag_14': 0.9685038401086784, 'lag_15': 0.8999470140118022, 'lag_16': 0.3636623450003598, 'lag_17': 0.4218465686938733, 'lag_18': 0.5093541519702168, 'lag_19': 0.41900633200228404, 'lag_20': 0.8968107147406629, 'lag_21': 0.7036347238236724, 'lag_22': 0.6233416521398655, 'lag_23': 0.43421875401876353, 'lag_24': 0.24944174595562324, 'lag_25': 0.6373942651421594, 'lag_26': 0.5705860932821988, 'lag_27': 0.9036414907488858, 'lag_28': 0.14594250173016837}. Best is trial 16 with value: 0.006140212903580585.
[I 2025-09-29 13:20:14,577] Trial 52 finished with value: 0.0070571092384056466 and parameters: {'lag_0': 0.6682760715297394, 'lag_1': 0.5159948303027467, 'lag_2': 0.5080088875182696, 'lag_3': 0.28759115262393964, 'lag_4': 0.24749833724289932, 'lag_5': 0.6604313309224847, 'lag_6': 0.6302392815310534, 'lag_7': 0.027303208877686905, 'lag_8': 0.2428620168587959, 'lag_9': 0.24975505238037676, 'lag_10': 0.7825893771311319, 'lag_11': 0.6591439779586797, 'lag_12': 0.7913749884438778, 'lag_13': 0.1331581897181075, 'lag_14': 0.8997839099669981, 'lag_15': 0.8179313749079911, 'lag_16': 0.43132614145400333, 'lag_17': 0.35505084227186884, 'lag_18': 0.7640808617752534, 'lag_19': 0.4673143395575724, 'lag_20': 0.580873767454619, 'lag_21': 0.7686977914032018, 'lag_22': 0.7409570254112473, 'lag_23': 0.4837079964498535, 'lag_24': 0.04902832383102376, 'lag_25': 0.8313200816763509, 'lag_26': 0.47934645315396457, 'lag_27': 0.8332627861670165, 'lag_28': 0.06346885106888256}. Best is trial 16 with value: 0.006140212903580585.
[I 2025-09-29 13:20:17,100] Trial 53 finished with value: 0.007149690503334259 and parameters: {'lag_0': 0.4589984546514979, 'lag_1': 0.7138531197185385, 'lag_2': 0.39608933506699473, 'lag_3': 0.4679686767826239, 'lag_4': 0.3740047271471667, 'lag_5': 0.4527563391963356, 'lag_6': 0.44683702636746225, 'lag_7': 0.09605561426481077, 'lag_8': 0.4131080411992122, 'lag_9': 0.0019373521761535395, 'lag_10': 0.6411252368374767, 'lag_11': 0.5320098262824025, 'lag_12': 0.606253718739228, 'lag_13': 0.3558906131721221, 'lag_14': 0.6001610091854033, 'lag_15': 0.36408435690871493, 'lag_16': 0.46796134480234663, 'lag_17': 0.2297412720026078, 'lag_18': 0.3603487842884091, 'lag_19': 0.28541413791623854, 'lag_20': 0.8021419506389967, 'lag_21': 0.6464787657934967, 'lag_22': 0.728607781304434, 'lag_23': 0.6566203505689806, 'lag_24': 0.11973015591373648, 'lag_25': 0.7039929301301704, 'lag_26': 0.43246793152808133, 'lag_27': 0.7262786377177385, 'lag_28': 0.19752225283338345}. Best is trial 16 with value: 0.006140212903580585.
[I 2025-09-29 13:20:19,641] Trial 54 finished with value: 0.006899317352818968 and parameters: {'lag_0': 0.5273898889739734, 'lag_1': 0.5931684117190331, 'lag_2': 0.2736646585054131, 'lag_3': 0.5178905555689138, 'lag_4': 0.5109292993852528, 'lag_5': 0.2760287056757209, 'lag_6': 0.9313593965453181, 'lag_7': 0.15945359430721803, 'lag_8': 0.07775584624943171, 'lag_9': 0.17623519928780174, 'lag_10': 0.5059482456582406, 'lag_11': 0.3503638719462912, 'lag_12': 0.8770628090744065, 'lag_13': 0.21167403186363593, 'lag_14': 0.8307980100303596, 'lag_15': 0.9974171729060659, 'lag_16': 0.5705586284236849, 'lag_17': 0.2972334230358139, 'lag_18': 0.2953322907642516, 'lag_19': 0.34265576494887234, 'lag_20': 0.40984067654293654, 'lag_21': 0.7337089403856321, 'lag_22': 0.09496524427410563, 'lag_23': 0.3411265734177379, 'lag_24': 0.16720547667321853, 'lag_25': 0.7824857114418808, 'lag_26': 0.4989505485297298, 'lag_27': 0.9898871895089848, 'lag_28': 0.12160030105774342}. Best is trial 16 with value: 0.006140212903580585.
[I 2025-09-29 13:20:22,192] Trial 55 finished with value: 0.00730132619400983 and parameters: {'lag_0': 0.7381242636353746, 'lag_1': 0.8782790561897091, 'lag_2': 0.12799946245258548, 'lag_3': 0.10828746937208938, 'lag_4': 0.45665073842672027, 'lag_5': 0.5932625886763939, 'lag_6': 0.4038404900335386, 'lag_7': 0.2292843596325364, 'lag_8': 0.1655857145137733, 'lag_9': 0.2891411888900476, 'lag_10': 0.9139000980339362, 'lag_11': 0.25183765753715415, 'lag_12': 0.7210319202382487, 'lag_13': 0.11371760436792688, 'lag_14': 0.8833609544659953, 'lag_15': 0.4414540333247648, 'lag_16': 0.513025477540666, 'lag_17': 0.6585901119028756, 'lag_18': 0.5504316022549299, 'lag_19': 0.3997453101091401, 'lag_20': 0.9582454939558229, 'lag_21': 0.8768916624923109, 'lag_22': 0.7903464142709452, 'lag_23': 0.2645446531425598, 'lag_24': 0.39481805884217597, 'lag_25': 0.01567105960828502, 'lag_26': 0.3887969787280231, 'lag_27': 0.9345145734081797, 'lag_28': 0.02223887029374813}. Best is trial 16 with value: 0.006140212903580585.
[I 2025-09-29 13:20:24,718] Trial 56 finished with value: 0.006818805613148961 and parameters: {'lag_0': 0.673841285357841, 'lag_1': 0.6670821594059262, 'lag_2': 0.5758301676678679, 'lag_3': 0.38355461455830875, 'lag_4': 0.04138331526242642, 'lag_5': 0.13955354405675624, 'lag_6': 0.13339149187967125, 'lag_7': 0.11788926730570275, 'lag_8': 0.35882704207489163, 'lag_9': 0.4795257473120966, 'lag_10': 0.8507418806809915, 'lag_11': 0.7949508896101503, 'lag_12': 0.44379837722758975, 'lag_13': 0.42946664145106317, 'lag_14': 0.7426128924303033, 'lag_15': 0.5221822120866264, 'lag_16': 0.9960533195275747, 'lag_17': 0.5485718750375873, 'lag_18': 0.1274325413004311, 'lag_19': 0.10435394410003612, 'lag_20': 0.6950984147164276, 'lag_21': 0.58035594351925, 'lag_22': 0.27700804848677096, 'lag_23': 0.7445563985854464, 'lag_24': 0.002238365836412723, 'lag_25': 0.6150188223696529, 'lag_26': 0.615637516798095, 'lag_27': 0.6236542892684058, 'lag_28': 0.6992583374599322}. Best is trial 16 with value: 0.006140212903580585.
[I 2025-09-29 13:20:27,238] Trial 57 finished with value: 0.007090569297263327 and parameters: {'lag_0': 0.6118074845091822, 'lag_1': 0.8190499448793048, 'lag_2': 0.8074074512148713, 'lag_3': 0.21430932843480172, 'lag_4': 0.3108672175270106, 'lag_5': 0.009140103419124978, 'lag_6': 0.2770946953483725, 'lag_7': 0.006632543344686395, 'lag_8': 0.9729189406011689, 'lag_9': 0.6143247915354177, 'lag_10': 0.5911743437031559, 'lag_11': 0.7185970879254691, 'lag_12': 0.00013132181564935513, 'lag_13': 0.028701135240760192, 'lag_14': 0.9998766414069774, 'lag_15': 0.6019940212636398, 'lag_16': 0.08162565580258097, 'lag_17': 0.393571551055559, 'lag_18': 0.1994325706202661, 'lag_19': 0.2327848921040721, 'lag_20': 0.6315254283761472, 'lag_21': 0.8186674620251503, 'lag_22': 0.23393589531192904, 'lag_23': 0.16832780766485606, 'lag_24': 0.22785575855011875, 'lag_25': 0.5645444772214042, 'lag_26': 0.7539365541963083, 'lag_27': 0.8332209237585111, 'lag_28': 0.07527585568229425}. Best is trial 16 with value: 0.006140212903580585.
[I 2025-09-29 13:20:29,759] Trial 58 finished with value: 0.007293463396896477 and parameters: {'lag_0': 0.5638419165249939, 'lag_1': 0.7547933620051074, 'lag_2': 0.4860431770527861, 'lag_3': 0.947456428640161, 'lag_4': 0.5985733711513639, 'lag_5': 0.736273211260262, 'lag_6': 0.958555489445832, 'lag_7': 0.4469628475504249, 'lag_8': 0.0022981873932623187, 'lag_9': 0.42831508838194327, 'lag_10': 0.7069154725747933, 'lag_11': 0.40836685340759915, 'lag_12': 0.5528657912164741, 'lag_13': 0.1696288768082989, 'lag_14': 0.9476549128400177, 'lag_15': 0.7250414570957396, 'lag_16': 0.23404368406439646, 'lag_17': 0.0784778731680848, 'lag_18': 0.9054467222492114, 'lag_19': 0.45237758249972454, 'lag_20': 0.4540113580853202, 'lag_21': 0.6428397389136307, 'lag_22': 0.044038946767120835, 'lag_23': 0.575449629629134, 'lag_24': 0.5364883954383608, 'lag_25': 0.4328736164472686, 'lag_26': 0.678562958443852, 'lag_27': 0.7090821526877096, 'lag_28': 0.22565065519436148}. Best is trial 16 with value: 0.006140212903580585.
[I 2025-09-29 13:20:32,297] Trial 59 finished with value: 0.006700107045506889 and parameters: {'lag_0': 0.48495600374419207, 'lag_1': 0.48200175412370827, 'lag_2': 0.6285559068946398, 'lag_3': 0.04763297349598471, 'lag_4': 0.21002071493033297, 'lag_5': 0.21052246269980765, 'lag_6': 0.01068297800793283, 'lag_7': 0.29441584007964117, 'lag_8': 0.49397697106061633, 'lag_9': 0.8781096613720167, 'lag_10': 0.7574544765869902, 'lag_11': 0.8696567353427154, 'lag_12': 0.10571552357041544, 'lag_13': 0.9844125197505108, 'lag_14': 0.6599092776536171, 'lag_15': 0.8601022364812846, 'lag_16': 0.3179587431995132, 'lag_17': 0.15179933191210468, 'lag_18': 0.4253420515139793, 'lag_19': 0.36996888798115424, 'lag_20': 0.5570250075944428, 'lag_21': 0.7588564795331239, 'lag_22': 0.1501742766410644, 'lag_23': 0.5073213868082165, 'lag_24': 0.3378870379925041, 'lag_25': 0.905408051931522, 'lag_26': 0.5368529304874184, 'lag_27': 0.4578308942300654, 'lag_28': 0.9136970125699775}. Best is trial 16 with value: 0.006140212903580585.
[I 2025-09-29 13:20:34,818] Trial 60 finished with value: 0.0066962141561272325 and parameters: {'lag_0': 0.39421395908796436, 'lag_1': 0.5579399963647153, 'lag_2': 0.027275543735709232, 'lag_3': 0.44295003873614835, 'lag_4': 3.303193157058737e-05, 'lag_5': 0.4242865954761444, 'lag_6': 0.5953471548511627, 'lag_7': 0.16451557187546365, 'lag_8': 0.582872485261015, 'lag_9': 0.825604100580635, 'lag_10': 0.5404216214180284, 'lag_11': 0.9394151224229207, 'lag_12': 0.14403933539263303, 'lag_13': 0.5635446439855201, 'lag_14': 0.7975599071725491, 'lag_15': 0.42489640673262935, 'lag_16': 0.3591044066560442, 'lag_17': 0.4504350988057177, 'lag_18': 0.6808045765882345, 'lag_19': 0.023501436790444585, 'lag_20': 0.659221997063705, 'lag_21': 0.8518018872566419, 'lag_22': 0.8477136136291263, 'lag_23': 0.4435928518683512, 'lag_24': 0.07676671508707639, 'lag_25': 0.9662676231582076, 'lag_26': 0.4606594343251942, 'lag_27': 0.9200682380613474, 'lag_28': 0.0029615762001972967}. Best is trial 16 with value: 0.006140212903580585.
