[I 2025-09-29 11:52:47,996] Trial 20 finished with value: 0.01138134378228423 and parameters: {'lag_0': 0.15727353792700582, 'lag_1': 0.7365880505791708, 'lag_2': 0.2728621674789027, 'lag_3': 0.9930040300224421, 'lag_4': 0.6055818975417283, 'lag_5': 0.5822049624245452, 'lag_6': 0.37457200960036763, 'lag_7': 0.4186832576948233, 'lag_8': 0.7230141715810325, 'lag_9': 0.11452120747100006, 'lag_10': 0.8260451309087073, 'lag_11': 0.8283123695816511, 'lag_12': 0.21623596804116343, 'lag_13': 0.4078343173049016, 'lag_14': 0.7253263182454939, 'lag_15': 0.5253381943114379, 'lag_16': 0.6948611195316484, 'lag_17': 0.44185638322750753, 'lag_18': 0.9969125715023838, 'lag_19': 0.8336007254317117, 'lag_20': 0.08954260945645887, 'lag_21': 0.3322731334265331, 'lag_22': 0.4725755962173195, 'lag_23': 0.2977388033882234, 'lag_24': 0.3904314236836667, 'lag_25': 0.5138264017489345, 'lag_26': 0.5690423274161341, 'lag_27': 0.34005960907983257, 'lag_28': 0.8278289601026864}. Best is trial 8 with value: 0.011074425762373828.
[I 2025-09-29 11:52:50,325] Trial 21 finished with value: 0.011216861266890043 and parameters: {'lag_0': 0.07719857105082578, 'lag_1': 0.48694204021564746, 'lag_2': 0.9973849467550222, 'lag_3': 0.36402735729187335, 'lag_4': 0.2932597576870954, 'lag_5': 0.7275005093473473, 'lag_6': 0.48037988914094676, 'lag_7': 0.1956847402586779, 'lag_8': 0.1269597035482915, 'lag_9': 0.37927160791083536, 'lag_10': 0.9692960483228978, 'lag_11': 0.5647513542255448, 'lag_12': 0.016322905987295355, 'lag_13': 0.16281954072359278, 'lag_14': 0.3839132139945032, 'lag_15': 0.12783102717320555, 'lag_16': 0.5117919071631798, 'lag_17': 0.26018599586822067, 'lag_18': 0.44012054021734137, 'lag_19': 0.12254491000357559, 'lag_20': 0.12502733281256512, 'lag_21': 0.20575334246524293, 'lag_22': 0.2646875669245107, 'lag_23': 0.04475498479994358, 'lag_24': 0.8383011448639851, 'lag_25': 0.23850868479462628, 'lag_26': 0.3440131477870325, 'lag_27': 0.5460677724193858, 'lag_28': 0.5940419994444093}. Best is trial 8 with value: 0.011074425762373828.
[I 2025-09-29 11:52:52,661] Trial 22 finished with value: 0.01105359723830383 and parameters: {'lag_0': 0.3186754675935332, 'lag_1': 0.34690384806775104, 'lag_2': 0.10076059040598395, 'lag_3': 0.47712367476491974, 'lag_4': 0.09492448656045019, 'lag_5': 0.8981906852668311, 'lag_6': 0.2500094581267911, 'lag_7': 0.08085024739323421, 'lag_8': 0.2727263242874778, 'lag_9': 0.34637230085483034, 'lag_10': 0.7645907393169443, 'lag_11': 0.3829322899942588, 'lag_12': 0.13627850197262353, 'lag_13': 0.12456772996178722, 'lag_14': 0.4165287219933968, 'lag_15': 0.3336968446651444, 'lag_16': 0.004297215380324848, 'lag_17': 0.004079485650484902, 'lag_18': 0.7757997681466801, 'lag_19': 0.011826130825357287, 'lag_20': 0.30992802840314027, 'lag_21': 0.42817698478787947, 'lag_22': 0.10534507012336876, 'lag_23': 0.12853764524522748, 'lag_24': 0.6112774150425303, 'lag_25': 0.10116796182367428, 'lag_26': 0.12287481424436564, 'lag_27': 0.4265932743059129, 'lag_28': 0.6933198739710833}. Best is trial 22 with value: 0.01105359723830383.
[I 2025-09-29 11:52:54,990] Trial 23 finished with value: 0.011162987062181006 and parameters: {'lag_0': 0.29343094401593944, 'lag_1': 0.28715048189392905, 'lag_2': 0.08249414477524547, 'lag_3': 0.5280396095578379, 'lag_4': 0.12180527062227245, 'lag_5': 0.8914251869111249, 'lag_6': 0.21777661962562975, 'lag_7': 0.21390995070770136, 'lag_8': 0.2798278471642661, 'lag_9': 0.5493032227689415, 'lag_10': 0.7968502504474326, 'lag_11': 0.3557746955730336, 'lag_12': 0.14968916584318398, 'lag_13': 0.13213694176449337, 'lag_14': 0.2529445970909061, 'lag_15': 0.3609389768433134, 'lag_16': 0.3220666339030756, 'lag_17': 0.008211075075727749, 'lag_18': 0.7737437633564987, 'lag_19': 0.28973202444951157, 'lag_20': 0.2969329211803655, 'lag_21': 0.4230451524551606, 'lag_22': 0.2966041450203196, 'lag_23': 0.15006149770816532, 'lag_24': 0.6073095330172682, 'lag_25': 0.08388860017980404, 'lag_26': 0.12545689483231476, 'lag_27': 0.38725791643879137, 'lag_28': 0.7014488677870185}. Best is trial 22 with value: 0.01105359723830383.
[I 2025-09-29 11:52:57,313] Trial 24 finished with value: 0.011138762571069716 and parameters: {'lag_0': 0.15185684804810906, 'lag_1': 0.11423255114458547, 'lag_2': 0.19504938801999644, 'lag_3': 0.6809363061264475, 'lag_4': 0.9955720304110275, 'lag_5': 0.8829595646134948, 'lag_6': 0.16008313676282915, 'lag_7': 0.46441147766647517, 'lag_8': 0.4186672500429293, 'lag_9': 0.33898783545197114, 'lag_10': 0.6898071935562107, 'lag_11': 0.002488732836884843, 'lag_12': 0.2515350346550186, 'lag_13': 0.09273446474791192, 'lag_14': 0.5792335287555208, 'lag_15': 0.24582056598385385, 'lag_16': 0.7718544832591971, 'lag_17': 0.5254722789537459, 'lag_18': 0.6367585213720145, 'lag_19': 0.004525186463918973, 'lag_20': 0.41729147921873977, 'lag_21': 0.5254433789988034, 'lag_22': 0.4264687550396576, 'lag_23': 0.1379868207380386, 'lag_24': 0.1758019024912172, 'lag_25': 0.9823400516733831, 'lag_26': 0.1367197731509395, 'lag_27': 0.9829389485720088, 'lag_28': 0.92507157702955}. Best is trial 22 with value: 0.01105359723830383.
[I 2025-09-29 11:52:59,646] Trial 25 finished with value: 0.011233960254582563 and parameters: {'lag_0': 0.4493452703154948, 'lag_1': 0.35945452323533017, 'lag_2': 0.07247350588717114, 'lag_3': 0.4727165220821812, 'lag_4': 0.4704503921513184, 'lag_5': 0.33491491317071725, 'lag_6': 0.008874598562524899, 'lag_7': 0.3349841189297345, 'lag_8': 0.516561261729424, 'lag_9': 0.12295952003060903, 'lag_10': 0.8491653180731308, 'lag_11': 0.8570231268661863, 'lag_12': 0.4949932854422604, 'lag_13': 0.26170845725721364, 'lag_14': 0.3019558019034998, 'lag_15': 0.4151446887765774, 'lag_16': 0.005603744268804167, 'lag_17': 0.11020096500689047, 'lag_18': 0.8705112799045279, 'lag_19': 0.1415178670226523, 'lag_20': 0.4885099160326114, 'lag_21': 0.2001676177567446, 'lag_22': 0.5896571904180509, 'lag_23': 0.34594811990090396, 'lag_24': 0.42971823060240677, 'lag_25': 0.31068086591357913, 'lag_26': 0.4814594285278266, 'lag_27': 0.28536286503439956, 'lag_28': 0.8659709053083793}. Best is trial 22 with value: 0.01105359723830383.
[I 2025-09-29 11:53:01,978] Trial 26 finished with value: 0.011190519654041286 and parameters: {'lag_0': 0.06443292026895359, 'lag_1': 0.1452188038653506, 'lag_2': 0.335827194237276, 'lag_3': 0.6773759965123997, 'lag_4': 0.06697947436127082, 'lag_5': 0.15697496155941482, 'lag_6': 0.30782874741664895, 'lag_7': 0.11156595028463678, 'lag_8': 0.4018290155618443, 'lag_9': 0.21435239956853297, 'lag_10': 0.9712470171748884, 'lag_11': 0.15274402206514057, 'lag_12': 0.1468317049333221, 'lag_13': 0.3562462507080434, 'lag_14': 0.14494784732772886, 'lag_15': 0.3193318990264201, 'lag_16': 0.6559032799546537, 'lag_17': 0.669583078893098, 'lag_18': 0.5818051437246445, 'lag_19': 0.28836907501190107, 'lag_20': 0.29991677741817124, 'lag_21': 0.37298186324853116, 'lag_22': 0.18115923519806895, 'lag_23': 0.1115889528046447, 'lag_24': 0.5447480974579431, 'lag_25': 0.22527434366688887, 'lag_26': 0.6790174977037057, 'lag_27': 0.42980096873861845, 'lag_28': 0.7253732952401872}. Best is trial 22 with value: 0.01105359723830383.
[I 2025-09-29 11:53:04,306] Trial 27 finished with value: 0.01129214607487794 and parameters: {'lag_0': 0.18678398365147122, 'lag_1': 0.5408779911864929, 'lag_2': 0.25316563936799974, 'lag_3': 0.4366213706992471, 'lag_4': 0.3694691099885808, 'lag_5': 0.931003530978908, 'lag_6': 0.4118628077574136, 'lag_7': 0.7255727964457053, 'lag_8': 0.2883315371927664, 'lag_9': 0.4394263376299439, 'lag_10': 0.9998470080569359, 'lag_11': 0.6010629782204109, 'lag_12': 0.31796084112048084, 'lag_13': 0.2306839795939417, 'lag_14': 0.4316647612106722, 'lag_15': 0.6304957511399474, 'lag_16': 0.8317672693989637, 'lag_17': 0.34061910349995683, 'lag_18': 0.8009485677550141, 'lag_19': 0.9842119606777692, 'lag_20': 0.5816799426393103, 'lag_21': 0.6233079861189186, 'lag_22': 0.05506495031027836, 'lag_23': 0.5502447449963151, 'lag_24': 0.663022257842565, 'lag_25': 0.3876003455105092, 'lag_26': 0.01332296296475452, 'lag_27': 0.2761079262354284, 'lag_28': 0.6275941694044425}. Best is trial 22 with value: 0.01105359723830383.
[I 2025-09-29 11:53:06,644] Trial 28 finished with value: 0.011123446870849252 and parameters: {'lag_0': 0.29241074247617793, 'lag_1': 0.30901911773543506, 'lag_2': 0.1167507056361831, 'lag_3': 0.5505775182979149, 'lag_4': 0.30370896966132743, 'lag_5': 0.7783678048210266, 'lag_6': 0.28275729443700764, 'lag_7': 0.23126359881060624, 'lag_8': 0.5907247225633476, 'lag_9': 0.32388255066162897, 'lag_10': 0.5510214264726839, 'lag_11': 0.40714933912062007, 'lag_12': 0.6160106517192975, 'lag_13': 0.10823150440101184, 'lag_14': 0.5698956093666069, 'lag_15': 0.4669163944109387, 'lag_16': 0.5604960285933926, 'lag_17': 0.06515588472983347, 'lag_18': 0.7063132517698248, 'lag_19': 0.4568509086743453, 'lag_20': 0.0026340643953762927, 'lag_21': 0.26831661744761254, 'lag_22': 0.21960237979665603, 'lag_23': 0.20411693790929242, 'lag_24': 0.6377562596942383, 'lag_25': 0.09264979115661409, 'lag_26': 0.2709482535081773, 'lag_27': 0.1327640963431204, 'lag_28': 0.8140217647749207}. Best is trial 22 with value: 0.01105359723830383.
[I 2025-09-29 11:53:08,979] Trial 29 finished with value: 0.011319889242891155 and parameters: {'lag_0': 0.0016608357997750511, 'lag_1': 0.4287395290411869, 'lag_2': 0.2050742379490803, 'lag_3': 0.6145006534699814, 'lag_4': 0.5997485887781772, 'lag_5': 0.5663152117256045, 'lag_6': 0.40797457023621975, 'lag_7': 0.07251595500978791, 'lag_8': 0.0033316888972762526, 'lag_9': 0.1634686677883098, 'lag_10': 0.7563430238893913, 'lag_11': 0.7000123315429291, 'lag_12': 0.31522870591850166, 'lag_13': 0.5601315668582345, 'lag_14': 0.8987496610427711, 'lag_15': 0.21124260547577706, 'lag_16': 0.9463037040246424, 'lag_17': 0.11856594224854822, 'lag_18': 0.9230741223368651, 'lag_19': 0.6724613135365207, 'lag_20': 0.25625882406498834, 'lag_21': 0.4804842036149692, 'lag_22': 0.33803558085763774, 'lag_23': 0.36751539567885605, 'lag_24': 0.5082323200810962, 'lag_25': 0.019667085111693183, 'lag_26': 0.1763413585833432, 'lag_27': 0.5626094686642621, 'lag_28': 0.5456080885095762}. Best is trial 22 with value: 0.01105359723830383.
[I 2025-09-29 11:53:11,307] Trial 30 finished with value: 0.011000623352952592 and parameters: {'lag_0': 0.0923333007319511, 'lag_1': 0.6694948428518873, 'lag_2': 0.3703634387949672, 'lag_3': 0.3323111670740869, 'lag_4': 0.5048214231783849, 'lag_5': 0.6550897069706201, 'lag_6': 0.5287441465973329, 'lag_7': 0.6381233201006156, 'lag_8': 0.4711116091141931, 'lag_9': 0.2729911780457008, 'lag_10': 0.8715426506120634, 'lag_11': 0.33619834397595005, 'lag_12': 0.4481703150025563, 'lag_13': 0.38437972056271424, 'lag_14': 0.8276493857528422, 'lag_15': 0.5795680474557755, 'lag_16': 0.43510643188356485, 'lag_17': 0.45418603201788116, 'lag_18': 0.7146397571990659, 'lag_19': 0.13002654761063942, 'lag_20': 0.11629228104660333, 'lag_21': 0.37973749750807684, 'lag_22': 0.7528578456618251, 'lag_23': 0.46833400526330926, 'lag_24': 0.11694232650627567, 'lag_25': 0.5134192714006514, 'lag_26': 0.426139462534728, 'lag_27': 0.6635509073604565, 'lag_28': 0.9011020057508762}. Best is trial 30 with value: 0.011000623352952592.
[I 2025-09-29 11:53:13,641] Trial 31 finished with value: 0.01122759667319915 and parameters: {'lag_0': 0.0947348452520887, 'lag_1': 0.6751074791933632, 'lag_2': 0.07330911372743187, 'lag_3': 0.3163436831362916, 'lag_4': 0.5296549258829973, 'lag_5': 0.8335090413261307, 'lag_6': 0.5269041866971368, 'lag_7': 0.6499281000343156, 'lag_8': 0.43367361309386865, 'lag_9': 0.26760946679984854, 'lag_10': 0.8688571806645844, 'lag_11': 0.1632907527914373, 'lag_12': 0.4394866880279507, 'lag_13': 0.40964503478175274, 'lag_14': 0.8729480735576343, 'lag_15': 0.6066037064701557, 'lag_16': 0.4324623168782741, 'lag_17': 0.5748498543818273, 'lag_18': 0.7023539086621571, 'lag_19': 0.10774153712590404, 'lag_20': 0.1123665892000807, 'lag_21': 0.3965490820606933, 'lag_22': 0.6476627941304143, 'lag_23': 0.501433213796267, 'lag_24': 0.07469853896868822, 'lag_25': 0.5181117165877355, 'lag_26': 0.6777709065381999, 'lag_27': 0.6730484117182652, 'lag_28': 0.9159774880459366}. Best is trial 30 with value: 0.011000623352952592.
[I 2025-09-29 11:53:15,973] Trial 32 finished with value: 0.01113831674910322 and parameters: {'lag_0': 0.07046840580055651, 'lag_1': 0.6513482477146718, 'lag_2': 0.336145003202768, 'lag_3': 0.3621641322158993, 'lag_4': 0.42824728902211495, 'lag_5': 0.6460569183430561, 'lag_6': 0.6911276708397054, 'lag_7': 0.6134794939413235, 'lag_8': 0.4876682809267121, 'lag_9': 0.5297678923420222, 'lag_10': 0.6546035160524928, 'lag_11': 0.33545140657545164, 'lag_12': 0.11788249039638304, 'lag_13': 0.35306833657844944, 'lag_14': 0.859388667679303, 'lag_15': 0.8700566988697884, 'lag_16': 0.49255681414739905, 'lag_17': 0.4624370536598163, 'lag_18': 0.8231928168048699, 'lag_19': 0.1923436219231464, 'lag_20': 0.3729330794590666, 'lag_21': 0.47021125909498446, 'lag_22': 0.8170799643422701, 'lag_23': 0.07168893629469383, 'lag_24': 0.2632971844420271, 'lag_25': 0.6741379506449998, 'lag_26': 0.4210315462622337, 'lag_27': 0.4846049464236301, 'lag_28': 0.8877125072526666}. Best is trial 30 with value: 0.011000623352952592.
[I 2025-09-29 11:53:18,301] Trial 33 finished with value: 0.01106029730926207 and parameters: {'lag_0': 0.1235803617699256, 'lag_1': 0.5311451883654713, 'lag_2': 0.22815623501067173, 'lag_3': 0.26842848063120256, 'lag_4': 0.2517081141740951, 'lag_5': 0.7111512370606625, 'lag_6': 0.761567944209812, 'lag_7': 0.4990306322019695, 'lag_8': 0.3647732064030008, 'lag_9': 0.3858250949017086, 'lag_10': 0.754707114861263, 'lag_11': 0.42995102752091485, 'lag_12': 0.7528642237453964, 'lag_13': 0.16815114869309594, 'lag_14': 0.7964728445518509, 'lag_15': 0.3813398456595034, 'lag_16': 0.6171648238544164, 'lag_17': 0.1955400246229228, 'lag_18': 0.7137818718730171, 'lag_19': 0.07393829533638215, 'lag_20': 0.17446453912320206, 'lag_21': 0.2947887172559318, 'lag_22': 0.7830249229733063, 'lag_23': 0.43060221774406304, 'lag_24': 0.11942910896122548, 'lag_25': 0.4632214639450249, 'lag_26': 0.5689189748345164, 'lag_27': 0.5844025299976378, 'lag_28': 0.7880041791630727}. Best is trial 30 with value: 0.011000623352952592.
[I 2025-09-29 11:53:20,636] Trial 34 finished with value: 0.011331850672248811 and parameters: {'lag_0': 0.21444266678073004, 'lag_1': 0.80879963419127, 'lag_2': 0.37046995551180134, 'lag_3': 0.14787562779036384, 'lag_4': 0.2035135422302286, 'lag_5': 0.706961768228813, 'lag_6': 0.967066035111753, 'lag_7': 0.7553832090797838, 'lag_8': 0.38450079788754465, 'lag_9': 0.285803085865138, 'lag_10': 0.8947434262539757, 'lag_11': 0.4255584823039047, 'lag_12': 0.8324628926941824, 'lag_13': 0.41137581804284634, 'lag_14': 0.8130590132176643, 'lag_15': 0.35350963076246444, 'lag_16': 0.6212505377794029, 'lag_17': 0.18557936113796156, 'lag_18': 0.7383743733099836, 'lag_19': 0.06067190272118139, 'lag_20': 0.19143544495040513, 'lag_21': 0.3413047879493796, 'lag_22': 0.7487753269107921, 'lag_23': 0.443854005240068, 'lag_24': 0.10940318550118193, 'lag_25': 0.46095857254391376, 'lag_26': 0.2926936679198471, 'lag_27': 0.6108337537359807, 'lag_28': 0.9862041146497604}. Best is trial 30 with value: 0.011000623352952592.
[I 2025-09-29 11:53:22,970] Trial 35 finished with value: 0.011234209488392556 and parameters: {'lag_0': 0.13075519671302904, 'lag_1': 0.971936009870202, 'lag_2': 0.22662050557532543, 'lag_3': 0.27224624970717715, 'lag_4': 0.08547514274114389, 'lag_5': 0.6236969684557869, 'lag_6': 0.6367326712231787, 'lag_7': 0.508058123459346, 'lag_8': 0.2290048952455552, 'lag_9': 0.0965802909111757, 'lag_10': 0.7600543029742857, 'lag_11': 0.22957284233912595, 'lag_12': 0.9081471177491262, 'lag_13': 0.5596582476650607, 'lag_14': 0.9293810263993891, 'lag_15': 0.4491087270908989, 'lag_16': 0.10176203525945432, 'lag_17': 0.22502718594626586, 'lag_18': 0.9098470423740084, 'lag_19': 0.06531110258715049, 'lag_20': 0.26030528119861407, 'lag_21': 0.11915532849505389, 'lag_22': 0.7244107310518341, 'lag_23': 0.7062746507908705, 'lag_24': 0.1281795046903893, 'lag_25': 0.5887521326003958, 'lag_26': 0.4454913162045162, 'lag_27': 0.6461011079912622, 'lag_28': 0.6900113015753961}. Best is trial 30 with value: 0.011000623352952592.
[I 2025-09-29 11:53:25,296] Trial 36 finished with value: 0.011132300986120381 and parameters: {'lag_0': 0.2834433257575044, 'lag_1': 0.35881321484819395, 'lag_2': 0.5560482205819101, 'lag_3': 0.23829905024710948, 'lag_4': 0.2612933340668876, 'lag_5': 0.5380068241629026, 'lag_6': 0.7993747473645036, 'lag_7': 0.8297800800018871, 'lag_8': 0.5605033842790169, 'lag_9': 0.5926163808266479, 'lag_10': 0.898298760892975, 'lag_11': 0.2994459111565529, 'lag_12': 0.7381965378628736, 'lag_13': 0.08358281362557862, 'lag_14': 0.7398193330131484, 'lag_15': 0.390257007352261, 'lag_16': 0.21168479842248888, 'lag_17': 0.14806091662840673, 'lag_18': 0.6820039272323578, 'lag_19': 0.29826168066729114, 'lag_20': 0.4812498383414995, 'lag_21': 0.24837187940436212, 'lag_22': 0.5966867773179898, 'lag_23': 0.39887138924389204, 'lag_24': 0.20779670312319581, 'lag_25': 0.6762537868671449, 'lag_26': 0.20057886583391227, 'lag_27': 0.769214389933713, 'lag_28': 0.7592256518384943}. Best is trial 30 with value: 0.011000623352952592.
[I 2025-09-29 11:53:27,636] Trial 37 finished with value: 0.011550917805842827 and parameters: {'lag_0': 0.34613342504832895, 'lag_1': 0.42740134907740035, 'lag_2': 0.45351801074532544, 'lag_3': 0.15108297391620026, 'lag_4': 0.6663353871344166, 'lag_5': 0.5129724724094022, 'lag_6': 0.855920438249538, 'lag_7': 0.5985455455319728, 'lag_8': 0.698818649228192, 'lag_9': 0.47091805389409, 'lag_10': 0.49898123891428736, 'lag_11': 0.08915292875030273, 'lag_12': 0.6260760220694972, 'lag_13': 0.25150842848179294, 'lag_14': 0.6885235795599239, 'lag_15': 0.5528522659037217, 'lag_16': 0.5735106996728607, 'lag_17': 0.06720347030113483, 'lag_18': 0.8620446342019723, 'lag_19': 8.953306063284872e-05, 'lag_20': 0.17163488713623104, 'lag_21': 0.14827016833725784, 'lag_22': 0.8256211650678082, 'lag_23': 0.5341386522174301, 'lag_24': 0.3009388718031345, 'lag_25': 0.20874024649088208, 'lag_26': 0.531806226195628, 'lag_27': 0.5459166819268355, 'lag_28': 0.008588299125041221}. Best is trial 30 with value: 0.011000623352952592.
[I 2025-09-29 11:53:29,964] Trial 38 finished with value: 0.011269381310586437 and parameters: {'lag_0': 0.9957259327609385, 'lag_1': 0.8326024415296649, 'lag_2': 0.6892217838708069, 'lag_3': 0.9110583959779291, 'lag_4': 0.2303675647657557, 'lag_5': 0.6434568630026486, 'lag_6': 0.7419834233258846, 'lag_7': 0.4685184587484557, 'lag_8': 0.4729593197330797, 'lag_9': 0.23101487565306383, 'lag_10': 0.9410228280801259, 'lag_11': 0.4355227425783523, 'lag_12': 0.7453664132865483, 'lag_13': 0.005327685414927008, 'lag_14': 0.8153455129594058, 'lag_15': 0.7183901792529754, 'lag_16': 0.8073483296740273, 'lag_17': 0.14688829745592788, 'lag_18': 0.7907820127644549, 'lag_19': 0.6978884994780472, 'lag_20': 0.9415243091311061, 'lag_21': 0.01673479179367887, 'lag_22': 0.965368468239573, 'lag_23': 0.6290553306779074, 'lag_24': 0.09266393753436193, 'lag_25': 0.7288819588917557, 'lag_26': 0.08880727844933184, 'lag_27': 0.7624172841897205, 'lag_28': 0.5888772586581561}. Best is trial 30 with value: 0.011000623352952592.
[I 2025-09-29 11:53:32,293] Trial 39 finished with value: 0.011105636181939407 and parameters: {'lag_0': 0.9155144447693141, 'lag_1': 0.2807147124526308, 'lag_2': 0.2950251774608343, 'lag_3': 0.3189152539277829, 'lag_4': 0.49126322931046035, 'lag_5': 0.37511524557447107, 'lag_6': 0.910190744794285, 'lag_7': 0.5287218826043754, 'lag_8': 0.1655445274207122, 'lag_9': 0.4017795918193596, 'lag_10': 0.7366635851997657, 'lag_11': 0.5276765231852745, 'lag_12': 0.4308280066887008, 'lag_13': 0.33221052365411324, 'lag_14': 0.9835535500739296, 'lag_15': 0.6587993857378933, 'lag_16': 0.3541799575810087, 'lag_17': 0.23262040287738697, 'lag_18': 0.9389557978105693, 'lag_19': 0.5500279773467541, 'lag_20': 0.36507476056613586, 'lag_21': 0.3700148305892101, 'lag_22': 0.89620180743585, 'lag_23': 0.29940121240260886, 'lag_24': 0.0373497225402199, 'lag_25': 0.2930873278734972, 'lag_26': 0.31425099211427343, 'lag_27': 0.4202146144759625, 'lag_28': 0.6754439883045467}. Best is trial 30 with value: 0.011000623352952592.
[I 2025-09-29 11:53:34,627] Trial 40 finished with value: 0.01128587950066574 and parameters: {'lag_0': 0.7507039934812842, 'lag_1': 0.5435775168000729, 'lag_2': 0.1718426075849116, 'lag_3': 0.45996270313648163, 'lag_4': 0.18346994667754443, 'lag_5': 0.7162842460473204, 'lag_6': 0.8034898934732692, 'lag_7': 0.6592657091295545, 'lag_8': 0.06484238137582116, 'lag_9': 0.33288043933025235, 'lag_10': 0.6349412631925004, 'lag_11': 0.2299971711170308, 'lag_12': 0.5713858428072369, 'lag_13': 0.06165882703583575, 'lag_14': 0.9144887708391416, 'lag_15': 0.18458739262795126, 'lag_16': 0.16487185908701307, 'lag_17': 0.31983087500262963, 'lag_18': 0.6131947424756958, 'lag_19': 0.2240965904656101, 'lag_20': 0.21026410908611926, 'lag_21': 0.5363910272025535, 'lag_22': 0.6997007362371914, 'lag_23': 0.44870091899695763, 'lag_24': 0.007117720102801192, 'lag_25': 0.5657153868132562, 'lag_26': 0.9147219405390238, 'lag_27': 0.4948564613982211, 'lag_28': 0.44515296107340263}. Best is trial 30 with value: 0.011000623352952592.
