[I 2025-10-03 11:37:38,173] Trial 42 finished with values: [0.007383219954648528, 0.005704853028756877, 0.0003362764901759328, 0.0010563543821279105, 0.0005112521915312071, 0.0009494309673553596, 0.001690691749003154, 0.003109535636626364, 0.002571544520255791, 0.0025883572904726255, 0.0008422602927605086, 0.00039649545863509135, 0.0005055553025667565, 0.01808927682561743, 0.0, 0.00038088281218699217, 0.000307642460706316, 0.0003131073167147153, 0.0007714885455366161, 1.633623399762616e-05, 4.0234099840773766e-05, 5.678657510745116e-05, 0.0003602806862584963, 7.915623803702753e-05, 0.0004271838006752885, 0.00018765281733524754, 0.00025332738098196226, 0.0014413810591545416, 0.0019554682833525356] and parameters: {'lag_0': 0.147751755386192, 'lag_1': 0.14691893289529864, 'lag_2': 0.042517347581568506, 'lag_3': 0.9584707865143111, 'lag_4': 0.7592117099085496, 'lag_5': 0.44206293599297697, 'lag_6': 0.6564631134303135, 'lag_7': 0.9667643080978945, 'lag_8': 0.11982336311520689, 'lag_9': 0.9449390066423328, 'lag_10': 0.3159526351997733, 'lag_11': 0.6913594521075535, 'lag_12': 0.10367874723475881, 'lag_13': 0.853009996941818, 'lag_14': 0.15040167136833338, 'lag_15': 0.6283591570791895, 'lag_16': 0.7505941220295672, 'lag_17': 0.3029299281787287, 'lag_18': 0.6004013366297294, 'lag_19': 0.15681983110676084, 'lag_20': 0.48124156337637913, 'lag_21': 0.9199997282853416, 'lag_22': 0.21691648979188993, 'lag_23': 0.09717392847357781, 'lag_24': 0.7024844755246664, 'lag_25': 0.3912174703974942, 'lag_26': 0.36419884841488837, 'lag_27': 0.9576903749115872, 'lag_28': 0.5158251498007693}.
[I 2025-10-03 11:37:40,886] Trial 43 finished with values: [0.009783950617283951, 0.002319564581165453, 0.0012096849837957763, 0.0014021489736263091, 0.0007736571361507745, 0.001553065873421173, 0.0009936413331167152, 0.00111885305365236, 0.0023307057742288175, 0.0016761657220113902, 0.0012532870761965084, 0.0008393065144202804, 0.0006739605364112984, 0.022638822802410453, 0.0, 0.0006144322670342452, 0.00039895549552118245, 0.0004482946533768896, 0.0006740886671949304, 5.838344971136211e-05, 0.00016798568802058563, 6.556506410753405e-05, 0.00037502930236632965, 0.00040062162911723247, 0.0007997670819520922, 6.086895817560013e-05, 0.0003246219410821678, 0.0011617795853440102, 0.0005723787531084853] and parameters: {'lag_0': 0.3280208169759746, 'lag_1': 0.20406030876555278, 'lag_2': 0.3328560563552523, 'lag_3': 0.5881115073947608, 'lag_4': 0.7374640106696505, 'lag_5': 0.17206483631748667, 'lag_6': 0.9992961269943849, 'lag_7': 0.2770959500249319, 'lag_8': 0.9825324071520054, 'lag_9': 0.4670985429230738, 'lag_10': 0.040254419325298454, 'lag_11': 0.2982639627601549, 'lag_12': 0.5853753712943696, 'lag_13': 0.3189651537909022, 'lag_14': 0.6160649261665736, 'lag_15': 0.56112329275076, 'lag_16': 0.994441550731771, 'lag_17': 0.06356143130427058, 'lag_18': 0.8093832439427788, 'lag_19': 0.41152320340329973, 'lag_20': 0.8338955145611466, 'lag_21': 0.3772752420510254, 'lag_22': 0.9921673170342636, 'lag_23': 0.9916632915269638, 'lag_24': 0.19000402433571528, 'lag_25': 0.7828022663637418, 'lag_26': 0.8876684801282064, 'lag_27': 0.5675369093329499, 'lag_28': 0.11833186549437673}.
[I 2025-10-03 11:37:43,596] Trial 44 finished with values: [0.0035694444444444445, 0.002154042322118415, 0.0016516778591151033, 0.0005248256908153934, 0.0006199564167432494, 0.0018481159996586107, 0.0015330685446659947, 0.001188927731070656, 0.002553648530437642, 0.0019261465918704445, 0.0009566786982009619, 0.0007077713484140985, 0.000616080442208465, 0.01804235508990243, 0.0, 0.0001075486910290578, 0.00016267221924807653, 0.00024775458900171945, 0.0007449613114892297, 5.445898985956842e-05, 5.844073253317648e-05, 0.0001192179195245721, 0.0005755692114321955, 0.00048153292208144214, 0.0008043324145350199, 3.743856332077124e-05, 0.0006979110150043224, 0.001810407524329933, 6.577864771585809e-05] and parameters: {'lag_0': 0.2887990736940932, 'lag_1': 0.09976259481121172, 'lag_2': 0.1051572354751664, 'lag_3': 0.10220537259425483, 'lag_4': 0.6632801445124721, 'lag_5': 0.5278008350187801, 'lag_6': 0.3619521479777559, 'lag_7': 0.40933396055296833, 'lag_8': 0.6818086052019301, 'lag_9': 0.8662293492575028, 'lag_10': 0.4207462154074494, 'lag_11': 0.11629575016571506, 'lag_12': 0.7129210678531682, 'lag_13': 0.6656963165107633, 'lag_14': 0.008578255596583234, 'lag_15': 0.8615185347038927, 'lag_16': 0.24161026289916096, 'lag_17': 0.005641081585748973, 'lag_18': 0.8926902104379714, 'lag_19': 0.5455756473376069, 'lag_20': 0.6834130527115655, 'lag_21': 0.777955778102251, 'lag_22': 0.09149734771154679, 'lag_23': 0.05806431676449822, 'lag_24': 0.7322515600387902, 'lag_25': 0.3736403727285574, 'lag_26': 0.4229304036888421, 'lag_27': 0.04830234082585689, 'lag_28': 0.6935328466880263}.
[I 2025-10-03 11:37:46,302] Trial 45 finished with values: [0.0044444444444444444, 0.0009687915571627807, 0.0007271048243730797, 0.0029774264407416207, 0.0014400933860407076, 0.00043418037012198037, 0.002581196393241481, 0.0021604826148745697, 0.0019928119385260613, 0.002402940207845497, 0.001221571543467122, 0.00021420123655182833, 0.00018794439919004438, 0.020621259854130502, 0.0, 0.00022038115042513745, 7.886931635687817e-05, 0.0005091662150407694, 0.000605153867747952, 4.913983838942367e-05, 2.804513873550208e-05, 0.00011161557515732825, 0.0007486138686317546, 0.00011937294375191987, 0.0007971026257242398, 0.00035240939567232117, 0.0009377574837636102, 0.0014919085390388584, 0.0002903080651074308] and parameters: {'lag_0': 0.6723901059017349, 'lag_1': 0.09482281486799087, 'lag_2': 0.07719341800786655, 'lag_3': 0.09960196993663488, 'lag_4': 0.8544039458606988, 'lag_5': 0.335506289752539, 'lag_6': 0.5772917551378502, 'lag_7': 0.8418407680373712, 'lag_8': 0.40728867775573946, 'lag_9': 0.5691043896708684, 'lag_10': 0.8829785658450842, 'lag_11': 0.009125464505729559, 'lag_12': 0.5850865412344513, 'lag_13': 0.6640870916736901, 'lag_14': 0.27498143422619564, 'lag_15': 0.3245232778884548, 'lag_16': 0.14242551454102934, 'lag_17': 0.32235105626095256, 'lag_18': 0.9200999556775299, 'lag_19': 0.09116160592912557, 'lag_20': 0.1400088950939762, 'lag_21': 0.9268825026713049, 'lag_22': 0.4962920780799415, 'lag_23': 0.8645680275506947, 'lag_24': 0.3935562063352323, 'lag_25': 0.890736364467487, 'lag_26': 0.2380263356611629, 'lag_27': 0.24498991365123474, 'lag_28': 0.20402836681411637}.
[I 2025-10-03 11:37:49,175] Trial 46 finished with values: [0.003777777777777778, 0.0005850068463014382, 0.0010562896654219454, 0.000998676216333692, 0.0006419606816526025, 0.0011930594840332946, 0.0016654163508614203, 0.0006486543827712106, 0.001736268036750427, 0.0016160380966264726, 0.0017469569567980612, 0.0011945357898164978, 0.0007645319136875789, 0.018381548639902486, 0.0, 0.0005406494873120085, 0.00019121727990696494, 0.0003396754595634449, 0.0010301062123718205, 5.451962662932384e-05, 0.00013435918010741847, 9.41494153093715e-05, 0.00021939658568957145, 0.0006302209121910754, 0.0009414732964863045, 0.00021334682406213673, 0.0005356737993054393, 0.0016425738909450944, 0.0020152352748280425] and parameters: {'lag_0': 0.4810111886314546, 'lag_1': 0.7941426509541208, 'lag_2': 0.585622732523493, 'lag_3': 0.17718179417289254, 'lag_4': 0.37860717482932976, 'lag_5': 0.6787865961504743, 'lag_6': 0.861442879816591, 'lag_7': 0.4430247818374952, 'lag_8': 0.16591580589542768, 'lag_9': 0.7953519168157024, 'lag_10': 0.8258734073148266, 'lag_11': 0.31622057979114687, 'lag_12': 0.4903760700082919, 'lag_13': 0.12529629111215607, 'lag_14': 0.8308977318332466, 'lag_15': 0.6000543738418643, 'lag_16': 0.8014214106558992, 'lag_17': 0.7165375870188776, 'lag_18': 0.5187367839053301, 'lag_19': 0.12863548158938767, 'lag_20': 0.33966506511392136, 'lag_21': 0.16297105911167017, 'lag_22': 0.11845218760377409, 'lag_23': 0.4652241143059835, 'lag_24': 0.8176256720913131, 'lag_25': 0.4620425409617461, 'lag_26': 0.618099021709009, 'lag_27': 0.4167969318886934, 'lag_28': 0.3823195631270264}.
[I 2025-10-03 11:37:51,904] Trial 47 finished with values: [0.003950617283950617, 0.004331566872741737, 0.0008730166917534593, 0.000628436449941644, 0.0011887999988527697, 0.0018674039650695598, 0.00176173783092074, 0.0026980671482983174, 0.0025759197007998347, 0.0013142509769596589, 0.00155084283978209, 0.0008312596961113512, 0.00032039264271033343, 0.01858704502188318, 0.0, 0.000653222359109081, 6.305692433607925e-05, 0.0005758258484997221, 0.00026126830031928544, 2.0095673369500838e-05, 0.00017319439424817753, 0.0001394232739299851, 0.00024517297054421356, 0.0003050096694145666, 0.00034751622173254766, 0.0002197884741850519, 0.0006450831692027357, 0.0016472152883106113, 0.001480100715473088] and parameters: {'lag_0': 0.16448026833883134, 'lag_1': 0.7402527082700308, 'lag_2': 0.8493345075904511, 'lag_3': 0.4004518092025374, 'lag_4': 0.4130749918483919, 'lag_5': 0.7418594197885742, 'lag_6': 0.7720880445401337, 'lag_7': 0.6394883068413857, 'lag_8': 0.09799548463670162, 'lag_9': 0.8564202326590272, 'lag_10': 0.7732026002151284, 'lag_11': 0.3389153286662633, 'lag_12': 0.004616756651042364, 'lag_13': 0.23376417490318038, 'lag_14': 0.7932227050979158, 'lag_15': 0.11880355581454577, 'lag_16': 0.4609216030398727, 'lag_17': 0.2980546682534997, 'lag_18': 0.3089456893552487, 'lag_19': 0.5854233775687815, 'lag_20': 0.48078506610633, 'lag_21': 0.6622539203940033, 'lag_22': 0.7892936495687894, 'lag_23': 0.8742819770339456, 'lag_24': 0.10687298455319355, 'lag_25': 0.6747083915749894, 'lag_26': 0.8801612250883148, 'lag_27': 0.10490454795086533, 'lag_28': 0.5221907518903254}.
[I 2025-10-03 11:37:54,628] Trial 48 finished with values: [0.004716553287981859, 0.0010261764069220075, 0.0005307348543280035, 0.0022340623177524097, 0.0021562772258343415, 0.0013890070818644161, 0.001279519530704222, 0.0014678482555561185, 0.0026137241890041322, 0.0011714851673579653, 0.0011617560216923238, 0.0008851185312406527, 0.00036820310842213233, 0.018943455740825864, 0.0, 0.0001368184249826122, 0.0002578057466812456, 0.0005187899593300478, 0.0008906475751527133, 7.623202376895787e-05, 0.0001616715151521819, 1.4499995563050342e-05, 0.0004016253262588169, 0.000588851027069638, 0.0008793233469136655, 0.0002852758451927839, 0.0006937649671200179, 0.0012502266404190976, 0.0006342219089321565] and parameters: {'lag_0': 0.7694203164946297, 'lag_1': 0.9054841361063148, 'lag_2': 0.44684645735662354, 'lag_3': 0.8199609868496265, 'lag_4': 0.919509417966438, 'lag_5': 0.12591536984175095, 'lag_6': 0.6991671113191981, 'lag_7': 0.23198129945169063, 'lag_8': 0.5169725181144671, 'lag_9': 0.37653870809625645, 'lag_10': 0.5581882488645841, 'lag_11': 0.8475659704878707, 'lag_12': 0.47629843319732834, 'lag_13': 0.7847921565392523, 'lag_14': 0.3271669495586563, 'lag_15': 0.26004262179060933, 'lag_16': 0.6084601787400203, 'lag_17': 0.012010694301103242, 'lag_18': 0.14982283044415431, 'lag_19': 0.9840502359176898, 'lag_20': 0.8716084789707311, 'lag_21': 0.7203647020568944, 'lag_22': 0.4839931208489911, 'lag_23': 0.1589491589306369, 'lag_24': 0.14261727452445844, 'lag_25': 0.08622284476110112, 'lag_26': 0.9639802705290333, 'lag_27': 0.8490186804021407, 'lag_28': 0.9273254137591286}.
[I 2025-10-03 11:37:57,350] Trial 49 finished with values: [0.0042361111111111115, 0.0020053288952171238, 0.0011930653744242768, 0.0022838807089470745, 0.00022673986682280288, 0.0007545165562564681, 0.0015971546778538708, 0.0011852792490314131, 0.0027371460916122744, 0.0013109021226121941, 0.0014427324252488539, 0.0009986673504654947, 0.0003060538306724015, 0.018372927928818554, 0.0, 0.000542678493956931, 3.119866026377113e-05, 0.000622583036765177, 0.0005229572114865298, 2.0263554935806863e-05, 0.00010745003200109701, 1.7212835532921297e-05, 0.00025819768206317996, 0.00029267978268981905, 0.0007635685612561236, 0.00019776334785522482, 0.000447107372887217, 0.0025979703288067264, 0.0004487649349402847] and parameters: {'lag_0': 0.3063590240109723, 'lag_1': 0.6113566159692578, 'lag_2': 0.15519943417073437, 'lag_3': 0.6258491176392917, 'lag_4': 0.35915059675630945, 'lag_5': 0.6386492026546436, 'lag_6': 0.8145921954851166, 'lag_7': 0.5424092894088266, 'lag_8': 0.21148753279522417, 'lag_9': 0.4054389022316261, 'lag_10': 0.6497982591138443, 'lag_11': 0.4597826173314825, 'lag_12': 0.24049226302245902, 'lag_13': 0.19652917677572715, 'lag_14': 0.5803338928017515, 'lag_15': 0.8487899563253667, 'lag_16': 0.07920931041762411, 'lag_17': 0.12344630402010753, 'lag_18': 0.7761732916060157, 'lag_19': 0.45134167727282604, 'lag_20': 0.24132168320419958, 'lag_21': 0.41097472938942886, 'lag_22': 0.2398526504280212, 'lag_23': 0.7279284896722701, 'lag_24': 0.05257782643391521, 'lag_25': 0.4001199272875152, 'lag_26': 0.674386426256689, 'lag_27': 0.8317587520713139, 'lag_28': 0.11289760040954819}.
[I 2025-10-03 11:38:00,059] Trial 50 finished with values: [0.004249433851997956, 0.0009109197292553959, 0.0012908363383667023, 0.0008474816550167781, 0.0010733866572602622, 0.0014385508833653238, 0.0011683753508814163, 0.0016053083738873635, 0.0022113807362045997, 0.0028105585005998427, 0.0007542480544751867, 0.0010774327620564008, 0.00043096995795511016, 0.01767828383180872, 0.0, 0.0006144297532708928, 0.00018715018086529195, 0.00037048015686741095, 0.0009218513342248571, 3.5296825009789755e-05, 5.9324257370251484e-05, 9.797280333304905e-05, 0.0005541088438384387, 0.000340562091343689, 0.0007244779152575807, 0.0001733777511402218, 0.00043183285929332795, 0.001789042957193002, 0.0006996269018565385] and parameters: {'lag_0': 0.7085157601517861, 'lag_1': 0.20406030876555278, 'lag_2': 0.3328560563552523, 'lag_3': 0.5881115073947608, 'lag_4': 0.7744064992413779, 'lag_5': 0.018187675741126424, 'lag_6': 0.27388499585047366, 'lag_7': 0.8771506228363148, 'lag_8': 0.9825324071520054, 'lag_9': 0.4670985429230738, 'lag_10': 0.040254419325298454, 'lag_11': 0.17812896381739776, 'lag_12': 0.2089623140080503, 'lag_13': 0.3189651537909022, 'lag_14': 0.33763455036388446, 'lag_15': 0.9857472226331037, 'lag_16': 0.688088795102224, 'lag_17': 0.06356143130427058, 'lag_18': 0.33011028598966424, 'lag_19': 0.41152320340329973, 'lag_20': 0.5561548341765653, 'lag_21': 0.19005777257697892, 'lag_22': 0.2566120390320085, 'lag_23': 0.9916632915269638, 'lag_24': 0.1918224954102858, 'lag_25': 0.5253540711642282, 'lag_26': 0.9005887962041631, 'lag_27': 0.8754194126651224, 'lag_28': 0.11833186549437673}.
[I 2025-10-03 11:38:02,781] Trial 51 finished with values: [0.0044444444444444444, 0.006053543621145642, 0.000659832172525021, 0.002152793609202924, 6.688290675323623e-05, 0.000967680088882817, 0.0016027283273836596, 0.002117887850201991, 0.001624800893458931, 0.0015599336656442367, 0.0013607332874480817, 0.0003041047996040345, 0.0006561752100798503, 0.019466098335143726, 0.0, 0.00041231721408872227, 0.00029582007309966475, 0.00030243731649621066, 0.0007955246065975826, 5.290803378332653e-05, 3.0817517388298816e-05, 0.00011209416306007674, 0.00032480742939047607, 0.0004799591027128472, 0.0004801994892938388, 0.00014014672739573383, 0.0004234266621786009, 0.002822560533768395, 0.002463312577911784] and parameters: {'lag_0': 0.5178198451453208, 'lag_1': 0.006824780276610782, 'lag_2': 0.13894858651843262, 'lag_3': 0.7133661402175434, 'lag_4': 0.9557297664674796, 'lag_5': 0.11527041333191364, 'lag_6': 0.24882793577691553, 'lag_7': 0.7792722370497848, 'lag_8': 0.023759659407119153, 'lag_9': 0.9440530813785042, 'lag_10': 0.13641856258252238, 'lag_11': 0.40623732223123815, 'lag_12': 0.9557175245598951, 'lag_13': 0.45188069437038536, 'lag_14': 0.24811937001961762, 'lag_15': 0.2181053540529415, 'lag_16': 0.9731032615293909, 'lag_17': 0.9764373093068419, 'lag_18': 0.1649613848730195, 'lag_19': 0.6303059363991487, 'lag_20': 0.24726122778493556, 'lag_21': 0.09210424739822995, 'lag_22': 0.11056217693291708, 'lag_23': 0.9309741989401674, 'lag_24': 0.6306158987408743, 'lag_25': 0.5653136575315875, 'lag_26': 0.8764375216857153, 'lag_27': 0.2711872405038848, 'lag_28': 0.5445443370879537}.
[I 2025-10-03 11:38:05,492] Trial 52 finished with values: [0.003950617283950617, 0.000906190835447323, 0.00044822021061067103, 0.0011063354602095764, 0.0007866162367505836, 0.0004862666567307301, 0.002100135469476207, 0.0010957767241303697, 0.0010882731075821397, 0.0018236096459820737, 0.0010583257050147108, 0.00036160525587833776, 0.0006160722243034067, 0.019963677362005737, 0.0, 0.0008898911049060579, 9.357339065864058e-05, 0.0006654323082961459, 0.0006740613773581434, 5.738835166434302e-05, 0.00010684153054342721, 8.722194169761424e-05, 0.0005231474604694869, 0.00014804310808406586, 0.0011941425426789062, 9.59857245530365e-05, 0.00029140113658020233, 0.001042114693818385, 0.0014434050918273277] and parameters: {'lag_0': 0.6723901059017349, 'lag_1': 0.09482281486799087, 'lag_2': 0.6321656371856985, 'lag_3': 0.5851599468250621, 'lag_4': 0.8544039458606988, 'lag_5': 0.335506289752539, 'lag_6': 0.5772917551378502, 'lag_7': 0.31713695096706834, 'lag_8': 0.40728867775573946, 'lag_9': 0.5691043896708684, 'lag_10': 0.8829785658450842, 'lag_11': 0.009125464505729559, 'lag_12': 0.5850865412344513, 'lag_13': 0.2831370414048, 'lag_14': 0.40388048541714144, 'lag_15': 0.5859364980760796, 'lag_16': 0.25179372522573934, 'lag_17': 0.32235105626095256, 'lag_18': 0.3632561139053784, 'lag_19': 0.29647112531846875, 'lag_20': 0.1400088950939762, 'lag_21': 0.9268825026713049, 'lag_22': 0.4962920780799415, 'lag_23': 0.39646275382363494, 'lag_24': 0.3208258007520182, 'lag_25': 0.890736364467487, 'lag_26': 0.11604977445370619, 'lag_27': 0.24498991365123474, 'lag_28': 0.20402836681411637}.
[I 2025-10-03 11:38:08,196] Trial 53 finished with values: [0.00471655328798186, 0.0011460862527459818, 0.0003456341093291673, 0.0019160012271647801, 0.002455379854706387, 0.0016212590509563027, 0.0011145661520259001, 0.0022503600819618183, 0.0021039225923805177, 0.0025055329240514343, 0.0013151161224200924, 0.0005792328038669144, 0.0004094393318367087, 0.019434599596689316, 0.0, 0.00031715506869386864, 0.0004728289482867407, 0.00037045212256915763, 0.0005924618913436507, 4.022371764148073e-05, 0.00013043781327647442, 2.601161475206296e-05, 0.00029264205438807154, 0.00033995906870681934, 0.00043609945296795477, 0.00020314765353719781, 0.0006567321757628595, 0.0012689599480820166, 0.0015626572482685952] and parameters: {'lag_0': 0.8819980557815983, 'lag_1': 0.10625993543528829, 'lag_2': 0.0012095629172995499, 'lag_3': 0.12998601599077783, 'lag_4': 0.37625628200845923, 'lag_5': 0.5451859694380804, 'lag_6': 0.417438470561397, 'lag_7': 0.9154631773476024, 'lag_8': 0.4178373552990132, 'lag_9': 0.004556053835803175, 'lag_10': 0.1783930486492147, 'lag_11': 0.7769574751140584, 'lag_12': 0.9484335595842074, 'lag_13': 0.6943530570655565, 'lag_14': 0.29557420806724405, 'lag_15': 0.5878724089646655, 'lag_16': 0.7887008013433068, 'lag_17': 0.2530707145036388, 'lag_18': 0.686394853728241, 'lag_19': 0.09858844241431818, 'lag_20': 0.2416389320506894, 'lag_21': 0.6975212613619416, 'lag_22': 0.7667558427057559, 'lag_23': 0.7257019385369121, 'lag_24': 0.5083508864678131, 'lag_25': 0.6227069215564395, 'lag_26': 0.8627295355428629, 'lag_27': 0.8152854494255388, 'lag_28': 0.4164623453206603}.
[I 2025-10-03 11:38:10,910] Trial 54 finished with values: [0.0044444444444444444, 0.00041913435365617665, 0.0007581590287785877, 0.0008977131166819549, 0.00016206038543971243, 0.000983329111391082, 0.000991898726515637, 0.001529011181809375, 0.0022097257138032978, 0.0015567435078486665, 0.001255053429481641, 0.0006134509537524291, 0.0007922280352118288, 0.018772665623690333, 0.0, 0.00020235454782868923, 8.202133166057364e-05, 0.0004589127072185571, 0.000693524710676019, 8.483780610336697e-05, 2.9120835170908443e-05, 2.1680424712124576e-05, 0.0004112928838727836, 0.0004297910048344657, 0.0006290269383939662, 0.0003538645452973399, 0.000918547816090958, 0.0025989312131070347, 0.002305959920178321] and parameters: {'lag_0': 0.4810111886314546, 'lag_1': 0.7941426509541208, 'lag_2': 0.585622732523493, 'lag_3': 0.17718179417289254, 'lag_4': 0.37860717482932976, 'lag_5': 0.7809055591523381, 'lag_6': 0.07822217611622684, 'lag_7': 0.4430247818374952, 'lag_8': 0.46301173402756707, 'lag_9': 0.7092119403180862, 'lag_10': 0.6678105135739038, 'lag_11': 0.31622057979114687, 'lag_12': 0.2943265937077092, 'lag_13': 0.254702458147636, 'lag_14': 0.45419454966748535, 'lag_15': 0.6000543738418643, 'lag_16': 0.8014214106558992, 'lag_17': 0.5868187266903708, 'lag_18': 0.9633898128497309, 'lag_19': 0.29613112818575027, 'lag_20': 0.33966506511392136, 'lag_21': 0.16297105911167017, 'lag_22': 0.11845218760377409, 'lag_23': 0.9928241839233515, 'lag_24': 0.9300576695203122, 'lag_25': 0.4620425409617461, 'lag_26': 0.618099021709009, 'lag_27': 0.4167969318886934, 'lag_28': 0.3823195631270264}.
