[I 2025-10-03 11:32:57,519] Trial 40 finished with values: [0.0, 0.004008698889143965, 0.0018897939466087255, 0.0016359369386247068, 0.0032327796112961945, 0.0035074900547048234, 0.0020448002598814465, 0.0029080369078170187, 0.003089158807534098, 0.0023645382303892288, 0.015459210698713852, 0.0481746155239096, 7.989456795661927e-05, 0.017725308270706487, 0.0, 0.0310483349436018, 0.0004329158067218397, 0.00836043327982104, 0.0012530952026774383, 0.0022005085026286396, 0.0005314216833717495, 0.001355102103909556, 0.0009266204519603671, 0.001773458818141198, 0.0012330992161226745, 0.005539584119913575, 0.00674223759740743, 0.0007475615357866441, 0.0004719552308941006] and parameters: {'lag_0': 0.324921782298833, 'lag_1': 0.8862735500108058, 'lag_2': 0.8922346551414151, 'lag_3': 0.6045649349578722, 'lag_4': 0.8414958798964411, 'lag_5': 0.9970531761097133, 'lag_6': 0.6844624007088977, 'lag_7': 0.3103513367006449, 'lag_8': 0.09187625434652266, 'lag_9': 0.6469573734145873, 'lag_10': 0.2740320552325281, 'lag_11': 0.9471819122818956, 'lag_12': 0.8476747435777302, 'lag_13': 0.04816900797765326, 'lag_14': 0.9172073797978617, 'lag_15': 0.9157744219201673, 'lag_16': 0.7718218289608662, 'lag_17': 0.05463956664299073, 'lag_18': 0.8730626753319946, 'lag_19': 0.5248045187849337, 'lag_20': 0.7239833355425198, 'lag_21': 0.1809832456294556, 'lag_22': 0.4997315642778024, 'lag_23': 0.35538788419214185, 'lag_24': 0.034985629123609724, 'lag_25': 0.833088769979053, 'lag_26': 0.42385388774699695, 'lag_27': 0.1782847459289602, 'lag_28': 0.9661724041622874}.
[I 2025-10-03 11:33:00,176] Trial 41 finished with values: [0.0, 0.0024715460964234675, 0.004995405921059496, 0.002691093968827814, 0.0018409993118951886, 0.002133851623460463, 0.0018118527862881922, 0.0016807072259615377, 0.0029240299947143012, 0.002777220079735297, 0.018109891125458907, 0.043636153224051524, 4.547570250124772e-05, 0.017518839339533413, 0.0, 0.02505216078464139, 0.00022329957836087375, 0.0056061193224879804, 0.0019087245561660432, 0.002703783373925738, 0.0005638743073405605, 0.0013120542755730722, 0.000937861883520057, 0.0021414092822194548, 0.0008303445427118861, 0.004707842820788205, 0.006528152786573605, 0.0012120911708334322, 0.0015268648497453053] and parameters: {'lag_0': 0.12524111724662468, 'lag_1': 0.847494821731372, 'lag_2': 0.6205961125391843, 'lag_3': 0.3262525751234295, 'lag_4': 0.7825537850375807, 'lag_5': 0.7378761000903018, 'lag_6': 0.6686676034206848, 'lag_7': 0.5327101978636193, 'lag_8': 0.4683201963000301, 'lag_9': 0.0369254266990548, 'lag_10': 0.8586186639673632, 'lag_11': 0.4490611068740567, 'lag_12': 0.5923392904303091, 'lag_13': 0.7782127140791545, 'lag_14': 0.20211435303472985, 'lag_15': 0.3561195870143844, 'lag_16': 0.1681631041916593, 'lag_17': 0.626630753386025, 'lag_18': 0.010152702538612751, 'lag_19': 0.953757499050586, 'lag_20': 0.1994743080996404, 'lag_21': 0.6053282372921325, 'lag_22': 0.0885730359597446, 'lag_23': 0.011654183679300647, 'lag_24': 0.39267311672657584, 'lag_25': 0.7797059915307684, 'lag_26': 0.7640445973206392, 'lag_27': 0.07330843058633499, 'lag_28': 0.5284392291173858}.
[I 2025-10-03 11:33:02,834] Trial 42 finished with values: [0.0, 0.0039298220568157955, 0.0022171731370207452, 0.0018454493581869004, 0.002386870728864396, 0.003003783687462034, 0.001932757691179549, 0.0027369634117009574, 0.001963635265348192, 0.00291404353709786, 0.018491882716521767, 0.04604344424676924, 8.930084203169066e-05, 0.018149247489676546, 0.0, 0.020433241961472157, 0.0009325282628939103, 0.005857265577572671, 0.0017251793942479304, 0.0025038485829977073, 0.0004116533222241381, 0.0020956137801665174, 0.0010774838864587076, 0.0022699499353229643, 0.0013048583484196953, 0.004640769176195074, 0.008067450229342032, 0.0011122144647971275, 0.0014018761158622445] and parameters: {'lag_0': 0.30624957260057883, 'lag_1': 0.6892052580305896, 'lag_2': 0.5652390048380181, 'lag_3': 0.7274183688249349, 'lag_4': 0.9763085110533748, 'lag_5': 0.6205255407890283, 'lag_6': 0.8723915346318776, 'lag_7': 0.3997363490908103, 'lag_8': 0.22903088276968667, 'lag_9': 0.5240166320573331, 'lag_10': 0.19187983328065075, 'lag_11': 0.6416964887192899, 'lag_12': 0.8654220944334942, 'lag_13': 0.9456659069977991, 'lag_14': 0.7485855330535591, 'lag_15': 0.0367578296047723, 'lag_16': 0.9809219260054092, 'lag_17': 0.5471495010061641, 'lag_18': 0.6386893747405441, 'lag_19': 0.31224067339945977, 'lag_20': 0.21155347979539704, 'lag_21': 0.9062099654566618, 'lag_22': 0.06792070535515421, 'lag_23': 0.6668692778606357, 'lag_24': 0.4363623852336712, 'lag_25': 0.5416944343107989, 'lag_26': 0.013192635035334594, 'lag_27': 0.688157558182833, 'lag_28': 0.8516149871872025}.
[I 2025-10-03 11:33:05,485] Trial 43 finished with values: [0.0, 0.0150558875739645, 0.0024823521811164844, 0.002743149556698579, 0.0018044817481916906, 0.0038538032652282858, 0.003336578568093082, 0.002060611705810898, 0.0029218549386525365, 0.002910823534109072, 0.016905266280823485, 0.04634574032363694, 5.38882980208928e-05, 0.018091377070146453, 0.0, 0.023713928252857657, 0.000275001263247495, 0.005429263593726153, 0.0013555201006433992, 0.002476791294130627, 0.000702898332863605, 0.0020601502779505282, 0.0013557950528817074, 0.0020141720142268374, 0.0008507076376343141, 0.00508244338322236, 0.006272875611692361, 0.0009198636178683918, 0.0005048272602272589] and parameters: {'lag_0': 0.6909138215165149, 'lag_1': 0.2362558751906021, 'lag_2': 0.8750958241035122, 'lag_3': 0.4032006281943189, 'lag_4': 0.3337872683633422, 'lag_5': 0.7881680979708043, 'lag_6': 0.4249089284015396, 'lag_7': 0.49671615975423905, 'lag_8': 0.8062243381966749, 'lag_9': 0.2813588080715742, 'lag_10': 0.5951440361328121, 'lag_11': 0.9048003278218576, 'lag_12': 0.40898165977855067, 'lag_13': 0.21130679791814988, 'lag_14': 0.6410691653677398, 'lag_15': 0.5697834476571082, 'lag_16': 0.9194703469907894, 'lag_17': 0.9973041925610652, 'lag_18': 0.8741089628377491, 'lag_19': 0.829572702188618, 'lag_20': 0.6497707466443822, 'lag_21': 0.1929036987284457, 'lag_22': 0.6541922914743092, 'lag_23': 0.7450316398987218, 'lag_24': 0.987275624652, 'lag_25': 0.9924765094517453, 'lag_26': 0.6774048067695337, 'lag_27': 0.8792357092851983, 'lag_28': 0.8782974203957918}.
[I 2025-10-03 11:33:08,136] Trial 44 finished with values: [0.0, 0.0044178263473391086, 0.0027329178493883883, 0.0014249365262095043, 0.003415108266106904, 0.0032032311204257743, 0.0018119431592006653, 0.0018346198152511734, 0.0025007815365881, 0.0027504414434055767, 0.015216759416995343, 0.04773222471584529, 0.0001639713978078874, 0.01715273948450079, 0.0, 0.02724063711399587, 0.0006967584971232228, 0.007031997500333942, 0.001909181830971729, 0.0036750150258760906, 0.0006347169045806383, 0.0017112014357621263, 0.0008957054775088116, 0.0021679256015455684, 0.0010620477887900524, 0.006076917521610275, 0.007218979724493671, 0.0009593827735093735, 0.0007883247128249133] and parameters: {'lag_0': 0.18969748807165931, 'lag_1': 0.0029218978964245055, 'lag_2': 0.16546049612331473, 'lag_3': 0.983680941431527, 'lag_4': 0.6933088047608001, 'lag_5': 0.2596001342548317, 'lag_6': 0.8117739608942514, 'lag_7': 0.2834799238791519, 'lag_8': 0.5682944057915397, 'lag_9': 0.6758985654611872, 'lag_10': 0.027026078756353777, 'lag_11': 0.8967799926379334, 'lag_12': 0.7445631633619865, 'lag_13': 0.18010053568627582, 'lag_14': 0.10795708214012376, 'lag_15': 0.654336746427231, 'lag_16': 0.6831384564296766, 'lag_17': 0.8491359116852892, 'lag_18': 0.7731892619787413, 'lag_19': 0.7883226254788349, 'lag_20': 0.7201570290857255, 'lag_21': 0.22559102570139516, 'lag_22': 0.3912629007183606, 'lag_23': 0.1506086053986463, 'lag_24': 0.48289162108029154, 'lag_25': 0.3391887015085485, 'lag_26': 0.8926463894350996, 'lag_27': 0.19056962478869, 'lag_28': 0.9781807311883701}.
[I 2025-10-03 11:33:10,796] Trial 45 finished with values: [0.0, 0.004512462108011536, 0.004963124454008537, 0.003152130695827172, 0.0019344056739844715, 0.0028755429922250916, 0.003053529084364045, 0.002522901385908156, 0.002567251608661927, 0.0024196185524928034, 0.017222052567451362, 0.04597856472331499, 0.00045136608965458836, 0.0178488919841511, 0.0, 0.032351780717532294, 0.00045081244456023143, 0.006988131135552286, 0.0017373426592116174, 0.0024959154376590236, 0.0003696833630139793, 0.001262455354850013, 0.0015033355466602999, 0.0019256089406336266, 0.0008216446414654815, 0.0057446794226400635, 0.006546585916356551, 0.0007310730165078433, 0.0008105812158842051] and parameters: {'lag_0': 0.7450128353405788, 'lag_1': 0.8852335644855268, 'lag_2': 0.19126254175391583, 'lag_3': 0.42503074585562683, 'lag_4': 0.41176707242285815, 'lag_5': 0.2794114226702836, 'lag_6': 0.9178841828233633, 'lag_7': 0.36299244297429334, 'lag_8': 0.5652777893990107, 'lag_9': 0.022881967976478117, 'lag_10': 0.1848170099889686, 'lag_11': 0.15019336944888648, 'lag_12': 0.6512669300066252, 'lag_13': 0.0025118443008197667, 'lag_14': 0.4960996753210542, 'lag_15': 0.010219724020219347, 'lag_16': 0.18154085952584698, 'lag_17': 0.8142747375971111, 'lag_18': 0.9990074900499533, 'lag_19': 0.255097776591308, 'lag_20': 0.682858867046341, 'lag_21': 0.11919465237156626, 'lag_22': 0.34708456669694077, 'lag_23': 0.05646386017514094, 'lag_24': 0.35828851060371464, 'lag_25': 0.03989882655272933, 'lag_26': 0.9042028070382496, 'lag_27': 0.9242359129511345, 'lag_28': 0.3502767500939151}.
[I 2025-10-03 11:33:13,456] Trial 46 finished with values: [0.0, 0.002170873352908345, 0.0019459888747397167, 0.0034437768464159755, 0.0025277777810935012, 0.0027202199385565192, 0.002036329578147304, 0.003352852947943416, 0.0030015437469624573, 0.003444110196803583, 0.016770983842197017, 0.047232532985906635, 0.0001175205218150661, 0.019412652511267763, 0.0, 0.020798261042597948, 0.00014815694857334006, 0.008039192410443121, 0.0007276115036144325, 0.0029170923094843, 0.0001842471344622083, 0.0012456639834768427, 0.001390444856696033, 0.0025243279002943385, 0.0008860770673584969, 0.0040349316648574185, 0.004959004996541451, 0.0014037700261782763, 0.001288661807245912] and parameters: {'lag_0': 0.5937628561582372, 'lag_1': 0.18550366586204028, 'lag_2': 0.7974958691573978, 'lag_3': 0.9447474135972154, 'lag_4': 0.4899327626151419, 'lag_5': 0.894102707095664, 'lag_6': 0.34321913254332853, 'lag_7': 0.11866764579894654, 'lag_8': 0.7854698485454434, 'lag_9': 0.7366493832520336, 'lag_10': 0.7141916126350554, 'lag_11': 0.8282339907474117, 'lag_12': 0.3325601863598063, 'lag_13': 0.6581107654353132, 'lag_14': 0.8028074971326282, 'lag_15': 0.2194711460381935, 'lag_16': 0.914388960363537, 'lag_17': 0.30045728604707606, 'lag_18': 0.759340671677662, 'lag_19': 0.39343584559327266, 'lag_20': 0.5661203531330463, 'lag_21': 0.21397356752542604, 'lag_22': 0.9245191957276395, 'lag_23': 0.9298677993568281, 'lag_24': 0.11439039447335461, 'lag_25': 0.4707250091230301, 'lag_26': 0.09300455313344719, 'lag_27': 0.6928395820053611, 'lag_28': 0.8092178704743197}.
[I 2025-10-03 11:33:16,095] Trial 47 finished with values: [0.0, 0.001885710595875431, 0.0021127807697059685, 0.0029102410553353913, 0.0033715731246362324, 0.003813216309984664, 0.0026378361114875967, 0.0024445721918612954, 0.0017276971372680646, 0.0026399199938369057, 0.01764392967891216, 0.04587816675918698, 0.0001062401013294864, 0.01909634804765189, 0.0, 0.02107978753962187, 0.0007371169058953184, 0.007084810555791995, 0.0010187118346431348, 0.002436477794160789, 0.0003208895097906809, 0.0014189091141295956, 0.0014048549614571134, 0.0020939592992320227, 0.0011936800455200377, 0.0037092605413239117, 0.005470410219043506, 0.00039234376534798634, 0.0023713495202002366] and parameters: {'lag_0': 0.42686358088690435, 'lag_1': 0.14493961301137837, 'lag_2': 0.8195662179097115, 'lag_3': 0.945427158400484, 'lag_4': 0.8155180432039754, 'lag_5': 0.3891110448828276, 'lag_6': 0.4011003728530305, 'lag_7': 0.7121740049887513, 'lag_8': 0.13586867372793737, 'lag_9': 0.1062826037480155, 'lag_10': 0.7152479851892634, 'lag_11': 0.9076997693893699, 'lag_12': 0.602556740109392, 'lag_13': 0.3093578343519412, 'lag_14': 0.7039987416872553, 'lag_15': 0.13015733264840867, 'lag_16': 0.22557140755638982, 'lag_17': 0.5305482410654292, 'lag_18': 0.4138254406605361, 'lag_19': 0.05821275426288395, 'lag_20': 0.38973504264922015, 'lag_21': 0.23718920954976175, 'lag_22': 0.3115278932297343, 'lag_23': 0.8077589343637765, 'lag_24': 0.15863810388296717, 'lag_25': 0.5672641877346167, 'lag_26': 0.9931628429443097, 'lag_27': 0.30378312858019785, 'lag_28': 0.03460868739045186}.
[I 2025-10-03 11:33:18,740] Trial 48 finished with values: [0.0, 0.005070411963012122, 0.00867182875850257, 0.0024253165026961346, 0.0018620475556208427, 0.00511838014730271, 0.0015832584777094535, 0.003243818139457899, 0.0018569507430844846, 0.0033016191564086703, 0.016114285618932408, 0.047999649686631694, 7.428667358121298e-05, 0.017518665354284035, 0.0, 0.025565281416507612, 0.0006839940903924327, 0.006257935501633051, 0.0015118040641223971, 0.0025627712993768707, 0.0006904908071398698, 0.001246334095117518, 0.0014616448609283076, 0.0017020458977429318, 0.0012915001342924722, 0.004707624706421946, 0.008200928992723625, 0.0013491296340853295, 0.0012358416082062288] and parameters: {'lag_0': 0.8221363437422885, 'lag_1': 0.2820640028090824, 'lag_2': 0.8224321688183647, 'lag_3': 0.5060032714173069, 'lag_4': 0.17359166098697695, 'lag_5': 0.03321080230779605, 'lag_6': 0.8771639371779724, 'lag_7': 0.9057447812239307, 'lag_8': 0.10244123777936139, 'lag_9': 0.36953784129948236, 'lag_10': 0.7669581472442157, 'lag_11': 0.1770943639273057, 'lag_12': 0.33460381387048066, 'lag_13': 0.6983093187221834, 'lag_14': 0.5170559930761318, 'lag_15': 0.999929150074918, 'lag_16': 0.07345008706750343, 'lag_17': 0.7557078436749693, 'lag_18': 0.39324345299521946, 'lag_19': 0.77126974807347, 'lag_20': 0.38025450714033476, 'lag_21': 0.03468749407155211, 'lag_22': 0.0609376379287684, 'lag_23': 0.6883906594320396, 'lag_24': 0.05574799710708365, 'lag_25': 0.32688497183686577, 'lag_26': 0.3042855290863582, 'lag_27': 0.06255489680462907, 'lag_28': 0.15311905987594174}.
[I 2025-10-03 11:33:21,390] Trial 49 finished with values: [0.0, 0.0016362921253322484, 0.0020158162923517853, 0.0018580936771600276, 0.003776596468844637, 0.0019776692174024403, 0.002372129226700482, 0.0016857937696909933, 0.002856779926063374, 0.0029132367359585255, 0.01471228528873999, 0.04619246014680122, 0.00023408627189083357, 0.01961365435554277, 0.0, 0.02395062846709633, 0.00044435355168247475, 0.0055724182814666755, 0.0016054887786578266, 0.002641401534547962, 0.0005832129652459243, 0.001074594653334848, 0.0011196476113761644, 0.0023313575798707365, 0.0009014050724064358, 0.004771327008178027, 0.006546509533914222, 0.0012285149429826518, 0.0012043773453689552] and parameters: {'lag_0': 0.8160178095130571, 'lag_1': 0.1166174727331809, 'lag_2': 0.12938481269146962, 'lag_3': 0.18227685469049498, 'lag_4': 0.5641958957192696, 'lag_5': 0.9131628675121845, 'lag_6': 0.5892590636253153, 'lag_7': 0.4239244090755257, 'lag_8': 0.5786110060027705, 'lag_9': 0.5623220515065204, 'lag_10': 0.07779822000621438, 'lag_11': 0.8060354055413458, 'lag_12': 0.28512382702627814, 'lag_13': 0.6609887216677987, 'lag_14': 0.9876844588560663, 'lag_15': 0.9714808731272306, 'lag_16': 0.31455181043817915, 'lag_17': 0.43455086789480446, 'lag_18': 0.5519973492068448, 'lag_19': 0.7559190510931113, 'lag_20': 0.22602483468051843, 'lag_21': 0.724242739772641, 'lag_22': 0.4743510793292801, 'lag_23': 0.39734597560665225, 'lag_24': 0.5541436858854344, 'lag_25': 0.23662945920674672, 'lag_26': 0.3750753674879403, 'lag_27': 0.5002233725355885, 'lag_28': 0.06606943761093693}.
[I 2025-10-03 11:33:24,043] Trial 50 finished with values: [0.0, 0.0012856091319294783, 0.004417500431228469, 0.003844216532197752, 0.001063004518212662, 0.00412477298059274, 0.0025509720453988083, 0.0020343244779180278, 0.0029748090119969266, 0.0029333941315750132, 0.014770627356025138, 0.045434620741985496, 0.00035754295670775346, 0.019408913151146113, 0.0, 0.023796996833154633, 0.00027004672381567897, 0.005765006094488244, 0.0015504191986087064, 0.0018553718093391619, 0.00010610663367543206, 0.0013459025628886128, 0.0009200443728501218, 0.0016855938170325293, 0.0006866851044088531, 0.0031963397831753066, 0.00585678851310045, 0.000931180603627507, 0.0026507810691004966] and parameters: {'lag_0': 0.24180397528048003, 'lag_1': 0.8088335657338046, 'lag_2': 0.7339753096043293, 'lag_3': 0.8741880023171553, 'lag_4': 0.37787988143607004, 'lag_5': 0.45614655486160227, 'lag_6': 0.5740452380283902, 'lag_7': 0.6939321521023448, 'lag_8': 0.33573294839144185, 'lag_9': 0.23187820853630783, 'lag_10': 0.3138445075399427, 'lag_11': 0.1962134554456243, 'lag_12': 0.12398455297044575, 'lag_13': 0.8216378399501206, 'lag_14': 0.7753250848573576, 'lag_15': 0.7997813632444598, 'lag_16': 0.4177005881006309, 'lag_17': 0.12052903096326022, 'lag_18': 0.9424933817965828, 'lag_19': 0.6992311918681815, 'lag_20': 0.9902870441414553, 'lag_21': 0.6733300221819056, 'lag_22': 0.4752272993965255, 'lag_23': 0.36315900247269794, 'lag_24': 0.382804099978926, 'lag_25': 0.4863627891035252, 'lag_26': 0.23759050804619217, 'lag_27': 0.8917841655071207, 'lag_28': 0.46206371773276994}.
[I 2025-10-03 11:33:26,700] Trial 51 finished with values: [0.0, 0.005322975190893225, 0.0036774238935587864, 0.0020786869991141024, 0.002749487261311475, 0.0032168374264506, 0.0027553067440686204, 0.0030291680775791662, 0.0022605682266232273, 0.0019114077081526463, 0.016593263510630986, 0.04835779224626065, 0.00011106062064825922, 0.017925908124366802, 0.0, 0.025939949499960962, 0.00039670467702917713, 0.008381942529488744, 0.0014520404938992426, 0.0023923296752229157, 0.0003089158428987369, 0.0012497904947522589, 0.0017377707229019588, 0.0034834400025811653, 0.0015148501060130348, 0.005371906080353862, 0.0059246386862473605, 0.0010062475875074403, 0.0013492117682604512] and parameters: {'lag_0': 0.30624957260057883, 'lag_1': 0.9779771542438818, 'lag_2': 0.5652390048380181, 'lag_3': 0.5216953695762122, 'lag_4': 0.9763085110533748, 'lag_5': 0.6205255407890283, 'lag_6': 0.8328039530761917, 'lag_7': 0.5160667324410407, 'lag_8': 0.8915536352517565, 'lag_9': 0.7816902794341145, 'lag_10': 0.6650670572179557, 'lag_11': 0.14267751094103837, 'lag_12': 0.5659710626564569, 'lag_13': 0.4191166491590204, 'lag_14': 0.7485855330535591, 'lag_15': 0.0367578296047723, 'lag_16': 0.5508614986669401, 'lag_17': 0.27140666779807654, 'lag_18': 0.9817418175934448, 'lag_19': 0.7170649541318371, 'lag_20': 0.21155347979539704, 'lag_21': 0.9062099654566618, 'lag_22': 0.06792070535515421, 'lag_23': 0.49972697620854456, 'lag_24': 0.7266915367420049, 'lag_25': 0.5416944343107989, 'lag_26': 0.1094128215877989, 'lag_27': 0.7220113409513168, 'lag_28': 0.4577752005663229}.
[I 2025-10-03 11:33:29,353] Trial 52 finished with values: [0.0, 0.0009645061728395061, 0.0012802960216048594, 0.004044068210155393, 0.0013540441515681174, 0.0022293694213018616, 0.002722683027202258, 0.003836986489264345, 0.0021791603233984993, 0.001551541690386056, 0.017504349675900647, 0.04320637331289873, 9.365217391695834e-05, 0.01753593678134993, 0.0, 0.01971707636720671, 0.0006964814968885284, 0.00661751776801846, 0.0011971787015129913, 0.002815830642822678, 0.00036197084948532635, 0.0011281360940376562, 0.0006406582752005475, 0.0023273057318926875, 0.00115217344871149, 0.0031261713624259613, 0.0075492145559633034, 0.0026556552968369724, 0.0028753550667195136] and parameters: {'lag_0': 0.5311060253743877, 'lag_1': 0.2727988289286759, 'lag_2': 0.6872004008845635, 'lag_3': 0.0073375945757412865, 'lag_4': 0.8359623522520402, 'lag_5': 0.8786541727012341, 'lag_6': 0.26186509061881513, 'lag_7': 0.06099309603898577, 'lag_8': 0.2614157757645755, 'lag_9': 0.3340872237030382, 'lag_10': 0.6852249985537339, 'lag_11': 0.5957853112898326, 'lag_12': 0.7403712767955736, 'lag_13': 0.7600125100537826, 'lag_14': 0.9358994839527511, 'lag_15': 0.808244014833375, 'lag_16': 0.8304652244221424, 'lag_17': 0.7687001021925453, 'lag_18': 0.8298800157582561, 'lag_19': 0.5403428877487889, 'lag_20': 0.06124210056148025, 'lag_21': 0.10665469722780029, 'lag_22': 0.04422047473212904, 'lag_23': 0.521728274936648, 'lag_24': 0.5140130774991621, 'lag_25': 0.0865182211074722, 'lag_26': 0.6576849586618423, 'lag_27': 0.9796117938350652, 'lag_28': 0.7721715636590007}.
[I 2025-10-03 11:33:31,991] Trial 53 finished with values: [0.0, 0.0014829849394971774, 0.00279583449361307, 0.0025718402063575722, 0.0013922343042949274, 0.0029118158391425336, 0.0028534237985118854, 0.0027722264015401727, 0.0026560360030056947, 0.0023619700086771438, 0.017287700655090617, 0.04707356681824802, 0.00028341884014801395, 0.018999518228828404, 0.0, 0.027936211751445235, 0.0005309225004335053, 0.006013417473056349, 0.0018016486556324957, 0.0018309282206994345, 0.0003674932086575529, 0.0007798579697995269, 0.001335566579765514, 0.0017943168022590752, 0.0014265461723700378, 0.004071065325436763, 0.007105134920161134, 0.001744639077160235, 0.0002908093278463649] and parameters: {'lag_0': 0.6074246340785432, 'lag_1': 0.9859909983656402, 'lag_2': 0.8605697491180215, 'lag_3': 0.2632957020421066, 'lag_4': 0.8193898311854477, 'lag_5': 0.6680358065669808, 'lag_6': 0.49602306741808727, 'lag_7': 0.01997595728855444, 'lag_8': 0.6592422445695332, 'lag_9': 0.6559955455512546, 'lag_10': 0.9923993059178082, 'lag_11': 0.8091752391404499, 'lag_12': 0.14766804222721408, 'lag_13': 0.8836119118317652, 'lag_14': 0.5957217471433631, 'lag_15': 0.23171314472428686, 'lag_16': 0.20429837808926365, 'lag_17': 0.1718239753388053, 'lag_18': 0.3846544834622112, 'lag_19': 0.3304466590028497, 'lag_20': 0.6382883206244805, 'lag_21': 0.002059872711737736, 'lag_22': 0.8283097630474399, 'lag_23': 0.8512640216027707, 'lag_24': 0.8762306340598751, 'lag_25': 0.7449596860715252, 'lag_26': 0.22440808220311612, 'lag_27': 0.23059610714765372, 'lag_28': 0.524171498450953}.
