[I 2025-10-03 11:34:11,871] Trial 68 finished with values: [0.0, 0.002171994736142724, 0.0008291552210405014, 0.0023316429914844805, 0.002948921699796139, 0.002758692887991183, 0.0026140296935124115, 0.003428677899448701, 0.0017934518540625797, 0.0027602185215173406, 0.016821714136940107, 0.04520000045744613, 7.93091515420555e-06, 0.017310694093067933, 0.0, 0.030461582680480704, 0.00019064261062949725, 0.00849833406317771, 0.001163783844757078, 0.0018859758018365484, 0.00046980082115823167, 0.0013569566217773452, 0.001401911368692487, 0.003352781239140494, 0.001001661555024182, 0.004674702322907157, 0.006501813393617238, 0.0023825418342529325, 0.0012956944444444444] and parameters: {'lag_0': 0.18969748807165931, 'lag_1': 0.0029218978964245055, 'lag_2': 0.16546049612331473, 'lag_3': 0.983680941431527, 'lag_4': 0.6933088047608001, 'lag_5': 0.7682506186929062, 'lag_6': 0.7223886471542058, 'lag_7': 0.1426609745958456, 'lag_8': 0.5682944057915397, 'lag_9': 0.6758985654611872, 'lag_10': 0.027026078756353777, 'lag_11': 0.8967799926379334, 'lag_12': 0.7445631633619865, 'lag_13': 0.18010053568627582, 'lag_14': 0.7402827235044772, 'lag_15': 0.12086252480099757, 'lag_16': 0.7699400162504191, 'lag_17': 0.8491359116852892, 'lag_18': 0.7731892619787413, 'lag_19': 0.7883226254788349, 'lag_20': 0.32186712020535063, 'lag_21': 0.22559102570139516, 'lag_22': 0.7124211523221521, 'lag_23': 0.1506086053986463, 'lag_24': 0.48289162108029154, 'lag_25': 0.3391887015085485, 'lag_26': 0.8926463894350996, 'lag_27': 0.655731562739197, 'lag_28': 0.4030825570640411}.
[I 2025-10-03 11:34:14,523] Trial 69 finished with values: [0.0, 0.001954903242783472, 0.005227646837012194, 0.0035348069561536633, 0.0038025271708592065, 0.0038444317703709464, 0.002729898225324333, 0.0024458118675818575, 0.003151303439697814, 0.001635532276246327, 0.017475800676691595, 0.04628389756056706, 0.0001005280050199724, 0.020299345838654656, 0.0, 0.022568025862936613, 0.001549114759337839, 0.007821912277871308, 0.001581348920525511, 0.0023287448510887166, 0.0002991797494444272, 0.0019393488055482252, 0.00042988167505812356, 0.0016119139508372251, 0.001745253817399815, 0.0056235724700275476, 0.006138348622907916, 0.0020351921678072307, 0.000551642688165809] and parameters: {'lag_0': 0.42686358088690435, 'lag_1': 0.14493961301137837, 'lag_2': 0.8922346551414151, 'lag_3': 0.6045649349578722, 'lag_4': 0.8414958798964411, 'lag_5': 0.3891110448828276, 'lag_6': 0.4011003728530305, 'lag_7': 0.7121740049887513, 'lag_8': 0.13586867372793737, 'lag_9': 0.1062826037480155, 'lag_10': 0.2740320552325281, 'lag_11': 0.9076997693893699, 'lag_12': 0.602556740109392, 'lag_13': 0.04816900797765326, 'lag_14': 0.7039987416872553, 'lag_15': 0.13015733264840867, 'lag_16': 0.22557140755638982, 'lag_17': 0.9240510212216754, 'lag_18': 0.4138254406605361, 'lag_19': 0.5248045187849337, 'lag_20': 0.7239833355425198, 'lag_21': 0.1809832456294556, 'lag_22': 0.4997315642778024, 'lag_23': 0.8077589343637765, 'lag_24': 0.15863810388296717, 'lag_25': 0.5672641877346167, 'lag_26': 0.42385388774699695, 'lag_27': 0.30378312858019785, 'lag_28': 0.03460868739045186}.
[I 2025-10-03 11:34:17,182] Trial 70 finished with values: [0.0, 0.0013193604502266113, 0.003072151836006333, 0.002464643044159781, 0.0022380658142230753, 0.0038411443725578096, 0.0014646293241300109, 0.002585785600394562, 0.0016753208924306592, 0.002832864472747084, 0.0148132067931395, 0.04703236266918278, 9.76470875066673e-05, 0.020269297907762468, 0.0, 0.028042130777336027, 0.00011559743584998814, 0.007434033186164812, 0.001207456323129309, 0.002950714100976919, 0.00029122520209435437, 0.0012372480409260438, 0.001295505886728235, 0.0022450050046103277, 0.0011564243529631813, 0.005198410321773636, 0.008040570263221487, 0.00039878368571318653, 0.0010379186426435552] and parameters: {'lag_0': 0.05921641498176241, 'lag_1': 0.17815515319589872, 'lag_2': 0.12190634578144721, 'lag_3': 0.2666795630319254, 'lag_4': 0.7906454825393685, 'lag_5': 0.6680358065669808, 'lag_6': 0.848375108911243, 'lag_7': 0.8526803615692208, 'lag_8': 0.2176034816379441, 'lag_9': 0.14515379374686174, 'lag_10': 0.5235133744620075, 'lag_11': 0.8091752391404499, 'lag_12': 0.4401460920695108, 'lag_13': 0.9097031062253649, 'lag_14': 0.7757482782298761, 'lag_15': 0.7841105526760408, 'lag_16': 0.8404875284030318, 'lag_17': 0.35727626769379045, 'lag_18': 0.03829278416946458, 'lag_19': 0.22104774528547158, 'lag_20': 0.6382883206244805, 'lag_21': 0.8666196510483861, 'lag_22': 0.5076502108724953, 'lag_23': 0.8512640216027707, 'lag_24': 0.3335208900928267, 'lag_25': 0.3952614165053536, 'lag_26': 0.06622322115473214, 'lag_27': 0.9628608235905526, 'lag_28': 0.15341906469808217}.
[I 2025-10-03 11:34:19,841] Trial 71 finished with values: [0.0, 0.0009202940558706154, 0.002337523621902733, 0.0036394737201120896, 0.0015013183436578125, 0.002025192367801124, 0.002576989098662541, 0.0021716795137746003, 0.0020474262893863567, 0.00196246961619082, 0.01584035149459238, 0.04573231242832813, 0.00010235198852578649, 0.017356112582077123, 0.0, 0.02450619897607264, 0.0003113957919061767, 0.006803176762044583, 0.0009808116812341473, 0.002649401286049183, 0.0005102367278439614, 0.000980389627947219, 0.0009583518029343853, 0.0028277274182492056, 0.001590517956817956, 0.003976358929154716, 0.005896548222387547, 0.0007817222327649361, 0.0004421548211860571] and parameters: {'lag_0': 0.8554924605483811, 'lag_1': 0.2820640028090824, 'lag_2': 0.34424239896502423, 'lag_3': 0.5060032714173069, 'lag_4': 0.8234216823871181, 'lag_5': 0.7799601143377408, 'lag_6': 0.4690590288497611, 'lag_7': 0.9057447812239307, 'lag_8': 0.10244123777936139, 'lag_9': 0.3901967441206593, 'lag_10': 0.7669581472442157, 'lag_11': 0.5481209032226534, 'lag_12': 0.6861164687361362, 'lag_13': 0.39047011676388965, 'lag_14': 0.30642583356813846, 'lag_15': 0.999929150074918, 'lag_16': 0.07345008706750343, 'lag_17': 0.7557078436749693, 'lag_18': 0.5118171209798333, 'lag_19': 0.5412484099620977, 'lag_20': 0.8890749156336605, 'lag_21': 0.03468749407155211, 'lag_22': 0.0609376379287684, 'lag_23': 0.4375921403311447, 'lag_24': 0.8407409535518865, 'lag_25': 0.32688497183686577, 'lag_26': 0.3042855290863582, 'lag_27': 0.9356671328625185, 'lag_28': 0.4615793637945467}.
[I 2025-10-03 11:34:22,494] Trial 72 finished with values: [0.0, 0.0026627218934911247, 0.0013325995256351624, 0.0024103730568622505, 0.0038726332274699425, 0.004274587383933376, 0.0030476630765189075, 0.0021740250207769513, 0.0012555438098206635, 0.00224582990926532, 0.017482271104648207, 0.04533892778511382, 0.00014294253346481642, 0.017172844564536, 0.0, 0.027374364351836565, 0.0006971445444148953, 0.00699068264982516, 0.0017875131260405009, 0.0028250154105322564, 0.00024429392063682337, 0.001165433730388913, 0.0007313160189195676, 0.003687340328692436, 0.0011028435924059642, 0.004257227941584748, 0.006666104214396678, 0.0008163559014878096, 0.0005506778948767929] and parameters: {'lag_0': 0.43680247909545344, 'lag_1': 0.3096505024802872, 'lag_2': 0.3887477561643354, 'lag_3': 0.10955591597425156, 'lag_4': 0.4694282670915567, 'lag_5': 0.23122830336397143, 'lag_6': 0.42138833692564637, 'lag_7': 0.908142071547994, 'lag_8': 0.8915536352517565, 'lag_9': 0.7816902794341145, 'lag_10': 0.11546825287971081, 'lag_11': 0.996751368407532, 'lag_12': 0.9544874544841561, 'lag_13': 0.4191166491590204, 'lag_14': 0.18532099633784788, 'lag_15': 0.58854435508369, 'lag_16': 0.2810604102781432, 'lag_17': 0.27140666779807654, 'lag_18': 0.9817418175934448, 'lag_19': 0.5255368168018762, 'lag_20': 0.507799957439026, 'lag_21': 0.5318484252198207, 'lag_22': 0.020485890092491185, 'lag_23': 0.49972697620854456, 'lag_24': 0.7266915367420049, 'lag_25': 0.4577372867141122, 'lag_26': 0.3000782737595219, 'lag_27': 0.19036932924232094, 'lag_28': 0.9442334541378269}.
[I 2025-10-03 11:34:25,144] Trial 73 finished with values: [0.0, 0.012526264049696789, 0.000677396495203256, 0.0031863350621412516, 0.0038835319491159733, 0.0034421592204626657, 0.0031058455592054084, 0.003058584461222023, 0.002259442674106704, 0.0026425904279500445, 0.01871269970087228, 0.04575075848876968, 0.0001759983172752235, 0.01744212948770002, 0.0, 0.02695044905119091, 0.00041223782018585617, 0.006065117003053222, 0.0014362582384174426, 0.002583976900685369, 0.0005539766743682875, 0.0015197910890606785, 0.0007110436524650803, 0.0021549514092535577, 0.0012676625608521001, 0.004725037222818475, 0.008126841868390595, 0.0013405199471731577, 0.0006923194989163614] and parameters: {'lag_0': 0.8221363437422885, 'lag_1': 0.3449957373996902, 'lag_2': 0.44298056973753663, 'lag_3': 0.8951683717080791, 'lag_4': 0.17359166098697695, 'lag_5': 0.03321080230779605, 'lag_6': 0.8344250997311594, 'lag_7': 0.961935391850946, 'lag_8': 0.12458238774559902, 'lag_9': 0.36953784129948236, 'lag_10': 0.46313956822509483, 'lag_11': 0.7342100627093557, 'lag_12': 0.33460381387048066, 'lag_13': 0.6983093187221834, 'lag_14': 0.5170559930761318, 'lag_15': 0.36745771500114566, 'lag_16': 0.08627108358353398, 'lag_17': 0.582162978957804, 'lag_18': 0.39324345299521946, 'lag_19': 0.77126974807347, 'lag_20': 0.876272553490782, 'lag_21': 0.8250950138184208, 'lag_22': 0.13015301450058475, 'lag_23': 0.6883906594320396, 'lag_24': 0.3445019251878194, 'lag_25': 0.32688497183686577, 'lag_26': 0.7486291063029533, 'lag_27': 0.06255489680462907, 'lag_28': 0.9158082972850873}.
[I 2025-10-03 11:34:27,794] Trial 74 finished with values: [0.0, 0.007224979951150503, 0.006272333687590753, 0.002052009334076678, 0.00245641274629828, 0.002519775795676547, 0.003371056432753565, 0.0020430894160018893, 0.0025102187007787395, 0.0014406297243607724, 0.015395290563543681, 0.046154497170947384, 7.535843262524527e-05, 0.01922698329015484, 0.0, 0.023670766559808494, 0.0006263605975855985, 0.006515723637640797, 0.0013650553813098869, 0.0020519830034486757, 0.0005275949876474359, 0.001450722178297513, 0.0011965352682620067, 0.002552479904412037, 0.001372982983968187, 0.004622375180288313, 0.00667793822542914, 0.0007944518754772064, 0.0010631938342070845] and parameters: {'lag_0': 0.6492734920565603, 'lag_1': 0.5498944621949656, 'lag_2': 0.12938481269146962, 'lag_3': 0.6668657685645814, 'lag_4': 0.5641958957192696, 'lag_5': 0.2929872719941525, 'lag_6': 0.8839555087735305, 'lag_7': 0.4239244090755257, 'lag_8': 0.7262021474889461, 'lag_9': 0.5623220515065204, 'lag_10': 0.642537472679137, 'lag_11': 0.8060354055413458, 'lag_12': 0.28512382702627814, 'lag_13': 0.2810960996600906, 'lag_14': 0.7288053825517294, 'lag_15': 0.31558062375757445, 'lag_16': 0.31455181043817915, 'lag_17': 0.4743266766594681, 'lag_18': 0.5519973492068448, 'lag_19': 0.7559190510931113, 'lag_20': 0.22602483468051843, 'lag_21': 0.150905585347581, 'lag_22': 0.5904355390770323, 'lag_23': 0.39734597560665225, 'lag_24': 0.5541436858854344, 'lag_25': 0.23662945920674672, 'lag_26': 0.3750753674879403, 'lag_27': 0.07561808439933153, 'lag_28': 0.06606943761093693}.
[I 2025-10-03 11:34:30,439] Trial 75 finished with values: [0.0, 0.0018467664173809877, 0.001957717293286292, 0.002431264871550843, 0.0020396354750193543, 0.0034391438650899185, 0.0016186956469813232, 0.002271781458583389, 0.0019724516242717533, 0.0025748407482492916, 0.019099473981582748, 0.044580482472786565, 0.0001735984503710049, 0.017947799876728045, 0.0, 0.024630965548378715, 0.0007631358841249884, 0.006047044019395269, 0.0018069629397721293, 0.0029647550991785698, 0.0003288727258315016, 0.0010150670378926284, 0.0023092381632441755, 0.002428640112331233, 0.0014894286761690646, 0.007138149865143768, 0.006246879606517873, 0.0015842861246845729, 0.0008344479140262662] and parameters: {'lag_0': 0.19288561347064667, 'lag_1': 0.9779771542438818, 'lag_2': 0.3887477561643354, 'lag_3': 0.8961448933267917, 'lag_4': 0.4694282670915567, 'lag_5': 0.23122830336397143, 'lag_6': 0.6221920864520256, 'lag_7': 0.5160667324410407, 'lag_8': 0.4722764524443531, 'lag_9': 0.7816902794341145, 'lag_10': 0.36406153561535337, 'lag_11': 0.14267751094103837, 'lag_12': 0.9544874544841561, 'lag_13': 0.4191166491590204, 'lag_14': 0.3298208113167854, 'lag_15': 0.58854435508369, 'lag_16': 0.0478319253900054, 'lag_17': 0.27140666779807654, 'lag_18': 0.9817418175934448, 'lag_19': 0.7170649541318371, 'lag_20': 0.20273947262584258, 'lag_21': 0.4447888710129754, 'lag_22': 0.2250534379574515, 'lag_23': 0.49972697620854456, 'lag_24': 0.7266915367420049, 'lag_25': 0.6170921680555805, 'lag_26': 0.7440673895573252, 'lag_27': 0.32957461529134613, 'lag_28': 0.4577752005663229}.
[I 2025-10-03 11:34:33,078] Trial 76 finished with values: [0.0, 0.0014345656516058453, 0.0035014125801817514, 0.002224503726152645, 0.0033989308591130885, 0.002260153603956461, 0.002919672290469479, 0.002053518487641037, 0.0029261896341993107, 0.002363776739867474, 0.017213412857416295, 0.04439305112632876, 0.0001855364886973613, 0.018004121950134084, 0.0, 0.02658690545595248, 0.00023494862187299728, 0.006373172681605585, 0.00177097455901951, 0.0027087231519091204, 0.00046621926683641904, 0.0014610462682640873, 0.0011184045139569659, 0.0026550038514686802, 0.0018058706106167937, 0.005813498163543072, 0.007440537990774128, 0.0012497153796099092, 0.0009424592570099734] and parameters: {'lag_0': 0.8710510231113209, 'lag_1': 0.5176356873990071, 'lag_2': 0.04610709326761126, 'lag_3': 0.036855815015700615, 'lag_4': 0.5050255703227956, 'lag_5': 0.32080673539294624, 'lag_6': 0.3857756205484192, 'lag_7': 0.5054748042351025, 'lag_8': 0.2818844678173963, 'lag_9': 0.7570187724166778, 'lag_10': 0.49573374690041594, 'lag_11': 0.04353956634364056, 'lag_12': 0.5687969988264572, 'lag_13': 0.3213106646641466, 'lag_14': 0.559495854220573, 'lag_15': 0.09634169963728334, 'lag_16': 0.6906215472439468, 'lag_17': 0.09815029702409746, 'lag_18': 0.39645187349669486, 'lag_19': 0.9403600470821546, 'lag_20': 0.9774214754267947, 'lag_21': 0.4121929492286267, 'lag_22': 0.5418826081648809, 'lag_23': 0.6270747903355393, 'lag_24': 0.2893492109585216, 'lag_25': 0.17074255380957443, 'lag_26': 0.32133333535438896, 'lag_27': 0.3498626570255397, 'lag_28': 0.9443846189784812}.
[I 2025-10-03 11:34:35,717] Trial 77 finished with values: [0.0, 0.003777061287027428, 0.0012358370578909185, 0.003526653551425705, 0.0017325836072213548, 0.0035468284990294815, 0.0018446707074860867, 0.0024479443681549784, 0.0017384944834814699, 0.002158877553123389, 0.016912037466770054, 0.04329941720045002, 0.0001156378476040299, 0.018875877755611885, 0.0, 0.021581270559643824, 0.001119144769359818, 0.006518391135399114, 0.001710483667516478, 0.002579307469814804, 0.0007186798314249849, 0.001595645044482437, 0.0015358651908808896, 0.0018689247096724364, 0.0012343381296594778, 0.00511149910060644, 0.006612407034863328, 0.0016573490607724843, 0.0017381238418185153] and parameters: {'lag_0': 0.8707578569392341, 'lag_1': 0.12210413033720317, 'lag_2': 0.9085812875477166, 'lag_3': 0.021445172651369877, 'lag_4': 0.40142282955276537, 'lag_5': 0.07195456596257298, 'lag_6': 0.6329604338168646, 'lag_7': 0.4821855672436162, 'lag_8': 0.5743751386593248, 'lag_9': 0.6120458097801534, 'lag_10': 0.33075492944857193, 'lag_11': 0.9376572344209613, 'lag_12': 0.36404692400296745, 'lag_13': 0.5807679524592191, 'lag_14': 0.9230651000898829, 'lag_15': 0.9943130101831991, 'lag_16': 0.9518389476070559, 'lag_17': 0.7385427551360831, 'lag_18': 0.30937124629878876, 'lag_19': 0.9901240458818303, 'lag_20': 0.775365639482821, 'lag_21': 0.8364325614943783, 'lag_22': 0.5959187908592308, 'lag_23': 0.7796275801295308, 'lag_24': 0.3543447526105897, 'lag_25': 0.3172144796737076, 'lag_26': 0.29555025298376914, 'lag_27': 0.27258900693595123, 'lag_28': 0.23511540610157283}.
[I 2025-10-03 11:34:38,365] Trial 78 finished with values: [0.0, 0.0034698331464135964, 0.004859907539981824, 0.006017878364261834, 0.00250969239779939, 0.0033593369427404917, 0.0026853755153612353, 0.002123441602550346, 0.0013434252760328577, 0.0011798558460766832, 0.01759032102964945, 0.04355895518093451, 0.00015661376733676178, 0.01971192040144825, 0.0, 0.023296286571887814, 0.0007222459961854702, 0.007871849760442013, 0.0008101420241305309, 0.002610683466417718, 0.0004755653273535652, 0.001118319046548005, 0.0008965188197361075, 0.00189336080373286, 0.0011046400457427126, 0.0039858353214293814, 0.0074960085061187565, 0.0017759214938143138, 0.0013750738530029568] and parameters: {'lag_0': 0.6909138215165149, 'lag_1': 0.2362558751906021, 'lag_2': 0.7734827985799155, 'lag_3': 0.5300602282628345, 'lag_4': 0.4797496205916571, 'lag_5': 0.7881680979708043, 'lag_6': 0.4249089284015396, 'lag_7': 0.26589021884182434, 'lag_8': 0.842161230480275, 'lag_9': 0.2813588080715742, 'lag_10': 0.5196441094481629, 'lag_11': 0.9048003278218576, 'lag_12': 0.40898165977855067, 'lag_13': 0.2942839946752798, 'lag_14': 0.5207912508773331, 'lag_15': 0.8868702175809592, 'lag_16': 0.9194703469907894, 'lag_17': 0.150304293701784, 'lag_18': 0.053471402559060584, 'lag_19': 0.12294548095584713, 'lag_20': 0.6497707466443822, 'lag_21': 0.06940949414827799, 'lag_22': 0.5111983601805745, 'lag_23': 0.7450316398987218, 'lag_24': 0.27920534115013373, 'lag_25': 0.16322689323860057, 'lag_26': 0.6774048067695337, 'lag_27': 0.8786970069499185, 'lag_28': 0.8782974203957918}.
[I 2025-10-03 11:34:41,010] Trial 79 finished with values: [0.0, 0.0014933756863626994, 0.0028008309735151568, 0.0018662142338419132, 0.003234676073379415, 0.0028745370500077943, 0.003982101698399869, 0.002592372555359556, 0.0014767544573815218, 0.002302898240812118, 0.01752456331156553, 0.049164303432669684, 0.00013921358582770184, 0.017703285995150104, 0.0, 0.02185007249645689, 0.0005051567201766011, 0.005170945618812948, 0.001564246259631833, 0.002040631902816558, 0.00045704856038858373, 0.0012766857867678523, 0.0013171857239208627, 0.001762666608745188, 0.0008151003033081122, 0.0046240405648203114, 0.007350969527550525, 0.0025996753497654007, 0.0019058932365331616] and parameters: {'lag_0': 0.6472659312041997, 'lag_1': 0.16656871827025094, 'lag_2': 0.03528366092101496, 'lag_3': 0.03703085322798214, 'lag_4': 0.3531500279387944, 'lag_5': 0.21929687327688085, 'lag_6': 0.34497828103592015, 'lag_7': 0.013270883458927995, 'lag_8': 0.816250105231347, 'lag_9': 0.2058826355203555, 'lag_10': 0.655513057065275, 'lag_11': 0.7830846988447089, 'lag_12': 0.6870361698809255, 'lag_13': 0.6504798815543258, 'lag_14': 0.6241158516040061, 'lag_15': 0.49044631519851384, 'lag_16': 0.8036049392464033, 'lag_17': 0.9965897487609164, 'lag_18': 0.5725750477086369, 'lag_19': 0.01755855728747232, 'lag_20': 0.10873277429671702, 'lag_21': 0.8552695719901726, 'lag_22': 0.8694260761571468, 'lag_23': 0.5960174911501608, 'lag_24': 0.5140130774991621, 'lag_25': 0.825224939101584, 'lag_26': 0.6576849586618423, 'lag_27': 0.767607981400634, 'lag_28': 0.7721715636590007}.
[I 2025-10-03 11:34:43,654] Trial 80 finished with values: [0.0, 0.0009131419387829645, 0.0018113275741795183, 0.002495581184041943, 0.0037235025098115784, 0.003182495374306571, 0.00366019515034302, 0.004982322433388499, 0.0011557754720919091, 0.0019429497479921329, 0.014104954327036281, 0.04928538906420834, 0.0001255597651334003, 0.01869777421854989, 0.0, 0.02009980452489132, 0.0006819940207717911, 0.007380178260689878, 0.0012989475345701882, 0.0020537083484409033, 0.00027027532862955754, 0.0016010759468740494, 0.000991893675076052, 0.001482391724157014, 0.0009938071664147886, 0.0047939225342976104, 0.006184590313260703, 0.002164703666438511, 0.00297662621068931] and parameters: {'lag_0': 0.08981448879836078, 'lag_1': 0.5600804491806449, 'lag_2': 0.1493499122667357, 'lag_3': 0.5646406124074973, 'lag_4': 0.32159110638939814, 'lag_5': 0.14805201421956862, 'lag_6': 0.8693751637599243, 'lag_7': 0.10248751530703751, 'lag_8': 0.42736645442680427, 'lag_9': 0.6380353038305001, 'lag_10': 0.9715056720704092, 'lag_11': 0.08417662514535446, 'lag_12': 0.5120087798495544, 'lag_13': 0.6953464771773099, 'lag_14': 0.3520304433910881, 'lag_15': 0.5428497474815102, 'lag_16': 0.3247517649658137, 'lag_17': 0.24565599795188414, 'lag_18': 0.8961243059870927, 'lag_19': 0.15239002044868086, 'lag_20': 0.9528489675330122, 'lag_21': 0.9291157226970748, 'lag_22': 0.2786271542290727, 'lag_23': 0.6386895515275213, 'lag_24': 0.3174058629619239, 'lag_25': 0.38159138310485774, 'lag_26': 0.14932844564979403, 'lag_27': 0.5981480976000166, 'lag_28': 0.844854107644999}.
[I 2025-10-03 11:34:46,296] Trial 81 finished with values: [0.0, 0.004853610571370975, 0.004636665201311442, 0.0016761468694631461, 0.0025516772828592564, 0.0040959109482435205, 0.002673944233991573, 0.0017553260755865242, 0.0026326073654324472, 0.0032301815967396125, 0.01972225360954514, 0.043012292830183096, 1.4044008979642435e-05, 0.019604039188908184, 0.0, 0.025033926223579667, 0.001153404068366431, 0.007116472904122725, 0.0015534666659853653, 0.0022051287672106125, 0.0005297297187118246, 0.0008787713293263753, 0.0014289041400418533, 0.002510381202328064, 0.001128249633516133, 0.004589586783696404, 0.005597502729790066, 0.0012379612777430322, 0.0006483275475123138] and parameters: {'lag_0': 0.30624957260057883, 'lag_1': 0.5282449797288746, 'lag_2': 0.5652390048380181, 'lag_3': 0.7274183688249349, 'lag_4': 0.9763085110533748, 'lag_5': 0.6205255407890283, 'lag_6': 0.8723915346318776, 'lag_7': 0.3997363490908103, 'lag_8': 0.22903088276968667, 'lag_9': 0.24906407821104848, 'lag_10': 0.3374728001467968, 'lag_11': 0.6416964887192899, 'lag_12': 0.8654220944334942, 'lag_13': 0.690301623234785, 'lag_14': 0.9747305125960564, 'lag_15': 0.8110760104025299, 'lag_16': 0.9809219260054092, 'lag_17': 0.5471495010061641, 'lag_18': 0.5037096622373705, 'lag_19': 0.31224067339945977, 'lag_20': 0.706668246892693, 'lag_21': 0.4609349931956002, 'lag_22': 0.06792070535515421, 'lag_23': 0.6668692778606357, 'lag_24': 0.7271405940857539, 'lag_25': 0.5416944343107989, 'lag_26': 0.39900296685980774, 'lag_27': 0.06473525051061188, 'lag_28': 0.589546214220992}.
