[I 2025-09-29 12:54:43,089] Trial 3 finished with value: 0.007529344963930545 and parameters: {'lag_0': 0.3590118595727082, 'lag_1': 0.031075847708318807, 'lag_2': 0.6242563719080751, 'lag_3': 0.3822500391412178, 'lag_4': 0.08281530460158772, 'lag_5': 0.06465959955113672, 'lag_6': 0.5215846130843513, 'lag_7': 0.6313539225010047, 'lag_8': 0.13180188621014016, 'lag_9': 0.021645417985446086, 'lag_10': 0.6339920143830142, 'lag_11': 0.6986107393578014, 'lag_12': 0.9477156217185132, 'lag_13': 0.7987760637951613, 'lag_14': 0.7434305894286024, 'lag_15': 0.5858289934442998, 'lag_16': 0.946528725417561, 'lag_17': 0.5181253410987645, 'lag_18': 0.16535157654134852, 'lag_19': 0.1255490991995887, 'lag_20': 0.19262758022404045, 'lag_21': 0.5148788049916149, 'lag_22': 0.46307061552146417, 'lag_23': 0.9753309703795262, 'lag_24': 0.8785521048754698, 'lag_25': 0.9378184885675389, 'lag_26': 0.9809277709307185, 'lag_27': 0.15094718515879177, 'lag_28': 0.536638656934765}. Best is trial 3 with value: 0.007529344963930545.
[I 2025-09-29 12:54:45,569] Trial 4 finished with value: 0.007960326003445725 and parameters: {'lag_0': 0.16399501702023042, 'lag_1': 0.9956614753072436, 'lag_2': 0.03562821673017268, 'lag_3': 0.14590272636227947, 'lag_4': 0.4134219591541268, 'lag_5': 0.11480006736820843, 'lag_6': 0.16971902797409744, 'lag_7': 0.05340424680236932, 'lag_8': 0.4253345035336266, 'lag_9': 0.8483592834791214, 'lag_10': 0.9890983985117653, 'lag_11': 0.310971357681084, 'lag_12': 0.5879547940299942, 'lag_13': 0.05620161612298845, 'lag_14': 0.5313539427672829, 'lag_15': 0.08770497062378556, 'lag_16': 0.6922669081518895, 'lag_17': 0.9547227472235885, 'lag_18': 0.16770202010153734, 'lag_19': 0.7243438264540152, 'lag_20': 0.5368804367312022, 'lag_21': 0.8242639265879355, 'lag_22': 0.8381133629447906, 'lag_23': 0.7434238102579376, 'lag_24': 0.8311586534141302, 'lag_25': 0.28268951244790247, 'lag_26': 0.5227955875015056, 'lag_27': 0.3760940645473151, 'lag_28': 0.5782760537244791}. Best is trial 3 with value: 0.007529344963930545.
[I 2025-09-29 12:54:48,044] Trial 5 finished with value: 0.008203108264922732 and parameters: {'lag_0': 0.7106075490420853, 'lag_1': 0.33095429092287765, 'lag_2': 0.587611431715386, 'lag_3': 0.0524027441973644, 'lag_4': 0.9477540249859236, 'lag_5': 0.5559035576187223, 'lag_6': 0.5674334382827718, 'lag_7': 0.6090437635753106, 'lag_8': 0.29464171440352066, 'lag_9': 0.16642556530599395, 'lag_10': 0.9309256341093606, 'lag_11': 0.07650072195563463, 'lag_12': 0.4322781929550012, 'lag_13': 0.09918016919502665, 'lag_14': 0.9839519393883585, 'lag_15': 0.2327548494679796, 'lag_16': 0.9764206926023401, 'lag_17': 0.14776214715194338, 'lag_18': 0.9172849162285548, 'lag_19': 0.9561775236174973, 'lag_20': 0.9318239179397501, 'lag_21': 0.934354389088844, 'lag_22': 0.6282231803740319, 'lag_23': 0.5353356955670455, 'lag_24': 0.6508861460103574, 'lag_25': 0.5766469414044078, 'lag_26': 0.016740037254632145, 'lag_27': 0.5698638483417717, 'lag_28': 0.17174835299762112}. Best is trial 3 with value: 0.007529344963930545.
[I 2025-09-29 12:54:50,521] Trial 6 finished with value: 0.007992663476107194 and parameters: {'lag_0': 0.937468005152175, 'lag_1': 0.17344318893826155, 'lag_2': 0.8234792604309044, 'lag_3': 0.5900727501784563, 'lag_4': 0.355492244859366, 'lag_5': 0.5391597961671264, 'lag_6': 0.45468240695349504, 'lag_7': 0.7600844138045246, 'lag_8': 0.1922946221993519, 'lag_9': 0.9879075865174313, 'lag_10': 0.49711497207838684, 'lag_11': 0.48617948235415004, 'lag_12': 0.5443987801124706, 'lag_13': 0.1215830567496576, 'lag_14': 0.9308507808866594, 'lag_15': 0.3836945661607155, 'lag_16': 0.6889385935147894, 'lag_17': 0.047127269591553216, 'lag_18': 0.9098180208198365, 'lag_19': 0.019269436322566492, 'lag_20': 0.9883148657760075, 'lag_21': 0.6695605709873943, 'lag_22': 0.38234494135031194, 'lag_23': 0.9414491283632157, 'lag_24': 0.70084893540203, 'lag_25': 0.8060503543331378, 'lag_26': 0.3401025168654992, 'lag_27': 0.07216762926968527, 'lag_28': 0.06267452010385895}. Best is trial 3 with value: 0.007529344963930545.
[I 2025-09-29 12:54:53,007] Trial 7 finished with value: 0.007949861540127884 and parameters: {'lag_0': 0.42458916401617625, 'lag_1': 0.21674294188445642, 'lag_2': 0.9853717366451417, 'lag_3': 0.008065977426636442, 'lag_4': 0.0917066689210716, 'lag_5': 0.6960005996686767, 'lag_6': 0.04979513553619172, 'lag_7': 0.13301744671517057, 'lag_8': 0.9589160735272337, 'lag_9': 0.8123180115525581, 'lag_10': 0.8510221177479668, 'lag_11': 0.6465685066842867, 'lag_12': 0.9326564929479821, 'lag_13': 0.9745660066929995, 'lag_14': 0.4274566817626292, 'lag_15': 0.7517924778650369, 'lag_16': 0.42703755910032803, 'lag_17': 0.5516867215194005, 'lag_18': 0.5924209908371415, 'lag_19': 0.7582528317121799, 'lag_20': 0.3461723402930742, 'lag_21': 0.20093381577614025, 'lag_22': 0.9528211648043882, 'lag_23': 0.12379559409916951, 'lag_24': 0.2359166194163255, 'lag_25': 0.16906614736615372, 'lag_26': 0.5047702734284661, 'lag_27': 0.8816231487860906, 'lag_28': 0.5401384298841149}. Best is trial 3 with value: 0.007529344963930545.
[I 2025-09-29 12:54:55,485] Trial 8 finished with value: 0.007925554427469547 and parameters: {'lag_0': 0.19901673068160664, 'lag_1': 0.6080275697683505, 'lag_2': 0.596585774717952, 'lag_3': 0.22367839622784152, 'lag_4': 0.9274380950261629, 'lag_5': 0.13748016597672463, 'lag_6': 0.95800645447975, 'lag_7': 0.8999435467863043, 'lag_8': 0.9400579265810054, 'lag_9': 0.563399613055526, 'lag_10': 0.6272506689151127, 'lag_11': 0.39389901939104066, 'lag_12': 0.8760036876689407, 'lag_13': 0.38904207654663886, 'lag_14': 0.3699985277198409, 'lag_15': 0.7984693059486152, 'lag_16': 0.7553305719006618, 'lag_17': 0.8254671129679927, 'lag_18': 0.5107892387354636, 'lag_19': 0.6633481648734638, 'lag_20': 0.1916505223074133, 'lag_21': 0.4864107820552621, 'lag_22': 0.5795890510444642, 'lag_23': 0.6920178176012901, 'lag_24': 0.8363483784913927, 'lag_25': 0.2941512235031223, 'lag_26': 0.06071493741681355, 'lag_27': 0.6586222401464151, 'lag_28': 0.015177278753297703}. Best is trial 3 with value: 0.007529344963930545.
[I 2025-09-29 12:54:57,961] Trial 9 finished with value: 0.008211988188588613 and parameters: {'lag_0': 0.6706953347208168, 'lag_1': 0.7805321134029675, 'lag_2': 0.908843765758119, 'lag_3': 0.293116373232739, 'lag_4': 0.7443080386852181, 'lag_5': 0.01290633298619224, 'lag_6': 0.215218402333217, 'lag_7': 0.06922501903885553, 'lag_8': 0.9808466869180089, 'lag_9': 0.12938920418263966, 'lag_10': 0.9483211536376733, 'lag_11': 0.10108941597876887, 'lag_12': 0.7121843182863348, 'lag_13': 0.4339986604974616, 'lag_14': 0.5071105245428452, 'lag_15': 0.9020163248284279, 'lag_16': 0.027117320802318542, 'lag_17': 0.5346091252349835, 'lag_18': 0.6986385957579302, 'lag_19': 0.5939772687771697, 'lag_20': 0.5210436108723747, 'lag_21': 0.4065667387515361, 'lag_22': 0.04128304582936143, 'lag_23': 0.4123678600716903, 'lag_24': 0.7484857760451002, 'lag_25': 0.050346193303642615, 'lag_26': 0.2707406230424718, 'lag_27': 0.11053316624250106, 'lag_28': 0.8502351189455892}. Best is trial 3 with value: 0.007529344963930545.
[I 2025-09-29 12:55:00,493] Trial 10 finished with value: 0.007532973155294845 and parameters: {'lag_0': 0.43610122130958895, 'lag_1': 0.035249743288698246, 'lag_2': 0.3724697171956833, 'lag_3': 0.8198200330186279, 'lag_4': 0.6136238944209542, 'lag_5': 0.993469932449514, 'lag_6': 0.7050796856935204, 'lag_7': 0.39187671479548747, 'lag_8': 0.022808536475098035, 'lag_9': 0.44137866146700694, 'lag_10': 0.22313605454807672, 'lag_11': 0.963196410231923, 'lag_12': 0.2476206555301455, 'lag_13': 0.7767051654708036, 'lag_14': 0.7600316837169593, 'lag_15': 0.6097191584287057, 'lag_16': 0.3405807074687697, 'lag_17': 0.3291517346903421, 'lag_18': 0.3255590865369354, 'lag_19': 0.11810896031638562, 'lag_20': 0.02482802365462572, 'lag_21': 0.6416414346674391, 'lag_22': 0.33629048562092556, 'lag_23': 0.027819813492520218, 'lag_24': 0.4469780931980174, 'lag_25': 0.9710509096815275, 'lag_26': 0.9917042161654187, 'lag_27': 0.2312936517927512, 'lag_28': 0.32520695383494624}. Best is trial 3 with value: 0.007529344963930545.
2025-09-29 12:55:02,558 - distributed.worker - INFO - Stopping worker at tcp://192.168.86.108:33736. Reason: scheduler-remove-worker
2025-09-29 12:55:02,563 - distributed.nanny - INFO - Closing Nanny gracefully at 'tcp://192.168.86.108:34737'. Reason: scheduler-remove-worker
2025-09-29 12:55:02,564 - distributed.worker.state_machine - WARNING - Async instruction for <Task cancelled name='execute(optimize_subject-ab3c38d8-3941-4dba-91d0-b7e336284f02)' coro=<Worker.execute() done, defined at /usr/global/miniconda/py310_23.1.0-1/envs/workshop_311/lib/python3.11/site-packages/distributed/worker_state_machine.py:3607>> ended with CancelledError
slurmstepd: error: *** JOB 3081191 ON node08 CANCELLED AT 2025-09-29T12:55:02 ***
