[I 2025-10-03 11:35:07,120] Trial 90 finished with values: [0.001853902662993572, 0.0024020023638871455, 0.0020492132901967636, 0.0009127220351676853, 0.0005645750166746037, 0.0014209533863349187, 0.0010518369919968178, 0.00021517156495649018, 0.0007830108464615106, 0.0013433079187443171, 0.000733484444036487, 0.001249724640333135, 0.0034164799292956453, 0.01928130281505425, 0.0, 0.03920676398527645, 0.0062651177176312025, 0.0010348859443353672, 0.00702529859044094, 2.5207743760752772e-05, 0.005864327620577875, 0.003085713249346109, 0.004357274422999794, 0.006142455712534961, 0.00620574715437184, 0.002080452972310422, 0.00012222829129677598, 0.001029244953368005, 0.21560378539210784] and parameters: {'lag_0': 0.908863487284395, 'lag_1': 0.8772956788130781, 'lag_2': 0.15528327777385514, 'lag_3': 0.131677079419418, 'lag_4': 0.14636047304156852, 'lag_5': 0.8531396936191968, 'lag_6': 0.3232217612732933, 'lag_7': 0.8794579749107063, 'lag_8': 0.030590251922753452, 'lag_9': 0.3147563410123702, 'lag_10': 0.30659218150789774, 'lag_11': 0.2153024864022925, 'lag_12': 0.99225209203252, 'lag_13': 0.4671942635273273, 'lag_14': 0.8195474625587307, 'lag_15': 0.6587475328922553, 'lag_16': 0.6021668713829196, 'lag_17': 0.9585416453997272, 'lag_18': 0.485720386767187, 'lag_19': 0.5869312438208968, 'lag_20': 0.07432659654025547, 'lag_21': 0.11861542765961729, 'lag_22': 0.3908835898824273, 'lag_23': 0.7242597109545618, 'lag_24': 0.10555000818018381, 'lag_25': 0.12076902938132936, 'lag_26': 0.14142317205221558, 'lag_27': 0.753626640890137, 'lag_28': 0.634310007714165}.
[I 2025-10-03 11:35:09,779] Trial 91 finished with values: [0.0031771683673469386, 0.00044480548919881215, 0.0019098513649073035, 0.0015963738324787028, 0.0002528249853380612, 0.00023602594898715733, 0.0013828477733181404, 0.00046351935805381535, 0.0008572048018938153, 0.0010603511119242185, 0.0004057121559934195, 0.0017890239671245172, 0.00484439869439906, 0.019473765074586376, 0.0, 0.038372438569081915, 0.00513884738099968, 0.000778704527169515, 0.007481878369427911, 4.2835674025701225e-05, 0.005763001803955222, 0.003705881817277225, 0.0030611959111570305, 0.004045175672935707, 0.005757716190609446, 0.002038642502927537, 0.00018376783284705282, 0.0009442632720612443, 0.21633278548185633] and parameters: {'lag_0': 0.8813776563925704, 'lag_1': 0.06023832210043716, 'lag_2': 0.7851973106717015, 'lag_3': 0.5371880554571318, 'lag_4': 0.12978221818846325, 'lag_5': 0.5745252595484869, 'lag_6': 0.7138775116487475, 'lag_7': 0.8907737411699664, 'lag_8': 0.5509022080823986, 'lag_9': 0.9962855609338457, 'lag_10': 0.7138379104027133, 'lag_11': 0.16554198899672667, 'lag_12': 0.40117963957547914, 'lag_13': 0.6730191734274649, 'lag_14': 0.7256265354195947, 'lag_15': 0.01057304131613888, 'lag_16': 0.7350043094921727, 'lag_17': 0.7456114530769246, 'lag_18': 0.9870460574265765, 'lag_19': 0.686113321401852, 'lag_20': 0.6613476695761724, 'lag_21': 0.285985886479199, 'lag_22': 0.3056085788009329, 'lag_23': 0.45396526108645624, 'lag_24': 0.791616414093906, 'lag_25': 0.6544212516606562, 'lag_26': 0.1868615717219594, 'lag_27': 0.3647529737683904, 'lag_28': 0.01937129799184463}.
[I 2025-10-03 11:35:12,432] Trial 92 finished with values: [0.0022913580246913577, 0.001027053989386063, 0.00106129025009276, 0.00036614247754399666, 0.00020007289823485388, 0.0005625128917658633, 0.0006000190379290459, 0.0003790926595847962, 0.0009768840670997044, 0.0014827605335365206, 0.0004790806056930954, 0.0008135223360806292, 0.005106897116504127, 0.019875719817795477, 0.0, 0.031037167839154268, 0.006636275673420197, 0.0007802210751644462, 0.007298208901667024, 7.041612524167815e-05, 0.00493870779561999, 0.002942563646781041, 0.003992896214865043, 0.006008404723069955, 0.00415111008068759, 0.001827291417157902, 0.00012830724666780595, 0.001569204732628995, 0.22805972258814228] and parameters: {'lag_0': 0.07605902228978045, 'lag_1': 0.02527257948081199, 'lag_2': 0.5139736101612054, 'lag_3': 0.6514604307469241, 'lag_4': 0.8166368719541305, 'lag_5': 0.953589818387968, 'lag_6': 0.8332969589610547, 'lag_7': 0.19167625405088615, 'lag_8': 0.35197512930397545, 'lag_9': 0.2780108705678878, 'lag_10': 0.38625887251344215, 'lag_11': 0.542453240696929, 'lag_12': 0.18485717291286838, 'lag_13': 0.2751422405642696, 'lag_14': 0.1298422432892528, 'lag_15': 0.8738802500686371, 'lag_16': 0.4619234273578516, 'lag_17': 0.18095251884363675, 'lag_18': 0.10295373885593659, 'lag_19': 0.9071411026067011, 'lag_20': 0.8638469472603828, 'lag_21': 0.9587686636498608, 'lag_22': 0.1410810889087533, 'lag_23': 0.6688441914875978, 'lag_24': 0.7835282081624727, 'lag_25': 0.00638548543012383, 'lag_26': 0.37063854445767985, 'lag_27': 0.5075378058741744, 'lag_28': 0.4249120615262623}.
[I 2025-10-03 11:35:15,088] Trial 93 finished with values: [0.0016, 0.005407893769686115, 0.0012776292817921208, 0.00037618518617453186, 7.635672463986894e-05, 0.0013614248605177156, 0.0002719786935018888, 0.000606829381689001, 0.0011282101001545035, 0.00039302709821533897, 0.0004449962062407441, 0.0008070782097676646, 0.0037348972867924267, 0.020555673330989472, 0.0, 0.03937838601678393, 0.006332270307920826, 0.0004344275441432486, 0.006694986174391929, 2.261222649136287e-05, 0.00530103991028403, 0.0034024144971236897, 0.0038747921361440424, 0.005708048906169364, 0.005952153738795448, 0.0018925232986626184, 0.00046449874910204877, 0.0013734291073272055, 0.21032411435152215] and parameters: {'lag_0': 0.18385298907649125, 'lag_1': 0.36085960530665634, 'lag_2': 0.13546001932528026, 'lag_3': 0.47208100994748253, 'lag_4': 0.06354616997292459, 'lag_5': 0.12846326605549224, 'lag_6': 0.08139074430423125, 'lag_7': 0.2459502502457723, 'lag_8': 0.03415499611628678, 'lag_9': 0.16335452645237966, 'lag_10': 0.31063575163312296, 'lag_11': 0.7545255955099763, 'lag_12': 0.8890527992670516, 'lag_13': 0.689904096169294, 'lag_14': 0.8852689926438306, 'lag_15': 0.9782043912149923, 'lag_16': 0.32569697262728636, 'lag_17': 0.15952714168499596, 'lag_18': 0.522784374364961, 'lag_19': 0.5395978104861554, 'lag_20': 0.3194990355461229, 'lag_21': 0.3371795938736317, 'lag_22': 0.526906789793019, 'lag_23': 0.027406207811455367, 'lag_24': 0.0012635316350437093, 'lag_25': 0.41236212692702934, 'lag_26': 0.6978030860910989, 'lag_27': 0.1826970183920607, 'lag_28': 0.20191342673870144}.
[I 2025-10-03 11:35:17,734] Trial 94 finished with values: [0.0016, 0.0009534849521662707, 0.00038307133731778933, 0.0005993305336288424, 0.0006066317380391655, 0.0011533201345694075, 0.0012909095988532203, 0.0006905461113776194, 0.0007567449455849003, 0.001892947702639729, 0.0006804049514628179, 0.0011359897170617876, 0.004163909627954375, 0.01985398684935192, 0.0, 0.03538405937361982, 0.00530298560483884, 0.0010874521448862363, 0.007024159277414595, 3.6627357366811165e-05, 0.00475737106475717, 0.00285879298796318, 0.004336392736352249, 0.005309127334799203, 0.005547752805521145, 0.002313948222884692, 0.0003056108894854886, 0.0006647291743030756, 0.22278827639613258] and parameters: {'lag_0': 0.1440761998497954, 'lag_1': 0.7300815613273642, 'lag_2': 0.971145573165491, 'lag_3': 0.924141116670966, 'lag_4': 0.923335042984971, 'lag_5': 0.7076089418777631, 'lag_6': 0.8732141663079463, 'lag_7': 0.7391928030481437, 'lag_8': 0.5345159693982723, 'lag_9': 0.4276269230848838, 'lag_10': 0.9280397971704575, 'lag_11': 0.459313952865042, 'lag_12': 0.3810043744222576, 'lag_13': 0.5524687150856906, 'lag_14': 0.4967615024427586, 'lag_15': 0.5909928399698606, 'lag_16': 0.7124459365936311, 'lag_17': 0.6433842232827556, 'lag_18': 0.13781385295054382, 'lag_19': 0.8035543578762231, 'lag_20': 0.844484076861672, 'lag_21': 0.8730390661586476, 'lag_22': 0.9067665834540748, 'lag_23': 0.9094543379485428, 'lag_24': 0.33758988399647943, 'lag_25': 0.21957972060878742, 'lag_26': 0.014531552438020819, 'lag_27': 0.6443191219277851, 'lag_28': 0.4798862323262063}.
[I 2025-10-03 11:35:20,382] Trial 95 finished with values: [0.017626706979087928, 0.0041186149015819355, 0.0012919822070522505, 0.00037793456011980955, 0.0004405367016986898, 0.001808338719894947, 0.000860989157220308, 0.0008728166343159736, 0.0007227319852736903, 0.0021053496470625475, 0.0007728267425391831, 0.0014569271574051824, 0.003192428823765892, 0.0188933095420681, 0.0, 0.045888424102704876, 0.006263137375567908, 0.000602447009879332, 0.007718875704694787, 3.794132038670944e-05, 0.005690647898265791, 0.0036272539316530633, 0.0037284466699333994, 0.005896751844418088, 0.004373380331162177, 0.002688747265446962, 0.00045102414417307377, 0.001039047039594543, 0.21349764516964628] and parameters: {'lag_0': 0.3741012772790353, 'lag_1': 0.48839137550002776, 'lag_2': 0.7984673505564284, 'lag_3': 0.6133648879010435, 'lag_4': 0.3975941555813471, 'lag_5': 0.32107268206160844, 'lag_6': 0.3098555853039571, 'lag_7': 0.47210365572860735, 'lag_8': 0.8732389140729406, 'lag_9': 0.29834438236436045, 'lag_10': 0.40114543336708597, 'lag_11': 0.4556578394180034, 'lag_12': 0.8253972848330982, 'lag_13': 0.1813772232523556, 'lag_14': 0.8120778887403862, 'lag_15': 0.7069772405116509, 'lag_16': 0.33974189589438386, 'lag_17': 0.0389943335706509, 'lag_18': 0.971910130458837, 'lag_19': 0.6052841639708232, 'lag_20': 0.49474146298653127, 'lag_21': 0.20873346603497434, 'lag_22': 0.5858772605564435, 'lag_23': 0.34156075349457715, 'lag_24': 0.7535004609399912, 'lag_25': 0.28723711861567464, 'lag_26': 0.3652725907264461, 'lag_27': 0.02099768108360205, 'lag_28': 0.10904327968732844}.
[I 2025-10-03 11:35:23,036] Trial 96 finished with values: [0.004576473922902493, 0.0007216844413566778, 0.0006376152857744165, 0.0008284225788075528, 0.0010581570607870628, 0.0011756652500828364, 0.0006040880991630842, 0.00020639247952610002, 0.0009469558544621216, 0.0016004658498109346, 0.0007738953898635494, 0.0010104836912062205, 0.00410242513538141, 0.019607835671887883, 0.0, 0.044783805733490535, 0.0037466349552226926, 0.001201369189621565, 0.008066801037439626, 0.00025016981259965023, 0.004254350213877341, 0.0031103561051103036, 0.004522392551120684, 0.005336134133686709, 0.004723571853758711, 0.002117819160526333, 0.0004112268438465889, 0.0018680397015852334, 0.23203987647649496] and parameters: {'lag_0': 0.3636527532081855, 'lag_1': 0.02527257948081199, 'lag_2': 0.5139736101612054, 'lag_3': 0.6166159063757225, 'lag_4': 0.8166368719541305, 'lag_5': 0.11780863892020633, 'lag_6': 0.8332969589610547, 'lag_7': 0.19167625405088615, 'lag_8': 0.35197512930397545, 'lag_9': 0.542954058452116, 'lag_10': 0.46436192702813117, 'lag_11': 0.72206292729592, 'lag_12': 0.18485717291286838, 'lag_13': 0.25735641776131607, 'lag_14': 0.1298422432892528, 'lag_15': 0.8738802500686371, 'lag_16': 0.4619234273578516, 'lag_17': 0.18095251884363675, 'lag_18': 0.5267817739472164, 'lag_19': 0.9071411026067011, 'lag_20': 0.8638469472603828, 'lag_21': 0.9587686636498608, 'lag_22': 0.1410810889087533, 'lag_23': 0.19854142609721254, 'lag_24': 0.7835282081624727, 'lag_25': 0.8410426288661284, 'lag_26': 0.05933692443892634, 'lag_27': 0.2625080216526988, 'lag_28': 0.4249120615262623}.
[I 2025-10-03 11:35:25,691] Trial 97 finished with values: [0.018888888888888893, 0.0013268645599277928, 0.00036781679813334726, 0.0007263991935067292, 0.00014263028274702684, 0.0003001339502272683, 0.00046122664512062697, 0.00045194609901460706, 0.0013462780277342147, 0.0013069869752154475, 0.000237740957482288, 0.0013188698025319, 0.004248203548304501, 0.019611782275557037, 0.0, 0.037444851181229685, 0.005148864592732108, 0.0007168967287911904, 0.006677570100550463, 9.343092132984506e-05, 0.005603874755756173, 0.003338082504384443, 0.004002471734324788, 0.00458944712252384, 0.005051449593446137, 0.0024288603354757085, 8.178499991985381e-05, 0.0018048996653172544, 0.2266410129688518] and parameters: {'lag_0': 0.3081924883110298, 'lag_1': 0.8772956788130781, 'lag_2': 0.9872413431829747, 'lag_3': 0.131677079419418, 'lag_4': 0.4338025613038025, 'lag_5': 0.30384149766838325, 'lag_6': 0.38455206619288973, 'lag_7': 0.03253241233714896, 'lag_8': 0.030590251922753452, 'lag_9': 0.3147563410123702, 'lag_10': 0.5277198698407575, 'lag_11': 0.9917896923168285, 'lag_12': 0.48580287251540505, 'lag_13': 0.941044416136125, 'lag_14': 0.7635498975737256, 'lag_15': 0.5171935054091005, 'lag_16': 0.7181234894533401, 'lag_17': 0.35416121549950347, 'lag_18': 0.2946753551819924, 'lag_19': 0.6347806560519967, 'lag_20': 0.8057952021554193, 'lag_21': 0.8053161816607503, 'lag_22': 0.5343606870425622, 'lag_23': 0.7242597109545618, 'lag_24': 0.2156122752989143, 'lag_25': 0.8030580406951068, 'lag_26': 0.7451988086497695, 'lag_27': 0.6007761240580355, 'lag_28': 0.9863212727191979}.
[I 2025-10-03 11:35:28,345] Trial 98 finished with values: [0.0064, 0.0009813735610406241, 0.0007020334233579174, 0.0019550669903764437, 0.0010516354333818822, 0.0008279983574598002, 0.0008320254281799858, 0.0004031227560778129, 0.0007872378328197414, 0.001518875978420869, 0.00037902840969401835, 0.0011503843236292375, 0.00452810555776717, 0.01843626143879592, 0.0, 0.045581663819001104, 0.004195087040566592, 0.000501128659224637, 0.006445039746913878, 7.388654060705975e-05, 0.005492234381147193, 0.004067744939224322, 0.00398746323678888, 0.006004686371764349, 0.005234623894408489, 0.0017991638757423548, 0.00026043861232935144, 0.0015959148005093575, 0.22770988073211873] and parameters: {'lag_0': 0.6056838062290627, 'lag_1': 0.057035282660933134, 'lag_2': 0.8391876605133988, 'lag_3': 0.305401771782341, 'lag_4': 0.5792038075339927, 'lag_5': 0.8587063775379583, 'lag_6': 0.5148617521973284, 'lag_7': 0.8726097336454305, 'lag_8': 0.5489777103193375, 'lag_9': 0.6680285152813671, 'lag_10': 0.4938135665466167, 'lag_11': 0.224512320526345, 'lag_12': 0.7427142040721252, 'lag_13': 0.2779325222747185, 'lag_14': 0.9541191938861252, 'lag_15': 0.31233663904814424, 'lag_16': 0.48524942733010873, 'lag_17': 0.9216638934012009, 'lag_18': 0.6819361823619396, 'lag_19': 0.9594628998463575, 'lag_20': 0.3356100576892028, 'lag_21': 0.9528290494687586, 'lag_22': 0.7980056398227927, 'lag_23': 0.8853970323591601, 'lag_24': 0.31958905169412866, 'lag_25': 0.11263578373023121, 'lag_26': 0.6252300236313265, 'lag_27': 0.06312517928184543, 'lag_28': 0.13623761401959902}.
[I 2025-10-03 11:35:30,999] Trial 99 finished with values: [0.0017983471074380167, 0.004645859779010059, 0.002837113246156989, 0.0025051112170020803, 0.00018180815667160252, 0.001514057905637372, 0.0011663430453336667, 0.00029213571906400995, 0.0006981359702969373, 0.0011729805314148391, 0.0003857332047437954, 0.0013946117713624217, 0.00357147601296618, 0.02087139729518152, 0.0, 0.03991977741637509, 0.0051100126007054885, 0.0004762223758153146, 0.0073352204918134285, 4.815993588647733e-05, 0.004626686515771227, 0.002348826127133799, 0.004344628339050883, 0.006030899535429595, 0.0043179377370976815, 0.0016366048904710086, 0.00029616879656470463, 0.0018114124621137762, 0.23071398736183008] and parameters: {'lag_0': 0.030180379099806306, 'lag_1': 0.6726255427222801, 'lag_2': 0.20606360321457579, 'lag_3': 0.7709296770058186, 'lag_4': 0.7399156697878554, 'lag_5': 0.9498912372313494, 'lag_6': 0.1356909255379342, 'lag_7': 0.3744582382416211, 'lag_8': 0.6408577908579627, 'lag_9': 0.6666067441938568, 'lag_10': 0.15880866547844077, 'lag_11': 0.07699206831859363, 'lag_12': 0.4520513418697359, 'lag_13': 0.23568065739022742, 'lag_14': 0.44705623360149543, 'lag_15': 0.7726267091907332, 'lag_16': 0.9048825569180189, 'lag_17': 0.5129536772310934, 'lag_18': 0.9886585812297922, 'lag_19': 0.8035613602784434, 'lag_20': 0.9085876927166141, 'lag_21': 0.5863093292965172, 'lag_22': 0.9034785422885337, 'lag_23': 0.18497234617511063, 'lag_24': 0.6882435966352536, 'lag_25': 0.6581332767982471, 'lag_26': 0.13327272347674834, 'lag_27': 0.3414716500311087, 'lag_28': 0.15125550236906662}.
[I 2025-10-03 11:35:31,011] A new study created in memory with name: no-name-3ff87a0f-4007-451f-ba42-5ccff13f6246
[I 2025-10-03 11:35:33,649] Trial 0 finished with values: [0.00390625, 0.0030135171963664837, 0.005051760870941689, 0.003909180288317716, 0.00034635818810884833, 0.005983984171088668, 0.0012351045562414497, 0.001372465595666509, 0.0007478136120677966, 0.0005953668488802922, 0.0003043502479788751, 0.0002018696438770434, 0.004832036934413623, 0.006394358382544216, 0.0, 0.008047102431663506, 0.007854174391495605, 0.0009137954510035356, 0.00036480482007603175, 0.0010028644257708637, 4.222371185269326e-05, 8.8359513201829e-05, 0.0013259415035635747, 0.0015532328325797429, 0.0018232830018476292, 7.350591882561166e-05, 0.008114088944830017, 0.0032632178401080444, 0.00041200408229972513] and parameters: {'lag_0': 0.9202266714979339, 'lag_1': 0.7195630400840582, 'lag_2': 0.22651825640157244, 'lag_3': 0.3169730861572281, 'lag_4': 0.8117002290157057, 'lag_5': 0.7916230135472455, 'lag_6': 0.013646026749644442, 'lag_7': 0.6146204470487387, 'lag_8': 0.4862331948310179, 'lag_9': 0.27166368046531836, 'lag_10': 0.390262485970507, 'lag_11': 0.516031073081374, 'lag_12': 0.8959877349221643, 'lag_13': 0.29765333565993685, 'lag_14': 0.23230809613163206, 'lag_15': 0.29480425277978634, 'lag_16': 0.7149600254064726, 'lag_17': 0.08377860283327036, 'lag_18': 0.8072363043737213, 'lag_19': 0.31937029325801375, 'lag_20': 0.11635867050220768, 'lag_21': 0.6886878778205792, 'lag_22': 0.5277376937866225, 'lag_23': 0.0707644943905326, 'lag_24': 0.21544812137259972, 'lag_25': 0.5615140817303786, 'lag_26': 0.08522003741497707, 'lag_27': 0.5333801472416085, 'lag_28': 0.6719018226817882}.
[I 2025-10-03 11:35:36,285] Trial 1 finished with values: [0.00390625, 0.0015264368766435786, 0.0035321428104737275, 0.0038454566742834122, 0.00035809184047052754, 0.006341048883387888, 0.0012231589217653871, 0.00237720214896412, 0.0011154576158241896, 0.0003803082385543343, 0.0008683560337812591, 0.0005302463523410902, 0.004486700286198877, 0.005175464996024006, 0.0, 0.0082421082271151, 0.007379404341225583, 0.00152185434951696, 0.0007893770641447405, 0.0009331436300582894, 8.71607416997862e-05, 0.000684015471695293, 0.0011011243508652535, 0.0013256167591762693, 0.001883598413614978, 0.0003058836988054718, 0.005294278713911022, 0.00189358939292672, 0.0003941520440438189] and parameters: {'lag_0': 0.11152827386170418, 'lag_1': 0.6874658691586228, 'lag_2': 0.13567358906678334, 'lag_3': 0.8034361518403647, 'lag_4': 0.14070838045595124, 'lag_5': 0.31255985541296, 'lag_6': 0.5929414690142379, 'lag_7': 0.6705848648639694, 'lag_8': 0.5691983230626724, 'lag_9': 0.8968919384496566, 'lag_10': 0.5487157402829143, 'lag_11': 0.19126047522122694, 'lag_12': 0.36901253169848974, 'lag_13': 0.7732371288941219, 'lag_14': 0.4809506906910105, 'lag_15': 0.7514707959848254, 'lag_16': 0.17098776977793398, 'lag_17': 0.9461540795347305, 'lag_18': 0.9834353065879295, 'lag_19': 0.3327636417661305, 'lag_20': 0.20358345002358633, 'lag_21': 0.5091592844888241, 'lag_22': 0.23051283645806284, 'lag_23': 0.7809072824338301, 'lag_24': 0.6061645243296078, 'lag_25': 0.7904238727089204, 'lag_26': 0.05476537269659715, 'lag_27': 0.6052331951183212, 'lag_28': 0.021307904932510845}.
[I 2025-10-03 11:35:38,922] Trial 2 finished with values: [0.004029832766439909, 0.000691883144718793, 0.0019319729112906938, 0.0033851679320644735, 0.00038133256166433864, 0.006094446297568253, 0.0020767838742646793, 0.0021930776086972114, 0.000605495458930351, 0.0002749175091710061, 0.0006411191474611775, 0.00032844520497917525, 0.0046254077124460126, 0.005961375168667488, 0.0, 0.008923461044633211, 0.007907035390517738, 0.0016890031882615905, 0.0018666256629763956, 0.0018871673493529167, 0.00013356603496183974, 0.0003266389661901217, 0.0017622773928195052, 0.0011783519371807096, 0.002083615529175757, 0.00030972694657109583, 0.0061121763586100605, 0.0016447651228363898, 0.0014274449166030915] and parameters: {'lag_0': 0.22741539286262763, 'lag_1': 0.3657896823928076, 'lag_2': 0.4070616086762371, 'lag_3': 0.8883024029308515, 'lag_4': 0.3556657352006082, 'lag_5': 0.9565563229346076, 'lag_6': 0.7166392476031102, 'lag_7': 0.065562600587496, 'lag_8': 0.33809070993149104, 'lag_9': 0.39201958080566807, 'lag_10': 0.9542203072106743, 'lag_11': 0.7338984665641991, 'lag_12': 0.9865322056700699, 'lag_13': 0.37557866914557914, 'lag_14': 0.6188314480041579, 'lag_15': 0.7131018043915882, 'lag_16': 0.6936832692592727, 'lag_17': 0.3310218966512275, 'lag_18': 0.6114727504113469, 'lag_19': 0.705151167820943, 'lag_20': 0.10729333187165997, 'lag_21': 0.2872055164040664, 'lag_22': 0.8308430279197723, 'lag_23': 0.4348875254520876, 'lag_24': 0.3448145606925946, 'lag_25': 0.12218651906076072, 'lag_26': 0.8949059319762755, 'lag_27': 0.004511761475493227, 'lag_28': 0.5457498535951852}.
