[I 2025-09-29 11:58:58,184] Trial 66 finished with value: 0.007171311437616406 and parameters: {'lag_0': 0.7587026009906874, 'lag_1': 0.44555300319808105, 'lag_2': 0.579242493916062, 'lag_3': 0.638759822012724, 'lag_4': 0.3836328371601031, 'lag_5': 0.18298452873160886, 'lag_6': 0.5913582061001879, 'lag_7': 0.6331752513515247, 'lag_8': 0.3277748435366692, 'lag_9': 0.9571135583666158, 'lag_10': 0.6879385721001143, 'lag_11': 0.32354780130362243, 'lag_12': 0.8898985637643403, 'lag_13': 0.0871175814279131, 'lag_14': 0.46869585783110346, 'lag_15': 0.9710871140029587, 'lag_16': 0.3425610010376214, 'lag_17': 0.20602857035557856, 'lag_18': 0.1386509896535435, 'lag_19': 0.6601802995244028, 'lag_20': 0.4612082173020098, 'lag_21': 0.2978833020272787, 'lag_22': 0.5843803858646115, 'lag_23': 0.727592941973584, 'lag_24': 0.5043394660051651, 'lag_25': 0.20764577362912207, 'lag_26': 0.6108699331782195, 'lag_27': 0.5216405624747159, 'lag_28': 0.09498550168057152}. Best is trial 10 with value: 0.006620503850142391.
[I 2025-09-29 11:59:00,698] Trial 67 finished with value: 0.006889017338110387 and parameters: {'lag_0': 0.9154347119453015, 'lag_1': 0.3923325584104343, 'lag_2': 0.6480441009237657, 'lag_3': 0.5592844886434605, 'lag_4': 0.03824848455868923, 'lag_5': 0.492509879806008, 'lag_6': 0.3481830699345221, 'lag_7': 0.8939977162146157, 'lag_8': 0.47185022843222385, 'lag_9': 0.10252825196244353, 'lag_10': 0.46910841599417735, 'lag_11': 0.14293995761468076, 'lag_12': 0.8334871478465837, 'lag_13': 0.2189549864450984, 'lag_14': 0.2408243427994845, 'lag_15': 0.9292731720191268, 'lag_16': 0.4999950914302495, 'lag_17': 0.1661856028247914, 'lag_18': 0.4136810962011557, 'lag_19': 0.5292244837507972, 'lag_20': 0.5277795129781716, 'lag_21': 0.32201903534449583, 'lag_22': 0.622745054396496, 'lag_23': 0.815495223494118, 'lag_24': 0.8101103901644082, 'lag_25': 0.15680769597522717, 'lag_26': 0.5075135655777607, 'lag_27': 0.6526847443475647, 'lag_28': 0.7014065952019956}. Best is trial 10 with value: 0.006620503850142391.
[I 2025-09-29 11:59:03,216] Trial 68 finished with value: 0.0069050571210145465 and parameters: {'lag_0': 0.850836473146792, 'lag_1': 0.5016787814347712, 'lag_2': 0.7361090197279919, 'lag_3': 0.8615017294468919, 'lag_4': 0.3079337755542047, 'lag_5': 0.6650022709368016, 'lag_6': 0.15244478601550487, 'lag_7': 0.7273951981340823, 'lag_8': 0.4274646543594185, 'lag_9': 0.8458510825445502, 'lag_10': 0.9475368356095941, 'lag_11': 0.3512152168696213, 'lag_12': 0.9546998494418032, 'lag_13': 0.15044319917160864, 'lag_14': 0.39451512171940195, 'lag_15': 0.8856105287013031, 'lag_16': 0.39453723622316034, 'lag_17': 0.2989372788417094, 'lag_18': 0.19497837034848878, 'lag_19': 0.7255691024022735, 'lag_20': 0.430378521345824, 'lag_21': 0.006837976346971923, 'lag_22': 0.672424200613214, 'lag_23': 0.9958051289425934, 'lag_24': 0.6343416054611315, 'lag_25': 0.7658627698101714, 'lag_26': 0.9987812334827628, 'lag_27': 0.78984151311381, 'lag_28': 0.6420080349338388}. Best is trial 10 with value: 0.006620503850142391.
[I 2025-09-29 11:59:05,739] Trial 69 finished with value: 0.006937518790464598 and parameters: {'lag_0': 0.9551087309860088, 'lag_1': 0.8223503215436447, 'lag_2': 0.8247110829808153, 'lag_3': 0.763241420081553, 'lag_4': 0.6967208954840397, 'lag_5': 0.8348117181098464, 'lag_6': 0.999499665289156, 'lag_7': 0.848555143863142, 'lag_8': 0.21786680825123275, 'lag_9': 0.92589618017742, 'lag_10': 0.6541726857250653, 'lag_11': 0.28667428555293123, 'lag_12': 0.49398858947057755, 'lag_13': 0.0016369318356978975, 'lag_14': 0.1574901322999183, 'lag_15': 0.9743015120554441, 'lag_16': 0.7932106566147884, 'lag_17': 0.10233019719512387, 'lag_18': 0.28863639028985066, 'lag_19': 0.9635561922538018, 'lag_20': 0.0916668699671237, 'lag_21': 0.12263693141010701, 'lag_22': 0.5009559573675363, 'lag_23': 0.6543473105960023, 'lag_24': 0.06411775149380816, 'lag_25': 0.8989573628918492, 'lag_26': 0.7573201649042774, 'lag_27': 0.33870258680189874, 'lag_28': 0.8976930674800436}. Best is trial 10 with value: 0.006620503850142391.
[I 2025-09-29 11:59:08,254] Trial 70 finished with value: 0.0068370972661111655 and parameters: {'lag_0': 0.8982559710614697, 'lag_1': 0.771990782696112, 'lag_2': 0.9392080283038811, 'lag_3': 0.6603830098818857, 'lag_4': 0.24859215454929928, 'lag_5': 0.7775602054973384, 'lag_6': 0.19503749357451192, 'lag_7': 0.9473437484582563, 'lag_8': 0.2848275150420795, 'lag_9': 0.8042867052759465, 'lag_10': 0.5596037795126679, 'lag_11': 0.4091795430531318, 'lag_12': 0.7887456696627619, 'lag_13': 0.29212043987107694, 'lag_14': 0.2802538758184354, 'lag_15': 0.17657426763423273, 'lag_16': 0.43954704649251075, 'lag_17': 0.06137920374578135, 'lag_18': 0.0675120996087741, 'lag_19': 0.7737685703822419, 'lag_20': 0.36197378529661384, 'lag_21': 0.2407610443076379, 'lag_22': 0.5607802859831506, 'lag_23': 0.8405310081113092, 'lag_24': 0.5391778960887582, 'lag_25': 0.3639539266439995, 'lag_26': 0.8835504723118769, 'lag_27': 0.6995778323162479, 'lag_28': 0.5103726104187551}. Best is trial 10 with value: 0.006620503850142391.
[I 2025-09-29 11:59:10,761] Trial 71 finished with value: 0.006921893253067045 and parameters: {'lag_0': 0.93073594289053, 'lag_1': 0.6185139884345083, 'lag_2': 0.5822056491961654, 'lag_3': 0.7979872625839958, 'lag_4': 0.48170580417518555, 'lag_5': 0.9311991833788493, 'lag_6': 0.2228569900184499, 'lag_7': 0.34167458130500317, 'lag_8': 0.3262606373424319, 'lag_9': 0.8431249361017794, 'lag_10': 0.38920899219499705, 'lag_11': 0.5521634849776687, 'lag_12': 0.9995008092396764, 'lag_13': 0.035776259846494206, 'lag_14': 0.4203817296812524, 'lag_15': 0.778975939368968, 'lag_16': 0.7574140405843706, 'lag_17': 0.24423750895729696, 'lag_18': 0.12112353176246682, 'lag_19': 0.827750394111442, 'lag_20': 0.2972547446599763, 'lag_21': 0.35681456509405174, 'lag_22': 0.39339346345270865, 'lag_23': 0.9062478224164432, 'lag_24': 0.11691520005816948, 'lag_25': 0.030381779912967963, 'lag_26': 0.7348776955583892, 'lag_27': 0.7348943463073223, 'lag_28': 0.5766054931973263}. Best is trial 10 with value: 0.006620503850142391.
[I 2025-09-29 11:59:13,275] Trial 72 finished with value: 0.0070172453898086585 and parameters: {'lag_0': 0.9720988858128193, 'lag_1': 0.5212030451531146, 'lag_2': 0.4611067339003584, 'lag_3': 0.9036025515007671, 'lag_4': 0.43480328276721414, 'lag_5': 0.9705523078883279, 'lag_6': 0.2683042774707527, 'lag_7': 0.8304297581388606, 'lag_8': 0.3858669195551439, 'lag_9': 0.7034533383942064, 'lag_10': 0.28407968074333634, 'lag_11': 0.46887838226764894, 'lag_12': 0.9674677979036425, 'lag_13': 0.1001850340062494, 'lag_14': 0.5048105324237864, 'lag_15': 0.828807159022986, 'lag_16': 0.7182880380203527, 'lag_17': 0.18896092746143348, 'lag_18': 0.15615505553827064, 'lag_19': 0.7990210570884325, 'lag_20': 0.4963893990544431, 'lag_21': 0.39094663120239603, 'lag_22': 0.297761007023425, 'lag_23': 0.9706814230122972, 'lag_24': 0.0342006224367747, 'lag_25': 0.022203852977705718, 'lag_26': 0.9199600558919767, 'lag_27': 0.93569265353248, 'lag_28': 0.6495221927788207}. Best is trial 10 with value: 0.006620503850142391.
[I 2025-09-29 11:59:15,788] Trial 73 finished with value: 0.006951229720419337 and parameters: {'lag_0': 0.22979198331542677, 'lag_1': 0.8915544098291653, 'lag_2': 0.5282401761677096, 'lag_3': 0.7243816128109374, 'lag_4': 0.5778719251808504, 'lag_5': 0.4007662867197779, 'lag_6': 0.041895992698193676, 'lag_7': 0.23863496717300414, 'lag_8': 0.17043458098417377, 'lag_9': 0.6479581820546946, 'lag_10': 0.6343137876589973, 'lag_11': 0.8236987999465499, 'lag_12': 0.9261906952015181, 'lag_13': 0.06801187553782334, 'lag_14': 0.3202174137286478, 'lag_15': 0.9994578289724019, 'lag_16': 0.8042730959745977, 'lag_17': 0.3231698405332738, 'lag_18': 0.10101048332188904, 'lag_19': 0.885683369337189, 'lag_20': 0.18417188844768725, 'lag_21': 0.5125147925258093, 'lag_22': 0.4630588503322613, 'lag_23': 0.9292849401316847, 'lag_24': 0.08310992385363059, 'lag_25': 0.09102393369495189, 'lag_26': 0.7835012578405331, 'lag_27': 0.8740017801147184, 'lag_28': 0.5473197003819}. Best is trial 10 with value: 0.006620503850142391.
[I 2025-09-29 11:59:18,299] Trial 74 finished with value: 0.006737517685544495 and parameters: {'lag_0': 0.8777783834409202, 'lag_1': 0.5869419560874859, 'lag_2': 0.7630337345613701, 'lag_3': 0.9559722429998672, 'lag_4': 0.5321271763466442, 'lag_5': 0.8833945401133484, 'lag_6': 0.10552285373588943, 'lag_7': 0.3706628503535153, 'lag_8': 0.25026654349543453, 'lag_9': 0.8897681784646779, 'lag_10': 0.4855626646325908, 'lag_11': 0.4327022295904039, 'lag_12': 0.8866455280001749, 'lag_13': 0.02256738300568767, 'lag_14': 0.37700383714553687, 'lag_15': 0.892355100326613, 'lag_16': 0.8371161141008419, 'lag_17': 0.22365920832040187, 'lag_18': 0.018555032847947135, 'lag_19': 0.6915155121352335, 'lag_20': 0.005886765860401537, 'lag_21': 0.4619999056223911, 'lag_22': 0.3466664657264974, 'lag_23': 0.8627109780541483, 'lag_24': 0.8251884655191126, 'lag_25': 0.11686352877635493, 'lag_26': 0.8150893835059436, 'lag_27': 0.8282767174963823, 'lag_28': 0.4229438392908426}. Best is trial 10 with value: 0.006620503850142391.
[I 2025-09-29 11:59:20,814] Trial 75 finished with value: 0.007223979231392133 and parameters: {'lag_0': 0.8079467530162302, 'lag_1': 0.521606928594238, 'lag_2': 0.7326833636732718, 'lag_3': 0.8614341258771716, 'lag_4': 0.5363746318958634, 'lag_5': 0.8927683957904258, 'lag_6': 0.07269798148738815, 'lag_7': 0.3971101317209587, 'lag_8': 0.23216637393083236, 'lag_9': 0.8824407215202934, 'lag_10': 0.4882614493414593, 'lag_11': 0.4396234534729863, 'lag_12': 0.8727224746096479, 'lag_13': 0.18307416736688908, 'lag_14': 0.27080909133329034, 'lag_15': 0.8985482061925647, 'lag_16': 0.5854544057107085, 'lag_17': 0.2202009036579154, 'lag_18': 0.015699195645317646, 'lag_19': 0.7006138910697517, 'lag_20': 0.027700821641311327, 'lag_21': 0.6583510276856963, 'lag_22': 0.34945046667915586, 'lag_23': 0.7884561957393043, 'lag_24': 0.8606570257029074, 'lag_25': 0.11906373295385833, 'lag_26': 0.6712577553749001, 'lag_27': 0.9016802193080993, 'lag_28': 0.3608671390903706}. Best is trial 10 with value: 0.006620503850142391.
[I 2025-09-29 11:59:23,327] Trial 76 finished with value: 0.00682954551756913 and parameters: {'lag_0': 0.025789042889480418, 'lag_1': 0.6442455242876395, 'lag_2': 0.771405543989975, 'lag_3': 0.9640472169505352, 'lag_4': 0.6313953362461596, 'lag_5': 0.8660912500769637, 'lag_6': 0.1131521860198706, 'lag_7': 0.46300318288418185, 'lag_8': 0.776765974234141, 'lag_9': 0.9777374574950755, 'lag_10': 0.5353529266786299, 'lag_11': 0.39498209723657834, 'lag_12': 0.8256309228274766, 'lag_13': 0.1361255205729764, 'lag_14': 0.36170702265261034, 'lag_15': 0.9537908967121314, 'lag_16': 0.8641864996215052, 'lag_17': 0.3733134483721916, 'lag_18': 0.4924450426701354, 'lag_19': 0.5740924753478217, 'lag_20': 0.003348762937910782, 'lag_21': 0.588176177029674, 'lag_22': 0.2603812936433804, 'lag_23': 0.8612069365371668, 'lag_24': 0.7495977254289952, 'lag_25': 0.2516176667863763, 'lag_26': 0.5409372100734597, 'lag_27': 0.7755592980575302, 'lag_28': 0.4215738090533259}. Best is trial 10 with value: 0.006620503850142391.
[I 2025-09-29 11:59:25,841] Trial 77 finished with value: 0.007155217085732577 and parameters: {'lag_0': 0.8542692853336351, 'lag_1': 0.5736452764076647, 'lag_2': 0.6850788932278706, 'lag_3': 0.9468006477262896, 'lag_4': 0.8132656236132106, 'lag_5': 0.9412848209848501, 'lag_6': 0.1725808862186902, 'lag_7': 0.26393631449701394, 'lag_8': 0.30771035712057604, 'lag_9': 0.9341141165252678, 'lag_10': 0.44596252970338723, 'lag_11': 0.5012741835277733, 'lag_12': 0.8950265340235213, 'lag_13': 0.39844563665147403, 'lag_14': 0.3869788670155234, 'lag_15': 0.9302994156336236, 'lag_16': 0.4706473569732832, 'lag_17': 0.2693110552954791, 'lag_18': 0.03304381052885387, 'lag_19': 0.6450389184829756, 'lag_20': 0.11757588162294266, 'lag_21': 0.4671479115326902, 'lag_22': 0.43265587578126347, 'lag_23': 0.7134872145177811, 'lag_24': 0.8453972743697706, 'lag_25': 0.7257327812196924, 'lag_26': 0.43999250056645917, 'lag_27': 0.8336545634725884, 'lag_28': 0.3738163854136535}. Best is trial 10 with value: 0.006620503850142391.
[I 2025-09-29 11:59:28,359] Trial 78 finished with value: 0.007181320410665717 and parameters: {'lag_0': 0.8927111737264235, 'lag_1': 0.4699153018169521, 'lag_2': 0.907201032404322, 'lag_3': 0.9216735754258977, 'lag_4': 0.5777421932030671, 'lag_5': 0.9143453954194687, 'lag_6': 0.7698818469397143, 'lag_7': 0.4943258047949119, 'lag_8': 0.7017799061119108, 'lag_9': 0.9078229092117804, 'lag_10': 0.6003711494075488, 'lag_11': 0.37572717405967987, 'lag_12': 0.729141798668152, 'lag_13': 0.030472086595017347, 'lag_14': 0.5404192883358241, 'lag_15': 0.8706203845293016, 'lag_16': 0.624024518992088, 'lag_17': 0.13723426451865944, 'lag_18': 0.07628478742401168, 'lag_19': 0.7441941997531629, 'lag_20': 0.07938315835986146, 'lag_21': 0.10826073046269123, 'lag_22': 0.33408265096316325, 'lag_23': 0.34732339502500814, 'lag_24': 0.7103431280617787, 'lag_25': 0.6843896913802963, 'lag_26': 0.8935172813294023, 'lag_27': 0.9867781799319482, 'lag_28': 0.4367337007856955}. Best is trial 10 with value: 0.006620503850142391.
[I 2025-09-29 11:59:30,869] Trial 79 finished with value: 0.0071338698413542165 and parameters: {'lag_0': 0.9169321690288443, 'lag_1': 0.8516486315945662, 'lag_2': 0.8503094416629517, 'lag_3': 0.4605400904410317, 'lag_4': 0.6711604468486216, 'lag_5': 0.8364514534438721, 'lag_6': 0.32062468218274154, 'lag_7': 0.00814110063698581, 'lag_8': 0.2550058529631403, 'lag_9': 0.1945306547979177, 'lag_10': 0.5138447514876477, 'lag_11': 0.3088216976238779, 'lag_12': 0.6625766848108833, 'lag_13': 0.10708255721426707, 'lag_14': 0.4615862202312642, 'lag_15': 0.5885234209624942, 'lag_16': 0.4242865311631413, 'lag_17': 0.3111902705893135, 'lag_18': 0.22521653453280738, 'lag_19': 0.6670502263275193, 'lag_20': 0.055536129787466235, 'lag_21': 0.07052311946399137, 'lag_22': 0.37014759242676126, 'lag_23': 0.756476308569188, 'lag_24': 0.6100611346490861, 'lag_25': 0.17130095685530541, 'lag_26': 0.9436355908553155, 'lag_27': 0.8076047860889881, 'lag_28': 0.480045553488977}. Best is trial 10 with value: 0.006620503850142391.
[I 2025-09-29 11:59:33,553] Trial 80 finished with value: 0.007088600120258903 and parameters: {'lag_0': 0.8304520072868233, 'lag_1': 0.9743773237133942, 'lag_2': 0.7546793889817285, 'lag_3': 0.7040127015120797, 'lag_4': 0.750782237490406, 'lag_5': 0.7571993672611694, 'lag_6': 0.363376419782885, 'lag_7': 0.32415618982606154, 'lag_8': 0.8856615190860627, 'lag_9': 0.9686673598189978, 'lag_10': 0.7311322000773792, 'lag_11': 0.24413148224640274, 'lag_12': 0.9312826686708052, 'lag_13': 0.06281679245725487, 'lag_14': 0.21060686101790582, 'lag_15': 0.9737416333975613, 'lag_16': 0.8414884754759735, 'lag_17': 0.0785312184903066, 'lag_18': 0.6533113296423388, 'lag_19': 0.8518182920980755, 'lag_20': 0.2719652896799058, 'lag_21': 0.03770144485280131, 'lag_22': 0.1936582216964312, 'lag_23': 0.8848248298158404, 'lag_24': 0.4169777993144507, 'lag_25': 0.8183368513266802, 'lag_26': 0.8585304741534855, 'lag_27': 0.588577524791935, 'lag_28': 0.32069327136790304}. Best is trial 10 with value: 0.006620503850142391.
[I 2025-09-29 11:59:36,082] Trial 81 finished with value: 0.007107124983405826 and parameters: {'lag_0': 0.9417194372758715, 'lag_1': 0.6942951269194944, 'lag_2': 0.6303312155214778, 'lag_3': 0.9920621290566501, 'lag_4': 0.8608897104713158, 'lag_5': 0.9634547615618592, 'lag_6': 0.23574479358475392, 'lag_7': 0.4264236771852367, 'lag_8': 0.35038186504536395, 'lag_9': 0.7595766885214172, 'lag_10': 0.42480054021836855, 'lag_11': 0.5947104271545036, 'lag_12': 0.9727662703680791, 'lag_13': 0.020297954860539535, 'lag_14': 0.4275010726069245, 'lag_15': 0.8391324595281723, 'lag_16': 0.7883729585918519, 'lag_17': 0.17113752966800766, 'lag_18': 0.05679426503085876, 'lag_19': 0.6112909343497452, 'lag_20': 0.23260007991435447, 'lag_21': 0.398210667411324, 'lag_22': 0.3940827423966407, 'lag_23': 0.9401450696444772, 'lag_24': 0.9465687539795793, 'lag_25': 0.0021353266798508352, 'lag_26': 0.8102990541773001, 'lag_27': 0.8504098477606656, 'lag_28': 0.5994142572003417}. Best is trial 10 with value: 0.006620503850142391.
[I 2025-09-29 11:59:38,608] Trial 82 finished with value: 0.007087708442982103 and parameters: {'lag_0': 0.9725663581553803, 'lag_1': 0.5853927041097085, 'lag_2': 0.569633711590517, 'lag_3': 0.8120632488595868, 'lag_4': 0.5104312721861786, 'lag_5': 0.9994105809890551, 'lag_6': 0.15348457484523767, 'lag_7': 0.3651797285381809, 'lag_8': 0.20134958755884994, 'lag_9': 0.8088116648318286, 'lag_10': 0.5613155582823695, 'lag_11': 0.5243395926387757, 'lag_12': 0.9747526627776444, 'lag_13': 0.06084836111220231, 'lag_14': 0.3029808283155716, 'lag_15': 0.9291150431435419, 'lag_16': 0.7369974400286669, 'lag_17': 0.24216465237088408, 'lag_18': 0.34029164867548173, 'lag_19': 0.6751248376164316, 'lag_20': 0.32301605904816283, 'lag_21': 0.3299477596315795, 'lag_22': 0.3107726722271095, 'lag_23': 0.8971012752589673, 'lag_24': 0.218538048339932, 'lag_25': 0.06496734569336118, 'lag_26': 0.6942878911402299, 'lag_27': 0.760119654142552, 'lag_28': 0.6189223803304303}. Best is trial 10 with value: 0.006620503850142391.
[I 2025-09-29 11:59:41,130] Trial 83 finished with value: 0.006825281237465427 and parameters: {'lag_0': 0.8696204853352035, 'lag_1': 0.7461137207412493, 'lag_2': 0.8057986051649578, 'lag_3': 0.9057208269585951, 'lag_4': 0.5546701561648876, 'lag_5': 0.9404568283803807, 'lag_6': 0.02958142220408, 'lag_7': 0.3859120022680099, 'lag_8': 0.3876020890436276, 'lag_9': 0.8668179838056496, 'lag_10': 0.3677425442238192, 'lag_11': 0.4757275238762181, 'lag_12': 0.9090869694467381, 'lag_13': 0.593403148717363, 'lag_14': 0.3437362518889188, 'lag_15': 0.7488035321556676, 'lag_16': 0.31216897588006864, 'lag_17': 0.11663274612606792, 'lag_18': 0.14323209421254554, 'lag_19': 0.7859495094654925, 'lag_20': 0.4078790308989779, 'lag_21': 0.2752843579876755, 'lag_22': 0.966236245611197, 'lag_23': 0.8310843021799712, 'lag_24': 0.9930894352520003, 'lag_25': 0.13994320762216056, 'lag_26': 0.6180896763703089, 'lag_27': 0.6860806338436493, 'lag_28': 0.7794068558892354}. Best is trial 10 with value: 0.006620503850142391.
[I 2025-09-29 11:59:43,652] Trial 84 finished with value: 0.0071549638470097595 and parameters: {'lag_0': 0.86814137372168, 'lag_1': 0.7437234833526647, 'lag_2': 0.8463917844411609, 'lag_3': 0.9387511741059769, 'lag_4': 0.6025755219667072, 'lag_5': 0.890790726646317, 'lag_6': 0.01844812088116665, 'lag_7': 0.28503590507852405, 'lag_8': 0.39167167526613755, 'lag_9': 0.8506038036436108, 'lag_10': 0.06666321926328639, 'lag_11': 0.480648480227836, 'lag_12': 0.9098508366970646, 'lag_13': 0.7899698996463191, 'lag_14': 0.33837613438507813, 'lag_15': 0.7371713065523818, 'lag_16': 0.2774874975854476, 'lag_17': 0.10768572394075074, 'lag_18': 0.18038466955570415, 'lag_19': 0.7554137254796187, 'lag_20': 0.45091133042999554, 'lag_21': 0.21383791572581967, 'lag_22': 0.9521795548120706, 'lag_23': 0.6212270041692222, 'lag_24': 0.9861019355384932, 'lag_25': 0.12144168742426616, 'lag_26': 0.5905434295758419, 'lag_27': 0.7047597498895644, 'lag_28': 0.8230305615068572}. Best is trial 10 with value: 0.006620503850142391.
[I 2025-09-29 11:59:46,173] Trial 85 finished with value: 0.007217708441984601 and parameters: {'lag_0': 0.6796461235126883, 'lag_1': 0.7586603031070606, 'lag_2': 0.7939376398548235, 'lag_3': 0.9007200158302554, 'lag_4': 0.5696995712507098, 'lag_5': 0.9447943266403959, 'lag_6': 0.03514680218510044, 'lag_7': 0.4227099565353157, 'lag_8': 0.28422808323298304, 'lag_9': 0.014169391290459854, 'lag_10': 0.7876152773241074, 'lag_11': 0.44068687120556915, 'lag_12': 0.8578377743515354, 'lag_13': 0.6338653938447808, 'lag_14': 0.3681607160691668, 'lag_15': 0.6544998228715069, 'lag_16': 0.3262764855926682, 'lag_17': 0.014068307494529322, 'lag_18': 0.14205670377036217, 'lag_19': 0.7777930761333783, 'lag_20': 0.40515992731026923, 'lag_21': 0.29923893775749416, 'lag_22': 0.8185838223528601, 'lag_23': 0.8150573537599219, 'lag_24': 0.8649737074782434, 'lag_25': 0.1440875132363022, 'lag_26': 0.6220728246306516, 'lag_27': 0.6737354298885403, 'lag_28': 0.7815853091302498}. Best is trial 10 with value: 0.006620503850142391.
[I 2025-09-29 11:59:48,689] Trial 86 finished with value: 0.007013217650170244 and parameters: {'lag_0': 0.7706514764667792, 'lag_1': 0.8274714096585833, 'lag_2': 0.9918611884398645, 'lag_3': 0.9990122267743946, 'lag_4': 0.7218235006108594, 'lag_5': 0.805095641689867, 'lag_6': 0.10689825438285173, 'lag_7': 0.38921880535616904, 'lag_8': 0.5004826175747221, 'lag_9': 0.8823414037876948, 'lag_10': 0.5863309478013469, 'lag_11': 0.4251558938840386, 'lag_12': 0.7663955780646757, 'lag_13': 0.3360474986792783, 'lag_14': 0.49211715211145934, 'lag_15': 0.8978823259258004, 'lag_16': 0.3662309461954734, 'lag_17': 0.03290369942288063, 'lag_18': 0.37458605080882895, 'lag_19': 0.6377973638933736, 'lag_20': 0.3539245740450665, 'lag_21': 0.26143732734431063, 'lag_22': 0.17058409673572233, 'lag_23': 0.8347699741300667, 'lag_24': 0.9900438456050626, 'lag_25': 0.19644698352410456, 'lag_26': 0.5657648177449096, 'lag_27': 0.731148201602645, 'lag_28': 0.7236679918440394}. Best is trial 10 with value: 0.006620503850142391.
