[I 2025-09-29 13:21:26,348] Trial 82 finished with value: 0.0012065732948470939 and parameters: {'lag_0': 0.4025384699098209, 'lag_1': 0.1380716195336829, 'lag_2': 0.27837826693730094, 'lag_3': 0.9001139309963593, 'lag_4': 0.219808388331673, 'lag_5': 0.1011508942729936, 'lag_6': 0.3567080210859004, 'lag_7': 0.754392203723465, 'lag_8': 0.5943463169990056, 'lag_9': 0.0332406950017199, 'lag_10': 0.10267702006563549, 'lag_11': 0.08728956099694218, 'lag_12': 0.7015616303201272, 'lag_13': 0.6649374966064382, 'lag_14': 0.5516087466706263, 'lag_15': 0.6207322137590607, 'lag_16': 0.6223914958486454, 'lag_17': 0.2745153520221923, 'lag_18': 0.31586572991001305, 'lag_19': 0.12517375588979743, 'lag_20': 0.7215682399233508, 'lag_21': 0.6321058646768825, 'lag_22': 0.9666092278847348, 'lag_23': 0.757864854426227, 'lag_24': 0.7039514708282641, 'lag_25': 0.43414118869077506, 'lag_26': 0.4462822287110915, 'lag_27': 0.25493551641203294, 'lag_28': 0.6122885294765585}. Best is trial 82 with value: 0.0012065732948470939.
[I 2025-09-29 13:21:28,796] Trial 83 finished with value: 0.0015422777451019668 and parameters: {'lag_0': 0.40251437675766477, 'lag_1': 0.13694509741313715, 'lag_2': 0.2836061307019216, 'lag_3': 0.8938765951701422, 'lag_4': 0.11045414999227977, 'lag_5': 0.042940893941441544, 'lag_6': 0.3956419147132914, 'lag_7': 0.8964910016586756, 'lag_8': 0.5786232327242171, 'lag_9': 0.12407428427315896, 'lag_10': 0.11292266290573327, 'lag_11': 0.08169907667677258, 'lag_12': 0.8320395283569957, 'lag_13': 0.6639176510774519, 'lag_14': 0.5497195746760251, 'lag_15': 0.6957658637295475, 'lag_16': 0.5984344768353449, 'lag_17': 0.26006219075265374, 'lag_18': 0.41349401079799525, 'lag_19': 0.3048067476671998, 'lag_20': 0.7369711454914032, 'lag_21': 0.6452412593140331, 'lag_22': 0.8627512245556763, 'lag_23': 0.7452960667973648, 'lag_24': 0.7615265242899387, 'lag_25': 0.4454744143048334, 'lag_26': 0.43405707373997, 'lag_27': 0.24066796469865645, 'lag_28': 0.6379084805787459}. Best is trial 82 with value: 0.0012065732948470939.
[I 2025-09-29 13:21:31,367] Trial 84 finished with value: 0.0018828375294747748 and parameters: {'lag_0': 0.38410100686912185, 'lag_1': 0.08497511162156755, 'lag_2': 0.24611255728892156, 'lag_3': 0.8306759385684623, 'lag_4': 0.05999168294428206, 'lag_5': 0.10940974597431948, 'lag_6': 0.5678992733116237, 'lag_7': 0.7739803241502824, 'lag_8': 0.658025760618763, 'lag_9': 0.033258606643227634, 'lag_10': 0.05470605235083183, 'lag_11': 0.1298822954304207, 'lag_12': 0.7669817186558072, 'lag_13': 0.7645646670438423, 'lag_14': 0.5993124693581653, 'lag_15': 0.6407880701315638, 'lag_16': 0.6392065289581699, 'lag_17': 0.21595029383296876, 'lag_18': 0.3306489629593762, 'lag_19': 0.11774561013483395, 'lag_20': 0.7079994512175567, 'lag_21': 0.6122256517404274, 'lag_22': 0.9987786995491075, 'lag_23': 0.7917396161959674, 'lag_24': 0.6924410074482777, 'lag_25': 0.5478512018756235, 'lag_26': 0.37038720106501033, 'lag_27': 0.2111167793204735, 'lag_28': 0.5022772861645528}. Best is trial 82 with value: 0.0012065732948470939.
[I 2025-09-29 13:21:33,835] Trial 85 finished with value: 0.0018190595568474172 and parameters: {'lag_0': 0.4595736774351625, 'lag_1': 0.016622583248067063, 'lag_2': 0.22091548373513364, 'lag_3': 0.9793944463866563, 'lag_4': 0.21924910854721824, 'lag_5': 0.09020697887575108, 'lag_6': 0.5181369877331613, 'lag_7': 0.7506310042806582, 'lag_8': 0.7210926352738601, 'lag_9': 0.08623815374140015, 'lag_10': 0.09667313307083722, 'lag_11': 0.29807866394546645, 'lag_12': 0.7032449202741464, 'lag_13': 0.6826129905595254, 'lag_14': 0.9486467581283042, 'lag_15': 0.6128281801955793, 'lag_16': 0.7361290785293229, 'lag_17': 0.17409417814531797, 'lag_18': 0.38120706221014466, 'lag_19': 0.4653666850809295, 'lag_20': 0.6473157032310566, 'lag_21': 0.5357776293833906, 'lag_22': 0.9339834835512403, 'lag_23': 0.6942167285895413, 'lag_24': 0.8374969231839196, 'lag_25': 0.510463946450226, 'lag_26': 0.5972006419345346, 'lag_27': 0.14793754460761802, 'lag_28': 0.5824115752589255}. Best is trial 82 with value: 0.0012065732948470939.
[I 2025-09-29 13:21:36,293] Trial 86 finished with value: 0.001528194646282616 and parameters: {'lag_0': 0.3429690792597426, 'lag_1': 0.10632295177572226, 'lag_2': 0.2716251550879201, 'lag_3': 0.9333696916420339, 'lag_4': 0.18440719734998415, 'lag_5': 0.28213549138057215, 'lag_6': 0.9901324937155496, 'lag_7': 0.6745439803934152, 'lag_8': 0.5436861368713892, 'lag_9': 0.0074368787814851935, 'lag_10': 0.143061238987896, 'lag_11': 0.17374374099145956, 'lag_12': 0.7826934747438367, 'lag_13': 0.6433738999828335, 'lag_14': 0.5124506194767651, 'lag_15': 0.5717797379326922, 'lag_16': 0.6023004207934529, 'lag_17': 0.3110708345482077, 'lag_18': 0.3776634632752943, 'lag_19': 0.24606644632272262, 'lag_20': 0.6099422645846252, 'lag_21': 0.4903521621407629, 'lag_22': 0.818746444014083, 'lag_23': 0.8446076629789492, 'lag_24': 0.7254358096743027, 'lag_25': 0.8742285207992283, 'lag_26': 0.5576478753380342, 'lag_27': 0.2860709721723294, 'lag_28': 0.6127425051496658}. Best is trial 82 with value: 0.0012065732948470939.
[I 2025-09-29 13:21:38,745] Trial 87 finished with value: 0.0013383464854506255 and parameters: {'lag_0': 0.43627929094783136, 'lag_1': 0.16644914042572745, 'lag_2': 0.34015896915664595, 'lag_3': 0.9059194267696287, 'lag_4': 0.12525226772080206, 'lag_5': 0.16753602145642615, 'lag_6': 0.45911944659544107, 'lag_7': 0.7166625822255226, 'lag_8': 0.6098070174405108, 'lag_9': 0.06553399963455235, 'lag_10': 0.5626407952422323, 'lag_11': 0.2342648279858456, 'lag_12': 0.9052579562395189, 'lag_13': 0.733309166603267, 'lag_14': 0.5680927492332782, 'lag_15': 0.4644535173909126, 'lag_16': 0.6947669597810612, 'lag_17': 0.14474896241300955, 'lag_18': 0.13265390553543674, 'lag_19': 0.34488595040403147, 'lag_20': 0.5577185392754649, 'lag_21': 0.5928109736910137, 'lag_22': 0.9042681783120811, 'lag_23': 0.5667182514741873, 'lag_24': 0.637659773731243, 'lag_25': 0.4243682547403355, 'lag_26': 0.516582737018767, 'lag_27': 0.9675484116193828, 'lag_28': 0.6647465645913551}. Best is trial 82 with value: 0.0012065732948470939.
[I 2025-09-29 13:21:41,195] Trial 88 finished with value: 0.0015352574722649456 and parameters: {'lag_0': 0.4238101336340692, 'lag_1': 0.19259941264711058, 'lag_2': 0.34414099141716203, 'lag_3': 0.8432977623847981, 'lag_4': 0.018183716871000177, 'lag_5': 0.17086506425326553, 'lag_6': 0.42018884147006685, 'lag_7': 0.8075286477941176, 'lag_8': 0.6096936082004404, 'lag_9': 0.047151052396873915, 'lag_10': 0.5725690605576695, 'lag_11': 0.23645630286261182, 'lag_12': 0.9142824193514166, 'lag_13': 0.7003602344184374, 'lag_14': 0.5802300125201286, 'lag_15': 0.4821157984806707, 'lag_16': 0.7771341650218615, 'lag_17': 0.0800406597999625, 'lag_18': 0.14284922066273542, 'lag_19': 0.7943516933704124, 'lag_20': 0.5444669213545082, 'lag_21': 0.7014102760176883, 'lag_22': 0.9186229359831183, 'lag_23': 0.524407593371286, 'lag_24': 0.6548792962703744, 'lag_25': 0.41584855432479406, 'lag_26': 0.455092862384752, 'lag_27': 0.18336193423987102, 'lag_28': 0.5516597556723826}. Best is trial 82 with value: 0.0012065732948470939.
[I 2025-09-29 13:21:43,646] Trial 89 finished with value: 0.0016926005482058577 and parameters: {'lag_0': 0.49386815573940246, 'lag_1': 0.028621085161343193, 'lag_2': 0.4041898651847771, 'lag_3': 0.9107585487792232, 'lag_4': 0.3406794240699608, 'lag_5': 0.08237508044009181, 'lag_6': 0.4688685017714933, 'lag_7': 0.7213039990400439, 'lag_8': 0.6931487305473492, 'lag_9': 0.08983998619609612, 'lag_10': 0.5121506245626164, 'lag_11': 0.0977727606455405, 'lag_12': 0.9562944711847248, 'lag_13': 0.7388806652828599, 'lag_14': 0.6208899274945179, 'lag_15': 0.38685211338529946, 'lag_16': 0.7053837123777588, 'lag_17': 0.3770073083162193, 'lag_18': 0.08100266743180207, 'lag_19': 0.3509569525563069, 'lag_20': 0.7003948388389895, 'lag_21': 0.6660759240123124, 'lag_22': 0.7577470287199136, 'lag_23': 0.5685629582310334, 'lag_24': 0.7095319473222849, 'lag_25': 0.368035476006745, 'lag_26': 0.5185762764624675, 'lag_27': 0.2565088452935909, 'lag_28': 0.6513990161351777}. Best is trial 82 with value: 0.0012065732948470939.
[I 2025-09-29 13:21:46,110] Trial 90 finished with value: 0.0014707285360652277 and parameters: {'lag_0': 0.394033403865232, 'lag_1': 0.16927059815280182, 'lag_2': 0.3159825074217442, 'lag_3': 0.8711563484696405, 'lag_4': 0.1489124934431171, 'lag_5': 0.1426292836237397, 'lag_6': 0.5269816707997794, 'lag_7': 0.6335898741849829, 'lag_8': 0.6386675150492375, 'lag_9': 0.028487986727083487, 'lag_10': 0.16929715921111355, 'lag_11': 0.2115997103069387, 'lag_12': 0.8579569412516016, 'lag_13': 0.7976821320207722, 'lag_14': 0.5499493466724001, 'lag_15': 0.44462090299790846, 'lag_16': 0.6830314744089293, 'lag_17': 0.14473964807632814, 'lag_18': 0.48110648315933535, 'lag_19': 0.2849974183351603, 'lag_20': 0.7747145810285785, 'lag_21': 0.5906970411812499, 'lag_22': 0.8466404959941758, 'lag_23': 0.7693659590775457, 'lag_24': 0.6425923015853641, 'lag_25': 0.26410538091712016, 'lag_26': 0.4973899585906785, 'lag_27': 0.9668160105536068, 'lag_28': 0.6842742031182977}. Best is trial 82 with value: 0.0012065732948470939.
[I 2025-09-29 13:21:48,565] Trial 91 finished with value: 0.0015783416130137552 and parameters: {'lag_0': 0.44842357128801225, 'lag_1': 0.13722428605926204, 'lag_2': 0.199273642218732, 'lag_3': 0.95041874285279, 'lag_4': 0.13841256984455663, 'lag_5': 0.19213778109750607, 'lag_6': 0.2751377682238837, 'lag_7': 0.6541533701875065, 'lag_8': 0.6068448530950722, 'lag_9': 0.14600385728659093, 'lag_10': 0.6125200615158177, 'lag_11': 0.18526945693300484, 'lag_12': 0.9219435341601604, 'lag_13': 0.5884255508489974, 'lag_14': 0.6644963421308373, 'lag_15': 0.5265740258405454, 'lag_16': 0.5703396905703026, 'lag_17': 0.23444319758098706, 'lag_18': 0.2963675874028713, 'lag_19': 0.3242635566922195, 'lag_20': 0.6327684682245119, 'lag_21': 0.35139519172701855, 'lag_22': 0.9022065921291652, 'lag_23': 0.6154321810229447, 'lag_24': 0.6032261832974696, 'lag_25': 0.3096969094377938, 'lag_26': 0.39260468928139497, 'lag_27': 0.9640603815792679, 'lag_28': 0.6224381686997335}. Best is trial 82 with value: 0.0012065732948470939.
[I 2025-09-29 13:21:51,015] Trial 92 finished with value: 0.0019614049347837724 and parameters: {'lag_0': 0.3541797172640776, 'lag_1': 0.07090952592013242, 'lag_2': 0.2901328218754301, 'lag_3': 0.8088521639975477, 'lag_4': 0.08736737205765441, 'lag_5': 0.24271312814882495, 'lag_6': 0.6099981398869676, 'lag_7': 0.559458825341154, 'lag_8': 0.09551636618987214, 'lag_9': 0.04922870156877601, 'lag_10': 0.6584359190903287, 'lag_11': 0.13636599666984317, 'lag_12': 0.6103654657185871, 'lag_13': 0.8593153537893764, 'lag_14': 0.5161578265870679, 'lag_15': 0.5898319409731696, 'lag_16': 0.6756245453396627, 'lag_17': 0.29605905246368586, 'lag_18': 0.23947324200744316, 'lag_19': 0.39439155230569684, 'lag_20': 0.5174539879387867, 'lag_21': 0.62951680615549, 'lag_22': 0.9662476611944655, 'lag_23': 0.7219245864329751, 'lag_24': 0.7714222774942578, 'lag_25': 0.45969916490587154, 'lag_26': 0.8217815035506773, 'lag_27': 0.48581879680015394, 'lag_28': 0.5329730514537271}. Best is trial 82 with value: 0.0012065732948470939.
[I 2025-09-29 13:21:53,466] Trial 93 finished with value: 0.0015826769663523984 and parameters: {'lag_0': 0.30158971790762434, 'lag_1': 0.10830670482761288, 'lag_2': 0.3514594311905279, 'lag_3': 0.9236510230365308, 'lag_4': 0.20467991300891233, 'lag_5': 0.11774697316227181, 'lag_6': 0.37405576512905947, 'lag_7': 0.8819497155253224, 'lag_8': 0.13984745525490258, 'lag_9': 0.1851231539460675, 'lag_10': 0.48032930936818496, 'lag_11': 0.5218334010645236, 'lag_12': 0.8860947904239733, 'lag_13': 0.6313461916654041, 'lag_14': 0.4767408212984191, 'lag_15': 0.6665291001241447, 'lag_16': 0.5762818505392951, 'lag_17': 0.18844345792225556, 'lag_18': 0.3171747369930418, 'lag_19': 0.43231187779917213, 'lag_20': 0.5656097762722346, 'lag_21': 0.5621818461458261, 'lag_22': 0.9428232807599779, 'lag_23': 0.9493008587182519, 'lag_24': 0.6716823126480049, 'lag_25': 0.43088659664004236, 'lag_26': 0.7020069985180488, 'lag_27': 0.003257115790549478, 'lag_28': 0.5713074441535511}. Best is trial 82 with value: 0.0012065732948470939.
[I 2025-09-29 13:21:55,923] Trial 94 finished with value: 0.001896579768798937 and parameters: {'lag_0': 0.48043108520189076, 'lag_1': 0.16118252594660637, 'lag_2': 0.1501595601981321, 'lag_3': 0.7645758884150893, 'lag_4': 0.11377562026433403, 'lag_5': 0.16504019385408109, 'lag_6': 0.45105768450849504, 'lag_7': 0.7561347943691018, 'lag_8': 0.6823970063576016, 'lag_9': 0.12089086328159597, 'lag_10': 0.13838053543786905, 'lag_11': 0.0627413936765491, 'lag_12': 0.8063657026381583, 'lag_13': 0.7157370624860333, 'lag_14': 0.5840042342730193, 'lag_15': 0.6299092625538893, 'lag_16': 0.6355145157347282, 'lag_17': 0.32998303799214307, 'lag_18': 0.03836124746765547, 'lag_19': 0.9766307463543382, 'lag_20': 0.68346011140831, 'lag_21': 0.7258339587354198, 'lag_22': 0.8770285066018665, 'lag_23': 0.6611532133063616, 'lag_24': 0.7471364826388133, 'lag_25': 0.4964557867797774, 'lag_26': 0.42331650623790745, 'lag_27': 0.7306528939234755, 'lag_28': 0.5915893517172215}. Best is trial 82 with value: 0.0012065732948470939.
[I 2025-09-29 13:21:58,385] Trial 95 finished with value: 0.0014373450855258668 and parameters: {'lag_0': 0.5658841011085813, 'lag_1': 0.6144508483348823, 'lag_2': 0.37880940327058643, 'lag_3': 0.8854342821990755, 'lag_4': 0.16636357819824416, 'lag_5': 0.32111348765696573, 'lag_6': 0.4948034110154266, 'lag_7': 0.5908162517677384, 'lag_8': 0.5859862709859243, 'lag_9': 0.10030985101394974, 'lag_10': 0.545857241411031, 'lag_11': 0.2299787376259575, 'lag_12': 0.03427938715085464, 'lag_13': 0.6066755687411861, 'lag_14': 0.6967640616828543, 'lag_15': 0.4664399449504714, 'lag_16': 0.610614791518779, 'lag_17': 0.26241996810893403, 'lag_18': 0.3617506671215318, 'lag_19': 0.37381675694505767, 'lag_20': 0.5894708038763449, 'lag_21': 0.23327118644735081, 'lag_22': 0.43685985044237785, 'lag_23': 0.48629677569150886, 'lag_24': 0.6879792509746457, 'lag_25': 0.2201839946820192, 'lag_26': 0.32098187011515655, 'lag_27': 0.9217860587330181, 'lag_28': 0.7634136589409124}. Best is trial 82 with value: 0.0012065732948470939.
[I 2025-09-29 13:22:00,841] Trial 96 finished with value: 0.0015905825148814251 and parameters: {'lag_0': 0.435408339121616, 'lag_1': 0.28857332193101526, 'lag_2': 0.2485179733924719, 'lag_3': 0.85287106186668, 'lag_4': 0.4823953091734861, 'lag_5': 0.05928141433883166, 'lag_6': 0.20224462889695083, 'lag_7': 0.7126342404401094, 'lag_8': 0.5200418465904306, 'lag_9': 0.5496251611618204, 'lag_10': 0.5573195710986005, 'lag_11': 0.4685737859083655, 'lag_12': 0.28694687351866516, 'lag_13': 0.6602325611951412, 'lag_14': 0.8789314085113719, 'lag_15': 0.736790886789112, 'lag_16': 0.6622287325810007, 'lag_17': 0.3580098630088594, 'lag_18': 0.28713845417743933, 'lag_19': 0.3325343969208421, 'lag_20': 0.6490608885584239, 'lag_21': 0.5117133106522235, 'lag_22': 0.5939726809348368, 'lag_23': 0.02172910535271394, 'lag_24': 0.791813503072212, 'lag_25': 0.5818689831711624, 'lag_26': 0.4537586899277548, 'lag_27': 0.0780108599039736, 'lag_28': 0.6632059918539315}. Best is trial 82 with value: 0.0012065732948470939.
[I 2025-09-29 13:22:03,404] Trial 97 finished with value: 0.0016882997876411583 and parameters: {'lag_0': 0.3673768079747032, 'lag_1': 0.6717249625171474, 'lag_2': 0.4299560465593613, 'lag_3': 0.9997562402675324, 'lag_4': 0.22711849478473137, 'lag_5': 0.35959647319275306, 'lag_6': 0.24738739647661065, 'lag_7': 0.6700519976105944, 'lag_8': 0.5434827311521798, 'lag_9': 0.07264977991461219, 'lag_10': 0.2402967192849633, 'lag_11': 0.3872589924489813, 'lag_12': 0.700465704887548, 'lag_13': 0.5406098159400702, 'lag_14': 0.7345892516052468, 'lag_15': 0.7658679465162601, 'lag_16': 0.4687670408760928, 'lag_17': 0.13427530884304917, 'lag_18': 0.12285901692939563, 'lag_19': 0.19594151817268451, 'lag_20': 0.7368503596334086, 'lag_21': 0.6027656563360274, 'lag_22': 0.36437718659519686, 'lag_23': 0.576988354888126, 'lag_24': 0.46786378669585615, 'lag_25': 0.9712700133962927, 'lag_26': 0.6367454072402868, 'lag_27': 0.3204138812280647, 'lag_28': 0.3792936541926326}. Best is trial 82 with value: 0.0012065732948470939.
[I 2025-09-29 13:22:05,876] Trial 98 finished with value: 0.0015812437181631528 and parameters: {'lag_0': 0.5306614614647764, 'lag_1': 0.5239618746614368, 'lag_2': 0.2131094079415491, 'lag_3': 0.9014793478144945, 'lag_4': 0.8521473999689618, 'lag_5': 0.4783392358085519, 'lag_6': 0.35772040926807, 'lag_7': 0.8030022227676288, 'lag_8': 0.46798306806237244, 'lag_9': 0.6227036279650787, 'lag_10': 0.0010298452235310146, 'lag_11': 0.6989909964699079, 'lag_12': 0.7328500969701874, 'lag_13': 0.6836861431601283, 'lag_14': 0.559857026091604, 'lag_15': 0.546117309685586, 'lag_16': 0.3043219803636017, 'lag_17': 0.10372158712361665, 'lag_18': 0.43060286211993865, 'lag_19': 0.248471775242271, 'lag_20': 0.5536825544971328, 'lag_21': 0.6547885439597586, 'lag_22': 0.9689250393091021, 'lag_23': 0.9100028437365116, 'lag_24': 0.27238266667193417, 'lag_25': 0.5347258439326117, 'lag_26': 0.48549319773679406, 'lag_27': 0.4427287471572897, 'lag_28': 0.4562382035302325}. Best is trial 82 with value: 0.0012065732948470939.
[I 2025-09-29 13:22:08,356] Trial 99 finished with value: 0.0014964498587949585 and parameters: {'lag_0': 0.4098495543839853, 'lag_1': 0.19230062413055277, 'lag_2': 0.31177463042037407, 'lag_3': 0.7935274731786132, 'lag_4': 0.06614193468148435, 'lag_5': 0.20086525973632852, 'lag_6': 0.31098027320825444, 'lag_7': 0.8406256620336712, 'lag_8': 0.6463247136905098, 'lag_9': 0.2488636695551963, 'lag_10': 0.874230380193466, 'lag_11': 0.3012628160887938, 'lag_12': 0.1937942693449622, 'lag_13': 0.4492817616916615, 'lag_14': 0.43359061469963767, 'lag_15': 0.7891988300086564, 'lag_16': 0.506850136011157, 'lag_17': 0.5047030658675611, 'lag_18': 0.19482047151738896, 'lag_19': 0.22784991783487116, 'lag_20': 0.9937749972766275, 'lag_21': 0.7531794243560804, 'lag_22': 0.5197194531488825, 'lag_23': 0.7967170122507634, 'lag_24': 0.6032605638176955, 'lag_25': 0.5671278163033544, 'lag_26': 0.5731862777358467, 'lag_27': 0.8354286921881099, 'lag_28': 0.49610819369011916}. Best is trial 82 with value: 0.0012065732948470939.
[I 2025-09-29 13:22:08,430] A new study created in memory with name: no-name-f59d41ba-9869-458f-9f1f-39eb2565f5b2
[I 2025-09-29 13:22:10,830] Trial 0 finished with value: 0.003459090238458493 and parameters: {'lag_0': 0.5675905158053108, 'lag_1': 0.008378823711887227, 'lag_2': 0.7298987288722018, 'lag_3': 0.04506761461704359, 'lag_4': 0.8031343013360505, 'lag_5': 0.992731689317757, 'lag_6': 0.8251587958940462, 'lag_7': 0.8327156671546081, 'lag_8': 0.9376103514966149, 'lag_9': 0.5406675415472003, 'lag_10': 0.7037120743577739, 'lag_11': 0.0368270489548184, 'lag_12': 0.717925098979092, 'lag_13': 0.20962288403218943, 'lag_14': 0.5591664514266429, 'lag_15': 0.11919255912400946, 'lag_16': 0.8231979161186015, 'lag_17': 0.11937560756675349, 'lag_18': 0.7646096884340202, 'lag_19': 0.2802633618748257, 'lag_20': 0.30769389903355426, 'lag_21': 0.30650118867604786, 'lag_22': 0.6793202180686503, 'lag_23': 0.15223802236918937, 'lag_24': 0.08046136970849559, 'lag_25': 0.07918150238960912, 'lag_26': 0.5300147668548862, 'lag_27': 0.3965219507118942, 'lag_28': 0.48872799486942425}. Best is trial 0 with value: 0.003459090238458493.
[I 2025-09-29 13:22:13,228] Trial 1 finished with value: 0.003650102270464628 and parameters: {'lag_0': 0.6471170503749553, 'lag_1': 0.7909381272107393, 'lag_2': 0.2315260293056257, 'lag_3': 0.5317488427805331, 'lag_4': 0.2369582234753179, 'lag_5': 0.9993718957468768, 'lag_6': 0.6193620373048255, 'lag_7': 0.9562914140012705, 'lag_8': 0.5135570625339126, 'lag_9': 0.2698704242654389, 'lag_10': 0.1298786841704722, 'lag_11': 0.2882113899540546, 'lag_12': 0.8428127869943631, 'lag_13': 0.9009727788673239, 'lag_14': 0.7449725922306818, 'lag_15': 0.8451929642136515, 'lag_16': 0.2587061377785398, 'lag_17': 0.39415724218195564, 'lag_18': 0.8316958573038972, 'lag_19': 0.2849226943222412, 'lag_20': 0.7408685297281802, 'lag_21': 0.7770774236350759, 'lag_22': 0.8385140644073544, 'lag_23': 0.7923318954363973, 'lag_24': 0.3716181379786606, 'lag_25': 0.436364771528256, 'lag_26': 0.2383203186987716, 'lag_27': 0.8160889530224203, 'lag_28': 0.4084166402782151}. Best is trial 0 with value: 0.003459090238458493.
[I 2025-09-29 13:22:15,640] Trial 2 finished with value: 0.003937069106075047 and parameters: {'lag_0': 0.5078586527443382, 'lag_1': 0.7802374359148306, 'lag_2': 0.6325473774102328, 'lag_3': 0.21720318815495632, 'lag_4': 0.026514188669284313, 'lag_5': 0.8538843142967335, 'lag_6': 0.44594919811828493, 'lag_7': 0.8961381588556009, 'lag_8': 0.8348352083521349, 'lag_9': 0.08224837017160354, 'lag_10': 0.41960299800955225, 'lag_11': 0.5295931820622339, 'lag_12': 0.13468520829660424, 'lag_13': 0.9276044986072366, 'lag_14': 0.15855770773252673, 'lag_15': 0.4391248882282341, 'lag_16': 0.5940885130834103, 'lag_17': 0.471953720240924, 'lag_18': 0.1481168017656718, 'lag_19': 0.19326435856891075, 'lag_20': 0.07831233221128733, 'lag_21': 0.20073897798135165, 'lag_22': 0.7574446770024377, 'lag_23': 0.8483508857010402, 'lag_24': 0.7810731936622395, 'lag_25': 0.13628938613692276, 'lag_26': 0.5953867731426008, 'lag_27': 0.6983587588142839, 'lag_28': 0.6095816286952179}. Best is trial 0 with value: 0.003459090238458493.
