[I 2025-09-29 12:51:00,125] Trial 19 finished with value: 0.0046971675357447215 and parameters: {'lag_0': 0.39773920353503955, 'lag_1': 0.13853742094074883, 'lag_2': 0.8119394412567955, 'lag_3': 0.9925772592531681, 'lag_4': 0.43032760222504496, 'lag_5': 0.8927797228955571, 'lag_6': 0.3563498615487329, 'lag_7': 0.2599330598889391, 'lag_8': 0.36422898919297086, 'lag_9': 0.5583703854855158, 'lag_10': 0.7305139513291556, 'lag_11': 0.41956338001502386, 'lag_12': 0.3460789896121418, 'lag_13': 0.25358558656621094, 'lag_14': 0.8692071787023534, 'lag_15': 0.991243820583394, 'lag_16': 0.7412405228787526, 'lag_17': 0.5677483196278266, 'lag_18': 0.2169362973608016, 'lag_19': 0.347108092278797, 'lag_20': 0.6524651436792119, 'lag_21': 0.5739015830837118, 'lag_22': 0.12920067203685004, 'lag_23': 0.7921618363951792, 'lag_24': 0.631527388792295, 'lag_25': 0.5105521621221197, 'lag_26': 0.9128964456778917, 'lag_27': 0.3446836761505635, 'lag_28': 0.7926171974159305}. Best is trial 12 with value: 0.0034459599961916875.
[I 2025-09-29 12:51:02,615] Trial 20 finished with value: 0.0047151001774486416 and parameters: {'lag_0': 0.5811666098514837, 'lag_1': 0.3448594835695493, 'lag_2': 0.5164377281443824, 'lag_3': 0.6043113313221459, 'lag_4': 0.1773527349884153, 'lag_5': 0.5609448489147474, 'lag_6': 0.5269883227507882, 'lag_7': 0.8281469643578909, 'lag_8': 0.14264325451805032, 'lag_9': 0.37195487229703517, 'lag_10': 0.874362464445596, 'lag_11': 0.26237910883323756, 'lag_12': 0.014625703475323104, 'lag_13': 0.07273276233567601, 'lag_14': 0.45461437142810845, 'lag_15': 0.33916550509513854, 'lag_16': 0.07494248621606424, 'lag_17': 0.26754785141105575, 'lag_18': 0.5351942489282719, 'lag_19': 0.06664876054576147, 'lag_20': 0.4690795535251806, 'lag_21': 0.03842121651677388, 'lag_22': 0.2577056877278039, 'lag_23': 0.011432179715838209, 'lag_24': 0.4589702791538306, 'lag_25': 0.1103362738897598, 'lag_26': 0.2568183014118337, 'lag_27': 0.6294466494706485, 'lag_28': 0.34069001897904594}. Best is trial 12 with value: 0.0034459599961916875.
[I 2025-09-29 12:51:05,110] Trial 21 finished with value: 0.004308198135516546 and parameters: {'lag_0': 0.7762265630111089, 'lag_1': 0.07945863786688839, 'lag_2': 0.9724910211409579, 'lag_3': 0.26466915699469185, 'lag_4': 0.38616998415610665, 'lag_5': 0.6981721680033515, 'lag_6': 0.5945015451930373, 'lag_7': 0.5012636032493946, 'lag_8': 0.9972279194772524, 'lag_9': 0.7594730103925488, 'lag_10': 0.6073749512300565, 'lag_11': 0.7898134026643704, 'lag_12': 0.9883761878711947, 'lag_13': 0.6433373255705845, 'lag_14': 0.5668673854377788, 'lag_15': 0.6939313870341307, 'lag_16': 0.4923948630419173, 'lag_17': 0.12167780240175152, 'lag_18': 0.0753756864107098, 'lag_19': 0.3505702317507235, 'lag_20': 0.4136371030097475, 'lag_21': 0.8390020026250153, 'lag_22': 0.12492691554179366, 'lag_23': 0.007845331033490749, 'lag_24': 0.38480973872907237, 'lag_25': 0.23772650994880024, 'lag_26': 0.0430559816907648, 'lag_27': 0.3489811033650044, 'lag_28': 0.8935743189965445}. Best is trial 12 with value: 0.0034459599961916875.
[I 2025-09-29 12:51:07,609] Trial 22 finished with value: 0.0039972274714863126 and parameters: {'lag_0': 0.7214128128503597, 'lag_1': 0.011099329800378754, 'lag_2': 0.9985426196803815, 'lag_3': 0.44058272346387317, 'lag_4': 0.2839658476125954, 'lag_5': 0.736136118195012, 'lag_6': 0.3029146955524228, 'lag_7': 0.44802447556743474, 'lag_8': 0.8926122711757668, 'lag_9': 0.7160585264761573, 'lag_10': 0.6272775513216142, 'lag_11': 0.14226405155115635, 'lag_12': 0.8467128313514065, 'lag_13': 0.7651917620226208, 'lag_14': 0.623727216911561, 'lag_15': 0.7036945965562574, 'lag_16': 0.6239463693011846, 'lag_17': 0.11282524393861562, 'lag_18': 0.17328896362790652, 'lag_19': 0.2700803654219318, 'lag_20': 0.34565143722579955, 'lag_21': 0.621737939866654, 'lag_22': 0.23417210788845655, 'lag_23': 0.12904510901745453, 'lag_24': 0.228453779313152, 'lag_25': 0.23733514874372355, 'lag_26': 0.10203920407045947, 'lag_27': 0.4072358991973743, 'lag_28': 0.859006050142205}. Best is trial 12 with value: 0.0034459599961916875.
[I 2025-09-29 12:51:10,096] Trial 23 finished with value: 0.004460598525470109 and parameters: {'lag_0': 0.9214399828591935, 'lag_1': 0.2048565118398548, 'lag_2': 0.8843860512611825, 'lag_3': 0.016563203709218016, 'lag_4': 0.48711291152427527, 'lag_5': 0.8747847962305354, 'lag_6': 0.1326135581072015, 'lag_7': 0.00759895384335374, 'lag_8': 0.762456752297155, 'lag_9': 0.8636506324104002, 'lag_10': 0.4957137176373583, 'lag_11': 0.5573072279410367, 'lag_12': 0.7276570106709279, 'lag_13': 0.618705059363492, 'lag_14': 0.2820327376338476, 'lag_15': 0.8836204613762283, 'lag_16': 0.7466677389979046, 'lag_17': 0.1447235517224888, 'lag_18': 0.9957294288498898, 'lag_19': 0.11509922008856532, 'lag_20': 0.49656893498529336, 'lag_21': 0.3113680081846425, 'lag_22': 0.35534788877740114, 'lag_23': 0.31598629507794684, 'lag_24': 0.4406858215245809, 'lag_25': 0.3424652691133995, 'lag_26': 0.11629940992489735, 'lag_27': 0.19289753833559978, 'lag_28': 0.5764189494291353}. Best is trial 12 with value: 0.0034459599961916875.
[I 2025-09-29 12:51:12,603] Trial 24 finished with value: 0.004132956348609982 and parameters: {'lag_0': 0.5406406358123668, 'lag_1': 0.07809860783492723, 'lag_2': 0.7617049103351239, 'lag_3': 0.6519425315109351, 'lag_4': 0.6975131630785464, 'lag_5': 0.6472016600200851, 'lag_6': 0.41314443395773026, 'lag_7': 0.5348166122196982, 'lag_8': 0.9649837002704025, 'lag_9': 0.9235015442004249, 'lag_10': 0.6937035906748162, 'lag_11': 0.28905188082055, 'lag_12': 0.6321975891270774, 'lag_13': 0.21190460476256584, 'lag_14': 0.6014617895715535, 'lag_15': 0.7481856476507251, 'lag_16': 0.4358294604563865, 'lag_17': 0.004637514695119465, 'lag_18': 0.010176219734693015, 'lag_19': 0.5106390849397815, 'lag_20': 0.1518579711109781, 'lag_21': 0.734300262871784, 'lag_22': 0.08238838970651423, 'lag_23': 0.07170078303103937, 'lag_24': 0.5765111965876278, 'lag_25': 0.0020695846101004833, 'lag_26': 0.4319780404786071, 'lag_27': 0.31700335818100056, 'lag_28': 0.685920186997139}. Best is trial 12 with value: 0.0034459599961916875.
[I 2025-09-29 12:51:15,093] Trial 25 finished with value: 0.004453825096330248 and parameters: {'lag_0': 0.8148809203825356, 'lag_1': 0.11775363394099495, 'lag_2': 0.5817848932681428, 'lag_3': 0.48871332661948846, 'lag_4': 0.10853922104737124, 'lag_5': 0.8070476146026758, 'lag_6': 0.423115569172687, 'lag_7': 0.39928399863202313, 'lag_8': 0.5169488263394416, 'lag_9': 0.7958845595600996, 'lag_10': 0.42057702013871073, 'lag_11': 0.41944424342982256, 'lag_12': 0.889563760781912, 'lag_13': 0.8882783947576831, 'lag_14': 0.4812682327549532, 'lag_15': 0.5936379054471936, 'lag_16': 0.32265383245431084, 'lag_17': 0.3040955422247835, 'lag_18': 0.6910327327547661, 'lag_19': 0.40932882325781017, 'lag_20': 0.6765744986481644, 'lag_21': 0.8732454427202319, 'lag_22': 0.2081954191633288, 'lag_23': 0.19322121936490924, 'lag_24': 0.5380935174779833, 'lag_25': 0.2590553315337422, 'lag_26': 0.26922169292419235, 'lag_27': 0.49335238779384727, 'lag_28': 0.9064040156059743}. Best is trial 12 with value: 0.0034459599961916875.
[I 2025-09-29 12:51:17,587] Trial 26 finished with value: 0.004462430790182657 and parameters: {'lag_0': 0.6420664104452322, 'lag_1': 0.31198187901075075, 'lag_2': 0.4127982434954016, 'lag_3': 0.7980579891891599, 'lag_4': 0.3321658560406308, 'lag_5': 0.9219165366922378, 'lag_6': 0.25663060755849065, 'lag_7': 0.6870951514250256, 'lag_8': 0.7191133485550072, 'lag_9': 0.7403986977182218, 'lag_10': 0.7651775450522645, 'lag_11': 0.1169666468736685, 'lag_12': 0.4561189947935876, 'lag_13': 0.47192649003990433, 'lag_14': 0.6930983298768898, 'lag_15': 0.46785570202403637, 'lag_16': 0.5779781961877943, 'lag_17': 0.18407213788986204, 'lag_18': 0.37628579475229634, 'lag_19': 0.32314156326384563, 'lag_20': 0.8355383595552368, 'lag_21': 0.19375760879433213, 'lag_22': 0.42300666164214845, 'lag_23': 0.5737678463727638, 'lag_24': 0.7016904398750394, 'lag_25': 0.43110473557587936, 'lag_26': 0.11282362489125675, 'lag_27': 0.38723526516780726, 'lag_28': 0.7609195815014871}. Best is trial 12 with value: 0.0034459599961916875.
[I 2025-09-29 12:51:20,063] Trial 27 finished with value: 0.004608623913899157 and parameters: {'lag_0': 0.3715674850947606, 'lag_1': 0.457305534275299, 'lag_2': 0.91069125797672, 'lag_3': 0.2928388016134157, 'lag_4': 0.5068371116274293, 'lag_5': 0.7573429298128833, 'lag_6': 0.584090234025612, 'lag_7': 0.24023010983925783, 'lag_8': 0.8800005903307414, 'lag_9': 0.6856506683305904, 'lag_10': 0.5854550208848481, 'lag_11': 0.6833473182942491, 'lag_12': 0.32208770563339306, 'lag_13': 0.6808493884175941, 'lag_14': 0.8212816847183733, 'lag_15': 0.9356572077731804, 'lag_16': 0.6692302643737893, 'lag_17': 0.8457915138777179, 'lag_18': 0.22576280093726536, 'lag_19': 0.12519966753428224, 'lag_20': 0.5801287538337647, 'lag_21': 0.40046370203448706, 'lag_22': 0.18311498622925707, 'lag_23': 0.899820092651419, 'lag_24': 0.4286078517287596, 'lag_25': 0.1254269177271891, 'lag_26': 0.6101342016542117, 'lag_27': 0.24862329210565343, 'lag_28': 0.14213456200575011}. Best is trial 12 with value: 0.0034459599961916875.
[I 2025-09-29 12:51:22,522] Trial 28 finished with value: 0.004343520076401189 and parameters: {'lag_0': 0.49347479146275636, 'lag_1': 0.19548377820306193, 'lag_2': 0.7710508401126278, 'lag_3': 0.4964791207453837, 'lag_4': 0.11703115922897352, 'lag_5': 0.57960078108438, 'lag_6': 0.10879122207850844, 'lag_7': 0.8845974029848673, 'lag_8': 0.909746154409323, 'lag_9': 0.5417330327983358, 'lag_10': 0.3293670071075039, 'lag_11': 0.9951757743921472, 'lag_12': 0.6518956669811133, 'lag_13': 0.40731005526689834, 'lag_14': 0.3548859382547053, 'lag_15': 0.7580135695696617, 'lag_16': 0.8707364373602597, 'lag_17': 0.07143279657742257, 'lag_18': 0.895215223608455, 'lag_19': 0.8519856543825524, 'lag_20': 0.42892434199301854, 'lag_21': 0.5227143369420683, 'lag_22': 0.2879560309047373, 'lag_23': 0.46691579985532383, 'lag_24': 0.2833972670831668, 'lag_25': 0.6770355988245542, 'lag_26': 0.47435769476303663, 'lag_27': 0.10123181516850532, 'lag_28': 0.5185522221470733}. Best is trial 12 with value: 0.0034459599961916875.
[I 2025-09-29 12:51:24,995] Trial 29 finished with value: 0.003964483825288402 and parameters: {'lag_0': 0.2599555286894787, 'lag_1': 0.07618248876546554, 'lag_2': 0.32933901530734794, 'lag_3': 0.7583702239092298, 'lag_4': 0.6594352041855027, 'lag_5': 0.30872703016085007, 'lag_6': 0.8590478492989977, 'lag_7': 0.315600981392705, 'lag_8': 0.9975210695475639, 'lag_9': 0.9267459574383317, 'lag_10': 0.8485291563164259, 'lag_11': 0.5796956395883945, 'lag_12': 0.526550254276922, 'lag_13': 0.8481964935098777, 'lag_14': 0.6578555441116346, 'lag_15': 0.4026348231926846, 'lag_16': 0.13372588922725473, 'lag_17': 0.2945438143542388, 'lag_18': 0.79077097620627, 'lag_19': 0.6033868347778101, 'lag_20': 0.7588571284166219, 'lag_21': 0.7951208975950699, 'lag_22': 0.5393116465644263, 'lag_23': 0.34134609966312224, 'lag_24': 0.3828012602560237, 'lag_25': 0.0797713772499497, 'lag_26': 0.28194636064104167, 'lag_27': 0.03363196708968097, 'lag_28': 0.8498451522789418}. Best is trial 12 with value: 0.0034459599961916875.
[I 2025-09-29 12:51:27,477] Trial 30 finished with value: 0.004320276341140075 and parameters: {'lag_0': 0.7441397142748133, 'lag_1': 0.5553467185527943, 'lag_2': 0.6200622814713949, 'lag_3': 0.00010191307034018715, 'lag_4': 0.799287042590734, 'lag_5': 0.49270415806362783, 'lag_6': 0.7799452266249238, 'lag_7': 0.6697409134932761, 'lag_8': 0.6159779038494263, 'lag_9': 0.4370949908790889, 'lag_10': 0.6460360769064885, 'lag_11': 0.8388274897366381, 'lag_12': 0.8493981639094302, 'lag_13': 0.575160614537158, 'lag_14': 0.5072559371791906, 'lag_15': 0.5974179757809033, 'lag_16': 0.5195010203243109, 'lag_17': 0.5573434435279301, 'lag_18': 0.4672647431432734, 'lag_19': 0.28124389740965083, 'lag_20': 0.6545812392583461, 'lag_21': 0.13438772840377297, 'lag_22': 0.002992470308749884, 'lag_23': 0.6162696819981669, 'lag_24': 0.13680205699284123, 'lag_25': 0.16217046323195877, 'lag_26': 0.5190482572109998, 'lag_27': 0.6236355264547491, 'lag_28': 0.6238726508449746}. Best is trial 12 with value: 0.0034459599961916875.
[I 2025-09-29 12:51:29,973] Trial 31 finished with value: 0.004069706990676255 and parameters: {'lag_0': 0.23954823539057307, 'lag_1': 0.0765018459929035, 'lag_2': 0.3223222781908652, 'lag_3': 0.7693896065862728, 'lag_4': 0.6151392624160562, 'lag_5': 0.169453689952249, 'lag_6': 0.8126026723453277, 'lag_7': 0.3670540076730931, 'lag_8': 0.9771699994445557, 'lag_9': 0.9289804082007359, 'lag_10': 0.8986256100354033, 'lag_11': 0.59352770629655, 'lag_12': 0.49116155986117876, 'lag_13': 0.850364308523781, 'lag_14': 0.6555622768488399, 'lag_15': 0.2672984632240104, 'lag_16': 0.13422109263111062, 'lag_17': 0.31864740061522845, 'lag_18': 0.7939411350704915, 'lag_19': 0.6253164994041229, 'lag_20': 0.7667091218168893, 'lag_21': 0.7897787037474726, 'lag_22': 0.6112482916705895, 'lag_23': 0.3386222654762579, 'lag_24': 0.4026597658870235, 'lag_25': 0.0730989630550988, 'lag_26': 0.3042886821285525, 'lag_27': 0.033811345658178726, 'lag_28': 0.842734312510354}. Best is trial 12 with value: 0.0034459599961916875.
[I 2025-09-29 12:51:32,459] Trial 32 finished with value: 0.004658905951330958 and parameters: {'lag_0': 0.17893963406109498, 'lag_1': 0.07940449045006531, 'lag_2': 0.24181672002358134, 'lag_3': 0.886686594511318, 'lag_4': 0.7976098513761032, 'lag_5': 0.20952969033293695, 'lag_6': 0.8802950486959441, 'lag_7': 0.1907881046803544, 'lag_8': 0.9361064617437701, 'lag_9': 0.827833530066153, 'lag_10': 0.8289221312683743, 'lag_11': 0.4135654540385354, 'lag_12': 0.7068978075467438, 'lag_13': 0.9891526638567685, 'lag_14': 0.7461117237248593, 'lag_15': 0.39574888724271884, 'lag_16': 0.06923946128715208, 'lag_17': 0.06268905566123911, 'lag_18': 0.9215242822273915, 'lag_19': 0.5598266531612072, 'lag_20': 0.5434750398181073, 'lag_21': 0.6929909042176047, 'lag_22': 0.38088092253954675, 'lag_23': 0.17508885474999164, 'lag_24': 0.24950200822581065, 'lag_25': 0.07769292951575019, 'lag_26': 0.1681993819916506, 'lag_27': 0.17348465386051853, 'lag_28': 0.9139370251983369}. Best is trial 12 with value: 0.0034459599961916875.
[I 2025-09-29 12:51:35,036] Trial 33 finished with value: 0.004065347428294933 and parameters: {'lag_0': 0.2675603500780135, 'lag_1': 0.1663389198519495, 'lag_2': 0.3838169990373742, 'lag_3': 0.6795147606686555, 'lag_4': 0.4950108912265331, 'lag_5': 0.33380027072555485, 'lag_6': 0.8953921666479496, 'lag_7': 0.3184644907235379, 'lag_8': 0.8316240952129264, 'lag_9': 0.9090535694974711, 'lag_10': 0.7112734569723527, 'lag_11': 0.5045720476163903, 'lag_12': 0.5396154082133787, 'lag_13': 0.7211600822805039, 'lag_14': 0.6037249177509015, 'lag_15': 0.12460313480798597, 'lag_16': 0.1288003006971022, 'lag_17': 0.18302172249058435, 'lag_18': 0.8089013262364162, 'lag_19': 0.4705563282297764, 'lag_20': 0.6354485561554308, 'lag_21': 0.8306335321506488, 'lag_22': 0.5074064906263689, 'lag_23': 0.06282167882721174, 'lag_24': 0.3616984717928232, 'lag_25': 0.05898313700318555, 'lag_26': 0.3733013820918415, 'lag_27': 0.002742516393443084, 'lag_28': 0.7306366868177516}. Best is trial 12 with value: 0.0034459599961916875.
[I 2025-09-29 12:51:37,530] Trial 34 finished with value: 0.0044562556374836025 and parameters: {'lag_0': 0.16669720532332408, 'lag_1': 0.297155845596313, 'lag_2': 0.16298891276448613, 'lag_3': 0.6103790054947045, 'lag_4': 0.6438669296767756, 'lag_5': 0.24030479962535045, 'lag_6': 0.7495076470069968, 'lag_7': 0.44096657314496823, 'lag_8': 0.9973572315651013, 'lag_9': 0.8186440810800779, 'lag_10': 0.828617171734287, 'lag_11': 0.27167753707058206, 'lag_12': 0.07050895038660698, 'lag_13': 0.8965463643398135, 'lag_14': 0.1778015191217711, 'lag_15': 0.23030722513776175, 'lag_16': 0.18232357752714357, 'lag_17': 0.35956935078682495, 'lag_18': 0.9463496076890187, 'lag_19': 0.7030538031535464, 'lag_20': 0.77444683687293, 'lag_21': 0.9345531659991926, 'lag_22': 0.749204329868629, 'lag_23': 0.31559584336183977, 'lag_24': 0.31463606371918934, 'lag_25': 0.18611183319316316, 'lag_26': 0.257997990542827, 'lag_27': 0.47560948194486286, 'lag_28': 0.8135164309167631}. Best is trial 12 with value: 0.0034459599961916875.
[I 2025-09-29 12:51:40,036] Trial 35 finished with value: 0.0044675882693659555 and parameters: {'lag_0': 0.3305844603017814, 'lag_1': 0.10695870828422807, 'lag_2': 0.31559258188715356, 'lag_3': 0.7517327563890297, 'lag_4': 0.2294911324062897, 'lag_5': 0.014650479990458432, 'lag_6': 0.6283906462176643, 'lag_7': 0.5398659156346951, 'lag_8': 0.5038913438557266, 'lag_9': 0.8766730476712242, 'lag_10': 0.5337444841109635, 'lag_11': 0.8638581785180965, 'lag_12': 0.15362140018907444, 'lag_13': 0.8051699982174212, 'lag_14': 0.535659480701782, 'lag_15': 0.10692365754005911, 'lag_16': 0.24046410762583348, 'lag_17': 0.7280160895900878, 'lag_18': 0.7311350138612485, 'lag_19': 0.19881637265517765, 'lag_20': 0.7015164603911288, 'lag_21': 0.6170139161022957, 'lag_22': 0.52943997429605, 'lag_23': 0.4866948366798537, 'lag_24': 0.527602160707949, 'lag_25': 0.29218054338807253, 'lag_26': 0.6372365973310952, 'lag_27': 0.847141571012997, 'lag_28': 0.783152726366425}. Best is trial 12 with value: 0.0034459599961916875.
[I 2025-09-29 12:51:42,529] Trial 36 finished with value: 0.004155685182469649 and parameters: {'lag_0': 0.0035649709205843316, 'lag_1': 0.012607743705768892, 'lag_2': 0.46352779883448025, 'lag_3': 0.11155000257337527, 'lag_4': 0.36882986554685354, 'lag_5': 0.4284602104363721, 'lag_6': 0.9346684443765738, 'lag_7': 0.31662400245222166, 'lag_8': 0.8116924323393407, 'lag_9': 0.6812283354989367, 'lag_10': 0.18920287768991628, 'lag_11': 0.7168235055709287, 'lag_12': 0.2834338764870076, 'lag_13': 0.5396320096698248, 'lag_14': 0.9158865154856646, 'lag_15': 0.339803123622978, 'lag_16': 0.08937862989544035, 'lag_17': 0.23955352911646244, 'lag_18': 0.8737922269288013, 'lag_19': 0.45355678681895445, 'lag_20': 0.3133327019824714, 'lag_21': 0.7243972432845769, 'lag_22': 0.4583654321474152, 'lag_23': 0.3730884770251648, 'lag_24': 0.4958313433561441, 'lag_25': 0.11300143266595841, 'lag_26': 0.06776953928627051, 'lag_27': 0.27425752192980096, 'lag_28': 0.9743977536843816}. Best is trial 12 with value: 0.0034459599961916875.
[I 2025-09-29 12:51:45,022] Trial 37 finished with value: 0.004263747997731861 and parameters: {'lag_0': 0.28788655472421093, 'lag_1': 0.8516195317770282, 'lag_2': 0.24604183112966804, 'lag_3': 0.9098917919608538, 'lag_4': 0.6791920883790653, 'lag_5': 0.6733702169096121, 'lag_6': 0.7228408914941283, 'lag_7': 0.4763429539663235, 'lag_8': 0.7632853448735446, 'lag_9': 0.9619509775154882, 'lag_10': 0.9693630385103322, 'lag_11': 0.0707758802511197, 'lag_12': 0.9228888954109291, 'lag_13': 0.18291497530632725, 'lag_14': 0.6787891721486359, 'lag_15': 0.5736989964532543, 'lag_16': 0.4457114827770642, 'lag_17': 0.4850640607649904, 'lag_18': 0.6411101712390624, 'lag_19': 0.5047322628084878, 'lag_20': 0.9034558382074493, 'lag_21': 0.9608244550749094, 'lag_22': 0.6877484851471064, 'lag_23': 0.20616077108321296, 'lag_24': 0.2859596181502814, 'lag_25': 0.2125847935638565, 'lag_26': 0.47298618621924127, 'lag_27': 0.38898033576003005, 'lag_28': 0.6313975947209467}. Best is trial 12 with value: 0.0034459599961916875.
[I 2025-09-29 12:51:47,521] Trial 38 finished with value: 0.0047026547239486585 and parameters: {'lag_0': 0.4337180004637876, 'lag_1': 0.05757893509523414, 'lag_2': 0.05653318237550281, 'lag_3': 0.5519391430954006, 'lag_4': 0.4289816713673443, 'lag_5': 0.9430438007262985, 'lag_6': 0.8349127133925554, 'lag_7': 0.17877071456280857, 'lag_8': 0.558482028101188, 'lag_9': 0.7730482398518431, 'lag_10': 0.6697778914859921, 'lag_11': 0.3461266814200795, 'lag_12': 0.7806478212090371, 'lag_13': 0.8275267290764861, 'lag_14': 0.7656530718672051, 'lag_15': 0.41122773023226644, 'lag_16': 0.5488365920689137, 'lag_17': 0.40816497827452863, 'lag_18': 0.30077395537941676, 'lag_19': 0.3894790162067822, 'lag_20': 0.542859179032969, 'lag_21': 0.9021547653948246, 'lag_22': 0.3309276352364879, 'lag_23': 0.06787890809183283, 'lag_24': 0.16037997382077435, 'lag_25': 0.0025790375336052634, 'lag_26': 0.5335927336574651, 'lag_27': 0.14420155367236645, 'lag_28': 0.5083095102058763}. Best is trial 12 with value: 0.0034459599961916875.
[I 2025-09-29 12:51:50,002] Trial 39 finished with value: 0.004258178646226135 and parameters: {'lag_0': 0.8748683366153428, 'lag_1': 0.18751888224773144, 'lag_2': 0.38908035961418297, 'lag_3': 0.21065355412355471, 'lag_4': 0.0692629714341012, 'lag_5': 0.8382236616786154, 'lag_6': 0.3436763087665081, 'lag_7': 0.39270532784652007, 'lag_8': 0.9341451944776967, 'lag_9': 0.8690745187063494, 'lag_10': 0.44545441805347563, 'lag_11': 0.22527559521545681, 'lag_12': 0.6051719619729169, 'lag_13': 0.07309501791304412, 'lag_14': 0.11466080688760016, 'lag_15': 0.06937590519943208, 'lag_16': 0.2978204203210253, 'lag_17': 0.12861870004458553, 'lag_18': 0.9601659462164653, 'lag_19': 0.2544012277557971, 'lag_20': 0.7854187610777101, 'lag_21': 0.8057159181440157, 'lag_22': 0.3900652193247739, 'lag_23': 0.9877701528528462, 'lag_24': 0.5754919519148323, 'lag_25': 0.29066003113453076, 'lag_26': 0.002804097681283202, 'lag_27': 0.4630700212091065, 'lag_28': 0.18591130523567279}. Best is trial 12 with value: 0.0034459599961916875.
