[I 2025-09-29 11:56:52,063] Trial 24 finished with value: 0.0029427867974946365 and parameters: {'lag_0': 0.3952796052346676, 'lag_1': 0.8218064040822768, 'lag_2': 0.3665121921742803, 'lag_3': 0.9904627279901423, 'lag_4': 0.3985181242107226, 'lag_5': 0.236572889040557, 'lag_6': 0.3771406022442181, 'lag_7': 0.5709317282556895, 'lag_8': 0.22695997279370816, 'lag_9': 0.0861174376535587, 'lag_10': 0.0959251557787591, 'lag_11': 0.8869766064272586, 'lag_12': 0.15014708534443574, 'lag_13': 0.6104125916077249, 'lag_14': 0.39141564769617654, 'lag_15': 0.6160627571820364, 'lag_16': 0.5286571989289661, 'lag_17': 0.6603119135770084, 'lag_18': 0.34808048422510873, 'lag_19': 0.5771026679885114, 'lag_20': 0.12456143798794422, 'lag_21': 0.9319565584944944, 'lag_22': 0.6839848591275882, 'lag_23': 0.39022749799453976, 'lag_24': 0.5016260859291646, 'lag_25': 0.2974158051190437, 'lag_26': 0.11038632889928998, 'lag_27': 0.6344153616179339, 'lag_28': 0.4197476276712299}. Best is trial 19 with value: 0.002820392816125633.
[I 2025-09-29 11:56:54,411] Trial 25 finished with value: 0.0031115013733534064 and parameters: {'lag_0': 0.22799678644634103, 'lag_1': 0.4160158552612646, 'lag_2': 0.23080720573727137, 'lag_3': 0.8472374011691375, 'lag_4': 0.6707076757861204, 'lag_5': 0.5322657256307108, 'lag_6': 0.5882440400950215, 'lag_7': 0.7364097303010705, 'lag_8': 0.35603387888078064, 'lag_9': 0.263783113482696, 'lag_10': 0.2952592566802861, 'lag_11': 0.36979731636903757, 'lag_12': 0.18495855199905467, 'lag_13': 0.5649658667059925, 'lag_14': 0.10443009773349757, 'lag_15': 0.40979947681621276, 'lag_16': 0.7013194126744939, 'lag_17': 0.5619430756289582, 'lag_18': 0.8514594113729594, 'lag_19': 0.40372947819242416, 'lag_20': 0.8956215100874019, 'lag_21': 0.8254456051972179, 'lag_22': 0.5496822129093903, 'lag_23': 0.4113312580193634, 'lag_24': 0.11494831094325969, 'lag_25': 0.46731243133303146, 'lag_26': 0.2700155981629602, 'lag_27': 0.8709194079977507, 'lag_28': 0.5788019753161306}. Best is trial 19 with value: 0.002820392816125633.
[I 2025-09-29 11:56:56,751] Trial 26 finished with value: 0.0028682487159482728 and parameters: {'lag_0': 0.5411603583176486, 'lag_1': 0.9128917068464275, 'lag_2': 0.47674745444533523, 'lag_3': 0.8944526973060027, 'lag_4': 0.5751999075262405, 'lag_5': 0.3425134871989672, 'lag_6': 0.34834712371016924, 'lag_7': 0.4385443138689998, 'lag_8': 0.6558765556855677, 'lag_9': 0.5660064896692212, 'lag_10': 0.13994389184806277, 'lag_11': 0.5744018750652344, 'lag_12': 0.33781173019500793, 'lag_13': 0.28793388923942737, 'lag_14': 0.23897040655626878, 'lag_15': 0.005734501505228112, 'lag_16': 0.828839388590782, 'lag_17': 0.7917660872887156, 'lag_18': 0.49787343999759137, 'lag_19': 0.13180428442039374, 'lag_20': 0.26260612850629755, 'lag_21': 0.9674160582573367, 'lag_22': 0.7925367361656428, 'lag_23': 0.2589281414458676, 'lag_24': 0.3081826768694478, 'lag_25': 0.18807070713692087, 'lag_26': 0.18292422119219603, 'lag_27': 0.5082410616556796, 'lag_28': 0.0043984481022849575}. Best is trial 19 with value: 0.002820392816125633.
[I 2025-09-29 11:56:59,095] Trial 27 finished with value: 0.003032434378728069 and parameters: {'lag_0': 0.2935545565708622, 'lag_1': 0.7118893693746068, 'lag_2': 0.6743113438909539, 'lag_3': 0.6271122687999913, 'lag_4': 0.7269066237246562, 'lag_5': 0.4686281071120604, 'lag_6': 0.08511584914059132, 'lag_7': 0.792610703347422, 'lag_8': 0.10427404692173142, 'lag_9': 0.8088197521500549, 'lag_10': 0.19115016604167676, 'lag_11': 0.8000872083996012, 'lag_12': 0.10318408069730285, 'lag_13': 0.41970784633454783, 'lag_14': 0.22596717921208898, 'lag_15': 0.738420372122858, 'lag_16': 0.5052788055952914, 'lag_17': 0.8568870242884525, 'lag_18': 0.7546072041314291, 'lag_19': 0.2424214958900162, 'lag_20': 0.542023464008609, 'lag_21': 0.8191296423643626, 'lag_22': 0.6228228943389599, 'lag_23': 0.581073487684415, 'lag_24': 0.24560163349668823, 'lag_25': 0.06669324637676868, 'lag_26': 0.09518856079768306, 'lag_27': 0.8034919259359813, 'lag_28': 0.137269077447364}. Best is trial 19 with value: 0.002820392816125633.
[I 2025-09-29 11:57:01,445] Trial 28 finished with value: 0.0030512803430234768 and parameters: {'lag_0': 0.0909293937016924, 'lag_1': 0.006792081690053853, 'lag_2': 0.0452093005664736, 'lag_3': 0.7981415556388393, 'lag_4': 0.32357126403151937, 'lag_5': 0.632661517342973, 'lag_6': 0.21346271341153883, 'lag_7': 0.555771513994332, 'lag_8': 0.9972049125911684, 'lag_9': 0.6809348466964247, 'lag_10': 0.07717137839569503, 'lag_11': 0.6608333784238423, 'lag_12': 0.0059603523808122874, 'lag_13': 0.16967313370776207, 'lag_14': 0.099894095817891, 'lag_15': 0.4786975752246997, 'lag_16': 0.31128994588020975, 'lag_17': 0.7397908532285757, 'lag_18': 0.3264335773494035, 'lag_19': 0.4042405086501785, 'lag_20': 0.43030286453911304, 'lag_21': 0.8976709666253625, 'lag_22': 0.8805576591344073, 'lag_23': 0.13655945809509484, 'lag_24': 0.0005113318670565427, 'lag_25': 0.31333053969716296, 'lag_26': 0.3083650363416851, 'lag_27': 0.6700784041197404, 'lag_28': 0.24214329267220325}. Best is trial 19 with value: 0.002820392816125633.
[I 2025-09-29 11:57:03,787] Trial 29 finished with value: 0.002888814114625552 and parameters: {'lag_0': 0.3864947165666077, 'lag_1': 0.7871463487640433, 'lag_2': 0.535165571072787, 'lag_3': 0.702673883998463, 'lag_4': 0.4424086384200049, 'lag_5': 0.21429047252158567, 'lag_6': 0.32976205962399446, 'lag_7': 0.35565032803067353, 'lag_8': 0.27333146217152954, 'lag_9': 0.9592930159310986, 'lag_10': 0.9703544700292153, 'lag_11': 0.924104421146539, 'lag_12': 0.3385297313313042, 'lag_13': 0.3024178768226836, 'lag_14': 0.4092169764670882, 'lag_15': 0.5840057267598341, 'lag_16': 0.5816402370368864, 'lag_17': 0.5044392915858936, 'lag_18': 0.5565196115649534, 'lag_19': 0.5365755884078545, 'lag_20': 0.964529949588961, 'lag_21': 0.98298627722667, 'lag_22': 0.3794257157713656, 'lag_23': 0.4572687978072045, 'lag_24': 0.16898233968193271, 'lag_25': 0.18421285155090944, 'lag_26': 0.04303792015132662, 'lag_27': 0.553821622656846, 'lag_28': 0.5708065939924044}. Best is trial 19 with value: 0.002820392816125633.
[I 2025-09-29 11:57:06,131] Trial 30 finished with value: 0.002948926124125143 and parameters: {'lag_0': 0.24115428722810492, 'lag_1': 0.8259090536556648, 'lag_2': 0.4019260424821349, 'lag_3': 0.8154818698090995, 'lag_4': 0.2526355020316544, 'lag_5': 0.32110879443836193, 'lag_6': 0.21725246455795427, 'lag_7': 0.6336536429110713, 'lag_8': 0.208907880680191, 'lag_9': 0.4882265313587509, 'lag_10': 0.3549495313598166, 'lag_11': 0.7049771332426372, 'lag_12': 0.4223891037457773, 'lag_13': 0.19638395675712578, 'lag_14': 0.778001150887064, 'lag_15': 0.2759370926178005, 'lag_16': 0.6393719905558882, 'lag_17': 0.9241835683332782, 'lag_18': 0.016743719280720437, 'lag_19': 0.6898769792343267, 'lag_20': 0.3280325470965665, 'lag_21': 0.6803624772142653, 'lag_22': 0.48534037653682793, 'lag_23': 0.529294538253686, 'lag_24': 0.4005968509435895, 'lag_25': 0.05912745161131057, 'lag_26': 0.1478479209357883, 'lag_27': 0.9146607221089044, 'lag_28': 0.48322785767628346}. Best is trial 19 with value: 0.002820392816125633.
[I 2025-09-29 11:57:08,478] Trial 31 finished with value: 0.0029301987937873316 and parameters: {'lag_0': 0.09486407624031948, 'lag_1': 0.9690427997709763, 'lag_2': 0.582268857556711, 'lag_3': 0.9493488071538687, 'lag_4': 0.09695202756065258, 'lag_5': 0.4141056350611359, 'lag_6': 0.017265436566284143, 'lag_7': 0.8991755747795889, 'lag_8': 0.08098620220922875, 'lag_9': 0.33316370017497593, 'lag_10': 0.005570410241772419, 'lag_11': 0.5577837489833365, 'lag_12': 0.1171803070717331, 'lag_13': 0.3407878812903827, 'lag_14': 0.07458245943516867, 'lag_15': 0.8221387835382042, 'lag_16': 0.9007081546104204, 'lag_17': 0.9818689829640704, 'lag_18': 0.7041946181474983, 'lag_19': 0.3112711950600647, 'lag_20': 0.8358124281827363, 'lag_21': 0.6294693560746772, 'lag_22': 0.9319249191455373, 'lag_23': 0.08891793213820301, 'lag_24': 0.0693878969270551, 'lag_25': 0.08031295911337906, 'lag_26': 0.5423860715101433, 'lag_27': 0.7052113543297335, 'lag_28': 0.9014553476277296}. Best is trial 19 with value: 0.002820392816125633.
[I 2025-09-29 11:57:10,817] Trial 32 finished with value: 0.0028621990857078975 and parameters: {'lag_0': 0.1938709696144627, 'lag_1': 0.9904765623669708, 'lag_2': 0.5725168958110853, 'lag_3': 0.7992020269866305, 'lag_4': 0.08917669412161842, 'lag_5': 0.50228855959775, 'lag_6': 0.011006198845658637, 'lag_7': 0.9297732317055807, 'lag_8': 0.002048316963204219, 'lag_9': 0.4355714745118412, 'lag_10': 0.05752570332227278, 'lag_11': 0.8151342532362786, 'lag_12': 0.6523192535292929, 'lag_13': 0.5584757334935668, 'lag_14': 0.027892539030051552, 'lag_15': 0.9044805481299629, 'lag_16': 0.9970283279715241, 'lag_17': 0.9323402620757272, 'lag_18': 0.7280606366733708, 'lag_19': 0.43588646000577674, 'lag_20': 0.7177476124685984, 'lag_21': 0.7376983176361319, 'lag_22': 0.7148519407161954, 'lag_23': 0.0892595201026623, 'lag_24': 0.08098074109642066, 'lag_25': 0.20017501291827666, 'lag_26': 0.4194634827280033, 'lag_27': 0.5910057037640991, 'lag_28': 0.7109967633945111}. Best is trial 19 with value: 0.002820392816125633.
[I 2025-09-29 11:57:13,162] Trial 33 finished with value: 0.0028674985830869 and parameters: {'lag_0': 0.05940982144202284, 'lag_1': 0.8984987439614619, 'lag_2': 0.754776226009165, 'lag_3': 0.4451890137173407, 'lag_4': 0.000336315272812332, 'lag_5': 0.6121673633104805, 'lag_6': 0.07705276902385345, 'lag_7': 0.7836472686360323, 'lag_8': 0.06725598422272325, 'lag_9': 0.3270005952017114, 'lag_10': 0.2416946616998012, 'lag_11': 0.7828207528257887, 'lag_12': 0.20408752699139093, 'lag_13': 0.43355780341153716, 'lag_14': 0.16119805800119186, 'lag_15': 0.35696839142384085, 'lag_16': 0.7625241388123107, 'lag_17': 0.8619213490713796, 'lag_18': 0.8629791717370174, 'lag_19': 0.15035145234807457, 'lag_20': 0.5793454761381984, 'lag_21': 0.5192993085613207, 'lag_22': 0.878127766562073, 'lag_23': 0.3155906828528912, 'lag_24': 0.14493889486506106, 'lag_25': 0.10271412716482362, 'lag_26': 0.22203251636380555, 'lag_27': 0.7887821629925856, 'lag_28': 0.6196774338266662}. Best is trial 19 with value: 0.002820392816125633.
[I 2025-09-29 11:57:15,512] Trial 34 finished with value: 0.0029418967627570626 and parameters: {'lag_0': 0.12664594282761293, 'lag_1': 0.9373696120522529, 'lag_2': 0.870817154933417, 'lag_3': 0.258059564811442, 'lag_4': 0.3705992161340453, 'lag_5': 0.3429334820484718, 'lag_6': 0.13311229008853645, 'lag_7': 0.9982952480751797, 'lag_8': 0.5230178583350602, 'lag_9': 0.8797669986653072, 'lag_10': 0.13894756952097345, 'lag_11': 0.7210046954277731, 'lag_12': 0.9131310416086322, 'lag_13': 0.7228128760383634, 'lag_14': 0.30881888189113593, 'lag_15': 0.08941106246864129, 'lag_16': 0.8806478252849357, 'lag_17': 0.9965149289081141, 'lag_18': 0.6091266574315347, 'lag_19': 0.1945402371495256, 'lag_20': 0.6411085989519519, 'lag_21': 0.8940151498699405, 'lag_22': 0.5793677395973647, 'lag_23': 0.2016316520390346, 'lag_24': 0.23304510748550272, 'lag_25': 0.4644578691536514, 'lag_26': 0.06065985085982935, 'lag_27': 0.8509036569531894, 'lag_28': 0.4317704890480125}. Best is trial 19 with value: 0.002820392816125633.
[I 2025-09-29 11:57:17,856] Trial 35 finished with value: 0.002981472113142247 and parameters: {'lag_0': 0.34440983902928907, 'lag_1': 0.9218126068836584, 'lag_2': 0.5017893025295931, 'lag_3': 0.5863557446367484, 'lag_4': 0.45344107623140884, 'lag_5': 0.08952286399749455, 'lag_6': 0.053290784091167, 'lag_7': 0.8429379539470075, 'lag_8': 0.3875960640030651, 'lag_9': 0.20348715975783604, 'lag_10': 0.16153233356004648, 'lag_11': 0.9148594118070749, 'lag_12': 0.39856943179024873, 'lag_13': 0.09357336161663746, 'lag_14': 0.6647046320101802, 'lag_15': 0.2282431650501367, 'lag_16': 0.4123831747028992, 'lag_17': 0.9197268692838245, 'lag_18': 0.8245711572422124, 'lag_19': 0.29283865122515834, 'lag_20': 0.7546938687345832, 'lag_21': 0.795960524902253, 'lag_22': 0.9885720516494302, 'lag_23': 0.037072484461590866, 'lag_24': 0.06573823358999106, 'lag_25': 0.28075484179652144, 'lag_26': 0.5782344590246787, 'lag_27': 0.9552140241014347, 'lag_28': 0.81543608868368}. Best is trial 19 with value: 0.002820392816125633.
[I 2025-09-29 11:57:20,197] Trial 36 finished with value: 0.003013219623069561 and parameters: {'lag_0': 0.2681208700665467, 'lag_1': 0.99950486353546, 'lag_2': 0.32789202766799486, 'lag_3': 0.7304993410542735, 'lag_4': 0.7559892594761632, 'lag_5': 0.20803830169399778, 'lag_6': 0.05479101391440723, 'lag_7': 0.7071089927851416, 'lag_8': 0.17952300270997767, 'lag_9': 0.37486741641598287, 'lag_10': 0.8600251100413374, 'lag_11': 0.481014084646794, 'lag_12': 0.4935653359263477, 'lag_13': 0.038692651532200084, 'lag_14': 0.003164434772295166, 'lag_15': 0.7152428234168873, 'lag_16': 0.27026449372035105, 'lag_17': 0.8143745348943509, 'lag_18': 0.9400005588848995, 'lag_19': 0.07219667377640948, 'lag_20': 0.31024423120746647, 'lag_21': 0.6124340928138062, 'lag_22': 0.7565645501475792, 'lag_23': 0.17089615982231882, 'lag_24': 0.5992665889339129, 'lag_25': 0.035137131351437256, 'lag_26': 0.3331288183305431, 'lag_27': 0.7491466574531116, 'lag_28': 0.9893538491584524}. Best is trial 19 with value: 0.002820392816125633.
[I 2025-09-29 11:57:22,543] Trial 37 finished with value: 0.002850906127344313 and parameters: {'lag_0': 0.002417255940566361, 'lag_1': 0.8273549069004666, 'lag_2': 0.6205783282664741, 'lag_3': 0.9963820311924393, 'lag_4': 0.14411776493301703, 'lag_5': 0.6872881972623633, 'lag_6': 0.308746841825004, 'lag_7': 0.7835693773992813, 'lag_8': 0.6068758898992018, 'lag_9': 0.6200089033706102, 'lag_10': 0.25782885068947936, 'lag_11': 0.9987348754455972, 'lag_12': 0.2847535226354071, 'lag_13': 0.3448435348918252, 'lag_14': 0.20358923645896784, 'lag_15': 0.9143564188148099, 'lag_16': 0.1514417929993227, 'lag_17': 0.632721949912744, 'lag_18': 0.4470122015466392, 'lag_19': 0.07814398349432294, 'lag_20': 0.44980676938157305, 'lag_21': 0.9151304503033033, 'lag_22': 0.609377258901115, 'lag_23': 0.24758089190530427, 'lag_24': 0.43580107615244845, 'lag_25': 0.16084105681170419, 'lag_26': 0.0017533985379689088, 'lag_27': 0.6678956697528372, 'lag_28': 0.31109853222408806}. Best is trial 19 with value: 0.002820392816125633.
[I 2025-09-29 11:57:24,887] Trial 38 finished with value: 0.0029996071907106413 and parameters: {'lag_0': 0.21207623046511437, 'lag_1': 0.7398622409652067, 'lag_2': 0.6767720855674747, 'lag_3': 0.9934855721867362, 'lag_4': 0.5575878026551772, 'lag_5': 0.7844096093792245, 'lag_6': 0.2855210920417497, 'lag_7': 0.7829632461908735, 'lag_8': 0.6151933446738459, 'lag_9': 0.630008556343121, 'lag_10': 0.2721414757001067, 'lag_11': 0.9954149076493914, 'lag_12': 0.08040601524955308, 'lag_13': 0.519653399415647, 'lag_14': 0.33585489133629576, 'lag_15': 0.7609354243913629, 'lag_16': 0.12683477727852854, 'lag_17': 0.6183142199036188, 'lag_18': 0.44724588087535727, 'lag_19': 0.082863867961896, 'lag_20': 0.478173461707811, 'lag_21': 0.8583759991798117, 'lag_22': 0.6025329812103509, 'lag_23': 0.4585590327346061, 'lag_24': 0.4510321151944747, 'lag_25': 0.3505441805734695, 'lag_26': 0.12898758149861023, 'lag_27': 0.5721898631824709, 'lag_28': 0.312847878741514}. Best is trial 19 with value: 0.002820392816125633.
[I 2025-09-29 11:57:27,230] Trial 39 finished with value: 0.002997160789510304 and parameters: {'lag_0': 0.41374271626799086, 'lag_1': 0.6611442848277864, 'lag_2': 0.7778628667003931, 'lag_3': 0.8944700806486166, 'lag_4': 0.9771929162613412, 'lag_5': 0.8011885679508123, 'lag_6': 0.4259142782796622, 'lag_7': 0.4806652679115365, 'lag_8': 0.7639664996019264, 'lag_9': 0.7408913657004788, 'lag_10': 0.2347199969329394, 'lag_11': 0.9372447959859258, 'lag_12': 0.3032374611414474, 'lag_13': 0.24088303738027714, 'lag_14': 0.2162197117339461, 'lag_15': 0.6256479682855705, 'lag_16': 0.1698260486582986, 'lag_17': 0.6976458828848544, 'lag_18': 0.49950789584682115, 'lag_19': 0.17757323135696335, 'lag_20': 0.23775959608610162, 'lag_21': 0.9268035173339236, 'lag_22': 0.37327938481779604, 'lag_23': 0.3510427872970842, 'lag_24': 0.8221317373552809, 'lag_25': 0.17747849649261382, 'lag_26': 0.00860406476587311, 'lag_27': 0.6452038554589596, 'lag_28': 0.19996409530098946}. Best is trial 19 with value: 0.002820392816125633.
[I 2025-09-29 11:57:29,576] Trial 40 finished with value: 0.0029885678024573867 and parameters: {'lag_0': 0.5037448796576721, 'lag_1': 0.8140209143586314, 'lag_2': 0.8910727113761805, 'lag_3': 0.9352931627134222, 'lag_4': 0.2837165526733839, 'lag_5': 0.9525803591933599, 'lag_6': 0.31481399594441284, 'lag_7': 0.2468265907808045, 'lag_8': 0.5843312951505993, 'lag_9': 0.5421318562800114, 'lag_10': 0.14344220472914476, 'lag_11': 0.9026724857772925, 'lag_12': 0.18761698343352923, 'lag_13': 0.8264884471393665, 'lag_14': 0.2930055491634699, 'lag_15': 0.9054751128416632, 'lag_16': 0.09103231216392203, 'lag_17': 0.4589916710406902, 'lag_18': 0.26183991805551043, 'lag_19': 0.04518276988747094, 'lag_20': 0.44380505084752364, 'lag_21': 0.9367658772837931, 'lag_22': 0.4733308840458808, 'lag_23': 0.2433345506087978, 'lag_24': 0.42667320123559305, 'lag_25': 0.5468845159982336, 'lag_26': 0.20472099535867916, 'lag_27': 0.466804974361324, 'lag_28': 0.08157763480380512}. Best is trial 19 with value: 0.002820392816125633.
[I 2025-09-29 11:57:31,923] Trial 41 finished with value: 0.002990519294907742 and parameters: {'lag_0': 0.0036098844333599597, 'lag_1': 0.8632200391179793, 'lag_2': 0.6557805796631361, 'lag_3': 0.8344585847253846, 'lag_4': 0.11705096424867446, 'lag_5': 0.6850809059260585, 'lag_6': 0.24794709027217168, 'lag_7': 0.7051097897937058, 'lag_8': 0.30841362910245274, 'lag_9': 0.6334712465331013, 'lag_10': 0.043401653759063644, 'lag_11': 0.0019560669773739936, 'lag_12': 0.2873467962049333, 'lag_13': 0.3483421017636504, 'lag_14': 0.14353570265960364, 'lag_15': 0.918633873679987, 'lag_16': 0.0029297936700489052, 'lag_17': 0.7683999328788267, 'lag_18': 0.6838604706220327, 'lag_19': 0.442591163667071, 'lag_20': 0.5221845818949593, 'lag_21': 0.7086947939129017, 'lag_22': 0.5462542317135908, 'lag_23': 0.14216032617252833, 'lag_24': 0.3492242549294949, 'lag_25': 0.24685885114652392, 'lag_26': 0.07477720728387388, 'lag_27': 0.6815618247073395, 'lag_28': 0.4146467649618274}. Best is trial 19 with value: 0.002820392816125633.
[I 2025-09-29 11:57:34,256] Trial 42 finished with value: 0.003120737457413064 and parameters: {'lag_0': 0.03758892799298073, 'lag_1': 0.95555234245888, 'lag_2': 0.5806905424564317, 'lag_3': 0.7709444226299507, 'lag_4': 0.2153545778978964, 'lag_5': 0.31300372263638887, 'lag_6': 0.1607366828701221, 'lag_7': 0.8156826383708365, 'lag_8': 0.5464882288107712, 'lag_9': 0.7934845106061901, 'lag_10': 0.08943353652407184, 'lag_11': 0.8523234960764623, 'lag_12': 0.042325977979068896, 'lag_13': 0.39310552944452987, 'lag_14': 0.04648272348125067, 'lag_15': 0.9467913384746386, 'lag_16': 0.18957079141598154, 'lag_17': 0.838482352319858, 'lag_18': 0.5393422256246466, 'lag_19': 0.29224563254447333, 'lag_20': 0.0010915724100000745, 'lag_21': 0.8792259755829237, 'lag_22': 0.674574509880806, 'lag_23': 0.6833024666599251, 'lag_24': 0.1832738770715244, 'lag_25': 0.1379259591606127, 'lag_26': 0.0025750375272406674, 'lag_27': 0.8847764193581646, 'lag_28': 0.2769993906388585}. Best is trial 19 with value: 0.002820392816125633.
[I 2025-09-29 11:57:36,610] Trial 43 finished with value: 0.0030120385659881885 and parameters: {'lag_0': 0.111539150835989, 'lag_1': 0.9180972802476723, 'lag_2': 0.7255491499200494, 'lag_3': 0.8773572134349767, 'lag_4': 0.13700134374490258, 'lag_5': 0.8592999534959797, 'lag_6': 0.4658319502744797, 'lag_7': 0.6119849390854408, 'lag_8': 0.4771955692131339, 'lag_9': 0.6780295916557593, 'lag_10': 0.21400130379928498, 'lag_11': 0.6995281985651225, 'lag_12': 0.47792008640778033, 'lag_13': 0.3099940684592525, 'lag_14': 0.08233973006778955, 'lag_15': 0.7851428169333083, 'lag_16': 0.045867829300020035, 'lag_17': 0.6657566286260891, 'lag_18': 0.6392032350334472, 'lag_19': 0.19681577194646746, 'lag_20': 0.6027909843235933, 'lag_21': 0.7652038150559377, 'lag_22': 0.7757616124091573, 'lag_23': 0.3769878180424683, 'lag_24': 0.2619508814340994, 'lag_25': 0.10076194504858285, 'lag_26': 0.7254571908860985, 'lag_27': 0.7507144985977795, 'lag_28': 0.5403580438556448}. Best is trial 19 with value: 0.002820392816125633.
[I 2025-09-29 11:57:39,107] Trial 44 finished with value: 0.0028779860666820548 and parameters: {'lag_0': 0.0486805670828515, 'lag_1': 0.3652741029620382, 'lag_2': 0.4241740488615667, 'lag_3': 0.9588078937163448, 'lag_4': 0.05229790085806088, 'lag_5': 0.6712301202514344, 'lag_6': 0.10055679061050861, 'lag_7': 0.9230010243344497, 'lag_8': 0.2573143879884351, 'lag_9': 0.6081975131667523, 'lag_10': 0.00779498719265212, 'lag_11': 0.5910185224775177, 'lag_12': 0.5733047988591641, 'lag_13': 0.45846537901835094, 'lag_14': 0.1848479961803969, 'lag_15': 0.8691354465087171, 'lag_16': 0.13299856079746325, 'lag_17': 0.9355819945432248, 'lag_18': 0.43641336002927683, 'lag_19': 0.35338922840632936, 'lag_20': 0.8454940630804407, 'lag_21': 0.2635487328235546, 'lag_22': 0.8356251790163807, 'lag_23': 0.5410339717844708, 'lag_24': 0.04082961396651982, 'lag_25': 0.22346097537222132, 'lag_26': 0.12230277092801295, 'lag_27': 0.8363092429493149, 'lag_28': 0.17447615000024258}. Best is trial 19 with value: 0.002820392816125633.
