2025-09-29 12:50:16,096 - distributed.nanny - INFO -         Start Nanny at: 'tcp://192.168.86.108:34737'
2025-09-29 12:50:17,400 - distributed.worker - INFO -       Start worker at: tcp://192.168.86.108:33736
2025-09-29 12:50:17,401 - distributed.worker - INFO -          Listening to: tcp://192.168.86.108:33736
2025-09-29 12:50:17,401 - distributed.worker - INFO -           Worker name:            SLURMCluster-18
2025-09-29 12:50:17,401 - distributed.worker - INFO -          dashboard at:       192.168.86.108:32996
2025-09-29 12:50:17,401 - distributed.worker - INFO - Waiting to connect to: tcp://192.168.86.101:39990
2025-09-29 12:50:17,401 - distributed.worker - INFO - -------------------------------------------------
2025-09-29 12:50:17,401 - distributed.worker - INFO -               Threads:                          1
2025-09-29 12:50:17,401 - distributed.worker - INFO -                Memory:                   9.31 GiB
2025-09-29 12:50:17,401 - distributed.worker - INFO -       Local Directory: /home1/zrentala/dask-worker-space/dask-scratch-space/worker-wo26mpj7
2025-09-29 12:50:17,401 - distributed.worker - INFO - -------------------------------------------------
2025-09-29 12:50:17,700 - distributed.worker - INFO - Starting Worker plugin shuffle
2025-09-29 12:50:17,701 - distributed.worker - INFO -         Registered to: tcp://192.168.86.101:39990
2025-09-29 12:50:17,701 - distributed.worker - INFO - -------------------------------------------------
2025-09-29 12:50:17,701 - distributed.core - INFO - Starting established connection to tcp://192.168.86.101:39990
[I 2025-09-29 12:50:17,781] A new study created in memory with name: no-name-12183b05-102a-4cbb-b55d-53247cbf9a3f
[I 2025-09-29 12:50:20,307] Trial 0 finished with value: 0.007752878901339214 and parameters: {'lag_0': 0.30457427478365146, 'lag_1': 0.46653094773429266, 'lag_2': 0.8254172890726855, 'lag_3': 0.6883390883644708, 'lag_4': 0.16893859972080935, 'lag_5': 0.9267185785773396, 'lag_6': 0.8161270508435136, 'lag_7': 0.8367687033916426, 'lag_8': 0.3983790888871047, 'lag_9': 0.6827693683850974, 'lag_10': 0.23287432755198864, 'lag_11': 0.10124249042135378, 'lag_12': 0.7835442652785007, 'lag_13': 0.0680457477046158, 'lag_14': 0.2198824670856859, 'lag_15': 0.04766200025271178, 'lag_16': 0.43026311414301976, 'lag_17': 0.9374740465644795, 'lag_18': 0.91960559769392, 'lag_19': 0.5001113938461292, 'lag_20': 0.10634454274295278, 'lag_21': 0.739699240146936, 'lag_22': 0.5577047947647128, 'lag_23': 0.5168082316798011, 'lag_24': 0.6511597385513818, 'lag_25': 0.9649206186190157, 'lag_26': 0.38072353961856853, 'lag_27': 0.6063235183005712, 'lag_28': 0.5174981907595473}. Best is trial 0 with value: 0.007752878901339214.
[I 2025-09-29 12:50:22,802] Trial 1 finished with value: 0.00713404537643055 and parameters: {'lag_0': 0.15580150510144852, 'lag_1': 0.9566208579554895, 'lag_2': 0.9220821638555783, 'lag_3': 0.12146287861551254, 'lag_4': 0.5508007341080322, 'lag_5': 0.11911722999713478, 'lag_6': 0.07941370947908397, 'lag_7': 0.27927719798442335, 'lag_8': 0.8845236898203328, 'lag_9': 0.20261372337537273, 'lag_10': 0.6364842305298583, 'lag_11': 0.10110718638817422, 'lag_12': 0.5728229146983672, 'lag_13': 0.8189056898616071, 'lag_14': 0.4221323660291518, 'lag_15': 0.9981874212561785, 'lag_16': 0.18844512114524356, 'lag_17': 0.8888749031804976, 'lag_18': 0.8809543900792891, 'lag_19': 0.8981070375290161, 'lag_20': 0.702238714447336, 'lag_21': 0.03931438196688962, 'lag_22': 0.6360448046509557, 'lag_23': 0.07901448422026168, 'lag_24': 0.7057556010153102, 'lag_25': 0.2064892959110801, 'lag_26': 0.5002793582173619, 'lag_27': 0.8254726484943843, 'lag_28': 0.7040192595550313}. Best is trial 1 with value: 0.00713404537643055.
[I 2025-09-29 12:50:25,295] Trial 2 finished with value: 0.0076704101384561475 and parameters: {'lag_0': 0.6148516364174829, 'lag_1': 0.8361582301578873, 'lag_2': 0.6710685211025837, 'lag_3': 0.9442683352282906, 'lag_4': 0.33794430974527256, 'lag_5': 0.6269033123873132, 'lag_6': 0.734947705543594, 'lag_7': 0.27635910570589645, 'lag_8': 0.23408964690948633, 'lag_9': 0.4525212545674911, 'lag_10': 0.27929282438192743, 'lag_11': 0.9588634622343102, 'lag_12': 0.081720473957652, 'lag_13': 0.8014872624934654, 'lag_14': 0.5933707016979497, 'lag_15': 0.820386029343162, 'lag_16': 0.07241048046259015, 'lag_17': 0.4630541443340457, 'lag_18': 0.9104879092304964, 'lag_19': 0.3197866142606571, 'lag_20': 0.6435072756669316, 'lag_21': 0.3457242841283121, 'lag_22': 0.1301025842292858, 'lag_23': 0.9891426639685468, 'lag_24': 0.539800110964845, 'lag_25': 0.7318233911153773, 'lag_26': 0.16582622787203585, 'lag_27': 0.3645906891909741, 'lag_28': 0.6650962247611821}. Best is trial 1 with value: 0.00713404537643055.
[I 2025-09-29 12:50:27,781] Trial 3 finished with value: 0.007610956219346774 and parameters: {'lag_0': 0.04004686602146739, 'lag_1': 0.8391263449468814, 'lag_2': 0.38052633045534223, 'lag_3': 0.5936227958895576, 'lag_4': 0.33155178199423657, 'lag_5': 0.4670833159348345, 'lag_6': 0.2047014077082431, 'lag_7': 0.6262024821037244, 'lag_8': 0.9499250642913979, 'lag_9': 0.2674598920659297, 'lag_10': 0.3835000302131212, 'lag_11': 0.13345280061763581, 'lag_12': 0.7789733285051981, 'lag_13': 0.32683415361328094, 'lag_14': 0.1826851124004996, 'lag_15': 0.5695544820098767, 'lag_16': 0.29907806923983066, 'lag_17': 0.25303841886679296, 'lag_18': 0.01456443439790701, 'lag_19': 0.8879458363366624, 'lag_20': 0.8384590580270749, 'lag_21': 0.9706411283557339, 'lag_22': 0.8686769173856073, 'lag_23': 0.7788847015041072, 'lag_24': 0.5928388135360994, 'lag_25': 0.34282809243691814, 'lag_26': 0.3285754529727889, 'lag_27': 0.5781050401394476, 'lag_28': 0.14963300818672245}. Best is trial 1 with value: 0.00713404537643055.
[I 2025-09-29 12:50:30,274] Trial 4 finished with value: 0.00911850492434606 and parameters: {'lag_0': 0.41744330277344044, 'lag_1': 0.025185449227327638, 'lag_2': 0.9995020437670283, 'lag_3': 0.2706358096691036, 'lag_4': 0.06393364137711123, 'lag_5': 0.7879509114091733, 'lag_6': 0.340402641580988, 'lag_7': 0.6404011015128278, 'lag_8': 0.5843541711734885, 'lag_9': 0.23986529604278856, 'lag_10': 0.09146010946460507, 'lag_11': 0.2388767324827536, 'lag_12': 0.9571182101484234, 'lag_13': 0.18811356496100778, 'lag_14': 0.5091796853235648, 'lag_15': 0.10305704925692698, 'lag_16': 0.3989751883242887, 'lag_17': 0.3886883313156934, 'lag_18': 0.15651069349901228, 'lag_19': 0.3703491255215245, 'lag_20': 0.7465768487657994, 'lag_21': 0.015158421639177945, 'lag_22': 0.21109448296852326, 'lag_23': 0.26648124499716785, 'lag_24': 0.3929461765748588, 'lag_25': 0.7154224012854122, 'lag_26': 0.026688276164807997, 'lag_27': 0.8413460653576561, 'lag_28': 0.6634002285492607}. Best is trial 1 with value: 0.00713404537643055.
[I 2025-09-29 12:50:32,765] Trial 5 finished with value: 0.007825598049102486 and parameters: {'lag_0': 0.40627170271283436, 'lag_1': 0.750048949837445, 'lag_2': 0.18495043489340998, 'lag_3': 0.5222837128101514, 'lag_4': 0.6762626531872038, 'lag_5': 0.22811679764440146, 'lag_6': 0.033876619814762206, 'lag_7': 0.29716271370996744, 'lag_8': 0.42077090774617654, 'lag_9': 0.11137936769558987, 'lag_10': 0.6179418970825334, 'lag_11': 0.439926153408692, 'lag_12': 0.1240984932891994, 'lag_13': 0.34981555280646437, 'lag_14': 0.1941907973982752, 'lag_15': 0.9329820333736294, 'lag_16': 0.687804690843915, 'lag_17': 0.8415489696469318, 'lag_18': 0.5497596312910105, 'lag_19': 0.42898497018702497, 'lag_20': 0.0885472143483367, 'lag_21': 0.8071249351891043, 'lag_22': 0.11969022524146836, 'lag_23': 0.6970960807548878, 'lag_24': 0.5400778850500444, 'lag_25': 0.2530157970242544, 'lag_26': 0.8486457624122147, 'lag_27': 0.8070352649289939, 'lag_28': 0.7886128077234174}. Best is trial 1 with value: 0.00713404537643055.
[I 2025-09-29 12:50:35,256] Trial 6 finished with value: 0.007546090195479871 and parameters: {'lag_0': 0.7138984531938121, 'lag_1': 0.2647477010412382, 'lag_2': 0.2775497480342215, 'lag_3': 0.9875584943971893, 'lag_4': 0.3263953271800697, 'lag_5': 0.9247643843337693, 'lag_6': 0.7651197478349541, 'lag_7': 0.07066067433229886, 'lag_8': 0.30723975007567167, 'lag_9': 0.4523834654237912, 'lag_10': 0.20699088790101253, 'lag_11': 0.845214244246105, 'lag_12': 0.9230051156060641, 'lag_13': 0.5921679282597884, 'lag_14': 0.233165014812873, 'lag_15': 0.09329744173057031, 'lag_16': 0.8959070042648763, 'lag_17': 0.19786997626150737, 'lag_18': 0.05318020224611651, 'lag_19': 0.2983152344377989, 'lag_20': 0.05864211010051061, 'lag_21': 0.22251595102898308, 'lag_22': 0.3118043249338176, 'lag_23': 0.6673155487231607, 'lag_24': 0.4402589365230073, 'lag_25': 0.8900359455627375, 'lag_26': 0.7662479171902723, 'lag_27': 0.30542554975655717, 'lag_28': 0.2594767794886373}. Best is trial 1 with value: 0.00713404537643055.
[I 2025-09-29 12:50:37,747] Trial 7 finished with value: 0.008150535806605392 and parameters: {'lag_0': 0.2432087065961413, 'lag_1': 0.9492651684195366, 'lag_2': 0.15467067757856545, 'lag_3': 0.12775980820679245, 'lag_4': 0.4507374106312733, 'lag_5': 0.3393591613170297, 'lag_6': 0.4954299425532269, 'lag_7': 0.10839189701914705, 'lag_8': 0.4270819832642286, 'lag_9': 0.29128343657489564, 'lag_10': 0.5249356564105182, 'lag_11': 0.3148987532995501, 'lag_12': 0.7151317662693342, 'lag_13': 0.8300695798062102, 'lag_14': 0.7060111386870802, 'lag_15': 0.040142679960946934, 'lag_16': 0.935899816492041, 'lag_17': 0.22882206298639327, 'lag_18': 0.5986652801102849, 'lag_19': 0.9948745870860066, 'lag_20': 0.031208381018297437, 'lag_21': 0.1361944455585786, 'lag_22': 0.8713915082019766, 'lag_23': 0.5293513610144334, 'lag_24': 0.7079377071291332, 'lag_25': 0.7664294654652087, 'lag_26': 0.7112770951348678, 'lag_27': 0.6222303220285743, 'lag_28': 0.2778937508668151}. Best is trial 1 with value: 0.00713404537643055.
[I 2025-09-29 12:50:40,233] Trial 8 finished with value: 0.00754168420607434 and parameters: {'lag_0': 0.14577204003798, 'lag_1': 0.1838128778394753, 'lag_2': 0.4932416821971141, 'lag_3': 0.04261982057076086, 'lag_4': 0.5489797475279895, 'lag_5': 0.43488095182237124, 'lag_6': 0.04504423707306433, 'lag_7': 0.5236304052122194, 'lag_8': 0.08686498552434448, 'lag_9': 0.22396508241431237, 'lag_10': 0.6076090972037992, 'lag_11': 0.9259024297355001, 'lag_12': 0.17981799978274265, 'lag_13': 0.9280228750204398, 'lag_14': 0.8020621093514613, 'lag_15': 0.08315215088586309, 'lag_16': 0.04365931493193517, 'lag_17': 0.0034958591322232437, 'lag_18': 0.35895285012985495, 'lag_19': 0.26343686180854703, 'lag_20': 0.3471011606340222, 'lag_21': 0.5932046079142793, 'lag_22': 0.10048124919628076, 'lag_23': 0.08619741697451118, 'lag_24': 0.11723275084812422, 'lag_25': 0.022859607283187297, 'lag_26': 0.4402866557999445, 'lag_27': 0.05287857583180986, 'lag_28': 0.09238388129928687}. Best is trial 1 with value: 0.00713404537643055.
[I 2025-09-29 12:50:42,732] Trial 9 finished with value: 0.008119290157050197 and parameters: {'lag_0': 0.401283569010984, 'lag_1': 0.4230010495009386, 'lag_2': 0.2132174275661116, 'lag_3': 0.04018010034527654, 'lag_4': 0.7036552434928666, 'lag_5': 0.3164541760691257, 'lag_6': 0.4787558803001567, 'lag_7': 0.6839335729747907, 'lag_8': 0.6106613596835465, 'lag_9': 0.7290865244688359, 'lag_10': 0.4188128696586808, 'lag_11': 0.1578181127971356, 'lag_12': 0.6602479756732168, 'lag_13': 0.15663905182684382, 'lag_14': 0.20108388092145016, 'lag_15': 0.7328686766670053, 'lag_16': 0.41119320193540876, 'lag_17': 4.8020191558704525e-05, 'lag_18': 0.9620457703568005, 'lag_19': 0.30319521421648055, 'lag_20': 0.9097408352433819, 'lag_21': 0.7592893390850826, 'lag_22': 0.05634981862377309, 'lag_23': 0.36994206597375573, 'lag_24': 0.3552325514000962, 'lag_25': 0.5570051659480312, 'lag_26': 0.8916734721792765, 'lag_27': 0.1649240765744184, 'lag_28': 0.9598425822127437}. Best is trial 1 with value: 0.00713404537643055.
[I 2025-09-29 12:50:45,372] Trial 10 finished with value: 0.00850594758811457 and parameters: {'lag_0': 0.9289658527028686, 'lag_1': 0.6378731831975204, 'lag_2': 0.7148130921071715, 'lag_3': 0.31862541748699874, 'lag_4': 0.9952245593126818, 'lag_5': 0.029393253056803903, 'lag_6': 0.2553586049894181, 'lag_7': 0.9784082854126919, 'lag_8': 0.937557520284095, 'lag_9': 0.933753510766848, 'lag_10': 0.8797381373207027, 'lag_11': 0.6284309050526744, 'lag_12': 0.46869358198653166, 'lag_13': 0.6304007130394026, 'lag_14': 0.9998211876912279, 'lag_15': 0.3708522185003221, 'lag_16': 0.16082029710591636, 'lag_17': 0.7376115535203662, 'lag_18': 0.7414028466253235, 'lag_19': 0.6903140027974761, 'lag_20': 0.46366302933663806, 'lag_21': 0.40061187921050706, 'lag_22': 0.610828008149921, 'lag_23': 0.008232001556032265, 'lag_24': 0.9677424719276213, 'lag_25': 0.0221881201228199, 'lag_26': 0.47809227227214934, 'lag_27': 0.9753481425911967, 'lag_28': 0.9878296826514075}. Best is trial 1 with value: 0.00713404537643055.
[I 2025-09-29 12:50:47,935] Trial 11 finished with value: 0.008358836614190072 and parameters: {'lag_0': 0.007028133587423491, 'lag_1': 0.17101214909709295, 'lag_2': 0.5128007910872521, 'lag_3': 0.00038495857101930597, 'lag_4': 0.6731762243281494, 'lag_5': 0.03735708654870591, 'lag_6': 0.020520613398680783, 'lag_7': 0.4058688715442018, 'lag_8': 0.05897477788979123, 'lag_9': 0.017297042388615763, 'lag_10': 0.7452999360206842, 'lag_11': 0.6596832404792081, 'lag_12': 0.3490529699014356, 'lag_13': 0.9583858494060098, 'lag_14': 0.8370978589956846, 'lag_15': 0.29122689029163396, 'lag_16': 0.02360069615536059, 'lag_17': 0.6588450500671782, 'lag_18': 0.2967697514569687, 'lag_19': 0.09306913765015534, 'lag_20': 0.3785082166717137, 'lag_21': 0.5321415231666714, 'lag_22': 0.41731924966033296, 'lag_23': 0.03736486922220694, 'lag_24': 0.1287645483661285, 'lag_25': 0.0032273299711939422, 'lag_26': 0.5916472964647056, 'lag_27': 0.06366338045999942, 'lag_28': 0.05765133649129217}. Best is trial 1 with value: 0.00713404537643055.
[I 2025-09-29 12:50:50,479] Trial 12 finished with value: 0.008382775552972833 and parameters: {'lag_0': 0.15158804095915204, 'lag_1': 0.3005319041272255, 'lag_2': 0.5340494088287865, 'lag_3': 0.22803731301651997, 'lag_4': 0.5421895384208686, 'lag_5': 0.18445818409207793, 'lag_6': 0.13093048732264345, 'lag_7': 0.5190979770282006, 'lag_8': 0.7792699331843491, 'lag_9': 0.1082638098632464, 'lag_10': 0.7072586924021791, 'lag_11': 0.002978105201373926, 'lag_12': 0.2864883935980255, 'lag_13': 0.9985973042813973, 'lag_14': 0.3926598854673302, 'lag_15': 0.5789076840114407, 'lag_16': 0.19836685006116436, 'lag_17': 0.626533082468137, 'lag_18': 0.32369937606614096, 'lag_19': 0.09370707879558221, 'lag_20': 0.3177918557012023, 'lag_21': 0.49798342090227543, 'lag_22': 0.6854031696017593, 'lag_23': 0.19842791142582894, 'lag_24': 0.007055034472445543, 'lag_25': 0.17730970577488814, 'lag_26': 0.6002809619196089, 'lag_27': 0.3991542750485634, 'lag_28': 0.3774739627832361}. Best is trial 1 with value: 0.00713404537643055.
[I 2025-09-29 12:50:53,026] Trial 13 finished with value: 0.0076956707005215895 and parameters: {'lag_0': 0.1713652473720128, 'lag_1': 0.6222547393706085, 'lag_2': 0.013734259408912874, 'lag_3': 0.38243380830573875, 'lag_4': 0.8567935250197474, 'lag_5': 0.5341878519700518, 'lag_6': 0.33089560374215765, 'lag_7': 0.2325655487474088, 'lag_8': 0.07319405458455724, 'lag_9': 0.3463283280378554, 'lag_10': 0.9265012699808115, 'lag_11': 0.7453714798947484, 'lag_12': 0.5241787707947129, 'lag_13': 0.7472508549291171, 'lag_14': 0.39371233995588617, 'lag_15': 0.3013926732787402, 'lag_16': 0.621057159539194, 'lag_17': 0.9883798652553278, 'lag_18': 0.38013915664698256, 'lag_19': 0.6090268404494315, 'lag_20': 0.6072519332351521, 'lag_21': 0.5999379964967341, 'lag_22': 0.7185356314570283, 'lag_23': 0.19939386164271772, 'lag_24': 0.8283943600258659, 'lag_25': 0.3934916980244747, 'lag_26': 0.28968154434940496, 'lag_27': 0.014950660090178869, 'lag_28': 0.4871460025381653}. Best is trial 1 with value: 0.00713404537643055.
[I 2025-09-29 12:50:55,568] Trial 14 finished with value: 0.0076368996771437134 and parameters: {'lag_0': 0.566761458461375, 'lag_1': 0.9949282286727953, 'lag_2': 0.9372542358353775, 'lag_3': 0.15441211271472108, 'lag_4': 0.5271828148785231, 'lag_5': 0.6462793983721598, 'lag_6': 0.6340007592692235, 'lag_7': 0.4368558803947066, 'lag_8': 0.7472536906457936, 'lag_9': 0.5926018359595792, 'lag_10': 0.5718249043490464, 'lag_11': 0.49931299029561804, 'lag_12': 0.22372429231256707, 'lag_13': 0.8867288636198505, 'lag_14': 0.7434838734667938, 'lag_15': 0.9451888911375355, 'lag_16': 0.2334871810125382, 'lag_17': 0.03428010992302111, 'lag_18': 0.7189297885559105, 'lag_19': 0.7706283022767964, 'lag_20': 0.26014835504015266, 'lag_21': 0.28781913852587215, 'lag_22': 0.4520916553854769, 'lag_23': 0.07373864007959088, 'lag_24': 0.2891809157439209, 'lag_25': 0.16000859953794833, 'lag_26': 0.47839333236476494, 'lag_27': 0.8076569200794323, 'lag_28': 0.7933252936458959}. Best is trial 1 with value: 0.00713404537643055.
[I 2025-09-29 12:50:58,124] Trial 15 finished with value: 0.008959562446180243 and parameters: {'lag_0': 0.1463872767249983, 'lag_1': 0.589771950252739, 'lag_2': 0.6741907357889172, 'lag_3': 0.42633401211873345, 'lag_4': 0.7990018033066084, 'lag_5': 0.40386609358823755, 'lag_6': 0.9706734198981987, 'lag_7': 0.5367292241092287, 'lag_8': 0.21234156175965718, 'lag_9': 0.137923633995431, 'lag_10': 0.7739250478733012, 'lag_11': 0.9917056746378804, 'lag_12': 0.00547823423384447, 'lag_13': 0.6760667559169922, 'lag_14': 0.007729284877082576, 'lag_15': 0.7141141408389553, 'lag_16': 0.014219381702857296, 'lag_17': 0.5745281231222945, 'lag_18': 0.42039239027327086, 'lag_19': 0.143804128193439, 'lag_20': 0.5449818500437175, 'lag_21': 0.01417572767513442, 'lag_22': 0.3118268304766194, 'lag_23': 0.4037282327188305, 'lag_24': 0.2263404260091597, 'lag_25': 0.1107441113486858, 'lag_26': 0.17377313504676878, 'lag_27': 0.22603225927945292, 'lag_28': 0.5496890187589608}. Best is trial 1 with value: 0.00713404537643055.
[I 2025-09-29 12:51:00,671] Trial 16 finished with value: 0.008794794584288746 and parameters: {'lag_0': 0.28527042736601727, 'lag_1': 0.055590269573154494, 'lag_2': 0.3760889574069657, 'lag_3': 0.13649804234319163, 'lag_4': 0.43614100211489126, 'lag_5': 0.10816715176682151, 'lag_6': 0.14421163780575175, 'lag_7': 0.17843975202229806, 'lag_8': 0.6612601445968869, 'lag_9': 0.006613430864308711, 'lag_10': 0.6700721638880535, 'lag_11': 0.3495244681308022, 'lag_12': 0.4721274859086039, 'lag_13': 0.48923537409027396, 'lag_14': 0.8356010648077445, 'lag_15': 0.43587031696342077, 'lag_16': 0.12224953646651514, 'lag_17': 0.7992223800503141, 'lag_18': 0.7258217828512145, 'lag_19': 0.5706429559893846, 'lag_20': 0.7527873088025334, 'lag_21': 0.6094863608863316, 'lag_22': 0.9882857118717366, 'lag_23': 0.15065863206900293, 'lag_24': 0.8103599176579764, 'lag_25': 0.4959179124387185, 'lag_26': 0.9994494825693938, 'lag_27': 0.47461643349807875, 'lag_28': 0.006239086614627104}. Best is trial 1 with value: 0.00713404537643055.
[I 2025-09-29 12:51:03,218] Trial 17 finished with value: 0.008211227052517464 and parameters: {'lag_0': 0.7980097532308852, 'lag_1': 0.3323583270118977, 'lag_2': 0.8077018106467344, 'lag_3': 0.7600697393395489, 'lag_4': 0.6119764820682345, 'lag_5': 0.22547199935207934, 'lag_6': 0.3805438298684654, 'lag_7': 0.35366364409042533, 'lag_8': 0.8183226598481641, 'lag_9': 0.3738300224484815, 'lag_10': 0.4380952542847021, 'lag_11': 0.8348292155097224, 'lag_12': 0.5845280384241041, 'lag_13': 0.4818398957513358, 'lag_14': 0.6009971582546272, 'lag_15': 0.2222095929205381, 'lag_16': 0.29965423178486805, 'lag_17': 0.37346395975021196, 'lag_18': 0.4619669596447431, 'lag_19': 0.7877701799999093, 'lag_20': 0.9852696498767957, 'lag_21': 0.15579744132834522, 'lag_22': 0.003479983202508752, 'lag_23': 0.30454453142838916, 'lag_24': 0.004498556618382887, 'lag_25': 0.3040875001551715, 'lag_26': 0.597565665556487, 'lag_27': 0.9998308076537488, 'lag_28': 0.8236441027551944}. Best is trial 1 with value: 0.00713404537643055.
[I 2025-09-29 12:51:05,781] Trial 18 finished with value: 0.008898453533786705 and parameters: {'lag_0': 0.058436074289377304, 'lag_1': 0.16349254971754357, 'lag_2': 0.6112335850639391, 'lag_3': 0.015853210560921233, 'lag_4': 0.21562322782901605, 'lag_5': 0.587187359134311, 'lag_6': 0.009227755495609426, 'lag_7': 0.7859714188270526, 'lag_8': 0.0008766797325155951, 'lag_9': 0.19766014352705227, 'lag_10': 0.8075406831453775, 'lag_11': 0.5573236952796654, 'lag_12': 0.2814353799906202, 'lag_13': 0.8772182619533782, 'lag_14': 0.9624588177035709, 'lag_15': 0.535619131858029, 'lag_16': 0.5710750963690024, 'lag_17': 0.13594606356899241, 'lag_18': 0.20009099372454411, 'lag_19': 0.19191004520707855, 'lag_20': 0.21941140410737997, 'lag_21': 0.41994732252041467, 'lag_22': 0.31227613410880956, 'lag_23': 0.11954308815117706, 'lag_24': 0.16554011904977983, 'lag_25': 0.09477075257169555, 'lag_26': 0.4013548774117297, 'lag_27': 0.770375639063194, 'lag_28': 0.38316748381222276}. Best is trial 1 with value: 0.00713404537643055.
