[I 2025-09-29 13:19:44,664] Trial 40 finished with value: 0.0032183700792553964 and parameters: {'lag_0': 0.7236750060394842, 'lag_1': 0.44586767667462046, 'lag_2': 0.04594637463429169, 'lag_3': 0.19882805035661966, 'lag_4': 0.5841997678862175, 'lag_5': 0.5517517963681199, 'lag_6': 0.7951824141759334, 'lag_7': 0.7405753727641637, 'lag_8': 0.35011299798409884, 'lag_9': 0.3141135488050871, 'lag_10': 0.730802384167098, 'lag_11': 0.9846958985842476, 'lag_12': 0.4076967061776381, 'lag_13': 0.7306558103412837, 'lag_14': 0.7169186935013824, 'lag_15': 0.014178727457213963, 'lag_16': 0.8156000528593954, 'lag_17': 0.3412798141735275, 'lag_18': 0.7949465812090357, 'lag_19': 0.17124253990856436, 'lag_20': 0.7057771316394547, 'lag_21': 0.46587297701564184, 'lag_22': 0.8619292586703252, 'lag_23': 0.13670086237649126, 'lag_24': 0.6713533786765007, 'lag_25': 0.19200128587630827, 'lag_26': 0.2975740400217427, 'lag_27': 0.8032872502270809, 'lag_28': 0.7478381068269837}. Best is trial 14 with value: 0.0028725173347853698.
[I 2025-09-29 13:19:47,020] Trial 41 finished with value: 0.003408241093143051 and parameters: {'lag_0': 0.3362724991225247, 'lag_1': 0.7082060628047805, 'lag_2': 0.07989522573580407, 'lag_3': 0.15523215231764947, 'lag_4': 0.355902310648161, 'lag_5': 0.35491975653785107, 'lag_6': 0.9428024536920201, 'lag_7': 0.9714755823329851, 'lag_8': 0.680065492867417, 'lag_9': 0.45269217233814, 'lag_10': 0.5056541683351926, 'lag_11': 0.10707325743442125, 'lag_12': 0.05241729472924567, 'lag_13': 0.897781805857325, 'lag_14': 0.36476921892119984, 'lag_15': 0.23833822200855545, 'lag_16': 0.333313496474297, 'lag_17': 0.7214660970256428, 'lag_18': 0.4779272747383636, 'lag_19': 0.4706766904806037, 'lag_20': 0.5210591328258745, 'lag_21': 0.6273538872077525, 'lag_22': 0.6690848937088785, 'lag_23': 0.2382913790062821, 'lag_24': 0.10702143275415038, 'lag_25': 0.5362946904470809, 'lag_26': 0.21365083148342193, 'lag_27': 0.017469390066253965, 'lag_28': 0.2171014131071748}. Best is trial 14 with value: 0.0028725173347853698.
[I 2025-09-29 13:19:49,376] Trial 42 finished with value: 0.0032481434513044376 and parameters: {'lag_0': 0.42900458304138644, 'lag_1': 0.7622840842147279, 'lag_2': 0.1522389383148689, 'lag_3': 0.8147196915509844, 'lag_4': 0.8026925825246104, 'lag_5': 0.5094606860110722, 'lag_6': 0.9201353679074136, 'lag_7': 0.1960319491630069, 'lag_8': 0.5305062112243148, 'lag_9': 0.1382554902120925, 'lag_10': 0.8599258716026502, 'lag_11': 0.16593438884561204, 'lag_12': 0.06578229248138032, 'lag_13': 0.938858920899124, 'lag_14': 0.31894647684629973, 'lag_15': 0.15521346959196675, 'lag_16': 0.9353995305828954, 'lag_17': 0.8316731748905839, 'lag_18': 0.42441983641192255, 'lag_19': 0.3795367306575329, 'lag_20': 0.4685439754363966, 'lag_21': 0.38880181769574473, 'lag_22': 0.4961299748629978, 'lag_23': 0.29765067753127505, 'lag_24': 0.9487157009356888, 'lag_25': 0.6458731540872861, 'lag_26': 0.4185285936106539, 'lag_27': 0.10272151068918542, 'lag_28': 0.9357846043861929}. Best is trial 14 with value: 0.0028725173347853698.
[I 2025-09-29 13:19:51,734] Trial 43 finished with value: 0.0033711009319653262 and parameters: {'lag_0': 0.29350869475245756, 'lag_1': 0.6511679449162765, 'lag_2': 0.2390175303267411, 'lag_3': 0.5737052886078404, 'lag_4': 0.9550049648322949, 'lag_5': 0.6446071622763787, 'lag_6': 0.8429502263038937, 'lag_7': 0.9227868512317741, 'lag_8': 0.4407396768157087, 'lag_9': 0.2784692633706944, 'lag_10': 0.3066106972432992, 'lag_11': 0.3273360264140316, 'lag_12': 0.19439015522106706, 'lag_13': 0.8940210452847381, 'lag_14': 0.09160905003709023, 'lag_15': 0.3218337391205229, 'lag_16': 0.9933960171346493, 'lag_17': 0.6003807015469564, 'lag_18': 0.726926353937288, 'lag_19': 0.7222393139694563, 'lag_20': 0.8096199954147796, 'lag_21': 0.1670090530937341, 'lag_22': 0.5765717078995428, 'lag_23': 0.5872655014618808, 'lag_24': 0.023886169516947955, 'lag_25': 0.9968707445861673, 'lag_26': 0.5724547026434484, 'lag_27': 0.01704841348746628, 'lag_28': 0.6994826141516174}. Best is trial 14 with value: 0.0028725173347853698.
[I 2025-09-29 13:19:54,091] Trial 44 finished with value: 0.0032382280215669905 and parameters: {'lag_0': 0.5148910356326032, 'lag_1': 0.8780068271745749, 'lag_2': 0.09134473413979953, 'lag_3': 0.2390109777570214, 'lag_4': 0.22466397479320865, 'lag_5': 0.5897924718354199, 'lag_6': 0.971315101671352, 'lag_7': 0.05843181517862128, 'lag_8': 0.704638243327044, 'lag_9': 0.37943906048930315, 'lag_10': 0.6310676339411182, 'lag_11': 0.08222008539796984, 'lag_12': 0.5515012066876935, 'lag_13': 0.5279359498379267, 'lag_14': 0.2641225217872634, 'lag_15': 0.4119956949991992, 'lag_16': 0.43423994637959157, 'lag_17': 0.9007046354951562, 'lag_18': 0.635014599463233, 'lag_19': 0.6277635119998229, 'lag_20': 0.3572725799249447, 'lag_21': 0.06436352343316581, 'lag_22': 0.8003758617668696, 'lag_23': 0.1739757339288009, 'lag_24': 0.20205459289027905, 'lag_25': 0.5726266723815988, 'lag_26': 0.5236395928739577, 'lag_27': 0.1720443136266902, 'lag_28': 0.8454523653216167}. Best is trial 14 with value: 0.0028725173347853698.
[I 2025-09-29 13:19:56,450] Trial 45 finished with value: 0.0032938520030241147 and parameters: {'lag_0': 0.008431327853563542, 'lag_1': 0.19012721278624928, 'lag_2': 0.2080467101056324, 'lag_3': 0.45675105960874607, 'lag_4': 0.3038418778664033, 'lag_5': 0.7903850962521342, 'lag_6': 0.8681626169793749, 'lag_7': 0.8733715909244848, 'lag_8': 0.5978923979695753, 'lag_9': 0.19489417780357327, 'lag_10': 0.46509875221813984, 'lag_11': 0.8691776045027266, 'lag_12': 0.6842325681320184, 'lag_13': 0.06110466984338697, 'lag_14': 0.20735729708843975, 'lag_15': 0.6528733313571746, 'lag_16': 0.6080214815432831, 'lag_17': 0.09690277199626623, 'lag_18': 0.5219369184485796, 'lag_19': 0.5351600562134987, 'lag_20': 0.6578684939845506, 'lag_21': 0.5287727115913945, 'lag_22': 0.17313061963642243, 'lag_23': 0.4694270897543255, 'lag_24': 0.11798318121249449, 'lag_25': 0.7083748371649237, 'lag_26': 0.47766454451223855, 'lag_27': 0.9945612005512031, 'lag_28': 0.7843266881625172}. Best is trial 14 with value: 0.0028725173347853698.
[I 2025-09-29 13:19:58,810] Trial 46 finished with value: 0.0028005190630339977 and parameters: {'lag_0': 0.08436781780376212, 'lag_1': 0.30932728823234795, 'lag_2': 0.005638629647652504, 'lag_3': 0.08182906626547043, 'lag_4': 0.4151110804060548, 'lag_5': 0.7546402794997014, 'lag_6': 0.9412972432084034, 'lag_7': 0.9988234199357789, 'lag_8': 0.20601551238089688, 'lag_9': 0.5272724108355324, 'lag_10': 0.38413079321465704, 'lag_11': 0.17867086301878765, 'lag_12': 0.00600757949958014, 'lag_13': 0.9458178435506893, 'lag_14': 0.4450180760930703, 'lag_15': 0.11042831379010326, 'lag_16': 0.539300910207921, 'lag_17': 0.9941910167944076, 'lag_18': 0.8736646994768279, 'lag_19': 0.20818277718651457, 'lag_20': 0.5844379055296964, 'lag_21': 0.28854051487309684, 'lag_22': 0.013943793007068656, 'lag_23': 0.6570287221850747, 'lag_24': 0.23572963772735417, 'lag_25': 0.7912638689491011, 'lag_26': 0.6588013289237951, 'lag_27': 0.07546616268156607, 'lag_28': 0.9466440002102321}. Best is trial 46 with value: 0.0028005190630339977.
[I 2025-09-29 13:20:01,166] Trial 47 finished with value: 0.0033517771987519865 and parameters: {'lag_0': 0.10043444981452863, 'lag_1': 0.30840055179194475, 'lag_2': 0.008257748518306162, 'lag_3': 0.07131212021733441, 'lag_4': 0.3774145509561727, 'lag_5': 0.8874827237649687, 'lag_6': 0.5276332767586128, 'lag_7': 0.992756892870003, 'lag_8': 0.21614367515803512, 'lag_9': 0.5705011577874017, 'lag_10': 0.37319591785429196, 'lag_11': 0.8201901980190885, 'lag_12': 0.020278959032570903, 'lag_13': 0.9359495280933509, 'lag_14': 0.4456307425462967, 'lag_15': 0.10539358324113908, 'lag_16': 0.5284028252534219, 'lag_17': 0.9838800254043228, 'lag_18': 0.885932438914671, 'lag_19': 0.22526158407320487, 'lag_20': 0.6121573782774723, 'lag_21': 0.20549316386577457, 'lag_22': 0.0051788198825185525, 'lag_23': 0.6393951827126235, 'lag_24': 0.34043683410909387, 'lag_25': 0.8695528671233328, 'lag_26': 0.6729941301029834, 'lag_27': 0.06899226729638114, 'lag_28': 0.9525318592862766}. Best is trial 46 with value: 0.0028005190630339977.
[I 2025-09-29 13:20:03,532] Trial 48 finished with value: 0.0032130393866297386 and parameters: {'lag_0': 0.04315055151329528, 'lag_1': 0.3831119281149939, 'lag_2': 0.7350586401733555, 'lag_3': 0.009653730178846687, 'lag_4': 0.4486111391139685, 'lag_5': 0.7767775946157517, 'lag_6': 0.7644106105945664, 'lag_7': 0.9380656130557883, 'lag_8': 0.07030390082017411, 'lag_9': 0.5222620233512786, 'lag_10': 0.6795671036513353, 'lag_11': 0.4468895677215487, 'lag_12': 0.24308480301464253, 'lag_13': 0.6394007906537431, 'lag_14': 0.5945236184899532, 'lag_15': 0.8308851136910465, 'lag_16': 0.6972970783504236, 'lag_17': 0.9335595390917454, 'lag_18': 0.9617519189447961, 'lag_19': 0.215999622255317, 'lag_20': 0.7250408697285645, 'lag_21': 0.310950564422687, 'lag_22': 0.05266442876417614, 'lag_23': 0.37850948300208986, 'lag_24': 0.4189268911926919, 'lag_25': 0.804450249369028, 'lag_26': 0.6292649082471251, 'lag_27': 0.3093263558074545, 'lag_28': 0.6248985446052715}. Best is trial 46 with value: 0.0028005190630339977.
[I 2025-09-29 13:20:05,891] Trial 49 finished with value: 0.0031203358321245218 and parameters: {'lag_0': 0.9621777046523712, 'lag_1': 0.22285338380373182, 'lag_2': 0.7891743736140737, 'lag_3': 0.09967506059023681, 'lag_4': 0.05983497535709495, 'lag_5': 0.7335448483291684, 'lag_6': 0.9491640220561272, 'lag_7': 0.7713101611601177, 'lag_8': 0.17211625851161033, 'lag_9': 0.47060093200454567, 'lag_10': 0.6060359224069595, 'lag_11': 0.9229782698234658, 'lag_12': 0.4824184338612222, 'lag_13': 0.1424369278786607, 'lag_14': 0.40501977635929814, 'lag_15': 0.05887355739770551, 'lag_16': 0.8007607195227759, 'lag_17': 0.0535329523482177, 'lag_18': 0.7648847386981217, 'lag_19': 0.32316698586534065, 'lag_20': 0.5739963911765167, 'lag_21': 0.2342315025931303, 'lag_22': 0.25616627731898867, 'lag_23': 0.6696087437685565, 'lag_24': 0.26094360215574014, 'lag_25': 0.9244772769467282, 'lag_26': 0.5878400793607387, 'lag_27': 0.26512563160633373, 'lag_28': 0.46795953039703275}. Best is trial 46 with value: 0.0028005190630339977.
[I 2025-09-29 13:20:08,259] Trial 50 finished with value: 0.00318583645467366 and parameters: {'lag_0': 0.17403751171635573, 'lag_1': 0.2634722884381261, 'lag_2': 0.444230002118586, 'lag_3': 0.29420444053544803, 'lag_4': 0.14584596071854405, 'lag_5': 0.824056700144892, 'lag_6': 0.2132740856340334, 'lag_7': 0.8438406901505414, 'lag_8': 0.10415314969162998, 'lag_9': 0.6659854602460573, 'lag_10': 0.18855201836672397, 'lag_11': 0.24431207878889885, 'lag_12': 0.003865970591300288, 'lag_13': 0.7215749762360872, 'lag_14': 0.5223876933409773, 'lag_15': 0.20729380202305928, 'lag_16': 0.6400716297133421, 'lag_17': 0.8880265252264242, 'lag_18': 0.8687380847284232, 'lag_19': 0.06052619922843166, 'lag_20': 0.6714751773575541, 'lag_21': 0.28178055944816977, 'lag_22': 0.09728774708571493, 'lag_23': 0.5668240529185848, 'lag_24': 0.8957479042407747, 'lag_25': 0.388031225639818, 'lag_26': 0.7690189295681437, 'lag_27': 0.43666796660077206, 'lag_28': 0.14898676008206063}. Best is trial 46 with value: 0.0028005190630339977.
[I 2025-09-29 13:20:10,733] Trial 51 finished with value: 0.00319669545128609 and parameters: {'lag_0': 0.08426003484177494, 'lag_1': 0.5903826598516587, 'lag_2': 0.06279065021282462, 'lag_3': 0.21407908663789083, 'lag_4': 0.5646890874354114, 'lag_5': 0.5846791276043387, 'lag_6': 0.8975592766018343, 'lag_7': 0.9039802204327416, 'lag_8': 0.2948179693306063, 'lag_9': 0.3097517796330289, 'lag_10': 0.30219106851567495, 'lag_11': 0.1423277197449677, 'lag_12': 0.09449206546946573, 'lag_13': 0.8697432252512391, 'lag_14': 0.289724275934066, 'lag_15': 0.15667277735000762, 'lag_16': 0.8882069992306847, 'lag_17': 0.9911975486796548, 'lag_18': 0.8073434456075209, 'lag_19': 0.10441141017082015, 'lag_20': 0.4616658888800118, 'lag_21': 0.46674992497998313, 'lag_22': 0.16555958540819568, 'lag_23': 0.7078826806851146, 'lag_24': 0.146475104661469, 'lag_25': 0.7804889341744964, 'lag_26': 0.49193858815227376, 'lag_27': 0.030245371483153528, 'lag_28': 0.9488732753964972}. Best is trial 46 with value: 0.0028005190630339977.
[I 2025-09-29 13:20:13,109] Trial 52 finished with value: 0.002968065903811269 and parameters: {'lag_0': 0.23873486615249173, 'lag_1': 0.38358880189228395, 'lag_2': 0.14381286647088543, 'lag_3': 0.15199100872379823, 'lag_4': 0.6540020091456283, 'lag_5': 0.4410215705438233, 'lag_6': 0.9935319702520028, 'lag_7': 0.5850906312117805, 'lag_8': 0.5531212828828902, 'lag_9': 0.36971257128001334, 'lag_10': 0.41505961555467463, 'lag_11': 0.00833095901949285, 'lag_12': 0.04411793721293696, 'lag_13': 0.9553573880267049, 'lag_14': 0.364149182527043, 'lag_15': 0.35975576722316116, 'lag_16': 0.5327846827691387, 'lag_17': 0.5166091263287236, 'lag_18': 0.6894359076386859, 'lag_19': 0.5707906596635424, 'lag_20': 0.8937538295324777, 'lag_21': 0.38122778042058536, 'lag_22': 0.04065622737999716, 'lag_23': 0.8338604488144026, 'lag_24': 0.06056055854249162, 'lag_25': 0.597512056732843, 'lag_26': 0.7046475029524354, 'lag_27': 0.11678093674768719, 'lag_28': 0.8576084637419573}. Best is trial 46 with value: 0.0028005190630339977.
[I 2025-09-29 13:20:15,471] Trial 53 finished with value: 0.003510131525421456 and parameters: {'lag_0': 0.1477905652334034, 'lag_1': 0.39228441062675606, 'lag_2': 0.11884486885654016, 'lag_3': 0.1631080724020042, 'lag_4': 0.7373065341642396, 'lag_5': 0.4390415368226409, 'lag_6': 0.9909511373659953, 'lag_7': 0.582896649944781, 'lag_8': 0.5559975932608209, 'lag_9': 0.39189235983119053, 'lag_10': 0.43003982064214585, 'lag_11': 0.039769074087074585, 'lag_12': 0.05415463103951307, 'lag_13': 0.9583409110233767, 'lag_14': 0.36777129111721835, 'lag_15': 0.347396754706164, 'lag_16': 0.5505176964767999, 'lag_17': 0.5369080573273467, 'lag_18': 0.16769469599188241, 'lag_19': 0.5815162147243585, 'lag_20': 0.8059485139148386, 'lag_21': 0.3623331096294501, 'lag_22': 0.04138277355551317, 'lag_23': 0.817348017688413, 'lag_24': 0.08086917197328806, 'lag_25': 0.5500386031072587, 'lag_26': 0.7025914925674497, 'lag_27': 0.11665250362044138, 'lag_28': 0.059290747607671}. Best is trial 46 with value: 0.0028005190630339977.
[I 2025-09-29 13:20:17,839] Trial 54 finished with value: 0.003671811308005693 and parameters: {'lag_0': 0.22927616049662108, 'lag_1': 0.10326852850243595, 'lag_2': 0.026326111978978217, 'lag_3': 0.04529352716026315, 'lag_4': 0.6534858871344297, 'lag_5': 0.6567331215176213, 'lag_6': 0.9470765591815703, 'lag_7': 0.8361143088207077, 'lag_8': 0.46129980950292554, 'lag_9': 0.4600178942876644, 'lag_10': 0.22128522521970256, 'lag_11': 0.004213062644392469, 'lag_12': 0.14439003051967575, 'lag_13': 0.8309132537162897, 'lag_14': 0.48077182837012894, 'lag_15': 0.9888971837505782, 'lag_16': 0.9681615397602042, 'lag_17': 0.4174055571217701, 'lag_18': 0.6894395651158379, 'lag_19': 0.4325036131990675, 'lag_20': 0.9075077816729431, 'lag_21': 0.3823993205845122, 'lag_22': 0.1366541952271904, 'lag_23': 0.047264659137952025, 'lag_24': 0.18045087305986532, 'lag_25': 0.4757488847438561, 'lag_26': 0.8214169999927845, 'lag_27': 0.05852500807407097, 'lag_28': 0.8483094468429566}. Best is trial 46 with value: 0.0028005190630339977.
[I 2025-09-29 13:20:20,203] Trial 55 finished with value: 0.0030643132553721166 and parameters: {'lag_0': 0.048039850354376634, 'lag_1': 0.33661262180757356, 'lag_2': 0.9105907101370502, 'lag_3': 0.144489170409292, 'lag_4': 0.9944120155632635, 'lag_5': 0.5292650546233445, 'lag_6': 0.8954979898430327, 'lag_7': 0.64841547382684, 'lag_8': 0.38336916570502866, 'lag_9': 0.36064772211518936, 'lag_10': 0.5343650512222828, 'lag_11': 0.18346153998306575, 'lag_12': 0.9700504055558521, 'lag_13': 0.9957360908312094, 'lag_14': 0.6426553673115853, 'lag_15': 0.26851763005832896, 'lag_16': 0.5233981901819774, 'lag_17': 0.4857514828890034, 'lag_18': 0.7555278720467478, 'lag_19': 0.14791331658111445, 'lag_20': 0.8296798942820264, 'lag_21': 0.44270377825458423, 'lag_22': 0.08288929848953214, 'lag_23': 0.7722821936356559, 'lag_24': 0.043252307420081855, 'lag_25': 0.6101065324484811, 'lag_26': 0.9300997418301797, 'lag_27': 0.16763086439076394, 'lag_28': 0.3792451419128353}. Best is trial 46 with value: 0.0028005190630339977.
[I 2025-09-29 13:20:22,571] Trial 56 finished with value: 0.0037108626923038532 and parameters: {'lag_0': 0.15962240487456777, 'lag_1': 0.2731792427513675, 'lag_2': 0.15515069186453287, 'lag_3': 0.3394553035045851, 'lag_4': 0.2466698881098531, 'lag_5': 0.3902515236992378, 'lag_6': 0.8103535848289684, 'lag_7': 0.4787967041568889, 'lag_8': 0.620692220063786, 'lag_9': 0.5222024745472698, 'lag_10': 0.5696437424734563, 'lag_11': 0.3845893445073909, 'lag_12': 0.20008478144072522, 'lag_13': 0.7691568395582509, 'lag_14': 0.4524126718026507, 'lag_15': 0.12029874142342081, 'lag_16': 0.8434843259031306, 'lag_17': 0.45097448803816853, 'lag_18': 0.696123062626138, 'lag_19': 0.2757454422197959, 'lag_20': 0.7852370099356979, 'lag_21': 0.2877468087899269, 'lag_22': 0.033580632332413006, 'lag_23': 0.6782844320196041, 'lag_24': 0.24251007346917167, 'lag_25': 0.7357604081073443, 'lag_26': 0.6205612271960694, 'lag_27': 0.1991386629699376, 'lag_28': 0.7180888328050279}. Best is trial 46 with value: 0.0028005190630339977.
[I 2025-09-29 13:20:24,942] Trial 57 finished with value: 0.0032090297598204413 and parameters: {'lag_0': 0.23697743755150047, 'lag_1': 0.5265762680320152, 'lag_2': 0.30113963748317824, 'lag_3': 0.21773385531514358, 'lag_4': 0.42258503578274026, 'lag_5': 0.3136498680502514, 'lag_6': 0.09547943747608273, 'lag_7': 0.3704701994548666, 'lag_8': 0.5273880005817658, 'lag_9': 0.6144205700050684, 'lag_10': 0.3396610062406191, 'lag_11': 0.07833092625872372, 'lag_12': 0.6897850395525078, 'lag_13': 0.9085065745781815, 'lag_14': 0.39762891264521927, 'lag_15': 0.21567108822841338, 'lag_16': 0.03585336064808842, 'lag_17': 0.3763378683082883, 'lag_18': 0.8238591088785996, 'lag_19': 0.49421709035155187, 'lag_20': 0.8839166132751368, 'lag_21': 0.21961690872114303, 'lag_22': 0.0053303662373210825, 'lag_23': 0.6081856479539184, 'lag_24': 0.31810695104532566, 'lag_25': 0.41827481034174546, 'lag_26': 0.652185593632295, 'lag_27': 0.1048497913220007, 'lag_28': 0.9108399125049917}. Best is trial 46 with value: 0.0028005190630339977.
[I 2025-09-29 13:20:27,304] Trial 58 finished with value: 0.0035893007738207463 and parameters: {'lag_0': 0.07901264640838197, 'lag_1': 0.47113909275889615, 'lag_2': 0.8352802769913412, 'lag_3': 0.10320302804466139, 'lag_4': 0.5216755628173075, 'lag_5': 0.4870531376817032, 'lag_6': 0.36595565401983765, 'lag_7': 0.5398993867420072, 'lag_8': 0.2032425784951961, 'lag_9': 0.42249170742216163, 'lag_10': 0.5056986881556387, 'lag_11': 0.666301576360369, 'lag_12': 0.5964172473547021, 'lag_13': 0.36580478785856985, 'lag_14': 0.9070676059162642, 'lag_15': 0.03885133281253381, 'lag_16': 0.5937918003250238, 'lag_17': 0.5832824193110401, 'lag_18': 0.01176264386895065, 'lag_19': 0.34632779965948696, 'lag_20': 0.935900234778507, 'lag_21': 0.1525704846416692, 'lag_22': 0.10962994352516638, 'lag_23': 0.22329177799880828, 'lag_24': 0.017955520726598895, 'lag_25': 0.832670761600686, 'lag_26': 0.7415630117389446, 'lag_27': 0.0012716455289644435, 'lag_28': 0.8146140392069862}. Best is trial 46 with value: 0.0028005190630339977.
[I 2025-09-29 13:20:29,668] Trial 59 finished with value: 0.003346722466126251 and parameters: {'lag_0': 0.383561236834765, 'lag_1': 0.33357181278780945, 'lag_2': 0.6194916451526018, 'lag_3': 0.4188575975762152, 'lag_4': 0.8337929683564239, 'lag_5': 0.70948767606104, 'lag_6': 0.4440887760397466, 'lag_7': 0.6158307687422683, 'lag_8': 0.11907234425953464, 'lag_9': 0.0513434982131583, 'lag_10': 0.4721827909048743, 'lag_11': 0.711790627812074, 'lag_12': 0.33731078204975373, 'lag_13': 0.3243235567593361, 'lag_14': 0.11736822865076091, 'lag_15': 0.1737596043140109, 'lag_16': 0.9157215172897897, 'lag_17': 0.8146389190319232, 'lag_18': 0.5837930877481965, 'lag_19': 0.03701672665004034, 'lag_20': 0.9652656892357364, 'lag_21': 0.5069332438598585, 'lag_22': 0.14613952071308506, 'lag_23': 0.5526567894617199, 'lag_24': 0.3944488221049838, 'lag_25': 0.5093225415839219, 'lag_26': 0.5653361405909141, 'lag_27': 0.9057453407430027, 'lag_28': 0.7739080107265508}. Best is trial 46 with value: 0.0028005190630339977.
[I 2025-09-29 13:20:32,037] Trial 60 finished with value: 0.003129760160475889 and parameters: {'lag_0': 0.8960014357045131, 'lag_1': 0.4085289616594316, 'lag_2': 0.0002215106822623025, 'lag_3': 0.03658495011473205, 'lag_4': 0.6198684042704355, 'lag_5': 0.6291344849001037, 'lag_6': 0.713975982923966, 'lag_7': 0.9766327556226132, 'lag_8': 0.039365564748848, 'lag_9': 0.48743688996626244, 'lag_10': 0.11039685134022986, 'lag_11': 0.7567122310930973, 'lag_12': 0.29094891722651095, 'lag_13': 0.8443796627270566, 'lag_14': 0.8185608504527053, 'lag_15': 0.48489962053494157, 'lag_16': 0.6565672699683275, 'lag_17': 0.5143860718761956, 'lag_18': 0.660292529857056, 'lag_19': 0.7070002662236395, 'lag_20': 0.6284042466176543, 'lag_21': 0.07251739318770778, 'lag_22': 0.20987558692895675, 'lag_23': 0.1429357135898456, 'lag_24': 0.13153406422629843, 'lag_25': 0.5865245221960351, 'lag_26': 0.7028869967092554, 'lag_27': 0.5658763868093332, 'lag_28': 0.9657547708498593}. Best is trial 46 with value: 0.0028005190630339977.
