[I 2025-09-29 11:54:14,114] Trial 61 finished with value: 0.01674646614756079 and parameters: {'lag_0': 0.36380385691110484, 'lag_1': 0.7482675794696277, 'lag_2': 0.7510482630246909, 'lag_3': 0.9385858958953592, 'lag_4': 0.23647383992712, 'lag_5': 0.21337471823776516, 'lag_6': 0.6876874661536586, 'lag_7': 0.03539737067103116, 'lag_8': 0.9591424376105011, 'lag_9': 0.11950801981393439, 'lag_10': 0.5736225021563521, 'lag_11': 0.4150910546295416, 'lag_12': 0.16010523367651808, 'lag_13': 0.4213215376701721, 'lag_14': 0.3428581172755341, 'lag_15': 0.39734197895078627, 'lag_16': 0.08433122733015794, 'lag_17': 0.02514034585927815, 'lag_18': 0.1563937346513237, 'lag_19': 0.043872347861057474, 'lag_20': 0.41621742709608295, 'lag_21': 0.8156516904052465, 'lag_22': 0.32378206527625103, 'lag_23': 0.2009559030937336, 'lag_24': 0.7517526856790187, 'lag_25': 0.18961140116458683, 'lag_26': 0.264000723783423, 'lag_27': 0.1967436686790921, 'lag_28': 0.9751591110312617}. Best is trial 33 with value: 0.01646927969340959.
[I 2025-09-29 11:54:16,434] Trial 62 finished with value: 0.017292659525419196 and parameters: {'lag_0': 0.4285961638527629, 'lag_1': 0.9956723758089899, 'lag_2': 0.8741726777155083, 'lag_3': 0.996037893817537, 'lag_4': 0.9908049537095394, 'lag_5': 0.13132079604340846, 'lag_6': 0.6066925687570337, 'lag_7': 0.38854973313025776, 'lag_8': 0.902863700392191, 'lag_9': 0.2429543318268597, 'lag_10': 0.49950335546670677, 'lag_11': 0.3845568018135233, 'lag_12': 0.11523510883097564, 'lag_13': 0.44699171462738163, 'lag_14': 0.30236190712998906, 'lag_15': 0.177612130961888, 'lag_16': 0.05160525487741317, 'lag_17': 0.7611551494063412, 'lag_18': 0.2431362359479225, 'lag_19': 0.19588102997778228, 'lag_20': 0.9187349428788434, 'lag_21': 0.8723176188340326, 'lag_22': 0.3811338450699534, 'lag_23': 0.14878403245565544, 'lag_24': 0.6076261160570354, 'lag_25': 0.26620586387146483, 'lag_26': 0.29471043352500875, 'lag_27': 0.180385471598761, 'lag_28': 0.8486410853827301}. Best is trial 33 with value: 0.01646927969340959.
[I 2025-09-29 11:54:18,726] Trial 63 finished with value: 0.0169100892711885 and parameters: {'lag_0': 0.29642837522462206, 'lag_1': 0.9059545879333165, 'lag_2': 0.795934185437291, 'lag_3': 0.051604518010728476, 'lag_4': 0.2749690531204146, 'lag_5': 0.06687289084718805, 'lag_6': 0.6450858235023456, 'lag_7': 0.7203190458246611, 'lag_8': 0.8262841488255919, 'lag_9': 0.04931357134112345, 'lag_10': 0.3956642491014445, 'lag_11': 0.5578478277449558, 'lag_12': 0.048633407630282115, 'lag_13': 0.29139746710045433, 'lag_14': 0.24280274730507553, 'lag_15': 0.08034247730510707, 'lag_16': 0.11938289981004321, 'lag_17': 0.9576492863218158, 'lag_18': 0.8225124198930861, 'lag_19': 0.09517488700624958, 'lag_20': 0.8520031040599942, 'lag_21': 0.9335541465353441, 'lag_22': 0.18365618057880276, 'lag_23': 0.3515177373129235, 'lag_24': 0.7076330752946778, 'lag_25': 0.7043917934314409, 'lag_26': 0.35161131151825, 'lag_27': 0.11768345871101746, 'lag_28': 0.8938131118122166}. Best is trial 33 with value: 0.01646927969340959.
[I 2025-09-29 11:54:21,014] Trial 64 finished with value: 0.016704994790470672 and parameters: {'lag_0': 0.23801604611289334, 'lag_1': 0.007503093253417513, 'lag_2': 0.45293186131781904, 'lag_3': 0.8526596297325794, 'lag_4': 0.3934268088459578, 'lag_5': 0.1868722714917666, 'lag_6': 0.7109550433269651, 'lag_7': 0.775331875453398, 'lag_8': 0.9965923578567396, 'lag_9': 0.28922485370076784, 'lag_10': 0.452825791818471, 'lag_11': 0.49878951091004264, 'lag_12': 0.24066983811127818, 'lag_13': 0.514408919221642, 'lag_14': 0.138958954212735, 'lag_15': 0.27882978744148335, 'lag_16': 0.15987681749127533, 'lag_17': 0.046862261485959296, 'lag_18': 0.4725376228440147, 'lag_19': 0.5526204806299466, 'lag_20': 0.9600345279280749, 'lag_21': 0.8190142508333189, 'lag_22': 0.2503125434253824, 'lag_23': 0.280201460616631, 'lag_24': 0.22229283069195094, 'lag_25': 0.3723654583207243, 'lag_26': 0.23433479629961101, 'lag_27': 0.9920766993132324, 'lag_28': 0.8030940009702322}. Best is trial 33 with value: 0.01646927969340959.
[I 2025-09-29 11:54:23,339] Trial 65 finished with value: 0.017042392422547535 and parameters: {'lag_0': 0.5863367156338328, 'lag_1': 0.4811810762784313, 'lag_2': 0.8939877635161777, 'lag_3': 0.9457238526180471, 'lag_4': 0.07230010348552138, 'lag_5': 0.29530032429624425, 'lag_6': 0.7406238026615758, 'lag_7': 0.5102476978708164, 'lag_8': 0.7294033879956262, 'lag_9': 0.19187290577688823, 'lag_10': 0.7085369476709587, 'lag_11': 0.28358124147027214, 'lag_12': 0.2012347212910719, 'lag_13': 0.37685667236746795, 'lag_14': 0.2999573537401842, 'lag_15': 0.5230709491739091, 'lag_16': 0.03153995164380562, 'lag_17': 0.6966879525213885, 'lag_18': 0.726781897164266, 'lag_19': 0.1572069917577908, 'lag_20': 0.7344830177610737, 'lag_21': 0.7651031081523115, 'lag_22': 0.29475537837596455, 'lag_23': 0.4192106945366589, 'lag_24': 0.814335981125158, 'lag_25': 0.8375671509052798, 'lag_26': 0.39118188564012424, 'lag_27': 0.032847417565859766, 'lag_28': 0.9303491977054689}. Best is trial 33 with value: 0.01646927969340959.
[I 2025-09-29 11:54:25,637] Trial 66 finished with value: 0.017256862030748634 and parameters: {'lag_0': 0.27467278972738385, 'lag_1': 0.7884184989625804, 'lag_2': 0.7313653459473255, 'lag_3': 0.9164212445586322, 'lag_4': 0.7767616053242317, 'lag_5': 0.11007208709712618, 'lag_6': 0.8444942253415114, 'lag_7': 0.0034099192464500105, 'lag_8': 0.7717258454053102, 'lag_9': 0.00803640628748667, 'lag_10': 0.547643494448767, 'lag_11': 0.8352263597406477, 'lag_12': 0.030943492953881692, 'lag_13': 0.3422632477918319, 'lag_14': 0.433088782288228, 'lag_15': 0.36466409412346135, 'lag_16': 0.06775524382967973, 'lag_17': 0.5704548856149596, 'lag_18': 0.87373571406136, 'lag_19': 0.9282117770651073, 'lag_20': 0.26917524791206054, 'lag_21': 0.7090593940767408, 'lag_22': 0.03700557965278051, 'lag_23': 0.3167493428076848, 'lag_24': 0.876863778848835, 'lag_25': 0.3231711341990484, 'lag_26': 0.331244875688644, 'lag_27': 0.1618314940279094, 'lag_28': 0.7309962770814958}. Best is trial 33 with value: 0.01646927969340959.
[I 2025-09-29 11:54:27,939] Trial 67 finished with value: 0.017097563302840985 and parameters: {'lag_0': 0.5240252091906134, 'lag_1': 0.8144888073901989, 'lag_2': 0.6539715526305769, 'lag_3': 0.3063312688811391, 'lag_4': 0.17136895067793984, 'lag_5': 0.9910923948172521, 'lag_6': 0.571350104251604, 'lag_7': 0.12096138645857707, 'lag_8': 0.680749203789848, 'lag_9': 0.09883975353352294, 'lag_10': 0.5988226574143743, 'lag_11': 0.4355902767054644, 'lag_12': 0.10716949271849452, 'lag_13': 0.1966325672142038, 'lag_14': 0.22768522746646075, 'lag_15': 0.3273345604195247, 'lag_16': 0.3155753984448325, 'lag_17': 0.2547683540517629, 'lag_18': 0.6765879787434841, 'lag_19': 0.03689129361663678, 'lag_20': 0.32027950068697214, 'lag_21': 0.8328165606770874, 'lag_22': 0.9832806682318701, 'lag_23': 0.9344954270486938, 'lag_24': 0.3032145471241192, 'lag_25': 0.21256564854406967, 'lag_26': 0.0011742628969667324, 'lag_27': 0.32049021079011797, 'lag_28': 0.5564662793345754}. Best is trial 33 with value: 0.01646927969340959.
[I 2025-09-29 11:54:30,247] Trial 68 finished with value: 0.016762792952067035 and parameters: {'lag_0': 0.47484309701041594, 'lag_1': 0.8698129831268209, 'lag_2': 0.9555521292714013, 'lag_3': 0.7073461129126232, 'lag_4': 0.6535999630203173, 'lag_5': 0.15625599583004046, 'lag_6': 0.6679823562650065, 'lag_7': 0.5856968468862302, 'lag_8': 0.6345945677981719, 'lag_9': 0.4145780169352478, 'lag_10': 0.3135293360509538, 'lag_11': 0.8997570933787594, 'lag_12': 0.446734786842624, 'lag_13': 0.2671707356525778, 'lag_14': 0.3689700021461612, 'lag_15': 0.23596770786882143, 'lag_16': 0.10516602596268135, 'lag_17': 0.8292004859748381, 'lag_18': 0.35269247507831003, 'lag_19': 0.5205005675208333, 'lag_20': 0.8019272007582865, 'lag_21': 0.7881240222520642, 'lag_22': 0.2327405169459198, 'lag_23': 0.6382282883572974, 'lag_24': 0.9591179025647134, 'lag_25': 0.03852312746026609, 'lag_26': 0.10620920089135874, 'lag_27': 0.08355239008565266, 'lag_28': 0.9978696860672618}. Best is trial 33 with value: 0.01646927969340959.
[I 2025-09-29 11:54:32,538] Trial 69 finished with value: 0.017030233769401812 and parameters: {'lag_0': 0.32785649077863094, 'lag_1': 0.7114357430909705, 'lag_2': 0.7803576295461826, 'lag_3': 0.0027214005573440955, 'lag_4': 0.9015667781480254, 'lag_5': 0.23250730860509752, 'lag_6': 0.7777578829220313, 'lag_7': 0.8072186156226212, 'lag_8': 0.8611124899555326, 'lag_9': 0.18017325739012688, 'lag_10': 0.37249685487753914, 'lag_11': 0.8518660767220931, 'lag_12': 0.1639990512858334, 'lag_13': 0.5446107207363855, 'lag_14': 0.5332099394090084, 'lag_15': 0.12738510731875416, 'lag_16': 0.2279499787260862, 'lag_17': 0.11042084085370056, 'lag_18': 0.7407290055746084, 'lag_19': 0.805991426644815, 'lag_20': 0.5045429178763572, 'lag_21': 0.9932458432998035, 'lag_22': 0.42044203274873726, 'lag_23': 0.36762833527880073, 'lag_24': 0.6493291589050112, 'lag_25': 0.6489233645909178, 'lag_26': 0.1802748667473897, 'lag_27': 0.13723276728334102, 'lag_28': 0.38590190825017046}. Best is trial 33 with value: 0.01646927969340959.
[I 2025-09-29 11:54:34,948] Trial 70 finished with value: 0.017062217472164104 and parameters: {'lag_0': 0.364846857961687, 'lag_1': 0.8455410825967287, 'lag_2': 0.5989528015468809, 'lag_3': 0.793450629364478, 'lag_4': 0.43942293142721456, 'lag_5': 0.03171763572246533, 'lag_6': 0.688565164036361, 'lag_7': 0.6686747235686645, 'lag_8': 0.7055284520039489, 'lag_9': 0.13198998605958773, 'lag_10': 0.4240194432745258, 'lag_11': 0.9628563235149193, 'lag_12': 0.36570193883425345, 'lag_13': 0.6412901667659151, 'lag_14': 0.15860982747397206, 'lag_15': 0.45235692515199855, 'lag_16': 0.19635368912701806, 'lag_17': 0.6403532412638498, 'lag_18': 0.8040912409805029, 'lag_19': 0.4198114014756493, 'lag_20': 0.8877604992780339, 'lag_21': 0.6481518680894885, 'lag_22': 0.13463404428487596, 'lag_23': 0.2560534126832128, 'lag_24': 0.6974308619541166, 'lag_25': 0.09601659134605982, 'lag_26': 0.21073099424077565, 'lag_27': 0.01525476241613033, 'lag_28': 0.9511904848813484}. Best is trial 33 with value: 0.01646927969340959.
[I 2025-09-29 11:54:37,280] Trial 71 finished with value: 0.016903419616401807 and parameters: {'lag_0': 0.6794755569970303, 'lag_1': 0.414448818779842, 'lag_2': 0.643144905127857, 'lag_3': 0.5410014946749975, 'lag_4': 0.14070166610185914, 'lag_5': 0.5046230070748879, 'lag_6': 0.8095513822018436, 'lag_7': 0.9015908453785978, 'lag_8': 0.4449813786413054, 'lag_9': 0.2542382281348727, 'lag_10': 0.5152653271856498, 'lag_11': 0.6851403709159422, 'lag_12': 0.07722315567582222, 'lag_13': 0.3295354524024111, 'lag_14': 0.805422447321682, 'lag_15': 0.4161726201947452, 'lag_16': 0.37061167789292765, 'lag_17': 0.757612446056693, 'lag_18': 0.999577536811418, 'lag_19': 0.7364722682839897, 'lag_20': 0.46893818099016427, 'lag_21': 0.26076876456403064, 'lag_22': 0.018971550878349216, 'lag_23': 0.4680894411302292, 'lag_24': 0.7458249271234968, 'lag_25': 0.5397784806623989, 'lag_26': 0.9634997173902946, 'lag_27': 0.5109496176823249, 'lag_28': 0.9085801743703482}. Best is trial 33 with value: 0.01646927969340959.
[I 2025-09-29 11:54:39,596] Trial 72 finished with value: 0.016637584552747758 and parameters: {'lag_0': 0.4355770533262058, 'lag_1': 0.28509178468692065, 'lag_2': 0.6846178660024852, 'lag_3': 0.6020075340122978, 'lag_4': 0.008068969160978184, 'lag_5': 0.5563018864015937, 'lag_6': 0.4945883618537303, 'lag_7': 0.9313164982572818, 'lag_8': 0.1721254852146995, 'lag_9': 0.3135134417275577, 'lag_10': 0.46656372517128275, 'lag_11': 0.6046560500232522, 'lag_12': 0.9968494043699075, 'lag_13': 0.2376203768390065, 'lag_14': 0.6524502818026388, 'lag_15': 0.5038293889969108, 'lag_16': 0.23932307592348648, 'lag_17': 0.4556395757621588, 'lag_18': 0.9199649347158011, 'lag_19': 0.649490535876577, 'lag_20': 0.23563533236186612, 'lag_21': 0.18756582553484305, 'lag_22': 0.10846649527684404, 'lag_23': 0.3912581045956676, 'lag_24': 0.5514245653688853, 'lag_25': 0.6192992956983092, 'lag_26': 0.24898823433510286, 'lag_27': 0.36461039579459864, 'lag_28': 0.8736288468579281}. Best is trial 33 with value: 0.01646927969340959.
[I 2025-09-29 11:54:41,901] Trial 73 finished with value: 0.017117547774588435 and parameters: {'lag_0': 0.4312036857702833, 'lag_1': 0.2658888794049842, 'lag_2': 0.688396234952422, 'lag_3': 0.6073735483146568, 'lag_4': 0.02313843837332419, 'lag_5': 0.46296054129910064, 'lag_6': 0.4736624525352911, 'lag_7': 0.974015899782614, 'lag_8': 0.15793321386186127, 'lag_9': 0.3666444601511539, 'lag_10': 0.4814729149324453, 'lag_11': 0.6064444548296473, 'lag_12': 0.6736632532859373, 'lag_13': 0.2328634891998571, 'lag_14': 0.64370157935957, 'lag_15': 0.4954989577629232, 'lag_16': 0.2553708701631905, 'lag_17': 0.44176734817852303, 'lag_18': 0.9118061561009564, 'lag_19': 0.6395110206615046, 'lag_20': 0.6789133205685087, 'lag_21': 0.06276471710600301, 'lag_22': 0.11523666422306983, 'lag_23': 0.4023986103426971, 'lag_24': 0.5786787536736326, 'lag_25': 0.6003292927428936, 'lag_26': 0.25541379991988455, 'lag_27': 0.3598398002240622, 'lag_28': 0.8321154280088051}. Best is trial 33 with value: 0.01646927969340959.
[I 2025-09-29 11:54:44,207] Trial 74 finished with value: 0.017094483501843123 and parameters: {'lag_0': 0.3948099013099549, 'lag_1': 0.15834519261901017, 'lag_2': 0.8247205047490271, 'lag_3': 0.8808522124554308, 'lag_4': 0.09947896545039425, 'lag_5': 0.568661389836892, 'lag_6': 0.5204158034514396, 'lag_7': 0.8704251851797793, 'lag_8': 0.07755254400575025, 'lag_9': 0.4569039658615399, 'lag_10': 0.0017725792796822182, 'lag_11': 0.5643290960741452, 'lag_12': 0.5840566076420317, 'lag_13': 0.29577195041523957, 'lag_14': 0.6920694380789958, 'lag_15': 0.5588263812262068, 'lag_16': 0.14851411526908784, 'lag_17': 0.15655934430914228, 'lag_18': 0.8630544611737502, 'lag_19': 0.5808500750776379, 'lag_20': 0.05714534823595563, 'lag_21': 0.18483096508676355, 'lag_22': 0.08677464473569485, 'lag_23': 0.3208069665617953, 'lag_24': 0.6280412801042309, 'lag_25': 0.660199233068275, 'lag_26': 0.16097685648488022, 'lag_27': 0.057660020582812214, 'lag_28': 0.8645094921328799}. Best is trial 33 with value: 0.01646927969340959.
[I 2025-09-29 11:54:46,532] Trial 75 finished with value: 0.016811837249992332 and parameters: {'lag_0': 0.4900779519998769, 'lag_1': 0.3107640893105435, 'lag_2': 0.7257065137318672, 'lag_3': 0.4417418693198396, 'lag_4': 0.2028119223770746, 'lag_5': 0.08410884361226453, 'lag_6': 0.4425102063636466, 'lag_7': 0.9357947512284918, 'lag_8': 0.25035573282996276, 'lag_9': 0.3051958947925821, 'lag_10': 0.23250902856628697, 'lag_11': 0.4952085279391677, 'lag_12': 0.9320979635192361, 'lag_13': 0.1952534533045735, 'lag_14': 0.2608335301978615, 'lag_15': 0.6352438866932745, 'lag_16': 0.4245055989481746, 'lag_17': 0.33680253254549175, 'lag_18': 0.9467956264389793, 'lag_19': 0.6903448804556491, 'lag_20': 0.23815466661791482, 'lag_21': 0.15148737113686866, 'lag_22': 0.19307620837885398, 'lag_23': 0.3658488486223961, 'lag_24': 0.539510962802477, 'lag_25': 0.1465390649576209, 'lag_26': 0.3048586607992838, 'lag_27': 0.2332486954472088, 'lag_28': 0.7884209824436493}. Best is trial 33 with value: 0.01646927969340959.
[I 2025-09-29 11:54:48,858] Trial 76 finished with value: 0.01686476906322673 and parameters: {'lag_0': 0.5504441723100082, 'lag_1': 0.08559110955858151, 'lag_2': 0.7695203081177064, 'lag_3': 0.8304761113149709, 'lag_4': 0.0795238575210407, 'lag_5': 0.6434715937492086, 'lag_6': 0.28510370099935245, 'lag_7': 0.6097667795082576, 'lag_8': 0.0018006556744776248, 'lag_9': 0.34806149673968856, 'lag_10': 0.44753685859090736, 'lag_11': 0.37825315700834955, 'lag_12': 0.28771038841165764, 'lag_13': 0.12746587667277096, 'lag_14': 0.20670664911268577, 'lag_15': 0.3137543116996649, 'lag_16': 0.11211031052970943, 'lag_17': 0.056735080688642886, 'lag_18': 0.8389200474562772, 'lag_19': 0.9725593102297638, 'lag_20': 0.9689029235250783, 'lag_21': 0.3228270381737487, 'lag_22': 0.15411569935425656, 'lag_23': 0.29069794627995643, 'lag_24': 0.08612033632639604, 'lag_25': 0.6909831642685684, 'lag_26': 0.22909560926774214, 'lag_27': 0.26238541922438186, 'lag_28': 0.757069974632004}. Best is trial 33 with value: 0.01646927969340959.
[I 2025-09-29 11:54:51,163] Trial 77 finished with value: 0.01652407537855977 and parameters: {'lag_0': 0.1263865836229035, 'lag_1': 0.3620930641482293, 'lag_2': 0.061347083969278016, 'lag_3': 0.14122962843552492, 'lag_4': 0.3383288782739184, 'lag_5': 0.6778898104460456, 'lag_6': 0.7146757421367225, 'lag_7': 0.7149310295470823, 'lag_8': 0.22544750200253283, 'lag_9': 0.7812368128760219, 'lag_10': 0.9845530996383879, 'lag_11': 0.7429709909854693, 'lag_12': 0.13577047162401917, 'lag_13': 0.42538650940927525, 'lag_14': 0.5777097585271737, 'lag_15': 0.20798424158283244, 'lag_16': 0.3053252730667835, 'lag_17': 0.9035911678767256, 'lag_18': 0.530907794065156, 'lag_19': 0.4928207294668464, 'lag_20': 0.1718915160976686, 'lag_21': 0.0990792877147807, 'lag_22': 0.2169477084171226, 'lag_23': 0.5639897443869604, 'lag_24': 0.48317639129651885, 'lag_25': 0.5035726710061794, 'lag_26': 0.27796803096680905, 'lag_27': 0.10153859341901092, 'lag_28': 0.9250620716628705}. Best is trial 33 with value: 0.01646927969340959.
[I 2025-09-29 11:54:53,482] Trial 78 finished with value: 0.016825401110409775 and parameters: {'lag_0': 0.10457805741704768, 'lag_1': 0.36350882242593746, 'lag_2': 0.04707681431109792, 'lag_3': 0.07359333686952518, 'lag_4': 0.33316426328950977, 'lag_5': 0.7002746978467567, 'lag_6': 0.7317200149381676, 'lag_7': 0.7584053196007579, 'lag_8': 0.19416425286877037, 'lag_9': 0.7533593064917035, 'lag_10': 0.977404750067586, 'lag_11': 0.757759156774205, 'lag_12': 0.02686108886701402, 'lag_13': 0.072841381941923, 'lag_14': 0.5918043092161582, 'lag_15': 0.20879071631329882, 'lag_16': 0.3004621948734198, 'lag_17': 0.9736361903112697, 'lag_18': 0.7808982901108503, 'lag_19': 0.3380830870793837, 'lag_20': 0.17100383387667842, 'lag_21': 0.09556570680724177, 'lag_22': 0.07245702534673057, 'lag_23': 0.5735625385139924, 'lag_24': 0.45869743544409713, 'lag_25': 0.46862676855222585, 'lag_26': 0.15129420206398037, 'lag_27': 0.10729750127948172, 'lag_28': 0.921498550299147}. Best is trial 33 with value: 0.01646927969340959.
[I 2025-09-29 11:54:55,776] Trial 79 finished with value: 0.016518491193403 and parameters: {'lag_0': 0.01370723851455842, 'lag_1': 0.5200508050335158, 'lag_2': 0.5268450102603452, 'lag_3': 0.11810032674442672, 'lag_4': 0.3612271223589182, 'lag_5': 0.8378049457079799, 'lag_6': 0.5904192237575433, 'lag_7': 0.7148568600401755, 'lag_8': 0.1606403735590856, 'lag_9': 0.8140678875751706, 'lag_10': 0.8971504494973207, 'lag_11': 0.7168251209985232, 'lag_12': 0.9812897676547191, 'lag_13': 0.405112116715, 'lag_14': 0.6745107904318948, 'lag_15': 0.04117916438582432, 'lag_16': 0.34351283482378414, 'lag_17': 0.9066274676627728, 'lag_18': 0.5837624014498813, 'lag_19': 0.25081685559768657, 'lag_20': 0.08016836371508455, 'lag_21': 0.0516506193506006, 'lag_22': 0.2173538990249543, 'lag_23': 0.6229896937556562, 'lag_24': 0.13253767671865097, 'lag_25': 0.5107126796842266, 'lag_26': 0.279521115698961, 'lag_27': 0.049562183534073656, 'lag_28': 0.8813674792083106}. Best is trial 33 with value: 0.01646927969340959.
[I 2025-09-29 11:54:58,082] Trial 80 finished with value: 0.017156720496326883 and parameters: {'lag_0': 0.0393399184049038, 'lag_1': 0.5343396162549738, 'lag_2': 0.3054130510547943, 'lag_3': 0.13342254450618168, 'lag_4': 0.2608598566746885, 'lag_5': 0.8666932532944087, 'lag_6': 0.6069712162670621, 'lag_7': 0.6470343639336726, 'lag_8': 0.1382769167124816, 'lag_9': 0.8583308588129126, 'lag_10': 0.9965793867193643, 'lag_11': 0.7316818253479123, 'lag_12': 0.9848568910945049, 'lag_13': 0.4060526310441986, 'lag_14': 0.7006106364425675, 'lag_15': 0.018807017006214094, 'lag_16': 0.3984351582542588, 'lag_17': 0.9282884892500448, 'lag_18': 0.5355981582114989, 'lag_19': 0.4853256325870168, 'lag_20': 0.09158411668074666, 'lag_21': 0.047042742251869926, 'lag_22': 0.16908365204199488, 'lag_23': 0.7223531642463347, 'lag_24': 0.12408440014091358, 'lag_25': 0.4299334290063178, 'lag_26': 0.27481448892527127, 'lag_27': 0.04753548804381957, 'lag_28': 0.8412119325329972}. Best is trial 33 with value: 0.01646927969340959.
[I 2025-09-29 11:55:00,393] Trial 81 finished with value: 0.01706886424678416 and parameters: {'lag_0': 0.029411891651497, 'lag_1': 0.4482054524009528, 'lag_2': 0.47492218170631767, 'lag_3': 0.1942796556599941, 'lag_4': 0.0006540865696881932, 'lag_5': 0.7399174870385157, 'lag_6': 0.65406092531808, 'lag_7': 0.697731329794169, 'lag_8': 0.04620339797034198, 'lag_9': 0.8442247227230701, 'lag_10': 0.8920191155297703, 'lag_11': 0.6758042328787952, 'lag_12': 0.9479007898327781, 'lag_13': 0.4594762359602407, 'lag_14': 0.674944569374245, 'lag_15': 0.06456248326075792, 'lag_16': 0.3530565055007326, 'lag_17': 0.9248139227372147, 'lag_18': 0.5855247743800727, 'lag_19': 0.25835180115509676, 'lag_20': 0.042689763699716485, 'lag_21': 0.15504698465321198, 'lag_22': 0.2116149181695969, 'lag_23': 0.6093649444899133, 'lag_24': 0.1869818147385599, 'lag_25': 0.49997473844415513, 'lag_26': 0.19433287141783262, 'lag_27': 0.09332626553053919, 'lag_28': 0.8796470034046597}. Best is trial 33 with value: 0.01646927969340959.
