[I 2025-10-03 11:35:42,806] Trial 3 finished with values: [0.018284237042912432, 0.0013280997733494224, 0.0015731955511255366, 0.0012645551289483246, 0.004619922132829347, 0.00387706743379412, 0.0023034438087068078, 0.002956628813693528, 0.0016899130011055145, 0.0011719182823362235, 0.0006062138363134271, 0.0007346631454158016, 0.009884515101633837, 0.020849486334465584, 0.0, 0.02623377449294757, 0.013476941026485676, 0.004846089146323785, 0.0009717983539596964, 0.00011249566117839369, 0.0010171045358304356, 0.0013697797508928355, 0.0006962638921568914, 0.002165834880640777, 0.0003948045741786905, 0.00010534278046529745, 0.001062356674794556, 0.0026871672815855677, 0.0012301188746266347] and parameters: {'lag_0': 0.16717810294671206, 'lag_1': 0.7541452679026343, 'lag_2': 0.8891376107641827, 'lag_3': 0.827338363584032, 'lag_4': 0.06149320574361884, 'lag_5': 0.08553803191365673, 'lag_6': 0.9900685842944424, 'lag_7': 0.9300124916985091, 'lag_8': 0.170541322907286, 'lag_9': 0.8720985582251812, 'lag_10': 0.9743324308180689, 'lag_11': 0.9871633308432978, 'lag_12': 0.8829333548770109, 'lag_13': 0.5121063937293303, 'lag_14': 0.25902374546255574, 'lag_15': 0.867042212582369, 'lag_16': 0.683876194599353, 'lag_17': 0.2882645245626731, 'lag_18': 0.9641042950549615, 'lag_19': 0.27421828145098087, 'lag_20': 0.06990428480849911, 'lag_21': 0.08714511748368889, 'lag_22': 0.7089668494166569, 'lag_23': 0.510685662941418, 'lag_24': 0.8904846833682776, 'lag_25': 0.786044538774385, 'lag_26': 0.8621983053442851, 'lag_27': 0.3191611462339881, 'lag_28': 0.970651528880718}.
[I 2025-10-03 11:35:45,481] Trial 4 finished with values: [0.0025840764095389265, 0.001880269977833321, 0.0017447508271891871, 0.002374279337630123, 0.0030608957229995883, 0.001805645498302043, 0.0015088592698822537, 0.0012309168256642742, 0.0029306796807096833, 0.0003292500671075713, 0.00045535600210626457, 0.00041241657005311623, 0.009236684591380204, 0.020205072348611595, 0.0, 0.02337411270343162, 0.012911734043329862, 0.003899568569096473, 0.0005030665944004446, 0.0002066314456168696, 0.0009531658546086163, 0.0016626540665070876, 0.0007457345315307413, 0.001766196612355237, 0.0003008751545605406, 0.0001513180006890291, 0.0016324222355684828, 0.0024494564602697802, 0.002252637520176486] and parameters: {'lag_0': 0.40631700571615753, 'lag_1': 0.38712594846430637, 'lag_2': 0.6733492720567729, 'lag_3': 0.5082790447312473, 'lag_4': 0.10261068800313768, 'lag_5': 0.06875724173148191, 'lag_6': 0.7033580302764503, 'lag_7': 0.3146195078070965, 'lag_8': 0.3706631639982603, 'lag_9': 0.41513536704033394, 'lag_10': 0.28786008736709184, 'lag_11': 0.8155069474031026, 'lag_12': 0.5908317525895111, 'lag_13': 0.6202126498672057, 'lag_14': 0.4112043298915198, 'lag_15': 0.9919117455494493, 'lag_16': 0.824363143464561, 'lag_17': 0.9160364801435849, 'lag_18': 0.18694312799581247, 'lag_19': 0.6594753764033271, 'lag_20': 0.8615907583174401, 'lag_21': 0.5191719587706012, 'lag_22': 0.23260662773248528, 'lag_23': 0.8339383988204996, 'lag_24': 0.09320262755842401, 'lag_25': 0.6664993918997066, 'lag_26': 0.7661398693953021, 'lag_27': 0.7895431436558562, 'lag_28': 0.922690806136541}.
[I 2025-10-03 11:35:48,148] Trial 5 finished with values: [0.0214158239143367, 0.0017039042004922, 0.0006363121073965246, 0.00032946553678967394, 0.003548377458332212, 0.0025469379870157877, 0.004019417937270037, 0.003920333215896208, 0.002136461512409568, 0.0002934109374861197, 0.0005254723186308356, 4.0380054707238966e-05, 0.007034736459250167, 0.021175868778944104, 0.0, 0.027481267606017202, 0.014913976303261406, 0.004442484612948674, 0.0007739983392475351, 7.795228178557873e-05, 0.0011340541205083553, 0.0017144500704078507, 0.0007586683955452306, 0.0017421702716847048, 0.0003952416835915218, 0.00014837655494936763, 0.0010784862086759448, 0.0018929365904059733, 0.0012895711376372996] and parameters: {'lag_0': 0.9431905641953308, 'lag_1': 0.019101462770844863, 'lag_2': 0.5531189485978768, 'lag_3': 0.3548206102001734, 'lag_4': 0.737829028196714, 'lag_5': 0.28633986253794896, 'lag_6': 0.07031519865407561, 'lag_7': 0.7062353745105825, 'lag_8': 0.2768100364739352, 'lag_9': 0.12233540034843506, 'lag_10': 0.025162294561869525, 'lag_11': 0.2942076825715714, 'lag_12': 0.16553641316739048, 'lag_13': 0.3952963315507002, 'lag_14': 0.8826093030767, 'lag_15': 0.11806790755189939, 'lag_16': 0.5675653306085601, 'lag_17': 0.15036732020009114, 'lag_18': 0.9975342988088062, 'lag_19': 0.32074875443102563, 'lag_20': 0.9872889160126829, 'lag_21': 0.6855359751129879, 'lag_22': 0.7534923580372418, 'lag_23': 0.719912206930405, 'lag_24': 0.7115283625432518, 'lag_25': 0.6215456708180688, 'lag_26': 0.42354444775645433, 'lag_27': 0.3807209638783891, 'lag_28': 0.03765182168101429}.
[I 2025-10-03 11:35:50,826] Trial 6 finished with values: [0.019933777843875997, 0.0026831890544092413, 0.0009517341472305393, 0.0005452589489717634, 0.00512673842842076, 0.002360447834342705, 0.004098344553279442, 0.002505146856091431, 0.002399348364972576, 0.00048021650250120503, 0.0005436723773713345, 0.000359105148063604, 0.00695275012122386, 0.020249927685047235, 0.0, 0.020422035798468408, 0.014608877201939565, 0.004564130676334191, 0.0004510780326197364, 8.99872399007952e-05, 0.0008584085257113605, 0.0012947604174310828, 0.0008136432438216237, 0.001565560044495106, 0.00029331372615266904, 8.182925582959826e-05, 0.001941636515721635, 0.001386571878344661, 0.0012149351198193978] and parameters: {'lag_0': 0.45352637478902164, 'lag_1': 0.9239300346943947, 'lag_2': 0.5163152241900091, 'lag_3': 0.5041887086297898, 'lag_4': 0.3235556391007367, 'lag_5': 0.08678928776888285, 'lag_6': 0.8802408017080012, 'lag_7': 0.3553118078482112, 'lag_8': 0.4222905535413365, 'lag_9': 0.37831563381459377, 'lag_10': 0.3084473746197996, 'lag_11': 0.04518203355167295, 'lag_12': 0.8901222174109087, 'lag_13': 0.07504949607780895, 'lag_14': 0.12383654626385568, 'lag_15': 0.0076912587625420055, 'lag_16': 0.5349529109995841, 'lag_17': 0.0740418482112456, 'lag_18': 0.7292375985010868, 'lag_19': 0.21384147354860122, 'lag_20': 0.3155893941817641, 'lag_21': 0.4668039541767329, 'lag_22': 0.651181211733803, 'lag_23': 0.5821705830993296, 'lag_24': 0.10472134791475904, 'lag_25': 0.5532362866102795, 'lag_26': 0.48885362238328456, 'lag_27': 0.9663342230192167, 'lag_28': 0.8345145462706637}.
[I 2025-10-03 11:35:53,499] Trial 7 finished with values: [0.06708824938859143, 0.0009568137470663728, 0.0019618279913853247, 0.00025805435625080936, 0.004052439391407499, 0.0019858551584944393, 0.00308632085498353, 0.0024432244721553993, 0.0032105675864301368, 0.0008995140933628028, 0.0005784813119854835, 0.00045339898277090365, 0.012013937490475732, 0.019227245027262994, 0.0, 0.023897664521879327, 0.015699835104199433, 0.0036607785971211997, 0.0008855979907443502, 6.355355245217767e-05, 0.000909175551679371, 0.0012652534723345827, 0.0008230564460615941, 0.0019663955951116723, 0.00011629920148494314, 4.143329215591985e-05, 0.0012565665658387727, 0.001998097571694885, 0.00107146971237529] and parameters: {'lag_0': 0.6736486559204057, 'lag_1': 0.7107593717694607, 'lag_2': 0.7580841081659788, 'lag_3': 0.31702774105931475, 'lag_4': 0.9998850509209893, 'lag_5': 0.5591595966562778, 'lag_6': 0.862926089942936, 'lag_7': 0.3759187319112866, 'lag_8': 0.3407429558193833, 'lag_9': 0.4106052172199131, 'lag_10': 0.6119536336771482, 'lag_11': 0.1961868157671225, 'lag_12': 0.5008138484256157, 'lag_13': 0.5483626710560021, 'lag_14': 0.3196813788329329, 'lag_15': 0.06293365521663871, 'lag_16': 0.34458058935207553, 'lag_17': 0.21055632945856534, 'lag_18': 0.5276826021927489, 'lag_19': 0.5050229158689762, 'lag_20': 0.1274394047968838, 'lag_21': 0.05791106933701204, 'lag_22': 0.3080467966640363, 'lag_23': 0.3045503625470818, 'lag_24': 0.6986965547893643, 'lag_25': 0.8045440166070469, 'lag_26': 0.1228278324395847, 'lag_27': 0.6330044862777116, 'lag_28': 0.6552833384482495}.
[I 2025-10-03 11:35:56,166] Trial 8 finished with values: [0.01407300548615242, 0.0003028064920518033, 0.00036206474561950727, 0.00047087665060348337, 0.0024702711407056047, 0.0031610935242276017, 0.0028186420189604618, 0.0024689850989348013, 0.001460759828238058, 0.0009161446163430637, 0.0010082980152509326, 0.00019864984043068, 0.010148717939564195, 0.01916517664219684, 0.0, 0.02418206100660194, 0.013384629412406718, 0.004741415416891348, 0.0007007630096427006, 0.00010839161673017405, 0.001027504748871907, 0.0014632850178923666, 0.0006470022474528144, 0.001981840564260794, 0.00035408372917588557, 2.4213495221990287e-05, 0.0003564290686349343, 0.0024512762800440553, 0.0021881777743167803] and parameters: {'lag_0': 0.5443541822999768, 'lag_1': 0.9666677557849953, 'lag_2': 0.39047627208109065, 'lag_3': 0.21273794216399805, 'lag_4': 0.4737818670959151, 'lag_5': 0.9851125256736915, 'lag_6': 0.3814257734413827, 'lag_7': 0.7088136984395095, 'lag_8': 0.10532394235748545, 'lag_9': 0.7504366796094262, 'lag_10': 0.3030140915480285, 'lag_11': 0.6476146386944337, 'lag_12': 0.6668664133771239, 'lag_13': 0.024780460151514087, 'lag_14': 0.00781860647483358, 'lag_15': 0.33588331195800114, 'lag_16': 0.4165043108869932, 'lag_17': 0.08259265619047548, 'lag_18': 0.41929401282499423, 'lag_19': 0.24893635989456256, 'lag_20': 0.5222462369521047, 'lag_21': 0.4131104935232611, 'lag_22': 0.0008729543849343991, 'lag_23': 0.5678717743564967, 'lag_24': 0.5782999125213572, 'lag_25': 0.200126378657791, 'lag_26': 0.555968051524105, 'lag_27': 0.16888215839122284, 'lag_28': 0.6122712031031117}.
[I 2025-10-03 11:35:58,840] Trial 9 finished with values: [0.013495342115489365, 0.004381800900038103, 0.0022493912931992864, 0.0006116462732103529, 0.0035339240541919143, 0.0035304980712314036, 0.002366202032161051, 0.0014929002800290628, 0.002023164244748364, 0.00021934709375859575, 0.0006493475393450775, 0.00020643878441361577, 0.009065010904920694, 0.019785743445365066, 0.0, 0.025350481875632675, 0.016059791429949146, 0.0034108669902665383, 0.0006416833713616598, 0.00012405095014227934, 0.0009623857643003674, 0.0015334965896341489, 0.0009652904390846829, 0.001728803592035599, 0.0002225122916708254, 0.00015561511844787283, 0.0022756901377199244, 0.002309058281849365, 0.0016169269154659572] and parameters: {'lag_0': 0.8688236926667354, 'lag_1': 0.4818755225510322, 'lag_2': 0.4459823390466012, 'lag_3': 0.7029034591138815, 'lag_4': 0.7099441369087489, 'lag_5': 0.759263431494506, 'lag_6': 0.5693378548842252, 'lag_7': 0.1424138051010828, 'lag_8': 0.47749648900959113, 'lag_9': 0.9970264541434878, 'lag_10': 0.9405839391588495, 'lag_11': 0.8519100245400089, 'lag_12': 0.03677582559274937, 'lag_13': 0.23780958373849886, 'lag_14': 0.15164374321863297, 'lag_15': 0.5380488945688857, 'lag_16': 0.25379063859131235, 'lag_17': 0.5927963363209978, 'lag_18': 0.16541464675064443, 'lag_19': 0.14540349232859356, 'lag_20': 0.010556511860241657, 'lag_21': 0.9051186404039677, 'lag_22': 0.18038053000326346, 'lag_23': 0.9901492559495009, 'lag_24': 0.6790205703598083, 'lag_25': 0.9480664425114742, 'lag_26': 0.7884071944984763, 'lag_27': 0.376236567269202, 'lag_28': 0.5907722962563784}.
[I 2025-10-03 11:36:01,516] Trial 10 finished with values: [0.017562165377751335, 0.0011758429712633574, 0.0004935372903066395, 0.000728660387769214, 0.005800270556560277, 0.0028295659319340174, 0.0018250834285952165, 0.0037659049230426194, 0.0022811201997856535, 0.0011026800196731988, 0.0004558388445863714, 0.0001839171512765492, 0.010054700707102461, 0.019209330128601217, 0.0, 0.027574651535628776, 0.016992343980716966, 0.004564342738290368, 0.0007886757766138392, 0.0001591593595010585, 0.001402978650952302, 0.0007866820821640075, 0.0007238140410739714, 0.0017464852657551558, 0.00030706080325714803, 7.941320724352569e-05, 0.0016869393231077078, 0.0013289043965494982, 0.0014054518077890412] and parameters: {'lag_0': 0.4562821006236133, 'lag_1': 0.009478797244588786, 'lag_2': 0.5508606286491153, 'lag_3': 0.07412712759966675, 'lag_4': 0.24999905412723944, 'lag_5': 0.3743170182417586, 'lag_6': 0.3613977231840754, 'lag_7': 0.9413678312608277, 'lag_8': 0.46061147574479394, 'lag_9': 0.6893360217541695, 'lag_10': 0.5197638529163194, 'lag_11': 0.19272183842335183, 'lag_12': 0.43596872413248616, 'lag_13': 0.7931740117270041, 'lag_14': 0.5509812218569835, 'lag_15': 0.014389514807904877, 'lag_16': 0.8107583406732564, 'lag_17': 0.8872138050789947, 'lag_18': 0.346364437133564, 'lag_19': 0.32371380396482774, 'lag_20': 0.02653942939554679, 'lag_21': 0.6407916625781235, 'lag_22': 0.4582775674218098, 'lag_23': 0.08780925614757301, 'lag_24': 0.3214789212732382, 'lag_25': 0.5962229314278684, 'lag_26': 0.9467768157060803, 'lag_27': 0.855653653649997, 'lag_28': 0.9208949531780605}.
[I 2025-10-03 11:36:04,177] Trial 11 finished with values: [0.014012336335739681, 0.004094531962696327, 0.005627087431021064, 0.0016684953235339775, 0.001432900282172889, 0.003313815960546108, 0.0018440218713914511, 0.002114522752999353, 0.00440339776601994, 0.0004263151418987445, 0.0006590115630677428, 0.0001664223399787249, 0.009319217627048137, 0.02346277708499272, 0.0, 0.024837552264394647, 0.015889607322718803, 0.0040912124562773235, 0.0007743032485320901, 5.211600758552809e-05, 0.0011837724085884567, 0.0012786347254226081, 0.00037293117864763305, 0.002009396934358093, 0.00015580445628470493, 5.692027735853327e-05, 0.00087101697303334, 0.0018011677241409015, 0.00105205611130512] and parameters: {'lag_0': 0.31608167099682405, 'lag_1': 0.009613555286469604, 'lag_2': 0.1422223825533959, 'lag_3': 0.7329277540900838, 'lag_4': 0.18061262037434717, 'lag_5': 0.47142942749507905, 'lag_6': 0.2929139463806917, 'lag_7': 0.6542045959094582, 'lag_8': 0.6585907334378579, 'lag_9': 0.3821732308369022, 'lag_10': 0.013503223588387944, 'lag_11': 0.05072732960333855, 'lag_12': 0.6315269579301689, 'lag_13': 0.6781082849627591, 'lag_14': 0.23418984256380837, 'lag_15': 0.31844437589831165, 'lag_16': 0.6626141792139444, 'lag_17': 0.8988850264827962, 'lag_18': 0.4173538350857373, 'lag_19': 0.67553091570908, 'lag_20': 0.25509593756213444, 'lag_21': 0.4212686174408836, 'lag_22': 0.419588719797802, 'lag_23': 0.47198186440313616, 'lag_24': 0.7868241093864122, 'lag_25': 0.4542412034614739, 'lag_26': 0.4582926405067996, 'lag_27': 0.042678089230046345, 'lag_28': 0.17448524953313058}.
[I 2025-10-03 11:36:06,853] Trial 12 finished with values: [0.01336162337233128, 0.010931411499321638, 0.00031543716055425425, 0.00067062569299266, 0.0034294228531292588, 0.0026226295603601377, 0.002863081250702031, 0.001980841432612437, 0.0015654270234237212, 0.0008751036082335816, 0.0003573487401640607, 0.00017536030909303668, 0.008770037215388543, 0.021740252586641716, 0.0, 0.020872889103723855, 0.013213413392094382, 0.004280638558171202, 0.0009711743295266204, 9.308054803046169e-05, 0.0006049160656973142, 0.0013415185288836924, 0.0009456054837718913, 0.0022551322994209563, 0.0002962865474116571, 0.00011741737077837413, 0.001040018692654672, 0.0009745069504356158, 0.0005307902226282981] and parameters: {'lag_0': 0.682247827665116, 'lag_1': 0.02133486131412164, 'lag_2': 0.35560808030794094, 'lag_3': 0.7980666100012102, 'lag_4': 0.4207738709118731, 'lag_5': 0.639026597895356, 'lag_6': 0.9527337438101157, 'lag_7': 0.6070145676009302, 'lag_8': 0.006193815688630211, 'lag_9': 0.27791271164542986, 'lag_10': 0.34134931241487737, 'lag_11': 0.041803085968259726, 'lag_12': 0.7516926918009371, 'lag_13': 0.04521016933861001, 'lag_14': 0.9210751793057609, 'lag_15': 0.5898595035284853, 'lag_16': 0.8835741061416401, 'lag_17': 0.9535182512217186, 'lag_18': 0.3281740623465912, 'lag_19': 0.7559100028934072, 'lag_20': 0.9250681622628449, 'lag_21': 0.6160404612574916, 'lag_22': 0.8558646508258393, 'lag_23': 0.6243049597973455, 'lag_24': 0.4898966756411477, 'lag_25': 0.5513522088921828, 'lag_26': 0.147284729285781, 'lag_27': 0.9996941809321871, 'lag_28': 0.025096791678820906}.
[I 2025-10-03 11:36:09,526] Trial 13 finished with values: [0.01738089467615543, 0.0012239565781643489, 0.0020262391981450867, 0.0019972503326283024, 0.00237512015317977, 0.0025166480248229118, 0.0014828418240121727, 0.0025124264051260316, 0.003002466030377382, 0.0006041322621290346, 0.0002650603866985258, 0.00030498341138465935, 0.008831389966369488, 0.022500210047527974, 0.0, 0.021968632010001925, 0.014003056258575794, 0.003530549991640642, 0.000617308657570337, 0.00018059950287434463, 0.0008198997043268489, 0.0010473020991073976, 0.000617323328708598, 0.001842533981048006, 0.00020610401964142843, 0.0001536034491975787, 0.0008501549515289271, 0.0014847582387388402, 0.0015229664559700327] and parameters: {'lag_0': 0.6910836922470586, 'lag_1': 0.494265091202256, 'lag_2': 0.7819681222874708, 'lag_3': 0.43856648086496425, 'lag_4': 0.602912834101657, 'lag_5': 0.8917156218348219, 'lag_6': 0.50189291101125, 'lag_7': 0.3752996514186973, 'lag_8': 0.7153931701806532, 'lag_9': 0.23582462860010553, 'lag_10': 0.407817270999971, 'lag_11': 0.4035273571030994, 'lag_12': 0.6525000162846498, 'lag_13': 0.432674309142767, 'lag_14': 0.37912495433003784, 'lag_15': 0.5339879311763526, 'lag_16': 0.14843809506589908, 'lag_17': 0.5650509246597698, 'lag_18': 0.9924466663087211, 'lag_19': 0.11133722995040335, 'lag_20': 0.814273386424624, 'lag_21': 0.07349387699960673, 'lag_22': 0.8490796770664132, 'lag_23': 0.940437401367918, 'lag_24': 0.9654108229988412, 'lag_25': 0.9090709342202944, 'lag_26': 0.8231581055217603, 'lag_27': 0.8801055113555164, 'lag_28': 0.22292994540192232}.
[I 2025-10-03 11:36:12,340] Trial 14 finished with values: [0.01407300548615242, 0.006186145274225057, 0.0022374955015961235, 0.00033949410689203664, 0.004551866270361944, 0.0035358240537636315, 0.0011726646772685764, 0.0009758624512283184, 0.0023695526302431364, 0.0009832208731559333, 0.0007612372551456241, 0.00039187738393600056, 0.01002305568726411, 0.017746076116192416, 0.0, 0.026464620239038405, 0.0157848699834503, 0.004773515515397942, 0.000713229066552215, 4.99565627367048e-05, 0.0007981234887520216, 0.0014488305922499402, 0.0007989780348144213, 0.002616281595283228, 0.00029231732532064873, 4.3381792539050084e-05, 0.0017260747747193266, 0.0016026954032087523, 0.0009338662301111109] and parameters: {'lag_0': 0.4116835371451352, 'lag_1': 0.25750115565554443, 'lag_2': 0.8281732300591208, 'lag_3': 0.8039166076232501, 'lag_4': 0.5476077851459499, 'lag_5': 0.34992329103332603, 'lag_6': 0.7047649359097359, 'lag_7': 0.11311821077788833, 'lag_8': 0.5209339179136683, 'lag_9': 0.8383044236732623, 'lag_10': 0.7802805895759105, 'lag_11': 0.16584542555268086, 'lag_12': 0.4796319437138484, 'lag_13': 0.3311845715558221, 'lag_14': 0.597986273322188, 'lag_15': 0.45723009912757295, 'lag_16': 0.7428775612880675, 'lag_17': 0.9949082448308589, 'lag_18': 0.38705213777549313, 'lag_19': 0.28832405516516135, 'lag_20': 0.9165838781044644, 'lag_21': 0.34873808713914967, 'lag_22': 0.3714041166643263, 'lag_23': 0.8978451843862705, 'lag_24': 0.8382095442182677, 'lag_25': 0.178551210234962, 'lag_26': 0.5653197157430372, 'lag_27': 0.28078389776611035, 'lag_28': 0.3257372200807082}.
[I 2025-10-03 11:36:15,015] Trial 15 finished with values: [0.017926664022737786, 0.00255369213670372, 0.0010650492706522623, 0.0009283708692805658, 0.002140169760881957, 0.005757527498011566, 0.00216110686974691, 0.002302646270530509, 0.002532428179440812, 0.0008289039517168035, 0.00040004132091572554, 9.73185664286417e-05, 0.008631466685109617, 0.022249672593852462, 0.0, 0.023619211050075688, 0.014907805975081054, 0.00466901931596414, 0.0004749723375244394, 0.0001055666425269691, 0.0011213182291990268, 0.0010598250757886177, 0.0006908398451781273, 0.0018896576558222792, 9.626510897929887e-05, 0.000207810159232636, 0.0007165203497674431, 0.0017988799870237, 0.0008715061257313642] and parameters: {'lag_0': 0.42307511247305185, 'lag_1': 0.9528559698044078, 'lag_2': 0.6081846232922401, 'lag_3': 0.41343436667720085, 'lag_4': 0.23689581679874866, 'lag_5': 0.46372498080339764, 'lag_6': 0.0621557842186111, 'lag_7': 0.2702456262953346, 'lag_8': 0.9470723995112019, 'lag_9': 0.8029946314825728, 'lag_10': 0.1702701385572181, 'lag_11': 0.8041061872636266, 'lag_12': 0.5803562606098641, 'lag_13': 0.6432824277589346, 'lag_14': 0.3146411402959388, 'lag_15': 0.7328070192933674, 'lag_16': 0.3624267163053053, 'lag_17': 0.3908995860614774, 'lag_18': 0.8652441979400207, 'lag_19': 0.590691612445264, 'lag_20': 0.312707327564991, 'lag_21': 0.4333192813091358, 'lag_22': 0.28594303799926696, 'lag_23': 0.28160345350198707, 'lag_24': 0.39237563992466473, 'lag_25': 0.42455811006936806, 'lag_26': 0.5458149935601361, 'lag_27': 0.7845655866596674, 'lag_28': 0.0644202528684913}.
