[I 2025-09-29 13:23:16,651] Trial 24 finished with value: 0.011958222138106784 and parameters: {'lag_0': 0.8603296722403757, 'lag_1': 0.4613146700868284, 'lag_2': 0.6786978664462756, 'lag_3': 0.5528463294106073, 'lag_4': 0.8031166823814985, 'lag_5': 0.4908106312498027, 'lag_6': 0.9462868221516145, 'lag_7': 0.30221607851367416, 'lag_8': 0.21468093691914839, 'lag_9': 0.15616381683339942, 'lag_10': 0.8329104888304198, 'lag_11': 0.550286793058608, 'lag_12': 0.49713815198384104, 'lag_13': 0.16814557562479138, 'lag_14': 0.8489449740236021, 'lag_15': 0.5115035084220214, 'lag_16': 0.42457872451375994, 'lag_17': 0.09946234313939847, 'lag_18': 0.43093734486732294, 'lag_19': 0.21147907770470398, 'lag_20': 0.49306808608306024, 'lag_21': 0.44235508074481183, 'lag_22': 0.18053844539417135, 'lag_23': 0.60504916561464, 'lag_24': 0.754694639047129, 'lag_25': 0.11314030295136479, 'lag_26': 0.29737483251777497, 'lag_27': 0.3586135065693713, 'lag_28': 0.841597311349161}. Best is trial 3 with value: 0.010916847763339243.
[I 2025-09-29 13:23:19,147] Trial 25 finished with value: 0.011378951750872501 and parameters: {'lag_0': 0.7537422351043715, 'lag_1': 0.36734147218737045, 'lag_2': 0.4579132919512155, 'lag_3': 0.342992729885776, 'lag_4': 0.9207664234762637, 'lag_5': 0.6413022852886, 'lag_6': 0.6035424906994541, 'lag_7': 0.5314589673152437, 'lag_8': 0.5580040470980269, 'lag_9': 0.2812330466489439, 'lag_10': 0.46112177689248696, 'lag_11': 0.6693443582802341, 'lag_12': 0.08464247564440543, 'lag_13': 0.25761013120561205, 'lag_14': 0.566985226603, 'lag_15': 0.6336585380289087, 'lag_16': 0.30224006497367806, 'lag_17': 0.09567767626220475, 'lag_18': 0.2642537029074003, 'lag_19': 0.0015004268317340697, 'lag_20': 0.5806319230458623, 'lag_21': 0.054309832935165156, 'lag_22': 0.6290865686894053, 'lag_23': 0.25916683404565616, 'lag_24': 0.921927787957307, 'lag_25': 0.41692826578140496, 'lag_26': 0.88498945939842, 'lag_27': 0.9974196936677738, 'lag_28': 0.4443669361582716}. Best is trial 3 with value: 0.010916847763339243.
[I 2025-09-29 13:23:21,637] Trial 26 finished with value: 0.01118440079456914 and parameters: {'lag_0': 0.45927903947020365, 'lag_1': 0.2577004022920529, 'lag_2': 0.5302236340023279, 'lag_3': 0.18082524441766257, 'lag_4': 0.5247909194521881, 'lag_5': 0.8439099306876813, 'lag_6': 0.8009814616661906, 'lag_7': 0.09467337730064895, 'lag_8': 0.33578804452771605, 'lag_9': 0.06889370811223584, 'lag_10': 0.8055361561527852, 'lag_11': 0.802388399699386, 'lag_12': 0.23349564826277094, 'lag_13': 0.1030865305428347, 'lag_14': 0.7172089254133567, 'lag_15': 0.022747842709851973, 'lag_16': 0.594782822941334, 'lag_17': 0.004400290301634413, 'lag_18': 0.13146050278386762, 'lag_19': 0.3813004035712569, 'lag_20': 0.698901501325532, 'lag_21': 0.4081150710581011, 'lag_22': 0.48940111166022743, 'lag_23': 0.3939039654769255, 'lag_24': 0.3361502338847392, 'lag_25': 0.2796760119871736, 'lag_26': 0.001193860337920738, 'lag_27': 0.8840286820971197, 'lag_28': 0.5783477219166439}. Best is trial 3 with value: 0.010916847763339243.
[I 2025-09-29 13:23:24,130] Trial 27 finished with value: 0.012176881775263732 and parameters: {'lag_0': 0.2117826838360236, 'lag_1': 0.20952203249426835, 'lag_2': 0.5163768176772129, 'lag_3': 0.15086732478020226, 'lag_4': 0.37830693774182456, 'lag_5': 0.9921132704971614, 'lag_6': 0.9278135166372161, 'lag_7': 0.12180468408826853, 'lag_8': 0.47040546208961065, 'lag_9': 0.020358168656560663, 'lag_10': 0.8214786262101429, 'lag_11': 0.9270236615703433, 'lag_12': 0.21194819759889477, 'lag_13': 0.07394192483826689, 'lag_14': 0.6709440501064287, 'lag_15': 0.09250183873085248, 'lag_16': 0.007715556507297744, 'lag_17': 0.27070802618700196, 'lag_18': 0.1088074231082757, 'lag_19': 0.7169744492884041, 'lag_20': 0.8978148402909684, 'lag_21': 0.38033366058665397, 'lag_22': 0.4985096650554991, 'lag_23': 0.6859328379328644, 'lag_24': 0.30741861554811445, 'lag_25': 0.25998933346335784, 'lag_26': 0.2025156235675159, 'lag_27': 0.5569885079192078, 'lag_28': 0.5362940417354372}. Best is trial 3 with value: 0.010916847763339243.
[I 2025-09-29 13:23:26,622] Trial 28 finished with value: 0.01190437106528547 and parameters: {'lag_0': 0.38907664568637, 'lag_1': 0.11353742862915361, 'lag_2': 0.34575940225834323, 'lag_3': 0.7542348888975363, 'lag_4': 0.5507769836380145, 'lag_5': 0.834698236182664, 'lag_6': 0.7388497260501934, 'lag_7': 0.39401303805203775, 'lag_8': 0.1652204117038671, 'lag_9': 0.09672183799334039, 'lag_10': 0.6354599315403622, 'lag_11': 0.3717749811532165, 'lag_12': 0.07101135383590901, 'lag_13': 0.08924250454840177, 'lag_14': 0.4902362322591847, 'lag_15': 0.0014669344217190482, 'lag_16': 0.8501416429641118, 'lag_17': 0.007496378929033931, 'lag_18': 0.010176057800539762, 'lag_19': 0.39060440549032727, 'lag_20': 0.7177737960256412, 'lag_21': 0.43471898040486207, 'lag_22': 0.6392022690908299, 'lag_23': 0.36405279815100117, 'lag_24': 0.4398135374908074, 'lag_25': 0.12353850214960949, 'lag_26': 0.049609035409855236, 'lag_27': 0.13483144550324888, 'lag_28': 0.304215151501335}. Best is trial 3 with value: 0.010916847763339243.
[I 2025-09-29 13:23:29,252] Trial 29 finished with value: 0.012542417819373708 and parameters: {'lag_0': 0.4526570291985327, 'lag_1': 0.6082800900330161, 'lag_2': 0.9737536810818608, 'lag_3': 0.43414538637722305, 'lag_4': 0.49419548881511227, 'lag_5': 0.771259129930789, 'lag_6': 0.6356637732512899, 'lag_7': 0.08659486074907902, 'lag_8': 0.04058186190582774, 'lag_9': 0.48656626249468105, 'lag_10': 0.9795656417552229, 'lag_11': 0.8467578968458004, 'lag_12': 0.17394513345313178, 'lag_13': 0.515089652897736, 'lag_14': 0.38463853355003363, 'lag_15': 0.20584007706090315, 'lag_16': 0.4595298195960863, 'lag_17': 0.5728266312656219, 'lag_18': 0.9693224678523598, 'lag_19': 0.5867126838394849, 'lag_20': 0.73014267197637, 'lag_21': 0.613521253528389, 'lag_22': 0.8062628667754949, 'lag_23': 0.7639735669049625, 'lag_24': 0.29559303376769314, 'lag_25': 0.493773246152524, 'lag_26': 0.008506088355765027, 'lag_27': 0.8738342315732757, 'lag_28': 0.9913128213592995}. Best is trial 3 with value: 0.010916847763339243.
[I 2025-09-29 13:23:31,749] Trial 30 finished with value: 0.011886574698240646 and parameters: {'lag_0': 0.32615911882143733, 'lag_1': 0.26105955308760537, 'lag_2': 0.23019595028062617, 'lag_3': 0.6849993803056504, 'lag_4': 0.5785027059982744, 'lag_5': 0.8632556913408487, 'lag_6': 0.43835562788609783, 'lag_7': 0.6097079159900967, 'lag_8': 0.2703343426445037, 'lag_9': 0.991825071047846, 'lag_10': 0.5375047763238859, 'lag_11': 0.06386780818991733, 'lag_12': 0.19147812285781896, 'lag_13': 0.09993682838941709, 'lag_14': 0.8315609463747776, 'lag_15': 0.8429420774892448, 'lag_16': 0.2909616373062782, 'lag_17': 0.14547749230682683, 'lag_18': 0.8047767498821087, 'lag_19': 0.9026354088832175, 'lag_20': 0.8640085223082064, 'lag_21': 0.8705725306173135, 'lag_22': 0.4908709930082716, 'lag_23': 0.8847545533295347, 'lag_24': 0.041323839190864464, 'lag_25': 0.3968819139564355, 'lag_26': 0.6795441569626515, 'lag_27': 0.3786088175168165, 'lag_28': 0.7245293359739571}. Best is trial 3 with value: 0.010916847763339243.
[I 2025-09-29 13:23:34,244] Trial 31 finished with value: 0.017588144420351788 and parameters: {'lag_0': 0.6132791261691202, 'lag_1': 0.39986044166236406, 'lag_2': 0.5818443917121957, 'lag_3': 0.1726143274874877, 'lag_4': 0.9149127793562267, 'lag_5': 0.44300550832463226, 'lag_6': 0.7862955535289858, 'lag_7': 0.24030167340250727, 'lag_8': 0.3478679933133537, 'lag_9': 0.19617528427641334, 'lag_10': 0.7819374003109406, 'lag_11': 0.777425366310098, 'lag_12': 0.29183239510162184, 'lag_13': 0.4539949804229025, 'lag_14': 0.7201021738369446, 'lag_15': 0.4592004309940135, 'lag_16': 0.6043604324756511, 'lag_17': 0.09364751922549862, 'lag_18': 0.20253646139061082, 'lag_19': 0.1818932336155628, 'lag_20': 0.5696883398399781, 'lag_21': 0.20239971431744486, 'lag_22': 0.36472696959295764, 'lag_23': 0.45093481577604816, 'lag_24': 0.6175787813407907, 'lag_25': 0.29230376707371547, 'lag_26': 0.7781213806788059, 'lag_27': 0.7914739439760333, 'lag_28': 0.5867106776120401}. Best is trial 3 with value: 0.010916847763339243.
[I 2025-09-29 13:23:36,746] Trial 32 finished with value: 0.0119341184473481 and parameters: {'lag_0': 0.6768175485480925, 'lag_1': 0.5156666796261684, 'lag_2': 0.8028230221255321, 'lag_3': 0.21787683384486908, 'lag_4': 0.7347999181993831, 'lag_5': 0.5410744935053565, 'lag_6': 0.8186792695174592, 'lag_7': 0.24778678294411544, 'lag_8': 0.4128850792559884, 'lag_9': 0.11908794314582355, 'lag_10': 0.6682627862167062, 'lag_11': 0.6696458862252922, 'lag_12': 0.3650386233516621, 'lag_13': 0.5240086531412032, 'lag_14': 0.6186139088615021, 'lag_15': 0.591978416388705, 'lag_16': 0.5809636334402576, 'lag_17': 0.06500077527461957, 'lag_18': 0.38472095611005985, 'lag_19': 0.727073500123308, 'lag_20': 0.3694129766616238, 'lag_21': 0.2634293812484054, 'lag_22': 0.41569093106541455, 'lag_23': 0.5528698157685421, 'lag_24': 0.5041993005475055, 'lag_25': 0.18339777848076128, 'lag_26': 0.46209325388206196, 'lag_27': 0.9396571098109867, 'lag_28': 0.6228546714078733}. Best is trial 3 with value: 0.010916847763339243.
[I 2025-09-29 13:23:39,239] Trial 33 finished with value: 0.011905552349327974 and parameters: {'lag_0': 0.5515675863439702, 'lag_1': 0.3109801664230897, 'lag_2': 0.6615786952475012, 'lag_3': 0.3201168239796999, 'lag_4': 0.9905739238968849, 'lag_5': 0.7265899130022682, 'lag_6': 0.9020551669837713, 'lag_7': 0.11847166569309416, 'lag_8': 0.5961816149771794, 'lag_9': 0.24269670699732077, 'lag_10': 0.8656848861579993, 'lag_11': 0.8162657136280892, 'lag_12': 0.2600880164178671, 'lag_13': 0.20474755359388574, 'lag_14': 0.9451821216172887, 'lag_15': 0.5512469229948221, 'lag_16': 0.6688008831255209, 'lag_17': 0.0032168644753703436, 'lag_18': 0.11144796223563279, 'lag_19': 0.2873808469484298, 'lag_20': 0.4686346267283956, 'lag_21': 0.14072527599946955, 'lag_22': 0.15674916456964752, 'lag_23': 0.38833600791970635, 'lag_24': 0.38576849641922506, 'lag_25': 0.060861060678879614, 'lag_26': 0.6078379622407636, 'lag_27': 0.7035949376927484, 'lag_28': 0.6568496860637217}. Best is trial 3 with value: 0.010916847763339243.
[I 2025-09-29 13:23:41,733] Trial 34 finished with value: 0.011486994796463429 and parameters: {'lag_0': 0.44955578761445414, 'lag_1': 0.16700352937412738, 'lag_2': 0.4771249777923665, 'lag_3': 0.07509068422937526, 'lag_4': 0.31460659278801867, 'lag_5': 0.2556800645030556, 'lag_6': 0.7508590834003476, 'lag_7': 0.33900148555402465, 'lag_8': 0.09362707337254915, 'lag_9': 0.3268718014577787, 'lag_10': 0.768330923884416, 'lag_11': 0.5262335082936327, 'lag_12': 0.15487120893323067, 'lag_13': 0.14535997546059104, 'lag_14': 0.8419749729965877, 'lag_15': 0.3949939287328349, 'lag_16': 0.47518476833986084, 'lag_17': 0.20233029805583114, 'lag_18': 0.3072791821976566, 'lag_19': 0.46026299561789796, 'lag_20': 0.6590198848807484, 'lag_21': 0.0541213481795037, 'lag_22': 0.31077567271697326, 'lag_23': 0.6127846402442093, 'lag_24': 0.6442395507748261, 'lag_25': 0.3588247206068889, 'lag_26': 0.3826111181820555, 'lag_27': 0.8398569394267621, 'lag_28': 0.47487828899164647}. Best is trial 3 with value: 0.010916847763339243.
[I 2025-09-29 13:23:44,231] Trial 35 finished with value: 0.012281728681604468 and parameters: {'lag_0': 0.7676967147458826, 'lag_1': 0.48488623209588866, 'lag_2': 0.9018745935554678, 'lag_3': 0.5258998987360721, 'lag_4': 0.22664362242447772, 'lag_5': 0.649935561327619, 'lag_6': 0.29182375348210143, 'lag_7': 0.38304960690601736, 'lag_8': 0.15093445723397209, 'lag_9': 0.06183824473116542, 'lag_10': 0.9229592315225692, 'lag_11': 0.9214611212252481, 'lag_12': 0.48824363411885513, 'lag_13': 0.29738969405798876, 'lag_14': 0.7267377294493473, 'lag_15': 0.10678831566596665, 'lag_16': 0.07692272996456972, 'lag_17': 0.12977595147056814, 'lag_18': 0.5320471220427718, 'lag_19': 0.7944812721297005, 'lag_20': 0.29934366912537436, 'lag_21': 0.4897089643486044, 'lag_22': 0.40121374942111127, 'lag_23': 0.49251710308705066, 'lag_24': 0.8717962147408937, 'lag_25': 0.5585604253742014, 'lag_26': 0.21828772073023744, 'lag_27': 0.9386232172547966, 'lag_28': 0.8773905187245197}. Best is trial 3 with value: 0.010916847763339243.
[I 2025-09-29 13:23:46,728] Trial 36 finished with value: 0.011539050102576484 and parameters: {'lag_0': 0.5331852615471836, 'lag_1': 0.8148906369590221, 'lag_2': 0.19289738190151015, 'lag_3': 0.38799552508017043, 'lag_4': 0.8599075379669415, 'lag_5': 0.18550943130854203, 'lag_6': 0.5495150507943163, 'lag_7': 0.26674004161755593, 'lag_8': 0.30053412921995354, 'lag_9': 0.18275599834387662, 'lag_10': 0.6114526564280159, 'lag_11': 0.9762596144938614, 'lag_12': 0.34901514585717947, 'lag_13': 0.3811989659679458, 'lag_14': 0.881616624744496, 'lag_15': 0.0011125075087566327, 'lag_16': 0.5449612315607557, 'lag_17': 0.0008927307816765997, 'lag_18': 0.2211945312796128, 'lag_19': 0.3515764573365954, 'lag_20': 0.7990354532174506, 'lag_21': 0.29322545379458886, 'lag_22': 0.4879384699602882, 'lag_23': 0.42269152498393286, 'lag_24': 0.5650455799893358, 'lag_25': 0.2551845828369952, 'lag_26': 0.9245078149926402, 'lag_27': 0.7607481859523758, 'lag_28': 0.5493643916200269}. Best is trial 3 with value: 0.010916847763339243.
[I 2025-09-29 13:23:49,224] Trial 37 finished with value: 0.011983350232200018 and parameters: {'lag_0': 0.8679519662756885, 'lag_1': 0.08503525031189443, 'lag_2': 0.10802510443702534, 'lag_3': 0.19275327201604062, 'lag_4': 0.6848437846057743, 'lag_5': 0.3805363912095586, 'lag_6': 0.6507283240930707, 'lag_7': 0.832409309324262, 'lag_8': 0.4995853179435088, 'lag_9': 0.27747731696440137, 'lag_10': 0.4799241882594709, 'lag_11': 0.47838914534562826, 'lag_12': 0.05404692640928804, 'lag_13': 0.5773833730257489, 'lag_14': 0.19406648181439917, 'lag_15': 0.31779552612740036, 'lag_16': 0.7291465049334893, 'lag_17': 0.44531378509320885, 'lag_18': 0.3930462881507579, 'lag_19': 0.0658289923827019, 'lag_20': 0.7393491019172188, 'lag_21': 0.39473767364621143, 'lag_22': 0.6677262976133012, 'lag_23': 0.3402564240379621, 'lag_24': 0.2814040105289136, 'lag_25': 0.00040274813661128617, 'lag_26': 0.8257749282262948, 'lag_27': 0.8998820711710706, 'lag_28': 0.7410124429878042}. Best is trial 3 with value: 0.010916847763339243.
[I 2025-09-29 13:23:51,715] Trial 38 finished with value: 0.01177390043798985 and parameters: {'lag_0': 0.590508588085511, 'lag_1': 0.986493225110498, 'lag_2': 0.4006257089516064, 'lag_3': 0.27922577720453434, 'lag_4': 0.7954601730029656, 'lag_5': 0.31293018380641785, 'lag_6': 0.8741242435130054, 'lag_7': 0.45080212220081894, 'lag_8': 0.41429170051627334, 'lag_9': 0.38018361803703987, 'lag_10': 0.8969525654961632, 'lag_11': 0.3159998840977555, 'lag_12': 0.13331148319933905, 'lag_13': 0.2533664689226831, 'lag_14': 0.5447979176034413, 'lag_15': 0.6684611391885157, 'lag_16': 0.4184991919997739, 'lag_17': 0.23182560431610058, 'lag_18': 0.15589226047564547, 'lag_19': 0.24498238881981987, 'lag_20': 0.26712050151402694, 'lag_21': 0.600529529089522, 'lag_22': 0.7694097957859871, 'lag_23': 0.18879870291505796, 'lag_24': 0.1361780790557519, 'lag_25': 0.46431416290748145, 'lag_26': 0.70875230891675, 'lag_27': 0.5444268921565492, 'lag_28': 0.38588732500298395}. Best is trial 3 with value: 0.010916847763339243.
[I 2025-09-29 13:23:54,216] Trial 39 finished with value: 0.01187199071868825 and parameters: {'lag_0': 0.4863819523936469, 'lag_1': 0.9133071817767987, 'lag_2': 0.30295964824378574, 'lag_3': 0.04623298815595506, 'lag_4': 0.6195474076668371, 'lag_5': 0.8834301005541287, 'lag_6': 0.9969386333961849, 'lag_7': 0.19715671146213826, 'lag_8': 0.7797776518008681, 'lag_9': 0.23688263871585785, 'lag_10': 0.5127782487023073, 'lag_11': 0.7441993700547039, 'lag_12': 0.4028943057736663, 'lag_13': 0.6430692091881015, 'lag_14': 0.45027396198677555, 'lag_15': 0.7554215525364942, 'lag_16': 0.7763978188496019, 'lag_17': 0.3032297899539734, 'lag_18': 0.3240723887033622, 'lag_19': 0.6061540647087731, 'lag_20': 0.6931829182348247, 'lag_21': 0.1672942430895162, 'lag_22': 0.5754128293418864, 'lag_23': 0.27236033419480155, 'lag_24': 0.7734260675693339, 'lag_25': 0.384542325927711, 'lag_26': 0.16699108077214464, 'lag_27': 0.42077732003871426, 'lag_28': 0.6396456119435514}. Best is trial 3 with value: 0.010916847763339243.
[I 2025-09-29 13:23:56,713] Trial 40 finished with value: 0.01225348312044596 and parameters: {'lag_0': 0.6728626921778651, 'lag_1': 0.03757836836971096, 'lag_2': 0.5492059804977487, 'lag_3': 0.12618704945631548, 'lag_4': 0.9537657916672428, 'lag_5': 0.6961356037494434, 'lag_6': 0.08844181398943124, 'lag_7': 0.025353791510987683, 'lag_8': 0.9991331730642374, 'lag_9': 0.09195872187225752, 'lag_10': 0.9904683662057261, 'lag_11': 0.6092284711444491, 'lag_12': 0.3149594205609795, 'lag_13': 0.3417754411576561, 'lag_14': 0.8021084393335536, 'lag_15': 0.21640134338371297, 'lag_16': 0.6361596870569985, 'lag_17': 0.6781755189298536, 'lag_18': 0.05675174882589645, 'lag_19': 0.9113995733896627, 'lag_20': 0.43531559437514333, 'lag_21': 0.23565428079647355, 'lag_22': 0.2669824185501367, 'lag_23': 0.11983446825645577, 'lag_24': 0.4639594109163455, 'lag_25': 0.1631752551604451, 'lag_26': 0.2714304616726075, 'lag_27': 0.6854134338145995, 'lag_28': 0.4690876564567845}. Best is trial 3 with value: 0.010916847763339243.
[I 2025-09-29 13:23:59,218] Trial 41 finished with value: 0.011662730230826346 and parameters: {'lag_0': 0.7086153612360558, 'lag_1': 0.3457705777018616, 'lag_2': 0.5917725160340068, 'lag_3': 0.3921250361114942, 'lag_4': 0.8386091284434837, 'lag_5': 0.7897412156824813, 'lag_6': 0.8251972864137895, 'lag_7': 0.1391009625382406, 'lag_8': 0.26633770683970187, 'lag_9': 0.3895265840995248, 'lag_10': 0.7403991297297537, 'lag_11': 0.7649218276018143, 'lag_12': 0.2509883715625189, 'lag_13': 0.35612492516184097, 'lag_14': 0.7288911756711527, 'lag_15': 0.2994214344383568, 'lag_16': 0.6859781750497165, 'lag_17': 0.059701334661974866, 'lag_18': 0.26258897726256625, 'lag_19': 0.05155426020081688, 'lag_20': 0.3854191076858944, 'lag_21': 0.14938411556895795, 'lag_22': 0.4401742902925651, 'lag_23': 0.3072888511339935, 'lag_24': 0.6984324943690976, 'lag_25': 0.31675990949569377, 'lag_26': 0.7681812079823034, 'lag_27': 0.6948298362698547, 'lag_28': 0.5962734695182909}. Best is trial 3 with value: 0.010916847763339243.
[I 2025-09-29 13:24:01,718] Trial 42 finished with value: 0.012261972653981174 and parameters: {'lag_0': 0.7120375049488852, 'lag_1': 0.31210659511422156, 'lag_2': 0.6983273142190118, 'lag_3': 0.44743116438766184, 'lag_4': 0.8809803559148514, 'lag_5': 0.7276004542340428, 'lag_6': 0.8453251078645407, 'lag_7': 0.21189369301052766, 'lag_8': 0.34115521095848794, 'lag_9': 0.5225631489714226, 'lag_10': 0.7916072237835751, 'lag_11': 0.6908611818808801, 'lag_12': 0.19742591624925568, 'lag_13': 0.3946947412082977, 'lag_14': 0.8952054446734161, 'lag_15': 0.3666534031825641, 'lag_16': 0.7284802069408131, 'lag_17': 0.06362937433733373, 'lag_18': 0.31095831618029224, 'lag_19': 0.12720136106137092, 'lag_20': 0.5207510135092683, 'lag_21': 0.08525529001217484, 'lag_22': 0.4623676853673671, 'lag_23': 0.4117811804249523, 'lag_24': 0.7309379462080392, 'lag_25': 0.35133720071685537, 'lag_26': 0.9340167378489423, 'lag_27': 0.8248398158535316, 'lag_28': 0.608151660332884}. Best is trial 3 with value: 0.010916847763339243.
[I 2025-09-29 13:24:04,224] Trial 43 finished with value: 0.011560038046745682 and parameters: {'lag_0': 0.7977350883387682, 'lag_1': 0.2472688693597083, 'lag_2': 0.6234797140695889, 'lag_3': 0.34617012927358587, 'lag_4': 0.7731480466353313, 'lag_5': 0.6244144310541544, 'lag_6': 0.7871928600220386, 'lag_7': 0.0754582917857303, 'lag_8': 0.1738819710109833, 'lag_9': 0.00048447338173551735, 'lag_10': 0.676236369913933, 'lag_11': 0.8917211961803853, 'lag_12': 0.2292121676538076, 'lag_13': 0.47069316337958267, 'lag_14': 0.7016165656263699, 'lag_15': 0.4329408371643367, 'lag_16': 0.8709509298618701, 'lag_17': 0.04601221591161623, 'lag_18': 0.4414112036038488, 'lag_19': 0.1450819074989778, 'lag_20': 0.2429050920913851, 'lag_21': 0.1776625285942826, 'lag_22': 0.529521538339796, 'lag_23': 0.5743822637737394, 'lag_24': 0.8569378770609855, 'lag_25': 0.2850451251224274, 'lag_26': 0.8303314185554077, 'lag_27': 0.7230095108150681, 'lag_28': 0.5517452785498225}. Best is trial 3 with value: 0.010916847763339243.
[I 2025-09-29 13:24:06,718] Trial 44 finished with value: 0.011826557676442966 and parameters: {'lag_0': 0.6406302840450591, 'lag_1': 0.3916379665419322, 'lag_2': 0.5074872671141506, 'lag_3': 0.2740954876285318, 'lag_4': 0.8265125552514256, 'lag_5': 0.7827980715520028, 'lag_6': 0.8884122831434066, 'lag_7': 0.2818877585587062, 'lag_8': 0.2580867963015127, 'lag_9': 0.5875462516659025, 'lag_10': 0.7416022923532175, 'lag_11': 0.9377628488684638, 'lag_12': 0.11736195797218266, 'lag_13': 0.5414430697489291, 'lag_14': 0.6102048914678486, 'lag_15': 0.3508509735960075, 'lag_16': 0.6845097053551926, 'lag_17': 0.15985282726707375, 'lag_18': 0.0791837530174776, 'lag_19': 0.056194548264065426, 'lag_20': 0.3761255148817084, 'lag_21': 0.3317349957699864, 'lag_22': 0.3903335415574908, 'lag_23': 0.3275422289441053, 'lag_24': 0.6745954539193533, 'lag_25': 0.22361588466501792, 'lag_26': 0.6649922800779267, 'lag_27': 0.9592666087025605, 'lag_28': 0.510249396485864}. Best is trial 3 with value: 0.010916847763339243.
