[I 2025-10-03 11:38:34,742] Trial 66 finished with values: [0.0047337278106508885, 0.014618464588161555, 0.009705048122090606, 0.005453431972206155, 0.0021097790678820186, 0.009881560507163505, 0.0013233183284914623, 0.0010508832991367085, 0.008103626003748293, 0.00044416172064732794, 0.002075478716012755, 0.0031616563610975023, 0.0020602017339786034, 0.09902660736431308, 0.0, 0.0076021062104918964, 0.01454701487069498, 0.0016663288290313775, 0.00032975617458823054, 0.0012442592547328944, 0.007166955410196091, 0.0012178746588908736, 0.0011824162909906655, 0.012005604605236224, 0.0009934054758795646, 0.0007705656848509994, 0.0010228544551187152, 0.0, 0.0] and parameters: {'lag_0': 0.5965650299931644, 'lag_1': 0.24927392218477912, 'lag_2': 0.6828760369509391, 'lag_3': 0.6425563502907587, 'lag_4': 0.7074280013114654, 'lag_5': 0.016765951660221615, 'lag_6': 0.9610266499579585, 'lag_7': 0.23712352216130717, 'lag_8': 0.7298858665912908, 'lag_9': 0.40929330862111163, 'lag_10': 0.6849323927415688, 'lag_11': 0.21564890637210696, 'lag_12': 0.948758378617778, 'lag_13': 0.08335327083940859, 'lag_14': 0.2877238599964254, 'lag_15': 0.2905742158102061, 'lag_16': 0.19303173964255047, 'lag_17': 0.4433309977055699, 'lag_18': 0.4168540168643474, 'lag_19': 0.757273546053133, 'lag_20': 0.7941064273775446, 'lag_21': 0.15740136779626118, 'lag_22': 0.8143872653504152, 'lag_23': 0.486217529988946, 'lag_24': 0.4105617745706795, 'lag_25': 0.3390727717919432, 'lag_26': 0.13081446918608144, 'lag_27': 0.9719279267513594, 'lag_28': 0.16738215964524236}.
[I 2025-10-03 11:38:37,431] Trial 67 finished with values: [0.016248758456550664, 0.026629352670656792, 0.013329507213199277, 0.015091266528721897, 0.0035468588551400065, 0.008601714133669279, 0.0007153783185718484, 0.0010596750809682746, 0.004732558941712384, 0.0022527632090171305, 0.0025193755019993084, 0.0066083316400091675, 0.0016767220665379642, 0.10999580190541614, 0.0, 0.007448619522868093, 0.013355379310304694, 0.0012850042134839588, 0.0003127507074546706, 0.0010297259455443904, 0.0076307051012072455, 0.0012824638934281405, 0.0008257569532424761, 0.011841411737530299, 0.0012361784045837687, 0.0009121942815773585, 0.0007276992020230275, 0.0, 0.0] and parameters: {'lag_0': 0.40640610601514926, 'lag_1': 0.024230554630831246, 'lag_2': 0.8920692804030673, 'lag_3': 0.5059707353639836, 'lag_4': 0.7187162611036451, 'lag_5': 0.05998447616533782, 'lag_6': 0.37574706655993045, 'lag_7': 0.8807889185114384, 'lag_8': 0.9027252919130903, 'lag_9': 0.5631453859820866, 'lag_10': 0.9931623587505897, 'lag_11': 0.1982222653907187, 'lag_12': 0.2395115546572989, 'lag_13': 0.35954998543451544, 'lag_14': 0.055826270074334924, 'lag_15': 0.2314241847888475, 'lag_16': 0.8153492350959722, 'lag_17': 0.7363449376919715, 'lag_18': 0.02057568425626707, 'lag_19': 0.8544292948762215, 'lag_20': 0.9027259639063119, 'lag_21': 0.6376611849193031, 'lag_22': 0.9166365145584552, 'lag_23': 0.28919038919589224, 'lag_24': 0.42935150653795834, 'lag_25': 0.2732271226892582, 'lag_26': 0.9658231612836329, 'lag_27': 0.5827683840962228, 'lag_28': 0.17767060744994428}.
[I 2025-10-03 11:38:40,118] Trial 68 finished with values: [0.006550768455530359, 0.004333404195011338, 0.005632336834111568, 0.013047669343702144, 0.007779537586752354, 0.011011229242209023, 0.0008013642666312249, 0.001459012182854608, 0.005598164310262849, 0.0003930868755292109, 0.0022778276066871012, 0.005448605427157361, 0.0032645132508628523, 0.09669644089191731, 0.0, 0.006997845705758399, 0.014029195586125217, 0.001557986732088774, 0.0003087115360368183, 0.0011249935044889202, 0.007174520258733719, 0.0014742895766695543, 0.0014765990214132237, 0.012754005970313509, 0.0013705675629651938, 0.0008013913734676213, 0.0019354757537791245, 0.0, 0.0] and parameters: {'lag_0': 0.44533910642687546, 'lag_1': 0.16667480067313747, 'lag_2': 0.9598195529457936, 'lag_3': 0.35411548640746615, 'lag_4': 0.6465434256583831, 'lag_5': 0.42493566945094197, 'lag_6': 0.4540328954969195, 'lag_7': 0.5716722139834659, 'lag_8': 0.5911272214094315, 'lag_9': 0.3783820862208304, 'lag_10': 0.2134092439382209, 'lag_11': 0.11834658960193281, 'lag_12': 0.20984102644606759, 'lag_13': 0.7636211385032615, 'lag_14': 0.6303760611539054, 'lag_15': 0.5334704079066521, 'lag_16': 0.32045620691797594, 'lag_17': 0.06293256224398551, 'lag_18': 0.6681120386971725, 'lag_19': 0.24529929889312077, 'lag_20': 0.14896222902281242, 'lag_21': 0.7468254700765784, 'lag_22': 0.3004930939947414, 'lag_23': 0.6849210220336412, 'lag_24': 0.3482285504639706, 'lag_25': 0.3805716467558033, 'lag_26': 0.21144414275302328, 'lag_27': 0.9785262574487207, 'lag_28': 0.5976065509993953}.
[I 2025-10-03 11:38:42,803] Trial 69 finished with values: [0.0024691358024691358, 0.007292972253835102, 0.014715973585745962, 0.006178831942832324, 0.0024222634732970396, 0.006618390717017327, 0.0008045668024160565, 0.0017879976881577668, 0.00798725365301558, 0.00018127667308481053, 0.002328204136620877, 0.005484708419280709, 0.0032000270672766402, 0.10243577225738117, 0.0, 0.006822156859830961, 0.013597893483876678, 0.0015189467191653848, 0.00034050093677929106, 0.0016871098603669379, 0.007011893825870694, 0.0013255978447453012, 0.0010938729624706317, 0.013731946446086085, 0.0014032117606630008, 0.000912401605654398, 0.0012451190450577356, 0.0, 0.0] and parameters: {'lag_0': 0.9881434202517122, 'lag_1': 0.6374255484094911, 'lag_2': 0.17951596549248666, 'lag_3': 0.9156130758330049, 'lag_4': 0.5851148771028256, 'lag_5': 0.7628010293738429, 'lag_6': 0.9514099531943832, 'lag_7': 0.9825701580097921, 'lag_8': 0.5621240938067941, 'lag_9': 0.48541060517575263, 'lag_10': 0.844329178237863, 'lag_11': 0.7793443884520175, 'lag_12': 0.20476060425067039, 'lag_13': 0.8669078764887195, 'lag_14': 0.7156014095834988, 'lag_15': 0.609069102699142, 'lag_16': 0.7315996558498852, 'lag_17': 0.9480603940399093, 'lag_18': 0.3790292909049243, 'lag_19': 0.44594558794352784, 'lag_20': 0.08934841692001415, 'lag_21': 0.18075324639375906, 'lag_22': 0.47473244359392314, 'lag_23': 0.4178301937145757, 'lag_24': 0.20010503527588086, 'lag_25': 0.6145322157141883, 'lag_26': 0.6088295116455688, 'lag_27': 0.9399362434104825, 'lag_28': 0.8981210242189224}.
[I 2025-10-03 11:38:45,491] Trial 70 finished with values: [0.015388888888888891, 0.011960241025874006, 0.005138538997428379, 0.008100617457818333, 0.0015058775642050846, 0.009021334342807016, 0.00037457224316299174, 0.0008905112763225035, 0.005397549662470119, 0.00021725836779084722, 0.0026950914576773515, 0.0054245849410821025, 0.002680871986309545, 0.10413952144283037, 0.0, 0.004772045457913721, 0.010853379139803596, 0.0015786337767654149, 0.00037586364394455, 0.0011731501904027268, 0.007108064401449397, 0.001281106375225529, 0.0008945916774417313, 0.01246431734629489, 0.0006125911036127838, 0.0014381577085997531, 0.0008298792468166749, 0.0, 0.0] and parameters: {'lag_0': 0.9881434202517122, 'lag_1': 0.6374255484094911, 'lag_2': 0.6828760369509391, 'lag_3': 0.9156130758330049, 'lag_4': 0.08173934541255896, 'lag_5': 0.016765951660221615, 'lag_6': 0.9610266499579585, 'lag_7': 0.9825701580097921, 'lag_8': 0.7298858665912908, 'lag_9': 0.100900966462675, 'lag_10': 0.6713907225322245, 'lag_11': 0.7793443884520175, 'lag_12': 0.20476060425067039, 'lag_13': 0.6968742864499374, 'lag_14': 0.9186364788931927, 'lag_15': 0.03963525423567455, 'lag_16': 0.19303173964255047, 'lag_17': 0.4433309977055699, 'lag_18': 0.3790292909049243, 'lag_19': 0.6808660691063226, 'lag_20': 0.08934841692001415, 'lag_21': 0.3700164522390019, 'lag_22': 0.07978502021790808, 'lag_23': 0.8324580303775139, 'lag_24': 0.1320299719724441, 'lag_25': 0.7473960877832168, 'lag_26': 0.9179219610011404, 'lag_27': 0.5326957138198848, 'lag_28': 0.9696048024990513}.
[I 2025-10-03 11:38:48,177] Trial 71 finished with values: [0.006550768455530359, 0.01335505644085288, 0.013643825658585986, 0.012035946391003168, 0.0015906691015686824, 0.0057356636653067465, 0.000596193156764558, 0.00387027351336797, 0.005765062009705876, 0.00031549251958082585, 0.0030920272731529176, 0.00513610228958652, 0.002147119388823146, 0.09996465687830872, 0.0, 0.010351078297273194, 0.014033657851837383, 0.0016821728533461331, 0.00022457497159542413, 0.0008470949086549905, 0.007854461296184287, 0.0011398029953054206, 0.0011140578102640894, 0.014067546696509536, 0.0007899020358281431, 0.0010496571475569088, 0.0009584221530962243, 0.0, 0.0] and parameters: {'lag_0': 0.9390606826157075, 'lag_1': 0.8440669816263657, 'lag_2': 0.22634008137092765, 'lag_3': 0.01865895128654158, 'lag_4': 0.6084439257873303, 'lag_5': 0.57824375435242, 'lag_6': 0.13784146240819306, 'lag_7': 0.8787015151635782, 'lag_8': 0.1447690127588506, 'lag_9': 0.4578862201798982, 'lag_10': 0.5365427696186984, 'lag_11': 0.43809831847522174, 'lag_12': 0.49681414619522696, 'lag_13': 0.24789261237665455, 'lag_14': 0.11111946651867188, 'lag_15': 0.8979689264162343, 'lag_16': 0.05164453271038874, 'lag_17': 0.42468613188438076, 'lag_18': 0.6710751123519872, 'lag_19': 0.4712212314573529, 'lag_20': 0.8957268977360329, 'lag_21': 0.5096776529163652, 'lag_22': 0.44311944970296047, 'lag_23': 0.7867551542444273, 'lag_24': 0.07758572050358528, 'lag_25': 0.5986994001091058, 'lag_26': 0.7342734503717376, 'lag_27': 0.7235780993574743, 'lag_28': 0.22463360981347777}.
[I 2025-10-03 11:38:50,879] Trial 72 finished with values: [0.009020408163265308, 0.005777559450774736, 0.007260078860092399, 0.005050021295413462, 0.0036251855139043166, 0.010364095167683642, 0.00027165058205010485, 0.00085949197235041, 0.006973461292360358, 0.00028856298494899483, 0.002175560445059614, 0.005769111747665096, 0.002444520556121546, 0.09727077590599839, 0.0, 0.00861126197391922, 0.014517180767313759, 0.001594184209732244, 0.00037879051121404305, 0.001338850597362771, 0.007425368840049925, 0.0010224152696459165, 0.0008686992756153214, 0.012817651889626438, 0.0006553436667753765, 0.0014811517773144045, 0.0011632445100945138, 0.0, 0.0] and parameters: {'lag_0': 0.0903578488990284, 'lag_1': 0.6197748942490416, 'lag_2': 0.5479198136860016, 'lag_3': 0.4304482344721819, 'lag_4': 0.08173934541255896, 'lag_5': 0.016765951660221615, 'lag_6': 0.9610266499579585, 'lag_7': 0.5977977508496052, 'lag_8': 0.7298858665912908, 'lag_9': 0.6033971972647827, 'lag_10': 0.6606259728076918, 'lag_11': 0.02697222134768662, 'lag_12': 0.7923515556096437, 'lag_13': 0.3755002856399016, 'lag_14': 0.4040317091819999, 'lag_15': 0.7228382450370623, 'lag_16': 0.19303173964255047, 'lag_17': 0.4433309977055699, 'lag_18': 0.7442512232641874, 'lag_19': 0.22835746756266934, 'lag_20': 0.7668317739547011, 'lag_21': 0.9964359480092995, 'lag_22': 0.6416921559267961, 'lag_23': 0.34341633591847814, 'lag_24': 0.32808431514927855, 'lag_25': 0.6399343049932125, 'lag_26': 0.9179219610011404, 'lag_27': 0.5326957138198848, 'lag_28': 0.16738215964524236}.
[I 2025-10-03 11:38:53,735] Trial 73 finished with values: [0.008000000000000002, 0.018487416365723243, 0.007424284113619317, 0.009529297380581987, 0.002804734605632647, 0.006809118104643093, 0.0006913566734236601, 0.001518104153288909, 0.008526022555876553, 0.00019328072235632498, 0.002484440313093218, 0.007795677555571845, 0.0025013191994517035, 0.09568828301064417, 0.0, 0.008779995879692665, 0.01342702780434706, 0.001441031528875578, 0.0002632632263174603, 0.001205326065124898, 0.007935312529415598, 0.0009766983864510383, 0.0009611931600775746, 0.011780394102577783, 0.0011547364927633331, 0.000845978018725942, 0.0008973313583673063, 0.0, 0.0] and parameters: {'lag_0': 0.3195758447241011, 'lag_1': 0.8218623627406074, 'lag_2': 0.4707091327137776, 'lag_3': 0.7317503028531601, 'lag_4': 0.5199865753678975, 'lag_5': 0.19374294966481742, 'lag_6': 0.6565069921274337, 'lag_7': 0.8574724066658423, 'lag_8': 0.8947198955471576, 'lag_9': 0.4340258179502698, 'lag_10': 0.26596750112826273, 'lag_11': 0.919213934408774, 'lag_12': 0.2371500134991108, 'lag_13': 0.4821014127453322, 'lag_14': 0.9122800460362791, 'lag_15': 0.9646823989357789, 'lag_16': 0.3205812782677839, 'lag_17': 0.5011912636755426, 'lag_18': 0.039252603390960636, 'lag_19': 0.4878771410258824, 'lag_20': 0.5527368118017846, 'lag_21': 0.4990594323974281, 'lag_22': 0.04580981977781137, 'lag_23': 0.06274848705961066, 'lag_24': 0.5266953118423471, 'lag_25': 0.08439393685125103, 'lag_26': 0.3089039923396362, 'lag_27': 0.9405892887016001, 'lag_28': 0.5707740610370475}.
[I 2025-10-03 11:38:56,436] Trial 74 finished with values: [0.013555555555555557, 0.021047383316424046, 0.006637955218185676, 0.015229090278732066, 0.0019496797786700804, 0.006554899236569893, 0.0008726272678886388, 0.0011942550840082903, 0.007304841863055969, 0.0003931467575824651, 0.0024007569619115387, 0.006145478674478795, 0.0022939920999015513, 0.10078654209458035, 0.0, 0.00412562292807356, 0.011629065171642996, 0.0016027627370832694, 0.00025270119027841567, 0.001259394605913533, 0.0077387755463444825, 0.0010722614639381745, 0.0010839362345793848, 0.012791289321931187, 0.001391759419955146, 0.000742749962372115, 0.0005264424515189045, 0.0, 0.0] and parameters: {'lag_0': 0.42140064404435584, 'lag_1': 0.4373892257968249, 'lag_2': 0.31222944523837914, 'lag_3': 0.497667194764832, 'lag_4': 0.29148939449842326, 'lag_5': 0.26506590535341634, 'lag_6': 0.36365289206189355, 'lag_7': 0.1371568881148575, 'lag_8': 0.1632902617919104, 'lag_9': 0.8805396747270692, 'lag_10': 0.728263890134557, 'lag_11': 0.3637380511088855, 'lag_12': 0.2950974555730161, 'lag_13': 0.3695485583362895, 'lag_14': 0.8574986563937154, 'lag_15': 0.5230839374541166, 'lag_16': 0.35355013757880455, 'lag_17': 0.5948913160187377, 'lag_18': 0.010727775875107697, 'lag_19': 0.6990850501137736, 'lag_20': 0.032974146407496185, 'lag_21': 0.8251092415818955, 'lag_22': 0.5864483010263833, 'lag_23': 0.17703126315068404, 'lag_24': 0.10862861586860946, 'lag_25': 0.687265858843316, 'lag_26': 0.7713744804285894, 'lag_27': 0.516280108406872, 'lag_28': 0.13509044631410447}.
[I 2025-10-03 11:38:59,129] Trial 75 finished with values: [0.001652892561983471, 0.004470980412015562, 0.009767384815152429, 0.012229039715518326, 0.000721801048822783, 0.004753860330988619, 0.00035018973280292727, 0.0022781624509522285, 0.006284171515404231, 0.00057964726924389, 0.00315369606435323, 0.007148044452146891, 0.0025491164790954627, 0.10233152549593502, 0.0, 0.006067585934622905, 0.011699367266535065, 0.0018764979388799761, 0.0002892131788128259, 0.0008619094614031496, 0.007098874970779587, 0.0008249413483057202, 0.001694095094796307, 0.012371736479345924, 0.0011511010399166326, 0.0008251799633702456, 0.0010547219232367908, 0.0, 0.0] and parameters: {'lag_0': 0.797638061609465, 'lag_1': 0.07470817833527385, 'lag_2': 0.03202441554057275, 'lag_3': 0.9067373457848995, 'lag_4': 0.9784794954714898, 'lag_5': 0.025269092770843857, 'lag_6': 0.5921293432575352, 'lag_7': 0.5471259343077116, 'lag_8': 0.1470968833666014, 'lag_9': 0.7454316685201007, 'lag_10': 0.5215344131511109, 'lag_11': 0.6283537816593054, 'lag_12': 0.31409698186204577, 'lag_13': 0.32193779914521886, 'lag_14': 0.2977656072608925, 'lag_15': 0.7329030331078432, 'lag_16': 0.8218214160708142, 'lag_17': 0.06713426015968084, 'lag_18': 0.6144856028439757, 'lag_19': 0.25725919628340715, 'lag_20': 0.21852458076076683, 'lag_21': 0.33987306686638835, 'lag_22': 0.9140299168514218, 'lag_23': 0.8407817829463128, 'lag_24': 0.8008687003704735, 'lag_25': 0.27603624111981584, 'lag_26': 0.9783469797725168, 'lag_27': 0.464234222503496, 'lag_28': 0.5221953414783113}.
[I 2025-10-03 11:39:01,819] Trial 76 finished with values: [0.0024691358024691358, 0.011605854816351638, 0.0076587332788269165, 0.007724459721596913, 0.003387472214358723, 0.006392800168474583, 0.0010611212654243652, 0.001767552201241632, 0.007894572608058965, 0.0007802306497215489, 0.002926084370175208, 0.00523072274798022, 0.00225540543438204, 0.09421518181579208, 0.0, 0.007717003929355898, 0.014230441035500235, 0.00160950385635158, 0.00020746239098305537, 0.001097701070040957, 0.007555434131742029, 0.00130847323132348, 0.000759739891678425, 0.01261569126604728, 0.0009985267256465507, 0.0008970507786432656, 0.0012216778097717865, 0.0, 0.0] and parameters: {'lag_0': 0.180875158685211, 'lag_1': 0.07470817833527385, 'lag_2': 0.03202441554057275, 'lag_3': 0.9067373457848995, 'lag_4': 0.15946110060594365, 'lag_5': 0.5266515569212845, 'lag_6': 0.6515232303324462, 'lag_7': 0.5471259343077116, 'lag_8': 0.4207899715570196, 'lag_9': 0.7454316685201007, 'lag_10': 0.5711120027603653, 'lag_11': 0.6283537816593054, 'lag_12': 0.6259703115720272, 'lag_13': 0.3000979240583412, 'lag_14': 0.5334401359259959, 'lag_15': 0.26284614970758274, 'lag_16': 0.8218214160708142, 'lag_17': 0.9760898031395333, 'lag_18': 0.38148118829152505, 'lag_19': 0.1012833586429668, 'lag_20': 0.21852458076076683, 'lag_21': 0.853927721326089, 'lag_22': 0.5202855841011643, 'lag_23': 0.6250019867499628, 'lag_24': 0.8008687003704735, 'lag_25': 0.5653525217655121, 'lag_26': 0.9783469797725168, 'lag_27': 0.464234222503496, 'lag_28': 0.051524908474773604}.
[I 2025-10-03 11:39:04,512] Trial 77 finished with values: [0.017509962564907618, 0.012523370161429381, 0.01148111282631021, 0.006446296328374429, 0.0023998349212223484, 0.007070201646825122, 0.00034734003974030194, 0.0015188998857063045, 0.006285551635051298, 0.00035566565575834776, 0.003012270436213162, 0.005360619139611983, 0.0027933988899484694, 0.09843639009996161, 0.0, 0.009900872916109964, 0.01459039424042933, 0.001756526314851047, 0.00029656456186827584, 0.0010112535095987783, 0.006835384789850041, 0.0012381236073536336, 0.001083359085060893, 0.01361879515413721, 0.0009780601624982618, 0.0007098149924907912, 0.0008863034884275306, 0.0, 0.0] and parameters: {'lag_0': 0.5215171015337907, 'lag_1': 0.4815681143861992, 'lag_2': 0.13388757373554555, 'lag_3': 0.8349996787448974, 'lag_4': 0.10159404916112125, 'lag_5': 0.1435434308340506, 'lag_6': 0.8508959248040424, 'lag_7': 0.2570811962365852, 'lag_8': 0.3814021491122027, 'lag_9': 0.010608013379563873, 'lag_10': 0.7321626210890719, 'lag_11': 0.29298778523306257, 'lag_12': 0.31409698186204577, 'lag_13': 0.32193779914521886, 'lag_14': 0.2977656072608925, 'lag_15': 0.7329030331078432, 'lag_16': 0.06039471139888502, 'lag_17': 0.06713426015968084, 'lag_18': 0.025421642878300864, 'lag_19': 0.7995466691292287, 'lag_20': 0.26226599685705554, 'lag_21': 0.33987306686638835, 'lag_22': 0.18398090326686778, 'lag_23': 0.00890913424429611, 'lag_24': 0.2067384166482648, 'lag_25': 0.26468637670862644, 'lag_26': 0.017264162118133673, 'lag_27': 0.1814474821921053, 'lag_28': 0.1654262728283939}.
[I 2025-10-03 11:39:07,199] Trial 78 finished with values: [0.010680555555555556, 0.006380138600338566, 0.004608380760287664, 0.009485892588773411, 0.0036953816205156317, 0.011714020591800252, 0.0006167902392899622, 0.0006377628506893098, 0.006664983533934568, 0.0005515970167967995, 0.0021532670533708533, 0.004645029837273437, 0.0027116114911406985, 0.09877603107523267, 0.0, 0.005976139991872445, 0.012622703492805878, 0.0016809322375559068, 0.0003622556844357548, 0.0011591687144404488, 0.007833161638703767, 0.0009556058414244611, 0.0013257429387327486, 0.012297520912065627, 0.0014826202286259927, 0.001552855253069965, 0.0010570199738485467, 0.0, 0.0] and parameters: {'lag_0': 0.44533910642687546, 'lag_1': 0.6610051175751258, 'lag_2': 0.6272307412721726, 'lag_3': 0.8517600041426978, 'lag_4': 0.6465434256583831, 'lag_5': 0.42493566945094197, 'lag_6': 0.4540328954969195, 'lag_7': 0.5716722139834659, 'lag_8': 0.5743158278883346, 'lag_9': 0.9146745880728268, 'lag_10': 0.2134092439382209, 'lag_11': 0.024921488701800668, 'lag_12': 0.16379306181433298, 'lag_13': 0.9660331267447584, 'lag_14': 0.1531999123531171, 'lag_15': 0.33856760242944883, 'lag_16': 0.6349219862015069, 'lag_17': 0.3009803515196307, 'lag_18': 0.6681120386971725, 'lag_19': 0.9475853201104018, 'lag_20': 0.6585007884320343, 'lag_21': 0.5208544609933655, 'lag_22': 0.3004930939947414, 'lag_23': 0.6849210220336412, 'lag_24': 0.8780930495185866, 'lag_25': 0.3805716467558033, 'lag_26': 0.05962615212302479, 'lag_27': 0.916522204003851, 'lag_28': 0.5976065509993953}.
[I 2025-10-03 11:39:09,903] Trial 79 finished with values: [0.021264802217183167, 0.007046728301710725, 0.014528637421884275, 0.006213762259013524, 0.004779307161330006, 0.007919071382897167, 0.00029301998253518163, 0.0019167910186214984, 0.007476486900397278, 0.0002821507610540393, 0.001984427775298547, 0.004635941803236643, 0.002105013321668388, 0.09724380509325828, 0.0, 0.00788676439314566, 0.014248729706677163, 0.0023127746503015523, 0.00028252611360523504, 0.0009849498915646955, 0.007349611987210923, 0.0008951340009551957, 0.0010820139751762593, 0.012883464873748345, 0.0007922933242892361, 0.0010547450514228262, 0.0020181878507353227, 0.0, 0.0] and parameters: {'lag_0': 0.0903578488990284, 'lag_1': 0.0020555637966379312, 'lag_2': 0.5479198136860016, 'lag_3': 0.15432732372669916, 'lag_4': 0.27663107292646494, 'lag_5': 0.07139876660581262, 'lag_6': 0.26984387008018934, 'lag_7': 0.04222636689452499, 'lag_8': 0.07189424760250629, 'lag_9': 0.0034671173247799044, 'lag_10': 0.5994980182470698, 'lag_11': 0.13545494649746045, 'lag_12': 0.7923515556096437, 'lag_13': 0.3755002856399016, 'lag_14': 0.3962667449989081, 'lag_15': 0.6241726479178434, 'lag_16': 0.5213920558997407, 'lag_17': 0.011291472087297335, 'lag_18': 0.6231332414328727, 'lag_19': 0.6320487812582789, 'lag_20': 0.6732161565115006, 'lag_21': 0.45835711198772416, 'lag_22': 0.45630775192908063, 'lag_23': 0.8587161692814987, 'lag_24': 0.9840678157801485, 'lag_25': 0.9169905312868668, 'lag_26': 0.14350457049803333, 'lag_27': 0.4164029278769857, 'lag_28': 0.9780329556939263}.
