[I 2025-09-29 13:24:09,945] Trial 46 finished with value: 0.0058466237544351155 and parameters: {'lag_0': 0.2597559429846379, 'lag_1': 0.8625785180882068, 'lag_2': 0.19812439869825998, 'lag_3': 0.36202595325666176, 'lag_4': 0.3435058718964904, 'lag_5': 0.15505975040757972, 'lag_6': 0.6310273368734168, 'lag_7': 0.9525587255461236, 'lag_8': 0.7523093269951967, 'lag_9': 0.3898730190944294, 'lag_10': 0.1247747279010433, 'lag_11': 0.6192294672964669, 'lag_12': 0.3836651873713549, 'lag_13': 0.7169565430362147, 'lag_14': 0.5017017135279127, 'lag_15': 0.6398826940173221, 'lag_16': 0.007338282022852138, 'lag_17': 0.7513877303909465, 'lag_18': 0.06119920937887907, 'lag_19': 0.34177387237986917, 'lag_20': 0.8490040457683242, 'lag_21': 0.8824763836095135, 'lag_22': 0.5793533844281142, 'lag_23': 0.0008802619154271718, 'lag_24': 0.8805708378233054, 'lag_25': 0.6414290674772634, 'lag_26': 0.24704176622621501, 'lag_27': 0.2710955620184416, 'lag_28': 0.2952472159498699}. Best is trial 41 with value: 0.004597142821365375.
[I 2025-09-29 13:24:12,411] Trial 47 finished with value: 0.005333306546362014 and parameters: {'lag_0': 0.3582547424358856, 'lag_1': 0.5250425609180633, 'lag_2': 0.10112487288360916, 'lag_3': 0.5213759496139402, 'lag_4': 0.7059453765192382, 'lag_5': 0.27516715960645766, 'lag_6': 0.5754682357057772, 'lag_7': 0.8649706205422942, 'lag_8': 0.48069039873497565, 'lag_9': 0.6145187957192333, 'lag_10': 0.9068575536643786, 'lag_11': 0.8271137270838627, 'lag_12': 0.6992499629419023, 'lag_13': 0.6032372186447469, 'lag_14': 0.207304610712714, 'lag_15': 0.7389406172967614, 'lag_16': 0.13418395440690384, 'lag_17': 0.8947138004274227, 'lag_18': 0.1453208290862111, 'lag_19': 0.18109549961971694, 'lag_20': 0.21816116020272713, 'lag_21': 0.9699577105762937, 'lag_22': 0.6597352170299311, 'lag_23': 0.19003026653507066, 'lag_24': 0.7720729265449016, 'lag_25': 0.48571585243504384, 'lag_26': 0.4030796557032913, 'lag_27': 0.3501409307099159, 'lag_28': 0.25230287629937753}. Best is trial 41 with value: 0.004597142821365375.
[I 2025-09-29 13:24:14,862] Trial 48 finished with value: 0.005622009815730618 and parameters: {'lag_0': 0.4746988318425356, 'lag_1': 0.7547582982015358, 'lag_2': 0.06086444282242054, 'lag_3': 0.6743562042299697, 'lag_4': 0.5516729369750988, 'lag_5': 0.38766633429199393, 'lag_6': 0.7255833031428093, 'lag_7': 0.9015326795097907, 'lag_8': 0.2890268204264041, 'lag_9': 0.4921438117324828, 'lag_10': 0.054608961654006305, 'lag_11': 0.7240489187274717, 'lag_12': 0.11661166223342422, 'lag_13': 0.4985705154206061, 'lag_14': 0.16895443602612029, 'lag_15': 0.530386855581114, 'lag_16': 0.09190815220485939, 'lag_17': 0.9228672981171877, 'lag_18': 0.09915188420456261, 'lag_19': 0.37006709963190765, 'lag_20': 0.9461103959250998, 'lag_21': 0.10064362585176206, 'lag_22': 0.5293466434919611, 'lag_23': 0.10774703516341601, 'lag_24': 0.9955073507320663, 'lag_25': 0.6982635546914974, 'lag_26': 0.31155838590487617, 'lag_27': 0.571943160890646, 'lag_28': 0.17067496225061102}. Best is trial 41 with value: 0.004597142821365375.
[I 2025-09-29 13:24:17,316] Trial 49 finished with value: 0.0053496090732584635 and parameters: {'lag_0': 0.16736328783757606, 'lag_1': 0.692267698464416, 'lag_2': 0.30759770482928167, 'lag_3': 0.19778908526688654, 'lag_4': 0.733193391899099, 'lag_5': 0.1799551941333734, 'lag_6': 0.5039191099180265, 'lag_7': 0.7278053339540944, 'lag_8': 0.5988509899923211, 'lag_9': 0.33228903563618095, 'lag_10': 0.17901047041608048, 'lag_11': 0.7625729701829482, 'lag_12': 0.029761003443455558, 'lag_13': 0.9906263162439801, 'lag_14': 0.27094635004799617, 'lag_15': 0.6751067319016899, 'lag_16': 0.21600946187788012, 'lag_17': 0.013007749340496255, 'lag_18': 0.2702536258184961, 'lag_19': 0.5062411195797398, 'lag_20': 0.7626114337689697, 'lag_21': 0.28036975738840253, 'lag_22': 0.34789036929395617, 'lag_23': 0.34145826518888256, 'lag_24': 0.8671781806989246, 'lag_25': 0.9994691900025247, 'lag_26': 0.03708141140880378, 'lag_27': 0.23317252988332748, 'lag_28': 0.3725452017124147}. Best is trial 41 with value: 0.004597142821365375.
[I 2025-09-29 13:24:19,773] Trial 50 finished with value: 0.005590012930710232 and parameters: {'lag_0': 0.24265866266233543, 'lag_1': 0.3098857746972937, 'lag_2': 0.7336004328602646, 'lag_3': 0.46485681543549345, 'lag_4': 0.2568895822055971, 'lag_5': 0.07759164768586874, 'lag_6': 0.3804645574121988, 'lag_7': 0.8191177214614583, 'lag_8': 0.6669026373307705, 'lag_9': 0.5715297686652141, 'lag_10': 0.9997035197701247, 'lag_11': 0.5961527470688611, 'lag_12': 0.24068868916908087, 'lag_13': 0.9332945967058661, 'lag_14': 0.6757898557843949, 'lag_15': 0.3562113500674859, 'lag_16': 0.30611557249270627, 'lag_17': 0.8101844601336485, 'lag_18': 0.37697569857823643, 'lag_19': 0.5674378316651412, 'lag_20': 0.2702854104420036, 'lag_21': 0.8979041261755287, 'lag_22': 0.09050737110033752, 'lag_23': 0.15254968005539363, 'lag_24': 0.8082140531253434, 'lag_25': 0.5525858467049268, 'lag_26': 0.3315533667471613, 'lag_27': 0.13294369960041286, 'lag_28': 0.04935680620151286}. Best is trial 41 with value: 0.004597142821365375.
[I 2025-09-29 13:24:22,231] Trial 51 finished with value: 0.0055708554662032795 and parameters: {'lag_0': 0.3217045214589421, 'lag_1': 0.635887289272821, 'lag_2': 0.15399109300884253, 'lag_3': 0.010637702208988624, 'lag_4': 0.6065158112868085, 'lag_5': 0.34277254510258226, 'lag_6': 0.41552106113281145, 'lag_7': 0.9962123895167581, 'lag_8': 0.6471216607102922, 'lag_9': 0.40207426152274295, 'lag_10': 0.12807839602214402, 'lag_11': 0.8038002379428828, 'lag_12': 0.11929249298310318, 'lag_13': 0.6820921357012162, 'lag_14': 0.2014885634352361, 'lag_15': 0.5716119571914786, 'lag_16': 0.10924017208204953, 'lag_17': 0.8018862060912082, 'lag_18': 0.05231925052209346, 'lag_19': 0.30155012483359855, 'lag_20': 0.969488722503586, 'lag_21': 0.9941001828769389, 'lag_22': 0.5209001347477442, 'lag_23': 0.08323020941589267, 'lag_24': 0.9514076500843073, 'lag_25': 0.4274621609386493, 'lag_26': 0.002399981697787018, 'lag_27': 0.45445157436789463, 'lag_28': 0.07381415991728409}. Best is trial 41 with value: 0.004597142821365375.
[I 2025-09-29 13:24:24,692] Trial 52 finished with value: 0.005202623297864197 and parameters: {'lag_0': 0.3159370293677703, 'lag_1': 0.6452321968748183, 'lag_2': 0.07871691148820245, 'lag_3': 0.06563918033698352, 'lag_4': 0.5796371772666665, 'lag_5': 0.23500044107062285, 'lag_6': 0.3766670443887157, 'lag_7': 0.9496117035366469, 'lag_8': 0.6030071234182061, 'lag_9': 0.3580304321098844, 'lag_10': 0.11767825803740889, 'lag_11': 0.8405711402588317, 'lag_12': 0.0501762620383176, 'lag_13': 0.6180273965177809, 'lag_14': 0.22313276183520397, 'lag_15': 0.584234106859949, 'lag_16': 0.15946464483770773, 'lag_17': 0.6703916050412295, 'lag_18': 0.004508416626012972, 'lag_19': 0.3689943337826222, 'lag_20': 0.9997408658449947, 'lag_21': 0.9980328631338552, 'lag_22': 0.5717316560878025, 'lag_23': 0.10237503995447088, 'lag_24': 0.9952070905606915, 'lag_25': 0.35671103130989174, 'lag_26': 0.0804977180223605, 'lag_27': 0.4931236431905217, 'lag_28': 0.006508026668294989}. Best is trial 41 with value: 0.004597142821365375.
[I 2025-09-29 13:24:27,313] Trial 53 finished with value: 0.005154026308087295 and parameters: {'lag_0': 0.3499969833368039, 'lag_1': 0.7778597036584499, 'lag_2': 0.00796115689415848, 'lag_3': 0.012694313280138182, 'lag_4': 0.6514888335088318, 'lag_5': 0.3065750327922026, 'lag_6': 0.3088508473704772, 'lag_7': 0.9688375844866811, 'lag_8': 0.6869823437130533, 'lag_9': 0.3090082565858006, 'lag_10': 0.2184062479246962, 'lag_11': 0.9761030839409383, 'lag_12': 0.06607618062132692, 'lag_13': 0.5682613715574131, 'lag_14': 0.05803849419483745, 'lag_15': 0.4007027532472365, 'lag_16': 0.030171273610455178, 'lag_17': 0.8323840516153762, 'lag_18': 0.13867013992538166, 'lag_19': 0.237665630120331, 'lag_20': 0.8990508502888633, 'lag_21': 0.9595458865217235, 'lag_22': 0.4714319623098544, 'lag_23': 0.055781606563376, 'lag_24': 0.9041011371892288, 'lag_25': 0.4202656619785159, 'lag_26': 0.11958434164369426, 'lag_27': 0.42349685905014417, 'lag_28': 0.09710782751322078}. Best is trial 41 with value: 0.004597142821365375.
[I 2025-09-29 13:24:29,783] Trial 54 finished with value: 0.005498616870501738 and parameters: {'lag_0': 0.41764358602780577, 'lag_1': 0.46507079680721863, 'lag_2': 0.24857498766525832, 'lag_3': 0.08650460297244238, 'lag_4': 0.45336889510743605, 'lag_5': 0.4460918099959973, 'lag_6': 0.44995963685591756, 'lag_7': 0.9977299511994379, 'lag_8': 0.7439589930205404, 'lag_9': 0.423657870859682, 'lag_10': 0.06022005810561369, 'lag_11': 0.6758446633200721, 'lag_12': 0.0017267299772635095, 'lag_13': 0.43944560495302, 'lag_14': 0.3338450123263126, 'lag_15': 0.4455252301128741, 'lag_16': 0.16199668357007407, 'lag_17': 0.7424371975999076, 'lag_18': 0.4890186842140244, 'lag_19': 0.44156391084187907, 'lag_20': 0.8888569251118864, 'lag_21': 0.8545439833909694, 'lag_22': 0.6980622605682829, 'lag_23': 0.2303244374895386, 'lag_24': 0.9524111910744535, 'lag_25': 0.46742281600365077, 'lag_26': 0.1760744317208105, 'lag_27': 0.5568607487713666, 'lag_28': 0.13786542032631988}. Best is trial 41 with value: 0.004597142821365375.
[I 2025-09-29 13:24:32,256] Trial 55 finished with value: 0.004855943106524515 and parameters: {'lag_0': 0.19673673352649834, 'lag_1': 0.5606982754272876, 'lag_2': 0.1741494288479762, 'lag_3': 0.1805162964651128, 'lag_4': 0.392076996825866, 'lag_5': 0.3675980593938504, 'lag_6': 0.7881808144861283, 'lag_7': 0.8768287260970077, 'lag_8': 0.44215018339146117, 'lag_9': 0.19054148170789625, 'lag_10': 0.15782895608852668, 'lag_11': 0.7830026315670455, 'lag_12': 0.17925710301357436, 'lag_13': 0.8099630347219912, 'lag_14': 0.11602590765310986, 'lag_15': 0.5051474215826595, 'lag_16': 0.33656754043778725, 'lag_17': 0.1819590231674199, 'lag_18': 0.06285226591498758, 'lag_19': 0.39293027738244635, 'lag_20': 0.9577441125459515, 'lag_21': 0.9428832817259593, 'lag_22': 0.6024813701819479, 'lag_23': 0.1534683385469136, 'lag_24': 0.8503062543483578, 'lag_25': 0.9078065569662128, 'lag_26': 0.02381118041889435, 'lag_27': 0.3717628633448673, 'lag_28': 0.4373926643922402}. Best is trial 41 with value: 0.004597142821365375.
[I 2025-09-29 13:24:34,728] Trial 56 finished with value: 0.005340399948328414 and parameters: {'lag_0': 0.19539518403685774, 'lag_1': 0.3896086224158601, 'lag_2': 0.17401686910416914, 'lag_3': 0.1651988671670872, 'lag_4': 0.38977245543704386, 'lag_5': 0.48529718896748775, 'lag_6': 0.7755556357035052, 'lag_7': 0.8695215195081086, 'lag_8': 0.3870496497048116, 'lag_9': 0.18445320076084912, 'lag_10': 0.2991567873418274, 'lag_11': 0.5181339563970127, 'lag_12': 0.2098093259781671, 'lag_13': 0.7857559802406671, 'lag_14': 0.11682023249089926, 'lag_15': 0.4953856426861494, 'lag_16': 0.4279896287854634, 'lag_17': 0.17499377633732138, 'lag_18': 0.20314059628538023, 'lag_19': 0.4868180655400572, 'lag_20': 0.18330173821331855, 'lag_21': 0.9310816950891568, 'lag_22': 0.42058392911905607, 'lag_23': 0.7426759362790426, 'lag_24': 0.8385705619510285, 'lag_25': 0.7972123895743154, 'lag_26': 0.054132527006282655, 'lag_27': 0.37033394984672174, 'lag_28': 0.3333381769253107}. Best is trial 41 with value: 0.004597142821365375.
[I 2025-09-29 13:24:37,190] Trial 57 finished with value: 0.00554466478687643 and parameters: {'lag_0': 0.10451759182019296, 'lag_1': 0.5597531074244443, 'lag_2': 0.04434045776113563, 'lag_3': 0.28548495633168924, 'lag_4': 0.234894680570294, 'lag_5': 0.3655822490112226, 'lag_6': 0.8215815967810838, 'lag_7': 0.8082378058383388, 'lag_8': 0.4554119521853151, 'lag_9': 0.1175880404693056, 'lag_10': 0.0035770415697805313, 'lag_11': 0.9172000082613243, 'lag_12': 0.4442264955948375, 'lag_13': 0.9477934030011268, 'lag_14': 0.04967476161016052, 'lag_15': 0.7591812282125603, 'lag_16': 0.35862922723857193, 'lag_17': 0.09020696592768732, 'lag_18': 0.09800545700849433, 'lag_19': 0.4023986783755911, 'lag_20': 0.948782148190943, 'lag_21': 0.8292846097247244, 'lag_22': 0.6371156738806997, 'lag_23': 0.1491265009373317, 'lag_24': 0.799790197081463, 'lag_25': 0.9205851420328495, 'lag_26': 0.23303789254674823, 'lag_27': 0.292993900761477, 'lag_28': 0.4218041911061329}. Best is trial 41 with value: 0.004597142821365375.
[I 2025-09-29 13:24:39,660] Trial 58 finished with value: 0.0053483758476617765 and parameters: {'lag_0': 0.1414975059965347, 'lag_1': 0.7227654726452913, 'lag_2': 0.3519377990013492, 'lag_3': 0.9409420403216701, 'lag_4': 0.48510404588350786, 'lag_5': 0.2845680669841145, 'lag_6': 0.9181061914407435, 'lag_7': 0.7838635356558517, 'lag_8': 0.40972787619557294, 'lag_9': 0.2324271035398759, 'lag_10': 0.15930854640712008, 'lag_11': 0.5643060481321373, 'lag_12': 0.560806742400993, 'lag_13': 0.8267909231078814, 'lag_14': 0.08668089431178191, 'lag_15': 0.2557472232871358, 'lag_16': 0.4716826148621032, 'lag_17': 0.09765540665340777, 'lag_18': 0.2619896898810037, 'lag_19': 0.30840634992089144, 'lag_20': 0.8106347621496388, 'lag_21': 0.873442312355844, 'lag_22': 0.2875372544957426, 'lag_23': 0.3041741935014603, 'lag_24': 0.8739921421243819, 'lag_25': 0.8973271386717352, 'lag_26': 0.995119820730321, 'lag_27': 0.19279495385055995, 'lag_28': 0.5459175393457333}. Best is trial 41 with value: 0.004597142821365375.
[I 2025-09-29 13:24:42,125] Trial 59 finished with value: 0.005455411984785566 and parameters: {'lag_0': 0.22525232047722624, 'lag_1': 0.5934330133811819, 'lag_2': 0.2543374915843861, 'lag_3': 0.25939046621338535, 'lag_4': 0.5269163044633742, 'lag_5': 0.5359502976175752, 'lag_6': 0.8290079281891178, 'lag_7': 0.8835705976388714, 'lag_8': 0.3436893269478184, 'lag_9': 0.04231860880240812, 'lag_10': 0.630225007282617, 'lag_11': 0.7691060692648836, 'lag_12': 0.27405781134057106, 'lag_13': 0.8857026331001956, 'lag_14': 0.13161819715572248, 'lag_15': 0.5286739770209701, 'lag_16': 0.27266426748673567, 'lag_17': 0.3644580675657486, 'lag_18': 0.03542328491562571, 'lag_19': 0.6768475066182111, 'lag_20': 0.8450790361298115, 'lag_21': 0.33941407450340827, 'lag_22': 0.5645325352861402, 'lag_23': 0.030808853910356197, 'lag_24': 0.7692920098802843, 'lag_25': 0.7378522533926151, 'lag_26': 0.37457037028557283, 'lag_27': 0.6479658440350624, 'lag_28': 0.45491306344203103}. Best is trial 41 with value: 0.004597142821365375.
[I 2025-09-29 13:24:44,586] Trial 60 finished with value: 0.005202071717013057 and parameters: {'lag_0': 0.2812461366990675, 'lag_1': 0.2874759619982411, 'lag_2': 0.5102560011296077, 'lag_3': 0.35062875722491044, 'lag_4': 0.39588197324990715, 'lag_5': 0.06170158361510897, 'lag_6': 0.6989308239336764, 'lag_7': 0.84561956535391, 'lag_8': 0.5352692331268392, 'lag_9': 0.20915743134231163, 'lag_10': 0.2573719354101046, 'lag_11': 0.6967038731781735, 'lag_12': 0.40225624627529, 'lag_13': 0.7232336550211904, 'lag_14': 0.9596736015716381, 'lag_15': 0.2812241316415759, 'lag_16': 0.32178735892007077, 'lag_17': 0.4635598202273711, 'lag_18': 0.6268928878318025, 'lag_19': 0.24910457271848027, 'lag_20': 0.6903367135763956, 'lag_21': 0.8006730178354698, 'lag_22': 0.6047178643025302, 'lag_23': 0.23880015745409777, 'lag_24': 0.9151301064827931, 'lag_25': 0.8694685182883772, 'lag_26': 0.4381391720995804, 'lag_27': 0.04037196175737229, 'lag_28': 0.24462161683225714}. Best is trial 41 with value: 0.004597142821365375.
[I 2025-09-29 13:24:47,050] Trial 61 finished with value: 0.005257181855898363 and parameters: {'lag_0': 0.3600112807029396, 'lag_1': 0.6265646975576727, 'lag_2': 0.10485186074923537, 'lag_3': 0.18315623552464796, 'lag_4': 0.6275553053271403, 'lag_5': 0.35538962257178247, 'lag_6': 0.24844657233365025, 'lag_7': 0.9547566889538152, 'lag_8': 0.6202827891131755, 'lag_9': 0.48863861854978224, 'lag_10': 0.1372775465358518, 'lag_11': 0.801839188454649, 'lag_12': 0.08757295788177498, 'lag_13': 0.874015462443372, 'lag_14': 0.2378421016465848, 'lag_15': 0.6087368110800773, 'lag_16': 0.12617365147254533, 'lag_17': 0.06162392931357996, 'lag_18': 0.05705564850767807, 'lag_19': 0.3687870940390751, 'lag_20': 0.9060296077586684, 'lag_21': 0.9703730092633517, 'lag_22': 0.5211159917156356, 'lag_23': 0.1011195181322769, 'lag_24': 0.9660394260641358, 'lag_25': 0.2578747272148192, 'lag_26': 0.022055488808948975, 'lag_27': 0.41232165677781474, 'lag_28': 0.17389814690299576}. Best is trial 41 with value: 0.004597142821365375.
[I 2025-09-29 13:24:49,511] Trial 62 finished with value: 0.005117586959413471 and parameters: {'lag_0': 0.310834858240115, 'lag_1': 0.6647142564982065, 'lag_2': 0.11637212569931468, 'lag_3': 0.11882834528307258, 'lag_4': 0.6817712624724237, 'lag_5': 0.41730274626128105, 'lag_6': 0.3279773066510631, 'lag_7': 0.1895321719961306, 'lag_8': 0.485382052314247, 'lag_9': 0.29147806747083477, 'lag_10': 0.08944444218100092, 'lag_11': 0.8589788530554553, 'lag_12': 0.15675204620994893, 'lag_13': 0.6403501039814585, 'lag_14': 0.17151174550318274, 'lag_15': 0.5687689420392975, 'lag_16': 0.05798399663749937, 'lag_17': 0.7771166359070291, 'lag_18': 0.08435440073938667, 'lag_19': 0.19458408555666473, 'lag_20': 0.9713802314147554, 'lag_21': 0.5237659406224668, 'lag_22': 0.6906618050284982, 'lag_23': 0.17573238991006088, 'lag_24': 0.9971178184107717, 'lag_25': 0.5945132772561253, 'lag_26': 0.10308597400525907, 'lag_27': 0.37870404098027394, 'lag_28': 0.08891229131473267}. Best is trial 41 with value: 0.004597142821365375.
[I 2025-09-29 13:24:51,981] Trial 63 finished with value: 0.005457781095033927 and parameters: {'lag_0': 0.25053466948747005, 'lag_1': 0.67558849878815, 'lag_2': 0.045317241128027166, 'lag_3': 0.10821078723857139, 'lag_4': 0.28410621467785147, 'lag_5': 0.4229981804807991, 'lag_6': 0.32363468134870244, 'lag_7': 0.09673039173816561, 'lag_8': 0.4682326315980404, 'lag_9': 0.2866931587118814, 'lag_10': 0.09414128353606098, 'lag_11': 0.8740421015913162, 'lag_12': 0.1643814722687446, 'lag_13': 0.6947430337842614, 'lag_14': 0.2886502814137533, 'lag_15': 0.4685540199189439, 'lag_16': 0.03697195404772796, 'lag_17': 0.7689505738370992, 'lag_18': 0.1770513386708379, 'lag_19': 0.19740609474485907, 'lag_20': 0.9589467232921655, 'lag_21': 0.5098263083989223, 'lag_22': 0.6840443657422565, 'lag_23': 0.19169952609834923, 'lag_24': 0.8486891689028868, 'lag_25': 0.9548876417624473, 'lag_26': 0.14755283210961945, 'lag_27': 0.53158233081639, 'lag_28': 0.6491138643563598}. Best is trial 41 with value: 0.004597142821365375.
[I 2025-09-29 13:24:54,452] Trial 64 finished with value: 0.0049196697515112575 and parameters: {'lag_0': 0.04776609451447869, 'lag_1': 0.8853859078830322, 'lag_2': 0.12300167996792624, 'lag_3': 0.1400303223650947, 'lag_4': 0.8039746577569684, 'lag_5': 0.4895879380121781, 'lag_6': 0.6499268645702062, 'lag_7': 0.04677967018457069, 'lag_8': 0.3532999761076877, 'lag_9': 0.1450193619287543, 'lag_10': 0.21844541205027057, 'lag_11': 0.6345703029054477, 'lag_12': 0.19193631943849793, 'lag_13': 0.7587298796786598, 'lag_14': 0.16912278934726774, 'lag_15': 0.5526894857311584, 'lag_16': 0.6401264918561043, 'lag_17': 0.18888890253493484, 'lag_18': 0.13970976087931897, 'lag_19': 0.1485591350080105, 'lag_20': 0.4961493519554169, 'lag_21': 0.4540858785373626, 'lag_22': 0.6157137827551673, 'lag_23': 0.14736386002547924, 'lag_24': 0.9178192763013794, 'lag_25': 0.6090762942693719, 'lag_26': 0.09824786456085302, 'lag_27': 0.32096764034645475, 'lag_28': 0.04442034672127163}. Best is trial 41 with value: 0.004597142821365375.
[I 2025-09-29 13:24:56,917] Trial 65 finished with value: 0.00542048643903539 and parameters: {'lag_0': 0.049907061390598334, 'lag_1': 0.9687884849174416, 'lag_2': 0.21964214897480872, 'lag_3': 0.22591328214987297, 'lag_4': 0.8191198132882406, 'lag_5': 0.4960073521293032, 'lag_6': 0.6680315504492633, 'lag_7': 0.028345017051825183, 'lag_8': 0.2963119807028489, 'lag_9': 0.12960051233749031, 'lag_10': 0.2201779666763401, 'lag_11': 0.6465201124409938, 'lag_12': 0.5249195740304727, 'lag_13': 0.771441893824905, 'lag_14': 0.34344388170718837, 'lag_15': 0.5079012701201409, 'lag_16': 0.6737152755024103, 'lag_17': 0.23213294187250397, 'lag_18': 0.15189189225031585, 'lag_19': 0.14997400817948217, 'lag_20': 0.43587478277884595, 'lag_21': 0.46900729812513575, 'lag_22': 0.6150037389186147, 'lag_23': 0.04481256987062983, 'lag_24': 0.917757246320137, 'lag_25': 0.8502184101984389, 'lag_26': 0.07848698667610465, 'lag_27': 0.31040605585521375, 'lag_28': 0.03696503793111659}. Best is trial 41 with value: 0.004597142821365375.
[I 2025-09-29 13:24:59,385] Trial 66 finished with value: 0.005248582775870324 and parameters: {'lag_0': 0.06240653336865287, 'lag_1': 0.8296940621868897, 'lag_2': 0.7573681895636911, 'lag_3': 0.2889630212309944, 'lag_4': 0.7475670902261553, 'lag_5': 0.5666535846370909, 'lag_6': 0.7505229274476595, 'lag_7': 0.06415843197427867, 'lag_8': 0.42781502158759815, 'lag_9': 0.16452216345370743, 'lag_10': 0.18581191658264917, 'lag_11': 0.5958163160324599, 'lag_12': 0.20972728131902849, 'lag_13': 0.851206943363381, 'lag_14': 0.39696921478504865, 'lag_15': 0.6462170434568768, 'lag_16': 0.6186947275233774, 'lag_17': 0.17154408725808745, 'lag_18': 0.12149922750916436, 'lag_19': 0.5513962646194948, 'lag_20': 0.5505417494374304, 'lag_21': 0.4427939683792085, 'lag_22': 0.5959287522505529, 'lag_23': 0.13723162077322426, 'lag_24': 0.7438457384945014, 'lag_25': 0.5457224989185862, 'lag_26': 0.17005988009294593, 'lag_27': 0.2579710352833936, 'lag_28': 0.1388813166173651}. Best is trial 41 with value: 0.004597142821365375.
