2025-10-03 11:31:07,899 - distributed.nanny - INFO -         Start Nanny at: 'tcp://192.168.86.140:37038'
2025-10-03 11:31:09,258 - distributed.worker - INFO -       Start worker at: tcp://192.168.86.140:43923
2025-10-03 11:31:09,259 - distributed.worker - INFO -          Listening to: tcp://192.168.86.140:43923
2025-10-03 11:31:09,259 - distributed.worker - INFO -           Worker name:            SLURMCluster-14
2025-10-03 11:31:09,259 - distributed.worker - INFO -          dashboard at:       192.168.86.140:44631
2025-10-03 11:31:09,259 - distributed.worker - INFO - Waiting to connect to: tcp://192.168.86.108:45752
2025-10-03 11:31:09,259 - distributed.worker - INFO - -------------------------------------------------
2025-10-03 11:31:09,259 - distributed.worker - INFO -               Threads:                          1
2025-10-03 11:31:09,259 - distributed.worker - INFO -                Memory:                   9.31 GiB
2025-10-03 11:31:09,259 - distributed.worker - INFO -       Local Directory: /home1/zrentala/dask-worker-space/dask-scratch-space/worker-fj481wy_
2025-10-03 11:31:09,259 - distributed.worker - INFO - -------------------------------------------------
2025-10-03 11:31:09,562 - distributed.worker - INFO - Starting Worker plugin shuffle
2025-10-03 11:31:09,563 - distributed.worker - INFO -         Registered to: tcp://192.168.86.108:45752
2025-10-03 11:31:09,563 - distributed.worker - INFO - -------------------------------------------------
2025-10-03 11:31:09,563 - distributed.core - INFO - Starting established connection to tcp://192.168.86.108:45752
[I 2025-10-03 11:31:09,630] A new study created in memory with name: no-name-cb7261ff-0ab5-4655-a5a8-9aaff2922af3
[I 2025-10-03 11:31:12,341] Trial 0 finished with values: [0.002376543209876543, 0.005657989390062523, 0.0019792526070070977, 0.0010132930449710785, 0.0002515777325663434, 0.0001879846293841142, 0.0018630171860839477, 0.0006296930336146506, 0.000749232034966725, 0.001457461813808778, 0.0002701902639757457, 0.004386648240729293, 0.007328883200151612, 0.01721369854242889, 0.0, 0.03705411369493556, 0.002231079310334665, 0.000840338724100617, 0.00022826825670234303, 0.001735769047686075, 0.00024245398220206098, 0.0009025335704470766, 0.000551314803731318, 4.4040040069365745e-05, 0.00016680941143078088, 0.00319518430874786, 0.0004715840345258911, 0.0007796292377359126, 0.0018263280643341668] and parameters: {'lag_0': 0.8612816683118314, 'lag_1': 0.02355047239032065, 'lag_2': 0.22454973912757908, 'lag_3': 0.9734193281831476, 'lag_4': 0.2747681873990051, 'lag_5': 0.8315473306380601, 'lag_6': 0.1482492451017508, 'lag_7': 0.21491809696422562, 'lag_8': 0.03493139267633552, 'lag_9': 0.04063947161733155, 'lag_10': 0.45391098853245254, 'lag_11': 0.5611415999175651, 'lag_12': 0.04319931227211988, 'lag_13': 0.9379275302256715, 'lag_14': 0.3928394486048014, 'lag_15': 0.24870282674980093, 'lag_16': 0.14774524698208732, 'lag_17': 0.4341719274661992, 'lag_18': 0.187735222891002, 'lag_19': 0.24488401261444795, 'lag_20': 0.552825817477907, 'lag_21': 0.6124652070453152, 'lag_22': 0.75019529612621, 'lag_23': 0.2551389309214397, 'lag_24': 0.46947322320599294, 'lag_25': 0.19719185364044572, 'lag_26': 0.08992943080968771, 'lag_27': 0.018814329498565745, 'lag_28': 0.3670173810069045}.
[I 2025-10-03 11:31:15,003] Trial 1 finished with values: [0.021222222222222226, 0.004853089941586906, 0.002511447812804884, 0.0008949610488671949, 0.0006521242209834786, 0.00026069051533734745, 0.0017842638443457393, 0.00024891958831446074, 0.0005454769316644131, 0.0014430264339067831, 0.0006038790738627848, 0.003203805973446273, 0.006429718712885915, 0.014293276465932245, 0.0, 0.030891856856293233, 0.0007315893817454141, 0.00034195278311211885, 0.0001998834502904997, 0.0010526524325625152, 0.00024201912073544213, 0.0004550089788864115, 0.0007746968306653503, 0.0001192762846700073, 0.00011559841342375136, 0.004822443916658559, 0.0003608309360270695, 0.0021315448013467645, 0.0008492801392515094] and parameters: {'lag_0': 0.1910047468167966, 'lag_1': 0.5937795433275873, 'lag_2': 0.28228924720500104, 'lag_3': 0.12984929706549614, 'lag_4': 0.09385799050667325, 'lag_5': 0.4520573800944036, 'lag_6': 0.916877197925721, 'lag_7': 0.2956356496737362, 'lag_8': 0.09982593537607398, 'lag_9': 0.46237351001591076, 'lag_10': 0.5613650751572701, 'lag_11': 0.9782188972213184, 'lag_12': 0.6115779269118684, 'lag_13': 0.5863725760369295, 'lag_14': 0.21072493917468568, 'lag_15': 0.7255691325328908, 'lag_16': 0.7866805604981676, 'lag_17': 0.14325807457796047, 'lag_18': 0.7571745725719462, 'lag_19': 0.3650588661156203, 'lag_20': 0.5661162532490348, 'lag_21': 0.8677173721475836, 'lag_22': 0.6732897743846135, 'lag_23': 0.8021350050857082, 'lag_24': 0.42167117738309845, 'lag_25': 0.46521867238077375, 'lag_26': 0.21679675355192776, 'lag_27': 0.2706811904806486, 'lag_28': 0.586209534226962}.
[I 2025-10-03 11:31:17,656] Trial 2 finished with values: [0.1931111111111111, 0.0012426303854875284, 0.00301414018988648, 0.0010069719793065232, 0.000946378640091897, 0.0005483931133762407, 0.001998321392966196, 0.0009921365791829377, 0.00039169206107648145, 0.0016124630247519472, 0.00031299295581965303, 0.004174528398067799, 0.005834034006826967, 0.01856777450278862, 0.0, 0.02817001191033646, 0.003624850910410475, 0.0004326034683880801, 0.0002113693795556139, 0.0013102526727993176, 8.107849292263698e-05, 0.0007147240315165517, 0.0007750472273316924, 0.00016507435655979783, 0.00011828286983769736, 0.004145855991397706, 0.0005107522289800165, 0.0004888271234952955, 0.0019626649695842144] and parameters: {'lag_0': 0.33772454269983415, 'lag_1': 0.6890165980835843, 'lag_2': 0.3605644461405441, 'lag_3': 0.8581120839962431, 'lag_4': 0.2445851572923728, 'lag_5': 0.5980639789511472, 'lag_6': 0.5963194173996765, 'lag_7': 0.736348131104146, 'lag_8': 0.4789322567450239, 'lag_9': 0.28284031114007474, 'lag_10': 0.9684958962311918, 'lag_11': 0.33145928047643836, 'lag_12': 0.9932213825004915, 'lag_13': 0.09926648236082379, 'lag_14': 0.6024415041501131, 'lag_15': 0.8030149054972369, 'lag_16': 0.3606608356543921, 'lag_17': 0.0012456231087433424, 'lag_18': 0.5980121561178674, 'lag_19': 0.23004105182027226, 'lag_20': 0.889180575479748, 'lag_21': 0.7779628221204968, 'lag_22': 0.19282466059752332, 'lag_23': 0.7361116803319071, 'lag_24': 0.8313569166021503, 'lag_25': 0.28707350026846357, 'lag_26': 0.6348883461690897, 'lag_27': 0.3507444554019351, 'lag_28': 0.6687432282499749}.
[I 2025-10-03 11:31:20,295] Trial 3 finished with values: [0.0015518824609733702, 0.004331350554490524, 0.002523309969337786, 0.00147806595295622, 0.001445870263834721, 0.0004991402646764558, 0.001473369843959178, 0.0009302976362938959, 0.0003862841078220082, 0.00198642143155041, 0.0007857698551742124, 0.0038910438063086755, 0.0067030485603628105, 0.0168528260813895, 0.0, 0.03568453686052555, 0.003156083293901951, 0.00023488046615206367, 0.0002162038532426733, 0.0013416061208204166, 5.292733386826491e-05, 0.0010827703278713963, 0.0005640408236443617, 0.0001371326194017068, 0.00021771645519177312, 0.005033778708330315, 0.00032096349139041903, 0.001082374582953727, 0.001465522060859202] and parameters: {'lag_0': 0.8620495983893438, 'lag_1': 0.7093325536064052, 'lag_2': 0.38589303314745194, 'lag_3': 0.3274678962829248, 'lag_4': 0.9221866607327878, 'lag_5': 0.5403498822971561, 'lag_6': 0.9307528944741585, 'lag_7': 0.11279843057772822, 'lag_8': 0.15307618142558674, 'lag_9': 0.46341829178650584, 'lag_10': 0.5961015821313704, 'lag_11': 0.28810607897944557, 'lag_12': 0.9635981010180044, 'lag_13': 0.14376372368534387, 'lag_14': 0.5588128806411324, 'lag_15': 0.21992380230181094, 'lag_16': 0.5850219521886469, 'lag_17': 0.42930499349699275, 'lag_18': 0.43329144841937955, 'lag_19': 0.6178454484004763, 'lag_20': 0.2279125163643792, 'lag_21': 0.3282276415522515, 'lag_22': 0.5081057029566188, 'lag_23': 0.4324638800871732, 'lag_24': 0.2994446949461727, 'lag_25': 0.2724381200087821, 'lag_26': 0.8778475622351476, 'lag_27': 0.6009658190206023, 'lag_28': 0.34421062590713125}.
[I 2025-10-03 11:31:22,952] Trial 4 finished with values: [0.002569444444444445, 0.0040470950355838715, 0.001750304472562192, 0.0013821331205540865, 0.0012730681157821814, 0.0004677875739733139, 0.0014094039392824232, 0.000600217216558984, 0.0003578937310457457, 0.002130239467961546, 0.00030092914185350953, 0.004163193903398107, 0.0070799478920353116, 0.016466919743097337, 0.0, 0.03221785722133419, 0.0026042343037289265, 0.00033759096338589826, 0.0005184153397060974, 0.001505170677727607, 0.00028947935201102855, 0.00046349971347616826, 0.0009764079969651087, 0.0001352448746739638, 0.00020010233176951834, 0.004925321842375449, 0.00025894365910089905, 0.0010538251173961755, 0.003045766472086296] and parameters: {'lag_0': 0.9353931818946989, 'lag_1': 0.17073196678509117, 'lag_2': 0.19120312311701257, 'lag_3': 0.8959323502678735, 'lag_4': 0.005190357431531024, 'lag_5': 0.9351932367377018, 'lag_6': 0.4907563758769764, 'lag_7': 0.3491713319519924, 'lag_8': 0.5625750484163413, 'lag_9': 0.3836103985342088, 'lag_10': 0.31096741724306065, 'lag_11': 0.4475218641590389, 'lag_12': 0.11280985700208744, 'lag_13': 0.15161229633780435, 'lag_14': 0.04467176753497707, 'lag_15': 0.06674561818513462, 'lag_16': 0.20286406283552527, 'lag_17': 0.10692452951190293, 'lag_18': 0.7602461950305469, 'lag_19': 0.09710067405690608, 'lag_20': 0.4354861390983576, 'lag_21': 0.7917420678986183, 'lag_22': 0.06582766734316411, 'lag_23': 0.2676142632640293, 'lag_24': 0.11669658437263697, 'lag_25': 0.30414324017836847, 'lag_26': 0.5072581206412872, 'lag_27': 0.4771968791519625, 'lag_28': 0.6332805944379843}.
[I 2025-10-03 11:31:25,594] Trial 5 finished with values: [0.0020987654320987655, 0.005203331349219327, 0.004013056006390882, 0.0007781243495085527, 0.0007348842549946258, 0.0006944774187187793, 0.0019317611583470223, 0.0009765197724429419, 0.00025125690882998777, 0.0018094835204410151, 0.0002507603656224567, 0.003690515189872979, 0.0068283508276875265, 0.01952827437233386, 0.0, 0.03502066578864636, 0.003537980478412536, 0.00043603689931279686, 0.0004959765275284135, 0.0018498047348546212, 6.854960148454472e-05, 0.0012980801856166805, 0.000976910909821282, 0.00031088794762807733, 0.0003032597383234344, 0.0037355174427543326, 0.0006039012287411419, 0.0021223412175294604, 0.0018973382944563917] and parameters: {'lag_0': 0.1356595095363263, 'lag_1': 0.201044933062513, 'lag_2': 0.8147805816071597, 'lag_3': 0.15872007755364348, 'lag_4': 0.13022782633930025, 'lag_5': 0.4251907980475404, 'lag_6': 0.6177502578389692, 'lag_7': 0.8716545261777026, 'lag_8': 0.6879426357002558, 'lag_9': 0.45048557551674007, 'lag_10': 0.5959272767589683, 'lag_11': 0.4470051227240801, 'lag_12': 0.5419208092625558, 'lag_13': 0.21812167650095018, 'lag_14': 0.8180264677418925, 'lag_15': 0.90986233216674, 'lag_16': 0.40796331302706945, 'lag_17': 0.0645898758427041, 'lag_18': 0.09603342637044326, 'lag_19': 0.7132758040931487, 'lag_20': 0.8141446114860452, 'lag_21': 0.6135318225561726, 'lag_22': 0.05434911184391008, 'lag_23': 0.6619701741596576, 'lag_24': 0.8166268591991707, 'lag_25': 0.9989011589862422, 'lag_26': 0.8649207064329351, 'lag_27': 0.06742452398432125, 'lag_28': 0.47941504934611046}.
[I 2025-10-03 11:31:28,223] Trial 6 finished with values: [0.001777777777777778, 0.0028941500533986456, 0.002926284665765989, 0.0013382335289191518, 0.0003887025138122684, 0.00042904382084143334, 0.0012379911301213923, 0.00053910697365959, 0.0004668153192047407, 0.0019003780272933268, 0.00013392919457399632, 0.003809607780389289, 0.0070214468772541935, 0.018284495103397913, 0.0, 0.034779301704507326, 0.0024988687692305733, 0.0002484123008864011, 7.915406106248892e-05, 0.0015518672051496687, 0.00015730486086338116, 0.000958918516289712, 0.0008089861454627353, 0.00027441035607738784, 0.0002413104990314023, 0.0030102979179707527, 0.0002585729251237491, 0.0022858135385372003, 0.0005945568623631301] and parameters: {'lag_0': 0.2848519528587386, 'lag_1': 0.6875369657075757, 'lag_2': 0.47455367867909515, 'lag_3': 0.09284738334558103, 'lag_4': 0.07606517189040166, 'lag_5': 0.26556835325421424, 'lag_6': 0.8210025593479854, 'lag_7': 0.21631461682240394, 'lag_8': 0.009516032836655182, 'lag_9': 0.7207478705754129, 'lag_10': 0.7530358881465943, 'lag_11': 0.6434141429779912, 'lag_12': 0.7557189949273194, 'lag_13': 0.0938411990166874, 'lag_14': 0.9982837636145626, 'lag_15': 0.18390308123403312, 'lag_16': 0.6745419711650977, 'lag_17': 0.6466375927598627, 'lag_18': 0.9379236726150408, 'lag_19': 0.4899894517715246, 'lag_20': 0.4073966162470217, 'lag_21': 0.6260650621258314, 'lag_22': 0.5627007267592642, 'lag_23': 0.6963965031752384, 'lag_24': 0.20630339149611304, 'lag_25': 0.8986277010868593, 'lag_26': 0.3361734039889349, 'lag_27': 0.36324917952826136, 'lag_28': 0.8037008359680484}.
[I 2025-10-03 11:31:30,854] Trial 7 finished with values: [0.005111111111111111, 0.008147330990275023, 0.0026529949417618804, 0.0005972191868760638, 0.0001502394947042103, 0.0003081710378984246, 0.0016198814471707808, 0.0005737832970204327, 3.688297292622169e-05, 0.001492133362280882, 0.0004040148833439042, 0.003773963409406865, 0.009143182779915287, 0.016930388971074566, 0.0, 0.03436409120260543, 0.0032420334855004567, 0.00041981820999560584, 0.00011974465419271345, 0.0010659070486543345, 6.770083053671874e-05, 0.0008815173517530709, 0.0006111032686051562, 0.00028133976939953077, 0.00022824820253170103, 0.0044986436440472444, 0.0006631100712560943, 0.0007434388914981559, 0.0014145963582772448] and parameters: {'lag_0': 0.4743244653928106, 'lag_1': 0.38274090664395655, 'lag_2': 0.5455707340585852, 'lag_3': 0.8842542755802332, 'lag_4': 0.6654240890506957, 'lag_5': 0.7355410991341831, 'lag_6': 0.12265769552173815, 'lag_7': 0.09457624834658501, 'lag_8': 0.9803123280614988, 'lag_9': 0.11848857152442299, 'lag_10': 0.3094008351707014, 'lag_11': 0.8701377786073812, 'lag_12': 0.5750771407033016, 'lag_13': 0.7502582269015428, 'lag_14': 0.32737250900920617, 'lag_15': 0.7929596521818671, 'lag_16': 0.7938315215980255, 'lag_17': 0.34547790145296714, 'lag_18': 0.2196572262631364, 'lag_19': 0.5510579973113024, 'lag_20': 0.02741303830746287, 'lag_21': 0.23105029472832952, 'lag_22': 0.9321276373945985, 'lag_23': 0.7943260795596099, 'lag_24': 0.6809319864422935, 'lag_25': 0.1365423086224425, 'lag_26': 0.8482129599346534, 'lag_27': 0.83733477613541, 'lag_28': 0.08320960026291258}.
[I 2025-10-03 11:31:33,493] Trial 8 finished with values: [0.0020987654320987655, 0.0022500994630121223, 0.0035656281617835336, 0.0005280845082001857, 0.0005003014287391826, 0.0004687686869271074, 0.0009255681878498449, 0.0006541404096370475, 0.00040256146224977785, 0.0018239335507778589, 0.00019702157231473268, 0.004334782287914176, 0.006949801030037206, 0.015144960837711888, 0.0, 0.033564866068458765, 0.00307586050386333, 0.0001747699632251706, 0.000497050788906598, 0.0017791700865198603, 9.463316745555021e-05, 0.0008522699095511567, 0.0009182217173903476, 0.0001960669996381015, 0.00025547131040461104, 0.0033694729107527606, 0.0002669009641922875, 0.0007997861014130478, 8.680555555555555e-05] and parameters: {'lag_0': 0.2137159409210493, 'lag_1': 0.8721016364804882, 'lag_2': 0.56734812029359, 'lag_3': 0.018520350218128086, 'lag_4': 0.2829309752104897, 'lag_5': 0.6284466718599651, 'lag_6': 0.02760562496500426, 'lag_7': 0.9550161449849366, 'lag_8': 0.11097379073584614, 'lag_9': 0.8431633753392539, 'lag_10': 0.9901412193796496, 'lag_11': 0.08434500413072342, 'lag_12': 0.7352280076829122, 'lag_13': 0.5589024435849828, 'lag_14': 0.2860140456242708, 'lag_15': 0.8972224813393671, 'lag_16': 0.5969725607499925, 'lag_17': 0.8960673312337856, 'lag_18': 0.5262077500589794, 'lag_19': 0.9190554738781613, 'lag_20': 0.6877189336189883, 'lag_21': 0.5394471155082017, 'lag_22': 0.8316598827100666, 'lag_23': 0.8621914085563029, 'lag_24': 0.47381374463912296, 'lag_25': 0.8722619786738557, 'lag_26': 0.8468915323862803, 'lag_27': 0.4942519147106561, 'lag_28': 0.47273586357954916}.
[I 2025-10-03 11:31:36,223] Trial 9 finished with values: [0.010277777777777778, 0.0008166521857612163, 0.003940449770183302, 0.0007254210437266581, 0.0007672363696102, 5.454924054700329e-05, 0.0015753023554047733, 0.0002791235046875935, 0.0001300993590265715, 0.0016774125502915585, 0.0003808499511565246, 0.0036402369398138975, 0.009792859088853124, 0.019653389897426644, 0.0, 0.0386149318659611, 0.0024113478292076386, 1.4098365803637535e-05, 0.0004234088887019793, 0.0015407645756660478, 0.00014607605304017062, 0.000471389605359877, 0.0009996707966241788, 0.0005789182945808585, 0.0003151408277311771, 0.00357439870589348, 0.00046941226751687275, 0.0006464904122292785, 0.002543643070191352] and parameters: {'lag_0': 0.6916294358678002, 'lag_1': 0.4193277103628767, 'lag_2': 0.5346218109900045, 'lag_3': 0.33876398180153056, 'lag_4': 0.39821968618504644, 'lag_5': 0.039663610558480805, 'lag_6': 0.11358343415465237, 'lag_7': 0.3529781724048443, 'lag_8': 0.8180112733412869, 'lag_9': 0.4451892463151793, 'lag_10': 0.6870106573011356, 'lag_11': 0.8697842054490439, 'lag_12': 0.8267437193651656, 'lag_13': 0.8966402765535935, 'lag_14': 0.06002470476104008, 'lag_15': 0.6227772544896039, 'lag_16': 0.5377553087232435, 'lag_17': 0.6316840118924427, 'lag_18': 0.9318730844837623, 'lag_19': 0.21703324512204472, 'lag_20': 0.635174971638921, 'lag_21': 0.5342940137463629, 'lag_22': 0.6799145563969335, 'lag_23': 0.44228070953715265, 'lag_24': 0.46327372576814535, 'lag_25': 0.7889916058035124, 'lag_26': 0.7697418855687996, 'lag_27': 0.9757455242062714, 'lag_28': 0.0395468284431787}.
[I 2025-10-03 11:31:38,863] Trial 10 finished with values: [0.00526329050138574, 0.004041679420467299, 0.0046055319414168155, 0.0013482520157166186, 0.00018385740789449137, 0.00011544732459615617, 0.002631068280677982, 0.0006364794602351655, 0.00041960893858339473, 0.0017014559192151083, 0.00017933276910725868, 0.004516572072985695, 0.0063573528463774735, 0.0186104839890178, 0.0, 0.03418088101743565, 0.003224695564603544, 0.00026656860828176725, 0.00032182239894326756, 0.0013473032595508062, 0.00019715901944866715, 0.0010654365720043424, 0.000720144965762347, 0.00020995864777826673, 0.00021821816476055907, 0.004639205471974312, 0.00014678630751870078, 0.0015472504748861838, 0.0015345018910597056] and parameters: {'lag_0': 0.4673912544038736, 'lag_1': 0.5771964735384245, 'lag_2': 0.568975839693724, 'lag_3': 0.9132740830699314, 'lag_4': 0.4775439569974724, 'lag_5': 0.7709421949554843, 'lag_6': 0.2303622354167518, 'lag_7': 0.8670008658366914, 'lag_8': 0.10357878530868282, 'lag_9': 0.8768481119680914, 'lag_10': 0.9094528048463151, 'lag_11': 0.4477599385968431, 'lag_12': 0.6289093705504083, 'lag_13': 0.5761082900789694, 'lag_14': 0.21541867595736186, 'lag_15': 0.09236167237883945, 'lag_16': 0.10508298670130477, 'lag_17': 0.5380471141492388, 'lag_18': 0.18273339253775178, 'lag_19': 0.7567385697498813, 'lag_20': 0.2731783863152161, 'lag_21': 0.8485541215467789, 'lag_22': 0.5239959302202722, 'lag_23': 0.48094266323832674, 'lag_24': 0.35738847116171096, 'lag_25': 0.6670116098789238, 'lag_26': 0.7920738920478444, 'lag_27': 0.7458227293598683, 'lag_28': 0.513639463298673}.
[I 2025-10-03 11:31:41,507] Trial 11 finished with values: [0.0044444444444444444, 0.0013175759824916792, 0.0041219227988977, 0.0014283271499364112, 0.0005184040564566654, 0.0005476505892439033, 0.001235274081886656, 0.0006045692661605002, 0.00056012737778155, 0.0007973031675453787, 0.00039775856978078626, 0.0028951912492158442, 0.008190589081548131, 0.018634036678435845, 0.0, 0.032864921754184616, 0.004212351304576248, 0.000145122519444137, 0.00035954527318934415, 0.0012079061220408663, 9.437303243643212e-05, 0.00047518927254049304, 0.00046610611617196353, 0.000259915958380866, 0.00010098805867964444, 0.004805712548657833, 0.00030696267061994253, 0.00043708806411785824, 0.0009004274641751352] and parameters: {'lag_0': 0.1946373918336557, 'lag_1': 0.2064921865782785, 'lag_2': 0.6318314995909091, 'lag_3': 0.40409279986840674, 'lag_4': 0.9819051470485336, 'lag_5': 0.2806529015908145, 'lag_6': 0.8705854521165756, 'lag_7': 0.38403891320063116, 'lag_8': 0.7624426010322721, 'lag_9': 0.9550778599764301, 'lag_10': 0.4340768409937579, 'lag_11': 0.4677827212068723, 'lag_12': 0.601339320696991, 'lag_13': 0.5652005583774509, 'lag_14': 0.19911610079836015, 'lag_15': 0.6672364337536352, 'lag_16': 0.8133768646817702, 'lag_17': 0.6930913960378746, 'lag_18': 0.9509933451938818, 'lag_19': 0.3316594149808284, 'lag_20': 0.6410957337196819, 'lag_21': 0.5391234979581455, 'lag_22': 0.43765097210847415, 'lag_23': 0.9226555375697614, 'lag_24': 0.4891173759019018, 'lag_25': 0.29502832268430956, 'lag_26': 0.06754774762047361, 'lag_27': 0.38525806743192087, 'lag_28': 0.11217601115385406}.
