[I 2025-10-03 11:33:22,294] Trial 51 finished with values: [0.11281887755102041, 0.013499003432650269, 0.003463300169345423, 0.0072728901319703025, 0.0017839120912338524, 0.002313120475147857, 0.0035588105883239225, 0.002649112702747981, 0.001641619142961961, 0.0012337377607924914, 0.0028575283638237457, 9.106070918107881e-05, 0.002100183269809536, 0.026100738258739303, 0.0, 0.0006846048882471753, 0.004049065853147815, 0.00135205902626545, 0.000904815624436973, 9.90091196056618e-05, 9.504181451295104e-05, 0.00014995081650028263, 0.00013887694183411186, 0.0001949120425019059, 8.029685734785094e-05, 0.0005997308393925624, 7.17719740156689e-05, 0.0015908788396019522, 0.0027973606672529704] and parameters: {'lag_0': 0.4947631071793449, 'lag_1': 0.28415404097699337, 'lag_2': 0.5987084904059601, 'lag_3': 0.3543866406062565, 'lag_4': 0.021240029476280117, 'lag_5': 0.8080531524888915, 'lag_6': 0.7367064447864602, 'lag_7': 0.565762865160674, 'lag_8': 0.8181084208101754, 'lag_9': 0.8155039968307313, 'lag_10': 0.8772169689217373, 'lag_11': 0.7733395619273488, 'lag_12': 0.9828585783750867, 'lag_13': 0.06725631151938695, 'lag_14': 0.2646159511305059, 'lag_15': 0.8585884311036576, 'lag_16': 0.7738452406263161, 'lag_17': 0.9916629633202406, 'lag_18': 0.08728218301430501, 'lag_19': 0.642640543842093, 'lag_20': 0.7168662062161703, 'lag_21': 0.22506137922935293, 'lag_22': 0.75178384352472, 'lag_23': 0.9684847649379273, 'lag_24': 0.595940097814123, 'lag_25': 0.9123080508430436, 'lag_26': 0.18527342222290893, 'lag_27': 0.8106993835705835, 'lag_28': 0.7259433422563014}.
[I 2025-10-03 11:33:24,913] Trial 52 finished with values: [0.09104308390022678, 0.0011173002542140672, 0.007309062005813884, 0.007198217633921196, 0.003744771444300076, 0.0055102073640450975, 0.0034350893345509066, 0.002662278551756522, 0.006373320068927678, 0.003142926301500655, 0.0015248969512524865, 0.00034212527925643534, 0.0016343904589610565, 0.028125234339768858, 0.0, 0.0001556172375884618, 0.0044847258427751, 0.001472707815484109, 0.0007319273945651951, 0.00017226548772409378, 0.00018840478971084485, 0.0003371927564849282, 0.0005254129519044004, 0.00026814416759162564, 8.251950274335443e-05, 0.0006041304871968346, 0.00015255006039819686, 0.0016351634150015963, 0.0016283748346279548] and parameters: {'lag_0': 0.5786790834165998, 'lag_1': 0.3545522754834078, 'lag_2': 0.29185503266852286, 'lag_3': 0.6337574163967045, 'lag_4': 0.6482392684422094, 'lag_5': 0.7727989732755493, 'lag_6': 0.5739734131907558, 'lag_7': 0.6074125384083062, 'lag_8': 0.8790498187710473, 'lag_9': 0.34807351580964124, 'lag_10': 0.37589597932087515, 'lag_11': 0.938026668583415, 'lag_12': 0.37796029231258765, 'lag_13': 0.5367607023585818, 'lag_14': 0.9616203500071628, 'lag_15': 0.21199695581182243, 'lag_16': 0.5023651791067798, 'lag_17': 0.07325813573169276, 'lag_18': 0.8235307160988248, 'lag_19': 0.19517179072317137, 'lag_20': 0.14745832913478713, 'lag_21': 0.8182719211672751, 'lag_22': 0.8339464858593248, 'lag_23': 0.8788883777786002, 'lag_24': 0.6144608218697674, 'lag_25': 0.681309747090203, 'lag_26': 0.7839313414019163, 'lag_27': 0.5516002315588929, 'lag_28': 0.7467876693761497}.
[I 2025-10-03 11:33:27,539] Trial 53 finished with values: [0.08308846686822878, 0.008243359174095103, 0.001673493588801556, 0.003137922321627567, 0.004578448006476656, 0.0013247476480404443, 0.0016723504928140003, 0.0035534133707754837, 0.003506539210975489, 0.0009003746167876992, 0.002267728067873663, 0.0004870673812153158, 0.002245527914185037, 0.02731859574235846, 0.0, 0.0008967180142100495, 0.003578856394194776, 0.001166633923986833, 0.0008553602653090027, 0.00016387485894623214, 0.0001584379306809935, 9.542966830267954e-05, 0.00017985331111192515, 0.0001476621306160027, 5.555024008165145e-05, 0.001020948218985533, 0.00022901272628696425, 0.0018982795143144993, 0.001545088792590367] and parameters: {'lag_0': 0.24588387967303166, 'lag_1': 0.5083298640459657, 'lag_2': 0.5543527670500262, 'lag_3': 0.32940294729172376, 'lag_4': 0.11136862881052483, 'lag_5': 0.3650559948547108, 'lag_6': 0.25923321161153723, 'lag_7': 0.7832182087648586, 'lag_8': 0.3982382677072161, 'lag_9': 0.18301186151622947, 'lag_10': 0.3418802644437172, 'lag_11': 0.3700812972282675, 'lag_12': 0.03538717328773881, 'lag_13': 0.33436318976106155, 'lag_14': 0.813996966733369, 'lag_15': 0.27414708834452667, 'lag_16': 0.7377746374689875, 'lag_17': 0.6872250885429504, 'lag_18': 0.11047576750183509, 'lag_19': 0.1668824255845715, 'lag_20': 0.5553627717116039, 'lag_21': 0.19348250316097648, 'lag_22': 0.9082070423026084, 'lag_23': 0.7447307307786546, 'lag_24': 0.41521916008654997, 'lag_25': 0.33572172146856677, 'lag_26': 0.5588018103176637, 'lag_27': 0.2459651777381637, 'lag_28': 0.662350497348036}.
[I 2025-10-03 11:33:30,158] Trial 54 finished with values: [0.12755102040816327, 0.012570765457779288, 0.0013218684023156026, 0.007114360966142638, 0.0039855009370073965, 0.005683609784856191, 0.001612282615718883, 0.0027632750521820668, 0.0026159595695196365, 0.0014450032236114415, 0.0005102562988037637, 0.00018041537933846468, 0.003172795822442457, 0.024568181884938547, 0.0, 0.0003909029636154938, 0.002792439828205688, 0.0014007550531297875, 0.0008462335955986202, 0.00012745833659683065, 5.907451150252951e-05, 9.144390337113239e-05, 0.0001818702437281857, 0.00038065040782898386, 3.428828457383144e-05, 0.0008217809027097839, 0.00010611947521122775, 0.0015693054931513503, 0.0009598213618492238] and parameters: {'lag_0': 0.7848933216095931, 'lag_1': 0.5337556997634912, 'lag_2': 0.1269000595153575, 'lag_3': 0.674504846352534, 'lag_4': 0.7965775367931794, 'lag_5': 0.04178636569109214, 'lag_6': 0.5874763103632524, 'lag_7': 0.1416329572834122, 'lag_8': 0.8801381004050871, 'lag_9': 0.9551711378499407, 'lag_10': 0.5533926990825969, 'lag_11': 0.6834781913610667, 'lag_12': 0.49082774078605246, 'lag_13': 0.9048673933211625, 'lag_14': 0.9807918553698294, 'lag_15': 0.9762458344631106, 'lag_16': 0.5860312094077847, 'lag_17': 0.8864833087095437, 'lag_18': 0.9566186532351172, 'lag_19': 0.6702960750881345, 'lag_20': 0.04787640050780104, 'lag_21': 0.6411167359920688, 'lag_22': 0.17902235738334132, 'lag_23': 0.004597856341186183, 'lag_24': 0.1314872603792464, 'lag_25': 0.9404208378364555, 'lag_26': 0.35794856317296364, 'lag_27': 0.03233321819844402, 'lag_28': 0.7559211721680609}.
[I 2025-10-03 11:33:32,778] Trial 55 finished with values: [0.12755102040816327, 0.00464295926856255, 0.003810302407723543, 0.004188043180095692, 0.001440903568798453, 0.0034383645590000548, 0.0026544152448802335, 0.0026837761897688245, 0.002535182500733282, 0.0016939025303659664, 0.001353298438545746, 0.00017963694153561087, 0.001656452294151543, 0.02729878746935626, 0.0, 0.0010871872306468886, 0.0029954868273742285, 0.0016418556593770623, 0.0008735533921516911, 7.905501617732327e-05, 2.618228740854454e-05, 0.00016949737225738435, 0.00011856515015027495, 0.0003062941694319499, 2.2157154492042645e-05, 0.0008042428547950477, 6.054209565009223e-05, 0.002582832769847398, 0.000911272970776927] and parameters: {'lag_0': 0.7152203008436099, 'lag_1': 0.5020421720217829, 'lag_2': 0.4294394511691031, 'lag_3': 0.18372743674725076, 'lag_4': 0.2172246420151925, 'lag_5': 0.0057208255975437616, 'lag_6': 0.15705910739975507, 'lag_7': 0.8794573290512601, 'lag_8': 0.48838748236368695, 'lag_9': 0.5169361527711225, 'lag_10': 0.9258396294957709, 'lag_11': 0.8752649589900904, 'lag_12': 0.3342231920620434, 'lag_13': 0.15512508144992462, 'lag_14': 0.002933021488691852, 'lag_15': 0.2944939256635814, 'lag_16': 0.3104705131250987, 'lag_17': 0.17350852434401542, 'lag_18': 0.1565818969716077, 'lag_19': 0.3297027854505456, 'lag_20': 0.04999497912170991, 'lag_21': 0.4682005469886806, 'lag_22': 0.3188741464967685, 'lag_23': 0.8943747777432386, 'lag_24': 0.2850719414214598, 'lag_25': 0.6056412182881432, 'lag_26': 0.06001522610474913, 'lag_27': 0.3205315053046909, 'lag_28': 0.08939486951963312}.
[I 2025-10-03 11:33:35,392] Trial 56 finished with values: [0.09434741144697856, 0.003545321999415675, 0.0030235637360224842, 0.004536632390334683, 0.001032446001960389, 0.0039175513049087875, 0.002843835642216734, 0.003037997209467348, 0.004086156237998555, 0.0009940787689360386, 0.0016282598868146557, 0.0003916487481455678, 0.0016136439528864597, 0.028349300664894155, 0.0, 0.00047997091023822835, 0.0037930106390796276, 0.0012114808162379618, 0.0007456117537439433, 0.000116703633205678, 0.00013284493516839836, 0.00012794064542383718, 0.0002084221691667952, 0.000494929522799371, 0.00019555323818315918, 0.0007821207159998189, 0.0002675563990669724, 0.001200706097765666, 0.0012731994276722058] and parameters: {'lag_0': 0.587264589551304, 'lag_1': 0.8580269457531671, 'lag_2': 0.7503189245992065, 'lag_3': 0.07317170959450367, 'lag_4': 0.2172246420151925, 'lag_5': 0.0057208255975437616, 'lag_6': 0.564693816892065, 'lag_7': 0.8794573290512601, 'lag_8': 0.7641604683882902, 'lag_9': 0.21079187885167908, 'lag_10': 0.43218151089579904, 'lag_11': 0.7323078372304108, 'lag_12': 0.5326938176687366, 'lag_13': 0.2754064784738935, 'lag_14': 0.07056688395115193, 'lag_15': 0.19833193052302542, 'lag_16': 0.744032838068655, 'lag_17': 0.8016194381075464, 'lag_18': 0.4803043386586735, 'lag_19': 0.6163358666333374, 'lag_20': 0.6976690900712118, 'lag_21': 0.3914840550430568, 'lag_22': 0.3188741464967685, 'lag_23': 0.23265759777887451, 'lag_24': 0.1334434189755308, 'lag_25': 0.021636946003503205, 'lag_26': 0.5627847384586048, 'lag_27': 0.1640459292909993, 'lag_28': 0.08939486951963312}.
[I 2025-10-03 11:33:38,127] Trial 57 finished with values: [0.10545972708610071, 0.007074854455967496, 0.0010485523102994046, 0.005389439996924628, 0.0008831315239663233, 0.003395526989644318, 0.0021499594250083873, 0.004047596333997228, 0.0048197186057503125, 0.002646433349142875, 0.0019348798104712362, 0.00017745281022269236, 0.0023917945018154694, 0.02583326740807776, 0.0, 0.0008929353819014509, 0.004018431276254063, 0.0012170367712513494, 0.0007433425097021802, 0.00018809362474678972, 0.00017078201592431, 0.00021731474474443306, 0.000254769814648756, 0.0004122997438763259, 1.3504670493364526e-05, 0.0010967410976674792, 0.0001890994747621928, 0.002068829913352526, 0.0017249369363098066] and parameters: {'lag_0': 0.6021483920292862, 'lag_1': 0.3127421472669114, 'lag_2': 0.7597468544272903, 'lag_3': 0.5974875516294974, 'lag_4': 0.6521173587754467, 'lag_5': 0.8080531524888915, 'lag_6': 0.16239797051813679, 'lag_7': 0.565762865160674, 'lag_8': 0.9370114508643703, 'lag_9': 0.6403565441415667, 'lag_10': 0.2283162217948866, 'lag_11': 0.7461848550614927, 'lag_12': 0.8193428637368656, 'lag_13': 0.4231859587732885, 'lag_14': 0.6632583599844073, 'lag_15': 0.8585884311036576, 'lag_16': 0.7738452406263161, 'lag_17': 0.6608655560554018, 'lag_18': 0.1748089744272006, 'lag_19': 0.4440494939346533, 'lag_20': 0.7168662062161703, 'lag_21': 0.6043448626923204, 'lag_22': 0.17084454378047484, 'lag_23': 0.5705070558996646, 'lag_24': 0.4415897817044106, 'lag_25': 0.5636807057634069, 'lag_26': 0.18527342222290893, 'lag_27': 0.8106993835705835, 'lag_28': 0.20380801031580315}.
[I 2025-10-03 11:33:40,754] Trial 58 finished with values: [0.0713217435122197, 0.005150950682736287, 0.0019927899054369333, 0.010838309149187719, 0.00153511472542355, 0.007707334331534324, 0.00267124895373158, 0.0026462586167925756, 0.0024090891116161062, 0.0016657252848110231, 0.0007612831090707732, 0.00025612954253700026, 0.0039756402682507375, 0.023854444602605156, 0.0, 0.0006682579005979925, 0.004272020123470393, 0.0013887279753496387, 0.0010802804031476002, 0.00017953589936905062, 0.00012227467641730215, 0.00014258412998662142, 0.0002877011024746486, 0.00035922066765785624, 0.00013129604541595391, 0.0003789412871635546, 0.00021899407360381493, 0.0024037041270694058, 0.0009400514481527885] and parameters: {'lag_0': 0.17352084157918135, 'lag_1': 0.1321295451094035, 'lag_2': 0.973341219359386, 'lag_3': 0.7729155734582425, 'lag_4': 0.3173516727545048, 'lag_5': 0.11518820986661775, 'lag_6': 0.24747404006804613, 'lag_7': 0.8781852680530059, 'lag_8': 0.5529819000943573, 'lag_9': 0.5147376725972996, 'lag_10': 0.6506565121267307, 'lag_11': 0.7674889119819891, 'lag_12': 0.906646307468476, 'lag_13': 0.40889771010591347, 'lag_14': 0.3042816056446516, 'lag_15': 0.391919926459698, 'lag_16': 0.1810663441700717, 'lag_17': 0.6710920091810274, 'lag_18': 0.5091487962262701, 'lag_19': 0.4880143772888185, 'lag_20': 0.12953964014759067, 'lag_21': 0.2512253492630737, 'lag_22': 0.41449770204137293, 'lag_23': 0.5155218290474504, 'lag_24': 0.8393890586099225, 'lag_25': 0.3199224013825606, 'lag_26': 0.16097129361874518, 'lag_27': 0.22342778170835392, 'lag_28': 0.26945751087312714}.
[I 2025-10-03 11:33:43,379] Trial 59 finished with values: [0.06831356468207117, 0.006253458099270273, 0.002753883291456069, 0.011455296949337172, 0.0008115809775231635, 0.002392923165225228, 0.0027146787023905987, 0.00438597804266507, 0.003953726576297935, 0.0014903224208221292, 0.0024934756059286274, 0.00013931800540371836, 0.0026896957907519854, 0.02326370852683412, 0.0, 0.0007236888487522619, 0.0038759985646845416, 0.0011308975017441424, 0.0007372066045555256, 0.00010094541575035544, 5.6921953597362566e-05, 0.00018000622388282677, 0.0005155049460427533, 0.00033498286296563303, 4.415812627457268e-05, 0.0009438530284389835, 0.00019109352545863633, 0.0020540750669249984, 0.0014072914013722741] and parameters: {'lag_0': 0.6108520105510031, 'lag_1': 0.18174003844771658, 'lag_2': 0.5202123499035965, 'lag_3': 0.5050477557060041, 'lag_4': 0.7874943877512307, 'lag_5': 0.6311382293148352, 'lag_6': 0.7328986036364508, 'lag_7': 0.878976212130734, 'lag_8': 0.481304555669798, 'lag_9': 0.32394844158459923, 'lag_10': 0.531586215010192, 'lag_11': 0.917588401285804, 'lag_12': 0.6368398669612981, 'lag_13': 0.6020101452452888, 'lag_14': 0.3017881930666985, 'lag_15': 0.2037303191592097, 'lag_16': 0.018538436501860104, 'lag_17': 0.2550964227440269, 'lag_18': 0.7278738212515797, 'lag_19': 0.13520625470363107, 'lag_20': 0.9921663237392809, 'lag_21': 0.09648722619296102, 'lag_22': 0.9137960166919509, 'lag_23': 0.5318531025730364, 'lag_24': 0.34376413272152984, 'lag_25': 0.34850873838587526, 'lag_26': 0.06625602360981937, 'lag_27': 0.5984310046117167, 'lag_28': 0.6302095380821764}.
[I 2025-10-03 11:33:45,997] Trial 60 finished with values: [0.10929705215419502, 0.0023424839536365506, 0.0017676965441299802, 0.0076298728443409125, 0.0030997551065942786, 0.007478053294606402, 0.0010578664788763745, 0.003917664018641761, 0.002565695487688119, 0.0019722428444474394, 0.0019136870523436423, 0.00015109474483427187, 0.0018961635892279956, 0.02532819017982945, 0.0, 0.0002585656709783423, 0.003312730456336701, 0.001315248938974622, 0.0006707623566354034, 6.247511222884921e-05, 7.894744533937661e-05, 0.00023404042219319477, 0.000147425666480713, 0.0005326971015194206, 5.339994532754242e-05, 0.000546861548633837, 0.00013279780301003432, 0.0016516245402363229, 0.0008623078861174098] and parameters: {'lag_0': 0.868841850539766, 'lag_1': 0.7201445816194966, 'lag_2': 0.3714283297611757, 'lag_3': 0.14157826340812674, 'lag_4': 0.6677861819488462, 'lag_5': 0.5831063078040121, 'lag_6': 0.969333154690452, 'lag_7': 0.220788621337033, 'lag_8': 0.007416637738234115, 'lag_9': 0.74421372105936, 'lag_10': 0.8787758613241349, 'lag_11': 0.9946022194388432, 'lag_12': 0.35454416981865555, 'lag_13': 0.4965818046204305, 'lag_14': 0.843980389830195, 'lag_15': 0.11080722559465685, 'lag_16': 0.3693369840809626, 'lag_17': 0.6100494684108303, 'lag_18': 0.5748656166759377, 'lag_19': 0.37509598397604144, 'lag_20': 0.1624890146549389, 'lag_21': 0.816365108200178, 'lag_22': 0.8659583651541369, 'lag_23': 0.8380625618549974, 'lag_24': 0.414101744520898, 'lag_25': 0.22471071996174014, 'lag_26': 0.9451208792026699, 'lag_27': 0.10342417633352989, 'lag_28': 0.9833770043164062}.
[I 2025-10-03 11:33:48,618] Trial 61 finished with values: [0.12755102040816327, 0.0014575530975340486, 0.003057748378443848, 0.006169875216354627, 0.0015030735563473278, 0.005009628784072703, 0.0013725632418777585, 0.0034748458913410455, 0.0019465293595792472, 0.0022209100633487394, 0.0009755378382291817, 0.0003651812905728651, 0.0011504102573500388, 0.025522563452330733, 0.0, 0.0006021849489931165, 0.00401150983896401, 0.0013356761851226581, 0.0007172746007508552, 0.00020208212249734356, 6.957955815268041e-05, 0.00016306080670467902, 0.0001997957827731346, 0.00041505040423622683, 8.227165564111312e-05, 0.0006312735948111166, 0.00032187802009944446, 0.0020696156174181265, 0.002866739246608282] and parameters: {'lag_0': 0.7353314824334316, 'lag_1': 0.3818079398764318, 'lag_2': 0.7926596643561401, 'lag_3': 0.13003146605441612, 'lag_4': 0.6364778445902379, 'lag_5': 0.5555685865232661, 'lag_6': 0.9014907212985995, 'lag_7': 0.4268788207580673, 'lag_8': 0.0796542688934887, 'lag_9': 0.1259473188669362, 'lag_10': 0.28773225138576647, 'lag_11': 0.9902692209800423, 'lag_12': 0.2447139765777169, 'lag_13': 0.37399849692498754, 'lag_14': 0.5773620851538099, 'lag_15': 0.25910198415945174, 'lag_16': 0.7716591691534258, 'lag_17': 0.12841628096606605, 'lag_18': 0.38268729256088535, 'lag_19': 0.29813946750917136, 'lag_20': 0.6075413633486906, 'lag_21': 0.19748306947651428, 'lag_22': 0.8996463071985518, 'lag_23': 0.23231794522104002, 'lag_24': 0.3968743181467408, 'lag_25': 0.0893352399623017, 'lag_26': 0.5251514078794615, 'lag_27': 0.20148237889545528, 'lag_28': 0.3550140937368496}.
[I 2025-10-03 11:33:51,229] Trial 62 finished with values: [0.06975510204081634, 0.00329108956504169, 0.0017617565398407031, 0.0049077769730468, 0.0010259971004096453, 0.0025416631254688528, 0.0018820024021314094, 0.0052062725535682785, 0.0035302641248753583, 0.0007390752640568327, 0.0010784081511609187, 0.00019877309461642062, 0.001971998193098605, 0.020899268399418074, 0.0, 0.0016730654227890846, 0.003392919062511719, 0.0015468329897215046, 0.0010186509801138992, 0.00015038239071516743, 3.692854687142631e-05, 6.781341582502214e-05, 0.00026090432684910633, 0.00019422777621240912, 2.9709537528480056e-05, 0.0006639798011547724, 0.0002650602230822731, 0.0021623745188299594, 0.0011326648160530184] and parameters: {'lag_0': 0.4930482034670497, 'lag_1': 0.5337556997634912, 'lag_2': 0.41933573237704286, 'lag_3': 0.674504846352534, 'lag_4': 0.7965775367931794, 'lag_5': 0.8735132694460568, 'lag_6': 0.03930792153881916, 'lag_7': 0.1416329572834122, 'lag_8': 0.8801381004050871, 'lag_9': 0.18301186151622947, 'lag_10': 0.37779119891456164, 'lag_11': 0.840686943635025, 'lag_12': 0.48294512835840336, 'lag_13': 0.9048673933211625, 'lag_14': 0.480194605561006, 'lag_15': 0.27414708834452667, 'lag_16': 0.08065637598049645, 'lag_17': 0.11014494123500088, 'lag_18': 0.9566186532351172, 'lag_19': 0.6702960750881345, 'lag_20': 0.2897062871686437, 'lag_21': 0.6411167359920688, 'lag_22': 0.04575540918704172, 'lag_23': 0.5888768075225607, 'lag_24': 0.6709842612352118, 'lag_25': 0.11518892443464147, 'lag_26': 0.1593435937894216, 'lag_27': 0.2459651777381637, 'lag_28': 0.662350497348036}.
[I 2025-10-03 11:33:53,847] Trial 63 finished with values: [0.068432799648459, 0.003434984794600043, 0.0025784940387283068, 0.002958781953472363, 0.0020693046645051706, 0.003256529283726194, 0.0014181496646984715, 0.003371763017431918, 0.004073236534249172, 0.0010066677917764414, 0.0007915989909949661, 0.00022579287617849737, 0.002709055896386447, 0.029573536229210357, 0.0, 0.0003157515605162339, 0.002579037585128205, 0.0014670346042725386, 0.0009293830770609327, 0.00019832847799792878, 0.00022734573191047, 0.00016662625334926752, 0.0003872264195286228, 0.00020450703992048666, 9.117147182310736e-05, 0.001245777556197156, 0.00030427630742166573, 0.0019313822367682562, 0.0004503214332925266] and parameters: {'lag_0': 0.8504351698342063, 'lag_1': 0.840509651515039, 'lag_2': 0.9339775616223018, 'lag_3': 0.6359865192418396, 'lag_4': 0.6727754113291519, 'lag_5': 0.9732565318746019, 'lag_6': 0.27402547789498, 'lag_7': 0.8418848223250178, 'lag_8': 0.8216869345133763, 'lag_9': 0.06693573434215844, 'lag_10': 0.8097000579599322, 'lag_11': 0.004063726757194766, 'lag_12': 0.7943627094895829, 'lag_13': 0.40919508417889466, 'lag_14': 0.5536651171728177, 'lag_15': 0.010437142773919973, 'lag_16': 0.49137826577647054, 'lag_17': 0.9040922818492918, 'lag_18': 0.48335905542080404, 'lag_19': 0.12371146981412316, 'lag_20': 0.11116103974913474, 'lag_21': 0.17325506313361413, 'lag_22': 0.9258566607463612, 'lag_23': 0.6660615459926706, 'lag_24': 0.561121674371779, 'lag_25': 0.5514579021724441, 'lag_26': 0.5223108835470626, 'lag_27': 0.44906790709228145, 'lag_28': 0.4995907735191793}.
