2025-09-29 11:51:53,962 - distributed.nanny - INFO -         Start Nanny at: 'tcp://192.168.86.107:44700'
2025-09-29 11:51:55,296 - distributed.worker - INFO -       Start worker at: tcp://192.168.86.107:34510
2025-09-29 11:51:55,296 - distributed.worker - INFO -          Listening to: tcp://192.168.86.107:34510
2025-09-29 11:51:55,296 - distributed.worker - INFO -           Worker name:             SLURMCluster-6
2025-09-29 11:51:55,296 - distributed.worker - INFO -          dashboard at:       192.168.86.107:36272
2025-09-29 11:51:55,297 - distributed.worker - INFO - Waiting to connect to: tcp://192.168.86.101:45699
2025-09-29 11:51:55,297 - distributed.worker - INFO - -------------------------------------------------
2025-09-29 11:51:55,297 - distributed.worker - INFO -               Threads:                          1
2025-09-29 11:51:55,297 - distributed.worker - INFO -                Memory:                   9.31 GiB
2025-09-29 11:51:55,297 - distributed.worker - INFO -       Local Directory: /home1/zrentala/dask-worker-space/dask-scratch-space/worker-vkrkercq
2025-09-29 11:51:55,297 - distributed.worker - INFO - -------------------------------------------------
2025-09-29 11:51:55,591 - distributed.worker - INFO - Starting Worker plugin shuffle
2025-09-29 11:51:55,592 - distributed.worker - INFO -         Registered to: tcp://192.168.86.101:45699
2025-09-29 11:51:55,592 - distributed.worker - INFO - -------------------------------------------------
2025-09-29 11:51:55,592 - distributed.core - INFO - Starting established connection to tcp://192.168.86.101:45699
[I 2025-09-29 11:51:55,694] A new study created in memory with name: no-name-6438ecef-d69a-4d5f-9ad9-898d7ac10d08
[I 2025-09-29 11:51:58,012] Trial 0 finished with value: 0.010772061073962391 and parameters: {'lag_0': 0.19246455513222302, 'lag_1': 0.6005273870383733, 'lag_2': 0.3371985203260521, 'lag_3': 0.0655115985992156, 'lag_4': 0.33010589860285217, 'lag_5': 0.6462361990018817, 'lag_6': 0.011804511632263951, 'lag_7': 0.4329603711411046, 'lag_8': 0.6693740157563669, 'lag_9': 0.15791715898787326, 'lag_10': 0.07814519376350815, 'lag_11': 0.07787746079957843, 'lag_12': 0.5268988488375478, 'lag_13': 0.09654414670830092, 'lag_14': 0.5098709382058265, 'lag_15': 0.2681387250048273, 'lag_16': 0.9827929834311757, 'lag_17': 0.20432944362226937, 'lag_18': 0.2616836934126043, 'lag_19': 0.8149429256008993, 'lag_20': 0.19288648853591936, 'lag_21': 0.5038423470459429, 'lag_22': 0.5232126343673807, 'lag_23': 0.9291418033275284, 'lag_24': 0.6161308244256147, 'lag_25': 0.3262112601834358, 'lag_26': 0.9445557424636074, 'lag_27': 0.15955777021429282, 'lag_28': 0.26461649742887317}. Best is trial 0 with value: 0.010772061073962391.
[I 2025-09-29 11:52:00,301] Trial 1 finished with value: 0.010391982141115178 and parameters: {'lag_0': 0.5665195192143493, 'lag_1': 0.6670744831949973, 'lag_2': 0.7609249470998452, 'lag_3': 0.582070687334674, 'lag_4': 0.5024299716810697, 'lag_5': 0.5241147889796803, 'lag_6': 0.9783189323820186, 'lag_7': 0.580982432528476, 'lag_8': 0.3863678459998212, 'lag_9': 0.09747232573471257, 'lag_10': 0.4531241734538448, 'lag_11': 0.6856226101004329, 'lag_12': 0.0637161105425997, 'lag_13': 0.1261992079355883, 'lag_14': 0.9261889461593596, 'lag_15': 0.503438788232562, 'lag_16': 0.43301856413279904, 'lag_17': 0.020629497560873077, 'lag_18': 0.5860878215783325, 'lag_19': 0.26905539253623834, 'lag_20': 0.4394486982805988, 'lag_21': 0.9102567833227714, 'lag_22': 0.1741490214925245, 'lag_23': 0.1195799121420144, 'lag_24': 0.18184937420781067, 'lag_25': 0.47579326264724614, 'lag_26': 0.7354545121688649, 'lag_27': 0.3272133026763953, 'lag_28': 0.3365506032960117}. Best is trial 1 with value: 0.010391982141115178.
[I 2025-09-29 11:52:02,585] Trial 2 finished with value: 0.010365772656613807 and parameters: {'lag_0': 0.4876906059369916, 'lag_1': 0.7546723202095895, 'lag_2': 0.5950522756894698, 'lag_3': 0.2047176525052936, 'lag_4': 0.4971166609340193, 'lag_5': 0.8163978251023191, 'lag_6': 0.8336288240134543, 'lag_7': 0.025572662385669135, 'lag_8': 0.45140633119644674, 'lag_9': 0.25722871532989394, 'lag_10': 0.5288423204252791, 'lag_11': 0.5853168519026846, 'lag_12': 0.6212705686628514, 'lag_13': 0.8913520876378678, 'lag_14': 0.1079516513892766, 'lag_15': 0.09731057907344266, 'lag_16': 0.1895591951478758, 'lag_17': 0.247929750392859, 'lag_18': 0.4355898162022462, 'lag_19': 0.4922482640728623, 'lag_20': 0.4505411555471195, 'lag_21': 0.34165149883843376, 'lag_22': 0.46072075144250163, 'lag_23': 0.5204252483559924, 'lag_24': 0.21536643360548233, 'lag_25': 0.5940558520845021, 'lag_26': 0.8560874508370502, 'lag_27': 0.7065393588966397, 'lag_28': 0.15058397406448215}. Best is trial 2 with value: 0.010365772656613807.
[I 2025-09-29 11:52:04,873] Trial 3 finished with value: 0.01076025383415764 and parameters: {'lag_0': 0.024269466619290605, 'lag_1': 0.3332063536857479, 'lag_2': 0.7009813812428016, 'lag_3': 0.5431429803573837, 'lag_4': 0.2619926711516239, 'lag_5': 0.2792271275462251, 'lag_6': 0.5184838754958323, 'lag_7': 0.19972813589916183, 'lag_8': 0.4472458011273535, 'lag_9': 0.11732254789356847, 'lag_10': 0.05729330039237216, 'lag_11': 0.5789751685654516, 'lag_12': 0.23587439351721148, 'lag_13': 0.818928576369401, 'lag_14': 0.9263281076820273, 'lag_15': 0.5541032873653648, 'lag_16': 0.6788527534771427, 'lag_17': 0.9544209424920067, 'lag_18': 0.774440035885174, 'lag_19': 0.5751953719024658, 'lag_20': 0.6748427236843919, 'lag_21': 0.7259092976875028, 'lag_22': 0.6802211442442481, 'lag_23': 0.8926242650565306, 'lag_24': 0.7894067755187572, 'lag_25': 0.7076548329738929, 'lag_26': 0.6292964658875053, 'lag_27': 0.2772082405518369, 'lag_28': 0.17164459023788364}. Best is trial 2 with value: 0.010365772656613807.
[I 2025-09-29 11:52:07,150] Trial 4 finished with value: 0.010666243259871706 and parameters: {'lag_0': 0.5232571367589608, 'lag_1': 0.9992337864751503, 'lag_2': 0.08198075949237457, 'lag_3': 0.05708953878497808, 'lag_4': 0.7769769234959917, 'lag_5': 0.32943561392000176, 'lag_6': 0.26571010588741434, 'lag_7': 0.5378018891429206, 'lag_8': 0.013404796316955658, 'lag_9': 0.7995504661569849, 'lag_10': 0.02738531159939129, 'lag_11': 0.9709637943159193, 'lag_12': 0.5490278994152126, 'lag_13': 0.04522940041750232, 'lag_14': 0.5094884890307373, 'lag_15': 0.8864477633973321, 'lag_16': 0.19284647060932342, 'lag_17': 0.7357136866776196, 'lag_18': 0.7863198127532288, 'lag_19': 0.12958247084358943, 'lag_20': 0.1728814234240133, 'lag_21': 0.7989250728363111, 'lag_22': 0.9293769480682932, 'lag_23': 0.3954724346997633, 'lag_24': 0.42868012449548915, 'lag_25': 0.9704307371995223, 'lag_26': 0.7057708035997782, 'lag_27': 0.6400113912644763, 'lag_28': 0.8540720569104935}. Best is trial 2 with value: 0.010365772656613807.
[I 2025-09-29 11:52:09,432] Trial 5 finished with value: 0.010460085002628416 and parameters: {'lag_0': 0.7525633742351852, 'lag_1': 0.47957378824302, 'lag_2': 0.47909408513984947, 'lag_3': 0.5067782901274467, 'lag_4': 0.1531574039044301, 'lag_5': 0.776414010429228, 'lag_6': 0.2515467213965799, 'lag_7': 0.5084152039582049, 'lag_8': 0.5967118898741381, 'lag_9': 0.929833215263833, 'lag_10': 0.999219834096409, 'lag_11': 0.7308708605065196, 'lag_12': 0.25777515072295915, 'lag_13': 0.9451002202272094, 'lag_14': 0.0067863787033693584, 'lag_15': 0.058932678436589093, 'lag_16': 0.4038832933558567, 'lag_17': 0.6716932088749137, 'lag_18': 0.5044696565887162, 'lag_19': 0.6851929459431817, 'lag_20': 0.8896267962368597, 'lag_21': 0.9979810981740299, 'lag_22': 0.2938447898281539, 'lag_23': 0.4067817834649108, 'lag_24': 0.425485877356715, 'lag_25': 0.5942867805663159, 'lag_26': 0.83479168322998, 'lag_27': 0.029940791328714404, 'lag_28': 0.6292146335496063}. Best is trial 2 with value: 0.010365772656613807.
[I 2025-09-29 11:52:11,713] Trial 6 finished with value: 0.010401262332096099 and parameters: {'lag_0': 0.7814252343189738, 'lag_1': 0.7211297754027401, 'lag_2': 0.6747575440836127, 'lag_3': 0.3808196648857109, 'lag_4': 0.03329442449951864, 'lag_5': 0.29271805333504086, 'lag_6': 0.8420111213283364, 'lag_7': 0.024252022869965105, 'lag_8': 0.6391024457209523, 'lag_9': 0.12051304207151456, 'lag_10': 0.4155053625467432, 'lag_11': 0.8455386538499182, 'lag_12': 0.10672604960129597, 'lag_13': 0.9248059766682969, 'lag_14': 0.24917814532588228, 'lag_15': 0.69709373755953, 'lag_16': 0.7977276807434889, 'lag_17': 0.5056914391557525, 'lag_18': 0.8343030472691376, 'lag_19': 0.7035821339033074, 'lag_20': 0.27636634445197444, 'lag_21': 0.3440426100886745, 'lag_22': 0.10814802358775659, 'lag_23': 0.9109791992221317, 'lag_24': 0.4168992729394916, 'lag_25': 0.1672803816425921, 'lag_26': 0.572558815064116, 'lag_27': 0.8983489278789698, 'lag_28': 0.031348734947020125}. Best is trial 2 with value: 0.010365772656613807.
[I 2025-09-29 11:52:13,998] Trial 7 finished with value: 0.010585393979578736 and parameters: {'lag_0': 0.3658725232478665, 'lag_1': 0.868370254154628, 'lag_2': 0.7729155232052918, 'lag_3': 0.36731823026428345, 'lag_4': 0.4314591036537693, 'lag_5': 0.05796657813782707, 'lag_6': 0.7913044820648872, 'lag_7': 0.4257233608806914, 'lag_8': 0.5129503252609995, 'lag_9': 0.014140070256102566, 'lag_10': 0.5144982070549758, 'lag_11': 0.5106701286750992, 'lag_12': 0.4199227427522049, 'lag_13': 0.20036474105559762, 'lag_14': 0.75865774181022, 'lag_15': 0.8729172686040256, 'lag_16': 0.6333640165772082, 'lag_17': 0.9202710444849368, 'lag_18': 0.4766710304018828, 'lag_19': 0.3561747643019769, 'lag_20': 0.19992925594250066, 'lag_21': 0.9693973168135872, 'lag_22': 0.9089405090633872, 'lag_23': 0.5028495472139224, 'lag_24': 0.20100506283885203, 'lag_25': 0.4914096233945718, 'lag_26': 0.22076259159205003, 'lag_27': 0.3963866581861576, 'lag_28': 0.24628997968340205}. Best is trial 2 with value: 0.010365772656613807.
[I 2025-09-29 11:52:16,282] Trial 8 finished with value: 0.010426136265215952 and parameters: {'lag_0': 0.07191186113803728, 'lag_1': 0.8686468011829652, 'lag_2': 0.2480265645479071, 'lag_3': 0.7402495071908184, 'lag_4': 0.5518616846250134, 'lag_5': 0.6484342755577669, 'lag_6': 0.4066124366945855, 'lag_7': 0.9804582884215566, 'lag_8': 0.290004941367409, 'lag_9': 0.01525028797758577, 'lag_10': 0.42648250786182185, 'lag_11': 0.5226169240961994, 'lag_12': 0.5574822488643486, 'lag_13': 0.9623934018098107, 'lag_14': 0.8464084997480401, 'lag_15': 0.4626805813468909, 'lag_16': 0.14404576158782945, 'lag_17': 0.8921713252545586, 'lag_18': 0.22946864580794252, 'lag_19': 0.7570629395893126, 'lag_20': 0.06110634757735669, 'lag_21': 0.6889057446572069, 'lag_22': 0.1716753379561035, 'lag_23': 0.9133627958358975, 'lag_24': 0.318114239401308, 'lag_25': 0.10753636095571485, 'lag_26': 0.8476829202416349, 'lag_27': 0.2713335841280504, 'lag_28': 0.5746091655184515}. Best is trial 2 with value: 0.010365772656613807.
[I 2025-09-29 11:52:18,568] Trial 9 finished with value: 0.01058829647654819 and parameters: {'lag_0': 0.7075564807063403, 'lag_1': 0.17520215968695804, 'lag_2': 0.6204542413816291, 'lag_3': 0.21887546560566049, 'lag_4': 0.8800105118190897, 'lag_5': 0.2777154567782174, 'lag_6': 0.3739298115870791, 'lag_7': 0.716923467356382, 'lag_8': 0.33010234416370954, 'lag_9': 0.5295070130611806, 'lag_10': 0.06489416134776713, 'lag_11': 0.8460909576573039, 'lag_12': 0.11338574687695811, 'lag_13': 0.46338965866223186, 'lag_14': 0.0733856999264462, 'lag_15': 0.439730604832511, 'lag_16': 0.23696673004125826, 'lag_17': 0.9468047572121835, 'lag_18': 0.5989214788578934, 'lag_19': 0.19928874794269558, 'lag_20': 0.23911365427352288, 'lag_21': 0.5205727926763357, 'lag_22': 0.2922155313545591, 'lag_23': 0.9891770793456035, 'lag_24': 0.83741681973651, 'lag_25': 0.8698987124158796, 'lag_26': 0.558347948730855, 'lag_27': 0.787066949464732, 'lag_28': 0.6304511804661111}. Best is trial 2 with value: 0.010365772656613807.
[I 2025-09-29 11:52:20,916] Trial 10 finished with value: 0.01050938081671412 and parameters: {'lag_0': 0.3546176263001626, 'lag_1': 0.01686003399398034, 'lag_2': 0.9457125766326521, 'lag_3': 0.9854551372269038, 'lag_4': 0.6705049723451297, 'lag_5': 0.9776588766291784, 'lag_6': 0.6544943472456374, 'lag_7': 0.0358163978991724, 'lag_8': 0.9853215087561469, 'lag_9': 0.4151259066706593, 'lag_10': 0.7380844807146765, 'lag_11': 0.2623189188810978, 'lag_12': 0.8778201839017468, 'lag_13': 0.659300800440635, 'lag_14': 0.26890614101067517, 'lag_15': 0.008741913729917117, 'lag_16': 0.02282445274442263, 'lag_17': 0.28134779787988984, 'lag_18': 0.09901167337567973, 'lag_19': 0.9847214491076104, 'lag_20': 0.5854847330798121, 'lag_21': 0.2287375932187437, 'lag_22': 0.5925516500374214, 'lag_23': 0.6379326477191888, 'lag_24': 0.06804286223057321, 'lag_25': 0.7688270648749571, 'lag_26': 0.32226142640200117, 'lag_27': 0.5988720758547369, 'lag_28': 0.9833660883515587}. Best is trial 2 with value: 0.010365772656613807.
[I 2025-09-29 11:52:23,339] Trial 11 finished with value: 0.010579385291248083 and parameters: {'lag_0': 0.5588017797684532, 'lag_1': 0.6792341500226228, 'lag_2': 0.946411092407158, 'lag_3': 0.7275941421038216, 'lag_4': 0.5521047058180496, 'lag_5': 0.9669707812055538, 'lag_6': 0.9991423360238457, 'lag_7': 0.7244916095896385, 'lag_8': 0.1447727708086068, 'lag_9': 0.35354154681299266, 'lag_10': 0.6380497693260544, 'lag_11': 0.323930818091967, 'lag_12': 0.8042642681436477, 'lag_13': 0.39372070861762815, 'lag_14': 0.7371489668536597, 'lag_15': 0.24825623286181348, 'lag_16': 0.40654543200101034, 'lag_17': 0.0032891352598849455, 'lag_18': 0.9983493388711859, 'lag_19': 0.3869394241680293, 'lag_20': 0.43054281116011994, 'lag_21': 0.12583030904307038, 'lag_22': 0.3649737615123342, 'lag_23': 0.03410404123642774, 'lag_24': 0.035876956951172406, 'lag_25': 0.4189347023980397, 'lag_26': 0.014542756161091241, 'lag_27': 0.4578266980004643, 'lag_28': 0.39341424050302976}. Best is trial 2 with value: 0.010365772656613807.
[I 2025-09-29 11:52:25,681] Trial 12 finished with value: 0.010756402696049558 and parameters: {'lag_0': 0.9452986817065276, 'lag_1': 0.5276793266214482, 'lag_2': 0.51325483777976, 'lag_3': 0.6612409062606596, 'lag_4': 0.4489292069163429, 'lag_5': 0.5151049132463446, 'lag_6': 0.9985986568788527, 'lag_7': 0.24291972419800945, 'lag_8': 0.8449317454463978, 'lag_9': 0.3070717338275298, 'lag_10': 0.23912398874780438, 'lag_11': 0.676151687347131, 'lag_12': 0.6760192917992844, 'lag_13': 0.6617936677210061, 'lag_14': 0.3411384495646298, 'lag_15': 0.24724239811865012, 'lag_16': 0.36433568155306084, 'lag_17': 0.015180723274842612, 'lag_18': 0.3772654177919531, 'lag_19': 0.3422793731059811, 'lag_20': 0.4707959500754301, 'lag_21': 0.3797226530713614, 'lag_22': 0.008461629286403816, 'lag_23': 0.09905954220884872, 'lag_24': 0.187352824325094, 'lag_25': 0.6242543329697627, 'lag_26': 0.9743984400475545, 'lag_27': 0.7162528521000961, 'lag_28': 0.012872454693063862}. Best is trial 2 with value: 0.010365772656613807.
[I 2025-09-29 11:52:28,022] Trial 13 finished with value: 0.010595228766412864 and parameters: {'lag_0': 0.3371588053422664, 'lag_1': 0.7699349099416486, 'lag_2': 0.8279524843866395, 'lag_3': 0.24808562376422116, 'lag_4': 0.982170658141341, 'lag_5': 0.7865071514629308, 'lag_6': 0.8031878712115719, 'lag_7': 0.6885591797334603, 'lag_8': 0.34577317722158574, 'lag_9': 0.5911603325697005, 'lag_10': 0.2839628094819225, 'lag_11': 0.35439798839686876, 'lag_12': 0.35745825495104655, 'lag_13': 0.2718707764678111, 'lag_14': 0.6535493006455589, 'lag_15': 0.7051421368103007, 'lag_16': 0.5520244086262418, 'lag_17': 0.2255969096909327, 'lag_18': 0.6236859874124684, 'lag_19': 0.5011761547584803, 'lag_20': 0.7512316686512759, 'lag_21': 0.04727310111619348, 'lag_22': 0.7408107203871832, 'lag_23': 0.26410681154367366, 'lag_24': 0.24750212686406442, 'lag_25': 0.31908875933934105, 'lag_26': 0.7459160640442252, 'lag_27': 0.9338383317388591, 'lag_28': 0.40840958847293296}. Best is trial 2 with value: 0.010365772656613807.
[I 2025-09-29 11:52:30,371] Trial 14 finished with value: 0.010213240992586036 and parameters: {'lag_0': 0.6015273358193325, 'lag_1': 0.45285809205161903, 'lag_2': 0.5034219586873842, 'lag_3': 0.915618036505119, 'lag_4': 0.6496091245793931, 'lag_5': 0.4717979655800353, 'lag_6': 0.6600235015841966, 'lag_7': 0.2789587149143866, 'lag_8': 0.21167625762284206, 'lag_9': 0.24641924745950142, 'lag_10': 0.7370467533038157, 'lag_11': 0.7054684411461468, 'lag_12': 0.7011788534493708, 'lag_13': 0.6358938096880069, 'lag_14': 0.9624231261116235, 'lag_15': 0.3551977477847452, 'lag_16': 0.03375287025787638, 'lag_17': 0.37980327835806565, 'lag_18': 0.35975601632706977, 'lag_19': 0.014027106645471965, 'lag_20': 0.3862370003954746, 'lag_21': 0.6101404993409323, 'lag_22': 0.4099472812936846, 'lag_23': 0.7057014262898227, 'lag_24': 0.6030701266220168, 'lag_25': 0.5532364997941753, 'lag_26': 0.40605654722893747, 'lag_27': 0.5352341574128114, 'lag_28': 0.1449705830275764}. Best is trial 14 with value: 0.010213240992586036.
[I 2025-09-29 11:52:32,708] Trial 15 finished with value: 0.010398913847427024 and parameters: {'lag_0': 0.6531882489883732, 'lag_1': 0.4144252857957154, 'lag_2': 0.43809294777908786, 'lag_3': 0.9888331118850702, 'lag_4': 0.6656404128415395, 'lag_5': 0.802072555754259, 'lag_6': 0.6111097402868558, 'lag_7': 0.20144266281659232, 'lag_8': 0.17719969582307232, 'lag_9': 0.2611243216433129, 'lag_10': 0.8028861508415299, 'lag_11': 0.4343567457205896, 'lag_12': 0.7128727010321025, 'lag_13': 0.675830120247761, 'lag_14': 0.12977937602251677, 'lag_15': 0.15796667412205986, 'lag_16': 0.008569172533977664, 'lag_17': 0.39023006866749776, 'lag_18': 0.33064249868840045, 'lag_19': 0.033865830453969625, 'lag_20': 0.32850410694481846, 'lag_21': 0.5846558391862059, 'lag_22': 0.45961296597619256, 'lag_23': 0.7071686462128826, 'lag_24': 0.634153332533216, 'lag_25': 0.670970949917258, 'lag_26': 0.4000867434320898, 'lag_27': 0.5314541484104818, 'lag_28': 0.13353101276989882}. Best is trial 14 with value: 0.010213240992586036.
[I 2025-09-29 11:52:35,042] Trial 16 finished with value: 0.010817596124850015 and parameters: {'lag_0': 0.9025855030745308, 'lag_1': 0.2681092331075401, 'lag_2': 0.25800720152485557, 'lag_3': 0.8365824644303916, 'lag_4': 0.6794758346884825, 'lag_5': 0.4137033346307318, 'lag_6': 0.6817957965693688, 'lag_7': 0.2854806168417907, 'lag_8': 0.1825548405046341, 'lag_9': 0.6023432158280074, 'lag_10': 0.9317510786637626, 'lag_11': 0.165766958642863, 'lag_12': 0.9898324523815377, 'lag_13': 0.7803594297557283, 'lag_14': 0.4195152931436731, 'lag_15': 0.35122327582143664, 'lag_16': 0.29282555652054637, 'lag_17': 0.484726852450875, 'lag_18': 0.10049955607717254, 'lag_19': 0.007505025465335102, 'lag_20': 0.5815933598054408, 'lag_21': 0.3190105364352403, 'lag_22': 0.40371426844642283, 'lag_23': 0.7191863269860563, 'lag_24': 0.6079989945415453, 'lag_25': 0.8159813625163439, 'lag_26': 0.42483192630805355, 'lag_27': 0.8296027403723034, 'lag_28': 0.12239576900585974}. Best is trial 14 with value: 0.010213240992586036.
[I 2025-09-29 11:52:37,384] Trial 17 finished with value: 0.010348805303778939 and parameters: {'lag_0': 0.434710220101252, 'lag_1': 0.5499121972227635, 'lag_2': 0.5381283614547933, 'lag_3': 0.19692463097808421, 'lag_4': 0.3313232206746377, 'lag_5': 0.661155929128165, 'lag_6': 0.8671897495569068, 'lag_7': 0.12048824318850382, 'lag_8': 0.02241572438569131, 'lag_9': 0.22815246981666568, 'lag_10': 0.6262108441006666, 'lag_11': 0.8314514394758254, 'lag_12': 0.6748466144731327, 'lag_13': 0.5507973975355221, 'lag_14': 0.6179982556900113, 'lag_15': 0.10727121051926151, 'lag_16': 0.10534196760708514, 'lag_17': 0.3780143874652169, 'lag_18': 0.44534241065695523, 'lag_19': 0.8619262203054228, 'lag_20': 0.3600080111025563, 'lag_21': 0.6308949517562814, 'lag_22': 0.5962110113239625, 'lag_23': 0.5592482283896976, 'lag_24': 0.9336820247386741, 'lag_25': 0.32530834066762077, 'lag_26': 0.18836266965797857, 'lag_27': 0.707388687056649, 'lag_28': 0.4703433118988638}. Best is trial 14 with value: 0.010213240992586036.
[I 2025-09-29 11:52:39,723] Trial 18 finished with value: 0.010698994440342075 and parameters: {'lag_0': 0.24698293008906488, 'lag_1': 0.4085410176306896, 'lag_2': 0.3458298298670792, 'lag_3': 0.4137444970138202, 'lag_4': 0.2999904206908004, 'lag_5': 0.138521932755648, 'lag_6': 0.5302820370246333, 'lag_7': 0.30324242574374044, 'lag_8': 0.07283205405615584, 'lag_9': 0.4439530519799458, 'lag_10': 0.6633004416324367, 'lag_11': 0.9402545749270714, 'lag_12': 0.7777541618178079, 'lag_13': 0.5407291349438218, 'lag_14': 0.6296825322383307, 'lag_15': 0.16018100537277363, 'lag_16': 0.08919312953780023, 'lag_17': 0.5920795313045882, 'lag_18': 0.20975038256788037, 'lag_19': 0.9316185619228938, 'lag_20': 0.34214609095080845, 'lag_21': 0.6521875344443931, 'lag_22': 0.7686886903163135, 'lag_23': 0.7648617476236674, 'lag_24': 0.9814964368444083, 'lag_25': 0.23760117887004578, 'lag_26': 0.14848538917139203, 'lag_27': 0.9998767181748587, 'lag_28': 0.7492395678428064}. Best is trial 14 with value: 0.010213240992586036.
[I 2025-09-29 11:52:42,060] Trial 19 finished with value: 0.010798120408470674 and parameters: {'lag_0': 0.4270442724599393, 'lag_1': 0.18397085236343602, 'lag_2': 0.09632149083673469, 'lag_3': 0.8683746693592873, 'lag_4': 0.16371920878434976, 'lag_5': 0.6168440047300269, 'lag_6': 0.7444472809674788, 'lag_7': 0.13438278113800206, 'lag_8': 0.006932801489623934, 'lag_9': 0.7214688163297212, 'lag_10': 0.8446510828963082, 'lag_11': 0.8148098808145186, 'lag_12': 0.9298341983696841, 'lag_13': 0.5526953664536154, 'lag_14': 0.9954252918919118, 'lag_15': 0.36914679319005156, 'lag_16': 0.09552837351343041, 'lag_17': 0.38801217377558445, 'lag_18': 0.014841722468570073, 'lag_19': 0.8650169036016546, 'lag_20': 0.08743792863896915, 'lag_21': 0.8232655038054096, 'lag_22': 0.5927077723751797, 'lag_23': 0.6108804758444755, 'lag_24': 0.9867614957829898, 'lag_25': 0.003727796151745566, 'lag_26': 0.1985549523916038, 'lag_27': 0.54414943061507, 'lag_28': 0.44845133634861345}. Best is trial 14 with value: 0.010213240992586036.
