[I 2025-10-03 11:36:17,679] Trial 16 finished with values: [0.010266993650523863, 0.0060164385074219775, 0.0017733913305411607, 0.0003477111318041761, 0.0049137638609423285, 0.0031565603086126993, 0.0036593468528047478, 0.0031602625973141223, 0.003621474739496322, 0.0006901216068486937, 0.0007181096277580491, 0.00010196146072344322, 0.009807514778718834, 0.020812679282419748, 0.0, 0.023870745904393066, 0.013593842527973302, 0.004711938650662318, 0.0007813981447308155, 0.00010088402148638299, 0.0007145510400740523, 0.001446718714536601, 0.0008806576874670862, 0.0010743601849413766, 0.0002499715143814925, 0.00012513655361661244, 0.0007648751640603092, 0.002471516499036517, 0.0014428392970845117] and parameters: {'lag_0': 0.0952590800373895, 'lag_1': 0.3537125713154191, 'lag_2': 0.9844991107360561, 'lag_3': 0.968944507276647, 'lag_4': 0.11905160307647879, 'lag_5': 0.05976053553800281, 'lag_6': 0.9501108109597933, 'lag_7': 0.022253869806475143, 'lag_8': 0.5433751967011242, 'lag_9': 0.6475642827041362, 'lag_10': 0.35454155625210537, 'lag_11': 0.4916614171639211, 'lag_12': 0.5737314947234217, 'lag_13': 0.9397797067436119, 'lag_14': 0.09198972598774591, 'lag_15': 0.8691781994574036, 'lag_16': 0.03003998674552912, 'lag_17': 0.2277870740306359, 'lag_18': 0.41299471603014193, 'lag_19': 0.5177742760580092, 'lag_20': 0.09425444662007461, 'lag_21': 0.12059311651704391, 'lag_22': 0.4905056652981486, 'lag_23': 0.8150599196311532, 'lag_24': 0.5174730909806035, 'lag_25': 0.10656148773899755, 'lag_26': 0.37094349027451073, 'lag_27': 0.8617781607241194, 'lag_28': 0.9338999281028192}.
[I 2025-10-03 11:36:20,347] Trial 17 finished with values: [0.013014739903496594, 0.0008786447468404999, 0.0004787434056000117, 0.00037905697585250466, 0.0024327990652841655, 0.004638731334915263, 0.0011570812469540478, 0.0031680931303671228, 0.002528476014633547, 8.174435685273299e-05, 0.0009434878516881996, 0.0002768671979009747, 0.00848313896318725, 0.01945006221500708, 0.0, 0.026439469992700047, 0.01475383444950185, 0.0043726635336050436, 0.0007190715684633212, 4.145293649447446e-05, 0.0010404365509369485, 0.0008860795534645369, 0.0006480844167292457, 0.0016932989669012361, 0.00020618168885662273, 0.00015292190397564318, 0.0009142060609078665, 0.0022584559200801184, 0.0005972222222222223] and parameters: {'lag_0': 0.5786193794384483, 'lag_1': 0.3686991089973296, 'lag_2': 0.7336604380264717, 'lag_3': 0.4319044917212325, 'lag_4': 0.23903033575033003, 'lag_5': 0.5801552000569381, 'lag_6': 0.5952530879046745, 'lag_7': 0.4722093796719982, 'lag_8': 0.6753905838963343, 'lag_9': 0.846372969163993, 'lag_10': 0.6573627106795672, 'lag_11': 0.6639223166492962, 'lag_12': 0.7213287779452107, 'lag_13': 0.9163860453219081, 'lag_14': 0.6823303082231675, 'lag_15': 0.03654696858417112, 'lag_16': 0.10927159382095278, 'lag_17': 0.057833330316900224, 'lag_18': 0.0918037240265323, 'lag_19': 0.596716338846563, 'lag_20': 0.0970275772940148, 'lag_21': 0.19436954320502714, 'lag_22': 0.7544674201009464, 'lag_23': 0.788254414201707, 'lag_24': 0.7814134764408577, 'lag_25': 0.6840021889792938, 'lag_26': 0.9880882519699357, 'lag_27': 0.685505911602175, 'lag_28': 0.743218078824909}.
[I 2025-10-03 11:36:23,014] Trial 18 finished with values: [0.01596229526662419, 0.002303265331240859, 0.0022667290760398522, 0.0008941796376811296, 0.0013901802259032876, 0.0025786283120320646, 0.001132906833894811, 0.003363944828485272, 0.001920897551953386, 0.0004038935769291034, 0.0004781391946315883, 0.0002086928347163588, 0.00845455424086303, 0.02062460667840058, 0.0, 0.030813893027897978, 0.017491022397113403, 0.004447607556715276, 0.0008349217585825947, 0.0002042825686678601, 0.0009268264319655158, 0.001405163156373012, 0.0009978962479703778, 0.0018642831781788955, 0.00015657407737491833, 0.00010749808850998602, 0.00047511669419297387, 0.0016972277344517363, 0.002060449344049546] and parameters: {'lag_0': 0.37063947744151193, 'lag_1': 0.7032332072373286, 'lag_2': 0.7291084487613453, 'lag_3': 0.5381338907012384, 'lag_4': 0.05277864693392667, 'lag_5': 0.22602659212717255, 'lag_6': 0.7316291326346491, 'lag_7': 0.752912950134357, 'lag_8': 0.9909132855327816, 'lag_9': 0.24231607794323493, 'lag_10': 0.8017404047535803, 'lag_11': 0.9927613976934222, 'lag_12': 0.5577946427777825, 'lag_13': 0.5645549741561305, 'lag_14': 0.31547056964993475, 'lag_15': 0.9527576931691171, 'lag_16': 0.31746043673837265, 'lag_17': 0.905180437923487, 'lag_18': 0.21990089299468715, 'lag_19': 0.6145911070650439, 'lag_20': 0.05261302344244517, 'lag_21': 0.09385010699218231, 'lag_22': 0.8772509891334976, 'lag_23': 0.03644035295881972, 'lag_24': 0.8716837054654206, 'lag_25': 0.3153145378737615, 'lag_26': 0.49907645955625773, 'lag_27': 0.5413643836227945, 'lag_28': 0.1029523784857853}.
[I 2025-10-03 11:36:25,673] Trial 19 finished with values: [0.01738089467615543, 0.003465557375702906, 0.0019196798629781391, 0.0007884907691558092, 0.0020929426706937184, 0.004672004408188097, 0.0018655051406573583, 0.0023929098285390394, 0.0032583666917040135, 0.0011306990073420766, 0.000620095516994296, 2.5381841273883882e-05, 0.00728998909476313, 0.021811035352858832, 0.0, 0.02375744012178691, 0.014378301029805456, 0.005462534843340483, 0.000502075306546009, 0.00013945907798739902, 0.0009266472079017508, 0.0010054301767226086, 0.0006202950740887209, 0.001247318534977767, 0.00011463090887660151, 6.537571032779882e-05, 0.0010246839783558137, 0.0013801198156693703, 0.0012276946176181752] and parameters: {'lag_0': 0.18928837851837543, 'lag_1': 0.04402619899658862, 'lag_2': 0.2970887452192533, 'lag_3': 0.7467807273717781, 'lag_4': 0.01223728902579281, 'lag_5': 0.5604390079448852, 'lag_6': 0.1947913283167774, 'lag_7': 0.0376277305164526, 'lag_8': 0.8676948468309796, 'lag_9': 0.36036534634833334, 'lag_10': 0.5344316568135827, 'lag_11': 0.18635970108061947, 'lag_12': 0.3379593351328555, 'lag_13': 0.46679378862215315, 'lag_14': 0.5509163836627274, 'lag_15': 0.3917601191173228, 'lag_16': 0.18971226351416454, 'lag_17': 0.30918991202599017, 'lag_18': 0.6635449853838661, 'lag_19': 0.6423476992704746, 'lag_20': 0.06791981172664148, 'lag_21': 0.2426902232836222, 'lag_22': 0.6747711793061996, 'lag_23': 0.7389142562290528, 'lag_24': 0.9404094196325873, 'lag_25': 0.2316675426271816, 'lag_26': 0.2431948255101454, 'lag_27': 0.5584533095815031, 'lag_28': 0.9566428178017458}.
[I 2025-10-03 11:36:28,337] Trial 20 finished with values: [0.013546666710367968, 0.001706153421140703, 0.0012607155234727568, 0.0002663583979903392, 0.0032787554978896557, 0.003920316269121839, 0.002616323582889632, 0.00113872031655071, 0.0026579329257121276, 0.0006743846634562954, 0.0007151007367784207, 0.00034291948145343253, 0.010379284861163393, 0.018698320516531593, 0.0, 0.024395005636086632, 0.014205186855940933, 0.003936667973473772, 0.0007605683161716423, 5.9648515139180196e-05, 0.0009016085848609058, 0.001474533313974642, 0.0008795202374595942, 0.0019036092743983904, 0.0002643979030591265, 0.00010127494182457667, 0.0017073595150289699, 0.0025626326495115414, 0.0005244124577499572] and parameters: {'lag_0': 0.8206776609826602, 'lag_1': 0.8864816640069243, 'lag_2': 0.8139561173965667, 'lag_3': 0.48544594442930644, 'lag_4': 0.8667602707878818, 'lag_5': 0.5050161635197205, 'lag_6': 0.18041185200200727, 'lag_7': 0.09396372456822062, 'lag_8': 0.03567845586762358, 'lag_9': 0.21194121482312586, 'lag_10': 0.3929264826448333, 'lag_11': 0.940592534608866, 'lag_12': 0.22832228918371017, 'lag_13': 0.10785804699130463, 'lag_14': 0.7098740623153565, 'lag_15': 0.4124868499921636, 'lag_16': 0.4048350734067692, 'lag_17': 0.14185890166644008, 'lag_18': 0.709415539477628, 'lag_19': 0.6508498726155285, 'lag_20': 0.12645979626235296, 'lag_21': 0.34059415305124935, 'lag_22': 0.19256421685189895, 'lag_23': 0.7678781570229233, 'lag_24': 0.18935222878420183, 'lag_25': 0.4537648894731173, 'lag_26': 0.9212791699014613, 'lag_27': 0.5678070339911738, 'lag_28': 0.2321259610082309}.
[I 2025-10-03 11:36:31,001] Trial 21 finished with values: [0.0214158239143367, 0.004368802468058575, 0.00016757349951119127, 0.0013233421599210342, 0.004138740981992626, 0.0019560778428637966, 0.0019522980863559906, 0.0028431862873265546, 0.0015278752580168678, 0.0002532548088813865, 0.0011561626148779926, 8.22673880532983e-05, 0.006819782109520664, 0.019173859021395092, 0.0, 0.0249720752755881, 0.01394616019015427, 0.004682581602989079, 0.0005209851044464344, 9.734697727535775e-05, 0.0011805876934767156, 0.0015023679503178805, 0.0008370408393747142, 0.0019201319491395264, 0.0001857703181921549, 1.1698069389509604e-05, 0.0011876773851315966, 0.0014597883260636974, 0.001205332939520878] and parameters: {'lag_0': 0.24697678069118836, 'lag_1': 0.19203069700430556, 'lag_2': 0.066628199549363, 'lag_3': 0.7162114657992493, 'lag_4': 0.048599963932138536, 'lag_5': 0.2086503872541201, 'lag_6': 0.30617690122769264, 'lag_7': 0.005830702669233878, 'lag_8': 0.3522834494653161, 'lag_9': 0.49211835404643856, 'lag_10': 0.38150799219179904, 'lag_11': 0.23096999088777645, 'lag_12': 0.21673177489669876, 'lag_13': 0.9198307490208768, 'lag_14': 0.5986565037084797, 'lag_15': 0.05813057510495052, 'lag_16': 0.9579470900227706, 'lag_17': 0.7791653612928507, 'lag_18': 0.4486313246701205, 'lag_19': 0.3479267197195107, 'lag_20': 0.43954040255942517, 'lag_21': 0.760212634282186, 'lag_22': 0.5382155534908498, 'lag_23': 0.7693638180936011, 'lag_24': 0.861941307707768, 'lag_25': 0.6507227688954325, 'lag_26': 0.34973453060244386, 'lag_27': 0.06539213735410311, 'lag_28': 0.5771735620744411}.
[I 2025-10-03 11:36:33,669] Trial 22 finished with values: [0.01714392320716395, 0.0032671038912606342, 0.001733535292468955, 0.0009143537155908495, 0.0020519613109170956, 0.0021137227190042547, 0.0023460283052786912, 0.0018024268409197498, 0.00379653475535602, 0.0005031583266119369, 0.0006934454666421527, 0.00015899783949098226, 0.010051298081205709, 0.02125301573766655, 0.0, 0.021925219055111318, 0.013193936983934321, 0.00397158300363348, 0.0006156738580156135, 0.00011810781710386454, 0.0008490998799289533, 0.0013660049810850085, 0.0007423942226473792, 0.0017123978067010391, 0.00028559226712710986, 0.00011080102501107662, 0.0019525223709973782, 0.0017477890403422695, 0.00032700236884281047] and parameters: {'lag_0': 0.366780444100816, 'lag_1': 0.6665581234810304, 'lag_2': 0.8176016998834, 'lag_3': 0.9732524742429137, 'lag_4': 0.38050540570683505, 'lag_5': 0.5261286573215868, 'lag_6': 0.1811623608114716, 'lag_7': 0.5655949361911581, 'lag_8': 0.5640034983327874, 'lag_9': 0.3226208231245493, 'lag_10': 0.012428119198716227, 'lag_11': 0.06739262367414725, 'lag_12': 0.8157879003913521, 'lag_13': 0.8263895087418872, 'lag_14': 0.12800592067874833, 'lag_15': 0.15354561425799423, 'lag_16': 0.4801967727185914, 'lag_17': 0.4640501374529927, 'lag_18': 0.11900857573574546, 'lag_19': 0.7805828182470478, 'lag_20': 0.4050552190059222, 'lag_21': 0.810985362231997, 'lag_22': 0.7917501082343729, 'lag_23': 0.3800081658782008, 'lag_24': 0.6642483405123915, 'lag_25': 0.5566398842370112, 'lag_26': 0.9594013452611753, 'lag_27': 0.3586888969628535, 'lag_28': 0.5311436336490157}.
[I 2025-10-03 11:36:36,332] Trial 23 finished with values: [0.013527236139570065, 0.004529551479848475, 0.001902307928813728, 0.000318291521407448, 0.0022461176110591405, 0.002799322043327405, 0.004076480482419118, 0.0017894991234147547, 0.00272866261217902, 0.0007324166233748451, 0.00046776859912335664, 4.1078945208974284e-05, 0.009458286614762364, 0.02317656945448026, 0.0, 0.02578104338541624, 0.014003462474562831, 0.004068858123994187, 0.0006984607470958438, 0.000192743878129269, 0.0011309822370904284, 0.001274115027155307, 0.000964104371575192, 0.0017735764783499783, 8.93630143336346e-05, 0.00013107724749610716, 0.001355290429872573, 0.0018928486318778204, 0.0016305862885530181] and parameters: {'lag_0': 0.74488101940002, 'lag_1': 0.6431697600818055, 'lag_2': 0.09594351327528311, 'lag_3': 0.5251474300653245, 'lag_4': 0.2753440768693592, 'lag_5': 0.13121331408554274, 'lag_6': 0.3184241936853002, 'lag_7': 0.16958124259668522, 'lag_8': 0.6680264621482667, 'lag_9': 0.06952082246638841, 'lag_10': 0.7996085561158911, 'lag_11': 0.6855846727193193, 'lag_12': 0.7386031297292801, 'lag_13': 0.6099025011584378, 'lag_14': 0.6439929018401098, 'lag_15': 0.4753341797282579, 'lag_16': 0.4991059688318015, 'lag_17': 0.08159741298371176, 'lag_18': 0.5278740425818697, 'lag_19': 0.2817918200696877, 'lag_20': 0.6092951492464344, 'lag_21': 0.20683764799051263, 'lag_22': 0.34100733854862547, 'lag_23': 0.35374766107666444, 'lag_24': 0.7196455817573312, 'lag_25': 0.33996061804773803, 'lag_26': 0.8752488846432531, 'lag_27': 0.6629562520566985, 'lag_28': 0.7503472344574789}.
[I 2025-10-03 11:36:39,000] Trial 24 finished with values: [0.014054505403192408, 0.0016753935673952066, 0.0020277441432273004, 0.0011056139539438851, 0.00191710386239113, 0.0029574721208839045, 0.0019889548585494505, 0.0020270787651596777, 0.002300310832195217, 0.0005787229723115945, 0.0007098397295584039, 0.00018206421890406784, 0.007999466761262279, 0.020054007081677906, 0.0, 0.02504183210507313, 0.016131096583414595, 0.004002231407229816, 0.0006272039822182114, 9.166622148164944e-05, 0.0010765372579506218, 0.001481689308366187, 0.0007838289055349369, 0.0016402620617829177, 0.00018806279471575272, 0.00018534008693417572, 0.001126612505434769, 0.001972368016914225, 0.0014308581178104963] and parameters: {'lag_0': 0.697500757944863, 'lag_1': 0.039114954353686275, 'lag_2': 0.5970119970797051, 'lag_3': 0.4339189191682795, 'lag_4': 0.4854540851677043, 'lag_5': 0.7267528341803208, 'lag_6': 0.049418042326393775, 'lag_7': 0.6834609177691661, 'lag_8': 0.07887940176258852, 'lag_9': 0.65483407586688, 'lag_10': 0.718351448188313, 'lag_11': 0.46081855119913584, 'lag_12': 0.0854240842344129, 'lag_13': 0.9948022430206297, 'lag_14': 0.31570075802224323, 'lag_15': 0.25465378833320945, 'lag_16': 0.06872724509553109, 'lag_17': 0.6481712349157025, 'lag_18': 0.6118085376347772, 'lag_19': 0.6882700822093099, 'lag_20': 0.9936094417474294, 'lag_21': 0.18283732294370048, 'lag_22': 0.948220692562498, 'lag_23': 0.12150692007496805, 'lag_24': 0.012505628169320058, 'lag_25': 0.17762729506582756, 'lag_26': 0.40424392098089396, 'lag_27': 0.808874359591909, 'lag_28': 0.6464884111389773}.
[I 2025-10-03 11:36:41,661] Trial 25 finished with values: [0.01713508722941883, 0.0061917572577930065, 0.0038298076074943246, 0.00036400910091202965, 0.0030301999631428796, 0.0037458060128194013, 0.00342401976181949, 0.0017985706172124658, 0.002229299233005979, 0.00026253396196410523, 0.0012952299943842643, 0.0005581034544021783, 0.008660747575982779, 0.019831821315428797, 0.0, 0.02501449059657563, 0.0167776407686903, 0.003945030845938141, 0.0007180351380366795, 9.427328494422556e-05, 0.0008356370182182006, 0.001387800090728046, 0.0008582939042368956, 0.0014785347673690245, 0.0001309664783417256, 9.430045747557095e-05, 0.0015015458144811093, 0.0030489375730066203, 0.0033938925387467303] and parameters: {'lag_0': 0.5370227240850101, 'lag_1': 0.9759053797479678, 'lag_2': 0.13712488617180876, 'lag_3': 0.9575745950635479, 'lag_4': 0.5096162246988588, 'lag_5': 0.9491567718759143, 'lag_6': 0.9285625694060677, 'lag_7': 0.709088429765367, 'lag_8': 0.4798005437215326, 'lag_9': 0.5569356205367243, 'lag_10': 0.21245355540497463, 'lag_11': 0.6510251952923712, 'lag_12': 0.8906109524877377, 'lag_13': 0.793066511092554, 'lag_14': 0.013276851701804437, 'lag_15': 0.8359218140465244, 'lag_16': 0.12593711462970575, 'lag_17': 0.4193581013102894, 'lag_18': 0.7847845870960921, 'lag_19': 0.9160383242463129, 'lag_20': 0.8982845652318054, 'lag_21': 0.43197707619313475, 'lag_22': 0.013676992827370464, 'lag_23': 0.7395141485251442, 'lag_24': 0.6783540845654591, 'lag_25': 0.8429878356376788, 'lag_26': 0.7907094814017399, 'lag_27': 0.5022295330424518, 'lag_28': 0.6741163902967426}.
[I 2025-10-03 11:36:44,330] Trial 26 finished with values: [0.019281677572873288, 0.0010628610458732015, 0.00324417101730649, 0.0005831242201623978, 0.0015033943240657327, 0.0036492556492818905, 0.0024630013553185457, 0.0019143279365973521, 0.0017487514577263542, 0.0006131941623230819, 0.0008904361930768398, 0.000524450325258302, 0.009851319508459733, 0.02290280992176853, 0.0, 0.02584580713958956, 0.014656438517142354, 0.004504183363677395, 0.0007920918454876556, 8.321272267112261e-05, 0.0009012959480627558, 0.001313350788755553, 0.0007909410191465828, 0.0017042633166569632, 0.00014113418691261934, 0.00016318698074607168, 0.0010087503586916895, 0.0018436236357131483, 0.0014926139654516568] and parameters: {'lag_0': 0.7896808964995178, 'lag_1': 0.9933741738383047, 'lag_2': 0.40493549475283624, 'lag_3': 0.03754949425958176, 'lag_4': 0.12510709456352379, 'lag_5': 0.8710562169407947, 'lag_6': 0.0318673290021627, 'lag_7': 0.05652985186124051, 'lag_8': 0.19736542538902743, 'lag_9': 0.9044010622565212, 'lag_10': 0.6258672325390369, 'lag_11': 0.8553090510377359, 'lag_12': 0.10795410395405457, 'lag_13': 0.3045709158985757, 'lag_14': 0.5871646445046487, 'lag_15': 0.009901798289100936, 'lag_16': 0.3152521868454378, 'lag_17': 0.6821310609806208, 'lag_18': 0.2222227786269855, 'lag_19': 0.03489332628137778, 'lag_20': 0.7724316871645117, 'lag_21': 0.9439427909985947, 'lag_22': 0.19251133560016667, 'lag_23': 0.5152543494593216, 'lag_24': 0.9943071398433415, 'lag_25': 0.4016716216568131, 'lag_26': 0.46152551667125746, 'lag_27': 0.5501115909397641, 'lag_28': 0.40182936527618984}.
[I 2025-10-03 11:36:46,992] Trial 27 finished with values: [0.009363062374324608, 0.00280843223318201, 0.002923506289649192, 0.00012862112891569953, 0.0008512173834402219, 0.0029272429465133643, 0.0015031331674256758, 0.0019537140832967515, 0.0024914974862729816, 0.0009994596737490729, 0.00019729201305087322, 9.384667778645827e-05, 0.009550131247361811, 0.020587530689548588, 0.0, 0.028651825476806014, 0.01764546205439866, 0.0046382474255324295, 0.0008018138131795424, 0.0001106755594896266, 0.0008264265405654397, 0.0013885324971579015, 0.0004651753877215092, 0.0017436723149634702, 0.0001897638234559346, 5.0003970308704534e-05, 0.0008880426360826926, 0.0016488478011109989, 0.001802320210086162] and parameters: {'lag_0': 0.6020099160813426, 'lag_1': 0.6415960975926581, 'lag_2': 0.8519100469088178, 'lag_3': 0.9631176594972579, 'lag_4': 0.5633795591095518, 'lag_5': 0.4559477440436139, 'lag_6': 0.41618388358122005, 'lag_7': 0.9678176458856822, 'lag_8': 0.4674810244492742, 'lag_9': 0.6791102598055344, 'lag_10': 0.3199465272160091, 'lag_11': 0.47437673099357147, 'lag_12': 0.633412504570632, 'lag_13': 0.04728307937212703, 'lag_14': 0.09565961959970459, 'lag_15': 0.4790940432274037, 'lag_16': 0.3397892089519889, 'lag_17': 0.8490495466238651, 'lag_18': 0.08090023521995203, 'lag_19': 0.9393247299477712, 'lag_20': 0.28456322368021875, 'lag_21': 0.808779349586041, 'lag_22': 0.734906812910239, 'lag_23': 0.6286794816283704, 'lag_24': 0.068185125726295, 'lag_25': 0.2355530897662332, 'lag_26': 0.283193134749754, 'lag_27': 0.7182286044091634, 'lag_28': 0.2636670309789857}.
[I 2025-10-03 11:36:49,654] Trial 28 finished with values: [0.01774720871578802, 0.003956383408447386, 0.0016517029944699887, 0.0008443252554379496, 0.003889410670576951, 0.002427972087351783, 0.0017308312278393376, 0.0009800315936801466, 0.0025092624033756497, 0.0008402433315478573, 0.0005367027387843764, 8.047967173358493e-05, 0.008058287369885116, 0.02113077384751663, 0.0, 0.025099915978257455, 0.0160439620978285, 0.004548400265502244, 0.000590446443074398, 0.00010187003901158975, 0.00083227653256781, 0.001119912523714296, 0.00038291695350008587, 0.0021345943542036287, 0.00036601377809633584, 9.525409814740307e-05, 0.0009677698536516909, 0.0016481698054289513, 0.0015801019802416973] and parameters: {'lag_0': 0.5069551077791742, 'lag_1': 0.06822364115733089, 'lag_2': 0.4855151616333077, 'lag_3': 0.26779132490549734, 'lag_4': 0.480483944528631, 'lag_5': 0.16609384225435306, 'lag_6': 0.34437049202851494, 'lag_7': 0.31427684313953613, 'lag_8': 0.2618775634138617, 'lag_9': 0.5843043889555879, 'lag_10': 0.9415076427315235, 'lag_11': 0.9126971462449476, 'lag_12': 0.2976645211987655, 'lag_13': 0.43122758852668647, 'lag_14': 0.08070030882978813, 'lag_15': 0.29028562793259666, 'lag_16': 0.2035115227708369, 'lag_17': 0.24545306202007608, 'lag_18': 0.9615582108575648, 'lag_19': 0.1611382409974135, 'lag_20': 0.5447602230056302, 'lag_21': 0.6409033345384904, 'lag_22': 0.6463431142976996, 'lag_23': 0.5636741848409941, 'lag_24': 0.06262193101237229, 'lag_25': 0.22476831117513357, 'lag_26': 0.9164292783533426, 'lag_27': 0.2782887785202453, 'lag_28': 0.8213565158110925}.
