[I 2025-09-29 13:11:33,794] Trial 24 finished with value: 0.001676990820654178 and parameters: {'lag_0': 0.6473077554465821, 'lag_1': 0.524192593420495, 'lag_2': 0.9026240538325858, 'lag_3': 0.36993186140425854, 'lag_4': 0.7073975060313118, 'lag_5': 0.882569839246707, 'lag_6': 0.4231325352421253, 'lag_7': 0.057949721675825294, 'lag_8': 0.6095508880135496, 'lag_9': 0.6461643218267716, 'lag_10': 0.8504495911655363, 'lag_11': 0.7253846156593016, 'lag_12': 0.6067275168523927, 'lag_13': 0.9414486868206483, 'lag_14': 0.14517304711586676, 'lag_15': 0.9876111903534028, 'lag_16': 0.13934657122846175, 'lag_17': 0.790260460744407, 'lag_18': 0.8710930740269556, 'lag_19': 0.4132866771983401, 'lag_20': 0.2614867614319494, 'lag_21': 0.9162511305631814, 'lag_22': 0.6571775419791084, 'lag_23': 0.19345767282439474, 'lag_24': 0.8657120846940429, 'lag_25': 0.15695385996265643, 'lag_26': 0.44565688932941194, 'lag_27': 0.009828566612634732, 'lag_28': 0.09443180280259485}. Best is trial 3 with value: 0.0013297018568537559.
[I 2025-09-29 13:11:36,182] Trial 25 finished with value: 0.0013506410075835018 and parameters: {'lag_0': 0.5074924929708808, 'lag_1': 0.8806072431460311, 'lag_2': 0.3469874614209082, 'lag_3': 0.7742359184600844, 'lag_4': 0.9362103213926454, 'lag_5': 0.6145839885107995, 'lag_6': 0.20669380007828703, 'lag_7': 0.24053348890638576, 'lag_8': 0.3990099222148825, 'lag_9': 0.7514491910071892, 'lag_10': 0.9161739140131622, 'lag_11': 0.4439729840941336, 'lag_12': 0.08467764575836023, 'lag_13': 0.6314474771599314, 'lag_14': 0.580934605695663, 'lag_15': 0.6529568688648296, 'lag_16': 0.04356728265676277, 'lag_17': 0.39663019586121634, 'lag_18': 0.5162106577358254, 'lag_19': 0.24480530467891437, 'lag_20': 0.001677960781778537, 'lag_21': 0.7544026744308414, 'lag_22': 0.9844667886317845, 'lag_23': 0.3418038380779624, 'lag_24': 0.6123644733686583, 'lag_25': 0.3385776951717781, 'lag_26': 0.5998425723073767, 'lag_27': 0.6081970624761469, 'lag_28': 0.3955200449803607}. Best is trial 3 with value: 0.0013297018568537559.
[I 2025-09-29 13:11:38,566] Trial 26 finished with value: 0.0015928819173352021 and parameters: {'lag_0': 0.2326198380575984, 'lag_1': 0.90827704496176, 'lag_2': 0.37494738059916, 'lag_3': 0.8124436493717938, 'lag_4': 0.9108955821748483, 'lag_5': 0.6066021695081227, 'lag_6': 0.2513565104254909, 'lag_7': 0.2712345525401482, 'lag_8': 0.4826841613719347, 'lag_9': 0.7795870067084896, 'lag_10': 0.9003781570097634, 'lag_11': 0.46744024865876477, 'lag_12': 0.08931601988136723, 'lag_13': 0.5725020106220864, 'lag_14': 0.5633622377589155, 'lag_15': 0.5767819714422312, 'lag_16': 0.005381366764945272, 'lag_17': 0.4004701174375731, 'lag_18': 0.4577112921111882, 'lag_19': 0.23350809390100202, 'lag_20': 0.015376005710446786, 'lag_21': 0.7603425030912456, 'lag_22': 0.5144365051283033, 'lag_23': 0.31115120815435093, 'lag_24': 0.5674710610968386, 'lag_25': 0.30673960880843165, 'lag_26': 0.8726201954159982, 'lag_27': 0.6162355116546059, 'lag_28': 0.4361902194827501}. Best is trial 3 with value: 0.0013297018568537559.
[I 2025-09-29 13:11:40,936] Trial 27 finished with value: 0.0015031445166590273 and parameters: {'lag_0': 0.5249476794077641, 'lag_1': 0.8667903895280289, 'lag_2': 0.27494258428680807, 'lag_3': 0.7424582594750226, 'lag_4': 0.9182911925339926, 'lag_5': 0.6611219507712058, 'lag_6': 0.13193778119563393, 'lag_7': 0.1502814362140671, 'lag_8': 0.671497668008451, 'lag_9': 0.8982693560972159, 'lag_10': 0.8018620714274902, 'lag_11': 0.29960347221119576, 'lag_12': 0.08045753213853263, 'lag_13': 0.6400584335648691, 'lag_14': 0.6223421696935671, 'lag_15': 0.6660146790024211, 'lag_16': 0.8664092168335417, 'lag_17': 0.5326964462299335, 'lag_18': 0.533482938753914, 'lag_19': 0.11820014970897802, 'lag_20': 0.09792116676925056, 'lag_21': 0.8893539007657566, 'lag_22': 0.17923479708352968, 'lag_23': 0.7984772072975683, 'lag_24': 0.6376799128074867, 'lag_25': 0.417293838896393, 'lag_26': 0.9893594528734573, 'lag_27': 0.6332836961483569, 'lag_28': 0.5503504816396311}. Best is trial 3 with value: 0.0013297018568537559.
2025-09-29 13:11:42,363 - distributed.worker - INFO - Stopping worker at tcp://192.168.86.108:43490. Reason: scheduler-remove-worker
2025-09-29 13:11:42,372 - distributed.nanny - INFO - Closing Nanny gracefully at 'tcp://192.168.86.108:37712'. Reason: scheduler-remove-worker
2025-09-29 13:11:42,373 - distributed.worker.state_machine - WARNING - Async instruction for <Task cancelled name='execute(optimize_subject-8506a827-7666-48ce-8232-685602fc6dbb)' coro=<Worker.execute() done, defined at /usr/global/miniconda/py310_23.1.0-1/envs/workshop_311/lib/python3.11/site-packages/distributed/worker_state_machine.py:3607>> ended with CancelledError
slurmstepd: error: *** JOB 3081217 ON node08 CANCELLED AT 2025-09-29T13:11:42 ***
