[I 2025-09-29 13:07:21,259] Trial 19 finished with value: 0.003955446115267746 and parameters: {'lag_0': 0.3820303667685526, 'lag_1': 0.8838986961824707, 'lag_2': 0.4659722761521756, 'lag_3': 0.5783919696918052, 'lag_4': 0.20749570088184785, 'lag_5': 0.7427095909124802, 'lag_6': 0.7935000201504722, 'lag_7': 0.97439132248369, 'lag_8': 0.9646197646843865, 'lag_9': 0.651451616467235, 'lag_10': 0.4657300446397471, 'lag_11': 0.22747220299831694, 'lag_12': 0.7720739265110415, 'lag_13': 0.6123552160945855, 'lag_14': 0.7277751545944156, 'lag_15': 0.23627155011000955, 'lag_16': 0.3521201878516922, 'lag_17': 0.8711090857710373, 'lag_18': 0.07447156109802136, 'lag_19': 0.4769870264122963, 'lag_20': 0.9983465393621601, 'lag_21': 0.8247559468135852, 'lag_22': 0.93073687442567, 'lag_23': 0.0007057389565388317, 'lag_24': 0.3903292104762345, 'lag_25': 0.7096070236512806, 'lag_26': 0.5860656519729032, 'lag_27': 0.8767295201678679, 'lag_28': 0.40165465275645873}. Best is trial 10 with value: 0.002659124942452427.
[I 2025-09-29 13:07:23,669] Trial 20 finished with value: 0.0034003074876988006 and parameters: {'lag_0': 0.592124737169091, 'lag_1': 0.6209419794032212, 'lag_2': 0.630147734528064, 'lag_3': 0.8035148230198021, 'lag_4': 0.4895827306574121, 'lag_5': 0.1532634308491509, 'lag_6': 0.30558349111582084, 'lag_7': 0.6481721288745915, 'lag_8': 0.5637121756918885, 'lag_9': 0.8437735402039253, 'lag_10': 0.1657214996116223, 'lag_11': 0.039576571965056484, 'lag_12': 0.5290691422169229, 'lag_13': 0.8887576061716966, 'lag_14': 0.42382835424584453, 'lag_15': 0.37048265459132523, 'lag_16': 0.7676836422065519, 'lag_17': 0.3830041222895677, 'lag_18': 0.2961623922993451, 'lag_19': 0.2252807880387445, 'lag_20': 0.7631570147179025, 'lag_21': 0.6664692860287497, 'lag_22': 0.7965844149990484, 'lag_23': 0.13924769635524983, 'lag_24': 0.6787517471578647, 'lag_25': 0.27733952353403224, 'lag_26': 0.18292394671658668, 'lag_27': 0.6787633983184419, 'lag_28': 0.6167966730217431}. Best is trial 10 with value: 0.002659124942452427.
[I 2025-09-29 13:07:26,075] Trial 21 finished with value: 0.0025863234049520465 and parameters: {'lag_0': 0.5228465118323403, 'lag_1': 0.2557335156850575, 'lag_2': 0.24913111518039122, 'lag_3': 0.40993759623227877, 'lag_4': 0.6960265198833717, 'lag_5': 0.5832714328839329, 'lag_6': 0.14642501958063922, 'lag_7': 0.7042047715962992, 'lag_8': 0.1198104674515553, 'lag_9': 0.6981875844722637, 'lag_10': 0.6665019873284186, 'lag_11': 0.7500285347060923, 'lag_12': 0.13778803746190432, 'lag_13': 0.8760794766111805, 'lag_14': 0.25405616746389376, 'lag_15': 0.19182496369621266, 'lag_16': 0.11752274300257748, 'lag_17': 0.6593200659895921, 'lag_18': 0.41809261924113494, 'lag_19': 0.023056559203746385, 'lag_20': 0.7095552294260435, 'lag_21': 0.47517900464107526, 'lag_22': 0.5775167310245839, 'lag_23': 0.4624360176313891, 'lag_24': 0.024942868172376675, 'lag_25': 0.8593329061696761, 'lag_26': 0.1880062018203294, 'lag_27': 0.901369045168726, 'lag_28': 0.40937253155786996}. Best is trial 21 with value: 0.0025863234049520465.
[I 2025-09-29 13:07:28,474] Trial 22 finished with value: 0.003565604715017602 and parameters: {'lag_0': 0.682520374929446, 'lag_1': 0.12061517516846604, 'lag_2': 0.19754776605985963, 'lag_3': 0.3419599501588896, 'lag_4': 0.6142951393328355, 'lag_5': 0.6029034260892303, 'lag_6': 0.16044669556514876, 'lag_7': 0.45198538695171186, 'lag_8': 0.11272625462388866, 'lag_9': 0.5189497510930693, 'lag_10': 0.6859672665599019, 'lag_11': 0.7728997253893333, 'lag_12': 0.3258860023759007, 'lag_13': 0.9132434766479313, 'lag_14': 0.20220507211718775, 'lag_15': 0.013285093998165881, 'lag_16': 0.07484835511471696, 'lag_17': 0.619680706126063, 'lag_18': 0.3832456658723653, 'lag_19': 0.058165375194480735, 'lag_20': 0.8840642540070393, 'lag_21': 0.4497441286878822, 'lag_22': 0.6873571049614422, 'lag_23': 0.6348675049902182, 'lag_24': 0.0050162973105878465, 'lag_25': 0.874128697709843, 'lag_26': 0.2274740593573023, 'lag_27': 0.8793013738507325, 'lag_28': 0.35141229678829367}. Best is trial 21 with value: 0.0025863234049520465.
[I 2025-09-29 13:07:30,873] Trial 23 finished with value: 0.004195790235186282 and parameters: {'lag_0': 0.5442997080230034, 'lag_1': 0.3707563805151045, 'lag_2': 0.03819844546033668, 'lag_3': 0.27404098792639575, 'lag_4': 0.5394996605358404, 'lag_5': 0.4738234593829763, 'lag_6': 0.41549428109055864, 'lag_7': 0.6586966912163534, 'lag_8': 0.6525043545468034, 'lag_9': 0.667176812213823, 'lag_10': 0.6433917856444002, 'lag_11': 0.6147012885624588, 'lag_12': 0.5603886494355758, 'lag_13': 0.7643484036304063, 'lag_14': 0.0896815500458797, 'lag_15': 0.20464181892946495, 'lag_16': 0.23820947462729217, 'lag_17': 0.8609116537164134, 'lag_18': 0.08786660085059836, 'lag_19': 0.15141754307339178, 'lag_20': 0.5671187736310115, 'lag_21': 0.6255979040610642, 'lag_22': 0.9072842273003009, 'lag_23': 0.7861788910436682, 'lag_24': 0.5060712767437576, 'lag_25': 0.7283768979911898, 'lag_26': 0.29621696632506705, 'lag_27': 0.6879339626212091, 'lag_28': 0.2664502512490903}. Best is trial 21 with value: 0.0025863234049520465.
[I 2025-09-29 13:07:33,282] Trial 24 finished with value: 0.003819082452195227 and parameters: {'lag_0': 0.4407628017075661, 'lag_1': 0.2668758796432661, 'lag_2': 0.7496083153888283, 'lag_3': 0.5722495992560982, 'lag_4': 0.42221426848617116, 'lag_5': 0.6233657780140849, 'lag_6': 0.26639135471471875, 'lag_7': 0.8474768653449007, 'lag_8': 0.11179416088392347, 'lag_9': 0.7911723129585999, 'lag_10': 0.39950107284076103, 'lag_11': 0.84503832469577, 'lag_12': 0.4653839473905318, 'lag_13': 0.9742653718938833, 'lag_14': 0.25840510509375836, 'lag_15': 0.3111440980650296, 'lag_16': 0.10239327847060373, 'lag_17': 0.695093861459907, 'lag_18': 0.2234253721892704, 'lag_19': 0.011610375128445316, 'lag_20': 0.8982602756854914, 'lag_21': 0.853846462063656, 'lag_22': 0.48384956167887744, 'lag_23': 0.43859580692295613, 'lag_24': 0.341487967601331, 'lag_25': 0.9012567219247424, 'lag_26': 0.11321470075626258, 'lag_27': 0.8587571942602591, 'lag_28': 0.9997719163245042}. Best is trial 21 with value: 0.0025863234049520465.
[I 2025-09-29 13:07:35,694] Trial 25 finished with value: 0.0031363050714658808 and parameters: {'lag_0': 0.3113592042951884, 'lag_1': 0.4204879108900359, 'lag_2': 0.5406425464807607, 'lag_3': 0.3789532119729738, 'lag_4': 0.7093034765304234, 'lag_5': 0.3348902760963954, 'lag_6': 0.5946879914137257, 'lag_7': 0.5343871134977466, 'lag_8': 0.26502049429872965, 'lag_9': 0.879262784864023, 'lag_10': 0.5693199642643423, 'lag_11': 0.6937383645354125, 'lag_12': 0.139421147859162, 'lag_13': 0.8958002582831914, 'lag_14': 0.07477665505165329, 'lag_15': 0.1282627715516934, 'lag_16': 0.05015216376245314, 'lag_17': 0.5607047643904425, 'lag_18': 0.43586409116373415, 'lag_19': 0.25584402688038377, 'lag_20': 0.6656115108843167, 'lag_21': 0.7501589383763699, 'lag_22': 0.8467354788472389, 'lag_23': 0.2824442107477443, 'lag_24': 0.5943743860420849, 'lag_25': 0.7942684281613561, 'lag_26': 0.3869716595891236, 'lag_27': 0.9348943322870935, 'lag_28': 0.4403310782561639}. Best is trial 21 with value: 0.0025863234049520465.
[I 2025-09-29 13:07:38,098] Trial 26 finished with value: 0.00422148238828709 and parameters: {'lag_0': 0.2529133610782836, 'lag_1': 0.13294911890323044, 'lag_2': 0.8684807356798621, 'lag_3': 0.38867731277951484, 'lag_4': 0.7065480716131503, 'lag_5': 0.32942533014999403, 'lag_6': 0.36209508782153205, 'lag_7': 0.5198504757461225, 'lag_8': 0.06753033081841836, 'lag_9': 0.912633109916885, 'lag_10': 0.5804139693708159, 'lag_11': 0.5532588796218885, 'lag_12': 0.2828987996702418, 'lag_13': 0.4231176744023233, 'lag_14': 0.009439801300832409, 'lag_15': 0.10286462062181748, 'lag_16': 0.2617077890903888, 'lag_17': 0.5459541349363501, 'lag_18': 0.5903068059841704, 'lag_19': 0.6711700587389846, 'lag_20': 0.452977623422938, 'lag_21': 0.42151359388323884, 'lag_22': 0.6632389081074543, 'lag_23': 0.478507112447497, 'lag_24': 0.7909013211240541, 'lag_25': 0.7868304240459381, 'lag_26': 0.8886555803778378, 'lag_27': 0.9121164313433863, 'lag_28': 0.2294205110731048}. Best is trial 21 with value: 0.0025863234049520465.
[I 2025-09-29 13:07:40,503] Trial 27 finished with value: 0.003401887450074334 and parameters: {'lag_0': 0.3172613525277054, 'lag_1': 0.45927080096155215, 'lag_2': 0.10803771614301155, 'lag_3': 0.416267116555923, 'lag_4': 0.9665032995509494, 'lag_5': 0.21931969873907486, 'lag_6': 0.21046918069424259, 'lag_7': 0.21875541494453377, 'lag_8': 0.2494092392312232, 'lag_9': 0.0012773968971189764, 'lag_10': 0.7421216985966442, 'lag_11': 0.6689661436947698, 'lag_12': 0.14505171602613207, 'lag_13': 0.7712493870716804, 'lag_14': 0.0829483078849744, 'lag_15': 0.4117613047728993, 'lag_16': 0.1309327414284347, 'lag_17': 0.4091399665416864, 'lag_18': 0.9519189359778035, 'lag_19': 0.4434598719468422, 'lag_20': 0.7105711504605662, 'lag_21': 0.22802536524486783, 'lag_22': 0.9927177998600423, 'lag_23': 0.30597500667654426, 'lag_24': 0.6385420341416226, 'lag_25': 0.9345921439763947, 'lag_26': 0.41138014578553306, 'lag_27': 0.7266598724451837, 'lag_28': 0.4524364438036016}. Best is trial 21 with value: 0.0025863234049520465.
[I 2025-09-29 13:07:42,913] Trial 28 finished with value: 0.00420137368941576 and parameters: {'lag_0': 0.14408663988812753, 'lag_1': 0.2782609829670283, 'lag_2': 0.6867816057960378, 'lag_3': 0.24922747495012554, 'lag_4': 0.6067492378984062, 'lag_5': 0.35557828384461543, 'lag_6': 0.10132220071155133, 'lag_7': 0.3890006170475173, 'lag_8': 0.2989778496449507, 'lag_9': 0.6880234852741753, 'lag_10': 0.8659779612804954, 'lag_11': 0.31102260539939686, 'lag_12': 0.14039656223937189, 'lag_13': 0.9015505247056492, 'lag_14': 0.2007859079556898, 'lag_15': 0.28711380901890926, 'lag_16': 0.5352911278988398, 'lag_17': 0.831301283543712, 'lag_18': 0.710318761865983, 'lag_19': 0.13269663013491184, 'lag_20': 0.6005779672157169, 'lag_21': 0.5496724558310044, 'lag_22': 0.5357290269658596, 'lag_23': 0.7166711685971355, 'lag_24': 0.8786840288482922, 'lag_25': 0.633622249233186, 'lag_26': 0.5349602311439876, 'lag_27': 0.9345613497237182, 'lag_28': 0.2800394908289748}. Best is trial 21 with value: 0.0025863234049520465.
[I 2025-09-29 13:07:45,320] Trial 29 finished with value: 0.0038663017241867665 and parameters: {'lag_0': 0.47112931179000817, 'lag_1': 0.00917555691788463, 'lag_2': 0.5482123339177604, 'lag_3': 0.5201405748748247, 'lag_4': 0.7498163041725517, 'lag_5': 0.4711047652503567, 'lag_6': 0.4718783384002543, 'lag_7': 0.6014315815134651, 'lag_8': 0.4535879308984849, 'lag_9': 0.44337241996712723, 'lag_10': 0.5055849289018647, 'lag_11': 0.8700696565175775, 'lag_12': 0.3386772506836881, 'lag_13': 0.6136045002897306, 'lag_14': 0.2872280736468447, 'lag_15': 0.5529478092855933, 'lag_16': 0.3912132579618057, 'lag_17': 0.5521525969586653, 'lag_18': 0.690184745191414, 'lag_19': 0.5446056107546765, 'lag_20': 0.6729626968157852, 'lag_21': 0.7591355270508522, 'lag_22': 0.2799891331513824, 'lag_23': 0.08139587638292654, 'lag_24': 0.004765288438353998, 'lag_25': 0.5883755943498872, 'lag_26': 0.1336135743871649, 'lag_27': 0.16734131181998413, 'lag_28': 0.36047375863736075}. Best is trial 21 with value: 0.0025863234049520465.
[I 2025-09-29 13:07:47,732] Trial 30 finished with value: 0.004271316428554262 and parameters: {'lag_0': 0.3526392686383856, 'lag_1': 0.13571236126849687, 'lag_2': 0.5822806200266067, 'lag_3': 0.2527812782090243, 'lag_4': 0.8726405770584016, 'lag_5': 0.20084771714904004, 'lag_6': 0.7857529192243459, 'lag_7': 0.2193905798844183, 'lag_8': 0.15987553023735554, 'lag_9': 0.5776841894599993, 'lag_10': 0.5822997999258627, 'lag_11': 0.49007917551302843, 'lag_12': 0.12087991957510719, 'lag_13': 0.7416615597046721, 'lag_14': 0.9753383793257817, 'lag_15': 0.1405290959054071, 'lag_16': 0.06246524363188299, 'lag_17': 0.2643742644438231, 'lag_18': 0.45249957662053353, 'lag_19': 0.3762986803852729, 'lag_20': 0.6441627984473064, 'lag_21': 0.6512218446277187, 'lag_22': 0.09402497611543464, 'lag_23': 0.5239217539179961, 'lag_24': 0.7440997343042535, 'lag_25': 0.7434693830814951, 'lag_26': 0.6929330748192291, 'lag_27': 0.5393408969665712, 'lag_28': 0.4324678951849171}. Best is trial 21 with value: 0.0025863234049520465.
[I 2025-09-29 13:07:50,142] Trial 31 finished with value: 0.0032566708819663738 and parameters: {'lag_0': 0.5810454217497828, 'lag_1': 0.4030606245416263, 'lag_2': 0.4422303509516875, 'lag_3': 0.8281691982079663, 'lag_4': 0.5703090699902973, 'lag_5': 0.5667322537591513, 'lag_6': 0.5802107259317181, 'lag_7': 0.7834556314556342, 'lag_8': 0.3020590736425327, 'lag_9': 0.8100742739647835, 'lag_10': 0.6358863761253732, 'lag_11': 0.7078429450003982, 'lag_12': 0.4652874859658528, 'lag_13': 0.9179730546562505, 'lag_14': 0.11938120226014604, 'lag_15': 0.21313075459950515, 'lag_16': 0.0001224363432112338, 'lag_17': 0.6044785017207208, 'lag_18': 0.4006355899717899, 'lag_19': 0.23820663624418942, 'lag_20': 0.746407366972863, 'lag_21': 0.36618811373184446, 'lag_22': 0.8328299025598211, 'lag_23': 0.24871433509137186, 'lag_24': 0.5207846121957809, 'lag_25': 0.8441838939982971, 'lag_26': 0.37342535016716977, 'lag_27': 0.8187622676495205, 'lag_28': 0.5844437084472294}. Best is trial 21 with value: 0.0025863234049520465.
[I 2025-09-29 13:07:52,556] Trial 32 finished with value: 0.0035828762599982773 and parameters: {'lag_0': 0.8506650204771798, 'lag_1': 0.30995537725649314, 'lag_2': 0.25745125862502144, 'lag_3': 0.7511322840544983, 'lag_4': 0.4435788671682131, 'lag_5': 0.8000103720135109, 'lag_6': 0.6988803907026346, 'lag_7': 0.6858576465533592, 'lag_8': 0.048512354670817534, 'lag_9': 0.9084122502171391, 'lag_10': 0.047548299892304025, 'lag_11': 0.6313490911494848, 'lag_12': 0.6170064733281225, 'lag_13': 0.8478537930022005, 'lag_14': 0.1843337461596298, 'lag_15': 0.05344491752122277, 'lag_16': 0.05282730447025982, 'lag_17': 0.7390057244148506, 'lag_18': 0.5569222251986625, 'lag_19': 0.2811390519841074, 'lag_20': 0.8473736971865764, 'lag_21': 0.895259465962591, 'lag_22': 0.9331862228768943, 'lag_23': 0.31349635412347054, 'lag_24': 0.5492433594121253, 'lag_25': 0.9525449989264372, 'lag_26': 0.3078120374080804, 'lag_27': 0.6245486078992274, 'lag_28': 0.7671761192922405}. Best is trial 21 with value: 0.0025863234049520465.
[I 2025-09-29 13:07:54,965] Trial 33 finished with value: 0.0033489980179938704 and parameters: {'lag_0': 0.4979346118190163, 'lag_1': 0.5792850863880228, 'lag_2': 0.5319244047900509, 'lag_3': 0.6116522698423923, 'lag_4': 0.6426571333425735, 'lag_5': 0.11519175506602113, 'lag_6': 0.5737743311164021, 'lag_7': 0.5779612002313508, 'lag_8': 0.4668582173491331, 'lag_9': 0.7411352258127992, 'lag_10': 0.5110286018848555, 'lag_11': 0.7175547307215657, 'lag_12': 0.37236288882345686, 'lag_13': 0.9864027175197391, 'lag_14': 0.07452690893227566, 'lag_15': 0.1792716368286321, 'lag_16': 0.17022460279492485, 'lag_17': 0.6970370885933301, 'lag_18': 0.29900077081677384, 'lag_19': 0.1517664153160107, 'lag_20': 0.5516706357933803, 'lag_21': 0.2887631105717743, 'lag_22': 0.7628464300958353, 'lag_23': 0.18626202933254124, 'lag_24': 0.4626874200315404, 'lag_25': 0.10011747710021957, 'lag_26': 0.4674736281912443, 'lag_27': 0.9318622286912585, 'lag_28': 0.33374592193611374}. Best is trial 21 with value: 0.0025863234049520465.
[I 2025-09-29 13:07:57,373] Trial 34 finished with value: 0.003883168761055858 and parameters: {'lag_0': 0.6788143147293036, 'lag_1': 0.4122908571127164, 'lag_2': 0.3850169694797918, 'lag_3': 0.9309141787488662, 'lag_4': 0.7383405548475637, 'lag_5': 0.020470417921405776, 'lag_6': 0.47818082098506304, 'lag_7': 0.36505680138113655, 'lag_8': 0.14419935618581875, 'lag_9': 0.8880512058448035, 'lag_10': 0.7280704703157881, 'lag_11': 0.43567273545191404, 'lag_12': 0.6943826545225666, 'lag_13': 0.9247252875048222, 'lag_14': 0.16562101194867912, 'lag_15': 0.09315556076709161, 'lag_16': 0.22369574653001253, 'lag_17': 0.4488129435466599, 'lag_18': 0.49790179846814137, 'lag_19': 0.06652086098964388, 'lag_20': 0.928400124635865, 'lag_21': 0.7780173434782087, 'lag_22': 0.8539676186367796, 'lag_23': 0.35646598068707197, 'lag_24': 0.6359011073676412, 'lag_25': 0.40009264678586803, 'lag_26': 0.23936848824021995, 'lag_27': 0.8319185080344387, 'lag_28': 0.4938347967399947}. Best is trial 21 with value: 0.0025863234049520465.
[I 2025-09-29 13:07:59,790] Trial 35 finished with value: 0.004377778151743288 and parameters: {'lag_0': 0.4271339260476003, 'lag_1': 0.3207965612206086, 'lag_2': 0.28910172600192685, 'lag_3': 0.5139266274345285, 'lag_4': 0.0066531647983774644, 'lag_5': 0.4419892393956687, 'lag_6': 0.008683758735985148, 'lag_7': 0.5001389139793436, 'lag_8': 0.5994964427644383, 'lag_9': 0.8205640596303552, 'lag_10': 0.3879405270140581, 'lag_11': 0.5346422384857777, 'lag_12': 0.77932707110775, 'lag_13': 0.03426665276925389, 'lag_14': 0.42585223212562157, 'lag_15': 0.8726046456967218, 'lag_16': 0.12079687813730974, 'lag_17': 0.8058666237006354, 'lag_18': 0.20613597475926454, 'lag_19': 0.0784649495288633, 'lag_20': 0.7938832980194765, 'lag_21': 0.5921865513896355, 'lag_22': 0.9332146582099363, 'lag_23': 0.2799422988433127, 'lag_24': 0.8786309648006086, 'lag_25': 0.5657758357727658, 'lag_26': 0.2691153800866979, 'lag_27': 0.7424296081328914, 'lag_28': 0.16423868005228742}. Best is trial 21 with value: 0.0025863234049520465.
[I 2025-09-29 13:08:02,206] Trial 36 finished with value: 0.00352713353342813 and parameters: {'lag_0': 0.33361116454898154, 'lag_1': 0.45287507248057035, 'lag_2': 0.9021014375379656, 'lag_3': 0.39754552808777227, 'lag_4': 0.2543007072786869, 'lag_5': 0.6908287399449311, 'lag_6': 0.7175376469296396, 'lag_7': 0.7216352123382211, 'lag_8': 0.4017991208958893, 'lag_9': 0.3757923565434505, 'lag_10': 0.2535682470752061, 'lag_11': 0.9142459756003926, 'lag_12': 0.5815669019890282, 'lag_13': 0.8221865690420775, 'lag_14': 0.21745843557618888, 'lag_15': 0.3329524439870031, 'lag_16': 0.2828180214174258, 'lag_17': 0.5683685864356629, 'lag_18': 0.09602336861538208, 'lag_19': 0.3897278475107614, 'lag_20': 0.6173805599173184, 'lag_21': 0.9452611362943127, 'lag_22': 0.75215578798368, 'lag_23': 0.17302539070222323, 'lag_24': 0.34450766563029434, 'lag_25': 0.4677242624664233, 'lag_26': 0.3639750094688971, 'lag_27': 0.9305140118230607, 'lag_28': 0.715330700875043}. Best is trial 21 with value: 0.0025863234049520465.
[I 2025-09-29 13:08:04,727] Trial 37 finished with value: 0.004222108424615202 and parameters: {'lag_0': 0.1366101792079658, 'lag_1': 0.5436385579016992, 'lag_2': 0.8277460300851304, 'lag_3': 0.5751029720359833, 'lag_4': 0.7989397162607151, 'lag_5': 0.9510683919291113, 'lag_6': 0.856235949732058, 'lag_7': 0.8137850909300622, 'lag_8': 0.7076151512637038, 'lag_9': 0.9513911021148792, 'lag_10': 0.6046957261046205, 'lag_11': 0.30091546285325865, 'lag_12': 0.45375982886728944, 'lag_13': 0.933602803257585, 'lag_14': 0.048389045588765875, 'lag_15': 0.2518780884113874, 'lag_16': 0.046187324508589034, 'lag_17': 0.9090240845422574, 'lag_18': 0.31669049402384936, 'lag_19': 0.00030542271519762645, 'lag_20': 0.8603202507588591, 'lag_21': 0.39587495517790694, 'lag_22': 0.3392480223551696, 'lag_23': 0.08766953291701683, 'lag_24': 0.11958247831963986, 'lag_25': 0.6814665379826002, 'lag_26': 0.5216935341223602, 'lag_27': 0.9969979450808714, 'lag_28': 0.008152702617979957}. Best is trial 21 with value: 0.0025863234049520465.
[I 2025-09-29 13:08:07,149] Trial 38 finished with value: 0.003517149849158291 and parameters: {'lag_0': 0.19466044058735615, 'lag_1': 0.2539763888458363, 'lag_2': 0.6105897215028696, 'lag_3': 0.663067000139289, 'lag_4': 0.9320606634068813, 'lag_5': 0.40617904576405317, 'lag_6': 0.4459127690439635, 'lag_7': 0.9062617509147723, 'lag_8': 0.34846331186773283, 'lag_9': 0.7881800009221299, 'lag_10': 0.002544002542104601, 'lag_11': 0.7733727595141835, 'lag_12': 0.21809590166962056, 'lag_13': 0.26190340816039764, 'lag_14': 0.29848422336327823, 'lag_15': 0.13772682055284377, 'lag_16': 0.49110208004247474, 'lag_17': 0.4984496794046199, 'lag_18': 0.435385575165763, 'lag_19': 0.18114850018967005, 'lag_20': 0.3499216419053719, 'lag_21': 0.5066208586542713, 'lag_22': 0.6139262711419263, 'lag_23': 0.47763685705052383, 'lag_24': 0.998491986207274, 'lag_25': 0.7699681743470295, 'lag_26': 0.07791787246404835, 'lag_27': 0.8154872227189482, 'lag_28': 0.599480968964139}. Best is trial 21 with value: 0.0025863234049520465.
[I 2025-09-29 13:08:09,563] Trial 39 finished with value: 0.0036867458156631576 and parameters: {'lag_0': 0.5435594411811053, 'lag_1': 0.3235245569738348, 'lag_2': 0.7054747788713353, 'lag_3': 0.9947506894866929, 'lag_4': 0.5352044151023678, 'lag_5': 0.5152393585409025, 'lag_6': 0.528908552955625, 'lag_7': 0.46169888960274913, 'lag_8': 0.06147939541923023, 'lag_9': 0.610611565041497, 'lag_10': 0.8252604949034376, 'lag_11': 0.8218887946834459, 'lag_12': 0.07686956603591288, 'lag_13': 0.654623585596941, 'lag_14': 0.14430697007963145, 'lag_15': 0.5200146392509291, 'lag_16': 0.15141573756678314, 'lag_17': 0.67685178969995, 'lag_18': 0.25301066329962174, 'lag_19': 0.7068969139760788, 'lag_20': 0.5208418085068485, 'lag_21': 0.8506122787383636, 'lag_22': 0.7958029619685574, 'lag_23': 0.5737481182834827, 'lag_24': 0.5704351129920628, 'lag_25': 0.31207124192898694, 'lag_26': 0.16242736219406465, 'lag_27': 0.6254217858406924, 'lag_28': 0.8166386182512088}. Best is trial 21 with value: 0.0025863234049520465.
