[I 2025-09-29 13:11:42,423] Trial 24 finished with value: 0.007690959442125582 and parameters: {'lag_0': 0.9968549377160341, 'lag_1': 0.4464247602415724, 'lag_2': 0.7039194503000143, 'lag_3': 0.06322080192082019, 'lag_4': 0.12707535212358445, 'lag_5': 0.7628919736244791, 'lag_6': 0.38356992755370517, 'lag_7': 0.13812448663867039, 'lag_8': 0.7575584872463941, 'lag_9': 0.905434209842557, 'lag_10': 0.9422059327826806, 'lag_11': 0.80667447381346, 'lag_12': 0.5437854487315117, 'lag_13': 0.894856275144196, 'lag_14': 0.6269757924377034, 'lag_15': 0.19950959773821875, 'lag_16': 0.0002508343413691371, 'lag_17': 0.1518463895232856, 'lag_18': 0.3524592691224623, 'lag_19': 0.5099230192253436, 'lag_20': 0.7272547184411162, 'lag_21': 0.09058874429692837, 'lag_22': 0.8435963211022008, 'lag_23': 0.4879428200016323, 'lag_24': 0.873147070325053, 'lag_25': 0.8434797106714188, 'lag_26': 0.41912920430768585, 'lag_27': 0.6109255395858402, 'lag_28': 0.9146505420794602}. Best is trial 15 with value: 0.0072217837475007955.
slurmstepd: error: *** JOB 3081206 ON node08 CANCELLED AT 2025-09-29T13:11:42 ***
