[I 2025-09-29 13:21:24,579] Trial 82 finished with value: 0.0033358309097465356 and parameters: {'lag_0': 0.42820283572356993, 'lag_1': 0.8027959167146231, 'lag_2': 0.2806265938730632, 'lag_3': 0.7343101202939211, 'lag_4': 0.4741559132195342, 'lag_5': 0.46040512228782243, 'lag_6': 0.5523408938712506, 'lag_7': 0.22999669279619367, 'lag_8': 0.6181790709528147, 'lag_9': 0.10195475377930047, 'lag_10': 0.4188370662996519, 'lag_11': 0.10692671084749725, 'lag_12': 0.0326921283977835, 'lag_13': 0.9102820916085153, 'lag_14': 0.346098078668633, 'lag_15': 0.4449457217574038, 'lag_16': 0.5525836781547308, 'lag_17': 0.6979226014304716, 'lag_18': 0.4540835995683183, 'lag_19': 0.652355882081136, 'lag_20': 0.42119316877049207, 'lag_21': 0.19013222672077548, 'lag_22': 0.46375199681407053, 'lag_23': 0.9935958336735093, 'lag_24': 0.16300027628105163, 'lag_25': 0.7012518662204527, 'lag_26': 0.4155887224509167, 'lag_27': 0.026430790194141233, 'lag_28': 0.9304942676224449}. Best is trial 71 with value: 0.002799641032348161.
[I 2025-09-29 13:21:26,975] Trial 83 finished with value: 0.0031085258288632766 and parameters: {'lag_0': 0.4576838535429877, 'lag_1': 0.9120700837164806, 'lag_2': 0.39730675449684794, 'lag_3': 0.5888385266426135, 'lag_4': 0.5126270374494896, 'lag_5': 0.3307864320364869, 'lag_6': 0.8535682742345944, 'lag_7': 0.295666617136846, 'lag_8': 0.5361693849948527, 'lag_9': 0.032583738958743474, 'lag_10': 0.35891768168692034, 'lag_11': 0.028241423693403572, 'lag_12': 0.0645474905869318, 'lag_13': 0.9783529503021537, 'lag_14': 0.25744603863023535, 'lag_15': 0.3558627522110372, 'lag_16': 0.4916460818020506, 'lag_17': 0.7730497831438434, 'lag_18': 0.5756711080108492, 'lag_19': 0.6792619035509904, 'lag_20': 0.3260620635496597, 'lag_21': 0.25078116063534217, 'lag_22': 0.3990022336461692, 'lag_23': 0.9367130305439518, 'lag_24': 0.10515415929583707, 'lag_25': 0.6631356282616087, 'lag_26': 0.26744148900379633, 'lag_27': 0.05180791884200754, 'lag_28': 0.0005485095741099011}. Best is trial 71 with value: 0.002799641032348161.
[I 2025-09-29 13:21:29,371] Trial 84 finished with value: 0.0029814406618125524 and parameters: {'lag_0': 0.3084764885098921, 'lag_1': 0.8273180547128088, 'lag_2': 0.7117681835334136, 'lag_3': 0.1203288646850013, 'lag_4': 0.3863539039001414, 'lag_5': 0.5051248423197975, 'lag_6': 0.9083629714421371, 'lag_7': 0.8915159757250366, 'lag_8': 0.26313145997057363, 'lag_9': 0.0028005110676400102, 'lag_10': 0.49389574288007165, 'lag_11': 0.00745206202468357, 'lag_12': 0.26641847385933104, 'lag_13': 0.27071874976095833, 'lag_14': 0.3883455454910713, 'lag_15': 0.30240946747320957, 'lag_16': 0.9597452110413182, 'lag_17': 0.9536959183421779, 'lag_18': 0.7423862423582526, 'lag_19': 0.4180717976929437, 'lag_20': 0.9074401390719616, 'lag_21': 0.8734353319655687, 'lag_22': 0.5884743709287902, 'lag_23': 0.8552829157978976, 'lag_24': 0.24173731693157424, 'lag_25': 0.6058129683129446, 'lag_26': 0.7685543504139319, 'lag_27': 0.17119768230977592, 'lag_28': 0.8684412544129076}. Best is trial 71 with value: 0.002799641032348161.
[I 2025-09-29 13:21:31,755] Trial 85 finished with value: 0.003657528350557026 and parameters: {'lag_0': 0.9968508351032677, 'lag_1': 0.746919672330862, 'lag_2': 0.7107046141290577, 'lag_3': 0.16955552120283143, 'lag_4': 0.2994768843449148, 'lag_5': 0.5028704946755919, 'lag_6': 0.7339686014058482, 'lag_7': 0.8847757851953173, 'lag_8': 0.2532532534104255, 'lag_9': 0.9872264736757443, 'lag_10': 0.4967089217196865, 'lag_11': 0.48398195326070476, 'lag_12': 0.2732588242649554, 'lag_13': 0.3111503466472379, 'lag_14': 0.4031943040980215, 'lag_15': 0.6641635306320065, 'lag_16': 0.9785817743800905, 'lag_17': 0.5672715289040358, 'lag_18': 0.7984871638238247, 'lag_19': 0.19716853943119111, 'lag_20': 0.9062581043588539, 'lag_21': 0.8023386845862612, 'lag_22': 0.525090753594965, 'lag_23': 0.8212386133326175, 'lag_24': 0.3101968658504797, 'lag_25': 0.5945446381481454, 'lag_26': 0.7691493044732888, 'lag_27': 0.17270268373594427, 'lag_28': 0.7985001994343989}. Best is trial 71 with value: 0.002799641032348161.
[I 2025-09-29 13:21:34,169] Trial 86 finished with value: 0.0031323216009260446 and parameters: {'lag_0': 0.1963465109442487, 'lag_1': 0.663475499838464, 'lag_2': 0.6562050397904915, 'lag_3': 0.11178636546296536, 'lag_4': 0.036921393443275885, 'lag_5': 0.368064449267977, 'lag_6': 0.9567430828966677, 'lag_7': 0.9220457812550626, 'lag_8': 0.16867291649291502, 'lag_9': 0.00811165402861963, 'lag_10': 0.6493905395594745, 'lag_11': 0.07295360878739875, 'lag_12': 0.3152024191703246, 'lag_13': 0.26846923949401585, 'lag_14': 0.4268625700037128, 'lag_15': 0.2959816528198942, 'lag_16': 0.9583513799978213, 'lag_17': 0.9562587231155697, 'lag_18': 0.8233022391793898, 'lag_19': 0.5530941751233871, 'lag_20': 0.9730907426622967, 'lag_21': 0.8923631252418709, 'lag_22': 0.5501153733252028, 'lag_23': 0.8536957486313096, 'lag_24': 0.2545133350839132, 'lag_25': 0.6279360369525642, 'lag_26': 0.8129735488046943, 'lag_27': 0.22582895048506801, 'lag_28': 0.8294879369502007}. Best is trial 71 with value: 0.002799641032348161.
[I 2025-09-29 13:21:36,557] Trial 87 finished with value: 0.003112720308246391 and parameters: {'lag_0': 0.32156937514520334, 'lag_1': 0.3229364218364922, 'lag_2': 0.7733955879464107, 'lag_3': 0.22442083420080006, 'lag_4': 0.965142708264536, 'lag_5': 0.6153543392856622, 'lag_6': 0.9078302683659024, 'lag_7': 0.7801490675533447, 'lag_8': 0.23046787649504707, 'lag_9': 0.16063730589970515, 'lag_10': 0.46405709210072243, 'lag_11': 0.017214627066960045, 'lag_12': 0.35234641498391533, 'lag_13': 0.19853887783088645, 'lag_14': 0.14284377233459697, 'lag_15': 0.03631934020641667, 'lag_16': 0.8776231355788612, 'lag_17': 0.9924709018082425, 'lag_18': 0.7507417776627132, 'lag_19': 0.26042704782519593, 'lag_20': 0.8516224940338338, 'lag_21': 0.27418586234425046, 'lag_22': 0.5649290222830547, 'lag_23': 0.872057503307312, 'lag_24': 0.3398893675875596, 'lag_25': 0.560565120193134, 'lag_26': 0.880605250788613, 'lag_27': 0.1339669059725697, 'lag_28': 0.9792033944410636}. Best is trial 71 with value: 0.002799641032348161.
[I 2025-09-29 13:21:38,951] Trial 88 finished with value: 0.0031835985147214384 and parameters: {'lag_0': 0.06988718187899347, 'lag_1': 0.24956573121401257, 'lag_2': 0.7184224786724966, 'lag_3': 0.0676341379357624, 'lag_4': 0.37996238464313414, 'lag_5': 0.9742963662947465, 'lag_6': 0.9808710528429707, 'lag_7': 0.9597725239606048, 'lag_8': 0.30864311934974875, 'lag_9': 0.06900900423039756, 'lag_10': 0.3287894739219957, 'lag_11': 0.00409901292748048, 'lag_12': 0.45830146850717024, 'lag_13': 0.447205193058988, 'lag_14': 0.9091188559240844, 'lag_15': 0.26132531636552203, 'lag_16': 0.9053692951071615, 'lag_17': 0.8943360331594483, 'lag_18': 0.6673444673969716, 'lag_19': 0.4333766462403073, 'lag_20': 0.8865434121619189, 'lag_21': 0.4407684178668987, 'lag_22': 0.030462919940244356, 'lag_23': 0.31704759318474207, 'lag_24': 0.4669109730841283, 'lag_25': 0.5340261957105628, 'lag_26': 0.7075314361062727, 'lag_27': 0.09168498863993577, 'lag_28': 0.758072792902438}. Best is trial 71 with value: 0.002799641032348161.
[I 2025-09-29 13:21:41,341] Trial 89 finished with value: 0.0030699686994368263 and parameters: {'lag_0': 0.3566977512740933, 'lag_1': 0.8832264503661283, 'lag_2': 0.6010842298859671, 'lag_3': 0.19199058257545001, 'lag_4': 0.12207457692130147, 'lag_5': 0.71708102578829, 'lag_6': 0.11404700554420777, 'lag_7': 0.8193672218293484, 'lag_8': 0.1381386126260186, 'lag_9': 0.2921551218926799, 'lag_10': 0.22512330128702684, 'lag_11': 0.18552116444347874, 'lag_12': 0.0026944168842835195, 'lag_13': 0.684039833809294, 'lag_14': 0.3853546829429213, 'lag_15': 0.14385212397274694, 'lag_16': 0.7511099928671613, 'lag_17': 0.859061433364922, 'lag_18': 0.7330842176633102, 'lag_19': 0.08034391000920223, 'lag_20': 0.8258400200928369, 'lag_21': 0.5625912057196609, 'lag_22': 0.5779622173407539, 'lag_23': 0.7309364748969782, 'lag_24': 0.20624766156889007, 'lag_25': 0.47834370172433555, 'lag_26': 0.7313114666065172, 'lag_27': 0.2597967992243743, 'lag_28': 0.8601262971439397}. Best is trial 71 with value: 0.002799641032348161.
[I 2025-09-29 13:21:43,733] Trial 90 finished with value: 0.0031720353032526558 and parameters: {'lag_0': 0.5034126262965545, 'lag_1': 0.2028201491284079, 'lag_2': 0.09362653844027437, 'lag_3': 0.02939997340500959, 'lag_4': 0.3440137307989052, 'lag_5': 0.5732847039629028, 'lag_6': 0.23785035638164526, 'lag_7': 0.9304964900407553, 'lag_8': 0.07835313607027802, 'lag_9': 0.32764020887106965, 'lag_10': 0.5190681813226922, 'lag_11': 0.053807506671767424, 'lag_12': 0.214433598363026, 'lag_13': 0.5390767706542451, 'lag_14': 0.4872355381762052, 'lag_15': 0.2251870147436672, 'lag_16': 0.9932390002620548, 'lag_17': 0.955180546299244, 'lag_18': 0.7740451462339979, 'lag_19': 0.39565842437313814, 'lag_20': 0.9432827927876009, 'lag_21': 0.606231733013961, 'lag_22': 0.09328400604870134, 'lag_23': 0.07654410275959667, 'lag_24': 0.2927559399676327, 'lag_25': 0.7896908202074651, 'lag_26': 0.6577254358691019, 'lag_27': 0.6430481114863494, 'lag_28': 0.9412658113968175}. Best is trial 71 with value: 0.002799641032348161.
[I 2025-09-29 13:21:46,127] Trial 91 finished with value: 0.0032393531216387155 and parameters: {'lag_0': 0.37482666429574624, 'lag_1': 0.8411991737309096, 'lag_2': 0.03257637008177778, 'lag_3': 0.8408985237252022, 'lag_4': 0.4226233790089854, 'lag_5': 0.48011456620052295, 'lag_6': 0.9359975438068957, 'lag_7': 0.24209168046033555, 'lag_8': 0.6682132382739242, 'lag_9': 0.06275185211859236, 'lag_10': 0.40594003504387116, 'lag_11': 0.09165962886704247, 'lag_12': 0.09632968539230759, 'lag_13': 0.8823006633989141, 'lag_14': 0.2734868642596013, 'lag_15': 0.37076672679980477, 'lag_16': 0.864311618237431, 'lag_17': 0.919966006015835, 'lag_18': 0.861814147580249, 'lag_19': 0.6311833167993555, 'lag_20': 0.4969495989107242, 'lag_21': 0.8763621744170479, 'lag_22': 0.5103860117030353, 'lag_23': 0.1537116712809114, 'lag_24': 0.1355450889474707, 'lag_25': 0.6120885732693254, 'lag_26': 0.5973984833209569, 'lag_27': 0.06500077311949694, 'lag_28': 0.8965713142365525}. Best is trial 71 with value: 0.002799641032348161.
[I 2025-09-29 13:21:48,528] Trial 92 finished with value: 0.0032025876367352676 and parameters: {'lag_0': 0.2871136836765067, 'lag_1': 0.7240836127189216, 'lag_2': 0.5086947212075897, 'lag_3': 0.12316265621503462, 'lag_4': 0.45539086533158624, 'lag_5': 0.40350595803805644, 'lag_6': 0.8887626086190719, 'lag_7': 0.9990660992022978, 'lag_8': 0.5476357916304294, 'lag_9': 0.10118413050124206, 'lag_10': 0.48641493419681503, 'lag_11': 0.0002994660700322664, 'lag_12': 0.14522583656718768, 'lag_13': 0.258921881225165, 'lag_14': 0.352724325979477, 'lag_15': 0.4103641989570883, 'lag_16': 0.8295070085032347, 'lag_17': 0.6640008820134934, 'lag_18': 0.5196981230429845, 'lag_19': 0.5204000262594618, 'lag_20': 0.39565430550117625, 'lag_21': 0.9416330493140657, 'lag_22': 0.36805305712642145, 'lag_23': 0.9773215862372377, 'lag_24': 0.17910679250860267, 'lag_25': 0.7234688522752495, 'lag_26': 0.35419996537793486, 'lag_27': 0.01756768829450954, 'lag_28': 0.8290310960100862}. Best is trial 71 with value: 0.002799641032348161.
[I 2025-09-29 13:21:50,928] Trial 93 finished with value: 0.0032502082616432935 and parameters: {'lag_0': 0.30846858336084937, 'lag_1': 0.8090812912188076, 'lag_2': 0.11906632551518051, 'lag_3': 0.002623323359420199, 'lag_4': 0.23139187929432176, 'lag_5': 0.4291650312595909, 'lag_6': 0.31120159037757983, 'lag_7': 0.09270146315217692, 'lag_8': 0.1844428479306961, 'lag_9': 0.4736529120899645, 'lag_10': 0.44056433239353004, 'lag_11': 0.13709303548139012, 'lag_12': 0.4968643700473455, 'lag_13': 0.9487128082063904, 'lag_14': 0.31728352388067965, 'lag_15': 0.30845057386891506, 'lag_16': 0.4416060705910754, 'lag_17': 0.07702964984556929, 'lag_18': 0.685277171989881, 'lag_19': 0.6643924131449335, 'lag_20': 0.5998272826649651, 'lag_21': 0.8431506812659768, 'lag_22': 0.3983064271053379, 'lag_23': 0.9333767750395077, 'lag_24': 0.22892316445606467, 'lag_25': 0.7591316572810132, 'lag_26': 0.5024242498415419, 'lag_27': 0.1221996485200386, 'lag_28': 0.919315864076193}. Best is trial 71 with value: 0.002799641032348161.
[I 2025-09-29 13:21:53,428] Trial 94 finished with value: 0.0035364806605088133 and parameters: {'lag_0': 0.8129416045960696, 'lag_1': 0.9489253767582033, 'lag_2': 0.2070243728552859, 'lag_3': 0.7509431044594663, 'lag_4': 0.578391727884638, 'lag_5': 0.5344294617027696, 'lag_6': 0.9752318101323623, 'lag_7': 0.9058193651323023, 'lag_8': 0.5988864955291845, 'lag_9': 0.17105631769643792, 'lag_10': 0.5553372195915408, 'lag_11': 0.04267963515848953, 'lag_12': 0.5584845523841703, 'lag_13': 0.9151482844825373, 'lag_14': 0.3098631358916042, 'lag_15': 0.5141362137993232, 'lag_16': 0.5371894923468434, 'lag_17': 0.5285432963429881, 'lag_18': 0.6200262980446068, 'lag_19': 0.6136914654983372, 'lag_20': 0.7892075813623882, 'lag_21': 0.8943129136182414, 'lag_22': 0.49174754427924866, 'lag_23': 0.8976455977665864, 'lag_24': 0.028262655578526925, 'lag_25': 0.6513235858766615, 'lag_26': 0.48110062864838954, 'lag_27': 0.16200465125724817, 'lag_28': 0.8611006789401981}. Best is trial 71 with value: 0.002799641032348161.
[I 2025-09-29 13:21:55,834] Trial 95 finished with value: 0.003188697821817387 and parameters: {'lag_0': 0.4107692759347798, 'lag_1': 0.40549744808375643, 'lag_2': 0.1751225607478161, 'lag_3': 0.1500987924041634, 'lag_4': 0.43205196141924096, 'lag_5': 0.7545630769196898, 'lag_6': 0.8618258020626106, 'lag_7': 0.1640463974039501, 'lag_8': 0.7525428930708484, 'lag_9': 0.37130062065613667, 'lag_10': 0.3833864350866625, 'lag_11': 0.11183272135701204, 'lag_12': 0.05832296103017625, 'lag_13': 0.844695835473797, 'lag_14': 0.22861992998215364, 'lag_15': 0.19869894371391073, 'lag_16': 0.9478599065775919, 'lag_17': 0.7794924913557014, 'lag_18': 0.42111319060688235, 'lag_19': 0.16181340645888043, 'lag_20': 0.34435399906046593, 'lag_21': 0.40463033497172696, 'lag_22': 0.5889577146751238, 'lag_23': 0.4195678401254577, 'lag_24': 0.06381429856437162, 'lag_25': 0.8976249776312175, 'lag_26': 0.569116764304853, 'lag_27': 0.29480533472011994, 'lag_28': 0.8960974731981319}. Best is trial 71 with value: 0.002799641032348161.
[I 2025-09-29 13:21:58,240] Trial 96 finished with value: 0.003415931639062431 and parameters: {'lag_0': 0.5318202411946358, 'lag_1': 0.7707553070185313, 'lag_2': 0.435892832562798, 'lag_3': 0.08505382393252876, 'lag_4': 0.26760286001929773, 'lag_5': 0.467320638225888, 'lag_6': 0.9469632393671822, 'lag_7': 0.8610092657876518, 'lag_8': 0.5763022719719745, 'lag_9': 0.14065501403304217, 'lag_10': 0.6102970711626942, 'lag_11': 0.16453667910612185, 'lag_12': 0.02316646914516621, 'lag_13': 0.5892228255124852, 'lag_14': 0.4198930787959195, 'lag_15': 0.33700551932221684, 'lag_16': 0.5776031352136524, 'lag_17': 0.22141583486108338, 'lag_18': 0.3322160539493705, 'lag_19': 0.12429135304362622, 'lag_20': 0.7324500573303832, 'lag_21': 0.7142382260997526, 'lag_22': 0.27942951198627053, 'lag_23': 0.6897214035699153, 'lag_24': 0.18510259301944426, 'lag_25': 0.5774273527217179, 'lag_26': 0.41062850659836914, 'lag_27': 0.46519380261084253, 'lag_28': 0.9475323346567393}. Best is trial 71 with value: 0.002799641032348161.
[I 2025-09-29 13:22:00,653] Trial 97 finished with value: 0.003286472966495853 and parameters: {'lag_0': 0.2535526853663159, 'lag_1': 0.3534528729663067, 'lag_2': 0.8478417333827759, 'lag_3': 0.3183326957899185, 'lag_4': 0.39240559875592934, 'lag_5': 0.8138439404119278, 'lag_6': 0.16846422177248127, 'lag_7': 0.528727626936633, 'lag_8': 0.12757988026745598, 'lag_9': 0.04362721770425991, 'lag_10': 0.25001493198388747, 'lag_11': 0.06878946767794622, 'lag_12': 0.1775603141996915, 'lag_13': 0.012982876553242706, 'lag_14': 0.38119492064383054, 'lag_15': 0.0980026736073446, 'lag_16': 0.6156799119621317, 'lag_17': 0.8796755993308326, 'lag_18': 0.194920310194572, 'lag_19': 0.705692192682622, 'lag_20': 0.6501279033043846, 'lag_21': 0.7694761305354804, 'lag_22': 0.14792282676876461, 'lag_23': 0.7897722711626135, 'lag_24': 0.15620764191730435, 'lag_25': 0.5063314746805959, 'lag_26': 0.6373642812800915, 'lag_27': 0.037927295708510805, 'lag_28': 0.7177737277952129}. Best is trial 71 with value: 0.002799641032348161.
[I 2025-09-29 13:22:03,066] Trial 98 finished with value: 0.0034931038784639925 and parameters: {'lag_0': 0.12216772611812712, 'lag_1': 0.2745623914014984, 'lag_2': 0.07315375167796943, 'lag_3': 0.7022443396226774, 'lag_4': 0.49579172994194937, 'lag_5': 0.6381374822332231, 'lag_6': 0.9088378506475384, 'lag_7': 0.04518207564706178, 'lag_8': 0.49322138197503923, 'lag_9': 0.522944244358655, 'lag_10': 0.45567626780911974, 'lag_11': 0.733176263299211, 'lag_12': 0.1104840470069601, 'lag_13': 0.8133232023130921, 'lag_14': 0.44972700842694247, 'lag_15': 0.2748463657334285, 'lag_16': 0.9251128483845484, 'lag_17': 0.8343000790055911, 'lag_18': 0.6557563548120092, 'lag_19': 0.2501393611817739, 'lag_20': 0.860277229838716, 'lag_21': 0.8110250580395613, 'lag_22': 0.053330444963232276, 'lag_23': 0.8803286631322895, 'lag_24': 0.8490068662068252, 'lag_25': 0.8519059533527615, 'lag_26': 0.30203882595294074, 'lag_27': 0.09210064793364846, 'lag_28': 0.7825634798541767}. Best is trial 71 with value: 0.002799641032348161.
[I 2025-09-29 13:22:05,465] Trial 99 finished with value: 0.0029338427761740034 and parameters: {'lag_0': 0.023703223700407554, 'lag_1': 0.8506084085773192, 'lag_2': 0.2637282235390639, 'lag_3': 0.6586992595211991, 'lag_4': 0.9171347064667037, 'lag_5': 0.8576088278117157, 'lag_6': 0.822386459953395, 'lag_7': 0.264257618311743, 'lag_8': 0.27514490383512824, 'lag_9': 0.007279223578285754, 'lag_10': 0.35196244290798273, 'lag_11': 0.419561492272081, 'lag_12': 0.24756290724842137, 'lag_13': 0.038138262104296584, 'lag_14': 0.8083735361083424, 'lag_15': 0.39439822521347545, 'lag_16': 0.4733896423670713, 'lag_17': 0.7376822833440942, 'lag_18': 0.7089303258114178, 'lag_19': 0.03886074823449458, 'lag_20': 0.9991735849891218, 'lag_21': 0.3618249277253322, 'lag_22': 0.4443720927719971, 'lag_23': 0.5776127942557981, 'lag_24': 0.08656340491364206, 'lag_25': 0.6212949263716463, 'lag_26': 0.6823522479608426, 'lag_27': 0.21887850555835758, 'lag_28': 0.09059303626061134}. Best is trial 71 with value: 0.002799641032348161.
[I 2025-09-29 13:22:05,538] A new study created in memory with name: no-name-f28d3e9b-90cb-43de-8dd4-02c42688f8de
[I 2025-09-29 13:22:07,873] Trial 0 finished with value: 0.005011840729886289 and parameters: {'lag_0': 0.6110205457328042, 'lag_1': 0.5160615063388121, 'lag_2': 0.07578354699568383, 'lag_3': 0.04384686881143029, 'lag_4': 0.6137762642181275, 'lag_5': 0.9575848365225285, 'lag_6': 0.7393595377503035, 'lag_7': 0.6737603983211982, 'lag_8': 0.8700900944714317, 'lag_9': 0.34860828244856235, 'lag_10': 0.14434031845467898, 'lag_11': 0.12539686168565814, 'lag_12': 0.8501562327786255, 'lag_13': 0.32376158181610803, 'lag_14': 0.5030018082202468, 'lag_15': 0.8697549345912751, 'lag_16': 0.7997388926585183, 'lag_17': 0.5451750356532222, 'lag_18': 0.8668553700457036, 'lag_19': 0.446988341604576, 'lag_20': 0.07000479692586145, 'lag_21': 0.1224853007368867, 'lag_22': 0.8133951136110875, 'lag_23': 0.38382375791551426, 'lag_24': 0.5829923976176575, 'lag_25': 0.6420767072531045, 'lag_26': 0.6462441246335601, 'lag_27': 0.66584936413907, 'lag_28': 0.4817095404003446}. Best is trial 0 with value: 0.005011840729886289.
[I 2025-09-29 13:22:10,226] Trial 1 finished with value: 0.005129869141074193 and parameters: {'lag_0': 0.4168728747569752, 'lag_1': 0.4923673554349225, 'lag_2': 0.5890157580410449, 'lag_3': 0.050083025382613215, 'lag_4': 0.0482414185975105, 'lag_5': 0.6457206060446002, 'lag_6': 0.669766468683721, 'lag_7': 0.7429885521639794, 'lag_8': 0.08824250801804275, 'lag_9': 0.6636438703009592, 'lag_10': 0.027561620323285314, 'lag_11': 0.7475273480451763, 'lag_12': 0.03391341256729375, 'lag_13': 0.18557745693991495, 'lag_14': 0.21252101572989815, 'lag_15': 0.9780955112200989, 'lag_16': 0.20690924326966859, 'lag_17': 0.4287674404684018, 'lag_18': 0.5590050607380066, 'lag_19': 0.42709372149291297, 'lag_20': 0.5712235323334575, 'lag_21': 0.18646128208780702, 'lag_22': 0.5333293326214507, 'lag_23': 0.6446770893062345, 'lag_24': 0.3894089191753402, 'lag_25': 0.3345386937992735, 'lag_26': 0.7438669435664901, 'lag_27': 0.27115847748568755, 'lag_28': 0.3164169527272317}. Best is trial 0 with value: 0.005011840729886289.
[I 2025-09-29 13:22:12,561] Trial 2 finished with value: 0.005382790564624278 and parameters: {'lag_0': 0.3332344825500262, 'lag_1': 0.09775559945769373, 'lag_2': 0.15227048418383768, 'lag_3': 0.4196077910560162, 'lag_4': 0.66988983067089, 'lag_5': 0.48374674118739774, 'lag_6': 0.38293585354881005, 'lag_7': 0.7112286364732929, 'lag_8': 0.024986755403471422, 'lag_9': 0.5993019788367295, 'lag_10': 0.12517844577461557, 'lag_11': 0.5003363577985657, 'lag_12': 0.01881895436289846, 'lag_13': 0.03737031376070155, 'lag_14': 0.4753542523159483, 'lag_15': 0.2846888781477798, 'lag_16': 0.8395280193664676, 'lag_17': 0.38906044925163324, 'lag_18': 0.978596021808077, 'lag_19': 0.9789583755777405, 'lag_20': 0.8291752511482906, 'lag_21': 0.7760109749922551, 'lag_22': 0.5333052370705561, 'lag_23': 0.8984472264743393, 'lag_24': 0.24094871148504005, 'lag_25': 0.8348595207881602, 'lag_26': 0.5267483953444535, 'lag_27': 0.6769204407148787, 'lag_28': 0.06661134289335889}. Best is trial 0 with value: 0.005011840729886289.
