[I 2025-09-29 13:24:26,683] Trial 45 finished with value: 0.007832980818499532 and parameters: {'lag_0': 0.17610815819084688, 'lag_1': 0.6213347360091479, 'lag_2': 0.35487226164557373, 'lag_3': 0.6261820261569, 'lag_4': 0.688126847658891, 'lag_5': 0.25497158556383026, 'lag_6': 0.42395677609734167, 'lag_7': 0.6433731233361055, 'lag_8': 0.2372547781596045, 'lag_9': 0.81785982503285, 'lag_10': 0.6396893147684128, 'lag_11': 0.559462957824679, 'lag_12': 0.6210348992717368, 'lag_13': 0.17483084799375462, 'lag_14': 0.14225389103582692, 'lag_15': 0.1676962664814185, 'lag_16': 0.2773015721434092, 'lag_17': 0.7401194115866501, 'lag_18': 0.7512891054307325, 'lag_19': 0.8097809222929744, 'lag_20': 0.29831293656908914, 'lag_21': 0.28787982446208815, 'lag_22': 0.37779119368940983, 'lag_23': 0.32818851756889056, 'lag_24': 0.4539461933371829, 'lag_25': 0.3549458566591235, 'lag_26': 0.3384378265893102, 'lag_27': 0.8213644671861727, 'lag_28': 0.7507275630125431}. Best is trial 12 with value: 0.007112476563566757.
[I 2025-09-29 13:24:29,255] Trial 46 finished with value: 0.007520427245428259 and parameters: {'lag_0': 0.9274439340088273, 'lag_1': 0.996837857774362, 'lag_2': 0.5491251654038259, 'lag_3': 0.71313612614402, 'lag_4': 0.06611294067638035, 'lag_5': 0.41321754958061024, 'lag_6': 0.5139867104470536, 'lag_7': 0.18503284653780705, 'lag_8': 0.0003589977387067206, 'lag_9': 0.5635717871165375, 'lag_10': 0.7294757646679644, 'lag_11': 0.32702197548732465, 'lag_12': 0.7082391649847906, 'lag_13': 0.2725243781271556, 'lag_14': 0.06924663453302887, 'lag_15': 0.6689422924575268, 'lag_16': 0.32413552349971547, 'lag_17': 0.5831588243442127, 'lag_18': 0.40479535482703455, 'lag_19': 0.7361977155397836, 'lag_20': 0.21150892386219813, 'lag_21': 0.13460991576687564, 'lag_22': 0.19283335206875812, 'lag_23': 0.13985508084731163, 'lag_24': 0.8956392074980812, 'lag_25': 0.6401532307935656, 'lag_26': 0.1921404977416423, 'lag_27': 0.7169310106056344, 'lag_28': 0.25820791133831644}. Best is trial 12 with value: 0.007112476563566757.
[I 2025-09-29 13:24:31,833] Trial 47 finished with value: 0.007681040692707709 and parameters: {'lag_0': 0.34056728924979734, 'lag_1': 0.8010518048193648, 'lag_2': 0.18765172358630292, 'lag_3': 0.1805309766126414, 'lag_4': 0.8051442976862011, 'lag_5': 0.3289302553112386, 'lag_6': 0.35356331496961857, 'lag_7': 0.322348199495058, 'lag_8': 0.40420330210510236, 'lag_9': 0.4517516574212311, 'lag_10': 0.8025400520675763, 'lag_11': 0.384788552507309, 'lag_12': 0.8993709427581229, 'lag_13': 0.1072825086407502, 'lag_14': 0.251129627189171, 'lag_15': 0.4252102212079862, 'lag_16': 0.536344111535117, 'lag_17': 0.36549001424820343, 'lag_18': 0.5583965256292359, 'lag_19': 0.949661329829232, 'lag_20': 0.7652436975252449, 'lag_21': 0.5766396286381094, 'lag_22': 0.9349660604337008, 'lag_23': 0.8790380458642779, 'lag_24': 0.6666619413606577, 'lag_25': 0.6839763059106496, 'lag_26': 0.2461534862729562, 'lag_27': 0.059840590326064244, 'lag_28': 0.13642277644373607}. Best is trial 12 with value: 0.007112476563566757.
[I 2025-09-29 13:24:34,409] Trial 48 finished with value: 0.00779374953712333 and parameters: {'lag_0': 0.7659929917493356, 'lag_1': 0.08148690136456782, 'lag_2': 0.8355425694067571, 'lag_3': 0.29572700757488357, 'lag_4': 0.8697394339610797, 'lag_5': 0.5803088323956777, 'lag_6': 0.721659088069021, 'lag_7': 0.00507668365063366, 'lag_8': 0.6430223972302304, 'lag_9': 0.16649696104904613, 'lag_10': 0.5707331499701054, 'lag_11': 0.15777372473764004, 'lag_12': 0.11568061261371232, 'lag_13': 0.03778383438276018, 'lag_14': 0.8077918667793036, 'lag_15': 0.3259300353626097, 'lag_16': 0.1152506980401059, 'lag_17': 0.6590198710295334, 'lag_18': 0.1750263882568388, 'lag_19': 0.8628940763477461, 'lag_20': 0.7105612163791188, 'lag_21': 0.4570807773011219, 'lag_22': 0.7421207931307322, 'lag_23': 0.5656115494012413, 'lag_24': 0.8247560555880529, 'lag_25': 0.7907875222032091, 'lag_26': 0.09738940930330317, 'lag_27': 0.2332484181747505, 'lag_28': 0.36268683218250525}. Best is trial 12 with value: 0.007112476563566757.
[I 2025-09-29 13:24:36,990] Trial 49 finished with value: 0.008164930314905195 and parameters: {'lag_0': 0.0008497813285082562, 'lag_1': 0.726066964514917, 'lag_2': 0.5057972303611193, 'lag_3': 0.8806699788820644, 'lag_4': 0.9619126287495608, 'lag_5': 0.1807137035995528, 'lag_6': 0.7902558106775279, 'lag_7': 0.8315024406245107, 'lag_8': 0.11440613644934322, 'lag_9': 0.7484233099763742, 'lag_10': 0.9146660765372819, 'lag_11': 0.606240280696758, 'lag_12': 0.7494833079886981, 'lag_13': 0.5586591105785307, 'lag_14': 0.7496566121013608, 'lag_15': 0.9558268269391565, 'lag_16': 0.42968432333347, 'lag_17': 0.490962959171694, 'lag_18': 0.7921920108210486, 'lag_19': 0.05068045393650672, 'lag_20': 0.44515740367830847, 'lag_21': 0.38417621066215746, 'lag_22': 0.06700476515876845, 'lag_23': 0.3958873187814271, 'lag_24': 0.8559335929680643, 'lag_25': 0.9679432078078082, 'lag_26': 0.45319515301309954, 'lag_27': 0.9216391984681552, 'lag_28': 0.6045888308291233}. Best is trial 12 with value: 0.007112476563566757.
[I 2025-09-29 13:24:39,563] Trial 50 finished with value: 0.007747042042967231 and parameters: {'lag_0': 0.5260021860877463, 'lag_1': 0.008327651116850715, 'lag_2': 0.22880692874727823, 'lag_3': 0.413548638450561, 'lag_4': 0.016297897039122655, 'lag_5': 0.47825639259772335, 'lag_6': 0.6318500188085778, 'lag_7': 0.5445536708912229, 'lag_8': 0.4914888564939124, 'lag_9': 0.9358918935948316, 'lag_10': 0.45976524068234453, 'lag_11': 0.059078603794193045, 'lag_12': 0.21550727067662753, 'lag_13': 0.8422817339633388, 'lag_14': 0.19656838721169015, 'lag_15': 0.5058035608731156, 'lag_16': 0.178977635648115, 'lag_17': 0.8083533982097691, 'lag_18': 0.718962408162328, 'lag_19': 0.6143509461342955, 'lag_20': 0.5079567076468611, 'lag_21': 0.11418963487011488, 'lag_22': 0.4281376273501782, 'lag_23': 0.75961112746484, 'lag_24': 0.7627892484332837, 'lag_25': 0.8718781843598457, 'lag_26': 0.29561922021317527, 'lag_27': 0.5275850590099318, 'lag_28': 0.5353707411276203}. Best is trial 12 with value: 0.007112476563566757.
[I 2025-09-29 13:24:42,148] Trial 51 finished with value: 0.008015350132371526 and parameters: {'lag_0': 0.8303769748226851, 'lag_1': 0.3404975768947036, 'lag_2': 0.34488677976380633, 'lag_3': 0.6388792981518794, 'lag_4': 0.8420951712430997, 'lag_5': 0.48240727156670277, 'lag_6': 0.548101280388401, 'lag_7': 0.23205984804937546, 'lag_8': 0.15169331891654605, 'lag_9': 0.31250133534094404, 'lag_10': 0.3737232264258973, 'lag_11': 0.15639718207835623, 'lag_12': 0.5581015946553824, 'lag_13': 0.26272373126945425, 'lag_14': 0.608645070228512, 'lag_15': 0.5526275895907883, 'lag_16': 0.3409957479229301, 'lag_17': 0.7264794701812202, 'lag_18': 0.6542020144987019, 'lag_19': 0.682609557626326, 'lag_20': 0.4367369287975039, 'lag_21': 0.32870854448316555, 'lag_22': 0.5709324834957351, 'lag_23': 0.49912121137781534, 'lag_24': 0.9484331950608916, 'lag_25': 0.4715977931286921, 'lag_26': 0.5955003902871472, 'lag_27': 0.10960642894624271, 'lag_28': 0.7127544599543435}. Best is trial 12 with value: 0.007112476563566757.
[I 2025-09-29 13:24:44,722] Trial 52 finished with value: 0.008088152268586241 and parameters: {'lag_0': 0.8238635537269243, 'lag_1': 0.35588130767790827, 'lag_2': 0.4373602644947928, 'lag_3': 0.5328996775566628, 'lag_4': 0.8341264384752156, 'lag_5': 0.7251384872629936, 'lag_6': 0.466096228935023, 'lag_7': 0.16320085652353822, 'lag_8': 0.05584830328096958, 'lag_9': 0.397418830339716, 'lag_10': 0.39024261671118965, 'lag_11': 0.06967540056808963, 'lag_12': 0.5348262408136191, 'lag_13': 0.210455348056824, 'lag_14': 0.66206603366304, 'lag_15': 0.5699388717442478, 'lag_16': 0.37924415939730444, 'lag_17': 0.6690379651229851, 'lag_18': 0.6865458906856748, 'lag_19': 0.7041275789630697, 'lag_20': 0.4636043185479705, 'lag_21': 0.30569728381669403, 'lag_22': 0.6472111588549522, 'lag_23': 0.4363531565022052, 'lag_24': 0.5718654922307225, 'lag_25': 0.5139150609471905, 'lag_26': 0.6647045120441752, 'lag_27': 0.05175214852259652, 'lag_28': 0.731478799180837}. Best is trial 12 with value: 0.007112476563566757.
[I 2025-09-29 13:24:47,303] Trial 53 finished with value: 0.007598547693131749 and parameters: {'lag_0': 0.9541995288730581, 'lag_1': 0.2882349157077103, 'lag_2': 0.36739784234105965, 'lag_3': 0.7112344814169127, 'lag_4': 0.7637024945596558, 'lag_5': 0.5546725822009867, 'lag_6': 0.5426031411528942, 'lag_7': 0.3812516167238318, 'lag_8': 0.19524505234945805, 'lag_9': 0.2555111230814586, 'lag_10': 0.3191639566679218, 'lag_11': 0.22597939714955242, 'lag_12': 0.600619791147787, 'lag_13': 0.1401995860937451, 'lag_14': 0.6205851611311459, 'lag_15': 0.4642914249259536, 'lag_16': 0.16435533523611123, 'lag_17': 0.7547130982124073, 'lag_18': 0.0003137687425110447, 'lag_19': 0.7649326988703443, 'lag_20': 0.6137069000654807, 'lag_21': 0.04234790717301745, 'lag_22': 0.5133333200566516, 'lag_23': 0.35718360993443526, 'lag_24': 0.7952311036145581, 'lag_25': 0.38724398043039465, 'lag_26': 0.39200114616735615, 'lag_27': 0.13976909306912877, 'lag_28': 0.6778254516915679}. Best is trial 12 with value: 0.007112476563566757.
[I 2025-09-29 13:24:49,873] Trial 54 finished with value: 0.00881080605124126 and parameters: {'lag_0': 0.0577854881255184, 'lag_1': 0.23227507825842508, 'lag_2': 0.3091371740252112, 'lag_3': 0.5562349737465561, 'lag_4': 0.9065572935527488, 'lag_5': 0.8746201718571973, 'lag_6': 0.2846863099995909, 'lag_7': 0.2461353456813764, 'lag_8': 0.13854101510601985, 'lag_9': 0.29134884459568233, 'lag_10': 0.6030916683399055, 'lag_11': 0.16114199801740497, 'lag_12': 0.44109045912358336, 'lag_13': 0.24240937542838809, 'lag_14': 0.5290514307440448, 'lag_15': 0.7315272865629019, 'lag_16': 0.44420120032987576, 'lag_17': 0.9404311642085129, 'lag_18': 0.5800286567684502, 'lag_19': 0.5228682446937913, 'lag_20': 0.5287249387681026, 'lag_21': 0.3542990888060388, 'lag_22': 0.46355298547378576, 'lag_23': 0.4026348962531687, 'lag_24': 0.7300730164305953, 'lag_25': 0.5523455076632241, 'lag_26': 0.5121226646013274, 'lag_27': 0.3312042662603991, 'lag_28': 0.8378195800865116}. Best is trial 12 with value: 0.007112476563566757.
[I 2025-09-29 13:24:52,619] Trial 55 finished with value: 0.007959930787799522 and parameters: {'lag_0': 0.8625044665735557, 'lag_1': 0.46137520853389813, 'lag_2': 0.11214210742049906, 'lag_3': 0.6139181712315431, 'lag_4': 0.8694857355475498, 'lag_5': 0.600238321974865, 'lag_6': 0.613404321598439, 'lag_7': 0.08499806712941663, 'lag_8': 0.26539695290795595, 'lag_9': 0.3280756948323032, 'lag_10': 0.4389179803416141, 'lag_11': 0.5073681018501702, 'lag_12': 0.6598048786679318, 'lag_13': 0.08253143851696296, 'lag_14': 0.7337405753596323, 'lag_15': 0.3868997368344104, 'lag_16': 0.50761124604386, 'lag_17': 0.8398538182714668, 'lag_18': 0.8205140016251202, 'lag_19': 0.8163188878768671, 'lag_20': 0.5883562559936146, 'lag_21': 0.24131549254949541, 'lag_22': 0.5794506924109215, 'lag_23': 0.6224301093365145, 'lag_24': 0.9459093242987847, 'lag_25': 0.7210177345131845, 'lag_26': 0.7971232659680747, 'lag_27': 0.061340620954430214, 'lag_28': 0.9095388459492931}. Best is trial 12 with value: 0.007112476563566757.
[I 2025-09-29 13:24:55,222] Trial 56 finished with value: 0.008453948124589009 and parameters: {'lag_0': 0.7902348036013778, 'lag_1': 0.37838583241178914, 'lag_2': 0.2592056707710626, 'lag_3': 0.342302872317098, 'lag_4': 0.9899620987419069, 'lag_5': 0.6837151026348564, 'lag_6': 0.6599414532708946, 'lag_7': 0.29362962336846354, 'lag_8': 0.2162024367800423, 'lag_9': 0.5166754954421352, 'lag_10': 0.5479072745267947, 'lag_11': 0.3164701166017283, 'lag_12': 0.46576896935824313, 'lag_13': 0.16849105074021264, 'lag_14': 0.5666366137590466, 'lag_15': 0.26121124099603343, 'lag_16': 0.05536985275008105, 'lag_17': 0.7791861180510975, 'lag_18': 0.8616071471736347, 'lag_19': 0.4057733676890903, 'lag_20': 0.3869841323099938, 'lag_21': 0.19413037619191273, 'lag_22': 0.5270520486627244, 'lag_23': 0.6768513848714218, 'lag_24': 0.9009076053094183, 'lag_25': 0.9242920284207792, 'lag_26': 0.1836087590830942, 'lag_27': 0.23217318207200943, 'lag_28': 0.6346713647497348}. Best is trial 12 with value: 0.007112476563566757.
[I 2025-09-29 13:24:57,820] Trial 57 finished with value: 0.007853728615093735 and parameters: {'lag_0': 0.6974857336276498, 'lag_1': 0.19237017514840907, 'lag_2': 0.3851987089369335, 'lag_3': 0.06495421845995511, 'lag_4': 0.792252675055285, 'lag_5': 0.316666521548693, 'lag_6': 0.4141186486660693, 'lag_7': 0.442749342608304, 'lag_8': 0.10297849756222205, 'lag_9': 0.05874059858210301, 'lag_10': 0.5110387390178499, 'lag_11': 0.4624108486540144, 'lag_12': 0.32875663137808075, 'lag_13': 0.3000869487942488, 'lag_14': 0.3309429617355002, 'lag_15': 0.8612043551564726, 'lag_16': 0.24359856310145242, 'lag_17': 0.1524805745378794, 'lag_18': 0.05580682149420557, 'lag_19': 0.7233162207072322, 'lag_20': 0.6879836897671399, 'lag_21': 0.7561942587073527, 'lag_22': 0.6175750008839642, 'lag_23': 0.4676866172663602, 'lag_24': 0.8186688716664652, 'lag_25': 0.593213112731931, 'lag_26': 0.43208943919328896, 'lag_27': 0.17499866760763252, 'lag_28': 0.5614282719972074}. Best is trial 12 with value: 0.007112476563566757.
[I 2025-09-29 13:25:00,412] Trial 58 finished with value: 0.0077579030481659 and parameters: {'lag_0': 0.8919170448259026, 'lag_1': 0.14420445161954784, 'lag_2': 0.43863100020744067, 'lag_3': 0.47150068367434894, 'lag_4': 0.7317958980156676, 'lag_5': 0.420798315859068, 'lag_6': 0.34633147985642176, 'lag_7': 0.36947650032677115, 'lag_8': 0.3278312235210834, 'lag_9': 0.12617402410078749, 'lag_10': 0.8103224933976078, 'lag_11': 0.04886517514154226, 'lag_12': 0.5230991451529879, 'lag_13': 0.3554394661314523, 'lag_14': 0.45076957936554196, 'lag_15': 0.5379013816102628, 'lag_16': 0.3034261669583417, 'lag_17': 0.5334117017450761, 'lag_18': 0.7000312095957563, 'lag_19': 0.917304915611401, 'lag_20': 0.3059061542111229, 'lag_21': 0.41866763070865765, 'lag_22': 0.7123011562835566, 'lag_23': 0.29997407634871187, 'lag_24': 0.6065880550354549, 'lag_25': 0.6582640389011131, 'lag_26': 0.235441244759788, 'lag_27': 0.40286087005476334, 'lag_28': 0.7565869796561031}. Best is trial 12 with value: 0.007112476563566757.
[I 2025-09-29 13:25:02,994] Trial 59 finished with value: 0.007568825572726853 and parameters: {'lag_0': 0.9873553027493063, 'lag_1': 0.5051279658120774, 'lag_2': 0.0071376888807330174, 'lag_3': 0.7439507605106774, 'lag_4': 0.6529356180143961, 'lag_5': 0.17704353606148293, 'lag_6': 0.20411035294987095, 'lag_7': 0.1598660967297271, 'lag_8': 0.051410544788713736, 'lag_9': 0.5898497820255904, 'lag_10': 0.6388528904222014, 'lag_11': 0.41356826450072826, 'lag_12': 0.41365246415507867, 'lag_13': 0.4296738702867509, 'lag_14': 0.6411526290746167, 'lag_15': 0.6432057963885227, 'lag_16': 0.8540988697375437, 'lag_17': 0.8897193642694176, 'lag_18': 0.9677019397491691, 'lag_19': 0.2917942555238159, 'lag_20': 0.22939014071729863, 'lag_21': 0.49794728654255827, 'lag_22': 0.7966041025148205, 'lag_23': 0.5464276201333197, 'lag_24': 0.9711749029696788, 'lag_25': 0.7537993668748195, 'lag_26': 0.5773046414236755, 'lag_27': 0.955603131323161, 'lag_28': 0.4074294277882131}. Best is trial 12 with value: 0.007112476563566757.
[I 2025-09-29 13:25:05,571] Trial 60 finished with value: 0.007833691809868407 and parameters: {'lag_0': 0.6163009495670415, 'lag_1': 0.5661573352992785, 'lag_2': 0.7232764899858148, 'lag_3': 0.44332746305290216, 'lag_4': 0.5559949603512602, 'lag_5': 0.39670395486531485, 'lag_6': 0.8925175381571077, 'lag_7': 0.21629292547484355, 'lag_8': 0.17616543830811324, 'lag_9': 0.4785115313045867, 'lag_10': 0.3777975372746867, 'lag_11': 0.26406233754352826, 'lag_12': 0.6914343490801023, 'lag_13': 0.0029807541328302906, 'lag_14': 0.27720137772792164, 'lag_15': 0.3548891046239841, 'lag_16': 0.9497211685182682, 'lag_17': 0.98342250231168, 'lag_18': 0.9114492517269764, 'lag_19': 0.8417927301313363, 'lag_20': 0.5096972128219177, 'lag_21': 0.183274402819144, 'lag_22': 0.36063890107176416, 'lag_23': 0.583216494811486, 'lag_24': 0.6971430778244264, 'lag_25': 0.8028014636432006, 'lag_26': 0.6382473063693749, 'lag_27': 0.019691065114810613, 'lag_28': 0.4771558722871209}. Best is trial 12 with value: 0.007112476563566757.
[I 2025-09-29 13:25:08,149] Trial 61 finished with value: 0.007473343408834504 and parameters: {'lag_0': 0.6584190251153017, 'lag_1': 0.2910410352460904, 'lag_2': 0.5547456735266592, 'lag_3': 0.7662013496135132, 'lag_4': 0.6962748826607756, 'lag_5': 0.8406367710212348, 'lag_6': 0.06724472090064429, 'lag_7': 0.13352896456879734, 'lag_8': 0.349970402663658, 'lag_9': 0.05525767719626445, 'lag_10': 0.2322614425732416, 'lag_11': 0.4214917183449553, 'lag_12': 0.8018154301008976, 'lag_13': 0.10508191589146587, 'lag_14': 0.7061368520493522, 'lag_15': 0.2197762267446725, 'lag_16': 0.13478506603215018, 'lag_17': 0.23667147739024896, 'lag_18': 0.2881199913474981, 'lag_19': 0.7918974097532581, 'lag_20': 0.17694479180168415, 'lag_21': 0.2009188956613984, 'lag_22': 0.3014064998283365, 'lag_23': 0.2572849130188072, 'lag_24': 0.917703056312924, 'lag_25': 0.7590367020058904, 'lag_26': 0.2986031615862081, 'lag_27': 0.4722057228367376, 'lag_28': 0.21402427120948442}. Best is trial 12 with value: 0.007112476563566757.
[I 2025-09-29 13:25:10,738] Trial 62 finished with value: 0.007600046361544389 and parameters: {'lag_0': 0.7573218321676325, 'lag_1': 0.25211729366142827, 'lag_2': 0.5565763366585685, 'lag_3': 0.8493799112846565, 'lag_4': 0.7076556906388383, 'lag_5': 0.911239262795186, 'lag_6': 0.1167557422435377, 'lag_7': 0.0380302326684856, 'lag_8': 0.5578593314694695, 'lag_9': 0.029484618448908022, 'lag_10': 0.16340002607330856, 'lag_11': 0.37734029217095755, 'lag_12': 0.6814968098964088, 'lag_13': 0.0018039761757569488, 'lag_14': 0.3858445674618322, 'lag_15': 0.2829222964211759, 'lag_16': 0.7786114410216229, 'lag_17': 0.3881216729300644, 'lag_18': 0.18580075595189055, 'lag_19': 0.7760986662343508, 'lag_20': 0.08929665305965237, 'lag_21': 0.08322342658079646, 'lag_22': 0.49820868652130584, 'lag_23': 0.18031574093129746, 'lag_24': 0.8709165212470257, 'lag_25': 0.8934207882643294, 'lag_26': 0.3493573755995442, 'lag_27': 0.45493115721022576, 'lag_28': 0.1627284109900663}. Best is trial 12 with value: 0.007112476563566757.
[I 2025-09-29 13:25:13,332] Trial 63 finished with value: 0.007755193406010903 and parameters: {'lag_0': 0.4477283554533342, 'lag_1': 0.307180518132407, 'lag_2': 0.4897084844644965, 'lag_3': 0.7910676715333615, 'lag_4': 0.5997454539699973, 'lag_5': 0.821169341753401, 'lag_6': 0.03020692817299644, 'lag_7': 0.1462912065556977, 'lag_8': 0.27504337423631364, 'lag_9': 0.19769632396588843, 'lag_10': 0.48929731784041636, 'lag_11': 0.3510840538743062, 'lag_12': 0.7365174259153678, 'lag_13': 0.027036048078895855, 'lag_14': 0.37779207409724, 'lag_15': 0.40716416188371096, 'lag_16': 0.050397358898719644, 'lag_17': 0.2616244885456735, 'lag_18': 0.23643200184144744, 'lag_19': 0.9657279750398906, 'lag_20': 0.2513139249804485, 'lag_21': 0.12558186483853145, 'lag_22': 0.49119525980521445, 'lag_23': 0.2596170445809918, 'lag_24': 0.7729204294632139, 'lag_25': 0.7026335878582184, 'lag_26': 0.3243892946680432, 'lag_27': 0.37528103519864286, 'lag_28': 0.2879911671180895}. Best is trial 12 with value: 0.007112476563566757.
[I 2025-09-29 13:25:15,929] Trial 64 finished with value: 0.008019962660094207 and parameters: {'lag_0': 0.7076242535356839, 'lag_1': 0.3850665672866042, 'lag_2': 0.604172550027404, 'lag_3': 0.8975255572035904, 'lag_4': 0.8289692559951284, 'lag_5': 0.770840688543565, 'lag_6': 0.6928464299773531, 'lag_7': 0.09551709272150719, 'lag_8': 0.4192334798653382, 'lag_9': 0.09239768436080553, 'lag_10': 0.07451130999020472, 'lag_11': 0.5341428258531548, 'lag_12': 0.5960889717705775, 'lag_13': 0.07276692483686978, 'lag_14': 0.784621413132194, 'lag_15': 0.07590011202688086, 'lag_16': 0.03010451743081971, 'lag_17': 0.33141681070075296, 'lag_18': 0.23358563818844938, 'lag_19': 0.8726522380520451, 'lag_20': 0.32537652687145474, 'lag_21': 0.03479571176322709, 'lag_22': 0.4342708099891798, 'lag_23': 0.37669849174613507, 'lag_24': 0.9201168560772474, 'lag_25': 0.6090024120445612, 'lag_26': 0.4808310951376619, 'lag_27': 0.6122585353177984, 'lag_28': 0.2617547706680742}. Best is trial 12 with value: 0.007112476563566757.
[I 2025-09-29 13:25:18,517] Trial 65 finished with value: 0.008288936100078297 and parameters: {'lag_0': 0.9602893224408571, 'lag_1': 0.1994489330219025, 'lag_2': 0.663364847717425, 'lag_3': 0.6521368715154673, 'lag_4': 0.7694994002576518, 'lag_5': 0.734414081207432, 'lag_6': 0.577885321375345, 'lag_7': 0.7121178458409685, 'lag_8': 0.22164891669896575, 'lag_9': 0.1596690716805539, 'lag_10': 0.29484762821639465, 'lag_11': 0.48280559387385735, 'lag_12': 0.6492312112537475, 'lag_13': 0.1235901485179697, 'lag_14': 0.8786875129968077, 'lag_15': 0.49560638040916943, 'lag_16': 0.004241466203332045, 'lag_17': 0.4599046057248828, 'lag_18': 0.31268201359658526, 'lag_19': 0.8343344495030323, 'lag_20': 0.4030967413108777, 'lag_21': 0.2887871405878407, 'lag_22': 0.555949417885563, 'lag_23': 0.32727750502339525, 'lag_24': 0.9926539333659123, 'lag_25': 0.4933779225971042, 'lag_26': 0.3784977691523481, 'lag_27': 0.7314154666083383, 'lag_28': 0.8116572060052993}. Best is trial 12 with value: 0.007112476563566757.
