[I 2025-09-29 13:07:21,695] Trial 20 finished with value: 0.006564725960730969 and parameters: {'lag_0': 0.8695460378388956, 'lag_1': 0.8408512684564597, 'lag_2': 0.3463650457272455, 'lag_3': 0.5901307608509496, 'lag_4': 0.0056482599216407525, 'lag_5': 0.5825430627090349, 'lag_6': 0.600534245206968, 'lag_7': 0.23139152258855789, 'lag_8': 0.4691497376251991, 'lag_9': 0.5866644216032058, 'lag_10': 0.1800227063558153, 'lag_11': 0.5586622245113063, 'lag_12': 0.38432967478008695, 'lag_13': 0.7042966627789888, 'lag_14': 0.670537431389466, 'lag_15': 0.3997092693214944, 'lag_16': 0.0022394450678679123, 'lag_17': 0.30894840946315877, 'lag_18': 0.21932229091904926, 'lag_19': 0.012289329243551084, 'lag_20': 0.5145117564336096, 'lag_21': 0.4229285690280385, 'lag_22': 0.6796555776739165, 'lag_23': 0.6913584542935874, 'lag_24': 0.11511761996150141, 'lag_25': 0.5812125108959976, 'lag_26': 0.5455003168418039, 'lag_27': 0.8236665077405443, 'lag_28': 0.548964456921692}. Best is trial 14 with value: 0.005689529826481654.
[I 2025-09-29 13:07:24,154] Trial 21 finished with value: 0.0067121067165140675 and parameters: {'lag_0': 0.8918067616439862, 'lag_1': 0.9075856669138683, 'lag_2': 0.32770059636858334, 'lag_3': 0.12107392651071858, 'lag_4': 0.5234208539923851, 'lag_5': 0.16710166429075618, 'lag_6': 0.09484757812551076, 'lag_7': 0.47811882093674984, 'lag_8': 0.9595173607971232, 'lag_9': 0.16223582688286198, 'lag_10': 0.3744752779825471, 'lag_11': 0.004457785188478447, 'lag_12': 0.13745355673523676, 'lag_13': 0.6126687208976147, 'lag_14': 0.12178388419212612, 'lag_15': 0.11306465533980586, 'lag_16': 0.6004634514440141, 'lag_17': 0.10512012868777416, 'lag_18': 0.4239455739848696, 'lag_19': 0.9152013798900305, 'lag_20': 0.33977498817134966, 'lag_21': 0.8254284858057275, 'lag_22': 0.3829637345559465, 'lag_23': 0.5741461732936819, 'lag_24': 0.37235714380252677, 'lag_25': 3.6284148038877306e-05, 'lag_26': 0.41619648313619767, 'lag_27': 0.15313748847756503, 'lag_28': 0.22459137691756714}. Best is trial 14 with value: 0.005689529826481654.
[I 2025-09-29 13:07:26,616] Trial 22 finished with value: 0.006157881271798785 and parameters: {'lag_0': 0.6799437543091195, 'lag_1': 0.4122793753963299, 'lag_2': 0.4806717753530805, 'lag_3': 0.06481397500301633, 'lag_4': 0.4211867037772028, 'lag_5': 0.23052814924049136, 'lag_6': 0.3247220778060606, 'lag_7': 0.9976249942578695, 'lag_8': 0.8675757014208183, 'lag_9': 0.1564142146953749, 'lag_10': 0.4516050986805683, 'lag_11': 0.47221551214653945, 'lag_12': 0.5812723127321098, 'lag_13': 0.4909617418926521, 'lag_14': 0.5281157546436903, 'lag_15': 0.14350772095614883, 'lag_16': 0.4370839169868389, 'lag_17': 0.09654300829199336, 'lag_18': 0.3502290314053139, 'lag_19': 0.9461843271067276, 'lag_20': 0.30809614724051165, 'lag_21': 0.8875224959412266, 'lag_22': 0.8470745226309433, 'lag_23': 0.5388601155038999, 'lag_24': 0.1207365799901399, 'lag_25': 0.10455625225324192, 'lag_26': 0.2907893293174094, 'lag_27': 0.3814233489724529, 'lag_28': 0.1265904952291655}. Best is trial 14 with value: 0.005689529826481654.
[I 2025-09-29 13:07:29,078] Trial 23 finished with value: 0.006034201893551113 and parameters: {'lag_0': 0.5633550480103982, 'lag_1': 0.7027278942481897, 'lag_2': 0.18406647134711432, 'lag_3': 0.2202271104515489, 'lag_4': 0.5851303382506248, 'lag_5': 0.309573307286254, 'lag_6': 0.20795971825195683, 'lag_7': 0.6462015545661365, 'lag_8': 0.8247861186533052, 'lag_9': 0.11462019245375742, 'lag_10': 0.4913538074574333, 'lag_11': 0.3051364181959073, 'lag_12': 0.2964082437470168, 'lag_13': 0.4058736936070936, 'lag_14': 0.8856208037571149, 'lag_15': 0.0019364493271983724, 'lag_16': 0.5196742734935799, 'lag_17': 0.26449244127767474, 'lag_18': 0.45028278407490574, 'lag_19': 0.865151658520717, 'lag_20': 0.11070226947262353, 'lag_21': 0.6028073256455229, 'lag_22': 0.22340977486476768, 'lag_23': 0.3726587045694174, 'lag_24': 0.4529116440581895, 'lag_25': 0.07727403177727601, 'lag_26': 0.660384509939161, 'lag_27': 0.13683945953911902, 'lag_28': 0.26923214529071005}. Best is trial 14 with value: 0.005689529826481654.
[I 2025-09-29 13:07:31,540] Trial 24 finished with value: 0.0059721277849169915 and parameters: {'lag_0': 0.7924828916428723, 'lag_1': 0.13185665005427466, 'lag_2': 0.30688444450595687, 'lag_3': 0.0018636520331915263, 'lag_4': 0.7045197882423977, 'lag_5': 0.10117986950566782, 'lag_6': 0.0849950797747154, 'lag_7': 0.09155494710185152, 'lag_8': 0.6546929271481282, 'lag_9': 0.32339459452559205, 'lag_10': 0.37413797407668825, 'lag_11': 0.802666828779871, 'lag_12': 0.9808291709271724, 'lag_13': 0.650747599308764, 'lag_14': 0.2598470048463336, 'lag_15': 0.18204445092479432, 'lag_16': 0.28439737017545386, 'lag_17': 0.4386579603447969, 'lag_18': 0.15396764929971332, 'lag_19': 0.6959079049491612, 'lag_20': 0.25854132426128884, 'lag_21': 0.8603809037224066, 'lag_22': 0.6511484941997218, 'lag_23': 0.5025636358994423, 'lag_24': 0.7748374719170097, 'lag_25': 0.195417714018651, 'lag_26': 0.9597271088966814, 'lag_27': 0.24155672884355583, 'lag_28': 0.4053253316306757}. Best is trial 14 with value: 0.005689529826481654.
[I 2025-09-29 13:07:33,990] Trial 25 finished with value: 0.006677339452878681 and parameters: {'lag_0': 0.4363237366494374, 'lag_1': 0.879842596026686, 'lag_2': 0.4876639351242178, 'lag_3': 0.3318895015710617, 'lag_4': 0.3181386849854011, 'lag_5': 0.4209685983856595, 'lag_6': 0.748998867897155, 'lag_7': 0.41023543652348865, 'lag_8': 0.9933770259787449, 'lag_9': 0.4653184811850419, 'lag_10': 0.6172538973747073, 'lag_11': 0.9454351974352535, 'lag_12': 0.49129086833856056, 'lag_13': 0.5604057551108639, 'lag_14': 0.723224406259797, 'lag_15': 0.3137616072564785, 'lag_16': 0.8014772288680276, 'lag_17': 0.15824628256204262, 'lag_18': 0.3624351075841707, 'lag_19': 0.7584548121476382, 'lag_20': 0.4119423466058081, 'lag_21': 0.7480386673060995, 'lag_22': 0.45016559236283993, 'lag_23': 0.6748586511256573, 'lag_24': 0.14709462626648864, 'lag_25': 0.0006493570743115566, 'lag_26': 0.20422332908195437, 'lag_27': 0.44359243466018006, 'lag_28': 0.023916118911242512}. Best is trial 14 with value: 0.005689529826481654.
[I 2025-09-29 13:07:36,455] Trial 26 finished with value: 0.005857377700849317 and parameters: {'lag_0': 0.9166414902797825, 'lag_1': 0.333948804354737, 'lag_2': 0.669341662239533, 'lag_3': 0.16832526624925076, 'lag_4': 0.8199365696546228, 'lag_5': 0.2678159626824336, 'lag_6': 0.4865886575464784, 'lag_7': 0.258498106330445, 'lag_8': 0.7535636641412559, 'lag_9': 0.854394265786204, 'lag_10': 0.3195723347914892, 'lag_11': 0.25707181448914806, 'lag_12': 0.0826082688513346, 'lag_13': 0.8398800982971036, 'lag_14': 0.43943046553381715, 'lag_15': 0.06707649775470746, 'lag_16': 0.5631025365333078, 'lag_17': 0.06832686983460379, 'lag_18': 0.2701492169049228, 'lag_19': 0.5852694155067735, 'lag_20': 0.5183835658126976, 'lag_21': 0.6203561518007232, 'lag_22': 0.9158752176391055, 'lag_23': 0.31572399388789446, 'lag_24': 0.5481537347804323, 'lag_25': 0.32248471409143953, 'lag_26': 0.4033578150880571, 'lag_27': 0.3328032051648627, 'lag_28': 0.1495674422804762}. Best is trial 14 with value: 0.005689529826481654.
[I 2025-09-29 13:07:38,916] Trial 27 finished with value: 0.005788343934942338 and parameters: {'lag_0': 0.8838403627687785, 'lag_1': 0.3572960716722578, 'lag_2': 0.7369041155788234, 'lag_3': 0.19178452187804484, 'lag_4': 0.8060032081426103, 'lag_5': 0.270390187215883, 'lag_6': 0.49054697142220427, 'lag_7': 0.2546261038771448, 'lag_8': 0.579080695600657, 'lag_9': 0.8932080590558933, 'lag_10': 0.1738571456028771, 'lag_11': 0.28760899784161115, 'lag_12': 0.1637653471436772, 'lag_13': 0.8693134795765706, 'lag_14': 0.43411412279568007, 'lag_15': 0.6548710819483001, 'lag_16': 0.40052944905101945, 'lag_17': 0.2998855732399429, 'lag_18': 0.23482703097115404, 'lag_19': 0.1547348922866323, 'lag_20': 0.9688646117450643, 'lag_21': 0.6316519281154658, 'lag_22': 0.9103052302372928, 'lag_23': 0.1650293733427295, 'lag_24': 0.5485157823362026, 'lag_25': 0.35691574932514225, 'lag_26': 0.391563963519979, 'lag_27': 0.31801802642678223, 'lag_28': 0.1372276612565161}. Best is trial 14 with value: 0.005689529826481654.
[I 2025-09-29 13:07:41,374] Trial 28 finished with value: 0.0067174793744795725 and parameters: {'lag_0': 0.9379678553348453, 'lag_1': 0.31601105531904167, 'lag_2': 0.7325469969857391, 'lag_3': 0.2734303072293976, 'lag_4': 0.8715551586064968, 'lag_5': 0.2693338406283543, 'lag_6': 0.47607694936819744, 'lag_7': 0.2638452837206358, 'lag_8': 0.5637023381697531, 'lag_9': 0.8892095610630968, 'lag_10': 0.1455455396794967, 'lag_11': 0.26462152818853435, 'lag_12': 0.15608601009681622, 'lag_13': 0.8457437390167676, 'lag_14': 0.4242493353352532, 'lag_15': 0.6019679433939348, 'lag_16': 0.4274664096703016, 'lag_17': 0.3860969260187239, 'lag_18': 0.25273214280720424, 'lag_19': 0.16836059682539112, 'lag_20': 0.9769923464010442, 'lag_21': 0.593174244765247, 'lag_22': 0.9330592441633851, 'lag_23': 0.11593938777725514, 'lag_24': 0.5555577682986171, 'lag_25': 0.40087313159384563, 'lag_26': 0.49904627527447026, 'lag_27': 0.33648044472331934, 'lag_28': 0.1367419045618676}. Best is trial 14 with value: 0.005689529826481654.
[I 2025-09-29 13:07:43,832] Trial 29 finished with value: 0.005994845988086689 and parameters: {'lag_0': 0.31775681953493773, 'lag_1': 0.5287091938039379, 'lag_2': 0.8548868064536376, 'lag_3': 0.732355700766111, 'lag_4': 0.6838779806729426, 'lag_5': 0.34705632984366397, 'lag_6': 0.3892037126562464, 'lag_7': 0.16022584408347418, 'lag_8': 0.3228235581828563, 'lag_9': 0.867528799064111, 'lag_10': 0.24051797360847277, 'lag_11': 0.41136634738232825, 'lag_12': 0.20024881464760652, 'lag_13': 0.7273531193327453, 'lag_14': 0.34326285965385916, 'lag_15': 0.19323939483977087, 'lag_16': 0.6509833646878869, 'lag_17': 0.48232478708468457, 'lag_18': 0.021610632503916205, 'lag_19': 0.5751974794640717, 'lag_20': 0.9931825635301256, 'lag_21': 0.4156554253700911, 'lag_22': 0.9284710756849962, 'lag_23': 0.26070356620043666, 'lag_24': 0.6718216949125418, 'lag_25': 0.30928147937558326, 'lag_26': 0.1091349828009846, 'lag_27': 0.4708873020728066, 'lag_28': 0.15240104778115765}. Best is trial 14 with value: 0.005689529826481654.
[I 2025-09-29 13:07:46,293] Trial 30 finished with value: 0.006696506084518279 and parameters: {'lag_0': 0.20665741916614716, 'lag_1': 0.45051751457392963, 'lag_2': 0.638013932550486, 'lag_3': 0.39610895343858754, 'lag_4': 0.9187560478360401, 'lag_5': 0.09132711966136206, 'lag_6': 0.5316554825960592, 'lag_7': 0.010813585036103232, 'lag_8': 0.7955383979398256, 'lag_9': 0.7753679332255985, 'lag_10': 0.3190561515272108, 'lag_11': 0.32245492884978316, 'lag_12': 0.06418987377715796, 'lag_13': 0.9135417281868918, 'lag_14': 0.24215619252124654, 'lag_15': 0.743482541658284, 'lag_16': 0.5415560562212365, 'lag_17': 0.18884643256070066, 'lag_18': 0.1083742526882944, 'lag_19': 0.3910514846187307, 'lag_20': 0.7009206849504783, 'lag_21': 0.9773560786713393, 'lag_22': 0.779430159448021, 'lag_23': 0.14649757179434986, 'lag_24': 0.8704746881555757, 'lag_25': 0.5536739226073691, 'lag_26': 0.4541462873377951, 'lag_27': 0.27671979727641355, 'lag_28': 0.04133397324583066}. Best is trial 14 with value: 0.005689529826481654.
[I 2025-09-29 13:07:48,761] Trial 31 finished with value: 0.006055689139814718 and parameters: {'lag_0': 0.8229511717384573, 'lag_1': 0.34532452913778505, 'lag_2': 0.6749833399285038, 'lag_3': 0.1807573043079803, 'lag_4': 0.8161404532735212, 'lag_5': 0.4948277579762416, 'lag_6': 0.6144068949142191, 'lag_7': 0.3223300723040511, 'lag_8': 0.6908138410579653, 'lag_9': 0.9221434761144424, 'lag_10': 0.04605945834677161, 'lag_11': 0.6015193130679565, 'lag_12': 0.10185990089572672, 'lag_13': 0.9531352924850619, 'lag_14': 0.48880775214324673, 'lag_15': 0.8520617271251932, 'lag_16': 0.32125247289390546, 'lag_17': 0.31783895810774293, 'lag_18': 0.2772595065036413, 'lag_19': 0.1324633303038386, 'lag_20': 0.5016241708375041, 'lag_21': 0.6443724672672252, 'lag_22': 0.8600431257360709, 'lag_23': 0.3363051529075943, 'lag_24': 0.7058263469696534, 'lag_25': 0.3341803507163656, 'lag_26': 0.3599814505577945, 'lag_27': 0.08594211781092287, 'lag_28': 0.07642963655626872}. Best is trial 14 with value: 0.005689529826481654.
[I 2025-09-29 13:07:51,228] Trial 32 finished with value: 0.006303616898045934 and parameters: {'lag_0': 0.9203841611594041, 'lag_1': 0.5893660376128442, 'lag_2': 0.8040992556078523, 'lag_3': 0.19067847366621352, 'lag_4': 0.7449341541918922, 'lag_5': 0.4292019745503457, 'lag_6': 0.4033001798212349, 'lag_7': 0.21277362262009525, 'lag_8': 0.5954128514178001, 'lag_9': 0.8035215017460677, 'lag_10': 0.11750304896219183, 'lag_11': 0.2359037461201823, 'lag_12': 0.32159138191910536, 'lag_13': 0.8319313297066637, 'lag_14': 0.6097568995952873, 'lag_15': 0.4580990485589874, 'lag_16': 0.23088781803640324, 'lag_17': 0.28246874257142573, 'lag_18': 0.17354088286996333, 'lag_19': 0.5506431122063222, 'lag_20': 0.7854901561247408, 'lag_21': 0.7232646839195206, 'lag_22': 0.8064778010568894, 'lag_23': 0.12786288364267684, 'lag_24': 0.594895090467135, 'lag_25': 0.22983695565121887, 'lag_26': 0.36566067855579787, 'lag_27': 0.35933173844655303, 'lag_28': 0.27560306307283744}. Best is trial 14 with value: 0.005689529826481654.
[I 2025-09-29 13:07:53,697] Trial 33 finished with value: 0.006495295513754859 and parameters: {'lag_0': 0.8317993358609161, 'lag_1': 0.2669431354376046, 'lag_2': 0.8281958791006403, 'lag_3': 0.08264772752629758, 'lag_4': 0.8052793232557209, 'lag_5': 0.26298481456900613, 'lag_6': 0.5809677152590422, 'lag_7': 0.4147197914601898, 'lag_8': 0.5190372401451134, 'lag_9': 0.6856000513153888, 'lag_10': 0.2235542742422637, 'lag_11': 0.4413746196227656, 'lag_12': 0.20002087804220292, 'lag_13': 0.9923404175220082, 'lag_14': 0.5369043022560974, 'lag_15': 0.7423148941441716, 'lag_16': 0.4812263663111518, 'lag_17': 0.2415197905015301, 'lag_18': 0.37932764377492173, 'lag_19': 0.665107961690304, 'lag_20': 0.5282629568748664, 'lag_21': 0.5471331485921778, 'lag_22': 0.9243924470828171, 'lag_23': 0.24155365594234146, 'lag_24': 0.3896009833505039, 'lag_25': 0.4362794992697111, 'lag_26': 0.25164460765015134, 'lag_27': 0.5898885853626747, 'lag_28': 0.16465737602671457}. Best is trial 14 with value: 0.005689529826481654.
[I 2025-09-29 13:07:56,171] Trial 34 finished with value: 0.005958011806264769 and parameters: {'lag_0': 0.11712012672227573, 'lag_1': 0.22961643550671662, 'lag_2': 0.6390018004051736, 'lag_3': 0.25476824012173066, 'lag_4': 0.717352589638231, 'lag_5': 0.3999982325305651, 'lag_6': 0.3320728837864033, 'lag_7': 0.1038467681732686, 'lag_8': 0.4591750074741039, 'lag_9': 0.9801269029474876, 'lag_10': 0.3126107918132393, 'lag_11': 0.07432638785762655, 'lag_12': 0.4568191522279288, 'lag_13': 0.9008121285221204, 'lag_14': 0.39595402995397444, 'lag_15': 0.06574290543744278, 'lag_16': 0.37535588676605003, 'lag_17': 0.3628852179276496, 'lag_18': 0.4932619597773631, 'lag_19': 0.4376438824497208, 'lag_20': 0.6505848301731281, 'lag_21': 0.6624475286823874, 'lag_22': 0.7317965920464062, 'lag_23': 0.4553345168884729, 'lag_24': 0.49861996281075455, 'lag_25': 0.20155822533903267, 'lag_26': 0.5355976424737005, 'lag_27': 0.23595949636026461, 'lag_28': 0.002061004063846128}. Best is trial 14 with value: 0.005689529826481654.
[I 2025-09-29 13:07:58,746] Trial 35 finished with value: 0.006398142058920517 and parameters: {'lag_0': 0.7354178962098469, 'lag_1': 0.4765225322417837, 'lag_2': 0.54128550060577, 'lag_3': 0.1403780766828417, 'lag_4': 0.9345019267053408, 'lag_5': 0.6435975612409794, 'lag_6': 0.6954549022780299, 'lag_7': 0.2597005820838713, 'lag_8': 0.7163023122742013, 'lag_9': 0.8244656611459318, 'lag_10': 0.7377249703541057, 'lag_11': 0.6949382992966866, 'lag_12': 0.5787972292247057, 'lag_13': 0.7952201294874165, 'lag_14': 0.6067182227684281, 'lag_15': 0.9224998377541923, 'lag_16': 0.5772913080129916, 'lag_17': 0.05969631477633086, 'lag_18': 0.34290152186960166, 'lag_19': 0.21640414903544036, 'lag_20': 0.5625935089847656, 'lag_21': 0.8071291202334128, 'lag_22': 0.817324991151247, 'lag_23': 0.062240201353070346, 'lag_24': 0.6138297374997093, 'lag_25': 0.5082968116383298, 'lag_26': 0.40276390508251114, 'lag_27': 0.4174540687402233, 'lag_28': 0.5629160944891671}. Best is trial 14 with value: 0.005689529826481654.
[I 2025-09-29 13:08:01,219] Trial 36 finished with value: 0.005868670104575879 and parameters: {'lag_0': 0.9950247641797736, 'lag_1': 0.37236276249946654, 'lag_2': 0.39786247567012994, 'lag_3': 0.3700311671010458, 'lag_4': 0.6217699565009146, 'lag_5': 0.21412558385590005, 'lag_6': 0.8968409470347937, 'lag_7': 0.18552576427264442, 'lag_8': 0.6279162610263915, 'lag_9': 0.6967049944403838, 'lag_10': 0.47168395071990954, 'lag_11': 0.5651634406468142, 'lag_12': 0.34821694650360324, 'lag_13': 0.85313242514031, 'lag_14': 0.3769033323791001, 'lag_15': 0.6523563912101816, 'lag_16': 0.1316279120693461, 'lag_17': 0.5809199102354368, 'lag_18': 0.24707004374502134, 'lag_19': 0.2983809257929647, 'lag_20': 0.7853410657457263, 'lag_21': 0.6331170455594995, 'lag_22': 0.9155011079656966, 'lag_23': 0.32219874535928245, 'lag_24': 0.5317997252099708, 'lag_25': 0.11195534960002684, 'lag_26': 0.6129052554105043, 'lag_27': 0.6543931219768371, 'lag_28': 0.7235584201218475}. Best is trial 14 with value: 0.005689529826481654.
[I 2025-09-29 13:08:03,692] Trial 37 finished with value: 0.005982086421466326 and parameters: {'lag_0': 0.936640669930104, 'lag_1': 0.3620596038651167, 'lag_2': 0.9023156841529433, 'lag_3': 0.48342834411318647, 'lag_4': 0.6337754149507558, 'lag_5': 0.21134950282685291, 'lag_6': 0.9769094757182601, 'lag_7': 0.19470044732058445, 'lag_8': 0.6110138852633689, 'lag_9': 0.6577009813662282, 'lag_10': 0.47025437858209185, 'lag_11': 0.12861210334097528, 'lag_12': 0.2310460078108083, 'lag_13': 0.6496472664234069, 'lag_14': 0.2761262167829782, 'lag_15': 0.6433829039296998, 'lag_16': 0.11006698040816953, 'lag_17': 0.7160671700635703, 'lag_18': 0.1406009580969354, 'lag_19': 0.3007986572442251, 'lag_20': 0.9180595159976546, 'lag_21': 0.43619205596697075, 'lag_22': 0.9332881833162908, 'lag_23': 0.31186260372476576, 'lag_24': 0.7590420380571209, 'lag_25': 0.696391457772428, 'lag_26': 0.6284430057670045, 'lag_27': 0.6924355123114696, 'lag_28': 0.7725313430646837}. Best is trial 14 with value: 0.005689529826481654.
[I 2025-09-29 13:08:06,165] Trial 38 finished with value: 0.006243382290420698 and parameters: {'lag_0': 0.9781642419742188, 'lag_1': 0.3963780293856615, 'lag_2': 0.5281397282078346, 'lag_3': 0.5354912433135031, 'lag_4': 0.6022224303075889, 'lag_5': 0.31322844860081767, 'lag_6': 0.8911566408977976, 'lag_7': 0.10047498827755284, 'lag_8': 0.27116524104103645, 'lag_9': 0.7268259856667565, 'lag_10': 0.3887245720638928, 'lag_11': 0.3356349763365301, 'lag_12': 0.08340125236665656, 'lag_13': 0.851193868936226, 'lag_14': 0.3418812945630037, 'lag_15': 0.6849398373177726, 'lag_16': 0.1560807620003715, 'lag_17': 0.5796533006199596, 'lag_18': 0.062359163716522115, 'lag_19': 0.1713175964039575, 'lag_20': 0.7804895957148508, 'lag_21': 0.6019563377521814, 'lag_22': 0.9782292147439307, 'lag_23': 0.38936499988571893, 'lag_24': 0.5539546005182325, 'lag_25': 0.06975162746532775, 'lag_26': 0.7710613692903366, 'lag_27': 0.49097714948652765, 'lag_28': 0.894243507948038}. Best is trial 14 with value: 0.005689529826481654.
[I 2025-09-29 13:08:08,636] Trial 39 finished with value: 0.006222182045053044 and parameters: {'lag_0': 0.3736654937217712, 'lag_1': 0.12274194245063924, 'lag_2': 0.7807090851112843, 'lag_3': 0.3462454391525212, 'lag_4': 0.672171750752977, 'lag_5': 0.15280176091479586, 'lag_6': 0.8266910009038921, 'lag_7': 0.16733571688547788, 'lag_8': 0.5145572943415521, 'lag_9': 0.9044324266870805, 'lag_10': 0.07978781946138747, 'lag_11': 0.5365600083194061, 'lag_12': 0.14384421551739773, 'lag_13': 0.5437398831186904, 'lag_14': 0.4824154119122003, 'lag_15': 0.5591983133507176, 'lag_16': 0.41606798132985406, 'lag_17': 0.7314874318253621, 'lag_18': 0.966673367213357, 'lag_19': 0.3011473556405511, 'lag_20': 0.9338657348649702, 'lag_21': 0.5557071243039031, 'lag_22': 0.7744511075067989, 'lag_23': 0.20993866641447062, 'lag_24': 0.651640553040736, 'lag_25': 0.18463016988050981, 'lag_26': 0.6251099969349784, 'lag_27': 0.5430333774348051, 'lag_28': 0.7017236445936316}. Best is trial 14 with value: 0.005689529826481654.
[I 2025-09-29 13:08:11,105] Trial 40 finished with value: 0.0063184853784605255 and parameters: {'lag_0': 0.6914533891648986, 'lag_1': 0.2749185583017983, 'lag_2': 0.448248476419899, 'lag_3': 0.288821542611293, 'lag_4': 0.8507078290913787, 'lag_5': 0.11020611537883712, 'lag_6': 0.2635022302436508, 'lag_7': 0.07906094490232356, 'lag_8': 0.39467763407372153, 'lag_9': 0.7453446984016183, 'lag_10': 0.41521901982806175, 'lag_11': 0.2797267571165334, 'lag_12': 0.005594443961817172, 'lag_13': 0.7246359083250732, 'lag_14': 0.19604969998447114, 'lag_15': 0.4663127518154761, 'lag_16': 0.31508582140443575, 'lag_17': 0.6349140966915376, 'lag_18': 0.19624918565591792, 'lag_19': 0.24933389768218472, 'lag_20': 0.8329863100060121, 'lag_21': 0.930068531229266, 'lag_22': 0.7077613712848053, 'lag_23': 0.3096007694931733, 'lag_24': 0.89520437049152, 'lag_25': 0.2512296493770066, 'lag_26': 0.7241439789821245, 'lag_27': 0.31487768456563325, 'lag_28': 0.09315568813887912}. Best is trial 14 with value: 0.005689529826481654.
