[I 2025-09-29 13:25:30,384] Trial 87 finished with value: 0.003167708949869657 and parameters: {'lag_0': 0.28020779199880236, 'lag_1': 0.08009598657179699, 'lag_2': 0.7632773697152527, 'lag_3': 0.196362920065631, 'lag_4': 0.05740159819806048, 'lag_5': 0.18527232717561215, 'lag_6': 0.4231764338887375, 'lag_7': 0.9598036213558653, 'lag_8': 0.3775669716342228, 'lag_9': 0.35599088227956066, 'lag_10': 0.8225549031396494, 'lag_11': 0.7483766752311477, 'lag_12': 0.8885659720574726, 'lag_13': 0.7082117951490887, 'lag_14': 0.05647178903698528, 'lag_15': 0.5037713513430793, 'lag_16': 0.8679817744455363, 'lag_17': 0.9302228974420146, 'lag_18': 0.3222775755994952, 'lag_19': 0.3928522617210912, 'lag_20': 0.970123115960645, 'lag_21': 0.7145599315801734, 'lag_22': 0.9515504141651518, 'lag_23': 0.3993285538094026, 'lag_24': 0.9033034943253625, 'lag_25': 0.3046387078492846, 'lag_26': 0.880023386050104, 'lag_27': 0.3468060194600627, 'lag_28': 0.21033460487057792}. Best is trial 41 with value: 0.002447916567557647.
[I 2025-09-29 13:25:32,780] Trial 88 finished with value: 0.0028868781370950183 and parameters: {'lag_0': 0.3465432777463162, 'lag_1': 0.1419004756301374, 'lag_2': 0.8044996335769191, 'lag_3': 0.16460519455426964, 'lag_4': 0.0002557303383495732, 'lag_5': 0.5898897763260639, 'lag_6': 0.5914096692152788, 'lag_7': 0.7490110925148659, 'lag_8': 0.770611702453131, 'lag_9': 0.2669806296437067, 'lag_10': 0.20454226624518682, 'lag_11': 0.8434826029555115, 'lag_12': 0.07594914668780528, 'lag_13': 0.595006852465741, 'lag_14': 0.0023948890577956405, 'lag_15': 0.28358014385223274, 'lag_16': 0.4839541272001932, 'lag_17': 0.045060672894843286, 'lag_18': 0.8321720079274907, 'lag_19': 0.4514825936321332, 'lag_20': 0.6068040776359964, 'lag_21': 0.8873163631481564, 'lag_22': 0.0016121856398419454, 'lag_23': 0.4577425703256037, 'lag_24': 0.9998286711141112, 'lag_25': 0.5287686125376458, 'lag_26': 0.48595045250811963, 'lag_27': 0.08861817596288718, 'lag_28': 0.3027834671445717}. Best is trial 41 with value: 0.002447916567557647.
[I 2025-09-29 13:25:35,190] Trial 89 finished with value: 0.003047908836998263 and parameters: {'lag_0': 0.9210939108348175, 'lag_1': 0.02363461586343664, 'lag_2': 0.5298758242969097, 'lag_3': 0.044281027172499696, 'lag_4': 0.3063345930459236, 'lag_5': 0.21481712952397797, 'lag_6': 0.24330140118124582, 'lag_7': 0.393995246218934, 'lag_8': 0.821848289967875, 'lag_9': 0.39939001391433315, 'lag_10': 0.5552363729365843, 'lag_11': 0.891426539667059, 'lag_12': 0.20914098627646455, 'lag_13': 0.9352912448798798, 'lag_14': 0.19495833793270056, 'lag_15': 0.5752266297386511, 'lag_16': 0.7169263343108404, 'lag_17': 0.07517864760912776, 'lag_18': 0.39706944222560175, 'lag_19': 0.8386501274626572, 'lag_20': 0.9408203508639688, 'lag_21': 0.27987956438145767, 'lag_22': 0.6359833269483199, 'lag_23': 0.6328912894816948, 'lag_24': 0.6564378886233573, 'lag_25': 0.5745022812077032, 'lag_26': 0.7084774403250017, 'lag_27': 0.4226335908020202, 'lag_28': 0.341547877400333}. Best is trial 41 with value: 0.002447916567557647.
[I 2025-09-29 13:25:37,593] Trial 90 finished with value: 0.0028511932919233016 and parameters: {'lag_0': 0.7764759536540384, 'lag_1': 0.3981891734829347, 'lag_2': 0.45256180911591837, 'lag_3': 0.0955207958781272, 'lag_4': 0.177389818595971, 'lag_5': 0.39553373239056194, 'lag_6': 0.5336812329044656, 'lag_7': 0.12990325427362517, 'lag_8': 0.3001482021291178, 'lag_9': 0.3073924181154929, 'lag_10': 0.911324123891766, 'lag_11': 0.8245243989082357, 'lag_12': 0.24352045559618724, 'lag_13': 0.6335805582662637, 'lag_14': 0.1441002688034998, 'lag_15': 0.6853439217280675, 'lag_16': 0.285826217754013, 'lag_17': 0.38226670522300243, 'lag_18': 0.07163579668901486, 'lag_19': 0.5590639469947158, 'lag_20': 0.7584964371617005, 'lag_21': 0.850894095541085, 'lag_22': 0.5412692363342827, 'lag_23': 0.3687115966696251, 'lag_24': 0.8181673097668237, 'lag_25': 0.6787950446176835, 'lag_26': 0.5514713252084962, 'lag_27': 0.4580444942902403, 'lag_28': 0.26847106378570196}. Best is trial 41 with value: 0.002447916567557647.
[I 2025-09-29 13:25:39,996] Trial 91 finished with value: 0.002955400407004003 and parameters: {'lag_0': 0.19258348908729697, 'lag_1': 0.06820774368206937, 'lag_2': 0.5782918879819992, 'lag_3': 0.43476064365639994, 'lag_4': 0.095091281841303, 'lag_5': 0.5060545668477895, 'lag_6': 0.8950772294518132, 'lag_7': 0.6089298214961354, 'lag_8': 0.45290279746248857, 'lag_9': 0.6252325311655944, 'lag_10': 0.27062187434720814, 'lag_11': 0.6793697572073067, 'lag_12': 0.10554722547402462, 'lag_13': 0.42194250019842616, 'lag_14': 0.08857624432559934, 'lag_15': 0.32787919353549705, 'lag_16': 0.6961308289483994, 'lag_17': 0.34074637635053007, 'lag_18': 0.04329338119800902, 'lag_19': 0.23611853181970724, 'lag_20': 0.06022781022540225, 'lag_21': 0.9653826752802386, 'lag_22': 0.7611080109970645, 'lag_23': 0.8721297707992519, 'lag_24': 0.693417696738475, 'lag_25': 0.8391304019906596, 'lag_26': 0.9494466118631809, 'lag_27': 0.5467611251987976, 'lag_28': 0.045126371963999164}. Best is trial 41 with value: 0.002447916567557647.
[I 2025-09-29 13:25:42,541] Trial 92 finished with value: 0.0029677288532419495 and parameters: {'lag_0': 0.38677560387418575, 'lag_1': 0.0297343740380683, 'lag_2': 0.587334980118211, 'lag_3': 0.02290513140359926, 'lag_4': 0.14861389740588235, 'lag_5': 0.3821587109234516, 'lag_6': 0.8152124636417201, 'lag_7': 0.5723111735956924, 'lag_8': 0.6516877438225457, 'lag_9': 0.5815490358617683, 'lag_10': 0.21985477025860733, 'lag_11': 0.6389022626773871, 'lag_12': 0.14600302357341843, 'lag_13': 0.675826257234835, 'lag_14': 0.3362172374132721, 'lag_15': 0.22792414226792676, 'lag_16': 0.756754029938332, 'lag_17': 0.2786350047747661, 'lag_18': 0.05662171827609564, 'lag_19': 0.26104761546888766, 'lag_20': 0.12348353459604319, 'lag_21': 0.9224321589448616, 'lag_22': 0.3236322584040989, 'lag_23': 0.8069941689794327, 'lag_24': 0.09452502425396361, 'lag_25': 0.7652494801259563, 'lag_26': 0.857563879121673, 'lag_27': 0.5131812977361827, 'lag_28': 0.835936318752742}. Best is trial 41 with value: 0.002447916567557647.
[I 2025-09-29 13:25:44,956] Trial 93 finished with value: 0.002741728102523583 and parameters: {'lag_0': 0.08576310769701367, 'lag_1': 0.9078094590622674, 'lag_2': 0.6280628480183799, 'lag_3': 0.07490196735926201, 'lag_4': 0.12846553346667622, 'lag_5': 0.544413869098783, 'lag_6': 0.5657698613166966, 'lag_7': 0.617435822750372, 'lag_8': 0.3492767623413558, 'lag_9': 0.6496002130864174, 'lag_10': 0.3116370405942783, 'lag_11': 0.727389306407026, 'lag_12': 0.019084946545593562, 'lag_13': 0.3660162474402051, 'lag_14': 0.2549505934277415, 'lag_15': 0.26560344803910363, 'lag_16': 0.9402349033709003, 'lag_17': 0.20279819742801522, 'lag_18': 0.11542901554790716, 'lag_19': 0.49489008231501497, 'lag_20': 0.6529376438489638, 'lag_21': 0.8152308106139747, 'lag_22': 0.4575202960702791, 'lag_23': 0.49935201662717554, 'lag_24': 0.002146977679701345, 'lag_25': 0.63058261460305, 'lag_26': 0.9165827480189254, 'lag_27': 0.553106227898258, 'lag_28': 0.41234100809088436}. Best is trial 41 with value: 0.002447916567557647.
[I 2025-09-29 13:25:47,374] Trial 94 finished with value: 0.0028826773074203255 and parameters: {'lag_0': 0.30308018578818097, 'lag_1': 0.002675728586191639, 'lag_2': 0.014814581336322151, 'lag_3': 0.30836578442536317, 'lag_4': 0.02798988662975162, 'lag_5': 0.14709275021889212, 'lag_6': 0.7367716569840411, 'lag_7': 0.4965783888807987, 'lag_8': 0.4930405556924137, 'lag_9': 0.7674373112860038, 'lag_10': 0.35604493983554597, 'lag_11': 0.6004308097241283, 'lag_12': 0.11966556534790254, 'lag_13': 0.21100948106267414, 'lag_14': 0.048814251369603656, 'lag_15': 0.6200910224600046, 'lag_16': 0.355712813396059, 'lag_17': 0.41963530321627013, 'lag_18': 0.0003684171361178837, 'lag_19': 0.1425113091678416, 'lag_20': 0.896253337445259, 'lag_21': 0.5757729576103965, 'lag_22': 0.5108195657158799, 'lag_23': 0.8351722243099137, 'lag_24': 0.606211562421414, 'lag_25': 0.9308184347410073, 'lag_26': 0.8841590809371508, 'lag_27': 0.622086787249786, 'lag_28': 0.31706430843132083}. Best is trial 41 with value: 0.002447916567557647.
[I 2025-09-29 13:25:49,783] Trial 95 finished with value: 0.0030023507338629617 and parameters: {'lag_0': 0.028001906152123612, 'lag_1': 0.09914712088144878, 'lag_2': 0.5600240838356826, 'lag_3': 0.5919058501014919, 'lag_4': 0.22021692368569218, 'lag_5': 0.42899110664059203, 'lag_6': 0.6567365216579043, 'lag_7': 0.533675336273342, 'lag_8': 0.4057421750397592, 'lag_9': 0.7121122684653655, 'lag_10': 0.2557353833087073, 'lag_11': 0.7064069757108623, 'lag_12': 0.15367811585386582, 'lag_13': 0.8348009159186904, 'lag_14': 0.3397879845442113, 'lag_15': 0.5503748387106345, 'lag_16': 0.43115104613415844, 'lag_17': 0.599745522582902, 'lag_18': 0.08632034975580072, 'lag_19': 0.9098517382653691, 'lag_20': 0.03372645551476322, 'lag_21': 0.9473305817737341, 'lag_22': 0.7123067860326843, 'lag_23': 0.7766635807388675, 'lag_24': 0.13903087838060169, 'lag_25': 0.7878964309574581, 'lag_26': 0.7784058547454743, 'lag_27': 0.6733265960362341, 'lag_28': 0.943342304782369}. Best is trial 41 with value: 0.002447916567557647.
[I 2025-09-29 13:25:52,202] Trial 96 finished with value: 0.002731615810568499 and parameters: {'lag_0': 0.49592163462344474, 'lag_1': 0.6562109897368427, 'lag_2': 0.5981721004586116, 'lag_3': 0.5522556395216524, 'lag_4': 0.9437160306258829, 'lag_5': 0.3053111188660643, 'lag_6': 0.9120858131251006, 'lag_7': 0.43082530290923593, 'lag_8': 0.5875095275968392, 'lag_9': 0.8603323237327469, 'lag_10': 0.9717961781961815, 'lag_11': 0.7511995375087398, 'lag_12': 0.05130999620186513, 'lag_13': 0.9677997603824735, 'lag_14': 0.22797086370107866, 'lag_15': 0.3614546280282477, 'lag_16': 0.775825036728224, 'lag_17': 0.009367087279210925, 'lag_18': 0.03537689648361038, 'lag_19': 0.22232694092045652, 'lag_20': 0.002957546233297942, 'lag_21': 0.9976994249397488, 'lag_22': 0.4136465028452553, 'lag_23': 0.41451778487127844, 'lag_24': 0.7346602541923499, 'lag_25': 0.4682127186821457, 'lag_26': 0.9769289754581558, 'lag_27': 0.6468487539037203, 'lag_28': 0.9777229078858922}. Best is trial 41 with value: 0.002447916567557647.
[I 2025-09-29 13:25:54,621] Trial 97 finished with value: 0.002770457024671201 and parameters: {'lag_0': 0.32650044953662843, 'lag_1': 0.04849514797042079, 'lag_2': 0.6491974178189802, 'lag_3': 0.113561802376304, 'lag_4': 0.06916363888570673, 'lag_5': 0.2585223162487015, 'lag_6': 0.9888264225888492, 'lag_7': 0.6709862849419143, 'lag_8': 0.43153397521359527, 'lag_9': 0.68404154994333, 'lag_10': 0.940355573312396, 'lag_11': 0.7976576670375075, 'lag_12': 0.539121060899675, 'lag_13': 0.49100657622435906, 'lag_14': 0.39934586788320786, 'lag_15': 0.5309684213339575, 'lag_16': 0.49933614053134906, 'lag_17': 0.4708745621238391, 'lag_18': 0.9750418630464495, 'lag_19': 0.3344018499644744, 'lag_20': 0.04280934082494401, 'lag_21': 0.7768895342978596, 'lag_22': 0.3872169631417046, 'lag_23': 0.07011996777652618, 'lag_24': 0.9312733028813754, 'lag_25': 0.26302290768749714, 'lag_26': 0.9359331191792696, 'lag_27': 0.8608472212353634, 'lag_28': 0.21438936679879844}. Best is trial 41 with value: 0.002447916567557647.
[I 2025-09-29 13:25:57,030] Trial 98 finished with value: 0.002665210080528625 and parameters: {'lag_0': 0.14348495157265528, 'lag_1': 0.20369058726979014, 'lag_2': 0.40308950634224483, 'lag_3': 0.05881219295585059, 'lag_4': 0.11629014649974068, 'lag_5': 0.4889258456184187, 'lag_6': 0.7597775014642035, 'lag_7': 0.5620939769899878, 'lag_8': 0.4664463817684771, 'lag_9': 0.740388526902614, 'lag_10': 0.15933952726110115, 'lag_11': 0.9323007935874258, 'lag_12': 0.3497791083690365, 'lag_13': 0.5666941414904757, 'lag_14': 0.29782918723105334, 'lag_15': 0.435218385943331, 'lag_16': 0.855149177284323, 'lag_17': 0.5339563821556063, 'lag_18': 0.4272329878323046, 'lag_19': 0.895302998475993, 'lag_20': 0.8377540653571973, 'lag_21': 0.67273379854557, 'lag_22': 0.6592843874624907, 'lag_23': 0.6952897220276728, 'lag_24': 0.7635322386537328, 'lag_25': 0.5063809289694474, 'lag_26': 0.6531646317112461, 'lag_27': 0.25780734438656133, 'lag_28': 0.3493678368088978}. Best is trial 41 with value: 0.002447916567557647.
[I 2025-09-29 13:25:59,441] Trial 99 finished with value: 0.0029888248274619377 and parameters: {'lag_0': 0.35776255819718816, 'lag_1': 0.01900802081555213, 'lag_2': 0.13279905464316244, 'lag_3': 0.5204057711015834, 'lag_4': 0.04289911037370405, 'lag_5': 0.34495446811298236, 'lag_6': 0.4870800849609077, 'lag_7': 0.6393990880972342, 'lag_8': 0.7110444913671475, 'lag_9': 0.9888320342837971, 'lag_10': 0.30342084449204293, 'lag_11': 0.9940509397249471, 'lag_12': 0.08318286153616418, 'lag_13': 0.9039636949325889, 'lag_14': 0.11184568272112758, 'lag_15': 0.40296232917111646, 'lag_16': 0.6645671190057646, 'lag_17': 0.571424215469005, 'lag_18': 0.2766459555354883, 'lag_19': 0.875372537224007, 'lag_20': 0.9294667618209217, 'lag_21': 0.49301969164624637, 'lag_22': 0.8962180549548188, 'lag_23': 0.9190861378282964, 'lag_24': 0.8861600874870748, 'lag_25': 0.4058173287612898, 'lag_26': 0.8942208324383746, 'lag_27': 0.5875489809327658, 'lag_28': 0.09270215880121183}. Best is trial 41 with value: 0.002447916567557647.
2025-09-29 13:26:01,777 - distributed.worker - INFO - Stopping worker at tcp://192.168.86.107:33242. Reason: scheduler-remove-worker
2025-09-29 13:26:01,781 - distributed.nanny - INFO - Closing Nanny gracefully at 'tcp://192.168.86.107:45184'. Reason: scheduler-remove-worker
2025-09-29 13:26:01,792 - distributed.nanny - INFO - Worker closed
2025-09-29 13:26:01,792 - distributed.core - INFO - Connection to tcp://192.168.86.101:42031 has been closed.
slurmstepd: error: *** JOB 3081220 ON node07 CANCELLED AT 2025-09-29T13:26:01 ***
