[I 2025-09-29 11:53:39,769] Trial 41 finished with value: 0.023379779553834006 and parameters: {'lag_0': 0.6097517983391066, 'lag_1': 0.6321139628337938, 'lag_2': 0.7706648012086705, 'lag_3': 0.4073819585243483, 'lag_4': 0.4019020466345158, 'lag_5': 0.991952594417785, 'lag_6': 0.7174886051636102, 'lag_7': 0.6613470381924481, 'lag_8': 0.34494880051156324, 'lag_9': 0.06769248881960381, 'lag_10': 0.15323604312254274, 'lag_11': 0.4909730585743403, 'lag_12': 0.3173471977634243, 'lag_13': 0.38358685293300254, 'lag_14': 0.6324243797042467, 'lag_15': 0.4961391413099111, 'lag_16': 0.3470456062839832, 'lag_17': 0.7795528339508837, 'lag_18': 0.0060650210474788024, 'lag_19': 0.7669641038839228, 'lag_20': 0.263158394441738, 'lag_21': 0.3835755386162543, 'lag_22': 0.926688065417533, 'lag_23': 0.4592988853118525, 'lag_24': 0.2964462120466855, 'lag_25': 0.5667743502173851, 'lag_26': 0.26969440466873856, 'lag_27': 0.9621191687895542, 'lag_28': 0.7209170593877847}. Best is trial 18 with value: 0.02288732968665783.
[I 2025-09-29 11:53:42,275] Trial 42 finished with value: 0.023480147105410635 and parameters: {'lag_0': 0.6831561212794877, 'lag_1': 0.5216684900879119, 'lag_2': 0.8500826989958398, 'lag_3': 0.3242791843090289, 'lag_4': 0.26271026900248595, 'lag_5': 0.8219267203095935, 'lag_6': 0.6685195007636993, 'lag_7': 0.6172674427701927, 'lag_8': 0.41125049312815987, 'lag_9': 0.03827868964056709, 'lag_10': 0.05266260749995501, 'lag_11': 0.38667158462114604, 'lag_12': 0.1497413325444773, 'lag_13': 0.4976947048036895, 'lag_14': 0.7824147661084773, 'lag_15': 0.5857928164897277, 'lag_16': 0.5267746560216977, 'lag_17': 0.9426517080927583, 'lag_18': 0.0813357513017714, 'lag_19': 0.8232845244280899, 'lag_20': 0.3157850698846818, 'lag_21': 0.4525626988830275, 'lag_22': 0.8104021380824502, 'lag_23': 0.8164991552352729, 'lag_24': 0.3837007809656005, 'lag_25': 0.6903080937757614, 'lag_26': 0.09398089922808534, 'lag_27': 0.9092801358745078, 'lag_28': 0.8276135961880132}. Best is trial 18 with value: 0.02288732968665783.
[I 2025-09-29 11:53:44,696] Trial 43 finished with value: 0.02301270897402274 and parameters: {'lag_0': 0.8862846087237661, 'lag_1': 0.4395189656068428, 'lag_2': 0.9364886292572387, 'lag_3': 0.5650713475276063, 'lag_4': 0.5000442189733929, 'lag_5': 0.08359729740265359, 'lag_6': 0.5281854291922283, 'lag_7': 0.517356998765513, 'lag_8': 0.1893261849660891, 'lag_9': 0.1078676921065673, 'lag_10': 0.12366247460509387, 'lag_11': 0.6424453013488112, 'lag_12': 0.07795066419068247, 'lag_13': 0.40695363181004385, 'lag_14': 0.7240461866929324, 'lag_15': 0.6488568104256258, 'lag_16': 0.43325299967841646, 'lag_17': 0.8247285650245416, 'lag_18': 0.0009408972991262372, 'lag_19': 0.5307897515067623, 'lag_20': 0.37890471665670983, 'lag_21': 0.22519542107410567, 'lag_22': 0.6528586955372973, 'lag_23': 0.32580841718548154, 'lag_24': 0.17596245003661098, 'lag_25': 0.5008097215659865, 'lag_26': 0.42649485228339423, 'lag_27': 0.8483548703414081, 'lag_28': 0.6545693836664819}. Best is trial 18 with value: 0.02288732968665783.
[I 2025-09-29 11:53:47,116] Trial 44 finished with value: 0.02335624586449004 and parameters: {'lag_0': 0.4612494333179602, 'lag_1': 0.6870286415542062, 'lag_2': 0.59098449644421, 'lag_3': 0.2476848448022082, 'lag_4': 0.3736908168314663, 'lag_5': 0.18796012333562387, 'lag_6': 0.8428698456587915, 'lag_7': 0.44970319284906335, 'lag_8': 0.3489054306707978, 'lag_9': 0.2620822737698064, 'lag_10': 0.18657241132307903, 'lag_11': 0.2720590316266509, 'lag_12': 0.22075761041158778, 'lag_13': 0.2679553981518956, 'lag_14': 0.6172767869540263, 'lag_15': 0.9827171608041425, 'lag_16': 0.07801621402074155, 'lag_17': 0.8728881583869936, 'lag_18': 0.1293706719356631, 'lag_19': 0.7001431684459343, 'lag_20': 0.29274608438915983, 'lag_21': 0.314123921022869, 'lag_22': 0.7180820882148806, 'lag_23': 0.18864072601207715, 'lag_24': 0.2694294371831877, 'lag_25': 0.6181056911716163, 'lag_26': 0.3756606456528048, 'lag_27': 0.9726883717633681, 'lag_28': 0.7528916171078642}. Best is trial 18 with value: 0.02288732968665783.
[I 2025-09-29 11:53:49,526] Trial 45 finished with value: 0.02324158072875248 and parameters: {'lag_0': 0.5470859561921116, 'lag_1': 0.8609481393741156, 'lag_2': 0.7107834235233161, 'lag_3': 0.7191457263270253, 'lag_4': 0.2283152141462318, 'lag_5': 0.8900084628372401, 'lag_6': 0.6391579977931541, 'lag_7': 0.34317555488429063, 'lag_8': 0.825007835036776, 'lag_9': 0.18228026282062842, 'lag_10': 0.24783078731918756, 'lag_11': 0.45784896448750867, 'lag_12': 0.283583295971112, 'lag_13': 0.8635631569607328, 'lag_14': 0.9091021851914152, 'lag_15': 0.3184935057900949, 'lag_16': 0.4704195655260097, 'lag_17': 0.7238997655752263, 'lag_18': 0.18357122416744498, 'lag_19': 0.9153169670718592, 'lag_20': 0.22899752717928445, 'lag_21': 0.547152466217883, 'lag_22': 0.6285851507630703, 'lag_23': 0.5205974434477377, 'lag_24': 0.4344018956221236, 'lag_25': 0.2552243295390233, 'lag_26': 0.6018744657814025, 'lag_27': 0.8025786700930986, 'lag_28': 0.6041451667066882}. Best is trial 18 with value: 0.02288732968665783.
[I 2025-09-29 11:53:51,928] Trial 46 finished with value: 0.02316778966540481 and parameters: {'lag_0': 0.31826888163250155, 'lag_1': 0.7593559797060417, 'lag_2': 0.9988744981349782, 'lag_3': 0.6258155732427825, 'lag_4': 0.15065957737690328, 'lag_5': 0.7815795736316709, 'lag_6': 0.7933147726876056, 'lag_7': 0.6909720655610001, 'lag_8': 0.5060410648273236, 'lag_9': 0.011618838695554107, 'lag_10': 0.36584959330224115, 'lag_11': 0.32619597009432566, 'lag_12': 0.9755880292579504, 'lag_13': 0.19927097786670234, 'lag_14': 0.42896858013142913, 'lag_15': 0.47211832988920605, 'lag_16': 0.1997321907262617, 'lag_17': 0.6200399684915556, 'lag_18': 0.9561943861477286, 'lag_19': 0.3695952506103022, 'lag_20': 0.06836423645175907, 'lag_21': 0.4389872243648259, 'lag_22': 0.8041851464040557, 'lag_23': 0.11532291920884599, 'lag_24': 0.5697450622881144, 'lag_25': 0.08259283604086556, 'lag_26': 0.2812337607036076, 'lag_27': 0.0055362224943672714, 'lag_28': 0.6851794673187985}. Best is trial 18 with value: 0.02288732968665783.
[I 2025-09-29 11:53:54,319] Trial 47 finished with value: 0.023327486492880183 and parameters: {'lag_0': 0.24014755171630087, 'lag_1': 0.6508099510772102, 'lag_2': 0.49788620898518005, 'lag_3': 0.4581329033886226, 'lag_4': 0.0344470036373591, 'lag_5': 0.9715377228639444, 'lag_6': 0.7052934500325565, 'lag_7': 0.7266345832715614, 'lag_8': 0.6497578847817835, 'lag_9': 0.7488804851329811, 'lag_10': 0.4546281115608008, 'lag_11': 0.5431226948195093, 'lag_12': 0.6428947385188624, 'lag_13': 0.3553600779982665, 'lag_14': 0.9792545310700271, 'lag_15': 0.3931920896251053, 'lag_16': 0.3755599043262213, 'lag_17': 0.5692011039600584, 'lag_18': 0.09045474214713299, 'lag_19': 0.6515343911082384, 'lag_20': 0.6411427254201232, 'lag_21': 0.08502793175390927, 'lag_22': 0.463198656107221, 'lag_23': 0.24742658614653892, 'lag_24': 0.3305407440852127, 'lag_25': 0.5082853206046745, 'lag_26': 0.5180630184878636, 'lag_27': 0.6855668337353261, 'lag_28': 0.5424268497030318}. Best is trial 18 with value: 0.02288732968665783.
[I 2025-09-29 11:53:56,723] Trial 48 finished with value: 0.023248469447085016 and parameters: {'lag_0': 0.801694258667671, 'lag_1': 0.9490067581580443, 'lag_2': 0.7542876852608689, 'lag_3': 0.35575337554143116, 'lag_4': 0.3051291251624945, 'lag_5': 0.45518885053227515, 'lag_6': 0.9086326048221562, 'lag_7': 0.8356919150494619, 'lag_8': 0.7593517701326752, 'lag_9': 0.4110030846929055, 'lag_10': 0.5796790230890898, 'lag_11': 0.992649370212422, 'lag_12': 0.3514571338853814, 'lag_13': 0.728232626290136, 'lag_14': 0.8267289862235416, 'lag_15': 0.6214638296147208, 'lag_16': 0.31718547184018275, 'lag_17': 0.800590681300596, 'lag_18': 0.24083038851687072, 'lag_19': 0.8450676594697486, 'lag_20': 0.45585909245970035, 'lag_21': 0.3835804083176584, 'lag_22': 0.8972463382855667, 'lag_23': 0.388609246030839, 'lag_24': 0.10107413138287144, 'lag_25': 0.3929007289536356, 'lag_26': 0.1783860023375887, 'lag_27': 0.7495715316923443, 'lag_28': 0.4911118799328743}. Best is trial 18 with value: 0.02288732968665783.
[I 2025-09-29 11:53:59,140] Trial 49 finished with value: 0.023062470319439844 and parameters: {'lag_0': 0.648612684589889, 'lag_1': 0.2746861309901971, 'lag_2': 0.6592017747501938, 'lag_3': 0.4232318622063688, 'lag_4': 0.17392433450270703, 'lag_5': 0.5345467055439321, 'lag_6': 0.44175013861622037, 'lag_7': 0.9546140916797337, 'lag_8': 0.4508788064106871, 'lag_9': 0.666213821394807, 'lag_10': 0.3102108958018637, 'lag_11': 0.7490431639401507, 'lag_12': 0.002647084502368502, 'lag_13': 0.4769624364783395, 'lag_14': 0.050653954812982516, 'lag_15': 0.6929893820801054, 'lag_16': 0.10827546217938788, 'lag_17': 0.4756528616393513, 'lag_18': 0.04491767429677469, 'lag_19': 0.7274946517360799, 'lag_20': 0.5710192366670092, 'lag_21': 0.4916008831234344, 'lag_22': 0.3585134227381408, 'lag_23': 0.64260066823239, 'lag_24': 0.750346605254185, 'lag_25': 0.32368046517834703, 'lag_26': 0.6755145876964707, 'lag_27': 0.30805615296010747, 'lag_28': 0.4154461230471879}. Best is trial 18 with value: 0.02288732968665783.
[I 2025-09-29 11:54:01,558] Trial 50 finished with value: 0.02326517760194225 and parameters: {'lag_0': 0.375066828042134, 'lag_1': 0.5667156279449708, 'lag_2': 0.8531153551264392, 'lag_3': 0.9221059209035721, 'lag_4': 0.37378944237208445, 'lag_5': 0.14701351905554988, 'lag_6': 0.6083092851989155, 'lag_7': 0.5864383976015627, 'lag_8': 0.6909346441052717, 'lag_9': 0.4947612826482822, 'lag_10': 0.12017336769923076, 'lag_11': 0.5924983881835328, 'lag_12': 0.4454999748790519, 'lag_13': 0.3070554479498115, 'lag_14': 0.6984613373168032, 'lag_15': 0.7540325644593546, 'lag_16': 0.6290280149415047, 'lag_17': 0.7441370297534966, 'lag_18': 0.7363155782234143, 'lag_19': 0.567897572583994, 'lag_20': 0.35074061720134153, 'lag_21': 0.5943936407006608, 'lag_22': 0.5483178049188604, 'lag_23': 0.04697468400266802, 'lag_24': 0.9714427806523194, 'lag_25': 0.00037388218309636345, 'lag_26': 0.3350097002454373, 'lag_27': 0.12952772677292307, 'lag_28': 0.9007363495046722}. Best is trial 18 with value: 0.02288732968665783.
[I 2025-09-29 11:54:03,969] Trial 51 finished with value: 0.0238962643299039 and parameters: {'lag_0': 0.14114673744405623, 'lag_1': 0.6948141088866835, 'lag_2': 0.7503471051186511, 'lag_3': 0.9301792909042234, 'lag_4': 0.7200555065845106, 'lag_5': 0.2020512291364599, 'lag_6': 0.37501081976710066, 'lag_7': 0.4643034174001542, 'lag_8': 0.8621726998514783, 'lag_9': 0.3239377488302553, 'lag_10': 0.8505208842251064, 'lag_11': 0.1746568822791159, 'lag_12': 0.3029734222671523, 'lag_13': 0.9278402878068617, 'lag_14': 0.19206726840560734, 'lag_15': 0.9560690778145099, 'lag_16': 0.5429597955758567, 'lag_17': 0.35234444974113094, 'lag_18': 0.6610530685676301, 'lag_19': 0.38837293252833205, 'lag_20': 0.15299869059732202, 'lag_21': 0.5211059033593447, 'lag_22': 0.21029771024688199, 'lag_23': 0.8005007904386165, 'lag_24': 0.8619224718931332, 'lag_25': 0.2276552735024009, 'lag_26': 0.5568066619054067, 'lag_27': 0.06643150507112734, 'lag_28': 0.9457093018940914}. Best is trial 18 with value: 0.02288732968665783.
[I 2025-09-29 11:54:06,373] Trial 52 finished with value: 0.02343969377010607 and parameters: {'lag_0': 0.22739725642178016, 'lag_1': 0.61928769127452, 'lag_2': 0.951699588395793, 'lag_3': 0.9878279149451225, 'lag_4': 0.9138225340376628, 'lag_5': 0.04973439436213334, 'lag_6': 0.46569040448295596, 'lag_7': 0.3851934889731867, 'lag_8': 0.7933579468919932, 'lag_9': 0.362073114869035, 'lag_10': 0.7066771631758324, 'lag_11': 0.22453727864881112, 'lag_12': 0.2360541102803584, 'lag_13': 0.7814228464871618, 'lag_14': 0.38866541594908627, 'lag_15': 0.8573482310061483, 'lag_16': 0.4331123478441373, 'lag_17': 0.41073517951835525, 'lag_18': 0.8603533113106586, 'lag_19': 0.27513790836548957, 'lag_20': 0.40755645518140865, 'lag_21': 0.3858149171825171, 'lag_22': 0.0916623850094553, 'lag_23': 0.9606496130109252, 'lag_24': 0.7110218409294682, 'lag_25': 0.5880911098550716, 'lag_26': 0.46265287468930677, 'lag_27': 0.1931030437655729, 'lag_28': 0.8321614087978387}. Best is trial 18 with value: 0.02288732968665783.
[I 2025-09-29 11:54:08,774] Trial 53 finished with value: 0.023116468694029255 and parameters: {'lag_0': 0.33201934803858163, 'lag_1': 0.8297656741814178, 'lag_2': 0.01592500796930113, 'lag_3': 0.5949160627379686, 'lag_4': 0.8241354594616548, 'lag_5': 0.17703689873363992, 'lag_6': 0.5745289413754644, 'lag_7': 0.6879144073170734, 'lag_8': 0.5526746466539354, 'lag_9': 0.14132966648847095, 'lag_10': 0.8519328226135008, 'lag_11': 0.2505619328292782, 'lag_12': 0.3933752660233519, 'lag_13': 0.6573972646304455, 'lag_14': 0.26358353981943056, 'lag_15': 0.9275858447466119, 'lag_16': 0.550705642375319, 'lag_17': 0.22307493777834198, 'lag_18': 0.6974608455561029, 'lag_19': 0.12567315310825455, 'lag_20': 0.2186078298291408, 'lag_21': 0.9535700851954705, 'lag_22': 0.9624940017327079, 'lag_23': 0.9233047724136211, 'lag_24': 0.4923505330985464, 'lag_25': 0.46308609807121914, 'lag_26': 0.49296791580207117, 'lag_27': 0.00837953109065798, 'lag_28': 0.7761988986403697}. Best is trial 18 with value: 0.02288732968665783.
[I 2025-09-29 11:54:11,181] Trial 54 finished with value: 0.023253906878927543 and parameters: {'lag_0': 0.29214458125397125, 'lag_1': 0.7220938097482877, 'lag_2': 0.7216883709338419, 'lag_3': 0.7911024558311476, 'lag_4': 0.27036514115684174, 'lag_5': 0.23974365542976378, 'lag_6': 0.4013034803887023, 'lag_7': 0.19969689883803277, 'lag_8': 0.7253930360995213, 'lag_9': 0.25827686561593555, 'lag_10': 0.7863218831500828, 'lag_11': 0.006264491631302854, 'lag_12': 0.5488377432897623, 'lag_13': 0.3865428708845481, 'lag_14': 0.11261980536706062, 'lag_15': 0.5588917119886124, 'lag_16': 0.726036000086276, 'lag_17': 0.16883003875484742, 'lag_18': 0.8096580303255335, 'lag_19': 0.4663259864160493, 'lag_20': 0.280910441068033, 'lag_21': 0.44795481611084187, 'lag_22': 0.24546813099043147, 'lag_23': 0.45177078111889346, 'lag_24': 0.9012467973587541, 'lag_25': 0.16589019981956368, 'lag_26': 0.6467367627127298, 'lag_27': 0.05561154804055751, 'lag_28': 0.8510924407332534}. Best is trial 18 with value: 0.02288732968665783.
[I 2025-09-29 11:54:13,594] Trial 55 finished with value: 0.023525739109576553 and parameters: {'lag_0': 0.4389077670735275, 'lag_1': 0.4855679023105233, 'lag_2': 0.8384911158707924, 'lag_3': 0.5292693744726169, 'lag_4': 0.5979015353742616, 'lag_5': 0.3263959867528215, 'lag_6': 0.5265844293656635, 'lag_7': 0.5638629455231231, 'lag_8': 0.642817225725149, 'lag_9': 0.5753139540232541, 'lag_10': 0.20206732875240158, 'lag_11': 0.04996522648700241, 'lag_12': 0.09883270181950177, 'lag_13': 0.5403751285784146, 'lag_14': 0.3188385749719896, 'lag_15': 0.8975207783945001, 'lag_16': 0.5194507664940621, 'lag_17': 0.5235159261343973, 'lag_18': 0.9090341143413048, 'lag_19': 0.5161010586182238, 'lag_20': 0.1101122043462388, 'lag_21': 0.5824885091295066, 'lag_22': 0.448248196217806, 'lag_23': 0.7673382424141972, 'lag_24': 0.22525344030347, 'lag_25': 0.3812858298111897, 'lag_26': 0.5385501908159017, 'lag_27': 0.9200186409121405, 'lag_28': 0.7231530307710893}. Best is trial 18 with value: 0.02288732968665783.
[I 2025-09-29 11:54:16,004] Trial 56 finished with value: 0.023420873789498874 and parameters: {'lag_0': 0.3934231659892682, 'lag_1': 0.6689341538819707, 'lag_2': 0.9042933894395536, 'lag_3': 0.7599868011471154, 'lag_4': 0.7276553345770157, 'lag_5': 0.27208113590849836, 'lag_6': 0.312376099937541, 'lag_7': 0.5012176610124224, 'lag_8': 0.9516082901779687, 'lag_9': 0.7186905214785563, 'lag_10': 0.7060680778529391, 'lag_11': 0.13107075217717412, 'lag_12': 0.1645426581875569, 'lag_13': 0.23190016554030818, 'lag_14': 0.7944466040236456, 'lag_15': 0.5023649657498817, 'lag_16': 0.4456769743130103, 'lag_17': 0.06208204494799208, 'lag_18': 0.4047227161827032, 'lag_19': 0.1976401797498068, 'lag_20': 0.9110407352063049, 'lag_21': 0.27989199216847493, 'lag_22': 0.8448829529385844, 'lag_23': 0.5884458502278512, 'lag_24': 0.8269311275921268, 'lag_25': 0.1962674418912288, 'lag_26': 0.8977886769677957, 'lag_27': 0.2785705377244159, 'lag_28': 0.9922262214552688}. Best is trial 18 with value: 0.02288732968665783.
[I 2025-09-29 11:54:18,415] Trial 57 finished with value: 0.023172241518600607 and parameters: {'lag_0': 0.15751435016466456, 'lag_1': 0.8838405604497268, 'lag_2': 0.7875600872255464, 'lag_3': 0.6428822622786805, 'lag_4': 0.10447777497141642, 'lag_5': 0.4031200827694943, 'lag_6': 0.6346149589686781, 'lag_7': 0.299116611303301, 'lag_8': 0.14758839969579052, 'lag_9': 0.20828495871682406, 'lag_10': 0.9478907627255684, 'lag_11': 0.3123283819146796, 'lag_12': 0.3173389297733167, 'lag_13': 0.36402279020597894, 'lag_14': 0.8527361296049463, 'lag_15': 0.7998097972388004, 'lag_16': 0.6329698868403937, 'lag_17': 0.65828635823532, 'lag_18': 0.7508681188482903, 'lag_19': 0.3572857226924656, 'lag_20': 0.3362833356636342, 'lag_21': 0.3504680639960611, 'lag_22': 0.14010419533777468, 'lag_23': 0.6780801448602608, 'lag_24': 0.9412967064384135, 'lag_25': 0.6565018911481262, 'lag_26': 0.5835898466809628, 'lag_27': 0.12232569226754704, 'lag_28': 0.9199371447136727}. Best is trial 18 with value: 0.02288732968665783.
[I 2025-09-29 11:54:20,817] Trial 58 finished with value: 0.022992741711381288 and parameters: {'lag_0': 0.011397298871879569, 'lag_1': 0.8154784041772688, 'lag_2': 0.5260108524847693, 'lag_3': 0.8389281781748203, 'lag_4': 0.3460407336806336, 'lag_5': 0.6755131958832873, 'lag_6': 0.34257122730237544, 'lag_7': 0.622831715142544, 'lag_8': 0.3764690536730378, 'lag_9': 0.6216305013635042, 'lag_10': 0.058414917257100823, 'lag_11': 0.5047804589226897, 'lag_12': 0.2546613489818656, 'lag_13': 0.5764680167962797, 'lag_14': 0.47797970082877717, 'lag_15': 0.2754466361048348, 'lag_16': 0.5690131686245425, 'lag_17': 0.28386354648614603, 'lag_18': 0.8281790146212913, 'lag_19': 0.7324728328875421, 'lag_20': 0.1704707946312022, 'lag_21': 0.6332566432968034, 'lag_22': 0.7179945443400962, 'lag_23': 0.14631164705722519, 'lag_24': 0.7702631667756239, 'lag_25': 0.5276851840638332, 'lag_26': 0.008066214596253118, 'lag_27': 0.6058008066803386, 'lag_28': 0.6361021499886136}. Best is trial 18 with value: 0.02288732968665783.
[I 2025-09-29 11:54:23,223] Trial 59 finished with value: 0.023150555957415934 and parameters: {'lag_0': 0.0010007927178079124, 'lag_1': 0.8180020126903222, 'lag_2': 0.4577239653494384, 'lag_3': 0.8182191150466874, 'lag_4': 0.34216881394494897, 'lag_5': 0.5857007214229318, 'lag_6': 0.19159324901459812, 'lag_7': 0.6206385234903122, 'lag_8': 0.37135037112243074, 'lag_9': 0.6250300900282588, 'lag_10': 0.041920017311815994, 'lag_11': 0.5003429271778157, 'lag_12': 0.20271951367663577, 'lag_13': 0.17322600834945975, 'lag_14': 0.4964982053070198, 'lag_15': 0.22362920851588597, 'lag_16': 0.023950693792766153, 'lag_17': 0.2807902036753384, 'lag_18': 0.9624674416167239, 'lag_19': 0.7998045999147056, 'lag_20': 0.17588997799100017, 'lag_21': 0.7868795359394906, 'lag_22': 0.7664906195372376, 'lag_23': 0.14890199842742308, 'lag_24': 0.6729972340761833, 'lag_25': 0.7457700564485802, 'lag_26': 0.0399687759333568, 'lag_27': 0.6027124915700431, 'lag_28': 0.6459425730759801}. Best is trial 18 with value: 0.02288732968665783.
[I 2025-09-29 11:54:25,632] Trial 60 finished with value: 0.023171414486339848 and parameters: {'lag_0': 0.06727749641250111, 'lag_1': 0.7670284839303039, 'lag_2': 0.31184210424980596, 'lag_3': 0.7175610676675972, 'lag_4': 0.4295370866283176, 'lag_5': 0.654515815702895, 'lag_6': 0.734674941264714, 'lag_7': 0.7787821230588036, 'lag_8': 0.271234070163341, 'lag_9': 0.7802448621645682, 'lag_10': 0.09085786921846872, 'lag_11': 0.4204443060181494, 'lag_12': 0.04759049252133793, 'lag_13': 0.08712265195491697, 'lag_14': 0.5804584083921414, 'lag_15': 0.2956448858457575, 'lag_16': 0.6977914719003244, 'lag_17': 0.20487746151378788, 'lag_18': 0.594736327257946, 'lag_19': 0.7385184501093038, 'lag_20': 0.012830505748621074, 'lag_21': 0.6334810192568922, 'lag_22': 0.6234372318363264, 'lag_23': 0.2279731182218626, 'lag_24': 0.7576004011878014, 'lag_25': 0.5221893745184697, 'lag_26': 0.11272684302388744, 'lag_27': 0.8577198969013717, 'lag_28': 0.688830972345522}. Best is trial 18 with value: 0.02288732968665783.
[I 2025-09-29 11:54:28,037] Trial 61 finished with value: 0.023474040730176816 and parameters: {'lag_0': 0.5141364147303135, 'lag_1': 0.62172174742409, 'lag_2': 0.6433679491844685, 'lag_3': 0.9430789642820274, 'lag_4': 0.3957711205005477, 'lag_5': 0.7608940050883541, 'lag_6': 0.26991842399466404, 'lag_7': 0.019365932324837243, 'lag_8': 0.29939165229624864, 'lag_9': 0.6214934238087156, 'lag_10': 0.018030014615118578, 'lag_11': 0.3701101271903909, 'lag_12': 0.24426081998866978, 'lag_13': 0.6656484219432924, 'lag_14': 0.6662267271348773, 'lag_15': 0.0439694117389266, 'lag_16': 0.5852097928652041, 'lag_17': 0.269457697901518, 'lag_18': 0.8212931023270688, 'lag_19': 0.5867621261324214, 'lag_20': 0.25150767188618905, 'lag_21': 0.7226647273925146, 'lag_22': 0.865984221554257, 'lag_23': 0.1001936096714674, 'lag_24': 0.7931758648640277, 'lag_25': 0.4335660966551771, 'lag_26': 0.012216029832811677, 'lag_27': 0.6694731117098425, 'lag_28': 0.6021835176610464}. Best is trial 18 with value: 0.02288732968665783.
