[I 2025-10-03 11:36:03,673] Trial 10 finished with values: [0.0049382716049382715, 0.015585052857708179, 0.007098685174854108, 0.009869004031795619, 0.005452575043980523, 0.005338741770067574, 0.00027899210743095014, 0.0022809441483840607, 0.007048479172848399, 0.0007972624508802749, 0.0029257232304432932, 0.004570595599208746, 0.002965823328327492, 0.1022679915272348, 0.0, 0.007394654920269835, 0.012982428307781468, 0.001489165624329655, 0.0002876956188776761, 0.0011607967072597627, 0.00724113120997687, 0.0014478195137249024, 0.001106536201521615, 0.013003420150997713, 0.001071129789563671, 0.000900865854337972, 0.0009134615568516323, 0.0, 0.0] and parameters: {'lag_0': 0.5965650299931644, 'lag_1': 0.6435295400646879, 'lag_2': 0.05514890685474311, 'lag_3': 0.6425563502907587, 'lag_4': 0.7074280013114654, 'lag_5': 0.6811182307720539, 'lag_6': 0.907095434907187, 'lag_7': 0.12575606799935637, 'lag_8': 0.46453637320860675, 'lag_9': 0.40929330862111163, 'lag_10': 0.6450875868454041, 'lag_11': 0.21564890637210696, 'lag_12': 0.6853614608483231, 'lag_13': 0.9966618518631928, 'lag_14': 0.03291942883902738, 'lag_15': 0.2905742158102061, 'lag_16': 0.5979933678974915, 'lag_17': 0.48635589983497113, 'lag_18': 0.4168540168643474, 'lag_19': 0.757273546053133, 'lag_20': 0.7941064273775446, 'lag_21': 0.15740136779626118, 'lag_22': 0.8143872653504152, 'lag_23': 0.486217529988946, 'lag_24': 0.4105617745706795, 'lag_25': 0.3390727717919432, 'lag_26': 0.13081446918608144, 'lag_27': 0.9719279267513594, 'lag_28': 0.10630032539576903}.
[I 2025-10-03 11:36:06,513] Trial 11 finished with values: [0.0013888888888888887, 0.0015489439121730065, 0.009426036969463234, 0.007156063654521256, 0.0033661807577963386, 0.009150675219859423, 0.0011404005077354112, 0.0016201089202493263, 0.006167339317730688, 0.0006415825664208876, 0.003195574690655241, 0.005728069326855358, 0.0023378530034865383, 0.09875013931809805, 0.0, 0.008252819159156127, 0.013531983155209468, 0.0017532214200380682, 0.00042121902692396406, 0.0008684932899282575, 0.007446230761932231, 0.0013716870113353124, 0.0009083048833513876, 0.013360845132043447, 0.0009503792614114863, 0.0009511131221835872, 0.0014835940063662673, 0.0, 0.0] and parameters: {'lag_0': 0.03683553380838872, 'lag_1': 0.4815681143861992, 'lag_2': 0.2898167406108687, 'lag_3': 0.9049795146134733, 'lag_4': 0.11167807678595254, 'lag_5': 0.1435434308340506, 'lag_6': 0.5921293432575352, 'lag_7': 0.2570811962365852, 'lag_8': 0.1470968833666014, 'lag_9': 0.010608013379563873, 'lag_10': 0.5215344131511109, 'lag_11': 0.8127441810278725, 'lag_12': 0.31409698186204577, 'lag_13': 0.32193779914521886, 'lag_14': 0.2977656072608925, 'lag_15': 0.7329030331078432, 'lag_16': 0.5044625583546245, 'lag_17': 0.06713426015968084, 'lag_18': 0.025421642878300864, 'lag_19': 0.7995466691292287, 'lag_20': 0.8565827441521567, 'lag_21': 0.33987306686638835, 'lag_22': 0.9140299168514218, 'lag_23': 0.35017421601406595, 'lag_24': 0.5613400618823731, 'lag_25': 0.27603624111981584, 'lag_26': 0.4640251113776533, 'lag_27': 0.44598704944215983, 'lag_28': 0.5221953414783113}.
[I 2025-10-03 11:36:09,224] Trial 12 finished with values: [0.00254178145087236, 0.0034754106461590524, 0.005121641516137265, 0.013220013373224367, 0.0008456314054678535, 0.007149639646500537, 0.00039212315649393367, 0.001351741734057143, 0.008168485469954459, 0.0006519797258902052, 0.0027168895129577935, 0.006545109522751833, 0.003381831348634763, 0.10825645934851298, 0.0, 0.007729331348797032, 0.013071470858812495, 0.0016357063740213486, 0.0002476553333205975, 0.0010719957591355167, 0.0073220605146333845, 0.0008388071436640535, 0.0013159728662927135, 0.011354275163535805, 0.000834802236240465, 0.0007189631679880663, 0.000986617679995767, 0.0, 0.0] and parameters: {'lag_0': 0.9588695394380264, 'lag_1': 0.7375588871623636, 'lag_2': 0.6982282112665747, 'lag_3': 0.8994971959376441, 'lag_4': 0.9153545998192292, 'lag_5': 0.7439597766988113, 'lag_6': 0.18829171921562526, 'lag_7': 0.8239590522727234, 'lag_8': 0.7322300282344875, 'lag_9': 0.013576726502720328, 'lag_10': 0.1994788144693546, 'lag_11': 0.6762632321672144, 'lag_12': 0.8350086924530812, 'lag_13': 0.6864467255122991, 'lag_14': 0.49569490622058876, 'lag_15': 0.7686839036932915, 'lag_16': 0.26806512882814754, 'lag_17': 0.13317962170914066, 'lag_18': 0.2269850604362438, 'lag_19': 0.7276173577679291, 'lag_20': 0.6116768511989891, 'lag_21': 0.45364888434469347, 'lag_22': 0.9813291632330233, 'lag_23': 0.23564746874734283, 'lag_24': 0.2735684058433739, 'lag_25': 0.2836554063866224, 'lag_26': 0.878798858508867, 'lag_27': 0.530368944846819, 'lag_28': 0.7745045457947072}.
[I 2025-10-03 11:36:11,933] Trial 13 finished with values: [0.0045138888888888885, 0.005760455075003374, 0.006376433405986884, 0.0074115791976781305, 0.0014098851762246703, 0.00746351633562697, 0.0004896588907995981, 0.0015103767948884792, 0.0066486323063623416, 0.0006843385871938593, 0.0018586589920856031, 0.006225371257401263, 0.0014686554367600558, 0.09935420620377564, 0.0, 0.008663650363302392, 0.013326211615250652, 0.0014332666913334927, 0.00026206086091761616, 0.0011625528872169011, 0.008064814723112223, 0.0009728907558111514, 0.001251020276823199, 0.013264304250279867, 0.000890560783718277, 0.000777720170285282, 0.000741492542701592, 0.0, 0.0] and parameters: {'lag_0': 0.6590204420246285, 'lag_1': 0.4929654440828144, 'lag_2': 0.8568719281585595, 'lag_3': 0.04288696667050367, 'lag_4': 0.2079819194244571, 'lag_5': 0.5420538735165973, 'lag_6': 0.43223598238971195, 'lag_7': 0.16364034252139478, 'lag_8': 0.7180763035728097, 'lag_9': 0.12715830604791545, 'lag_10': 0.8733498217541243, 'lag_11': 0.6491729457547126, 'lag_12': 0.981733608010943, 'lag_13': 0.7406345857431657, 'lag_14': 0.5367665673445069, 'lag_15': 0.9496935758737973, 'lag_16': 0.20639691515086317, 'lag_17': 0.1792225285640765, 'lag_18': 0.9095155087938841, 'lag_19': 0.955623047025915, 'lag_20': 0.047161879792975106, 'lag_21': 0.5181906821792396, 'lag_22': 0.8241043772237059, 'lag_23': 0.48850864445169295, 'lag_24': 0.873488028220921, 'lag_25': 0.04699196685709071, 'lag_26': 0.5889792507041008, 'lag_27': 0.9963010254549555, 'lag_28': 0.5917345435381917}.
[I 2025-10-03 11:36:14,636] Trial 14 finished with values: [0.002836324514646193, 0.01458537276011818, 0.013563782096760998, 0.008935773728718894, 0.002672099001619943, 0.008228647396158837, 0.00028617701881421536, 0.0014233997138138276, 0.006630338662723473, 0.0011525122032695128, 0.0031726651743949645, 0.004329946593478401, 0.002367296975001352, 0.09967065528321492, 0.0, 0.009138933127472437, 0.013947460327319246, 0.001726761131679453, 0.0004940811516869806, 0.000983306789587121, 0.006920781083300798, 0.001167060602147164, 0.001260629869981012, 0.01244695152731437, 0.0008247355547665713, 0.001334615385037196, 0.001020235499417685, 0.0, 0.0] and parameters: {'lag_0': 0.8860461427437912, 'lag_1': 0.25632044194167697, 'lag_2': 0.2743317222070394, 'lag_3': 0.3275530540840241, 'lag_4': 0.11098393342684863, 'lag_5': 0.1826000381709279, 'lag_6': 0.9641471976770686, 'lag_7': 0.8687385526884311, 'lag_8': 0.36079447220037725, 'lag_9': 0.3937003354113656, 'lag_10': 0.5908269157796515, 'lag_11': 0.2675700153813096, 'lag_12': 0.25164002700996985, 'lag_13': 0.013535481301942367, 'lag_14': 0.6281523105102271, 'lag_15': 0.5847384573766581, 'lag_16': 0.5607590319979452, 'lag_17': 0.657272862126037, 'lag_18': 0.5560055479052282, 'lag_19': 0.08207979546767374, 'lag_20': 0.10394072206856834, 'lag_21': 0.5740767958039067, 'lag_22': 0.029514183246062562, 'lag_23': 0.9646193387583215, 'lag_24': 0.42681327242274436, 'lag_25': 0.6175124719511288, 'lag_26': 0.660596097399049, 'lag_27': 0.687631468270986, 'lag_28': 0.882907827106593}.
[I 2025-10-03 11:36:17,342] Trial 15 finished with values: [0.005265064605723946, 0.005287379963204406, 0.003809938524590163, 0.007649152779753978, 0.0019921925146691288, 0.015266744794654865, 0.0007626066420229598, 0.0014323756400762132, 0.009979724509967201, 0.0006359967733697684, 0.004280442790223516, 0.005567117638173595, 0.0023866410811376345, 0.09959611786991127, 0.0, 0.006669405650352456, 0.013603456781180709, 0.0016901349690908586, 0.0004808612340305234, 0.001169483078540807, 0.006908679857529161, 0.0013274563209506453, 0.0009952943910114212, 0.011348908089427661, 0.0008228840428505782, 0.0010601636176435245, 0.0011955216259468783, 0.0, 0.0] and parameters: {'lag_0': 0.9660034208346048, 'lag_1': 0.9916433125533295, 'lag_2': 0.8143552207627591, 'lag_3': 0.18920314496937432, 'lag_4': 0.4496798024828547, 'lag_5': 0.8610238061244976, 'lag_6': 0.7529417066696846, 'lag_7': 0.8772314234370512, 'lag_8': 0.6623227206137929, 'lag_9': 0.6193341595700386, 'lag_10': 0.28772272454741254, 'lag_11': 0.5840972706850017, 'lag_12': 0.6070670859442807, 'lag_13': 0.6408865224879599, 'lag_14': 0.9396859834049233, 'lag_15': 0.05905463649084855, 'lag_16': 0.08375015382536516, 'lag_17': 0.8713741685620806, 'lag_18': 0.8818413857611425, 'lag_19': 0.05523656829125186, 'lag_20': 0.9695033583526569, 'lag_21': 0.1561322754663192, 'lag_22': 0.4313214235000033, 'lag_23': 0.04969588812085034, 'lag_24': 0.7746982623927168, 'lag_25': 0.5906952803569063, 'lag_26': 0.8157680368989092, 'lag_27': 0.7163201688464893, 'lag_28': 0.5277131508798404}.
[I 2025-10-03 11:36:20,035] Trial 16 finished with values: [0.0125, 0.009709160351945544, 0.014243930139349733, 0.011390405506498207, 0.0010636575095034535, 0.004727694214473359, 0.00015638223793523997, 0.0008481398551374389, 0.008300004253596147, 0.00032159483931300015, 0.002264767476331512, 0.003949507875213813, 0.0022516197869372526, 0.10694697377731019, 0.0, 0.00790859808906903, 0.014380675203460013, 0.0015739369556702193, 0.0003679323065375283, 0.0009736156087706008, 0.007389613137394034, 0.0011779997246468819, 0.001591364437398338, 0.012431206526286367, 0.0008210395444817735, 0.0009266358783107667, 0.0009566399418872278, 0.0, 0.0] and parameters: {'lag_0': 0.27663158442808333, 'lag_1': 0.544724830467186, 'lag_2': 0.468484679384529, 'lag_3': 0.709685742954, 'lag_4': 0.6355709743049198, 'lag_5': 0.5135975161078411, 'lag_6': 0.09665415531025186, 'lag_7': 0.33934873257492704, 'lag_8': 0.6175066732486281, 'lag_9': 0.12062844714513056, 'lag_10': 0.4950037092448215, 'lag_11': 0.4181598919443946, 'lag_12': 0.5787916984901056, 'lag_13': 0.17036118712338996, 'lag_14': 0.9553212463261201, 'lag_15': 0.16722198983764375, 'lag_16': 0.9945068202133408, 'lag_17': 0.08974099937294544, 'lag_18': 0.9088279046824433, 'lag_19': 0.1579163191392418, 'lag_20': 0.8400956939728076, 'lag_21': 0.014592377185659488, 'lag_22': 0.2870278194999975, 'lag_23': 0.5873329261425866, 'lag_24': 0.4154677742217727, 'lag_25': 0.8364721211795564, 'lag_26': 0.038591773780696816, 'lag_27': 0.6200870068702689, 'lag_28': 0.05549540253547444}.
[I 2025-10-03 11:36:22,738] Trial 17 finished with values: [0.036469135802469146, 0.0075897111421365125, 0.013105940058059207, 0.011270152964338013, 0.0011728232422744968, 0.0065297845767528714, 0.0009066341059893329, 0.0008121250925376524, 0.0069026471150987435, 0.0005419273661665978, 0.003141404057193718, 0.004232045123056909, 0.001738136266508529, 0.10351064847698355, 0.0, 0.007941569417754977, 0.0147615044317593, 0.0016890594014844675, 0.0002970578337924219, 0.0013419779283663721, 0.0070413718108226315, 0.0009343889067955937, 0.0011075407025628763, 0.012349908555249794, 0.0012141353947539466, 0.0010687911597940256, 0.0007029899761949126, 0.0, 0.0] and parameters: {'lag_0': 0.9234766137958268, 'lag_1': 0.24927392218477912, 'lag_2': 0.6828760369509391, 'lag_3': 0.9988323725495553, 'lag_4': 0.08173934541255896, 'lag_5': 0.016765951660221615, 'lag_6': 0.9610266499579585, 'lag_7': 0.23712352216130717, 'lag_8': 0.7298858665912908, 'lag_9': 0.6033971972647827, 'lag_10': 0.6849323927415688, 'lag_11': 0.6373236330002563, 'lag_12': 0.948758378617778, 'lag_13': 0.08335327083940859, 'lag_14': 0.2877238599964254, 'lag_15': 0.03963525423567455, 'lag_16': 0.19303173964255047, 'lag_17': 0.4433309977055699, 'lag_18': 0.810960557211587, 'lag_19': 0.22835746756266934, 'lag_20': 0.7668317739547011, 'lag_21': 0.9964359480092995, 'lag_22': 0.6416921559267961, 'lag_23': 0.22579049976751409, 'lag_24': 0.32808431514927855, 'lag_25': 0.49626248018204466, 'lag_26': 0.9179219610011404, 'lag_27': 0.5326957138198848, 'lag_28': 0.16738215964524236}.
[I 2025-10-03 11:36:25,434] Trial 18 finished with values: [0.004081632653061224, 0.007216580205802606, 0.009031001956186436, 0.007411709680696231, 0.004382037904197746, 0.009599611684458532, 0.00016295248071428994, 0.0008388435602698528, 0.004997764344445486, 0.00038769651063613535, 0.002507916805136354, 0.00583824991743109, 0.0026586922108346725, 0.10448816480930763, 0.0, 0.005992469487736818, 0.012652739438429267, 0.0014944805274993062, 0.0001859513345521245, 0.0011325955655616371, 0.0074622395989073454, 0.0010348932921303796, 0.0008637246322307236, 0.012120492609756273, 0.0011918104067194298, 0.001058625659676998, 0.0018712724472062466, 0.0, 0.0] and parameters: {'lag_0': 0.180875158685211, 'lag_1': 0.6637883865213121, 'lag_2': 0.4111871933031568, 'lag_3': 0.1281720014432161, 'lag_4': 0.15946110060594365, 'lag_5': 0.5266515569212845, 'lag_6': 0.6515232303324462, 'lag_7': 0.6396076368339102, 'lag_8': 0.2946029136745982, 'lag_9': 0.9662573458565007, 'lag_10': 0.5711120027603653, 'lag_11': 0.5673217291513538, 'lag_12': 0.6259703115720272, 'lag_13': 0.49300765250729844, 'lag_14': 0.5334401359259959, 'lag_15': 0.26284614970758274, 'lag_16': 0.16156651405693864, 'lag_17': 0.9760898031395333, 'lag_18': 0.38148118829152505, 'lag_19': 0.1012833586429668, 'lag_20': 0.9485319462015256, 'lag_21': 0.853927721326089, 'lag_22': 0.5202855841011643, 'lag_23': 0.5112949273297962, 'lag_24': 0.9796154177532598, 'lag_25': 0.4243573859277081, 'lag_26': 0.9569063041812567, 'lag_27': 0.36908551072894646, 'lag_28': 0.051524908474773604}.
[I 2025-10-03 11:36:28,134] Trial 19 finished with values: [0.0, 0.026080547052154197, 0.010120600477997043, 0.006348702317697413, 0.0017515121946427132, 0.00482906943079991, 0.0003312056059071382, 0.0009725684170370733, 0.006428505029763139, 0.00033332204844893995, 0.0020573843361287917, 0.003747021986483011, 0.0016573864394731814, 0.10264949391566433, 0.0, 0.007373994761908105, 0.012244131695427138, 0.0017508450482121897, 0.000230984859988178, 0.001420737043067375, 0.0073540015645822505, 0.0010596565552625638, 0.000718085165883808, 0.013339391672851924, 0.0007846224681148271, 0.0009013602237396251, 0.0006984326737017499, 0.0, 0.0] and parameters: {'lag_0': 0.34466163956624996, 'lag_1': 0.5587908351984967, 'lag_2': 0.22384872098648564, 'lag_3': 0.9947722133126228, 'lag_4': 0.988026698788528, 'lag_5': 0.09924406172914103, 'lag_6': 0.8886278966534412, 'lag_7': 0.7155555337519112, 'lag_8': 0.23797917887736772, 'lag_9': 0.5176827000053882, 'lag_10': 0.5280103306061766, 'lag_11': 0.1664901982058169, 'lag_12': 0.671968413264094, 'lag_13': 0.01817062802961467, 'lag_14': 0.5735515589232882, 'lag_15': 0.5597482138555516, 'lag_16': 0.20658247063561747, 'lag_17': 0.6528360063345849, 'lag_18': 0.9294648282299535, 'lag_19': 0.5364793179416136, 'lag_20': 0.8676704310849254, 'lag_21': 0.4804331098318004, 'lag_22': 0.11916760081163329, 'lag_23': 0.33074432426961403, 'lag_24': 0.4035771999666515, 'lag_25': 0.3704232019411979, 'lag_26': 0.9209026432281312, 'lag_27': 0.1607363961806302, 'lag_28': 0.10753227575133455}.
[I 2025-10-03 11:36:30,835] Trial 20 finished with values: [0.035125, 0.00875536151870102, 0.011746482022299047, 0.0072246017153395695, 0.001140217578260053, 0.008235121753770624, 0.0008530487642437736, 0.0013020558567497162, 0.007336126287245335, 5.822739897136496e-05, 0.0018118416576106838, 0.005829737368170421, 0.0021660256415716073, 0.09527440710009216, 0.0, 0.008028836232363178, 0.012502395024930469, 0.0015878890534620136, 0.0003088308890702998, 0.0010371853128650229, 0.007497625735490163, 0.0008181544432618188, 0.0009526721758994208, 0.013514937104809107, 0.001508491479153903, 0.0007255154566602032, 0.0009951894492446493, 0.0, 0.0] and parameters: {'lag_0': 0.6860707314680169, 'lag_1': 0.5813451197820008, 'lag_2': 0.9807865331079347, 'lag_3': 0.8462687810920078, 'lag_4': 0.7829454107938347, 'lag_5': 0.028471440932901763, 'lag_6': 0.7077952739113503, 'lag_7': 0.4394437741947763, 'lag_8': 0.988782477838511, 'lag_9': 0.09449104704610459, 'lag_10': 0.992229452348217, 'lag_11': 0.9099401186339154, 'lag_12': 0.4916679982529428, 'lag_13': 0.2664614896051798, 'lag_14': 0.42257295945669426, 'lag_15': 0.5530931895970042, 'lag_16': 0.08131739548338829, 'lag_17': 0.8874015776105012, 'lag_18': 0.663640770152478, 'lag_19': 0.5873667990889019, 'lag_20': 0.9189407026637989, 'lag_21': 0.9442182107913626, 'lag_22': 0.7508660756189875, 'lag_23': 0.13208569490762428, 'lag_24': 0.8281384346979503, 'lag_25': 0.6468398097150571, 'lag_26': 0.9090236155178769, 'lag_27': 0.8286252536695158, 'lag_28': 0.6649095033425838}.
[I 2025-10-03 11:36:33,520] Trial 21 finished with values: [0.008680555555555556, 0.004103046975449807, 0.009935268300829333, 0.006677292697242178, 0.0036125826261755923, 0.010349013382373675, 0.00018775425827335235, 0.001442075874910477, 0.008897518108825535, 0.0005922724748565336, 0.002371409475620035, 0.005071871229213663, 0.002150475575228838, 0.10182667158413299, 0.0, 0.008132984428355696, 0.012234851647111633, 0.0010053111062896893, 0.00023316513400245707, 0.0009959465226478995, 0.007678731182466957, 0.0011521933242675734, 0.0009590958984775022, 0.012678188195720516, 0.0007653392512408505, 0.0007479488768650994, 0.0012596719291292633, 0.0, 0.0] and parameters: {'lag_0': 0.5190902166088174, 'lag_1': 0.45619061486516493, 'lag_2': 0.6525348589843202, 'lag_3': 0.6596444059569806, 'lag_4': 0.6055950749399684, 'lag_5': 0.7070112766719339, 'lag_6': 0.8070875763164402, 'lag_7': 0.5429749084978628, 'lag_8': 0.11717057452168433, 'lag_9': 0.8998209296476437, 'lag_10': 0.3266680933626117, 'lag_11': 0.19823448094431365, 'lag_12': 0.874574534099978, 'lag_13': 0.2718208246679047, 'lag_14': 0.11581067341622503, 'lag_15': 0.0883865703139079, 'lag_16': 0.8670994214958903, 'lag_17': 0.7998763436571714, 'lag_18': 0.6061662763665477, 'lag_19': 0.5834311062187868, 'lag_20': 0.42794245790841245, 'lag_21': 0.490472709894089, 'lag_22': 0.08707937822069356, 'lag_23': 0.6435580446454261, 'lag_24': 0.21493939655229005, 'lag_25': 0.4863422354923631, 'lag_26': 0.8114816192781719, 'lag_27': 0.3970049532366384, 'lag_28': 0.07346741289625541}.
[I 2025-10-03 11:36:36,203] Trial 22 finished with values: [0.0, 0.020935810974724446, 0.009259853330586144, 0.008014828970619534, 0.0022615381380288444, 0.010772515356140877, 0.00020911463699788734, 0.0007447957281634971, 0.008638705783467638, 0.0010122195674644706, 0.002083683298913229, 0.0057598086257892875, 0.0030919271429020816, 0.1046625170515076, 0.0, 0.00736130844980955, 0.014406786776736425, 0.0014325168922635287, 0.00044819324205479206, 0.0010282154658237028, 0.007155345414479553, 0.0010636156637382082, 0.00128501009094976, 0.012274643916074244, 0.001247051014273232, 0.0009313752165341011, 0.0014065117033197666, 0.0, 0.0] and parameters: {'lag_0': 0.2878733946312253, 'lag_1': 0.3237040269685017, 'lag_2': 0.9949006415552684, 'lag_3': 0.01865895128654158, 'lag_4': 0.8274288372613113, 'lag_5': 0.57824375435242, 'lag_6': 0.9848275418818846, 'lag_7': 0.4471201978083633, 'lag_8': 0.526729153047037, 'lag_9': 0.8822054487733616, 'lag_10': 0.6062052437165075, 'lag_11': 0.23194498611419165, 'lag_12': 0.49681414619522696, 'lag_13': 0.24789261237665455, 'lag_14': 0.750850849815925, 'lag_15': 0.8979689264162343, 'lag_16': 0.8542915472406282, 'lag_17': 0.3082510416231955, 'lag_18': 0.010971065565365371, 'lag_19': 0.2251178539213499, 'lag_20': 0.8957268977360329, 'lag_21': 0.5096776529163652, 'lag_22': 0.6699385816889928, 'lag_23': 0.21115999003761587, 'lag_24': 0.020008184182387378, 'lag_25': 0.4284939412485229, 'lag_26': 0.21838243366085666, 'lag_27': 0.8934166983721377, 'lag_28': 0.5650542814122916}.
[I 2025-10-03 11:36:38,895] Trial 23 finished with values: [0.05, 0.008710751758131099, 0.016565438237583968, 0.014117127555845654, 0.002384142136846803, 0.009684390937404117, 0.0004680663372669972, 0.0018291341124829432, 0.007673800884833918, 0.0003636573870649445, 0.0037508842415594637, 0.005222130802972727, 0.0028139255636008323, 0.0989990234385614, 0.0, 0.007033096316121701, 0.012421985013539135, 0.001606319000523488, 0.0004331997543927429, 0.0012114182611292997, 0.007521032291111998, 0.0012763564133612564, 0.0007157872131823647, 0.013167496864472073, 0.0009590000826338516, 0.0012808074515053992, 0.0009934441537461278, 0.0, 0.0] and parameters: {'lag_0': 0.7874361159992351, 'lag_1': 0.8218623627406074, 'lag_2': 0.6881346639706271, 'lag_3': 0.26895346053064595, 'lag_4': 0.874795425095584, 'lag_5': 0.19374294966481742, 'lag_6': 0.6565069921274337, 'lag_7': 0.9004693522396022, 'lag_8': 0.8947198955471576, 'lag_9': 0.4882640238493797, 'lag_10': 0.26596750112826273, 'lag_11': 0.29368237895537747, 'lag_12': 0.878648158660497, 'lag_13': 0.4821014127453322, 'lag_14': 0.9122800460362791, 'lag_15': 0.907020884534806, 'lag_16': 0.3205812782677839, 'lag_17': 0.07822062989076352, 'lag_18': 0.039252603390960636, 'lag_19': 0.6981042477528883, 'lag_20': 0.23046269520940582, 'lag_21': 0.2660303868421238, 'lag_22': 0.441886126913594, 'lag_23': 0.6397490155235861, 'lag_24': 0.5266953118423471, 'lag_25': 0.8732212972581832, 'lag_26': 0.3089039923396362, 'lag_27': 0.9405892887016001, 'lag_28': 0.36545131514541934}.
