[I 2025-10-03 11:33:23,721] Trial 51 finished with values: [0.01419880624426079, 0.002904425026988442, 0.0017844520043933734, 0.002005965562004236, 0.00022678392283778957, 0.0043815277670196506, 0.0006509011931782526, 0.003007644285731814, 0.0011309711872285948, 0.00037886637759401373, 0.00023336081248997087, 0.0004900199516551784, 0.026446488245276595, 0.0030888415428024217, 0.0, 0.07948137574258099, 0.0027336108435722403, 0.0003181226107448446, 0.009085357561585192, 0.006975462524474259, 0.016783796704024096, 0.0011486539843996156, 0.0005766776215370198, 2.1858741795822735e-05, 0.015608506288577396, 0.0003092870124391381, 0.00112805657558749, 0.0006287660139186498, 0.001464232259886335] and parameters: {'lag_0': 0.45772400096656013, 'lag_1': 0.19216738647932072, 'lag_2': 0.184036598243945, 'lag_3': 0.4928235332948304, 'lag_4': 0.21837571551527601, 'lag_5': 0.09078034094796016, 'lag_6': 0.8731563691231429, 'lag_7': 0.9528606309701435, 'lag_8': 0.42117619350680885, 'lag_9': 0.5510970848022683, 'lag_10': 0.9425570113842321, 'lag_11': 0.8484554569620614, 'lag_12': 0.8517680115566862, 'lag_13': 0.912412236234818, 'lag_14': 0.007584571765744727, 'lag_15': 0.21826569118272698, 'lag_16': 0.7675247792236181, 'lag_17': 0.020056846861290743, 'lag_18': 0.44580049429872504, 'lag_19': 0.1467885259388411, 'lag_20': 0.6437591151906019, 'lag_21': 0.33489341094794794, 'lag_22': 0.9204818146321634, 'lag_23': 0.008639467394528793, 'lag_24': 0.042344270123916755, 'lag_25': 0.9831088401407341, 'lag_26': 0.6453632456813108, 'lag_27': 0.03067369165620582, 'lag_28': 0.07081000300565675}.
[I 2025-10-03 11:33:26,388] Trial 52 finished with values: [0.03128244410711943, 0.004540228200227056, 0.0021131065108547795, 0.0005471246331636077, 0.001064937438472642, 0.0028463495215036347, 0.00032472867729109326, 0.0044277455782714545, 0.0009836523299839015, 0.00020745807744073985, 0.00024433171167244816, 0.00048565947210297373, 0.024863041037178433, 0.003430933585785623, 0.0, 0.08175945376187989, 0.002432244956353672, 0.0004952972492967548, 0.010661716409998538, 0.007175032305182756, 0.016255649528230155, 0.000842358544538216, 0.0007082064274735103, 4.346708612407755e-05, 0.015303578162294376, 0.0005187067316098288, 0.0010904020384143991, 0.0011500598206833374, 0.001934990696097581] and parameters: {'lag_0': 0.5643765187724069, 'lag_1': 0.12903659049402472, 'lag_2': 0.8922923830729537, 'lag_3': 0.6272578044279049, 'lag_4': 0.6911611846224767, 'lag_5': 0.4932468928859042, 'lag_6': 0.360954976789374, 'lag_7': 0.9437772828256233, 'lag_8': 0.3358418019941082, 'lag_9': 0.6384676849797687, 'lag_10': 0.9366289561632919, 'lag_11': 0.6583805981744851, 'lag_12': 0.8727243788102993, 'lag_13': 0.09394527868780973, 'lag_14': 0.8713373728286511, 'lag_15': 0.48043855774626854, 'lag_16': 0.2383680992401459, 'lag_17': 0.5231905988917661, 'lag_18': 0.910932864598274, 'lag_19': 0.6151763470061871, 'lag_20': 0.973134276080068, 'lag_21': 0.22036875564279385, 'lag_22': 0.49629940903498826, 'lag_23': 0.6921732360863476, 'lag_24': 0.9443847332148189, 'lag_25': 0.41731295499868365, 'lag_26': 0.2172208228524217, 'lag_27': 0.8273656604335345, 'lag_28': 0.4828842976922435}.
[I 2025-10-03 11:33:29,056] Trial 53 finished with values: [0.02313234618916437, 0.002158170419085865, 0.0024812438836521304, 0.004588661037830447, 0.0007822681173231732, 0.0032886889555821574, 0.0004351394872308444, 0.005261425676560856, 0.0018719330685329025, 0.00020090522258920133, 0.00023032780308147814, 0.0003237213526036388, 0.023268481712294342, 0.0036343036379693555, 0.0, 0.07502454760815581, 0.002498808378018532, 0.0006367386033529013, 0.008810527543605468, 0.006628348551490379, 0.017203518898700587, 0.0012449088038664815, 0.0008507223849842446, 3.5773236896098276e-05, 0.015926166074264052, 0.0004067727569895603, 0.0016094171362066392, 0.001668831194497567, 0.001763520874203689] and parameters: {'lag_0': 0.1497195542812842, 'lag_1': 0.05081362594702782, 'lag_2': 0.13220081326392835, 'lag_3': 0.8224540850127183, 'lag_4': 0.9378357039151903, 'lag_5': 0.4344608525862617, 'lag_6': 0.33029963600281026, 'lag_7': 0.06378649754141133, 'lag_8': 0.05381526845364563, 'lag_9': 0.26230911824598163, 'lag_10': 0.09958136639064362, 'lag_11': 0.12275241793240232, 'lag_12': 0.26829189165243544, 'lag_13': 0.2380527617645142, 'lag_14': 0.7349520419064832, 'lag_15': 0.8759379697167594, 'lag_16': 0.2757319485938231, 'lag_17': 0.5283950709594621, 'lag_18': 0.9711696145446781, 'lag_19': 0.013477388129553151, 'lag_20': 0.35913160189106075, 'lag_21': 0.3185038853087377, 'lag_22': 0.5872252361803898, 'lag_23': 0.26376468000491565, 'lag_24': 0.6981895118520431, 'lag_25': 0.4496322644395923, 'lag_26': 0.2813874542528668, 'lag_27': 0.745875027586218, 'lag_28': 0.12201481527418576}.
[I 2025-10-03 11:33:31,708] Trial 54 finished with values: [0.021477146230392985, 0.0038277533448776656, 0.001674775369002808, 0.0010360099685983713, 0.001493065816829052, 0.004496894896447658, 0.0007651138697462612, 0.002930969371410889, 0.00047164652447390283, 0.00011550130268664161, 0.00029332250681871194, 4.1996227615623455e-05, 0.02709327919250727, 0.004875408289539762, 0.0, 0.08440366281532811, 0.002655630462614412, 0.0005077612766015355, 0.00970346113407398, 0.006881508845617104, 0.015574542121314478, 0.0011397501635496481, 0.0007744174348064215, 5.24671001404365e-05, 0.015897998787790312, 0.0005489380050257342, 0.0008514925782489871, 0.0009026180174167732, 0.0024015471294534544] and parameters: {'lag_0': 0.30401875251442045, 'lag_1': 0.5761439659952015, 'lag_2': 0.04678507029149662, 'lag_3': 0.9787308118666213, 'lag_4': 0.5284319163534941, 'lag_5': 0.844098580360276, 'lag_6': 0.030083274185926507, 'lag_7': 0.7861834846435337, 'lag_8': 0.16437368413777298, 'lag_9': 0.9344782293626123, 'lag_10': 0.3230288311708914, 'lag_11': 0.9249021439417726, 'lag_12': 0.583040018459531, 'lag_13': 0.4667684405428912, 'lag_14': 0.11841386726880891, 'lag_15': 0.5078772482689538, 'lag_16': 0.5070675082445126, 'lag_17': 0.6336933887358484, 'lag_18': 0.4968971195839507, 'lag_19': 0.7115732711860084, 'lag_20': 0.205121135902274, 'lag_21': 0.11230350330745299, 'lag_22': 0.5115170845694554, 'lag_23': 0.02624606428973018, 'lag_24': 0.1559727868798865, 'lag_25': 0.2571019974156676, 'lag_26': 0.002289443462595395, 'lag_27': 0.41861433168273904, 'lag_28': 0.6006033381837134}.
[I 2025-10-03 11:33:34,371] Trial 55 finished with values: [0.01010669603210396, 0.0028736407139723077, 0.004001222699126646, 0.00037169400637967657, 0.000947839558195996, 0.006545201098844003, 0.00035456386449072343, 0.004513297201269605, 0.0009008193553516761, 0.0003978380110772092, 9.402373877485874e-05, 0.0003691035963701399, 0.02691438584557913, 0.005014046580994869, 0.0, 0.07999493559618515, 0.0017018230828272744, 0.0005020882744044133, 0.01000731945436501, 0.006432390375906455, 0.0181005256152414, 0.0009927018696966256, 0.0008114796168677419, 1.9043214059984846e-05, 0.014251370487731365, 0.0004310047319042693, 0.0010545707988069588, 0.0018293950915935658, 0.002275986143008504] and parameters: {'lag_0': 0.298194223734479, 'lag_1': 0.29908244191831856, 'lag_2': 0.8389901014255153, 'lag_3': 0.8011118786949301, 'lag_4': 0.9184893018851354, 'lag_5': 0.1759183870751439, 'lag_6': 0.8633071710836787, 'lag_7': 0.594681679482672, 'lag_8': 0.5080137999429809, 'lag_9': 0.6820941106700569, 'lag_10': 0.2740573834351731, 'lag_11': 0.38164004864324413, 'lag_12': 0.3618114916279005, 'lag_13': 0.09873445198251132, 'lag_14': 0.4720523644307731, 'lag_15': 0.15665948440100327, 'lag_16': 0.6829069338510808, 'lag_17': 0.040596176623766515, 'lag_18': 0.6821784002681005, 'lag_19': 0.4678243192195846, 'lag_20': 0.11128434441960228, 'lag_21': 0.12341800013759867, 'lag_22': 0.9521830188136262, 'lag_23': 0.5891802898844679, 'lag_24': 0.06000482807158056, 'lag_25': 0.6626393735917555, 'lag_26': 0.27807819670847456, 'lag_27': 0.3630966434734861, 'lag_28': 0.9764259027491838}.
[I 2025-10-03 11:33:37,042] Trial 56 finished with values: [0.020397153351698803, 0.0022917771227185767, 0.000691156071914443, 0.0015185004630069846, 0.000367088756425171, 0.002866678498295053, 0.0007036803032037721, 0.005331085231853259, 0.0010818922685417634, 0.00026298496238676003, 0.00014127901535209957, 0.00017124216233254785, 0.026905886244060383, 0.0044383765325536105, 0.0, 0.08147953317088, 0.002323496420609219, 0.000524734318080838, 0.010129847632903545, 0.006836023815506418, 0.017313266767238284, 0.0008971037289416157, 0.0006035746900339212, 8.808266027121997e-05, 0.014665251797211334, 0.0007854276904433848, 0.0012423018209371138, 0.001366490995962946, 0.0010671767823676142] and parameters: {'lag_0': 0.8442731249425459, 'lag_1': 0.8806719164443688, 'lag_2': 0.4153461891863297, 'lag_3': 0.14449625356575513, 'lag_4': 0.8323531959659604, 'lag_5': 0.10237194493022214, 'lag_6': 0.3391695091523567, 'lag_7': 0.5103918185422752, 'lag_8': 0.8306902318313159, 'lag_9': 0.8209641005429815, 'lag_10': 0.061809200922344404, 'lag_11': 0.9737903064887927, 'lag_12': 0.1986503481068769, 'lag_13': 0.11085443539476743, 'lag_14': 0.05867267208458928, 'lag_15': 0.3269307107259969, 'lag_16': 0.07729315372945757, 'lag_17': 0.659786562029288, 'lag_18': 0.42800610621263296, 'lag_19': 0.8523950213292928, 'lag_20': 0.27742229053899636, 'lag_21': 0.8860325898113558, 'lag_22': 0.46601029141438194, 'lag_23': 0.49043832094415907, 'lag_24': 0.2792187733862761, 'lag_25': 0.6401764018941076, 'lag_26': 0.1233673053230664, 'lag_27': 0.6918705038494041, 'lag_28': 0.15941873413877403}.
[I 2025-10-03 11:33:39,700] Trial 57 finished with values: [0.014475986675662, 0.0012344021524647658, 0.003003737566500883, 0.0009943321383379783, 0.00037706419412522385, 0.005696258724677732, 0.0003980228230853618, 0.004170753327432066, 0.0006359706378234166, 0.0005982256733459941, 0.0002536412948897118, 0.0005861790329847085, 0.028223960251864903, 0.003451875115299958, 0.0, 0.07887384495593379, 0.002149249704398459, 0.000624381291347153, 0.010123524267850655, 0.007778228889704877, 0.01678413092853922, 0.0008689546607522456, 0.0006128296198193751, 5.38903950464537e-05, 0.015916992738466043, 0.00036302747714093145, 0.0005873285975004866, 0.0020284988450140996, 0.0008291136536538835] and parameters: {'lag_0': 0.8665294699868484, 'lag_1': 0.8566426797270563, 'lag_2': 0.26337721422279564, 'lag_3': 0.31474130269380857, 'lag_4': 0.023079386914534757, 'lag_5': 0.7275430209069209, 'lag_6': 0.658776793393846, 'lag_7': 0.3594244652066315, 'lag_8': 0.5091141174178516, 'lag_9': 0.3535099003620586, 'lag_10': 0.46174720214315407, 'lag_11': 0.7597388592284234, 'lag_12': 0.06048142173944175, 'lag_13': 0.15366795276366232, 'lag_14': 0.9106096537456735, 'lag_15': 0.9959834570649648, 'lag_16': 0.5191014889250997, 'lag_17': 0.4838130786587801, 'lag_18': 0.36878073022091057, 'lag_19': 0.6566720910796098, 'lag_20': 0.06118846040740209, 'lag_21': 0.5213683079101747, 'lag_22': 0.17999222385871816, 'lag_23': 0.09438437018496448, 'lag_24': 0.22755942092726153, 'lag_25': 0.6809371938587971, 'lag_26': 0.04671053394856613, 'lag_27': 0.9377897263859024, 'lag_28': 0.6083892454710931}.
[I 2025-10-03 11:33:42,485] Trial 58 finished with values: [0.027091942148760328, 0.0015130016503642875, 0.0005740447797961852, 0.0021108287760836907, 0.0005789119706113616, 0.005495319808895334, 0.00011826941257187082, 0.004188251340885333, 0.0007832446783014602, 0.0003225151687831804, 0.00011776522457646431, 0.0001591697059012895, 0.02665962054549839, 0.0033904404558370363, 0.0, 0.07707831869969353, 0.002490401127470795, 0.00040466057843566134, 0.010203486946079712, 0.007614030687080525, 0.016346928804377953, 0.0010089674488042723, 0.00065628898615068, 5.290475603378919e-05, 0.015789296481023077, 7.722165975863279e-05, 0.0012142796031784887, 0.0008252344532104349, 0.0007309451821110632] and parameters: {'lag_0': 0.4778822470877368, 'lag_1': 0.803984282893221, 'lag_2': 0.48454134607993826, 'lag_3': 0.5472691828434098, 'lag_4': 0.03378850505274034, 'lag_5': 0.28841452890680275, 'lag_6': 0.30190066920979625, 'lag_7': 0.8538143628400344, 'lag_8': 0.011631491055265576, 'lag_9': 0.40707685453563924, 'lag_10': 0.9797227978252152, 'lag_11': 0.9169988667957494, 'lag_12': 0.49175151056615307, 'lag_13': 0.44014808599297683, 'lag_14': 0.015717134330276078, 'lag_15': 0.05310361122770059, 'lag_16': 0.6031201511947168, 'lag_17': 0.3077847169285715, 'lag_18': 0.22563448963277585, 'lag_19': 0.16093808438558982, 'lag_20': 0.9559531805970396, 'lag_21': 0.33805037420904316, 'lag_22': 0.8521926428732916, 'lag_23': 0.8231682184918835, 'lag_24': 0.43266383509434664, 'lag_25': 0.6276943087890791, 'lag_26': 0.6079997392486023, 'lag_27': 0.6919821089819556, 'lag_28': 0.5880122004523299}.
[I 2025-10-03 11:33:45,148] Trial 59 finished with values: [0.02242022497704316, 0.001887766669979072, 0.004653719107620052, 0.0007989760119556696, 0.0003359317225144817, 0.005039344506186048, 0.0003513632040265941, 0.002152418237073432, 0.000789680805510209, 0.00023502412630029538, 0.0001600142975218325, 0.0003569938200806661, 0.02726477733855548, 0.004887267155701198, 0.0, 0.0832700020944082, 0.002400071794979843, 0.0005257279165977448, 0.01016544591391658, 0.006345276826932943, 0.01733597989280488, 0.000981461416967279, 0.0005201798371265518, 6.760032891772162e-05, 0.015744429573730616, 0.00026600744274316186, 0.00054624411606449, 0.0011467137768234339, 0.0019504742937245568] and parameters: {'lag_0': 0.16612866538695176, 'lag_1': 0.11100483408728859, 'lag_2': 0.6480118136747882, 'lag_3': 0.8732764031744888, 'lag_4': 0.7470705142563858, 'lag_5': 0.4545347391063286, 'lag_6': 0.8669556709622127, 'lag_7': 0.708115440345552, 'lag_8': 0.8937315036522981, 'lag_9': 0.9438197373522175, 'lag_10': 0.7160226323222065, 'lag_11': 0.520570034033374, 'lag_12': 0.6083648414409109, 'lag_13': 0.6260045632794974, 'lag_14': 0.37464805619027036, 'lag_15': 0.6572495206046031, 'lag_16': 0.27424276308887274, 'lag_17': 0.12892911983950156, 'lag_18': 0.40830331199327824, 'lag_19': 0.181279219105512, 'lag_20': 0.2261198749051026, 'lag_21': 0.22913905879504143, 'lag_22': 0.1573700976495608, 'lag_23': 0.13624341752066127, 'lag_24': 0.05044733043053723, 'lag_25': 0.24076920627582532, 'lag_26': 0.657288630568234, 'lag_27': 0.33461977737907966, 'lag_28': 0.1220188326091359}.
[I 2025-10-03 11:33:47,819] Trial 60 finished with values: [0.022826446280991737, 0.0035413185325551522, 0.0025393432685889466, 0.0007972558866979982, 0.00064963391958513, 0.004313020127443428, 0.00025946654812284266, 0.0062311546503698795, 0.0007234562683451026, 0.0001934583889543025, 0.00012740470602467407, 0.0002572086255528931, 0.025591597091195045, 0.0063792291083774365, 0.0, 0.07723982148527694, 0.002423891770849768, 0.0005152112315221631, 0.00972133579308183, 0.0072296024952755306, 0.01634608150556957, 0.001085966713672716, 0.0005837232309887936, 2.2011194506272667e-05, 0.014277595998581676, 0.0002626314770894105, 0.00046000949034452697, 0.0015664991283722528, 0.0008717142876950969] and parameters: {'lag_0': 0.6472090444444532, 'lag_1': 0.19216738647932072, 'lag_2': 0.184036598243945, 'lag_3': 0.6146653140980116, 'lag_4': 0.9210409208452145, 'lag_5': 0.09078034094796016, 'lag_6': 0.16146527876874017, 'lag_7': 0.5732108411285531, 'lag_8': 0.9639556345028646, 'lag_9': 0.3050408598953539, 'lag_10': 0.7398121376489281, 'lag_11': 0.3017864358730733, 'lag_12': 0.13502031945056292, 'lag_13': 0.9752441457158196, 'lag_14': 0.007584571765744727, 'lag_15': 0.21826569118272698, 'lag_16': 0.5285137398728228, 'lag_17': 0.020056846861290743, 'lag_18': 0.44580049429872504, 'lag_19': 0.6646217535658334, 'lag_20': 0.7886397454433415, 'lag_21': 0.33489341094794794, 'lag_22': 0.8045810528094729, 'lag_23': 0.008639467394528793, 'lag_24': 0.042344270123916755, 'lag_25': 0.818143560404602, 'lag_26': 0.9099316967939329, 'lag_27': 0.47172330176997096, 'lag_28': 0.07081000300565675}.
[I 2025-10-03 11:33:50,492] Trial 61 finished with values: [0.02447248056638666, 0.005513492651962745, 0.001092812284721713, 0.0009126341833802836, 0.0016186154691133047, 0.0018760369618660948, 0.0005665498049713857, 0.005639241364056759, 0.0016945314670870249, 7.675866071518048e-05, 4.97455554678394e-05, 0.0006820462817957491, 0.025469727504834366, 0.003699209254357569, 0.0, 0.08118725126373355, 0.0023489750774792215, 0.0006015754597319108, 0.009167922230733908, 0.006806988884389574, 0.017091819369119195, 0.0009528597904967427, 0.0009108518980865621, 6.562917664755973e-05, 0.015294657836597076, 0.0004546665236174406, 0.000778126340022709, 0.0010854581464584908, 0.001563008508567899] and parameters: {'lag_0': 0.069832533862065, 'lag_1': 0.4135441015543327, 'lag_2': 0.11081520769623861, 'lag_3': 0.5455837314302541, 'lag_4': 0.018874338233048814, 'lag_5': 0.9916056305102654, 'lag_6': 0.8637940431784412, 'lag_7': 0.0726419976498121, 'lag_8': 0.28792324922319484, 'lag_9': 0.8409997182923652, 'lag_10': 0.42332593746221514, 'lag_11': 0.4276876885466806, 'lag_12': 0.1301765222551078, 'lag_13': 0.8755341102799675, 'lag_14': 0.20498446823427185, 'lag_15': 0.8830937725333776, 'lag_16': 0.6685035800578162, 'lag_17': 0.978856078238356, 'lag_18': 0.5956471169487436, 'lag_19': 0.4689918121518905, 'lag_20': 0.7245872034137375, 'lag_21': 0.3810225686343734, 'lag_22': 0.4458512402410708, 'lag_23': 0.8431790417915824, 'lag_24': 0.9113958822863611, 'lag_25': 0.1667168204329294, 'lag_26': 0.7614743130885416, 'lag_27': 0.643219399386326, 'lag_28': 0.9139721872661257}.
[I 2025-10-03 11:33:53,160] Trial 62 finished with values: [0.027091942148760328, 0.0029414015477699324, 0.0009437337632360011, 0.00045921512798667157, 0.00013114106274122325, 0.005307088026143164, 0.0009267357354314149, 0.004643212223718397, 0.0006725254831506448, 0.00027894955609068345, 0.0002054708521534835, 0.0004115757350061199, 0.02467784815932932, 0.005664124935197785, 0.0, 0.07818655849004227, 0.0019200582373716008, 0.000575261559319587, 0.01029917197063185, 0.007963733121193141, 0.01716557049405209, 0.0009174141009577336, 0.0005666685481866016, 6.046894336918248e-05, 0.015320778260917467, 0.0003530993601918283, 0.000903946460466571, 0.0010913230167936346, 0.0007978123510976164] and parameters: {'lag_0': 0.6612807842623485, 'lag_1': 0.24834906781717253, 'lag_2': 0.26337721422279564, 'lag_3': 0.05902258817528439, 'lag_4': 0.46486074002586625, 'lag_5': 0.10829546074561426, 'lag_6': 0.8718317563269117, 'lag_7': 0.4830829438226124, 'lag_8': 0.10349353777002918, 'lag_9': 0.45735009158741935, 'lag_10': 0.07473434234916089, 'lag_11': 0.5784640197971151, 'lag_12': 0.06048142173944175, 'lag_13': 0.3445984906397354, 'lag_14': 0.0073409528540410995, 'lag_15': 0.26877608122797536, 'lag_16': 0.7470083069775432, 'lag_17': 0.4838130786587801, 'lag_18': 0.5690421346313335, 'lag_19': 0.865576583603019, 'lag_20': 0.12393273315577967, 'lag_21': 0.30257217537258496, 'lag_22': 0.7120516201275626, 'lag_23': 0.6196740568936657, 'lag_24': 0.6762914083990635, 'lag_25': 0.6809371938587971, 'lag_26': 0.04671053394856613, 'lag_27': 0.9377897263859024, 'lag_28': 0.6083892454710931}.
[I 2025-10-03 11:33:55,831] Trial 63 finished with values: [0.027091942148760328, 0.0012935324987784142, 0.0026544984085495093, 0.0012020646417029994, 0.0017517481424782233, 0.0061827861464485425, 0.00019927288196741307, 0.0033390737654412942, 0.0006438300201488681, 0.0004085992790722289, 4.902356920012636e-05, 6.897891248988071e-05, 0.029786613209685186, 0.003176705571765825, 0.0, 0.08907128802980409, 0.0025960159169169843, 0.0006119379105378393, 0.010192744311726043, 0.007520219260633956, 0.017339200594487937, 0.0012319236018108097, 0.0005375976979764456, 7.099846611119071e-05, 0.01550807399210197, 0.00037200824184969734, 0.0007648162720652867, 0.00070719652862849, 0.0019012498125715485] and parameters: {'lag_0': 0.09207709656546759, 'lag_1': 0.47638690938046085, 'lag_2': 0.8402990551040136, 'lag_3': 0.12701514786795673, 'lag_4': 0.6287578128531479, 'lag_5': 0.8333379368260736, 'lag_6': 0.25331296133128073, 'lag_7': 0.8823825458908127, 'lag_8': 0.10796100325716189, 'lag_9': 0.023442697295631663, 'lag_10': 0.6296713145319401, 'lag_11': 0.6587868980556324, 'lag_12': 0.975716728612034, 'lag_13': 0.53247447850066, 'lag_14': 0.20302787689808485, 'lag_15': 0.7674151474199885, 'lag_16': 0.415422641616791, 'lag_17': 0.018657582836790053, 'lag_18': 0.7518015027540029, 'lag_19': 0.1785005493712599, 'lag_20': 0.42353212258384954, 'lag_21': 0.3522757539530953, 'lag_22': 0.44783018149069276, 'lag_23': 0.05384005897997389, 'lag_24': 0.8704045197308551, 'lag_25': 0.5399577827085212, 'lag_26': 0.722633121612307, 'lag_27': 0.4988030938628318, 'lag_28': 0.9782649305417979}.
