[I 2025-09-29 13:23:32,613] Trial 24 finished with value: 0.008448987077398223 and parameters: {'lag_0': 0.9281422742178332, 'lag_1': 0.26719846642689654, 'lag_2': 0.18522349722155035, 'lag_3': 0.3781433937500279, 'lag_4': 0.7275176546987783, 'lag_5': 0.781517983647163, 'lag_6': 0.4431035604236624, 'lag_7': 0.11049175185736321, 'lag_8': 0.2995944825241196, 'lag_9': 0.09435127656191478, 'lag_10': 0.6908007510984647, 'lag_11': 0.29162837690523546, 'lag_12': 0.4897143245206833, 'lag_13': 0.19439371697220234, 'lag_14': 0.5315878313790176, 'lag_15': 0.46589863248130364, 'lag_16': 0.763062327657489, 'lag_17': 0.1620042345287599, 'lag_18': 0.4779314159833504, 'lag_19': 0.5817422954164375, 'lag_20': 0.6789382326193933, 'lag_21': 0.10248016808191972, 'lag_22': 0.3957813171797523, 'lag_23': 0.3364596549528978, 'lag_24': 0.9207136200807668, 'lag_25': 0.7432537277717397, 'lag_26': 0.2730038795927654, 'lag_27': 0.345340537260641, 'lag_28': 0.8169037046565248}. Best is trial 12 with value: 0.007112476563566757.
[I 2025-09-29 13:23:35,175] Trial 25 finished with value: 0.007783865463482378 and parameters: {'lag_0': 0.6982257842233048, 'lag_1': 0.12382968079179091, 'lag_2': 0.0713278011597448, 'lag_3': 0.2686310921135873, 'lag_4': 0.9237349531463476, 'lag_5': 0.3821274538758912, 'lag_6': 0.6796908283650797, 'lag_7': 0.2950693977636051, 'lag_8': 0.21013253858219422, 'lag_9': 0.3419000993030386, 'lag_10': 0.8635969049046224, 'lag_11': 0.5764837429258891, 'lag_12': 0.24118897603951026, 'lag_13': 0.08873277408243319, 'lag_14': 0.836051322471123, 'lag_15': 0.4053214307105106, 'lag_16': 0.5356490839368885, 'lag_17': 0.8745020337787867, 'lag_18': 0.8336583711676364, 'lag_19': 0.9918926502188306, 'lag_20': 0.33694527044841155, 'lag_21': 0.32855100945183924, 'lag_22': 0.664487604991926, 'lag_23': 0.001993087565168472, 'lag_24': 0.5717547507584333, 'lag_25': 0.6045169507136107, 'lag_26': 0.5355350182836248, 'lag_27': 0.789777441855247, 'lag_28': 0.5163617720835381}. Best is trial 12 with value: 0.007112476563566757.
[I 2025-09-29 13:23:37,739] Trial 26 finished with value: 0.007802416577487819 and parameters: {'lag_0': 0.8332191489129669, 'lag_1': 0.4307068787039725, 'lag_2': 0.3150714043707224, 'lag_3': 0.46941463161361563, 'lag_4': 0.8108048136998796, 'lag_5': 0.12370971336130365, 'lag_6': 0.7939620877051019, 'lag_7': 0.4305318383985872, 'lag_8': 0.08521125194816857, 'lag_9': 0.23727884645261335, 'lag_10': 0.5215505830908179, 'lag_11': 0.4863185015287358, 'lag_12': 0.39219898759952965, 'lag_13': 0.32889095907473787, 'lag_14': 0.9886458857940649, 'lag_15': 0.6120716648230036, 'lag_16': 0.21004532580868157, 'lag_17': 0.4192279309243787, 'lag_18': 0.9998915051751045, 'lag_19': 0.8618708593349189, 'lag_20': 0.5487650913400632, 'lag_21': 0.5006278362879778, 'lag_22': 0.001951035299727899, 'lag_23': 0.5707521692416707, 'lag_24': 0.7401636942453801, 'lag_25': 0.8853750510494693, 'lag_26': 0.4071550835194352, 'lag_27': 0.12740745801243578, 'lag_28': 0.6605053052971789}. Best is trial 12 with value: 0.007112476563566757.
[I 2025-09-29 13:23:40,307] Trial 27 finished with value: 0.007465870228478844 and parameters: {'lag_0': 0.6565714861738192, 'lag_1': 0.30094850443656357, 'lag_2': 0.5584004027521263, 'lag_3': 0.7686484019012686, 'lag_4': 0.7141033569426661, 'lag_5': 0.8434576514280487, 'lag_6': 0.00886250190683835, 'lag_7': 0.13999006220083468, 'lag_8': 0.35575447216601497, 'lag_9': 0.07160319564672607, 'lag_10': 0.23246445385835243, 'lag_11': 0.40797339614847655, 'lag_12': 0.6786789637453171, 'lag_13': 0.0035870666618748326, 'lag_14': 0.3839236665527197, 'lag_15': 0.21818853290993173, 'lag_16': 0.020783159590409342, 'lag_17': 0.3368779998395611, 'lag_18': 0.23582046748975605, 'lag_19': 0.7903691407861291, 'lag_20': 0.2762411063310588, 'lag_21': 0.20347130291182958, 'lag_22': 0.4987626165919123, 'lag_23': 0.2710968056439299, 'lag_24': 0.9125856361302559, 'lag_25': 0.7700426959238764, 'lag_26': 0.30579002828906376, 'lag_27': 0.44585091183522707, 'lag_28': 0.2337421924808027}. Best is trial 12 with value: 0.007112476563566757.
[I 2025-09-29 13:23:42,861] Trial 28 finished with value: 0.008226701016282614 and parameters: {'lag_0': 0.46720279255953395, 'lag_1': 0.17136908058537378, 'lag_2': 0.40321838933639215, 'lag_3': 0.16568298660241235, 'lag_4': 0.9139343589158399, 'lag_5': 0.7120111949849257, 'lag_6': 0.32192122937416845, 'lag_7': 0.24145175646428624, 'lag_8': 0.13905710920149647, 'lag_9': 0.6358727756901548, 'lag_10': 0.456899005778627, 'lag_11': 0.7442758413808697, 'lag_12': 0.5789639834127764, 'lag_13': 0.20488433200592393, 'lag_14': 0.7208204180419192, 'lag_15': 0.5289851989434875, 'lag_16': 0.11075475240157695, 'lag_17': 0.006028629243616912, 'lag_18': 0.7454476886827129, 'lag_19': 0.6728547340609834, 'lag_20': 0.4353175427304334, 'lag_21': 0.2684410797328215, 'lag_22': 0.28006183303228666, 'lag_23': 0.47904277128802414, 'lag_24': 0.8464566700390364, 'lag_25': 0.4813263567319035, 'lag_26': 0.7074905654145979, 'lag_27': 0.28727590798029273, 'lag_28': 0.38673324521480845}. Best is trial 12 with value: 0.007112476563566757.
[I 2025-09-29 13:23:45,426] Trial 29 finished with value: 0.0072648977295778185 and parameters: {'lag_0': 0.1228574487442907, 'lag_1': 0.6109350530034826, 'lag_2': 0.6906424434676709, 'lag_3': 0.40770310006315535, 'lag_4': 0.5972646444259829, 'lag_5': 0.2385278052358086, 'lag_6': 0.6147870055850352, 'lag_7': 0.7441210756300436, 'lag_8': 0.6152536264495375, 'lag_9': 0.47246026728613805, 'lag_10': 0.5837839488510164, 'lag_11': 0.0921946263466989, 'lag_12': 0.7918337022139788, 'lag_13': 0.054361371459185064, 'lag_14': 0.21721916634605454, 'lag_15': 0.30900969193342237, 'lag_16': 0.41442142083733624, 'lag_17': 0.8743358539537369, 'lag_18': 0.9068756340586404, 'lag_19': 0.9246899789651406, 'lag_20': 0.8501618056460309, 'lag_21': 0.06730846825224754, 'lag_22': 0.17375938349857892, 'lag_23': 0.6918608148691385, 'lag_24': 0.3303385166163122, 'lag_25': 0.6123383991454523, 'lag_26': 0.31798860870351287, 'lag_27': 0.562416720899012, 'lag_28': 0.6296962568449245}. Best is trial 12 with value: 0.007112476563566757.
[I 2025-09-29 13:23:47,991] Trial 30 finished with value: 0.007839387461458616 and parameters: {'lag_0': 0.9282161793529605, 'lag_1': 0.627647590293623, 'lag_2': 0.7001258268989021, 'lag_3': 0.09309434293952135, 'lag_4': 0.576156621094434, 'lag_5': 0.21834748311322563, 'lag_6': 0.2411412596168956, 'lag_7': 0.6961661169429801, 'lag_8': 0.5996940450022018, 'lag_9': 0.4826718834802302, 'lag_10': 0.5682488991826509, 'lag_11': 0.012603974222648931, 'lag_12': 0.7776387549552832, 'lag_13': 0.4503043142774652, 'lag_14': 0.18004157854829267, 'lag_15': 0.10853219595855812, 'lag_16': 0.5941869512812374, 'lag_17': 0.9942329854168162, 'lag_18': 0.8899777620626509, 'lag_19': 0.9262934692945672, 'lag_20': 0.9811840772950466, 'lag_21': 0.060484699689493486, 'lag_22': 0.12422125743476753, 'lag_23': 0.2939247878332728, 'lag_24': 0.3011223040338664, 'lag_25': 0.62519780992719, 'lag_26': 0.32443668539171167, 'lag_27': 0.5668506004625908, 'lag_28': 0.6449360284562066}. Best is trial 12 with value: 0.007112476563566757.
[I 2025-09-29 13:23:50,698] Trial 31 finished with value: 0.008191532329142288 and parameters: {'lag_0': 0.09183293640753368, 'lag_1': 0.5040987962661563, 'lag_2': 0.8394815798789816, 'lag_3': 0.48938394288881853, 'lag_4': 0.4734012117433104, 'lag_5': 0.22871923123248958, 'lag_6': 0.6059199316267536, 'lag_7': 0.6663828806128994, 'lag_8': 0.7235648884407276, 'lag_9': 0.45453793334781767, 'lag_10': 0.6791163789500114, 'lag_11': 0.10998040347281246, 'lag_12': 0.9859424834458642, 'lag_13': 0.06702939764589544, 'lag_14': 0.3103530688381965, 'lag_15': 0.30777745817008756, 'lag_16': 0.4235928151106633, 'lag_17': 0.8663090836029901, 'lag_18': 0.9406174099915582, 'lag_19': 0.90083802687798, 'lag_20': 0.8924884964907477, 'lag_21': 0.1523050036478078, 'lag_22': 0.19678914464629338, 'lag_23': 0.7021056905838821, 'lag_24': 0.36561324710446547, 'lag_25': 0.515349757551439, 'lag_26': 0.25259888872510805, 'lag_27': 0.642867117628283, 'lag_28': 0.5925503906536387}. Best is trial 12 with value: 0.007112476563566757.
[I 2025-09-29 13:23:53,272] Trial 32 finished with value: 0.008154542708857912 and parameters: {'lag_0': 0.22579471617452346, 'lag_1': 0.5886642734085805, 'lag_2': 0.7307062843015792, 'lag_3': 0.4165696374022127, 'lag_4': 0.6750363215231734, 'lag_5': 0.353830774434422, 'lag_6': 0.48734819057565115, 'lag_7': 0.9440656200749382, 'lag_8': 0.6735250447519254, 'lag_9': 0.3620019003648635, 'lag_10': 0.3424915689254007, 'lag_11': 0.24747111887437276, 'lag_12': 0.331823856104695, 'lag_13': 0.14802161148282023, 'lag_14': 0.23043792320539985, 'lag_15': 0.3530360328737512, 'lag_16': 0.2871833583431131, 'lag_17': 0.5724791402812983, 'lag_18': 0.6307004978669235, 'lag_19': 0.8145770806987633, 'lag_20': 0.7502739559095386, 'lag_21': 0.06425714556872181, 'lag_22': 0.1602923557595686, 'lag_23': 0.8166948885463932, 'lag_24': 0.19300303123748533, 'lag_25': 0.9378883847278073, 'lag_26': 0.09444545083460529, 'lag_27': 0.7712770135425546, 'lag_28': 0.4999576141944129}. Best is trial 12 with value: 0.007112476563566757.
[I 2025-09-29 13:23:55,837] Trial 33 finished with value: 0.008057358915195415 and parameters: {'lag_0': 0.09000938585155635, 'lag_1': 0.718316133660262, 'lag_2': 0.98103651451945, 'lag_3': 0.573706647016491, 'lag_4': 0.5966100702463868, 'lag_5': 0.13780340023131557, 'lag_6': 0.6512576147721738, 'lag_7': 0.5202166049997267, 'lag_8': 0.5016580292245117, 'lag_9': 0.19048506146446917, 'lag_10': 0.4798690121512782, 'lag_11': 0.5301911317788721, 'lag_12': 0.8222711883294663, 'lag_13': 0.960138797398703, 'lag_14': 0.07564838917981934, 'lag_15': 0.48204109240997045, 'lag_16': 0.6166524376695639, 'lag_17': 0.9276189227933648, 'lag_18': 0.5341738927311837, 'lag_19': 0.7208025517420742, 'lag_20': 0.7988037125593063, 'lag_21': 0.22049331767759475, 'lag_22': 0.2843332251070577, 'lag_23': 0.8997638452121365, 'lag_24': 0.38695857007514517, 'lag_25': 0.5816843474302404, 'lag_26': 0.45894906337825014, 'lag_27': 0.6763420317528022, 'lag_28': 0.6996703201079939}. Best is trial 12 with value: 0.007112476563566757.
[I 2025-09-29 13:23:58,407] Trial 34 finished with value: 0.007808406775351965 and parameters: {'lag_0': 0.12023206312598525, 'lag_1': 0.8985612782777554, 'lag_2': 0.8914133940770192, 'lag_3': 0.3222240831454295, 'lag_4': 0.33585466328575536, 'lag_5': 0.2955133208521828, 'lag_6': 0.38821211056977445, 'lag_7': 0.7585808459021488, 'lag_8': 0.448111570743401, 'lag_9': 0.5153648560241113, 'lag_10': 0.5810402135591898, 'lag_11': 0.11081555940635934, 'lag_12': 0.4558022116976499, 'lag_13': 0.0038658000157156007, 'lag_14': 0.4546052218539067, 'lag_15': 0.30452491821913386, 'lag_16': 0.49015225096007636, 'lag_17': 0.710070603386532, 'lag_18': 0.8413073107306152, 'lag_19': 0.6423680821170807, 'lag_20': 0.883761294621696, 'lag_21': 0.3881984426376772, 'lag_22': 0.5529811738637578, 'lag_23': 0.6912210835897431, 'lag_24': 0.24457338550019714, 'lag_25': 0.30178068115183715, 'lag_26': 0.3548694262892927, 'lag_27': 0.432676082129381, 'lag_28': 0.5221278516521962}. Best is trial 12 with value: 0.007112476563566757.
[I 2025-09-29 13:24:00,972] Trial 35 finished with value: 0.007639761160892837 and parameters: {'lag_0': 0.20500273409171865, 'lag_1': 0.8071015899555041, 'lag_2': 0.6347047109556933, 'lag_3': 0.24589862835506213, 'lag_4': 0.7635273813415038, 'lag_5': 0.07848306014557044, 'lag_6': 0.5588110465961318, 'lag_7': 0.9890124649657951, 'lag_8': 0.2486045061476267, 'lag_9': 0.7795816858254632, 'lag_10': 0.24865663149443684, 'lag_11': 0.3522626826480344, 'lag_12': 0.5234865492695107, 'lag_13': 0.8064215756122486, 'lag_14': 0.3772924033114687, 'lag_15': 0.09375222202992622, 'lag_16': 0.39562120810198714, 'lag_17': 0.863019144391654, 'lag_18': 0.9583871936509255, 'lag_19': 0.554802792163128, 'lag_20': 0.6691785944692268, 'lag_21': 0.10114124168081859, 'lag_22': 0.4027338599861166, 'lag_23': 0.6090011502356313, 'lag_24': 0.5012186346772054, 'lag_25': 0.8412907466296016, 'lag_26': 0.5642601203056914, 'lag_27': 0.5391809039450774, 'lag_28': 0.794869699911136}. Best is trial 12 with value: 0.007112476563566757.
[I 2025-09-29 13:24:03,536] Trial 36 finished with value: 0.007262741995983027 and parameters: {'lag_0': 0.2860813926390251, 'lag_1': 0.44349366530796286, 'lag_2': 0.457066371553153, 'lag_3': 0.7387762623590257, 'lag_4': 0.5224187198870023, 'lag_5': 0.537166766275821, 'lag_6': 0.27242208950293556, 'lag_7': 0.6113270096414929, 'lag_8': 0.0464916561371185, 'lag_9': 0.8197502364284498, 'lag_10': 0.843264242928792, 'lag_11': 0.43250750220759526, 'lag_12': 0.024650947419441405, 'lag_13': 0.06839969164699508, 'lag_14': 0.2647200197742781, 'lag_15': 0.05229588805200097, 'lag_16': 0.7304077068502128, 'lag_17': 0.640059069596999, 'lag_18': 0.9123125278656349, 'lag_19': 0.9431956230168571, 'lag_20': 0.5520549164570263, 'lag_21': 0.006302419424005362, 'lag_22': 0.4742980116898858, 'lag_23': 0.9440988218375763, 'lag_24': 0.944436183513239, 'lag_25': 0.4266508245566415, 'lag_26': 0.11826167888985868, 'lag_27': 0.9937564386936664, 'lag_28': 0.47399339784118594}. Best is trial 12 with value: 0.007112476563566757.
[I 2025-09-29 13:24:06,098] Trial 37 finished with value: 0.008069984555081653 and parameters: {'lag_0': 0.28463313839960747, 'lag_1': 0.46860258156617285, 'lag_2': 0.4653779123162786, 'lag_3': 0.7570255161348042, 'lag_4': 0.5176270087907043, 'lag_5': 0.6379772501434313, 'lag_6': 0.15361120578631143, 'lag_7': 0.6191621294892105, 'lag_8': 0.7705450492680566, 'lag_9': 0.6242461124850092, 'lag_10': 0.8580305395841402, 'lag_11': 0.6247491256477472, 'lag_12': 0.16969000503078246, 'lag_13': 0.0678061807831366, 'lag_14': 0.21895414130577673, 'lag_15': 0.048192206532292906, 'lag_16': 0.9253228618529448, 'lag_17': 0.6906239638268756, 'lag_18': 0.7717470544455235, 'lag_19': 0.9474630604870313, 'lag_20': 0.10056160410941917, 'lag_21': 0.0136593416786965, 'lag_22': 0.4786533224696534, 'lag_23': 0.9746014234495721, 'lag_24': 0.16775849982673316, 'lag_25': 0.25476108835597755, 'lag_26': 0.6740221969422135, 'lag_27': 0.9772182785410354, 'lag_28': 0.5847937436342957}. Best is trial 12 with value: 0.007112476563566757.
[I 2025-09-29 13:24:08,665] Trial 38 finished with value: 0.00789263532526091 and parameters: {'lag_0': 0.5646738375132635, 'lag_1': 0.32997531079732545, 'lag_2': 0.46417811094804096, 'lag_3': 0.9624851613375305, 'lag_4': 0.3999623154247414, 'lag_5': 0.5122925014290727, 'lag_6': 0.31804762768835215, 'lag_7': 0.5773007851792121, 'lag_8': 0.35887580538578084, 'lag_9': 0.38286328767562106, 'lag_10': 0.9545521550866662, 'lag_11': 0.44326300807436825, 'lag_12': 0.02498999690891513, 'lag_13': 0.12493767338346931, 'lag_14': 0.5706743553865259, 'lag_15': 0.030372055448291215, 'lag_16': 0.719939281601251, 'lag_17': 0.6283685800167909, 'lag_18': 0.9065949909374224, 'lag_19': 0.8839066695891256, 'lag_20': 0.5436037169216982, 'lag_21': 0.2633726562742354, 'lag_22': 0.3347856222787322, 'lag_23': 0.9244416245100895, 'lag_24': 0.9612682024435228, 'lag_25': 0.42413177974273175, 'lag_26': 0.13160999982878574, 'lag_27': 0.1788807139192953, 'lag_28': 0.47698543388559916}. Best is trial 12 with value: 0.007112476563566757.
[I 2025-09-29 13:24:11,239] Trial 39 finished with value: 0.00936908784818509 and parameters: {'lag_0': 0.3111640100549799, 'lag_1': 0.4250478209649587, 'lag_2': 0.5855002946248846, 'lag_3': 0.6746767511447256, 'lag_4': 0.6379876459942501, 'lag_5': 0.9907993085460961, 'lag_6': 0.2685652905689549, 'lag_7': 0.7641311763213733, 'lag_8': 0.8418469979517685, 'lag_9': 0.9199352354960342, 'lag_10': 0.4187758930240008, 'lag_11': 0.8409846299765055, 'lag_12': 0.04809965871035409, 'lag_13': 0.3211656209188985, 'lag_14': 0.2607928680951095, 'lag_15': 0.19982060915074668, 'lag_16': 0.8964393217526904, 'lag_17': 0.7530834139439928, 'lag_18': 0.8436664239353981, 'lag_19': 0.9936065807906482, 'lag_20': 0.9224315854103922, 'lag_21': 0.0637137668195483, 'lag_22': 0.4427595028076839, 'lag_23': 0.9899364579199585, 'lag_24': 0.8386344438430413, 'lag_25': 0.3351785590272348, 'lag_26': 0.5304552693764236, 'lag_27': 0.2955000208473586, 'lag_28': 0.8727502395495597}. Best is trial 12 with value: 0.007112476563566757.
[I 2025-09-29 13:24:13,814] Trial 40 finished with value: 0.007621589560411113 and parameters: {'lag_0': 0.40448726551468006, 'lag_1': 0.5839895864599258, 'lag_2': 0.40376029121915546, 'lag_3': 0.8405266603569335, 'lag_4': 0.45620008996464173, 'lag_5': 0.7552491979556362, 'lag_6': 0.19044572928221035, 'lag_7': 0.5825038887347118, 'lag_8': 0.9942598689983848, 'lag_9': 0.22342274782029803, 'lag_10': 0.1845534037445531, 'lag_11': 0.6817565826886886, 'lag_12': 0.0867285805252985, 'lag_13': 0.2323429547385788, 'lag_14': 0.6599196068716061, 'lag_15': 0.6919457930496734, 'lag_16': 0.6517621529646829, 'lag_17': 0.8295798406873989, 'lag_18': 0.9991338785754593, 'lag_19': 0.93946852718475, 'lag_20': 0.39257499839791354, 'lag_21': 0.002437744380218043, 'lag_22': 0.00730764907606965, 'lag_23': 0.43560126138802574, 'lag_24': 0.3460699928846598, 'lag_25': 0.12543440193962108, 'lag_26': 0.8211120033971899, 'lag_27': 0.6236340179769222, 'lag_28': 0.6589447907093827}. Best is trial 12 with value: 0.007112476563566757.
[I 2025-09-29 13:24:16,377] Trial 41 finished with value: 0.00854903578463303 and parameters: {'lag_0': 0.14415388114875036, 'lag_1': 0.6795013420192089, 'lag_2': 0.7749555865506892, 'lag_3': 0.36947846575239335, 'lag_4': 0.5347244318211876, 'lag_5': 0.4349761582182309, 'lag_6': 0.49253681150788403, 'lag_7': 0.05850128699507478, 'lag_8': 0.05416054098129849, 'lag_9': 0.8150616470426799, 'lag_10': 0.744932149146629, 'lag_11': 0.2692503498465873, 'lag_12': 0.8585690888762074, 'lag_13': 0.030249504040205856, 'lag_14': 0.3439214528391576, 'lag_15': 0.4330427510954406, 'lag_16': 0.5764647611401921, 'lag_17': 0.634470919735814, 'lag_18': 0.6493992767839236, 'lag_19': 0.8620735986260855, 'lag_20': 0.5869579408617769, 'lag_21': 0.1685253806281774, 'lag_22': 0.6241662499406317, 'lag_23': 0.8482090040263129, 'lag_24': 0.7864800072096714, 'lag_25': 0.9555038973752452, 'lag_26': 0.21860230362143596, 'lag_27': 0.8551677746372545, 'lag_28': 0.35887784219669466}. Best is trial 12 with value: 0.007112476563566757.
[I 2025-09-29 13:24:18,949] Trial 42 finished with value: 0.008589954258352326 and parameters: {'lag_0': 0.055414757186367056, 'lag_1': 0.25693443643862646, 'lag_2': 0.9273316075684699, 'lag_3': 0.5832422757209119, 'lag_4': 0.3286339570100452, 'lag_5': 0.5322117389355961, 'lag_6': 0.7909767713852035, 'lag_7': 0.7594917879666913, 'lag_8': 0.011618728554726926, 'lag_9': 0.8613077431638048, 'lag_10': 0.6627823701338392, 'lag_11': 0.4541118481443954, 'lag_12': 0.2829202527037138, 'lag_13': 0.05681325928768677, 'lag_14': 0.4100432437742954, 'lag_15': 0.24760937834471086, 'lag_16': 0.8458112136099436, 'lag_17': 0.913399670777739, 'lag_18': 0.9401713122462112, 'lag_19': 0.6442586365196632, 'lag_20': 0.6282319404535254, 'lag_21': 0.08096859057933453, 'lag_22': 0.25798962435554496, 'lag_23': 0.5214107766502496, 'lag_24': 0.9425064763917114, 'lag_25': 0.430456515546406, 'lag_26': 0.017883852028135278, 'lag_27': 0.9372024043224431, 'lag_28': 0.445691510639632}. Best is trial 12 with value: 0.007112476563566757.
[I 2025-09-29 13:24:21,517] Trial 43 finished with value: 0.007748986947144673 and parameters: {'lag_0': 0.24298796786615626, 'lag_1': 0.5288564708301744, 'lag_2': 0.6682344524442654, 'lag_3': 0.4996658084493574, 'lag_4': 0.6175242724451131, 'lag_5': 0.6610327797029472, 'lag_6': 0.39842489006102216, 'lag_7': 0.4326921996342904, 'lag_8': 0.17068771005248268, 'lag_9': 0.6672826434683384, 'lag_10': 0.8428017227294363, 'lag_11': 0.19842354217236235, 'lag_12': 0.23436719405149092, 'lag_13': 0.15047422193703044, 'lag_14': 0.3071038802980015, 'lag_15': 0.5903438192030181, 'lag_16': 0.7347681256931697, 'lag_17': 0.4512679003944802, 'lag_18': 0.8290340585738617, 'lag_19': 0.765736986677818, 'lag_20': 0.48585173209778765, 'lag_21': 0.16403457209183625, 'lag_22': 0.7105822778928208, 'lag_23': 0.7546794616340187, 'lag_24': 0.8780332604225953, 'lag_25': 0.45015333435606936, 'lag_26': 0.15085377773531816, 'lag_27': 0.9889147268963319, 'lag_28': 0.21450334052998066}. Best is trial 12 with value: 0.007112476563566757.
[I 2025-09-29 13:24:24,105] Trial 44 finished with value: 0.007937947681306649 and parameters: {'lag_0': 0.15769704485780708, 'lag_1': 0.40646005480019676, 'lag_2': 0.27588502121824365, 'lag_3': 0.45001850299449153, 'lag_4': 0.9469015362551856, 'lag_5': 0.6194658787580215, 'lag_6': 0.5851521144205383, 'lag_7': 0.07080728072747466, 'lag_8': 0.07915258826911213, 'lag_9': 0.9672202420422497, 'lag_10': 0.9943888596595916, 'lag_11': 0.38311335693674653, 'lag_12': 0.39541631658160226, 'lag_13': 0.05266560145934278, 'lag_14': 0.4947139328983918, 'lag_15': 0.79202778639484, 'lag_16': 0.6691126635251644, 'lag_17': 0.28989127309272544, 'lag_18': 0.8795453582990802, 'lag_19': 0.8992698746829835, 'lag_20': 0.5746791411071758, 'lag_21': 0.2263502483270149, 'lag_22': 0.5396712107940815, 'lag_23': 0.4191266195445614, 'lag_24': 0.9997657016734303, 'lag_25': 0.5391182646260607, 'lag_26': 0.40670247947724597, 'lag_27': 0.8937012829735278, 'lag_28': 0.13112929189636024}. Best is trial 12 with value: 0.007112476563566757.
