[I 2025-09-29 11:59:20,010] Trial 88 finished with value: 0.011311569445656724 and parameters: {'lag_0': 0.6588568702091806, 'lag_1': 0.19180199469683823, 'lag_2': 0.1490044021541186, 'lag_3': 0.17138223109176876, 'lag_4': 0.5901889204679587, 'lag_5': 0.9337856296229995, 'lag_6': 0.8211956317989155, 'lag_7': 0.6505973775907338, 'lag_8': 0.5801706254305985, 'lag_9': 0.3886152121415909, 'lag_10': 0.24140809590127682, 'lag_11': 0.673971251550935, 'lag_12': 0.6225345666213269, 'lag_13': 0.48904334249425846, 'lag_14': 0.3069734391356787, 'lag_15': 0.09779600521541452, 'lag_16': 0.03377654745416937, 'lag_17': 0.46586189385217414, 'lag_18': 0.7116751055166071, 'lag_19': 0.7639950516159897, 'lag_20': 0.5138614395563096, 'lag_21': 0.16026704286475474, 'lag_22': 0.6304085037576163, 'lag_23': 0.6489233382630765, 'lag_24': 0.8895187245189168, 'lag_25': 0.22918227511864478, 'lag_26': 0.7202770678565334, 'lag_27': 0.2577821955217035, 'lag_28': 0.6471909737664354}. Best is trial 55 with value: 0.011247057433967778.
[I 2025-09-29 11:59:22,372] Trial 89 finished with value: 0.011421661855869335 and parameters: {'lag_0': 0.6587540924649531, 'lag_1': 0.1766084392160333, 'lag_2': 0.004023006733394757, 'lag_3': 0.1623371153283396, 'lag_4': 0.06121449840622793, 'lag_5': 0.9331856356364971, 'lag_6': 0.8274526997838427, 'lag_7': 0.05007003441448743, 'lag_8': 0.5819660528204762, 'lag_9': 0.43424599655044627, 'lag_10': 0.23991890927903395, 'lag_11': 0.6711267238938123, 'lag_12': 0.5178274240436038, 'lag_13': 0.35087296376997373, 'lag_14': 0.45152646475420816, 'lag_15': 0.37143924405748086, 'lag_16': 0.044366404593223274, 'lag_17': 0.479642630530139, 'lag_18': 0.6600799404696224, 'lag_19': 0.7653279943072289, 'lag_20': 0.603648702900923, 'lag_21': 0.1037444708882051, 'lag_22': 0.5612554242431858, 'lag_23': 0.6417557023731382, 'lag_24': 0.9282598220758723, 'lag_25': 0.25311785257632446, 'lag_26': 0.3400772087946297, 'lag_27': 0.26599574865777365, 'lag_28': 0.7735754916038282}. Best is trial 55 with value: 0.011247057433967778.
[I 2025-09-29 11:59:24,735] Trial 90 finished with value: 0.01155830708033682 and parameters: {'lag_0': 0.7936729867482246, 'lag_1': 0.1946427572067918, 'lag_2': 0.17223659895224458, 'lag_3': 0.1888793541172517, 'lag_4': 0.5945430147339922, 'lag_5': 0.7043247020242374, 'lag_6': 0.7619989305416326, 'lag_7': 0.6403066177000214, 'lag_8': 0.5164511564285985, 'lag_9': 0.458756582965185, 'lag_10': 0.2792262441207151, 'lag_11': 0.7085794807071861, 'lag_12': 0.6311838181320539, 'lag_13': 0.49245833742039435, 'lag_14': 0.2576384962598217, 'lag_15': 0.8324303482267366, 'lag_16': 0.023443450633822877, 'lag_17': 0.44738886253978766, 'lag_18': 0.6934955516199783, 'lag_19': 0.7144911069435721, 'lag_20': 0.5084616054573114, 'lag_21': 0.1849108369670392, 'lag_22': 0.6447697642719487, 'lag_23': 0.6022873301654401, 'lag_24': 0.8836327628985869, 'lag_25': 0.19767089003845148, 'lag_26': 0.6538308187081545, 'lag_27': 0.3162808210245743, 'lag_28': 0.2363304309276808}. Best is trial 55 with value: 0.011247057433967778.
[I 2025-09-29 11:59:27,088] Trial 91 finished with value: 0.011528419235694665 and parameters: {'lag_0': 0.6371408853137656, 'lag_1': 0.08807890096227283, 'lag_2': 0.2268582631972349, 'lag_3': 0.2096782213134774, 'lag_4': 0.630791078860645, 'lag_5': 0.8525470041343967, 'lag_6': 0.9319164206807123, 'lag_7': 0.7175057738873005, 'lag_8': 0.45314243940438753, 'lag_9': 0.32485002863389156, 'lag_10': 0.3162653680998959, 'lag_11': 0.6030558575005527, 'lag_12': 0.5713285775984334, 'lag_13': 0.4028580481066456, 'lag_14': 0.3122661457637681, 'lag_15': 0.17308381004044845, 'lag_16': 0.1922603005261359, 'lag_17': 0.36351794933232423, 'lag_18': 0.7199926685422197, 'lag_19': 0.8274390195898187, 'lag_20': 0.5451966150861335, 'lag_21': 0.2570516033804369, 'lag_22': 0.7341905684492136, 'lag_23': 0.7060941615058666, 'lag_24': 0.8342141360806715, 'lag_25': 0.5768280925048224, 'lag_26': 0.7359320731081822, 'lag_27': 0.24670655700495664, 'lag_28': 0.6398358666808068}. Best is trial 55 with value: 0.011247057433967778.
[I 2025-09-29 11:59:29,444] Trial 92 finished with value: 0.011550864976732496 and parameters: {'lag_0': 0.5475590124823179, 'lag_1': 0.1086587433693244, 'lag_2': 0.3108796169646202, 'lag_3': 0.07146505219361794, 'lag_4': 0.5707487513936583, 'lag_5': 0.9042227417483841, 'lag_6': 0.727499532700079, 'lag_7': 0.781694887205261, 'lag_8': 0.6639877272725947, 'lag_9': 0.2954824022512217, 'lag_10': 0.21324593391631513, 'lag_11': 0.5515119986570369, 'lag_12': 0.617542879077275, 'lag_13': 0.1412205098521928, 'lag_14': 0.34884018326523863, 'lag_15': 0.09896033522654345, 'lag_16': 0.07275035442746661, 'lag_17': 0.5586551946885577, 'lag_18': 0.791739119969169, 'lag_19': 0.6871780747805998, 'lag_20': 0.5674769571508149, 'lag_21': 0.1719202129698157, 'lag_22': 0.8625536100672864, 'lag_23': 0.6629335583395701, 'lag_24': 0.7409812229878516, 'lag_25': 0.4003843031041896, 'lag_26': 0.8217592920581633, 'lag_27': 0.22420834758793162, 'lag_28': 0.6687956149959362}. Best is trial 55 with value: 0.011247057433967778.
[I 2025-09-29 11:59:31,809] Trial 93 finished with value: 0.011648698421087702 and parameters: {'lag_0': 0.7153813507140449, 'lag_1': 0.13853958922272505, 'lag_2': 0.5688037683555159, 'lag_3': 0.13817350121437275, 'lag_4': 0.6633124795022916, 'lag_5': 0.7771469671686122, 'lag_6': 0.9739727858391457, 'lag_7': 0.9799076061860117, 'lag_8': 0.6159867263811905, 'lag_9': 0.3807424430591541, 'lag_10': 0.2669443069561551, 'lag_11': 0.628827961923127, 'lag_12': 0.6911264199042939, 'lag_13': 0.48332813015899084, 'lag_14': 0.3894787062874428, 'lag_15': 0.07060589327101964, 'lag_16': 0.1645606822063806, 'lag_17': 0.41355358837692663, 'lag_18': 0.6323170172036588, 'lag_19': 0.796380778869499, 'lag_20': 0.47328838608177304, 'lag_21': 0.07919224117265306, 'lag_22': 0.8015366664513089, 'lag_23': 0.7466294911413386, 'lag_24': 0.6043334805772138, 'lag_25': 0.35711155534239125, 'lag_26': 0.7163787796211138, 'lag_27': 0.03185325271492909, 'lag_28': 0.6121521774838173}. Best is trial 55 with value: 0.011247057433967778.
[I 2025-09-29 11:59:34,167] Trial 94 finished with value: 0.011463908064957236 and parameters: {'lag_0': 0.5710139369454853, 'lag_1': 0.2614396434801495, 'lag_2': 0.3842027639662231, 'lag_3': 0.5813043385044726, 'lag_4': 0.4347547838416761, 'lag_5': 0.9985501618810098, 'lag_6': 0.7979900481051565, 'lag_7': 0.9994536412161037, 'lag_8': 0.5579390267104777, 'lag_9': 0.9900715682435879, 'lag_10': 0.3499553398819726, 'lag_11': 0.5172004695641879, 'lag_12': 0.4238510877653229, 'lag_13': 0.43951616819231104, 'lag_14': 0.29438170447953127, 'lag_15': 0.14037879202545203, 'lag_16': 0.11915791483696618, 'lag_17': 0.5165876441323345, 'lag_18': 0.7524627769115064, 'lag_19': 0.7490936602451427, 'lag_20': 0.3384447247510426, 'lag_21': 0.3555729549603906, 'lag_22': 0.7624531455958904, 'lag_23': 0.8917015035146367, 'lag_24': 0.9044184019786919, 'lag_25': 0.11799858324937744, 'lag_26': 0.28549988638498996, 'lag_27': 0.08704442100634402, 'lag_28': 0.5178015468413563}. Best is trial 55 with value: 0.011247057433967778.
[I 2025-09-29 11:59:36,525] Trial 95 finished with value: 0.01175179660754617 and parameters: {'lag_0': 0.6198911415746909, 'lag_1': 0.22155850499531649, 'lag_2': 0.8204253700323966, 'lag_3': 0.3562791040121926, 'lag_4': 0.40197417988094225, 'lag_5': 0.9459666005441968, 'lag_6': 0.8963438383424679, 'lag_7': 0.6660833486034025, 'lag_8': 0.3806886272593251, 'lag_9': 0.19523745581017116, 'lag_10': 0.30367400271130573, 'lag_11': 0.7523729183905951, 'lag_12': 0.8202426196443727, 'lag_13': 0.5228333698042903, 'lag_14': 0.2040320688948772, 'lag_15': 0.00633926165542676, 'lag_16': 0.7239409542217632, 'lag_17': 0.3692069242828649, 'lag_18': 0.9452067565239524, 'lag_19': 0.9437496357697254, 'lag_20': 0.44590663797689456, 'lag_21': 0.22411097991935408, 'lag_22': 0.6019246064250632, 'lag_23': 0.9556830688281188, 'lag_24': 0.9413841153044841, 'lag_25': 0.6516234457206344, 'lag_26': 0.7728331944393234, 'lag_27': 0.19182494154092794, 'lag_28': 0.8227702192168644}. Best is trial 55 with value: 0.011247057433967778.
[I 2025-09-29 11:59:38,885] Trial 96 finished with value: 0.011532474296150133 and parameters: {'lag_0': 0.6780256522968525, 'lag_1': 0.01982338000866455, 'lag_2': 0.7657011385215592, 'lag_3': 0.2623182045306448, 'lag_4': 0.19493183889519466, 'lag_5': 0.8368559163637427, 'lag_6': 0.9662150123754686, 'lag_7': 0.5523109219220829, 'lag_8': 0.4950561845533219, 'lag_9': 0.4934409031294038, 'lag_10': 0.7008525141471162, 'lag_11': 0.011989184278908577, 'lag_12': 0.8994599528982917, 'lag_13': 0.6095972013302426, 'lag_14': 0.14417439361946413, 'lag_15': 0.4990750118315552, 'lag_16': 0.864758956508757, 'lag_17': 0.6397908615257761, 'lag_18': 0.8106489557075635, 'lag_19': 0.048690029472487684, 'lag_20': 0.5207308709366874, 'lag_21': 0.1428806845695649, 'lag_22': 0.02376281688729931, 'lag_23': 0.5807457602584419, 'lag_24': 0.8478602889660645, 'lag_25': 0.8273889781688611, 'lag_26': 0.6822597198078382, 'lag_27': 0.12985096459530848, 'lag_28': 0.7383899764687051}. Best is trial 55 with value: 0.011247057433967778.
[I 2025-09-29 11:59:41,243] Trial 97 finished with value: 0.011340351667944261 and parameters: {'lag_0': 0.768390133274356, 'lag_1': 0.15908720882923583, 'lag_2': 0.6681843716860247, 'lag_3': 0.12256546913331934, 'lag_4': 0.4799301895126295, 'lag_5': 0.8814519798374594, 'lag_6': 0.09313968583901638, 'lag_7': 0.875596326010154, 'lag_8': 0.19564833465773926, 'lag_9': 0.13447419651704978, 'lag_10': 0.39262898863789286, 'lag_11': 0.8122411124623634, 'lag_12': 0.5377607489281672, 'lag_13': 0.06708206652664195, 'lag_14': 0.3329232052523412, 'lag_15': 0.2169767497447106, 'lag_16': 0.7018863477739495, 'lag_17': 0.3358410782689558, 'lag_18': 0.672844095516597, 'lag_19': 0.8569893569427645, 'lag_20': 0.6756612823138094, 'lag_21': 0.10927589369451823, 'lag_22': 0.21950524823635859, 'lag_23': 0.7860993847034294, 'lag_24': 0.9778812160512232, 'lag_25': 0.6219043022152435, 'lag_26': 0.46978336407155885, 'lag_27': 0.16488064840387356, 'lag_28': 0.5798594373143329}. Best is trial 55 with value: 0.011247057433967778.
[I 2025-09-29 11:59:43,600] Trial 98 finished with value: 0.01153437594728196 and parameters: {'lag_0': 0.7662875985881518, 'lag_1': 0.16045404595020757, 'lag_2': 0.86240046110335, 'lag_3': 0.025454271543381063, 'lag_4': 0.46291194322649243, 'lag_5': 0.8785625114495574, 'lag_6': 0.38446164950116224, 'lag_7': 0.8677321441420274, 'lag_8': 0.19363406096532973, 'lag_9': 0.14004167008267593, 'lag_10': 0.7748334998210913, 'lag_11': 0.8158311818073295, 'lag_12': 0.5271115975388989, 'lag_13': 0.06535411357899987, 'lag_14': 0.3259068018632555, 'lag_15': 0.29127398991125353, 'lag_16': 0.7788727679048703, 'lag_17': 0.3390451693508579, 'lag_18': 0.6767724707694937, 'lag_19': 0.8478563957302513, 'lag_20': 0.679312938769218, 'lag_21': 0.11595205491941965, 'lag_22': 0.10907702736129143, 'lag_23': 0.7914815617591014, 'lag_24': 0.9835505732716348, 'lag_25': 0.6187569246566081, 'lag_26': 0.4583986923646153, 'lag_27': 0.2864100227165537, 'lag_28': 0.5774550690528668}. Best is trial 55 with value: 0.011247057433967778.
[I 2025-09-29 11:59:45,959] Trial 99 finished with value: 0.012029410299803475 and parameters: {'lag_0': 0.7370098615348061, 'lag_1': 0.2909926446547275, 'lag_2': 0.6011321903470155, 'lag_3': 0.09728509936589548, 'lag_4': 0.33250607131429966, 'lag_5': 0.9261822397176915, 'lag_6': 0.8745460214892691, 'lag_7': 0.8426346460694318, 'lag_8': 0.24411465082781603, 'lag_9': 0.10314123520589796, 'lag_10': 0.4566980950990045, 'lag_11': 0.7796069600854689, 'lag_12': 0.022853586233645515, 'lag_13': 0.04193098400137868, 'lag_14': 0.11007268313772028, 'lag_15': 0.22781457498800564, 'lag_16': 0.6186957321422158, 'lag_17': 0.11537805047506355, 'lag_18': 0.7179217352598602, 'lag_19': 0.8125209817591541, 'lag_20': 0.7036615335709142, 'lag_21': 0.015958625836850288, 'lag_22': 0.07316762689187978, 'lag_23': 0.49666473394466426, 'lag_24': 0.9557484892471826, 'lag_25': 0.5765279987106503, 'lag_26': 0.5205976106693649, 'lag_27': 0.35052757529722467, 'lag_28': 0.6940365138790968}. Best is trial 55 with value: 0.011247057433967778.
2025-09-29 11:59:48,477 - distributed.worker - INFO - Stopping worker at tcp://192.168.86.107:34510. Reason: scheduler-remove-worker
2025-09-29 11:59:48,481 - distributed.nanny - INFO - Closing Nanny gracefully at 'tcp://192.168.86.107:44700'. Reason: scheduler-remove-worker
2025-09-29 11:59:48,486 - distributed.nanny - INFO - Worker closed
2025-09-29 11:59:48,486 - distributed.core - INFO - Connection to tcp://192.168.86.101:45699 has been closed.
slurmstepd: error: *** JOB 3081111 ON node07 CANCELLED AT 2025-09-29T11:59:48 ***
