[I 2025-10-03 11:38:01,481] Trial 55 finished with values: [0.03940268012739619, 0.0023287073772840484, 0.0001446825160613953, 0.0006062112261483603, 0.0007383544975838078, 0.0012803260915515177, 0.00018957153296977913, 0.0001415670652490486, 0.0025510813844139583, 0.0008751796069586213, 0.0004780736648417692, 0.0002902595448431268, 0.0018987601180559528, 0.03094465454323428, 0.0, 0.01519160398650699, 0.002565798953094751, 0.0008395089654062894, 0.00037369909445218795, 0.0026136716438897294, 0.005920326654230777, 0.005526414347397363, 0.000680020652059002, 0.0014880234750202445, 0.0002558417514287839, 0.0007677738672638686, 0.00029570536837275, 0.0022687765240504134, 0.002762288237877189] and parameters: {'lag_0': 0.6912899772432666, 'lag_1': 0.004418703844841018, 'lag_2': 0.6481183471314307, 'lag_3': 0.905641746372281, 'lag_4': 0.8269114421510337, 'lag_5': 0.8618434856134801, 'lag_6': 0.469727714789843, 'lag_7': 0.14410962821641593, 'lag_8': 0.6505218057113014, 'lag_9': 0.8841058730915586, 'lag_10': 0.4230935239663567, 'lag_11': 0.1918248720062753, 'lag_12': 0.11026706600098923, 'lag_13': 0.7347553756224802, 'lag_14': 0.22694889386860495, 'lag_15': 0.04843279047926101, 'lag_16': 0.8711870775456599, 'lag_17': 0.2953197226516513, 'lag_18': 0.8493718986374286, 'lag_19': 0.8046591352397293, 'lag_20': 0.22892240767037678, 'lag_21': 0.6984990275492453, 'lag_22': 0.8638219764792575, 'lag_23': 0.14455042718411348, 'lag_24': 0.7681193826007231, 'lag_25': 0.7096612185857399, 'lag_26': 0.766843538586547, 'lag_27': 0.421533326979313, 'lag_28': 0.7235456821620262}.
[I 2025-10-03 11:38:04,108] Trial 56 finished with values: [0.006342100167591423, 0.0019651330743234276, 0.001326939907807453, 0.0007453737431217875, 0.0016920421538411605, 0.0008570391552205042, 0.0002874679090901682, 0.000341925932928192, 0.003943884601283004, 0.0008988641419867344, 0.00020715216640560032, 0.0002050062236872901, 0.002919172243785258, 0.028939005491742158, 0.0, 0.02066275536417377, 0.002787114454164465, 0.0007708311837539303, 0.00040071532486129135, 0.0034914536276530934, 0.006349793071347312, 0.0048024916599681625, 0.000489909181750244, 0.0010883245927704615, 0.00023385970491524274, 0.0011562848665862754, 2.4062640185950588e-05, 0.002097213430413653, 0.00022222222222222223] and parameters: {'lag_0': 0.8047487651124633, 'lag_1': 0.805595088332828, 'lag_2': 0.6092730551934558, 'lag_3': 0.5474947610256137, 'lag_4': 0.38288562758047134, 'lag_5': 0.3236570272329622, 'lag_6': 0.9613980228026646, 'lag_7': 0.6162178481135258, 'lag_8': 0.8710452235217738, 'lag_9': 0.606556409410378, 'lag_10': 0.6601319082079146, 'lag_11': 0.02084900280090048, 'lag_12': 0.8125365010453608, 'lag_13': 0.20591292576098838, 'lag_14': 0.83407305880308, 'lag_15': 0.8117038891649195, 'lag_16': 0.87742291600499, 'lag_17': 0.4476080762049796, 'lag_18': 0.8225447911023589, 'lag_19': 0.02333969633741154, 'lag_20': 0.3545074830690539, 'lag_21': 0.08455065793112806, 'lag_22': 0.24230505153652201, 'lag_23': 0.5461979890150844, 'lag_24': 0.17702937570086946, 'lag_25': 0.43320784862281964, 'lag_26': 0.9762473412222581, 'lag_27': 0.16486796730067985, 'lag_28': 0.35023760870396015}.
[I 2025-10-03 11:38:06,722] Trial 57 finished with values: [0.008007331290186886, 0.0020636485266396797, 0.00043214845645602633, 0.001911314408676136, 0.0013136373052824127, 0.0011213037406474875, 0.00041590543909825515, 0.00038654391843474274, 0.002820655936917961, 0.0008872241699133329, 0.0005279653563774239, 0.0004258010472912403, 0.0019732362828950587, 0.028966675992831682, 0.0, 0.01965086588378076, 0.002140225475905457, 0.0006889972829960523, 0.00038793074117496296, 0.0021104712874059723, 0.0059005803769412255, 0.006294808023896782, 0.0007454279848954455, 0.002314228975956022, 0.0009160667703374907, 0.0008973735316871849, 0.0004261372640218087, 0.002435456704312106, 0.0013888888888888887] and parameters: {'lag_0': 0.4078735363918494, 'lag_1': 0.2631357766628535, 'lag_2': 0.6191282472160626, 'lag_3': 0.490716625057927, 'lag_4': 0.9662819513090518, 'lag_5': 0.4342336324405959, 'lag_6': 0.6950059965028851, 'lag_7': 0.6115836082568636, 'lag_8': 0.6299517577653899, 'lag_9': 0.1366924533799529, 'lag_10': 0.07525400984794126, 'lag_11': 0.07172807914822053, 'lag_12': 0.2778388612742775, 'lag_13': 0.3226100986239685, 'lag_14': 0.8352940738004486, 'lag_15': 0.24032575316709043, 'lag_16': 0.349652812931467, 'lag_17': 0.3200232263407438, 'lag_18': 0.5455006341963863, 'lag_19': 0.5990363774530804, 'lag_20': 0.5340029040685923, 'lag_21': 0.24030701392707374, 'lag_22': 0.9935901552983794, 'lag_23': 0.5420893340992078, 'lag_24': 0.0043090534089454385, 'lag_25': 0.7573207595116901, 'lag_26': 0.9637794988858958, 'lag_27': 0.18905038881955702, 'lag_28': 0.1565759242540933}.
[I 2025-10-03 11:38:09,340] Trial 58 finished with values: [0.007127163331530556, 0.0019055604793676239, 0.0005880131901685305, 0.0013864875705447513, 0.00177568016099647, 0.0007413536012190373, 0.0005062911778786636, 0.00012101102364700053, 0.0033987328138197124, 0.00162832771766728, 0.00027902395572683376, 0.00029298696623851754, 0.0025995127327610597, 0.03202968698732345, 0.0, 0.01760078104321521, 0.002055370451436566, 0.00037648373400662257, 0.0006896453591353093, 0.0017745161548309164, 0.004509214719571669, 0.005994848412108645, 0.0008264893506433502, 0.0017254280858701736, 0.00027567652938574106, 0.0018225765627537891, 0.000515083949534844, 0.001503174493314391, 0.002155269767146] and parameters: {'lag_0': 0.04044175344006354, 'lag_1': 0.2223979801955163, 'lag_2': 0.5330664853725994, 'lag_3': 0.8085960060035805, 'lag_4': 0.6674984290775535, 'lag_5': 0.8578323776235842, 'lag_6': 0.8550484038828216, 'lag_7': 0.955245978804129, 'lag_8': 0.9068158776873116, 'lag_9': 0.4731818440522189, 'lag_10': 0.7859754989843684, 'lag_11': 0.1107906528472892, 'lag_12': 0.8693959461417059, 'lag_13': 0.5632862978824238, 'lag_14': 0.7913664233225466, 'lag_15': 0.2316853994196989, 'lag_16': 0.6909247658981558, 'lag_17': 0.33755541656376536, 'lag_18': 0.5194547626678414, 'lag_19': 0.49395598684966346, 'lag_20': 0.1914444562547951, 'lag_21': 0.2413050125596704, 'lag_22': 0.15738908049789876, 'lag_23': 0.9341717461850794, 'lag_24': 0.26305013942795413, 'lag_25': 0.21586333828053872, 'lag_26': 0.6469583778791365, 'lag_27': 0.42076595095624636, 'lag_28': 0.9506668353533154}.
[I 2025-10-03 11:38:11,958] Trial 59 finished with values: [0.01847244756925665, 0.0020577273303356916, 0.00023777824304014724, 0.0005659738114031952, 0.001801007062802465, 0.0007097106234786308, 0.0004174105284702521, 0.0003595297003646252, 0.003219383796007974, 0.00039106159063018723, 0.00037041743271986206, 0.0003336095985067691, 0.001886575834833375, 0.03039048762889975, 0.0, 0.018055100167992843, 0.003618795204099442, 0.00028916177140383005, 0.00021305282444849882, 0.002721366839355456, 0.005376982704369429, 0.005383947648935424, 0.00045999874252812274, 0.003350320007533059, 0.0010021860974079278, 0.0011487516428459494, 0.00038920606173420245, 0.002329906695773348, 0.0015979021857612165] and parameters: {'lag_0': 0.1697671940873717, 'lag_1': 0.739180538912476, 'lag_2': 0.16289910051745446, 'lag_3': 0.453224832849857, 'lag_4': 0.946976588160216, 'lag_5': 0.22262830828226202, 'lag_6': 0.8057183708839831, 'lag_7': 0.680871274098521, 'lag_8': 0.793887231995373, 'lag_9': 0.3242551631278369, 'lag_10': 0.3626496343766861, 'lag_11': 0.4924681955001438, 'lag_12': 0.1299101814360602, 'lag_13': 0.03080321084875922, 'lag_14': 0.9373979140219475, 'lag_15': 0.36297077853791754, 'lag_16': 0.7480020779835791, 'lag_17': 0.4408438017661406, 'lag_18': 0.077405988731828, 'lag_19': 0.5646180466650041, 'lag_20': 0.660645075705635, 'lag_21': 0.12000517757585705, 'lag_22': 0.14164454279970792, 'lag_23': 0.6141328326856382, 'lag_24': 0.5668379432621153, 'lag_25': 0.37062595086134975, 'lag_26': 0.5054821890868649, 'lag_27': 0.9031082641501068, 'lag_28': 0.815081843492869}.
[I 2025-10-03 11:38:14,584] Trial 60 finished with values: [0.00865332612222823, 0.004121975397447532, 0.0030153128766528307, 0.0002731326458963163, 0.0016063461390963811, 0.0009666883893564499, 0.0009959761289275997, 0.0003681079453308677, 0.002188620202374384, 0.0013139927249278917, 0.00036285185546197955, 0.0002713537398640209, 0.002757686336677601, 0.02684496209761637, 0.0, 0.01751738161236969, 0.002604352032104469, 0.0006459291026124812, 0.0003731838446138933, 0.001987664584452128, 0.004679489290743366, 0.005572918202713733, 0.00028592177687249327, 0.0007218289921159153, 0.000511538267676943, 0.001028293535443653, 0.0006302189078660538, 0.0026349311900244277, 0.0013926294341058136] and parameters: {'lag_0': 0.8112590672181059, 'lag_1': 0.3477983720575622, 'lag_2': 0.7959576077049708, 'lag_3': 0.8976310056044158, 'lag_4': 0.554208968941383, 'lag_5': 0.19882443713847042, 'lag_6': 0.886436059693168, 'lag_7': 0.5867837729622658, 'lag_8': 0.7358132886910934, 'lag_9': 0.5070741337541181, 'lag_10': 0.6385662852461875, 'lag_11': 0.3787355325026749, 'lag_12': 0.5116431075355791, 'lag_13': 0.3682128699945544, 'lag_14': 0.6625960649902509, 'lag_15': 0.388739295174829, 'lag_16': 0.3211204795114146, 'lag_17': 0.4453057190339964, 'lag_18': 0.5866383852793088, 'lag_19': 0.27649525473852155, 'lag_20': 0.287650477411301, 'lag_21': 0.6559164968381003, 'lag_22': 0.18068643665808623, 'lag_23': 0.44794447855478764, 'lag_24': 0.8348406274964404, 'lag_25': 0.348045783627975, 'lag_26': 0.36163869970116247, 'lag_27': 0.1305907166103875, 'lag_28': 0.7195763802088876}.
[I 2025-10-03 11:38:17,203] Trial 61 finished with values: [0.008007331290186886, 0.001603673756485255, 0.000656633253979553, 0.0011491432394250612, 0.0027755361916311765, 0.0005282359083977355, 0.00016061162178041837, 0.0001414105468777611, 0.0018239472017387635, 0.0009803846149048592, 0.0006863572246661115, 0.0002724447082778146, 0.002674448675488763, 0.03334356237067075, 0.0, 0.0170042835530451, 0.0021393985510734085, 0.0006305069270316736, 0.0006845196118056975, 0.003462921997996883, 0.004880457595739231, 0.006260189081666872, 0.0003220429077082161, 0.001832882632365588, 0.00037468026628892544, 0.000540212258146711, 0.0004305190918072098, 0.0015170120762380839, 0.0] and parameters: {'lag_0': 0.876397311722553, 'lag_1': 0.1378221808124245, 'lag_2': 0.5595124467022008, 'lag_3': 0.32780164431390274, 'lag_4': 0.758145614644833, 'lag_5': 0.36100400448941183, 'lag_6': 0.7566362876379933, 'lag_7': 0.570428548163698, 'lag_8': 0.12432314312162362, 'lag_9': 0.09677824095780356, 'lag_10': 0.020646691615280394, 'lag_11': 0.0036202635648735558, 'lag_12': 0.5050144076792296, 'lag_13': 0.32322516229681103, 'lag_14': 0.28903596436880025, 'lag_15': 0.46611871741856936, 'lag_16': 0.6257103706975546, 'lag_17': 0.7419106536484759, 'lag_18': 0.8802143707415124, 'lag_19': 0.5956736238541485, 'lag_20': 0.9618231610905617, 'lag_21': 0.9800737064134175, 'lag_22': 0.823712203612666, 'lag_23': 0.3293135805456482, 'lag_24': 0.7774532430373057, 'lag_25': 0.4374229126481465, 'lag_26': 0.31161088841286766, 'lag_27': 0.40506409537744514, 'lag_28': 0.3463328617324196}.
[I 2025-10-03 11:38:19,822] Trial 62 finished with values: [0.00865332612222823, 0.0025404142776636425, 0.0010318309600383063, 0.0003009171892352011, 0.0016760268581643342, 0.0012008223445624361, 0.0005081983874447483, 0.0003438725697864028, 0.0032173391724357276, 0.0007836425782079043, 0.00064662250528523, 0.0003507838275178004, 0.0021411429166200216, 0.031143315583665475, 0.0, 0.02036643523108662, 0.001848903081560262, 0.00046379951896766673, 0.0002558821110361409, 0.002158599483456529, 0.005852743636172125, 0.0071411886460584825, 8.075404033244945e-05, 0.0016635199848751836, 0.0005923613081573019, 0.001292631424405732, 0.0006188516217887529, 0.002959822935687881, 0.004171439517622498] and parameters: {'lag_0': 0.948783479714004, 'lag_1': 0.9567532400372373, 'lag_2': 0.2730157518018463, 'lag_3': 0.07638357811433984, 'lag_4': 0.5638912191449338, 'lag_5': 0.5649852092514597, 'lag_6': 0.7146697770238324, 'lag_7': 0.8291957905035275, 'lag_8': 0.8890413654955251, 'lag_9': 0.09677824095780356, 'lag_10': 0.8468838810405672, 'lag_11': 0.5905773892005631, 'lag_12': 0.38993476005372885, 'lag_13': 0.32322516229681103, 'lag_14': 0.28903596436880025, 'lag_15': 0.46611871741856936, 'lag_16': 0.6269639776724732, 'lag_17': 0.7433101390553672, 'lag_18': 0.8931081586624018, 'lag_19': 0.5956736238541485, 'lag_20': 0.46337286003743977, 'lag_21': 0.5745315323362776, 'lag_22': 0.6592622098545784, 'lag_23': 0.8266957056659755, 'lag_24': 0.6767635788259204, 'lag_25': 0.28211581517348233, 'lag_26': 0.6051806025508439, 'lag_27': 0.08454009714911163, 'lag_28': 0.9906993190866774}.
[I 2025-10-03 11:38:22,442] Trial 63 finished with values: [0.00865332612222823, 0.001456447510585432, 0.00022568570237213576, 0.00036281398357525344, 0.0022905240338851078, 0.0008367077187610907, 0.0010460826243174786, 5.5233313346446444e-05, 0.003342564451341111, 0.0005129543286741982, 0.00040993429181316563, 0.00044998259258874774, 0.0022397704792487404, 0.030735183114721943, 0.0, 0.02033206969823883, 0.0017775371252282326, 0.0009834041585925644, 0.00032582531163904624, 0.00306886141661216, 0.005204245717019379, 0.0051226444645173, 0.0005484386116150624, 0.0015682895730806674, 0.0004023028604909685, 0.0008896957388689166, 0.00034518159491476135, 0.0002882026549995521, 0.00078883879878604] and parameters: {'lag_0': 0.8047487651124633, 'lag_1': 0.7170601166655804, 'lag_2': 0.2730157518018463, 'lag_3': 0.07638357811433984, 'lag_4': 0.38288562758047134, 'lag_5': 0.5649852092514597, 'lag_6': 0.7146697770238324, 'lag_7': 0.7891857657430416, 'lag_8': 0.8890413654955251, 'lag_9': 0.5503776313472937, 'lag_10': 0.018521650000023933, 'lag_11': 0.8271592892333455, 'lag_12': 0.8125365010453608, 'lag_13': 0.32322516229681103, 'lag_14': 0.7929699764488063, 'lag_15': 0.46611871741856936, 'lag_16': 0.3724092877282616, 'lag_17': 0.9384858670294132, 'lag_18': 0.8225447911023589, 'lag_19': 0.5956736238541485, 'lag_20': 0.9618231610905617, 'lag_21': 0.28947091862998975, 'lag_22': 0.08654945495477809, 'lag_23': 0.5461979890150844, 'lag_24': 0.21402858816907225, 'lag_25': 0.7751551629067688, 'lag_26': 0.49510260385715915, 'lag_27': 0.16486796730067985, 'lag_28': 0.8426714411193978}.
[I 2025-10-03 11:38:25,057] Trial 64 finished with values: [0.009211465657111952, 0.0019375102901236583, 0.0025789622045686847, 0.0008612799591130432, 0.0015223945912724718, 0.0012923240936245834, 0.0009495253609312019, 8.533266917222124e-05, 0.003204963024731434, 0.0005993642273043918, 0.00026525651123388846, 0.0004086066293528345, 0.003456922305442052, 0.03041043706356749, 0.0, 0.02205995747594457, 0.0011123852901156507, 0.0006997420585219578, 0.00011243818957316497, 0.003222327549353097, 0.004884164846998533, 0.00399809448124636, 0.0004769698647800501, 0.0014849655860497107, 0.000998224586666973, 0.0010307809956569744, 0.0006566956414666136, 0.001608927474211728, 0.0031047136628543246] and parameters: {'lag_0': 0.786586903441939, 'lag_1': 0.844125223634877, 'lag_2': 0.6092730551934558, 'lag_3': 0.5474947610256137, 'lag_4': 0.946976588160216, 'lag_5': 0.3236570272329622, 'lag_6': 0.9613980228026646, 'lag_7': 0.6162178481135258, 'lag_8': 0.891376566636808, 'lag_9': 0.035084586905448016, 'lag_10': 0.43502605135422373, 'lag_11': 0.37458804805503493, 'lag_12': 0.1299101814360602, 'lag_13': 0.20591292576098838, 'lag_14': 0.9373979140219475, 'lag_15': 0.36297077853791754, 'lag_16': 0.7480020779835791, 'lag_17': 0.7518948312690796, 'lag_18': 0.2952377357516114, 'lag_19': 0.02333969633741154, 'lag_20': 0.473863074524222, 'lag_21': 0.057718903499272944, 'lag_22': 0.24230505153652201, 'lag_23': 0.04302691686507086, 'lag_24': 0.33471514496894145, 'lag_25': 0.37062595086134975, 'lag_26': 0.9762473412222581, 'lag_27': 0.8754537078671203, 'lag_28': 0.815081843492869}.
[I 2025-10-03 11:38:27,677] Trial 65 finished with values: [0.011851000540832882, 0.002151009705948413, 0.0006413016986883762, 0.0038011381802048405, 0.0013575497468827603, 0.000561401041111398, 0.0004482140945061562, 0.00026118390225621463, 0.003254782716978064, 0.0007345120912715901, 0.0005161743199124096, 0.0005402742401124669, 0.0024990640316058027, 0.02825295141271213, 0.0, 0.01625961749536876, 0.0015394745817894609, 0.00039436820468851915, 0.00017885502080814916, 0.002327820760697859, 0.00576040127705906, 0.005142311865863727, 0.0004180478144959635, 0.0013294655334021317, 0.0003409449100505274, 0.0009246105903188403, 0.0006839478975345799, 0.00029230996452215966, 0.002574756319000185] and parameters: {'lag_0': 0.6442800834143921, 'lag_1': 0.07726162694137888, 'lag_2': 0.05834486211569166, 'lag_3': 0.453224832849857, 'lag_4': 0.8380097147823037, 'lag_5': 0.22262830828226202, 'lag_6': 0.2916015495334207, 'lag_7': 0.9930242455485261, 'lag_8': 0.0064054843713785775, 'lag_9': 0.7355083660230194, 'lag_10': 0.5564704998637071, 'lag_11': 0.22201228055120095, 'lag_12': 0.7450904799606878, 'lag_13': 0.5051520305300777, 'lag_14': 0.09739580171702533, 'lag_15': 0.44793040681736024, 'lag_16': 0.5131406494919731, 'lag_17': 0.4408438017661406, 'lag_18': 0.3525661698444578, 'lag_19': 0.7339437442565286, 'lag_20': 0.46218333784515614, 'lag_21': 0.9600453714157025, 'lag_22': 0.827862596161564, 'lag_23': 0.6141328326856382, 'lag_24': 0.5668379432621153, 'lag_25': 0.24456311002203843, 'lag_26': 0.7095994070061266, 'lag_27': 0.9031082641501068, 'lag_28': 0.9823638861589211}.
[I 2025-10-03 11:38:30,285] Trial 66 finished with values: [0.00865332612222823, 0.0014466226859403942, 0.000475130108912308, 0.0005667680329914597, 0.0020197816031742, 0.0013771396114574826, 0.0008596810900628425, 0.00014043968061560374, 0.003871973766126118, 0.0007513336625746853, 0.0007782933187558264, 0.0002067864390401149, 0.002770594288562848, 0.026148514274091504, 0.0, 0.01915083313668133, 0.002195773348364074, 0.00040142026811315536, 0.00034901331443493486, 0.004117695093901207, 0.00451009517265682, 0.004542551295121695, 0.00019213086395223814, 0.0015224575226424554, 0.00029845166430048835, 0.001058597946982225, 8.464545672443506e-05, 0.0011468824478139382, 0.0008038481404958678] and parameters: {'lag_0': 0.22242896318781413, 'lag_1': 0.06896070676966849, 'lag_2': 0.156533837810471, 'lag_3': 0.5637775703483351, 'lag_4': 0.17241688802659, 'lag_5': 0.4977709344251165, 'lag_6': 0.20975196196700574, 'lag_7': 0.5170365149231316, 'lag_8': 0.9646795917026221, 'lag_9': 0.3511076761627778, 'lag_10': 0.0867208677811734, 'lag_11': 0.30659230459859427, 'lag_12': 0.20763414136617833, 'lag_13': 0.6988904301564602, 'lag_14': 0.19160465706002192, 'lag_15': 0.24460396939512294, 'lag_16': 0.7899563159173677, 'lag_17': 0.5047813063049277, 'lag_18': 0.831208526452746, 'lag_19': 0.3259242800214879, 'lag_20': 0.7493403395932181, 'lag_21': 0.35676143489535544, 'lag_22': 0.5867985200803075, 'lag_23': 0.23125618102031859, 'lag_24': 0.1260429031409846, 'lag_25': 0.5320086041018369, 'lag_26': 0.1398263175181363, 'lag_27': 0.35766610685710987, 'lag_28': 0.3154149847138627}.
[I 2025-10-03 11:38:32,902] Trial 67 finished with values: [0.011851000540832882, 0.0020738233901657463, 0.0014997463716039869, 0.0011800115325947325, 0.0016329538010608983, 0.0009743385413406205, 0.0008824955649403254, 8.70106273241312e-05, 0.0016732570178884638, 0.0010304817096424362, 0.000360332003619529, 0.00027077840911012154, 0.0016664707378855757, 0.029423546635691567, 0.0, 0.015122538564842547, 0.0032924907479823934, 0.0007835637859013395, 0.00016220146901319222, 0.0026197104345939306, 0.006009840270757775, 0.005380368062141207, 0.0006304650701969355, 0.001126200922417987, 0.0006935833252485553, 0.0010184788279243612, 0.0002657388729709935, 0.000301595379380925, 0.001486901975349524] and parameters: {'lag_0': 0.2455940582690981, 'lag_1': 0.18854693007600093, 'lag_2': 0.04776021180254404, 'lag_3': 0.7067143670221306, 'lag_4': 0.3290454215471582, 'lag_5': 0.3252117745571187, 'lag_6': 0.0902995571436844, 'lag_7': 0.7740109161372811, 'lag_8': 0.5137091776360622, 'lag_9': 0.9122065333820554, 'lag_10': 0.27613981762235507, 'lag_11': 0.09818705058968032, 'lag_12': 0.5278713044569211, 'lag_13': 0.8870052454844947, 'lag_14': 0.09921675053019517, 'lag_15': 0.2167262964322798, 'lag_16': 0.451315581586387, 'lag_17': 0.9748153305386952, 'lag_18': 0.9822709876916647, 'lag_19': 0.20939025063425704, 'lag_20': 0.2962721112846982, 'lag_21': 0.8588791357438421, 'lag_22': 0.7870286256466206, 'lag_23': 0.49062102064896396, 'lag_24': 0.4720083866746601, 'lag_25': 0.5127691217974738, 'lag_26': 0.04174209246390479, 'lag_27': 0.10977756438281827, 'lag_28': 0.6377290425707045}.
