[I 2025-09-29 12:52:16,478] Trial 41 finished with value: 0.004335569271193827 and parameters: {'lag_0': 0.8631839690131755, 'lag_1': 0.508282777948799, 'lag_2': 0.7607506824281022, 'lag_3': 0.8894064437815703, 'lag_4': 0.42264928883441977, 'lag_5': 0.6737697045479601, 'lag_6': 0.4980327655351183, 'lag_7': 0.8895425178324172, 'lag_8': 0.20132827123096314, 'lag_9': 0.949024439251421, 'lag_10': 0.265549789441076, 'lag_11': 0.6867194662389875, 'lag_12': 0.48711142744475955, 'lag_13': 0.428326380295863, 'lag_14': 0.80935619908552, 'lag_15': 0.9918580485521387, 'lag_16': 0.7661254703877456, 'lag_17': 0.33889439581502695, 'lag_18': 0.2392165697811397, 'lag_19': 0.4142754276220658, 'lag_20': 0.059143235196936934, 'lag_21': 0.7808705374260924, 'lag_22': 0.7389319571275098, 'lag_23': 0.662031432735408, 'lag_24': 0.8939146264105308, 'lag_25': 0.7904391410765866, 'lag_26': 0.12197742552049305, 'lag_27': 0.2989251253874967, 'lag_28': 0.716602787585431}. Best is trial 28 with value: 0.0037238074583694366.
[I 2025-09-29 12:52:19,337] Trial 42 finished with value: 0.004273064296239865 and parameters: {'lag_0': 0.9446464095379865, 'lag_1': 0.2846649847711155, 'lag_2': 0.8232207479769929, 'lag_3': 0.795450648193505, 'lag_4': 0.45846848357430975, 'lag_5': 0.5581048874705354, 'lag_6': 0.5639759407596338, 'lag_7': 0.7959428017182969, 'lag_8': 0.44721109119414587, 'lag_9': 0.8583289872789522, 'lag_10': 0.7274912213523418, 'lag_11': 0.5442468887628001, 'lag_12': 0.5264993817222077, 'lag_13': 0.5273010704056433, 'lag_14': 0.8631614576855675, 'lag_15': 0.9218310666368803, 'lag_16': 0.5706249676826265, 'lag_17': 0.276974093263188, 'lag_18': 0.1771156804077571, 'lag_19': 0.2851130857693993, 'lag_20': 0.684115141442868, 'lag_21': 0.8655642579930964, 'lag_22': 0.9394676745246151, 'lag_23': 0.7288221582268478, 'lag_24': 0.921173542851645, 'lag_25': 0.1982603854479028, 'lag_26': 0.04842406553894466, 'lag_27': 0.35778071822511964, 'lag_28': 0.3380943257955755}. Best is trial 28 with value: 0.0037238074583694366.
[I 2025-09-29 12:52:22,178] Trial 43 finished with value: 0.004551822079809094 and parameters: {'lag_0': 0.8068533546702, 'lag_1': 0.38650922475421456, 'lag_2': 0.9356187429719103, 'lag_3': 0.8289927355979712, 'lag_4': 0.5536764335826521, 'lag_5': 0.08448064078296563, 'lag_6': 0.8783919480164671, 'lag_7': 0.8990467424481721, 'lag_8': 0.29470457317958376, 'lag_9': 0.7257058824463335, 'lag_10': 0.7926597234270065, 'lag_11': 0.01556649327289561, 'lag_12': 0.6346473815945382, 'lag_13': 0.6551495213279402, 'lag_14': 0.6951281804777278, 'lag_15': 0.8048875355049625, 'lag_16': 0.9597816513242451, 'lag_17': 0.5060705159180229, 'lag_18': 0.3044834762929165, 'lag_19': 0.3903538188915612, 'lag_20': 0.7719933787119696, 'lag_21': 0.9356917268006844, 'lag_22': 0.8203188188880315, 'lag_23': 0.10975296118525028, 'lag_24': 0.813263653240117, 'lag_25': 0.39962378281694405, 'lag_26': 0.2399573893851708, 'lag_27': 0.23266819034343844, 'lag_28': 0.49392236600506934}. Best is trial 28 with value: 0.0037238074583694366.
[I 2025-09-29 12:52:25,022] Trial 44 finished with value: 0.0038980904782905104 and parameters: {'lag_0': 0.7551800202817045, 'lag_1': 0.22327693789855602, 'lag_2': 0.6799854446559692, 'lag_3': 0.6134029825724647, 'lag_4': 0.07795000431727345, 'lag_5': 0.14225479657560056, 'lag_6': 0.004305605624132125, 'lag_7': 0.6367543728828075, 'lag_8': 0.37870057358424314, 'lag_9': 0.6078834876507468, 'lag_10': 0.5948295567483477, 'lag_11': 0.0972782586041332, 'lag_12': 0.377705935091294, 'lag_13': 0.32363686906970157, 'lag_14': 0.765549605170178, 'lag_15': 0.1422881151969212, 'lag_16': 0.6672965872234747, 'lag_17': 0.8743215026980651, 'lag_18': 0.10646652706399837, 'lag_19': 0.1646149040044748, 'lag_20': 0.16329694339470935, 'lag_21': 0.7245276022038102, 'lag_22': 0.6466166329921004, 'lag_23': 0.001807831139618632, 'lag_24': 0.33859992198546907, 'lag_25': 0.5389061967658295, 'lag_26': 0.1511394352437966, 'lag_27': 0.1493213600212701, 'lag_28': 0.3857009173141213}. Best is trial 28 with value: 0.0037238074583694366.
[I 2025-09-29 12:52:27,853] Trial 45 finished with value: 0.004047122363382762 and parameters: {'lag_0': 0.7466790674962377, 'lag_1': 0.2303800999354575, 'lag_2': 0.6804965937025672, 'lag_3': 0.585002372781821, 'lag_4': 0.04778823077559342, 'lag_5': 0.15591930448209548, 'lag_6': 0.02469250421390409, 'lag_7': 0.6280218778421158, 'lag_8': 0.35813039652411904, 'lag_9': 0.3809889787573463, 'lag_10': 0.5942350461940077, 'lag_11': 0.13348125525423532, 'lag_12': 0.3114898503695628, 'lag_13': 0.3031756654739426, 'lag_14': 0.7716515213317757, 'lag_15': 0.15633296005295175, 'lag_16': 0.6747164739329452, 'lag_17': 0.8889753649882097, 'lag_18': 0.07587725937427542, 'lag_19': 0.1602930347968412, 'lag_20': 0.19195548003117766, 'lag_21': 0.7470632735297796, 'lag_22': 0.6593122550021546, 'lag_23': 0.5279523364907147, 'lag_24': 0.26920428647896666, 'lag_25': 0.5354239375565246, 'lag_26': 0.5468010124049162, 'lag_27': 0.0681140167685905, 'lag_28': 0.3927246137865689}. Best is trial 28 with value: 0.0037238074583694366.
[I 2025-09-29 12:52:30,696] Trial 46 finished with value: 0.004638929597032212 and parameters: {'lag_0': 0.6748772284357557, 'lag_1': 0.14516340529272564, 'lag_2': 0.7213247809936416, 'lag_3': 0.7196436643138815, 'lag_4': 0.08160196149025103, 'lag_5': 0.12033328053339956, 'lag_6': 0.026429198685696337, 'lag_7': 0.5827907032906876, 'lag_8': 0.4329999083311785, 'lag_9': 0.5929344615477324, 'lag_10': 0.6441338731560959, 'lag_11': 0.22997415619351913, 'lag_12': 0.37782129287775285, 'lag_13': 0.3790466855076385, 'lag_14': 0.95562346796943, 'lag_15': 0.09053089391037764, 'lag_16': 0.8149309480748309, 'lag_17': 0.7970187198205171, 'lag_18': 0.001737118761549375, 'lag_19': 0.13560350631369097, 'lag_20': 0.3320979063457562, 'lag_21': 0.7233983104967769, 'lag_22': 0.7716827294229858, 'lag_23': 0.004290300307461858, 'lag_24': 0.3288983610978359, 'lag_25': 0.45498313472810226, 'lag_26': 0.0011039395123974213, 'lag_27': 0.10996965175999951, 'lag_28': 0.6446248764825253}. Best is trial 28 with value: 0.0037238074583694366.
[I 2025-09-29 12:52:33,536] Trial 47 finished with value: 0.004147027884360559 and parameters: {'lag_0': 0.6004776778999124, 'lag_1': 0.9637972849601132, 'lag_2': 0.5576858692560096, 'lag_3': 0.4172898110312735, 'lag_4': 0.15322207554428974, 'lag_5': 0.05016123526479121, 'lag_6': 0.2959419419597132, 'lag_7': 0.6763003044870447, 'lag_8': 0.676664994900699, 'lag_9': 0.9996794357263665, 'lag_10': 0.4112554948658071, 'lag_11': 0.07610079181593868, 'lag_12': 0.2132407104201746, 'lag_13': 0.1238249067966109, 'lag_14': 0.7383182908777407, 'lag_15': 0.5850284193493653, 'lag_16': 0.008375273457385906, 'lag_17': 0.6961329823551994, 'lag_18': 0.36792612704945304, 'lag_19': 0.08271364655806694, 'lag_20': 0.6414476829329758, 'lag_21': 0.5806973446110968, 'lag_22': 0.5844575566896518, 'lag_23': 0.2967767981939211, 'lag_24': 0.4147874457328322, 'lag_25': 0.5729707763432242, 'lag_26': 0.6935479236028587, 'lag_27': 0.04927643191478158, 'lag_28': 0.18492565945881834}. Best is trial 28 with value: 0.0037238074583694366.
[I 2025-09-29 12:52:36,378] Trial 48 finished with value: 0.004488317947457682 and parameters: {'lag_0': 0.44765929397603005, 'lag_1': 0.01834726031123568, 'lag_2': 0.39274974317525907, 'lag_3': 0.11325394901653246, 'lag_4': 0.3272986886054412, 'lag_5': 0.2551888621305629, 'lag_6': 0.22636911689454844, 'lag_7': 0.4352421939632763, 'lag_8': 0.17684805966765224, 'lag_9': 0.5452848967549663, 'lag_10': 0.9921001835678788, 'lag_11': 0.95049273314409, 'lag_12': 0.08587316577828846, 'lag_13': 0.3457509035485227, 'lag_14': 0.06010707068013127, 'lag_15': 0.039739719502526055, 'lag_16': 0.8979985865241304, 'lag_17': 0.9524966266374211, 'lag_18': 0.8556891431213695, 'lag_19': 0.09679588774210554, 'lag_20': 0.5263117687326342, 'lag_21': 0.5351642674233079, 'lag_22': 0.8616893918447086, 'lag_23': 0.22452094827177138, 'lag_24': 0.3650183661177406, 'lag_25': 0.5013739636666485, 'lag_26': 0.16079607495586395, 'lag_27': 0.651401870824553, 'lag_28': 0.7393887960196475}. Best is trial 28 with value: 0.0037238074583694366.
[I 2025-09-29 12:52:39,236] Trial 49 finished with value: 0.004244336277759613 and parameters: {'lag_0': 0.5303458348307665, 'lag_1': 0.8357492250739478, 'lag_2': 0.8718839398983977, 'lag_3': 0.5510059078319086, 'lag_4': 0.07032203997362133, 'lag_5': 0.18750495081090104, 'lag_6': 0.13046119974651452, 'lag_7': 0.7516551457781934, 'lag_8': 0.535442398484921, 'lag_9': 0.6408819875418585, 'lag_10': 0.5692958211256357, 'lag_11': 0.7369109316626206, 'lag_12': 0.9949785858218747, 'lag_13': 0.9317780271100022, 'lag_14': 0.17350652573592884, 'lag_15': 0.4308597666620041, 'lag_16': 0.11934990172633955, 'lag_17': 0.8494250380767945, 'lag_18': 0.29355329609819164, 'lag_19': 0.5685931366594132, 'lag_20': 0.7378457711715258, 'lag_21': 0.6708290384773808, 'lag_22': 0.7506865088612623, 'lag_23': 0.36491045857330306, 'lag_24': 0.4661644137192543, 'lag_25': 0.6659392584978052, 'lag_26': 0.9093667412184521, 'lag_27': 0.1514251031324892, 'lag_28': 0.8978571941174797}. Best is trial 28 with value: 0.0037238074583694366.
[I 2025-09-29 12:52:42,082] Trial 50 finished with value: 0.004524388404437431 and parameters: {'lag_0': 0.7535690930282767, 'lag_1': 0.7339455294076751, 'lag_2': 0.6034840766743835, 'lag_3': 0.30816314109545395, 'lag_4': 0.892679584580114, 'lag_5': 0.29713403804776917, 'lag_6': 0.056133505049759086, 'lag_7': 0.1503178687553321, 'lag_8': 0.24089924779268845, 'lag_9': 0.4694758987506455, 'lag_10': 0.7890030982555031, 'lag_11': 0.295466359100815, 'lag_12': 0.018488396926293893, 'lag_13': 0.223952998795988, 'lag_14': 0.27896060036943093, 'lag_15': 0.22979501005699057, 'lag_16': 0.7383355621812223, 'lag_17': 0.9976437630271783, 'lag_18': 0.48183281764390246, 'lag_19': 0.2134083113735366, 'lag_20': 0.8369930280549491, 'lag_21': 0.822805047625735, 'lag_22': 0.9509134667123813, 'lag_23': 0.8752319356364187, 'lag_24': 0.5778957654907841, 'lag_25': 0.3668839708194384, 'lag_26': 0.10028508145013469, 'lag_27': 0.1635002443600911, 'lag_28': 0.9573929750219262}. Best is trial 28 with value: 0.0037238074583694366.
[I 2025-09-29 12:52:44,931] Trial 51 finished with value: 0.004360480449860019 and parameters: {'lag_0': 0.01949500928152148, 'lag_1': 0.2396406086049539, 'lag_2': 0.7791949598213095, 'lag_3': 0.9677504945007285, 'lag_4': 0.23114635118907698, 'lag_5': 0.5901173140370289, 'lag_6': 0.4748971735438727, 'lag_7': 0.04458600394532285, 'lag_8': 0.32322560037234593, 'lag_9': 0.7299882064524786, 'lag_10': 0.47108163389811475, 'lag_11': 0.78768630661435, 'lag_12': 0.4657115946439676, 'lag_13': 0.45675806847248435, 'lag_14': 0.7873099573787173, 'lag_15': 0.6865318509812491, 'lag_16': 0.6324008328956269, 'lag_17': 0.655022771845532, 'lag_18': 0.10404537360508914, 'lag_19': 0.19601162096315158, 'lag_20': 0.07345565810147929, 'lag_21': 0.771724621173427, 'lag_22': 0.48347576904367784, 'lag_23': 0.08236927395704535, 'lag_24': 0.22157635819530386, 'lag_25': 0.639235345321093, 'lag_26': 0.06563205561189481, 'lag_27': 0.23680114387598283, 'lag_28': 0.6631716466547535}. Best is trial 28 with value: 0.0037238074583694366.
[I 2025-09-29 12:52:47,776] Trial 52 finished with value: 0.00414202710172067 and parameters: {'lag_0': 0.9856938388505373, 'lag_1': 0.3322521330977872, 'lag_2': 0.7410842066697971, 'lag_3': 0.6236301386219892, 'lag_4': 0.39107379123438135, 'lag_5': 0.8619855581741676, 'lag_6': 0.006427299747836984, 'lag_7': 0.53249050232632, 'lag_8': 0.47194344135527366, 'lag_9': 0.8119739533048819, 'lag_10': 0.6184162124596988, 'lag_11': 0.5988745691350691, 'lag_12': 0.39791641434800873, 'lag_13': 0.3934502492462687, 'lag_14': 0.6631047197323504, 'lag_15': 0.1463852705148647, 'lag_16': 0.4433631692644801, 'lag_17': 0.8700005916147828, 'lag_18': 0.1960031376044412, 'lag_19': 0.305704907542014, 'lag_20': 0.032369276268326384, 'lag_21': 0.8500224539246497, 'lag_22': 0.39007374296366903, 'lag_23': 0.011413729799153505, 'lag_24': 0.6425902568372269, 'lag_25': 0.7273561927089929, 'lag_26': 0.15267216863177635, 'lag_27': 0.4718790911895412, 'lag_28': 0.23440631193113387}. Best is trial 28 with value: 0.0037238074583694366.
[I 2025-09-29 12:52:50,617] Trial 53 finished with value: 0.0043073771829305624 and parameters: {'lag_0': 0.8733697701183748, 'lag_1': 0.4743379998892366, 'lag_2': 0.09075715963490705, 'lag_3': 0.9009724344672093, 'lag_4': 0.6072904784656301, 'lag_5': 0.6735193405285436, 'lag_6': 0.1785180764794691, 'lag_7': 0.7792377225893247, 'lag_8': 0.2785910787861101, 'lag_9': 0.21292374044429963, 'lag_10': 0.5510578925821935, 'lag_11': 0.4048687179201784, 'lag_12': 0.35295791201276183, 'lag_13': 0.49538467654536883, 'lag_14': 0.8759941723261185, 'lag_15': 0.025887772665075855, 'lag_16': 0.52788330800667, 'lag_17': 0.9309989746688464, 'lag_18': 0.11707281190933942, 'lag_19': 0.4752427698899829, 'lag_20': 0.17636660493408404, 'lag_21': 0.7133070431036238, 'lag_22': 0.5378789509822249, 'lag_23': 0.1100837844540348, 'lag_24': 0.5275482087487482, 'lag_25': 0.2815604938056382, 'lag_26': 0.25898977608322266, 'lag_27': 0.281213465557023, 'lag_28': 0.3638679025845738}. Best is trial 28 with value: 0.0037238074583694366.
[I 2025-09-29 12:52:53,464] Trial 54 finished with value: 0.004403398557267754 and parameters: {'lag_0': 0.9019200203018951, 'lag_1': 0.3827900938266104, 'lag_2': 0.7013254676273208, 'lag_3': 0.679775672289434, 'lag_4': 0.5054661312420506, 'lag_5': 0.9601697085092821, 'lag_6': 0.38050471947616893, 'lag_7': 0.3221063848882226, 'lag_8': 0.40665211857906847, 'lag_9': 0.643645395245042, 'lag_10': 0.7209075254559549, 'lag_11': 0.6558353346413333, 'lag_12': 0.16354808106389818, 'lag_13': 0.41685959905361075, 'lag_14': 0.5750736155147292, 'lag_15': 0.32996771532193175, 'lag_16': 0.5886297036593993, 'lag_17': 0.7565871154386798, 'lag_18': 0.2603083717525412, 'lag_19': 0.511166668655485, 'lag_20': 0.11420701052667463, 'lag_21': 0.8870813094041607, 'lag_22': 0.6912637370432532, 'lag_23': 0.59564379806499, 'lag_24': 0.2933626560459023, 'lag_25': 0.7207572954386331, 'lag_26': 0.2060441690044143, 'lag_27': 0.38197706106028634, 'lag_28': 0.8255148363079883}. Best is trial 28 with value: 0.0037238074583694366.
[I 2025-09-29 12:52:56,312] Trial 55 finished with value: 0.00385824811436222 and parameters: {'lag_0': 0.9313935722703154, 'lag_1': 0.5335576870781051, 'lag_2': 0.6255902842159404, 'lag_3': 0.7987738605077708, 'lag_4': 0.352631363798084, 'lag_5': 0.7766378129523581, 'lag_6': 0.6167741133703167, 'lag_7': 0.6740105008987234, 'lag_8': 0.14521357957398767, 'lag_9': 0.2681976974090491, 'lag_10': 0.2438228089408951, 'lag_11': 0.7239370366844615, 'lag_12': 0.5971020066406899, 'lag_13': 0.5724256573450479, 'lag_14': 0.7031327134822467, 'lag_15': 0.09701411266750988, 'lag_16': 0.35705094523056347, 'lag_17': 0.45699993562499924, 'lag_18': 0.061207143196613335, 'lag_19': 0.4516698328645638, 'lag_20': 0.22588578784578978, 'lag_21': 0.1491196315798312, 'lag_22': 0.6059094679363685, 'lag_23': 0.6702742010315043, 'lag_24': 0.44319704617627614, 'lag_25': 0.22396053164047797, 'lag_26': 0.3369493720889948, 'lag_27': 0.885156575277267, 'lag_28': 0.059861431631479625}. Best is trial 28 with value: 0.0037238074583694366.
[I 2025-09-29 12:52:59,161] Trial 56 finished with value: 0.004279754920532658 and parameters: {'lag_0': 0.9286984398693012, 'lag_1': 0.5998767806199525, 'lag_2': 0.6469609411998551, 'lag_3': 0.8434986765961443, 'lag_4': 0.29248943716481296, 'lag_5': 0.7897572931471353, 'lag_6': 0.714687133516388, 'lag_7': 0.6451603207031721, 'lag_8': 0.06267600131809314, 'lag_9': 0.29622013111573087, 'lag_10': 0.3746900936950609, 'lag_11': 0.7026336362518798, 'lag_12': 0.6893664647442759, 'lag_13': 0.58089113413071, 'lag_14': 0.7066831977718648, 'lag_15': 0.10752708448319827, 'lag_16': 0.25720075096916417, 'lag_17': 0.4367501135825408, 'lag_18': 0.03749234777283722, 'lag_19': 0.4533582439716748, 'lag_20': 0.2994628329710591, 'lag_21': 0.20135777246252623, 'lag_22': 0.5966766598383668, 'lag_23': 0.7047201991665969, 'lag_24': 0.351918603450907, 'lag_25': 0.22701761245861948, 'lag_26': 0.36006223708439533, 'lag_27': 0.9019684994068994, 'lag_28': 0.2946479382923778}. Best is trial 28 with value: 0.0037238074583694366.
[I 2025-09-29 12:53:01,997] Trial 57 finished with value: 0.004249445290023419 and parameters: {'lag_0': 0.8293187145328815, 'lag_1': 0.994162556796127, 'lag_2': 0.47235414510154816, 'lag_3': 0.7869094517642391, 'lag_4': 0.3428720955550842, 'lag_5': 0.8226942084985119, 'lag_6': 0.6100389812086695, 'lag_7': 0.5503317801132593, 'lag_8': 0.1287342974158048, 'lag_9': 0.24408069329145374, 'lag_10': 0.13724371931861984, 'lag_11': 0.4653105257610295, 'lag_12': 0.5792113017190168, 'lag_13': 0.2635083601042119, 'lag_14': 0.8299687266690224, 'lag_15': 0.16157439771205903, 'lag_16': 0.33790932533180135, 'lag_17': 0.38794049983321915, 'lag_18': 0.15039759576865736, 'lag_19': 0.6572238666348262, 'lag_20': 0.24678111413002005, 'lag_21': 0.09728900730711434, 'lag_22': 0.8191485571930792, 'lag_23': 0.6616648799765806, 'lag_24': 0.4381032500790437, 'lag_25': 0.151997085176529, 'lag_26': 0.43627166135676954, 'lag_27': 0.8259466778186807, 'lag_28': 0.5021604450903396}. Best is trial 28 with value: 0.0037238074583694366.
[I 2025-09-29 12:53:04,835] Trial 58 finished with value: 0.004141051749124644 and parameters: {'lag_0': 0.9639632130222405, 'lag_1': 0.6622150497461429, 'lag_2': 0.5352973673182795, 'lag_3': 0.9871783940584982, 'lag_4': 0.24265060203179112, 'lag_5': 0.7202469261765607, 'lag_6': 0.6373936848578087, 'lag_7': 0.46694629834114565, 'lag_8': 0.6247476876446169, 'lag_9': 0.3858357449908928, 'lag_10': 0.5216355565268801, 'lag_11': 0.7599103267486352, 'lag_12': 0.4255185701440892, 'lag_13': 0.34252673235591263, 'lag_14': 0.40834454951168253, 'lag_15': 0.10770663269831861, 'lag_16': 0.3770714076659309, 'lag_17': 0.4752753181168826, 'lag_18': 0.3826825639208046, 'lag_19': 0.9669743282237898, 'lag_20': 0.1347518030352528, 'lag_21': 0.38945703543421867, 'lag_22': 0.6743103724782497, 'lag_23': 0.7790437679215177, 'lag_24': 0.40139114343765403, 'lag_25': 0.3379879452430503, 'lag_26': 0.3227040427214578, 'lag_27': 0.9108218392481429, 'lag_28': 0.1472637649093727}. Best is trial 28 with value: 0.0037238074583694366.
[I 2025-09-29 12:53:07,687] Trial 59 finished with value: 0.004170131818755045 and parameters: {'lag_0': 0.7848356150406434, 'lag_1': 0.5584455658037388, 'lag_2': 0.4074156816807611, 'lag_3': 0.7348350660285946, 'lag_4': 0.20064917757363795, 'lag_5': 0.047456752300617064, 'lag_6': 0.0981688237886501, 'lag_7': 0.6764786881684159, 'lag_8': 0.16854816866623787, 'lag_9': 0.16687866826764314, 'lag_10': 0.25559015036297, 'lag_11': 0.8202489673848714, 'lag_12': 0.2403351934673238, 'lag_13': 0.6982481715627225, 'lag_14': 0.02868179615837151, 'lag_15': 0.05066905392184811, 'lag_16': 0.05675872638462607, 'lag_17': 0.5335973140634203, 'lag_18': 0.05340788204593941, 'lag_19': 0.7504882700152304, 'lag_20': 0.4023643729824359, 'lag_21': 0.17267441407902404, 'lag_22': 0.92364800415301, 'lag_23': 0.4692063766341889, 'lag_24': 0.2320219176685871, 'lag_25': 0.45065301817620385, 'lag_26': 0.5275642073773739, 'lag_27': 0.9844462946990717, 'lag_28': 0.5708568716270991}. Best is trial 28 with value: 0.0037238074583694366.
[I 2025-09-29 12:53:10,528] Trial 60 finished with value: 0.004134750233851255 and parameters: {'lag_0': 0.6496790822371917, 'lag_1': 0.7877694831500993, 'lag_2': 0.5987770651729438, 'lag_3': 0.22519585466012576, 'lag_4': 0.37674617030873186, 'lag_5': 0.22228196679275208, 'lag_6': 0.5497644245509693, 'lag_7': 0.5990467321236347, 'lag_8': 0.224115273665181, 'lag_9': 0.319274839372968, 'lag_10': 0.8275909252580902, 'lag_11': 0.7256873399294507, 'lag_12': 0.2974172210765731, 'lag_13': 0.8058266545695059, 'lag_14': 0.09791939136496997, 'lag_15': 0.25433959695037656, 'lag_16': 0.1917576141971987, 'lag_17': 0.6139890710666612, 'lag_18': 0.33585298042434913, 'lag_19': 0.38926573077040727, 'lag_20': 0.36945912150028415, 'lag_21': 0.6369977488912877, 'lag_22': 0.30411158472408756, 'lag_23': 0.7413643171191778, 'lag_24': 0.490786885971368, 'lag_25': 0.03174183062922048, 'lag_26': 0.6440005987370075, 'lag_27': 0.8657309237810794, 'lag_28': 0.7866111827109079}. Best is trial 28 with value: 0.0037238074583694366.
[I 2025-09-29 12:53:13,490] Trial 61 finished with value: 0.003931790709678396 and parameters: {'lag_0': 0.9272645144246324, 'lag_1': 0.5363136594672487, 'lag_2': 0.8054719566517586, 'lag_3': 0.8291410265115973, 'lag_4': 0.5333238334629724, 'lag_5': 0.7590987862046605, 'lag_6': 0.9297872195247806, 'lag_7': 0.5546130877320535, 'lag_8': 0.27878745745970934, 'lag_9': 0.2561546968194796, 'lag_10': 0.10253329872618842, 'lag_11': 0.5851969361902664, 'lag_12': 0.49424259156388956, 'lag_13': 0.5319164183011333, 'lag_14': 0.7432835189596924, 'lag_15': 0.4338756099594796, 'lag_16': 0.4795977523146864, 'lag_17': 0.050530546045681066, 'lag_18': 0.11638832181370222, 'lag_19': 0.5298069598236869, 'lag_20': 0.04377021712185226, 'lag_21': 0.27511483124092506, 'lag_22': 0.6239414034765431, 'lag_23': 0.642722081923386, 'lag_24': 0.5453883357141839, 'lag_25': 0.3844790662859281, 'lag_26': 0.04212466643368991, 'lag_27': 0.752704586755108, 'lag_28': 0.02641951115613394}. Best is trial 28 with value: 0.0037238074583694366.
