[I 2025-09-29 11:52:42,049] Trial 19 finished with value: 0.010433803760977824 and parameters: {'lag_0': 0.1893399339650904, 'lag_1': 0.34315888385792914, 'lag_2': 0.9866521869512662, 'lag_3': 0.44147093854283403, 'lag_4': 0.6287839623547244, 'lag_5': 0.18161699902738848, 'lag_6': 0.6562696539594021, 'lag_7': 0.006230399267031006, 'lag_8': 0.7188079267084413, 'lag_9': 0.6053002134892506, 'lag_10': 0.6052661992688804, 'lag_11': 0.33399064661473477, 'lag_12': 0.46301714079786077, 'lag_13': 0.8521397104133401, 'lag_14': 0.8511498126056529, 'lag_15': 0.4849404220144838, 'lag_16': 0.8457566315399158, 'lag_17': 0.4476025738061179, 'lag_18': 0.6984507351881768, 'lag_19': 0.4230467445251201, 'lag_20': 0.8975430166292344, 'lag_21': 0.23392103641100134, 'lag_22': 0.4092725842390695, 'lag_23': 0.02894126516460538, 'lag_24': 0.4006417827298236, 'lag_25': 0.5622048891634436, 'lag_26': 0.020912895852871816, 'lag_27': 0.9587743021308099, 'lag_28': 0.8404551140265535}. Best is trial 1 with value: 0.010060723097495226.
[I 2025-09-29 11:52:44,395] Trial 20 finished with value: 0.010456466134162738 and parameters: {'lag_0': 0.6415884588311102, 'lag_1': 0.2090558173007188, 'lag_2': 0.8663389370295224, 'lag_3': 0.14081496907950375, 'lag_4': 0.868117734260231, 'lag_5': 0.41493305813739917, 'lag_6': 0.43842019093379575, 'lag_7': 0.173958129898243, 'lag_8': 0.8978344791672112, 'lag_9': 0.7163611739416051, 'lag_10': 0.37773534589165725, 'lag_11': 0.11321053499745791, 'lag_12': 0.3175363660742141, 'lag_13': 0.4616762641640584, 'lag_14': 0.7011066104591439, 'lag_15': 0.8322570278550486, 'lag_16': 0.7981892511619944, 'lag_17': 0.16714289007474656, 'lag_18': 0.4113917092555184, 'lag_19': 0.5854993981307794, 'lag_20': 0.5374096512072352, 'lag_21': 0.06261260549081887, 'lag_22': 0.3467116643849193, 'lag_23': 0.9817055566541195, 'lag_24': 0.6332074040083876, 'lag_25': 0.7907378529858861, 'lag_26': 0.7994947942869997, 'lag_27': 0.4931573264567445, 'lag_28': 0.41928651766703606}. Best is trial 1 with value: 0.010060723097495226.
[I 2025-09-29 11:52:46,740] Trial 21 finished with value: 0.010540930699830765 and parameters: {'lag_0': 0.8837898364409411, 'lag_1': 0.6550742243651642, 'lag_2': 0.5962439481993971, 'lag_3': 0.6026166315526166, 'lag_4': 0.7188366385265941, 'lag_5': 0.7410145326097581, 'lag_6': 0.5836419766987262, 'lag_7': 0.4957487806038996, 'lag_8': 0.2384789509831013, 'lag_9': 0.27498963397988657, 'lag_10': 0.2638671162958993, 'lag_11': 0.10166133716200668, 'lag_12': 0.5622778469878416, 'lag_13': 0.12110355819214684, 'lag_14': 0.13774844486018284, 'lag_15': 0.8945132179260643, 'lag_16': 0.47502662148009805, 'lag_17': 0.6771140008855404, 'lag_18': 0.317231570366976, 'lag_19': 0.19674829334220925, 'lag_20': 0.42230609641456496, 'lag_21': 0.4100983790968161, 'lag_22': 0.1337744887451732, 'lag_23': 0.38064024497557114, 'lag_24': 0.7512274555779951, 'lag_25': 0.7467999270355345, 'lag_26': 0.5712224067884968, 'lag_27': 0.1548973697188754, 'lag_28': 0.19137506353614905}. Best is trial 1 with value: 0.010060723097495226.
[I 2025-09-29 11:52:49,079] Trial 22 finished with value: 0.010455216570413286 and parameters: {'lag_0': 0.787526422779298, 'lag_1': 0.6098011694031876, 'lag_2': 0.4925867479434979, 'lag_3': 0.8728782522893693, 'lag_4': 0.5456818452885634, 'lag_5': 0.5737451131505944, 'lag_6': 0.7915940656458964, 'lag_7': 0.3944672440185681, 'lag_8': 0.5009975557950151, 'lag_9': 0.142710052426111, 'lag_10': 0.8624069842344251, 'lag_11': 0.0030908371979733347, 'lag_12': 0.6847955642737715, 'lag_13': 0.2761623147796979, 'lag_14': 0.11921628466353792, 'lag_15': 0.715791389943288, 'lag_16': 0.16477606067064865, 'lag_17': 0.004738859535459439, 'lag_18': 0.1333220799344284, 'lag_19': 0.35897334012518084, 'lag_20': 0.876864141641973, 'lag_21': 0.3683838740559808, 'lag_22': 0.2332507012032554, 'lag_23': 0.537315708656664, 'lag_24': 0.8849880048356852, 'lag_25': 0.5718341398172835, 'lag_26': 0.5709489783286896, 'lag_27': 0.37903587249565385, 'lag_28': 0.24130123338926163}. Best is trial 1 with value: 0.010060723097495226.
[I 2025-09-29 11:52:51,421] Trial 23 finished with value: 0.010847862903834663 and parameters: {'lag_0': 0.8844525568063479, 'lag_1': 0.855011982652906, 'lag_2': 0.6709477130534299, 'lag_3': 0.44909341495990845, 'lag_4': 0.34268890257455975, 'lag_5': 0.9955306173979259, 'lag_6': 0.5126530562660159, 'lag_7': 0.6975868250288629, 'lag_8': 0.6669130574505124, 'lag_9': 0.37815795737951263, 'lag_10': 0.18399406838916527, 'lag_11': 0.2839806010404019, 'lag_12': 0.4017940690129204, 'lag_13': 0.0858515962788968, 'lag_14': 0.3394522909068861, 'lag_15': 0.3992480898180774, 'lag_16': 0.5685198517414134, 'lag_17': 0.8203331625268512, 'lag_18': 0.6785759099943783, 'lag_19': 0.298196232222978, 'lag_20': 0.9753318073345912, 'lag_21': 0.4814122892228463, 'lag_22': 0.06857803307757743, 'lag_23': 0.20593155504005894, 'lag_24': 0.6358001262918032, 'lag_25': 0.6068135334768416, 'lag_26': 0.4421136736617307, 'lag_27': 0.6868345629729034, 'lag_28': 0.0037159767861254522}. Best is trial 1 with value: 0.010060723097495226.
[I 2025-09-29 11:52:53,772] Trial 24 finished with value: 0.010341652466194378 and parameters: {'lag_0': 0.9940989020517789, 'lag_1': 0.43931771046896245, 'lag_2': 0.8884348670496396, 'lag_3': 0.2739972462334987, 'lag_4': 0.18323907255552319, 'lag_5': 0.25626493985817606, 'lag_6': 0.32475880704654014, 'lag_7': 0.2659307908990366, 'lag_8': 0.9988546784436307, 'lag_9': 0.2170089874811589, 'lag_10': 0.012422793084080716, 'lag_11': 0.13512831696111616, 'lag_12': 0.503576460120709, 'lag_13': 0.20470152656351143, 'lag_14': 0.5911665740317957, 'lag_15': 0.5926453942975893, 'lag_16': 0.3125414658114473, 'lag_17': 0.3037861141656032, 'lag_18': 0.17073039345365537, 'lag_19': 0.11078511281728168, 'lag_20': 0.7206609766650376, 'lag_21': 0.7719778266585123, 'lag_22': 0.16354295332481358, 'lag_23': 0.4734331966385326, 'lag_24': 0.7207944671251366, 'lag_25': 0.381235401446697, 'lag_26': 0.6070597188919148, 'lag_27': 0.8783413200977732, 'lag_28': 0.13564355036096337}. Best is trial 1 with value: 0.010060723097495226.
[I 2025-09-29 11:52:56,124] Trial 25 finished with value: 0.01042253837746709 and parameters: {'lag_0': 0.875540702790248, 'lag_1': 0.7389745319285483, 'lag_2': 0.775664801026797, 'lag_3': 0.0743072004337297, 'lag_4': 0.6903052513905704, 'lag_5': 0.07151993472909379, 'lag_6': 0.7045712738385281, 'lag_7': 0.09845905823938206, 'lag_8': 0.8001019284864082, 'lag_9': 0.516017447289804, 'lag_10': 0.5480535503595614, 'lag_11': 0.0684851628692721, 'lag_12': 0.8165373768638277, 'lag_13': 0.35370528705307736, 'lag_14': 0.4350538867946684, 'lag_15': 0.8927508507414408, 'lag_16': 0.422534207206094, 'lag_17': 0.5113594001488475, 'lag_18': 0.04239409690450935, 'lag_19': 3.994036164145509e-05, 'lag_20': 0.595863229429425, 'lag_21': 0.5480559474824914, 'lag_22': 0.7905788973493368, 'lag_23': 0.6063105239344199, 'lag_24': 0.5313265725922511, 'lag_25': 0.7611573798583287, 'lag_26': 0.3093042232306247, 'lag_27': 0.4044912649022933, 'lag_28': 0.31325490379737775}. Best is trial 1 with value: 0.010060723097495226.
[I 2025-09-29 11:52:58,474] Trial 26 finished with value: 0.010563979722489566 and parameters: {'lag_0': 0.5615097168608061, 'lag_1': 0.6103174744997754, 'lag_2': 0.30560054156356703, 'lag_3': 0.6850282199052773, 'lag_4': 0.6043616960308962, 'lag_5': 0.4265060853235455, 'lag_6': 0.5721806030412223, 'lag_7': 0.5592997884660649, 'lag_8': 0.43301542561833084, 'lag_9': 0.11121592466242797, 'lag_10': 0.4435814693863026, 'lag_11': 0.18557344318597702, 'lag_12': 0.25387776296734704, 'lag_13': 0.444230765831756, 'lag_14': 0.2849759332115459, 'lag_15': 0.655581449696343, 'lag_16': 0.0036989796186298607, 'lag_17': 0.6037345463571927, 'lag_18': 0.8250218583017359, 'lag_19': 0.4236672425448845, 'lag_20': 0.11437920911155407, 'lag_21': 0.32358697172852324, 'lag_22': 0.5579437322727616, 'lag_23': 0.24454303153860898, 'lag_24': 0.8080724714400841, 'lag_25': 0.4585402131099924, 'lag_26': 0.7696478198112677, 'lag_27': 0.5288227362615221, 'lag_28': 0.587647645188982}. Best is trial 1 with value: 0.010060723097495226.
[I 2025-09-29 11:53:00,823] Trial 27 finished with value: 0.01055743624856439 and parameters: {'lag_0': 0.7488137828377952, 'lag_1': 0.8929755303442813, 'lag_2': 0.5412029127917483, 'lag_3': 0.34836742219899364, 'lag_4': 0.7772981135881711, 'lag_5': 0.5802199131856096, 'lag_6': 0.8458705154755739, 'lag_7': 0.43010351763193144, 'lag_8': 0.9172903320831436, 'lag_9': 0.3247855392097614, 'lag_10': 0.6762297437163356, 'lag_11': 0.29540887684049166, 'lag_12': 0.6407549039242038, 'lag_13': 0.3016021375070313, 'lag_14': 0.11384322376372802, 'lag_15': 0.7639800014453579, 'lag_16': 0.6745733704383041, 'lag_17': 0.8295693616042008, 'lag_18': 0.6213246220753228, 'lag_19': 0.23021314878416477, 'lag_20': 0.8171997242218991, 'lag_21': 0.45697533800372514, 'lag_22': 0.32445761996042155, 'lag_23': 0.3799392002329438, 'lag_24': 0.3796847777376069, 'lag_25': 0.888432414284553, 'lag_26': 0.4627627289920633, 'lag_27': 0.6643707622058582, 'lag_28': 0.4519284912107966}. Best is trial 1 with value: 0.010060723097495226.
[I 2025-09-29 11:53:03,169] Trial 28 finished with value: 0.01053782339074736 and parameters: {'lag_0': 0.08779789460191129, 'lag_1': 0.9801576973764965, 'lag_2': 0.6475338116371977, 'lag_3': 0.2372676732204485, 'lag_4': 0.19558970416996838, 'lag_5': 0.35149235002241125, 'lag_6': 0.6209503781882383, 'lag_7': 0.7261932230047484, 'lag_8': 0.2307980715727339, 'lag_9': 0.5078209756191787, 'lag_10': 0.2926330697352248, 'lag_11': 0.43448782613068415, 'lag_12': 0.5313338091249092, 'lag_13': 0.1945690374324417, 'lag_14': 0.5040914268568608, 'lag_15': 0.9084166035685143, 'lag_16': 0.2282008466288514, 'lag_17': 0.37765366278054224, 'lag_18': 0.7624182095091164, 'lag_19': 0.5743020831319412, 'lag_20': 0.48286743115918085, 'lag_21': 0.615177655251651, 'lag_22': 0.05236420574335643, 'lag_23': 0.7879897526490196, 'lag_24': 0.5964830760202654, 'lag_25': 0.7194130875846632, 'lag_26': 0.6318782710810993, 'lag_27': 0.11139339733484406, 'lag_28': 0.3035454548838726}. Best is trial 1 with value: 0.010060723097495226.
[I 2025-09-29 11:53:05,520] Trial 29 finished with value: 0.010561911188149925 and parameters: {'lag_0': 0.27382747237973815, 'lag_1': 0.005928534830741655, 'lag_2': 0.9677487850407942, 'lag_3': 0.1911484865214219, 'lag_4': 0.8851117835230816, 'lag_5': 0.9505428996562397, 'lag_6': 0.45865415159191136, 'lag_7': 0.7190240996935517, 'lag_8': 0.5654055681857899, 'lag_9': 0.09237848678589965, 'lag_10': 0.849561481500726, 'lag_11': 0.06347085137304677, 'lag_12': 0.45355412345699175, 'lag_13': 0.07292985615401362, 'lag_14': 0.6652586069504332, 'lag_15': 0.5530447596724934, 'lag_16': 0.9950356023226901, 'lag_17': 0.1701582970497486, 'lag_18': 0.428381948473367, 'lag_19': 0.3843585139300597, 'lag_20': 0.9868869561760643, 'lag_21': 0.24231400757058236, 'lag_22': 0.19490487823351216, 'lag_23': 0.09363628297955554, 'lag_24': 0.6845820980727088, 'lag_25': 0.9889514409624043, 'lag_26': 0.9059595249952883, 'lag_27': 0.8372678452216018, 'lag_28': 0.11858344136365556}. Best is trial 1 with value: 0.010060723097495226.
[I 2025-09-29 11:53:07,876] Trial 30 finished with value: 0.010321332986178003 and parameters: {'lag_0': 0.420874035609467, 'lag_1': 0.6475937392091579, 'lag_2': 0.8974874718377934, 'lag_3': 0.5780625971943529, 'lag_4': 0.057148569203542054, 'lag_5': 0.23618434329348773, 'lag_6': 0.9240492445637305, 'lag_7': 0.36125170537467577, 'lag_8': 0.08687397105674376, 'lag_9': 0.216500060057175, 'lag_10': 0.5707419395055251, 'lag_11': 0.7450084142796484, 'lag_12': 0.7540906576850075, 'lag_13': 0.6032474147619955, 'lag_14': 0.08147591266631599, 'lag_15': 0.43354887936694303, 'lag_16': 0.6333116009925699, 'lag_17': 0.49138554867883866, 'lag_18': 0.5493393366855869, 'lag_19': 0.30997064257998264, 'lag_20': 0.3089341242382335, 'lag_21': 0.7311874459117502, 'lag_22': 0.2662590317657, 'lag_23': 0.6888840760232229, 'lag_24': 0.46543410400217994, 'lag_25': 0.5306896159327602, 'lag_26': 0.7552645793304651, 'lag_27': 0.7054006253685581, 'lag_28': 0.5061608016022945}. Best is trial 1 with value: 0.010060723097495226.
[I 2025-09-29 11:53:10,222] Trial 31 finished with value: 0.01029065141742982 and parameters: {'lag_0': 0.23236008872076264, 'lag_1': 0.9394344972914865, 'lag_2': 0.7218692820245978, 'lag_3': 0.9735591776568031, 'lag_4': 0.9733318001136098, 'lag_5': 0.5371403553830919, 'lag_6': 0.7409092415523121, 'lag_7': 0.22982479258274527, 'lag_8': 0.48183797154159363, 'lag_9': 0.055937561123295065, 'lag_10': 0.4650233544719859, 'lag_11': 0.23395815463766967, 'lag_12': 0.40796458861303675, 'lag_13': 0.25245608157140825, 'lag_14': 0.9896400367423329, 'lag_15': 0.9777638013073728, 'lag_16': 0.7493655228228806, 'lag_17': 0.7588855500704859, 'lag_18': 0.08647821114082024, 'lag_19': 0.4637313174702567, 'lag_20': 0.6304307201881353, 'lag_21': 0.41417513501243913, 'lag_22': 0.4592530467993212, 'lag_23': 0.9639001831593162, 'lag_24': 0.4845819994728987, 'lag_25': 0.3460544618029867, 'lag_26': 0.2492148969482218, 'lag_27': 0.19328127138624962, 'lag_28': 0.5246608129862622}. Best is trial 1 with value: 0.010060723097495226.
[I 2025-09-29 11:53:12,567] Trial 32 finished with value: 0.01064864366113723 and parameters: {'lag_0': 0.10307738387060543, 'lag_1': 0.9915327859190268, 'lag_2': 0.7963422217821486, 'lag_3': 0.8744642872382415, 'lag_4': 0.918847469574688, 'lag_5': 0.48067935782009574, 'lag_6': 0.5846617617356387, 'lag_7': 0.15336719329971926, 'lag_8': 0.2953650602226955, 'lag_9': 0.01244409414323102, 'lag_10': 0.683042161064833, 'lag_11': 0.15120675941507544, 'lag_12': 0.27461356684831817, 'lag_13': 0.3281960941135106, 'lag_14': 0.9968500830943101, 'lag_15': 0.9965307562386063, 'lag_16': 0.9135773411079725, 'lag_17': 0.9916849122517677, 'lag_18': 0.05676928692909208, 'lag_19': 0.4330283944269328, 'lag_20': 0.6869758072458362, 'lag_21': 0.44968741067509477, 'lag_22': 0.5289351806635642, 'lag_23': 0.8935602811601245, 'lag_24': 0.4296401696497598, 'lag_25': 0.4079477875325085, 'lag_26': 0.40652008591788175, 'lag_27': 0.25815034879723486, 'lag_28': 0.6787930422112392}. Best is trial 1 with value: 0.010060723097495226.
[I 2025-09-29 11:53:14,924] Trial 33 finished with value: 0.010140382780938467 and parameters: {'lag_0': 0.3329963334177837, 'lag_1': 0.8330123836430287, 'lag_2': 0.6820118390992483, 'lag_3': 0.9181042200723646, 'lag_4': 0.7686526985220307, 'lag_5': 0.11032443053541859, 'lag_6': 0.7054537525125787, 'lag_7': 0.25918924247126296, 'lag_8': 0.944403596543371, 'lag_9': 0.09349830054196634, 'lag_10': 0.37695820579685224, 'lag_11': 0.2652537804593716, 'lag_12': 0.18660541294139743, 'lag_13': 0.43894743772275924, 'lag_14': 0.8798338843052241, 'lag_15': 0.9258548267683447, 'lag_16': 0.783273693302599, 'lag_17': 0.9222864580385828, 'lag_18': 0.008260774662890984, 'lag_19': 0.859083619874238, 'lag_20': 0.5690557781293819, 'lag_21': 0.5304425628933843, 'lag_22': 0.6228410433883144, 'lag_23': 0.8346137063233523, 'lag_24': 0.24338681863042277, 'lag_25': 0.24139778041318724, 'lag_26': 0.3428039149581036, 'lag_27': 0.350385041065937, 'lag_28': 0.5585267233966621}. Best is trial 1 with value: 0.010060723097495226.
[I 2025-09-29 11:53:17,274] Trial 34 finished with value: 0.010413180331766672 and parameters: {'lag_0': 0.4017037148148035, 'lag_1': 0.7715550823343464, 'lag_2': 0.4390245859078074, 'lag_3': 0.7778038348156736, 'lag_4': 0.7641045870539693, 'lag_5': 0.12443582836773204, 'lag_6': 0.8265227200667946, 'lag_7': 0.289152591993955, 'lag_8': 0.9485545195060643, 'lag_9': 0.1517661698282858, 'lag_10': 0.08198676901515761, 'lag_11': 0.43322726289339025, 'lag_12': 0.11472604085399744, 'lag_13': 0.4047252931892877, 'lag_14': 0.8741234414095184, 'lag_15': 0.7935188176949248, 'lag_16': 0.8012156203707052, 'lag_17': 0.9118128748748262, 'lag_18': 0.1490896423190338, 'lag_19': 0.9231938471083015, 'lag_20': 0.7739792385800126, 'lag_21': 0.5141489740291079, 'lag_22': 0.629266455471817, 'lag_23': 0.7784793186853078, 'lag_24': 0.2068393690170018, 'lag_25': 0.05693756034613409, 'lag_26': 0.08000042678241942, 'lag_27': 0.3493439767278753, 'lag_28': 0.5790892853488459}. Best is trial 1 with value: 0.010060723097495226.
[I 2025-09-29 11:53:19,624] Trial 35 finished with value: 0.010197430078155358 and parameters: {'lag_0': 0.3018813365157161, 'lag_1': 0.6952640518652508, 'lag_2': 0.6317427299483931, 'lag_3': 0.87839953821864, 'lag_4': 0.6556790559873452, 'lag_5': 0.022968856990487008, 'lag_6': 0.3495783803630553, 'lag_7': 0.0946581809579978, 'lag_8': 0.835572321140978, 'lag_9': 0.11229052050612784, 'lag_10': 0.35696407158261834, 'lag_11': 0.6937036740162313, 'lag_12': 0.18129302142342166, 'lag_13': 0.4121995998748459, 'lag_14': 0.7473600777351892, 'lag_15': 0.927004089201753, 'lag_16': 0.5251410072223869, 'lag_17': 0.8940618335549978, 'lag_18': 0.09999202146192163, 'lag_19': 0.8661527601377923, 'lag_20': 0.4979169013163412, 'lag_21': 0.5831110059665525, 'lag_22': 0.9243771110922434, 'lag_23': 0.8344672375553914, 'lag_24': 0.14375226950277778, 'lag_25': 0.23691976299066775, 'lag_26': 0.19807931679895316, 'lag_27': 0.4355841938243272, 'lag_28': 0.43605298599829245}. Best is trial 1 with value: 0.010060723097495226.
[I 2025-09-29 11:53:21,976] Trial 36 finished with value: 0.0104928793629307 and parameters: {'lag_0': 0.35050733765952785, 'lag_1': 0.8203823706154163, 'lag_2': 0.5435811385102444, 'lag_3': 0.4747674075651672, 'lag_4': 0.5539811991556404, 'lag_5': 0.08041893343460704, 'lag_6': 0.5278459315644786, 'lag_7': 0.3246468831507421, 'lag_8': 0.7309448789420827, 'lag_9': 0.27739291276449873, 'lag_10': 0.20207878416699804, 'lag_11': 0.06089315478216907, 'lag_12': 0.20662514687185285, 'lag_13': 0.6513905730235161, 'lag_14': 0.9121354754366249, 'lag_15': 0.6518247049648107, 'lag_16': 0.9034859481208048, 'lag_17': 0.8344725709083234, 'lag_18': 0.18160273293553048, 'lag_19': 0.8279222297716275, 'lag_20': 0.8712437952605817, 'lag_21': 0.3324890679801049, 'lag_22': 0.6714966044665318, 'lag_23': 0.4263932940619636, 'lag_24': 0.06387839833515904, 'lag_25': 0.15604427444894525, 'lag_26': 0.32099828460116553, 'lag_27': 0.3245736026601879, 'lag_28': 0.34148837170485324}. Best is trial 1 with value: 0.010060723097495226.
[I 2025-09-29 11:53:24,326] Trial 37 finished with value: 0.010508920282527498 and parameters: {'lag_0': 0.9388704362083816, 'lag_1': 0.5662698259198826, 'lag_2': 0.9221800554435056, 'lag_3': 0.3341120266503436, 'lag_4': 0.400389640012156, 'lag_5': 0.26327586518726853, 'lag_6': 0.9908909304226994, 'lag_7': 0.24466489042736683, 'lag_8': 0.9363722508696157, 'lag_9': 0.40829346062859023, 'lag_10': 0.40131361399933607, 'lag_11': 0.2709985339297205, 'lag_12': 0.9559324811251363, 'lag_13': 0.4812607661191474, 'lag_14': 0.8152526532215957, 'lag_15': 0.8492034839762621, 'lag_16': 0.9254956651999073, 'lag_17': 0.21055683878168102, 'lag_18': 0.28833031846572427, 'lag_19': 0.5192542510600191, 'lag_20': 0.8286877877713298, 'lag_21': 0.6776904206107472, 'lag_22': 0.7522736794993157, 'lag_23': 0.7210891611383031, 'lag_24': 0.3467002017970771, 'lag_25': 0.6128398089811684, 'lag_26': 0.21956694306775476, 'lag_27': 0.25621495573588215, 'lag_28': 0.6371427336722268}. Best is trial 1 with value: 0.010060723097495226.
[I 2025-09-29 11:53:26,677] Trial 38 finished with value: 0.010664397784542633 and parameters: {'lag_0': 0.5728094593033459, 'lag_1': 0.8966041930725523, 'lag_2': 0.8480833543557528, 'lag_3': 0.8162358850523398, 'lag_4': 0.24762970160125203, 'lag_5': 0.10710117681949938, 'lag_6': 0.6929752878594118, 'lag_7': 0.5432159784376256, 'lag_8': 0.6226969923584527, 'lag_9': 0.4542206200868076, 'lag_10': 0.3186840068097213, 'lag_11': 0.17097973412737674, 'lag_12': 0.012243148462315556, 'lag_13': 0.7529467396575378, 'lag_14': 0.4206489853890133, 'lag_15': 0.3426190492793989, 'lag_16': 0.8337476828627289, 'lag_17': 0.6682768309004815, 'lag_18': 0.09096592686943858, 'lag_19': 0.6840296723566766, 'lag_20': 0.5759531893286824, 'lag_21': 0.5156753114429151, 'lag_22': 0.9011756155207279, 'lag_23': 0.9072707911529081, 'lag_24': 0.2692443782067069, 'lag_25': 0.1275903521460468, 'lag_26': 0.10977921843872596, 'lag_27': 0.5198536625921308, 'lag_28': 0.736160168500302}. Best is trial 1 with value: 0.010060723097495226.
[I 2025-09-29 11:53:29,027] Trial 39 finished with value: 0.01052254706948387 and parameters: {'lag_0': 0.6480409844546116, 'lag_1': 0.6924328511006522, 'lag_2': 0.6741603930730055, 'lag_3': 0.509323348445024, 'lag_4': 0.47843133787934894, 'lag_5': 0.7610180874914388, 'lag_6': 0.6279653156654428, 'lag_7': 0.8128317874524698, 'lag_8': 0.8473935505266839, 'lag_9': 0.25373597368798, 'lag_10': 0.10610760054452557, 'lag_11': 0.4080606481103627, 'lag_12': 0.3450178014044446, 'lag_13': 0.17360272812763122, 'lag_14': 0.6534835305688113, 'lag_15': 0.5231747598297551, 'lag_16': 0.6407590975730271, 'lag_17': 0.2528966855820897, 'lag_18': 0.005885033564812681, 'lag_19': 0.9772987718671124, 'lag_20': 0.4473267150010909, 'lag_21': 0.15830749999616295, 'lag_22': 0.13705137701629816, 'lag_23': 0.547867378869616, 'lag_24': 0.06274758636482969, 'lag_25': 0.9112205463022689, 'lag_26': 0.284201373400031, 'lag_27': 0.47600028642986425, 'lag_28': 0.26465802171922376}. Best is trial 1 with value: 0.010060723097495226.
