[I 2025-09-29 12:52:59,452] Trial 62 finished with value: 0.010520207273298523 and parameters: {'lag_0': 0.4244142782460192, 'lag_1': 0.6815819710611684, 'lag_2': 0.12787396109025118, 'lag_3': 0.35721333518208187, 'lag_4': 0.9281974028471875, 'lag_5': 0.8828248276217534, 'lag_6': 0.05019539633307932, 'lag_7': 0.0011314814659622897, 'lag_8': 0.6707473282119443, 'lag_9': 0.742407157326144, 'lag_10': 0.4537561026606345, 'lag_11': 0.0011054284041781062, 'lag_12': 0.507687090061456, 'lag_13': 0.5443225470711566, 'lag_14': 0.5650665441775626, 'lag_15': 0.11652982108500298, 'lag_16': 0.11706589811798888, 'lag_17': 0.3841377484607894, 'lag_18': 0.19493945456507694, 'lag_19': 0.1514134085745863, 'lag_20': 0.12947779401935167, 'lag_21': 0.843194914111479, 'lag_22': 0.29093012319973044, 'lag_23': 0.48850992318634234, 'lag_24': 0.4975290353632984, 'lag_25': 0.7484566656844249, 'lag_26': 0.7220535422961946, 'lag_27': 0.5793948359777813, 'lag_28': 0.4490380521151488}. Best is trial 31 with value: 0.008723042743463893.
[I 2025-09-29 12:53:02,017] Trial 63 finished with value: 0.009051315884214749 and parameters: {'lag_0': 0.5135698224008878, 'lag_1': 0.6028729237168066, 'lag_2': 0.042400721188458626, 'lag_3': 0.4020229538957305, 'lag_4': 0.7446340557371023, 'lag_5': 0.9498904570395168, 'lag_6': 0.16311387054503945, 'lag_7': 0.25465293012285733, 'lag_8': 0.7038348091256357, 'lag_9': 0.6851003385346769, 'lag_10': 0.5141993184145097, 'lag_11': 0.11029550814020275, 'lag_12': 0.424555832506, 'lag_13': 0.4602383815805132, 'lag_14': 0.3718397631135867, 'lag_15': 0.05797446735333117, 'lag_16': 0.12223264357218712, 'lag_17': 0.3011443670316669, 'lag_18': 0.002795556870182042, 'lag_19': 0.07381108270777648, 'lag_20': 0.052562644853281715, 'lag_21': 0.8217130429127877, 'lag_22': 0.15305765507879437, 'lag_23': 0.38171519467116055, 'lag_24': 0.5347080480116325, 'lag_25': 0.5783312050055829, 'lag_26': 0.9015244000974961, 'lag_27': 0.6624164415024194, 'lag_28': 0.38849124123497203}. Best is trial 31 with value: 0.008723042743463893.
[I 2025-09-29 12:53:04,583] Trial 64 finished with value: 0.009733571905402638 and parameters: {'lag_0': 0.5675869974838682, 'lag_1': 0.6060429800213087, 'lag_2': 0.04772534280509764, 'lag_3': 0.4645317823771134, 'lag_4': 0.8024623593847902, 'lag_5': 0.9459825984548976, 'lag_6': 0.13915118517745817, 'lag_7': 0.2531643751490429, 'lag_8': 0.6274218770662641, 'lag_9': 0.5346996812970501, 'lag_10': 0.5090364078461758, 'lag_11': 0.09683128735079077, 'lag_12': 0.6099960334147816, 'lag_13': 0.3745722901201509, 'lag_14': 0.3827845507341078, 'lag_15': 0.00040439192598352004, 'lag_16': 0.17027532841068066, 'lag_17': 0.287428259439003, 'lag_18': 0.011820811484812944, 'lag_19': 0.06185113775711536, 'lag_20': 0.04405700583123393, 'lag_21': 0.9352306392038606, 'lag_22': 0.15020409995275688, 'lag_23': 0.3360403459758455, 'lag_24': 0.711597609555894, 'lag_25': 0.6312570726507069, 'lag_26': 0.741753600790973, 'lag_27': 0.6433712569308333, 'lag_28': 0.5497958266911238}. Best is trial 31 with value: 0.008723042743463893.
[I 2025-09-29 12:53:07,141] Trial 65 finished with value: 0.010128809531774776 and parameters: {'lag_0': 0.5053845140631199, 'lag_1': 0.5346079214643418, 'lag_2': 0.019147067109961013, 'lag_3': 0.4101785431701166, 'lag_4': 0.7723726069318596, 'lag_5': 0.921259475933335, 'lag_6': 0.08708492249349219, 'lag_7': 0.18807106027966394, 'lag_8': 0.7943221585430466, 'lag_9': 0.6826411940610057, 'lag_10': 0.4822179165626796, 'lag_11': 0.03856391119505419, 'lag_12': 0.4837760442187668, 'lag_13': 0.4972396926689972, 'lag_14': 0.617027733729119, 'lag_15': 0.04647709504775199, 'lag_16': 0.15736420106201138, 'lag_17': 0.38842950025586276, 'lag_18': 0.07003195196859012, 'lag_19': 0.24806121957242597, 'lag_20': 0.22208284219369698, 'lag_21': 0.8646406977435536, 'lag_22': 0.21849522613536054, 'lag_23': 0.4016284690075861, 'lag_24': 0.5460919810237425, 'lag_25': 0.5535530684023917, 'lag_26': 0.8177051413052022, 'lag_27': 0.5575844675264792, 'lag_28': 0.2673386269972538}. Best is trial 31 with value: 0.008723042743463893.
[I 2025-09-29 12:53:09,705] Trial 66 finished with value: 0.00929046727860124 and parameters: {'lag_0': 0.5231780161019874, 'lag_1': 0.5703264256794867, 'lag_2': 0.17126555345321343, 'lag_3': 0.6102741735600272, 'lag_4': 0.7503132461836017, 'lag_5': 0.7588799616626911, 'lag_6': 0.15677103072002285, 'lag_7': 0.33808863528759514, 'lag_8': 0.7135252386980908, 'lag_9': 0.7105821883903548, 'lag_10': 0.43734742515430025, 'lag_11': 0.05123934305322999, 'lag_12': 0.2244964078148197, 'lag_13': 0.4462123740774117, 'lag_14': 0.24120013572713214, 'lag_15': 0.05288168095145418, 'lag_16': 0.0878983794737299, 'lag_17': 0.2974462620046357, 'lag_18': 0.138700173562929, 'lag_19': 0.06540792961092748, 'lag_20': 0.03829814477409899, 'lag_21': 0.9679153183861892, 'lag_22': 0.5159692575204169, 'lag_23': 0.44946819962872675, 'lag_24': 0.6504229870904804, 'lag_25': 0.6935153257239047, 'lag_26': 0.87320386314502, 'lag_27': 0.5286774050860608, 'lag_28': 0.4155324806919839}. Best is trial 31 with value: 0.008723042743463893.
[I 2025-09-29 12:53:12,405] Trial 67 finished with value: 0.009525946799198966 and parameters: {'lag_0': 0.6171237526943377, 'lag_1': 0.7716847891113519, 'lag_2': 0.09101285621651548, 'lag_3': 0.6494851316082454, 'lag_4': 0.6410928612429635, 'lag_5': 0.9780281671872664, 'lag_6': 0.12080103114894895, 'lag_7': 0.13387240139458417, 'lag_8': 0.8790620520106833, 'lag_9': 0.03251872443029602, 'lag_10': 0.6748813068248041, 'lag_11': 0.1686239182548685, 'lag_12': 0.5711876677263069, 'lag_13': 0.6022620554032855, 'lag_14': 0.3649137031336102, 'lag_15': 0.0908011620282077, 'lag_16': 0.34015319875222466, 'lag_17': 0.5428340846762061, 'lag_18': 0.08129845058257568, 'lag_19': 0.21906577823794818, 'lag_20': 0.09675833943426815, 'lag_21': 0.8143051668535799, 'lag_22': 0.17465443975990397, 'lag_23': 0.2427047844568708, 'lag_24': 0.5730060881025456, 'lag_25': 0.5743325346574747, 'lag_26': 0.2712314826695552, 'lag_27': 0.5837350739152385, 'lag_28': 0.23260120673529625}. Best is trial 31 with value: 0.008723042743463893.
[I 2025-09-29 12:53:14,984] Trial 68 finished with value: 0.008919048602121341 and parameters: {'lag_0': 0.46404808507453377, 'lag_1': 0.6334013597482023, 'lag_2': 0.002877340795722695, 'lag_3': 0.32666211178632787, 'lag_4': 0.8755185393348895, 'lag_5': 0.5418907127225072, 'lag_6': 0.18130811665108892, 'lag_7': 0.27850092680677213, 'lag_8': 0.7818798761203852, 'lag_9': 0.3678311220189444, 'lag_10': 0.5384160424047124, 'lag_11': 0.08943679711008187, 'lag_12': 0.6545672053530649, 'lag_13': 0.41727057226293013, 'lag_14': 0.15512098962838658, 'lag_15': 0.6135872000182518, 'lag_16': 0.20238777705657934, 'lag_17': 0.20797370566278983, 'lag_18': 0.129036999123303, 'lag_19': 0.17284274004120914, 'lag_20': 0.272207251798646, 'lag_21': 0.7145097615146728, 'lag_22': 0.12650792935312527, 'lag_23': 0.49515689110835476, 'lag_24': 0.5189358511120804, 'lag_25': 0.7663157705422887, 'lag_26': 0.6594060829544686, 'lag_27': 0.6593348573673719, 'lag_28': 0.319184195575029}. Best is trial 31 with value: 0.008723042743463893.
[I 2025-09-29 12:53:17,555] Trial 69 finished with value: 0.009778596337048811 and parameters: {'lag_0': 0.465693942351475, 'lag_1': 0.7108651641266411, 'lag_2': 0.03294125883468028, 'lag_3': 0.7121010108560117, 'lag_4': 0.8845756792214586, 'lag_5': 0.5304233758580233, 'lag_6': 0.1931764721780814, 'lag_7': 0.21802818095869853, 'lag_8': 0.7757402726605979, 'lag_9': 0.34168924815295376, 'lag_10': 0.5975671249838395, 'lag_11': 0.08937434743107665, 'lag_12': 0.6601617802365375, 'lag_13': 0.4278277741466632, 'lag_14': 0.17165266133424334, 'lag_15': 0.6628066146645339, 'lag_16': 0.16104701017314219, 'lag_17': 0.2170342928678798, 'lag_18': 0.0414623734791022, 'lag_19': 0.1777798360225722, 'lag_20': 0.26310335153653475, 'lag_21': 0.9131631361680036, 'lag_22': 0.12966752047806382, 'lag_23': 0.3589376279271524, 'lag_24': 0.012761397943484243, 'lag_25': 0.8168863797855462, 'lag_26': 0.6755775342998857, 'lag_27': 0.7220908009728115, 'lag_28': 0.3001636124433103}. Best is trial 31 with value: 0.008723042743463893.
[I 2025-09-29 12:53:20,122] Trial 70 finished with value: 0.009494351601734225 and parameters: {'lag_0': 0.4514078552023191, 'lag_1': 0.6597676056592611, 'lag_2': 0.0007359931080039295, 'lag_3': 0.32128291471397596, 'lag_4': 0.8912557169395734, 'lag_5': 0.6539190236996024, 'lag_6': 0.06255779451313517, 'lag_7': 0.2792688233326044, 'lag_8': 0.5958247283445736, 'lag_9': 0.45459903448831585, 'lag_10': 0.5433556702344501, 'lag_11': 0.126327562167939, 'lag_12': 0.6469617079711952, 'lag_13': 0.37917490582151697, 'lag_14': 0.03671882374081112, 'lag_15': 0.6170703497346033, 'lag_16': 0.20640933006797152, 'lag_17': 0.4565688336533243, 'lag_18': 0.10729773134110135, 'lag_19': 0.1144048123399028, 'lag_20': 0.3208034833966819, 'lag_21': 0.7134048317000766, 'lag_22': 0.03539033332770894, 'lag_23': 0.4974135480509353, 'lag_24': 0.5168359727684, 'lag_25': 0.7709961946844971, 'lag_26': 0.9156234913411903, 'lag_27': 0.6700535684989981, 'lag_28': 0.2346129003125558}. Best is trial 31 with value: 0.008723042743463893.
[I 2025-09-29 12:53:22,682] Trial 71 finished with value: 0.01004593569554953 and parameters: {'lag_0': 0.6704842838448007, 'lag_1': 0.6362252520150751, 'lag_2': 0.14761984721822408, 'lag_3': 0.33956272251368025, 'lag_4': 0.7114669827377085, 'lag_5': 0.30301446007807226, 'lag_6': 0.3157781513429555, 'lag_7': 0.30979687589189725, 'lag_8': 0.725141984770429, 'lag_9': 0.3819871660445584, 'lag_10': 0.521880226532438, 'lag_11': 0.07117559401602065, 'lag_12': 0.41097882416704984, 'lag_13': 0.2708489347007782, 'lag_14': 0.06688948044125043, 'lag_15': 0.3392726283819777, 'lag_16': 0.28041969386627996, 'lag_17': 0.32498601720287007, 'lag_18': 0.0038805940755132495, 'lag_19': 0.22248422328021206, 'lag_20': 0.18453500943538, 'lag_21': 0.6505814435637369, 'lag_22': 0.07255107481449515, 'lag_23': 0.5469906369633994, 'lag_24': 0.5887290414988025, 'lag_25': 0.6382145474902301, 'lag_26': 0.6502509906451897, 'lag_27': 0.6293705515263397, 'lag_28': 0.3225145160347}. Best is trial 31 with value: 0.008723042743463893.
[I 2025-09-29 12:53:25,246] Trial 72 finished with value: 0.009544872038653767 and parameters: {'lag_0': 0.5745084341303267, 'lag_1': 0.6943555770558902, 'lag_2': 0.05844117145793259, 'lag_3': 0.39377688520201165, 'lag_4': 0.8317884981646468, 'lag_5': 0.9567571475633548, 'lag_6': 0.022158149341567825, 'lag_7': 0.26117913281591165, 'lag_8': 0.6860610869839996, 'lag_9': 0.6183467081591383, 'lag_10': 0.36248052314287194, 'lag_11': 0.03880776263111324, 'lag_12': 0.519596580668146, 'lag_13': 0.5417520364710845, 'lag_14': 0.16073682554670027, 'lag_15': 0.501274555170508, 'lag_16': 0.13227198706202437, 'lag_17': 0.2686057053556187, 'lag_18': 0.14990031398976839, 'lag_19': 0.027118691484858598, 'lag_20': 0.3375699176033452, 'lag_21': 0.739928149888027, 'lag_22': 0.42845122492759685, 'lag_23': 0.4595286091067757, 'lag_24': 0.4225440926628308, 'lag_25': 0.8889181344179311, 'lag_26': 0.5746213218765578, 'lag_27': 0.11103195517035991, 'lag_28': 0.5075641976487913}. Best is trial 31 with value: 0.008723042743463893.
[I 2025-09-29 12:53:27,805] Trial 73 finished with value: 0.00953460419798647 and parameters: {'lag_0': 0.5389875334148047, 'lag_1': 0.7435538094205589, 'lag_2': 0.10653990531062374, 'lag_3': 0.41717338161407946, 'lag_4': 0.7762845004100664, 'lag_5': 0.3992791202445787, 'lag_6': 0.18256404106912996, 'lag_7': 0.22716360113757034, 'lag_8': 0.8193054721266504, 'lag_9': 0.17227500737976076, 'lag_10': 0.6522749227278727, 'lag_11': 0.20729545708835143, 'lag_12': 0.35576904901151124, 'lag_13': 0.4618267578138068, 'lag_14': 0.10513090001833852, 'lag_15': 0.856071057713705, 'lag_16': 0.060453997844035656, 'lag_17': 0.4023313238955934, 'lag_18': 0.18226238872625766, 'lag_19': 0.0877010272957586, 'lag_20': 0.25136336099734924, 'lag_21': 0.9974159692552955, 'lag_22': 0.23490963082900065, 'lag_23': 0.41771240974628604, 'lag_24': 0.532405679267195, 'lag_25': 0.7513927626697184, 'lag_26': 0.9556920849970854, 'lag_27': 0.5950565685065161, 'lag_28': 0.3874233002876722}. Best is trial 31 with value: 0.008723042743463893.
[I 2025-09-29 12:53:30,366] Trial 74 finished with value: 0.00990998410196398 and parameters: {'lag_0': 0.4422689976997687, 'lag_1': 0.7988061664363629, 'lag_2': 0.3797586118820691, 'lag_3': 0.5073077272157202, 'lag_4': 0.849360498368994, 'lag_5': 0.8515158157400955, 'lag_6': 0.9711904160974492, 'lag_7': 0.36832995645022615, 'lag_8': 0.8559816925156779, 'lag_9': 0.7632560908335784, 'lag_10': 0.5801444417386, 'lag_11': 0.021700026867459005, 'lag_12': 0.7277450215044139, 'lag_13': 0.4954396943323635, 'lag_14': 0.30908875483723736, 'lag_15': 0.4809948004145189, 'lag_16': 0.05186208146287796, 'lag_17': 0.24360572014638615, 'lag_18': 0.10101504113594756, 'lag_19': 0.1586726587372258, 'lag_20': 0.07880690730025583, 'lag_21': 0.8026359521960356, 'lag_22': 0.09811805017874152, 'lag_23': 0.5088221978930675, 'lag_24': 0.700486400414429, 'lag_25': 0.6964841281368108, 'lag_26': 0.46866029434666134, 'lag_27': 0.04861099788711648, 'lag_28': 0.16129206216824543}. Best is trial 31 with value: 0.008723042743463893.
[I 2025-09-29 12:53:32,932] Trial 75 finished with value: 0.009457044376406126 and parameters: {'lag_0': 0.7180091105770317, 'lag_1': 0.6262031825764429, 'lag_2': 0.1839004413622935, 'lag_3': 0.5829138122851069, 'lag_4': 0.9967474850177258, 'lag_5': 0.6567955544545626, 'lag_6': 0.11674828339142024, 'lag_7': 0.3219744958939446, 'lag_8': 0.6245334178491678, 'lag_9': 0.29270617108912866, 'lag_10': 0.4263850432070167, 'lag_11': 0.07275937131155369, 'lag_12': 0.8298989243435255, 'lag_13': 0.40692104560410935, 'lag_14': 0.2827104947534118, 'lag_15': 0.7436008411571375, 'lag_16': 0.19537859216817072, 'lag_17': 0.21023807998245753, 'lag_18': 0.24175205459635296, 'lag_19': 0.2881997581119961, 'lag_20': 0.0012577800969669761, 'lag_21': 0.8863480183078544, 'lag_22': 0.17308245538104636, 'lag_23': 0.3206689308144239, 'lag_24': 0.48369170653886073, 'lag_25': 0.7934019043547546, 'lag_26': 0.691941241043897, 'lag_27': 0.15359057555506705, 'lag_28': 0.42963330265928135}. Best is trial 31 with value: 0.008723042743463893.
[I 2025-09-29 12:53:35,495] Trial 76 finished with value: 0.008891734962897416 and parameters: {'lag_0': 0.41745494666819505, 'lag_1': 0.5853568188593407, 'lag_2': 0.2455190120014217, 'lag_3': 0.1893124376631332, 'lag_4': 0.9286191146608587, 'lag_5': 0.48464834010265145, 'lag_6': 0.23223716243836656, 'lag_7': 0.1421517574264507, 'lag_8': 0.751004409946486, 'lag_9': 0.544622050409709, 'lag_10': 0.5011841544313403, 'lag_11': 0.3570893307497339, 'lag_12': 0.45304322314073386, 'lag_13': 0.3623573641173604, 'lag_14': 0.21981092767584184, 'lag_15': 0.4204347743727143, 'lag_16': 0.24597134944700455, 'lag_17': 0.4326208727572449, 'lag_18': 0.33756592150079023, 'lag_19': 0.1481283354449224, 'lag_20': 0.1219822267486154, 'lag_21': 0.7028057448977834, 'lag_22': 0.13427760651993767, 'lag_23': 0.6149042286953185, 'lag_24': 0.3147251155084078, 'lag_25': 0.5151839965847455, 'lag_26': 0.37352255569616766, 'lag_27': 0.4128640580291548, 'lag_28': 0.4690510943079042}. Best is trial 31 with value: 0.008723042743463893.
[I 2025-09-29 12:53:38,064] Trial 77 finished with value: 0.010629113091156446 and parameters: {'lag_0': 0.41908485390051303, 'lag_1': 0.5831967461202856, 'lag_2': 0.2515256489560633, 'lag_3': 0.29138105891346633, 'lag_4': 0.9464426282606461, 'lag_5': 0.4923256318097938, 'lag_6': 0.23065697441568003, 'lag_7': 0.14399167451023093, 'lag_8': 0.7528190287991783, 'lag_9': 0.5420920474505375, 'lag_10': 0.7329062555782059, 'lag_11': 0.2658470567697993, 'lag_12': 0.45455767760947663, 'lag_13': 0.36316895449845876, 'lag_14': 0.24320666799576526, 'lag_15': 0.8099074877087067, 'lag_16': 0.34777289630098546, 'lag_17': 0.4198668835223559, 'lag_18': 0.36912828863148756, 'lag_19': 0.14299602079370322, 'lag_20': 0.19636090568332965, 'lag_21': 0.8483054781189878, 'lag_22': 0.12467093359800283, 'lag_23': 0.14914047245086035, 'lag_24': 0.3418312615165552, 'lag_25': 0.5211124644263557, 'lag_26': 0.3757145715557998, 'lag_27': 0.5483066075737062, 'lag_28': 0.4653112103717925}. Best is trial 31 with value: 0.008723042743463893.
[I 2025-09-29 12:53:40,622] Trial 78 finished with value: 0.010034360938943953 and parameters: {'lag_0': 0.37111053711798403, 'lag_1': 0.5494980207690807, 'lag_2': 0.1452095653843713, 'lag_3': 0.2665061110592041, 'lag_4': 0.919967917680735, 'lag_5': 0.5420604379994597, 'lag_6': 0.29130115148243496, 'lag_7': 0.19460698649000452, 'lag_8': 0.9433240908858564, 'lag_9': 0.432497983700104, 'lag_10': 0.49092199256827446, 'lag_11': 0.36183386929170236, 'lag_12': 0.5604304947180957, 'lag_13': 0.27951972287951954, 'lag_14': 0.48164115328544665, 'lag_15': 0.539026988667581, 'lag_16': 0.2548804949892355, 'lag_17': 0.5191113114246491, 'lag_18': 0.3088904993174378, 'lag_19': 0.03895053705730882, 'lag_20': 0.15035111993119177, 'lag_21': 0.7615031642957648, 'lag_22': 0.04475484844842803, 'lag_23': 0.644267806155573, 'lag_24': 0.4740934372733169, 'lag_25': 0.8270103760502088, 'lag_26': 0.31098104866177334, 'lag_27': 0.6314951214963537, 'lag_28': 0.6206315803550859}. Best is trial 31 with value: 0.008723042743463893.
[I 2025-09-29 12:53:43,185] Trial 79 finished with value: 0.009288810476135397 and parameters: {'lag_0': 0.6103408632269358, 'lag_1': 0.8401958308929833, 'lag_2': 0.31816544129859886, 'lag_3': 0.5333662368279026, 'lag_4': 0.8734755213066513, 'lag_5': 0.4430986166817654, 'lag_6': 0.15602474539523858, 'lag_7': 0.14903046907596373, 'lag_8': 0.7803445565423535, 'lag_9': 0.49969987192794824, 'lag_10': 0.6293745900587756, 'lag_11': 0.14245153336126265, 'lag_12': 0.39647237786414835, 'lag_13': 0.2054727370886192, 'lag_14': 0.22025679499711748, 'lag_15': 0.5922708202871142, 'lag_16': 0.13112982837856302, 'lag_17': 0.4847619739923634, 'lag_18': 0.03969203923784417, 'lag_19': 0.21206751040907143, 'lag_20': 0.40155575192106796, 'lag_21': 0.7140270468969534, 'lag_22': 0.2311012171085257, 'lag_23': 0.403123789057679, 'lag_24': 0.29342055143056883, 'lag_25': 0.5612327007849194, 'lag_26': 0.22769143282116505, 'lag_27': 0.36009066878776747, 'lag_28': 0.5401932832722791}. Best is trial 31 with value: 0.008723042743463893.
[I 2025-09-29 12:53:45,747] Trial 80 finished with value: 0.009219151015445142 and parameters: {'lag_0': 0.488143889981473, 'lag_1': 0.893449370819879, 'lag_2': 0.08448340379967562, 'lag_3': 0.22449972980539734, 'lag_4': 0.7986367415322688, 'lag_5': 0.6092153635613784, 'lag_6': 0.1020844375934388, 'lag_7': 0.2730400260526619, 'lag_8': 0.571394178024243, 'lag_9': 0.3753029156125305, 'lag_10': 0.3853487200553958, 'lag_11': 0.16801570357357473, 'lag_12': 0.4963525593574614, 'lag_13': 0.3077329343993446, 'lag_14': 0.14394038883259644, 'lag_15': 0.36873930412358796, 'lag_16': 0.4946905873756158, 'lag_17': 0.43932550863146014, 'lag_18': 0.1515766678392293, 'lag_19': 0.194834143993393, 'lag_20': 0.11468917328593252, 'lag_21': 0.6718138115038725, 'lag_22': 0.1306063318837223, 'lag_23': 0.8931590387352721, 'lag_24': 0.3233869517244421, 'lag_25': 0.6004816128574331, 'lag_26': 0.8278624493041274, 'lag_27': 0.6809695432802079, 'lag_28': 0.911731572803686}. Best is trial 31 with value: 0.008723042743463893.
[I 2025-09-29 12:53:48,311] Trial 81 finished with value: 0.00912531787905445 and parameters: {'lag_0': 0.3275446288295749, 'lag_1': 0.6057820839932658, 'lag_2': 0.23907950668568062, 'lag_3': 0.18183262564930305, 'lag_4': 0.11069334065603885, 'lag_5': 0.9208891714441871, 'lag_6': 0.07128544883409071, 'lag_7': 0.43372699646174523, 'lag_8': 0.7489280199925726, 'lag_9': 0.7928024529242815, 'lag_10': 0.5287120169026562, 'lag_11': 0.006564210160126105, 'lag_12': 0.45231996608333097, 'lag_13': 0.4032722616448752, 'lag_14': 0.40783093433137463, 'lag_15': 0.41935702509653905, 'lag_16': 0.07709945249747421, 'lag_17': 0.7864049883799802, 'lag_18': 0.09196957965162658, 'lag_19': 0.25808599282355493, 'lag_20': 0.7184947212650128, 'lag_21': 0.4589177201938226, 'lag_22': 0.2809496674705648, 'lag_23': 0.5666934274374875, 'lag_24': 0.5600589540784642, 'lag_25': 0.6560139660646052, 'lag_26': 0.3411800984883493, 'lag_27': 0.43556260396011115, 'lag_28': 0.37305834840742025}. Best is trial 31 with value: 0.008723042743463893.
[I 2025-09-29 12:53:50,879] Trial 82 finished with value: 0.009285215433071033 and parameters: {'lag_0': 0.3816855920092848, 'lag_1': 0.6691630235247017, 'lag_2': 0.3068621149799952, 'lag_3': 0.10157350775249666, 'lag_4': 0.7351782632391092, 'lag_5': 0.30192850758659956, 'lag_6': 0.027535273011380788, 'lag_7': 0.40367840055155485, 'lag_8': 0.6304863034889918, 'lag_9': 0.6153221510892086, 'lag_10': 0.4432200680613698, 'lag_11': 0.3542939953078305, 'lag_12': 0.38264912379127825, 'lag_13': 0.35229649303306276, 'lag_14': 0.2586748298258586, 'lag_15': 0.3925378196355095, 'lag_16': 0.6955859920291103, 'lag_17': 0.35050992560746014, 'lag_18': 0.19503841929867255, 'lag_19': 0.08922834592334711, 'lag_20': 0.03250512422578623, 'lag_21': 0.606583120095064, 'lag_22': 0.32981554902917387, 'lag_23': 0.6698727338662, 'lag_24': 0.3854467593448332, 'lag_25': 0.7348732513501782, 'lag_26': 0.5429727799424823, 'lag_27': 0.3803740581836879, 'lag_28': 0.33963085536711685}. Best is trial 31 with value: 0.008723042743463893.
