[I 2025-09-29 12:53:38,066] Trial 82 finished with value: 0.0022796742715583407 and parameters: {'lag_0': 0.47150750629110066, 'lag_1': 0.7121020039160992, 'lag_2': 0.18460136192947388, 'lag_3': 0.08290065326334123, 'lag_4': 0.8112142595566318, 'lag_5': 0.5519206967931181, 'lag_6': 0.7808364446737861, 'lag_7': 0.08905758586550935, 'lag_8': 0.8466436248698791, 'lag_9': 0.4092631786655801, 'lag_10': 0.562110721008317, 'lag_11': 0.11413945166008725, 'lag_12': 0.5523107223375147, 'lag_13': 0.9020677041247982, 'lag_14': 0.2402690584775163, 'lag_15': 0.06076635501669794, 'lag_16': 0.09536633116985155, 'lag_17': 0.1662208920467764, 'lag_18': 0.05558658811489242, 'lag_19': 0.055052684231982826, 'lag_20': 0.053373282155963785, 'lag_21': 0.18035192818677595, 'lag_22': 0.8375338951088496, 'lag_23': 0.30515946624523393, 'lag_24': 0.8975254821677037, 'lag_25': 0.5028953299208033, 'lag_26': 0.4707393304189173, 'lag_27': 0.4582269092884201, 'lag_28': 0.07961546346634474}. Best is trial 19 with value: 0.0021166910877357366.
[I 2025-09-29 12:53:40,490] Trial 83 finished with value: 0.002393562355061607 and parameters: {'lag_0': 0.4743775468426806, 'lag_1': 0.7172001567297495, 'lag_2': 0.1745740850265027, 'lag_3': 0.08749546582164208, 'lag_4': 0.8134417230329034, 'lag_5': 0.4701305651285325, 'lag_6': 0.38290680172133945, 'lag_7': 0.06288663219596873, 'lag_8': 0.850537245002438, 'lag_9': 0.40127025008143197, 'lag_10': 0.5493333548084359, 'lag_11': 0.10237887933612513, 'lag_12': 0.41928757879794953, 'lag_13': 0.9189701813079743, 'lag_14': 0.20900379993883475, 'lag_15': 0.0537519616805911, 'lag_16': 0.09541306137437368, 'lag_17': 0.25537417222069386, 'lag_18': 0.05925108524963114, 'lag_19': 0.06371717206705074, 'lag_20': 0.027194461440135265, 'lag_21': 0.002242095068328044, 'lag_22': 0.7852369554160203, 'lag_23': 0.2544206307865778, 'lag_24': 0.817438395934017, 'lag_25': 0.37545681735889214, 'lag_26': 0.45362543850765175, 'lag_27': 0.4595372940708018, 'lag_28': 0.07541475595682515}. Best is trial 19 with value: 0.0021166910877357366.
[I 2025-09-29 12:53:42,914] Trial 84 finished with value: 0.002717726741555702 and parameters: {'lag_0': 0.4299152816560717, 'lag_1': 0.6687872423738578, 'lag_2': 0.056860597117148234, 'lag_3': 0.00024383998989519623, 'lag_4': 0.8863571185718817, 'lag_5': 0.5561146172652589, 'lag_6': 0.8655986889579652, 'lag_7': 0.40912297598398106, 'lag_8': 0.9276247918107635, 'lag_9': 0.80456557073204, 'lag_10': 0.6270038054241417, 'lag_11': 0.31565759751602823, 'lag_12': 0.45698160231545654, 'lag_13': 0.8661688886486589, 'lag_14': 0.16063760890797305, 'lag_15': 0.14265243549250628, 'lag_16': 0.16723225369306827, 'lag_17': 0.09549965851529615, 'lag_18': 0.1008672553604082, 'lag_19': 0.10803245299636853, 'lag_20': 0.051115123003735406, 'lag_21': 0.24704479368306997, 'lag_22': 0.7237770580821548, 'lag_23': 0.34309293872859903, 'lag_24': 0.9617087780817168, 'lag_25': 0.30981795089126113, 'lag_26': 0.4819077750703193, 'lag_27': 0.38941342462577305, 'lag_28': 0.04583873241443883}. Best is trial 19 with value: 0.0021166910877357366.
[I 2025-09-29 12:53:45,338] Trial 85 finished with value: 0.0021537310341008193 and parameters: {'lag_0': 0.40062431056863435, 'lag_1': 0.6437234301597168, 'lag_2': 0.12405056196912878, 'lag_3': 0.15179569509815083, 'lag_4': 0.8420236901187608, 'lag_5': 0.44105756253884476, 'lag_6': 0.7342244308764642, 'lag_7': 0.013060513167423238, 'lag_8': 0.8143485482771317, 'lag_9': 0.5329020927987385, 'lag_10': 0.6855274369909071, 'lag_11': 0.05527224184791755, 'lag_12': 0.5828076493242039, 'lag_13': 0.9648336651052951, 'lag_14': 0.12389607905531488, 'lag_15': 0.18331366836788238, 'lag_16': 0.5464098907383329, 'lag_17': 0.1713478105513405, 'lag_18': 0.0250944350756438, 'lag_19': 0.16130976926386142, 'lag_20': 0.09945684953581133, 'lag_21': 0.1136413030554321, 'lag_22': 0.033651265757322024, 'lag_23': 0.3078661235616335, 'lag_24': 0.7080408465008823, 'lag_25': 0.517307777949911, 'lag_26': 0.5246920129482586, 'lag_27': 0.5897366383402592, 'lag_28': 0.006342122836472036}. Best is trial 19 with value: 0.0021166910877357366.
[I 2025-09-29 12:53:47,769] Trial 86 finished with value: 0.00227047607161995 and parameters: {'lag_0': 0.5532322644954462, 'lag_1': 0.6493030035375135, 'lag_2': 0.20019249293981894, 'lag_3': 0.14720373651300006, 'lag_4': 0.7669813083368181, 'lag_5': 0.329774946644087, 'lag_6': 0.7761075644892849, 'lag_7': 0.027435677624923504, 'lag_8': 0.8248641024565673, 'lag_9': 0.5423937194202639, 'lag_10': 0.6924287406740715, 'lag_11': 0.0689919548556772, 'lag_12': 0.7625081204457551, 'lag_13': 0.9020212434862509, 'lag_14': 0.12659992766290298, 'lag_15': 0.18754085813379492, 'lag_16': 0.5370937108156002, 'lag_17': 0.15607169969995957, 'lag_18': 0.031442041118875275, 'lag_19': 0.15706639046796456, 'lag_20': 0.09925675339432653, 'lag_21': 0.141612143435832, 'lag_22': 0.0030058075246360144, 'lag_23': 0.29212844808369476, 'lag_24': 0.7107698341766818, 'lag_25': 0.602919091552975, 'lag_26': 0.34546858696963423, 'lag_27': 0.5297653748468556, 'lag_28': 0.009737989814623507}. Best is trial 19 with value: 0.0021166910877357366.
[I 2025-09-29 12:53:50,187] Trial 87 finished with value: 0.0023291467114902307 and parameters: {'lag_0': 0.542173150939817, 'lag_1': 0.6492080801947495, 'lag_2': 0.12017382733730302, 'lag_3': 0.21805853793706687, 'lag_4': 0.8514066006232319, 'lag_5': 0.3324534120517491, 'lag_6': 0.7131901544324392, 'lag_7': 0.13058744758063984, 'lag_8': 0.7705917000721582, 'lag_9': 0.5468883170672676, 'lag_10': 0.6900432201124777, 'lag_11': 0.0484437532234024, 'lag_12': 0.769508997564308, 'lag_13': 0.9675870335983235, 'lag_14': 0.013373525895003902, 'lag_15': 0.30648308658758705, 'lag_16': 0.5241493071410789, 'lag_17': 0.09395090481200138, 'lag_18': 0.034397561246109695, 'lag_19': 0.17026031832209468, 'lag_20': 0.1205861138299934, 'lag_21': 0.09666976256388057, 'lag_22': 0.01981224084139649, 'lag_23': 0.27828754275018797, 'lag_24': 0.7085714192430269, 'lag_25': 0.672028451474382, 'lag_26': 0.2026399577804439, 'lag_27': 0.5836338711368763, 'lag_28': 0.01998165674238838}. Best is trial 19 with value: 0.0021166910877357366.
[I 2025-09-29 12:53:52,607] Trial 88 finished with value: 0.0025162584788045875 and parameters: {'lag_0': 0.5738110422902745, 'lag_1': 0.4970979395966647, 'lag_2': 0.020407099132673218, 'lag_3': 0.16013140127404282, 'lag_4': 0.6784207296465281, 'lag_5': 0.4275095824356325, 'lag_6': 0.9364051251011241, 'lag_7': 0.0012736867481290982, 'lag_8': 0.8142373585152588, 'lag_9': 0.46702866740694876, 'lag_10': 0.7315415139298096, 'lag_11': 0.6684174522946217, 'lag_12': 0.8006116345536634, 'lag_13': 0.8125431046270513, 'lag_14': 0.13490325896404157, 'lag_15': 0.26677236278611954, 'lag_16': 0.5873444168867477, 'lag_17': 0.1652734862626511, 'lag_18': 0.021807648594152636, 'lag_19': 0.21763550139207746, 'lag_20': 0.007350959080302241, 'lag_21': 0.14862940159336335, 'lag_22': 0.0557951328054431, 'lag_23': 0.4552603200087766, 'lag_24': 0.7464171311575044, 'lag_25': 0.5972320456878889, 'lag_26': 0.3637207096918975, 'lag_27': 0.5104227759385076, 'lag_28': 0.0005763048833775652}. Best is trial 19 with value: 0.0021166910877357366.
[I 2025-09-29 12:53:55,026] Trial 89 finished with value: 0.002372063224365789 and parameters: {'lag_0': 0.40162563797361955, 'lag_1': 0.6172525178704406, 'lag_2': 0.2740717872054651, 'lag_3': 0.139747666911459, 'lag_4': 0.7683580022981537, 'lag_5': 0.36704587733385596, 'lag_6': 0.7483207379769614, 'lag_7': 0.02614262289129432, 'lag_8': 0.2900668131468982, 'lag_9': 0.5222125590816138, 'lag_10': 0.653551906237262, 'lag_11': 0.04690666966883513, 'lag_12': 0.7392511738373936, 'lag_13': 0.9346072592918163, 'lag_14': 0.08413091859813746, 'lag_15': 0.22753024951456333, 'lag_16': 0.485252004290884, 'lag_17': 0.12967327038890888, 'lag_18': 0.1292449465531566, 'lag_19': 0.2667707877156189, 'lag_20': 0.09952976634383964, 'lag_21': 0.128335564943382, 'lag_22': 0.11146931795399197, 'lag_23': 0.42282189764011335, 'lag_24': 0.729532638684155, 'lag_25': 0.8635430671452301, 'lag_26': 0.29674916123333905, 'lag_27': 0.5380759008200655, 'lag_28': 0.04121725570969494}. Best is trial 19 with value: 0.0021166910877357366.
[I 2025-09-29 12:53:57,448] Trial 90 finished with value: 0.002758059925504939 and parameters: {'lag_0': 0.6501591854232075, 'lag_1': 0.29904432071495735, 'lag_2': 0.10131160192958233, 'lag_3': 0.6153890934838304, 'lag_4': 0.734251420241486, 'lag_5': 0.28863253968925, 'lag_6': 0.6444798897284064, 'lag_7': 0.08851670178657599, 'lag_8': 0.8872955723099887, 'lag_9': 0.6175217104898416, 'lag_10': 0.6059057104422283, 'lag_11': 0.1269052094543939, 'lag_12': 0.6812833629635454, 'lag_13': 0.8904510270334323, 'lag_14': 0.12295441584330805, 'lag_15': 0.18992633102454354, 'lag_16': 0.6270683181450675, 'lag_17': 0.010260106080692555, 'lag_18': 0.08559067807974569, 'lag_19': 0.12268698852340823, 'lag_20': 0.14907477478719405, 'lag_21': 0.04457886231718579, 'lag_22': 0.0815827888184043, 'lag_23': 0.3792006676315184, 'lag_24': 0.6562400859403119, 'lag_25': 0.5481348687844665, 'lag_26': 0.15444098387309835, 'lag_27': 0.09862997054430334, 'lag_28': 0.8003930081146682}. Best is trial 19 with value: 0.0021166910877357366.
[I 2025-09-29 12:53:59,878] Trial 91 finished with value: 0.0023325167962690357 and parameters: {'lag_0': 0.47606334648372317, 'lag_1': 0.6040038139646484, 'lag_2': 0.22301676750531205, 'lag_3': 0.10999240369290457, 'lag_4': 0.8056751397659518, 'lag_5': 0.23947037333802246, 'lag_6': 0.806720200669917, 'lag_7': 0.06592345981534972, 'lag_8': 0.8512919491940453, 'lag_9': 0.4453897511475134, 'lag_10': 0.6933311292524574, 'lag_11': 0.09155880162778443, 'lag_12': 0.5501739160771915, 'lag_13': 0.8571087303313508, 'lag_14': 0.1733560923734139, 'lag_15': 0.342790387736605, 'lag_16': 0.6724662344579423, 'lag_17': 0.16285085011829914, 'lag_18': 0.056111860550726214, 'lag_19': 0.1533694585856533, 'lag_20': 0.0680773915096505, 'lag_21': 0.17258095814297603, 'lag_22': 0.19475489805690577, 'lag_23': 0.3088091116177327, 'lag_24': 0.779614333570712, 'lag_25': 0.5770075903889, 'lag_26': 0.5732126697940647, 'lag_27': 0.556779719692755, 'lag_28': 0.07245679123556653}. Best is trial 19 with value: 0.0021166910877357366.
[I 2025-09-29 12:54:02,310] Trial 92 finished with value: 0.002796939340790678 and parameters: {'lag_0': 0.3754552068900449, 'lag_1': 0.6940679760400971, 'lag_2': 0.2035342763121991, 'lag_3': 0.047920919698131115, 'lag_4': 0.7898858818477089, 'lag_5': 0.49071801819044064, 'lag_6': 0.7725775687160704, 'lag_7': 0.09180334299045309, 'lag_8': 0.8195112500853988, 'lag_9': 0.33553981753876766, 'lag_10': 0.5910422732975702, 'lag_11': 0.15870026478946092, 'lag_12': 0.5915696723276079, 'lag_13': 0.9049736064768216, 'lag_14': 0.200258642058961, 'lag_15': 0.17727798583798565, 'lag_16': 0.5743808144602545, 'lag_17': 0.1883982693049087, 'lag_18': 0.02263655316784192, 'lag_19': 0.08336761193025319, 'lag_20': 0.0458495821114488, 'lag_21': 0.17771758742409538, 'lag_22': 0.005846730083462315, 'lag_23': 0.2531381146458407, 'lag_24': 0.9027212169270604, 'lag_25': 0.7198979127052796, 'lag_26': 0.3353568162011916, 'lag_27': 0.49563351612537265, 'lag_28': 0.10234028042536328}. Best is trial 19 with value: 0.0021166910877357366.
[I 2025-09-29 12:54:04,734] Trial 93 finished with value: 0.0022978885824824183 and parameters: {'lag_0': 0.4453732623056476, 'lag_1': 0.5529512019065027, 'lag_2': 0.14705280487568267, 'lag_3': 0.064784479771235, 'lag_4': 0.8316937907846835, 'lag_5': 0.38947113399913696, 'lag_6': 0.7581384763336618, 'lag_7': 0.03241263731827286, 'lag_8': 0.7653058110298937, 'lag_9': 0.4997724376048792, 'lag_10': 0.7812963974692813, 'lag_11': 0.07210603973513388, 'lag_12': 0.9432253306261281, 'lag_13': 0.8361261093233157, 'lag_14': 0.05593426857532985, 'lag_15': 0.23075301344147073, 'lag_16': 0.46123430961303724, 'lag_17': 0.0744505735987908, 'lag_18': 0.04718026781680397, 'lag_19': 0.18035203844600817, 'lag_20': 0.173918155159409, 'lag_21': 0.19755715066401613, 'lag_22': 0.03913686972896685, 'lag_23': 0.33060107646108133, 'lag_24': 0.8427532408592087, 'lag_25': 0.5142002008625522, 'lag_26': 0.4520133208021761, 'lag_27': 0.19388310298124883, 'lag_28': 0.04815178132094295}. Best is trial 19 with value: 0.0021166910877357366.
[I 2025-09-29 12:54:07,157] Trial 94 finished with value: 0.0023452978239980873 and parameters: {'lag_0': 0.34311270325848986, 'lag_1': 0.6471698712763528, 'lag_2': 0.6412377104599608, 'lag_3': 0.10170362390583673, 'lag_4': 0.879087410707034, 'lag_5': 0.4471647271010132, 'lag_6': 0.8843186078309737, 'lag_7': 0.010005231538791487, 'lag_8': 0.9043359260862156, 'lag_9': 0.41420864782715117, 'lag_10': 0.8131043388795036, 'lag_11': 0.10682484070398329, 'lag_12': 0.48161875241761937, 'lag_13': 0.9618796728850483, 'lag_14': 0.22826797314097286, 'lag_15': 0.21010136632198517, 'lag_16': 0.6583490745603935, 'lag_17': 0.06103950719672349, 'lag_18': 0.10521120301544132, 'lag_19': 0.5069853323619529, 'lag_20': 0.08371884026674548, 'lag_21': 0.08404695628707005, 'lag_22': 0.09353373963222084, 'lag_23': 0.2922168978989845, 'lag_24': 0.6879501023274023, 'lag_25': 0.6501034710468149, 'lag_26': 0.5294527353996958, 'lag_27': 0.4526232814789471, 'lag_28': 0.017606327584579966}. Best is trial 19 with value: 0.0021166910877357366.
[I 2025-09-29 12:54:09,579] Trial 95 finished with value: 0.0024313540866430046 and parameters: {'lag_0': 0.5577148803316158, 'lag_1': 0.6351944146165671, 'lag_2': 0.0745770263651302, 'lag_3': 0.14713487798101432, 'lag_4': 0.7034827945756348, 'lag_5': 0.32654185201062175, 'lag_6': 0.715582607849488, 'lag_7': 0.10455933106332316, 'lag_8': 0.8664624263000726, 'lag_9': 0.580277797967018, 'lag_10': 0.6430134227975771, 'lag_11': 0.9970646082468341, 'lag_12': 0.6330420810017706, 'lag_13': 0.38958301965035197, 'lag_14': 0.24904343554187558, 'lag_15': 0.13937596735362906, 'lag_16': 0.5093209225659068, 'lag_17': 0.20488595971568518, 'lag_18': 0.16432828967521307, 'lag_19': 0.049810224516118856, 'lag_20': 0.13096436022600774, 'lag_21': 0.1291181106396126, 'lag_22': 0.9180293124720322, 'lag_23': 0.9904310523086522, 'lag_24': 0.6218522746916686, 'lag_25': 0.6234357559120348, 'lag_26': 0.2905413519008276, 'lag_27': 0.6148680891303874, 'lag_28': 0.7680392377343573}. Best is trial 19 with value: 0.0021166910877357366.
[I 2025-09-29 12:54:12,003] Trial 96 finished with value: 0.0022260298213731228 and parameters: {'lag_0': 0.4165119345608118, 'lag_1': 0.740802968258101, 'lag_2': 0.5475462406470564, 'lag_3': 0.022870603102259572, 'lag_4': 0.9084930504329891, 'lag_5': 0.4097143655608405, 'lag_6': 0.7802980610858514, 'lag_7': 0.19072077851036806, 'lag_8': 0.9683972011452616, 'lag_9': 0.4535501863822162, 'lag_10': 0.8686615374719893, 'lag_11': 0.8417900033385268, 'lag_12': 0.8511124579973717, 'lag_13': 0.556858107999874, 'lag_14': 0.2822232546535066, 'lag_15': 0.25938041966624203, 'lag_16': 0.5690515928607828, 'lag_17': 0.1500114760789597, 'lag_18': 0.002544842497579962, 'lag_19': 0.0912489826789239, 'lag_20': 0.09830253244745746, 'lag_21': 0.6040004231482334, 'lag_22': 0.8319137014083415, 'lag_23': 0.231400161364755, 'lag_24': 0.8646164549723552, 'lag_25': 0.5344427471464339, 'lag_26': 0.23147929693207253, 'lag_27': 0.3652101071100716, 'lag_28': 0.16580402825720392}. Best is trial 19 with value: 0.0021166910877357366.
[I 2025-09-29 12:54:14,426] Trial 97 finished with value: 0.002504243287774673 and parameters: {'lag_0': 0.3159732249763459, 'lag_1': 0.7374391424879316, 'lag_2': 0.548923056037693, 'lag_3': 0.03626697202464098, 'lag_4': 0.9377093904325704, 'lag_5': 0.4128130246130116, 'lag_6': 0.8287005288151855, 'lag_7': 0.2508074794593946, 'lag_8': 0.9594092717655709, 'lag_9': 0.5205426835777085, 'lag_10': 0.867189391234261, 'lag_11': 0.8529569179476973, 'lag_12': 0.8690000977899797, 'lag_13': 0.5931853041049687, 'lag_14': 0.29438548381810814, 'lag_15': 0.2600728828129414, 'lag_16': 0.5519157749436222, 'lag_17': 0.3162786127672327, 'lag_18': 0.007478369397151685, 'lag_19': 0.14972617268077, 'lag_20': 0.2170354384103133, 'lag_21': 0.5329655991455865, 'lag_22': 0.5574454642930082, 'lag_23': 0.22224994658571454, 'lag_24': 0.8146977083991765, 'lag_25': 0.5386545263403952, 'lag_26': 0.2057240148973131, 'lag_27': 0.34655169529669283, 'lag_28': 0.16135198771529607}. Best is trial 19 with value: 0.0021166910877357366.
[I 2025-09-29 12:54:16,851] Trial 98 finished with value: 0.002814410263218087 and parameters: {'lag_0': 0.49914051439875984, 'lag_1': 0.5156383793223407, 'lag_2': 0.5090889492169488, 'lag_3': 0.017071669881342642, 'lag_4': 0.1231581791847137, 'lag_5': 0.2559012168858834, 'lag_6': 0.8485582950722926, 'lag_7': 0.19030660338198013, 'lag_8': 0.9830181009477331, 'lag_9': 0.48251925507085086, 'lag_10': 0.969978538374555, 'lag_11': 0.8310033310143868, 'lag_12': 0.8305529327040039, 'lag_13': 0.5364294202552711, 'lag_14': 0.21258311910279698, 'lag_15': 0.2852369064117511, 'lag_16': 0.7082168063441702, 'lag_17': 0.12008343212482696, 'lag_18': 0.07729555246939288, 'lag_19': 0.1889167548889882, 'lag_20': 0.18499972879270865, 'lag_21': 0.5871308957028556, 'lag_22': 0.97011015599604, 'lag_23': 0.5001002992972038, 'lag_24': 0.862274711961265, 'lag_25': 0.4849950535286794, 'lag_26': 0.07935028440829733, 'lag_27': 0.40172957059259135, 'lag_28': 0.1229370038737305}. Best is trial 19 with value: 0.0021166910877357366.
[I 2025-09-29 12:54:19,284] Trial 99 finished with value: 0.002044580625759637 and parameters: {'lag_0': 0.41399309212881796, 'lag_1': 0.574915321125054, 'lag_2': 0.4493511093908461, 'lag_3': 0.7055853583630711, 'lag_4': 0.9719047675893089, 'lag_5': 0.38765794934793135, 'lag_6': 0.4637940725405243, 'lag_7': 0.5210516889178567, 'lag_8': 0.9197563631624592, 'lag_9': 0.6542664099160933, 'lag_10': 0.8908640090981544, 'lag_11': 0.028538782279809556, 'lag_12': 0.759659794053303, 'lag_13': 0.4603887337383087, 'lag_14': 0.26864757847633886, 'lag_15': 0.19565352287629503, 'lag_16': 0.6133573068703595, 'lag_17': 0.537222742348682, 'lag_18': 0.7202748174217899, 'lag_19': 0.08925728342052652, 'lag_20': 0.15643213210732831, 'lag_21': 0.6107539696510486, 'lag_22': 0.16147698882998204, 'lag_23': 0.15398029480332714, 'lag_24': 0.7341325975724788, 'lag_25': 0.44523394936467486, 'lag_26': 0.23084580196577376, 'lag_27': 0.35911771287018196, 'lag_28': 0.05896731760253819}. Best is trial 99 with value: 0.002044580625759637.
[I 2025-09-29 12:54:19,300] A new study created in memory with name: no-name-0362f7e7-1e28-4d51-9edf-0e3c142cc42f
[I 2025-09-29 12:54:21,719] Trial 0 finished with value: 0.0017340141548898267 and parameters: {'lag_0': 0.3977417295778287, 'lag_1': 0.26064308635276967, 'lag_2': 0.5179291591266719, 'lag_3': 0.8738302820826366, 'lag_4': 0.2925820302679653, 'lag_5': 0.5017566969060129, 'lag_6': 0.8161886822091717, 'lag_7': 0.05604427347959393, 'lag_8': 0.7451659850159564, 'lag_9': 0.009767304213130738, 'lag_10': 0.9241047625444893, 'lag_11': 0.7831319034211149, 'lag_12': 0.37671467186526686, 'lag_13': 0.8134004756182165, 'lag_14': 0.8375866752211892, 'lag_15': 0.3458350120035816, 'lag_16': 0.8582407599625156, 'lag_17': 0.7174739020108306, 'lag_18': 0.4557927057989861, 'lag_19': 0.5826490145219813, 'lag_20': 0.194539666408211, 'lag_21': 0.12126059035055155, 'lag_22': 0.10518573688131234, 'lag_23': 0.2843506033910555, 'lag_24': 0.3096204832058781, 'lag_25': 0.15775973106138808, 'lag_26': 0.42859490995181887, 'lag_27': 0.8619041682250212, 'lag_28': 0.3436921109411985}. Best is trial 0 with value: 0.0017340141548898267.
[I 2025-09-29 12:54:24,129] Trial 1 finished with value: 0.0018425064860855052 and parameters: {'lag_0': 0.21413780637646995, 'lag_1': 0.021692701829291373, 'lag_2': 0.609105941744614, 'lag_3': 0.21591212221067532, 'lag_4': 0.6760398926871916, 'lag_5': 0.8494231450185701, 'lag_6': 0.17765694633753748, 'lag_7': 0.6654648408213195, 'lag_8': 0.38861894470307135, 'lag_9': 0.8144262207018064, 'lag_10': 0.4302057159000944, 'lag_11': 0.28075344958451254, 'lag_12': 0.8674533902303764, 'lag_13': 0.9951722375591331, 'lag_14': 0.33209923463607577, 'lag_15': 0.5046519279622834, 'lag_16': 0.5939132510651057, 'lag_17': 0.7900989037361367, 'lag_18': 0.2692757700278958, 'lag_19': 0.7799233235675606, 'lag_20': 0.6640022288225123, 'lag_21': 0.6325902137146202, 'lag_22': 0.5848257507404961, 'lag_23': 0.14766528839970597, 'lag_24': 0.8863230236045226, 'lag_25': 0.28500401407131554, 'lag_26': 0.40893801624280723, 'lag_27': 0.465308724524988, 'lag_28': 0.9909358127183123}. Best is trial 0 with value: 0.0017340141548898267.
[I 2025-09-29 12:54:26,541] Trial 2 finished with value: 0.0016490669602102488 and parameters: {'lag_0': 0.26320040337842954, 'lag_1': 0.8205080926928492, 'lag_2': 0.7607565440420545, 'lag_3': 0.5589497893205753, 'lag_4': 0.25793230553040636, 'lag_5': 0.18723155982369014, 'lag_6': 0.6591541484655413, 'lag_7': 0.49642170259167456, 'lag_8': 0.6925108504004922, 'lag_9': 0.258123955217813, 'lag_10': 0.3874665450965225, 'lag_11': 0.2280836982987963, 'lag_12': 0.09494346891014731, 'lag_13': 0.8551719917720233, 'lag_14': 0.049093612315269264, 'lag_15': 0.5939598661450862, 'lag_16': 0.902991969892973, 'lag_17': 0.6851320174291036, 'lag_18': 0.4230443713487049, 'lag_19': 0.9266226716104244, 'lag_20': 0.8882488174021329, 'lag_21': 0.9601938407269213, 'lag_22': 0.3627204900811572, 'lag_23': 0.7449312484358825, 'lag_24': 0.1722806966325143, 'lag_25': 0.09768240814555454, 'lag_26': 0.018127208379860912, 'lag_27': 0.3610532354823721, 'lag_28': 0.07707233508434226}. Best is trial 2 with value: 0.0016490669602102488.
