[I 2025-09-29 13:10:28,431] Trial 3 finished with value: 0.009291842768665067 and parameters: {'lag_0': 0.5052872002848522, 'lag_1': 0.06210869945134158, 'lag_2': 0.4156102235430324, 'lag_3': 0.03857504359123616, 'lag_4': 0.45263736485030803, 'lag_5': 0.6190568459645052, 'lag_6': 0.9379798333793412, 'lag_7': 0.12835069904677565, 'lag_8': 0.6829471365926036, 'lag_9': 0.6943874351452568, 'lag_10': 0.33027313054082447, 'lag_11': 0.3288834438096078, 'lag_12': 0.04229446398442921, 'lag_13': 0.6467912570109642, 'lag_14': 0.5273110222543853, 'lag_15': 0.4443227749043586, 'lag_16': 0.2906967037935287, 'lag_17': 0.9754806873719076, 'lag_18': 0.8614056126617288, 'lag_19': 0.8289131817443172, 'lag_20': 0.22836621214592245, 'lag_21': 0.0875230540124596, 'lag_22': 0.5056165230634281, 'lag_23': 0.9464100121021044, 'lag_24': 0.07834413296912503, 'lag_25': 0.31254843172596813, 'lag_26': 0.04683032881450381, 'lag_27': 0.9970410697544573, 'lag_28': 0.1517077236946964}. Best is trial 0 with value: 0.009174848088934399.
[I 2025-09-29 13:10:30,722] Trial 4 finished with value: 0.009976233836568262 and parameters: {'lag_0': 0.3844616197794635, 'lag_1': 0.3414656284822854, 'lag_2': 0.9534840017779291, 'lag_3': 0.3221759448997451, 'lag_4': 0.5198635028775279, 'lag_5': 0.1283884268332065, 'lag_6': 0.36997924462542625, 'lag_7': 0.6419208892860832, 'lag_8': 0.6230141106805207, 'lag_9': 0.5475047403032934, 'lag_10': 0.5451618378172504, 'lag_11': 0.9677658090861267, 'lag_12': 0.2621153935986933, 'lag_13': 0.3671694482628773, 'lag_14': 0.8380917400869143, 'lag_15': 0.897346689517701, 'lag_16': 0.7850346462874424, 'lag_17': 0.7367540055671973, 'lag_18': 0.31223638929567327, 'lag_19': 0.47252202157425316, 'lag_20': 0.5088847669163398, 'lag_21': 0.9523862827260196, 'lag_22': 0.30569508130978534, 'lag_23': 0.4233906144409635, 'lag_24': 0.5030737625249379, 'lag_25': 0.4827976117755929, 'lag_26': 0.08863575593228787, 'lag_27': 0.6785969838333883, 'lag_28': 0.4144861901611596}. Best is trial 0 with value: 0.009174848088934399.
[I 2025-09-29 13:10:33,002] Trial 5 finished with value: 0.009120284264890125 and parameters: {'lag_0': 0.8811717667637703, 'lag_1': 0.09549651683316135, 'lag_2': 0.7703643065554598, 'lag_3': 0.25917690958393974, 'lag_4': 0.6251466840734313, 'lag_5': 0.9974421330667338, 'lag_6': 0.37257955739559245, 'lag_7': 0.8520720387833814, 'lag_8': 0.5932549439870706, 'lag_9': 0.5484523128275631, 'lag_10': 0.6752316119593705, 'lag_11': 0.9534635931090459, 'lag_12': 0.3264328413099014, 'lag_13': 0.013116475714576805, 'lag_14': 0.7605313846935263, 'lag_15': 0.2606019208537237, 'lag_16': 0.23425993203453163, 'lag_17': 0.5860373814165032, 'lag_18': 0.22413868020088343, 'lag_19': 0.8044788792195392, 'lag_20': 0.22367118816507325, 'lag_21': 0.6841736020498002, 'lag_22': 0.9430096710678043, 'lag_23': 0.9372940726749387, 'lag_24': 0.6182227864854817, 'lag_25': 0.6467769491591204, 'lag_26': 0.7515375592700324, 'lag_27': 0.6089854370703784, 'lag_28': 0.9477289320723522}. Best is trial 5 with value: 0.009120284264890125.
[I 2025-09-29 13:10:35,293] Trial 6 finished with value: 0.009468484118941044 and parameters: {'lag_0': 0.3567341563599269, 'lag_1': 0.6433752194585213, 'lag_2': 0.591639078743817, 'lag_3': 0.024761445474952036, 'lag_4': 0.9066606760259297, 'lag_5': 0.25994128451527, 'lag_6': 0.73294106661429, 'lag_7': 0.06310762953009362, 'lag_8': 0.530998864921908, 'lag_9': 0.27495368137736553, 'lag_10': 0.3581100011623453, 'lag_11': 0.49162802119781646, 'lag_12': 0.8729050975392046, 'lag_13': 0.38813349287728605, 'lag_14': 0.4490351629602355, 'lag_15': 0.5098983589370458, 'lag_16': 0.9225207170258617, 'lag_17': 0.09289617473260452, 'lag_18': 0.9610875454861949, 'lag_19': 0.05461891909561785, 'lag_20': 0.35949205430256725, 'lag_21': 0.5170680644131821, 'lag_22': 0.26494993684711293, 'lag_23': 0.25830323374647707, 'lag_24': 0.7117371590162781, 'lag_25': 0.9122645632484673, 'lag_26': 0.39983697350044406, 'lag_27': 0.14020949685298117, 'lag_28': 0.8545514367483247}. Best is trial 5 with value: 0.009120284264890125.
[I 2025-09-29 13:10:37,590] Trial 7 finished with value: 0.009077097158478216 and parameters: {'lag_0': 0.6633510532102089, 'lag_1': 0.08217583386579821, 'lag_2': 0.3536828907543944, 'lag_3': 0.2618047372356213, 'lag_4': 0.913292641124763, 'lag_5': 0.43234636597783815, 'lag_6': 0.740673597341184, 'lag_7': 0.34287067001046334, 'lag_8': 0.5045254117569263, 'lag_9': 0.08380407318272672, 'lag_10': 0.623245867151444, 'lag_11': 0.5707419061719381, 'lag_12': 0.06630899325770001, 'lag_13': 0.5000973954004955, 'lag_14': 0.8527588866291237, 'lag_15': 0.599716276674368, 'lag_16': 0.6140281640875623, 'lag_17': 0.19943125662534983, 'lag_18': 0.5634185219519032, 'lag_19': 0.7142111667937471, 'lag_20': 0.7911374843680969, 'lag_21': 0.91895419051046, 'lag_22': 0.13660704979492014, 'lag_23': 0.3641667030760708, 'lag_24': 0.3424752236987214, 'lag_25': 0.7155037569999995, 'lag_26': 0.6688204193949746, 'lag_27': 0.2933072120982007, 'lag_28': 0.27159932898875344}. Best is trial 7 with value: 0.009077097158478216.
[I 2025-09-29 13:10:39,869] Trial 8 finished with value: 0.010692439433973777 and parameters: {'lag_0': 0.9706053426712173, 'lag_1': 0.664996629693981, 'lag_2': 0.36835857096831515, 'lag_3': 0.8062386260535659, 'lag_4': 0.22428620390867204, 'lag_5': 0.04625818172854882, 'lag_6': 0.7018742623925432, 'lag_7': 0.8474165054270938, 'lag_8': 0.5244422821791866, 'lag_9': 0.8099612758921091, 'lag_10': 0.23414493503614203, 'lag_11': 0.7293176257912241, 'lag_12': 0.5558313215831462, 'lag_13': 0.6237878644622837, 'lag_14': 0.10372487559764082, 'lag_15': 0.1280571463772845, 'lag_16': 0.0008170540259120536, 'lag_17': 0.016788862968179132, 'lag_18': 0.881441643691056, 'lag_19': 0.3165388579331825, 'lag_20': 0.4569480954906983, 'lag_21': 0.6117302141631455, 'lag_22': 0.9148626378056439, 'lag_23': 0.09287410406667557, 'lag_24': 0.9019151875693765, 'lag_25': 0.34417031580815677, 'lag_26': 0.17263141947006935, 'lag_27': 0.7227354104374074, 'lag_28': 0.4180635412469136}. Best is trial 7 with value: 0.009077097158478216.
[I 2025-09-29 13:10:42,154] Trial 9 finished with value: 0.009307981953074574 and parameters: {'lag_0': 0.8140257311813249, 'lag_1': 0.791776382186635, 'lag_2': 0.0034007271344238983, 'lag_3': 0.12851586327929881, 'lag_4': 0.3643424132556551, 'lag_5': 0.3128241593069064, 'lag_6': 0.8538527860803631, 'lag_7': 0.8224488488277352, 'lag_8': 0.15733746869947995, 'lag_9': 0.9858937769398506, 'lag_10': 0.583012374861706, 'lag_11': 0.8209347675608515, 'lag_12': 0.39416303484053333, 'lag_13': 0.680525182740292, 'lag_14': 0.7937838194034992, 'lag_15': 0.42621020161878137, 'lag_16': 0.3711841533628411, 'lag_17': 0.49913872714429647, 'lag_18': 0.47272339923904133, 'lag_19': 0.8743721576724268, 'lag_20': 0.19095465708244075, 'lag_21': 0.32411256867183563, 'lag_22': 0.4085476781665544, 'lag_23': 0.7138439949572881, 'lag_24': 0.14888839135276813, 'lag_25': 0.9796058442138796, 'lag_26': 0.5010970924331882, 'lag_27': 0.1313527683702444, 'lag_28': 0.3762560430232627}. Best is trial 7 with value: 0.009077097158478216.
[I 2025-09-29 13:10:44,480] Trial 10 finished with value: 0.009204992047267697 and parameters: {'lag_0': 0.7419884596428055, 'lag_1': 0.20673374200199052, 'lag_2': 0.6465967306359041, 'lag_3': 0.5105210534138342, 'lag_4': 0.7730915044746101, 'lag_5': 0.6969578437145915, 'lag_6': 0.5052724517903787, 'lag_7': 0.30649659002655305, 'lag_8': 0.9841848135034925, 'lag_9': 0.0038940631836249517, 'lag_10': 0.9494737275313181, 'lag_11': 0.068609688946135, 'lag_12': 0.003830416384441926, 'lag_13': 0.9506577434148127, 'lag_14': 0.26601976286512397, 'lag_15': 0.7022099171011598, 'lag_16': 0.5774298567456, 'lag_17': 0.28062050570912533, 'lag_18': 0.6754228949269436, 'lag_19': 0.5910563213467611, 'lag_20': 0.8958749845567153, 'lag_21': 0.7919930465058236, 'lag_22': 0.056488342593072324, 'lag_23': 0.6129465677574447, 'lag_24': 0.3173028791348226, 'lag_25': 0.04576754214418799, 'lag_26': 0.9957506458435866, 'lag_27': 0.3821569574365179, 'lag_28': 0.20941582901879696}. Best is trial 7 with value: 0.009077097158478216.
[I 2025-09-29 13:10:46,827] Trial 11 finished with value: 0.009886201034679711 and parameters: {'lag_0': 0.7727437732570286, 'lag_1': 0.00670563435972632, 'lag_2': 0.8991977242701841, 'lag_3': 0.2931443934548143, 'lag_4': 0.6887644801457635, 'lag_5': 0.8043387809450828, 'lag_6': 0.2891329146152523, 'lag_7': 0.43513157168347466, 'lag_8': 0.4099640425779758, 'lag_9': 0.18412064443997356, 'lag_10': 0.729806658163541, 'lag_11': 0.9801695450806232, 'lag_12': 0.19850479291065873, 'lag_13': 0.020752864382040537, 'lag_14': 0.995078107882712, 'lag_15': 0.648894884496628, 'lag_16': 0.45942219039401433, 'lag_17': 0.3946045818464149, 'lag_18': 0.07406309924803892, 'lag_19': 0.9702832367275289, 'lag_20': 0.037845641993335954, 'lag_21': 0.7826330399588548, 'lag_22': 0.05918322967794075, 'lag_23': 0.6061809819988242, 'lag_24': 0.5596519967682778, 'lag_25': 0.7050705738010828, 'lag_26': 0.7491400330889976, 'lag_27': 0.47524267769658857, 'lag_28': 0.9907818592283218}. Best is trial 7 with value: 0.009077097158478216.
[I 2025-09-29 13:10:49,192] Trial 12 finished with value: 0.009196777279730095 and parameters: {'lag_0': 0.9639858819331487, 'lag_1': 0.16419160522711496, 'lag_2': 0.7923108156609102, 'lag_3': 0.2842200015205687, 'lag_4': 0.8007848066707227, 'lag_5': 0.9908672343794465, 'lag_6': 0.2274719878098087, 'lag_7': 0.9804321327425658, 'lag_8': 0.7441019570811966, 'lag_9': 0.42702970166860515, 'lag_10': 0.7348172091388079, 'lag_11': 0.5952807674938534, 'lag_12': 0.2095531403422945, 'lag_13': 0.11279537266095768, 'lag_14': 0.5663942315712914, 'lag_15': 0.2813163405148805, 'lag_16': 0.13581619953958368, 'lag_17': 0.22599815276738416, 'lag_18': 0.0329668829266295, 'lag_19': 0.6228266375824638, 'lag_20': 0.6287019427593119, 'lag_21': 0.7990628109531188, 'lag_22': 0.7425917069742245, 'lag_23': 0.10521907644864115, 'lag_24': 0.7348105118817057, 'lag_25': 0.79475992307522, 'lag_26': 0.7206140345284949, 'lag_27': 0.35178723536502066, 'lag_28': 0.6230858600412602}. Best is trial 7 with value: 0.009077097158478216.
[I 2025-09-29 13:10:51,546] Trial 13 finished with value: 0.009170686416293301 and parameters: {'lag_0': 0.6259229844922448, 'lag_1': 0.15183954920892034, 'lag_2': 0.7367641251552085, 'lag_3': 0.4470696721855616, 'lag_4': 0.18953134872435096, 'lag_5': 0.9193011926753613, 'lag_6': 0.527025168236225, 'lag_7': 0.32874409545037486, 'lag_8': 0.33776179342831913, 'lag_9': 0.2784225283009879, 'lag_10': 0.6492221009728343, 'lag_11': 0.39691632697138834, 'lag_12': 0.13015818154830075, 'lag_13': 0.20223828407421657, 'lag_14': 0.6240008575762315, 'lag_15': 0.013427251214464697, 'lag_16': 0.5301757227724582, 'lag_17': 0.49577139816651816, 'lag_18': 0.6462285830546634, 'lag_19': 0.6651236830562806, 'lag_20': 0.0008737789515906869, 'lag_21': 0.7176235983149802, 'lag_22': 0.1882932103791532, 'lag_23': 0.7877477424598212, 'lag_24': 0.3220762484308889, 'lag_25': 0.5684772104000817, 'lag_26': 0.8091501024401665, 'lag_27': 0.5749659525983636, 'lag_28': 0.2346752550248235}. Best is trial 7 with value: 0.009077097158478216.
[I 2025-09-29 13:10:53,869] Trial 14 finished with value: 0.00953875658449264 and parameters: {'lag_0': 0.62841142147677, 'lag_1': 0.47129909633506184, 'lag_2': 0.49933894551458835, 'lag_3': 0.507320198474176, 'lag_4': 0.6283700143123405, 'lag_5': 0.4374229057730739, 'lag_6': 0.3981819521788636, 'lag_7': 0.5273821029503227, 'lag_8': 0.7883448800989654, 'lag_9': 0.6090365018845675, 'lag_10': 0.004707438147882548, 'lag_11': 0.18711771682352768, 'lag_12': 0.33549501752535094, 'lag_13': 0.8795746269258944, 'lag_14': 0.3837461539710573, 'lag_15': 0.6796836849071097, 'lag_16': 0.6308521556034219, 'lag_17': 0.2972211301365577, 'lag_18': 0.26521943658341185, 'lag_19': 0.4605535515372766, 'lag_20': 0.742206709972015, 'lag_21': 0.9661746157321832, 'lag_22': 0.7103085468910453, 'lag_23': 0.5129828253957536, 'lag_24': 0.3310260400198291, 'lag_25': 0.8508424966012005, 'lag_26': 0.6267604652009696, 'lag_27': 0.2775799980464146, 'lag_28': 0.7092438874040253}. Best is trial 7 with value: 0.009077097158478216.
[I 2025-09-29 13:10:56,219] Trial 15 finished with value: 0.00921066279474409 and parameters: {'lag_0': 0.8631824559152212, 'lag_1': 0.2882766165720938, 'lag_2': 0.2771855822988778, 'lag_3': 0.19338004937972478, 'lag_4': 0.06536006314186693, 'lag_5': 0.7343959784992309, 'lag_6': 0.1636503153925707, 'lag_7': 0.23054886238239183, 'lag_8': 0.5942351050280154, 'lag_9': 0.08348421221219487, 'lag_10': 0.9711661532607527, 'lag_11': 0.7904311898032772, 'lag_12': 0.11750560101949409, 'lag_13': 0.5230272661656649, 'lag_14': 0.9260537528620569, 'lag_15': 0.3072791865706483, 'lag_16': 0.415740790830114, 'lag_17': 0.6094755121622017, 'lag_18': 0.16642019235393257, 'lag_19': 0.9857259826748326, 'lag_20': 0.9947849771441987, 'lag_21': 0.3859664628460486, 'lag_22': 0.4110253397982957, 'lag_23': 0.22569336065274137, 'lag_24': 0.6438266068227281, 'lag_25': 0.6101672120814078, 'lag_26': 0.9379256442815488, 'lag_27': 0.5379980509143616, 'lag_28': 0.992989405855133}. Best is trial 7 with value: 0.009077097158478216.
[I 2025-09-29 13:10:58,569] Trial 16 finished with value: 0.009701383461176405 and parameters: {'lag_0': 0.651285113713277, 'lag_1': 0.007150971990789748, 'lag_2': 0.5750348954646057, 'lag_3': 0.3646863741088414, 'lag_4': 0.8288083382470176, 'lag_5': 0.4851785394834147, 'lag_6': 0.6391316576193579, 'lag_7': 0.48568415626823036, 'lag_8': 0.41817412511206403, 'lag_9': 0.36305482997729976, 'lag_10': 0.3767189331901599, 'lag_11': 0.5699930341516888, 'lag_12': 0.5301989955285278, 'lag_13': 0.8204979318301859, 'lag_14': 0.8008818275246508, 'lag_15': 0.5496700346869777, 'lag_16': 0.07753365775670173, 'lag_17': 0.13209006949957258, 'lag_18': 0.6417574150344176, 'lag_19': 0.7167204420172113, 'lag_20': 0.5593169454684974, 'lag_21': 0.6717767710904899, 'lag_22': 0.8425803374732923, 'lag_23': 0.8082525162838025, 'lag_24': 0.8439667541765903, 'lag_25': 0.36448155301613866, 'lag_26': 0.8497237073894236, 'lag_27': 0.931039360377689, 'lag_28': 0.30169501144654}. Best is trial 7 with value: 0.009077097158478216.
[I 2025-09-29 13:11:00,931] Trial 17 finished with value: 0.009295998443370593 and parameters: {'lag_0': 0.06820248338638696, 'lag_1': 0.5912234733692615, 'lag_2': 0.7319116620097725, 'lag_3': 0.6241604741543527, 'lag_4': 0.7034263490543163, 'lag_5': 0.827088646874312, 'lag_6': 0.9872001755096942, 'lag_7': 0.9935802089784062, 'lag_8': 0.23466539339541082, 'lag_9': 0.6176483450555462, 'lag_10': 0.8442394730588044, 'lag_11': 0.8679723887925047, 'lag_12': 0.9869095855482697, 'lag_13': 0.25248674108243874, 'lag_14': 0.728309175784675, 'lag_15': 0.7873328264306039, 'lag_16': 0.22428118077814646, 'lag_17': 0.40354812090709447, 'lag_18': 0.4001805890864888, 'lag_19': 0.5399192430115018, 'lag_20': 0.10683606510803566, 'lag_21': 0.867076452503659, 'lag_22': 0.992552483089404, 'lag_23': 0.4744259829669957, 'lag_24': 0.9952282452017642, 'lag_25': 0.05303265472215751, 'lag_26': 0.6446828347758754, 'lag_27': 0.24608789447013069, 'lag_28': 0.5073728693375037}. Best is trial 7 with value: 0.009077097158478216.
[I 2025-09-29 13:11:03,272] Trial 18 finished with value: 0.009343248253863682 and parameters: {'lag_0': 0.2526268048321091, 'lag_1': 0.15183597243855557, 'lag_2': 0.44554083005143397, 'lag_3': 0.17172954472463692, 'lag_4': 0.5240277843162788, 'lag_5': 0.5457403337156536, 'lag_6': 0.40838625194119166, 'lag_7': 0.6581666338545838, 'lag_8': 0.46488483799125746, 'lag_9': 0.15833664851107326, 'lag_10': 0.6589333903321997, 'lag_11': 0.2054405289707268, 'lag_12': 0.30965297730267743, 'lag_13': 0.5249031457030021, 'lag_14': 0.9949458745976353, 'lag_15': 0.37092322237429753, 'lag_16': 0.3420188940636827, 'lag_17': 0.8910247184785032, 'lag_18': 0.5678080979370674, 'lag_19': 0.8964847615973373, 'lag_20': 0.40500518940043717, 'lag_21': 0.48688557620626144, 'lag_22': 0.6061296927571788, 'lag_23': 0.01236467826750598, 'lag_24': 0.4151981722110279, 'lag_25': 0.18486885341558013, 'lag_26': 0.47151301486006647, 'lag_27': 0.45860741223456725, 'lag_28': 0.03186590177069626}. Best is trial 7 with value: 0.009077097158478216.
[I 2025-09-29 13:11:05,615] Trial 19 finished with value: 0.009301059215871526 and parameters: {'lag_0': 0.8883540190655734, 'lag_1': 0.39322871633727924, 'lag_2': 0.8486784370661354, 'lag_3': 0.39289428572655594, 'lag_4': 0.388540864723699, 'lag_5': 0.39390716001473525, 'lag_6': 0.5652456243811436, 'lag_7': 0.3641853455164369, 'lag_8': 0.8435209706250097, 'lag_9': 0.35189442037319985, 'lag_10': 0.4393107391293871, 'lag_11': 0.6380745987538022, 'lag_12': 0.13758151892730475, 'lag_13': 0.017089243198256374, 'lag_14': 0.2756069126485332, 'lag_15': 0.568574194049652, 'lag_16': 0.16282446407015239, 'lag_17': 0.5742502409864034, 'lag_18': 0.21438343921005196, 'lag_19': 0.7202366797798545, 'lag_20': 0.7664598636303666, 'lag_21': 0.8628812342507838, 'lag_22': 0.19315076863831432, 'lag_23': 0.663907226202157, 'lag_24': 0.598665710512583, 'lag_25': 0.4069794572397586, 'lag_26': 0.8793132932258958, 'lag_27': 0.6133200971883446, 'lag_28': 0.8498976361889968}. Best is trial 7 with value: 0.009077097158478216.
[I 2025-09-29 13:11:07,952] Trial 20 finished with value: 0.009344959711391713 and parameters: {'lag_0': 0.7142937022043994, 'lag_1': 0.2625353870613343, 'lag_2': 0.14403372681873639, 'lag_3': 0.21881172566856322, 'lag_4': 0.8670249549170861, 'lag_5': 0.22632249737311405, 'lag_6': 0.011443650412387096, 'lag_7': 0.19833473573897337, 'lag_8': 0.6649441956360186, 'lag_9': 0.5305768908984658, 'lag_10': 0.8343445068687757, 'lag_11': 0.46238750869311807, 'lag_12': 0.4315836489599687, 'lag_13': 0.2092321261181816, 'lag_14': 0.009824734983173933, 'lag_15': 0.18860313991506264, 'lag_16': 0.7339778102990239, 'lag_17': 0.4006130460172364, 'lag_18': 0.37483974267983505, 'lag_19': 0.3440277624560489, 'lag_20': 0.5798223660407388, 'lag_21': 0.5055649432694101, 'lag_22': 0.8026959748059642, 'lag_23': 0.9758191939607133, 'lag_24': 0.23957091636433037, 'lag_25': 0.6422129892455573, 'lag_26': 0.7641531739059271, 'lag_27': 0.8519751802929967, 'lag_28': 0.5122279397056093}. Best is trial 7 with value: 0.009077097158478216.
[I 2025-09-29 13:11:10,293] Trial 21 finished with value: 0.008859391727354025 and parameters: {'lag_0': 0.5587523412937122, 'lag_1': 0.11141747706529981, 'lag_2': 0.6872287124625729, 'lag_3': 0.4396526590890089, 'lag_4': 0.22513304400384804, 'lag_5': 0.9723110018186264, 'lag_6': 0.4910894200504191, 'lag_7': 0.36428035235295864, 'lag_8': 0.32153926881150563, 'lag_9': 0.25467604799383037, 'lag_10': 0.6325029224943067, 'lag_11': 0.3817508084451372, 'lag_12': 0.10469259181153362, 'lag_13': 0.15779577862602379, 'lag_14': 0.6263052376160609, 'lag_15': 0.034136604310287144, 'lag_16': 0.5414999366440966, 'lag_17': 0.4986209347777398, 'lag_18': 0.719200285263485, 'lag_19': 0.6642082653434584, 'lag_20': 0.043235341700386475, 'lag_21': 0.6986462784000512, 'lag_22': 0.17152507775015371, 'lag_23': 0.8360223928211444, 'lag_24': 0.37094134768815973, 'lag_25': 0.5596531417456375, 'lag_26': 0.8100813261130112, 'lag_27': 0.5680774223820021, 'lag_28': 0.19898110787482123}. Best is trial 21 with value: 0.008859391727354025.
[I 2025-09-29 13:11:12,649] Trial 22 finished with value: 0.009746495257579004 and parameters: {'lag_0': 0.5313349605165201, 'lag_1': 0.10019428776498689, 'lag_2': 0.7047015784103885, 'lag_3': 0.5663089233709723, 'lag_4': 0.026758261881454054, 'lag_5': 0.9963220127294103, 'lag_6': 0.44913717452444096, 'lag_7': 0.5618986294889957, 'lag_8': 0.02176368644626836, 'lag_9': 0.0177658883738626, 'lag_10': 0.6784383799130946, 'lag_11': 0.4117049602144347, 'lag_12': 0.09543461709104577, 'lag_13': 0.11257824939259281, 'lag_14': 0.6294582504652777, 'lag_15': 0.10299980695571259, 'lag_16': 0.5439849863390204, 'lag_17': 0.5387598113029599, 'lag_18': 0.7582804635108077, 'lag_19': 0.6708283085553944, 'lag_20': 0.13795969708736916, 'lag_21': 0.6910223539737372, 'lag_22': 0.022456494681682676, 'lag_23': 0.8541246168960168, 'lag_24': 0.45313940505882555, 'lag_25': 0.4878513118127427, 'lag_26': 0.6701384401738187, 'lag_27': 0.3883790303688734, 'lag_28': 0.11643423768683325}. Best is trial 21 with value: 0.008859391727354025.
[I 2025-09-29 13:11:14,983] Trial 23 finished with value: 0.00932696699454904 and parameters: {'lag_0': 0.5511162519135363, 'lag_1': 0.07920868134916867, 'lag_2': 0.5466218276189824, 'lag_3': 0.10709014124489324, 'lag_4': 0.2393133420878211, 'lag_5': 0.8871474817112631, 'lag_6': 0.3054396896322797, 'lag_7': 0.43036900469034417, 'lag_8': 0.3095597906477489, 'lag_9': 0.17974468185887577, 'lag_10': 0.4608951595956464, 'lag_11': 0.2546397329831793, 'lag_12': 0.24092030639942297, 'lag_13': 0.12111957029967235, 'lag_14': 0.8586086623403514, 'lag_15': 0.015831652399963023, 'lag_16': 0.4556268936358506, 'lag_17': 0.6292697743591908, 'lag_18': 0.5498667251843539, 'lag_19': 0.5836783800683832, 'lag_20': 0.30371135293349544, 'lag_21': 0.6140405798680502, 'lag_22': 0.13832450153508707, 'lag_23': 0.7515750485255407, 'lag_24': 0.21609330603299765, 'lag_25': 0.7719698862431807, 'lag_26': 0.5593752161552893, 'lag_27': 0.604813274392531, 'lag_28': 0.3392637538961799}. Best is trial 21 with value: 0.008859391727354025.
