[I 2025-09-29 11:59:51,198] Trial 87 finished with value: 0.006976642893355487 and parameters: {'lag_0': 0.42256414855423685, 'lag_1': 0.7900303425976678, 'lag_2': 0.8962238665618245, 'lag_3': 0.750763633160569, 'lag_4': 0.5492913549664717, 'lag_5': 0.5804013489821258, 'lag_6': 0.06036419520203726, 'lag_7': 0.5561533331972808, 'lag_8': 0.43074930132302314, 'lag_9': 0.9992515662210705, 'lag_10': 0.35393139930489587, 'lag_11': 0.758073014372887, 'lag_12': 0.8168099787594923, 'lag_13': 0.5942880210893846, 'lag_14': 0.40467328761398075, 'lag_15': 0.8592313684188957, 'lag_16': 0.23833266287315816, 'lag_17': 0.5189301129861893, 'lag_18': 0.0012417940406935085, 'lag_19': 0.7046202553590274, 'lag_20': 0.37881029659125365, 'lag_21': 0.15887689681984613, 'lag_22': 0.7927175714215748, 'lag_23': 0.7724196564357445, 'lag_24': 0.9052549386663573, 'lag_25': 0.6647412353652182, 'lag_26': 0.6514482248805853, 'lag_27': 0.9424427224684246, 'lag_28': 0.7472281340406421}. Best is trial 10 with value: 0.006620503850142391.
[I 2025-09-29 11:59:53,704] Trial 88 finished with value: 0.006627905474794296 and parameters: {'lag_0': 0.8868951237675343, 'lag_1': 0.7143586214544242, 'lag_2': 0.6956398678162157, 'lag_3': 0.8644544870794159, 'lag_4': 0.6377833091206426, 'lag_5': 0.9120229786079299, 'lag_6': 0.9227953116674077, 'lag_7': 0.34826457926148235, 'lag_8': 0.5672760154163762, 'lag_9': 0.931280579603987, 'lag_10': 0.6204540436529055, 'lag_11': 0.5633908561937493, 'lag_12': 0.9416910250497398, 'lag_13': 0.45614234766079437, 'lag_14': 0.25354629519894806, 'lag_15': 0.6792406933396526, 'lag_16': 0.5499192679555536, 'lag_17': 0.1273727182674826, 'lag_18': 0.4583962196842364, 'lag_19': 0.4803871982806098, 'lag_20': 0.5518420075567313, 'lag_21': 0.18821288283771861, 'lag_22': 0.9127296723587293, 'lag_23': 0.8592541529937038, 'lag_24': 0.8020845908537307, 'lag_25': 0.10718554343082334, 'lag_26': 0.9705380615423576, 'lag_27': 0.7899278898661464, 'lag_28': 0.6821193184661842}. Best is trial 10 with value: 0.006620503850142391.
[I 2025-09-29 11:59:56,205] Trial 89 finished with value: 0.007150514904553982 and parameters: {'lag_0': 0.6110944911524222, 'lag_1': 0.5305974387929543, 'lag_2': 0.6571851541552943, 'lag_3': 0.8553840490399839, 'lag_4': 0.6410404307937967, 'lag_5': 0.8498859252301355, 'lag_6': 0.9360759105459714, 'lag_7': 0.2938257238114676, 'lag_8': 0.6240449563939748, 'lag_9': 0.9345283962459725, 'lag_10': 0.6137415071156428, 'lag_11': 0.6207368585483688, 'lag_12': 0.9461010470129938, 'lag_13': 0.4542986278180652, 'lag_14': 0.12371312253475436, 'lag_15': 0.9471923914597039, 'lag_16': 0.5250763709767743, 'lag_17': 0.21010948647695765, 'lag_18': 0.5200090319746619, 'lag_19': 0.03287443666968359, 'lag_20': 0.6736029233188163, 'lag_21': 0.7554335137690664, 'lag_22': 0.8917112138849151, 'lag_23': 0.8682862355931805, 'lag_24': 0.010445292439066375, 'lag_25': 0.6054591125951398, 'lag_26': 0.9693887352367008, 'lag_27': 0.8886814164953376, 'lag_28': 0.7006409403200382}. Best is trial 10 with value: 0.006620503850142391.
[I 2025-09-29 11:59:58,710] Trial 90 finished with value: 0.006864182581726312 and parameters: {'lag_0': 0.7980765097940025, 'lag_1': 0.3376993770578695, 'lag_2': 0.6982421575927595, 'lag_3': 0.784119316146336, 'lag_4': 0.45848826650921337, 'lag_5': 0.9056497897936614, 'lag_6': 0.9167151079525785, 'lag_7': 0.34931748649236055, 'lag_8': 0.5476786518141361, 'lag_9': 0.9587640405059381, 'lag_10': 0.6544600804855014, 'lag_11': 0.6751180985348092, 'lag_12': 0.5734339228147245, 'lag_13': 0.48974273819256164, 'lag_14': 0.2445730684508402, 'lag_15': 0.6915257719033496, 'lag_16': 0.6569194637584372, 'lag_17': 0.15128601362144037, 'lag_18': 0.46721362674673816, 'lag_19': 0.33804082557818305, 'lag_20': 0.5623371458982005, 'lag_21': 0.18688112823810327, 'lag_22': 0.04006826924184492, 'lag_23': 0.5528217570115177, 'lag_24': 0.7645755312371735, 'lag_25': 0.10644517180291294, 'lag_26': 0.9258789732724642, 'lag_27': 0.7846825270398603, 'lag_28': 0.914565217479845}. Best is trial 10 with value: 0.006620503850142391.
[I 2025-09-29 12:00:01,211] Trial 91 finished with value: 0.0071163334511508995 and parameters: {'lag_0': 0.8788752686998771, 'lag_1': 0.71251136270475, 'lag_2': 0.8084744019465103, 'lag_3': 0.9632785122606523, 'lag_4': 0.601750036389842, 'lag_5': 0.8766850352625432, 'lag_6': 0.8061926992244027, 'lag_7': 0.32497791387992514, 'lag_8': 0.4754201090077693, 'lag_9': 0.9171314048009543, 'lag_10': 0.4945593943823262, 'lag_11': 0.5667023127589343, 'lag_12': 0.880788982072788, 'lag_13': 0.514578190324049, 'lag_14': 0.18021934889425345, 'lag_15': 0.7731190338139404, 'lag_16': 0.31765131096243276, 'lag_17': 0.13133399643664312, 'lag_18': 0.09408480843926058, 'lag_19': 0.2796745618086556, 'lag_20': 0.6053547213638205, 'lag_21': 0.28123408770311215, 'lag_22': 0.997964582774714, 'lag_23': 0.8472538912092811, 'lag_24': 0.8011390196232595, 'lag_25': 0.13978912216624867, 'lag_26': 0.9829066469183037, 'lag_27': 0.7411542916756932, 'lag_28': 0.7959658032857033}. Best is trial 10 with value: 0.006620503850142391.
[I 2025-09-29 12:00:03,705] Trial 92 finished with value: 0.006929396135416393 and parameters: {'lag_0': 0.9225638740487432, 'lag_1': 0.618235772860583, 'lag_2': 0.7509431295054497, 'lag_3': 0.9288860311703118, 'lag_4': 0.6815457392199342, 'lag_5': 0.9343708626594419, 'lag_6': 0.960230770161155, 'lag_7': 0.5096269719800676, 'lag_8': 0.5734914435954321, 'lag_9': 0.8883689351945474, 'lag_10': 0.679805249557171, 'lag_11': 0.528225667753517, 'lag_12': 0.9407926023644037, 'lag_13': 0.6428853281384614, 'lag_14': 0.3267129781946813, 'lag_15': 0.6830901258987774, 'lag_16': 0.40233415171453585, 'lag_17': 0.11201263908836603, 'lag_18': 0.39091310690520265, 'lag_19': 0.16884058464881163, 'lag_20': 0.47997908249855514, 'lag_21': 0.1984839583806664, 'lag_22': 0.883271535838405, 'lag_23': 0.7990830226565317, 'lag_24': 0.6614234701877086, 'lag_25': 0.08090911341844967, 'lag_26': 0.9482544200203307, 'lag_27': 0.8279697313008509, 'lag_28': 0.6825739705744784}. Best is trial 10 with value: 0.006620503850142391.
[I 2025-09-29 12:00:06,193] Trial 93 finished with value: 0.00678225055376627 and parameters: {'lag_0': 0.8465351567767678, 'lag_1': 0.7356073995094611, 'lag_2': 0.720835207173642, 'lag_3': 0.8838409333982229, 'lag_4': 0.5338750949183214, 'lag_5': 0.9698860479064159, 'lag_6': 0.18846921517748777, 'lag_7': 0.38716649839897227, 'lag_8': 0.6464267535038785, 'lag_9': 0.8661798652515106, 'lag_10': 0.5502230664288232, 'lag_11': 0.4889305773913985, 'lag_12': 0.9063535964976345, 'lag_13': 0.5790246228795028, 'lag_14': 0.29097599350206615, 'lag_15': 0.7530054769484738, 'lag_16': 0.35600876920079455, 'lag_17': 0.9890874178838545, 'lag_18': 0.450500540411166, 'lag_19': 0.4888043631169217, 'lag_20': 0.4265508831330877, 'lag_21': 0.02144940532554491, 'lag_22': 0.9300340153146298, 'lag_23': 0.9127516514027824, 'lag_24': 0.7040514224954195, 'lag_25': 0.2304693474043528, 'lag_26': 0.8303175427158487, 'lag_27': 0.6866432906559868, 'lag_28': 0.8722516947838199}. Best is trial 10 with value: 0.006620503850142391.
[I 2025-09-29 12:00:08,672] Trial 94 finished with value: 0.006929000885525859 and parameters: {'lag_0': 0.8354433438435342, 'lag_1': 0.6562679466067509, 'lag_2': 0.7239123061057194, 'lag_3': 0.593229979161508, 'lag_4': 0.5226658059759572, 'lag_5': 0.9659302340602565, 'lag_6': 0.3014614112537177, 'lag_7': 0.4122219367170711, 'lag_8': 0.6759222791109745, 'lag_9': 0.836066220311939, 'lag_10': 0.552884779812587, 'lag_11': 0.6973530253577066, 'lag_12': 0.9769724381828278, 'lag_13': 0.4244518225814399, 'lag_14': 0.29183995437167815, 'lag_15': 0.805322984667387, 'lag_16': 0.35551151280743654, 'lag_17': 0.7777189576444674, 'lag_18': 0.4242402950966956, 'lag_19': 0.39016338276095347, 'lag_20': 0.4434132257294618, 'lag_21': 0.019022331385802366, 'lag_22': 0.8565117144027281, 'lag_23': 0.9117274674937728, 'lag_24': 0.814557069948549, 'lag_25': 0.17583578342294442, 'lag_26': 0.8261242842269857, 'lag_27': 0.8689642564251508, 'lag_28': 0.8539922264486078}. Best is trial 10 with value: 0.006620503850142391.
[I 2025-09-29 12:00:11,084] Trial 95 finished with value: 0.006839502454597819 and parameters: {'lag_0': 0.9057863059455693, 'lag_1': 0.8692348387091792, 'lag_2': 0.6857560951936126, 'lag_3': 0.8794858378760483, 'lag_4': 0.481205580231348, 'lag_5': 0.9812186002981955, 'lag_6': 0.18556616837483283, 'lag_7': 0.47913864724721833, 'lag_8': 0.642238197193356, 'lag_9': 0.4757082949000354, 'lag_10': 0.6208900872013711, 'lag_11': 0.49631788477564326, 'lag_12': 0.8454010610435455, 'lag_13': 0.5614992865619479, 'lag_14': 0.6828750274858889, 'lag_15': 0.9833491652621701, 'lag_16': 0.43092763982718424, 'lag_17': 0.627695405135519, 'lag_18': 0.5901004877613328, 'lag_19': 0.47291613932589427, 'lag_20': 0.5265361237824214, 'lag_21': 0.11521822581326249, 'lag_22': 0.9260457266097202, 'lag_23': 0.9533232960362952, 'lag_24': 0.7179673910988852, 'lag_25': 0.7830768784409519, 'lag_26': 0.8961062055748434, 'lag_27': 0.8163305067012036, 'lag_28': 0.8297018725227197}. Best is trial 10 with value: 0.006620503850142391.
[I 2025-09-29 12:00:13,464] Trial 96 finished with value: 0.007026884703081597 and parameters: {'lag_0': 0.7312111884355612, 'lag_1': 0.9038902047057967, 'lag_2': 0.6411090397700875, 'lag_3': 0.6835019557402874, 'lag_4': 0.6188990003600364, 'lag_5': 0.8832397760139851, 'lag_6': 0.23204597902668062, 'lag_7': 0.45046980125694736, 'lag_8': 0.7324441398662962, 'lag_9': 0.972706600199247, 'lag_10': 0.8438391605636113, 'lag_11': 0.9728437137658357, 'lag_12': 0.9450250425269444, 'lag_13': 0.16564892976809242, 'lag_14': 0.21935822185149612, 'lag_15': 0.6084545448049123, 'lag_16': 0.5509680369121985, 'lag_17': 0.9930994895406507, 'lag_18': 0.45397976671467577, 'lag_19': 0.5407434900890921, 'lag_20': 0.03885888489892131, 'lag_21': 0.0642407628438908, 'lag_22': 0.7131599326802673, 'lag_23': 0.9813155210527943, 'lag_24': 0.6843838785642652, 'lag_25': 0.23863099004252109, 'lag_26': 0.863001026083018, 'lag_27': 0.6530744841104037, 'lag_28': 0.9736473030716442}. Best is trial 10 with value: 0.006620503850142391.
[I 2025-09-29 12:00:15,803] Trial 97 finished with value: 0.007274767419840717 and parameters: {'lag_0': 0.9545128104307021, 'lag_1': 0.6776122588442798, 'lag_2': 0.12963371452417932, 'lag_3': 0.8277309439892414, 'lag_4': 0.7306917942114932, 'lag_5': 0.8191022343285227, 'lag_6': 0.14399743899072098, 'lag_7': 0.36208714427009553, 'lag_8': 0.5613728913318984, 'lag_9': 0.3127669976617645, 'lag_10': 0.759082281505595, 'lag_11': 0.4578993874239088, 'lag_12': 0.8857877704794299, 'lag_13': 0.756855410533132, 'lag_14': 0.2618249531424761, 'lag_15': 0.5444400011932697, 'lag_16': 0.48206254514158037, 'lag_17': 0.8825705381675373, 'lag_18': 0.31517051417724384, 'lag_19': 0.5124461421244126, 'lag_20': 0.7528700774076913, 'lag_21': 0.03292971346519616, 'lag_22': 0.10625499581489703, 'lag_23': 0.888124344574764, 'lag_24': 0.0525725902785585, 'lag_25': 0.2774193334480819, 'lag_26': 0.8448171641016587, 'lag_27': 0.9150055333969442, 'lag_28': 0.8709455937630717}. Best is trial 10 with value: 0.006620503850142391.
[I 2025-09-29 12:00:18,081] Trial 98 finished with value: 0.007305833397406035 and parameters: {'lag_0': 0.8171463220995459, 'lag_1': 0.7273273526399939, 'lag_2': 0.6164768609883398, 'lag_3': 0.8794485531268221, 'lag_4': 0.6557822020866175, 'lag_5': 0.9094550156669476, 'lag_6': 0.8906628938617703, 'lag_7': 0.7316163902577342, 'lag_8': 0.6012235178394473, 'lag_9': 0.9188152192021461, 'lag_10': 0.5260113825310699, 'lag_11': 0.35085248368154337, 'lag_12': 0.3772400328926249, 'lag_13': 0.4741437761653864, 'lag_14': 0.37829320585207016, 'lag_15': 0.50857028645291, 'lag_16': 0.38418698435889787, 'lag_17': 0.8078786289319932, 'lag_18': 0.6361681025368329, 'lag_19': 0.42918056630472784, 'lag_20': 0.46699178256226426, 'lag_21': 0.14997911395073743, 'lag_22': 0.2916502069259447, 'lag_23': 0.489733080476821, 'lag_24': 0.5804888192186868, 'lag_25': 0.7231196315003791, 'lag_26': 0.9744705864703093, 'lag_27': 0.7921710772554941, 'lag_28': 0.9250282839857107}. Best is trial 10 with value: 0.006620503850142391.
[I 2025-09-29 12:00:20,350] Trial 99 finished with value: 0.006676364293356943 and parameters: {'lag_0': 0.8892721352994544, 'lag_1': 0.8097406268786491, 'lag_2': 0.07637365793975814, 'lag_3': 0.7317760719037605, 'lag_4': 0.5217408251314343, 'lag_5': 0.9592532729594133, 'lag_6': 0.8390465289873839, 'lag_7': 0.3291733091146081, 'lag_8': 0.5209689963614648, 'lag_9': 0.9363742273573191, 'lag_10': 0.584294313988161, 'lag_11': 0.41282228494683704, 'lag_12': 0.010764117481954272, 'lag_13': 0.6772226546332195, 'lag_14': 0.5803841735096917, 'lag_15': 0.8780000551437805, 'lag_16': 0.9098718870466326, 'lag_17': 0.2723110192842082, 'lag_18': 0.7151355322011901, 'lag_19': 0.5703528596559577, 'lag_20': 0.5126408550420163, 'lag_21': 0.09736228769389299, 'lag_22': 0.22120385272711915, 'lag_23': 0.9188497110580617, 'lag_24': 0.7378332976851805, 'lag_25': 0.7445450033678709, 'lag_26': 0.7614636824060965, 'lag_27': 0.7751680960731595, 'lag_28': 0.6566619710907853}. Best is trial 10 with value: 0.006620503850142391.
2025-09-29 12:00:22,498 - distributed.worker - INFO - Stopping worker at tcp://192.168.86.108:35224. Reason: scheduler-remove-worker
2025-09-29 12:00:22,503 - distributed.nanny - INFO - Closing Nanny gracefully at 'tcp://192.168.86.108:41043'. Reason: scheduler-remove-worker
2025-09-29 12:00:22,509 - distributed.nanny - INFO - Worker closed
2025-09-29 12:00:22,509 - distributed.core - INFO - Connection to tcp://192.168.86.101:45699 has been closed.
slurmstepd: error: *** JOB 3081112 ON node08 CANCELLED AT 2025-09-29T12:00:22 ***
