[I 2025-09-29 11:58:27,631] Trial 66 finished with value: 0.020371125019851853 and parameters: {'lag_0': 0.5618701426493636, 'lag_1': 0.8503531920483162, 'lag_2': 0.038832434327890325, 'lag_3': 0.29909615233927167, 'lag_4': 0.16450016137187193, 'lag_5': 0.5513022755134974, 'lag_6': 0.22850273595051235, 'lag_7': 0.21427577879800364, 'lag_8': 0.2668482588823529, 'lag_9': 0.13398233585960032, 'lag_10': 0.5143519931170706, 'lag_11': 0.24615998133048572, 'lag_12': 0.710321619178114, 'lag_13': 0.6458296676073993, 'lag_14': 0.512455187761398, 'lag_15': 0.24302533470160878, 'lag_16': 0.47972179664714526, 'lag_17': 0.49229759287301034, 'lag_18': 0.9721079579175086, 'lag_19': 0.18460921284082674, 'lag_20': 0.29127261606821936, 'lag_21': 0.24191279865956236, 'lag_22': 0.5980630181707656, 'lag_23': 0.3417736486879874, 'lag_24': 0.919608620944615, 'lag_25': 0.8581262906366202, 'lag_26': 0.7929929124111039, 'lag_27': 0.48447098913085873, 'lag_28': 0.5009935499632057}. Best is trial 45 with value: 0.01997783443171456.
[I 2025-09-29 11:58:29,955] Trial 67 finished with value: 0.020515762829911865 and parameters: {'lag_0': 0.2223642054799152, 'lag_1': 0.7804181639340172, 'lag_2': 0.13196445643186955, 'lag_3': 0.256650289353708, 'lag_4': 0.4166826985893483, 'lag_5': 0.49146382674383177, 'lag_6': 0.30769586481295025, 'lag_7': 0.8609820657631507, 'lag_8': 0.4361551552387175, 'lag_9': 0.004925760559611511, 'lag_10': 0.6845745990013864, 'lag_11': 0.10075188919462698, 'lag_12': 0.8203224450963446, 'lag_13': 0.6417523650869541, 'lag_14': 0.44663406515824344, 'lag_15': 0.07966226468364992, 'lag_16': 0.5657348672146384, 'lag_17': 0.6719050459949764, 'lag_18': 0.9997759184810731, 'lag_19': 0.2710729922923599, 'lag_20': 0.20834479817826193, 'lag_21': 0.8144395750610595, 'lag_22': 0.8187489588843424, 'lag_23': 0.5856560843904562, 'lag_24': 0.5133277472350524, 'lag_25': 0.8124170631900232, 'lag_26': 0.658444912698471, 'lag_27': 0.6549856171506473, 'lag_28': 0.4163257717218324}. Best is trial 45 with value: 0.01997783443171456.
[I 2025-09-29 11:58:32,277] Trial 68 finished with value: 0.02026002924390754 and parameters: {'lag_0': 0.462077226587441, 'lag_1': 0.6152811341245534, 'lag_2': 0.27046012556943333, 'lag_3': 0.430970584723131, 'lag_4': 0.11875653299463398, 'lag_5': 0.6130511605293383, 'lag_6': 0.4955774730783752, 'lag_7': 0.5625168323833336, 'lag_8': 0.24234653786720387, 'lag_9': 0.40742233169188313, 'lag_10': 0.7483246876179264, 'lag_11': 0.14158822073478872, 'lag_12': 0.6609708043753382, 'lag_13': 0.5393886546334442, 'lag_14': 0.697305240589012, 'lag_15': 0.17587063568007638, 'lag_16': 0.7061878061032659, 'lag_17': 0.602247573635067, 'lag_18': 0.754114574982803, 'lag_19': 0.3920721156860173, 'lag_20': 0.25349520994856767, 'lag_21': 0.6818152146292586, 'lag_22': 0.6856659419436684, 'lag_23': 0.5175539604782109, 'lag_24': 0.8611431728592156, 'lag_25': 0.8904406030530606, 'lag_26': 0.8860735841783635, 'lag_27': 0.728432106562883, 'lag_28': 0.29344769256033193}. Best is trial 45 with value: 0.01997783443171456.
[I 2025-09-29 11:58:34,595] Trial 69 finished with value: 0.02049036579323998 and parameters: {'lag_0': 0.721499178783745, 'lag_1': 0.9963940366066041, 'lag_2': 0.0031046286708594634, 'lag_3': 0.16441203409305483, 'lag_4': 0.5348335165157737, 'lag_5': 0.9627276249593313, 'lag_6': 0.14161197995192223, 'lag_7': 0.6394043357198187, 'lag_8': 0.5580874821161391, 'lag_9': 0.17988109369965688, 'lag_10': 0.7026708638304964, 'lag_11': 0.3368105030753167, 'lag_12': 0.607486786304186, 'lag_13': 0.41064208931004365, 'lag_14': 0.6519394673629691, 'lag_15': 0.11929752687937266, 'lag_16': 0.9412232934083614, 'lag_17': 0.45300053922888206, 'lag_18': 0.7116714314051742, 'lag_19': 0.11512296444861225, 'lag_20': 0.5524929642689578, 'lag_21': 0.630173982448022, 'lag_22': 0.5533345983374302, 'lag_23': 0.7094657018658579, 'lag_24': 0.39311080163226675, 'lag_25': 0.9687326114900712, 'lag_26': 0.939532647118569, 'lag_27': 0.5799508590927349, 'lag_28': 0.7827135744206848}. Best is trial 45 with value: 0.01997783443171456.
[I 2025-09-29 11:58:36,915] Trial 70 finished with value: 0.020769146808413 and parameters: {'lag_0': 0.8818165701738366, 'lag_1': 0.9356934971871018, 'lag_2': 0.7909152902482025, 'lag_3': 0.39026099751950544, 'lag_4': 0.48915931536195184, 'lag_5': 0.81574187989501, 'lag_6': 0.43850635567834756, 'lag_7': 0.48427321699175296, 'lag_8': 0.6254806535002814, 'lag_9': 0.700066989296986, 'lag_10': 0.9503259494832209, 'lag_11': 0.20990445104265174, 'lag_12': 0.787469099608944, 'lag_13': 0.7600539940369555, 'lag_14': 0.21506791835496245, 'lag_15': 0.03257510816899267, 'lag_16': 0.73786719200869, 'lag_17': 0.8149282979074687, 'lag_18': 0.9106137062664089, 'lag_19': 0.3182524605292048, 'lag_20': 0.39111649091227646, 'lag_21': 0.7518248248223431, 'lag_22': 0.775821668353116, 'lag_23': 0.37547167274108695, 'lag_24': 0.3385313778665373, 'lag_25': 0.9289752649896112, 'lag_26': 0.2274137345414829, 'lag_27': 0.2940655380155629, 'lag_28': 0.5904824308145693}. Best is trial 45 with value: 0.01997783443171456.
[I 2025-09-29 11:58:39,232] Trial 71 finished with value: 0.020436189237405877 and parameters: {'lag_0': 0.43719012601834406, 'lag_1': 0.34899483665739583, 'lag_2': 0.0020471748219631435, 'lag_3': 0.4554795010923435, 'lag_4': 0.06503228898169117, 'lag_5': 0.9192924658145994, 'lag_6': 0.1612028383030511, 'lag_7': 0.4488717937568296, 'lag_8': 0.6194587245143123, 'lag_9': 0.2934230898203313, 'lag_10': 0.5775768735176214, 'lag_11': 0.2448879960829615, 'lag_12': 0.5673393320020778, 'lag_13': 0.5933222327469042, 'lag_14': 0.5923999701661967, 'lag_15': 0.14117214122517519, 'lag_16': 0.8200648570493201, 'lag_17': 0.5968841631747703, 'lag_18': 0.22783179201091258, 'lag_19': 0.07453652201379518, 'lag_20': 0.792090255385314, 'lag_21': 0.46575994436283813, 'lag_22': 0.7479120067425948, 'lag_23': 0.5423763665871383, 'lag_24': 0.6817904933562817, 'lag_25': 0.8079050470134581, 'lag_26': 0.7173861160704744, 'lag_27': 0.3605688464817542, 'lag_28': 0.7675825017170543}. Best is trial 45 with value: 0.01997783443171456.
[I 2025-09-29 11:58:41,556] Trial 72 finished with value: 0.02079780429199028 and parameters: {'lag_0': 0.4035964931381304, 'lag_1': 0.5470546224410097, 'lag_2': 0.06318098709946075, 'lag_3': 0.40525929579024944, 'lag_4': 0.052815087313658526, 'lag_5': 0.9323103691263427, 'lag_6': 0.10302307024188714, 'lag_7': 0.03079505345908319, 'lag_8': 0.6666864572792269, 'lag_9': 0.3225094450377828, 'lag_10': 0.5385112354743492, 'lag_11': 0.3514730921700097, 'lag_12': 0.48381964069540223, 'lag_13': 0.46744836843783577, 'lag_14': 0.5767074186064818, 'lag_15': 0.11103263657311775, 'lag_16': 0.9065476480922458, 'lag_17': 0.7309537700197325, 'lag_18': 0.12445987922088748, 'lag_19': 0.043774916146823606, 'lag_20': 0.8078480257085068, 'lag_21': 0.4562387261750216, 'lag_22': 0.8475029103952654, 'lag_23': 0.4656028872537439, 'lag_24': 0.697937315281662, 'lag_25': 0.7572003185611711, 'lag_26': 0.7577491241102093, 'lag_27': 0.4365456580089377, 'lag_28': 0.7468018434133122}. Best is trial 45 with value: 0.01997783443171456.
[I 2025-09-29 11:58:43,871] Trial 73 finished with value: 0.020607199074904055 and parameters: {'lag_0': 0.3530083769244391, 'lag_1': 0.09883393820442873, 'lag_2': 0.033132072706667674, 'lag_3': 0.3357077031671127, 'lag_4': 0.04955381185165719, 'lag_5': 0.9671975152926748, 'lag_6': 0.18865798971937364, 'lag_7': 0.6571421163828355, 'lag_8': 0.5940400855101201, 'lag_9': 0.2647151873140168, 'lag_10': 0.404735420962525, 'lag_11': 0.2779779861870165, 'lag_12': 0.44101446163240826, 'lag_13': 0.6086877648044813, 'lag_14': 0.763467352883136, 'lag_15': 0.22605412290550575, 'lag_16': 0.8798852087397336, 'lag_17': 0.5380248577285559, 'lag_18': 0.1675031716036383, 'lag_19': 0.1425833403157528, 'lag_20': 0.7602763275083845, 'lag_21': 0.5084109655172618, 'lag_22': 0.649404531238254, 'lag_23': 0.6011979260742243, 'lag_24': 0.6597606893698882, 'lag_25': 0.8632605291702393, 'lag_26': 0.6326643279442867, 'lag_27': 0.5383222795712165, 'lag_28': 0.7393082879681545}. Best is trial 45 with value: 0.01997783443171456.
[I 2025-09-29 11:58:46,186] Trial 74 finished with value: 0.020283791611966907 and parameters: {'lag_0': 0.2908082148674274, 'lag_1': 0.965047067272362, 'lag_2': 0.10678716282395356, 'lag_3': 0.48717885755101775, 'lag_4': 0.5659817023631277, 'lag_5': 0.842595159528357, 'lag_6': 0.3585299374260431, 'lag_7': 0.928392752227967, 'lag_8': 0.5014617984253256, 'lag_9': 0.37984855263277206, 'lag_10': 0.4426547968667463, 'lag_11': 0.40349624410930435, 'lag_12': 0.5901132667147143, 'lag_13': 0.6277123144754226, 'lag_14': 0.5636478660050704, 'lag_15': 0.004034559851734287, 'lag_16': 0.8348524121992527, 'lag_17': 0.5713317292775905, 'lag_18': 0.2337511626540761, 'lag_19': 0.22439457378900676, 'lag_20': 0.8408135296361315, 'lag_21': 0.35159059378240437, 'lag_22': 0.7278719003071938, 'lag_23': 0.5225876601350721, 'lag_24': 0.7955768939197154, 'lag_25': 0.8991547539951115, 'lag_26': 0.6964028691245493, 'lag_27': 0.3291621012301548, 'lag_28': 0.704336592975447}. Best is trial 45 with value: 0.01997783443171456.
[I 2025-09-29 11:58:48,503] Trial 75 finished with value: 0.020690739673639373 and parameters: {'lag_0': 0.43180826767928654, 'lag_1': 0.4016138004931519, 'lag_2': 0.16068653295932867, 'lag_3': 0.5479203450767964, 'lag_4': 0.10525099432107317, 'lag_5': 0.9049801231369534, 'lag_6': 0.030018983190280554, 'lag_7': 0.5137231514702731, 'lag_8': 0.7513055025828064, 'lag_9': 0.4907436282869134, 'lag_10': 0.49165152023886105, 'lag_11': 0.19114848721289596, 'lag_12': 0.9984164732768601, 'lag_13': 0.5616567993723469, 'lag_14': 0.6258120781266376, 'lag_15': 0.07361978320333916, 'lag_16': 0.7918425551914918, 'lag_17': 0.6263454745675933, 'lag_18': 0.046253067908133716, 'lag_19': 0.10904921309069229, 'lag_20': 0.22908960108817544, 'lag_21': 0.5626472104603926, 'lag_22': 0.7946932696773731, 'lag_23': 0.405741104853263, 'lag_24': 0.579331685071781, 'lag_25': 0.6607193027601785, 'lag_26': 0.6001113904846277, 'lag_27': 0.4706057569361822, 'lag_28': 0.22749279883077028}. Best is trial 45 with value: 0.01997783443171456.
[I 2025-09-29 11:58:50,823] Trial 76 finished with value: 0.020250300520413666 and parameters: {'lag_0': 0.9691387104596489, 'lag_1': 0.26538298911811486, 'lag_2': 0.07701866172930721, 'lag_3': 0.2672782186981214, 'lag_4': 0.01457216535739056, 'lag_5': 0.27045703835176427, 'lag_6': 0.9920417017530343, 'lag_7': 0.06485157216458937, 'lag_8': 0.5350429645687913, 'lag_9': 0.02210752594576472, 'lag_10': 0.6648338856439859, 'lag_11': 0.06598698684512976, 'lag_12': 0.5556549285029118, 'lag_13': 0.6866819981032979, 'lag_14': 0.3321692349027362, 'lag_15': 0.1538778366052287, 'lag_16': 0.7649364695250365, 'lag_17': 0.4940034095773562, 'lag_18': 0.3915244959057441, 'lag_19': 0.06376002348610288, 'lag_20': 0.9003757852538825, 'lag_21': 0.2992166250117321, 'lag_22': 0.7670145359583097, 'lag_23': 0.48934617476157666, 'lag_24': 0.6316774687523101, 'lag_25': 0.7273639089985046, 'lag_26': 0.5336473056806996, 'lag_27': 0.37815875363039647, 'lag_28': 0.6212175132877155}. Best is trial 45 with value: 0.01997783443171456.
[I 2025-09-29 11:58:53,144] Trial 77 finished with value: 0.020315159582567993 and parameters: {'lag_0': 0.3219149231501608, 'lag_1': 0.4409652371322259, 'lag_2': 0.5952336386235115, 'lag_3': 0.37434737053064343, 'lag_4': 0.03864751173075047, 'lag_5': 0.8839996723081802, 'lag_6': 0.06350008992492512, 'lag_7': 0.09580455826472335, 'lag_8': 0.06223857176598313, 'lag_9': 0.0868468572238339, 'lag_10': 0.6046222278784834, 'lag_11': 0.0015680738285990814, 'lag_12': 0.5096504016487737, 'lag_13': 0.5063564585782351, 'lag_14': 0.4947749719333999, 'lag_15': 0.19176983665786468, 'lag_16': 0.6698655742899509, 'lag_17': 0.2878776193410118, 'lag_18': 0.26624224906451277, 'lag_19': 0.2815390314524629, 'lag_20': 0.34995477000938136, 'lag_21': 0.9662846516389575, 'lag_22': 0.6855646688455619, 'lag_23': 0.6411309595354069, 'lag_24': 0.7569910215478777, 'lag_25': 0.549966707191755, 'lag_26': 0.8048255967863426, 'lag_27': 0.42997220727135943, 'lag_28': 0.8316170816404853}. Best is trial 45 with value: 0.01997783443171456.
[I 2025-09-29 11:58:55,464] Trial 78 finished with value: 0.02062078020094952 and parameters: {'lag_0': 0.5356446127754778, 'lag_1': 0.8832037170489415, 'lag_2': 0.22245656379297765, 'lag_3': 0.20917181983178335, 'lag_4': 0.25951360293699616, 'lag_5': 0.997904362894227, 'lag_6': 0.2673815427787435, 'lag_7': 0.799912818052697, 'lag_8': 0.695348456721386, 'lag_9': 0.22401912967534326, 'lag_10': 0.7272888196469929, 'lag_11': 0.46476881457251973, 'lag_12': 0.6397243118774958, 'lag_13': 0.9281979281159273, 'lag_14': 0.4291671511717278, 'lag_15': 0.41046389572419867, 'lag_16': 0.5195313018260256, 'lag_17': 0.6550529889984897, 'lag_18': 0.4995796554810095, 'lag_19': 0.3370862413779542, 'lag_20': 0.8892988197560154, 'lag_21': 0.0677776490489878, 'lag_22': 0.5888362612832938, 'lag_23': 0.24036639420618106, 'lag_24': 0.8300020001773224, 'lag_25': 0.7968342130363149, 'lag_26': 0.4232321162456071, 'lag_27': 0.7873759972355816, 'lag_28': 0.8913771363919587}. Best is trial 45 with value: 0.01997783443171456.
[I 2025-09-29 11:58:57,777] Trial 79 finished with value: 0.02087592341500084 and parameters: {'lag_0': 0.496380131067548, 'lag_1': 0.7092536280432057, 'lag_2': 0.37567248025732153, 'lag_3': 0.30710641379007136, 'lag_4': 0.3241333135220844, 'lag_5': 0.8109841810417688, 'lag_6': 0.9264160635824852, 'lag_7': 0.17669084690459064, 'lag_8': 0.6088712961767117, 'lag_9': 0.1625737734735797, 'lag_10': 0.1030823041910176, 'lag_11': 0.14994023766614145, 'lag_12': 0.6834710280864104, 'lag_13': 0.8230559883485451, 'lag_14': 0.47354301639179824, 'lag_15': 0.3007960587694103, 'lag_16': 0.6048334979374648, 'lag_17': 0.7473684134855602, 'lag_18': 0.8662641504846189, 'lag_19': 0.41331473142158837, 'lag_20': 0.8544175032790454, 'lag_21': 0.9056432672672504, 'lag_22': 0.6198407253315418, 'lag_23': 0.5601854987547643, 'lag_24': 0.7302063288443887, 'lag_25': 0.9496337285205931, 'lag_26': 0.3823257584826937, 'lag_27': 0.32499174257553415, 'lag_28': 0.6724399659206132}. Best is trial 45 with value: 0.01997783443171456.
[I 2025-09-29 11:59:00,097] Trial 80 finished with value: 0.020280849990882296 and parameters: {'lag_0': 0.8278946806172479, 'lag_1': 0.011660254645307622, 'lag_2': 0.694513192542987, 'lag_3': 0.0435131143737873, 'lag_4': 0.5994733875866795, 'lag_5': 0.9438493187460985, 'lag_6': 0.23420854798514185, 'lag_7': 0.41248202619170166, 'lag_8': 0.41454165929459097, 'lag_9': 0.5780086874560592, 'lag_10': 0.8557389269098487, 'lag_11': 0.31843920120910935, 'lag_12': 0.3991665888366165, 'lag_13': 0.8874076384630785, 'lag_14': 0.5277262534977175, 'lag_15': 0.10047156862475294, 'lag_16': 0.979689775530833, 'lag_17': 0.41398090602818327, 'lag_18': 0.34319693629935016, 'lag_19': 0.14804966351534504, 'lag_20': 0.9340038448701253, 'lag_21': 0.4066968803329348, 'lag_22': 0.3862513803102445, 'lag_23': 0.4481499415613815, 'lag_24': 0.896240909283915, 'lag_25': 0.837860132798468, 'lag_26': 0.31924964425978364, 'lag_27': 0.9499742701741437, 'lag_28': 0.7684540820988142}. Best is trial 45 with value: 0.01997783443171456.
[I 2025-09-29 11:59:02,416] Trial 81 finished with value: 0.02031129284653469 and parameters: {'lag_0': 0.6273597410118764, 'lag_1': 0.9253585855920082, 'lag_2': 0.03151349505446012, 'lag_3': 0.34478935363364194, 'lag_4': 0.7215142517139242, 'lag_5': 0.6883788121708091, 'lag_6': 0.29137433532997625, 'lag_7': 0.16936331501209417, 'lag_8': 0.3875203779921508, 'lag_9': 0.11893662908883898, 'lag_10': 0.7706234984199899, 'lag_11': 0.03245336374415218, 'lag_12': 0.5897738886963565, 'lag_13': 0.4286618074832177, 'lag_14': 0.45809128100011953, 'lag_15': 0.10211505309789581, 'lag_16': 0.6969431981116067, 'lag_17': 0.6348428470813613, 'lag_18': 0.9430042369099658, 'lag_19': 0.3571424347727807, 'lag_20': 0.4681908888844783, 'lag_21': 0.8388807766840216, 'lag_22': 0.7003335367762072, 'lag_23': 0.5577318254811277, 'lag_24': 0.8407407876128146, 'lag_25': 0.29120350339384077, 'lag_26': 0.4621012579902843, 'lag_27': 0.52118200459499, 'lag_28': 0.6325978327177886}. Best is trial 45 with value: 0.01997783443171456.
[I 2025-09-29 11:59:04,735] Trial 82 finished with value: 0.020566533243283714 and parameters: {'lag_0': 0.7726166756801508, 'lag_1': 0.9226382712540029, 'lag_2': 0.022658832847966603, 'lag_3': 0.3698846447684736, 'lag_4': 0.7725651993871565, 'lag_5': 0.6517546714358504, 'lag_6': 0.4069926404996554, 'lag_7': 0.26424082199757504, 'lag_8': 0.30954178179679265, 'lag_9': 0.09604193626649396, 'lag_10': 0.8917203521203597, 'lag_11': 0.11059418353525259, 'lag_12': 0.5876074056429751, 'lag_13': 0.9994895871742823, 'lag_14': 0.36837053629179756, 'lag_15': 0.03127070358015133, 'lag_16': 0.7469528331067703, 'lag_17': 0.6109604554429131, 'lag_18': 0.8911232798578981, 'lag_19': 0.37042551485016006, 'lag_20': 0.5088585512527619, 'lag_21': 0.8087270656728762, 'lag_22': 0.7192731847202952, 'lag_23': 0.5404835794221945, 'lag_24': 0.8133865766408214, 'lag_25': 0.3998359987774142, 'lag_26': 0.4381781171410277, 'lag_27': 0.49687056710614996, 'lag_28': 0.5971599284186127}. Best is trial 45 with value: 0.01997783443171456.
[I 2025-09-29 11:59:07,071] Trial 83 finished with value: 0.020587246303897418 and parameters: {'lag_0': 0.7636550034111469, 'lag_1': 0.972789649546343, 'lag_2': 0.05973621238151448, 'lag_3': 0.41931745458219616, 'lag_4': 0.7153009952210627, 'lag_5': 0.5894321608227202, 'lag_6': 0.3223253265141867, 'lag_7': 0.14392784992778912, 'lag_8': 0.3676785774689326, 'lag_9': 0.19392363215616537, 'lag_10': 0.7821255033975993, 'lag_11': 0.03737405129881832, 'lag_12': 0.7465919974181813, 'lag_13': 0.4429106582685085, 'lag_14': 0.5102824819129528, 'lag_15': 0.09221308975162257, 'lag_16': 0.7043642830019087, 'lag_17': 0.6866843912449317, 'lag_18': 0.8652250726802122, 'lag_19': 0.25139444268433636, 'lag_20': 0.2962717291880392, 'lag_21': 0.43958908496513865, 'lag_22': 0.6601208842404854, 'lag_23': 0.6964041263430608, 'lag_24': 0.7709180073191626, 'lag_25': 0.017239176220350375, 'lag_26': 0.4981190691398263, 'lag_27': 0.45298461110335486, 'lag_28': 0.5242360734655008}. Best is trial 45 with value: 0.01997783443171456.
[I 2025-09-29 11:59:09,391] Trial 84 finished with value: 0.020281962936355286 and parameters: {'lag_0': 0.6841886769427592, 'lag_1': 0.9006282222542938, 'lag_2': 0.007656823628933263, 'lag_3': 0.47180077082910993, 'lag_4': 0.8258616894027098, 'lag_5': 0.7423527203840734, 'lag_6': 0.17731456019741665, 'lag_7': 0.02409123803592808, 'lag_8': 0.4523991965880199, 'lag_9': 0.06672124015322546, 'lag_10': 0.8258420585518556, 'lag_11': 0.08647881859186549, 'lag_12': 0.7181338157803525, 'lag_13': 0.32854921258686964, 'lag_14': 0.4438774607025273, 'lag_15': 0.05307641878611946, 'lag_16': 0.6614198798300752, 'lag_17': 0.545486737984416, 'lag_18': 0.8256613721786735, 'lag_19': 0.31233179073545014, 'lag_20': 0.45699183365705465, 'lag_21': 0.8808540593870999, 'lag_22': 0.5259498584658657, 'lag_23': 0.49949006716193484, 'lag_24': 0.8775244705102773, 'lag_25': 0.17579044819410722, 'lag_26': 0.975303454324347, 'lag_27': 0.530986883853813, 'lag_28': 0.5758895474554746}. Best is trial 45 with value: 0.01997783443171456.
[I 2025-09-29 11:59:11,710] Trial 85 finished with value: 0.02055772235602157 and parameters: {'lag_0': 0.7202505046494379, 'lag_1': 0.9415774214494227, 'lag_2': 0.09551464560651052, 'lag_3': 0.29196500183745067, 'lag_4': 0.6925225460273844, 'lag_5': 0.11593863164842247, 'lag_6': 0.28552126248756843, 'lag_7': 0.5991794575002748, 'lag_8': 0.6417930933743701, 'lag_9': 0.11817215825401325, 'lag_10': 0.9136595440108268, 'lag_11': 0.5013774499737781, 'lag_12': 0.6178691323912439, 'lag_13': 0.5544452965836302, 'lag_14': 0.4051218153278186, 'lag_15': 0.16612987818006641, 'lag_16': 0.013793223147894329, 'lag_17': 0.5856304003544311, 'lag_18': 0.79656461880527, 'lag_19': 0.34422229188239456, 'lag_20': 0.6008326104640257, 'lag_21': 0.15487194006399804, 'lag_22': 0.8688075189306846, 'lag_23': 0.31617429375033995, 'lag_24': 0.9294844371109187, 'lag_25': 0.9837414937084248, 'lag_26': 0.4773497152947684, 'lag_27': 0.6361233271801299, 'lag_28': 0.45720636465000764}. Best is trial 45 with value: 0.01997783443171456.
[I 2025-09-29 11:59:14,202] Trial 86 finished with value: 0.02114679807896116 and parameters: {'lag_0': 0.38028124829138504, 'lag_1': 0.8336308283147742, 'lag_2': 0.15038247643884226, 'lag_3': 0.2716565099508112, 'lag_4': 0.15493790616045572, 'lag_5': 0.6818234878175202, 'lag_6': 0.20851709317455702, 'lag_7': 0.12135603946868392, 'lag_8': 0.5241044738973423, 'lag_9': 0.03135904473705383, 'lag_10': 0.8053871721404191, 'lag_11': 0.17888686942623816, 'lag_12': 0.542341933064328, 'lag_13': 0.9668882826638916, 'lag_14': 0.570629643580242, 'lag_15': 0.6444859679589408, 'lag_16': 0.6402983838120478, 'lag_17': 0.5555057569655812, 'lag_18': 0.9371161681893542, 'lag_19': 0.038708149983614236, 'lag_20': 0.37734165061631264, 'lag_21': 0.4825834245408823, 'lag_22': 0.7116866109282092, 'lag_23': 0.6081358413916731, 'lag_24': 0.46732720505834247, 'lag_25': 0.9307764198169656, 'lag_26': 0.4065442022033734, 'lag_27': 0.5981858920074816, 'lag_28': 0.6570276723903667}. Best is trial 45 with value: 0.01997783443171456.
