[I 2025-09-29 11:53:35,960] Trial 40 finished with value: 0.007347414471977408 and parameters: {'lag_0': 0.056829309001818096, 'lag_1': 0.4351622348071194, 'lag_2': 0.508873656070621, 'lag_3': 0.7251065392428768, 'lag_4': 0.7443232342715562, 'lag_5': 0.3471272404557921, 'lag_6': 0.3380450121169232, 'lag_7': 0.9154261084123301, 'lag_8': 0.9778665278802364, 'lag_9': 0.28999624579219535, 'lag_10': 0.5836767627803361, 'lag_11': 0.02895891013635671, 'lag_12': 0.22028046023333558, 'lag_13': 0.9005673421088854, 'lag_14': 0.7571131555448156, 'lag_15': 0.34595534615589896, 'lag_16': 0.4197898866831878, 'lag_17': 0.9304605362388421, 'lag_18': 0.5352106245896431, 'lag_19': 0.7355003585565958, 'lag_20': 0.9986696387280685, 'lag_21': 0.5698274378357657, 'lag_22': 0.987885694785525, 'lag_23': 0.9620851090581284, 'lag_24': 0.10465415369463582, 'lag_25': 0.7015484195120525, 'lag_26': 0.18405340311651586, 'lag_27': 0.056635047174813935, 'lag_28': 0.06170918058110664}. Best is trial 28 with value: 0.007000361018162167.
[I 2025-09-29 11:53:38,263] Trial 41 finished with value: 0.007231178134046152 and parameters: {'lag_0': 0.06260297269561332, 'lag_1': 0.5674540668216845, 'lag_2': 0.44355170605728567, 'lag_3': 0.8937935558937399, 'lag_4': 0.6129665477448307, 'lag_5': 0.20979765775542136, 'lag_6': 0.23600463699843946, 'lag_7': 0.7834239335273951, 'lag_8': 0.5342092519520869, 'lag_9': 0.44599727856739735, 'lag_10': 0.6730251001976923, 'lag_11': 0.14810556763407376, 'lag_12': 0.11683097974607458, 'lag_13': 0.619038926262995, 'lag_14': 0.12337334721550197, 'lag_15': 0.27875757393182277, 'lag_16': 0.3327060267467242, 'lag_17': 0.7058553109573129, 'lag_18': 0.716305471382504, 'lag_19': 0.31562904740213227, 'lag_20': 0.8518019008989816, 'lag_21': 0.6350447666704182, 'lag_22': 0.9144756809688036, 'lag_23': 0.787494432219084, 'lag_24': 0.38968281480934375, 'lag_25': 0.6450109789683385, 'lag_26': 0.3559413802690907, 'lag_27': 0.17863801953596503, 'lag_28': 0.21602274275195354}. Best is trial 28 with value: 0.007000361018162167.
[I 2025-09-29 11:53:40,676] Trial 42 finished with value: 0.00749830573451161 and parameters: {'lag_0': 0.14462789150116162, 'lag_1': 0.8908526537093349, 'lag_2': 0.39210627829915684, 'lag_3': 0.7271740735169745, 'lag_4': 0.6765156849481553, 'lag_5': 0.11356252133579522, 'lag_6': 0.38971729338033734, 'lag_7': 0.9997113262729405, 'lag_8': 0.41282623400229734, 'lag_9': 0.1266054092867316, 'lag_10': 0.8569318509803634, 'lag_11': 0.05844564195437762, 'lag_12': 0.08172570171785169, 'lag_13': 0.5540120635691158, 'lag_14': 0.1186754460428825, 'lag_15': 0.07841962042680625, 'lag_16': 0.4296355818473585, 'lag_17': 0.8104484004979366, 'lag_18': 0.561258462121063, 'lag_19': 0.17129132416836482, 'lag_20': 0.8187146921591246, 'lag_21': 0.6676873175596004, 'lag_22': 0.7946611689230728, 'lag_23': 0.670571254081826, 'lag_24': 0.28414454261419564, 'lag_25': 0.5432283065217833, 'lag_26': 0.22579085252113384, 'lag_27': 0.045380398387684345, 'lag_28': 0.10849510016174407}. Best is trial 28 with value: 0.007000361018162167.
[I 2025-09-29 11:53:42,996] Trial 43 finished with value: 0.00739456114133522 and parameters: {'lag_0': 0.38482423429562695, 'lag_1': 0.4764714375538803, 'lag_2': 0.586400366567148, 'lag_3': 0.5473250977350868, 'lag_4': 0.5395537973185764, 'lag_5': 0.062138522975278276, 'lag_6': 0.2884551533720429, 'lag_7': 0.8806728626294105, 'lag_8': 0.43434536739447394, 'lag_9': 0.28785232498500746, 'lag_10': 0.7690920546525429, 'lag_11': 0.07769940114219585, 'lag_12': 0.15184096740261438, 'lag_13': 0.3501988790599532, 'lag_14': 0.2384269777920273, 'lag_15': 0.4721340370719894, 'lag_16': 0.6077191764649272, 'lag_17': 0.747982301316201, 'lag_18': 0.4456477241419426, 'lag_19': 0.037913119030681286, 'lag_20': 0.4362999572077115, 'lag_21': 0.7981328271384123, 'lag_22': 0.9066658846809856, 'lag_23': 0.8381422423297227, 'lag_24': 0.5396628280044824, 'lag_25': 0.6025804945660967, 'lag_26': 0.5353546775291578, 'lag_27': 0.12674767876540524, 'lag_28': 0.05298431231296449}. Best is trial 28 with value: 0.007000361018162167.
[I 2025-09-29 11:53:45,304] Trial 44 finished with value: 0.007139887392068683 and parameters: {'lag_0': 0.3197948658176587, 'lag_1': 0.32585151651506883, 'lag_2': 0.3241613197221026, 'lag_3': 0.8401657536417779, 'lag_4': 0.8540403798252612, 'lag_5': 0.17294456510191028, 'lag_6': 0.6118337218862311, 'lag_7': 0.025011081175840666, 'lag_8': 0.21292774030029796, 'lag_9': 0.20123890075244905, 'lag_10': 0.7153914148329864, 'lag_11': 0.0007746447277020563, 'lag_12': 0.002487551552217651, 'lag_13': 0.7222949776558293, 'lag_14': 0.06642932151721778, 'lag_15': 0.1571567306776642, 'lag_16': 0.5179984155789682, 'lag_17': 0.5375321576567903, 'lag_18': 0.5062887241540929, 'lag_19': 0.19209871548223578, 'lag_20': 0.5894272166220775, 'lag_21': 0.72428830050077, 'lag_22': 0.6802477698834464, 'lag_23': 0.7393932735192853, 'lag_24': 0.4522699712465391, 'lag_25': 0.8242213856955853, 'lag_26': 0.060123774730632296, 'lag_27': 0.2841480344322143, 'lag_28': 0.27421872502680184}. Best is trial 28 with value: 0.007000361018162167.
[I 2025-09-29 11:53:47,611] Trial 45 finished with value: 0.007326917545985687 and parameters: {'lag_0': 0.03199453348393694, 'lag_1': 0.648107266305594, 'lag_2': 0.7074746407341169, 'lag_3': 0.45192612534666793, 'lag_4': 0.44284905715772466, 'lag_5': 0.29082370203466673, 'lag_6': 0.4913580807674358, 'lag_7': 0.6278687536125243, 'lag_8': 0.6766292464450443, 'lag_9': 0.5531577955529684, 'lag_10': 0.5909110444205504, 'lag_11': 0.24415258785474803, 'lag_12': 0.7059239774368808, 'lag_13': 0.2605694949705897, 'lag_14': 0.3332040754254697, 'lag_15': 0.24278067962557467, 'lag_16': 0.22070508999626176, 'lag_17': 0.8360820001210283, 'lag_18': 0.6404822607821106, 'lag_19': 0.003715309610338613, 'lag_20': 0.6897959891199206, 'lag_21': 0.47318734152905795, 'lag_22': 0.9516431646241619, 'lag_23': 0.8769055429882153, 'lag_24': 0.3686195248182651, 'lag_25': 0.6928354991478791, 'lag_26': 0.6161170854738531, 'lag_27': 0.39327579167845894, 'lag_28': 0.15195042362921024}. Best is trial 28 with value: 0.007000361018162167.
[I 2025-09-29 11:53:49,923] Trial 46 finished with value: 0.006960064144027322 and parameters: {'lag_0': 0.2331115598611887, 'lag_1': 0.7331401889184987, 'lag_2': 0.4733845616518647, 'lag_3': 0.308392186017392, 'lag_4': 0.5844052337445954, 'lag_5': 0.40098718740999106, 'lag_6': 0.06344938492729522, 'lag_7': 0.5437213082026116, 'lag_8': 0.31894385413539666, 'lag_9': 0.08532878596492374, 'lag_10': 0.18605499564818156, 'lag_11': 0.9789625325975718, 'lag_12': 0.23928258465348765, 'lag_13': 0.8008284854126708, 'lag_14': 0.4475905505387682, 'lag_15': 0.5456037268294452, 'lag_16': 0.6896127320480964, 'lag_17': 0.6443432525780712, 'lag_18': 0.8157563377286989, 'lag_19': 0.42250891542864866, 'lag_20': 0.25372631510058996, 'lag_21': 0.3904996208227893, 'lag_22': 0.4792102483421468, 'lag_23': 0.7006209694014043, 'lag_24': 0.6050473891140431, 'lag_25': 0.534570845198323, 'lag_26': 0.1451038099664033, 'lag_27': 0.10448546184011132, 'lag_28': 0.46654364622179856}. Best is trial 46 with value: 0.006960064144027322.
[I 2025-09-29 11:53:52,228] Trial 47 finished with value: 0.007241546245418011 and parameters: {'lag_0': 0.22447671624201493, 'lag_1': 0.7394939445131596, 'lag_2': 0.4698288765579537, 'lag_3': 0.33181154798625495, 'lag_4': 0.5724561410624242, 'lag_5': 0.40866169302018307, 'lag_6': 0.04874425095176523, 'lag_7': 0.35431258682697675, 'lag_8': 0.05666156662573968, 'lag_9': 0.04072565987464379, 'lag_10': 0.14486527685670614, 'lag_11': 0.9769462094507706, 'lag_12': 0.25286162560165004, 'lag_13': 0.8093403899911831, 'lag_14': 0.5230524320676453, 'lag_15': 0.6128509839278616, 'lag_16': 0.7794748824930436, 'lag_17': 0.6088795709159064, 'lag_18': 0.9280560628243993, 'lag_19': 0.42391018527350033, 'lag_20': 0.9341036393742979, 'lag_21': 0.38692015412226594, 'lag_22': 0.49089949416916534, 'lag_23': 0.791584787590862, 'lag_24': 0.6996586548909984, 'lag_25': 0.5107629388588474, 'lag_26': 0.1407346685624265, 'lag_27': 0.04895400207266774, 'lag_28': 0.43447293296415396}. Best is trial 46 with value: 0.006960064144027322.
[I 2025-09-29 11:53:54,538] Trial 48 finished with value: 0.0073199035455880235 and parameters: {'lag_0': 0.10674716113139462, 'lag_1': 0.7926908444926252, 'lag_2': 0.6643158466362098, 'lag_3': 0.5642470897326786, 'lag_4': 0.7325700096193505, 'lag_5': 0.5597922623300959, 'lag_6': 0.2184210733810347, 'lag_7': 0.5455374811896312, 'lag_8': 0.16995703042404683, 'lag_9': 0.28986018617062403, 'lag_10': 0.9238216779509787, 'lag_11': 0.8777300319649015, 'lag_12': 0.21546457460583035, 'lag_13': 0.9308249256691788, 'lag_14': 0.9932107779384531, 'lag_15': 0.7567143760009527, 'lag_16': 0.5568568852265336, 'lag_17': 0.36951473065139584, 'lag_18': 0.8273975129370246, 'lag_19': 0.5262131887563879, 'lag_20': 0.2517544527285811, 'lag_21': 0.30304167167378215, 'lag_22': 0.6963255045048754, 'lag_23': 0.7056219873325384, 'lag_24': 0.6096411742693006, 'lag_25': 0.2766959890328033, 'lag_26': 0.09153581981748318, 'lag_27': 0.08205886652122385, 'lag_28': 0.5157797989667209}. Best is trial 46 with value: 0.006960064144027322.
[I 2025-09-29 11:53:56,846] Trial 49 finished with value: 0.007315051870871464 and parameters: {'lag_0': 0.06874555478460256, 'lag_1': 0.9483347699006884, 'lag_2': 0.5406585694529249, 'lag_3': 0.3444830148529483, 'lag_4': 0.6296112807244525, 'lag_5': 0.447625285673193, 'lag_6': 0.08029691683369414, 'lag_7': 0.6628032623824865, 'lag_8': 0.530016020157846, 'lag_9': 0.16713933577127882, 'lag_10': 0.9953085619541221, 'lag_11': 0.8048079776567928, 'lag_12': 0.5733792773022481, 'lag_13': 0.7211363697778062, 'lag_14': 0.5901751586906043, 'lag_15': 0.5149514899672153, 'lag_16': 0.4580161741959655, 'lag_17': 0.4939236774261138, 'lag_18': 0.28681868630560703, 'lag_19': 0.3966323029553775, 'lag_20': 0.33558940501141743, 'lag_21': 0.2247215962563669, 'lag_22': 0.5792714698113948, 'lag_23': 0.6353853935336845, 'lag_24': 0.8410671828045986, 'lag_25': 0.0164525319940258, 'lag_26': 0.003975288494755924, 'lag_27': 0.014894157622407173, 'lag_28': 0.8205716267576942}. Best is trial 46 with value: 0.006960064144027322.
[I 2025-09-29 11:53:59,156] Trial 50 finished with value: 0.007373230425586667 and parameters: {'lag_0': 0.1592668623405704, 'lag_1': 0.8483082688193174, 'lag_2': 0.07132235180513094, 'lag_3': 0.46108429864104483, 'lag_4': 0.47306041735576754, 'lag_5': 0.3152431835462637, 'lag_6': 0.15550104914451923, 'lag_7': 0.8028260893643693, 'lag_8': 0.3253517192711135, 'lag_9': 0.0038015807845691446, 'lag_10': 0.34516780674312675, 'lag_11': 0.15933251813591967, 'lag_12': 0.2933688392431214, 'lag_13': 0.7936375371307169, 'lag_14': 0.6796853433827116, 'lag_15': 0.45617575073143846, 'lag_16': 0.10577907736230763, 'lag_17': 0.8690458638740206, 'lag_18': 0.7810181609004055, 'lag_19': 0.35442887467918727, 'lag_20': 0.006637676402575354, 'lag_21': 0.4067480122097363, 'lag_22': 0.027162303143734412, 'lag_23': 0.5580944547722728, 'lag_24': 0.5642519547964417, 'lag_25': 0.3985189419159567, 'lag_26': 0.17039476821684382, 'lag_27': 0.11271142441999259, 'lag_28': 0.6333677864324165}. Best is trial 46 with value: 0.006960064144027322.
[I 2025-09-29 11:54:01,475] Trial 51 finished with value: 0.007507976479479888 and parameters: {'lag_0': 0.34072953232676934, 'lag_1': 0.5956784188914154, 'lag_2': 0.24108812706166852, 'lag_3': 0.6778280565140875, 'lag_4': 0.37896670967408314, 'lag_5': 0.05101084009826024, 'lag_6': 0.11644610039943293, 'lag_7': 0.47812947319471755, 'lag_8': 0.39697805467186253, 'lag_9': 0.08700003190344974, 'lag_10': 0.023447529398007316, 'lag_11': 0.5128400092392469, 'lag_12': 0.05273407083106507, 'lag_13': 0.8271175626010981, 'lag_14': 0.4617982486826869, 'lag_15': 0.5391551260314158, 'lag_16': 0.6611639824992418, 'lag_17': 0.6494467056771824, 'lag_18': 0.7258688776466988, 'lag_19': 0.29350923315185484, 'lag_20': 0.21933594716757226, 'lag_21': 0.5388516101302933, 'lag_22': 0.46659796666225695, 'lag_23': 0.7660652220093653, 'lag_24': 0.4688769808672023, 'lag_25': 0.6069382797937303, 'lag_26': 0.26227145463777896, 'lag_27': 0.18315296864859126, 'lag_28': 0.48732098454042966}. Best is trial 46 with value: 0.006960064144027322.
[I 2025-09-29 11:54:03,783] Trial 52 finished with value: 0.0074941237537138996 and parameters: {'lag_0': 0.2527094795738263, 'lag_1': 0.6616568565733272, 'lag_2': 0.3668159061502029, 'lag_3': 0.2683167640374168, 'lag_4': 0.25846038628401496, 'lag_5': 0.0014825413018558391, 'lag_6': 0.04442066933648639, 'lag_7': 0.42257347249841437, 'lag_8': 0.23518983434633772, 'lag_9': 0.35924106883247064, 'lag_10': 0.2084243484530377, 'lag_11': 0.40842176559068394, 'lag_12': 0.11369344706832622, 'lag_13': 0.5971770448564461, 'lag_14': 0.4998781476084967, 'lag_15': 0.09796534474561994, 'lag_16': 0.7073194563777927, 'lag_17': 0.564747558210178, 'lag_18': 0.7956561797394736, 'lag_19': 0.9197992827356234, 'lag_20': 0.3841849433286503, 'lag_21': 0.6394518534870807, 'lag_22': 0.2943734513452161, 'lag_23': 0.7007362209607964, 'lag_24': 0.4117815800836645, 'lag_25': 0.5517436074564509, 'lag_26': 0.20100044897826724, 'lag_27': 0.2588636622909077, 'lag_28': 0.3700607375374558}. Best is trial 46 with value: 0.006960064144027322.
[I 2025-09-29 11:54:06,095] Trial 53 finished with value: 0.0069811260561132 and parameters: {'lag_0': 0.39744278024006613, 'lag_1': 0.4070960819821452, 'lag_2': 0.4773389831771515, 'lag_3': 0.20058254706498418, 'lag_4': 0.8188309989180034, 'lag_5': 0.36800070550609026, 'lag_6': 0.16020492264463781, 'lag_7': 0.7414790621272463, 'lag_8': 0.28181374359824984, 'lag_9': 0.4489467961557369, 'lag_10': 0.1441527872589277, 'lag_11': 0.2058816002708415, 'lag_12': 0.04417261730632317, 'lag_13': 0.42415939739963676, 'lag_14': 0.30286053291041437, 'lag_15': 0.5658435113144535, 'lag_16': 0.614670299354665, 'lag_17': 0.7234938764712968, 'lag_18': 0.05007191095562369, 'lag_19': 0.22678088330843968, 'lag_20': 0.17721006118557775, 'lag_21': 0.5845690740809639, 'lag_22': 0.3627732802077692, 'lag_23': 0.8349414662334984, 'lag_24': 0.24554095718475152, 'lag_25': 0.6733552010313388, 'lag_26': 0.12124835228602764, 'lag_27': 0.22668764130568111, 'lag_28': 0.4287218029508105}. Best is trial 46 with value: 0.006960064144027322.
[I 2025-09-29 11:54:08,404] Trial 54 finished with value: 0.007098212268215382 and parameters: {'lag_0': 0.44488170563453183, 'lag_1': 0.40151550748061426, 'lag_2': 0.4663132902488256, 'lag_3': 0.22241118242390895, 'lag_4': 0.8897077339660664, 'lag_5': 0.3935438472681114, 'lag_6': 0.3592599121073783, 'lag_7': 0.9064338903394373, 'lag_8': 0.2738374870190418, 'lag_9': 0.44814511449702377, 'lag_10': 0.15445488740412572, 'lag_11': 0.22770929816332078, 'lag_12': 0.4458146660414661, 'lag_13': 0.4814180545044519, 'lag_14': 0.3033771086821386, 'lag_15': 0.5827622241596349, 'lag_16': 0.5830252763909821, 'lag_17': 0.7281163418528099, 'lag_18': 0.13022267781046848, 'lag_19': 0.24361369465517163, 'lag_20': 0.14299114276995917, 'lag_21': 0.5863038751448871, 'lag_22': 0.44194943131357645, 'lag_23': 0.9259654969639775, 'lag_24': 0.2232067990796342, 'lag_25': 0.6783986791369444, 'lag_26': 0.05086625046599097, 'lag_27': 0.3333149286233285, 'lag_28': 0.7152492975921977}. Best is trial 46 with value: 0.006960064144027322.
[I 2025-09-29 11:54:10,713] Trial 55 finished with value: 0.0074431931933595305 and parameters: {'lag_0': 0.5392673861109831, 'lag_1': 0.49061616121910934, 'lag_2': 0.42865542761174835, 'lag_3': 0.1201393176948018, 'lag_4': 0.9804461994233739, 'lag_5': 0.4802832003358446, 'lag_6': 0.16783523201756786, 'lag_7': 0.8323499846702217, 'lag_8': 0.4746049167313399, 'lag_9': 0.26038369596090677, 'lag_10': 0.0815465102061626, 'lag_11': 0.18555568113851678, 'lag_12': 0.0470440769735281, 'lag_13': 0.5337979400410107, 'lag_14': 0.4136312300485117, 'lag_15': 0.6737295192335997, 'lag_16': 0.6240230892592148, 'lag_17': 0.8008410871957496, 'lag_18': 0.06359973180723011, 'lag_19': 0.43970500038188565, 'lag_20': 0.06534219454326695, 'lag_21': 0.5103460116752521, 'lag_22': 0.35054018074053284, 'lag_23': 0.8449335513012599, 'lag_24': 0.9937690699556496, 'lag_25': 0.7555436637860635, 'lag_26': 0.12053694185363578, 'lag_27': 0.15511339492264525, 'lag_28': 0.43281090723918336}. Best is trial 46 with value: 0.006960064144027322.
[I 2025-09-29 11:54:13,030] Trial 56 finished with value: 0.007187893064712849 and parameters: {'lag_0': 0.023461799179232405, 'lag_1': 0.13871170054566073, 'lag_2': 0.5775477295326148, 'lag_3': 0.1881946869303204, 'lag_4': 0.7996165473732046, 'lag_5': 0.36490411254966093, 'lag_6': 0.2650003674232289, 'lag_7': 0.7373050404650081, 'lag_8': 0.3443388795723975, 'lag_9': 0.4315601317640231, 'lag_10': 0.3215274867218002, 'lag_11': 0.6527466788683594, 'lag_12': 0.0989889427024725, 'lag_13': 0.36214081830586875, 'lag_14': 0.4573284826200952, 'lag_15': 0.6883439100300114, 'lag_16': 0.38397357640639196, 'lag_17': 0.6456145760917517, 'lag_18': 0.046363494353245036, 'lag_19': 0.6310378580430058, 'lag_20': 0.18472927787964355, 'lag_21': 0.46230031512997416, 'lag_22': 0.2169725070329182, 'lag_23': 0.10269621933347678, 'lag_24': 0.348989319648365, 'lag_25': 0.46800675884315696, 'lag_26': 0.09115726566474495, 'lag_27': 0.31128144166448946, 'lag_28': 0.04446929852761755}. Best is trial 46 with value: 0.006960064144027322.
[I 2025-09-29 11:54:15,345] Trial 57 finished with value: 0.007238775564080878 and parameters: {'lag_0': 0.40103555763047233, 'lag_1': 0.4252299871561364, 'lag_2': 0.6352559851003801, 'lag_3': 0.043557344620912, 'lag_4': 0.9234736856528638, 'lag_5': 0.5366240474455348, 'lag_6': 0.1985223472597512, 'lag_7': 0.6039455831153556, 'lag_8': 0.1557340208021579, 'lag_9': 0.23205428869064926, 'lag_10': 0.6789142920262579, 'lag_11': 0.2758025196024644, 'lag_12': 0.14379794612590194, 'lag_13': 0.1865130521772309, 'lag_14': 0.9299132283615668, 'lag_15': 0.5577335779445942, 'lag_16': 0.5412529198488725, 'lag_17': 0.9460526558821533, 'lag_18': 0.4041040357328337, 'lag_19': 0.49860796051124645, 'lag_20': 0.26853454050826625, 'lag_21': 0.34148961990627447, 'lag_22': 0.881171487024965, 'lag_23': 0.8132904276578737, 'lag_24': 0.2709689770229974, 'lag_25': 0.5420251675634664, 'lag_26': 0.7697928726436575, 'lag_27': 0.2270025852579458, 'lag_28': 0.12590153794623526}. Best is trial 46 with value: 0.006960064144027322.
[I 2025-09-29 11:54:17,651] Trial 58 finished with value: 0.007214528046286623 and parameters: {'lag_0': 0.2039816645541439, 'lag_1': 0.3229205005579646, 'lag_2': 0.9017875457827765, 'lag_3': 0.7895147660047995, 'lag_4': 0.7924962599853819, 'lag_5': 0.6009047243724442, 'lag_6': 0.7614516950909964, 'lag_7': 0.7537754006220063, 'lag_8': 0.4550515112373854, 'lag_9': 0.3634983763453299, 'lag_10': 0.7898267371413752, 'lag_11': 0.9998458149493075, 'lag_12': 0.19272045807945348, 'lag_13': 0.8775788015224137, 'lag_14': 0.21373091437082542, 'lag_15': 0.4911083297161957, 'lag_16': 0.774612533622221, 'lag_17': 0.786552319945645, 'lag_18': 0.1932903883889394, 'lag_19': 0.5501024648243499, 'lag_20': 0.11689930564900183, 'lag_21': 0.5979175365796625, 'lag_22': 0.643374622009218, 'lag_23': 0.8660654768770537, 'lag_24': 0.16746321782546625, 'lag_25': 0.6651472014050299, 'lag_26': 0.14597115740833633, 'lag_27': 0.11003191152979891, 'lag_28': 0.5556070441245801}. Best is trial 46 with value: 0.006960064144027322.
[I 2025-09-29 11:54:19,962] Trial 59 finished with value: 0.0073882292539951076 and parameters: {'lag_0': 0.48511426798656065, 'lag_1': 0.740765044999401, 'lag_2': 0.4956594318351467, 'lag_3': 0.3792403442067172, 'lag_4': 0.3209397197605059, 'lag_5': 0.2341787645304219, 'lag_6': 0.134039181605198, 'lag_7': 0.5373114521188788, 'lag_8': 0.6005630666673895, 'lag_9': 0.5188000571688612, 'lag_10': 0.21536618819590111, 'lag_11': 0.07690800871959706, 'lag_12': 0.2546539008913003, 'lag_13': 0.07360574474160946, 'lag_14': 0.08324658980353802, 'lag_15': 0.03772260382843771, 'lag_16': 0.48864773581338605, 'lag_17': 0.720860385496837, 'lag_18': 0.255554404898373, 'lag_19': 0.1216085560398414, 'lag_20': 0.311883421546622, 'lag_21': 0.5403920355831326, 'lag_22': 0.5574377171752352, 'lag_23': 0.36747967547407634, 'lag_24': 0.16469826364563495, 'lag_25': 0.6127613404059946, 'lag_26': 0.28277418011695454, 'lag_27': 0.4448782802062954, 'lag_28': 0.2461069908506311}. Best is trial 46 with value: 0.006960064144027322.
[I 2025-09-29 11:54:22,277] Trial 60 finished with value: 0.006883536467104186 and parameters: {'lag_0': 0.8349445905810767, 'lag_1': 0.5575418776015836, 'lag_2': 0.28479837910714006, 'lag_3': 0.3062698831798726, 'lag_4': 0.5762444900978294, 'lag_5': 0.7056838069065974, 'lag_6': 0.023618352886176475, 'lag_7': 0.6905726299773827, 'lag_8': 0.5376491445326697, 'lag_9': 0.3296781707557604, 'lag_10': 0.11180682700082573, 'lag_11': 0.3591434911915132, 'lag_12': 0.03350551187272409, 'lag_13': 0.40081898307426744, 'lag_14': 0.2832762151724327, 'lag_15': 0.40832402773164195, 'lag_16': 0.5697685613168795, 'lag_17': 0.6876394315917198, 'lag_18': 0.57965357995993, 'lag_19': 0.2119623494023397, 'lag_20': 0.22890994971309597, 'lag_21': 0.0007994882661477853, 'lag_22': 0.792536992825347, 'lag_23': 0.9182608150190071, 'lag_24': 0.7992460002512259, 'lag_25': 0.1123276905822293, 'lag_26': 0.33259739581581516, 'lag_27': 0.9680133054692928, 'lag_28': 0.17564325360449293}. Best is trial 60 with value: 0.006883536467104186.
