2025-09-29 13:17:59,261 - distributed.nanny - INFO -         Start Nanny at: 'tcp://192.168.86.107:45184'
2025-09-29 13:18:00,618 - distributed.worker - INFO -       Start worker at: tcp://192.168.86.107:33242
2025-09-29 13:18:00,619 - distributed.worker - INFO -          Listening to: tcp://192.168.86.107:33242
2025-09-29 13:18:00,619 - distributed.worker - INFO -           Worker name:             SLURMCluster-0
2025-09-29 13:18:00,619 - distributed.worker - INFO -          dashboard at:       192.168.86.107:43246
2025-09-29 13:18:00,619 - distributed.worker - INFO - Waiting to connect to: tcp://192.168.86.101:42031
2025-09-29 13:18:00,619 - distributed.worker - INFO - -------------------------------------------------
2025-09-29 13:18:00,619 - distributed.worker - INFO -               Threads:                          1
2025-09-29 13:18:00,619 - distributed.worker - INFO -                Memory:                   9.31 GiB
2025-09-29 13:18:00,619 - distributed.worker - INFO -       Local Directory: /home1/zrentala/dask-worker-space/dask-scratch-space/worker-s2ht4kg2
2025-09-29 13:18:00,619 - distributed.worker - INFO - -------------------------------------------------
2025-09-29 13:18:00,953 - distributed.worker - INFO - Starting Worker plugin shuffle
2025-09-29 13:18:00,953 - distributed.worker - INFO -         Registered to: tcp://192.168.86.101:42031
2025-09-29 13:18:00,953 - distributed.worker - INFO - -------------------------------------------------
2025-09-29 13:18:00,954 - distributed.core - INFO - Starting established connection to tcp://192.168.86.101:42031
[I 2025-09-29 13:18:01,061] A new study created in memory with name: no-name-c02fd7b6-3ca5-46bc-a9dd-50fd9debecab
[I 2025-09-29 13:18:03,379] Trial 0 finished with value: 0.003168251023773887 and parameters: {'lag_0': 0.028079479554338063, 'lag_1': 0.17837880014061908, 'lag_2': 0.7904629849172048, 'lag_3': 0.904155850800592, 'lag_4': 0.47141113030247517, 'lag_5': 0.326881556003555, 'lag_6': 0.417859120325134, 'lag_7': 0.7099523246016691, 'lag_8': 0.37004328831057176, 'lag_9': 0.06321704205136852, 'lag_10': 0.49788511751736236, 'lag_11': 0.17577121897586004, 'lag_12': 0.31634714842370243, 'lag_13': 0.062148898775319976, 'lag_14': 0.22309301456301822, 'lag_15': 0.2987800595608197, 'lag_16': 0.9808081195756327, 'lag_17': 0.8960771820044389, 'lag_18': 0.8381554781618495, 'lag_19': 0.22198734229338604, 'lag_20': 0.05959684345504781, 'lag_21': 0.9792595915627358, 'lag_22': 0.15599029918183296, 'lag_23': 0.37953302208537926, 'lag_24': 0.9361915005749293, 'lag_25': 0.5101224956827294, 'lag_26': 0.5331471847269958, 'lag_27': 0.8716114418854115, 'lag_28': 0.17087128111328487}. Best is trial 0 with value: 0.003168251023773887.
[I 2025-09-29 13:18:05,721] Trial 1 finished with value: 0.003449576937657539 and parameters: {'lag_0': 0.9483625896638777, 'lag_1': 0.6997838911602834, 'lag_2': 0.7992301529239562, 'lag_3': 0.5338508793468175, 'lag_4': 0.39932396551230154, 'lag_5': 0.8666398411630936, 'lag_6': 0.15437152585092048, 'lag_7': 0.3818774024417682, 'lag_8': 0.0005637365153515484, 'lag_9': 0.12142672938756213, 'lag_10': 0.08414019718030383, 'lag_11': 0.3514716080538301, 'lag_12': 0.6762933439018946, 'lag_13': 0.17154086244545813, 'lag_14': 0.4617657324431823, 'lag_15': 0.184677014976907, 'lag_16': 0.707470651661381, 'lag_17': 0.07118543263080024, 'lag_18': 0.7497298681357506, 'lag_19': 0.8551763542554963, 'lag_20': 0.304119978467162, 'lag_21': 0.17184530192029854, 'lag_22': 0.21202199762186838, 'lag_23': 0.9155721234343885, 'lag_24': 0.18428854403445077, 'lag_25': 0.11021850467372585, 'lag_26': 0.14473002069850757, 'lag_27': 0.8269637989868303, 'lag_28': 0.6208567314087348}. Best is trial 0 with value: 0.003168251023773887.
[I 2025-09-29 13:18:08,035] Trial 2 finished with value: 0.0038340784091492235 and parameters: {'lag_0': 0.5905790836754266, 'lag_1': 0.27715985374684915, 'lag_2': 0.9249041118411129, 'lag_3': 0.46862467624165915, 'lag_4': 0.8519611153846057, 'lag_5': 0.41918084635507225, 'lag_6': 0.21733196234713004, 'lag_7': 0.7781714450408014, 'lag_8': 0.4119625811945385, 'lag_9': 0.1530045986421109, 'lag_10': 0.7578598129092127, 'lag_11': 0.5421539843999117, 'lag_12': 0.8764387855428223, 'lag_13': 0.27890587734378636, 'lag_14': 0.7553112275422512, 'lag_15': 0.8346452264463596, 'lag_16': 0.7447208591006873, 'lag_17': 0.9495195631898703, 'lag_18': 0.6506141999842121, 'lag_19': 0.8547450915901942, 'lag_20': 0.05090209318379598, 'lag_21': 0.04429683147524427, 'lag_22': 0.7042882887072701, 'lag_23': 0.5387542485379325, 'lag_24': 0.29913469040864166, 'lag_25': 0.8604859054599154, 'lag_26': 0.6882005649260017, 'lag_27': 0.16065988036238923, 'lag_28': 0.004028729928534253}. Best is trial 0 with value: 0.003168251023773887.
[I 2025-09-29 13:18:10,348] Trial 3 finished with value: 0.0033508571731788728 and parameters: {'lag_0': 0.12564302448584205, 'lag_1': 0.7640046133485979, 'lag_2': 0.8677387083735585, 'lag_3': 0.10422052061303817, 'lag_4': 0.9081726197790776, 'lag_5': 0.44516401427707236, 'lag_6': 0.47994782551248333, 'lag_7': 0.9775890474415738, 'lag_8': 0.4166330019227749, 'lag_9': 0.9160672778082287, 'lag_10': 0.8068616842529825, 'lag_11': 0.7001789406390777, 'lag_12': 0.23581676079121158, 'lag_13': 0.19769946419626389, 'lag_14': 0.8530791354293702, 'lag_15': 0.0633783952438794, 'lag_16': 0.7517257569068755, 'lag_17': 0.35922972444281304, 'lag_18': 0.49010416274321694, 'lag_19': 0.5270939038255802, 'lag_20': 0.16525499387325457, 'lag_21': 0.37889834621803087, 'lag_22': 0.7200129532862867, 'lag_23': 0.4242097577867832, 'lag_24': 0.7858891463312923, 'lag_25': 0.579336416877639, 'lag_26': 0.7812986974577598, 'lag_27': 0.36762152985248536, 'lag_28': 0.22245590673018145}. Best is trial 0 with value: 0.003168251023773887.
[I 2025-09-29 13:18:12,663] Trial 4 finished with value: 0.003486657774837279 and parameters: {'lag_0': 0.29410934699415886, 'lag_1': 0.41316342158201447, 'lag_2': 0.6137618827772717, 'lag_3': 0.35621557281898364, 'lag_4': 0.0893595901370731, 'lag_5': 0.5930802814493068, 'lag_6': 0.34476769214013453, 'lag_7': 0.4848126457098478, 'lag_8': 0.16628985637189583, 'lag_9': 0.2890022962180843, 'lag_10': 0.8932121045083099, 'lag_11': 0.7754471883782371, 'lag_12': 0.5784274324328487, 'lag_13': 0.2649476672239193, 'lag_14': 0.6661208588228753, 'lag_15': 0.9732031741079097, 'lag_16': 0.33357761346050635, 'lag_17': 0.4755156998982908, 'lag_18': 0.13428658173267877, 'lag_19': 0.18823550644174736, 'lag_20': 0.3188809519854044, 'lag_21': 0.139287219488295, 'lag_22': 0.6765194724914978, 'lag_23': 0.48934273590418864, 'lag_24': 0.5765913818767262, 'lag_25': 0.7330091509557916, 'lag_26': 0.6582690120245236, 'lag_27': 0.821116766666749, 'lag_28': 0.7432519506839481}. Best is trial 0 with value: 0.003168251023773887.
[I 2025-09-29 13:18:14,983] Trial 5 finished with value: 0.0034331395213135904 and parameters: {'lag_0': 0.03612513017810003, 'lag_1': 0.25221543872950447, 'lag_2': 0.85217581349274, 'lag_3': 0.9297977843562246, 'lag_4': 0.6955421850367604, 'lag_5': 0.6206023664478811, 'lag_6': 0.6912355550436088, 'lag_7': 0.03777127710292691, 'lag_8': 0.4126916022512568, 'lag_9': 0.874115962240045, 'lag_10': 0.2134335159096845, 'lag_11': 0.2775654632772712, 'lag_12': 0.6254901641134355, 'lag_13': 0.5079817450873193, 'lag_14': 0.5428669061238888, 'lag_15': 0.92414320557507, 'lag_16': 0.5390169216323509, 'lag_17': 0.6786998061165752, 'lag_18': 0.23459519479175264, 'lag_19': 0.28963879968520456, 'lag_20': 0.2737120797021374, 'lag_21': 0.6140597874782044, 'lag_22': 0.049880895799194434, 'lag_23': 0.9155844744306606, 'lag_24': 0.7022355896351543, 'lag_25': 0.4353318680573365, 'lag_26': 0.40847307029364277, 'lag_27': 0.38427224506534263, 'lag_28': 0.684252121146597}. Best is trial 0 with value: 0.003168251023773887.
[I 2025-09-29 13:18:17,295] Trial 6 finished with value: 0.0037333833124469002 and parameters: {'lag_0': 0.8173079504076579, 'lag_1': 0.9582794698100003, 'lag_2': 0.5745620221462974, 'lag_3': 0.815075923337817, 'lag_4': 0.6383964564712113, 'lag_5': 0.9467830731824278, 'lag_6': 0.8634943127200351, 'lag_7': 0.35248206670598803, 'lag_8': 0.14052570795798816, 'lag_9': 0.9639940251648857, 'lag_10': 0.9178594584793739, 'lag_11': 0.8732190299551097, 'lag_12': 0.8558733537990679, 'lag_13': 0.5301403388382172, 'lag_14': 0.7163171378199202, 'lag_15': 0.09137212240400751, 'lag_16': 0.025292046432843593, 'lag_17': 0.7615124983853444, 'lag_18': 0.2906842158477049, 'lag_19': 0.8955177576837456, 'lag_20': 0.8569182649653028, 'lag_21': 0.5171881568978365, 'lag_22': 0.898807657608032, 'lag_23': 0.17852894165320252, 'lag_24': 0.6011078374450864, 'lag_25': 0.45941962290400457, 'lag_26': 0.982982711951771, 'lag_27': 0.986747913614325, 'lag_28': 0.6625887391735519}. Best is trial 0 with value: 0.003168251023773887.
[I 2025-09-29 13:18:19,611] Trial 7 finished with value: 0.0033561480852884198 and parameters: {'lag_0': 0.18758894325680667, 'lag_1': 0.2109039549671793, 'lag_2': 0.5630591881864364, 'lag_3': 0.5579275046828441, 'lag_4': 0.7894204923906645, 'lag_5': 0.05519494969860261, 'lag_6': 0.44867479753095535, 'lag_7': 0.8144611548713971, 'lag_8': 0.6202308750604061, 'lag_9': 0.9487293512871916, 'lag_10': 0.28042495871109313, 'lag_11': 0.16166554888111176, 'lag_12': 0.8662320626553243, 'lag_13': 0.49058216173804825, 'lag_14': 0.6578742200302875, 'lag_15': 0.7189427242867872, 'lag_16': 0.28759452090724347, 'lag_17': 0.07346945614102081, 'lag_18': 0.04453629979865719, 'lag_19': 0.6776307921055217, 'lag_20': 0.5001984214950085, 'lag_21': 0.535066525508275, 'lag_22': 0.6215166727581702, 'lag_23': 0.6335441713999923, 'lag_24': 0.7629823850011296, 'lag_25': 0.4621295789739316, 'lag_26': 0.6885713001714178, 'lag_27': 0.18241903456758118, 'lag_28': 0.6552904037448464}. Best is trial 0 with value: 0.003168251023773887.
[I 2025-09-29 13:18:21,913] Trial 8 finished with value: 0.0033564538132299314 and parameters: {'lag_0': 0.9734809851151387, 'lag_1': 0.009797664851515802, 'lag_2': 0.24158025224608815, 'lag_3': 0.09283458501649364, 'lag_4': 0.21598640143002817, 'lag_5': 0.891924415723051, 'lag_6': 0.6397518074940353, 'lag_7': 0.16642544377876475, 'lag_8': 0.9802179365939933, 'lag_9': 0.1299255410526141, 'lag_10': 0.46919436007002757, 'lag_11': 0.08721036214116579, 'lag_12': 0.12646066298119268, 'lag_13': 0.02857299201046473, 'lag_14': 0.4260677961154132, 'lag_15': 0.40249403138697776, 'lag_16': 0.14332390207939816, 'lag_17': 0.5666872096397332, 'lag_18': 0.33413001394590963, 'lag_19': 0.46475605366201983, 'lag_20': 0.6300120925780396, 'lag_21': 0.8386245391616802, 'lag_22': 0.3112696436511581, 'lag_23': 0.18940321823524994, 'lag_24': 0.42032194175620563, 'lag_25': 0.39956447201240586, 'lag_26': 0.8736272101808518, 'lag_27': 0.7768415863246606, 'lag_28': 0.6836370096417972}. Best is trial 0 with value: 0.003168251023773887.
[I 2025-09-29 13:18:24,240] Trial 9 finished with value: 0.0037010659608080728 and parameters: {'lag_0': 0.8617368597708668, 'lag_1': 0.43020298554578207, 'lag_2': 0.6464353069819534, 'lag_3': 0.6226305386484218, 'lag_4': 0.8726080758958029, 'lag_5': 0.5919073722819481, 'lag_6': 0.31759184972592425, 'lag_7': 0.7164443633356032, 'lag_8': 0.8030148010040471, 'lag_9': 0.11057606913504309, 'lag_10': 0.47752301219833315, 'lag_11': 0.04054942492562483, 'lag_12': 0.20158998919494683, 'lag_13': 0.3763784726694105, 'lag_14': 0.9136374415372285, 'lag_15': 0.24789534172196923, 'lag_16': 0.9914553969879676, 'lag_17': 0.13928286594364292, 'lag_18': 0.5609591668259358, 'lag_19': 0.1413783439202682, 'lag_20': 0.698379893859534, 'lag_21': 0.967199305211823, 'lag_22': 0.3268233094481628, 'lag_23': 0.0010840868745076388, 'lag_24': 0.44491096808237673, 'lag_25': 0.533008410994194, 'lag_26': 0.6566774986067684, 'lag_27': 0.5193927539274774, 'lag_28': 0.01638982326285681}. Best is trial 0 with value: 0.003168251023773887.
[I 2025-09-29 13:18:26,707] Trial 10 finished with value: 0.003356831892441131 and parameters: {'lag_0': 0.4202456328206692, 'lag_1': 0.07680640020247394, 'lag_2': 0.0075291298619442615, 'lag_3': 0.7675909748936363, 'lag_4': 0.42035164228824784, 'lag_5': 0.15016538521064643, 'lag_6': 0.06528487815738188, 'lag_7': 0.6958266065117981, 'lag_8': 0.6182015421183585, 'lag_9': 0.5036919516431081, 'lag_10': 0.620813543879058, 'lag_11': 0.41763484533966466, 'lag_12': 0.34428460357027946, 'lag_13': 0.9372560319555584, 'lag_14': 0.10084789200759284, 'lag_15': 0.5460128889552497, 'lag_16': 0.9727507132035963, 'lag_17': 0.9624193824347637, 'lag_18': 0.9909747664077193, 'lag_19': 0.01384479998582594, 'lag_20': 0.006666751449655166, 'lag_21': 0.7735544271986549, 'lag_22': 0.007413054429650956, 'lag_23': 0.6979779422617749, 'lag_24': 0.9552513822305854, 'lag_25': 0.16801715796111555, 'lag_26': 0.37418040631121463, 'lag_27': 0.6529481238138445, 'lag_28': 0.31188063728815774}. Best is trial 0 with value: 0.003168251023773887.
[I 2025-09-29 13:18:29,083] Trial 11 finished with value: 0.003508214486779486 and parameters: {'lag_0': 0.006703791549443058, 'lag_1': 0.7117193575110796, 'lag_2': 0.9951304788232165, 'lag_3': 0.015829699755503315, 'lag_4': 0.9893456327627865, 'lag_5': 0.34896275851481295, 'lag_6': 0.5871292129068292, 'lag_7': 0.9727030437551285, 'lag_8': 0.3186709917351082, 'lag_9': 0.6463101943987145, 'lag_10': 0.6539071014766099, 'lag_11': 0.6134103506938379, 'lag_12': 0.3501712626661795, 'lag_13': 0.018371151748872362, 'lag_14': 0.13289299396919574, 'lag_15': 0.023259321106392804, 'lag_16': 0.7800382658166991, 'lag_17': 0.34356182017470704, 'lag_18': 0.8476920071481813, 'lag_19': 0.45176511190231666, 'lag_20': 0.1337202800074295, 'lag_21': 0.36376308942254976, 'lag_22': 0.9527470854903332, 'lag_23': 0.34202373753575227, 'lag_24': 0.9991184603105961, 'lag_25': 0.6828205615352806, 'lag_26': 0.5229744123157749, 'lag_27': 0.4300999240237257, 'lag_28': 0.3021456161070484}. Best is trial 0 with value: 0.003168251023773887.
[I 2025-09-29 13:18:31,457] Trial 12 finished with value: 0.0037461672347013767 and parameters: {'lag_0': 0.1808705781079568, 'lag_1': 0.669214113249173, 'lag_2': 0.7467117805090379, 'lag_3': 0.19916031471354578, 'lag_4': 0.5621368976231949, 'lag_5': 0.2705145371972395, 'lag_6': 0.4661740696719123, 'lag_7': 0.9953386425512074, 'lag_8': 0.5621952642175794, 'lag_9': 0.6726612463550152, 'lag_10': 0.3555958110260739, 'lag_11': 0.6731733282739298, 'lag_12': 0.028285963794565105, 'lag_13': 0.11847162090993045, 'lag_14': 0.28995575518313194, 'lag_15': 0.3341624945920257, 'lag_16': 0.8461523759224714, 'lag_17': 0.29337230795802766, 'lag_18': 0.4509197101276082, 'lag_19': 0.6321031420856287, 'lag_20': 0.19161296706212844, 'lag_21': 0.3495221209247426, 'lag_22': 0.499325484240985, 'lag_23': 0.35331624201151995, 'lag_24': 0.8403071065165244, 'lag_25': 0.2694855975975895, 'lag_26': 0.8522145382004901, 'lag_27': 0.012782225446518358, 'lag_28': 0.2477287021488142}. Best is trial 0 with value: 0.003168251023773887.
[I 2025-09-29 13:18:33,832] Trial 13 finished with value: 0.003404853890112583 and parameters: {'lag_0': 0.5673329035464846, 'lag_1': 0.9656150669612472, 'lag_2': 0.4040016349506419, 'lag_3': 0.2664871024659005, 'lag_4': 0.28690692740399126, 'lag_5': 0.20351064235989103, 'lag_6': 0.8234614983729236, 'lag_7': 0.6106697632385764, 'lag_8': 0.2822916958128181, 'lag_9': 0.3601953897921124, 'lag_10': 0.7482584460513899, 'lag_11': 0.9393919439056853, 'lag_12': 0.3644727774562896, 'lag_13': 0.7288881442084424, 'lag_14': 0.966366720582656, 'lag_15': 0.5696062876775897, 'lag_16': 0.6003098228010851, 'lag_17': 0.32205338726681343, 'lag_18': 0.48382119572606347, 'lag_19': 0.3229673458903791, 'lag_20': 0.4035690759913825, 'lag_21': 0.3292185904390502, 'lag_22': 0.47427855794925267, 'lag_23': 0.377944127881067, 'lag_24': 0.8469620221235798, 'lag_25': 0.9963432118810538, 'lag_26': 0.21423386468791422, 'lag_27': 0.2892457125049773, 'lag_28': 0.97983441573805}. Best is trial 0 with value: 0.003168251023773887.
[I 2025-09-29 13:18:36,203] Trial 14 finished with value: 0.0031371785775825382 and parameters: {'lag_0': 0.14153555976218457, 'lag_1': 0.5481884083761845, 'lag_2': 0.73916723720763, 'lag_3': 0.9853471528881217, 'lag_4': 0.4782026577115865, 'lag_5': 0.5001499734997322, 'lag_6': 0.35411159695124356, 'lag_7': 0.8711111042714059, 'lag_8': 0.745757833764462, 'lag_9': 0.771712377985398, 'lag_10': 0.5601297024153329, 'lag_11': 0.2519247863647649, 'lag_12': 0.2297183960102151, 'lag_13': 0.16160716648717421, 'lag_14': 0.2725012236225214, 'lag_15': 0.1847152205208723, 'lag_16': 0.8916802746083987, 'lag_17': 0.7649634169960199, 'lag_18': 0.9881666352679692, 'lag_19': 0.5728893150539631, 'lag_20': 0.14912099622894875, 'lag_21': 0.8025994423178304, 'lag_22': 0.7454361046534848, 'lag_23': 0.7361662392474597, 'lag_24': 0.6828149798567487, 'lag_25': 0.6299559332054168, 'lag_26': 0.5377412080869424, 'lag_27': 0.5563831434041422, 'lag_28': 0.16718172515629254}. Best is trial 14 with value: 0.0031371785775825382.
[I 2025-09-29 13:18:38,571] Trial 15 finished with value: 0.003745261636564387 and parameters: {'lag_0': 0.354056945893215, 'lag_1': 0.545754523316422, 'lag_2': 0.3993935591273991, 'lag_3': 0.9870288084491734, 'lag_4': 0.4961390586143645, 'lag_5': 0.7199109774661623, 'lag_6': 0.2833712749456201, 'lag_7': 0.8586706010029206, 'lag_8': 0.806248384782076, 'lag_9': 0.7169542015407155, 'lag_10': 0.5700342636628782, 'lag_11': 0.2351169878388224, 'lag_12': 0.44274493751099575, 'lag_13': 0.3455895023839112, 'lag_14': 0.25586335655677983, 'lag_15': 0.3603562788284738, 'lag_16': 0.9138324052636355, 'lag_17': 0.8332329580202414, 'lag_18': 0.9726072346875235, 'lag_19': 0.7013619098460321, 'lag_20': 0.47620616198709115, 'lag_21': 0.9969525289605612, 'lag_22': 0.8474018206056614, 'lag_23': 0.7654615838722462, 'lag_24': 0.6498837485170555, 'lag_25': 0.6901576536961815, 'lag_26': 0.4648635715831956, 'lag_27': 0.5671274784101275, 'lag_28': 0.1547776720065775}. Best is trial 14 with value: 0.0031371785775825382.
[I 2025-09-29 13:18:40,943] Trial 16 finished with value: 0.003436543355584922 and parameters: {'lag_0': 0.22984487360495415, 'lag_1': 0.5427146328065937, 'lag_2': 0.7317870775060344, 'lag_3': 0.7545633254486247, 'lag_4': 0.2961578147208145, 'lag_5': 0.34443013172026726, 'lag_6': 0.12819818963227492, 'lag_7': 0.5639967848091889, 'lag_8': 0.7481982984664421, 'lag_9': 0.5068190276632785, 'lag_10': 0.3735797434722236, 'lag_11': 0.4349284539609852, 'lag_12': 0.06377004323232519, 'lag_13': 0.08779356157330546, 'lag_14': 0.2980721920622931, 'lag_15': 0.21695141721453803, 'lag_16': 0.6061861600768177, 'lag_17': 0.8317275568832264, 'lag_18': 0.848625790028975, 'lag_19': 0.3445913336786831, 'lag_20': 0.9851792013866814, 'lag_21': 0.7488370494259499, 'lag_22': 0.15584790762035006, 'lag_23': 0.8202382477352013, 'lag_24': 0.9489319467018027, 'lag_25': 0.30959280073280104, 'lag_26': 0.2891887160612166, 'lag_27': 0.9967294579452655, 'lag_28': 0.3941885699906341}. Best is trial 14 with value: 0.0031371785775825382.
[I 2025-09-29 13:18:43,324] Trial 17 finished with value: 0.0033743841483590857 and parameters: {'lag_0': 0.1087391356283807, 'lag_1': 0.3389343434645328, 'lag_2': 0.7102382132137577, 'lag_3': 0.8868152256576474, 'lag_4': 0.04481449675365917, 'lag_5': 0.7478852085391942, 'lag_6': 0.9978229396562501, 'lag_7': 0.8746502974010812, 'lag_8': 0.6979965787570466, 'lag_9': 0.3842750736690958, 'lag_10': 0.0297020234343896, 'lag_11': 0.21758988585688566, 'lag_12': 0.23335580388591357, 'lag_13': 0.6299410211445322, 'lag_14': 0.035308326398720724, 'lag_15': 0.4734803308414885, 'lag_16': 0.42016106631592265, 'lag_17': 0.6960837587590312, 'lag_18': 0.8439107150666476, 'lag_19': 0.5651212756193048, 'lag_20': 0.07473983625171893, 'lag_21': 0.8939664505152066, 'lag_22': 0.3547008223836557, 'lag_23': 0.5986209943102888, 'lag_24': 0.07720217707718047, 'lag_25': 0.8183158413057924, 'lag_26': 0.5472974303884137, 'lag_27': 0.7017851724627935, 'lag_28': 0.44621696523515825}. Best is trial 14 with value: 0.0031371785775825382.
[I 2025-09-29 13:18:45,693] Trial 18 finished with value: 0.003445288666042586 and parameters: {'lag_0': 0.4618405912540702, 'lag_1': 0.160239095717012, 'lag_2': 0.4722639676114272, 'lag_3': 0.6758165307239902, 'lag_4': 0.5456203373422837, 'lag_5': 0.0009347503870543727, 'lag_6': 0.38803698912975104, 'lag_7': 0.6632828751861455, 'lag_8': 0.5087488373170214, 'lag_9': 0.01486722787762395, 'lag_10': 0.5321233282911958, 'lag_11': 0.1373495286083407, 'lag_12': 0.49364487380907585, 'lag_13': 0.21010171169597294, 'lag_14': 0.21663094090960294, 'lag_15': 0.6428788331798224, 'lag_16': 0.8859539076871122, 'lag_17': 0.5300700922628672, 'lag_18': 0.6887131181913733, 'lag_19': 0.7380531537744007, 'lag_20': 0.18857345550318239, 'lag_21': 0.7019637592169357, 'lag_22': 0.8118147048960045, 'lag_23': 0.21761813944791952, 'lag_24': 0.5146249200875664, 'lag_25': 0.000770312024649944, 'lag_26': 0.08852745625782327, 'lag_27': 0.6090868001218526, 'lag_28': 0.13697612834053396}. Best is trial 14 with value: 0.0031371785775825382.
