[I 2025-09-29 12:52:00,503] Trial 40 finished with value: 0.0041406619902198275 and parameters: {'lag_0': 0.02475632571935696, 'lag_1': 0.5904897233972256, 'lag_2': 0.17557387472590857, 'lag_3': 0.726337255502228, 'lag_4': 0.8468386362150682, 'lag_5': 0.5785447567073024, 'lag_6': 0.08865712816155649, 'lag_7': 0.23053088387667228, 'lag_8': 0.008282211060881103, 'lag_9': 0.23086075716376717, 'lag_10': 0.46764379487557745, 'lag_11': 0.8632830324831335, 'lag_12': 0.16801312722636258, 'lag_13': 0.5679581725730606, 'lag_14': 0.1176668088961405, 'lag_15': 0.4271378121688191, 'lag_16': 0.5420647130926476, 'lag_17': 0.19754861796418652, 'lag_18': 0.637232840214094, 'lag_19': 0.42248683267277826, 'lag_20': 0.4356294750570614, 'lag_21': 0.9501402699878585, 'lag_22': 0.35170121793723413, 'lag_23': 0.21694367033241674, 'lag_24': 0.7282083309241485, 'lag_25': 0.33694084741168684, 'lag_26': 0.6994402954523651, 'lag_27': 0.967310676953907, 'lag_28': 0.8277334309291438}. Best is trial 4 with value: 0.0036804962818087566.
[I 2025-09-29 12:52:03,011] Trial 41 finished with value: 0.004026469044351437 and parameters: {'lag_0': 0.18426948856666947, 'lag_1': 0.8150469780679359, 'lag_2': 0.46275721614930326, 'lag_3': 0.46482732901967977, 'lag_4': 0.9840952091800391, 'lag_5': 0.49979816655925696, 'lag_6': 0.200316333836525, 'lag_7': 0.28409265695867125, 'lag_8': 0.9157701045647253, 'lag_9': 0.14009517075429836, 'lag_10': 0.21994034466525156, 'lag_11': 0.581994896707805, 'lag_12': 0.9068214651717212, 'lag_13': 0.037956800845675105, 'lag_14': 0.45570137841657044, 'lag_15': 0.1728075646724156, 'lag_16': 0.3142180326119205, 'lag_17': 0.05706215014611064, 'lag_18': 0.5796635219875866, 'lag_19': 0.5251727810176485, 'lag_20': 0.4982199874224812, 'lag_21': 0.6553359001151443, 'lag_22': 0.17097120863746235, 'lag_23': 0.9107864943421898, 'lag_24': 0.9474335907791164, 'lag_25': 0.5123823445578706, 'lag_26': 0.6642736174457975, 'lag_27': 0.8247226361921168, 'lag_28': 0.7836581734396497}. Best is trial 4 with value: 0.0036804962818087566.
[I 2025-09-29 12:52:05,509] Trial 42 finished with value: 0.004100953964213087 and parameters: {'lag_0': 0.285772509665362, 'lag_1': 0.8994991164583926, 'lag_2': 0.43222307417823697, 'lag_3': 0.5537343524381864, 'lag_4': 0.9467461344463116, 'lag_5': 0.3943989013818379, 'lag_6': 0.13361514443620706, 'lag_7': 0.15314239336720298, 'lag_8': 0.9906053740236991, 'lag_9': 0.18444326578376272, 'lag_10': 0.30774154257795794, 'lag_11': 0.6402701360182649, 'lag_12': 0.9357017556203494, 'lag_13': 0.129348407489644, 'lag_14': 0.7055661747925571, 'lag_15': 0.2415526780467158, 'lag_16': 0.23157196745726, 'lag_17': 0.0896893589016298, 'lag_18': 0.5098145960078859, 'lag_19': 0.535464415272218, 'lag_20': 0.5085997015634982, 'lag_21': 0.4641029080673512, 'lag_22': 0.1894438005560912, 'lag_23': 0.8675773537342294, 'lag_24': 0.8631890017050335, 'lag_25': 0.3951397273721136, 'lag_26': 0.5832749934375879, 'lag_27': 0.7678896253234424, 'lag_28': 0.6034238143443399}. Best is trial 4 with value: 0.0036804962818087566.
[I 2025-09-29 12:52:08,009] Trial 43 finished with value: 0.0039469480687520046 and parameters: {'lag_0': 0.10248181163659847, 'lag_1': 0.775555480167941, 'lag_2': 0.3671860010032162, 'lag_3': 0.4950269760732707, 'lag_4': 0.8878670989920728, 'lag_5': 0.7310605809997581, 'lag_6': 0.35813999748927816, 'lag_7': 0.2582417404473852, 'lag_8': 0.860369901838918, 'lag_9': 0.06801220509830275, 'lag_10': 0.2142964483537269, 'lag_11': 0.5298896379961849, 'lag_12': 0.7721175249193002, 'lag_13': 0.2194214206351361, 'lag_14': 0.3986635749190873, 'lag_15': 0.20476236529159433, 'lag_16': 0.47348529583974164, 'lag_17': 0.14408130004752825, 'lag_18': 0.5913087531123676, 'lag_19': 0.5814489966442079, 'lag_20': 0.24664870162546532, 'lag_21': 0.6967089034332958, 'lag_22': 0.2520718412564563, 'lag_23': 0.8621367408386522, 'lag_24': 0.8594181663957117, 'lag_25': 0.46922397007189226, 'lag_26': 0.8281010199410225, 'lag_27': 0.6269224808067185, 'lag_28': 0.9189322239666163}. Best is trial 4 with value: 0.0036804962818087566.
[I 2025-09-29 12:52:10,507] Trial 44 finished with value: 0.004037487128482573 and parameters: {'lag_0': 0.15909213687163928, 'lag_1': 0.5000295704178244, 'lag_2': 0.28585763603615394, 'lag_3': 0.4082428416740017, 'lag_4': 0.7905236593876748, 'lag_5': 0.536783711076715, 'lag_6': 0.1972676015678035, 'lag_7': 0.18614864978346995, 'lag_8': 0.7517786215442249, 'lag_9': 0.6566658261968883, 'lag_10': 0.09333409565407569, 'lag_11': 0.4420825740011721, 'lag_12': 0.8391935986684561, 'lag_13': 0.16398375070326351, 'lag_14': 0.059175634616299114, 'lag_15': 0.31251808521594315, 'lag_16': 0.6597398712187029, 'lag_17': 0.09124198593331324, 'lag_18': 0.5213551400871885, 'lag_19': 0.6259277247361162, 'lag_20': 0.012946133148069083, 'lag_21': 0.8307795926858413, 'lag_22': 0.10187591508166965, 'lag_23': 0.5243064150352377, 'lag_24': 0.9424604058764915, 'lag_25': 0.5792121884722377, 'lag_26': 0.696473230101589, 'lag_27': 0.7353674813375647, 'lag_28': 0.5328202796812198}. Best is trial 4 with value: 0.0036804962818087566.
[I 2025-09-29 12:52:13,002] Trial 45 finished with value: 0.006178338740113502 and parameters: {'lag_0': 0.21959563940073407, 'lag_1': 0.852536984419062, 'lag_2': 0.500306913821765, 'lag_3': 0.34325753101240963, 'lag_4': 0.9866359550540497, 'lag_5': 0.34240098718635537, 'lag_6': 0.07030594342722946, 'lag_7': 0.08907771569114822, 'lag_8': 0.9295173324444242, 'lag_9': 0.3541566652101303, 'lag_10': 0.38874702015851964, 'lag_11': 0.706530217434169, 'lag_12': 0.939149574870919, 'lag_13': 0.07012063961381283, 'lag_14': 0.6820840424689913, 'lag_15': 0.38379016055615495, 'lag_16': 0.33652931726201774, 'lag_17': 0.048239913047557564, 'lag_18': 0.6579345357499833, 'lag_19': 0.4991065133639301, 'lag_20': 0.3505205621473091, 'lag_21': 0.37234228731127267, 'lag_22': 0.2849240866700183, 'lag_23': 0.6657671116590804, 'lag_24': 0.9983858309847399, 'lag_25': 0.6165095323742118, 'lag_26': 0.7513641783370557, 'lag_27': 0.9439294656620992, 'lag_28': 0.7526122114382066}. Best is trial 4 with value: 0.0036804962818087566.
[I 2025-09-29 12:52:15,498] Trial 46 finished with value: 0.004290087233548568 and parameters: {'lag_0': 0.35610479867349853, 'lag_1': 0.9325590751459563, 'lag_2': 0.594085608929019, 'lag_3': 0.6303296108410696, 'lag_4': 0.8720631100473711, 'lag_5': 0.46544410562124355, 'lag_6': 0.003783574381841376, 'lag_7': 0.28688466459994577, 'lag_8': 0.8114268448946934, 'lag_9': 0.7231030755176533, 'lag_10': 0.18669299207573764, 'lag_11': 0.6031283727951919, 'lag_12': 0.7066580410668041, 'lag_13': 0.28833352366629006, 'lag_14': 0.7949772174359584, 'lag_15': 0.09214014722393864, 'lag_16': 0.7529384830066221, 'lag_17': 0.0038090749347039904, 'lag_18': 0.6034082217581153, 'lag_19': 0.250667511259278, 'lag_20': 0.10568273328599892, 'lag_21': 0.5794465120855921, 'lag_22': 0.04080625387677447, 'lag_23': 0.7694465228891585, 'lag_24': 0.8137671215571908, 'lag_25': 0.5423065652082579, 'lag_26': 0.6385114693271075, 'lag_27': 0.8481812596311575, 'lag_28': 0.8241468364533285}. Best is trial 4 with value: 0.0036804962818087566.
[I 2025-09-29 12:52:18,000] Trial 47 finished with value: 0.004342062240782016 and parameters: {'lag_0': 0.4265974262821741, 'lag_1': 0.655445387105718, 'lag_2': 0.003934940368778728, 'lag_3': 0.9582109891699117, 'lag_4': 0.9404135500668691, 'lag_5': 0.41467386033298553, 'lag_6': 0.5089223562742681, 'lag_7': 0.34640250517327736, 'lag_8': 0.8495897642863013, 'lag_9': 0.18401219518941778, 'lag_10': 0.3063840562567332, 'lag_11': 0.8268704708847501, 'lag_12': 0.37814908552476617, 'lag_13': 0.3512907775632796, 'lag_14': 0.5542737473831529, 'lag_15': 0.24805663185156618, 'lag_16': 0.402807183821438, 'lag_17': 0.15524222461790016, 'lag_18': 0.6888843462230575, 'lag_19': 0.37384889194839505, 'lag_20': 0.4456667631999133, 'lag_21': 0.4510233661694403, 'lag_22': 0.43634167685254804, 'lag_23': 0.5702504808897992, 'lag_24': 0.7566572085025008, 'lag_25': 0.38625635202087516, 'lag_26': 0.8450205301715912, 'lag_27': 0.6473678988018303, 'lag_28': 0.6803610179143952}. Best is trial 4 with value: 0.0036804962818087566.
[I 2025-09-29 12:52:20,500] Trial 48 finished with value: 0.00382940944335824 and parameters: {'lag_0': 0.25279566683472054, 'lag_1': 0.7270498736748459, 'lag_2': 0.7262218808631485, 'lag_3': 0.8755734052086616, 'lag_4': 0.7409769620811841, 'lag_5': 0.7947951042310962, 'lag_6': 0.2844650916480578, 'lag_7': 0.1370068718377591, 'lag_8': 0.5593155373304329, 'lag_9': 0.5686135397799849, 'lag_10': 0.8169278722987553, 'lag_11': 0.9213055289800975, 'lag_12': 0.48156614160582606, 'lag_13': 0.9923177493743107, 'lag_14': 0.4685763781290233, 'lag_15': 0.4551345450969626, 'lag_16': 0.25722478913134816, 'lag_17': 0.2920226343500878, 'lag_18': 0.35674451987326666, 'lag_19': 0.43417946773985633, 'lag_20': 0.611374459169263, 'lag_21': 0.7708148814578855, 'lag_22': 0.13622709132817146, 'lag_23': 0.9580977190089334, 'lag_24': 0.8815702482550548, 'lag_25': 0.014364069719196126, 'lag_26': 0.5739116489992071, 'lag_27': 0.35914579794250234, 'lag_28': 0.8756693786502434}. Best is trial 4 with value: 0.0036804962818087566.
[I 2025-09-29 12:52:22,999] Trial 49 finished with value: 0.004252091645131797 and parameters: {'lag_0': 0.0619358731132664, 'lag_1': 0.8028234696631481, 'lag_2': 0.40878659555521857, 'lag_3': 0.4913984905086481, 'lag_4': 0.8235904827546993, 'lag_5': 0.5691162263076849, 'lag_6': 0.2158700275561653, 'lag_7': 0.422206743409876, 'lag_8': 0.15753229583130945, 'lag_9': 0.47581361712720166, 'lag_10': 0.048842102409294985, 'lag_11': 0.6745889419515418, 'lag_12': 0.861338897067849, 'lag_13': 0.02121166998899786, 'lag_14': 0.900883470771304, 'lag_15': 0.15546037258023856, 'lag_16': 0.9158964989712749, 'lag_17': 0.8170491102928666, 'lag_18': 0.8548706497087626, 'lag_19': 0.5646221315178597, 'lag_20': 0.2263695800751518, 'lag_21': 0.9895346626246615, 'lag_22': 0.33986622280618317, 'lag_23': 0.9965419290195373, 'lag_24': 0.7266292016543243, 'lag_25': 0.4534367686207469, 'lag_26': 0.4581649335782514, 'lag_27': 0.5197885016375011, 'lag_28': 0.011616200805686483}. Best is trial 4 with value: 0.0036804962818087566.
[I 2025-09-29 12:52:25,505] Trial 50 finished with value: 0.003990536095571179 and parameters: {'lag_0': 0.29474496552383866, 'lag_1': 0.46344746001607584, 'lag_2': 0.4617609529005744, 'lag_3': 0.1779033902641587, 'lag_4': 0.6563138832789058, 'lag_5': 0.6337058216638973, 'lag_6': 0.47830266120148357, 'lag_7': 0.19826195257018706, 'lag_8': 0.4567018285450879, 'lag_9': 0.3106065800613993, 'lag_10': 0.606542111736065, 'lag_11': 0.5479783395388099, 'lag_12': 0.573564654602289, 'lag_13': 0.23436378806107255, 'lag_14': 0.2362339061023894, 'lag_15': 0.050293933836221466, 'lag_16': 0.7969406093608509, 'lag_17': 0.0521675303275766, 'lag_18': 0.9496928723618221, 'lag_19': 0.7317012341110383, 'lag_20': 0.30280778639000444, 'lag_21': 0.6481800630247091, 'lag_22': 0.1872175643000376, 'lag_23': 0.46677795461200855, 'lag_24': 0.22556589240264774, 'lag_25': 0.7115410255911541, 'lag_26': 0.7662318905495531, 'lag_27': 0.7182318745291644, 'lag_28': 0.48969359891008424}. Best is trial 4 with value: 0.0036804962818087566.
[I 2025-09-29 12:52:28,009] Trial 51 finished with value: 0.003993115462790205 and parameters: {'lag_0': 0.24534275317164603, 'lag_1': 0.7368349128724055, 'lag_2': 0.7313870608582363, 'lag_3': 0.8904453210004897, 'lag_4': 0.7254959505057511, 'lag_5': 0.8462251205847864, 'lag_6': 0.27879573773530136, 'lag_7': 0.12439142615889445, 'lag_8': 0.582451232410978, 'lag_9': 0.5263176215299615, 'lag_10': 0.8175427063848874, 'lag_11': 0.7584476048115102, 'lag_12': 0.457736758326382, 'lag_13': 0.9422371852891611, 'lag_14': 0.49282887776822193, 'lag_15': 0.5454186517557883, 'lag_16': 0.22749269056365107, 'lag_17': 0.41484736622676377, 'lag_18': 0.3881062023954473, 'lag_19': 0.4186084891148896, 'lag_20': 0.6068053141830714, 'lag_21': 0.7696361640963575, 'lag_22': 0.09269680862358931, 'lag_23': 0.9408214321212182, 'lag_24': 0.8768710598735235, 'lag_25': 0.017995802172165287, 'lag_26': 0.5813604785826176, 'lag_27': 0.3546717072023193, 'lag_28': 0.8582055453734264}. Best is trial 4 with value: 0.0036804962818087566.
[I 2025-09-29 12:52:30,505] Trial 52 finished with value: 0.004063066764142693 and parameters: {'lag_0': 0.3482647072995586, 'lag_1': 0.7193404523257516, 'lag_2': 0.8345170139672187, 'lag_3': 0.9523045869935618, 'lag_4': 0.7796450293373693, 'lag_5': 0.7168659626745987, 'lag_6': 0.33137550676281297, 'lag_7': 0.30766222465395726, 'lag_8': 0.9692026427777553, 'lag_9': 0.6454285498588095, 'lag_10': 0.8353470523611938, 'lag_11': 0.9157227834106989, 'lag_12': 0.5353859056332619, 'lag_13': 0.6869128711869649, 'lag_14': 0.437889049432733, 'lag_15': 0.472081958862938, 'lag_16': 0.28460677666667283, 'lag_17': 0.30381981497346455, 'lag_18': 0.3336742562391781, 'lag_19': 0.3669697569264194, 'lag_20': 0.6437270409510266, 'lag_21': 0.894408941291411, 'lag_22': 0.13098548768708532, 'lag_23': 0.8460640148197975, 'lag_24': 0.8239690608578385, 'lag_25': 0.16725786563130324, 'lag_26': 0.5497653926904992, 'lag_27': 0.3945407328980802, 'lag_28': 0.9286620898842404}. Best is trial 4 with value: 0.0036804962818087566.
[I 2025-09-29 12:52:33,004] Trial 53 finished with value: 0.003942914270408231 and parameters: {'lag_0': 0.13570236316760187, 'lag_1': 0.5977937336660035, 'lag_2': 0.9860243140986895, 'lag_3': 0.8716319023403819, 'lag_4': 0.9969932804165115, 'lag_5': 0.9014904191899605, 'lag_6': 0.15762680925936054, 'lag_7': 0.04796341552962463, 'lag_8': 0.7630812188819617, 'lag_9': 0.5754063156357806, 'lag_10': 0.7523741384221156, 'lag_11': 0.9983431572223478, 'lag_12': 0.6155574759646754, 'lag_13': 0.8800555120421691, 'lag_14': 0.39479252535727666, 'lag_15': 0.38877961270710987, 'lag_16': 0.25966172722476544, 'lag_17': 0.2602332868114237, 'lag_18': 0.262908609434037, 'lag_19': 0.4386925603617102, 'lag_20': 0.5588006321265668, 'lag_21': 0.8420419060205382, 'lag_22': 0.2490426224437085, 'lag_23': 0.9345273891310185, 'lag_24': 0.8846855821988312, 'lag_25': 0.013632027430688531, 'lag_26': 0.7157169244247632, 'lag_27': 0.4866096169645731, 'lag_28': 0.8004802754070994}. Best is trial 4 with value: 0.0036804962818087566.
[I 2025-09-29 12:52:35,499] Trial 54 finished with value: 0.003979872482225659 and parameters: {'lag_0': 0.26200166591869734, 'lag_1': 0.8488332789751851, 'lag_2': 0.9042045140332317, 'lag_3': 0.8192580807450387, 'lag_4': 0.9446525786360815, 'lag_5': 0.7598182439281066, 'lag_6': 0.3751442455278332, 'lag_7': 0.2567920839084552, 'lag_8': 0.547042175830194, 'lag_9': 0.00013013211394030666, 'lag_10': 0.8802804507762529, 'lag_11': 0.9195255752238322, 'lag_12': 0.48253306081922726, 'lag_13': 0.05118006829367028, 'lag_14': 0.0729072332131876, 'lag_15': 0.33776594062346854, 'lag_16': 0.14236775616092354, 'lag_17': 0.10554548740938313, 'lag_18': 0.443524815698843, 'lag_19': 0.6407263495847485, 'lag_20': 0.5935439364429962, 'lag_21': 0.735109183990306, 'lag_22': 0.19874881799241273, 'lag_23': 0.9022227491786992, 'lag_24': 0.9494676265757735, 'lag_25': 0.6284040294495975, 'lag_26': 0.8875023569467065, 'lag_27': 0.01115101456288492, 'lag_28': 0.9676756489036076}. Best is trial 4 with value: 0.0036804962818087566.
[I 2025-09-29 12:52:37,996] Trial 55 finished with value: 0.003739820960520182 and parameters: {'lag_0': 0.43769512106439734, 'lag_1': 0.36131975160294594, 'lag_2': 0.6258825283579518, 'lag_3': 0.6567103432277626, 'lag_4': 0.8666812368472666, 'lag_5': 0.5266454623839888, 'lag_6': 0.4315791373866834, 'lag_7': 0.1529706167967875, 'lag_8': 0.2870684275730245, 'lag_9': 0.6169284291225422, 'lag_10': 0.9281270725581472, 'lag_11': 0.47071018481306715, 'lag_12': 0.8046747657737833, 'lag_13': 0.12913868388410268, 'lag_14': 0.3168865620160757, 'lag_15': 0.5369258639536661, 'lag_16': 0.1895580285501205, 'lag_17': 0.37481890739582385, 'lag_18': 0.4930958012745318, 'lag_19': 0.49860995166869837, 'lag_20': 0.6921176087698183, 'lag_21': 0.6275363348162333, 'lag_22': 0.2679244379711869, 'lag_23': 0.6003826575605877, 'lag_24': 0.7756849372061932, 'lag_25': 0.23871893647260714, 'lag_26': 0.4868723018279961, 'lag_27': 0.2256770259152681, 'lag_28': 0.8736331281776175}. Best is trial 4 with value: 0.0036804962818087566.
[I 2025-09-29 12:52:40,498] Trial 56 finished with value: 0.003966145421755605 and parameters: {'lag_0': 0.44885687140410446, 'lag_1': 0.3818323819999475, 'lag_2': 0.54452296326933, 'lag_3': 0.5650199663701782, 'lag_4': 0.8676678848599391, 'lag_5': 0.5219542897875629, 'lag_6': 0.4370526001298623, 'lag_7': 0.19586911961304546, 'lag_8': 0.26711737288320336, 'lag_9': 0.8421075564234917, 'lag_10': 0.976753976921118, 'lag_11': 0.46086825475965637, 'lag_12': 0.7968364400980086, 'lag_13': 0.13071385773643862, 'lag_14': 0.3192291985471479, 'lag_15': 0.6283874890054536, 'lag_16': 0.19909967237520232, 'lag_17': 0.3544001446651798, 'lag_18': 0.5454767575880539, 'lag_19': 0.505641066868155, 'lag_20': 0.8242751668863213, 'lag_21': 0.6282045424269622, 'lag_22': 0.3945591354846908, 'lag_23': 0.6149996354124423, 'lag_24': 0.6283396708043704, 'lag_25': 0.572014116645724, 'lag_26': 0.6616047736412839, 'lag_27': 0.1222279257282895, 'lag_28': 0.6339956566947764}. Best is trial 4 with value: 0.0036804962818087566.
[I 2025-09-29 12:52:42,995] Trial 57 finished with value: 0.004028114035876967 and parameters: {'lag_0': 0.39780637359620974, 'lag_1': 0.36755678789729124, 'lag_2': 0.6135110625652347, 'lag_3': 0.6604502623793269, 'lag_4': 0.9112440382580413, 'lag_5': 0.5826467595046271, 'lag_6': 0.1063761723128984, 'lag_7': 0.051510584306590404, 'lag_8': 0.32527099243811686, 'lag_9': 0.6919522738416806, 'lag_10': 0.6999872207326898, 'lag_11': 0.5117712164928256, 'lag_12': 0.9978059437993846, 'lag_13': 0.183800531767077, 'lag_14': 0.17781955722276688, 'lag_15': 0.5188210836394515, 'lag_16': 0.3381556459751547, 'lag_17': 0.934898995378386, 'lag_18': 0.4859259334033519, 'lag_19': 0.559154954346053, 'lag_20': 0.6950517933884923, 'lag_21': 0.5558084587933075, 'lag_22': 0.279912000485861, 'lag_23': 0.5833673992890133, 'lag_24': 0.043259572641763666, 'lag_25': 0.6556148153995794, 'lag_26': 0.41111752478746, 'lag_27': 0.23716394371521052, 'lag_28': 0.675565878402136}. Best is trial 4 with value: 0.0036804962818087566.
[I 2025-09-29 12:52:45,499] Trial 58 finished with value: 0.0037607572994483363 and parameters: {'lag_0': 0.5644401587984621, 'lag_1': 0.3240750319297849, 'lag_2': 0.49051938844698983, 'lag_3': 0.7516204221251067, 'lag_4': 0.8115566059880088, 'lag_5': 0.4813489904167772, 'lag_6': 0.613493554702978, 'lag_7': 0.35698779591912466, 'lag_8': 0.04918436490630662, 'lag_9': 0.7831840524081453, 'lag_10': 0.9445267266789953, 'lag_11': 0.36170479712712744, 'lag_12': 0.7441374543797903, 'lag_13': 0.11230312965898827, 'lag_14': 0.2852829463374774, 'lag_15': 0.18523961037270079, 'lag_16': 0.09688284741038451, 'lag_17': 0.1933023707495066, 'lag_18': 0.6101546470416953, 'lag_19': 0.6698790457576451, 'lag_20': 0.5012868829696752, 'lag_21': 0.707506870165274, 'lag_22': 0.268298684974522, 'lag_23': 0.6515063918498695, 'lag_24': 0.6521925751798887, 'lag_25': 0.21720922683731492, 'lag_26': 0.5135984343005726, 'lag_27': 0.8821942020760483, 'lag_28': 0.7436883969424405}. Best is trial 4 with value: 0.0036804962818087566.
[I 2025-09-29 12:52:48,000] Trial 59 finished with value: 0.003974935477084478 and parameters: {'lag_0': 0.6127282814601628, 'lag_1': 0.29698593591977324, 'lag_2': 0.6808250361800947, 'lag_3': 0.7437191838362865, 'lag_4': 0.7948563965979196, 'lag_5': 0.47494131181222043, 'lag_6': 0.5790403938935502, 'lag_7': 0.3337649711630421, 'lag_8': 0.05669122512911398, 'lag_9': 0.7871724609201302, 'lag_10': 0.9344333090369304, 'lag_11': 0.37568858916484055, 'lag_12': 0.73255953834518, 'lag_13': 0.10792750981697613, 'lag_14': 0.2801912656438009, 'lag_15': 0.7490287795580728, 'lag_16': 0.09495791176329751, 'lag_17': 0.2081627533835539, 'lag_18': 0.6175736717904945, 'lag_19': 0.6837738671079693, 'lag_20': 0.40915284839089194, 'lag_21': 0.7048296095417509, 'lag_22': 0.3344055826273875, 'lag_23': 0.6550873237120632, 'lag_24': 0.5784684027711293, 'lag_25': 0.22232242804494176, 'lag_26': 0.47330896205305584, 'lag_27': 0.07545601749551784, 'lag_28': 0.7421089037335893}. Best is trial 4 with value: 0.0036804962818087566.
[I 2025-09-29 12:52:50,495] Trial 60 finished with value: 0.0039005124165890004 and parameters: {'lag_0': 0.5519162879965859, 'lag_1': 0.21390343955349425, 'lag_2': 0.6438079991635137, 'lag_3': 0.6690396620512764, 'lag_4': 0.8333305898910017, 'lag_5': 0.3099323266993239, 'lag_6': 0.619411018356772, 'lag_7': 0.5247021894088896, 'lag_8': 0.10951697282122175, 'lag_9': 0.9454640458907274, 'lag_10': 0.9261011423388683, 'lag_11': 0.27591656366313766, 'lag_12': 0.7456222702627395, 'lag_13': 0.0006525171044980266, 'lag_14': 0.35742898872447015, 'lag_15': 0.26237286976746343, 'lag_16': 0.041275198464742376, 'lag_17': 0.399797901868589, 'lag_18': 0.7312507942852707, 'lag_19': 0.330515924743892, 'lag_20': 0.7427571556207727, 'lag_21': 0.6180638237816249, 'lag_22': 0.5195505256036965, 'lag_23': 0.5059244823265803, 'lag_24': 0.6506481180475745, 'lag_25': 0.13565544384867212, 'lag_26': 0.5081707789315807, 'lag_27': 0.15815552870229585, 'lag_28': 0.3135968156146188}. Best is trial 4 with value: 0.0036804962818087566.
