[I 2025-09-29 12:51:55,763] Trial 40 finished with value: 0.005665330578916092 and parameters: {'lag_0': 0.7307528775243731, 'lag_1': 0.6112011058529871, 'lag_2': 0.6913821396848774, 'lag_3': 0.691751063808183, 'lag_4': 0.7675169568865303, 'lag_5': 0.49136846999752226, 'lag_6': 0.6647617578096079, 'lag_7': 0.2159358789766852, 'lag_8': 0.706122975541014, 'lag_9': 0.9229484273841986, 'lag_10': 0.5433432104524977, 'lag_11': 0.7437142788610702, 'lag_12': 0.8967183774572423, 'lag_13': 0.1481144670003186, 'lag_14': 0.1360708287573586, 'lag_15': 0.740916705996866, 'lag_16': 0.24598414913901628, 'lag_17': 0.7995948333774912, 'lag_18': 0.2868807780999003, 'lag_19': 0.32962795855706156, 'lag_20': 0.7604297211970097, 'lag_21': 0.20815660481288795, 'lag_22': 0.9915761710889777, 'lag_23': 0.8259235010073255, 'lag_24': 0.3044229697791442, 'lag_25': 0.7241031721433776, 'lag_26': 0.4807298877832257, 'lag_27': 0.5216595594632188, 'lag_28': 0.7633198060705662}. Best is trial 32 with value: 0.004804776896648032.
[I 2025-09-29 12:51:58,246] Trial 41 finished with value: 0.005140013616267444 and parameters: {'lag_0': 0.19304393575683582, 'lag_1': 0.629837928256037, 'lag_2': 0.48215532662604926, 'lag_3': 0.8779598072257782, 'lag_4': 0.41673734151934433, 'lag_5': 0.3819099522283888, 'lag_6': 0.0661497964255782, 'lag_7': 0.8113585613783566, 'lag_8': 0.7741994825073418, 'lag_9': 0.7618113205035331, 'lag_10': 0.7987548396791444, 'lag_11': 0.3013029178720949, 'lag_12': 0.2738604484870134, 'lag_13': 0.34453674746269813, 'lag_14': 0.6813917444229962, 'lag_15': 0.8428426316323921, 'lag_16': 0.6092817988333885, 'lag_17': 0.7158509866544303, 'lag_18': 0.4814753412424563, 'lag_19': 0.08512895263031435, 'lag_20': 0.3820670793603932, 'lag_21': 0.6579634979825129, 'lag_22': 0.2205972764431646, 'lag_23': 0.9776632642795875, 'lag_24': 0.057433239699810124, 'lag_25': 0.7691333461017463, 'lag_26': 0.14687571145961228, 'lag_27': 0.6437313720737861, 'lag_28': 0.1526840999164385}. Best is trial 32 with value: 0.004804776896648032.
[I 2025-09-29 12:52:00,733] Trial 42 finished with value: 0.005132019020504272 and parameters: {'lag_0': 0.16330269900245323, 'lag_1': 0.5715139865917122, 'lag_2': 0.44840797325673853, 'lag_3': 0.9303867716295893, 'lag_4': 0.4963923127544368, 'lag_5': 0.36301455404060295, 'lag_6': 0.10202365158110503, 'lag_7': 0.7250376025775239, 'lag_8': 0.9396738063455448, 'lag_9': 0.7201378440883192, 'lag_10': 0.9500545907367146, 'lag_11': 0.49105674639800245, 'lag_12': 0.9990481833152431, 'lag_13': 0.2648596306873259, 'lag_14': 0.7768455443245141, 'lag_15': 0.9151474801937253, 'lag_16': 0.6202456334585309, 'lag_17': 0.6165605491609017, 'lag_18': 0.4518630975926693, 'lag_19': 0.12674952175580517, 'lag_20': 0.5353938226726032, 'lag_21': 0.66282103387309, 'lag_22': 0.3793605292937916, 'lag_23': 0.7926039929200192, 'lag_24': 0.06914528567696285, 'lag_25': 0.8145999577245161, 'lag_26': 0.13029412487556194, 'lag_27': 0.8371620417101443, 'lag_28': 0.13570093804490274}. Best is trial 32 with value: 0.004804776896648032.
[I 2025-09-29 12:52:03,218] Trial 43 finished with value: 0.005158325350880723 and parameters: {'lag_0': 0.055463645174222365, 'lag_1': 0.49139512162905946, 'lag_2': 0.5372102748252996, 'lag_3': 0.8591552778595604, 'lag_4': 0.607108227929441, 'lag_5': 0.31411651204820135, 'lag_6': 0.05910792779591907, 'lag_7': 0.8803145005246706, 'lag_8': 0.6773559625733898, 'lag_9': 0.8029338692007084, 'lag_10': 0.7428172866211564, 'lag_11': 0.43725559882378673, 'lag_12': 0.24125554937578989, 'lag_13': 0.38649609486034936, 'lag_14': 0.4009051925784938, 'lag_15': 0.8419948208826633, 'lag_16': 0.5060264395367318, 'lag_17': 0.7351257864144827, 'lag_18': 0.462861771540231, 'lag_19': 0.005936437009232909, 'lag_20': 0.5649887804000435, 'lag_21': 0.9105948051380918, 'lag_22': 0.3214691551069838, 'lag_23': 0.8346001250393412, 'lag_24': 0.0016059276897205516, 'lag_25': 0.7218805315429008, 'lag_26': 0.037507856398460646, 'lag_27': 0.6117800329973134, 'lag_28': 0.19722063286466401}. Best is trial 32 with value: 0.004804776896648032.
[I 2025-09-29 12:52:05,709] Trial 44 finished with value: 0.005297088803165228 and parameters: {'lag_0': 0.23824898482386697, 'lag_1': 0.6763726148758671, 'lag_2': 0.608757764888274, 'lag_3': 0.7629647629535565, 'lag_4': 0.27426074799980327, 'lag_5': 0.4032924828890918, 'lag_6': 0.004027887114913843, 'lag_7': 0.9930080663320172, 'lag_8': 0.7848719645765136, 'lag_9': 0.5476159967927419, 'lag_10': 0.8276753141257558, 'lag_11': 0.6048691755642079, 'lag_12': 0.5081023790136973, 'lag_13': 0.45333105673913565, 'lag_14': 0.5754091660750754, 'lag_15': 0.7760285471778705, 'lag_16': 0.6530557974938144, 'lag_17': 0.5585616517450712, 'lag_18': 0.37146627032234536, 'lag_19': 0.2031588359384921, 'lag_20': 0.6859026398409909, 'lag_21': 0.7277849516618822, 'lag_22': 0.3003063024769972, 'lag_23': 0.6295639195819988, 'lag_24': 0.09541942022895536, 'lag_25': 0.6523558424025261, 'lag_26': 0.22379145938658673, 'lag_27': 0.6939521848794779, 'lag_28': 0.22798744615743394}. Best is trial 32 with value: 0.004804776896648032.
[I 2025-09-29 12:52:08,196] Trial 45 finished with value: 0.005214702740716165 and parameters: {'lag_0': 0.47645768245904474, 'lag_1': 0.4155737030036827, 'lag_2': 0.1701628158228184, 'lag_3': 0.956255371096873, 'lag_4': 0.3216801278560528, 'lag_5': 0.4769525260187263, 'lag_6': 0.14981474238120557, 'lag_7': 0.8490319012400714, 'lag_8': 0.6400225946658861, 'lag_9': 0.6961692351314098, 'lag_10': 0.6699700906965145, 'lag_11': 0.45582395343385196, 'lag_12': 0.41695763937998476, 'lag_13': 0.5224237456374701, 'lag_14': 0.3794050602922313, 'lag_15': 0.6870233775910687, 'lag_16': 0.47155538651209017, 'lag_17': 0.6498881931720462, 'lag_18': 0.19049802439633096, 'lag_19': 0.08814703550081021, 'lag_20': 0.8840028819416165, 'lag_21': 0.8477124041208209, 'lag_22': 0.38383606759519434, 'lag_23': 0.9210460613817304, 'lag_24': 0.21779362908978123, 'lag_25': 0.7459237784798519, 'lag_26': 0.11618488949205179, 'lag_27': 0.43336684145791404, 'lag_28': 0.06235541253257204}. Best is trial 32 with value: 0.004804776896648032.
[I 2025-09-29 12:52:10,683] Trial 46 finished with value: 0.004888629140094002 and parameters: {'lag_0': 0.08948516668652713, 'lag_1': 0.3274053766286995, 'lag_2': 0.005492817658030882, 'lag_3': 0.8308967566273062, 'lag_4': 0.40775399596210277, 'lag_5': 0.9800632303154904, 'lag_6': 0.17499817220038333, 'lag_7': 0.6991079180766868, 'lag_8': 0.7079537003985334, 'lag_9': 0.9202991699843898, 'lag_10': 0.9092022519667328, 'lag_11': 0.36191680223799855, 'lag_12': 0.19838446314371222, 'lag_13': 0.3379015769481134, 'lag_14': 0.4693269228665053, 'lag_15': 0.8537171147767375, 'lag_16': 0.8772954108833066, 'lag_17': 0.8092451287855076, 'lag_18': 0.5405579310441494, 'lag_19': 0.15266725915643692, 'lag_20': 0.5064894344455596, 'lag_21': 0.4298074065912778, 'lag_22': 0.47224336680871937, 'lag_23': 0.721913522742021, 'lag_24': 0.14256028689550798, 'lag_25': 0.913924566287812, 'lag_26': 0.17081823302073026, 'lag_27': 0.4913699223174975, 'lag_28': 0.16642459311812183}. Best is trial 32 with value: 0.004804776896648032.
[I 2025-09-29 12:52:13,177] Trial 47 finished with value: 0.005068433906994121 and parameters: {'lag_0': 0.0644143461930069, 'lag_1': 0.3341676153058391, 'lag_2': 0.008492058690799362, 'lag_3': 0.6602547918158411, 'lag_4': 0.39733130285560814, 'lag_5': 0.9767819571703867, 'lag_6': 0.1887776604492498, 'lag_7': 0.5461561218006403, 'lag_8': 0.5489786651084146, 'lag_9': 0.9490111666853949, 'lag_10': 0.9013075876320622, 'lag_11': 0.3679664132428113, 'lag_12': 7.631812302655305e-05, 'lag_13': 0.39448808037357336, 'lag_14': 0.4651552818777596, 'lag_15': 0.21949031155898113, 'lag_16': 0.9578234630783636, 'lag_17': 0.8059331511470776, 'lag_18': 0.5896367993751513, 'lag_19': 0.15884933077551877, 'lag_20': 0.21029853294703638, 'lag_21': 0.4225471231320684, 'lag_22': 0.46492124222559705, 'lag_23': 0.7183108490184428, 'lag_24': 0.15200343174382414, 'lag_25': 0.9203680992772595, 'lag_26': 0.05733565225035464, 'lag_27': 0.3772469142025121, 'lag_28': 0.09224066399304215}. Best is trial 32 with value: 0.004804776896648032.
[I 2025-09-29 12:52:15,665] Trial 48 finished with value: 0.005725972296556912 and parameters: {'lag_0': 0.9778692620137257, 'lag_1': 0.08628263183338303, 'lag_2': 0.06280353578965385, 'lag_3': 0.5810447391659546, 'lag_4': 0.47664827914434743, 'lag_5': 0.9280781368589504, 'lag_6': 0.22898099250652754, 'lag_7': 0.6770165847780529, 'lag_8': 0.6930390667720857, 'lag_9': 0.8554385491640466, 'lag_10': 0.9669333445238711, 'lag_11': 0.20783480527574505, 'lag_12': 0.2048679626030479, 'lag_13': 0.29442560307675875, 'lag_14': 0.3017943495722393, 'lag_15': 0.4229553868944615, 'lag_16': 0.8804629242130363, 'lag_17': 0.9186186514042666, 'lag_18': 0.0629454289934892, 'lag_19': 0.2928490188735907, 'lag_20': 0.49379688257655885, 'lag_21': 0.30630941874248435, 'lag_22': 0.6109032412325294, 'lag_23': 0.5495395580525089, 'lag_24': 0.3122258168916162, 'lag_25': 0.8605716249087274, 'lag_26': 0.28253655835610936, 'lag_27': 0.286692508824985, 'lag_28': 0.2811959425888163}. Best is trial 32 with value: 0.004804776896648032.
[I 2025-09-29 12:52:18,147] Trial 49 finished with value: 0.005251963551962432 and parameters: {'lag_0': 0.09751289905672789, 'lag_1': 0.3752393102573943, 'lag_2': 0.10896396655297166, 'lag_3': 0.14580780219642492, 'lag_4': 0.030833693124974193, 'lag_5': 0.8770877781681942, 'lag_6': 0.49691131632693053, 'lag_7': 0.7288053730446894, 'lag_8': 0.6119069506836128, 'lag_9': 0.9102060322511194, 'lag_10': 0.8379000872112389, 'lag_11': 0.12103697361643846, 'lag_12': 0.14758575407949356, 'lag_13': 0.4797252779497865, 'lag_14': 0.5079503236604221, 'lag_15': 0.007269255355214721, 'lag_16': 0.8226743770176582, 'lag_17': 0.4730938891935184, 'lag_18': 0.5379780339825142, 'lag_19': 0.6011287805278818, 'lag_20': 0.33158538325172954, 'lag_21': 0.003420492690739907, 'lag_22': 0.546970910319641, 'lag_23': 0.8768792348644722, 'lag_24': 0.8461044175110528, 'lag_25': 0.9787829247983297, 'lag_26': 0.3466482608187722, 'lag_27': 0.5109625616682565, 'lag_28': 0.4229411524864136}. Best is trial 32 with value: 0.004804776896648032.
[I 2025-09-29 12:52:20,631] Trial 50 finished with value: 0.004898628510113636 and parameters: {'lag_0': 0.4353856453607734, 'lag_1': 0.2855649657695868, 'lag_2': 0.04239857227375044, 'lag_3': 0.8028937245439046, 'lag_4': 0.14386329784917362, 'lag_5': 0.9954131392583456, 'lag_6': 0.4510920112753223, 'lag_7': 0.9659834615557917, 'lag_8': 0.46098018732004237, 'lag_9': 0.5089578221607218, 'lag_10': 0.9103654075851074, 'lag_11': 0.2859298343631145, 'lag_12': 0.8189665933803965, 'lag_13': 0.06644797138357933, 'lag_14': 0.4243747149718166, 'lag_15': 0.6210724014517609, 'lag_16': 0.9761174190832296, 'lag_17': 0.6754738793805943, 'lag_18': 0.7273126695567796, 'lag_19': 0.8836935151706604, 'lag_20': 0.6157505126112278, 'lag_21': 0.46036021374318237, 'lag_22': 0.6269158897862133, 'lag_23': 0.04913742693201887, 'lag_24': 0.45282765660714747, 'lag_25': 0.43639730495857165, 'lag_26': 0.7872451181320097, 'lag_27': 0.4527517342314308, 'lag_28': 0.6545007280482074}. Best is trial 32 with value: 0.004804776896648032.
[I 2025-09-29 12:52:23,118] Trial 51 finished with value: 0.005645684759926152 and parameters: {'lag_0': 0.01995101053339897, 'lag_1': 0.27053779189101856, 'lag_2': 0.03957471175990725, 'lag_3': 0.8050613515376749, 'lag_4': 0.06292650200154074, 'lag_5': 0.9914303339352487, 'lag_6': 0.4657846776837093, 'lag_7': 0.7941361815804763, 'lag_8': 0.4581108757912941, 'lag_9': 0.35858446997309, 'lag_10': 0.9280140844520546, 'lag_11': 0.2867964923248031, 'lag_12': 0.8027538157640225, 'lag_13': 0.05745552994157921, 'lag_14': 0.4259494061991167, 'lag_15': 0.6047273279237466, 'lag_16': 0.991704003940407, 'lag_17': 0.6779901397609368, 'lag_18': 0.7465420817341053, 'lag_19': 0.6551485183584466, 'lag_20': 0.6234134248920102, 'lag_21': 0.3670189205551858, 'lag_22': 0.6446937220532968, 'lag_23': 0.04101867294136062, 'lag_24': 0.44268879938727684, 'lag_25': 0.44202496912206873, 'lag_26': 0.8389303802328227, 'lag_27': 0.47065626494417173, 'lag_28': 0.6810380518705063}. Best is trial 32 with value: 0.004804776896648032.
[I 2025-09-29 12:52:25,593] Trial 52 finished with value: 0.005242647550614066 and parameters: {'lag_0': 0.4458451562283599, 'lag_1': 0.2083593136313517, 'lag_2': 0.0683312427722631, 'lag_3': 0.8512052503072987, 'lag_4': 0.1284962916723953, 'lag_5': 0.9449096939290696, 'lag_6': 0.5400540690457095, 'lag_7': 0.954606634464744, 'lag_8': 0.09101479367978821, 'lag_9': 0.5129906348399551, 'lag_10': 0.8953760438202694, 'lag_11': 0.1870698767772606, 'lag_12': 0.7284285718717733, 'lag_13': 0.05383624606134341, 'lag_14': 0.538164135788091, 'lag_15': 0.5008828258895252, 'lag_16': 0.8811565781246644, 'lag_17': 0.535642906267933, 'lag_18': 0.7184559836598008, 'lag_19': 0.8218744377618726, 'lag_20': 0.4437493253808279, 'lag_21': 0.4541400664131642, 'lag_22': 0.488344777287559, 'lag_23': 0.004822172850182924, 'lag_24': 0.39989467641513815, 'lag_25': 0.4043306424168842, 'lag_26': 0.623299740603136, 'lag_27': 0.2980796470700005, 'lag_28': 0.5810337048885771}. Best is trial 32 with value: 0.004804776896648032.
[I 2025-09-29 12:52:28,074] Trial 53 finished with value: 0.00504611521407936 and parameters: {'lag_0': 0.3770394248793939, 'lag_1': 0.3392240000567094, 'lag_2': 0.1442104734161, 'lag_3': 0.7472072443155979, 'lag_4': 0.17339565940675153, 'lag_5': 0.881156050815425, 'lag_6': 0.2732751152837929, 'lag_7': 0.8606176182542615, 'lag_8': 0.22537899610291012, 'lag_9': 0.28521601171660704, 'lag_10': 0.9993192227616737, 'lag_11': 0.26097428952040813, 'lag_12': 0.7488401251600518, 'lag_13': 0.6329235515201572, 'lag_14': 0.4783911461146707, 'lag_15': 0.698787454715763, 'lag_16': 0.9464741099442722, 'lag_17': 0.39256083677133585, 'lag_18': 0.6511013263134933, 'lag_19': 0.992999199978972, 'lag_20': 0.5875211593963534, 'lag_21': 0.5021253881444675, 'lag_22': 0.5254624284817216, 'lag_23': 0.17513444741635104, 'lag_24': 0.5503473083544099, 'lag_25': 0.4878715128859159, 'lag_26': 0.721773519656088, 'lag_27': 0.48559408409014787, 'lag_28': 0.7357789839302462}. Best is trial 32 with value: 0.004804776896648032.
[I 2025-09-29 12:52:30,550] Trial 54 finished with value: 0.004602995643799472 and parameters: {'lag_0': 0.5820722737954873, 'lag_1': 0.14417176779443813, 'lag_2': 0.030940751635563604, 'lag_3': 0.9094522563253016, 'lag_4': 0.2122960757902804, 'lag_5': 0.838344862752529, 'lag_6': 0.3566279625645832, 'lag_7': 0.9642186685932841, 'lag_8': 0.3596666286094579, 'lag_9': 0.450909998922295, 'lag_10': 0.9554179230745271, 'lag_11': 0.34692881987542057, 'lag_12': 0.8249268731866339, 'lag_13': 0.20697494625813756, 'lag_14': 0.36332792952205895, 'lag_15': 0.614488712894128, 'lag_16': 0.9139523649483912, 'lag_17': 0.6223602171326401, 'lag_18': 0.8110930422260432, 'lag_19': 0.7694263208361418, 'lag_20': 0.732357818747309, 'lag_21': 0.38411837618001154, 'lag_22': 0.7107541961156145, 'lag_23': 0.08570221234612904, 'lag_24': 0.45627791446710225, 'lag_25': 0.35335578860095607, 'lag_26': 0.9508117272599843, 'lag_27': 0.4373935502420462, 'lag_28': 0.6473667350688783}. Best is trial 54 with value: 0.004602995643799472.
[I 2025-09-29 12:52:33,034] Trial 55 finished with value: 0.005666034300430999 and parameters: {'lag_0': 0.5990147277335404, 'lag_1': 0.1271255106014411, 'lag_2': 0.007028470588873063, 'lag_3': 0.9177946056601549, 'lag_4': 0.11489064400603365, 'lag_5': 0.811210603904496, 'lag_6': 0.36324472537707275, 'lag_7': 0.9711835778242005, 'lag_8': 0.35848430806680104, 'lag_9': 0.4653008019843871, 'lag_10': 0.9553932857053737, 'lag_11': 0.33002392177678, 'lag_12': 0.8243507727242548, 'lag_13': 0.0814854678718292, 'lag_14': 0.20176437498817906, 'lag_15': 0.5377972150072505, 'lag_16': 0.7859528384752175, 'lag_17': 0.7719813340639264, 'lag_18': 0.8655064394531495, 'lag_19': 0.8556849007584365, 'lag_20': 0.7935992783077627, 'lag_21': 0.30421768111511815, 'lag_22': 0.8254488095748089, 'lag_23': 0.10289065685189697, 'lag_24': 0.46150963048109794, 'lag_25': 0.3599438234988542, 'lag_26': 0.7497678735788313, 'lag_27': 0.3637342212193932, 'lag_28': 0.6780464960495606}. Best is trial 54 with value: 0.004602995643799472.
[I 2025-09-29 12:52:35,517] Trial 56 finished with value: 0.005199821599435056 and parameters: {'lag_0': 0.5656192239390176, 'lag_1': 0.0289354417243496, 'lag_2': 0.11438109659525184, 'lag_3': 0.9457568832162473, 'lag_4': 0.25610907574789, 'lag_5': 0.768976603630643, 'lag_6': 0.42650743156707155, 'lag_7': 0.9211154616047107, 'lag_8': 0.3961005921005011, 'lag_9': 0.3818345394871885, 'lag_10': 0.8694126399308628, 'lag_11': 0.23518940560035512, 'lag_12': 0.6834123112573376, 'lag_13': 0.2235028716474037, 'lag_14': 0.38698530825694305, 'lag_15': 0.62601327437012, 'lag_16': 0.7246175843722932, 'lag_17': 0.5574174097467816, 'lag_18': 0.805832506532717, 'lag_19': 0.7444953211381387, 'lag_20': 0.7149003946198804, 'lag_21': 0.34425834954545664, 'lag_22': 0.7413745938126599, 'lag_23': 0.044820553389972484, 'lag_24': 0.688888122438509, 'lag_25': 0.23450699144387138, 'lag_26': 0.903113311076994, 'lag_27': 0.44232657069396975, 'lag_28': 0.9353649736550307}. Best is trial 54 with value: 0.004602995643799472.
[I 2025-09-29 12:52:37,998] Trial 57 finished with value: 0.004880977652997365 and parameters: {'lag_0': 0.6474742201429178, 'lag_1': 0.23490078137569892, 'lag_2': 0.043302019553928706, 'lag_3': 0.3478034109504692, 'lag_4': 0.15344975250338494, 'lag_5': 0.9031860878683141, 'lag_6': 0.32374400802545794, 'lag_7': 0.10125898713095871, 'lag_8': 0.5415797819268113, 'lag_9': 0.21392771786567316, 'lag_10': 0.9287840260420225, 'lag_11': 0.15683719550855785, 'lag_12': 0.8554414603517801, 'lag_13': 0.17091567849864822, 'lag_14': 0.6144827380435942, 'lag_15': 0.46543596249645186, 'lag_16': 0.9134594333186047, 'lag_17': 0.6805906980563927, 'lag_18': 0.8645667553971149, 'lag_19': 0.7417668902693456, 'lag_20': 0.7388409870318177, 'lag_21': 0.5341959812242767, 'lag_22': 0.606026083385928, 'lag_23': 0.1678286776865423, 'lag_24': 0.531834015608972, 'lag_25': 0.31123767020098747, 'lag_26': 0.9914387519542104, 'lag_27': 0.405120834108843, 'lag_28': 0.608574266323464}. Best is trial 54 with value: 0.004602995643799472.
[I 2025-09-29 12:52:40,476] Trial 58 finished with value: 0.005496894599032786 and parameters: {'lag_0': 0.6654738544517133, 'lag_1': 0.21994678558549793, 'lag_2': 0.0395968230773693, 'lag_3': 0.3633955231403614, 'lag_4': 0.21344475383688422, 'lag_5': 0.9017343575872535, 'lag_6': 0.3482166064757217, 'lag_7': 0.11069189087919003, 'lag_8': 0.558435822233742, 'lag_9': 0.2786504055300112, 'lag_10': 0.9036029100263595, 'lag_11': 0.05006654607141675, 'lag_12': 0.7692794539339223, 'lag_13': 0.1674423771496461, 'lag_14': 0.6175965101095513, 'lag_15': 0.39687570319212084, 'lag_16': 0.8523623267985561, 'lag_17': 0.6677131006757108, 'lag_18': 0.9485768278451682, 'lag_19': 0.9101830058028721, 'lag_20': 0.6669296370462181, 'lag_21': 0.5396313311068937, 'lag_22': 0.7099012052346192, 'lag_23': 0.26735411277816234, 'lag_24': 0.5588330706901162, 'lag_25': 0.3031915997775623, 'lag_26': 0.9795710835621333, 'lag_27': 0.31277909897437206, 'lag_28': 0.6259441522941686}. Best is trial 54 with value: 0.004602995643799472.
[I 2025-09-29 12:52:42,956] Trial 59 finished with value: 0.005493904156856012 and parameters: {'lag_0': 0.7420668050730075, 'lag_1': 0.3044135374782374, 'lag_2': 0.18499522143039482, 'lag_3': 0.29752699689019857, 'lag_4': 0.34402562825921545, 'lag_5': 0.9612512969680431, 'lag_6': 0.29628059029759585, 'lag_7': 0.14365187800327067, 'lag_8': 0.5227668415667373, 'lag_9': 0.016077116102911848, 'lag_10': 0.9548585926732497, 'lag_11': 0.16602652436089377, 'lag_12': 0.8533214715041786, 'lag_13': 0.016716634053674413, 'lag_14': 0.5385519669412264, 'lag_15': 0.472345851744256, 'lag_16': 0.9069398639349401, 'lag_17': 0.8091820171668986, 'lag_18': 0.9052336194092402, 'lag_19': 0.7443230177914626, 'lag_20': 0.8383282484264017, 'lag_21': 0.6053700269760875, 'lag_22': 0.6112849356712391, 'lag_23': 0.14842449427056215, 'lag_24': 0.6739640828970028, 'lag_25': 0.1389761496844908, 'lag_26': 0.9486024990884311, 'lag_27': 0.4055549814615265, 'lag_28': 0.7507465520047363}. Best is trial 54 with value: 0.004602995643799472.
[I 2025-09-29 12:52:45,435] Trial 60 finished with value: 0.004892650516597945 and parameters: {'lag_0': 0.6370313028182485, 'lag_1': 0.1681433071915134, 'lag_2': 0.07435866421771571, 'lag_3': 0.9765588261502045, 'lag_4': 0.1731054462189262, 'lag_5': 0.8436620886733442, 'lag_6': 0.4282194639363661, 'lag_7': 0.3653281129198649, 'lag_8': 0.4698666446900699, 'lag_9': 0.15175995537334674, 'lag_10': 0.8543744683142614, 'lag_11': 0.35558323155190846, 'lag_12': 0.9558883852804196, 'lag_13': 0.2051830473830862, 'lag_14': 0.6510955276477854, 'lag_15': 0.61121629688102, 'lag_16': 0.960256064043899, 'lag_17': 0.9438718958742138, 'lag_18': 0.9917416419855083, 'lag_19': 0.8898451285629653, 'lag_20': 0.8746326638887281, 'lag_21': 0.4714624049470034, 'lag_22': 0.6783351723320964, 'lag_23': 0.1829158983927987, 'lag_24': 0.47078916014477035, 'lag_25': 0.2676816858415511, 'lag_26': 0.9159692380787627, 'lag_27': 0.2502645270260866, 'lag_28': 0.6580421618138378}. Best is trial 54 with value: 0.004602995643799472.
