[I 2025-09-29 11:52:54,011] Trial 20 finished with value: 0.009840467876108493 and parameters: {'lag_0': 0.9994378784160407, 'lag_1': 0.42596996006621585, 'lag_2': 0.5278743058016191, 'lag_3': 0.9532057966197589, 'lag_4': 0.9826523222198542, 'lag_5': 0.619148727626234, 'lag_6': 0.8124460154761616, 'lag_7': 0.2354806531890492, 'lag_8': 0.11341646910322473, 'lag_9': 0.689462410038277, 'lag_10': 0.6144119235772173, 'lag_11': 0.282104248718476, 'lag_12': 0.7527604061521761, 'lag_13': 0.8205259115412069, 'lag_14': 0.3515430563256496, 'lag_15': 0.5313880366061227, 'lag_16': 0.24683658607968553, 'lag_17': 0.5403405720255888, 'lag_18': 0.58493251091343, 'lag_19': 0.5723441697821627, 'lag_20': 0.3748550801546254, 'lag_21': 0.6032265531199903, 'lag_22': 0.04485800163757352, 'lag_23': 0.24435616616593514, 'lag_24': 0.1215513110202655, 'lag_25': 0.6704540760074188, 'lag_26': 0.3868594810639365, 'lag_27': 0.6369138570425622, 'lag_28': 0.31908976332536465}. Best is trial 17 with value: 0.009755368697770796.
[I 2025-09-29 11:52:56,643] Trial 21 finished with value: 0.009982609780321467 and parameters: {'lag_0': 0.45059005314514156, 'lag_1': 0.6260870167231898, 'lag_2': 0.7112601792078865, 'lag_3': 0.1601262113322118, 'lag_4': 0.3504822097325132, 'lag_5': 0.8412455788812866, 'lag_6': 0.30835901822107725, 'lag_7': 0.32911444617771324, 'lag_8': 0.6674030180739181, 'lag_9': 0.41741042612187046, 'lag_10': 0.6694331679852004, 'lag_11': 0.5768668851936917, 'lag_12': 0.8544821041354163, 'lag_13': 0.5125267583172943, 'lag_14': 0.5124110645961802, 'lag_15': 0.6994852550095139, 'lag_16': 0.25996974986326565, 'lag_17': 0.22387976086165226, 'lag_18': 0.5826805924148835, 'lag_19': 0.7016248929906815, 'lag_20': 0.09479591355903143, 'lag_21': 0.8464112198445823, 'lag_22': 0.24718922769978002, 'lag_23': 0.31929556662342706, 'lag_24': 0.3314830742515008, 'lag_25': 0.46323513468767785, 'lag_26': 0.10438414467988831, 'lag_27': 0.9105880646972246, 'lag_28': 0.15973927836105323}. Best is trial 17 with value: 0.009755368697770796.
[I 2025-09-29 11:52:59,272] Trial 22 finished with value: 0.009867294871197363 and parameters: {'lag_0': 0.5943458553897414, 'lag_1': 0.7928774855650539, 'lag_2': 0.5796252708806129, 'lag_3': 0.30894217045267114, 'lag_4': 0.3244318833029325, 'lag_5': 0.8236170409307477, 'lag_6': 0.618847616068244, 'lag_7': 0.4704088601255737, 'lag_8': 0.8053056486285958, 'lag_9': 0.7928497051000053, 'lag_10': 0.8311950905252709, 'lag_11': 0.13064762032504684, 'lag_12': 0.47839819052654087, 'lag_13': 0.6012940557204248, 'lag_14': 0.7362011490678108, 'lag_15': 0.6644586467429846, 'lag_16': 0.09434304293968299, 'lag_17': 0.22975162515975683, 'lag_18': 0.44493727217411705, 'lag_19': 0.4004517550687948, 'lag_20': 0.016242394872386517, 'lag_21': 0.46494963829799796, 'lag_22': 0.6955483336412218, 'lag_23': 0.43571374658636086, 'lag_24': 0.15575344293040136, 'lag_25': 0.20704071261252255, 'lag_26': 0.16505535307116276, 'lag_27': 0.7766515055764278, 'lag_28': 0.3695373845723938}. Best is trial 17 with value: 0.009755368697770796.
[I 2025-09-29 11:53:01,882] Trial 23 finished with value: 0.00993280680021993 and parameters: {'lag_0': 0.7131091936677827, 'lag_1': 0.44313700593877975, 'lag_2': 0.44208272111979957, 'lag_3': 0.45308181324713237, 'lag_4': 0.16350866882254686, 'lag_5': 0.6442278609832554, 'lag_6': 0.3612860289549012, 'lag_7': 0.29502509163087287, 'lag_8': 0.5311491781582548, 'lag_9': 0.6270188441456426, 'lag_10': 0.43085084324211226, 'lag_11': 0.4398038580468864, 'lag_12': 0.405446522131514, 'lag_13': 0.3979497890212095, 'lag_14': 0.013855943192979947, 'lag_15': 0.8391543722868497, 'lag_16': 0.3846537507775683, 'lag_17': 0.2928025923668637, 'lag_18': 0.760866884190766, 'lag_19': 0.6677878522839359, 'lag_20': 0.40327857096720743, 'lag_21': 0.6633039863918979, 'lag_22': 0.41848230432514794, 'lag_23': 0.07112198050051892, 'lag_24': 0.2904208297194812, 'lag_25': 0.27568446664553387, 'lag_26': 0.22299851378599284, 'lag_27': 0.6567200797650389, 'lag_28': 0.23584788509272836}. Best is trial 17 with value: 0.009755368697770796.
[I 2025-09-29 11:53:04,496] Trial 24 finished with value: 0.00993900399024859 and parameters: {'lag_0': 0.8520448810517003, 'lag_1': 0.6022217418862471, 'lag_2': 0.7426819133623969, 'lag_3': 0.1515634233902032, 'lag_4': 0.6203107318375181, 'lag_5': 0.4418592051020875, 'lag_6': 0.5084074323063955, 'lag_7': 0.4354714463939151, 'lag_8': 0.8484612260882501, 'lag_9': 0.4675704215370808, 'lag_10': 0.5543322500721736, 'lag_11': 0.3066218860639717, 'lag_12': 0.5431488196383104, 'lag_13': 0.46416836336364187, 'lag_14': 0.8678176653088108, 'lag_15': 0.6944503525145915, 'lag_16': 0.2832928968894312, 'lag_17': 0.00829480200077563, 'lag_18': 0.6020246549287736, 'lag_19': 0.8341349281725365, 'lag_20': 0.17755044728045805, 'lag_21': 0.9995158527417893, 'lag_22': 0.5650852381401854, 'lag_23': 0.22451779051239984, 'lag_24': 0.012443686395345585, 'lag_25': 0.9935230906413135, 'lag_26': 0.07866337415691191, 'lag_27': 0.9249475142518041, 'lag_28': 0.1387237056444836}. Best is trial 17 with value: 0.009755368697770796.
[I 2025-09-29 11:53:07,121] Trial 25 finished with value: 0.009783783361662138 and parameters: {'lag_0': 0.4039984385773587, 'lag_1': 0.4924930949344801, 'lag_2': 0.9175097944294207, 'lag_3': 0.2103835813355932, 'lag_4': 0.46296068286470005, 'lag_5': 0.9778201905690118, 'lag_6': 0.8309751781539664, 'lag_7': 0.08564050894915798, 'lag_8': 0.6000355272773812, 'lag_9': 0.9867785773525743, 'lag_10': 0.718507561190146, 'lag_11': 0.7242964531327846, 'lag_12': 0.877821395341544, 'lag_13': 0.5368512519456198, 'lag_14': 0.5048353214608498, 'lag_15': 0.5338608202204165, 'lag_16': 0.12715983427865574, 'lag_17': 0.15620589153283965, 'lag_18': 0.32568950753250914, 'lag_19': 0.5676300941223769, 'lag_20': 0.08020124139906272, 'lag_21': 0.33087311672614317, 'lag_22': 0.9010760598389365, 'lag_23': 0.3731006078910246, 'lag_24': 0.17260854733760533, 'lag_25': 0.507105174250285, 'lag_26': 0.022435903085694653, 'lag_27': 0.8194109088553134, 'lag_28': 0.27542980260311184}. Best is trial 17 with value: 0.009755368697770796.
[I 2025-09-29 11:53:09,768] Trial 26 finished with value: 0.009882437932055317 and parameters: {'lag_0': 0.3649253457588292, 'lag_1': 0.4898067722977419, 'lag_2': 0.9839295757979121, 'lag_3': 0.5923336788789666, 'lag_4': 0.47400961541085807, 'lag_5': 0.2413500825823791, 'lag_6': 0.8132507569260815, 'lag_7': 0.08885351484830013, 'lag_8': 0.4078783880030445, 'lag_9': 0.9981254735873223, 'lag_10': 0.7579172960384609, 'lag_11': 0.7034688823223784, 'lag_12': 0.7861658489379528, 'lag_13': 0.5580618777885946, 'lag_14': 0.49950210996524824, 'lag_15': 0.4174704648407231, 'lag_16': 0.08968216508819138, 'lag_17': 0.1408355571391669, 'lag_18': 0.21774007433180592, 'lag_19': 0.5542010785650167, 'lag_20': 0.10043913372726777, 'lag_21': 0.3243813100458386, 'lag_22': 0.8869669759495813, 'lag_23': 0.1298487783735786, 'lag_24': 0.14732467919292233, 'lag_25': 0.5463922637600692, 'lag_26': 0.021643252684208233, 'lag_27': 0.8065339163606366, 'lag_28': 0.3968580218844869}. Best is trial 17 with value: 0.009755368697770796.
[I 2025-09-29 11:53:12,369] Trial 27 finished with value: 0.009763272404581075 and parameters: {'lag_0': 0.7249553185260659, 'lag_1': 0.35398991505340704, 'lag_2': 0.9117525414053139, 'lag_3': 0.4064480569819322, 'lag_4': 0.6045565809547326, 'lag_5': 0.8120922277496506, 'lag_6': 0.8485960408189378, 'lag_7': 0.07126640794410222, 'lag_8': 0.5896365118179852, 'lag_9': 0.882615777203811, 'lag_10': 0.8815439316054041, 'lag_11': 0.790869136660366, 'lag_12': 0.6836145087377775, 'lag_13': 0.2851255542344842, 'lag_14': 0.6312465316066291, 'lag_15': 0.5373558557209195, 'lag_16': 0.10772231563643198, 'lag_17': 0.0073396006084585075, 'lag_18': 0.34860900131613975, 'lag_19': 0.45352603228373756, 'lag_20': 0.22496090559924342, 'lag_21': 0.1808701799764646, 'lag_22': 0.9413496101534535, 'lag_23': 0.014449173040784483, 'lag_24': 0.3865811819230624, 'lag_25': 0.7143375438380558, 'lag_26': 0.07691121688878715, 'lag_27': 0.9135044516273968, 'lag_28': 0.5266008475853434}. Best is trial 17 with value: 0.009755368697770796.
[I 2025-09-29 11:53:14,981] Trial 28 finished with value: 0.010069596858042755 and parameters: {'lag_0': 0.4073285342653483, 'lag_1': 0.3299325948323004, 'lag_2': 0.9032471065886514, 'lag_3': 0.39567475957965437, 'lag_4': 0.6975441808801696, 'lag_5': 0.6751479227411675, 'lag_6': 0.9226087330153201, 'lag_7': 0.07188325713063062, 'lag_8': 0.6634359101462439, 'lag_9': 0.9121798093180905, 'lag_10': 0.9178700132162035, 'lag_11': 0.8146220890606114, 'lag_12': 0.7136152004762111, 'lag_13': 0.24034431269468667, 'lag_14': 0.6451068529831457, 'lag_15': 0.5399890831853851, 'lag_16': 0.09559089362428788, 'lag_17': 0.004947435237089869, 'lag_18': 0.34661430197032883, 'lag_19': 0.44466696571298714, 'lag_20': 0.2168624440584782, 'lag_21': 0.1890048220810511, 'lag_22': 0.9927409110320624, 'lag_23': 0.1895586939085368, 'lag_24': 0.37583301081931303, 'lag_25': 0.6983435554315128, 'lag_26': 0.010182523905056575, 'lag_27': 0.6124964552997305, 'lag_28': 0.6799813262040644}. Best is trial 17 with value: 0.009755368697770796.
[I 2025-09-29 11:53:17,608] Trial 29 finished with value: 0.009843123328732478 and parameters: {'lag_0': 0.3256549527439819, 'lag_1': 0.14757726821775685, 'lag_2': 0.8964425993893332, 'lag_3': 0.5141489087897622, 'lag_4': 0.6000163600786462, 'lag_5': 0.9133882248014931, 'lag_6': 0.16423611146361183, 'lag_7': 0.160139099336767, 'lag_8': 0.47589742605430246, 'lag_9': 0.7831040371854969, 'lag_10': 0.8635043613422279, 'lag_11': 0.7677865500667589, 'lag_12': 0.8927704103467758, 'lag_13': 0.08074022929319125, 'lag_14': 0.5414009759549145, 'lag_15': 0.3876880330316631, 'lag_16': 0.14351517081342596, 'lag_17': 0.1612599743478051, 'lag_18': 0.1406350676137456, 'lag_19': 0.34472593546142655, 'lag_20': 0.3612967758680725, 'lag_21': 0.029421261841566737, 'lag_22': 0.9580128164062309, 'lag_23': 0.0039852885674621, 'lag_24': 0.5999557285730621, 'lag_25': 0.8541933294479647, 'lag_26': 0.98288006063898, 'lag_27': 0.9449575531872411, 'lag_28': 0.820773997303601}. Best is trial 17 with value: 0.009755368697770796.
[I 2025-09-29 11:53:20,239] Trial 30 finished with value: 0.009837293635596347 and parameters: {'lag_0': 0.6248329563144465, 'lag_1': 0.38155565968297883, 'lag_2': 0.8199829167440652, 'lag_3': 0.46019912882485414, 'lag_4': 0.6881986150223016, 'lag_5': 0.5482998791383733, 'lag_6': 0.8633844650566012, 'lag_7': 0.05038021541040136, 'lag_8': 0.19149378382301602, 'lag_9': 0.959953067747422, 'lag_10': 0.7771082357777699, 'lag_11': 0.6103531947267509, 'lag_12': 0.3657921588035249, 'lag_13': 0.3016843497436129, 'lag_14': 0.6796293824691367, 'lag_15': 0.4803977916361847, 'lag_16': 0.061109287820901095, 'lag_17': 0.07336059208067802, 'lag_18': 0.23751178171452308, 'lag_19': 0.5747106982399522, 'lag_20': 0.13729995252788643, 'lag_21': 0.13407391313047673, 'lag_22': 0.8686905447248456, 'lag_23': 0.8671214405215459, 'lag_24': 0.548601422531239, 'lag_25': 0.5714561943419737, 'lag_26': 0.6796222139112522, 'lag_27': 0.40416149457809847, 'lag_28': 0.5281524067658364}. Best is trial 17 with value: 0.009755368697770796.
[I 2025-09-29 11:53:22,848] Trial 31 finished with value: 0.0099491546275754 and parameters: {'lag_0': 0.7314324554872972, 'lag_1': 0.2556011192453187, 'lag_2': 0.9491205734629368, 'lag_3': 0.2869726789459751, 'lag_4': 0.4573545566325813, 'lag_5': 0.807553025050289, 'lag_6': 0.7878552696037867, 'lag_7': 0.20735105738018028, 'lag_8': 0.5833639150248745, 'lag_9': 0.8705730016057557, 'lag_10': 0.6010031823627696, 'lag_11': 0.4514619137649505, 'lag_12': 0.61432262463289, 'lag_13': 0.39367105896353993, 'lag_14': 0.47054299769067365, 'lag_15': 0.5806999887450954, 'lag_16': 0.15112321452808614, 'lag_17': 0.15447624295302526, 'lag_18': 0.4522541480257196, 'lag_19': 0.48721835483579934, 'lag_20': 0.08276140690990585, 'lag_21': 0.27756230319693886, 'lag_22': 0.7673238250964196, 'lag_23': 0.09208307014271995, 'lag_24': 0.080528966969205, 'lag_25': 0.7503144246990854, 'lag_26': 0.08100223922827701, 'lag_27': 0.8875601723865215, 'lag_28': 0.6119817471089831}. Best is trial 17 with value: 0.009755368697770796.
[I 2025-09-29 11:53:25,469] Trial 32 finished with value: 0.010033762961841521 and parameters: {'lag_0': 0.8663883723110739, 'lag_1': 0.5017322095404253, 'lag_2': 0.7946757753762128, 'lag_3': 0.23612434878277652, 'lag_4': 0.26704850720498574, 'lag_5': 0.9074769070780347, 'lag_6': 0.6587791718534948, 'lag_7': 0.15032833844312277, 'lag_8': 0.5373880499587095, 'lag_9': 0.8636054357969413, 'lag_10': 0.47411818217353807, 'lag_11': 0.8989097350079183, 'lag_12': 0.5615141439583065, 'lag_13': 0.6368436896676408, 'lag_14': 0.3721717649731907, 'lag_15': 0.6526099129971115, 'lag_16': 0.328785623030427, 'lag_17': 0.045974321466467474, 'lag_18': 0.34333092596463355, 'lag_19': 0.44278907641404364, 'lag_20': 0.02814587055976122, 'lag_21': 0.5008115527043696, 'lag_22': 0.8562432911689191, 'lag_23': 0.2649023516544586, 'lag_24': 0.17540686712920325, 'lag_25': 0.5001449617909043, 'lag_26': 0.2375761894438555, 'lag_27': 0.8281761139297554, 'lag_28': 0.48715951952413267}. Best is trial 17 with value: 0.009755368697770796.
[I 2025-09-29 11:53:28,082] Trial 33 finished with value: 0.009990114511263373 and parameters: {'lag_0': 0.7631539423307447, 'lag_1': 0.5037075960176097, 'lag_2': 0.8539434895478072, 'lag_3': 0.3457736065727358, 'lag_4': 0.5538674478041027, 'lag_5': 0.8609732753909443, 'lag_6': 0.8980000175048879, 'lag_7': 0.26839437955612877, 'lag_8': 0.3799670344214494, 'lag_9': 0.9246514560154875, 'lag_10': 0.8866398506983173, 'lag_11': 0.7188355475136612, 'lag_12': 0.8081198818673787, 'lag_13': 0.7253435083434936, 'lag_14': 0.5526591554271176, 'lag_15': 0.5580110495270589, 'lag_16': 0.2089684483281263, 'lag_17': 0.39529886546459886, 'lag_18': 0.504564411900617, 'lag_19': 0.7856053823235474, 'lag_20': 0.05816262867438303, 'lag_21': 0.3805295952002874, 'lag_22': 0.7372891371282524, 'lag_23': 0.06607759095200505, 'lag_24': 0.3914249307997606, 'lag_25': 0.9438181902108327, 'lag_26': 0.09848024261461436, 'lag_27': 0.9399264168713362, 'lag_28': 0.0034675505274435747}. Best is trial 17 with value: 0.009755368697770796.
[I 2025-09-29 11:53:30,710] Trial 34 finished with value: 0.010167509904553737 and parameters: {'lag_0': 0.6566698869032426, 'lag_1': 0.281179036268986, 'lag_2': 0.7671070727024014, 'lag_3': 0.4118183333209824, 'lag_4': 0.39520142219019316, 'lag_5': 0.74589960262256, 'lag_6': 0.9943654862415984, 'lag_7': 0.40541952507768203, 'lag_8': 0.5838458597410232, 'lag_9': 0.7383058477153599, 'lag_10': 0.5091436030186556, 'lag_11': 0.8776270225782619, 'lag_12': 0.7126769217592402, 'lag_13': 0.5176411982543114, 'lag_14': 0.22648337840777333, 'lag_15': 0.6349574224232346, 'lag_16': 0.4610813416025214, 'lag_17': 0.6670218510691079, 'lag_18': 0.3789838964420757, 'lag_19': 0.012158633695131482, 'lag_20': 0.2425849676151701, 'lag_21': 0.3147427314790401, 'lag_22': 0.9380826434972288, 'lag_23': 0.17642714987670832, 'lag_24': 0.0610994514742165, 'lag_25': 0.7083869680864254, 'lag_26': 0.052139683368167586, 'lag_27': 0.811218216748172, 'lag_28': 0.3195607845803907}. Best is trial 17 with value: 0.009755368697770796.
[I 2025-09-29 11:53:33,332] Trial 35 finished with value: 0.009964868618827042 and parameters: {'lag_0': 0.5366367684650002, 'lag_1': 0.1804099305108049, 'lag_2': 0.9344299514946504, 'lag_3': 0.21416018614799742, 'lag_4': 0.5050030489783058, 'lag_5': 0.9299409064441819, 'lag_6': 0.7590739793760894, 'lag_7': 0.3754617115887567, 'lag_8': 0.6509437670957281, 'lag_9': 0.7483276511208605, 'lag_10': 0.7264711554321428, 'lag_11': 0.2624092740706935, 'lag_12': 0.49793719739974307, 'lag_13': 0.1295546784070839, 'lag_14': 0.31594160826547746, 'lag_15': 0.23746174526850317, 'lag_16': 0.13442573865949276, 'lag_17': 0.4488539250872385, 'lag_18': 0.2723865839659303, 'lag_19': 0.5816911830836915, 'lag_20': 0.13236293526876203, 'lag_21': 0.5653178818771722, 'lag_22': 0.6286500200814432, 'lag_23': 0.5959613157045889, 'lag_24': 0.9673202184168407, 'lag_25': 0.6295799590944059, 'lag_26': 0.1278481324527227, 'lag_27': 0.7229308302001156, 'lag_28': 0.4380988955136854}. Best is trial 17 with value: 0.009755368697770796.
[I 2025-09-29 11:53:35,949] Trial 36 finished with value: 0.010002588347553248 and parameters: {'lag_0': 0.25313461718133745, 'lag_1': 0.39076954682315723, 'lag_2': 0.8783363711302443, 'lag_3': 0.07901963177367674, 'lag_4': 0.6597517344771467, 'lag_5': 0.7601778010016906, 'lag_6': 0.8418845940751619, 'lag_7': 0.05774455970703584, 'lag_8': 0.4642886370264845, 'lag_9': 0.6590561124771297, 'lag_10': 0.3501392194502783, 'lag_11': 0.5087391941141703, 'lag_12': 0.9254283855802787, 'lag_13': 0.8408153377271042, 'lag_14': 0.5904477133033834, 'lag_15': 0.4812016017101745, 'lag_16': 0.8554134691124038, 'lag_17': 0.1654135800491432, 'lag_18': 0.832069858445194, 'lag_19': 0.1593560402376264, 'lag_20': 0.17264842518252266, 'lag_21': 0.1733748398808689, 'lag_22': 0.9953477679030636, 'lag_23': 0.0047250631076596605, 'lag_24': 0.42356876505224283, 'lag_25': 0.8199722724577878, 'lag_26': 0.30176693900638546, 'lag_27': 0.9533333036390411, 'lag_28': 0.09371396429031803}. Best is trial 17 with value: 0.009755368697770796.
[I 2025-09-29 11:53:38,568] Trial 37 finished with value: 0.009959607434330303 and parameters: {'lag_0': 0.03624318351704986, 'lag_1': 0.767507992026892, 'lag_2': 0.48726672754781936, 'lag_3': 0.2066139130854223, 'lag_4': 0.7388506294671298, 'lag_5': 0.9470915231448116, 'lag_6': 0.6947646897806381, 'lag_7': 0.661412060843124, 'lag_8': 0.7236365989830307, 'lag_9': 0.8469469136853967, 'lag_10': 0.7993329507306821, 'lag_11': 0.9298741689291823, 'lag_12': 0.6822878915216474, 'lag_13': 0.6917922376836387, 'lag_14': 0.4459031923924672, 'lag_15': 0.3931339981972628, 'lag_16': 0.30388674844907326, 'lag_17': 0.065537962042785, 'lag_18': 0.9910876570565603, 'lag_19': 0.29224303770408433, 'lag_20': 0.32438446854273245, 'lag_21': 0.4393005116189993, 'lag_22': 0.8353787521466618, 'lag_23': 0.48526326148390886, 'lag_24': 0.2743521154430574, 'lag_25': 0.4398670075971097, 'lag_26': 0.4848497529339492, 'lag_27': 0.8412764289158167, 'lag_28': 0.3912257736195962}. Best is trial 17 with value: 0.009755368697770796.
[I 2025-09-29 11:53:41,207] Trial 38 finished with value: 0.0100108502230286 and parameters: {'lag_0': 0.879045091225757, 'lag_1': 0.6447417426531638, 'lag_2': 0.28142546230067644, 'lag_3': 0.27263348038911783, 'lag_4': 0.43757969339176755, 'lag_5': 0.8559696428310152, 'lag_6': 0.6612065947893562, 'lag_7': 0.5264572472063154, 'lag_8': 0.5927547867084961, 'lag_9': 0.9216190282324579, 'lag_10': 0.5860847463424913, 'lag_11': 0.8245703736519916, 'lag_12': 0.6105114712650498, 'lag_13': 0.2225566923890755, 'lag_14': 0.8389579619499423, 'lag_15': 0.8086888564597099, 'lag_16': 0.20593580814257145, 'lag_17': 0.8338458382597478, 'lag_18': 0.6818313885716502, 'lag_19': 0.7142315416091407, 'lag_20': 0.060509257788407905, 'lag_21': 0.2531825886018927, 'lag_22': 0.14882967018679152, 'lag_23': 0.3981021955391929, 'lag_24': 0.17999087571860603, 'lag_25': 0.9179772178239919, 'lag_26': 0.07321609227881225, 'lag_27': 0.8986843572405849, 'lag_28': 0.9967603176976108}. Best is trial 17 with value: 0.009755368697770796.
[I 2025-09-29 11:53:43,942] Trial 39 finished with value: 0.009984389512756715 and parameters: {'lag_0': 0.7509140619923578, 'lag_1': 0.327648943082524, 'lag_2': 0.6018872026833717, 'lag_3': 0.5822217865004847, 'lag_4': 0.29587593709709525, 'lag_5': 0.7948348314893036, 'lag_6': 0.1581244682616577, 'lag_7': 0.8470868898294632, 'lag_8': 0.35254371973563137, 'lag_9': 0.999492981900865, 'lag_10': 0.9999391868048446, 'lag_11': 0.21394725286011707, 'lag_12': 0.8297728441017332, 'lag_13': 0.6121492807297663, 'lag_14': 0.38126695419326334, 'lag_15': 0.6014299847769394, 'lag_16': 0.9958523166790255, 'lag_17': 0.19423648289039988, 'lag_18': 0.5403532293114744, 'lag_19': 0.9052131010984679, 'lag_20': 0.45344791253888705, 'lag_21': 0.5058887106838964, 'lag_22': 0.7188426646778134, 'lag_23': 0.5333738163888996, 'lag_24': 0.04501166945111887, 'lag_25': 0.5019615999835572, 'lag_26': 0.19332360925014455, 'lag_27': 0.5633481608386239, 'lag_28': 0.19581402770027084}. Best is trial 17 with value: 0.009755368697770796.
[I 2025-09-29 11:53:46,572] Trial 40 finished with value: 0.00976112105709473 and parameters: {'lag_0': 0.962446371859728, 'lag_1': 0.5258871445642552, 'lag_2': 0.012071053749911076, 'lag_3': 0.3463658454453579, 'lag_4': 0.508795577639669, 'lag_5': 0.7182823309680088, 'lag_6': 0.5679495941364143, 'lag_7': 0.1854697944732564, 'lag_8': 0.5044489361132971, 'lag_9': 0.8931104333366817, 'lag_10': 0.68806204347917, 'lag_11': 0.3314791908425698, 'lag_12': 0.7421399669811442, 'lag_13': 0.6885016455777548, 'lag_14': 0.15133455750116123, 'lag_15': 0.5161939194019554, 'lag_16': 0.04869150870290563, 'lag_17': 0.342963321768409, 'lag_18': 0.46311614065225654, 'lag_19': 0.39089042456614764, 'lag_20': 0.20168442645181223, 'lag_21': 0.6158842617066308, 'lag_22': 0.9022036572992711, 'lag_23': 0.30014579637370203, 'lag_24': 0.11624085769573203, 'lag_25': 0.5796217690880476, 'lag_26': 0.4494059685627327, 'lag_27': 0.7821770709386311, 'lag_28': 0.28725186408902764}. Best is trial 17 with value: 0.009755368697770796.
