[I 2025-10-03 11:32:48,854] Trial 38 finished with values: [0.006872608024691358, 0.004452487962279901, 9.780821704844121e-05, 0.000944292443371518, 0.0005531212922566473, 0.00046683835276324046, 0.0012998868853274733, 0.0006876188690811963, 0.00030565136763598485, 0.0014893963913230846, 0.0006834382070402588, 0.0022045155000335287, 0.0025315153026580464, 0.020286716120705334, 0.0, 0.0406356852113961, 0.0053152615255465776, 0.0005255894158231279, 0.006214028352215205, 7.01139289918125e-05, 0.005580703540156577, 0.0025108851843381732, 0.004162551746358674, 0.005674981248989967, 0.005450458264242986, 0.0009764215123751344, 0.0004502479678379985, 0.0008143928684732137, 0.22627806198597886] and parameters: {'lag_0': 0.6526147844178667, 'lag_1': 0.8235330620603755, 'lag_2': 0.2524252584508839, 'lag_3': 0.6464271096254193, 'lag_4': 0.3866178731654689, 'lag_5': 0.7216705617540382, 'lag_6': 0.3347848989022631, 'lag_7': 0.038718520065680787, 'lag_8': 0.46497595218660354, 'lag_9': 0.5919920516546641, 'lag_10': 0.3009390025699831, 'lag_11': 0.6723999364700423, 'lag_12': 0.14839034548786134, 'lag_13': 0.03115614737727955, 'lag_14': 0.9004785327857217, 'lag_15': 0.7271013908836392, 'lag_16': 0.870402494740707, 'lag_17': 0.8010773505696902, 'lag_18': 0.45441404395078117, 'lag_19': 0.161649108045471, 'lag_20': 0.5621788375168815, 'lag_21': 0.9472285363709234, 'lag_22': 0.1420958949137762, 'lag_23': 0.5613146559184927, 'lag_24': 0.005834638355612948, 'lag_25': 0.5746853092137713, 'lag_26': 0.12381218045285661, 'lag_27': 0.7391449258027555, 'lag_28': 0.24513402384166616}.
[I 2025-10-03 11:32:51,508] Trial 39 finished with values: [0.0017983471074380167, 0.0012472983249406824, 0.00026207878135952136, 0.0007880830059783916, 0.0003547071670092948, 0.000994517859801547, 0.0011547440969868086, 0.0004464251553527792, 0.001103347270919523, 0.0013210472964304194, 0.0005497607688193824, 0.0010674467903222366, 0.005154814545842922, 0.01836752509956229, 0.0, 0.039550913426977766, 0.0055577193183611266, 0.0012720505467717477, 0.0072346614876096175, 1.8093903608030466e-05, 0.006121293478039717, 0.003532296901053197, 0.003380720143844141, 0.0057741261071740544, 0.005509130887377465, 0.001989010795943533, 0.0006013032240718631, 0.0008547109113875597, 0.22899322986887935] and parameters: {'lag_0': 0.9007400403533147, 'lag_1': 0.11491454108780697, 'lag_2': 0.9555486408790123, 'lag_3': 0.46118381512587964, 'lag_4': 0.9154942520683786, 'lag_5': 0.7867694794494298, 'lag_6': 0.9620020032921555, 'lag_7': 0.6718607683970234, 'lag_8': 0.38670741568989775, 'lag_9': 0.951941355206084, 'lag_10': 0.6733745160693594, 'lag_11': 0.24697969881347417, 'lag_12': 0.3074285529798579, 'lag_13': 0.8619730106107037, 'lag_14': 0.20371284209638035, 'lag_15': 0.7029361401440827, 'lag_16': 0.3864415349699295, 'lag_17': 0.9024868975489259, 'lag_18': 0.44878446523650234, 'lag_19': 0.9068878791670636, 'lag_20': 0.8429731709974624, 'lag_21': 0.11118415890740366, 'lag_22': 0.38194535174256616, 'lag_23': 0.46134332010015744, 'lag_24': 0.27500807024471563, 'lag_25': 0.9088258609728063, 'lag_26': 0.6077952209320732, 'lag_27': 0.018513028972754024, 'lag_28': 0.7048277590572906}.
[I 2025-10-03 11:32:54,159] Trial 40 finished with values: [0.003872189349112426, 0.003178633875667479, 0.0007752693770423732, 0.0004634151642719733, 0.0013122793021199378, 0.0008867081890882517, 0.00018028542762208393, 0.00041630445789885684, 0.0008264350768739557, 0.0017016777791281537, 0.0008091101268005564, 0.0008143036562464989, 0.0038716166856203036, 0.017785039596446922, 0.0, 0.03843238542886421, 0.005960860185072073, 0.000912648125985439, 0.006598663192821061, 0.00015634049536985796, 0.005578950764130277, 0.004276567990174208, 0.003615328513913746, 0.006349549926305873, 0.004814455734757564, 0.002372571237084187, 0.00047161224194115553, 0.0014693414139418583, 0.21328507457704032] and parameters: {'lag_0': 0.6056838062290627, 'lag_1': 0.057035282660933134, 'lag_2': 0.8391876605133988, 'lag_3': 0.305401771782341, 'lag_4': 0.4689851190622785, 'lag_5': 0.03649548753517985, 'lag_6': 0.8016411350140047, 'lag_7': 0.8350225141412677, 'lag_8': 0.5489777103193375, 'lag_9': 0.6003796437632797, 'lag_10': 0.8766075786133813, 'lag_11': 0.224512320526345, 'lag_12': 0.9007988739075167, 'lag_13': 0.2779325222747185, 'lag_14': 0.9541191938861252, 'lag_15': 0.31233663904814424, 'lag_16': 0.591008464141358, 'lag_17': 0.9216638934012009, 'lag_18': 0.6819361823619396, 'lag_19': 0.49053567629924477, 'lag_20': 0.20851386678694253, 'lag_21': 0.9528290494687586, 'lag_22': 0.4438969681427997, 'lag_23': 0.8853970323591601, 'lag_24': 0.26838508719965715, 'lag_25': 0.11263578373023121, 'lag_26': 0.6252300236313265, 'lag_27': 0.06312517928184543, 'lag_28': 0.13623761401959902}.
[I 2025-10-03 11:32:56,809] Trial 41 finished with values: [0.007920987654320987, 0.0025884608925318213, 0.0005561920590944757, 0.0011420164893258505, 0.000688590712596618, 0.0009742251339703118, 0.0007377007109371227, 0.0006834006224520524, 0.000977373685277491, 0.001182723500984874, 0.0007224129218748685, 0.0011147184447221517, 0.004718489877541579, 0.017630284357070338, 0.0, 0.04065272497969881, 0.005869327501756591, 0.0014340476054945828, 0.008023353328519675, 5.709618872243462e-05, 0.005192899028978963, 0.0032538116823318253, 0.0036203102073309643, 0.00548597745758962, 0.004819586994815028, 0.0021777900067217297, 0.0004086514375435275, 0.0006661763123634219, 0.21353228116237935] and parameters: {'lag_0': 0.06815842005863533, 'lag_1': 0.9747277669075712, 'lag_2': 0.6472251579603806, 'lag_3': 0.9810254386394073, 'lag_4': 0.7693732576364405, 'lag_5': 0.7306532780410386, 'lag_6': 0.15759508031859853, 'lag_7': 0.8775667720355526, 'lag_8': 0.859737023215699, 'lag_9': 0.21368826533267982, 'lag_10': 0.5493055477677999, 'lag_11': 0.8438167724379302, 'lag_12': 0.02691954628979689, 'lag_13': 0.09056305882659069, 'lag_14': 0.7937184574636397, 'lag_15': 0.3772623834064337, 'lag_16': 0.012492428000863946, 'lag_17': 0.26790483168870294, 'lag_18': 0.7183671734810018, 'lag_19': 0.6015716033293754, 'lag_20': 0.2541395405255153, 'lag_21': 0.886535583923115, 'lag_22': 0.5525709339248344, 'lag_23': 0.16676815373053808, 'lag_24': 0.19155530604361123, 'lag_25': 0.12108876158319161, 'lag_26': 0.6714959720932655, 'lag_27': 0.43301566746473097, 'lag_28': 0.18681823756288074}.
[I 2025-10-03 11:32:59,474] Trial 42 finished with values: [0.003125, 0.0008880341933599411, 0.0007894026522006168, 0.0011996602571549854, 0.00030351317445081116, 0.00046826767725319165, 0.0009895186511911388, 0.0008683626272318827, 0.0010786113398500528, 0.0017268515101400005, 0.00033426610485881304, 0.0009137021921178021, 0.0034948271309149666, 0.022297272675378458, 0.0, 0.03854902388296536, 0.004487732691368058, 0.0009639762467209756, 0.007450270106863584, 0.0001234760614927038, 0.0053104944344950725, 0.0029208366373287965, 0.0032570327651294897, 0.006145380348816924, 0.006482024743919826, 0.00219934409630607, 5.9447832124304665e-05, 0.0008241476621983808, 0.21193300306130833] and parameters: {'lag_0': 0.7543706805241286, 'lag_1': 0.44990826987233223, 'lag_2': 0.4557118661497132, 'lag_3': 0.287437241782257, 'lag_4': 0.6313353803254562, 'lag_5': 0.4516591750645708, 'lag_6': 0.5000977785757572, 'lag_7': 0.581463812752027, 'lag_8': 0.3383071153700684, 'lag_9': 0.8701818884493251, 'lag_10': 0.311617555990162, 'lag_11': 0.12104602736282025, 'lag_12': 0.32284397808821863, 'lag_13': 0.6307396590941822, 'lag_14': 0.35836781662351347, 'lag_15': 0.35714250973923756, 'lag_16': 0.5460591601754882, 'lag_17': 0.882759555794076, 'lag_18': 0.11491103679532076, 'lag_19': 0.17108968131911226, 'lag_20': 0.5399191342185099, 'lag_21': 0.05828781717066107, 'lag_22': 0.37133654698625224, 'lag_23': 0.6114036700014849, 'lag_24': 0.3414074295497996, 'lag_25': 0.5035975549387794, 'lag_26': 0.19300949223249028, 'lag_27': 0.20482900368132237, 'lag_28': 0.11652685389544079}.
[I 2025-10-03 11:33:02,121] Trial 43 finished with values: [0.0016, 0.000645840454539514, 0.000959215172238697, 0.0008524596329976026, 0.00018204487503326348, 0.0006622892736484254, 0.0005453444058507268, 0.00038743573986150485, 0.0012625689126445308, 0.0012395248852740915, 0.0003206431204536871, 0.0011071426220887698, 0.003455544887847435, 0.01981639420546381, 0.0, 0.03913004118281974, 0.006191108870271125, 0.0002729844296997533, 0.006906401351549273, 0.00021052789616840816, 0.004857129786097785, 0.002867948903039526, 0.0037782796919864615, 0.005852129915736444, 0.0053669011068901845, 0.0017941517641754626, 0.00019518641873955271, 0.0006354595705598935, 0.2273486035637112] and parameters: {'lag_0': 0.08859123816906818, 'lag_1': 0.43216975388196965, 'lag_2': 0.8530996427596267, 'lag_3': 0.6106552943212064, 'lag_4': 0.10711080255443642, 'lag_5': 0.020576289562267824, 'lag_6': 0.7629327530789768, 'lag_7': 0.8795476002148994, 'lag_8': 0.9170674283385112, 'lag_9': 0.3205975639216403, 'lag_10': 0.6273092544718311, 'lag_11': 0.8493193251704437, 'lag_12': 0.1472486778679305, 'lag_13': 0.22906508665986544, 'lag_14': 0.055963327363274404, 'lag_15': 0.6060873604445867, 'lag_16': 0.6780950060803137, 'lag_17': 0.017956131205638947, 'lag_18': 0.9385591649553736, 'lag_19': 0.6440385734666043, 'lag_20': 0.8044243162978356, 'lag_21': 0.5805415323022465, 'lag_22': 0.8867502067705274, 'lag_23': 0.6107849087318408, 'lag_24': 0.7852955616465886, 'lag_25': 0.30471930613254494, 'lag_26': 0.0373822472220846, 'lag_27': 0.4404449228542739, 'lag_28': 0.9944866726978875}.
[I 2025-10-03 11:33:04,780] Trial 44 finished with values: [0.010099999999999998, 0.0020147627796778646, 0.000651081036681244, 0.0023897644004162604, 0.0003357197726755758, 0.0010648770176333935, 0.0006465829314853039, 0.000589301489409408, 0.00042795062809741454, 0.001455513887516357, 0.00047604160500375295, 0.001565571822289474, 0.003791172173182604, 0.021025233474408305, 0.0, 0.03580207525595922, 0.006322937714227169, 0.0005923126070130711, 0.0073117246597680765, 0.00015365949353911274, 0.004711712477572856, 0.003752429148859815, 0.0037007526831988533, 0.004383288317944063, 0.005425891715488048, 0.0017730833276326074, 0.0003867864623791641, 0.0007935921208539925, 0.23241273082600372] and parameters: {'lag_0': 0.252858307980225, 'lag_1': 0.9311755481745899, 'lag_2': 0.9195850243652061, 'lag_3': 0.18797237927030577, 'lag_4': 0.16943143646861053, 'lag_5': 0.04499567845973353, 'lag_6': 0.8306085314579444, 'lag_7': 0.44918021834903, 'lag_8': 0.07269967417048363, 'lag_9': 0.5480679771021937, 'lag_10': 0.9913261271098518, 'lag_11': 0.15218451814067355, 'lag_12': 0.7826041437057522, 'lag_13': 0.3372948911050558, 'lag_14': 0.4843509502295016, 'lag_15': 0.5233241565373009, 'lag_16': 0.5484661259969119, 'lag_17': 0.3748944628762988, 'lag_18': 0.15806881218771215, 'lag_19': 0.38323534169605283, 'lag_20': 0.3778159339521313, 'lag_21': 0.599559367510117, 'lag_22': 0.7824644331710112, 'lag_23': 0.08732222572421378, 'lag_24': 0.16423082720051066, 'lag_25': 0.3483919443866354, 'lag_26': 0.4744511987804807, 'lag_27': 0.9253937040520213, 'lag_28': 0.3568753814851451}.
[I 2025-10-03 11:33:07,431] Trial 45 finished with values: [0.0016, 0.00273610048270005, 0.0006420487927835941, 0.0005595652848792395, 0.00047571331820175255, 0.001487245478267557, 0.0008327077407154349, 0.0006852621606733334, 0.000588537662879603, 0.0013341949164243426, 0.0005194107286345984, 0.0011580856886181054, 0.0043453126550306075, 0.02073753449174607, 0.0, 0.04112500334288567, 0.006943944473233425, 0.0005709000039332434, 0.007016874999778241, 3.980172462116737e-05, 0.005128031797338369, 0.0030331297287224104, 0.004135385785712297, 0.006186781722638901, 0.005278648011728132, 0.002559410533759013, 0.000394920802860903, 0.0005284310361426644, 0.21889205825339336] and parameters: {'lag_0': 0.8762542932812512, 'lag_1': 0.6443072697745899, 'lag_2': 0.12391867648025338, 'lag_3': 0.8219464344592937, 'lag_4': 0.685525868675265, 'lag_5': 0.5140980615027003, 'lag_6': 0.058290570203191, 'lag_7': 0.954462036577465, 'lag_8': 0.16061270047417045, 'lag_9': 0.4057134170453724, 'lag_10': 0.197312029310632, 'lag_11': 0.6731184823964466, 'lag_12': 0.39635355602670486, 'lag_13': 0.4403114602150617, 'lag_14': 0.02204344575285558, 'lag_15': 0.22507216058469254, 'lag_16': 0.11410317326583841, 'lag_17': 0.3523609580798175, 'lag_18': 0.3563154594582672, 'lag_19': 0.7499114848902514, 'lag_20': 0.9915356892431832, 'lag_21': 0.1868857338726104, 'lag_22': 0.25886560692041855, 'lag_23': 0.8010233183152334, 'lag_24': 0.708598900456386, 'lag_25': 0.23966242914186942, 'lag_26': 0.6997326273031009, 'lag_27': 0.8006399355311461, 'lag_28': 0.5495333375002884}.
[I 2025-10-03 11:33:10,082] Trial 46 finished with values: [0.006427479338842976, 0.0016239616410004408, 0.0008607043036380046, 0.0012062569399298561, 0.0003933158116314445, 0.0007481698325361117, 0.0003069578545361757, 0.00031036859574640625, 0.0011052945584746816, 0.0006928072444664466, 0.0005507780299020474, 0.001403752663862558, 0.0038114510713134877, 0.02049321829276725, 0.0, 0.035673451255137614, 0.005136280203867024, 0.0006205502666891685, 0.006591406578509276, 9.81047563484064e-05, 0.004939700234263944, 0.0028383864643574024, 0.002905566641862387, 0.005207501872236927, 0.0042426830153912696, 0.001812345741347511, 0.00047063759181341846, 0.0016067533033639312, 0.2464923469387755] and parameters: {'lag_0': 0.07605902228978045, 'lag_1': 0.7817686805077162, 'lag_2': 0.453773904261923, 'lag_3': 0.6514604307469241, 'lag_4': 0.7468461833584723, 'lag_5': 0.953589818387968, 'lag_6': 0.19447973972984195, 'lag_7': 0.1745491012444218, 'lag_8': 0.5748164037253163, 'lag_9': 0.7708411479364327, 'lag_10': 0.38625887251344215, 'lag_11': 0.542453240696929, 'lag_12': 0.3292775564767924, 'lag_13': 0.2751422405642696, 'lag_14': 0.6343104889318449, 'lag_15': 0.36643837258682216, 'lag_16': 0.7660240086800337, 'lag_17': 0.7973933790002924, 'lag_18': 0.10295373885593659, 'lag_19': 0.9311904266584521, 'lag_20': 0.9227041462957194, 'lag_21': 0.3959032123239113, 'lag_22': 0.08631264766288035, 'lag_23': 0.6688441914875978, 'lag_24': 0.4185994712794013, 'lag_25': 0.00638548543012383, 'lag_26': 0.37063854445767985, 'lag_27': 0.5075378058741744, 'lag_28': 0.877336567918055}.
[I 2025-10-03 11:33:12,731] Trial 47 finished with values: [0.003395918367346939, 0.000788414236518505, 0.0005656326733232218, 0.0009948136888272593, 0.0007526735332648667, 0.0018543104160760192, 0.0018201359817192335, 0.000315556202455566, 0.0011278286813125842, 0.0008386333594596845, 0.0007021973136484318, 0.0007318432789617894, 0.004459911474471567, 0.022268604806525857, 0.0, 0.04042447510013532, 0.005858194552218331, 0.000928679701941303, 0.007433378095271935, 5.355489560666069e-05, 0.0055019086761233975, 0.0032464521396318056, 0.0036627214023843752, 0.005497007384704784, 0.004424069061301067, 0.002826318246036308, 0.0004864052660297154, 0.0011759226029288247, 0.23084807686717035] and parameters: {'lag_0': 0.11092212474570567, 'lag_1': 0.01622101869420826, 'lag_2': 0.7180553186917223, 'lag_3': 0.40662622578445073, 'lag_4': 0.43052844825347175, 'lag_5': 0.47666805125833334, 'lag_6': 0.022192144623432948, 'lag_7': 0.8872380975538227, 'lag_8': 0.29132467755110836, 'lag_9': 0.9425966533767568, 'lag_10': 0.2324143787468767, 'lag_11': 0.2936999261520294, 'lag_12': 0.45478322662121146, 'lag_13': 0.9586592287343642, 'lag_14': 0.336928809824928, 'lag_15': 0.8072345875908967, 'lag_16': 0.15185047672172508, 'lag_17': 0.965969440514245, 'lag_18': 0.7382413949073106, 'lag_19': 0.21472013286026773, 'lag_20': 0.5418877774719498, 'lag_21': 0.2707488796214512, 'lag_22': 0.5060534180346344, 'lag_23': 0.8939154357659239, 'lag_24': 0.5123576340318912, 'lag_25': 0.9638841922826192, 'lag_26': 0.6260047989476972, 'lag_27': 0.5825350537631966, 'lag_28': 0.46406837310423116}.
[I 2025-10-03 11:33:15,383] Trial 48 finished with values: [0.011255555555555557, 0.003473434580550721, 0.0005062845249693799, 0.000637448980196864, 0.00022358084222363293, 0.0005579928680748407, 0.0025161514557588078, 0.00018615445212421988, 0.001176223063097489, 0.0012432805552161682, 0.0003741462237041325, 0.0014919947514189455, 0.005338435125606629, 0.021722834914686476, 0.0, 0.04132345779691493, 0.005360035380818974, 0.0004198133745343022, 0.007516825737301748, 2.653799256077205e-05, 0.006057241481185108, 0.003131620552313678, 0.003745532922438402, 0.005046896563798446, 0.004042092579192954, 0.0016784603513384684, 0.0004109258497966374, 0.0010918108694482269, 0.22656802255065603] and parameters: {'lag_0': 0.8813776563925704, 'lag_1': 0.06023832210043716, 'lag_2': 0.7851973106717015, 'lag_3': 0.3922377755011383, 'lag_4': 0.12978221818846325, 'lag_5': 0.5745252595484869, 'lag_6': 0.6455916115080561, 'lag_7': 0.8907737411699664, 'lag_8': 0.5509022080823986, 'lag_9': 0.3759855891432438, 'lag_10': 0.7013657013575573, 'lag_11': 0.16554198899672667, 'lag_12': 0.5733568874503627, 'lag_13': 0.6730191734274649, 'lag_14': 0.18411313799704057, 'lag_15': 0.936076777626886, 'lag_16': 0.7350043094921727, 'lag_17': 0.7456114530769246, 'lag_18': 0.9450461619558267, 'lag_19': 0.1405483667904133, 'lag_20': 0.8936794138433609, 'lag_21': 0.285985886479199, 'lag_22': 0.3056085788009329, 'lag_23': 0.2126101449151271, 'lag_24': 0.4734447921025396, 'lag_25': 0.6544212516606562, 'lag_26': 0.26624393879291136, 'lag_27': 0.46792370072781314, 'lag_28': 0.01937129799184463}.
[I 2025-10-03 11:33:18,037] Trial 49 finished with values: [0.0015526627218934912, 0.008255975794657113, 0.0019619931361622676, 0.0012156369389051892, 0.0004536927915746589, 0.0012708424596778898, 0.0003672381993563048, 0.00013476476083919088, 0.0009160736534735963, 0.0010171742566610447, 0.00025867480295757827, 0.0014554737980502115, 0.004202367764163159, 0.02016221054664544, 0.0, 0.02660407113192247, 0.008026478279476213, 0.001061347178165176, 0.0066739620311250135, 5.110675384862435e-05, 0.0058542467904116905, 0.0027722619730943645, 0.004088590171546452, 0.004033954054656648, 0.004834401123028621, 0.0016929064969831765, 0.00046526330601116464, 0.001018075649298593, 0.2308151347859523] and parameters: {'lag_0': 0.3741012772790353, 'lag_1': 0.801853671933835, 'lag_2': 0.5715578739152851, 'lag_3': 0.7724426689899626, 'lag_4': 0.3975941555813471, 'lag_5': 0.9919589544805013, 'lag_6': 0.3369774754225542, 'lag_7': 0.47210365572860735, 'lag_8': 0.22136826315541847, 'lag_9': 0.3776060154692103, 'lag_10': 0.40114543336708597, 'lag_11': 0.4556578394180034, 'lag_12': 0.1853399597089605, 'lag_13': 0.1813772232523556, 'lag_14': 0.8120778887403862, 'lag_15': 0.7056120224017762, 'lag_16': 0.33974189589438386, 'lag_17': 0.5049242813676633, 'lag_18': 0.971910130458837, 'lag_19': 0.41171065354281305, 'lag_20': 0.49474146298653127, 'lag_21': 0.8627140886569987, 'lag_22': 0.5858772605564435, 'lag_23': 0.34156075349457715, 'lag_24': 0.7947103930569716, 'lag_25': 0.28723711861567464, 'lag_26': 0.5291740392370042, 'lag_27': 0.07304136820527071, 'lag_28': 0.10904327968732844}.
[I 2025-10-03 11:33:20,690] Trial 50 finished with values: [0.007920987654320984, 0.005621896191812343, 0.0030983723681131162, 0.0012146503943088961, 0.00029978333339587013, 0.0013472614563670398, 0.0010147893349571795, 0.0006332443481412475, 0.0008871811488109843, 0.002865809920628155, 0.0004268346917720502, 0.000668569812522948, 0.004620223435528417, 0.01945501442120658, 0.0, 0.04184138953200113, 0.006200421577028829, 0.0007400273375240067, 0.008166538987544847, 4.697728967339647e-05, 0.0042344253579449445, 0.0019971245817167133, 0.005083458077056303, 0.00630345762902392, 0.005645923349952728, 0.0018517135887797655, 0.0005152729149936303, 0.0010513313850392995, 0.20730302386353044] and parameters: {'lag_0': 0.1377797541105336, 'lag_1': 0.8235330620603755, 'lag_2': 0.2524252584508839, 'lag_3': 0.6464271096254193, 'lag_4': 0.963902689582862, 'lag_5': 0.7216705617540382, 'lag_6': 0.3347848989022631, 'lag_7': 0.038718520065680787, 'lag_8': 0.46497595218660354, 'lag_9': 0.5919920516546641, 'lag_10': 0.39733671093183176, 'lag_11': 0.6723999364700423, 'lag_12': 0.14839034548786134, 'lag_13': 0.03115614737727955, 'lag_14': 0.9004785327857217, 'lag_15': 0.7271013908836392, 'lag_16': 0.870402494740707, 'lag_17': 0.8010773505696902, 'lag_18': 0.45441404395078117, 'lag_19': 0.161649108045471, 'lag_20': 0.5621788375168815, 'lag_21': 0.9472285363709234, 'lag_22': 0.1420958949137762, 'lag_23': 0.5613146559184927, 'lag_24': 0.005834638355612948, 'lag_25': 0.5746853092137713, 'lag_26': 0.19831536070210115, 'lag_27': 0.7391449258027555, 'lag_28': 0.24513402384166616}.
