[I 2025-09-29 11:59:00,950] Trial 67 finished with value: 0.004957283210916984 and parameters: {'lag_0': 0.7729330899240143, 'lag_1': 0.5912629841301041, 'lag_2': 0.5614737391389557, 'lag_3': 0.5796749114611406, 'lag_4': 0.4672379175765835, 'lag_5': 0.9606058094608991, 'lag_6': 0.5503279811773, 'lag_7': 0.8149386631717155, 'lag_8': 0.24943122912784185, 'lag_9': 0.2709314796555068, 'lag_10': 0.20382606674661607, 'lag_11': 0.05649063701782346, 'lag_12': 0.9327236399369216, 'lag_13': 0.8446439499894214, 'lag_14': 0.5015660002554196, 'lag_15': 0.827177753728012, 'lag_16': 0.44348786751796393, 'lag_17': 0.3227938634690479, 'lag_18': 0.42799334264109945, 'lag_19': 0.7768116102581256, 'lag_20': 0.9030828628908117, 'lag_21': 0.8176670854806599, 'lag_22': 0.43460337002185007, 'lag_23': 0.525086447745851, 'lag_24': 0.5482578344753847, 'lag_25': 0.8228889825811648, 'lag_26': 0.4356618802554552, 'lag_27': 0.17516434973963776, 'lag_28': 0.4558717846746691}. Best is trial 61 with value: 0.00495001720744123.
[I 2025-09-29 11:59:03,486] Trial 68 finished with value: 0.005041427378382831 and parameters: {'lag_0': 0.7745348729685927, 'lag_1': 0.603225075996715, 'lag_2': 0.6355055025327109, 'lag_3': 0.5844863579080392, 'lag_4': 0.4720305525252414, 'lag_5': 0.9435706295459545, 'lag_6': 0.5715781985059645, 'lag_7': 0.7954314502364469, 'lag_8': 0.10807606086510627, 'lag_9': 0.32212403188379984, 'lag_10': 0.20353357838187328, 'lag_11': 0.042544942634932546, 'lag_12': 0.9212079163224943, 'lag_13': 0.007480674538086429, 'lag_14': 0.49575708620249564, 'lag_15': 0.8719668473626061, 'lag_16': 0.4373089214918138, 'lag_17': 0.22571277073649265, 'lag_18': 0.34070268026769546, 'lag_19': 0.710051180739595, 'lag_20': 0.9037825925384454, 'lag_21': 0.016140019659897864, 'lag_22': 0.41793249956693146, 'lag_23': 0.4018932551570471, 'lag_24': 0.5408751710552164, 'lag_25': 0.862017324466462, 'lag_26': 0.45180787500417036, 'lag_27': 0.17349970877672283, 'lag_28': 0.3484572847052607}. Best is trial 61 with value: 0.00495001720744123.
[I 2025-09-29 11:59:06,030] Trial 69 finished with value: 0.0050194332814685405 and parameters: {'lag_0': 0.13773933377773454, 'lag_1': 0.5751448676243665, 'lag_2': 0.5406622281935324, 'lag_3': 0.29916735433869557, 'lag_4': 0.5503499841087566, 'lag_5': 0.9757017263050213, 'lag_6': 0.5429218586198921, 'lag_7': 0.6988001644994195, 'lag_8': 0.22279099682285114, 'lag_9': 0.263337766117789, 'lag_10': 0.24632517023611994, 'lag_11': 0.19196303752815336, 'lag_12': 0.9774536823092144, 'lag_13': 0.8396774094825012, 'lag_14': 0.14373956502227686, 'lag_15': 0.8311122478065353, 'lag_16': 0.2828387082629872, 'lag_17': 0.44434531362312474, 'lag_18': 0.46844772822433295, 'lag_19': 0.012791101548045358, 'lag_20': 0.970899803141639, 'lag_21': 0.9974967467351405, 'lag_22': 0.9359588701440327, 'lag_23': 0.6226310778322672, 'lag_24': 0.4531731547952231, 'lag_25': 0.8218538521585301, 'lag_26': 0.3776708897803521, 'lag_27': 0.07913117671805431, 'lag_28': 0.44837071011630575}. Best is trial 61 with value: 0.00495001720744123.
[I 2025-09-29 11:59:08,560] Trial 70 finished with value: 0.00501685461122386 and parameters: {'lag_0': 0.7312523808525679, 'lag_1': 0.8213408401664904, 'lag_2': 0.5682457804030303, 'lag_3': 0.41887530691190156, 'lag_4': 0.37436793426877835, 'lag_5': 0.8908832890906179, 'lag_6': 0.4988301674168161, 'lag_7': 0.9881193574273284, 'lag_8': 0.2655252031197749, 'lag_9': 0.13912359672304395, 'lag_10': 0.16839522022043374, 'lag_11': 0.15036635459597228, 'lag_12': 0.854609191013459, 'lag_13': 0.8927076672089563, 'lag_14': 0.3224253072486515, 'lag_15': 0.7269959528061846, 'lag_16': 0.3374918833164342, 'lag_17': 0.3312324305641496, 'lag_18': 0.432511056952249, 'lag_19': 0.8206661708446217, 'lag_20': 0.9249546959029874, 'lag_21': 0.7289918196074486, 'lag_22': 0.38817524780219775, 'lag_23': 0.5751712524506759, 'lag_24': 0.5538863221300693, 'lag_25': 0.7764398669028153, 'lag_26': 0.28998118638761217, 'lag_27': 0.36453010836495964, 'lag_28': 0.5344111065953614}. Best is trial 61 with value: 0.00495001720744123.
[I 2025-09-29 11:59:11,092] Trial 71 finished with value: 0.004966540527468786 and parameters: {'lag_0': 0.8060836209317801, 'lag_1': 0.5438781567928266, 'lag_2': 0.6872601347208256, 'lag_3': 0.46220218727434564, 'lag_4': 0.14688971048781302, 'lag_5': 0.7823173499029048, 'lag_6': 0.37910448163503074, 'lag_7': 0.6056459151127521, 'lag_8': 0.3359720167558604, 'lag_9': 0.7174209755329418, 'lag_10': 0.32842606170547506, 'lag_11': 0.02196456473142138, 'lag_12': 0.9484640623597957, 'lag_13': 0.7479779941996457, 'lag_14': 0.5305828075834986, 'lag_15': 0.6225031577433368, 'lag_16': 0.3920109600344055, 'lag_17': 0.28907230279283896, 'lag_18': 0.4883337213055685, 'lag_19': 0.7886422784881484, 'lag_20': 0.8839553494653098, 'lag_21': 0.8078125618109525, 'lag_22': 0.5534578864455436, 'lag_23': 0.5323744016670516, 'lag_24': 0.6011193704383461, 'lag_25': 0.909488863093376, 'lag_26': 0.5522228427295989, 'lag_27': 0.029268415946829437, 'lag_28': 0.4200064171335002}. Best is trial 61 with value: 0.00495001720744123.
[I 2025-09-29 11:59:13,628] Trial 72 finished with value: 0.004974689270282236 and parameters: {'lag_0': 0.810111670716957, 'lag_1': 0.6969948171971712, 'lag_2': 0.7145427566484465, 'lag_3': 0.3675253894921672, 'lag_4': 0.0517117450621155, 'lag_5': 0.7852027420306404, 'lag_6': 0.45871522536008846, 'lag_7': 0.8749428291957886, 'lag_8': 0.2512862099891184, 'lag_9': 0.7261353681704489, 'lag_10': 0.3641856453012392, 'lag_11': 0.06241434910374575, 'lag_12': 0.9452490564616653, 'lag_13': 0.7650452251967881, 'lag_14': 0.4619649559729475, 'lag_15': 0.8084870964815065, 'lag_16': 0.3951962908739251, 'lag_17': 0.1648810775917911, 'lag_18': 0.49007201628884545, 'lag_19': 0.7446903366880441, 'lag_20': 0.8834577080835317, 'lag_21': 0.7971924909794441, 'lag_22': 0.6294603156215433, 'lag_23': 0.521632328157971, 'lag_24': 0.6065931746574321, 'lag_25': 0.9207201432576209, 'lag_26': 0.5462641817485668, 'lag_27': 0.030848517291909433, 'lag_28': 0.41261097847514655}. Best is trial 61 with value: 0.00495001720744123.
[I 2025-09-29 11:59:16,165] Trial 73 finished with value: 0.005058142225462131 and parameters: {'lag_0': 0.803014384557579, 'lag_1': 0.6979191176876147, 'lag_2': 0.7870856808734454, 'lag_3': 0.4788553094449469, 'lag_4': 0.14106390577273253, 'lag_5': 0.3123238447522036, 'lag_6': 0.3652754312382339, 'lag_7': 0.8806611255645485, 'lag_8': 0.2454099454736764, 'lag_9': 0.6505876855611131, 'lag_10': 0.33384611334107156, 'lag_11': 0.07319717292705619, 'lag_12': 0.8917185955763627, 'lag_13': 0.7631337279050404, 'lag_14': 0.3817527764126607, 'lag_15': 0.9570083305014323, 'lag_16': 0.40276275794143485, 'lag_17': 0.161997462702047, 'lag_18': 0.5037564200692936, 'lag_19': 0.87031936138921, 'lag_20': 0.8523592691182507, 'lag_21': 0.830697256767529, 'lag_22': 0.5026005174988479, 'lag_23': 0.5303959641621754, 'lag_24': 0.6032996911584133, 'lag_25': 0.9223090712054687, 'lag_26': 0.4337713398544053, 'lag_27': 0.012309136254320344, 'lag_28': 0.4130511936570237}. Best is trial 61 with value: 0.00495001720744123.
[I 2025-09-29 11:59:18,705] Trial 74 finished with value: 0.005028013433967142 and parameters: {'lag_0': 0.8351167379900367, 'lag_1': 0.6347703179854867, 'lag_2': 0.5232478643246076, 'lag_3': 0.3773591147851467, 'lag_4': 0.02425233964352473, 'lag_5': 0.8514346372698788, 'lag_6': 0.4711874484939047, 'lag_7': 0.8605166171973632, 'lag_8': 0.3219636877914088, 'lag_9': 0.7112423821839584, 'lag_10': 0.2783685794422702, 'lag_11': 0.02203276487545805, 'lag_12': 0.938845257264964, 'lag_13': 0.42557599862280165, 'lag_14': 0.5390853758411553, 'lag_15': 0.6019603000707319, 'lag_16': 0.26021143872287306, 'lag_17': 0.13692966430360282, 'lag_18': 0.591450072712728, 'lag_19': 0.7778095419177002, 'lag_20': 0.8847533111572627, 'lag_21': 0.9417824127471094, 'lag_22': 0.5421754215122934, 'lag_23': 0.4826446541942621, 'lag_24': 0.5170989351890694, 'lag_25': 0.9546816096631626, 'lag_26': 0.5038184287376944, 'lag_27': 0.12482940657846879, 'lag_28': 0.4614056097310466}. Best is trial 61 with value: 0.00495001720744123.
[I 2025-09-29 11:59:21,243] Trial 75 finished with value: 0.00499784991740608 and parameters: {'lag_0': 0.7568691004749195, 'lag_1': 0.6822335683308219, 'lag_2': 0.4693785306229816, 'lag_3': 0.4635750385619758, 'lag_4': 0.319056968976546, 'lag_5': 0.7878748413922674, 'lag_6': 0.4099056062815607, 'lag_7': 0.9481354406344755, 'lag_8': 0.2914071612368718, 'lag_9': 0.5724047756118583, 'lag_10': 0.36167171916447194, 'lag_11': 0.08635218020793058, 'lag_12': 0.9982660347638633, 'lag_13': 0.7111017472900373, 'lag_14': 0.4808402284024051, 'lag_15': 0.49122655477881794, 'lag_16': 0.4620183215434272, 'lag_17': 0.27799945911849794, 'lag_18': 0.5337585871488371, 'lag_19': 0.7012867962409095, 'lag_20': 0.7917683735579419, 'lag_21': 0.7981376334783216, 'lag_22': 0.46887521391258746, 'lag_23': 0.503276080894742, 'lag_24': 0.5767079362456786, 'lag_25': 0.8947478043191802, 'lag_26': 0.5984945171910225, 'lag_27': 0.02485863212891755, 'lag_28': 0.3035404423422067}. Best is trial 61 with value: 0.00495001720744123.
[I 2025-09-29 11:59:23,784] Trial 76 finished with value: 0.005002980542033265 and parameters: {'lag_0': 0.8695887797579991, 'lag_1': 0.7281548615365638, 'lag_2': 0.8464173817665974, 'lag_3': 0.3668132036905805, 'lag_4': 0.3956022178088409, 'lag_5': 0.6947969889280574, 'lag_6': 0.3919711478652541, 'lag_7': 0.9300566393279858, 'lag_8': 0.19238160871036142, 'lag_9': 0.7735873676868068, 'lag_10': 0.22674774093798522, 'lag_11': 0.04476558411364838, 'lag_12': 0.8207485017937008, 'lag_13': 0.6593328184303371, 'lag_14': 0.5901245160772179, 'lag_15': 0.6390501530773015, 'lag_16': 0.37567384896615214, 'lag_17': 0.23082385501351818, 'lag_18': 0.7622091346861202, 'lag_19': 0.7256539438391866, 'lag_20': 0.8402314595961521, 'lag_21': 0.8140987565180307, 'lag_22': 0.4265879891004372, 'lag_23': 0.45144021134435564, 'lag_24': 0.602333545004202, 'lag_25': 0.864896456794404, 'lag_26': 0.5586874964996104, 'lag_27': 0.10094638995033367, 'lag_28': 0.4101270182007172}. Best is trial 61 with value: 0.00495001720744123.
[I 2025-09-29 11:59:26,323] Trial 77 finished with value: 0.004987297609512158 and parameters: {'lag_0': 0.9102964879971648, 'lag_1': 0.6488178886963399, 'lag_2': 0.9271787150006091, 'lag_3': 0.5307582237867012, 'lag_4': 0.45890742211957586, 'lag_5': 0.9547262128521363, 'lag_6': 0.2676450256977797, 'lag_7': 0.8207478841255038, 'lag_8': 0.11940542775594926, 'lag_9': 0.7061770030114665, 'lag_10': 0.431637803086978, 'lag_11': 0.13332227676027794, 'lag_12': 0.9514947043439631, 'lag_13': 0.7972412460193302, 'lag_14': 0.5105649164643018, 'lag_15': 0.792668481976825, 'lag_16': 0.3415127529808215, 'lag_17': 0.06958065291272399, 'lag_18': 0.48444401882023447, 'lag_19': 0.6609343794386867, 'lag_20': 0.9009458454888081, 'lag_21': 0.9152816434292665, 'lag_22': 0.6119107673760611, 'lag_23': 0.5938441098293492, 'lag_24': 0.6232081045221326, 'lag_25': 0.9069641889354827, 'lag_26': 0.5234637947410195, 'lag_27': 0.5273760156928403, 'lag_28': 0.702485914440664}. Best is trial 61 with value: 0.00495001720744123.
[I 2025-09-29 11:59:28,867] Trial 78 finished with value: 0.004970956511974218 and parameters: {'lag_0': 0.2607330660482957, 'lag_1': 0.5185035189307365, 'lag_2': 0.6167831960075436, 'lag_3': 0.5079201943201518, 'lag_4': 0.26569893619694335, 'lag_5': 0.874937517488782, 'lag_6': 0.46582529849230064, 'lag_7': 0.7321624494383228, 'lag_8': 0.37932969277977036, 'lag_9': 0.4239306636930101, 'lag_10': 0.3799376600044824, 'lag_11': 0.0036404450784865774, 'lag_12': 0.8837128935015379, 'lag_13': 0.28978141502246646, 'lag_14': 0.647074159654465, 'lag_15': 0.8986370307982963, 'lag_16': 0.3132197517692961, 'lag_17': 0.18920937161818913, 'lag_18': 0.5624904681611954, 'lag_19': 0.8161415225615843, 'lag_20': 0.5392805769231956, 'lag_21': 0.7036488953831561, 'lag_22': 0.3385403192267057, 'lag_23': 0.4156472629213378, 'lag_24': 0.6706190853548202, 'lag_25': 0.952101690240162, 'lag_26': 0.6350113849487006, 'lag_27': 0.08018934826691601, 'lag_28': 0.43029002466789834}. Best is trial 61 with value: 0.00495001720744123.
[I 2025-09-29 11:59:31,409] Trial 79 finished with value: 0.005024406979419619 and parameters: {'lag_0': 0.7164419232346186, 'lag_1': 0.5246984282145484, 'lag_2': 0.6248093834097707, 'lag_3': 0.51029367439845, 'lag_4': 0.29081182046040666, 'lag_5': 0.9243968508116738, 'lag_6': 0.48002043182728993, 'lag_7': 0.7451372346151435, 'lag_8': 0.3768121323729897, 'lag_9': 0.4194471289500576, 'lag_10': 0.39147376161686004, 'lag_11': 0.046667073904016754, 'lag_12': 0.8968399348106614, 'lag_13': 0.18471377001461525, 'lag_14': 0.6358258226578102, 'lag_15': 0.8531891025251168, 'lag_16': 0.31755109053933167, 'lag_17': 0.18600530384706565, 'lag_18': 0.5660640647786925, 'lag_19': 0.8335661577271544, 'lag_20': 0.39085160140153785, 'lag_21': 0.8687748047899003, 'lag_22': 0.3602177280166361, 'lag_23': 0.4214324825852938, 'lag_24': 0.670405248400636, 'lag_25': 0.9614427724738158, 'lag_26': 0.6332601700264677, 'lag_27': 0.1541314819433872, 'lag_28': 0.5206968314264333}. Best is trial 61 with value: 0.00495001720744123.
[I 2025-09-29 11:59:33,946] Trial 80 finished with value: 0.004972606939232793 and parameters: {'lag_0': 0.20579498468921317, 'lag_1': 0.5000261071914021, 'lag_2': 0.7503319456780907, 'lag_3': 0.5631293493082882, 'lag_4': 0.2604775668847875, 'lag_5': 0.8791205219072624, 'lag_6': 0.32347703877991474, 'lag_7': 0.8522228986625032, 'lag_8': 0.33879072538492755, 'lag_9': 0.5237190394649833, 'lag_10': 0.4774400581665602, 'lag_11': 0.03135396007061983, 'lag_12': 0.7577325173786021, 'lag_13': 0.2580990300064681, 'lag_14': 0.6572410505427684, 'lag_15': 0.40849623671004, 'lag_16': 0.222434816050259, 'lag_17': 0.13092690177469438, 'lag_18': 0.45253815948453757, 'lag_19': 0.8015307984278504, 'lag_20': 0.273638126993936, 'lag_21': 0.6583471092233044, 'lag_22': 0.14964246477988508, 'lag_23': 0.3380099433406306, 'lag_24': 0.4613377500776155, 'lag_25': 0.9316435935537846, 'lag_26': 0.4752924026863037, 'lag_27': 0.07159471050047392, 'lag_28': 0.4293073398977576}. Best is trial 61 with value: 0.00495001720744123.
[I 2025-09-29 11:59:36,482] Trial 81 finished with value: 0.005004991665128841 and parameters: {'lag_0': 0.2029597024679889, 'lag_1': 0.503492288482544, 'lag_2': 0.761115021570436, 'lag_3': 0.5650278781465539, 'lag_4': 0.24738543845506872, 'lag_5': 0.8717629923627179, 'lag_6': 0.3008601706772359, 'lag_7': 0.8444381535908106, 'lag_8': 0.34433254312643324, 'lag_9': 0.5142304630777781, 'lag_10': 0.31014164846958575, 'lag_11': 0.009230107049047476, 'lag_12': 0.8667736294495006, 'lag_13': 0.2845837034352888, 'lag_14': 0.654687968430882, 'lag_15': 0.3281051406547501, 'lag_16': 0.15384411501457718, 'lag_17': 0.1305277971669791, 'lag_18': 0.4439208356699815, 'lag_19': 0.7943354595626485, 'lag_20': 0.16681576128300007, 'lag_21': 0.6541197308682678, 'lag_22': 0.10862879328349412, 'lag_23': 0.24331170713710593, 'lag_24': 0.46949696568959287, 'lag_25': 0.9213163900198542, 'lag_26': 0.38016416183147894, 'lag_27': 0.07151256706453019, 'lag_28': 0.47616176486236583}. Best is trial 61 with value: 0.00495001720744123.
[I 2025-09-29 11:59:39,193] Trial 82 finished with value: 0.005021613347368449 and parameters: {'lag_0': 0.25149241105277476, 'lag_1': 0.6104665874682529, 'lag_2': 0.6612760743213607, 'lag_3': 0.6098209425407429, 'lag_4': 0.33309128496840323, 'lag_5': 0.9682547078570514, 'lag_6': 0.3338222570637389, 'lag_7': 0.9218207182811887, 'lag_8': 0.26573685463238406, 'lag_9': 0.25396742017862817, 'lag_10': 0.3288455020818279, 'lag_11': 0.10879268940436297, 'lag_12': 0.8128142689006254, 'lag_13': 0.23417962354246102, 'lag_14': 0.597269762035878, 'lag_15': 0.9120535124657401, 'lag_16': 0.2387907963416286, 'lag_17': 0.07341218725711558, 'lag_18': 0.4104293659680963, 'lag_19': 0.887935515313223, 'lag_20': 0.5470117220722598, 'lag_21': 0.7038369625451284, 'lag_22': 0.019519143891742086, 'lag_23': 0.3045100593386635, 'lag_24': 0.3852865258917906, 'lag_25': 0.8773331283642476, 'lag_26': 0.5852139785981091, 'lag_27': 0.12177291411184868, 'lag_28': 0.3786729103250657}. Best is trial 61 with value: 0.00495001720744123.
[I 2025-09-29 11:59:41,744] Trial 83 finished with value: 0.00497441371739793 and parameters: {'lag_0': 0.21901067924173004, 'lag_1': 0.5565288824441057, 'lag_2': 0.7323509676277767, 'lag_3': 0.49774852444554685, 'lag_4': 0.25494757005440183, 'lag_5': 0.8873480117386103, 'lag_6': 0.5380790026484343, 'lag_7': 0.6760550587725568, 'lag_8': 0.29851425570282575, 'lag_9': 0.40277460633505946, 'lag_10': 0.37648476077199344, 'lag_11': 0.06637738740997168, 'lag_12': 0.9468233985729521, 'lag_13': 0.14344679456372755, 'lag_14': 0.5498558005663106, 'lag_15': 0.41609191778576887, 'lag_16': 0.28054669981778735, 'lag_17': 0.2206773145313046, 'lag_18': 0.4918250877770388, 'lag_19': 0.947576292419951, 'lag_20': 0.31426892313612464, 'lag_21': 0.768938380971635, 'lag_22': 0.12766396201482172, 'lag_23': 0.24709301317673085, 'lag_24': 0.4443734776711131, 'lag_25': 0.9853095645379751, 'lag_26': 0.4696302611124993, 'lag_27': 0.03334511206636401, 'lag_28': 0.44104528472463583}. Best is trial 61 with value: 0.00495001720744123.
[I 2025-09-29 11:59:44,285] Trial 84 finished with value: 0.005035770777219098 and parameters: {'lag_0': 0.21870550828139138, 'lag_1': 0.5449954903743196, 'lag_2': 0.7121660353061726, 'lag_3': 0.4265324238673955, 'lag_4': 0.35587909936063894, 'lag_5': 0.9991367151855908, 'lag_6': 0.45325525040846815, 'lag_7': 0.730169182674202, 'lag_8': 0.2994563395020933, 'lag_9': 0.4436128358735514, 'lag_10': 0.4732932615656779, 'lag_11': 0.000965704391024471, 'lag_12': 0.961197569838, 'lag_13': 0.11054356305359281, 'lag_14': 0.5773906702787893, 'lag_15': 0.2938403734657828, 'lag_16': 0.2745472622356383, 'lag_17': 0.21682979161578514, 'lag_18': 0.5161888426419432, 'lag_19': 0.9493449439396678, 'lag_20': 0.28293989394377994, 'lag_21': 0.5959360056967096, 'lag_22': 0.14873135834399526, 'lag_23': 0.1409775645405097, 'lag_24': 0.44538361477632277, 'lag_25': 0.9986202907445983, 'lag_26': 0.46349143584870733, 'lag_27': 0.03094002152321758, 'lag_28': 0.43043434148887905}. Best is trial 61 with value: 0.00495001720744123.
[I 2025-09-29 11:59:46,827] Trial 85 finished with value: 0.004963037423877434 and parameters: {'lag_0': 0.057103090425423775, 'lag_1': 0.40810221029680493, 'lag_2': 0.6788387929564335, 'lag_3': 0.46635261822856866, 'lag_4': 0.2559725822021516, 'lag_5': 0.877581743695159, 'lag_6': 0.5425783543481546, 'lag_7': 0.674758931464242, 'lag_8': 0.2535297403055658, 'lag_9': 0.39768774031528753, 'lag_10': 0.43243774081453756, 'lag_11': 0.0942719870852728, 'lag_12': 0.9124469814465328, 'lag_13': 0.35856591437877317, 'lag_14': 0.6866213343633589, 'lag_15': 0.4043682827683945, 'lag_16': 0.302558852651141, 'lag_17': 0.16282582481368993, 'lag_18': 0.6194828309508991, 'lag_19': 0.9308876954849717, 'lag_20': 0.341940356318578, 'lag_21': 0.7718863335886602, 'lag_22': 0.17621469289128625, 'lag_23': 0.34733341202831725, 'lag_24': 0.49735750452303445, 'lag_25': 0.9380327559975057, 'lag_26': 0.3348465032046866, 'lag_27': 0.07090010516995544, 'lag_28': 0.45418973902987503}. Best is trial 61 with value: 0.00495001720744123.
[I 2025-09-29 11:59:49,349] Trial 86 finished with value: 0.005039399317438466 and parameters: {'lag_0': 0.06606532909633031, 'lag_1': 0.2858944955766921, 'lag_2': 0.6071579157134082, 'lag_3': 0.46203872331391993, 'lag_4': 0.24209557519094213, 'lag_5': 0.8915067123173018, 'lag_6': 0.5236788777099683, 'lag_7': 0.6839100264983737, 'lag_8': 0.3734306251628624, 'lag_9': 0.3923031887358291, 'lag_10': 0.4393386780152327, 'lag_11': 0.03288242483639514, 'lag_12': 0.76530899283394, 'lag_13': 0.3101744541578095, 'lag_14': 0.7641336973147519, 'lag_15': 0.4004832491520167, 'lag_16': 0.29424703409643116, 'lag_17': 0.24728789879057939, 'lag_18': 0.6273303054465418, 'lag_19': 0.9951378963194067, 'lag_20': 0.36723161020340517, 'lag_21': 0.7373479489233995, 'lag_22': 0.06846044974566322, 'lag_23': 0.2792434946944372, 'lag_24': 0.4976189648168438, 'lag_25': 0.9500357835707995, 'lag_26': 0.325966684293883, 'lag_27': 0.19818745941802257, 'lag_28': 0.4968748900091065}. Best is trial 61 with value: 0.00495001720744123.
[I 2025-09-29 11:59:51,835] Trial 87 finished with value: 0.005054400754333474 and parameters: {'lag_0': 0.04878576438350145, 'lag_1': 0.4095353844997449, 'lag_2': 0.5686186230746254, 'lag_3': 0.6422050125688242, 'lag_4': 0.26352014891410647, 'lag_5': 0.9220314137259787, 'lag_6': 0.5515729442673168, 'lag_7': 0.6719043309833939, 'lag_8': 0.4156303256121888, 'lag_9': 0.4838518058950985, 'lag_10': 0.4134165760597037, 'lag_11': 0.0975903326136779, 'lag_12': 0.9123520932359368, 'lag_13': 0.36974157777659195, 'lag_14': 0.6664767234500918, 'lag_15': 0.4175961256473032, 'lag_16': 0.3456031355467248, 'lag_17': 0.10709331321568005, 'lag_18': 0.691515425967561, 'lag_19': 0.9499380362270343, 'lag_20': 0.3233556702227135, 'lag_21': 0.6554917416228802, 'lag_22': 0.18899240017094251, 'lag_23': 0.34426010531451345, 'lag_24': 0.3914974687112278, 'lag_25': 0.9734619694626758, 'lag_26': 0.18884834809418355, 'lag_27': 0.06892635378158674, 'lag_28': 0.458622213707521}. Best is trial 61 with value: 0.00495001720744123.
