2025-10-03 11:31:07,446 - distributed.nanny - INFO -         Start Nanny at: 'tcp://192.168.86.140:32982'
2025-10-03 11:31:08,880 - distributed.worker - INFO -       Start worker at: tcp://192.168.86.140:45608
2025-10-03 11:31:08,881 - distributed.worker - INFO -          Listening to: tcp://192.168.86.140:45608
2025-10-03 11:31:08,881 - distributed.worker - INFO -           Worker name:            SLURMCluster-19
2025-10-03 11:31:08,881 - distributed.worker - INFO -          dashboard at:       192.168.86.140:35185
2025-10-03 11:31:08,881 - distributed.worker - INFO - Waiting to connect to: tcp://192.168.86.108:45752
2025-10-03 11:31:08,881 - distributed.worker - INFO - -------------------------------------------------
2025-10-03 11:31:08,881 - distributed.worker - INFO -               Threads:                          1
2025-10-03 11:31:08,881 - distributed.worker - INFO -                Memory:                   9.31 GiB
2025-10-03 11:31:08,881 - distributed.worker - INFO -       Local Directory: /home1/zrentala/dask-worker-space/dask-scratch-space/worker-4h1aduwv
2025-10-03 11:31:08,881 - distributed.worker - INFO - -------------------------------------------------
2025-10-03 11:31:09,317 - distributed.worker - INFO - Starting Worker plugin shuffle
2025-10-03 11:31:09,318 - distributed.worker - INFO -         Registered to: tcp://192.168.86.108:45752
2025-10-03 11:31:09,318 - distributed.worker - INFO - -------------------------------------------------
2025-10-03 11:31:09,318 - distributed.core - INFO - Starting established connection to tcp://192.168.86.108:45752
[I 2025-10-03 11:31:09,418] A new study created in memory with name: no-name-804ab79b-57f0-4432-b527-733ffa10349c
[I 2025-10-03 11:31:12,183] Trial 0 finished with values: [0.010001643655489811, 0.00238285127696539, 0.000795647527036822, 0.0015297755743555685, 0.0019985568421796713, 0.0003499497997490503, 0.001729865093240528, 0.00024349817291968932, 0.00013260225937068013, 5.0859363706632095e-05, 0.00014638594403624524, 0.0001619681865482814, 0.01035356731869239, 0.05522971545239891, 0.0, 0.05630985936404583, 0.0028583379495986986, 0.0028807307485112952, 0.0005041237382439999, 0.012549633460546255, 7.135324856597053e-05, 0.0007943844865925273, 0.00031412734445581325, 0.00011241936922683338, 0.0001576010943069582, 0.0017976455409089514, 0.0006636842122257338, 0.0005045648203703684, 0.0010468798955512244] and parameters: {'lag_0': 0.19348259674501167, 'lag_1': 0.341297352041211, 'lag_2': 0.8155140825222612, 'lag_3': 0.18512176152061022, 'lag_4': 0.7409530025439462, 'lag_5': 0.6536189599139949, 'lag_6': 0.053364971231431156, 'lag_7': 0.7197426443245827, 'lag_8': 0.7982773064836419, 'lag_9': 0.40350202373841254, 'lag_10': 0.006681386157423569, 'lag_11': 0.17722634474365276, 'lag_12': 0.5753231875972632, 'lag_13': 0.36076709170617843, 'lag_14': 0.57108701131804, 'lag_15': 0.3694795473550393, 'lag_16': 0.9098397749278372, 'lag_17': 0.8606327009951609, 'lag_18': 0.4277931960557348, 'lag_19': 0.5947543340558575, 'lag_20': 0.38609562341276576, 'lag_21': 0.7181654036721739, 'lag_22': 0.2641751789513457, 'lag_23': 0.3986698283503559, 'lag_24': 0.6315583095164813, 'lag_25': 0.7088995444467993, 'lag_26': 0.04235095866355245, 'lag_27': 0.0360501328754014, 'lag_28': 0.7586284839335382}.
[I 2025-10-03 11:31:14,911] Trial 1 finished with values: [0.0024179394808765435, 0.0015760760191577607, 0.0012236109998159657, 0.0013563985076992255, 0.0008666927201307475, 0.0008409635611115526, 0.0020073621090385824, 0.00014398053173251315, 0.0006993673654590233, 0.0004269435114493689, 0.0004973994153156282, 0.0002774147192889152, 0.01100086100638018, 0.05385888559431111, 0.0, 0.06601009753610222, 0.004059508718750702, 0.002633753838442501, 0.0006339740277238493, 0.01249211844310197, 0.00013554443413199714, 0.0007690754942790777, 0.00035718747925422774, 0.0002437979831115526, 0.00032434540828644667, 0.001893470998412952, 0.0007179605988052924, 0.0009847668712157284, 0.0008188301822876706] and parameters: {'lag_0': 0.4452851876930457, 'lag_1': 0.3309614231702585, 'lag_2': 0.33342105799379956, 'lag_3': 0.3467055273999239, 'lag_4': 0.1356031131807403, 'lag_5': 0.3899929676298159, 'lag_6': 0.07046041788637013, 'lag_7': 0.22911379812418392, 'lag_8': 0.886207158900635, 'lag_9': 0.5252451304622029, 'lag_10': 0.3230551481122484, 'lag_11': 0.6373973787167186, 'lag_12': 0.5354163711542207, 'lag_13': 0.8795700179762331, 'lag_14': 0.7174506859018533, 'lag_15': 0.5389319077329505, 'lag_16': 0.5192877907451413, 'lag_17': 0.5958566439735723, 'lag_18': 0.19674878266205523, 'lag_19': 0.43983579038079473, 'lag_20': 0.17430025961971202, 'lag_21': 0.6398355832653682, 'lag_22': 0.5634652302416294, 'lag_23': 0.1961617779855817, 'lag_24': 0.4785499896989031, 'lag_25': 0.8604299003116592, 'lag_26': 0.5692381227716917, 'lag_27': 0.5879604036757952, 'lag_28': 0.29391116645187987}.
[I 2025-10-03 11:31:17,634] Trial 2 finished with values: [0.006527284681130836, 0.001085320399266524, 0.0008564373154614369, 0.0016540263947093328, 0.002791002597180239, 0.0006315448634803659, 0.002418979608053962, 0.0002738601764295656, 0.00031153331238742947, 0.00012988436061188148, 0.0003564679062297744, 0.0003322949904348446, 0.010866032245346203, 0.05752239388228211, 0.0, 0.07067456011890867, 0.00349108865901447, 0.0029032137558349775, 0.0003831405913787499, 0.012785437454475242, 0.00032296653970009754, 0.0009298154329333745, 0.000279888879696685, 8.888776911129405e-05, 0.00032800564681918244, 0.002128834879353029, 0.0012041293652618084, 0.0004781638105746503, 0.0010956507562336984] and parameters: {'lag_0': 0.0487905882508856, 'lag_1': 0.12742970811162704, 'lag_2': 0.9307510599999909, 'lag_3': 0.18742652815122918, 'lag_4': 0.9461702052712863, 'lag_5': 0.772823788165194, 'lag_6': 0.31417181477137623, 'lag_7': 0.8629158810961547, 'lag_8': 0.9306817603940435, 'lag_9': 0.20178843844366134, 'lag_10': 0.3466874558661457, 'lag_11': 0.061332702728528886, 'lag_12': 0.31111732162662564, 'lag_13': 0.6072180544083293, 'lag_14': 0.6772240221588849, 'lag_15': 0.41177070399161037, 'lag_16': 0.44427342177932544, 'lag_17': 0.2652373994795884, 'lag_18': 0.0693098111704691, 'lag_19': 0.29508037985305285, 'lag_20': 0.05199579905006825, 'lag_21': 0.6595680778890755, 'lag_22': 0.6778916596182085, 'lag_23': 0.5770059300875864, 'lag_24': 0.7110047465338531, 'lag_25': 0.90263899139657, 'lag_26': 0.035652353875844596, 'lag_27': 0.11434003911021617, 'lag_28': 0.9811026761558089}.
[I 2025-10-03 11:31:20,344] Trial 3 finished with values: [0.0026078730041434, 0.003991679850525479, 0.0007793585531968818, 0.0024203220334474617, 0.003803874166783588, 0.0022672016884224258, 0.0016270427662781947, 0.000258351536303341, 9.408081280971093e-05, 0.000303946908427974, 0.0005424979940376043, 0.000577213637171273, 0.010203144935662208, 0.055884845842990936, 0.0, 0.05717279680444197, 0.0029787926676043035, 0.002171700775659753, 0.00033710796593665104, 0.01346353296278766, 0.0003618131280813639, 0.0006720917192457887, 0.00015862766286151654, 0.0001704748293630406, 0.0002463092774297491, 0.0018965896072852568, 0.0007680356649504832, 0.0008735579511884055, 0.0007311973778856793] and parameters: {'lag_0': 0.3300175153268582, 'lag_1': 0.7526434032369795, 'lag_2': 0.9542164839927837, 'lag_3': 0.42138627637504394, 'lag_4': 0.877710938647786, 'lag_5': 0.8097801509306655, 'lag_6': 0.4318633348495057, 'lag_7': 0.7198030518367401, 'lag_8': 0.9105241477807823, 'lag_9': 0.3112476203848237, 'lag_10': 0.27705857872041867, 'lag_11': 0.0619947738291644, 'lag_12': 0.4493266418668434, 'lag_13': 0.959870089629106, 'lag_14': 0.617402251773941, 'lag_15': 0.7219568298466013, 'lag_16': 0.4289023555148032, 'lag_17': 0.9000223978982426, 'lag_18': 0.5944325221277509, 'lag_19': 0.7031631603333367, 'lag_20': 0.7577723395110167, 'lag_21': 0.6474838452413871, 'lag_22': 0.2655694523465158, 'lag_23': 0.07769354176449379, 'lag_24': 0.2811399689622915, 'lag_25': 0.11501918746489184, 'lag_26': 0.3597381414159234, 'lag_27': 0.09798762921772425, 'lag_28': 0.9433608684697219}.
[I 2025-10-03 11:31:23,063] Trial 4 finished with values: [0.003971012029620088, 0.0027628347438056304, 0.00013052988679528813, 0.001069577252811061, 0.0012299812990106097, 0.0011253757409151227, 0.0016492705427333435, 0.0005125986087933605, 0.0002882633672382225, 0.0002947919821462782, 0.0002023018829404075, 0.0005987573197533813, 0.008481928301144961, 0.05817475794532554, 0.0, 0.05514936971192751, 0.002330972954376101, 0.0026737090292860066, 0.0004688474339429067, 0.012201141690097669, 0.0001465816644877952, 0.0007763509579125653, 0.00031309906919161745, 0.0001940635236262744, 0.0001040098513935069, 0.001924226436257085, 0.0006163763474409504, 0.0007394168542940921, 0.0011284088721856178] and parameters: {'lag_0': 0.6982941326936665, 'lag_1': 0.08702974236360056, 'lag_2': 0.6991016456671776, 'lag_3': 0.5979981709510971, 'lag_4': 0.2224004792293126, 'lag_5': 0.5558383522284271, 'lag_6': 0.9742633745597523, 'lag_7': 0.37889907404206585, 'lag_8': 0.48324626680645894, 'lag_9': 0.8782295776788762, 'lag_10': 0.2922838200378539, 'lag_11': 0.24670855135062475, 'lag_12': 0.9243869575544802, 'lag_13': 0.3735800964066519, 'lag_14': 0.956669709173836, 'lag_15': 0.9272603233054875, 'lag_16': 0.4432663692485846, 'lag_17': 0.28336073010681545, 'lag_18': 0.32595245678519746, 'lag_19': 0.012254003489160444, 'lag_20': 0.4252877596702451, 'lag_21': 0.14121644990582166, 'lag_22': 0.6767878366984672, 'lag_23': 0.9155324840533056, 'lag_24': 0.6180534863275521, 'lag_25': 0.296709405715495, 'lag_26': 0.9207705655280335, 'lag_27': 0.19504610283496482, 'lag_28': 0.7789875175862018}.
[I 2025-10-03 11:31:25,771] Trial 5 finished with values: [0.002744986850756082, 0.004332625055789898, 0.0006489048778169869, 0.0017737318386606177, 0.003911329548608216, 0.00038186566012379434, 0.0037090408358462093, 0.00040422974290659175, 0.000676479124090495, 0.0005261886280333507, 0.0001413717024185912, 0.000159276072168699, 0.010296573522166196, 0.05977097427384241, 0.0, 0.05749264525851353, 0.002840582086495283, 0.003567400242746903, 0.0005373600683734889, 0.011429353967237892, 0.00012398729371175787, 0.0009868655855430186, 0.0002887758971453347, 5.1462368666476134e-05, 9.138746731343157e-05, 0.002193452559068581, 0.0007298061000215288, 0.0012095464797050488, 0.0017551339583238245] and parameters: {'lag_0': 0.8564913362673715, 'lag_1': 0.22881068980981803, 'lag_2': 0.3646828871385455, 'lag_3': 0.7920585989243066, 'lag_4': 0.06484135537103143, 'lag_5': 0.847107011794188, 'lag_6': 0.7021637260284885, 'lag_7': 0.39795245921485933, 'lag_8': 0.7011884330865501, 'lag_9': 0.9780921007734578, 'lag_10': 0.22393008340789883, 'lag_11': 0.9481105669926615, 'lag_12': 0.37838900602094144, 'lag_13': 0.009689838380166196, 'lag_14': 0.5764470829180938, 'lag_15': 0.823432225123513, 'lag_16': 0.6606997336676212, 'lag_17': 0.29726342761426033, 'lag_18': 0.4888314243440323, 'lag_19': 0.785074445929056, 'lag_20': 0.5459113004694096, 'lag_21': 0.4108365970267855, 'lag_22': 0.9085298364273201, 'lag_23': 0.21925797890755924, 'lag_24': 0.3745582917081024, 'lag_25': 0.648541223618322, 'lag_26': 0.18149595791470044, 'lag_27': 0.6362821493439502, 'lag_28': 0.5477358019591664}.
[I 2025-10-03 11:31:28,479] Trial 6 finished with values: [0.04237343852728468, 0.004987799465054609, 0.005411689112226298, 0.002043744583541961, 0.004830512455464415, 0.0004797705738815939, 0.0014406080327363925, 0.0015213513531938338, 0.00036198504408209415, 0.00034013488575104854, 0.0004126198445199737, 0.0002879145472264242, 0.011054271354559166, 0.05570584799258815, 0.0, 0.06005118579619514, 0.002601255227471462, 0.0029940864372390913, 0.0007360494274581953, 0.012084772917100275, 0.0003466886192606337, 0.0007855244572379441, 0.0003285133782872514, 9.803050046205023e-05, 0.00012488907604750243, 0.0022087588862880736, 0.0008945927939217025, 0.001088567623215092, 0.0007690339752714122] and parameters: {'lag_0': 0.9441652088799152, 'lag_1': 0.4426930678453716, 'lag_2': 0.13604103916349652, 'lag_3': 0.2028700566254181, 'lag_4': 0.4557149637497905, 'lag_5': 0.4202048748228308, 'lag_6': 0.22301312707506718, 'lag_7': 0.030523347591901045, 'lag_8': 0.28289892911091374, 'lag_9': 0.7350136920316321, 'lag_10': 0.8803633998295817, 'lag_11': 0.6055505889578583, 'lag_12': 0.7935892287898212, 'lag_13': 0.286107446896928, 'lag_14': 0.9797746664778546, 'lag_15': 0.20491119333787014, 'lag_16': 0.024863040341550798, 'lag_17': 0.2873962992160477, 'lag_18': 0.1692964325067167, 'lag_19': 0.5913459970433065, 'lag_20': 0.023103627019280457, 'lag_21': 0.08176067058318597, 'lag_22': 0.0907686281513716, 'lag_23': 0.6483810017487662, 'lag_24': 0.9006045672302276, 'lag_25': 0.6489242750342569, 'lag_26': 0.06107538785654896, 'lag_27': 0.43279046978682373, 'lag_28': 0.5168684258008686}.
[I 2025-10-03 11:31:31,191] Trial 7 finished with values: [0.013095573535133975, 0.0019429184293801832, 0.00043919825792192933, 0.001238154604932041, 0.003615863197982862, 0.00027804830739420474, 0.0027996877118068616, 0.00018247964816799214, 0.00020580188660455817, 0.00011769880933691641, 0.00016800202971575627, 0.0006723866267392866, 0.012164373957947184, 0.06161331129301486, 0.0, 0.06767416939685111, 0.0035288133877982497, 0.0035977051033063354, 0.000512035254649716, 0.013385838650523183, 0.00016781482847435186, 0.00093496461863603, 0.00015311849192093378, 0.00016919599875652992, 0.0002911182122969086, 0.0019585445815773267, 0.001314965149132734, 0.001208284958016319, 0.0008247997435611625] and parameters: {'lag_0': 0.9404615666905587, 'lag_1': 0.21553480262298508, 'lag_2': 0.08285161042058964, 'lag_3': 0.3311845361538159, 'lag_4': 0.46232988281154613, 'lag_5': 0.7170315259298061, 'lag_6': 0.6341252490142838, 'lag_7': 0.13460573190897332, 'lag_8': 0.7017352240385794, 'lag_9': 0.3719681665284781, 'lag_10': 0.5450029864318813, 'lag_11': 0.30928326316350724, 'lag_12': 0.8883153853447826, 'lag_13': 0.11310068345355134, 'lag_14': 0.5049757013332788, 'lag_15': 0.5355992559929643, 'lag_16': 0.9887101734004559, 'lag_17': 0.4803585981253201, 'lag_18': 0.022111954821993438, 'lag_19': 0.2780083659077049, 'lag_20': 0.29381727490997184, 'lag_21': 0.287824883170827, 'lag_22': 0.7253228652529575, 'lag_23': 0.8126641240126762, 'lag_24': 0.18619980205728964, 'lag_25': 0.5117018333654528, 'lag_26': 0.21911945918973916, 'lag_27': 0.5387931700035842, 'lag_28': 0.4311321263949011}.
[I 2025-10-03 11:31:33,908] Trial 8 finished with values: [0.002819782306961794, 0.0021937207275401285, 0.001482780938691687, 0.0015813917074078271, 0.004604667088031702, 0.0012375543667005108, 0.0033208401545593022, 0.0006257218285088181, 7.698583527806821e-05, 8.274919474487165e-05, 9.621147090356812e-05, 0.001026624472742718, 0.009241307616409167, 0.06411551078774787, 0.0, 0.06269316859310023, 0.00370467684337735, 0.00241891410282746, 0.0005507887059549154, 0.01404319431278589, 0.00028113605857113, 0.0007928526219320369, 0.00013534949185891758, 0.00018755181180869998, 0.0002141062752632063, 0.002054823849143445, 0.0013411144456805188, 0.0007590919026529404, 0.001644225591393271] and parameters: {'lag_0': 0.9270930250200216, 'lag_1': 0.8549944619427886, 'lag_2': 0.03751210636682074, 'lag_3': 0.014047303644320774, 'lag_4': 0.48966353518368677, 'lag_5': 0.7232443850615227, 'lag_6': 0.824928069384538, 'lag_7': 0.11444805610289326, 'lag_8': 0.3226349152806277, 'lag_9': 0.9785740013319078, 'lag_10': 0.0699493428168149, 'lag_11': 0.7183202902434694, 'lag_12': 0.23811708304677673, 'lag_13': 0.8989011263983808, 'lag_14': 0.7756905317925454, 'lag_15': 0.7280749811969236, 'lag_16': 0.8804143791161554, 'lag_17': 0.7954432892863385, 'lag_18': 0.3027824311561428, 'lag_19': 0.12237446386871863, 'lag_20': 0.4070763865229951, 'lag_21': 0.4727485826788813, 'lag_22': 0.9636180853207428, 'lag_23': 0.9688874610861375, 'lag_24': 0.0016289399333556357, 'lag_25': 0.09072864819328989, 'lag_26': 0.2219241656903597, 'lag_27': 0.637449428262888, 'lag_28': 0.002235947824384991}.
[I 2025-10-03 11:31:36,619] Trial 9 finished with values: [0.01000164365548981, 0.0006431689878219719, 0.0015567608345315803, 0.003832081169290777, 0.0034387494201804708, 0.0006942086947103185, 0.001835920098013858, 0.00019366568173583395, 0.00023390123677539672, 0.00020595430950565057, 0.0008632501352353672, 0.0005724263049828452, 0.010661351561168559, 0.0593714139908794, 0.0, 0.06340608015031077, 0.0023083570165760596, 0.003116516322629951, 0.000542282338876762, 0.013596317229437892, 0.000345933097301475, 0.001220647847274725, 0.0003976809294015668, 0.00014555237781491782, 0.00029033432088554774, 0.002610540800654771, 0.0011836632620353662, 0.0010246212647041114, 0.0010284512516739782] and parameters: {'lag_0': 0.12822052433887052, 'lag_1': 0.3835775588434783, 'lag_2': 0.041645581061628426, 'lag_3': 0.14734269784445192, 'lag_4': 0.4256988906183302, 'lag_5': 0.3311419894469982, 'lag_6': 0.3939163766907485, 'lag_7': 0.26335380938620656, 'lag_8': 0.9765356049949154, 'lag_9': 0.9501293133823978, 'lag_10': 0.5601755685003578, 'lag_11': 0.8575793663815056, 'lag_12': 0.11910811596168167, 'lag_13': 0.9448600129715893, 'lag_14': 0.34061015584889687, 'lag_15': 0.3676950602794943, 'lag_16': 0.10556991097464082, 'lag_17': 0.1708192199298458, 'lag_18': 0.09050079776336846, 'lag_19': 0.010010563142525785, 'lag_20': 0.4063114635280715, 'lag_21': 0.334118538072266, 'lag_22': 0.055029953787296755, 'lag_23': 0.25144718429118207, 'lag_24': 0.6689270562382038, 'lag_25': 0.5782783665539935, 'lag_26': 0.6945076228622307, 'lag_27': 0.42533623975473656, 'lag_28': 0.7154828255515849}.
[I 2025-10-03 11:31:39,418] Trial 10 finished with values: [0.004932308229011526, 0.0023066826079075524, 0.0018720503179810763, 0.0013597763383994988, 0.0014080733074770698, 0.001041025747825826, 0.003802006521521524, 0.0004846470012168921, 0.00018026779833407033, 0.00010561555831329605, 0.00018931681101724162, 0.0009095203598035069, 0.012899193483010964, 0.05805727784846672, 0.0, 0.05848034223598293, 0.0025765110774278624, 0.002541075610956188, 0.0004068306209296527, 0.013572271209488332, 0.00040494757386351716, 0.001202204913476158, 0.0003342902966960202, 0.00010239394829685664, 0.0002241084709257789, 0.0017981757555700548, 0.0008078233841551906, 0.001359560615772503, 0.001162429740842079] and parameters: {'lag_0': 0.40708847796807796, 'lag_1': 0.6329382306398055, 'lag_2': 0.20211102541635229, 'lag_3': 0.08247103562164487, 'lag_4': 0.752356523611748, 'lag_5': 0.9605180863407028, 'lag_6': 0.14317505905942118, 'lag_7': 0.34109759957740554, 'lag_8': 0.1940907898529144, 'lag_9': 0.7678837376010025, 'lag_10': 0.6077024784122943, 'lag_11': 0.8830598558424649, 'lag_12': 0.04036542577439033, 'lag_13': 0.023480761755825325, 'lag_14': 0.14708362124196878, 'lag_15': 0.08898019426880643, 'lag_16': 0.05049382493103814, 'lag_17': 0.7485715795684841, 'lag_18': 0.5933188618399589, 'lag_19': 0.41105888247668776, 'lag_20': 0.9158925110985298, 'lag_21': 0.19876192764968936, 'lag_22': 0.9464540075688305, 'lag_23': 0.4418429026707479, 'lag_24': 0.7459497985613004, 'lag_25': 0.8444599314286395, 'lag_26': 0.9784369969994586, 'lag_27': 0.37397063144539605, 'lag_28': 0.07539777948600719}.
[I 2025-10-03 11:31:42,126] Trial 11 finished with values: [0.002341149828329315, 0.004637716083388298, 0.0008198369120205145, 0.00031590296801351544, 0.006984783557497226, 0.0005809931789544861, 0.001961653967379102, 0.0005069917707099024, 0.0007458978340007078, 0.00014929212987223193, 0.00010764472001044073, 0.0007617912184163252, 0.010836996862280507, 0.06330989868367906, 0.0, 0.05629389433650994, 0.002340754769987408, 0.002506326711919707, 0.0005661173996203439, 0.013117156549144063, 0.0002906109245169558, 0.0008618805175619476, 0.00018078948712006831, 6.156442844354728e-05, 0.00018302980366396242, 0.002111118998648296, 0.0018145348029333457, 0.0015825685535070973, 0.0017126122647579897] and parameters: {'lag_0': 0.5133242613397683, 'lag_1': 0.6166520239521023, 'lag_2': 0.9172865320065096, 'lag_3': 0.464771430707841, 'lag_4': 0.8395193906910875, 'lag_5': 0.9854729808895428, 'lag_6': 0.5042898218179311, 'lag_7': 0.9823800097804863, 'lag_8': 0.36669421634342897, 'lag_9': 0.13722525483369782, 'lag_10': 0.35734453980953657, 'lag_11': 0.7066573609993275, 'lag_12': 0.7192147840181997, 'lag_13': 0.9083014777974493, 'lag_14': 0.3233063325910592, 'lag_15': 0.5390143200926693, 'lag_16': 0.9922483285288916, 'lag_17': 0.5388874666214712, 'lag_18': 0.63027339298082, 'lag_19': 0.4448947133126767, 'lag_20': 0.142711861167803, 'lag_21': 0.3164393105192969, 'lag_22': 0.07008714379876149, 'lag_23': 0.45048378100445857, 'lag_24': 0.5654021289309851, 'lag_25': 0.08142121155656251, 'lag_26': 0.5589599432917756, 'lag_27': 0.05738410780604786, 'lag_28': 0.9631139341728936}.
