[I 2025-10-03 11:35:10,694] Trial 90 finished with values: [0.004095804988662132, 0.0034697040005467273, 0.003280748166539044, 0.0019106429509719645, 0.002567290209196567, 0.00037111184666442827, 0.002653492816068079, 0.0003833210667557322, 0.00048515336310548377, 0.0018382803113780092, 0.0006993344718074567, 0.0032545533174718885, 0.007798915950680078, 0.017933286761440452, 0.0, 0.031458898931205945, 0.0022347242806501104, 0.0009234744221995102, 0.0002802877866836624, 0.0008944277448766117, 0.00017908276374509327, 0.0009566678019348719, 0.000301790242174172, 0.0002779646798442946, 0.0001264823589125717, 0.004174887361998433, 0.0005409546831660727, 0.000951522584626356, 0.0014022434252760852] and parameters: {'lag_0': 0.5440853054152187, 'lag_1': 0.6155159168235783, 'lag_2': 0.43178771769919694, 'lag_3': 0.07686111846434392, 'lag_4': 0.8236542097145091, 'lag_5': 0.2520497057660723, 'lag_6': 0.5005776586968668, 'lag_7': 0.10602270744601577, 'lag_8': 0.9733548649398183, 'lag_9': 0.19812335392568264, 'lag_10': 0.24253661167022994, 'lag_11': 0.29942649302766533, 'lag_12': 0.04869306732181341, 'lag_13': 0.820042627954335, 'lag_14': 0.16047733922376764, 'lag_15': 0.027974715308088826, 'lag_16': 0.4475931789653207, 'lag_17': 0.9778458369292606, 'lag_18': 0.5539834605228025, 'lag_19': 0.37432550790532126, 'lag_20': 0.5480044545001614, 'lag_21': 0.13577349511468972, 'lag_22': 0.7174635171733078, 'lag_23': 0.3533294725345259, 'lag_24': 0.7734776905990304, 'lag_25': 0.028619319044458913, 'lag_26': 0.7983741498100924, 'lag_27': 0.6481648052237619, 'lag_28': 0.5945139611257022}.
[I 2025-10-03 11:35:13,333] Trial 91 finished with values: [0.0015518824609733702, 0.0018427109386090954, 0.001399926957519445, 0.0013568215567207405, 0.0020192483980236123, 7.911814487204094e-05, 0.0007963914131933304, 0.0012558217097587262, 0.00037330912938910484, 0.001801650440301151, 0.0002758274690573108, 0.005601771630355317, 0.008549184122633781, 0.017370852824105158, 0.0, 0.03354433017687221, 0.0024611012328151697, 0.0005053017285180535, 5.179460529460823e-05, 0.0018476137956160564, 0.00025496355258602867, 0.00045738250490635625, 0.0010435804365261203, 0.0003815652735916292, 0.00013312121589055152, 0.0036287089121293456, 0.00018586384828063262, 0.0014143506613935187, 0.0008622017003458739] and parameters: {'lag_0': 0.36803012301987115, 'lag_1': 0.8219794594350196, 'lag_2': 0.3280405635096361, 'lag_3': 0.5851755102867724, 'lag_4': 0.48973070527417106, 'lag_5': 0.040027152077157464, 'lag_6': 0.22882055051122638, 'lag_7': 0.941630441822053, 'lag_8': 0.9757910362289423, 'lag_9': 0.943077475912859, 'lag_10': 0.5025223668549215, 'lag_11': 0.24477382150323407, 'lag_12': 0.16426637777475392, 'lag_13': 0.002082045414541521, 'lag_14': 0.6806153109558405, 'lag_15': 0.5026258138245991, 'lag_16': 0.021405852063146647, 'lag_17': 0.5961517322206246, 'lag_18': 0.015487268841483668, 'lag_19': 0.9196195661915014, 'lag_20': 0.3179621202843722, 'lag_21': 0.5280734500146854, 'lag_22': 0.3320813349571362, 'lag_23': 0.097126097164853, 'lag_24': 0.9186475262310131, 'lag_25': 0.9701841995157023, 'lag_26': 0.4555204362843261, 'lag_27': 0.5387752510697745, 'lag_28': 0.8606676349009215}.
[I 2025-10-03 11:35:15,971] Trial 92 finished with values: [0.007111111111111112, 0.0066793484224965715, 0.0032145622028264534, 0.0011176049714698472, 0.0005110906674992907, 0.00015453824637425118, 0.0021543472100404616, 0.0005500029511708041, 0.00020426890106469992, 0.0012952448393703543, 0.00017625584454526315, 0.0041417639002289145, 0.00825487320498557, 0.018502811655499392, 0.0, 0.03382350194031344, 0.0022528880205047335, 0.0005794667560707021, 0.00015704080314160688, 0.0011908954036567764, 5.8248783086503264e-05, 0.0007398063627073236, 0.0010096732658063184, 0.0002729866467979979, 0.00019029462810408565, 0.00432554860355463, 0.000324899004616862, 0.0007448589075536611, 0.001717933714014555] and parameters: {'lag_0': 0.5611113796301976, 'lag_1': 0.46155179261666157, 'lag_2': 0.2231098029496395, 'lag_3': 0.31302996761618496, 'lag_4': 0.536584809022422, 'lag_5': 0.8238996263487305, 'lag_6': 0.11837506400516999, 'lag_7': 0.5080013848760563, 'lag_8': 0.797230553171378, 'lag_9': 0.08302127561788633, 'lag_10': 0.8721661345356687, 'lag_11': 0.8846525128202561, 'lag_12': 0.6321330404432843, 'lag_13': 0.8375131385756233, 'lag_14': 0.2787880939589969, 'lag_15': 0.6621831819817231, 'lag_16': 0.38396008352439104, 'lag_17': 0.8188433116241254, 'lag_18': 0.3295972415831877, 'lag_19': 0.3011098004445551, 'lag_20': 0.4470147584252901, 'lag_21': 0.8264520678068001, 'lag_22': 0.7347644434158892, 'lag_23': 0.7004579692341343, 'lag_24': 0.06237953546642213, 'lag_25': 0.2684365604842289, 'lag_26': 0.06954007454134914, 'lag_27': 0.03113333053738353, 'lag_28': 0.20734520327647754}.
[I 2025-10-03 11:35:18,611] Trial 93 finished with values: [0.0020987654320987655, 0.0029464600655076845, 0.0033929438359133653, 0.0010564623745800393, 0.0005465312931537497, 0.0005409967159344363, 0.002006994565562678, 0.0005999541520680354, 0.00021056500530702767, 0.0014380179191913404, 0.0002718535000250009, 0.00469829089457438, 0.008200324011271598, 0.017307362501442217, 0.0, 0.03037154361561195, 0.00299476221680038, 0.0004470655378920639, 9.358609551894105e-05, 0.0012084031360190249, 5.6158567816737544e-05, 0.0009389311020345017, 0.00044252955915811737, 0.00014152125896928257, 0.00011066868784115311, 0.005592301811236378, 0.000392852455008365, 0.0007381500286558585, 0.0019778946420382177] and parameters: {'lag_0': 0.5747846184452083, 'lag_1': 0.4399524059080743, 'lag_2': 0.5114768480255381, 'lag_3': 0.7729086228886285, 'lag_4': 0.45480921869662944, 'lag_5': 0.49024527983960015, 'lag_6': 0.8364822970274897, 'lag_7': 0.6764591132807013, 'lag_8': 0.11897968179989649, 'lag_9': 0.30036288296487507, 'lag_10': 0.5831970065899634, 'lag_11': 0.3389240871198165, 'lag_12': 0.5756378511889083, 'lag_13': 0.9702279803076914, 'lag_14': 0.2787880939589969, 'lag_15': 0.5794598799499957, 'lag_16': 0.9626573883347913, 'lag_17': 0.1870301686543207, 'lag_18': 0.002537032319134101, 'lag_19': 0.13165120697608865, 'lag_20': 0.4470147584252901, 'lag_21': 0.8015746245418128, 'lag_22': 0.3266403930267405, 'lag_23': 0.01239888264530317, 'lag_24': 0.6990745486539106, 'lag_25': 0.2684365604842289, 'lag_26': 0.11355400780225973, 'lag_27': 0.24788963275843987, 'lag_28': 0.20734520327647754}.
[I 2025-10-03 11:35:21,245] Trial 94 finished with values: [0.001388888888888889, 0.004055996800397206, 0.0020330730055595782, 0.0007415318996220828, 0.0002071922853013506, 0.000618596112424787, 0.0014626684676316308, 0.001247192703590569, 0.00021795023817684734, 0.0018409240354402459, 0.00033411530080787916, 0.004185667225242777, 0.007406830703676107, 0.02060610883261276, 0.0, 0.04246635400845504, 0.0013865589099276434, 0.00040777690971378, 0.00030704425057075026, 0.00204553873714448, 7.912291616491206e-05, 0.0010838604844320232, 0.0004088592458291306, 0.00024366853197399152, 0.0005028108302524778, 0.0034671357470605194, 0.0005504298307405976, 0.0019304950187270804, 0.004221781682257431] and parameters: {'lag_0': 0.1356595095363263, 'lag_1': 0.201044933062513, 'lag_2': 0.2873641277143713, 'lag_3': 0.15872007755364348, 'lag_4': 0.13022782633930025, 'lag_5': 0.4251907980475404, 'lag_6': 0.7301978011219995, 'lag_7': 0.8716545261777026, 'lag_8': 0.6879426357002558, 'lag_9': 0.138593425064481, 'lag_10': 0.6720906132095651, 'lag_11': 0.755574134259889, 'lag_12': 0.5302195675656446, 'lag_13': 0.21812167650095018, 'lag_14': 0.6895451879855776, 'lag_15': 0.90986233216674, 'lag_16': 0.9507099887668828, 'lag_17': 0.0645898758427041, 'lag_18': 0.10394018878386932, 'lag_19': 0.29044405345052016, 'lag_20': 0.31083818661751483, 'lag_21': 0.6135318225561726, 'lag_22': 0.4277591269271885, 'lag_23': 0.6619701741596576, 'lag_24': 0.8166268591991707, 'lag_25': 0.0837033076090369, 'lag_26': 0.8649207064329351, 'lag_27': 0.06742452398432125, 'lag_28': 0.47941504934611046}.
[I 2025-10-03 11:35:23,877] Trial 95 finished with values: [0.0032879818594104306, 0.005168785615371166, 0.0033436108768576307, 0.0013156030310999443, 0.0004693260033273774, 0.0002484983485191452, 0.0017499014662510695, 0.0007385369230327377, 0.00045097609836580765, 0.0015440297609087509, 0.0003588728831108586, 0.0042842611728174185, 0.0066641735810860055, 0.01838757920733612, 0.0, 0.03306417268727742, 0.0029960328811734307, 0.0009218082197943999, 0.0003065307949308741, 0.0013041789991517345, 0.00013554328863754606, 0.0009225563564999496, 0.0009019034168420094, 0.0002608339871425192, 0.00018639423416885135, 0.0043049421185420355, 6.468900756896816e-05, 0.0008611312808475905, 0.002108727030227691] and parameters: {'lag_0': 0.7341185214678716, 'lag_1': 0.6720874088244838, 'lag_2': 0.5349572805585705, 'lag_3': 0.849518430962818, 'lag_4': 0.28921184674409817, 'lag_5': 0.32948730267887844, 'lag_6': 0.40695016046866894, 'lag_7': 0.911879464700606, 'lag_8': 0.833590080072387, 'lag_9': 0.29702442413937474, 'lag_10': 0.6195614348149034, 'lag_11': 0.3814251992183312, 'lag_12': 0.6051953039063598, 'lag_13': 0.38987988182486, 'lag_14': 0.20830152391907683, 'lag_15': 0.7595345911563669, 'lag_16': 0.15449534983248397, 'lag_17': 0.628413074465022, 'lag_18': 0.03953999245474385, 'lag_19': 0.29408527098489057, 'lag_20': 0.5422140077554898, 'lag_21': 0.507326806236077, 'lag_22': 0.2583138197418779, 'lag_23': 0.6656621131087508, 'lag_24': 0.17776403551871306, 'lag_25': 0.3240311739873021, 'lag_26': 0.141562938196849, 'lag_27': 0.48016290051915156, 'lag_28': 0.543194574380606}.
[I 2025-10-03 11:35:26,514] Trial 96 finished with values: [0.0011111111111111111, 0.000992773390424216, 0.005047779114203032, 0.0014899166156453919, 0.0003383829183831747, 0.0003432141389443963, 0.0020477451529049306, 0.00041727912349389003, 0.0006191207745411484, 0.0005680763548291792, 0.0003282311378537706, 0.004643612852896293, 0.009036577023215205, 0.01728571651544169, 0.0, 0.03468364847749834, 0.002925939704915171, 0.00047973184524793746, 0.00031858021209045897, 0.0016439208737268208, 0.00015170923586503262, 0.00071959617655222, 0.00047231406810877604, 0.0001397544910558483, 0.00017428215260474237, 0.004586560281067398, 0.0001538091868792224, 0.00046720042792619846, 0.0007437453734283212] and parameters: {'lag_0': 0.22302656771196766, 'lag_1': 0.36843358591361636, 'lag_2': 0.2873641277143713, 'lag_3': 0.8842542755802332, 'lag_4': 0.25247872625767925, 'lag_5': 0.33132365861299945, 'lag_6': 0.12265769552173815, 'lag_7': 0.48765491582802334, 'lag_8': 0.019395789138978856, 'lag_9': 0.11848857152442299, 'lag_10': 0.3094008351707014, 'lag_11': 0.755574134259889, 'lag_12': 0.5302195675656446, 'lag_13': 0.7502582269015428, 'lag_14': 0.6895451879855776, 'lag_15': 0.15971383708514697, 'lag_16': 0.9507099887668828, 'lag_17': 0.34547790145296714, 'lag_18': 0.10394018878386932, 'lag_19': 0.5510579973113024, 'lag_20': 0.9469292429769611, 'lag_21': 0.6999027107793708, 'lag_22': 0.9321276373945985, 'lag_23': 0.7943260795596099, 'lag_24': 0.6809319864422935, 'lag_25': 0.13558743877075866, 'lag_26': 0.6987996724358919, 'lag_27': 0.83733477613541, 'lag_28': 0.4530218237384146}.
[I 2025-10-03 11:35:29,150] Trial 97 finished with values: [0.0015518824609733702, 0.0036122591918917473, 0.002456173930115365, 0.0010273544686093307, 0.0010045075567086813, 0.0005219866845683195, 0.0020152309856007757, 0.000740179456200229, 0.0005927123965751622, 0.001989630417631658, 0.0007467341594822082, 0.004078329331657107, 0.007488141750422483, 0.01813995183020323, 0.0, 0.03413681520628638, 0.002477031855799348, 0.0006925461585073284, 0.0005018132318697999, 0.0013377951600871394, 3.36775638226422e-05, 0.0010721580800918526, 0.0007284945255592263, 0.0001266353133927781, 0.0003206264473517866, 0.005059101967396582, 0.00036670360714218556, 0.0010120438836793547, 0.0018238962096071016] and parameters: {'lag_0': 0.1356595095363263, 'lag_1': 0.35071423449947503, 'lag_2': 0.8147805816071597, 'lag_3': 0.15872007755364348, 'lag_4': 0.9651649918070192, 'lag_5': 0.6535022574954926, 'lag_6': 0.6889345805641537, 'lag_7': 0.8716545261777026, 'lag_8': 0.4635574118195175, 'lag_9': 0.7547929985793204, 'lag_10': 0.5959272767589683, 'lag_11': 0.4470051227240801, 'lag_12': 0.5982829831729837, 'lag_13': 0.21812167650095018, 'lag_14': 0.2264716258238488, 'lag_15': 0.9477070700082688, 'lag_16': 0.40796331302706945, 'lag_17': 0.19922277683603368, 'lag_18': 0.31725833739379894, 'lag_19': 0.614806619746875, 'lag_20': 0.8141446114860452, 'lag_21': 0.6135318225561726, 'lag_22': 0.04251881687500384, 'lag_23': 0.6619701741596576, 'lag_24': 0.8166268591991707, 'lag_25': 0.4725242005365566, 'lag_26': 0.8649207064329351, 'lag_27': 0.06235964609915083, 'lag_28': 0.35388258880402246}.
[I 2025-10-03 11:35:31,782] Trial 98 finished with values: [0.0011111111111111111, 0.0025764268491624684, 0.004021815244770905, 0.0007975137743750167, 0.00039640903478373657, 0.0006717005193878135, 0.0012091426953065453, 0.0008607870695135203, 0.0005086336710894421, 0.001699088851549769, 0.00027357231882280125, 0.003517569596561325, 0.00790821527103383, 0.01735154708149304, 0.0, 0.03476876555437938, 0.0021038632320317463, 0.00036294812379049064, 0.0002157176837859575, 0.001711049974561975, 8.448360749122964e-05, 0.0011168594754039887, 0.000659742411952571, 0.00021784113574038695, 0.00022065072395185885, 0.003535823861369571, 0.00033140946989388114, 0.0008682755543740395, 0.001701224002623206] and parameters: {'lag_0': 0.8791307563988364, 'lag_1': 0.15490270650072083, 'lag_2': 0.6733747236896171, 'lag_3': 0.16801829361809523, 'lag_4': 0.9651649918070192, 'lag_5': 0.6535022574954926, 'lag_6': 0.6889345805641537, 'lag_7': 0.5690552363977477, 'lag_8': 0.2996513535145002, 'lag_9': 0.7547929985793204, 'lag_10': 0.7748936092319116, 'lag_11': 0.6553139488850536, 'lag_12': 0.9563661097045423, 'lag_13': 0.9417132148332558, 'lag_14': 0.8874726776345185, 'lag_15': 0.9477070700082688, 'lag_16': 0.733937723452774, 'lag_17': 0.395435101889406, 'lag_18': 0.2766993603714649, 'lag_19': 0.31799038748453873, 'lag_20': 0.7911092758586081, 'lag_21': 0.3732992132541322, 'lag_22': 0.04251881687500384, 'lag_23': 0.34398158715065785, 'lag_24': 0.17955596219931777, 'lag_25': 0.4725242005365566, 'lag_26': 0.9221538206900367, 'lag_27': 0.06235964609915083, 'lag_28': 0.4370075927449442}.
[I 2025-10-03 11:35:34,416] Trial 99 finished with values: [0.0011111111111111111, 0.0013959190672153635, 0.003149789452908198, 0.0009446229123712081, 0.0014435322728873178, 0.0003076411696508515, 0.0017638452428802257, 0.0008936835843241997, 0.00012734107864188486, 0.0013790020647202435, 0.000921346989621942, 0.003924193211859239, 0.007111706687190428, 0.017926040849628885, 0.0, 0.037533232862263996, 0.0023809537795653293, 0.0003180061336731042, 0.0003853190944314438, 0.0018754883577807436, 3.62329225027283e-05, 0.0006071640289410858, 0.0009269790212065905, 0.0001234288572154288, 0.00028527341882026824, 0.004159681648554045, 0.0003979300774107165, 0.0019393394831553762, 0.001259285689577984] and parameters: {'lag_0': 0.6358655440184113, 'lag_1': 0.1535583743582026, 'lag_2': 0.4479387202391577, 'lag_3': 0.63460187084346, 'lag_4': 0.0829863949173395, 'lag_5': 0.7867153201750358, 'lag_6': 0.4579928666527948, 'lag_7': 0.520802764213432, 'lag_8': 0.6066596446735593, 'lag_9': 0.44490689341272277, 'lag_10': 0.8528185081206606, 'lag_11': 0.9951926841390829, 'lag_12': 0.294895026253914, 'lag_13': 0.6897821424053583, 'lag_14': 0.646917627458529, 'lag_15': 0.24217950214983844, 'lag_16': 0.692133365848497, 'lag_17': 0.6472588662324563, 'lag_18': 0.39838985243183084, 'lag_19': 0.6714216951739177, 'lag_20': 0.7942249442515322, 'lag_21': 0.46265754643393475, 'lag_22': 0.4098344245116272, 'lag_23': 0.4953712075475548, 'lag_24': 0.8157637546266177, 'lag_25': 0.24809972383477347, 'lag_26': 0.3845562693828063, 'lag_27': 0.8712364809407337, 'lag_28': 0.24538659866617585}.
[I 2025-10-03 11:35:34,428] A new study created in memory with name: no-name-d9da78db-c2e9-4574-9b50-2b7fd3233816
[I 2025-10-03 11:35:37,056] Trial 0 finished with values: [0.00865332612222823, 0.0023911518347335776, 0.0015109114104957556, 0.0006022642093180991, 0.0009772891501810392, 0.001320029450431413, 0.00017555078262506977, 0.0003869144708827414, 0.0023209015920919555, 0.001476766657636508, 0.00017694028212608277, 0.00037263253053130435, 0.00259451880815765, 0.029686090869636743, 0.0, 0.017510007056747108, 0.0014719444290380082, 0.00035431547638275156, 0.0002991577004295641, 0.0019168588351373052, 0.006205750965570282, 0.004748044256706473, 0.000569219669809857, 0.00197048077130118, 0.00035586626040363283, 0.0013296352371594028, 0.0004699887842950375, 0.0007298796350172422, 0.0] and parameters: {'lag_0': 0.7255449233397323, 'lag_1': 0.7012603910006244, 'lag_2': 0.9952182537855341, 'lag_3': 0.8571657217206708, 'lag_4': 0.9144498571818434, 'lag_5': 0.2129856429177163, 'lag_6': 0.08358674243698903, 'lag_7': 0.8945650729730006, 'lag_8': 0.46076095606522066, 'lag_9': 0.36388698997645863, 'lag_10': 0.3880746280913967, 'lag_11': 0.957427869008373, 'lag_12': 0.7309571159930676, 'lag_13': 0.4456722559428749, 'lag_14': 0.7893788958373231, 'lag_15': 0.1737807632041509, 'lag_16': 0.464709455130762, 'lag_17': 0.5540455756700722, 'lag_18': 0.9726823496239511, 'lag_19': 0.924418743674139, 'lag_20': 0.4660576888306177, 'lag_21': 0.03782449694199514, 'lag_22': 0.1432462012257851, 'lag_23': 0.09997617966208, 'lag_24': 0.1999415432116589, 'lag_25': 0.36503490700736424, 'lag_26': 0.3439368367675767, 'lag_27': 0.579794420677796, 'lag_28': 0.9568210758682113}.
[I 2025-10-03 11:35:39,669] Trial 1 finished with values: [0.005220509584760531, 0.004354069869698854, 0.0008298442797925101, 0.0011506539110696268, 0.002709873181398605, 0.0010229303192435999, 0.00012008362238499849, 0.00021086372076984842, 0.002022420123734825, 0.0004102835358221274, 0.0007177824895095437, 0.00030270459986208605, 0.0024650271870782976, 0.030099348594091236, 0.0, 0.019794528786673912, 0.002166320517971274, 0.000683341141342697, 0.0001235609143147122, 0.0033222320438023615, 0.007881886344553442, 0.006340934251445898, 0.00014279314143732209, 0.0024297359995597645, 0.00034696169608225413, 0.0011064446608300396, 0.0004944355205802541, 0.0024628961886328645, 0.0012132866210501536] and parameters: {'lag_0': 0.39775038922858913, 'lag_1': 0.3805402220455158, 'lag_2': 0.8515061471040138, 'lag_3': 0.44102334469427823, 'lag_4': 0.5930076770117862, 'lag_5': 0.2876438445323248, 'lag_6': 0.12041747966010455, 'lag_7': 0.6076745855966287, 'lag_8': 0.4405830712414338, 'lag_9': 0.2152247941589361, 'lag_10': 0.35027668393304223, 'lag_11': 0.7998414813244036, 'lag_12': 0.27463085782619867, 'lag_13': 0.8715782629028891, 'lag_14': 0.16313467177263236, 'lag_15': 0.421592368280437, 'lag_16': 0.8109602966555961, 'lag_17': 0.21911372586630795, 'lag_18': 0.11625064711687724, 'lag_19': 0.20657105260759892, 'lag_20': 0.5507892445281749, 'lag_21': 0.8183698272577299, 'lag_22': 0.6838818137363913, 'lag_23': 0.4733346661926982, 'lag_24': 0.47458487748252964, 'lag_25': 0.32755125369431415, 'lag_26': 0.3071628964941943, 'lag_27': 0.08752075940912404, 'lag_28': 0.4941467177760534}.
[I 2025-10-03 11:35:42,286] Trial 2 finished with values: [0.016807216446661187, 0.0031739734179726245, 0.0009228050323460872, 0.0017154062297443698, 0.001869312576001188, 0.0003559696523629965, 0.0007364334976739912, 0.00028849693231719606, 0.00227956800171365, 0.0009017414929567714, 4.643880404733287e-05, 0.000323380803614378, 0.00254283089480193, 0.029098307913632864, 0.0, 0.015949365969655974, 0.003344924063581482, 0.000673915548722664, 0.00019271833011780707, 0.0024190536121664703, 0.005851428225438631, 0.006205184376333141, 0.00043246411675645896, 0.001181214513658111, 0.0007179939260707693, 0.0024744443386050504, 0.00044575584859825096, 0.0020710241899442546, 0.0011523402425303293] and parameters: {'lag_0': 0.13538194998556247, 'lag_1': 0.7176680856844152, 'lag_2': 0.7822203848903398, 'lag_3': 0.8085960060035805, 'lag_4': 0.6674984290775535, 'lag_5': 0.9153769936521488, 'lag_6': 0.21184325027081438, 'lag_7': 0.4706419047123954, 'lag_8': 0.9068158776873116, 'lag_9': 0.2945376394928086, 'lag_10': 0.18050643785356285, 'lag_11': 0.1107906528472892, 'lag_12': 0.6791031906309808, 'lag_13': 0.5632862978824238, 'lag_14': 0.8451499509227605, 'lag_15': 0.15462443770702028, 'lag_16': 0.8910938789951269, 'lag_17': 0.0609549126217485, 'lag_18': 0.5194547626678414, 'lag_19': 0.8526608283890674, 'lag_20': 0.2515313656121698, 'lag_21': 0.2413050125596704, 'lag_22': 0.15738908049789876, 'lag_23': 0.9341717461850794, 'lag_24': 0.35808601279468516, 'lag_25': 0.4212165086786522, 'lag_26': 0.7192651483576912, 'lag_27': 0.42076595095624636, 'lag_28': 0.3094989671938408}.
