2025-09-29 11:52:00,126 - distributed.nanny - INFO -         Start Nanny at: 'tcp://192.168.86.108:33530'
2025-09-29 11:52:01,557 - distributed.worker - INFO -       Start worker at: tcp://192.168.86.108:40569
2025-09-29 11:52:01,557 - distributed.worker - INFO -          Listening to: tcp://192.168.86.108:40569
2025-09-29 11:52:01,557 - distributed.worker - INFO -           Worker name:            SLURMCluster-18
2025-09-29 11:52:01,557 - distributed.worker - INFO -          dashboard at:       192.168.86.108:43411
2025-09-29 11:52:01,558 - distributed.worker - INFO - Waiting to connect to: tcp://192.168.86.101:45699
2025-09-29 11:52:01,558 - distributed.worker - INFO - -------------------------------------------------
2025-09-29 11:52:01,558 - distributed.worker - INFO -               Threads:                          1
2025-09-29 11:52:01,558 - distributed.worker - INFO -                Memory:                   9.31 GiB
2025-09-29 11:52:01,558 - distributed.worker - INFO -       Local Directory: /home1/zrentala/dask-worker-space/dask-scratch-space/worker-fan_vbce
2025-09-29 11:52:01,558 - distributed.worker - INFO - -------------------------------------------------
2025-09-29 11:52:01,842 - distributed.worker - INFO - Starting Worker plugin shuffle
2025-09-29 11:52:01,843 - distributed.worker - INFO -         Registered to: tcp://192.168.86.101:45699
2025-09-29 11:52:01,843 - distributed.worker - INFO - -------------------------------------------------
2025-09-29 11:52:01,843 - distributed.core - INFO - Starting established connection to tcp://192.168.86.101:45699
[I 2025-09-29 11:52:01,919] A new study created in memory with name: no-name-667bd5e9-56fe-4396-8c45-3c90f789a1d9
[I 2025-09-29 11:52:04,200] Trial 0 finished with value: 0.007286797131275521 and parameters: {'lag_0': 0.6407688722598524, 'lag_1': 0.9358451376906327, 'lag_2': 0.5206046072370875, 'lag_3': 0.9711833097162949, 'lag_4': 0.20776187271406593, 'lag_5': 0.5687336557854898, 'lag_6': 0.5702544756459391, 'lag_7': 0.38147510721106537, 'lag_8': 0.12174181122322847, 'lag_9': 0.1344913121578799, 'lag_10': 0.8161253873313702, 'lag_11': 0.17744871620389094, 'lag_12': 0.4162286184770792, 'lag_13': 0.6075728503163242, 'lag_14': 0.8181881755242006, 'lag_15': 0.4532095647811512, 'lag_16': 0.8961042173706136, 'lag_17': 0.6715312204893796, 'lag_18': 0.29014586915642127, 'lag_19': 0.5558924364404282, 'lag_20': 0.6136931873369167, 'lag_21': 0.8646777281099622, 'lag_22': 0.9296049115428445, 'lag_23': 0.9493796952366983, 'lag_24': 0.6811525126608, 'lag_25': 0.42551110523807845, 'lag_26': 0.18176272255248377, 'lag_27': 0.738376411050872, 'lag_28': 0.665146113616373}. Best is trial 0 with value: 0.007286797131275521.
[I 2025-09-29 11:52:06,456] Trial 1 finished with value: 0.007147133003345336 and parameters: {'lag_0': 0.914419331979765, 'lag_1': 0.37937533850326294, 'lag_2': 0.06601105166625498, 'lag_3': 0.05547183640662531, 'lag_4': 0.8562426377516854, 'lag_5': 0.3374747879698984, 'lag_6': 0.815410964124942, 'lag_7': 0.7602688614560751, 'lag_8': 0.4200549309664616, 'lag_9': 0.11642416305552035, 'lag_10': 0.8456282656857582, 'lag_11': 0.9236590111805701, 'lag_12': 0.3382456605599839, 'lag_13': 0.3192176198692667, 'lag_14': 0.8513868793436372, 'lag_15': 0.6464991361295295, 'lag_16': 0.2938545724800205, 'lag_17': 0.057759137731267216, 'lag_18': 0.27272319944397777, 'lag_19': 0.33024777768147495, 'lag_20': 0.10580224329014176, 'lag_21': 0.19730666464301827, 'lag_22': 0.7339307460801031, 'lag_23': 0.9285880796489828, 'lag_24': 0.6627586990604563, 'lag_25': 0.8361535490010694, 'lag_26': 0.2153648884650651, 'lag_27': 0.6298833033579859, 'lag_28': 0.022241598304742476}. Best is trial 1 with value: 0.007147133003345336.
[I 2025-09-29 11:52:08,700] Trial 2 finished with value: 0.0072922748120741124 and parameters: {'lag_0': 0.18232291136848747, 'lag_1': 0.5210349911367709, 'lag_2': 0.2081637379821958, 'lag_3': 0.23514679123358975, 'lag_4': 0.8790293154776936, 'lag_5': 0.7436846819686697, 'lag_6': 0.5599862814510561, 'lag_7': 0.599649138640483, 'lag_8': 0.8949543717047335, 'lag_9': 0.0582718283190356, 'lag_10': 0.35507589894398095, 'lag_11': 0.3266788056388544, 'lag_12': 0.12729697509360807, 'lag_13': 0.9579775461861391, 'lag_14': 0.5802123113318514, 'lag_15': 0.05747502314687254, 'lag_16': 0.8911217277599867, 'lag_17': 0.5169753190099405, 'lag_18': 0.22872573211529476, 'lag_19': 0.41648740422787245, 'lag_20': 0.6660163836430865, 'lag_21': 0.3589807030836395, 'lag_22': 0.5467717792459819, 'lag_23': 0.7661075927227241, 'lag_24': 0.0459198435899673, 'lag_25': 0.7768568121366183, 'lag_26': 0.02111306628542585, 'lag_27': 0.5949043355777776, 'lag_28': 0.28079062544965916}. Best is trial 1 with value: 0.007147133003345336.
[I 2025-09-29 11:52:10,946] Trial 3 finished with value: 0.007145703566365949 and parameters: {'lag_0': 0.5573955820939335, 'lag_1': 0.8539950852713155, 'lag_2': 0.8159347749074409, 'lag_3': 0.7472642719167092, 'lag_4': 0.6143552586593997, 'lag_5': 0.40711790618006166, 'lag_6': 0.3237837581612063, 'lag_7': 0.8424044660943132, 'lag_8': 0.6464670354935741, 'lag_9': 0.5150826329061059, 'lag_10': 0.6199767159887075, 'lag_11': 0.857582584450413, 'lag_12': 0.9320478095195975, 'lag_13': 0.7592695964331262, 'lag_14': 0.04895700907557791, 'lag_15': 0.5216615387560706, 'lag_16': 0.2518650309430204, 'lag_17': 0.10936649753224789, 'lag_18': 0.4283585646717173, 'lag_19': 0.7979901698255489, 'lag_20': 0.7457211200813724, 'lag_21': 0.03655353932405198, 'lag_22': 0.5266781483775912, 'lag_23': 0.969786568770553, 'lag_24': 0.7089824317210374, 'lag_25': 0.22106424660414964, 'lag_26': 0.26065435196404085, 'lag_27': 0.09358654483726837, 'lag_28': 0.04040105223219731}. Best is trial 3 with value: 0.007145703566365949.
[I 2025-09-29 11:52:13,188] Trial 4 finished with value: 0.007285310171407276 and parameters: {'lag_0': 0.8398564283454025, 'lag_1': 0.6359979555748757, 'lag_2': 0.274464803296409, 'lag_3': 0.8286605638306002, 'lag_4': 0.05649405494382925, 'lag_5': 0.90514708727807, 'lag_6': 0.34846639857254286, 'lag_7': 0.6722912740524347, 'lag_8': 0.7220187433541997, 'lag_9': 0.752534649925832, 'lag_10': 0.3531494150518166, 'lag_11': 0.027007149070244898, 'lag_12': 0.9666366974706959, 'lag_13': 0.5745556758948486, 'lag_14': 0.5680721126469969, 'lag_15': 0.6469281630847445, 'lag_16': 0.9178297386924243, 'lag_17': 0.3931988216942804, 'lag_18': 0.5056392644083976, 'lag_19': 0.3099127439550402, 'lag_20': 0.7262779627885048, 'lag_21': 0.8955240856793762, 'lag_22': 0.6794464727861127, 'lag_23': 0.2785664475834609, 'lag_24': 0.20818194808092574, 'lag_25': 0.4438160324088745, 'lag_26': 0.7263857503007032, 'lag_27': 0.7824008951818977, 'lag_28': 0.8826400166307622}. Best is trial 3 with value: 0.007145703566365949.
[I 2025-09-29 11:52:15,438] Trial 5 finished with value: 0.007293705033763765 and parameters: {'lag_0': 0.581925749847929, 'lag_1': 0.36978517280168066, 'lag_2': 0.4495029768092851, 'lag_3': 0.757004267097186, 'lag_4': 0.7700917977241621, 'lag_5': 0.5754567293968624, 'lag_6': 0.25412916360284926, 'lag_7': 0.8663650267076027, 'lag_8': 0.2535099447362742, 'lag_9': 0.04831825345907461, 'lag_10': 0.9542822937634646, 'lag_11': 0.6083765844055965, 'lag_12': 0.12058975492927859, 'lag_13': 0.39559141656253527, 'lag_14': 0.9243007977701109, 'lag_15': 0.308094994812919, 'lag_16': 0.5636512417953438, 'lag_17': 0.4739569549036848, 'lag_18': 0.010051336459163578, 'lag_19': 0.42310252556363165, 'lag_20': 0.6306842805735533, 'lag_21': 0.0696124335974496, 'lag_22': 0.9744371253653826, 'lag_23': 0.6882202078939877, 'lag_24': 0.5809281778826413, 'lag_25': 0.04247428868155201, 'lag_26': 0.02011945138882778, 'lag_27': 0.6532207478021661, 'lag_28': 0.7778773958587822}. Best is trial 3 with value: 0.007145703566365949.
[I 2025-09-29 11:52:17,680] Trial 6 finished with value: 0.0071332335205033254 and parameters: {'lag_0': 0.9630755172175943, 'lag_1': 0.22104381601691592, 'lag_2': 0.637421544005575, 'lag_3': 0.9916807914876647, 'lag_4': 0.9558732457347593, 'lag_5': 0.32817436808524336, 'lag_6': 0.3885858993159891, 'lag_7': 0.021911926511046835, 'lag_8': 0.36292532328014965, 'lag_9': 0.39298459316406176, 'lag_10': 0.17157032833602015, 'lag_11': 0.2691696600428999, 'lag_12': 0.6885885439285797, 'lag_13': 0.6069723173892755, 'lag_14': 0.4839493117299852, 'lag_15': 0.4925575828595381, 'lag_16': 0.4633313285715043, 'lag_17': 0.30153983478885676, 'lag_18': 0.008981516356801512, 'lag_19': 0.22268072495742944, 'lag_20': 0.7280742910856354, 'lag_21': 0.7545968637804081, 'lag_22': 0.24465149061380756, 'lag_23': 0.764931537654211, 'lag_24': 0.19179744772738916, 'lag_25': 0.7093599871702577, 'lag_26': 0.5489890163166321, 'lag_27': 0.6729269452562777, 'lag_28': 0.47259243383180594}. Best is trial 6 with value: 0.0071332335205033254.
[I 2025-09-29 11:52:19,923] Trial 7 finished with value: 0.007420081527459333 and parameters: {'lag_0': 0.08658036584523036, 'lag_1': 0.10443975662488382, 'lag_2': 0.9655389833769809, 'lag_3': 0.6436991395187924, 'lag_4': 0.6956436541023278, 'lag_5': 0.36028676747145405, 'lag_6': 0.44974735778121566, 'lag_7': 0.7357219929212255, 'lag_8': 0.9377826840812039, 'lag_9': 0.19731476301887643, 'lag_10': 0.231034882353899, 'lag_11': 0.9137045221031894, 'lag_12': 0.5926511359187997, 'lag_13': 0.30172678770179334, 'lag_14': 0.14456597791472972, 'lag_15': 0.5337705694270418, 'lag_16': 0.16050270369102662, 'lag_17': 0.8559017991074739, 'lag_18': 0.08850549475870355, 'lag_19': 0.660037704538502, 'lag_20': 0.6300404179271654, 'lag_21': 0.6224727490744297, 'lag_22': 0.2570400720195472, 'lag_23': 0.5618201504825864, 'lag_24': 0.5753794858781649, 'lag_25': 0.7890468719607809, 'lag_26': 0.4219445660946495, 'lag_27': 0.0014262483727229627, 'lag_28': 0.41328196746358375}. Best is trial 6 with value: 0.0071332335205033254.
[I 2025-09-29 11:52:22,167] Trial 8 finished with value: 0.00705929766987919 and parameters: {'lag_0': 0.027775784192978447, 'lag_1': 0.8778740317183811, 'lag_2': 0.09709246772347396, 'lag_3': 0.4522296620608638, 'lag_4': 0.46245654125816266, 'lag_5': 0.8873667035485373, 'lag_6': 0.20388341297949053, 'lag_7': 0.5045561269032385, 'lag_8': 0.06617437665885248, 'lag_9': 0.9473921616031498, 'lag_10': 0.8045130916381955, 'lag_11': 0.1685113911382567, 'lag_12': 0.42977052623614187, 'lag_13': 0.47410425821624613, 'lag_14': 0.7524074592099541, 'lag_15': 0.06910546429155884, 'lag_16': 0.5655583568826901, 'lag_17': 0.8699142970553491, 'lag_18': 0.2896727172957744, 'lag_19': 0.48284003630181943, 'lag_20': 0.23504538764028, 'lag_21': 0.7139351406227724, 'lag_22': 0.7350871078982777, 'lag_23': 0.8118047763993719, 'lag_24': 0.686621703867167, 'lag_25': 0.5114636354845403, 'lag_26': 0.09946617188071824, 'lag_27': 0.3717427904181187, 'lag_28': 0.02203496247969115}. Best is trial 8 with value: 0.00705929766987919.
[I 2025-09-29 11:52:24,411] Trial 9 finished with value: 0.007106986242227638 and parameters: {'lag_0': 0.2480237277960989, 'lag_1': 0.5816706916770625, 'lag_2': 0.8355888980095395, 'lag_3': 0.3296425461558041, 'lag_4': 0.12379770728019003, 'lag_5': 0.517847214123722, 'lag_6': 0.8878809483710972, 'lag_7': 0.3602251474769109, 'lag_8': 0.2989440800650902, 'lag_9': 0.2044096351770599, 'lag_10': 0.10820528960217285, 'lag_11': 0.500640727665663, 'lag_12': 0.22806281316387222, 'lag_13': 0.5493300961009434, 'lag_14': 0.2665094487136947, 'lag_15': 0.40143838539689924, 'lag_16': 0.20795148016768158, 'lag_17': 0.9812639450656334, 'lag_18': 0.24668449234297032, 'lag_19': 0.037199353704703834, 'lag_20': 0.3999131619506532, 'lag_21': 0.6838431230117087, 'lag_22': 0.4898991522579672, 'lag_23': 0.6603946988227041, 'lag_24': 0.21530127169910326, 'lag_25': 0.5636343405283882, 'lag_26': 0.5818446925302143, 'lag_27': 0.31974524343606037, 'lag_28': 0.053826565377328835}. Best is trial 8 with value: 0.00705929766987919.
[I 2025-09-29 11:52:26,715] Trial 10 finished with value: 0.007258743097126164 and parameters: {'lag_0': 0.34888704246788155, 'lag_1': 0.774965415373577, 'lag_2': 0.01632079494536398, 'lag_3': 0.503411181262319, 'lag_4': 0.3586206846778156, 'lag_5': 0.08664671744645203, 'lag_6': 0.025440498982411325, 'lag_7': 0.14125712971433696, 'lag_8': 0.007048726915529602, 'lag_9': 0.9903446296365357, 'lag_10': 0.6477029640723933, 'lag_11': 0.037078696606654526, 'lag_12': 0.7429676892611907, 'lag_13': 0.00467888441530484, 'lag_14': 0.7172554427991937, 'lag_15': 0.9840400726046403, 'lag_16': 0.6641037995726811, 'lag_17': 0.7713397985639991, 'lag_18': 0.8275549994606746, 'lag_19': 0.9260563306153242, 'lag_20': 0.2332642663323463, 'lag_21': 0.4459696968467973, 'lag_22': 0.013011980225011488, 'lag_23': 0.005237888626134557, 'lag_24': 0.9482550292419119, 'lag_25': 0.9816629578941407, 'lag_26': 0.8514462332890694, 'lag_27': 0.3619361932217955, 'lag_28': 0.24762749142156}. Best is trial 8 with value: 0.00705929766987919.
[I 2025-09-29 11:52:29,017] Trial 11 finished with value: 0.007367493548862729 and parameters: {'lag_0': 0.011077646796445906, 'lag_1': 0.7041639359191304, 'lag_2': 0.7563854881816849, 'lag_3': 0.3184688601561081, 'lag_4': 0.4262604300683466, 'lag_5': 0.9526850009502391, 'lag_6': 0.9124845133308501, 'lag_7': 0.39108135736451033, 'lag_8': 0.1900614874757136, 'lag_9': 0.3997369667220181, 'lag_10': 0.01402883052747228, 'lag_11': 0.5298251327307524, 'lag_12': 0.2688613847464413, 'lag_13': 0.08212195137126538, 'lag_14': 0.2959394359675208, 'lag_15': 0.0219126841330146, 'lag_16': 0.061271046414652364, 'lag_17': 0.9997578097606374, 'lag_18': 0.6144771020146728, 'lag_19': 0.009712768158998856, 'lag_20': 0.3472184219756636, 'lag_21': 0.6310090273004613, 'lag_22': 0.7571661448977394, 'lag_23': 0.4537298239335783, 'lag_24': 0.36109434025292775, 'lag_25': 0.5704827684595404, 'lag_26': 0.5693353578376543, 'lag_27': 0.3697745062687395, 'lag_28': 0.16904202983291003}. Best is trial 8 with value: 0.00705929766987919.
[I 2025-09-29 11:52:31,395] Trial 12 finished with value: 0.007150833477365386 and parameters: {'lag_0': 0.26397549390660013, 'lag_1': 0.9731948911333648, 'lag_2': 0.9854104206627925, 'lag_3': 0.4135805514263754, 'lag_4': 0.019438781668268346, 'lag_5': 0.7427198873862096, 'lag_6': 0.7302938407007067, 'lag_7': 0.3070689382745399, 'lag_8': 0.007831975908155764, 'lag_9': 0.9914912427731584, 'lag_10': 0.5452467298559188, 'lag_11': 0.6948135405522908, 'lag_12': 0.2559179777016041, 'lag_13': 0.7878951037675184, 'lag_14': 0.326352602643947, 'lag_15': 0.21588381324869355, 'lag_16': 0.41384372796167657, 'lag_17': 0.9605540436836534, 'lag_18': 0.42074901807225684, 'lag_19': 0.06394755246280369, 'lag_20': 0.9735942915625964, 'lag_21': 0.9953634410794916, 'lag_22': 0.33223964318206706, 'lag_23': 0.5353617067281364, 'lag_24': 0.8936321028659078, 'lag_25': 0.3244302320325719, 'lag_26': 0.9803407232608936, 'lag_27': 0.2734907772425095, 'lag_28': 0.1389886478474823}. Best is trial 8 with value: 0.00705929766987919.
[I 2025-09-29 11:52:33,693] Trial 13 finished with value: 0.007078205405367316 and parameters: {'lag_0': 0.3761330900077413, 'lag_1': 0.6034348407778758, 'lag_2': 0.35794961189592084, 'lag_3': 0.16837668516490062, 'lag_4': 0.2620312104863342, 'lag_5': 0.107996436579952, 'lag_6': 0.1284886564467343, 'lag_7': 0.5094597143715057, 'lag_8': 0.3101935908730109, 'lag_9': 0.7759627210458249, 'lag_10': 0.03557969756235857, 'lag_11': 0.4027251187794285, 'lag_12': 0.014744799820238269, 'lag_13': 0.42842711345734413, 'lag_14': 0.361549431581342, 'lag_15': 0.23249573738908252, 'lag_16': 0.6844160691395932, 'lag_17': 0.6684029873261217, 'lag_18': 0.6643336549457778, 'lag_19': 0.1610195875752675, 'lag_20': 0.40385572580410145, 'lag_21': 0.6420595046137756, 'lag_22': 0.3919853091826848, 'lag_23': 0.6750767945195923, 'lag_24': 0.4477915097422065, 'lag_25': 0.6020201073119499, 'lag_26': 0.3593063425134145, 'lag_27': 0.2107154931546065, 'lag_28': 0.34221381190688327}. Best is trial 8 with value: 0.00705929766987919.
[I 2025-09-29 11:52:35,994] Trial 14 finished with value: 0.007029674103239446 and parameters: {'lag_0': 0.4025931600665748, 'lag_1': 0.8003550361445171, 'lag_2': 0.2944028885587126, 'lag_3': 0.004644246073477576, 'lag_4': 0.3144308103452928, 'lag_5': 0.0010739590149362321, 'lag_6': 0.10747244729244132, 'lag_7': 0.5131861765765623, 'lag_8': 0.5435148645483759, 'lag_9': 0.7896725724498207, 'lag_10': 0.7464636836680775, 'lag_11': 0.35221479686679585, 'lag_12': 0.011612084659192445, 'lag_13': 0.17946309119994505, 'lag_14': 0.4383292231104979, 'lag_15': 0.1851001949224459, 'lag_16': 0.6632952017074752, 'lag_17': 0.6619033482054052, 'lag_18': 0.7192901130492544, 'lag_19': 0.18132711758516257, 'lag_20': 0.030952421759417315, 'lag_21': 0.4557961105037477, 'lag_22': 0.4139641876003232, 'lag_23': 0.8206163817462453, 'lag_24': 0.41195707671657084, 'lag_25': 0.6143470283963347, 'lag_26': 0.38208412765050814, 'lag_27': 0.19341794760205389, 'lag_28': 0.3702689469044355}. Best is trial 14 with value: 0.007029674103239446.
[I 2025-09-29 11:52:38,303] Trial 15 finished with value: 0.007122858691913174 and parameters: {'lag_0': 0.716089973860794, 'lag_1': 0.8482618321190558, 'lag_2': 0.16348370819064076, 'lag_3': 0.07483519203650435, 'lag_4': 0.5664179430591669, 'lag_5': 0.16599828343656314, 'lag_6': 0.18981910234312294, 'lag_7': 0.5222369583793854, 'lag_8': 0.5643843858215619, 'lag_9': 0.7779789793805028, 'lag_10': 0.7527857365847148, 'lag_11': 0.19622966214318366, 'lag_12': 0.46890507047880103, 'lag_13': 0.15915333123136022, 'lag_14': 0.694367103368988, 'lag_15': 0.13197298583618736, 'lag_16': 0.7422393287934382, 'lag_17': 0.6575014135646774, 'lag_18': 0.9953099036121325, 'lag_19': 0.5969760941141217, 'lag_20': 0.03307292004833781, 'lag_21': 0.3816315472577556, 'lag_22': 0.09719937607315804, 'lag_23': 0.8434254189191155, 'lag_24': 0.846440637511042, 'lag_25': 0.3388229448700829, 'lag_26': 0.12764040068894467, 'lag_27': 0.46852270474627067, 'lag_28': 0.5955257909839954}. Best is trial 14 with value: 0.007029674103239446.
[I 2025-09-29 11:52:40,622] Trial 16 finished with value: 0.007265348095797782 and parameters: {'lag_0': 0.44073429311993984, 'lag_1': 0.7487939523275748, 'lag_2': 0.3467406770294389, 'lag_3': 0.5225019807545114, 'lag_4': 0.4524113314116348, 'lag_5': 0.735449379737759, 'lag_6': 0.0056067461508695765, 'lag_7': 0.9856075291850468, 'lag_8': 0.4764597296047225, 'lag_9': 0.638123956261562, 'lag_10': 0.9570840884522029, 'lag_11': 0.38175181225572397, 'lag_12': 0.011554582934614865, 'lag_13': 0.21254423036126707, 'lag_14': 0.9869576120987763, 'lag_15': 0.13763654809227616, 'lag_16': 0.5743867971402254, 'lag_17': 0.8247198340454144, 'lag_18': 0.7611465393263382, 'lag_19': 0.20253697646376578, 'lag_20': 0.19779590800789074, 'lag_21': 0.2759421637262365, 'lag_22': 0.8693224932265452, 'lag_23': 0.37725629288845314, 'lag_24': 0.3966946033418027, 'lag_25': 0.682354017902944, 'lag_26': 0.350501700023875, 'lag_27': 0.1588858997060298, 'lag_28': 0.5701144328059811}. Best is trial 14 with value: 0.007029674103239446.
[I 2025-09-29 11:52:42,935] Trial 17 finished with value: 0.00740929710855979 and parameters: {'lag_0': 0.1202237221990537, 'lag_1': 0.8731287584028036, 'lag_2': 0.12107574372374669, 'lag_3': 0.015193614710070975, 'lag_4': 0.2981750193883559, 'lag_5': 0.233029612487257, 'lag_6': 0.12790362529781835, 'lag_7': 0.21840794630120575, 'lag_8': 0.7799154964079431, 'lag_9': 0.8723479295954094, 'lag_10': 0.7128837600359973, 'lag_11': 0.18886035518984146, 'lag_12': 0.6014577034467613, 'lag_13': 0.2302763511122865, 'lag_14': 0.49554393187512147, 'lag_15': 0.3119271779420551, 'lag_16': 0.7940586917060151, 'lag_17': 0.544825388969816, 'lag_18': 0.9772369910248628, 'lag_19': 0.7918067547052332, 'lag_20': 0.021367200748856896, 'lag_21': 0.524427503587894, 'lag_22': 0.632714623199771, 'lag_23': 0.19817907536381207, 'lag_24': 0.7988205690639383, 'lag_25': 0.9173520475257975, 'lag_26': 0.1080644903736457, 'lag_27': 0.9816148161363301, 'lag_28': 0.9706994968365612}. Best is trial 14 with value: 0.007029674103239446.
[I 2025-09-29 11:52:45,234] Trial 18 finished with value: 0.007340059835741907 and parameters: {'lag_0': 0.004650754271396974, 'lag_1': 0.44782465059530185, 'lag_2': 0.25437297988740715, 'lag_3': 0.6070949139852302, 'lag_4': 0.524923903050301, 'lag_5': 0.019912108494040237, 'lag_6': 0.2357890675308304, 'lag_7': 0.6069012084240909, 'lag_8': 0.5647130223077023, 'lag_9': 0.626487645987576, 'lag_10': 0.4437476101377469, 'lag_11': 0.10918381342207154, 'lag_12': 0.8159487704811046, 'lag_13': 0.7463701164974315, 'lag_14': 0.7158344907703866, 'lag_15': 0.9356510934093527, 'lag_16': 0.38075733120686844, 'lag_17': 0.7624763692250477, 'lag_18': 0.5758727305384889, 'lag_19': 0.46783066539756724, 'lag_20': 0.21068067271926266, 'lag_21': 0.5106515020060481, 'lag_22': 0.8189189581605698, 'lag_23': 0.8036551121054784, 'lag_24': 0.5217000328891647, 'lag_25': 0.1742001450157108, 'lag_26': 0.682068943033033, 'lag_27': 0.4703820350537502, 'lag_28': 0.38103832235363144}. Best is trial 14 with value: 0.007029674103239446.
