[I 2025-09-29 11:59:20,982] Trial 88 finished with value: 0.002689254626785712 and parameters: {'lag_0': 0.8859585256346092, 'lag_1': 0.708002914131268, 'lag_2': 0.4070674299677388, 'lag_3': 0.07035741987005757, 'lag_4': 0.46929562016632675, 'lag_5': 0.3438059498840956, 'lag_6': 0.16932733705288291, 'lag_7': 0.6917404086317004, 'lag_8': 0.9687347613284527, 'lag_9': 0.98681517387244, 'lag_10': 0.3134834309484907, 'lag_11': 0.8236208121222863, 'lag_12': 0.9748438708363739, 'lag_13': 0.352327635145816, 'lag_14': 0.14975856134480228, 'lag_15': 0.08276812235941261, 'lag_16': 0.27488391655367966, 'lag_17': 0.06141434720788909, 'lag_18': 0.5061165188887733, 'lag_19': 0.8574832198233797, 'lag_20': 0.13466259938764522, 'lag_21': 0.8473335793966509, 'lag_22': 0.5021310328454218, 'lag_23': 0.7820549473177715, 'lag_24': 0.8245236208771085, 'lag_25': 0.7357875237346233, 'lag_26': 0.6677868276255121, 'lag_27': 0.974470480646707, 'lag_28': 0.6832123725932007}. Best is trial 29 with value: 0.002671463269151827.
[I 2025-09-29 11:59:23,327] Trial 89 finished with value: 0.002698434921718475 and parameters: {'lag_0': 0.8372131991025837, 'lag_1': 0.765642101455411, 'lag_2': 0.5231654062965208, 'lag_3': 0.1520038347813661, 'lag_4': 0.15694579910207904, 'lag_5': 0.27351741378830563, 'lag_6': 0.6001656393586157, 'lag_7': 0.7938842291327947, 'lag_8': 0.4313301378110174, 'lag_9': 0.2787625143791912, 'lag_10': 0.744330028853702, 'lag_11': 0.4924222864880293, 'lag_12': 0.8994342926410301, 'lag_13': 0.1190580053556528, 'lag_14': 0.0928634386281036, 'lag_15': 0.03196212916194649, 'lag_16': 0.10618876512356329, 'lag_17': 0.1266601301336949, 'lag_18': 0.6862385094797726, 'lag_19': 0.8165398561143883, 'lag_20': 0.1456230106103333, 'lag_21': 0.4047234731573122, 'lag_22': 0.599264089761844, 'lag_23': 0.8796664449448826, 'lag_24': 0.10780255983136272, 'lag_25': 0.7701883001626462, 'lag_26': 0.8501408397477123, 'lag_27': 0.2929829074522405, 'lag_28': 0.6583809919813808}. Best is trial 29 with value: 0.002671463269151827.
[I 2025-09-29 11:59:25,674] Trial 90 finished with value: 0.0027656315309361667 and parameters: {'lag_0': 0.42624155921057133, 'lag_1': 0.8517578415063878, 'lag_2': 0.6266682323090932, 'lag_3': 0.02108233955908715, 'lag_4': 0.26738156658196627, 'lag_5': 0.14184184273732658, 'lag_6': 0.5098452916533559, 'lag_7': 0.7281336373888426, 'lag_8': 0.5276220198713923, 'lag_9': 0.4255700480351866, 'lag_10': 0.7038729978647011, 'lag_11': 0.9704614437670798, 'lag_12': 0.9936339623488285, 'lag_13': 0.2889949526126661, 'lag_14': 0.8809679764309409, 'lag_15': 0.06724857813812263, 'lag_16': 0.23084389693442253, 'lag_17': 0.5432750490126765, 'lag_18': 0.8264178746486722, 'lag_19': 0.21250221132489805, 'lag_20': 0.20978754901149466, 'lag_21': 0.4848368107786777, 'lag_22': 0.44935847509205246, 'lag_23': 0.8300747411256897, 'lag_24': 0.1619978224663371, 'lag_25': 0.6715067126043253, 'lag_26': 0.7444582779008803, 'lag_27': 0.7848088117814255, 'lag_28': 0.7418437599260138}. Best is trial 29 with value: 0.002671463269151827.
[I 2025-09-29 11:59:28,019] Trial 91 finished with value: 0.0027919360700175257 and parameters: {'lag_0': 0.7749431373531513, 'lag_1': 0.6318327863031031, 'lag_2': 0.22859657867837654, 'lag_3': 0.4825043686004583, 'lag_4': 0.39846645573742046, 'lag_5': 0.5089084301240832, 'lag_6': 0.673749269451651, 'lag_7': 0.42636809239744333, 'lag_8': 0.482938988804771, 'lag_9': 0.8620924029322198, 'lag_10': 0.26443601900804836, 'lag_11': 0.9230630112835845, 'lag_12': 0.6800104092807281, 'lag_13': 0.028302651251790545, 'lag_14': 0.06822082975969354, 'lag_15': 0.536225125862, 'lag_16': 0.8444060188893483, 'lag_17': 0.236816913606136, 'lag_18': 0.5943549156451066, 'lag_19': 0.1378522015843554, 'lag_20': 0.03752685795196521, 'lag_21': 0.3850265155564924, 'lag_22': 0.6368549299658466, 'lag_23': 0.5830114173909858, 'lag_24': 0.6678195714331322, 'lag_25': 0.8800302877550388, 'lag_26': 0.8908138849810238, 'lag_27': 0.31132904943816453, 'lag_28': 0.7727609622303024}. Best is trial 29 with value: 0.002671463269151827.
[I 2025-09-29 11:59:30,363] Trial 92 finished with value: 0.0027705287189407554 and parameters: {'lag_0': 0.9990250839366102, 'lag_1': 0.5156387340662446, 'lag_2': 0.4626817264203709, 'lag_3': 0.4055304093329455, 'lag_4': 0.32900532134584504, 'lag_5': 0.4377214113588246, 'lag_6': 0.5666752143635714, 'lag_7': 0.19325570937771844, 'lag_8': 0.3822804273394224, 'lag_9': 0.7710181288687608, 'lag_10': 0.2405952444496886, 'lag_11': 0.8832404281671289, 'lag_12': 0.9354764229351247, 'lag_13': 0.06535963847534763, 'lag_14': 0.05649528621244041, 'lag_15': 0.15684288002771007, 'lag_16': 0.8767845688770102, 'lag_17': 0.2664718915343192, 'lag_18': 0.7753858871944285, 'lag_19': 0.30579654785598537, 'lag_20': 0.3297736709393254, 'lag_21': 0.5351013298609675, 'lag_22': 0.8154614290866276, 'lag_23': 0.7033863775687648, 'lag_24': 0.004814645967904749, 'lag_25': 0.8054388343577314, 'lag_26': 0.9642969907262382, 'lag_27': 0.35160416008125583, 'lag_28': 0.6204524486412932}. Best is trial 29 with value: 0.002671463269151827.
[I 2025-09-29 11:59:32,705] Trial 93 finished with value: 0.002708064109902484 and parameters: {'lag_0': 0.5296356576664343, 'lag_1': 0.6578672342827642, 'lag_2': 0.18109652921149577, 'lag_3': 0.5361068480833608, 'lag_4': 0.6397699904355442, 'lag_5': 0.5209466887840336, 'lag_6': 0.5378543056130614, 'lag_7': 0.2975103199277568, 'lag_8': 0.3527412715665382, 'lag_9': 0.8233161368998692, 'lag_10': 0.4592637098243269, 'lag_11': 0.9429317461303609, 'lag_12': 0.7903107285533972, 'lag_13': 0.16026423004492713, 'lag_14': 0.02479565616489615, 'lag_15': 0.19827034589445372, 'lag_16': 0.9040545637611009, 'lag_17': 0.19429472533765324, 'lag_18': 0.5608970269011799, 'lag_19': 0.7639527626045576, 'lag_20': 0.08914011114123438, 'lag_21': 0.24430601707341476, 'lag_22': 0.5219712435441168, 'lag_23': 0.7419466572858135, 'lag_24': 0.33782905970874244, 'lag_25': 0.8328365179113912, 'lag_26': 0.8035654120979863, 'lag_27': 0.2501636755969481, 'lag_28': 0.6992900117689417}. Best is trial 29 with value: 0.002671463269151827.
[I 2025-09-29 11:59:35,054] Trial 94 finished with value: 0.0027452407892822857 and parameters: {'lag_0': 0.6999674116819314, 'lag_1': 0.2979014419080891, 'lag_2': 0.29041725277611347, 'lag_3': 0.301634421577579, 'lag_4': 0.5215309639087504, 'lag_5': 0.3956669702620894, 'lag_6': 0.603426098539099, 'lag_7': 0.12220437971182739, 'lag_8': 0.15558031675563277, 'lag_9': 0.30036653374413236, 'lag_10': 0.362012454609447, 'lag_11': 0.9707889114370117, 'lag_12': 0.7419675151568103, 'lag_13': 0.1010885462085136, 'lag_14': 0.10525650881144533, 'lag_15': 0.5902584415275443, 'lag_16': 0.14583285879441507, 'lag_17': 0.3109874819769129, 'lag_18': 0.6145446459512326, 'lag_19': 0.13668258701749375, 'lag_20': 0.35245095603302723, 'lag_21': 0.610387799446797, 'lag_22': 0.699437978232516, 'lag_23': 0.632624694425472, 'lag_24': 0.5681940082743621, 'lag_25': 0.8525696869330713, 'lag_26': 0.9328548784322342, 'lag_27': 0.3236208576438284, 'lag_28': 0.907032918684006}. Best is trial 29 with value: 0.002671463269151827.
[I 2025-09-29 11:59:37,401] Trial 95 finished with value: 0.0026932150201341614 and parameters: {'lag_0': 0.5711585646216969, 'lag_1': 0.7191409798346646, 'lag_2': 0.934436934140135, 'lag_3': 0.6387033191855165, 'lag_4': 0.30050873166191605, 'lag_5': 0.24003564082131867, 'lag_6': 0.6993013728399564, 'lag_7': 0.9370960021595025, 'lag_8': 0.5906991646465537, 'lag_9': 0.3356399173630769, 'lag_10': 0.40065824179419224, 'lag_11': 0.8993251008119905, 'lag_12': 0.5199794788869194, 'lag_13': 0.9744867435494672, 'lag_14': 0.8117869330395248, 'lag_15': 0.059564091811935685, 'lag_16': 0.7661913789751515, 'lag_17': 0.2780714022733496, 'lag_18': 0.6524430154362632, 'lag_19': 0.40820109276578953, 'lag_20': 0.037941488831812975, 'lag_21': 0.35685513427030474, 'lag_22': 0.4348759915463569, 'lag_23': 0.5551510999310711, 'lag_24': 0.2376015798011118, 'lag_25': 0.8969173198662805, 'lag_26': 0.9924294508072077, 'lag_27': 0.22029038344766136, 'lag_28': 0.5189039162512983}. Best is trial 29 with value: 0.002671463269151827.
[I 2025-09-29 11:59:39,742] Trial 96 finished with value: 0.0027237620782546088 and parameters: {'lag_0': 0.757603671569521, 'lag_1': 0.6830836935285083, 'lag_2': 0.36513507602999223, 'lag_3': 0.08237582309364569, 'lag_4': 0.19539151416643885, 'lag_5': 0.9940089405909357, 'lag_6': 0.6319538979168076, 'lag_7': 0.5439049783109453, 'lag_8': 0.699747603175029, 'lag_9': 0.9006154829079275, 'lag_10': 0.49310666552900195, 'lag_11': 0.6185921191588084, 'lag_12': 0.8922524349577126, 'lag_13': 0.002111649520468349, 'lag_14': 0.29292827551377554, 'lag_15': 0.2446610437112745, 'lag_16': 0.9807389311166993, 'lag_17': 0.07618364574730441, 'lag_18': 0.46257764456613065, 'lag_19': 0.6841217754008265, 'lag_20': 0.3004895191894416, 'lag_21': 0.07223297587805663, 'lag_22': 0.0243973020906878, 'lag_23': 0.8077834047305633, 'lag_24': 0.867005106132836, 'lag_25': 0.7992568827284143, 'lag_26': 0.8988407333673446, 'lag_27': 0.9563667013052531, 'lag_28': 0.7680871743786517}. Best is trial 29 with value: 0.002671463269151827.
[I 2025-09-29 11:59:42,085] Trial 97 finished with value: 0.002706396847271449 and parameters: {'lag_0': 0.8514503600610213, 'lag_1': 0.6120720708810724, 'lag_2': 0.260895010458833, 'lag_3': 0.4579428240109984, 'lag_4': 0.37272470253165857, 'lag_5': 0.31275004410751406, 'lag_6': 0.5756797329851688, 'lag_7': 0.09390396821604349, 'lag_8': 0.4632770502952189, 'lag_9': 0.24098928943609163, 'lag_10': 0.6544353182548429, 'lag_11': 0.9184489897822489, 'lag_12': 0.4489744976860196, 'lag_13': 0.1327211067369241, 'lag_14': 0.3778966780492894, 'lag_15': 0.9565070141408776, 'lag_16': 0.9307508818559519, 'lag_17': 0.23032564911579317, 'lag_18': 0.7165409840447307, 'lag_19': 0.26745981379746875, 'lag_20': 0.16895739811479532, 'lag_21': 0.3220940294168369, 'lag_22': 0.7280160729981031, 'lag_23': 0.6638234348446541, 'lag_24': 0.47041921897358113, 'lag_25': 0.3186003164204571, 'lag_26': 0.8301992731296565, 'lag_27': 0.28185606029428406, 'lag_28': 0.8559125005391679}. Best is trial 29 with value: 0.002671463269151827.
[I 2025-09-29 11:59:44,427] Trial 98 finished with value: 0.0027126189408310125 and parameters: {'lag_0': 0.7906137466561665, 'lag_1': 0.784983314074911, 'lag_2': 0.417063765246964, 'lag_3': 0.19873868905693365, 'lag_4': 0.5550562632369438, 'lag_5': 0.8180699648873909, 'lag_6': 0.7375701975386203, 'lag_7': 0.16417849325725187, 'lag_8': 0.9008396082078108, 'lag_9': 0.8087572037035816, 'lag_10': 0.5908047296093164, 'lag_11': 0.9926633794930504, 'lag_12': 0.828177280975446, 'lag_13': 0.23602208318884127, 'lag_14': 0.19083802083799822, 'lag_15': 0.85413787720236, 'lag_16': 0.13197329090132268, 'lag_17': 0.03319238882881656, 'lag_18': 0.00014923654877713188, 'lag_19': 0.7166405717089473, 'lag_20': 0.5606018302212727, 'lag_21': 0.1405071799536736, 'lag_22': 0.5565413963115198, 'lag_23': 0.615610663731686, 'lag_24': 0.6010847391451266, 'lag_25': 0.7618681510085044, 'lag_26': 0.8569360059827981, 'lag_27': 0.4105721911728748, 'lag_28': 0.8150710458506651}. Best is trial 29 with value: 0.002671463269151827.
[I 2025-09-29 11:59:46,764] Trial 99 finished with value: 0.0026967322401080635 and parameters: {'lag_0': 0.9609661805311646, 'lag_1': 0.5808429889659231, 'lag_2': 0.21808592439932087, 'lag_3': 0.37443086468925396, 'lag_4': 0.4362260441326855, 'lag_5': 0.6047359824593856, 'lag_6': 0.27651223275293324, 'lag_7': 0.6146461361545634, 'lag_8': 0.5349421207022003, 'lag_9': 0.7779447585421825, 'lag_10': 0.8782370209213483, 'lag_11': 0.8575943087831547, 'lag_12': 0.9631707881198743, 'lag_13': 0.26771107562605745, 'lag_14': 0.724685205431433, 'lag_15': 0.48274284158554204, 'lag_16': 0.9549422438024777, 'lag_17': 0.14318830903596055, 'lag_18': 0.10564868596070082, 'lag_19': 0.35458849568465006, 'lag_20': 0.9448655995313175, 'lag_21': 0.03143475192343015, 'lag_22': 0.6172647932684163, 'lag_23': 0.6885200218519175, 'lag_24': 0.300269251802026, 'lag_25': 0.8281362128582588, 'lag_26': 0.9525212296501848, 'lag_27': 0.43486981169420286, 'lag_28': 0.40447120604784503}. Best is trial 29 with value: 0.002671463269151827.
2025-09-29 11:59:49,489 - distributed.worker - INFO - Stopping worker at tcp://192.168.86.108:45250. Reason: scheduler-remove-worker
2025-09-29 11:59:49,493 - distributed.nanny - INFO - Closing Nanny gracefully at 'tcp://192.168.86.108:39593'. Reason: scheduler-remove-worker
2025-09-29 11:59:49,498 - distributed.nanny - INFO - Worker closed
2025-09-29 11:59:49,499 - distributed.core - INFO - Connection to tcp://192.168.86.101:45699 has been closed.
slurmstepd: error: *** JOB 3081114 ON node08 CANCELLED AT 2025-09-29T11:59:49 ***
