[I 2025-09-29 11:55:21,192] Trial 83 finished with value: 0.023339836322483445 and parameters: {'lag_0': 0.2163051224465038, 'lag_1': 0.7196053809795991, 'lag_2': 0.7698527753899482, 'lag_3': 0.8258723658474482, 'lag_4': 0.9942695845454297, 'lag_5': 0.2960116963211068, 'lag_6': 0.34525624663654786, 'lag_7': 0.41142198419570636, 'lag_8': 0.0489668192332568, 'lag_9': 0.2954113373528443, 'lag_10': 0.7406714420948736, 'lag_11': 0.08591949712328684, 'lag_12': 0.28658066728548603, 'lag_13': 0.6299870206261187, 'lag_14': 0.5468626600207095, 'lag_15': 0.5433344492626917, 'lag_16': 0.4094223202778597, 'lag_17': 0.2107355636548019, 'lag_18': 0.8298287817736203, 'lag_19': 0.8457260734293335, 'lag_20': 0.10457621534292494, 'lag_21': 0.48208615447000214, 'lag_22': 0.9334399510490488, 'lag_23': 0.19855904948797415, 'lag_24': 0.7974589690229824, 'lag_25': 0.3450877765740969, 'lag_26': 0.5861766408187704, 'lag_27': 0.40339050253168734, 'lag_28': 0.7885308817461416}. Best is trial 18 with value: 0.02288732968665783.
[I 2025-09-29 11:55:23,611] Trial 84 finished with value: 0.02336858496776795 and parameters: {'lag_0': 0.3711850428922423, 'lag_1': 0.6107997039602656, 'lag_2': 0.9145640475872919, 'lag_3': 0.7407315375673338, 'lag_4': 0.7116681506386483, 'lag_5': 0.12995146062844232, 'lag_6': 0.406932254677109, 'lag_7': 0.4689940665730108, 'lag_8': 0.31863731243823795, 'lag_9': 0.15146184122793716, 'lag_10': 0.8887739004227215, 'lag_11': 0.22480950906665284, 'lag_12': 0.13241190715190007, 'lag_13': 0.8873885717165384, 'lag_14': 0.21764043896483115, 'lag_15': 0.9973301388705749, 'lag_16': 0.5599514276493152, 'lag_17': 0.8237492875856929, 'lag_18': 0.779884261151785, 'lag_19': 0.22944055886838932, 'lag_20': 0.3699454141645291, 'lag_21': 0.41275622936246925, 'lag_22': 0.28047580055143706, 'lag_23': 0.24436997967176574, 'lag_24': 0.7586746716660003, 'lag_25': 0.2537853128833385, 'lag_26': 0.40692933860264446, 'lag_27': 0.6293202379364622, 'lag_28': 0.25281328753945675}. Best is trial 18 with value: 0.02288732968665783.
[I 2025-09-29 11:55:26,020] Trial 85 finished with value: 0.023520566191150914 and parameters: {'lag_0': 0.6924412279728545, 'lag_1': 0.8517498536101339, 'lag_2': 0.9735879259276243, 'lag_3': 0.914173903184695, 'lag_4': 0.5368372452063477, 'lag_5': 0.12474438246501618, 'lag_6': 0.4425567958758647, 'lag_7': 0.8829083765348622, 'lag_8': 0.7457196535108608, 'lag_9': 0.23261913097252765, 'lag_10': 0.1734115965205103, 'lag_11': 0.6239462336180893, 'lag_12': 0.2038040205553982, 'lag_13': 0.7017336936275377, 'lag_14': 0.6955087086559317, 'lag_15': 0.2713769158616889, 'lag_16': 0.3579628347127125, 'lag_17': 0.31210874364040286, 'lag_18': 0.8602615964978994, 'lag_19': 0.7821278013984722, 'lag_20': 0.3091780897174453, 'lag_21': 0.6072883357233552, 'lag_22': 0.6439791003803577, 'lag_23': 0.47933400445884183, 'lag_24': 0.931472712873756, 'lag_25': 0.4895320834538993, 'lag_26': 0.653480875384677, 'lag_27': 0.08455898745264574, 'lag_28': 0.7630692521666111}. Best is trial 18 with value: 0.02288732968665783.
[I 2025-09-29 11:55:28,432] Trial 86 finished with value: 0.02331053053881274 and parameters: {'lag_0': 0.26389927771548366, 'lag_1': 0.5434528671720833, 'lag_2': 0.826418168480134, 'lag_3': 0.8525998044667049, 'lag_4': 0.33935901440795957, 'lag_5': 0.16548664730008023, 'lag_6': 0.7617545213381106, 'lag_7': 0.546095852284493, 'lag_8': 0.5269463564888165, 'lag_9': 0.33434975821360047, 'lag_10': 0.6629510996583898, 'lag_11': 0.2619498008923513, 'lag_12': 0.3344178068440888, 'lag_13': 0.4478933179130739, 'lag_14': 0.9391340988944269, 'lag_15': 0.22005492079426772, 'lag_16': 0.5247607226250844, 'lag_17': 0.8849879292277436, 'lag_18': 0.022025349068968157, 'lag_19': 0.2862202523740481, 'lag_20': 0.21947317636711233, 'lag_21': 0.1343118497129549, 'lag_22': 0.4164696586437757, 'lag_23': 0.03233079494090223, 'lag_24': 0.8772854857413958, 'lag_25': 0.3135042169311519, 'lag_26': 0.6070455179040128, 'lag_27': 0.868257034113895, 'lag_28': 0.11898205586468956}. Best is trial 18 with value: 0.02288732968665783.
[I 2025-09-29 11:55:30,838] Trial 87 finished with value: 0.023171483649450698 and parameters: {'lag_0': 0.4079452120615735, 'lag_1': 0.8962118553477113, 'lag_2': 0.8742728702062922, 'lag_3': 0.9993162057089692, 'lag_4': 0.6697430039491921, 'lag_5': 0.8027736273127654, 'lag_6': 0.49154813722572444, 'lag_7': 0.9770452079814449, 'lag_8': 0.48835263880844637, 'lag_9': 0.35040893959318853, 'lag_10': 0.5564960341337815, 'lag_11': 0.3477050469786227, 'lag_12': 0.3632620635471513, 'lag_13': 0.002163880012443442, 'lag_14': 0.7325767095346121, 'lag_15': 0.5968297346224859, 'lag_16': 0.9800945633206374, 'lag_17': 0.461204543089781, 'lag_18': 0.733298467596871, 'lag_19': 0.08419160710527912, 'lag_20': 0.19307048037522662, 'lag_21': 0.46480453440807373, 'lag_22': 0.06206364335286091, 'lag_23': 0.8452603459794759, 'lag_24': 0.7234347608667041, 'lag_25': 0.4487529232071228, 'lag_26': 0.4506171664073018, 'lag_27': 0.021738726246792683, 'lag_28': 0.3263298453613201}. Best is trial 18 with value: 0.02288732968665783.
[I 2025-09-29 11:55:33,253] Trial 88 finished with value: 0.023226037181563346 and parameters: {'lag_0': 0.5655742876033156, 'lag_1': 0.6435278011271311, 'lag_2': 0.791398683289843, 'lag_3': 0.7061384965198113, 'lag_4': 0.16838154809623973, 'lag_5': 0.4669202856596493, 'lag_6': 0.3698886356856669, 'lag_7': 0.5755637377139876, 'lag_8': 0.5848022811029853, 'lag_9': 0.6851059876824679, 'lag_10': 0.2688472651683819, 'lag_11': 0.7062143231924274, 'lag_12': 0.6601201762385361, 'lag_13': 0.3710373841882332, 'lag_14': 0.3370365241503833, 'lag_15': 0.44746872211214483, 'lag_16': 0.6458681890454048, 'lag_17': 0.5133274366673299, 'lag_18': 0.9660973349871005, 'lag_19': 0.49467609215150143, 'lag_20': 0.14793992701318903, 'lag_21': 0.6766093685221409, 'lag_22': 0.8811454568016882, 'lag_23': 0.10118284757750927, 'lag_24': 0.82674267028536, 'lag_25': 0.20840966076731698, 'lag_26': 0.5634713606853589, 'lag_27': 0.23759622082891152, 'lag_28': 0.3936728260893651}. Best is trial 18 with value: 0.02288732968665783.
[I 2025-09-29 11:55:35,672] Trial 89 finished with value: 0.023379506963541036 and parameters: {'lag_0': 0.3074179330986955, 'lag_1': 0.7874717898064858, 'lag_2': 0.6751529298792929, 'lag_3': 0.6540994445913001, 'lag_4': 0.8967750103557728, 'lag_5': 0.7004123608555807, 'lag_6': 0.8005768164450737, 'lag_7': 0.7224397257315232, 'lag_8': 0.8686802944497377, 'lag_9': 0.7195107974784806, 'lag_10': 0.42457657993012976, 'lag_11': 0.44714970790314057, 'lag_12': 0.47132178999771007, 'lag_13': 0.5017454908752583, 'lag_14': 0.7790993780674699, 'lag_15': 0.8908140834885111, 'lag_16': 0.4598123394715073, 'lag_17': 0.10161145418456198, 'lag_18': 0.10128124237221287, 'lag_19': 0.3018624215202405, 'lag_20': 0.5532793403120502, 'lag_21': 0.5362640086445217, 'lag_22': 0.22424560163365048, 'lag_23': 0.7086014613212877, 'lag_24': 0.5267537366777233, 'lag_25': 0.5372473917900911, 'lag_26': 0.5121335489065048, 'lag_27': 0.9118611915494303, 'lag_28': 0.6751077062731633}. Best is trial 18 with value: 0.02288732968665783.
[I 2025-09-29 11:55:38,081] Trial 90 finished with value: 0.023308881402118363 and parameters: {'lag_0': 0.3496006120303116, 'lag_1': 0.6896469154146991, 'lag_2': 0.5763231213917752, 'lag_3': 0.9523484732425055, 'lag_4': 0.08477198439749878, 'lag_5': 0.7339882878624806, 'lag_6': 0.5885576725078208, 'lag_7': 0.7648167589828997, 'lag_8': 0.7946589229140597, 'lag_9': 0.49628677779927255, 'lag_10': 0.0004876078185459473, 'lag_11': 0.2896472660846904, 'lag_12': 0.764525016580784, 'lag_13': 0.3138060208658659, 'lag_14': 0.8362291703164124, 'lag_15': 0.8491562978336911, 'lag_16': 0.3277209286342575, 'lag_17': 0.03402068358073465, 'lag_18': 0.6305480457867224, 'lag_19': 0.9323211706958949, 'lag_20': 0.6076496839909703, 'lag_21': 0.43385503057545616, 'lag_22': 0.6815777873849027, 'lag_23': 0.16413115607112275, 'lag_24': 0.9624018868231498, 'lag_25': 0.599949663065044, 'lag_26': 0.7418931850986682, 'lag_27': 0.6726824374260462, 'lag_28': 0.0035885855353183713}. Best is trial 18 with value: 0.02288732968665783.
[I 2025-09-29 11:55:40,486] Trial 91 finished with value: 0.02312378614240097 and parameters: {'lag_0': 0.5748613116290924, 'lag_1': 0.9957986291415779, 'lag_2': 0.5397910249231834, 'lag_3': 0.9023679057184237, 'lag_4': 0.5270639267813583, 'lag_5': 0.5565224171483988, 'lag_6': 0.49935578340118375, 'lag_7': 0.7387022830699285, 'lag_8': 0.36856686963340624, 'lag_9': 0.77215799097342, 'lag_10': 0.012191024588681154, 'lag_11': 0.6705970574603085, 'lag_12': 0.2897941347574246, 'lag_13': 0.4394619763257736, 'lag_14': 0.39283551339268513, 'lag_15': 0.10558804253573686, 'lag_16': 0.4162930825242835, 'lag_17': 0.14059914457928047, 'lag_18': 0.7840832484521958, 'lag_19': 0.6087762978179652, 'lag_20': 0.5093714311899117, 'lag_21': 0.4571792201724351, 'lag_22': 0.7449738623515838, 'lag_23': 0.2781026633612787, 'lag_24': 0.6031382843534062, 'lag_25': 0.6413314852900209, 'lag_26': 0.34648235124598636, 'lag_27': 0.7472008814371369, 'lag_28': 0.20718984126178486}. Best is trial 18 with value: 0.02288732968665783.
[I 2025-09-29 11:55:42,893] Trial 92 finished with value: 0.02325232091744318 and parameters: {'lag_0': 0.6041677012688694, 'lag_1': 0.998373120034365, 'lag_2': 0.4828393409762911, 'lag_3': 0.8614238238892383, 'lag_4': 0.00035421742944569123, 'lag_5': 0.5659556211178086, 'lag_6': 0.5502059162859461, 'lag_7': 0.7372089429450873, 'lag_8': 0.43059869321691296, 'lag_9': 0.6112195402358832, 'lag_10': 0.04587859129855578, 'lag_11': 0.7781119804526732, 'lag_12': 0.2681797705086386, 'lag_13': 0.352449613216595, 'lag_14': 0.2729707833090411, 'lag_15': 0.05860681210019614, 'lag_16': 0.3641321596848798, 'lag_17': 0.170841123607534, 'lag_18': 0.8041499035452556, 'lag_19': 0.635824520995771, 'lag_20': 0.9592231834113221, 'lag_21': 0.3938854526775115, 'lag_22': 0.7332619264020608, 'lag_23': 0.21197018106219656, 'lag_24': 0.6558109129652197, 'lag_25': 0.5742425087348819, 'lag_26': 0.2613284853082628, 'lag_27': 0.7627260135612383, 'lag_28': 0.45598688170036705}. Best is trial 18 with value: 0.02288732968665783.
[I 2025-09-29 11:55:45,296] Trial 93 finished with value: 0.023524996176803047 and parameters: {'lag_0': 0.6637917055904986, 'lag_1': 0.9407434063849089, 'lag_2': 0.43126317822465493, 'lag_3': 0.8111867578008202, 'lag_4': 0.4541562613443898, 'lag_5': 0.6747103375286105, 'lag_6': 0.45634420720075686, 'lag_7': 0.8401362078796218, 'lag_8': 0.2915602587601672, 'lag_9': 0.677384401740464, 'lag_10': 0.09876723347768915, 'lag_11': 0.5373428718578891, 'lag_12': 0.23887804661964246, 'lag_13': 0.5846534897203014, 'lag_14': 0.40710985977346187, 'lag_15': 0.11920844960753585, 'lag_16': 0.295705608697468, 'lag_17': 0.2650534398146074, 'lag_18': 0.7465960025644658, 'lag_19': 0.6004509592115467, 'lag_20': 0.48365096128092644, 'lag_21': 0.6404911288331854, 'lag_22': 0.7968602452744522, 'lag_23': 0.13693666238431257, 'lag_24': 0.6036170441541019, 'lag_25': 0.6031418784793654, 'lag_26': 0.3809393854099488, 'lag_27': 0.8023012082400587, 'lag_28': 0.07372963309792924}. Best is trial 18 with value: 0.02288732968665783.
[I 2025-09-29 11:55:47,715] Trial 94 finished with value: 0.023168181769680034 and parameters: {'lag_0': 0.5082300040221434, 'lag_1': 0.9704553280359541, 'lag_2': 0.5101225843505409, 'lag_3': 0.8776155870579485, 'lag_4': 0.4033837495550611, 'lag_5': 0.527620240051004, 'lag_6': 0.5291310559821509, 'lag_7': 0.7026278315590405, 'lag_8': 0.709566402471375, 'lag_9': 0.7064588320026881, 'lag_10': 0.03000100758564174, 'lag_11': 0.5771887382751426, 'lag_12': 0.5163121649539381, 'lag_13': 0.5369593118893776, 'lag_14': 0.3692578785139761, 'lag_15': 0.12730258672653816, 'lag_16': 0.006067302188902085, 'lag_17': 0.13847436465578333, 'lag_18': 0.8240039237144031, 'lag_19': 0.6919745057752434, 'lag_20': 0.2685604082006713, 'lag_21': 0.5078577680406948, 'lag_22': 0.8335659403113764, 'lag_23': 0.19589755365122458, 'lag_24': 0.5624647753589941, 'lag_25': 0.6654759100474534, 'lag_26': 0.4301396771545246, 'lag_27': 0.7043829170387698, 'lag_28': 0.4300214150234705}. Best is trial 18 with value: 0.02288732968665783.
[I 2025-09-29 11:55:50,127] Trial 95 finished with value: 0.022888072407874306 and parameters: {'lag_0': 0.5388135747973395, 'lag_1': 0.9328343840149569, 'lag_2': 0.5541073511429071, 'lag_3': 0.9771214646339447, 'lag_4': 0.12927113103422838, 'lag_5': 0.6183181292654448, 'lag_6': 0.6664460836831737, 'lag_7': 0.7896103743444607, 'lag_8': 0.3843873256826726, 'lag_9': 0.07090045456078573, 'lag_10': 0.337381458631911, 'lag_11': 0.8386774256320668, 'lag_12': 0.3156547439289892, 'lag_13': 0.45623227156529056, 'lag_14': 0.46195439855739856, 'lag_15': 0.18700702621390775, 'lag_16': 0.4447491932712868, 'lag_17': 0.18450186810085115, 'lag_18': 0.7683769977353521, 'lag_19': 0.5420681364046798, 'lag_20': 0.0689204648778251, 'lag_21': 0.3342940813356208, 'lag_22': 0.6704434964389261, 'lag_23': 0.17021467704910664, 'lag_24': 0.36837937180878244, 'lag_25': 0.41083732403085227, 'lag_26': 0.3526183521500745, 'lag_27': 0.894415352817694, 'lag_28': 0.1940140204200352}. Best is trial 18 with value: 0.02288732968665783.
[I 2025-09-29 11:55:52,540] Trial 96 finished with value: 0.023131309588669477 and parameters: {'lag_0': 0.5450728568984097, 'lag_1': 0.12762872431495298, 'lag_2': 0.6326702853741637, 'lag_3': 0.38808270679585544, 'lag_4': 0.197240122986241, 'lag_5': 0.644976100496255, 'lag_6': 0.6600689341386549, 'lag_7': 0.7984770159090712, 'lag_8': 0.3922765793501853, 'lag_9': 0.04692551638379483, 'lag_10': 0.2573000810808017, 'lag_11': 0.9063040684963157, 'lag_12': 0.3214285806979098, 'lag_13': 0.41935410042408305, 'lag_14': 0.509492785144288, 'lag_15': 0.4949100821953631, 'lag_16': 0.6062092888406471, 'lag_17': 0.8394912361774086, 'lag_18': 0.7610925302850597, 'lag_19': 0.45874558964311885, 'lag_20': 0.07478674142031445, 'lag_21': 0.2953727934893413, 'lag_22': 0.6072840317508205, 'lag_23': 0.1662590227174582, 'lag_24': 0.36240755343364034, 'lag_25': 0.3617948855326586, 'lag_26': 0.20386912767036933, 'lag_27': 0.9449001578505551, 'lag_28': 0.11809321950734351}. Best is trial 18 with value: 0.02288732968665783.
[I 2025-09-29 11:55:54,955] Trial 97 finished with value: 0.023277252860522037 and parameters: {'lag_0': 0.6368704769680784, 'lag_1': 0.724237743289498, 'lag_2': 0.5778067639981017, 'lag_3': 0.9684971748669198, 'lag_4': 0.11923563430497158, 'lag_5': 0.34374671719114636, 'lag_6': 0.7376097671577255, 'lag_7': 0.522224257128204, 'lag_8': 0.3409761281779077, 'lag_9': 0.11865413773622448, 'lag_10': 0.3054394102124958, 'lag_11': 0.15420306143405443, 'lag_12': 0.5668291033088521, 'lag_13': 0.4650743765018472, 'lag_14': 0.6141962627059058, 'lag_15': 0.17872004513876705, 'lag_16': 0.4825126950026079, 'lag_17': 0.1837245356197062, 'lag_18': 0.33468378693513945, 'lag_19': 0.5233319590039709, 'lag_20': 0.12336011808013009, 'lag_21': 0.34278713780991654, 'lag_22': 0.6717678825122795, 'lag_23': 0.0727794571861339, 'lag_24': 0.20939458009594092, 'lag_25': 0.4192998352158664, 'lag_26': 0.47447867212394523, 'lag_27': 0.893943362678808, 'lag_28': 0.1547441026212523}. Best is trial 18 with value: 0.02288732968665783.
[I 2025-09-29 11:55:57,370] Trial 98 finished with value: 0.02357684071196719 and parameters: {'lag_0': 0.46793151275947087, 'lag_1': 0.40258698177226826, 'lag_2': 0.6962814265497362, 'lag_3': 0.7666003814145267, 'lag_4': 0.14467682673829316, 'lag_5': 0.6047549872145641, 'lag_6': 0.6970291706868358, 'lag_7': 0.6678296756304712, 'lag_8': 0.2234699505463587, 'lag_9': 0.06460086890848135, 'lag_10': 0.3320184096722108, 'lag_11': 0.8311117265087451, 'lag_12': 0.21550217943417727, 'lag_13': 0.6350093296790607, 'lag_14': 0.5735109197001391, 'lag_15': 0.2055173534338755, 'lag_16': 0.4423881392640302, 'lag_17': 0.2126984338300719, 'lag_18': 0.8489749891364584, 'lag_19': 0.1575318583352261, 'lag_20': 0.822641528617833, 'lag_21': 0.369774578462876, 'lag_22': 0.7103258791817445, 'lag_23': 0.4335864416513741, 'lag_24': 0.31228659691308214, 'lag_25': 0.39586565509842836, 'lag_26': 0.5356365778550497, 'lag_27': 0.8524397993897137, 'lag_28': 0.18161912443399222}. Best is trial 18 with value: 0.02288732968665783.
[I 2025-09-29 11:55:59,778] Trial 99 finished with value: 0.02336877315754145 and parameters: {'lag_0': 0.5247215241545402, 'lag_1': 0.9324725426790332, 'lag_2': 0.47002403553640143, 'lag_3': 0.26894622879889585, 'lag_4': 0.27536890353912574, 'lag_5': 0.31205631830398245, 'lag_6': 0.6372616677661482, 'lag_7': 0.49185899657409865, 'lag_8': 0.4614702865479908, 'lag_9': 0.4575231994640652, 'lag_10': 0.45480476372906886, 'lag_11': 0.8854372809275135, 'lag_12': 0.43465051565186547, 'lag_13': 0.489367290368143, 'lag_14': 0.47105367279208554, 'lag_15': 0.7151856049836255, 'lag_16': 0.1522169349172986, 'lag_17': 0.9239937064515774, 'lag_18': 0.6530586705772299, 'lag_19': 0.5520503720130212, 'lag_20': 0.4105764340602417, 'lag_21': 0.19498539406119592, 'lag_22': 0.5233875340619685, 'lag_23': 0.11630338023090431, 'lag_24': 0.37937316672328464, 'lag_25': 0.3720189059877985, 'lag_26': 0.3193563807738923, 'lag_27': 0.9574863535316736, 'lag_28': 0.5547072823157359}. Best is trial 18 with value: 0.02288732968665783.
[I 2025-09-29 11:55:59,791] A new study created in memory with name: no-name-5916c6d6-c3bf-4a3b-8895-4cc10503029a
[I 2025-09-29 11:56:02,172] Trial 0 finished with value: 0.011797640994475894 and parameters: {'lag_0': 0.8642725213789373, 'lag_1': 0.9938030081258488, 'lag_2': 0.554905747626206, 'lag_3': 0.3405588653298923, 'lag_4': 0.5794898959785664, 'lag_5': 0.32264807879186835, 'lag_6': 0.40056040287653744, 'lag_7': 0.42520381269767615, 'lag_8': 0.8110230710097487, 'lag_9': 0.8937130054257921, 'lag_10': 0.3802058316707975, 'lag_11': 0.6908686821036298, 'lag_12': 0.6989844067373691, 'lag_13': 0.4120952717830759, 'lag_14': 0.8996955410042692, 'lag_15': 0.16985757433338444, 'lag_16': 0.2867382473969197, 'lag_17': 0.12545710410988611, 'lag_18': 0.12689168663017666, 'lag_19': 0.012275017596972585, 'lag_20': 0.996331718731452, 'lag_21': 0.6751828987461705, 'lag_22': 0.07927934047036239, 'lag_23': 0.833849655630858, 'lag_24': 0.2799574407769765, 'lag_25': 0.1708140510928363, 'lag_26': 0.593494564646632, 'lag_27': 0.38240662622583904, 'lag_28': 0.3532258790153484}. Best is trial 0 with value: 0.011797640994475894.
[I 2025-09-29 11:56:04,538] Trial 1 finished with value: 0.011948586788366787 and parameters: {'lag_0': 0.17099630142534505, 'lag_1': 0.7769014177139275, 'lag_2': 0.024110083135257303, 'lag_3': 0.5220868775032558, 'lag_4': 0.8772075135706399, 'lag_5': 0.20963310369346702, 'lag_6': 0.1820374923728922, 'lag_7': 0.7785549643614831, 'lag_8': 0.4085909132648403, 'lag_9': 0.7862202841369205, 'lag_10': 0.24758922380879597, 'lag_11': 0.9411379425029026, 'lag_12': 0.28210343252036335, 'lag_13': 0.09317898311546229, 'lag_14': 0.2859484663039508, 'lag_15': 0.5278451806680308, 'lag_16': 0.9392532687497938, 'lag_17': 0.9825323222421206, 'lag_18': 0.15578339666254865, 'lag_19': 0.7323424695979804, 'lag_20': 0.5413897376384202, 'lag_21': 0.7444281208845746, 'lag_22': 0.31170339617927806, 'lag_23': 0.6461456795762232, 'lag_24': 0.07758600275964299, 'lag_25': 0.33182913245386547, 'lag_26': 0.6379481435025083, 'lag_27': 0.8374328989532813, 'lag_28': 0.4133759507503956}. Best is trial 0 with value: 0.011797640994475894.
[I 2025-09-29 11:56:06,910] Trial 2 finished with value: 0.012169722000840707 and parameters: {'lag_0': 0.32562326264025265, 'lag_1': 0.4067952660461805, 'lag_2': 0.9351201803818169, 'lag_3': 0.21044405558582288, 'lag_4': 0.18960083739285113, 'lag_5': 0.5485424953429681, 'lag_6': 0.5253331112217481, 'lag_7': 0.9234394585192798, 'lag_8': 0.6506579599035676, 'lag_9': 0.4153747262846361, 'lag_10': 0.9289286569645167, 'lag_11': 0.2883710444485495, 'lag_12': 0.31116700443797213, 'lag_13': 0.892257847082809, 'lag_14': 0.9325042366140732, 'lag_15': 0.8766073825387108, 'lag_16': 0.5681771016465916, 'lag_17': 0.4477374202980488, 'lag_18': 0.2926239828588216, 'lag_19': 0.3813124221460697, 'lag_20': 0.9184679813383804, 'lag_21': 0.2778435202438461, 'lag_22': 0.2880981921793375, 'lag_23': 0.8551221566254136, 'lag_24': 0.16413719516650865, 'lag_25': 0.7602937382382081, 'lag_26': 0.23152933161316983, 'lag_27': 0.13496095179042, 'lag_28': 0.862836961846977}. Best is trial 0 with value: 0.011797640994475894.
[I 2025-09-29 11:56:09,274] Trial 3 finished with value: 0.0119348152671051 and parameters: {'lag_0': 0.04603757766709948, 'lag_1': 0.11636797275212855, 'lag_2': 0.6896630434276, 'lag_3': 0.6922546969014061, 'lag_4': 0.7328361145271874, 'lag_5': 0.5162853301329603, 'lag_6': 0.6319530699490234, 'lag_7': 0.8880857773005143, 'lag_8': 0.1798394572433681, 'lag_9': 0.7491671185612641, 'lag_10': 0.27008063060883714, 'lag_11': 0.4395985441315303, 'lag_12': 0.609898364843415, 'lag_13': 0.9213050726381652, 'lag_14': 0.08759994504040639, 'lag_15': 0.6305330537642392, 'lag_16': 0.673744054455819, 'lag_17': 0.9855062168334575, 'lag_18': 0.9215917801546152, 'lag_19': 0.3730271728046687, 'lag_20': 0.7973458569593742, 'lag_21': 0.754892252990815, 'lag_22': 0.025351127229878347, 'lag_23': 0.41896267196298, 'lag_24': 0.4582370013191767, 'lag_25': 0.2881444867401185, 'lag_26': 0.21397549030767024, 'lag_27': 0.5063623697629418, 'lag_28': 0.2447321242168564}. Best is trial 0 with value: 0.011797640994475894.
